LUA_PATH=/home/mdcallag/git/mytools/bench/sysbench.lua/lua/?.lua /home/mdcallag/git/mytools/bench/sysbench.lua/lua/sysbench --db-driver=pgsql --range-size=1000 --table-size=10000000 --tables=8 --threads=40 --events=0 --warmup-time=5 --time=630 --pgsql_conn_id=true /home/mdcallag/git/mytools/bench/sysbench.lua/lua/oltp_read_only.lua run --pgsql-user=root --pgsql-password=pw --pgsql-host=127.0.0.1 --pgsql-db=ib --rand-type=uniform --simple-ranges=1 --sum-ranges=0 --order-ranges=0 --distinct-ranges=0
48 CPUs
sysbench 1.1.0-9072687 (using bundled LuaJIT 2.1.0-beta3)

Running the test with following options:
Number of threads: 40
Warmup time: 5s
Initializing random number generator from current time


Initializing worker threads...

explain: for point_selects :: explain SELECT c FROM sbtest%u WHERE id=%u
explain: for point_selects :: explain SELECT c FROM sbtest%u WHERE id=%u
explain: for point_selects :: explain SELECT c FROM sbtest%u WHERE id=%u
explain: for point_selects :: explain SELECT c FROM sbtest%u WHERE id=%u
for point_selects
table 1 : explain SELECT c FROM sbtest1 WHERE id=4824926
	Index Scan using sbtest1_pkey on sbtest1  (cost=0.43..8.45 rows=1 width=121)
	  Index Cond: (id = 4824926)

table 2 : explain SELECT c FROM sbtest2 WHERE id=5320217
	Index Scan using sbtest2_pkey on sbtest2  (cost=0.43..8.45 rows=1 width=121)
	  Index Cond: (id = 5320217)

table 3 : explain SELECT c FROM sbtest3 WHERE id=871584
	Index Scan using sbtest3_pkey on sbtest3  (cost=0.43..8.45 rows=1 width=121)
	  Index Cond: (id = 871584)

table 4 : explain SELECT c FROM sbtest4 WHERE id=1403635
	Index Scan using sbtest4_pkey on sbtest4  (cost=0.43..8.45 rows=1 width=121)
	  Index Cond: (id = 1403635)

table 5 : explain SELECT c FROM sbtest5 WHERE id=3920109
	Index Scan using sbtest5_pkey on sbtest5  (cost=0.43..8.45 rows=1 width=121)
	  Index Cond: (id = 3920109)

table 6 : explain SELECT c FROM sbtest6 WHERE id=5859673
	Index Scan using sbtest6_pkey on sbtest6  (cost=0.43..8.45 rows=1 width=121)
	  Index Cond: (id = 5859673)

table 7 : explain SELECT c FROM sbtest7 WHERE id=4843238
	Index Scan using sbtest7_pkey on sbtest7  (cost=0.43..8.45 rows=1 width=121)
	  Index Cond: (id = 4843238)

table 8 : explain SELECT c FROM sbtest8 WHERE id=2007080
	Index Scan using sbtest8_pkey on sbtest8  (cost=0.43..8.45 rows=1 width=121)
	  Index Cond: (id = 2007080)

explain: for point_selects :: explain SELECT c FROM sbtest%u WHERE id=%u
explain: for point_selects :: explain SELECT c FROM sbtest%u WHERE id=%u
for point_selects
table 1 : explain SELECT c FROM sbtest1 WHERE id=9067944
	Index Scan using sbtest1_pkey on sbtest1  (cost=0.43..8.45 rows=1 width=121)
	  Index Cond: (id = 9067944)

table 2 : explain SELECT c FROM sbtest2 WHERE id=4545140
	Index Scan using sbtest2_pkey on sbtest2  (cost=0.43..8.45 rows=1 width=121)
	  Index Cond: (id = 4545140)

table 3 : explain SELECT c FROM sbtest3 WHERE id=2112379
	Index Scan using sbtest3_pkey on sbtest3  (cost=0.43..8.45 rows=1 width=121)
	  Index Cond: (id = 2112379)

table 4 : explain SELECT c FROM sbtest4 WHERE id=8057542
	Index Scan using sbtest4_pkey on sbtest4  (cost=0.43..8.45 rows=1 width=121)
	  Index Cond: (id = 8057542)

table 5 : explain SELECT c FROM sbtest5 WHERE id=3304358
	Index Scan using sbtest5_pkey on sbtest5  (cost=0.43..8.45 rows=1 width=121)
	  Index Cond: (id = 3304358)

table 6 : explain SELECT c FROM sbtest6 WHERE id=9818224
	Index Scan using sbtest6_pkey on sbtest6  (cost=0.43..8.45 rows=1 width=121)
	  Index Cond: (id = 9818224)

table 7 : explain SELECT c FROM sbtest7 WHERE id=4716971
	Index Scan using sbtest7_pkey on sbtest7  (cost=0.43..8.45 rows=1 width=121)
	  Index Cond: (id = 4716971)

table 8 : explain SELECT c FROM sbtest8 WHERE id=8802177
	Index Scan using sbtest8_pkey on sbtest8  (cost=0.43..8.45 rows=1 width=121)
	  Index Cond: (id = 8802177)

for: simple_ranges
table 1 : explain SELECT c FROM sbtest1 WHERE id BETWEEN 237655 AND 238654
	Bitmap Heap Scan on sbtest1  (cost=22.61..3833.63 rows=993 width=121)
	  Recheck Cond: ((id >= 237655) AND (id <= 238654))
	  ->  Bitmap Index Scan on sbtest1_pkey  (cost=0.00..22.36 rows=993 width=0)
	        Index Cond: ((id >= 237655) AND (id <= 238654))

table 2 : explain SELECT c FROM sbtest2 WHERE id BETWEEN 2827535 AND 2828534
	Bitmap Heap Scan on sbtest2  (cost=27.76..4256.17 rows=1105 width=121)
	  Recheck Cond: ((id >= 2827535) AND (id <= 2828534))
	  ->  Bitmap Index Scan on sbtest2_pkey  (cost=0.00..27.48 rows=1105 width=0)
	        Index Cond: ((id >= 2827535) AND (id <= 2828534))

table 3 : explain SELECT c FROM sbtest3 WHERE id BETWEEN 5957613 AND 5958612
	Bitmap Heap Scan on sbtest3  (cost=22.57..3819.83 rows=989 width=121)
	  Recheck Cond: ((id >= 5957613) AND (id <= 5958612))
	  ->  Bitmap Index Scan on sbtest3_pkey  (cost=0.00..22.32 rows=989 width=0)
	        Index Cond: ((id >= 5957613) AND (id <= 5958612))

table 4 : explain SELECT c FROM sbtest4 WHERE id BETWEEN 4505235 AND 4506234
	Bitmap Heap Scan on sbtest4  (cost=22.13..3658.68 rows=946 width=121)
	  Recheck Cond: ((id >= 4505235) AND (id <= 4506234))
	  ->  Bitmap Index Scan on sbtest4_pkey  (cost=0.00..21.89 rows=946 width=0)
	        Index Cond: ((id >= 4505235) AND (id <= 4506234))

table 5 : explain SELECT c FROM sbtest5 WHERE id BETWEEN 4360916 AND 4361915
	Bitmap Heap Scan on sbtest5  (cost=22.61..3836.06 rows=993 width=121)
	  Recheck Cond: ((id >= 4360916) AND (id <= 4361915))
	  ->  Bitmap Index Scan on sbtest5_pkey  (cost=0.00..22.36 rows=993 width=0)
	        Index Cond: ((id >= 4360916) AND (id <= 4361915))

table 6 : explain SELECT c FROM sbtest6 WHERE id BETWEEN 5591484 AND 5592483
	Bitmap Heap Scan on sbtest6  (cost=22.84..3918.97 rows=1015 width=121)
	  Recheck Cond: ((id >= 5591484) AND (id <= 5592483))
	  ->  Bitmap Index Scan on sbtest6_pkey  (cost=0.00..22.58 rows=1015 width=0)
	        Index Cond: ((id >= 5591484) AND (id <= 5592483))

table 7 : explain SELECT c FROM sbtest7 WHERE id BETWEEN 2938470 AND 2939469
	Bitmap Heap Scan on sbtest7  (cost=27.50..4168.81 rows=1080 width=121)
	  Recheck Cond: ((id >= 2938470) AND (id <= 2939469))
	  ->  Bitmap Index Scan on sbtest7_pkey  (cost=0.00..27.23 rows=1080 width=0)
	        Index Cond: ((id >= 2938470) AND (id <= 2939469))

table 8 : explain SELECT c FROM sbtest8 WHERE id BETWEEN 4001602 AND 4002601
	Bitmap Heap Scan on sbtest8  (cost=26.95..3965.51 rows=1026 width=121)
	  Recheck Cond: ((id >= 4001602) AND (id <= 4002601))
	  ->  Bitmap Index Scan on sbtest8_pkey  (cost=0.00..26.69 rows=1026 width=0)
	        Index Cond: ((id >= 4001602) AND (id <= 4002601))

for point_selects
table 1 : explain SELECT c FROM sbtest1 WHERE id=5185053
	Index Scan using sbtest1_pkey on sbtest1  (cost=0.43..8.45 rows=1 width=121)
	  Index Cond: (id = 5185053)

table 2 : explain SELECT c FROM sbtest2 WHERE id=7992351
	Index Scan using sbtest2_pkey on sbtest2  (cost=0.43..8.45 rows=1 width=121)
	  Index Cond: (id = 7992351)

table 3 : explain SELECT c FROM sbtest3 WHERE id=8254332
	Index Scan using sbtest3_pkey on sbtest3  (cost=0.43..8.45 rows=1 width=121)
	  Index Cond: (id = 8254332)

table 4 : explain SELECT c FROM sbtest4 WHERE id=9799437
	Index Scan using sbtest4_pkey on sbtest4  (cost=0.43..8.45 rows=1 width=121)
	  Index Cond: (id = 9799437)

table 5 : explain SELECT c FROM sbtest5 WHERE id=7502880
	Index Scan using sbtest5_pkey on sbtest5  (cost=0.43..8.45 rows=1 width=121)
	  Index Cond: (id = 7502880)

table 6 : explain SELECT c FROM sbtest6 WHERE id=6832119
	Index Scan using sbtest6_pkey on sbtest6  (cost=0.43..8.45 rows=1 width=121)
	  Index Cond: (id = 6832119)

table 7 : explain SELECT c FROM sbtest7 WHERE id=6264702
	Index Scan using sbtest7_pkey on sbtest7  (cost=0.43..8.45 rows=1 width=121)
	  Index Cond: (id = 6264702)

table 8 : explain SELECT c FROM sbtest8 WHERE id=4472271
	Index Scan using sbtest8_pkey on sbtest8  (cost=0.43..8.45 rows=1 width=121)
	  Index Cond: (id = 4472271)

explain: for point_selects :: explain SELECT c FROM sbtest%u WHERE id=%u
for point_selects
table 1 : explain SELECT c FROM sbtest1 WHERE id=7760983
	Index Scan using sbtest1_pkey on sbtest1  (cost=0.43..8.45 rows=1 width=121)
	  Index Cond: (id = 7760983)

table 2 : explain SELECT c FROM sbtest2 WHERE id=4977339
	Index Scan using sbtest2_pkey on sbtest2  (cost=0.43..8.45 rows=1 width=121)
	  Index Cond: (id = 4977339)

table 3 : explain SELECT c FROM sbtest3 WHERE id=7971677
	Index Scan using sbtest3_pkey on sbtest3  (cost=0.43..8.45 rows=1 width=121)
	  Index Cond: (id = 7971677)

table 4 : explain SELECT c FROM sbtest4 WHERE id=3503477
	Index Scan using sbtest4_pkey on sbtest4  (cost=0.43..8.45 rows=1 width=121)
	  Index Cond: (id = 3503477)

table 5 : explain SELECT c FROM sbtest5 WHERE id=7356082
	Index Scan using sbtest5_pkey on sbtest5  (cost=0.43..8.45 rows=1 width=121)
	  Index Cond: (id = 7356082)

table 6 : explain SELECT c FROM sbtest6 WHERE id=9936062
	Index Scan using sbtest6_pkey on sbtest6  (cost=0.43..8.45 rows=1 width=121)
	  Index Cond: (id = 9936062)

table 7 : explain SELECT c FROM sbtest7 WHERE id=1963649
	Index Scan using sbtest7_pkey on sbtest7  (cost=0.43..8.45 rows=1 width=121)
	  Index Cond: (id = 1963649)

table 8 : explain SELECT c FROM sbtest8 WHERE id=8078159
	Index Scan using sbtest8_pkey on sbtest8  (cost=0.43..8.45 rows=1 width=121)
	  Index Cond: (id = 8078159)

for: simple_ranges
table 1 : explain SELECT c FROM sbtest1 WHERE id BETWEEN 2878505 AND 2879504
	Bitmap Heap Scan on sbtest1  (cost=21.83..3547.08 rows=917 width=121)
	  Recheck Cond: ((id >= 2878505) AND (id <= 2879504))
	  ->  Bitmap Index Scan on sbtest1_pkey  (cost=0.00..21.61 rows=917 width=0)
	        Index Cond: ((id >= 2878505) AND (id <= 2879504))

table 2 : explain SELECT c FROM sbtest2 WHERE id BETWEEN 7237489 AND 7238488
	Bitmap Heap Scan on sbtest2  (cost=22.26..3706.62 rows=959 width=121)
	  Recheck Cond: ((id >= 7237489) AND (id <= 7238488))
	  ->  Bitmap Index Scan on sbtest2_pkey  (cost=0.00..22.02 rows=959 width=0)
	        Index Cond: ((id >= 7237489) AND (id <= 7238488))

table 3 : explain SELECT c FROM sbtest3 WHERE id BETWEEN 8949328 AND 8950327
	Bitmap Heap Scan on sbtest3  (cost=22.62..3838.67 rows=994 width=121)
	  Recheck Cond: ((id >= 8949328) AND (id <= 8950327))
	  ->  Bitmap Index Scan on sbtest3_pkey  (cost=0.00..22.37 rows=994 width=0)
	        Index Cond: ((id >= 8949328) AND (id <= 8950327))

table 4 : explain SELECT c FROM sbtest4 WHERE id BETWEEN 6633702 AND 6634701
	Bitmap Heap Scan on sbtest4  (cost=22.23..3696.43 rows=956 width=121)
	  Recheck Cond: ((id >= 6633702) AND (id <= 6634701))
	  ->  Bitmap Index Scan on sbtest4_pkey  (cost=0.00..22.00 rows=956 width=0)
	        Index Cond: ((id >= 6633702) AND (id <= 6634701))

table 5 : explain SELECT c FROM sbtest5 WHERE id BETWEEN 2739800 AND 2740799
	Bitmap Heap Scan on sbtest5  (cost=22.59..3828.52 rows=991 width=121)
	  Recheck Cond: ((id >= 2739800) AND (id <= 2740799))
	  ->  Bitmap Index Scan on sbtest5_pkey  (cost=0.00..22.34 rows=991 width=0)
	        Index Cond: ((id >= 2739800) AND (id <= 2740799))

table 6 : explain SELECT c FROM sbtest6 WHERE id BETWEEN 37001 AND 38000
	Bitmap Heap Scan on sbtest6  (cost=22.16..3670.12 rows=949 width=121)
	  Recheck Cond: ((id >= 37001) AND (id <= 38000))
	  ->  Bitmap Index Scan on sbtest6_pkey  (cost=0.00..21.93 rows=949 width=0)
	        Index Cond: ((id >= 37001) AND (id <= 38000))

table 7 : explain SELECT c FROM sbtest7 WHERE id BETWEEN 2561042 AND 2562041
	Bitmap Heap Scan on sbtest7  (cost=23.04..3995.49 rows=1035 width=121)
	  Recheck Cond: ((id >= 2561042) AND (id <= 2562041))
	  ->  Bitmap Index Scan on sbtest7_pkey  (cost=0.00..22.79 rows=1035 width=0)
	        Index Cond: ((id >= 2561042) AND (id <= 2562041))

table 8 : explain SELECT c FROM sbtest8 WHERE id BETWEEN 9987774 AND 9988773
	Bitmap Heap Scan on sbtest8  (cost=22.30..3720.19 rows=962 width=121)
	  Recheck Cond: ((id >= 9987774) AND (id <= 9988773))
	  ->  Bitmap Index Scan on sbtest8_pkey  (cost=0.00..22.05 rows=962 width=0)
	        Index Cond: ((id >= 9987774) AND (id <= 9988773))

for point_selects
table 1 : explain SELECT c FROM sbtest1 WHERE id=8195792
	Index Scan using sbtest1_pkey on sbtest1  (cost=0.43..8.45 rows=1 width=121)
	  Index Cond: (id = 8195792)

table 2 : explain SELECT c FROM sbtest2 WHERE id=1414064
	Index Scan using sbtest2_pkey on sbtest2  (cost=0.43..8.45 rows=1 width=121)
	  Index Cond: (id = 1414064)

table 3 : explain SELECT c FROM sbtest3 WHERE id=9565254
	Index Scan using sbtest3_pkey on sbtest3  (cost=0.43..8.45 rows=1 width=121)
	  Index Cond: (id = 9565254)

table 4 : explain SELECT c FROM sbtest4 WHERE id=3773160
	Index Scan using sbtest4_pkey on sbtest4  (cost=0.43..8.45 rows=1 width=121)
	  Index Cond: (id = 3773160)

table 5 : explain SELECT c FROM sbtest5 WHERE id=2970994
	Index Scan using sbtest5_pkey on sbtest5  (cost=0.43..8.45 rows=1 width=121)
	  Index Cond: (id = 2970994)

table 6 : explain SELECT c FROM sbtest6 WHERE id=8382124
	Index Scan using sbtest6_pkey on sbtest6  (cost=0.43..8.45 rows=1 width=121)
	  Index Cond: (id = 8382124)

table 7 : explain SELECT c FROM sbtest7 WHERE id=5915628
	Index Scan using sbtest7_pkey on sbtest7  (cost=0.43..8.45 rows=1 width=121)
	  Index Cond: (id = 5915628)

table 8 : explain SELECT c FROM sbtest8 WHERE id=2879833
	Index Scan using sbtest8_pkey on sbtest8  (cost=0.43..8.45 rows=1 width=121)
	  Index Cond: (id = 2879833)

explain: for point_selects :: explain SELECT c FROM sbtest%u WHERE id=%u
for: simple_ranges
table 1 : explain SELECT c FROM sbtest1 WHERE id BETWEEN 2939005 AND 2940004
	Bitmap Heap Scan on sbtest1  (cost=21.83..3547.08 rows=917 width=121)
	  Recheck Cond: ((id >= 2939005) AND (id <= 2940004))
	  ->  Bitmap Index Scan on sbtest1_pkey  (cost=0.00..21.61 rows=917 width=0)
	        Index Cond: ((id >= 2939005) AND (id <= 2940004))

table 2 : explain SELECT c FROM sbtest2 WHERE id BETWEEN 6362136 AND 6363135
	Bitmap Heap Scan on sbtest2  (cost=22.93..3951.50 rows=1024 width=121)
	  Recheck Cond: ((id >= 6362136) AND (id <= 6363135))
	  ->  Bitmap Index Scan on sbtest2_pkey  (cost=0.00..22.68 rows=1024 width=0)
	        Index Cond: ((id >= 6362136) AND (id <= 6363135))

table 3 : explain SELECT c FROM sbtest3 WHERE id BETWEEN 6657838 AND 6658837
	Bitmap Heap Scan on sbtest3  (cost=23.22..4056.94 rows=1052 width=121)
	  Recheck Cond: ((id >= 6657838) AND (id <= 6658837))
	  ->  Bitmap Index Scan on sbtest3_pkey  (cost=0.00..22.95 rows=1052 width=0)
	        Index Cond: ((id >= 6657838) AND (id <= 6658837))

table 4 : explain SELECT c FROM sbtest4 WHERE id BETWEEN 1930506 AND 1931505
	Bitmap Heap Scan on sbtest4  (cost=27.94..4321.37 rows=1122 width=121)
	  Recheck Cond: ((id >= 1930506) AND (id <= 1931505))
	  ->  Bitmap Index Scan on sbtest4_pkey  (cost=0.00..27.65 rows=1122 width=0)
	        Index Cond: ((id >= 1930506) AND (id <= 1931505))

table 5 : explain SELECT c FROM sbtest5 WHERE id BETWEEN 1778418 AND 1779417
	Bitmap Heap Scan on sbtest5  (cost=22.37..3745.57 rows=969 width=121)
	  Recheck Cond: ((id >= 1778418) AND (id <= 1779417))
	  ->  Bitmap Index Scan on sbtest5_pkey  (cost=0.00..22.12 rows=969 width=0)
	        Index Cond: ((id >= 1778418) AND (id <= 1779417))

table 6 : explain SELECT c FROM sbtest6 WHERE id BETWEEN 8403398 AND 8404397
	Bitmap Heap Scan on sbtest6  (cost=22.50..3794.61 rows=982 width=121)
	  Recheck Cond: ((id >= 8403398) AND (id <= 8404397))
	  ->  Bitmap Index Scan on sbtest6_pkey  (cost=0.00..22.25 rows=982 width=0)
	        Index Cond: ((id >= 8403398) AND (id <= 8404397))

table 7 : explain SELECT c FROM sbtest7 WHERE id BETWEEN 3654072 AND 3655071
	Bitmap Heap Scan on sbtest7  (cost=23.02..3987.96 rows=1033 width=121)
	  Recheck Cond: ((id >= 3654072) AND (id <= 3655071))
	  ->  Bitmap Index Scan on sbtest7_pkey  (cost=0.00..22.76 rows=1033 width=0)
	        Index Cond: ((id >= 3654072) AND (id <= 3655071))

table 8 : explain SELECT c FROM sbtest8 WHERE id BETWEEN 9247028 AND 9248027
	Bitmap Heap Scan on sbtest8  (cost=21.79..3535.07 rows=913 width=121)
	  Recheck Cond: ((id >= 9247028) AND (id <= 9248027))
	  ->  Bitmap Index Scan on sbtest8_pkey  (cost=0.00..21.57 rows=913 width=0)
	        Index Cond: ((id >= 9247028) AND (id <= 9248027))

for point_selects
table 1 : explain SELECT c FROM sbtest1 WHERE id=4601276
	Index Scan using sbtest1_pkey on sbtest1  (cost=0.43..8.45 rows=1 width=121)
	  Index Cond: (id = 4601276)

table 2 : explain SELECT c FROM sbtest2 WHERE id=5455965
	Index Scan using sbtest2_pkey on sbtest2  (cost=0.43..8.45 rows=1 width=121)
	  Index Cond: (id = 5455965)

table 3 : explain SELECT c FROM sbtest3 WHERE id=2907968
	Index Scan using sbtest3_pkey on sbtest3  (cost=0.43..8.45 rows=1 width=121)
	  Index Cond: (id = 2907968)

table 4 : explain SELECT c FROM sbtest4 WHERE id=3101414
	Index Scan using sbtest4_pkey on sbtest4  (cost=0.43..8.45 rows=1 width=121)
	  Index Cond: (id = 3101414)

table 5 : explain SELECT c FROM sbtest5 WHERE id=9552853
	Index Scan using sbtest5_pkey on sbtest5  (cost=0.43..8.45 rows=1 width=121)
	  Index Cond: (id = 9552853)

table 6 : explain SELECT c FROM sbtest6 WHERE id=7462055
	Index Scan using sbtest6_pkey on sbtest6  (cost=0.43..8.45 rows=1 width=121)
	  Index Cond: (id = 7462055)

table 7 : explain SELECT c FROM sbtest7 WHERE id=4075954
	Index Scan using sbtest7_pkey on sbtest7  (cost=0.43..8.45 rows=1 width=121)
	  Index Cond: (id = 4075954)

table 8 : explain SELECT c FROM sbtest8 WHERE id=1333815
	Index Scan using sbtest8_pkey on sbtest8  (cost=0.43..8.45 rows=1 width=121)
	  Index Cond: (id = 1333815)

for: simple_ranges
table 1 : explain SELECT c FROM sbtest1 WHERE id BETWEEN 2702275 AND 2703274
	Bitmap Heap Scan on sbtest1  (cost=23.44..4138.20 rows=1074 width=121)
	  Recheck Cond: ((id >= 2702275) AND (id <= 2703274))
	  ->  Bitmap Index Scan on sbtest1_pkey  (cost=0.00..23.18 rows=1074 width=0)
	        Index Cond: ((id >= 2702275) AND (id <= 2703274))

table 2 : explain SELECT c FROM sbtest2 WHERE id BETWEEN 1504375 AND 1505374
	Bitmap Heap Scan on sbtest2  (cost=22.22..3691.54 rows=955 width=121)
	  Recheck Cond: ((id >= 1504375) AND (id <= 1505374))
	  ->  Bitmap Index Scan on sbtest2_pkey  (cost=0.00..21.98 rows=955 width=0)
	        Index Cond: ((id >= 1504375) AND (id <= 1505374))

table 3 : explain SELECT c FROM sbtest3 WHERE id BETWEEN 669743 AND 670742
	Bitmap Heap Scan on sbtest3  (cost=22.59..3827.36 rows=991 width=121)
	  Recheck Cond: ((id >= 669743) AND (id <= 670742))
	  ->  Bitmap Index Scan on sbtest3_pkey  (cost=0.00..22.34 rows=991 width=0)
	        Index Cond: ((id >= 669743) AND (id <= 670742))

table 4 : explain SELECT c FROM sbtest4 WHERE id BETWEEN 7199932 AND 7200931
	Bitmap Heap Scan on sbtest4  (cost=22.70..3866.11 rows=1001 width=121)
	  Recheck Cond: ((id >= 7199932) AND (id <= 7200931))
	  ->  Bitmap Index Scan on sbtest4_pkey  (cost=0.00..22.44 rows=1001 width=0)
	        Index Cond: ((id >= 7199932) AND (id <= 7200931))

table 5 : explain SELECT c FROM sbtest5 WHERE id BETWEEN 5917082 AND 5918081
	Bitmap Heap Scan on sbtest5  (cost=22.22..3692.75 rows=955 width=121)
	  Recheck Cond: ((id >= 5917082) AND (id <= 5918081))
	  ->  Bitmap Index Scan on sbtest5_pkey  (cost=0.00..21.98 rows=955 width=0)
	        Index Cond: ((id >= 5917082) AND (id <= 5918081))

table 6 : explain SELECT c FROM sbtest6 WHERE id BETWEEN 6394411 AND 6395410
	Bitmap Heap Scan on sbtest6  (cost=22.82..3911.44 rows=1013 width=121)
	  Recheck Cond: ((id >= 6394411) AND (id <= 6395410))
	  ->  Bitmap Index Scan on sbtest6_pkey  (cost=0.00..22.57 rows=1013 width=0)
	        Index Cond: ((id >= 6394411) AND (id <= 6395410))

table 7 : explain SELECT c FROM sbtest7 WHERE id BETWEEN 236469 AND 237468
	Bitmap Heap Scan on sbtest7  (cost=27.86..4296.60 rows=1115 width=121)
	  Recheck Cond: ((id >= 236469) AND (id <= 237468))
	  ->  Bitmap Index Scan on sbtest7_pkey  (cost=0.00..27.58 rows=1115 width=0)
	        Index Cond: ((id >= 236469) AND (id <= 237468))

table 8 : explain SELECT c FROM sbtest8 WHERE id BETWEEN 754349 AND 755348
	Bitmap Heap Scan on sbtest8  (cost=26.67..3863.76 rows=999 width=121)
	  Recheck Cond: ((id >= 754349) AND (id <= 755348))
	  ->  Bitmap Index Scan on sbtest8_pkey  (cost=0.00..26.43 rows=999 width=0)
	        Index Cond: ((id >= 754349) AND (id <= 755348))

for: sum_ranges
table 1 : explain SELECT SUM(k) FROM sbtest1 WHERE id BETWEEN 67079 AND 68078
	Aggregate  (cost=3768.27..3768.28 rows=1 width=8)
	  ->  Bitmap Heap Scan on sbtest1  (cost=22.43..3765.83 rows=975 width=4)
	        Recheck Cond: ((id >= 67079) AND (id <= 68078))
	        ->  Bitmap Index Scan on sbtest1_pkey  (cost=0.00..22.18 rows=975 width=0)
	              Index Cond: ((id >= 67079) AND (id <= 68078))

table 2 : explain SELECT SUM(k) FROM sbtest2 WHERE id BETWEEN 3988104 AND 3989103
	Aggregate  (cost=4145.94..4145.95 rows=1 width=8)
	  ->  Bitmap Heap Scan on sbtest2  (cost=23.45..4143.25 rows=1075 width=4)
	        Recheck Cond: ((id >= 3988104) AND (id <= 3989103))
	        ->  Bitmap Index Scan on sbtest2_pkey  (cost=0.00..23.18 rows=1075 width=0)
	              Index Cond: ((id >= 3988104) AND (id <= 3989103))

table 3 : explain SELECT SUM(k) FROM sbtest3 WHERE id BETWEEN 7326142 AND 7327141
	Aggregate  (cost=3878.84..3878.85 rows=1 width=8)
	  ->  Bitmap Heap Scan on sbtest3  (cost=22.73..3876.33 rows=1004 width=4)
	        Recheck Cond: ((id >= 7326142) AND (id <= 7327141))
	        ->  Bitmap Index Scan on sbtest3_pkey  (cost=0.00..22.47 rows=1004 width=0)
	              Index Cond: ((id >= 7326142) AND (id <= 7327141))

table 4 : explain SELECT SUM(k) FROM sbtest4 WHERE id BETWEEN 9849520 AND 9850519
	Aggregate  (cost=4098.60..4098.61 rows=1 width=8)
	  ->  Bitmap Heap Scan on sbtest4  (cost=27.31..4095.95 rows=1061 width=4)
	        Recheck Cond: ((id >= 9849520) AND (id <= 9850519))
	        ->  Bitmap Index Scan on sbtest4_pkey  (cost=0.00..27.04 rows=1061 width=0)
	              Index Cond: ((id >= 9849520) AND (id <= 9850519))

table 5 : explain SELECT SUM(k) FROM sbtest5 WHERE id BETWEEN 8079385 AND 8080384
	Aggregate  (cost=3962.94..3962.95 rows=1 width=8)
	  ->  Bitmap Heap Scan on sbtest5  (cost=22.95..3960.37 rows=1026 width=4)
	        Recheck Cond: ((id >= 8079385) AND (id <= 8080384))
	        ->  Bitmap Index Scan on sbtest5_pkey  (cost=0.00..22.69 rows=1026 width=0)
	              Index Cond: ((id >= 8079385) AND (id <= 8080384))

table 6 : explain SELECT SUM(k) FROM sbtest6 WHERE id BETWEEN 617469 AND 618468
	Aggregate  (cost=3630.93..3630.94 rows=1 width=8)
	  ->  Bitmap Heap Scan on sbtest6  (cost=22.05..3628.59 rows=938 width=4)
	        Recheck Cond: ((id >= 617469) AND (id <= 618468))
	        ->  Bitmap Index Scan on sbtest6_pkey  (cost=0.00..21.82 rows=938 width=0)
	              Index Cond: ((id >= 617469) AND (id <= 618468))

table 7 : explain SELECT SUM(k) FROM sbtest7 WHERE id BETWEEN 8141086 AND 8142085
	Aggregate  (cost=3903.84..3903.85 rows=1 width=8)
	  ->  Bitmap Heap Scan on sbtest7  (cost=22.79..3901.31 rows=1010 width=4)
	        Recheck Cond: ((id >= 8141086) AND (id <= 8142085))
	        ->  Bitmap Index Scan on sbtest7_pkey  (cost=0.00..22.54 rows=1010 width=0)
	              Index Cond: ((id >= 8141086) AND (id <= 8142085))

table 8 : explain SELECT SUM(k) FROM sbtest8 WHERE id BETWEEN 8365550 AND 8366549
	Aggregate  (cost=3892.67..3892.68 rows=1 width=8)
	  ->  Bitmap Heap Scan on sbtest8  (cost=26.75..3890.15 rows=1006 width=4)
	        Recheck Cond: ((id >= 8365550) AND (id <= 8366549))
	        ->  Bitmap Index Scan on sbtest8_pkey  (cost=0.00..26.50 rows=1006 width=0)
	              Index Cond: ((id >= 8365550) AND (id <= 8366549))

for: simple_ranges
table 1 : explain SELECT c FROM sbtest1 WHERE id BETWEEN 9499097 AND 9500096
	Bitmap Heap Scan on sbtest1  (cost=21.61..3463.98 rows=895 width=121)
	  Recheck Cond: ((id >= 9499097) AND (id <= 9500096))
	  ->  Bitmap Index Scan on sbtest1_pkey  (cost=0.00..21.39 rows=895 width=0)
	        Index Cond: ((id >= 9499097) AND (id <= 9500096))

table 2 : explain SELECT c FROM sbtest2 WHERE id BETWEEN 783343 AND 784342
	Bitmap Heap Scan on sbtest2  (cost=22.45..3774.49 rows=977 width=121)
	  Recheck Cond: ((id >= 783343) AND (id <= 784342))
	  ->  Bitmap Index Scan on sbtest2_pkey  (cost=0.00..22.20 rows=977 width=0)
	        Index Cond: ((id >= 783343) AND (id <= 784342))

table 3 : explain SELECT c FROM sbtest3 WHERE id BETWEEN 5612324 AND 5613323
	Bitmap Heap Scan on sbtest3  (cost=23.11..4015.58 rows=1041 width=121)
	  Recheck Cond: ((id >= 5612324) AND (id <= 5613323))
	  ->  Bitmap Index Scan on sbtest3_pkey  (cost=0.00..22.84 rows=1041 width=0)
	        Index Cond: ((id >= 5612324) AND (id <= 5613323))

table 4 : explain SELECT c FROM sbtest4 WHERE id BETWEEN 7106951 AND 7107950
	Bitmap Heap Scan on sbtest4  (cost=22.70..3866.11 rows=1001 width=121)
	  Recheck Cond: ((id >= 7106951) AND (id <= 7107950))
	  ->  Bitmap Index Scan on sbtest4_pkey  (cost=0.00..22.44 rows=1001 width=0)
	        Index Cond: ((id >= 7106951) AND (id <= 7107950))

table 5 : explain SELECT c FROM sbtest5 WHERE id BETWEEN 9539802 AND 9540801
	Bitmap Heap Scan on sbtest5  (cost=22.47..3783.28 rows=979 width=121)
	  Recheck Cond: ((id >= 9539802) AND (id <= 9540801))
	  ->  Bitmap Index Scan on sbtest5_pkey  (cost=0.00..22.22 rows=979 width=0)
	        Index Cond: ((id >= 9539802) AND (id <= 9540801))

table 6 : explain SELECT c FROM sbtest6 WHERE id BETWEEN 2555632 AND 2556631
	Bitmap Heap Scan on sbtest6  (cost=28.07..4370.29 rows=1135 width=121)
	  Recheck Cond: ((id >= 2555632) AND (id <= 2556631))
	  ->  Bitmap Index Scan on sbtest6_pkey  (cost=0.00..27.79 rows=1135 width=0)
	        Index Cond: ((id >= 2555632) AND (id <= 2556631))

table 7 : explain SELECT c FROM sbtest7 WHERE id BETWEEN 346683 AND 347682
	Bitmap Heap Scan on sbtest7  (cost=22.89..3938.99 rows=1020 width=121)
	  Recheck Cond: ((id >= 346683) AND (id <= 347682))
	  ->  Bitmap Index Scan on sbtest7_pkey  (cost=0.00..22.64 rows=1020 width=0)
	        Index Cond: ((id >= 346683) AND (id <= 347682))

table 8 : explain SELECT c FROM sbtest8 WHERE id BETWEEN 2890934 AND 2891933
	Bitmap Heap Scan on sbtest8  (cost=26.78..3901.46 rows=1009 width=121)
	  Recheck Cond: ((id >= 2890934) AND (id <= 2891933))
	  ->  Bitmap Index Scan on sbtest8_pkey  (cost=0.00..26.52 rows=1009 width=0)
	        Index Cond: ((id >= 2890934) AND (id <= 2891933))

explain: for point_selects :: explain SELECT c FROM sbtest%u WHERE id=%u
for: simple_ranges
table 1 : explain SELECT c FROM sbtest1 WHERE id BETWEEN 5566808 AND 5567807
	Bitmap Heap Scan on sbtest1  (cost=22.10..3645.19 rows=943 width=121)
	  Recheck Cond: ((id >= 5566808) AND (id <= 5567807))
	  ->  Bitmap Index Scan on sbtest1_pkey  (cost=0.00..21.86 rows=943 width=0)
	        Index Cond: ((id >= 5566808) AND (id <= 5567807))

table 2 : explain SELECT c FROM sbtest2 WHERE id BETWEEN 629070 AND 630069
	Bitmap Heap Scan on sbtest2  (cost=21.84..3551.88 rows=918 width=121)
	  Recheck Cond: ((id >= 629070) AND (id <= 630069))
	  ->  Bitmap Index Scan on sbtest2_pkey  (cost=0.00..21.61 rows=918 width=0)
	        Index Cond: ((id >= 629070) AND (id <= 630069))

table 3 : explain SELECT c FROM sbtest3 WHERE id BETWEEN 532472 AND 533471
	Bitmap Heap Scan on sbtest3  (cost=23.43..4135.87 rows=1073 width=121)
	  Recheck Cond: ((id >= 532472) AND (id <= 533471))
	  ->  Bitmap Index Scan on sbtest3_pkey  (cost=0.00..23.16 rows=1073 width=0)
	        Index Cond: ((id >= 532472) AND (id <= 533471))

table 4 : explain SELECT c FROM sbtest4 WHERE id BETWEEN 9083063 AND 9084062
	Bitmap Heap Scan on sbtest4  (cost=27.67..4227.48 rows=1096 width=121)
	  Recheck Cond: ((id >= 9083063) AND (id <= 9084062))
	  ->  Bitmap Index Scan on sbtest4_pkey  (cost=0.00..27.39 rows=1096 width=0)
	        Index Cond: ((id >= 9083063) AND (id <= 9084062))

table 5 : explain SELECT c FROM sbtest5 WHERE id BETWEEN 280790 AND 281789
	Bitmap Heap Scan on sbtest5  (cost=21.65..3481.19 rows=899 width=121)
	  Recheck Cond: ((id >= 280790) AND (id <= 281789))
	  ->  Bitmap Index Scan on sbtest5_pkey  (cost=0.00..21.43 rows=899 width=0)
	        Index Cond: ((id >= 280790) AND (id <= 281789))

table 6 : explain SELECT c FROM sbtest6 WHERE id BETWEEN 2264830 AND 2265829
	Bitmap Heap Scan on sbtest6  (cost=22.19..3681.44 rows=952 width=121)
	  Recheck Cond: ((id >= 2264830) AND (id <= 2265829))
	  ->  Bitmap Index Scan on sbtest6_pkey  (cost=0.00..21.95 rows=952 width=0)
	        Index Cond: ((id >= 2264830) AND (id <= 2265829))

table 7 : explain SELECT c FROM sbtest7 WHERE id BETWEEN 5387016 AND 5388015
	Bitmap Heap Scan on sbtest7  (cost=22.49..3791.97 rows=981 width=121)
	  Recheck Cond: ((id >= 5387016) AND (id <= 5388015))
	  ->  Bitmap Index Scan on sbtest7_pkey  (cost=0.00..22.25 rows=981 width=0)
	        Index Cond: ((id >= 5387016) AND (id <= 5388015))

table 8 : explain SELECT c FROM sbtest8 WHERE id BETWEEN 2312277 AND 2313276
	Bitmap Heap Scan on sbtest8  (cost=27.23..4067.15 rows=1053 width=121)
	  Recheck Cond: ((id >= 2312277) AND (id <= 2313276))
	  ->  Bitmap Index Scan on sbtest8_pkey  (cost=0.00..26.96 rows=1053 width=0)
	        Index Cond: ((id >= 2312277) AND (id <= 2313276))

for point_selects
table 1 : explain SELECT c FROM sbtest1 WHERE id=8982859
	Index Scan using sbtest1_pkey on sbtest1  (cost=0.43..8.45 rows=1 width=121)
	  Index Cond: (id = 8982859)

table 2 : explain SELECT c FROM sbtest2 WHERE id=6646357
	Index Scan using sbtest2_pkey on sbtest2  (cost=0.43..8.45 rows=1 width=121)
	  Index Cond: (id = 6646357)

table 3 : explain SELECT c FROM sbtest3 WHERE id=9988583
	Index Scan using sbtest3_pkey on sbtest3  (cost=0.43..8.45 rows=1 width=121)
	  Index Cond: (id = 9988583)

table 4 : explain SELECT c FROM sbtest4 WHERE id=337183
	Index Scan using sbtest4_pkey on sbtest4  (cost=0.43..8.45 rows=1 width=121)
	  Index Cond: (id = 337183)

table 5 : explain SELECT c FROM sbtest5 WHERE id=9224893
	Index Scan using sbtest5_pkey on sbtest5  (cost=0.43..8.45 rows=1 width=121)
	  Index Cond: (id = 9224893)

table 6 : explain SELECT c FROM sbtest6 WHERE id=8611564
	Index Scan using sbtest6_pkey on sbtest6  (cost=0.43..8.45 rows=1 width=121)
	  Index Cond: (id = 8611564)

table 7 : explain SELECT c FROM sbtest7 WHERE id=7585967
	Index Scan using sbtest7_pkey on sbtest7  (cost=0.43..8.45 rows=1 width=121)
	  Index Cond: (id = 7585967)

table 8 : explain SELECT c FROM sbtest8 WHERE id=2570729
	Index Scan using sbtest8_pkey on sbtest8  (cost=0.43..8.45 rows=1 width=121)
	  Index Cond: (id = 2570729)

for: sum_ranges
table 1 : explain SELECT SUM(k) FROM sbtest1 WHERE id BETWEEN 9238310 AND 9239309
	Aggregate  (cost=4020.58..4020.59 rows=1 width=8)
	  ->  Bitmap Heap Scan on sbtest1  (cost=23.12..4017.97 rows=1042 width=4)
	        Recheck Cond: ((id >= 9238310) AND (id <= 9239309))
	        ->  Bitmap Index Scan on sbtest1_pkey  (cost=0.00..22.86 rows=1042 width=0)
	              Index Cond: ((id >= 9238310) AND (id <= 9239309))

table 2 : explain SELECT SUM(k) FROM sbtest2 WHERE id BETWEEN 6113987 AND 6114986
	Aggregate  (cost=3931.46..3931.47 rows=1 width=8)
	  ->  Bitmap Heap Scan on sbtest2  (cost=22.87..3928.92 rows=1018 width=4)
	        Recheck Cond: ((id >= 6113987) AND (id <= 6114986))
	        ->  Bitmap Index Scan on sbtest2_pkey  (cost=0.00..22.61 rows=1018 width=0)
	              Index Cond: ((id >= 6113987) AND (id <= 6114986))

table 3 : explain SELECT SUM(k) FROM sbtest3 WHERE id BETWEEN 5259794 AND 5260793
	Aggregate  (cost=3935.35..3935.36 rows=1 width=8)
	  ->  Bitmap Heap Scan on sbtest3  (cost=22.88..3932.80 rows=1019 width=4)
	        Recheck Cond: ((id >= 5259794) AND (id <= 5260793))
	        ->  Bitmap Index Scan on sbtest3_pkey  (cost=0.00..22.62 rows=1019 width=0)
	              Index Cond: ((id >= 5259794) AND (id <= 5260793))

table 4 : explain SELECT SUM(k) FROM sbtest4 WHERE id BETWEEN 9220469 AND 9221468
	Aggregate  (cost=3713.92..3713.93 rows=1 width=8)
	  ->  Bitmap Heap Scan on sbtest4  (cost=22.27..3711.52 rows=960 width=4)
	        Recheck Cond: ((id >= 9220469) AND (id <= 9221468))
	        ->  Bitmap Index Scan on sbtest4_pkey  (cost=0.00..22.04 rows=960 width=0)
	              Index Cond: ((id >= 9220469) AND (id <= 9221468))

table 5 : explain SELECT SUM(k) FROM sbtest5 WHERE id BETWEEN 5112903 AND 5113902
	Aggregate  (cost=4023.20..4023.21 rows=1 width=8)
	  ->  Bitmap Heap Scan on sbtest5  (cost=23.12..4020.59 rows=1042 width=4)
	        Recheck Cond: ((id >= 5112903) AND (id <= 5113902))
	        ->  Bitmap Index Scan on sbtest5_pkey  (cost=0.00..22.86 rows=1042 width=0)
	              Index Cond: ((id >= 5112903) AND (id <= 5113902))

table 6 : explain SELECT SUM(k) FROM sbtest6 WHERE id BETWEEN 6832916 AND 6833915
	Aggregate  (cost=4256.67..4256.68 rows=1 width=8)
	  ->  Bitmap Heap Scan on sbtest6  (cost=27.74..4253.91 rows=1103 width=4)
	        Recheck Cond: ((id >= 6832916) AND (id <= 6833915))
	        ->  Bitmap Index Scan on sbtest6_pkey  (cost=0.00..27.46 rows=1103 width=0)
	              Index Cond: ((id >= 6832916) AND (id <= 6833915))

table 7 : explain SELECT SUM(k) FROM sbtest7 WHERE id BETWEEN 6981102 AND 6982101
	Aggregate  (cost=3745.34..3745.35 rows=1 width=8)
	  ->  Bitmap Heap Scan on sbtest7  (cost=22.36..3742.92 rows=968 width=4)
	        Recheck Cond: ((id >= 6981102) AND (id <= 6982101))
	        ->  Bitmap Index Scan on sbtest7_pkey  (cost=0.00..22.11 rows=968 width=0)
	              Index Cond: ((id >= 6981102) AND (id <= 6982101))

table 8 : explain SELECT SUM(k) FROM sbtest8 WHERE id BETWEEN 9736523 AND 9737522
	Aggregate  (cost=4145.07..4145.08 rows=1 width=8)
	  ->  Bitmap Heap Scan on sbtest8  (cost=27.43..4142.39 rows=1073 width=4)
	        Recheck Cond: ((id >= 9736523) AND (id <= 9737522))
	        ->  Bitmap Index Scan on sbtest8_pkey  (cost=0.00..27.16 rows=1073 width=0)
	              Index Cond: ((id >= 9736523) AND (id <= 9737522))

for point_selects
table 1 : explain SELECT c FROM sbtest1 WHERE id=5608102
	Index Scan using sbtest1_pkey on sbtest1  (cost=0.43..8.45 rows=1 width=121)
	  Index Cond: (id = 5608102)

table 2 : explain SELECT c FROM sbtest2 WHERE id=1532447
	Index Scan using sbtest2_pkey on sbtest2  (cost=0.43..8.45 rows=1 width=121)
	  Index Cond: (id = 1532447)

table 3 : explain SELECT c FROM sbtest3 WHERE id=82543
	Index Scan using sbtest3_pkey on sbtest3  (cost=0.43..8.45 rows=1 width=121)
	  Index Cond: (id = 82543)

table 4 : explain SELECT c FROM sbtest4 WHERE id=5954317
	Index Scan using sbtest4_pkey on sbtest4  (cost=0.43..8.45 rows=1 width=121)
	  Index Cond: (id = 5954317)

table 5 : explain SELECT c FROM sbtest5 WHERE id=3835202
	Index Scan using sbtest5_pkey on sbtest5  (cost=0.43..8.45 rows=1 width=121)
	  Index Cond: (id = 3835202)

table 6 : explain SELECT c FROM sbtest6 WHERE id=5953558
	Index Scan using sbtest6_pkey on sbtest6  (cost=0.43..8.45 rows=1 width=121)
	  Index Cond: (id = 5953558)

table 7 : explain SELECT c FROM sbtest7 WHERE id=6642412
	Index Scan using sbtest7_pkey on sbtest7  (cost=0.43..8.45 rows=1 width=121)
	  Index Cond: (id = 6642412)

table 8 : explain SELECT c FROM sbtest8 WHERE id=6253271
	Index Scan using sbtest8_pkey on sbtest8  (cost=0.43..8.45 rows=1 width=121)
	  Index Cond: (id = 6253271)

for: sum_ranges
table 1 : explain SELECT SUM(k) FROM sbtest1 WHERE id BETWEEN 8390733 AND 8391732
	Aggregate  (cost=3741.87..3741.88 rows=1 width=8)
	  ->  Bitmap Heap Scan on sbtest1  (cost=22.36..3739.45 rows=968 width=4)
	        Recheck Cond: ((id >= 8390733) AND (id <= 8391732))
	        ->  Bitmap Index Scan on sbtest1_pkey  (cost=0.00..22.11 rows=968 width=0)
	              Index Cond: ((id >= 8390733) AND (id <= 8391732))

table 2 : explain SELECT SUM(k) FROM sbtest2 WHERE id BETWEEN 5183970 AND 5184969
	Aggregate  (cost=3561.73..3561.74 rows=1 width=8)
	  ->  Bitmap Heap Scan on sbtest2  (cost=21.87..3559.43 rows=920 width=4)
	        Recheck Cond: ((id >= 5183970) AND (id <= 5184969))
	        ->  Bitmap Index Scan on sbtest2_pkey  (cost=0.00..21.64 rows=920 width=0)
	              Index Cond: ((id >= 5183970) AND (id <= 5184969))

table 3 : explain SELECT SUM(k) FROM sbtest3 WHERE id BETWEEN 6135360 AND 6136359
	Aggregate  (cost=3758.19..3758.20 rows=1 width=8)
	  ->  Bitmap Heap Scan on sbtest3  (cost=22.40..3755.76 rows=972 width=4)
	        Recheck Cond: ((id >= 6135360) AND (id <= 6136359))
	        ->  Bitmap Index Scan on sbtest3_pkey  (cost=0.00..22.15 rows=972 width=0)
	              Index Cond: ((id >= 6135360) AND (id <= 6136359))

table 4 : explain SELECT SUM(k) FROM sbtest4 WHERE id BETWEEN 5917766 AND 5918765
	Aggregate  (cost=3619.49..3619.50 rows=1 width=8)
	  ->  Bitmap Heap Scan on sbtest4  (cost=22.02..3617.15 rows=935 width=4)
	        Recheck Cond: ((id >= 5917766) AND (id <= 5918765))
	        ->  Bitmap Index Scan on sbtest4_pkey  (cost=0.00..21.79 rows=935 width=0)
	              Index Cond: ((id >= 5917766) AND (id <= 5918765))

table 5 : explain SELECT SUM(k) FROM sbtest5 WHERE id BETWEEN 6695036 AND 6696035
	Aggregate  (cost=3672.47..3672.48 rows=1 width=8)
	  ->  Bitmap Heap Scan on sbtest5  (cost=22.16..3670.10 rows=949 width=4)
	        Recheck Cond: ((id >= 6695036) AND (id <= 6696035))
	        ->  Bitmap Index Scan on sbtest5_pkey  (cost=0.00..21.93 rows=949 width=0)
	              Index Cond: ((id >= 6695036) AND (id <= 6696035))

table 6 : explain SELECT SUM(k) FROM sbtest6 WHERE id BETWEEN 4543422 AND 4544421
	Aggregate  (cost=3898.89..3898.90 rows=1 width=8)
	  ->  Bitmap Heap Scan on sbtest6  (cost=22.78..3896.37 rows=1009 width=4)
	        Recheck Cond: ((id >= 4543422) AND (id <= 4544421))
	        ->  Bitmap Index Scan on sbtest6_pkey  (cost=0.00..22.52 rows=1009 width=0)
	              Index Cond: ((id >= 4543422) AND (id <= 4544421))

table 7 : explain SELECT SUM(k) FROM sbtest7 WHERE id BETWEEN 1074483 AND 1075482
	Aggregate  (cost=3711.34..3711.35 rows=1 width=8)
	  ->  Bitmap Heap Scan on sbtest7  (cost=22.26..3708.94 rows=959 width=4)
	        Recheck Cond: ((id >= 1074483) AND (id <= 1075482))
	        ->  Bitmap Index Scan on sbtest7_pkey  (cost=0.00..22.02 rows=959 width=0)
	              Index Cond: ((id >= 1074483) AND (id <= 1075482))

table 8 : explain SELECT SUM(k) FROM sbtest8 WHERE id BETWEEN 8064584 AND 8065583
	Aggregate  (cost=4066.02..4066.03 rows=1 width=8)
	  ->  Bitmap Heap Scan on sbtest8  (cost=27.22..4063.39 rows=1052 width=4)
	        Recheck Cond: ((id >= 8064584) AND (id <= 8065583))
	        ->  Bitmap Index Scan on sbtest8_pkey  (cost=0.00..26.95 rows=1052 width=0)
	              Index Cond: ((id >= 8064584) AND (id <= 8065583))

explain: for point_selects :: explain SELECT c FROM sbtest%u WHERE id=%u
for: simple_ranges
table 1 : explain SELECT c FROM sbtest1 WHERE id BETWEEN 3785900 AND 3786899
	Bitmap Heap Scan on sbtest1  (cost=22.83..3912.67 rows=1014 width=121)
	  Recheck Cond: ((id >= 3785900) AND (id <= 3786899))
	  ->  Bitmap Index Scan on sbtest1_pkey  (cost=0.00..22.57 rows=1014 width=0)
	        Index Cond: ((id >= 3785900) AND (id <= 3786899))

table 2 : explain SELECT c FROM sbtest2 WHERE id BETWEEN 6570572 AND 6571571
	Bitmap Heap Scan on sbtest2  (cost=21.34..3366.64 rows=869 width=121)
	  Recheck Cond: ((id >= 6570572) AND (id <= 6571571))
	  ->  Bitmap Index Scan on sbtest2_pkey  (cost=0.00..21.12 rows=869 width=0)
	        Index Cond: ((id >= 6570572) AND (id <= 6571571))

table 3 : explain SELECT c FROM sbtest3 WHERE id BETWEEN 9108408 AND 9109407
	Bitmap Heap Scan on sbtest3  (cost=22.45..3774.61 rows=977 width=121)
	  Recheck Cond: ((id >= 9108408) AND (id <= 9109407))
	  ->  Bitmap Index Scan on sbtest3_pkey  (cost=0.00..22.20 rows=977 width=0)
	        Index Cond: ((id >= 9108408) AND (id <= 9109407))

table 4 : explain SELECT c FROM sbtest4 WHERE id BETWEEN 8539508 AND 8540507
	Bitmap Heap Scan on sbtest4  (cost=22.45..3775.65 rows=977 width=121)
	  Recheck Cond: ((id >= 8539508) AND (id <= 8540507))
	  ->  Bitmap Index Scan on sbtest4_pkey  (cost=0.00..22.20 rows=977 width=0)
	        Index Cond: ((id >= 8539508) AND (id <= 8540507))

table 5 : explain SELECT c FROM sbtest5 WHERE id BETWEEN 7581274 AND 7582273
	Bitmap Heap Scan on sbtest5  (cost=23.18..4043.17 rows=1048 width=121)
	  Recheck Cond: ((id >= 7581274) AND (id <= 7582273))
	  ->  Bitmap Index Scan on sbtest5_pkey  (cost=0.00..22.91 rows=1048 width=0)
	        Index Cond: ((id >= 7581274) AND (id <= 7582273))

table 6 : explain SELECT c FROM sbtest6 WHERE id BETWEEN 8502902 AND 8503901
	Bitmap Heap Scan on sbtest6  (cost=22.43..3768.22 rows=975 width=121)
	  Recheck Cond: ((id >= 8502902) AND (id <= 8503901))
	  ->  Bitmap Index Scan on sbtest6_pkey  (cost=0.00..22.18 rows=975 width=0)
	        Index Cond: ((id >= 8502902) AND (id <= 8503901))

table 7 : explain SELECT c FROM sbtest7 WHERE id BETWEEN 9054873 AND 9055872
	Bitmap Heap Scan on sbtest7  (cost=27.83..4289.06 rows=1112 width=121)
	  Recheck Cond: ((id >= 9054873) AND (id <= 9055872))
	  ->  Bitmap Index Scan on sbtest7_pkey  (cost=0.00..27.55 rows=1112 width=0)
	        Index Cond: ((id >= 9054873) AND (id <= 9055872))

table 8 : explain SELECT c FROM sbtest8 WHERE id BETWEEN 5563235 AND 5564234
	Bitmap Heap Scan on sbtest8  (cost=22.43..3769.25 rows=975 width=121)
	  Recheck Cond: ((id >= 5563235) AND (id <= 5564234))
	  ->  Bitmap Index Scan on sbtest8_pkey  (cost=0.00..22.18 rows=975 width=0)
	        Index Cond: ((id >= 5563235) AND (id <= 5564234))

explain: for point_selects :: explain SELECT c FROM sbtest%u WHERE id=%u
explain: for point_selects :: explain SELECT c FROM sbtest%u WHERE id=%u
explain: for point_selects :: explain SELECT c FROM sbtest%u WHERE id=%u
explain: for point_selects :: explain SELECT c FROM sbtest%u WHERE id=%u
explain: for point_selects :: explain SELECT c FROM sbtest%u WHERE id=%u
for: sum_ranges
table 1 : explain SELECT SUM(k) FROM sbtest1 WHERE id BETWEEN 2191378 AND 2192377
	Aggregate  (cost=3986.72..3986.73 rows=1 width=8)
	  ->  Bitmap Heap Scan on sbtest1  (cost=23.02..3984.14 rows=1033 width=4)
	        Recheck Cond: ((id >= 2191378) AND (id <= 2192377))
	        ->  Bitmap Index Scan on sbtest1_pkey  (cost=0.00..22.76 rows=1033 width=0)
	              Index Cond: ((id >= 2191378) AND (id <= 2192377))

table 2 : explain SELECT SUM(k) FROM sbtest2 WHERE id BETWEEN 6565981 AND 6566980
	Aggregate  (cost=3368.81..3368.82 rows=1 width=8)
	  ->  Bitmap Heap Scan on sbtest2  (cost=21.34..3366.64 rows=869 width=4)
	        Recheck Cond: ((id >= 6565981) AND (id <= 6566980))
	        ->  Bitmap Index Scan on sbtest2_pkey  (cost=0.00..21.12 rows=869 width=0)
	              Index Cond: ((id >= 6565981) AND (id <= 6566980))

table 3 : explain SELECT SUM(k) FROM sbtest3 WHERE id BETWEEN 9621831 AND 9622830
	Aggregate  (cost=3893.91..3893.92 rows=1 width=8)
	  ->  Bitmap Heap Scan on sbtest3  (cost=22.77..3891.39 rows=1008 width=4)
	        Recheck Cond: ((id >= 9621831) AND (id <= 9622830))
	        ->  Bitmap Index Scan on sbtest3_pkey  (cost=0.00..22.51 rows=1008 width=0)
	              Index Cond: ((id >= 9621831) AND (id <= 9622830))

table 4 : explain SELECT SUM(k) FROM sbtest4 WHERE id BETWEEN 4343776 AND 4344775
	Aggregate  (cost=3917.62..3917.63 rows=1 width=8)
	  ->  Bitmap Heap Scan on sbtest4  (cost=22.83..3915.08 rows=1014 width=4)
	        Recheck Cond: ((id >= 4343776) AND (id <= 4344775))
	        ->  Bitmap Index Scan on sbtest4_pkey  (cost=0.00..22.57 rows=1014 width=0)
	              Index Cond: ((id >= 4343776) AND (id <= 4344775))

table 5 : explain SELECT SUM(k) FROM sbtest5 WHERE id BETWEEN 7087213 AND 7088212
	Aggregate  (cost=3849.86..3849.87 rows=1 width=8)
	  ->  Bitmap Heap Scan on sbtest5  (cost=22.64..3847.37 rows=996 width=4)
	        Recheck Cond: ((id >= 7087213) AND (id <= 7088212))
	        ->  Bitmap Index Scan on sbtest5_pkey  (cost=0.00..22.39 rows=996 width=0)
	              Index Cond: ((id >= 7087213) AND (id <= 7088212))

table 6 : explain SELECT SUM(k) FROM sbtest6 WHERE id BETWEEN 1697813 AND 1698812
	Aggregate  (cost=3630.93..3630.94 rows=1 width=8)
	  ->  Bitmap Heap Scan on sbtest6  (cost=22.05..3628.59 rows=938 width=4)
	        Recheck Cond: ((id >= 1697813) AND (id <= 1698812))
	        ->  Bitmap Index Scan on sbtest6_pkey  (cost=0.00..21.82 rows=938 width=0)
	              Index Cond: ((id >= 1697813) AND (id <= 1698812))

table 7 : explain SELECT SUM(k) FROM sbtest7 WHERE id BETWEEN 9432679 AND 9433678
	Aggregate  (cost=3767.99..3768.00 rows=1 width=8)
	  ->  Bitmap Heap Scan on sbtest7  (cost=22.42..3765.56 rows=974 width=4)
	        Recheck Cond: ((id >= 9432679) AND (id <= 9433678))
	        ->  Bitmap Index Scan on sbtest7_pkey  (cost=0.00..22.18 rows=974 width=0)
	              Index Cond: ((id >= 9432679) AND (id <= 9433678))

table 8 : explain SELECT SUM(k) FROM sbtest8 WHERE id BETWEEN 9843280 AND 9844279
	Aggregate  (cost=4396.95..4396.96 rows=1 width=8)
	  ->  Bitmap Heap Scan on sbtest8  (cost=28.13..4394.10 rows=1141 width=4)
	        Recheck Cond: ((id >= 9843280) AND (id <= 9844279))
	        ->  Bitmap Index Scan on sbtest8_pkey  (cost=0.00..27.84 rows=1141 width=0)
	              Index Cond: ((id >= 9843280) AND (id <= 9844279))

for: simple_ranges
table 1 : explain SELECT c FROM sbtest1 WHERE id BETWEEN 7763415 AND 7764414
	Bitmap Heap Scan on sbtest1  (cost=22.76..3886.33 rows=1007 width=121)
	  Recheck Cond: ((id >= 7763415) AND (id <= 7764414))
	  ->  Bitmap Index Scan on sbtest1_pkey  (cost=0.00..22.50 rows=1007 width=0)
	        Index Cond: ((id >= 7763415) AND (id <= 7764414))

table 2 : explain SELECT c FROM sbtest2 WHERE id BETWEEN 8560503 AND 8561502
	Bitmap Heap Scan on sbtest2  (cost=22.76..3887.51 rows=1007 width=121)
	  Recheck Cond: ((id >= 8560503) AND (id <= 8561502))
	  ->  Bitmap Index Scan on sbtest2_pkey  (cost=0.00..22.50 rows=1007 width=0)
	        Index Cond: ((id >= 8560503) AND (id <= 8561502))

table 3 : explain SELECT c FROM sbtest3 WHERE id BETWEEN 4690934 AND 4691933
	Bitmap Heap Scan on sbtest3  (cost=22.71..3868.80 rows=1002 width=121)
	  Recheck Cond: ((id >= 4690934) AND (id <= 4691933))
	  ->  Bitmap Index Scan on sbtest3_pkey  (cost=0.00..22.45 rows=1002 width=0)
	        Index Cond: ((id >= 4690934) AND (id <= 4691933))

table 4 : explain SELECT c FROM sbtest4 WHERE id BETWEEN 4788074 AND 4789073
	Bitmap Heap Scan on sbtest4  (cost=22.22..3692.65 rows=955 width=121)
	  Recheck Cond: ((id >= 4788074) AND (id <= 4789073))
	  ->  Bitmap Index Scan on sbtest4_pkey  (cost=0.00..21.98 rows=955 width=0)
	        Index Cond: ((id >= 4788074) AND (id <= 4789073))

table 5 : explain SELECT c FROM sbtest5 WHERE id BETWEEN 111604 AND 112603
	Bitmap Heap Scan on sbtest5  (cost=23.03..3990.49 rows=1034 width=121)
	  Recheck Cond: ((id >= 111604) AND (id <= 112603))
	  ->  Bitmap Index Scan on sbtest5_pkey  (cost=0.00..22.77 rows=1034 width=0)
	        Index Cond: ((id >= 111604) AND (id <= 112603))

table 6 : explain SELECT c FROM sbtest6 WHERE id BETWEEN 6823137 AND 6824136
	Bitmap Heap Scan on sbtest6  (cost=27.74..4253.91 rows=1103 width=121)
	  Recheck Cond: ((id >= 6823137) AND (id <= 6824136))
	  ->  Bitmap Index Scan on sbtest6_pkey  (cost=0.00..27.46 rows=1103 width=0)
	        Index Cond: ((id >= 6823137) AND (id <= 6824136))

table 7 : explain SELECT c FROM sbtest7 WHERE id BETWEEN 3986957 AND 3987956
	Bitmap Heap Scan on sbtest7  (cost=22.04..3625.86 rows=937 width=121)
	  Recheck Cond: ((id >= 3986957) AND (id <= 3987956))
	  ->  Bitmap Index Scan on sbtest7_pkey  (cost=0.00..21.80 rows=937 width=0)
	        Index Cond: ((id >= 3986957) AND (id <= 3987956))

table 8 : explain SELECT c FROM sbtest8 WHERE id BETWEEN 4412502 AND 4413501
	Bitmap Heap Scan on sbtest8  (cost=26.91..3950.44 rows=1022 width=121)
	  Recheck Cond: ((id >= 4412502) AND (id <= 4413501))
	  ->  Bitmap Index Scan on sbtest8_pkey  (cost=0.00..26.65 rows=1022 width=0)
	        Index Cond: ((id >= 4412502) AND (id <= 4413501))

for point_selects
table 1 : explain SELECT c FROM sbtest1 WHERE id=5444739
	Index Scan using sbtest1_pkey on sbtest1  (cost=0.43..8.45 rows=1 width=121)
	  Index Cond: (id = 5444739)

table 2 : explain SELECT c FROM sbtest2 WHERE id=1597251
	Index Scan using sbtest2_pkey on sbtest2  (cost=0.43..8.45 rows=1 width=121)
	  Index Cond: (id = 1597251)

table 3 : explain SELECT c FROM sbtest3 WHERE id=2577134
	Index Scan using sbtest3_pkey on sbtest3  (cost=0.43..8.45 rows=1 width=121)
	  Index Cond: (id = 2577134)

table 4 : explain SELECT c FROM sbtest4 WHERE id=7194197
	Index Scan using sbtest4_pkey on sbtest4  (cost=0.43..8.45 rows=1 width=121)
	  Index Cond: (id = 7194197)

table 5 : explain SELECT c FROM sbtest5 WHERE id=1824865
	Index Scan using sbtest5_pkey on sbtest5  (cost=0.43..8.45 rows=1 width=121)
	  Index Cond: (id = 1824865)

table 6 : explain SELECT c FROM sbtest6 WHERE id=2212050
	Index Scan using sbtest6_pkey on sbtest6  (cost=0.43..8.45 rows=1 width=121)
	  Index Cond: (id = 2212050)

table 7 : explain SELECT c FROM sbtest7 WHERE id=5165753
	Index Scan using sbtest7_pkey on sbtest7  (cost=0.43..8.45 rows=1 width=121)
	  Index Cond: (id = 5165753)

table 8 : explain SELECT c FROM sbtest8 WHERE id=4883249
	Index Scan using sbtest8_pkey on sbtest8  (cost=0.43..8.45 rows=1 width=121)
	  Index Cond: (id = 4883249)

explain: for point_selects :: explain SELECT c FROM sbtest%u WHERE id=%u
for: sum_ranges
table 1 : explain SELECT SUM(k) FROM sbtest1 WHERE id BETWEEN 3282346 AND 3283345
	Aggregate  (cost=3941.56..3941.57 rows=1 width=8)
	  ->  Bitmap Heap Scan on sbtest1  (cost=22.90..3939.01 rows=1021 width=4)
	        Recheck Cond: ((id >= 3282346) AND (id <= 3283345))
	        ->  Bitmap Index Scan on sbtest1_pkey  (cost=0.00..22.64 rows=1021 width=0)
	              Index Cond: ((id >= 3282346) AND (id <= 3283345))

table 2 : explain SELECT SUM(k) FROM sbtest2 WHERE id BETWEEN 1520581 AND 1521580
	Aggregate  (cost=3693.92..3693.93 rows=1 width=8)
	  ->  Bitmap Heap Scan on sbtest2  (cost=22.22..3691.54 rows=955 width=4)
	        Recheck Cond: ((id >= 1520581) AND (id <= 1521580))
	        ->  Bitmap Index Scan on sbtest2_pkey  (cost=0.00..21.98 rows=955 width=0)
	              Index Cond: ((id >= 1520581) AND (id <= 1521580))

table 3 : explain SELECT SUM(k) FROM sbtest3 WHERE id BETWEEN 3295713 AND 3296712
	Aggregate  (cost=3803.45..3803.46 rows=1 width=8)
	  ->  Bitmap Heap Scan on sbtest3  (cost=22.52..3800.99 rows=984 width=4)
	        Recheck Cond: ((id >= 3295713) AND (id <= 3296712))
	        ->  Bitmap Index Scan on sbtest3_pkey  (cost=0.00..22.27 rows=984 width=0)
	              Index Cond: ((id >= 3295713) AND (id <= 3296712))

table 4 : explain SELECT SUM(k) FROM sbtest4 WHERE id BETWEEN 1871191 AND 1872190
	Aggregate  (cost=3570.35..3570.36 rows=1 width=8)
	  ->  Bitmap Heap Scan on sbtest4  (cost=21.89..3568.04 rows=922 width=4)
	        Recheck Cond: ((id >= 1871191) AND (id <= 1872190))
	        ->  Bitmap Index Scan on sbtest4_pkey  (cost=0.00..21.65 rows=922 width=0)
	              Index Cond: ((id >= 1871191) AND (id <= 1872190))

table 5 : explain SELECT SUM(k) FROM sbtest5 WHERE id BETWEEN 4980997 AND 4981996
	Aggregate  (cost=3876.25..3876.26 rows=1 width=8)
	  ->  Bitmap Heap Scan on sbtest5  (cost=22.72..3873.75 rows=1003 width=4)
	        Recheck Cond: ((id >= 4980997) AND (id <= 4981996))
	        ->  Bitmap Index Scan on sbtest5_pkey  (cost=0.00..22.46 rows=1003 width=0)
	              Index Cond: ((id >= 4980997) AND (id <= 4981996))

table 6 : explain SELECT SUM(k) FROM sbtest6 WHERE id BETWEEN 9862194 AND 9863193
	Aggregate  (cost=3778.20..3778.21 rows=1 width=8)
	  ->  Bitmap Heap Scan on sbtest6  (cost=22.45..3775.76 rows=977 width=4)
	        Recheck Cond: ((id >= 9862194) AND (id <= 9863193))
	        ->  Bitmap Index Scan on sbtest6_pkey  (cost=0.00..22.20 rows=977 width=0)
	              Index Cond: ((id >= 9862194) AND (id <= 9863193))

table 7 : explain SELECT SUM(k) FROM sbtest7 WHERE id BETWEEN 64715 AND 65714
	Aggregate  (cost=3594.17..3594.18 rows=1 width=8)
	  ->  Bitmap Heap Scan on sbtest7  (cost=21.95..3591.85 rows=928 width=4)
	        Recheck Cond: ((id >= 64715) AND (id <= 65714))
	        ->  Bitmap Index Scan on sbtest7_pkey  (cost=0.00..21.71 rows=928 width=0)
	              Index Cond: ((id >= 64715) AND (id <= 65714))

table 8 : explain SELECT SUM(k) FROM sbtest8 WHERE id BETWEEN 6771193 AND 6772192
	Aggregate  (cost=3741.48..3741.49 rows=1 width=8)
	  ->  Bitmap Heap Scan on sbtest8  (cost=22.35..3739.06 rows=967 width=4)
	        Recheck Cond: ((id >= 6771193) AND (id <= 6772192))
	        ->  Bitmap Index Scan on sbtest8_pkey  (cost=0.00..22.11 rows=967 width=0)
	              Index Cond: ((id >= 6771193) AND (id <= 6772192))

explain: for point_selects :: explain SELECT c FROM sbtest%u WHERE id=%u
for: order_ranges
table 1 : explain SELECT c FROM sbtest1 WHERE id BETWEEN 1730416 AND 1731415 ORDER BY c
	Sort  (cost=3615.19..3617.49 rows=923 width=121)
	  Sort Key: c
	  ->  Bitmap Heap Scan on sbtest1  (cost=21.90..3569.73 rows=923 width=121)
	        Recheck Cond: ((id >= 1730416) AND (id <= 1731415))
	        ->  Bitmap Index Scan on sbtest1_pkey  (cost=0.00..21.66 rows=923 width=0)
	              Index Cond: ((id >= 1730416) AND (id <= 1731415))

table 2 : explain SELECT c FROM sbtest2 WHERE id BETWEEN 7869649 AND 7870648 ORDER BY c
	Sort  (cost=3558.71..3560.98 rows=908 width=121)
	  Sort Key: c
	  ->  Bitmap Heap Scan on sbtest2  (cost=21.74..3514.10 rows=908 width=121)
	        Recheck Cond: ((id >= 7869649) AND (id <= 7870648))
	        ->  Bitmap Index Scan on sbtest2_pkey  (cost=0.00..21.51 rows=908 width=0)
	              Index Cond: ((id >= 7869649) AND (id <= 7870648))

table 3 : explain SELECT c FROM sbtest3 WHERE id BETWEEN 9869751 AND 9870750 ORDER BY c
	Sort  (cost=4151.73..4154.39 rows=1063 width=121)
	  Sort Key: c
	  ->  Bitmap Heap Scan on sbtest3  (cost=23.33..4098.29 rows=1063 width=121)
	        Recheck Cond: ((id >= 9869751) AND (id <= 9870750))
	        ->  Bitmap Index Scan on sbtest3_pkey  (cost=0.00..23.07 rows=1063 width=0)
	              Index Cond: ((id >= 9869751) AND (id <= 9870750))

table 4 : explain SELECT c FROM sbtest4 WHERE id BETWEEN 6009441 AND 6010440 ORDER BY c
	Sort  (cost=3663.29..3665.62 rows=935 width=121)
	  Sort Key: c
	  ->  Bitmap Heap Scan on sbtest4  (cost=22.02..3617.15 rows=935 width=121)
	        Recheck Cond: ((id >= 6009441) AND (id <= 6010440))
	        ->  Bitmap Index Scan on sbtest4_pkey  (cost=0.00..21.79 rows=935 width=0)
	              Index Cond: ((id >= 6009441) AND (id <= 6010440))

table 5 : explain SELECT c FROM sbtest5 WHERE id BETWEEN 6187283 AND 6188282 ORDER BY c
	Sort  (cost=3770.66..3773.06 rows=963 width=121)
	  Sort Key: c
	  ->  Bitmap Heap Scan on sbtest5  (cost=22.31..3722.93 rows=963 width=121)
	        Recheck Cond: ((id >= 6187283) AND (id <= 6188282))
	        ->  Bitmap Index Scan on sbtest5_pkey  (cost=0.00..22.07 rows=963 width=0)
	              Index Cond: ((id >= 6187283) AND (id <= 6188282))

table 6 : explain SELECT c FROM sbtest6 WHERE id BETWEEN 95264 AND 96263 ORDER BY c
	Sort  (cost=3717.05..3719.42 rows=949 width=121)
	  Sort Key: c
	  ->  Bitmap Heap Scan on sbtest6  (cost=22.16..3670.12 rows=949 width=121)
	        Recheck Cond: ((id >= 95264) AND (id <= 96263))
	        ->  Bitmap Index Scan on sbtest6_pkey  (cost=0.00..21.93 rows=949 width=0)
	              Index Cond: ((id >= 95264) AND (id <= 96263))

table 7 : explain SELECT c FROM sbtest7 WHERE id BETWEEN 4166760 AND 4167759 ORDER BY c
	Sort  (cost=3649.10..3651.43 rows=931 width=121)
	  Sort Key: c
	  ->  Bitmap Heap Scan on sbtest7  (cost=21.98..3603.19 rows=931 width=121)
	        Recheck Cond: ((id >= 4166760) AND (id <= 4167759))
	        ->  Bitmap Index Scan on sbtest7_pkey  (cost=0.00..21.75 rows=931 width=0)
	              Index Cond: ((id >= 4166760) AND (id <= 4167759))

table 8 : explain SELECT c FROM sbtest8 WHERE id BETWEEN 8669425 AND 8670424 ORDER BY c
	Sort  (cost=3683.54..3685.89 rows=940 width=121)
	  Sort Key: c
	  ->  Bitmap Heap Scan on sbtest8  (cost=22.07..3637.12 rows=940 width=121)
	        Recheck Cond: ((id >= 8669425) AND (id <= 8670424))
	        ->  Bitmap Index Scan on sbtest8_pkey  (cost=0.00..21.83 rows=940 width=0)
	              Index Cond: ((id >= 8669425) AND (id <= 8670424))

for point_selects
table 1 : explain SELECT c FROM sbtest1 WHERE id=9467980
	Index Scan using sbtest1_pkey on sbtest1  (cost=0.43..8.45 rows=1 width=121)
	  Index Cond: (id = 9467980)

table 2 : explain SELECT c FROM sbtest2 WHERE id=8727926
	Index Scan using sbtest2_pkey on sbtest2  (cost=0.43..8.45 rows=1 width=121)
	  Index Cond: (id = 8727926)

table 3 : explain SELECT c FROM sbtest3 WHERE id=9276683
	Index Scan using sbtest3_pkey on sbtest3  (cost=0.43..8.45 rows=1 width=121)
	  Index Cond: (id = 9276683)

table 4 : explain SELECT c FROM sbtest4 WHERE id=2303875
	Index Scan using sbtest4_pkey on sbtest4  (cost=0.43..8.45 rows=1 width=121)
	  Index Cond: (id = 2303875)

table 5 : explain SELECT c FROM sbtest5 WHERE id=8059278
	Index Scan using sbtest5_pkey on sbtest5  (cost=0.43..8.45 rows=1 width=121)
	  Index Cond: (id = 8059278)

table 6 : explain SELECT c FROM sbtest6 WHERE id=9771264
	Index Scan using sbtest6_pkey on sbtest6  (cost=0.43..8.45 rows=1 width=121)
	  Index Cond: (id = 9771264)

table 7 : explain SELECT c FROM sbtest7 WHERE id=6225129
	Index Scan using sbtest7_pkey on sbtest7  (cost=0.43..8.45 rows=1 width=121)
	  Index Cond: (id = 6225129)

table 8 : explain SELECT c FROM sbtest8 WHERE id=2840656
	Index Scan using sbtest8_pkey on sbtest8  (cost=0.43..8.45 rows=1 width=121)
	  Index Cond: (id = 2840656)

for: order_ranges
table 1 : explain SELECT c FROM sbtest1 WHERE id BETWEEN 4606902 AND 4607901 ORDER BY c
	Sort  (cost=3894.52..3897.01 rows=996 width=121)
	  Sort Key: c
	  ->  Bitmap Heap Scan on sbtest1  (cost=22.64..3844.92 rows=996 width=121)
	        Recheck Cond: ((id >= 4606902) AND (id <= 4607901))
	        ->  Bitmap Index Scan on sbtest1_pkey  (cost=0.00..22.39 rows=996 width=0)
	              Index Cond: ((id >= 4606902) AND (id <= 4607901))

table 2 : explain SELECT c FROM sbtest2 WHERE id BETWEEN 8490598 AND 8491597 ORDER BY c
	Sort  (cost=3627.72..3630.03 rows=926 width=121)
	  Sort Key: c
	  ->  Bitmap Heap Scan on sbtest2  (cost=21.93..3582.09 rows=926 width=121)
	        Recheck Cond: ((id >= 8490598) AND (id <= 8491597))
	        ->  Bitmap Index Scan on sbtest2_pkey  (cost=0.00..21.69 rows=926 width=0)
	              Index Cond: ((id >= 8490598) AND (id <= 8491597))

table 3 : explain SELECT c FROM sbtest3 WHERE id BETWEEN 9062368 AND 9063367 ORDER BY c
	Sort  (cost=3597.16..3599.45 rows=918 width=121)
	  Sort Key: c
	  ->  Bitmap Heap Scan on sbtest3  (cost=21.84..3551.98 rows=918 width=121)
	        Recheck Cond: ((id >= 9062368) AND (id <= 9063367))
	        ->  Bitmap Index Scan on sbtest3_pkey  (cost=0.00..21.61 rows=918 width=0)
	              Index Cond: ((id >= 9062368) AND (id <= 9063367))

table 4 : explain SELECT c FROM sbtest4 WHERE id BETWEEN 317485 AND 318484 ORDER BY c
	Sort  (cost=4076.54..4079.14 rows=1043 width=121)
	  Sort Key: c
	  ->  Bitmap Heap Scan on sbtest4  (cost=23.13..4024.25 rows=1043 width=121)
	        Recheck Cond: ((id >= 317485) AND (id <= 318484))
	        ->  Bitmap Index Scan on sbtest4_pkey  (cost=0.00..22.86 rows=1043 width=0)
	              Index Cond: ((id >= 317485) AND (id <= 318484))

table 5 : explain SELECT c FROM sbtest5 WHERE id BETWEEN 4038859 AND 4039858 ORDER BY c
	Sort  (cost=3686.37..3688.73 rows=941 width=121)
	  Sort Key: c
	  ->  Bitmap Heap Scan on sbtest5  (cost=22.08..3639.90 rows=941 width=121)
	        Recheck Cond: ((id >= 4038859) AND (id <= 4039858))
	        ->  Bitmap Index Scan on sbtest5_pkey  (cost=0.00..21.84 rows=941 width=0)
	              Index Cond: ((id >= 4038859) AND (id <= 4039858))

table 6 : explain SELECT c FROM sbtest6 WHERE id BETWEEN 6863939 AND 6864938 ORDER BY c
	Sort  (cost=4309.65..4312.41 rows=1103 width=121)
	  Sort Key: c
	  ->  Bitmap Heap Scan on sbtest6  (cost=27.74..4253.91 rows=1103 width=121)
	        Recheck Cond: ((id >= 6863939) AND (id <= 6864938))
	        ->  Bitmap Index Scan on sbtest6_pkey  (cost=0.00..27.46 rows=1103 width=0)
	              Index Cond: ((id >= 6863939) AND (id <= 6864938))

table 7 : explain SELECT c FROM sbtest7 WHERE id BETWEEN 6278583 AND 6279582 ORDER BY c
	Sort  (cost=3760.27..3762.67 rows=960 width=121)
	  Sort Key: c
	  ->  Bitmap Heap Scan on sbtest7  (cost=22.27..3712.72 rows=960 width=121)
	        Recheck Cond: ((id >= 6278583) AND (id <= 6279582))
	        ->  Bitmap Index Scan on sbtest7_pkey  (cost=0.00..22.04 rows=960 width=0)
	              Index Cond: ((id >= 6278583) AND (id <= 6279582))

table 8 : explain SELECT c FROM sbtest8 WHERE id BETWEEN 3963337 AND 3964336 ORDER BY c
	Sort  (cost=4016.82..4019.39 rows=1026 width=121)
	  Sort Key: c
	  ->  Bitmap Heap Scan on sbtest8  (cost=26.95..3965.51 rows=1026 width=121)
	        Recheck Cond: ((id >= 3963337) AND (id <= 3964336))
	        ->  Bitmap Index Scan on sbtest8_pkey  (cost=0.00..26.69 rows=1026 width=0)
	              Index Cond: ((id >= 3963337) AND (id <= 3964336))

for: sum_ranges
table 1 : explain SELECT SUM(k) FROM sbtest1 WHERE id BETWEEN 1322139 AND 1323138
	Aggregate  (cost=3609.80..3609.81 rows=1 width=8)
	  ->  Bitmap Heap Scan on sbtest1  (cost=22.00..3607.47 rows=933 width=4)
	        Recheck Cond: ((id >= 1322139) AND (id <= 1323138))
	        ->  Bitmap Index Scan on sbtest1_pkey  (cost=0.00..21.76 rows=933 width=0)
	              Index Cond: ((id >= 1322139) AND (id <= 1323138))

table 2 : explain SELECT SUM(k) FROM sbtest2 WHERE id BETWEEN 9041119 AND 9042118
	Aggregate  (cost=4048.16..4048.17 rows=1 width=8)
	  ->  Bitmap Heap Scan on sbtest2  (cost=23.19..4045.54 rows=1049 width=4)
	        Recheck Cond: ((id >= 9041119) AND (id <= 9042118))
	        ->  Bitmap Index Scan on sbtest2_pkey  (cost=0.00..22.93 rows=1049 width=0)
	              Index Cond: ((id >= 9041119) AND (id <= 9042118))

table 3 : explain SELECT SUM(k) FROM sbtest3 WHERE id BETWEEN 3497395 AND 3498394
	Aggregate  (cost=3520.26..3520.27 rows=1 width=8)
	  ->  Bitmap Heap Scan on sbtest3  (cost=21.75..3517.98 rows=909 width=4)
	        Recheck Cond: ((id >= 3497395) AND (id <= 3498394))
	        ->  Bitmap Index Scan on sbtest3_pkey  (cost=0.00..21.52 rows=909 width=0)
	              Index Cond: ((id >= 3497395) AND (id <= 3498394))

table 4 : explain SELECT SUM(k) FROM sbtest4 WHERE id BETWEEN 6551158 AND 6552157
	Aggregate  (cost=4301.64..4301.65 rows=1 width=8)
	  ->  Bitmap Heap Scan on sbtest4  (cost=27.87..4298.85 rows=1116 width=4)
	        Recheck Cond: ((id >= 6551158) AND (id <= 6552157))
	        ->  Bitmap Index Scan on sbtest4_pkey  (cost=0.00..27.59 rows=1116 width=0)
	              Index Cond: ((id >= 6551158) AND (id <= 6552157))

table 5 : explain SELECT SUM(k) FROM sbtest5 WHERE id BETWEEN 9126192 AND 9127191
	Aggregate  (cost=3717.79..3717.80 rows=1 width=8)
	  ->  Bitmap Heap Scan on sbtest5  (cost=22.29..3715.39 rows=961 width=4)
	        Recheck Cond: ((id >= 9126192) AND (id <= 9127191))
	        ->  Bitmap Index Scan on sbtest5_pkey  (cost=0.00..22.04 rows=961 width=0)
	              Index Cond: ((id >= 9126192) AND (id <= 9127191))

table 6 : explain SELECT SUM(k) FROM sbtest6 WHERE id BETWEEN 8379969 AND 8380968
	Aggregate  (cost=3797.07..3797.08 rows=1 width=8)
	  ->  Bitmap Heap Scan on sbtest6  (cost=22.50..3794.61 rows=982 width=4)
	        Recheck Cond: ((id >= 8379969) AND (id <= 8380968))
	        ->  Bitmap Index Scan on sbtest6_pkey  (cost=0.00..22.25 rows=982 width=0)
	              Index Cond: ((id >= 8379969) AND (id <= 8380968))

table 7 : explain SELECT SUM(k) FROM sbtest7 WHERE id BETWEEN 9638911 AND 9639910
	Aggregate  (cost=4460.88..4460.89 rows=1 width=8)
	  ->  Bitmap Heap Scan on sbtest7  (cost=28.30..4457.98 rows=1158 width=4)
	        Recheck Cond: ((id >= 9638911) AND (id <= 9639910))
	        ->  Bitmap Index Scan on sbtest7_pkey  (cost=0.00..28.01 rows=1158 width=0)
	              Index Cond: ((id >= 9638911) AND (id <= 9639910))

table 8 : explain SELECT SUM(k) FROM sbtest8 WHERE id BETWEEN 6566147 AND 6567146
	Aggregate  (cost=3816.98..3816.99 rows=1 width=8)
	  ->  Bitmap Heap Scan on sbtest8  (cost=22.55..3814.52 rows=987 width=4)
	        Recheck Cond: ((id >= 6566147) AND (id <= 6567146))
	        ->  Bitmap Index Scan on sbtest8_pkey  (cost=0.00..22.30 rows=987 width=0)
	              Index Cond: ((id >= 6566147) AND (id <= 6567146))

for: sum_ranges
table 1 : explain SELECT SUM(k) FROM sbtest1 WHERE id BETWEEN 4681648 AND 4682647
	Aggregate  (cost=3715.47..3715.48 rows=1 width=8)
	  ->  Bitmap Heap Scan on sbtest1  (cost=22.29..3713.07 rows=961 width=4)
	        Recheck Cond: ((id >= 4681648) AND (id <= 4682647))
	        ->  Bitmap Index Scan on sbtest1_pkey  (cost=0.00..22.04 rows=961 width=0)
	              Index Cond: ((id >= 4681648) AND (id <= 4682647))

table 2 : explain SELECT SUM(k) FROM sbtest2 WHERE id BETWEEN 3889564 AND 3890563
	Aggregate  (cost=4130.90..4130.91 rows=1 width=8)
	  ->  Bitmap Heap Scan on sbtest2  (cost=23.41..4128.22 rows=1071 width=4)
	        Recheck Cond: ((id >= 3889564) AND (id <= 3890563))
	        ->  Bitmap Index Scan on sbtest2_pkey  (cost=0.00..23.14 rows=1071 width=0)
	              Index Cond: ((id >= 3889564) AND (id <= 3890563))

table 3 : explain SELECT SUM(k) FROM sbtest3 WHERE id BETWEEN 8609399 AND 8610398
	Aggregate  (cost=4029.47..4029.48 rows=1 width=8)
	  ->  Bitmap Heap Scan on sbtest3  (cost=23.14..4026.86 rows=1044 width=4)
	        Recheck Cond: ((id >= 8609399) AND (id <= 8610398))
	        ->  Bitmap Index Scan on sbtest3_pkey  (cost=0.00..22.87 rows=1044 width=0)
	              Index Cond: ((id >= 8609399) AND (id <= 8610398))

table 4 : explain SELECT SUM(k) FROM sbtest4 WHERE id BETWEEN 9376271 AND 9377270
	Aggregate  (cost=3604.37..3604.38 rows=1 width=8)
	  ->  Bitmap Heap Scan on sbtest4  (cost=21.98..3602.04 rows=931 width=4)
	        Recheck Cond: ((id >= 9376271) AND (id <= 9377270))
	        ->  Bitmap Index Scan on sbtest4_pkey  (cost=0.00..21.75 rows=931 width=0)
	              Index Cond: ((id >= 9376271) AND (id <= 9377270))

table 5 : explain SELECT SUM(k) FROM sbtest5 WHERE id BETWEEN 3660191 AND 3661190
	Aggregate  (cost=3902.64..3902.65 rows=1 width=8)
	  ->  Bitmap Heap Scan on sbtest5  (cost=22.79..3900.12 rows=1010 width=4)
	        Recheck Cond: ((id >= 3660191) AND (id <= 3661190))
	        ->  Bitmap Index Scan on sbtest5_pkey  (cost=0.00..22.54 rows=1010 width=0)
	              Index Cond: ((id >= 3660191) AND (id <= 3661190))

table 6 : explain SELECT SUM(k) FROM sbtest6 WHERE id BETWEEN 2680717 AND 2681716
	Aggregate  (cost=3725.36..3725.37 rows=1 width=8)
	  ->  Bitmap Heap Scan on sbtest6  (cost=22.31..3722.95 rows=963 width=4)
	        Recheck Cond: ((id >= 2680717) AND (id <= 2681716))
	        ->  Bitmap Index Scan on sbtest6_pkey  (cost=0.00..22.07 rows=963 width=0)
	              Index Cond: ((id >= 2680717) AND (id <= 2681716))

table 7 : explain SELECT SUM(k) FROM sbtest7 WHERE id BETWEEN 9137976 AND 9138975
	Aggregate  (cost=3673.56..3673.57 rows=1 width=8)
	  ->  Bitmap Heap Scan on sbtest7  (cost=22.16..3671.19 rows=949 width=4)
	        Recheck Cond: ((id >= 9137976) AND (id <= 9138975))
	        ->  Bitmap Index Scan on sbtest7_pkey  (cost=0.00..21.93 rows=949 width=0)
	              Index Cond: ((id >= 9137976) AND (id <= 9138975))

table 8 : explain SELECT SUM(k) FROM sbtest8 WHERE id BETWEEN 5890378 AND 5891377
	Aggregate  (cost=3692.37..3692.38 rows=1 width=8)
	  ->  Bitmap Heap Scan on sbtest8  (cost=22.21..3689.99 rows=954 width=4)
	        Recheck Cond: ((id >= 5890378) AND (id <= 5891377))
	        ->  Bitmap Index Scan on sbtest8_pkey  (cost=0.00..21.97 rows=954 width=0)
	              Index Cond: ((id >= 5890378) AND (id <= 5891377))

explain: for point_selects :: explain SELECT c FROM sbtest%u WHERE id=%u
for: order_ranges
table 1 : explain SELECT c FROM sbtest1 WHERE id BETWEEN 3455351 AND 3456350 ORDER BY c
	Sort  (cost=3607.52..3609.83 rows=921 width=121)
	  Sort Key: c
	  ->  Bitmap Heap Scan on sbtest1  (cost=21.88..3562.18 rows=921 width=121)
	        Recheck Cond: ((id >= 3455351) AND (id <= 3456350))
	        ->  Bitmap Index Scan on sbtest1_pkey  (cost=0.00..21.64 rows=921 width=0)
	              Index Cond: ((id >= 3455351) AND (id <= 3456350))

table 2 : explain SELECT c FROM sbtest2 WHERE id BETWEEN 9981715 AND 9982714 ORDER BY c
	Sort  (cost=3865.09..3867.56 rows=988 width=121)
	  Sort Key: c
	  ->  Bitmap Heap Scan on sbtest2  (cost=22.56..3815.94 rows=988 width=121)
	        Recheck Cond: ((id >= 9981715) AND (id <= 9982714))
	        ->  Bitmap Index Scan on sbtest2_pkey  (cost=0.00..22.32 rows=988 width=0)
	              Index Cond: ((id >= 9981715) AND (id <= 9982714))

table 3 : explain SELECT c FROM sbtest3 WHERE id BETWEEN 3320516 AND 3321515 ORDER BY c
	Sort  (cost=4479.73..4482.61 rows=1149 width=121)
	  Sort Key: c
	  ->  Bitmap Heap Scan on sbtest3  (cost=28.21..4421.33 rows=1149 width=121)
	        Recheck Cond: ((id >= 3320516) AND (id <= 3321515))
	        ->  Bitmap Index Scan on sbtest3_pkey  (cost=0.00..27.93 rows=1149 width=0)
	              Index Cond: ((id >= 3320516) AND (id <= 3321515))

table 4 : explain SELECT c FROM sbtest4 WHERE id BETWEEN 1789082 AND 1790081 ORDER BY c
	Sort  (cost=3732.26..3734.64 rows=953 width=121)
	  Sort Key: c
	  ->  Bitmap Heap Scan on sbtest4  (cost=22.20..3685.10 rows=953 width=121)
	        Recheck Cond: ((id >= 1789082) AND (id <= 1790081))
	        ->  Bitmap Index Scan on sbtest4_pkey  (cost=0.00..21.96 rows=953 width=0)
	              Index Cond: ((id >= 1789082) AND (id <= 1790081))

table 5 : explain SELECT c FROM sbtest5 WHERE id BETWEEN 3011326 AND 3012325 ORDER BY c
	Sort  (cost=4049.90..4052.49 rows=1036 width=121)
	  Sort Key: c
	  ->  Bitmap Heap Scan on sbtest5  (cost=23.05..3998.01 rows=1036 width=121)
	        Recheck Cond: ((id >= 3011326) AND (id <= 3012325))
	        ->  Bitmap Index Scan on sbtest5_pkey  (cost=0.00..22.79 rows=1036 width=0)
	              Index Cond: ((id >= 3011326) AND (id <= 3012325))

table 6 : explain SELECT c FROM sbtest6 WHERE id BETWEEN 1557351 AND 1558350 ORDER BY c
	Sort  (cost=3992.59..3995.14 rows=1021 width=121)
	  Sort Key: c
	  ->  Bitmap Heap Scan on sbtest6  (cost=22.90..3941.56 rows=1021 width=121)
	        Recheck Cond: ((id >= 1557351) AND (id <= 1558350))
	        ->  Bitmap Index Scan on sbtest6_pkey  (cost=0.00..22.64 rows=1021 width=0)
	              Index Cond: ((id >= 1557351) AND (id <= 1558350))

table 7 : explain SELECT c FROM sbtest7 WHERE id BETWEEN 955022 AND 956021 ORDER BY c
	Sort  (cost=3507.10..3509.34 rows=894 width=121)
	  Sort Key: c
	  ->  Bitmap Heap Scan on sbtest7  (cost=21.60..3463.28 rows=894 width=121)
	        Recheck Cond: ((id >= 955022) AND (id <= 956021))
	        ->  Bitmap Index Scan on sbtest7_pkey  (cost=0.00..21.37 rows=894 width=0)
	              Index Cond: ((id >= 955022) AND (id <= 956021))

table 8 : explain SELECT c FROM sbtest8 WHERE id BETWEEN 5880263 AND 5881262 ORDER BY c
	Sort  (cost=3737.20..3739.59 rows=954 width=121)
	  Sort Key: c
	  ->  Bitmap Heap Scan on sbtest8  (cost=22.21..3689.99 rows=954 width=121)
	        Recheck Cond: ((id >= 5880263) AND (id <= 5881262))
	        ->  Bitmap Index Scan on sbtest8_pkey  (cost=0.00..21.97 rows=954 width=0)
	              Index Cond: ((id >= 5880263) AND (id <= 5881262))

for: distinct_ranges
table 1 : explain SELECT DISTINCT c FROM sbtest1 WHERE id BETWEEN 1097416 AND 1098415 ORDER BY c
	Unique  (cost=4306.86..4312.38 rows=1104 width=121)
	  ->  Sort  (cost=4306.86..4309.62 rows=1104 width=121)
	        Sort Key: c
	        ->  Bitmap Heap Scan on sbtest1  (cost=27.75..4251.06 rows=1104 width=121)
	              Recheck Cond: ((id >= 1097416) AND (id <= 1098415))
	              ->  Bitmap Index Scan on sbtest1_pkey  (cost=0.00..27.47 rows=1104 width=0)
	                    Index Cond: ((id >= 1097416) AND (id <= 1098415))

table 2 : explain SELECT DISTINCT c FROM sbtest2 WHERE id BETWEEN 2949336 AND 2950335 ORDER BY c
	Unique  (cost=4143.97..4149.27 rows=1061 width=121)
	  ->  Sort  (cost=4143.97..4146.62 rows=1061 width=121)
	        Sort Key: c
	        ->  Bitmap Heap Scan on sbtest2  (cost=23.31..4090.65 rows=1061 width=121)
	              Recheck Cond: ((id >= 2949336) AND (id <= 2950335))
	              ->  Bitmap Index Scan on sbtest2_pkey  (cost=0.00..23.04 rows=1061 width=0)
	                    Index Cond: ((id >= 2949336) AND (id <= 2950335))

table 3 : explain SELECT DISTINCT c FROM sbtest3 WHERE id BETWEEN 6120359 AND 6121358 ORDER BY c
	Unique  (cost=3803.99..3808.85 rows=972 width=121)
	  ->  Sort  (cost=3803.99..3806.42 rows=972 width=121)
	        Sort Key: c
	        ->  Bitmap Heap Scan on sbtest3  (cost=22.40..3755.76 rows=972 width=121)
	              Recheck Cond: ((id >= 6120359) AND (id <= 6121358))
	              ->  Bitmap Index Scan on sbtest3_pkey  (cost=0.00..22.15 rows=972 width=0)
	                    Index Cond: ((id >= 6120359) AND (id <= 6121358))

table 4 : explain SELECT DISTINCT c FROM sbtest4 WHERE id BETWEEN 5738603 AND 5739602 ORDER BY c
	Unique  (cost=3762.90..3767.71 rows=961 width=121)
	  ->  Sort  (cost=3762.90..3765.31 rows=961 width=121)
	        Sort Key: c
	        ->  Bitmap Heap Scan on sbtest4  (cost=22.29..3715.29 rows=961 width=121)
	              Recheck Cond: ((id >= 5738603) AND (id <= 5739602))
	              ->  Bitmap Index Scan on sbtest4_pkey  (cost=0.00..22.04 rows=961 width=0)
	                    Index Cond: ((id >= 5738603) AND (id <= 5739602))

table 5 : explain SELECT DISTINCT c FROM sbtest5 WHERE id BETWEEN 772382 AND 773381 ORDER BY c
	Unique  (cost=4538.28..4544.10 rows=1164 width=121)
	  ->  Sort  (cost=4538.28..4541.19 rows=1164 width=121)
	        Sort Key: c
	        ->  Bitmap Heap Scan on sbtest5  (cost=28.37..4479.01 rows=1164 width=121)
	              Recheck Cond: ((id >= 772382) AND (id <= 773381))
	              ->  Bitmap Index Scan on sbtest5_pkey  (cost=0.00..28.07 rows=1164 width=0)
	                    Index Cond: ((id >= 772382) AND (id <= 773381))

table 6 : explain SELECT DISTINCT c FROM sbtest6 WHERE id BETWEEN 3769151 AND 3770150 ORDER BY c
	Unique  (cost=4049.92..4055.10 rows=1036 width=121)
	  ->  Sort  (cost=4049.92..4052.51 rows=1036 width=121)
	        Sort Key: c
	        ->  Bitmap Heap Scan on sbtest6  (cost=23.05..3998.03 rows=1036 width=121)
	              Recheck Cond: ((id >= 3769151) AND (id <= 3770150))
	              ->  Bitmap Index Scan on sbtest6_pkey  (cost=0.00..22.79 rows=1036 width=0)
	                    Index Cond: ((id >= 3769151) AND (id <= 3770150))

table 7 : explain SELECT DISTINCT c FROM sbtest7 WHERE id BETWEEN 2079929 AND 2080928 ORDER BY c
	Unique  (cost=3894.31..3899.29 rows=995 width=121)
	  ->  Sort  (cost=3894.31..3896.80 rows=995 width=121)
	        Sort Key: c
	        ->  Bitmap Heap Scan on sbtest7  (cost=22.63..3844.77 rows=995 width=121)
	              Recheck Cond: ((id >= 2079929) AND (id <= 2080928))
	              ->  Bitmap Index Scan on sbtest7_pkey  (cost=0.00..22.39 rows=995 width=0)
	                    Index Cond: ((id >= 2079929) AND (id <= 2080928))

table 8 : explain SELECT DISTINCT c FROM sbtest8 WHERE id BETWEEN 3452659 AND 3453658 ORDER BY c
	Unique  (cost=3990.05..3995.15 rows=1019 width=121)
	  ->  Sort  (cost=3990.05..3992.60 rows=1019 width=121)
	        Sort Key: c
	        ->  Bitmap Heap Scan on sbtest8  (cost=26.88..3939.14 rows=1019 width=121)
	              Recheck Cond: ((id >= 3452659) AND (id <= 3453658))
	              ->  Bitmap Index Scan on sbtest8_pkey  (cost=0.00..26.62 rows=1019 width=0)
	                    Index Cond: ((id >= 3452659) AND (id <= 3453658))

for: distinct_ranges
table 1 : explain SELECT DISTINCT c FROM sbtest1 WHERE id BETWEEN 6943327 AND 6944326 ORDER BY c
	Unique  (cost=4020.58..4025.73 rows=1029 width=121)
	  ->  Sort  (cost=4020.58..4023.15 rows=1029 width=121)
	        Sort Key: c
	        ->  Bitmap Heap Scan on sbtest1  (cost=22.98..3969.09 rows=1029 width=121)
	              Recheck Cond: ((id >= 6943327) AND (id <= 6944326))
	              ->  Bitmap Index Scan on sbtest1_pkey  (cost=0.00..22.72 rows=1029 width=0)
	                    Index Cond: ((id >= 6943327) AND (id <= 6944326))

table 2 : explain SELECT DISTINCT c FROM sbtest2 WHERE id BETWEEN 1207919 AND 1208918 ORDER BY c
	Unique  (cost=4151.60..4156.91 rows=1063 width=121)
	  ->  Sort  (cost=4151.60..4154.26 rows=1063 width=121)
	        Sort Key: c
	        ->  Bitmap Heap Scan on sbtest2  (cost=23.33..4098.16 rows=1063 width=121)
	              Recheck Cond: ((id >= 1207919) AND (id <= 1208918))
	              ->  Bitmap Index Scan on sbtest2_pkey  (cost=0.00..23.07 rows=1063 width=0)
	                    Index Cond: ((id >= 1207919) AND (id <= 1208918))

table 3 : explain SELECT DISTINCT c FROM sbtest3 WHERE id BETWEEN 2760381 AND 2761380 ORDER BY c
	Unique  (cost=3937.86..3942.89 rows=1007 width=121)
	  ->  Sort  (cost=3937.86..3940.37 rows=1007 width=121)
	        Sort Key: c
	        ->  Bitmap Heap Scan on sbtest3  (cost=22.76..3887.63 rows=1007 width=121)
	              Recheck Cond: ((id >= 2760381) AND (id <= 2761380))
	              ->  Bitmap Index Scan on sbtest3_pkey  (cost=0.00..22.50 rows=1007 width=0)
	                    Index Cond: ((id >= 2760381) AND (id <= 2761380))

table 4 : explain SELECT DISTINCT c FROM sbtest4 WHERE id BETWEEN 2014420 AND 2015419 ORDER BY c
	Unique  (cost=3862.44..3867.37 rows=987 width=121)
	  ->  Sort  (cost=3862.44..3864.90 rows=987 width=121)
	        Sort Key: c
	        ->  Bitmap Heap Scan on sbtest4  (cost=22.55..3813.35 rows=987 width=121)
	              Recheck Cond: ((id >= 2014420) AND (id <= 2015419))
	              ->  Bitmap Index Scan on sbtest4_pkey  (cost=0.00..22.30 rows=987 width=0)
	                    Index Cond: ((id >= 2014420) AND (id <= 2015419))

table 5 : explain SELECT DISTINCT c FROM sbtest5 WHERE id BETWEEN 2649460 AND 2650459 ORDER BY c
	Unique  (cost=3640.37..3645.02 rows=929 width=121)
	  ->  Sort  (cost=3640.37..3642.70 rows=929 width=121)
	        Sort Key: c
	        ->  Bitmap Heap Scan on sbtest5  (cost=21.96..3594.58 rows=929 width=121)
	              Recheck Cond: ((id >= 2649460) AND (id <= 2650459))
	              ->  Bitmap Index Scan on sbtest5_pkey  (cost=0.00..21.72 rows=929 width=0)
	                    Index Cond: ((id >= 2649460) AND (id <= 2650459))

table 6 : explain SELECT DISTINCT c FROM sbtest6 WHERE id BETWEEN 7311039 AND 7312038 ORDER BY c
	Unique  (cost=4057.56..4062.75 rows=1038 width=121)
	  ->  Sort  (cost=4057.56..4060.15 rows=1038 width=121)
	        Sort Key: c
	        ->  Bitmap Heap Scan on sbtest6  (cost=23.07..4005.56 rows=1038 width=121)
	              Recheck Cond: ((id >= 7311039) AND (id <= 7312038))
	              ->  Bitmap Index Scan on sbtest6_pkey  (cost=0.00..22.82 rows=1038 width=0)
	                    Index Cond: ((id >= 7311039) AND (id <= 7312038))

table 7 : explain SELECT DISTINCT c FROM sbtest7 WHERE id BETWEEN 3586784 AND 3587783 ORDER BY c
	Unique  (cost=3391.84..3396.16 rows=864 width=121)
	  ->  Sort  (cost=3391.84..3394.00 rows=864 width=121)
	        Sort Key: c
	        ->  Bitmap Heap Scan on sbtest7  (cost=21.29..3349.70 rows=864 width=121)
	              Recheck Cond: ((id >= 3586784) AND (id <= 3587783))
	              ->  Bitmap Index Scan on sbtest7_pkey  (cost=0.00..21.07 rows=864 width=0)
	                    Index Cond: ((id >= 3586784) AND (id <= 3587783))

table 8 : explain SELECT DISTINCT c FROM sbtest8 WHERE id BETWEEN 4745499 AND 4746498 ORDER BY c
	Unique  (cost=3990.05..3995.15 rows=1019 width=121)
	  ->  Sort  (cost=3990.05..3992.60 rows=1019 width=121)
	        Sort Key: c
	        ->  Bitmap Heap Scan on sbtest8  (cost=26.88..3939.14 rows=1019 width=121)
	              Recheck Cond: ((id >= 4745499) AND (id <= 4746498))
	              ->  Bitmap Index Scan on sbtest8_pkey  (cost=0.00..26.62 rows=1019 width=0)
	                    Index Cond: ((id >= 4745499) AND (id <= 4746498))

for point_selects
table 1 : explain SELECT c FROM sbtest1 WHERE id=4226616
	Index Scan using sbtest1_pkey on sbtest1  (cost=0.43..8.45 rows=1 width=121)
	  Index Cond: (id = 4226616)

table 2 : explain SELECT c FROM sbtest2 WHERE id=5664885
	Index Scan using sbtest2_pkey on sbtest2  (cost=0.43..8.45 rows=1 width=121)
	  Index Cond: (id = 5664885)

table 3 : explain SELECT c FROM sbtest3 WHERE id=7393874
	Index Scan using sbtest3_pkey on sbtest3  (cost=0.43..8.45 rows=1 width=121)
	  Index Cond: (id = 7393874)

table 4 : explain SELECT c FROM sbtest4 WHERE id=9977436
	Index Scan using sbtest4_pkey on sbtest4  (cost=0.43..8.45 rows=1 width=121)
	  Index Cond: (id = 9977436)

table 5 : explain SELECT c FROM sbtest5 WHERE id=7589268
	Index Scan using sbtest5_pkey on sbtest5  (cost=0.43..8.45 rows=1 width=121)
	  Index Cond: (id = 7589268)

table 6 : explain SELECT c FROM sbtest6 WHERE id=7436221
	Index Scan using sbtest6_pkey on sbtest6  (cost=0.43..8.45 rows=1 width=121)
	  Index Cond: (id = 7436221)

table 7 : explain SELECT c FROM sbtest7 WHERE id=7724925
	Index Scan using sbtest7_pkey on sbtest7  (cost=0.43..8.45 rows=1 width=121)
	  Index Cond: (id = 7724925)

table 8 : explain SELECT c FROM sbtest8 WHERE id=2387489
	Index Scan using sbtest8_pkey on sbtest8  (cost=0.43..8.45 rows=1 width=121)
	  Index Cond: (id = 2387489)

for: order_ranges
table 1 : explain SELECT c FROM sbtest1 WHERE id BETWEEN 1872426 AND 1873425 ORDER BY c
	Sort  (cost=3615.19..3617.49 rows=923 width=121)
	  Sort Key: c
	  ->  Bitmap Heap Scan on sbtest1  (cost=21.90..3569.73 rows=923 width=121)
	        Recheck Cond: ((id >= 1872426) AND (id <= 1873425))
	        ->  Bitmap Index Scan on sbtest1_pkey  (cost=0.00..21.66 rows=923 width=0)
	              Index Cond: ((id >= 1872426) AND (id <= 1873425))

table 2 : explain SELECT c FROM sbtest2 WHERE id BETWEEN 4019240 AND 4020239 ORDER BY c
	Sort  (cost=4197.38..4200.07 rows=1075 width=121)
	  Sort Key: c
	  ->  Bitmap Heap Scan on sbtest2  (cost=23.45..4143.25 rows=1075 width=121)
	        Recheck Cond: ((id >= 4019240) AND (id <= 4020239))
	        ->  Bitmap Index Scan on sbtest2_pkey  (cost=0.00..23.18 rows=1075 width=0)
	              Index Cond: ((id >= 4019240) AND (id <= 4020239))

table 3 : explain SELECT c FROM sbtest3 WHERE id BETWEEN 3282554 AND 3283553 ORDER BY c
	Sort  (cost=3849.91..3852.37 rows=984 width=121)
	  Sort Key: c
	  ->  Bitmap Heap Scan on sbtest3  (cost=22.52..3800.99 rows=984 width=121)
	        Recheck Cond: ((id >= 3282554) AND (id <= 3283553))
	        ->  Bitmap Index Scan on sbtest3_pkey  (cost=0.00..22.27 rows=984 width=0)
	              Index Cond: ((id >= 3282554) AND (id <= 3283553))

table 4 : explain SELECT c FROM sbtest4 WHERE id BETWEEN 6608059 AND 6609058 ORDER BY c
	Sort  (cost=4355.34..4358.13 rows=1116 width=121)
	  Sort Key: c
	  ->  Bitmap Heap Scan on sbtest4  (cost=27.87..4298.85 rows=1116 width=121)
	        Recheck Cond: ((id >= 6608059) AND (id <= 6609058))
	        ->  Bitmap Index Scan on sbtest4_pkey  (cost=0.00..27.59 rows=1116 width=0)
	              Index Cond: ((id >= 6608059) AND (id <= 6609058))

table 5 : explain SELECT c FROM sbtest5 WHERE id BETWEEN 258141 AND 259140 ORDER BY c
	Sort  (cost=3525.30..3527.55 rows=899 width=121)
	  Sort Key: c
	  ->  Bitmap Heap Scan on sbtest5  (cost=21.65..3481.19 rows=899 width=121)
	        Recheck Cond: ((id >= 258141) AND (id <= 259140))
	        ->  Bitmap Index Scan on sbtest5_pkey  (cost=0.00..21.43 rows=899 width=0)
	              Index Cond: ((id >= 258141) AND (id <= 259140))

table 6 : explain SELECT c FROM sbtest6 WHERE id BETWEEN 8429338 AND 8430337 ORDER BY c
	Sort  (cost=3816.62..3819.06 rows=975 width=121)
	  Sort Key: c
	  ->  Bitmap Heap Scan on sbtest6  (cost=22.43..3768.22 rows=975 width=121)
	        Recheck Cond: ((id >= 8429338) AND (id <= 8430337))
	        ->  Bitmap Index Scan on sbtest6_pkey  (cost=0.00..22.18 rows=975 width=0)
	              Index Cond: ((id >= 8429338) AND (id <= 8430337))

table 7 : explain SELECT c FROM sbtest7 WHERE id BETWEEN 7973004 AND 7974003 ORDER BY c
	Sort  (cost=3748.78..3751.17 rows=957 width=121)
	  Sort Key: c
	  ->  Bitmap Heap Scan on sbtest7  (cost=22.24..3701.39 rows=957 width=121)
	        Recheck Cond: ((id >= 7973004) AND (id <= 7974003))
	        ->  Bitmap Index Scan on sbtest7_pkey  (cost=0.00..22.00 rows=957 width=0)
	              Index Cond: ((id >= 7973004) AND (id <= 7974003))

table 8 : explain SELECT c FROM sbtest8 WHERE id BETWEEN 68204 AND 69203 ORDER BY c
	Sort  (cost=3606.83..3609.13 rows=920 width=121)
	  Sort Key: c
	  ->  Bitmap Heap Scan on sbtest8  (cost=21.87..3561.54 rows=920 width=121)
	        Recheck Cond: ((id >= 68204) AND (id <= 69203))
	        ->  Bitmap Index Scan on sbtest8_pkey  (cost=0.00..21.64 rows=920 width=0)
	              Index Cond: ((id >= 68204) AND (id <= 69203))

for point_selects
table 1 : explain SELECT c FROM sbtest1 WHERE id=783582
	Index Scan using sbtest1_pkey on sbtest1  (cost=0.43..8.45 rows=1 width=121)
	  Index Cond: (id = 783582)

table 2 : explain SELECT c FROM sbtest2 WHERE id=9575027
	Index Scan using sbtest2_pkey on sbtest2  (cost=0.43..8.45 rows=1 width=121)
	  Index Cond: (id = 9575027)

table 3 : explain SELECT c FROM sbtest3 WHERE id=1875334
	Index Scan using sbtest3_pkey on sbtest3  (cost=0.43..8.45 rows=1 width=121)
	  Index Cond: (id = 1875334)

table 4 : explain SELECT c FROM sbtest4 WHERE id=7474199
	Index Scan using sbtest4_pkey on sbtest4  (cost=0.43..8.45 rows=1 width=121)
	  Index Cond: (id = 7474199)

table 5 : explain SELECT c FROM sbtest5 WHERE id=4807174
	Index Scan using sbtest5_pkey on sbtest5  (cost=0.43..8.45 rows=1 width=121)
	  Index Cond: (id = 4807174)

table 6 : explain SELECT c FROM sbtest6 WHERE id=6053811
	Index Scan using sbtest6_pkey on sbtest6  (cost=0.43..8.45 rows=1 width=121)
	  Index Cond: (id = 6053811)

table 7 : explain SELECT c FROM sbtest7 WHERE id=6789031
	Index Scan using sbtest7_pkey on sbtest7  (cost=0.43..8.45 rows=1 width=121)
	  Index Cond: (id = 6789031)

table 8 : explain SELECT c FROM sbtest8 WHERE id=2446942
	Index Scan using sbtest8_pkey on sbtest8  (cost=0.43..8.45 rows=1 width=121)
	  Index Cond: (id = 2446942)

for: distinct_ranges
table 1 : explain SELECT DISTINCT c FROM sbtest1 WHERE id BETWEEN 581550 AND 582549 ORDER BY c
	Unique  (cost=4192.27..4197.64 rows=1074 width=121)
	  ->  Sort  (cost=4192.27..4194.95 rows=1074 width=121)
	        Sort Key: c
	        ->  Bitmap Heap Scan on sbtest1  (cost=23.44..4138.20 rows=1074 width=121)
	              Recheck Cond: ((id >= 581550) AND (id <= 582549))
	              ->  Bitmap Index Scan on sbtest1_pkey  (cost=0.00..23.18 rows=1074 width=0)
	                    Index Cond: ((id >= 581550) AND (id <= 582549))

table 2 : explain SELECT DISTINCT c FROM sbtest2 WHERE id BETWEEN 4841749 AND 4842748 ORDER BY c
	Unique  (cost=3577.89..3582.45 rows=913 width=121)
	  ->  Sort  (cost=3577.89..3580.17 rows=913 width=121)
	        Sort Key: c
	        ->  Bitmap Heap Scan on sbtest2  (cost=21.79..3532.99 rows=913 width=121)
	              Recheck Cond: ((id >= 4841749) AND (id <= 4842748))
	              ->  Bitmap Index Scan on sbtest2_pkey  (cost=0.00..21.57 rows=913 width=0)
	                    Index Cond: ((id >= 4841749) AND (id <= 4842748))

table 3 : explain SELECT DISTINCT c FROM sbtest3 WHERE id BETWEEN 7528359 AND 7529358 ORDER BY c
	Unique  (cost=3968.43..3973.51 rows=1015 width=121)
	  ->  Sort  (cost=3968.43..3970.97 rows=1015 width=121)
	        Sort Key: c
	        ->  Bitmap Heap Scan on sbtest3  (cost=22.84..3917.75 rows=1015 width=121)
	              Recheck Cond: ((id >= 7528359) AND (id <= 7529358))
	              ->  Bitmap Index Scan on sbtest3_pkey  (cost=0.00..22.58 rows=1015 width=0)
	                    Index Cond: ((id >= 7528359) AND (id <= 7529358))

table 4 : explain SELECT DISTINCT c FROM sbtest4 WHERE id BETWEEN 2003709 AND 2004708 ORDER BY c
	Unique  (cost=4378.21..4383.82 rows=1122 width=121)
	  ->  Sort  (cost=4378.21..4381.01 rows=1122 width=121)
	        Sort Key: c
	        ->  Bitmap Heap Scan on sbtest4  (cost=27.94..4321.37 rows=1122 width=121)
	              Recheck Cond: ((id >= 2003709) AND (id <= 2004708))
	              ->  Bitmap Index Scan on sbtest4_pkey  (cost=0.00..27.65 rows=1122 width=0)
	                    Index Cond: ((id >= 2003709) AND (id <= 2004708))

table 5 : explain SELECT DISTINCT c FROM sbtest5 WHERE id BETWEEN 3947369 AND 3948368 ORDER BY c
	Unique  (cost=3808.95..3813.81 rows=973 width=121)
	  ->  Sort  (cost=3808.95..3811.38 rows=973 width=121)
	        Sort Key: c
	        ->  Bitmap Heap Scan on sbtest5  (cost=22.41..3760.66 rows=973 width=121)
	              Recheck Cond: ((id >= 3947369) AND (id <= 3948368))
	              ->  Bitmap Index Scan on sbtest5_pkey  (cost=0.00..22.16 rows=973 width=0)
	                    Index Cond: ((id >= 3947369) AND (id <= 3948368))

table 6 : explain SELECT DISTINCT c FROM sbtest6 WHERE id BETWEEN 7225771 AND 7226770 ORDER BY c
	Unique  (cost=3969.65..3974.73 rows=1015 width=121)
	  ->  Sort  (cost=3969.65..3972.19 rows=1015 width=121)
	        Sort Key: c
	        ->  Bitmap Heap Scan on sbtest6  (cost=22.84..3918.97 rows=1015 width=121)
	              Recheck Cond: ((id >= 7225771) AND (id <= 7226770))
	              ->  Bitmap Index Scan on sbtest6_pkey  (cost=0.00..22.58 rows=1015 width=0)
	                    Index Cond: ((id >= 7225771) AND (id <= 7226770))

table 7 : explain SELECT DISTINCT c FROM sbtest7 WHERE id BETWEEN 8516611 AND 8517610 ORDER BY c
	Unique  (cost=3898.14..3903.12 rows=996 width=121)
	  ->  Sort  (cost=3898.14..3900.63 rows=996 width=121)
	        Sort Key: c
	        ->  Bitmap Heap Scan on sbtest7  (cost=22.64..3848.54 rows=996 width=121)
	              Recheck Cond: ((id >= 8516611) AND (id <= 8517610))
	              ->  Bitmap Index Scan on sbtest7_pkey  (cost=0.00..22.39 rows=996 width=0)
	                    Index Cond: ((id >= 8516611) AND (id <= 8517610))

table 8 : explain SELECT DISTINCT c FROM sbtest8 WHERE id BETWEEN 2282040 AND 2283039 ORDER BY c
	Unique  (cost=4127.66..4132.93 rows=1055 width=121)
	  ->  Sort  (cost=4127.66..4130.29 rows=1055 width=121)
	        Sort Key: c
	        ->  Bitmap Heap Scan on sbtest8  (cost=27.25..4074.68 rows=1055 width=121)
	              Recheck Cond: ((id >= 2282040) AND (id <= 2283039))
	              ->  Bitmap Index Scan on sbtest8_pkey  (cost=0.00..26.98 rows=1055 width=0)
	                    Index Cond: ((id >= 2282040) AND (id <= 2283039))

for: simple_ranges
table 1 : explain SELECT c FROM sbtest1 WHERE id BETWEEN 6049192 AND 6050191
	Bitmap Heap Scan on sbtest1  (cost=22.63..3841.16 rows=995 width=121)
	  Recheck Cond: ((id >= 6049192) AND (id <= 6050191))
	  ->  Bitmap Index Scan on sbtest1_pkey  (cost=0.00..22.39 rows=995 width=0)
	        Index Cond: ((id >= 6049192) AND (id <= 6050191))

table 2 : explain SELECT c FROM sbtest2 WHERE id BETWEEN 8030388 AND 8031387
	Bitmap Heap Scan on sbtest2  (cost=22.68..3861.15 rows=1000 width=121)
	  Recheck Cond: ((id >= 8030388) AND (id <= 8031387))
	  ->  Bitmap Index Scan on sbtest2_pkey  (cost=0.00..22.43 rows=1000 width=0)
	        Index Cond: ((id >= 8030388) AND (id <= 8031387))

table 3 : explain SELECT c FROM sbtest3 WHERE id BETWEEN 5670831 AND 5671830
	Bitmap Heap Scan on sbtest3  (cost=23.11..4015.58 rows=1041 width=121)
	  Recheck Cond: ((id >= 5670831) AND (id <= 5671830))
	  ->  Bitmap Index Scan on sbtest3_pkey  (cost=0.00..22.84 rows=1041 width=0)
	        Index Cond: ((id >= 5670831) AND (id <= 5671830))

table 4 : explain SELECT c FROM sbtest4 WHERE id BETWEEN 7002218 AND 7003217
	Bitmap Heap Scan on sbtest4  (cost=22.18..3677.56 rows=951 width=121)
	  Recheck Cond: ((id >= 7002218) AND (id <= 7003217))
	  ->  Bitmap Index Scan on sbtest4_pkey  (cost=0.00..21.94 rows=951 width=0)
	        Index Cond: ((id >= 7002218) AND (id <= 7003217))

table 5 : explain SELECT c FROM sbtest5 WHERE id BETWEEN 2948687 AND 2949686
	Bitmap Heap Scan on sbtest5  (cost=23.05..3998.01 rows=1036 width=121)
	  Recheck Cond: ((id >= 2948687) AND (id <= 2949686))
	  ->  Bitmap Index Scan on sbtest5_pkey  (cost=0.00..22.79 rows=1036 width=0)
	        Index Cond: ((id >= 2948687) AND (id <= 2949686))

table 6 : explain SELECT c FROM sbtest6 WHERE id BETWEEN 9411450 AND 9412449
	Bitmap Heap Scan on sbtest6  (cost=22.71..3870.00 rows=1002 width=121)
	  Recheck Cond: ((id >= 9411450) AND (id <= 9412449))
	  ->  Bitmap Index Scan on sbtest6_pkey  (cost=0.00..22.45 rows=1002 width=0)
	        Index Cond: ((id >= 9411450) AND (id <= 9412449))

table 7 : explain SELECT c FROM sbtest7 WHERE id BETWEEN 9469883 AND 9470882
	Bitmap Heap Scan on sbtest7  (cost=22.42..3765.56 rows=974 width=121)
	  Recheck Cond: ((id >= 9469883) AND (id <= 9470882))
	  ->  Bitmap Index Scan on sbtest7_pkey  (cost=0.00..22.18 rows=974 width=0)
	        Index Cond: ((id >= 9469883) AND (id <= 9470882))

table 8 : explain SELECT c FROM sbtest8 WHERE id BETWEEN 8594492 AND 8595491
	Bitmap Heap Scan on sbtest8  (cost=22.35..3739.06 rows=967 width=121)
	  Recheck Cond: ((id >= 8594492) AND (id <= 8595491))
	  ->  Bitmap Index Scan on sbtest8_pkey  (cost=0.00..22.11 rows=967 width=0)
	        Index Cond: ((id >= 8594492) AND (id <= 8595491))

for: simple_ranges
table 1 : explain SELECT c FROM sbtest1 WHERE id BETWEEN 7218987 AND 7219986
	Bitmap Heap Scan on sbtest1  (cost=23.05..3995.42 rows=1036 width=121)
	  Recheck Cond: ((id >= 7218987) AND (id <= 7219986))
	  ->  Bitmap Index Scan on sbtest1_pkey  (cost=0.00..22.79 rows=1036 width=0)
	        Index Cond: ((id >= 7218987) AND (id <= 7219986))

table 2 : explain SELECT c FROM sbtest2 WHERE id BETWEEN 2042639 AND 2043638
	Bitmap Heap Scan on sbtest2  (cost=21.82..3544.32 rows=916 width=121)
	  Recheck Cond: ((id >= 2042639) AND (id <= 2043638))
	  ->  Bitmap Index Scan on sbtest2_pkey  (cost=0.00..21.59 rows=916 width=0)
	        Index Cond: ((id >= 2042639) AND (id <= 2043638))

table 3 : explain SELECT c FROM sbtest3 WHERE id BETWEEN 4317609 AND 4318608
	Bitmap Heap Scan on sbtest3  (cost=22.70..3865.03 rows=1001 width=121)
	  Recheck Cond: ((id >= 4317609) AND (id <= 4318608))
	  ->  Bitmap Index Scan on sbtest3_pkey  (cost=0.00..22.44 rows=1001 width=0)
	        Index Cond: ((id >= 4317609) AND (id <= 4318608))

table 4 : explain SELECT c FROM sbtest4 WHERE id BETWEEN 5984598 AND 5985597
	Bitmap Heap Scan on sbtest4  (cost=22.02..3617.15 rows=935 width=121)
	  Recheck Cond: ((id >= 5984598) AND (id <= 5985597))
	  ->  Bitmap Index Scan on sbtest4_pkey  (cost=0.00..21.79 rows=935 width=0)
	        Index Cond: ((id >= 5984598) AND (id <= 5985597))

table 5 : explain SELECT c FROM sbtest5 WHERE id BETWEEN 3711822 AND 3712821
	Bitmap Heap Scan on sbtest5  (cost=22.79..3900.12 rows=1010 width=121)
	  Recheck Cond: ((id >= 3711822) AND (id <= 3712821))
	  ->  Bitmap Index Scan on sbtest5_pkey  (cost=0.00..22.54 rows=1010 width=0)
	        Index Cond: ((id >= 3711822) AND (id <= 3712821))

table 6 : explain SELECT c FROM sbtest6 WHERE id BETWEEN 548856 AND 549855
	Bitmap Heap Scan on sbtest6  (cost=21.30..3352.56 rows=865 width=121)
	  Recheck Cond: ((id >= 548856) AND (id <= 549855))
	  ->  Bitmap Index Scan on sbtest6_pkey  (cost=0.00..21.08 rows=865 width=0)
	        Index Cond: ((id >= 548856) AND (id <= 549855))

table 7 : explain SELECT c FROM sbtest7 WHERE id BETWEEN 2619576 AND 2620575
	Bitmap Heap Scan on sbtest7  (cost=23.24..4067.01 rows=1054 width=121)
	  Recheck Cond: ((id >= 2619576) AND (id <= 2620575))
	  ->  Bitmap Index Scan on sbtest7_pkey  (cost=0.00..22.97 rows=1054 width=0)
	        Index Cond: ((id >= 2619576) AND (id <= 2620575))

table 8 : explain SELECT c FROM sbtest8 WHERE id BETWEEN 2885324 AND 2886323
	Bitmap Heap Scan on sbtest8  (cost=26.78..3901.46 rows=1009 width=121)
	  Recheck Cond: ((id >= 2885324) AND (id <= 2886323))
	  ->  Bitmap Index Scan on sbtest8_pkey  (cost=0.00..26.52 rows=1009 width=0)
	        Index Cond: ((id >= 2885324) AND (id <= 2886323))

for point_selects
table 1 : explain SELECT c FROM sbtest1 WHERE id=1374038
	Index Scan using sbtest1_pkey on sbtest1  (cost=0.43..8.45 rows=1 width=121)
	  Index Cond: (id = 1374038)

table 2 : explain SELECT c FROM sbtest2 WHERE id=4773207
	Index Scan using sbtest2_pkey on sbtest2  (cost=0.43..8.45 rows=1 width=121)
	  Index Cond: (id = 4773207)

table 3 : explain SELECT c FROM sbtest3 WHERE id=4421350
	Index Scan using sbtest3_pkey on sbtest3  (cost=0.43..8.45 rows=1 width=121)
	  Index Cond: (id = 4421350)

table 4 : explain SELECT c FROM sbtest4 WHERE id=3315025
	Index Scan using sbtest4_pkey on sbtest4  (cost=0.43..8.45 rows=1 width=121)
	  Index Cond: (id = 3315025)

table 5 : explain SELECT c FROM sbtest5 WHERE id=3228933
	Index Scan using sbtest5_pkey on sbtest5  (cost=0.43..8.45 rows=1 width=121)
	  Index Cond: (id = 3228933)

table 6 : explain SELECT c FROM sbtest6 WHERE id=7009241
	Index Scan using sbtest6_pkey on sbtest6  (cost=0.43..8.45 rows=1 width=121)
	  Index Cond: (id = 7009241)

table 7 : explain SELECT c FROM sbtest7 WHERE id=7766336
	Index Scan using sbtest7_pkey on sbtest7  (cost=0.43..8.45 rows=1 width=121)
	  Index Cond: (id = 7766336)

table 8 : explain SELECT c FROM sbtest8 WHERE id=5732228
	Index Scan using sbtest8_pkey on sbtest8  (cost=0.43..8.45 rows=1 width=121)
	  Index Cond: (id = 5732228)

for: simple_ranges
table 1 : explain SELECT c FROM sbtest1 WHERE id BETWEEN 9395960 AND 9396959
	Bitmap Heap Scan on sbtest1  (cost=23.34..4100.64 rows=1064 width=121)
	  Recheck Cond: ((id >= 9395960) AND (id <= 9396959))
	  ->  Bitmap Index Scan on sbtest1_pkey  (cost=0.00..23.07 rows=1064 width=0)
	        Index Cond: ((id >= 9395960) AND (id <= 9396959))

table 2 : explain SELECT c FROM sbtest2 WHERE id BETWEEN 9228597 AND 9229596
	Bitmap Heap Scan on sbtest2  (cost=22.27..3710.40 rows=960 width=121)
	  Recheck Cond: ((id >= 9228597) AND (id <= 9229596))
	  ->  Bitmap Index Scan on sbtest2_pkey  (cost=0.00..22.04 rows=960 width=0)
	        Index Cond: ((id >= 9228597) AND (id <= 9229596))

table 3 : explain SELECT c FROM sbtest3 WHERE id BETWEEN 6291722 AND 6292721
	Bitmap Heap Scan on sbtest3  (cost=22.18..3676.56 rows=951 width=121)
	  Recheck Cond: ((id >= 6291722) AND (id <= 6292721))
	  ->  Bitmap Index Scan on sbtest3_pkey  (cost=0.00..21.94 rows=951 width=0)
	        Index Cond: ((id >= 6291722) AND (id <= 6292721))

table 4 : explain SELECT c FROM sbtest4 WHERE id BETWEEN 2207048 AND 2208047
	Bitmap Heap Scan on sbtest4  (cost=22.51..3798.27 rows=983 width=121)
	  Recheck Cond: ((id >= 2207048) AND (id <= 2208047))
	  ->  Bitmap Index Scan on sbtest4_pkey  (cost=0.00..22.26 rows=983 width=0)
	        Index Cond: ((id >= 2207048) AND (id <= 2208047))

table 5 : explain SELECT c FROM sbtest5 WHERE id BETWEEN 715263 AND 716262
	Bitmap Heap Scan on sbtest5  (cost=21.45..3409.32 rows=880 width=121)
	  Recheck Cond: ((id >= 715263) AND (id <= 716262))
	  ->  Bitmap Index Scan on sbtest5_pkey  (cost=0.00..21.23 rows=880 width=0)
	        Index Cond: ((id >= 715263) AND (id <= 716262))

table 6 : explain SELECT c FROM sbtest6 WHERE id BETWEEN 784138 AND 785137
	Bitmap Heap Scan on sbtest6  (cost=23.13..4024.37 rows=1043 width=121)
	  Recheck Cond: ((id >= 784138) AND (id <= 785137))
	  ->  Bitmap Index Scan on sbtest6_pkey  (cost=0.00..22.86 rows=1043 width=0)
	        Index Cond: ((id >= 784138) AND (id <= 785137))

table 7 : explain SELECT c FROM sbtest7 WHERE id BETWEEN 4720413 AND 4721412
	Bitmap Heap Scan on sbtest7  (cost=22.33..3731.59 rows=965 width=121)
	  Recheck Cond: ((id >= 4720413) AND (id <= 4721412))
	  ->  Bitmap Index Scan on sbtest7_pkey  (cost=0.00..22.08 rows=965 width=0)
	        Index Cond: ((id >= 4720413) AND (id <= 4721412))

table 8 : explain SELECT c FROM sbtest8 WHERE id BETWEEN 8158190 AND 8159189
	Bitmap Heap Scan on sbtest8  (cost=27.76..4262.67 rows=1105 width=121)
	  Recheck Cond: ((id >= 8158190) AND (id <= 8159189))
	  ->  Bitmap Index Scan on sbtest8_pkey  (cost=0.00..27.48 rows=1105 width=0)
	        Index Cond: ((id >= 8158190) AND (id <= 8159189))

for: simple_ranges
table 1 : explain SELECT c FROM sbtest1 WHERE id BETWEEN 8648642 AND 8649641
	Bitmap Heap Scan on sbtest1  (cost=22.73..3875.04 rows=1004 width=121)
	  Recheck Cond: ((id >= 8648642) AND (id <= 8649641))
	  ->  Bitmap Index Scan on sbtest1_pkey  (cost=0.00..22.47 rows=1004 width=0)
	        Index Cond: ((id >= 8648642) AND (id <= 8649641))

table 2 : explain SELECT c FROM sbtest2 WHERE id BETWEEN 2928124 AND 2929123
	Bitmap Heap Scan on sbtest2  (cost=23.31..4090.65 rows=1061 width=121)
	  Recheck Cond: ((id >= 2928124) AND (id <= 2929123))
	  ->  Bitmap Index Scan on sbtest2_pkey  (cost=0.00..23.04 rows=1061 width=0)
	        Index Cond: ((id >= 2928124) AND (id <= 2929123))

table 3 : explain SELECT c FROM sbtest3 WHERE id BETWEEN 4475767 AND 4476766
	Bitmap Heap Scan on sbtest3  (cost=22.73..3876.33 rows=1004 width=121)
	  Recheck Cond: ((id >= 4475767) AND (id <= 4476766))
	  ->  Bitmap Index Scan on sbtest3_pkey  (cost=0.00..22.47 rows=1004 width=0)
	        Index Cond: ((id >= 4475767) AND (id <= 4476766))

table 4 : explain SELECT c FROM sbtest4 WHERE id BETWEEN 67168 AND 68167
	Bitmap Heap Scan on sbtest4  (cost=22.22..3692.65 rows=955 width=121)
	  Recheck Cond: ((id >= 67168) AND (id <= 68167))
	  ->  Bitmap Index Scan on sbtest4_pkey  (cost=0.00..21.98 rows=955 width=0)
	        Index Cond: ((id >= 67168) AND (id <= 68167))

table 5 : explain SELECT c FROM sbtest5 WHERE id BETWEEN 5827741 AND 5828740
	Bitmap Heap Scan on sbtest5  (cost=22.64..3847.37 rows=996 width=121)
	  Recheck Cond: ((id >= 5827741) AND (id <= 5828740))
	  ->  Bitmap Index Scan on sbtest5_pkey  (cost=0.00..22.39 rows=996 width=0)
	        Index Cond: ((id >= 5827741) AND (id <= 5828740))

table 6 : explain SELECT c FROM sbtest6 WHERE id BETWEEN 5908343 AND 5909342
	Bitmap Heap Scan on sbtest6  (cost=27.47..4156.23 rows=1077 width=121)
	  Recheck Cond: ((id >= 5908343) AND (id <= 5909342))
	  ->  Bitmap Index Scan on sbtest6_pkey  (cost=0.00..27.20 rows=1077 width=0)
	        Index Cond: ((id >= 5908343) AND (id <= 5909342))

table 7 : explain SELECT c FROM sbtest7 WHERE id BETWEEN 989229 AND 990228
	Bitmap Heap Scan on sbtest7  (cost=21.60..3463.28 rows=894 width=121)
	  Recheck Cond: ((id >= 989229) AND (id <= 990228))
	  ->  Bitmap Index Scan on sbtest7_pkey  (cost=0.00..21.37 rows=894 width=0)
	        Index Cond: ((id >= 989229) AND (id <= 990228))

table 8 : explain SELECT c FROM sbtest8 WHERE id BETWEEN 5173420 AND 5174419
	Bitmap Heap Scan on sbtest8  (cost=21.72..3508.60 rows=906 width=121)
	  Recheck Cond: ((id >= 5173420) AND (id <= 5174419))
	  ->  Bitmap Index Scan on sbtest8_pkey  (cost=0.00..21.50 rows=906 width=0)
	        Index Cond: ((id >= 5173420) AND (id <= 5174419))

for: sum_ranges
table 1 : explain SELECT SUM(k) FROM sbtest1 WHERE id BETWEEN 4129416 AND 4130415
	Aggregate  (cost=3907.67..3907.68 rows=1 width=8)
	  ->  Bitmap Heap Scan on sbtest1  (cost=22.81..3905.14 rows=1012 width=4)
	        Recheck Cond: ((id >= 4129416) AND (id <= 4130415))
	        ->  Bitmap Index Scan on sbtest1_pkey  (cost=0.00..22.55 rows=1012 width=0)
	              Index Cond: ((id >= 4129416) AND (id <= 4130415))

table 2 : explain SELECT SUM(k) FROM sbtest2 WHERE id BETWEEN 3751993 AND 3752992
	Aggregate  (cost=3935.23..3935.24 rows=1 width=8)
	  ->  Bitmap Heap Scan on sbtest2  (cost=22.88..3932.68 rows=1019 width=4)
	        Recheck Cond: ((id >= 3751993) AND (id <= 3752992))
	        ->  Bitmap Index Scan on sbtest2_pkey  (cost=0.00..22.62 rows=1019 width=0)
	              Index Cond: ((id >= 3751993) AND (id <= 3752992))

table 3 : explain SELECT SUM(k) FROM sbtest3 WHERE id BETWEEN 1974979 AND 1975978
	Aggregate  (cost=3795.91..3795.92 rows=1 width=8)
	  ->  Bitmap Heap Scan on sbtest3  (cost=22.50..3793.45 rows=982 width=4)
	        Recheck Cond: ((id >= 1974979) AND (id <= 1975978))
	        ->  Bitmap Index Scan on sbtest3_pkey  (cost=0.00..22.25 rows=982 width=0)
	              Index Cond: ((id >= 1974979) AND (id <= 1975978))

table 4 : explain SELECT SUM(k) FROM sbtest4 WHERE id BETWEEN 7799670 AND 7800669
	Aggregate  (cost=3623.27..3623.28 rows=1 width=8)
	  ->  Bitmap Heap Scan on sbtest4  (cost=22.03..3620.93 rows=936 width=4)
	        Recheck Cond: ((id >= 7799670) AND (id <= 7800669))
	        ->  Bitmap Index Scan on sbtest4_pkey  (cost=0.00..21.79 rows=936 width=0)
	              Index Cond: ((id >= 7799670) AND (id <= 7800669))

table 5 : explain SELECT SUM(k) FROM sbtest5 WHERE id BETWEEN 5889031 AND 5890030
	Aggregate  (cost=3695.13..3695.14 rows=1 width=8)
	  ->  Bitmap Heap Scan on sbtest5  (cost=22.22..3692.75 rows=955 width=4)
	        Recheck Cond: ((id >= 5889031) AND (id <= 5890030))
	        ->  Bitmap Index Scan on sbtest5_pkey  (cost=0.00..21.98 rows=955 width=0)
	              Index Cond: ((id >= 5889031) AND (id <= 5890030))

table 6 : explain SELECT SUM(k) FROM sbtest6 WHERE id BETWEEN 3751318 AND 3752317
	Aggregate  (cost=4000.62..4000.63 rows=1 width=8)
	  ->  Bitmap Heap Scan on sbtest6  (cost=23.05..3998.03 rows=1036 width=4)
	        Recheck Cond: ((id >= 3751318) AND (id <= 3752317))
	        ->  Bitmap Index Scan on sbtest6_pkey  (cost=0.00..22.79 rows=1036 width=0)
	              Index Cond: ((id >= 3751318) AND (id <= 3752317))

table 7 : explain SELECT SUM(k) FROM sbtest7 WHERE id BETWEEN 2524147 AND 2525146
	Aggregate  (cost=3998.07..3998.08 rows=1 width=8)
	  ->  Bitmap Heap Scan on sbtest7  (cost=23.04..3995.49 rows=1035 width=4)
	        Recheck Cond: ((id >= 2524147) AND (id <= 2525146))
	        ->  Bitmap Index Scan on sbtest7_pkey  (cost=0.00..22.79 rows=1035 width=0)
	              Index Cond: ((id >= 2524147) AND (id <= 2525146))

table 8 : explain SELECT SUM(k) FROM sbtest8 WHERE id BETWEEN 474900 AND 475899
	Aggregate  (cost=4066.02..4066.03 rows=1 width=8)
	  ->  Bitmap Heap Scan on sbtest8  (cost=27.22..4063.39 rows=1052 width=4)
	        Recheck Cond: ((id >= 474900) AND (id <= 475899))
	        ->  Bitmap Index Scan on sbtest8_pkey  (cost=0.00..26.95 rows=1052 width=0)
	              Index Cond: ((id >= 474900) AND (id <= 475899))

for: order_ranges
table 1 : explain SELECT c FROM sbtest1 WHERE id BETWEEN 7673966 AND 7674965 ORDER BY c
	Sort  (cost=3829.53..3831.98 rows=979 width=121)
	  Sort Key: c
	  ->  Bitmap Heap Scan on sbtest1  (cost=22.47..3780.90 rows=979 width=121)
	        Recheck Cond: ((id >= 7673966) AND (id <= 7674965))
	        ->  Bitmap Index Scan on sbtest1_pkey  (cost=0.00..22.22 rows=979 width=0)
	              Index Cond: ((id >= 7673966) AND (id <= 7674965))

table 2 : explain SELECT c FROM sbtest2 WHERE id BETWEEN 6060269 AND 6061268 ORDER BY c
	Sort  (cost=3635.38..3637.70 rows=928 width=121)
	  Sort Key: c
	  ->  Bitmap Heap Scan on sbtest2  (cost=21.95..3589.64 rows=928 width=121)
	        Recheck Cond: ((id >= 6060269) AND (id <= 6061268))
	        ->  Bitmap Index Scan on sbtest2_pkey  (cost=0.00..21.71 rows=928 width=0)
	              Index Cond: ((id >= 6060269) AND (id <= 6061268))

table 3 : explain SELECT c FROM sbtest3 WHERE id BETWEEN 2007220 AND 2008219 ORDER BY c
	Sort  (cost=3838.43..3840.88 rows=981 width=121)
	  Sort Key: c
	  ->  Bitmap Heap Scan on sbtest3  (cost=22.49..3789.68 rows=981 width=121)
	        Recheck Cond: ((id >= 2007220) AND (id <= 2008219))
	        ->  Bitmap Index Scan on sbtest3_pkey  (cost=0.00..22.25 rows=981 width=0)
	              Index Cond: ((id >= 2007220) AND (id <= 2008219))

table 4 : explain SELECT c FROM sbtest4 WHERE id BETWEEN 3500167 AND 3501166 ORDER BY c
	Sort  (cost=3701.61..3703.97 rows=945 width=121)
	  Sort Key: c
	  ->  Bitmap Heap Scan on sbtest4  (cost=22.12..3654.91 rows=945 width=121)
	        Recheck Cond: ((id >= 3500167) AND (id <= 3501166))
	        ->  Bitmap Index Scan on sbtest4_pkey  (cost=0.00..21.89 rows=945 width=0)
	              Index Cond: ((id >= 3500167) AND (id <= 3501166))

table 5 : explain SELECT c FROM sbtest5 WHERE id BETWEEN 136572 AND 137571 ORDER BY c
	Sort  (cost=4042.26..4044.84 rows=1034 width=121)
	  Sort Key: c
	  ->  Bitmap Heap Scan on sbtest5  (cost=23.03..3990.49 rows=1034 width=121)
	        Recheck Cond: ((id >= 136572) AND (id <= 137571))
	        ->  Bitmap Index Scan on sbtest5_pkey  (cost=0.00..22.77 rows=1034 width=0)
	              Index Cond: ((id >= 136572) AND (id <= 137571))

table 6 : explain SELECT c FROM sbtest6 WHERE id BETWEEN 6373439 AND 6374438 ORDER BY c
	Sort  (cost=3900.81..3903.31 rows=997 width=121)
	  Sort Key: c
	  ->  Bitmap Heap Scan on sbtest6  (cost=22.65..3851.16 rows=997 width=121)
	        Recheck Cond: ((id >= 6373439) AND (id <= 6374438))
	        ->  Bitmap Index Scan on sbtest6_pkey  (cost=0.00..22.40 rows=997 width=0)
	              Index Cond: ((id >= 6373439) AND (id <= 6374438))

table 7 : explain SELECT c FROM sbtest7 WHERE id BETWEEN 9850020 AND 9851019 ORDER BY c
	Sort  (cost=3875.17..3877.65 rows=990 width=121)
	  Sort Key: c
	  ->  Bitmap Heap Scan on sbtest7  (cost=22.58..3825.91 rows=990 width=121)
	        Recheck Cond: ((id >= 9850020) AND (id <= 9851019))
	        ->  Bitmap Index Scan on sbtest7_pkey  (cost=0.00..22.33 rows=990 width=0)
	              Index Cond: ((id >= 9850020) AND (id <= 9851019))

table 8 : explain SELECT c FROM sbtest8 WHERE id BETWEEN 4321558 AND 4322557 ORDER BY c
	Sort  (cost=4001.52..4004.08 rows=1022 width=121)
	  Sort Key: c
	  ->  Bitmap Heap Scan on sbtest8  (cost=26.91..3950.44 rows=1022 width=121)
	        Recheck Cond: ((id >= 4321558) AND (id <= 4322557))
	        ->  Bitmap Index Scan on sbtest8_pkey  (cost=0.00..26.65 rows=1022 width=0)
	              Index Cond: ((id >= 4321558) AND (id <= 4322557))

for: order_ranges
table 1 : explain SELECT c FROM sbtest1 WHERE id BETWEEN 3539458 AND 3540457 ORDER BY c
	Sort  (cost=4043.49..4046.07 rows=1035 width=121)
	  Sort Key: c
	  ->  Bitmap Heap Scan on sbtest1  (cost=23.04..3991.66 rows=1035 width=121)
	        Recheck Cond: ((id >= 3539458) AND (id <= 3540457))
	        ->  Bitmap Index Scan on sbtest1_pkey  (cost=0.00..22.79 rows=1035 width=0)
	              Index Cond: ((id >= 3539458) AND (id <= 3540457))

table 2 : explain SELECT c FROM sbtest2 WHERE id BETWEEN 4702730 AND 4703729 ORDER BY c
	Sort  (cost=4121.07..4123.71 rows=1055 width=121)
	  Sort Key: c
	  ->  Bitmap Heap Scan on sbtest2  (cost=23.25..4068.09 rows=1055 width=121)
	        Recheck Cond: ((id >= 4702730) AND (id <= 4703729))
	        ->  Bitmap Index Scan on sbtest2_pkey  (cost=0.00..22.98 rows=1055 width=0)
	              Index Cond: ((id >= 4702730) AND (id <= 4703729))

table 3 : explain SELECT c FROM sbtest3 WHERE id BETWEEN 9470729 AND 9471728 ORDER BY c
	Sort  (cost=3635.49..3637.81 rows=928 width=121)
	  Sort Key: c
	  ->  Bitmap Heap Scan on sbtest3  (cost=21.95..3589.75 rows=928 width=121)
	        Recheck Cond: ((id >= 9470729) AND (id <= 9471728))
	        ->  Bitmap Index Scan on sbtest3_pkey  (cost=0.00..21.71 rows=928 width=0)
	              Index Cond: ((id >= 9470729) AND (id <= 9471728))

table 4 : explain SELECT c FROM sbtest4 WHERE id BETWEEN 7220647 AND 7221646 ORDER BY c
	Sort  (cost=3805.02..3807.45 rows=972 width=121)
	  Sort Key: c
	  ->  Bitmap Heap Scan on sbtest4  (cost=22.40..3756.79 rows=972 width=121)
	        Recheck Cond: ((id >= 7220647) AND (id <= 7221646))
	        ->  Bitmap Index Scan on sbtest4_pkey  (cost=0.00..22.15 rows=972 width=0)
	              Index Cond: ((id >= 7220647) AND (id <= 7221646))

table 5 : explain SELECT c FROM sbtest5 WHERE id BETWEEN 1658542 AND 1659541 ORDER BY c
	Sort  (cost=4355.46..4358.25 rows=1116 width=121)
	  Sort Key: c
	  ->  Bitmap Heap Scan on sbtest5  (cost=27.87..4298.97 rows=1116 width=121)
	        Recheck Cond: ((id >= 1658542) AND (id <= 1659541))
	        ->  Bitmap Index Scan on sbtest5_pkey  (cost=0.00..27.59 rows=1116 width=0)
	              Index Cond: ((id >= 1658542) AND (id <= 1659541))

table 6 : explain SELECT c FROM sbtest6 WHERE id BETWEEN 8752129 AND 8753128 ORDER BY c
	Sort  (cost=4030.81..4033.39 rows=1031 width=121)
	  Sort Key: c
	  ->  Bitmap Heap Scan on sbtest6  (cost=23.00..3979.21 rows=1031 width=121)
	        Recheck Cond: ((id >= 8752129) AND (id <= 8753128))
	        ->  Bitmap Index Scan on sbtest6_pkey  (cost=0.00..22.75 rows=1031 width=0)
	              Index Cond: ((id >= 8752129) AND (id <= 8753128))

table 7 : explain SELECT c FROM sbtest7 WHERE id BETWEEN 6237712 AND 6238711 ORDER BY c
	Sort  (cost=3760.27..3762.67 rows=960 width=121)
	  Sort Key: c
	  ->  Bitmap Heap Scan on sbtest7  (cost=22.27..3712.72 rows=960 width=121)
	        Recheck Cond: ((id >= 6237712) AND (id <= 6238711))
	        ->  Bitmap Index Scan on sbtest7_pkey  (cost=0.00..22.04 rows=960 width=0)
	              Index Cond: ((id >= 6237712) AND (id <= 6238711))

table 8 : explain SELECT c FROM sbtest8 WHERE id BETWEEN 3929674 AND 3930673 ORDER BY c
	Sort  (cost=4016.82..4019.39 rows=1026 width=121)
	  Sort Key: c
	  ->  Bitmap Heap Scan on sbtest8  (cost=26.95..3965.51 rows=1026 width=121)
	        Recheck Cond: ((id >= 3929674) AND (id <= 3930673))
	        ->  Bitmap Index Scan on sbtest8_pkey  (cost=0.00..26.69 rows=1026 width=0)
	              Index Cond: ((id >= 3929674) AND (id <= 3930673))

for: order_ranges
table 1 : explain SELECT c FROM sbtest1 WHERE id BETWEEN 7568738 AND 7569737 ORDER BY c
	Sort  (cost=3905.99..3908.49 rows=999 width=121)
	  Sort Key: c
	  ->  Bitmap Heap Scan on sbtest1  (cost=22.67..3856.22 rows=999 width=121)
	        Recheck Cond: ((id >= 7568738) AND (id <= 7569737))
	        ->  Bitmap Index Scan on sbtest1_pkey  (cost=0.00..22.43 rows=999 width=0)
	              Index Cond: ((id >= 7568738) AND (id <= 7569737))

table 2 : explain SELECT c FROM sbtest2 WHERE id BETWEEN 4297589 AND 4298588 ORDER BY c
	Sort  (cost=3535.70..3537.96 rows=902 width=121)
	  Sort Key: c
	  ->  Bitmap Heap Scan on sbtest2  (cost=21.68..3491.43 rows=902 width=121)
	        Recheck Cond: ((id >= 4297589) AND (id <= 4298588))
	        ->  Bitmap Index Scan on sbtest2_pkey  (cost=0.00..21.45 rows=902 width=0)
	              Index Cond: ((id >= 4297589) AND (id <= 4298588))

table 3 : explain SELECT c FROM sbtest3 WHERE id BETWEEN 9285130 AND 9286129 ORDER BY c
	Sort  (cost=4014.28..4016.85 rows=1027 width=121)
	  Sort Key: c
	  ->  Bitmap Heap Scan on sbtest3  (cost=22.96..3962.91 rows=1027 width=121)
	        Recheck Cond: ((id >= 9285130) AND (id <= 9286129))
	        ->  Bitmap Index Scan on sbtest3_pkey  (cost=0.00..22.70 rows=1027 width=0)
	              Index Cond: ((id >= 9285130) AND (id <= 9286129))

table 4 : explain SELECT c FROM sbtest4 WHERE id BETWEEN 6249610 AND 6250609 ORDER BY c
	Sort  (cost=3670.95..3673.29 rows=937 width=121)
	  Sort Key: c
	  ->  Bitmap Heap Scan on sbtest4  (cost=22.04..3624.70 rows=937 width=121)
	        Recheck Cond: ((id >= 6249610) AND (id <= 6250609))
	        ->  Bitmap Index Scan on sbtest4_pkey  (cost=0.00..21.80 rows=937 width=0)
	              Index Cond: ((id >= 6249610) AND (id <= 6250609))

table 5 : explain SELECT c FROM sbtest5 WHERE id BETWEEN 1447960 AND 1448959 ORDER BY c
	Sort  (cost=3701.70..3704.06 rows=945 width=121)
	  Sort Key: c
	  ->  Bitmap Heap Scan on sbtest5  (cost=22.12..3655.00 rows=945 width=121)
	        Recheck Cond: ((id >= 1447960) AND (id <= 1448959))
	        ->  Bitmap Index Scan on sbtest5_pkey  (cost=0.00..21.89 rows=945 width=0)
	              Index Cond: ((id >= 1447960) AND (id <= 1448959))

table 6 : explain SELECT c FROM sbtest6 WHERE id BETWEEN 9511171 AND 9512170 ORDER BY c
	Sort  (cost=3866.38..3868.85 rows=988 width=121)
	  Sort Key: c
	  ->  Bitmap Heap Scan on sbtest6  (cost=22.56..3817.23 rows=988 width=121)
	        Recheck Cond: ((id >= 9511171) AND (id <= 9512170))
	        ->  Bitmap Index Scan on sbtest6_pkey  (cost=0.00..22.32 rows=988 width=0)
	              Index Cond: ((id >= 9511171) AND (id <= 9512170))

table 7 : explain SELECT c FROM sbtest7 WHERE id BETWEEN 5427125 AND 5428124 ORDER BY c
	Sort  (cost=4005.26..4007.82 rows=1024 width=121)
	  Sort Key: c
	  ->  Bitmap Heap Scan on sbtest7  (cost=22.93..3954.06 rows=1024 width=121)
	        Recheck Cond: ((id >= 5427125) AND (id <= 5428124))
	        ->  Bitmap Index Scan on sbtest7_pkey  (cost=0.00..22.68 rows=1024 width=0)
	              Index Cond: ((id >= 5427125) AND (id <= 5428124))

table 8 : explain SELECT c FROM sbtest8 WHERE id BETWEEN 1446626 AND 1447625 ORDER BY c
	Sort  (cost=4303.27..4306.02 rows=1101 width=121)
	  Sort Key: c
	  ->  Bitmap Heap Scan on sbtest8  (cost=27.72..4247.64 rows=1101 width=121)
	        Recheck Cond: ((id >= 1446626) AND (id <= 1447625))
	        ->  Bitmap Index Scan on sbtest8_pkey  (cost=0.00..27.44 rows=1101 width=0)
	              Index Cond: ((id >= 1446626) AND (id <= 1447625))

for: simple_ranges
table 1 : explain SELECT c FROM sbtest1 WHERE id BETWEEN 3970330 AND 3971329
	Bitmap Heap Scan on sbtest1  (cost=23.64..4205.79 rows=1093 width=121)
	  Recheck Cond: ((id >= 3970330) AND (id <= 3971329))
	  ->  Bitmap Index Scan on sbtest1_pkey  (cost=0.00..23.36 rows=1093 width=0)
	        Index Cond: ((id >= 3970330) AND (id <= 3971329))

table 2 : explain SELECT c FROM sbtest2 WHERE id BETWEEN 1482435 AND 1483434
	Bitmap Heap Scan on sbtest2  (cost=22.57..3819.71 rows=989 width=121)
	  Recheck Cond: ((id >= 1482435) AND (id <= 1483434))
	  ->  Bitmap Index Scan on sbtest2_pkey  (cost=0.00..22.32 rows=989 width=0)
	        Index Cond: ((id >= 1482435) AND (id <= 1483434))

table 3 : explain SELECT c FROM sbtest3 WHERE id BETWEEN 5209321 AND 5210320
	Bitmap Heap Scan on sbtest3  (cost=22.88..3932.80 rows=1019 width=121)
	  Recheck Cond: ((id >= 5209321) AND (id <= 5210320))
	  ->  Bitmap Index Scan on sbtest3_pkey  (cost=0.00..22.62 rows=1019 width=0)
	        Index Cond: ((id >= 5209321) AND (id <= 5210320))

table 4 : explain SELECT c FROM sbtest4 WHERE id BETWEEN 7699670 AND 7700669
	Bitmap Heap Scan on sbtest4  (cost=22.10..3647.36 rows=943 width=121)
	  Recheck Cond: ((id >= 7699670) AND (id <= 7700669))
	  ->  Bitmap Index Scan on sbtest4_pkey  (cost=0.00..21.86 rows=943 width=0)
	        Index Cond: ((id >= 7699670) AND (id <= 7700669))

table 5 : explain SELECT c FROM sbtest5 WHERE id BETWEEN 3452262 AND 3453261
	Bitmap Heap Scan on sbtest5  (cost=21.65..3481.19 rows=899 width=121)
	  Recheck Cond: ((id >= 3452262) AND (id <= 3453261))
	  ->  Bitmap Index Scan on sbtest5_pkey  (cost=0.00..21.43 rows=899 width=0)
	        Index Cond: ((id >= 3452262) AND (id <= 3453261))

table 6 : explain SELECT c FROM sbtest6 WHERE id BETWEEN 3654172 AND 3655171
	Bitmap Heap Scan on sbtest6  (cost=21.99..3605.93 rows=932 width=121)
	  Recheck Cond: ((id >= 3654172) AND (id <= 3655171))
	  ->  Bitmap Index Scan on sbtest6_pkey  (cost=0.00..21.75 rows=932 width=0)
	        Index Cond: ((id >= 3654172) AND (id <= 3655171))

table 7 : explain SELECT c FROM sbtest7 WHERE id BETWEEN 4944876 AND 4945875
	Bitmap Heap Scan on sbtest7  (cost=23.29..4085.82 rows=1059 width=121)
	  Recheck Cond: ((id >= 4944876) AND (id <= 4945875))
	  ->  Bitmap Index Scan on sbtest7_pkey  (cost=0.00..23.02 rows=1059 width=0)
	        Index Cond: ((id >= 4944876) AND (id <= 4945875))

table 8 : explain SELECT c FROM sbtest8 WHERE id BETWEEN 3907211 AND 3908210
	Bitmap Heap Scan on sbtest8  (cost=26.95..3965.51 rows=1026 width=121)
	  Recheck Cond: ((id >= 3907211) AND (id <= 3908210))
	  ->  Bitmap Index Scan on sbtest8_pkey  (cost=0.00..26.69 rows=1026 width=0)
	        Index Cond: ((id >= 3907211) AND (id <= 3908210))

for point_selects
table 1 : explain SELECT c FROM sbtest1 WHERE id=914310
	Index Scan using sbtest1_pkey on sbtest1  (cost=0.43..8.45 rows=1 width=121)
	  Index Cond: (id = 914310)

table 2 : explain SELECT c FROM sbtest2 WHERE id=9547594
	Index Scan using sbtest2_pkey on sbtest2  (cost=0.43..8.45 rows=1 width=121)
	  Index Cond: (id = 9547594)

table 3 : explain SELECT c FROM sbtest3 WHERE id=5935218
	Index Scan using sbtest3_pkey on sbtest3  (cost=0.43..8.45 rows=1 width=121)
	  Index Cond: (id = 5935218)

table 4 : explain SELECT c FROM sbtest4 WHERE id=9107117
	Index Scan using sbtest4_pkey on sbtest4  (cost=0.43..8.45 rows=1 width=121)
	  Index Cond: (id = 9107117)

table 5 : explain SELECT c FROM sbtest5 WHERE id=6444538
	Index Scan using sbtest5_pkey on sbtest5  (cost=0.43..8.45 rows=1 width=121)
	  Index Cond: (id = 6444538)

table 6 : explain SELECT c FROM sbtest6 WHERE id=2620492
	Index Scan using sbtest6_pkey on sbtest6  (cost=0.43..8.45 rows=1 width=121)
	  Index Cond: (id = 2620492)

table 7 : explain SELECT c FROM sbtest7 WHERE id=1974314
	Index Scan using sbtest7_pkey on sbtest7  (cost=0.43..8.45 rows=1 width=121)
	  Index Cond: (id = 1974314)

table 8 : explain SELECT c FROM sbtest8 WHERE id=4266602
	Index Scan using sbtest8_pkey on sbtest8  (cost=0.43..8.45 rows=1 width=121)
	  Index Cond: (id = 4266602)

explain: for point_selects :: explain SELECT c FROM sbtest%u WHERE id=%u
for: sum_ranges
table 1 : explain SELECT SUM(k) FROM sbtest1 WHERE id BETWEEN 7847268 AND 7848267
	Aggregate  (cost=3681.52..3681.53 rows=1 width=8)
	  ->  Bitmap Heap Scan on sbtest1  (cost=22.19..3679.14 rows=952 width=4)
	        Recheck Cond: ((id >= 7847268) AND (id <= 7848267))
	        ->  Bitmap Index Scan on sbtest1_pkey  (cost=0.00..21.95 rows=952 width=0)
	              Index Cond: ((id >= 7847268) AND (id <= 7848267))

table 2 : explain SELECT SUM(k) FROM sbtest2 WHERE id BETWEEN 9529085 AND 9530084
	Aggregate  (cost=4082.02..4082.03 rows=1 width=8)
	  ->  Bitmap Heap Scan on sbtest2  (cost=23.28..4079.37 rows=1058 width=4)
	        Recheck Cond: ((id >= 9529085) AND (id <= 9530084))
	        ->  Bitmap Index Scan on sbtest2_pkey  (cost=0.00..23.01 rows=1058 width=0)
	              Index Cond: ((id >= 9529085) AND (id <= 9530084))

table 3 : explain SELECT SUM(k) FROM sbtest3 WHERE id BETWEEN 7292158 AND 7293157
	Aggregate  (cost=3886.38..3886.39 rows=1 width=8)
	  ->  Bitmap Heap Scan on sbtest3  (cost=22.75..3883.86 rows=1006 width=4)
	        Recheck Cond: ((id >= 7292158) AND (id <= 7293157))
	        ->  Bitmap Index Scan on sbtest3_pkey  (cost=0.00..22.50 rows=1006 width=0)
	              Index Cond: ((id >= 7292158) AND (id <= 7293157))

table 4 : explain SELECT SUM(k) FROM sbtest4 WHERE id BETWEEN 4383374 AND 4384373
	Aggregate  (cost=3917.62..3917.63 rows=1 width=8)
	  ->  Bitmap Heap Scan on sbtest4  (cost=22.83..3915.08 rows=1014 width=4)
	        Recheck Cond: ((id >= 4383374) AND (id <= 4384373))
	        ->  Bitmap Index Scan on sbtest4_pkey  (cost=0.00..22.57 rows=1014 width=0)
	              Index Cond: ((id >= 4383374) AND (id <= 4384373))

table 5 : explain SELECT SUM(k) FROM sbtest5 WHERE id BETWEEN 1666906 AND 1667905
	Aggregate  (cost=4301.76..4301.77 rows=1 width=8)
	  ->  Bitmap Heap Scan on sbtest5  (cost=27.87..4298.97 rows=1116 width=4)
	        Recheck Cond: ((id >= 1666906) AND (id <= 1667905))
	        ->  Bitmap Index Scan on sbtest5_pkey  (cost=0.00..27.59 rows=1116 width=0)
	              Index Cond: ((id >= 1666906) AND (id <= 1667905))

table 6 : explain SELECT SUM(k) FROM sbtest6 WHERE id BETWEEN 661110 AND 662109
	Aggregate  (cost=3630.93..3630.94 rows=1 width=8)
	  ->  Bitmap Heap Scan on sbtest6  (cost=22.05..3628.59 rows=938 width=4)
	        Recheck Cond: ((id >= 661110) AND (id <= 662109))
	        ->  Bitmap Index Scan on sbtest6_pkey  (cost=0.00..21.82 rows=938 width=0)
	              Index Cond: ((id >= 661110) AND (id <= 662109))

table 7 : explain SELECT SUM(k) FROM sbtest7 WHERE id BETWEEN 7463822 AND 7464821
	Aggregate  (cost=3722.67..3722.68 rows=1 width=8)
	  ->  Bitmap Heap Scan on sbtest7  (cost=22.30..3720.27 rows=962 width=4)
	        Recheck Cond: ((id >= 7463822) AND (id <= 7464821))
	        ->  Bitmap Index Scan on sbtest7_pkey  (cost=0.00..22.05 rows=962 width=0)
	              Index Cond: ((id >= 7463822) AND (id <= 7464821))

table 8 : explain SELECT SUM(k) FROM sbtest8 WHERE id BETWEEN 5176273 AND 5177272
	Aggregate  (cost=3510.87..3510.88 rows=1 width=8)
	  ->  Bitmap Heap Scan on sbtest8  (cost=21.72..3508.60 rows=906 width=4)
	        Recheck Cond: ((id >= 5176273) AND (id <= 5177272))
	        ->  Bitmap Index Scan on sbtest8_pkey  (cost=0.00..21.50 rows=906 width=0)
	              Index Cond: ((id >= 5176273) AND (id <= 5177272))

for: sum_ranges
table 1 : explain SELECT SUM(k) FROM sbtest1 WHERE id BETWEEN 156271 AND 157270
	Aggregate  (cost=3670.20..3670.21 rows=1 width=8)
	  ->  Bitmap Heap Scan on sbtest1  (cost=22.16..3667.82 rows=949 width=4)
	        Recheck Cond: ((id >= 156271) AND (id <= 157270))
	        ->  Bitmap Index Scan on sbtest1_pkey  (cost=0.00..21.93 rows=949 width=0)
	              Index Cond: ((id >= 156271) AND (id <= 157270))

table 2 : explain SELECT SUM(k) FROM sbtest2 WHERE id BETWEEN 2911712 AND 2912711
	Aggregate  (cost=4232.61..4232.62 rows=1 width=8)
	  ->  Bitmap Heap Scan on sbtest2  (cost=27.68..4229.87 rows=1097 width=4)
	        Recheck Cond: ((id >= 2911712) AND (id <= 2912711))
	        ->  Bitmap Index Scan on sbtest2_pkey  (cost=0.00..27.40 rows=1097 width=0)
	              Index Cond: ((id >= 2911712) AND (id <= 2912711))

table 3 : explain SELECT SUM(k) FROM sbtest3 WHERE id BETWEEN 5722626 AND 5723625
	Aggregate  (cost=4266.58..4266.59 rows=1 width=8)
	  ->  Bitmap Heap Scan on sbtest3  (cost=27.78..4263.81 rows=1107 width=4)
	        Recheck Cond: ((id >= 5722626) AND (id <= 5723625))
	        ->  Bitmap Index Scan on sbtest3_pkey  (cost=0.00..27.50 rows=1107 width=0)
	              Index Cond: ((id >= 5722626) AND (id <= 5723625))

table 4 : explain SELECT SUM(k) FROM sbtest4 WHERE id BETWEEN 9836017 AND 9837016
	Aggregate  (cost=4098.60..4098.61 rows=1 width=8)
	  ->  Bitmap Heap Scan on sbtest4  (cost=27.31..4095.95 rows=1061 width=4)
	        Recheck Cond: ((id >= 9836017) AND (id <= 9837016))
	        ->  Bitmap Index Scan on sbtest4_pkey  (cost=0.00..27.04 rows=1061 width=0)
	              Index Cond: ((id >= 9836017) AND (id <= 9837016))

table 5 : explain SELECT SUM(k) FROM sbtest5 WHERE id BETWEEN 2344760 AND 2345759
	Aggregate  (cost=3797.05..3797.06 rows=1 width=8)
	  ->  Bitmap Heap Scan on sbtest5  (cost=22.50..3794.60 rows=982 width=4)
	        Recheck Cond: ((id >= 2344760) AND (id <= 2345759))
	        ->  Bitmap Index Scan on sbtest5_pkey  (cost=0.00..22.25 rows=982 width=0)
	              Index Cond: ((id >= 2344760) AND (id <= 2345759))

table 6 : explain SELECT SUM(k) FROM sbtest6 WHERE id BETWEEN 2032352 AND 2033351
	Aggregate  (cost=3615.81..3615.82 rows=1 width=8)
	  ->  Bitmap Heap Scan on sbtest6  (cost=22.01..3613.48 rows=934 width=4)
	        Recheck Cond: ((id >= 2032352) AND (id <= 2033351))
	        ->  Bitmap Index Scan on sbtest6_pkey  (cost=0.00..21.77 rows=934 width=0)
	              Index Cond: ((id >= 2032352) AND (id <= 2033351))

table 7 : explain SELECT SUM(k) FROM sbtest7 WHERE id BETWEEN 2088492 AND 2089491
	Aggregate  (cost=3847.25..3847.26 rows=1 width=8)
	  ->  Bitmap Heap Scan on sbtest7  (cost=22.63..3844.77 rows=995 width=4)
	        Recheck Cond: ((id >= 2088492) AND (id <= 2089491))
	        ->  Bitmap Index Scan on sbtest7_pkey  (cost=0.00..22.39 rows=995 width=0)
	              Index Cond: ((id >= 2088492) AND (id <= 2089491))

table 8 : explain SELECT SUM(k) FROM sbtest8 WHERE id BETWEEN 5218874 AND 5219873
	Aggregate  (cost=3510.87..3510.88 rows=1 width=8)
	  ->  Bitmap Heap Scan on sbtest8  (cost=21.72..3508.60 rows=906 width=4)
	        Recheck Cond: ((id >= 5218874) AND (id <= 5219873))
	        ->  Bitmap Index Scan on sbtest8_pkey  (cost=0.00..21.50 rows=906 width=0)
	              Index Cond: ((id >= 5218874) AND (id <= 5219873))

for point_selects
table 1 : explain SELECT c FROM sbtest1 WHERE id=942394
	Index Scan using sbtest1_pkey on sbtest1  (cost=0.43..8.45 rows=1 width=121)
	  Index Cond: (id = 942394)

table 2 : explain SELECT c FROM sbtest2 WHERE id=9864767
	Index Scan using sbtest2_pkey on sbtest2  (cost=0.43..8.45 rows=1 width=121)
	  Index Cond: (id = 9864767)

table 3 : explain SELECT c FROM sbtest3 WHERE id=4341974
	Index Scan using sbtest3_pkey on sbtest3  (cost=0.43..8.45 rows=1 width=121)
	  Index Cond: (id = 4341974)

table 4 : explain SELECT c FROM sbtest4 WHERE id=448833
	Index Scan using sbtest4_pkey on sbtest4  (cost=0.43..8.45 rows=1 width=121)
	  Index Cond: (id = 448833)

table 5 : explain SELECT c FROM sbtest5 WHERE id=5128706
	Index Scan using sbtest5_pkey on sbtest5  (cost=0.43..8.45 rows=1 width=121)
	  Index Cond: (id = 5128706)

table 6 : explain SELECT c FROM sbtest6 WHERE id=9788033
	Index Scan using sbtest6_pkey on sbtest6  (cost=0.43..8.45 rows=1 width=121)
	  Index Cond: (id = 9788033)

table 7 : explain SELECT c FROM sbtest7 WHERE id=9637539
	Index Scan using sbtest7_pkey on sbtest7  (cost=0.43..8.45 rows=1 width=121)
	  Index Cond: (id = 9637539)

table 8 : explain SELECT c FROM sbtest8 WHERE id=5601801
	Index Scan using sbtest8_pkey on sbtest8  (cost=0.43..8.45 rows=1 width=121)
	  Index Cond: (id = 5601801)

for: distinct_ranges
table 1 : explain SELECT DISTINCT c FROM sbtest1 WHERE id BETWEEN 4154974 AND 4155973 ORDER BY c
	Unique  (cost=3955.66..3960.72 rows=1012 width=121)
	  ->  Sort  (cost=3955.66..3958.19 rows=1012 width=121)
	        Sort Key: c
	        ->  Bitmap Heap Scan on sbtest1  (cost=22.81..3905.14 rows=1012 width=121)
	              Recheck Cond: ((id >= 4154974) AND (id <= 4155973))
	              ->  Bitmap Index Scan on sbtest1_pkey  (cost=0.00..22.55 rows=1012 width=0)
	                    Index Cond: ((id >= 4154974) AND (id <= 4155973))

table 2 : explain SELECT DISTINCT c FROM sbtest2 WHERE id BETWEEN 6145871 AND 6146870 ORDER BY c
	Unique  (cost=3979.77..3984.86 rows=1018 width=121)
	  ->  Sort  (cost=3979.77..3982.32 rows=1018 width=121)
	        Sort Key: c
	        ->  Bitmap Heap Scan on sbtest2  (cost=22.87..3928.92 rows=1018 width=121)
	              Recheck Cond: ((id >= 6145871) AND (id <= 6146870))
	              ->  Bitmap Index Scan on sbtest2_pkey  (cost=0.00..22.61 rows=1018 width=0)
	                    Index Cond: ((id >= 6145871) AND (id <= 6146870))

table 3 : explain SELECT DISTINCT c FROM sbtest3 WHERE id BETWEEN 2987198 AND 2988197 ORDER BY c
	Unique  (cost=3769.55..3774.36 rows=963 width=121)
	  ->  Sort  (cost=3769.55..3771.95 rows=963 width=121)
	        Sort Key: c
	        ->  Bitmap Heap Scan on sbtest3  (cost=22.31..3721.82 rows=963 width=121)
	              Recheck Cond: ((id >= 2987198) AND (id <= 2988197))
	              ->  Bitmap Index Scan on sbtest3_pkey  (cost=0.00..22.07 rows=963 width=0)
	                    Index Cond: ((id >= 2987198) AND (id <= 2988197))

table 4 : explain SELECT DISTINCT c FROM sbtest4 WHERE id BETWEEN 4983699 AND 4984698 ORDER BY c
	Unique  (cost=4134.00..4139.29 rows=1057 width=121)
	  ->  Sort  (cost=4134.00..4136.64 rows=1057 width=121)
	        Sort Key: c
	        ->  Bitmap Heap Scan on sbtest4  (cost=27.27..4080.91 rows=1057 width=121)
	              Recheck Cond: ((id >= 4983699) AND (id <= 4984698))
	              ->  Bitmap Index Scan on sbtest4_pkey  (cost=0.00..27.00 rows=1057 width=0)
	                    Index Cond: ((id >= 4983699) AND (id <= 4984698))

table 5 : explain SELECT DISTINCT c FROM sbtest5 WHERE id BETWEEN 7125970 AND 7126969 ORDER BY c
	Unique  (cost=3896.97..3901.95 rows=996 width=121)
	  ->  Sort  (cost=3896.97..3899.46 rows=996 width=121)
	        Sort Key: c
	        ->  Bitmap Heap Scan on sbtest5  (cost=22.64..3847.37 rows=996 width=121)
	              Recheck Cond: ((id >= 7125970) AND (id <= 7126969))
	              ->  Bitmap Index Scan on sbtest5_pkey  (cost=0.00..22.39 rows=996 width=0)
	                    Index Cond: ((id >= 7125970) AND (id <= 7126969))

table 6 : explain SELECT DISTINCT c FROM sbtest6 WHERE id BETWEEN 752952 AND 753951 ORDER BY c
	Unique  (cost=4076.66..4081.88 rows=1043 width=121)
	  ->  Sort  (cost=4076.66..4079.27 rows=1043 width=121)
	        Sort Key: c
	        ->  Bitmap Heap Scan on sbtest6  (cost=23.13..4024.37 rows=1043 width=121)
	              Recheck Cond: ((id >= 752952) AND (id <= 753951))
	              ->  Bitmap Index Scan on sbtest6_pkey  (cost=0.00..22.86 rows=1043 width=0)
	                    Index Cond: ((id >= 752952) AND (id <= 753951))

table 7 : explain SELECT DISTINCT c FROM sbtest7 WHERE id BETWEEN 1719113 AND 1720112 ORDER BY c
	Unique  (cost=4089.36..4094.59 rows=1046 width=121)
	  ->  Sort  (cost=4089.36..4091.97 rows=1046 width=121)
	        Sort Key: c
	        ->  Bitmap Heap Scan on sbtest7  (cost=23.16..4036.90 rows=1046 width=121)
	              Recheck Cond: ((id >= 1719113) AND (id <= 1720112))
	              ->  Bitmap Index Scan on sbtest7_pkey  (cost=0.00..22.89 rows=1046 width=0)
	                    Index Cond: ((id >= 1719113) AND (id <= 1720112))

table 8 : explain SELECT DISTINCT c FROM sbtest8 WHERE id BETWEEN 2003220 AND 2004219 ORDER BY c
	Unique  (cost=3859.78..3864.71 rows=986 width=121)
	  ->  Sort  (cost=3859.78..3862.24 rows=986 width=121)
	        Sort Key: c
	        ->  Bitmap Heap Scan on sbtest8  (cost=22.54..3810.75 rows=986 width=121)
	              Recheck Cond: ((id >= 2003220) AND (id <= 2004219))
	              ->  Bitmap Index Scan on sbtest8_pkey  (cost=0.00..22.29 rows=986 width=0)
	                    Index Cond: ((id >= 2003220) AND (id <= 2004219))

for: simple_ranges
table 1 : explain SELECT c FROM sbtest1 WHERE id BETWEEN 849381 AND 850380
	Bitmap Heap Scan on sbtest1  (cost=21.67..3486.65 rows=901 width=121)
	  Recheck Cond: ((id >= 849381) AND (id <= 850380))
	  ->  Bitmap Index Scan on sbtest1_pkey  (cost=0.00..21.44 rows=901 width=0)
	        Index Cond: ((id >= 849381) AND (id <= 850380))

table 2 : explain SELECT c FROM sbtest2 WHERE id BETWEEN 2827682 AND 2828681
	Bitmap Heap Scan on sbtest2  (cost=27.76..4256.17 rows=1105 width=121)
	  Recheck Cond: ((id >= 2827682) AND (id <= 2828681))
	  ->  Bitmap Index Scan on sbtest2_pkey  (cost=0.00..27.48 rows=1105 width=0)
	        Index Cond: ((id >= 2827682) AND (id <= 2828681))

table 3 : explain SELECT c FROM sbtest3 WHERE id BETWEEN 5629105 AND 5630104
	Bitmap Heap Scan on sbtest3  (cost=23.11..4015.58 rows=1041 width=121)
	  Recheck Cond: ((id >= 5629105) AND (id <= 5630104))
	  ->  Bitmap Index Scan on sbtest3_pkey  (cost=0.00..22.84 rows=1041 width=0)
	        Index Cond: ((id >= 5629105) AND (id <= 5630104))

table 4 : explain SELECT c FROM sbtest4 WHERE id BETWEEN 4069095 AND 4070094
	Bitmap Heap Scan on sbtest4  (cost=27.30..4092.19 rows=1060 width=121)
	  Recheck Cond: ((id >= 4069095) AND (id <= 4070094))
	  ->  Bitmap Index Scan on sbtest4_pkey  (cost=0.00..27.04 rows=1060 width=0)
	        Index Cond: ((id >= 4069095) AND (id <= 4070094))

table 5 : explain SELECT c FROM sbtest5 WHERE id BETWEEN 633468 AND 634467
	Bitmap Heap Scan on sbtest5  (cost=21.45..3409.32 rows=880 width=121)
	  Recheck Cond: ((id >= 633468) AND (id <= 634467))
	  ->  Bitmap Index Scan on sbtest5_pkey  (cost=0.00..21.23 rows=880 width=0)
	        Index Cond: ((id >= 633468) AND (id <= 634467))

table 6 : explain SELECT c FROM sbtest6 WHERE id BETWEEN 8155011 AND 8156010
	Bitmap Heap Scan on sbtest6  (cost=22.34..3734.27 rows=966 width=121)
	  Recheck Cond: ((id >= 8155011) AND (id <= 8156010))
	  ->  Bitmap Index Scan on sbtest6_pkey  (cost=0.00..22.09 rows=966 width=0)
	        Index Cond: ((id >= 8155011) AND (id <= 8156010))

table 7 : explain SELECT c FROM sbtest7 WHERE id BETWEEN 917409 AND 918408
	Bitmap Heap Scan on sbtest7  (cost=21.60..3463.28 rows=894 width=121)
	  Recheck Cond: ((id >= 917409) AND (id <= 918408))
	  ->  Bitmap Index Scan on sbtest7_pkey  (cost=0.00..21.37 rows=894 width=0)
	        Index Cond: ((id >= 917409) AND (id <= 918408))

table 8 : explain SELECT c FROM sbtest8 WHERE id BETWEEN 4180852 AND 4181851
	Bitmap Heap Scan on sbtest8  (cost=22.16..3671.11 rows=949 width=121)
	  Recheck Cond: ((id >= 4180852) AND (id <= 4181851))
	  ->  Bitmap Index Scan on sbtest8_pkey  (cost=0.00..21.93 rows=949 width=0)
	        Index Cond: ((id >= 4180852) AND (id <= 4181851))

for: sum_ranges
table 1 : explain SELECT SUM(k) FROM sbtest1 WHERE id BETWEEN 6474775 AND 6475774
	Aggregate  (cost=3836.11..3836.12 rows=1 width=8)
	  ->  Bitmap Heap Scan on sbtest1  (cost=22.61..3833.63 rows=993 width=4)
	        Recheck Cond: ((id >= 6474775) AND (id <= 6475774))
	        ->  Bitmap Index Scan on sbtest1_pkey  (cost=0.00..22.36 rows=993 width=0)
	              Index Cond: ((id >= 6474775) AND (id <= 6475774))

table 2 : explain SELECT SUM(k) FROM sbtest2 WHERE id BETWEEN 273136 AND 274135
	Aggregate  (cost=4085.78..4085.79 rows=1 width=8)
	  ->  Bitmap Heap Scan on sbtest2  (cost=23.29..4083.13 rows=1059 width=4)
	        Recheck Cond: ((id >= 273136) AND (id <= 274135))
	        ->  Bitmap Index Scan on sbtest2_pkey  (cost=0.00..23.02 rows=1059 width=0)
	              Index Cond: ((id >= 273136) AND (id <= 274135))

table 3 : explain SELECT SUM(k) FROM sbtest3 WHERE id BETWEEN 1709998 AND 1710997
	Aggregate  (cost=3841.15..3841.16 rows=1 width=8)
	  ->  Bitmap Heap Scan on sbtest3  (cost=22.62..3838.67 rows=994 width=4)
	        Recheck Cond: ((id >= 1709998) AND (id <= 1710997))
	        ->  Bitmap Index Scan on sbtest3_pkey  (cost=0.00..22.37 rows=994 width=0)
	              Index Cond: ((id >= 1709998) AND (id <= 1710997))

table 4 : explain SELECT SUM(k) FROM sbtest4 WHERE id BETWEEN 1692607 AND 1693606
	Aggregate  (cost=3490.92..3490.93 rows=1 width=8)
	  ->  Bitmap Heap Scan on sbtest4  (cost=21.67..3488.67 rows=901 width=4)
	        Recheck Cond: ((id >= 1692607) AND (id <= 1693606))
	        ->  Bitmap Index Scan on sbtest4_pkey  (cost=0.00..21.44 rows=901 width=0)
	              Index Cond: ((id >= 1692607) AND (id <= 1693606))

table 5 : explain SELECT SUM(k) FROM sbtest5 WHERE id BETWEEN 8532132 AND 8533131
	Aggregate  (cost=3676.25..3676.26 rows=1 width=8)
	  ->  Bitmap Heap Scan on sbtest5  (cost=22.17..3673.87 rows=950 width=4)
	        Recheck Cond: ((id >= 8532132) AND (id <= 8533131))
	        ->  Bitmap Index Scan on sbtest5_pkey  (cost=0.00..21.93 rows=950 width=0)
	              Index Cond: ((id >= 8532132) AND (id <= 8533131))

table 6 : explain SELECT SUM(k) FROM sbtest6 WHERE id BETWEEN 1303120 AND 1304119
	Aggregate  (cost=3763.11..3763.12 rows=1 width=8)
	  ->  Bitmap Heap Scan on sbtest6  (cost=22.41..3760.67 rows=973 width=4)
	        Recheck Cond: ((id >= 1303120) AND (id <= 1304119))
	        ->  Bitmap Index Scan on sbtest6_pkey  (cost=0.00..22.16 rows=973 width=0)
	              Index Cond: ((id >= 1303120) AND (id <= 1304119))

table 7 : explain SELECT SUM(k) FROM sbtest7 WHERE id BETWEEN 6894688 AND 6895687
	Aggregate  (cost=3832.16..3832.17 rows=1 width=8)
	  ->  Bitmap Heap Scan on sbtest7  (cost=22.59..3829.68 rows=991 width=4)
	        Recheck Cond: ((id >= 6894688) AND (id <= 6895687))
	        ->  Bitmap Index Scan on sbtest7_pkey  (cost=0.00..22.34 rows=991 width=0)
	              Index Cond: ((id >= 6894688) AND (id <= 6895687))

table 8 : explain SELECT SUM(k) FROM sbtest8 WHERE id BETWEEN 9816481 AND 9817480
	Aggregate  (cost=4396.95..4396.96 rows=1 width=8)
	  ->  Bitmap Heap Scan on sbtest8  (cost=28.13..4394.10 rows=1141 width=4)
	        Recheck Cond: ((id >= 9816481) AND (id <= 9817480))
	        ->  Bitmap Index Scan on sbtest8_pkey  (cost=0.00..27.84 rows=1141 width=0)
	              Index Cond: ((id >= 9816481) AND (id <= 9817480))

for: sum_ranges
table 1 : explain SELECT SUM(k) FROM sbtest1 WHERE id BETWEEN 9116568 AND 9117567
	Aggregate  (cost=4073.23..4073.24 rows=1 width=8)
	  ->  Bitmap Heap Scan on sbtest1  (cost=23.26..4070.59 rows=1056 width=4)
	        Recheck Cond: ((id >= 9116568) AND (id <= 9117567))
	        ->  Bitmap Index Scan on sbtest1_pkey  (cost=0.00..23.00 rows=1056 width=0)
	              Index Cond: ((id >= 9116568) AND (id <= 9117567))

table 2 : explain SELECT SUM(k) FROM sbtest2 WHERE id BETWEEN 5060222 AND 5061221
	Aggregate  (cost=3795.79..3795.80 rows=1 width=8)
	  ->  Bitmap Heap Scan on sbtest2  (cost=22.50..3793.34 rows=982 width=4)
	        Recheck Cond: ((id >= 5060222) AND (id <= 5061221))
	        ->  Bitmap Index Scan on sbtest2_pkey  (cost=0.00..22.25 rows=982 width=0)
	              Index Cond: ((id >= 5060222) AND (id <= 5061221))

table 3 : explain SELECT SUM(k) FROM sbtest3 WHERE id BETWEEN 8559637 AND 8560636
	Aggregate  (cost=4082.14..4082.15 rows=1 width=8)
	  ->  Bitmap Heap Scan on sbtest3  (cost=23.28..4079.50 rows=1058 width=4)
	        Recheck Cond: ((id >= 8559637) AND (id <= 8560636))
	        ->  Bitmap Index Scan on sbtest3_pkey  (cost=0.00..23.01 rows=1058 width=0)
	              Index Cond: ((id >= 8559637) AND (id <= 8560636))

table 4 : explain SELECT SUM(k) FROM sbtest4 WHERE id BETWEEN 9585356 AND 9586355
	Aggregate  (cost=3932.69..3932.70 rows=1 width=8)
	  ->  Bitmap Heap Scan on sbtest4  (cost=22.87..3930.15 rows=1018 width=4)
	        Recheck Cond: ((id >= 9585356) AND (id <= 9586355))
	        ->  Bitmap Index Scan on sbtest4_pkey  (cost=0.00..22.61 rows=1018 width=0)
	              Index Cond: ((id >= 9585356) AND (id <= 9586355))

table 5 : explain SELECT SUM(k) FROM sbtest5 WHERE id BETWEEN 4802638 AND 4803637
	Aggregate  (cost=4087.19..4087.20 rows=1 width=8)
	  ->  Bitmap Heap Scan on sbtest5  (cost=23.29..4084.54 rows=1059 width=4)
	        Recheck Cond: ((id >= 4802638) AND (id <= 4803637))
	        ->  Bitmap Index Scan on sbtest5_pkey  (cost=0.00..23.02 rows=1059 width=0)
	              Index Cond: ((id >= 4802638) AND (id <= 4803637))

table 6 : explain SELECT SUM(k) FROM sbtest6 WHERE id BETWEEN 9912877 AND 9913876
	Aggregate  (cost=3966.72..3966.73 rows=1 width=8)
	  ->  Bitmap Heap Scan on sbtest6  (cost=22.96..3964.15 rows=1027 width=4)
	        Recheck Cond: ((id >= 9912877) AND (id <= 9913876))
	        ->  Bitmap Index Scan on sbtest6_pkey  (cost=0.00..22.70 rows=1027 width=0)
	              Index Cond: ((id >= 9912877) AND (id <= 9913876))

table 7 : explain SELECT SUM(k) FROM sbtest7 WHERE id BETWEEN 134838 AND 135837
	Aggregate  (cost=3790.64..3790.65 rows=1 width=8)
	  ->  Bitmap Heap Scan on sbtest7  (cost=22.48..3788.19 rows=980 width=4)
	        Recheck Cond: ((id >= 134838) AND (id <= 135837))
	        ->  Bitmap Index Scan on sbtest7_pkey  (cost=0.00..22.23 rows=980 width=0)
	              Index Cond: ((id >= 134838) AND (id <= 135837))

table 8 : explain SELECT SUM(k) FROM sbtest8 WHERE id BETWEEN 4297773 AND 4298772
	Aggregate  (cost=3514.65..3514.66 rows=1 width=8)
	  ->  Bitmap Heap Scan on sbtest8  (cost=21.73..3512.38 rows=907 width=4)
	        Recheck Cond: ((id >= 4297773) AND (id <= 4298772))
	        ->  Bitmap Index Scan on sbtest8_pkey  (cost=0.00..21.50 rows=907 width=0)
	              Index Cond: ((id >= 4297773) AND (id <= 4298772))

explain: for point_selects :: explain SELECT c FROM sbtest%u WHERE id=%u
for: sum_ranges
table 1 : explain SELECT SUM(k) FROM sbtest1 WHERE id BETWEEN 7593996 AND 7594995
	Aggregate  (cost=3783.35..3783.36 rows=1 width=8)
	  ->  Bitmap Heap Scan on sbtest1  (cost=22.47..3780.90 rows=979 width=4)
	        Recheck Cond: ((id >= 7593996) AND (id <= 7594995))
	        ->  Bitmap Index Scan on sbtest1_pkey  (cost=0.00..22.22 rows=979 width=0)
	              Index Cond: ((id >= 7593996) AND (id <= 7594995))

table 2 : explain SELECT SUM(k) FROM sbtest2 WHERE id BETWEEN 559006 AND 560005
	Aggregate  (cost=4424.05..4424.06 rows=1 width=8)
	  ->  Bitmap Heap Scan on sbtest2  (cost=28.21..4421.18 rows=1149 width=4)
	        Recheck Cond: ((id >= 559006) AND (id <= 560005))
	        ->  Bitmap Index Scan on sbtest2_pkey  (cost=0.00..27.93 rows=1149 width=0)
	              Index Cond: ((id >= 559006) AND (id <= 560005))

table 3 : explain SELECT SUM(k) FROM sbtest3 WHERE id BETWEEN 1054665 AND 1055664
	Aggregate  (cost=3595.85..3595.86 rows=1 width=8)
	  ->  Bitmap Heap Scan on sbtest3  (cost=21.96..3593.52 rows=929 width=4)
	        Recheck Cond: ((id >= 1054665) AND (id <= 1055664))
	        ->  Bitmap Index Scan on sbtest3_pkey  (cost=0.00..21.72 rows=929 width=0)
	              Index Cond: ((id >= 1054665) AND (id <= 1055664))

table 4 : explain SELECT SUM(k) FROM sbtest4 WHERE id BETWEEN 3381330 AND 3382329
	Aggregate  (cost=3781.86..3781.87 rows=1 width=8)
	  ->  Bitmap Heap Scan on sbtest4  (cost=22.46..3779.42 rows=978 width=4)
	        Recheck Cond: ((id >= 3381330) AND (id <= 3382329))
	        ->  Bitmap Index Scan on sbtest4_pkey  (cost=0.00..22.21 rows=978 width=0)
	              Index Cond: ((id >= 3381330) AND (id <= 3382329))

table 5 : explain SELECT SUM(k) FROM sbtest5 WHERE id BETWEEN 1099789 AND 1100788
	Aggregate  (cost=3906.41..3906.42 rows=1 width=8)
	  ->  Bitmap Heap Scan on sbtest5  (cost=22.80..3903.88 rows=1011 width=4)
	        Recheck Cond: ((id >= 1099789) AND (id <= 1100788))
	        ->  Bitmap Index Scan on sbtest5_pkey  (cost=0.00..22.54 rows=1011 width=0)
	              Index Cond: ((id >= 1099789) AND (id <= 1100788))

table 6 : explain SELECT SUM(k) FROM sbtest6 WHERE id BETWEEN 2271692 AND 2272691
	Aggregate  (cost=3683.82..3683.83 rows=1 width=8)
	  ->  Bitmap Heap Scan on sbtest6  (cost=22.19..3681.44 rows=952 width=4)
	        Recheck Cond: ((id >= 2271692) AND (id <= 2272691))
	        ->  Bitmap Index Scan on sbtest6_pkey  (cost=0.00..21.95 rows=952 width=0)
	              Index Cond: ((id >= 2271692) AND (id <= 2272691))

table 7 : explain SELECT SUM(k) FROM sbtest7 WHERE id BETWEEN 3973664 AND 3974663
	Aggregate  (cost=3628.20..3628.21 rows=1 width=8)
	  ->  Bitmap Heap Scan on sbtest7  (cost=22.04..3625.86 rows=937 width=4)
	        Recheck Cond: ((id >= 3973664) AND (id <= 3974663))
	        ->  Bitmap Index Scan on sbtest7_pkey  (cost=0.00..21.80 rows=937 width=0)
	              Index Cond: ((id >= 3973664) AND (id <= 3974663))

table 8 : explain SELECT SUM(k) FROM sbtest8 WHERE id BETWEEN 2027966 AND 2028965
	Aggregate  (cost=3979.38..3979.39 rows=1 width=8)
	  ->  Bitmap Heap Scan on sbtest8  (cost=26.98..3976.80 rows=1029 width=4)
	        Recheck Cond: ((id >= 2027966) AND (id <= 2028965))
	        ->  Bitmap Index Scan on sbtest8_pkey  (cost=0.00..26.72 rows=1029 width=0)
	              Index Cond: ((id >= 2027966) AND (id <= 2028965))

for point_selects
table 1 : explain SELECT c FROM sbtest1 WHERE id=8475502
	Index Scan using sbtest1_pkey on sbtest1  (cost=0.43..8.45 rows=1 width=121)
	  Index Cond: (id = 8475502)

table 2 : explain SELECT c FROM sbtest2 WHERE id=4685414
	Index Scan using sbtest2_pkey on sbtest2  (cost=0.43..8.45 rows=1 width=121)
	  Index Cond: (id = 4685414)

table 3 : explain SELECT c FROM sbtest3 WHERE id=1142360
	Index Scan using sbtest3_pkey on sbtest3  (cost=0.43..8.45 rows=1 width=121)
	  Index Cond: (id = 1142360)

table 4 : explain SELECT c FROM sbtest4 WHERE id=3623818
	Index Scan using sbtest4_pkey on sbtest4  (cost=0.43..8.45 rows=1 width=121)
	  Index Cond: (id = 3623818)

table 5 : explain SELECT c FROM sbtest5 WHERE id=3058768
	Index Scan using sbtest5_pkey on sbtest5  (cost=0.43..8.45 rows=1 width=121)
	  Index Cond: (id = 3058768)

table 6 : explain SELECT c FROM sbtest6 WHERE id=6039582
	Index Scan using sbtest6_pkey on sbtest6  (cost=0.43..8.45 rows=1 width=121)
	  Index Cond: (id = 6039582)

table 7 : explain SELECT c FROM sbtest7 WHERE id=9897075
	Index Scan using sbtest7_pkey on sbtest7  (cost=0.43..8.45 rows=1 width=121)
	  Index Cond: (id = 9897075)

table 8 : explain SELECT c FROM sbtest8 WHERE id=9269649
	Index Scan using sbtest8_pkey on sbtest8  (cost=0.43..8.45 rows=1 width=121)
	  Index Cond: (id = 9269649)

for: order_ranges
table 1 : explain SELECT c FROM sbtest1 WHERE id BETWEEN 9925354 AND 9926353 ORDER BY c
	Sort  (cost=4062.57..4065.17 rows=1040 width=121)
	  Sort Key: c
	  ->  Bitmap Heap Scan on sbtest1  (cost=23.09..4010.45 rows=1040 width=121)
	        Recheck Cond: ((id >= 9925354) AND (id <= 9926353))
	        ->  Bitmap Index Scan on sbtest1_pkey  (cost=0.00..22.83 rows=1040 width=0)
	              Index Cond: ((id >= 9925354) AND (id <= 9926353))

table 2 : explain SELECT c FROM sbtest2 WHERE id BETWEEN 5090172 AND 5091171 ORDER BY c
	Sort  (cost=4193.56..4196.25 rows=1074 width=121)
	  Sort Key: c
	  ->  Bitmap Heap Scan on sbtest2  (cost=23.44..4139.49 rows=1074 width=121)
	        Recheck Cond: ((id >= 5090172) AND (id <= 5091171))
	        ->  Bitmap Index Scan on sbtest2_pkey  (cost=0.00..23.18 rows=1074 width=0)
	              Index Cond: ((id >= 5090172) AND (id <= 5091171))

table 3 : explain SELECT c FROM sbtest3 WHERE id BETWEEN 5653321 AND 5654320 ORDER BY c
	Sort  (cost=4067.75..4070.36 rows=1041 width=121)
	  Sort Key: c
	  ->  Bitmap Heap Scan on sbtest3  (cost=23.11..4015.58 rows=1041 width=121)
	        Recheck Cond: ((id >= 5653321) AND (id <= 5654320))
	        ->  Bitmap Index Scan on sbtest3_pkey  (cost=0.00..22.84 rows=1041 width=0)
	              Index Cond: ((id >= 5653321) AND (id <= 5654320))

table 4 : explain SELECT c FROM sbtest4 WHERE id BETWEEN 1491365 AND 1492364 ORDER BY c
	Sort  (cost=4389.64..4392.45 rows=1125 width=121)
	  Sort Key: c
	  ->  Bitmap Heap Scan on sbtest4  (cost=27.97..4332.63 rows=1125 width=121)
	        Recheck Cond: ((id >= 1491365) AND (id <= 1492364))
	        ->  Bitmap Index Scan on sbtest4_pkey  (cost=0.00..27.68 rows=1125 width=0)
	              Index Cond: ((id >= 1491365) AND (id <= 1492364))

table 5 : explain SELECT c FROM sbtest5 WHERE id BETWEEN 1083598 AND 1084597 ORDER BY c
	Sort  (cost=3954.34..3956.87 rows=1011 width=121)
	  Sort Key: c
	  ->  Bitmap Heap Scan on sbtest5  (cost=22.80..3903.88 rows=1011 width=121)
	        Recheck Cond: ((id >= 1083598) AND (id <= 1084597))
	        ->  Bitmap Index Scan on sbtest5_pkey  (cost=0.00..22.54 rows=1011 width=0)
	              Index Cond: ((id >= 1083598) AND (id <= 1084597))

table 6 : explain SELECT c FROM sbtest6 WHERE id BETWEEN 8458536 AND 8459535 ORDER BY c
	Sort  (cost=3816.62..3819.06 rows=975 width=121)
	  Sort Key: c
	  ->  Bitmap Heap Scan on sbtest6  (cost=22.43..3768.22 rows=975 width=121)
	        Recheck Cond: ((id >= 8458536) AND (id <= 8459535))
	        ->  Bitmap Index Scan on sbtest6_pkey  (cost=0.00..22.18 rows=975 width=0)
	              Index Cond: ((id >= 8458536) AND (id <= 8459535))

table 7 : explain SELECT c FROM sbtest7 WHERE id BETWEEN 3362972 AND 3363971 ORDER BY c
	Sort  (cost=4146.67..4149.32 rows=1061 width=121)
	  Sort Key: c
	  ->  Bitmap Heap Scan on sbtest7  (cost=23.31..4093.35 rows=1061 width=121)
	        Recheck Cond: ((id >= 3362972) AND (id <= 3363971))
	        ->  Bitmap Index Scan on sbtest7_pkey  (cost=0.00..23.04 rows=1061 width=0)
	              Index Cond: ((id >= 3362972) AND (id <= 3363971))

table 8 : explain SELECT c FROM sbtest8 WHERE id BETWEEN 4895894 AND 4896893 ORDER BY c
	Sort  (cost=3422.52..3424.70 rows=872 width=121)
	  Sort Key: c
	  ->  Bitmap Heap Scan on sbtest8  (cost=21.37..3379.93 rows=872 width=121)
	        Recheck Cond: ((id >= 4895894) AND (id <= 4896893))
	        ->  Bitmap Index Scan on sbtest8_pkey  (cost=0.00..21.15 rows=872 width=0)
	              Index Cond: ((id >= 4895894) AND (id <= 4896893))

for: distinct_ranges
table 1 : explain SELECT DISTINCT c FROM sbtest1 WHERE id BETWEEN 8290509 AND 8291508 ORDER BY c
	Unique  (cost=3733.89..3738.66 rows=954 width=121)
	  ->  Sort  (cost=3733.89..3736.28 rows=954 width=121)
	        Sort Key: c
	        ->  Bitmap Heap Scan on sbtest1  (cost=22.21..3686.68 rows=954 width=121)
	              Recheck Cond: ((id >= 8290509) AND (id <= 8291508))
	              ->  Bitmap Index Scan on sbtest1_pkey  (cost=0.00..21.97 rows=954 width=0)
	                    Index Cond: ((id >= 8290509) AND (id <= 8291508))

table 2 : explain SELECT DISTINCT c FROM sbtest2 WHERE id BETWEEN 8335506 AND 8336505 ORDER BY c
	Unique  (cost=3734.98..3739.75 rows=954 width=121)
	  ->  Sort  (cost=3734.98..3737.36 rows=954 width=121)
	        Sort Key: c
	        ->  Bitmap Heap Scan on sbtest2  (cost=22.21..3687.76 rows=954 width=121)
	              Recheck Cond: ((id >= 8335506) AND (id <= 8336505))
	              ->  Bitmap Index Scan on sbtest2_pkey  (cost=0.00..21.97 rows=954 width=0)
	                    Index Cond: ((id >= 8335506) AND (id <= 8336505))

table 3 : explain SELECT DISTINCT c FROM sbtest3 WHERE id BETWEEN 5511101 AND 5512100 ORDER BY c
	Unique  (cost=4048.66..4053.84 rows=1036 width=121)
	  ->  Sort  (cost=4048.66..4051.25 rows=1036 width=121)
	        Sort Key: c
	        ->  Bitmap Heap Scan on sbtest3  (cost=23.05..3996.77 rows=1036 width=121)
	              Recheck Cond: ((id >= 5511101) AND (id <= 5512100))
	              ->  Bitmap Index Scan on sbtest3_pkey  (cost=0.00..22.79 rows=1036 width=0)
	                    Index Cond: ((id >= 5511101) AND (id <= 5512100))

table 4 : explain SELECT DISTINCT c FROM sbtest4 WHERE id BETWEEN 6705470 AND 6706469 ORDER BY c
	Unique  (cost=3743.75..3748.53 rows=956 width=121)
	  ->  Sort  (cost=3743.75..3746.14 rows=956 width=121)
	        Sort Key: c
	        ->  Bitmap Heap Scan on sbtest4  (cost=22.23..3696.43 rows=956 width=121)
	              Recheck Cond: ((id >= 6705470) AND (id <= 6706469))
	              ->  Bitmap Index Scan on sbtest4_pkey  (cost=0.00..22.00 rows=956 width=0)
	                    Index Cond: ((id >= 6705470) AND (id <= 6706469))

table 5 : explain SELECT DISTINCT c FROM sbtest5 WHERE id BETWEEN 428505 AND 429504 ORDER BY c
	Unique  (cost=3632.71..3637.34 rows=927 width=121)
	  ->  Sort  (cost=3632.71..3635.02 rows=927 width=121)
	        Sort Key: c
	        ->  Bitmap Heap Scan on sbtest5  (cost=21.94..3587.02 rows=927 width=121)
	              Recheck Cond: ((id >= 428505) AND (id <= 429504))
	              ->  Bitmap Index Scan on sbtest5_pkey  (cost=0.00..21.70 rows=927 width=0)
	                    Index Cond: ((id >= 428505) AND (id <= 429504))

table 6 : explain SELECT DISTINCT c FROM sbtest6 WHERE id BETWEEN 8399309 AND 8400308 ORDER BY c
	Unique  (cost=3843.42..3848.33 rows=982 width=121)
	  ->  Sort  (cost=3843.42..3845.87 rows=982 width=121)
	        Sort Key: c
	        ->  Bitmap Heap Scan on sbtest6  (cost=22.50..3794.61 rows=982 width=121)
	              Recheck Cond: ((id >= 8399309) AND (id <= 8400308))
	              ->  Bitmap Index Scan on sbtest6_pkey  (cost=0.00..22.25 rows=982 width=0)
	                    Index Cond: ((id >= 8399309) AND (id <= 8400308))

table 7 : explain SELECT DISTINCT c FROM sbtest7 WHERE id BETWEEN 9513239 AND 9514238 ORDER BY c
	Unique  (cost=3813.91..3818.78 rows=974 width=121)
	  ->  Sort  (cost=3813.91..3816.34 rows=974 width=121)
	        Sort Key: c
	        ->  Bitmap Heap Scan on sbtest7  (cost=22.42..3765.56 rows=974 width=121)
	              Recheck Cond: ((id >= 9513239) AND (id <= 9514238))
	              ->  Bitmap Index Scan on sbtest7_pkey  (cost=0.00..22.18 rows=974 width=0)
	                    Index Cond: ((id >= 9513239) AND (id <= 9514238))

table 8 : explain SELECT DISTINCT c FROM sbtest8 WHERE id BETWEEN 3558517 AND 3559516 ORDER BY c
	Unique  (cost=3649.02..3653.68 rows=931 width=121)
	  ->  Sort  (cost=3649.02..3651.35 rows=931 width=121)
	        Sort Key: c
	        ->  Bitmap Heap Scan on sbtest8  (cost=21.98..3603.11 rows=931 width=121)
	              Recheck Cond: ((id >= 3558517) AND (id <= 3559516))
	              ->  Bitmap Index Scan on sbtest8_pkey  (cost=0.00..21.75 rows=931 width=0)
	                    Index Cond: ((id >= 3558517) AND (id <= 3559516))

for: distinct_ranges
table 1 : explain SELECT DISTINCT c FROM sbtest1 WHERE id BETWEEN 3204235 AND 3205234 ORDER BY c
	Unique  (cost=4001.49..4006.61 rows=1024 width=121)
	  ->  Sort  (cost=4001.49..4004.05 rows=1024 width=121)
	        Sort Key: c
	        ->  Bitmap Heap Scan on sbtest1  (cost=22.93..3950.29 rows=1024 width=121)
	              Recheck Cond: ((id >= 3204235) AND (id <= 3205234))
	              ->  Bitmap Index Scan on sbtest1_pkey  (cost=0.00..22.68 rows=1024 width=0)
	                    Index Cond: ((id >= 3204235) AND (id <= 3205234))

table 2 : explain SELECT DISTINCT c FROM sbtest2 WHERE id BETWEEN 3431415 AND 3432414 ORDER BY c
	Unique  (cost=3933.91..3938.94 rows=1006 width=121)
	  ->  Sort  (cost=3933.91..3936.43 rows=1006 width=121)
	        Sort Key: c
	        ->  Bitmap Heap Scan on sbtest2  (cost=22.75..3883.74 rows=1006 width=121)
	              Recheck Cond: ((id >= 3431415) AND (id <= 3432414))
	              ->  Bitmap Index Scan on sbtest2_pkey  (cost=0.00..22.50 rows=1006 width=0)
	                    Index Cond: ((id >= 3431415) AND (id <= 3432414))

table 3 : explain SELECT DISTINCT c FROM sbtest3 WHERE id BETWEEN 2950440 AND 2951439 ORDER BY c
	Unique  (cost=3769.55..3774.36 rows=963 width=121)
	  ->  Sort  (cost=3769.55..3771.95 rows=963 width=121)
	        Sort Key: c
	        ->  Bitmap Heap Scan on sbtest3  (cost=22.31..3721.82 rows=963 width=121)
	              Recheck Cond: ((id >= 2950440) AND (id <= 2951439))
	              ->  Bitmap Index Scan on sbtest3_pkey  (cost=0.00..22.07 rows=963 width=0)
	                    Index Cond: ((id >= 2950440) AND (id <= 2951439))

table 4 : explain SELECT DISTINCT c FROM sbtest4 WHERE id BETWEEN 5161766 AND 5162765 ORDER BY c
	Unique  (cost=3877.74..3882.70 rows=991 width=121)
	  ->  Sort  (cost=3877.74..3880.22 rows=991 width=121)
	        Sort Key: c
	        ->  Bitmap Heap Scan on sbtest4  (cost=22.59..3828.43 rows=991 width=121)
	              Recheck Cond: ((id >= 5161766) AND (id <= 5162765))
	              ->  Bitmap Index Scan on sbtest4_pkey  (cost=0.00..22.34 rows=991 width=0)
	                    Index Cond: ((id >= 5161766) AND (id <= 5162765))

table 5 : explain SELECT DISTINCT c FROM sbtest5 WHERE id BETWEEN 6448409 AND 6449408 ORDER BY c
	Unique  (cost=4038.44..4043.60 rows=1033 width=121)
	  ->  Sort  (cost=4038.44..4041.02 rows=1033 width=121)
	        Sort Key: c
	        ->  Bitmap Heap Scan on sbtest5  (cost=23.02..3986.72 rows=1033 width=121)
	              Recheck Cond: ((id >= 6448409) AND (id <= 6449408))
	              ->  Bitmap Index Scan on sbtest5_pkey  (cost=0.00..22.76 rows=1033 width=0)
	                    Index Cond: ((id >= 6448409) AND (id <= 6449408))

table 6 : explain SELECT DISTINCT c FROM sbtest6 WHERE id BETWEEN 2630181 AND 2631180 ORDER BY c
	Unique  (cost=3770.67..3775.49 rows=963 width=121)
	  ->  Sort  (cost=3770.67..3773.08 rows=963 width=121)
	        Sort Key: c
	        ->  Bitmap Heap Scan on sbtest6  (cost=22.31..3722.95 rows=963 width=121)
	              Recheck Cond: ((id >= 2630181) AND (id <= 2631180))
	              ->  Bitmap Index Scan on sbtest6_pkey  (cost=0.00..22.07 rows=963 width=0)
	                    Index Cond: ((id >= 2630181) AND (id <= 2631180))

table 7 : explain SELECT DISTINCT c FROM sbtest7 WHERE id BETWEEN 5711347 AND 5712346 ORDER BY c
	Unique  (cost=3794.75..3799.60 rows=969 width=121)
	  ->  Sort  (cost=3794.75..3797.18 rows=969 width=121)
	        Sort Key: c
	        ->  Bitmap Heap Scan on sbtest7  (cost=22.37..3746.69 rows=969 width=121)
	              Recheck Cond: ((id >= 5711347) AND (id <= 5712346))
	              ->  Bitmap Index Scan on sbtest7_pkey  (cost=0.00..22.12 rows=969 width=0)
	                    Index Cond: ((id >= 5711347) AND (id <= 5712346))

table 8 : explain SELECT DISTINCT c FROM sbtest8 WHERE id BETWEEN 8625977 AND 8626976 ORDER BY c
	Unique  (cost=3787.01..3791.85 rows=967 width=121)
	  ->  Sort  (cost=3787.01..3789.43 rows=967 width=121)
	        Sort Key: c
	        ->  Bitmap Heap Scan on sbtest8  (cost=22.35..3739.06 rows=967 width=121)
	              Recheck Cond: ((id >= 8625977) AND (id <= 8626976))
	              ->  Bitmap Index Scan on sbtest8_pkey  (cost=0.00..22.11 rows=967 width=0)
	                    Index Cond: ((id >= 8625977) AND (id <= 8626976))

for: distinct_ranges
table 1 : explain SELECT DISTINCT c FROM sbtest1 WHERE id BETWEEN 6232995 AND 6233994 ORDER BY c
	Unique  (cost=4085.47..4090.70 rows=1046 width=121)
	  ->  Sort  (cost=4085.47..4088.08 rows=1046 width=121)
	        Sort Key: c
	        ->  Bitmap Heap Scan on sbtest1  (cost=23.16..4033.01 rows=1046 width=121)
	              Recheck Cond: ((id >= 6232995) AND (id <= 6233994))
	              ->  Bitmap Index Scan on sbtest1_pkey  (cost=0.00..22.89 rows=1046 width=0)
	                    Index Cond: ((id >= 6232995) AND (id <= 6233994))

table 2 : explain SELECT DISTINCT c FROM sbtest2 WHERE id BETWEEN 9492342 AND 9493341 ORDER BY c
	Unique  (cost=4132.52..4137.81 rows=1058 width=121)
	  ->  Sort  (cost=4132.52..4135.16 rows=1058 width=121)
	        Sort Key: c
	        ->  Bitmap Heap Scan on sbtest2  (cost=23.28..4079.37 rows=1058 width=121)
	              Recheck Cond: ((id >= 9492342) AND (id <= 9493341))
	              ->  Bitmap Index Scan on sbtest2_pkey  (cost=0.00..23.01 rows=1058 width=0)
	                    Index Cond: ((id >= 9492342) AND (id <= 9493341))

table 3 : explain SELECT DISTINCT c FROM sbtest3 WHERE id BETWEEN 2939237 AND 2940236 ORDER BY c
	Unique  (cost=3769.55..3774.36 rows=963 width=121)
	  ->  Sort  (cost=3769.55..3771.95 rows=963 width=121)
	        Sort Key: c
	        ->  Bitmap Heap Scan on sbtest3  (cost=22.31..3721.82 rows=963 width=121)
	              Recheck Cond: ((id >= 2939237) AND (id <= 2940236))
	              ->  Bitmap Index Scan on sbtest3_pkey  (cost=0.00..22.07 rows=963 width=0)
	                    Index Cond: ((id >= 2939237) AND (id <= 2940236))

table 4 : explain SELECT DISTINCT c FROM sbtest4 WHERE id BETWEEN 3299027 AND 3300026 ORDER BY c
	Unique  (cost=3824.16..3829.05 rows=977 width=121)
	  ->  Sort  (cost=3824.16..3826.61 rows=977 width=121)
	        Sort Key: c
	        ->  Bitmap Heap Scan on sbtest4  (cost=22.45..3775.65 rows=977 width=121)
	              Recheck Cond: ((id >= 3299027) AND (id <= 3300026))
	              ->  Bitmap Index Scan on sbtest4_pkey  (cost=0.00..22.20 rows=977 width=0)
	                    Index Cond: ((id >= 3299027) AND (id <= 3300026))

table 5 : explain SELECT DISTINCT c FROM sbtest5 WHERE id BETWEEN 707259 AND 708258 ORDER BY c
	Unique  (cost=3452.36..3456.76 rows=880 width=121)
	  ->  Sort  (cost=3452.36..3454.56 rows=880 width=121)
	        Sort Key: c
	        ->  Bitmap Heap Scan on sbtest5  (cost=21.45..3409.32 rows=880 width=121)
	              Recheck Cond: ((id >= 707259) AND (id <= 708258))
	              ->  Bitmap Index Scan on sbtest5_pkey  (cost=0.00..21.23 rows=880 width=0)
	                    Index Cond: ((id >= 707259) AND (id <= 708258))

table 6 : explain SELECT DISTINCT c FROM sbtest6 WHERE id BETWEEN 8501781 AND 8502780 ORDER BY c
	Unique  (cost=3816.62..3821.50 rows=975 width=121)
	  ->  Sort  (cost=3816.62..3819.06 rows=975 width=121)
	        Sort Key: c
	        ->  Bitmap Heap Scan on sbtest6  (cost=22.43..3768.22 rows=975 width=121)
	              Recheck Cond: ((id >= 8501781) AND (id <= 8502780))
	              ->  Bitmap Index Scan on sbtest6_pkey  (cost=0.00..22.18 rows=975 width=0)
	                    Index Cond: ((id >= 8501781) AND (id <= 8502780))

table 7 : explain SELECT DISTINCT c FROM sbtest7 WHERE id BETWEEN 8060712 AND 8061711 ORDER BY c
	Unique  (cost=3748.78..3753.56 rows=957 width=121)
	  ->  Sort  (cost=3748.78..3751.17 rows=957 width=121)
	        Sort Key: c
	        ->  Bitmap Heap Scan on sbtest7  (cost=22.24..3701.39 rows=957 width=121)
	              Recheck Cond: ((id >= 8060712) AND (id <= 8061711))
	              ->  Bitmap Index Scan on sbtest7_pkey  (cost=0.00..22.00 rows=957 width=0)
	                    Index Cond: ((id >= 8060712) AND (id <= 8061711))

table 8 : explain SELECT DISTINCT c FROM sbtest8 WHERE id BETWEEN 4624044 AND 4625043 ORDER BY c
	Unique  (cost=3802.34..3807.19 rows=971 width=121)
	  ->  Sort  (cost=3802.34..3804.76 rows=971 width=121)
	        Sort Key: c
	        ->  Bitmap Heap Scan on sbtest8  (cost=22.39..3754.16 rows=971 width=121)
	              Recheck Cond: ((id >= 4624044) AND (id <= 4625043))
	              ->  Bitmap Index Scan on sbtest8_pkey  (cost=0.00..22.14 rows=971 width=0)
	                    Index Cond: ((id >= 4624044) AND (id <= 4625043))

for: order_ranges
table 1 : explain SELECT c FROM sbtest1 WHERE id BETWEEN 5947827 AND 5948826 ORDER BY c
	Sort  (cost=4020.58..4023.15 rows=1029 width=121)
	  Sort Key: c
	  ->  Bitmap Heap Scan on sbtest1  (cost=22.98..3969.09 rows=1029 width=121)
	        Recheck Cond: ((id >= 5947827) AND (id <= 5948826))
	        ->  Bitmap Index Scan on sbtest1_pkey  (cost=0.00..22.72 rows=1029 width=0)
	              Index Cond: ((id >= 5947827) AND (id <= 5948826))

table 2 : explain SELECT c FROM sbtest2 WHERE id BETWEEN 4144719 AND 4145718 ORDER BY c
	Sort  (cost=3964.49..3967.02 rows=1014 width=121)
	  Sort Key: c
	  ->  Bitmap Heap Scan on sbtest2  (cost=22.83..3913.86 rows=1014 width=121)
	        Recheck Cond: ((id >= 4144719) AND (id <= 4145718))
	        ->  Bitmap Index Scan on sbtest2_pkey  (cost=0.00..22.57 rows=1014 width=0)
	              Index Cond: ((id >= 4144719) AND (id <= 4145718))

table 3 : explain SELECT c FROM sbtest3 WHERE id BETWEEN 6177785 AND 6178784 ORDER BY c
	Sort  (cost=3551.15..3553.41 rows=906 width=121)
	  Sort Key: c
	  ->  Bitmap Heap Scan on sbtest3  (cost=21.72..3506.65 rows=906 width=121)
	        Recheck Cond: ((id >= 6177785) AND (id <= 6178784))
	        ->  Bitmap Index Scan on sbtest3_pkey  (cost=0.00..21.50 rows=906 width=0)
	              Index Cond: ((id >= 6177785) AND (id <= 6178784))

table 4 : explain SELECT c FROM sbtest4 WHERE id BETWEEN 312763 AND 313762 ORDER BY c
	Sort  (cost=3444.60..3446.79 rows=878 width=121)
	  Sort Key: c
	  ->  Bitmap Heap Scan on sbtest4  (cost=21.43..3401.67 rows=878 width=121)
	        Recheck Cond: ((id >= 312763) AND (id <= 313762))
	        ->  Bitmap Index Scan on sbtest4_pkey  (cost=0.00..21.21 rows=878 width=0)
	              Index Cond: ((id >= 312763) AND (id <= 313762))

table 5 : explain SELECT c FROM sbtest5 WHERE id BETWEEN 8396320 AND 8397319 ORDER BY c
	Sort  (cost=3942.87..3945.39 rows=1008 width=121)
	  Sort Key: c
	  ->  Bitmap Heap Scan on sbtest5  (cost=22.77..3892.58 rows=1008 width=121)
	        Recheck Cond: ((id >= 8396320) AND (id <= 8397319))
	        ->  Bitmap Index Scan on sbtest5_pkey  (cost=0.00..22.51 rows=1008 width=0)
	              Index Cond: ((id >= 8396320) AND (id <= 8397319))

table 6 : explain SELECT c FROM sbtest6 WHERE id BETWEEN 7047031 AND 7048030 ORDER BY c
	Sort  (cost=3686.39..3688.74 rows=941 width=121)
	  Sort Key: c
	  ->  Bitmap Heap Scan on sbtest6  (cost=22.08..3639.91 rows=941 width=121)
	        Recheck Cond: ((id >= 7047031) AND (id <= 7048030))
	        ->  Bitmap Index Scan on sbtest6_pkey  (cost=0.00..21.84 rows=941 width=0)
	              Index Cond: ((id >= 7047031) AND (id <= 7048030))

table 7 : explain SELECT c FROM sbtest7 WHERE id BETWEEN 9950433 AND 9951432 ORDER BY c
	Sort  (cost=3852.20..3854.66 rows=984 width=121)
	  Sort Key: c
	  ->  Bitmap Heap Scan on sbtest7  (cost=22.52..3803.28 rows=984 width=121)
	        Recheck Cond: ((id >= 9950433) AND (id <= 9951432))
	        ->  Bitmap Index Scan on sbtest7_pkey  (cost=0.00..22.27 rows=984 width=0)
	              Index Cond: ((id >= 9950433) AND (id <= 9951432))

table 8 : explain SELECT c FROM sbtest8 WHERE id BETWEEN 2758771 AND 2759770 ORDER BY c
	Sort  (cost=4238.40..4241.11 rows=1084 width=121)
	  Sort Key: c
	  ->  Bitmap Heap Scan on sbtest8  (cost=27.55..4183.75 rows=1084 width=121)
	        Recheck Cond: ((id >= 2758771) AND (id <= 2759770))
	        ->  Bitmap Index Scan on sbtest8_pkey  (cost=0.00..27.27 rows=1084 width=0)
	              Index Cond: ((id >= 2758771) AND (id <= 2759770))

explain: for point_selects :: explain SELECT c FROM sbtest%u WHERE id=%u
for: simple_ranges
table 1 : explain SELECT c FROM sbtest1 WHERE id BETWEEN 908909 AND 909908
	Bitmap Heap Scan on sbtest1  (cost=21.67..3486.65 rows=901 width=121)
	  Recheck Cond: ((id >= 908909) AND (id <= 909908))
	  ->  Bitmap Index Scan on sbtest1_pkey  (cost=0.00..21.44 rows=901 width=0)
	        Index Cond: ((id >= 908909) AND (id <= 909908))

table 2 : explain SELECT c FROM sbtest2 WHERE id BETWEEN 1064083 AND 1065082
	Bitmap Heap Scan on sbtest2  (cost=22.86..3925.15 rows=1017 width=121)
	  Recheck Cond: ((id >= 1064083) AND (id <= 1065082))
	  ->  Bitmap Index Scan on sbtest2_pkey  (cost=0.00..22.61 rows=1017 width=0)
	        Index Cond: ((id >= 1064083) AND (id <= 1065082))

table 3 : explain SELECT c FROM sbtest3 WHERE id BETWEEN 843672 AND 844671
	Bitmap Heap Scan on sbtest3  (cost=23.06..4000.53 rows=1037 width=121)
	  Recheck Cond: ((id >= 843672) AND (id <= 844671))
	  ->  Bitmap Index Scan on sbtest3_pkey  (cost=0.00..22.80 rows=1037 width=0)
	        Index Cond: ((id >= 843672) AND (id <= 844671))

table 4 : explain SELECT c FROM sbtest4 WHERE id BETWEEN 1037394 AND 1038393
	Bitmap Heap Scan on sbtest4  (cost=21.98..3602.04 rows=931 width=121)
	  Recheck Cond: ((id >= 1037394) AND (id <= 1038393))
	  ->  Bitmap Index Scan on sbtest4_pkey  (cost=0.00..21.75 rows=931 width=0)
	        Index Cond: ((id >= 1037394) AND (id <= 1038393))

table 5 : explain SELECT c FROM sbtest5 WHERE id BETWEEN 991216 AND 992215
	Bitmap Heap Scan on sbtest5  (cost=21.75..3519.00 rows=909 width=121)
	  Recheck Cond: ((id >= 991216) AND (id <= 992215))
	  ->  Bitmap Index Scan on sbtest5_pkey  (cost=0.00..21.52 rows=909 width=0)
	        Index Cond: ((id >= 991216) AND (id <= 992215))

table 6 : explain SELECT c FROM sbtest6 WHERE id BETWEEN 5694201 AND 5695200
	Bitmap Heap Scan on sbtest6  (cost=27.28..4084.80 rows=1058 width=121)
	  Recheck Cond: ((id >= 5694201) AND (id <= 5695200))
	  ->  Bitmap Index Scan on sbtest6_pkey  (cost=0.00..27.01 rows=1058 width=0)
	        Index Cond: ((id >= 5694201) AND (id <= 5695200))

table 7 : explain SELECT c FROM sbtest7 WHERE id BETWEEN 2300710 AND 2301709
	Bitmap Heap Scan on sbtest7  (cost=21.94..3588.07 rows=927 width=121)
	  Recheck Cond: ((id >= 2300710) AND (id <= 2301709))
	  ->  Bitmap Index Scan on sbtest7_pkey  (cost=0.00..21.70 rows=927 width=0)
	        Index Cond: ((id >= 2300710) AND (id <= 2301709))

table 8 : explain SELECT c FROM sbtest8 WHERE id BETWEEN 1832299 AND 1833298
	Bitmap Heap Scan on sbtest8  (cost=26.82..3916.53 rows=1013 width=121)
	  Recheck Cond: ((id >= 1832299) AND (id <= 1833298))
	  ->  Bitmap Index Scan on sbtest8_pkey  (cost=0.00..26.57 rows=1013 width=0)
	        Index Cond: ((id >= 1832299) AND (id <= 1833298))

for: sum_ranges
table 1 : explain SELECT SUM(k) FROM sbtest1 WHERE id BETWEEN 3768581 AND 3769580
	Aggregate  (cost=3915.21..3915.22 rows=1 width=8)
	  ->  Bitmap Heap Scan on sbtest1  (cost=22.83..3912.67 rows=1014 width=4)
	        Recheck Cond: ((id >= 3768581) AND (id <= 3769580))
	        ->  Bitmap Index Scan on sbtest1_pkey  (cost=0.00..22.57 rows=1014 width=0)
	              Index Cond: ((id >= 3768581) AND (id <= 3769580))

table 2 : explain SELECT SUM(k) FROM sbtest2 WHERE id BETWEEN 2280027 AND 2281026
	Aggregate  (cost=4100.82..4100.83 rows=1 width=8)
	  ->  Bitmap Heap Scan on sbtest2  (cost=23.33..4098.16 rows=1063 width=4)
	        Recheck Cond: ((id >= 2280027) AND (id <= 2281026))
	        ->  Bitmap Index Scan on sbtest2_pkey  (cost=0.00..23.07 rows=1063 width=0)
	              Index Cond: ((id >= 2280027) AND (id <= 2281026))

table 3 : explain SELECT SUM(k) FROM sbtest3 WHERE id BETWEEN 5677613 AND 5678612
	Aggregate  (cost=4018.18..4018.19 rows=1 width=8)
	  ->  Bitmap Heap Scan on sbtest3  (cost=23.11..4015.58 rows=1041 width=4)
	        Recheck Cond: ((id >= 5677613) AND (id <= 5678612))
	        ->  Bitmap Index Scan on sbtest3_pkey  (cost=0.00..22.84 rows=1041 width=0)
	              Index Cond: ((id >= 5677613) AND (id <= 5678612))

table 4 : explain SELECT SUM(k) FROM sbtest4 WHERE id BETWEEN 3085181 AND 3086180
	Aggregate  (cost=3702.59..3702.60 rows=1 width=8)
	  ->  Bitmap Heap Scan on sbtest4  (cost=22.24..3700.20 rows=957 width=4)
	        Recheck Cond: ((id >= 3085181) AND (id <= 3086180))
	        ->  Bitmap Index Scan on sbtest4_pkey  (cost=0.00..22.00 rows=957 width=0)
	              Index Cond: ((id >= 3085181) AND (id <= 3086180))

table 5 : explain SELECT SUM(k) FROM sbtest5 WHERE id BETWEEN 4557291 AND 4558290
	Aggregate  (cost=3661.14..3661.15 rows=1 width=8)
	  ->  Bitmap Heap Scan on sbtest5  (cost=22.13..3658.77 rows=946 width=4)
	        Recheck Cond: ((id >= 4557291) AND (id <= 4558290))
	        ->  Bitmap Index Scan on sbtest5_pkey  (cost=0.00..21.89 rows=946 width=0)
	              Index Cond: ((id >= 4557291) AND (id <= 4558290))

table 6 : explain SELECT SUM(k) FROM sbtest6 WHERE id BETWEEN 7544040 AND 7545039
	Aggregate  (cost=4038.28..4038.29 rows=1 width=8)
	  ->  Bitmap Heap Scan on sbtest6  (cost=23.16..4035.66 rows=1046 width=4)
	        Recheck Cond: ((id >= 7544040) AND (id <= 7545039))
	        ->  Bitmap Index Scan on sbtest6_pkey  (cost=0.00..22.89 rows=1046 width=0)
	              Index Cond: ((id >= 7544040) AND (id <= 7545039))

table 7 : explain SELECT SUM(k) FROM sbtest7 WHERE id BETWEEN 7281344 AND 7282343
	Aggregate  (cost=3545.00..3545.01 rows=1 width=8)
	  ->  Bitmap Heap Scan on sbtest7  (cost=21.81..3542.71 rows=915 width=4)
	        Recheck Cond: ((id >= 7281344) AND (id <= 7282343))
	        ->  Bitmap Index Scan on sbtest7_pkey  (cost=0.00..21.58 rows=915 width=0)
	              Index Cond: ((id >= 7281344) AND (id <= 7282343))

table 8 : explain SELECT SUM(k) FROM sbtest8 WHERE id BETWEEN 9160307 AND 9161306
	Aggregate  (cost=3975.61..3975.62 rows=1 width=8)
	  ->  Bitmap Heap Scan on sbtest8  (cost=26.97..3973.04 rows=1028 width=4)
	        Recheck Cond: ((id >= 9160307) AND (id <= 9161306))
	        ->  Bitmap Index Scan on sbtest8_pkey  (cost=0.00..26.71 rows=1028 width=0)
	              Index Cond: ((id >= 9160307) AND (id <= 9161306))

for point_selects
table 1 : explain SELECT c FROM sbtest1 WHERE id=288250
	Index Scan using sbtest1_pkey on sbtest1  (cost=0.43..8.45 rows=1 width=121)
	  Index Cond: (id = 288250)

table 2 : explain SELECT c FROM sbtest2 WHERE id=194052
	Index Scan using sbtest2_pkey on sbtest2  (cost=0.43..8.45 rows=1 width=121)
	  Index Cond: (id = 194052)

table 3 : explain SELECT c FROM sbtest3 WHERE id=3845015
	Index Scan using sbtest3_pkey on sbtest3  (cost=0.43..8.45 rows=1 width=121)
	  Index Cond: (id = 3845015)

table 4 : explain SELECT c FROM sbtest4 WHERE id=7295760
	Index Scan using sbtest4_pkey on sbtest4  (cost=0.43..8.45 rows=1 width=121)
	  Index Cond: (id = 7295760)

table 5 : explain SELECT c FROM sbtest5 WHERE id=2439385
	Index Scan using sbtest5_pkey on sbtest5  (cost=0.43..8.45 rows=1 width=121)
	  Index Cond: (id = 2439385)

table 6 : explain SELECT c FROM sbtest6 WHERE id=6433859
	Index Scan using sbtest6_pkey on sbtest6  (cost=0.43..8.45 rows=1 width=121)
	  Index Cond: (id = 6433859)

table 7 : explain SELECT c FROM sbtest7 WHERE id=7693664
	Index Scan using sbtest7_pkey on sbtest7  (cost=0.43..8.45 rows=1 width=121)
	  Index Cond: (id = 7693664)

table 8 : explain SELECT c FROM sbtest8 WHERE id=1937967
	Index Scan using sbtest8_pkey on sbtest8  (cost=0.43..8.45 rows=1 width=121)
	  Index Cond: (id = 1937967)

for: order_ranges
table 1 : explain SELECT c FROM sbtest1 WHERE id BETWEEN 9232783 AND 9233782 ORDER BY c
	Sort  (cost=4070.20..4072.81 rows=1042 width=121)
	  Sort Key: c
	  ->  Bitmap Heap Scan on sbtest1  (cost=23.12..4017.97 rows=1042 width=121)
	        Recheck Cond: ((id >= 9232783) AND (id <= 9233782))
	        ->  Bitmap Index Scan on sbtest1_pkey  (cost=0.00..22.86 rows=1042 width=0)
	              Index Cond: ((id >= 9232783) AND (id <= 9233782))

table 2 : explain SELECT c FROM sbtest2 WHERE id BETWEEN 552869 AND 553868 ORDER BY c
	Sort  (cost=4479.59..4482.46 rows=1149 width=121)
	  Sort Key: c
	  ->  Bitmap Heap Scan on sbtest2  (cost=28.21..4421.18 rows=1149 width=121)
	        Recheck Cond: ((id >= 552869) AND (id <= 553868))
	        ->  Bitmap Index Scan on sbtest2_pkey  (cost=0.00..27.93 rows=1149 width=0)
	              Index Cond: ((id >= 552869) AND (id <= 553868))

table 3 : explain SELECT c FROM sbtest3 WHERE id BETWEEN 5617817 AND 5618816 ORDER BY c
	Sort  (cost=4067.75..4070.36 rows=1041 width=121)
	  Sort Key: c
	  ->  Bitmap Heap Scan on sbtest3  (cost=23.11..4015.58 rows=1041 width=121)
	        Recheck Cond: ((id >= 5617817) AND (id <= 5618816))
	        ->  Bitmap Index Scan on sbtest3_pkey  (cost=0.00..22.84 rows=1041 width=0)
	              Index Cond: ((id >= 5617817) AND (id <= 5618816))

table 4 : explain SELECT c FROM sbtest4 WHERE id BETWEEN 9237847 AND 9238846 ORDER BY c
	Sort  (cost=3759.07..3761.47 rows=960 width=121)
	  Sort Key: c
	  ->  Bitmap Heap Scan on sbtest4  (cost=22.27..3711.52 rows=960 width=121)
	        Recheck Cond: ((id >= 9237847) AND (id <= 9238846))
	        ->  Bitmap Index Scan on sbtest4_pkey  (cost=0.00..22.04 rows=960 width=0)
	              Index Cond: ((id >= 9237847) AND (id <= 9238846))

table 5 : explain SELECT c FROM sbtest5 WHERE id BETWEEN 1521170 AND 1522169 ORDER BY c
	Sort  (cost=3701.70..3704.06 rows=945 width=121)
	  Sort Key: c
	  ->  Bitmap Heap Scan on sbtest5  (cost=22.12..3655.00 rows=945 width=121)
	        Recheck Cond: ((id >= 1521170) AND (id <= 1522169))
	        ->  Bitmap Index Scan on sbtest5_pkey  (cost=0.00..21.89 rows=945 width=0)
	              Index Cond: ((id >= 1521170) AND (id <= 1522169))

table 6 : explain SELECT c FROM sbtest6 WHERE id BETWEEN 369999 AND 370998 ORDER BY c
	Sort  (cost=4000.24..4002.79 rows=1023 width=121)
	  Sort Key: c
	  ->  Bitmap Heap Scan on sbtest6  (cost=22.92..3949.09 rows=1023 width=121)
	        Recheck Cond: ((id >= 369999) AND (id <= 370998))
	        ->  Bitmap Index Scan on sbtest6_pkey  (cost=0.00..22.66 rows=1023 width=0)
	              Index Cond: ((id >= 369999) AND (id <= 370998))

table 7 : explain SELECT c FROM sbtest7 WHERE id BETWEEN 7167244 AND 7168243 ORDER BY c
	Sort  (cost=3790.92..3793.34 rows=968 width=121)
	  Sort Key: c
	  ->  Bitmap Heap Scan on sbtest7  (cost=22.36..3742.92 rows=968 width=121)
	        Recheck Cond: ((id >= 7167244) AND (id <= 7168243))
	        ->  Bitmap Index Scan on sbtest7_pkey  (cost=0.00..22.11 rows=968 width=0)
	              Index Cond: ((id >= 7167244) AND (id <= 7168243))

table 8 : explain SELECT c FROM sbtest8 WHERE id BETWEEN 8685481 AND 8686480 ORDER BY c
	Sort  (cost=3683.54..3685.89 rows=940 width=121)
	  Sort Key: c
	  ->  Bitmap Heap Scan on sbtest8  (cost=22.07..3637.12 rows=940 width=121)
	        Recheck Cond: ((id >= 8685481) AND (id <= 8686480))
	        ->  Bitmap Index Scan on sbtest8_pkey  (cost=0.00..21.83 rows=940 width=0)
	              Index Cond: ((id >= 8685481) AND (id <= 8686480))

for: distinct_ranges
table 1 : explain SELECT DISTINCT c FROM sbtest1 WHERE id BETWEEN 898394 AND 899393 ORDER BY c
	Unique  (cost=3530.87..3535.37 rows=901 width=121)
	  ->  Sort  (cost=3530.87..3533.12 rows=901 width=121)
	        Sort Key: c
	        ->  Bitmap Heap Scan on sbtest1  (cost=21.67..3486.65 rows=901 width=121)
	              Recheck Cond: ((id >= 898394) AND (id <= 899393))
	              ->  Bitmap Index Scan on sbtest1_pkey  (cost=0.00..21.44 rows=901 width=0)
	                    Index Cond: ((id >= 898394) AND (id <= 899393))

table 2 : explain SELECT DISTINCT c FROM sbtest2 WHERE id BETWEEN 8948611 AND 8949610 ORDER BY c
	Unique  (cost=3723.49..3728.25 rows=951 width=121)
	  ->  Sort  (cost=3723.49..3725.87 rows=951 width=121)
	        Sort Key: c
	        ->  Bitmap Heap Scan on sbtest2  (cost=22.18..3676.45 rows=951 width=121)
	              Recheck Cond: ((id >= 8948611) AND (id <= 8949610))
	              ->  Bitmap Index Scan on sbtest2_pkey  (cost=0.00..21.94 rows=951 width=0)
	                    Index Cond: ((id >= 8948611) AND (id <= 8949610))

table 3 : explain SELECT DISTINCT c FROM sbtest3 WHERE id BETWEEN 5981431 AND 5982430 ORDER BY c
	Unique  (cost=3589.49..3594.07 rows=916 width=121)
	  ->  Sort  (cost=3589.49..3591.78 rows=916 width=121)
	        Sort Key: c
	        ->  Bitmap Heap Scan on sbtest3  (cost=21.82..3544.43 rows=916 width=121)
	              Recheck Cond: ((id >= 5981431) AND (id <= 5982430))
	              ->  Bitmap Index Scan on sbtest3_pkey  (cost=0.00..21.59 rows=916 width=0)
	                    Index Cond: ((id >= 5981431) AND (id <= 5982430))

table 4 : explain SELECT DISTINCT c FROM sbtest4 WHERE id BETWEEN 538211 AND 539210 ORDER BY c
	Unique  (cost=3950.42..3955.47 rows=1010 width=121)
	  ->  Sort  (cost=3950.42..3952.94 rows=1010 width=121)
	        Sort Key: c
	        ->  Bitmap Heap Scan on sbtest4  (cost=22.79..3900.02 rows=1010 width=121)
	              Recheck Cond: ((id >= 538211) AND (id <= 539210))
	              ->  Bitmap Index Scan on sbtest4_pkey  (cost=0.00..22.54 rows=1010 width=0)
	                    Index Cond: ((id >= 538211) AND (id <= 539210))

table 5 : explain SELECT DISTINCT c FROM sbtest5 WHERE id BETWEEN 6118524 AND 6119523 ORDER BY c
	Unique  (cost=4061.36..4066.56 rows=1039 width=121)
	  ->  Sort  (cost=4061.36..4063.96 rows=1039 width=121)
	        Sort Key: c
	        ->  Bitmap Heap Scan on sbtest5  (cost=23.08..4009.30 rows=1039 width=121)
	              Recheck Cond: ((id >= 6118524) AND (id <= 6119523))
	              ->  Bitmap Index Scan on sbtest5_pkey  (cost=0.00..22.82 rows=1039 width=0)
	                    Index Cond: ((id >= 6118524) AND (id <= 6119523))

table 6 : explain SELECT DISTINCT c FROM sbtest6 WHERE id BETWEEN 3011892 AND 3012891 ORDER BY c
	Unique  (cost=3858.72..3863.65 rows=986 width=121)
	  ->  Sort  (cost=3858.72..3861.19 rows=986 width=121)
	        Sort Key: c
	        ->  Bitmap Heap Scan on sbtest6  (cost=22.54..3809.69 rows=986 width=121)
	              Recheck Cond: ((id >= 3011892) AND (id <= 3012891))
	              ->  Bitmap Index Scan on sbtest6_pkey  (cost=0.00..22.29 rows=986 width=0)
	                    Index Cond: ((id >= 3011892) AND (id <= 3012891))

table 7 : explain SELECT DISTINCT c FROM sbtest7 WHERE id BETWEEN 422082 AND 423081 ORDER BY c
	Unique  (cost=3798.58..3803.43 rows=970 width=121)
	  ->  Sort  (cost=3798.58..3801.01 rows=970 width=121)
	        Sort Key: c
	        ->  Bitmap Heap Scan on sbtest7  (cost=22.38..3750.46 rows=970 width=121)
	              Recheck Cond: ((id >= 422082) AND (id <= 423081))
	              ->  Bitmap Index Scan on sbtest7_pkey  (cost=0.00..22.14 rows=970 width=0)
	                    Index Cond: ((id >= 422082) AND (id <= 423081))

table 8 : explain SELECT DISTINCT c FROM sbtest8 WHERE id BETWEEN 1758930 AND 1759929 ORDER BY c
	Unique  (cost=4200.22..4205.59 rows=1074 width=121)
	  ->  Sort  (cost=4200.22..4202.91 rows=1074 width=121)
	        Sort Key: c
	        ->  Bitmap Heap Scan on sbtest8  (cost=27.44..4146.15 rows=1074 width=121)
	              Recheck Cond: ((id >= 1758930) AND (id <= 1759929))
	              ->  Bitmap Index Scan on sbtest8_pkey  (cost=0.00..27.18 rows=1074 width=0)
	                    Index Cond: ((id >= 1758930) AND (id <= 1759929))

for: order_ranges
table 1 : explain SELECT c FROM sbtest1 WHERE id BETWEEN 4613544 AND 4614543 ORDER BY c
	Sort  (cost=3894.52..3897.01 rows=996 width=121)
	  Sort Key: c
	  ->  Bitmap Heap Scan on sbtest1  (cost=22.64..3844.92 rows=996 width=121)
	        Recheck Cond: ((id >= 4613544) AND (id <= 4614543))
	        ->  Bitmap Index Scan on sbtest1_pkey  (cost=0.00..22.39 rows=996 width=0)
	              Index Cond: ((id >= 4613544) AND (id <= 4614543))

table 2 : explain SELECT c FROM sbtest2 WHERE id BETWEEN 4526027 AND 4527026 ORDER BY c
	Sort  (cost=3780.92..3783.33 rows=966 width=121)
	  Sort Key: c
	  ->  Bitmap Heap Scan on sbtest2  (cost=22.34..3733.02 rows=966 width=121)
	        Recheck Cond: ((id >= 4526027) AND (id <= 4527026))
	        ->  Bitmap Index Scan on sbtest2_pkey  (cost=0.00..22.09 rows=966 width=0)
	              Index Cond: ((id >= 4526027) AND (id <= 4527026))

table 3 : explain SELECT c FROM sbtest3 WHERE id BETWEEN 5389142 AND 5390141 ORDER BY c
	Sort  (cost=3685.30..3687.65 rows=941 width=121)
	  Sort Key: c
	  ->  Bitmap Heap Scan on sbtest3  (cost=22.08..3638.82 rows=941 width=121)
	        Recheck Cond: ((id >= 5389142) AND (id <= 5390141))
	        ->  Bitmap Index Scan on sbtest3_pkey  (cost=0.00..21.84 rows=941 width=0)
	              Index Cond: ((id >= 5389142) AND (id <= 5390141))

table 4 : explain SELECT c FROM sbtest4 WHERE id BETWEEN 437597 AND 438596 ORDER BY c
	Sort  (cost=3942.77..3945.29 rows=1008 width=121)
	  Sort Key: c
	  ->  Bitmap Heap Scan on sbtest4  (cost=22.77..3892.48 rows=1008 width=121)
	        Recheck Cond: ((id >= 437597) AND (id <= 438596))
	        ->  Bitmap Index Scan on sbtest4_pkey  (cost=0.00..22.51 rows=1008 width=0)
	              Index Cond: ((id >= 437597) AND (id <= 438596))

table 5 : explain SELECT c FROM sbtest5 WHERE id BETWEEN 1444506 AND 1445505 ORDER BY c
	Sort  (cost=3701.70..3704.06 rows=945 width=121)
	  Sort Key: c
	  ->  Bitmap Heap Scan on sbtest5  (cost=22.12..3655.00 rows=945 width=121)
	        Recheck Cond: ((id >= 1444506) AND (id <= 1445505))
	        ->  Bitmap Index Scan on sbtest5_pkey  (cost=0.00..21.89 rows=945 width=0)
	              Index Cond: ((id >= 1444506) AND (id <= 1445505))

table 6 : explain SELECT c FROM sbtest6 WHERE id BETWEEN 1029888 AND 1030887 ORDER BY c
	Sort  (cost=3828.11..3830.55 rows=978 width=121)
	  Sort Key: c
	  ->  Bitmap Heap Scan on sbtest6  (cost=22.46..3779.53 rows=978 width=121)
	        Recheck Cond: ((id >= 1029888) AND (id <= 1030887))
	        ->  Bitmap Index Scan on sbtest6_pkey  (cost=0.00..22.21 rows=978 width=0)
	              Index Cond: ((id >= 1029888) AND (id <= 1030887))

table 7 : explain SELECT c FROM sbtest7 WHERE id BETWEEN 3774317 AND 3775316 ORDER BY c
	Sort  (cost=3944.06..3946.58 rows=1008 width=121)
	  Sort Key: c
	  ->  Bitmap Heap Scan on sbtest7  (cost=22.77..3893.77 rows=1008 width=121)
	        Recheck Cond: ((id >= 3774317) AND (id <= 3775316))
	        ->  Bitmap Index Scan on sbtest7_pkey  (cost=0.00..22.51 rows=1008 width=0)
	              Index Cond: ((id >= 3774317) AND (id <= 3775316))

table 8 : explain SELECT c FROM sbtest8 WHERE id BETWEEN 5231469 AND 5232468 ORDER BY c
	Sort  (cost=4093.27..4095.89 rows=1046 width=121)
	  Sort Key: c
	  ->  Bitmap Heap Scan on sbtest8  (cost=27.16..4040.81 rows=1046 width=121)
	        Recheck Cond: ((id >= 5231469) AND (id <= 5232468))
	        ->  Bitmap Index Scan on sbtest8_pkey  (cost=0.00..26.89 rows=1046 width=0)
	              Index Cond: ((id >= 5231469) AND (id <= 5232468))

for: distinct_ranges
table 1 : explain SELECT DISTINCT c FROM sbtest1 WHERE id BETWEEN 3427463 AND 3428462 ORDER BY c
	Unique  (cost=3607.52..3612.13 rows=921 width=121)
	  ->  Sort  (cost=3607.52..3609.83 rows=921 width=121)
	        Sort Key: c
	        ->  Bitmap Heap Scan on sbtest1  (cost=21.88..3562.18 rows=921 width=121)
	              Recheck Cond: ((id >= 3427463) AND (id <= 3428462))
	              ->  Bitmap Index Scan on sbtest1_pkey  (cost=0.00..21.64 rows=921 width=0)
	                    Index Cond: ((id >= 3427463) AND (id <= 3428462))

table 2 : explain SELECT DISTINCT c FROM sbtest2 WHERE id BETWEEN 4811784 AND 4812783 ORDER BY c
	Unique  (cost=3577.89..3582.45 rows=913 width=121)
	  ->  Sort  (cost=3577.89..3580.17 rows=913 width=121)
	        Sort Key: c
	        ->  Bitmap Heap Scan on sbtest2  (cost=21.79..3532.99 rows=913 width=121)
	              Recheck Cond: ((id >= 4811784) AND (id <= 4812783))
	              ->  Bitmap Index Scan on sbtest2_pkey  (cost=0.00..21.57 rows=913 width=0)
	                    Index Cond: ((id >= 4811784) AND (id <= 4812783))

table 3 : explain SELECT DISTINCT c FROM sbtest3 WHERE id BETWEEN 4399949 AND 4400948 ORDER BY c
	Unique  (cost=3926.39..3931.41 rows=1004 width=121)
	  ->  Sort  (cost=3926.39..3928.90 rows=1004 width=121)
	        Sort Key: c
	        ->  Bitmap Heap Scan on sbtest3  (cost=22.73..3876.33 rows=1004 width=121)
	              Recheck Cond: ((id >= 4399949) AND (id <= 4400948))
	              ->  Bitmap Index Scan on sbtest3_pkey  (cost=0.00..22.47 rows=1004 width=0)
	                    Index Cond: ((id >= 4399949) AND (id <= 4400948))

table 4 : explain SELECT DISTINCT c FROM sbtest4 WHERE id BETWEEN 9928019 AND 9929018 ORDER BY c
	Unique  (cost=3908.35..3913.34 rows=999 width=121)
	  ->  Sort  (cost=3908.35..3910.84 rows=999 width=121)
	        Sort Key: c
	        ->  Bitmap Heap Scan on sbtest4  (cost=22.67..3858.57 rows=999 width=121)
	              Recheck Cond: ((id >= 9928019) AND (id <= 9929018))
	              ->  Bitmap Index Scan on sbtest4_pkey  (cost=0.00..22.43 rows=999 width=0)
	                    Index Cond: ((id >= 9928019) AND (id <= 9929018))

table 5 : explain SELECT DISTINCT c FROM sbtest5 WHERE id BETWEEN 588129 AND 589128 ORDER BY c
	Unique  (cost=3889.32..3894.29 rows=994 width=121)
	  ->  Sort  (cost=3889.32..3891.80 rows=994 width=121)
	        Sort Key: c
	        ->  Bitmap Heap Scan on sbtest5  (cost=22.62..3839.83 rows=994 width=121)
	              Recheck Cond: ((id >= 588129) AND (id <= 589128))
	              ->  Bitmap Index Scan on sbtest5_pkey  (cost=0.00..22.37 rows=994 width=0)
	                    Index Cond: ((id >= 588129) AND (id <= 589128))

table 6 : explain SELECT DISTINCT c FROM sbtest6 WHERE id BETWEEN 2736814 AND 2737813 ORDER BY c
	Unique  (cost=3885.51..3890.48 rows=993 width=121)
	  ->  Sort  (cost=3885.51..3887.99 rows=993 width=121)
	        Sort Key: c
	        ->  Bitmap Heap Scan on sbtest6  (cost=22.61..3836.08 rows=993 width=121)
	              Recheck Cond: ((id >= 2736814) AND (id <= 2737813))
	              ->  Bitmap Index Scan on sbtest6_pkey  (cost=0.00..22.36 rows=993 width=0)
	                    Index Cond: ((id >= 2736814) AND (id <= 2737813))

table 7 : explain SELECT DISTINCT c FROM sbtest7 WHERE id BETWEEN 3907661 AND 3908660 ORDER BY c
	Unique  (cost=3672.11..3676.79 rows=937 width=121)
	  ->  Sort  (cost=3672.11..3674.45 rows=937 width=121)
	        Sort Key: c
	        ->  Bitmap Heap Scan on sbtest7  (cost=22.04..3625.86 rows=937 width=121)
	              Recheck Cond: ((id >= 3907661) AND (id <= 3908660))
	              ->  Bitmap Index Scan on sbtest7_pkey  (cost=0.00..21.80 rows=937 width=0)
	                    Index Cond: ((id >= 3907661) AND (id <= 3908660))

table 8 : explain SELECT DISTINCT c FROM sbtest8 WHERE id BETWEEN 5955925 AND 5956924 ORDER BY c
	Unique  (cost=3764.03..3768.83 rows=961 width=121)
	  ->  Sort  (cost=3764.03..3766.43 rows=961 width=121)
	        Sort Key: c
	        ->  Bitmap Heap Scan on sbtest8  (cost=22.29..3716.42 rows=961 width=121)
	              Recheck Cond: ((id >= 5955925) AND (id <= 5956924))
	              ->  Bitmap Index Scan on sbtest8_pkey  (cost=0.00..22.04 rows=961 width=0)
	                    Index Cond: ((id >= 5955925) AND (id <= 5956924))

for: order_ranges
table 1 : explain SELECT c FROM sbtest1 WHERE id BETWEEN 9636324 AND 9637323 ORDER BY c
	Sort  (cost=3684.13..3686.48 rows=941 width=121)
	  Sort Key: c
	  ->  Bitmap Heap Scan on sbtest1  (cost=22.08..3637.65 rows=941 width=121)
	        Recheck Cond: ((id >= 9636324) AND (id <= 9637323))
	        ->  Bitmap Index Scan on sbtest1_pkey  (cost=0.00..21.84 rows=941 width=0)
	              Index Cond: ((id >= 9636324) AND (id <= 9637323))

table 2 : explain SELECT c FROM sbtest2 WHERE id BETWEEN 511403 AND 512402 ORDER BY c
	Sort  (cost=4479.59..4482.46 rows=1149 width=121)
	  Sort Key: c
	  ->  Bitmap Heap Scan on sbtest2  (cost=28.21..4421.18 rows=1149 width=121)
	        Recheck Cond: ((id >= 511403) AND (id <= 512402))
	        ->  Bitmap Index Scan on sbtest2_pkey  (cost=0.00..27.93 rows=1149 width=0)
	              Index Cond: ((id >= 511403) AND (id <= 512402))

table 3 : explain SELECT c FROM sbtest3 WHERE id BETWEEN 9791427 AND 9792426 ORDER BY c
	Sort  (cost=4094.48..4097.10 rows=1048 width=121)
	  Sort Key: c
	  ->  Bitmap Heap Scan on sbtest3  (cost=23.18..4041.90 rows=1048 width=121)
	        Recheck Cond: ((id >= 9791427) AND (id <= 9792426))
	        ->  Bitmap Index Scan on sbtest3_pkey  (cost=0.00..22.91 rows=1048 width=0)
	              Index Cond: ((id >= 9791427) AND (id <= 9792426))

table 4 : explain SELECT c FROM sbtest4 WHERE id BETWEEN 5628967 AND 5629966 ORDER BY c
	Sort  (cost=4279.01..4281.75 rows=1095 width=121)
	  Sort Key: c
	  ->  Bitmap Heap Scan on sbtest4  (cost=27.66..4223.73 rows=1095 width=121)
	        Recheck Cond: ((id >= 5628967) AND (id <= 5629966))
	        ->  Bitmap Index Scan on sbtest4_pkey  (cost=0.00..27.39 rows=1095 width=0)
	              Index Cond: ((id >= 5628967) AND (id <= 5629966))

table 5 : explain SELECT c FROM sbtest5 WHERE id BETWEEN 6071693 AND 6072692 ORDER BY c
	Sort  (cost=4061.36..4063.96 rows=1039 width=121)
	  Sort Key: c
	  ->  Bitmap Heap Scan on sbtest5  (cost=23.08..4009.30 rows=1039 width=121)
	        Recheck Cond: ((id >= 6071693) AND (id <= 6072692))
	        ->  Bitmap Index Scan on sbtest5_pkey  (cost=0.00..22.82 rows=1039 width=0)
	              Index Cond: ((id >= 6071693) AND (id <= 6072692))

table 6 : explain SELECT c FROM sbtest6 WHERE id BETWEEN 8462209 AND 8463208 ORDER BY c
	Sort  (cost=3816.62..3819.06 rows=975 width=121)
	  Sort Key: c
	  ->  Bitmap Heap Scan on sbtest6  (cost=22.43..3768.22 rows=975 width=121)
	        Recheck Cond: ((id >= 8462209) AND (id <= 8463208))
	        ->  Bitmap Index Scan on sbtest6_pkey  (cost=0.00..22.18 rows=975 width=0)
	              Index Cond: ((id >= 8462209) AND (id <= 8463208))

table 7 : explain SELECT c FROM sbtest7 WHERE id BETWEEN 7060270 AND 7061269 ORDER BY c
	Sort  (cost=4100.82..4103.45 rows=1049 width=121)
	  Sort Key: c
	  ->  Bitmap Heap Scan on sbtest7  (cost=23.19..4048.19 rows=1049 width=121)
	        Recheck Cond: ((id >= 7060270) AND (id <= 7061269))
	        ->  Bitmap Index Scan on sbtest7_pkey  (cost=0.00..22.93 rows=1049 width=0)
	              Index Cond: ((id >= 7060270) AND (id <= 7061269))

table 8 : explain SELECT c FROM sbtest8 WHERE id BETWEEN 4317026 AND 4318025 ORDER BY c
	Sort  (cost=3556.94..3559.21 rows=907 width=121)
	  Sort Key: c
	  ->  Bitmap Heap Scan on sbtest8  (cost=21.73..3512.38 rows=907 width=121)
	        Recheck Cond: ((id >= 4317026) AND (id <= 4318025))
	        ->  Bitmap Index Scan on sbtest8_pkey  (cost=0.00..21.50 rows=907 width=0)
	              Index Cond: ((id >= 4317026) AND (id <= 4318025))

for: simple_ranges
table 1 : explain SELECT c FROM sbtest1 WHERE id BETWEEN 56748 AND 57747
	Bitmap Heap Scan on sbtest1  (cost=22.43..3765.83 rows=975 width=121)
	  Recheck Cond: ((id >= 56748) AND (id <= 57747))
	  ->  Bitmap Index Scan on sbtest1_pkey  (cost=0.00..22.18 rows=975 width=0)
	        Index Cond: ((id >= 56748) AND (id <= 57747))

table 2 : explain SELECT c FROM sbtest2 WHERE id BETWEEN 7509035 AND 7510034
	Bitmap Heap Scan on sbtest2  (cost=21.87..3559.43 rows=920 width=121)
	  Recheck Cond: ((id >= 7509035) AND (id <= 7510034))
	  ->  Bitmap Index Scan on sbtest2_pkey  (cost=0.00..21.64 rows=920 width=0)
	        Index Cond: ((id >= 7509035) AND (id <= 7510034))

table 3 : explain SELECT c FROM sbtest3 WHERE id BETWEEN 4515949 AND 4516948
	Bitmap Heap Scan on sbtest3  (cost=22.65..3849.97 rows=997 width=121)
	  Recheck Cond: ((id >= 4515949) AND (id <= 4516948))
	  ->  Bitmap Index Scan on sbtest3_pkey  (cost=0.00..22.40 rows=997 width=0)
	        Index Cond: ((id >= 4515949) AND (id <= 4516948))

table 4 : explain SELECT c FROM sbtest4 WHERE id BETWEEN 1117117 AND 1118116
	Bitmap Heap Scan on sbtest4  (cost=22.24..3700.20 rows=957 width=121)
	  Recheck Cond: ((id >= 1117117) AND (id <= 1118116))
	  ->  Bitmap Index Scan on sbtest4_pkey  (cost=0.00..22.00 rows=957 width=0)
	        Index Cond: ((id >= 1117117) AND (id <= 1118116))

table 5 : explain SELECT c FROM sbtest5 WHERE id BETWEEN 6960654 AND 6961653
	Bitmap Heap Scan on sbtest5  (cost=22.54..3809.68 rows=986 width=121)
	  Recheck Cond: ((id >= 6960654) AND (id <= 6961653))
	  ->  Bitmap Index Scan on sbtest5_pkey  (cost=0.00..22.29 rows=986 width=0)
	        Index Cond: ((id >= 6960654) AND (id <= 6961653))

table 6 : explain SELECT c FROM sbtest6 WHERE id BETWEEN 3743036 AND 3744035
	Bitmap Heap Scan on sbtest6  (cost=23.05..3998.03 rows=1036 width=121)
	  Recheck Cond: ((id >= 3743036) AND (id <= 3744035))
	  ->  Bitmap Index Scan on sbtest6_pkey  (cost=0.00..22.79 rows=1036 width=0)
	        Index Cond: ((id >= 3743036) AND (id <= 3744035))

table 7 : explain SELECT c FROM sbtest7 WHERE id BETWEEN 893074 AND 894073
	Bitmap Heap Scan on sbtest7  (cost=21.60..3463.28 rows=894 width=121)
	  Recheck Cond: ((id >= 893074) AND (id <= 894073))
	  ->  Bitmap Index Scan on sbtest7_pkey  (cost=0.00..21.37 rows=894 width=0)
	        Index Cond: ((id >= 893074) AND (id <= 894073))

table 8 : explain SELECT c FROM sbtest8 WHERE id BETWEEN 4681310 AND 4682309
	Bitmap Heap Scan on sbtest8  (cost=22.39..3754.16 rows=971 width=121)
	  Recheck Cond: ((id >= 4681310) AND (id <= 4682309))
	  ->  Bitmap Index Scan on sbtest8_pkey  (cost=0.00..22.14 rows=971 width=0)
	        Index Cond: ((id >= 4681310) AND (id <= 4682309))

for point_selects
table 1 : explain SELECT c FROM sbtest1 WHERE id=3569304
	Index Scan using sbtest1_pkey on sbtest1  (cost=0.43..8.45 rows=1 width=121)
	  Index Cond: (id = 3569304)

table 2 : explain SELECT c FROM sbtest2 WHERE id=4261300
	Index Scan using sbtest2_pkey on sbtest2  (cost=0.43..8.45 rows=1 width=121)
	  Index Cond: (id = 4261300)

table 3 : explain SELECT c FROM sbtest3 WHERE id=4157851
	Index Scan using sbtest3_pkey on sbtest3  (cost=0.43..8.45 rows=1 width=121)
	  Index Cond: (id = 4157851)

table 4 : explain SELECT c FROM sbtest4 WHERE id=670249
	Index Scan using sbtest4_pkey on sbtest4  (cost=0.43..8.45 rows=1 width=121)
	  Index Cond: (id = 670249)

table 5 : explain SELECT c FROM sbtest5 WHERE id=8613675
	Index Scan using sbtest5_pkey on sbtest5  (cost=0.43..8.45 rows=1 width=121)
	  Index Cond: (id = 8613675)

table 6 : explain SELECT c FROM sbtest6 WHERE id=2804751
	Index Scan using sbtest6_pkey on sbtest6  (cost=0.43..8.45 rows=1 width=121)
	  Index Cond: (id = 2804751)

table 7 : explain SELECT c FROM sbtest7 WHERE id=8037453
	Index Scan using sbtest7_pkey on sbtest7  (cost=0.43..8.45 rows=1 width=121)
	  Index Cond: (id = 8037453)

table 8 : explain SELECT c FROM sbtest8 WHERE id=739718
	Index Scan using sbtest8_pkey on sbtest8  (cost=0.43..8.45 rows=1 width=121)
	  Index Cond: (id = 739718)

for: order_ranges
table 1 : explain SELECT c FROM sbtest1 WHERE id BETWEEN 604991 AND 605990 ORDER BY c
	Sort  (cost=4192.27..4194.95 rows=1074 width=121)
	  Sort Key: c
	  ->  Bitmap Heap Scan on sbtest1  (cost=23.44..4138.20 rows=1074 width=121)
	        Recheck Cond: ((id >= 604991) AND (id <= 605990))
	        ->  Bitmap Index Scan on sbtest1_pkey  (cost=0.00..23.18 rows=1074 width=0)
	              Index Cond: ((id >= 604991) AND (id <= 605990))

table 2 : explain SELECT c FROM sbtest2 WHERE id BETWEEN 3276986 AND 3277985 ORDER BY c
	Sort  (cost=3930.09..3932.60 rows=1005 width=121)
	  Sort Key: c
	  ->  Bitmap Heap Scan on sbtest2  (cost=22.74..3879.98 rows=1005 width=121)
	        Recheck Cond: ((id >= 3276986) AND (id <= 3277985))
	        ->  Bitmap Index Scan on sbtest2_pkey  (cost=0.00..22.48 rows=1005 width=0)
	              Index Cond: ((id >= 3276986) AND (id <= 3277985))

table 3 : explain SELECT c FROM sbtest3 WHERE id BETWEEN 6438203 AND 6439202 ORDER BY c
	Sort  (cost=3723.60..3725.98 rows=951 width=121)
	  Sort Key: c
	  ->  Bitmap Heap Scan on sbtest3  (cost=22.18..3676.56 rows=951 width=121)
	        Recheck Cond: ((id >= 6438203) AND (id <= 6439202))
	        ->  Bitmap Index Scan on sbtest3_pkey  (cost=0.00..21.94 rows=951 width=0)
	              Index Cond: ((id >= 6438203) AND (id <= 6439202))

table 4 : explain SELECT c FROM sbtest4 WHERE id BETWEEN 4045218 AND 4046217 ORDER BY c
	Sort  (cost=4145.46..4148.11 rows=1060 width=121)
	  Sort Key: c
	  ->  Bitmap Heap Scan on sbtest4  (cost=27.30..4092.19 rows=1060 width=121)
	        Recheck Cond: ((id >= 4045218) AND (id <= 4046217))
	        ->  Bitmap Index Scan on sbtest4_pkey  (cost=0.00..27.04 rows=1060 width=0)
	              Index Cond: ((id >= 4045218) AND (id <= 4046217))

table 5 : explain SELECT c FROM sbtest5 WHERE id BETWEEN 856073 AND 857072 ORDER BY c
	Sort  (cost=4225.53..4228.24 rows=1082 width=121)
	  Sort Key: c
	  ->  Bitmap Heap Scan on sbtest5  (cost=23.53..4171.00 rows=1082 width=121)
	        Recheck Cond: ((id >= 856073) AND (id <= 857072))
	        ->  Bitmap Index Scan on sbtest5_pkey  (cost=0.00..23.25 rows=1082 width=0)
	              Index Cond: ((id >= 856073) AND (id <= 857072))

table 6 : explain SELECT c FROM sbtest6 WHERE id BETWEEN 2553578 AND 2554577 ORDER BY c
	Sort  (cost=4427.88..4430.72 rows=1135 width=121)
	  Sort Key: c
	  ->  Bitmap Heap Scan on sbtest6  (cost=28.07..4370.29 rows=1135 width=121)
	        Recheck Cond: ((id >= 2553578) AND (id <= 2554577))
	        ->  Bitmap Index Scan on sbtest6_pkey  (cost=0.00..27.79 rows=1135 width=0)
	              Index Cond: ((id >= 2553578) AND (id <= 2554577))

table 7 : explain SELECT c FROM sbtest7 WHERE id BETWEEN 3713827 AND 3714826 ORDER BY c
	Sort  (cost=3944.06..3946.58 rows=1008 width=121)
	  Sort Key: c
	  ->  Bitmap Heap Scan on sbtest7  (cost=22.77..3893.77 rows=1008 width=121)
	        Recheck Cond: ((id >= 3713827) AND (id <= 3714826))
	        ->  Bitmap Index Scan on sbtest7_pkey  (cost=0.00..22.51 rows=1008 width=0)
	              Index Cond: ((id >= 3713827) AND (id <= 3714826))

table 8 : explain SELECT c FROM sbtest8 WHERE id BETWEEN 3279494 AND 3280493 ORDER BY c
	Sort  (cost=4158.22..4160.87 rows=1063 width=121)
	  Sort Key: c
	  ->  Bitmap Heap Scan on sbtest8  (cost=27.33..4104.78 rows=1063 width=121)
	        Recheck Cond: ((id >= 3279494) AND (id <= 3280493))
	        ->  Bitmap Index Scan on sbtest8_pkey  (cost=0.00..27.07 rows=1063 width=0)
	              Index Cond: ((id >= 3279494) AND (id <= 3280493))

for: distinct_ranges
table 1 : explain SELECT DISTINCT c FROM sbtest1 WHERE id BETWEEN 2453294 AND 2454293 ORDER BY c
	Unique  (cost=3783.63..3788.47 rows=967 width=121)
	  ->  Sort  (cost=3783.63..3786.05 rows=967 width=121)
	        Sort Key: c
	        ->  Bitmap Heap Scan on sbtest1  (cost=22.35..3735.68 rows=967 width=121)
	              Recheck Cond: ((id >= 2453294) AND (id <= 2454293))
	              ->  Bitmap Index Scan on sbtest1_pkey  (cost=0.00..22.11 rows=967 width=0)
	                    Index Cond: ((id >= 2453294) AND (id <= 2454293))

table 2 : explain SELECT DISTINCT c FROM sbtest2 WHERE id BETWEEN 932946 AND 933945 ORDER BY c
	Unique  (cost=4612.72..4618.64 rows=1184 width=121)
	  ->  Sort  (cost=4612.72..4615.68 rows=1184 width=121)
	        Sort Key: c
	        ->  Bitmap Heap Scan on sbtest2  (cost=28.57..4552.28 rows=1184 width=121)
	              Recheck Cond: ((id >= 932946) AND (id <= 933945))
	              ->  Bitmap Index Scan on sbtest2_pkey  (cost=0.00..28.27 rows=1184 width=0)
	                    Index Cond: ((id >= 932946) AND (id <= 933945))

table 3 : explain SELECT DISTINCT c FROM sbtest3 WHERE id BETWEEN 4936601 AND 4937600 ORDER BY c
	Unique  (cost=3846.08..3851.00 rows=983 width=121)
	  ->  Sort  (cost=3846.08..3848.54 rows=983 width=121)
	        Sort Key: c
	        ->  Bitmap Heap Scan on sbtest3  (cost=22.51..3797.22 rows=983 width=121)
	              Recheck Cond: ((id >= 4936601) AND (id <= 4937600))
	              ->  Bitmap Index Scan on sbtest3_pkey  (cost=0.00..22.26 rows=983 width=0)
	                    Index Cond: ((id >= 4936601) AND (id <= 4937600))

table 4 : explain SELECT DISTINCT c FROM sbtest4 WHERE id BETWEEN 4881721 AND 4882720 ORDER BY c
	Unique  (cost=3398.50..3402.83 rows=866 width=121)
	  ->  Sort  (cost=3398.50..3400.67 rows=866 width=121)
	        Sort Key: c
	        ->  Bitmap Heap Scan on sbtest4  (cost=21.31..3356.25 rows=866 width=121)
	              Recheck Cond: ((id >= 4881721) AND (id <= 4882720))
	              ->  Bitmap Index Scan on sbtest4_pkey  (cost=0.00..21.09 rows=866 width=0)
	                    Index Cond: ((id >= 4881721) AND (id <= 4882720))

table 5 : explain SELECT DISTINCT c FROM sbtest5 WHERE id BETWEEN 2448764 AND 2449763 ORDER BY c
	Unique  (cost=3831.92..3836.81 rows=979 width=121)
	  ->  Sort  (cost=3831.92..3834.36 rows=979 width=121)
	        Sort Key: c
	        ->  Bitmap Heap Scan on sbtest5  (cost=22.47..3783.28 rows=979 width=121)
	              Recheck Cond: ((id >= 2448764) AND (id <= 2449763))
	              ->  Bitmap Index Scan on sbtest5_pkey  (cost=0.00..22.22 rows=979 width=0)
	                    Index Cond: ((id >= 2448764) AND (id <= 2449763))

table 6 : explain SELECT DISTINCT c FROM sbtest6 WHERE id BETWEEN 8377428 AND 8378427 ORDER BY c
	Unique  (cost=3843.42..3848.33 rows=982 width=121)
	  ->  Sort  (cost=3843.42..3845.87 rows=982 width=121)
	        Sort Key: c
	        ->  Bitmap Heap Scan on sbtest6  (cost=22.50..3794.61 rows=982 width=121)
	              Recheck Cond: ((id >= 8377428) AND (id <= 8378427))
	              ->  Bitmap Index Scan on sbtest6_pkey  (cost=0.00..22.25 rows=982 width=0)
	                    Index Cond: ((id >= 8377428) AND (id <= 8378427))

table 7 : explain SELECT DISTINCT c FROM sbtest7 WHERE id BETWEEN 1248236 AND 1249235 ORDER BY c
	Unique  (cost=3997.61..4002.72 rows=1022 width=121)
	  ->  Sort  (cost=3997.61..4000.17 rows=1022 width=121)
	        Sort Key: c
	        ->  Bitmap Heap Scan on sbtest7  (cost=22.91..3946.52 rows=1022 width=121)
	              Recheck Cond: ((id >= 1248236) AND (id <= 1249235))
	              ->  Bitmap Index Scan on sbtest7_pkey  (cost=0.00..22.65 rows=1022 width=0)
	                    Index Cond: ((id >= 1248236) AND (id <= 1249235))

table 8 : explain SELECT DISTINCT c FROM sbtest8 WHERE id BETWEEN 7406227 AND 7407226 ORDER BY c
	Unique  (cost=3798.50..3803.35 rows=970 width=121)
	  ->  Sort  (cost=3798.50..3800.93 rows=970 width=121)
	        Sort Key: c
	        ->  Bitmap Heap Scan on sbtest8  (cost=22.38..3750.38 rows=970 width=121)
	              Recheck Cond: ((id >= 7406227) AND (id <= 7407226))
	              ->  Bitmap Index Scan on sbtest8_pkey  (cost=0.00..22.14 rows=970 width=0)
	                    Index Cond: ((id >= 7406227) AND (id <= 7407226))

explain: for point_selects :: explain SELECT c FROM sbtest%u WHERE id=%u
for: order_ranges
table 1 : explain SELECT c FROM sbtest1 WHERE id BETWEEN 4448854 AND 4449853 ORDER BY c
	Sort  (cost=4058.75..4061.35 rows=1039 width=121)
	  Sort Key: c
	  ->  Bitmap Heap Scan on sbtest1  (cost=23.08..4006.70 rows=1039 width=121)
	        Recheck Cond: ((id >= 4448854) AND (id <= 4449853))
	        ->  Bitmap Index Scan on sbtest1_pkey  (cost=0.00..22.82 rows=1039 width=0)
	              Index Cond: ((id >= 4448854) AND (id <= 4449853))

table 2 : explain SELECT c FROM sbtest2 WHERE id BETWEEN 2366529 AND 2367528 ORDER BY c
	Sort  (cost=3926.27..3928.78 rows=1004 width=121)
	  Sort Key: c
	  ->  Bitmap Heap Scan on sbtest2  (cost=22.73..3876.21 rows=1004 width=121)
	        Recheck Cond: ((id >= 2366529) AND (id <= 2367528))
	        ->  Bitmap Index Scan on sbtest2_pkey  (cost=0.00..22.47 rows=1004 width=0)
	              Index Cond: ((id >= 2366529) AND (id <= 2367528))

table 3 : explain SELECT c FROM sbtest3 WHERE id BETWEEN 994411 AND 995410 ORDER BY c
	Sort  (cost=3960.79..3963.32 rows=1013 width=121)
	  Sort Key: c
	  ->  Bitmap Heap Scan on sbtest3  (cost=22.82..3910.22 rows=1013 width=121)
	        Recheck Cond: ((id >= 994411) AND (id <= 995410))
	        ->  Bitmap Index Scan on sbtest3_pkey  (cost=0.00..22.57 rows=1013 width=0)
	              Index Cond: ((id >= 994411) AND (id <= 995410))

table 4 : explain SELECT c FROM sbtest4 WHERE id BETWEEN 2268172 AND 2269171 ORDER BY c
	Sort  (cost=4401.07..4403.89 rows=1128 width=121)
	  Sort Key: c
	  ->  Bitmap Heap Scan on sbtest4  (cost=28.00..4343.88 rows=1128 width=121)
	        Recheck Cond: ((id >= 2268172) AND (id <= 2269171))
	        ->  Bitmap Index Scan on sbtest4_pkey  (cost=0.00..27.71 rows=1128 width=0)
	              Index Cond: ((id >= 2268172) AND (id <= 2269171))

table 5 : explain SELECT c FROM sbtest5 WHERE id BETWEEN 9744775 AND 9745774 ORDER BY c
	Sort  (cost=3866.36..3868.83 rows=988 width=121)
	  Sort Key: c
	  ->  Bitmap Heap Scan on sbtest5  (cost=22.56..3817.22 rows=988 width=121)
	        Recheck Cond: ((id >= 9744775) AND (id <= 9745774))
	        ->  Bitmap Index Scan on sbtest5_pkey  (cost=0.00..22.32 rows=988 width=0)
	              Index Cond: ((id >= 9744775) AND (id <= 9745774))

table 6 : explain SELECT c FROM sbtest6 WHERE id BETWEEN 7377223 AND 7378222 ORDER BY c
	Sort  (cost=4057.56..4060.15 rows=1038 width=121)
	  Sort Key: c
	  ->  Bitmap Heap Scan on sbtest6  (cost=23.07..4005.56 rows=1038 width=121)
	        Recheck Cond: ((id >= 7377223) AND (id <= 7378222))
	        ->  Bitmap Index Scan on sbtest6_pkey  (cost=0.00..22.82 rows=1038 width=0)
	              Index Cond: ((id >= 7377223) AND (id <= 7378222))

table 7 : explain SELECT c FROM sbtest7 WHERE id BETWEEN 8303558 AND 8304557 ORDER BY c
	Sort  (cost=4227.04..4229.74 rows=1081 width=121)
	  Sort Key: c
	  ->  Bitmap Heap Scan on sbtest7  (cost=27.52..4172.57 rows=1081 width=121)
	        Recheck Cond: ((id >= 8303558) AND (id <= 8304557))
	        ->  Bitmap Index Scan on sbtest7_pkey  (cost=0.00..27.25 rows=1081 width=0)
	              Index Cond: ((id >= 8303558) AND (id <= 8304557))

table 8 : explain SELECT c FROM sbtest8 WHERE id BETWEEN 772317 AND 773316 ORDER BY c
	Sort  (cost=3913.54..3916.03 rows=999 width=121)
	  Sort Key: c
	  ->  Bitmap Heap Scan on sbtest8  (cost=26.67..3863.76 rows=999 width=121)
	        Recheck Cond: ((id >= 772317) AND (id <= 773316))
	        ->  Bitmap Index Scan on sbtest8_pkey  (cost=0.00..26.43 rows=999 width=0)
	              Index Cond: ((id >= 772317) AND (id <= 773316))

explain: for point_selects :: explain SELECT c FROM sbtest%u WHERE id=%u
explain: for point_selects :: explain SELECT c FROM sbtest%u WHERE id=%u
for: simple_ranges
table 1 : explain SELECT c FROM sbtest1 WHERE id BETWEEN 7876518 AND 7877517
	Bitmap Heap Scan on sbtest1  (cost=22.19..3679.14 rows=952 width=121)
	  Recheck Cond: ((id >= 7876518) AND (id <= 7877517))
	  ->  Bitmap Index Scan on sbtest1_pkey  (cost=0.00..21.95 rows=952 width=0)
	        Index Cond: ((id >= 7876518) AND (id <= 7877517))

table 2 : explain SELECT c FROM sbtest2 WHERE id BETWEEN 5423440 AND 5424439
	Bitmap Heap Scan on sbtest2  (cost=23.36..4109.44 rows=1066 width=121)
	  Recheck Cond: ((id >= 5423440) AND (id <= 5424439))
	  ->  Bitmap Index Scan on sbtest2_pkey  (cost=0.00..23.09 rows=1066 width=0)
	        Index Cond: ((id >= 5423440) AND (id <= 5424439))

table 3 : explain SELECT c FROM sbtest3 WHERE id BETWEEN 3760735 AND 3761734
	Bitmap Heap Scan on sbtest3  (cost=22.76..3887.63 rows=1007 width=121)
	  Recheck Cond: ((id >= 3760735) AND (id <= 3761734))
	  ->  Bitmap Index Scan on sbtest3_pkey  (cost=0.00..22.50 rows=1007 width=0)
	        Index Cond: ((id >= 3760735) AND (id <= 3761734))

table 4 : explain SELECT c FROM sbtest4 WHERE id BETWEEN 6624827 AND 6625826
	Bitmap Heap Scan on sbtest4  (cost=22.23..3696.43 rows=956 width=121)
	  Recheck Cond: ((id >= 6624827) AND (id <= 6625826))
	  ->  Bitmap Index Scan on sbtest4_pkey  (cost=0.00..22.00 rows=956 width=0)
	        Index Cond: ((id >= 6624827) AND (id <= 6625826))

table 5 : explain SELECT c FROM sbtest5 WHERE id BETWEEN 7970930 AND 7971929
	Bitmap Heap Scan on sbtest5  (cost=22.96..3964.14 rows=1027 width=121)
	  Recheck Cond: ((id >= 7970930) AND (id <= 7971929))
	  ->  Bitmap Index Scan on sbtest5_pkey  (cost=0.00..22.70 rows=1027 width=0)
	        Index Cond: ((id >= 7970930) AND (id <= 7971929))

table 6 : explain SELECT c FROM sbtest6 WHERE id BETWEEN 7983476 AND 7984475
	Bitmap Heap Scan on sbtest6  (cost=22.40..3756.90 rows=972 width=121)
	  Recheck Cond: ((id >= 7983476) AND (id <= 7984475))
	  ->  Bitmap Index Scan on sbtest6_pkey  (cost=0.00..22.15 rows=972 width=0)
	        Index Cond: ((id >= 7983476) AND (id <= 7984475))

table 7 : explain SELECT c FROM sbtest7 WHERE id BETWEEN 4487119 AND 4488118
	Bitmap Heap Scan on sbtest7  (cost=27.52..4172.57 rows=1081 width=121)
	  Recheck Cond: ((id >= 4487119) AND (id <= 4488118))
	  ->  Bitmap Index Scan on sbtest7_pkey  (cost=0.00..27.25 rows=1081 width=0)
	        Index Cond: ((id >= 4487119) AND (id <= 4488118))

table 8 : explain SELECT c FROM sbtest8 WHERE id BETWEEN 3203216 AND 3204215
	Bitmap Heap Scan on sbtest8  (cost=27.33..4104.78 rows=1063 width=121)
	  Recheck Cond: ((id >= 3203216) AND (id <= 3204215))
	  ->  Bitmap Index Scan on sbtest8_pkey  (cost=0.00..27.07 rows=1063 width=0)
	        Index Cond: ((id >= 3203216) AND (id <= 3204215))

for: distinct_ranges
table 1 : explain SELECT DISTINCT c FROM sbtest1 WHERE id BETWEEN 1448847 AND 1449846 ORDER BY c
	Unique  (cost=3982.40..3987.49 rows=1019 width=121)
	  ->  Sort  (cost=3982.40..3984.94 rows=1019 width=121)
	        Sort Key: c
	        ->  Bitmap Heap Scan on sbtest1  (cost=22.88..3931.48 rows=1019 width=121)
	              Recheck Cond: ((id >= 1448847) AND (id <= 1449846))
	              ->  Bitmap Index Scan on sbtest1_pkey  (cost=0.00..22.62 rows=1019 width=0)
	                    Index Cond: ((id >= 1448847) AND (id <= 1449846))

table 2 : explain SELECT DISTINCT c FROM sbtest2 WHERE id BETWEEN 365528 AND 366527 ORDER BY c
	Unique  (cost=4151.60..4156.91 rows=1063 width=121)
	  ->  Sort  (cost=4151.60..4154.26 rows=1063 width=121)
	        Sort Key: c
	        ->  Bitmap Heap Scan on sbtest2  (cost=23.33..4098.16 rows=1063 width=121)
	              Recheck Cond: ((id >= 365528) AND (id <= 366527))
	              ->  Bitmap Index Scan on sbtest2_pkey  (cost=0.00..23.07 rows=1063 width=0)
	                    Index Cond: ((id >= 365528) AND (id <= 366527))

table 3 : explain SELECT DISTINCT c FROM sbtest3 WHERE id BETWEEN 7749792 AND 7750791 ORDER BY c
	Unique  (cost=4125.02..4130.30 rows=1056 width=121)
	  ->  Sort  (cost=4125.02..4127.66 rows=1056 width=121)
	        Sort Key: c
	        ->  Bitmap Heap Scan on sbtest3  (cost=23.26..4071.98 rows=1056 width=121)
	              Recheck Cond: ((id >= 7749792) AND (id <= 7750791))
	              ->  Bitmap Index Scan on sbtest3_pkey  (cost=0.00..23.00 rows=1056 width=0)
	                    Index Cond: ((id >= 7749792) AND (id <= 7750791))

table 4 : explain SELECT DISTINCT c FROM sbtest4 WHERE id BETWEEN 8855684 AND 8856683 ORDER BY c
	Unique  (cost=3988.65..3993.75 rows=1020 width=121)
	  ->  Sort  (cost=3988.65..3991.20 rows=1020 width=121)
	        Sort Key: c
	        ->  Bitmap Heap Scan on sbtest4  (cost=22.89..3937.68 rows=1020 width=121)
	              Recheck Cond: ((id >= 8855684) AND (id <= 8856683))
	              ->  Bitmap Index Scan on sbtest4_pkey  (cost=0.00..22.64 rows=1020 width=0)
	                    Index Cond: ((id >= 8855684) AND (id <= 8856683))

table 5 : explain SELECT DISTINCT c FROM sbtest5 WHERE id BETWEEN 1972713 AND 1973712 ORDER BY c
	Unique  (cost=3870.19..3875.13 rows=989 width=121)
	  ->  Sort  (cost=3870.19..3872.66 rows=989 width=121)
	        Sort Key: c
	        ->  Bitmap Heap Scan on sbtest5  (cost=22.57..3820.99 rows=989 width=121)
	              Recheck Cond: ((id >= 1972713) AND (id <= 1973712))
	              ->  Bitmap Index Scan on sbtest5_pkey  (cost=0.00..22.32 rows=989 width=0)
	                    Index Cond: ((id >= 1972713) AND (id <= 1973712))

table 6 : explain SELECT DISTINCT c FROM sbtest6 WHERE id BETWEEN 5481225 AND 5482224 ORDER BY c
	Unique  (cost=3763.01..3767.82 rows=961 width=121)
	  ->  Sort  (cost=3763.01..3765.42 rows=961 width=121)
	        Sort Key: c
	        ->  Bitmap Heap Scan on sbtest6  (cost=22.29..3715.40 rows=961 width=121)
	              Recheck Cond: ((id >= 5481225) AND (id <= 5482224))
	              ->  Bitmap Index Scan on sbtest6_pkey  (cost=0.00..22.04 rows=961 width=0)
	                    Index Cond: ((id >= 5481225) AND (id <= 5482224))

table 7 : explain SELECT DISTINCT c FROM sbtest7 WHERE id BETWEEN 232089 AND 233088 ORDER BY c
	Unique  (cost=4353.03..4358.61 rows=1115 width=121)
	  ->  Sort  (cost=4353.03..4355.82 rows=1115 width=121)
	        Sort Key: c
	        ->  Bitmap Heap Scan on sbtest7  (cost=27.86..4296.60 rows=1115 width=121)
	              Recheck Cond: ((id >= 232089) AND (id <= 233088))
	              ->  Bitmap Index Scan on sbtest7_pkey  (cost=0.00..27.58 rows=1115 width=0)
	                    Index Cond: ((id >= 232089) AND (id <= 233088))

table 8 : explain SELECT DISTINCT c FROM sbtest8 WHERE id BETWEEN 9162281 AND 9163280 ORDER BY c
	Unique  (cost=4024.47..4029.61 rows=1028 width=121)
	  ->  Sort  (cost=4024.47..4027.04 rows=1028 width=121)
	        Sort Key: c
	        ->  Bitmap Heap Scan on sbtest8  (cost=26.97..3973.04 rows=1028 width=121)
	              Recheck Cond: ((id >= 9162281) AND (id <= 9163280))
	              ->  Bitmap Index Scan on sbtest8_pkey  (cost=0.00..26.71 rows=1028 width=0)
	                    Index Cond: ((id >= 9162281) AND (id <= 9163280))

for: distinct_ranges
table 1 : explain SELECT DISTINCT c FROM sbtest1 WHERE id BETWEEN 9739016 AND 9740015 ORDER BY c
	Unique  (cost=3944.20..3949.24 rows=1009 width=121)
	  ->  Sort  (cost=3944.20..3946.72 rows=1009 width=121)
	        Sort Key: c
	        ->  Bitmap Heap Scan on sbtest1  (cost=22.78..3893.86 rows=1009 width=121)
	              Recheck Cond: ((id >= 9739016) AND (id <= 9740015))
	              ->  Bitmap Index Scan on sbtest1_pkey  (cost=0.00..22.52 rows=1009 width=0)
	                    Index Cond: ((id >= 9739016) AND (id <= 9740015))

table 2 : explain SELECT DISTINCT c FROM sbtest2 WHERE id BETWEEN 7064237 AND 7065236 ORDER BY c
	Unique  (cost=3838.31..3843.22 rows=981 width=121)
	  ->  Sort  (cost=3838.31..3840.77 rows=981 width=121)
	        Sort Key: c
	        ->  Bitmap Heap Scan on sbtest2  (cost=22.49..3789.57 rows=981 width=121)
	              Recheck Cond: ((id >= 7064237) AND (id <= 7065236))
	              ->  Bitmap Index Scan on sbtest2_pkey  (cost=0.00..22.25 rows=981 width=0)
	                    Index Cond: ((id >= 7064237) AND (id <= 7065236))

table 3 : explain SELECT DISTINCT c FROM sbtest3 WHERE id BETWEEN 6183856 AND 6184855 ORDER BY c
	Unique  (cost=3551.15..3555.68 rows=906 width=121)
	  ->  Sort  (cost=3551.15..3553.41 rows=906 width=121)
	        Sort Key: c
	        ->  Bitmap Heap Scan on sbtest3  (cost=21.72..3506.65 rows=906 width=121)
	              Recheck Cond: ((id >= 6183856) AND (id <= 6184855))
	              ->  Bitmap Index Scan on sbtest3_pkey  (cost=0.00..21.50 rows=906 width=0)
	                    Index Cond: ((id >= 6183856) AND (id <= 6184855))

table 4 : explain SELECT DISTINCT c FROM sbtest4 WHERE id BETWEEN 9462732 AND 9463731 ORDER BY c
	Unique  (cost=4057.44..4062.63 rows=1038 width=121)
	  ->  Sort  (cost=4057.44..4060.03 rows=1038 width=121)
	        Sort Key: c
	        ->  Bitmap Heap Scan on sbtest4  (cost=23.07..4005.43 rows=1038 width=121)
	              Recheck Cond: ((id >= 9462732) AND (id <= 9463731))
	              ->  Bitmap Index Scan on sbtest4_pkey  (cost=0.00..22.82 rows=1038 width=0)
	                    Index Cond: ((id >= 9462732) AND (id <= 9463731))

table 5 : explain SELECT DISTINCT c FROM sbtest5 WHERE id BETWEEN 9455829 AND 9456828 ORDER BY c
	Unique  (cost=3793.63..3798.48 rows=969 width=121)
	  ->  Sort  (cost=3793.63..3796.06 rows=969 width=121)
	        Sort Key: c
	        ->  Bitmap Heap Scan on sbtest5  (cost=22.37..3745.57 rows=969 width=121)
	              Recheck Cond: ((id >= 9455829) AND (id <= 9456828))
	              ->  Bitmap Index Scan on sbtest5_pkey  (cost=0.00..22.12 rows=969 width=0)
	                    Index Cond: ((id >= 9455829) AND (id <= 9456828))

table 6 : explain SELECT DISTINCT c FROM sbtest6 WHERE id BETWEEN 4795415 AND 4796414 ORDER BY c
	Unique  (cost=3862.55..3867.49 rows=987 width=121)
	  ->  Sort  (cost=3862.55..3865.02 rows=987 width=121)
	        Sort Key: c
	        ->  Bitmap Heap Scan on sbtest6  (cost=22.55..3813.46 rows=987 width=121)
	              Recheck Cond: ((id >= 4795415) AND (id <= 4796414))
	              ->  Bitmap Index Scan on sbtest6_pkey  (cost=0.00..22.30 rows=987 width=0)
	                    Index Cond: ((id >= 4795415) AND (id <= 4796414))

table 7 : explain SELECT DISTINCT c FROM sbtest7 WHERE id BETWEEN 855704 AND 856703 ORDER BY c
	Unique  (cost=3967.01..3972.08 rows=1014 width=121)
	  ->  Sort  (cost=3967.01..3969.55 rows=1014 width=121)
	        Sort Key: c
	        ->  Bitmap Heap Scan on sbtest7  (cost=22.83..3916.38 rows=1014 width=121)
	              Recheck Cond: ((id >= 855704) AND (id <= 856703))
	              ->  Bitmap Index Scan on sbtest7_pkey  (cost=0.00..22.57 rows=1014 width=0)
	                    Index Cond: ((id >= 855704) AND (id <= 856703))

table 8 : explain SELECT DISTINCT c FROM sbtest8 WHERE id BETWEEN 8378176 AND 8379175 ORDER BY c
	Unique  (cost=3940.32..3945.35 rows=1006 width=121)
	  ->  Sort  (cost=3940.32..3942.84 rows=1006 width=121)
	        Sort Key: c
	        ->  Bitmap Heap Scan on sbtest8  (cost=26.75..3890.15 rows=1006 width=121)
	              Recheck Cond: ((id >= 8378176) AND (id <= 8379175))
	              ->  Bitmap Index Scan on sbtest8_pkey  (cost=0.00..26.50 rows=1006 width=0)
	                    Index Cond: ((id >= 8378176) AND (id <= 8379175))

for: simple_ranges
table 1 : explain SELECT c FROM sbtest1 WHERE id BETWEEN 6618131 AND 6619130
	Bitmap Heap Scan on sbtest1  (cost=22.07..3633.88 rows=940 width=121)
	  Recheck Cond: ((id >= 6618131) AND (id <= 6619130))
	  ->  Bitmap Index Scan on sbtest1_pkey  (cost=0.00..21.83 rows=940 width=0)
	        Index Cond: ((id >= 6618131) AND (id <= 6619130))

table 2 : explain SELECT c FROM sbtest2 WHERE id BETWEEN 2962053 AND 2963052
	Bitmap Heap Scan on sbtest2  (cost=23.31..4090.65 rows=1061 width=121)
	  Recheck Cond: ((id >= 2962053) AND (id <= 2963052))
	  ->  Bitmap Index Scan on sbtest2_pkey  (cost=0.00..23.04 rows=1061 width=0)
	        Index Cond: ((id >= 2962053) AND (id <= 2963052))

table 3 : explain SELECT c FROM sbtest3 WHERE id BETWEEN 3572876 AND 3573875
	Bitmap Heap Scan on sbtest3  (cost=21.75..3517.98 rows=909 width=121)
	  Recheck Cond: ((id >= 3572876) AND (id <= 3573875))
	  ->  Bitmap Index Scan on sbtest3_pkey  (cost=0.00..21.52 rows=909 width=0)
	        Index Cond: ((id >= 3572876) AND (id <= 3573875))

table 4 : explain SELECT c FROM sbtest4 WHERE id BETWEEN 8684664 AND 8685663
	Bitmap Heap Scan on sbtest4  (cost=22.68..3862.34 rows=1000 width=121)
	  Recheck Cond: ((id >= 8684664) AND (id <= 8685663))
	  ->  Bitmap Index Scan on sbtest4_pkey  (cost=0.00..22.43 rows=1000 width=0)
	        Index Cond: ((id >= 8684664) AND (id <= 8685663))

table 5 : explain SELECT c FROM sbtest5 WHERE id BETWEEN 4106091 AND 4107090
	Bitmap Heap Scan on sbtest5  (cost=22.08..3639.90 rows=941 width=121)
	  Recheck Cond: ((id >= 4106091) AND (id <= 4107090))
	  ->  Bitmap Index Scan on sbtest5_pkey  (cost=0.00..21.84 rows=941 width=0)
	        Index Cond: ((id >= 4106091) AND (id <= 4107090))

table 6 : explain SELECT c FROM sbtest6 WHERE id BETWEEN 1810312 AND 1811311
	Bitmap Heap Scan on sbtest6  (cost=22.64..3847.39 rows=996 width=121)
	  Recheck Cond: ((id >= 1810312) AND (id <= 1811311))
	  ->  Bitmap Index Scan on sbtest6_pkey  (cost=0.00..22.39 rows=996 width=0)
	        Index Cond: ((id >= 1810312) AND (id <= 1811311))

table 7 : explain SELECT c FROM sbtest7 WHERE id BETWEEN 3983796 AND 3984795
	Bitmap Heap Scan on sbtest7  (cost=22.04..3625.86 rows=937 width=121)
	  Recheck Cond: ((id >= 3983796) AND (id <= 3984795))
	  ->  Bitmap Index Scan on sbtest7_pkey  (cost=0.00..21.80 rows=937 width=0)
	        Index Cond: ((id >= 3983796) AND (id <= 3984795))

table 8 : explain SELECT c FROM sbtest8 WHERE id BETWEEN 3738482 AND 3739481
	Bitmap Heap Scan on sbtest8  (cost=27.62..4210.06 rows=1091 width=121)
	  Recheck Cond: ((id >= 3738482) AND (id <= 3739481))
	  ->  Bitmap Index Scan on sbtest8_pkey  (cost=0.00..27.34 rows=1091 width=0)
	        Index Cond: ((id >= 3738482) AND (id <= 3739481))

for: distinct_ranges
table 1 : explain SELECT DISTINCT c FROM sbtest1 WHERE id BETWEEN 8864822 AND 8865821 ORDER BY c
	Unique  (cost=3921.27..3926.29 rows=1003 width=121)
	  ->  Sort  (cost=3921.27..3923.78 rows=1003 width=121)
	        Sort Key: c
	        ->  Bitmap Heap Scan on sbtest1  (cost=22.72..3871.27 rows=1003 width=121)
	              Recheck Cond: ((id >= 8864822) AND (id <= 8865821))
	              ->  Bitmap Index Scan on sbtest1_pkey  (cost=0.00..22.46 rows=1003 width=0)
	                    Index Cond: ((id >= 8864822) AND (id <= 8865821))

table 2 : explain SELECT DISTINCT c FROM sbtest2 WHERE id BETWEEN 316957 AND 317956 ORDER BY c
	Unique  (cost=4151.60..4156.91 rows=1063 width=121)
	  ->  Sort  (cost=4151.60..4154.26 rows=1063 width=121)
	        Sort Key: c
	        ->  Bitmap Heap Scan on sbtest2  (cost=23.33..4098.16 rows=1063 width=121)
	              Recheck Cond: ((id >= 316957) AND (id <= 317956))
	              ->  Bitmap Index Scan on sbtest2_pkey  (cost=0.00..23.07 rows=1063 width=0)
	                    Index Cond: ((id >= 316957) AND (id <= 317956))

table 3 : explain SELECT DISTINCT c FROM sbtest3 WHERE id BETWEEN 5635256 AND 5636255 ORDER BY c
	Unique  (cost=4067.75..4072.96 rows=1041 width=121)
	  ->  Sort  (cost=4067.75..4070.36 rows=1041 width=121)
	        Sort Key: c
	        ->  Bitmap Heap Scan on sbtest3  (cost=23.11..4015.58 rows=1041 width=121)
	              Recheck Cond: ((id >= 5635256) AND (id <= 5636255))
	              ->  Bitmap Index Scan on sbtest3_pkey  (cost=0.00..22.84 rows=1041 width=0)
	                    Index Cond: ((id >= 5635256) AND (id <= 5636255))

table 4 : explain SELECT DISTINCT c FROM sbtest4 WHERE id BETWEEN 6380889 AND 6381888 ORDER BY c
	Unique  (cost=3835.65..3840.55 rows=980 width=121)
	  ->  Sort  (cost=3835.65..3838.10 rows=980 width=121)
	        Sort Key: c
	        ->  Bitmap Heap Scan on sbtest4  (cost=22.48..3786.96 rows=980 width=121)
	              Recheck Cond: ((id >= 6380889) AND (id <= 6381888))
	              ->  Bitmap Index Scan on sbtest4_pkey  (cost=0.00..22.23 rows=980 width=0)
	                    Index Cond: ((id >= 6380889) AND (id <= 6381888))

table 5 : explain SELECT DISTINCT c FROM sbtest5 WHERE id BETWEEN 3064457 AND 3065456 ORDER BY c
	Unique  (cost=3984.93..3990.02 rows=1019 width=121)
	  ->  Sort  (cost=3984.93..3987.48 rows=1019 width=121)
	        Sort Key: c
	        ->  Bitmap Heap Scan on sbtest5  (cost=22.88..3934.01 rows=1019 width=121)
	              Recheck Cond: ((id >= 3064457) AND (id <= 3065456))
	              ->  Bitmap Index Scan on sbtest5_pkey  (cost=0.00..22.62 rows=1019 width=0)
	                    Index Cond: ((id >= 3064457) AND (id <= 3065456))

table 6 : explain SELECT DISTINCT c FROM sbtest6 WHERE id BETWEEN 1838106 AND 1839105 ORDER BY c
	Unique  (cost=3858.72..3863.65 rows=986 width=121)
	  ->  Sort  (cost=3858.72..3861.19 rows=986 width=121)
	        Sort Key: c
	        ->  Bitmap Heap Scan on sbtest6  (cost=22.54..3809.69 rows=986 width=121)
	              Recheck Cond: ((id >= 1838106) AND (id <= 1839105))
	              ->  Bitmap Index Scan on sbtest6_pkey  (cost=0.00..22.29 rows=986 width=0)
	                    Index Cond: ((id >= 1838106) AND (id <= 1839105))

table 7 : explain SELECT DISTINCT c FROM sbtest7 WHERE id BETWEEN 1403427 AND 1404426 ORDER BY c
	Unique  (cost=3813.91..3818.78 rows=974 width=121)
	  ->  Sort  (cost=3813.91..3816.34 rows=974 width=121)
	        Sort Key: c
	        ->  Bitmap Heap Scan on sbtest7  (cost=22.42..3765.56 rows=974 width=121)
	              Recheck Cond: ((id >= 1403427) AND (id <= 1404426))
	              ->  Bitmap Index Scan on sbtest7_pkey  (cost=0.00..22.18 rows=974 width=0)
	                    Index Cond: ((id >= 1403427) AND (id <= 1404426))

table 8 : explain SELECT DISTINCT c FROM sbtest8 WHERE id BETWEEN 8425047 AND 8426046 ORDER BY c
	Unique  (cost=3940.32..3945.35 rows=1006 width=121)
	  ->  Sort  (cost=3940.32..3942.84 rows=1006 width=121)
	        Sort Key: c
	        ->  Bitmap Heap Scan on sbtest8  (cost=26.75..3890.15 rows=1006 width=121)
	              Recheck Cond: ((id >= 8425047) AND (id <= 8426046))
	              ->  Bitmap Index Scan on sbtest8_pkey  (cost=0.00..26.50 rows=1006 width=0)
	                    Index Cond: ((id >= 8425047) AND (id <= 8426046))

for: sum_ranges
table 1 : explain SELECT SUM(k) FROM sbtest1 WHERE id BETWEEN 8798823 AND 8799822
	Aggregate  (cost=3723.01..3723.02 rows=1 width=8)
	  ->  Bitmap Heap Scan on sbtest1  (cost=22.31..3720.61 rows=963 width=4)
	        Recheck Cond: ((id >= 8798823) AND (id <= 8799822))
	        ->  Bitmap Index Scan on sbtest1_pkey  (cost=0.00..22.07 rows=963 width=0)
	              Index Cond: ((id >= 8798823) AND (id <= 8799822))

table 2 : explain SELECT SUM(k) FROM sbtest2 WHERE id BETWEEN 680521 AND 681520
	Aggregate  (cost=3554.17..3554.18 rows=1 width=8)
	  ->  Bitmap Heap Scan on sbtest2  (cost=21.84..3551.88 rows=918 width=4)
	        Recheck Cond: ((id >= 680521) AND (id <= 681520))
	        ->  Bitmap Index Scan on sbtest2_pkey  (cost=0.00..21.61 rows=918 width=0)
	              Index Cond: ((id >= 680521) AND (id <= 681520))

table 3 : explain SELECT SUM(k) FROM sbtest3 WHERE id BETWEEN 2707667 AND 2708666
	Aggregate  (cost=3890.15..3890.16 rows=1 width=8)
	  ->  Bitmap Heap Scan on sbtest3  (cost=22.76..3887.63 rows=1007 width=4)
	        Recheck Cond: ((id >= 2707667) AND (id <= 2708666))
	        ->  Bitmap Index Scan on sbtest3_pkey  (cost=0.00..22.50 rows=1007 width=0)
	              Index Cond: ((id >= 2707667) AND (id <= 2708666))

table 4 : explain SELECT SUM(k) FROM sbtest4 WHERE id BETWEEN 491758 AND 492757
	Aggregate  (cost=3895.00..3895.01 rows=1 width=8)
	  ->  Bitmap Heap Scan on sbtest4  (cost=22.77..3892.48 rows=1008 width=4)
	        Recheck Cond: ((id >= 491758) AND (id <= 492757))
	        ->  Bitmap Index Scan on sbtest4_pkey  (cost=0.00..22.51 rows=1008 width=0)
	              Index Cond: ((id >= 491758) AND (id <= 492757))

table 5 : explain SELECT SUM(k) FROM sbtest5 WHERE id BETWEEN 9301763 AND 9302762
	Aggregate  (cost=4313.03..4313.04 rows=1 width=8)
	  ->  Bitmap Heap Scan on sbtest5  (cost=27.90..4310.23 rows=1119 width=4)
	        Recheck Cond: ((id >= 9301763) AND (id <= 9302762))
	        ->  Bitmap Index Scan on sbtest5_pkey  (cost=0.00..27.62 rows=1119 width=0)
	              Index Cond: ((id >= 9301763) AND (id <= 9302762))

table 6 : explain SELECT SUM(k) FROM sbtest6 WHERE id BETWEEN 6010368 AND 6011367
	Aggregate  (cost=3819.70..3819.71 rows=1 width=8)
	  ->  Bitmap Heap Scan on sbtest6  (cost=22.56..3817.23 rows=988 width=4)
	        Recheck Cond: ((id >= 6010368) AND (id <= 6011367))
	        ->  Bitmap Index Scan on sbtest6_pkey  (cost=0.00..22.32 rows=988 width=0)
	              Index Cond: ((id >= 6010368) AND (id <= 6011367))

table 7 : explain SELECT SUM(k) FROM sbtest7 WHERE id BETWEEN 1537777 AND 1538776
	Aggregate  (cost=3647.10..3647.11 rows=1 width=8)
	  ->  Bitmap Heap Scan on sbtest7  (cost=22.09..3644.75 rows=942 width=4)
	        Recheck Cond: ((id >= 1537777) AND (id <= 1538776))
	        ->  Bitmap Index Scan on sbtest7_pkey  (cost=0.00..21.86 rows=942 width=0)
	              Index Cond: ((id >= 1537777) AND (id <= 1538776))

table 8 : explain SELECT SUM(k) FROM sbtest8 WHERE id BETWEEN 810011 AND 811010
	Aggregate  (cost=3866.26..3866.27 rows=1 width=8)
	  ->  Bitmap Heap Scan on sbtest8  (cost=26.67..3863.76 rows=999 width=4)
	        Recheck Cond: ((id >= 810011) AND (id <= 811010))
	        ->  Bitmap Index Scan on sbtest8_pkey  (cost=0.00..26.43 rows=999 width=0)
	              Index Cond: ((id >= 810011) AND (id <= 811010))

for: sum_ranges
table 1 : explain SELECT SUM(k) FROM sbtest1 WHERE id BETWEEN 2061044 AND 2062043
	Aggregate  (cost=3726.79..3726.80 rows=1 width=8)
	  ->  Bitmap Heap Scan on sbtest1  (cost=22.32..3724.38 rows=964 width=4)
	        Recheck Cond: ((id >= 2061044) AND (id <= 2062043))
	        ->  Bitmap Index Scan on sbtest1_pkey  (cost=0.00..22.07 rows=964 width=0)
	              Index Cond: ((id >= 2061044) AND (id <= 2062043))

table 2 : explain SELECT SUM(k) FROM sbtest2 WHERE id BETWEEN 2417351 AND 2418350
	Aggregate  (cost=3878.72..3878.73 rows=1 width=8)
	  ->  Bitmap Heap Scan on sbtest2  (cost=22.73..3876.21 rows=1004 width=4)
	        Recheck Cond: ((id >= 2417351) AND (id <= 2418350))
	        ->  Bitmap Index Scan on sbtest2_pkey  (cost=0.00..22.47 rows=1004 width=0)
	              Index Cond: ((id >= 2417351) AND (id <= 2418350))

table 3 : explain SELECT SUM(k) FROM sbtest3 WHERE id BETWEEN 5868931 AND 5869930
	Aggregate  (cost=3822.30..3822.31 rows=1 width=8)
	  ->  Bitmap Heap Scan on sbtest3  (cost=22.57..3819.83 rows=989 width=4)
	        Recheck Cond: ((id >= 5868931) AND (id <= 5869930))
	        ->  Bitmap Index Scan on sbtest3_pkey  (cost=0.00..22.32 rows=989 width=0)
	              Index Cond: ((id >= 5868931) AND (id <= 5869930))

table 4 : explain SELECT SUM(k) FROM sbtest4 WHERE id BETWEEN 7039271 AND 7040270
	Aggregate  (cost=4049.44..4049.45 rows=1 width=8)
	  ->  Bitmap Heap Scan on sbtest4  (cost=23.19..4046.82 rows=1049 width=4)
	        Recheck Cond: ((id >= 7039271) AND (id <= 7040270))
	        ->  Bitmap Index Scan on sbtest4_pkey  (cost=0.00..22.93 rows=1049 width=0)
	              Index Cond: ((id >= 7039271) AND (id <= 7040270))

table 5 : explain SELECT SUM(k) FROM sbtest5 WHERE id BETWEEN 1896101 AND 1897100
	Aggregate  (cost=3819.69..3819.70 rows=1 width=8)
	  ->  Bitmap Heap Scan on sbtest5  (cost=22.56..3817.22 rows=988 width=4)
	        Recheck Cond: ((id >= 1896101) AND (id <= 1897100))
	        ->  Bitmap Index Scan on sbtest5_pkey  (cost=0.00..22.32 rows=988 width=0)
	              Index Cond: ((id >= 1896101) AND (id <= 1897100))

table 6 : explain SELECT SUM(k) FROM sbtest6 WHERE id BETWEEN 2819695 AND 2820694
	Aggregate  (cost=3823.48..3823.49 rows=1 width=8)
	  ->  Bitmap Heap Scan on sbtest6  (cost=22.57..3821.00 rows=989 width=4)
	        Recheck Cond: ((id >= 2819695) AND (id <= 2820694))
	        ->  Bitmap Index Scan on sbtest6_pkey  (cost=0.00..22.32 rows=989 width=0)
	              Index Cond: ((id >= 2819695) AND (id <= 2820694))

table 7 : explain SELECT SUM(k) FROM sbtest7 WHERE id BETWEEN 5961189 AND 5962188
	Aggregate  (cost=3465.51..3465.52 rows=1 width=8)
	  ->  Bitmap Heap Scan on sbtest7  (cost=21.60..3463.28 rows=894 width=4)
	        Recheck Cond: ((id >= 5961189) AND (id <= 5962188))
	        ->  Bitmap Index Scan on sbtest7_pkey  (cost=0.00..21.37 rows=894 width=0)
	              Index Cond: ((id >= 5961189) AND (id <= 5962188))

table 8 : explain SELECT SUM(k) FROM sbtest8 WHERE id BETWEEN 6997381 AND 6998380
	Aggregate  (cost=3839.85..3839.86 rows=1 width=8)
	  ->  Bitmap Heap Scan on sbtest8  (cost=26.60..3837.37 rows=992 width=4)
	        Recheck Cond: ((id >= 6997381) AND (id <= 6998380))
	        ->  Bitmap Index Scan on sbtest8_pkey  (cost=0.00..26.36 rows=992 width=0)
	              Index Cond: ((id >= 6997381) AND (id <= 6998380))

for point_selects
table 1 : explain SELECT c FROM sbtest1 WHERE id=7334808
	Index Scan using sbtest1_pkey on sbtest1  (cost=0.43..8.45 rows=1 width=121)
	  Index Cond: (id = 7334808)

table 2 : explain SELECT c FROM sbtest2 WHERE id=8237865
	Index Scan using sbtest2_pkey on sbtest2  (cost=0.43..8.45 rows=1 width=121)
	  Index Cond: (id = 8237865)

table 3 : explain SELECT c FROM sbtest3 WHERE id=1350489
	Index Scan using sbtest3_pkey on sbtest3  (cost=0.43..8.45 rows=1 width=121)
	  Index Cond: (id = 1350489)

table 4 : explain SELECT c FROM sbtest4 WHERE id=4103481
	Index Scan using sbtest4_pkey on sbtest4  (cost=0.43..8.45 rows=1 width=121)
	  Index Cond: (id = 4103481)

table 5 : explain SELECT c FROM sbtest5 WHERE id=109858
	Index Scan using sbtest5_pkey on sbtest5  (cost=0.43..8.45 rows=1 width=121)
	  Index Cond: (id = 109858)

table 6 : explain SELECT c FROM sbtest6 WHERE id=8570113
	Index Scan using sbtest6_pkey on sbtest6  (cost=0.43..8.45 rows=1 width=121)
	  Index Cond: (id = 8570113)

table 7 : explain SELECT c FROM sbtest7 WHERE id=6356088
	Index Scan using sbtest7_pkey on sbtest7  (cost=0.43..8.45 rows=1 width=121)
	  Index Cond: (id = 6356088)

table 8 : explain SELECT c FROM sbtest8 WHERE id=3535717
	Index Scan using sbtest8_pkey on sbtest8  (cost=0.43..8.45 rows=1 width=121)
	  Index Cond: (id = 3535717)

explain: for point_selects :: explain SELECT c FROM sbtest%u WHERE id=%u
for point_selects
table 1 : explain SELECT c FROM sbtest1 WHERE id=1451855
	Index Scan using sbtest1_pkey on sbtest1  (cost=0.43..8.45 rows=1 width=121)
	  Index Cond: (id = 1451855)

table 2 : explain SELECT c FROM sbtest2 WHERE id=5556343
	Index Scan using sbtest2_pkey on sbtest2  (cost=0.43..8.45 rows=1 width=121)
	  Index Cond: (id = 5556343)

table 3 : explain SELECT c FROM sbtest3 WHERE id=254077
	Index Scan using sbtest3_pkey on sbtest3  (cost=0.43..8.45 rows=1 width=121)
	  Index Cond: (id = 254077)

table 4 : explain SELECT c FROM sbtest4 WHERE id=4688839
	Index Scan using sbtest4_pkey on sbtest4  (cost=0.43..8.45 rows=1 width=121)
	  Index Cond: (id = 4688839)

table 5 : explain SELECT c FROM sbtest5 WHERE id=7806087
	Index Scan using sbtest5_pkey on sbtest5  (cost=0.43..8.45 rows=1 width=121)
	  Index Cond: (id = 7806087)

table 6 : explain SELECT c FROM sbtest6 WHERE id=7195723
	Index Scan using sbtest6_pkey on sbtest6  (cost=0.43..8.45 rows=1 width=121)
	  Index Cond: (id = 7195723)

table 7 : explain SELECT c FROM sbtest7 WHERE id=8416594
	Index Scan using sbtest7_pkey on sbtest7  (cost=0.43..8.45 rows=1 width=121)
	  Index Cond: (id = 8416594)

table 8 : explain SELECT c FROM sbtest8 WHERE id=61584
	Index Scan using sbtest8_pkey on sbtest8  (cost=0.43..8.45 rows=1 width=121)
	  Index Cond: (id = 61584)

for point_selects
table 1 : explain SELECT c FROM sbtest1 WHERE id=674069
	Index Scan using sbtest1_pkey on sbtest1  (cost=0.43..8.45 rows=1 width=121)
	  Index Cond: (id = 674069)

table 2 : explain SELECT c FROM sbtest2 WHERE id=889074
	Index Scan using sbtest2_pkey on sbtest2  (cost=0.43..8.45 rows=1 width=121)
	  Index Cond: (id = 889074)

table 3 : explain SELECT c FROM sbtest3 WHERE id=3925231
	Index Scan using sbtest3_pkey on sbtest3  (cost=0.43..8.45 rows=1 width=121)
	  Index Cond: (id = 3925231)

table 4 : explain SELECT c FROM sbtest4 WHERE id=5499311
	Index Scan using sbtest4_pkey on sbtest4  (cost=0.43..8.45 rows=1 width=121)
	  Index Cond: (id = 5499311)

table 5 : explain SELECT c FROM sbtest5 WHERE id=9080268
	Index Scan using sbtest5_pkey on sbtest5  (cost=0.43..8.45 rows=1 width=121)
	  Index Cond: (id = 9080268)

table 6 : explain SELECT c FROM sbtest6 WHERE id=3619951
	Index Scan using sbtest6_pkey on sbtest6  (cost=0.43..8.45 rows=1 width=121)
	  Index Cond: (id = 3619951)

table 7 : explain SELECT c FROM sbtest7 WHERE id=874300
	Index Scan using sbtest7_pkey on sbtest7  (cost=0.43..8.45 rows=1 width=121)
	  Index Cond: (id = 874300)

table 8 : explain SELECT c FROM sbtest8 WHERE id=1281963
	Index Scan using sbtest8_pkey on sbtest8  (cost=0.43..8.45 rows=1 width=121)
	  Index Cond: (id = 1281963)

for point_selects
table 1 : explain SELECT c FROM sbtest1 WHERE id=1097948
	Index Scan using sbtest1_pkey on sbtest1  (cost=0.43..8.45 rows=1 width=121)
	  Index Cond: (id = 1097948)

table 2 : explain SELECT c FROM sbtest2 WHERE id=8678329
	Index Scan using sbtest2_pkey on sbtest2  (cost=0.43..8.45 rows=1 width=121)
	  Index Cond: (id = 8678329)

table 3 : explain SELECT c FROM sbtest3 WHERE id=4180827
	Index Scan using sbtest3_pkey on sbtest3  (cost=0.43..8.45 rows=1 width=121)
	  Index Cond: (id = 4180827)

table 4 : explain SELECT c FROM sbtest4 WHERE id=9875130
	Index Scan using sbtest4_pkey on sbtest4  (cost=0.43..8.45 rows=1 width=121)
	  Index Cond: (id = 9875130)

table 5 : explain SELECT c FROM sbtest5 WHERE id=9650150
	Index Scan using sbtest5_pkey on sbtest5  (cost=0.43..8.45 rows=1 width=121)
	  Index Cond: (id = 9650150)

table 6 : explain SELECT c FROM sbtest6 WHERE id=7117917
	Index Scan using sbtest6_pkey on sbtest6  (cost=0.43..8.45 rows=1 width=121)
	  Index Cond: (id = 7117917)

table 7 : explain SELECT c FROM sbtest7 WHERE id=7033340
	Index Scan using sbtest7_pkey on sbtest7  (cost=0.43..8.45 rows=1 width=121)
	  Index Cond: (id = 7033340)

table 8 : explain SELECT c FROM sbtest8 WHERE id=5849557
	Index Scan using sbtest8_pkey on sbtest8  (cost=0.43..8.45 rows=1 width=121)
	  Index Cond: (id = 5849557)

for: distinct_ranges
table 1 : explain SELECT DISTINCT c FROM sbtest1 WHERE id BETWEEN 9381025 AND 9382024 ORDER BY c
	Unique  (cost=4303.05..4308.57 rows=1103 width=121)
	  ->  Sort  (cost=4303.05..4305.81 rows=1103 width=121)
	        Sort Key: c
	        ->  Bitmap Heap Scan on sbtest1  (cost=27.74..4247.31 rows=1103 width=121)
	              Recheck Cond: ((id >= 9381025) AND (id <= 9382024))
	              ->  Bitmap Index Scan on sbtest1_pkey  (cost=0.00..27.46 rows=1103 width=0)
	                    Index Cond: ((id >= 9381025) AND (id <= 9382024))

table 2 : explain SELECT DISTINCT c FROM sbtest2 WHERE id BETWEEN 4758464 AND 4759463 ORDER BY c
	Unique  (cost=3577.89..3582.45 rows=913 width=121)
	  ->  Sort  (cost=3577.89..3580.17 rows=913 width=121)
	        Sort Key: c
	        ->  Bitmap Heap Scan on sbtest2  (cost=21.79..3532.99 rows=913 width=121)
	              Recheck Cond: ((id >= 4758464) AND (id <= 4759463))
	              ->  Bitmap Index Scan on sbtest2_pkey  (cost=0.00..21.57 rows=913 width=0)
	                    Index Cond: ((id >= 4758464) AND (id <= 4759463))

table 3 : explain SELECT DISTINCT c FROM sbtest3 WHERE id BETWEEN 2863348 AND 2864347 ORDER BY c
	Unique  (cost=3811.65..3816.52 rows=974 width=121)
	  ->  Sort  (cost=3811.65..3814.08 rows=974 width=121)
	        Sort Key: c
	        ->  Bitmap Heap Scan on sbtest3  (cost=22.42..3763.30 rows=974 width=121)
	              Recheck Cond: ((id >= 2863348) AND (id <= 2864347))
	              ->  Bitmap Index Scan on sbtest3_pkey  (cost=0.00..22.18 rows=974 width=0)
	                    Index Cond: ((id >= 2863348) AND (id <= 2864347))

table 4 : explain SELECT DISTINCT c FROM sbtest4 WHERE id BETWEEN 9205536 AND 9206535 ORDER BY c
	Unique  (cost=3759.07..3763.87 rows=960 width=121)
	  ->  Sort  (cost=3759.07..3761.47 rows=960 width=121)
	        Sort Key: c
	        ->  Bitmap Heap Scan on sbtest4  (cost=22.27..3711.52 rows=960 width=121)
	              Recheck Cond: ((id >= 9205536) AND (id <= 9206535))
	              ->  Bitmap Index Scan on sbtest4_pkey  (cost=0.00..22.04 rows=960 width=0)
	                    Index Cond: ((id >= 9205536) AND (id <= 9206535))

table 5 : explain SELECT DISTINCT c FROM sbtest5 WHERE id BETWEEN 1429398 AND 1430397 ORDER BY c
	Unique  (cost=3701.70..3706.43 rows=945 width=121)
	  ->  Sort  (cost=3701.70..3704.06 rows=945 width=121)
	        Sort Key: c
	        ->  Bitmap Heap Scan on sbtest5  (cost=22.12..3655.00 rows=945 width=121)
	              Recheck Cond: ((id >= 1429398) AND (id <= 1430397))
	              ->  Bitmap Index Scan on sbtest5_pkey  (cost=0.00..21.89 rows=945 width=0)
	                    Index Cond: ((id >= 1429398) AND (id <= 1430397))

table 6 : explain SELECT DISTINCT c FROM sbtest6 WHERE id BETWEEN 6009927 AND 6010926 ORDER BY c
	Unique  (cost=3866.38..3871.32 rows=988 width=121)
	  ->  Sort  (cost=3866.38..3868.85 rows=988 width=121)
	        Sort Key: c
	        ->  Bitmap Heap Scan on sbtest6  (cost=22.56..3817.23 rows=988 width=121)
	              Recheck Cond: ((id >= 6009927) AND (id <= 6010926))
	              ->  Bitmap Index Scan on sbtest6_pkey  (cost=0.00..22.32 rows=988 width=0)
	                    Index Cond: ((id >= 6009927) AND (id <= 6010926))

table 7 : explain SELECT DISTINCT c FROM sbtest7 WHERE id BETWEEN 6621670 AND 6622669 ORDER BY c
	Unique  (cost=3557.01..3561.55 rows=907 width=121)
	  ->  Sort  (cost=3557.01..3559.28 rows=907 width=121)
	        Sort Key: c
	        ->  Bitmap Heap Scan on sbtest7  (cost=21.73..3512.46 rows=907 width=121)
	              Recheck Cond: ((id >= 6621670) AND (id <= 6622669))
	              ->  Bitmap Index Scan on sbtest7_pkey  (cost=0.00..21.50 rows=907 width=0)
	                    Index Cond: ((id >= 6621670) AND (id <= 6622669))

table 8 : explain SELECT DISTINCT c FROM sbtest8 WHERE id BETWEEN 6158642 AND 6159641 ORDER BY c
	Unique  (cost=3510.87..3515.35 rows=895 width=121)
	  ->  Sort  (cost=3510.87..3513.11 rows=895 width=121)
	        Sort Key: c
	        ->  Bitmap Heap Scan on sbtest8  (cost=21.61..3466.99 rows=895 width=121)
	              Recheck Cond: ((id >= 6158642) AND (id <= 6159641))
	              ->  Bitmap Index Scan on sbtest8_pkey  (cost=0.00..21.39 rows=895 width=0)
	                    Index Cond: ((id >= 6158642) AND (id <= 6159641))

for: order_ranges
table 1 : explain SELECT c FROM sbtest1 WHERE id BETWEEN 4988145 AND 4989144 ORDER BY c
	Sort  (cost=4115.99..4118.63 rows=1054 width=121)
	  Sort Key: c
	  ->  Bitmap Heap Scan on sbtest1  (cost=23.24..4063.07 rows=1054 width=121)
	        Recheck Cond: ((id >= 4988145) AND (id <= 4989144))
	        ->  Bitmap Index Scan on sbtest1_pkey  (cost=0.00..22.97 rows=1054 width=0)
	              Index Cond: ((id >= 4988145) AND (id <= 4989144))

table 2 : explain SELECT c FROM sbtest2 WHERE id BETWEEN 487921 AND 488920 ORDER BY c
	Sort  (cost=3872.74..3875.21 rows=990 width=121)
	  Sort Key: c
	  ->  Bitmap Heap Scan on sbtest2  (cost=22.58..3823.48 rows=990 width=121)
	        Recheck Cond: ((id >= 487921) AND (id <= 488920))
	        ->  Bitmap Index Scan on sbtest2_pkey  (cost=0.00..22.33 rows=990 width=0)
	              Index Cond: ((id >= 487921) AND (id <= 488920))

table 3 : explain SELECT c FROM sbtest3 WHERE id BETWEEN 4476893 AND 4477892 ORDER BY c
	Sort  (cost=3926.39..3928.90 rows=1004 width=121)
	  Sort Key: c
	  ->  Bitmap Heap Scan on sbtest3  (cost=22.73..3876.33 rows=1004 width=121)
	        Recheck Cond: ((id >= 4476893) AND (id <= 4477892))
	        ->  Bitmap Index Scan on sbtest3_pkey  (cost=0.00..22.47 rows=1004 width=0)
	              Index Cond: ((id >= 4476893) AND (id <= 4477892))

table 4 : explain SELECT c FROM sbtest4 WHERE id BETWEEN 9934428 AND 9935427 ORDER BY c
	Sort  (cost=3908.35..3910.84 rows=999 width=121)
	  Sort Key: c
	  ->  Bitmap Heap Scan on sbtest4  (cost=22.67..3858.57 rows=999 width=121)
	        Recheck Cond: ((id >= 9934428) AND (id <= 9935427))
	        ->  Bitmap Index Scan on sbtest4_pkey  (cost=0.00..22.43 rows=999 width=0)
	              Index Cond: ((id >= 9934428) AND (id <= 9935427))

table 5 : explain SELECT c FROM sbtest5 WHERE id BETWEEN 3088870 AND 3089869 ORDER BY c
	Sort  (cost=3984.93..3987.48 rows=1019 width=121)
	  Sort Key: c
	  ->  Bitmap Heap Scan on sbtest5  (cost=22.88..3934.01 rows=1019 width=121)
	        Recheck Cond: ((id >= 3088870) AND (id <= 3089869))
	        ->  Bitmap Index Scan on sbtest5_pkey  (cost=0.00..22.62 rows=1019 width=0)
	              Index Cond: ((id >= 3088870) AND (id <= 3089869))

table 6 : explain SELECT c FROM sbtest6 WHERE id BETWEEN 9366547 AND 9367546 ORDER BY c
	Sort  (cost=3984.95..3987.49 rows=1019 width=121)
	  Sort Key: c
	  ->  Bitmap Heap Scan on sbtest6  (cost=22.88..3934.03 rows=1019 width=121)
	        Recheck Cond: ((id >= 9366547) AND (id <= 9367546))
	        ->  Bitmap Index Scan on sbtest6_pkey  (cost=0.00..22.62 rows=1019 width=0)
	              Index Cond: ((id >= 9366547) AND (id <= 9367546))

table 7 : explain SELECT c FROM sbtest7 WHERE id BETWEEN 9207753 AND 9208752 ORDER BY c
	Sort  (cost=3718.11..3720.49 rows=949 width=121)
	  Sort Key: c
	  ->  Bitmap Heap Scan on sbtest7  (cost=22.16..3671.19 rows=949 width=121)
	        Recheck Cond: ((id >= 9207753) AND (id <= 9208752))
	        ->  Bitmap Index Scan on sbtest7_pkey  (cost=0.00..21.93 rows=949 width=0)
	              Index Cond: ((id >= 9207753) AND (id <= 9208752))

table 8 : explain SELECT c FROM sbtest8 WHERE id BETWEEN 4791869 AND 4792868 ORDER BY c
	Sort  (cost=3990.05..3992.60 rows=1019 width=121)
	  Sort Key: c
	  ->  Bitmap Heap Scan on sbtest8  (cost=26.88..3939.14 rows=1019 width=121)
	        Recheck Cond: ((id >= 4791869) AND (id <= 4792868))
	        ->  Bitmap Index Scan on sbtest8_pkey  (cost=0.00..26.62 rows=1019 width=0)
	              Index Cond: ((id >= 4791869) AND (id <= 4792868))

for: sum_ranges
table 1 : explain SELECT SUM(k) FROM sbtest1 WHERE id BETWEEN 3171333 AND 3172332
	Aggregate  (cost=3952.85..3952.86 rows=1 width=8)
	  ->  Bitmap Heap Scan on sbtest1  (cost=22.93..3950.29 rows=1024 width=4)
	        Recheck Cond: ((id >= 3171333) AND (id <= 3172332))
	        ->  Bitmap Index Scan on sbtest1_pkey  (cost=0.00..22.68 rows=1024 width=0)
	              Index Cond: ((id >= 3171333) AND (id <= 3172332))

table 2 : explain SELECT SUM(k) FROM sbtest2 WHERE id BETWEEN 7073103 AND 7074102
	Aggregate  (cost=3792.02..3792.03 rows=1 width=8)
	  ->  Bitmap Heap Scan on sbtest2  (cost=22.49..3789.57 rows=981 width=4)
	        Recheck Cond: ((id >= 7073103) AND (id <= 7074102))
	        ->  Bitmap Index Scan on sbtest2_pkey  (cost=0.00..22.25 rows=981 width=0)
	              Index Cond: ((id >= 7073103) AND (id <= 7074102))

table 3 : explain SELECT SUM(k) FROM sbtest3 WHERE id BETWEEN 9498946 AND 9499945
	Aggregate  (cost=3592.07..3592.08 rows=1 width=8)
	  ->  Bitmap Heap Scan on sbtest3  (cost=21.95..3589.75 rows=928 width=4)
	        Recheck Cond: ((id >= 9498946) AND (id <= 9499945))
	        ->  Bitmap Index Scan on sbtest3_pkey  (cost=0.00..21.71 rows=928 width=0)
	              Index Cond: ((id >= 9498946) AND (id <= 9499945))

table 4 : explain SELECT SUM(k) FROM sbtest4 WHERE id BETWEEN 5864163 AND 5865162
	Aggregate  (cost=3472.00..3472.01 rows=1 width=8)
	  ->  Bitmap Heap Scan on sbtest4  (cost=21.62..3469.76 rows=896 width=4)
	        Recheck Cond: ((id >= 5864163) AND (id <= 5865162))
	        ->  Bitmap Index Scan on sbtest4_pkey  (cost=0.00..21.39 rows=896 width=0)
	              Index Cond: ((id >= 5864163) AND (id <= 5865162))

table 5 : explain SELECT SUM(k) FROM sbtest5 WHERE id BETWEEN 238520 AND 239519
	Aggregate  (cost=3483.44..3483.45 rows=1 width=8)
	  ->  Bitmap Heap Scan on sbtest5  (cost=21.65..3481.19 rows=899 width=4)
	        Recheck Cond: ((id >= 238520) AND (id <= 239519))
	        ->  Bitmap Index Scan on sbtest5_pkey  (cost=0.00..21.43 rows=899 width=0)
	              Index Cond: ((id >= 238520) AND (id <= 239519))

table 6 : explain SELECT SUM(k) FROM sbtest6 WHERE id BETWEEN 8635435 AND 8636434
	Aggregate  (cost=3668.71..3668.72 rows=1 width=8)
	  ->  Bitmap Heap Scan on sbtest6  (cost=22.15..3666.34 rows=948 width=4)
	        Recheck Cond: ((id >= 8635435) AND (id <= 8636434))
	        ->  Bitmap Index Scan on sbtest6_pkey  (cost=0.00..21.91 rows=948 width=0)
	              Index Cond: ((id >= 8635435) AND (id <= 8636434))

table 7 : explain SELECT SUM(k) FROM sbtest7 WHERE id BETWEEN 5797516 AND 5798515
	Aggregate  (cost=3749.11..3749.12 rows=1 width=8)
	  ->  Bitmap Heap Scan on sbtest7  (cost=22.37..3746.69 rows=969 width=4)
	        Recheck Cond: ((id >= 5797516) AND (id <= 5798515))
	        ->  Bitmap Index Scan on sbtest7_pkey  (cost=0.00..22.12 rows=969 width=0)
	              Index Cond: ((id >= 5797516) AND (id <= 5798515))

table 8 : explain SELECT SUM(k) FROM sbtest8 WHERE id BETWEEN 4559158 AND 4560157
	Aggregate  (cost=3983.15..3983.16 rows=1 width=8)
	  ->  Bitmap Heap Scan on sbtest8  (cost=26.99..3980.57 rows=1030 width=4)
	        Recheck Cond: ((id >= 4559158) AND (id <= 4560157))
	        ->  Bitmap Index Scan on sbtest8_pkey  (cost=0.00..26.73 rows=1030 width=0)
	              Index Cond: ((id >= 4559158) AND (id <= 4560157))

for point_selects
table 1 : explain SELECT c FROM sbtest1 WHERE id=5341685
	Index Scan using sbtest1_pkey on sbtest1  (cost=0.43..8.45 rows=1 width=121)
	  Index Cond: (id = 5341685)

table 2 : explain SELECT c FROM sbtest2 WHERE id=9104573
	Index Scan using sbtest2_pkey on sbtest2  (cost=0.43..8.45 rows=1 width=121)
	  Index Cond: (id = 9104573)

table 3 : explain SELECT c FROM sbtest3 WHERE id=7070088
	Index Scan using sbtest3_pkey on sbtest3  (cost=0.43..8.45 rows=1 width=121)
	  Index Cond: (id = 7070088)

table 4 : explain SELECT c FROM sbtest4 WHERE id=6899271
	Index Scan using sbtest4_pkey on sbtest4  (cost=0.43..8.45 rows=1 width=121)
	  Index Cond: (id = 6899271)

table 5 : explain SELECT c FROM sbtest5 WHERE id=4076752
	Index Scan using sbtest5_pkey on sbtest5  (cost=0.43..8.45 rows=1 width=121)
	  Index Cond: (id = 4076752)

table 6 : explain SELECT c FROM sbtest6 WHERE id=7640821
	Index Scan using sbtest6_pkey on sbtest6  (cost=0.43..8.45 rows=1 width=121)
	  Index Cond: (id = 7640821)

table 7 : explain SELECT c FROM sbtest7 WHERE id=1297864
	Index Scan using sbtest7_pkey on sbtest7  (cost=0.43..8.45 rows=1 width=121)
	  Index Cond: (id = 1297864)

table 8 : explain SELECT c FROM sbtest8 WHERE id=8111898
	Index Scan using sbtest8_pkey on sbtest8  (cost=0.43..8.45 rows=1 width=121)
	  Index Cond: (id = 8111898)
for: simple_ranges
table 1 : explain SELECT c FROM sbtest1 WHERE id BETWEEN 7713088 AND 7714087
	Bitmap Heap Scan on sbtest1  (cost=22.76..3886.33 rows=1007 width=121)
	  Recheck Cond: ((id >= 7713088) AND (id <= 7714087))
	  ->  Bitmap Index Scan on sbtest1_pkey  (cost=0.00..22.50 rows=1007 width=0)
	        Index Cond: ((id >= 7713088) AND (id <= 7714087))

table 2 : explain SELECT c FROM sbtest2 WHERE id BETWEEN 4240597 AND 4241596
	Bitmap Heap Scan on sbtest2  (cost=22.80..3902.57 rows=1011 width=121)
	  Recheck Cond: ((id >= 4240597) AND (id <= 4241596))
	  ->  Bitmap Index Scan on sbtest2_pkey  (cost=0.00..22.54 rows=1011 width=0)
	        Index Cond: ((id >= 4240597) AND (id <= 4241596))

table 3 : explain SELECT c FROM sbtest3 WHERE id BETWEEN 7351608 AND 7352607
	Bitmap Heap Scan on sbtest3  (cost=22.73..3876.33 rows=1004 width=121)
	  Recheck Cond: ((id >= 7351608) AND (id <= 7352607))
	  ->  Bitmap Index Scan on sbtest3_pkey  (cost=0.00..22.47 rows=1004 width=0)
	        Index Cond: ((id >= 7351608) AND (id <= 7352607))

table 4 : explain SELECT c FROM sbtest4 WHERE id BETWEEN 3191428 AND 3192427
	Bitmap Heap Scan on sbtest4  (cost=27.22..4062.11 rows=1052 width=121)
	  Recheck Cond: ((id >= 3191428) AND (id <= 3192427))
	  ->  Bitmap Index Scan on sbtest4_pkey  (cost=0.00..26.95 rows=1052 width=0)
	        Index Cond: ((id >= 3191428) AND (id <= 3192427))

table 5 : explain SELECT c FROM sbtest5 WHERE id BETWEEN 1367630 AND 1368629
	Bitmap Heap Scan on sbtest5  (cost=21.84..3553.02 rows=918 width=121)
	  Recheck Cond: ((id >= 1367630) AND (id <= 1368629))
	  ->  Bitmap Index Scan on sbtest5_pkey  (cost=0.00..21.61 rows=918 width=0)
	        Index Cond: ((id >= 1367630) AND (id <= 1368629))

table 6 : explain SELECT c FROM sbtest6 WHERE id BETWEEN 243061 AND 244060
	Bitmap Heap Scan on sbtest6  (cost=27.28..4084.80 rows=1058 width=121)
	  Recheck Cond: ((id >= 243061) AND (id <= 244060))
	  ->  Bitmap Index Scan on sbtest6_pkey  (cost=0.00..27.01 rows=1058 width=0)
	        Index Cond: ((id >= 243061) AND (id <= 244060))

table 7 : explain SELECT c FROM sbtest7 WHERE id BETWEEN 9035706 AND 9036705
	Bitmap Heap Scan on sbtest7  (cost=27.83..4289.06 rows=1112 width=121)
	  Recheck Cond: ((id >= 9035706) AND (id <= 9036705))
	  ->  Bitmap Index Scan on sbtest7_pkey  (cost=0.00..27.55 rows=1112 width=0)
	        Index Cond: ((id >= 9035706) AND (id <= 9036705))

table 8 : explain SELECT c FROM sbtest8 WHERE id BETWEEN 904393 AND 905392
	Bitmap Heap Scan on sbtest8  (cost=28.02..4352.82 rows=1130 width=121)
	  Recheck Cond: ((id >= 904393) AND (id <= 905392))
	  ->  Bitmap Index Scan on sbtest8_pkey  (cost=0.00..27.73 rows=1130 width=0)
	        Index Cond: ((id >= 904393) AND (id <= 905392))
for: simple_ranges
table 1 : explain SELECT c FROM sbtest1 WHERE id BETWEEN 4300240 AND 4301239
	Bitmap Heap Scan on sbtest1  (cost=23.14..4025.49 rows=1044 width=121)
	  Recheck Cond: ((id >= 4300240) AND (id <= 4301239))
	  ->  Bitmap Index Scan on sbtest1_pkey  (cost=0.00..22.87 rows=1044 width=0)
	        Index Cond: ((id >= 4300240) AND (id <= 4301239))

table 2 : explain SELECT c FROM sbtest2 WHERE id BETWEEN 6907525 AND 6908524
	Bitmap Heap Scan on sbtest2  (cost=23.53..4169.54 rows=1082 width=121)
	  Recheck Cond: ((id >= 6907525) AND (id <= 6908524))
	  ->  Bitmap Index Scan on sbtest2_pkey  (cost=0.00..23.25 rows=1082 width=0)
	        Index Cond: ((id >= 6907525) AND (id <= 6908524))

table 3 : explain SELECT c FROM sbtest3 WHERE id BETWEEN 1096766 AND 1097765
	Bitmap Heap Scan on sbtest3  (cost=21.96..3593.52 rows=929 width=121)
	  Recheck Cond: ((id >= 1096766) AND (id <= 1097765))
	  ->  Bitmap Index Scan on sbtest3_pkey  (cost=0.00..21.72 rows=929 width=0)
	        Index Cond: ((id >= 1096766) AND (id <= 1097765))

table 4 : explain SELECT c FROM sbtest4 WHERE id BETWEEN 8220690 AND 8221689
	Bitmap Heap Scan on sbtest4  (cost=22.48..3786.96 rows=980 width=121)
	  Recheck Cond: ((id >= 8220690) AND (id <= 8221689))
	  ->  Bitmap Index Scan on sbtest4_pkey  (cost=0.00..22.23 rows=980 width=0)
	        Index Cond: ((id >= 8220690) AND (id <= 8221689))

table 5 : explain SELECT c FROM sbtest5 WHERE id BETWEEN 3763124 AND 3764123
	Bitmap Heap Scan on sbtest5  (cost=22.37..3745.57 rows=969 width=121)
	  Recheck Cond: ((id >= 3763124) AND (id <= 3764123))
	  ->  Bitmap Index Scan on sbtest5_pkey  (cost=0.00..22.12 rows=969 width=0)
	        Index Cond: ((id >= 3763124) AND (id <= 3764123))

table 6 : explain SELECT c FROM sbtest6 WHERE id BETWEEN 9143925 AND 9144924
	Bitmap Heap Scan on sbtest6  (cost=23.01..3982.98 rows=1032 width=121)
	  Recheck Cond: ((id >= 9143925) AND (id <= 9144924))
	  ->  Bitmap Index Scan on sbtest6_pkey  (cost=0.00..22.75 rows=1032 width=0)
	        Index Cond: ((id >= 9143925) AND (id <= 9144924))

table 7 : explain SELECT c FROM sbtest7 WHERE id BETWEEN 2631152 AND 2632151
	Bitmap Heap Scan on sbtest7  (cost=23.24..4067.01 rows=1054 width=121)
	  Recheck Cond: ((id >= 2631152) AND (id <= 2632151))
	  ->  Bitmap Index Scan on sbtest7_pkey  (cost=0.00..22.97 rows=1054 width=0)
	        Index Cond: ((id >= 2631152) AND (id <= 2632151))

table 8 : explain SELECT c FROM sbtest8 WHERE id BETWEEN 3447009 AND 3448008
	Bitmap Heap Scan on sbtest8  (cost=26.88..3939.14 rows=1019 width=121)
	  Recheck Cond: ((id >= 3447009) AND (id <= 3448008))
	  ->  Bitmap Index Scan on sbtest8_pkey  (cost=0.00..26.62 rows=1019 width=0)
	        Index Cond: ((id >= 3447009) AND (id <= 3448008))


for: simple_ranges
table 1 : explain SELECT c FROM sbtest1 WHERE id BETWEEN 2348433 AND 2349432
	Bitmap Heap Scan on sbtest1  (cost=22.54..3807.27 rows=986 width=121)
	  Recheck Cond: ((id >= 2348433) AND (id <= 2349432))
	  ->  Bitmap Index Scan on sbtest1_pkey  (cost=0.00..22.29 rows=986 width=0)
	        Index Cond: ((id >= 2348433) AND (id <= 2349432))

table 2 : explain SELECT c FROM sbtest2 WHERE id BETWEEN 3875592 AND 3876591
	Bitmap Heap Scan on sbtest2  (cost=23.45..4143.25 rows=1075 width=121)
	  Recheck Cond: ((id >= 3875592) AND (id <= 3876591))
	  ->  Bitmap Index Scan on sbtest2_pkey  (cost=0.00..23.18 rows=1075 width=0)
	        Index Cond: ((id >= 3875592) AND (id <= 3876591))

table 3 : explain SELECT c FROM sbtest3 WHERE id BETWEEN 5046806 AND 5047805
	Bitmap Heap Scan on sbtest3  (cost=22.48..3785.91 rows=980 width=121)
	  Recheck Cond: ((id >= 5046806) AND (id <= 5047805))
	  ->  Bitmap Index Scan on sbtest3_pkey  (cost=0.00..22.23 rows=980 width=0)
	        Index Cond: ((id >= 5046806) AND (id <= 5047805))

table 4 : explain SELECT c FROM sbtest4 WHERE id BETWEEN 9652440 AND 9653439
	Bitmap Heap Scan on sbtest4  (cost=22.78..3896.25 rows=1009 width=121)
	  Recheck Cond: ((id >= 9652440) AND (id <= 9653439))
	  ->  Bitmap Index Scan on sbtest4_pkey  (cost=0.00..22.52 rows=1009 width=0)
	        Index Cond: ((id >= 9652440) AND (id <= 9653439))

table 5 : explain SELECT c FROM sbtest5 WHERE id BETWEEN 3289987 AND 3290986
	Bitmap Heap Scan on sbtest5  (cost=22.56..3817.22 rows=988 width=121)
	  Recheck Cond: ((id >= 3289987) AND (id <= 3290986))
	  ->  Bitmap Index Scan on sbtest5_pkey  (cost=0.00..22.32 rows=988 width=0)
	        Index Cond: ((id >= 3289987) AND (id <= 3290986))

table 6 : explain SELECT c FROM sbtest6 WHERE id BETWEEN 3278000 AND 3278999
	Bitmap Heap Scan on sbtest6  (cost=22.16..3670.12 rows=949 width=121)
	  Recheck Cond: ((id >= 3278000) AND (id <= 3278999))
	  ->  Bitmap Index Scan on sbtest6_pkey  (cost=0.00..21.93 rows=949 width=0)
	        Index Cond: ((id >= 3278000) AND (id <= 3278999))

table 7 : explain SELECT c FROM sbtest7 WHERE id BETWEEN 2318613 AND 2319612
	Bitmap Heap Scan on sbtest7  (cost=21.94..3588.07 rows=927 width=121)
	  Recheck Cond: ((id >= 2318613) AND (id <= 2319612))
	  ->  Bitmap Index Scan on sbtest7_pkey  (cost=0.00..21.70 rows=927 width=0)
	        Index Cond: ((id >= 2318613) AND (id <= 2319612))

table 8 : explain SELECT c FROM sbtest8 WHERE id BETWEEN 2381560 AND 2382559
	Bitmap Heap Scan on sbtest8  (cost=27.23..4067.15 rows=1053 width=121)
	  Recheck Cond: ((id >= 2381560) AND (id <= 2382559))
	  ->  Bitmap Index Scan on sbtest8_pkey  (cost=0.00..26.96 rows=1053 width=0)
	        Index Cond: ((id >= 2381560) AND (id <= 2382559))


for: order_ranges
table 1 : explain SELECT c FROM sbtest1 WHERE id BETWEEN 9201389 AND 9202388 ORDER BY c
	Sort  (cost=4104.55..4107.17 rows=1051 width=121)
	  Sort Key: c
	  ->  Bitmap Heap Scan on sbtest1  (cost=23.21..4051.80 rows=1051 width=121)
	        Recheck Cond: ((id >= 9201389) AND (id <= 9202388))
	        ->  Bitmap Index Scan on sbtest1_pkey  (cost=0.00..22.94 rows=1051 width=0)
	              Index Cond: ((id >= 9201389) AND (id <= 9202388))

table 2 : explain SELECT c FROM sbtest2 WHERE id BETWEEN 972015 AND 973014 ORDER BY c
	Sort  (cost=4612.72..4615.68 rows=1184 width=121)
	  Sort Key: c
	  ->  Bitmap Heap Scan on sbtest2  (cost=28.57..4552.28 rows=1184 width=121)
	        Recheck Cond: ((id >= 972015) AND (id <= 973014))
	        ->  Bitmap Index Scan on sbtest2_pkey  (cost=0.00..28.27 rows=1184 width=0)
	              Index Cond: ((id >= 972015) AND (id <= 973014))

table 3 : explain SELECT c FROM sbtest3 WHERE id BETWEEN 9491339 AND 9492338 ORDER BY c
	Sort  (cost=3635.49..3637.81 rows=928 width=121)
	  Sort Key: c
	  ->  Bitmap Heap Scan on sbtest3  (cost=21.95..3589.75 rows=928 width=121)
	        Recheck Cond: ((id >= 9491339) AND (id <= 9492338))
	        ->  Bitmap Index Scan on sbtest3_pkey  (cost=0.00..21.71 rows=928 width=0)
	              Index Cond: ((id >= 9491339) AND (id <= 9492338))

table 4 : explain SELECT c FROM sbtest4 WHERE id BETWEEN 5987941 AND 5988940 ORDER BY c
	Sort  (cost=3663.29..3665.62 rows=935 width=121)
	  Sort Key: c
	  ->  Bitmap Heap Scan on sbtest4  (cost=22.02..3617.15 rows=935 width=121)
	        Recheck Cond: ((id >= 5987941) AND (id <= 5988940))
	        ->  Bitmap Index Scan on sbtest4_pkey  (cost=0.00..21.79 rows=935 width=0)
	              Index Cond: ((id >= 5987941) AND (id <= 5988940))

table 5 : explain SELECT c FROM sbtest5 WHERE id BETWEEN 9333617 AND 9334616 ORDER BY c
	Sort  (cost=4118.66..4121.29 rows=1054 width=121)
	  Sort Key: c
	  ->  Bitmap Heap Scan on sbtest5  (cost=23.24..4065.74 rows=1054 width=121)
	        Recheck Cond: ((id >= 9333617) AND (id <= 9334616))
	        ->  Bitmap Index Scan on sbtest5_pkey  (cost=0.00..22.97 rows=1054 width=0)
	              Index Cond: ((id >= 9333617) AND (id <= 9334616))

table 6 : explain SELECT c FROM sbtest6 WHERE id BETWEEN 6678734 AND 6679733 ORDER BY c
	Sort  (cost=3556.01..3558.28 rows=907 width=121)
	  Sort Key: c
	  ->  Bitmap Heap Scan on sbtest6  (cost=21.73..3511.46 rows=907 width=121)
	        Recheck Cond: ((id >= 6678734) AND (id <= 6679733))
	        ->  Bitmap Index Scan on sbtest6_pkey  (cost=0.00..21.50 rows=907 width=0)
	              Index Cond: ((id >= 6678734) AND (id <= 6679733))

table 7 : explain SELECT c FROM sbtest7 WHERE id BETWEEN 8851827 AND 8852826 ORDER BY c
	Sort  (cost=4169.58..4172.25 rows=1067 width=121)
	  Sort Key: c
	  ->  Bitmap Heap Scan on sbtest7  (cost=23.37..4115.92 rows=1067 width=121)
	        Recheck Cond: ((id >= 8851827) AND (id <= 8852826))
	        ->  Bitmap Index Scan on sbtest7_pkey  (cost=0.00..23.11 rows=1067 width=0)
	              Index Cond: ((id >= 8851827) AND (id <= 8852826))

table 8 : explain SELECT c FROM sbtest8 WHERE id BETWEEN 812657 AND 813656 ORDER BY c
	Sort  (cost=3913.54..3916.03 rows=999 width=121)
	  Sort Key: c
	  ->  Bitmap Heap Scan on sbtest8  (cost=26.67..3863.76 rows=999 width=121)
	        Recheck Cond: ((id >= 812657) AND (id <= 813656))
	        ->  Bitmap Index Scan on sbtest8_pkey  (cost=0.00..26.43 rows=999 width=0)
	              Index Cond: ((id >= 812657) AND (id <= 813656))

for: simple_ranges
table 1 : explain SELECT c FROM sbtest1 WHERE id BETWEEN 3295204 AND 3296203
	Bitmap Heap Scan on sbtest1  (cost=22.90..3939.01 rows=1021 width=121)
	  Recheck Cond: ((id >= 3295204) AND (id <= 3296203))
	  ->  Bitmap Index Scan on sbtest1_pkey  (cost=0.00..22.64 rows=1021 width=0)
	        Index Cond: ((id >= 3295204) AND (id <= 3296203))

table 2 : explain SELECT c FROM sbtest2 WHERE id BETWEEN 7792713 AND 7793712
	Bitmap Heap Scan on sbtest2  (cost=21.74..3514.10 rows=908 width=121)
	  Recheck Cond: ((id >= 7792713) AND (id <= 7793712))
	  ->  Bitmap Index Scan on sbtest2_pkey  (cost=0.00..21.51 rows=908 width=0)
	        Index Cond: ((id >= 7792713) AND (id <= 7793712))

table 3 : explain SELECT c FROM sbtest3 WHERE id BETWEEN 6957940 AND 6958939
	Bitmap Heap Scan on sbtest3  (cost=22.04..3623.73 rows=937 width=121)
	  Recheck Cond: ((id >= 6957940) AND (id <= 6958939))
	  ->  Bitmap Index Scan on sbtest3_pkey  (cost=0.00..21.80 rows=937 width=0)
	        Index Cond: ((id >= 6957940) AND (id <= 6958939))

table 4 : explain SELECT c FROM sbtest4 WHERE id BETWEEN 6306653 AND 6307652
	Bitmap Heap Scan on sbtest4  (cost=22.04..3624.70 rows=937 width=121)
	  Recheck Cond: ((id >= 6306653) AND (id <= 6307652))
	  ->  Bitmap Index Scan on sbtest4_pkey  (cost=0.00..21.80 rows=937 width=0)
	        Index Cond: ((id >= 6306653) AND (id <= 6307652))

table 5 : explain SELECT c FROM sbtest5 WHERE id BETWEEN 5845766 AND 5846765
	Bitmap Heap Scan on sbtest5  (cost=22.22..3692.75 rows=955 width=121)
	  Recheck Cond: ((id >= 5845766) AND (id <= 5846765))
	  ->  Bitmap Index Scan on sbtest5_pkey  (cost=0.00..21.98 rows=955 width=0)
	        Index Cond: ((id >= 5845766) AND (id <= 5846765))

table 6 : explain SELECT c FROM sbtest6 WHERE id BETWEEN 8215031 AND 8216030
	Bitmap Heap Scan on sbtest6  (cost=22.14..3662.57 rows=947 width=121)
	  Recheck Cond: ((id >= 8215031) AND (id <= 8216030))
	  ->  Bitmap Index Scan on sbtest6_pkey  (cost=0.00..21.90 rows=947 width=0)
	        Index Cond: ((id >= 8215031) AND (id <= 8216030))

table 7 : explain SELECT c FROM sbtest7 WHERE id BETWEEN 5074814 AND 5075813
	Bitmap Heap Scan on sbtest7  (cost=22.76..3890.00 rows=1007 width=121)
	  Recheck Cond: ((id >= 5074814) AND (id <= 5075813))
	  ->  Bitmap Index Scan on sbtest7_pkey  (cost=0.00..22.50 rows=1007 width=0)
	        Index Cond: ((id >= 5074814) AND (id <= 5075813))

table 8 : explain SELECT c FROM sbtest8 WHERE id BETWEEN 6817806 AND 6818805
	Bitmap Heap Scan on sbtest8  (cost=22.35..3739.06 rows=967 width=121)
	  Recheck Cond: ((id >= 6817806) AND (id <= 6818805))
	  ->  Bitmap Index Scan on sbtest8_pkey  (cost=0.00..22.11 rows=967 width=0)
	        Index Cond: ((id >= 6817806) AND (id <= 6818805))

for: distinct_ranges
table 1 : explain SELECT DISTINCT c FROM sbtest1 WHERE id BETWEEN 6016832 AND 6017831 ORDER BY c
	Unique  (cost=3890.70..3895.68 rows=995 width=121)
	  ->  Sort  (cost=3890.70..3893.19 rows=995 width=121)
	        Sort Key: c
	        ->  Bitmap Heap Scan on sbtest1  (cost=22.63..3841.16 rows=995 width=121)
	              Recheck Cond: ((id >= 6016832) AND (id <= 6017831))
	              ->  Bitmap Index Scan on sbtest1_pkey  (cost=0.00..22.39 rows=995 width=0)
	                    Index Cond: ((id >= 6016832) AND (id <= 6017831))

table 2 : explain SELECT DISTINCT c FROM sbtest2 WHERE id BETWEEN 1889037 AND 1890036 ORDER BY c
	Unique  (cost=3551.04..3555.57 rows=906 width=121)
	  ->  Sort  (cost=3551.04..3553.31 rows=906 width=121)
	        Sort Key: c
	        ->  Bitmap Heap Scan on sbtest2  (cost=21.72..3506.54 rows=906 width=121)
	              Recheck Cond: ((id >= 1889037) AND (id <= 1890036))
	              ->  Bitmap Index Scan on sbtest2_pkey  (cost=0.00..21.50 rows=906 width=0)
	                    Index Cond: ((id >= 1889037) AND (id <= 1890036))

table 3 : explain SELECT DISTINCT c FROM sbtest3 WHERE id BETWEEN 2001977 AND 2002976 ORDER BY c
	Unique  (cost=3838.43..3843.33 rows=981 width=121)
	  ->  Sort  (cost=3838.43..3840.88 rows=981 width=121)
	        Sort Key: c
	        ->  Bitmap Heap Scan on sbtest3  (cost=22.49..3789.68 rows=981 width=121)
	              Recheck Cond: ((id >= 2001977) AND (id <= 2002976))
	              ->  Bitmap Index Scan on sbtest3_pkey  (cost=0.00..22.25 rows=981 width=0)
	                    Index Cond: ((id >= 2001977) AND (id <= 2002976))

table 4 : explain SELECT DISTINCT c FROM sbtest4 WHERE id BETWEEN 4418254 AND 4419253 ORDER BY c
	Unique  (cost=3705.44..3710.17 rows=946 width=121)
	  ->  Sort  (cost=3705.44..3707.81 rows=946 width=121)
	        Sort Key: c
	        ->  Bitmap Heap Scan on sbtest4  (cost=22.13..3658.68 rows=946 width=121)
	              Recheck Cond: ((id >= 4418254) AND (id <= 4419253))
	              ->  Bitmap Index Scan on sbtest4_pkey  (cost=0.00..21.89 rows=946 width=0)
	                    Index Cond: ((id >= 4418254) AND (id <= 4419253))

table 5 : explain SELECT DISTINCT c FROM sbtest5 WHERE id BETWEEN 4341021 AND 4342020 ORDER BY c
	Unique  (cost=3770.66..3775.47 rows=963 width=121)
	  ->  Sort  (cost=3770.66..3773.06 rows=963 width=121)
	        Sort Key: c
	        ->  Bitmap Heap Scan on sbtest5  (cost=22.31..3722.93 rows=963 width=121)
	              Recheck Cond: ((id >= 4341021) AND (id <= 4342020))
	              ->  Bitmap Index Scan on sbtest5_pkey  (cost=0.00..22.07 rows=963 width=0)
	                    Index Cond: ((id >= 4341021) AND (id <= 4342020))

table 6 : explain SELECT DISTINCT c FROM sbtest6 WHERE id BETWEEN 9914369 AND 9915368 ORDER BY c
	Unique  (cost=4015.53..4020.66 rows=1027 width=121)
	  ->  Sort  (cost=4015.53..4018.09 rows=1027 width=121)
	        Sort Key: c
	        ->  Bitmap Heap Scan on sbtest6  (cost=22.96..3964.15 rows=1027 width=121)
	              Recheck Cond: ((id >= 9914369) AND (id <= 9915368))
	              ->  Bitmap Index Scan on sbtest6_pkey  (cost=0.00..22.70 rows=1027 width=0)
	                    Index Cond: ((id >= 9914369) AND (id <= 9915368))

table 7 : explain SELECT DISTINCT c FROM sbtest7 WHERE id BETWEEN 1974152 AND 1975151 ORDER BY c
	Unique  (cost=3989.96..3995.06 rows=1020 width=121)
	  ->  Sort  (cost=3989.96..3992.51 rows=1020 width=121)
	        Sort Key: c
	        ->  Bitmap Heap Scan on sbtest7  (cost=22.89..3938.99 rows=1020 width=121)
	              Recheck Cond: ((id >= 1974152) AND (id <= 1975151))
	              ->  Bitmap Index Scan on sbtest7_pkey  (cost=0.00..22.64 rows=1020 width=0)
	                    Index Cond: ((id >= 1974152) AND (id <= 1975151))

table 8 : explain SELECT DISTINCT c FROM sbtest8 WHERE id BETWEEN 1966388 AND 1967387 ORDER BY c
	Unique  (cost=3859.78..3864.71 rows=986 width=121)
	  ->  Sort  (cost=3859.78..3862.24 rows=986 width=121)
	        Sort Key: c
	        ->  Bitmap Heap Scan on sbtest8  (cost=22.54..3810.75 rows=986 width=121)
	              Recheck Cond: ((id >= 1966388) AND (id <= 1967387))
	              ->  Bitmap Index Scan on sbtest8_pkey  (cost=0.00..22.29 rows=986 width=0)
	                    Index Cond: ((id >= 1966388) AND (id <= 1967387))

for: sum_ranges
table 1 : explain SELECT SUM(k) FROM sbtest1 WHERE id BETWEEN 4120140 AND 4121139
	Aggregate  (cost=3907.67..3907.68 rows=1 width=8)
	  ->  Bitmap Heap Scan on sbtest1  (cost=22.81..3905.14 rows=1012 width=4)
	        Recheck Cond: ((id >= 4120140) AND (id <= 4121139))
	        ->  Bitmap Index Scan on sbtest1_pkey  (cost=0.00..22.55 rows=1012 width=0)
	              Index Cond: ((id >= 4120140) AND (id <= 4121139))

table 2 : explain SELECT SUM(k) FROM sbtest2 WHERE id BETWEEN 5094256 AND 5095255
	Aggregate  (cost=4142.18..4142.19 rows=1 width=8)
	  ->  Bitmap Heap Scan on sbtest2  (cost=23.44..4139.49 rows=1074 width=4)
	        Recheck Cond: ((id >= 5094256) AND (id <= 5095255))
	        ->  Bitmap Index Scan on sbtest2_pkey  (cost=0.00..23.18 rows=1074 width=0)
	              Index Cond: ((id >= 5094256) AND (id <= 5095255))

table 3 : explain SELECT SUM(k) FROM sbtest3 WHERE id BETWEEN 3036725 AND 3037724
	Aggregate  (cost=3709.13..3709.14 rows=1 width=8)
	  ->  Bitmap Heap Scan on sbtest3  (cost=22.26..3706.74 rows=959 width=4)
	        Recheck Cond: ((id >= 3036725) AND (id <= 3037724))
	        ->  Bitmap Index Scan on sbtest3_pkey  (cost=0.00..22.02 rows=959 width=0)
	              Index Cond: ((id >= 3036725) AND (id <= 3037724))

table 4 : explain SELECT SUM(k) FROM sbtest4 WHERE id BETWEEN 8276466 AND 8277465
	Aggregate  (cost=3789.41..3789.42 rows=1 width=8)
	  ->  Bitmap Heap Scan on sbtest4  (cost=22.48..3786.96 rows=980 width=4)
	        Recheck Cond: ((id >= 8276466) AND (id <= 8277465))
	        ->  Bitmap Index Scan on sbtest4_pkey  (cost=0.00..22.23 rows=980 width=0)
	              Index Cond: ((id >= 8276466) AND (id <= 8277465))

table 5 : explain SELECT SUM(k) FROM sbtest5 WHERE id BETWEEN 2537475 AND 2538474
	Aggregate  (cost=3646.03..3646.04 rows=1 width=8)
	  ->  Bitmap Heap Scan on sbtest5  (cost=22.09..3643.67 rows=942 width=4)
	        Recheck Cond: ((id >= 2537475) AND (id <= 2538474))
	        ->  Bitmap Index Scan on sbtest5_pkey  (cost=0.00..21.86 rows=942 width=0)
	              Index Cond: ((id >= 2537475) AND (id <= 2538474))

table 6 : explain SELECT SUM(k) FROM sbtest6 WHERE id BETWEEN 3537166 AND 3538165
	Aggregate  (cost=3759.33..3759.34 rows=1 width=8)
	  ->  Bitmap Heap Scan on sbtest6  (cost=22.40..3756.90 rows=972 width=4)
	        Recheck Cond: ((id >= 3537166) AND (id <= 3538165))
	        ->  Bitmap Index Scan on sbtest6_pkey  (cost=0.00..22.15 rows=972 width=0)
	              Index Cond: ((id >= 3537166) AND (id <= 3538165))

table 7 : explain SELECT SUM(k) FROM sbtest7 WHERE id BETWEEN 200616 AND 201615
	Aggregate  (cost=3790.64..3790.65 rows=1 width=8)
	  ->  Bitmap Heap Scan on sbtest7  (cost=22.48..3788.19 rows=980 width=4)
	        Recheck Cond: ((id >= 200616) AND (id <= 201615))
	        ->  Bitmap Index Scan on sbtest7_pkey  (cost=0.00..22.23 rows=980 width=0)
	              Index Cond: ((id >= 200616) AND (id <= 201615))

table 8 : explain SELECT SUM(k) FROM sbtest8 WHERE id BETWEEN 6250422 AND 6251421
	Aggregate  (cost=4092.38..4092.39 rows=1 width=8)
	  ->  Bitmap Heap Scan on sbtest8  (cost=27.29..4089.73 rows=1059 width=4)
	        Recheck Cond: ((id >= 6250422) AND (id <= 6251421))
	        ->  Bitmap Index Scan on sbtest8_pkey  (cost=0.00..27.02 rows=1059 width=0)
	              Index Cond: ((id >= 6250422) AND (id <= 6251421))

explain: for point_selects :: explain SELECT c FROM sbtest%u WHERE id=%u
for: simple_ranges
table 1 : explain SELECT c FROM sbtest1 WHERE id BETWEEN 3831020 AND 3832019
	Bitmap Heap Scan on sbtest1  (cost=22.97..3965.33 rows=1028 width=121)
	  Recheck Cond: ((id >= 3831020) AND (id <= 3832019))
	  ->  Bitmap Index Scan on sbtest1_pkey  (cost=0.00..22.71 rows=1028 width=0)
	        Index Cond: ((id >= 3831020) AND (id <= 3832019))

table 2 : explain SELECT c FROM sbtest2 WHERE id BETWEEN 8975011 AND 8976010
	Bitmap Heap Scan on sbtest2  (cost=22.18..3676.45 rows=951 width=121)
	  Recheck Cond: ((id >= 8975011) AND (id <= 8976010))
	  ->  Bitmap Index Scan on sbtest2_pkey  (cost=0.00..21.94 rows=951 width=0)
	        Index Cond: ((id >= 8975011) AND (id <= 8976010))

table 3 : explain SELECT c FROM sbtest3 WHERE id BETWEEN 8903743 AND 8904742
	Bitmap Heap Scan on sbtest3  (cost=22.62..3838.67 rows=994 width=121)
	  Recheck Cond: ((id >= 8903743) AND (id <= 8904742))
	  ->  Bitmap Index Scan on sbtest3_pkey  (cost=0.00..22.37 rows=994 width=0)
	        Index Cond: ((id >= 8903743) AND (id <= 8904742))

table 4 : explain SELECT c FROM sbtest4 WHERE id BETWEEN 7644424 AND 7645423
	Bitmap Heap Scan on sbtest4  (cost=22.10..3647.36 rows=943 width=121)
	  Recheck Cond: ((id >= 7644424) AND (id <= 7645423))
	  ->  Bitmap Index Scan on sbtest4_pkey  (cost=0.00..21.86 rows=943 width=0)
	        Index Cond: ((id >= 7644424) AND (id <= 7645423))

table 5 : explain SELECT c FROM sbtest5 WHERE id BETWEEN 2419026 AND 2420025
	Bitmap Heap Scan on sbtest5  (cost=22.47..3783.28 rows=979 width=121)
	  Recheck Cond: ((id >= 2419026) AND (id <= 2420025))
	  ->  Bitmap Index Scan on sbtest5_pkey  (cost=0.00..22.22 rows=979 width=0)
	        Index Cond: ((id >= 2419026) AND (id <= 2420025))

table 6 : explain SELECT c FROM sbtest6 WHERE id BETWEEN 6126635 AND 6127634
	Bitmap Heap Scan on sbtest6  (cost=27.73..4250.15 rows=1102 width=121)
	  Recheck Cond: ((id >= 6126635) AND (id <= 6127634))
	  ->  Bitmap Index Scan on sbtest6_pkey  (cost=0.00..27.45 rows=1102 width=0)
	        Index Cond: ((id >= 6126635) AND (id <= 6127634))

table 7 : explain SELECT c FROM sbtest7 WHERE id BETWEEN 3526085 AND 3527084
	Bitmap Heap Scan on sbtest7  (cost=21.29..3349.70 rows=864 width=121)
	  Recheck Cond: ((id >= 3526085) AND (id <= 3527084))
	  ->  Bitmap Index Scan on sbtest7_pkey  (cost=0.00..21.07 rows=864 width=0)
	        Index Cond: ((id >= 3526085) AND (id <= 3527084))

table 8 : explain SELECT c FROM sbtest8 WHERE id BETWEEN 1424665 AND 1425664
	Bitmap Heap Scan on sbtest8  (cost=26.71..3875.07 rows=1002 width=121)
	  Recheck Cond: ((id >= 1424665) AND (id <= 1425664))
	  ->  Bitmap Index Scan on sbtest8_pkey  (cost=0.00..26.45 rows=1002 width=0)
	        Index Cond: ((id >= 1424665) AND (id <= 1425664))

for point_selects
table 1 : explain SELECT c FROM sbtest1 WHERE id=8867478
	Index Scan using sbtest1_pkey on sbtest1  (cost=0.43..8.45 rows=1 width=121)
	  Index Cond: (id = 8867478)

table 2 : explain SELECT c FROM sbtest2 WHERE id=9849112
	Index Scan using sbtest2_pkey on sbtest2  (cost=0.43..8.45 rows=1 width=121)
	  Index Cond: (id = 9849112)

table 3 : explain SELECT c FROM sbtest3 WHERE id=9452589
	Index Scan using sbtest3_pkey on sbtest3  (cost=0.43..8.45 rows=1 width=121)
	  Index Cond: (id = 9452589)

table 4 : explain SELECT c FROM sbtest4 WHERE id=2032351
	Index Scan using sbtest4_pkey on sbtest4  (cost=0.43..8.45 rows=1 width=121)
	  Index Cond: (id = 2032351)

table 5 : explain SELECT c FROM sbtest5 WHERE id=9020476
	Index Scan using sbtest5_pkey on sbtest5  (cost=0.43..8.45 rows=1 width=121)
	  Index Cond: (id = 9020476)

table 6 : explain SELECT c FROM sbtest6 WHERE id=9759654
	Index Scan using sbtest6_pkey on sbtest6  (cost=0.43..8.45 rows=1 width=121)
	  Index Cond: (id = 9759654)

table 7 : explain SELECT c FROM sbtest7 WHERE id=6416675
	Index Scan using sbtest7_pkey on sbtest7  (cost=0.43..8.45 rows=1 width=121)
	  Index Cond: (id = 6416675)

table 8 : explain SELECT c FROM sbtest8 WHERE id=6172588
	Index Scan using sbtest8_pkey on sbtest8  (cost=0.43..8.45 rows=1 width=121)
	  Index Cond: (id = 6172588)

for: sum_ranges
table 1 : explain SELECT SUM(k) FROM sbtest1 WHERE id BETWEEN 1592403 AND 1593402
	Aggregate  (cost=3990.48..3990.49 rows=1 width=8)
	  ->  Bitmap Heap Scan on sbtest1  (cost=23.03..3987.90 rows=1034 width=4)
	        Recheck Cond: ((id >= 1592403) AND (id <= 1593402))
	        ->  Bitmap Index Scan on sbtest1_pkey  (cost=0.00..22.77 rows=1034 width=0)
	              Index Cond: ((id >= 1592403) AND (id <= 1593402))

table 2 : explain SELECT SUM(k) FROM sbtest2 WHERE id BETWEEN 2376249 AND 2377248
	Aggregate  (cost=3878.72..3878.73 rows=1 width=8)
	  ->  Bitmap Heap Scan on sbtest2  (cost=22.73..3876.21 rows=1004 width=4)
	        Recheck Cond: ((id >= 2376249) AND (id <= 2377248))
	        ->  Bitmap Index Scan on sbtest2_pkey  (cost=0.00..22.47 rows=1004 width=0)
	              Index Cond: ((id >= 2376249) AND (id <= 2377248))

table 3 : explain SELECT SUM(k) FROM sbtest3 WHERE id BETWEEN 8652286 AND 8653285
	Aggregate  (cost=4029.47..4029.48 rows=1 width=8)
	  ->  Bitmap Heap Scan on sbtest3  (cost=23.14..4026.86 rows=1044 width=4)
	        Recheck Cond: ((id >= 8652286) AND (id <= 8653285))
	        ->  Bitmap Index Scan on sbtest3_pkey  (cost=0.00..22.87 rows=1044 width=0)
	              Index Cond: ((id >= 8652286) AND (id <= 8653285))

table 4 : explain SELECT SUM(k) FROM sbtest4 WHERE id BETWEEN 94932 AND 95931
	Aggregate  (cost=3695.04..3695.05 rows=1 width=8)
	  ->  Bitmap Heap Scan on sbtest4  (cost=22.22..3692.65 rows=955 width=4)
	        Recheck Cond: ((id >= 94932) AND (id <= 95931))
	        ->  Bitmap Index Scan on sbtest4_pkey  (cost=0.00..21.98 rows=955 width=0)
	              Index Cond: ((id >= 94932) AND (id <= 95931))

table 5 : explain SELECT SUM(k) FROM sbtest5 WHERE id BETWEEN 9763027 AND 9764026
	Aggregate  (cost=3819.69..3819.70 rows=1 width=8)
	  ->  Bitmap Heap Scan on sbtest5  (cost=22.56..3817.22 rows=988 width=4)
	        Recheck Cond: ((id >= 9763027) AND (id <= 9764026))
	        ->  Bitmap Index Scan on sbtest5_pkey  (cost=0.00..22.32 rows=988 width=0)
	              Index Cond: ((id >= 9763027) AND (id <= 9764026))

table 6 : explain SELECT SUM(k) FROM sbtest6 WHERE id BETWEEN 222155 AND 223154
	Aggregate  (cost=4087.44..4087.45 rows=1 width=8)
	  ->  Bitmap Heap Scan on sbtest6  (cost=27.28..4084.80 rows=1058 width=4)
	        Recheck Cond: ((id >= 222155) AND (id <= 223154))
	        ->  Bitmap Index Scan on sbtest6_pkey  (cost=0.00..27.01 rows=1058 width=0)
	              Index Cond: ((id >= 222155) AND (id <= 223154))

table 7 : explain SELECT SUM(k) FROM sbtest7 WHERE id BETWEEN 8238399 AND 8239398
	Aggregate  (cost=4130.11..4130.12 rows=1 width=8)
	  ->  Bitmap Heap Scan on sbtest7  (cost=27.39..4127.44 rows=1069 width=4)
	        Recheck Cond: ((id >= 8238399) AND (id <= 8239398))
	        ->  Bitmap Index Scan on sbtest7_pkey  (cost=0.00..27.12 rows=1069 width=0)
	              Index Cond: ((id >= 8238399) AND (id <= 8239398))

table 8 : explain SELECT SUM(k) FROM sbtest8 WHERE id BETWEEN 3051056 AND 3052055
	Aggregate  (cost=4077.32..4077.33 rows=1 width=8)
	  ->  Bitmap Heap Scan on sbtest8  (cost=27.25..4074.68 rows=1055 width=4)
	        Recheck Cond: ((id >= 3051056) AND (id <= 3052055))
	        ->  Bitmap Index Scan on sbtest8_pkey  (cost=0.00..26.98 rows=1055 width=0)
	              Index Cond: ((id >= 3051056) AND (id <= 3052055))

for: sum_ranges
table 1 : explain SELECT SUM(k) FROM sbtest1 WHERE id BETWEEN 4587319 AND 4588318
	Aggregate  (cost=3847.41..3847.42 rows=1 width=8)
	  ->  Bitmap Heap Scan on sbtest1  (cost=22.64..3844.92 rows=996 width=4)
	        Recheck Cond: ((id >= 4587319) AND (id <= 4588318))
	        ->  Bitmap Index Scan on sbtest1_pkey  (cost=0.00..22.39 rows=996 width=0)
	              Index Cond: ((id >= 4587319) AND (id <= 4588318))

table 2 : explain SELECT SUM(k) FROM sbtest2 WHERE id BETWEEN 9073935 AND 9074934
	Aggregate  (cost=4048.16..4048.17 rows=1 width=8)
	  ->  Bitmap Heap Scan on sbtest2  (cost=23.19..4045.54 rows=1049 width=4)
	        Recheck Cond: ((id >= 9073935) AND (id <= 9074934))
	        ->  Bitmap Index Scan on sbtest2_pkey  (cost=0.00..22.93 rows=1049 width=0)
	              Index Cond: ((id >= 9073935) AND (id <= 9074934))

table 3 : explain SELECT SUM(k) FROM sbtest3 WHERE id BETWEEN 2414576 AND 2415575
	Aggregate  (cost=3799.68..3799.69 rows=1 width=8)
	  ->  Bitmap Heap Scan on sbtest3  (cost=22.51..3797.22 rows=983 width=4)
	        Recheck Cond: ((id >= 2414576) AND (id <= 2415575))
	        ->  Bitmap Index Scan on sbtest3_pkey  (cost=0.00..22.26 rows=983 width=0)
	              Index Cond: ((id >= 2414576) AND (id <= 2415575))

table 4 : explain SELECT SUM(k) FROM sbtest4 WHERE id BETWEEN 2604168 AND 2605167
	Aggregate  (cost=3781.86..3781.87 rows=1 width=8)
	  ->  Bitmap Heap Scan on sbtest4  (cost=22.46..3779.42 rows=978 width=4)
	        Recheck Cond: ((id >= 2604168) AND (id <= 2605167))
	        ->  Bitmap Index Scan on sbtest4_pkey  (cost=0.00..22.21 rows=978 width=0)
	              Index Cond: ((id >= 2604168) AND (id <= 2605167))

table 5 : explain SELECT SUM(k) FROM sbtest5 WHERE id BETWEEN 5802911 AND 5803910
	Aggregate  (cost=3849.86..3849.87 rows=1 width=8)
	  ->  Bitmap Heap Scan on sbtest5  (cost=22.64..3847.37 rows=996 width=4)
	        Recheck Cond: ((id >= 5802911) AND (id <= 5803910))
	        ->  Bitmap Index Scan on sbtest5_pkey  (cost=0.00..22.39 rows=996 width=0)
	              Index Cond: ((id >= 5802911) AND (id <= 5803910))

table 6 : explain SELECT SUM(k) FROM sbtest6 WHERE id BETWEEN 4788743 AND 4789742
	Aggregate  (cost=3815.93..3815.94 rows=1 width=8)
	  ->  Bitmap Heap Scan on sbtest6  (cost=22.55..3813.46 rows=987 width=4)
	        Recheck Cond: ((id >= 4788743) AND (id <= 4789742))
	        ->  Bitmap Index Scan on sbtest6_pkey  (cost=0.00..22.30 rows=987 width=0)
	              Index Cond: ((id >= 4788743) AND (id <= 4789742))

table 7 : explain SELECT SUM(k) FROM sbtest7 WHERE id BETWEEN 3203156 AND 3204155
	Aggregate  (cost=4261.77..4261.78 rows=1 width=8)
	  ->  Bitmap Heap Scan on sbtest7  (cost=27.75..4259.01 rows=1104 width=4)
	        Recheck Cond: ((id >= 3203156) AND (id <= 3204155))
	        ->  Bitmap Index Scan on sbtest7_pkey  (cost=0.00..27.47 rows=1104 width=0)
	              Index Cond: ((id >= 3203156) AND (id <= 3204155))

table 8 : explain SELECT SUM(k) FROM sbtest8 WHERE id BETWEEN 8851327 AND 8852326
	Aggregate  (cost=3968.07..3968.08 rows=1 width=8)
	  ->  Bitmap Heap Scan on sbtest8  (cost=26.95..3965.51 rows=1026 width=4)
	        Recheck Cond: ((id >= 8851327) AND (id <= 8852326))
	        ->  Bitmap Index Scan on sbtest8_pkey  (cost=0.00..26.69 rows=1026 width=0)
	              Index Cond: ((id >= 8851327) AND (id <= 8852326))

for: order_ranges
table 1 : explain SELECT c FROM sbtest1 WHERE id BETWEEN 2645324 AND 2646323 ORDER BY c
	Sort  (cost=3841.00..3843.46 rows=982 width=121)
	  Sort Key: c
	  ->  Bitmap Heap Scan on sbtest1  (cost=22.50..3792.20 rows=982 width=121)
	        Recheck Cond: ((id >= 2645324) AND (id <= 2646323))
	        ->  Bitmap Index Scan on sbtest1_pkey  (cost=0.00..22.25 rows=982 width=0)
	              Index Cond: ((id >= 2645324) AND (id <= 2646323))

table 2 : explain SELECT c FROM sbtest2 WHERE id BETWEEN 5394265 AND 5395264 ORDER BY c
	Sort  (cost=4163.05..4165.71 rows=1066 width=121)
	  Sort Key: c
	  ->  Bitmap Heap Scan on sbtest2  (cost=23.36..4109.44 rows=1066 width=121)
	        Recheck Cond: ((id >= 5394265) AND (id <= 5395264))
	        ->  Bitmap Index Scan on sbtest2_pkey  (cost=0.00..23.09 rows=1066 width=0)
	              Index Cond: ((id >= 5394265) AND (id <= 5395264))

table 3 : explain SELECT c FROM sbtest3 WHERE id BETWEEN 6377451 AND 6378450 ORDER BY c
	Sort  (cost=3723.60..3725.98 rows=951 width=121)
	  Sort Key: c
	  ->  Bitmap Heap Scan on sbtest3  (cost=22.18..3676.56 rows=951 width=121)
	        Recheck Cond: ((id >= 6377451) AND (id <= 6378450))
	        ->  Bitmap Index Scan on sbtest3_pkey  (cost=0.00..21.94 rows=951 width=0)
	              Index Cond: ((id >= 6377451) AND (id <= 6378450))

table 4 : explain SELECT c FROM sbtest4 WHERE id BETWEEN 1044203 AND 1045202 ORDER BY c
	Sort  (cost=3647.95..3650.28 rows=931 width=121)
	  Sort Key: c
	  ->  Bitmap Heap Scan on sbtest4  (cost=21.98..3602.04 rows=931 width=121)
	        Recheck Cond: ((id >= 1044203) AND (id <= 1045202))
	        ->  Bitmap Index Scan on sbtest4_pkey  (cost=0.00..21.75 rows=931 width=0)
	              Index Cond: ((id >= 1044203) AND (id <= 1045202))

table 5 : explain SELECT c FROM sbtest5 WHERE id BETWEEN 8114164 AND 8115163 ORDER BY c
	Sort  (cost=4011.69..4014.25 rows=1026 width=121)
	  Sort Key: c
	  ->  Bitmap Heap Scan on sbtest5  (cost=22.95..3960.37 rows=1026 width=121)
	        Recheck Cond: ((id >= 8114164) AND (id <= 8115163))
	        ->  Bitmap Index Scan on sbtest5_pkey  (cost=0.00..22.69 rows=1026 width=0)
	              Index Cond: ((id >= 8114164) AND (id <= 8115163))

table 6 : explain SELECT c FROM sbtest6 WHERE id BETWEEN 8559119 AND 8560118 ORDER BY c
	Sort  (cost=4260.07..4262.80 rows=1090 width=121)
	  Sort Key: c
	  ->  Bitmap Heap Scan on sbtest6  (cost=27.61..4205.08 rows=1090 width=121)
	        Recheck Cond: ((id >= 8559119) AND (id <= 8560118))
	        ->  Bitmap Index Scan on sbtest6_pkey  (cost=0.00..27.33 rows=1090 width=0)
	              Index Cond: ((id >= 8559119) AND (id <= 8560118))

table 7 : explain SELECT c FROM sbtest7 WHERE id BETWEEN 7226900 AND 7227899 ORDER BY c
	Sort  (cost=3790.92..3793.34 rows=968 width=121)
	  Sort Key: c
	  ->  Bitmap Heap Scan on sbtest7  (cost=22.36..3742.92 rows=968 width=121)
	        Recheck Cond: ((id >= 7226900) AND (id <= 7227899))
	        ->  Bitmap Index Scan on sbtest7_pkey  (cost=0.00..22.11 rows=968 width=0)
	              Index Cond: ((id >= 7226900) AND (id <= 7227899))

table 8 : explain SELECT c FROM sbtest8 WHERE id BETWEEN 5906934 AND 5907933 ORDER BY c
	Sort  (cost=3737.20..3739.59 rows=954 width=121)
	  Sort Key: c
	  ->  Bitmap Heap Scan on sbtest8  (cost=22.21..3689.99 rows=954 width=121)
	        Recheck Cond: ((id >= 5906934) AND (id <= 5907933))
	        ->  Bitmap Index Scan on sbtest8_pkey  (cost=0.00..21.97 rows=954 width=0)
	              Index Cond: ((id >= 5906934) AND (id <= 5907933))

explain: for point_selects :: explain SELECT c FROM sbtest%u WHERE id=%u
for: order_ranges
table 1 : explain SELECT c FROM sbtest1 WHERE id BETWEEN 4519975 AND 4520974 ORDER BY c
	Sort  (cost=3894.52..3897.01 rows=996 width=121)
	  Sort Key: c
	  ->  Bitmap Heap Scan on sbtest1  (cost=22.64..3844.92 rows=996 width=121)
	        Recheck Cond: ((id >= 4519975) AND (id <= 4520974))
	        ->  Bitmap Index Scan on sbtest1_pkey  (cost=0.00..22.39 rows=996 width=0)
	              Index Cond: ((id >= 4519975) AND (id <= 4520974))

table 2 : explain SELECT c FROM sbtest2 WHERE id BETWEEN 8882350 AND 8883349 ORDER BY c
	Sort  (cost=3964.49..3967.02 rows=1014 width=121)
	  Sort Key: c
	  ->  Bitmap Heap Scan on sbtest2  (cost=22.83..3913.86 rows=1014 width=121)
	        Recheck Cond: ((id >= 8882350) AND (id <= 8883349))
	        ->  Bitmap Index Scan on sbtest2_pkey  (cost=0.00..22.57 rows=1014 width=0)
	              Index Cond: ((id >= 8882350) AND (id <= 8883349))

table 3 : explain SELECT c FROM sbtest3 WHERE id BETWEEN 4537997 AND 4538996 ORDER BY c
	Sort  (cost=3899.62..3902.12 rows=997 width=121)
	  Sort Key: c
	  ->  Bitmap Heap Scan on sbtest3  (cost=22.65..3849.97 rows=997 width=121)
	        Recheck Cond: ((id >= 4537997) AND (id <= 4538996))
	        ->  Bitmap Index Scan on sbtest3_pkey  (cost=0.00..22.40 rows=997 width=0)
	              Index Cond: ((id >= 4537997) AND (id <= 4538996))

table 4 : explain SELECT c FROM sbtest4 WHERE id BETWEEN 1675201 AND 1676200 ORDER BY c
	Sort  (cost=3532.89..3535.14 rows=901 width=121)
	  Sort Key: c
	  ->  Bitmap Heap Scan on sbtest4  (cost=21.67..3488.67 rows=901 width=121)
	        Recheck Cond: ((id >= 1675201) AND (id <= 1676200))
	        ->  Bitmap Index Scan on sbtest4_pkey  (cost=0.00..21.44 rows=901 width=0)
	              Index Cond: ((id >= 1675201) AND (id <= 1676200))

table 5 : explain SELECT c FROM sbtest5 WHERE id BETWEEN 7552175 AND 7553174 ORDER BY c
	Sort  (cost=4095.74..4098.36 rows=1048 width=121)
	  Sort Key: c
	  ->  Bitmap Heap Scan on sbtest5  (cost=23.18..4043.17 rows=1048 width=121)
	        Recheck Cond: ((id >= 7552175) AND (id <= 7553174))
	        ->  Bitmap Index Scan on sbtest5_pkey  (cost=0.00..22.91 rows=1048 width=0)
	              Index Cond: ((id >= 7552175) AND (id <= 7553174))

table 6 : explain SELECT c FROM sbtest6 WHERE id BETWEEN 4469148 AND 4470147 ORDER BY c
	Sort  (cost=3828.11..3830.55 rows=978 width=121)
	  Sort Key: c
	  ->  Bitmap Heap Scan on sbtest6  (cost=22.46..3779.53 rows=978 width=121)
	        Recheck Cond: ((id >= 4469148) AND (id <= 4470147))
	        ->  Bitmap Index Scan on sbtest6_pkey  (cost=0.00..22.21 rows=978 width=0)
	              Index Cond: ((id >= 4469148) AND (id <= 4470147))

table 7 : explain SELECT c FROM sbtest7 WHERE id BETWEEN 6448974 AND 6449973 ORDER BY c
	Sort  (cost=3744.94..3747.33 rows=956 width=121)
	  Sort Key: c
	  ->  Bitmap Heap Scan on sbtest7  (cost=22.23..3697.62 rows=956 width=121)
	        Recheck Cond: ((id >= 6448974) AND (id <= 6449973))
	        ->  Bitmap Index Scan on sbtest7_pkey  (cost=0.00..22.00 rows=956 width=0)
	              Index Cond: ((id >= 6448974) AND (id <= 6449973))

table 8 : explain SELECT c FROM sbtest8 WHERE id BETWEEN 3682093 AND 3683092 ORDER BY c
	Sort  (cost=3863.60..3866.07 rows=987 width=121)
	  Sort Key: c
	  ->  Bitmap Heap Scan on sbtest8  (cost=22.55..3814.52 rows=987 width=121)
	        Recheck Cond: ((id >= 3682093) AND (id <= 3683092))
	        ->  Bitmap Index Scan on sbtest8_pkey  (cost=0.00..22.30 rows=987 width=0)
	              Index Cond: ((id >= 3682093) AND (id <= 3683092))

explain: for point_selects :: explain SELECT c FROM sbtest%u WHERE id=%u
for point_selects
table 1 : explain SELECT c FROM sbtest1 WHERE id=7439594
	Index Scan using sbtest1_pkey on sbtest1  (cost=0.43..8.45 rows=1 width=121)
	  Index Cond: (id = 7439594)

table 2 : explain SELECT c FROM sbtest2 WHERE id=6537902
	Index Scan using sbtest2_pkey on sbtest2  (cost=0.43..8.45 rows=1 width=121)
	  Index Cond: (id = 6537902)

table 3 : explain SELECT c FROM sbtest3 WHERE id=5182073
	Index Scan using sbtest3_pkey on sbtest3  (cost=0.43..8.45 rows=1 width=121)
	  Index Cond: (id = 5182073)

table 4 : explain SELECT c FROM sbtest4 WHERE id=9868234
	Index Scan using sbtest4_pkey on sbtest4  (cost=0.43..8.45 rows=1 width=121)
	  Index Cond: (id = 9868234)

table 5 : explain SELECT c FROM sbtest5 WHERE id=2059815
	Index Scan using sbtest5_pkey on sbtest5  (cost=0.43..8.45 rows=1 width=121)
	  Index Cond: (id = 2059815)

table 6 : explain SELECT c FROM sbtest6 WHERE id=4763369
	Index Scan using sbtest6_pkey on sbtest6  (cost=0.43..8.45 rows=1 width=121)
	  Index Cond: (id = 4763369)

table 7 : explain SELECT c FROM sbtest7 WHERE id=7396567
	Index Scan using sbtest7_pkey on sbtest7  (cost=0.43..8.45 rows=1 width=121)
	  Index Cond: (id = 7396567)

table 8 : explain SELECT c FROM sbtest8 WHERE id=417835
	Index Scan using sbtest8_pkey on sbtest8  (cost=0.43..8.45 rows=1 width=121)
	  Index Cond: (id = 417835)

for: distinct_ranges
table 1 : explain SELECT DISTINCT c FROM sbtest1 WHERE id BETWEEN 5688209 AND 5689208 ORDER BY c
	Unique  (cost=3993.85..3998.96 rows=1022 width=121)
	  ->  Sort  (cost=3993.85..3996.41 rows=1022 width=121)
	        Sort Key: c
	        ->  Bitmap Heap Scan on sbtest1  (cost=22.91..3942.77 rows=1022 width=121)
	              Recheck Cond: ((id >= 5688209) AND (id <= 5689208))
	              ->  Bitmap Index Scan on sbtest1_pkey  (cost=0.00..22.65 rows=1022 width=0)
	                    Index Cond: ((id >= 5688209) AND (id <= 5689208))

table 2 : explain SELECT DISTINCT c FROM sbtest2 WHERE id BETWEEN 3920680 AND 3921679 ORDER BY c
	Unique  (cost=4182.12..4187.48 rows=1071 width=121)
	  ->  Sort  (cost=4182.12..4184.80 rows=1071 width=121)
	        Sort Key: c
	        ->  Bitmap Heap Scan on sbtest2  (cost=23.41..4128.22 rows=1071 width=121)
	              Recheck Cond: ((id >= 3920680) AND (id <= 3921679))
	              ->  Bitmap Index Scan on sbtest2_pkey  (cost=0.00..23.14 rows=1071 width=0)
	                    Index Cond: ((id >= 3920680) AND (id <= 3921679))

table 3 : explain SELECT DISTINCT c FROM sbtest3 WHERE id BETWEEN 4549439 AND 4550438 ORDER BY c
	Unique  (cost=3899.62..3904.61 rows=997 width=121)
	  ->  Sort  (cost=3899.62..3902.12 rows=997 width=121)
	        Sort Key: c
	        ->  Bitmap Heap Scan on sbtest3  (cost=22.65..3849.97 rows=997 width=121)
	              Recheck Cond: ((id >= 4549439) AND (id <= 4550438))
	              ->  Bitmap Index Scan on sbtest3_pkey  (cost=0.00..22.40 rows=997 width=0)
	                    Index Cond: ((id >= 4549439) AND (id <= 4550438))

table 4 : explain SELECT DISTINCT c FROM sbtest4 WHERE id BETWEEN 9799025 AND 9800024 ORDER BY c
	Unique  (cost=3965.71..3970.78 rows=1014 width=121)
	  ->  Sort  (cost=3965.71..3968.25 rows=1014 width=121)
	        Sort Key: c
	        ->  Bitmap Heap Scan on sbtest4  (cost=22.83..3915.08 rows=1014 width=121)
	              Recheck Cond: ((id >= 9799025) AND (id <= 9800024))
	              ->  Bitmap Index Scan on sbtest4_pkey  (cost=0.00..22.57 rows=1014 width=0)
	                    Index Cond: ((id >= 9799025) AND (id <= 9800024))

table 5 : explain SELECT DISTINCT c FROM sbtest5 WHERE id BETWEEN 6837726 AND 6838725 ORDER BY c
	Unique  (cost=3801.29..3806.15 rows=971 width=121)
	  ->  Sort  (cost=3801.29..3803.72 rows=971 width=121)
	        Sort Key: c
	        ->  Bitmap Heap Scan on sbtest5  (cost=22.39..3753.11 rows=971 width=121)
	              Recheck Cond: ((id >= 6837726) AND (id <= 6838725))
	              ->  Bitmap Index Scan on sbtest5_pkey  (cost=0.00..22.14 rows=971 width=0)
	                    Index Cond: ((id >= 6837726) AND (id <= 6838725))

table 6 : explain SELECT DISTINCT c FROM sbtest6 WHERE id BETWEEN 9600576 AND 9601575 ORDER BY c
	Unique  (cost=3694.05..3698.77 rows=943 width=121)
	  ->  Sort  (cost=3694.05..3696.41 rows=943 width=121)
	        Sort Key: c
	        ->  Bitmap Heap Scan on sbtest6  (cost=22.10..3647.46 rows=943 width=121)
	              Recheck Cond: ((id >= 9600576) AND (id <= 9601575))
	              ->  Bitmap Index Scan on sbtest6_pkey  (cost=0.00..21.86 rows=943 width=0)
	                    Index Cond: ((id >= 9600576) AND (id <= 9601575))

table 7 : explain SELECT DISTINCT c FROM sbtest7 WHERE id BETWEEN 3062822 AND 3063821 ORDER BY c
	Unique  (cost=4280.47..4285.94 rows=1095 width=121)
	  ->  Sort  (cost=4280.47..4283.21 rows=1095 width=121)
	        Sort Key: c
	        ->  Bitmap Heap Scan on sbtest7  (cost=27.66..4225.19 rows=1095 width=121)
	              Recheck Cond: ((id >= 3062822) AND (id <= 3063821))
	              ->  Bitmap Index Scan on sbtest7_pkey  (cost=0.00..27.39 rows=1095 width=0)
	                    Index Cond: ((id >= 3062822) AND (id <= 3063821))

table 8 : explain SELECT DISTINCT c FROM sbtest8 WHERE id BETWEEN 2958064 AND 2959063 ORDER BY c
	Unique  (cost=3852.12..3857.04 rows=984 width=121)
	  ->  Sort  (cost=3852.12..3854.58 rows=984 width=121)
	        Sort Key: c
	        ->  Bitmap Heap Scan on sbtest8  (cost=22.52..3803.20 rows=984 width=121)
	              Recheck Cond: ((id >= 2958064) AND (id <= 2959063))
	              ->  Bitmap Index Scan on sbtest8_pkey  (cost=0.00..22.27 rows=984 width=0)
	                    Index Cond: ((id >= 2958064) AND (id <= 2959063))

for: sum_ranges
table 1 : explain SELECT SUM(k) FROM sbtest1 WHERE id BETWEEN 9640509 AND 9641508
	Aggregate  (cost=3640.00..3640.01 rows=1 width=8)
	  ->  Bitmap Heap Scan on sbtest1  (cost=22.08..3637.65 rows=941 width=4)
	        Recheck Cond: ((id >= 9640509) AND (id <= 9641508))
	        ->  Bitmap Index Scan on sbtest1_pkey  (cost=0.00..21.84 rows=941 width=0)
	              Index Cond: ((id >= 9640509) AND (id <= 9641508))

table 2 : explain SELECT SUM(k) FROM sbtest2 WHERE id BETWEEN 2859231 AND 2860230
	Aggregate  (cost=4232.61..4232.62 rows=1 width=8)
	  ->  Bitmap Heap Scan on sbtest2  (cost=27.68..4229.87 rows=1097 width=4)
	        Recheck Cond: ((id >= 2859231) AND (id <= 2860230))
	        ->  Bitmap Index Scan on sbtest2_pkey  (cost=0.00..27.40 rows=1097 width=0)
	              Index Cond: ((id >= 2859231) AND (id <= 2860230))

table 3 : explain SELECT SUM(k) FROM sbtest3 WHERE id BETWEEN 1882194 AND 1883193
	Aggregate  (cost=4247.80..4247.81 rows=1 width=8)
	  ->  Bitmap Heap Scan on sbtest3  (cost=27.73..4245.04 rows=1102 width=4)
	        Recheck Cond: ((id >= 1882194) AND (id <= 1883193))
	        ->  Bitmap Index Scan on sbtest3_pkey  (cost=0.00..27.45 rows=1102 width=0)
	              Index Cond: ((id >= 1882194) AND (id <= 1883193))

table 4 : explain SELECT SUM(k) FROM sbtest4 WHERE id BETWEEN 2821806 AND 2822805
	Aggregate  (cost=3834.67..3834.68 rows=1 width=8)
	  ->  Bitmap Heap Scan on sbtest4  (cost=22.60..3832.19 rows=992 width=4)
	        Recheck Cond: ((id >= 2821806) AND (id <= 2822805))
	        ->  Bitmap Index Scan on sbtest4_pkey  (cost=0.00..22.36 rows=992 width=0)
	              Index Cond: ((id >= 2821806) AND (id <= 2822805))

table 5 : explain SELECT SUM(k) FROM sbtest5 WHERE id BETWEEN 6787397 AND 6788396
	Aggregate  (cost=3755.54..3755.55 rows=1 width=8)
	  ->  Bitmap Heap Scan on sbtest5  (cost=22.39..3753.11 rows=971 width=4)
	        Recheck Cond: ((id >= 6787397) AND (id <= 6788396))
	        ->  Bitmap Index Scan on sbtest5_pkey  (cost=0.00..22.14 rows=971 width=0)
	              Index Cond: ((id >= 6787397) AND (id <= 6788396))

table 6 : explain SELECT SUM(k) FROM sbtest6 WHERE id BETWEEN 2119725 AND 2120724
	Aggregate  (cost=3615.81..3615.82 rows=1 width=8)
	  ->  Bitmap Heap Scan on sbtest6  (cost=22.01..3613.48 rows=934 width=4)
	        Recheck Cond: ((id >= 2119725) AND (id <= 2120724))
	        ->  Bitmap Index Scan on sbtest6_pkey  (cost=0.00..21.77 rows=934 width=0)
	              Index Cond: ((id >= 2119725) AND (id <= 2120724))

table 7 : explain SELECT SUM(k) FROM sbtest7 WHERE id BETWEEN 3492117 AND 3493116
	Aggregate  (cost=3351.86..3351.87 rows=1 width=8)
	  ->  Bitmap Heap Scan on sbtest7  (cost=21.29..3349.70 rows=864 width=4)
	        Recheck Cond: ((id >= 3492117) AND (id <= 3493116))
	        ->  Bitmap Index Scan on sbtest7_pkey  (cost=0.00..21.07 rows=864 width=0)
	              Index Cond: ((id >= 3492117) AND (id <= 3493116))

table 8 : explain SELECT SUM(k) FROM sbtest8 WHERE id BETWEEN 8879941 AND 8880940
	Aggregate  (cost=3968.07..3968.08 rows=1 width=8)
	  ->  Bitmap Heap Scan on sbtest8  (cost=26.95..3965.51 rows=1026 width=4)
	        Recheck Cond: ((id >= 8879941) AND (id <= 8880940))
	        ->  Bitmap Index Scan on sbtest8_pkey  (cost=0.00..26.69 rows=1026 width=0)
	              Index Cond: ((id >= 8879941) AND (id <= 8880940))

for: simple_ranges
table 1 : explain SELECT c FROM sbtest1 WHERE id BETWEEN 6131162 AND 6132161
	Bitmap Heap Scan on sbtest1  (cost=22.72..3871.27 rows=1003 width=121)
	  Recheck Cond: ((id >= 6131162) AND (id <= 6132161))
	  ->  Bitmap Index Scan on sbtest1_pkey  (cost=0.00..22.46 rows=1003 width=0)
	        Index Cond: ((id >= 6131162) AND (id <= 6132161))

table 2 : explain SELECT c FROM sbtest2 WHERE id BETWEEN 5176513 AND 5177512
	Bitmap Heap Scan on sbtest2  (cost=21.87..3559.43 rows=920 width=121)
	  Recheck Cond: ((id >= 5176513) AND (id <= 5177512))
	  ->  Bitmap Index Scan on sbtest2_pkey  (cost=0.00..21.64 rows=920 width=0)
	        Index Cond: ((id >= 5176513) AND (id <= 5177512))

table 3 : explain SELECT c FROM sbtest3 WHERE id BETWEEN 7712094 AND 7713093
	Bitmap Heap Scan on sbtest3  (cost=22.97..3966.67 rows=1028 width=121)
	  Recheck Cond: ((id >= 7712094) AND (id <= 7713093))
	  ->  Bitmap Index Scan on sbtest3_pkey  (cost=0.00..22.71 rows=1028 width=0)
	        Index Cond: ((id >= 7712094) AND (id <= 7713093))

table 4 : explain SELECT c FROM sbtest4 WHERE id BETWEEN 2551141 AND 2552140
	Bitmap Heap Scan on sbtest4  (cost=22.46..3779.42 rows=978 width=121)
	  Recheck Cond: ((id >= 2551141) AND (id <= 2552140))
	  ->  Bitmap Index Scan on sbtest4_pkey  (cost=0.00..22.21 rows=978 width=0)
	        Index Cond: ((id >= 2551141) AND (id <= 2552140))

table 5 : explain SELECT c FROM sbtest5 WHERE id BETWEEN 6108651 AND 6109650
	Bitmap Heap Scan on sbtest5  (cost=23.08..4009.30 rows=1039 width=121)
	  Recheck Cond: ((id >= 6108651) AND (id <= 6109650))
	  ->  Bitmap Index Scan on sbtest5_pkey  (cost=0.00..22.82 rows=1039 width=0)
	        Index Cond: ((id >= 6108651) AND (id <= 6109650))

table 6 : explain SELECT c FROM sbtest6 WHERE id BETWEEN 416177 AND 417176
	Bitmap Heap Scan on sbtest6  (cost=27.18..4047.19 rows=1048 width=121)
	  Recheck Cond: ((id >= 416177) AND (id <= 417176))
	  ->  Bitmap Index Scan on sbtest6_pkey  (cost=0.00..26.91 rows=1048 width=0)
	        Index Cond: ((id >= 416177) AND (id <= 417176))

table 7 : explain SELECT c FROM sbtest7 WHERE id BETWEEN 2459466 AND 2460465
	Bitmap Heap Scan on sbtest7  (cost=27.44..4146.24 rows=1074 width=121)
	  Recheck Cond: ((id >= 2459466) AND (id <= 2460465))
	  ->  Bitmap Index Scan on sbtest7_pkey  (cost=0.00..27.18 rows=1074 width=0)
	        Index Cond: ((id >= 2459466) AND (id <= 2460465))

table 8 : explain SELECT c FROM sbtest8 WHERE id BETWEEN 9622010 AND 9623009
	Bitmap Heap Scan on sbtest8  (cost=26.91..3950.44 rows=1022 width=121)
	  Recheck Cond: ((id >= 9622010) AND (id <= 9623009))
	  ->  Bitmap Index Scan on sbtest8_pkey  (cost=0.00..26.65 rows=1022 width=0)
	        Index Cond: ((id >= 9622010) AND (id <= 9623009))

for: sum_ranges
table 1 : explain SELECT SUM(k) FROM sbtest1 WHERE id BETWEEN 7808920 AND 7809919
	Aggregate  (cost=3681.52..3681.53 rows=1 width=8)
	  ->  Bitmap Heap Scan on sbtest1  (cost=22.19..3679.14 rows=952 width=4)
	        Recheck Cond: ((id >= 7808920) AND (id <= 7809919))
	        ->  Bitmap Index Scan on sbtest1_pkey  (cost=0.00..21.95 rows=952 width=0)
	              Index Cond: ((id >= 7808920) AND (id <= 7809919))

table 2 : explain SELECT SUM(k) FROM sbtest2 WHERE id BETWEEN 4505750 AND 4506749
	Aggregate  (cost=3735.44..3735.45 rows=1 width=8)
	  ->  Bitmap Heap Scan on sbtest2  (cost=22.34..3733.02 rows=966 width=4)
	        Recheck Cond: ((id >= 4505750) AND (id <= 4506749))
	        ->  Bitmap Index Scan on sbtest2_pkey  (cost=0.00..22.09 rows=966 width=0)
	              Index Cond: ((id >= 4505750) AND (id <= 4506749))

table 3 : explain SELECT SUM(k) FROM sbtest3 WHERE id BETWEEN 8425328 AND 8426327
	Aggregate  (cost=3739.32..3739.33 rows=1 width=8)
	  ->  Bitmap Heap Scan on sbtest3  (cost=22.35..3736.91 rows=967 width=4)
	        Recheck Cond: ((id >= 8425328) AND (id <= 8426327))
	        ->  Bitmap Index Scan on sbtest3_pkey  (cost=0.00..22.11 rows=967 width=0)
	              Index Cond: ((id >= 8425328) AND (id <= 8426327))

table 4 : explain SELECT SUM(k) FROM sbtest4 WHERE id BETWEEN 6658293 AND 6659292
	Aggregate  (cost=3698.82..3698.83 rows=1 width=8)
	  ->  Bitmap Heap Scan on sbtest4  (cost=22.23..3696.43 rows=956 width=4)
	        Recheck Cond: ((id >= 6658293) AND (id <= 6659292))
	        ->  Bitmap Index Scan on sbtest4_pkey  (cost=0.00..22.00 rows=956 width=0)
	              Index Cond: ((id >= 6658293) AND (id <= 6659292))

table 5 : explain SELECT SUM(k) FROM sbtest5 WHERE id BETWEEN 2411764 AND 2412763
	Aggregate  (cost=3797.05..3797.06 rows=1 width=8)
	  ->  Bitmap Heap Scan on sbtest5  (cost=22.50..3794.60 rows=982 width=4)
	        Recheck Cond: ((id >= 2411764) AND (id <= 2412763))
	        ->  Bitmap Index Scan on sbtest5_pkey  (cost=0.00..22.25 rows=982 width=0)
	              Index Cond: ((id >= 2411764) AND (id <= 2412763))

table 6 : explain SELECT SUM(k) FROM sbtest6 WHERE id BETWEEN 238966 AND 239965
	Aggregate  (cost=4087.44..4087.45 rows=1 width=8)
	  ->  Bitmap Heap Scan on sbtest6  (cost=27.28..4084.80 rows=1058 width=4)
	        Recheck Cond: ((id >= 238966) AND (id <= 239965))
	        ->  Bitmap Index Scan on sbtest6_pkey  (cost=0.00..27.01 rows=1058 width=0)
	              Index Cond: ((id >= 238966) AND (id <= 239965))

table 7 : explain SELECT SUM(k) FROM sbtest7 WHERE id BETWEEN 5260585 AND 5261584
	Aggregate  (cost=4024.45..4024.46 rows=1 width=8)
	  ->  Bitmap Heap Scan on sbtest7  (cost=23.12..4021.84 rows=1042 width=4)
	        Recheck Cond: ((id >= 5260585) AND (id <= 5261584))
	        ->  Bitmap Index Scan on sbtest7_pkey  (cost=0.00..22.86 rows=1042 width=0)
	              Index Cond: ((id >= 5260585) AND (id <= 5261584))

table 8 : explain SELECT SUM(k) FROM sbtest8 WHERE id BETWEEN 1396748 AND 1397747
	Aggregate  (cost=3877.58..3877.59 rows=1 width=8)
	  ->  Bitmap Heap Scan on sbtest8  (cost=26.71..3875.07 rows=1002 width=4)
	        Recheck Cond: ((id >= 1396748) AND (id <= 1397747))
	        ->  Bitmap Index Scan on sbtest8_pkey  (cost=0.00..26.45 rows=1002 width=0)
	              Index Cond: ((id >= 1396748) AND (id <= 1397747))

explain: for point_selects :: explain SELECT c FROM sbtest%u WHERE id=%u
for point_selects
table 1 : explain SELECT c FROM sbtest1 WHERE id=7460490
	Index Scan using sbtest1_pkey on sbtest1  (cost=0.43..8.45 rows=1 width=121)
	  Index Cond: (id = 7460490)

table 2 : explain SELECT c FROM sbtest2 WHERE id=3291224
	Index Scan using sbtest2_pkey on sbtest2  (cost=0.43..8.45 rows=1 width=121)
	  Index Cond: (id = 3291224)

table 3 : explain SELECT c FROM sbtest3 WHERE id=1011914
	Index Scan using sbtest3_pkey on sbtest3  (cost=0.43..8.45 rows=1 width=121)
	  Index Cond: (id = 1011914)

table 4 : explain SELECT c FROM sbtest4 WHERE id=1493811
	Index Scan using sbtest4_pkey on sbtest4  (cost=0.43..8.45 rows=1 width=121)
	  Index Cond: (id = 1493811)

table 5 : explain SELECT c FROM sbtest5 WHERE id=1347397
	Index Scan using sbtest5_pkey on sbtest5  (cost=0.43..8.45 rows=1 width=121)
	  Index Cond: (id = 1347397)

table 6 : explain SELECT c FROM sbtest6 WHERE id=6073706
	Index Scan using sbtest6_pkey on sbtest6  (cost=0.43..8.45 rows=1 width=121)
	  Index Cond: (id = 6073706)

table 7 : explain SELECT c FROM sbtest7 WHERE id=8324827
	Index Scan using sbtest7_pkey on sbtest7  (cost=0.43..8.45 rows=1 width=121)
	  Index Cond: (id = 8324827)

table 8 : explain SELECT c FROM sbtest8 WHERE id=2105025
	Index Scan using sbtest8_pkey on sbtest8  (cost=0.43..8.45 rows=1 width=121)
	  Index Cond: (id = 2105025)

explain: for point_selects :: explain SELECT c FROM sbtest%u WHERE id=%u
for: order_ranges
table 1 : explain SELECT c FROM sbtest1 WHERE id BETWEEN 2421956 AND 2422955 ORDER BY c
	Sort  (cost=3783.63..3786.05 rows=967 width=121)
	  Sort Key: c
	  ->  Bitmap Heap Scan on sbtest1  (cost=22.35..3735.68 rows=967 width=121)
	        Recheck Cond: ((id >= 2421956) AND (id <= 2422955))
	        ->  Bitmap Index Scan on sbtest1_pkey  (cost=0.00..22.11 rows=967 width=0)
	              Index Cond: ((id >= 2421956) AND (id <= 2422955))

table 2 : explain SELECT c FROM sbtest2 WHERE id BETWEEN 3796288 AND 3797287 ORDER BY c
	Sort  (cost=4197.38..4200.07 rows=1075 width=121)
	  Sort Key: c
	  ->  Bitmap Heap Scan on sbtest2  (cost=23.45..4143.25 rows=1075 width=121)
	        Recheck Cond: ((id >= 3796288) AND (id <= 3797287))
	        ->  Bitmap Index Scan on sbtest2_pkey  (cost=0.00..23.18 rows=1075 width=0)
	              Index Cond: ((id >= 3796288) AND (id <= 3797287))

table 3 : explain SELECT c FROM sbtest3 WHERE id BETWEEN 6263987 AND 6264986 ORDER BY c
	Sort  (cost=3551.15..3553.41 rows=906 width=121)
	  Sort Key: c
	  ->  Bitmap Heap Scan on sbtest3  (cost=21.72..3506.65 rows=906 width=121)
	        Recheck Cond: ((id >= 6263987) AND (id <= 6264986))
	        ->  Bitmap Index Scan on sbtest3_pkey  (cost=0.00..21.50 rows=906 width=0)
	              Index Cond: ((id >= 6263987) AND (id <= 6264986))

table 4 : explain SELECT c FROM sbtest4 WHERE id BETWEEN 9778822 AND 9779821 ORDER BY c
	Sort  (cost=3965.71..3968.25 rows=1014 width=121)
	  Sort Key: c
	  ->  Bitmap Heap Scan on sbtest4  (cost=22.83..3915.08 rows=1014 width=121)
	        Recheck Cond: ((id >= 9778822) AND (id <= 9779821))
	        ->  Bitmap Index Scan on sbtest4_pkey  (cost=0.00..22.57 rows=1014 width=0)
	              Index Cond: ((id >= 9778822) AND (id <= 9779821))

table 5 : explain SELECT c FROM sbtest5 WHERE id BETWEEN 484717 AND 485716 ORDER BY c
	Sort  (cost=3632.71..3635.02 rows=927 width=121)
	  Sort Key: c
	  ->  Bitmap Heap Scan on sbtest5  (cost=21.94..3587.02 rows=927 width=121)
	        Recheck Cond: ((id >= 484717) AND (id <= 485716))
	        ->  Bitmap Index Scan on sbtest5_pkey  (cost=0.00..21.70 rows=927 width=0)
	              Index Cond: ((id >= 484717) AND (id <= 485716))

table 6 : explain SELECT c FROM sbtest6 WHERE id BETWEEN 2413030 AND 2414029 ORDER BY c
	Sort  (cost=4244.81..4247.53 rows=1086 width=121)
	  Sort Key: c
	  ->  Bitmap Heap Scan on sbtest6  (cost=27.57..4190.05 rows=1086 width=121)
	        Recheck Cond: ((id >= 2413030) AND (id <= 2414029))
	        ->  Bitmap Index Scan on sbtest6_pkey  (cost=0.00..27.29 rows=1086 width=0)
	              Index Cond: ((id >= 2413030) AND (id <= 2414029))

table 7 : explain SELECT c FROM sbtest7 WHERE id BETWEEN 8637861 AND 8638860 ORDER BY c
	Sort  (cost=3829.22..3831.67 rows=978 width=121)
	  Sort Key: c
	  ->  Bitmap Heap Scan on sbtest7  (cost=22.46..3780.65 rows=978 width=121)
	        Recheck Cond: ((id >= 8637861) AND (id <= 8638860))
	        ->  Bitmap Index Scan on sbtest7_pkey  (cost=0.00..22.21 rows=978 width=0)
	              Index Cond: ((id >= 8637861) AND (id <= 8638860))

table 8 : explain SELECT c FROM sbtest8 WHERE id BETWEEN 3814065 AND 3815064 ORDER BY c
	Sort  (cost=3549.26..3551.53 rows=905 width=121)
	  Sort Key: c
	  ->  Bitmap Heap Scan on sbtest8  (cost=21.71..3504.82 rows=905 width=121)
	        Recheck Cond: ((id >= 3814065) AND (id <= 3815064))
	        ->  Bitmap Index Scan on sbtest8_pkey  (cost=0.00..21.48 rows=905 width=0)
	              Index Cond: ((id >= 3814065) AND (id <= 3815064))

for: order_ranges
table 1 : explain SELECT c FROM sbtest1 WHERE id BETWEEN 4676027 AND 4677026 ORDER BY c
	Sort  (cost=3760.68..3763.08 rows=961 width=121)
	  Sort Key: c
	  ->  Bitmap Heap Scan on sbtest1  (cost=22.29..3713.07 rows=961 width=121)
	        Recheck Cond: ((id >= 4676027) AND (id <= 4677026))
	        ->  Bitmap Index Scan on sbtest1_pkey  (cost=0.00..22.04 rows=961 width=0)
	              Index Cond: ((id >= 4676027) AND (id <= 4677026))

table 2 : explain SELECT c FROM sbtest2 WHERE id BETWEEN 1476242 AND 1477241 ORDER BY c
	Sort  (cost=3868.91..3871.39 rows=989 width=121)
	  Sort Key: c
	  ->  Bitmap Heap Scan on sbtest2  (cost=22.57..3819.71 rows=989 width=121)
	        Recheck Cond: ((id >= 1476242) AND (id <= 1477241))
	        ->  Bitmap Index Scan on sbtest2_pkey  (cost=0.00..22.32 rows=989 width=0)
	              Index Cond: ((id >= 1476242) AND (id <= 1477241))

table 3 : explain SELECT c FROM sbtest3 WHERE id BETWEEN 426098 AND 427097 ORDER BY c
	Sort  (cost=4025.74..4028.32 rows=1030 width=121)
	  Sort Key: c
	  ->  Bitmap Heap Scan on sbtest3  (cost=22.99..3974.20 rows=1030 width=121)
	        Recheck Cond: ((id >= 426098) AND (id <= 427097))
	        ->  Bitmap Index Scan on sbtest3_pkey  (cost=0.00..22.73 rows=1030 width=0)
	              Index Cond: ((id >= 426098) AND (id <= 427097))

table 4 : explain SELECT c FROM sbtest4 WHERE id BETWEEN 7426048 AND 7427047 ORDER BY c
	Sort  (cost=3904.52..3907.02 rows=998 width=121)
	  Sort Key: c
	  ->  Bitmap Heap Scan on sbtest4  (cost=22.66..3854.81 rows=998 width=121)
	        Recheck Cond: ((id >= 7426048) AND (id <= 7427047))
	        ->  Bitmap Index Scan on sbtest4_pkey  (cost=0.00..22.41 rows=998 width=0)
	              Index Cond: ((id >= 7426048) AND (id <= 7427047))

table 5 : explain SELECT c FROM sbtest5 WHERE id BETWEEN 5407994 AND 5408993 ORDER BY c
	Sort  (cost=3582.85..3585.14 rows=914 width=121)
	  Sort Key: c
	  ->  Bitmap Heap Scan on sbtest5  (cost=21.80..3537.90 rows=914 width=121)
	        Recheck Cond: ((id >= 5407994) AND (id <= 5408993))
	        ->  Bitmap Index Scan on sbtest5_pkey  (cost=0.00..21.57 rows=914 width=0)
	              Index Cond: ((id >= 5407994) AND (id <= 5408993))

table 6 : explain SELECT c FROM sbtest6 WHERE id BETWEEN 4011191 AND 4012190 ORDER BY c
	Sort  (cost=3992.59..3995.14 rows=1021 width=121)
	  Sort Key: c
	  ->  Bitmap Heap Scan on sbtest6  (cost=22.90..3941.56 rows=1021 width=121)
	        Recheck Cond: ((id >= 4011191) AND (id <= 4012190))
	        ->  Bitmap Index Scan on sbtest6_pkey  (cost=0.00..22.64 rows=1021 width=0)
	              Index Cond: ((id >= 4011191) AND (id <= 4012190))

table 7 : explain SELECT c FROM sbtest7 WHERE id BETWEEN 9341693 AND 9342692 ORDER BY c
	Sort  (cost=4455.95..4458.81 rows=1142 width=121)
	  Sort Key: c
	  ->  Bitmap Heap Scan on sbtest7  (cost=28.14..4397.96 rows=1142 width=121)
	        Recheck Cond: ((id >= 9341693) AND (id <= 9342692))
	        ->  Bitmap Index Scan on sbtest7_pkey  (cost=0.00..27.86 rows=1142 width=0)
	              Index Cond: ((id >= 9341693) AND (id <= 9342692))

table 8 : explain SELECT c FROM sbtest8 WHERE id BETWEEN 1832792 AND 1833791 ORDER BY c
	Sort  (cost=3967.10..3969.63 rows=1013 width=121)
	  Sort Key: c
	  ->  Bitmap Heap Scan on sbtest8  (cost=26.82..3916.53 rows=1013 width=121)
	        Recheck Cond: ((id >= 1832792) AND (id <= 1833791))
	        ->  Bitmap Index Scan on sbtest8_pkey  (cost=0.00..26.57 rows=1013 width=0)
	              Index Cond: ((id >= 1832792) AND (id <= 1833791))

for: sum_ranges
table 1 : explain SELECT SUM(k) FROM sbtest1 WHERE id BETWEEN 2179708 AND 2180707
	Aggregate  (cost=3986.72..3986.73 rows=1 width=8)
	  ->  Bitmap Heap Scan on sbtest1  (cost=23.02..3984.14 rows=1033 width=4)
	        Recheck Cond: ((id >= 2179708) AND (id <= 2180707))
	        ->  Bitmap Index Scan on sbtest1_pkey  (cost=0.00..22.76 rows=1033 width=0)
	              Index Cond: ((id >= 2179708) AND (id <= 2180707))

table 2 : explain SELECT SUM(k) FROM sbtest2 WHERE id BETWEEN 9024360 AND 9025359
	Aggregate  (cost=4048.16..4048.17 rows=1 width=8)
	  ->  Bitmap Heap Scan on sbtest2  (cost=23.19..4045.54 rows=1049 width=4)
	        Recheck Cond: ((id >= 9024360) AND (id <= 9025359))
	        ->  Bitmap Index Scan on sbtest2_pkey  (cost=0.00..22.93 rows=1049 width=0)
	              Index Cond: ((id >= 9024360) AND (id <= 9025359))

table 3 : explain SELECT SUM(k) FROM sbtest3 WHERE id BETWEEN 5872577 AND 5873576
	Aggregate  (cost=3822.30..3822.31 rows=1 width=8)
	  ->  Bitmap Heap Scan on sbtest3  (cost=22.57..3819.83 rows=989 width=4)
	        Recheck Cond: ((id >= 5872577) AND (id <= 5873576))
	        ->  Bitmap Index Scan on sbtest3_pkey  (cost=0.00..22.32 rows=989 width=0)
	              Index Cond: ((id >= 5872577) AND (id <= 5873576))

table 4 : explain SELECT SUM(k) FROM sbtest4 WHERE id BETWEEN 4660952 AND 4661951
	Aggregate  (cost=3570.35..3570.36 rows=1 width=8)
	  ->  Bitmap Heap Scan on sbtest4  (cost=21.89..3568.04 rows=922 width=4)
	        Recheck Cond: ((id >= 4660952) AND (id <= 4661951))
	        ->  Bitmap Index Scan on sbtest4_pkey  (cost=0.00..21.65 rows=922 width=0)
	              Index Cond: ((id >= 4660952) AND (id <= 4661951))

table 5 : explain SELECT SUM(k) FROM sbtest5 WHERE id BETWEEN 1108320 AND 1109319
	Aggregate  (cost=3831.00..3831.01 rows=1 width=8)
	  ->  Bitmap Heap Scan on sbtest5  (cost=22.59..3828.52 rows=991 width=4)
	        Recheck Cond: ((id >= 1108320) AND (id <= 1109319))
	        ->  Bitmap Index Scan on sbtest5_pkey  (cost=0.00..22.34 rows=991 width=0)
	              Index Cond: ((id >= 1108320) AND (id <= 1109319))

table 6 : explain SELECT SUM(k) FROM sbtest6 WHERE id BETWEEN 4397421 AND 4398420
	Aggregate  (cost=3883.81..3883.82 rows=1 width=8)
	  ->  Bitmap Heap Scan on sbtest6  (cost=22.74..3881.30 rows=1005 width=4)
	        Recheck Cond: ((id >= 4397421) AND (id <= 4398420))
	        ->  Bitmap Index Scan on sbtest6_pkey  (cost=0.00..22.48 rows=1005 width=0)
	              Index Cond: ((id >= 4397421) AND (id <= 4398420))

table 7 : explain SELECT SUM(k) FROM sbtest7 WHERE id BETWEEN 2050032 AND 2051031
	Aggregate  (cost=3847.25..3847.26 rows=1 width=8)
	  ->  Bitmap Heap Scan on sbtest7  (cost=22.63..3844.77 rows=995 width=4)
	        Recheck Cond: ((id >= 2050032) AND (id <= 2051031))
	        ->  Bitmap Index Scan on sbtest7_pkey  (cost=0.00..22.39 rows=995 width=0)
	              Index Cond: ((id >= 2050032) AND (id <= 2051031))

table 8 : explain SELECT SUM(k) FROM sbtest8 WHERE id BETWEEN 2162160 AND 2163159
	Aggregate  (cost=3986.91..3986.92 rows=1 width=8)
	  ->  Bitmap Heap Scan on sbtest8  (cost=27.00..3984.34 rows=1031 width=4)
	        Recheck Cond: ((id >= 2162160) AND (id <= 2163159))
	        ->  Bitmap Index Scan on sbtest8_pkey  (cost=0.00..26.75 rows=1031 width=0)
	              Index Cond: ((id >= 2162160) AND (id <= 2163159))

for: simple_ranges
table 1 : explain SELECT c FROM sbtest1 WHERE id BETWEEN 6978532 AND 6979531
	Bitmap Heap Scan on sbtest1  (cost=22.98..3969.09 rows=1029 width=121)
	  Recheck Cond: ((id >= 6978532) AND (id <= 6979531))
	  ->  Bitmap Index Scan on sbtest1_pkey  (cost=0.00..22.72 rows=1029 width=0)
	        Index Cond: ((id >= 6978532) AND (id <= 6979531))

table 2 : explain SELECT c FROM sbtest2 WHERE id BETWEEN 7026852 AND 7027851
	Bitmap Heap Scan on sbtest2  (cost=22.49..3789.57 rows=981 width=121)
	  Recheck Cond: ((id >= 7026852) AND (id <= 7027851))
	  ->  Bitmap Index Scan on sbtest2_pkey  (cost=0.00..22.25 rows=981 width=0)
	        Index Cond: ((id >= 7026852) AND (id <= 7027851))

table 3 : explain SELECT c FROM sbtest3 WHERE id BETWEEN 9686942 AND 9687941
	Bitmap Heap Scan on sbtest3  (cost=22.77..3891.39 rows=1008 width=121)
	  Recheck Cond: ((id >= 9686942) AND (id <= 9687941))
	  ->  Bitmap Index Scan on sbtest3_pkey  (cost=0.00..22.51 rows=1008 width=0)
	        Index Cond: ((id >= 9686942) AND (id <= 9687941))

table 4 : explain SELECT c FROM sbtest4 WHERE id BETWEEN 4957352 AND 4958351
	Bitmap Heap Scan on sbtest4  (cost=27.27..4080.91 rows=1057 width=121)
	  Recheck Cond: ((id >= 4957352) AND (id <= 4958351))
	  ->  Bitmap Index Scan on sbtest4_pkey  (cost=0.00..27.00 rows=1057 width=0)
	        Index Cond: ((id >= 4957352) AND (id <= 4958351))

table 5 : explain SELECT c FROM sbtest5 WHERE id BETWEEN 8814016 AND 8815015
	Bitmap Heap Scan on sbtest5  (cost=23.45..4144.69 rows=1075 width=121)
	  Recheck Cond: ((id >= 8814016) AND (id <= 8815015))
	  ->  Bitmap Index Scan on sbtest5_pkey  (cost=0.00..23.18 rows=1075 width=0)
	        Index Cond: ((id >= 8814016) AND (id <= 8815015))

table 6 : explain SELECT c FROM sbtest6 WHERE id BETWEEN 299792 AND 300791
	Bitmap Heap Scan on sbtest6  (cost=22.92..3949.09 rows=1023 width=121)
	  Recheck Cond: ((id >= 299792) AND (id <= 300791))
	  ->  Bitmap Index Scan on sbtest6_pkey  (cost=0.00..22.66 rows=1023 width=0)
	        Index Cond: ((id >= 299792) AND (id <= 300791))

table 7 : explain SELECT c FROM sbtest7 WHERE id BETWEEN 2608361 AND 2609360
	Bitmap Heap Scan on sbtest7  (cost=23.04..3995.49 rows=1035 width=121)
	  Recheck Cond: ((id >= 2608361) AND (id <= 2609360))
	  ->  Bitmap Index Scan on sbtest7_pkey  (cost=0.00..22.79 rows=1035 width=0)
	        Index Cond: ((id >= 2608361) AND (id <= 2609360))

table 8 : explain SELECT c FROM sbtest8 WHERE id BETWEEN 549188 AND 550187
	Bitmap Heap Scan on sbtest8  (cost=22.21..3689.99 rows=954 width=121)
	  Recheck Cond: ((id >= 549188) AND (id <= 550187))
	  ->  Bitmap Index Scan on sbtest8_pkey  (cost=0.00..21.97 rows=954 width=0)
	        Index Cond: ((id >= 549188) AND (id <= 550187))

for: distinct_ranges
table 1 : explain SELECT DISTINCT c FROM sbtest1 WHERE id BETWEEN 8214781 AND 8215780 ORDER BY c
	Unique  (cost=3733.89..3738.66 rows=954 width=121)
	  ->  Sort  (cost=3733.89..3736.28 rows=954 width=121)
	        Sort Key: c
	        ->  Bitmap Heap Scan on sbtest1  (cost=22.21..3686.68 rows=954 width=121)
	              Recheck Cond: ((id >= 8214781) AND (id <= 8215780))
	              ->  Bitmap Index Scan on sbtest1_pkey  (cost=0.00..21.97 rows=954 width=0)
	                    Index Cond: ((id >= 8214781) AND (id <= 8215780))

table 2 : explain SELECT DISTINCT c FROM sbtest2 WHERE id BETWEEN 5875899 AND 5876898 ORDER BY c
	Unique  (cost=4178.31..4183.66 rows=1070 width=121)
	  ->  Sort  (cost=4178.31..4180.98 rows=1070 width=121)
	        Sort Key: c
	        ->  Bitmap Heap Scan on sbtest2  (cost=23.40..4124.47 rows=1070 width=121)
	              Recheck Cond: ((id >= 5875899) AND (id <= 5876898))
	              ->  Bitmap Index Scan on sbtest2_pkey  (cost=0.00..23.14 rows=1070 width=0)
	                    Index Cond: ((id >= 5875899) AND (id <= 5876898))

table 3 : explain SELECT DISTINCT c FROM sbtest3 WHERE id BETWEEN 3612688 AND 3613687 ORDER BY c
	Unique  (cost=4178.44..4183.79 rows=1070 width=121)
	  ->  Sort  (cost=4178.44..4181.11 rows=1070 width=121)
	        Sort Key: c
	        ->  Bitmap Heap Scan on sbtest3  (cost=23.40..4124.60 rows=1070 width=121)
	              Recheck Cond: ((id >= 3612688) AND (id <= 3613687))
	              ->  Bitmap Index Scan on sbtest3_pkey  (cost=0.00..23.14 rows=1070 width=0)
	                    Index Cond: ((id >= 3612688) AND (id <= 3613687))

table 4 : explain SELECT DISTINCT c FROM sbtest4 WHERE id BETWEEN 1285209 AND 1286208 ORDER BY c
	Unique  (cost=4183.63..4188.98 rows=1070 width=121)
	  ->  Sort  (cost=4183.63..4186.30 rows=1070 width=121)
	        Sort Key: c
	        ->  Bitmap Heap Scan on sbtest4  (cost=27.40..4129.79 rows=1070 width=121)
	              Recheck Cond: ((id >= 1285209) AND (id <= 1286208))
	              ->  Bitmap Index Scan on sbtest4_pkey  (cost=0.00..27.14 rows=1070 width=0)
	                    Index Cond: ((id >= 1285209) AND (id <= 1286208))

table 5 : explain SELECT DISTINCT c FROM sbtest5 WHERE id BETWEEN 6884510 AND 6885509 ORDER BY c
	Unique  (cost=3602.03..3606.62 rows=919 width=121)
	  ->  Sort  (cost=3602.03..3604.33 rows=919 width=121)
	        Sort Key: c
	        ->  Bitmap Heap Scan on sbtest5  (cost=21.85..3556.80 rows=919 width=121)
	              Recheck Cond: ((id >= 6884510) AND (id <= 6885509))
	              ->  Bitmap Index Scan on sbtest5_pkey  (cost=0.00..21.62 rows=919 width=0)
	                    Index Cond: ((id >= 6884510) AND (id <= 6885509))

table 6 : explain SELECT DISTINCT c FROM sbtest6 WHERE id BETWEEN 4398371 AND 4399370 ORDER BY c
	Unique  (cost=3931.41..3936.44 rows=1005 width=121)
	  ->  Sort  (cost=3931.41..3933.93 rows=1005 width=121)
	        Sort Key: c
	        ->  Bitmap Heap Scan on sbtest6  (cost=22.74..3881.30 rows=1005 width=121)
	              Recheck Cond: ((id >= 4398371) AND (id <= 4399370))
	              ->  Bitmap Index Scan on sbtest6_pkey  (cost=0.00..22.48 rows=1005 width=0)
	                    Index Cond: ((id >= 4398371) AND (id <= 4399370))

table 7 : explain SELECT DISTINCT c FROM sbtest7 WHERE id BETWEEN 5811329 AND 5812328 ORDER BY c
	Unique  (cost=3982.31..3987.40 rows=1018 width=121)
	  ->  Sort  (cost=3982.31..3984.86 rows=1018 width=121)
	        Sort Key: c
	        ->  Bitmap Heap Scan on sbtest7  (cost=22.87..3931.46 rows=1018 width=121)
	              Recheck Cond: ((id >= 5811329) AND (id <= 5812328))
	              ->  Bitmap Index Scan on sbtest7_pkey  (cost=0.00..22.61 rows=1018 width=0)
	                    Index Cond: ((id >= 5811329) AND (id <= 5812328))

table 8 : explain SELECT DISTINCT c FROM sbtest8 WHERE id BETWEEN 3265741 AND 3266740 ORDER BY c
	Unique  (cost=4158.22..4163.53 rows=1063 width=121)
	  ->  Sort  (cost=4158.22..4160.87 rows=1063 width=121)
	        Sort Key: c
	        ->  Bitmap Heap Scan on sbtest8  (cost=27.33..4104.78 rows=1063 width=121)
	              Recheck Cond: ((id >= 3265741) AND (id <= 3266740))
	              ->  Bitmap Index Scan on sbtest8_pkey  (cost=0.00..27.07 rows=1063 width=0)
	                    Index Cond: ((id >= 3265741) AND (id <= 3266740))

for: simple_ranges
table 1 : explain SELECT c FROM sbtest1 WHERE id BETWEEN 4079958 AND 4080957
	Bitmap Heap Scan on sbtest1  (cost=23.03..3987.90 rows=1034 width=121)
	  Recheck Cond: ((id >= 4079958) AND (id <= 4080957))
	  ->  Bitmap Index Scan on sbtest1_pkey  (cost=0.00..22.77 rows=1034 width=0)
	        Index Cond: ((id >= 4079958) AND (id <= 4080957))

table 2 : explain SELECT c FROM sbtest2 WHERE id BETWEEN 3137133 AND 3138132
	Bitmap Heap Scan on sbtest2  (cost=22.82..3910.10 rows=1013 width=121)
	  Recheck Cond: ((id >= 3137133) AND (id <= 3138132))
	  ->  Bitmap Index Scan on sbtest2_pkey  (cost=0.00..22.57 rows=1013 width=0)
	        Index Cond: ((id >= 3137133) AND (id <= 3138132))

table 3 : explain SELECT c FROM sbtest3 WHERE id BETWEEN 4697430 AND 4698429
	Bitmap Heap Scan on sbtest3  (cost=22.71..3868.80 rows=1002 width=121)
	  Recheck Cond: ((id >= 4697430) AND (id <= 4698429))
	  ->  Bitmap Index Scan on sbtest3_pkey  (cost=0.00..22.45 rows=1002 width=0)
	        Index Cond: ((id >= 4697430) AND (id <= 4698429))

table 4 : explain SELECT c FROM sbtest4 WHERE id BETWEEN 7086769 AND 7087768
	Bitmap Heap Scan on sbtest4  (cost=23.19..4046.82 rows=1049 width=121)
	  Recheck Cond: ((id >= 7086769) AND (id <= 7087768))
	  ->  Bitmap Index Scan on sbtest4_pkey  (cost=0.00..22.93 rows=1049 width=0)
	        Index Cond: ((id >= 7086769) AND (id <= 7087768))

table 5 : explain SELECT c FROM sbtest5 WHERE id BETWEEN 4919297 AND 4920296
	Bitmap Heap Scan on sbtest5  (cost=22.58..3824.76 rows=990 width=121)
	  Recheck Cond: ((id >= 4919297) AND (id <= 4920296))
	  ->  Bitmap Index Scan on sbtest5_pkey  (cost=0.00..22.33 rows=990 width=0)
	        Index Cond: ((id >= 4919297) AND (id <= 4920296))

table 6 : explain SELECT c FROM sbtest6 WHERE id BETWEEN 2680484 AND 2681483
	Bitmap Heap Scan on sbtest6  (cost=22.31..3722.95 rows=963 width=121)
	  Recheck Cond: ((id >= 2680484) AND (id <= 2681483))
	  ->  Bitmap Index Scan on sbtest6_pkey  (cost=0.00..22.07 rows=963 width=0)
	        Index Cond: ((id >= 2680484) AND (id <= 2681483))

table 7 : explain SELECT c FROM sbtest7 WHERE id BETWEEN 133092 AND 134091
	Bitmap Heap Scan on sbtest7  (cost=22.48..3788.19 rows=980 width=121)
	  Recheck Cond: ((id >= 133092) AND (id <= 134091))
	  ->  Bitmap Index Scan on sbtest7_pkey  (cost=0.00..22.23 rows=980 width=0)
	        Index Cond: ((id >= 133092) AND (id <= 134091))

table 8 : explain SELECT c FROM sbtest8 WHERE id BETWEEN 4783650 AND 4784649
	Bitmap Heap Scan on sbtest8  (cost=26.88..3939.14 rows=1019 width=121)
	  Recheck Cond: ((id >= 4783650) AND (id <= 4784649))
	  ->  Bitmap Index Scan on sbtest8_pkey  (cost=0.00..26.62 rows=1019 width=0)
	        Index Cond: ((id >= 4783650) AND (id <= 4784649))

for: distinct_ranges
table 1 : explain SELECT DISTINCT c FROM sbtest1 WHERE id BETWEEN 3249923 AND 3250922 ORDER BY c
	Unique  (cost=3990.03..3995.14 rows=1021 width=121)
	  ->  Sort  (cost=3990.03..3992.59 rows=1021 width=121)
	        Sort Key: c
	        ->  Bitmap Heap Scan on sbtest1  (cost=22.90..3939.01 rows=1021 width=121)
	              Recheck Cond: ((id >= 3249923) AND (id <= 3250922))
	              ->  Bitmap Index Scan on sbtest1_pkey  (cost=0.00..22.64 rows=1021 width=0)
	                    Index Cond: ((id >= 3249923) AND (id <= 3250922))

table 2 : explain SELECT DISTINCT c FROM sbtest2 WHERE id BETWEEN 6646641 AND 6647640 ORDER BY c
	Unique  (cost=3960.67..3965.73 rows=1013 width=121)
	  ->  Sort  (cost=3960.67..3963.20 rows=1013 width=121)
	        Sort Key: c
	        ->  Bitmap Heap Scan on sbtest2  (cost=22.82..3910.10 rows=1013 width=121)
	              Recheck Cond: ((id >= 6646641) AND (id <= 6647640))
	              ->  Bitmap Index Scan on sbtest2_pkey  (cost=0.00..22.57 rows=1013 width=0)
	                    Index Cond: ((id >= 6646641) AND (id <= 6647640))

table 3 : explain SELECT DISTINCT c FROM sbtest3 WHERE id BETWEEN 138112 AND 139111 ORDER BY c
	Unique  (cost=3742.75..3747.53 rows=956 width=121)
	  ->  Sort  (cost=3742.75..3745.14 rows=956 width=121)
	        Sort Key: c
	        ->  Bitmap Heap Scan on sbtest3  (cost=22.23..3695.42 rows=956 width=121)
	              Recheck Cond: ((id >= 138112) AND (id <= 139111))
	              ->  Bitmap Index Scan on sbtest3_pkey  (cost=0.00..22.00 rows=956 width=0)
	                    Index Cond: ((id >= 138112) AND (id <= 139111))

table 4 : explain SELECT DISTINCT c FROM sbtest4 WHERE id BETWEEN 2040761 AND 2041760 ORDER BY c
	Unique  (cost=3862.44..3867.37 rows=987 width=121)
	  ->  Sort  (cost=3862.44..3864.90 rows=987 width=121)
	        Sort Key: c
	        ->  Bitmap Heap Scan on sbtest4  (cost=22.55..3813.35 rows=987 width=121)
	              Recheck Cond: ((id >= 2040761) AND (id <= 2041760))
	              ->  Bitmap Index Scan on sbtest4_pkey  (cost=0.00..22.30 rows=987 width=0)
	                    Index Cond: ((id >= 2040761) AND (id <= 2041760))

table 5 : explain SELECT DISTINCT c FROM sbtest5 WHERE id BETWEEN 8464045 AND 8465044 ORDER BY c
	Unique  (cost=4069.00..4074.21 rows=1041 width=121)
	  ->  Sort  (cost=4069.00..4071.60 rows=1041 width=121)
	        Sort Key: c
	        ->  Bitmap Heap Scan on sbtest5  (cost=23.11..4016.83 rows=1041 width=121)
	              Recheck Cond: ((id >= 8464045) AND (id <= 8465044))
	              ->  Bitmap Index Scan on sbtest5_pkey  (cost=0.00..22.84 rows=1041 width=0)
	                    Index Cond: ((id >= 8464045) AND (id <= 8465044))

table 6 : explain SELECT DISTINCT c FROM sbtest6 WHERE id BETWEEN 7181492 AND 7182491 ORDER BY c
	Unique  (cost=4237.18..4242.60 rows=1084 width=121)
	  ->  Sort  (cost=4237.18..4239.89 rows=1084 width=121)
	        Sort Key: c
	        ->  Bitmap Heap Scan on sbtest6  (cost=27.55..4182.54 rows=1084 width=121)
	              Recheck Cond: ((id >= 7181492) AND (id <= 7182491))
	              ->  Bitmap Index Scan on sbtest6_pkey  (cost=0.00..27.27 rows=1084 width=0)
	                    Index Cond: ((id >= 7181492) AND (id <= 7182491))

table 7 : explain SELECT DISTINCT c FROM sbtest7 WHERE id BETWEEN 8748956 AND 8749955 ORDER BY c
	Unique  (cost=3967.01..3972.08 rows=1014 width=121)
	  ->  Sort  (cost=3967.01..3969.55 rows=1014 width=121)
	        Sort Key: c
	        ->  Bitmap Heap Scan on sbtest7  (cost=22.83..3916.38 rows=1014 width=121)
	              Recheck Cond: ((id >= 8748956) AND (id <= 8749955))
	              ->  Bitmap Index Scan on sbtest7_pkey  (cost=0.00..22.57 rows=1014 width=0)
	                    Index Cond: ((id >= 8748956) AND (id <= 8749955))

table 8 : explain SELECT DISTINCT c FROM sbtest8 WHERE id BETWEEN 4370658 AND 4371657 ORDER BY c
	Unique  (cost=4001.52..4006.63 rows=1022 width=121)
	  ->  Sort  (cost=4001.52..4004.08 rows=1022 width=121)
	        Sort Key: c
	        ->  Bitmap Heap Scan on sbtest8  (cost=26.91..3950.44 rows=1022 width=121)
	              Recheck Cond: ((id >= 4370658) AND (id <= 4371657))
	              ->  Bitmap Index Scan on sbtest8_pkey  (cost=0.00..26.65 rows=1022 width=0)
	                    Index Cond: ((id >= 4370658) AND (id <= 4371657))

for: order_ranges
table 1 : explain SELECT c FROM sbtest1 WHERE id BETWEEN 853719 AND 854718 ORDER BY c
	Sort  (cost=3530.87..3533.12 rows=901 width=121)
	  Sort Key: c
	  ->  Bitmap Heap Scan on sbtest1  (cost=21.67..3486.65 rows=901 width=121)
	        Recheck Cond: ((id >= 853719) AND (id <= 854718))
	        ->  Bitmap Index Scan on sbtest1_pkey  (cost=0.00..21.44 rows=901 width=0)
	              Index Cond: ((id >= 853719) AND (id <= 854718))

table 2 : explain SELECT c FROM sbtest2 WHERE id BETWEEN 6939126 AND 6940125 ORDER BY c
	Sort  (cost=4224.07..4226.78 rows=1082 width=121)
	  Sort Key: c
	  ->  Bitmap Heap Scan on sbtest2  (cost=23.53..4169.54 rows=1082 width=121)
	        Recheck Cond: ((id >= 6939126) AND (id <= 6940125))
	        ->  Bitmap Index Scan on sbtest2_pkey  (cost=0.00..23.25 rows=1082 width=0)
	              Index Cond: ((id >= 6939126) AND (id <= 6940125))

table 3 : explain SELECT c FROM sbtest3 WHERE id BETWEEN 1817576 AND 1818575 ORDER BY c
	Sort  (cost=4300.73..4303.48 rows=1102 width=121)
	  Sort Key: c
	  ->  Bitmap Heap Scan on sbtest3  (cost=27.73..4245.04 rows=1102 width=121)
	        Recheck Cond: ((id >= 1817576) AND (id <= 1818575))
	        ->  Bitmap Index Scan on sbtest3_pkey  (cost=0.00..27.45 rows=1102 width=0)
	              Index Cond: ((id >= 1817576) AND (id <= 1818575))

table 4 : explain SELECT c FROM sbtest4 WHERE id BETWEEN 9360936 AND 9361935 ORDER BY c
	Sort  (cost=3647.95..3650.28 rows=931 width=121)
	  Sort Key: c
	  ->  Bitmap Heap Scan on sbtest4  (cost=21.98..3602.04 rows=931 width=121)
	        Recheck Cond: ((id >= 9360936) AND (id <= 9361935))
	        ->  Bitmap Index Scan on sbtest4_pkey  (cost=0.00..21.75 rows=931 width=0)
	              Index Cond: ((id >= 9360936) AND (id <= 9361935))

table 5 : explain SELECT c FROM sbtest5 WHERE id BETWEEN 3328437 AND 3329436 ORDER BY c
	Sort  (cost=3866.36..3868.83 rows=988 width=121)
	  Sort Key: c
	  ->  Bitmap Heap Scan on sbtest5  (cost=22.56..3817.22 rows=988 width=121)
	        Recheck Cond: ((id >= 3328437) AND (id <= 3329436))
	        ->  Bitmap Index Scan on sbtest5_pkey  (cost=0.00..22.32 rows=988 width=0)
	              Index Cond: ((id >= 3328437) AND (id <= 3329436))

table 6 : explain SELECT c FROM sbtest6 WHERE id BETWEEN 9498542 AND 9499541 ORDER BY c
	Sort  (cost=3896.99..3899.48 rows=996 width=121)
	  Sort Key: c
	  ->  Bitmap Heap Scan on sbtest6  (cost=22.64..3847.39 rows=996 width=121)
	        Recheck Cond: ((id >= 9498542) AND (id <= 9499541))
	        ->  Bitmap Index Scan on sbtest6_pkey  (cost=0.00..22.39 rows=996 width=0)
	              Index Cond: ((id >= 9498542) AND (id <= 9499541))

table 7 : explain SELECT c FROM sbtest7 WHERE id BETWEEN 9267352 AND 9268351 ORDER BY c
	Sort  (cost=3955.54..3958.06 rows=1011 width=121)
	  Sort Key: c
	  ->  Bitmap Heap Scan on sbtest7  (cost=22.80..3905.08 rows=1011 width=121)
	        Recheck Cond: ((id >= 9267352) AND (id <= 9268351))
	        ->  Bitmap Index Scan on sbtest7_pkey  (cost=0.00..22.54 rows=1011 width=0)
	              Index Cond: ((id >= 9267352) AND (id <= 9268351))

table 8 : explain SELECT c FROM sbtest8 WHERE id BETWEEN 5952335 AND 5953334 ORDER BY c
	Sort  (cost=3764.03..3766.43 rows=961 width=121)
	  Sort Key: c
	  ->  Bitmap Heap Scan on sbtest8  (cost=22.29..3716.42 rows=961 width=121)
	        Recheck Cond: ((id >= 5952335) AND (id <= 5953334))
	        ->  Bitmap Index Scan on sbtest8_pkey  (cost=0.00..22.04 rows=961 width=0)
	              Index Cond: ((id >= 5952335) AND (id <= 5953334))

for: distinct_ranges
table 1 : explain SELECT DISTINCT c FROM sbtest1 WHERE id BETWEEN 9992021 AND 9993020 ORDER BY c
	Unique  (cost=4062.57..4067.77 rows=1040 width=121)
	  ->  Sort  (cost=4062.57..4065.17 rows=1040 width=121)
	        Sort Key: c
	        ->  Bitmap Heap Scan on sbtest1  (cost=23.09..4010.45 rows=1040 width=121)
	              Recheck Cond: ((id >= 9992021) AND (id <= 9993020))
	              ->  Bitmap Index Scan on sbtest1_pkey  (cost=0.00..22.83 rows=1040 width=0)
	                    Index Cond: ((id >= 9992021) AND (id <= 9993020))

table 2 : explain SELECT DISTINCT c FROM sbtest2 WHERE id BETWEEN 2478158 AND 2479157 ORDER BY c
	Unique  (cost=3926.27..3931.29 rows=1004 width=121)
	  ->  Sort  (cost=3926.27..3928.78 rows=1004 width=121)
	        Sort Key: c
	        ->  Bitmap Heap Scan on sbtest2  (cost=22.73..3876.21 rows=1004 width=121)
	              Recheck Cond: ((id >= 2478158) AND (id <= 2479157))
	              ->  Bitmap Index Scan on sbtest2_pkey  (cost=0.00..22.47 rows=1004 width=0)
	                    Index Cond: ((id >= 2478158) AND (id <= 2479157))

table 3 : explain SELECT DISTINCT c FROM sbtest3 WHERE id BETWEEN 3944710 AND 3945709 ORDER BY c
	Unique  (cost=3627.82..3632.45 rows=926 width=121)
	  ->  Sort  (cost=3627.82..3630.14 rows=926 width=121)
	        Sort Key: c
	        ->  Bitmap Heap Scan on sbtest3  (cost=21.93..3582.20 rows=926 width=121)
	              Recheck Cond: ((id >= 3944710) AND (id <= 3945709))
	              ->  Bitmap Index Scan on sbtest3_pkey  (cost=0.00..21.69 rows=926 width=0)
	                    Index Cond: ((id >= 3944710) AND (id <= 3945709))

table 4 : explain SELECT DISTINCT c FROM sbtest4 WHERE id BETWEEN 1119297 AND 1120296 ORDER BY c
	Unique  (cost=3747.58..3752.37 rows=957 width=121)
	  ->  Sort  (cost=3747.58..3749.98 rows=957 width=121)
	        Sort Key: c
	        ->  Bitmap Heap Scan on sbtest4  (cost=22.24..3700.20 rows=957 width=121)
	              Recheck Cond: ((id >= 1119297) AND (id <= 1120296))
	              ->  Bitmap Index Scan on sbtest4_pkey  (cost=0.00..22.00 rows=957 width=0)
	                    Index Cond: ((id >= 1119297) AND (id <= 1120296))

table 5 : explain SELECT DISTINCT c FROM sbtest5 WHERE id BETWEEN 8297951 AND 8298950 ORDER BY c
	Unique  (cost=3950.52..3955.57 rows=1010 width=121)
	  ->  Sort  (cost=3950.52..3953.04 rows=1010 width=121)
	        Sort Key: c
	        ->  Bitmap Heap Scan on sbtest5  (cost=22.79..3900.12 rows=1010 width=121)
	              Recheck Cond: ((id >= 8297951) AND (id <= 8298950))
	              ->  Bitmap Index Scan on sbtest5_pkey  (cost=0.00..22.54 rows=1010 width=0)
	                    Index Cond: ((id >= 8297951) AND (id <= 8298950))

table 6 : explain SELECT DISTINCT c FROM sbtest6 WHERE id BETWEEN 4892690 AND 4893689 ORDER BY c
	Unique  (cost=3736.20..3740.97 rows=954 width=121)
	  ->  Sort  (cost=3736.20..3738.59 rows=954 width=121)
	        Sort Key: c
	        ->  Bitmap Heap Scan on sbtest6  (cost=22.21..3688.99 rows=954 width=121)
	              Recheck Cond: ((id >= 4892690) AND (id <= 4893689))
	              ->  Bitmap Index Scan on sbtest6_pkey  (cost=0.00..21.97 rows=954 width=0)
	                    Index Cond: ((id >= 4892690) AND (id <= 4893689))

table 7 : explain SELECT DISTINCT c FROM sbtest7 WHERE id BETWEEN 2709261 AND 2710260 ORDER BY c
	Unique  (cost=3932.58..3937.60 rows=1005 width=121)
	  ->  Sort  (cost=3932.58..3935.09 rows=1005 width=121)
	        Sort Key: c
	        ->  Bitmap Heap Scan on sbtest7  (cost=22.74..3882.47 rows=1005 width=121)
	              Recheck Cond: ((id >= 2709261) AND (id <= 2710260))
	              ->  Bitmap Index Scan on sbtest7_pkey  (cost=0.00..22.48 rows=1005 width=0)
	                    Index Cond: ((id >= 2709261) AND (id <= 2710260))

table 8 : explain SELECT DISTINCT c FROM sbtest8 WHERE id BETWEEN 6687218 AND 6688217 ORDER BY c
	Unique  (cost=4085.63..4090.85 rows=1044 width=121)
	  ->  Sort  (cost=4085.63..4088.24 rows=1044 width=121)
	        Sort Key: c
	        ->  Bitmap Heap Scan on sbtest8  (cost=27.14..4033.28 rows=1044 width=121)
	              Recheck Cond: ((id >= 6687218) AND (id <= 6688217))
	              ->  Bitmap Index Scan on sbtest8_pkey  (cost=0.00..26.87 rows=1044 width=0)
	                    Index Cond: ((id >= 6687218) AND (id <= 6688217))

for: sum_ranges
table 1 : explain SELECT SUM(k) FROM sbtest1 WHERE id BETWEEN 2727408 AND 2728407
	Aggregate  (cost=4140.88..4140.89 rows=1 width=8)
	  ->  Bitmap Heap Scan on sbtest1  (cost=23.44..4138.20 rows=1074 width=4)
	        Recheck Cond: ((id >= 2727408) AND (id <= 2728407))
	        ->  Bitmap Index Scan on sbtest1_pkey  (cost=0.00..23.18 rows=1074 width=0)
	              Index Cond: ((id >= 2727408) AND (id <= 2728407))

table 2 : explain SELECT SUM(k) FROM sbtest2 WHERE id BETWEEN 4234599 AND 4235598
	Aggregate  (cost=3905.10..3905.11 rows=1 width=8)
	  ->  Bitmap Heap Scan on sbtest2  (cost=22.80..3902.57 rows=1011 width=4)
	        Recheck Cond: ((id >= 4234599) AND (id <= 4235598))
	        ->  Bitmap Index Scan on sbtest2_pkey  (cost=0.00..22.54 rows=1011 width=0)
	              Index Cond: ((id >= 4234599) AND (id <= 4235598))

table 3 : explain SELECT SUM(k) FROM sbtest3 WHERE id BETWEEN 4838009 AND 4839008
	Aggregate  (cost=3524.04..3524.05 rows=1 width=8)
	  ->  Bitmap Heap Scan on sbtest3  (cost=21.76..3521.76 rows=910 width=4)
	        Recheck Cond: ((id >= 4838009) AND (id <= 4839008))
	        ->  Bitmap Index Scan on sbtest3_pkey  (cost=0.00..21.54 rows=910 width=0)
	              Index Cond: ((id >= 4838009) AND (id <= 4839008))

table 4 : explain SELECT SUM(k) FROM sbtest4 WHERE id BETWEEN 9005368 AND 9006367
	Aggregate  (cost=4094.84..4094.85 rows=1 width=8)
	  ->  Bitmap Heap Scan on sbtest4  (cost=27.30..4092.19 rows=1060 width=4)
	        Recheck Cond: ((id >= 9005368) AND (id <= 9006367))
	        ->  Bitmap Index Scan on sbtest4_pkey  (cost=0.00..27.04 rows=1060 width=0)
	              Index Cond: ((id >= 9005368) AND (id <= 9006367))

table 5 : explain SELECT SUM(k) FROM sbtest5 WHERE id BETWEEN 1987153 AND 1988152
	Aggregate  (cost=3823.46..3823.47 rows=1 width=8)
	  ->  Bitmap Heap Scan on sbtest5  (cost=22.57..3820.99 rows=989 width=4)
	        Recheck Cond: ((id >= 1987153) AND (id <= 1988152))
	        ->  Bitmap Index Scan on sbtest5_pkey  (cost=0.00..22.32 rows=989 width=0)
	              Index Cond: ((id >= 1987153) AND (id <= 1988152))

table 6 : explain SELECT SUM(k) FROM sbtest6 WHERE id BETWEEN 7612740 AND 7613739
	Aggregate  (cost=3853.65..3853.66 rows=1 width=8)
	  ->  Bitmap Heap Scan on sbtest6  (cost=22.65..3851.16 rows=997 width=4)
	        Recheck Cond: ((id >= 7612740) AND (id <= 7613739))
	        ->  Bitmap Index Scan on sbtest6_pkey  (cost=0.00..22.40 rows=997 width=0)
	              Index Cond: ((id >= 7612740) AND (id <= 7613739))

table 7 : explain SELECT SUM(k) FROM sbtest7 WHERE id BETWEEN 857995 AND 858994
	Aggregate  (cost=3918.92..3918.93 rows=1 width=8)
	  ->  Bitmap Heap Scan on sbtest7  (cost=22.83..3916.38 rows=1014 width=4)
	        Recheck Cond: ((id >= 857995) AND (id <= 858994))
	        ->  Bitmap Index Scan on sbtest7_pkey  (cost=0.00..22.57 rows=1014 width=0)
	              Index Cond: ((id >= 857995) AND (id <= 858994))

table 8 : explain SELECT SUM(k) FROM sbtest8 WHERE id BETWEEN 1587207 AND 1588206
	Aggregate  (cost=3749.03..3749.04 rows=1 width=8)
	  ->  Bitmap Heap Scan on sbtest8  (cost=22.37..3746.61 rows=969 width=4)
	        Recheck Cond: ((id >= 1587207) AND (id <= 1588206))
	        ->  Bitmap Index Scan on sbtest8_pkey  (cost=0.00..22.12 rows=969 width=0)
	              Index Cond: ((id >= 1587207) AND (id <= 1588206))

explain: for point_selects :: explain SELECT c FROM sbtest%u WHERE id=%u
for: distinct_ranges
table 1 : explain SELECT DISTINCT c FROM sbtest1 WHERE id BETWEEN 4507429 AND 4508428 ORDER BY c
	Unique  (cost=4058.75..4063.95 rows=1039 width=121)
	  ->  Sort  (cost=4058.75..4061.35 rows=1039 width=121)
	        Sort Key: c
	        ->  Bitmap Heap Scan on sbtest1  (cost=23.08..4006.70 rows=1039 width=121)
	              Recheck Cond: ((id >= 4507429) AND (id <= 4508428))
	              ->  Bitmap Index Scan on sbtest1_pkey  (cost=0.00..22.82 rows=1039 width=0)
	                    Index Cond: ((id >= 4507429) AND (id <= 4508428))

table 2 : explain SELECT DISTINCT c FROM sbtest2 WHERE id BETWEEN 84511 AND 85510 ORDER BY c
	Unique  (cost=3574.05..3578.61 rows=912 width=121)
	  ->  Sort  (cost=3574.05..3576.33 rows=912 width=121)
	        Sort Key: c
	        ->  Bitmap Heap Scan on sbtest2  (cost=21.78..3529.21 rows=912 width=121)
	              Recheck Cond: ((id >= 84511) AND (id <= 85510))
	              ->  Bitmap Index Scan on sbtest2_pkey  (cost=0.00..21.55 rows=912 width=0)
	                    Index Cond: ((id >= 84511) AND (id <= 85510))

table 3 : explain SELECT DISTINCT c FROM sbtest3 WHERE id BETWEEN 9664092 AND 9665091 ORDER BY c
	Unique  (cost=3941.68..3946.72 rows=1008 width=121)
	  ->  Sort  (cost=3941.68..3944.20 rows=1008 width=121)
	        Sort Key: c
	        ->  Bitmap Heap Scan on sbtest3  (cost=22.77..3891.39 rows=1008 width=121)
	              Recheck Cond: ((id >= 9664092) AND (id <= 9665091))
	              ->  Bitmap Index Scan on sbtest3_pkey  (cost=0.00..22.51 rows=1008 width=0)
	                    Index Cond: ((id >= 9664092) AND (id <= 9665091))

table 4 : explain SELECT DISTINCT c FROM sbtest4 WHERE id BETWEEN 5538765 AND 5539764 ORDER BY c
	Unique  (cost=3977.18..3982.26 rows=1017 width=121)
	  ->  Sort  (cost=3977.18..3979.72 rows=1017 width=121)
	        Sort Key: c
	        ->  Bitmap Heap Scan on sbtest4  (cost=22.86..3926.38 rows=1017 width=121)
	              Recheck Cond: ((id >= 5538765) AND (id <= 5539764))
	              ->  Bitmap Index Scan on sbtest4_pkey  (cost=0.00..22.61 rows=1017 width=0)
	                    Index Cond: ((id >= 5538765) AND (id <= 5539764))

table 5 : explain SELECT DISTINCT c FROM sbtest5 WHERE id BETWEEN 2590967 AND 2591966 ORDER BY c
	Unique  (cost=3690.21..3694.92 rows=942 width=121)
	  ->  Sort  (cost=3690.21..3692.56 rows=942 width=121)
	        Sort Key: c
	        ->  Bitmap Heap Scan on sbtest5  (cost=22.09..3643.67 rows=942 width=121)
	              Recheck Cond: ((id >= 2590967) AND (id <= 2591966))
	              ->  Bitmap Index Scan on sbtest5_pkey  (cost=0.00..21.86 rows=942 width=0)
	                    Index Cond: ((id >= 2590967) AND (id <= 2591966))

table 6 : explain SELECT DISTINCT c FROM sbtest6 WHERE id BETWEEN 9939372 AND 9940371 ORDER BY c
	Unique  (cost=4015.53..4020.66 rows=1027 width=121)
	  ->  Sort  (cost=4015.53..4018.09 rows=1027 width=121)
	        Sort Key: c
	        ->  Bitmap Heap Scan on sbtest6  (cost=22.96..3964.15 rows=1027 width=121)
	              Recheck Cond: ((id >= 9939372) AND (id <= 9940371))
	              ->  Bitmap Index Scan on sbtest6_pkey  (cost=0.00..22.70 rows=1027 width=0)
	                    Index Cond: ((id >= 9939372) AND (id <= 9940371))

table 7 : explain SELECT DISTINCT c FROM sbtest7 WHERE id BETWEEN 3199967 AND 3200966 ORDER BY c
	Unique  (cost=4314.81..4320.33 rows=1104 width=121)
	  ->  Sort  (cost=4314.81..4317.57 rows=1104 width=121)
	        Sort Key: c
	        ->  Bitmap Heap Scan on sbtest7  (cost=27.75..4259.01 rows=1104 width=121)
	              Recheck Cond: ((id >= 3199967) AND (id <= 3200966))
	              ->  Bitmap Index Scan on sbtest7_pkey  (cost=0.00..27.47 rows=1104 width=0)
	                    Index Cond: ((id >= 3199967) AND (id <= 3200966))

table 8 : explain SELECT DISTINCT c FROM sbtest8 WHERE id BETWEEN 9924359 AND 9925358 ORDER BY c
	Unique  (cost=3767.86..3772.67 rows=962 width=121)
	  ->  Sort  (cost=3767.86..3770.26 rows=962 width=121)
	        Sort Key: c
	        ->  Bitmap Heap Scan on sbtest8  (cost=22.30..3720.19 rows=962 width=121)
	              Recheck Cond: ((id >= 9924359) AND (id <= 9925358))
	              ->  Bitmap Index Scan on sbtest8_pkey  (cost=0.00..22.05 rows=962 width=0)
	                    Index Cond: ((id >= 9924359) AND (id <= 9925358))

for: sum_ranges
table 1 : explain SELECT SUM(k) FROM sbtest1 WHERE id BETWEEN 6621956 AND 6622955
	Aggregate  (cost=3636.23..3636.24 rows=1 width=8)
	  ->  Bitmap Heap Scan on sbtest1  (cost=22.07..3633.88 rows=940 width=4)
	        Recheck Cond: ((id >= 6621956) AND (id <= 6622955))
	        ->  Bitmap Index Scan on sbtest1_pkey  (cost=0.00..21.83 rows=940 width=0)
	              Index Cond: ((id >= 6621956) AND (id <= 6622955))

table 2 : explain SELECT SUM(k) FROM sbtest2 WHERE id BETWEEN 9712742 AND 9713741
	Aggregate  (cost=3844.80..3844.81 rows=1 width=8)
	  ->  Bitmap Heap Scan on sbtest2  (cost=22.63..3842.31 rows=995 width=4)
	        Recheck Cond: ((id >= 9712742) AND (id <= 9713741))
	        ->  Bitmap Index Scan on sbtest2_pkey  (cost=0.00..22.39 rows=995 width=0)
	              Index Cond: ((id >= 9712742) AND (id <= 9713741))

table 3 : explain SELECT SUM(k) FROM sbtest3 WHERE id BETWEEN 3676403 AND 3677402
	Aggregate  (cost=4127.27..4127.28 rows=1 width=8)
	  ->  Bitmap Heap Scan on sbtest3  (cost=23.40..4124.60 rows=1070 width=4)
	        Recheck Cond: ((id >= 3676403) AND (id <= 3677402))
	        ->  Bitmap Index Scan on sbtest3_pkey  (cost=0.00..23.14 rows=1070 width=0)
	              Index Cond: ((id >= 3676403) AND (id <= 3677402))

table 4 : explain SELECT SUM(k) FROM sbtest4 WHERE id BETWEEN 7917245 AND 7918244
	Aggregate  (cost=3887.46..3887.47 rows=1 width=8)
	  ->  Bitmap Heap Scan on sbtest4  (cost=22.75..3884.95 rows=1006 width=4)
	        Recheck Cond: ((id >= 7917245) AND (id <= 7918244))
	        ->  Bitmap Index Scan on sbtest4_pkey  (cost=0.00..22.50 rows=1006 width=0)
	              Index Cond: ((id >= 7917245) AND (id <= 7918244))

table 5 : explain SELECT SUM(k) FROM sbtest5 WHERE id BETWEEN 8335214 AND 8336213
	Aggregate  (cost=3895.10..3895.11 rows=1 width=8)
	  ->  Bitmap Heap Scan on sbtest5  (cost=22.77..3892.58 rows=1008 width=4)
	        Recheck Cond: ((id >= 8335214) AND (id <= 8336213))
	        ->  Bitmap Index Scan on sbtest5_pkey  (cost=0.00..22.51 rows=1008 width=0)
	              Index Cond: ((id >= 8335214) AND (id <= 8336213))

table 6 : explain SELECT SUM(k) FROM sbtest6 WHERE id BETWEEN 831392 AND 832391
	Aggregate  (cost=4249.15..4249.16 rows=1 width=8)
	  ->  Bitmap Heap Scan on sbtest6  (cost=27.72..4246.40 rows=1101 width=4)
	        Recheck Cond: ((id >= 831392) AND (id <= 832391))
	        ->  Bitmap Index Scan on sbtest6_pkey  (cost=0.00..27.44 rows=1101 width=0)
	              Index Cond: ((id >= 831392) AND (id <= 832391))

table 7 : explain SELECT SUM(k) FROM sbtest7 WHERE id BETWEEN 4124997 AND 4125996
	Aggregate  (cost=3605.51..3605.52 rows=1 width=8)
	  ->  Bitmap Heap Scan on sbtest7  (cost=21.98..3603.19 rows=931 width=4)
	        Recheck Cond: ((id >= 4124997) AND (id <= 4125996))
	        ->  Bitmap Index Scan on sbtest7_pkey  (cost=0.00..21.75 rows=931 width=0)
	              Index Cond: ((id >= 4124997) AND (id <= 4125996))

table 8 : explain SELECT SUM(k) FROM sbtest8 WHERE id BETWEEN 5277408 AND 5278407
	Aggregate  (cost=4043.42..4043.43 rows=1 width=8)
	  ->  Bitmap Heap Scan on sbtest8  (cost=27.16..4040.81 rows=1046 width=4)
	        Recheck Cond: ((id >= 5277408) AND (id <= 5278407))
	        ->  Bitmap Index Scan on sbtest8_pkey  (cost=0.00..26.89 rows=1046 width=0)
	              Index Cond: ((id >= 5277408) AND (id <= 5278407))

for: order_ranges
table 1 : explain SELECT c FROM sbtest1 WHERE id BETWEEN 4802091 AND 4803090 ORDER BY c
	Sort  (cost=3890.70..3893.19 rows=995 width=121)
	  Sort Key: c
	  ->  Bitmap Heap Scan on sbtest1  (cost=22.63..3841.16 rows=995 width=121)
	        Recheck Cond: ((id >= 4802091) AND (id <= 4803090))
	        ->  Bitmap Index Scan on sbtest1_pkey  (cost=0.00..22.39 rows=995 width=0)
	              Index Cond: ((id >= 4802091) AND (id <= 4803090))

table 2 : explain SELECT c FROM sbtest2 WHERE id BETWEEN 7066119 AND 7067118 ORDER BY c
	Sort  (cost=3838.31..3840.77 rows=981 width=121)
	  Sort Key: c
	  ->  Bitmap Heap Scan on sbtest2  (cost=22.49..3789.57 rows=981 width=121)
	        Recheck Cond: ((id >= 7066119) AND (id <= 7067118))
	        ->  Bitmap Index Scan on sbtest2_pkey  (cost=0.00..22.25 rows=981 width=0)
	              Index Cond: ((id >= 7066119) AND (id <= 7067118))

table 3 : explain SELECT c FROM sbtest3 WHERE id BETWEEN 4769150 AND 4770149 ORDER BY c
	Sort  (cost=3918.74..3921.25 rows=1002 width=121)
	  Sort Key: c
	  ->  Bitmap Heap Scan on sbtest3  (cost=22.71..3868.80 rows=1002 width=121)
	        Recheck Cond: ((id >= 4769150) AND (id <= 4770149))
	        ->  Bitmap Index Scan on sbtest3_pkey  (cost=0.00..22.45 rows=1002 width=0)
	              Index Cond: ((id >= 4769150) AND (id <= 4770149))

table 4 : explain SELECT c FROM sbtest4 WHERE id BETWEEN 4832745 AND 4833744 ORDER BY c
	Sort  (cost=3398.50..3400.67 rows=866 width=121)
	  Sort Key: c
	  ->  Bitmap Heap Scan on sbtest4  (cost=21.31..3356.25 rows=866 width=121)
	        Recheck Cond: ((id >= 4832745) AND (id <= 4833744))
	        ->  Bitmap Index Scan on sbtest4_pkey  (cost=0.00..21.09 rows=866 width=0)
	              Index Cond: ((id >= 4832745) AND (id <= 4833744))

table 5 : explain SELECT c FROM sbtest5 WHERE id BETWEEN 1619757 AND 1620756 ORDER BY c
	Sort  (cost=3935.22..3937.74 rows=1006 width=121)
	  Sort Key: c
	  ->  Bitmap Heap Scan on sbtest5  (cost=22.75..3885.05 rows=1006 width=121)
	        Recheck Cond: ((id >= 1619757) AND (id <= 1620756))
	        ->  Bitmap Index Scan on sbtest5_pkey  (cost=0.00..22.50 rows=1006 width=0)
	              Index Cond: ((id >= 1619757) AND (id <= 1620756))

table 6 : explain SELECT c FROM sbtest6 WHERE id BETWEEN 9412852 AND 9413851 ORDER BY c
	Sort  (cost=3919.94..3922.44 rows=1002 width=121)
	  Sort Key: c
	  ->  Bitmap Heap Scan on sbtest6  (cost=22.71..3870.00 rows=1002 width=121)
	        Recheck Cond: ((id >= 9412852) AND (id <= 9413851))
	        ->  Bitmap Index Scan on sbtest6_pkey  (cost=0.00..22.45 rows=1002 width=0)
	              Index Cond: ((id >= 9412852) AND (id <= 9413851))

table 7 : explain SELECT c FROM sbtest7 WHERE id BETWEEN 7986737 AND 7987736 ORDER BY c
	Sort  (cost=3748.78..3751.17 rows=957 width=121)
	  Sort Key: c
	  ->  Bitmap Heap Scan on sbtest7  (cost=22.24..3701.39 rows=957 width=121)
	        Recheck Cond: ((id >= 7986737) AND (id <= 7987736))
	        ->  Bitmap Index Scan on sbtest7_pkey  (cost=0.00..22.00 rows=957 width=0)
	              Index Cond: ((id >= 7986737) AND (id <= 7987736))

table 8 : explain SELECT c FROM sbtest8 WHERE id BETWEEN 6324179 AND 6325178 ORDER BY c
	Sort  (cost=4142.94..4145.58 rows=1059 width=121)
	  Sort Key: c
	  ->  Bitmap Heap Scan on sbtest8  (cost=27.29..4089.73 rows=1059 width=121)
	        Recheck Cond: ((id >= 6324179) AND (id <= 6325178))
	        ->  Bitmap Index Scan on sbtest8_pkey  (cost=0.00..27.02 rows=1059 width=0)
	              Index Cond: ((id >= 6324179) AND (id <= 6325178))

for: distinct_ranges
table 1 : explain SELECT DISTINCT c FROM sbtest1 WHERE id BETWEEN 1792761 AND 1793760 ORDER BY c
	Unique  (cost=3603.69..3608.29 rows=920 width=121)
	  ->  Sort  (cost=3603.69..3605.99 rows=920 width=121)
	        Sort Key: c
	        ->  Bitmap Heap Scan on sbtest1  (cost=21.87..3558.40 rows=920 width=121)
	              Recheck Cond: ((id >= 1792761) AND (id <= 1793760))
	              ->  Bitmap Index Scan on sbtest1_pkey  (cost=0.00..21.64 rows=920 width=0)
	                    Index Cond: ((id >= 1792761) AND (id <= 1793760))

table 2 : explain SELECT DISTINCT c FROM sbtest2 WHERE id BETWEEN 9536335 AND 9537334 ORDER BY c
	Unique  (cost=4132.52..4137.81 rows=1058 width=121)
	  ->  Sort  (cost=4132.52..4135.16 rows=1058 width=121)
	        Sort Key: c
	        ->  Bitmap Heap Scan on sbtest2  (cost=23.28..4079.37 rows=1058 width=121)
	              Recheck Cond: ((id >= 9536335) AND (id <= 9537334))
	              ->  Bitmap Index Scan on sbtest2_pkey  (cost=0.00..23.01 rows=1058 width=0)
	                    Index Cond: ((id >= 9536335) AND (id <= 9537334))

table 3 : explain SELECT DISTINCT c FROM sbtest3 WHERE id BETWEEN 2245470 AND 2246469 ORDER BY c
	Unique  (cost=4010.46..4015.59 rows=1026 width=121)
	  ->  Sort  (cost=4010.46..4013.03 rows=1026 width=121)
	        Sort Key: c
	        ->  Bitmap Heap Scan on sbtest3  (cost=22.95..3959.15 rows=1026 width=121)
	              Recheck Cond: ((id >= 2245470) AND (id <= 2246469))
	              ->  Bitmap Index Scan on sbtest3_pkey  (cost=0.00..22.69 rows=1026 width=0)
	                    Index Cond: ((id >= 2245470) AND (id <= 2246469))

table 4 : explain SELECT DISTINCT c FROM sbtest4 WHERE id BETWEEN 2898863 AND 2899862 ORDER BY c
	Unique  (cost=3881.57..3886.53 rows=992 width=121)
	  ->  Sort  (cost=3881.57..3884.05 rows=992 width=121)
	        Sort Key: c
	        ->  Bitmap Heap Scan on sbtest4  (cost=22.60..3832.19 rows=992 width=121)
	              Recheck Cond: ((id >= 2898863) AND (id <= 2899862))
	              ->  Bitmap Index Scan on sbtest4_pkey  (cost=0.00..22.36 rows=992 width=0)
	                    Index Cond: ((id >= 2898863) AND (id <= 2899862))

table 5 : explain SELECT DISTINCT c FROM sbtest5 WHERE id BETWEEN 3894282 AND 3895281 ORDER BY c
	Unique  (cost=4061.36..4066.56 rows=1039 width=121)
	  ->  Sort  (cost=4061.36..4063.96 rows=1039 width=121)
	        Sort Key: c
	        ->  Bitmap Heap Scan on sbtest5  (cost=23.08..4009.30 rows=1039 width=121)
	              Recheck Cond: ((id >= 3894282) AND (id <= 3895281))
	              ->  Bitmap Index Scan on sbtest5_pkey  (cost=0.00..22.82 rows=1039 width=0)
	                    Index Cond: ((id >= 3894282) AND (id <= 3895281))

table 6 : explain SELECT DISTINCT c FROM sbtest6 WHERE id BETWEEN 7766376 AND 7767375 ORDER BY c
	Unique  (cost=3939.06..3944.10 rows=1007 width=121)
	  ->  Sort  (cost=3939.06..3941.58 rows=1007 width=121)
	        Sort Key: c
	        ->  Bitmap Heap Scan on sbtest6  (cost=22.76..3888.83 rows=1007 width=121)
	              Recheck Cond: ((id >= 7766376) AND (id <= 7767375))
	              ->  Bitmap Index Scan on sbtest6_pkey  (cost=0.00..22.50 rows=1007 width=0)
	                    Index Cond: ((id >= 7766376) AND (id <= 7767375))

table 7 : explain SELECT DISTINCT c FROM sbtest7 WHERE id BETWEEN 6539555 AND 6540554 ORDER BY c
	Unique  (cost=3744.94..3749.72 rows=956 width=121)
	  ->  Sort  (cost=3744.94..3747.33 rows=956 width=121)
	        Sort Key: c
	        ->  Bitmap Heap Scan on sbtest7  (cost=22.23..3697.62 rows=956 width=121)
	              Recheck Cond: ((id >= 6539555) AND (id <= 6540554))
	              ->  Bitmap Index Scan on sbtest7_pkey  (cost=0.00..22.00 rows=956 width=0)
	                    Index Cond: ((id >= 6539555) AND (id <= 6540554))

table 8 : explain SELECT DISTINCT c FROM sbtest8 WHERE id BETWEEN 2533736 AND 2534735 ORDER BY c
	Unique  (cost=3656.69..3661.36 rows=933 width=121)
	  ->  Sort  (cost=3656.69..3659.03 rows=933 width=121)
	        Sort Key: c
	        ->  Bitmap Heap Scan on sbtest8  (cost=22.00..3610.67 rows=933 width=121)
	              Recheck Cond: ((id >= 2533736) AND (id <= 2534735))
	              ->  Bitmap Index Scan on sbtest8_pkey  (cost=0.00..21.76 rows=933 width=0)
	                    Index Cond: ((id >= 2533736) AND (id <= 2534735))

for: sum_ranges
table 1 : explain SELECT SUM(k) FROM sbtest1 WHERE id BETWEEN 9744511 AND 9745510
	Aggregate  (cost=3896.38..3896.39 rows=1 width=8)
	  ->  Bitmap Heap Scan on sbtest1  (cost=22.78..3893.86 rows=1009 width=4)
	        Recheck Cond: ((id >= 9744511) AND (id <= 9745510))
	        ->  Bitmap Index Scan on sbtest1_pkey  (cost=0.00..22.52 rows=1009 width=0)
	              Index Cond: ((id >= 9744511) AND (id <= 9745510))

table 2 : explain SELECT SUM(k) FROM sbtest2 WHERE id BETWEEN 9869946 AND 9870945
	Aggregate  (cost=3622.18..3622.19 rows=1 width=8)
	  ->  Bitmap Heap Scan on sbtest2  (cost=22.03..3619.84 rows=936 width=4)
	        Recheck Cond: ((id >= 9869946) AND (id <= 9870945))
	        ->  Bitmap Index Scan on sbtest2_pkey  (cost=0.00..21.79 rows=936 width=0)
	              Index Cond: ((id >= 9869946) AND (id <= 9870945))

table 3 : explain SELECT SUM(k) FROM sbtest3 WHERE id BETWEEN 7487986 AND 7488985
	Aggregate  (cost=3731.78..3731.79 rows=1 width=8)
	  ->  Bitmap Heap Scan on sbtest3  (cost=22.33..3729.36 rows=965 width=4)
	        Recheck Cond: ((id >= 7487986) AND (id <= 7488985))
	        ->  Bitmap Index Scan on sbtest3_pkey  (cost=0.00..22.08 rows=965 width=0)
	              Index Cond: ((id >= 7487986) AND (id <= 7488985))

table 4 : explain SELECT SUM(k) FROM sbtest4 WHERE id BETWEEN 4372159 AND 4373158
	Aggregate  (cost=3917.62..3917.63 rows=1 width=8)
	  ->  Bitmap Heap Scan on sbtest4  (cost=22.83..3915.08 rows=1014 width=4)
	        Recheck Cond: ((id >= 4372159) AND (id <= 4373158))
	        ->  Bitmap Index Scan on sbtest4_pkey  (cost=0.00..22.57 rows=1014 width=0)
	              Index Cond: ((id >= 4372159) AND (id <= 4373158))

table 5 : explain SELECT SUM(k) FROM sbtest5 WHERE id BETWEEN 1566069 AND 1567068
	Aggregate  (cost=3887.56..3887.57 rows=1 width=8)
	  ->  Bitmap Heap Scan on sbtest5  (cost=22.75..3885.05 rows=1006 width=4)
	        Recheck Cond: ((id >= 1566069) AND (id <= 1567068))
	        ->  Bitmap Index Scan on sbtest5_pkey  (cost=0.00..22.50 rows=1006 width=0)
	              Index Cond: ((id >= 1566069) AND (id <= 1567068))

table 6 : explain SELECT SUM(k) FROM sbtest6 WHERE id BETWEEN 8726 AND 9725
	Aggregate  (cost=3672.49..3672.50 rows=1 width=8)
	  ->  Bitmap Heap Scan on sbtest6  (cost=22.16..3670.12 rows=949 width=4)
	        Recheck Cond: ((id >= 8726) AND (id <= 9725))
	        ->  Bitmap Index Scan on sbtest6_pkey  (cost=0.00..21.93 rows=949 width=0)
	              Index Cond: ((id >= 8726) AND (id <= 9725))

table 7 : explain SELECT SUM(k) FROM sbtest7 WHERE id BETWEEN 385445 AND 386444
	Aggregate  (cost=3941.54..3941.55 rows=1 width=8)
	  ->  Bitmap Heap Scan on sbtest7  (cost=22.89..3938.99 rows=1020 width=4)
	        Recheck Cond: ((id >= 385445) AND (id <= 386444))
	        ->  Bitmap Index Scan on sbtest7_pkey  (cost=0.00..22.64 rows=1020 width=0)
	              Index Cond: ((id >= 385445) AND (id <= 386444))

table 8 : explain SELECT SUM(k) FROM sbtest8 WHERE id BETWEEN 4863263 AND 4864262
	Aggregate  (cost=3382.11..3382.12 rows=1 width=8)
	  ->  Bitmap Heap Scan on sbtest8  (cost=21.37..3379.93 rows=872 width=4)
	        Recheck Cond: ((id >= 4863263) AND (id <= 4864262))
	        ->  Bitmap Index Scan on sbtest8_pkey  (cost=0.00..21.15 rows=872 width=0)
	              Index Cond: ((id >= 4863263) AND (id <= 4864262))

for point_selects
table 1 : explain SELECT c FROM sbtest1 WHERE id=725913
	Index Scan using sbtest1_pkey on sbtest1  (cost=0.43..8.45 rows=1 width=121)
	  Index Cond: (id = 725913)

table 2 : explain SELECT c FROM sbtest2 WHERE id=5561799
	Index Scan using sbtest2_pkey on sbtest2  (cost=0.43..8.45 rows=1 width=121)
	  Index Cond: (id = 5561799)

table 3 : explain SELECT c FROM sbtest3 WHERE id=1866901
	Index Scan using sbtest3_pkey on sbtest3  (cost=0.43..8.45 rows=1 width=121)
	  Index Cond: (id = 1866901)

table 4 : explain SELECT c FROM sbtest4 WHERE id=203335
	Index Scan using sbtest4_pkey on sbtest4  (cost=0.43..8.45 rows=1 width=121)
	  Index Cond: (id = 203335)

table 5 : explain SELECT c FROM sbtest5 WHERE id=6444872
	Index Scan using sbtest5_pkey on sbtest5  (cost=0.43..8.45 rows=1 width=121)
	  Index Cond: (id = 6444872)

table 6 : explain SELECT c FROM sbtest6 WHERE id=247385
	Index Scan using sbtest6_pkey on sbtest6  (cost=0.43..8.45 rows=1 width=121)
	  Index Cond: (id = 247385)

table 7 : explain SELECT c FROM sbtest7 WHERE id=6331558
	Index Scan using sbtest7_pkey on sbtest7  (cost=0.43..8.45 rows=1 width=121)
	  Index Cond: (id = 6331558)

table 8 : explain SELECT c FROM sbtest8 WHERE id=4565367
	Index Scan using sbtest8_pkey on sbtest8  (cost=0.43..8.45 rows=1 width=121)
	  Index Cond: (id = 4565367)

for point_selects
table 1 : explain SELECT c FROM sbtest1 WHERE id=5808616
	Index Scan using sbtest1_pkey on sbtest1  (cost=0.43..8.45 rows=1 width=121)
	  Index Cond: (id = 5808616)

table 2 : explain SELECT c FROM sbtest2 WHERE id=201987
	Index Scan using sbtest2_pkey on sbtest2  (cost=0.43..8.45 rows=1 width=121)
	  Index Cond: (id = 201987)

table 3 : explain SELECT c FROM sbtest3 WHERE id=394391
	Index Scan using sbtest3_pkey on sbtest3  (cost=0.43..8.45 rows=1 width=121)
	  Index Cond: (id = 394391)

table 4 : explain SELECT c FROM sbtest4 WHERE id=7043114
	Index Scan using sbtest4_pkey on sbtest4  (cost=0.43..8.45 rows=1 width=121)
	  Index Cond: (id = 7043114)

table 5 : explain SELECT c FROM sbtest5 WHERE id=2302760
	Index Scan using sbtest5_pkey on sbtest5  (cost=0.43..8.45 rows=1 width=121)
	  Index Cond: (id = 2302760)

table 6 : explain SELECT c FROM sbtest6 WHERE id=3626850
	Index Scan using sbtest6_pkey on sbtest6  (cost=0.43..8.45 rows=1 width=121)
	  Index Cond: (id = 3626850)

table 7 : explain SELECT c FROM sbtest7 WHERE id=6780020
	Index Scan using sbtest7_pkey on sbtest7  (cost=0.43..8.45 rows=1 width=121)
	  Index Cond: (id = 6780020)

table 8 : explain SELECT c FROM sbtest8 WHERE id=4106120
	Index Scan using sbtest8_pkey on sbtest8  (cost=0.43..8.45 rows=1 width=121)
	  Index Cond: (id = 4106120)

explain: for point_selects :: explain SELECT c FROM sbtest%u WHERE id=%u
for point_selects
table 1 : explain SELECT c FROM sbtest1 WHERE id=7624080
	Index Scan using sbtest1_pkey on sbtest1  (cost=0.43..8.45 rows=1 width=121)
	  Index Cond: (id = 7624080)

table 2 : explain SELECT c FROM sbtest2 WHERE id=2780119
	Index Scan using sbtest2_pkey on sbtest2  (cost=0.43..8.45 rows=1 width=121)
	  Index Cond: (id = 2780119)

table 3 : explain SELECT c FROM sbtest3 WHERE id=3910377
	Index Scan using sbtest3_pkey on sbtest3  (cost=0.43..8.45 rows=1 width=121)
	  Index Cond: (id = 3910377)

table 4 : explain SELECT c FROM sbtest4 WHERE id=7144488
	Index Scan using sbtest4_pkey on sbtest4  (cost=0.43..8.45 rows=1 width=121)
	  Index Cond: (id = 7144488)

table 5 : explain SELECT c FROM sbtest5 WHERE id=1387151
	Index Scan using sbtest5_pkey on sbtest5  (cost=0.43..8.45 rows=1 width=121)
	  Index Cond: (id = 1387151)

table 6 : explain SELECT c FROM sbtest6 WHERE id=3518096
	Index Scan using sbtest6_pkey on sbtest6  (cost=0.43..8.45 rows=1 width=121)
	  Index Cond: (id = 3518096)

table 7 : explain SELECT c FROM sbtest7 WHERE id=6756253
	Index Scan using sbtest7_pkey on sbtest7  (cost=0.43..8.45 rows=1 width=121)
	  Index Cond: (id = 6756253)

table 8 : explain SELECT c FROM sbtest8 WHERE id=7626886
	Index Scan using sbtest8_pkey on sbtest8  (cost=0.43..8.45 rows=1 width=121)
	  Index Cond: (id = 7626886)

for: order_ranges
table 1 : explain SELECT c FROM sbtest1 WHERE id BETWEEN 6318232 AND 6319231 ORDER BY c
	Sort  (cost=3913.63..3916.13 rows=1001 width=121)
	  Sort Key: c
	  ->  Bitmap Heap Scan on sbtest1  (cost=22.70..3863.75 rows=1001 width=121)
	        Recheck Cond: ((id >= 6318232) AND (id <= 6319231))
	        ->  Bitmap Index Scan on sbtest1_pkey  (cost=0.00..22.44 rows=1001 width=0)
	              Index Cond: ((id >= 6318232) AND (id <= 6319231))

table 2 : explain SELECT c FROM sbtest2 WHERE id BETWEEN 294245 AND 295244 ORDER BY c
	Sort  (cost=4136.34..4138.98 rows=1059 width=121)
	  Sort Key: c
	  ->  Bitmap Heap Scan on sbtest2  (cost=23.29..4083.13 rows=1059 width=121)
	        Recheck Cond: ((id >= 294245) AND (id <= 295244))
	        ->  Bitmap Index Scan on sbtest2_pkey  (cost=0.00..23.02 rows=1059 width=0)
	              Index Cond: ((id >= 294245) AND (id <= 295244))

table 3 : explain SELECT c FROM sbtest3 WHERE id BETWEEN 6069535 AND 6070534 ORDER BY c
	Sort  (cost=3589.49..3591.78 rows=916 width=121)
	  Sort Key: c
	  ->  Bitmap Heap Scan on sbtest3  (cost=21.82..3544.43 rows=916 width=121)
	        Recheck Cond: ((id >= 6069535) AND (id <= 6070534))
	        ->  Bitmap Index Scan on sbtest3_pkey  (cost=0.00..21.59 rows=916 width=0)
	              Index Cond: ((id >= 6069535) AND (id <= 6070534))

table 4 : explain SELECT c FROM sbtest4 WHERE id BETWEEN 6528546 AND 6529545 ORDER BY c
	Sort  (cost=4355.34..4358.13 rows=1116 width=121)
	  Sort Key: c
	  ->  Bitmap Heap Scan on sbtest4  (cost=27.87..4298.85 rows=1116 width=121)
	        Recheck Cond: ((id >= 6528546) AND (id <= 6529545))
	        ->  Bitmap Index Scan on sbtest4_pkey  (cost=0.00..27.59 rows=1116 width=0)
	              Index Cond: ((id >= 6528546) AND (id <= 6529545))

table 5 : explain SELECT c FROM sbtest5 WHERE id BETWEEN 6308902 AND 6309901 ORDER BY c
	Sort  (cost=4366.89..4369.69 rows=1119 width=121)
	  Sort Key: c
	  ->  Bitmap Heap Scan on sbtest5  (cost=27.90..4310.23 rows=1119 width=121)
	        Recheck Cond: ((id >= 6308902) AND (id <= 6309901))
	        ->  Bitmap Index Scan on sbtest5_pkey  (cost=0.00..27.62 rows=1119 width=0)
	              Index Cond: ((id >= 6308902) AND (id <= 6309901))

table 6 : explain SELECT c FROM sbtest6 WHERE id BETWEEN 4542314 AND 4543313 ORDER BY c
	Sort  (cost=3946.71..3949.23 rows=1009 width=121)
	  Sort Key: c
	  ->  Bitmap Heap Scan on sbtest6  (cost=22.78..3896.37 rows=1009 width=121)
	        Recheck Cond: ((id >= 4542314) AND (id <= 4543313))
	        ->  Bitmap Index Scan on sbtest6_pkey  (cost=0.00..22.52 rows=1009 width=0)
	              Index Cond: ((id >= 4542314) AND (id <= 4543313))

table 7 : explain SELECT c FROM sbtest7 WHERE id BETWEEN 8793700 AND 8794699 ORDER BY c
	Sort  (cost=3967.01..3969.55 rows=1014 width=121)
	  Sort Key: c
	  ->  Bitmap Heap Scan on sbtest7  (cost=22.83..3916.38 rows=1014 width=121)
	        Recheck Cond: ((id >= 8793700) AND (id <= 8794699))
	        ->  Bitmap Index Scan on sbtest7_pkey  (cost=0.00..22.57 rows=1014 width=0)
	              Index Cond: ((id >= 8793700) AND (id <= 8794699))

table 8 : explain SELECT c FROM sbtest8 WHERE id BETWEEN 2409531 AND 2410530 ORDER BY c
	Sort  (cost=3744.87..3747.26 rows=956 width=121)
	  Sort Key: c
	  ->  Bitmap Heap Scan on sbtest8  (cost=22.23..3697.54 rows=956 width=121)
	        Recheck Cond: ((id >= 2409531) AND (id <= 2410530))
	        ->  Bitmap Index Scan on sbtest8_pkey  (cost=0.00..22.00 rows=956 width=0)
	              Index Cond: ((id >= 2409531) AND (id <= 2410530))

for: order_ranges
table 1 : explain SELECT c FROM sbtest1 WHERE id BETWEEN 7668820 AND 7669819 ORDER BY c
	Sort  (cost=3829.53..3831.98 rows=979 width=121)
	  Sort Key: c
	  ->  Bitmap Heap Scan on sbtest1  (cost=22.47..3780.90 rows=979 width=121)
	        Recheck Cond: ((id >= 7668820) AND (id <= 7669819))
	        ->  Bitmap Index Scan on sbtest1_pkey  (cost=0.00..22.22 rows=979 width=0)
	              Index Cond: ((id >= 7668820) AND (id <= 7669819))

table 2 : explain SELECT c FROM sbtest2 WHERE id BETWEEN 1170500 AND 1171499 ORDER BY c
	Sort  (cost=3918.62..3921.13 rows=1002 width=121)
	  Sort Key: c
	  ->  Bitmap Heap Scan on sbtest2  (cost=22.71..3868.68 rows=1002 width=121)
	        Recheck Cond: ((id >= 1170500) AND (id <= 1171499))
	        ->  Bitmap Index Scan on sbtest2_pkey  (cost=0.00..22.45 rows=1002 width=0)
	              Index Cond: ((id >= 1170500) AND (id <= 1171499))

table 3 : explain SELECT c FROM sbtest3 WHERE id BETWEEN 6462436 AND 6463435 ORDER BY c
	Sort  (cost=3723.60..3725.98 rows=951 width=121)
	  Sort Key: c
	  ->  Bitmap Heap Scan on sbtest3  (cost=22.18..3676.56 rows=951 width=121)
	        Recheck Cond: ((id >= 6462436) AND (id <= 6463435))
	        ->  Bitmap Index Scan on sbtest3_pkey  (cost=0.00..21.94 rows=951 width=0)
	              Index Cond: ((id >= 6462436) AND (id <= 6463435))

table 4 : explain SELECT c FROM sbtest4 WHERE id BETWEEN 2020148 AND 2021147 ORDER BY c
	Sort  (cost=3862.44..3864.90 rows=987 width=121)
	  Sort Key: c
	  ->  Bitmap Heap Scan on sbtest4  (cost=22.55..3813.35 rows=987 width=121)
	        Recheck Cond: ((id >= 2020148) AND (id <= 2021147))
	        ->  Bitmap Index Scan on sbtest4_pkey  (cost=0.00..22.30 rows=987 width=0)
	              Index Cond: ((id >= 2020148) AND (id <= 2021147))

table 5 : explain SELECT c FROM sbtest5 WHERE id BETWEEN 1328369 AND 1329368 ORDER BY c
	Sort  (cost=3598.19..3600.49 rows=918 width=121)
	  Sort Key: c
	  ->  Bitmap Heap Scan on sbtest5  (cost=21.84..3553.02 rows=918 width=121)
	        Recheck Cond: ((id >= 1328369) AND (id <= 1329368))
	        ->  Bitmap Index Scan on sbtest5_pkey  (cost=0.00..21.61 rows=918 width=0)
	              Index Cond: ((id >= 1328369) AND (id <= 1329368))

table 6 : explain SELECT c FROM sbtest6 WHERE id BETWEEN 523642 AND 524641 ORDER BY c
	Sort  (cost=3394.76..3396.92 rows=865 width=121)
	  Sort Key: c
	  ->  Bitmap Heap Scan on sbtest6  (cost=21.30..3352.56 rows=865 width=121)
	        Recheck Cond: ((id >= 523642) AND (id <= 524641))
	        ->  Bitmap Index Scan on sbtest6_pkey  (cost=0.00..21.08 rows=865 width=0)
	              Index Cond: ((id >= 523642) AND (id <= 524641))

table 7 : explain SELECT c FROM sbtest7 WHERE id BETWEEN 6848293 AND 6849292 ORDER BY c
	Sort  (cost=3879.00..3881.48 rows=991 width=121)
	  Sort Key: c
	  ->  Bitmap Heap Scan on sbtest7  (cost=22.59..3829.68 rows=991 width=121)
	        Recheck Cond: ((id >= 6848293) AND (id <= 6849292))
	        ->  Bitmap Index Scan on sbtest7_pkey  (cost=0.00..22.34 rows=991 width=0)
	              Index Cond: ((id >= 6848293) AND (id <= 6849292))

table 8 : explain SELECT c FROM sbtest8 WHERE id BETWEEN 7133521 AND 7134520 ORDER BY c
	Sort  (cost=4020.64..4023.21 rows=1027 width=121)
	  Sort Key: c
	  ->  Bitmap Heap Scan on sbtest8  (cost=26.96..3969.27 rows=1027 width=121)
	        Recheck Cond: ((id >= 7133521) AND (id <= 7134520))
	        ->  Bitmap Index Scan on sbtest8_pkey  (cost=0.00..26.70 rows=1027 width=0)
	              Index Cond: ((id >= 7133521) AND (id <= 7134520))

for: order_ranges
table 1 : explain SELECT c FROM sbtest1 WHERE id BETWEEN 4936817 AND 4937816 ORDER BY c
	Sort  (cost=4115.99..4118.63 rows=1054 width=121)
	  Sort Key: c
	  ->  Bitmap Heap Scan on sbtest1  (cost=23.24..4063.07 rows=1054 width=121)
	        Recheck Cond: ((id >= 4936817) AND (id <= 4937816))
	        ->  Bitmap Index Scan on sbtest1_pkey  (cost=0.00..22.97 rows=1054 width=0)
	              Index Cond: ((id >= 4936817) AND (id <= 4937816))

table 2 : explain SELECT c FROM sbtest2 WHERE id BETWEEN 403464 AND 404463 ORDER BY c
	Sort  (cost=3872.74..3875.21 rows=990 width=121)
	  Sort Key: c
	  ->  Bitmap Heap Scan on sbtest2  (cost=22.58..3823.48 rows=990 width=121)
	        Recheck Cond: ((id >= 403464) AND (id <= 404463))
	        ->  Bitmap Index Scan on sbtest2_pkey  (cost=0.00..22.33 rows=990 width=0)
	              Index Cond: ((id >= 403464) AND (id <= 404463))

table 3 : explain SELECT c FROM sbtest3 WHERE id BETWEEN 4173392 AND 4174391 ORDER BY c
	Sort  (cost=4060.12..4062.71 rows=1039 width=121)
	  Sort Key: c
	  ->  Bitmap Heap Scan on sbtest3  (cost=23.08..4008.06 rows=1039 width=121)
	        Recheck Cond: ((id >= 4173392) AND (id <= 4174391))
	        ->  Bitmap Index Scan on sbtest3_pkey  (cost=0.00..22.82 rows=1039 width=0)
	              Index Cond: ((id >= 4173392) AND (id <= 4174391))

table 4 : explain SELECT c FROM sbtest4 WHERE id BETWEEN 6828107 AND 6829106 ORDER BY c
	Sort  (cost=4305.70..4308.46 rows=1102 width=121)
	  Sort Key: c
	  ->  Bitmap Heap Scan on sbtest4  (cost=27.73..4250.02 rows=1102 width=121)
	        Recheck Cond: ((id >= 6828107) AND (id <= 6829106))
	        ->  Bitmap Index Scan on sbtest4_pkey  (cost=0.00..27.45 rows=1102 width=0)
	              Index Cond: ((id >= 6828107) AND (id <= 6829106))

table 5 : explain SELECT c FROM sbtest5 WHERE id BETWEEN 1500322 AND 1501321 ORDER BY c
	Sort  (cost=3701.70..3704.06 rows=945 width=121)
	  Sort Key: c
	  ->  Bitmap Heap Scan on sbtest5  (cost=22.12..3655.00 rows=945 width=121)
	        Recheck Cond: ((id >= 1500322) AND (id <= 1501321))
	        ->  Bitmap Index Scan on sbtest5_pkey  (cost=0.00..21.89 rows=945 width=0)
	              Index Cond: ((id >= 1500322) AND (id <= 1501321))

table 6 : explain SELECT c FROM sbtest6 WHERE id BETWEEN 5480483 AND 5481482 ORDER BY c
	Sort  (cost=3763.01..3765.42 rows=961 width=121)
	  Sort Key: c
	  ->  Bitmap Heap Scan on sbtest6  (cost=22.29..3715.40 rows=961 width=121)
	        Recheck Cond: ((id >= 5480483) AND (id <= 5481482))
	        ->  Bitmap Index Scan on sbtest6_pkey  (cost=0.00..22.04 rows=961 width=0)
	              Index Cond: ((id >= 5480483) AND (id <= 5481482))

table 7 : explain SELECT c FROM sbtest7 WHERE id BETWEEN 5817773 AND 5818772 ORDER BY c
	Sort  (cost=3982.31..3984.86 rows=1018 width=121)
	  Sort Key: c
	  ->  Bitmap Heap Scan on sbtest7  (cost=22.87..3931.46 rows=1018 width=121)
	        Recheck Cond: ((id >= 5817773) AND (id <= 5818772))
	        ->  Bitmap Index Scan on sbtest7_pkey  (cost=0.00..22.61 rows=1018 width=0)
	              Index Cond: ((id >= 5817773) AND (id <= 5818772))

table 8 : explain SELECT c FROM sbtest8 WHERE id BETWEEN 4019836 AND 4020835 ORDER BY c
	Sort  (cost=3917.36..3919.86 rows=1000 width=121)
	  Sort Key: c
	  ->  Bitmap Heap Scan on sbtest8  (cost=26.68..3867.53 rows=1000 width=121)
	        Recheck Cond: ((id >= 4019836) AND (id <= 4020835))
	        ->  Bitmap Index Scan on sbtest8_pkey  (cost=0.00..26.43 rows=1000 width=0)
	              Index Cond: ((id >= 4019836) AND (id <= 4020835))

explain: for point_selects :: explain SELECT c FROM sbtest%u WHERE id=%u
for point_selects
table 1 : explain SELECT c FROM sbtest1 WHERE id=1499551
	Index Scan using sbtest1_pkey on sbtest1  (cost=0.43..8.45 rows=1 width=121)
	  Index Cond: (id = 1499551)

table 2 : explain SELECT c FROM sbtest2 WHERE id=9533934
	Index Scan using sbtest2_pkey on sbtest2  (cost=0.43..8.45 rows=1 width=121)
	  Index Cond: (id = 9533934)

table 3 : explain SELECT c FROM sbtest3 WHERE id=1371883
	Index Scan using sbtest3_pkey on sbtest3  (cost=0.43..8.45 rows=1 width=121)
	  Index Cond: (id = 1371883)

table 4 : explain SELECT c FROM sbtest4 WHERE id=3220516
	Index Scan using sbtest4_pkey on sbtest4  (cost=0.43..8.45 rows=1 width=121)
	  Index Cond: (id = 3220516)

table 5 : explain SELECT c FROM sbtest5 WHERE id=6063948
	Index Scan using sbtest5_pkey on sbtest5  (cost=0.43..8.45 rows=1 width=121)
	  Index Cond: (id = 6063948)

table 6 : explain SELECT c FROM sbtest6 WHERE id=1474023
	Index Scan using sbtest6_pkey on sbtest6  (cost=0.43..8.45 rows=1 width=121)
	  Index Cond: (id = 1474023)

table 7 : explain SELECT c FROM sbtest7 WHERE id=4744208
	Index Scan using sbtest7_pkey on sbtest7  (cost=0.43..8.45 rows=1 width=121)
	  Index Cond: (id = 4744208)

table 8 : explain SELECT c FROM sbtest8 WHERE id=4826396
	Index Scan using sbtest8_pkey on sbtest8  (cost=0.43..8.45 rows=1 width=121)
	  Index Cond: (id = 4826396)

for: simple_ranges
table 1 : explain SELECT c FROM sbtest1 WHERE id BETWEEN 2718977 AND 2719976
	Bitmap Heap Scan on sbtest1  (cost=23.44..4138.20 rows=1074 width=121)
	  Recheck Cond: ((id >= 2718977) AND (id <= 2719976))
	  ->  Bitmap Index Scan on sbtest1_pkey  (cost=0.00..23.18 rows=1074 width=0)
	        Index Cond: ((id >= 2718977) AND (id <= 2719976))

table 2 : explain SELECT c FROM sbtest2 WHERE id BETWEEN 618036 AND 619035
	Bitmap Heap Scan on sbtest2  (cost=21.84..3551.88 rows=918 width=121)
	  Recheck Cond: ((id >= 618036) AND (id <= 619035))
	  ->  Bitmap Index Scan on sbtest2_pkey  (cost=0.00..21.61 rows=918 width=0)
	        Index Cond: ((id >= 618036) AND (id <= 619035))

table 3 : explain SELECT c FROM sbtest3 WHERE id BETWEEN 2530918 AND 2531917
	Bitmap Heap Scan on sbtest3  (cost=22.38..3748.22 rows=970 width=121)
	  Recheck Cond: ((id >= 2530918) AND (id <= 2531917))
	  ->  Bitmap Index Scan on sbtest3_pkey  (cost=0.00..22.14 rows=970 width=0)
	        Index Cond: ((id >= 2530918) AND (id <= 2531917))

table 4 : explain SELECT c FROM sbtest4 WHERE id BETWEEN 1532802 AND 1533801
	Bitmap Heap Scan on sbtest4  (cost=22.57..3820.89 rows=989 width=121)
	  Recheck Cond: ((id >= 1532802) AND (id <= 1533801))
	  ->  Bitmap Index Scan on sbtest4_pkey  (cost=0.00..22.32 rows=989 width=0)
	        Index Cond: ((id >= 1532802) AND (id <= 1533801))

table 5 : explain SELECT c FROM sbtest5 WHERE id BETWEEN 7840092 AND 7841091
	Bitmap Heap Scan on sbtest5  (cost=21.83..3549.24 rows=917 width=121)
	  Recheck Cond: ((id >= 7840092) AND (id <= 7841091))
	  ->  Bitmap Index Scan on sbtest5_pkey  (cost=0.00..21.61 rows=917 width=0)
	        Index Cond: ((id >= 7840092) AND (id <= 7841091))

table 6 : explain SELECT c FROM sbtest6 WHERE id BETWEEN 1156281 AND 1157280
	Bitmap Heap Scan on sbtest6  (cost=22.08..3639.91 rows=941 width=121)
	  Recheck Cond: ((id >= 1156281) AND (id <= 1157280))
	  ->  Bitmap Index Scan on sbtest6_pkey  (cost=0.00..21.84 rows=941 width=0)
	        Index Cond: ((id >= 1156281) AND (id <= 1157280))

table 7 : explain SELECT c FROM sbtest7 WHERE id BETWEEN 8339972 AND 8340971
	Bitmap Heap Scan on sbtest7  (cost=27.52..4172.57 rows=1081 width=121)
	  Recheck Cond: ((id >= 8339972) AND (id <= 8340971))
	  ->  Bitmap Index Scan on sbtest7_pkey  (cost=0.00..27.25 rows=1081 width=0)
	        Index Cond: ((id >= 8339972) AND (id <= 8340971))

table 8 : explain SELECT c FROM sbtest8 WHERE id BETWEEN 322769 AND 323768
	Bitmap Heap Scan on sbtest8  (cost=21.82..3546.42 rows=916 width=121)
	  Recheck Cond: ((id >= 322769) AND (id <= 323768))
	  ->  Bitmap Index Scan on sbtest8_pkey  (cost=0.00..21.59 rows=916 width=0)
	        Index Cond: ((id >= 322769) AND (id <= 323768))

for: order_ranges
table 1 : explain SELECT c FROM sbtest1 WHERE id BETWEEN 8860988 AND 8861987 ORDER BY c
	Sort  (cost=3921.27..3923.78 rows=1003 width=121)
	  Sort Key: c
	  ->  Bitmap Heap Scan on sbtest1  (cost=22.72..3871.27 rows=1003 width=121)
	        Recheck Cond: ((id >= 8860988) AND (id <= 8861987))
	        ->  Bitmap Index Scan on sbtest1_pkey  (cost=0.00..22.46 rows=1003 width=0)
	              Index Cond: ((id >= 8860988) AND (id <= 8861987))

table 2 : explain SELECT c FROM sbtest2 WHERE id BETWEEN 3348633 AND 3349632 ORDER BY c
	Sort  (cost=4411.06..4413.89 rows=1131 width=121)
	  Sort Key: c
	  ->  Bitmap Heap Scan on sbtest2  (cost=28.03..4353.70 rows=1131 width=121)
	        Recheck Cond: ((id >= 3348633) AND (id <= 3349632))
	        ->  Bitmap Index Scan on sbtest2_pkey  (cost=0.00..27.75 rows=1131 width=0)
	              Index Cond: ((id >= 3348633) AND (id <= 3349632))

table 3 : explain SELECT c FROM sbtest3 WHERE id BETWEEN 453769 AND 454768 ORDER BY c
	Sort  (cost=4025.74..4028.32 rows=1030 width=121)
	  Sort Key: c
	  ->  Bitmap Heap Scan on sbtest3  (cost=22.99..3974.20 rows=1030 width=121)
	        Recheck Cond: ((id >= 453769) AND (id <= 454768))
	        ->  Bitmap Index Scan on sbtest3_pkey  (cost=0.00..22.73 rows=1030 width=0)
	              Index Cond: ((id >= 453769) AND (id <= 454768))

table 4 : explain SELECT c FROM sbtest4 WHERE id BETWEEN 398836 AND 399835 ORDER BY c
	Sort  (cost=4076.54..4079.14 rows=1043 width=121)
	  Sort Key: c
	  ->  Bitmap Heap Scan on sbtest4  (cost=23.13..4024.25 rows=1043 width=121)
	        Recheck Cond: ((id >= 398836) AND (id <= 399835))
	        ->  Bitmap Index Scan on sbtest4_pkey  (cost=0.00..22.86 rows=1043 width=0)
	              Index Cond: ((id >= 398836) AND (id <= 399835))

table 5 : explain SELECT c FROM sbtest5 WHERE id BETWEEN 3914118 AND 3915117 ORDER BY c
	Sort  (cost=4061.36..4063.96 rows=1039 width=121)
	  Sort Key: c
	  ->  Bitmap Heap Scan on sbtest5  (cost=23.08..4009.30 rows=1039 width=121)
	        Recheck Cond: ((id >= 3914118) AND (id <= 3915117))
	        ->  Bitmap Index Scan on sbtest5_pkey  (cost=0.00..22.82 rows=1039 width=0)
	              Index Cond: ((id >= 3914118) AND (id <= 3915117))

table 6 : explain SELECT c FROM sbtest6 WHERE id BETWEEN 7676380 AND 7677379 ORDER BY c
	Sort  (cost=3900.81..3903.31 rows=997 width=121)
	  Sort Key: c
	  ->  Bitmap Heap Scan on sbtest6  (cost=22.65..3851.16 rows=997 width=121)
	        Recheck Cond: ((id >= 7676380) AND (id <= 7677379))
	        ->  Bitmap Index Scan on sbtest6_pkey  (cost=0.00..22.40 rows=997 width=0)
	              Index Cond: ((id >= 7676380) AND (id <= 7677379))

table 7 : explain SELECT c FROM sbtest7 WHERE id BETWEEN 2600087 AND 2601086 ORDER BY c
	Sort  (cost=4047.32..4049.90 rows=1035 width=121)
	  Sort Key: c
	  ->  Bitmap Heap Scan on sbtest7  (cost=23.04..3995.49 rows=1035 width=121)
	        Recheck Cond: ((id >= 2600087) AND (id <= 2601086))
	        ->  Bitmap Index Scan on sbtest7_pkey  (cost=0.00..22.79 rows=1035 width=0)
	              Index Cond: ((id >= 2600087) AND (id <= 2601086))

table 8 : explain SELECT c FROM sbtest8 WHERE id BETWEEN 1490472 AND 1491471 ORDER BY c
	Sort  (cost=4303.27..4306.02 rows=1101 width=121)
	  Sort Key: c
	  ->  Bitmap Heap Scan on sbtest8  (cost=27.72..4247.64 rows=1101 width=121)
	        Recheck Cond: ((id >= 1490472) AND (id <= 1491471))
	        ->  Bitmap Index Scan on sbtest8_pkey  (cost=0.00..27.44 rows=1101 width=0)
	              Index Cond: ((id >= 1490472) AND (id <= 1491471))

explain: for point_selects :: explain SELECT c FROM sbtest%u WHERE id=%u
for: distinct_ranges
table 1 : explain SELECT DISTINCT c FROM sbtest1 WHERE id BETWEEN 8748646 AND 8749645 ORDER BY c
	Unique  (cost=3768.33..3773.15 rows=963 width=121)
	  ->  Sort  (cost=3768.33..3770.74 rows=963 width=121)
	        Sort Key: c
	        ->  Bitmap Heap Scan on sbtest1  (cost=22.31..3720.61 rows=963 width=121)
	              Recheck Cond: ((id >= 8748646) AND (id <= 8749645))
	              ->  Bitmap Index Scan on sbtest1_pkey  (cost=0.00..22.07 rows=963 width=0)
	                    Index Cond: ((id >= 8748646) AND (id <= 8749645))

table 2 : explain SELECT DISTINCT c FROM sbtest2 WHERE id BETWEEN 8671697 AND 8672696 ORDER BY c
	Unique  (cost=3654.54..3659.21 rows=933 width=121)
	  ->  Sort  (cost=3654.54..3656.87 rows=933 width=121)
	        Sort Key: c
	        ->  Bitmap Heap Scan on sbtest2  (cost=22.00..3608.52 rows=933 width=121)
	              Recheck Cond: ((id >= 8671697) AND (id <= 8672696))
	              ->  Bitmap Index Scan on sbtest2_pkey  (cost=0.00..21.76 rows=933 width=0)
	                    Index Cond: ((id >= 8671697) AND (id <= 8672696))

table 3 : explain SELECT DISTINCT c FROM sbtest3 WHERE id BETWEEN 6448516 AND 6449515 ORDER BY c
	Unique  (cost=3723.60..3728.36 rows=951 width=121)
	  ->  Sort  (cost=3723.60..3725.98 rows=951 width=121)
	        Sort Key: c
	        ->  Bitmap Heap Scan on sbtest3  (cost=22.18..3676.56 rows=951 width=121)
	              Recheck Cond: ((id >= 6448516) AND (id <= 6449515))
	              ->  Bitmap Index Scan on sbtest3_pkey  (cost=0.00..21.94 rows=951 width=0)
	                    Index Cond: ((id >= 6448516) AND (id <= 6449515))

table 4 : explain SELECT DISTINCT c FROM sbtest4 WHERE id BETWEEN 3253509 AND 3254508 ORDER BY c
	Unique  (cost=3820.34..3825.22 rows=976 width=121)
	  ->  Sort  (cost=3820.34..3822.78 rows=976 width=121)
	        Sort Key: c
	        ->  Bitmap Heap Scan on sbtest4  (cost=22.44..3771.87 rows=976 width=121)
	              Recheck Cond: ((id >= 3253509) AND (id <= 3254508))
	              ->  Bitmap Index Scan on sbtest4_pkey  (cost=0.00..22.19 rows=976 width=0)
	                    Index Cond: ((id >= 3253509) AND (id <= 3254508))

table 5 : explain SELECT DISTINCT c FROM sbtest5 WHERE id BETWEEN 881143 AND 882142 ORDER BY c
	Unique  (cost=4225.53..4230.94 rows=1082 width=121)
	  ->  Sort  (cost=4225.53..4228.24 rows=1082 width=121)
	        Sort Key: c
	        ->  Bitmap Heap Scan on sbtest5  (cost=23.53..4171.00 rows=1082 width=121)
	              Recheck Cond: ((id >= 881143) AND (id <= 882142))
	              ->  Bitmap Index Scan on sbtest5_pkey  (cost=0.00..23.25 rows=1082 width=0)
	                    Index Cond: ((id >= 881143) AND (id <= 882142))

table 6 : explain SELECT DISTINCT c FROM sbtest6 WHERE id BETWEEN 8430269 AND 8431268 ORDER BY c
	Unique  (cost=3816.62..3821.50 rows=975 width=121)
	  ->  Sort  (cost=3816.62..3819.06 rows=975 width=121)
	        Sort Key: c
	        ->  Bitmap Heap Scan on sbtest6  (cost=22.43..3768.22 rows=975 width=121)
	              Recheck Cond: ((id >= 8430269) AND (id <= 8431268))
	              ->  Bitmap Index Scan on sbtest6_pkey  (cost=0.00..22.18 rows=975 width=0)
	                    Index Cond: ((id >= 8430269) AND (id <= 8431268))

table 7 : explain SELECT DISTINCT c FROM sbtest7 WHERE id BETWEEN 75773 AND 76772 ORDER BY c
	Unique  (cost=3637.59..3642.23 rows=928 width=121)
	  ->  Sort  (cost=3637.59..3639.91 rows=928 width=121)
	        Sort Key: c
	        ->  Bitmap Heap Scan on sbtest7  (cost=21.95..3591.85 rows=928 width=121)
	              Recheck Cond: ((id >= 75773) AND (id <= 76772))
	              ->  Bitmap Index Scan on sbtest7_pkey  (cost=0.00..21.71 rows=928 width=0)
	                    Index Cond: ((id >= 75773) AND (id <= 76772))

table 8 : explain SELECT DISTINCT c FROM sbtest8 WHERE id BETWEEN 1416287 AND 1417286 ORDER BY c
	Unique  (cost=3925.02..3930.03 rows=1002 width=121)
	  ->  Sort  (cost=3925.02..3927.52 rows=1002 width=121)
	        Sort Key: c
	        ->  Bitmap Heap Scan on sbtest8  (cost=26.71..3875.07 rows=1002 width=121)
	              Recheck Cond: ((id >= 1416287) AND (id <= 1417286))
	              ->  Bitmap Index Scan on sbtest8_pkey  (cost=0.00..26.45 rows=1002 width=0)
	                    Index Cond: ((id >= 1416287) AND (id <= 1417286))

for: distinct_ranges
table 1 : explain SELECT DISTINCT c FROM sbtest1 WHERE id BETWEEN 7494458 AND 7495457 ORDER BY c
	Unique  (cost=3905.99..3910.98 rows=999 width=121)
	  ->  Sort  (cost=3905.99..3908.49 rows=999 width=121)
	        Sort Key: c
	        ->  Bitmap Heap Scan on sbtest1  (cost=22.67..3856.22 rows=999 width=121)
	              Recheck Cond: ((id >= 7494458) AND (id <= 7495457))
	              ->  Bitmap Index Scan on sbtest1_pkey  (cost=0.00..22.43 rows=999 width=0)
	                    Index Cond: ((id >= 7494458) AND (id <= 7495457))

table 2 : explain SELECT DISTINCT c FROM sbtest2 WHERE id BETWEEN 8310151 AND 8311150 ORDER BY c
	Unique  (cost=3734.98..3739.75 rows=954 width=121)
	  ->  Sort  (cost=3734.98..3737.36 rows=954 width=121)
	        Sort Key: c
	        ->  Bitmap Heap Scan on sbtest2  (cost=22.21..3687.76 rows=954 width=121)
	              Recheck Cond: ((id >= 8310151) AND (id <= 8311150))
	              ->  Bitmap Index Scan on sbtest2_pkey  (cost=0.00..21.97 rows=954 width=0)
	                    Index Cond: ((id >= 8310151) AND (id <= 8311150))

table 3 : explain SELECT DISTINCT c FROM sbtest3 WHERE id BETWEEN 5375155 AND 5376154 ORDER BY c
	Unique  (cost=3685.30..3690.00 rows=941 width=121)
	  ->  Sort  (cost=3685.30..3687.65 rows=941 width=121)
	        Sort Key: c
	        ->  Bitmap Heap Scan on sbtest3  (cost=22.08..3638.82 rows=941 width=121)
	              Recheck Cond: ((id >= 5375155) AND (id <= 5376154))
	              ->  Bitmap Index Scan on sbtest3_pkey  (cost=0.00..21.84 rows=941 width=0)
	                    Index Cond: ((id >= 5375155) AND (id <= 5376154))

table 4 : explain SELECT DISTINCT c FROM sbtest4 WHERE id BETWEEN 2627659 AND 2628658 ORDER BY c
	Unique  (cost=3755.24..3760.04 rows=959 width=121)
	  ->  Sort  (cost=3755.24..3757.64 rows=959 width=121)
	        Sort Key: c
	        ->  Bitmap Heap Scan on sbtest4  (cost=22.26..3707.75 rows=959 width=121)
	              Recheck Cond: ((id >= 2627659) AND (id <= 2628658))
	              ->  Bitmap Index Scan on sbtest4_pkey  (cost=0.00..22.02 rows=959 width=0)
	                    Index Cond: ((id >= 2627659) AND (id <= 2628658))

table 5 : explain SELECT DISTINCT c FROM sbtest5 WHERE id BETWEEN 8839956 AND 8840955 ORDER BY c
	Unique  (cost=3885.49..3890.46 rows=993 width=121)
	  ->  Sort  (cost=3885.49..3887.97 rows=993 width=121)
	        Sort Key: c
	        ->  Bitmap Heap Scan on sbtest5  (cost=22.61..3836.06 rows=993 width=121)
	              Recheck Cond: ((id >= 8839956) AND (id <= 8840955))
	              ->  Bitmap Index Scan on sbtest5_pkey  (cost=0.00..22.36 rows=993 width=0)
	                    Index Cond: ((id >= 8839956) AND (id <= 8840955))

table 6 : explain SELECT DISTINCT c FROM sbtest6 WHERE id BETWEEN 5042087 AND 5043086 ORDER BY c
	Unique  (cost=4183.76..4189.11 rows=1070 width=121)
	  ->  Sort  (cost=4183.76..4186.43 rows=1070 width=121)
	        Sort Key: c
	        ->  Bitmap Heap Scan on sbtest6  (cost=27.40..4129.92 rows=1070 width=121)
	              Recheck Cond: ((id >= 5042087) AND (id <= 5043086))
	              ->  Bitmap Index Scan on sbtest6_pkey  (cost=0.00..27.14 rows=1070 width=0)
	                    Index Cond: ((id >= 5042087) AND (id <= 5043086))

table 7 : explain SELECT DISTINCT c FROM sbtest7 WHERE id BETWEEN 1764995 AND 1765994 ORDER BY c
	Unique  (cost=4089.36..4094.59 rows=1046 width=121)
	  ->  Sort  (cost=4089.36..4091.97 rows=1046 width=121)
	        Sort Key: c
	        ->  Bitmap Heap Scan on sbtest7  (cost=23.16..4036.90 rows=1046 width=121)
	              Recheck Cond: ((id >= 1764995) AND (id <= 1765994))
	              ->  Bitmap Index Scan on sbtest7_pkey  (cost=0.00..22.89 rows=1046 width=0)
	                    Index Cond: ((id >= 1764995) AND (id <= 1765994))

table 8 : explain SELECT DISTINCT c FROM sbtest8 WHERE id BETWEEN 9107221 AND 9108220 ORDER BY c
	Unique  (cost=4299.45..4304.95 rows=1100 width=121)
	  ->  Sort  (cost=4299.45..4302.20 rows=1100 width=121)
	        Sort Key: c
	        ->  Bitmap Heap Scan on sbtest8  (cost=27.71..4243.88 rows=1100 width=121)
	              Recheck Cond: ((id >= 9107221) AND (id <= 9108220))
	              ->  Bitmap Index Scan on sbtest8_pkey  (cost=0.00..27.43 rows=1100 width=0)
	                    Index Cond: ((id >= 9107221) AND (id <= 9108220))

for: distinct_ranges
table 1 : explain SELECT DISTINCT c FROM sbtest1 WHERE id BETWEEN 2881978 AND 2882977 ORDER BY c
	Unique  (cost=3592.20..3596.78 rows=917 width=121)
	  ->  Sort  (cost=3592.20..3594.49 rows=917 width=121)
	        Sort Key: c
	        ->  Bitmap Heap Scan on sbtest1  (cost=21.83..3547.08 rows=917 width=121)
	              Recheck Cond: ((id >= 2881978) AND (id <= 2882977))
	              ->  Bitmap Index Scan on sbtest1_pkey  (cost=0.00..21.61 rows=917 width=0)
	                    Index Cond: ((id >= 2881978) AND (id <= 2882977))

table 2 : explain SELECT DISTINCT c FROM sbtest2 WHERE id BETWEEN 5583506 AND 5584505 ORDER BY c
	Unique  (cost=4044.71..4049.89 rows=1035 width=121)
	  ->  Sort  (cost=4044.71..4047.30 rows=1035 width=121)
	        Sort Key: c
	        ->  Bitmap Heap Scan on sbtest2  (cost=23.04..3992.89 rows=1035 width=121)
	              Recheck Cond: ((id >= 5583506) AND (id <= 5584505))
	              ->  Bitmap Index Scan on sbtest2_pkey  (cost=0.00..22.79 rows=1035 width=0)
	                    Index Cond: ((id >= 5583506) AND (id <= 5584505))

table 3 : explain SELECT DISTINCT c FROM sbtest3 WHERE id BETWEEN 2061206 AND 2062205 ORDER BY c
	Unique  (cost=3838.43..3843.33 rows=981 width=121)
	  ->  Sort  (cost=3838.43..3840.88 rows=981 width=121)
	        Sort Key: c
	        ->  Bitmap Heap Scan on sbtest3  (cost=22.49..3789.68 rows=981 width=121)
	              Recheck Cond: ((id >= 2061206) AND (id <= 2062205))
	              ->  Bitmap Index Scan on sbtest3_pkey  (cost=0.00..22.25 rows=981 width=0)
	                    Index Cond: ((id >= 2061206) AND (id <= 2062205))

table 4 : explain SELECT DISTINCT c FROM sbtest4 WHERE id BETWEEN 4694218 AND 4695217 ORDER BY c
	Unique  (cost=3613.45..3618.06 rows=922 width=121)
	  ->  Sort  (cost=3613.45..3615.75 rows=922 width=121)
	        Sort Key: c
	        ->  Bitmap Heap Scan on sbtest4  (cost=21.89..3568.04 rows=922 width=121)
	              Recheck Cond: ((id >= 4694218) AND (id <= 4695217))
	              ->  Bitmap Index Scan on sbtest4_pkey  (cost=0.00..21.65 rows=922 width=0)
	                    Index Cond: ((id >= 4694218) AND (id <= 4695217))

table 5 : explain SELECT DISTINCT c FROM sbtest5 WHERE id BETWEEN 2908646 AND 2909645 ORDER BY c
	Unique  (cost=3609.70..3614.30 rows=921 width=121)
	  ->  Sort  (cost=3609.70..3612.00 rows=921 width=121)
	        Sort Key: c
	        ->  Bitmap Heap Scan on sbtest5  (cost=21.88..3564.35 rows=921 width=121)
	              Recheck Cond: ((id >= 2908646) AND (id <= 2909645))
	              ->  Bitmap Index Scan on sbtest5_pkey  (cost=0.00..21.64 rows=921 width=0)
	                    Index Cond: ((id >= 2908646) AND (id <= 2909645))

table 6 : explain SELECT DISTINCT c FROM sbtest6 WHERE id BETWEEN 6091668 AND 6092667 ORDER BY c
	Unique  (cost=3866.38..3871.32 rows=988 width=121)
	  ->  Sort  (cost=3866.38..3868.85 rows=988 width=121)
	        Sort Key: c
	        ->  Bitmap Heap Scan on sbtest6  (cost=22.56..3817.23 rows=988 width=121)
	              Recheck Cond: ((id >= 6091668) AND (id <= 6092667))
	              ->  Bitmap Index Scan on sbtest6_pkey  (cost=0.00..22.32 rows=988 width=0)
	                    Index Cond: ((id >= 6091668) AND (id <= 6092667))

table 7 : explain SELECT DISTINCT c FROM sbtest7 WHERE id BETWEEN 9843602 AND 9844601 ORDER BY c
	Unique  (cost=3875.17..3880.12 rows=990 width=121)
	  ->  Sort  (cost=3875.17..3877.65 rows=990 width=121)
	        Sort Key: c
	        ->  Bitmap Heap Scan on sbtest7  (cost=22.58..3825.91 rows=990 width=121)
	              Recheck Cond: ((id >= 9843602) AND (id <= 9844601))
	              ->  Bitmap Index Scan on sbtest7_pkey  (cost=0.00..22.33 rows=990 width=0)
	                    Index Cond: ((id >= 9843602) AND (id <= 9844601))

table 8 : explain SELECT DISTINCT c FROM sbtest8 WHERE id BETWEEN 6204252 AND 6205251 ORDER BY c
	Unique  (cost=3510.87..3515.35 rows=895 width=121)
	  ->  Sort  (cost=3510.87..3513.11 rows=895 width=121)
	        Sort Key: c
	        ->  Bitmap Heap Scan on sbtest8  (cost=21.61..3466.99 rows=895 width=121)
	              Recheck Cond: ((id >= 6204252) AND (id <= 6205251))
	              ->  Bitmap Index Scan on sbtest8_pkey  (cost=0.00..21.39 rows=895 width=0)
	                    Index Cond: ((id >= 6204252) AND (id <= 6205251))

for: simple_ranges
table 1 : explain SELECT c FROM sbtest1 WHERE id BETWEEN 9281518 AND 9282517
	Bitmap Heap Scan on sbtest1  (cost=23.12..4017.97 rows=1042 width=121)
	  Recheck Cond: ((id >= 9281518) AND (id <= 9282517))
	  ->  Bitmap Index Scan on sbtest1_pkey  (cost=0.00..22.86 rows=1042 width=0)
	        Index Cond: ((id >= 9281518) AND (id <= 9282517))

table 2 : explain SELECT c FROM sbtest2 WHERE id BETWEEN 2606347 AND 2607346
	Bitmap Heap Scan on sbtest2  (cost=22.22..3691.54 rows=955 width=121)
	  Recheck Cond: ((id >= 2606347) AND (id <= 2607346))
	  ->  Bitmap Index Scan on sbtest2_pkey  (cost=0.00..21.98 rows=955 width=0)
	        Index Cond: ((id >= 2606347) AND (id <= 2607346))

table 3 : explain SELECT c FROM sbtest3 WHERE id BETWEEN 6659131 AND 6660130
	Bitmap Heap Scan on sbtest3  (cost=23.22..4056.94 rows=1052 width=121)
	  Recheck Cond: ((id >= 6659131) AND (id <= 6660130))
	  ->  Bitmap Index Scan on sbtest3_pkey  (cost=0.00..22.95 rows=1052 width=0)
	        Index Cond: ((id >= 6659131) AND (id <= 6660130))

table 4 : explain SELECT c FROM sbtest4 WHERE id BETWEEN 3592811 AND 3593810
	Bitmap Heap Scan on sbtest4  (cost=23.01..3982.85 rows=1032 width=121)
	  Recheck Cond: ((id >= 3592811) AND (id <= 3593810))
	  ->  Bitmap Index Scan on sbtest4_pkey  (cost=0.00..22.75 rows=1032 width=0)
	        Index Cond: ((id >= 3592811) AND (id <= 3593810))

table 5 : explain SELECT c FROM sbtest5 WHERE id BETWEEN 8380897 AND 8381896
	Bitmap Heap Scan on sbtest5  (cost=22.77..3892.58 rows=1008 width=121)
	  Recheck Cond: ((id >= 8380897) AND (id <= 8381896))
	  ->  Bitmap Index Scan on sbtest5_pkey  (cost=0.00..22.51 rows=1008 width=0)
	        Index Cond: ((id >= 8380897) AND (id <= 8381896))

table 6 : explain SELECT c FROM sbtest6 WHERE id BETWEEN 932703 AND 933702
	Bitmap Heap Scan on sbtest6  (cost=22.72..3873.76 rows=1003 width=121)
	  Recheck Cond: ((id >= 932703) AND (id <= 933702))
	  ->  Bitmap Index Scan on sbtest6_pkey  (cost=0.00..22.46 rows=1003 width=0)
	        Index Cond: ((id >= 932703) AND (id <= 933702))

table 7 : explain SELECT c FROM sbtest7 WHERE id BETWEEN 4392781 AND 4393780
	Bitmap Heap Scan on sbtest7  (cost=22.37..3746.69 rows=969 width=121)
	  Recheck Cond: ((id >= 4392781) AND (id <= 4393780))
	  ->  Bitmap Index Scan on sbtest7_pkey  (cost=0.00..22.12 rows=969 width=0)
	        Index Cond: ((id >= 4392781) AND (id <= 4393780))

table 8 : explain SELECT c FROM sbtest8 WHERE id BETWEEN 7401394 AND 7402393
	Bitmap Heap Scan on sbtest8  (cost=22.38..3750.38 rows=970 width=121)
	  Recheck Cond: ((id >= 7401394) AND (id <= 7402393))
	  ->  Bitmap Index Scan on sbtest8_pkey  (cost=0.00..22.14 rows=970 width=0)
	        Index Cond: ((id >= 7401394) AND (id <= 7402393))

for: distinct_ranges
table 1 : explain SELECT DISTINCT c FROM sbtest1 WHERE id BETWEEN 868430 AND 869429 ORDER BY c
	Unique  (cost=3530.87..3535.37 rows=901 width=121)
	  ->  Sort  (cost=3530.87..3533.12 rows=901 width=121)
	        Sort Key: c
	        ->  Bitmap Heap Scan on sbtest1  (cost=21.67..3486.65 rows=901 width=121)
	              Recheck Cond: ((id >= 868430) AND (id <= 869429))
	              ->  Bitmap Index Scan on sbtest1_pkey  (cost=0.00..21.44 rows=901 width=0)
	                    Index Cond: ((id >= 868430) AND (id <= 869429))

table 2 : explain SELECT DISTINCT c FROM sbtest2 WHERE id BETWEEN 1620489 AND 1621488 ORDER BY c
	Unique  (cost=3953.02..3958.08 rows=1011 width=121)
	  ->  Sort  (cost=3953.02..3955.55 rows=1011 width=121)
	        Sort Key: c
	        ->  Bitmap Heap Scan on sbtest2  (cost=22.80..3902.57 rows=1011 width=121)
	              Recheck Cond: ((id >= 1620489) AND (id <= 1621488))
	              ->  Bitmap Index Scan on sbtest2_pkey  (cost=0.00..22.54 rows=1011 width=0)
	                    Index Cond: ((id >= 1620489) AND (id <= 1621488))

table 3 : explain SELECT DISTINCT c FROM sbtest3 WHERE id BETWEEN 7558586 AND 7559585 ORDER BY c
	Unique  (cost=3968.43..3973.51 rows=1015 width=121)
	  ->  Sort  (cost=3968.43..3970.97 rows=1015 width=121)
	        Sort Key: c
	        ->  Bitmap Heap Scan on sbtest3  (cost=22.84..3917.75 rows=1015 width=121)
	              Recheck Cond: ((id >= 7558586) AND (id <= 7559585))
	              ->  Bitmap Index Scan on sbtest3_pkey  (cost=0.00..22.58 rows=1015 width=0)
	                    Index Cond: ((id >= 7558586) AND (id <= 7559585))

table 4 : explain SELECT DISTINCT c FROM sbtest4 WHERE id BETWEEN 3987406 AND 3988405 ORDER BY c
	Unique  (cost=3782.05..3786.88 rows=966 width=121)
	  ->  Sort  (cost=3782.05..3784.47 rows=966 width=121)
	        Sort Key: c
	        ->  Bitmap Heap Scan on sbtest4  (cost=22.34..3734.16 rows=966 width=121)
	              Recheck Cond: ((id >= 3987406) AND (id <= 3988405))
	              ->  Bitmap Index Scan on sbtest4_pkey  (cost=0.00..22.09 rows=966 width=0)
	                    Index Cond: ((id >= 3987406) AND (id <= 3988405))

table 5 : explain SELECT DISTINCT c FROM sbtest5 WHERE id BETWEEN 364027 AND 365026 ORDER BY c
	Unique  (cost=4263.87..4269.32 rows=1091 width=121)
	  ->  Sort  (cost=4263.87..4266.59 rows=1091 width=121)
	        Sort Key: c
	        ->  Bitmap Heap Scan on sbtest5  (cost=27.62..4208.82 rows=1091 width=121)
	              Recheck Cond: ((id >= 364027) AND (id <= 365026))
	              ->  Bitmap Index Scan on sbtest5_pkey  (cost=0.00..27.34 rows=1091 width=0)
	                    Index Cond: ((id >= 364027) AND (id <= 365026))

table 6 : explain SELECT DISTINCT c FROM sbtest6 WHERE id BETWEEN 670970 AND 671969 ORDER BY c
	Unique  (cost=3674.89..3679.58 rows=938 width=121)
	  ->  Sort  (cost=3674.89..3677.24 rows=938 width=121)
	        Sort Key: c
	        ->  Bitmap Heap Scan on sbtest6  (cost=22.05..3628.59 rows=938 width=121)
	              Recheck Cond: ((id >= 670970) AND (id <= 671969))
	              ->  Bitmap Index Scan on sbtest6_pkey  (cost=0.00..21.82 rows=938 width=0)
	                    Index Cond: ((id >= 670970) AND (id <= 671969))

table 7 : explain SELECT DISTINCT c FROM sbtest7 WHERE id BETWEEN 2506508 AND 2507507 ORDER BY c
	Unique  (cost=4200.31..4205.68 rows=1074 width=121)
	  ->  Sort  (cost=4200.31..4203.00 rows=1074 width=121)
	        Sort Key: c
	        ->  Bitmap Heap Scan on sbtest7  (cost=27.44..4146.24 rows=1074 width=121)
	              Recheck Cond: ((id >= 2506508) AND (id <= 2507507))
	              ->  Bitmap Index Scan on sbtest7_pkey  (cost=0.00..27.18 rows=1074 width=0)
	                    Index Cond: ((id >= 2506508) AND (id <= 2507507))

table 8 : explain SELECT DISTINCT c FROM sbtest8 WHERE id BETWEEN 9307855 AND 9308854 ORDER BY c
	Unique  (cost=3579.97..3584.53 rows=913 width=121)
	  ->  Sort  (cost=3579.97..3582.25 rows=913 width=121)
	        Sort Key: c
	        ->  Bitmap Heap Scan on sbtest8  (cost=21.79..3535.07 rows=913 width=121)
	              Recheck Cond: ((id >= 9307855) AND (id <= 9308854))
	              ->  Bitmap Index Scan on sbtest8_pkey  (cost=0.00..21.57 rows=913 width=0)
	                    Index Cond: ((id >= 9307855) AND (id <= 9308854))

for: simple_ranges
table 1 : explain SELECT c FROM sbtest1 WHERE id BETWEEN 1450848 AND 1451847
	Bitmap Heap Scan on sbtest1  (cost=22.88..3931.48 rows=1019 width=121)
	  Recheck Cond: ((id >= 1450848) AND (id <= 1451847))
	  ->  Bitmap Index Scan on sbtest1_pkey  (cost=0.00..22.62 rows=1019 width=0)
	        Index Cond: ((id >= 1450848) AND (id <= 1451847))

table 2 : explain SELECT c FROM sbtest2 WHERE id BETWEEN 1849844 AND 1850843
	Bitmap Heap Scan on sbtest2  (cost=21.72..3506.54 rows=906 width=121)
	  Recheck Cond: ((id >= 1849844) AND (id <= 1850843))
	  ->  Bitmap Index Scan on sbtest2_pkey  (cost=0.00..21.50 rows=906 width=0)
	        Index Cond: ((id >= 1849844) AND (id <= 1850843))

table 3 : explain SELECT c FROM sbtest3 WHERE id BETWEEN 1975629 AND 1976628
	Bitmap Heap Scan on sbtest3  (cost=22.50..3793.45 rows=982 width=121)
	  Recheck Cond: ((id >= 1975629) AND (id <= 1976628))
	  ->  Bitmap Index Scan on sbtest3_pkey  (cost=0.00..22.25 rows=982 width=0)
	        Index Cond: ((id >= 1975629) AND (id <= 1976628))

table 4 : explain SELECT c FROM sbtest4 WHERE id BETWEEN 217079 AND 218078
	Bitmap Heap Scan on sbtest4  (cost=21.43..3401.67 rows=878 width=121)
	  Recheck Cond: ((id >= 217079) AND (id <= 218078))
	  ->  Bitmap Index Scan on sbtest4_pkey  (cost=0.00..21.21 rows=878 width=0)
	        Index Cond: ((id >= 217079) AND (id <= 218078))

table 5 : explain SELECT c FROM sbtest5 WHERE id BETWEEN 1280507 AND 1281506
	Bitmap Heap Scan on sbtest5  (cost=22.70..3866.21 rows=1001 width=121)
	  Recheck Cond: ((id >= 1280507) AND (id <= 1281506))
	  ->  Bitmap Index Scan on sbtest5_pkey  (cost=0.00..22.44 rows=1001 width=0)
	        Index Cond: ((id >= 1280507) AND (id <= 1281506))

table 6 : explain SELECT c FROM sbtest6 WHERE id BETWEEN 8201156 AND 8202155
	Bitmap Heap Scan on sbtest6  (cost=22.14..3662.57 rows=947 width=121)
	  Recheck Cond: ((id >= 8201156) AND (id <= 8202155))
	  ->  Bitmap Index Scan on sbtest6_pkey  (cost=0.00..21.90 rows=947 width=0)
	        Index Cond: ((id >= 8201156) AND (id <= 8202155))

table 7 : explain SELECT c FROM sbtest7 WHERE id BETWEEN 390652 AND 391651
	Bitmap Heap Scan on sbtest7  (cost=22.89..3938.99 rows=1020 width=121)
	  Recheck Cond: ((id >= 390652) AND (id <= 391651))
	  ->  Bitmap Index Scan on sbtest7_pkey  (cost=0.00..22.64 rows=1020 width=0)
	        Index Cond: ((id >= 390652) AND (id <= 391651))

table 8 : explain SELECT c FROM sbtest8 WHERE id BETWEEN 7568210 AND 7569209
	Bitmap Heap Scan on sbtest8  (cost=22.39..3754.16 rows=971 width=121)
	  Recheck Cond: ((id >= 7568210) AND (id <= 7569209))
	  ->  Bitmap Index Scan on sbtest8_pkey  (cost=0.00..22.14 rows=971 width=0)
	        Index Cond: ((id >= 7568210) AND (id <= 7569209))

for: distinct_ranges
table 1 : explain SELECT DISTINCT c FROM sbtest1 WHERE id BETWEEN 6475100 AND 6476099 ORDER BY c
	Unique  (cost=3883.06..3888.02 rows=993 width=121)
	  ->  Sort  (cost=3883.06..3885.54 rows=993 width=121)
	        Sort Key: c
	        ->  Bitmap Heap Scan on sbtest1  (cost=22.61..3833.63 rows=993 width=121)
	              Recheck Cond: ((id >= 6475100) AND (id <= 6476099))
	              ->  Bitmap Index Scan on sbtest1_pkey  (cost=0.00..22.36 rows=993 width=0)
	                    Index Cond: ((id >= 6475100) AND (id <= 6476099))

table 2 : explain SELECT DISTINCT c FROM sbtest2 WHERE id BETWEEN 2102724 AND 2103723 ORDER BY c
	Unique  (cost=3589.39..3593.97 rows=916 width=121)
	  ->  Sort  (cost=3589.39..3591.68 rows=916 width=121)
	        Sort Key: c
	        ->  Bitmap Heap Scan on sbtest2  (cost=21.82..3544.32 rows=916 width=121)
	              Recheck Cond: ((id >= 2102724) AND (id <= 2103723))
	              ->  Bitmap Index Scan on sbtest2_pkey  (cost=0.00..21.59 rows=916 width=0)
	                    Index Cond: ((id >= 2102724) AND (id <= 2103723))

table 3 : explain SELECT DISTINCT c FROM sbtest3 WHERE id BETWEEN 3756781 AND 3757780 ORDER BY c
	Unique  (cost=3937.86..3942.89 rows=1007 width=121)
	  ->  Sort  (cost=3937.86..3940.37 rows=1007 width=121)
	        Sort Key: c
	        ->  Bitmap Heap Scan on sbtest3  (cost=22.76..3887.63 rows=1007 width=121)
	              Recheck Cond: ((id >= 3756781) AND (id <= 3757780))
	              ->  Bitmap Index Scan on sbtest3_pkey  (cost=0.00..22.50 rows=1007 width=0)
	                    Index Cond: ((id >= 3756781) AND (id <= 3757780))

table 4 : explain SELECT DISTINCT c FROM sbtest4 WHERE id BETWEEN 8201818 AND 8202817 ORDER BY c
	Unique  (cost=4183.63..4188.98 rows=1070 width=121)
	  ->  Sort  (cost=4183.63..4186.30 rows=1070 width=121)
	        Sort Key: c
	        ->  Bitmap Heap Scan on sbtest4  (cost=27.40..4129.79 rows=1070 width=121)
	              Recheck Cond: ((id >= 8201818) AND (id <= 8202817))
	              ->  Bitmap Index Scan on sbtest4_pkey  (cost=0.00..27.14 rows=1070 width=0)
	                    Index Cond: ((id >= 8201818) AND (id <= 8202817))

table 5 : explain SELECT DISTINCT c FROM sbtest5 WHERE id BETWEEN 2940997 AND 2941996 ORDER BY c
	Unique  (cost=4049.90..4055.08 rows=1036 width=121)
	  ->  Sort  (cost=4049.90..4052.49 rows=1036 width=121)
	        Sort Key: c
	        ->  Bitmap Heap Scan on sbtest5  (cost=23.05..3998.01 rows=1036 width=121)
	              Recheck Cond: ((id >= 2940997) AND (id <= 2941996))
	              ->  Bitmap Index Scan on sbtest5_pkey  (cost=0.00..22.79 rows=1036 width=0)
	                    Index Cond: ((id >= 2940997) AND (id <= 2941996))

table 6 : explain SELECT DISTINCT c FROM sbtest6 WHERE id BETWEEN 4987104 AND 4988103 ORDER BY c
	Unique  (cost=3858.72..3863.65 rows=986 width=121)
	  ->  Sort  (cost=3858.72..3861.19 rows=986 width=121)
	        Sort Key: c
	        ->  Bitmap Heap Scan on sbtest6  (cost=22.54..3809.69 rows=986 width=121)
	              Recheck Cond: ((id >= 4987104) AND (id <= 4988103))
	              ->  Bitmap Index Scan on sbtest6_pkey  (cost=0.00..22.29 rows=986 width=0)
	                    Index Cond: ((id >= 4987104) AND (id <= 4988103))

table 7 : explain SELECT DISTINCT c FROM sbtest7 WHERE id BETWEEN 9730145 AND 9731144 ORDER BY c
	Unique  (cost=4093.18..4098.42 rows=1047 width=121)
	  ->  Sort  (cost=4093.18..4095.80 rows=1047 width=121)
	        Sort Key: c
	        ->  Bitmap Heap Scan on sbtest7  (cost=23.17..4040.66 rows=1047 width=121)
	              Recheck Cond: ((id >= 9730145) AND (id <= 9731144))
	              ->  Bitmap Index Scan on sbtest7_pkey  (cost=0.00..22.90 rows=1047 width=0)
	                    Index Cond: ((id >= 9730145) AND (id <= 9731144))

table 8 : explain SELECT DISTINCT c FROM sbtest8 WHERE id BETWEEN 8347313 AND 8348312 ORDER BY c
	Unique  (cost=3940.32..3945.35 rows=1006 width=121)
	  ->  Sort  (cost=3940.32..3942.84 rows=1006 width=121)
	        Sort Key: c
	        ->  Bitmap Heap Scan on sbtest8  (cost=26.75..3890.15 rows=1006 width=121)
	              Recheck Cond: ((id >= 8347313) AND (id <= 8348312))
	              ->  Bitmap Index Scan on sbtest8_pkey  (cost=0.00..26.50 rows=1006 width=0)
	                    Index Cond: ((id >= 8347313) AND (id <= 8348312))

for point_selects
table 1 : explain SELECT c FROM sbtest1 WHERE id=3650488
	Index Scan using sbtest1_pkey on sbtest1  (cost=0.43..8.45 rows=1 width=121)
	  Index Cond: (id = 3650488)

table 2 : explain SELECT c FROM sbtest2 WHERE id=6802577
	Index Scan using sbtest2_pkey on sbtest2  (cost=0.43..8.45 rows=1 width=121)
	  Index Cond: (id = 6802577)

table 3 : explain SELECT c FROM sbtest3 WHERE id=4201195
	Index Scan using sbtest3_pkey on sbtest3  (cost=0.43..8.45 rows=1 width=121)
	  Index Cond: (id = 4201195)

table 4 : explain SELECT c FROM sbtest4 WHERE id=1522083
	Index Scan using sbtest4_pkey on sbtest4  (cost=0.43..8.45 rows=1 width=121)
	  Index Cond: (id = 1522083)

table 5 : explain SELECT c FROM sbtest5 WHERE id=1611806
	Index Scan using sbtest5_pkey on sbtest5  (cost=0.43..8.45 rows=1 width=121)
	  Index Cond: (id = 1611806)

table 6 : explain SELECT c FROM sbtest6 WHERE id=6543453
	Index Scan using sbtest6_pkey on sbtest6  (cost=0.43..8.45 rows=1 width=121)
	  Index Cond: (id = 6543453)

table 7 : explain SELECT c FROM sbtest7 WHERE id=2440682
	Index Scan using sbtest7_pkey on sbtest7  (cost=0.43..8.45 rows=1 width=121)
	  Index Cond: (id = 2440682)

table 8 : explain SELECT c FROM sbtest8 WHERE id=3620769
	Index Scan using sbtest8_pkey on sbtest8  (cost=0.43..8.45 rows=1 width=121)
	  Index Cond: (id = 3620769)

for: simple_ranges
table 1 : explain SELECT c FROM sbtest1 WHERE id BETWEEN 6736539 AND 6737538
	Bitmap Heap Scan on sbtest1  (cost=22.73..3875.04 rows=1004 width=121)
	  Recheck Cond: ((id >= 6736539) AND (id <= 6737538))
	  ->  Bitmap Index Scan on sbtest1_pkey  (cost=0.00..22.47 rows=1004 width=0)
	        Index Cond: ((id >= 6736539) AND (id <= 6737538))

table 2 : explain SELECT c FROM sbtest2 WHERE id BETWEEN 6858789 AND 6859788
	Bitmap Heap Scan on sbtest2  (cost=23.18..4041.78 rows=1048 width=121)
	  Recheck Cond: ((id >= 6858789) AND (id <= 6859788))
	  ->  Bitmap Index Scan on sbtest2_pkey  (cost=0.00..22.91 rows=1048 width=0)
	        Index Cond: ((id >= 6858789) AND (id <= 6859788))

table 3 : explain SELECT c FROM sbtest3 WHERE id BETWEEN 586561 AND 587560
	Bitmap Heap Scan on sbtest3  (cost=23.43..4135.87 rows=1073 width=121)
	  Recheck Cond: ((id >= 586561) AND (id <= 587560))
	  ->  Bitmap Index Scan on sbtest3_pkey  (cost=0.00..23.16 rows=1073 width=0)
	        Index Cond: ((id >= 586561) AND (id <= 587560))

table 4 : explain SELECT c FROM sbtest4 WHERE id BETWEEN 2687460 AND 2688459
	Bitmap Heap Scan on sbtest4  (cost=22.26..3707.75 rows=959 width=121)
	  Recheck Cond: ((id >= 2687460) AND (id <= 2688459))
	  ->  Bitmap Index Scan on sbtest4_pkey  (cost=0.00..22.02 rows=959 width=0)
	        Index Cond: ((id >= 2687460) AND (id <= 2688459))

table 5 : explain SELECT c FROM sbtest5 WHERE id BETWEEN 9728087 AND 9729086
	Bitmap Heap Scan on sbtest5  (cost=22.56..3817.22 rows=988 width=121)
	  Recheck Cond: ((id >= 9728087) AND (id <= 9729086))
	  ->  Bitmap Index Scan on sbtest5_pkey  (cost=0.00..22.32 rows=988 width=0)
	        Index Cond: ((id >= 9728087) AND (id <= 9729086))

table 6 : explain SELECT c FROM sbtest6 WHERE id BETWEEN 9764467 AND 9765466
	Bitmap Heap Scan on sbtest6  (cost=27.22..4062.23 rows=1052 width=121)
	  Recheck Cond: ((id >= 9764467) AND (id <= 9765466))
	  ->  Bitmap Index Scan on sbtest6_pkey  (cost=0.00..26.95 rows=1052 width=0)
	        Index Cond: ((id >= 9764467) AND (id <= 9765466))

table 7 : explain SELECT c FROM sbtest7 WHERE id BETWEEN 4281510 AND 4282509
	Bitmap Heap Scan on sbtest7  (cost=22.12..3656.08 rows=945 width=121)
	  Recheck Cond: ((id >= 4281510) AND (id <= 4282509))
	  ->  Bitmap Index Scan on sbtest7_pkey  (cost=0.00..21.89 rows=945 width=0)
	        Index Cond: ((id >= 4281510) AND (id <= 4282509))

table 8 : explain SELECT c FROM sbtest8 WHERE id BETWEEN 7637205 AND 7638204
	Bitmap Heap Scan on sbtest8  (cost=22.39..3754.16 rows=971 width=121)
	  Recheck Cond: ((id >= 7637205) AND (id <= 7638204))
	  ->  Bitmap Index Scan on sbtest8_pkey  (cost=0.00..22.14 rows=971 width=0)
	        Index Cond: ((id >= 7637205) AND (id <= 7638204))

explain: for point_selects :: explain SELECT c FROM sbtest%u WHERE id=%u
for point_selects
table 1 : explain SELECT c FROM sbtest1 WHERE id=3699580
	Index Scan using sbtest1_pkey on sbtest1  (cost=0.43..8.45 rows=1 width=121)
	  Index Cond: (id = 3699580)

table 2 : explain SELECT c FROM sbtest2 WHERE id=970082
	Index Scan using sbtest2_pkey on sbtest2  (cost=0.43..8.45 rows=1 width=121)
	  Index Cond: (id = 970082)

table 3 : explain SELECT c FROM sbtest3 WHERE id=5669960
	Index Scan using sbtest3_pkey on sbtest3  (cost=0.43..8.45 rows=1 width=121)
	  Index Cond: (id = 5669960)

table 4 : explain SELECT c FROM sbtest4 WHERE id=5504859
	Index Scan using sbtest4_pkey on sbtest4  (cost=0.43..8.45 rows=1 width=121)
	  Index Cond: (id = 5504859)

table 5 : explain SELECT c FROM sbtest5 WHERE id=2923956
	Index Scan using sbtest5_pkey on sbtest5  (cost=0.43..8.45 rows=1 width=121)
	  Index Cond: (id = 2923956)

table 6 : explain SELECT c FROM sbtest6 WHERE id=4321647
	Index Scan using sbtest6_pkey on sbtest6  (cost=0.43..8.45 rows=1 width=121)
	  Index Cond: (id = 4321647)

table 7 : explain SELECT c FROM sbtest7 WHERE id=2187491
	Index Scan using sbtest7_pkey on sbtest7  (cost=0.43..8.45 rows=1 width=121)
	  Index Cond: (id = 2187491)

table 8 : explain SELECT c FROM sbtest8 WHERE id=1401186
	Index Scan using sbtest8_pkey on sbtest8  (cost=0.43..8.45 rows=1 width=121)
	  Index Cond: (id = 1401186)

for: sum_ranges
table 1 : explain SELECT SUM(k) FROM sbtest1 WHERE id BETWEEN 4029861 AND 4030860
	Aggregate  (cost=3990.48..3990.49 rows=1 width=8)
	  ->  Bitmap Heap Scan on sbtest1  (cost=23.03..3987.90 rows=1034 width=4)
	        Recheck Cond: ((id >= 4029861) AND (id <= 4030860))
	        ->  Bitmap Index Scan on sbtest1_pkey  (cost=0.00..22.77 rows=1034 width=0)
	              Index Cond: ((id >= 4029861) AND (id <= 4030860))

table 2 : explain SELECT SUM(k) FROM sbtest2 WHERE id BETWEEN 3299574 AND 3300573
	Aggregate  (cost=3882.49..3882.50 rows=1 width=8)
	  ->  Bitmap Heap Scan on sbtest2  (cost=22.74..3879.98 rows=1005 width=4)
	        Recheck Cond: ((id >= 3299574) AND (id <= 3300573))
	        ->  Bitmap Index Scan on sbtest2_pkey  (cost=0.00..22.48 rows=1005 width=0)
	              Index Cond: ((id >= 3299574) AND (id <= 3300573))

table 3 : explain SELECT SUM(k) FROM sbtest3 WHERE id BETWEEN 1237937 AND 1238936
	Aggregate  (cost=4191.42..4191.43 rows=1 width=8)
	  ->  Bitmap Heap Scan on sbtest3  (cost=27.57..4188.70 rows=1086 width=4)
	        Recheck Cond: ((id >= 1237937) AND (id <= 1238936))
	        ->  Bitmap Index Scan on sbtest3_pkey  (cost=0.00..27.29 rows=1086 width=0)
	              Index Cond: ((id >= 1237937) AND (id <= 1238936))

table 4 : explain SELECT SUM(k) FROM sbtest4 WHERE id BETWEEN 1632128 AND 1633127
	Aggregate  (cost=3490.92..3490.93 rows=1 width=8)
	  ->  Bitmap Heap Scan on sbtest4  (cost=21.67..3488.67 rows=901 width=4)
	        Recheck Cond: ((id >= 1632128) AND (id <= 1633127))
	        ->  Bitmap Index Scan on sbtest4_pkey  (cost=0.00..21.44 rows=901 width=0)
	              Index Cond: ((id >= 1632128) AND (id <= 1633127))

table 5 : explain SELECT SUM(k) FROM sbtest5 WHERE id BETWEEN 8312341 AND 8313340
	Aggregate  (cost=3902.64..3902.65 rows=1 width=8)
	  ->  Bitmap Heap Scan on sbtest5  (cost=22.79..3900.12 rows=1010 width=4)
	        Recheck Cond: ((id >= 8312341) AND (id <= 8313340))
	        ->  Bitmap Index Scan on sbtest5_pkey  (cost=0.00..22.54 rows=1010 width=0)
	              Index Cond: ((id >= 8312341) AND (id <= 8313340))

table 6 : explain SELECT SUM(k) FROM sbtest6 WHERE id BETWEEN 9818532 AND 9819531
	Aggregate  (cost=3778.20..3778.21 rows=1 width=8)
	  ->  Bitmap Heap Scan on sbtest6  (cost=22.45..3775.76 rows=977 width=4)
	        Recheck Cond: ((id >= 9818532) AND (id <= 9819531))
	        ->  Bitmap Index Scan on sbtest6_pkey  (cost=0.00..22.20 rows=977 width=0)
	              Index Cond: ((id >= 9818532) AND (id <= 9819531))

table 7 : explain SELECT SUM(k) FROM sbtest7 WHERE id BETWEEN 3568821 AND 3569820
	Aggregate  (cost=3351.86..3351.87 rows=1 width=8)
	  ->  Bitmap Heap Scan on sbtest7  (cost=21.29..3349.70 rows=864 width=4)
	        Recheck Cond: ((id >= 3568821) AND (id <= 3569820))
	        ->  Bitmap Index Scan on sbtest7_pkey  (cost=0.00..21.07 rows=864 width=0)
	              Index Cond: ((id >= 3568821) AND (id <= 3569820))

table 8 : explain SELECT SUM(k) FROM sbtest8 WHERE id BETWEEN 3362972 AND 3363971
	Aggregate  (cost=3786.79..3786.80 rows=1 width=8)
	  ->  Bitmap Heap Scan on sbtest8  (cost=22.47..3784.34 rows=979 width=4)
	        Recheck Cond: ((id >= 3362972) AND (id <= 3363971))
	        ->  Bitmap Index Scan on sbtest8_pkey  (cost=0.00..22.22 rows=979 width=0)
	              Index Cond: ((id >= 3362972) AND (id <= 3363971))

for point_selects
table 1 : explain SELECT c FROM sbtest1 WHERE id=4342949
	Index Scan using sbtest1_pkey on sbtest1  (cost=0.43..8.45 rows=1 width=121)
	  Index Cond: (id = 4342949)

table 2 : explain SELECT c FROM sbtest2 WHERE id=9391252
	Index Scan using sbtest2_pkey on sbtest2  (cost=0.43..8.45 rows=1 width=121)
	  Index Cond: (id = 9391252)

table 3 : explain SELECT c FROM sbtest3 WHERE id=5231143
	Index Scan using sbtest3_pkey on sbtest3  (cost=0.43..8.45 rows=1 width=121)
	  Index Cond: (id = 5231143)

table 4 : explain SELECT c FROM sbtest4 WHERE id=9835561
	Index Scan using sbtest4_pkey on sbtest4  (cost=0.43..8.45 rows=1 width=121)
	  Index Cond: (id = 9835561)

table 5 : explain SELECT c FROM sbtest5 WHERE id=5719265
	Index Scan using sbtest5_pkey on sbtest5  (cost=0.43..8.45 rows=1 width=121)
	  Index Cond: (id = 5719265)

table 6 : explain SELECT c FROM sbtest6 WHERE id=8168655
	Index Scan using sbtest6_pkey on sbtest6  (cost=0.43..8.45 rows=1 width=121)
	  Index Cond: (id = 8168655)

table 7 : explain SELECT c FROM sbtest7 WHERE id=1745986
	Index Scan using sbtest7_pkey on sbtest7  (cost=0.43..8.45 rows=1 width=121)
	  Index Cond: (id = 1745986)

table 8 : explain SELECT c FROM sbtest8 WHERE id=4920400
	Index Scan using sbtest8_pkey on sbtest8  (cost=0.43..8.45 rows=1 width=121)
	  Index Cond: (id = 4920400)

for: simple_ranges
table 1 : explain SELECT c FROM sbtest1 WHERE id BETWEEN 9614221 AND 9615220
	Bitmap Heap Scan on sbtest1  (cost=22.08..3637.65 rows=941 width=121)
	  Recheck Cond: ((id >= 9614221) AND (id <= 9615220))
	  ->  Bitmap Index Scan on sbtest1_pkey  (cost=0.00..21.84 rows=941 width=0)
	        Index Cond: ((id >= 9614221) AND (id <= 9615220))

table 2 : explain SELECT c FROM sbtest2 WHERE id BETWEEN 7983809 AND 7984808
	Bitmap Heap Scan on sbtest2  (cost=22.57..3819.71 rows=989 width=121)
	  Recheck Cond: ((id >= 7983809) AND (id <= 7984808))
	  ->  Bitmap Index Scan on sbtest2_pkey  (cost=0.00..22.32 rows=989 width=0)
	        Index Cond: ((id >= 7983809) AND (id <= 7984808))

table 3 : explain SELECT c FROM sbtest3 WHERE id BETWEEN 4125244 AND 4126243
	Bitmap Heap Scan on sbtest3  (cost=23.08..4008.06 rows=1039 width=121)
	  Recheck Cond: ((id >= 4125244) AND (id <= 4126243))
	  ->  Bitmap Index Scan on sbtest3_pkey  (cost=0.00..22.82 rows=1039 width=0)
	        Index Cond: ((id >= 4125244) AND (id <= 4126243))

table 4 : explain SELECT c FROM sbtest4 WHERE id BETWEEN 6517034 AND 6518033
	Bitmap Heap Scan on sbtest4  (cost=27.57..4189.92 rows=1086 width=121)
	  Recheck Cond: ((id >= 6517034) AND (id <= 6518033))
	  ->  Bitmap Index Scan on sbtest4_pkey  (cost=0.00..27.29 rows=1086 width=0)
	        Index Cond: ((id >= 6517034) AND (id <= 6518033))

table 5 : explain SELECT c FROM sbtest5 WHERE id BETWEEN 26186 AND 27185
	Bitmap Heap Scan on sbtest5  (cost=22.50..3794.60 rows=982 width=121)
	  Recheck Cond: ((id >= 26186) AND (id <= 27185))
	  ->  Bitmap Index Scan on sbtest5_pkey  (cost=0.00..22.25 rows=982 width=0)
	        Index Cond: ((id >= 26186) AND (id <= 27185))

table 6 : explain SELECT c FROM sbtest6 WHERE id BETWEEN 3835895 AND 3836894
	Bitmap Heap Scan on sbtest6  (cost=28.04..4359.03 rows=1132 width=121)
	  Recheck Cond: ((id >= 3835895) AND (id <= 3836894))
	  ->  Bitmap Index Scan on sbtest6_pkey  (cost=0.00..27.75 rows=1132 width=0)
	        Index Cond: ((id >= 3835895) AND (id <= 3836894))

table 7 : explain SELECT c FROM sbtest7 WHERE id BETWEEN 9191311 AND 9192310
	Bitmap Heap Scan on sbtest7  (cost=22.16..3671.19 rows=949 width=121)
	  Recheck Cond: ((id >= 9191311) AND (id <= 9192310))
	  ->  Bitmap Index Scan on sbtest7_pkey  (cost=0.00..21.93 rows=949 width=0)
	        Index Cond: ((id >= 9191311) AND (id <= 9192310))

table 8 : explain SELECT c FROM sbtest8 WHERE id BETWEEN 9466137 AND 9467136
	Bitmap Heap Scan on sbtest8  (cost=26.83..3920.30 rows=1014 width=121)
	  Recheck Cond: ((id >= 9466137) AND (id <= 9467136))
	  ->  Bitmap Index Scan on sbtest8_pkey  (cost=0.00..26.57 rows=1014 width=0)
	        Index Cond: ((id >= 9466137) AND (id <= 9467136))

explain: for point_selects :: explain SELECT c FROM sbtest%u WHERE id=%u
for: sum_ranges
table 1 : explain SELECT SUM(k) FROM sbtest1 WHERE id BETWEEN 6234722 AND 6235721
	Aggregate  (cost=4035.62..4035.63 rows=1 width=8)
	  ->  Bitmap Heap Scan on sbtest1  (cost=23.16..4033.01 rows=1046 width=4)
	        Recheck Cond: ((id >= 6234722) AND (id <= 6235721))
	        ->  Bitmap Index Scan on sbtest1_pkey  (cost=0.00..22.89 rows=1046 width=0)
	              Index Cond: ((id >= 6234722) AND (id <= 6235721))

table 2 : explain SELECT SUM(k) FROM sbtest2 WHERE id BETWEEN 1215228 AND 1216227
	Aggregate  (cost=4100.82..4100.83 rows=1 width=8)
	  ->  Bitmap Heap Scan on sbtest2  (cost=23.33..4098.16 rows=1063 width=4)
	        Recheck Cond: ((id >= 1215228) AND (id <= 1216227))
	        ->  Bitmap Index Scan on sbtest2_pkey  (cost=0.00..23.07 rows=1063 width=0)
	              Index Cond: ((id >= 1215228) AND (id <= 1216227))

table 3 : explain SELECT SUM(k) FROM sbtest3 WHERE id BETWEEN 4237198 AND 4238197
	Aggregate  (cost=4210.20..4210.21 rows=1 width=8)
	  ->  Bitmap Heap Scan on sbtest3  (cost=27.62..4207.48 rows=1091 width=4)
	        Recheck Cond: ((id >= 4237198) AND (id <= 4238197))
	        ->  Bitmap Index Scan on sbtest3_pkey  (cost=0.00..27.34 rows=1091 width=0)
	              Index Cond: ((id >= 4237198) AND (id <= 4238197))

table 4 : explain SELECT SUM(k) FROM sbtest4 WHERE id BETWEEN 3041410 AND 3042409
	Aggregate  (cost=3702.59..3702.60 rows=1 width=8)
	  ->  Bitmap Heap Scan on sbtest4  (cost=22.24..3700.20 rows=957 width=4)
	        Recheck Cond: ((id >= 3041410) AND (id <= 3042409))
	        ->  Bitmap Index Scan on sbtest4_pkey  (cost=0.00..22.00 rows=957 width=0)
	              Index Cond: ((id >= 3041410) AND (id <= 3042409))

table 5 : explain SELECT SUM(k) FROM sbtest5 WHERE id BETWEEN 3720566 AND 3721565
	Aggregate  (cost=3902.64..3902.65 rows=1 width=8)
	  ->  Bitmap Heap Scan on sbtest5  (cost=22.79..3900.12 rows=1010 width=4)
	        Recheck Cond: ((id >= 3720566) AND (id <= 3721565))
	        ->  Bitmap Index Scan on sbtest5_pkey  (cost=0.00..22.54 rows=1010 width=0)
	              Index Cond: ((id >= 3720566) AND (id <= 3721565))

table 6 : explain SELECT SUM(k) FROM sbtest6 WHERE id BETWEEN 7337532 AND 7338531
	Aggregate  (cost=4008.15..4008.16 rows=1 width=8)
	  ->  Bitmap Heap Scan on sbtest6  (cost=23.07..4005.56 rows=1038 width=4)
	        Recheck Cond: ((id >= 7337532) AND (id <= 7338531))
	        ->  Bitmap Index Scan on sbtest6_pkey  (cost=0.00..22.82 rows=1038 width=0)
	              Index Cond: ((id >= 7337532) AND (id <= 7338531))

table 7 : explain SELECT SUM(k) FROM sbtest7 WHERE id BETWEEN 6952025 AND 6953024
	Aggregate  (cost=3745.34..3745.35 rows=1 width=8)
	  ->  Bitmap Heap Scan on sbtest7  (cost=22.36..3742.92 rows=968 width=4)
	        Recheck Cond: ((id >= 6952025) AND (id <= 6953024))
	        ->  Bitmap Index Scan on sbtest7_pkey  (cost=0.00..22.11 rows=968 width=0)
	              Index Cond: ((id >= 6952025) AND (id <= 6953024))

table 8 : explain SELECT SUM(k) FROM sbtest8 WHERE id BETWEEN 7957868 AND 7958867
	Aggregate  (cost=3620.56..3620.57 rows=1 width=8)
	  ->  Bitmap Heap Scan on sbtest8  (cost=22.02..3618.23 rows=935 width=4)
	        Recheck Cond: ((id >= 7957868) AND (id <= 7958867))
	        ->  Bitmap Index Scan on sbtest8_pkey  (cost=0.00..21.79 rows=935 width=0)
	              Index Cond: ((id >= 7957868) AND (id <= 7958867))

explain: for point_selects :: explain SELECT c FROM sbtest%u WHERE id=%u
for: simple_ranges
table 1 : explain SELECT c FROM sbtest1 WHERE id BETWEEN 1438944 AND 1439943
	Bitmap Heap Scan on sbtest1  (cost=22.88..3931.48 rows=1019 width=121)
	  Recheck Cond: ((id >= 1438944) AND (id <= 1439943))
	  ->  Bitmap Index Scan on sbtest1_pkey  (cost=0.00..22.62 rows=1019 width=0)
	        Index Cond: ((id >= 1438944) AND (id <= 1439943))

table 2 : explain SELECT c FROM sbtest2 WHERE id BETWEEN 1530039 AND 1531038
	Bitmap Heap Scan on sbtest2  (cost=22.22..3691.54 rows=955 width=121)
	  Recheck Cond: ((id >= 1530039) AND (id <= 1531038))
	  ->  Bitmap Index Scan on sbtest2_pkey  (cost=0.00..21.98 rows=955 width=0)
	        Index Cond: ((id >= 1530039) AND (id <= 1531038))

table 3 : explain SELECT c FROM sbtest3 WHERE id BETWEEN 182584 AND 183583
	Bitmap Heap Scan on sbtest3  (cost=22.23..3695.42 rows=956 width=121)
	  Recheck Cond: ((id >= 182584) AND (id <= 183583))
	  ->  Bitmap Index Scan on sbtest3_pkey  (cost=0.00..22.00 rows=956 width=0)
	        Index Cond: ((id >= 182584) AND (id <= 183583))

table 4 : explain SELECT c FROM sbtest4 WHERE id BETWEEN 5235456 AND 5236455
	Bitmap Heap Scan on sbtest4  (cost=27.42..4137.31 rows=1072 width=121)
	  Recheck Cond: ((id >= 5235456) AND (id <= 5236455))
	  ->  Bitmap Index Scan on sbtest4_pkey  (cost=0.00..27.15 rows=1072 width=0)
	        Index Cond: ((id >= 5235456) AND (id <= 5236455))

table 5 : explain SELECT c FROM sbtest5 WHERE id BETWEEN 4990265 AND 4991264
	Bitmap Heap Scan on sbtest5  (cost=22.72..3873.75 rows=1003 width=121)
	  Recheck Cond: ((id >= 4990265) AND (id <= 4991264))
	  ->  Bitmap Index Scan on sbtest5_pkey  (cost=0.00..22.46 rows=1003 width=0)
	        Index Cond: ((id >= 4990265) AND (id <= 4991264))

table 6 : explain SELECT c FROM sbtest6 WHERE id BETWEEN 2567006 AND 2568005
	Bitmap Heap Scan on sbtest6  (cost=28.07..4370.29 rows=1135 width=121)
	  Recheck Cond: ((id >= 2567006) AND (id <= 2568005))
	  ->  Bitmap Index Scan on sbtest6_pkey  (cost=0.00..27.79 rows=1135 width=0)
	        Index Cond: ((id >= 2567006) AND (id <= 2568005))

table 7 : explain SELECT c FROM sbtest7 WHERE id BETWEEN 4004442 AND 4005441
	Bitmap Heap Scan on sbtest7  (cost=22.48..3788.19 rows=980 width=121)
	  Recheck Cond: ((id >= 4004442) AND (id <= 4005441))
	  ->  Bitmap Index Scan on sbtest7_pkey  (cost=0.00..22.23 rows=980 width=0)
	        Index Cond: ((id >= 4004442) AND (id <= 4005441))

table 8 : explain SELECT c FROM sbtest8 WHERE id BETWEEN 1585669 AND 1586668
	Bitmap Heap Scan on sbtest8  (cost=22.37..3746.61 rows=969 width=121)
	  Recheck Cond: ((id >= 1585669) AND (id <= 1586668))
	  ->  Bitmap Index Scan on sbtest8_pkey  (cost=0.00..22.12 rows=969 width=0)
	        Index Cond: ((id >= 1585669) AND (id <= 1586668))

explain: for point_selects :: explain SELECT c FROM sbtest%u WHERE id=%u
for: simple_ranges
table 1 : explain SELECT c FROM sbtest1 WHERE id BETWEEN 792060 AND 793059
	Bitmap Heap Scan on sbtest1  (cost=22.58..3822.33 rows=990 width=121)
	  Recheck Cond: ((id >= 792060) AND (id <= 793059))
	  ->  Bitmap Index Scan on sbtest1_pkey  (cost=0.00..22.33 rows=990 width=0)
	        Index Cond: ((id >= 792060) AND (id <= 793059))

table 2 : explain SELECT c FROM sbtest2 WHERE id BETWEEN 5045189 AND 5046188
	Bitmap Heap Scan on sbtest2  (cost=22.50..3793.34 rows=982 width=121)
	  Recheck Cond: ((id >= 5045189) AND (id <= 5046188))
	  ->  Bitmap Index Scan on sbtest2_pkey  (cost=0.00..22.25 rows=982 width=0)
	        Index Cond: ((id >= 5045189) AND (id <= 5046188))

table 3 : explain SELECT c FROM sbtest3 WHERE id BETWEEN 9346198 AND 9347197
	Bitmap Heap Scan on sbtest3  (cost=22.42..3763.30 rows=974 width=121)
	  Recheck Cond: ((id >= 9346198) AND (id <= 9347197))
	  ->  Bitmap Index Scan on sbtest3_pkey  (cost=0.00..22.18 rows=974 width=0)
	        Index Cond: ((id >= 9346198) AND (id <= 9347197))

table 4 : explain SELECT c FROM sbtest4 WHERE id BETWEEN 3675038 AND 3676037
	Bitmap Heap Scan on sbtest4  (cost=22.52..3802.04 rows=984 width=121)
	  Recheck Cond: ((id >= 3675038) AND (id <= 3676037))
	  ->  Bitmap Index Scan on sbtest4_pkey  (cost=0.00..22.27 rows=984 width=0)
	        Index Cond: ((id >= 3675038) AND (id <= 3676037))

table 5 : explain SELECT c FROM sbtest5 WHERE id BETWEEN 7014275 AND 7015274
	Bitmap Heap Scan on sbtest5  (cost=22.54..3809.68 rows=986 width=121)
	  Recheck Cond: ((id >= 7014275) AND (id <= 7015274))
	  ->  Bitmap Index Scan on sbtest5_pkey  (cost=0.00..22.29 rows=986 width=0)
	        Index Cond: ((id >= 7014275) AND (id <= 7015274))

table 6 : explain SELECT c FROM sbtest6 WHERE id BETWEEN 6423375 AND 6424374
	Bitmap Heap Scan on sbtest6  (cost=23.13..4024.37 rows=1043 width=121)
	  Recheck Cond: ((id >= 6423375) AND (id <= 6424374))
	  ->  Bitmap Index Scan on sbtest6_pkey  (cost=0.00..22.86 rows=1043 width=0)
	        Index Cond: ((id >= 6423375) AND (id <= 6424374))

table 7 : explain SELECT c FROM sbtest7 WHERE id BETWEEN 2745694 AND 2746693
	Bitmap Heap Scan on sbtest7  (cost=22.74..3882.47 rows=1005 width=121)
	  Recheck Cond: ((id >= 2745694) AND (id <= 2746693))
	  ->  Bitmap Index Scan on sbtest7_pkey  (cost=0.00..22.48 rows=1005 width=0)
	        Index Cond: ((id >= 2745694) AND (id <= 2746693))

table 8 : explain SELECT c FROM sbtest8 WHERE id BETWEEN 1437320 AND 1438319
	Bitmap Heap Scan on sbtest8  (cost=27.72..4247.64 rows=1101 width=121)
	  Recheck Cond: ((id >= 1437320) AND (id <= 1438319))
	  ->  Bitmap Index Scan on sbtest8_pkey  (cost=0.00..27.44 rows=1101 width=0)
	        Index Cond: ((id >= 1437320) AND (id <= 1438319))

for: sum_ranges
table 1 : explain SELECT SUM(k) FROM sbtest1 WHERE id BETWEEN 9538363 AND 9539362
	Aggregate  (cost=3466.22..3466.23 rows=1 width=8)
	  ->  Bitmap Heap Scan on sbtest1  (cost=21.61..3463.98 rows=895 width=4)
	        Recheck Cond: ((id >= 9538363) AND (id <= 9539362))
	        ->  Bitmap Index Scan on sbtest1_pkey  (cost=0.00..21.39 rows=895 width=0)
	              Index Cond: ((id >= 9538363) AND (id <= 9539362))

table 2 : explain SELECT SUM(k) FROM sbtest2 WHERE id BETWEEN 9000424 AND 9001423
	Aggregate  (cost=3678.83..3678.84 rows=1 width=8)
	  ->  Bitmap Heap Scan on sbtest2  (cost=22.18..3676.45 rows=951 width=4)
	        Recheck Cond: ((id >= 9000424) AND (id <= 9001423))
	        ->  Bitmap Index Scan on sbtest2_pkey  (cost=0.00..21.94 rows=951 width=0)
	              Index Cond: ((id >= 9000424) AND (id <= 9001423))

table 3 : explain SELECT SUM(k) FROM sbtest3 WHERE id BETWEEN 7604859 AND 7605858
	Aggregate  (cost=3920.29..3920.30 rows=1 width=8)
	  ->  Bitmap Heap Scan on sbtest3  (cost=22.84..3917.75 rows=1015 width=4)
	        Recheck Cond: ((id >= 7604859) AND (id <= 7605858))
	        ->  Bitmap Index Scan on sbtest3_pkey  (cost=0.00..22.58 rows=1015 width=0)
	              Index Cond: ((id >= 7604859) AND (id <= 7605858))

table 4 : explain SELECT SUM(k) FROM sbtest4 WHERE id BETWEEN 7498506 AND 7499505
	Aggregate  (cost=3857.30..3857.31 rows=1 width=8)
	  ->  Bitmap Heap Scan on sbtest4  (cost=22.66..3854.81 rows=998 width=4)
	        Recheck Cond: ((id >= 7498506) AND (id <= 7499505))
	        ->  Bitmap Index Scan on sbtest4_pkey  (cost=0.00..22.41 rows=998 width=0)
	              Index Cond: ((id >= 7498506) AND (id <= 7499505))

table 5 : explain SELECT SUM(k) FROM sbtest5 WHERE id BETWEEN 292174 AND 293173
	Aggregate  (cost=3483.44..3483.45 rows=1 width=8)
	  ->  Bitmap Heap Scan on sbtest5  (cost=21.65..3481.19 rows=899 width=4)
	        Recheck Cond: ((id >= 292174) AND (id <= 293173))
	        ->  Bitmap Index Scan on sbtest5_pkey  (cost=0.00..21.43 rows=899 width=0)
	              Index Cond: ((id >= 292174) AND (id <= 293173))

table 6 : explain SELECT SUM(k) FROM sbtest6 WHERE id BETWEEN 9465441 AND 9466440
	Aggregate  (cost=3872.50..3872.51 rows=1 width=8)
	  ->  Bitmap Heap Scan on sbtest6  (cost=22.71..3870.00 rows=1002 width=4)
	        Recheck Cond: ((id >= 9465441) AND (id <= 9466440))
	        ->  Bitmap Index Scan on sbtest6_pkey  (cost=0.00..22.45 rows=1002 width=0)
	              Index Cond: ((id >= 9465441) AND (id <= 9466440))

table 7 : explain SELECT SUM(k) FROM sbtest7 WHERE id BETWEEN 5947069 AND 5948068
	Aggregate  (cost=3465.51..3465.52 rows=1 width=8)
	  ->  Bitmap Heap Scan on sbtest7  (cost=21.60..3463.28 rows=894 width=4)
	        Recheck Cond: ((id >= 5947069) AND (id <= 5948068))
	        ->  Bitmap Index Scan on sbtest7_pkey  (cost=0.00..21.37 rows=894 width=0)
	              Index Cond: ((id >= 5947069) AND (id <= 5948068))

table 8 : explain SELECT SUM(k) FROM sbtest8 WHERE id BETWEEN 9403089 AND 9404088
	Aggregate  (cost=4039.66..4039.67 rows=1 width=8)
	  ->  Bitmap Heap Scan on sbtest8  (cost=27.15..4037.05 rows=1045 width=4)
	        Recheck Cond: ((id >= 9403089) AND (id <= 9404088))
	        ->  Bitmap Index Scan on sbtest8_pkey  (cost=0.00..26.89 rows=1045 width=0)
	              Index Cond: ((id >= 9403089) AND (id <= 9404088))

explain: for point_selects :: explain SELECT c FROM sbtest%u WHERE id=%u
for: order_ranges
table 1 : explain SELECT c FROM sbtest1 WHERE id BETWEEN 6438499 AND 6439498 ORDER BY c
	Sort  (cost=3883.06..3885.54 rows=993 width=121)
	  Sort Key: c
	  ->  Bitmap Heap Scan on sbtest1  (cost=22.61..3833.63 rows=993 width=121)
	        Recheck Cond: ((id >= 6438499) AND (id <= 6439498))
	        ->  Bitmap Index Scan on sbtest1_pkey  (cost=0.00..22.36 rows=993 width=0)
	              Index Cond: ((id >= 6438499) AND (id <= 6439498))

table 2 : explain SELECT c FROM sbtest2 WHERE id BETWEEN 6625661 AND 6626660 ORDER BY c
	Sort  (cost=3960.67..3963.20 rows=1013 width=121)
	  Sort Key: c
	  ->  Bitmap Heap Scan on sbtest2  (cost=22.82..3910.10 rows=1013 width=121)
	        Recheck Cond: ((id >= 6625661) AND (id <= 6626660))
	        ->  Bitmap Index Scan on sbtest2_pkey  (cost=0.00..22.57 rows=1013 width=0)
	              Index Cond: ((id >= 6625661) AND (id <= 6626660))

table 3 : explain SELECT c FROM sbtest3 WHERE id BETWEEN 3310384 AND 3311383 ORDER BY c
	Sort  (cost=4479.73..4482.61 rows=1149 width=121)
	  Sort Key: c
	  ->  Bitmap Heap Scan on sbtest3  (cost=28.21..4421.33 rows=1149 width=121)
	        Recheck Cond: ((id >= 3310384) AND (id <= 3311383))
	        ->  Bitmap Index Scan on sbtest3_pkey  (cost=0.00..27.93 rows=1149 width=0)
	              Index Cond: ((id >= 3310384) AND (id <= 3311383))

table 4 : explain SELECT c FROM sbtest4 WHERE id BETWEEN 8981108 AND 8982107 ORDER BY c
	Sort  (cost=4145.46..4148.11 rows=1060 width=121)
	  Sort Key: c
	  ->  Bitmap Heap Scan on sbtest4  (cost=27.30..4092.19 rows=1060 width=121)
	        Recheck Cond: ((id >= 8981108) AND (id <= 8982107))
	        ->  Bitmap Index Scan on sbtest4_pkey  (cost=0.00..27.04 rows=1060 width=0)
	              Index Cond: ((id >= 8981108) AND (id <= 8982107))

table 5 : explain SELECT c FROM sbtest5 WHERE id BETWEEN 3435489 AND 3436488 ORDER BY c
	Sort  (cost=3525.30..3527.55 rows=899 width=121)
	  Sort Key: c
	  ->  Bitmap Heap Scan on sbtest5  (cost=21.65..3481.19 rows=899 width=121)
	        Recheck Cond: ((id >= 3435489) AND (id <= 3436488))
	        ->  Bitmap Index Scan on sbtest5_pkey  (cost=0.00..21.43 rows=899 width=0)
	              Index Cond: ((id >= 3435489) AND (id <= 3436488))

table 6 : explain SELECT c FROM sbtest6 WHERE id BETWEEN 6967933 AND 6968932 ORDER BY c
	Sort  (cost=4007.88..4010.44 rows=1025 width=121)
	  Sort Key: c
	  ->  Bitmap Heap Scan on sbtest6  (cost=22.94..3956.62 rows=1025 width=121)
	        Recheck Cond: ((id >= 6967933) AND (id <= 6968932))
	        ->  Bitmap Index Scan on sbtest6_pkey  (cost=0.00..22.68 rows=1025 width=0)
	              Index Cond: ((id >= 6967933) AND (id <= 6968932))

table 7 : explain SELECT c FROM sbtest7 WHERE id BETWEEN 174472 AND 175471 ORDER BY c
	Sort  (cost=3836.88..3839.33 rows=980 width=121)
	  Sort Key: c
	  ->  Bitmap Heap Scan on sbtest7  (cost=22.48..3788.19 rows=980 width=121)
	        Recheck Cond: ((id >= 174472) AND (id <= 175471))
	        ->  Bitmap Index Scan on sbtest7_pkey  (cost=0.00..22.23 rows=980 width=0)
	              Index Cond: ((id >= 174472) AND (id <= 175471))

table 8 : explain SELECT c FROM sbtest8 WHERE id BETWEEN 7041201 AND 7042200 ORDER BY c
	Sort  (cost=3978.58..3981.12 rows=1016 width=121)
	  Sort Key: c
	  ->  Bitmap Heap Scan on sbtest8  (cost=26.85..3927.83 rows=1016 width=121)
	        Recheck Cond: ((id >= 7041201) AND (id <= 7042200))
	        ->  Bitmap Index Scan on sbtest8_pkey  (cost=0.00..26.59 rows=1016 width=0)
	              Index Cond: ((id >= 7041201) AND (id <= 7042200))

for: sum_ranges
table 1 : explain SELECT SUM(k) FROM sbtest1 WHERE id BETWEEN 1087055 AND 1088054
	Aggregate  (cost=4253.82..4253.83 rows=1 width=8)
	  ->  Bitmap Heap Scan on sbtest1  (cost=27.75..4251.06 rows=1104 width=4)
	        Recheck Cond: ((id >= 1087055) AND (id <= 1088054))
	        ->  Bitmap Index Scan on sbtest1_pkey  (cost=0.00..27.47 rows=1104 width=0)
	              Index Cond: ((id >= 1087055) AND (id <= 1088054))

table 2 : explain SELECT SUM(k) FROM sbtest2 WHERE id BETWEEN 905198 AND 906197
	Aggregate  (cost=3599.52..3599.53 rows=1 width=8)
	  ->  Bitmap Heap Scan on sbtest2  (cost=21.97..3597.19 rows=930 width=4)
	        Recheck Cond: ((id >= 905198) AND (id <= 906197))
	        ->  Bitmap Index Scan on sbtest2_pkey  (cost=0.00..21.73 rows=930 width=0)
	              Index Cond: ((id >= 905198) AND (id <= 906197))

table 3 : explain SELECT SUM(k) FROM sbtest3 WHERE id BETWEEN 4515061 AND 4516060
	Aggregate  (cost=3852.46..3852.47 rows=1 width=8)
	  ->  Bitmap Heap Scan on sbtest3  (cost=22.65..3849.97 rows=997 width=4)
	        Recheck Cond: ((id >= 4515061) AND (id <= 4516060))
	        ->  Bitmap Index Scan on sbtest3_pkey  (cost=0.00..22.40 rows=997 width=0)
	              Index Cond: ((id >= 4515061) AND (id <= 4516060))

table 4 : explain SELECT SUM(k) FROM sbtest4 WHERE id BETWEEN 9077630 AND 9078629
	Aggregate  (cost=4230.22..4230.23 rows=1 width=8)
	  ->  Bitmap Heap Scan on sbtest4  (cost=27.67..4227.48 rows=1096 width=4)
	        Recheck Cond: ((id >= 9077630) AND (id <= 9078629))
	        ->  Bitmap Index Scan on sbtest4_pkey  (cost=0.00..27.39 rows=1096 width=0)
	              Index Cond: ((id >= 9077630) AND (id <= 9078629))

table 5 : explain SELECT SUM(k) FROM sbtest5 WHERE id BETWEEN 7670814 AND 7671813
	Aggregate  (cost=3974.24..3974.25 rows=1 width=8)
	  ->  Bitmap Heap Scan on sbtest5  (cost=22.98..3971.66 rows=1029 width=4)
	        Recheck Cond: ((id >= 7670814) AND (id <= 7671813))
	        ->  Bitmap Index Scan on sbtest5_pkey  (cost=0.00..22.72 rows=1029 width=0)
	              Index Cond: ((id >= 7670814) AND (id <= 7671813))

table 6 : explain SELECT SUM(k) FROM sbtest6 WHERE id BETWEEN 8578884 AND 8579883
	Aggregate  (cost=4207.81..4207.82 rows=1 width=8)
	  ->  Bitmap Heap Scan on sbtest6  (cost=27.61..4205.08 rows=1090 width=4)
	        Recheck Cond: ((id >= 8578884) AND (id <= 8579883))
	        ->  Bitmap Index Scan on sbtest6_pkey  (cost=0.00..27.33 rows=1090 width=0)
	              Index Cond: ((id >= 8578884) AND (id <= 8579883))

table 7 : explain SELECT SUM(k) FROM sbtest7 WHERE id BETWEEN 4159241 AND 4160240
	Aggregate  (cost=3605.51..3605.52 rows=1 width=8)
	  ->  Bitmap Heap Scan on sbtest7  (cost=21.98..3603.19 rows=931 width=4)
	        Recheck Cond: ((id >= 4159241) AND (id <= 4160240))
	        ->  Bitmap Index Scan on sbtest7_pkey  (cost=0.00..21.75 rows=931 width=0)
	              Index Cond: ((id >= 4159241) AND (id <= 4160240))

table 8 : explain SELECT SUM(k) FROM sbtest8 WHERE id BETWEEN 8880324 AND 8881323
	Aggregate  (cost=3968.07..3968.08 rows=1 width=8)
	  ->  Bitmap Heap Scan on sbtest8  (cost=26.95..3965.51 rows=1026 width=4)
	        Recheck Cond: ((id >= 8880324) AND (id <= 8881323))
	        ->  Bitmap Index Scan on sbtest8_pkey  (cost=0.00..26.69 rows=1026 width=0)
	              Index Cond: ((id >= 8880324) AND (id <= 8881323))
for: sum_ranges
table 1 : explain SELECT SUM(k) FROM sbtest1 WHERE id BETWEEN 9770006 AND 9771005
	Aggregate  (cost=3896.38..3896.39 rows=1 width=8)
	  ->  Bitmap Heap Scan on sbtest1  (cost=22.78..3893.86 rows=1009 width=4)
	        Recheck Cond: ((id >= 9770006) AND (id <= 9771005))
	        ->  Bitmap Index Scan on sbtest1_pkey  (cost=0.00..22.52 rows=1009 width=0)
	              Index Cond: ((id >= 9770006) AND (id <= 9771005))

table 2 : explain SELECT SUM(k) FROM sbtest2 WHERE id BETWEEN 288998 AND 289997
	Aggregate  (cost=4085.78..4085.79 rows=1 width=8)
	  ->  Bitmap Heap Scan on sbtest2  (cost=23.29..4083.13 rows=1059 width=4)
	        Recheck Cond: ((id >= 288998) AND (id <= 289997))
	        ->  Bitmap Index Scan on sbtest2_pkey  (cost=0.00..23.02 rows=1059 width=0)
	              Index Cond: ((id >= 288998) AND (id <= 289997))

table 3 : explain SELECT SUM(k) FROM sbtest3 WHERE id BETWEEN 6049930 AND 6050929
	Aggregate  (cost=3546.72..3546.73 rows=1 width=8)
	  ->  Bitmap Heap Scan on sbtest3  (cost=21.82..3544.43 rows=916 width=4)
	        Recheck Cond: ((id >= 6049930) AND (id <= 6050929))
	        ->  Bitmap Index Scan on sbtest3_pkey  (cost=0.00..21.59 rows=916 width=0)
	              Index Cond: ((id >= 6049930) AND (id <= 6050929))

table 4 : explain SELECT SUM(k) FROM sbtest4 WHERE id BETWEEN 5360802 AND 5361801
	Aggregate  (cost=3977.90..3977.91 rows=1 width=8)
	  ->  Bitmap Heap Scan on sbtest4  (cost=22.99..3975.32 rows=1030 width=4)
	        Recheck Cond: ((id >= 5360802) AND (id <= 5361801))
	        ->  Bitmap Index Scan on sbtest4_pkey  (cost=0.00..22.73 rows=1030 width=0)
	              Index Cond: ((id >= 5360802) AND (id <= 5361801))

table 5 : explain SELECT SUM(k) FROM sbtest5 WHERE id BETWEEN 5203294 AND 5204293
	Aggregate  (cost=3895.10..3895.11 rows=1 width=8)
	  ->  Bitmap Heap Scan on sbtest5  (cost=22.77..3892.58 rows=1008 width=4)
	        Recheck Cond: ((id >= 5203294) AND (id <= 5204293))
	        ->  Bitmap Index Scan on sbtest5_pkey  (cost=0.00..22.51 rows=1008 width=0)
	              Index Cond: ((id >= 5203294) AND (id <= 5204293))

table 6 : explain SELECT SUM(k) FROM sbtest6 WHERE id BETWEEN 6002235 AND 6003234
	Aggregate  (cost=3819.70..3819.71 rows=1 width=8)
	  ->  Bitmap Heap Scan on sbtest6  (cost=22.56..3817.23 rows=988 width=4)
	        Recheck Cond: ((id >= 6002235) AND (id <= 6003234))
	        ->  Bitmap Index Scan on sbtest6_pkey  (cost=0.00..22.32 rows=988 width=0)
	              Index Cond: ((id >= 6002235) AND (id <= 6003234))

table 7 : explain SELECT SUM(k) FROM sbtest7 WHERE id BETWEEN 1513794 AND 1514793
	Aggregate  (cost=3647.10..3647.11 rows=1 width=8)
	  ->  Bitmap Heap Scan on sbtest7  (cost=22.09..3644.75 rows=942 width=4)
	        Recheck Cond: ((id >= 1513794) AND (id <= 1514793))
	        ->  Bitmap Index Scan on sbtest7_pkey  (cost=0.00..21.86 rows=942 width=0)
	              Index Cond: ((id >= 1513794) AND (id <= 1514793))

table 8 : explain SELECT SUM(k) FROM sbtest8 WHERE id BETWEEN 4642508 AND 4643507
	Aggregate  (cost=3756.58..3756.59 rows=1 width=8)
	  ->  Bitmap Heap Scan on sbtest8  (cost=22.39..3754.16 rows=971 width=4)
	        Recheck Cond: ((id >= 4642508) AND (id <= 4643507))
	        ->  Bitmap Index Scan on sbtest8_pkey  (cost=0.00..22.14 rows=971 width=0)
	              Index Cond: ((id >= 4642508) AND (id <= 4643507))


for: order_ranges
table 1 : explain SELECT c FROM sbtest1 WHERE id BETWEEN 9044378 AND 9045377 ORDER BY c
	Sort  (cost=4257.14..4259.87 rows=1092 width=121)
	  Sort Key: c
	  ->  Bitmap Heap Scan on sbtest1  (cost=23.63..4202.04 rows=1092 width=121)
	        Recheck Cond: ((id >= 9044378) AND (id <= 9045377))
	        ->  Bitmap Index Scan on sbtest1_pkey  (cost=0.00..23.36 rows=1092 width=0)
	              Index Cond: ((id >= 9044378) AND (id <= 9045377))

table 2 : explain SELECT c FROM sbtest2 WHERE id BETWEEN 3246082 AND 3247081 ORDER BY c
	Sort  (cost=3930.09..3932.60 rows=1005 width=121)
	  Sort Key: c
	  ->  Bitmap Heap Scan on sbtest2  (cost=22.74..3879.98 rows=1005 width=121)
	        Recheck Cond: ((id >= 3246082) AND (id <= 3247081))
	        ->  Bitmap Index Scan on sbtest2_pkey  (cost=0.00..22.48 rows=1005 width=0)
	              Index Cond: ((id >= 3246082) AND (id <= 3247081))

table 3 : explain SELECT c FROM sbtest3 WHERE id BETWEEN 5634505 AND 5635504 ORDER BY c
	Sort  (cost=4067.75..4070.36 rows=1041 width=121)
	  Sort Key: c
	  ->  Bitmap Heap Scan on sbtest3  (cost=23.11..4015.58 rows=1041 width=121)
	        Recheck Cond: ((id >= 5634505) AND (id <= 5635504))
	        ->  Bitmap Index Scan on sbtest3_pkey  (cost=0.00..22.84 rows=1041 width=0)
	              Index Cond: ((id >= 5634505) AND (id <= 5635504))

table 4 : explain SELECT c FROM sbtest4 WHERE id BETWEEN 8317861 AND 8318860 ORDER BY c
	Sort  (cost=3808.85..3811.28 rows=973 width=121)
	  Sort Key: c
	  ->  Bitmap Heap Scan on sbtest4  (cost=22.41..3760.56 rows=973 width=121)
	        Recheck Cond: ((id >= 8317861) AND (id <= 8318860))
	        ->  Bitmap Index Scan on sbtest4_pkey  (cost=0.00..22.16 rows=973 width=0)
	              Index Cond: ((id >= 8317861) AND (id <= 8318860))

table 5 : explain SELECT c FROM sbtest5 WHERE id BETWEEN 3609381 AND 3610380 ORDER BY c
	Sort  (cost=3900.80..3903.29 rows=997 width=121)
	  Sort Key: c
	  ->  Bitmap Heap Scan on sbtest5  (cost=22.65..3851.14 rows=997 width=121)
	        Recheck Cond: ((id >= 3609381) AND (id <= 3610380))
	        ->  Bitmap Index Scan on sbtest5_pkey  (cost=0.00..22.40 rows=997 width=0)
	              Index Cond: ((id >= 3609381) AND (id <= 3610380))

table 6 : explain SELECT c FROM sbtest6 WHERE id BETWEEN 4214453 AND 4215452 ORDER BY c
	Sort  (cost=3900.81..3903.31 rows=997 width=121)
	  Sort Key: c
	  ->  Bitmap Heap Scan on sbtest6  (cost=22.65..3851.16 rows=997 width=121)
	        Recheck Cond: ((id >= 4214453) AND (id <= 4215452))
	        ->  Bitmap Index Scan on sbtest6_pkey  (cost=0.00..22.40 rows=997 width=0)
	              Index Cond: ((id >= 4214453) AND (id <= 4215452))

table 7 : explain SELECT c FROM sbtest7 WHERE id BETWEEN 2883403 AND 2884402 ORDER BY c
	Sort  (cost=3974.66..3977.20 rows=1016 width=121)
	  Sort Key: c
	  ->  Bitmap Heap Scan on sbtest7  (cost=22.85..3923.92 rows=1016 width=121)
	        Recheck Cond: ((id >= 2883403) AND (id <= 2884402))
	        ->  Bitmap Index Scan on sbtest7_pkey  (cost=0.00..22.59 rows=1016 width=0)
	              Index Cond: ((id >= 2883403) AND (id <= 2884402))

table 8 : explain SELECT c FROM sbtest8 WHERE id BETWEEN 8276794 AND 8277793 ORDER BY c
	Sort  (cost=3882.92..3885.39 rows=991 width=121)
	  Sort Key: c
	  ->  Bitmap Heap Scan on sbtest8  (cost=26.59..3833.60 rows=991 width=121)
	        Recheck Cond: ((id >= 8276794) AND (id <= 8277793))
	        ->  Bitmap Index Scan on sbtest8_pkey  (cost=0.00..26.34 rows=991 width=0)
	              Index Cond: ((id >= 8276794) AND (id <= 8277793))

for point_selects
table 1 : explain SELECT c FROM sbtest1 WHERE id=7979309
	Index Scan using sbtest1_pkey on sbtest1  (cost=0.43..8.45 rows=1 width=121)
	  Index Cond: (id = 7979309)

table 2 : explain SELECT c FROM sbtest2 WHERE id=918628
	Index Scan using sbtest2_pkey on sbtest2  (cost=0.43..8.45 rows=1 width=121)
	  Index Cond: (id = 918628)

table 3 : explain SELECT c FROM sbtest3 WHERE id=4351046
	Index Scan using sbtest3_pkey on sbtest3  (cost=0.43..8.45 rows=1 width=121)
	  Index Cond: (id = 4351046)

table 4 : explain SELECT c FROM sbtest4 WHERE id=859182
	Index Scan using sbtest4_pkey on sbtest4  (cost=0.43..8.45 rows=1 width=121)
	  Index Cond: (id = 859182)

table 5 : explain SELECT c FROM sbtest5 WHERE id=4501475
	Index Scan using sbtest5_pkey on sbtest5  (cost=0.43..8.45 rows=1 width=121)
	  Index Cond: (id = 4501475)

table 6 : explain SELECT c FROM sbtest6 WHERE id=5493134
	Index Scan using sbtest6_pkey on sbtest6  (cost=0.43..8.45 rows=1 width=121)
	  Index Cond: (id = 5493134)

table 7 : explain SELECT c FROM sbtest7 WHERE id=4324951
	Index Scan using sbtest7_pkey on sbtest7  (cost=0.43..8.45 rows=1 width=121)
	  Index Cond: (id = 4324951)

table 8 : explain SELECT c FROM sbtest8 WHERE id=7416280
	Index Scan using sbtest8_pkey on sbtest8  (cost=0.43..8.45 rows=1 width=121)
	  Index Cond: (id = 7416280)

explain: for point_selects :: explain SELECT c FROM sbtest%u WHERE id=%u
for point_selects
table 1 : explain SELECT c FROM sbtest1 WHERE id=880985
	Index Scan using sbtest1_pkey on sbtest1  (cost=0.43..8.45 rows=1 width=121)
	  Index Cond: (id = 880985)

table 2 : explain SELECT c FROM sbtest2 WHERE id=9384155
	Index Scan using sbtest2_pkey on sbtest2  (cost=0.43..8.45 rows=1 width=121)
	  Index Cond: (id = 9384155)

table 3 : explain SELECT c FROM sbtest3 WHERE id=1682866
	Index Scan using sbtest3_pkey on sbtest3  (cost=0.43..8.45 rows=1 width=121)
	  Index Cond: (id = 1682866)

table 4 : explain SELECT c FROM sbtest4 WHERE id=3367003
	Index Scan using sbtest4_pkey on sbtest4  (cost=0.43..8.45 rows=1 width=121)
	  Index Cond: (id = 3367003)

table 5 : explain SELECT c FROM sbtest5 WHERE id=9810042
	Index Scan using sbtest5_pkey on sbtest5  (cost=0.43..8.45 rows=1 width=121)
	  Index Cond: (id = 9810042)

table 6 : explain SELECT c FROM sbtest6 WHERE id=9157811
	Index Scan using sbtest6_pkey on sbtest6  (cost=0.43..8.45 rows=1 width=121)
	  Index Cond: (id = 9157811)

table 7 : explain SELECT c FROM sbtest7 WHERE id=3126502
	Index Scan using sbtest7_pkey on sbtest7  (cost=0.43..8.45 rows=1 width=121)
	  Index Cond: (id = 3126502)

table 8 : explain SELECT c FROM sbtest8 WHERE id=4182048
	Index Scan using sbtest8_pkey on sbtest8  (cost=0.43..8.45 rows=1 width=121)
	  Index Cond: (id = 4182048)

for point_selects
table 1 : explain SELECT c FROM sbtest1 WHERE id=3858595
	Index Scan using sbtest1_pkey on sbtest1  (cost=0.43..8.45 rows=1 width=121)
	  Index Cond: (id = 3858595)

table 2 : explain SELECT c FROM sbtest2 WHERE id=6364900
	Index Scan using sbtest2_pkey on sbtest2  (cost=0.43..8.45 rows=1 width=121)
	  Index Cond: (id = 6364900)

table 3 : explain SELECT c FROM sbtest3 WHERE id=7363690
	Index Scan using sbtest3_pkey on sbtest3  (cost=0.43..8.45 rows=1 width=121)
	  Index Cond: (id = 7363690)

table 4 : explain SELECT c FROM sbtest4 WHERE id=1582666
	Index Scan using sbtest4_pkey on sbtest4  (cost=0.43..8.45 rows=1 width=121)
	  Index Cond: (id = 1582666)

table 5 : explain SELECT c FROM sbtest5 WHERE id=5726813
	Index Scan using sbtest5_pkey on sbtest5  (cost=0.43..8.45 rows=1 width=121)
	  Index Cond: (id = 5726813)

table 6 : explain SELECT c FROM sbtest6 WHERE id=1625837
	Index Scan using sbtest6_pkey on sbtest6  (cost=0.43..8.45 rows=1 width=121)
	  Index Cond: (id = 1625837)

table 7 : explain SELECT c FROM sbtest7 WHERE id=7411868
	Index Scan using sbtest7_pkey on sbtest7  (cost=0.43..8.45 rows=1 width=121)
	  Index Cond: (id = 7411868)

table 8 : explain SELECT c FROM sbtest8 WHERE id=1762797
	Index Scan using sbtest8_pkey on sbtest8  (cost=0.43..8.45 rows=1 width=121)
	  Index Cond: (id = 1762797)

for: sum_ranges
table 1 : explain SELECT SUM(k) FROM sbtest1 WHERE id BETWEEN 2633648 AND 2634647
	Aggregate  (cost=3794.65..3794.66 rows=1 width=8)
	  ->  Bitmap Heap Scan on sbtest1  (cost=22.50..3792.20 rows=982 width=4)
	        Recheck Cond: ((id >= 2633648) AND (id <= 2634647))
	        ->  Bitmap Index Scan on sbtest1_pkey  (cost=0.00..22.25 rows=982 width=0)
	              Index Cond: ((id >= 2633648) AND (id <= 2634647))

table 2 : explain SELECT SUM(k) FROM sbtest2 WHERE id BETWEEN 9913399 AND 9914398
	Aggregate  (cost=3818.41..3818.42 rows=1 width=8)
	  ->  Bitmap Heap Scan on sbtest2  (cost=22.56..3815.94 rows=988 width=4)
	        Recheck Cond: ((id >= 9913399) AND (id <= 9914398))
	        ->  Bitmap Index Scan on sbtest2_pkey  (cost=0.00..22.32 rows=988 width=0)
	              Index Cond: ((id >= 9913399) AND (id <= 9914398))

table 3 : explain SELECT SUM(k) FROM sbtest3 WHERE id BETWEEN 5793044 AND 5794043
	Aggregate  (cost=4304.13..4304.14 rows=1 width=8)
	  ->  Bitmap Heap Scan on sbtest3  (cost=27.88..4301.33 rows=1117 width=4)
	        Recheck Cond: ((id >= 5793044) AND (id <= 5794043))
	        ->  Bitmap Index Scan on sbtest3_pkey  (cost=0.00..27.61 rows=1117 width=0)
	              Index Cond: ((id >= 5793044) AND (id <= 5794043))

table 4 : explain SELECT SUM(k) FROM sbtest4 WHERE id BETWEEN 7236160 AND 7237159
	Aggregate  (cost=3759.22..3759.23 rows=1 width=8)
	  ->  Bitmap Heap Scan on sbtest4  (cost=22.40..3756.79 rows=972 width=4)
	        Recheck Cond: ((id >= 7236160) AND (id <= 7237159))
	        ->  Bitmap Index Scan on sbtest4_pkey  (cost=0.00..22.15 rows=972 width=0)
	              Index Cond: ((id >= 7236160) AND (id <= 7237159))

table 5 : explain SELECT SUM(k) FROM sbtest5 WHERE id BETWEEN 280264 AND 281263
	Aggregate  (cost=3483.44..3483.45 rows=1 width=8)
	  ->  Bitmap Heap Scan on sbtest5  (cost=21.65..3481.19 rows=899 width=4)
	        Recheck Cond: ((id >= 280264) AND (id <= 281263))
	        ->  Bitmap Index Scan on sbtest5_pkey  (cost=0.00..21.43 rows=899 width=0)
	              Index Cond: ((id >= 280264) AND (id <= 281263))

table 6 : explain SELECT SUM(k) FROM sbtest6 WHERE id BETWEEN 3594164 AND 3595163
	Aggregate  (cost=4271.70..4271.71 rows=1 width=8)
	  ->  Bitmap Heap Scan on sbtest6  (cost=27.78..4268.93 rows=1107 width=4)
	        Recheck Cond: ((id >= 3594164) AND (id <= 3595163))
	        ->  Bitmap Index Scan on sbtest6_pkey  (cost=0.00..27.50 rows=1107 width=0)
	              Index Cond: ((id >= 3594164) AND (id <= 3595163))

table 7 : explain SELECT SUM(k) FROM sbtest7 WHERE id BETWEEN 149083 AND 150082
	Aggregate  (cost=3790.64..3790.65 rows=1 width=8)
	  ->  Bitmap Heap Scan on sbtest7  (cost=22.48..3788.19 rows=980 width=4)
	        Recheck Cond: ((id >= 149083) AND (id <= 150082))
	        ->  Bitmap Index Scan on sbtest7_pkey  (cost=0.00..22.23 rows=980 width=0)
	              Index Cond: ((id >= 149083) AND (id <= 150082))

table 8 : explain SELECT SUM(k) FROM sbtest8 WHERE id BETWEEN 2431332 AND 2432331
	Aggregate  (cost=3699.93..3699.94 rows=1 width=8)
	  ->  Bitmap Heap Scan on sbtest8  (cost=22.23..3697.54 rows=956 width=4)
	        Recheck Cond: ((id >= 2431332) AND (id <= 2432331))
	        ->  Bitmap Index Scan on sbtest8_pkey  (cost=0.00..22.00 rows=956 width=0)
	              Index Cond: ((id >= 2431332) AND (id <= 2432331))

for: sum_ranges
table 1 : explain SELECT SUM(k) FROM sbtest1 WHERE id BETWEEN 6531960 AND 6532959
	Aggregate  (cost=3681.52..3681.53 rows=1 width=8)
	  ->  Bitmap Heap Scan on sbtest1  (cost=22.19..3679.14 rows=952 width=4)
	        Recheck Cond: ((id >= 6531960) AND (id <= 6532959))
	        ->  Bitmap Index Scan on sbtest1_pkey  (cost=0.00..21.95 rows=952 width=0)
	              Index Cond: ((id >= 6531960) AND (id <= 6532959))

table 2 : explain SELECT SUM(k) FROM sbtest2 WHERE id BETWEEN 9200179 AND 9201178
	Aggregate  (cost=3712.80..3712.81 rows=1 width=8)
	  ->  Bitmap Heap Scan on sbtest2  (cost=22.27..3710.40 rows=960 width=4)
	        Recheck Cond: ((id >= 9200179) AND (id <= 9201178))
	        ->  Bitmap Index Scan on sbtest2_pkey  (cost=0.00..22.04 rows=960 width=0)
	              Index Cond: ((id >= 9200179) AND (id <= 9201178))

table 3 : explain SELECT SUM(k) FROM sbtest3 WHERE id BETWEEN 8515659 AND 8516658
	Aggregate  (cost=4082.14..4082.15 rows=1 width=8)
	  ->  Bitmap Heap Scan on sbtest3  (cost=23.28..4079.50 rows=1058 width=4)
	        Recheck Cond: ((id >= 8515659) AND (id <= 8516658))
	        ->  Bitmap Index Scan on sbtest3_pkey  (cost=0.00..23.01 rows=1058 width=0)
	              Index Cond: ((id >= 8515659) AND (id <= 8516658))

table 4 : explain SELECT SUM(k) FROM sbtest4 WHERE id BETWEEN 1391625 AND 1392624
	Aggregate  (cost=3981.67..3981.68 rows=1 width=8)
	  ->  Bitmap Heap Scan on sbtest4  (cost=23.00..3979.09 rows=1031 width=4)
	        Recheck Cond: ((id >= 1391625) AND (id <= 1392624))
	        ->  Bitmap Index Scan on sbtest4_pkey  (cost=0.00..22.75 rows=1031 width=0)
	              Index Cond: ((id >= 1391625) AND (id <= 1392624))

table 5 : explain SELECT SUM(k) FROM sbtest5 WHERE id BETWEEN 4425690 AND 4426689
	Aggregate  (cost=3838.55..3838.56 rows=1 width=8)
	  ->  Bitmap Heap Scan on sbtest5  (cost=22.61..3836.06 rows=993 width=4)
	        Recheck Cond: ((id >= 4425690) AND (id <= 4426689))
	        ->  Bitmap Index Scan on sbtest5_pkey  (cost=0.00..22.36 rows=993 width=0)
	              Index Cond: ((id >= 4425690) AND (id <= 4426689))

table 6 : explain SELECT SUM(k) FROM sbtest6 WHERE id BETWEEN 5434016 AND 5435015
	Aggregate  (cost=3717.81..3717.82 rows=1 width=8)
	  ->  Bitmap Heap Scan on sbtest6  (cost=22.29..3715.40 rows=961 width=4)
	        Recheck Cond: ((id >= 5434016) AND (id <= 5435015))
	        ->  Bitmap Index Scan on sbtest6_pkey  (cost=0.00..22.04 rows=961 width=0)
	              Index Cond: ((id >= 5434016) AND (id <= 5435015))

table 7 : explain SELECT SUM(k) FROM sbtest7 WHERE id BETWEEN 7247061 AND 7248060
	Aggregate  (cost=3745.34..3745.35 rows=1 width=8)
	  ->  Bitmap Heap Scan on sbtest7  (cost=22.36..3742.92 rows=968 width=4)
	        Recheck Cond: ((id >= 7247061) AND (id <= 7248060))
	        ->  Bitmap Index Scan on sbtest7_pkey  (cost=0.00..22.11 rows=968 width=0)
	              Index Cond: ((id >= 7247061) AND (id <= 7248060))

table 8 : explain SELECT SUM(k) FROM sbtest8 WHERE id BETWEEN 5940752 AND 5941751
	Aggregate  (cost=3718.82..3718.83 rows=1 width=8)
	  ->  Bitmap Heap Scan on sbtest8  (cost=22.29..3716.42 rows=961 width=4)
	        Recheck Cond: ((id >= 5940752) AND (id <= 5941751))
	        ->  Bitmap Index Scan on sbtest8_pkey  (cost=0.00..22.04 rows=961 width=0)
	              Index Cond: ((id >= 5940752) AND (id <= 5941751))

for: distinct_ranges
table 1 : explain SELECT DISTINCT c FROM sbtest1 WHERE id BETWEEN 4899199 AND 4900198 ORDER BY c
	Unique  (cost=3607.52..3612.13 rows=921 width=121)
	  ->  Sort  (cost=3607.52..3609.83 rows=921 width=121)
	        Sort Key: c
	        ->  Bitmap Heap Scan on sbtest1  (cost=21.88..3562.18 rows=921 width=121)
	              Recheck Cond: ((id >= 4899199) AND (id <= 4900198))
	              ->  Bitmap Index Scan on sbtest1_pkey  (cost=0.00..21.64 rows=921 width=0)
	                    Index Cond: ((id >= 4899199) AND (id <= 4900198))

table 2 : explain SELECT DISTINCT c FROM sbtest2 WHERE id BETWEEN 7464322 AND 7465321 ORDER BY c
	Unique  (cost=3922.45..3927.46 rows=1003 width=121)
	  ->  Sort  (cost=3922.45..3924.95 rows=1003 width=121)
	        Sort Key: c
	        ->  Bitmap Heap Scan on sbtest2  (cost=22.72..3872.45 rows=1003 width=121)
	              Recheck Cond: ((id >= 7464322) AND (id <= 7465321))
	              ->  Bitmap Index Scan on sbtest2_pkey  (cost=0.00..22.46 rows=1003 width=0)
	                    Index Cond: ((id >= 7464322) AND (id <= 7465321))

table 3 : explain SELECT DISTINCT c FROM sbtest3 WHERE id BETWEEN 240576 AND 241575 ORDER BY c
	Unique  (cost=3692.96..3697.68 rows=943 width=121)
	  ->  Sort  (cost=3692.96..3695.32 rows=943 width=121)
	        Sort Key: c
	        ->  Bitmap Heap Scan on sbtest3  (cost=22.10..3646.37 rows=943 width=121)
	              Recheck Cond: ((id >= 240576) AND (id <= 241575))
	              ->  Bitmap Index Scan on sbtest3_pkey  (cost=0.00..21.86 rows=943 width=0)
	                    Index Cond: ((id >= 240576) AND (id <= 241575))

table 4 : explain SELECT DISTINCT c FROM sbtest4 WHERE id BETWEEN 6042651 AND 6043650 ORDER BY c
	Unique  (cost=3682.45..3687.15 rows=940 width=121)
	  ->  Sort  (cost=3682.45..3684.80 rows=940 width=121)
	        Sort Key: c
	        ->  Bitmap Heap Scan on sbtest4  (cost=22.07..3636.03 rows=940 width=121)
	              Recheck Cond: ((id >= 6042651) AND (id <= 6043650))
	              ->  Bitmap Index Scan on sbtest4_pkey  (cost=0.00..21.83 rows=940 width=0)
	                    Index Cond: ((id >= 6042651) AND (id <= 6043650))

table 5 : explain SELECT DISTINCT c FROM sbtest5 WHERE id BETWEEN 7033422 AND 7034421 ORDER BY c
	Unique  (cost=3858.71..3863.64 rows=986 width=121)
	  ->  Sort  (cost=3858.71..3861.17 rows=986 width=121)
	        Sort Key: c
	        ->  Bitmap Heap Scan on sbtest5  (cost=22.54..3809.68 rows=986 width=121)
	              Recheck Cond: ((id >= 7033422) AND (id <= 7034421))
	              ->  Bitmap Index Scan on sbtest5_pkey  (cost=0.00..22.29 rows=986 width=0)
	                    Index Cond: ((id >= 7033422) AND (id <= 7034421))

table 6 : explain SELECT DISTINCT c FROM sbtest6 WHERE id BETWEEN 88952 AND 89951 ORDER BY c
	Unique  (cost=3717.05..3721.79 rows=949 width=121)
	  ->  Sort  (cost=3717.05..3719.42 rows=949 width=121)
	        Sort Key: c
	        ->  Bitmap Heap Scan on sbtest6  (cost=22.16..3670.12 rows=949 width=121)
	              Recheck Cond: ((id >= 88952) AND (id <= 89951))
	              ->  Bitmap Index Scan on sbtest6_pkey  (cost=0.00..21.93 rows=949 width=0)
	                    Index Cond: ((id >= 88952) AND (id <= 89951))

table 7 : explain SELECT DISTINCT c FROM sbtest7 WHERE id BETWEEN 8930284 AND 8931283 ORDER BY c
	Unique  (cost=3997.61..4002.72 rows=1022 width=121)
	  ->  Sort  (cost=3997.61..4000.17 rows=1022 width=121)
	        Sort Key: c
	        ->  Bitmap Heap Scan on sbtest7  (cost=22.91..3946.52 rows=1022 width=121)
	              Recheck Cond: ((id >= 8930284) AND (id <= 8931283))
	              ->  Bitmap Index Scan on sbtest7_pkey  (cost=0.00..22.65 rows=1022 width=0)
	                    Index Cond: ((id >= 8930284) AND (id <= 8931283))

table 8 : explain SELECT DISTINCT c FROM sbtest8 WHERE id BETWEEN 3922070 AND 3923069 ORDER BY c
	Unique  (cost=4016.82..4021.95 rows=1026 width=121)
	  ->  Sort  (cost=4016.82..4019.39 rows=1026 width=121)
	        Sort Key: c
	        ->  Bitmap Heap Scan on sbtest8  (cost=26.95..3965.51 rows=1026 width=121)
	              Recheck Cond: ((id >= 3922070) AND (id <= 3923069))
	              ->  Bitmap Index Scan on sbtest8_pkey  (cost=0.00..26.69 rows=1026 width=0)
	                    Index Cond: ((id >= 3922070) AND (id <= 3923069))

for: simple_ranges
table 1 : explain SELECT c FROM sbtest1 WHERE id BETWEEN 4702966 AND 4703965
	Bitmap Heap Scan on sbtest1  (cost=22.29..3713.07 rows=961 width=121)
	  Recheck Cond: ((id >= 4702966) AND (id <= 4703965))
	  ->  Bitmap Index Scan on sbtest1_pkey  (cost=0.00..22.04 rows=961 width=0)
	        Index Cond: ((id >= 4702966) AND (id <= 4703965))

table 2 : explain SELECT c FROM sbtest2 WHERE id BETWEEN 747399 AND 748398
	Bitmap Heap Scan on sbtest2  (cost=22.45..3774.49 rows=977 width=121)
	  Recheck Cond: ((id >= 747399) AND (id <= 748398))
	  ->  Bitmap Index Scan on sbtest2_pkey  (cost=0.00..22.20 rows=977 width=0)
	        Index Cond: ((id >= 747399) AND (id <= 748398))

table 3 : explain SELECT c FROM sbtest3 WHERE id BETWEEN 6585347 AND 6586346
	Bitmap Heap Scan on sbtest3  (cost=22.47..3782.14 rows=979 width=121)
	  Recheck Cond: ((id >= 6585347) AND (id <= 6586346))
	  ->  Bitmap Index Scan on sbtest3_pkey  (cost=0.00..22.22 rows=979 width=0)
	        Index Cond: ((id >= 6585347) AND (id <= 6586346))

table 4 : explain SELECT c FROM sbtest4 WHERE id BETWEEN 9645236 AND 9646235
	Bitmap Heap Scan on sbtest4  (cost=22.78..3896.25 rows=1009 width=121)
	  Recheck Cond: ((id >= 9645236) AND (id <= 9646235))
	  ->  Bitmap Index Scan on sbtest4_pkey  (cost=0.00..22.52 rows=1009 width=0)
	        Index Cond: ((id >= 9645236) AND (id <= 9646235))

table 5 : explain SELECT c FROM sbtest5 WHERE id BETWEEN 7996437 AND 7997436
	Bitmap Heap Scan on sbtest5  (cost=22.96..3964.14 rows=1027 width=121)
	  Recheck Cond: ((id >= 7996437) AND (id <= 7997436))
	  ->  Bitmap Index Scan on sbtest5_pkey  (cost=0.00..22.70 rows=1027 width=0)
	        Index Cond: ((id >= 7996437) AND (id <= 7997436))

table 6 : explain SELECT c FROM sbtest6 WHERE id BETWEEN 404730 AND 405729
	Bitmap Heap Scan on sbtest6  (cost=27.18..4047.19 rows=1048 width=121)
	  Recheck Cond: ((id >= 404730) AND (id <= 405729))
	  ->  Bitmap Index Scan on sbtest6_pkey  (cost=0.00..26.91 rows=1048 width=0)
	        Index Cond: ((id >= 404730) AND (id <= 405729))

table 7 : explain SELECT c FROM sbtest7 WHERE id BETWEEN 2548679 AND 2549678
	Bitmap Heap Scan on sbtest7  (cost=23.04..3995.49 rows=1035 width=121)
	  Recheck Cond: ((id >= 2548679) AND (id <= 2549678))
	  ->  Bitmap Index Scan on sbtest7_pkey  (cost=0.00..22.79 rows=1035 width=0)
	        Index Cond: ((id >= 2548679) AND (id <= 2549678))

table 8 : explain SELECT c FROM sbtest8 WHERE id BETWEEN 8880162 AND 8881161
	Bitmap Heap Scan on sbtest8  (cost=26.95..3965.51 rows=1026 width=121)
	  Recheck Cond: ((id >= 8880162) AND (id <= 8881161))
	  ->  Bitmap Index Scan on sbtest8_pkey  (cost=0.00..26.69 rows=1026 width=0)
	        Index Cond: ((id >= 8880162) AND (id <= 8881161))

for point_selects
table 1 : explain SELECT c FROM sbtest1 WHERE id=4911208
	Index Scan using sbtest1_pkey on sbtest1  (cost=0.43..8.45 rows=1 width=121)
	  Index Cond: (id = 4911208)

table 2 : explain SELECT c FROM sbtest2 WHERE id=3958242
	Index Scan using sbtest2_pkey on sbtest2  (cost=0.43..8.45 rows=1 width=121)
	  Index Cond: (id = 3958242)

table 3 : explain SELECT c FROM sbtest3 WHERE id=3206735
	Index Scan using sbtest3_pkey on sbtest3  (cost=0.43..8.45 rows=1 width=121)
	  Index Cond: (id = 3206735)

table 4 : explain SELECT c FROM sbtest4 WHERE id=8163935
	Index Scan using sbtest4_pkey on sbtest4  (cost=0.43..8.45 rows=1 width=121)
	  Index Cond: (id = 8163935)

table 5 : explain SELECT c FROM sbtest5 WHERE id=3082877
	Index Scan using sbtest5_pkey on sbtest5  (cost=0.43..8.45 rows=1 width=121)
	  Index Cond: (id = 3082877)

table 6 : explain SELECT c FROM sbtest6 WHERE id=3907487
	Index Scan using sbtest6_pkey on sbtest6  (cost=0.43..8.45 rows=1 width=121)
	  Index Cond: (id = 3907487)

table 7 : explain SELECT c FROM sbtest7 WHERE id=371121
	Index Scan using sbtest7_pkey on sbtest7  (cost=0.43..8.45 rows=1 width=121)
	  Index Cond: (id = 371121)

table 8 : explain SELECT c FROM sbtest8 WHERE id=422044
	Index Scan using sbtest8_pkey on sbtest8  (cost=0.43..8.45 rows=1 width=121)
	  Index Cond: (id = 422044)

for: order_ranges
table 1 : explain SELECT c FROM sbtest1 WHERE id BETWEEN 2734748 AND 2735747 ORDER BY c
	Sort  (cost=4192.27..4194.95 rows=1074 width=121)
	  Sort Key: c
	  ->  Bitmap Heap Scan on sbtest1  (cost=23.44..4138.20 rows=1074 width=121)
	        Recheck Cond: ((id >= 2734748) AND (id <= 2735747))
	        ->  Bitmap Index Scan on sbtest1_pkey  (cost=0.00..23.18 rows=1074 width=0)
	              Index Cond: ((id >= 2734748) AND (id <= 2735747))

table 2 : explain SELECT c FROM sbtest2 WHERE id BETWEEN 9615667 AND 9616666 ORDER BY c
	Sort  (cost=3673.70..3676.04 rows=938 width=121)
	  Sort Key: c
	  ->  Bitmap Heap Scan on sbtest2  (cost=22.05..3627.39 rows=938 width=121)
	        Recheck Cond: ((id >= 9615667) AND (id <= 9616666))
	        ->  Bitmap Index Scan on sbtest2_pkey  (cost=0.00..21.82 rows=938 width=0)
	              Index Cond: ((id >= 9615667) AND (id <= 9616666))

table 3 : explain SELECT c FROM sbtest3 WHERE id BETWEEN 5111365 AND 5112364 ORDER BY c
	Sort  (cost=4182.25..4184.93 rows=1071 width=121)
	  Sort Key: c
	  ->  Bitmap Heap Scan on sbtest3  (cost=23.41..4128.36 rows=1071 width=121)
	        Recheck Cond: ((id >= 5111365) AND (id <= 5112364))
	        ->  Bitmap Index Scan on sbtest3_pkey  (cost=0.00..23.14 rows=1071 width=0)
	              Index Cond: ((id >= 5111365) AND (id <= 5112364))

table 4 : explain SELECT c FROM sbtest4 WHERE id BETWEEN 9341448 AND 9342447 ORDER BY c
	Sort  (cost=3647.95..3650.28 rows=931 width=121)
	  Sort Key: c
	  ->  Bitmap Heap Scan on sbtest4  (cost=21.98..3602.04 rows=931 width=121)
	        Recheck Cond: ((id >= 9341448) AND (id <= 9342447))
	        ->  Bitmap Index Scan on sbtest4_pkey  (cost=0.00..21.75 rows=931 width=0)
	              Index Cond: ((id >= 9341448) AND (id <= 9342447))

table 5 : explain SELECT c FROM sbtest5 WHERE id BETWEEN 542426 AND 543425 ORDER BY c
	Sort  (cost=3889.32..3891.80 rows=994 width=121)
	  Sort Key: c
	  ->  Bitmap Heap Scan on sbtest5  (cost=22.62..3839.83 rows=994 width=121)
	        Recheck Cond: ((id >= 542426) AND (id <= 543425))
	        ->  Bitmap Index Scan on sbtest5_pkey  (cost=0.00..22.37 rows=994 width=0)
	              Index Cond: ((id >= 542426) AND (id <= 543425))

table 6 : explain SELECT c FROM sbtest6 WHERE id BETWEEN 2666410 AND 2667409 ORDER BY c
	Sort  (cost=3770.67..3773.08 rows=963 width=121)
	  Sort Key: c
	  ->  Bitmap Heap Scan on sbtest6  (cost=22.31..3722.95 rows=963 width=121)
	        Recheck Cond: ((id >= 2666410) AND (id <= 2667409))
	        ->  Bitmap Index Scan on sbtest6_pkey  (cost=0.00..22.07 rows=963 width=0)
	              Index Cond: ((id >= 2666410) AND (id <= 2667409))

table 7 : explain SELECT c FROM sbtest7 WHERE id BETWEEN 7980158 AND 7981157 ORDER BY c
	Sort  (cost=3748.78..3751.17 rows=957 width=121)
	  Sort Key: c
	  ->  Bitmap Heap Scan on sbtest7  (cost=22.24..3701.39 rows=957 width=121)
	        Recheck Cond: ((id >= 7980158) AND (id <= 7981157))
	        ->  Bitmap Index Scan on sbtest7_pkey  (cost=0.00..22.00 rows=957 width=0)
	              Index Cond: ((id >= 7980158) AND (id <= 7981157))

table 8 : explain SELECT c FROM sbtest8 WHERE id BETWEEN 3244678 AND 3245677 ORDER BY c
	Sort  (cost=4158.22..4160.87 rows=1063 width=121)
	  Sort Key: c
	  ->  Bitmap Heap Scan on sbtest8  (cost=27.33..4104.78 rows=1063 width=121)
	        Recheck Cond: ((id >= 3244678) AND (id <= 3245677))
	        ->  Bitmap Index Scan on sbtest8_pkey  (cost=0.00..27.07 rows=1063 width=0)
	              Index Cond: ((id >= 3244678) AND (id <= 3245677))

for: simple_ranges
table 1 : explain SELECT c FROM sbtest1 WHERE id BETWEEN 5056980 AND 5057979
	Bitmap Heap Scan on sbtest1  (cost=23.55..4175.74 rows=1084 width=121)
	  Recheck Cond: ((id >= 5056980) AND (id <= 5057979))
	  ->  Bitmap Index Scan on sbtest1_pkey  (cost=0.00..23.27 rows=1084 width=0)
	        Index Cond: ((id >= 5056980) AND (id <= 5057979))

table 2 : explain SELECT c FROM sbtest2 WHERE id BETWEEN 5691438 AND 5692437
	Bitmap Heap Scan on sbtest2  (cost=22.31..3721.71 rows=963 width=121)
	  Recheck Cond: ((id >= 5691438) AND (id <= 5692437))
	  ->  Bitmap Index Scan on sbtest2_pkey  (cost=0.00..22.07 rows=963 width=0)
	        Index Cond: ((id >= 5691438) AND (id <= 5692437))

table 3 : explain SELECT c FROM sbtest3 WHERE id BETWEEN 4176844 AND 4177843
	Bitmap Heap Scan on sbtest3  (cost=23.08..4008.06 rows=1039 width=121)
	  Recheck Cond: ((id >= 4176844) AND (id <= 4177843))
	  ->  Bitmap Index Scan on sbtest3_pkey  (cost=0.00..22.82 rows=1039 width=0)
	        Index Cond: ((id >= 4176844) AND (id <= 4177843))

table 4 : explain SELECT c FROM sbtest4 WHERE id BETWEEN 4410085 AND 4411084
	Bitmap Heap Scan on sbtest4  (cost=22.13..3658.68 rows=946 width=121)
	  Recheck Cond: ((id >= 4410085) AND (id <= 4411084))
	  ->  Bitmap Index Scan on sbtest4_pkey  (cost=0.00..21.89 rows=946 width=0)
	        Index Cond: ((id >= 4410085) AND (id <= 4411084))

table 5 : explain SELECT c FROM sbtest5 WHERE id BETWEEN 4342253 AND 4343252
	Bitmap Heap Scan on sbtest5  (cost=22.61..3836.06 rows=993 width=121)
	  Recheck Cond: ((id >= 4342253) AND (id <= 4343252))
	  ->  Bitmap Index Scan on sbtest5_pkey  (cost=0.00..22.36 rows=993 width=0)
	        Index Cond: ((id >= 4342253) AND (id <= 4343252))

table 6 : explain SELECT c FROM sbtest6 WHERE id BETWEEN 6110256 AND 6111255
	Bitmap Heap Scan on sbtest6  (cost=27.73..4250.15 rows=1102 width=121)
	  Recheck Cond: ((id >= 6110256) AND (id <= 6111255))
	  ->  Bitmap Index Scan on sbtest6_pkey  (cost=0.00..27.45 rows=1102 width=0)
	        Index Cond: ((id >= 6110256) AND (id <= 6111255))

table 7 : explain SELECT c FROM sbtest7 WHERE id BETWEEN 6484695 AND 6485694
	Bitmap Heap Scan on sbtest7  (cost=22.23..3697.62 rows=956 width=121)
	  Recheck Cond: ((id >= 6484695) AND (id <= 6485694))
	  ->  Bitmap Index Scan on sbtest7_pkey  (cost=0.00..22.00 rows=956 width=0)
	        Index Cond: ((id >= 6484695) AND (id <= 6485694))

table 8 : explain SELECT c FROM sbtest8 WHERE id BETWEEN 398673 AND 399672
	Bitmap Heap Scan on sbtest8  (cost=21.82..3546.42 rows=916 width=121)
	  Recheck Cond: ((id >= 398673) AND (id <= 399672))
	  ->  Bitmap Index Scan on sbtest8_pkey  (cost=0.00..21.59 rows=916 width=0)
	        Index Cond: ((id >= 398673) AND (id <= 399672))

for point_selects
table 1 : explain SELECT c FROM sbtest1 WHERE id=2524653
	Index Scan using sbtest1_pkey on sbtest1  (cost=0.43..8.45 rows=1 width=121)
	  Index Cond: (id = 2524653)

table 2 : explain SELECT c FROM sbtest2 WHERE id=3186793
	Index Scan using sbtest2_pkey on sbtest2  (cost=0.43..8.45 rows=1 width=121)
	  Index Cond: (id = 3186793)

table 3 : explain SELECT c FROM sbtest3 WHERE id=8321904
	Index Scan using sbtest3_pkey on sbtest3  (cost=0.43..8.45 rows=1 width=121)
	  Index Cond: (id = 8321904)

table 4 : explain SELECT c FROM sbtest4 WHERE id=7019494
	Index Scan using sbtest4_pkey on sbtest4  (cost=0.43..8.45 rows=1 width=121)
	  Index Cond: (id = 7019494)

table 5 : explain SELECT c FROM sbtest5 WHERE id=96295
	Index Scan using sbtest5_pkey on sbtest5  (cost=0.43..8.45 rows=1 width=121)
	  Index Cond: (id = 96295)

table 6 : explain SELECT c FROM sbtest6 WHERE id=1037831
	Index Scan using sbtest6_pkey on sbtest6  (cost=0.43..8.45 rows=1 width=121)
	  Index Cond: (id = 1037831)

table 7 : explain SELECT c FROM sbtest7 WHERE id=7438990
	Index Scan using sbtest7_pkey on sbtest7  (cost=0.43..8.45 rows=1 width=121)
	  Index Cond: (id = 7438990)

table 8 : explain SELECT c FROM sbtest8 WHERE id=5819687
	Index Scan using sbtest8_pkey on sbtest8  (cost=0.43..8.45 rows=1 width=121)
	  Index Cond: (id = 5819687)

for: simple_ranges
table 1 : explain SELECT c FROM sbtest1 WHERE id BETWEEN 5103142 AND 5104141
	Bitmap Heap Scan on sbtest1  (cost=23.55..4175.74 rows=1084 width=121)
	  Recheck Cond: ((id >= 5103142) AND (id <= 5104141))
	  ->  Bitmap Index Scan on sbtest1_pkey  (cost=0.00..23.27 rows=1084 width=0)
	        Index Cond: ((id >= 5103142) AND (id <= 5104141))

table 2 : explain SELECT c FROM sbtest2 WHERE id BETWEEN 1555244 AND 1556243
	Bitmap Heap Scan on sbtest2  (cost=22.22..3691.54 rows=955 width=121)
	  Recheck Cond: ((id >= 1555244) AND (id <= 1556243))
	  ->  Bitmap Index Scan on sbtest2_pkey  (cost=0.00..21.98 rows=955 width=0)
	        Index Cond: ((id >= 1555244) AND (id <= 1556243))

table 3 : explain SELECT c FROM sbtest3 WHERE id BETWEEN 9958949 AND 9959948
	Bitmap Heap Scan on sbtest3  (cost=22.92..3947.86 rows=1023 width=121)
	  Recheck Cond: ((id >= 9958949) AND (id <= 9959948))
	  ->  Bitmap Index Scan on sbtest3_pkey  (cost=0.00..22.66 rows=1023 width=0)
	        Index Cond: ((id >= 9958949) AND (id <= 9959948))

table 4 : explain SELECT c FROM sbtest4 WHERE id BETWEEN 95365 AND 96364
	Bitmap Heap Scan on sbtest4  (cost=22.22..3692.65 rows=955 width=121)
	  Recheck Cond: ((id >= 95365) AND (id <= 96364))
	  ->  Bitmap Index Scan on sbtest4_pkey  (cost=0.00..21.98 rows=955 width=0)
	        Index Cond: ((id >= 95365) AND (id <= 96364))

table 5 : explain SELECT c FROM sbtest5 WHERE id BETWEEN 459877 AND 460876
	Bitmap Heap Scan on sbtest5  (cost=21.94..3587.02 rows=927 width=121)
	  Recheck Cond: ((id >= 459877) AND (id <= 460876))
	  ->  Bitmap Index Scan on sbtest5_pkey  (cost=0.00..21.70 rows=927 width=0)
	        Index Cond: ((id >= 459877) AND (id <= 460876))

table 6 : explain SELECT c FROM sbtest6 WHERE id BETWEEN 4398079 AND 4399078
	Bitmap Heap Scan on sbtest6  (cost=22.74..3881.30 rows=1005 width=121)
	  Recheck Cond: ((id >= 4398079) AND (id <= 4399078))
	  ->  Bitmap Index Scan on sbtest6_pkey  (cost=0.00..22.48 rows=1005 width=0)
	        Index Cond: ((id >= 4398079) AND (id <= 4399078))

table 7 : explain SELECT c FROM sbtest7 WHERE id BETWEEN 4467689 AND 4468688
	Bitmap Heap Scan on sbtest7  (cost=27.52..4172.57 rows=1081 width=121)
	  Recheck Cond: ((id >= 4467689) AND (id <= 4468688))
	  ->  Bitmap Index Scan on sbtest7_pkey  (cost=0.00..27.25 rows=1081 width=0)
	        Index Cond: ((id >= 4467689) AND (id <= 4468688))

table 8 : explain SELECT c FROM sbtest8 WHERE id BETWEEN 9437787 AND 9438786
	Bitmap Heap Scan on sbtest8  (cost=26.83..3920.30 rows=1014 width=121)
	  Recheck Cond: ((id >= 9437787) AND (id <= 9438786))
	  ->  Bitmap Index Scan on sbtest8_pkey  (cost=0.00..26.57 rows=1014 width=0)
	        Index Cond: ((id >= 9437787) AND (id <= 9438786))

for: order_ranges
table 1 : explain SELECT c FROM sbtest1 WHERE id BETWEEN 8804603 AND 8805602 ORDER BY c
	Sort  (cost=3768.33..3770.74 rows=963 width=121)
	  Sort Key: c
	  ->  Bitmap Heap Scan on sbtest1  (cost=22.31..3720.61 rows=963 width=121)
	        Recheck Cond: ((id >= 8804603) AND (id <= 8805602))
	        ->  Bitmap Index Scan on sbtest1_pkey  (cost=0.00..22.07 rows=963 width=0)
	              Index Cond: ((id >= 8804603) AND (id <= 8805602))

table 2 : explain SELECT c FROM sbtest2 WHERE id BETWEEN 5184231 AND 5185230 ORDER BY c
	Sort  (cost=3604.72..3607.02 rows=920 width=121)
	  Sort Key: c
	  ->  Bitmap Heap Scan on sbtest2  (cost=21.87..3559.43 rows=920 width=121)
	        Recheck Cond: ((id >= 5184231) AND (id <= 5185230))
	        ->  Bitmap Index Scan on sbtest2_pkey  (cost=0.00..21.64 rows=920 width=0)
	              Index Cond: ((id >= 5184231) AND (id <= 5185230))

table 3 : explain SELECT c FROM sbtest3 WHERE id BETWEEN 6645653 AND 6646652 ORDER BY c
	Sort  (cost=4109.75..4112.38 rows=1052 width=121)
	  Sort Key: c
	  ->  Bitmap Heap Scan on sbtest3  (cost=23.22..4056.94 rows=1052 width=121)
	        Recheck Cond: ((id >= 6645653) AND (id <= 6646652))
	        ->  Bitmap Index Scan on sbtest3_pkey  (cost=0.00..22.95 rows=1052 width=0)
	              Index Cond: ((id >= 6645653) AND (id <= 6646652))

table 4 : explain SELECT c FROM sbtest4 WHERE id BETWEEN 7960187 AND 7961186 ORDER BY c
	Sort  (cost=3935.12..3937.63 rows=1006 width=121)
	  Sort Key: c
	  ->  Bitmap Heap Scan on sbtest4  (cost=22.75..3884.95 rows=1006 width=121)
	        Recheck Cond: ((id >= 7960187) AND (id <= 7961186))
	        ->  Bitmap Index Scan on sbtest4_pkey  (cost=0.00..22.50 rows=1006 width=0)
	              Index Cond: ((id >= 7960187) AND (id <= 7961186))

table 5 : explain SELECT c FROM sbtest5 WHERE id BETWEEN 1065724 AND 1066723 ORDER BY c
	Sort  (cost=3954.34..3956.87 rows=1011 width=121)
	  Sort Key: c
	  ->  Bitmap Heap Scan on sbtest5  (cost=22.80..3903.88 rows=1011 width=121)
	        Recheck Cond: ((id >= 1065724) AND (id <= 1066723))
	        ->  Bitmap Index Scan on sbtest5_pkey  (cost=0.00..22.54 rows=1011 width=0)
	              Index Cond: ((id >= 1065724) AND (id <= 1066723))

table 6 : explain SELECT c FROM sbtest6 WHERE id BETWEEN 890192 AND 891191 ORDER BY c
	Sort  (cost=4302.02..4304.78 rows=1101 width=121)
	  Sort Key: c
	  ->  Bitmap Heap Scan on sbtest6  (cost=27.72..4246.40 rows=1101 width=121)
	        Recheck Cond: ((id >= 890192) AND (id <= 891191))
	        ->  Bitmap Index Scan on sbtest6_pkey  (cost=0.00..27.44 rows=1101 width=0)
	              Index Cond: ((id >= 890192) AND (id <= 891191))

table 7 : explain SELECT c FROM sbtest7 WHERE id BETWEEN 9530563 AND 9531562 ORDER BY c
	Sort  (cost=3913.45..3915.95 rows=1000 width=121)
	  Sort Key: c
	  ->  Bitmap Heap Scan on sbtest7  (cost=22.68..3863.62 rows=1000 width=121)
	        Recheck Cond: ((id >= 9530563) AND (id <= 9531562))
	        ->  Bitmap Index Scan on sbtest7_pkey  (cost=0.00..22.43 rows=1000 width=0)
	              Index Cond: ((id >= 9530563) AND (id <= 9531562))

table 8 : explain SELECT c FROM sbtest8 WHERE id BETWEEN 2894729 AND 2895728 ORDER BY c
	Sort  (cost=3951.80..3954.32 rows=1009 width=121)
	  Sort Key: c
	  ->  Bitmap Heap Scan on sbtest8  (cost=26.78..3901.46 rows=1009 width=121)
	        Recheck Cond: ((id >= 2894729) AND (id <= 2895728))
	        ->  Bitmap Index Scan on sbtest8_pkey  (cost=0.00..26.52 rows=1009 width=0)
	              Index Cond: ((id >= 2894729) AND (id <= 2895728))

for: order_ranges
table 1 : explain SELECT c FROM sbtest1 WHERE id BETWEEN 2646072 AND 2647071 ORDER BY c
	Sort  (cost=3841.00..3843.46 rows=982 width=121)
	  Sort Key: c
	  ->  Bitmap Heap Scan on sbtest1  (cost=22.50..3792.20 rows=982 width=121)
	        Recheck Cond: ((id >= 2646072) AND (id <= 2647071))
	        ->  Bitmap Index Scan on sbtest1_pkey  (cost=0.00..22.25 rows=982 width=0)
	              Index Cond: ((id >= 2646072) AND (id <= 2647071))

table 2 : explain SELECT c FROM sbtest2 WHERE id BETWEEN 5591236 AND 5592235 ORDER BY c
	Sort  (cost=4044.71..4047.30 rows=1035 width=121)
	  Sort Key: c
	  ->  Bitmap Heap Scan on sbtest2  (cost=23.04..3992.89 rows=1035 width=121)
	        Recheck Cond: ((id >= 5591236) AND (id <= 5592235))
	        ->  Bitmap Index Scan on sbtest2_pkey  (cost=0.00..22.79 rows=1035 width=0)
	              Index Cond: ((id >= 5591236) AND (id <= 5592235))

table 3 : explain SELECT c FROM sbtest3 WHERE id BETWEEN 1069353 AND 1070352 ORDER BY c
	Sort  (cost=3639.32..3641.64 rows=929 width=121)
	  Sort Key: c
	  ->  Bitmap Heap Scan on sbtest3  (cost=21.96..3593.52 rows=929 width=121)
	        Recheck Cond: ((id >= 1069353) AND (id <= 1070352))
	        ->  Bitmap Index Scan on sbtest3_pkey  (cost=0.00..21.72 rows=929 width=0)
	              Index Cond: ((id >= 1069353) AND (id <= 1070352))

table 4 : explain SELECT c FROM sbtest4 WHERE id BETWEEN 4832046 AND 4833045 ORDER BY c
	Sort  (cost=3398.50..3400.67 rows=866 width=121)
	  Sort Key: c
	  ->  Bitmap Heap Scan on sbtest4  (cost=21.31..3356.25 rows=866 width=121)
	        Recheck Cond: ((id >= 4832046) AND (id <= 4833045))
	        ->  Bitmap Index Scan on sbtest4_pkey  (cost=0.00..21.09 rows=866 width=0)
	              Index Cond: ((id >= 4832046) AND (id <= 4833045))

table 5 : explain SELECT c FROM sbtest5 WHERE id BETWEEN 835364 AND 836363 ORDER BY c
	Sort  (cost=4225.53..4228.24 rows=1082 width=121)
	  Sort Key: c
	  ->  Bitmap Heap Scan on sbtest5  (cost=23.53..4171.00 rows=1082 width=121)
	        Recheck Cond: ((id >= 835364) AND (id <= 836363))
	        ->  Bitmap Index Scan on sbtest5_pkey  (cost=0.00..23.25 rows=1082 width=0)
	              Index Cond: ((id >= 835364) AND (id <= 836363))

table 6 : explain SELECT c FROM sbtest6 WHERE id BETWEEN 5142001 AND 5143000 ORDER BY c
	Sort  (cost=3774.50..3776.91 rows=964 width=121)
	  Sort Key: c
	  ->  Bitmap Heap Scan on sbtest6  (cost=22.32..3726.72 rows=964 width=121)
	        Recheck Cond: ((id >= 5142001) AND (id <= 5143000))
	        ->  Bitmap Index Scan on sbtest6_pkey  (cost=0.00..22.07 rows=964 width=0)
	              Index Cond: ((id >= 5142001) AND (id <= 5143000))

table 7 : explain SELECT c FROM sbtest7 WHERE id BETWEEN 7332309 AND 7333308 ORDER BY c
	Sort  (cost=3587.72..3590.00 rows=915 width=121)
	  Sort Key: c
	  ->  Bitmap Heap Scan on sbtest7  (cost=21.81..3542.71 rows=915 width=121)
	        Recheck Cond: ((id >= 7332309) AND (id <= 7333308))
	        ->  Bitmap Index Scan on sbtest7_pkey  (cost=0.00..21.58 rows=915 width=0)
	              Index Cond: ((id >= 7332309) AND (id <= 7333308))

table 8 : explain SELECT c FROM sbtest8 WHERE id BETWEEN 7647133 AND 7648132 ORDER BY c
	Sort  (cost=4039.76..4042.34 rows=1032 width=121)
	  Sort Key: c
	  ->  Bitmap Heap Scan on sbtest8  (cost=27.01..3988.10 rows=1032 width=121)
	        Recheck Cond: ((id >= 7647133) AND (id <= 7648132))
	        ->  Bitmap Index Scan on sbtest8_pkey  (cost=0.00..26.75 rows=1032 width=0)
	              Index Cond: ((id >= 7647133) AND (id <= 7648132))

for: simple_ranges
table 1 : explain SELECT c FROM sbtest1 WHERE id BETWEEN 8471350 AND 8472349
	Bitmap Heap Scan on sbtest1  (cost=22.97..3965.33 rows=1028 width=121)
	  Recheck Cond: ((id >= 8471350) AND (id <= 8472349))
	  ->  Bitmap Index Scan on sbtest1_pkey  (cost=0.00..22.71 rows=1028 width=0)
	        Index Cond: ((id >= 8471350) AND (id <= 8472349))

table 2 : explain SELECT c FROM sbtest2 WHERE id BETWEEN 1440167 AND 1441166
	Bitmap Heap Scan on sbtest2  (cost=22.57..3819.71 rows=989 width=121)
	  Recheck Cond: ((id >= 1440167) AND (id <= 1441166))
	  ->  Bitmap Index Scan on sbtest2_pkey  (cost=0.00..22.32 rows=989 width=0)
	        Index Cond: ((id >= 1440167) AND (id <= 1441166))

table 3 : explain SELECT c FROM sbtest3 WHERE id BETWEEN 6454378 AND 6455377
	Bitmap Heap Scan on sbtest3  (cost=22.18..3676.56 rows=951 width=121)
	  Recheck Cond: ((id >= 6454378) AND (id <= 6455377))
	  ->  Bitmap Index Scan on sbtest3_pkey  (cost=0.00..21.94 rows=951 width=0)
	        Index Cond: ((id >= 6454378) AND (id <= 6455377))

table 4 : explain SELECT c FROM sbtest4 WHERE id BETWEEN 734713 AND 735712
	Bitmap Heap Scan on sbtest4  (cost=22.18..3677.56 rows=951 width=121)
	  Recheck Cond: ((id >= 734713) AND (id <= 735712))
	  ->  Bitmap Index Scan on sbtest4_pkey  (cost=0.00..21.94 rows=951 width=0)
	        Index Cond: ((id >= 734713) AND (id <= 735712))

table 5 : explain SELECT c FROM sbtest5 WHERE id BETWEEN 6144905 AND 6145904
	Bitmap Heap Scan on sbtest5  (cost=23.08..4009.30 rows=1039 width=121)
	  Recheck Cond: ((id >= 6144905) AND (id <= 6145904))
	  ->  Bitmap Index Scan on sbtest5_pkey  (cost=0.00..22.82 rows=1039 width=0)
	        Index Cond: ((id >= 6144905) AND (id <= 6145904))

table 6 : explain SELECT c FROM sbtest6 WHERE id BETWEEN 3379339 AND 3380338
	Bitmap Heap Scan on sbtest6  (cost=22.90..3941.56 rows=1021 width=121)
	  Recheck Cond: ((id >= 3379339) AND (id <= 3380338))
	  ->  Bitmap Index Scan on sbtest6_pkey  (cost=0.00..22.64 rows=1021 width=0)
	        Index Cond: ((id >= 3379339) AND (id <= 3380338))

table 7 : explain SELECT c FROM sbtest7 WHERE id BETWEEN 430481 AND 431480
	Bitmap Heap Scan on sbtest7  (cost=22.38..3750.46 rows=970 width=121)
	  Recheck Cond: ((id >= 430481) AND (id <= 431480))
	  ->  Bitmap Index Scan on sbtest7_pkey  (cost=0.00..22.14 rows=970 width=0)
	        Index Cond: ((id >= 430481) AND (id <= 431480))

table 8 : explain SELECT c FROM sbtest8 WHERE id BETWEEN 2569345 AND 2570344
	Bitmap Heap Scan on sbtest8  (cost=22.00..3610.67 rows=933 width=121)
	  Recheck Cond: ((id >= 2569345) AND (id <= 2570344))
	  ->  Bitmap Index Scan on sbtest8_pkey  (cost=0.00..21.76 rows=933 width=0)
	        Index Cond: ((id >= 2569345) AND (id <= 2570344))

for point_selects
table 1 : explain SELECT c FROM sbtest1 WHERE id=6713527
	Index Scan using sbtest1_pkey on sbtest1  (cost=0.43..8.45 rows=1 width=121)
	  Index Cond: (id = 6713527)

table 2 : explain SELECT c FROM sbtest2 WHERE id=9055906
	Index Scan using sbtest2_pkey on sbtest2  (cost=0.43..8.45 rows=1 width=121)
	  Index Cond: (id = 9055906)

table 3 : explain SELECT c FROM sbtest3 WHERE id=2974052
	Index Scan using sbtest3_pkey on sbtest3  (cost=0.43..8.45 rows=1 width=121)
	  Index Cond: (id = 2974052)

table 4 : explain SELECT c FROM sbtest4 WHERE id=5035425
	Index Scan using sbtest4_pkey on sbtest4  (cost=0.43..8.45 rows=1 width=121)
	  Index Cond: (id = 5035425)

table 5 : explain SELECT c FROM sbtest5 WHERE id=3027260
	Index Scan using sbtest5_pkey on sbtest5  (cost=0.43..8.45 rows=1 width=121)
	  Index Cond: (id = 3027260)

table 6 : explain SELECT c FROM sbtest6 WHERE id=4742293
	Index Scan using sbtest6_pkey on sbtest6  (cost=0.43..8.45 rows=1 width=121)
	  Index Cond: (id = 4742293)

table 7 : explain SELECT c FROM sbtest7 WHERE id=9361572
	Index Scan using sbtest7_pkey on sbtest7  (cost=0.43..8.45 rows=1 width=121)
	  Index Cond: (id = 9361572)

table 8 : explain SELECT c FROM sbtest8 WHERE id=6638900
	Index Scan using sbtest8_pkey on sbtest8  (cost=0.43..8.45 rows=1 width=121)
	  Index Cond: (id = 6638900)

for: distinct_ranges
table 1 : explain SELECT DISTINCT c FROM sbtest1 WHERE id BETWEEN 167351 AND 168350 ORDER BY c
	Unique  (cost=3714.75..3719.50 rows=949 width=121)
	  ->  Sort  (cost=3714.75..3717.13 rows=949 width=121)
	        Sort Key: c
	        ->  Bitmap Heap Scan on sbtest1  (cost=22.16..3667.82 rows=949 width=121)
	              Recheck Cond: ((id >= 167351) AND (id <= 168350))
	              ->  Bitmap Index Scan on sbtest1_pkey  (cost=0.00..21.93 rows=949 width=0)
	                    Index Cond: ((id >= 167351) AND (id <= 168350))

table 2 : explain SELECT DISTINCT c FROM sbtest2 WHERE id BETWEEN 9790023 AND 9791022 ORDER BY c
	Unique  (cost=3891.86..3896.83 rows=995 width=121)
	  ->  Sort  (cost=3891.86..3894.35 rows=995 width=121)
	        Sort Key: c
	        ->  Bitmap Heap Scan on sbtest2  (cost=22.63..3842.31 rows=995 width=121)
	              Recheck Cond: ((id >= 9790023) AND (id <= 9791022))
	              ->  Bitmap Index Scan on sbtest2_pkey  (cost=0.00..22.39 rows=995 width=0)
	                    Index Cond: ((id >= 9790023) AND (id <= 9791022))

table 3 : explain SELECT DISTINCT c FROM sbtest3 WHERE id BETWEEN 2637129 AND 2638128 ORDER BY c
	Unique  (cost=4163.18..4168.51 rows=1066 width=121)
	  ->  Sort  (cost=4163.18..4165.84 rows=1066 width=121)
	        Sort Key: c
	        ->  Bitmap Heap Scan on sbtest3  (cost=23.36..4109.57 rows=1066 width=121)
	              Recheck Cond: ((id >= 2637129) AND (id <= 2638128))
	              ->  Bitmap Index Scan on sbtest3_pkey  (cost=0.00..23.09 rows=1066 width=0)
	                    Index Cond: ((id >= 2637129) AND (id <= 2638128))

table 4 : explain SELECT DISTINCT c FROM sbtest4 WHERE id BETWEEN 3888490 AND 3889489 ORDER BY c
	Unique  (cost=4072.72..4077.93 rows=1042 width=121)
	  ->  Sort  (cost=4072.72..4075.32 rows=1042 width=121)
	        Sort Key: c
	        ->  Bitmap Heap Scan on sbtest4  (cost=23.12..4020.49 rows=1042 width=121)
	              Recheck Cond: ((id >= 3888490) AND (id <= 3889489))
	              ->  Bitmap Index Scan on sbtest4_pkey  (cost=0.00..22.86 rows=1042 width=0)
	                    Index Cond: ((id >= 3888490) AND (id <= 3889489))

table 5 : explain SELECT DISTINCT c FROM sbtest5 WHERE id BETWEEN 8013120 AND 8014119 ORDER BY c
	Unique  (cost=4015.51..4020.64 rows=1027 width=121)
	  ->  Sort  (cost=4015.51..4018.07 rows=1027 width=121)
	        Sort Key: c
	        ->  Bitmap Heap Scan on sbtest5  (cost=22.96..3964.14 rows=1027 width=121)
	              Recheck Cond: ((id >= 8013120) AND (id <= 8014119))
	              ->  Bitmap Index Scan on sbtest5_pkey  (cost=0.00..22.70 rows=1027 width=0)
	                    Index Cond: ((id >= 8013120) AND (id <= 8014119))

table 6 : explain SELECT DISTINCT c FROM sbtest6 WHERE id BETWEEN 8963091 AND 8964090 ORDER BY c
	Unique  (cost=3935.24..3940.27 rows=1006 width=121)
	  ->  Sort  (cost=3935.24..3937.75 rows=1006 width=121)
	        Sort Key: c
	        ->  Bitmap Heap Scan on sbtest6  (cost=22.75..3885.07 rows=1006 width=121)
	              Recheck Cond: ((id >= 8963091) AND (id <= 8964090))
	              ->  Bitmap Index Scan on sbtest6_pkey  (cost=0.00..22.50 rows=1006 width=0)
	                    Index Cond: ((id >= 8963091) AND (id <= 8964090))

table 7 : explain SELECT DISTINCT c FROM sbtest7 WHERE id BETWEEN 8675579 AND 8676578 ORDER BY c
	Unique  (cost=3829.22..3834.11 rows=978 width=121)
	  ->  Sort  (cost=3829.22..3831.67 rows=978 width=121)
	        Sort Key: c
	        ->  Bitmap Heap Scan on sbtest7  (cost=22.46..3780.65 rows=978 width=121)
	              Recheck Cond: ((id >= 8675579) AND (id <= 8676578))
	              ->  Bitmap Index Scan on sbtest7_pkey  (cost=0.00..22.21 rows=978 width=0)
	                    Index Cond: ((id >= 8675579) AND (id <= 8676578))

table 8 : explain SELECT DISTINCT c FROM sbtest8 WHERE id BETWEEN 8501763 AND 8502762 ORDER BY c
	Unique  (cost=3737.20..3741.97 rows=954 width=121)
	  ->  Sort  (cost=3737.20..3739.59 rows=954 width=121)
	        Sort Key: c
	        ->  Bitmap Heap Scan on sbtest8  (cost=22.21..3689.99 rows=954 width=121)
	              Recheck Cond: ((id >= 8501763) AND (id <= 8502762))
	              ->  Bitmap Index Scan on sbtest8_pkey  (cost=0.00..21.97 rows=954 width=0)
	                    Index Cond: ((id >= 8501763) AND (id <= 8502762))

for: distinct_ranges
table 1 : explain SELECT DISTINCT c FROM sbtest1 WHERE id BETWEEN 8512725 AND 8513724 ORDER BY c
	Unique  (cost=4016.76..4021.90 rows=1028 width=121)
	  ->  Sort  (cost=4016.76..4019.33 rows=1028 width=121)
	        Sort Key: c
	        ->  Bitmap Heap Scan on sbtest1  (cost=22.97..3965.33 rows=1028 width=121)
	              Recheck Cond: ((id >= 8512725) AND (id <= 8513724))
	              ->  Bitmap Index Scan on sbtest1_pkey  (cost=0.00..22.71 rows=1028 width=0)
	                    Index Cond: ((id >= 8512725) AND (id <= 8513724))

table 2 : explain SELECT DISTINCT c FROM sbtest2 WHERE id BETWEEN 4526281 AND 4527280 ORDER BY c
	Unique  (cost=3780.92..3785.75 rows=966 width=121)
	  ->  Sort  (cost=3780.92..3783.33 rows=966 width=121)
	        Sort Key: c
	        ->  Bitmap Heap Scan on sbtest2  (cost=22.34..3733.02 rows=966 width=121)
	              Recheck Cond: ((id >= 4526281) AND (id <= 4527280))
	              ->  Bitmap Index Scan on sbtest2_pkey  (cost=0.00..22.09 rows=966 width=0)
	                    Index Cond: ((id >= 4526281) AND (id <= 4527280))

table 3 : explain SELECT DISTINCT c FROM sbtest3 WHERE id BETWEEN 4862839 AND 4863838 ORDER BY c
	Unique  (cost=3566.49..3571.04 rows=910 width=121)
	  ->  Sort  (cost=3566.49..3568.76 rows=910 width=121)
	        Sort Key: c
	        ->  Bitmap Heap Scan on sbtest3  (cost=21.76..3521.76 rows=910 width=121)
	              Recheck Cond: ((id >= 4862839) AND (id <= 4863838))
	              ->  Bitmap Index Scan on sbtest3_pkey  (cost=0.00..21.54 rows=910 width=0)
	                    Index Cond: ((id >= 4862839) AND (id <= 4863838))

table 4 : explain SELECT DISTINCT c FROM sbtest4 WHERE id BETWEEN 3837445 AND 3838444 ORDER BY c
	Unique  (cost=4072.72..4077.93 rows=1042 width=121)
	  ->  Sort  (cost=4072.72..4075.32 rows=1042 width=121)
	        Sort Key: c
	        ->  Bitmap Heap Scan on sbtest4  (cost=23.12..4020.49 rows=1042 width=121)
	              Recheck Cond: ((id >= 3837445) AND (id <= 3838444))
	              ->  Bitmap Index Scan on sbtest4_pkey  (cost=0.00..22.86 rows=1042 width=0)
	                    Index Cond: ((id >= 3837445) AND (id <= 3838444))

table 5 : explain SELECT DISTINCT c FROM sbtest5 WHERE id BETWEEN 190016 AND 191015 ORDER BY c
	Unique  (cost=4042.26..4047.43 rows=1034 width=121)
	  ->  Sort  (cost=4042.26..4044.84 rows=1034 width=121)
	        Sort Key: c
	        ->  Bitmap Heap Scan on sbtest5  (cost=23.03..3990.49 rows=1034 width=121)
	              Recheck Cond: ((id >= 190016) AND (id <= 191015))
	              ->  Bitmap Index Scan on sbtest5_pkey  (cost=0.00..22.77 rows=1034 width=0)
	                    Index Cond: ((id >= 190016) AND (id <= 191015))

table 6 : explain SELECT DISTINCT c FROM sbtest6 WHERE id BETWEEN 720892 AND 721891 ORDER BY c
	Unique  (cost=4076.66..4081.88 rows=1043 width=121)
	  ->  Sort  (cost=4076.66..4079.27 rows=1043 width=121)
	        Sort Key: c
	        ->  Bitmap Heap Scan on sbtest6  (cost=23.13..4024.37 rows=1043 width=121)
	              Recheck Cond: ((id >= 720892) AND (id <= 721891))
	              ->  Bitmap Index Scan on sbtest6_pkey  (cost=0.00..22.86 rows=1043 width=0)
	                    Index Cond: ((id >= 720892) AND (id <= 721891))

table 7 : explain SELECT DISTINCT c FROM sbtest7 WHERE id BETWEEN 5314435 AND 5315434 ORDER BY c
	Unique  (cost=3840.71..3845.62 rows=981 width=121)
	  ->  Sort  (cost=3840.71..3843.17 rows=981 width=121)
	        Sort Key: c
	        ->  Bitmap Heap Scan on sbtest7  (cost=22.49..3791.97 rows=981 width=121)
	              Recheck Cond: ((id >= 5314435) AND (id <= 5315434))
	              ->  Bitmap Index Scan on sbtest7_pkey  (cost=0.00..22.25 rows=981 width=0)
	                    Index Cond: ((id >= 5314435) AND (id <= 5315434))

table 8 : explain SELECT DISTINCT c FROM sbtest8 WHERE id BETWEEN 1510033 AND 1511032 ORDER BY c
	Unique  (cost=4303.27..4308.77 rows=1101 width=121)
	  ->  Sort  (cost=4303.27..4306.02 rows=1101 width=121)
	        Sort Key: c
	        ->  Bitmap Heap Scan on sbtest8  (cost=27.72..4247.64 rows=1101 width=121)
	              Recheck Cond: ((id >= 1510033) AND (id <= 1511032))
	              ->  Bitmap Index Scan on sbtest8_pkey  (cost=0.00..27.44 rows=1101 width=0)
	                    Index Cond: ((id >= 1510033) AND (id <= 1511032))

for: sum_ranges
table 1 : explain SELECT SUM(k) FROM sbtest1 WHERE id BETWEEN 551452 AND 552451
	Aggregate  (cost=4140.88..4140.89 rows=1 width=8)
	  ->  Bitmap Heap Scan on sbtest1  (cost=23.44..4138.20 rows=1074 width=4)
	        Recheck Cond: ((id >= 551452) AND (id <= 552451))
	        ->  Bitmap Index Scan on sbtest1_pkey  (cost=0.00..23.18 rows=1074 width=0)
	              Index Cond: ((id >= 551452) AND (id <= 552451))

table 2 : explain SELECT SUM(k) FROM sbtest2 WHERE id BETWEEN 4541257 AND 4542256
	Aggregate  (cost=3735.44..3735.45 rows=1 width=8)
	  ->  Bitmap Heap Scan on sbtest2  (cost=22.34..3733.02 rows=966 width=4)
	        Recheck Cond: ((id >= 4541257) AND (id <= 4542256))
	        ->  Bitmap Index Scan on sbtest2_pkey  (cost=0.00..22.09 rows=966 width=0)
	              Index Cond: ((id >= 4541257) AND (id <= 4542256))

table 3 : explain SELECT SUM(k) FROM sbtest3 WHERE id BETWEEN 2680238 AND 2681237
	Aggregate  (cost=4112.23..4112.24 rows=1 width=8)
	  ->  Bitmap Heap Scan on sbtest3  (cost=23.36..4109.57 rows=1066 width=4)
	        Recheck Cond: ((id >= 2680238) AND (id <= 2681237))
	        ->  Bitmap Index Scan on sbtest3_pkey  (cost=0.00..23.09 rows=1066 width=0)
	              Index Cond: ((id >= 2680238) AND (id <= 2681237))

table 4 : explain SELECT SUM(k) FROM sbtest4 WHERE id BETWEEN 6963362 AND 6964361
	Aggregate  (cost=3679.93..3679.94 rows=1 width=8)
	  ->  Bitmap Heap Scan on sbtest4  (cost=22.18..3677.56 rows=951 width=4)
	        Recheck Cond: ((id >= 6963362) AND (id <= 6964361))
	        ->  Bitmap Index Scan on sbtest4_pkey  (cost=0.00..21.94 rows=951 width=0)
	              Index Cond: ((id >= 6963362) AND (id <= 6964361))

table 5 : explain SELECT SUM(k) FROM sbtest5 WHERE id BETWEEN 3876286 AND 3877285
	Aggregate  (cost=4011.90..4011.91 rows=1 width=8)
	  ->  Bitmap Heap Scan on sbtest5  (cost=23.08..4009.30 rows=1039 width=4)
	        Recheck Cond: ((id >= 3876286) AND (id <= 3877285))
	        ->  Bitmap Index Scan on sbtest5_pkey  (cost=0.00..22.82 rows=1039 width=0)
	              Index Cond: ((id >= 3876286) AND (id <= 3877285))

table 6 : explain SELECT SUM(k) FROM sbtest6 WHERE id BETWEEN 2584675 AND 2585674
	Aggregate  (cost=4373.13..4373.14 rows=1 width=8)
	  ->  Bitmap Heap Scan on sbtest6  (cost=28.07..4370.29 rows=1135 width=4)
	        Recheck Cond: ((id >= 2584675) AND (id <= 2585674))
	        ->  Bitmap Index Scan on sbtest6_pkey  (cost=0.00..27.79 rows=1135 width=0)
	              Index Cond: ((id >= 2584675) AND (id <= 2585674))

table 7 : explain SELECT SUM(k) FROM sbtest7 WHERE id BETWEEN 3586801 AND 3587800
	Aggregate  (cost=3351.86..3351.87 rows=1 width=8)
	  ->  Bitmap Heap Scan on sbtest7  (cost=21.29..3349.70 rows=864 width=4)
	        Recheck Cond: ((id >= 3586801) AND (id <= 3587800))
	        ->  Bitmap Index Scan on sbtest7_pkey  (cost=0.00..21.07 rows=864 width=0)
	              Index Cond: ((id >= 3586801) AND (id <= 3587800))

table 8 : explain SELECT SUM(k) FROM sbtest8 WHERE id BETWEEN 2618817 AND 2619816
	Aggregate  (cost=4035.89..4035.90 rows=1 width=8)
	  ->  Bitmap Heap Scan on sbtest8  (cost=27.14..4033.28 rows=1044 width=4)
	        Recheck Cond: ((id >= 2618817) AND (id <= 2619816))
	        ->  Bitmap Index Scan on sbtest8_pkey  (cost=0.00..26.87 rows=1044 width=0)
	              Index Cond: ((id >= 2618817) AND (id <= 2619816))

for: simple_ranges
table 1 : explain SELECT c FROM sbtest1 WHERE id BETWEEN 6881840 AND 6882839
	Bitmap Heap Scan on sbtest1  (cost=28.76..4618.10 rows=1202 width=121)
	  Recheck Cond: ((id >= 6881840) AND (id <= 6882839))
	  ->  Bitmap Index Scan on sbtest1_pkey  (cost=0.00..28.45 rows=1202 width=0)
	        Index Cond: ((id >= 6881840) AND (id <= 6882839))

table 2 : explain SELECT c FROM sbtest2 WHERE id BETWEEN 8150939 AND 8151938
	Bitmap Heap Scan on sbtest2  (cost=23.21..4053.06 rows=1051 width=121)
	  Recheck Cond: ((id >= 8150939) AND (id <= 8151938))
	  ->  Bitmap Index Scan on sbtest2_pkey  (cost=0.00..22.94 rows=1051 width=0)
	        Index Cond: ((id >= 8150939) AND (id <= 8151938))

table 3 : explain SELECT c FROM sbtest3 WHERE id BETWEEN 8631585 AND 8632584
	Bitmap Heap Scan on sbtest3  (cost=23.14..4026.86 rows=1044 width=121)
	  Recheck Cond: ((id >= 8631585) AND (id <= 8632584))
	  ->  Bitmap Index Scan on sbtest3_pkey  (cost=0.00..22.87 rows=1044 width=0)
	        Index Cond: ((id >= 8631585) AND (id <= 8632584))

table 4 : explain SELECT c FROM sbtest4 WHERE id BETWEEN 704432 AND 705431
	Bitmap Heap Scan on sbtest4  (cost=22.51..3798.27 rows=983 width=121)
	  Recheck Cond: ((id >= 704432) AND (id <= 705431))
	  ->  Bitmap Index Scan on sbtest4_pkey  (cost=0.00..22.26 rows=983 width=0)
	        Index Cond: ((id >= 704432) AND (id <= 705431))

table 5 : explain SELECT c FROM sbtest5 WHERE id BETWEEN 5042663 AND 5043662
	Bitmap Heap Scan on sbtest5  (cost=23.12..4020.59 rows=1042 width=121)
	  Recheck Cond: ((id >= 5042663) AND (id <= 5043662))
	  ->  Bitmap Index Scan on sbtest5_pkey  (cost=0.00..22.86 rows=1042 width=0)
	        Index Cond: ((id >= 5042663) AND (id <= 5043662))

table 6 : explain SELECT c FROM sbtest6 WHERE id BETWEEN 5470591 AND 5471590
	Bitmap Heap Scan on sbtest6  (cost=22.29..3715.40 rows=961 width=121)
	  Recheck Cond: ((id >= 5470591) AND (id <= 5471590))
	  ->  Bitmap Index Scan on sbtest6_pkey  (cost=0.00..22.04 rows=961 width=0)
	        Index Cond: ((id >= 5470591) AND (id <= 5471590))

table 7 : explain SELECT c FROM sbtest7 WHERE id BETWEEN 429689 AND 430688
	Bitmap Heap Scan on sbtest7  (cost=22.38..3750.46 rows=970 width=121)
	  Recheck Cond: ((id >= 429689) AND (id <= 430688))
	  ->  Bitmap Index Scan on sbtest7_pkey  (cost=0.00..22.14 rows=970 width=0)
	        Index Cond: ((id >= 429689) AND (id <= 430688))

table 8 : explain SELECT c FROM sbtest8 WHERE id BETWEEN 2271042 AND 2272041
	Bitmap Heap Scan on sbtest8  (cost=27.25..4074.68 rows=1055 width=121)
	  Recheck Cond: ((id >= 2271042) AND (id <= 2272041))
	  ->  Bitmap Index Scan on sbtest8_pkey  (cost=0.00..26.98 rows=1055 width=0)
	        Index Cond: ((id >= 2271042) AND (id <= 2272041))

for: sum_ranges
table 1 : explain SELECT SUM(k) FROM sbtest1 WHERE id BETWEEN 7767219 AND 7768218
	Aggregate  (cost=3888.85..3888.86 rows=1 width=8)
	  ->  Bitmap Heap Scan on sbtest1  (cost=22.76..3886.33 rows=1007 width=4)
	        Recheck Cond: ((id >= 7767219) AND (id <= 7768218))
	        ->  Bitmap Index Scan on sbtest1_pkey  (cost=0.00..22.50 rows=1007 width=0)
	              Index Cond: ((id >= 7767219) AND (id <= 7768218))

table 2 : explain SELECT SUM(k) FROM sbtest2 WHERE id BETWEEN 3286651 AND 3287650
	Aggregate  (cost=3882.49..3882.50 rows=1 width=8)
	  ->  Bitmap Heap Scan on sbtest2  (cost=22.74..3879.98 rows=1005 width=4)
	        Recheck Cond: ((id >= 3286651) AND (id <= 3287650))
	        ->  Bitmap Index Scan on sbtest2_pkey  (cost=0.00..22.48 rows=1005 width=0)
	              Index Cond: ((id >= 3286651) AND (id <= 3287650))

table 3 : explain SELECT SUM(k) FROM sbtest3 WHERE id BETWEEN 5115099 AND 5116098
	Aggregate  (cost=4131.03..4131.04 rows=1 width=8)
	  ->  Bitmap Heap Scan on sbtest3  (cost=23.41..4128.36 rows=1071 width=4)
	        Recheck Cond: ((id >= 5115099) AND (id <= 5116098))
	        ->  Bitmap Index Scan on sbtest3_pkey  (cost=0.00..23.14 rows=1071 width=0)
	              Index Cond: ((id >= 5115099) AND (id <= 5116098))

table 4 : explain SELECT SUM(k) FROM sbtest4 WHERE id BETWEEN 3454537 AND 3455536
	Aggregate  (cost=3657.27..3657.28 rows=1 width=8)
	  ->  Bitmap Heap Scan on sbtest4  (cost=22.12..3654.91 rows=945 width=4)
	        Recheck Cond: ((id >= 3454537) AND (id <= 3455536))
	        ->  Bitmap Index Scan on sbtest4_pkey  (cost=0.00..21.89 rows=945 width=0)
	              Index Cond: ((id >= 3454537) AND (id <= 3455536))

table 5 : explain SELECT SUM(k) FROM sbtest5 WHERE id BETWEEN 6871044 AND 6872043
	Aggregate  (cost=3559.09..3559.10 rows=1 width=8)
	  ->  Bitmap Heap Scan on sbtest5  (cost=21.85..3556.80 rows=919 width=4)
	        Recheck Cond: ((id >= 6871044) AND (id <= 6872043))
	        ->  Bitmap Index Scan on sbtest5_pkey  (cost=0.00..21.62 rows=919 width=0)
	              Index Cond: ((id >= 6871044) AND (id <= 6872043))

table 6 : explain SELECT SUM(k) FROM sbtest6 WHERE id BETWEEN 7756095 AND 7757094
	Aggregate  (cost=3891.35..3891.36 rows=1 width=8)
	  ->  Bitmap Heap Scan on sbtest6  (cost=22.76..3888.83 rows=1007 width=4)
	        Recheck Cond: ((id >= 7756095) AND (id <= 7757094))
	        ->  Bitmap Index Scan on sbtest6_pkey  (cost=0.00..22.50 rows=1007 width=0)
	              Index Cond: ((id >= 7756095) AND (id <= 7757094))

table 7 : explain SELECT SUM(k) FROM sbtest7 WHERE id BETWEEN 5535887 AND 5536886
	Aggregate  (cost=3986.77..3986.78 rows=1 width=8)
	  ->  Bitmap Heap Scan on sbtest7  (cost=23.01..3984.19 rows=1032 width=4)
	        Recheck Cond: ((id >= 5535887) AND (id <= 5536886))
	        ->  Bitmap Index Scan on sbtest7_pkey  (cost=0.00..22.75 rows=1032 width=0)
	              Index Cond: ((id >= 5535887) AND (id <= 5536886))

table 8 : explain SELECT SUM(k) FROM sbtest8 WHERE id BETWEEN 9495559 AND 9496558
	Aggregate  (cost=3922.83..3922.84 rows=1 width=8)
	  ->  Bitmap Heap Scan on sbtest8  (cost=26.83..3920.30 rows=1014 width=4)
	        Recheck Cond: ((id >= 9495559) AND (id <= 9496558))
	        ->  Bitmap Index Scan on sbtest8_pkey  (cost=0.00..26.57 rows=1014 width=0)
	              Index Cond: ((id >= 9495559) AND (id <= 9496558))

for: distinct_ranges
table 1 : explain SELECT DISTINCT c FROM sbtest1 WHERE id BETWEEN 4398794 AND 4399793 ORDER BY c
	Unique  (cost=3538.54..3543.05 rows=903 width=121)
	  ->  Sort  (cost=3538.54..3540.79 rows=903 width=121)
	        Sort Key: c
	        ->  Bitmap Heap Scan on sbtest1  (cost=21.69..3494.21 rows=903 width=121)
	              Recheck Cond: ((id >= 4398794) AND (id <= 4399793))
	              ->  Bitmap Index Scan on sbtest1_pkey  (cost=0.00..21.46 rows=903 width=0)
	                    Index Cond: ((id >= 4398794) AND (id <= 4399793))

table 2 : explain SELECT DISTINCT c FROM sbtest2 WHERE id BETWEEN 8923823 AND 8924822 ORDER BY c
	Unique  (cost=3723.49..3728.25 rows=951 width=121)
	  ->  Sort  (cost=3723.49..3725.87 rows=951 width=121)
	        Sort Key: c
	        ->  Bitmap Heap Scan on sbtest2  (cost=22.18..3676.45 rows=951 width=121)
	              Recheck Cond: ((id >= 8923823) AND (id <= 8924822))
	              ->  Bitmap Index Scan on sbtest2_pkey  (cost=0.00..21.94 rows=951 width=0)
	                    Index Cond: ((id >= 8923823) AND (id <= 8924822))

table 3 : explain SELECT DISTINCT c FROM sbtest3 WHERE id BETWEEN 1018563 AND 1019562 ORDER BY c
	Unique  (cost=3639.32..3643.97 rows=929 width=121)
	  ->  Sort  (cost=3639.32..3641.64 rows=929 width=121)
	        Sort Key: c
	        ->  Bitmap Heap Scan on sbtest3  (cost=21.96..3593.52 rows=929 width=121)
	              Recheck Cond: ((id >= 1018563) AND (id <= 1019562))
	              ->  Bitmap Index Scan on sbtest3_pkey  (cost=0.00..21.72 rows=929 width=0)
	                    Index Cond: ((id >= 1018563) AND (id <= 1019562))

table 4 : explain SELECT DISTINCT c FROM sbtest4 WHERE id BETWEEN 2465615 AND 2466614 ORDER BY c
	Unique  (cost=3858.61..3863.54 rows=986 width=121)
	  ->  Sort  (cost=3858.61..3861.07 rows=986 width=121)
	        Sort Key: c
	        ->  Bitmap Heap Scan on sbtest4  (cost=22.54..3809.58 rows=986 width=121)
	              Recheck Cond: ((id >= 2465615) AND (id <= 2466614))
	              ->  Bitmap Index Scan on sbtest4_pkey  (cost=0.00..22.29 rows=986 width=0)
	                    Index Cond: ((id >= 2465615) AND (id <= 2466614))

table 5 : explain SELECT DISTINCT c FROM sbtest5 WHERE id BETWEEN 90956 AND 91955 ORDER BY c
	Unique  (cost=3843.40..3848.31 rows=982 width=121)
	  ->  Sort  (cost=3843.40..3845.85 rows=982 width=121)
	        Sort Key: c
	        ->  Bitmap Heap Scan on sbtest5  (cost=22.50..3794.60 rows=982 width=121)
	              Recheck Cond: ((id >= 90956) AND (id <= 91955))
	              ->  Bitmap Index Scan on sbtest5_pkey  (cost=0.00..22.25 rows=982 width=0)
	                    Index Cond: ((id >= 90956) AND (id <= 91955))

table 6 : explain SELECT DISTINCT c FROM sbtest6 WHERE id BETWEEN 1613152 AND 1614151 ORDER BY c
	Unique  (cost=3674.89..3679.58 rows=938 width=121)
	  ->  Sort  (cost=3674.89..3677.24 rows=938 width=121)
	        Sort Key: c
	        ->  Bitmap Heap Scan on sbtest6  (cost=22.05..3628.59 rows=938 width=121)
	              Recheck Cond: ((id >= 1613152) AND (id <= 1614151))
	              ->  Bitmap Index Scan on sbtest6_pkey  (cost=0.00..21.82 rows=938 width=0)
	                    Index Cond: ((id >= 1613152) AND (id <= 1614151))

table 7 : explain SELECT DISTINCT c FROM sbtest7 WHERE id BETWEEN 1636059 AND 1637058 ORDER BY c
	Unique  (cost=3921.10..3926.11 rows=1002 width=121)
	  ->  Sort  (cost=3921.10..3923.61 rows=1002 width=121)
	        Sort Key: c
	        ->  Bitmap Heap Scan on sbtest7  (cost=22.71..3871.16 rows=1002 width=121)
	              Recheck Cond: ((id >= 1636059) AND (id <= 1637058))
	              ->  Bitmap Index Scan on sbtest7_pkey  (cost=0.00..22.45 rows=1002 width=0)
	                    Index Cond: ((id >= 1636059) AND (id <= 1637058))

table 8 : explain SELECT DISTINCT c FROM sbtest8 WHERE id BETWEEN 3688542 AND 3689541 ORDER BY c
	Unique  (cost=3863.60..3868.54 rows=987 width=121)
	  ->  Sort  (cost=3863.60..3866.07 rows=987 width=121)
	        Sort Key: c
	        ->  Bitmap Heap Scan on sbtest8  (cost=22.55..3814.52 rows=987 width=121)
	              Recheck Cond: ((id >= 3688542) AND (id <= 3689541))
	              ->  Bitmap Index Scan on sbtest8_pkey  (cost=0.00..22.30 rows=987 width=0)
	                    Index Cond: ((id >= 3688542) AND (id <= 3689541))

for: distinct_ranges
table 1 : explain SELECT DISTINCT c FROM sbtest1 WHERE id BETWEEN 8501453 AND 8502452 ORDER BY c
	Unique  (cost=4016.76..4021.90 rows=1028 width=121)
	  ->  Sort  (cost=4016.76..4019.33 rows=1028 width=121)
	        Sort Key: c
	        ->  Bitmap Heap Scan on sbtest1  (cost=22.97..3965.33 rows=1028 width=121)
	              Recheck Cond: ((id >= 8501453) AND (id <= 8502452))
	              ->  Bitmap Index Scan on sbtest1_pkey  (cost=0.00..22.71 rows=1028 width=0)
	                    Index Cond: ((id >= 8501453) AND (id <= 8502452))

table 2 : explain SELECT DISTINCT c FROM sbtest2 WHERE id BETWEEN 7954276 AND 7955275 ORDER BY c
	Unique  (cost=3868.91..3873.86 rows=989 width=121)
	  ->  Sort  (cost=3868.91..3871.39 rows=989 width=121)
	        Sort Key: c
	        ->  Bitmap Heap Scan on sbtest2  (cost=22.57..3819.71 rows=989 width=121)
	              Recheck Cond: ((id >= 7954276) AND (id <= 7955275))
	              ->  Bitmap Index Scan on sbtest2_pkey  (cost=0.00..22.32 rows=989 width=0)
	                    Index Cond: ((id >= 7954276) AND (id <= 7955275))

table 3 : explain SELECT DISTINCT c FROM sbtest3 WHERE id BETWEEN 9049853 AND 9050852 ORDER BY c
	Unique  (cost=3597.16..3601.75 rows=918 width=121)
	  ->  Sort  (cost=3597.16..3599.45 rows=918 width=121)
	        Sort Key: c
	        ->  Bitmap Heap Scan on sbtest3  (cost=21.84..3551.98 rows=918 width=121)
	              Recheck Cond: ((id >= 9049853) AND (id <= 9050852))
	              ->  Bitmap Index Scan on sbtest3_pkey  (cost=0.00..21.61 rows=918 width=0)
	                    Index Cond: ((id >= 9049853) AND (id <= 9050852))

table 4 : explain SELECT DISTINCT c FROM sbtest4 WHERE id BETWEEN 2472601 AND 2473600 ORDER BY c
	Unique  (cost=3858.61..3863.54 rows=986 width=121)
	  ->  Sort  (cost=3858.61..3861.07 rows=986 width=121)
	        Sort Key: c
	        ->  Bitmap Heap Scan on sbtest4  (cost=22.54..3809.58 rows=986 width=121)
	              Recheck Cond: ((id >= 2472601) AND (id <= 2473600))
	              ->  Bitmap Index Scan on sbtest4_pkey  (cost=0.00..22.29 rows=986 width=0)
	                    Index Cond: ((id >= 2472601) AND (id <= 2473600))

table 5 : explain SELECT DISTINCT c FROM sbtest5 WHERE id BETWEEN 1004967 AND 1005966 ORDER BY c
	Unique  (cost=3563.67..3568.22 rows=909 width=121)
	  ->  Sort  (cost=3563.67..3565.94 rows=909 width=121)
	        Sort Key: c
	        ->  Bitmap Heap Scan on sbtest5  (cost=21.75..3519.00 rows=909 width=121)
	              Recheck Cond: ((id >= 1004967) AND (id <= 1005966))
	              ->  Bitmap Index Scan on sbtest5_pkey  (cost=0.00..21.52 rows=909 width=0)
	                    Index Cond: ((id >= 1004967) AND (id <= 1005966))

table 6 : explain SELECT DISTINCT c FROM sbtest6 WHERE id BETWEEN 396042 AND 397041 ORDER BY c
	Unique  (cost=4099.76..4105.00 rows=1048 width=121)
	  ->  Sort  (cost=4099.76..4102.38 rows=1048 width=121)
	        Sort Key: c
	        ->  Bitmap Heap Scan on sbtest6  (cost=27.18..4047.19 rows=1048 width=121)
	              Recheck Cond: ((id >= 396042) AND (id <= 397041))
	              ->  Bitmap Index Scan on sbtest6_pkey  (cost=0.00..26.91 rows=1048 width=0)
	                    Index Cond: ((id >= 396042) AND (id <= 397041))

table 7 : explain SELECT DISTINCT c FROM sbtest7 WHERE id BETWEEN 8622551 AND 8623550 ORDER BY c
	Unique  (cost=4139.03..4144.32 rows=1059 width=121)
	  ->  Sort  (cost=4139.03..4141.68 rows=1059 width=121)
	        Sort Key: c
	        ->  Bitmap Heap Scan on sbtest7  (cost=23.29..4085.82 rows=1059 width=121)
	              Recheck Cond: ((id >= 8622551) AND (id <= 8623550))
	              ->  Bitmap Index Scan on sbtest7_pkey  (cost=0.00..23.02 rows=1059 width=0)
	                    Index Cond: ((id >= 8622551) AND (id <= 8623550))

table 8 : explain SELECT DISTINCT c FROM sbtest8 WHERE id BETWEEN 4142585 AND 4143584 ORDER BY c
	Unique  (cost=3718.04..3722.78 rows=949 width=121)
	  ->  Sort  (cost=3718.04..3720.41 rows=949 width=121)
	        Sort Key: c
	        ->  Bitmap Heap Scan on sbtest8  (cost=22.16..3671.11 rows=949 width=121)
	              Recheck Cond: ((id >= 4142585) AND (id <= 4143584))
	              ->  Bitmap Index Scan on sbtest8_pkey  (cost=0.00..21.93 rows=949 width=0)
	                    Index Cond: ((id >= 4142585) AND (id <= 4143584))

for: sum_ranges
table 1 : explain SELECT SUM(k) FROM sbtest1 WHERE id BETWEEN 49141 AND 50140
	Aggregate  (cost=3768.27..3768.28 rows=1 width=8)
	  ->  Bitmap Heap Scan on sbtest1  (cost=22.43..3765.83 rows=975 width=4)
	        Recheck Cond: ((id >= 49141) AND (id <= 50140))
	        ->  Bitmap Index Scan on sbtest1_pkey  (cost=0.00..22.18 rows=975 width=0)
	              Index Cond: ((id >= 49141) AND (id <= 50140))

table 2 : explain SELECT SUM(k) FROM sbtest2 WHERE id BETWEEN 4967589 AND 4968588
	Aggregate  (cost=3795.79..3795.80 rows=1 width=8)
	  ->  Bitmap Heap Scan on sbtest2  (cost=22.50..3793.34 rows=982 width=4)
	        Recheck Cond: ((id >= 4967589) AND (id <= 4968588))
	        ->  Bitmap Index Scan on sbtest2_pkey  (cost=0.00..22.25 rows=982 width=0)
	              Index Cond: ((id >= 4967589) AND (id <= 4968588))

table 3 : explain SELECT SUM(k) FROM sbtest3 WHERE id BETWEEN 1376106 AND 1377105
	Aggregate  (cost=3826.07..3826.08 rows=1 width=8)
	  ->  Bitmap Heap Scan on sbtest3  (cost=22.58..3823.60 rows=990 width=4)
	        Recheck Cond: ((id >= 1376106) AND (id <= 1377105))
	        ->  Bitmap Index Scan on sbtest3_pkey  (cost=0.00..22.33 rows=990 width=0)
	              Index Cond: ((id >= 1376106) AND (id <= 1377105))

table 4 : explain SELECT SUM(k) FROM sbtest4 WHERE id BETWEEN 7215592 AND 7216591
	Aggregate  (cost=3759.22..3759.23 rows=1 width=8)
	  ->  Bitmap Heap Scan on sbtest4  (cost=22.40..3756.79 rows=972 width=4)
	        Recheck Cond: ((id >= 7215592) AND (id <= 7216591))
	        ->  Bitmap Index Scan on sbtest4_pkey  (cost=0.00..22.15 rows=972 width=0)
	              Index Cond: ((id >= 7215592) AND (id <= 7216591))

table 5 : explain SELECT SUM(k) FROM sbtest5 WHERE id BETWEEN 5025058 AND 5026057
	Aggregate  (cost=3876.25..3876.26 rows=1 width=8)
	  ->  Bitmap Heap Scan on sbtest5  (cost=22.72..3873.75 rows=1003 width=4)
	        Recheck Cond: ((id >= 5025058) AND (id <= 5026057))
	        ->  Bitmap Index Scan on sbtest5_pkey  (cost=0.00..22.46 rows=1003 width=0)
	              Index Cond: ((id >= 5025058) AND (id <= 5026057))

table 6 : explain SELECT SUM(k) FROM sbtest6 WHERE id BETWEEN 9625608 AND 9626607
	Aggregate  (cost=3649.82..3649.83 rows=1 width=8)
	  ->  Bitmap Heap Scan on sbtest6  (cost=22.10..3647.46 rows=943 width=4)
	        Recheck Cond: ((id >= 9625608) AND (id <= 9626607))
	        ->  Bitmap Index Scan on sbtest6_pkey  (cost=0.00..21.86 rows=943 width=0)
	              Index Cond: ((id >= 9625608) AND (id <= 9626607))

table 7 : explain SELECT SUM(k) FROM sbtest7 WHERE id BETWEEN 649286 AND 650285
	Aggregate  (cost=3975.46..3975.47 rows=1 width=8)
	  ->  Bitmap Heap Scan on sbtest7  (cost=22.98..3972.89 rows=1029 width=4)
	        Recheck Cond: ((id >= 649286) AND (id <= 650285))
	        ->  Bitmap Index Scan on sbtest7_pkey  (cost=0.00..22.72 rows=1029 width=0)
	              Index Cond: ((id >= 649286) AND (id <= 650285))

table 8 : explain SELECT SUM(k) FROM sbtest8 WHERE id BETWEEN 7992749 AND 7993748
	Aggregate  (cost=3620.56..3620.57 rows=1 width=8)
	  ->  Bitmap Heap Scan on sbtest8  (cost=22.02..3618.23 rows=935 width=4)
	        Recheck Cond: ((id >= 7992749) AND (id <= 7993748))
	        ->  Bitmap Index Scan on sbtest8_pkey  (cost=0.00..21.79 rows=935 width=0)
	              Index Cond: ((id >= 7992749) AND (id <= 7993748))

for: simple_ranges
table 1 : explain SELECT c FROM sbtest1 WHERE id BETWEEN 5424628 AND 5425627
	Bitmap Heap Scan on sbtest1  (cost=22.14..3660.28 rows=947 width=121)
	  Recheck Cond: ((id >= 5424628) AND (id <= 5425627))
	  ->  Bitmap Index Scan on sbtest1_pkey  (cost=0.00..21.90 rows=947 width=0)
	        Index Cond: ((id >= 5424628) AND (id <= 5425627))

table 2 : explain SELECT c FROM sbtest2 WHERE id BETWEEN 7404671 AND 7405670
	Bitmap Heap Scan on sbtest2  (cost=22.72..3872.45 rows=1003 width=121)
	  Recheck Cond: ((id >= 7404671) AND (id <= 7405670))
	  ->  Bitmap Index Scan on sbtest2_pkey  (cost=0.00..22.46 rows=1003 width=0)
	        Index Cond: ((id >= 7404671) AND (id <= 7405670))

table 3 : explain SELECT c FROM sbtest3 WHERE id BETWEEN 1596729 AND 1597728
	Bitmap Heap Scan on sbtest3  (cost=22.67..3857.50 rows=999 width=121)
	  Recheck Cond: ((id >= 1596729) AND (id <= 1597728))
	  ->  Bitmap Index Scan on sbtest3_pkey  (cost=0.00..22.43 rows=999 width=0)
	        Index Cond: ((id >= 1596729) AND (id <= 1597728))

table 4 : explain SELECT c FROM sbtest4 WHERE id BETWEEN 9987927 AND 9988926
	Bitmap Heap Scan on sbtest4  (cost=22.67..3858.57 rows=999 width=121)
	  Recheck Cond: ((id >= 9987927) AND (id <= 9988926))
	  ->  Bitmap Index Scan on sbtest4_pkey  (cost=0.00..22.43 rows=999 width=0)
	        Index Cond: ((id >= 9987927) AND (id <= 9988926))

table 5 : explain SELECT c FROM sbtest5 WHERE id BETWEEN 4124514 AND 4125513
	Bitmap Heap Scan on sbtest5  (cost=22.08..3639.90 rows=941 width=121)
	  Recheck Cond: ((id >= 4124514) AND (id <= 4125513))
	  ->  Bitmap Index Scan on sbtest5_pkey  (cost=0.00..21.84 rows=941 width=0)
	        Index Cond: ((id >= 4124514) AND (id <= 4125513))

table 6 : explain SELECT c FROM sbtest6 WHERE id BETWEEN 3383221 AND 3384220
	Bitmap Heap Scan on sbtest6  (cost=22.90..3941.56 rows=1021 width=121)
	  Recheck Cond: ((id >= 3383221) AND (id <= 3384220))
	  ->  Bitmap Index Scan on sbtest6_pkey  (cost=0.00..22.64 rows=1021 width=0)
	        Index Cond: ((id >= 3383221) AND (id <= 3384220))

table 7 : explain SELECT c FROM sbtest7 WHERE id BETWEEN 568596 AND 569595
	Bitmap Heap Scan on sbtest7  (cost=27.63..4213.92 rows=1092 width=121)
	  Recheck Cond: ((id >= 568596) AND (id <= 569595))
	  ->  Bitmap Index Scan on sbtest7_pkey  (cost=0.00..27.36 rows=1092 width=0)
	        Index Cond: ((id >= 568596) AND (id <= 569595))

table 8 : explain SELECT c FROM sbtest8 WHERE id BETWEEN 8278235 AND 8279234
	Bitmap Heap Scan on sbtest8  (cost=26.59..3833.60 rows=991 width=121)
	  Recheck Cond: ((id >= 8278235) AND (id <= 8279234))
	  ->  Bitmap Index Scan on sbtest8_pkey  (cost=0.00..26.34 rows=991 width=0)
	        Index Cond: ((id >= 8278235) AND (id <= 8279234))

for: sum_ranges
table 1 : explain SELECT SUM(k) FROM sbtest1 WHERE id BETWEEN 867987 AND 868986
	Aggregate  (cost=3488.90..3488.91 rows=1 width=8)
	  ->  Bitmap Heap Scan on sbtest1  (cost=21.67..3486.65 rows=901 width=4)
	        Recheck Cond: ((id >= 867987) AND (id <= 868986))
	        ->  Bitmap Index Scan on sbtest1_pkey  (cost=0.00..21.44 rows=901 width=0)
	              Index Cond: ((id >= 867987) AND (id <= 868986))

table 2 : explain SELECT SUM(k) FROM sbtest2 WHERE id BETWEEN 7967513 AND 7968512
	Aggregate  (cost=3822.18..3822.19 rows=1 width=8)
	  ->  Bitmap Heap Scan on sbtest2  (cost=22.57..3819.71 rows=989 width=4)
	        Recheck Cond: ((id >= 7967513) AND (id <= 7968512))
	        ->  Bitmap Index Scan on sbtest2_pkey  (cost=0.00..22.32 rows=989 width=0)
	              Index Cond: ((id >= 7967513) AND (id <= 7968512))

table 3 : explain SELECT SUM(k) FROM sbtest3 WHERE id BETWEEN 6870337 AND 6871336
	Aggregate  (cost=3546.72..3546.73 rows=1 width=8)
	  ->  Bitmap Heap Scan on sbtest3  (cost=21.82..3544.43 rows=916 width=4)
	        Recheck Cond: ((id >= 6870337) AND (id <= 6871336))
	        ->  Bitmap Index Scan on sbtest3_pkey  (cost=0.00..21.59 rows=916 width=0)
	              Index Cond: ((id >= 6870337) AND (id <= 6871336))

table 4 : explain SELECT SUM(k) FROM sbtest4 WHERE id BETWEEN 9797358 AND 9798357
	Aggregate  (cost=3917.62..3917.63 rows=1 width=8)
	  ->  Bitmap Heap Scan on sbtest4  (cost=22.83..3915.08 rows=1014 width=4)
	        Recheck Cond: ((id >= 9797358) AND (id <= 9798357))
	        ->  Bitmap Index Scan on sbtest4_pkey  (cost=0.00..22.57 rows=1014 width=0)
	              Index Cond: ((id >= 9797358) AND (id <= 9798357))

table 5 : explain SELECT SUM(k) FROM sbtest5 WHERE id BETWEEN 1496026 AND 1497025
	Aggregate  (cost=3657.36..3657.37 rows=1 width=8)
	  ->  Bitmap Heap Scan on sbtest5  (cost=22.12..3655.00 rows=945 width=4)
	        Recheck Cond: ((id >= 1496026) AND (id <= 1497025))
	        ->  Bitmap Index Scan on sbtest5_pkey  (cost=0.00..21.89 rows=945 width=0)
	              Index Cond: ((id >= 1496026) AND (id <= 1497025))

table 6 : explain SELECT SUM(k) FROM sbtest6 WHERE id BETWEEN 5444937 AND 5445936
	Aggregate  (cost=3717.81..3717.82 rows=1 width=8)
	  ->  Bitmap Heap Scan on sbtest6  (cost=22.29..3715.40 rows=961 width=4)
	        Recheck Cond: ((id >= 5444937) AND (id <= 5445936))
	        ->  Bitmap Index Scan on sbtest6_pkey  (cost=0.00..22.04 rows=961 width=0)
	              Index Cond: ((id >= 5444937) AND (id <= 5445936))

table 7 : explain SELECT SUM(k) FROM sbtest7 WHERE id BETWEEN 2872414 AND 2873413
	Aggregate  (cost=3926.46..3926.47 rows=1 width=8)
	  ->  Bitmap Heap Scan on sbtest7  (cost=22.85..3923.92 rows=1016 width=4)
	        Recheck Cond: ((id >= 2872414) AND (id <= 2873413))
	        ->  Bitmap Index Scan on sbtest7_pkey  (cost=0.00..22.59 rows=1016 width=0)
	              Index Cond: ((id >= 2872414) AND (id <= 2873413))

table 8 : explain SELECT SUM(k) FROM sbtest8 WHERE id BETWEEN 9417559 AND 9418558
	Aggregate  (cost=4039.66..4039.67 rows=1 width=8)
	  ->  Bitmap Heap Scan on sbtest8  (cost=27.15..4037.05 rows=1045 width=4)
	        Recheck Cond: ((id >= 9417559) AND (id <= 9418558))
	        ->  Bitmap Index Scan on sbtest8_pkey  (cost=0.00..26.89 rows=1045 width=0)
	              Index Cond: ((id >= 9417559) AND (id <= 9418558))

for: order_ranges
table 1 : explain SELECT c FROM sbtest1 WHERE id BETWEEN 6052021 AND 6053020 ORDER BY c
	Sort  (cost=3890.70..3893.19 rows=995 width=121)
	  Sort Key: c
	  ->  Bitmap Heap Scan on sbtest1  (cost=22.63..3841.16 rows=995 width=121)
	        Recheck Cond: ((id >= 6052021) AND (id <= 6053020))
	        ->  Bitmap Index Scan on sbtest1_pkey  (cost=0.00..22.39 rows=995 width=0)
	              Index Cond: ((id >= 6052021) AND (id <= 6053020))

table 2 : explain SELECT c FROM sbtest2 WHERE id BETWEEN 5837120 AND 5838119 ORDER BY c
	Sort  (cost=4010.34..4012.90 rows=1026 width=121)
	  Sort Key: c
	  ->  Bitmap Heap Scan on sbtest2  (cost=22.95..3959.02 rows=1026 width=121)
	        Recheck Cond: ((id >= 5837120) AND (id <= 5838119))
	        ->  Bitmap Index Scan on sbtest2_pkey  (cost=0.00..22.69 rows=1026 width=0)
	              Index Cond: ((id >= 5837120) AND (id <= 5838119))

table 3 : explain SELECT c FROM sbtest3 WHERE id BETWEEN 1813878 AND 1814877 ORDER BY c
	Sort  (cost=4300.73..4303.48 rows=1102 width=121)
	  Sort Key: c
	  ->  Bitmap Heap Scan on sbtest3  (cost=27.73..4245.04 rows=1102 width=121)
	        Recheck Cond: ((id >= 1813878) AND (id <= 1814877))
	        ->  Bitmap Index Scan on sbtest3_pkey  (cost=0.00..27.45 rows=1102 width=0)
	              Index Cond: ((id >= 1813878) AND (id <= 1814877))

table 4 : explain SELECT c FROM sbtest4 WHERE id BETWEEN 2347442 AND 2348441 ORDER BY c
	Sort  (cost=3896.87..3899.36 rows=996 width=121)
	  Sort Key: c
	  ->  Bitmap Heap Scan on sbtest4  (cost=22.64..3847.27 rows=996 width=121)
	        Recheck Cond: ((id >= 2347442) AND (id <= 2348441))
	        ->  Bitmap Index Scan on sbtest4_pkey  (cost=0.00..22.39 rows=996 width=0)
	              Index Cond: ((id >= 2347442) AND (id <= 2348441))

table 5 : explain SELECT c FROM sbtest5 WHERE id BETWEEN 9706563 AND 9707562 ORDER BY c
	Sort  (cost=4004.04..4006.60 rows=1024 width=121)
	  Sort Key: c
	  ->  Bitmap Heap Scan on sbtest5  (cost=22.93..3952.84 rows=1024 width=121)
	        Recheck Cond: ((id >= 9706563) AND (id <= 9707562))
	        ->  Bitmap Index Scan on sbtest5_pkey  (cost=0.00..22.68 rows=1024 width=0)
	              Index Cond: ((id >= 9706563) AND (id <= 9707562))

table 6 : explain SELECT c FROM sbtest6 WHERE id BETWEEN 3805213 AND 3806212 ORDER BY c
	Sort  (cost=4049.92..4052.51 rows=1036 width=121)
	  Sort Key: c
	  ->  Bitmap Heap Scan on sbtest6  (cost=23.05..3998.03 rows=1036 width=121)
	        Recheck Cond: ((id >= 3805213) AND (id <= 3806212))
	        ->  Bitmap Index Scan on sbtest6_pkey  (cost=0.00..22.79 rows=1036 width=0)
	              Index Cond: ((id >= 3805213) AND (id <= 3806212))

table 7 : explain SELECT c FROM sbtest7 WHERE id BETWEEN 845065 AND 846064 ORDER BY c
	Sort  (cost=3967.01..3969.55 rows=1014 width=121)
	  Sort Key: c
	  ->  Bitmap Heap Scan on sbtest7  (cost=22.83..3916.38 rows=1014 width=121)
	        Recheck Cond: ((id >= 845065) AND (id <= 846064))
	        ->  Bitmap Index Scan on sbtest7_pkey  (cost=0.00..22.57 rows=1014 width=0)
	              Index Cond: ((id >= 845065) AND (id <= 846064))

table 8 : explain SELECT c FROM sbtest8 WHERE id BETWEEN 3346273 AND 3347272 ORDER BY c
	Sort  (cost=3832.97..3835.42 rows=979 width=121)
	  Sort Key: c
	  ->  Bitmap Heap Scan on sbtest8  (cost=22.47..3784.34 rows=979 width=121)
	        Recheck Cond: ((id >= 3346273) AND (id <= 3347272))
	        ->  Bitmap Index Scan on sbtest8_pkey  (cost=0.00..22.22 rows=979 width=0)
	              Index Cond: ((id >= 3346273) AND (id <= 3347272))

for: order_ranges
table 1 : explain SELECT c FROM sbtest1 WHERE id BETWEEN 3312918 AND 3313917 ORDER BY c
	Sort  (cost=3990.03..3992.59 rows=1021 width=121)
	  Sort Key: c
	  ->  Bitmap Heap Scan on sbtest1  (cost=22.90..3939.01 rows=1021 width=121)
	        Recheck Cond: ((id >= 3312918) AND (id <= 3313917))
	        ->  Bitmap Index Scan on sbtest1_pkey  (cost=0.00..22.64 rows=1021 width=0)
	              Index Cond: ((id >= 3312918) AND (id <= 3313917))

table 2 : explain SELECT c FROM sbtest2 WHERE id BETWEEN 2121257 AND 2122256 ORDER BY c
	Sort  (cost=3589.39..3591.68 rows=916 width=121)
	  Sort Key: c
	  ->  Bitmap Heap Scan on sbtest2  (cost=21.82..3544.32 rows=916 width=121)
	        Recheck Cond: ((id >= 2121257) AND (id <= 2122256))
	        ->  Bitmap Index Scan on sbtest2_pkey  (cost=0.00..21.59 rows=916 width=0)
	              Index Cond: ((id >= 2121257) AND (id <= 2122256))

table 3 : explain SELECT c FROM sbtest3 WHERE id BETWEEN 7645826 AND 7646825 ORDER BY c
	Sort  (cost=3930.21..3932.72 rows=1005 width=121)
	  Sort Key: c
	  ->  Bitmap Heap Scan on sbtest3  (cost=22.74..3880.10 rows=1005 width=121)
	        Recheck Cond: ((id >= 7645826) AND (id <= 7646825))
	        ->  Bitmap Index Scan on sbtest3_pkey  (cost=0.00..22.48 rows=1005 width=0)
	              Index Cond: ((id >= 7645826) AND (id <= 7646825))

table 4 : explain SELECT c FROM sbtest4 WHERE id BETWEEN 3339269 AND 3340268 ORDER BY c
	Sort  (cost=3827.99..3830.44 rows=978 width=121)
	  Sort Key: c
	  ->  Bitmap Heap Scan on sbtest4  (cost=22.46..3779.42 rows=978 width=121)
	        Recheck Cond: ((id >= 3339269) AND (id <= 3340268))
	        ->  Bitmap Index Scan on sbtest4_pkey  (cost=0.00..22.21 rows=978 width=0)
	              Index Cond: ((id >= 3339269) AND (id <= 3340268))

table 5 : explain SELECT c FROM sbtest5 WHERE id BETWEEN 8373852 AND 8374851 ORDER BY c
	Sort  (cost=3942.87..3945.39 rows=1008 width=121)
	  Sort Key: c
	  ->  Bitmap Heap Scan on sbtest5  (cost=22.77..3892.58 rows=1008 width=121)
	        Recheck Cond: ((id >= 8373852) AND (id <= 8374851))
	        ->  Bitmap Index Scan on sbtest5_pkey  (cost=0.00..22.51 rows=1008 width=0)
	              Index Cond: ((id >= 8373852) AND (id <= 8374851))

table 6 : explain SELECT c FROM sbtest6 WHERE id BETWEEN 2450830 AND 2451829 ORDER BY c
	Sort  (cost=4042.28..4044.86 rows=1034 width=121)
	  Sort Key: c
	  ->  Bitmap Heap Scan on sbtest6  (cost=23.03..3990.50 rows=1034 width=121)
	        Recheck Cond: ((id >= 2450830) AND (id <= 2451829))
	        ->  Bitmap Index Scan on sbtest6_pkey  (cost=0.00..22.77 rows=1034 width=0)
	              Index Cond: ((id >= 2450830) AND (id <= 2451829))

table 7 : explain SELECT c FROM sbtest7 WHERE id BETWEEN 2621503 AND 2622502 ORDER BY c
	Sort  (cost=4119.93..4122.56 rows=1054 width=121)
	  Sort Key: c
	  ->  Bitmap Heap Scan on sbtest7  (cost=23.24..4067.01 rows=1054 width=121)
	        Recheck Cond: ((id >= 2621503) AND (id <= 2622502))
	        ->  Bitmap Index Scan on sbtest7_pkey  (cost=0.00..22.97 rows=1054 width=0)
	              Index Cond: ((id >= 2621503) AND (id <= 2622502))

table 8 : explain SELECT c FROM sbtest8 WHERE id BETWEEN 6337939 AND 6338938 ORDER BY c
	Sort  (cost=4142.94..4145.58 rows=1059 width=121)
	  Sort Key: c
	  ->  Bitmap Heap Scan on sbtest8  (cost=27.29..4089.73 rows=1059 width=121)
	        Recheck Cond: ((id >= 6337939) AND (id <= 6338938))
	        ->  Bitmap Index Scan on sbtest8_pkey  (cost=0.00..27.02 rows=1059 width=0)
	              Index Cond: ((id >= 6337939) AND (id <= 6338938))

for: sum_ranges
table 1 : explain SELECT SUM(k) FROM sbtest1 WHERE id BETWEEN 781245 AND 782244
	Aggregate  (cost=3824.81..3824.82 rows=1 width=8)
	  ->  Bitmap Heap Scan on sbtest1  (cost=22.58..3822.33 rows=990 width=4)
	        Recheck Cond: ((id >= 781245) AND (id <= 782244))
	        ->  Bitmap Index Scan on sbtest1_pkey  (cost=0.00..22.33 rows=990 width=0)
	              Index Cond: ((id >= 781245) AND (id <= 782244))

table 2 : explain SELECT SUM(k) FROM sbtest2 WHERE id BETWEEN 5008405 AND 5009404
	Aggregate  (cost=3795.79..3795.80 rows=1 width=8)
	  ->  Bitmap Heap Scan on sbtest2  (cost=22.50..3793.34 rows=982 width=4)
	        Recheck Cond: ((id >= 5008405) AND (id <= 5009404))
	        ->  Bitmap Index Scan on sbtest2_pkey  (cost=0.00..22.25 rows=982 width=0)
	              Index Cond: ((id >= 5008405) AND (id <= 5009404))

table 3 : explain SELECT SUM(k) FROM sbtest3 WHERE id BETWEEN 4247450 AND 4248449
	Aggregate  (cost=4210.20..4210.21 rows=1 width=8)
	  ->  Bitmap Heap Scan on sbtest3  (cost=27.62..4207.48 rows=1091 width=4)
	        Recheck Cond: ((id >= 4247450) AND (id <= 4248449))
	        ->  Bitmap Index Scan on sbtest3_pkey  (cost=0.00..27.34 rows=1091 width=0)
	              Index Cond: ((id >= 4247450) AND (id <= 4248449))

table 4 : explain SELECT SUM(k) FROM sbtest4 WHERE id BETWEEN 2038888 AND 2039887
	Aggregate  (cost=3815.82..3815.83 rows=1 width=8)
	  ->  Bitmap Heap Scan on sbtest4  (cost=22.55..3813.35 rows=987 width=4)
	        Recheck Cond: ((id >= 2038888) AND (id <= 2039887))
	        ->  Bitmap Index Scan on sbtest4_pkey  (cost=0.00..22.30 rows=987 width=0)
	              Index Cond: ((id >= 2038888) AND (id <= 2039887))

table 5 : explain SELECT SUM(k) FROM sbtest5 WHERE id BETWEEN 8090473 AND 8091472
	Aggregate  (cost=3962.94..3962.95 rows=1 width=8)
	  ->  Bitmap Heap Scan on sbtest5  (cost=22.95..3960.37 rows=1026 width=4)
	        Recheck Cond: ((id >= 8090473) AND (id <= 8091472))
	        ->  Bitmap Index Scan on sbtest5_pkey  (cost=0.00..22.69 rows=1026 width=0)
	              Index Cond: ((id >= 8090473) AND (id <= 8091472))

table 6 : explain SELECT SUM(k) FROM sbtest6 WHERE id BETWEEN 1489151 AND 1490150
	Aggregate  (cost=3680.04..3680.05 rows=1 width=8)
	  ->  Bitmap Heap Scan on sbtest6  (cost=22.18..3677.67 rows=951 width=4)
	        Recheck Cond: ((id >= 1489151) AND (id <= 1490150))
	        ->  Bitmap Index Scan on sbtest6_pkey  (cost=0.00..21.94 rows=951 width=0)
	              Index Cond: ((id >= 1489151) AND (id <= 1490150))

table 7 : explain SELECT SUM(k) FROM sbtest7 WHERE id BETWEEN 3291028 AND 3292027
	Aggregate  (cost=4096.00..4096.01 rows=1 width=8)
	  ->  Bitmap Heap Scan on sbtest7  (cost=23.31..4093.35 rows=1061 width=4)
	        Recheck Cond: ((id >= 3291028) AND (id <= 3292027))
	        ->  Bitmap Index Scan on sbtest7_pkey  (cost=0.00..23.04 rows=1061 width=0)
	              Index Cond: ((id >= 3291028) AND (id <= 3292027))

table 8 : explain SELECT SUM(k) FROM sbtest8 WHERE id BETWEEN 1787958 AND 1788957
	Aggregate  (cost=4148.84..4148.85 rows=1 width=8)
	  ->  Bitmap Heap Scan on sbtest8  (cost=27.44..4146.15 rows=1074 width=4)
	        Recheck Cond: ((id >= 1787958) AND (id <= 1788957))
	        ->  Bitmap Index Scan on sbtest8_pkey  (cost=0.00..27.18 rows=1074 width=0)
	              Index Cond: ((id >= 1787958) AND (id <= 1788957))

for: order_ranges
table 1 : explain SELECT c FROM sbtest1 WHERE id BETWEEN 5682343 AND 5683342 ORDER BY c
	Sort  (cost=3993.85..3996.41 rows=1022 width=121)
	  Sort Key: c
	  ->  Bitmap Heap Scan on sbtest1  (cost=22.91..3942.77 rows=1022 width=121)
	        Recheck Cond: ((id >= 5682343) AND (id <= 5683342))
	        ->  Bitmap Index Scan on sbtest1_pkey  (cost=0.00..22.65 rows=1022 width=0)
	              Index Cond: ((id >= 5682343) AND (id <= 5683342))

table 2 : explain SELECT c FROM sbtest2 WHERE id BETWEEN 2982505 AND 2983504 ORDER BY c
	Sort  (cost=4143.97..4146.62 rows=1061 width=121)
	  Sort Key: c
	  ->  Bitmap Heap Scan on sbtest2  (cost=23.31..4090.65 rows=1061 width=121)
	        Recheck Cond: ((id >= 2982505) AND (id <= 2983504))
	        ->  Bitmap Index Scan on sbtest2_pkey  (cost=0.00..23.04 rows=1061 width=0)
	              Index Cond: ((id >= 2982505) AND (id <= 2983504))

table 3 : explain SELECT c FROM sbtest3 WHERE id BETWEEN 872942 AND 873941 ORDER BY c
	Sort  (cost=4052.48..4055.07 rows=1037 width=121)
	  Sort Key: c
	  ->  Bitmap Heap Scan on sbtest3  (cost=23.06..4000.53 rows=1037 width=121)
	        Recheck Cond: ((id >= 872942) AND (id <= 873941))
	        ->  Bitmap Index Scan on sbtest3_pkey  (cost=0.00..22.80 rows=1037 width=0)
	              Index Cond: ((id >= 872942) AND (id <= 873941))

table 4 : explain SELECT c FROM sbtest4 WHERE id BETWEEN 1879390 AND 1880389 ORDER BY c
	Sort  (cost=3613.45..3615.75 rows=922 width=121)
	  Sort Key: c
	  ->  Bitmap Heap Scan on sbtest4  (cost=21.89..3568.04 rows=922 width=121)
	        Recheck Cond: ((id >= 1879390) AND (id <= 1880389))
	        ->  Bitmap Index Scan on sbtest4_pkey  (cost=0.00..21.65 rows=922 width=0)
	              Index Cond: ((id >= 1879390) AND (id <= 1880389))

table 5 : explain SELECT c FROM sbtest5 WHERE id BETWEEN 2355192 AND 2356191 ORDER BY c
	Sort  (cost=3843.40..3845.85 rows=982 width=121)
	  Sort Key: c
	  ->  Bitmap Heap Scan on sbtest5  (cost=22.50..3794.60 rows=982 width=121)
	        Recheck Cond: ((id >= 2355192) AND (id <= 2356191))
	        ->  Bitmap Index Scan on sbtest5_pkey  (cost=0.00..22.25 rows=982 width=0)
	              Index Cond: ((id >= 2355192) AND (id <= 2356191))

table 6 : explain SELECT c FROM sbtest6 WHERE id BETWEEN 2212737 AND 2213736 ORDER BY c
	Sort  (cost=3717.05..3719.42 rows=949 width=121)
	  Sort Key: c
	  ->  Bitmap Heap Scan on sbtest6  (cost=22.16..3670.12 rows=949 width=121)
	        Recheck Cond: ((id >= 2212737) AND (id <= 2213736))
	        ->  Bitmap Index Scan on sbtest6_pkey  (cost=0.00..21.93 rows=949 width=0)
	              Index Cond: ((id >= 2212737) AND (id <= 2213736))

table 7 : explain SELECT c FROM sbtest7 WHERE id BETWEEN 6899576 AND 6900575 ORDER BY c
	Sort  (cost=3879.00..3881.48 rows=991 width=121)
	  Sort Key: c
	  ->  Bitmap Heap Scan on sbtest7  (cost=22.59..3829.68 rows=991 width=121)
	        Recheck Cond: ((id >= 6899576) AND (id <= 6900575))
	        ->  Bitmap Index Scan on sbtest7_pkey  (cost=0.00..22.34 rows=991 width=0)
	              Index Cond: ((id >= 6899576) AND (id <= 6900575))

table 8 : explain SELECT c FROM sbtest8 WHERE id BETWEEN 5371869 AND 5372868 ORDER BY c
	Sort  (cost=3836.80..3839.25 rows=980 width=121)
	  Sort Key: c
	  ->  Bitmap Heap Scan on sbtest8  (cost=22.48..3788.11 rows=980 width=121)
	        Recheck Cond: ((id >= 5371869) AND (id <= 5372868))
	        ->  Bitmap Index Scan on sbtest8_pkey  (cost=0.00..22.23 rows=980 width=0)
	              Index Cond: ((id >= 5371869) AND (id <= 5372868))

for: order_ranges
table 1 : explain SELECT c FROM sbtest1 WHERE id BETWEEN 5291414 AND 5292413 ORDER BY c
	Sort  (cost=4054.94..4057.53 rows=1038 width=121)
	  Sort Key: c
	  ->  Bitmap Heap Scan on sbtest1  (cost=23.07..4002.94 rows=1038 width=121)
	        Recheck Cond: ((id >= 5291414) AND (id <= 5292413))
	        ->  Bitmap Index Scan on sbtest1_pkey  (cost=0.00..22.82 rows=1038 width=0)
	              Index Cond: ((id >= 5291414) AND (id <= 5292413))

table 2 : explain SELECT c FROM sbtest2 WHERE id BETWEEN 2781446 AND 2782445 ORDER BY c
	Sort  (cost=4312.02..4314.79 rows=1105 width=121)
	  Sort Key: c
	  ->  Bitmap Heap Scan on sbtest2  (cost=27.76..4256.17 rows=1105 width=121)
	        Recheck Cond: ((id >= 2781446) AND (id <= 2782445))
	        ->  Bitmap Index Scan on sbtest2_pkey  (cost=0.00..27.48 rows=1105 width=0)
	              Index Cond: ((id >= 2781446) AND (id <= 2782445))

table 3 : explain SELECT c FROM sbtest3 WHERE id BETWEEN 329606 AND 330605 ORDER BY c
	Sort  (cost=3558.82..3561.09 rows=908 width=121)
	  Sort Key: c
	  ->  Bitmap Heap Scan on sbtest3  (cost=21.74..3514.20 rows=908 width=121)
	        Recheck Cond: ((id >= 329606) AND (id <= 330605))
	        ->  Bitmap Index Scan on sbtest3_pkey  (cost=0.00..21.51 rows=908 width=0)
	              Index Cond: ((id >= 329606) AND (id <= 330605))

table 4 : explain SELECT c FROM sbtest4 WHERE id BETWEEN 2561782 AND 2562781 ORDER BY c
	Sort  (cost=3827.99..3830.44 rows=978 width=121)
	  Sort Key: c
	  ->  Bitmap Heap Scan on sbtest4  (cost=22.46..3779.42 rows=978 width=121)
	        Recheck Cond: ((id >= 2561782) AND (id <= 2562781))
	        ->  Bitmap Index Scan on sbtest4_pkey  (cost=0.00..22.21 rows=978 width=0)
	              Index Cond: ((id >= 2561782) AND (id <= 2562781))

table 5 : explain SELECT c FROM sbtest5 WHERE id BETWEEN 44866 AND 45865 ORDER BY c
	Sort  (cost=3843.40..3845.85 rows=982 width=121)
	  Sort Key: c
	  ->  Bitmap Heap Scan on sbtest5  (cost=22.50..3794.60 rows=982 width=121)
	        Recheck Cond: ((id >= 44866) AND (id <= 45865))
	        ->  Bitmap Index Scan on sbtest5_pkey  (cost=0.00..22.25 rows=982 width=0)
	              Index Cond: ((id >= 44866) AND (id <= 45865))

table 6 : explain SELECT c FROM sbtest6 WHERE id BETWEEN 3507106 AND 3508105 ORDER BY c
	Sort  (cost=3805.14..3807.57 rows=972 width=121)
	  Sort Key: c
	  ->  Bitmap Heap Scan on sbtest6  (cost=22.40..3756.90 rows=972 width=121)
	        Recheck Cond: ((id >= 3507106) AND (id <= 3508105))
	        ->  Bitmap Index Scan on sbtest6_pkey  (cost=0.00..22.15 rows=972 width=0)
	              Index Cond: ((id >= 3507106) AND (id <= 3508105))

table 7 : explain SELECT c FROM sbtest7 WHERE id BETWEEN 9092717 AND 9093716 ORDER BY c
	Sort  (cost=4345.32..4348.10 rows=1112 width=121)
	  Sort Key: c
	  ->  Bitmap Heap Scan on sbtest7  (cost=27.83..4289.06 rows=1112 width=121)
	        Recheck Cond: ((id >= 9092717) AND (id <= 9093716))
	        ->  Bitmap Index Scan on sbtest7_pkey  (cost=0.00..27.55 rows=1112 width=0)
	              Index Cond: ((id >= 9092717) AND (id <= 9093716))

table 8 : explain SELECT c FROM sbtest8 WHERE id BETWEEN 3061037 AND 3062036 ORDER BY c
	Sort  (cost=4127.66..4130.29 rows=1055 width=121)
	  Sort Key: c
	  ->  Bitmap Heap Scan on sbtest8  (cost=27.25..4074.68 rows=1055 width=121)
	        Recheck Cond: ((id >= 3061037) AND (id <= 3062036))
	        ->  Bitmap Index Scan on sbtest8_pkey  (cost=0.00..26.98 rows=1055 width=0)
	              Index Cond: ((id >= 3061037) AND (id <= 3062036))

for: order_ranges
table 1 : explain SELECT c FROM sbtest1 WHERE id BETWEEN 6338064 AND 6339063 ORDER BY c
	Sort  (cost=3913.63..3916.13 rows=1001 width=121)
	  Sort Key: c
	  ->  Bitmap Heap Scan on sbtest1  (cost=22.70..3863.75 rows=1001 width=121)
	        Recheck Cond: ((id >= 6338064) AND (id <= 6339063))
	        ->  Bitmap Index Scan on sbtest1_pkey  (cost=0.00..22.44 rows=1001 width=0)
	              Index Cond: ((id >= 6338064) AND (id <= 6339063))

table 2 : explain SELECT c FROM sbtest2 WHERE id BETWEEN 3522928 AND 3523927 ORDER BY c
	Sort  (cost=4155.41..4158.07 rows=1064 width=121)
	  Sort Key: c
	  ->  Bitmap Heap Scan on sbtest2  (cost=23.34..4101.92 rows=1064 width=121)
	        Recheck Cond: ((id >= 3522928) AND (id <= 3523927))
	        ->  Bitmap Index Scan on sbtest2_pkey  (cost=0.00..23.07 rows=1064 width=0)
	              Index Cond: ((id >= 3522928) AND (id <= 3523927))

table 3 : explain SELECT c FROM sbtest3 WHERE id BETWEEN 5727614 AND 5728613 ORDER BY c
	Sort  (cost=4319.78..4322.55 rows=1107 width=121)
	  Sort Key: c
	  ->  Bitmap Heap Scan on sbtest3  (cost=27.78..4263.81 rows=1107 width=121)
	        Recheck Cond: ((id >= 5727614) AND (id <= 5728613))
	        ->  Bitmap Index Scan on sbtest3_pkey  (cost=0.00..27.50 rows=1107 width=0)
	              Index Cond: ((id >= 5727614) AND (id <= 5728613))

table 4 : explain SELECT c FROM sbtest4 WHERE id BETWEEN 1351041 AND 1352040 ORDER BY c
	Sort  (cost=4030.69..4033.27 rows=1031 width=121)
	  Sort Key: c
	  ->  Bitmap Heap Scan on sbtest4  (cost=23.00..3979.09 rows=1031 width=121)
	        Recheck Cond: ((id >= 1351041) AND (id <= 1352040))
	        ->  Bitmap Index Scan on sbtest4_pkey  (cost=0.00..22.75 rows=1031 width=0)
	              Index Cond: ((id >= 1351041) AND (id <= 1352040))

table 5 : explain SELECT c FROM sbtest5 WHERE id BETWEEN 5435524 AND 5436523 ORDER BY c
	Sort  (cost=3582.85..3585.14 rows=914 width=121)
	  Sort Key: c
	  ->  Bitmap Heap Scan on sbtest5  (cost=21.80..3537.90 rows=914 width=121)
	        Recheck Cond: ((id >= 5435524) AND (id <= 5436523))
	        ->  Bitmap Index Scan on sbtest5_pkey  (cost=0.00..21.57 rows=914 width=0)
	              Index Cond: ((id >= 5435524) AND (id <= 5436523))

table 6 : explain SELECT c FROM sbtest6 WHERE id BETWEEN 3555394 AND 3556393 ORDER BY c
	Sort  (cost=4324.90..4327.67 rows=1107 width=121)
	  Sort Key: c
	  ->  Bitmap Heap Scan on sbtest6  (cost=27.78..4268.93 rows=1107 width=121)
	        Recheck Cond: ((id >= 3555394) AND (id <= 3556393))
	        ->  Bitmap Index Scan on sbtest6_pkey  (cost=0.00..27.50 rows=1107 width=0)
	              Index Cond: ((id >= 3555394) AND (id <= 3556393))

table 7 : explain SELECT c FROM sbtest7 WHERE id BETWEEN 7980158 AND 7981157 ORDER BY c
	Sort  (cost=3748.78..3751.17 rows=957 width=121)
	  Sort Key: c
	  ->  Bitmap Heap Scan on sbtest7  (cost=22.24..3701.39 rows=957 width=121)
	        Recheck Cond: ((id >= 7980158) AND (id <= 7981157))
	        ->  Bitmap Index Scan on sbtest7_pkey  (cost=0.00..22.00 rows=957 width=0)
	              Index Cond: ((id >= 7980158) AND (id <= 7981157))

table 8 : explain SELECT c FROM sbtest8 WHERE id BETWEEN 4473114 AND 4474113 ORDER BY c
	Sort  (cost=4120.02..4122.65 rows=1053 width=121)
	  Sort Key: c
	  ->  Bitmap Heap Scan on sbtest8  (cost=27.23..4067.15 rows=1053 width=121)
	        Recheck Cond: ((id >= 4473114) AND (id <= 4474113))
	        ->  Bitmap Index Scan on sbtest8_pkey  (cost=0.00..26.96 rows=1053 width=0)
	              Index Cond: ((id >= 4473114) AND (id <= 4474113))

for point_selects
table 1 : explain SELECT c FROM sbtest1 WHERE id=5703921
	Index Scan using sbtest1_pkey on sbtest1  (cost=0.43..8.45 rows=1 width=121)
	  Index Cond: (id = 5703921)

table 2 : explain SELECT c FROM sbtest2 WHERE id=7156668
	Index Scan using sbtest2_pkey on sbtest2  (cost=0.43..8.45 rows=1 width=121)
	  Index Cond: (id = 7156668)

table 3 : explain SELECT c FROM sbtest3 WHERE id=644944
	Index Scan using sbtest3_pkey on sbtest3  (cost=0.43..8.45 rows=1 width=121)
	  Index Cond: (id = 644944)

table 4 : explain SELECT c FROM sbtest4 WHERE id=9555868
	Index Scan using sbtest4_pkey on sbtest4  (cost=0.43..8.45 rows=1 width=121)
	  Index Cond: (id = 9555868)

table 5 : explain SELECT c FROM sbtest5 WHERE id=5470336
	Index Scan using sbtest5_pkey on sbtest5  (cost=0.43..8.45 rows=1 width=121)
	  Index Cond: (id = 5470336)

table 6 : explain SELECT c FROM sbtest6 WHERE id=3745368
	Index Scan using sbtest6_pkey on sbtest6  (cost=0.43..8.45 rows=1 width=121)
	  Index Cond: (id = 3745368)

table 7 : explain SELECT c FROM sbtest7 WHERE id=3597029
	Index Scan using sbtest7_pkey on sbtest7  (cost=0.43..8.45 rows=1 width=121)
	  Index Cond: (id = 3597029)

table 8 : explain SELECT c FROM sbtest8 WHERE id=8736878
	Index Scan using sbtest8_pkey on sbtest8  (cost=0.43..8.45 rows=1 width=121)
	  Index Cond: (id = 8736878)

for: sum_ranges
table 1 : explain SELECT SUM(k) FROM sbtest1 WHERE id BETWEEN 1364968 AND 1365967
	Aggregate  (cost=3681.52..3681.53 rows=1 width=8)
	  ->  Bitmap Heap Scan on sbtest1  (cost=22.19..3679.14 rows=952 width=4)
	        Recheck Cond: ((id >= 1364968) AND (id <= 1365967))
	        ->  Bitmap Index Scan on sbtest1_pkey  (cost=0.00..21.95 rows=952 width=0)
	              Index Cond: ((id >= 1364968) AND (id <= 1365967))

table 2 : explain SELECT SUM(k) FROM sbtest2 WHERE id BETWEEN 2325717 AND 2326716
	Aggregate  (cost=4100.82..4100.83 rows=1 width=8)
	  ->  Bitmap Heap Scan on sbtest2  (cost=23.33..4098.16 rows=1063 width=4)
	        Recheck Cond: ((id >= 2325717) AND (id <= 2326716))
	        ->  Bitmap Index Scan on sbtest2_pkey  (cost=0.00..23.07 rows=1063 width=0)
	              Index Cond: ((id >= 2325717) AND (id <= 2326716))

table 3 : explain SELECT SUM(k) FROM sbtest3 WHERE id BETWEEN 8865002 AND 8866001
	Aggregate  (cost=4371.68..4371.69 rows=1 width=8)
	  ->  Bitmap Heap Scan on sbtest3  (cost=28.07..4368.85 rows=1135 width=4)
	        Recheck Cond: ((id >= 8865002) AND (id <= 8866001))
	        ->  Bitmap Index Scan on sbtest3_pkey  (cost=0.00..27.79 rows=1135 width=0)
	              Index Cond: ((id >= 8865002) AND (id <= 8866001))

table 4 : explain SELECT SUM(k) FROM sbtest4 WHERE id BETWEEN 114987 AND 115986
	Aggregate  (cost=4008.03..4008.04 rows=1 width=8)
	  ->  Bitmap Heap Scan on sbtest4  (cost=23.07..4005.43 rows=1038 width=4)
	        Recheck Cond: ((id >= 114987) AND (id <= 115986))
	        ->  Bitmap Index Scan on sbtest4_pkey  (cost=0.00..22.82 rows=1038 width=0)
	              Index Cond: ((id >= 114987) AND (id <= 115986))

table 5 : explain SELECT SUM(k) FROM sbtest5 WHERE id BETWEEN 6985920 AND 6986919
	Aggregate  (cost=3812.14..3812.15 rows=1 width=8)
	  ->  Bitmap Heap Scan on sbtest5  (cost=22.54..3809.68 rows=986 width=4)
	        Recheck Cond: ((id >= 6985920) AND (id <= 6986919))
	        ->  Bitmap Index Scan on sbtest5_pkey  (cost=0.00..22.29 rows=986 width=0)
	              Index Cond: ((id >= 6985920) AND (id <= 6986919))

table 6 : explain SELECT SUM(k) FROM sbtest6 WHERE id BETWEEN 1166971 AND 1167970
	Aggregate  (cost=3642.27..3642.28 rows=1 width=8)
	  ->  Bitmap Heap Scan on sbtest6  (cost=22.08..3639.91 rows=941 width=4)
	        Recheck Cond: ((id >= 1166971) AND (id <= 1167970))
	        ->  Bitmap Index Scan on sbtest6_pkey  (cost=0.00..21.84 rows=941 width=0)
	              Index Cond: ((id >= 1166971) AND (id <= 1167970))

table 7 : explain SELECT SUM(k) FROM sbtest7 WHERE id BETWEEN 1308805 AND 1309804
	Aggregate  (cost=3767.99..3768.00 rows=1 width=8)
	  ->  Bitmap Heap Scan on sbtest7  (cost=22.42..3765.56 rows=974 width=4)
	        Recheck Cond: ((id >= 1308805) AND (id <= 1309804))
	        ->  Bitmap Index Scan on sbtest7_pkey  (cost=0.00..22.18 rows=974 width=0)
	              Index Cond: ((id >= 1308805) AND (id <= 1309804))

table 8 : explain SELECT SUM(k) FROM sbtest8 WHERE id BETWEEN 5706168 AND 5707167
	Aggregate  (cost=4205.27..4205.28 rows=1 width=8)
	  ->  Bitmap Heap Scan on sbtest8  (cost=27.60..4202.54 rows=1089 width=4)
	        Recheck Cond: ((id >= 5706168) AND (id <= 5707167))
	        ->  Bitmap Index Scan on sbtest8_pkey  (cost=0.00..27.32 rows=1089 width=0)
	              Index Cond: ((id >= 5706168) AND (id <= 5707167))

for: distinct_ranges
table 1 : explain SELECT DISTINCT c FROM sbtest1 WHERE id BETWEEN 3972302 AND 3973301 ORDER BY c
	Unique  (cost=4260.95..4266.42 rows=1093 width=121)
	  ->  Sort  (cost=4260.95..4263.69 rows=1093 width=121)
	        Sort Key: c
	        ->  Bitmap Heap Scan on sbtest1  (cost=23.64..4205.79 rows=1093 width=121)
	              Recheck Cond: ((id >= 3972302) AND (id <= 3973301))
	              ->  Bitmap Index Scan on sbtest1_pkey  (cost=0.00..23.36 rows=1093 width=0)
	                    Index Cond: ((id >= 3972302) AND (id <= 3973301))

table 2 : explain SELECT DISTINCT c FROM sbtest2 WHERE id BETWEEN 4111817 AND 4112816 ORDER BY c
	Unique  (cost=3964.49..3969.56 rows=1014 width=121)
	  ->  Sort  (cost=3964.49..3967.02 rows=1014 width=121)
	        Sort Key: c
	        ->  Bitmap Heap Scan on sbtest2  (cost=22.83..3913.86 rows=1014 width=121)
	              Recheck Cond: ((id >= 4111817) AND (id <= 4112816))
	              ->  Bitmap Index Scan on sbtest2_pkey  (cost=0.00..22.57 rows=1014 width=0)
	                    Index Cond: ((id >= 4111817) AND (id <= 4112816))

table 3 : explain SELECT DISTINCT c FROM sbtest3 WHERE id BETWEEN 2807027 AND 2808026 ORDER BY c
	Unique  (cost=3811.65..3816.52 rows=974 width=121)
	  ->  Sort  (cost=3811.65..3814.08 rows=974 width=121)
	        Sort Key: c
	        ->  Bitmap Heap Scan on sbtest3  (cost=22.42..3763.30 rows=974 width=121)
	              Recheck Cond: ((id >= 2807027) AND (id <= 2808026))
	              ->  Bitmap Index Scan on sbtest3_pkey  (cost=0.00..22.18 rows=974 width=0)
	                    Index Cond: ((id >= 2807027) AND (id <= 2808026))

table 4 : explain SELECT DISTINCT c FROM sbtest4 WHERE id BETWEEN 169718 AND 170717 ORDER BY c
	Unique  (cost=4057.44..4062.63 rows=1038 width=121)
	  ->  Sort  (cost=4057.44..4060.03 rows=1038 width=121)
	        Sort Key: c
	        ->  Bitmap Heap Scan on sbtest4  (cost=23.07..4005.43 rows=1038 width=121)
	              Recheck Cond: ((id >= 169718) AND (id <= 170717))
	              ->  Bitmap Index Scan on sbtest4_pkey  (cost=0.00..22.82 rows=1038 width=0)
	                    Index Cond: ((id >= 169718) AND (id <= 170717))

table 5 : explain SELECT DISTINCT c FROM sbtest5 WHERE id BETWEEN 9318706 AND 9319705 ORDER BY c
	Unique  (cost=4118.66..4123.93 rows=1054 width=121)
	  ->  Sort  (cost=4118.66..4121.29 rows=1054 width=121)
	        Sort Key: c
	        ->  Bitmap Heap Scan on sbtest5  (cost=23.24..4065.74 rows=1054 width=121)
	              Recheck Cond: ((id >= 9318706) AND (id <= 9319705))
	              ->  Bitmap Index Scan on sbtest5_pkey  (cost=0.00..22.97 rows=1054 width=0)
	                    Index Cond: ((id >= 9318706) AND (id <= 9319705))

table 6 : explain SELECT DISTINCT c FROM sbtest6 WHERE id BETWEEN 4399958 AND 4400957 ORDER BY c
	Unique  (cost=3931.41..3936.44 rows=1005 width=121)
	  ->  Sort  (cost=3931.41..3933.93 rows=1005 width=121)
	        Sort Key: c
	        ->  Bitmap Heap Scan on sbtest6  (cost=22.74..3881.30 rows=1005 width=121)
	              Recheck Cond: ((id >= 4399958) AND (id <= 4400957))
	              ->  Bitmap Index Scan on sbtest6_pkey  (cost=0.00..22.48 rows=1005 width=0)
	                    Index Cond: ((id >= 4399958) AND (id <= 4400957))

table 7 : explain SELECT DISTINCT c FROM sbtest7 WHERE id BETWEEN 6740606 AND 6741605 ORDER BY c
	Unique  (cost=4581.64..4587.51 rows=1175 width=121)
	  ->  Sort  (cost=4581.64..4584.58 rows=1175 width=121)
	        Sort Key: c
	        ->  Bitmap Heap Scan on sbtest7  (cost=28.48..4521.72 rows=1175 width=121)
	              Recheck Cond: ((id >= 6740606) AND (id <= 6741605))
	              ->  Bitmap Index Scan on sbtest7_pkey  (cost=0.00..28.18 rows=1175 width=0)
	                    Index Cond: ((id >= 6740606) AND (id <= 6741605))

table 8 : explain SELECT DISTINCT c FROM sbtest8 WHERE id BETWEEN 8108151 AND 8109150 ORDER BY c
	Unique  (cost=4116.20..4121.46 rows=1052 width=121)
	  ->  Sort  (cost=4116.20..4118.83 rows=1052 width=121)
	        Sort Key: c
	        ->  Bitmap Heap Scan on sbtest8  (cost=27.22..4063.39 rows=1052 width=121)
	              Recheck Cond: ((id >= 8108151) AND (id <= 8109150))
	              ->  Bitmap Index Scan on sbtest8_pkey  (cost=0.00..26.95 rows=1052 width=0)
	                    Index Cond: ((id >= 8108151) AND (id <= 8109150))

for: order_ranges
table 1 : explain SELECT c FROM sbtest1 WHERE id BETWEEN 4130468 AND 4131467 ORDER BY c
	Sort  (cost=3955.66..3958.19 rows=1012 width=121)
	  Sort Key: c
	  ->  Bitmap Heap Scan on sbtest1  (cost=22.81..3905.14 rows=1012 width=121)
	        Recheck Cond: ((id >= 4130468) AND (id <= 4131467))
	        ->  Bitmap Index Scan on sbtest1_pkey  (cost=0.00..22.55 rows=1012 width=0)
	              Index Cond: ((id >= 4130468) AND (id <= 4131467))

table 2 : explain SELECT c FROM sbtest2 WHERE id BETWEEN 9855117 AND 9856116 ORDER BY c
	Sort  (cost=3666.04..3668.38 rows=936 width=121)
	  Sort Key: c
	  ->  Bitmap Heap Scan on sbtest2  (cost=22.03..3619.84 rows=936 width=121)
	        Recheck Cond: ((id >= 9855117) AND (id <= 9856116))
	        ->  Bitmap Index Scan on sbtest2_pkey  (cost=0.00..21.79 rows=936 width=0)
	              Index Cond: ((id >= 9855117) AND (id <= 9856116))

table 3 : explain SELECT c FROM sbtest3 WHERE id BETWEEN 2302046 AND 2303045 ORDER BY c
	Sort  (cost=4132.65..4135.29 rows=1058 width=121)
	  Sort Key: c
	  ->  Bitmap Heap Scan on sbtest3  (cost=23.28..4079.50 rows=1058 width=121)
	        Recheck Cond: ((id >= 2302046) AND (id <= 2303045))
	        ->  Bitmap Index Scan on sbtest3_pkey  (cost=0.00..23.01 rows=1058 width=0)
	              Index Cond: ((id >= 2302046) AND (id <= 2303045))

table 4 : explain SELECT c FROM sbtest4 WHERE id BETWEEN 8205950 AND 8206949 ORDER BY c
	Sort  (cost=4183.63..4186.30 rows=1070 width=121)
	  Sort Key: c
	  ->  Bitmap Heap Scan on sbtest4  (cost=27.40..4129.79 rows=1070 width=121)
	        Recheck Cond: ((id >= 8205950) AND (id <= 8206949))
	        ->  Bitmap Index Scan on sbtest4_pkey  (cost=0.00..27.14 rows=1070 width=0)
	              Index Cond: ((id >= 8205950) AND (id <= 8206949))

table 5 : explain SELECT c FROM sbtest5 WHERE id BETWEEN 9913446 AND 9914445 ORDER BY c
	Sort  (cost=4049.90..4052.49 rows=1036 width=121)
	  Sort Key: c
	  ->  Bitmap Heap Scan on sbtest5  (cost=23.05..3998.01 rows=1036 width=121)
	        Recheck Cond: ((id >= 9913446) AND (id <= 9914445))
	        ->  Bitmap Index Scan on sbtest5_pkey  (cost=0.00..22.79 rows=1036 width=0)
	              Index Cond: ((id >= 9913446) AND (id <= 9914445))

table 6 : explain SELECT c FROM sbtest6 WHERE id BETWEEN 1799499 AND 1800498 ORDER BY c
	Sort  (cost=3896.99..3899.48 rows=996 width=121)
	  Sort Key: c
	  ->  Bitmap Heap Scan on sbtest6  (cost=22.64..3847.39 rows=996 width=121)
	        Recheck Cond: ((id >= 1799499) AND (id <= 1800498))
	        ->  Bitmap Index Scan on sbtest6_pkey  (cost=0.00..22.39 rows=996 width=0)
	              Index Cond: ((id >= 1799499) AND (id <= 1800498))

table 7 : explain SELECT c FROM sbtest7 WHERE id BETWEEN 6440045 AND 6441044 ORDER BY c
	Sort  (cost=3591.55..3593.84 rows=916 width=121)
	  Sort Key: c
	  ->  Bitmap Heap Scan on sbtest7  (cost=21.82..3546.49 rows=916 width=121)
	        Recheck Cond: ((id >= 6440045) AND (id <= 6441044))
	        ->  Bitmap Index Scan on sbtest7_pkey  (cost=0.00..21.59 rows=916 width=0)
	              Index Cond: ((id >= 6440045) AND (id <= 6441044))

table 8 : explain SELECT c FROM sbtest8 WHERE id BETWEEN 2104846 AND 2105845 ORDER BY c
	Sort  (cost=4028.29..4030.86 rows=1029 width=121)
	  Sort Key: c
	  ->  Bitmap Heap Scan on sbtest8  (cost=26.98..3976.80 rows=1029 width=121)
	        Recheck Cond: ((id >= 2104846) AND (id <= 2105845))
	        ->  Bitmap Index Scan on sbtest8_pkey  (cost=0.00..26.72 rows=1029 width=0)
	              Index Cond: ((id >= 2104846) AND (id <= 2105845))

for: distinct_ranges
table 1 : explain SELECT DISTINCT c FROM sbtest1 WHERE id BETWEEN 8162288 AND 8163287 ORDER BY c
	Unique  (cost=3573.04..3577.60 rows=912 width=121)
	  ->  Sort  (cost=3573.04..3575.32 rows=912 width=121)
	        Sort Key: c
	        ->  Bitmap Heap Scan on sbtest1  (cost=21.78..3528.20 rows=912 width=121)
	              Recheck Cond: ((id >= 8162288) AND (id <= 8163287))
	              ->  Bitmap Index Scan on sbtest1_pkey  (cost=0.00..21.55 rows=912 width=0)
	                    Index Cond: ((id >= 8162288) AND (id <= 8163287))

table 2 : explain SELECT DISTINCT c FROM sbtest2 WHERE id BETWEEN 4103458 AND 4104457 ORDER BY c
	Unique  (cost=3964.49..3969.56 rows=1014 width=121)
	  ->  Sort  (cost=3964.49..3967.02 rows=1014 width=121)
	        Sort Key: c
	        ->  Bitmap Heap Scan on sbtest2  (cost=22.83..3913.86 rows=1014 width=121)
	              Recheck Cond: ((id >= 4103458) AND (id <= 4104457))
	              ->  Bitmap Index Scan on sbtest2_pkey  (cost=0.00..22.57 rows=1014 width=0)
	                    Index Cond: ((id >= 4103458) AND (id <= 4104457))

table 3 : explain SELECT DISTINCT c FROM sbtest3 WHERE id BETWEEN 8237225 AND 8238224 ORDER BY c
	Unique  (cost=3865.21..3870.15 rows=988 width=121)
	  ->  Sort  (cost=3865.21..3867.68 rows=988 width=121)
	        Sort Key: c
	        ->  Bitmap Heap Scan on sbtest3  (cost=22.56..3816.06 rows=988 width=121)
	              Recheck Cond: ((id >= 8237225) AND (id <= 8238224))
	              ->  Bitmap Index Scan on sbtest3_pkey  (cost=0.00..22.32 rows=988 width=0)
	                    Index Cond: ((id >= 8237225) AND (id <= 8238224))

table 4 : explain SELECT DISTINCT c FROM sbtest4 WHERE id BETWEEN 9354174 AND 9355173 ORDER BY c
	Unique  (cost=3647.95..3652.61 rows=931 width=121)
	  ->  Sort  (cost=3647.95..3650.28 rows=931 width=121)
	        Sort Key: c
	        ->  Bitmap Heap Scan on sbtest4  (cost=21.98..3602.04 rows=931 width=121)
	              Recheck Cond: ((id >= 9354174) AND (id <= 9355173))
	              ->  Bitmap Index Scan on sbtest4_pkey  (cost=0.00..21.75 rows=931 width=0)
	                    Index Cond: ((id >= 9354174) AND (id <= 9355173))

table 5 : explain SELECT DISTINCT c FROM sbtest5 WHERE id BETWEEN 289586 AND 290585 ORDER BY c
	Unique  (cost=3525.30..3529.79 rows=899 width=121)
	  ->  Sort  (cost=3525.30..3527.55 rows=899 width=121)
	        Sort Key: c
	        ->  Bitmap Heap Scan on sbtest5  (cost=21.65..3481.19 rows=899 width=121)
	              Recheck Cond: ((id >= 289586) AND (id <= 290585))
	              ->  Bitmap Index Scan on sbtest5_pkey  (cost=0.00..21.43 rows=899 width=0)
	                    Index Cond: ((id >= 289586) AND (id <= 290585))

table 6 : explain SELECT DISTINCT c FROM sbtest6 WHERE id BETWEEN 9670914 AND 9671913 ORDER BY c
	Unique  (cost=3694.05..3698.77 rows=943 width=121)
	  ->  Sort  (cost=3694.05..3696.41 rows=943 width=121)
	        Sort Key: c
	        ->  Bitmap Heap Scan on sbtest6  (cost=22.10..3647.46 rows=943 width=121)
	              Recheck Cond: ((id >= 9670914) AND (id <= 9671913))
	              ->  Bitmap Index Scan on sbtest6_pkey  (cost=0.00..21.86 rows=943 width=0)
	                    Index Cond: ((id >= 9670914) AND (id <= 9671913))

table 7 : explain SELECT DISTINCT c FROM sbtest7 WHERE id BETWEEN 7829061 AND 7830060 ORDER BY c
	Unique  (cost=4058.78..4063.97 rows=1038 width=121)
	  ->  Sort  (cost=4058.78..4061.38 rows=1038 width=121)
	        Sort Key: c
	        ->  Bitmap Heap Scan on sbtest7  (cost=23.07..4006.78 rows=1038 width=121)
	              Recheck Cond: ((id >= 7829061) AND (id <= 7830060))
	              ->  Bitmap Index Scan on sbtest7_pkey  (cost=0.00..22.82 rows=1038 width=0)
	                    Index Cond: ((id >= 7829061) AND (id <= 7830060))

table 8 : explain SELECT DISTINCT c FROM sbtest8 WHERE id BETWEEN 384949 AND 385948 ORDER BY c
	Unique  (cost=3591.48..3596.06 rows=916 width=121)
	  ->  Sort  (cost=3591.48..3593.77 rows=916 width=121)
	        Sort Key: c
	        ->  Bitmap Heap Scan on sbtest8  (cost=21.82..3546.42 rows=916 width=121)
	              Recheck Cond: ((id >= 384949) AND (id <= 385948))
	              ->  Bitmap Index Scan on sbtest8_pkey  (cost=0.00..21.59 rows=916 width=0)
	                    Index Cond: ((id >= 384949) AND (id <= 385948))

for: distinct_ranges
table 1 : explain SELECT DISTINCT c FROM sbtest1 WHERE id BETWEEN 4513223 AND 4514222 ORDER BY c
	Unique  (cost=4058.75..4063.95 rows=1039 width=121)
	  ->  Sort  (cost=4058.75..4061.35 rows=1039 width=121)
	        Sort Key: c
	        ->  Bitmap Heap Scan on sbtest1  (cost=23.08..4006.70 rows=1039 width=121)
	              Recheck Cond: ((id >= 4513223) AND (id <= 4514222))
	              ->  Bitmap Index Scan on sbtest1_pkey  (cost=0.00..22.82 rows=1039 width=0)
	                    Index Cond: ((id >= 4513223) AND (id <= 4514222))

table 2 : explain SELECT DISTINCT c FROM sbtest2 WHERE id BETWEEN 3260083 AND 3261082 ORDER BY c
	Unique  (cost=3930.09..3935.12 rows=1005 width=121)
	  ->  Sort  (cost=3930.09..3932.60 rows=1005 width=121)
	        Sort Key: c
	        ->  Bitmap Heap Scan on sbtest2  (cost=22.74..3879.98 rows=1005 width=121)
	              Recheck Cond: ((id >= 3260083) AND (id <= 3261082))
	              ->  Bitmap Index Scan on sbtest2_pkey  (cost=0.00..22.48 rows=1005 width=0)
	                    Index Cond: ((id >= 3260083) AND (id <= 3261082))

table 3 : explain SELECT DISTINCT c FROM sbtest3 WHERE id BETWEEN 5517000 AND 5517999 ORDER BY c
	Unique  (cost=4048.66..4053.84 rows=1036 width=121)
	  ->  Sort  (cost=4048.66..4051.25 rows=1036 width=121)
	        Sort Key: c
	        ->  Bitmap Heap Scan on sbtest3  (cost=23.05..3996.77 rows=1036 width=121)
	              Recheck Cond: ((id >= 5517000) AND (id <= 5517999))
	              ->  Bitmap Index Scan on sbtest3_pkey  (cost=0.00..22.79 rows=1036 width=0)
	                    Index Cond: ((id >= 5517000) AND (id <= 5517999))

table 4 : explain SELECT DISTINCT c FROM sbtest4 WHERE id BETWEEN 3822667 AND 3823666 ORDER BY c
	Unique  (cost=4072.72..4077.93 rows=1042 width=121)
	  ->  Sort  (cost=4072.72..4075.32 rows=1042 width=121)
	        Sort Key: c
	        ->  Bitmap Heap Scan on sbtest4  (cost=23.12..4020.49 rows=1042 width=121)
	              Recheck Cond: ((id >= 3822667) AND (id <= 3823666))
	              ->  Bitmap Index Scan on sbtest4_pkey  (cost=0.00..22.86 rows=1042 width=0)
	                    Index Cond: ((id >= 3822667) AND (id <= 3823666))

table 5 : explain SELECT DISTINCT c FROM sbtest5 WHERE id BETWEEN 8560241 AND 8561240 ORDER BY c
	Unique  (cost=3720.86..3725.61 rows=950 width=121)
	  ->  Sort  (cost=3720.86..3723.24 rows=950 width=121)
	        Sort Key: c
	        ->  Bitmap Heap Scan on sbtest5  (cost=22.17..3673.87 rows=950 width=121)
	              Recheck Cond: ((id >= 8560241) AND (id <= 8561240))
	              ->  Bitmap Index Scan on sbtest5_pkey  (cost=0.00..21.93 rows=950 width=0)
	                    Index Cond: ((id >= 8560241) AND (id <= 8561240))

table 6 : explain SELECT DISTINCT c FROM sbtest6 WHERE id BETWEEN 6087176 AND 6088175 ORDER BY c
	Unique  (cost=3866.38..3871.32 rows=988 width=121)
	  ->  Sort  (cost=3866.38..3868.85 rows=988 width=121)
	        Sort Key: c
	        ->  Bitmap Heap Scan on sbtest6  (cost=22.56..3817.23 rows=988 width=121)
	              Recheck Cond: ((id >= 6087176) AND (id <= 6088175))
	              ->  Bitmap Index Scan on sbtest6_pkey  (cost=0.00..22.32 rows=988 width=0)
	                    Index Cond: ((id >= 6087176) AND (id <= 6088175))

table 7 : explain SELECT DISTINCT c FROM sbtest7 WHERE id BETWEEN 5949790 AND 5950789 ORDER BY c
	Unique  (cost=3507.10..3511.57 rows=894 width=121)
	  ->  Sort  (cost=3507.10..3509.34 rows=894 width=121)
	        Sort Key: c
	        ->  Bitmap Heap Scan on sbtest7  (cost=21.60..3463.28 rows=894 width=121)
	              Recheck Cond: ((id >= 5949790) AND (id <= 5950789))
	              ->  Bitmap Index Scan on sbtest7_pkey  (cost=0.00..21.37 rows=894 width=0)
	                    Index Cond: ((id >= 5949790) AND (id <= 5950789))

table 8 : explain SELECT DISTINCT c FROM sbtest8 WHERE id BETWEEN 9568470 AND 9569469 ORDER BY c
	Unique  (cost=4001.52..4006.63 rows=1022 width=121)
	  ->  Sort  (cost=4001.52..4004.08 rows=1022 width=121)
	        Sort Key: c
	        ->  Bitmap Heap Scan on sbtest8  (cost=26.91..3950.44 rows=1022 width=121)
	              Recheck Cond: ((id >= 9568470) AND (id <= 9569469))
	              ->  Bitmap Index Scan on sbtest8_pkey  (cost=0.00..26.65 rows=1022 width=0)
	                    Index Cond: ((id >= 9568470) AND (id <= 9569469))

for: simple_ranges
table 1 : explain SELECT c FROM sbtest1 WHERE id BETWEEN 4010988 AND 4011987
	Bitmap Heap Scan on sbtest1  (cost=23.64..4205.79 rows=1093 width=121)
	  Recheck Cond: ((id >= 4010988) AND (id <= 4011987))
	  ->  Bitmap Index Scan on sbtest1_pkey  (cost=0.00..23.36 rows=1093 width=0)
	        Index Cond: ((id >= 4010988) AND (id <= 4011987))

table 2 : explain SELECT c FROM sbtest2 WHERE id BETWEEN 8023542 AND 8024541
	Bitmap Heap Scan on sbtest2  (cost=22.68..3861.15 rows=1000 width=121)
	  Recheck Cond: ((id >= 8023542) AND (id <= 8024541))
	  ->  Bitmap Index Scan on sbtest2_pkey  (cost=0.00..22.43 rows=1000 width=0)
	        Index Cond: ((id >= 8023542) AND (id <= 8024541))

table 3 : explain SELECT c FROM sbtest3 WHERE id BETWEEN 8998597 AND 8999596
	Bitmap Heap Scan on sbtest3  (cost=21.84..3551.98 rows=918 width=121)
	  Recheck Cond: ((id >= 8998597) AND (id <= 8999596))
	  ->  Bitmap Index Scan on sbtest3_pkey  (cost=0.00..21.61 rows=918 width=0)
	        Index Cond: ((id >= 8998597) AND (id <= 8999596))

table 4 : explain SELECT c FROM sbtest4 WHERE id BETWEEN 6314695 AND 6315694
	Bitmap Heap Scan on sbtest4  (cost=22.04..3624.70 rows=937 width=121)
	  Recheck Cond: ((id >= 6314695) AND (id <= 6315694))
	  ->  Bitmap Index Scan on sbtest4_pkey  (cost=0.00..21.80 rows=937 width=0)
	        Index Cond: ((id >= 6314695) AND (id <= 6315694))

table 5 : explain SELECT c FROM sbtest5 WHERE id BETWEEN 9164504 AND 9165503
	Bitmap Heap Scan on sbtest5  (cost=22.29..3715.39 rows=961 width=121)
	  Recheck Cond: ((id >= 9164504) AND (id <= 9165503))
	  ->  Bitmap Index Scan on sbtest5_pkey  (cost=0.00..22.04 rows=961 width=0)
	        Index Cond: ((id >= 9164504) AND (id <= 9165503))

table 6 : explain SELECT c FROM sbtest6 WHERE id BETWEEN 6574642 AND 6575641
	Bitmap Heap Scan on sbtest6  (cost=22.23..3696.54 rows=956 width=121)
	  Recheck Cond: ((id >= 6574642) AND (id <= 6575641))
	  ->  Bitmap Index Scan on sbtest6_pkey  (cost=0.00..22.00 rows=956 width=0)
	        Index Cond: ((id >= 6574642) AND (id <= 6575641))

table 7 : explain SELECT c FROM sbtest7 WHERE id BETWEEN 9177607 AND 9178606
	Bitmap Heap Scan on sbtest7  (cost=22.16..3671.19 rows=949 width=121)
	  Recheck Cond: ((id >= 9177607) AND (id <= 9178606))
	  ->  Bitmap Index Scan on sbtest7_pkey  (cost=0.00..21.93 rows=949 width=0)
	        Index Cond: ((id >= 9177607) AND (id <= 9178606))

table 8 : explain SELECT c FROM sbtest8 WHERE id BETWEEN 7058286 AND 7059285
	Bitmap Heap Scan on sbtest8  (cost=26.96..3969.27 rows=1027 width=121)
	  Recheck Cond: ((id >= 7058286) AND (id <= 7059285))
	  ->  Bitmap Index Scan on sbtest8_pkey  (cost=0.00..26.70 rows=1027 width=0)
	        Index Cond: ((id >= 7058286) AND (id <= 7059285))

for: order_ranges
table 1 : explain SELECT c FROM sbtest1 WHERE id BETWEEN 2419641 AND 2420640 ORDER BY c
	Sort  (cost=3783.63..3786.05 rows=967 width=121)
	  Sort Key: c
	  ->  Bitmap Heap Scan on sbtest1  (cost=22.35..3735.68 rows=967 width=121)
	        Recheck Cond: ((id >= 2419641) AND (id <= 2420640))
	        ->  Bitmap Index Scan on sbtest1_pkey  (cost=0.00..22.11 rows=967 width=0)
	              Index Cond: ((id >= 2419641) AND (id <= 2420640))

table 2 : explain SELECT c FROM sbtest2 WHERE id BETWEEN 4388313 AND 4389312 ORDER BY c
	Sort  (cost=4327.27..4330.04 rows=1109 width=121)
	  Sort Key: c
	  ->  Bitmap Heap Scan on sbtest2  (cost=27.80..4271.18 rows=1109 width=121)
	        Recheck Cond: ((id >= 4388313) AND (id <= 4389312))
	        ->  Bitmap Index Scan on sbtest2_pkey  (cost=0.00..27.52 rows=1109 width=0)
	              Index Cond: ((id >= 4388313) AND (id <= 4389312))

table 3 : explain SELECT c FROM sbtest3 WHERE id BETWEEN 4425692 AND 4426691 ORDER BY c
	Sort  (cost=3926.39..3928.90 rows=1004 width=121)
	  Sort Key: c
	  ->  Bitmap Heap Scan on sbtest3  (cost=22.73..3876.33 rows=1004 width=121)
	        Recheck Cond: ((id >= 4425692) AND (id <= 4426691))
	        ->  Bitmap Index Scan on sbtest3_pkey  (cost=0.00..22.47 rows=1004 width=0)
	              Index Cond: ((id >= 4425692) AND (id <= 4426691))

table 4 : explain SELECT c FROM sbtest4 WHERE id BETWEEN 9850098 AND 9851097 ORDER BY c
	Sort  (cost=4149.27..4151.93 rows=1061 width=121)
	  Sort Key: c
	  ->  Bitmap Heap Scan on sbtest4  (cost=27.31..4095.95 rows=1061 width=121)
	        Recheck Cond: ((id >= 9850098) AND (id <= 9851097))
	        ->  Bitmap Index Scan on sbtest4_pkey  (cost=0.00..27.04 rows=1061 width=0)
	              Index Cond: ((id >= 9850098) AND (id <= 9851097))

table 5 : explain SELECT c FROM sbtest5 WHERE id BETWEEN 3253336 AND 3254335 ORDER BY c
	Sort  (cost=3866.36..3868.83 rows=988 width=121)
	  Sort Key: c
	  ->  Bitmap Heap Scan on sbtest5  (cost=22.56..3817.22 rows=988 width=121)
	        Recheck Cond: ((id >= 3253336) AND (id <= 3254335))
	        ->  Bitmap Index Scan on sbtest5_pkey  (cost=0.00..22.32 rows=988 width=0)
	              Index Cond: ((id >= 3253336) AND (id <= 3254335))

table 6 : explain SELECT c FROM sbtest6 WHERE id BETWEEN 449900 AND 450899 ORDER BY c
	Sort  (cost=4099.76..4102.38 rows=1048 width=121)
	  Sort Key: c
	  ->  Bitmap Heap Scan on sbtest6  (cost=27.18..4047.19 rows=1048 width=121)
	        Recheck Cond: ((id >= 449900) AND (id <= 450899))
	        ->  Bitmap Index Scan on sbtest6_pkey  (cost=0.00..26.91 rows=1048 width=0)
	              Index Cond: ((id >= 449900) AND (id <= 450899))

table 7 : explain SELECT c FROM sbtest7 WHERE id BETWEEN 8527773 AND 8528772 ORDER BY c
	Sort  (cost=3898.14..3900.63 rows=996 width=121)
	  Sort Key: c
	  ->  Bitmap Heap Scan on sbtest7  (cost=22.64..3848.54 rows=996 width=121)
	        Recheck Cond: ((id >= 8527773) AND (id <= 8528772))
	        ->  Bitmap Index Scan on sbtest7_pkey  (cost=0.00..22.39 rows=996 width=0)
	              Index Cond: ((id >= 8527773) AND (id <= 8528772))

table 8 : explain SELECT c FROM sbtest8 WHERE id BETWEEN 6593455 AND 6594454 ORDER BY c
	Sort  (cost=3863.60..3866.07 rows=987 width=121)
	  Sort Key: c
	  ->  Bitmap Heap Scan on sbtest8  (cost=22.55..3814.52 rows=987 width=121)
	        Recheck Cond: ((id >= 6593455) AND (id <= 6594454))
	        ->  Bitmap Index Scan on sbtest8_pkey  (cost=0.00..22.30 rows=987 width=0)
	              Index Cond: ((id >= 6593455) AND (id <= 6594454))

for: distinct_ranges
table 1 : explain SELECT DISTINCT c FROM sbtest1 WHERE id BETWEEN 6521643 AND 6522642 ORDER BY c
	Unique  (cost=3726.24..3731.00 rows=952 width=121)
	  ->  Sort  (cost=3726.24..3728.62 rows=952 width=121)
	        Sort Key: c
	        ->  Bitmap Heap Scan on sbtest1  (cost=22.19..3679.14 rows=952 width=121)
	              Recheck Cond: ((id >= 6521643) AND (id <= 6522642))
	              ->  Bitmap Index Scan on sbtest1_pkey  (cost=0.00..21.95 rows=952 width=0)
	                    Index Cond: ((id >= 6521643) AND (id <= 6522642))

table 2 : explain SELECT DISTINCT c FROM sbtest2 WHERE id BETWEEN 94912 AND 95911 ORDER BY c
	Unique  (cost=3574.05..3578.61 rows=912 width=121)
	  ->  Sort  (cost=3574.05..3576.33 rows=912 width=121)
	        Sort Key: c
	        ->  Bitmap Heap Scan on sbtest2  (cost=21.78..3529.21 rows=912 width=121)
	              Recheck Cond: ((id >= 94912) AND (id <= 95911))
	              ->  Bitmap Index Scan on sbtest2_pkey  (cost=0.00..21.55 rows=912 width=0)
	                    Index Cond: ((id >= 94912) AND (id <= 95911))

table 3 : explain SELECT DISTINCT c FROM sbtest3 WHERE id BETWEEN 7711772 AND 7712771 ORDER BY c
	Unique  (cost=3953.15..3958.20 rows=1011 width=121)
	  ->  Sort  (cost=3953.15..3955.67 rows=1011 width=121)
	        Sort Key: c
	        ->  Bitmap Heap Scan on sbtest3  (cost=22.80..3902.69 rows=1011 width=121)
	              Recheck Cond: ((id >= 7711772) AND (id <= 7712771))
	              ->  Bitmap Index Scan on sbtest3_pkey  (cost=0.00..22.54 rows=1011 width=0)
	                    Index Cond: ((id >= 7711772) AND (id <= 7712771))

table 4 : explain SELECT DISTINCT c FROM sbtest4 WHERE id BETWEEN 2836245 AND 2837244 ORDER BY c
	Unique  (cost=3881.57..3886.53 rows=992 width=121)
	  ->  Sort  (cost=3881.57..3884.05 rows=992 width=121)
	        Sort Key: c
	        ->  Bitmap Heap Scan on sbtest4  (cost=22.60..3832.19 rows=992 width=121)
	              Recheck Cond: ((id >= 2836245) AND (id <= 2837244))
	              ->  Bitmap Index Scan on sbtest4_pkey  (cost=0.00..22.36 rows=992 width=0)
	                    Index Cond: ((id >= 2836245) AND (id <= 2837244))

table 5 : explain SELECT DISTINCT c FROM sbtest5 WHERE id BETWEEN 9668745 AND 9669744 ORDER BY c
	Unique  (cost=4004.04..4009.16 rows=1024 width=121)
	  ->  Sort  (cost=4004.04..4006.60 rows=1024 width=121)
	        Sort Key: c
	        ->  Bitmap Heap Scan on sbtest5  (cost=22.93..3952.84 rows=1024 width=121)
	              Recheck Cond: ((id >= 9668745) AND (id <= 9669744))
	              ->  Bitmap Index Scan on sbtest5_pkey  (cost=0.00..22.68 rows=1024 width=0)
	                    Index Cond: ((id >= 9668745) AND (id <= 9669744))

table 6 : explain SELECT DISTINCT c FROM sbtest6 WHERE id BETWEEN 4529699 AND 4530698 ORDER BY c
	Unique  (cost=3946.71..3951.76 rows=1009 width=121)
	  ->  Sort  (cost=3946.71..3949.23 rows=1009 width=121)
	        Sort Key: c
	        ->  Bitmap Heap Scan on sbtest6  (cost=22.78..3896.37 rows=1009 width=121)
	              Recheck Cond: ((id >= 4529699) AND (id <= 4530698))
	              ->  Bitmap Index Scan on sbtest6_pkey  (cost=0.00..22.52 rows=1009 width=0)
	                    Index Cond: ((id >= 4529699) AND (id <= 4530698))

table 7 : explain SELECT DISTINCT c FROM sbtest7 WHERE id BETWEEN 9945020 AND 9946019 ORDER BY c
	Unique  (cost=3852.20..3857.12 rows=984 width=121)
	  ->  Sort  (cost=3852.20..3854.66 rows=984 width=121)
	        Sort Key: c
	        ->  Bitmap Heap Scan on sbtest7  (cost=22.52..3803.28 rows=984 width=121)
	              Recheck Cond: ((id >= 9945020) AND (id <= 9946019))
	              ->  Bitmap Index Scan on sbtest7_pkey  (cost=0.00..22.27 rows=984 width=0)
	                    Index Cond: ((id >= 9945020) AND (id <= 9946019))

table 8 : explain SELECT DISTINCT c FROM sbtest8 WHERE id BETWEEN 7256053 AND 7257052 ORDER BY c
	Unique  (cost=3993.88..3998.98 rows=1020 width=121)
	  ->  Sort  (cost=3993.88..3996.43 rows=1020 width=121)
	        Sort Key: c
	        ->  Bitmap Heap Scan on sbtest8  (cost=26.89..3942.90 rows=1020 width=121)
	              Recheck Cond: ((id >= 7256053) AND (id <= 7257052))
	              ->  Bitmap Index Scan on sbtest8_pkey  (cost=0.00..26.64 rows=1020 width=0)
	                    Index Cond: ((id >= 7256053) AND (id <= 7257052))

for: order_ranges
table 1 : explain SELECT c FROM sbtest1 WHERE id BETWEEN 2208564 AND 2209563 ORDER BY c
	Sort  (cost=4035.85..4038.43 rows=1033 width=121)
	  Sort Key: c
	  ->  Bitmap Heap Scan on sbtest1  (cost=23.02..3984.14 rows=1033 width=121)
	        Recheck Cond: ((id >= 2208564) AND (id <= 2209563))
	        ->  Bitmap Index Scan on sbtest1_pkey  (cost=0.00..22.76 rows=1033 width=0)
	              Index Cond: ((id >= 2208564) AND (id <= 2209563))

table 2 : explain SELECT c FROM sbtest2 WHERE id BETWEEN 4782406 AND 4783405 ORDER BY c
	Sort  (cost=3577.89..3580.17 rows=913 width=121)
	  Sort Key: c
	  ->  Bitmap Heap Scan on sbtest2  (cost=21.79..3532.99 rows=913 width=121)
	        Recheck Cond: ((id >= 4782406) AND (id <= 4783405))
	        ->  Bitmap Index Scan on sbtest2_pkey  (cost=0.00..21.57 rows=913 width=0)
	              Index Cond: ((id >= 4782406) AND (id <= 4783405))

table 3 : explain SELECT c FROM sbtest3 WHERE id BETWEEN 9206210 AND 9207209 ORDER BY c
	Sort  (cost=4014.28..4016.85 rows=1027 width=121)
	  Sort Key: c
	  ->  Bitmap Heap Scan on sbtest3  (cost=22.96..3962.91 rows=1027 width=121)
	        Recheck Cond: ((id >= 9206210) AND (id <= 9207209))
	        ->  Bitmap Index Scan on sbtest3_pkey  (cost=0.00..22.70 rows=1027 width=0)
	              Index Cond: ((id >= 9206210) AND (id <= 9207209))

table 4 : explain SELECT c FROM sbtest4 WHERE id BETWEEN 3368250 AND 3369249 ORDER BY c
	Sort  (cost=3827.99..3830.44 rows=978 width=121)
	  Sort Key: c
	  ->  Bitmap Heap Scan on sbtest4  (cost=22.46..3779.42 rows=978 width=121)
	        Recheck Cond: ((id >= 3368250) AND (id <= 3369249))
	        ->  Bitmap Index Scan on sbtest4_pkey  (cost=0.00..22.21 rows=978 width=0)
	              Index Cond: ((id >= 3368250) AND (id <= 3369249))

table 5 : explain SELECT c FROM sbtest5 WHERE id BETWEEN 5725602 AND 5726601 ORDER BY c
	Sort  (cost=4072.82..4075.43 rows=1042 width=121)
	  Sort Key: c
	  ->  Bitmap Heap Scan on sbtest5  (cost=23.12..4020.59 rows=1042 width=121)
	        Recheck Cond: ((id >= 5725602) AND (id <= 5726601))
	        ->  Bitmap Index Scan on sbtest5_pkey  (cost=0.00..22.86 rows=1042 width=0)
	              Index Cond: ((id >= 5725602) AND (id <= 5726601))

table 6 : explain SELECT c FROM sbtest6 WHERE id BETWEEN 2153885 AND 2154884 ORDER BY c
	Sort  (cost=3717.05..3719.42 rows=949 width=121)
	  Sort Key: c
	  ->  Bitmap Heap Scan on sbtest6  (cost=22.16..3670.12 rows=949 width=121)
	        Recheck Cond: ((id >= 2153885) AND (id <= 2154884))
	        ->  Bitmap Index Scan on sbtest6_pkey  (cost=0.00..21.93 rows=949 width=0)
	              Index Cond: ((id >= 2153885) AND (id <= 2154884))

table 7 : explain SELECT c FROM sbtest7 WHERE id BETWEEN 2883645 AND 2884644 ORDER BY c
	Sort  (cost=3974.66..3977.20 rows=1016 width=121)
	  Sort Key: c
	  ->  Bitmap Heap Scan on sbtest7  (cost=22.85..3923.92 rows=1016 width=121)
	        Recheck Cond: ((id >= 2883645) AND (id <= 2884644))
	        ->  Bitmap Index Scan on sbtest7_pkey  (cost=0.00..22.59 rows=1016 width=0)
	              Index Cond: ((id >= 2883645) AND (id <= 2884644))

table 8 : explain SELECT c FROM sbtest8 WHERE id BETWEEN 6987972 AND 6988971 ORDER BY c
	Sort  (cost=3886.75..3889.23 rows=992 width=121)
	  Sort Key: c
	  ->  Bitmap Heap Scan on sbtest8  (cost=26.60..3837.37 rows=992 width=121)
	        Recheck Cond: ((id >= 6987972) AND (id <= 6988971))
	        ->  Bitmap Index Scan on sbtest8_pkey  (cost=0.00..26.36 rows=992 width=0)
	              Index Cond: ((id >= 6987972) AND (id <= 6988971))

for: distinct_ranges
table 1 : explain SELECT DISTINCT c FROM sbtest1 WHERE id BETWEEN 4827797 AND 4828796 ORDER BY c
	Unique  (cost=3607.52..3612.13 rows=921 width=121)
	  ->  Sort  (cost=3607.52..3609.83 rows=921 width=121)
	        Sort Key: c
	        ->  Bitmap Heap Scan on sbtest1  (cost=21.88..3562.18 rows=921 width=121)
	              Recheck Cond: ((id >= 4827797) AND (id <= 4828796))
	              ->  Bitmap Index Scan on sbtest1_pkey  (cost=0.00..21.64 rows=921 width=0)
	                    Index Cond: ((id >= 4827797) AND (id <= 4828796))

table 2 : explain SELECT DISTINCT c FROM sbtest2 WHERE id BETWEEN 7140889 AND 7141888 ORDER BY c
	Unique  (cost=4250.77..4256.21 rows=1089 width=121)
	  ->  Sort  (cost=4250.77..4253.49 rows=1089 width=121)
	        Sort Key: c
	        ->  Bitmap Heap Scan on sbtest2  (cost=23.60..4195.83 rows=1089 width=121)
	              Recheck Cond: ((id >= 7140889) AND (id <= 7141888))
	              ->  Bitmap Index Scan on sbtest2_pkey  (cost=0.00..23.32 rows=1089 width=0)
	                    Index Cond: ((id >= 7140889) AND (id <= 7141888))

table 3 : explain SELECT DISTINCT c FROM sbtest3 WHERE id BETWEEN 3040114 AND 3041113 ORDER BY c
	Unique  (cost=3754.23..3759.03 rows=959 width=121)
	  ->  Sort  (cost=3754.23..3756.63 rows=959 width=121)
	        Sort Key: c
	        ->  Bitmap Heap Scan on sbtest3  (cost=22.26..3706.74 rows=959 width=121)
	              Recheck Cond: ((id >= 3040114) AND (id <= 3041113))
	              ->  Bitmap Index Scan on sbtest3_pkey  (cost=0.00..22.02 rows=959 width=0)
	                    Index Cond: ((id >= 3040114) AND (id <= 3041113))

table 4 : explain SELECT DISTINCT c FROM sbtest4 WHERE id BETWEEN 2210053 AND 2211052 ORDER BY c
	Unique  (cost=3847.13..3852.04 rows=983 width=121)
	  ->  Sort  (cost=3847.13..3849.59 rows=983 width=121)
	        Sort Key: c
	        ->  Bitmap Heap Scan on sbtest4  (cost=22.51..3798.27 rows=983 width=121)
	              Recheck Cond: ((id >= 2210053) AND (id <= 2211052))
	              ->  Bitmap Index Scan on sbtest4_pkey  (cost=0.00..22.26 rows=983 width=0)
	                    Index Cond: ((id >= 2210053) AND (id <= 2211052))

table 5 : explain SELECT DISTINCT c FROM sbtest5 WHERE id BETWEEN 7827855 AND 7828854 ORDER BY c
	Unique  (cost=3697.87..3702.59 rows=944 width=121)
	  ->  Sort  (cost=3697.87..3700.23 rows=944 width=121)
	        Sort Key: c
	        ->  Bitmap Heap Scan on sbtest5  (cost=22.11..3651.22 rows=944 width=121)
	              Recheck Cond: ((id >= 7827855) AND (id <= 7828854))
	              ->  Bitmap Index Scan on sbtest5_pkey  (cost=0.00..21.87 rows=944 width=0)
	                    Index Cond: ((id >= 7827855) AND (id <= 7828854))

table 6 : explain SELECT DISTINCT c FROM sbtest6 WHERE id BETWEEN 7935884 AND 7936883 ORDER BY c
	Unique  (cost=3805.14..3810.00 rows=972 width=121)
	  ->  Sort  (cost=3805.14..3807.57 rows=972 width=121)
	        Sort Key: c
	        ->  Bitmap Heap Scan on sbtest6  (cost=22.40..3756.90 rows=972 width=121)
	              Recheck Cond: ((id >= 7935884) AND (id <= 7936883))
	              ->  Bitmap Index Scan on sbtest6_pkey  (cost=0.00..22.15 rows=972 width=0)
	                    Index Cond: ((id >= 7935884) AND (id <= 7936883))

table 7 : explain SELECT DISTINCT c FROM sbtest7 WHERE id BETWEEN 371759 AND 372758 ORDER BY c
	Unique  (cost=3989.96..3995.06 rows=1020 width=121)
	  ->  Sort  (cost=3989.96..3992.51 rows=1020 width=121)
	        Sort Key: c
	        ->  Bitmap Heap Scan on sbtest7  (cost=22.89..3938.99 rows=1020 width=121)
	              Recheck Cond: ((id >= 371759) AND (id <= 372758))
	              ->  Bitmap Index Scan on sbtest7_pkey  (cost=0.00..22.64 rows=1020 width=0)
	                    Index Cond: ((id >= 371759) AND (id <= 372758))

table 8 : explain SELECT DISTINCT c FROM sbtest8 WHERE id BETWEEN 8636119 AND 8637118 ORDER BY c
	Unique  (cost=3714.20..3718.94 rows=948 width=121)
	  ->  Sort  (cost=3714.20..3716.57 rows=948 width=121)
	        Sort Key: c
	        ->  Bitmap Heap Scan on sbtest8  (cost=22.15..3667.33 rows=948 width=121)
	              Recheck Cond: ((id >= 8636119) AND (id <= 8637118))
	              ->  Bitmap Index Scan on sbtest8_pkey  (cost=0.00..21.91 rows=948 width=0)
	                    Index Cond: ((id >= 8636119) AND (id <= 8637118))

for: distinct_ranges
table 1 : explain SELECT DISTINCT c FROM sbtest1 WHERE id BETWEEN 3798958 AND 3799957 ORDER BY c
	Unique  (cost=3963.30..3968.37 rows=1014 width=121)
	  ->  Sort  (cost=3963.30..3965.83 rows=1014 width=121)
	        Sort Key: c
	        ->  Bitmap Heap Scan on sbtest1  (cost=22.83..3912.67 rows=1014 width=121)
	              Recheck Cond: ((id >= 3798958) AND (id <= 3799957))
	              ->  Bitmap Index Scan on sbtest1_pkey  (cost=0.00..22.57 rows=1014 width=0)
	                    Index Cond: ((id >= 3798958) AND (id <= 3799957))

table 2 : explain SELECT DISTINCT c FROM sbtest2 WHERE id BETWEEN 9459470 AND 9460469 ORDER BY c
	Unique  (cost=4289.07..4294.56 rows=1098 width=121)
	  ->  Sort  (cost=4289.07..4291.82 rows=1098 width=121)
	        Sort Key: c
	        ->  Bitmap Heap Scan on sbtest2  (cost=27.69..4233.62 rows=1098 width=121)
	              Recheck Cond: ((id >= 9459470) AND (id <= 9460469))
	              ->  Bitmap Index Scan on sbtest2_pkey  (cost=0.00..27.41 rows=1098 width=0)
	                    Index Cond: ((id >= 9459470) AND (id <= 9460469))

table 3 : explain SELECT DISTINCT c FROM sbtest3 WHERE id BETWEEN 2851244 AND 2852243 ORDER BY c
	Unique  (cost=3811.65..3816.52 rows=974 width=121)
	  ->  Sort  (cost=3811.65..3814.08 rows=974 width=121)
	        Sort Key: c
	        ->  Bitmap Heap Scan on sbtest3  (cost=22.42..3763.30 rows=974 width=121)
	              Recheck Cond: ((id >= 2851244) AND (id <= 2852243))
	              ->  Bitmap Index Scan on sbtest3_pkey  (cost=0.00..22.18 rows=974 width=0)
	                    Index Cond: ((id >= 2851244) AND (id <= 2852243))

table 4 : explain SELECT DISTINCT c FROM sbtest4 WHERE id BETWEEN 9009594 AND 9010593 ORDER BY c
	Unique  (cost=4145.46..4150.76 rows=1060 width=121)
	  ->  Sort  (cost=4145.46..4148.11 rows=1060 width=121)
	        Sort Key: c
	        ->  Bitmap Heap Scan on sbtest4  (cost=27.30..4092.19 rows=1060 width=121)
	              Recheck Cond: ((id >= 9009594) AND (id <= 9010593))
	              ->  Bitmap Index Scan on sbtest4_pkey  (cost=0.00..27.04 rows=1060 width=0)
	                    Index Cond: ((id >= 9009594) AND (id <= 9010593))

table 5 : explain SELECT DISTINCT c FROM sbtest5 WHERE id BETWEEN 6112562 AND 6113561 ORDER BY c
	Unique  (cost=4061.36..4066.56 rows=1039 width=121)
	  ->  Sort  (cost=4061.36..4063.96 rows=1039 width=121)
	        Sort Key: c
	        ->  Bitmap Heap Scan on sbtest5  (cost=23.08..4009.30 rows=1039 width=121)
	              Recheck Cond: ((id >= 6112562) AND (id <= 6113561))
	              ->  Bitmap Index Scan on sbtest5_pkey  (cost=0.00..22.82 rows=1039 width=0)
	                    Index Cond: ((id >= 6112562) AND (id <= 6113561))

table 6 : explain SELECT DISTINCT c FROM sbtest6 WHERE id BETWEEN 9194454 AND 9195453 ORDER BY c
	Unique  (cost=3617.38..3622.00 rows=923 width=121)
	  ->  Sort  (cost=3617.38..3619.69 rows=923 width=121)
	        Sort Key: c
	        ->  Bitmap Heap Scan on sbtest6  (cost=21.90..3571.93 rows=923 width=121)
	              Recheck Cond: ((id >= 9194454) AND (id <= 9195453))
	              ->  Bitmap Index Scan on sbtest6_pkey  (cost=0.00..21.66 rows=923 width=0)
	                    Index Cond: ((id >= 9194454) AND (id <= 9195453))

table 7 : explain SELECT DISTINCT c FROM sbtest7 WHERE id BETWEEN 2064034 AND 2065033 ORDER BY c
	Unique  (cost=3894.31..3899.29 rows=995 width=121)
	  ->  Sort  (cost=3894.31..3896.80 rows=995 width=121)
	        Sort Key: c
	        ->  Bitmap Heap Scan on sbtest7  (cost=22.63..3844.77 rows=995 width=121)
	              Recheck Cond: ((id >= 2064034) AND (id <= 2065033))
	              ->  Bitmap Index Scan on sbtest7_pkey  (cost=0.00..22.39 rows=995 width=0)
	                    Index Cond: ((id >= 2064034) AND (id <= 2065033))

table 8 : explain SELECT DISTINCT c FROM sbtest8 WHERE id BETWEEN 7808225 AND 7809224 ORDER BY c
	Unique  (cost=3832.97..3837.87 rows=979 width=121)
	  ->  Sort  (cost=3832.97..3835.42 rows=979 width=121)
	        Sort Key: c
	        ->  Bitmap Heap Scan on sbtest8  (cost=22.47..3784.34 rows=979 width=121)
	              Recheck Cond: ((id >= 7808225) AND (id <= 7809224))
	              ->  Bitmap Index Scan on sbtest8_pkey  (cost=0.00..22.22 rows=979 width=0)
	                    Index Cond: ((id >= 7808225) AND (id <= 7809224))

for: sum_ranges
table 1 : explain SELECT SUM(k) FROM sbtest1 WHERE id BETWEEN 1085392 AND 1086391
	Aggregate  (cost=4253.82..4253.83 rows=1 width=8)
	  ->  Bitmap Heap Scan on sbtest1  (cost=27.75..4251.06 rows=1104 width=4)
	        Recheck Cond: ((id >= 1085392) AND (id <= 1086391))
	        ->  Bitmap Index Scan on sbtest1_pkey  (cost=0.00..27.47 rows=1104 width=0)
	              Index Cond: ((id >= 1085392) AND (id <= 1086391))

table 2 : explain SELECT SUM(k) FROM sbtest2 WHERE id BETWEEN 8101263 AND 8102262
	Aggregate  (cost=4055.68..4055.69 rows=1 width=8)
	  ->  Bitmap Heap Scan on sbtest2  (cost=23.21..4053.06 rows=1051 width=4)
	        Recheck Cond: ((id >= 8101263) AND (id <= 8102262))
	        ->  Bitmap Index Scan on sbtest2_pkey  (cost=0.00..22.94 rows=1051 width=0)
	              Index Cond: ((id >= 8101263) AND (id <= 8102262))

table 3 : explain SELECT SUM(k) FROM sbtest3 WHERE id BETWEEN 9722958 AND 9723957
	Aggregate  (cost=4044.52..4044.53 rows=1 width=8)
	  ->  Bitmap Heap Scan on sbtest3  (cost=23.18..4041.90 rows=1048 width=4)
	        Recheck Cond: ((id >= 9722958) AND (id <= 9723957))
	        ->  Bitmap Index Scan on sbtest3_pkey  (cost=0.00..22.91 rows=1048 width=0)
	              Index Cond: ((id >= 9722958) AND (id <= 9723957))

table 4 : explain SELECT SUM(k) FROM sbtest4 WHERE id BETWEEN 3015641 AND 3016640
	Aggregate  (cost=3702.59..3702.60 rows=1 width=8)
	  ->  Bitmap Heap Scan on sbtest4  (cost=22.24..3700.20 rows=957 width=4)
	        Recheck Cond: ((id >= 3015641) AND (id <= 3016640))
	        ->  Bitmap Index Scan on sbtest4_pkey  (cost=0.00..22.00 rows=957 width=0)
	              Index Cond: ((id >= 3015641) AND (id <= 3016640))

table 5 : explain SELECT SUM(k) FROM sbtest5 WHERE id BETWEEN 8441664 AND 8442663
	Aggregate  (cost=4019.43..4019.44 rows=1 width=8)
	  ->  Bitmap Heap Scan on sbtest5  (cost=23.11..4016.83 rows=1041 width=4)
	        Recheck Cond: ((id >= 8441664) AND (id <= 8442663))
	        ->  Bitmap Index Scan on sbtest5_pkey  (cost=0.00..22.84 rows=1041 width=0)
	              Index Cond: ((id >= 8441664) AND (id <= 8442663))

table 6 : explain SELECT SUM(k) FROM sbtest6 WHERE id BETWEEN 4090726 AND 4091725
	Aggregate  (cost=3910.20..3910.21 rows=1 width=8)
	  ->  Bitmap Heap Scan on sbtest6  (cost=22.81..3907.67 rows=1012 width=4)
	        Recheck Cond: ((id >= 4090726) AND (id <= 4091725))
	        ->  Bitmap Index Scan on sbtest6_pkey  (cost=0.00..22.55 rows=1012 width=0)
	              Index Cond: ((id >= 4090726) AND (id <= 4091725))

table 7 : explain SELECT SUM(k) FROM sbtest7 WHERE id BETWEEN 5896904 AND 5897903
	Aggregate  (cost=3934.00..3934.01 rows=1 width=8)
	  ->  Bitmap Heap Scan on sbtest7  (cost=22.87..3931.46 rows=1018 width=4)
	        Recheck Cond: ((id >= 5896904) AND (id <= 5897903))
	        ->  Bitmap Index Scan on sbtest7_pkey  (cost=0.00..22.61 rows=1018 width=0)
	              Index Cond: ((id >= 5896904) AND (id <= 5897903))

table 8 : explain SELECT SUM(k) FROM sbtest8 WHERE id BETWEEN 9859365 AND 9860364
	Aggregate  (cost=4396.95..4396.96 rows=1 width=8)
	  ->  Bitmap Heap Scan on sbtest8  (cost=28.13..4394.10 rows=1141 width=4)
	        Recheck Cond: ((id >= 9859365) AND (id <= 9860364))
	        ->  Bitmap Index Scan on sbtest8_pkey  (cost=0.00..27.84 rows=1141 width=0)
	              Index Cond: ((id >= 9859365) AND (id <= 9860364))

for: distinct_ranges
table 1 : explain SELECT DISTINCT c FROM sbtest1 WHERE id BETWEEN 4784132 AND 4785131 ORDER BY c
	Unique  (cost=3890.70..3895.68 rows=995 width=121)
	  ->  Sort  (cost=3890.70..3893.19 rows=995 width=121)
	        Sort Key: c
	        ->  Bitmap Heap Scan on sbtest1  (cost=22.63..3841.16 rows=995 width=121)
	              Recheck Cond: ((id >= 4784132) AND (id <= 4785131))
	              ->  Bitmap Index Scan on sbtest1_pkey  (cost=0.00..22.39 rows=995 width=0)
	                    Index Cond: ((id >= 4784132) AND (id <= 4785131))

table 2 : explain SELECT DISTINCT c FROM sbtest2 WHERE id BETWEEN 4780451 AND 4781450 ORDER BY c
	Unique  (cost=3577.89..3582.45 rows=913 width=121)
	  ->  Sort  (cost=3577.89..3580.17 rows=913 width=121)
	        Sort Key: c
	        ->  Bitmap Heap Scan on sbtest2  (cost=21.79..3532.99 rows=913 width=121)
	              Recheck Cond: ((id >= 4780451) AND (id <= 4781450))
	              ->  Bitmap Index Scan on sbtest2_pkey  (cost=0.00..21.57 rows=913 width=0)
	                    Index Cond: ((id >= 4780451) AND (id <= 4781450))

table 3 : explain SELECT DISTINCT c FROM sbtest3 WHERE id BETWEEN 5743190 AND 5744189 ORDER BY c
	Unique  (cost=4319.78..4325.32 rows=1107 width=121)
	  ->  Sort  (cost=4319.78..4322.55 rows=1107 width=121)
	        Sort Key: c
	        ->  Bitmap Heap Scan on sbtest3  (cost=27.78..4263.81 rows=1107 width=121)
	              Recheck Cond: ((id >= 5743190) AND (id <= 5744189))
	              ->  Bitmap Index Scan on sbtest3_pkey  (cost=0.00..27.50 rows=1107 width=0)
	                    Index Cond: ((id >= 5743190) AND (id <= 5744189))

table 4 : explain SELECT DISTINCT c FROM sbtest4 WHERE id BETWEEN 3685216 AND 3686215 ORDER BY c
	Unique  (cost=3850.96..3855.88 rows=984 width=121)
	  ->  Sort  (cost=3850.96..3853.42 rows=984 width=121)
	        Sort Key: c
	        ->  Bitmap Heap Scan on sbtest4  (cost=22.52..3802.04 rows=984 width=121)
	              Recheck Cond: ((id >= 3685216) AND (id <= 3686215))
	              ->  Bitmap Index Scan on sbtest4_pkey  (cost=0.00..22.27 rows=984 width=0)
	                    Index Cond: ((id >= 3685216) AND (id <= 3686215))

table 5 : explain SELECT DISTINCT c FROM sbtest5 WHERE id BETWEEN 7405993 AND 7406992 ORDER BY c
	Unique  (cost=4260.05..4265.50 rows=1090 width=121)
	  ->  Sort  (cost=4260.05..4262.78 rows=1090 width=121)
	        Sort Key: c
	        ->  Bitmap Heap Scan on sbtest5  (cost=27.61..4205.06 rows=1090 width=121)
	              Recheck Cond: ((id >= 7405993) AND (id <= 7406992))
	              ->  Bitmap Index Scan on sbtest5_pkey  (cost=0.00..27.33 rows=1090 width=0)
	                    Index Cond: ((id >= 7405993) AND (id <= 7406992))

table 6 : explain SELECT DISTINCT c FROM sbtest6 WHERE id BETWEEN 8255307 AND 8256306 ORDER BY c
	Unique  (cost=3709.38..3714.12 rows=947 width=121)
	  ->  Sort  (cost=3709.38..3711.75 rows=947 width=121)
	        Sort Key: c
	        ->  Bitmap Heap Scan on sbtest6  (cost=22.14..3662.57 rows=947 width=121)
	              Recheck Cond: ((id >= 8255307) AND (id <= 8256306))
	              ->  Bitmap Index Scan on sbtest6_pkey  (cost=0.00..21.90 rows=947 width=0)
	                    Index Cond: ((id >= 8255307) AND (id <= 8256306))

table 7 : explain SELECT DISTINCT c FROM sbtest7 WHERE id BETWEEN 1304228 AND 1305227 ORDER BY c
	Unique  (cost=3932.58..3937.60 rows=1005 width=121)
	  ->  Sort  (cost=3932.58..3935.09 rows=1005 width=121)
	        Sort Key: c
	        ->  Bitmap Heap Scan on sbtest7  (cost=22.74..3882.47 rows=1005 width=121)
	              Recheck Cond: ((id >= 1304228) AND (id <= 1305227))
	              ->  Bitmap Index Scan on sbtest7_pkey  (cost=0.00..22.48 rows=1005 width=0)
	                    Index Cond: ((id >= 1304228) AND (id <= 1305227))

table 8 : explain SELECT DISTINCT c FROM sbtest8 WHERE id BETWEEN 3749829 AND 3750828 ORDER BY c
	Unique  (cost=4265.11..4270.57 rows=1091 width=121)
	  ->  Sort  (cost=4265.11..4267.84 rows=1091 width=121)
	        Sort Key: c
	        ->  Bitmap Heap Scan on sbtest8  (cost=27.62..4210.06 rows=1091 width=121)
	              Recheck Cond: ((id >= 3749829) AND (id <= 3750828))
	              ->  Bitmap Index Scan on sbtest8_pkey  (cost=0.00..27.34 rows=1091 width=0)
	                    Index Cond: ((id >= 3749829) AND (id <= 3750828))

for: distinct_ranges
table 1 : explain SELECT DISTINCT c FROM sbtest1 WHERE id BETWEEN 8486260 AND 8487259 ORDER BY c
	Unique  (cost=4016.76..4021.90 rows=1028 width=121)
	  ->  Sort  (cost=4016.76..4019.33 rows=1028 width=121)
	        Sort Key: c
	        ->  Bitmap Heap Scan on sbtest1  (cost=22.97..3965.33 rows=1028 width=121)
	              Recheck Cond: ((id >= 8486260) AND (id <= 8487259))
	              ->  Bitmap Index Scan on sbtest1_pkey  (cost=0.00..22.71 rows=1028 width=0)
	                    Index Cond: ((id >= 8486260) AND (id <= 8487259))

table 2 : explain SELECT DISTINCT c FROM sbtest2 WHERE id BETWEEN 6315701 AND 6316700 ORDER BY c
	Unique  (cost=4002.70..4007.82 rows=1024 width=121)
	  ->  Sort  (cost=4002.70..4005.26 rows=1024 width=121)
	        Sort Key: c
	        ->  Bitmap Heap Scan on sbtest2  (cost=22.93..3951.50 rows=1024 width=121)
	              Recheck Cond: ((id >= 6315701) AND (id <= 6316700))
	              ->  Bitmap Index Scan on sbtest2_pkey  (cost=0.00..22.68 rows=1024 width=0)
	                    Index Cond: ((id >= 6315701) AND (id <= 6316700))

table 3 : explain SELECT DISTINCT c FROM sbtest3 WHERE id BETWEEN 3705104 AND 3706103 ORDER BY c
	Unique  (cost=3937.86..3942.89 rows=1007 width=121)
	  ->  Sort  (cost=3937.86..3940.37 rows=1007 width=121)
	        Sort Key: c
	        ->  Bitmap Heap Scan on sbtest3  (cost=22.76..3887.63 rows=1007 width=121)
	              Recheck Cond: ((id >= 3705104) AND (id <= 3706103))
	              ->  Bitmap Index Scan on sbtest3_pkey  (cost=0.00..22.50 rows=1007 width=0)
	                    Index Cond: ((id >= 3705104) AND (id <= 3706103))

table 4 : explain SELECT DISTINCT c FROM sbtest4 WHERE id BETWEEN 3225010 AND 3226009 ORDER BY c
	Unique  (cost=3820.34..3825.22 rows=976 width=121)
	  ->  Sort  (cost=3820.34..3822.78 rows=976 width=121)
	        Sort Key: c
	        ->  Bitmap Heap Scan on sbtest4  (cost=22.44..3771.87 rows=976 width=121)
	              Recheck Cond: ((id >= 3225010) AND (id <= 3226009))
	              ->  Bitmap Index Scan on sbtest4_pkey  (cost=0.00..22.19 rows=976 width=0)
	                    Index Cond: ((id >= 3225010) AND (id <= 3226009))

table 5 : explain SELECT DISTINCT c FROM sbtest5 WHERE id BETWEEN 5014912 AND 5015911 ORDER BY c
	Unique  (cost=3923.75..3928.76 rows=1003 width=121)
	  ->  Sort  (cost=3923.75..3926.25 rows=1003 width=121)
	        Sort Key: c
	        ->  Bitmap Heap Scan on sbtest5  (cost=22.72..3873.75 rows=1003 width=121)
	              Recheck Cond: ((id >= 5014912) AND (id <= 5015911))
	              ->  Bitmap Index Scan on sbtest5_pkey  (cost=0.00..22.46 rows=1003 width=0)
	                    Index Cond: ((id >= 5014912) AND (id <= 5015911))

table 6 : explain SELECT DISTINCT c FROM sbtest6 WHERE id BETWEEN 8240499 AND 8241498 ORDER BY c
	Unique  (cost=3709.38..3714.12 rows=947 width=121)
	  ->  Sort  (cost=3709.38..3711.75 rows=947 width=121)
	        Sort Key: c
	        ->  Bitmap Heap Scan on sbtest6  (cost=22.14..3662.57 rows=947 width=121)
	              Recheck Cond: ((id >= 8240499) AND (id <= 8241498))
	              ->  Bitmap Index Scan on sbtest6_pkey  (cost=0.00..21.90 rows=947 width=0)
	                    Index Cond: ((id >= 8240499) AND (id <= 8241498))

table 7 : explain SELECT DISTINCT c FROM sbtest7 WHERE id BETWEEN 1531908 AND 1532907 ORDER BY c
	Unique  (cost=3691.28..3695.99 rows=942 width=121)
	  ->  Sort  (cost=3691.28..3693.63 rows=942 width=121)
	        Sort Key: c
	        ->  Bitmap Heap Scan on sbtest7  (cost=22.09..3644.75 rows=942 width=121)
	              Recheck Cond: ((id >= 1531908) AND (id <= 1532907))
	              ->  Bitmap Index Scan on sbtest7_pkey  (cost=0.00..21.86 rows=942 width=0)
	                    Index Cond: ((id >= 1531908) AND (id <= 1532907))

table 8 : explain SELECT DISTINCT c FROM sbtest8 WHERE id BETWEEN 222268 AND 223267 ORDER BY c
	Unique  (cost=3955.63..3960.68 rows=1010 width=121)
	  ->  Sort  (cost=3955.63..3958.15 rows=1010 width=121)
	        Sort Key: c
	        ->  Bitmap Heap Scan on sbtest8  (cost=26.79..3905.23 rows=1010 width=121)
	              Recheck Cond: ((id >= 222268) AND (id <= 223267))
	              ->  Bitmap Index Scan on sbtest8_pkey  (cost=0.00..26.54 rows=1010 width=0)
	                    Index Cond: ((id >= 222268) AND (id <= 223267))

for: order_ranges
table 1 : explain SELECT c FROM sbtest1 WHERE id BETWEEN 7177343 AND 7178342 ORDER BY c
	Sort  (cost=4093.10..4095.72 rows=1048 width=121)
	  Sort Key: c
	  ->  Bitmap Heap Scan on sbtest1  (cost=23.18..4040.52 rows=1048 width=121)
	        Recheck Cond: ((id >= 7177343) AND (id <= 7178342))
	        ->  Bitmap Index Scan on sbtest1_pkey  (cost=0.00..22.91 rows=1048 width=0)
	              Index Cond: ((id >= 7177343) AND (id <= 7178342))

table 2 : explain SELECT c FROM sbtest2 WHERE id BETWEEN 732725 AND 733724 ORDER BY c
	Sort  (cost=3823.01..3825.45 rows=977 width=121)
	  Sort Key: c
	  ->  Bitmap Heap Scan on sbtest2  (cost=22.45..3774.49 rows=977 width=121)
	        Recheck Cond: ((id >= 732725) AND (id <= 733724))
	        ->  Bitmap Index Scan on sbtest2_pkey  (cost=0.00..22.20 rows=977 width=0)
	              Index Cond: ((id >= 732725) AND (id <= 733724))

table 3 : explain SELECT c FROM sbtest3 WHERE id BETWEEN 3327640 AND 3328639 ORDER BY c
	Sort  (cost=4479.73..4482.61 rows=1149 width=121)
	  Sort Key: c
	  ->  Bitmap Heap Scan on sbtest3  (cost=28.21..4421.33 rows=1149 width=121)
	        Recheck Cond: ((id >= 3327640) AND (id <= 3328639))
	        ->  Bitmap Index Scan on sbtest3_pkey  (cost=0.00..27.93 rows=1149 width=0)
	              Index Cond: ((id >= 3327640) AND (id <= 3328639))

table 4 : explain SELECT c FROM sbtest4 WHERE id BETWEEN 4178411 AND 4179410 ORDER BY c
	Sort  (cost=3984.83..3987.37 rows=1019 width=121)
	  Sort Key: c
	  ->  Bitmap Heap Scan on sbtest4  (cost=22.88..3933.91 rows=1019 width=121)
	        Recheck Cond: ((id >= 4178411) AND (id <= 4179410))
	        ->  Bitmap Index Scan on sbtest4_pkey  (cost=0.00..22.62 rows=1019 width=0)
	              Index Cond: ((id >= 4178411) AND (id <= 4179410))

table 5 : explain SELECT c FROM sbtest5 WHERE id BETWEEN 9002914 AND 9003913 ORDER BY c
	Sort  (cost=4076.64..4079.25 rows=1043 width=121)
	  Sort Key: c
	  ->  Bitmap Heap Scan on sbtest5  (cost=23.13..4024.35 rows=1043 width=121)
	        Recheck Cond: ((id >= 9002914) AND (id <= 9003913))
	        ->  Bitmap Index Scan on sbtest5_pkey  (cost=0.00..22.86 rows=1043 width=0)
	              Index Cond: ((id >= 9002914) AND (id <= 9003913))

table 6 : explain SELECT c FROM sbtest6 WHERE id BETWEEN 9553033 AND 9554032 ORDER BY c
	Sort  (cost=3866.38..3868.85 rows=988 width=121)
	  Sort Key: c
	  ->  Bitmap Heap Scan on sbtest6  (cost=22.56..3817.23 rows=988 width=121)
	        Recheck Cond: ((id >= 9553033) AND (id <= 9554032))
	        ->  Bitmap Index Scan on sbtest6_pkey  (cost=0.00..22.32 rows=988 width=0)
	              Index Cond: ((id >= 9553033) AND (id <= 9554032))

table 7 : explain SELECT c FROM sbtest7 WHERE id BETWEEN 2042894 AND 2043893 ORDER BY c
	Sort  (cost=3894.31..3896.80 rows=995 width=121)
	  Sort Key: c
	  ->  Bitmap Heap Scan on sbtest7  (cost=22.63..3844.77 rows=995 width=121)
	        Recheck Cond: ((id >= 2042894) AND (id <= 2043893))
	        ->  Bitmap Index Scan on sbtest7_pkey  (cost=0.00..22.39 rows=995 width=0)
	              Index Cond: ((id >= 2042894) AND (id <= 2043893))

table 8 : explain SELECT c FROM sbtest8 WHERE id BETWEEN 7068476 AND 7069475 ORDER BY c
	Sort  (cost=4020.64..4023.21 rows=1027 width=121)
	  Sort Key: c
	  ->  Bitmap Heap Scan on sbtest8  (cost=26.96..3969.27 rows=1027 width=121)
	        Recheck Cond: ((id >= 7068476) AND (id <= 7069475))
	        ->  Bitmap Index Scan on sbtest8_pkey  (cost=0.00..26.70 rows=1027 width=0)
	              Index Cond: ((id >= 7068476) AND (id <= 7069475))

for: distinct_ranges
table 1 : explain SELECT DISTINCT c FROM sbtest1 WHERE id BETWEEN 4187993 AND 4188992 ORDER BY c
	Unique  (cost=3955.66..3960.72 rows=1012 width=121)
	  ->  Sort  (cost=3955.66..3958.19 rows=1012 width=121)
	        Sort Key: c
	        ->  Bitmap Heap Scan on sbtest1  (cost=22.81..3905.14 rows=1012 width=121)
	              Recheck Cond: ((id >= 4187993) AND (id <= 4188992))
	              ->  Bitmap Index Scan on sbtest1_pkey  (cost=0.00..22.55 rows=1012 width=0)
	                    Index Cond: ((id >= 4187993) AND (id <= 4188992))

table 2 : explain SELECT DISTINCT c FROM sbtest2 WHERE id BETWEEN 3289868 AND 3290867 ORDER BY c
	Unique  (cost=3930.09..3935.12 rows=1005 width=121)
	  ->  Sort  (cost=3930.09..3932.60 rows=1005 width=121)
	        Sort Key: c
	        ->  Bitmap Heap Scan on sbtest2  (cost=22.74..3879.98 rows=1005 width=121)
	              Recheck Cond: ((id >= 3289868) AND (id <= 3290867))
	              ->  Bitmap Index Scan on sbtest2_pkey  (cost=0.00..22.48 rows=1005 width=0)
	                    Index Cond: ((id >= 3289868) AND (id <= 3290867))

table 3 : explain SELECT DISTINCT c FROM sbtest3 WHERE id BETWEEN 5483891 AND 5484890 ORDER BY c
	Unique  (cost=4147.91..4153.22 rows=1062 width=121)
	  ->  Sort  (cost=4147.91..4150.57 rows=1062 width=121)
	        Sort Key: c
	        ->  Bitmap Heap Scan on sbtest3  (cost=23.32..4094.53 rows=1062 width=121)
	              Recheck Cond: ((id >= 5483891) AND (id <= 5484890))
	              ->  Bitmap Index Scan on sbtest3_pkey  (cost=0.00..23.05 rows=1062 width=0)
	                    Index Cond: ((id >= 5483891) AND (id <= 5484890))

table 4 : explain SELECT DISTINCT c FROM sbtest4 WHERE id BETWEEN 2613908 AND 2614907 ORDER BY c
	Unique  (cost=3755.24..3760.04 rows=959 width=121)
	  ->  Sort  (cost=3755.24..3757.64 rows=959 width=121)
	        Sort Key: c
	        ->  Bitmap Heap Scan on sbtest4  (cost=22.26..3707.75 rows=959 width=121)
	              Recheck Cond: ((id >= 2613908) AND (id <= 2614907))
	              ->  Bitmap Index Scan on sbtest4_pkey  (cost=0.00..22.02 rows=959 width=0)
	                    Index Cond: ((id >= 2613908) AND (id <= 2614907))

table 5 : explain SELECT DISTINCT c FROM sbtest5 WHERE id BETWEEN 761893 AND 762892 ORDER BY c
	Unique  (cost=4538.28..4544.10 rows=1164 width=121)
	  ->  Sort  (cost=4538.28..4541.19 rows=1164 width=121)
	        Sort Key: c
	        ->  Bitmap Heap Scan on sbtest5  (cost=28.37..4479.01 rows=1164 width=121)
	              Recheck Cond: ((id >= 761893) AND (id <= 762892))
	              ->  Bitmap Index Scan on sbtest5_pkey  (cost=0.00..28.07 rows=1164 width=0)
	                    Index Cond: ((id >= 761893) AND (id <= 762892))

table 6 : explain SELECT DISTINCT c FROM sbtest6 WHERE id BETWEEN 6903486 AND 6904485 ORDER BY c
	Unique  (cost=4007.88..4013.01 rows=1025 width=121)
	  ->  Sort  (cost=4007.88..4010.44 rows=1025 width=121)
	        Sort Key: c
	        ->  Bitmap Heap Scan on sbtest6  (cost=22.94..3956.62 rows=1025 width=121)
	              Recheck Cond: ((id >= 6903486) AND (id <= 6904485))
	              ->  Bitmap Index Scan on sbtest6_pkey  (cost=0.00..22.68 rows=1025 width=0)
	                    Index Cond: ((id >= 6903486) AND (id <= 6904485))

table 7 : explain SELECT DISTINCT c FROM sbtest7 WHERE id BETWEEN 6337657 AND 6338656 ORDER BY c
	Unique  (cost=3591.55..3596.13 rows=916 width=121)
	  ->  Sort  (cost=3591.55..3593.84 rows=916 width=121)
	        Sort Key: c
	        ->  Bitmap Heap Scan on sbtest7  (cost=21.82..3546.49 rows=916 width=121)
	              Recheck Cond: ((id >= 6337657) AND (id <= 6338656))
	              ->  Bitmap Index Scan on sbtest7_pkey  (cost=0.00..21.59 rows=916 width=0)
	                    Index Cond: ((id >= 6337657) AND (id <= 6338656))

table 8 : explain SELECT DISTINCT c FROM sbtest8 WHERE id BETWEEN 1880668 AND 1881667 ORDER BY c
	Unique  (cost=3967.10..3972.17 rows=1013 width=121)
	  ->  Sort  (cost=3967.10..3969.63 rows=1013 width=121)
	        Sort Key: c
	        ->  Bitmap Heap Scan on sbtest8  (cost=26.82..3916.53 rows=1013 width=121)
	              Recheck Cond: ((id >= 1880668) AND (id <= 1881667))
	              ->  Bitmap Index Scan on sbtest8_pkey  (cost=0.00..26.57 rows=1013 width=0)
	                    Index Cond: ((id >= 1880668) AND (id <= 1881667))

Threads started!

Warming up for 5 seconds...

SQL statistics:
    queries performed:
        read:                            127407632
        write:                           0
        other:                           23165051
        total:                           150572683
    transactions:                        11582545 (18384.65 per sec.)
    queries:                             150572683 (238999.82 per sec.)
    ignored errors:                      0      (0.00 per sec.)
    reconnects:                          0      (0.00 per sec.)

Throughput:
    events/s (eps):                      18384.6508
    time elapsed:                        630.0118s
    total number of events:              11582545

Latency (ms):
         min:                                    0.49
         avg:                                    2.17
         max:                                   18.33
         95th percentile:                        2.30
         sum:                             25187497.43

Threads fairness:
    events (avg/stddev):           289563.3250/1190.37
    execution time (avg/stddev):   629.6874/0.01

