LUA_PATH=/home/mdcallag/git/mytools/bench/sysbench.lua/lua/?.lua /home/mdcallag/git/mytools/bench/sysbench.lua/lua/sysbench --db-driver=pgsql --range-size=100 --table-size=10000000 --tables=8 --threads=40 --events=0 --warmup-time=5 --time=630 --pgsql_conn_id=true /home/mdcallag/git/mytools/bench/sysbench.lua/lua/oltp_point_select.lua run --pgsql-user=root --pgsql-password=pw --pgsql-host=127.0.0.1 --pgsql-db=ib --rand-type=uniform --skip-trx
48 CPUs
sysbench 1.1.0-9072687 (using bundled LuaJIT 2.1.0-beta3)

Running the test with following options:
Number of threads: 40
Warmup time: 5s
Initializing random number generator from current time


Initializing worker threads...

explain: for point_selects :: explain SELECT c FROM sbtest%u WHERE id=%u
explain: for point_selects :: explain SELECT c FROM sbtest%u WHERE id=%u
explain: for point_selects :: explain SELECT c FROM sbtest%u WHERE id=%u
explain: for point_selects :: explain SELECT c FROM sbtest%u WHERE id=%u
explain: for point_selects :: explain SELECT c FROM sbtest%u WHERE id=%u
explain: for point_selects :: explain SELECT c FROM sbtest%u WHERE id=%u
explain: for point_selects :: explain SELECT c FROM sbtest%u WHERE id=%u
explain: for point_selects :: explain SELECT c FROM sbtest%u WHERE id=%u
explain: for point_selects :: explain SELECT c FROM sbtest%u WHERE id=%u
explain: for point_selects :: explain SELECT c FROM sbtest%u WHERE id=%u
explain: for point_selects :: explain SELECT c FROM sbtest%u WHERE id=%uexplain: for point_selects :: explain SELECT c FROM sbtest%u WHERE id=%u

explain: for point_selects :: explain SELECT c FROM sbtest%u WHERE id=%u
explain: for point_selects :: explain SELECT c FROM sbtest%u WHERE id=%u
explain: for point_selects :: explain SELECT c FROM sbtest%u WHERE id=%u
explain: for point_selects :: explain SELECT c FROM sbtest%u WHERE id=%u
explain: for point_selects :: explain SELECT c FROM sbtest%u WHERE id=%u
explain: for point_selects :: explain SELECT c FROM sbtest%u WHERE id=%u
explain: for point_selects :: explain SELECT c FROM sbtest%u WHERE id=%u
explain: for point_selects :: explain SELECT c FROM sbtest%u WHERE id=%u
explain: for point_selects :: explain SELECT c FROM sbtest%u WHERE id=%u
explain: for point_selects :: explain SELECT c FROM sbtest%u WHERE id=%u
for point_selects
table 1 : explain SELECT c FROM sbtest1 WHERE id=4732822
	Index Scan using sbtest1_pkey on sbtest1  (cost=0.43..8.45 rows=1 width=121)
	  Index Cond: (id = 4732822)

table 2 : explain SELECT c FROM sbtest2 WHERE id=6046708
	Index Scan using sbtest2_pkey on sbtest2  (cost=0.43..8.45 rows=1 width=121)
	  Index Cond: (id = 6046708)

table 3 : explain SELECT c FROM sbtest3 WHERE id=6136051
	Index Scan using sbtest3_pkey on sbtest3  (cost=0.43..8.45 rows=1 width=121)
	  Index Cond: (id = 6136051)

table 4 : explain SELECT c FROM sbtest4 WHERE id=5530834
	Index Scan using sbtest4_pkey on sbtest4  (cost=0.43..8.45 rows=1 width=121)
	  Index Cond: (id = 5530834)

table 5 : explain SELECT c FROM sbtest5 WHERE id=4971605
	Index Scan using sbtest5_pkey on sbtest5  (cost=0.43..8.45 rows=1 width=121)
	  Index Cond: (id = 4971605)

table 6 : explain SELECT c FROM sbtest6 WHERE id=211599
	Index Scan using sbtest6_pkey on sbtest6  (cost=0.43..8.45 rows=1 width=121)
	  Index Cond: (id = 211599)

table 7 : explain SELECT c FROM sbtest7 WHERE id=7385809
	Index Scan using sbtest7_pkey on sbtest7  (cost=0.43..8.45 rows=1 width=121)
	  Index Cond: (id = 7385809)

table 8 : explain SELECT c FROM sbtest8 WHERE id=3252859
	Index Scan using sbtest8_pkey on sbtest8  (cost=0.43..8.45 rows=1 width=121)
	  Index Cond: (id = 3252859)

for point_selects
table 1 : explain SELECT c FROM sbtest1 WHERE id=5774
	Index Scan using sbtest1_pkey on sbtest1  (cost=0.43..8.45 rows=1 width=121)
	  Index Cond: (id = 5774)

table 2 : explain SELECT c FROM sbtest2 WHERE id=8680773
	Index Scan using sbtest2_pkey on sbtest2  (cost=0.43..8.45 rows=1 width=121)
	  Index Cond: (id = 8680773)

table 3 : explain SELECT c FROM sbtest3 WHERE id=6454108
	Index Scan using sbtest3_pkey on sbtest3  (cost=0.43..8.45 rows=1 width=121)
	  Index Cond: (id = 6454108)

table 4 : explain SELECT c FROM sbtest4 WHERE id=9822166
	Index Scan using sbtest4_pkey on sbtest4  (cost=0.43..8.45 rows=1 width=121)
	  Index Cond: (id = 9822166)

table 5 : explain SELECT c FROM sbtest5 WHERE id=4654569
	Index Scan using sbtest5_pkey on sbtest5  (cost=0.43..8.45 rows=1 width=121)
	  Index Cond: (id = 4654569)

table 6 : explain SELECT c FROM sbtest6 WHERE id=3899394
	Index Scan using sbtest6_pkey on sbtest6  (cost=0.43..8.45 rows=1 width=121)
	  Index Cond: (id = 3899394)

table 7 : explain SELECT c FROM sbtest7 WHERE id=4349532
	Index Scan using sbtest7_pkey on sbtest7  (cost=0.43..8.45 rows=1 width=121)
	  Index Cond: (id = 4349532)

table 8 : explain SELECT c FROM sbtest8 WHERE id=830753
	Index Scan using sbtest8_pkey on sbtest8  (cost=0.43..8.45 rows=1 width=121)
	  Index Cond: (id = 830753)

for point_selects
table 1 : explain SELECT c FROM sbtest1 WHERE id=5898514
	Index Scan using sbtest1_pkey on sbtest1  (cost=0.43..8.45 rows=1 width=121)
	  Index Cond: (id = 5898514)

table 2 : explain SELECT c FROM sbtest2 WHERE id=5232027
	Index Scan using sbtest2_pkey on sbtest2  (cost=0.43..8.45 rows=1 width=121)
	  Index Cond: (id = 5232027)

table 3 : explain SELECT c FROM sbtest3 WHERE id=2808324
	Index Scan using sbtest3_pkey on sbtest3  (cost=0.43..8.45 rows=1 width=121)
	  Index Cond: (id = 2808324)

table 4 : explain SELECT c FROM sbtest4 WHERE id=918531
	Index Scan using sbtest4_pkey on sbtest4  (cost=0.43..8.45 rows=1 width=121)
	  Index Cond: (id = 918531)

table 5 : explain SELECT c FROM sbtest5 WHERE id=6983633
	Index Scan using sbtest5_pkey on sbtest5  (cost=0.43..8.45 rows=1 width=121)
	  Index Cond: (id = 6983633)

table 6 : explain SELECT c FROM sbtest6 WHERE id=448142
	Index Scan using sbtest6_pkey on sbtest6  (cost=0.43..8.45 rows=1 width=121)
	  Index Cond: (id = 448142)

table 7 : explain SELECT c FROM sbtest7 WHERE id=6995328
	Index Scan using sbtest7_pkey on sbtest7  (cost=0.43..8.45 rows=1 width=121)
	  Index Cond: (id = 6995328)

table 8 : explain SELECT c FROM sbtest8 WHERE id=4766580
	Index Scan using sbtest8_pkey on sbtest8  (cost=0.43..8.45 rows=1 width=121)
	  Index Cond: (id = 4766580)

explain: for point_selects :: explain SELECT c FROM sbtest%u WHERE id=%u
explain: for point_selects :: explain SELECT c FROM sbtest%u WHERE id=%u
explain: for point_selects :: explain SELECT c FROM sbtest%u WHERE id=%u
explain: for point_selects :: explain SELECT c FROM sbtest%u WHERE id=%u
explain: for point_selects :: explain SELECT c FROM sbtest%u WHERE id=%u
explain: for point_selects :: explain SELECT c FROM sbtest%u WHERE id=%u
for point_selects
table 1 : explain SELECT c FROM sbtest1 WHERE id=7733516
	Index Scan using sbtest1_pkey on sbtest1  (cost=0.43..8.45 rows=1 width=121)
	  Index Cond: (id = 7733516)

table 2 : explain SELECT c FROM sbtest2 WHERE id=4734125
	Index Scan using sbtest2_pkey on sbtest2  (cost=0.43..8.45 rows=1 width=121)
	  Index Cond: (id = 4734125)

table 3 : explain SELECT c FROM sbtest3 WHERE id=7760599
	Index Scan using sbtest3_pkey on sbtest3  (cost=0.43..8.45 rows=1 width=121)
	  Index Cond: (id = 7760599)

table 4 : explain SELECT c FROM sbtest4 WHERE id=3616937
	Index Scan using sbtest4_pkey on sbtest4  (cost=0.43..8.45 rows=1 width=121)
	  Index Cond: (id = 3616937)

table 5 : explain SELECT c FROM sbtest5 WHERE id=5617963
	Index Scan using sbtest5_pkey on sbtest5  (cost=0.43..8.45 rows=1 width=121)
	  Index Cond: (id = 5617963)

table 6 : explain SELECT c FROM sbtest6 WHERE id=3022988
	Index Scan using sbtest6_pkey on sbtest6  (cost=0.43..8.45 rows=1 width=121)
	  Index Cond: (id = 3022988)

table 7 : explain SELECT c FROM sbtest7 WHERE id=6939779
	Index Scan using sbtest7_pkey on sbtest7  (cost=0.43..8.45 rows=1 width=121)
	  Index Cond: (id = 6939779)

table 8 : explain SELECT c FROM sbtest8 WHERE id=8892183
	Index Scan using sbtest8_pkey on sbtest8  (cost=0.43..8.45 rows=1 width=121)
	  Index Cond: (id = 8892183)
for point_selects
table 1 : explain SELECT c FROM sbtest1 WHERE id=4850830
	Index Scan using sbtest1_pkey on sbtest1  (cost=0.43..8.45 rows=1 width=121)
	  Index Cond: (id = 4850830)

table 2 : explain SELECT c FROM sbtest2 WHERE id=6371744
	Index Scan using sbtest2_pkey on sbtest2  (cost=0.43..8.45 rows=1 width=121)
	  Index Cond: (id = 6371744)

table 3 : explain SELECT c FROM sbtest3 WHERE id=9663248
	Index Scan using sbtest3_pkey on sbtest3  (cost=0.43..8.45 rows=1 width=121)
	  Index Cond: (id = 9663248)

table 4 : explain SELECT c FROM sbtest4 WHERE id=788296
	Index Scan using sbtest4_pkey on sbtest4  (cost=0.43..8.45 rows=1 width=121)
	  Index Cond: (id = 788296)

table 5 : explain SELECT c FROM sbtest5 WHERE id=9247928
	Index Scan using sbtest5_pkey on sbtest5  (cost=0.43..8.45 rows=1 width=121)
	  Index Cond: (id = 9247928)

table 6 : explain SELECT c FROM sbtest6 WHERE id=6147307
	Index Scan using sbtest6_pkey on sbtest6  (cost=0.43..8.45 rows=1 width=121)
	  Index Cond: (id = 6147307)

table 7 : explain SELECT c FROM sbtest7 WHERE id=128127
	Index Scan using sbtest7_pkey on sbtest7  (cost=0.43..8.45 rows=1 width=121)
	  Index Cond: (id = 128127)

table 8 : explain SELECT c FROM sbtest8 WHERE id=2047678
	Index Scan using sbtest8_pkey on sbtest8  (cost=0.43..8.45 rows=1 width=121)
	  Index Cond: (id = 2047678)

for point_selects
table 1 : explain SELECT c FROM sbtest1 WHERE id=9708460
	Index Scan using sbtest1_pkey on sbtest1  (cost=0.43..8.45 rows=1 width=121)
	  Index Cond: (id = 9708460)

table 2 : explain SELECT c FROM sbtest2 WHERE id=6333846
	Index Scan using sbtest2_pkey on sbtest2  (cost=0.43..8.45 rows=1 width=121)
	  Index Cond: (id = 6333846)

table 3 : explain SELECT c FROM sbtest3 WHERE id=3461190
	Index Scan using sbtest3_pkey on sbtest3  (cost=0.43..8.45 rows=1 width=121)
	  Index Cond: (id = 3461190)

table 4 : explain SELECT c FROM sbtest4 WHERE id=3546339
	Index Scan using sbtest4_pkey on sbtest4  (cost=0.43..8.45 rows=1 width=121)
	  Index Cond: (id = 3546339)

table 5 : explain SELECT c FROM sbtest5 WHERE id=4978824
	Index Scan using sbtest5_pkey on sbtest5  (cost=0.43..8.45 rows=1 width=121)
	  Index Cond: (id = 4978824)

table 6 : explain SELECT c FROM sbtest6 WHERE id=7886620
	Index Scan using sbtest6_pkey on sbtest6  (cost=0.43..8.45 rows=1 width=121)
	  Index Cond: (id = 7886620)

table 7 : explain SELECT c FROM sbtest7 WHERE id=7856021
	Index Scan using sbtest7_pkey on sbtest7  (cost=0.43..8.45 rows=1 width=121)
	  Index Cond: (id = 7856021)

table 8 : explain SELECT c FROM sbtest8 WHERE id=1986921
	Index Scan using sbtest8_pkey on sbtest8  (cost=0.43..8.45 rows=1 width=121)
	  Index Cond: (id = 1986921)


for point_selects
table 1 : explain SELECT c FROM sbtest1 WHERE id=3739235
	Index Scan using sbtest1_pkey on sbtest1  (cost=0.43..8.45 rows=1 width=121)
	  Index Cond: (id = 3739235)

table 2 : explain SELECT c FROM sbtest2 WHERE id=6905519
	Index Scan using sbtest2_pkey on sbtest2  (cost=0.43..8.45 rows=1 width=121)
	  Index Cond: (id = 6905519)

table 3 : explain SELECT c FROM sbtest3 WHERE id=9925899
	Index Scan using sbtest3_pkey on sbtest3  (cost=0.43..8.45 rows=1 width=121)
	  Index Cond: (id = 9925899)

table 4 : explain SELECT c FROM sbtest4 WHERE id=7750967
	Index Scan using sbtest4_pkey on sbtest4  (cost=0.43..8.45 rows=1 width=121)
	  Index Cond: (id = 7750967)

table 5 : explain SELECT c FROM sbtest5 WHERE id=7354301
	Index Scan using sbtest5_pkey on sbtest5  (cost=0.43..8.45 rows=1 width=121)
	  Index Cond: (id = 7354301)

table 6 : explain SELECT c FROM sbtest6 WHERE id=2643519
	Index Scan using sbtest6_pkey on sbtest6  (cost=0.43..8.45 rows=1 width=121)
	  Index Cond: (id = 2643519)

table 7 : explain SELECT c FROM sbtest7 WHERE id=1510474
	Index Scan using sbtest7_pkey on sbtest7  (cost=0.43..8.45 rows=1 width=121)
	  Index Cond: (id = 1510474)

table 8 : explain SELECT c FROM sbtest8 WHERE id=9841582
	Index Scan using sbtest8_pkey on sbtest8  (cost=0.43..8.45 rows=1 width=121)
	  Index Cond: (id = 9841582)

explain: for point_selects :: explain SELECT c FROM sbtest%u WHERE id=%u
for point_selects
table 1 : explain SELECT c FROM sbtest1 WHERE id=760605
	Index Scan using sbtest1_pkey on sbtest1  (cost=0.43..8.45 rows=1 width=121)
	  Index Cond: (id = 760605)

table 2 : explain SELECT c FROM sbtest2 WHERE id=6978376
	Index Scan using sbtest2_pkey on sbtest2  (cost=0.43..8.45 rows=1 width=121)
	  Index Cond: (id = 6978376)

table 3 : explain SELECT c FROM sbtest3 WHERE id=182344
	Index Scan using sbtest3_pkey on sbtest3  (cost=0.43..8.45 rows=1 width=121)
	  Index Cond: (id = 182344)

table 4 : explain SELECT c FROM sbtest4 WHERE id=1623007
	Index Scan using sbtest4_pkey on sbtest4  (cost=0.43..8.45 rows=1 width=121)
	  Index Cond: (id = 1623007)

table 5 : explain SELECT c FROM sbtest5 WHERE id=7946353
	Index Scan using sbtest5_pkey on sbtest5  (cost=0.43..8.45 rows=1 width=121)
	  Index Cond: (id = 7946353)

table 6 : explain SELECT c FROM sbtest6 WHERE id=8501721
	Index Scan using sbtest6_pkey on sbtest6  (cost=0.43..8.45 rows=1 width=121)
	  Index Cond: (id = 8501721)

table 7 : explain SELECT c FROM sbtest7 WHERE id=4334100
	Index Scan using sbtest7_pkey on sbtest7  (cost=0.43..8.45 rows=1 width=121)
	  Index Cond: (id = 4334100)

table 8 : explain SELECT c FROM sbtest8 WHERE id=1773365
	Index Scan using sbtest8_pkey on sbtest8  (cost=0.43..8.45 rows=1 width=121)
	  Index Cond: (id = 1773365)

for point_selects
table 1 : explain SELECT c FROM sbtest1 WHERE id=1417725
	Index Scan using sbtest1_pkey on sbtest1  (cost=0.43..8.45 rows=1 width=121)
	  Index Cond: (id = 1417725)

table 2 : explain SELECT c FROM sbtest2 WHERE id=4604446
	Index Scan using sbtest2_pkey on sbtest2  (cost=0.43..8.45 rows=1 width=121)
	  Index Cond: (id = 4604446)

table 3 : explain SELECT c FROM sbtest3 WHERE id=2875934
	Index Scan using sbtest3_pkey on sbtest3  (cost=0.43..8.45 rows=1 width=121)
	  Index Cond: (id = 2875934)

table 4 : explain SELECT c FROM sbtest4 WHERE id=3595030
	Index Scan using sbtest4_pkey on sbtest4  (cost=0.43..8.45 rows=1 width=121)
	  Index Cond: (id = 3595030)

table 5 : explain SELECT c FROM sbtest5 WHERE id=4443555
	Index Scan using sbtest5_pkey on sbtest5  (cost=0.43..8.45 rows=1 width=121)
	  Index Cond: (id = 4443555)

table 6 : explain SELECT c FROM sbtest6 WHERE id=3440360
	Index Scan using sbtest6_pkey on sbtest6  (cost=0.43..8.45 rows=1 width=121)
	  Index Cond: (id = 3440360)

table 7 : explain SELECT c FROM sbtest7 WHERE id=5415130
	Index Scan using sbtest7_pkey on sbtest7  (cost=0.43..8.45 rows=1 width=121)
	  Index Cond: (id = 5415130)

table 8 : explain SELECT c FROM sbtest8 WHERE id=1533508
	Index Scan using sbtest8_pkey on sbtest8  (cost=0.43..8.45 rows=1 width=121)
	  Index Cond: (id = 1533508)

for point_selects
table 1 : explain SELECT c FROM sbtest1 WHERE id=8016304
	Index Scan using sbtest1_pkey on sbtest1  (cost=0.43..8.45 rows=1 width=121)
	  Index Cond: (id = 8016304)

table 2 : explain SELECT c FROM sbtest2 WHERE id=9533678
	Index Scan using sbtest2_pkey on sbtest2  (cost=0.43..8.45 rows=1 width=121)
	  Index Cond: (id = 9533678)

table 3 : explain SELECT c FROM sbtest3 WHERE id=3683451
	Index Scan using sbtest3_pkey on sbtest3  (cost=0.43..8.45 rows=1 width=121)
	  Index Cond: (id = 3683451)

table 4 : explain SELECT c FROM sbtest4 WHERE id=4186529
	Index Scan using sbtest4_pkey on sbtest4  (cost=0.43..8.45 rows=1 width=121)
	  Index Cond: (id = 4186529)

table 5 : explain SELECT c FROM sbtest5 WHERE id=1997139
	Index Scan using sbtest5_pkey on sbtest5  (cost=0.43..8.45 rows=1 width=121)
	  Index Cond: (id = 1997139)

table 6 : explain SELECT c FROM sbtest6 WHERE id=2507763
	Index Scan using sbtest6_pkey on sbtest6  (cost=0.43..8.45 rows=1 width=121)
	  Index Cond: (id = 2507763)

table 7 : explain SELECT c FROM sbtest7 WHERE id=1081738
	Index Scan using sbtest7_pkey on sbtest7  (cost=0.43..8.45 rows=1 width=121)
	  Index Cond: (id = 1081738)

table 8 : explain SELECT c FROM sbtest8 WHERE id=4632089
	Index Scan using sbtest8_pkey on sbtest8  (cost=0.43..8.45 rows=1 width=121)
	  Index Cond: (id = 4632089)

for point_selects
table 1 : explain SELECT c FROM sbtest1 WHERE id=7981697
	Index Scan using sbtest1_pkey on sbtest1  (cost=0.43..8.45 rows=1 width=121)
	  Index Cond: (id = 7981697)

table 2 : explain SELECT c FROM sbtest2 WHERE id=5949949
	Index Scan using sbtest2_pkey on sbtest2  (cost=0.43..8.45 rows=1 width=121)
	  Index Cond: (id = 5949949)

table 3 : explain SELECT c FROM sbtest3 WHERE id=2015358
	Index Scan using sbtest3_pkey on sbtest3  (cost=0.43..8.45 rows=1 width=121)
	  Index Cond: (id = 2015358)

table 4 : explain SELECT c FROM sbtest4 WHERE id=3763979
	Index Scan using sbtest4_pkey on sbtest4  (cost=0.43..8.45 rows=1 width=121)
	  Index Cond: (id = 3763979)

table 5 : explain SELECT c FROM sbtest5 WHERE id=2016852
	Index Scan using sbtest5_pkey on sbtest5  (cost=0.43..8.45 rows=1 width=121)
	  Index Cond: (id = 2016852)

table 6 : explain SELECT c FROM sbtest6 WHERE id=3488901
	Index Scan using sbtest6_pkey on sbtest6  (cost=0.43..8.45 rows=1 width=121)
	  Index Cond: (id = 3488901)

table 7 : explain SELECT c FROM sbtest7 WHERE id=2097963
	Index Scan using sbtest7_pkey on sbtest7  (cost=0.43..8.45 rows=1 width=121)
	  Index Cond: (id = 2097963)

table 8 : explain SELECT c FROM sbtest8 WHERE id=1931486
	Index Scan using sbtest8_pkey on sbtest8  (cost=0.43..8.45 rows=1 width=121)
	  Index Cond: (id = 1931486)

explain: for point_selects :: explain SELECT c FROM sbtest%u WHERE id=%u
for point_selects
table 1 : explain SELECT c FROM sbtest1 WHERE id=615833
	Index Scan using sbtest1_pkey on sbtest1  (cost=0.43..8.45 rows=1 width=121)
	  Index Cond: (id = 615833)

table 2 : explain SELECT c FROM sbtest2 WHERE id=2248332
	Index Scan using sbtest2_pkey on sbtest2  (cost=0.43..8.45 rows=1 width=121)
	  Index Cond: (id = 2248332)

table 3 : explain SELECT c FROM sbtest3 WHERE id=2373213
	Index Scan using sbtest3_pkey on sbtest3  (cost=0.43..8.45 rows=1 width=121)
	  Index Cond: (id = 2373213)

table 4 : explain SELECT c FROM sbtest4 WHERE id=3025834
	Index Scan using sbtest4_pkey on sbtest4  (cost=0.43..8.45 rows=1 width=121)
	  Index Cond: (id = 3025834)

table 5 : explain SELECT c FROM sbtest5 WHERE id=5522223
	Index Scan using sbtest5_pkey on sbtest5  (cost=0.43..8.45 rows=1 width=121)
	  Index Cond: (id = 5522223)

table 6 : explain SELECT c FROM sbtest6 WHERE id=4188118
	Index Scan using sbtest6_pkey on sbtest6  (cost=0.43..8.45 rows=1 width=121)
	  Index Cond: (id = 4188118)

table 7 : explain SELECT c FROM sbtest7 WHERE id=8869235
	Index Scan using sbtest7_pkey on sbtest7  (cost=0.43..8.45 rows=1 width=121)
	  Index Cond: (id = 8869235)

table 8 : explain SELECT c FROM sbtest8 WHERE id=5404903
	Index Scan using sbtest8_pkey on sbtest8  (cost=0.43..8.45 rows=1 width=121)
	  Index Cond: (id = 5404903)

explain: for point_selects :: explain SELECT c FROM sbtest%u WHERE id=%u
for point_selects
table 1 : explain SELECT c FROM sbtest1 WHERE id=7231988
	Index Scan using sbtest1_pkey on sbtest1  (cost=0.43..8.45 rows=1 width=121)
	  Index Cond: (id = 7231988)

table 2 : explain SELECT c FROM sbtest2 WHERE id=1015339
	Index Scan using sbtest2_pkey on sbtest2  (cost=0.43..8.45 rows=1 width=121)
	  Index Cond: (id = 1015339)

table 3 : explain SELECT c FROM sbtest3 WHERE id=2104290
	Index Scan using sbtest3_pkey on sbtest3  (cost=0.43..8.45 rows=1 width=121)
	  Index Cond: (id = 2104290)

table 4 : explain SELECT c FROM sbtest4 WHERE id=4817169
	Index Scan using sbtest4_pkey on sbtest4  (cost=0.43..8.45 rows=1 width=121)
	  Index Cond: (id = 4817169)

table 5 : explain SELECT c FROM sbtest5 WHERE id=3392272
	Index Scan using sbtest5_pkey on sbtest5  (cost=0.43..8.45 rows=1 width=121)
	  Index Cond: (id = 3392272)

table 6 : explain SELECT c FROM sbtest6 WHERE id=3992573
	Index Scan using sbtest6_pkey on sbtest6  (cost=0.43..8.45 rows=1 width=121)
	  Index Cond: (id = 3992573)

table 7 : explain SELECT c FROM sbtest7 WHERE id=7257641
	Index Scan using sbtest7_pkey on sbtest7  (cost=0.43..8.45 rows=1 width=121)
	  Index Cond: (id = 7257641)

table 8 : explain SELECT c FROM sbtest8 WHERE id=3894416
	Index Scan using sbtest8_pkey on sbtest8  (cost=0.43..8.45 rows=1 width=121)
	  Index Cond: (id = 3894416)

for point_selects
table 1 : explain SELECT c FROM sbtest1 WHERE id=7115473
	Index Scan using sbtest1_pkey on sbtest1  (cost=0.43..8.45 rows=1 width=121)
	  Index Cond: (id = 7115473)

table 2 : explain SELECT c FROM sbtest2 WHERE id=6388723
	Index Scan using sbtest2_pkey on sbtest2  (cost=0.43..8.45 rows=1 width=121)
	  Index Cond: (id = 6388723)

table 3 : explain SELECT c FROM sbtest3 WHERE id=757498
	Index Scan using sbtest3_pkey on sbtest3  (cost=0.43..8.45 rows=1 width=121)
	  Index Cond: (id = 757498)

table 4 : explain SELECT c FROM sbtest4 WHERE id=1935815
	Index Scan using sbtest4_pkey on sbtest4  (cost=0.43..8.45 rows=1 width=121)
	  Index Cond: (id = 1935815)

table 5 : explain SELECT c FROM sbtest5 WHERE id=6110957
	Index Scan using sbtest5_pkey on sbtest5  (cost=0.43..8.45 rows=1 width=121)
	  Index Cond: (id = 6110957)

table 6 : explain SELECT c FROM sbtest6 WHERE id=7432739
	Index Scan using sbtest6_pkey on sbtest6  (cost=0.43..8.45 rows=1 width=121)
	  Index Cond: (id = 7432739)

table 7 : explain SELECT c FROM sbtest7 WHERE id=3341431
	Index Scan using sbtest7_pkey on sbtest7  (cost=0.43..8.45 rows=1 width=121)
	  Index Cond: (id = 3341431)

table 8 : explain SELECT c FROM sbtest8 WHERE id=231407
	Index Scan using sbtest8_pkey on sbtest8  (cost=0.43..8.45 rows=1 width=121)
	  Index Cond: (id = 231407)

for point_selects
table 1 : explain SELECT c FROM sbtest1 WHERE id=8914898
	Index Scan using sbtest1_pkey on sbtest1  (cost=0.43..8.45 rows=1 width=121)
	  Index Cond: (id = 8914898)

table 2 : explain SELECT c FROM sbtest2 WHERE id=9452029
	Index Scan using sbtest2_pkey on sbtest2  (cost=0.43..8.45 rows=1 width=121)
	  Index Cond: (id = 9452029)

table 3 : explain SELECT c FROM sbtest3 WHERE id=1335688
	Index Scan using sbtest3_pkey on sbtest3  (cost=0.43..8.45 rows=1 width=121)
	  Index Cond: (id = 1335688)

table 4 : explain SELECT c FROM sbtest4 WHERE id=3105472
	Index Scan using sbtest4_pkey on sbtest4  (cost=0.43..8.45 rows=1 width=121)
	  Index Cond: (id = 3105472)

table 5 : explain SELECT c FROM sbtest5 WHERE id=361832
	Index Scan using sbtest5_pkey on sbtest5  (cost=0.43..8.45 rows=1 width=121)
	  Index Cond: (id = 361832)

table 6 : explain SELECT c FROM sbtest6 WHERE id=4016796
	Index Scan using sbtest6_pkey on sbtest6  (cost=0.43..8.45 rows=1 width=121)
	  Index Cond: (id = 4016796)

table 7 : explain SELECT c FROM sbtest7 WHERE id=6657156
	Index Scan using sbtest7_pkey on sbtest7  (cost=0.43..8.45 rows=1 width=121)
	  Index Cond: (id = 6657156)

table 8 : explain SELECT c FROM sbtest8 WHERE id=2661517
	Index Scan using sbtest8_pkey on sbtest8  (cost=0.43..8.45 rows=1 width=121)
	  Index Cond: (id = 2661517)

for point_selects
table 1 : explain SELECT c FROM sbtest1 WHERE id=618126
	Index Scan using sbtest1_pkey on sbtest1  (cost=0.43..8.45 rows=1 width=121)
	  Index Cond: (id = 618126)

table 2 : explain SELECT c FROM sbtest2 WHERE id=9139226
	Index Scan using sbtest2_pkey on sbtest2  (cost=0.43..8.45 rows=1 width=121)
	  Index Cond: (id = 9139226)

table 3 : explain SELECT c FROM sbtest3 WHERE id=6572040
	Index Scan using sbtest3_pkey on sbtest3  (cost=0.43..8.45 rows=1 width=121)
	  Index Cond: (id = 6572040)

table 4 : explain SELECT c FROM sbtest4 WHERE id=1566005
	Index Scan using sbtest4_pkey on sbtest4  (cost=0.43..8.45 rows=1 width=121)
	  Index Cond: (id = 1566005)

table 5 : explain SELECT c FROM sbtest5 WHERE id=9938518
	Index Scan using sbtest5_pkey on sbtest5  (cost=0.43..8.45 rows=1 width=121)
	  Index Cond: (id = 9938518)

table 6 : explain SELECT c FROM sbtest6 WHERE id=5002011
	Index Scan using sbtest6_pkey on sbtest6  (cost=0.43..8.45 rows=1 width=121)
	  Index Cond: (id = 5002011)

table 7 : explain SELECT c FROM sbtest7 WHERE id=4518581
	Index Scan using sbtest7_pkey on sbtest7  (cost=0.43..8.45 rows=1 width=121)
	  Index Cond: (id = 4518581)

table 8 : explain SELECT c FROM sbtest8 WHERE id=7304535
	Index Scan using sbtest8_pkey on sbtest8  (cost=0.43..8.45 rows=1 width=121)
	  Index Cond: (id = 7304535)

explain: for point_selects :: explain SELECT c FROM sbtest%u WHERE id=%u
explain: for point_selects :: explain SELECT c FROM sbtest%u WHERE id=%u
for point_selects
table 1 : explain SELECT c FROM sbtest1 WHERE id=8123627
	Index Scan using sbtest1_pkey on sbtest1  (cost=0.43..8.45 rows=1 width=121)
	  Index Cond: (id = 8123627)

table 2 : explain SELECT c FROM sbtest2 WHERE id=4467873
	Index Scan using sbtest2_pkey on sbtest2  (cost=0.43..8.45 rows=1 width=121)
	  Index Cond: (id = 4467873)

table 3 : explain SELECT c FROM sbtest3 WHERE id=4638144
	Index Scan using sbtest3_pkey on sbtest3  (cost=0.43..8.45 rows=1 width=121)
	  Index Cond: (id = 4638144)

table 4 : explain SELECT c FROM sbtest4 WHERE id=9111304
	Index Scan using sbtest4_pkey on sbtest4  (cost=0.43..8.45 rows=1 width=121)
	  Index Cond: (id = 9111304)

table 5 : explain SELECT c FROM sbtest5 WHERE id=6659155
	Index Scan using sbtest5_pkey on sbtest5  (cost=0.43..8.45 rows=1 width=121)
	  Index Cond: (id = 6659155)

table 6 : explain SELECT c FROM sbtest6 WHERE id=1359120
	Index Scan using sbtest6_pkey on sbtest6  (cost=0.43..8.45 rows=1 width=121)
	  Index Cond: (id = 1359120)

table 7 : explain SELECT c FROM sbtest7 WHERE id=6646807
	Index Scan using sbtest7_pkey on sbtest7  (cost=0.43..8.45 rows=1 width=121)
	  Index Cond: (id = 6646807)

table 8 : explain SELECT c FROM sbtest8 WHERE id=3572431
	Index Scan using sbtest8_pkey on sbtest8  (cost=0.43..8.45 rows=1 width=121)
	  Index Cond: (id = 3572431)

for point_selects
table 1 : explain SELECT c FROM sbtest1 WHERE id=1887609
	Index Scan using sbtest1_pkey on sbtest1  (cost=0.43..8.45 rows=1 width=121)
	  Index Cond: (id = 1887609)

table 2 : explain SELECT c FROM sbtest2 WHERE id=9218243
	Index Scan using sbtest2_pkey on sbtest2  (cost=0.43..8.45 rows=1 width=121)
	  Index Cond: (id = 9218243)

table 3 : explain SELECT c FROM sbtest3 WHERE id=2643352
	Index Scan using sbtest3_pkey on sbtest3  (cost=0.43..8.45 rows=1 width=121)
	  Index Cond: (id = 2643352)

table 4 : explain SELECT c FROM sbtest4 WHERE id=3115554
	Index Scan using sbtest4_pkey on sbtest4  (cost=0.43..8.45 rows=1 width=121)
	  Index Cond: (id = 3115554)

table 5 : explain SELECT c FROM sbtest5 WHERE id=4689065
	Index Scan using sbtest5_pkey on sbtest5  (cost=0.43..8.45 rows=1 width=121)
	  Index Cond: (id = 4689065)

table 6 : explain SELECT c FROM sbtest6 WHERE id=7036287
	Index Scan using sbtest6_pkey on sbtest6  (cost=0.43..8.45 rows=1 width=121)
	  Index Cond: (id = 7036287)

table 7 : explain SELECT c FROM sbtest7 WHERE id=2786401
	Index Scan using sbtest7_pkey on sbtest7  (cost=0.43..8.45 rows=1 width=121)
	  Index Cond: (id = 2786401)

table 8 : explain SELECT c FROM sbtest8 WHERE id=1988172
	Index Scan using sbtest8_pkey on sbtest8  (cost=0.43..8.45 rows=1 width=121)
	  Index Cond: (id = 1988172)

explain: for point_selects :: explain SELECT c FROM sbtest%u WHERE id=%u
for point_selects
table 1 : explain SELECT c FROM sbtest1 WHERE id=3552733
	Index Scan using sbtest1_pkey on sbtest1  (cost=0.43..8.45 rows=1 width=121)
	  Index Cond: (id = 3552733)

table 2 : explain SELECT c FROM sbtest2 WHERE id=7141017
	Index Scan using sbtest2_pkey on sbtest2  (cost=0.43..8.45 rows=1 width=121)
	  Index Cond: (id = 7141017)

table 3 : explain SELECT c FROM sbtest3 WHERE id=9098073
	Index Scan using sbtest3_pkey on sbtest3  (cost=0.43..8.45 rows=1 width=121)
	  Index Cond: (id = 9098073)

table 4 : explain SELECT c FROM sbtest4 WHERE id=1309029
	Index Scan using sbtest4_pkey on sbtest4  (cost=0.43..8.45 rows=1 width=121)
	  Index Cond: (id = 1309029)

table 5 : explain SELECT c FROM sbtest5 WHERE id=4912369
	Index Scan using sbtest5_pkey on sbtest5  (cost=0.43..8.45 rows=1 width=121)
	  Index Cond: (id = 4912369)

table 6 : explain SELECT c FROM sbtest6 WHERE id=7069599
	Index Scan using sbtest6_pkey on sbtest6  (cost=0.43..8.45 rows=1 width=121)
	  Index Cond: (id = 7069599)

table 7 : explain SELECT c FROM sbtest7 WHERE id=8479453
	Index Scan using sbtest7_pkey on sbtest7  (cost=0.43..8.45 rows=1 width=121)
	  Index Cond: (id = 8479453)

table 8 : explain SELECT c FROM sbtest8 WHERE id=5027345
	Index Scan using sbtest8_pkey on sbtest8  (cost=0.43..8.45 rows=1 width=121)
	  Index Cond: (id = 5027345)

explain: for point_selects :: explain SELECT c FROM sbtest%u WHERE id=%u
explain: for point_selects :: explain SELECT c FROM sbtest%u WHERE id=%u
for point_selects
table 1 : explain SELECT c FROM sbtest1 WHERE id=336086
	Index Scan using sbtest1_pkey on sbtest1  (cost=0.43..8.45 rows=1 width=121)
	  Index Cond: (id = 336086)

table 2 : explain SELECT c FROM sbtest2 WHERE id=2096446
	Index Scan using sbtest2_pkey on sbtest2  (cost=0.43..8.45 rows=1 width=121)
	  Index Cond: (id = 2096446)

table 3 : explain SELECT c FROM sbtest3 WHERE id=2109052
	Index Scan using sbtest3_pkey on sbtest3  (cost=0.43..8.45 rows=1 width=121)
	  Index Cond: (id = 2109052)

table 4 : explain SELECT c FROM sbtest4 WHERE id=4687359
	Index Scan using sbtest4_pkey on sbtest4  (cost=0.43..8.45 rows=1 width=121)
	  Index Cond: (id = 4687359)

table 5 : explain SELECT c FROM sbtest5 WHERE id=2659104
	Index Scan using sbtest5_pkey on sbtest5  (cost=0.43..8.45 rows=1 width=121)
	  Index Cond: (id = 2659104)

table 6 : explain SELECT c FROM sbtest6 WHERE id=3619872
	Index Scan using sbtest6_pkey on sbtest6  (cost=0.43..8.45 rows=1 width=121)
	  Index Cond: (id = 3619872)

table 7 : explain SELECT c FROM sbtest7 WHERE id=4094605
	Index Scan using sbtest7_pkey on sbtest7  (cost=0.43..8.45 rows=1 width=121)
	  Index Cond: (id = 4094605)

table 8 : explain SELECT c FROM sbtest8 WHERE id=3149874
	Index Scan using sbtest8_pkey on sbtest8  (cost=0.43..8.45 rows=1 width=121)
	  Index Cond: (id = 3149874)

for point_selects
table 1 : explain SELECT c FROM sbtest1 WHERE id=7614704
	Index Scan using sbtest1_pkey on sbtest1  (cost=0.43..8.45 rows=1 width=121)
	  Index Cond: (id = 7614704)

table 2 : explain SELECT c FROM sbtest2 WHERE id=9941623
	Index Scan using sbtest2_pkey on sbtest2  (cost=0.43..8.45 rows=1 width=121)
	  Index Cond: (id = 9941623)

table 3 : explain SELECT c FROM sbtest3 WHERE id=8455431
	Index Scan using sbtest3_pkey on sbtest3  (cost=0.43..8.45 rows=1 width=121)
	  Index Cond: (id = 8455431)

table 4 : explain SELECT c FROM sbtest4 WHERE id=8590683
	Index Scan using sbtest4_pkey on sbtest4  (cost=0.43..8.45 rows=1 width=121)
	  Index Cond: (id = 8590683)

table 5 : explain SELECT c FROM sbtest5 WHERE id=4269467
	Index Scan using sbtest5_pkey on sbtest5  (cost=0.43..8.45 rows=1 width=121)
	  Index Cond: (id = 4269467)

table 6 : explain SELECT c FROM sbtest6 WHERE id=4389827
	Index Scan using sbtest6_pkey on sbtest6  (cost=0.43..8.45 rows=1 width=121)
	  Index Cond: (id = 4389827)

table 7 : explain SELECT c FROM sbtest7 WHERE id=1451774
	Index Scan using sbtest7_pkey on sbtest7  (cost=0.43..8.45 rows=1 width=121)
	  Index Cond: (id = 1451774)

table 8 : explain SELECT c FROM sbtest8 WHERE id=2134603
	Index Scan using sbtest8_pkey on sbtest8  (cost=0.43..8.45 rows=1 width=121)
	  Index Cond: (id = 2134603)

explain: for point_selects :: explain SELECT c FROM sbtest%u WHERE id=%u
for point_selects
table 1 : explain SELECT c FROM sbtest1 WHERE id=4705364
	Index Scan using sbtest1_pkey on sbtest1  (cost=0.43..8.45 rows=1 width=121)
	  Index Cond: (id = 4705364)

table 2 : explain SELECT c FROM sbtest2 WHERE id=949408
	Index Scan using sbtest2_pkey on sbtest2  (cost=0.43..8.45 rows=1 width=121)
	  Index Cond: (id = 949408)

table 3 : explain SELECT c FROM sbtest3 WHERE id=7082059
	Index Scan using sbtest3_pkey on sbtest3  (cost=0.43..8.45 rows=1 width=121)
	  Index Cond: (id = 7082059)

table 4 : explain SELECT c FROM sbtest4 WHERE id=8033849
	Index Scan using sbtest4_pkey on sbtest4  (cost=0.43..8.45 rows=1 width=121)
	  Index Cond: (id = 8033849)

table 5 : explain SELECT c FROM sbtest5 WHERE id=4156091
	Index Scan using sbtest5_pkey on sbtest5  (cost=0.43..8.45 rows=1 width=121)
	  Index Cond: (id = 4156091)

table 6 : explain SELECT c FROM sbtest6 WHERE id=565189
	Index Scan using sbtest6_pkey on sbtest6  (cost=0.43..8.45 rows=1 width=121)
	  Index Cond: (id = 565189)

table 7 : explain SELECT c FROM sbtest7 WHERE id=1464691
	Index Scan using sbtest7_pkey on sbtest7  (cost=0.43..8.45 rows=1 width=121)
	  Index Cond: (id = 1464691)

table 8 : explain SELECT c FROM sbtest8 WHERE id=5812400
	Index Scan using sbtest8_pkey on sbtest8  (cost=0.43..8.45 rows=1 width=121)
	  Index Cond: (id = 5812400)

for point_selects
table 1 : explain SELECT c FROM sbtest1 WHERE id=8968765
	Index Scan using sbtest1_pkey on sbtest1  (cost=0.43..8.45 rows=1 width=121)
	  Index Cond: (id = 8968765)

table 2 : explain SELECT c FROM sbtest2 WHERE id=9705570
	Index Scan using sbtest2_pkey on sbtest2  (cost=0.43..8.45 rows=1 width=121)
	  Index Cond: (id = 9705570)

table 3 : explain SELECT c FROM sbtest3 WHERE id=8594225
	Index Scan using sbtest3_pkey on sbtest3  (cost=0.43..8.45 rows=1 width=121)
	  Index Cond: (id = 8594225)

table 4 : explain SELECT c FROM sbtest4 WHERE id=1906676
	Index Scan using sbtest4_pkey on sbtest4  (cost=0.43..8.45 rows=1 width=121)
	  Index Cond: (id = 1906676)

table 5 : explain SELECT c FROM sbtest5 WHERE id=4459446
	Index Scan using sbtest5_pkey on sbtest5  (cost=0.43..8.45 rows=1 width=121)
	  Index Cond: (id = 4459446)

table 6 : explain SELECT c FROM sbtest6 WHERE id=8193031
	Index Scan using sbtest6_pkey on sbtest6  (cost=0.43..8.45 rows=1 width=121)
	  Index Cond: (id = 8193031)

table 7 : explain SELECT c FROM sbtest7 WHERE id=8147817
	Index Scan using sbtest7_pkey on sbtest7  (cost=0.43..8.45 rows=1 width=121)
	  Index Cond: (id = 8147817)

table 8 : explain SELECT c FROM sbtest8 WHERE id=1575821
	Index Scan using sbtest8_pkey on sbtest8  (cost=0.43..8.45 rows=1 width=121)
	  Index Cond: (id = 1575821)

explain: for point_selects :: explain SELECT c FROM sbtest%u WHERE id=%u
explain: for point_selects :: explain SELECT c FROM sbtest%u WHERE id=%u
for point_selects
table 1 : explain SELECT c FROM sbtest1 WHERE id=4014667
	Index Scan using sbtest1_pkey on sbtest1  (cost=0.43..8.45 rows=1 width=121)
	  Index Cond: (id = 4014667)

table 2 : explain SELECT c FROM sbtest2 WHERE id=7810752
	Index Scan using sbtest2_pkey on sbtest2  (cost=0.43..8.45 rows=1 width=121)
	  Index Cond: (id = 7810752)

table 3 : explain SELECT c FROM sbtest3 WHERE id=4599762
	Index Scan using sbtest3_pkey on sbtest3  (cost=0.43..8.45 rows=1 width=121)
	  Index Cond: (id = 4599762)

table 4 : explain SELECT c FROM sbtest4 WHERE id=7458285
	Index Scan using sbtest4_pkey on sbtest4  (cost=0.43..8.45 rows=1 width=121)
	  Index Cond: (id = 7458285)

table 5 : explain SELECT c FROM sbtest5 WHERE id=4517494
	Index Scan using sbtest5_pkey on sbtest5  (cost=0.43..8.45 rows=1 width=121)
	  Index Cond: (id = 4517494)

table 6 : explain SELECT c FROM sbtest6 WHERE id=6321210
	Index Scan using sbtest6_pkey on sbtest6  (cost=0.43..8.45 rows=1 width=121)
	  Index Cond: (id = 6321210)

table 7 : explain SELECT c FROM sbtest7 WHERE id=5620447
	Index Scan using sbtest7_pkey on sbtest7  (cost=0.43..8.45 rows=1 width=121)
	  Index Cond: (id = 5620447)

table 8 : explain SELECT c FROM sbtest8 WHERE id=82972
	Index Scan using sbtest8_pkey on sbtest8  (cost=0.43..8.45 rows=1 width=121)
	  Index Cond: (id = 82972)

explain: for point_selects :: explain SELECT c FROM sbtest%u WHERE id=%u
for point_selects
table 1 : explain SELECT c FROM sbtest1 WHERE id=1610442
	Index Scan using sbtest1_pkey on sbtest1  (cost=0.43..8.45 rows=1 width=121)
	  Index Cond: (id = 1610442)

table 2 : explain SELECT c FROM sbtest2 WHERE id=4546615
	Index Scan using sbtest2_pkey on sbtest2  (cost=0.43..8.45 rows=1 width=121)
	  Index Cond: (id = 4546615)

table 3 : explain SELECT c FROM sbtest3 WHERE id=6076356
	Index Scan using sbtest3_pkey on sbtest3  (cost=0.43..8.45 rows=1 width=121)
	  Index Cond: (id = 6076356)

table 4 : explain SELECT c FROM sbtest4 WHERE id=2778621
	Index Scan using sbtest4_pkey on sbtest4  (cost=0.43..8.45 rows=1 width=121)
	  Index Cond: (id = 2778621)

table 5 : explain SELECT c FROM sbtest5 WHERE id=2704100
	Index Scan using sbtest5_pkey on sbtest5  (cost=0.43..8.45 rows=1 width=121)
	  Index Cond: (id = 2704100)

table 6 : explain SELECT c FROM sbtest6 WHERE id=8640114
	Index Scan using sbtest6_pkey on sbtest6  (cost=0.43..8.45 rows=1 width=121)
	  Index Cond: (id = 8640114)

table 7 : explain SELECT c FROM sbtest7 WHERE id=1610751
	Index Scan using sbtest7_pkey on sbtest7  (cost=0.43..8.45 rows=1 width=121)
	  Index Cond: (id = 1610751)

table 8 : explain SELECT c FROM sbtest8 WHERE id=1219877
	Index Scan using sbtest8_pkey on sbtest8  (cost=0.43..8.45 rows=1 width=121)
	  Index Cond: (id = 1219877)

for point_selects
table 1 : explain SELECT c FROM sbtest1 WHERE id=9401233
	Index Scan using sbtest1_pkey on sbtest1  (cost=0.43..8.45 rows=1 width=121)
	  Index Cond: (id = 9401233)

table 2 : explain SELECT c FROM sbtest2 WHERE id=6366018
	Index Scan using sbtest2_pkey on sbtest2  (cost=0.43..8.45 rows=1 width=121)
	  Index Cond: (id = 6366018)

table 3 : explain SELECT c FROM sbtest3 WHERE id=5357508
	Index Scan using sbtest3_pkey on sbtest3  (cost=0.43..8.45 rows=1 width=121)
	  Index Cond: (id = 5357508)

table 4 : explain SELECT c FROM sbtest4 WHERE id=2284939
	Index Scan using sbtest4_pkey on sbtest4  (cost=0.43..8.45 rows=1 width=121)
	  Index Cond: (id = 2284939)

table 5 : explain SELECT c FROM sbtest5 WHERE id=4494466
	Index Scan using sbtest5_pkey on sbtest5  (cost=0.43..8.45 rows=1 width=121)
	  Index Cond: (id = 4494466)

table 6 : explain SELECT c FROM sbtest6 WHERE id=1199389
	Index Scan using sbtest6_pkey on sbtest6  (cost=0.43..8.45 rows=1 width=121)
	  Index Cond: (id = 1199389)

table 7 : explain SELECT c FROM sbtest7 WHERE id=5367764
	Index Scan using sbtest7_pkey on sbtest7  (cost=0.43..8.45 rows=1 width=121)
	  Index Cond: (id = 5367764)

table 8 : explain SELECT c FROM sbtest8 WHERE id=4507651
	Index Scan using sbtest8_pkey on sbtest8  (cost=0.43..8.45 rows=1 width=121)
	  Index Cond: (id = 4507651)

for point_selects
table 1 : explain SELECT c FROM sbtest1 WHERE id=3116411
	Index Scan using sbtest1_pkey on sbtest1  (cost=0.43..8.45 rows=1 width=121)
	  Index Cond: (id = 3116411)

table 2 : explain SELECT c FROM sbtest2 WHERE id=5916231
	Index Scan using sbtest2_pkey on sbtest2  (cost=0.43..8.45 rows=1 width=121)
	  Index Cond: (id = 5916231)

table 3 : explain SELECT c FROM sbtest3 WHERE id=4554091
	Index Scan using sbtest3_pkey on sbtest3  (cost=0.43..8.45 rows=1 width=121)
	  Index Cond: (id = 4554091)

table 4 : explain SELECT c FROM sbtest4 WHERE id=3185777
	Index Scan using sbtest4_pkey on sbtest4  (cost=0.43..8.45 rows=1 width=121)
	  Index Cond: (id = 3185777)

table 5 : explain SELECT c FROM sbtest5 WHERE id=6639820
	Index Scan using sbtest5_pkey on sbtest5  (cost=0.43..8.45 rows=1 width=121)
	  Index Cond: (id = 6639820)

table 6 : explain SELECT c FROM sbtest6 WHERE id=614553
	Index Scan using sbtest6_pkey on sbtest6  (cost=0.43..8.45 rows=1 width=121)
	  Index Cond: (id = 614553)

table 7 : explain SELECT c FROM sbtest7 WHERE id=228279
	Index Scan using sbtest7_pkey on sbtest7  (cost=0.43..8.45 rows=1 width=121)
	  Index Cond: (id = 228279)

table 8 : explain SELECT c FROM sbtest8 WHERE id=7932035
	Index Scan using sbtest8_pkey on sbtest8  (cost=0.43..8.45 rows=1 width=121)
	  Index Cond: (id = 7932035)

for point_selects
table 1 : explain SELECT c FROM sbtest1 WHERE id=9735027
	Index Scan using sbtest1_pkey on sbtest1  (cost=0.43..8.45 rows=1 width=121)
	  Index Cond: (id = 9735027)

table 2 : explain SELECT c FROM sbtest2 WHERE id=26983
	Index Scan using sbtest2_pkey on sbtest2  (cost=0.43..8.45 rows=1 width=121)
	  Index Cond: (id = 26983)

table 3 : explain SELECT c FROM sbtest3 WHERE id=960629
	Index Scan using sbtest3_pkey on sbtest3  (cost=0.43..8.45 rows=1 width=121)
	  Index Cond: (id = 960629)

table 4 : explain SELECT c FROM sbtest4 WHERE id=6808634
	Index Scan using sbtest4_pkey on sbtest4  (cost=0.43..8.45 rows=1 width=121)
	  Index Cond: (id = 6808634)

table 5 : explain SELECT c FROM sbtest5 WHERE id=6884525
	Index Scan using sbtest5_pkey on sbtest5  (cost=0.43..8.45 rows=1 width=121)
	  Index Cond: (id = 6884525)

table 6 : explain SELECT c FROM sbtest6 WHERE id=5612306
	Index Scan using sbtest6_pkey on sbtest6  (cost=0.43..8.45 rows=1 width=121)
	  Index Cond: (id = 5612306)

table 7 : explain SELECT c FROM sbtest7 WHERE id=977956
	Index Scan using sbtest7_pkey on sbtest7  (cost=0.43..8.45 rows=1 width=121)
	  Index Cond: (id = 977956)

table 8 : explain SELECT c FROM sbtest8 WHERE id=974889
	Index Scan using sbtest8_pkey on sbtest8  (cost=0.43..8.45 rows=1 width=121)
	  Index Cond: (id = 974889)

for point_selects
table 1 : explain SELECT c FROM sbtest1 WHERE id=4541577
	Index Scan using sbtest1_pkey on sbtest1  (cost=0.43..8.45 rows=1 width=121)
	  Index Cond: (id = 4541577)

table 2 : explain SELECT c FROM sbtest2 WHERE id=374833
	Index Scan using sbtest2_pkey on sbtest2  (cost=0.43..8.45 rows=1 width=121)
	  Index Cond: (id = 374833)

table 3 : explain SELECT c FROM sbtest3 WHERE id=7318438
	Index Scan using sbtest3_pkey on sbtest3  (cost=0.43..8.45 rows=1 width=121)
	  Index Cond: (id = 7318438)

table 4 : explain SELECT c FROM sbtest4 WHERE id=4832899
	Index Scan using sbtest4_pkey on sbtest4  (cost=0.43..8.45 rows=1 width=121)
	  Index Cond: (id = 4832899)

table 5 : explain SELECT c FROM sbtest5 WHERE id=9036566
	Index Scan using sbtest5_pkey on sbtest5  (cost=0.43..8.45 rows=1 width=121)
	  Index Cond: (id = 9036566)

table 6 : explain SELECT c FROM sbtest6 WHERE id=7517832
	Index Scan using sbtest6_pkey on sbtest6  (cost=0.43..8.45 rows=1 width=121)
	  Index Cond: (id = 7517832)

table 7 : explain SELECT c FROM sbtest7 WHERE id=4074084
	Index Scan using sbtest7_pkey on sbtest7  (cost=0.43..8.45 rows=1 width=121)
	  Index Cond: (id = 4074084)

table 8 : explain SELECT c FROM sbtest8 WHERE id=2159145
	Index Scan using sbtest8_pkey on sbtest8  (cost=0.43..8.45 rows=1 width=121)
	  Index Cond: (id = 2159145)

for point_selects
table 1 : explain SELECT c FROM sbtest1 WHERE id=93023
	Index Scan using sbtest1_pkey on sbtest1  (cost=0.43..8.45 rows=1 width=121)
	  Index Cond: (id = 93023)

table 2 : explain SELECT c FROM sbtest2 WHERE id=8424087
	Index Scan using sbtest2_pkey on sbtest2  (cost=0.43..8.45 rows=1 width=121)
	  Index Cond: (id = 8424087)

table 3 : explain SELECT c FROM sbtest3 WHERE id=2479919
	Index Scan using sbtest3_pkey on sbtest3  (cost=0.43..8.45 rows=1 width=121)
	  Index Cond: (id = 2479919)

table 4 : explain SELECT c FROM sbtest4 WHERE id=3765580
	Index Scan using sbtest4_pkey on sbtest4  (cost=0.43..8.45 rows=1 width=121)
	  Index Cond: (id = 3765580)

table 5 : explain SELECT c FROM sbtest5 WHERE id=8128560
	Index Scan using sbtest5_pkey on sbtest5  (cost=0.43..8.45 rows=1 width=121)
	  Index Cond: (id = 8128560)

table 6 : explain SELECT c FROM sbtest6 WHERE id=3496368
	Index Scan using sbtest6_pkey on sbtest6  (cost=0.43..8.45 rows=1 width=121)
	  Index Cond: (id = 3496368)

table 7 : explain SELECT c FROM sbtest7 WHERE id=1048970
	Index Scan using sbtest7_pkey on sbtest7  (cost=0.43..8.45 rows=1 width=121)
	  Index Cond: (id = 1048970)

table 8 : explain SELECT c FROM sbtest8 WHERE id=6571526
	Index Scan using sbtest8_pkey on sbtest8  (cost=0.43..8.45 rows=1 width=121)
	  Index Cond: (id = 6571526)

for point_selects
table 1 : explain SELECT c FROM sbtest1 WHERE id=5429802
	Index Scan using sbtest1_pkey on sbtest1  (cost=0.43..8.45 rows=1 width=121)
	  Index Cond: (id = 5429802)

table 2 : explain SELECT c FROM sbtest2 WHERE id=6984967
	Index Scan using sbtest2_pkey on sbtest2  (cost=0.43..8.45 rows=1 width=121)
	  Index Cond: (id = 6984967)

table 3 : explain SELECT c FROM sbtest3 WHERE id=2349461
	Index Scan using sbtest3_pkey on sbtest3  (cost=0.43..8.45 rows=1 width=121)
	  Index Cond: (id = 2349461)

table 4 : explain SELECT c FROM sbtest4 WHERE id=9068753
	Index Scan using sbtest4_pkey on sbtest4  (cost=0.43..8.45 rows=1 width=121)
	  Index Cond: (id = 9068753)

table 5 : explain SELECT c FROM sbtest5 WHERE id=7892164
	Index Scan using sbtest5_pkey on sbtest5  (cost=0.43..8.45 rows=1 width=121)
	  Index Cond: (id = 7892164)

table 6 : explain SELECT c FROM sbtest6 WHERE id=2789175
	Index Scan using sbtest6_pkey on sbtest6  (cost=0.43..8.45 rows=1 width=121)
	  Index Cond: (id = 2789175)

table 7 : explain SELECT c FROM sbtest7 WHERE id=287651
	Index Scan using sbtest7_pkey on sbtest7  (cost=0.43..8.45 rows=1 width=121)
	  Index Cond: (id = 287651)

table 8 : explain SELECT c FROM sbtest8 WHERE id=9168480
	Index Scan using sbtest8_pkey on sbtest8  (cost=0.43..8.45 rows=1 width=121)
	  Index Cond: (id = 9168480)

for point_selects
table 1 : explain SELECT c FROM sbtest1 WHERE id=2317708
	Index Scan using sbtest1_pkey on sbtest1  (cost=0.43..8.45 rows=1 width=121)
	  Index Cond: (id = 2317708)

table 2 : explain SELECT c FROM sbtest2 WHERE id=6834479
	Index Scan using sbtest2_pkey on sbtest2  (cost=0.43..8.45 rows=1 width=121)
	  Index Cond: (id = 6834479)

table 3 : explain SELECT c FROM sbtest3 WHERE id=766224
	Index Scan using sbtest3_pkey on sbtest3  (cost=0.43..8.45 rows=1 width=121)
	  Index Cond: (id = 766224)

table 4 : explain SELECT c FROM sbtest4 WHERE id=6459148
	Index Scan using sbtest4_pkey on sbtest4  (cost=0.43..8.45 rows=1 width=121)
	  Index Cond: (id = 6459148)

table 5 : explain SELECT c FROM sbtest5 WHERE id=1618361
	Index Scan using sbtest5_pkey on sbtest5  (cost=0.43..8.45 rows=1 width=121)
	  Index Cond: (id = 1618361)

table 6 : explain SELECT c FROM sbtest6 WHERE id=6815087
	Index Scan using sbtest6_pkey on sbtest6  (cost=0.43..8.45 rows=1 width=121)
	  Index Cond: (id = 6815087)

table 7 : explain SELECT c FROM sbtest7 WHERE id=3125287
	Index Scan using sbtest7_pkey on sbtest7  (cost=0.43..8.45 rows=1 width=121)
	  Index Cond: (id = 3125287)

table 8 : explain SELECT c FROM sbtest8 WHERE id=8062758
	Index Scan using sbtest8_pkey on sbtest8  (cost=0.43..8.45 rows=1 width=121)
	  Index Cond: (id = 8062758)

for point_selects
table 1 : explain SELECT c FROM sbtest1 WHERE id=4873070
	Index Scan using sbtest1_pkey on sbtest1  (cost=0.43..8.45 rows=1 width=121)
	  Index Cond: (id = 4873070)

table 2 : explain SELECT c FROM sbtest2 WHERE id=231738
	Index Scan using sbtest2_pkey on sbtest2  (cost=0.43..8.45 rows=1 width=121)
	  Index Cond: (id = 231738)

table 3 : explain SELECT c FROM sbtest3 WHERE id=1493732
	Index Scan using sbtest3_pkey on sbtest3  (cost=0.43..8.45 rows=1 width=121)
	  Index Cond: (id = 1493732)

table 4 : explain SELECT c FROM sbtest4 WHERE id=3607673
	Index Scan using sbtest4_pkey on sbtest4  (cost=0.43..8.45 rows=1 width=121)
	  Index Cond: (id = 3607673)

table 5 : explain SELECT c FROM sbtest5 WHERE id=6674370
	Index Scan using sbtest5_pkey on sbtest5  (cost=0.43..8.45 rows=1 width=121)
	  Index Cond: (id = 6674370)

table 6 : explain SELECT c FROM sbtest6 WHERE id=1050466
	Index Scan using sbtest6_pkey on sbtest6  (cost=0.43..8.45 rows=1 width=121)
	  Index Cond: (id = 1050466)

table 7 : explain SELECT c FROM sbtest7 WHERE id=8614416
	Index Scan using sbtest7_pkey on sbtest7  (cost=0.43..8.45 rows=1 width=121)
	  Index Cond: (id = 8614416)

table 8 : explain SELECT c FROM sbtest8 WHERE id=3325644
	Index Scan using sbtest8_pkey on sbtest8  (cost=0.43..8.45 rows=1 width=121)
	  Index Cond: (id = 3325644)

for point_selects
table 1 : explain SELECT c FROM sbtest1 WHERE id=5192328
	Index Scan using sbtest1_pkey on sbtest1  (cost=0.43..8.45 rows=1 width=121)
	  Index Cond: (id = 5192328)

table 2 : explain SELECT c FROM sbtest2 WHERE id=3966893
	Index Scan using sbtest2_pkey on sbtest2  (cost=0.43..8.45 rows=1 width=121)
	  Index Cond: (id = 3966893)

table 3 : explain SELECT c FROM sbtest3 WHERE id=4235593
	Index Scan using sbtest3_pkey on sbtest3  (cost=0.43..8.45 rows=1 width=121)
	  Index Cond: (id = 4235593)

table 4 : explain SELECT c FROM sbtest4 WHERE id=1457916
	Index Scan using sbtest4_pkey on sbtest4  (cost=0.43..8.45 rows=1 width=121)
	  Index Cond: (id = 1457916)

table 5 : explain SELECT c FROM sbtest5 WHERE id=5298834
	Index Scan using sbtest5_pkey on sbtest5  (cost=0.43..8.45 rows=1 width=121)
	  Index Cond: (id = 5298834)

table 6 : explain SELECT c FROM sbtest6 WHERE id=3759883
	Index Scan using sbtest6_pkey on sbtest6  (cost=0.43..8.45 rows=1 width=121)
	  Index Cond: (id = 3759883)

table 7 : explain SELECT c FROM sbtest7 WHERE id=6305407
	Index Scan using sbtest7_pkey on sbtest7  (cost=0.43..8.45 rows=1 width=121)
	  Index Cond: (id = 6305407)

table 8 : explain SELECT c FROM sbtest8 WHERE id=6653991
	Index Scan using sbtest8_pkey on sbtest8  (cost=0.43..8.45 rows=1 width=121)
	  Index Cond: (id = 6653991)

for point_selects
table 1 : explain SELECT c FROM sbtest1 WHERE id=5233162
	Index Scan using sbtest1_pkey on sbtest1  (cost=0.43..8.45 rows=1 width=121)
	  Index Cond: (id = 5233162)

table 2 : explain SELECT c FROM sbtest2 WHERE id=9597830
	Index Scan using sbtest2_pkey on sbtest2  (cost=0.43..8.45 rows=1 width=121)
	  Index Cond: (id = 9597830)

table 3 : explain SELECT c FROM sbtest3 WHERE id=5980140
	Index Scan using sbtest3_pkey on sbtest3  (cost=0.43..8.45 rows=1 width=121)
	  Index Cond: (id = 5980140)

table 4 : explain SELECT c FROM sbtest4 WHERE id=6722790
	Index Scan using sbtest4_pkey on sbtest4  (cost=0.43..8.45 rows=1 width=121)
	  Index Cond: (id = 6722790)

table 5 : explain SELECT c FROM sbtest5 WHERE id=9983434
	Index Scan using sbtest5_pkey on sbtest5  (cost=0.43..8.45 rows=1 width=121)
	  Index Cond: (id = 9983434)

table 6 : explain SELECT c FROM sbtest6 WHERE id=3702015
	Index Scan using sbtest6_pkey on sbtest6  (cost=0.43..8.45 rows=1 width=121)
	  Index Cond: (id = 3702015)

table 7 : explain SELECT c FROM sbtest7 WHERE id=9770913
	Index Scan using sbtest7_pkey on sbtest7  (cost=0.43..8.45 rows=1 width=121)
	  Index Cond: (id = 9770913)

table 8 : explain SELECT c FROM sbtest8 WHERE id=9393794
	Index Scan using sbtest8_pkey on sbtest8  (cost=0.43..8.45 rows=1 width=121)
	  Index Cond: (id = 9393794)

for point_selects
table 1 : explain SELECT c FROM sbtest1 WHERE id=2195927
	Index Scan using sbtest1_pkey on sbtest1  (cost=0.43..8.45 rows=1 width=121)
	  Index Cond: (id = 2195927)

table 2 : explain SELECT c FROM sbtest2 WHERE id=902561
	Index Scan using sbtest2_pkey on sbtest2  (cost=0.43..8.45 rows=1 width=121)
	  Index Cond: (id = 902561)

table 3 : explain SELECT c FROM sbtest3 WHERE id=7936825
	Index Scan using sbtest3_pkey on sbtest3  (cost=0.43..8.45 rows=1 width=121)
	  Index Cond: (id = 7936825)

table 4 : explain SELECT c FROM sbtest4 WHERE id=9459752
	Index Scan using sbtest4_pkey on sbtest4  (cost=0.43..8.45 rows=1 width=121)
	  Index Cond: (id = 9459752)

table 5 : explain SELECT c FROM sbtest5 WHERE id=8685127
	Index Scan using sbtest5_pkey on sbtest5  (cost=0.43..8.45 rows=1 width=121)
	  Index Cond: (id = 8685127)

table 6 : explain SELECT c FROM sbtest6 WHERE id=8278962
	Index Scan using sbtest6_pkey on sbtest6  (cost=0.43..8.45 rows=1 width=121)
	  Index Cond: (id = 8278962)

table 7 : explain SELECT c FROM sbtest7 WHERE id=4223015
	Index Scan using sbtest7_pkey on sbtest7  (cost=0.43..8.45 rows=1 width=121)
	  Index Cond: (id = 4223015)

table 8 : explain SELECT c FROM sbtest8 WHERE id=4182740
	Index Scan using sbtest8_pkey on sbtest8  (cost=0.43..8.45 rows=1 width=121)
	  Index Cond: (id = 4182740)

for point_selects
table 1 : explain SELECT c FROM sbtest1 WHERE id=9108206
	Index Scan using sbtest1_pkey on sbtest1  (cost=0.43..8.45 rows=1 width=121)
	  Index Cond: (id = 9108206)

table 2 : explain SELECT c FROM sbtest2 WHERE id=2469406
	Index Scan using sbtest2_pkey on sbtest2  (cost=0.43..8.45 rows=1 width=121)
	  Index Cond: (id = 2469406)

table 3 : explain SELECT c FROM sbtest3 WHERE id=9939306
	Index Scan using sbtest3_pkey on sbtest3  (cost=0.43..8.45 rows=1 width=121)
	  Index Cond: (id = 9939306)

table 4 : explain SELECT c FROM sbtest4 WHERE id=1857516
	Index Scan using sbtest4_pkey on sbtest4  (cost=0.43..8.45 rows=1 width=121)
	  Index Cond: (id = 1857516)

table 5 : explain SELECT c FROM sbtest5 WHERE id=8825159
	Index Scan using sbtest5_pkey on sbtest5  (cost=0.43..8.45 rows=1 width=121)
	  Index Cond: (id = 8825159)

table 6 : explain SELECT c FROM sbtest6 WHERE id=6317565
	Index Scan using sbtest6_pkey on sbtest6  (cost=0.43..8.45 rows=1 width=121)
	  Index Cond: (id = 6317565)

table 7 : explain SELECT c FROM sbtest7 WHERE id=9105955
	Index Scan using sbtest7_pkey on sbtest7  (cost=0.43..8.45 rows=1 width=121)
	  Index Cond: (id = 9105955)

table 8 : explain SELECT c FROM sbtest8 WHERE id=3734049
	Index Scan using sbtest8_pkey on sbtest8  (cost=0.43..8.45 rows=1 width=121)
	  Index Cond: (id = 3734049)

for point_selects
table 1 : explain SELECT c FROM sbtest1 WHERE id=8705709
	Index Scan using sbtest1_pkey on sbtest1  (cost=0.43..8.45 rows=1 width=121)
	  Index Cond: (id = 8705709)

table 2 : explain SELECT c FROM sbtest2 WHERE id=1376714
	Index Scan using sbtest2_pkey on sbtest2  (cost=0.43..8.45 rows=1 width=121)
	  Index Cond: (id = 1376714)

table 3 : explain SELECT c FROM sbtest3 WHERE id=873515
	Index Scan using sbtest3_pkey on sbtest3  (cost=0.43..8.45 rows=1 width=121)
	  Index Cond: (id = 873515)

table 4 : explain SELECT c FROM sbtest4 WHERE id=4613156
	Index Scan using sbtest4_pkey on sbtest4  (cost=0.43..8.45 rows=1 width=121)
	  Index Cond: (id = 4613156)

table 5 : explain SELECT c FROM sbtest5 WHERE id=2446890
	Index Scan using sbtest5_pkey on sbtest5  (cost=0.43..8.45 rows=1 width=121)
	  Index Cond: (id = 2446890)

table 6 : explain SELECT c FROM sbtest6 WHERE id=6386033
	Index Scan using sbtest6_pkey on sbtest6  (cost=0.43..8.45 rows=1 width=121)
	  Index Cond: (id = 6386033)

table 7 : explain SELECT c FROM sbtest7 WHERE id=9580514
	Index Scan using sbtest7_pkey on sbtest7  (cost=0.43..8.45 rows=1 width=121)
	  Index Cond: (id = 9580514)

table 8 : explain SELECT c FROM sbtest8 WHERE id=4522833
	Index Scan using sbtest8_pkey on sbtest8  (cost=0.43..8.45 rows=1 width=121)
	  Index Cond: (id = 4522833)

for point_selects
table 1 : explain SELECT c FROM sbtest1 WHERE id=838017
	Index Scan using sbtest1_pkey on sbtest1  (cost=0.43..8.45 rows=1 width=121)
	  Index Cond: (id = 838017)

table 2 : explain SELECT c FROM sbtest2 WHERE id=1490447
	Index Scan using sbtest2_pkey on sbtest2  (cost=0.43..8.45 rows=1 width=121)
	  Index Cond: (id = 1490447)

table 3 : explain SELECT c FROM sbtest3 WHERE id=5493375
	Index Scan using sbtest3_pkey on sbtest3  (cost=0.43..8.45 rows=1 width=121)
	  Index Cond: (id = 5493375)

table 4 : explain SELECT c FROM sbtest4 WHERE id=1584031
	Index Scan using sbtest4_pkey on sbtest4  (cost=0.43..8.45 rows=1 width=121)
	  Index Cond: (id = 1584031)

table 5 : explain SELECT c FROM sbtest5 WHERE id=4457422
	Index Scan using sbtest5_pkey on sbtest5  (cost=0.43..8.45 rows=1 width=121)
	  Index Cond: (id = 4457422)

table 6 : explain SELECT c FROM sbtest6 WHERE id=5926919
	Index Scan using sbtest6_pkey on sbtest6  (cost=0.43..8.45 rows=1 width=121)
	  Index Cond: (id = 5926919)

table 7 : explain SELECT c FROM sbtest7 WHERE id=7855631
	Index Scan using sbtest7_pkey on sbtest7  (cost=0.43..8.45 rows=1 width=121)
	  Index Cond: (id = 7855631)

table 8 : explain SELECT c FROM sbtest8 WHERE id=6889736
	Index Scan using sbtest8_pkey on sbtest8  (cost=0.43..8.45 rows=1 width=121)
	  Index Cond: (id = 6889736)

for point_selects
table 1 : explain SELECT c FROM sbtest1 WHERE id=3902255
	Index Scan using sbtest1_pkey on sbtest1  (cost=0.43..8.45 rows=1 width=121)
	  Index Cond: (id = 3902255)

table 2 : explain SELECT c FROM sbtest2 WHERE id=7904179
	Index Scan using sbtest2_pkey on sbtest2  (cost=0.43..8.45 rows=1 width=121)
	  Index Cond: (id = 7904179)

table 3 : explain SELECT c FROM sbtest3 WHERE id=8903576
	Index Scan using sbtest3_pkey on sbtest3  (cost=0.43..8.45 rows=1 width=121)
	  Index Cond: (id = 8903576)

table 4 : explain SELECT c FROM sbtest4 WHERE id=4497539
	Index Scan using sbtest4_pkey on sbtest4  (cost=0.43..8.45 rows=1 width=121)
	  Index Cond: (id = 4497539)

table 5 : explain SELECT c FROM sbtest5 WHERE id=4894837
	Index Scan using sbtest5_pkey on sbtest5  (cost=0.43..8.45 rows=1 width=121)
	  Index Cond: (id = 4894837)

table 6 : explain SELECT c FROM sbtest6 WHERE id=9869469
	Index Scan using sbtest6_pkey on sbtest6  (cost=0.43..8.45 rows=1 width=121)
	  Index Cond: (id = 9869469)

table 7 : explain SELECT c FROM sbtest7 WHERE id=3068499
	Index Scan using sbtest7_pkey on sbtest7  (cost=0.43..8.45 rows=1 width=121)
	  Index Cond: (id = 3068499)

table 8 : explain SELECT c FROM sbtest8 WHERE id=9191481
	Index Scan using sbtest8_pkey on sbtest8  (cost=0.43..8.45 rows=1 width=121)
	  Index Cond: (id = 9191481)

Threads started!

Warming up for 5 seconds...

SQL statistics:
    queries performed:
        read:                            690538425
        write:                           0
        other:                           0
        total:                           690538425
    transactions:                        690538425 (1096062.18 per sec.)
    queries:                             690538425 (1096062.18 per sec.)
    ignored errors:                      0      (0.00 per sec.)
    reconnects:                          0      (0.00 per sec.)

Throughput:
    events/s (eps):                      1096062.1774
    time elapsed:                        630.0177s
    total number of events:              690538425

Latency (ms):
         min:                                    0.03
         avg:                                    0.04
         max:                                   24.08
         95th percentile:                        0.04
         sum:                             25015755.80

Threads fairness:
    events (avg/stddev):           17263438.3750/185207.75
    execution time (avg/stddev):   625.3939/0.10

