LUA_PATH=/home/mdcallag/git/mytools/bench/sysbench.lua/lua/?.lua /home/mdcallag/git/mytools/bench/sysbench.lua/lua/sysbench --db-driver=pgsql --range-size=10 --table-size=10000000 --tables=8 --threads=40 --events=0 --warmup-time=5 --time=630 --pgsql_conn_id=true /home/mdcallag/git/mytools/bench/sysbench.lua/lua/oltp_read_only.lua run --pgsql-user=root --pgsql-password=pw --pgsql-host=127.0.0.1 --pgsql-db=ib --rand-type=uniform
48 CPUs
sysbench 1.1.0-9072687 (using bundled LuaJIT 2.1.0-beta3)

Running the test with following options:
Number of threads: 40
Warmup time: 5s
Initializing random number generator from current time


Initializing worker threads...

explain: for point_selects :: explain SELECT c FROM sbtest%u WHERE id=%u
explain: for point_selects :: explain SELECT c FROM sbtest%u WHERE id=%u
explain: for point_selects :: explain SELECT c FROM sbtest%u WHERE id=%u
explain: for point_selects :: explain SELECT c FROM sbtest%u WHERE id=%u
explain: for point_selects :: explain SELECT c FROM sbtest%u WHERE id=%u
explain: for point_selects :: explain SELECT c FROM sbtest%u WHERE id=%u
explain: for point_selects :: explain SELECT c FROM sbtest%u WHERE id=%u
explain: for point_selects :: explain SELECT c FROM sbtest%u WHERE id=%u
explain: for point_selects :: explain SELECT c FROM sbtest%u WHERE id=%u
explain: for point_selects :: explain SELECT c FROM sbtest%u WHERE id=%u
explain: for point_selects :: explain SELECT c FROM sbtest%u WHERE id=%u
explain: for point_selects :: explain SELECT c FROM sbtest%u WHERE id=%u
explain: for point_selects :: explain SELECT c FROM sbtest%u WHERE id=%u
explain: for point_selects :: explain SELECT c FROM sbtest%u WHERE id=%u
explain: for point_selects :: explain SELECT c FROM sbtest%u WHERE id=%u
explain: for point_selects :: explain SELECT c FROM sbtest%u WHERE id=%u
explain: for point_selects :: explain SELECT c FROM sbtest%u WHERE id=%u
explain: for point_selects :: explain SELECT c FROM sbtest%u WHERE id=%u
explain: for point_selects :: explain SELECT c FROM sbtest%u WHERE id=%u
explain: for point_selects :: explain SELECT c FROM sbtest%u WHERE id=%u
explain: for point_selects :: explain SELECT c FROM sbtest%u WHERE id=%u
explain: for point_selects :: explain SELECT c FROM sbtest%u WHERE id=%u
explain: for point_selects :: explain SELECT c FROM sbtest%u WHERE id=%u
explain: for point_selects :: explain SELECT c FROM sbtest%u WHERE id=%u
for point_selects
table 1 : explain SELECT c FROM sbtest1 WHERE id=6123072
	Index Scan using sbtest1_pkey on sbtest1  (cost=0.43..8.45 rows=1 width=121)
	  Index Cond: (id = 6123072)

table 2 : explain SELECT c FROM sbtest2 WHERE id=4101799
	Index Scan using sbtest2_pkey on sbtest2  (cost=0.43..8.45 rows=1 width=121)
	  Index Cond: (id = 4101799)

table 3 : explain SELECT c FROM sbtest3 WHERE id=4810403
	Index Scan using sbtest3_pkey on sbtest3  (cost=0.43..8.45 rows=1 width=121)
	  Index Cond: (id = 4810403)

table 4 : explain SELECT c FROM sbtest4 WHERE id=5253432
	Index Scan using sbtest4_pkey on sbtest4  (cost=0.43..8.45 rows=1 width=121)
	  Index Cond: (id = 5253432)

table 5 : explain SELECT c FROM sbtest5 WHERE id=9994645
	Index Scan using sbtest5_pkey on sbtest5  (cost=0.43..8.45 rows=1 width=121)
	  Index Cond: (id = 9994645)

table 6 : explain SELECT c FROM sbtest6 WHERE id=254548
	Index Scan using sbtest6_pkey on sbtest6  (cost=0.43..8.45 rows=1 width=121)
	  Index Cond: (id = 254548)

table 7 : explain SELECT c FROM sbtest7 WHERE id=3375124
	Index Scan using sbtest7_pkey on sbtest7  (cost=0.43..8.45 rows=1 width=121)
	  Index Cond: (id = 3375124)

table 8 : explain SELECT c FROM sbtest8 WHERE id=4736385
	Index Scan using sbtest8_pkey on sbtest8  (cost=0.43..8.45 rows=1 width=121)
	  Index Cond: (id = 4736385)

explain: for point_selects :: explain SELECT c FROM sbtest%u WHERE id=%u
for point_selects
table 1 : explain SELECT c FROM sbtest1 WHERE id=5225796
	Index Scan using sbtest1_pkey on sbtest1  (cost=0.43..8.45 rows=1 width=121)
	  Index Cond: (id = 5225796)

table 2 : explain SELECT c FROM sbtest2 WHERE id=2671039
	Index Scan using sbtest2_pkey on sbtest2  (cost=0.43..8.45 rows=1 width=121)
	  Index Cond: (id = 2671039)

table 3 : explain SELECT c FROM sbtest3 WHERE id=9575200
	Index Scan using sbtest3_pkey on sbtest3  (cost=0.43..8.45 rows=1 width=121)
	  Index Cond: (id = 9575200)

table 4 : explain SELECT c FROM sbtest4 WHERE id=4187331
	Index Scan using sbtest4_pkey on sbtest4  (cost=0.43..8.45 rows=1 width=121)
	  Index Cond: (id = 4187331)

table 5 : explain SELECT c FROM sbtest5 WHERE id=7426836
	Index Scan using sbtest5_pkey on sbtest5  (cost=0.43..8.45 rows=1 width=121)
	  Index Cond: (id = 7426836)

table 6 : explain SELECT c FROM sbtest6 WHERE id=2566029
	Index Scan using sbtest6_pkey on sbtest6  (cost=0.43..8.45 rows=1 width=121)
	  Index Cond: (id = 2566029)

table 7 : explain SELECT c FROM sbtest7 WHERE id=7071169
	Index Scan using sbtest7_pkey on sbtest7  (cost=0.43..8.45 rows=1 width=121)
	  Index Cond: (id = 7071169)

table 8 : explain SELECT c FROM sbtest8 WHERE id=356983
	Index Scan using sbtest8_pkey on sbtest8  (cost=0.43..8.45 rows=1 width=121)
	  Index Cond: (id = 356983)

for point_selects
table 1 : explain SELECT c FROM sbtest1 WHERE id=164814
	Index Scan using sbtest1_pkey on sbtest1  (cost=0.43..8.45 rows=1 width=121)
	  Index Cond: (id = 164814)

table 2 : explain SELECT c FROM sbtest2 WHERE id=1307072
	Index Scan using sbtest2_pkey on sbtest2  (cost=0.43..8.45 rows=1 width=121)
	  Index Cond: (id = 1307072)

table 3 : explain SELECT c FROM sbtest3 WHERE id=3992544
	Index Scan using sbtest3_pkey on sbtest3  (cost=0.43..8.45 rows=1 width=121)
	  Index Cond: (id = 3992544)

table 4 : explain SELECT c FROM sbtest4 WHERE id=1713635
	Index Scan using sbtest4_pkey on sbtest4  (cost=0.43..8.45 rows=1 width=121)
	  Index Cond: (id = 1713635)

table 5 : explain SELECT c FROM sbtest5 WHERE id=3693554
	Index Scan using sbtest5_pkey on sbtest5  (cost=0.43..8.45 rows=1 width=121)
	  Index Cond: (id = 3693554)

table 6 : explain SELECT c FROM sbtest6 WHERE id=6682401
	Index Scan using sbtest6_pkey on sbtest6  (cost=0.43..8.45 rows=1 width=121)
	  Index Cond: (id = 6682401)

table 7 : explain SELECT c FROM sbtest7 WHERE id=9711306
	Index Scan using sbtest7_pkey on sbtest7  (cost=0.43..8.45 rows=1 width=121)
	  Index Cond: (id = 9711306)

table 8 : explain SELECT c FROM sbtest8 WHERE id=1677626
	Index Scan using sbtest8_pkey on sbtest8  (cost=0.43..8.45 rows=1 width=121)
	  Index Cond: (id = 1677626)

explain: for point_selects :: explain SELECT c FROM sbtest%u WHERE id=%u
explain: for point_selects :: explain SELECT c FROM sbtest%u WHERE id=%u
explain: for point_selects :: explain SELECT c FROM sbtest%u WHERE id=%u
explain: for point_selects :: explain SELECT c FROM sbtest%u WHERE id=%u
explain: for point_selects :: explain SELECT c FROM sbtest%u WHERE id=%u
for point_selects
table 1 : explain SELECT c FROM sbtest1 WHERE id=3516765
	Index Scan using sbtest1_pkey on sbtest1  (cost=0.43..8.45 rows=1 width=121)
	  Index Cond: (id = 3516765)

table 2 : explain SELECT c FROM sbtest2 WHERE id=981165
	Index Scan using sbtest2_pkey on sbtest2  (cost=0.43..8.45 rows=1 width=121)
	  Index Cond: (id = 981165)

table 3 : explain SELECT c FROM sbtest3 WHERE id=5958081
	Index Scan using sbtest3_pkey on sbtest3  (cost=0.43..8.45 rows=1 width=121)
	  Index Cond: (id = 5958081)

table 4 : explain SELECT c FROM sbtest4 WHERE id=996899
	Index Scan using sbtest4_pkey on sbtest4  (cost=0.43..8.45 rows=1 width=121)
	  Index Cond: (id = 996899)

table 5 : explain SELECT c FROM sbtest5 WHERE id=7194009
	Index Scan using sbtest5_pkey on sbtest5  (cost=0.43..8.45 rows=1 width=121)
	  Index Cond: (id = 7194009)

table 6 : explain SELECT c FROM sbtest6 WHERE id=1637964
	Index Scan using sbtest6_pkey on sbtest6  (cost=0.43..8.45 rows=1 width=121)
	  Index Cond: (id = 1637964)

table 7 : explain SELECT c FROM sbtest7 WHERE id=1692931
	Index Scan using sbtest7_pkey on sbtest7  (cost=0.43..8.45 rows=1 width=121)
	  Index Cond: (id = 1692931)

table 8 : explain SELECT c FROM sbtest8 WHERE id=9105513
	Index Scan using sbtest8_pkey on sbtest8  (cost=0.43..8.45 rows=1 width=121)
	  Index Cond: (id = 9105513)

for point_selects
table 1 : explain SELECT c FROM sbtest1 WHERE id=1676811
	Index Scan using sbtest1_pkey on sbtest1  (cost=0.43..8.45 rows=1 width=121)
	  Index Cond: (id = 1676811)

table 2 : explain SELECT c FROM sbtest2 WHERE id=9586312
	Index Scan using sbtest2_pkey on sbtest2  (cost=0.43..8.45 rows=1 width=121)
	  Index Cond: (id = 9586312)

table 3 : explain SELECT c FROM sbtest3 WHERE id=5767982
	Index Scan using sbtest3_pkey on sbtest3  (cost=0.43..8.45 rows=1 width=121)
	  Index Cond: (id = 5767982)

table 4 : explain SELECT c FROM sbtest4 WHERE id=8058768
	Index Scan using sbtest4_pkey on sbtest4  (cost=0.43..8.45 rows=1 width=121)
	  Index Cond: (id = 8058768)

table 5 : explain SELECT c FROM sbtest5 WHERE id=6446902
	Index Scan using sbtest5_pkey on sbtest5  (cost=0.43..8.45 rows=1 width=121)
	  Index Cond: (id = 6446902)

table 6 : explain SELECT c FROM sbtest6 WHERE id=2758764
	Index Scan using sbtest6_pkey on sbtest6  (cost=0.43..8.45 rows=1 width=121)
	  Index Cond: (id = 2758764)

table 7 : explain SELECT c FROM sbtest7 WHERE id=2771323
	Index Scan using sbtest7_pkey on sbtest7  (cost=0.43..8.45 rows=1 width=121)
	  Index Cond: (id = 2771323)

table 8 : explain SELECT c FROM sbtest8 WHERE id=1152153
	Index Scan using sbtest8_pkey on sbtest8  (cost=0.43..8.45 rows=1 width=121)
	  Index Cond: (id = 1152153)

for point_selects
table 1 : explain SELECT c FROM sbtest1 WHERE id=7267351
	Index Scan using sbtest1_pkey on sbtest1  (cost=0.43..8.45 rows=1 width=121)
	  Index Cond: (id = 7267351)

table 2 : explain SELECT c FROM sbtest2 WHERE id=6387169
	Index Scan using sbtest2_pkey on sbtest2  (cost=0.43..8.45 rows=1 width=121)
	  Index Cond: (id = 6387169)

table 3 : explain SELECT c FROM sbtest3 WHERE id=2199089
	Index Scan using sbtest3_pkey on sbtest3  (cost=0.43..8.45 rows=1 width=121)
	  Index Cond: (id = 2199089)

table 4 : explain SELECT c FROM sbtest4 WHERE id=7327212
	Index Scan using sbtest4_pkey on sbtest4  (cost=0.43..8.45 rows=1 width=121)
	  Index Cond: (id = 7327212)

table 5 : explain SELECT c FROM sbtest5 WHERE id=2669649
	Index Scan using sbtest5_pkey on sbtest5  (cost=0.43..8.45 rows=1 width=121)
	  Index Cond: (id = 2669649)

table 6 : explain SELECT c FROM sbtest6 WHERE id=7241473
	Index Scan using sbtest6_pkey on sbtest6  (cost=0.43..8.45 rows=1 width=121)
	  Index Cond: (id = 7241473)

table 7 : explain SELECT c FROM sbtest7 WHERE id=5773722
	Index Scan using sbtest7_pkey on sbtest7  (cost=0.43..8.45 rows=1 width=121)
	  Index Cond: (id = 5773722)

table 8 : explain SELECT c FROM sbtest8 WHERE id=626191
	Index Scan using sbtest8_pkey on sbtest8  (cost=0.43..8.45 rows=1 width=121)
	  Index Cond: (id = 626191)

for point_selects
table 1 : explain SELECT c FROM sbtest1 WHERE id=5805700
	Index Scan using sbtest1_pkey on sbtest1  (cost=0.43..8.45 rows=1 width=121)
	  Index Cond: (id = 5805700)

table 2 : explain SELECT c FROM sbtest2 WHERE id=4879191
	Index Scan using sbtest2_pkey on sbtest2  (cost=0.43..8.45 rows=1 width=121)
	  Index Cond: (id = 4879191)

table 3 : explain SELECT c FROM sbtest3 WHERE id=2603135
	Index Scan using sbtest3_pkey on sbtest3  (cost=0.43..8.45 rows=1 width=121)
	  Index Cond: (id = 2603135)

table 4 : explain SELECT c FROM sbtest4 WHERE id=4563766
	Index Scan using sbtest4_pkey on sbtest4  (cost=0.43..8.45 rows=1 width=121)
	  Index Cond: (id = 4563766)

table 5 : explain SELECT c FROM sbtest5 WHERE id=9388087
	Index Scan using sbtest5_pkey on sbtest5  (cost=0.43..8.45 rows=1 width=121)
	  Index Cond: (id = 9388087)

table 6 : explain SELECT c FROM sbtest6 WHERE id=2932882
	Index Scan using sbtest6_pkey on sbtest6  (cost=0.43..8.45 rows=1 width=121)
	  Index Cond: (id = 2932882)

table 7 : explain SELECT c FROM sbtest7 WHERE id=8358609
	Index Scan using sbtest7_pkey on sbtest7  (cost=0.43..8.45 rows=1 width=121)
	  Index Cond: (id = 8358609)

table 8 : explain SELECT c FROM sbtest8 WHERE id=4207297
	Index Scan using sbtest8_pkey on sbtest8  (cost=0.43..8.45 rows=1 width=121)
	  Index Cond: (id = 4207297)
for point_selects
table 1 : explain SELECT c FROM sbtest1 WHERE id=9367658
	Index Scan using sbtest1_pkey on sbtest1  (cost=0.43..8.45 rows=1 width=121)
	  Index Cond: (id = 9367658)

table 2 : explain SELECT c FROM sbtest2 WHERE id=8534685
	Index Scan using sbtest2_pkey on sbtest2  (cost=0.43..8.45 rows=1 width=121)
	  Index Cond: (id = 8534685)

table 3 : explain SELECT c FROM sbtest3 WHERE id=6300623
	Index Scan using sbtest3_pkey on sbtest3  (cost=0.43..8.45 rows=1 width=121)
	  Index Cond: (id = 6300623)

table 4 : explain SELECT c FROM sbtest4 WHERE id=7020807
	Index Scan using sbtest4_pkey on sbtest4  (cost=0.43..8.45 rows=1 width=121)
	  Index Cond: (id = 7020807)

table 5 : explain SELECT c FROM sbtest5 WHERE id=3674116
	Index Scan using sbtest5_pkey on sbtest5  (cost=0.43..8.45 rows=1 width=121)
	  Index Cond: (id = 3674116)

table 6 : explain SELECT c FROM sbtest6 WHERE id=9229421
	Index Scan using sbtest6_pkey on sbtest6  (cost=0.43..8.45 rows=1 width=121)
	  Index Cond: (id = 9229421)

table 7 : explain SELECT c FROM sbtest7 WHERE id=8502879
	Index Scan using sbtest7_pkey on sbtest7  (cost=0.43..8.45 rows=1 width=121)
	  Index Cond: (id = 8502879)

table 8 : explain SELECT c FROM sbtest8 WHERE id=852283
	Index Scan using sbtest8_pkey on sbtest8  (cost=0.43..8.45 rows=1 width=121)
	  Index Cond: (id = 852283)

for point_selects
table 1 : explain SELECT c FROM sbtest1 WHERE id=1545796
	Index Scan using sbtest1_pkey on sbtest1  (cost=0.43..8.45 rows=1 width=121)
	  Index Cond: (id = 1545796)

table 2 : explain SELECT c FROM sbtest2 WHERE id=1156920
	Index Scan using sbtest2_pkey on sbtest2  (cost=0.43..8.45 rows=1 width=121)
	  Index Cond: (id = 1156920)

table 3 : explain SELECT c FROM sbtest3 WHERE id=758777
	Index Scan using sbtest3_pkey on sbtest3  (cost=0.43..8.45 rows=1 width=121)
	  Index Cond: (id = 758777)

table 4 : explain SELECT c FROM sbtest4 WHERE id=1121174
	Index Scan using sbtest4_pkey on sbtest4  (cost=0.43..8.45 rows=1 width=121)
	  Index Cond: (id = 1121174)

table 5 : explain SELECT c FROM sbtest5 WHERE id=9659169
	Index Scan using sbtest5_pkey on sbtest5  (cost=0.43..8.45 rows=1 width=121)
	  Index Cond: (id = 9659169)

table 6 : explain SELECT c FROM sbtest6 WHERE id=6999093
	Index Scan using sbtest6_pkey on sbtest6  (cost=0.43..8.45 rows=1 width=121)
	  Index Cond: (id = 6999093)

table 7 : explain SELECT c FROM sbtest7 WHERE id=9998587
	Index Scan using sbtest7_pkey on sbtest7  (cost=0.43..8.45 rows=1 width=121)
	  Index Cond: (id = 9998587)

table 8 : explain SELECT c FROM sbtest8 WHERE id=224393
	Index Scan using sbtest8_pkey on sbtest8  (cost=0.43..8.45 rows=1 width=121)
	  Index Cond: (id = 224393)

for point_selects
table 1 : explain SELECT c FROM sbtest1 WHERE id=5926431
	Index Scan using sbtest1_pkey on sbtest1  (cost=0.43..8.45 rows=1 width=121)
	  Index Cond: (id = 5926431)

table 2 : explain SELECT c FROM sbtest2 WHERE id=2443885
	Index Scan using sbtest2_pkey on sbtest2  (cost=0.43..8.45 rows=1 width=121)
	  Index Cond: (id = 2443885)

table 3 : explain SELECT c FROM sbtest3 WHERE id=5481017
	Index Scan using sbtest3_pkey on sbtest3  (cost=0.43..8.45 rows=1 width=121)
	  Index Cond: (id = 5481017)

table 4 : explain SELECT c FROM sbtest4 WHERE id=2047769
	Index Scan using sbtest4_pkey on sbtest4  (cost=0.43..8.45 rows=1 width=121)
	  Index Cond: (id = 2047769)

table 5 : explain SELECT c FROM sbtest5 WHERE id=7601453
	Index Scan using sbtest5_pkey on sbtest5  (cost=0.43..8.45 rows=1 width=121)
	  Index Cond: (id = 7601453)

table 6 : explain SELECT c FROM sbtest6 WHERE id=3802413
	Index Scan using sbtest6_pkey on sbtest6  (cost=0.43..8.45 rows=1 width=121)
	  Index Cond: (id = 3802413)

table 7 : explain SELECT c FROM sbtest7 WHERE id=1615874
	Index Scan using sbtest7_pkey on sbtest7  (cost=0.43..8.45 rows=1 width=121)
	  Index Cond: (id = 1615874)

table 8 : explain SELECT c FROM sbtest8 WHERE id=8883317
	Index Scan using sbtest8_pkey on sbtest8  (cost=0.43..8.45 rows=1 width=121)
	  Index Cond: (id = 8883317)

for point_selects
table 1 : explain SELECT c FROM sbtest1 WHERE id=1634864
	Index Scan using sbtest1_pkey on sbtest1  (cost=0.43..8.45 rows=1 width=121)
	  Index Cond: (id = 1634864)

table 2 : explain SELECT c FROM sbtest2 WHERE id=2341886
	Index Scan using sbtest2_pkey on sbtest2  (cost=0.43..8.45 rows=1 width=121)
	  Index Cond: (id = 2341886)

table 3 : explain SELECT c FROM sbtest3 WHERE id=5677579
	Index Scan using sbtest3_pkey on sbtest3  (cost=0.43..8.45 rows=1 width=121)
	  Index Cond: (id = 5677579)

table 4 : explain SELECT c FROM sbtest4 WHERE id=9106992
	Index Scan using sbtest4_pkey on sbtest4  (cost=0.43..8.45 rows=1 width=121)
	  Index Cond: (id = 9106992)

table 5 : explain SELECT c FROM sbtest5 WHERE id=1789465
	Index Scan using sbtest5_pkey on sbtest5  (cost=0.43..8.45 rows=1 width=121)
	  Index Cond: (id = 1789465)

table 6 : explain SELECT c FROM sbtest6 WHERE id=3704385
	Index Scan using sbtest6_pkey on sbtest6  (cost=0.43..8.45 rows=1 width=121)
	  Index Cond: (id = 3704385)

table 7 : explain SELECT c FROM sbtest7 WHERE id=7275814
	Index Scan using sbtest7_pkey on sbtest7  (cost=0.43..8.45 rows=1 width=121)
	  Index Cond: (id = 7275814)

table 8 : explain SELECT c FROM sbtest8 WHERE id=3242442
	Index Scan using sbtest8_pkey on sbtest8  (cost=0.43..8.45 rows=1 width=121)
	  Index Cond: (id = 3242442)


for point_selects
table 1 : explain SELECT c FROM sbtest1 WHERE id=3978884
	Index Scan using sbtest1_pkey on sbtest1  (cost=0.43..8.45 rows=1 width=121)
	  Index Cond: (id = 3978884)

table 2 : explain SELECT c FROM sbtest2 WHERE id=1552452
	Index Scan using sbtest2_pkey on sbtest2  (cost=0.43..8.45 rows=1 width=121)
	  Index Cond: (id = 1552452)

table 3 : explain SELECT c FROM sbtest3 WHERE id=7085741
	Index Scan using sbtest3_pkey on sbtest3  (cost=0.43..8.45 rows=1 width=121)
	  Index Cond: (id = 7085741)

table 4 : explain SELECT c FROM sbtest4 WHERE id=4094302
	Index Scan using sbtest4_pkey on sbtest4  (cost=0.43..8.45 rows=1 width=121)
	  Index Cond: (id = 4094302)

table 5 : explain SELECT c FROM sbtest5 WHERE id=496127
	Index Scan using sbtest5_pkey on sbtest5  (cost=0.43..8.45 rows=1 width=121)
	  Index Cond: (id = 496127)

table 6 : explain SELECT c FROM sbtest6 WHERE id=7166509
	Index Scan using sbtest6_pkey on sbtest6  (cost=0.43..8.45 rows=1 width=121)
	  Index Cond: (id = 7166509)

table 7 : explain SELECT c FROM sbtest7 WHERE id=305425
	Index Scan using sbtest7_pkey on sbtest7  (cost=0.43..8.45 rows=1 width=121)
	  Index Cond: (id = 305425)

table 8 : explain SELECT c FROM sbtest8 WHERE id=7290073
	Index Scan using sbtest8_pkey on sbtest8  (cost=0.43..8.45 rows=1 width=121)
	  Index Cond: (id = 7290073)

for point_selects
table 1 : explain SELECT c FROM sbtest1 WHERE id=5935507
	Index Scan using sbtest1_pkey on sbtest1  (cost=0.43..8.45 rows=1 width=121)
	  Index Cond: (id = 5935507)

table 2 : explain SELECT c FROM sbtest2 WHERE id=233550
	Index Scan using sbtest2_pkey on sbtest2  (cost=0.43..8.45 rows=1 width=121)
	  Index Cond: (id = 233550)

table 3 : explain SELECT c FROM sbtest3 WHERE id=2670253
	Index Scan using sbtest3_pkey on sbtest3  (cost=0.43..8.45 rows=1 width=121)
	  Index Cond: (id = 2670253)

table 4 : explain SELECT c FROM sbtest4 WHERE id=4790711
	Index Scan using sbtest4_pkey on sbtest4  (cost=0.43..8.45 rows=1 width=121)
	  Index Cond: (id = 4790711)

table 5 : explain SELECT c FROM sbtest5 WHERE id=8907136
	Index Scan using sbtest5_pkey on sbtest5  (cost=0.43..8.45 rows=1 width=121)
	  Index Cond: (id = 8907136)

table 6 : explain SELECT c FROM sbtest6 WHERE id=7893103
	Index Scan using sbtest6_pkey on sbtest6  (cost=0.43..8.45 rows=1 width=121)
	  Index Cond: (id = 7893103)

table 7 : explain SELECT c FROM sbtest7 WHERE id=1787187
	Index Scan using sbtest7_pkey on sbtest7  (cost=0.43..8.45 rows=1 width=121)
	  Index Cond: (id = 1787187)

table 8 : explain SELECT c FROM sbtest8 WHERE id=1579774
	Index Scan using sbtest8_pkey on sbtest8  (cost=0.43..8.45 rows=1 width=121)
	  Index Cond: (id = 1579774)

for point_selects
table 1 : explain SELECT c FROM sbtest1 WHERE id=3735302
	Index Scan using sbtest1_pkey on sbtest1  (cost=0.43..8.45 rows=1 width=121)
	  Index Cond: (id = 3735302)

table 2 : explain SELECT c FROM sbtest2 WHERE id=6339761
	Index Scan using sbtest2_pkey on sbtest2  (cost=0.43..8.45 rows=1 width=121)
	  Index Cond: (id = 6339761)

table 3 : explain SELECT c FROM sbtest3 WHERE id=7548610
	Index Scan using sbtest3_pkey on sbtest3  (cost=0.43..8.45 rows=1 width=121)
	  Index Cond: (id = 7548610)

table 4 : explain SELECT c FROM sbtest4 WHERE id=3567119
	Index Scan using sbtest4_pkey on sbtest4  (cost=0.43..8.45 rows=1 width=121)
	  Index Cond: (id = 3567119)

table 5 : explain SELECT c FROM sbtest5 WHERE id=1106623
	Index Scan using sbtest5_pkey on sbtest5  (cost=0.43..8.45 rows=1 width=121)
	  Index Cond: (id = 1106623)

table 6 : explain SELECT c FROM sbtest6 WHERE id=649720
	Index Scan using sbtest6_pkey on sbtest6  (cost=0.43..8.45 rows=1 width=121)
	  Index Cond: (id = 649720)

table 7 : explain SELECT c FROM sbtest7 WHERE id=6208062
	Index Scan using sbtest7_pkey on sbtest7  (cost=0.43..8.45 rows=1 width=121)
	  Index Cond: (id = 6208062)

table 8 : explain SELECT c FROM sbtest8 WHERE id=5344659
	Index Scan using sbtest8_pkey on sbtest8  (cost=0.43..8.45 rows=1 width=121)
	  Index Cond: (id = 5344659)

for point_selects
table 1 : explain SELECT c FROM sbtest1 WHERE id=9723948
	Index Scan using sbtest1_pkey on sbtest1  (cost=0.43..8.45 rows=1 width=121)
	  Index Cond: (id = 9723948)

table 2 : explain SELECT c FROM sbtest2 WHERE id=6949751
	Index Scan using sbtest2_pkey on sbtest2  (cost=0.43..8.45 rows=1 width=121)
	  Index Cond: (id = 6949751)

table 3 : explain SELECT c FROM sbtest3 WHERE id=34175
	Index Scan using sbtest3_pkey on sbtest3  (cost=0.43..8.45 rows=1 width=121)
	  Index Cond: (id = 34175)

table 4 : explain SELECT c FROM sbtest4 WHERE id=9985387
	Index Scan using sbtest4_pkey on sbtest4  (cost=0.43..8.45 rows=1 width=121)
	  Index Cond: (id = 9985387)

table 5 : explain SELECT c FROM sbtest5 WHERE id=8362233
	Index Scan using sbtest5_pkey on sbtest5  (cost=0.43..8.45 rows=1 width=121)
	  Index Cond: (id = 8362233)

table 6 : explain SELECT c FROM sbtest6 WHERE id=8154328
	Index Scan using sbtest6_pkey on sbtest6  (cost=0.43..8.45 rows=1 width=121)
	  Index Cond: (id = 8154328)

table 7 : explain SELECT c FROM sbtest7 WHERE id=578925
	Index Scan using sbtest7_pkey on sbtest7  (cost=0.43..8.45 rows=1 width=121)
	  Index Cond: (id = 578925)

table 8 : explain SELECT c FROM sbtest8 WHERE id=591748
	Index Scan using sbtest8_pkey on sbtest8  (cost=0.43..8.45 rows=1 width=121)
	  Index Cond: (id = 591748)

explain: for point_selects :: explain SELECT c FROM sbtest%u WHERE id=%u
for point_selects
table 1 : explain SELECT c FROM sbtest1 WHERE id=3750422
	Index Scan using sbtest1_pkey on sbtest1  (cost=0.43..8.45 rows=1 width=121)
	  Index Cond: (id = 3750422)

table 2 : explain SELECT c FROM sbtest2 WHERE id=407860
	Index Scan using sbtest2_pkey on sbtest2  (cost=0.43..8.45 rows=1 width=121)
	  Index Cond: (id = 407860)

table 3 : explain SELECT c FROM sbtest3 WHERE id=8561277
	Index Scan using sbtest3_pkey on sbtest3  (cost=0.43..8.45 rows=1 width=121)
	  Index Cond: (id = 8561277)

table 4 : explain SELECT c FROM sbtest4 WHERE id=2815328
	Index Scan using sbtest4_pkey on sbtest4  (cost=0.43..8.45 rows=1 width=121)
	  Index Cond: (id = 2815328)

table 5 : explain SELECT c FROM sbtest5 WHERE id=6225188
	Index Scan using sbtest5_pkey on sbtest5  (cost=0.43..8.45 rows=1 width=121)
	  Index Cond: (id = 6225188)

table 6 : explain SELECT c FROM sbtest6 WHERE id=2585093
	Index Scan using sbtest6_pkey on sbtest6  (cost=0.43..8.45 rows=1 width=121)
	  Index Cond: (id = 2585093)

table 7 : explain SELECT c FROM sbtest7 WHERE id=4449838
	Index Scan using sbtest7_pkey on sbtest7  (cost=0.43..8.45 rows=1 width=121)
	  Index Cond: (id = 4449838)

table 8 : explain SELECT c FROM sbtest8 WHERE id=4946890
	Index Scan using sbtest8_pkey on sbtest8  (cost=0.43..8.45 rows=1 width=121)
	  Index Cond: (id = 4946890)

for point_selects
table 1 : explain SELECT c FROM sbtest1 WHERE id=4280285
	Index Scan using sbtest1_pkey on sbtest1  (cost=0.43..8.45 rows=1 width=121)
	  Index Cond: (id = 4280285)

table 2 : explain SELECT c FROM sbtest2 WHERE id=5678399
	Index Scan using sbtest2_pkey on sbtest2  (cost=0.43..8.45 rows=1 width=121)
	  Index Cond: (id = 5678399)

table 3 : explain SELECT c FROM sbtest3 WHERE id=3401339
	Index Scan using sbtest3_pkey on sbtest3  (cost=0.43..8.45 rows=1 width=121)
	  Index Cond: (id = 3401339)

table 4 : explain SELECT c FROM sbtest4 WHERE id=9504690
	Index Scan using sbtest4_pkey on sbtest4  (cost=0.43..8.45 rows=1 width=121)
	  Index Cond: (id = 9504690)

table 5 : explain SELECT c FROM sbtest5 WHERE id=80964
	Index Scan using sbtest5_pkey on sbtest5  (cost=0.43..8.45 rows=1 width=121)
	  Index Cond: (id = 80964)

table 6 : explain SELECT c FROM sbtest6 WHERE id=8717630
	Index Scan using sbtest6_pkey on sbtest6  (cost=0.43..8.45 rows=1 width=121)
	  Index Cond: (id = 8717630)

table 7 : explain SELECT c FROM sbtest7 WHERE id=8116180
	Index Scan using sbtest7_pkey on sbtest7  (cost=0.43..8.45 rows=1 width=121)
	  Index Cond: (id = 8116180)

table 8 : explain SELECT c FROM sbtest8 WHERE id=3428600
	Index Scan using sbtest8_pkey on sbtest8  (cost=0.43..8.45 rows=1 width=121)
	  Index Cond: (id = 3428600)

explain: for point_selects :: explain SELECT c FROM sbtest%u WHERE id=%u
explain: for point_selects :: explain SELECT c FROM sbtest%u WHERE id=%u
for point_selects
table 1 : explain SELECT c FROM sbtest1 WHERE id=2040454
	Index Scan using sbtest1_pkey on sbtest1  (cost=0.43..8.45 rows=1 width=121)
	  Index Cond: (id = 2040454)

table 2 : explain SELECT c FROM sbtest2 WHERE id=7565423
	Index Scan using sbtest2_pkey on sbtest2  (cost=0.43..8.45 rows=1 width=121)
	  Index Cond: (id = 7565423)

table 3 : explain SELECT c FROM sbtest3 WHERE id=7429278
	Index Scan using sbtest3_pkey on sbtest3  (cost=0.43..8.45 rows=1 width=121)
	  Index Cond: (id = 7429278)

table 4 : explain SELECT c FROM sbtest4 WHERE id=1213748
	Index Scan using sbtest4_pkey on sbtest4  (cost=0.43..8.45 rows=1 width=121)
	  Index Cond: (id = 1213748)

table 5 : explain SELECT c FROM sbtest5 WHERE id=4479257
	Index Scan using sbtest5_pkey on sbtest5  (cost=0.43..8.45 rows=1 width=121)
	  Index Cond: (id = 4479257)

table 6 : explain SELECT c FROM sbtest6 WHERE id=9034062
	Index Scan using sbtest6_pkey on sbtest6  (cost=0.43..8.45 rows=1 width=121)
	  Index Cond: (id = 9034062)

table 7 : explain SELECT c FROM sbtest7 WHERE id=3339344
	Index Scan using sbtest7_pkey on sbtest7  (cost=0.43..8.45 rows=1 width=121)
	  Index Cond: (id = 3339344)

table 8 : explain SELECT c FROM sbtest8 WHERE id=2305304
	Index Scan using sbtest8_pkey on sbtest8  (cost=0.43..8.45 rows=1 width=121)
	  Index Cond: (id = 2305304)

explain: for point_selects :: explain SELECT c FROM sbtest%u WHERE id=%u
for point_selects
table 1 : explain SELECT c FROM sbtest1 WHERE id=2350461
	Index Scan using sbtest1_pkey on sbtest1  (cost=0.43..8.45 rows=1 width=121)
	  Index Cond: (id = 2350461)

table 2 : explain SELECT c FROM sbtest2 WHERE id=7250174
	Index Scan using sbtest2_pkey on sbtest2  (cost=0.43..8.45 rows=1 width=121)
	  Index Cond: (id = 7250174)

table 3 : explain SELECT c FROM sbtest3 WHERE id=5122276
	Index Scan using sbtest3_pkey on sbtest3  (cost=0.43..8.45 rows=1 width=121)
	  Index Cond: (id = 5122276)

table 4 : explain SELECT c FROM sbtest4 WHERE id=2668977
	Index Scan using sbtest4_pkey on sbtest4  (cost=0.43..8.45 rows=1 width=121)
	  Index Cond: (id = 2668977)

table 5 : explain SELECT c FROM sbtest5 WHERE id=390417
	Index Scan using sbtest5_pkey on sbtest5  (cost=0.43..8.45 rows=1 width=121)
	  Index Cond: (id = 390417)

table 6 : explain SELECT c FROM sbtest6 WHERE id=3532767
	Index Scan using sbtest6_pkey on sbtest6  (cost=0.43..8.45 rows=1 width=121)
	  Index Cond: (id = 3532767)

table 7 : explain SELECT c FROM sbtest7 WHERE id=8213272
	Index Scan using sbtest7_pkey on sbtest7  (cost=0.43..8.45 rows=1 width=121)
	  Index Cond: (id = 8213272)

table 8 : explain SELECT c FROM sbtest8 WHERE id=4648241
	Index Scan using sbtest8_pkey on sbtest8  (cost=0.43..8.45 rows=1 width=121)
	  Index Cond: (id = 4648241)

for: simple_ranges
table 1 : explain SELECT c FROM sbtest1 WHERE id BETWEEN 6861569 AND 6861578
	Index Scan using sbtest1_pkey on sbtest1  (cost=0.43..52.17 rows=12 width=121)
	  Index Cond: ((id >= 6861569) AND (id <= 6861578))

table 2 : explain SELECT c FROM sbtest2 WHERE id BETWEEN 3716416 AND 3716425
	Index Scan using sbtest2_pkey on sbtest2  (cost=0.43..44.16 rows=10 width=121)
	  Index Cond: ((id >= 3716416) AND (id <= 3716425))

table 3 : explain SELECT c FROM sbtest3 WHERE id BETWEEN 5222737 AND 5222746
	Index Scan using sbtest3_pkey on sbtest3  (cost=0.43..44.09 rows=10 width=121)
	  Index Cond: ((id >= 5222737) AND (id <= 5222746))

table 4 : explain SELECT c FROM sbtest4 WHERE id BETWEEN 8810009 AND 8810018
	Index Scan using sbtest4_pkey on sbtest4  (cost=0.43..48.01 rows=11 width=121)
	  Index Cond: ((id >= 8810009) AND (id <= 8810018))

table 5 : explain SELECT c FROM sbtest5 WHERE id BETWEEN 4227448 AND 4227457
	Index Scan using sbtest5_pkey on sbtest5  (cost=0.43..44.10 rows=10 width=121)
	  Index Cond: ((id >= 4227448) AND (id <= 4227457))

table 6 : explain SELECT c FROM sbtest6 WHERE id BETWEEN 3589913 AND 3589922
	Index Scan using sbtest6_pkey on sbtest6  (cost=0.43..48.00 rows=11 width=121)
	  Index Cond: ((id >= 3589913) AND (id <= 3589922))

table 7 : explain SELECT c FROM sbtest7 WHERE id BETWEEN 858574 AND 858583
	Index Scan using sbtest7_pkey on sbtest7  (cost=0.43..44.08 rows=10 width=121)
	  Index Cond: ((id >= 858574) AND (id <= 858583))

table 8 : explain SELECT c FROM sbtest8 WHERE id BETWEEN 3804252 AND 3804261
	Index Scan using sbtest8_pkey on sbtest8  (cost=0.43..40.00 rows=9 width=121)
	  Index Cond: ((id >= 3804252) AND (id <= 3804261))

for: simple_ranges
table 1 : explain SELECT c FROM sbtest1 WHERE id BETWEEN 501358 AND 501367
	Index Scan using sbtest1_pkey on sbtest1  (cost=0.43..44.22 rows=10 width=121)
	  Index Cond: ((id >= 501358) AND (id <= 501367))

table 2 : explain SELECT c FROM sbtest2 WHERE id BETWEEN 4800080 AND 4800089
	Index Scan using sbtest2_pkey on sbtest2  (cost=0.43..40.19 rows=9 width=121)
	  Index Cond: ((id >= 4800080) AND (id <= 4800089))

table 3 : explain SELECT c FROM sbtest3 WHERE id BETWEEN 3533617 AND 3533626
	Index Scan using sbtest3_pkey on sbtest3  (cost=0.43..40.13 rows=9 width=121)
	  Index Cond: ((id >= 3533617) AND (id <= 3533626))

table 4 : explain SELECT c FROM sbtest4 WHERE id BETWEEN 2357551 AND 2357560
	Index Scan using sbtest4_pkey on sbtest4  (cost=0.43..44.06 rows=10 width=121)
	  Index Cond: ((id >= 2357551) AND (id <= 2357560))

table 5 : explain SELECT c FROM sbtest5 WHERE id BETWEEN 5471338 AND 5471347
	Index Scan using sbtest5_pkey on sbtest5  (cost=0.43..44.10 rows=10 width=121)
	  Index Cond: ((id >= 5471338) AND (id <= 5471347))

table 6 : explain SELECT c FROM sbtest6 WHERE id BETWEEN 3153994 AND 3154003
	Index Scan using sbtest6_pkey on sbtest6  (cost=0.43..40.09 rows=9 width=121)
	  Index Cond: ((id >= 3153994) AND (id <= 3154003))

table 7 : explain SELECT c FROM sbtest7 WHERE id BETWEEN 6824325 AND 6824334
	Index Scan using sbtest7_pkey on sbtest7  (cost=0.43..44.08 rows=10 width=121)
	  Index Cond: ((id >= 6824325) AND (id <= 6824334))

table 8 : explain SELECT c FROM sbtest8 WHERE id BETWEEN 7667908 AND 7667917
	Index Scan using sbtest8_pkey on sbtest8  (cost=0.43..43.94 rows=10 width=121)
	  Index Cond: ((id >= 7667908) AND (id <= 7667917))

explain: for point_selects :: explain SELECT c FROM sbtest%u WHERE id=%u
for: simple_ranges
table 1 : explain SELECT c FROM sbtest1 WHERE id BETWEEN 7548536 AND 7548545
	Index Scan using sbtest1_pkey on sbtest1  (cost=0.43..44.22 rows=10 width=121)
	  Index Cond: ((id >= 7548536) AND (id <= 7548545))

table 2 : explain SELECT c FROM sbtest2 WHERE id BETWEEN 8087830 AND 8087839
	Index Scan using sbtest2_pkey on sbtest2  (cost=0.43..44.16 rows=10 width=121)
	  Index Cond: ((id >= 8087830) AND (id <= 8087839))

table 3 : explain SELECT c FROM sbtest3 WHERE id BETWEEN 7408986 AND 7408995
	Index Scan using sbtest3_pkey on sbtest3  (cost=0.43..44.09 rows=10 width=121)
	  Index Cond: ((id >= 7408986) AND (id <= 7408995))

table 4 : explain SELECT c FROM sbtest4 WHERE id BETWEEN 5189925 AND 5189934
	Index Scan using sbtest4_pkey on sbtest4  (cost=0.43..44.06 rows=10 width=121)
	  Index Cond: ((id >= 5189925) AND (id <= 5189934))

table 5 : explain SELECT c FROM sbtest5 WHERE id BETWEEN 9051583 AND 9051592
	Index Scan using sbtest5_pkey on sbtest5  (cost=0.43..44.10 rows=10 width=121)
	  Index Cond: ((id >= 9051583) AND (id <= 9051592))

table 6 : explain SELECT c FROM sbtest6 WHERE id BETWEEN 9143717 AND 9143726
	Index Scan using sbtest6_pkey on sbtest6  (cost=0.43..44.05 rows=10 width=121)
	  Index Cond: ((id >= 9143717) AND (id <= 9143726))

table 7 : explain SELECT c FROM sbtest7 WHERE id BETWEEN 7732474 AND 7732483
	Index Scan using sbtest7_pkey on sbtest7  (cost=0.43..44.08 rows=10 width=121)
	  Index Cond: ((id >= 7732474) AND (id <= 7732483))

table 8 : explain SELECT c FROM sbtest8 WHERE id BETWEEN 8459794 AND 8459803
	Index Scan using sbtest8_pkey on sbtest8  (cost=0.43..43.94 rows=10 width=121)
	  Index Cond: ((id >= 8459794) AND (id <= 8459803))

explain: for point_selects :: explain SELECT c FROM sbtest%u WHERE id=%u
for point_selects
table 1 : explain SELECT c FROM sbtest1 WHERE id=1840991
	Index Scan using sbtest1_pkey on sbtest1  (cost=0.43..8.45 rows=1 width=121)
	  Index Cond: (id = 1840991)

table 2 : explain SELECT c FROM sbtest2 WHERE id=2921203
	Index Scan using sbtest2_pkey on sbtest2  (cost=0.43..8.45 rows=1 width=121)
	  Index Cond: (id = 2921203)

table 3 : explain SELECT c FROM sbtest3 WHERE id=1602193
	Index Scan using sbtest3_pkey on sbtest3  (cost=0.43..8.45 rows=1 width=121)
	  Index Cond: (id = 1602193)

table 4 : explain SELECT c FROM sbtest4 WHERE id=4050893
	Index Scan using sbtest4_pkey on sbtest4  (cost=0.43..8.45 rows=1 width=121)
	  Index Cond: (id = 4050893)

table 5 : explain SELECT c FROM sbtest5 WHERE id=7270684
	Index Scan using sbtest5_pkey on sbtest5  (cost=0.43..8.45 rows=1 width=121)
	  Index Cond: (id = 7270684)

table 6 : explain SELECT c FROM sbtest6 WHERE id=2670818
	Index Scan using sbtest6_pkey on sbtest6  (cost=0.43..8.45 rows=1 width=121)
	  Index Cond: (id = 2670818)

table 7 : explain SELECT c FROM sbtest7 WHERE id=5662843
	Index Scan using sbtest7_pkey on sbtest7  (cost=0.43..8.45 rows=1 width=121)
	  Index Cond: (id = 5662843)

table 8 : explain SELECT c FROM sbtest8 WHERE id=2649550
	Index Scan using sbtest8_pkey on sbtest8  (cost=0.43..8.45 rows=1 width=121)
	  Index Cond: (id = 2649550)

explain: for point_selects :: explain SELECT c FROM sbtest%u WHERE id=%u
for point_selects
table 1 : explain SELECT c FROM sbtest1 WHERE id=6757015
	Index Scan using sbtest1_pkey on sbtest1  (cost=0.43..8.45 rows=1 width=121)
	  Index Cond: (id = 6757015)

table 2 : explain SELECT c FROM sbtest2 WHERE id=2414321
	Index Scan using sbtest2_pkey on sbtest2  (cost=0.43..8.45 rows=1 width=121)
	  Index Cond: (id = 2414321)

table 3 : explain SELECT c FROM sbtest3 WHERE id=4381218
	Index Scan using sbtest3_pkey on sbtest3  (cost=0.43..8.45 rows=1 width=121)
	  Index Cond: (id = 4381218)

table 4 : explain SELECT c FROM sbtest4 WHERE id=6833978
	Index Scan using sbtest4_pkey on sbtest4  (cost=0.43..8.45 rows=1 width=121)
	  Index Cond: (id = 6833978)

table 5 : explain SELECT c FROM sbtest5 WHERE id=6511279
	Index Scan using sbtest5_pkey on sbtest5  (cost=0.43..8.45 rows=1 width=121)
	  Index Cond: (id = 6511279)

table 6 : explain SELECT c FROM sbtest6 WHERE id=991485
	Index Scan using sbtest6_pkey on sbtest6  (cost=0.43..8.45 rows=1 width=121)
	  Index Cond: (id = 991485)

table 7 : explain SELECT c FROM sbtest7 WHERE id=4320898
	Index Scan using sbtest7_pkey on sbtest7  (cost=0.43..8.45 rows=1 width=121)
	  Index Cond: (id = 4320898)

table 8 : explain SELECT c FROM sbtest8 WHERE id=6272967
	Index Scan using sbtest8_pkey on sbtest8  (cost=0.43..8.45 rows=1 width=121)
	  Index Cond: (id = 6272967)

explain: for point_selects :: explain SELECT c FROM sbtest%u WHERE id=%u
for: simple_ranges
table 1 : explain SELECT c FROM sbtest1 WHERE id BETWEEN 8437535 AND 8437544
	Index Scan using sbtest1_pkey on sbtest1  (cost=0.43..44.22 rows=10 width=121)
	  Index Cond: ((id >= 8437535) AND (id <= 8437544))

table 2 : explain SELECT c FROM sbtest2 WHERE id BETWEEN 1454330 AND 1454339
	Index Scan using sbtest2_pkey on sbtest2  (cost=0.43..44.16 rows=10 width=121)
	  Index Cond: ((id >= 1454330) AND (id <= 1454339))

table 3 : explain SELECT c FROM sbtest3 WHERE id BETWEEN 1508979 AND 1508988
	Index Scan using sbtest3_pkey on sbtest3  (cost=0.43..44.09 rows=10 width=121)
	  Index Cond: ((id >= 1508979) AND (id <= 1508988))

table 4 : explain SELECT c FROM sbtest4 WHERE id BETWEEN 2631550 AND 2631559
	Index Scan using sbtest4_pkey on sbtest4  (cost=0.43..44.06 rows=10 width=121)
	  Index Cond: ((id >= 2631550) AND (id <= 2631559))

table 5 : explain SELECT c FROM sbtest5 WHERE id BETWEEN 3718263 AND 3718272
	Index Scan using sbtest5_pkey on sbtest5  (cost=0.43..44.10 rows=10 width=121)
	  Index Cond: ((id >= 3718263) AND (id <= 3718272))

table 6 : explain SELECT c FROM sbtest6 WHERE id BETWEEN 6249796 AND 6249805
	Index Scan using sbtest6_pkey on sbtest6  (cost=0.43..44.05 rows=10 width=121)
	  Index Cond: ((id >= 6249796) AND (id <= 6249805))

table 7 : explain SELECT c FROM sbtest7 WHERE id BETWEEN 1439402 AND 1439411
	Index Scan using sbtest7_pkey on sbtest7  (cost=0.43..44.08 rows=10 width=121)
	  Index Cond: ((id >= 1439402) AND (id <= 1439411))

table 8 : explain SELECT c FROM sbtest8 WHERE id BETWEEN 2938117 AND 2938126
	Index Scan using sbtest8_pkey on sbtest8  (cost=0.43..43.94 rows=10 width=121)
	  Index Cond: ((id >= 2938117) AND (id <= 2938126))

for: simple_ranges
table 1 : explain SELECT c FROM sbtest1 WHERE id BETWEEN 4660672 AND 4660681
	Index Scan using sbtest1_pkey on sbtest1  (cost=0.43..44.22 rows=10 width=121)
	  Index Cond: ((id >= 4660672) AND (id <= 4660681))

table 2 : explain SELECT c FROM sbtest2 WHERE id BETWEEN 2316032 AND 2316041
	Index Scan using sbtest2_pkey on sbtest2  (cost=0.43..48.13 rows=11 width=121)
	  Index Cond: ((id >= 2316032) AND (id <= 2316041))

table 3 : explain SELECT c FROM sbtest3 WHERE id BETWEEN 2314563 AND 2314572
	Index Scan using sbtest3_pkey on sbtest3  (cost=0.43..48.04 rows=11 width=121)
	  Index Cond: ((id >= 2314563) AND (id <= 2314572))

table 4 : explain SELECT c FROM sbtest4 WHERE id BETWEEN 8606983 AND 8606992
	Index Scan using sbtest4_pkey on sbtest4  (cost=0.43..44.06 rows=10 width=121)
	  Index Cond: ((id >= 8606983) AND (id <= 8606992))

table 5 : explain SELECT c FROM sbtest5 WHERE id BETWEEN 861054 AND 861063
	Index Scan using sbtest5_pkey on sbtest5  (cost=0.43..48.06 rows=11 width=121)
	  Index Cond: ((id >= 861054) AND (id <= 861063))

table 6 : explain SELECT c FROM sbtest6 WHERE id BETWEEN 7698594 AND 7698603
	Index Scan using sbtest6_pkey on sbtest6  (cost=0.43..44.05 rows=10 width=121)
	  Index Cond: ((id >= 7698594) AND (id <= 7698603))

table 7 : explain SELECT c FROM sbtest7 WHERE id BETWEEN 5758951 AND 5758960
	Index Scan using sbtest7_pkey on sbtest7  (cost=0.43..44.08 rows=10 width=121)
	  Index Cond: ((id >= 5758951) AND (id <= 5758960))

table 8 : explain SELECT c FROM sbtest8 WHERE id BETWEEN 2898316 AND 2898325
	Index Scan using sbtest8_pkey on sbtest8  (cost=0.43..43.94 rows=10 width=121)
	  Index Cond: ((id >= 2898316) AND (id <= 2898325))

for: simple_ranges
table 1 : explain SELECT c FROM sbtest1 WHERE id BETWEEN 614809 AND 614818
	Index Scan using sbtest1_pkey on sbtest1  (cost=0.43..44.22 rows=10 width=121)
	  Index Cond: ((id >= 614809) AND (id <= 614818))

table 2 : explain SELECT c FROM sbtest2 WHERE id BETWEEN 8851125 AND 8851134
	Index Scan using sbtest2_pkey on sbtest2  (cost=0.43..44.16 rows=10 width=121)
	  Index Cond: ((id >= 8851125) AND (id <= 8851134))

table 3 : explain SELECT c FROM sbtest3 WHERE id BETWEEN 526061 AND 526070
	Index Scan using sbtest3_pkey on sbtest3  (cost=0.43..48.04 rows=11 width=121)
	  Index Cond: ((id >= 526061) AND (id <= 526070))

table 4 : explain SELECT c FROM sbtest4 WHERE id BETWEEN 3472192 AND 3472201
	Index Scan using sbtest4_pkey on sbtest4  (cost=0.43..44.06 rows=10 width=121)
	  Index Cond: ((id >= 3472192) AND (id <= 3472201))

table 5 : explain SELECT c FROM sbtest5 WHERE id BETWEEN 7444570 AND 7444579
	Index Scan using sbtest5_pkey on sbtest5  (cost=0.43..48.06 rows=11 width=121)
	  Index Cond: ((id >= 7444570) AND (id <= 7444579))

table 6 : explain SELECT c FROM sbtest6 WHERE id BETWEEN 5897607 AND 5897616
	Index Scan using sbtest6_pkey on sbtest6  (cost=0.43..44.05 rows=10 width=121)
	  Index Cond: ((id >= 5897607) AND (id <= 5897616))

table 7 : explain SELECT c FROM sbtest7 WHERE id BETWEEN 1061590 AND 1061599
	Index Scan using sbtest7_pkey on sbtest7  (cost=0.43..44.08 rows=10 width=121)
	  Index Cond: ((id >= 1061590) AND (id <= 1061599))

table 8 : explain SELECT c FROM sbtest8 WHERE id BETWEEN 4466556 AND 4466565
	Index Scan using sbtest8_pkey on sbtest8  (cost=0.43..43.94 rows=10 width=121)
	  Index Cond: ((id >= 4466556) AND (id <= 4466565))

explain: for point_selects :: explain SELECT c FROM sbtest%u WHERE id=%u
for point_selects
table 1 : explain SELECT c FROM sbtest1 WHERE id=4711843
	Index Scan using sbtest1_pkey on sbtest1  (cost=0.43..8.45 rows=1 width=121)
	  Index Cond: (id = 4711843)

table 2 : explain SELECT c FROM sbtest2 WHERE id=1432895
	Index Scan using sbtest2_pkey on sbtest2  (cost=0.43..8.45 rows=1 width=121)
	  Index Cond: (id = 1432895)

table 3 : explain SELECT c FROM sbtest3 WHERE id=8972342
	Index Scan using sbtest3_pkey on sbtest3  (cost=0.43..8.45 rows=1 width=121)
	  Index Cond: (id = 8972342)

table 4 : explain SELECT c FROM sbtest4 WHERE id=9360803
	Index Scan using sbtest4_pkey on sbtest4  (cost=0.43..8.45 rows=1 width=121)
	  Index Cond: (id = 9360803)

table 5 : explain SELECT c FROM sbtest5 WHERE id=7957430
	Index Scan using sbtest5_pkey on sbtest5  (cost=0.43..8.45 rows=1 width=121)
	  Index Cond: (id = 7957430)

table 6 : explain SELECT c FROM sbtest6 WHERE id=9042435
	Index Scan using sbtest6_pkey on sbtest6  (cost=0.43..8.45 rows=1 width=121)
	  Index Cond: (id = 9042435)

table 7 : explain SELECT c FROM sbtest7 WHERE id=397770
	Index Scan using sbtest7_pkey on sbtest7  (cost=0.43..8.45 rows=1 width=121)
	  Index Cond: (id = 397770)

table 8 : explain SELECT c FROM sbtest8 WHERE id=9899112
	Index Scan using sbtest8_pkey on sbtest8  (cost=0.43..8.45 rows=1 width=121)
	  Index Cond: (id = 9899112)

for point_selects
table 1 : explain SELECT c FROM sbtest1 WHERE id=8589232
	Index Scan using sbtest1_pkey on sbtest1  (cost=0.43..8.45 rows=1 width=121)
	  Index Cond: (id = 8589232)

table 2 : explain SELECT c FROM sbtest2 WHERE id=6292247
	Index Scan using sbtest2_pkey on sbtest2  (cost=0.43..8.45 rows=1 width=121)
	  Index Cond: (id = 6292247)

table 3 : explain SELECT c FROM sbtest3 WHERE id=2887407
	Index Scan using sbtest3_pkey on sbtest3  (cost=0.43..8.45 rows=1 width=121)
	  Index Cond: (id = 2887407)

table 4 : explain SELECT c FROM sbtest4 WHERE id=4658726
	Index Scan using sbtest4_pkey on sbtest4  (cost=0.43..8.45 rows=1 width=121)
	  Index Cond: (id = 4658726)

table 5 : explain SELECT c FROM sbtest5 WHERE id=3243429
	Index Scan using sbtest5_pkey on sbtest5  (cost=0.43..8.45 rows=1 width=121)
	  Index Cond: (id = 3243429)

table 6 : explain SELECT c FROM sbtest6 WHERE id=9317011
	Index Scan using sbtest6_pkey on sbtest6  (cost=0.43..8.45 rows=1 width=121)
	  Index Cond: (id = 9317011)

table 7 : explain SELECT c FROM sbtest7 WHERE id=3790728
	Index Scan using sbtest7_pkey on sbtest7  (cost=0.43..8.45 rows=1 width=121)
	  Index Cond: (id = 3790728)

table 8 : explain SELECT c FROM sbtest8 WHERE id=7285023
	Index Scan using sbtest8_pkey on sbtest8  (cost=0.43..8.45 rows=1 width=121)
	  Index Cond: (id = 7285023)

for: simple_ranges
table 1 : explain SELECT c FROM sbtest1 WHERE id BETWEEN 4534732 AND 4534741
	Index Scan using sbtest1_pkey on sbtest1  (cost=0.43..44.22 rows=10 width=121)
	  Index Cond: ((id >= 4534732) AND (id <= 4534741))

table 2 : explain SELECT c FROM sbtest2 WHERE id BETWEEN 8005325 AND 8005334
	Index Scan using sbtest2_pkey on sbtest2  (cost=0.43..44.16 rows=10 width=121)
	  Index Cond: ((id >= 8005325) AND (id <= 8005334))

table 3 : explain SELECT c FROM sbtest3 WHERE id BETWEEN 8347442 AND 8347451
	Index Scan using sbtest3_pkey on sbtest3  (cost=0.43..44.09 rows=10 width=121)
	  Index Cond: ((id >= 8347442) AND (id <= 8347451))

table 4 : explain SELECT c FROM sbtest4 WHERE id BETWEEN 4951006 AND 4951015
	Index Scan using sbtest4_pkey on sbtest4  (cost=0.43..48.01 rows=11 width=121)
	  Index Cond: ((id >= 4951006) AND (id <= 4951015))

table 5 : explain SELECT c FROM sbtest5 WHERE id BETWEEN 3405483 AND 3405492
	Index Scan using sbtest5_pkey on sbtest5  (cost=0.43..48.06 rows=11 width=121)
	  Index Cond: ((id >= 3405483) AND (id <= 3405492))

table 6 : explain SELECT c FROM sbtest6 WHERE id BETWEEN 5708504 AND 5708513
	Index Scan using sbtest6_pkey on sbtest6  (cost=0.43..48.00 rows=11 width=121)
	  Index Cond: ((id >= 5708504) AND (id <= 5708513))

table 7 : explain SELECT c FROM sbtest7 WHERE id BETWEEN 4793845 AND 4793854
	Index Scan using sbtest7_pkey on sbtest7  (cost=0.43..44.08 rows=10 width=121)
	  Index Cond: ((id >= 4793845) AND (id <= 4793854))

table 8 : explain SELECT c FROM sbtest8 WHERE id BETWEEN 1797666 AND 1797675
	Index Scan using sbtest8_pkey on sbtest8  (cost=0.43..47.89 rows=11 width=121)
	  Index Cond: ((id >= 1797666) AND (id <= 1797675))

for: simple_ranges
table 1 : explain SELECT c FROM sbtest1 WHERE id BETWEEN 3911231 AND 3911240
	Index Scan using sbtest1_pkey on sbtest1  (cost=0.43..44.22 rows=10 width=121)
	  Index Cond: ((id >= 3911231) AND (id <= 3911240))

table 2 : explain SELECT c FROM sbtest2 WHERE id BETWEEN 9510779 AND 9510788
	Index Scan using sbtest2_pkey on sbtest2  (cost=0.43..48.13 rows=11 width=121)
	  Index Cond: ((id >= 9510779) AND (id <= 9510788))

table 3 : explain SELECT c FROM sbtest3 WHERE id BETWEEN 3289493 AND 3289502
	Index Scan using sbtest3_pkey on sbtest3  (cost=0.43..44.09 rows=10 width=121)
	  Index Cond: ((id >= 3289493) AND (id <= 3289502))

table 4 : explain SELECT c FROM sbtest4 WHERE id BETWEEN 4056018 AND 4056027
	Index Scan using sbtest4_pkey on sbtest4  (cost=0.43..48.01 rows=11 width=121)
	  Index Cond: ((id >= 4056018) AND (id <= 4056027))

table 5 : explain SELECT c FROM sbtest5 WHERE id BETWEEN 9103764 AND 9103773
	Index Scan using sbtest5_pkey on sbtest5  (cost=0.43..44.10 rows=10 width=121)
	  Index Cond: ((id >= 9103764) AND (id <= 9103773))

table 6 : explain SELECT c FROM sbtest6 WHERE id BETWEEN 2582693 AND 2582702
	Index Scan using sbtest6_pkey on sbtest6  (cost=0.43..48.00 rows=11 width=121)
	  Index Cond: ((id >= 2582693) AND (id <= 2582702))

table 7 : explain SELECT c FROM sbtest7 WHERE id BETWEEN 5218451 AND 5218460
	Index Scan using sbtest7_pkey on sbtest7  (cost=0.43..44.08 rows=10 width=121)
	  Index Cond: ((id >= 5218451) AND (id <= 5218460))

table 8 : explain SELECT c FROM sbtest8 WHERE id BETWEEN 1281790 AND 1281799
	Index Scan using sbtest8_pkey on sbtest8  (cost=0.43..40.00 rows=9 width=121)
	  Index Cond: ((id >= 1281790) AND (id <= 1281799))

for: simple_ranges
table 1 : explain SELECT c FROM sbtest1 WHERE id BETWEEN 4421134 AND 4421143
	Index Scan using sbtest1_pkey on sbtest1  (cost=0.43..44.22 rows=10 width=121)
	  Index Cond: ((id >= 4421134) AND (id <= 4421143))

table 2 : explain SELECT c FROM sbtest2 WHERE id BETWEEN 9551641 AND 9551650
	Index Scan using sbtest2_pkey on sbtest2  (cost=0.43..48.13 rows=11 width=121)
	  Index Cond: ((id >= 9551641) AND (id <= 9551650))

table 3 : explain SELECT c FROM sbtest3 WHERE id BETWEEN 3019751 AND 3019760
	Index Scan using sbtest3_pkey on sbtest3  (cost=0.43..44.09 rows=10 width=121)
	  Index Cond: ((id >= 3019751) AND (id <= 3019760))

table 4 : explain SELECT c FROM sbtest4 WHERE id BETWEEN 2432571 AND 2432580
	Index Scan using sbtest4_pkey on sbtest4  (cost=0.43..44.06 rows=10 width=121)
	  Index Cond: ((id >= 2432571) AND (id <= 2432580))

table 5 : explain SELECT c FROM sbtest5 WHERE id BETWEEN 5947542 AND 5947551
	Index Scan using sbtest5_pkey on sbtest5  (cost=0.43..40.14 rows=9 width=121)
	  Index Cond: ((id >= 5947542) AND (id <= 5947551))

table 6 : explain SELECT c FROM sbtest6 WHERE id BETWEEN 547743 AND 547752
	Index Scan using sbtest6_pkey on sbtest6  (cost=0.43..40.09 rows=9 width=121)
	  Index Cond: ((id >= 547743) AND (id <= 547752))

table 7 : explain SELECT c FROM sbtest7 WHERE id BETWEEN 2074206 AND 2074215
	Index Scan using sbtest7_pkey on sbtest7  (cost=0.43..44.08 rows=10 width=121)
	  Index Cond: ((id >= 2074206) AND (id <= 2074215))

table 8 : explain SELECT c FROM sbtest8 WHERE id BETWEEN 2185211 AND 2185220
	Index Scan using sbtest8_pkey on sbtest8  (cost=0.43..43.94 rows=10 width=121)
	  Index Cond: ((id >= 2185211) AND (id <= 2185220))

for point_selects
table 1 : explain SELECT c FROM sbtest1 WHERE id=3287089
	Index Scan using sbtest1_pkey on sbtest1  (cost=0.43..8.45 rows=1 width=121)
	  Index Cond: (id = 3287089)

table 2 : explain SELECT c FROM sbtest2 WHERE id=7052279
	Index Scan using sbtest2_pkey on sbtest2  (cost=0.43..8.45 rows=1 width=121)
	  Index Cond: (id = 7052279)

table 3 : explain SELECT c FROM sbtest3 WHERE id=8178272
	Index Scan using sbtest3_pkey on sbtest3  (cost=0.43..8.45 rows=1 width=121)
	  Index Cond: (id = 8178272)

table 4 : explain SELECT c FROM sbtest4 WHERE id=9181102
	Index Scan using sbtest4_pkey on sbtest4  (cost=0.43..8.45 rows=1 width=121)
	  Index Cond: (id = 9181102)

table 5 : explain SELECT c FROM sbtest5 WHERE id=8279636
	Index Scan using sbtest5_pkey on sbtest5  (cost=0.43..8.45 rows=1 width=121)
	  Index Cond: (id = 8279636)

table 6 : explain SELECT c FROM sbtest6 WHERE id=389562
	Index Scan using sbtest6_pkey on sbtest6  (cost=0.43..8.45 rows=1 width=121)
	  Index Cond: (id = 389562)

table 7 : explain SELECT c FROM sbtest7 WHERE id=4070259
	Index Scan using sbtest7_pkey on sbtest7  (cost=0.43..8.45 rows=1 width=121)
	  Index Cond: (id = 4070259)

table 8 : explain SELECT c FROM sbtest8 WHERE id=4258969
	Index Scan using sbtest8_pkey on sbtest8  (cost=0.43..8.45 rows=1 width=121)
	  Index Cond: (id = 4258969)

for point_selects
table 1 : explain SELECT c FROM sbtest1 WHERE id=7119827
	Index Scan using sbtest1_pkey on sbtest1  (cost=0.43..8.45 rows=1 width=121)
	  Index Cond: (id = 7119827)

table 2 : explain SELECT c FROM sbtest2 WHERE id=5951742
	Index Scan using sbtest2_pkey on sbtest2  (cost=0.43..8.45 rows=1 width=121)
	  Index Cond: (id = 5951742)

table 3 : explain SELECT c FROM sbtest3 WHERE id=6640957
	Index Scan using sbtest3_pkey on sbtest3  (cost=0.43..8.45 rows=1 width=121)
	  Index Cond: (id = 6640957)

table 4 : explain SELECT c FROM sbtest4 WHERE id=4522320
	Index Scan using sbtest4_pkey on sbtest4  (cost=0.43..8.45 rows=1 width=121)
	  Index Cond: (id = 4522320)

table 5 : explain SELECT c FROM sbtest5 WHERE id=1008149
	Index Scan using sbtest5_pkey on sbtest5  (cost=0.43..8.45 rows=1 width=121)
	  Index Cond: (id = 1008149)

table 6 : explain SELECT c FROM sbtest6 WHERE id=595037
	Index Scan using sbtest6_pkey on sbtest6  (cost=0.43..8.45 rows=1 width=121)
	  Index Cond: (id = 595037)

table 7 : explain SELECT c FROM sbtest7 WHERE id=3552104
	Index Scan using sbtest7_pkey on sbtest7  (cost=0.43..8.45 rows=1 width=121)
	  Index Cond: (id = 3552104)

table 8 : explain SELECT c FROM sbtest8 WHERE id=2203640
	Index Scan using sbtest8_pkey on sbtest8  (cost=0.43..8.45 rows=1 width=121)
	  Index Cond: (id = 2203640)

for: simple_ranges
table 1 : explain SELECT c FROM sbtest1 WHERE id BETWEEN 8866950 AND 8866959
	Index Scan using sbtest1_pkey on sbtest1  (cost=0.43..44.22 rows=10 width=121)
	  Index Cond: ((id >= 8866950) AND (id <= 8866959))

table 2 : explain SELECT c FROM sbtest2 WHERE id BETWEEN 7124475 AND 7124484
	Index Scan using sbtest2_pkey on sbtest2  (cost=0.43..48.13 rows=11 width=121)
	  Index Cond: ((id >= 7124475) AND (id <= 7124484))

table 3 : explain SELECT c FROM sbtest3 WHERE id BETWEEN 7886328 AND 7886337
	Index Scan using sbtest3_pkey on sbtest3  (cost=0.43..44.09 rows=10 width=121)
	  Index Cond: ((id >= 7886328) AND (id <= 7886337))

table 4 : explain SELECT c FROM sbtest4 WHERE id BETWEEN 2576532 AND 2576541
	Index Scan using sbtest4_pkey on sbtest4  (cost=0.43..44.06 rows=10 width=121)
	  Index Cond: ((id >= 2576532) AND (id <= 2576541))

table 5 : explain SELECT c FROM sbtest5 WHERE id BETWEEN 3294097 AND 3294106
	Index Scan using sbtest5_pkey on sbtest5  (cost=0.43..44.10 rows=10 width=121)
	  Index Cond: ((id >= 3294097) AND (id <= 3294106))

table 6 : explain SELECT c FROM sbtest6 WHERE id BETWEEN 998201 AND 998210
	Index Scan using sbtest6_pkey on sbtest6  (cost=0.43..44.05 rows=10 width=121)
	  Index Cond: ((id >= 998201) AND (id <= 998210))

table 7 : explain SELECT c FROM sbtest7 WHERE id BETWEEN 8187698 AND 8187707
	Index Scan using sbtest7_pkey on sbtest7  (cost=0.43..48.04 rows=11 width=121)
	  Index Cond: ((id >= 8187698) AND (id <= 8187707))

table 8 : explain SELECT c FROM sbtest8 WHERE id BETWEEN 2845686 AND 2845695
	Index Scan using sbtest8_pkey on sbtest8  (cost=0.43..43.94 rows=10 width=121)
	  Index Cond: ((id >= 2845686) AND (id <= 2845695))

for: simple_ranges
table 1 : explain SELECT c FROM sbtest1 WHERE id BETWEEN 6760358 AND 6760367
	Index Scan using sbtest1_pkey on sbtest1  (cost=0.43..44.22 rows=10 width=121)
	  Index Cond: ((id >= 6760358) AND (id <= 6760367))

table 2 : explain SELECT c FROM sbtest2 WHERE id BETWEEN 8305412 AND 8305421
	Index Scan using sbtest2_pkey on sbtest2  (cost=0.43..44.16 rows=10 width=121)
	  Index Cond: ((id >= 8305412) AND (id <= 8305421))

table 3 : explain SELECT c FROM sbtest3 WHERE id BETWEEN 8160324 AND 8160333
	Index Scan using sbtest3_pkey on sbtest3  (cost=0.43..44.09 rows=10 width=121)
	  Index Cond: ((id >= 8160324) AND (id <= 8160333))

table 4 : explain SELECT c FROM sbtest4 WHERE id BETWEEN 843537 AND 843546
	Index Scan using sbtest4_pkey on sbtest4  (cost=0.43..48.01 rows=11 width=121)
	  Index Cond: ((id >= 843537) AND (id <= 843546))

table 5 : explain SELECT c FROM sbtest5 WHERE id BETWEEN 5487394 AND 5487403
	Index Scan using sbtest5_pkey on sbtest5  (cost=0.43..44.10 rows=10 width=121)
	  Index Cond: ((id >= 5487394) AND (id <= 5487403))

table 6 : explain SELECT c FROM sbtest6 WHERE id BETWEEN 7120886 AND 7120895
	Index Scan using sbtest6_pkey on sbtest6  (cost=0.43..48.00 rows=11 width=121)
	  Index Cond: ((id >= 7120886) AND (id <= 7120895))

table 7 : explain SELECT c FROM sbtest7 WHERE id BETWEEN 9351019 AND 9351028
	Index Scan using sbtest7_pkey on sbtest7  (cost=0.43..48.04 rows=11 width=121)
	  Index Cond: ((id >= 9351019) AND (id <= 9351028))

table 8 : explain SELECT c FROM sbtest8 WHERE id BETWEEN 3505581 AND 3505590
	Index Scan using sbtest8_pkey on sbtest8  (cost=0.43..40.00 rows=9 width=121)
	  Index Cond: ((id >= 3505581) AND (id <= 3505590))

for: simple_ranges
table 1 : explain SELECT c FROM sbtest1 WHERE id BETWEEN 9541251 AND 9541260
	Index Scan using sbtest1_pkey on sbtest1  (cost=0.43..40.25 rows=9 width=121)
	  Index Cond: ((id >= 9541251) AND (id <= 9541260))

table 2 : explain SELECT c FROM sbtest2 WHERE id BETWEEN 9524206 AND 9524215
	Index Scan using sbtest2_pkey on sbtest2  (cost=0.43..48.13 rows=11 width=121)
	  Index Cond: ((id >= 9524206) AND (id <= 9524215))

table 3 : explain SELECT c FROM sbtest3 WHERE id BETWEEN 2441895 AND 2441904
	Index Scan using sbtest3_pkey on sbtest3  (cost=0.43..44.09 rows=10 width=121)
	  Index Cond: ((id >= 2441895) AND (id <= 2441904))

table 4 : explain SELECT c FROM sbtest4 WHERE id BETWEEN 1141037 AND 1141046
	Index Scan using sbtest4_pkey on sbtest4  (cost=0.43..44.06 rows=10 width=121)
	  Index Cond: ((id >= 1141037) AND (id <= 1141046))

table 5 : explain SELECT c FROM sbtest5 WHERE id BETWEEN 7269984 AND 7269993
	Index Scan using sbtest5_pkey on sbtest5  (cost=0.43..44.10 rows=10 width=121)
	  Index Cond: ((id >= 7269984) AND (id <= 7269993))

table 6 : explain SELECT c FROM sbtest6 WHERE id BETWEEN 6594282 AND 6594291
	Index Scan using sbtest6_pkey on sbtest6  (cost=0.43..44.05 rows=10 width=121)
	  Index Cond: ((id >= 6594282) AND (id <= 6594291))

table 7 : explain SELECT c FROM sbtest7 WHERE id BETWEEN 2652025 AND 2652034
	Index Scan using sbtest7_pkey on sbtest7  (cost=0.43..44.08 rows=10 width=121)
	  Index Cond: ((id >= 2652025) AND (id <= 2652034))

table 8 : explain SELECT c FROM sbtest8 WHERE id BETWEEN 8902722 AND 8902731
	Index Scan using sbtest8_pkey on sbtest8  (cost=0.43..43.94 rows=10 width=121)
	  Index Cond: ((id >= 8902722) AND (id <= 8902731))

for: simple_ranges
table 1 : explain SELECT c FROM sbtest1 WHERE id BETWEEN 6710531 AND 6710540
	Index Scan using sbtest1_pkey on sbtest1  (cost=0.43..40.25 rows=9 width=121)
	  Index Cond: ((id >= 6710531) AND (id <= 6710540))

table 2 : explain SELECT c FROM sbtest2 WHERE id BETWEEN 78369 AND 78378
	Index Scan using sbtest2_pkey on sbtest2  (cost=0.43..40.19 rows=9 width=121)
	  Index Cond: ((id >= 78369) AND (id <= 78378))

table 3 : explain SELECT c FROM sbtest3 WHERE id BETWEEN 4912188 AND 4912197
	Index Scan using sbtest3_pkey on sbtest3  (cost=0.43..44.09 rows=10 width=121)
	  Index Cond: ((id >= 4912188) AND (id <= 4912197))

table 4 : explain SELECT c FROM sbtest4 WHERE id BETWEEN 9163369 AND 9163378
	Index Scan using sbtest4_pkey on sbtest4  (cost=0.43..44.06 rows=10 width=121)
	  Index Cond: ((id >= 9163369) AND (id <= 9163378))

table 5 : explain SELECT c FROM sbtest5 WHERE id BETWEEN 5547908 AND 5547917
	Index Scan using sbtest5_pkey on sbtest5  (cost=0.43..44.10 rows=10 width=121)
	  Index Cond: ((id >= 5547908) AND (id <= 5547917))

table 6 : explain SELECT c FROM sbtest6 WHERE id BETWEEN 9394061 AND 9394070
	Index Scan using sbtest6_pkey on sbtest6  (cost=0.43..44.05 rows=10 width=121)
	  Index Cond: ((id >= 9394061) AND (id <= 9394070))

table 7 : explain SELECT c FROM sbtest7 WHERE id BETWEEN 4446637 AND 4446646
	Index Scan using sbtest7_pkey on sbtest7  (cost=0.43..48.04 rows=11 width=121)
	  Index Cond: ((id >= 4446637) AND (id <= 4446646))

table 8 : explain SELECT c FROM sbtest8 WHERE id BETWEEN 3319857 AND 3319866
	Index Scan using sbtest8_pkey on sbtest8  (cost=0.43..43.94 rows=10 width=121)
	  Index Cond: ((id >= 3319857) AND (id <= 3319866))

for: simple_ranges
table 1 : explain SELECT c FROM sbtest1 WHERE id BETWEEN 260274 AND 260283
	Index Scan using sbtest1_pkey on sbtest1  (cost=0.43..44.22 rows=10 width=121)
	  Index Cond: ((id >= 260274) AND (id <= 260283))

table 2 : explain SELECT c FROM sbtest2 WHERE id BETWEEN 9741211 AND 9741220
	Index Scan using sbtest2_pkey on sbtest2  (cost=0.43..44.16 rows=10 width=121)
	  Index Cond: ((id >= 9741211) AND (id <= 9741220))

table 3 : explain SELECT c FROM sbtest3 WHERE id BETWEEN 3555491 AND 3555500
	Index Scan using sbtest3_pkey on sbtest3  (cost=0.43..40.13 rows=9 width=121)
	  Index Cond: ((id >= 3555491) AND (id <= 3555500))

table 4 : explain SELECT c FROM sbtest4 WHERE id BETWEEN 7462464 AND 7462473
	Index Scan using sbtest4_pkey on sbtest4  (cost=0.43..44.06 rows=10 width=121)
	  Index Cond: ((id >= 7462464) AND (id <= 7462473))

table 5 : explain SELECT c FROM sbtest5 WHERE id BETWEEN 2567567 AND 2567576
	Index Scan using sbtest5_pkey on sbtest5  (cost=0.43..40.14 rows=9 width=121)
	  Index Cond: ((id >= 2567567) AND (id <= 2567576))

table 6 : explain SELECT c FROM sbtest6 WHERE id BETWEEN 1385603 AND 1385612
	Index Scan using sbtest6_pkey on sbtest6  (cost=0.43..44.05 rows=10 width=121)
	  Index Cond: ((id >= 1385603) AND (id <= 1385612))

table 7 : explain SELECT c FROM sbtest7 WHERE id BETWEEN 7187680 AND 7187689
	Index Scan using sbtest7_pkey on sbtest7  (cost=0.43..44.08 rows=10 width=121)
	  Index Cond: ((id >= 7187680) AND (id <= 7187689))

table 8 : explain SELECT c FROM sbtest8 WHERE id BETWEEN 2168295 AND 2168304
	Index Scan using sbtest8_pkey on sbtest8  (cost=0.43..43.94 rows=10 width=121)
	  Index Cond: ((id >= 2168295) AND (id <= 2168304))

for: simple_ranges
table 1 : explain SELECT c FROM sbtest1 WHERE id BETWEEN 4345711 AND 4345720
	Index Scan using sbtest1_pkey on sbtest1  (cost=0.43..40.25 rows=9 width=121)
	  Index Cond: ((id >= 4345711) AND (id <= 4345720))

table 2 : explain SELECT c FROM sbtest2 WHERE id BETWEEN 6548331 AND 6548340
	Index Scan using sbtest2_pkey on sbtest2  (cost=0.43..40.19 rows=9 width=121)
	  Index Cond: ((id >= 6548331) AND (id <= 6548340))

table 3 : explain SELECT c FROM sbtest3 WHERE id BETWEEN 8824398 AND 8824407
	Index Scan using sbtest3_pkey on sbtest3  (cost=0.43..48.04 rows=11 width=121)
	  Index Cond: ((id >= 8824398) AND (id <= 8824407))

table 4 : explain SELECT c FROM sbtest4 WHERE id BETWEEN 4027078 AND 4027087
	Index Scan using sbtest4_pkey on sbtest4  (cost=0.43..48.01 rows=11 width=121)
	  Index Cond: ((id >= 4027078) AND (id <= 4027087))

table 5 : explain SELECT c FROM sbtest5 WHERE id BETWEEN 5596058 AND 5596067
	Index Scan using sbtest5_pkey on sbtest5  (cost=0.43..44.10 rows=10 width=121)
	  Index Cond: ((id >= 5596058) AND (id <= 5596067))

table 6 : explain SELECT c FROM sbtest6 WHERE id BETWEEN 9055297 AND 9055306
	Index Scan using sbtest6_pkey on sbtest6  (cost=0.43..48.00 rows=11 width=121)
	  Index Cond: ((id >= 9055297) AND (id <= 9055306))

table 7 : explain SELECT c FROM sbtest7 WHERE id BETWEEN 3974406 AND 3974415
	Index Scan using sbtest7_pkey on sbtest7  (cost=0.43..40.12 rows=9 width=121)
	  Index Cond: ((id >= 3974406) AND (id <= 3974415))

table 8 : explain SELECT c FROM sbtest8 WHERE id BETWEEN 7385897 AND 7385906
	Index Scan using sbtest8_pkey on sbtest8  (cost=0.43..43.94 rows=10 width=121)
	  Index Cond: ((id >= 7385897) AND (id <= 7385906))

for: simple_ranges
table 1 : explain SELECT c FROM sbtest1 WHERE id BETWEEN 2883463 AND 2883472
	Index Scan using sbtest1_pkey on sbtest1  (cost=0.43..40.25 rows=9 width=121)
	  Index Cond: ((id >= 2883463) AND (id <= 2883472))

table 2 : explain SELECT c FROM sbtest2 WHERE id BETWEEN 4780864 AND 4780873
	Index Scan using sbtest2_pkey on sbtest2  (cost=0.43..40.19 rows=9 width=121)
	  Index Cond: ((id >= 4780864) AND (id <= 4780873))

table 3 : explain SELECT c FROM sbtest3 WHERE id BETWEEN 7140494 AND 7140503
	Index Scan using sbtest3_pkey on sbtest3  (cost=0.43..44.09 rows=10 width=121)
	  Index Cond: ((id >= 7140494) AND (id <= 7140503))

table 4 : explain SELECT c FROM sbtest4 WHERE id BETWEEN 1940773 AND 1940782
	Index Scan using sbtest4_pkey on sbtest4  (cost=0.43..48.01 rows=11 width=121)
	  Index Cond: ((id >= 1940773) AND (id <= 1940782))

table 5 : explain SELECT c FROM sbtest5 WHERE id BETWEEN 9712161 AND 9712170
	Index Scan using sbtest5_pkey on sbtest5  (cost=0.43..44.10 rows=10 width=121)
	  Index Cond: ((id >= 9712161) AND (id <= 9712170))

table 6 : explain SELECT c FROM sbtest6 WHERE id BETWEEN 5821030 AND 5821039
	Index Scan using sbtest6_pkey on sbtest6  (cost=0.43..44.05 rows=10 width=121)
	  Index Cond: ((id >= 5821030) AND (id <= 5821039))

table 7 : explain SELECT c FROM sbtest7 WHERE id BETWEEN 5809059 AND 5809068
	Index Scan using sbtest7_pkey on sbtest7  (cost=0.43..44.08 rows=10 width=121)
	  Index Cond: ((id >= 5809059) AND (id <= 5809068))

table 8 : explain SELECT c FROM sbtest8 WHERE id BETWEEN 5044787 AND 5044796
	Index Scan using sbtest8_pkey on sbtest8  (cost=0.43..47.89 rows=11 width=121)
	  Index Cond: ((id >= 5044787) AND (id <= 5044796))

for: simple_ranges
table 1 : explain SELECT c FROM sbtest1 WHERE id BETWEEN 3457124 AND 3457133
	Index Scan using sbtest1_pkey on sbtest1  (cost=0.43..40.25 rows=9 width=121)
	  Index Cond: ((id >= 3457124) AND (id <= 3457133))

table 2 : explain SELECT c FROM sbtest2 WHERE id BETWEEN 2943311 AND 2943320
	Index Scan using sbtest2_pkey on sbtest2  (cost=0.43..48.13 rows=11 width=121)
	  Index Cond: ((id >= 2943311) AND (id <= 2943320))

table 3 : explain SELECT c FROM sbtest3 WHERE id BETWEEN 9914565 AND 9914574
	Index Scan using sbtest3_pkey on sbtest3  (cost=0.43..44.09 rows=10 width=121)
	  Index Cond: ((id >= 9914565) AND (id <= 9914574))

table 4 : explain SELECT c FROM sbtest4 WHERE id BETWEEN 6469503 AND 6469512
	Index Scan using sbtest4_pkey on sbtest4  (cost=0.43..48.01 rows=11 width=121)
	  Index Cond: ((id >= 6469503) AND (id <= 6469512))

table 5 : explain SELECT c FROM sbtest5 WHERE id BETWEEN 9371950 AND 9371959
	Index Scan using sbtest5_pkey on sbtest5  (cost=0.43..44.10 rows=10 width=121)
	  Index Cond: ((id >= 9371950) AND (id <= 9371959))

table 6 : explain SELECT c FROM sbtest6 WHERE id BETWEEN 2742357 AND 2742366
	Index Scan using sbtest6_pkey on sbtest6  (cost=0.43..44.05 rows=10 width=121)
	  Index Cond: ((id >= 2742357) AND (id <= 2742366))

table 7 : explain SELECT c FROM sbtest7 WHERE id BETWEEN 244982 AND 244991
	Index Scan using sbtest7_pkey on sbtest7  (cost=0.43..48.04 rows=11 width=121)
	  Index Cond: ((id >= 244982) AND (id <= 244991))

table 8 : explain SELECT c FROM sbtest8 WHERE id BETWEEN 8654468 AND 8654477
	Index Scan using sbtest8_pkey on sbtest8  (cost=0.43..40.00 rows=9 width=121)
	  Index Cond: ((id >= 8654468) AND (id <= 8654477))

explain: for point_selects :: explain SELECT c FROM sbtest%u WHERE id=%u
for point_selects
table 1 : explain SELECT c FROM sbtest1 WHERE id=7634941
	Index Scan using sbtest1_pkey on sbtest1  (cost=0.43..8.45 rows=1 width=121)
	  Index Cond: (id = 7634941)

table 2 : explain SELECT c FROM sbtest2 WHERE id=146271
	Index Scan using sbtest2_pkey on sbtest2  (cost=0.43..8.45 rows=1 width=121)
	  Index Cond: (id = 146271)

table 3 : explain SELECT c FROM sbtest3 WHERE id=2517777
	Index Scan using sbtest3_pkey on sbtest3  (cost=0.43..8.45 rows=1 width=121)
	  Index Cond: (id = 2517777)

table 4 : explain SELECT c FROM sbtest4 WHERE id=845347
	Index Scan using sbtest4_pkey on sbtest4  (cost=0.43..8.45 rows=1 width=121)
	  Index Cond: (id = 845347)

table 5 : explain SELECT c FROM sbtest5 WHERE id=2342751
	Index Scan using sbtest5_pkey on sbtest5  (cost=0.43..8.45 rows=1 width=121)
	  Index Cond: (id = 2342751)

table 6 : explain SELECT c FROM sbtest6 WHERE id=4502655
	Index Scan using sbtest6_pkey on sbtest6  (cost=0.43..8.45 rows=1 width=121)
	  Index Cond: (id = 4502655)

table 7 : explain SELECT c FROM sbtest7 WHERE id=4445302
	Index Scan using sbtest7_pkey on sbtest7  (cost=0.43..8.45 rows=1 width=121)
	  Index Cond: (id = 4445302)

table 8 : explain SELECT c FROM sbtest8 WHERE id=4272727
	Index Scan using sbtest8_pkey on sbtest8  (cost=0.43..8.45 rows=1 width=121)
	  Index Cond: (id = 4272727)

for: simple_ranges
table 1 : explain SELECT c FROM sbtest1 WHERE id BETWEEN 7686022 AND 7686031
	Index Scan using sbtest1_pkey on sbtest1  (cost=0.43..44.22 rows=10 width=121)
	  Index Cond: ((id >= 7686022) AND (id <= 7686031))

table 2 : explain SELECT c FROM sbtest2 WHERE id BETWEEN 5872137 AND 5872146
	Index Scan using sbtest2_pkey on sbtest2  (cost=0.43..48.13 rows=11 width=121)
	  Index Cond: ((id >= 5872137) AND (id <= 5872146))

table 3 : explain SELECT c FROM sbtest3 WHERE id BETWEEN 6844292 AND 6844301
	Index Scan using sbtest3_pkey on sbtest3  (cost=0.43..40.13 rows=9 width=121)
	  Index Cond: ((id >= 6844292) AND (id <= 6844301))

table 4 : explain SELECT c FROM sbtest4 WHERE id BETWEEN 7505061 AND 7505070
	Index Scan using sbtest4_pkey on sbtest4  (cost=0.43..44.06 rows=10 width=121)
	  Index Cond: ((id >= 7505061) AND (id <= 7505070))

table 5 : explain SELECT c FROM sbtest5 WHERE id BETWEEN 6313632 AND 6313641
	Index Scan using sbtest5_pkey on sbtest5  (cost=0.43..48.06 rows=11 width=121)
	  Index Cond: ((id >= 6313632) AND (id <= 6313641))

table 6 : explain SELECT c FROM sbtest6 WHERE id BETWEEN 3214964 AND 3214973
	Index Scan using sbtest6_pkey on sbtest6  (cost=0.43..40.09 rows=9 width=121)
	  Index Cond: ((id >= 3214964) AND (id <= 3214973))

table 7 : explain SELECT c FROM sbtest7 WHERE id BETWEEN 4458808 AND 4458817
	Index Scan using sbtest7_pkey on sbtest7  (cost=0.43..48.04 rows=11 width=121)
	  Index Cond: ((id >= 4458808) AND (id <= 4458817))

table 8 : explain SELECT c FROM sbtest8 WHERE id BETWEEN 659772 AND 659781
	Index Scan using sbtest8_pkey on sbtest8  (cost=0.43..43.94 rows=10 width=121)
	  Index Cond: ((id >= 659772) AND (id <= 659781))

for point_selects
table 1 : explain SELECT c FROM sbtest1 WHERE id=8797762
	Index Scan using sbtest1_pkey on sbtest1  (cost=0.43..8.45 rows=1 width=121)
	  Index Cond: (id = 8797762)

table 2 : explain SELECT c FROM sbtest2 WHERE id=1096609
	Index Scan using sbtest2_pkey on sbtest2  (cost=0.43..8.45 rows=1 width=121)
	  Index Cond: (id = 1096609)

table 3 : explain SELECT c FROM sbtest3 WHERE id=1493357
	Index Scan using sbtest3_pkey on sbtest3  (cost=0.43..8.45 rows=1 width=121)
	  Index Cond: (id = 1493357)

table 4 : explain SELECT c FROM sbtest4 WHERE id=1943896
	Index Scan using sbtest4_pkey on sbtest4  (cost=0.43..8.45 rows=1 width=121)
	  Index Cond: (id = 1943896)

table 5 : explain SELECT c FROM sbtest5 WHERE id=6170281
	Index Scan using sbtest5_pkey on sbtest5  (cost=0.43..8.45 rows=1 width=121)
	  Index Cond: (id = 6170281)

table 6 : explain SELECT c FROM sbtest6 WHERE id=665767
	Index Scan using sbtest6_pkey on sbtest6  (cost=0.43..8.45 rows=1 width=121)
	  Index Cond: (id = 665767)

table 7 : explain SELECT c FROM sbtest7 WHERE id=7486674
	Index Scan using sbtest7_pkey on sbtest7  (cost=0.43..8.45 rows=1 width=121)
	  Index Cond: (id = 7486674)

table 8 : explain SELECT c FROM sbtest8 WHERE id=5366371
	Index Scan using sbtest8_pkey on sbtest8  (cost=0.43..8.45 rows=1 width=121)
	  Index Cond: (id = 5366371)

for point_selects
table 1 : explain SELECT c FROM sbtest1 WHERE id=8437004
	Index Scan using sbtest1_pkey on sbtest1  (cost=0.43..8.45 rows=1 width=121)
	  Index Cond: (id = 8437004)

table 2 : explain SELECT c FROM sbtest2 WHERE id=6435939
	Index Scan using sbtest2_pkey on sbtest2  (cost=0.43..8.45 rows=1 width=121)
	  Index Cond: (id = 6435939)

table 3 : explain SELECT c FROM sbtest3 WHERE id=7808126
	Index Scan using sbtest3_pkey on sbtest3  (cost=0.43..8.45 rows=1 width=121)
	  Index Cond: (id = 7808126)

table 4 : explain SELECT c FROM sbtest4 WHERE id=861312
	Index Scan using sbtest4_pkey on sbtest4  (cost=0.43..8.45 rows=1 width=121)
	  Index Cond: (id = 861312)

table 5 : explain SELECT c FROM sbtest5 WHERE id=8950321
	Index Scan using sbtest5_pkey on sbtest5  (cost=0.43..8.45 rows=1 width=121)
	  Index Cond: (id = 8950321)

table 6 : explain SELECT c FROM sbtest6 WHERE id=7975914
	Index Scan using sbtest6_pkey on sbtest6  (cost=0.43..8.45 rows=1 width=121)
	  Index Cond: (id = 7975914)

table 7 : explain SELECT c FROM sbtest7 WHERE id=1542711
	Index Scan using sbtest7_pkey on sbtest7  (cost=0.43..8.45 rows=1 width=121)
	  Index Cond: (id = 1542711)

table 8 : explain SELECT c FROM sbtest8 WHERE id=5192119
	Index Scan using sbtest8_pkey on sbtest8  (cost=0.43..8.45 rows=1 width=121)
	  Index Cond: (id = 5192119)

for point_selects
table 1 : explain SELECT c FROM sbtest1 WHERE id=5597730
	Index Scan using sbtest1_pkey on sbtest1  (cost=0.43..8.45 rows=1 width=121)
	  Index Cond: (id = 5597730)

table 2 : explain SELECT c FROM sbtest2 WHERE id=1968296
	Index Scan using sbtest2_pkey on sbtest2  (cost=0.43..8.45 rows=1 width=121)
	  Index Cond: (id = 1968296)

table 3 : explain SELECT c FROM sbtest3 WHERE id=9158100
	Index Scan using sbtest3_pkey on sbtest3  (cost=0.43..8.45 rows=1 width=121)
	  Index Cond: (id = 9158100)

table 4 : explain SELECT c FROM sbtest4 WHERE id=8179814
	Index Scan using sbtest4_pkey on sbtest4  (cost=0.43..8.45 rows=1 width=121)
	  Index Cond: (id = 8179814)

table 5 : explain SELECT c FROM sbtest5 WHERE id=1789120
	Index Scan using sbtest5_pkey on sbtest5  (cost=0.43..8.45 rows=1 width=121)
	  Index Cond: (id = 1789120)

table 6 : explain SELECT c FROM sbtest6 WHERE id=6384801
	Index Scan using sbtest6_pkey on sbtest6  (cost=0.43..8.45 rows=1 width=121)
	  Index Cond: (id = 6384801)

table 7 : explain SELECT c FROM sbtest7 WHERE id=8962979
	Index Scan using sbtest7_pkey on sbtest7  (cost=0.43..8.45 rows=1 width=121)
	  Index Cond: (id = 8962979)

table 8 : explain SELECT c FROM sbtest8 WHERE id=97278
	Index Scan using sbtest8_pkey on sbtest8  (cost=0.43..8.45 rows=1 width=121)
	  Index Cond: (id = 97278)

for: simple_ranges
table 1 : explain SELECT c FROM sbtest1 WHERE id BETWEEN 5015904 AND 5015913
	Index Scan using sbtest1_pkey on sbtest1  (cost=0.43..44.22 rows=10 width=121)
	  Index Cond: ((id >= 5015904) AND (id <= 5015913))

table 2 : explain SELECT c FROM sbtest2 WHERE id BETWEEN 5550899 AND 5550908
	Index Scan using sbtest2_pkey on sbtest2  (cost=0.43..40.19 rows=9 width=121)
	  Index Cond: ((id >= 5550899) AND (id <= 5550908))

table 3 : explain SELECT c FROM sbtest3 WHERE id BETWEEN 4279143 AND 4279152
	Index Scan using sbtest3_pkey on sbtest3  (cost=0.43..48.04 rows=11 width=121)
	  Index Cond: ((id >= 4279143) AND (id <= 4279152))

table 4 : explain SELECT c FROM sbtest4 WHERE id BETWEEN 4358298 AND 4358307
	Index Scan using sbtest4_pkey on sbtest4  (cost=0.43..44.06 rows=10 width=121)
	  Index Cond: ((id >= 4358298) AND (id <= 4358307))

table 5 : explain SELECT c FROM sbtest5 WHERE id BETWEEN 8533001 AND 8533010
	Index Scan using sbtest5_pkey on sbtest5  (cost=0.43..44.10 rows=10 width=121)
	  Index Cond: ((id >= 8533001) AND (id <= 8533010))

table 6 : explain SELECT c FROM sbtest6 WHERE id BETWEEN 7122920 AND 7122929
	Index Scan using sbtest6_pkey on sbtest6  (cost=0.43..48.00 rows=11 width=121)
	  Index Cond: ((id >= 7122920) AND (id <= 7122929))

table 7 : explain SELECT c FROM sbtest7 WHERE id BETWEEN 5068445 AND 5068454
	Index Scan using sbtest7_pkey on sbtest7  (cost=0.43..44.08 rows=10 width=121)
	  Index Cond: ((id >= 5068445) AND (id <= 5068454))

table 8 : explain SELECT c FROM sbtest8 WHERE id BETWEEN 4719495 AND 4719504
	Index Scan using sbtest8_pkey on sbtest8  (cost=0.43..43.94 rows=10 width=121)
	  Index Cond: ((id >= 4719495) AND (id <= 4719504))

for: simple_ranges
table 1 : explain SELECT c FROM sbtest1 WHERE id BETWEEN 6576447 AND 6576456
	Index Scan using sbtest1_pkey on sbtest1  (cost=0.43..44.22 rows=10 width=121)
	  Index Cond: ((id >= 6576447) AND (id <= 6576456))

table 2 : explain SELECT c FROM sbtest2 WHERE id BETWEEN 3145964 AND 3145973
	Index Scan using sbtest2_pkey on sbtest2  (cost=0.43..44.16 rows=10 width=121)
	  Index Cond: ((id >= 3145964) AND (id <= 3145973))

table 3 : explain SELECT c FROM sbtest3 WHERE id BETWEEN 453693 AND 453702
	Index Scan using sbtest3_pkey on sbtest3  (cost=0.43..44.09 rows=10 width=121)
	  Index Cond: ((id >= 453693) AND (id <= 453702))

table 4 : explain SELECT c FROM sbtest4 WHERE id BETWEEN 4511620 AND 4511629
	Index Scan using sbtest4_pkey on sbtest4  (cost=0.43..44.06 rows=10 width=121)
	  Index Cond: ((id >= 4511620) AND (id <= 4511629))

table 5 : explain SELECT c FROM sbtest5 WHERE id BETWEEN 9139142 AND 9139151
	Index Scan using sbtest5_pkey on sbtest5  (cost=0.43..44.10 rows=10 width=121)
	  Index Cond: ((id >= 9139142) AND (id <= 9139151))

table 6 : explain SELECT c FROM sbtest6 WHERE id BETWEEN 3856341 AND 3856350
	Index Scan using sbtest6_pkey on sbtest6  (cost=0.43..48.00 rows=11 width=121)
	  Index Cond: ((id >= 3856341) AND (id <= 3856350))

table 7 : explain SELECT c FROM sbtest7 WHERE id BETWEEN 9855574 AND 9855583
	Index Scan using sbtest7_pkey on sbtest7  (cost=0.43..44.08 rows=10 width=121)
	  Index Cond: ((id >= 9855574) AND (id <= 9855583))

table 8 : explain SELECT c FROM sbtest8 WHERE id BETWEEN 5944484 AND 5944493
	Index Scan using sbtest8_pkey on sbtest8  (cost=0.43..43.94 rows=10 width=121)
	  Index Cond: ((id >= 5944484) AND (id <= 5944493))

for point_selects
table 1 : explain SELECT c FROM sbtest1 WHERE id=9096917
	Index Scan using sbtest1_pkey on sbtest1  (cost=0.43..8.45 rows=1 width=121)
	  Index Cond: (id = 9096917)

table 2 : explain SELECT c FROM sbtest2 WHERE id=6009289
	Index Scan using sbtest2_pkey on sbtest2  (cost=0.43..8.45 rows=1 width=121)
	  Index Cond: (id = 6009289)

table 3 : explain SELECT c FROM sbtest3 WHERE id=3123061
	Index Scan using sbtest3_pkey on sbtest3  (cost=0.43..8.45 rows=1 width=121)
	  Index Cond: (id = 3123061)

table 4 : explain SELECT c FROM sbtest4 WHERE id=4839881
	Index Scan using sbtest4_pkey on sbtest4  (cost=0.43..8.45 rows=1 width=121)
	  Index Cond: (id = 4839881)

table 5 : explain SELECT c FROM sbtest5 WHERE id=5133416
	Index Scan using sbtest5_pkey on sbtest5  (cost=0.43..8.45 rows=1 width=121)
	  Index Cond: (id = 5133416)

table 6 : explain SELECT c FROM sbtest6 WHERE id=7028871
	Index Scan using sbtest6_pkey on sbtest6  (cost=0.43..8.45 rows=1 width=121)
	  Index Cond: (id = 7028871)

table 7 : explain SELECT c FROM sbtest7 WHERE id=1960449
	Index Scan using sbtest7_pkey on sbtest7  (cost=0.43..8.45 rows=1 width=121)
	  Index Cond: (id = 1960449)

table 8 : explain SELECT c FROM sbtest8 WHERE id=4048270
	Index Scan using sbtest8_pkey on sbtest8  (cost=0.43..8.45 rows=1 width=121)
	  Index Cond: (id = 4048270)

for: sum_ranges
table 1 : explain SELECT SUM(k) FROM sbtest1 WHERE id BETWEEN 962978 AND 962987
	Aggregate  (cost=40.27..40.28 rows=1 width=8)
	  ->  Index Scan using sbtest1_pkey on sbtest1  (cost=0.43..40.25 rows=9 width=4)
	        Index Cond: ((id >= 962978) AND (id <= 962987))

table 2 : explain SELECT SUM(k) FROM sbtest2 WHERE id BETWEEN 2010018 AND 2010027
	Aggregate  (cost=40.22..40.23 rows=1 width=8)
	  ->  Index Scan using sbtest2_pkey on sbtest2  (cost=0.43..40.19 rows=9 width=4)
	        Index Cond: ((id >= 2010018) AND (id <= 2010027))

table 3 : explain SELECT SUM(k) FROM sbtest3 WHERE id BETWEEN 7064648 AND 7064657
	Aggregate  (cost=44.11..44.12 rows=1 width=8)
	  ->  Index Scan using sbtest3_pkey on sbtest3  (cost=0.43..44.09 rows=10 width=4)
	        Index Cond: ((id >= 7064648) AND (id <= 7064657))

table 4 : explain SELECT SUM(k) FROM sbtest4 WHERE id BETWEEN 9563981 AND 9563990
	Aggregate  (cost=44.08..44.09 rows=1 width=8)
	  ->  Index Scan using sbtest4_pkey on sbtest4  (cost=0.43..44.06 rows=10 width=4)
	        Index Cond: ((id >= 9563981) AND (id <= 9563990))

table 5 : explain SELECT SUM(k) FROM sbtest5 WHERE id BETWEEN 4990857 AND 4990866
	Aggregate  (cost=44.12..44.13 rows=1 width=8)
	  ->  Index Scan using sbtest5_pkey on sbtest5  (cost=0.43..44.10 rows=10 width=4)
	        Index Cond: ((id >= 4990857) AND (id <= 4990866))

table 6 : explain SELECT SUM(k) FROM sbtest6 WHERE id BETWEEN 2047539 AND 2047548
	Aggregate  (cost=40.12..40.13 rows=1 width=8)
	  ->  Index Scan using sbtest6_pkey on sbtest6  (cost=0.43..40.09 rows=9 width=4)
	        Index Cond: ((id >= 2047539) AND (id <= 2047548))

table 7 : explain SELECT SUM(k) FROM sbtest7 WHERE id BETWEEN 4885395 AND 4885404
	Aggregate  (cost=44.10..44.11 rows=1 width=8)
	  ->  Index Scan using sbtest7_pkey on sbtest7  (cost=0.43..44.08 rows=10 width=4)
	        Index Cond: ((id >= 4885395) AND (id <= 4885404))

table 8 : explain SELECT SUM(k) FROM sbtest8 WHERE id BETWEEN 9585250 AND 9585259
	Aggregate  (cost=43.97..43.98 rows=1 width=8)
	  ->  Index Scan using sbtest8_pkey on sbtest8  (cost=0.43..43.94 rows=10 width=4)
	        Index Cond: ((id >= 9585250) AND (id <= 9585259))
for: sum_ranges
table 1 : explain SELECT SUM(k) FROM sbtest1 WHERE id BETWEEN 8402320 AND 8402329
	Aggregate  (cost=44.25..44.26 rows=1 width=8)
	  ->  Index Scan using sbtest1_pkey on sbtest1  (cost=0.43..44.22 rows=10 width=4)
	        Index Cond: ((id >= 8402320) AND (id <= 8402329))

table 2 : explain SELECT SUM(k) FROM sbtest2 WHERE id BETWEEN 9933786 AND 9933795
	Aggregate  (cost=44.19..44.20 rows=1 width=8)
	  ->  Index Scan using sbtest2_pkey on sbtest2  (cost=0.43..44.16 rows=10 width=4)
	        Index Cond: ((id >= 9933786) AND (id <= 9933795))

table 3 : explain SELECT SUM(k) FROM sbtest3 WHERE id BETWEEN 2134068 AND 2134077
	Aggregate  (cost=44.11..44.12 rows=1 width=8)
	  ->  Index Scan using sbtest3_pkey on sbtest3  (cost=0.43..44.09 rows=10 width=4)
	        Index Cond: ((id >= 2134068) AND (id <= 2134077))

table 4 : explain SELECT SUM(k) FROM sbtest4 WHERE id BETWEEN 3184795 AND 3184804
	Aggregate  (cost=44.08..44.09 rows=1 width=8)
	  ->  Index Scan using sbtest4_pkey on sbtest4  (cost=0.43..44.06 rows=10 width=4)
	        Index Cond: ((id >= 3184795) AND (id <= 3184804))

table 5 : explain SELECT SUM(k) FROM sbtest5 WHERE id BETWEEN 3255250 AND 3255259
	Aggregate  (cost=44.12..44.13 rows=1 width=8)
	  ->  Index Scan using sbtest5_pkey on sbtest5  (cost=0.43..44.10 rows=10 width=4)
	        Index Cond: ((id >= 3255250) AND (id <= 3255259))

table 6 : explain SELECT SUM(k) FROM sbtest6 WHERE id BETWEEN 652495 AND 652504
	Aggregate  (cost=40.12..40.13 rows=1 width=8)
	  ->  Index Scan using sbtest6_pkey on sbtest6  (cost=0.43..40.09 rows=9 width=4)
	        Index Cond: ((id >= 652495) AND (id <= 652504))

table 7 : explain SELECT SUM(k) FROM sbtest7 WHERE id BETWEEN 1558537 AND 1558546
	Aggregate  (cost=40.14..40.15 rows=1 width=8)
	  ->  Index Scan using sbtest7_pkey on sbtest7  (cost=0.43..40.12 rows=9 width=4)
	        Index Cond: ((id >= 1558537) AND (id <= 1558546))

table 8 : explain SELECT SUM(k) FROM sbtest8 WHERE id BETWEEN 8442761 AND 8442770
	Aggregate  (cost=43.97..43.98 rows=1 width=8)
	  ->  Index Scan using sbtest8_pkey on sbtest8  (cost=0.43..43.94 rows=10 width=4)
	        Index Cond: ((id >= 8442761) AND (id <= 8442770))


for: sum_ranges
table 1 : explain SELECT SUM(k) FROM sbtest1 WHERE id BETWEEN 8143584 AND 8143593
	Aggregate  (cost=40.27..40.28 rows=1 width=8)
	  ->  Index Scan using sbtest1_pkey on sbtest1  (cost=0.43..40.25 rows=9 width=4)
	        Index Cond: ((id >= 8143584) AND (id <= 8143593))

table 2 : explain SELECT SUM(k) FROM sbtest2 WHERE id BETWEEN 7688906 AND 7688915
	Aggregate  (cost=40.22..40.23 rows=1 width=8)
	  ->  Index Scan using sbtest2_pkey on sbtest2  (cost=0.43..40.19 rows=9 width=4)
	        Index Cond: ((id >= 7688906) AND (id <= 7688915))

table 3 : explain SELECT SUM(k) FROM sbtest3 WHERE id BETWEEN 9913063 AND 9913072
	Aggregate  (cost=44.11..44.12 rows=1 width=8)
	  ->  Index Scan using sbtest3_pkey on sbtest3  (cost=0.43..44.09 rows=10 width=4)
	        Index Cond: ((id >= 9913063) AND (id <= 9913072))

table 4 : explain SELECT SUM(k) FROM sbtest4 WHERE id BETWEEN 9406571 AND 9406580
	Aggregate  (cost=40.12..40.13 rows=1 width=8)
	  ->  Index Scan using sbtest4_pkey on sbtest4  (cost=0.43..40.10 rows=9 width=4)
	        Index Cond: ((id >= 9406571) AND (id <= 9406580))

table 5 : explain SELECT SUM(k) FROM sbtest5 WHERE id BETWEEN 1484035 AND 1484044
	Aggregate  (cost=44.12..44.13 rows=1 width=8)
	  ->  Index Scan using sbtest5_pkey on sbtest5  (cost=0.43..44.10 rows=10 width=4)
	        Index Cond: ((id >= 1484035) AND (id <= 1484044))

table 6 : explain SELECT SUM(k) FROM sbtest6 WHERE id BETWEEN 671664 AND 671673
	Aggregate  (cost=40.12..40.13 rows=1 width=8)
	  ->  Index Scan using sbtest6_pkey on sbtest6  (cost=0.43..40.09 rows=9 width=4)
	        Index Cond: ((id >= 671664) AND (id <= 671673))

table 7 : explain SELECT SUM(k) FROM sbtest7 WHERE id BETWEEN 6498099 AND 6498108
	Aggregate  (cost=44.10..44.11 rows=1 width=8)
	  ->  Index Scan using sbtest7_pkey on sbtest7  (cost=0.43..44.08 rows=10 width=4)
	        Index Cond: ((id >= 6498099) AND (id <= 6498108))

table 8 : explain SELECT SUM(k) FROM sbtest8 WHERE id BETWEEN 7007139 AND 7007148
	Aggregate  (cost=43.97..43.98 rows=1 width=8)
	  ->  Index Scan using sbtest8_pkey on sbtest8  (cost=0.43..43.94 rows=10 width=4)
	        Index Cond: ((id >= 7007139) AND (id <= 7007148))

for: simple_ranges
table 1 : explain SELECT c FROM sbtest1 WHERE id BETWEEN 2927477 AND 2927486
	Index Scan using sbtest1_pkey on sbtest1  (cost=0.43..40.25 rows=9 width=121)
	  Index Cond: ((id >= 2927477) AND (id <= 2927486))

table 2 : explain SELECT c FROM sbtest2 WHERE id BETWEEN 5618497 AND 5618506
	Index Scan using sbtest2_pkey on sbtest2  (cost=0.43..44.16 rows=10 width=121)
	  Index Cond: ((id >= 5618497) AND (id <= 5618506))

table 3 : explain SELECT c FROM sbtest3 WHERE id BETWEEN 2182022 AND 2182031
	Index Scan using sbtest3_pkey on sbtest3  (cost=0.43..44.09 rows=10 width=121)
	  Index Cond: ((id >= 2182022) AND (id <= 2182031))

table 4 : explain SELECT c FROM sbtest4 WHERE id BETWEEN 3865220 AND 3865229
	Index Scan using sbtest4_pkey on sbtest4  (cost=0.43..44.06 rows=10 width=121)
	  Index Cond: ((id >= 3865220) AND (id <= 3865229))

table 5 : explain SELECT c FROM sbtest5 WHERE id BETWEEN 8417334 AND 8417343
	Index Scan using sbtest5_pkey on sbtest5  (cost=0.43..44.10 rows=10 width=121)
	  Index Cond: ((id >= 8417334) AND (id <= 8417343))

table 6 : explain SELECT c FROM sbtest6 WHERE id BETWEEN 2907680 AND 2907689
	Index Scan using sbtest6_pkey on sbtest6  (cost=0.43..44.05 rows=10 width=121)
	  Index Cond: ((id >= 2907680) AND (id <= 2907689))

table 7 : explain SELECT c FROM sbtest7 WHERE id BETWEEN 1442890 AND 1442899
	Index Scan using sbtest7_pkey on sbtest7  (cost=0.43..44.08 rows=10 width=121)
	  Index Cond: ((id >= 1442890) AND (id <= 1442899))

table 8 : explain SELECT c FROM sbtest8 WHERE id BETWEEN 8699100 AND 8699109
	Index Scan using sbtest8_pkey on sbtest8  (cost=0.43..40.00 rows=9 width=121)
	  Index Cond: ((id >= 8699100) AND (id <= 8699109))

for: simple_ranges
table 1 : explain SELECT c FROM sbtest1 WHERE id BETWEEN 2395377 AND 2395386
	Index Scan using sbtest1_pkey on sbtest1  (cost=0.43..44.22 rows=10 width=121)
	  Index Cond: ((id >= 2395377) AND (id <= 2395386))

table 2 : explain SELECT c FROM sbtest2 WHERE id BETWEEN 6396009 AND 6396018
	Index Scan using sbtest2_pkey on sbtest2  (cost=0.43..44.16 rows=10 width=121)
	  Index Cond: ((id >= 6396009) AND (id <= 6396018))

table 3 : explain SELECT c FROM sbtest3 WHERE id BETWEEN 2036993 AND 2037002
	Index Scan using sbtest3_pkey on sbtest3  (cost=0.43..44.09 rows=10 width=121)
	  Index Cond: ((id >= 2036993) AND (id <= 2037002))

table 4 : explain SELECT c FROM sbtest4 WHERE id BETWEEN 5311939 AND 5311948
	Index Scan using sbtest4_pkey on sbtest4  (cost=0.43..48.01 rows=11 width=121)
	  Index Cond: ((id >= 5311939) AND (id <= 5311948))

table 5 : explain SELECT c FROM sbtest5 WHERE id BETWEEN 8207617 AND 8207626
	Index Scan using sbtest5_pkey on sbtest5  (cost=0.43..44.10 rows=10 width=121)
	  Index Cond: ((id >= 8207617) AND (id <= 8207626))

table 6 : explain SELECT c FROM sbtest6 WHERE id BETWEEN 2808181 AND 2808190
	Index Scan using sbtest6_pkey on sbtest6  (cost=0.43..44.05 rows=10 width=121)
	  Index Cond: ((id >= 2808181) AND (id <= 2808190))

table 7 : explain SELECT c FROM sbtest7 WHERE id BETWEEN 3169242 AND 3169251
	Index Scan using sbtest7_pkey on sbtest7  (cost=0.43..40.12 rows=9 width=121)
	  Index Cond: ((id >= 3169242) AND (id <= 3169251))

table 8 : explain SELECT c FROM sbtest8 WHERE id BETWEEN 5935077 AND 5935086
	Index Scan using sbtest8_pkey on sbtest8  (cost=0.43..43.94 rows=10 width=121)
	  Index Cond: ((id >= 5935077) AND (id <= 5935086))

for: simple_ranges
table 1 : explain SELECT c FROM sbtest1 WHERE id BETWEEN 3861002 AND 3861011
	Index Scan using sbtest1_pkey on sbtest1  (cost=0.43..44.22 rows=10 width=121)
	  Index Cond: ((id >= 3861002) AND (id <= 3861011))

table 2 : explain SELECT c FROM sbtest2 WHERE id BETWEEN 1049913 AND 1049922
	Index Scan using sbtest2_pkey on sbtest2  (cost=0.43..44.16 rows=10 width=121)
	  Index Cond: ((id >= 1049913) AND (id <= 1049922))

table 3 : explain SELECT c FROM sbtest3 WHERE id BETWEEN 919855 AND 919864
	Index Scan using sbtest3_pkey on sbtest3  (cost=0.43..44.09 rows=10 width=121)
	  Index Cond: ((id >= 919855) AND (id <= 919864))

table 4 : explain SELECT c FROM sbtest4 WHERE id BETWEEN 6155394 AND 6155403
	Index Scan using sbtest4_pkey on sbtest4  (cost=0.43..48.01 rows=11 width=121)
	  Index Cond: ((id >= 6155394) AND (id <= 6155403))

table 5 : explain SELECT c FROM sbtest5 WHERE id BETWEEN 8544012 AND 8544021
	Index Scan using sbtest5_pkey on sbtest5  (cost=0.43..44.10 rows=10 width=121)
	  Index Cond: ((id >= 8544012) AND (id <= 8544021))

table 6 : explain SELECT c FROM sbtest6 WHERE id BETWEEN 4495063 AND 4495072
	Index Scan using sbtest6_pkey on sbtest6  (cost=0.43..44.05 rows=10 width=121)
	  Index Cond: ((id >= 4495063) AND (id <= 4495072))

table 7 : explain SELECT c FROM sbtest7 WHERE id BETWEEN 422585 AND 422594
	Index Scan using sbtest7_pkey on sbtest7  (cost=0.43..44.08 rows=10 width=121)
	  Index Cond: ((id >= 422585) AND (id <= 422594))

table 8 : explain SELECT c FROM sbtest8 WHERE id BETWEEN 9601473 AND 9601482
	Index Scan using sbtest8_pkey on sbtest8  (cost=0.43..43.94 rows=10 width=121)
	  Index Cond: ((id >= 9601473) AND (id <= 9601482))

for point_selects
table 1 : explain SELECT c FROM sbtest1 WHERE id=3933536
	Index Scan using sbtest1_pkey on sbtest1  (cost=0.43..8.45 rows=1 width=121)
	  Index Cond: (id = 3933536)

table 2 : explain SELECT c FROM sbtest2 WHERE id=4840468
	Index Scan using sbtest2_pkey on sbtest2  (cost=0.43..8.45 rows=1 width=121)
	  Index Cond: (id = 4840468)

table 3 : explain SELECT c FROM sbtest3 WHERE id=176210
	Index Scan using sbtest3_pkey on sbtest3  (cost=0.43..8.45 rows=1 width=121)
	  Index Cond: (id = 176210)

table 4 : explain SELECT c FROM sbtest4 WHERE id=5978290
	Index Scan using sbtest4_pkey on sbtest4  (cost=0.43..8.45 rows=1 width=121)
	  Index Cond: (id = 5978290)

table 5 : explain SELECT c FROM sbtest5 WHERE id=2855903
	Index Scan using sbtest5_pkey on sbtest5  (cost=0.43..8.45 rows=1 width=121)
	  Index Cond: (id = 2855903)

table 6 : explain SELECT c FROM sbtest6 WHERE id=7764897
	Index Scan using sbtest6_pkey on sbtest6  (cost=0.43..8.45 rows=1 width=121)
	  Index Cond: (id = 7764897)

table 7 : explain SELECT c FROM sbtest7 WHERE id=9141608
	Index Scan using sbtest7_pkey on sbtest7  (cost=0.43..8.45 rows=1 width=121)
	  Index Cond: (id = 9141608)

table 8 : explain SELECT c FROM sbtest8 WHERE id=6800745
	Index Scan using sbtest8_pkey on sbtest8  (cost=0.43..8.45 rows=1 width=121)
	  Index Cond: (id = 6800745)

for point_selects
table 1 : explain SELECT c FROM sbtest1 WHERE id=2842993
	Index Scan using sbtest1_pkey on sbtest1  (cost=0.43..8.45 rows=1 width=121)
	  Index Cond: (id = 2842993)

table 2 : explain SELECT c FROM sbtest2 WHERE id=8154811
	Index Scan using sbtest2_pkey on sbtest2  (cost=0.43..8.45 rows=1 width=121)
	  Index Cond: (id = 8154811)

table 3 : explain SELECT c FROM sbtest3 WHERE id=4541243
	Index Scan using sbtest3_pkey on sbtest3  (cost=0.43..8.45 rows=1 width=121)
	  Index Cond: (id = 4541243)

table 4 : explain SELECT c FROM sbtest4 WHERE id=4808415
	Index Scan using sbtest4_pkey on sbtest4  (cost=0.43..8.45 rows=1 width=121)
	  Index Cond: (id = 4808415)

table 5 : explain SELECT c FROM sbtest5 WHERE id=992494
	Index Scan using sbtest5_pkey on sbtest5  (cost=0.43..8.45 rows=1 width=121)
	  Index Cond: (id = 992494)

table 6 : explain SELECT c FROM sbtest6 WHERE id=7514874
	Index Scan using sbtest6_pkey on sbtest6  (cost=0.43..8.45 rows=1 width=121)
	  Index Cond: (id = 7514874)

table 7 : explain SELECT c FROM sbtest7 WHERE id=82781
	Index Scan using sbtest7_pkey on sbtest7  (cost=0.43..8.45 rows=1 width=121)
	  Index Cond: (id = 82781)

table 8 : explain SELECT c FROM sbtest8 WHERE id=4439088
	Index Scan using sbtest8_pkey on sbtest8  (cost=0.43..8.45 rows=1 width=121)
	  Index Cond: (id = 4439088)

for: sum_ranges
table 1 : explain SELECT SUM(k) FROM sbtest1 WHERE id BETWEEN 9470983 AND 9470992
	Aggregate  (cost=48.22..48.23 rows=1 width=8)
	  ->  Index Scan using sbtest1_pkey on sbtest1  (cost=0.43..48.20 rows=11 width=4)
	        Index Cond: ((id >= 9470983) AND (id <= 9470992))

table 2 : explain SELECT SUM(k) FROM sbtest2 WHERE id BETWEEN 6660970 AND 6660979
	Aggregate  (cost=44.19..44.20 rows=1 width=8)
	  ->  Index Scan using sbtest2_pkey on sbtest2  (cost=0.43..44.16 rows=10 width=4)
	        Index Cond: ((id >= 6660970) AND (id <= 6660979))

table 3 : explain SELECT SUM(k) FROM sbtest3 WHERE id BETWEEN 121081 AND 121090
	Aggregate  (cost=44.11..44.12 rows=1 width=8)
	  ->  Index Scan using sbtest3_pkey on sbtest3  (cost=0.43..44.09 rows=10 width=4)
	        Index Cond: ((id >= 121081) AND (id <= 121090))

table 4 : explain SELECT SUM(k) FROM sbtest4 WHERE id BETWEEN 2065447 AND 2065456
	Aggregate  (cost=44.08..44.09 rows=1 width=8)
	  ->  Index Scan using sbtest4_pkey on sbtest4  (cost=0.43..44.06 rows=10 width=4)
	        Index Cond: ((id >= 2065447) AND (id <= 2065456))

table 5 : explain SELECT SUM(k) FROM sbtest5 WHERE id BETWEEN 3825492 AND 3825501
	Aggregate  (cost=44.12..44.13 rows=1 width=8)
	  ->  Index Scan using sbtest5_pkey on sbtest5  (cost=0.43..44.10 rows=10 width=4)
	        Index Cond: ((id >= 3825492) AND (id <= 3825501))

table 6 : explain SELECT SUM(k) FROM sbtest6 WHERE id BETWEEN 1015647 AND 1015656
	Aggregate  (cost=44.07..44.08 rows=1 width=8)
	  ->  Index Scan using sbtest6_pkey on sbtest6  (cost=0.43..44.05 rows=10 width=4)
	        Index Cond: ((id >= 1015647) AND (id <= 1015656))

table 7 : explain SELECT SUM(k) FROM sbtest7 WHERE id BETWEEN 6217687 AND 6217696
	Aggregate  (cost=40.14..40.15 rows=1 width=8)
	  ->  Index Scan using sbtest7_pkey on sbtest7  (cost=0.43..40.12 rows=9 width=4)
	        Index Cond: ((id >= 6217687) AND (id <= 6217696))

table 8 : explain SELECT SUM(k) FROM sbtest8 WHERE id BETWEEN 7245179 AND 7245188
	Aggregate  (cost=43.97..43.98 rows=1 width=8)
	  ->  Index Scan using sbtest8_pkey on sbtest8  (cost=0.43..43.94 rows=10 width=4)
	        Index Cond: ((id >= 7245179) AND (id <= 7245188))

for point_selects
table 1 : explain SELECT c FROM sbtest1 WHERE id=6727414
	Index Scan using sbtest1_pkey on sbtest1  (cost=0.43..8.45 rows=1 width=121)
	  Index Cond: (id = 6727414)

table 2 : explain SELECT c FROM sbtest2 WHERE id=5845353
	Index Scan using sbtest2_pkey on sbtest2  (cost=0.43..8.45 rows=1 width=121)
	  Index Cond: (id = 5845353)

table 3 : explain SELECT c FROM sbtest3 WHERE id=4446475
	Index Scan using sbtest3_pkey on sbtest3  (cost=0.43..8.45 rows=1 width=121)
	  Index Cond: (id = 4446475)

table 4 : explain SELECT c FROM sbtest4 WHERE id=147581
	Index Scan using sbtest4_pkey on sbtest4  (cost=0.43..8.45 rows=1 width=121)
	  Index Cond: (id = 147581)

table 5 : explain SELECT c FROM sbtest5 WHERE id=8687427
	Index Scan using sbtest5_pkey on sbtest5  (cost=0.43..8.45 rows=1 width=121)
	  Index Cond: (id = 8687427)

table 6 : explain SELECT c FROM sbtest6 WHERE id=2146794
	Index Scan using sbtest6_pkey on sbtest6  (cost=0.43..8.45 rows=1 width=121)
	  Index Cond: (id = 2146794)

table 7 : explain SELECT c FROM sbtest7 WHERE id=2564795
	Index Scan using sbtest7_pkey on sbtest7  (cost=0.43..8.45 rows=1 width=121)
	  Index Cond: (id = 2564795)

table 8 : explain SELECT c FROM sbtest8 WHERE id=7654204
	Index Scan using sbtest8_pkey on sbtest8  (cost=0.43..8.45 rows=1 width=121)
	  Index Cond: (id = 7654204)

for: simple_ranges
table 1 : explain SELECT c FROM sbtest1 WHERE id BETWEEN 9303164 AND 9303173
	Index Scan using sbtest1_pkey on sbtest1  (cost=0.43..48.20 rows=11 width=121)
	  Index Cond: ((id >= 9303164) AND (id <= 9303173))

table 2 : explain SELECT c FROM sbtest2 WHERE id BETWEEN 246054 AND 246063
	Index Scan using sbtest2_pkey on sbtest2  (cost=0.43..48.13 rows=11 width=121)
	  Index Cond: ((id >= 246054) AND (id <= 246063))

table 3 : explain SELECT c FROM sbtest3 WHERE id BETWEEN 9194576 AND 9194585
	Index Scan using sbtest3_pkey on sbtest3  (cost=0.43..44.09 rows=10 width=121)
	  Index Cond: ((id >= 9194576) AND (id <= 9194585))

table 4 : explain SELECT c FROM sbtest4 WHERE id BETWEEN 3580637 AND 3580646
	Index Scan using sbtest4_pkey on sbtest4  (cost=0.43..44.06 rows=10 width=121)
	  Index Cond: ((id >= 3580637) AND (id <= 3580646))

table 5 : explain SELECT c FROM sbtest5 WHERE id BETWEEN 8963778 AND 8963787
	Index Scan using sbtest5_pkey on sbtest5  (cost=0.43..44.10 rows=10 width=121)
	  Index Cond: ((id >= 8963778) AND (id <= 8963787))

table 6 : explain SELECT c FROM sbtest6 WHERE id BETWEEN 1375889 AND 1375898
	Index Scan using sbtest6_pkey on sbtest6  (cost=0.43..44.05 rows=10 width=121)
	  Index Cond: ((id >= 1375889) AND (id <= 1375898))

table 7 : explain SELECT c FROM sbtest7 WHERE id BETWEEN 2029339 AND 2029348
	Index Scan using sbtest7_pkey on sbtest7  (cost=0.43..44.08 rows=10 width=121)
	  Index Cond: ((id >= 2029339) AND (id <= 2029348))

table 8 : explain SELECT c FROM sbtest8 WHERE id BETWEEN 2450497 AND 2450506
	Index Scan using sbtest8_pkey on sbtest8  (cost=0.43..43.94 rows=10 width=121)
	  Index Cond: ((id >= 2450497) AND (id <= 2450506))

for: sum_ranges
table 1 : explain SELECT SUM(k) FROM sbtest1 WHERE id BETWEEN 8988439 AND 8988448
	Aggregate  (cost=44.25..44.26 rows=1 width=8)
	  ->  Index Scan using sbtest1_pkey on sbtest1  (cost=0.43..44.22 rows=10 width=4)
	        Index Cond: ((id >= 8988439) AND (id <= 8988448))

table 2 : explain SELECT SUM(k) FROM sbtest2 WHERE id BETWEEN 513844 AND 513853
	Aggregate  (cost=48.16..48.17 rows=1 width=8)
	  ->  Index Scan using sbtest2_pkey on sbtest2  (cost=0.43..48.13 rows=11 width=4)
	        Index Cond: ((id >= 513844) AND (id <= 513853))

table 3 : explain SELECT SUM(k) FROM sbtest3 WHERE id BETWEEN 8836292 AND 8836301
	Aggregate  (cost=48.07..48.08 rows=1 width=8)
	  ->  Index Scan using sbtest3_pkey on sbtest3  (cost=0.43..48.04 rows=11 width=4)
	        Index Cond: ((id >= 8836292) AND (id <= 8836301))

table 4 : explain SELECT SUM(k) FROM sbtest4 WHERE id BETWEEN 6864346 AND 6864355
	Aggregate  (cost=48.04..48.05 rows=1 width=8)
	  ->  Index Scan using sbtest4_pkey on sbtest4  (cost=0.43..48.01 rows=11 width=4)
	        Index Cond: ((id >= 6864346) AND (id <= 6864355))

table 5 : explain SELECT SUM(k) FROM sbtest5 WHERE id BETWEEN 5533786 AND 5533795
	Aggregate  (cost=44.12..44.13 rows=1 width=8)
	  ->  Index Scan using sbtest5_pkey on sbtest5  (cost=0.43..44.10 rows=10 width=4)
	        Index Cond: ((id >= 5533786) AND (id <= 5533795))

table 6 : explain SELECT SUM(k) FROM sbtest6 WHERE id BETWEEN 108263 AND 108272
	Aggregate  (cost=44.07..44.08 rows=1 width=8)
	  ->  Index Scan using sbtest6_pkey on sbtest6  (cost=0.43..44.05 rows=10 width=4)
	        Index Cond: ((id >= 108263) AND (id <= 108272))

table 7 : explain SELECT SUM(k) FROM sbtest7 WHERE id BETWEEN 1723945 AND 1723954
	Aggregate  (cost=44.10..44.11 rows=1 width=8)
	  ->  Index Scan using sbtest7_pkey on sbtest7  (cost=0.43..44.08 rows=10 width=4)
	        Index Cond: ((id >= 1723945) AND (id <= 1723954))

table 8 : explain SELECT SUM(k) FROM sbtest8 WHERE id BETWEEN 5045880 AND 5045889
	Aggregate  (cost=47.91..47.92 rows=1 width=8)
	  ->  Index Scan using sbtest8_pkey on sbtest8  (cost=0.43..47.89 rows=11 width=4)
	        Index Cond: ((id >= 5045880) AND (id <= 5045889))

for: sum_ranges
table 1 : explain SELECT SUM(k) FROM sbtest1 WHERE id BETWEEN 4546993 AND 4547002
	Aggregate  (cost=44.25..44.26 rows=1 width=8)
	  ->  Index Scan using sbtest1_pkey on sbtest1  (cost=0.43..44.22 rows=10 width=4)
	        Index Cond: ((id >= 4546993) AND (id <= 4547002))

table 2 : explain SELECT SUM(k) FROM sbtest2 WHERE id BETWEEN 9485482 AND 9485491
	Aggregate  (cost=48.16..48.17 rows=1 width=8)
	  ->  Index Scan using sbtest2_pkey on sbtest2  (cost=0.43..48.13 rows=11 width=4)
	        Index Cond: ((id >= 9485482) AND (id <= 9485491))

table 3 : explain SELECT SUM(k) FROM sbtest3 WHERE id BETWEEN 4646436 AND 4646445
	Aggregate  (cost=48.07..48.08 rows=1 width=8)
	  ->  Index Scan using sbtest3_pkey on sbtest3  (cost=0.43..48.04 rows=11 width=4)
	        Index Cond: ((id >= 4646436) AND (id <= 4646445))

table 4 : explain SELECT SUM(k) FROM sbtest4 WHERE id BETWEEN 2887358 AND 2887367
	Aggregate  (cost=44.08..44.09 rows=1 width=8)
	  ->  Index Scan using sbtest4_pkey on sbtest4  (cost=0.43..44.06 rows=10 width=4)
	        Index Cond: ((id >= 2887358) AND (id <= 2887367))

table 5 : explain SELECT SUM(k) FROM sbtest5 WHERE id BETWEEN 7758766 AND 7758775
	Aggregate  (cost=44.12..44.13 rows=1 width=8)
	  ->  Index Scan using sbtest5_pkey on sbtest5  (cost=0.43..44.10 rows=10 width=4)
	        Index Cond: ((id >= 7758766) AND (id <= 7758775))

table 6 : explain SELECT SUM(k) FROM sbtest6 WHERE id BETWEEN 1423557 AND 1423566
	Aggregate  (cost=44.07..44.08 rows=1 width=8)
	  ->  Index Scan using sbtest6_pkey on sbtest6  (cost=0.43..44.05 rows=10 width=4)
	        Index Cond: ((id >= 1423557) AND (id <= 1423566))

table 7 : explain SELECT SUM(k) FROM sbtest7 WHERE id BETWEEN 2032412 AND 2032421
	Aggregate  (cost=44.10..44.11 rows=1 width=8)
	  ->  Index Scan using sbtest7_pkey on sbtest7  (cost=0.43..44.08 rows=10 width=4)
	        Index Cond: ((id >= 2032412) AND (id <= 2032421))

table 8 : explain SELECT SUM(k) FROM sbtest8 WHERE id BETWEEN 924224 AND 924233
	Aggregate  (cost=40.02..40.03 rows=1 width=8)
	  ->  Index Scan using sbtest8_pkey on sbtest8  (cost=0.43..40.00 rows=9 width=4)
	        Index Cond: ((id >= 924224) AND (id <= 924233))

for: simple_ranges
table 1 : explain SELECT c FROM sbtest1 WHERE id BETWEEN 9362231 AND 9362240
	Index Scan using sbtest1_pkey on sbtest1  (cost=0.43..48.20 rows=11 width=121)
	  Index Cond: ((id >= 9362231) AND (id <= 9362240))

table 2 : explain SELECT c FROM sbtest2 WHERE id BETWEEN 6533949 AND 6533958
	Index Scan using sbtest2_pkey on sbtest2  (cost=0.43..40.19 rows=9 width=121)
	  Index Cond: ((id >= 6533949) AND (id <= 6533958))

table 3 : explain SELECT c FROM sbtest3 WHERE id BETWEEN 8107772 AND 8107781
	Index Scan using sbtest3_pkey on sbtest3  (cost=0.43..44.09 rows=10 width=121)
	  Index Cond: ((id >= 8107772) AND (id <= 8107781))

table 4 : explain SELECT c FROM sbtest4 WHERE id BETWEEN 6560235 AND 6560244
	Index Scan using sbtest4_pkey on sbtest4  (cost=0.43..48.01 rows=11 width=121)
	  Index Cond: ((id >= 6560235) AND (id <= 6560244))

table 5 : explain SELECT c FROM sbtest5 WHERE id BETWEEN 184872 AND 184881
	Index Scan using sbtest5_pkey on sbtest5  (cost=0.43..44.10 rows=10 width=121)
	  Index Cond: ((id >= 184872) AND (id <= 184881))

table 6 : explain SELECT c FROM sbtest6 WHERE id BETWEEN 5710322 AND 5710331
	Index Scan using sbtest6_pkey on sbtest6  (cost=0.43..48.00 rows=11 width=121)
	  Index Cond: ((id >= 5710322) AND (id <= 5710331))

table 7 : explain SELECT c FROM sbtest7 WHERE id BETWEEN 6837582 AND 6837591
	Index Scan using sbtest7_pkey on sbtest7  (cost=0.43..44.08 rows=10 width=121)
	  Index Cond: ((id >= 6837582) AND (id <= 6837591))

table 8 : explain SELECT c FROM sbtest8 WHERE id BETWEEN 8224528 AND 8224537
	Index Scan using sbtest8_pkey on sbtest8  (cost=0.43..47.89 rows=11 width=121)
	  Index Cond: ((id >= 8224528) AND (id <= 8224537))

for: simple_ranges
table 1 : explain SELECT c FROM sbtest1 WHERE id BETWEEN 6574520 AND 6574529
	Index Scan using sbtest1_pkey on sbtest1  (cost=0.43..44.22 rows=10 width=121)
	  Index Cond: ((id >= 6574520) AND (id <= 6574529))

table 2 : explain SELECT c FROM sbtest2 WHERE id BETWEEN 4601316 AND 4601325
	Index Scan using sbtest2_pkey on sbtest2  (cost=0.43..48.13 rows=11 width=121)
	  Index Cond: ((id >= 4601316) AND (id <= 4601325))

table 3 : explain SELECT c FROM sbtest3 WHERE id BETWEEN 7360419 AND 7360428
	Index Scan using sbtest3_pkey on sbtest3  (cost=0.43..44.09 rows=10 width=121)
	  Index Cond: ((id >= 7360419) AND (id <= 7360428))

table 4 : explain SELECT c FROM sbtest4 WHERE id BETWEEN 243514 AND 243523
	Index Scan using sbtest4_pkey on sbtest4  (cost=0.43..40.10 rows=9 width=121)
	  Index Cond: ((id >= 243514) AND (id <= 243523))

table 5 : explain SELECT c FROM sbtest5 WHERE id BETWEEN 4008742 AND 4008751
	Index Scan using sbtest5_pkey on sbtest5  (cost=0.43..44.10 rows=10 width=121)
	  Index Cond: ((id >= 4008742) AND (id <= 4008751))

table 6 : explain SELECT c FROM sbtest6 WHERE id BETWEEN 794556 AND 794565
	Index Scan using sbtest6_pkey on sbtest6  (cost=0.43..44.05 rows=10 width=121)
	  Index Cond: ((id >= 794556) AND (id <= 794565))

table 7 : explain SELECT c FROM sbtest7 WHERE id BETWEEN 3231000 AND 3231009
	Index Scan using sbtest7_pkey on sbtest7  (cost=0.43..48.04 rows=11 width=121)
	  Index Cond: ((id >= 3231000) AND (id <= 3231009))

table 8 : explain SELECT c FROM sbtest8 WHERE id BETWEEN 3035931 AND 3035940
	Index Scan using sbtest8_pkey on sbtest8  (cost=0.43..43.94 rows=10 width=121)
	  Index Cond: ((id >= 3035931) AND (id <= 3035940))

for point_selects
table 1 : explain SELECT c FROM sbtest1 WHERE id=6908038
	Index Scan using sbtest1_pkey on sbtest1  (cost=0.43..8.45 rows=1 width=121)
	  Index Cond: (id = 6908038)

table 2 : explain SELECT c FROM sbtest2 WHERE id=7916288
	Index Scan using sbtest2_pkey on sbtest2  (cost=0.43..8.45 rows=1 width=121)
	  Index Cond: (id = 7916288)

table 3 : explain SELECT c FROM sbtest3 WHERE id=8989768
	Index Scan using sbtest3_pkey on sbtest3  (cost=0.43..8.45 rows=1 width=121)
	  Index Cond: (id = 8989768)

table 4 : explain SELECT c FROM sbtest4 WHERE id=7309041
	Index Scan using sbtest4_pkey on sbtest4  (cost=0.43..8.45 rows=1 width=121)
	  Index Cond: (id = 7309041)

table 5 : explain SELECT c FROM sbtest5 WHERE id=9775415
	Index Scan using sbtest5_pkey on sbtest5  (cost=0.43..8.45 rows=1 width=121)
	  Index Cond: (id = 9775415)

table 6 : explain SELECT c FROM sbtest6 WHERE id=7413365
	Index Scan using sbtest6_pkey on sbtest6  (cost=0.43..8.45 rows=1 width=121)
	  Index Cond: (id = 7413365)

table 7 : explain SELECT c FROM sbtest7 WHERE id=4820966
	Index Scan using sbtest7_pkey on sbtest7  (cost=0.43..8.45 rows=1 width=121)
	  Index Cond: (id = 4820966)

table 8 : explain SELECT c FROM sbtest8 WHERE id=2494383
	Index Scan using sbtest8_pkey on sbtest8  (cost=0.43..8.45 rows=1 width=121)
	  Index Cond: (id = 2494383)

for point_selects
table 1 : explain SELECT c FROM sbtest1 WHERE id=3775933
	Index Scan using sbtest1_pkey on sbtest1  (cost=0.43..8.45 rows=1 width=121)
	  Index Cond: (id = 3775933)

table 2 : explain SELECT c FROM sbtest2 WHERE id=1377761
	Index Scan using sbtest2_pkey on sbtest2  (cost=0.43..8.45 rows=1 width=121)
	  Index Cond: (id = 1377761)

table 3 : explain SELECT c FROM sbtest3 WHERE id=8505463
	Index Scan using sbtest3_pkey on sbtest3  (cost=0.43..8.45 rows=1 width=121)
	  Index Cond: (id = 8505463)

table 4 : explain SELECT c FROM sbtest4 WHERE id=2763718
	Index Scan using sbtest4_pkey on sbtest4  (cost=0.43..8.45 rows=1 width=121)
	  Index Cond: (id = 2763718)

table 5 : explain SELECT c FROM sbtest5 WHERE id=7911144
	Index Scan using sbtest5_pkey on sbtest5  (cost=0.43..8.45 rows=1 width=121)
	  Index Cond: (id = 7911144)

table 6 : explain SELECT c FROM sbtest6 WHERE id=7253351
	Index Scan using sbtest6_pkey on sbtest6  (cost=0.43..8.45 rows=1 width=121)
	  Index Cond: (id = 7253351)

table 7 : explain SELECT c FROM sbtest7 WHERE id=9443680
	Index Scan using sbtest7_pkey on sbtest7  (cost=0.43..8.45 rows=1 width=121)
	  Index Cond: (id = 9443680)

table 8 : explain SELECT c FROM sbtest8 WHERE id=6687295
	Index Scan using sbtest8_pkey on sbtest8  (cost=0.43..8.45 rows=1 width=121)
	  Index Cond: (id = 6687295)

for point_selects
table 1 : explain SELECT c FROM sbtest1 WHERE id=823081
	Index Scan using sbtest1_pkey on sbtest1  (cost=0.43..8.45 rows=1 width=121)
	  Index Cond: (id = 823081)

table 2 : explain SELECT c FROM sbtest2 WHERE id=5478498
	Index Scan using sbtest2_pkey on sbtest2  (cost=0.43..8.45 rows=1 width=121)
	  Index Cond: (id = 5478498)

table 3 : explain SELECT c FROM sbtest3 WHERE id=9422981
	Index Scan using sbtest3_pkey on sbtest3  (cost=0.43..8.45 rows=1 width=121)
	  Index Cond: (id = 9422981)

table 4 : explain SELECT c FROM sbtest4 WHERE id=84074
	Index Scan using sbtest4_pkey on sbtest4  (cost=0.43..8.45 rows=1 width=121)
	  Index Cond: (id = 84074)

table 5 : explain SELECT c FROM sbtest5 WHERE id=3768270
	Index Scan using sbtest5_pkey on sbtest5  (cost=0.43..8.45 rows=1 width=121)
	  Index Cond: (id = 3768270)

table 6 : explain SELECT c FROM sbtest6 WHERE id=8437174
	Index Scan using sbtest6_pkey on sbtest6  (cost=0.43..8.45 rows=1 width=121)
	  Index Cond: (id = 8437174)

table 7 : explain SELECT c FROM sbtest7 WHERE id=336965
	Index Scan using sbtest7_pkey on sbtest7  (cost=0.43..8.45 rows=1 width=121)
	  Index Cond: (id = 336965)

table 8 : explain SELECT c FROM sbtest8 WHERE id=9266882
	Index Scan using sbtest8_pkey on sbtest8  (cost=0.43..8.45 rows=1 width=121)
	  Index Cond: (id = 9266882)

for: sum_ranges
table 1 : explain SELECT SUM(k) FROM sbtest1 WHERE id BETWEEN 9794919 AND 9794928
	Aggregate  (cost=44.25..44.26 rows=1 width=8)
	  ->  Index Scan using sbtest1_pkey on sbtest1  (cost=0.43..44.22 rows=10 width=4)
	        Index Cond: ((id >= 9794919) AND (id <= 9794928))

table 2 : explain SELECT SUM(k) FROM sbtest2 WHERE id BETWEEN 9866646 AND 9866655
	Aggregate  (cost=40.22..40.23 rows=1 width=8)
	  ->  Index Scan using sbtest2_pkey on sbtest2  (cost=0.43..40.19 rows=9 width=4)
	        Index Cond: ((id >= 9866646) AND (id <= 9866655))

table 3 : explain SELECT SUM(k) FROM sbtest3 WHERE id BETWEEN 7895401 AND 7895410
	Aggregate  (cost=44.11..44.12 rows=1 width=8)
	  ->  Index Scan using sbtest3_pkey on sbtest3  (cost=0.43..44.09 rows=10 width=4)
	        Index Cond: ((id >= 7895401) AND (id <= 7895410))

table 4 : explain SELECT SUM(k) FROM sbtest4 WHERE id BETWEEN 394872 AND 394881
	Aggregate  (cost=44.08..44.09 rows=1 width=8)
	  ->  Index Scan using sbtest4_pkey on sbtest4  (cost=0.43..44.06 rows=10 width=4)
	        Index Cond: ((id >= 394872) AND (id <= 394881))

table 5 : explain SELECT SUM(k) FROM sbtest5 WHERE id BETWEEN 1240684 AND 1240693
	Aggregate  (cost=44.12..44.13 rows=1 width=8)
	  ->  Index Scan using sbtest5_pkey on sbtest5  (cost=0.43..44.10 rows=10 width=4)
	        Index Cond: ((id >= 1240684) AND (id <= 1240693))

table 6 : explain SELECT SUM(k) FROM sbtest6 WHERE id BETWEEN 3934532 AND 3934541
	Aggregate  (cost=44.07..44.08 rows=1 width=8)
	  ->  Index Scan using sbtest6_pkey on sbtest6  (cost=0.43..44.05 rows=10 width=4)
	        Index Cond: ((id >= 3934532) AND (id <= 3934541))

table 7 : explain SELECT SUM(k) FROM sbtest7 WHERE id BETWEEN 474322 AND 474331
	Aggregate  (cost=44.10..44.11 rows=1 width=8)
	  ->  Index Scan using sbtest7_pkey on sbtest7  (cost=0.43..44.08 rows=10 width=4)
	        Index Cond: ((id >= 474322) AND (id <= 474331))

table 8 : explain SELECT SUM(k) FROM sbtest8 WHERE id BETWEEN 3054458 AND 3054467
	Aggregate  (cost=43.97..43.98 rows=1 width=8)
	  ->  Index Scan using sbtest8_pkey on sbtest8  (cost=0.43..43.94 rows=10 width=4)
	        Index Cond: ((id >= 3054458) AND (id <= 3054467))

for: simple_ranges
table 1 : explain SELECT c FROM sbtest1 WHERE id BETWEEN 5659638 AND 5659647
	Index Scan using sbtest1_pkey on sbtest1  (cost=0.43..44.22 rows=10 width=121)
	  Index Cond: ((id >= 5659638) AND (id <= 5659647))

table 2 : explain SELECT c FROM sbtest2 WHERE id BETWEEN 8258717 AND 8258726
	Index Scan using sbtest2_pkey on sbtest2  (cost=0.43..44.16 rows=10 width=121)
	  Index Cond: ((id >= 8258717) AND (id <= 8258726))

table 3 : explain SELECT c FROM sbtest3 WHERE id BETWEEN 9118340 AND 9118349
	Index Scan using sbtest3_pkey on sbtest3  (cost=0.43..44.09 rows=10 width=121)
	  Index Cond: ((id >= 9118340) AND (id <= 9118349))

table 4 : explain SELECT c FROM sbtest4 WHERE id BETWEEN 2354382 AND 2354391
	Index Scan using sbtest4_pkey on sbtest4  (cost=0.43..44.06 rows=10 width=121)
	  Index Cond: ((id >= 2354382) AND (id <= 2354391))

table 5 : explain SELECT c FROM sbtest5 WHERE id BETWEEN 2827007 AND 2827016
	Index Scan using sbtest5_pkey on sbtest5  (cost=0.43..44.10 rows=10 width=121)
	  Index Cond: ((id >= 2827007) AND (id <= 2827016))

table 6 : explain SELECT c FROM sbtest6 WHERE id BETWEEN 4272771 AND 4272780
	Index Scan using sbtest6_pkey on sbtest6  (cost=0.43..44.05 rows=10 width=121)
	  Index Cond: ((id >= 4272771) AND (id <= 4272780))

table 7 : explain SELECT c FROM sbtest7 WHERE id BETWEEN 4897724 AND 4897733
	Index Scan using sbtest7_pkey on sbtest7  (cost=0.43..44.08 rows=10 width=121)
	  Index Cond: ((id >= 4897724) AND (id <= 4897733))

table 8 : explain SELECT c FROM sbtest8 WHERE id BETWEEN 8877038 AND 8877047
	Index Scan using sbtest8_pkey on sbtest8  (cost=0.43..43.94 rows=10 width=121)
	  Index Cond: ((id >= 8877038) AND (id <= 8877047))
for point_selects
table 1 : explain SELECT c FROM sbtest1 WHERE id=6697432
	Index Scan using sbtest1_pkey on sbtest1  (cost=0.43..8.45 rows=1 width=121)
	  Index Cond: (id = 6697432)

table 2 : explain SELECT c FROM sbtest2 WHERE id=2497757
	Index Scan using sbtest2_pkey on sbtest2  (cost=0.43..8.45 rows=1 width=121)
	  Index Cond: (id = 2497757)

table 3 : explain SELECT c FROM sbtest3 WHERE id=6217854
	Index Scan using sbtest3_pkey on sbtest3  (cost=0.43..8.45 rows=1 width=121)
	  Index Cond: (id = 6217854)

table 4 : explain SELECT c FROM sbtest4 WHERE id=2221704
	Index Scan using sbtest4_pkey on sbtest4  (cost=0.43..8.45 rows=1 width=121)
	  Index Cond: (id = 2221704)

table 5 : explain SELECT c FROM sbtest5 WHERE id=8267674
	Index Scan using sbtest5_pkey on sbtest5  (cost=0.43..8.45 rows=1 width=121)
	  Index Cond: (id = 8267674)

table 6 : explain SELECT c FROM sbtest6 WHERE id=1487221
	Index Scan using sbtest6_pkey on sbtest6  (cost=0.43..8.45 rows=1 width=121)
	  Index Cond: (id = 1487221)

table 7 : explain SELECT c FROM sbtest7 WHERE id=6273834
	Index Scan using sbtest7_pkey on sbtest7  (cost=0.43..8.45 rows=1 width=121)
	  Index Cond: (id = 6273834)

table 8 : explain SELECT c FROM sbtest8 WHERE id=9547361
	Index Scan using sbtest8_pkey on sbtest8  (cost=0.43..8.45 rows=1 width=121)
	  Index Cond: (id = 9547361)
for: sum_ranges
table 1 : explain SELECT SUM(k) FROM sbtest1 WHERE id BETWEEN 4599334 AND 4599343
	Aggregate  (cost=44.25..44.26 rows=1 width=8)
	  ->  Index Scan using sbtest1_pkey on sbtest1  (cost=0.43..44.22 rows=10 width=4)
	        Index Cond: ((id >= 4599334) AND (id <= 4599343))

table 2 : explain SELECT SUM(k) FROM sbtest2 WHERE id BETWEEN 5036134 AND 5036143
	Aggregate  (cost=44.19..44.20 rows=1 width=8)
	  ->  Index Scan using sbtest2_pkey on sbtest2  (cost=0.43..44.16 rows=10 width=4)
	        Index Cond: ((id >= 5036134) AND (id <= 5036143))

table 3 : explain SELECT SUM(k) FROM sbtest3 WHERE id BETWEEN 8788892 AND 8788901
	Aggregate  (cost=44.11..44.12 rows=1 width=8)
	  ->  Index Scan using sbtest3_pkey on sbtest3  (cost=0.43..44.09 rows=10 width=4)
	        Index Cond: ((id >= 8788892) AND (id <= 8788901))

table 4 : explain SELECT SUM(k) FROM sbtest4 WHERE id BETWEEN 1328775 AND 1328784
	Aggregate  (cost=44.08..44.09 rows=1 width=8)
	  ->  Index Scan using sbtest4_pkey on sbtest4  (cost=0.43..44.06 rows=10 width=4)
	        Index Cond: ((id >= 1328775) AND (id <= 1328784))

table 5 : explain SELECT SUM(k) FROM sbtest5 WHERE id BETWEEN 8338971 AND 8338980
	Aggregate  (cost=44.12..44.13 rows=1 width=8)
	  ->  Index Scan using sbtest5_pkey on sbtest5  (cost=0.43..44.10 rows=10 width=4)
	        Index Cond: ((id >= 8338971) AND (id <= 8338980))

table 6 : explain SELECT SUM(k) FROM sbtest6 WHERE id BETWEEN 3819361 AND 3819370
	Aggregate  (cost=44.07..44.08 rows=1 width=8)
	  ->  Index Scan using sbtest6_pkey on sbtest6  (cost=0.43..44.05 rows=10 width=4)
	        Index Cond: ((id >= 3819361) AND (id <= 3819370))

table 7 : explain SELECT SUM(k) FROM sbtest7 WHERE id BETWEEN 3355635 AND 3355644
	Aggregate  (cost=48.06..48.07 rows=1 width=8)
	  ->  Index Scan using sbtest7_pkey on sbtest7  (cost=0.43..48.04 rows=11 width=4)
	        Index Cond: ((id >= 3355635) AND (id <= 3355644))

table 8 : explain SELECT SUM(k) FROM sbtest8 WHERE id BETWEEN 3370532 AND 3370541
	Aggregate  (cost=43.97..43.98 rows=1 width=8)
	  ->  Index Scan using sbtest8_pkey on sbtest8  (cost=0.43..43.94 rows=10 width=4)
	        Index Cond: ((id >= 3370532) AND (id <= 3370541))

for: simple_ranges
table 1 : explain SELECT c FROM sbtest1 WHERE id BETWEEN 7715245 AND 7715254
	Index Scan using sbtest1_pkey on sbtest1  (cost=0.43..44.22 rows=10 width=121)
	  Index Cond: ((id >= 7715245) AND (id <= 7715254))

table 2 : explain SELECT c FROM sbtest2 WHERE id BETWEEN 4170220 AND 4170229
	Index Scan using sbtest2_pkey on sbtest2  (cost=0.43..44.16 rows=10 width=121)
	  Index Cond: ((id >= 4170220) AND (id <= 4170229))

table 3 : explain SELECT c FROM sbtest3 WHERE id BETWEEN 8538693 AND 8538702
	Index Scan using sbtest3_pkey on sbtest3  (cost=0.43..48.04 rows=11 width=121)
	  Index Cond: ((id >= 8538693) AND (id <= 8538702))

table 4 : explain SELECT c FROM sbtest4 WHERE id BETWEEN 3802783 AND 3802792
	Index Scan using sbtest4_pkey on sbtest4  (cost=0.43..44.06 rows=10 width=121)
	  Index Cond: ((id >= 3802783) AND (id <= 3802792))

table 5 : explain SELECT c FROM sbtest5 WHERE id BETWEEN 8046497 AND 8046506
	Index Scan using sbtest5_pkey on sbtest5  (cost=0.43..44.10 rows=10 width=121)
	  Index Cond: ((id >= 8046497) AND (id <= 8046506))

table 6 : explain SELECT c FROM sbtest6 WHERE id BETWEEN 1255634 AND 1255643
	Index Scan using sbtest6_pkey on sbtest6  (cost=0.43..44.05 rows=10 width=121)
	  Index Cond: ((id >= 1255634) AND (id <= 1255643))

table 7 : explain SELECT c FROM sbtest7 WHERE id BETWEEN 2814628 AND 2814637
	Index Scan using sbtest7_pkey on sbtest7  (cost=0.43..44.08 rows=10 width=121)
	  Index Cond: ((id >= 2814628) AND (id <= 2814637))

table 8 : explain SELECT c FROM sbtest8 WHERE id BETWEEN 7979958 AND 7979967
	Index Scan using sbtest8_pkey on sbtest8  (cost=0.43..40.00 rows=9 width=121)
	  Index Cond: ((id >= 7979958) AND (id <= 7979967))

for: sum_ranges
table 1 : explain SELECT SUM(k) FROM sbtest1 WHERE id BETWEEN 4514547 AND 4514556
	Aggregate  (cost=44.25..44.26 rows=1 width=8)
	  ->  Index Scan using sbtest1_pkey on sbtest1  (cost=0.43..44.22 rows=10 width=4)
	        Index Cond: ((id >= 4514547) AND (id <= 4514556))

table 2 : explain SELECT SUM(k) FROM sbtest2 WHERE id BETWEEN 3509604 AND 3509613
	Aggregate  (cost=48.16..48.17 rows=1 width=8)
	  ->  Index Scan using sbtest2_pkey on sbtest2  (cost=0.43..48.13 rows=11 width=4)
	        Index Cond: ((id >= 3509604) AND (id <= 3509613))

table 3 : explain SELECT SUM(k) FROM sbtest3 WHERE id BETWEEN 2080626 AND 2080635
	Aggregate  (cost=44.11..44.12 rows=1 width=8)
	  ->  Index Scan using sbtest3_pkey on sbtest3  (cost=0.43..44.09 rows=10 width=4)
	        Index Cond: ((id >= 2080626) AND (id <= 2080635))

table 4 : explain SELECT SUM(k) FROM sbtest4 WHERE id BETWEEN 8368237 AND 8368246
	Aggregate  (cost=44.08..44.09 rows=1 width=8)
	  ->  Index Scan using sbtest4_pkey on sbtest4  (cost=0.43..44.06 rows=10 width=4)
	        Index Cond: ((id >= 8368237) AND (id <= 8368246))

table 5 : explain SELECT SUM(k) FROM sbtest5 WHERE id BETWEEN 4071135 AND 4071144
	Aggregate  (cost=40.16..40.17 rows=1 width=8)
	  ->  Index Scan using sbtest5_pkey on sbtest5  (cost=0.43..40.14 rows=9 width=4)
	        Index Cond: ((id >= 4071135) AND (id <= 4071144))

table 6 : explain SELECT SUM(k) FROM sbtest6 WHERE id BETWEEN 2686058 AND 2686067
	Aggregate  (cost=44.07..44.08 rows=1 width=8)
	  ->  Index Scan using sbtest6_pkey on sbtest6  (cost=0.43..44.05 rows=10 width=4)
	        Index Cond: ((id >= 2686058) AND (id <= 2686067))

table 7 : explain SELECT SUM(k) FROM sbtest7 WHERE id BETWEEN 607578 AND 607587
	Aggregate  (cost=44.10..44.11 rows=1 width=8)
	  ->  Index Scan using sbtest7_pkey on sbtest7  (cost=0.43..44.08 rows=10 width=4)
	        Index Cond: ((id >= 607578) AND (id <= 607587))

table 8 : explain SELECT SUM(k) FROM sbtest8 WHERE id BETWEEN 5267821 AND 5267830
	Aggregate  (cost=43.97..43.98 rows=1 width=8)
	  ->  Index Scan using sbtest8_pkey on sbtest8  (cost=0.43..43.94 rows=10 width=4)
	        Index Cond: ((id >= 5267821) AND (id <= 5267830))


for: sum_ranges
table 1 : explain SELECT SUM(k) FROM sbtest1 WHERE id BETWEEN 1604526 AND 1604535
	Aggregate  (cost=44.25..44.26 rows=1 width=8)
	  ->  Index Scan using sbtest1_pkey on sbtest1  (cost=0.43..44.22 rows=10 width=4)
	        Index Cond: ((id >= 1604526) AND (id <= 1604535))

table 2 : explain SELECT SUM(k) FROM sbtest2 WHERE id BETWEEN 6145575 AND 6145584
	Aggregate  (cost=44.19..44.20 rows=1 width=8)
	  ->  Index Scan using sbtest2_pkey on sbtest2  (cost=0.43..44.16 rows=10 width=4)
	        Index Cond: ((id >= 6145575) AND (id <= 6145584))

table 3 : explain SELECT SUM(k) FROM sbtest3 WHERE id BETWEEN 7910724 AND 7910733
	Aggregate  (cost=44.11..44.12 rows=1 width=8)
	  ->  Index Scan using sbtest3_pkey on sbtest3  (cost=0.43..44.09 rows=10 width=4)
	        Index Cond: ((id >= 7910724) AND (id <= 7910733))

table 4 : explain SELECT SUM(k) FROM sbtest4 WHERE id BETWEEN 7889560 AND 7889569
	Aggregate  (cost=44.08..44.09 rows=1 width=8)
	  ->  Index Scan using sbtest4_pkey on sbtest4  (cost=0.43..44.06 rows=10 width=4)
	        Index Cond: ((id >= 7889560) AND (id <= 7889569))

table 5 : explain SELECT SUM(k) FROM sbtest5 WHERE id BETWEEN 7893398 AND 7893407
	Aggregate  (cost=40.16..40.17 rows=1 width=8)
	  ->  Index Scan using sbtest5_pkey on sbtest5  (cost=0.43..40.14 rows=9 width=4)
	        Index Cond: ((id >= 7893398) AND (id <= 7893407))

table 6 : explain SELECT SUM(k) FROM sbtest6 WHERE id BETWEEN 1206262 AND 1206271
	Aggregate  (cost=44.07..44.08 rows=1 width=8)
	  ->  Index Scan using sbtest6_pkey on sbtest6  (cost=0.43..44.05 rows=10 width=4)
	        Index Cond: ((id >= 1206262) AND (id <= 1206271))

table 7 : explain SELECT SUM(k) FROM sbtest7 WHERE id BETWEEN 9627416 AND 9627425
	Aggregate  (cost=48.06..48.07 rows=1 width=8)
	  ->  Index Scan using sbtest7_pkey on sbtest7  (cost=0.43..48.04 rows=11 width=4)
	        Index Cond: ((id >= 9627416) AND (id <= 9627425))

table 8 : explain SELECT SUM(k) FROM sbtest8 WHERE id BETWEEN 694067 AND 694076
	Aggregate  (cost=43.97..43.98 rows=1 width=8)
	  ->  Index Scan using sbtest8_pkey on sbtest8  (cost=0.43..43.94 rows=10 width=4)
	        Index Cond: ((id >= 694067) AND (id <= 694076))


for: sum_ranges
table 1 : explain SELECT SUM(k) FROM sbtest1 WHERE id BETWEEN 833918 AND 833927
	Aggregate  (cost=40.27..40.28 rows=1 width=8)
	  ->  Index Scan using sbtest1_pkey on sbtest1  (cost=0.43..40.25 rows=9 width=4)
	        Index Cond: ((id >= 833918) AND (id <= 833927))

table 2 : explain SELECT SUM(k) FROM sbtest2 WHERE id BETWEEN 3933555 AND 3933564
	Aggregate  (cost=48.16..48.17 rows=1 width=8)
	  ->  Index Scan using sbtest2_pkey on sbtest2  (cost=0.43..48.13 rows=11 width=4)
	        Index Cond: ((id >= 3933555) AND (id <= 3933564))

table 3 : explain SELECT SUM(k) FROM sbtest3 WHERE id BETWEEN 6682 AND 6691
	Aggregate  (cost=44.11..44.12 rows=1 width=8)
	  ->  Index Scan using sbtest3_pkey on sbtest3  (cost=0.43..44.09 rows=10 width=4)
	        Index Cond: ((id >= 6682) AND (id <= 6691))

table 4 : explain SELECT SUM(k) FROM sbtest4 WHERE id BETWEEN 5247298 AND 5247307
	Aggregate  (cost=48.04..48.05 rows=1 width=8)
	  ->  Index Scan using sbtest4_pkey on sbtest4  (cost=0.43..48.01 rows=11 width=4)
	        Index Cond: ((id >= 5247298) AND (id <= 5247307))

table 5 : explain SELECT SUM(k) FROM sbtest5 WHERE id BETWEEN 6816666 AND 6816675
	Aggregate  (cost=44.12..44.13 rows=1 width=8)
	  ->  Index Scan using sbtest5_pkey on sbtest5  (cost=0.43..44.10 rows=10 width=4)
	        Index Cond: ((id >= 6816666) AND (id <= 6816675))

table 6 : explain SELECT SUM(k) FROM sbtest6 WHERE id BETWEEN 9223829 AND 9223838
	Aggregate  (cost=40.12..40.13 rows=1 width=8)
	  ->  Index Scan using sbtest6_pkey on sbtest6  (cost=0.43..40.09 rows=9 width=4)
	        Index Cond: ((id >= 9223829) AND (id <= 9223838))

table 7 : explain SELECT SUM(k) FROM sbtest7 WHERE id BETWEEN 2334465 AND 2334474
	Aggregate  (cost=44.10..44.11 rows=1 width=8)
	  ->  Index Scan using sbtest7_pkey on sbtest7  (cost=0.43..44.08 rows=10 width=4)
	        Index Cond: ((id >= 2334465) AND (id <= 2334474))

table 8 : explain SELECT SUM(k) FROM sbtest8 WHERE id BETWEEN 9236210 AND 9236219
	Aggregate  (cost=40.02..40.03 rows=1 width=8)
	  ->  Index Scan using sbtest8_pkey on sbtest8  (cost=0.43..40.00 rows=9 width=4)
	        Index Cond: ((id >= 9236210) AND (id <= 9236219))

for: sum_ranges
table 1 : explain SELECT SUM(k) FROM sbtest1 WHERE id BETWEEN 4256353 AND 4256362
	Aggregate  (cost=44.25..44.26 rows=1 width=8)
	  ->  Index Scan using sbtest1_pkey on sbtest1  (cost=0.43..44.22 rows=10 width=4)
	        Index Cond: ((id >= 4256353) AND (id <= 4256362))

table 2 : explain SELECT SUM(k) FROM sbtest2 WHERE id BETWEEN 2067270 AND 2067279
	Aggregate  (cost=40.22..40.23 rows=1 width=8)
	  ->  Index Scan using sbtest2_pkey on sbtest2  (cost=0.43..40.19 rows=9 width=4)
	        Index Cond: ((id >= 2067270) AND (id <= 2067279))

table 3 : explain SELECT SUM(k) FROM sbtest3 WHERE id BETWEEN 5593807 AND 5593816
	Aggregate  (cost=44.11..44.12 rows=1 width=8)
	  ->  Index Scan using sbtest3_pkey on sbtest3  (cost=0.43..44.09 rows=10 width=4)
	        Index Cond: ((id >= 5593807) AND (id <= 5593816))

table 4 : explain SELECT SUM(k) FROM sbtest4 WHERE id BETWEEN 7028675 AND 7028684
	Aggregate  (cost=44.08..44.09 rows=1 width=8)
	  ->  Index Scan using sbtest4_pkey on sbtest4  (cost=0.43..44.06 rows=10 width=4)
	        Index Cond: ((id >= 7028675) AND (id <= 7028684))

table 5 : explain SELECT SUM(k) FROM sbtest5 WHERE id BETWEEN 3847854 AND 3847863
	Aggregate  (cost=44.12..44.13 rows=1 width=8)
	  ->  Index Scan using sbtest5_pkey on sbtest5  (cost=0.43..44.10 rows=10 width=4)
	        Index Cond: ((id >= 3847854) AND (id <= 3847863))

table 6 : explain SELECT SUM(k) FROM sbtest6 WHERE id BETWEEN 7203604 AND 7203613
	Aggregate  (cost=44.07..44.08 rows=1 width=8)
	  ->  Index Scan using sbtest6_pkey on sbtest6  (cost=0.43..44.05 rows=10 width=4)
	        Index Cond: ((id >= 7203604) AND (id <= 7203613))

table 7 : explain SELECT SUM(k) FROM sbtest7 WHERE id BETWEEN 7731553 AND 7731562
	Aggregate  (cost=44.10..44.11 rows=1 width=8)
	  ->  Index Scan using sbtest7_pkey on sbtest7  (cost=0.43..44.08 rows=10 width=4)
	        Index Cond: ((id >= 7731553) AND (id <= 7731562))

table 8 : explain SELECT SUM(k) FROM sbtest8 WHERE id BETWEEN 4662052 AND 4662061
	Aggregate  (cost=43.97..43.98 rows=1 width=8)
	  ->  Index Scan using sbtest8_pkey on sbtest8  (cost=0.43..43.94 rows=10 width=4)
	        Index Cond: ((id >= 4662052) AND (id <= 4662061))

for point_selects
table 1 : explain SELECT c FROM sbtest1 WHERE id=3000825
	Index Scan using sbtest1_pkey on sbtest1  (cost=0.43..8.45 rows=1 width=121)
	  Index Cond: (id = 3000825)

table 2 : explain SELECT c FROM sbtest2 WHERE id=9459212
	Index Scan using sbtest2_pkey on sbtest2  (cost=0.43..8.45 rows=1 width=121)
	  Index Cond: (id = 9459212)

table 3 : explain SELECT c FROM sbtest3 WHERE id=2832723
	Index Scan using sbtest3_pkey on sbtest3  (cost=0.43..8.45 rows=1 width=121)
	  Index Cond: (id = 2832723)

table 4 : explain SELECT c FROM sbtest4 WHERE id=9029421
	Index Scan using sbtest4_pkey on sbtest4  (cost=0.43..8.45 rows=1 width=121)
	  Index Cond: (id = 9029421)

table 5 : explain SELECT c FROM sbtest5 WHERE id=8417350
	Index Scan using sbtest5_pkey on sbtest5  (cost=0.43..8.45 rows=1 width=121)
	  Index Cond: (id = 8417350)

table 6 : explain SELECT c FROM sbtest6 WHERE id=2684881
	Index Scan using sbtest6_pkey on sbtest6  (cost=0.43..8.45 rows=1 width=121)
	  Index Cond: (id = 2684881)

table 7 : explain SELECT c FROM sbtest7 WHERE id=976771
	Index Scan using sbtest7_pkey on sbtest7  (cost=0.43..8.45 rows=1 width=121)
	  Index Cond: (id = 976771)

table 8 : explain SELECT c FROM sbtest8 WHERE id=2126426
	Index Scan using sbtest8_pkey on sbtest8  (cost=0.43..8.45 rows=1 width=121)
	  Index Cond: (id = 2126426)

for: sum_ranges
table 1 : explain SELECT SUM(k) FROM sbtest1 WHERE id BETWEEN 3857248 AND 3857257
	Aggregate  (cost=44.25..44.26 rows=1 width=8)
	  ->  Index Scan using sbtest1_pkey on sbtest1  (cost=0.43..44.22 rows=10 width=4)
	        Index Cond: ((id >= 3857248) AND (id <= 3857257))

table 2 : explain SELECT SUM(k) FROM sbtest2 WHERE id BETWEEN 4870877 AND 4870886
	Aggregate  (cost=48.16..48.17 rows=1 width=8)
	  ->  Index Scan using sbtest2_pkey on sbtest2  (cost=0.43..48.13 rows=11 width=4)
	        Index Cond: ((id >= 4870877) AND (id <= 4870886))

table 3 : explain SELECT SUM(k) FROM sbtest3 WHERE id BETWEEN 7295244 AND 7295253
	Aggregate  (cost=44.11..44.12 rows=1 width=8)
	  ->  Index Scan using sbtest3_pkey on sbtest3  (cost=0.43..44.09 rows=10 width=4)
	        Index Cond: ((id >= 7295244) AND (id <= 7295253))

table 4 : explain SELECT SUM(k) FROM sbtest4 WHERE id BETWEEN 2473606 AND 2473615
	Aggregate  (cost=44.08..44.09 rows=1 width=8)
	  ->  Index Scan using sbtest4_pkey on sbtest4  (cost=0.43..44.06 rows=10 width=4)
	        Index Cond: ((id >= 2473606) AND (id <= 2473615))

table 5 : explain SELECT SUM(k) FROM sbtest5 WHERE id BETWEEN 8938007 AND 8938016
	Aggregate  (cost=44.12..44.13 rows=1 width=8)
	  ->  Index Scan using sbtest5_pkey on sbtest5  (cost=0.43..44.10 rows=10 width=4)
	        Index Cond: ((id >= 8938007) AND (id <= 8938016))

table 6 : explain SELECT SUM(k) FROM sbtest6 WHERE id BETWEEN 335686 AND 335695
	Aggregate  (cost=44.07..44.08 rows=1 width=8)
	  ->  Index Scan using sbtest6_pkey on sbtest6  (cost=0.43..44.05 rows=10 width=4)
	        Index Cond: ((id >= 335686) AND (id <= 335695))

table 7 : explain SELECT SUM(k) FROM sbtest7 WHERE id BETWEEN 8489761 AND 8489770
	Aggregate  (cost=44.10..44.11 rows=1 width=8)
	  ->  Index Scan using sbtest7_pkey on sbtest7  (cost=0.43..44.08 rows=10 width=4)
	        Index Cond: ((id >= 8489761) AND (id <= 8489770))

table 8 : explain SELECT SUM(k) FROM sbtest8 WHERE id BETWEEN 6729293 AND 6729302
	Aggregate  (cost=43.97..43.98 rows=1 width=8)
	  ->  Index Scan using sbtest8_pkey on sbtest8  (cost=0.43..43.94 rows=10 width=4)
	        Index Cond: ((id >= 6729293) AND (id <= 6729302))
for: sum_ranges
table 1 : explain SELECT SUM(k) FROM sbtest1 WHERE id BETWEEN 4270227 AND 4270236
	Aggregate  (cost=44.25..44.26 rows=1 width=8)
	  ->  Index Scan using sbtest1_pkey on sbtest1  (cost=0.43..44.22 rows=10 width=4)
	        Index Cond: ((id >= 4270227) AND (id <= 4270236))

table 2 : explain SELECT SUM(k) FROM sbtest2 WHERE id BETWEEN 4062664 AND 4062673
	Aggregate  (cost=48.16..48.17 rows=1 width=8)
	  ->  Index Scan using sbtest2_pkey on sbtest2  (cost=0.43..48.13 rows=11 width=4)
	        Index Cond: ((id >= 4062664) AND (id <= 4062673))

table 3 : explain SELECT SUM(k) FROM sbtest3 WHERE id BETWEEN 2771196 AND 2771205
	Aggregate  (cost=44.11..44.12 rows=1 width=8)
	  ->  Index Scan using sbtest3_pkey on sbtest3  (cost=0.43..44.09 rows=10 width=4)
	        Index Cond: ((id >= 2771196) AND (id <= 2771205))

table 4 : explain SELECT SUM(k) FROM sbtest4 WHERE id BETWEEN 7884436 AND 7884445
	Aggregate  (cost=44.08..44.09 rows=1 width=8)
	  ->  Index Scan using sbtest4_pkey on sbtest4  (cost=0.43..44.06 rows=10 width=4)
	        Index Cond: ((id >= 7884436) AND (id <= 7884445))

table 5 : explain SELECT SUM(k) FROM sbtest5 WHERE id BETWEEN 8973498 AND 8973507
	Aggregate  (cost=44.12..44.13 rows=1 width=8)
	  ->  Index Scan using sbtest5_pkey on sbtest5  (cost=0.43..44.10 rows=10 width=4)
	        Index Cond: ((id >= 8973498) AND (id <= 8973507))

table 6 : explain SELECT SUM(k) FROM sbtest6 WHERE id BETWEEN 2123931 AND 2123940
	Aggregate  (cost=40.12..40.13 rows=1 width=8)
	  ->  Index Scan using sbtest6_pkey on sbtest6  (cost=0.43..40.09 rows=9 width=4)
	        Index Cond: ((id >= 2123931) AND (id <= 2123940))

table 7 : explain SELECT SUM(k) FROM sbtest7 WHERE id BETWEEN 3984386 AND 3984395
	Aggregate  (cost=40.14..40.15 rows=1 width=8)
	  ->  Index Scan using sbtest7_pkey on sbtest7  (cost=0.43..40.12 rows=9 width=4)
	        Index Cond: ((id >= 3984386) AND (id <= 3984395))

table 8 : explain SELECT SUM(k) FROM sbtest8 WHERE id BETWEEN 9182385 AND 9182394
	Aggregate  (cost=43.97..43.98 rows=1 width=8)
	  ->  Index Scan using sbtest8_pkey on sbtest8  (cost=0.43..43.94 rows=10 width=4)
	        Index Cond: ((id >= 9182385) AND (id <= 9182394))
for: sum_ranges
table 1 : explain SELECT SUM(k) FROM sbtest1 WHERE id BETWEEN 2947334 AND 2947343
	Aggregate  (cost=40.27..40.28 rows=1 width=8)
	  ->  Index Scan using sbtest1_pkey on sbtest1  (cost=0.43..40.25 rows=9 width=4)
	        Index Cond: ((id >= 2947334) AND (id <= 2947343))

table 2 : explain SELECT SUM(k) FROM sbtest2 WHERE id BETWEEN 916265 AND 916274
	Aggregate  (cost=52.12..52.13 rows=1 width=8)
	  ->  Index Scan using sbtest2_pkey on sbtest2  (cost=0.43..52.09 rows=12 width=4)
	        Index Cond: ((id >= 916265) AND (id <= 916274))

table 3 : explain SELECT SUM(k) FROM sbtest3 WHERE id BETWEEN 6932469 AND 6932478
	Aggregate  (cost=40.15..40.16 rows=1 width=8)
	  ->  Index Scan using sbtest3_pkey on sbtest3  (cost=0.43..40.13 rows=9 width=4)
	        Index Cond: ((id >= 6932469) AND (id <= 6932478))

table 4 : explain SELECT SUM(k) FROM sbtest4 WHERE id BETWEEN 9865951 AND 9865960
	Aggregate  (cost=48.04..48.05 rows=1 width=8)
	  ->  Index Scan using sbtest4_pkey on sbtest4  (cost=0.43..48.01 rows=11 width=4)
	        Index Cond: ((id >= 9865951) AND (id <= 9865960))

table 5 : explain SELECT SUM(k) FROM sbtest5 WHERE id BETWEEN 6363230 AND 6363239
	Aggregate  (cost=44.12..44.13 rows=1 width=8)
	  ->  Index Scan using sbtest5_pkey on sbtest5  (cost=0.43..44.10 rows=10 width=4)
	        Index Cond: ((id >= 6363230) AND (id <= 6363239))

table 6 : explain SELECT SUM(k) FROM sbtest6 WHERE id BETWEEN 1229559 AND 1229568
	Aggregate  (cost=44.07..44.08 rows=1 width=8)
	  ->  Index Scan using sbtest6_pkey on sbtest6  (cost=0.43..44.05 rows=10 width=4)
	        Index Cond: ((id >= 1229559) AND (id <= 1229568))

table 7 : explain SELECT SUM(k) FROM sbtest7 WHERE id BETWEEN 6618321 AND 6618330
	Aggregate  (cost=40.14..40.15 rows=1 width=8)
	  ->  Index Scan using sbtest7_pkey on sbtest7  (cost=0.43..40.12 rows=9 width=4)
	        Index Cond: ((id >= 6618321) AND (id <= 6618330))

table 8 : explain SELECT SUM(k) FROM sbtest8 WHERE id BETWEEN 9085115 AND 9085124
	Aggregate  (cost=47.91..47.92 rows=1 width=8)
	  ->  Index Scan using sbtest8_pkey on sbtest8  (cost=0.43..47.89 rows=11 width=4)
	        Index Cond: ((id >= 9085115) AND (id <= 9085124))

for: sum_ranges
table 1 : explain SELECT SUM(k) FROM sbtest1 WHERE id BETWEEN 8072428 AND 8072437
	Aggregate  (cost=44.25..44.26 rows=1 width=8)
	  ->  Index Scan using sbtest1_pkey on sbtest1  (cost=0.43..44.22 rows=10 width=4)
	        Index Cond: ((id >= 8072428) AND (id <= 8072437))

table 2 : explain SELECT SUM(k) FROM sbtest2 WHERE id BETWEEN 4754519 AND 4754528
	Aggregate  (cost=44.19..44.20 rows=1 width=8)
	  ->  Index Scan using sbtest2_pkey on sbtest2  (cost=0.43..44.16 rows=10 width=4)
	        Index Cond: ((id >= 4754519) AND (id <= 4754528))

table 3 : explain SELECT SUM(k) FROM sbtest3 WHERE id BETWEEN 7879186 AND 7879195
	Aggregate  (cost=44.11..44.12 rows=1 width=8)
	  ->  Index Scan using sbtest3_pkey on sbtest3  (cost=0.43..44.09 rows=10 width=4)
	        Index Cond: ((id >= 7879186) AND (id <= 7879195))

table 4 : explain SELECT SUM(k) FROM sbtest4 WHERE id BETWEEN 5848672 AND 5848681
	Aggregate  (cost=40.12..40.13 rows=1 width=8)
	  ->  Index Scan using sbtest4_pkey on sbtest4  (cost=0.43..40.10 rows=9 width=4)
	        Index Cond: ((id >= 5848672) AND (id <= 5848681))

table 5 : explain SELECT SUM(k) FROM sbtest5 WHERE id BETWEEN 4453062 AND 4453071
	Aggregate  (cost=40.16..40.17 rows=1 width=8)
	  ->  Index Scan using sbtest5_pkey on sbtest5  (cost=0.43..40.14 rows=9 width=4)
	        Index Cond: ((id >= 4453062) AND (id <= 4453071))

table 6 : explain SELECT SUM(k) FROM sbtest6 WHERE id BETWEEN 4919981 AND 4919990
	Aggregate  (cost=44.07..44.08 rows=1 width=8)
	  ->  Index Scan using sbtest6_pkey on sbtest6  (cost=0.43..44.05 rows=10 width=4)
	        Index Cond: ((id >= 4919981) AND (id <= 4919990))

table 7 : explain SELECT SUM(k) FROM sbtest7 WHERE id BETWEEN 6623068 AND 6623077
	Aggregate  (cost=40.14..40.15 rows=1 width=8)
	  ->  Index Scan using sbtest7_pkey on sbtest7  (cost=0.43..40.12 rows=9 width=4)
	        Index Cond: ((id >= 6623068) AND (id <= 6623077))

table 8 : explain SELECT SUM(k) FROM sbtest8 WHERE id BETWEEN 6976995 AND 6977004
	Aggregate  (cost=43.97..43.98 rows=1 width=8)
	  ->  Index Scan using sbtest8_pkey on sbtest8  (cost=0.43..43.94 rows=10 width=4)
	        Index Cond: ((id >= 6976995) AND (id <= 6977004))



for: sum_ranges
table 1 : explain SELECT SUM(k) FROM sbtest1 WHERE id BETWEEN 4802663 AND 4802672
	Aggregate  (cost=44.25..44.26 rows=1 width=8)
	  ->  Index Scan using sbtest1_pkey on sbtest1  (cost=0.43..44.22 rows=10 width=4)
	        Index Cond: ((id >= 4802663) AND (id <= 4802672))

table 2 : explain SELECT SUM(k) FROM sbtest2 WHERE id BETWEEN 1489382 AND 1489391
	Aggregate  (cost=44.19..44.20 rows=1 width=8)
	  ->  Index Scan using sbtest2_pkey on sbtest2  (cost=0.43..44.16 rows=10 width=4)
	        Index Cond: ((id >= 1489382) AND (id <= 1489391))

table 3 : explain SELECT SUM(k) FROM sbtest3 WHERE id BETWEEN 565677 AND 565686
	Aggregate  (cost=48.07..48.08 rows=1 width=8)
	  ->  Index Scan using sbtest3_pkey on sbtest3  (cost=0.43..48.04 rows=11 width=4)
	        Index Cond: ((id >= 565677) AND (id <= 565686))

table 4 : explain SELECT SUM(k) FROM sbtest4 WHERE id BETWEEN 6842184 AND 6842193
	Aggregate  (cost=48.04..48.05 rows=1 width=8)
	  ->  Index Scan using sbtest4_pkey on sbtest4  (cost=0.43..48.01 rows=11 width=4)
	        Index Cond: ((id >= 6842184) AND (id <= 6842193))

table 5 : explain SELECT SUM(k) FROM sbtest5 WHERE id BETWEEN 9116801 AND 9116810
	Aggregate  (cost=44.12..44.13 rows=1 width=8)
	  ->  Index Scan using sbtest5_pkey on sbtest5  (cost=0.43..44.10 rows=10 width=4)
	        Index Cond: ((id >= 9116801) AND (id <= 9116810))

table 6 : explain SELECT SUM(k) FROM sbtest6 WHERE id BETWEEN 5824743 AND 5824752
	Aggregate  (cost=44.07..44.08 rows=1 width=8)
	  ->  Index Scan using sbtest6_pkey on sbtest6  (cost=0.43..44.05 rows=10 width=4)
	        Index Cond: ((id >= 5824743) AND (id <= 5824752))

table 7 : explain SELECT SUM(k) FROM sbtest7 WHERE id BETWEEN 8940896 AND 8940905
	Aggregate  (cost=44.10..44.11 rows=1 width=8)
	  ->  Index Scan using sbtest7_pkey on sbtest7  (cost=0.43..44.08 rows=10 width=4)
	        Index Cond: ((id >= 8940896) AND (id <= 8940905))

table 8 : explain SELECT SUM(k) FROM sbtest8 WHERE id BETWEEN 1491700 AND 1491709
	Aggregate  (cost=47.91..47.92 rows=1 width=8)
	  ->  Index Scan using sbtest8_pkey on sbtest8  (cost=0.43..47.89 rows=11 width=4)
	        Index Cond: ((id >= 1491700) AND (id <= 1491709))

for: sum_ranges
table 1 : explain SELECT SUM(k) FROM sbtest1 WHERE id BETWEEN 8993058 AND 8993067
	Aggregate  (cost=44.25..44.26 rows=1 width=8)
	  ->  Index Scan using sbtest1_pkey on sbtest1  (cost=0.43..44.22 rows=10 width=4)
	        Index Cond: ((id >= 8993058) AND (id <= 8993067))

table 2 : explain SELECT SUM(k) FROM sbtest2 WHERE id BETWEEN 4001793 AND 4001802
	Aggregate  (cost=48.16..48.17 rows=1 width=8)
	  ->  Index Scan using sbtest2_pkey on sbtest2  (cost=0.43..48.13 rows=11 width=4)
	        Index Cond: ((id >= 4001793) AND (id <= 4001802))

table 3 : explain SELECT SUM(k) FROM sbtest3 WHERE id BETWEEN 3923991 AND 3924000
	Aggregate  (cost=40.15..40.16 rows=1 width=8)
	  ->  Index Scan using sbtest3_pkey on sbtest3  (cost=0.43..40.13 rows=9 width=4)
	        Index Cond: ((id >= 3923991) AND (id <= 3924000))

table 4 : explain SELECT SUM(k) FROM sbtest4 WHERE id BETWEEN 6632851 AND 6632860
	Aggregate  (cost=44.08..44.09 rows=1 width=8)
	  ->  Index Scan using sbtest4_pkey on sbtest4  (cost=0.43..44.06 rows=10 width=4)
	        Index Cond: ((id >= 6632851) AND (id <= 6632860))

table 5 : explain SELECT SUM(k) FROM sbtest5 WHERE id BETWEEN 9053487 AND 9053496
	Aggregate  (cost=44.12..44.13 rows=1 width=8)
	  ->  Index Scan using sbtest5_pkey on sbtest5  (cost=0.43..44.10 rows=10 width=4)
	        Index Cond: ((id >= 9053487) AND (id <= 9053496))

table 6 : explain SELECT SUM(k) FROM sbtest6 WHERE id BETWEEN 5273417 AND 5273426
	Aggregate  (cost=44.07..44.08 rows=1 width=8)
	  ->  Index Scan using sbtest6_pkey on sbtest6  (cost=0.43..44.05 rows=10 width=4)
	        Index Cond: ((id >= 5273417) AND (id <= 5273426))

table 7 : explain SELECT SUM(k) FROM sbtest7 WHERE id BETWEEN 9962334 AND 9962343
	Aggregate  (cost=44.10..44.11 rows=1 width=8)
	  ->  Index Scan using sbtest7_pkey on sbtest7  (cost=0.43..44.08 rows=10 width=4)
	        Index Cond: ((id >= 9962334) AND (id <= 9962343))

table 8 : explain SELECT SUM(k) FROM sbtest8 WHERE id BETWEEN 3867822 AND 3867831
	Aggregate  (cost=40.02..40.03 rows=1 width=8)
	  ->  Index Scan using sbtest8_pkey on sbtest8  (cost=0.43..40.00 rows=9 width=4)
	        Index Cond: ((id >= 3867822) AND (id <= 3867831))

for: simple_ranges
table 1 : explain SELECT c FROM sbtest1 WHERE id BETWEEN 7324671 AND 7324680
	Index Scan using sbtest1_pkey on sbtest1  (cost=0.43..44.22 rows=10 width=121)
	  Index Cond: ((id >= 7324671) AND (id <= 7324680))

table 2 : explain SELECT c FROM sbtest2 WHERE id BETWEEN 368485 AND 368494
	Index Scan using sbtest2_pkey on sbtest2  (cost=0.43..48.13 rows=11 width=121)
	  Index Cond: ((id >= 368485) AND (id <= 368494))

table 3 : explain SELECT c FROM sbtest3 WHERE id BETWEEN 1186024 AND 1186033
	Index Scan using sbtest3_pkey on sbtest3  (cost=0.43..44.09 rows=10 width=121)
	  Index Cond: ((id >= 1186024) AND (id <= 1186033))

table 4 : explain SELECT c FROM sbtest4 WHERE id BETWEEN 3693821 AND 3693830
	Index Scan using sbtest4_pkey on sbtest4  (cost=0.43..44.06 rows=10 width=121)
	  Index Cond: ((id >= 3693821) AND (id <= 3693830))

table 5 : explain SELECT c FROM sbtest5 WHERE id BETWEEN 2653290 AND 2653299
	Index Scan using sbtest5_pkey on sbtest5  (cost=0.43..40.14 rows=9 width=121)
	  Index Cond: ((id >= 2653290) AND (id <= 2653299))

table 6 : explain SELECT c FROM sbtest6 WHERE id BETWEEN 9842571 AND 9842580
	Index Scan using sbtest6_pkey on sbtest6  (cost=0.43..44.05 rows=10 width=121)
	  Index Cond: ((id >= 9842571) AND (id <= 9842580))

table 7 : explain SELECT c FROM sbtest7 WHERE id BETWEEN 2916627 AND 2916636
	Index Scan using sbtest7_pkey on sbtest7  (cost=0.43..48.04 rows=11 width=121)
	  Index Cond: ((id >= 2916627) AND (id <= 2916636))

table 8 : explain SELECT c FROM sbtest8 WHERE id BETWEEN 9955423 AND 9955432
	Index Scan using sbtest8_pkey on sbtest8  (cost=0.43..43.94 rows=10 width=121)
	  Index Cond: ((id >= 9955423) AND (id <= 9955432))

for point_selects
table 1 : explain SELECT c FROM sbtest1 WHERE id=4731864
	Index Scan using sbtest1_pkey on sbtest1  (cost=0.43..8.45 rows=1 width=121)
	  Index Cond: (id = 4731864)

table 2 : explain SELECT c FROM sbtest2 WHERE id=9904281
	Index Scan using sbtest2_pkey on sbtest2  (cost=0.43..8.45 rows=1 width=121)
	  Index Cond: (id = 9904281)

table 3 : explain SELECT c FROM sbtest3 WHERE id=3668280
	Index Scan using sbtest3_pkey on sbtest3  (cost=0.43..8.45 rows=1 width=121)
	  Index Cond: (id = 3668280)

table 4 : explain SELECT c FROM sbtest4 WHERE id=7377304
	Index Scan using sbtest4_pkey on sbtest4  (cost=0.43..8.45 rows=1 width=121)
	  Index Cond: (id = 7377304)

table 5 : explain SELECT c FROM sbtest5 WHERE id=5423177
	Index Scan using sbtest5_pkey on sbtest5  (cost=0.43..8.45 rows=1 width=121)
	  Index Cond: (id = 5423177)

table 6 : explain SELECT c FROM sbtest6 WHERE id=6511669
	Index Scan using sbtest6_pkey on sbtest6  (cost=0.43..8.45 rows=1 width=121)
	  Index Cond: (id = 6511669)

table 7 : explain SELECT c FROM sbtest7 WHERE id=9364706
	Index Scan using sbtest7_pkey on sbtest7  (cost=0.43..8.45 rows=1 width=121)
	  Index Cond: (id = 9364706)

table 8 : explain SELECT c FROM sbtest8 WHERE id=8533223
	Index Scan using sbtest8_pkey on sbtest8  (cost=0.43..8.45 rows=1 width=121)
	  Index Cond: (id = 8533223)

for: sum_ranges
table 1 : explain SELECT SUM(k) FROM sbtest1 WHERE id BETWEEN 2910554 AND 2910563
	Aggregate  (cost=40.27..40.28 rows=1 width=8)
	  ->  Index Scan using sbtest1_pkey on sbtest1  (cost=0.43..40.25 rows=9 width=4)
	        Index Cond: ((id >= 2910554) AND (id <= 2910563))

table 2 : explain SELECT SUM(k) FROM sbtest2 WHERE id BETWEEN 4610454 AND 4610463
	Aggregate  (cost=48.16..48.17 rows=1 width=8)
	  ->  Index Scan using sbtest2_pkey on sbtest2  (cost=0.43..48.13 rows=11 width=4)
	        Index Cond: ((id >= 4610454) AND (id <= 4610463))

table 3 : explain SELECT SUM(k) FROM sbtest3 WHERE id BETWEEN 4275303 AND 4275312
	Aggregate  (cost=48.07..48.08 rows=1 width=8)
	  ->  Index Scan using sbtest3_pkey on sbtest3  (cost=0.43..48.04 rows=11 width=4)
	        Index Cond: ((id >= 4275303) AND (id <= 4275312))

table 4 : explain SELECT SUM(k) FROM sbtest4 WHERE id BETWEEN 6623216 AND 6623225
	Aggregate  (cost=44.08..44.09 rows=1 width=8)
	  ->  Index Scan using sbtest4_pkey on sbtest4  (cost=0.43..44.06 rows=10 width=4)
	        Index Cond: ((id >= 6623216) AND (id <= 6623225))

table 5 : explain SELECT SUM(k) FROM sbtest5 WHERE id BETWEEN 6252570 AND 6252579
	Aggregate  (cost=44.12..44.13 rows=1 width=8)
	  ->  Index Scan using sbtest5_pkey on sbtest5  (cost=0.43..44.10 rows=10 width=4)
	        Index Cond: ((id >= 6252570) AND (id <= 6252579))

table 6 : explain SELECT SUM(k) FROM sbtest6 WHERE id BETWEEN 795293 AND 795302
	Aggregate  (cost=44.07..44.08 rows=1 width=8)
	  ->  Index Scan using sbtest6_pkey on sbtest6  (cost=0.43..44.05 rows=10 width=4)
	        Index Cond: ((id >= 795293) AND (id <= 795302))

table 7 : explain SELECT SUM(k) FROM sbtest7 WHERE id BETWEEN 4420848 AND 4420857
	Aggregate  (cost=44.10..44.11 rows=1 width=8)
	  ->  Index Scan using sbtest7_pkey on sbtest7  (cost=0.43..44.08 rows=10 width=4)
	        Index Cond: ((id >= 4420848) AND (id <= 4420857))

table 8 : explain SELECT SUM(k) FROM sbtest8 WHERE id BETWEEN 2170126 AND 2170135
	Aggregate  (cost=43.97..43.98 rows=1 width=8)
	  ->  Index Scan using sbtest8_pkey on sbtest8  (cost=0.43..43.94 rows=10 width=4)
	        Index Cond: ((id >= 2170126) AND (id <= 2170135))

for: order_ranges
table 1 : explain SELECT c FROM sbtest1 WHERE id BETWEEN 90378 AND 90387 ORDER BY c
	Sort  (cost=44.39..44.41 rows=10 width=121)
	  Sort Key: c
	  ->  Index Scan using sbtest1_pkey on sbtest1  (cost=0.43..44.22 rows=10 width=121)
	        Index Cond: ((id >= 90378) AND (id <= 90387))

table 2 : explain SELECT c FROM sbtest2 WHERE id BETWEEN 8887809 AND 8887818 ORDER BY c
	Sort  (cost=44.33..44.35 rows=10 width=121)
	  Sort Key: c
	  ->  Index Scan using sbtest2_pkey on sbtest2  (cost=0.43..44.16 rows=10 width=121)
	        Index Cond: ((id >= 8887809) AND (id <= 8887818))

table 3 : explain SELECT c FROM sbtest3 WHERE id BETWEEN 112402 AND 112411 ORDER BY c
	Sort  (cost=44.25..44.28 rows=10 width=121)
	  Sort Key: c
	  ->  Index Scan using sbtest3_pkey on sbtest3  (cost=0.43..44.09 rows=10 width=121)
	        Index Cond: ((id >= 112402) AND (id <= 112411))

table 4 : explain SELECT c FROM sbtest4 WHERE id BETWEEN 3482600 AND 3482609 ORDER BY c
	Sort  (cost=44.22..44.25 rows=10 width=121)
	  Sort Key: c
	  ->  Index Scan using sbtest4_pkey on sbtest4  (cost=0.43..44.06 rows=10 width=121)
	        Index Cond: ((id >= 3482600) AND (id <= 3482609))

table 5 : explain SELECT c FROM sbtest5 WHERE id BETWEEN 5756085 AND 5756094 ORDER BY c
	Sort  (cost=44.27..44.29 rows=10 width=121)
	  Sort Key: c
	  ->  Index Scan using sbtest5_pkey on sbtest5  (cost=0.43..44.10 rows=10 width=121)
	        Index Cond: ((id >= 5756085) AND (id <= 5756094))

table 6 : explain SELECT c FROM sbtest6 WHERE id BETWEEN 3209871 AND 3209880 ORDER BY c
	Sort  (cost=40.24..40.26 rows=9 width=121)
	  Sort Key: c
	  ->  Index Scan using sbtest6_pkey on sbtest6  (cost=0.43..40.09 rows=9 width=121)
	        Index Cond: ((id >= 3209871) AND (id <= 3209880))

table 7 : explain SELECT c FROM sbtest7 WHERE id BETWEEN 5349433 AND 5349442 ORDER BY c
	Sort  (cost=44.24..44.27 rows=10 width=121)
	  Sort Key: c
	  ->  Index Scan using sbtest7_pkey on sbtest7  (cost=0.43..44.08 rows=10 width=121)
	        Index Cond: ((id >= 5349433) AND (id <= 5349442))

table 8 : explain SELECT c FROM sbtest8 WHERE id BETWEEN 2945160 AND 2945169 ORDER BY c
	Sort  (cost=44.11..44.13 rows=10 width=121)
	  Sort Key: c
	  ->  Index Scan using sbtest8_pkey on sbtest8  (cost=0.43..43.94 rows=10 width=121)
	        Index Cond: ((id >= 2945160) AND (id <= 2945169))

for: order_ranges
table 1 : explain SELECT c FROM sbtest1 WHERE id BETWEEN 8795970 AND 8795979 ORDER BY c
	Sort  (cost=44.39..44.41 rows=10 width=121)
	  Sort Key: c
	  ->  Index Scan using sbtest1_pkey on sbtest1  (cost=0.43..44.22 rows=10 width=121)
	        Index Cond: ((id >= 8795970) AND (id <= 8795979))

table 2 : explain SELECT c FROM sbtest2 WHERE id BETWEEN 7139402 AND 7139411 ORDER BY c
	Sort  (cost=48.32..48.35 rows=11 width=121)
	  Sort Key: c
	  ->  Index Scan using sbtest2_pkey on sbtest2  (cost=0.43..48.13 rows=11 width=121)
	        Index Cond: ((id >= 7139402) AND (id <= 7139411))

table 3 : explain SELECT c FROM sbtest3 WHERE id BETWEEN 9032195 AND 9032204 ORDER BY c
	Sort  (cost=40.27..40.29 rows=9 width=121)
	  Sort Key: c
	  ->  Index Scan using sbtest3_pkey on sbtest3  (cost=0.43..40.13 rows=9 width=121)
	        Index Cond: ((id >= 9032195) AND (id <= 9032204))

table 4 : explain SELECT c FROM sbtest4 WHERE id BETWEEN 2963549 AND 2963558 ORDER BY c
	Sort  (cost=48.20..48.23 rows=11 width=121)
	  Sort Key: c
	  ->  Index Scan using sbtest4_pkey on sbtest4  (cost=0.43..48.01 rows=11 width=121)
	        Index Cond: ((id >= 2963549) AND (id <= 2963558))

table 5 : explain SELECT c FROM sbtest5 WHERE id BETWEEN 744299 AND 744308 ORDER BY c
	Sort  (cost=48.25..48.28 rows=11 width=121)
	  Sort Key: c
	  ->  Index Scan using sbtest5_pkey on sbtest5  (cost=0.43..48.06 rows=11 width=121)
	        Index Cond: ((id >= 744299) AND (id <= 744308))

table 6 : explain SELECT c FROM sbtest6 WHERE id BETWEEN 4023885 AND 4023894 ORDER BY c
	Sort  (cost=44.21..44.24 rows=10 width=121)
	  Sort Key: c
	  ->  Index Scan using sbtest6_pkey on sbtest6  (cost=0.43..44.05 rows=10 width=121)
	        Index Cond: ((id >= 4023885) AND (id <= 4023894))

table 7 : explain SELECT c FROM sbtest7 WHERE id BETWEEN 6684974 AND 6684983 ORDER BY c
	Sort  (cost=52.21..52.24 rows=12 width=121)
	  Sort Key: c
	  ->  Index Scan using sbtest7_pkey on sbtest7  (cost=0.43..51.99 rows=12 width=121)
	        Index Cond: ((id >= 6684974) AND (id <= 6684983))

table 8 : explain SELECT c FROM sbtest8 WHERE id BETWEEN 4582599 AND 4582608 ORDER BY c
	Sort  (cost=44.11..44.13 rows=10 width=121)
	  Sort Key: c
	  ->  Index Scan using sbtest8_pkey on sbtest8  (cost=0.43..43.94 rows=10 width=121)
	        Index Cond: ((id >= 4582599) AND (id <= 4582608))

for: order_ranges
table 1 : explain SELECT c FROM sbtest1 WHERE id BETWEEN 947803 AND 947812 ORDER BY c
	Sort  (cost=40.39..40.41 rows=9 width=121)
	  Sort Key: c
	  ->  Index Scan using sbtest1_pkey on sbtest1  (cost=0.43..40.25 rows=9 width=121)
	        Index Cond: ((id >= 947803) AND (id <= 947812))

table 2 : explain SELECT c FROM sbtest2 WHERE id BETWEEN 2280077 AND 2280086 ORDER BY c
	Sort  (cost=48.32..48.35 rows=11 width=121)
	  Sort Key: c
	  ->  Index Scan using sbtest2_pkey on sbtest2  (cost=0.43..48.13 rows=11 width=121)
	        Index Cond: ((id >= 2280077) AND (id <= 2280086))

table 3 : explain SELECT c FROM sbtest3 WHERE id BETWEEN 6494690 AND 6494699 ORDER BY c
	Sort  (cost=44.25..44.28 rows=10 width=121)
	  Sort Key: c
	  ->  Index Scan using sbtest3_pkey on sbtest3  (cost=0.43..44.09 rows=10 width=121)
	        Index Cond: ((id >= 6494690) AND (id <= 6494699))

table 4 : explain SELECT c FROM sbtest4 WHERE id BETWEEN 7890216 AND 7890225 ORDER BY c
	Sort  (cost=44.22..44.25 rows=10 width=121)
	  Sort Key: c
	  ->  Index Scan using sbtest4_pkey on sbtest4  (cost=0.43..44.06 rows=10 width=121)
	        Index Cond: ((id >= 7890216) AND (id <= 7890225))

table 5 : explain SELECT c FROM sbtest5 WHERE id BETWEEN 1420700 AND 1420709 ORDER BY c
	Sort  (cost=44.27..44.29 rows=10 width=121)
	  Sort Key: c
	  ->  Index Scan using sbtest5_pkey on sbtest5  (cost=0.43..44.10 rows=10 width=121)
	        Index Cond: ((id >= 1420700) AND (id <= 1420709))

table 6 : explain SELECT c FROM sbtest6 WHERE id BETWEEN 1273185 AND 1273194 ORDER BY c
	Sort  (cost=44.21..44.24 rows=10 width=121)
	  Sort Key: c
	  ->  Index Scan using sbtest6_pkey on sbtest6  (cost=0.43..44.05 rows=10 width=121)
	        Index Cond: ((id >= 1273185) AND (id <= 1273194))

table 7 : explain SELECT c FROM sbtest7 WHERE id BETWEEN 523830 AND 523839 ORDER BY c
	Sort  (cost=48.23..48.25 rows=11 width=121)
	  Sort Key: c
	  ->  Index Scan using sbtest7_pkey on sbtest7  (cost=0.43..48.04 rows=11 width=121)
	        Index Cond: ((id >= 523830) AND (id <= 523839))

table 8 : explain SELECT c FROM sbtest8 WHERE id BETWEEN 3870559 AND 3870568 ORDER BY c
	Sort  (cost=40.14..40.16 rows=9 width=121)
	  Sort Key: c
	  ->  Index Scan using sbtest8_pkey on sbtest8  (cost=0.43..40.00 rows=9 width=121)
	        Index Cond: ((id >= 3870559) AND (id <= 3870568))

for: simple_ranges
table 1 : explain SELECT c FROM sbtest1 WHERE id BETWEEN 4987188 AND 4987197
	Index Scan using sbtest1_pkey on sbtest1  (cost=0.43..44.22 rows=10 width=121)
	  Index Cond: ((id >= 4987188) AND (id <= 4987197))

table 2 : explain SELECT c FROM sbtest2 WHERE id BETWEEN 5829438 AND 5829447
	Index Scan using sbtest2_pkey on sbtest2  (cost=0.43..44.16 rows=10 width=121)
	  Index Cond: ((id >= 5829438) AND (id <= 5829447))

table 3 : explain SELECT c FROM sbtest3 WHERE id BETWEEN 5712352 AND 5712361
	Index Scan using sbtest3_pkey on sbtest3  (cost=0.43..48.04 rows=11 width=121)
	  Index Cond: ((id >= 5712352) AND (id <= 5712361))

table 4 : explain SELECT c FROM sbtest4 WHERE id BETWEEN 8994267 AND 8994276
	Index Scan using sbtest4_pkey on sbtest4  (cost=0.43..48.01 rows=11 width=121)
	  Index Cond: ((id >= 8994267) AND (id <= 8994276))

table 5 : explain SELECT c FROM sbtest5 WHERE id BETWEEN 8654786 AND 8654795
	Index Scan using sbtest5_pkey on sbtest5  (cost=0.43..44.10 rows=10 width=121)
	  Index Cond: ((id >= 8654786) AND (id <= 8654795))

table 6 : explain SELECT c FROM sbtest6 WHERE id BETWEEN 2991548 AND 2991557
	Index Scan using sbtest6_pkey on sbtest6  (cost=0.43..44.05 rows=10 width=121)
	  Index Cond: ((id >= 2991548) AND (id <= 2991557))

table 7 : explain SELECT c FROM sbtest7 WHERE id BETWEEN 3677724 AND 3677733
	Index Scan using sbtest7_pkey on sbtest7  (cost=0.43..44.08 rows=10 width=121)
	  Index Cond: ((id >= 3677724) AND (id <= 3677733))

table 8 : explain SELECT c FROM sbtest8 WHERE id BETWEEN 21988 AND 21997
	Index Scan using sbtest8_pkey on sbtest8  (cost=0.43..40.00 rows=9 width=121)
	  Index Cond: ((id >= 21988) AND (id <= 21997))

for: simple_ranges
table 1 : explain SELECT c FROM sbtest1 WHERE id BETWEEN 6034400 AND 6034409
	Index Scan using sbtest1_pkey on sbtest1  (cost=0.43..44.22 rows=10 width=121)
	  Index Cond: ((id >= 6034400) AND (id <= 6034409))

table 2 : explain SELECT c FROM sbtest2 WHERE id BETWEEN 9121745 AND 9121754
	Index Scan using sbtest2_pkey on sbtest2  (cost=0.43..44.16 rows=10 width=121)
	  Index Cond: ((id >= 9121745) AND (id <= 9121754))

table 3 : explain SELECT c FROM sbtest3 WHERE id BETWEEN 8839971 AND 8839980
	Index Scan using sbtest3_pkey on sbtest3  (cost=0.43..48.04 rows=11 width=121)
	  Index Cond: ((id >= 8839971) AND (id <= 8839980))

table 4 : explain SELECT c FROM sbtest4 WHERE id BETWEEN 3502620 AND 3502629
	Index Scan using sbtest4_pkey on sbtest4  (cost=0.43..44.06 rows=10 width=121)
	  Index Cond: ((id >= 3502620) AND (id <= 3502629))

table 5 : explain SELECT c FROM sbtest5 WHERE id BETWEEN 1957289 AND 1957298
	Index Scan using sbtest5_pkey on sbtest5  (cost=0.43..44.10 rows=10 width=121)
	  Index Cond: ((id >= 1957289) AND (id <= 1957298))

table 6 : explain SELECT c FROM sbtest6 WHERE id BETWEEN 1838683 AND 1838692
	Index Scan using sbtest6_pkey on sbtest6  (cost=0.43..44.05 rows=10 width=121)
	  Index Cond: ((id >= 1838683) AND (id <= 1838692))

table 7 : explain SELECT c FROM sbtest7 WHERE id BETWEEN 1253801 AND 1253810
	Index Scan using sbtest7_pkey on sbtest7  (cost=0.43..44.08 rows=10 width=121)
	  Index Cond: ((id >= 1253801) AND (id <= 1253810))

table 8 : explain SELECT c FROM sbtest8 WHERE id BETWEEN 7379965 AND 7379974
	Index Scan using sbtest8_pkey on sbtest8  (cost=0.43..43.94 rows=10 width=121)
	  Index Cond: ((id >= 7379965) AND (id <= 7379974))

for: simple_ranges
table 1 : explain SELECT c FROM sbtest1 WHERE id BETWEEN 4316202 AND 4316211
	Index Scan using sbtest1_pkey on sbtest1  (cost=0.43..40.25 rows=9 width=121)
	  Index Cond: ((id >= 4316202) AND (id <= 4316211))

table 2 : explain SELECT c FROM sbtest2 WHERE id BETWEEN 2020205 AND 2020214
	Index Scan using sbtest2_pkey on sbtest2  (cost=0.43..40.19 rows=9 width=121)
	  Index Cond: ((id >= 2020205) AND (id <= 2020214))

table 3 : explain SELECT c FROM sbtest3 WHERE id BETWEEN 2178430 AND 2178439
	Index Scan using sbtest3_pkey on sbtest3  (cost=0.43..44.09 rows=10 width=121)
	  Index Cond: ((id >= 2178430) AND (id <= 2178439))

table 4 : explain SELECT c FROM sbtest4 WHERE id BETWEEN 2829716 AND 2829725
	Index Scan using sbtest4_pkey on sbtest4  (cost=0.43..44.06 rows=10 width=121)
	  Index Cond: ((id >= 2829716) AND (id <= 2829725))

table 5 : explain SELECT c FROM sbtest5 WHERE id BETWEEN 9989787 AND 9989796
	Index Scan using sbtest5_pkey on sbtest5  (cost=0.43..44.10 rows=10 width=121)
	  Index Cond: ((id >= 9989787) AND (id <= 9989796))

table 6 : explain SELECT c FROM sbtest6 WHERE id BETWEEN 1037059 AND 1037068
	Index Scan using sbtest6_pkey on sbtest6  (cost=0.43..44.05 rows=10 width=121)
	  Index Cond: ((id >= 1037059) AND (id <= 1037068))

table 7 : explain SELECT c FROM sbtest7 WHERE id BETWEEN 8784868 AND 8784877
	Index Scan using sbtest7_pkey on sbtest7  (cost=0.43..44.08 rows=10 width=121)
	  Index Cond: ((id >= 8784868) AND (id <= 8784877))

table 8 : explain SELECT c FROM sbtest8 WHERE id BETWEEN 6229145 AND 6229154
	Index Scan using sbtest8_pkey on sbtest8  (cost=0.43..40.00 rows=9 width=121)
	  Index Cond: ((id >= 6229145) AND (id <= 6229154))

for: sum_ranges
table 1 : explain SELECT SUM(k) FROM sbtest1 WHERE id BETWEEN 5925468 AND 5925477
	Aggregate  (cost=44.25..44.26 rows=1 width=8)
	  ->  Index Scan using sbtest1_pkey on sbtest1  (cost=0.43..44.22 rows=10 width=4)
	        Index Cond: ((id >= 5925468) AND (id <= 5925477))

table 2 : explain SELECT SUM(k) FROM sbtest2 WHERE id BETWEEN 633353 AND 633362
	Aggregate  (cost=40.22..40.23 rows=1 width=8)
	  ->  Index Scan using sbtest2_pkey on sbtest2  (cost=0.43..40.19 rows=9 width=4)
	        Index Cond: ((id >= 633353) AND (id <= 633362))

table 3 : explain SELECT SUM(k) FROM sbtest3 WHERE id BETWEEN 4741833 AND 4741842
	Aggregate  (cost=44.11..44.12 rows=1 width=8)
	  ->  Index Scan using sbtest3_pkey on sbtest3  (cost=0.43..44.09 rows=10 width=4)
	        Index Cond: ((id >= 4741833) AND (id <= 4741842))

table 4 : explain SELECT SUM(k) FROM sbtest4 WHERE id BETWEEN 5724397 AND 5724406
	Aggregate  (cost=44.08..44.09 rows=1 width=8)
	  ->  Index Scan using sbtest4_pkey on sbtest4  (cost=0.43..44.06 rows=10 width=4)
	        Index Cond: ((id >= 5724397) AND (id <= 5724406))

table 5 : explain SELECT SUM(k) FROM sbtest5 WHERE id BETWEEN 3971335 AND 3971344
	Aggregate  (cost=44.12..44.13 rows=1 width=8)
	  ->  Index Scan using sbtest5_pkey on sbtest5  (cost=0.43..44.10 rows=10 width=4)
	        Index Cond: ((id >= 3971335) AND (id <= 3971344))

table 6 : explain SELECT SUM(k) FROM sbtest6 WHERE id BETWEEN 3262389 AND 3262398
	Aggregate  (cost=44.07..44.08 rows=1 width=8)
	  ->  Index Scan using sbtest6_pkey on sbtest6  (cost=0.43..44.05 rows=10 width=4)
	        Index Cond: ((id >= 3262389) AND (id <= 3262398))

table 7 : explain SELECT SUM(k) FROM sbtest7 WHERE id BETWEEN 3516003 AND 3516012
	Aggregate  (cost=40.14..40.15 rows=1 width=8)
	  ->  Index Scan using sbtest7_pkey on sbtest7  (cost=0.43..40.12 rows=9 width=4)
	        Index Cond: ((id >= 3516003) AND (id <= 3516012))

table 8 : explain SELECT SUM(k) FROM sbtest8 WHERE id BETWEEN 8953975 AND 8953984
	Aggregate  (cost=43.97..43.98 rows=1 width=8)
	  ->  Index Scan using sbtest8_pkey on sbtest8  (cost=0.43..43.94 rows=10 width=4)
	        Index Cond: ((id >= 8953975) AND (id <= 8953984))

for: sum_ranges
table 1 : explain SELECT SUM(k) FROM sbtest1 WHERE id BETWEEN 4205153 AND 4205162
	Aggregate  (cost=44.25..44.26 rows=1 width=8)
	  ->  Index Scan using sbtest1_pkey on sbtest1  (cost=0.43..44.22 rows=10 width=4)
	        Index Cond: ((id >= 4205153) AND (id <= 4205162))

table 2 : explain SELECT SUM(k) FROM sbtest2 WHERE id BETWEEN 264558 AND 264567
	Aggregate  (cost=48.16..48.17 rows=1 width=8)
	  ->  Index Scan using sbtest2_pkey on sbtest2  (cost=0.43..48.13 rows=11 width=4)
	        Index Cond: ((id >= 264558) AND (id <= 264567))

table 3 : explain SELECT SUM(k) FROM sbtest3 WHERE id BETWEEN 3714103 AND 3714112
	Aggregate  (cost=44.11..44.12 rows=1 width=8)
	  ->  Index Scan using sbtest3_pkey on sbtest3  (cost=0.43..44.09 rows=10 width=4)
	        Index Cond: ((id >= 3714103) AND (id <= 3714112))

table 4 : explain SELECT SUM(k) FROM sbtest4 WHERE id BETWEEN 9719491 AND 9719500
	Aggregate  (cost=44.08..44.09 rows=1 width=8)
	  ->  Index Scan using sbtest4_pkey on sbtest4  (cost=0.43..44.06 rows=10 width=4)
	        Index Cond: ((id >= 9719491) AND (id <= 9719500))

table 5 : explain SELECT SUM(k) FROM sbtest5 WHERE id BETWEEN 7279851 AND 7279860
	Aggregate  (cost=44.12..44.13 rows=1 width=8)
	  ->  Index Scan using sbtest5_pkey on sbtest5  (cost=0.43..44.10 rows=10 width=4)
	        Index Cond: ((id >= 7279851) AND (id <= 7279860))

table 6 : explain SELECT SUM(k) FROM sbtest6 WHERE id BETWEEN 5663914 AND 5663923
	Aggregate  (cost=48.03..48.04 rows=1 width=8)
	  ->  Index Scan using sbtest6_pkey on sbtest6  (cost=0.43..48.00 rows=11 width=4)
	        Index Cond: ((id >= 5663914) AND (id <= 5663923))

table 7 : explain SELECT SUM(k) FROM sbtest7 WHERE id BETWEEN 6779426 AND 6779435
	Aggregate  (cost=44.10..44.11 rows=1 width=8)
	  ->  Index Scan using sbtest7_pkey on sbtest7  (cost=0.43..44.08 rows=10 width=4)
	        Index Cond: ((id >= 6779426) AND (id <= 6779435))

table 8 : explain SELECT SUM(k) FROM sbtest8 WHERE id BETWEEN 9034734 AND 9034743
	Aggregate  (cost=47.91..47.92 rows=1 width=8)
	  ->  Index Scan using sbtest8_pkey on sbtest8  (cost=0.43..47.89 rows=11 width=4)
	        Index Cond: ((id >= 9034734) AND (id <= 9034743))

for: order_ranges
table 1 : explain SELECT c FROM sbtest1 WHERE id BETWEEN 8978045 AND 8978054 ORDER BY c
	Sort  (cost=44.39..44.41 rows=10 width=121)
	  Sort Key: c
	  ->  Index Scan using sbtest1_pkey on sbtest1  (cost=0.43..44.22 rows=10 width=121)
	        Index Cond: ((id >= 8978045) AND (id <= 8978054))

table 2 : explain SELECT c FROM sbtest2 WHERE id BETWEEN 3941221 AND 3941230 ORDER BY c
	Sort  (cost=48.32..48.35 rows=11 width=121)
	  Sort Key: c
	  ->  Index Scan using sbtest2_pkey on sbtest2  (cost=0.43..48.13 rows=11 width=121)
	        Index Cond: ((id >= 3941221) AND (id <= 3941230))

table 3 : explain SELECT c FROM sbtest3 WHERE id BETWEEN 6358921 AND 6358930 ORDER BY c
	Sort  (cost=44.25..44.28 rows=10 width=121)
	  Sort Key: c
	  ->  Index Scan using sbtest3_pkey on sbtest3  (cost=0.43..44.09 rows=10 width=121)
	        Index Cond: ((id >= 6358921) AND (id <= 6358930))

table 4 : explain SELECT c FROM sbtest4 WHERE id BETWEEN 7630183 AND 7630192 ORDER BY c
	Sort  (cost=40.24..40.27 rows=9 width=121)
	  Sort Key: c
	  ->  Index Scan using sbtest4_pkey on sbtest4  (cost=0.43..40.10 rows=9 width=121)
	        Index Cond: ((id >= 7630183) AND (id <= 7630192))

table 5 : explain SELECT c FROM sbtest5 WHERE id BETWEEN 6942957 AND 6942966 ORDER BY c
	Sort  (cost=40.28..40.30 rows=9 width=121)
	  Sort Key: c
	  ->  Index Scan using sbtest5_pkey on sbtest5  (cost=0.43..40.14 rows=9 width=121)
	        Index Cond: ((id >= 6942957) AND (id <= 6942966))

table 6 : explain SELECT c FROM sbtest6 WHERE id BETWEEN 5935966 AND 5935975 ORDER BY c
	Sort  (cost=48.19..48.22 rows=11 width=121)
	  Sort Key: c
	  ->  Index Scan using sbtest6_pkey on sbtest6  (cost=0.43..48.00 rows=11 width=121)
	        Index Cond: ((id >= 5935966) AND (id <= 5935975))

table 7 : explain SELECT c FROM sbtest7 WHERE id BETWEEN 6465491 AND 6465500 ORDER BY c
	Sort  (cost=44.24..44.27 rows=10 width=121)
	  Sort Key: c
	  ->  Index Scan using sbtest7_pkey on sbtest7  (cost=0.43..44.08 rows=10 width=121)
	        Index Cond: ((id >= 6465491) AND (id <= 6465500))

table 8 : explain SELECT c FROM sbtest8 WHERE id BETWEEN 5849082 AND 5849091 ORDER BY c
	Sort  (cost=44.11..44.13 rows=10 width=121)
	  Sort Key: c
	  ->  Index Scan using sbtest8_pkey on sbtest8  (cost=0.43..43.94 rows=10 width=121)
	        Index Cond: ((id >= 5849082) AND (id <= 5849091))
for: order_ranges
table 1 : explain SELECT c FROM sbtest1 WHERE id BETWEEN 840341 AND 840350 ORDER BY c
	Sort  (cost=40.39..40.41 rows=9 width=121)
	  Sort Key: c
	  ->  Index Scan using sbtest1_pkey on sbtest1  (cost=0.43..40.25 rows=9 width=121)
	        Index Cond: ((id >= 840341) AND (id <= 840350))

table 2 : explain SELECT c FROM sbtest2 WHERE id BETWEEN 3228894 AND 3228903 ORDER BY c
	Sort  (cost=44.33..44.35 rows=10 width=121)
	  Sort Key: c
	  ->  Index Scan using sbtest2_pkey on sbtest2  (cost=0.43..44.16 rows=10 width=121)
	        Index Cond: ((id >= 3228894) AND (id <= 3228903))

table 3 : explain SELECT c FROM sbtest3 WHERE id BETWEEN 2377194 AND 2377203 ORDER BY c
	Sort  (cost=48.24..48.26 rows=11 width=121)
	  Sort Key: c
	  ->  Index Scan using sbtest3_pkey on sbtest3  (cost=0.43..48.04 rows=11 width=121)
	        Index Cond: ((id >= 2377194) AND (id <= 2377203))

table 4 : explain SELECT c FROM sbtest4 WHERE id BETWEEN 7827448 AND 7827457 ORDER BY c
	Sort  (cost=44.22..44.25 rows=10 width=121)
	  Sort Key: c
	  ->  Index Scan using sbtest4_pkey on sbtest4  (cost=0.43..44.06 rows=10 width=121)
	        Index Cond: ((id >= 7827448) AND (id <= 7827457))

table 5 : explain SELECT c FROM sbtest5 WHERE id BETWEEN 3719785 AND 3719794 ORDER BY c
	Sort  (cost=44.27..44.29 rows=10 width=121)
	  Sort Key: c
	  ->  Index Scan using sbtest5_pkey on sbtest5  (cost=0.43..44.10 rows=10 width=121)
	        Index Cond: ((id >= 3719785) AND (id <= 3719794))

table 6 : explain SELECT c FROM sbtest6 WHERE id BETWEEN 8238610 AND 8238619 ORDER BY c
	Sort  (cost=44.21..44.24 rows=10 width=121)
	  Sort Key: c
	  ->  Index Scan using sbtest6_pkey on sbtest6  (cost=0.43..44.05 rows=10 width=121)
	        Index Cond: ((id >= 8238610) AND (id <= 8238619))

table 7 : explain SELECT c FROM sbtest7 WHERE id BETWEEN 2358810 AND 2358819 ORDER BY c
	Sort  (cost=44.24..44.27 rows=10 width=121)
	  Sort Key: c
	  ->  Index Scan using sbtest7_pkey on sbtest7  (cost=0.43..44.08 rows=10 width=121)
	        Index Cond: ((id >= 2358810) AND (id <= 2358819))

table 8 : explain SELECT c FROM sbtest8 WHERE id BETWEEN 7429221 AND 7429230 ORDER BY c
	Sort  (cost=44.11..44.13 rows=10 width=121)
	  Sort Key: c
	  ->  Index Scan using sbtest8_pkey on sbtest8  (cost=0.43..43.94 rows=10 width=121)
	        Index Cond: ((id >= 7429221) AND (id <= 7429230))


for: simple_ranges
table 1 : explain SELECT c FROM sbtest1 WHERE id BETWEEN 7499347 AND 7499356
	Index Scan using sbtest1_pkey on sbtest1  (cost=0.43..44.22 rows=10 width=121)
	  Index Cond: ((id >= 7499347) AND (id <= 7499356))

table 2 : explain SELECT c FROM sbtest2 WHERE id BETWEEN 337654 AND 337663
	Index Scan using sbtest2_pkey on sbtest2  (cost=0.43..48.13 rows=11 width=121)
	  Index Cond: ((id >= 337654) AND (id <= 337663))

table 3 : explain SELECT c FROM sbtest3 WHERE id BETWEEN 206115 AND 206124
	Index Scan using sbtest3_pkey on sbtest3  (cost=0.43..40.13 rows=9 width=121)
	  Index Cond: ((id >= 206115) AND (id <= 206124))

table 4 : explain SELECT c FROM sbtest4 WHERE id BETWEEN 1349171 AND 1349180
	Index Scan using sbtest4_pkey on sbtest4  (cost=0.43..44.06 rows=10 width=121)
	  Index Cond: ((id >= 1349171) AND (id <= 1349180))

table 5 : explain SELECT c FROM sbtest5 WHERE id BETWEEN 2895117 AND 2895126
	Index Scan using sbtest5_pkey on sbtest5  (cost=0.43..40.14 rows=9 width=121)
	  Index Cond: ((id >= 2895117) AND (id <= 2895126))

table 6 : explain SELECT c FROM sbtest6 WHERE id BETWEEN 7925864 AND 7925873
	Index Scan using sbtest6_pkey on sbtest6  (cost=0.43..44.05 rows=10 width=121)
	  Index Cond: ((id >= 7925864) AND (id <= 7925873))

table 7 : explain SELECT c FROM sbtest7 WHERE id BETWEEN 9075034 AND 9075043
	Index Scan using sbtest7_pkey on sbtest7  (cost=0.43..48.04 rows=11 width=121)
	  Index Cond: ((id >= 9075034) AND (id <= 9075043))

table 8 : explain SELECT c FROM sbtest8 WHERE id BETWEEN 979432 AND 979441
	Index Scan using sbtest8_pkey on sbtest8  (cost=0.43..40.00 rows=9 width=121)
	  Index Cond: ((id >= 979432) AND (id <= 979441))

for: sum_ranges
table 1 : explain SELECT SUM(k) FROM sbtest1 WHERE id BETWEEN 2790822 AND 2790831
	Aggregate  (cost=44.25..44.26 rows=1 width=8)
	  ->  Index Scan using sbtest1_pkey on sbtest1  (cost=0.43..44.22 rows=10 width=4)
	        Index Cond: ((id >= 2790822) AND (id <= 2790831))

table 2 : explain SELECT SUM(k) FROM sbtest2 WHERE id BETWEEN 8462720 AND 8462729
	Aggregate  (cost=40.22..40.23 rows=1 width=8)
	  ->  Index Scan using sbtest2_pkey on sbtest2  (cost=0.43..40.19 rows=9 width=4)
	        Index Cond: ((id >= 8462720) AND (id <= 8462729))

table 3 : explain SELECT SUM(k) FROM sbtest3 WHERE id BETWEEN 2149518 AND 2149527
	Aggregate  (cost=44.11..44.12 rows=1 width=8)
	  ->  Index Scan using sbtest3_pkey on sbtest3  (cost=0.43..44.09 rows=10 width=4)
	        Index Cond: ((id >= 2149518) AND (id <= 2149527))

table 4 : explain SELECT SUM(k) FROM sbtest4 WHERE id BETWEEN 8672076 AND 8672085
	Aggregate  (cost=44.08..44.09 rows=1 width=8)
	  ->  Index Scan using sbtest4_pkey on sbtest4  (cost=0.43..44.06 rows=10 width=4)
	        Index Cond: ((id >= 8672076) AND (id <= 8672085))

table 5 : explain SELECT SUM(k) FROM sbtest5 WHERE id BETWEEN 8511823 AND 8511832
	Aggregate  (cost=44.12..44.13 rows=1 width=8)
	  ->  Index Scan using sbtest5_pkey on sbtest5  (cost=0.43..44.10 rows=10 width=4)
	        Index Cond: ((id >= 8511823) AND (id <= 8511832))

table 6 : explain SELECT SUM(k) FROM sbtest6 WHERE id BETWEEN 10426 AND 10435
	Aggregate  (cost=44.07..44.08 rows=1 width=8)
	  ->  Index Scan using sbtest6_pkey on sbtest6  (cost=0.43..44.05 rows=10 width=4)
	        Index Cond: ((id >= 10426) AND (id <= 10435))

table 7 : explain SELECT SUM(k) FROM sbtest7 WHERE id BETWEEN 7847455 AND 7847464
	Aggregate  (cost=44.10..44.11 rows=1 width=8)
	  ->  Index Scan using sbtest7_pkey on sbtest7  (cost=0.43..44.08 rows=10 width=4)
	        Index Cond: ((id >= 7847455) AND (id <= 7847464))

table 8 : explain SELECT SUM(k) FROM sbtest8 WHERE id BETWEEN 9037257 AND 9037266
	Aggregate  (cost=47.91..47.92 rows=1 width=8)
	  ->  Index Scan using sbtest8_pkey on sbtest8  (cost=0.43..47.89 rows=11 width=4)
	        Index Cond: ((id >= 9037257) AND (id <= 9037266))

for point_selects
table 1 : explain SELECT c FROM sbtest1 WHERE id=5889256
	Index Scan using sbtest1_pkey on sbtest1  (cost=0.43..8.45 rows=1 width=121)
	  Index Cond: (id = 5889256)

table 2 : explain SELECT c FROM sbtest2 WHERE id=9552812
	Index Scan using sbtest2_pkey on sbtest2  (cost=0.43..8.45 rows=1 width=121)
	  Index Cond: (id = 9552812)

table 3 : explain SELECT c FROM sbtest3 WHERE id=9430648
	Index Scan using sbtest3_pkey on sbtest3  (cost=0.43..8.45 rows=1 width=121)
	  Index Cond: (id = 9430648)

table 4 : explain SELECT c FROM sbtest4 WHERE id=5008557
	Index Scan using sbtest4_pkey on sbtest4  (cost=0.43..8.45 rows=1 width=121)
	  Index Cond: (id = 5008557)

table 5 : explain SELECT c FROM sbtest5 WHERE id=4106871
	Index Scan using sbtest5_pkey on sbtest5  (cost=0.43..8.45 rows=1 width=121)
	  Index Cond: (id = 4106871)

table 6 : explain SELECT c FROM sbtest6 WHERE id=1760567
	Index Scan using sbtest6_pkey on sbtest6  (cost=0.43..8.45 rows=1 width=121)
	  Index Cond: (id = 1760567)

table 7 : explain SELECT c FROM sbtest7 WHERE id=7595246
	Index Scan using sbtest7_pkey on sbtest7  (cost=0.43..8.45 rows=1 width=121)
	  Index Cond: (id = 7595246)

table 8 : explain SELECT c FROM sbtest8 WHERE id=8108795
	Index Scan using sbtest8_pkey on sbtest8  (cost=0.43..8.45 rows=1 width=121)
	  Index Cond: (id = 8108795)

for: sum_ranges
table 1 : explain SELECT SUM(k) FROM sbtest1 WHERE id BETWEEN 5583140 AND 5583149
	Aggregate  (cost=40.27..40.28 rows=1 width=8)
	  ->  Index Scan using sbtest1_pkey on sbtest1  (cost=0.43..40.25 rows=9 width=4)
	        Index Cond: ((id >= 5583140) AND (id <= 5583149))

table 2 : explain SELECT SUM(k) FROM sbtest2 WHERE id BETWEEN 2678317 AND 2678326
	Aggregate  (cost=44.19..44.20 rows=1 width=8)
	  ->  Index Scan using sbtest2_pkey on sbtest2  (cost=0.43..44.16 rows=10 width=4)
	        Index Cond: ((id >= 2678317) AND (id <= 2678326))

table 3 : explain SELECT SUM(k) FROM sbtest3 WHERE id BETWEEN 939456 AND 939465
	Aggregate  (cost=44.11..44.12 rows=1 width=8)
	  ->  Index Scan using sbtest3_pkey on sbtest3  (cost=0.43..44.09 rows=10 width=4)
	        Index Cond: ((id >= 939456) AND (id <= 939465))

table 4 : explain SELECT SUM(k) FROM sbtest4 WHERE id BETWEEN 3361865 AND 3361874
	Aggregate  (cost=44.08..44.09 rows=1 width=8)
	  ->  Index Scan using sbtest4_pkey on sbtest4  (cost=0.43..44.06 rows=10 width=4)
	        Index Cond: ((id >= 3361865) AND (id <= 3361874))

table 5 : explain SELECT SUM(k) FROM sbtest5 WHERE id BETWEEN 4239827 AND 4239836
	Aggregate  (cost=44.12..44.13 rows=1 width=8)
	  ->  Index Scan using sbtest5_pkey on sbtest5  (cost=0.43..44.10 rows=10 width=4)
	        Index Cond: ((id >= 4239827) AND (id <= 4239836))

table 6 : explain SELECT SUM(k) FROM sbtest6 WHERE id BETWEEN 3340155 AND 3340164
	Aggregate  (cost=44.07..44.08 rows=1 width=8)
	  ->  Index Scan using sbtest6_pkey on sbtest6  (cost=0.43..44.05 rows=10 width=4)
	        Index Cond: ((id >= 3340155) AND (id <= 3340164))

table 7 : explain SELECT SUM(k) FROM sbtest7 WHERE id BETWEEN 6644250 AND 6644259
	Aggregate  (cost=40.14..40.15 rows=1 width=8)
	  ->  Index Scan using sbtest7_pkey on sbtest7  (cost=0.43..40.12 rows=9 width=4)
	        Index Cond: ((id >= 6644250) AND (id <= 6644259))

table 8 : explain SELECT SUM(k) FROM sbtest8 WHERE id BETWEEN 2917235 AND 2917244
	Aggregate  (cost=43.97..43.98 rows=1 width=8)
	  ->  Index Scan using sbtest8_pkey on sbtest8  (cost=0.43..43.94 rows=10 width=4)
	        Index Cond: ((id >= 2917235) AND (id <= 2917244))

for: sum_ranges
table 1 : explain SELECT SUM(k) FROM sbtest1 WHERE id BETWEEN 4930917 AND 4930926
	Aggregate  (cost=44.25..44.26 rows=1 width=8)
	  ->  Index Scan using sbtest1_pkey on sbtest1  (cost=0.43..44.22 rows=10 width=4)
	        Index Cond: ((id >= 4930917) AND (id <= 4930926))

table 2 : explain SELECT SUM(k) FROM sbtest2 WHERE id BETWEEN 9373244 AND 9373253
	Aggregate  (cost=44.19..44.20 rows=1 width=8)
	  ->  Index Scan using sbtest2_pkey on sbtest2  (cost=0.43..44.16 rows=10 width=4)
	        Index Cond: ((id >= 9373244) AND (id <= 9373253))

table 3 : explain SELECT SUM(k) FROM sbtest3 WHERE id BETWEEN 7108131 AND 7108140
	Aggregate  (cost=44.11..44.12 rows=1 width=8)
	  ->  Index Scan using sbtest3_pkey on sbtest3  (cost=0.43..44.09 rows=10 width=4)
	        Index Cond: ((id >= 7108131) AND (id <= 7108140))

table 4 : explain SELECT SUM(k) FROM sbtest4 WHERE id BETWEEN 5848523 AND 5848532
	Aggregate  (cost=40.12..40.13 rows=1 width=8)
	  ->  Index Scan using sbtest4_pkey on sbtest4  (cost=0.43..40.10 rows=9 width=4)
	        Index Cond: ((id >= 5848523) AND (id <= 5848532))

table 5 : explain SELECT SUM(k) FROM sbtest5 WHERE id BETWEEN 3140221 AND 3140230
	Aggregate  (cost=44.12..44.13 rows=1 width=8)
	  ->  Index Scan using sbtest5_pkey on sbtest5  (cost=0.43..44.10 rows=10 width=4)
	        Index Cond: ((id >= 3140221) AND (id <= 3140230))

table 6 : explain SELECT SUM(k) FROM sbtest6 WHERE id BETWEEN 5210723 AND 5210732
	Aggregate  (cost=44.07..44.08 rows=1 width=8)
	  ->  Index Scan using sbtest6_pkey on sbtest6  (cost=0.43..44.05 rows=10 width=4)
	        Index Cond: ((id >= 5210723) AND (id <= 5210732))

table 7 : explain SELECT SUM(k) FROM sbtest7 WHERE id BETWEEN 8719254 AND 8719263
	Aggregate  (cost=44.10..44.11 rows=1 width=8)
	  ->  Index Scan using sbtest7_pkey on sbtest7  (cost=0.43..44.08 rows=10 width=4)
	        Index Cond: ((id >= 8719254) AND (id <= 8719263))

table 8 : explain SELECT SUM(k) FROM sbtest8 WHERE id BETWEEN 8736352 AND 8736361
	Aggregate  (cost=40.02..40.03 rows=1 width=8)
	  ->  Index Scan using sbtest8_pkey on sbtest8  (cost=0.43..40.00 rows=9 width=4)
	        Index Cond: ((id >= 8736352) AND (id <= 8736361))

for: simple_ranges
table 1 : explain SELECT c FROM sbtest1 WHERE id BETWEEN 212060 AND 212069
	Index Scan using sbtest1_pkey on sbtest1  (cost=0.43..44.22 rows=10 width=121)
	  Index Cond: ((id >= 212060) AND (id <= 212069))

table 2 : explain SELECT c FROM sbtest2 WHERE id BETWEEN 7813495 AND 7813504
	Index Scan using sbtest2_pkey on sbtest2  (cost=0.43..40.19 rows=9 width=121)
	  Index Cond: ((id >= 7813495) AND (id <= 7813504))

table 3 : explain SELECT c FROM sbtest3 WHERE id BETWEEN 3101486 AND 3101495
	Index Scan using sbtest3_pkey on sbtest3  (cost=0.43..44.09 rows=10 width=121)
	  Index Cond: ((id >= 3101486) AND (id <= 3101495))

table 4 : explain SELECT c FROM sbtest4 WHERE id BETWEEN 632035 AND 632044
	Index Scan using sbtest4_pkey on sbtest4  (cost=0.43..44.06 rows=10 width=121)
	  Index Cond: ((id >= 632035) AND (id <= 632044))

table 5 : explain SELECT c FROM sbtest5 WHERE id BETWEEN 2151705 AND 2151714
	Index Scan using sbtest5_pkey on sbtest5  (cost=0.43..48.06 rows=11 width=121)
	  Index Cond: ((id >= 2151705) AND (id <= 2151714))

table 6 : explain SELECT c FROM sbtest6 WHERE id BETWEEN 6204393 AND 6204402
	Index Scan using sbtest6_pkey on sbtest6  (cost=0.43..44.05 rows=10 width=121)
	  Index Cond: ((id >= 6204393) AND (id <= 6204402))

table 7 : explain SELECT c FROM sbtest7 WHERE id BETWEEN 9222101 AND 9222110
	Index Scan using sbtest7_pkey on sbtest7  (cost=0.43..44.08 rows=10 width=121)
	  Index Cond: ((id >= 9222101) AND (id <= 9222110))

table 8 : explain SELECT c FROM sbtest8 WHERE id BETWEEN 1693507 AND 1693516
	Index Scan using sbtest8_pkey on sbtest8  (cost=0.43..43.94 rows=10 width=121)
	  Index Cond: ((id >= 1693507) AND (id <= 1693516))
for: simple_ranges
table 1 : explain SELECT c FROM sbtest1 WHERE id BETWEEN 4075831 AND 4075840
	Index Scan using sbtest1_pkey on sbtest1  (cost=0.43..44.22 rows=10 width=121)
	  Index Cond: ((id >= 4075831) AND (id <= 4075840))

table 2 : explain SELECT c FROM sbtest2 WHERE id BETWEEN 8778042 AND 8778051
	Index Scan using sbtest2_pkey on sbtest2  (cost=0.43..48.13 rows=11 width=121)
	  Index Cond: ((id >= 8778042) AND (id <= 8778051))

table 3 : explain SELECT c FROM sbtest3 WHERE id BETWEEN 9942119 AND 9942128
	Index Scan using sbtest3_pkey on sbtest3  (cost=0.43..44.09 rows=10 width=121)
	  Index Cond: ((id >= 9942119) AND (id <= 9942128))

table 4 : explain SELECT c FROM sbtest4 WHERE id BETWEEN 1460668 AND 1460677
	Index Scan using sbtest4_pkey on sbtest4  (cost=0.43..48.01 rows=11 width=121)
	  Index Cond: ((id >= 1460668) AND (id <= 1460677))

table 5 : explain SELECT c FROM sbtest5 WHERE id BETWEEN 1984554 AND 1984563
	Index Scan using sbtest5_pkey on sbtest5  (cost=0.43..44.10 rows=10 width=121)
	  Index Cond: ((id >= 1984554) AND (id <= 1984563))

table 6 : explain SELECT c FROM sbtest6 WHERE id BETWEEN 7074263 AND 7074272
	Index Scan using sbtest6_pkey on sbtest6  (cost=0.43..40.09 rows=9 width=121)
	  Index Cond: ((id >= 7074263) AND (id <= 7074272))

table 7 : explain SELECT c FROM sbtest7 WHERE id BETWEEN 7406217 AND 7406226
	Index Scan using sbtest7_pkey on sbtest7  (cost=0.43..44.08 rows=10 width=121)
	  Index Cond: ((id >= 7406217) AND (id <= 7406226))

table 8 : explain SELECT c FROM sbtest8 WHERE id BETWEEN 4229230 AND 4229239
	Index Scan using sbtest8_pkey on sbtest8  (cost=0.43..40.00 rows=9 width=121)
	  Index Cond: ((id >= 4229230) AND (id <= 4229239))


for: order_ranges
table 1 : explain SELECT c FROM sbtest1 WHERE id BETWEEN 3118823 AND 3118832 ORDER BY c
	Sort  (cost=48.39..48.41 rows=11 width=121)
	  Sort Key: c
	  ->  Index Scan using sbtest1_pkey on sbtest1  (cost=0.43..48.20 rows=11 width=121)
	        Index Cond: ((id >= 3118823) AND (id <= 3118832))

table 2 : explain SELECT c FROM sbtest2 WHERE id BETWEEN 9823548 AND 9823557 ORDER BY c
	Sort  (cost=40.34..40.36 rows=9 width=121)
	  Sort Key: c
	  ->  Index Scan using sbtest2_pkey on sbtest2  (cost=0.43..40.19 rows=9 width=121)
	        Index Cond: ((id >= 9823548) AND (id <= 9823557))

table 3 : explain SELECT c FROM sbtest3 WHERE id BETWEEN 8577419 AND 8577428 ORDER BY c
	Sort  (cost=48.24..48.26 rows=11 width=121)
	  Sort Key: c
	  ->  Index Scan using sbtest3_pkey on sbtest3  (cost=0.43..48.04 rows=11 width=121)
	        Index Cond: ((id >= 8577419) AND (id <= 8577428))

table 4 : explain SELECT c FROM sbtest4 WHERE id BETWEEN 7072957 AND 7072966 ORDER BY c
	Sort  (cost=44.22..44.25 rows=10 width=121)
	  Sort Key: c
	  ->  Index Scan using sbtest4_pkey on sbtest4  (cost=0.43..44.06 rows=10 width=121)
	        Index Cond: ((id >= 7072957) AND (id <= 7072966))

table 5 : explain SELECT c FROM sbtest5 WHERE id BETWEEN 6059477 AND 6059486 ORDER BY c
	Sort  (cost=44.27..44.29 rows=10 width=121)
	  Sort Key: c
	  ->  Index Scan using sbtest5_pkey on sbtest5  (cost=0.43..44.10 rows=10 width=121)
	        Index Cond: ((id >= 6059477) AND (id <= 6059486))

table 6 : explain SELECT c FROM sbtest6 WHERE id BETWEEN 9236095 AND 9236104 ORDER BY c
	Sort  (cost=40.24..40.26 rows=9 width=121)
	  Sort Key: c
	  ->  Index Scan using sbtest6_pkey on sbtest6  (cost=0.43..40.09 rows=9 width=121)
	        Index Cond: ((id >= 9236095) AND (id <= 9236104))

table 7 : explain SELECT c FROM sbtest7 WHERE id BETWEEN 1131343 AND 1131352 ORDER BY c
	Sort  (cost=40.26..40.28 rows=9 width=121)
	  Sort Key: c
	  ->  Index Scan using sbtest7_pkey on sbtest7  (cost=0.43..40.12 rows=9 width=121)
	        Index Cond: ((id >= 1131343) AND (id <= 1131352))

table 8 : explain SELECT c FROM sbtest8 WHERE id BETWEEN 413110 AND 413119 ORDER BY c
	Sort  (cost=40.14..40.16 rows=9 width=121)
	  Sort Key: c
	  ->  Index Scan using sbtest8_pkey on sbtest8  (cost=0.43..40.00 rows=9 width=121)
	        Index Cond: ((id >= 413110) AND (id <= 413119))
for: simple_ranges
table 1 : explain SELECT c FROM sbtest1 WHERE id BETWEEN 4611210 AND 4611219
	Index Scan using sbtest1_pkey on sbtest1  (cost=0.43..44.22 rows=10 width=121)
	  Index Cond: ((id >= 4611210) AND (id <= 4611219))

table 2 : explain SELECT c FROM sbtest2 WHERE id BETWEEN 3577165 AND 3577174
	Index Scan using sbtest2_pkey on sbtest2  (cost=0.43..48.13 rows=11 width=121)
	  Index Cond: ((id >= 3577165) AND (id <= 3577174))

table 3 : explain SELECT c FROM sbtest3 WHERE id BETWEEN 8312198 AND 8312207
	Index Scan using sbtest3_pkey on sbtest3  (cost=0.43..44.09 rows=10 width=121)
	  Index Cond: ((id >= 8312198) AND (id <= 8312207))

table 4 : explain SELECT c FROM sbtest4 WHERE id BETWEEN 2222193 AND 2222202
	Index Scan using sbtest4_pkey on sbtest4  (cost=0.43..48.01 rows=11 width=121)
	  Index Cond: ((id >= 2222193) AND (id <= 2222202))

table 5 : explain SELECT c FROM sbtest5 WHERE id BETWEEN 8777005 AND 8777014
	Index Scan using sbtest5_pkey on sbtest5  (cost=0.43..48.06 rows=11 width=121)
	  Index Cond: ((id >= 8777005) AND (id <= 8777014))

table 6 : explain SELECT c FROM sbtest6 WHERE id BETWEEN 1756504 AND 1756513
	Index Scan using sbtest6_pkey on sbtest6  (cost=0.43..44.05 rows=10 width=121)
	  Index Cond: ((id >= 1756504) AND (id <= 1756513))

table 7 : explain SELECT c FROM sbtest7 WHERE id BETWEEN 1723717 AND 1723726
	Index Scan using sbtest7_pkey on sbtest7  (cost=0.43..44.08 rows=10 width=121)
	  Index Cond: ((id >= 1723717) AND (id <= 1723726))

table 8 : explain SELECT c FROM sbtest8 WHERE id BETWEEN 6313074 AND 6313083
	Index Scan using sbtest8_pkey on sbtest8  (cost=0.43..47.89 rows=11 width=121)
	  Index Cond: ((id >= 6313074) AND (id <= 6313083))

for: sum_ranges
table 1 : explain SELECT SUM(k) FROM sbtest1 WHERE id BETWEEN 3494863 AND 3494872
	Aggregate  (cost=40.27..40.28 rows=1 width=8)
	  ->  Index Scan using sbtest1_pkey on sbtest1  (cost=0.43..40.25 rows=9 width=4)
	        Index Cond: ((id >= 3494863) AND (id <= 3494872))

table 2 : explain SELECT SUM(k) FROM sbtest2 WHERE id BETWEEN 2285116 AND 2285125
	Aggregate  (cost=48.16..48.17 rows=1 width=8)
	  ->  Index Scan using sbtest2_pkey on sbtest2  (cost=0.43..48.13 rows=11 width=4)
	        Index Cond: ((id >= 2285116) AND (id <= 2285125))

table 3 : explain SELECT SUM(k) FROM sbtest3 WHERE id BETWEEN 440584 AND 440593
	Aggregate  (cost=44.11..44.12 rows=1 width=8)
	  ->  Index Scan using sbtest3_pkey on sbtest3  (cost=0.43..44.09 rows=10 width=4)
	        Index Cond: ((id >= 440584) AND (id <= 440593))

table 4 : explain SELECT SUM(k) FROM sbtest4 WHERE id BETWEEN 9219226 AND 9219235
	Aggregate  (cost=44.08..44.09 rows=1 width=8)
	  ->  Index Scan using sbtest4_pkey on sbtest4  (cost=0.43..44.06 rows=10 width=4)
	        Index Cond: ((id >= 9219226) AND (id <= 9219235))

table 5 : explain SELECT SUM(k) FROM sbtest5 WHERE id BETWEEN 650344 AND 650353
	Aggregate  (cost=40.16..40.17 rows=1 width=8)
	  ->  Index Scan using sbtest5_pkey on sbtest5  (cost=0.43..40.14 rows=9 width=4)
	        Index Cond: ((id >= 650344) AND (id <= 650353))

table 6 : explain SELECT SUM(k) FROM sbtest6 WHERE id BETWEEN 7246227 AND 7246236
	Aggregate  (cost=44.07..44.08 rows=1 width=8)
	  ->  Index Scan using sbtest6_pkey on sbtest6  (cost=0.43..44.05 rows=10 width=4)
	        Index Cond: ((id >= 7246227) AND (id <= 7246236))

table 7 : explain SELECT SUM(k) FROM sbtest7 WHERE id BETWEEN 3244438 AND 3244447
	Aggregate  (cost=48.06..48.07 rows=1 width=8)
	  ->  Index Scan using sbtest7_pkey on sbtest7  (cost=0.43..48.04 rows=11 width=4)
	        Index Cond: ((id >= 3244438) AND (id <= 3244447))

table 8 : explain SELECT SUM(k) FROM sbtest8 WHERE id BETWEEN 7332389 AND 7332398
	Aggregate  (cost=43.97..43.98 rows=1 width=8)
	  ->  Index Scan using sbtest8_pkey on sbtest8  (cost=0.43..43.94 rows=10 width=4)
	        Index Cond: ((id >= 7332389) AND (id <= 7332398))


for: order_ranges
table 1 : explain SELECT c FROM sbtest1 WHERE id BETWEEN 7734551 AND 7734560 ORDER BY c
	Sort  (cost=44.39..44.41 rows=10 width=121)
	  Sort Key: c
	  ->  Index Scan using sbtest1_pkey on sbtest1  (cost=0.43..44.22 rows=10 width=121)
	        Index Cond: ((id >= 7734551) AND (id <= 7734560))

table 2 : explain SELECT c FROM sbtest2 WHERE id BETWEEN 8090568 AND 8090577 ORDER BY c
	Sort  (cost=44.33..44.35 rows=10 width=121)
	  Sort Key: c
	  ->  Index Scan using sbtest2_pkey on sbtest2  (cost=0.43..44.16 rows=10 width=121)
	        Index Cond: ((id >= 8090568) AND (id <= 8090577))

table 3 : explain SELECT c FROM sbtest3 WHERE id BETWEEN 8236272 AND 8236281 ORDER BY c
	Sort  (cost=44.25..44.28 rows=10 width=121)
	  Sort Key: c
	  ->  Index Scan using sbtest3_pkey on sbtest3  (cost=0.43..44.09 rows=10 width=121)
	        Index Cond: ((id >= 8236272) AND (id <= 8236281))

table 4 : explain SELECT c FROM sbtest4 WHERE id BETWEEN 361868 AND 361877 ORDER BY c
	Sort  (cost=44.22..44.25 rows=10 width=121)
	  Sort Key: c
	  ->  Index Scan using sbtest4_pkey on sbtest4  (cost=0.43..44.06 rows=10 width=121)
	        Index Cond: ((id >= 361868) AND (id <= 361877))

table 5 : explain SELECT c FROM sbtest5 WHERE id BETWEEN 2416737 AND 2416746 ORDER BY c
	Sort  (cost=44.27..44.29 rows=10 width=121)
	  Sort Key: c
	  ->  Index Scan using sbtest5_pkey on sbtest5  (cost=0.43..44.10 rows=10 width=121)
	        Index Cond: ((id >= 2416737) AND (id <= 2416746))

table 6 : explain SELECT c FROM sbtest6 WHERE id BETWEEN 8304743 AND 8304752 ORDER BY c
	Sort  (cost=44.21..44.24 rows=10 width=121)
	  Sort Key: c
	  ->  Index Scan using sbtest6_pkey on sbtest6  (cost=0.43..44.05 rows=10 width=121)
	        Index Cond: ((id >= 8304743) AND (id <= 8304752))

table 7 : explain SELECT c FROM sbtest7 WHERE id BETWEEN 6683819 AND 6683828 ORDER BY c
	Sort  (cost=52.21..52.24 rows=12 width=121)
	  Sort Key: c
	  ->  Index Scan using sbtest7_pkey on sbtest7  (cost=0.43..51.99 rows=12 width=121)
	        Index Cond: ((id >= 6683819) AND (id <= 6683828))

table 8 : explain SELECT c FROM sbtest8 WHERE id BETWEEN 8083648 AND 8083657 ORDER BY c
	Sort  (cost=44.11..44.13 rows=10 width=121)
	  Sort Key: c
	  ->  Index Scan using sbtest8_pkey on sbtest8  (cost=0.43..43.94 rows=10 width=121)
	        Index Cond: ((id >= 8083648) AND (id <= 8083657))

for: simple_ranges
table 1 : explain SELECT c FROM sbtest1 WHERE id BETWEEN 4092415 AND 4092424
	Index Scan using sbtest1_pkey on sbtest1  (cost=0.43..44.22 rows=10 width=121)
	  Index Cond: ((id >= 4092415) AND (id <= 4092424))

table 2 : explain SELECT c FROM sbtest2 WHERE id BETWEEN 1539235 AND 1539244
	Index Scan using sbtest2_pkey on sbtest2  (cost=0.43..44.16 rows=10 width=121)
	  Index Cond: ((id >= 1539235) AND (id <= 1539244))

table 3 : explain SELECT c FROM sbtest3 WHERE id BETWEEN 8601120 AND 8601129
	Index Scan using sbtest3_pkey on sbtest3  (cost=0.43..48.04 rows=11 width=121)
	  Index Cond: ((id >= 8601120) AND (id <= 8601129))

table 4 : explain SELECT c FROM sbtest4 WHERE id BETWEEN 5893815 AND 5893824
	Index Scan using sbtest4_pkey on sbtest4  (cost=0.43..40.10 rows=9 width=121)
	  Index Cond: ((id >= 5893815) AND (id <= 5893824))

table 5 : explain SELECT c FROM sbtest5 WHERE id BETWEEN 8461048 AND 8461057
	Index Scan using sbtest5_pkey on sbtest5  (cost=0.43..44.10 rows=10 width=121)
	  Index Cond: ((id >= 8461048) AND (id <= 8461057))

table 6 : explain SELECT c FROM sbtest6 WHERE id BETWEEN 4696981 AND 4696990
	Index Scan using sbtest6_pkey on sbtest6  (cost=0.43..44.05 rows=10 width=121)
	  Index Cond: ((id >= 4696981) AND (id <= 4696990))

table 7 : explain SELECT c FROM sbtest7 WHERE id BETWEEN 1827163 AND 1827172
	Index Scan using sbtest7_pkey on sbtest7  (cost=0.43..44.08 rows=10 width=121)
	  Index Cond: ((id >= 1827163) AND (id <= 1827172))

table 8 : explain SELECT c FROM sbtest8 WHERE id BETWEEN 4766613 AND 4766622
	Index Scan using sbtest8_pkey on sbtest8  (cost=0.43..43.94 rows=10 width=121)
	  Index Cond: ((id >= 4766613) AND (id <= 4766622))

for: simple_ranges
table 1 : explain SELECT c FROM sbtest1 WHERE id BETWEEN 3212369 AND 3212378
	Index Scan using sbtest1_pkey on sbtest1  (cost=0.43..44.22 rows=10 width=121)
	  Index Cond: ((id >= 3212369) AND (id <= 3212378))

table 2 : explain SELECT c FROM sbtest2 WHERE id BETWEEN 6101854 AND 6101863
	Index Scan using sbtest2_pkey on sbtest2  (cost=0.43..44.16 rows=10 width=121)
	  Index Cond: ((id >= 6101854) AND (id <= 6101863))

table 3 : explain SELECT c FROM sbtest3 WHERE id BETWEEN 7636372 AND 7636381
	Index Scan using sbtest3_pkey on sbtest3  (cost=0.43..44.09 rows=10 width=121)
	  Index Cond: ((id >= 7636372) AND (id <= 7636381))

table 4 : explain SELECT c FROM sbtest4 WHERE id BETWEEN 3684267 AND 3684276
	Index Scan using sbtest4_pkey on sbtest4  (cost=0.43..44.06 rows=10 width=121)
	  Index Cond: ((id >= 3684267) AND (id <= 3684276))

table 5 : explain SELECT c FROM sbtest5 WHERE id BETWEEN 4500296 AND 4500305
	Index Scan using sbtest5_pkey on sbtest5  (cost=0.43..40.14 rows=9 width=121)
	  Index Cond: ((id >= 4500296) AND (id <= 4500305))

table 6 : explain SELECT c FROM sbtest6 WHERE id BETWEEN 207501 AND 207510
	Index Scan using sbtest6_pkey on sbtest6  (cost=0.43..48.00 rows=11 width=121)
	  Index Cond: ((id >= 207501) AND (id <= 207510))

table 7 : explain SELECT c FROM sbtest7 WHERE id BETWEEN 6332073 AND 6332082
	Index Scan using sbtest7_pkey on sbtest7  (cost=0.43..44.08 rows=10 width=121)
	  Index Cond: ((id >= 6332073) AND (id <= 6332082))

table 8 : explain SELECT c FROM sbtest8 WHERE id BETWEEN 558550 AND 558559
	Index Scan using sbtest8_pkey on sbtest8  (cost=0.43..43.94 rows=10 width=121)
	  Index Cond: ((id >= 558550) AND (id <= 558559))

for: sum_ranges
table 1 : explain SELECT SUM(k) FROM sbtest1 WHERE id BETWEEN 1183332 AND 1183341
	Aggregate  (cost=44.25..44.26 rows=1 width=8)
	  ->  Index Scan using sbtest1_pkey on sbtest1  (cost=0.43..44.22 rows=10 width=4)
	        Index Cond: ((id >= 1183332) AND (id <= 1183341))

table 2 : explain SELECT SUM(k) FROM sbtest2 WHERE id BETWEEN 3205568 AND 3205577
	Aggregate  (cost=44.19..44.20 rows=1 width=8)
	  ->  Index Scan using sbtest2_pkey on sbtest2  (cost=0.43..44.16 rows=10 width=4)
	        Index Cond: ((id >= 3205568) AND (id <= 3205577))

table 3 : explain SELECT SUM(k) FROM sbtest3 WHERE id BETWEEN 4363371 AND 4363380
	Aggregate  (cost=44.11..44.12 rows=1 width=8)
	  ->  Index Scan using sbtest3_pkey on sbtest3  (cost=0.43..44.09 rows=10 width=4)
	        Index Cond: ((id >= 4363371) AND (id <= 4363380))

table 4 : explain SELECT SUM(k) FROM sbtest4 WHERE id BETWEEN 6801127 AND 6801136
	Aggregate  (cost=44.08..44.09 rows=1 width=8)
	  ->  Index Scan using sbtest4_pkey on sbtest4  (cost=0.43..44.06 rows=10 width=4)
	        Index Cond: ((id >= 6801127) AND (id <= 6801136))

table 5 : explain SELECT SUM(k) FROM sbtest5 WHERE id BETWEEN 5189663 AND 5189672
	Aggregate  (cost=44.12..44.13 rows=1 width=8)
	  ->  Index Scan using sbtest5_pkey on sbtest5  (cost=0.43..44.10 rows=10 width=4)
	        Index Cond: ((id >= 5189663) AND (id <= 5189672))

table 6 : explain SELECT SUM(k) FROM sbtest6 WHERE id BETWEEN 4104125 AND 4104134
	Aggregate  (cost=44.07..44.08 rows=1 width=8)
	  ->  Index Scan using sbtest6_pkey on sbtest6  (cost=0.43..44.05 rows=10 width=4)
	        Index Cond: ((id >= 4104125) AND (id <= 4104134))

table 7 : explain SELECT SUM(k) FROM sbtest7 WHERE id BETWEEN 131252 AND 131261
	Aggregate  (cost=44.10..44.11 rows=1 width=8)
	  ->  Index Scan using sbtest7_pkey on sbtest7  (cost=0.43..44.08 rows=10 width=4)
	        Index Cond: ((id >= 131252) AND (id <= 131261))

table 8 : explain SELECT SUM(k) FROM sbtest8 WHERE id BETWEEN 4763046 AND 4763055
	Aggregate  (cost=43.97..43.98 rows=1 width=8)
	  ->  Index Scan using sbtest8_pkey on sbtest8  (cost=0.43..43.94 rows=10 width=4)
	        Index Cond: ((id >= 4763046) AND (id <= 4763055))

for: order_ranges
table 1 : explain SELECT c FROM sbtest1 WHERE id BETWEEN 7223401 AND 7223410 ORDER BY c
	Sort  (cost=44.39..44.41 rows=10 width=121)
	  Sort Key: c
	  ->  Index Scan using sbtest1_pkey on sbtest1  (cost=0.43..44.22 rows=10 width=121)
	        Index Cond: ((id >= 7223401) AND (id <= 7223410))

table 2 : explain SELECT c FROM sbtest2 WHERE id BETWEEN 3119903 AND 3119912 ORDER BY c
	Sort  (cost=44.33..44.35 rows=10 width=121)
	  Sort Key: c
	  ->  Index Scan using sbtest2_pkey on sbtest2  (cost=0.43..44.16 rows=10 width=121)
	        Index Cond: ((id >= 3119903) AND (id <= 3119912))

table 3 : explain SELECT c FROM sbtest3 WHERE id BETWEEN 5686808 AND 5686817 ORDER BY c
	Sort  (cost=48.24..48.26 rows=11 width=121)
	  Sort Key: c
	  ->  Index Scan using sbtest3_pkey on sbtest3  (cost=0.43..48.04 rows=11 width=121)
	        Index Cond: ((id >= 5686808) AND (id <= 5686817))

table 4 : explain SELECT c FROM sbtest4 WHERE id BETWEEN 1054481 AND 1054490 ORDER BY c
	Sort  (cost=40.24..40.27 rows=9 width=121)
	  Sort Key: c
	  ->  Index Scan using sbtest4_pkey on sbtest4  (cost=0.43..40.10 rows=9 width=121)
	        Index Cond: ((id >= 1054481) AND (id <= 1054490))

table 5 : explain SELECT c FROM sbtest5 WHERE id BETWEEN 5017482 AND 5017491 ORDER BY c
	Sort  (cost=44.27..44.29 rows=10 width=121)
	  Sort Key: c
	  ->  Index Scan using sbtest5_pkey on sbtest5  (cost=0.43..44.10 rows=10 width=121)
	        Index Cond: ((id >= 5017482) AND (id <= 5017491))

table 6 : explain SELECT c FROM sbtest6 WHERE id BETWEEN 8613090 AND 8613099 ORDER BY c
	Sort  (cost=44.21..44.24 rows=10 width=121)
	  Sort Key: c
	  ->  Index Scan using sbtest6_pkey on sbtest6  (cost=0.43..44.05 rows=10 width=121)
	        Index Cond: ((id >= 8613090) AND (id <= 8613099))

table 7 : explain SELECT c FROM sbtest7 WHERE id BETWEEN 9781709 AND 9781718 ORDER BY c
	Sort  (cost=44.24..44.27 rows=10 width=121)
	  Sort Key: c
	  ->  Index Scan using sbtest7_pkey on sbtest7  (cost=0.43..44.08 rows=10 width=121)
	        Index Cond: ((id >= 9781709) AND (id <= 9781718))

table 8 : explain SELECT c FROM sbtest8 WHERE id BETWEEN 2680613 AND 2680622 ORDER BY c
	Sort  (cost=44.11..44.13 rows=10 width=121)
	  Sort Key: c
	  ->  Index Scan using sbtest8_pkey on sbtest8  (cost=0.43..43.94 rows=10 width=121)
	        Index Cond: ((id >= 2680613) AND (id <= 2680622))

for: order_ranges
table 1 : explain SELECT c FROM sbtest1 WHERE id BETWEEN 2948509 AND 2948518 ORDER BY c
	Sort  (cost=40.39..40.41 rows=9 width=121)
	  Sort Key: c
	  ->  Index Scan using sbtest1_pkey on sbtest1  (cost=0.43..40.25 rows=9 width=121)
	        Index Cond: ((id >= 2948509) AND (id <= 2948518))

table 2 : explain SELECT c FROM sbtest2 WHERE id BETWEEN 3611899 AND 3611908 ORDER BY c
	Sort  (cost=44.33..44.35 rows=10 width=121)
	  Sort Key: c
	  ->  Index Scan using sbtest2_pkey on sbtest2  (cost=0.43..44.16 rows=10 width=121)
	        Index Cond: ((id >= 3611899) AND (id <= 3611908))

table 3 : explain SELECT c FROM sbtest3 WHERE id BETWEEN 4653391 AND 4653400 ORDER BY c
	Sort  (cost=48.24..48.26 rows=11 width=121)
	  Sort Key: c
	  ->  Index Scan using sbtest3_pkey on sbtest3  (cost=0.43..48.04 rows=11 width=121)
	        Index Cond: ((id >= 4653391) AND (id <= 4653400))

table 4 : explain SELECT c FROM sbtest4 WHERE id BETWEEN 9487553 AND 9487562 ORDER BY c
	Sort  (cost=44.22..44.25 rows=10 width=121)
	  Sort Key: c
	  ->  Index Scan using sbtest4_pkey on sbtest4  (cost=0.43..44.06 rows=10 width=121)
	        Index Cond: ((id >= 9487553) AND (id <= 9487562))

table 5 : explain SELECT c FROM sbtest5 WHERE id BETWEEN 7204003 AND 7204012 ORDER BY c
	Sort  (cost=48.25..48.28 rows=11 width=121)
	  Sort Key: c
	  ->  Index Scan using sbtest5_pkey on sbtest5  (cost=0.43..48.06 rows=11 width=121)
	        Index Cond: ((id >= 7204003) AND (id <= 7204012))

table 6 : explain SELECT c FROM sbtest6 WHERE id BETWEEN 3276338 AND 3276347 ORDER BY c
	Sort  (cost=44.21..44.24 rows=10 width=121)
	  Sort Key: c
	  ->  Index Scan using sbtest6_pkey on sbtest6  (cost=0.43..44.05 rows=10 width=121)
	        Index Cond: ((id >= 3276338) AND (id <= 3276347))

table 7 : explain SELECT c FROM sbtest7 WHERE id BETWEEN 7256548 AND 7256557 ORDER BY c
	Sort  (cost=40.26..40.28 rows=9 width=121)
	  Sort Key: c
	  ->  Index Scan using sbtest7_pkey on sbtest7  (cost=0.43..40.12 rows=9 width=121)
	        Index Cond: ((id >= 7256548) AND (id <= 7256557))

table 8 : explain SELECT c FROM sbtest8 WHERE id BETWEEN 1475923 AND 1475932 ORDER BY c
	Sort  (cost=48.08..48.10 rows=11 width=121)
	  Sort Key: c
	  ->  Index Scan using sbtest8_pkey on sbtest8  (cost=0.43..47.89 rows=11 width=121)
	        Index Cond: ((id >= 1475923) AND (id <= 1475932))
for: order_ranges
table 1 : explain SELECT c FROM sbtest1 WHERE id BETWEEN 2216070 AND 2216079 ORDER BY c
	Sort  (cost=44.39..44.41 rows=10 width=121)
	  Sort Key: c
	  ->  Index Scan using sbtest1_pkey on sbtest1  (cost=0.43..44.22 rows=10 width=121)
	        Index Cond: ((id >= 2216070) AND (id <= 2216079))

table 2 : explain SELECT c FROM sbtest2 WHERE id BETWEEN 9794180 AND 9794189 ORDER BY c
	Sort  (cost=40.34..40.36 rows=9 width=121)
	  Sort Key: c
	  ->  Index Scan using sbtest2_pkey on sbtest2  (cost=0.43..40.19 rows=9 width=121)
	        Index Cond: ((id >= 9794180) AND (id <= 9794189))

table 3 : explain SELECT c FROM sbtest3 WHERE id BETWEEN 7292702 AND 7292711 ORDER BY c
	Sort  (cost=44.25..44.28 rows=10 width=121)
	  Sort Key: c
	  ->  Index Scan using sbtest3_pkey on sbtest3  (cost=0.43..44.09 rows=10 width=121)
	        Index Cond: ((id >= 7292702) AND (id <= 7292711))

table 4 : explain SELECT c FROM sbtest4 WHERE id BETWEEN 7848484 AND 7848493 ORDER BY c
	Sort  (cost=44.22..44.25 rows=10 width=121)
	  Sort Key: c
	  ->  Index Scan using sbtest4_pkey on sbtest4  (cost=0.43..44.06 rows=10 width=121)
	        Index Cond: ((id >= 7848484) AND (id <= 7848493))

table 5 : explain SELECT c FROM sbtest5 WHERE id BETWEEN 4650157 AND 4650166 ORDER BY c
	Sort  (cost=44.27..44.29 rows=10 width=121)
	  Sort Key: c
	  ->  Index Scan using sbtest5_pkey on sbtest5  (cost=0.43..44.10 rows=10 width=121)
	        Index Cond: ((id >= 4650157) AND (id <= 4650166))

table 6 : explain SELECT c FROM sbtest6 WHERE id BETWEEN 6325987 AND 6325996 ORDER BY c
	Sort  (cost=44.21..44.24 rows=10 width=121)
	  Sort Key: c
	  ->  Index Scan using sbtest6_pkey on sbtest6  (cost=0.43..44.05 rows=10 width=121)
	        Index Cond: ((id >= 6325987) AND (id <= 6325996))

table 7 : explain SELECT c FROM sbtest7 WHERE id BETWEEN 4749152 AND 4749161 ORDER BY c
	Sort  (cost=44.24..44.27 rows=10 width=121)
	  Sort Key: c
	  ->  Index Scan using sbtest7_pkey on sbtest7  (cost=0.43..44.08 rows=10 width=121)
	        Index Cond: ((id >= 4749152) AND (id <= 4749161))

table 8 : explain SELECT c FROM sbtest8 WHERE id BETWEEN 9610871 AND 9610880 ORDER BY c
	Sort  (cost=44.11..44.13 rows=10 width=121)
	  Sort Key: c
	  ->  Index Scan using sbtest8_pkey on sbtest8  (cost=0.43..43.94 rows=10 width=121)
	        Index Cond: ((id >= 9610871) AND (id <= 9610880))

for: order_ranges
table 1 : explain SELECT c FROM sbtest1 WHERE id BETWEEN 8413495 AND 8413504 ORDER BY c
	Sort  (cost=44.39..44.41 rows=10 width=121)
	  Sort Key: c
	  ->  Index Scan using sbtest1_pkey on sbtest1  (cost=0.43..44.22 rows=10 width=121)
	        Index Cond: ((id >= 8413495) AND (id <= 8413504))

table 2 : explain SELECT c FROM sbtest2 WHERE id BETWEEN 9041732 AND 9041741 ORDER BY c
	Sort  (cost=44.33..44.35 rows=10 width=121)
	  Sort Key: c
	  ->  Index Scan using sbtest2_pkey on sbtest2  (cost=0.43..44.16 rows=10 width=121)
	        Index Cond: ((id >= 9041732) AND (id <= 9041741))

table 3 : explain SELECT c FROM sbtest3 WHERE id BETWEEN 6257717 AND 6257726 ORDER BY c
	Sort  (cost=40.27..40.29 rows=9 width=121)
	  Sort Key: c
	  ->  Index Scan using sbtest3_pkey on sbtest3  (cost=0.43..40.13 rows=9 width=121)
	        Index Cond: ((id >= 6257717) AND (id <= 6257726))

table 4 : explain SELECT c FROM sbtest4 WHERE id BETWEEN 2898439 AND 2898448 ORDER BY c
	Sort  (cost=44.22..44.25 rows=10 width=121)
	  Sort Key: c
	  ->  Index Scan using sbtest4_pkey on sbtest4  (cost=0.43..44.06 rows=10 width=121)
	        Index Cond: ((id >= 2898439) AND (id <= 2898448))

table 5 : explain SELECT c FROM sbtest5 WHERE id BETWEEN 8293963 AND 8293972 ORDER BY c
	Sort  (cost=44.27..44.29 rows=10 width=121)
	  Sort Key: c
	  ->  Index Scan using sbtest5_pkey on sbtest5  (cost=0.43..44.10 rows=10 width=121)
	        Index Cond: ((id >= 8293963) AND (id <= 8293972))

table 6 : explain SELECT c FROM sbtest6 WHERE id BETWEEN 3062256 AND 3062265 ORDER BY c
	Sort  (cost=44.21..44.24 rows=10 width=121)
	  Sort Key: c
	  ->  Index Scan using sbtest6_pkey on sbtest6  (cost=0.43..44.05 rows=10 width=121)
	        Index Cond: ((id >= 3062256) AND (id <= 3062265))

table 7 : explain SELECT c FROM sbtest7 WHERE id BETWEEN 5965572 AND 5965581 ORDER BY c
	Sort  (cost=40.26..40.28 rows=9 width=121)
	  Sort Key: c
	  ->  Index Scan using sbtest7_pkey on sbtest7  (cost=0.43..40.12 rows=9 width=121)
	        Index Cond: ((id >= 5965572) AND (id <= 5965581))

table 8 : explain SELECT c FROM sbtest8 WHERE id BETWEEN 2081100 AND 2081109 ORDER BY c
	Sort  (cost=44.11..44.13 rows=10 width=121)
	  Sort Key: c
	  ->  Index Scan using sbtest8_pkey on sbtest8  (cost=0.43..43.94 rows=10 width=121)
	        Index Cond: ((id >= 2081100) AND (id <= 2081109))


for: sum_ranges
table 1 : explain SELECT SUM(k) FROM sbtest1 WHERE id BETWEEN 1650042 AND 1650051
	Aggregate  (cost=40.27..40.28 rows=1 width=8)
	  ->  Index Scan using sbtest1_pkey on sbtest1  (cost=0.43..40.25 rows=9 width=4)
	        Index Cond: ((id >= 1650042) AND (id <= 1650051))

table 2 : explain SELECT SUM(k) FROM sbtest2 WHERE id BETWEEN 4164898 AND 4164907
	Aggregate  (cost=44.19..44.20 rows=1 width=8)
	  ->  Index Scan using sbtest2_pkey on sbtest2  (cost=0.43..44.16 rows=10 width=4)
	        Index Cond: ((id >= 4164898) AND (id <= 4164907))

table 3 : explain SELECT SUM(k) FROM sbtest3 WHERE id BETWEEN 139446 AND 139455
	Aggregate  (cost=44.11..44.12 rows=1 width=8)
	  ->  Index Scan using sbtest3_pkey on sbtest3  (cost=0.43..44.09 rows=10 width=4)
	        Index Cond: ((id >= 139446) AND (id <= 139455))

table 4 : explain SELECT SUM(k) FROM sbtest4 WHERE id BETWEEN 2290287 AND 2290296
	Aggregate  (cost=48.04..48.05 rows=1 width=8)
	  ->  Index Scan using sbtest4_pkey on sbtest4  (cost=0.43..48.01 rows=11 width=4)
	        Index Cond: ((id >= 2290287) AND (id <= 2290296))

table 5 : explain SELECT SUM(k) FROM sbtest5 WHERE id BETWEEN 6262358 AND 6262367
	Aggregate  (cost=48.09..48.10 rows=1 width=8)
	  ->  Index Scan using sbtest5_pkey on sbtest5  (cost=0.43..48.06 rows=11 width=4)
	        Index Cond: ((id >= 6262358) AND (id <= 6262367))

table 6 : explain SELECT SUM(k) FROM sbtest6 WHERE id BETWEEN 4345286 AND 4345295
	Aggregate  (cost=44.07..44.08 rows=1 width=8)
	  ->  Index Scan using sbtest6_pkey on sbtest6  (cost=0.43..44.05 rows=10 width=4)
	        Index Cond: ((id >= 4345286) AND (id <= 4345295))

table 7 : explain SELECT SUM(k) FROM sbtest7 WHERE id BETWEEN 5921113 AND 5921122
	Aggregate  (cost=40.14..40.15 rows=1 width=8)
	  ->  Index Scan using sbtest7_pkey on sbtest7  (cost=0.43..40.12 rows=9 width=4)
	        Index Cond: ((id >= 5921113) AND (id <= 5921122))

table 8 : explain SELECT SUM(k) FROM sbtest8 WHERE id BETWEEN 3604005 AND 3604014
	Aggregate  (cost=43.97..43.98 rows=1 width=8)
	  ->  Index Scan using sbtest8_pkey on sbtest8  (cost=0.43..43.94 rows=10 width=4)
	        Index Cond: ((id >= 3604005) AND (id <= 3604014))

for: simple_ranges
table 1 : explain SELECT c FROM sbtest1 WHERE id BETWEEN 3029793 AND 3029802
	Index Scan using sbtest1_pkey on sbtest1  (cost=0.43..48.20 rows=11 width=121)
	  Index Cond: ((id >= 3029793) AND (id <= 3029802))

table 2 : explain SELECT c FROM sbtest2 WHERE id BETWEEN 8887003 AND 8887012
	Index Scan using sbtest2_pkey on sbtest2  (cost=0.43..44.16 rows=10 width=121)
	  Index Cond: ((id >= 8887003) AND (id <= 8887012))

table 3 : explain SELECT c FROM sbtest3 WHERE id BETWEEN 1979624 AND 1979633
	Index Scan using sbtest3_pkey on sbtest3  (cost=0.43..44.09 rows=10 width=121)
	  Index Cond: ((id >= 1979624) AND (id <= 1979633))

table 4 : explain SELECT c FROM sbtest4 WHERE id BETWEEN 2384132 AND 2384141
	Index Scan using sbtest4_pkey on sbtest4  (cost=0.43..44.06 rows=10 width=121)
	  Index Cond: ((id >= 2384132) AND (id <= 2384141))

table 5 : explain SELECT c FROM sbtest5 WHERE id BETWEEN 2666351 AND 2666360
	Index Scan using sbtest5_pkey on sbtest5  (cost=0.43..40.14 rows=9 width=121)
	  Index Cond: ((id >= 2666351) AND (id <= 2666360))

table 6 : explain SELECT c FROM sbtest6 WHERE id BETWEEN 1444690 AND 1444699
	Index Scan using sbtest6_pkey on sbtest6  (cost=0.43..44.05 rows=10 width=121)
	  Index Cond: ((id >= 1444690) AND (id <= 1444699))

table 7 : explain SELECT c FROM sbtest7 WHERE id BETWEEN 1520142 AND 1520151
	Index Scan using sbtest7_pkey on sbtest7  (cost=0.43..40.12 rows=9 width=121)
	  Index Cond: ((id >= 1520142) AND (id <= 1520151))

table 8 : explain SELECT c FROM sbtest8 WHERE id BETWEEN 9539464 AND 9539473
	Index Scan using sbtest8_pkey on sbtest8  (cost=0.43..43.94 rows=10 width=121)
	  Index Cond: ((id >= 9539464) AND (id <= 9539473))

for: order_ranges
table 1 : explain SELECT c FROM sbtest1 WHERE id BETWEEN 111142 AND 111151 ORDER BY c
	Sort  (cost=44.39..44.41 rows=10 width=121)
	  Sort Key: c
	  ->  Index Scan using sbtest1_pkey on sbtest1  (cost=0.43..44.22 rows=10 width=121)
	        Index Cond: ((id >= 111142) AND (id <= 111151))

table 2 : explain SELECT c FROM sbtest2 WHERE id BETWEEN 6919173 AND 6919182 ORDER BY c
	Sort  (cost=48.32..48.35 rows=11 width=121)
	  Sort Key: c
	  ->  Index Scan using sbtest2_pkey on sbtest2  (cost=0.43..48.13 rows=11 width=121)
	        Index Cond: ((id >= 6919173) AND (id <= 6919182))

table 3 : explain SELECT c FROM sbtest3 WHERE id BETWEEN 467474 AND 467483 ORDER BY c
	Sort  (cost=44.25..44.28 rows=10 width=121)
	  Sort Key: c
	  ->  Index Scan using sbtest3_pkey on sbtest3  (cost=0.43..44.09 rows=10 width=121)
	        Index Cond: ((id >= 467474) AND (id <= 467483))

table 4 : explain SELECT c FROM sbtest4 WHERE id BETWEEN 8679210 AND 8679219 ORDER BY c
	Sort  (cost=44.22..44.25 rows=10 width=121)
	  Sort Key: c
	  ->  Index Scan using sbtest4_pkey on sbtest4  (cost=0.43..44.06 rows=10 width=121)
	        Index Cond: ((id >= 8679210) AND (id <= 8679219))

table 5 : explain SELECT c FROM sbtest5 WHERE id BETWEEN 4608165 AND 4608174 ORDER BY c
	Sort  (cost=44.27..44.29 rows=10 width=121)
	  Sort Key: c
	  ->  Index Scan using sbtest5_pkey on sbtest5  (cost=0.43..44.10 rows=10 width=121)
	        Index Cond: ((id >= 4608165) AND (id <= 4608174))

table 6 : explain SELECT c FROM sbtest6 WHERE id BETWEEN 6894207 AND 6894216 ORDER BY c
	Sort  (cost=48.19..48.22 rows=11 width=121)
	  Sort Key: c
	  ->  Index Scan using sbtest6_pkey on sbtest6  (cost=0.43..48.00 rows=11 width=121)
	        Index Cond: ((id >= 6894207) AND (id <= 6894216))

table 7 : explain SELECT c FROM sbtest7 WHERE id BETWEEN 4597174 AND 4597183 ORDER BY c
	Sort  (cost=44.24..44.27 rows=10 width=121)
	  Sort Key: c
	  ->  Index Scan using sbtest7_pkey on sbtest7  (cost=0.43..44.08 rows=10 width=121)
	        Index Cond: ((id >= 4597174) AND (id <= 4597183))

table 8 : explain SELECT c FROM sbtest8 WHERE id BETWEEN 9199017 AND 9199026 ORDER BY c
	Sort  (cost=44.11..44.13 rows=10 width=121)
	  Sort Key: c
	  ->  Index Scan using sbtest8_pkey on sbtest8  (cost=0.43..43.94 rows=10 width=121)
	        Index Cond: ((id >= 9199017) AND (id <= 9199026))
for: sum_ranges
table 1 : explain SELECT SUM(k) FROM sbtest1 WHERE id BETWEEN 91549 AND 91558
	Aggregate  (cost=44.25..44.26 rows=1 width=8)
	  ->  Index Scan using sbtest1_pkey on sbtest1  (cost=0.43..44.22 rows=10 width=4)
	        Index Cond: ((id >= 91549) AND (id <= 91558))

table 2 : explain SELECT SUM(k) FROM sbtest2 WHERE id BETWEEN 9455006 AND 9455015
	Aggregate  (cost=48.16..48.17 rows=1 width=8)
	  ->  Index Scan using sbtest2_pkey on sbtest2  (cost=0.43..48.13 rows=11 width=4)
	        Index Cond: ((id >= 9455006) AND (id <= 9455015))

table 3 : explain SELECT SUM(k) FROM sbtest3 WHERE id BETWEEN 9077208 AND 9077217
	Aggregate  (cost=40.15..40.16 rows=1 width=8)
	  ->  Index Scan using sbtest3_pkey on sbtest3  (cost=0.43..40.13 rows=9 width=4)
	        Index Cond: ((id >= 9077208) AND (id <= 9077217))

table 4 : explain SELECT SUM(k) FROM sbtest4 WHERE id BETWEEN 1668601 AND 1668610
	Aggregate  (cost=40.12..40.13 rows=1 width=8)
	  ->  Index Scan using sbtest4_pkey on sbtest4  (cost=0.43..40.10 rows=9 width=4)
	        Index Cond: ((id >= 1668601) AND (id <= 1668610))

table 5 : explain SELECT SUM(k) FROM sbtest5 WHERE id BETWEEN 6463757 AND 6463766
	Aggregate  (cost=44.12..44.13 rows=1 width=8)
	  ->  Index Scan using sbtest5_pkey on sbtest5  (cost=0.43..44.10 rows=10 width=4)
	        Index Cond: ((id >= 6463757) AND (id <= 6463766))

table 6 : explain SELECT SUM(k) FROM sbtest6 WHERE id BETWEEN 7614253 AND 7614262
	Aggregate  (cost=44.07..44.08 rows=1 width=8)
	  ->  Index Scan using sbtest6_pkey on sbtest6  (cost=0.43..44.05 rows=10 width=4)
	        Index Cond: ((id >= 7614253) AND (id <= 7614262))

table 7 : explain SELECT SUM(k) FROM sbtest7 WHERE id BETWEEN 8065462 AND 8065471
	Aggregate  (cost=44.10..44.11 rows=1 width=8)
	  ->  Index Scan using sbtest7_pkey on sbtest7  (cost=0.43..44.08 rows=10 width=4)
	        Index Cond: ((id >= 8065462) AND (id <= 8065471))

table 8 : explain SELECT SUM(k) FROM sbtest8 WHERE id BETWEEN 3336560 AND 3336569
	Aggregate  (cost=43.97..43.98 rows=1 width=8)
	  ->  Index Scan using sbtest8_pkey on sbtest8  (cost=0.43..43.94 rows=10 width=4)
	        Index Cond: ((id >= 3336560) AND (id <= 3336569))

for: order_ranges
table 1 : explain SELECT c FROM sbtest1 WHERE id BETWEEN 5013218 AND 5013227 ORDER BY c
	Sort  (cost=44.39..44.41 rows=10 width=121)
	  Sort Key: c
	  ->  Index Scan using sbtest1_pkey on sbtest1  (cost=0.43..44.22 rows=10 width=121)
	        Index Cond: ((id >= 5013218) AND (id <= 5013227))

table 2 : explain SELECT c FROM sbtest2 WHERE id BETWEEN 4328177 AND 4328186 ORDER BY c
	Sort  (cost=40.34..40.36 rows=9 width=121)
	  Sort Key: c
	  ->  Index Scan using sbtest2_pkey on sbtest2  (cost=0.43..40.19 rows=9 width=121)
	        Index Cond: ((id >= 4328177) AND (id <= 4328186))

table 3 : explain SELECT c FROM sbtest3 WHERE id BETWEEN 9298266 AND 9298275 ORDER BY c
	Sort  (cost=44.25..44.28 rows=10 width=121)
	  Sort Key: c
	  ->  Index Scan using sbtest3_pkey on sbtest3  (cost=0.43..44.09 rows=10 width=121)
	        Index Cond: ((id >= 9298266) AND (id <= 9298275))

table 4 : explain SELECT c FROM sbtest4 WHERE id BETWEEN 5001307 AND 5001316 ORDER BY c
	Sort  (cost=48.20..48.23 rows=11 width=121)
	  Sort Key: c
	  ->  Index Scan using sbtest4_pkey on sbtest4  (cost=0.43..48.01 rows=11 width=121)
	        Index Cond: ((id >= 5001307) AND (id <= 5001316))

table 5 : explain SELECT c FROM sbtest5 WHERE id BETWEEN 8699490 AND 8699499 ORDER BY c
	Sort  (cost=44.27..44.29 rows=10 width=121)
	  Sort Key: c
	  ->  Index Scan using sbtest5_pkey on sbtest5  (cost=0.43..44.10 rows=10 width=121)
	        Index Cond: ((id >= 8699490) AND (id <= 8699499))

table 6 : explain SELECT c FROM sbtest6 WHERE id BETWEEN 8677039 AND 8677048 ORDER BY c
	Sort  (cost=44.21..44.24 rows=10 width=121)
	  Sort Key: c
	  ->  Index Scan using sbtest6_pkey on sbtest6  (cost=0.43..44.05 rows=10 width=121)
	        Index Cond: ((id >= 8677039) AND (id <= 8677048))

table 7 : explain SELECT c FROM sbtest7 WHERE id BETWEEN 5658088 AND 5658097 ORDER BY c
	Sort  (cost=44.24..44.27 rows=10 width=121)
	  Sort Key: c
	  ->  Index Scan using sbtest7_pkey on sbtest7  (cost=0.43..44.08 rows=10 width=121)
	        Index Cond: ((id >= 5658088) AND (id <= 5658097))

table 8 : explain SELECT c FROM sbtest8 WHERE id BETWEEN 4441222 AND 4441231 ORDER BY c
	Sort  (cost=44.11..44.13 rows=10 width=121)
	  Sort Key: c
	  ->  Index Scan using sbtest8_pkey on sbtest8  (cost=0.43..43.94 rows=10 width=121)
	        Index Cond: ((id >= 4441222) AND (id <= 4441231))

for: order_ranges
table 1 : explain SELECT c FROM sbtest1 WHERE id BETWEEN 9629417 AND 9629426 ORDER BY c
	Sort  (cost=40.39..40.41 rows=9 width=121)
	  Sort Key: c
	  ->  Index Scan using sbtest1_pkey on sbtest1  (cost=0.43..40.25 rows=9 width=121)
	        Index Cond: ((id >= 9629417) AND (id <= 9629426))

table 2 : explain SELECT c FROM sbtest2 WHERE id BETWEEN 2817561 AND 2817570 ORDER BY c
	Sort  (cost=48.32..48.35 rows=11 width=121)
	  Sort Key: c
	  ->  Index Scan using sbtest2_pkey on sbtest2  (cost=0.43..48.13 rows=11 width=121)
	        Index Cond: ((id >= 2817561) AND (id <= 2817570))

table 3 : explain SELECT c FROM sbtest3 WHERE id BETWEEN 8802637 AND 8802646 ORDER BY c
	Sort  (cost=48.24..48.26 rows=11 width=121)
	  Sort Key: c
	  ->  Index Scan using sbtest3_pkey on sbtest3  (cost=0.43..48.04 rows=11 width=121)
	        Index Cond: ((id >= 8802637) AND (id <= 8802646))

table 4 : explain SELECT c FROM sbtest4 WHERE id BETWEEN 9515152 AND 9515161 ORDER BY c
	Sort  (cost=44.22..44.25 rows=10 width=121)
	  Sort Key: c
	  ->  Index Scan using sbtest4_pkey on sbtest4  (cost=0.43..44.06 rows=10 width=121)
	        Index Cond: ((id >= 9515152) AND (id <= 9515161))

table 5 : explain SELECT c FROM sbtest5 WHERE id BETWEEN 185948 AND 185957 ORDER BY c
	Sort  (cost=44.27..44.29 rows=10 width=121)
	  Sort Key: c
	  ->  Index Scan using sbtest5_pkey on sbtest5  (cost=0.43..44.10 rows=10 width=121)
	        Index Cond: ((id >= 185948) AND (id <= 185957))

table 6 : explain SELECT c FROM sbtest6 WHERE id BETWEEN 4307350 AND 4307359 ORDER BY c
	Sort  (cost=44.21..44.24 rows=10 width=121)
	  Sort Key: c
	  ->  Index Scan using sbtest6_pkey on sbtest6  (cost=0.43..44.05 rows=10 width=121)
	        Index Cond: ((id >= 4307350) AND (id <= 4307359))

table 7 : explain SELECT c FROM sbtest7 WHERE id BETWEEN 9925994 AND 9926003 ORDER BY c
	Sort  (cost=44.24..44.27 rows=10 width=121)
	  Sort Key: c
	  ->  Index Scan using sbtest7_pkey on sbtest7  (cost=0.43..44.08 rows=10 width=121)
	        Index Cond: ((id >= 9925994) AND (id <= 9926003))

table 8 : explain SELECT c FROM sbtest8 WHERE id BETWEEN 5082640 AND 5082649 ORDER BY c
	Sort  (cost=48.08..48.10 rows=11 width=121)
	  Sort Key: c
	  ->  Index Scan using sbtest8_pkey on sbtest8  (cost=0.43..47.89 rows=11 width=121)
	        Index Cond: ((id >= 5082640) AND (id <= 5082649))


for: sum_ranges
table 1 : explain SELECT SUM(k) FROM sbtest1 WHERE id BETWEEN 5423210 AND 5423219
	Aggregate  (cost=44.25..44.26 rows=1 width=8)
	  ->  Index Scan using sbtest1_pkey on sbtest1  (cost=0.43..44.22 rows=10 width=4)
	        Index Cond: ((id >= 5423210) AND (id <= 5423219))

table 2 : explain SELECT SUM(k) FROM sbtest2 WHERE id BETWEEN 4906840 AND 4906849
	Aggregate  (cost=48.16..48.17 rows=1 width=8)
	  ->  Index Scan using sbtest2_pkey on sbtest2  (cost=0.43..48.13 rows=11 width=4)
	        Index Cond: ((id >= 4906840) AND (id <= 4906849))

table 3 : explain SELECT SUM(k) FROM sbtest3 WHERE id BETWEEN 3078490 AND 3078499
	Aggregate  (cost=44.11..44.12 rows=1 width=8)
	  ->  Index Scan using sbtest3_pkey on sbtest3  (cost=0.43..44.09 rows=10 width=4)
	        Index Cond: ((id >= 3078490) AND (id <= 3078499))

table 4 : explain SELECT SUM(k) FROM sbtest4 WHERE id BETWEEN 3629822 AND 3629831
	Aggregate  (cost=44.08..44.09 rows=1 width=8)
	  ->  Index Scan using sbtest4_pkey on sbtest4  (cost=0.43..44.06 rows=10 width=4)
	        Index Cond: ((id >= 3629822) AND (id <= 3629831))

table 5 : explain SELECT SUM(k) FROM sbtest5 WHERE id BETWEEN 7166728 AND 7166737
	Aggregate  (cost=48.09..48.10 rows=1 width=8)
	  ->  Index Scan using sbtest5_pkey on sbtest5  (cost=0.43..48.06 rows=11 width=4)
	        Index Cond: ((id >= 7166728) AND (id <= 7166737))

table 6 : explain SELECT SUM(k) FROM sbtest6 WHERE id BETWEEN 710589 AND 710598
	Aggregate  (cost=40.12..40.13 rows=1 width=8)
	  ->  Index Scan using sbtest6_pkey on sbtest6  (cost=0.43..40.09 rows=9 width=4)
	        Index Cond: ((id >= 710589) AND (id <= 710598))

table 7 : explain SELECT SUM(k) FROM sbtest7 WHERE id BETWEEN 6394398 AND 6394407
	Aggregate  (cost=40.14..40.15 rows=1 width=8)
	  ->  Index Scan using sbtest7_pkey on sbtest7  (cost=0.43..40.12 rows=9 width=4)
	        Index Cond: ((id >= 6394398) AND (id <= 6394407))

table 8 : explain SELECT SUM(k) FROM sbtest8 WHERE id BETWEEN 6183185 AND 6183194
	Aggregate  (cost=40.02..40.03 rows=1 width=8)
	  ->  Index Scan using sbtest8_pkey on sbtest8  (cost=0.43..40.00 rows=9 width=4)
	        Index Cond: ((id >= 6183185) AND (id <= 6183194))

for: order_ranges
table 1 : explain SELECT c FROM sbtest1 WHERE id BETWEEN 3114273 AND 3114282 ORDER BY c
	Sort  (cost=48.39..48.41 rows=11 width=121)
	  Sort Key: c
	  ->  Index Scan using sbtest1_pkey on sbtest1  (cost=0.43..48.20 rows=11 width=121)
	        Index Cond: ((id >= 3114273) AND (id <= 3114282))

table 2 : explain SELECT c FROM sbtest2 WHERE id BETWEEN 8909711 AND 8909720 ORDER BY c
	Sort  (cost=44.33..44.35 rows=10 width=121)
	  Sort Key: c
	  ->  Index Scan using sbtest2_pkey on sbtest2  (cost=0.43..44.16 rows=10 width=121)
	        Index Cond: ((id >= 8909711) AND (id <= 8909720))

table 3 : explain SELECT c FROM sbtest3 WHERE id BETWEEN 2310187 AND 2310196 ORDER BY c
	Sort  (cost=48.24..48.26 rows=11 width=121)
	  Sort Key: c
	  ->  Index Scan using sbtest3_pkey on sbtest3  (cost=0.43..48.04 rows=11 width=121)
	        Index Cond: ((id >= 2310187) AND (id <= 2310196))

table 4 : explain SELECT c FROM sbtest4 WHERE id BETWEEN 3859532 AND 3859541 ORDER BY c
	Sort  (cost=44.22..44.25 rows=10 width=121)
	  Sort Key: c
	  ->  Index Scan using sbtest4_pkey on sbtest4  (cost=0.43..44.06 rows=10 width=121)
	        Index Cond: ((id >= 3859532) AND (id <= 3859541))

table 5 : explain SELECT c FROM sbtest5 WHERE id BETWEEN 7758581 AND 7758590 ORDER BY c
	Sort  (cost=44.27..44.29 rows=10 width=121)
	  Sort Key: c
	  ->  Index Scan using sbtest5_pkey on sbtest5  (cost=0.43..44.10 rows=10 width=121)
	        Index Cond: ((id >= 7758581) AND (id <= 7758590))

table 6 : explain SELECT c FROM sbtest6 WHERE id BETWEEN 4081199 AND 4081208 ORDER BY c
	Sort  (cost=44.21..44.24 rows=10 width=121)
	  Sort Key: c
	  ->  Index Scan using sbtest6_pkey on sbtest6  (cost=0.43..44.05 rows=10 width=121)
	        Index Cond: ((id >= 4081199) AND (id <= 4081208))

table 7 : explain SELECT c FROM sbtest7 WHERE id BETWEEN 8615874 AND 8615883 ORDER BY c
	Sort  (cost=48.23..48.25 rows=11 width=121)
	  Sort Key: c
	  ->  Index Scan using sbtest7_pkey on sbtest7  (cost=0.43..48.04 rows=11 width=121)
	        Index Cond: ((id >= 8615874) AND (id <= 8615883))

table 8 : explain SELECT c FROM sbtest8 WHERE id BETWEEN 3483329 AND 3483338 ORDER BY c
	Sort  (cost=44.11..44.13 rows=10 width=121)
	  Sort Key: c
	  ->  Index Scan using sbtest8_pkey on sbtest8  (cost=0.43..43.94 rows=10 width=121)
	        Index Cond: ((id >= 3483329) AND (id <= 3483338))

for: order_ranges
table 1 : explain SELECT c FROM sbtest1 WHERE id BETWEEN 5917261 AND 5917270 ORDER BY c
	Sort  (cost=48.39..48.41 rows=11 width=121)
	  Sort Key: c
	  ->  Index Scan using sbtest1_pkey on sbtest1  (cost=0.43..48.20 rows=11 width=121)
	        Index Cond: ((id >= 5917261) AND (id <= 5917270))

table 2 : explain SELECT c FROM sbtest2 WHERE id BETWEEN 7842739 AND 7842748 ORDER BY c
	Sort  (cost=40.34..40.36 rows=9 width=121)
	  Sort Key: c
	  ->  Index Scan using sbtest2_pkey on sbtest2  (cost=0.43..40.19 rows=9 width=121)
	        Index Cond: ((id >= 7842739) AND (id <= 7842748))

table 3 : explain SELECT c FROM sbtest3 WHERE id BETWEEN 242850 AND 242859 ORDER BY c
	Sort  (cost=40.27..40.29 rows=9 width=121)
	  Sort Key: c
	  ->  Index Scan using sbtest3_pkey on sbtest3  (cost=0.43..40.13 rows=9 width=121)
	        Index Cond: ((id >= 242850) AND (id <= 242859))

table 4 : explain SELECT c FROM sbtest4 WHERE id BETWEEN 6835443 AND 6835452 ORDER BY c
	Sort  (cost=48.20..48.23 rows=11 width=121)
	  Sort Key: c
	  ->  Index Scan using sbtest4_pkey on sbtest4  (cost=0.43..48.01 rows=11 width=121)
	        Index Cond: ((id >= 6835443) AND (id <= 6835452))

table 5 : explain SELECT c FROM sbtest5 WHERE id BETWEEN 1570422 AND 1570431 ORDER BY c
	Sort  (cost=44.27..44.29 rows=10 width=121)
	  Sort Key: c
	  ->  Index Scan using sbtest5_pkey on sbtest5  (cost=0.43..44.10 rows=10 width=121)
	        Index Cond: ((id >= 1570422) AND (id <= 1570431))

table 6 : explain SELECT c FROM sbtest6 WHERE id BETWEEN 4301895 AND 4301904 ORDER BY c
	Sort  (cost=44.21..44.24 rows=10 width=121)
	  Sort Key: c
	  ->  Index Scan using sbtest6_pkey on sbtest6  (cost=0.43..44.05 rows=10 width=121)
	        Index Cond: ((id >= 4301895) AND (id <= 4301904))

table 7 : explain SELECT c FROM sbtest7 WHERE id BETWEEN 1472768 AND 1472777 ORDER BY c
	Sort  (cost=44.24..44.27 rows=10 width=121)
	  Sort Key: c
	  ->  Index Scan using sbtest7_pkey on sbtest7  (cost=0.43..44.08 rows=10 width=121)
	        Index Cond: ((id >= 1472768) AND (id <= 1472777))

table 8 : explain SELECT c FROM sbtest8 WHERE id BETWEEN 1430396 AND 1430405 ORDER BY c
	Sort  (cost=44.11..44.13 rows=10 width=121)
	  Sort Key: c
	  ->  Index Scan using sbtest8_pkey on sbtest8  (cost=0.43..43.94 rows=10 width=121)
	        Index Cond: ((id >= 1430396) AND (id <= 1430405))

for: order_ranges
table 1 : explain SELECT c FROM sbtest1 WHERE id BETWEEN 9793242 AND 9793251 ORDER BY c
	Sort  (cost=44.39..44.41 rows=10 width=121)
	  Sort Key: c
	  ->  Index Scan using sbtest1_pkey on sbtest1  (cost=0.43..44.22 rows=10 width=121)
	        Index Cond: ((id >= 9793242) AND (id <= 9793251))

table 2 : explain SELECT c FROM sbtest2 WHERE id BETWEEN 1713782 AND 1713791 ORDER BY c
	Sort  (cost=40.34..40.36 rows=9 width=121)
	  Sort Key: c
	  ->  Index Scan using sbtest2_pkey on sbtest2  (cost=0.43..40.19 rows=9 width=121)
	        Index Cond: ((id >= 1713782) AND (id <= 1713791))

table 3 : explain SELECT c FROM sbtest3 WHERE id BETWEEN 7272540 AND 7272549 ORDER BY c
	Sort  (cost=44.25..44.28 rows=10 width=121)
	  Sort Key: c
	  ->  Index Scan using sbtest3_pkey on sbtest3  (cost=0.43..44.09 rows=10 width=121)
	        Index Cond: ((id >= 7272540) AND (id <= 7272549))

table 4 : explain SELECT c FROM sbtest4 WHERE id BETWEEN 7196404 AND 7196413 ORDER BY c
	Sort  (cost=44.22..44.25 rows=10 width=121)
	  Sort Key: c
	  ->  Index Scan using sbtest4_pkey on sbtest4  (cost=0.43..44.06 rows=10 width=121)
	        Index Cond: ((id >= 7196404) AND (id <= 7196413))

table 5 : explain SELECT c FROM sbtest5 WHERE id BETWEEN 2632861 AND 2632870 ORDER BY c
	Sort  (cost=40.28..40.30 rows=9 width=121)
	  Sort Key: c
	  ->  Index Scan using sbtest5_pkey on sbtest5  (cost=0.43..40.14 rows=9 width=121)
	        Index Cond: ((id >= 2632861) AND (id <= 2632870))

table 6 : explain SELECT c FROM sbtest6 WHERE id BETWEEN 8379164 AND 8379173 ORDER BY c
	Sort  (cost=44.21..44.24 rows=10 width=121)
	  Sort Key: c
	  ->  Index Scan using sbtest6_pkey on sbtest6  (cost=0.43..44.05 rows=10 width=121)
	        Index Cond: ((id >= 8379164) AND (id <= 8379173))

table 7 : explain SELECT c FROM sbtest7 WHERE id BETWEEN 8354877 AND 8354886 ORDER BY c
	Sort  (cost=48.23..48.25 rows=11 width=121)
	  Sort Key: c
	  ->  Index Scan using sbtest7_pkey on sbtest7  (cost=0.43..48.04 rows=11 width=121)
	        Index Cond: ((id >= 8354877) AND (id <= 8354886))

table 8 : explain SELECT c FROM sbtest8 WHERE id BETWEEN 3281025 AND 3281034 ORDER BY c
	Sort  (cost=48.08..48.10 rows=11 width=121)
	  Sort Key: c
	  ->  Index Scan using sbtest8_pkey on sbtest8  (cost=0.43..47.89 rows=11 width=121)
	        Index Cond: ((id >= 3281025) AND (id <= 3281034))

for: order_ranges
table 1 : explain SELECT c FROM sbtest1 WHERE id BETWEEN 8834160 AND 8834169 ORDER BY c
	Sort  (cost=44.39..44.41 rows=10 width=121)
	  Sort Key: c
	  ->  Index Scan using sbtest1_pkey on sbtest1  (cost=0.43..44.22 rows=10 width=121)
	        Index Cond: ((id >= 8834160) AND (id <= 8834169))

table 2 : explain SELECT c FROM sbtest2 WHERE id BETWEEN 5177413 AND 5177422 ORDER BY c
	Sort  (cost=40.34..40.36 rows=9 width=121)
	  Sort Key: c
	  ->  Index Scan using sbtest2_pkey on sbtest2  (cost=0.43..40.19 rows=9 width=121)
	        Index Cond: ((id >= 5177413) AND (id <= 5177422))

table 3 : explain SELECT c FROM sbtest3 WHERE id BETWEEN 9794807 AND 9794816 ORDER BY c
	Sort  (cost=44.25..44.28 rows=10 width=121)
	  Sort Key: c
	  ->  Index Scan using sbtest3_pkey on sbtest3  (cost=0.43..44.09 rows=10 width=121)
	        Index Cond: ((id >= 9794807) AND (id <= 9794816))

table 4 : explain SELECT c FROM sbtest4 WHERE id BETWEEN 2162120 AND 2162129 ORDER BY c
	Sort  (cost=44.22..44.25 rows=10 width=121)
	  Sort Key: c
	  ->  Index Scan using sbtest4_pkey on sbtest4  (cost=0.43..44.06 rows=10 width=121)
	        Index Cond: ((id >= 2162120) AND (id <= 2162129))

table 5 : explain SELECT c FROM sbtest5 WHERE id BETWEEN 9492101 AND 9492110 ORDER BY c
	Sort  (cost=44.27..44.29 rows=10 width=121)
	  Sort Key: c
	  ->  Index Scan using sbtest5_pkey on sbtest5  (cost=0.43..44.10 rows=10 width=121)
	        Index Cond: ((id >= 9492101) AND (id <= 9492110))

table 6 : explain SELECT c FROM sbtest6 WHERE id BETWEEN 7262334 AND 7262343 ORDER BY c
	Sort  (cost=44.21..44.24 rows=10 width=121)
	  Sort Key: c
	  ->  Index Scan using sbtest6_pkey on sbtest6  (cost=0.43..44.05 rows=10 width=121)
	        Index Cond: ((id >= 7262334) AND (id <= 7262343))

table 7 : explain SELECT c FROM sbtest7 WHERE id BETWEEN 9251793 AND 9251802 ORDER BY c
	Sort  (cost=44.24..44.27 rows=10 width=121)
	  Sort Key: c
	  ->  Index Scan using sbtest7_pkey on sbtest7  (cost=0.43..44.08 rows=10 width=121)
	        Index Cond: ((id >= 9251793) AND (id <= 9251802))

table 8 : explain SELECT c FROM sbtest8 WHERE id BETWEEN 3059791 AND 3059800 ORDER BY c
	Sort  (cost=44.11..44.13 rows=10 width=121)
	  Sort Key: c
	  ->  Index Scan using sbtest8_pkey on sbtest8  (cost=0.43..43.94 rows=10 width=121)
	        Index Cond: ((id >= 3059791) AND (id <= 3059800))

for: order_ranges
table 1 : explain SELECT c FROM sbtest1 WHERE id BETWEEN 3245738 AND 3245747 ORDER BY c
	Sort  (cost=44.39..44.41 rows=10 width=121)
	  Sort Key: c
	  ->  Index Scan using sbtest1_pkey on sbtest1  (cost=0.43..44.22 rows=10 width=121)
	        Index Cond: ((id >= 3245738) AND (id <= 3245747))

table 2 : explain SELECT c FROM sbtest2 WHERE id BETWEEN 1170616 AND 1170625 ORDER BY c
	Sort  (cost=44.33..44.35 rows=10 width=121)
	  Sort Key: c
	  ->  Index Scan using sbtest2_pkey on sbtest2  (cost=0.43..44.16 rows=10 width=121)
	        Index Cond: ((id >= 1170616) AND (id <= 1170625))

table 3 : explain SELECT c FROM sbtest3 WHERE id BETWEEN 3133601 AND 3133610 ORDER BY c
	Sort  (cost=44.25..44.28 rows=10 width=121)
	  Sort Key: c
	  ->  Index Scan using sbtest3_pkey on sbtest3  (cost=0.43..44.09 rows=10 width=121)
	        Index Cond: ((id >= 3133601) AND (id <= 3133610))

table 4 : explain SELECT c FROM sbtest4 WHERE id BETWEEN 5962827 AND 5962836 ORDER BY c
	Sort  (cost=40.24..40.27 rows=9 width=121)
	  Sort Key: c
	  ->  Index Scan using sbtest4_pkey on sbtest4  (cost=0.43..40.10 rows=9 width=121)
	        Index Cond: ((id >= 5962827) AND (id <= 5962836))

table 5 : explain SELECT c FROM sbtest5 WHERE id BETWEEN 2456565 AND 2456574 ORDER BY c
	Sort  (cost=44.27..44.29 rows=10 width=121)
	  Sort Key: c
	  ->  Index Scan using sbtest5_pkey on sbtest5  (cost=0.43..44.10 rows=10 width=121)
	        Index Cond: ((id >= 2456565) AND (id <= 2456574))

table 6 : explain SELECT c FROM sbtest6 WHERE id BETWEEN 3402413 AND 3402422 ORDER BY c
	Sort  (cost=44.21..44.24 rows=10 width=121)
	  Sort Key: c
	  ->  Index Scan using sbtest6_pkey on sbtest6  (cost=0.43..44.05 rows=10 width=121)
	        Index Cond: ((id >= 3402413) AND (id <= 3402422))

table 7 : explain SELECT c FROM sbtest7 WHERE id BETWEEN 439304 AND 439313 ORDER BY c
	Sort  (cost=44.24..44.27 rows=10 width=121)
	  Sort Key: c
	  ->  Index Scan using sbtest7_pkey on sbtest7  (cost=0.43..44.08 rows=10 width=121)
	        Index Cond: ((id >= 439304) AND (id <= 439313))

table 8 : explain SELECT c FROM sbtest8 WHERE id BETWEEN 6990449 AND 6990458 ORDER BY c
	Sort  (cost=44.11..44.13 rows=10 width=121)
	  Sort Key: c
	  ->  Index Scan using sbtest8_pkey on sbtest8  (cost=0.43..43.94 rows=10 width=121)
	        Index Cond: ((id >= 6990449) AND (id <= 6990458))

for: distinct_ranges
table 1 : explain SELECT DISTINCT c FROM sbtest1 WHERE id BETWEEN 6633663 AND 6633672 ORDER BY c
	Unique  (cost=40.39..40.44 rows=9 width=121)
	  ->  Sort  (cost=40.39..40.41 rows=9 width=121)
	        Sort Key: c
	        ->  Index Scan using sbtest1_pkey on sbtest1  (cost=0.43..40.25 rows=9 width=121)
	              Index Cond: ((id >= 6633663) AND (id <= 6633672))

table 2 : explain SELECT DISTINCT c FROM sbtest2 WHERE id BETWEEN 6035555 AND 6035564 ORDER BY c
	Unique  (cost=40.34..40.38 rows=9 width=121)
	  ->  Sort  (cost=40.34..40.36 rows=9 width=121)
	        Sort Key: c
	        ->  Index Scan using sbtest2_pkey on sbtest2  (cost=0.43..40.19 rows=9 width=121)
	              Index Cond: ((id >= 6035555) AND (id <= 6035564))

table 3 : explain SELECT DISTINCT c FROM sbtest3 WHERE id BETWEEN 7087571 AND 7087580 ORDER BY c
	Unique  (cost=44.25..44.30 rows=10 width=121)
	  ->  Sort  (cost=44.25..44.28 rows=10 width=121)
	        Sort Key: c
	        ->  Index Scan using sbtest3_pkey on sbtest3  (cost=0.43..44.09 rows=10 width=121)
	              Index Cond: ((id >= 7087571) AND (id <= 7087580))

table 4 : explain SELECT DISTINCT c FROM sbtest4 WHERE id BETWEEN 3492222 AND 3492231 ORDER BY c
	Unique  (cost=44.22..44.27 rows=10 width=121)
	  ->  Sort  (cost=44.22..44.25 rows=10 width=121)
	        Sort Key: c
	        ->  Index Scan using sbtest4_pkey on sbtest4  (cost=0.43..44.06 rows=10 width=121)
	              Index Cond: ((id >= 3492222) AND (id <= 3492231))

table 5 : explain SELECT DISTINCT c FROM sbtest5 WHERE id BETWEEN 8570730 AND 8570739 ORDER BY c
	Unique  (cost=44.27..44.32 rows=10 width=121)
	  ->  Sort  (cost=44.27..44.29 rows=10 width=121)
	        Sort Key: c
	        ->  Index Scan using sbtest5_pkey on sbtest5  (cost=0.43..44.10 rows=10 width=121)
	              Index Cond: ((id >= 8570730) AND (id <= 8570739))

table 6 : explain SELECT DISTINCT c FROM sbtest6 WHERE id BETWEEN 3703218 AND 3703227 ORDER BY c
	Unique  (cost=40.24..40.28 rows=9 width=121)
	  ->  Sort  (cost=40.24..40.26 rows=9 width=121)
	        Sort Key: c
	        ->  Index Scan using sbtest6_pkey on sbtest6  (cost=0.43..40.09 rows=9 width=121)
	              Index Cond: ((id >= 3703218) AND (id <= 3703227))

table 7 : explain SELECT DISTINCT c FROM sbtest7 WHERE id BETWEEN 8727810 AND 8727819 ORDER BY c
	Unique  (cost=44.24..44.29 rows=10 width=121)
	  ->  Sort  (cost=44.24..44.27 rows=10 width=121)
	        Sort Key: c
	        ->  Index Scan using sbtest7_pkey on sbtest7  (cost=0.43..44.08 rows=10 width=121)
	              Index Cond: ((id >= 8727810) AND (id <= 8727819))

table 8 : explain SELECT DISTINCT c FROM sbtest8 WHERE id BETWEEN 8692797 AND 8692806 ORDER BY c
	Unique  (cost=40.14..40.19 rows=9 width=121)
	  ->  Sort  (cost=40.14..40.16 rows=9 width=121)
	        Sort Key: c
	        ->  Index Scan using sbtest8_pkey on sbtest8  (cost=0.43..40.00 rows=9 width=121)
	              Index Cond: ((id >= 8692797) AND (id <= 8692806))

for: simple_ranges
table 1 : explain SELECT c FROM sbtest1 WHERE id BETWEEN 254023 AND 254032
	Index Scan using sbtest1_pkey on sbtest1  (cost=0.43..44.22 rows=10 width=121)
	  Index Cond: ((id >= 254023) AND (id <= 254032))

table 2 : explain SELECT c FROM sbtest2 WHERE id BETWEEN 8005380 AND 8005389
	Index Scan using sbtest2_pkey on sbtest2  (cost=0.43..44.16 rows=10 width=121)
	  Index Cond: ((id >= 8005380) AND (id <= 8005389))

table 3 : explain SELECT c FROM sbtest3 WHERE id BETWEEN 2018252 AND 2018261
	Index Scan using sbtest3_pkey on sbtest3  (cost=0.43..44.09 rows=10 width=121)
	  Index Cond: ((id >= 2018252) AND (id <= 2018261))

table 4 : explain SELECT c FROM sbtest4 WHERE id BETWEEN 5499837 AND 5499846
	Index Scan using sbtest4_pkey on sbtest4  (cost=0.43..48.01 rows=11 width=121)
	  Index Cond: ((id >= 5499837) AND (id <= 5499846))

table 5 : explain SELECT c FROM sbtest5 WHERE id BETWEEN 3473673 AND 3473682
	Index Scan using sbtest5_pkey on sbtest5  (cost=0.43..40.14 rows=9 width=121)
	  Index Cond: ((id >= 3473673) AND (id <= 3473682))

table 6 : explain SELECT c FROM sbtest6 WHERE id BETWEEN 4861059 AND 4861068
	Index Scan using sbtest6_pkey on sbtest6  (cost=0.43..44.05 rows=10 width=121)
	  Index Cond: ((id >= 4861059) AND (id <= 4861068))

table 7 : explain SELECT c FROM sbtest7 WHERE id BETWEEN 6873871 AND 6873880
	Index Scan using sbtest7_pkey on sbtest7  (cost=0.43..44.08 rows=10 width=121)
	  Index Cond: ((id >= 6873871) AND (id <= 6873880))

table 8 : explain SELECT c FROM sbtest8 WHERE id BETWEEN 1622663 AND 1622672
	Index Scan using sbtest8_pkey on sbtest8  (cost=0.43..43.94 rows=10 width=121)
	  Index Cond: ((id >= 1622663) AND (id <= 1622672))

for: sum_ranges
table 1 : explain SELECT SUM(k) FROM sbtest1 WHERE id BETWEEN 8996942 AND 8996951
	Aggregate  (cost=44.25..44.26 rows=1 width=8)
	  ->  Index Scan using sbtest1_pkey on sbtest1  (cost=0.43..44.22 rows=10 width=4)
	        Index Cond: ((id >= 8996942) AND (id <= 8996951))

table 2 : explain SELECT SUM(k) FROM sbtest2 WHERE id BETWEEN 2552468 AND 2552477
	Aggregate  (cost=44.19..44.20 rows=1 width=8)
	  ->  Index Scan using sbtest2_pkey on sbtest2  (cost=0.43..44.16 rows=10 width=4)
	        Index Cond: ((id >= 2552468) AND (id <= 2552477))

table 3 : explain SELECT SUM(k) FROM sbtest3 WHERE id BETWEEN 4628693 AND 4628702
	Aggregate  (cost=48.07..48.08 rows=1 width=8)
	  ->  Index Scan using sbtest3_pkey on sbtest3  (cost=0.43..48.04 rows=11 width=4)
	        Index Cond: ((id >= 4628693) AND (id <= 4628702))

table 4 : explain SELECT SUM(k) FROM sbtest4 WHERE id BETWEEN 3351194 AND 3351203
	Aggregate  (cost=44.08..44.09 rows=1 width=8)
	  ->  Index Scan using sbtest4_pkey on sbtest4  (cost=0.43..44.06 rows=10 width=4)
	        Index Cond: ((id >= 3351194) AND (id <= 3351203))

table 5 : explain SELECT SUM(k) FROM sbtest5 WHERE id BETWEEN 6531327 AND 6531336
	Aggregate  (cost=44.12..44.13 rows=1 width=8)
	  ->  Index Scan using sbtest5_pkey on sbtest5  (cost=0.43..44.10 rows=10 width=4)
	        Index Cond: ((id >= 6531327) AND (id <= 6531336))

table 6 : explain SELECT SUM(k) FROM sbtest6 WHERE id BETWEEN 7670657 AND 7670666
	Aggregate  (cost=44.07..44.08 rows=1 width=8)
	  ->  Index Scan using sbtest6_pkey on sbtest6  (cost=0.43..44.05 rows=10 width=4)
	        Index Cond: ((id >= 7670657) AND (id <= 7670666))

table 7 : explain SELECT SUM(k) FROM sbtest7 WHERE id BETWEEN 6123923 AND 6123932
	Aggregate  (cost=40.14..40.15 rows=1 width=8)
	  ->  Index Scan using sbtest7_pkey on sbtest7  (cost=0.43..40.12 rows=9 width=4)
	        Index Cond: ((id >= 6123923) AND (id <= 6123932))

table 8 : explain SELECT SUM(k) FROM sbtest8 WHERE id BETWEEN 7814577 AND 7814586
	Aggregate  (cost=43.97..43.98 rows=1 width=8)
	  ->  Index Scan using sbtest8_pkey on sbtest8  (cost=0.43..43.94 rows=10 width=4)
	        Index Cond: ((id >= 7814577) AND (id <= 7814586))

for: sum_ranges
table 1 : explain SELECT SUM(k) FROM sbtest1 WHERE id BETWEEN 9920031 AND 9920040
	Aggregate  (cost=44.25..44.26 rows=1 width=8)
	  ->  Index Scan using sbtest1_pkey on sbtest1  (cost=0.43..44.22 rows=10 width=4)
	        Index Cond: ((id >= 9920031) AND (id <= 9920040))

table 2 : explain SELECT SUM(k) FROM sbtest2 WHERE id BETWEEN 4043395 AND 4043404
	Aggregate  (cost=48.16..48.17 rows=1 width=8)
	  ->  Index Scan using sbtest2_pkey on sbtest2  (cost=0.43..48.13 rows=11 width=4)
	        Index Cond: ((id >= 4043395) AND (id <= 4043404))

table 3 : explain SELECT SUM(k) FROM sbtest3 WHERE id BETWEEN 1366368 AND 1366377
	Aggregate  (cost=44.11..44.12 rows=1 width=8)
	  ->  Index Scan using sbtest3_pkey on sbtest3  (cost=0.43..44.09 rows=10 width=4)
	        Index Cond: ((id >= 1366368) AND (id <= 1366377))

table 4 : explain SELECT SUM(k) FROM sbtest4 WHERE id BETWEEN 2171438 AND 2171447
	Aggregate  (cost=44.08..44.09 rows=1 width=8)
	  ->  Index Scan using sbtest4_pkey on sbtest4  (cost=0.43..44.06 rows=10 width=4)
	        Index Cond: ((id >= 2171438) AND (id <= 2171447))

table 5 : explain SELECT SUM(k) FROM sbtest5 WHERE id BETWEEN 4161189 AND 4161198
	Aggregate  (cost=44.12..44.13 rows=1 width=8)
	  ->  Index Scan using sbtest5_pkey on sbtest5  (cost=0.43..44.10 rows=10 width=4)
	        Index Cond: ((id >= 4161189) AND (id <= 4161198))

table 6 : explain SELECT SUM(k) FROM sbtest6 WHERE id BETWEEN 1330510 AND 1330519
	Aggregate  (cost=44.07..44.08 rows=1 width=8)
	  ->  Index Scan using sbtest6_pkey on sbtest6  (cost=0.43..44.05 rows=10 width=4)
	        Index Cond: ((id >= 1330510) AND (id <= 1330519))

table 7 : explain SELECT SUM(k) FROM sbtest7 WHERE id BETWEEN 7638032 AND 7638041
	Aggregate  (cost=44.10..44.11 rows=1 width=8)
	  ->  Index Scan using sbtest7_pkey on sbtest7  (cost=0.43..44.08 rows=10 width=4)
	        Index Cond: ((id >= 7638032) AND (id <= 7638041))

table 8 : explain SELECT SUM(k) FROM sbtest8 WHERE id BETWEEN 1541666 AND 1541675
	Aggregate  (cost=43.97..43.98 rows=1 width=8)
	  ->  Index Scan using sbtest8_pkey on sbtest8  (cost=0.43..43.94 rows=10 width=4)
	        Index Cond: ((id >= 1541666) AND (id <= 1541675))

for: sum_ranges
table 1 : explain SELECT SUM(k) FROM sbtest1 WHERE id BETWEEN 6095981 AND 6095990
	Aggregate  (cost=44.25..44.26 rows=1 width=8)
	  ->  Index Scan using sbtest1_pkey on sbtest1  (cost=0.43..44.22 rows=10 width=4)
	        Index Cond: ((id >= 6095981) AND (id <= 6095990))

table 2 : explain SELECT SUM(k) FROM sbtest2 WHERE id BETWEEN 6879064 AND 6879073
	Aggregate  (cost=44.19..44.20 rows=1 width=8)
	  ->  Index Scan using sbtest2_pkey on sbtest2  (cost=0.43..44.16 rows=10 width=4)
	        Index Cond: ((id >= 6879064) AND (id <= 6879073))

table 3 : explain SELECT SUM(k) FROM sbtest3 WHERE id BETWEEN 7153909 AND 7153918
	Aggregate  (cost=44.11..44.12 rows=1 width=8)
	  ->  Index Scan using sbtest3_pkey on sbtest3  (cost=0.43..44.09 rows=10 width=4)
	        Index Cond: ((id >= 7153909) AND (id <= 7153918))

table 4 : explain SELECT SUM(k) FROM sbtest4 WHERE id BETWEEN 9496447 AND 9496456
	Aggregate  (cost=44.08..44.09 rows=1 width=8)
	  ->  Index Scan using sbtest4_pkey on sbtest4  (cost=0.43..44.06 rows=10 width=4)
	        Index Cond: ((id >= 9496447) AND (id <= 9496456))

table 5 : explain SELECT SUM(k) FROM sbtest5 WHERE id BETWEEN 2964143 AND 2964152
	Aggregate  (cost=44.12..44.13 rows=1 width=8)
	  ->  Index Scan using sbtest5_pkey on sbtest5  (cost=0.43..44.10 rows=10 width=4)
	        Index Cond: ((id >= 2964143) AND (id <= 2964152))

table 6 : explain SELECT SUM(k) FROM sbtest6 WHERE id BETWEEN 3669931 AND 3669940
	Aggregate  (cost=40.12..40.13 rows=1 width=8)
	  ->  Index Scan using sbtest6_pkey on sbtest6  (cost=0.43..40.09 rows=9 width=4)
	        Index Cond: ((id >= 3669931) AND (id <= 3669940))

table 7 : explain SELECT SUM(k) FROM sbtest7 WHERE id BETWEEN 9033467 AND 9033476
	Aggregate  (cost=48.06..48.07 rows=1 width=8)
	  ->  Index Scan using sbtest7_pkey on sbtest7  (cost=0.43..48.04 rows=11 width=4)
	        Index Cond: ((id >= 9033467) AND (id <= 9033476))

table 8 : explain SELECT SUM(k) FROM sbtest8 WHERE id BETWEEN 5892096 AND 5892105
	Aggregate  (cost=43.97..43.98 rows=1 width=8)
	  ->  Index Scan using sbtest8_pkey on sbtest8  (cost=0.43..43.94 rows=10 width=4)
	        Index Cond: ((id >= 5892096) AND (id <= 5892105))

for: order_ranges
table 1 : explain SELECT c FROM sbtest1 WHERE id BETWEEN 1950553 AND 1950562 ORDER BY c
	Sort  (cost=44.39..44.41 rows=10 width=121)
	  Sort Key: c
	  ->  Index Scan using sbtest1_pkey on sbtest1  (cost=0.43..44.22 rows=10 width=121)
	        Index Cond: ((id >= 1950553) AND (id <= 1950562))

table 2 : explain SELECT c FROM sbtest2 WHERE id BETWEEN 2351230 AND 2351239 ORDER BY c
	Sort  (cost=44.33..44.35 rows=10 width=121)
	  Sort Key: c
	  ->  Index Scan using sbtest2_pkey on sbtest2  (cost=0.43..44.16 rows=10 width=121)
	        Index Cond: ((id >= 2351230) AND (id <= 2351239))

table 3 : explain SELECT c FROM sbtest3 WHERE id BETWEEN 760081 AND 760090 ORDER BY c
	Sort  (cost=44.25..44.28 rows=10 width=121)
	  Sort Key: c
	  ->  Index Scan using sbtest3_pkey on sbtest3  (cost=0.43..44.09 rows=10 width=121)
	        Index Cond: ((id >= 760081) AND (id <= 760090))

table 4 : explain SELECT c FROM sbtest4 WHERE id BETWEEN 5032654 AND 5032663 ORDER BY c
	Sort  (cost=48.20..48.23 rows=11 width=121)
	  Sort Key: c
	  ->  Index Scan using sbtest4_pkey on sbtest4  (cost=0.43..48.01 rows=11 width=121)
	        Index Cond: ((id >= 5032654) AND (id <= 5032663))

table 5 : explain SELECT c FROM sbtest5 WHERE id BETWEEN 9825098 AND 9825107 ORDER BY c
	Sort  (cost=48.25..48.28 rows=11 width=121)
	  Sort Key: c
	  ->  Index Scan using sbtest5_pkey on sbtest5  (cost=0.43..48.06 rows=11 width=121)
	        Index Cond: ((id >= 9825098) AND (id <= 9825107))

table 6 : explain SELECT c FROM sbtest6 WHERE id BETWEEN 5906757 AND 5906766 ORDER BY c
	Sort  (cost=48.19..48.22 rows=11 width=121)
	  Sort Key: c
	  ->  Index Scan using sbtest6_pkey on sbtest6  (cost=0.43..48.00 rows=11 width=121)
	        Index Cond: ((id >= 5906757) AND (id <= 5906766))

table 7 : explain SELECT c FROM sbtest7 WHERE id BETWEEN 6717504 AND 6717513 ORDER BY c
	Sort  (cost=52.21..52.24 rows=12 width=121)
	  Sort Key: c
	  ->  Index Scan using sbtest7_pkey on sbtest7  (cost=0.43..51.99 rows=12 width=121)
	        Index Cond: ((id >= 6717504) AND (id <= 6717513))

table 8 : explain SELECT c FROM sbtest8 WHERE id BETWEEN 9950906 AND 9950915 ORDER BY c
	Sort  (cost=44.11..44.13 rows=10 width=121)
	  Sort Key: c
	  ->  Index Scan using sbtest8_pkey on sbtest8  (cost=0.43..43.94 rows=10 width=121)
	        Index Cond: ((id >= 9950906) AND (id <= 9950915))

for: distinct_ranges
table 1 : explain SELECT DISTINCT c FROM sbtest1 WHERE id BETWEEN 5871040 AND 5871049 ORDER BY c
	Unique  (cost=48.39..48.44 rows=11 width=121)
	  ->  Sort  (cost=48.39..48.41 rows=11 width=121)
	        Sort Key: c
	        ->  Index Scan using sbtest1_pkey on sbtest1  (cost=0.43..48.20 rows=11 width=121)
	              Index Cond: ((id >= 5871040) AND (id <= 5871049))

table 2 : explain SELECT DISTINCT c FROM sbtest2 WHERE id BETWEEN 4298479 AND 4298488 ORDER BY c
	Unique  (cost=40.34..40.38 rows=9 width=121)
	  ->  Sort  (cost=40.34..40.36 rows=9 width=121)
	        Sort Key: c
	        ->  Index Scan using sbtest2_pkey on sbtest2  (cost=0.43..40.19 rows=9 width=121)
	              Index Cond: ((id >= 4298479) AND (id <= 4298488))

table 3 : explain SELECT DISTINCT c FROM sbtest3 WHERE id BETWEEN 5368592 AND 5368601 ORDER BY c
	Unique  (cost=40.27..40.31 rows=9 width=121)
	  ->  Sort  (cost=40.27..40.29 rows=9 width=121)
	        Sort Key: c
	        ->  Index Scan using sbtest3_pkey on sbtest3  (cost=0.43..40.13 rows=9 width=121)
	              Index Cond: ((id >= 5368592) AND (id <= 5368601))

table 4 : explain SELECT DISTINCT c FROM sbtest4 WHERE id BETWEEN 5109456 AND 5109465 ORDER BY c
	Unique  (cost=44.22..44.27 rows=10 width=121)
	  ->  Sort  (cost=44.22..44.25 rows=10 width=121)
	        Sort Key: c
	        ->  Index Scan using sbtest4_pkey on sbtest4  (cost=0.43..44.06 rows=10 width=121)
	              Index Cond: ((id >= 5109456) AND (id <= 5109465))

table 5 : explain SELECT DISTINCT c FROM sbtest5 WHERE id BETWEEN 5563016 AND 5563025 ORDER BY c
	Unique  (cost=44.27..44.32 rows=10 width=121)
	  ->  Sort  (cost=44.27..44.29 rows=10 width=121)
	        Sort Key: c
	        ->  Index Scan using sbtest5_pkey on sbtest5  (cost=0.43..44.10 rows=10 width=121)
	              Index Cond: ((id >= 5563016) AND (id <= 5563025))

table 6 : explain SELECT DISTINCT c FROM sbtest6 WHERE id BETWEEN 6920010 AND 6920019 ORDER BY c
	Unique  (cost=44.21..44.26 rows=10 width=121)
	  ->  Sort  (cost=44.21..44.24 rows=10 width=121)
	        Sort Key: c
	        ->  Index Scan using sbtest6_pkey on sbtest6  (cost=0.43..44.05 rows=10 width=121)
	              Index Cond: ((id >= 6920010) AND (id <= 6920019))

table 7 : explain SELECT DISTINCT c FROM sbtest7 WHERE id BETWEEN 4972673 AND 4972682 ORDER BY c
	Unique  (cost=48.23..48.28 rows=11 width=121)
	  ->  Sort  (cost=48.23..48.25 rows=11 width=121)
	        Sort Key: c
	        ->  Index Scan using sbtest7_pkey on sbtest7  (cost=0.43..48.04 rows=11 width=121)
	              Index Cond: ((id >= 4972673) AND (id <= 4972682))

table 8 : explain SELECT DISTINCT c FROM sbtest8 WHERE id BETWEEN 9932157 AND 9932166 ORDER BY c
	Unique  (cost=44.11..44.16 rows=10 width=121)
	  ->  Sort  (cost=44.11..44.13 rows=10 width=121)
	        Sort Key: c
	        ->  Index Scan using sbtest8_pkey on sbtest8  (cost=0.43..43.94 rows=10 width=121)
	              Index Cond: ((id >= 9932157) AND (id <= 9932166))

for: distinct_ranges
table 1 : explain SELECT DISTINCT c FROM sbtest1 WHERE id BETWEEN 8266847 AND 8266856 ORDER BY c
	Unique  (cost=44.39..44.44 rows=10 width=121)
	  ->  Sort  (cost=44.39..44.41 rows=10 width=121)
	        Sort Key: c
	        ->  Index Scan using sbtest1_pkey on sbtest1  (cost=0.43..44.22 rows=10 width=121)
	              Index Cond: ((id >= 8266847) AND (id <= 8266856))

table 2 : explain SELECT DISTINCT c FROM sbtest2 WHERE id BETWEEN 7598371 AND 7598380 ORDER BY c
	Unique  (cost=48.32..48.37 rows=11 width=121)
	  ->  Sort  (cost=48.32..48.35 rows=11 width=121)
	        Sort Key: c
	        ->  Index Scan using sbtest2_pkey on sbtest2  (cost=0.43..48.13 rows=11 width=121)
	              Index Cond: ((id >= 7598371) AND (id <= 7598380))

table 3 : explain SELECT DISTINCT c FROM sbtest3 WHERE id BETWEEN 5687927 AND 5687936 ORDER BY c
	Unique  (cost=48.24..48.29 rows=11 width=121)
	  ->  Sort  (cost=48.24..48.26 rows=11 width=121)
	        Sort Key: c
	        ->  Index Scan using sbtest3_pkey on sbtest3  (cost=0.43..48.04 rows=11 width=121)
	              Index Cond: ((id >= 5687927) AND (id <= 5687936))

table 4 : explain SELECT DISTINCT c FROM sbtest4 WHERE id BETWEEN 5678213 AND 5678222 ORDER BY c
	Unique  (cost=48.20..48.26 rows=11 width=121)
	  ->  Sort  (cost=48.20..48.23 rows=11 width=121)
	        Sort Key: c
	        ->  Index Scan using sbtest4_pkey on sbtest4  (cost=0.43..48.01 rows=11 width=121)
	              Index Cond: ((id >= 5678213) AND (id <= 5678222))

table 5 : explain SELECT DISTINCT c FROM sbtest5 WHERE id BETWEEN 7538108 AND 7538117 ORDER BY c
	Unique  (cost=44.27..44.32 rows=10 width=121)
	  ->  Sort  (cost=44.27..44.29 rows=10 width=121)
	        Sort Key: c
	        ->  Index Scan using sbtest5_pkey on sbtest5  (cost=0.43..44.10 rows=10 width=121)
	              Index Cond: ((id >= 7538108) AND (id <= 7538117))

table 6 : explain SELECT DISTINCT c FROM sbtest6 WHERE id BETWEEN 710127 AND 710136 ORDER BY c
	Unique  (cost=40.24..40.28 rows=9 width=121)
	  ->  Sort  (cost=40.24..40.26 rows=9 width=121)
	        Sort Key: c
	        ->  Index Scan using sbtest6_pkey on sbtest6  (cost=0.43..40.09 rows=9 width=121)
	              Index Cond: ((id >= 710127) AND (id <= 710136))

table 7 : explain SELECT DISTINCT c FROM sbtest7 WHERE id BETWEEN 7702045 AND 7702054 ORDER BY c
	Unique  (cost=44.24..44.29 rows=10 width=121)
	  ->  Sort  (cost=44.24..44.27 rows=10 width=121)
	        Sort Key: c
	        ->  Index Scan using sbtest7_pkey on sbtest7  (cost=0.43..44.08 rows=10 width=121)
	              Index Cond: ((id >= 7702045) AND (id <= 7702054))

table 8 : explain SELECT DISTINCT c FROM sbtest8 WHERE id BETWEEN 405683 AND 405692 ORDER BY c
	Unique  (cost=40.14..40.19 rows=9 width=121)
	  ->  Sort  (cost=40.14..40.16 rows=9 width=121)
	        Sort Key: c
	        ->  Index Scan using sbtest8_pkey on sbtest8  (cost=0.43..40.00 rows=9 width=121)
	              Index Cond: ((id >= 405683) AND (id <= 405692))

for: distinct_ranges
table 1 : explain SELECT DISTINCT c FROM sbtest1 WHERE id BETWEEN 9097980 AND 9097989 ORDER BY c
	Unique  (cost=48.39..48.44 rows=11 width=121)
	  ->  Sort  (cost=48.39..48.41 rows=11 width=121)
	        Sort Key: c
	        ->  Index Scan using sbtest1_pkey on sbtest1  (cost=0.43..48.20 rows=11 width=121)
	              Index Cond: ((id >= 9097980) AND (id <= 9097989))

table 2 : explain SELECT DISTINCT c FROM sbtest2 WHERE id BETWEEN 7001887 AND 7001896 ORDER BY c
	Unique  (cost=44.33..44.38 rows=10 width=121)
	  ->  Sort  (cost=44.33..44.35 rows=10 width=121)
	        Sort Key: c
	        ->  Index Scan using sbtest2_pkey on sbtest2  (cost=0.43..44.16 rows=10 width=121)
	              Index Cond: ((id >= 7001887) AND (id <= 7001896))

table 3 : explain SELECT DISTINCT c FROM sbtest3 WHERE id BETWEEN 5520404 AND 5520413 ORDER BY c
	Unique  (cost=44.25..44.30 rows=10 width=121)
	  ->  Sort  (cost=44.25..44.28 rows=10 width=121)
	        Sort Key: c
	        ->  Index Scan using sbtest3_pkey on sbtest3  (cost=0.43..44.09 rows=10 width=121)
	              Index Cond: ((id >= 5520404) AND (id <= 5520413))

table 4 : explain SELECT DISTINCT c FROM sbtest4 WHERE id BETWEEN 2233327 AND 2233336 ORDER BY c
	Unique  (cost=48.20..48.26 rows=11 width=121)
	  ->  Sort  (cost=48.20..48.23 rows=11 width=121)
	        Sort Key: c
	        ->  Index Scan using sbtest4_pkey on sbtest4  (cost=0.43..48.01 rows=11 width=121)
	              Index Cond: ((id >= 2233327) AND (id <= 2233336))

table 5 : explain SELECT DISTINCT c FROM sbtest5 WHERE id BETWEEN 7547499 AND 7547508 ORDER BY c
	Unique  (cost=44.27..44.32 rows=10 width=121)
	  ->  Sort  (cost=44.27..44.29 rows=10 width=121)
	        Sort Key: c
	        ->  Index Scan using sbtest5_pkey on sbtest5  (cost=0.43..44.10 rows=10 width=121)
	              Index Cond: ((id >= 7547499) AND (id <= 7547508))

table 6 : explain SELECT DISTINCT c FROM sbtest6 WHERE id BETWEEN 7524415 AND 7524424 ORDER BY c
	Unique  (cost=44.21..44.26 rows=10 width=121)
	  ->  Sort  (cost=44.21..44.24 rows=10 width=121)
	        Sort Key: c
	        ->  Index Scan using sbtest6_pkey on sbtest6  (cost=0.43..44.05 rows=10 width=121)
	              Index Cond: ((id >= 7524415) AND (id <= 7524424))

table 7 : explain SELECT DISTINCT c FROM sbtest7 WHERE id BETWEEN 8039171 AND 8039180 ORDER BY c
	Unique  (cost=44.24..44.29 rows=10 width=121)
	  ->  Sort  (cost=44.24..44.27 rows=10 width=121)
	        Sort Key: c
	        ->  Index Scan using sbtest7_pkey on sbtest7  (cost=0.43..44.08 rows=10 width=121)
	              Index Cond: ((id >= 8039171) AND (id <= 8039180))

table 8 : explain SELECT DISTINCT c FROM sbtest8 WHERE id BETWEEN 6127786 AND 6127795 ORDER BY c
	Unique  (cost=40.14..40.19 rows=9 width=121)
	  ->  Sort  (cost=40.14..40.16 rows=9 width=121)
	        Sort Key: c
	        ->  Index Scan using sbtest8_pkey on sbtest8  (cost=0.43..40.00 rows=9 width=121)
	              Index Cond: ((id >= 6127786) AND (id <= 6127795))

for: order_ranges
table 1 : explain SELECT c FROM sbtest1 WHERE id BETWEEN 4914404 AND 4914413 ORDER BY c
	Sort  (cost=40.39..40.41 rows=9 width=121)
	  Sort Key: c
	  ->  Index Scan using sbtest1_pkey on sbtest1  (cost=0.43..40.25 rows=9 width=121)
	        Index Cond: ((id >= 4914404) AND (id <= 4914413))

table 2 : explain SELECT c FROM sbtest2 WHERE id BETWEEN 6533195 AND 6533204 ORDER BY c
	Sort  (cost=40.34..40.36 rows=9 width=121)
	  Sort Key: c
	  ->  Index Scan using sbtest2_pkey on sbtest2  (cost=0.43..40.19 rows=9 width=121)
	        Index Cond: ((id >= 6533195) AND (id <= 6533204))

table 3 : explain SELECT c FROM sbtest3 WHERE id BETWEEN 9577443 AND 9577452 ORDER BY c
	Sort  (cost=44.25..44.28 rows=10 width=121)
	  Sort Key: c
	  ->  Index Scan using sbtest3_pkey on sbtest3  (cost=0.43..44.09 rows=10 width=121)
	        Index Cond: ((id >= 9577443) AND (id <= 9577452))

table 4 : explain SELECT c FROM sbtest4 WHERE id BETWEEN 4192609 AND 4192618 ORDER BY c
	Sort  (cost=44.22..44.25 rows=10 width=121)
	  Sort Key: c
	  ->  Index Scan using sbtest4_pkey on sbtest4  (cost=0.43..44.06 rows=10 width=121)
	        Index Cond: ((id >= 4192609) AND (id <= 4192618))

table 5 : explain SELECT c FROM sbtest5 WHERE id BETWEEN 6971677 AND 6971686 ORDER BY c
	Sort  (cost=44.27..44.29 rows=10 width=121)
	  Sort Key: c
	  ->  Index Scan using sbtest5_pkey on sbtest5  (cost=0.43..44.10 rows=10 width=121)
	        Index Cond: ((id >= 6971677) AND (id <= 6971686))

table 6 : explain SELECT c FROM sbtest6 WHERE id BETWEEN 4618828 AND 4618837 ORDER BY c
	Sort  (cost=44.21..44.24 rows=10 width=121)
	  Sort Key: c
	  ->  Index Scan using sbtest6_pkey on sbtest6  (cost=0.43..44.05 rows=10 width=121)
	        Index Cond: ((id >= 4618828) AND (id <= 4618837))

table 7 : explain SELECT c FROM sbtest7 WHERE id BETWEEN 8321221 AND 8321230 ORDER BY c
	Sort  (cost=48.23..48.25 rows=11 width=121)
	  Sort Key: c
	  ->  Index Scan using sbtest7_pkey on sbtest7  (cost=0.43..48.04 rows=11 width=121)
	        Index Cond: ((id >= 8321221) AND (id <= 8321230))

table 8 : explain SELECT c FROM sbtest8 WHERE id BETWEEN 6595229 AND 6595238 ORDER BY c
	Sort  (cost=44.11..44.13 rows=10 width=121)
	  Sort Key: c
	  ->  Index Scan using sbtest8_pkey on sbtest8  (cost=0.43..43.94 rows=10 width=121)
	        Index Cond: ((id >= 6595229) AND (id <= 6595238))

for: order_ranges
table 1 : explain SELECT c FROM sbtest1 WHERE id BETWEEN 1547035 AND 1547044 ORDER BY c
	Sort  (cost=44.39..44.41 rows=10 width=121)
	  Sort Key: c
	  ->  Index Scan using sbtest1_pkey on sbtest1  (cost=0.43..44.22 rows=10 width=121)
	        Index Cond: ((id >= 1547035) AND (id <= 1547044))

table 2 : explain SELECT c FROM sbtest2 WHERE id BETWEEN 4976191 AND 4976200 ORDER BY c
	Sort  (cost=44.33..44.35 rows=10 width=121)
	  Sort Key: c
	  ->  Index Scan using sbtest2_pkey on sbtest2  (cost=0.43..44.16 rows=10 width=121)
	        Index Cond: ((id >= 4976191) AND (id <= 4976200))

table 3 : explain SELECT c FROM sbtest3 WHERE id BETWEEN 7586029 AND 7586038 ORDER BY c
	Sort  (cost=44.25..44.28 rows=10 width=121)
	  Sort Key: c
	  ->  Index Scan using sbtest3_pkey on sbtest3  (cost=0.43..44.09 rows=10 width=121)
	        Index Cond: ((id >= 7586029) AND (id <= 7586038))

table 4 : explain SELECT c FROM sbtest4 WHERE id BETWEEN 3475010 AND 3475019 ORDER BY c
	Sort  (cost=44.22..44.25 rows=10 width=121)
	  Sort Key: c
	  ->  Index Scan using sbtest4_pkey on sbtest4  (cost=0.43..44.06 rows=10 width=121)
	        Index Cond: ((id >= 3475010) AND (id <= 3475019))

table 5 : explain SELECT c FROM sbtest5 WHERE id BETWEEN 6388876 AND 6388885 ORDER BY c
	Sort  (cost=44.27..44.29 rows=10 width=121)
	  Sort Key: c
	  ->  Index Scan using sbtest5_pkey on sbtest5  (cost=0.43..44.10 rows=10 width=121)
	        Index Cond: ((id >= 6388876) AND (id <= 6388885))

table 6 : explain SELECT c FROM sbtest6 WHERE id BETWEEN 7720111 AND 7720120 ORDER BY c
	Sort  (cost=44.21..44.24 rows=10 width=121)
	  Sort Key: c
	  ->  Index Scan using sbtest6_pkey on sbtest6  (cost=0.43..44.05 rows=10 width=121)
	        Index Cond: ((id >= 7720111) AND (id <= 7720120))

table 7 : explain SELECT c FROM sbtest7 WHERE id BETWEEN 2315681 AND 2315690 ORDER BY c
	Sort  (cost=40.26..40.28 rows=9 width=121)
	  Sort Key: c
	  ->  Index Scan using sbtest7_pkey on sbtest7  (cost=0.43..40.12 rows=9 width=121)
	        Index Cond: ((id >= 2315681) AND (id <= 2315690))

table 8 : explain SELECT c FROM sbtest8 WHERE id BETWEEN 3632889 AND 3632898 ORDER BY c
	Sort  (cost=44.11..44.13 rows=10 width=121)
	  Sort Key: c
	  ->  Index Scan using sbtest8_pkey on sbtest8  (cost=0.43..43.94 rows=10 width=121)
	        Index Cond: ((id >= 3632889) AND (id <= 3632898))
for: sum_ranges
table 1 : explain SELECT SUM(k) FROM sbtest1 WHERE id BETWEEN 8916613 AND 8916622
	Aggregate  (cost=44.25..44.26 rows=1 width=8)
	  ->  Index Scan using sbtest1_pkey on sbtest1  (cost=0.43..44.22 rows=10 width=4)
	        Index Cond: ((id >= 8916613) AND (id <= 8916622))

table 2 : explain SELECT SUM(k) FROM sbtest2 WHERE id BETWEEN 291279 AND 291288
	Aggregate  (cost=48.16..48.17 rows=1 width=8)
	  ->  Index Scan using sbtest2_pkey on sbtest2  (cost=0.43..48.13 rows=11 width=4)
	        Index Cond: ((id >= 291279) AND (id <= 291288))

table 3 : explain SELECT SUM(k) FROM sbtest3 WHERE id BETWEEN 6558198 AND 6558207
	Aggregate  (cost=44.11..44.12 rows=1 width=8)
	  ->  Index Scan using sbtest3_pkey on sbtest3  (cost=0.43..44.09 rows=10 width=4)
	        Index Cond: ((id >= 6558198) AND (id <= 6558207))

table 4 : explain SELECT SUM(k) FROM sbtest4 WHERE id BETWEEN 4825647 AND 4825656
	Aggregate  (cost=44.08..44.09 rows=1 width=8)
	  ->  Index Scan using sbtest4_pkey on sbtest4  (cost=0.43..44.06 rows=10 width=4)
	        Index Cond: ((id >= 4825647) AND (id <= 4825656))

table 5 : explain SELECT SUM(k) FROM sbtest5 WHERE id BETWEEN 5014515 AND 5014524
	Aggregate  (cost=44.12..44.13 rows=1 width=8)
	  ->  Index Scan using sbtest5_pkey on sbtest5  (cost=0.43..44.10 rows=10 width=4)
	        Index Cond: ((id >= 5014515) AND (id <= 5014524))

table 6 : explain SELECT SUM(k) FROM sbtest6 WHERE id BETWEEN 558350 AND 558359
	Aggregate  (cost=40.12..40.13 rows=1 width=8)
	  ->  Index Scan using sbtest6_pkey on sbtest6  (cost=0.43..40.09 rows=9 width=4)
	        Index Cond: ((id >= 558350) AND (id <= 558359))

table 7 : explain SELECT SUM(k) FROM sbtest7 WHERE id BETWEEN 2392175 AND 2392184
	Aggregate  (cost=44.10..44.11 rows=1 width=8)
	  ->  Index Scan using sbtest7_pkey on sbtest7  (cost=0.43..44.08 rows=10 width=4)
	        Index Cond: ((id >= 2392175) AND (id <= 2392184))

table 8 : explain SELECT SUM(k) FROM sbtest8 WHERE id BETWEEN 5203625 AND 5203634
	Aggregate  (cost=40.02..40.03 rows=1 width=8)
	  ->  Index Scan using sbtest8_pkey on sbtest8  (cost=0.43..40.00 rows=9 width=4)
	        Index Cond: ((id >= 5203625) AND (id <= 5203634))
for: distinct_ranges
table 1 : explain SELECT DISTINCT c FROM sbtest1 WHERE id BETWEEN 7707666 AND 7707675 ORDER BY c
	Unique  (cost=44.39..44.44 rows=10 width=121)
	  ->  Sort  (cost=44.39..44.41 rows=10 width=121)
	        Sort Key: c
	        ->  Index Scan using sbtest1_pkey on sbtest1  (cost=0.43..44.22 rows=10 width=121)
	              Index Cond: ((id >= 7707666) AND (id <= 7707675))

table 2 : explain SELECT DISTINCT c FROM sbtest2 WHERE id BETWEEN 3894954 AND 3894963 ORDER BY c
	Unique  (cost=48.32..48.37 rows=11 width=121)
	  ->  Sort  (cost=48.32..48.35 rows=11 width=121)
	        Sort Key: c
	        ->  Index Scan using sbtest2_pkey on sbtest2  (cost=0.43..48.13 rows=11 width=121)
	              Index Cond: ((id >= 3894954) AND (id <= 3894963))

table 3 : explain SELECT DISTINCT c FROM sbtest3 WHERE id BETWEEN 9663463 AND 9663472 ORDER BY c
	Unique  (cost=44.25..44.30 rows=10 width=121)
	  ->  Sort  (cost=44.25..44.28 rows=10 width=121)
	        Sort Key: c
	        ->  Index Scan using sbtest3_pkey on sbtest3  (cost=0.43..44.09 rows=10 width=121)
	              Index Cond: ((id >= 9663463) AND (id <= 9663472))

table 4 : explain SELECT DISTINCT c FROM sbtest4 WHERE id BETWEEN 2875470 AND 2875479 ORDER BY c
	Unique  (cost=44.22..44.27 rows=10 width=121)
	  ->  Sort  (cost=44.22..44.25 rows=10 width=121)
	        Sort Key: c
	        ->  Index Scan using sbtest4_pkey on sbtest4  (cost=0.43..44.06 rows=10 width=121)
	              Index Cond: ((id >= 2875470) AND (id <= 2875479))

table 5 : explain SELECT DISTINCT c FROM sbtest5 WHERE id BETWEEN 3473832 AND 3473841 ORDER BY c
	Unique  (cost=40.28..40.33 rows=9 width=121)
	  ->  Sort  (cost=40.28..40.30 rows=9 width=121)
	        Sort Key: c
	        ->  Index Scan using sbtest5_pkey on sbtest5  (cost=0.43..40.14 rows=9 width=121)
	              Index Cond: ((id >= 3473832) AND (id <= 3473841))

table 6 : explain SELECT DISTINCT c FROM sbtest6 WHERE id BETWEEN 5605910 AND 5605919 ORDER BY c
	Unique  (cost=44.21..44.26 rows=10 width=121)
	  ->  Sort  (cost=44.21..44.24 rows=10 width=121)
	        Sort Key: c
	        ->  Index Scan using sbtest6_pkey on sbtest6  (cost=0.43..44.05 rows=10 width=121)
	              Index Cond: ((id >= 5605910) AND (id <= 5605919))

table 7 : explain SELECT DISTINCT c FROM sbtest7 WHERE id BETWEEN 9618214 AND 9618223 ORDER BY c
	Unique  (cost=48.23..48.28 rows=11 width=121)
	  ->  Sort  (cost=48.23..48.25 rows=11 width=121)
	        Sort Key: c
	        ->  Index Scan using sbtest7_pkey on sbtest7  (cost=0.43..48.04 rows=11 width=121)
	              Index Cond: ((id >= 9618214) AND (id <= 9618223))

table 8 : explain SELECT DISTINCT c FROM sbtest8 WHERE id BETWEEN 9907476 AND 9907485 ORDER BY c
	Unique  (cost=44.11..44.16 rows=10 width=121)
	  ->  Sort  (cost=44.11..44.13 rows=10 width=121)
	        Sort Key: c
	        ->  Index Scan using sbtest8_pkey on sbtest8  (cost=0.43..43.94 rows=10 width=121)
	              Index Cond: ((id >= 9907476) AND (id <= 9907485))



for: sum_ranges
table 1 : explain SELECT SUM(k) FROM sbtest1 WHERE id BETWEEN 2963738 AND 2963747
	Aggregate  (cost=48.22..48.23 rows=1 width=8)
	  ->  Index Scan using sbtest1_pkey on sbtest1  (cost=0.43..48.20 rows=11 width=4)
	        Index Cond: ((id >= 2963738) AND (id <= 2963747))

table 2 : explain SELECT SUM(k) FROM sbtest2 WHERE id BETWEEN 3132288 AND 3132297
	Aggregate  (cost=44.19..44.20 rows=1 width=8)
	  ->  Index Scan using sbtest2_pkey on sbtest2  (cost=0.43..44.16 rows=10 width=4)
	        Index Cond: ((id >= 3132288) AND (id <= 3132297))

table 3 : explain SELECT SUM(k) FROM sbtest3 WHERE id BETWEEN 9833944 AND 9833953
	Aggregate  (cost=48.07..48.08 rows=1 width=8)
	  ->  Index Scan using sbtest3_pkey on sbtest3  (cost=0.43..48.04 rows=11 width=4)
	        Index Cond: ((id >= 9833944) AND (id <= 9833953))

table 4 : explain SELECT SUM(k) FROM sbtest4 WHERE id BETWEEN 2855560 AND 2855569
	Aggregate  (cost=44.08..44.09 rows=1 width=8)
	  ->  Index Scan using sbtest4_pkey on sbtest4  (cost=0.43..44.06 rows=10 width=4)
	        Index Cond: ((id >= 2855560) AND (id <= 2855569))

table 5 : explain SELECT SUM(k) FROM sbtest5 WHERE id BETWEEN 8953207 AND 8953216
	Aggregate  (cost=44.12..44.13 rows=1 width=8)
	  ->  Index Scan using sbtest5_pkey on sbtest5  (cost=0.43..44.10 rows=10 width=4)
	        Index Cond: ((id >= 8953207) AND (id <= 8953216))

table 6 : explain SELECT SUM(k) FROM sbtest6 WHERE id BETWEEN 6145646 AND 6145655
	Aggregate  (cost=48.03..48.04 rows=1 width=8)
	  ->  Index Scan using sbtest6_pkey on sbtest6  (cost=0.43..48.00 rows=11 width=4)
	        Index Cond: ((id >= 6145646) AND (id <= 6145655))

table 7 : explain SELECT SUM(k) FROM sbtest7 WHERE id BETWEEN 7152367 AND 7152376
	Aggregate  (cost=44.10..44.11 rows=1 width=8)
	  ->  Index Scan using sbtest7_pkey on sbtest7  (cost=0.43..44.08 rows=10 width=4)
	        Index Cond: ((id >= 7152367) AND (id <= 7152376))

table 8 : explain SELECT SUM(k) FROM sbtest8 WHERE id BETWEEN 7909521 AND 7909530
	Aggregate  (cost=47.91..47.92 rows=1 width=8)
	  ->  Index Scan using sbtest8_pkey on sbtest8  (cost=0.43..47.89 rows=11 width=4)
	        Index Cond: ((id >= 7909521) AND (id <= 7909530))

for: order_ranges
table 1 : explain SELECT c FROM sbtest1 WHERE id BETWEEN 3545642 AND 3545651 ORDER BY c
	Sort  (cost=44.39..44.41 rows=10 width=121)
	  Sort Key: c
	  ->  Index Scan using sbtest1_pkey on sbtest1  (cost=0.43..44.22 rows=10 width=121)
	        Index Cond: ((id >= 3545642) AND (id <= 3545651))

table 2 : explain SELECT c FROM sbtest2 WHERE id BETWEEN 4187793 AND 4187802 ORDER BY c
	Sort  (cost=44.33..44.35 rows=10 width=121)
	  Sort Key: c
	  ->  Index Scan using sbtest2_pkey on sbtest2  (cost=0.43..44.16 rows=10 width=121)
	        Index Cond: ((id >= 4187793) AND (id <= 4187802))

table 3 : explain SELECT c FROM sbtest3 WHERE id BETWEEN 8994363 AND 8994372 ORDER BY c
	Sort  (cost=40.27..40.29 rows=9 width=121)
	  Sort Key: c
	  ->  Index Scan using sbtest3_pkey on sbtest3  (cost=0.43..40.13 rows=9 width=121)
	        Index Cond: ((id >= 8994363) AND (id <= 8994372))

table 4 : explain SELECT c FROM sbtest4 WHERE id BETWEEN 6594594 AND 6594603 ORDER BY c
	Sort  (cost=48.20..48.23 rows=11 width=121)
	  Sort Key: c
	  ->  Index Scan using sbtest4_pkey on sbtest4  (cost=0.43..48.01 rows=11 width=121)
	        Index Cond: ((id >= 6594594) AND (id <= 6594603))

table 5 : explain SELECT c FROM sbtest5 WHERE id BETWEEN 9128125 AND 9128134 ORDER BY c
	Sort  (cost=44.27..44.29 rows=10 width=121)
	  Sort Key: c
	  ->  Index Scan using sbtest5_pkey on sbtest5  (cost=0.43..44.10 rows=10 width=121)
	        Index Cond: ((id >= 9128125) AND (id <= 9128134))

table 6 : explain SELECT c FROM sbtest6 WHERE id BETWEEN 1163332 AND 1163341 ORDER BY c
	Sort  (cost=40.24..40.26 rows=9 width=121)
	  Sort Key: c
	  ->  Index Scan using sbtest6_pkey on sbtest6  (cost=0.43..40.09 rows=9 width=121)
	        Index Cond: ((id >= 1163332) AND (id <= 1163341))

table 7 : explain SELECT c FROM sbtest7 WHERE id BETWEEN 2609959 AND 2609968 ORDER BY c
	Sort  (cost=44.24..44.27 rows=10 width=121)
	  Sort Key: c
	  ->  Index Scan using sbtest7_pkey on sbtest7  (cost=0.43..44.08 rows=10 width=121)
	        Index Cond: ((id >= 2609959) AND (id <= 2609968))

table 8 : explain SELECT c FROM sbtest8 WHERE id BETWEEN 9344691 AND 9344700 ORDER BY c
	Sort  (cost=44.11..44.13 rows=10 width=121)
	  Sort Key: c
	  ->  Index Scan using sbtest8_pkey on sbtest8  (cost=0.43..43.94 rows=10 width=121)
	        Index Cond: ((id >= 9344691) AND (id <= 9344700))

for: distinct_ranges
table 1 : explain SELECT DISTINCT c FROM sbtest1 WHERE id BETWEEN 668682 AND 668691 ORDER BY c
	Unique  (cost=44.39..44.44 rows=10 width=121)
	  ->  Sort  (cost=44.39..44.41 rows=10 width=121)
	        Sort Key: c
	        ->  Index Scan using sbtest1_pkey on sbtest1  (cost=0.43..44.22 rows=10 width=121)
	              Index Cond: ((id >= 668682) AND (id <= 668691))

table 2 : explain SELECT DISTINCT c FROM sbtest2 WHERE id BETWEEN 5610873 AND 5610882 ORDER BY c
	Unique  (cost=44.33..44.38 rows=10 width=121)
	  ->  Sort  (cost=44.33..44.35 rows=10 width=121)
	        Sort Key: c
	        ->  Index Scan using sbtest2_pkey on sbtest2  (cost=0.43..44.16 rows=10 width=121)
	              Index Cond: ((id >= 5610873) AND (id <= 5610882))

table 3 : explain SELECT DISTINCT c FROM sbtest3 WHERE id BETWEEN 1064358 AND 1064367 ORDER BY c
	Unique  (cost=40.27..40.31 rows=9 width=121)
	  ->  Sort  (cost=40.27..40.29 rows=9 width=121)
	        Sort Key: c
	        ->  Index Scan using sbtest3_pkey on sbtest3  (cost=0.43..40.13 rows=9 width=121)
	              Index Cond: ((id >= 1064358) AND (id <= 1064367))

table 4 : explain SELECT DISTINCT c FROM sbtest4 WHERE id BETWEEN 988680 AND 988689 ORDER BY c
	Unique  (cost=44.22..44.27 rows=10 width=121)
	  ->  Sort  (cost=44.22..44.25 rows=10 width=121)
	        Sort Key: c
	        ->  Index Scan using sbtest4_pkey on sbtest4  (cost=0.43..44.06 rows=10 width=121)
	              Index Cond: ((id >= 988680) AND (id <= 988689))

table 5 : explain SELECT DISTINCT c FROM sbtest5 WHERE id BETWEEN 8170661 AND 8170670 ORDER BY c
	Unique  (cost=44.27..44.32 rows=10 width=121)
	  ->  Sort  (cost=44.27..44.29 rows=10 width=121)
	        Sort Key: c
	        ->  Index Scan using sbtest5_pkey on sbtest5  (cost=0.43..44.10 rows=10 width=121)
	              Index Cond: ((id >= 8170661) AND (id <= 8170670))

table 6 : explain SELECT DISTINCT c FROM sbtest6 WHERE id BETWEEN 9774053 AND 9774062 ORDER BY c
	Unique  (cost=44.21..44.26 rows=10 width=121)
	  ->  Sort  (cost=44.21..44.24 rows=10 width=121)
	        Sort Key: c
	        ->  Index Scan using sbtest6_pkey on sbtest6  (cost=0.43..44.05 rows=10 width=121)
	              Index Cond: ((id >= 9774053) AND (id <= 9774062))

table 7 : explain SELECT DISTINCT c FROM sbtest7 WHERE id BETWEEN 7885428 AND 7885437 ORDER BY c
	Unique  (cost=44.24..44.29 rows=10 width=121)
	  ->  Sort  (cost=44.24..44.27 rows=10 width=121)
	        Sort Key: c
	        ->  Index Scan using sbtest7_pkey on sbtest7  (cost=0.43..44.08 rows=10 width=121)
	              Index Cond: ((id >= 7885428) AND (id <= 7885437))

table 8 : explain SELECT DISTINCT c FROM sbtest8 WHERE id BETWEEN 3053965 AND 3053974 ORDER BY c
	Unique  (cost=44.11..44.16 rows=10 width=121)
	  ->  Sort  (cost=44.11..44.13 rows=10 width=121)
	        Sort Key: c
	        ->  Index Scan using sbtest8_pkey on sbtest8  (cost=0.43..43.94 rows=10 width=121)
	              Index Cond: ((id >= 3053965) AND (id <= 3053974))

for: order_ranges
table 1 : explain SELECT c FROM sbtest1 WHERE id BETWEEN 7929149 AND 7929158 ORDER BY c
	Sort  (cost=44.39..44.41 rows=10 width=121)
	  Sort Key: c
	  ->  Index Scan using sbtest1_pkey on sbtest1  (cost=0.43..44.22 rows=10 width=121)
	        Index Cond: ((id >= 7929149) AND (id <= 7929158))

table 2 : explain SELECT c FROM sbtest2 WHERE id BETWEEN 3918952 AND 3918961 ORDER BY c
	Sort  (cost=48.32..48.35 rows=11 width=121)
	  Sort Key: c
	  ->  Index Scan using sbtest2_pkey on sbtest2  (cost=0.43..48.13 rows=11 width=121)
	        Index Cond: ((id >= 3918952) AND (id <= 3918961))

table 3 : explain SELECT c FROM sbtest3 WHERE id BETWEEN 3337610 AND 3337619 ORDER BY c
	Sort  (cost=48.24..48.26 rows=11 width=121)
	  Sort Key: c
	  ->  Index Scan using sbtest3_pkey on sbtest3  (cost=0.43..48.04 rows=11 width=121)
	        Index Cond: ((id >= 3337610) AND (id <= 3337619))

table 4 : explain SELECT c FROM sbtest4 WHERE id BETWEEN 7357214 AND 7357223 ORDER BY c
	Sort  (cost=44.22..44.25 rows=10 width=121)
	  Sort Key: c
	  ->  Index Scan using sbtest4_pkey on sbtest4  (cost=0.43..44.06 rows=10 width=121)
	        Index Cond: ((id >= 7357214) AND (id <= 7357223))

table 5 : explain SELECT c FROM sbtest5 WHERE id BETWEEN 4334839 AND 4334848 ORDER BY c
	Sort  (cost=44.27..44.29 rows=10 width=121)
	  Sort Key: c
	  ->  Index Scan using sbtest5_pkey on sbtest5  (cost=0.43..44.10 rows=10 width=121)
	        Index Cond: ((id >= 4334839) AND (id <= 4334848))

table 6 : explain SELECT c FROM sbtest6 WHERE id BETWEEN 2120973 AND 2120982 ORDER BY c
	Sort  (cost=40.24..40.26 rows=9 width=121)
	  Sort Key: c
	  ->  Index Scan using sbtest6_pkey on sbtest6  (cost=0.43..40.09 rows=9 width=121)
	        Index Cond: ((id >= 2120973) AND (id <= 2120982))

table 7 : explain SELECT c FROM sbtest7 WHERE id BETWEEN 1984234 AND 1984243 ORDER BY c
	Sort  (cost=44.24..44.27 rows=10 width=121)
	  Sort Key: c
	  ->  Index Scan using sbtest7_pkey on sbtest7  (cost=0.43..44.08 rows=10 width=121)
	        Index Cond: ((id >= 1984234) AND (id <= 1984243))

table 8 : explain SELECT c FROM sbtest8 WHERE id BETWEEN 6376396 AND 6376405 ORDER BY c
	Sort  (cost=48.08..48.10 rows=11 width=121)
	  Sort Key: c
	  ->  Index Scan using sbtest8_pkey on sbtest8  (cost=0.43..47.89 rows=11 width=121)
	        Index Cond: ((id >= 6376396) AND (id <= 6376405))

for: sum_ranges
table 1 : explain SELECT SUM(k) FROM sbtest1 WHERE id BETWEEN 4790745 AND 4790754
	Aggregate  (cost=44.25..44.26 rows=1 width=8)
	  ->  Index Scan using sbtest1_pkey on sbtest1  (cost=0.43..44.22 rows=10 width=4)
	        Index Cond: ((id >= 4790745) AND (id <= 4790754))

table 2 : explain SELECT SUM(k) FROM sbtest2 WHERE id BETWEEN 2837036 AND 2837045
	Aggregate  (cost=48.16..48.17 rows=1 width=8)
	  ->  Index Scan using sbtest2_pkey on sbtest2  (cost=0.43..48.13 rows=11 width=4)
	        Index Cond: ((id >= 2837036) AND (id <= 2837045))

table 3 : explain SELECT SUM(k) FROM sbtest3 WHERE id BETWEEN 5630547 AND 5630556
	Aggregate  (cost=44.11..44.12 rows=1 width=8)
	  ->  Index Scan using sbtest3_pkey on sbtest3  (cost=0.43..44.09 rows=10 width=4)
	        Index Cond: ((id >= 5630547) AND (id <= 5630556))

table 4 : explain SELECT SUM(k) FROM sbtest4 WHERE id BETWEEN 3171268 AND 3171277
	Aggregate  (cost=44.08..44.09 rows=1 width=8)
	  ->  Index Scan using sbtest4_pkey on sbtest4  (cost=0.43..44.06 rows=10 width=4)
	        Index Cond: ((id >= 3171268) AND (id <= 3171277))

table 5 : explain SELECT SUM(k) FROM sbtest5 WHERE id BETWEEN 6966007 AND 6966016
	Aggregate  (cost=44.12..44.13 rows=1 width=8)
	  ->  Index Scan using sbtest5_pkey on sbtest5  (cost=0.43..44.10 rows=10 width=4)
	        Index Cond: ((id >= 6966007) AND (id <= 6966016))

table 6 : explain SELECT SUM(k) FROM sbtest6 WHERE id BETWEEN 666203 AND 666212
	Aggregate  (cost=40.12..40.13 rows=1 width=8)
	  ->  Index Scan using sbtest6_pkey on sbtest6  (cost=0.43..40.09 rows=9 width=4)
	        Index Cond: ((id >= 666203) AND (id <= 666212))

table 7 : explain SELECT SUM(k) FROM sbtest7 WHERE id BETWEEN 6257611 AND 6257620
	Aggregate  (cost=44.10..44.11 rows=1 width=8)
	  ->  Index Scan using sbtest7_pkey on sbtest7  (cost=0.43..44.08 rows=10 width=4)
	        Index Cond: ((id >= 6257611) AND (id <= 6257620))

table 8 : explain SELECT SUM(k) FROM sbtest8 WHERE id BETWEEN 1205991 AND 1206000
	Aggregate  (cost=43.97..43.98 rows=1 width=8)
	  ->  Index Scan using sbtest8_pkey on sbtest8  (cost=0.43..43.94 rows=10 width=4)
	        Index Cond: ((id >= 1205991) AND (id <= 1206000))

for: sum_ranges
table 1 : explain SELECT SUM(k) FROM sbtest1 WHERE id BETWEEN 1834604 AND 1834613
	Aggregate  (cost=40.27..40.28 rows=1 width=8)
	  ->  Index Scan using sbtest1_pkey on sbtest1  (cost=0.43..40.25 rows=9 width=4)
	        Index Cond: ((id >= 1834604) AND (id <= 1834613))

table 2 : explain SELECT SUM(k) FROM sbtest2 WHERE id BETWEEN 5584547 AND 5584556
	Aggregate  (cost=44.19..44.20 rows=1 width=8)
	  ->  Index Scan using sbtest2_pkey on sbtest2  (cost=0.43..44.16 rows=10 width=4)
	        Index Cond: ((id >= 5584547) AND (id <= 5584556))

table 3 : explain SELECT SUM(k) FROM sbtest3 WHERE id BETWEEN 2498886 AND 2498895
	Aggregate  (cost=44.11..44.12 rows=1 width=8)
	  ->  Index Scan using sbtest3_pkey on sbtest3  (cost=0.43..44.09 rows=10 width=4)
	        Index Cond: ((id >= 2498886) AND (id <= 2498895))

table 4 : explain SELECT SUM(k) FROM sbtest4 WHERE id BETWEEN 3376716 AND 3376725
	Aggregate  (cost=44.08..44.09 rows=1 width=8)
	  ->  Index Scan using sbtest4_pkey on sbtest4  (cost=0.43..44.06 rows=10 width=4)
	        Index Cond: ((id >= 3376716) AND (id <= 3376725))

table 5 : explain SELECT SUM(k) FROM sbtest5 WHERE id BETWEEN 838958 AND 838967
	Aggregate  (cost=48.09..48.10 rows=1 width=8)
	  ->  Index Scan using sbtest5_pkey on sbtest5  (cost=0.43..48.06 rows=11 width=4)
	        Index Cond: ((id >= 838958) AND (id <= 838967))

table 6 : explain SELECT SUM(k) FROM sbtest6 WHERE id BETWEEN 4023156 AND 4023165
	Aggregate  (cost=44.07..44.08 rows=1 width=8)
	  ->  Index Scan using sbtest6_pkey on sbtest6  (cost=0.43..44.05 rows=10 width=4)
	        Index Cond: ((id >= 4023156) AND (id <= 4023165))

table 7 : explain SELECT SUM(k) FROM sbtest7 WHERE id BETWEEN 568486 AND 568495
	Aggregate  (cost=48.06..48.07 rows=1 width=8)
	  ->  Index Scan using sbtest7_pkey on sbtest7  (cost=0.43..48.04 rows=11 width=4)
	        Index Cond: ((id >= 568486) AND (id <= 568495))

table 8 : explain SELECT SUM(k) FROM sbtest8 WHERE id BETWEEN 7939932 AND 7939941
	Aggregate  (cost=40.02..40.03 rows=1 width=8)
	  ->  Index Scan using sbtest8_pkey on sbtest8  (cost=0.43..40.00 rows=9 width=4)
	        Index Cond: ((id >= 7939932) AND (id <= 7939941))

for: order_ranges
table 1 : explain SELECT c FROM sbtest1 WHERE id BETWEEN 3241757 AND 3241766 ORDER BY c
	Sort  (cost=44.39..44.41 rows=10 width=121)
	  Sort Key: c
	  ->  Index Scan using sbtest1_pkey on sbtest1  (cost=0.43..44.22 rows=10 width=121)
	        Index Cond: ((id >= 3241757) AND (id <= 3241766))

table 2 : explain SELECT c FROM sbtest2 WHERE id BETWEEN 3601604 AND 3601613 ORDER BY c
	Sort  (cost=44.33..44.35 rows=10 width=121)
	  Sort Key: c
	  ->  Index Scan using sbtest2_pkey on sbtest2  (cost=0.43..44.16 rows=10 width=121)
	        Index Cond: ((id >= 3601604) AND (id <= 3601613))

table 3 : explain SELECT c FROM sbtest3 WHERE id BETWEEN 2326942 AND 2326951 ORDER BY c
	Sort  (cost=48.24..48.26 rows=11 width=121)
	  Sort Key: c
	  ->  Index Scan using sbtest3_pkey on sbtest3  (cost=0.43..48.04 rows=11 width=121)
	        Index Cond: ((id >= 2326942) AND (id <= 2326951))

table 4 : explain SELECT c FROM sbtest4 WHERE id BETWEEN 9110297 AND 9110306 ORDER BY c
	Sort  (cost=44.22..44.25 rows=10 width=121)
	  Sort Key: c
	  ->  Index Scan using sbtest4_pkey on sbtest4  (cost=0.43..44.06 rows=10 width=121)
	        Index Cond: ((id >= 9110297) AND (id <= 9110306))

table 5 : explain SELECT c FROM sbtest5 WHERE id BETWEEN 7401686 AND 7401695 ORDER BY c
	Sort  (cost=48.25..48.28 rows=11 width=121)
	  Sort Key: c
	  ->  Index Scan using sbtest5_pkey on sbtest5  (cost=0.43..48.06 rows=11 width=121)
	        Index Cond: ((id >= 7401686) AND (id <= 7401695))

table 6 : explain SELECT c FROM sbtest6 WHERE id BETWEEN 3176614 AND 3176623 ORDER BY c
	Sort  (cost=40.24..40.26 rows=9 width=121)
	  Sort Key: c
	  ->  Index Scan using sbtest6_pkey on sbtest6  (cost=0.43..40.09 rows=9 width=121)
	        Index Cond: ((id >= 3176614) AND (id <= 3176623))

table 7 : explain SELECT c FROM sbtest7 WHERE id BETWEEN 1632986 AND 1632995 ORDER BY c
	Sort  (cost=44.24..44.27 rows=10 width=121)
	  Sort Key: c
	  ->  Index Scan using sbtest7_pkey on sbtest7  (cost=0.43..44.08 rows=10 width=121)
	        Index Cond: ((id >= 1632986) AND (id <= 1632995))

table 8 : explain SELECT c FROM sbtest8 WHERE id BETWEEN 8435121 AND 8435130 ORDER BY c
	Sort  (cost=44.11..44.13 rows=10 width=121)
	  Sort Key: c
	  ->  Index Scan using sbtest8_pkey on sbtest8  (cost=0.43..43.94 rows=10 width=121)
	        Index Cond: ((id >= 8435121) AND (id <= 8435130))

for: sum_ranges
table 1 : explain SELECT SUM(k) FROM sbtest1 WHERE id BETWEEN 6581049 AND 6581058
	Aggregate  (cost=44.25..44.26 rows=1 width=8)
	  ->  Index Scan using sbtest1_pkey on sbtest1  (cost=0.43..44.22 rows=10 width=4)
	        Index Cond: ((id >= 6581049) AND (id <= 6581058))

table 2 : explain SELECT SUM(k) FROM sbtest2 WHERE id BETWEEN 7550357 AND 7550366
	Aggregate  (cost=40.22..40.23 rows=1 width=8)
	  ->  Index Scan using sbtest2_pkey on sbtest2  (cost=0.43..40.19 rows=9 width=4)
	        Index Cond: ((id >= 7550357) AND (id <= 7550366))

table 3 : explain SELECT SUM(k) FROM sbtest3 WHERE id BETWEEN 608374 AND 608383
	Aggregate  (cost=44.11..44.12 rows=1 width=8)
	  ->  Index Scan using sbtest3_pkey on sbtest3  (cost=0.43..44.09 rows=10 width=4)
	        Index Cond: ((id >= 608374) AND (id <= 608383))

table 4 : explain SELECT SUM(k) FROM sbtest4 WHERE id BETWEEN 7470541 AND 7470550
	Aggregate  (cost=44.08..44.09 rows=1 width=8)
	  ->  Index Scan using sbtest4_pkey on sbtest4  (cost=0.43..44.06 rows=10 width=4)
	        Index Cond: ((id >= 7470541) AND (id <= 7470550))

table 5 : explain SELECT SUM(k) FROM sbtest5 WHERE id BETWEEN 3484719 AND 3484728
	Aggregate  (cost=40.16..40.17 rows=1 width=8)
	  ->  Index Scan using sbtest5_pkey on sbtest5  (cost=0.43..40.14 rows=9 width=4)
	        Index Cond: ((id >= 3484719) AND (id <= 3484728))

table 6 : explain SELECT SUM(k) FROM sbtest6 WHERE id BETWEEN 9389838 AND 9389847
	Aggregate  (cost=44.07..44.08 rows=1 width=8)
	  ->  Index Scan using sbtest6_pkey on sbtest6  (cost=0.43..44.05 rows=10 width=4)
	        Index Cond: ((id >= 9389838) AND (id <= 9389847))

table 7 : explain SELECT SUM(k) FROM sbtest7 WHERE id BETWEEN 6082941 AND 6082950
	Aggregate  (cost=44.10..44.11 rows=1 width=8)
	  ->  Index Scan using sbtest7_pkey on sbtest7  (cost=0.43..44.08 rows=10 width=4)
	        Index Cond: ((id >= 6082941) AND (id <= 6082950))

table 8 : explain SELECT SUM(k) FROM sbtest8 WHERE id BETWEEN 5655328 AND 5655337
	Aggregate  (cost=47.91..47.92 rows=1 width=8)
	  ->  Index Scan using sbtest8_pkey on sbtest8  (cost=0.43..47.89 rows=11 width=4)
	        Index Cond: ((id >= 5655328) AND (id <= 5655337))
for: sum_ranges
table 1 : explain SELECT SUM(k) FROM sbtest1 WHERE id BETWEEN 8304885 AND 8304894
	Aggregate  (cost=44.25..44.26 rows=1 width=8)
	  ->  Index Scan using sbtest1_pkey on sbtest1  (cost=0.43..44.22 rows=10 width=4)
	        Index Cond: ((id >= 8304885) AND (id <= 8304894))

table 2 : explain SELECT SUM(k) FROM sbtest2 WHERE id BETWEEN 7275066 AND 7275075
	Aggregate  (cost=44.19..44.20 rows=1 width=8)
	  ->  Index Scan using sbtest2_pkey on sbtest2  (cost=0.43..44.16 rows=10 width=4)
	        Index Cond: ((id >= 7275066) AND (id <= 7275075))

table 3 : explain SELECT SUM(k) FROM sbtest3 WHERE id BETWEEN 5482170 AND 5482179
	Aggregate  (cost=48.07..48.08 rows=1 width=8)
	  ->  Index Scan using sbtest3_pkey on sbtest3  (cost=0.43..48.04 rows=11 width=4)
	        Index Cond: ((id >= 5482170) AND (id <= 5482179))

table 4 : explain SELECT SUM(k) FROM sbtest4 WHERE id BETWEEN 5053284 AND 5053293
	Aggregate  (cost=44.08..44.09 rows=1 width=8)
	  ->  Index Scan using sbtest4_pkey on sbtest4  (cost=0.43..44.06 rows=10 width=4)
	        Index Cond: ((id >= 5053284) AND (id <= 5053293))

table 5 : explain SELECT SUM(k) FROM sbtest5 WHERE id BETWEEN 1835692 AND 1835701
	Aggregate  (cost=44.12..44.13 rows=1 width=8)
	  ->  Index Scan using sbtest5_pkey on sbtest5  (cost=0.43..44.10 rows=10 width=4)
	        Index Cond: ((id >= 1835692) AND (id <= 1835701))

table 6 : explain SELECT SUM(k) FROM sbtest6 WHERE id BETWEEN 8048315 AND 8048324
	Aggregate  (cost=44.07..44.08 rows=1 width=8)
	  ->  Index Scan using sbtest6_pkey on sbtest6  (cost=0.43..44.05 rows=10 width=4)
	        Index Cond: ((id >= 8048315) AND (id <= 8048324))

table 7 : explain SELECT SUM(k) FROM sbtest7 WHERE id BETWEEN 1857017 AND 1857026
	Aggregate  (cost=44.10..44.11 rows=1 width=8)
	  ->  Index Scan using sbtest7_pkey on sbtest7  (cost=0.43..44.08 rows=10 width=4)
	        Index Cond: ((id >= 1857017) AND (id <= 1857026))

table 8 : explain SELECT SUM(k) FROM sbtest8 WHERE id BETWEEN 4773998 AND 4774007
	Aggregate  (cost=43.97..43.98 rows=1 width=8)
	  ->  Index Scan using sbtest8_pkey on sbtest8  (cost=0.43..43.94 rows=10 width=4)
	        Index Cond: ((id >= 4773998) AND (id <= 4774007))


for: order_ranges
table 1 : explain SELECT c FROM sbtest1 WHERE id BETWEEN 1705329 AND 1705338 ORDER BY c
	Sort  (cost=40.39..40.41 rows=9 width=121)
	  Sort Key: c
	  ->  Index Scan using sbtest1_pkey on sbtest1  (cost=0.43..40.25 rows=9 width=121)
	        Index Cond: ((id >= 1705329) AND (id <= 1705338))

table 2 : explain SELECT c FROM sbtest2 WHERE id BETWEEN 6226704 AND 6226713 ORDER BY c
	Sort  (cost=44.33..44.35 rows=10 width=121)
	  Sort Key: c
	  ->  Index Scan using sbtest2_pkey on sbtest2  (cost=0.43..44.16 rows=10 width=121)
	        Index Cond: ((id >= 6226704) AND (id <= 6226713))

table 3 : explain SELECT c FROM sbtest3 WHERE id BETWEEN 3438665 AND 3438674 ORDER BY c
	Sort  (cost=44.25..44.28 rows=10 width=121)
	  Sort Key: c
	  ->  Index Scan using sbtest3_pkey on sbtest3  (cost=0.43..44.09 rows=10 width=121)
	        Index Cond: ((id >= 3438665) AND (id <= 3438674))

table 4 : explain SELECT c FROM sbtest4 WHERE id BETWEEN 6213454 AND 6213463 ORDER BY c
	Sort  (cost=48.20..48.23 rows=11 width=121)
	  Sort Key: c
	  ->  Index Scan using sbtest4_pkey on sbtest4  (cost=0.43..48.01 rows=11 width=121)
	        Index Cond: ((id >= 6213454) AND (id <= 6213463))

table 5 : explain SELECT c FROM sbtest5 WHERE id BETWEEN 66207 AND 66216 ORDER BY c
	Sort  (cost=44.27..44.29 rows=10 width=121)
	  Sort Key: c
	  ->  Index Scan using sbtest5_pkey on sbtest5  (cost=0.43..44.10 rows=10 width=121)
	        Index Cond: ((id >= 66207) AND (id <= 66216))

table 6 : explain SELECT c FROM sbtest6 WHERE id BETWEEN 8773159 AND 8773168 ORDER BY c
	Sort  (cost=44.21..44.24 rows=10 width=121)
	  Sort Key: c
	  ->  Index Scan using sbtest6_pkey on sbtest6  (cost=0.43..44.05 rows=10 width=121)
	        Index Cond: ((id >= 8773159) AND (id <= 8773168))

table 7 : explain SELECT c FROM sbtest7 WHERE id BETWEEN 5692968 AND 5692977 ORDER BY c
	Sort  (cost=44.24..44.27 rows=10 width=121)
	  Sort Key: c
	  ->  Index Scan using sbtest7_pkey on sbtest7  (cost=0.43..44.08 rows=10 width=121)
	        Index Cond: ((id >= 5692968) AND (id <= 5692977))

table 8 : explain SELECT c FROM sbtest8 WHERE id BETWEEN 1705522 AND 1705531 ORDER BY c
	Sort  (cost=44.11..44.13 rows=10 width=121)
	  Sort Key: c
	  ->  Index Scan using sbtest8_pkey on sbtest8  (cost=0.43..43.94 rows=10 width=121)
	        Index Cond: ((id >= 1705522) AND (id <= 1705531))

for: distinct_ranges
table 1 : explain SELECT DISTINCT c FROM sbtest1 WHERE id BETWEEN 128211 AND 128220 ORDER BY c
	Unique  (cost=44.39..44.44 rows=10 width=121)
	  ->  Sort  (cost=44.39..44.41 rows=10 width=121)
	        Sort Key: c
	        ->  Index Scan using sbtest1_pkey on sbtest1  (cost=0.43..44.22 rows=10 width=121)
	              Index Cond: ((id >= 128211) AND (id <= 128220))

table 2 : explain SELECT DISTINCT c FROM sbtest2 WHERE id BETWEEN 497769 AND 497778 ORDER BY c
	Unique  (cost=44.33..44.38 rows=10 width=121)
	  ->  Sort  (cost=44.33..44.35 rows=10 width=121)
	        Sort Key: c
	        ->  Index Scan using sbtest2_pkey on sbtest2  (cost=0.43..44.16 rows=10 width=121)
	              Index Cond: ((id >= 497769) AND (id <= 497778))

table 3 : explain SELECT DISTINCT c FROM sbtest3 WHERE id BETWEEN 9254979 AND 9254988 ORDER BY c
	Unique  (cost=44.25..44.30 rows=10 width=121)
	  ->  Sort  (cost=44.25..44.28 rows=10 width=121)
	        Sort Key: c
	        ->  Index Scan using sbtest3_pkey on sbtest3  (cost=0.43..44.09 rows=10 width=121)
	              Index Cond: ((id >= 9254979) AND (id <= 9254988))

table 4 : explain SELECT DISTINCT c FROM sbtest4 WHERE id BETWEEN 1504133 AND 1504142 ORDER BY c
	Unique  (cost=44.22..44.27 rows=10 width=121)
	  ->  Sort  (cost=44.22..44.25 rows=10 width=121)
	        Sort Key: c
	        ->  Index Scan using sbtest4_pkey on sbtest4  (cost=0.43..44.06 rows=10 width=121)
	              Index Cond: ((id >= 1504133) AND (id <= 1504142))

table 5 : explain SELECT DISTINCT c FROM sbtest5 WHERE id BETWEEN 1918796 AND 1918805 ORDER BY c
	Unique  (cost=44.27..44.32 rows=10 width=121)
	  ->  Sort  (cost=44.27..44.29 rows=10 width=121)
	        Sort Key: c
	        ->  Index Scan using sbtest5_pkey on sbtest5  (cost=0.43..44.10 rows=10 width=121)
	              Index Cond: ((id >= 1918796) AND (id <= 1918805))

table 6 : explain SELECT DISTINCT c FROM sbtest6 WHERE id BETWEEN 5063861 AND 5063870 ORDER BY c
	Unique  (cost=48.19..48.25 rows=11 width=121)
	  ->  Sort  (cost=48.19..48.22 rows=11 width=121)
	        Sort Key: c
	        ->  Index Scan using sbtest6_pkey on sbtest6  (cost=0.43..48.00 rows=11 width=121)
	              Index Cond: ((id >= 5063861) AND (id <= 5063870))

table 7 : explain SELECT DISTINCT c FROM sbtest7 WHERE id BETWEEN 1992750 AND 1992759 ORDER BY c
	Unique  (cost=44.24..44.29 rows=10 width=121)
	  ->  Sort  (cost=44.24..44.27 rows=10 width=121)
	        Sort Key: c
	        ->  Index Scan using sbtest7_pkey on sbtest7  (cost=0.43..44.08 rows=10 width=121)
	              Index Cond: ((id >= 1992750) AND (id <= 1992759))

table 8 : explain SELECT DISTINCT c FROM sbtest8 WHERE id BETWEEN 3258747 AND 3258756 ORDER BY c
	Unique  (cost=48.08..48.13 rows=11 width=121)
	  ->  Sort  (cost=48.08..48.10 rows=11 width=121)
	        Sort Key: c
	        ->  Index Scan using sbtest8_pkey on sbtest8  (cost=0.43..47.89 rows=11 width=121)
	              Index Cond: ((id >= 3258747) AND (id <= 3258756))

for: order_ranges
table 1 : explain SELECT c FROM sbtest1 WHERE id BETWEEN 2679415 AND 2679424 ORDER BY c
	Sort  (cost=48.39..48.41 rows=11 width=121)
	  Sort Key: c
	  ->  Index Scan using sbtest1_pkey on sbtest1  (cost=0.43..48.20 rows=11 width=121)
	        Index Cond: ((id >= 2679415) AND (id <= 2679424))

table 2 : explain SELECT c FROM sbtest2 WHERE id BETWEEN 3301768 AND 3301777 ORDER BY c
	Sort  (cost=44.33..44.35 rows=10 width=121)
	  Sort Key: c
	  ->  Index Scan using sbtest2_pkey on sbtest2  (cost=0.43..44.16 rows=10 width=121)
	        Index Cond: ((id >= 3301768) AND (id <= 3301777))

table 3 : explain SELECT c FROM sbtest3 WHERE id BETWEEN 4161854 AND 4161863 ORDER BY c
	Sort  (cost=44.25..44.28 rows=10 width=121)
	  Sort Key: c
	  ->  Index Scan using sbtest3_pkey on sbtest3  (cost=0.43..44.09 rows=10 width=121)
	        Index Cond: ((id >= 4161854) AND (id <= 4161863))

table 4 : explain SELECT c FROM sbtest4 WHERE id BETWEEN 2298484 AND 2298493 ORDER BY c
	Sort  (cost=48.20..48.23 rows=11 width=121)
	  Sort Key: c
	  ->  Index Scan using sbtest4_pkey on sbtest4  (cost=0.43..48.01 rows=11 width=121)
	        Index Cond: ((id >= 2298484) AND (id <= 2298493))

table 5 : explain SELECT c FROM sbtest5 WHERE id BETWEEN 9693402 AND 9693411 ORDER BY c
	Sort  (cost=44.27..44.29 rows=10 width=121)
	  Sort Key: c
	  ->  Index Scan using sbtest5_pkey on sbtest5  (cost=0.43..44.10 rows=10 width=121)
	        Index Cond: ((id >= 9693402) AND (id <= 9693411))

table 6 : explain SELECT c FROM sbtest6 WHERE id BETWEEN 8559674 AND 8559683 ORDER BY c
	Sort  (cost=48.19..48.22 rows=11 width=121)
	  Sort Key: c
	  ->  Index Scan using sbtest6_pkey on sbtest6  (cost=0.43..48.00 rows=11 width=121)
	        Index Cond: ((id >= 8559674) AND (id <= 8559683))

table 7 : explain SELECT c FROM sbtest7 WHERE id BETWEEN 608914 AND 608923 ORDER BY c
	Sort  (cost=44.24..44.27 rows=10 width=121)
	  Sort Key: c
	  ->  Index Scan using sbtest7_pkey on sbtest7  (cost=0.43..44.08 rows=10 width=121)
	        Index Cond: ((id >= 608914) AND (id <= 608923))

table 8 : explain SELECT c FROM sbtest8 WHERE id BETWEEN 4058555 AND 4058564 ORDER BY c
	Sort  (cost=44.11..44.13 rows=10 width=121)
	  Sort Key: c
	  ->  Index Scan using sbtest8_pkey on sbtest8  (cost=0.43..43.94 rows=10 width=121)
	        Index Cond: ((id >= 4058555) AND (id <= 4058564))

for: distinct_ranges
table 1 : explain SELECT DISTINCT c FROM sbtest1 WHERE id BETWEEN 2626019 AND 2626028 ORDER BY c
	Unique  (cost=44.39..44.44 rows=10 width=121)
	  ->  Sort  (cost=44.39..44.41 rows=10 width=121)
	        Sort Key: c
	        ->  Index Scan using sbtest1_pkey on sbtest1  (cost=0.43..44.22 rows=10 width=121)
	              Index Cond: ((id >= 2626019) AND (id <= 2626028))

table 2 : explain SELECT DISTINCT c FROM sbtest2 WHERE id BETWEEN 9693770 AND 9693779 ORDER BY c
	Unique  (cost=44.33..44.38 rows=10 width=121)
	  ->  Sort  (cost=44.33..44.35 rows=10 width=121)
	        Sort Key: c
	        ->  Index Scan using sbtest2_pkey on sbtest2  (cost=0.43..44.16 rows=10 width=121)
	              Index Cond: ((id >= 9693770) AND (id <= 9693779))

table 3 : explain SELECT DISTINCT c FROM sbtest3 WHERE id BETWEEN 8775794 AND 8775803 ORDER BY c
	Unique  (cost=44.25..44.30 rows=10 width=121)
	  ->  Sort  (cost=44.25..44.28 rows=10 width=121)
	        Sort Key: c
	        ->  Index Scan using sbtest3_pkey on sbtest3  (cost=0.43..44.09 rows=10 width=121)
	              Index Cond: ((id >= 8775794) AND (id <= 8775803))

table 4 : explain SELECT DISTINCT c FROM sbtest4 WHERE id BETWEEN 1480904 AND 1480913 ORDER BY c
	Unique  (cost=48.20..48.26 rows=11 width=121)
	  ->  Sort  (cost=48.20..48.23 rows=11 width=121)
	        Sort Key: c
	        ->  Index Scan using sbtest4_pkey on sbtest4  (cost=0.43..48.01 rows=11 width=121)
	              Index Cond: ((id >= 1480904) AND (id <= 1480913))

table 5 : explain SELECT DISTINCT c FROM sbtest5 WHERE id BETWEEN 5297426 AND 5297435 ORDER BY c
	Unique  (cost=44.27..44.32 rows=10 width=121)
	  ->  Sort  (cost=44.27..44.29 rows=10 width=121)
	        Sort Key: c
	        ->  Index Scan using sbtest5_pkey on sbtest5  (cost=0.43..44.10 rows=10 width=121)
	              Index Cond: ((id >= 5297426) AND (id <= 5297435))

table 6 : explain SELECT DISTINCT c FROM sbtest6 WHERE id BETWEEN 2813584 AND 2813593 ORDER BY c
	Unique  (cost=44.21..44.26 rows=10 width=121)
	  ->  Sort  (cost=44.21..44.24 rows=10 width=121)
	        Sort Key: c
	        ->  Index Scan using sbtest6_pkey on sbtest6  (cost=0.43..44.05 rows=10 width=121)
	              Index Cond: ((id >= 2813584) AND (id <= 2813593))

table 7 : explain SELECT DISTINCT c FROM sbtest7 WHERE id BETWEEN 761368 AND 761377 ORDER BY c
	Unique  (cost=48.23..48.28 rows=11 width=121)
	  ->  Sort  (cost=48.23..48.25 rows=11 width=121)
	        Sort Key: c
	        ->  Index Scan using sbtest7_pkey on sbtest7  (cost=0.43..48.04 rows=11 width=121)
	              Index Cond: ((id >= 761368) AND (id <= 761377))

table 8 : explain SELECT DISTINCT c FROM sbtest8 WHERE id BETWEEN 9595656 AND 9595665 ORDER BY c
	Unique  (cost=44.11..44.16 rows=10 width=121)
	  ->  Sort  (cost=44.11..44.13 rows=10 width=121)
	        Sort Key: c
	        ->  Index Scan using sbtest8_pkey on sbtest8  (cost=0.43..43.94 rows=10 width=121)
	              Index Cond: ((id >= 9595656) AND (id <= 9595665))

for: distinct_ranges
table 1 : explain SELECT DISTINCT c FROM sbtest1 WHERE id BETWEEN 131202 AND 131211 ORDER BY c
	Unique  (cost=44.39..44.44 rows=10 width=121)
	  ->  Sort  (cost=44.39..44.41 rows=10 width=121)
	        Sort Key: c
	        ->  Index Scan using sbtest1_pkey on sbtest1  (cost=0.43..44.22 rows=10 width=121)
	              Index Cond: ((id >= 131202) AND (id <= 131211))

table 2 : explain SELECT DISTINCT c FROM sbtest2 WHERE id BETWEEN 5761715 AND 5761724 ORDER BY c
	Unique  (cost=44.33..44.38 rows=10 width=121)
	  ->  Sort  (cost=44.33..44.35 rows=10 width=121)
	        Sort Key: c
	        ->  Index Scan using sbtest2_pkey on sbtest2  (cost=0.43..44.16 rows=10 width=121)
	              Index Cond: ((id >= 5761715) AND (id <= 5761724))

table 3 : explain SELECT DISTINCT c FROM sbtest3 WHERE id BETWEEN 6020203 AND 6020212 ORDER BY c
	Unique  (cost=40.27..40.31 rows=9 width=121)
	  ->  Sort  (cost=40.27..40.29 rows=9 width=121)
	        Sort Key: c
	        ->  Index Scan using sbtest3_pkey on sbtest3  (cost=0.43..40.13 rows=9 width=121)
	              Index Cond: ((id >= 6020203) AND (id <= 6020212))

table 4 : explain SELECT DISTINCT c FROM sbtest4 WHERE id BETWEEN 6710935 AND 6710944 ORDER BY c
	Unique  (cost=44.22..44.27 rows=10 width=121)
	  ->  Sort  (cost=44.22..44.25 rows=10 width=121)
	        Sort Key: c
	        ->  Index Scan using sbtest4_pkey on sbtest4  (cost=0.43..44.06 rows=10 width=121)
	              Index Cond: ((id >= 6710935) AND (id <= 6710944))

table 5 : explain SELECT DISTINCT c FROM sbtest5 WHERE id BETWEEN 6501561 AND 6501570 ORDER BY c
	Unique  (cost=44.27..44.32 rows=10 width=121)
	  ->  Sort  (cost=44.27..44.29 rows=10 width=121)
	        Sort Key: c
	        ->  Index Scan using sbtest5_pkey on sbtest5  (cost=0.43..44.10 rows=10 width=121)
	              Index Cond: ((id >= 6501561) AND (id <= 6501570))

table 6 : explain SELECT DISTINCT c FROM sbtest6 WHERE id BETWEEN 9393699 AND 9393708 ORDER BY c
	Unique  (cost=44.21..44.26 rows=10 width=121)
	  ->  Sort  (cost=44.21..44.24 rows=10 width=121)
	        Sort Key: c
	        ->  Index Scan using sbtest6_pkey on sbtest6  (cost=0.43..44.05 rows=10 width=121)
	              Index Cond: ((id >= 9393699) AND (id <= 9393708))

table 7 : explain SELECT DISTINCT c FROM sbtest7 WHERE id BETWEEN 6120479 AND 6120488 ORDER BY c
	Unique  (cost=40.26..40.31 rows=9 width=121)
	  ->  Sort  (cost=40.26..40.28 rows=9 width=121)
	        Sort Key: c
	        ->  Index Scan using sbtest7_pkey on sbtest7  (cost=0.43..40.12 rows=9 width=121)
	              Index Cond: ((id >= 6120479) AND (id <= 6120488))

table 8 : explain SELECT DISTINCT c FROM sbtest8 WHERE id BETWEEN 4286661 AND 4286670 ORDER BY c
	Unique  (cost=40.14..40.19 rows=9 width=121)
	  ->  Sort  (cost=40.14..40.16 rows=9 width=121)
	        Sort Key: c
	        ->  Index Scan using sbtest8_pkey on sbtest8  (cost=0.43..40.00 rows=9 width=121)
	              Index Cond: ((id >= 4286661) AND (id <= 4286670))

for: order_ranges
table 1 : explain SELECT c FROM sbtest1 WHERE id BETWEEN 4551721 AND 4551730 ORDER BY c
	Sort  (cost=44.39..44.41 rows=10 width=121)
	  Sort Key: c
	  ->  Index Scan using sbtest1_pkey on sbtest1  (cost=0.43..44.22 rows=10 width=121)
	        Index Cond: ((id >= 4551721) AND (id <= 4551730))

table 2 : explain SELECT c FROM sbtest2 WHERE id BETWEEN 7275375 AND 7275384 ORDER BY c
	Sort  (cost=44.33..44.35 rows=10 width=121)
	  Sort Key: c
	  ->  Index Scan using sbtest2_pkey on sbtest2  (cost=0.43..44.16 rows=10 width=121)
	        Index Cond: ((id >= 7275375) AND (id <= 7275384))

table 3 : explain SELECT c FROM sbtest3 WHERE id BETWEEN 4849580 AND 4849589 ORDER BY c
	Sort  (cost=40.27..40.29 rows=9 width=121)
	  Sort Key: c
	  ->  Index Scan using sbtest3_pkey on sbtest3  (cost=0.43..40.13 rows=9 width=121)
	        Index Cond: ((id >= 4849580) AND (id <= 4849589))

table 4 : explain SELECT c FROM sbtest4 WHERE id BETWEEN 9825946 AND 9825955 ORDER BY c
	Sort  (cost=48.20..48.23 rows=11 width=121)
	  Sort Key: c
	  ->  Index Scan using sbtest4_pkey on sbtest4  (cost=0.43..48.01 rows=11 width=121)
	        Index Cond: ((id >= 9825946) AND (id <= 9825955))

table 5 : explain SELECT c FROM sbtest5 WHERE id BETWEEN 3501597 AND 3501606 ORDER BY c
	Sort  (cost=40.28..40.30 rows=9 width=121)
	  Sort Key: c
	  ->  Index Scan using sbtest5_pkey on sbtest5  (cost=0.43..40.14 rows=9 width=121)
	        Index Cond: ((id >= 3501597) AND (id <= 3501606))

table 6 : explain SELECT c FROM sbtest6 WHERE id BETWEEN 2096050 AND 2096059 ORDER BY c
	Sort  (cost=40.24..40.26 rows=9 width=121)
	  Sort Key: c
	  ->  Index Scan using sbtest6_pkey on sbtest6  (cost=0.43..40.09 rows=9 width=121)
	        Index Cond: ((id >= 2096050) AND (id <= 2096059))

table 7 : explain SELECT c FROM sbtest7 WHERE id BETWEEN 5621228 AND 5621237 ORDER BY c
	Sort  (cost=44.24..44.27 rows=10 width=121)
	  Sort Key: c
	  ->  Index Scan using sbtest7_pkey on sbtest7  (cost=0.43..44.08 rows=10 width=121)
	        Index Cond: ((id >= 5621228) AND (id <= 5621237))

table 8 : explain SELECT c FROM sbtest8 WHERE id BETWEEN 4802801 AND 4802810 ORDER BY c
	Sort  (cost=44.11..44.13 rows=10 width=121)
	  Sort Key: c
	  ->  Index Scan using sbtest8_pkey on sbtest8  (cost=0.43..43.94 rows=10 width=121)
	        Index Cond: ((id >= 4802801) AND (id <= 4802810))

for: order_ranges
table 1 : explain SELECT c FROM sbtest1 WHERE id BETWEEN 2190426 AND 2190435 ORDER BY c
	Sort  (cost=44.39..44.41 rows=10 width=121)
	  Sort Key: c
	  ->  Index Scan using sbtest1_pkey on sbtest1  (cost=0.43..44.22 rows=10 width=121)
	        Index Cond: ((id >= 2190426) AND (id <= 2190435))

table 2 : explain SELECT c FROM sbtest2 WHERE id BETWEEN 355339 AND 355348 ORDER BY c
	Sort  (cost=48.32..48.35 rows=11 width=121)
	  Sort Key: c
	  ->  Index Scan using sbtest2_pkey on sbtest2  (cost=0.43..48.13 rows=11 width=121)
	        Index Cond: ((id >= 355339) AND (id <= 355348))

table 3 : explain SELECT c FROM sbtest3 WHERE id BETWEEN 306517 AND 306526 ORDER BY c
	Sort  (cost=40.27..40.29 rows=9 width=121)
	  Sort Key: c
	  ->  Index Scan using sbtest3_pkey on sbtest3  (cost=0.43..40.13 rows=9 width=121)
	        Index Cond: ((id >= 306517) AND (id <= 306526))

table 4 : explain SELECT c FROM sbtest4 WHERE id BETWEEN 9505000 AND 9505009 ORDER BY c
	Sort  (cost=44.22..44.25 rows=10 width=121)
	  Sort Key: c
	  ->  Index Scan using sbtest4_pkey on sbtest4  (cost=0.43..44.06 rows=10 width=121)
	        Index Cond: ((id >= 9505000) AND (id <= 9505009))

table 5 : explain SELECT c FROM sbtest5 WHERE id BETWEEN 8245087 AND 8245096 ORDER BY c
	Sort  (cost=44.27..44.29 rows=10 width=121)
	  Sort Key: c
	  ->  Index Scan using sbtest5_pkey on sbtest5  (cost=0.43..44.10 rows=10 width=121)
	        Index Cond: ((id >= 8245087) AND (id <= 8245096))

table 6 : explain SELECT c FROM sbtest6 WHERE id BETWEEN 7729174 AND 7729183 ORDER BY c
	Sort  (cost=44.21..44.24 rows=10 width=121)
	  Sort Key: c
	  ->  Index Scan using sbtest6_pkey on sbtest6  (cost=0.43..44.05 rows=10 width=121)
	        Index Cond: ((id >= 7729174) AND (id <= 7729183))

table 7 : explain SELECT c FROM sbtest7 WHERE id BETWEEN 2341848 AND 2341857 ORDER BY c
	Sort  (cost=44.24..44.27 rows=10 width=121)
	  Sort Key: c
	  ->  Index Scan using sbtest7_pkey on sbtest7  (cost=0.43..44.08 rows=10 width=121)
	        Index Cond: ((id >= 2341848) AND (id <= 2341857))

table 8 : explain SELECT c FROM sbtest8 WHERE id BETWEEN 4875583 AND 4875592 ORDER BY c
	Sort  (cost=40.14..40.16 rows=9 width=121)
	  Sort Key: c
	  ->  Index Scan using sbtest8_pkey on sbtest8  (cost=0.43..40.00 rows=9 width=121)
	        Index Cond: ((id >= 4875583) AND (id <= 4875592))

for: distinct_ranges
table 1 : explain SELECT DISTINCT c FROM sbtest1 WHERE id BETWEEN 313548 AND 313557 ORDER BY c
	Unique  (cost=40.39..40.44 rows=9 width=121)
	  ->  Sort  (cost=40.39..40.41 rows=9 width=121)
	        Sort Key: c
	        ->  Index Scan using sbtest1_pkey on sbtest1  (cost=0.43..40.25 rows=9 width=121)
	              Index Cond: ((id >= 313548) AND (id <= 313557))

table 2 : explain SELECT DISTINCT c FROM sbtest2 WHERE id BETWEEN 6213812 AND 6213821 ORDER BY c
	Unique  (cost=44.33..44.38 rows=10 width=121)
	  ->  Sort  (cost=44.33..44.35 rows=10 width=121)
	        Sort Key: c
	        ->  Index Scan using sbtest2_pkey on sbtest2  (cost=0.43..44.16 rows=10 width=121)
	              Index Cond: ((id >= 6213812) AND (id <= 6213821))

table 3 : explain SELECT DISTINCT c FROM sbtest3 WHERE id BETWEEN 2767071 AND 2767080 ORDER BY c
	Unique  (cost=44.25..44.30 rows=10 width=121)
	  ->  Sort  (cost=44.25..44.28 rows=10 width=121)
	        Sort Key: c
	        ->  Index Scan using sbtest3_pkey on sbtest3  (cost=0.43..44.09 rows=10 width=121)
	              Index Cond: ((id >= 2767071) AND (id <= 2767080))

table 4 : explain SELECT DISTINCT c FROM sbtest4 WHERE id BETWEEN 8800744 AND 8800753 ORDER BY c
	Unique  (cost=48.20..48.26 rows=11 width=121)
	  ->  Sort  (cost=48.20..48.23 rows=11 width=121)
	        Sort Key: c
	        ->  Index Scan using sbtest4_pkey on sbtest4  (cost=0.43..48.01 rows=11 width=121)
	              Index Cond: ((id >= 8800744) AND (id <= 8800753))

table 5 : explain SELECT DISTINCT c FROM sbtest5 WHERE id BETWEEN 4370474 AND 4370483 ORDER BY c
	Unique  (cost=44.27..44.32 rows=10 width=121)
	  ->  Sort  (cost=44.27..44.29 rows=10 width=121)
	        Sort Key: c
	        ->  Index Scan using sbtest5_pkey on sbtest5  (cost=0.43..44.10 rows=10 width=121)
	              Index Cond: ((id >= 4370474) AND (id <= 4370483))

table 6 : explain SELECT DISTINCT c FROM sbtest6 WHERE id BETWEEN 5145857 AND 5145866 ORDER BY c
	Unique  (cost=44.21..44.26 rows=10 width=121)
	  ->  Sort  (cost=44.21..44.24 rows=10 width=121)
	        Sort Key: c
	        ->  Index Scan using sbtest6_pkey on sbtest6  (cost=0.43..44.05 rows=10 width=121)
	              Index Cond: ((id >= 5145857) AND (id <= 5145866))

table 7 : explain SELECT DISTINCT c FROM sbtest7 WHERE id BETWEEN 4093482 AND 4093491 ORDER BY c
	Unique  (cost=44.24..44.29 rows=10 width=121)
	  ->  Sort  (cost=44.24..44.27 rows=10 width=121)
	        Sort Key: c
	        ->  Index Scan using sbtest7_pkey on sbtest7  (cost=0.43..44.08 rows=10 width=121)
	              Index Cond: ((id >= 4093482) AND (id <= 4093491))

table 8 : explain SELECT DISTINCT c FROM sbtest8 WHERE id BETWEEN 528410 AND 528419 ORDER BY c
	Unique  (cost=44.11..44.16 rows=10 width=121)
	  ->  Sort  (cost=44.11..44.13 rows=10 width=121)
	        Sort Key: c
	        ->  Index Scan using sbtest8_pkey on sbtest8  (cost=0.43..43.94 rows=10 width=121)
	              Index Cond: ((id >= 528410) AND (id <= 528419))

for: distinct_ranges
table 1 : explain SELECT DISTINCT c FROM sbtest1 WHERE id BETWEEN 629058 AND 629067 ORDER BY c
	Unique  (cost=44.39..44.44 rows=10 width=121)
	  ->  Sort  (cost=44.39..44.41 rows=10 width=121)
	        Sort Key: c
	        ->  Index Scan using sbtest1_pkey on sbtest1  (cost=0.43..44.22 rows=10 width=121)
	              Index Cond: ((id >= 629058) AND (id <= 629067))

table 2 : explain SELECT DISTINCT c FROM sbtest2 WHERE id BETWEEN 4981611 AND 4981620 ORDER BY c
	Unique  (cost=44.33..44.38 rows=10 width=121)
	  ->  Sort  (cost=44.33..44.35 rows=10 width=121)
	        Sort Key: c
	        ->  Index Scan using sbtest2_pkey on sbtest2  (cost=0.43..44.16 rows=10 width=121)
	              Index Cond: ((id >= 4981611) AND (id <= 4981620))

table 3 : explain SELECT DISTINCT c FROM sbtest3 WHERE id BETWEEN 2437917 AND 2437926 ORDER BY c
	Unique  (cost=44.25..44.30 rows=10 width=121)
	  ->  Sort  (cost=44.25..44.28 rows=10 width=121)
	        Sort Key: c
	        ->  Index Scan using sbtest3_pkey on sbtest3  (cost=0.43..44.09 rows=10 width=121)
	              Index Cond: ((id >= 2437917) AND (id <= 2437926))

table 4 : explain SELECT DISTINCT c FROM sbtest4 WHERE id BETWEEN 2121630 AND 2121639 ORDER BY c
	Unique  (cost=44.22..44.27 rows=10 width=121)
	  ->  Sort  (cost=44.22..44.25 rows=10 width=121)
	        Sort Key: c
	        ->  Index Scan using sbtest4_pkey on sbtest4  (cost=0.43..44.06 rows=10 width=121)
	              Index Cond: ((id >= 2121630) AND (id <= 2121639))

table 5 : explain SELECT DISTINCT c FROM sbtest5 WHERE id BETWEEN 638659 AND 638668 ORDER BY c
	Unique  (cost=40.28..40.33 rows=9 width=121)
	  ->  Sort  (cost=40.28..40.30 rows=9 width=121)
	        Sort Key: c
	        ->  Index Scan using sbtest5_pkey on sbtest5  (cost=0.43..40.14 rows=9 width=121)
	              Index Cond: ((id >= 638659) AND (id <= 638668))

table 6 : explain SELECT DISTINCT c FROM sbtest6 WHERE id BETWEEN 8296802 AND 8296811 ORDER BY c
	Unique  (cost=44.21..44.26 rows=10 width=121)
	  ->  Sort  (cost=44.21..44.24 rows=10 width=121)
	        Sort Key: c
	        ->  Index Scan using sbtest6_pkey on sbtest6  (cost=0.43..44.05 rows=10 width=121)
	              Index Cond: ((id >= 8296802) AND (id <= 8296811))

table 7 : explain SELECT DISTINCT c FROM sbtest7 WHERE id BETWEEN 1844642 AND 1844651 ORDER BY c
	Unique  (cost=44.24..44.29 rows=10 width=121)
	  ->  Sort  (cost=44.24..44.27 rows=10 width=121)
	        Sort Key: c
	        ->  Index Scan using sbtest7_pkey on sbtest7  (cost=0.43..44.08 rows=10 width=121)
	              Index Cond: ((id >= 1844642) AND (id <= 1844651))

table 8 : explain SELECT DISTINCT c FROM sbtest8 WHERE id BETWEEN 8275093 AND 8275102 ORDER BY c
	Unique  (cost=44.11..44.16 rows=10 width=121)
	  ->  Sort  (cost=44.11..44.13 rows=10 width=121)
	        Sort Key: c
	        ->  Index Scan using sbtest8_pkey on sbtest8  (cost=0.43..43.94 rows=10 width=121)
	              Index Cond: ((id >= 8275093) AND (id <= 8275102))

for: distinct_ranges
table 1 : explain SELECT DISTINCT c FROM sbtest1 WHERE id BETWEEN 9037827 AND 9037836 ORDER BY c
	Unique  (cost=48.39..48.44 rows=11 width=121)
	  ->  Sort  (cost=48.39..48.41 rows=11 width=121)
	        Sort Key: c
	        ->  Index Scan using sbtest1_pkey on sbtest1  (cost=0.43..48.20 rows=11 width=121)
	              Index Cond: ((id >= 9037827) AND (id <= 9037836))

table 2 : explain SELECT DISTINCT c FROM sbtest2 WHERE id BETWEEN 5475637 AND 5475646 ORDER BY c
	Unique  (cost=40.34..40.38 rows=9 width=121)
	  ->  Sort  (cost=40.34..40.36 rows=9 width=121)
	        Sort Key: c
	        ->  Index Scan using sbtest2_pkey on sbtest2  (cost=0.43..40.19 rows=9 width=121)
	              Index Cond: ((id >= 5475637) AND (id <= 5475646))

table 3 : explain SELECT DISTINCT c FROM sbtest3 WHERE id BETWEEN 187036 AND 187045 ORDER BY c
	Unique  (cost=44.25..44.30 rows=10 width=121)
	  ->  Sort  (cost=44.25..44.28 rows=10 width=121)
	        Sort Key: c
	        ->  Index Scan using sbtest3_pkey on sbtest3  (cost=0.43..44.09 rows=10 width=121)
	              Index Cond: ((id >= 187036) AND (id <= 187045))

table 4 : explain SELECT DISTINCT c FROM sbtest4 WHERE id BETWEEN 6944246 AND 6944255 ORDER BY c
	Unique  (cost=44.22..44.27 rows=10 width=121)
	  ->  Sort  (cost=44.22..44.25 rows=10 width=121)
	        Sort Key: c
	        ->  Index Scan using sbtest4_pkey on sbtest4  (cost=0.43..44.06 rows=10 width=121)
	              Index Cond: ((id >= 6944246) AND (id <= 6944255))

table 5 : explain SELECT DISTINCT c FROM sbtest5 WHERE id BETWEEN 8736585 AND 8736594 ORDER BY c
	Unique  (cost=48.25..48.30 rows=11 width=121)
	  ->  Sort  (cost=48.25..48.28 rows=11 width=121)
	        Sort Key: c
	        ->  Index Scan using sbtest5_pkey on sbtest5  (cost=0.43..48.06 rows=11 width=121)
	              Index Cond: ((id >= 8736585) AND (id <= 8736594))

table 6 : explain SELECT DISTINCT c FROM sbtest6 WHERE id BETWEEN 4159751 AND 4159760 ORDER BY c
	Unique  (cost=44.21..44.26 rows=10 width=121)
	  ->  Sort  (cost=44.21..44.24 rows=10 width=121)
	        Sort Key: c
	        ->  Index Scan using sbtest6_pkey on sbtest6  (cost=0.43..44.05 rows=10 width=121)
	              Index Cond: ((id >= 4159751) AND (id <= 4159760))

table 7 : explain SELECT DISTINCT c FROM sbtest7 WHERE id BETWEEN 8218188 AND 8218197 ORDER BY c
	Unique  (cost=48.23..48.28 rows=11 width=121)
	  ->  Sort  (cost=48.23..48.25 rows=11 width=121)
	        Sort Key: c
	        ->  Index Scan using sbtest7_pkey on sbtest7  (cost=0.43..48.04 rows=11 width=121)
	              Index Cond: ((id >= 8218188) AND (id <= 8218197))

table 8 : explain SELECT DISTINCT c FROM sbtest8 WHERE id BETWEEN 249970 AND 249979 ORDER BY c
	Unique  (cost=44.11..44.16 rows=10 width=121)
	  ->  Sort  (cost=44.11..44.13 rows=10 width=121)
	        Sort Key: c
	        ->  Index Scan using sbtest8_pkey on sbtest8  (cost=0.43..43.94 rows=10 width=121)
	              Index Cond: ((id >= 249970) AND (id <= 249979))

for: distinct_ranges
table 1 : explain SELECT DISTINCT c FROM sbtest1 WHERE id BETWEEN 5437680 AND 5437689 ORDER BY c
	Unique  (cost=44.39..44.44 rows=10 width=121)
	  ->  Sort  (cost=44.39..44.41 rows=10 width=121)
	        Sort Key: c
	        ->  Index Scan using sbtest1_pkey on sbtest1  (cost=0.43..44.22 rows=10 width=121)
	              Index Cond: ((id >= 5437680) AND (id <= 5437689))

table 2 : explain SELECT DISTINCT c FROM sbtest2 WHERE id BETWEEN 3884236 AND 3884245 ORDER BY c
	Unique  (cost=48.32..48.37 rows=11 width=121)
	  ->  Sort  (cost=48.32..48.35 rows=11 width=121)
	        Sort Key: c
	        ->  Index Scan using sbtest2_pkey on sbtest2  (cost=0.43..48.13 rows=11 width=121)
	              Index Cond: ((id >= 3884236) AND (id <= 3884245))

table 3 : explain SELECT DISTINCT c FROM sbtest3 WHERE id BETWEEN 4689876 AND 4689885 ORDER BY c
	Unique  (cost=44.25..44.30 rows=10 width=121)
	  ->  Sort  (cost=44.25..44.28 rows=10 width=121)
	        Sort Key: c
	        ->  Index Scan using sbtest3_pkey on sbtest3  (cost=0.43..44.09 rows=10 width=121)
	              Index Cond: ((id >= 4689876) AND (id <= 4689885))

table 4 : explain SELECT DISTINCT c FROM sbtest4 WHERE id BETWEEN 6352323 AND 6352332 ORDER BY c
	Unique  (cost=44.22..44.27 rows=10 width=121)
	  ->  Sort  (cost=44.22..44.25 rows=10 width=121)
	        Sort Key: c
	        ->  Index Scan using sbtest4_pkey on sbtest4  (cost=0.43..44.06 rows=10 width=121)
	              Index Cond: ((id >= 6352323) AND (id <= 6352332))

table 5 : explain SELECT DISTINCT c FROM sbtest5 WHERE id BETWEEN 2884779 AND 2884788 ORDER BY c
	Unique  (cost=40.28..40.33 rows=9 width=121)
	  ->  Sort  (cost=40.28..40.30 rows=9 width=121)
	        Sort Key: c
	        ->  Index Scan using sbtest5_pkey on sbtest5  (cost=0.43..40.14 rows=9 width=121)
	              Index Cond: ((id >= 2884779) AND (id <= 2884788))

table 6 : explain SELECT DISTINCT c FROM sbtest6 WHERE id BETWEEN 2307002 AND 2307011 ORDER BY c
	Unique  (cost=44.21..44.26 rows=10 width=121)
	  ->  Sort  (cost=44.21..44.24 rows=10 width=121)
	        Sort Key: c
	        ->  Index Scan using sbtest6_pkey on sbtest6  (cost=0.43..44.05 rows=10 width=121)
	              Index Cond: ((id >= 2307002) AND (id <= 2307011))

table 7 : explain SELECT DISTINCT c FROM sbtest7 WHERE id BETWEEN 7821107 AND 7821116 ORDER BY c
	Unique  (cost=44.24..44.29 rows=10 width=121)
	  ->  Sort  (cost=44.24..44.27 rows=10 width=121)
	        Sort Key: c
	        ->  Index Scan using sbtest7_pkey on sbtest7  (cost=0.43..44.08 rows=10 width=121)
	              Index Cond: ((id >= 7821107) AND (id <= 7821116))

table 8 : explain SELECT DISTINCT c FROM sbtest8 WHERE id BETWEEN 9623043 AND 9623052 ORDER BY c
	Unique  (cost=44.11..44.16 rows=10 width=121)
	  ->  Sort  (cost=44.11..44.13 rows=10 width=121)
	        Sort Key: c
	        ->  Index Scan using sbtest8_pkey on sbtest8  (cost=0.43..43.94 rows=10 width=121)
	              Index Cond: ((id >= 9623043) AND (id <= 9623052))

for: sum_ranges
table 1 : explain SELECT SUM(k) FROM sbtest1 WHERE id BETWEEN 7160248 AND 7160257
	Aggregate  (cost=44.25..44.26 rows=1 width=8)
	  ->  Index Scan using sbtest1_pkey on sbtest1  (cost=0.43..44.22 rows=10 width=4)
	        Index Cond: ((id >= 7160248) AND (id <= 7160257))

table 2 : explain SELECT SUM(k) FROM sbtest2 WHERE id BETWEEN 2371891 AND 2371900
	Aggregate  (cost=44.19..44.20 rows=1 width=8)
	  ->  Index Scan using sbtest2_pkey on sbtest2  (cost=0.43..44.16 rows=10 width=4)
	        Index Cond: ((id >= 2371891) AND (id <= 2371900))

table 3 : explain SELECT SUM(k) FROM sbtest3 WHERE id BETWEEN 1576152 AND 1576161
	Aggregate  (cost=44.11..44.12 rows=1 width=8)
	  ->  Index Scan using sbtest3_pkey on sbtest3  (cost=0.43..44.09 rows=10 width=4)
	        Index Cond: ((id >= 1576152) AND (id <= 1576161))

table 4 : explain SELECT SUM(k) FROM sbtest4 WHERE id BETWEEN 286029 AND 286038
	Aggregate  (cost=40.12..40.13 rows=1 width=8)
	  ->  Index Scan using sbtest4_pkey on sbtest4  (cost=0.43..40.10 rows=9 width=4)
	        Index Cond: ((id >= 286029) AND (id <= 286038))

table 5 : explain SELECT SUM(k) FROM sbtest5 WHERE id BETWEEN 3128659 AND 3128668
	Aggregate  (cost=44.12..44.13 rows=1 width=8)
	  ->  Index Scan using sbtest5_pkey on sbtest5  (cost=0.43..44.10 rows=10 width=4)
	        Index Cond: ((id >= 3128659) AND (id <= 3128668))

table 6 : explain SELECT SUM(k) FROM sbtest6 WHERE id BETWEEN 5645560 AND 5645569
	Aggregate  (cost=48.03..48.04 rows=1 width=8)
	  ->  Index Scan using sbtest6_pkey on sbtest6  (cost=0.43..48.00 rows=11 width=4)
	        Index Cond: ((id >= 5645560) AND (id <= 5645569))

table 7 : explain SELECT SUM(k) FROM sbtest7 WHERE id BETWEEN 7641785 AND 7641794
	Aggregate  (cost=44.10..44.11 rows=1 width=8)
	  ->  Index Scan using sbtest7_pkey on sbtest7  (cost=0.43..44.08 rows=10 width=4)
	        Index Cond: ((id >= 7641785) AND (id <= 7641794))

table 8 : explain SELECT SUM(k) FROM sbtest8 WHERE id BETWEEN 7444275 AND 7444284
	Aggregate  (cost=43.97..43.98 rows=1 width=8)
	  ->  Index Scan using sbtest8_pkey on sbtest8  (cost=0.43..43.94 rows=10 width=4)
	        Index Cond: ((id >= 7444275) AND (id <= 7444284))

for: distinct_ranges
table 1 : explain SELECT DISTINCT c FROM sbtest1 WHERE id BETWEEN 8445121 AND 8445130 ORDER BY c
	Unique  (cost=44.39..44.44 rows=10 width=121)
	  ->  Sort  (cost=44.39..44.41 rows=10 width=121)
	        Sort Key: c
	        ->  Index Scan using sbtest1_pkey on sbtest1  (cost=0.43..44.22 rows=10 width=121)
	              Index Cond: ((id >= 8445121) AND (id <= 8445130))

table 2 : explain SELECT DISTINCT c FROM sbtest2 WHERE id BETWEEN 2920068 AND 2920077 ORDER BY c
	Unique  (cost=48.32..48.37 rows=11 width=121)
	  ->  Sort  (cost=48.32..48.35 rows=11 width=121)
	        Sort Key: c
	        ->  Index Scan using sbtest2_pkey on sbtest2  (cost=0.43..48.13 rows=11 width=121)
	              Index Cond: ((id >= 2920068) AND (id <= 2920077))

table 3 : explain SELECT DISTINCT c FROM sbtest3 WHERE id BETWEEN 4581042 AND 4581051 ORDER BY c
	Unique  (cost=44.25..44.30 rows=10 width=121)
	  ->  Sort  (cost=44.25..44.28 rows=10 width=121)
	        Sort Key: c
	        ->  Index Scan using sbtest3_pkey on sbtest3  (cost=0.43..44.09 rows=10 width=121)
	              Index Cond: ((id >= 4581042) AND (id <= 4581051))

table 4 : explain SELECT DISTINCT c FROM sbtest4 WHERE id BETWEEN 5662770 AND 5662779 ORDER BY c
	Unique  (cost=48.20..48.26 rows=11 width=121)
	  ->  Sort  (cost=48.20..48.23 rows=11 width=121)
	        Sort Key: c
	        ->  Index Scan using sbtest4_pkey on sbtest4  (cost=0.43..48.01 rows=11 width=121)
	              Index Cond: ((id >= 5662770) AND (id <= 5662779))

table 5 : explain SELECT DISTINCT c FROM sbtest5 WHERE id BETWEEN 1074847 AND 1074856 ORDER BY c
	Unique  (cost=44.27..44.32 rows=10 width=121)
	  ->  Sort  (cost=44.27..44.29 rows=10 width=121)
	        Sort Key: c
	        ->  Index Scan using sbtest5_pkey on sbtest5  (cost=0.43..44.10 rows=10 width=121)
	              Index Cond: ((id >= 1074847) AND (id <= 1074856))

table 6 : explain SELECT DISTINCT c FROM sbtest6 WHERE id BETWEEN 3875320 AND 3875329 ORDER BY c
	Unique  (cost=48.19..48.25 rows=11 width=121)
	  ->  Sort  (cost=48.19..48.22 rows=11 width=121)
	        Sort Key: c
	        ->  Index Scan using sbtest6_pkey on sbtest6  (cost=0.43..48.00 rows=11 width=121)
	              Index Cond: ((id >= 3875320) AND (id <= 3875329))

table 7 : explain SELECT DISTINCT c FROM sbtest7 WHERE id BETWEEN 9313609 AND 9313618 ORDER BY c
	Unique  (cost=44.24..44.29 rows=10 width=121)
	  ->  Sort  (cost=44.24..44.27 rows=10 width=121)
	        Sort Key: c
	        ->  Index Scan using sbtest7_pkey on sbtest7  (cost=0.43..44.08 rows=10 width=121)
	              Index Cond: ((id >= 9313609) AND (id <= 9313618))

table 8 : explain SELECT DISTINCT c FROM sbtest8 WHERE id BETWEEN 2260099 AND 2260108 ORDER BY c
	Unique  (cost=44.11..44.16 rows=10 width=121)
	  ->  Sort  (cost=44.11..44.13 rows=10 width=121)
	        Sort Key: c
	        ->  Index Scan using sbtest8_pkey on sbtest8  (cost=0.43..43.94 rows=10 width=121)
	              Index Cond: ((id >= 2260099) AND (id <= 2260108))

for: order_ranges
table 1 : explain SELECT c FROM sbtest1 WHERE id BETWEEN 7086446 AND 7086455 ORDER BY c
	Sort  (cost=44.39..44.41 rows=10 width=121)
	  Sort Key: c
	  ->  Index Scan using sbtest1_pkey on sbtest1  (cost=0.43..44.22 rows=10 width=121)
	        Index Cond: ((id >= 7086446) AND (id <= 7086455))

table 2 : explain SELECT c FROM sbtest2 WHERE id BETWEEN 3039721 AND 3039730 ORDER BY c
	Sort  (cost=44.33..44.35 rows=10 width=121)
	  Sort Key: c
	  ->  Index Scan using sbtest2_pkey on sbtest2  (cost=0.43..44.16 rows=10 width=121)
	        Index Cond: ((id >= 3039721) AND (id <= 3039730))

table 3 : explain SELECT c FROM sbtest3 WHERE id BETWEEN 113769 AND 113778 ORDER BY c
	Sort  (cost=44.25..44.28 rows=10 width=121)
	  Sort Key: c
	  ->  Index Scan using sbtest3_pkey on sbtest3  (cost=0.43..44.09 rows=10 width=121)
	        Index Cond: ((id >= 113769) AND (id <= 113778))

table 4 : explain SELECT c FROM sbtest4 WHERE id BETWEEN 9981212 AND 9981221 ORDER BY c
	Sort  (cost=44.22..44.25 rows=10 width=121)
	  Sort Key: c
	  ->  Index Scan using sbtest4_pkey on sbtest4  (cost=0.43..44.06 rows=10 width=121)
	        Index Cond: ((id >= 9981212) AND (id <= 9981221))

table 5 : explain SELECT c FROM sbtest5 WHERE id BETWEEN 5900415 AND 5900424 ORDER BY c
	Sort  (cost=44.27..44.29 rows=10 width=121)
	  Sort Key: c
	  ->  Index Scan using sbtest5_pkey on sbtest5  (cost=0.43..44.10 rows=10 width=121)
	        Index Cond: ((id >= 5900415) AND (id <= 5900424))

table 6 : explain SELECT c FROM sbtest6 WHERE id BETWEEN 369103 AND 369112 ORDER BY c
	Sort  (cost=44.21..44.24 rows=10 width=121)
	  Sort Key: c
	  ->  Index Scan using sbtest6_pkey on sbtest6  (cost=0.43..44.05 rows=10 width=121)
	        Index Cond: ((id >= 369103) AND (id <= 369112))

table 7 : explain SELECT c FROM sbtest7 WHERE id BETWEEN 5833238 AND 5833247 ORDER BY c
	Sort  (cost=44.24..44.27 rows=10 width=121)
	  Sort Key: c
	  ->  Index Scan using sbtest7_pkey on sbtest7  (cost=0.43..44.08 rows=10 width=121)
	        Index Cond: ((id >= 5833238) AND (id <= 5833247))

table 8 : explain SELECT c FROM sbtest8 WHERE id BETWEEN 1988320 AND 1988329 ORDER BY c
	Sort  (cost=44.11..44.13 rows=10 width=121)
	  Sort Key: c
	  ->  Index Scan using sbtest8_pkey on sbtest8  (cost=0.43..43.94 rows=10 width=121)
	        Index Cond: ((id >= 1988320) AND (id <= 1988329))

for: sum_ranges
table 1 : explain SELECT SUM(k) FROM sbtest1 WHERE id BETWEEN 1262889 AND 1262898
	Aggregate  (cost=40.27..40.28 rows=1 width=8)
	  ->  Index Scan using sbtest1_pkey on sbtest1  (cost=0.43..40.25 rows=9 width=4)
	        Index Cond: ((id >= 1262889) AND (id <= 1262898))

table 2 : explain SELECT SUM(k) FROM sbtest2 WHERE id BETWEEN 5838328 AND 5838337
	Aggregate  (cost=44.19..44.20 rows=1 width=8)
	  ->  Index Scan using sbtest2_pkey on sbtest2  (cost=0.43..44.16 rows=10 width=4)
	        Index Cond: ((id >= 5838328) AND (id <= 5838337))

table 3 : explain SELECT SUM(k) FROM sbtest3 WHERE id BETWEEN 7995695 AND 7995704
	Aggregate  (cost=44.11..44.12 rows=1 width=8)
	  ->  Index Scan using sbtest3_pkey on sbtest3  (cost=0.43..44.09 rows=10 width=4)
	        Index Cond: ((id >= 7995695) AND (id <= 7995704))

table 4 : explain SELECT SUM(k) FROM sbtest4 WHERE id BETWEEN 8616346 AND 8616355
	Aggregate  (cost=44.08..44.09 rows=1 width=8)
	  ->  Index Scan using sbtest4_pkey on sbtest4  (cost=0.43..44.06 rows=10 width=4)
	        Index Cond: ((id >= 8616346) AND (id <= 8616355))

table 5 : explain SELECT SUM(k) FROM sbtest5 WHERE id BETWEEN 2467463 AND 2467472
	Aggregate  (cost=44.12..44.13 rows=1 width=8)
	  ->  Index Scan using sbtest5_pkey on sbtest5  (cost=0.43..44.10 rows=10 width=4)
	        Index Cond: ((id >= 2467463) AND (id <= 2467472))

table 6 : explain SELECT SUM(k) FROM sbtest6 WHERE id BETWEEN 6975413 AND 6975422
	Aggregate  (cost=44.07..44.08 rows=1 width=8)
	  ->  Index Scan using sbtest6_pkey on sbtest6  (cost=0.43..44.05 rows=10 width=4)
	        Index Cond: ((id >= 6975413) AND (id <= 6975422))

table 7 : explain SELECT SUM(k) FROM sbtest7 WHERE id BETWEEN 842270 AND 842279
	Aggregate  (cost=44.10..44.11 rows=1 width=8)
	  ->  Index Scan using sbtest7_pkey on sbtest7  (cost=0.43..44.08 rows=10 width=4)
	        Index Cond: ((id >= 842270) AND (id <= 842279))

table 8 : explain SELECT SUM(k) FROM sbtest8 WHERE id BETWEEN 459600 AND 459609
	Aggregate  (cost=43.97..43.98 rows=1 width=8)
	  ->  Index Scan using sbtest8_pkey on sbtest8  (cost=0.43..43.94 rows=10 width=4)
	        Index Cond: ((id >= 459600) AND (id <= 459609))

for: distinct_ranges
table 1 : explain SELECT DISTINCT c FROM sbtest1 WHERE id BETWEEN 7180439 AND 7180448 ORDER BY c
	Unique  (cost=44.39..44.44 rows=10 width=121)
	  ->  Sort  (cost=44.39..44.41 rows=10 width=121)
	        Sort Key: c
	        ->  Index Scan using sbtest1_pkey on sbtest1  (cost=0.43..44.22 rows=10 width=121)
	              Index Cond: ((id >= 7180439) AND (id <= 7180448))

table 2 : explain SELECT DISTINCT c FROM sbtest2 WHERE id BETWEEN 3745977 AND 3745986 ORDER BY c
	Unique  (cost=44.33..44.38 rows=10 width=121)
	  ->  Sort  (cost=44.33..44.35 rows=10 width=121)
	        Sort Key: c
	        ->  Index Scan using sbtest2_pkey on sbtest2  (cost=0.43..44.16 rows=10 width=121)
	              Index Cond: ((id >= 3745977) AND (id <= 3745986))

table 3 : explain SELECT DISTINCT c FROM sbtest3 WHERE id BETWEEN 5525178 AND 5525187 ORDER BY c
	Unique  (cost=44.25..44.30 rows=10 width=121)
	  ->  Sort  (cost=44.25..44.28 rows=10 width=121)
	        Sort Key: c
	        ->  Index Scan using sbtest3_pkey on sbtest3  (cost=0.43..44.09 rows=10 width=121)
	              Index Cond: ((id >= 5525178) AND (id <= 5525187))

table 4 : explain SELECT DISTINCT c FROM sbtest4 WHERE id BETWEEN 5666444 AND 5666453 ORDER BY c
	Unique  (cost=48.20..48.26 rows=11 width=121)
	  ->  Sort  (cost=48.20..48.23 rows=11 width=121)
	        Sort Key: c
	        ->  Index Scan using sbtest4_pkey on sbtest4  (cost=0.43..48.01 rows=11 width=121)
	              Index Cond: ((id >= 5666444) AND (id <= 5666453))

table 5 : explain SELECT DISTINCT c FROM sbtest5 WHERE id BETWEEN 7901486 AND 7901495 ORDER BY c
	Unique  (cost=40.28..40.33 rows=9 width=121)
	  ->  Sort  (cost=40.28..40.30 rows=9 width=121)
	        Sort Key: c
	        ->  Index Scan using sbtest5_pkey on sbtest5  (cost=0.43..40.14 rows=9 width=121)
	              Index Cond: ((id >= 7901486) AND (id <= 7901495))

table 6 : explain SELECT DISTINCT c FROM sbtest6 WHERE id BETWEEN 9216125 AND 9216134 ORDER BY c
	Unique  (cost=40.24..40.28 rows=9 width=121)
	  ->  Sort  (cost=40.24..40.26 rows=9 width=121)
	        Sort Key: c
	        ->  Index Scan using sbtest6_pkey on sbtest6  (cost=0.43..40.09 rows=9 width=121)
	              Index Cond: ((id >= 9216125) AND (id <= 9216134))

table 7 : explain SELECT DISTINCT c FROM sbtest7 WHERE id BETWEEN 115177 AND 115186 ORDER BY c
	Unique  (cost=44.24..44.29 rows=10 width=121)
	  ->  Sort  (cost=44.24..44.27 rows=10 width=121)
	        Sort Key: c
	        ->  Index Scan using sbtest7_pkey on sbtest7  (cost=0.43..44.08 rows=10 width=121)
	              Index Cond: ((id >= 115177) AND (id <= 115186))

table 8 : explain SELECT DISTINCT c FROM sbtest8 WHERE id BETWEEN 7184946 AND 7184955 ORDER BY c
	Unique  (cost=44.11..44.16 rows=10 width=121)
	  ->  Sort  (cost=44.11..44.13 rows=10 width=121)
	        Sort Key: c
	        ->  Index Scan using sbtest8_pkey on sbtest8  (cost=0.43..43.94 rows=10 width=121)
	              Index Cond: ((id >= 7184946) AND (id <= 7184955))

for: distinct_ranges
table 1 : explain SELECT DISTINCT c FROM sbtest1 WHERE id BETWEEN 6000510 AND 6000519 ORDER BY c
	Unique  (cost=44.39..44.44 rows=10 width=121)
	  ->  Sort  (cost=44.39..44.41 rows=10 width=121)
	        Sort Key: c
	        ->  Index Scan using sbtest1_pkey on sbtest1  (cost=0.43..44.22 rows=10 width=121)
	              Index Cond: ((id >= 6000510) AND (id <= 6000519))

table 2 : explain SELECT DISTINCT c FROM sbtest2 WHERE id BETWEEN 8123444 AND 8123453 ORDER BY c
	Unique  (cost=44.33..44.38 rows=10 width=121)
	  ->  Sort  (cost=44.33..44.35 rows=10 width=121)
	        Sort Key: c
	        ->  Index Scan using sbtest2_pkey on sbtest2  (cost=0.43..44.16 rows=10 width=121)
	              Index Cond: ((id >= 8123444) AND (id <= 8123453))

table 3 : explain SELECT DISTINCT c FROM sbtest3 WHERE id BETWEEN 1428086 AND 1428095 ORDER BY c
	Unique  (cost=44.25..44.30 rows=10 width=121)
	  ->  Sort  (cost=44.25..44.28 rows=10 width=121)
	        Sort Key: c
	        ->  Index Scan using sbtest3_pkey on sbtest3  (cost=0.43..44.09 rows=10 width=121)
	              Index Cond: ((id >= 1428086) AND (id <= 1428095))

table 4 : explain SELECT DISTINCT c FROM sbtest4 WHERE id BETWEEN 2744400 AND 2744409 ORDER BY c
	Unique  (cost=48.20..48.26 rows=11 width=121)
	  ->  Sort  (cost=48.20..48.23 rows=11 width=121)
	        Sort Key: c
	        ->  Index Scan using sbtest4_pkey on sbtest4  (cost=0.43..48.01 rows=11 width=121)
	              Index Cond: ((id >= 2744400) AND (id <= 2744409))

table 5 : explain SELECT DISTINCT c FROM sbtest5 WHERE id BETWEEN 4590108 AND 4590117 ORDER BY c
	Unique  (cost=44.27..44.32 rows=10 width=121)
	  ->  Sort  (cost=44.27..44.29 rows=10 width=121)
	        Sort Key: c
	        ->  Index Scan using sbtest5_pkey on sbtest5  (cost=0.43..44.10 rows=10 width=121)
	              Index Cond: ((id >= 4590108) AND (id <= 4590117))

table 6 : explain SELECT DISTINCT c FROM sbtest6 WHERE id BETWEEN 574886 AND 574895 ORDER BY c
	Unique  (cost=40.24..40.28 rows=9 width=121)
	  ->  Sort  (cost=40.24..40.26 rows=9 width=121)
	        Sort Key: c
	        ->  Index Scan using sbtest6_pkey on sbtest6  (cost=0.43..40.09 rows=9 width=121)
	              Index Cond: ((id >= 574886) AND (id <= 574895))

table 7 : explain SELECT DISTINCT c FROM sbtest7 WHERE id BETWEEN 8642518 AND 8642527 ORDER BY c
	Unique  (cost=44.24..44.29 rows=10 width=121)
	  ->  Sort  (cost=44.24..44.27 rows=10 width=121)
	        Sort Key: c
	        ->  Index Scan using sbtest7_pkey on sbtest7  (cost=0.43..44.08 rows=10 width=121)
	              Index Cond: ((id >= 8642518) AND (id <= 8642527))

table 8 : explain SELECT DISTINCT c FROM sbtest8 WHERE id BETWEEN 9462630 AND 9462639 ORDER BY c
	Unique  (cost=44.11..44.16 rows=10 width=121)
	  ->  Sort  (cost=44.11..44.13 rows=10 width=121)
	        Sort Key: c
	        ->  Index Scan using sbtest8_pkey on sbtest8  (cost=0.43..43.94 rows=10 width=121)
	              Index Cond: ((id >= 9462630) AND (id <= 9462639))

for: distinct_ranges
table 1 : explain SELECT DISTINCT c FROM sbtest1 WHERE id BETWEEN 7027239 AND 7027248 ORDER BY c
	Unique  (cost=44.39..44.44 rows=10 width=121)
	  ->  Sort  (cost=44.39..44.41 rows=10 width=121)
	        Sort Key: c
	        ->  Index Scan using sbtest1_pkey on sbtest1  (cost=0.43..44.22 rows=10 width=121)
	              Index Cond: ((id >= 7027239) AND (id <= 7027248))

table 2 : explain SELECT DISTINCT c FROM sbtest2 WHERE id BETWEEN 2463058 AND 2463067 ORDER BY c
	Unique  (cost=44.33..44.38 rows=10 width=121)
	  ->  Sort  (cost=44.33..44.35 rows=10 width=121)
	        Sort Key: c
	        ->  Index Scan using sbtest2_pkey on sbtest2  (cost=0.43..44.16 rows=10 width=121)
	              Index Cond: ((id >= 2463058) AND (id <= 2463067))

table 3 : explain SELECT DISTINCT c FROM sbtest3 WHERE id BETWEEN 8098516 AND 8098525 ORDER BY c
	Unique  (cost=48.24..48.29 rows=11 width=121)
	  ->  Sort  (cost=48.24..48.26 rows=11 width=121)
	        Sort Key: c
	        ->  Index Scan using sbtest3_pkey on sbtest3  (cost=0.43..48.04 rows=11 width=121)
	              Index Cond: ((id >= 8098516) AND (id <= 8098525))

table 4 : explain SELECT DISTINCT c FROM sbtest4 WHERE id BETWEEN 6630088 AND 6630097 ORDER BY c
	Unique  (cost=44.22..44.27 rows=10 width=121)
	  ->  Sort  (cost=44.22..44.25 rows=10 width=121)
	        Sort Key: c
	        ->  Index Scan using sbtest4_pkey on sbtest4  (cost=0.43..44.06 rows=10 width=121)
	              Index Cond: ((id >= 6630088) AND (id <= 6630097))

table 5 : explain SELECT DISTINCT c FROM sbtest5 WHERE id BETWEEN 1031349 AND 1031358 ORDER BY c
	Unique  (cost=44.27..44.32 rows=10 width=121)
	  ->  Sort  (cost=44.27..44.29 rows=10 width=121)
	        Sort Key: c
	        ->  Index Scan using sbtest5_pkey on sbtest5  (cost=0.43..44.10 rows=10 width=121)
	              Index Cond: ((id >= 1031349) AND (id <= 1031358))

table 6 : explain SELECT DISTINCT c FROM sbtest6 WHERE id BETWEEN 3504260 AND 3504269 ORDER BY c
	Unique  (cost=44.21..44.26 rows=10 width=121)
	  ->  Sort  (cost=44.21..44.24 rows=10 width=121)
	        Sort Key: c
	        ->  Index Scan using sbtest6_pkey on sbtest6  (cost=0.43..44.05 rows=10 width=121)
	              Index Cond: ((id >= 3504260) AND (id <= 3504269))

table 7 : explain SELECT DISTINCT c FROM sbtest7 WHERE id BETWEEN 2121999 AND 2122008 ORDER BY c
	Unique  (cost=44.24..44.29 rows=10 width=121)
	  ->  Sort  (cost=44.24..44.27 rows=10 width=121)
	        Sort Key: c
	        ->  Index Scan using sbtest7_pkey on sbtest7  (cost=0.43..44.08 rows=10 width=121)
	              Index Cond: ((id >= 2121999) AND (id <= 2122008))

table 8 : explain SELECT DISTINCT c FROM sbtest8 WHERE id BETWEEN 2425152 AND 2425161 ORDER BY c
	Unique  (cost=44.11..44.16 rows=10 width=121)
	  ->  Sort  (cost=44.11..44.13 rows=10 width=121)
	        Sort Key: c
	        ->  Index Scan using sbtest8_pkey on sbtest8  (cost=0.43..43.94 rows=10 width=121)
	              Index Cond: ((id >= 2425152) AND (id <= 2425161))

for: distinct_ranges
table 1 : explain SELECT DISTINCT c FROM sbtest1 WHERE id BETWEEN 5256654 AND 5256663 ORDER BY c
	Unique  (cost=44.39..44.44 rows=10 width=121)
	  ->  Sort  (cost=44.39..44.41 rows=10 width=121)
	        Sort Key: c
	        ->  Index Scan using sbtest1_pkey on sbtest1  (cost=0.43..44.22 rows=10 width=121)
	              Index Cond: ((id >= 5256654) AND (id <= 5256663))

table 2 : explain SELECT DISTINCT c FROM sbtest2 WHERE id BETWEEN 7462421 AND 7462430 ORDER BY c
	Unique  (cost=44.33..44.38 rows=10 width=121)
	  ->  Sort  (cost=44.33..44.35 rows=10 width=121)
	        Sort Key: c
	        ->  Index Scan using sbtest2_pkey on sbtest2  (cost=0.43..44.16 rows=10 width=121)
	              Index Cond: ((id >= 7462421) AND (id <= 7462430))

table 3 : explain SELECT DISTINCT c FROM sbtest3 WHERE id BETWEEN 8063391 AND 8063400 ORDER BY c
	Unique  (cost=48.24..48.29 rows=11 width=121)
	  ->  Sort  (cost=48.24..48.26 rows=11 width=121)
	        Sort Key: c
	        ->  Index Scan using sbtest3_pkey on sbtest3  (cost=0.43..48.04 rows=11 width=121)
	              Index Cond: ((id >= 8063391) AND (id <= 8063400))

table 4 : explain SELECT DISTINCT c FROM sbtest4 WHERE id BETWEEN 8744430 AND 8744439 ORDER BY c
	Unique  (cost=48.20..48.26 rows=11 width=121)
	  ->  Sort  (cost=48.20..48.23 rows=11 width=121)
	        Sort Key: c
	        ->  Index Scan using sbtest4_pkey on sbtest4  (cost=0.43..48.01 rows=11 width=121)
	              Index Cond: ((id >= 8744430) AND (id <= 8744439))

table 5 : explain SELECT DISTINCT c FROM sbtest5 WHERE id BETWEEN 9675980 AND 9675989 ORDER BY c
	Unique  (cost=44.27..44.32 rows=10 width=121)
	  ->  Sort  (cost=44.27..44.29 rows=10 width=121)
	        Sort Key: c
	        ->  Index Scan using sbtest5_pkey on sbtest5  (cost=0.43..44.10 rows=10 width=121)
	              Index Cond: ((id >= 9675980) AND (id <= 9675989))

table 6 : explain SELECT DISTINCT c FROM sbtest6 WHERE id BETWEEN 509173 AND 509182 ORDER BY c
	Unique  (cost=40.24..40.28 rows=9 width=121)
	  ->  Sort  (cost=40.24..40.26 rows=9 width=121)
	        Sort Key: c
	        ->  Index Scan using sbtest6_pkey on sbtest6  (cost=0.43..40.09 rows=9 width=121)
	              Index Cond: ((id >= 509173) AND (id <= 509182))

table 7 : explain SELECT DISTINCT c FROM sbtest7 WHERE id BETWEEN 51221 AND 51230 ORDER BY c
	Unique  (cost=40.26..40.31 rows=9 width=121)
	  ->  Sort  (cost=40.26..40.28 rows=9 width=121)
	        Sort Key: c
	        ->  Index Scan using sbtest7_pkey on sbtest7  (cost=0.43..40.12 rows=9 width=121)
	              Index Cond: ((id >= 51221) AND (id <= 51230))

table 8 : explain SELECT DISTINCT c FROM sbtest8 WHERE id BETWEEN 1285359 AND 1285368 ORDER BY c
	Unique  (cost=40.14..40.19 rows=9 width=121)
	  ->  Sort  (cost=40.14..40.16 rows=9 width=121)
	        Sort Key: c
	        ->  Index Scan using sbtest8_pkey on sbtest8  (cost=0.43..40.00 rows=9 width=121)
	              Index Cond: ((id >= 1285359) AND (id <= 1285368))

for: order_ranges
table 1 : explain SELECT c FROM sbtest1 WHERE id BETWEEN 2320562 AND 2320571 ORDER BY c
	Sort  (cost=44.39..44.41 rows=10 width=121)
	  Sort Key: c
	  ->  Index Scan using sbtest1_pkey on sbtest1  (cost=0.43..44.22 rows=10 width=121)
	        Index Cond: ((id >= 2320562) AND (id <= 2320571))

table 2 : explain SELECT c FROM sbtest2 WHERE id BETWEEN 6595790 AND 6595799 ORDER BY c
	Sort  (cost=44.33..44.35 rows=10 width=121)
	  Sort Key: c
	  ->  Index Scan using sbtest2_pkey on sbtest2  (cost=0.43..44.16 rows=10 width=121)
	        Index Cond: ((id >= 6595790) AND (id <= 6595799))

table 3 : explain SELECT c FROM sbtest3 WHERE id BETWEEN 4040584 AND 4040593 ORDER BY c
	Sort  (cost=40.27..40.29 rows=9 width=121)
	  Sort Key: c
	  ->  Index Scan using sbtest3_pkey on sbtest3  (cost=0.43..40.13 rows=9 width=121)
	        Index Cond: ((id >= 4040584) AND (id <= 4040593))

table 4 : explain SELECT c FROM sbtest4 WHERE id BETWEEN 6138691 AND 6138700 ORDER BY c
	Sort  (cost=48.20..48.23 rows=11 width=121)
	  Sort Key: c
	  ->  Index Scan using sbtest4_pkey on sbtest4  (cost=0.43..48.01 rows=11 width=121)
	        Index Cond: ((id >= 6138691) AND (id <= 6138700))

table 5 : explain SELECT c FROM sbtest5 WHERE id BETWEEN 4166488 AND 4166497 ORDER BY c
	Sort  (cost=44.27..44.29 rows=10 width=121)
	  Sort Key: c
	  ->  Index Scan using sbtest5_pkey on sbtest5  (cost=0.43..44.10 rows=10 width=121)
	        Index Cond: ((id >= 4166488) AND (id <= 4166497))

table 6 : explain SELECT c FROM sbtest6 WHERE id BETWEEN 2383978 AND 2383987 ORDER BY c
	Sort  (cost=48.19..48.22 rows=11 width=121)
	  Sort Key: c
	  ->  Index Scan using sbtest6_pkey on sbtest6  (cost=0.43..48.00 rows=11 width=121)
	        Index Cond: ((id >= 2383978) AND (id <= 2383987))

table 7 : explain SELECT c FROM sbtest7 WHERE id BETWEEN 947446 AND 947455 ORDER BY c
	Sort  (cost=40.26..40.28 rows=9 width=121)
	  Sort Key: c
	  ->  Index Scan using sbtest7_pkey on sbtest7  (cost=0.43..40.12 rows=9 width=121)
	        Index Cond: ((id >= 947446) AND (id <= 947455))

table 8 : explain SELECT c FROM sbtest8 WHERE id BETWEEN 5736039 AND 5736048 ORDER BY c
	Sort  (cost=44.11..44.13 rows=10 width=121)
	  Sort Key: c
	  ->  Index Scan using sbtest8_pkey on sbtest8  (cost=0.43..43.94 rows=10 width=121)
	        Index Cond: ((id >= 5736039) AND (id <= 5736048))

for: distinct_ranges
table 1 : explain SELECT DISTINCT c FROM sbtest1 WHERE id BETWEEN 7371426 AND 7371435 ORDER BY c
	Unique  (cost=44.39..44.44 rows=10 width=121)
	  ->  Sort  (cost=44.39..44.41 rows=10 width=121)
	        Sort Key: c
	        ->  Index Scan using sbtest1_pkey on sbtest1  (cost=0.43..44.22 rows=10 width=121)
	              Index Cond: ((id >= 7371426) AND (id <= 7371435))

table 2 : explain SELECT DISTINCT c FROM sbtest2 WHERE id BETWEEN 8219293 AND 8219302 ORDER BY c
	Unique  (cost=44.33..44.38 rows=10 width=121)
	  ->  Sort  (cost=44.33..44.35 rows=10 width=121)
	        Sort Key: c
	        ->  Index Scan using sbtest2_pkey on sbtest2  (cost=0.43..44.16 rows=10 width=121)
	              Index Cond: ((id >= 8219293) AND (id <= 8219302))

table 3 : explain SELECT DISTINCT c FROM sbtest3 WHERE id BETWEEN 6409130 AND 6409139 ORDER BY c
	Unique  (cost=44.25..44.30 rows=10 width=121)
	  ->  Sort  (cost=44.25..44.28 rows=10 width=121)
	        Sort Key: c
	        ->  Index Scan using sbtest3_pkey on sbtest3  (cost=0.43..44.09 rows=10 width=121)
	              Index Cond: ((id >= 6409130) AND (id <= 6409139))

table 4 : explain SELECT DISTINCT c FROM sbtest4 WHERE id BETWEEN 1297341 AND 1297350 ORDER BY c
	Unique  (cost=48.20..48.26 rows=11 width=121)
	  ->  Sort  (cost=48.20..48.23 rows=11 width=121)
	        Sort Key: c
	        ->  Index Scan using sbtest4_pkey on sbtest4  (cost=0.43..48.01 rows=11 width=121)
	              Index Cond: ((id >= 1297341) AND (id <= 1297350))

table 5 : explain SELECT DISTINCT c FROM sbtest5 WHERE id BETWEEN 1954480 AND 1954489 ORDER BY c
	Unique  (cost=44.27..44.32 rows=10 width=121)
	  ->  Sort  (cost=44.27..44.29 rows=10 width=121)
	        Sort Key: c
	        ->  Index Scan using sbtest5_pkey on sbtest5  (cost=0.43..44.10 rows=10 width=121)
	              Index Cond: ((id >= 1954480) AND (id <= 1954489))

table 6 : explain SELECT DISTINCT c FROM sbtest6 WHERE id BETWEEN 7065395 AND 7065404 ORDER BY c
	Unique  (cost=40.24..40.28 rows=9 width=121)
	  ->  Sort  (cost=40.24..40.26 rows=9 width=121)
	        Sort Key: c
	        ->  Index Scan using sbtest6_pkey on sbtest6  (cost=0.43..40.09 rows=9 width=121)
	              Index Cond: ((id >= 7065395) AND (id <= 7065404))

table 7 : explain SELECT DISTINCT c FROM sbtest7 WHERE id BETWEEN 5353778 AND 5353787 ORDER BY c
	Unique  (cost=44.24..44.29 rows=10 width=121)
	  ->  Sort  (cost=44.24..44.27 rows=10 width=121)
	        Sort Key: c
	        ->  Index Scan using sbtest7_pkey on sbtest7  (cost=0.43..44.08 rows=10 width=121)
	              Index Cond: ((id >= 5353778) AND (id <= 5353787))

table 8 : explain SELECT DISTINCT c FROM sbtest8 WHERE id BETWEEN 426050 AND 426059 ORDER BY c
	Unique  (cost=44.11..44.16 rows=10 width=121)
	  ->  Sort  (cost=44.11..44.13 rows=10 width=121)
	        Sort Key: c
	        ->  Index Scan using sbtest8_pkey on sbtest8  (cost=0.43..43.94 rows=10 width=121)
	              Index Cond: ((id >= 426050) AND (id <= 426059))

for: distinct_ranges
table 1 : explain SELECT DISTINCT c FROM sbtest1 WHERE id BETWEEN 8888026 AND 8888035 ORDER BY c
	Unique  (cost=44.39..44.44 rows=10 width=121)
	  ->  Sort  (cost=44.39..44.41 rows=10 width=121)
	        Sort Key: c
	        ->  Index Scan using sbtest1_pkey on sbtest1  (cost=0.43..44.22 rows=10 width=121)
	              Index Cond: ((id >= 8888026) AND (id <= 8888035))

table 2 : explain SELECT DISTINCT c FROM sbtest2 WHERE id BETWEEN 8050819 AND 8050828 ORDER BY c
	Unique  (cost=44.33..44.38 rows=10 width=121)
	  ->  Sort  (cost=44.33..44.35 rows=10 width=121)
	        Sort Key: c
	        ->  Index Scan using sbtest2_pkey on sbtest2  (cost=0.43..44.16 rows=10 width=121)
	              Index Cond: ((id >= 8050819) AND (id <= 8050828))

table 3 : explain SELECT DISTINCT c FROM sbtest3 WHERE id BETWEEN 5803142 AND 5803151 ORDER BY c
	Unique  (cost=48.24..48.29 rows=11 width=121)
	  ->  Sort  (cost=48.24..48.26 rows=11 width=121)
	        Sort Key: c
	        ->  Index Scan using sbtest3_pkey on sbtest3  (cost=0.43..48.04 rows=11 width=121)
	              Index Cond: ((id >= 5803142) AND (id <= 5803151))

table 4 : explain SELECT DISTINCT c FROM sbtest4 WHERE id BETWEEN 9086842 AND 9086851 ORDER BY c
	Unique  (cost=48.20..48.26 rows=11 width=121)
	  ->  Sort  (cost=48.20..48.23 rows=11 width=121)
	        Sort Key: c
	        ->  Index Scan using sbtest4_pkey on sbtest4  (cost=0.43..48.01 rows=11 width=121)
	              Index Cond: ((id >= 9086842) AND (id <= 9086851))

table 5 : explain SELECT DISTINCT c FROM sbtest5 WHERE id BETWEEN 6663249 AND 6663258 ORDER BY c
	Unique  (cost=44.27..44.32 rows=10 width=121)
	  ->  Sort  (cost=44.27..44.29 rows=10 width=121)
	        Sort Key: c
	        ->  Index Scan using sbtest5_pkey on sbtest5  (cost=0.43..44.10 rows=10 width=121)
	              Index Cond: ((id >= 6663249) AND (id <= 6663258))

table 6 : explain SELECT DISTINCT c FROM sbtest6 WHERE id BETWEEN 5605231 AND 5605240 ORDER BY c
	Unique  (cost=44.21..44.26 rows=10 width=121)
	  ->  Sort  (cost=44.21..44.24 rows=10 width=121)
	        Sort Key: c
	        ->  Index Scan using sbtest6_pkey on sbtest6  (cost=0.43..44.05 rows=10 width=121)
	              Index Cond: ((id >= 5605231) AND (id <= 5605240))

table 7 : explain SELECT DISTINCT c FROM sbtest7 WHERE id BETWEEN 7866243 AND 7866252 ORDER BY c
	Unique  (cost=44.24..44.29 rows=10 width=121)
	  ->  Sort  (cost=44.24..44.27 rows=10 width=121)
	        Sort Key: c
	        ->  Index Scan using sbtest7_pkey on sbtest7  (cost=0.43..44.08 rows=10 width=121)
	              Index Cond: ((id >= 7866243) AND (id <= 7866252))

table 8 : explain SELECT DISTINCT c FROM sbtest8 WHERE id BETWEEN 2661838 AND 2661847 ORDER BY c
	Unique  (cost=44.11..44.16 rows=10 width=121)
	  ->  Sort  (cost=44.11..44.13 rows=10 width=121)
	        Sort Key: c
	        ->  Index Scan using sbtest8_pkey on sbtest8  (cost=0.43..43.94 rows=10 width=121)
	              Index Cond: ((id >= 2661838) AND (id <= 2661847))

for: order_ranges
table 1 : explain SELECT c FROM sbtest1 WHERE id BETWEEN 9849035 AND 9849044 ORDER BY c
	Sort  (cost=44.39..44.41 rows=10 width=121)
	  Sort Key: c
	  ->  Index Scan using sbtest1_pkey on sbtest1  (cost=0.43..44.22 rows=10 width=121)
	        Index Cond: ((id >= 9849035) AND (id <= 9849044))

table 2 : explain SELECT c FROM sbtest2 WHERE id BETWEEN 4017006 AND 4017015 ORDER BY c
	Sort  (cost=48.32..48.35 rows=11 width=121)
	  Sort Key: c
	  ->  Index Scan using sbtest2_pkey on sbtest2  (cost=0.43..48.13 rows=11 width=121)
	        Index Cond: ((id >= 4017006) AND (id <= 4017015))

table 3 : explain SELECT c FROM sbtest3 WHERE id BETWEEN 4579067 AND 4579076 ORDER BY c
	Sort  (cost=44.25..44.28 rows=10 width=121)
	  Sort Key: c
	  ->  Index Scan using sbtest3_pkey on sbtest3  (cost=0.43..44.09 rows=10 width=121)
	        Index Cond: ((id >= 4579067) AND (id <= 4579076))

table 4 : explain SELECT c FROM sbtest4 WHERE id BETWEEN 911063 AND 911072 ORDER BY c
	Sort  (cost=44.22..44.25 rows=10 width=121)
	  Sort Key: c
	  ->  Index Scan using sbtest4_pkey on sbtest4  (cost=0.43..44.06 rows=10 width=121)
	        Index Cond: ((id >= 911063) AND (id <= 911072))

table 5 : explain SELECT c FROM sbtest5 WHERE id BETWEEN 6337828 AND 6337837 ORDER BY c
	Sort  (cost=48.25..48.28 rows=11 width=121)
	  Sort Key: c
	  ->  Index Scan using sbtest5_pkey on sbtest5  (cost=0.43..48.06 rows=11 width=121)
	        Index Cond: ((id >= 6337828) AND (id <= 6337837))

table 6 : explain SELECT c FROM sbtest6 WHERE id BETWEEN 3828918 AND 3828927 ORDER BY c
	Sort  (cost=44.21..44.24 rows=10 width=121)
	  Sort Key: c
	  ->  Index Scan using sbtest6_pkey on sbtest6  (cost=0.43..44.05 rows=10 width=121)
	        Index Cond: ((id >= 3828918) AND (id <= 3828927))

table 7 : explain SELECT c FROM sbtest7 WHERE id BETWEEN 7788962 AND 7788971 ORDER BY c
	Sort  (cost=44.24..44.27 rows=10 width=121)
	  Sort Key: c
	  ->  Index Scan using sbtest7_pkey on sbtest7  (cost=0.43..44.08 rows=10 width=121)
	        Index Cond: ((id >= 7788962) AND (id <= 7788971))

table 8 : explain SELECT c FROM sbtest8 WHERE id BETWEEN 2478967 AND 2478976 ORDER BY c
	Sort  (cost=44.11..44.13 rows=10 width=121)
	  Sort Key: c
	  ->  Index Scan using sbtest8_pkey on sbtest8  (cost=0.43..43.94 rows=10 width=121)
	        Index Cond: ((id >= 2478967) AND (id <= 2478976))

for: order_ranges
table 1 : explain SELECT c FROM sbtest1 WHERE id BETWEEN 6259416 AND 6259425 ORDER BY c
	Sort  (cost=44.39..44.41 rows=10 width=121)
	  Sort Key: c
	  ->  Index Scan using sbtest1_pkey on sbtest1  (cost=0.43..44.22 rows=10 width=121)
	        Index Cond: ((id >= 6259416) AND (id <= 6259425))

table 2 : explain SELECT c FROM sbtest2 WHERE id BETWEEN 6961265 AND 6961274 ORDER BY c
	Sort  (cost=48.32..48.35 rows=11 width=121)
	  Sort Key: c
	  ->  Index Scan using sbtest2_pkey on sbtest2  (cost=0.43..48.13 rows=11 width=121)
	        Index Cond: ((id >= 6961265) AND (id <= 6961274))

table 3 : explain SELECT c FROM sbtest3 WHERE id BETWEEN 8618989 AND 8618998 ORDER BY c
	Sort  (cost=44.25..44.28 rows=10 width=121)
	  Sort Key: c
	  ->  Index Scan using sbtest3_pkey on sbtest3  (cost=0.43..44.09 rows=10 width=121)
	        Index Cond: ((id >= 8618989) AND (id <= 8618998))

table 4 : explain SELECT c FROM sbtest4 WHERE id BETWEEN 9236373 AND 9236382 ORDER BY c
	Sort  (cost=44.22..44.25 rows=10 width=121)
	  Sort Key: c
	  ->  Index Scan using sbtest4_pkey on sbtest4  (cost=0.43..44.06 rows=10 width=121)
	        Index Cond: ((id >= 9236373) AND (id <= 9236382))

table 5 : explain SELECT c FROM sbtest5 WHERE id BETWEEN 4623269 AND 4623278 ORDER BY c
	Sort  (cost=44.27..44.29 rows=10 width=121)
	  Sort Key: c
	  ->  Index Scan using sbtest5_pkey on sbtest5  (cost=0.43..44.10 rows=10 width=121)
	        Index Cond: ((id >= 4623269) AND (id <= 4623278))

table 6 : explain SELECT c FROM sbtest6 WHERE id BETWEEN 5905723 AND 5905732 ORDER BY c
	Sort  (cost=48.19..48.22 rows=11 width=121)
	  Sort Key: c
	  ->  Index Scan using sbtest6_pkey on sbtest6  (cost=0.43..48.00 rows=11 width=121)
	        Index Cond: ((id >= 5905723) AND (id <= 5905732))

table 7 : explain SELECT c FROM sbtest7 WHERE id BETWEEN 4324769 AND 4324778 ORDER BY c
	Sort  (cost=44.24..44.27 rows=10 width=121)
	  Sort Key: c
	  ->  Index Scan using sbtest7_pkey on sbtest7  (cost=0.43..44.08 rows=10 width=121)
	        Index Cond: ((id >= 4324769) AND (id <= 4324778))

table 8 : explain SELECT c FROM sbtest8 WHERE id BETWEEN 3890016 AND 3890025 ORDER BY c
	Sort  (cost=40.14..40.16 rows=9 width=121)
	  Sort Key: c
	  ->  Index Scan using sbtest8_pkey on sbtest8  (cost=0.43..40.00 rows=9 width=121)
	        Index Cond: ((id >= 3890016) AND (id <= 3890025))

for: order_ranges
table 1 : explain SELECT c FROM sbtest1 WHERE id BETWEEN 7187532 AND 7187541 ORDER BY c
	Sort  (cost=44.39..44.41 rows=10 width=121)
	  Sort Key: c
	  ->  Index Scan using sbtest1_pkey on sbtest1  (cost=0.43..44.22 rows=10 width=121)
	        Index Cond: ((id >= 7187532) AND (id <= 7187541))

table 2 : explain SELECT c FROM sbtest2 WHERE id BETWEEN 1518638 AND 1518647 ORDER BY c
	Sort  (cost=44.33..44.35 rows=10 width=121)
	  Sort Key: c
	  ->  Index Scan using sbtest2_pkey on sbtest2  (cost=0.43..44.16 rows=10 width=121)
	        Index Cond: ((id >= 1518638) AND (id <= 1518647))

table 3 : explain SELECT c FROM sbtest3 WHERE id BETWEEN 4874575 AND 4874584 ORDER BY c
	Sort  (cost=40.27..40.29 rows=9 width=121)
	  Sort Key: c
	  ->  Index Scan using sbtest3_pkey on sbtest3  (cost=0.43..40.13 rows=9 width=121)
	        Index Cond: ((id >= 4874575) AND (id <= 4874584))

table 4 : explain SELECT c FROM sbtest4 WHERE id BETWEEN 8600957 AND 8600966 ORDER BY c
	Sort  (cost=44.22..44.25 rows=10 width=121)
	  Sort Key: c
	  ->  Index Scan using sbtest4_pkey on sbtest4  (cost=0.43..44.06 rows=10 width=121)
	        Index Cond: ((id >= 8600957) AND (id <= 8600966))

table 5 : explain SELECT c FROM sbtest5 WHERE id BETWEEN 5261161 AND 5261170 ORDER BY c
	Sort  (cost=44.27..44.29 rows=10 width=121)
	  Sort Key: c
	  ->  Index Scan using sbtest5_pkey on sbtest5  (cost=0.43..44.10 rows=10 width=121)
	        Index Cond: ((id >= 5261161) AND (id <= 5261170))

table 6 : explain SELECT c FROM sbtest6 WHERE id BETWEEN 3859131 AND 3859140 ORDER BY c
	Sort  (cost=48.19..48.22 rows=11 width=121)
	  Sort Key: c
	  ->  Index Scan using sbtest6_pkey on sbtest6  (cost=0.43..48.00 rows=11 width=121)
	        Index Cond: ((id >= 3859131) AND (id <= 3859140))

table 7 : explain SELECT c FROM sbtest7 WHERE id BETWEEN 2578640 AND 2578649 ORDER BY c
	Sort  (cost=44.24..44.27 rows=10 width=121)
	  Sort Key: c
	  ->  Index Scan using sbtest7_pkey on sbtest7  (cost=0.43..44.08 rows=10 width=121)
	        Index Cond: ((id >= 2578640) AND (id <= 2578649))

table 8 : explain SELECT c FROM sbtest8 WHERE id BETWEEN 4108903 AND 4108912 ORDER BY c
	Sort  (cost=44.11..44.13 rows=10 width=121)
	  Sort Key: c
	  ->  Index Scan using sbtest8_pkey on sbtest8  (cost=0.43..43.94 rows=10 width=121)
	        Index Cond: ((id >= 4108903) AND (id <= 4108912))

for: order_ranges
table 1 : explain SELECT c FROM sbtest1 WHERE id BETWEEN 8750658 AND 8750667 ORDER BY c
	Sort  (cost=44.39..44.41 rows=10 width=121)
	  Sort Key: c
	  ->  Index Scan using sbtest1_pkey on sbtest1  (cost=0.43..44.22 rows=10 width=121)
	        Index Cond: ((id >= 8750658) AND (id <= 8750667))

table 2 : explain SELECT c FROM sbtest2 WHERE id BETWEEN 5003732 AND 5003741 ORDER BY c
	Sort  (cost=44.33..44.35 rows=10 width=121)
	  Sort Key: c
	  ->  Index Scan using sbtest2_pkey on sbtest2  (cost=0.43..44.16 rows=10 width=121)
	        Index Cond: ((id >= 5003732) AND (id <= 5003741))

table 3 : explain SELECT c FROM sbtest3 WHERE id BETWEEN 9353316 AND 9353325 ORDER BY c
	Sort  (cost=44.25..44.28 rows=10 width=121)
	  Sort Key: c
	  ->  Index Scan using sbtest3_pkey on sbtest3  (cost=0.43..44.09 rows=10 width=121)
	        Index Cond: ((id >= 9353316) AND (id <= 9353325))

table 4 : explain SELECT c FROM sbtest4 WHERE id BETWEEN 5089435 AND 5089444 ORDER BY c
	Sort  (cost=44.22..44.25 rows=10 width=121)
	  Sort Key: c
	  ->  Index Scan using sbtest4_pkey on sbtest4  (cost=0.43..44.06 rows=10 width=121)
	        Index Cond: ((id >= 5089435) AND (id <= 5089444))

table 5 : explain SELECT c FROM sbtest5 WHERE id BETWEEN 6511965 AND 6511974 ORDER BY c
	Sort  (cost=44.27..44.29 rows=10 width=121)
	  Sort Key: c
	  ->  Index Scan using sbtest5_pkey on sbtest5  (cost=0.43..44.10 rows=10 width=121)
	        Index Cond: ((id >= 6511965) AND (id <= 6511974))

table 6 : explain SELECT c FROM sbtest6 WHERE id BETWEEN 5947285 AND 5947294 ORDER BY c
	Sort  (cost=48.19..48.22 rows=11 width=121)
	  Sort Key: c
	  ->  Index Scan using sbtest6_pkey on sbtest6  (cost=0.43..48.00 rows=11 width=121)
	        Index Cond: ((id >= 5947285) AND (id <= 5947294))

table 7 : explain SELECT c FROM sbtest7 WHERE id BETWEEN 7427879 AND 7427888 ORDER BY c
	Sort  (cost=44.24..44.27 rows=10 width=121)
	  Sort Key: c
	  ->  Index Scan using sbtest7_pkey on sbtest7  (cost=0.43..44.08 rows=10 width=121)
	        Index Cond: ((id >= 7427879) AND (id <= 7427888))

table 8 : explain SELECT c FROM sbtest8 WHERE id BETWEEN 4619989 AND 4619998 ORDER BY c
	Sort  (cost=44.11..44.13 rows=10 width=121)
	  Sort Key: c
	  ->  Index Scan using sbtest8_pkey on sbtest8  (cost=0.43..43.94 rows=10 width=121)
	        Index Cond: ((id >= 4619989) AND (id <= 4619998))

for: distinct_ranges
table 1 : explain SELECT DISTINCT c FROM sbtest1 WHERE id BETWEEN 9155801 AND 9155810 ORDER BY c
	Unique  (cost=48.39..48.44 rows=11 width=121)
	  ->  Sort  (cost=48.39..48.41 rows=11 width=121)
	        Sort Key: c
	        ->  Index Scan using sbtest1_pkey on sbtest1  (cost=0.43..48.20 rows=11 width=121)
	              Index Cond: ((id >= 9155801) AND (id <= 9155810))

table 2 : explain SELECT DISTINCT c FROM sbtest2 WHERE id BETWEEN 5878385 AND 5878394 ORDER BY c
	Unique  (cost=48.32..48.37 rows=11 width=121)
	  ->  Sort  (cost=48.32..48.35 rows=11 width=121)
	        Sort Key: c
	        ->  Index Scan using sbtest2_pkey on sbtest2  (cost=0.43..48.13 rows=11 width=121)
	              Index Cond: ((id >= 5878385) AND (id <= 5878394))

table 3 : explain SELECT DISTINCT c FROM sbtest3 WHERE id BETWEEN 8245651 AND 8245660 ORDER BY c
	Unique  (cost=44.25..44.30 rows=10 width=121)
	  ->  Sort  (cost=44.25..44.28 rows=10 width=121)
	        Sort Key: c
	        ->  Index Scan using sbtest3_pkey on sbtest3  (cost=0.43..44.09 rows=10 width=121)
	              Index Cond: ((id >= 8245651) AND (id <= 8245660))

table 4 : explain SELECT DISTINCT c FROM sbtest4 WHERE id BETWEEN 9250884 AND 9250893 ORDER BY c
	Unique  (cost=44.22..44.27 rows=10 width=121)
	  ->  Sort  (cost=44.22..44.25 rows=10 width=121)
	        Sort Key: c
	        ->  Index Scan using sbtest4_pkey on sbtest4  (cost=0.43..44.06 rows=10 width=121)
	              Index Cond: ((id >= 9250884) AND (id <= 9250893))

table 5 : explain SELECT DISTINCT c FROM sbtest5 WHERE id BETWEEN 2301550 AND 2301559 ORDER BY c
	Unique  (cost=44.27..44.32 rows=10 width=121)
	  ->  Sort  (cost=44.27..44.29 rows=10 width=121)
	        Sort Key: c
	        ->  Index Scan using sbtest5_pkey on sbtest5  (cost=0.43..44.10 rows=10 width=121)
	              Index Cond: ((id >= 2301550) AND (id <= 2301559))

table 6 : explain SELECT DISTINCT c FROM sbtest6 WHERE id BETWEEN 4454854 AND 4454863 ORDER BY c
	Unique  (cost=44.21..44.26 rows=10 width=121)
	  ->  Sort  (cost=44.21..44.24 rows=10 width=121)
	        Sort Key: c
	        ->  Index Scan using sbtest6_pkey on sbtest6  (cost=0.43..44.05 rows=10 width=121)
	              Index Cond: ((id >= 4454854) AND (id <= 4454863))

table 7 : explain SELECT DISTINCT c FROM sbtest7 WHERE id BETWEEN 4170390 AND 4170399 ORDER BY c
	Unique  (cost=40.26..40.31 rows=9 width=121)
	  ->  Sort  (cost=40.26..40.28 rows=9 width=121)
	        Sort Key: c
	        ->  Index Scan using sbtest7_pkey on sbtest7  (cost=0.43..40.12 rows=9 width=121)
	              Index Cond: ((id >= 4170390) AND (id <= 4170399))

table 8 : explain SELECT DISTINCT c FROM sbtest8 WHERE id BETWEEN 27859 AND 27868 ORDER BY c
	Unique  (cost=40.14..40.19 rows=9 width=121)
	  ->  Sort  (cost=40.14..40.16 rows=9 width=121)
	        Sort Key: c
	        ->  Index Scan using sbtest8_pkey on sbtest8  (cost=0.43..40.00 rows=9 width=121)
	              Index Cond: ((id >= 27859) AND (id <= 27868))

for: order_ranges
table 1 : explain SELECT c FROM sbtest1 WHERE id BETWEEN 8645446 AND 8645455 ORDER BY c
	Sort  (cost=44.39..44.41 rows=10 width=121)
	  Sort Key: c
	  ->  Index Scan using sbtest1_pkey on sbtest1  (cost=0.43..44.22 rows=10 width=121)
	        Index Cond: ((id >= 8645446) AND (id <= 8645455))

table 2 : explain SELECT c FROM sbtest2 WHERE id BETWEEN 1337995 AND 1338004 ORDER BY c
	Sort  (cost=40.34..40.36 rows=9 width=121)
	  Sort Key: c
	  ->  Index Scan using sbtest2_pkey on sbtest2  (cost=0.43..40.19 rows=9 width=121)
	        Index Cond: ((id >= 1337995) AND (id <= 1338004))

table 3 : explain SELECT c FROM sbtest3 WHERE id BETWEEN 7064349 AND 7064358 ORDER BY c
	Sort  (cost=44.25..44.28 rows=10 width=121)
	  Sort Key: c
	  ->  Index Scan using sbtest3_pkey on sbtest3  (cost=0.43..44.09 rows=10 width=121)
	        Index Cond: ((id >= 7064349) AND (id <= 7064358))

table 4 : explain SELECT c FROM sbtest4 WHERE id BETWEEN 1322792 AND 1322801 ORDER BY c
	Sort  (cost=44.22..44.25 rows=10 width=121)
	  Sort Key: c
	  ->  Index Scan using sbtest4_pkey on sbtest4  (cost=0.43..44.06 rows=10 width=121)
	        Index Cond: ((id >= 1322792) AND (id <= 1322801))

table 5 : explain SELECT c FROM sbtest5 WHERE id BETWEEN 1078100 AND 1078109 ORDER BY c
	Sort  (cost=44.27..44.29 rows=10 width=121)
	  Sort Key: c
	  ->  Index Scan using sbtest5_pkey on sbtest5  (cost=0.43..44.10 rows=10 width=121)
	        Index Cond: ((id >= 1078100) AND (id <= 1078109))

table 6 : explain SELECT c FROM sbtest6 WHERE id BETWEEN 7268481 AND 7268490 ORDER BY c
	Sort  (cost=44.21..44.24 rows=10 width=121)
	  Sort Key: c
	  ->  Index Scan using sbtest6_pkey on sbtest6  (cost=0.43..44.05 rows=10 width=121)
	        Index Cond: ((id >= 7268481) AND (id <= 7268490))

table 7 : explain SELECT c FROM sbtest7 WHERE id BETWEEN 5610843 AND 5610852 ORDER BY c
	Sort  (cost=44.24..44.27 rows=10 width=121)
	  Sort Key: c
	  ->  Index Scan using sbtest7_pkey on sbtest7  (cost=0.43..44.08 rows=10 width=121)
	        Index Cond: ((id >= 5610843) AND (id <= 5610852))

table 8 : explain SELECT c FROM sbtest8 WHERE id BETWEEN 5542785 AND 5542794 ORDER BY c
	Sort  (cost=44.11..44.13 rows=10 width=121)
	  Sort Key: c
	  ->  Index Scan using sbtest8_pkey on sbtest8  (cost=0.43..43.94 rows=10 width=121)
	        Index Cond: ((id >= 5542785) AND (id <= 5542794))

for: distinct_ranges
table 1 : explain SELECT DISTINCT c FROM sbtest1 WHERE id BETWEEN 8476156 AND 8476165 ORDER BY c
	Unique  (cost=44.39..44.44 rows=10 width=121)
	  ->  Sort  (cost=44.39..44.41 rows=10 width=121)
	        Sort Key: c
	        ->  Index Scan using sbtest1_pkey on sbtest1  (cost=0.43..44.22 rows=10 width=121)
	              Index Cond: ((id >= 8476156) AND (id <= 8476165))

table 2 : explain SELECT DISTINCT c FROM sbtest2 WHERE id BETWEEN 3297405 AND 3297414 ORDER BY c
	Unique  (cost=44.33..44.38 rows=10 width=121)
	  ->  Sort  (cost=44.33..44.35 rows=10 width=121)
	        Sort Key: c
	        ->  Index Scan using sbtest2_pkey on sbtest2  (cost=0.43..44.16 rows=10 width=121)
	              Index Cond: ((id >= 3297405) AND (id <= 3297414))

table 3 : explain SELECT DISTINCT c FROM sbtest3 WHERE id BETWEEN 6111977 AND 6111986 ORDER BY c
	Unique  (cost=44.25..44.30 rows=10 width=121)
	  ->  Sort  (cost=44.25..44.28 rows=10 width=121)
	        Sort Key: c
	        ->  Index Scan using sbtest3_pkey on sbtest3  (cost=0.43..44.09 rows=10 width=121)
	              Index Cond: ((id >= 6111977) AND (id <= 6111986))

table 4 : explain SELECT DISTINCT c FROM sbtest4 WHERE id BETWEEN 2754130 AND 2754139 ORDER BY c
	Unique  (cost=48.20..48.26 rows=11 width=121)
	  ->  Sort  (cost=48.20..48.23 rows=11 width=121)
	        Sort Key: c
	        ->  Index Scan using sbtest4_pkey on sbtest4  (cost=0.43..48.01 rows=11 width=121)
	              Index Cond: ((id >= 2754130) AND (id <= 2754139))

table 5 : explain SELECT DISTINCT c FROM sbtest5 WHERE id BETWEEN 9294225 AND 9294234 ORDER BY c
	Unique  (cost=48.25..48.30 rows=11 width=121)
	  ->  Sort  (cost=48.25..48.28 rows=11 width=121)
	        Sort Key: c
	        ->  Index Scan using sbtest5_pkey on sbtest5  (cost=0.43..48.06 rows=11 width=121)
	              Index Cond: ((id >= 9294225) AND (id <= 9294234))

table 6 : explain SELECT DISTINCT c FROM sbtest6 WHERE id BETWEEN 7650364 AND 7650373 ORDER BY c
	Unique  (cost=44.21..44.26 rows=10 width=121)
	  ->  Sort  (cost=44.21..44.24 rows=10 width=121)
	        Sort Key: c
	        ->  Index Scan using sbtest6_pkey on sbtest6  (cost=0.43..44.05 rows=10 width=121)
	              Index Cond: ((id >= 7650364) AND (id <= 7650373))

table 7 : explain SELECT DISTINCT c FROM sbtest7 WHERE id BETWEEN 4817908 AND 4817917 ORDER BY c
	Unique  (cost=44.24..44.29 rows=10 width=121)
	  ->  Sort  (cost=44.24..44.27 rows=10 width=121)
	        Sort Key: c
	        ->  Index Scan using sbtest7_pkey on sbtest7  (cost=0.43..44.08 rows=10 width=121)
	              Index Cond: ((id >= 4817908) AND (id <= 4817917))

table 8 : explain SELECT DISTINCT c FROM sbtest8 WHERE id BETWEEN 594900 AND 594909 ORDER BY c
	Unique  (cost=44.11..44.16 rows=10 width=121)
	  ->  Sort  (cost=44.11..44.13 rows=10 width=121)
	        Sort Key: c
	        ->  Index Scan using sbtest8_pkey on sbtest8  (cost=0.43..43.94 rows=10 width=121)
	              Index Cond: ((id >= 594900) AND (id <= 594909))

for: distinct_ranges
table 1 : explain SELECT DISTINCT c FROM sbtest1 WHERE id BETWEEN 5995961 AND 5995970 ORDER BY c
	Unique  (cost=44.39..44.44 rows=10 width=121)
	  ->  Sort  (cost=44.39..44.41 rows=10 width=121)
	        Sort Key: c
	        ->  Index Scan using sbtest1_pkey on sbtest1  (cost=0.43..44.22 rows=10 width=121)
	              Index Cond: ((id >= 5995961) AND (id <= 5995970))

table 2 : explain SELECT DISTINCT c FROM sbtest2 WHERE id BETWEEN 9516797 AND 9516806 ORDER BY c
	Unique  (cost=48.32..48.37 rows=11 width=121)
	  ->  Sort  (cost=48.32..48.35 rows=11 width=121)
	        Sort Key: c
	        ->  Index Scan using sbtest2_pkey on sbtest2  (cost=0.43..48.13 rows=11 width=121)
	              Index Cond: ((id >= 9516797) AND (id <= 9516806))

table 3 : explain SELECT DISTINCT c FROM sbtest3 WHERE id BETWEEN 9247377 AND 9247386 ORDER BY c
	Unique  (cost=44.25..44.30 rows=10 width=121)
	  ->  Sort  (cost=44.25..44.28 rows=10 width=121)
	        Sort Key: c
	        ->  Index Scan using sbtest3_pkey on sbtest3  (cost=0.43..44.09 rows=10 width=121)
	              Index Cond: ((id >= 9247377) AND (id <= 9247386))

table 4 : explain SELECT DISTINCT c FROM sbtest4 WHERE id BETWEEN 6338857 AND 6338866 ORDER BY c
	Unique  (cost=44.22..44.27 rows=10 width=121)
	  ->  Sort  (cost=44.22..44.25 rows=10 width=121)
	        Sort Key: c
	        ->  Index Scan using sbtest4_pkey on sbtest4  (cost=0.43..44.06 rows=10 width=121)
	              Index Cond: ((id >= 6338857) AND (id <= 6338866))

table 5 : explain SELECT DISTINCT c FROM sbtest5 WHERE id BETWEEN 6435495 AND 6435504 ORDER BY c
	Unique  (cost=44.27..44.32 rows=10 width=121)
	  ->  Sort  (cost=44.27..44.29 rows=10 width=121)
	        Sort Key: c
	        ->  Index Scan using sbtest5_pkey on sbtest5  (cost=0.43..44.10 rows=10 width=121)
	              Index Cond: ((id >= 6435495) AND (id <= 6435504))

table 6 : explain SELECT DISTINCT c FROM sbtest6 WHERE id BETWEEN 5484469 AND 5484478 ORDER BY c
	Unique  (cost=44.21..44.26 rows=10 width=121)
	  ->  Sort  (cost=44.21..44.24 rows=10 width=121)
	        Sort Key: c
	        ->  Index Scan using sbtest6_pkey on sbtest6  (cost=0.43..44.05 rows=10 width=121)
	              Index Cond: ((id >= 5484469) AND (id <= 5484478))

table 7 : explain SELECT DISTINCT c FROM sbtest7 WHERE id BETWEEN 856131 AND 856140 ORDER BY c
	Unique  (cost=44.24..44.29 rows=10 width=121)
	  ->  Sort  (cost=44.24..44.27 rows=10 width=121)
	        Sort Key: c
	        ->  Index Scan using sbtest7_pkey on sbtest7  (cost=0.43..44.08 rows=10 width=121)
	              Index Cond: ((id >= 856131) AND (id <= 856140))

table 8 : explain SELECT DISTINCT c FROM sbtest8 WHERE id BETWEEN 3090294 AND 3090303 ORDER BY c
	Unique  (cost=44.11..44.16 rows=10 width=121)
	  ->  Sort  (cost=44.11..44.13 rows=10 width=121)
	        Sort Key: c
	        ->  Index Scan using sbtest8_pkey on sbtest8  (cost=0.43..43.94 rows=10 width=121)
	              Index Cond: ((id >= 3090294) AND (id <= 3090303))

for: distinct_ranges
table 1 : explain SELECT DISTINCT c FROM sbtest1 WHERE id BETWEEN 6953042 AND 6953051 ORDER BY c
	Unique  (cost=44.39..44.44 rows=10 width=121)
	  ->  Sort  (cost=44.39..44.41 rows=10 width=121)
	        Sort Key: c
	        ->  Index Scan using sbtest1_pkey on sbtest1  (cost=0.43..44.22 rows=10 width=121)
	              Index Cond: ((id >= 6953042) AND (id <= 6953051))

table 2 : explain SELECT DISTINCT c FROM sbtest2 WHERE id BETWEEN 9334500 AND 9334509 ORDER BY c
	Unique  (cost=44.33..44.38 rows=10 width=121)
	  ->  Sort  (cost=44.33..44.35 rows=10 width=121)
	        Sort Key: c
	        ->  Index Scan using sbtest2_pkey on sbtest2  (cost=0.43..44.16 rows=10 width=121)
	              Index Cond: ((id >= 9334500) AND (id <= 9334509))

table 3 : explain SELECT DISTINCT c FROM sbtest3 WHERE id BETWEEN 1482747 AND 1482756 ORDER BY c
	Unique  (cost=44.25..44.30 rows=10 width=121)
	  ->  Sort  (cost=44.25..44.28 rows=10 width=121)
	        Sort Key: c
	        ->  Index Scan using sbtest3_pkey on sbtest3  (cost=0.43..44.09 rows=10 width=121)
	              Index Cond: ((id >= 1482747) AND (id <= 1482756))

table 4 : explain SELECT DISTINCT c FROM sbtest4 WHERE id BETWEEN 5817738 AND 5817747 ORDER BY c
	Unique  (cost=40.24..40.29 rows=9 width=121)
	  ->  Sort  (cost=40.24..40.27 rows=9 width=121)
	        Sort Key: c
	        ->  Index Scan using sbtest4_pkey on sbtest4  (cost=0.43..40.10 rows=9 width=121)
	              Index Cond: ((id >= 5817738) AND (id <= 5817747))

table 5 : explain SELECT DISTINCT c FROM sbtest5 WHERE id BETWEEN 5081697 AND 5081706 ORDER BY c
	Unique  (cost=44.27..44.32 rows=10 width=121)
	  ->  Sort  (cost=44.27..44.29 rows=10 width=121)
	        Sort Key: c
	        ->  Index Scan using sbtest5_pkey on sbtest5  (cost=0.43..44.10 rows=10 width=121)
	              Index Cond: ((id >= 5081697) AND (id <= 5081706))

table 6 : explain SELECT DISTINCT c FROM sbtest6 WHERE id BETWEEN 4123132 AND 4123141 ORDER BY c
	Unique  (cost=44.21..44.26 rows=10 width=121)
	  ->  Sort  (cost=44.21..44.24 rows=10 width=121)
	        Sort Key: c
	        ->  Index Scan using sbtest6_pkey on sbtest6  (cost=0.43..44.05 rows=10 width=121)
	              Index Cond: ((id >= 4123132) AND (id <= 4123141))

table 7 : explain SELECT DISTINCT c FROM sbtest7 WHERE id BETWEEN 5604569 AND 5604578 ORDER BY c
	Unique  (cost=44.24..44.29 rows=10 width=121)
	  ->  Sort  (cost=44.24..44.27 rows=10 width=121)
	        Sort Key: c
	        ->  Index Scan using sbtest7_pkey on sbtest7  (cost=0.43..44.08 rows=10 width=121)
	              Index Cond: ((id >= 5604569) AND (id <= 5604578))

table 8 : explain SELECT DISTINCT c FROM sbtest8 WHERE id BETWEEN 1898351 AND 1898360 ORDER BY c
	Unique  (cost=44.11..44.16 rows=10 width=121)
	  ->  Sort  (cost=44.11..44.13 rows=10 width=121)
	        Sort Key: c
	        ->  Index Scan using sbtest8_pkey on sbtest8  (cost=0.43..43.94 rows=10 width=121)
	              Index Cond: ((id >= 1898351) AND (id <= 1898360))

for: order_ranges
table 1 : explain SELECT c FROM sbtest1 WHERE id BETWEEN 8687437 AND 8687446 ORDER BY c
	Sort  (cost=44.39..44.41 rows=10 width=121)
	  Sort Key: c
	  ->  Index Scan using sbtest1_pkey on sbtest1  (cost=0.43..44.22 rows=10 width=121)
	        Index Cond: ((id >= 8687437) AND (id <= 8687446))

table 2 : explain SELECT c FROM sbtest2 WHERE id BETWEEN 4611869 AND 4611878 ORDER BY c
	Sort  (cost=48.32..48.35 rows=11 width=121)
	  Sort Key: c
	  ->  Index Scan using sbtest2_pkey on sbtest2  (cost=0.43..48.13 rows=11 width=121)
	        Index Cond: ((id >= 4611869) AND (id <= 4611878))

table 3 : explain SELECT c FROM sbtest3 WHERE id BETWEEN 2601545 AND 2601554 ORDER BY c
	Sort  (cost=48.24..48.26 rows=11 width=121)
	  Sort Key: c
	  ->  Index Scan using sbtest3_pkey on sbtest3  (cost=0.43..48.04 rows=11 width=121)
	        Index Cond: ((id >= 2601545) AND (id <= 2601554))

table 4 : explain SELECT c FROM sbtest4 WHERE id BETWEEN 2822373 AND 2822382 ORDER BY c
	Sort  (cost=44.22..44.25 rows=10 width=121)
	  Sort Key: c
	  ->  Index Scan using sbtest4_pkey on sbtest4  (cost=0.43..44.06 rows=10 width=121)
	        Index Cond: ((id >= 2822373) AND (id <= 2822382))

table 5 : explain SELECT c FROM sbtest5 WHERE id BETWEEN 8047330 AND 8047339 ORDER BY c
	Sort  (cost=44.27..44.29 rows=10 width=121)
	  Sort Key: c
	  ->  Index Scan using sbtest5_pkey on sbtest5  (cost=0.43..44.10 rows=10 width=121)
	        Index Cond: ((id >= 8047330) AND (id <= 8047339))

table 6 : explain SELECT c FROM sbtest6 WHERE id BETWEEN 8055641 AND 8055650 ORDER BY c
	Sort  (cost=44.21..44.24 rows=10 width=121)
	  Sort Key: c
	  ->  Index Scan using sbtest6_pkey on sbtest6  (cost=0.43..44.05 rows=10 width=121)
	        Index Cond: ((id >= 8055641) AND (id <= 8055650))

table 7 : explain SELECT c FROM sbtest7 WHERE id BETWEEN 8098794 AND 8098803 ORDER BY c
	Sort  (cost=44.24..44.27 rows=10 width=121)
	  Sort Key: c
	  ->  Index Scan using sbtest7_pkey on sbtest7  (cost=0.43..44.08 rows=10 width=121)
	        Index Cond: ((id >= 8098794) AND (id <= 8098803))

table 8 : explain SELECT c FROM sbtest8 WHERE id BETWEEN 6919232 AND 6919241 ORDER BY c
	Sort  (cost=44.11..44.13 rows=10 width=121)
	  Sort Key: c
	  ->  Index Scan using sbtest8_pkey on sbtest8  (cost=0.43..43.94 rows=10 width=121)
	        Index Cond: ((id >= 6919232) AND (id <= 6919241))

for: distinct_ranges
table 1 : explain SELECT DISTINCT c FROM sbtest1 WHERE id BETWEEN 623918 AND 623927 ORDER BY c
	Unique  (cost=44.39..44.44 rows=10 width=121)
	  ->  Sort  (cost=44.39..44.41 rows=10 width=121)
	        Sort Key: c
	        ->  Index Scan using sbtest1_pkey on sbtest1  (cost=0.43..44.22 rows=10 width=121)
	              Index Cond: ((id >= 623918) AND (id <= 623927))

table 2 : explain SELECT DISTINCT c FROM sbtest2 WHERE id BETWEEN 9760574 AND 9760583 ORDER BY c
	Unique  (cost=44.33..44.38 rows=10 width=121)
	  ->  Sort  (cost=44.33..44.35 rows=10 width=121)
	        Sort Key: c
	        ->  Index Scan using sbtest2_pkey on sbtest2  (cost=0.43..44.16 rows=10 width=121)
	              Index Cond: ((id >= 9760574) AND (id <= 9760583))

table 3 : explain SELECT DISTINCT c FROM sbtest3 WHERE id BETWEEN 8533571 AND 8533580 ORDER BY c
	Unique  (cost=48.24..48.29 rows=11 width=121)
	  ->  Sort  (cost=48.24..48.26 rows=11 width=121)
	        Sort Key: c
	        ->  Index Scan using sbtest3_pkey on sbtest3  (cost=0.43..48.04 rows=11 width=121)
	              Index Cond: ((id >= 8533571) AND (id <= 8533580))

table 4 : explain SELECT DISTINCT c FROM sbtest4 WHERE id BETWEEN 138526 AND 138535 ORDER BY c
	Unique  (cost=44.22..44.27 rows=10 width=121)
	  ->  Sort  (cost=44.22..44.25 rows=10 width=121)
	        Sort Key: c
	        ->  Index Scan using sbtest4_pkey on sbtest4  (cost=0.43..44.06 rows=10 width=121)
	              Index Cond: ((id >= 138526) AND (id <= 138535))

table 5 : explain SELECT DISTINCT c FROM sbtest5 WHERE id BETWEEN 6122284 AND 6122293 ORDER BY c
	Unique  (cost=44.27..44.32 rows=10 width=121)
	  ->  Sort  (cost=44.27..44.29 rows=10 width=121)
	        Sort Key: c
	        ->  Index Scan using sbtest5_pkey on sbtest5  (cost=0.43..44.10 rows=10 width=121)
	              Index Cond: ((id >= 6122284) AND (id <= 6122293))

table 6 : explain SELECT DISTINCT c FROM sbtest6 WHERE id BETWEEN 9975133 AND 9975142 ORDER BY c
	Unique  (cost=44.21..44.26 rows=10 width=121)
	  ->  Sort  (cost=44.21..44.24 rows=10 width=121)
	        Sort Key: c
	        ->  Index Scan using sbtest6_pkey on sbtest6  (cost=0.43..44.05 rows=10 width=121)
	              Index Cond: ((id >= 9975133) AND (id <= 9975142))

table 7 : explain SELECT DISTINCT c FROM sbtest7 WHERE id BETWEEN 5123475 AND 5123484 ORDER BY c
	Unique  (cost=44.24..44.29 rows=10 width=121)
	  ->  Sort  (cost=44.24..44.27 rows=10 width=121)
	        Sort Key: c
	        ->  Index Scan using sbtest7_pkey on sbtest7  (cost=0.43..44.08 rows=10 width=121)
	              Index Cond: ((id >= 5123475) AND (id <= 5123484))

table 8 : explain SELECT DISTINCT c FROM sbtest8 WHERE id BETWEEN 6405456 AND 6405465 ORDER BY c
	Unique  (cost=48.08..48.13 rows=11 width=121)
	  ->  Sort  (cost=48.08..48.10 rows=11 width=121)
	        Sort Key: c
	        ->  Index Scan using sbtest8_pkey on sbtest8  (cost=0.43..47.89 rows=11 width=121)
	              Index Cond: ((id >= 6405456) AND (id <= 6405465))

for: order_ranges
table 1 : explain SELECT c FROM sbtest1 WHERE id BETWEEN 2002674 AND 2002683 ORDER BY c
	Sort  (cost=44.39..44.41 rows=10 width=121)
	  Sort Key: c
	  ->  Index Scan using sbtest1_pkey on sbtest1  (cost=0.43..44.22 rows=10 width=121)
	        Index Cond: ((id >= 2002674) AND (id <= 2002683))

table 2 : explain SELECT c FROM sbtest2 WHERE id BETWEEN 2842642 AND 2842651 ORDER BY c
	Sort  (cost=48.32..48.35 rows=11 width=121)
	  Sort Key: c
	  ->  Index Scan using sbtest2_pkey on sbtest2  (cost=0.43..48.13 rows=11 width=121)
	        Index Cond: ((id >= 2842642) AND (id <= 2842651))

table 3 : explain SELECT c FROM sbtest3 WHERE id BETWEEN 7187363 AND 7187372 ORDER BY c
	Sort  (cost=44.25..44.28 rows=10 width=121)
	  Sort Key: c
	  ->  Index Scan using sbtest3_pkey on sbtest3  (cost=0.43..44.09 rows=10 width=121)
	        Index Cond: ((id >= 7187363) AND (id <= 7187372))

table 4 : explain SELECT c FROM sbtest4 WHERE id BETWEEN 77334 AND 77343 ORDER BY c
	Sort  (cost=44.22..44.25 rows=10 width=121)
	  Sort Key: c
	  ->  Index Scan using sbtest4_pkey on sbtest4  (cost=0.43..44.06 rows=10 width=121)
	        Index Cond: ((id >= 77334) AND (id <= 77343))

table 5 : explain SELECT c FROM sbtest5 WHERE id BETWEEN 4425640 AND 4425649 ORDER BY c
	Sort  (cost=44.27..44.29 rows=10 width=121)
	  Sort Key: c
	  ->  Index Scan using sbtest5_pkey on sbtest5  (cost=0.43..44.10 rows=10 width=121)
	        Index Cond: ((id >= 4425640) AND (id <= 4425649))

table 6 : explain SELECT c FROM sbtest6 WHERE id BETWEEN 1634813 AND 1634822 ORDER BY c
	Sort  (cost=40.24..40.26 rows=9 width=121)
	  Sort Key: c
	  ->  Index Scan using sbtest6_pkey on sbtest6  (cost=0.43..40.09 rows=9 width=121)
	        Index Cond: ((id >= 1634813) AND (id <= 1634822))

table 7 : explain SELECT c FROM sbtest7 WHERE id BETWEEN 5171099 AND 5171108 ORDER BY c
	Sort  (cost=44.24..44.27 rows=10 width=121)
	  Sort Key: c
	  ->  Index Scan using sbtest7_pkey on sbtest7  (cost=0.43..44.08 rows=10 width=121)
	        Index Cond: ((id >= 5171099) AND (id <= 5171108))

table 8 : explain SELECT c FROM sbtest8 WHERE id BETWEEN 900776 AND 900785 ORDER BY c
	Sort  (cost=48.08..48.10 rows=11 width=121)
	  Sort Key: c
	  ->  Index Scan using sbtest8_pkey on sbtest8  (cost=0.43..47.89 rows=11 width=121)
	        Index Cond: ((id >= 900776) AND (id <= 900785))

for: distinct_ranges
table 1 : explain SELECT DISTINCT c FROM sbtest1 WHERE id BETWEEN 6796552 AND 6796561 ORDER BY c
	Unique  (cost=44.39..44.44 rows=10 width=121)
	  ->  Sort  (cost=44.39..44.41 rows=10 width=121)
	        Sort Key: c
	        ->  Index Scan using sbtest1_pkey on sbtest1  (cost=0.43..44.22 rows=10 width=121)
	              Index Cond: ((id >= 6796552) AND (id <= 6796561))

table 2 : explain SELECT DISTINCT c FROM sbtest2 WHERE id BETWEEN 8672611 AND 8672620 ORDER BY c
	Unique  (cost=40.34..40.38 rows=9 width=121)
	  ->  Sort  (cost=40.34..40.36 rows=9 width=121)
	        Sort Key: c
	        ->  Index Scan using sbtest2_pkey on sbtest2  (cost=0.43..40.19 rows=9 width=121)
	              Index Cond: ((id >= 8672611) AND (id <= 8672620))

table 3 : explain SELECT DISTINCT c FROM sbtest3 WHERE id BETWEEN 9196859 AND 9196868 ORDER BY c
	Unique  (cost=44.25..44.30 rows=10 width=121)
	  ->  Sort  (cost=44.25..44.28 rows=10 width=121)
	        Sort Key: c
	        ->  Index Scan using sbtest3_pkey on sbtest3  (cost=0.43..44.09 rows=10 width=121)
	              Index Cond: ((id >= 9196859) AND (id <= 9196868))

table 4 : explain SELECT DISTINCT c FROM sbtest4 WHERE id BETWEEN 6955268 AND 6955277 ORDER BY c
	Unique  (cost=44.22..44.27 rows=10 width=121)
	  ->  Sort  (cost=44.22..44.25 rows=10 width=121)
	        Sort Key: c
	        ->  Index Scan using sbtest4_pkey on sbtest4  (cost=0.43..44.06 rows=10 width=121)
	              Index Cond: ((id >= 6955268) AND (id <= 6955277))

table 5 : explain SELECT DISTINCT c FROM sbtest5 WHERE id BETWEEN 2450883 AND 2450892 ORDER BY c
	Unique  (cost=44.27..44.32 rows=10 width=121)
	  ->  Sort  (cost=44.27..44.29 rows=10 width=121)
	        Sort Key: c
	        ->  Index Scan using sbtest5_pkey on sbtest5  (cost=0.43..44.10 rows=10 width=121)
	              Index Cond: ((id >= 2450883) AND (id <= 2450892))

table 6 : explain SELECT DISTINCT c FROM sbtest6 WHERE id BETWEEN 2249408 AND 2249417 ORDER BY c
	Unique  (cost=44.21..44.26 rows=10 width=121)
	  ->  Sort  (cost=44.21..44.24 rows=10 width=121)
	        Sort Key: c
	        ->  Index Scan using sbtest6_pkey on sbtest6  (cost=0.43..44.05 rows=10 width=121)
	              Index Cond: ((id >= 2249408) AND (id <= 2249417))

table 7 : explain SELECT DISTINCT c FROM sbtest7 WHERE id BETWEEN 2782106 AND 2782115 ORDER BY c
	Unique  (cost=44.24..44.29 rows=10 width=121)
	  ->  Sort  (cost=44.24..44.27 rows=10 width=121)
	        Sort Key: c
	        ->  Index Scan using sbtest7_pkey on sbtest7  (cost=0.43..44.08 rows=10 width=121)
	              Index Cond: ((id >= 2782106) AND (id <= 2782115))

table 8 : explain SELECT DISTINCT c FROM sbtest8 WHERE id BETWEEN 8778447 AND 8778456 ORDER BY c
	Unique  (cost=44.11..44.16 rows=10 width=121)
	  ->  Sort  (cost=44.11..44.13 rows=10 width=121)
	        Sort Key: c
	        ->  Index Scan using sbtest8_pkey on sbtest8  (cost=0.43..43.94 rows=10 width=121)
	              Index Cond: ((id >= 8778447) AND (id <= 8778456))

for: distinct_ranges
table 1 : explain SELECT DISTINCT c FROM sbtest1 WHERE id BETWEEN 7348137 AND 7348146 ORDER BY c
	Unique  (cost=44.39..44.44 rows=10 width=121)
	  ->  Sort  (cost=44.39..44.41 rows=10 width=121)
	        Sort Key: c
	        ->  Index Scan using sbtest1_pkey on sbtest1  (cost=0.43..44.22 rows=10 width=121)
	              Index Cond: ((id >= 7348137) AND (id <= 7348146))

table 2 : explain SELECT DISTINCT c FROM sbtest2 WHERE id BETWEEN 175499 AND 175508 ORDER BY c
	Unique  (cost=44.33..44.38 rows=10 width=121)
	  ->  Sort  (cost=44.33..44.35 rows=10 width=121)
	        Sort Key: c
	        ->  Index Scan using sbtest2_pkey on sbtest2  (cost=0.43..44.16 rows=10 width=121)
	              Index Cond: ((id >= 175499) AND (id <= 175508))

table 3 : explain SELECT DISTINCT c FROM sbtest3 WHERE id BETWEEN 2073765 AND 2073774 ORDER BY c
	Unique  (cost=44.25..44.30 rows=10 width=121)
	  ->  Sort  (cost=44.25..44.28 rows=10 width=121)
	        Sort Key: c
	        ->  Index Scan using sbtest3_pkey on sbtest3  (cost=0.43..44.09 rows=10 width=121)
	              Index Cond: ((id >= 2073765) AND (id <= 2073774))

table 4 : explain SELECT DISTINCT c FROM sbtest4 WHERE id BETWEEN 3417886 AND 3417895 ORDER BY c
	Unique  (cost=44.22..44.27 rows=10 width=121)
	  ->  Sort  (cost=44.22..44.25 rows=10 width=121)
	        Sort Key: c
	        ->  Index Scan using sbtest4_pkey on sbtest4  (cost=0.43..44.06 rows=10 width=121)
	              Index Cond: ((id >= 3417886) AND (id <= 3417895))

table 5 : explain SELECT DISTINCT c FROM sbtest5 WHERE id BETWEEN 8224660 AND 8224669 ORDER BY c
	Unique  (cost=44.27..44.32 rows=10 width=121)
	  ->  Sort  (cost=44.27..44.29 rows=10 width=121)
	        Sort Key: c
	        ->  Index Scan using sbtest5_pkey on sbtest5  (cost=0.43..44.10 rows=10 width=121)
	              Index Cond: ((id >= 8224660) AND (id <= 8224669))

table 6 : explain SELECT DISTINCT c FROM sbtest6 WHERE id BETWEEN 9782661 AND 9782670 ORDER BY c
	Unique  (cost=44.21..44.26 rows=10 width=121)
	  ->  Sort  (cost=44.21..44.24 rows=10 width=121)
	        Sort Key: c
	        ->  Index Scan using sbtest6_pkey on sbtest6  (cost=0.43..44.05 rows=10 width=121)
	              Index Cond: ((id >= 9782661) AND (id <= 9782670))

table 7 : explain SELECT DISTINCT c FROM sbtest7 WHERE id BETWEEN 1415589 AND 1415598 ORDER BY c
	Unique  (cost=44.24..44.29 rows=10 width=121)
	  ->  Sort  (cost=44.24..44.27 rows=10 width=121)
	        Sort Key: c
	        ->  Index Scan using sbtest7_pkey on sbtest7  (cost=0.43..44.08 rows=10 width=121)
	              Index Cond: ((id >= 1415589) AND (id <= 1415598))

table 8 : explain SELECT DISTINCT c FROM sbtest8 WHERE id BETWEEN 4853904 AND 4853913 ORDER BY c
	Unique  (cost=40.14..40.19 rows=9 width=121)
	  ->  Sort  (cost=40.14..40.16 rows=9 width=121)
	        Sort Key: c
	        ->  Index Scan using sbtest8_pkey on sbtest8  (cost=0.43..40.00 rows=9 width=121)
	              Index Cond: ((id >= 4853904) AND (id <= 4853913))

for: distinct_ranges
table 1 : explain SELECT DISTINCT c FROM sbtest1 WHERE id BETWEEN 1378797 AND 1378806 ORDER BY c
	Unique  (cost=44.39..44.44 rows=10 width=121)
	  ->  Sort  (cost=44.39..44.41 rows=10 width=121)
	        Sort Key: c
	        ->  Index Scan using sbtest1_pkey on sbtest1  (cost=0.43..44.22 rows=10 width=121)
	              Index Cond: ((id >= 1378797) AND (id <= 1378806))

table 2 : explain SELECT DISTINCT c FROM sbtest2 WHERE id BETWEEN 4665637 AND 4665646 ORDER BY c
	Unique  (cost=44.33..44.38 rows=10 width=121)
	  ->  Sort  (cost=44.33..44.35 rows=10 width=121)
	        Sort Key: c
	        ->  Index Scan using sbtest2_pkey on sbtest2  (cost=0.43..44.16 rows=10 width=121)
	              Index Cond: ((id >= 4665637) AND (id <= 4665646))

table 3 : explain SELECT DISTINCT c FROM sbtest3 WHERE id BETWEEN 9289489 AND 9289498 ORDER BY c
	Unique  (cost=44.25..44.30 rows=10 width=121)
	  ->  Sort  (cost=44.25..44.28 rows=10 width=121)
	        Sort Key: c
	        ->  Index Scan using sbtest3_pkey on sbtest3  (cost=0.43..44.09 rows=10 width=121)
	              Index Cond: ((id >= 9289489) AND (id <= 9289498))

table 4 : explain SELECT DISTINCT c FROM sbtest4 WHERE id BETWEEN 3425351 AND 3425360 ORDER BY c
	Unique  (cost=44.22..44.27 rows=10 width=121)
	  ->  Sort  (cost=44.22..44.25 rows=10 width=121)
	        Sort Key: c
	        ->  Index Scan using sbtest4_pkey on sbtest4  (cost=0.43..44.06 rows=10 width=121)
	              Index Cond: ((id >= 3425351) AND (id <= 3425360))

table 5 : explain SELECT DISTINCT c FROM sbtest5 WHERE id BETWEEN 9619955 AND 9619964 ORDER BY c
	Unique  (cost=44.27..44.32 rows=10 width=121)
	  ->  Sort  (cost=44.27..44.29 rows=10 width=121)
	        Sort Key: c
	        ->  Index Scan using sbtest5_pkey on sbtest5  (cost=0.43..44.10 rows=10 width=121)
	              Index Cond: ((id >= 9619955) AND (id <= 9619964))

table 6 : explain SELECT DISTINCT c FROM sbtest6 WHERE id BETWEEN 7678461 AND 7678470 ORDER BY c
	Unique  (cost=44.21..44.26 rows=10 width=121)
	  ->  Sort  (cost=44.21..44.24 rows=10 width=121)
	        Sort Key: c
	        ->  Index Scan using sbtest6_pkey on sbtest6  (cost=0.43..44.05 rows=10 width=121)
	              Index Cond: ((id >= 7678461) AND (id <= 7678470))

table 7 : explain SELECT DISTINCT c FROM sbtest7 WHERE id BETWEEN 4964981 AND 4964990 ORDER BY c
	Unique  (cost=48.23..48.28 rows=11 width=121)
	  ->  Sort  (cost=48.23..48.25 rows=11 width=121)
	        Sort Key: c
	        ->  Index Scan using sbtest7_pkey on sbtest7  (cost=0.43..48.04 rows=11 width=121)
	              Index Cond: ((id >= 4964981) AND (id <= 4964990))

table 8 : explain SELECT DISTINCT c FROM sbtest8 WHERE id BETWEEN 9898628 AND 9898637 ORDER BY c
	Unique  (cost=44.11..44.16 rows=10 width=121)
	  ->  Sort  (cost=44.11..44.13 rows=10 width=121)
	        Sort Key: c
	        ->  Index Scan using sbtest8_pkey on sbtest8  (cost=0.43..43.94 rows=10 width=121)
	              Index Cond: ((id >= 9898628) AND (id <= 9898637))

for: distinct_ranges
table 1 : explain SELECT DISTINCT c FROM sbtest1 WHERE id BETWEEN 5775696 AND 5775705 ORDER BY c
	Unique  (cost=48.39..48.44 rows=11 width=121)
	  ->  Sort  (cost=48.39..48.41 rows=11 width=121)
	        Sort Key: c
	        ->  Index Scan using sbtest1_pkey on sbtest1  (cost=0.43..48.20 rows=11 width=121)
	              Index Cond: ((id >= 5775696) AND (id <= 5775705))

table 2 : explain SELECT DISTINCT c FROM sbtest2 WHERE id BETWEEN 9344006 AND 9344015 ORDER BY c
	Unique  (cost=44.33..44.38 rows=10 width=121)
	  ->  Sort  (cost=44.33..44.35 rows=10 width=121)
	        Sort Key: c
	        ->  Index Scan using sbtest2_pkey on sbtest2  (cost=0.43..44.16 rows=10 width=121)
	              Index Cond: ((id >= 9344006) AND (id <= 9344015))

table 3 : explain SELECT DISTINCT c FROM sbtest3 WHERE id BETWEEN 7792570 AND 7792579 ORDER BY c
	Unique  (cost=48.24..48.29 rows=11 width=121)
	  ->  Sort  (cost=48.24..48.26 rows=11 width=121)
	        Sort Key: c
	        ->  Index Scan using sbtest3_pkey on sbtest3  (cost=0.43..48.04 rows=11 width=121)
	              Index Cond: ((id >= 7792570) AND (id <= 7792579))

table 4 : explain SELECT DISTINCT c FROM sbtest4 WHERE id BETWEEN 3924578 AND 3924587 ORDER BY c
	Unique  (cost=44.22..44.27 rows=10 width=121)
	  ->  Sort  (cost=44.22..44.25 rows=10 width=121)
	        Sort Key: c
	        ->  Index Scan using sbtest4_pkey on sbtest4  (cost=0.43..44.06 rows=10 width=121)
	              Index Cond: ((id >= 3924578) AND (id <= 3924587))

table 5 : explain SELECT DISTINCT c FROM sbtest5 WHERE id BETWEEN 4072601 AND 4072610 ORDER BY c
	Unique  (cost=40.28..40.33 rows=9 width=121)
	  ->  Sort  (cost=40.28..40.30 rows=9 width=121)
	        Sort Key: c
	        ->  Index Scan using sbtest5_pkey on sbtest5  (cost=0.43..40.14 rows=9 width=121)
	              Index Cond: ((id >= 4072601) AND (id <= 4072610))

table 6 : explain SELECT DISTINCT c FROM sbtest6 WHERE id BETWEEN 6968295 AND 6968304 ORDER BY c
	Unique  (cost=44.21..44.26 rows=10 width=121)
	  ->  Sort  (cost=44.21..44.24 rows=10 width=121)
	        Sort Key: c
	        ->  Index Scan using sbtest6_pkey on sbtest6  (cost=0.43..44.05 rows=10 width=121)
	              Index Cond: ((id >= 6968295) AND (id <= 6968304))

table 7 : explain SELECT DISTINCT c FROM sbtest7 WHERE id BETWEEN 3252605 AND 3252614 ORDER BY c
	Unique  (cost=48.23..48.28 rows=11 width=121)
	  ->  Sort  (cost=48.23..48.25 rows=11 width=121)
	        Sort Key: c
	        ->  Index Scan using sbtest7_pkey on sbtest7  (cost=0.43..48.04 rows=11 width=121)
	              Index Cond: ((id >= 3252605) AND (id <= 3252614))

table 8 : explain SELECT DISTINCT c FROM sbtest8 WHERE id BETWEEN 4994934 AND 4994943 ORDER BY c
	Unique  (cost=44.11..44.16 rows=10 width=121)
	  ->  Sort  (cost=44.11..44.13 rows=10 width=121)
	        Sort Key: c
	        ->  Index Scan using sbtest8_pkey on sbtest8  (cost=0.43..43.94 rows=10 width=121)
	              Index Cond: ((id >= 4994934) AND (id <= 4994943))

for: order_ranges
table 1 : explain SELECT c FROM sbtest1 WHERE id BETWEEN 8275111 AND 8275120 ORDER BY c
	Sort  (cost=44.39..44.41 rows=10 width=121)
	  Sort Key: c
	  ->  Index Scan using sbtest1_pkey on sbtest1  (cost=0.43..44.22 rows=10 width=121)
	        Index Cond: ((id >= 8275111) AND (id <= 8275120))

table 2 : explain SELECT c FROM sbtest2 WHERE id BETWEEN 4485302 AND 4485311 ORDER BY c
	Sort  (cost=44.33..44.35 rows=10 width=121)
	  Sort Key: c
	  ->  Index Scan using sbtest2_pkey on sbtest2  (cost=0.43..44.16 rows=10 width=121)
	        Index Cond: ((id >= 4485302) AND (id <= 4485311))

table 3 : explain SELECT c FROM sbtest3 WHERE id BETWEEN 3140150 AND 3140159 ORDER BY c
	Sort  (cost=44.25..44.28 rows=10 width=121)
	  Sort Key: c
	  ->  Index Scan using sbtest3_pkey on sbtest3  (cost=0.43..44.09 rows=10 width=121)
	        Index Cond: ((id >= 3140150) AND (id <= 3140159))

table 4 : explain SELECT c FROM sbtest4 WHERE id BETWEEN 8601686 AND 8601695 ORDER BY c
	Sort  (cost=44.22..44.25 rows=10 width=121)
	  Sort Key: c
	  ->  Index Scan using sbtest4_pkey on sbtest4  (cost=0.43..44.06 rows=10 width=121)
	        Index Cond: ((id >= 8601686) AND (id <= 8601695))

table 5 : explain SELECT c FROM sbtest5 WHERE id BETWEEN 4623188 AND 4623197 ORDER BY c
	Sort  (cost=44.27..44.29 rows=10 width=121)
	  Sort Key: c
	  ->  Index Scan using sbtest5_pkey on sbtest5  (cost=0.43..44.10 rows=10 width=121)
	        Index Cond: ((id >= 4623188) AND (id <= 4623197))

table 6 : explain SELECT c FROM sbtest6 WHERE id BETWEEN 6854677 AND 6854686 ORDER BY c
	Sort  (cost=48.19..48.22 rows=11 width=121)
	  Sort Key: c
	  ->  Index Scan using sbtest6_pkey on sbtest6  (cost=0.43..48.00 rows=11 width=121)
	        Index Cond: ((id >= 6854677) AND (id <= 6854686))

table 7 : explain SELECT c FROM sbtest7 WHERE id BETWEEN 8006254 AND 8006263 ORDER BY c
	Sort  (cost=44.24..44.27 rows=10 width=121)
	  Sort Key: c
	  ->  Index Scan using sbtest7_pkey on sbtest7  (cost=0.43..44.08 rows=10 width=121)
	        Index Cond: ((id >= 8006254) AND (id <= 8006263))

table 8 : explain SELECT c FROM sbtest8 WHERE id BETWEEN 7016683 AND 7016692 ORDER BY c
	Sort  (cost=44.11..44.13 rows=10 width=121)
	  Sort Key: c
	  ->  Index Scan using sbtest8_pkey on sbtest8  (cost=0.43..43.94 rows=10 width=121)
	        Index Cond: ((id >= 7016683) AND (id <= 7016692))

for: order_ranges
table 1 : explain SELECT c FROM sbtest1 WHERE id BETWEEN 8411406 AND 8411415 ORDER BY c
	Sort  (cost=44.39..44.41 rows=10 width=121)
	  Sort Key: c
	  ->  Index Scan using sbtest1_pkey on sbtest1  (cost=0.43..44.22 rows=10 width=121)
	        Index Cond: ((id >= 8411406) AND (id <= 8411415))

table 2 : explain SELECT c FROM sbtest2 WHERE id BETWEEN 8496588 AND 8496597 ORDER BY c
	Sort  (cost=40.34..40.36 rows=9 width=121)
	  Sort Key: c
	  ->  Index Scan using sbtest2_pkey on sbtest2  (cost=0.43..40.19 rows=9 width=121)
	        Index Cond: ((id >= 8496588) AND (id <= 8496597))

table 3 : explain SELECT c FROM sbtest3 WHERE id BETWEEN 5468121 AND 5468130 ORDER BY c
	Sort  (cost=48.24..48.26 rows=11 width=121)
	  Sort Key: c
	  ->  Index Scan using sbtest3_pkey on sbtest3  (cost=0.43..48.04 rows=11 width=121)
	        Index Cond: ((id >= 5468121) AND (id <= 5468130))

table 4 : explain SELECT c FROM sbtest4 WHERE id BETWEEN 7119506 AND 7119515 ORDER BY c
	Sort  (cost=44.22..44.25 rows=10 width=121)
	  Sort Key: c
	  ->  Index Scan using sbtest4_pkey on sbtest4  (cost=0.43..44.06 rows=10 width=121)
	        Index Cond: ((id >= 7119506) AND (id <= 7119515))

table 5 : explain SELECT c FROM sbtest5 WHERE id BETWEEN 7776494 AND 7776503 ORDER BY c
	Sort  (cost=44.27..44.29 rows=10 width=121)
	  Sort Key: c
	  ->  Index Scan using sbtest5_pkey on sbtest5  (cost=0.43..44.10 rows=10 width=121)
	        Index Cond: ((id >= 7776494) AND (id <= 7776503))

table 6 : explain SELECT c FROM sbtest6 WHERE id BETWEEN 9861592 AND 9861601 ORDER BY c
	Sort  (cost=44.21..44.24 rows=10 width=121)
	  Sort Key: c
	  ->  Index Scan using sbtest6_pkey on sbtest6  (cost=0.43..44.05 rows=10 width=121)
	        Index Cond: ((id >= 9861592) AND (id <= 9861601))

table 7 : explain SELECT c FROM sbtest7 WHERE id BETWEEN 9709545 AND 9709554 ORDER BY c
	Sort  (cost=44.24..44.27 rows=10 width=121)
	  Sort Key: c
	  ->  Index Scan using sbtest7_pkey on sbtest7  (cost=0.43..44.08 rows=10 width=121)
	        Index Cond: ((id >= 9709545) AND (id <= 9709554))

table 8 : explain SELECT c FROM sbtest8 WHERE id BETWEEN 1249605 AND 1249614 ORDER BY c
	Sort  (cost=40.14..40.16 rows=9 width=121)
	  Sort Key: c
	  ->  Index Scan using sbtest8_pkey on sbtest8  (cost=0.43..40.00 rows=9 width=121)
	        Index Cond: ((id >= 1249605) AND (id <= 1249614))

for: distinct_ranges
table 1 : explain SELECT DISTINCT c FROM sbtest1 WHERE id BETWEEN 4651146 AND 4651155 ORDER BY c
	Unique  (cost=44.39..44.44 rows=10 width=121)
	  ->  Sort  (cost=44.39..44.41 rows=10 width=121)
	        Sort Key: c
	        ->  Index Scan using sbtest1_pkey on sbtest1  (cost=0.43..44.22 rows=10 width=121)
	              Index Cond: ((id >= 4651146) AND (id <= 4651155))

table 2 : explain SELECT DISTINCT c FROM sbtest2 WHERE id BETWEEN 1967052 AND 1967061 ORDER BY c
	Unique  (cost=40.34..40.38 rows=9 width=121)
	  ->  Sort  (cost=40.34..40.36 rows=9 width=121)
	        Sort Key: c
	        ->  Index Scan using sbtest2_pkey on sbtest2  (cost=0.43..40.19 rows=9 width=121)
	              Index Cond: ((id >= 1967052) AND (id <= 1967061))

table 3 : explain SELECT DISTINCT c FROM sbtest3 WHERE id BETWEEN 4580611 AND 4580620 ORDER BY c
	Unique  (cost=44.25..44.30 rows=10 width=121)
	  ->  Sort  (cost=44.25..44.28 rows=10 width=121)
	        Sort Key: c
	        ->  Index Scan using sbtest3_pkey on sbtest3  (cost=0.43..44.09 rows=10 width=121)
	              Index Cond: ((id >= 4580611) AND (id <= 4580620))

table 4 : explain SELECT DISTINCT c FROM sbtest4 WHERE id BETWEEN 7646 AND 7655 ORDER BY c
	Unique  (cost=44.22..44.27 rows=10 width=121)
	  ->  Sort  (cost=44.22..44.25 rows=10 width=121)
	        Sort Key: c
	        ->  Index Scan using sbtest4_pkey on sbtest4  (cost=0.43..44.06 rows=10 width=121)
	              Index Cond: ((id >= 7646) AND (id <= 7655))

table 5 : explain SELECT DISTINCT c FROM sbtest5 WHERE id BETWEEN 6591364 AND 6591373 ORDER BY c
	Unique  (cost=44.27..44.32 rows=10 width=121)
	  ->  Sort  (cost=44.27..44.29 rows=10 width=121)
	        Sort Key: c
	        ->  Index Scan using sbtest5_pkey on sbtest5  (cost=0.43..44.10 rows=10 width=121)
	              Index Cond: ((id >= 6591364) AND (id <= 6591373))

table 6 : explain SELECT DISTINCT c FROM sbtest6 WHERE id BETWEEN 7239257 AND 7239266 ORDER BY c
	Unique  (cost=44.21..44.26 rows=10 width=121)
	  ->  Sort  (cost=44.21..44.24 rows=10 width=121)
	        Sort Key: c
	        ->  Index Scan using sbtest6_pkey on sbtest6  (cost=0.43..44.05 rows=10 width=121)
	              Index Cond: ((id >= 7239257) AND (id <= 7239266))

table 7 : explain SELECT DISTINCT c FROM sbtest7 WHERE id BETWEEN 2066311 AND 2066320 ORDER BY c
	Unique  (cost=44.24..44.29 rows=10 width=121)
	  ->  Sort  (cost=44.24..44.27 rows=10 width=121)
	        Sort Key: c
	        ->  Index Scan using sbtest7_pkey on sbtest7  (cost=0.43..44.08 rows=10 width=121)
	              Index Cond: ((id >= 2066311) AND (id <= 2066320))

table 8 : explain SELECT DISTINCT c FROM sbtest8 WHERE id BETWEEN 9293170 AND 9293179 ORDER BY c
	Unique  (cost=40.14..40.19 rows=9 width=121)
	  ->  Sort  (cost=40.14..40.16 rows=9 width=121)
	        Sort Key: c
	        ->  Index Scan using sbtest8_pkey on sbtest8  (cost=0.43..40.00 rows=9 width=121)
	              Index Cond: ((id >= 9293170) AND (id <= 9293179))

for: distinct_ranges
table 1 : explain SELECT DISTINCT c FROM sbtest1 WHERE id BETWEEN 2260209 AND 2260218 ORDER BY c
	Unique  (cost=44.39..44.44 rows=10 width=121)
	  ->  Sort  (cost=44.39..44.41 rows=10 width=121)
	        Sort Key: c
	        ->  Index Scan using sbtest1_pkey on sbtest1  (cost=0.43..44.22 rows=10 width=121)
	              Index Cond: ((id >= 2260209) AND (id <= 2260218))

table 2 : explain SELECT DISTINCT c FROM sbtest2 WHERE id BETWEEN 3063341 AND 3063350 ORDER BY c
	Unique  (cost=44.33..44.38 rows=10 width=121)
	  ->  Sort  (cost=44.33..44.35 rows=10 width=121)
	        Sort Key: c
	        ->  Index Scan using sbtest2_pkey on sbtest2  (cost=0.43..44.16 rows=10 width=121)
	              Index Cond: ((id >= 3063341) AND (id <= 3063350))

table 3 : explain SELECT DISTINCT c FROM sbtest3 WHERE id BETWEEN 4406401 AND 4406410 ORDER BY c
	Unique  (cost=44.25..44.30 rows=10 width=121)
	  ->  Sort  (cost=44.25..44.28 rows=10 width=121)
	        Sort Key: c
	        ->  Index Scan using sbtest3_pkey on sbtest3  (cost=0.43..44.09 rows=10 width=121)
	              Index Cond: ((id >= 4406401) AND (id <= 4406410))

table 4 : explain SELECT DISTINCT c FROM sbtest4 WHERE id BETWEEN 680560 AND 680569 ORDER BY c
	Unique  (cost=44.22..44.27 rows=10 width=121)
	  ->  Sort  (cost=44.22..44.25 rows=10 width=121)
	        Sort Key: c
	        ->  Index Scan using sbtest4_pkey on sbtest4  (cost=0.43..44.06 rows=10 width=121)
	              Index Cond: ((id >= 680560) AND (id <= 680569))

table 5 : explain SELECT DISTINCT c FROM sbtest5 WHERE id BETWEEN 290286 AND 290295 ORDER BY c
	Unique  (cost=40.28..40.33 rows=9 width=121)
	  ->  Sort  (cost=40.28..40.30 rows=9 width=121)
	        Sort Key: c
	        ->  Index Scan using sbtest5_pkey on sbtest5  (cost=0.43..40.14 rows=9 width=121)
	              Index Cond: ((id >= 290286) AND (id <= 290295))

table 6 : explain SELECT DISTINCT c FROM sbtest6 WHERE id BETWEEN 1447133 AND 1447142 ORDER BY c
	Unique  (cost=44.21..44.26 rows=10 width=121)
	  ->  Sort  (cost=44.21..44.24 rows=10 width=121)
	        Sort Key: c
	        ->  Index Scan using sbtest6_pkey on sbtest6  (cost=0.43..44.05 rows=10 width=121)
	              Index Cond: ((id >= 1447133) AND (id <= 1447142))

table 7 : explain SELECT DISTINCT c FROM sbtest7 WHERE id BETWEEN 7959485 AND 7959494 ORDER BY c
	Unique  (cost=44.24..44.29 rows=10 width=121)
	  ->  Sort  (cost=44.24..44.27 rows=10 width=121)
	        Sort Key: c
	        ->  Index Scan using sbtest7_pkey on sbtest7  (cost=0.43..44.08 rows=10 width=121)
	              Index Cond: ((id >= 7959485) AND (id <= 7959494))

table 8 : explain SELECT DISTINCT c FROM sbtest8 WHERE id BETWEEN 8974267 AND 8974276 ORDER BY c
	Unique  (cost=44.11..44.16 rows=10 width=121)
	  ->  Sort  (cost=44.11..44.13 rows=10 width=121)
	        Sort Key: c
	        ->  Index Scan using sbtest8_pkey on sbtest8  (cost=0.43..43.94 rows=10 width=121)
	              Index Cond: ((id >= 8974267) AND (id <= 8974276))

for: distinct_ranges
table 1 : explain SELECT DISTINCT c FROM sbtest1 WHERE id BETWEEN 4690179 AND 4690188 ORDER BY c
	Unique  (cost=44.39..44.44 rows=10 width=121)
	  ->  Sort  (cost=44.39..44.41 rows=10 width=121)
	        Sort Key: c
	        ->  Index Scan using sbtest1_pkey on sbtest1  (cost=0.43..44.22 rows=10 width=121)
	              Index Cond: ((id >= 4690179) AND (id <= 4690188))

table 2 : explain SELECT DISTINCT c FROM sbtest2 WHERE id BETWEEN 8258107 AND 8258116 ORDER BY c
	Unique  (cost=44.33..44.38 rows=10 width=121)
	  ->  Sort  (cost=44.33..44.35 rows=10 width=121)
	        Sort Key: c
	        ->  Index Scan using sbtest2_pkey on sbtest2  (cost=0.43..44.16 rows=10 width=121)
	              Index Cond: ((id >= 8258107) AND (id <= 8258116))

table 3 : explain SELECT DISTINCT c FROM sbtest3 WHERE id BETWEEN 2252345 AND 2252354 ORDER BY c
	Unique  (cost=44.25..44.30 rows=10 width=121)
	  ->  Sort  (cost=44.25..44.28 rows=10 width=121)
	        Sort Key: c
	        ->  Index Scan using sbtest3_pkey on sbtest3  (cost=0.43..44.09 rows=10 width=121)
	              Index Cond: ((id >= 2252345) AND (id <= 2252354))

table 4 : explain SELECT DISTINCT c FROM sbtest4 WHERE id BETWEEN 3544660 AND 3544669 ORDER BY c
	Unique  (cost=44.22..44.27 rows=10 width=121)
	  ->  Sort  (cost=44.22..44.25 rows=10 width=121)
	        Sort Key: c
	        ->  Index Scan using sbtest4_pkey on sbtest4  (cost=0.43..44.06 rows=10 width=121)
	              Index Cond: ((id >= 3544660) AND (id <= 3544669))

table 5 : explain SELECT DISTINCT c FROM sbtest5 WHERE id BETWEEN 2190796 AND 2190805 ORDER BY c
	Unique  (cost=48.25..48.30 rows=11 width=121)
	  ->  Sort  (cost=48.25..48.28 rows=11 width=121)
	        Sort Key: c
	        ->  Index Scan using sbtest5_pkey on sbtest5  (cost=0.43..48.06 rows=11 width=121)
	              Index Cond: ((id >= 2190796) AND (id <= 2190805))

table 6 : explain SELECT DISTINCT c FROM sbtest6 WHERE id BETWEEN 3914088 AND 3914097 ORDER BY c
	Unique  (cost=48.19..48.25 rows=11 width=121)
	  ->  Sort  (cost=48.19..48.22 rows=11 width=121)
	        Sort Key: c
	        ->  Index Scan using sbtest6_pkey on sbtest6  (cost=0.43..48.00 rows=11 width=121)
	              Index Cond: ((id >= 3914088) AND (id <= 3914097))

table 7 : explain SELECT DISTINCT c FROM sbtest7 WHERE id BETWEEN 535220 AND 535229 ORDER BY c
	Unique  (cost=48.23..48.28 rows=11 width=121)
	  ->  Sort  (cost=48.23..48.25 rows=11 width=121)
	        Sort Key: c
	        ->  Index Scan using sbtest7_pkey on sbtest7  (cost=0.43..48.04 rows=11 width=121)
	              Index Cond: ((id >= 535220) AND (id <= 535229))

table 8 : explain SELECT DISTINCT c FROM sbtest8 WHERE id BETWEEN 2304946 AND 2304955 ORDER BY c
	Unique  (cost=44.11..44.16 rows=10 width=121)
	  ->  Sort  (cost=44.11..44.13 rows=10 width=121)
	        Sort Key: c
	        ->  Index Scan using sbtest8_pkey on sbtest8  (cost=0.43..43.94 rows=10 width=121)
	              Index Cond: ((id >= 2304946) AND (id <= 2304955))

for: distinct_ranges
table 1 : explain SELECT DISTINCT c FROM sbtest1 WHERE id BETWEEN 7369607 AND 7369616 ORDER BY c
	Unique  (cost=44.39..44.44 rows=10 width=121)
	  ->  Sort  (cost=44.39..44.41 rows=10 width=121)
	        Sort Key: c
	        ->  Index Scan using sbtest1_pkey on sbtest1  (cost=0.43..44.22 rows=10 width=121)
	              Index Cond: ((id >= 7369607) AND (id <= 7369616))

table 2 : explain SELECT DISTINCT c FROM sbtest2 WHERE id BETWEEN 4764130 AND 4764139 ORDER BY c
	Unique  (cost=40.34..40.38 rows=9 width=121)
	  ->  Sort  (cost=40.34..40.36 rows=9 width=121)
	        Sort Key: c
	        ->  Index Scan using sbtest2_pkey on sbtest2  (cost=0.43..40.19 rows=9 width=121)
	              Index Cond: ((id >= 4764130) AND (id <= 4764139))

table 3 : explain SELECT DISTINCT c FROM sbtest3 WHERE id BETWEEN 5435246 AND 5435255 ORDER BY c
	Unique  (cost=48.24..48.29 rows=11 width=121)
	  ->  Sort  (cost=48.24..48.26 rows=11 width=121)
	        Sort Key: c
	        ->  Index Scan using sbtest3_pkey on sbtest3  (cost=0.43..48.04 rows=11 width=121)
	              Index Cond: ((id >= 5435246) AND (id <= 5435255))

table 4 : explain SELECT DISTINCT c FROM sbtest4 WHERE id BETWEEN 7009861 AND 7009870 ORDER BY c
	Unique  (cost=44.22..44.27 rows=10 width=121)
	  ->  Sort  (cost=44.22..44.25 rows=10 width=121)
	        Sort Key: c
	        ->  Index Scan using sbtest4_pkey on sbtest4  (cost=0.43..44.06 rows=10 width=121)
	              Index Cond: ((id >= 7009861) AND (id <= 7009870))

table 5 : explain SELECT DISTINCT c FROM sbtest5 WHERE id BETWEEN 1632752 AND 1632761 ORDER BY c
	Unique  (cost=48.25..48.30 rows=11 width=121)
	  ->  Sort  (cost=48.25..48.28 rows=11 width=121)
	        Sort Key: c
	        ->  Index Scan using sbtest5_pkey on sbtest5  (cost=0.43..48.06 rows=11 width=121)
	              Index Cond: ((id >= 1632752) AND (id <= 1632761))

table 6 : explain SELECT DISTINCT c FROM sbtest6 WHERE id BETWEEN 459528 AND 459537 ORDER BY c
	Unique  (cost=44.21..44.26 rows=10 width=121)
	  ->  Sort  (cost=44.21..44.24 rows=10 width=121)
	        Sort Key: c
	        ->  Index Scan using sbtest6_pkey on sbtest6  (cost=0.43..44.05 rows=10 width=121)
	              Index Cond: ((id >= 459528) AND (id <= 459537))

table 7 : explain SELECT DISTINCT c FROM sbtest7 WHERE id BETWEEN 8731300 AND 8731309 ORDER BY c
	Unique  (cost=44.24..44.29 rows=10 width=121)
	  ->  Sort  (cost=44.24..44.27 rows=10 width=121)
	        Sort Key: c
	        ->  Index Scan using sbtest7_pkey on sbtest7  (cost=0.43..44.08 rows=10 width=121)
	              Index Cond: ((id >= 8731300) AND (id <= 8731309))

table 8 : explain SELECT DISTINCT c FROM sbtest8 WHERE id BETWEEN 4202877 AND 4202886 ORDER BY c
	Unique  (cost=44.11..44.16 rows=10 width=121)
	  ->  Sort  (cost=44.11..44.13 rows=10 width=121)
	        Sort Key: c
	        ->  Index Scan using sbtest8_pkey on sbtest8  (cost=0.43..43.94 rows=10 width=121)
	              Index Cond: ((id >= 4202877) AND (id <= 4202886))

for: distinct_ranges
table 1 : explain SELECT DISTINCT c FROM sbtest1 WHERE id BETWEEN 5129990 AND 5129999 ORDER BY c
	Unique  (cost=40.39..40.44 rows=9 width=121)
	  ->  Sort  (cost=40.39..40.41 rows=9 width=121)
	        Sort Key: c
	        ->  Index Scan using sbtest1_pkey on sbtest1  (cost=0.43..40.25 rows=9 width=121)
	              Index Cond: ((id >= 5129990) AND (id <= 5129999))

table 2 : explain SELECT DISTINCT c FROM sbtest2 WHERE id BETWEEN 3336611 AND 3336620 ORDER BY c
	Unique  (cost=48.32..48.37 rows=11 width=121)
	  ->  Sort  (cost=48.32..48.35 rows=11 width=121)
	        Sort Key: c
	        ->  Index Scan using sbtest2_pkey on sbtest2  (cost=0.43..48.13 rows=11 width=121)
	              Index Cond: ((id >= 3336611) AND (id <= 3336620))

table 3 : explain SELECT DISTINCT c FROM sbtest3 WHERE id BETWEEN 4600340 AND 4600349 ORDER BY c
	Unique  (cost=48.24..48.29 rows=11 width=121)
	  ->  Sort  (cost=48.24..48.26 rows=11 width=121)
	        Sort Key: c
	        ->  Index Scan using sbtest3_pkey on sbtest3  (cost=0.43..48.04 rows=11 width=121)
	              Index Cond: ((id >= 4600340) AND (id <= 4600349))

table 4 : explain SELECT DISTINCT c FROM sbtest4 WHERE id BETWEEN 874796 AND 874805 ORDER BY c
	Unique  (cost=48.20..48.26 rows=11 width=121)
	  ->  Sort  (cost=48.20..48.23 rows=11 width=121)
	        Sort Key: c
	        ->  Index Scan using sbtest4_pkey on sbtest4  (cost=0.43..48.01 rows=11 width=121)
	              Index Cond: ((id >= 874796) AND (id <= 874805))

table 5 : explain SELECT DISTINCT c FROM sbtest5 WHERE id BETWEEN 3683115 AND 3683124 ORDER BY c
	Unique  (cost=44.27..44.32 rows=10 width=121)
	  ->  Sort  (cost=44.27..44.29 rows=10 width=121)
	        Sort Key: c
	        ->  Index Scan using sbtest5_pkey on sbtest5  (cost=0.43..44.10 rows=10 width=121)
	              Index Cond: ((id >= 3683115) AND (id <= 3683124))

table 6 : explain SELECT DISTINCT c FROM sbtest6 WHERE id BETWEEN 3393900 AND 3393909 ORDER BY c
	Unique  (cost=44.21..44.26 rows=10 width=121)
	  ->  Sort  (cost=44.21..44.24 rows=10 width=121)
	        Sort Key: c
	        ->  Index Scan using sbtest6_pkey on sbtest6  (cost=0.43..44.05 rows=10 width=121)
	              Index Cond: ((id >= 3393900) AND (id <= 3393909))

table 7 : explain SELECT DISTINCT c FROM sbtest7 WHERE id BETWEEN 5833642 AND 5833651 ORDER BY c
	Unique  (cost=44.24..44.29 rows=10 width=121)
	  ->  Sort  (cost=44.24..44.27 rows=10 width=121)
	        Sort Key: c
	        ->  Index Scan using sbtest7_pkey on sbtest7  (cost=0.43..44.08 rows=10 width=121)
	              Index Cond: ((id >= 5833642) AND (id <= 5833651))

table 8 : explain SELECT DISTINCT c FROM sbtest8 WHERE id BETWEEN 9673868 AND 9673877 ORDER BY c
	Unique  (cost=48.08..48.13 rows=11 width=121)
	  ->  Sort  (cost=48.08..48.10 rows=11 width=121)
	        Sort Key: c
	        ->  Index Scan using sbtest8_pkey on sbtest8  (cost=0.43..47.89 rows=11 width=121)
	              Index Cond: ((id >= 9673868) AND (id <= 9673877))

for: distinct_ranges
table 1 : explain SELECT DISTINCT c FROM sbtest1 WHERE id BETWEEN 7034765 AND 7034774 ORDER BY c
	Unique  (cost=44.39..44.44 rows=10 width=121)
	  ->  Sort  (cost=44.39..44.41 rows=10 width=121)
	        Sort Key: c
	        ->  Index Scan using sbtest1_pkey on sbtest1  (cost=0.43..44.22 rows=10 width=121)
	              Index Cond: ((id >= 7034765) AND (id <= 7034774))

table 2 : explain SELECT DISTINCT c FROM sbtest2 WHERE id BETWEEN 4611146 AND 4611155 ORDER BY c
	Unique  (cost=48.32..48.37 rows=11 width=121)
	  ->  Sort  (cost=48.32..48.35 rows=11 width=121)
	        Sort Key: c
	        ->  Index Scan using sbtest2_pkey on sbtest2  (cost=0.43..48.13 rows=11 width=121)
	              Index Cond: ((id >= 4611146) AND (id <= 4611155))

table 3 : explain SELECT DISTINCT c FROM sbtest3 WHERE id BETWEEN 70281 AND 70290 ORDER BY c
	Unique  (cost=44.25..44.30 rows=10 width=121)
	  ->  Sort  (cost=44.25..44.28 rows=10 width=121)
	        Sort Key: c
	        ->  Index Scan using sbtest3_pkey on sbtest3  (cost=0.43..44.09 rows=10 width=121)
	              Index Cond: ((id >= 70281) AND (id <= 70290))

table 4 : explain SELECT DISTINCT c FROM sbtest4 WHERE id BETWEEN 473256 AND 473265 ORDER BY c
	Unique  (cost=44.22..44.27 rows=10 width=121)
	  ->  Sort  (cost=44.22..44.25 rows=10 width=121)
	        Sort Key: c
	        ->  Index Scan using sbtest4_pkey on sbtest4  (cost=0.43..44.06 rows=10 width=121)
	              Index Cond: ((id >= 473256) AND (id <= 473265))

table 5 : explain SELECT DISTINCT c FROM sbtest5 WHERE id BETWEEN 9247136 AND 9247145 ORDER BY c
	Unique  (cost=48.25..48.30 rows=11 width=121)
	  ->  Sort  (cost=48.25..48.28 rows=11 width=121)
	        Sort Key: c
	        ->  Index Scan using sbtest5_pkey on sbtest5  (cost=0.43..48.06 rows=11 width=121)
	              Index Cond: ((id >= 9247136) AND (id <= 9247145))

table 6 : explain SELECT DISTINCT c FROM sbtest6 WHERE id BETWEEN 5142608 AND 5142617 ORDER BY c
	Unique  (cost=44.21..44.26 rows=10 width=121)
	  ->  Sort  (cost=44.21..44.24 rows=10 width=121)
	        Sort Key: c
	        ->  Index Scan using sbtest6_pkey on sbtest6  (cost=0.43..44.05 rows=10 width=121)
	              Index Cond: ((id >= 5142608) AND (id <= 5142617))

table 7 : explain SELECT DISTINCT c FROM sbtest7 WHERE id BETWEEN 2330997 AND 2331006 ORDER BY c
	Unique  (cost=44.24..44.29 rows=10 width=121)
	  ->  Sort  (cost=44.24..44.27 rows=10 width=121)
	        Sort Key: c
	        ->  Index Scan using sbtest7_pkey on sbtest7  (cost=0.43..44.08 rows=10 width=121)
	              Index Cond: ((id >= 2330997) AND (id <= 2331006))

table 8 : explain SELECT DISTINCT c FROM sbtest8 WHERE id BETWEEN 3255323 AND 3255332 ORDER BY c
	Unique  (cost=48.08..48.13 rows=11 width=121)
	  ->  Sort  (cost=48.08..48.10 rows=11 width=121)
	        Sort Key: c
	        ->  Index Scan using sbtest8_pkey on sbtest8  (cost=0.43..47.89 rows=11 width=121)
	              Index Cond: ((id >= 3255323) AND (id <= 3255332))

for: distinct_ranges
table 1 : explain SELECT DISTINCT c FROM sbtest1 WHERE id BETWEEN 9739185 AND 9739194 ORDER BY c
	Unique  (cost=44.39..44.44 rows=10 width=121)
	  ->  Sort  (cost=44.39..44.41 rows=10 width=121)
	        Sort Key: c
	        ->  Index Scan using sbtest1_pkey on sbtest1  (cost=0.43..44.22 rows=10 width=121)
	              Index Cond: ((id >= 9739185) AND (id <= 9739194))

table 2 : explain SELECT DISTINCT c FROM sbtest2 WHERE id BETWEEN 6091137 AND 6091146 ORDER BY c
	Unique  (cost=44.33..44.38 rows=10 width=121)
	  ->  Sort  (cost=44.33..44.35 rows=10 width=121)
	        Sort Key: c
	        ->  Index Scan using sbtest2_pkey on sbtest2  (cost=0.43..44.16 rows=10 width=121)
	              Index Cond: ((id >= 6091137) AND (id <= 6091146))

table 3 : explain SELECT DISTINCT c FROM sbtest3 WHERE id BETWEEN 6313427 AND 6313436 ORDER BY c
	Unique  (cost=44.25..44.30 rows=10 width=121)
	  ->  Sort  (cost=44.25..44.28 rows=10 width=121)
	        Sort Key: c
	        ->  Index Scan using sbtest3_pkey on sbtest3  (cost=0.43..44.09 rows=10 width=121)
	              Index Cond: ((id >= 6313427) AND (id <= 6313436))

table 4 : explain SELECT DISTINCT c FROM sbtest4 WHERE id BETWEEN 538665 AND 538674 ORDER BY c
	Unique  (cost=44.22..44.27 rows=10 width=121)
	  ->  Sort  (cost=44.22..44.25 rows=10 width=121)
	        Sort Key: c
	        ->  Index Scan using sbtest4_pkey on sbtest4  (cost=0.43..44.06 rows=10 width=121)
	              Index Cond: ((id >= 538665) AND (id <= 538674))

table 5 : explain SELECT DISTINCT c FROM sbtest5 WHERE id BETWEEN 8605672 AND 8605681 ORDER BY c
	Unique  (cost=44.27..44.32 rows=10 width=121)
	  ->  Sort  (cost=44.27..44.29 rows=10 width=121)
	        Sort Key: c
	        ->  Index Scan using sbtest5_pkey on sbtest5  (cost=0.43..44.10 rows=10 width=121)
	              Index Cond: ((id >= 8605672) AND (id <= 8605681))

table 6 : explain SELECT DISTINCT c FROM sbtest6 WHERE id BETWEEN 7289145 AND 7289154 ORDER BY c
	Unique  (cost=44.21..44.26 rows=10 width=121)
	  ->  Sort  (cost=44.21..44.24 rows=10 width=121)
	        Sort Key: c
	        ->  Index Scan using sbtest6_pkey on sbtest6  (cost=0.43..44.05 rows=10 width=121)
	              Index Cond: ((id >= 7289145) AND (id <= 7289154))

table 7 : explain SELECT DISTINCT c FROM sbtest7 WHERE id BETWEEN 5874430 AND 5874439 ORDER BY c
	Unique  (cost=44.24..44.29 rows=10 width=121)
	  ->  Sort  (cost=44.24..44.27 rows=10 width=121)
	        Sort Key: c
	        ->  Index Scan using sbtest7_pkey on sbtest7  (cost=0.43..44.08 rows=10 width=121)
	              Index Cond: ((id >= 5874430) AND (id <= 5874439))

table 8 : explain SELECT DISTINCT c FROM sbtest8 WHERE id BETWEEN 966604 AND 966613 ORDER BY c
	Unique  (cost=40.14..40.19 rows=9 width=121)
	  ->  Sort  (cost=40.14..40.16 rows=9 width=121)
	        Sort Key: c
	        ->  Index Scan using sbtest8_pkey on sbtest8  (cost=0.43..40.00 rows=9 width=121)
	              Index Cond: ((id >= 966604) AND (id <= 966613))

for: distinct_ranges
table 1 : explain SELECT DISTINCT c FROM sbtest1 WHERE id BETWEEN 8711019 AND 8711028 ORDER BY c
	Unique  (cost=44.39..44.44 rows=10 width=121)
	  ->  Sort  (cost=44.39..44.41 rows=10 width=121)
	        Sort Key: c
	        ->  Index Scan using sbtest1_pkey on sbtest1  (cost=0.43..44.22 rows=10 width=121)
	              Index Cond: ((id >= 8711019) AND (id <= 8711028))

table 2 : explain SELECT DISTINCT c FROM sbtest2 WHERE id BETWEEN 3465702 AND 3465711 ORDER BY c
	Unique  (cost=44.33..44.38 rows=10 width=121)
	  ->  Sort  (cost=44.33..44.35 rows=10 width=121)
	        Sort Key: c
	        ->  Index Scan using sbtest2_pkey on sbtest2  (cost=0.43..44.16 rows=10 width=121)
	              Index Cond: ((id >= 3465702) AND (id <= 3465711))

table 3 : explain SELECT DISTINCT c FROM sbtest3 WHERE id BETWEEN 2427512 AND 2427521 ORDER BY c
	Unique  (cost=44.25..44.30 rows=10 width=121)
	  ->  Sort  (cost=44.25..44.28 rows=10 width=121)
	        Sort Key: c
	        ->  Index Scan using sbtest3_pkey on sbtest3  (cost=0.43..44.09 rows=10 width=121)
	              Index Cond: ((id >= 2427512) AND (id <= 2427521))

table 4 : explain SELECT DISTINCT c FROM sbtest4 WHERE id BETWEEN 8750598 AND 8750607 ORDER BY c
	Unique  (cost=48.20..48.26 rows=11 width=121)
	  ->  Sort  (cost=48.20..48.23 rows=11 width=121)
	        Sort Key: c
	        ->  Index Scan using sbtest4_pkey on sbtest4  (cost=0.43..48.01 rows=11 width=121)
	              Index Cond: ((id >= 8750598) AND (id <= 8750607))

table 5 : explain SELECT DISTINCT c FROM sbtest5 WHERE id BETWEEN 9972026 AND 9972035 ORDER BY c
	Unique  (cost=44.27..44.32 rows=10 width=121)
	  ->  Sort  (cost=44.27..44.29 rows=10 width=121)
	        Sort Key: c
	        ->  Index Scan using sbtest5_pkey on sbtest5  (cost=0.43..44.10 rows=10 width=121)
	              Index Cond: ((id >= 9972026) AND (id <= 9972035))

table 6 : explain SELECT DISTINCT c FROM sbtest6 WHERE id BETWEEN 7626611 AND 7626620 ORDER BY c
	Unique  (cost=44.21..44.26 rows=10 width=121)
	  ->  Sort  (cost=44.21..44.24 rows=10 width=121)
	        Sort Key: c
	        ->  Index Scan using sbtest6_pkey on sbtest6  (cost=0.43..44.05 rows=10 width=121)
	              Index Cond: ((id >= 7626611) AND (id <= 7626620))

table 7 : explain SELECT DISTINCT c FROM sbtest7 WHERE id BETWEEN 6022689 AND 6022698 ORDER BY c
	Unique  (cost=44.24..44.29 rows=10 width=121)
	  ->  Sort  (cost=44.24..44.27 rows=10 width=121)
	        Sort Key: c
	        ->  Index Scan using sbtest7_pkey on sbtest7  (cost=0.43..44.08 rows=10 width=121)
	              Index Cond: ((id >= 6022689) AND (id <= 6022698))

table 8 : explain SELECT DISTINCT c FROM sbtest8 WHERE id BETWEEN 8065291 AND 8065300 ORDER BY c
	Unique  (cost=44.11..44.16 rows=10 width=121)
	  ->  Sort  (cost=44.11..44.13 rows=10 width=121)
	        Sort Key: c
	        ->  Index Scan using sbtest8_pkey on sbtest8  (cost=0.43..43.94 rows=10 width=121)
	              Index Cond: ((id >= 8065291) AND (id <= 8065300))

for: distinct_ranges
table 1 : explain SELECT DISTINCT c FROM sbtest1 WHERE id BETWEEN 5664824 AND 5664833 ORDER BY c
	Unique  (cost=44.39..44.44 rows=10 width=121)
	  ->  Sort  (cost=44.39..44.41 rows=10 width=121)
	        Sort Key: c
	        ->  Index Scan using sbtest1_pkey on sbtest1  (cost=0.43..44.22 rows=10 width=121)
	              Index Cond: ((id >= 5664824) AND (id <= 5664833))

table 2 : explain SELECT DISTINCT c FROM sbtest2 WHERE id BETWEEN 6080328 AND 6080337 ORDER BY c
	Unique  (cost=44.33..44.38 rows=10 width=121)
	  ->  Sort  (cost=44.33..44.35 rows=10 width=121)
	        Sort Key: c
	        ->  Index Scan using sbtest2_pkey on sbtest2  (cost=0.43..44.16 rows=10 width=121)
	              Index Cond: ((id >= 6080328) AND (id <= 6080337))

table 3 : explain SELECT DISTINCT c FROM sbtest3 WHERE id BETWEEN 9213168 AND 9213177 ORDER BY c
	Unique  (cost=44.25..44.30 rows=10 width=121)
	  ->  Sort  (cost=44.25..44.28 rows=10 width=121)
	        Sort Key: c
	        ->  Index Scan using sbtest3_pkey on sbtest3  (cost=0.43..44.09 rows=10 width=121)
	              Index Cond: ((id >= 9213168) AND (id <= 9213177))

table 4 : explain SELECT DISTINCT c FROM sbtest4 WHERE id BETWEEN 9498953 AND 9498962 ORDER BY c
	Unique  (cost=44.22..44.27 rows=10 width=121)
	  ->  Sort  (cost=44.22..44.25 rows=10 width=121)
	        Sort Key: c
	        ->  Index Scan using sbtest4_pkey on sbtest4  (cost=0.43..44.06 rows=10 width=121)
	              Index Cond: ((id >= 9498953) AND (id <= 9498962))

table 5 : explain SELECT DISTINCT c FROM sbtest5 WHERE id BETWEEN 9441136 AND 9441145 ORDER BY c
	Unique  (cost=44.27..44.32 rows=10 width=121)
	  ->  Sort  (cost=44.27..44.29 rows=10 width=121)
	        Sort Key: c
	        ->  Index Scan using sbtest5_pkey on sbtest5  (cost=0.43..44.10 rows=10 width=121)
	              Index Cond: ((id >= 9441136) AND (id <= 9441145))

table 6 : explain SELECT DISTINCT c FROM sbtest6 WHERE id BETWEEN 8533979 AND 8533988 ORDER BY c
	Unique  (cost=48.19..48.25 rows=11 width=121)
	  ->  Sort  (cost=48.19..48.22 rows=11 width=121)
	        Sort Key: c
	        ->  Index Scan using sbtest6_pkey on sbtest6  (cost=0.43..48.00 rows=11 width=121)
	              Index Cond: ((id >= 8533979) AND (id <= 8533988))

table 7 : explain SELECT DISTINCT c FROM sbtest7 WHERE id BETWEEN 8209508 AND 8209517 ORDER BY c
	Unique  (cost=48.23..48.28 rows=11 width=121)
	  ->  Sort  (cost=48.23..48.25 rows=11 width=121)
	        Sort Key: c
	        ->  Index Scan using sbtest7_pkey on sbtest7  (cost=0.43..48.04 rows=11 width=121)
	              Index Cond: ((id >= 8209508) AND (id <= 8209517))

table 8 : explain SELECT DISTINCT c FROM sbtest8 WHERE id BETWEEN 2819936 AND 2819945 ORDER BY c
	Unique  (cost=44.11..44.16 rows=10 width=121)
	  ->  Sort  (cost=44.11..44.13 rows=10 width=121)
	        Sort Key: c
	        ->  Index Scan using sbtest8_pkey on sbtest8  (cost=0.43..43.94 rows=10 width=121)
	              Index Cond: ((id >= 2819936) AND (id <= 2819945))

for: distinct_ranges
table 1 : explain SELECT DISTINCT c FROM sbtest1 WHERE id BETWEEN 4699260 AND 4699269 ORDER BY c
	Unique  (cost=44.39..44.44 rows=10 width=121)
	  ->  Sort  (cost=44.39..44.41 rows=10 width=121)
	        Sort Key: c
	        ->  Index Scan using sbtest1_pkey on sbtest1  (cost=0.43..44.22 rows=10 width=121)
	              Index Cond: ((id >= 4699260) AND (id <= 4699269))

table 2 : explain SELECT DISTINCT c FROM sbtest2 WHERE id BETWEEN 1037134 AND 1037143 ORDER BY c
	Unique  (cost=44.33..44.38 rows=10 width=121)
	  ->  Sort  (cost=44.33..44.35 rows=10 width=121)
	        Sort Key: c
	        ->  Index Scan using sbtest2_pkey on sbtest2  (cost=0.43..44.16 rows=10 width=121)
	              Index Cond: ((id >= 1037134) AND (id <= 1037143))

table 3 : explain SELECT DISTINCT c FROM sbtest3 WHERE id BETWEEN 577314 AND 577323 ORDER BY c
	Unique  (cost=48.24..48.29 rows=11 width=121)
	  ->  Sort  (cost=48.24..48.26 rows=11 width=121)
	        Sort Key: c
	        ->  Index Scan using sbtest3_pkey on sbtest3  (cost=0.43..48.04 rows=11 width=121)
	              Index Cond: ((id >= 577314) AND (id <= 577323))

table 4 : explain SELECT DISTINCT c FROM sbtest4 WHERE id BETWEEN 7038139 AND 7038148 ORDER BY c
	Unique  (cost=44.22..44.27 rows=10 width=121)
	  ->  Sort  (cost=44.22..44.25 rows=10 width=121)
	        Sort Key: c
	        ->  Index Scan using sbtest4_pkey on sbtest4  (cost=0.43..44.06 rows=10 width=121)
	              Index Cond: ((id >= 7038139) AND (id <= 7038148))

table 5 : explain SELECT DISTINCT c FROM sbtest5 WHERE id BETWEEN 5550635 AND 5550644 ORDER BY c
	Unique  (cost=44.27..44.32 rows=10 width=121)
	  ->  Sort  (cost=44.27..44.29 rows=10 width=121)
	        Sort Key: c
	        ->  Index Scan using sbtest5_pkey on sbtest5  (cost=0.43..44.10 rows=10 width=121)
	              Index Cond: ((id >= 5550635) AND (id <= 5550644))

table 6 : explain SELECT DISTINCT c FROM sbtest6 WHERE id BETWEEN 7009140 AND 7009149 ORDER BY c
	Unique  (cost=40.24..40.28 rows=9 width=121)
	  ->  Sort  (cost=40.24..40.26 rows=9 width=121)
	        Sort Key: c
	        ->  Index Scan using sbtest6_pkey on sbtest6  (cost=0.43..40.09 rows=9 width=121)
	              Index Cond: ((id >= 7009140) AND (id <= 7009149))

table 7 : explain SELECT DISTINCT c FROM sbtest7 WHERE id BETWEEN 3047741 AND 3047750 ORDER BY c
	Unique  (cost=48.23..48.28 rows=11 width=121)
	  ->  Sort  (cost=48.23..48.25 rows=11 width=121)
	        Sort Key: c
	        ->  Index Scan using sbtest7_pkey on sbtest7  (cost=0.43..48.04 rows=11 width=121)
	              Index Cond: ((id >= 3047741) AND (id <= 3047750))

table 8 : explain SELECT DISTINCT c FROM sbtest8 WHERE id BETWEEN 124924 AND 124933 ORDER BY c
	Unique  (cost=44.11..44.16 rows=10 width=121)
	  ->  Sort  (cost=44.11..44.13 rows=10 width=121)
	        Sort Key: c
	        ->  Index Scan using sbtest8_pkey on sbtest8  (cost=0.43..43.94 rows=10 width=121)
	              Index Cond: ((id >= 124924) AND (id <= 124933))

for: distinct_ranges
table 1 : explain SELECT DISTINCT c FROM sbtest1 WHERE id BETWEEN 2929714 AND 2929723 ORDER BY c
	Unique  (cost=40.39..40.44 rows=9 width=121)
	  ->  Sort  (cost=40.39..40.41 rows=9 width=121)
	        Sort Key: c
	        ->  Index Scan using sbtest1_pkey on sbtest1  (cost=0.43..40.25 rows=9 width=121)
	              Index Cond: ((id >= 2929714) AND (id <= 2929723))

table 2 : explain SELECT DISTINCT c FROM sbtest2 WHERE id BETWEEN 2873645 AND 2873654 ORDER BY c
	Unique  (cost=48.32..48.37 rows=11 width=121)
	  ->  Sort  (cost=48.32..48.35 rows=11 width=121)
	        Sort Key: c
	        ->  Index Scan using sbtest2_pkey on sbtest2  (cost=0.43..48.13 rows=11 width=121)
	              Index Cond: ((id >= 2873645) AND (id <= 2873654))

table 3 : explain SELECT DISTINCT c FROM sbtest3 WHERE id BETWEEN 8597689 AND 8597698 ORDER BY c
	Unique  (cost=48.24..48.29 rows=11 width=121)
	  ->  Sort  (cost=48.24..48.26 rows=11 width=121)
	        Sort Key: c
	        ->  Index Scan using sbtest3_pkey on sbtest3  (cost=0.43..48.04 rows=11 width=121)
	              Index Cond: ((id >= 8597689) AND (id <= 8597698))

table 4 : explain SELECT DISTINCT c FROM sbtest4 WHERE id BETWEEN 3056920 AND 3056929 ORDER BY c
	Unique  (cost=44.22..44.27 rows=10 width=121)
	  ->  Sort  (cost=44.22..44.25 rows=10 width=121)
	        Sort Key: c
	        ->  Index Scan using sbtest4_pkey on sbtest4  (cost=0.43..44.06 rows=10 width=121)
	              Index Cond: ((id >= 3056920) AND (id <= 3056929))

table 5 : explain SELECT DISTINCT c FROM sbtest5 WHERE id BETWEEN 7183270 AND 7183279 ORDER BY c
	Unique  (cost=48.25..48.30 rows=11 width=121)
	  ->  Sort  (cost=48.25..48.28 rows=11 width=121)
	        Sort Key: c
	        ->  Index Scan using sbtest5_pkey on sbtest5  (cost=0.43..48.06 rows=11 width=121)
	              Index Cond: ((id >= 7183270) AND (id <= 7183279))

table 6 : explain SELECT DISTINCT c FROM sbtest6 WHERE id BETWEEN 1115741 AND 1115750 ORDER BY c
	Unique  (cost=40.24..40.28 rows=9 width=121)
	  ->  Sort  (cost=40.24..40.26 rows=9 width=121)
	        Sort Key: c
	        ->  Index Scan using sbtest6_pkey on sbtest6  (cost=0.43..40.09 rows=9 width=121)
	              Index Cond: ((id >= 1115741) AND (id <= 1115750))

table 7 : explain SELECT DISTINCT c FROM sbtest7 WHERE id BETWEEN 4765670 AND 4765679 ORDER BY c
	Unique  (cost=44.24..44.29 rows=10 width=121)
	  ->  Sort  (cost=44.24..44.27 rows=10 width=121)
	        Sort Key: c
	        ->  Index Scan using sbtest7_pkey on sbtest7  (cost=0.43..44.08 rows=10 width=121)
	              Index Cond: ((id >= 4765670) AND (id <= 4765679))

table 8 : explain SELECT DISTINCT c FROM sbtest8 WHERE id BETWEEN 3503012 AND 3503021 ORDER BY c
	Unique  (cost=40.14..40.19 rows=9 width=121)
	  ->  Sort  (cost=40.14..40.16 rows=9 width=121)
	        Sort Key: c
	        ->  Index Scan using sbtest8_pkey on sbtest8  (cost=0.43..40.00 rows=9 width=121)
	              Index Cond: ((id >= 3503012) AND (id <= 3503021))

Threads started!

Warming up for 5 seconds...

SQL statistics:
    queries performed:
        read:                            464197774
        write:                           0
        other:                           66313975
        total:                           530511749
    transactions:                        33157007 (52629.50 per sec.)
    queries:                             530511749 (842071.47 per sec.)
    ignored errors:                      0      (0.00 per sec.)
    reconnects:                          0      (0.00 per sec.)

Throughput:
    events/s (eps):                      52629.5029
    time elapsed:                        630.0081s
    total number of events:              33157007

Latency (ms):
         min:                                    0.66
         avg:                                    0.76
         max:                                   15.61
         95th percentile:                        0.83
         sum:                             25168671.59

Threads fairness:
    events (avg/stddev):           828924.2500/6061.59
    execution time (avg/stddev):   629.2168/0.01

