LUA_PATH=/home/mdcallag/git/mytools/bench/sysbench.lua/lua/?.lua /home/mdcallag/git/mytools/bench/sysbench.lua/lua/sysbench --db-driver=pgsql --range-size=100 --table-size=10000000 --tables=8 --threads=40 --events=0 --warmup-time=5 --time=630 --pgsql_conn_id=true /home/mdcallag/git/mytools/bench/sysbench.lua/lua/oltp_range_covered.lua run --pgsql-user=root --pgsql-password=pw --pgsql-host=127.0.0.1 --pgsql-db=ib --rand-type=uniform --random-points=100 --skip-trx --on-id=false
48 CPUs
sysbench 1.1.0-9072687 (using bundled LuaJIT 2.1.0-beta3)

Running the test with following options:
Number of threads: 40
Warmup time: 5s
Initializing random number generator from current time


Initializing worker threads...

explain: for range-covered :: explain SELECT k FROM sbtest%d WHERE k BETWEEN 4485297 AND 4485397
explain: for range-covered :: explain SELECT k FROM sbtest%d WHERE k BETWEEN 5898907 AND 5899007
explain: for range-covered :: explain SELECT k FROM sbtest%d WHERE k BETWEEN 5630331 AND 5630431
explain: for range-covered :: explain SELECT k FROM sbtest%d WHERE k BETWEEN 417129 AND 417229
for range-covered
table 1 : explain SELECT k FROM sbtest1 WHERE k BETWEEN 4485297 AND 4485397
	Index Only Scan using k_1 on sbtest1  (cost=0.43..6.74 rows=115 width=4)
	  Index Cond: ((k >= 4485297) AND (k <= 4485397))

table 2 : explain SELECT k FROM sbtest2 WHERE k BETWEEN 4485297 AND 4485397
	Index Only Scan using k_2 on sbtest2  (cost=0.43..6.42 rows=99 width=4)
	  Index Cond: ((k >= 4485297) AND (k <= 4485397))

table 3 : explain SELECT k FROM sbtest3 WHERE k BETWEEN 4485297 AND 4485397
	Index Only Scan using k_3 on sbtest3  (cost=0.43..6.42 rows=99 width=4)
	  Index Cond: ((k >= 4485297) AND (k <= 4485397))

table 4 : explain SELECT k FROM sbtest4 WHERE k BETWEEN 4485297 AND 4485397
	Index Only Scan using k_4 on sbtest4  (cost=0.43..6.43 rows=100 width=4)
	  Index Cond: ((k >= 4485297) AND (k <= 4485397))

table 5 : explain SELECT k FROM sbtest5 WHERE k BETWEEN 4485297 AND 4485397
	Index Only Scan using k_5 on sbtest5  (cost=0.43..6.50 rows=103 width=4)
	  Index Cond: ((k >= 4485297) AND (k <= 4485397))

table 6 : explain SELECT k FROM sbtest6 WHERE k BETWEEN 4485297 AND 4485397
	Index Only Scan using k_6 on sbtest6  (cost=0.43..6.40 rows=98 width=4)
	  Index Cond: ((k >= 4485297) AND (k <= 4485397))

table 7 : explain SELECT k FROM sbtest7 WHERE k BETWEEN 4485297 AND 4485397
	Index Only Scan using k_7 on sbtest7  (cost=0.43..6.56 rows=106 width=4)
	  Index Cond: ((k >= 4485297) AND (k <= 4485397))

table 8 : explain SELECT k FROM sbtest8 WHERE k BETWEEN 4485297 AND 4485397
	Index Only Scan using k_8 on sbtest8  (cost=0.43..6.47 rows=102 width=4)
	  Index Cond: ((k >= 4485297) AND (k <= 4485397))

explain: for range-covered :: explain SELECT k FROM sbtest%d WHERE k BETWEEN 4485297 AND 4485397
for range-covered
table 1 : explain SELECT k FROM sbtest1 WHERE k BETWEEN 4485297 AND 4485397
	Index Only Scan using k_1 on sbtest1  (cost=0.43..6.74 rows=115 width=4)
	  Index Cond: ((k >= 4485297) AND (k <= 4485397))

table 2 : explain SELECT k FROM sbtest2 WHERE k BETWEEN 4485297 AND 4485397
	Index Only Scan using k_2 on sbtest2  (cost=0.43..6.42 rows=99 width=4)
	  Index Cond: ((k >= 4485297) AND (k <= 4485397))

table 3 : explain SELECT k FROM sbtest3 WHERE k BETWEEN 4485297 AND 4485397
	Index Only Scan using k_3 on sbtest3  (cost=0.43..6.42 rows=99 width=4)
	  Index Cond: ((k >= 4485297) AND (k <= 4485397))

table 4 : explain SELECT k FROM sbtest4 WHERE k BETWEEN 4485297 AND 4485397
	Index Only Scan using k_4 on sbtest4  (cost=0.43..6.43 rows=100 width=4)
	  Index Cond: ((k >= 4485297) AND (k <= 4485397))

table 5 : explain SELECT k FROM sbtest5 WHERE k BETWEEN 4485297 AND 4485397
	Index Only Scan using k_5 on sbtest5  (cost=0.43..6.50 rows=103 width=4)
	  Index Cond: ((k >= 4485297) AND (k <= 4485397))

table 6 : explain SELECT k FROM sbtest6 WHERE k BETWEEN 4485297 AND 4485397
	Index Only Scan using k_6 on sbtest6  (cost=0.43..6.40 rows=98 width=4)
	  Index Cond: ((k >= 4485297) AND (k <= 4485397))

table 7 : explain SELECT k FROM sbtest7 WHERE k BETWEEN 4485297 AND 4485397
	Index Only Scan using k_7 on sbtest7  (cost=0.43..6.56 rows=106 width=4)
	  Index Cond: ((k >= 4485297) AND (k <= 4485397))

table 8 : explain SELECT k FROM sbtest8 WHERE k BETWEEN 4485297 AND 4485397
	Index Only Scan using k_8 on sbtest8  (cost=0.43..6.47 rows=102 width=4)
	  Index Cond: ((k >= 4485297) AND (k <= 4485397))

explain: for range-covered :: explain SELECT k FROM sbtest%d WHERE k BETWEEN 4485297 AND 4485397
explain: for range-covered :: explain SELECT k FROM sbtest%d WHERE k BETWEEN 3076875 AND 3076975
for range-covered
table 1 : explain SELECT k FROM sbtest1 WHERE k BETWEEN 4485297 AND 4485397
	Index Only Scan using k_1 on sbtest1  (cost=0.43..6.74 rows=115 width=4)
	  Index Cond: ((k >= 4485297) AND (k <= 4485397))

table 2 : explain SELECT k FROM sbtest2 WHERE k BETWEEN 4485297 AND 4485397
	Index Only Scan using k_2 on sbtest2  (cost=0.43..6.42 rows=99 width=4)
	  Index Cond: ((k >= 4485297) AND (k <= 4485397))

table 3 : explain SELECT k FROM sbtest3 WHERE k BETWEEN 4485297 AND 4485397
	Index Only Scan using k_3 on sbtest3  (cost=0.43..6.42 rows=99 width=4)
	  Index Cond: ((k >= 4485297) AND (k <= 4485397))

table 4 : explain SELECT k FROM sbtest4 WHERE k BETWEEN 4485297 AND 4485397
	Index Only Scan using k_4 on sbtest4  (cost=0.43..6.43 rows=100 width=4)
	  Index Cond: ((k >= 4485297) AND (k <= 4485397))

table 5 : explain SELECT k FROM sbtest5 WHERE k BETWEEN 4485297 AND 4485397
	Index Only Scan using k_5 on sbtest5  (cost=0.43..6.50 rows=103 width=4)
	  Index Cond: ((k >= 4485297) AND (k <= 4485397))

table 6 : explain SELECT k FROM sbtest6 WHERE k BETWEEN 4485297 AND 4485397
	Index Only Scan using k_6 on sbtest6  (cost=0.43..6.40 rows=98 width=4)
	  Index Cond: ((k >= 4485297) AND (k <= 4485397))

table 7 : explain SELECT k FROM sbtest7 WHERE k BETWEEN 4485297 AND 4485397
	Index Only Scan using k_7 on sbtest7  (cost=0.43..6.56 rows=106 width=4)
	  Index Cond: ((k >= 4485297) AND (k <= 4485397))

table 8 : explain SELECT k FROM sbtest8 WHERE k BETWEEN 4485297 AND 4485397
	Index Only Scan using k_8 on sbtest8  (cost=0.43..6.47 rows=102 width=4)
	  Index Cond: ((k >= 4485297) AND (k <= 4485397))

explain: for range-covered :: explain SELECT k FROM sbtest%d WHERE k BETWEEN 4485297 AND 4485397
for range-covered
table 1 : explain SELECT k FROM sbtest1 WHERE k BETWEEN 4485297 AND 4485397
	Index Only Scan using k_1 on sbtest1  (cost=0.43..6.74 rows=115 width=4)
	  Index Cond: ((k >= 4485297) AND (k <= 4485397))

table 2 : explain SELECT k FROM sbtest2 WHERE k BETWEEN 4485297 AND 4485397
	Index Only Scan using k_2 on sbtest2  (cost=0.43..6.42 rows=99 width=4)
	  Index Cond: ((k >= 4485297) AND (k <= 4485397))

table 3 : explain SELECT k FROM sbtest3 WHERE k BETWEEN 4485297 AND 4485397
	Index Only Scan using k_3 on sbtest3  (cost=0.43..6.42 rows=99 width=4)
	  Index Cond: ((k >= 4485297) AND (k <= 4485397))

table 4 : explain SELECT k FROM sbtest4 WHERE k BETWEEN 4485297 AND 4485397
	Index Only Scan using k_4 on sbtest4  (cost=0.43..6.43 rows=100 width=4)
	  Index Cond: ((k >= 4485297) AND (k <= 4485397))

table 5 : explain SELECT k FROM sbtest5 WHERE k BETWEEN 4485297 AND 4485397
	Index Only Scan using k_5 on sbtest5  (cost=0.43..6.50 rows=103 width=4)
	  Index Cond: ((k >= 4485297) AND (k <= 4485397))

table 6 : explain SELECT k FROM sbtest6 WHERE k BETWEEN 4485297 AND 4485397
	Index Only Scan using k_6 on sbtest6  (cost=0.43..6.40 rows=98 width=4)
	  Index Cond: ((k >= 4485297) AND (k <= 4485397))

table 7 : explain SELECT k FROM sbtest7 WHERE k BETWEEN 4485297 AND 4485397
	Index Only Scan using k_7 on sbtest7  (cost=0.43..6.56 rows=106 width=4)
	  Index Cond: ((k >= 4485297) AND (k <= 4485397))

table 8 : explain SELECT k FROM sbtest8 WHERE k BETWEEN 4485297 AND 4485397
	Index Only Scan using k_8 on sbtest8  (cost=0.43..6.47 rows=102 width=4)
	  Index Cond: ((k >= 4485297) AND (k <= 4485397))

explain: for range-covered :: explain SELECT k FROM sbtest%d WHERE k BETWEEN 4680626 AND 4680726
explain: for range-covered :: explain SELECT k FROM sbtest%d WHERE k BETWEEN 4485297 AND 4485397
for range-covered
table 1 : explain SELECT k FROM sbtest1 WHERE k BETWEEN 4485297 AND 4485397
	Index Only Scan using k_1 on sbtest1  (cost=0.43..6.74 rows=115 width=4)
	  Index Cond: ((k >= 4485297) AND (k <= 4485397))

table 2 : explain SELECT k FROM sbtest2 WHERE k BETWEEN 4485297 AND 4485397
	Index Only Scan using k_2 on sbtest2  (cost=0.43..6.42 rows=99 width=4)
	  Index Cond: ((k >= 4485297) AND (k <= 4485397))

table 3 : explain SELECT k FROM sbtest3 WHERE k BETWEEN 4485297 AND 4485397
	Index Only Scan using k_3 on sbtest3  (cost=0.43..6.42 rows=99 width=4)
	  Index Cond: ((k >= 4485297) AND (k <= 4485397))

table 4 : explain SELECT k FROM sbtest4 WHERE k BETWEEN 4485297 AND 4485397
	Index Only Scan using k_4 on sbtest4  (cost=0.43..6.43 rows=100 width=4)
	  Index Cond: ((k >= 4485297) AND (k <= 4485397))

table 5 : explain SELECT k FROM sbtest5 WHERE k BETWEEN 4485297 AND 4485397
	Index Only Scan using k_5 on sbtest5  (cost=0.43..6.50 rows=103 width=4)
	  Index Cond: ((k >= 4485297) AND (k <= 4485397))

table 6 : explain SELECT k FROM sbtest6 WHERE k BETWEEN 4485297 AND 4485397
	Index Only Scan using k_6 on sbtest6  (cost=0.43..6.40 rows=98 width=4)
	  Index Cond: ((k >= 4485297) AND (k <= 4485397))

table 7 : explain SELECT k FROM sbtest7 WHERE k BETWEEN 4485297 AND 4485397
	Index Only Scan using k_7 on sbtest7  (cost=0.43..6.56 rows=106 width=4)
	  Index Cond: ((k >= 4485297) AND (k <= 4485397))

table 8 : explain SELECT k FROM sbtest8 WHERE k BETWEEN 4485297 AND 4485397
	Index Only Scan using k_8 on sbtest8  (cost=0.43..6.47 rows=102 width=4)
	  Index Cond: ((k >= 4485297) AND (k <= 4485397))

explain: for range-covered :: explain SELECT k FROM sbtest%d WHERE k BETWEEN 4485297 AND 4485397
for range-covered
table 1 : explain SELECT k FROM sbtest1 WHERE k BETWEEN 5898907 AND 5899007
	Index Only Scan using k_1 on sbtest1  (cost=0.43..6.37 rows=97 width=4)
	  Index Cond: ((k >= 5898907) AND (k <= 5899007))

table 2 : explain SELECT k FROM sbtest2 WHERE k BETWEEN 5898907 AND 5899007
	Index Only Scan using k_2 on sbtest2  (cost=0.43..6.45 rows=101 width=4)
	  Index Cond: ((k >= 5898907) AND (k <= 5899007))

table 3 : explain SELECT k FROM sbtest3 WHERE k BETWEEN 5898907 AND 5899007
	Index Only Scan using k_3 on sbtest3  (cost=0.43..6.63 rows=110 width=4)
	  Index Cond: ((k >= 5898907) AND (k <= 5899007))

table 4 : explain SELECT k FROM sbtest4 WHERE k BETWEEN 5898907 AND 5899007
	Index Only Scan using k_4 on sbtest4  (cost=0.43..6.56 rows=106 width=4)
	  Index Cond: ((k >= 5898907) AND (k <= 5899007))

table 5 : explain SELECT k FROM sbtest5 WHERE k BETWEEN 5898907 AND 5899007
	Index Only Scan using k_5 on sbtest5  (cost=0.43..6.32 rows=94 width=4)
	  Index Cond: ((k >= 5898907) AND (k <= 5899007))

table 6 : explain SELECT k FROM sbtest6 WHERE k BETWEEN 5898907 AND 5899007
	Index Only Scan using k_6 on sbtest6  (cost=0.43..6.37 rows=97 width=4)
	  Index Cond: ((k >= 5898907) AND (k <= 5899007))

table 7 : explain SELECT k FROM sbtest7 WHERE k BETWEEN 5898907 AND 5899007
	Index Only Scan using k_7 on sbtest7  (cost=0.43..6.66 rows=111 width=4)
	  Index Cond: ((k >= 5898907) AND (k <= 5899007))

table 8 : explain SELECT k FROM sbtest8 WHERE k BETWEEN 5898907 AND 5899007
	Index Only Scan using k_8 on sbtest8  (cost=0.43..6.35 rows=96 width=4)
	  Index Cond: ((k >= 5898907) AND (k <= 5899007))

explain: for range-covered :: explain SELECT k FROM sbtest%d WHERE k BETWEEN 5898907 AND 5899007
for range-covered
table 1 : explain SELECT k FROM sbtest1 WHERE k BETWEEN 4485297 AND 4485397
	Index Only Scan using k_1 on sbtest1  (cost=0.43..6.74 rows=115 width=4)
	  Index Cond: ((k >= 4485297) AND (k <= 4485397))

table 2 : explain SELECT k FROM sbtest2 WHERE k BETWEEN 4485297 AND 4485397
	Index Only Scan using k_2 on sbtest2  (cost=0.43..6.42 rows=99 width=4)
	  Index Cond: ((k >= 4485297) AND (k <= 4485397))

table 3 : explain SELECT k FROM sbtest3 WHERE k BETWEEN 4485297 AND 4485397
	Index Only Scan using k_3 on sbtest3  (cost=0.43..6.42 rows=99 width=4)
	  Index Cond: ((k >= 4485297) AND (k <= 4485397))

table 4 : explain SELECT k FROM sbtest4 WHERE k BETWEEN 4485297 AND 4485397
	Index Only Scan using k_4 on sbtest4  (cost=0.43..6.43 rows=100 width=4)
	  Index Cond: ((k >= 4485297) AND (k <= 4485397))

table 5 : explain SELECT k FROM sbtest5 WHERE k BETWEEN 4485297 AND 4485397
	Index Only Scan using k_5 on sbtest5  (cost=0.43..6.50 rows=103 width=4)
	  Index Cond: ((k >= 4485297) AND (k <= 4485397))

table 6 : explain SELECT k FROM sbtest6 WHERE k BETWEEN 4485297 AND 4485397
	Index Only Scan using k_6 on sbtest6  (cost=0.43..6.40 rows=98 width=4)
	  Index Cond: ((k >= 4485297) AND (k <= 4485397))

table 7 : explain SELECT k FROM sbtest7 WHERE k BETWEEN 4485297 AND 4485397
	Index Only Scan using k_7 on sbtest7  (cost=0.43..6.56 rows=106 width=4)
	  Index Cond: ((k >= 4485297) AND (k <= 4485397))

table 8 : explain SELECT k FROM sbtest8 WHERE k BETWEEN 4485297 AND 4485397
	Index Only Scan using k_8 on sbtest8  (cost=0.43..6.47 rows=102 width=4)
	  Index Cond: ((k >= 4485297) AND (k <= 4485397))

explain: for range-covered :: explain SELECT k FROM sbtest%d WHERE k BETWEEN 4485297 AND 4485397
for range-covered
table 1 : explain SELECT k FROM sbtest1 WHERE k BETWEEN 5630331 AND 5630431
	Index Only Scan using k_1 on sbtest1  (cost=0.43..6.69 rows=113 width=4)
	  Index Cond: ((k >= 5630331) AND (k <= 5630431))

table 2 : explain SELECT k FROM sbtest2 WHERE k BETWEEN 5630331 AND 5630431
	Index Only Scan using k_2 on sbtest2  (cost=0.43..6.45 rows=101 width=4)
	  Index Cond: ((k >= 5630331) AND (k <= 5630431))

table 3 : explain SELECT k FROM sbtest3 WHERE k BETWEEN 5630331 AND 5630431
	Index Only Scan using k_3 on sbtest3  (cost=0.43..6.45 rows=101 width=4)
	  Index Cond: ((k >= 5630331) AND (k <= 5630431))

table 4 : explain SELECT k FROM sbtest4 WHERE k BETWEEN 5630331 AND 5630431
	Index Only Scan using k_4 on sbtest4  (cost=0.43..6.69 rows=113 width=4)
	  Index Cond: ((k >= 5630331) AND (k <= 5630431))

table 5 : explain SELECT k FROM sbtest5 WHERE k BETWEEN 5630331 AND 5630431
	Index Only Scan using k_5 on sbtest5  (cost=0.43..6.37 rows=97 width=4)
	  Index Cond: ((k >= 5630331) AND (k <= 5630431))

table 6 : explain SELECT k FROM sbtest6 WHERE k BETWEEN 5630331 AND 5630431
	Index Only Scan using k_6 on sbtest6  (cost=0.43..6.51 rows=104 width=4)
	  Index Cond: ((k >= 5630331) AND (k <= 5630431))

table 7 : explain SELECT k FROM sbtest7 WHERE k BETWEEN 5630331 AND 5630431
	Index Only Scan using k_7 on sbtest7  (cost=0.43..6.40 rows=98 width=4)
	  Index Cond: ((k >= 5630331) AND (k <= 5630431))

table 8 : explain SELECT k FROM sbtest8 WHERE k BETWEEN 5630331 AND 5630431
	Index Only Scan using k_8 on sbtest8  (cost=0.43..6.32 rows=94 width=4)
	  Index Cond: ((k >= 5630331) AND (k <= 5630431))

for range-covered
table 1 : explain SELECT k FROM sbtest1 WHERE k BETWEEN 4485297 AND 4485397
	Index Only Scan using k_1 on sbtest1  (cost=0.43..6.74 rows=115 width=4)
	  Index Cond: ((k >= 4485297) AND (k <= 4485397))

table 2 : explain SELECT k FROM sbtest2 WHERE k BETWEEN 4485297 AND 4485397
	Index Only Scan using k_2 on sbtest2  (cost=0.43..6.42 rows=99 width=4)
	  Index Cond: ((k >= 4485297) AND (k <= 4485397))

table 3 : explain SELECT k FROM sbtest3 WHERE k BETWEEN 4485297 AND 4485397
	Index Only Scan using k_3 on sbtest3  (cost=0.43..6.42 rows=99 width=4)
	  Index Cond: ((k >= 4485297) AND (k <= 4485397))

table 4 : explain SELECT k FROM sbtest4 WHERE k BETWEEN 4485297 AND 4485397
	Index Only Scan using k_4 on sbtest4  (cost=0.43..6.43 rows=100 width=4)
	  Index Cond: ((k >= 4485297) AND (k <= 4485397))

table 5 : explain SELECT k FROM sbtest5 WHERE k BETWEEN 4485297 AND 4485397
	Index Only Scan using k_5 on sbtest5  (cost=0.43..6.50 rows=103 width=4)
	  Index Cond: ((k >= 4485297) AND (k <= 4485397))

table 6 : explain SELECT k FROM sbtest6 WHERE k BETWEEN 4485297 AND 4485397
	Index Only Scan using k_6 on sbtest6  (cost=0.43..6.40 rows=98 width=4)
	  Index Cond: ((k >= 4485297) AND (k <= 4485397))

table 7 : explain SELECT k FROM sbtest7 WHERE k BETWEEN 4485297 AND 4485397
	Index Only Scan using k_7 on sbtest7  (cost=0.43..6.56 rows=106 width=4)
	  Index Cond: ((k >= 4485297) AND (k <= 4485397))

table 8 : explain SELECT k FROM sbtest8 WHERE k BETWEEN 4485297 AND 4485397
	Index Only Scan using k_8 on sbtest8  (cost=0.43..6.47 rows=102 width=4)
	  Index Cond: ((k >= 4485297) AND (k <= 4485397))

explain: for range-covered :: explain SELECT k FROM sbtest%d WHERE k BETWEEN 4485297 AND 4485397
for range-covered
table 1 : explain SELECT k FROM sbtest1 WHERE k BETWEEN 5898907 AND 5899007
	Index Only Scan using k_1 on sbtest1  (cost=0.43..6.37 rows=97 width=4)
	  Index Cond: ((k >= 5898907) AND (k <= 5899007))

table 2 : explain SELECT k FROM sbtest2 WHERE k BETWEEN 5898907 AND 5899007
	Index Only Scan using k_2 on sbtest2  (cost=0.43..6.45 rows=101 width=4)
	  Index Cond: ((k >= 5898907) AND (k <= 5899007))

table 3 : explain SELECT k FROM sbtest3 WHERE k BETWEEN 5898907 AND 5899007
	Index Only Scan using k_3 on sbtest3  (cost=0.43..6.63 rows=110 width=4)
	  Index Cond: ((k >= 5898907) AND (k <= 5899007))

table 4 : explain SELECT k FROM sbtest4 WHERE k BETWEEN 5898907 AND 5899007
	Index Only Scan using k_4 on sbtest4  (cost=0.43..6.56 rows=106 width=4)
	  Index Cond: ((k >= 5898907) AND (k <= 5899007))

table 5 : explain SELECT k FROM sbtest5 WHERE k BETWEEN 5898907 AND 5899007
	Index Only Scan using k_5 on sbtest5  (cost=0.43..6.32 rows=94 width=4)
	  Index Cond: ((k >= 5898907) AND (k <= 5899007))

table 6 : explain SELECT k FROM sbtest6 WHERE k BETWEEN 5898907 AND 5899007
	Index Only Scan using k_6 on sbtest6  (cost=0.43..6.37 rows=97 width=4)
	  Index Cond: ((k >= 5898907) AND (k <= 5899007))

table 7 : explain SELECT k FROM sbtest7 WHERE k BETWEEN 5898907 AND 5899007
	Index Only Scan using k_7 on sbtest7  (cost=0.43..6.66 rows=111 width=4)
	  Index Cond: ((k >= 5898907) AND (k <= 5899007))

table 8 : explain SELECT k FROM sbtest8 WHERE k BETWEEN 5898907 AND 5899007
	Index Only Scan using k_8 on sbtest8  (cost=0.43..6.35 rows=96 width=4)
	  Index Cond: ((k >= 5898907) AND (k <= 5899007))

for range-covered
table 1 : explain SELECT k FROM sbtest1 WHERE k BETWEEN 417129 AND 417229
	Index Only Scan using k_1 on sbtest1  (cost=0.43..6.66 rows=111 width=4)
	  Index Cond: ((k >= 417129) AND (k <= 417229))

table 2 : explain SELECT k FROM sbtest2 WHERE k BETWEEN 417129 AND 417229
	Index Only Scan using k_2 on sbtest2  (cost=0.43..6.40 rows=98 width=4)
	  Index Cond: ((k >= 417129) AND (k <= 417229))

table 3 : explain SELECT k FROM sbtest3 WHERE k BETWEEN 417129 AND 417229
	Index Only Scan using k_3 on sbtest3  (cost=0.43..6.74 rows=115 width=4)
	  Index Cond: ((k >= 417129) AND (k <= 417229))

table 4 : explain SELECT k FROM sbtest4 WHERE k BETWEEN 417129 AND 417229
	Index Only Scan using k_4 on sbtest4  (cost=0.43..6.25 rows=91 width=4)
	  Index Cond: ((k >= 417129) AND (k <= 417229))

table 5 : explain SELECT k FROM sbtest5 WHERE k BETWEEN 417129 AND 417229
	Index Only Scan using k_5 on sbtest5  (cost=0.43..6.50 rows=103 width=4)
	  Index Cond: ((k >= 417129) AND (k <= 417229))

table 6 : explain SELECT k FROM sbtest6 WHERE k BETWEEN 417129 AND 417229
	Index Only Scan using k_6 on sbtest6  (cost=0.43..6.45 rows=101 width=4)
	  Index Cond: ((k >= 417129) AND (k <= 417229))

table 7 : explain SELECT k FROM sbtest7 WHERE k BETWEEN 417129 AND 417229
	Index Only Scan using k_7 on sbtest7  (cost=0.43..6.45 rows=101 width=4)
	  Index Cond: ((k >= 417129) AND (k <= 417229))

table 8 : explain SELECT k FROM sbtest8 WHERE k BETWEEN 417129 AND 417229
	Index Only Scan using k_8 on sbtest8  (cost=0.43..6.53 rows=105 width=4)
	  Index Cond: ((k >= 417129) AND (k <= 417229))

explain: for range-covered :: explain SELECT k FROM sbtest%d WHERE k BETWEEN 417129 AND 417229
explain: for range-covered :: explain SELECT k FROM sbtest%d WHERE k BETWEEN 5898907 AND 5899007
explain: for range-covered :: explain SELECT k FROM sbtest%d WHERE k BETWEEN 5630331 AND 5630431
for range-covered
table 1 : explain SELECT k FROM sbtest1 WHERE k BETWEEN 5898907 AND 5899007
	Index Only Scan using k_1 on sbtest1  (cost=0.43..6.37 rows=97 width=4)
	  Index Cond: ((k >= 5898907) AND (k <= 5899007))

table 2 : explain SELECT k FROM sbtest2 WHERE k BETWEEN 5898907 AND 5899007
	Index Only Scan using k_2 on sbtest2  (cost=0.43..6.45 rows=101 width=4)
	  Index Cond: ((k >= 5898907) AND (k <= 5899007))

table 3 : explain SELECT k FROM sbtest3 WHERE k BETWEEN 5898907 AND 5899007
	Index Only Scan using k_3 on sbtest3  (cost=0.43..6.63 rows=110 width=4)
	  Index Cond: ((k >= 5898907) AND (k <= 5899007))

table 4 : explain SELECT k FROM sbtest4 WHERE k BETWEEN 5898907 AND 5899007
	Index Only Scan using k_4 on sbtest4  (cost=0.43..6.56 rows=106 width=4)
	  Index Cond: ((k >= 5898907) AND (k <= 5899007))

table 5 : explain SELECT k FROM sbtest5 WHERE k BETWEEN 5898907 AND 5899007
	Index Only Scan using k_5 on sbtest5  (cost=0.43..6.32 rows=94 width=4)
	  Index Cond: ((k >= 5898907) AND (k <= 5899007))

table 6 : explain SELECT k FROM sbtest6 WHERE k BETWEEN 5898907 AND 5899007
	Index Only Scan using k_6 on sbtest6  (cost=0.43..6.37 rows=97 width=4)
	  Index Cond: ((k >= 5898907) AND (k <= 5899007))

table 7 : explain SELECT k FROM sbtest7 WHERE k BETWEEN 5898907 AND 5899007
	Index Only Scan using k_7 on sbtest7  (cost=0.43..6.66 rows=111 width=4)
	  Index Cond: ((k >= 5898907) AND (k <= 5899007))

table 8 : explain SELECT k FROM sbtest8 WHERE k BETWEEN 5898907 AND 5899007
	Index Only Scan using k_8 on sbtest8  (cost=0.43..6.35 rows=96 width=4)
	  Index Cond: ((k >= 5898907) AND (k <= 5899007))

explain: for range-covered :: explain SELECT k FROM sbtest%d WHERE k BETWEEN 5898907 AND 5899007
for range-covered
table 1 : explain SELECT k FROM sbtest1 WHERE k BETWEEN 5630331 AND 5630431
	Index Only Scan using k_1 on sbtest1  (cost=0.43..6.69 rows=113 width=4)
	  Index Cond: ((k >= 5630331) AND (k <= 5630431))

table 2 : explain SELECT k FROM sbtest2 WHERE k BETWEEN 5630331 AND 5630431
	Index Only Scan using k_2 on sbtest2  (cost=0.43..6.45 rows=101 width=4)
	  Index Cond: ((k >= 5630331) AND (k <= 5630431))

table 3 : explain SELECT k FROM sbtest3 WHERE k BETWEEN 5630331 AND 5630431
	Index Only Scan using k_3 on sbtest3  (cost=0.43..6.45 rows=101 width=4)
	  Index Cond: ((k >= 5630331) AND (k <= 5630431))

table 4 : explain SELECT k FROM sbtest4 WHERE k BETWEEN 5630331 AND 5630431
	Index Only Scan using k_4 on sbtest4  (cost=0.43..6.69 rows=113 width=4)
	  Index Cond: ((k >= 5630331) AND (k <= 5630431))

table 5 : explain SELECT k FROM sbtest5 WHERE k BETWEEN 5630331 AND 5630431
	Index Only Scan using k_5 on sbtest5  (cost=0.43..6.37 rows=97 width=4)
	  Index Cond: ((k >= 5630331) AND (k <= 5630431))

table 6 : explain SELECT k FROM sbtest6 WHERE k BETWEEN 5630331 AND 5630431
	Index Only Scan using k_6 on sbtest6  (cost=0.43..6.51 rows=104 width=4)
	  Index Cond: ((k >= 5630331) AND (k <= 5630431))

table 7 : explain SELECT k FROM sbtest7 WHERE k BETWEEN 5630331 AND 5630431
	Index Only Scan using k_7 on sbtest7  (cost=0.43..6.40 rows=98 width=4)
	  Index Cond: ((k >= 5630331) AND (k <= 5630431))

table 8 : explain SELECT k FROM sbtest8 WHERE k BETWEEN 5630331 AND 5630431
	Index Only Scan using k_8 on sbtest8  (cost=0.43..6.32 rows=94 width=4)
	  Index Cond: ((k >= 5630331) AND (k <= 5630431))

explain: for range-covered :: explain SELECT k FROM sbtest%d WHERE k BETWEEN 5630331 AND 5630431
for range-covered
table 1 : explain SELECT k FROM sbtest1 WHERE k BETWEEN 5898907 AND 5899007
	Index Only Scan using k_1 on sbtest1  (cost=0.43..6.37 rows=97 width=4)
	  Index Cond: ((k >= 5898907) AND (k <= 5899007))

table 2 : explain SELECT k FROM sbtest2 WHERE k BETWEEN 5898907 AND 5899007
	Index Only Scan using k_2 on sbtest2  (cost=0.43..6.45 rows=101 width=4)
	  Index Cond: ((k >= 5898907) AND (k <= 5899007))

table 3 : explain SELECT k FROM sbtest3 WHERE k BETWEEN 5898907 AND 5899007
	Index Only Scan using k_3 on sbtest3  (cost=0.43..6.63 rows=110 width=4)
	  Index Cond: ((k >= 5898907) AND (k <= 5899007))

table 4 : explain SELECT k FROM sbtest4 WHERE k BETWEEN 5898907 AND 5899007
	Index Only Scan using k_4 on sbtest4  (cost=0.43..6.56 rows=106 width=4)
	  Index Cond: ((k >= 5898907) AND (k <= 5899007))

table 5 : explain SELECT k FROM sbtest5 WHERE k BETWEEN 5898907 AND 5899007
	Index Only Scan using k_5 on sbtest5  (cost=0.43..6.32 rows=94 width=4)
	  Index Cond: ((k >= 5898907) AND (k <= 5899007))

table 6 : explain SELECT k FROM sbtest6 WHERE k BETWEEN 5898907 AND 5899007
	Index Only Scan using k_6 on sbtest6  (cost=0.43..6.37 rows=97 width=4)
	  Index Cond: ((k >= 5898907) AND (k <= 5899007))

table 7 : explain SELECT k FROM sbtest7 WHERE k BETWEEN 5898907 AND 5899007
	Index Only Scan using k_7 on sbtest7  (cost=0.43..6.66 rows=111 width=4)
	  Index Cond: ((k >= 5898907) AND (k <= 5899007))

table 8 : explain SELECT k FROM sbtest8 WHERE k BETWEEN 5898907 AND 5899007
	Index Only Scan using k_8 on sbtest8  (cost=0.43..6.35 rows=96 width=4)
	  Index Cond: ((k >= 5898907) AND (k <= 5899007))

for range-covered
table 1 : explain SELECT k FROM sbtest1 WHERE k BETWEEN 4680626 AND 4680726
	Index Only Scan using k_1 on sbtest1  (cost=0.43..6.45 rows=101 width=4)
	  Index Cond: ((k >= 4680626) AND (k <= 4680726))

table 2 : explain SELECT k FROM sbtest2 WHERE k BETWEEN 4680626 AND 4680726
	Index Only Scan using k_2 on sbtest2  (cost=0.43..6.61 rows=109 width=4)
	  Index Cond: ((k >= 4680626) AND (k <= 4680726))

table 3 : explain SELECT k FROM sbtest3 WHERE k BETWEEN 4680626 AND 4680726
	Index Only Scan using k_3 on sbtest3  (cost=0.43..6.40 rows=98 width=4)
	  Index Cond: ((k >= 4680626) AND (k <= 4680726))

table 4 : explain SELECT k FROM sbtest4 WHERE k BETWEEN 4680626 AND 4680726
	Index Only Scan using k_4 on sbtest4  (cost=0.43..6.63 rows=110 width=4)
	  Index Cond: ((k >= 4680626) AND (k <= 4680726))

table 5 : explain SELECT k FROM sbtest5 WHERE k BETWEEN 4680626 AND 4680726
	Index Only Scan using k_5 on sbtest5  (cost=0.43..6.47 rows=102 width=4)
	  Index Cond: ((k >= 4680626) AND (k <= 4680726))

table 6 : explain SELECT k FROM sbtest6 WHERE k BETWEEN 4680626 AND 4680726
	Index Only Scan using k_6 on sbtest6  (cost=0.43..6.50 rows=103 width=4)
	  Index Cond: ((k >= 4680626) AND (k <= 4680726))

table 7 : explain SELECT k FROM sbtest7 WHERE k BETWEEN 4680626 AND 4680726
	Index Only Scan using k_7 on sbtest7  (cost=0.43..6.37 rows=97 width=4)
	  Index Cond: ((k >= 4680626) AND (k <= 4680726))

table 8 : explain SELECT k FROM sbtest8 WHERE k BETWEEN 4680626 AND 4680726
	Index Only Scan using k_8 on sbtest8  (cost=0.43..6.50 rows=103 width=4)
	  Index Cond: ((k >= 4680626) AND (k <= 4680726))

explain: for range-covered :: explain SELECT k FROM sbtest%d WHERE k BETWEEN 5898907 AND 5899007
explain: for range-covered :: explain SELECT k FROM sbtest%d WHERE k BETWEEN 4680626 AND 4680726
explain: for range-covered :: explain SELECT k FROM sbtest%d WHERE k BETWEEN 5708401 AND 5708501
for range-covered
table 1 : explain SELECT k FROM sbtest1 WHERE k BETWEEN 5630331 AND 5630431
	Index Only Scan using k_1 on sbtest1  (cost=0.43..6.69 rows=113 width=4)
	  Index Cond: ((k >= 5630331) AND (k <= 5630431))

table 2 : explain SELECT k FROM sbtest2 WHERE k BETWEEN 5630331 AND 5630431
	Index Only Scan using k_2 on sbtest2  (cost=0.43..6.45 rows=101 width=4)
	  Index Cond: ((k >= 5630331) AND (k <= 5630431))

table 3 : explain SELECT k FROM sbtest3 WHERE k BETWEEN 5630331 AND 5630431
	Index Only Scan using k_3 on sbtest3  (cost=0.43..6.45 rows=101 width=4)
	  Index Cond: ((k >= 5630331) AND (k <= 5630431))

table 4 : explain SELECT k FROM sbtest4 WHERE k BETWEEN 5630331 AND 5630431
	Index Only Scan using k_4 on sbtest4  (cost=0.43..6.69 rows=113 width=4)
	  Index Cond: ((k >= 5630331) AND (k <= 5630431))

table 5 : explain SELECT k FROM sbtest5 WHERE k BETWEEN 5630331 AND 5630431
	Index Only Scan using k_5 on sbtest5  (cost=0.43..6.37 rows=97 width=4)
	  Index Cond: ((k >= 5630331) AND (k <= 5630431))

table 6 : explain SELECT k FROM sbtest6 WHERE k BETWEEN 5630331 AND 5630431
	Index Only Scan using k_6 on sbtest6  (cost=0.43..6.51 rows=104 width=4)
	  Index Cond: ((k >= 5630331) AND (k <= 5630431))

table 7 : explain SELECT k FROM sbtest7 WHERE k BETWEEN 5630331 AND 5630431
	Index Only Scan using k_7 on sbtest7  (cost=0.43..6.40 rows=98 width=4)
	  Index Cond: ((k >= 5630331) AND (k <= 5630431))

table 8 : explain SELECT k FROM sbtest8 WHERE k BETWEEN 5630331 AND 5630431
	Index Only Scan using k_8 on sbtest8  (cost=0.43..6.32 rows=94 width=4)
	  Index Cond: ((k >= 5630331) AND (k <= 5630431))

for range-covered
table 1 : explain SELECT k FROM sbtest1 WHERE k BETWEEN 4485297 AND 4485397
	Index Only Scan using k_1 on sbtest1  (cost=0.43..6.74 rows=115 width=4)
	  Index Cond: ((k >= 4485297) AND (k <= 4485397))

table 2 : explain SELECT k FROM sbtest2 WHERE k BETWEEN 4485297 AND 4485397
	Index Only Scan using k_2 on sbtest2  (cost=0.43..6.42 rows=99 width=4)
	  Index Cond: ((k >= 4485297) AND (k <= 4485397))

table 3 : explain SELECT k FROM sbtest3 WHERE k BETWEEN 4485297 AND 4485397
	Index Only Scan using k_3 on sbtest3  (cost=0.43..6.42 rows=99 width=4)
	  Index Cond: ((k >= 4485297) AND (k <= 4485397))

table 4 : explain SELECT k FROM sbtest4 WHERE k BETWEEN 4485297 AND 4485397
	Index Only Scan using k_4 on sbtest4  (cost=0.43..6.43 rows=100 width=4)
	  Index Cond: ((k >= 4485297) AND (k <= 4485397))

table 5 : explain SELECT k FROM sbtest5 WHERE k BETWEEN 4485297 AND 4485397
	Index Only Scan using k_5 on sbtest5  (cost=0.43..6.50 rows=103 width=4)
	  Index Cond: ((k >= 4485297) AND (k <= 4485397))

table 6 : explain SELECT k FROM sbtest6 WHERE k BETWEEN 4485297 AND 4485397
	Index Only Scan using k_6 on sbtest6  (cost=0.43..6.40 rows=98 width=4)
	  Index Cond: ((k >= 4485297) AND (k <= 4485397))

table 7 : explain SELECT k FROM sbtest7 WHERE k BETWEEN 4485297 AND 4485397
	Index Only Scan using k_7 on sbtest7  (cost=0.43..6.56 rows=106 width=4)
	  Index Cond: ((k >= 4485297) AND (k <= 4485397))

table 8 : explain SELECT k FROM sbtest8 WHERE k BETWEEN 4485297 AND 4485397
	Index Only Scan using k_8 on sbtest8  (cost=0.43..6.47 rows=102 width=4)
	  Index Cond: ((k >= 4485297) AND (k <= 4485397))

explain: for range-covered :: explain SELECT k FROM sbtest%d WHERE k BETWEEN 5630331 AND 5630431
for range-covered
table 1 : explain SELECT k FROM sbtest1 WHERE k BETWEEN 417129 AND 417229
	Index Only Scan using k_1 on sbtest1  (cost=0.43..6.66 rows=111 width=4)
	  Index Cond: ((k >= 417129) AND (k <= 417229))

table 2 : explain SELECT k FROM sbtest2 WHERE k BETWEEN 417129 AND 417229
	Index Only Scan using k_2 on sbtest2  (cost=0.43..6.40 rows=98 width=4)
	  Index Cond: ((k >= 417129) AND (k <= 417229))

table 3 : explain SELECT k FROM sbtest3 WHERE k BETWEEN 417129 AND 417229
	Index Only Scan using k_3 on sbtest3  (cost=0.43..6.74 rows=115 width=4)
	  Index Cond: ((k >= 417129) AND (k <= 417229))

table 4 : explain SELECT k FROM sbtest4 WHERE k BETWEEN 417129 AND 417229
	Index Only Scan using k_4 on sbtest4  (cost=0.43..6.25 rows=91 width=4)
	  Index Cond: ((k >= 417129) AND (k <= 417229))

table 5 : explain SELECT k FROM sbtest5 WHERE k BETWEEN 417129 AND 417229
	Index Only Scan using k_5 on sbtest5  (cost=0.43..6.50 rows=103 width=4)
	  Index Cond: ((k >= 417129) AND (k <= 417229))

table 6 : explain SELECT k FROM sbtest6 WHERE k BETWEEN 417129 AND 417229
	Index Only Scan using k_6 on sbtest6  (cost=0.43..6.45 rows=101 width=4)
	  Index Cond: ((k >= 417129) AND (k <= 417229))

table 7 : explain SELECT k FROM sbtest7 WHERE k BETWEEN 417129 AND 417229
	Index Only Scan using k_7 on sbtest7  (cost=0.43..6.45 rows=101 width=4)
	  Index Cond: ((k >= 417129) AND (k <= 417229))

table 8 : explain SELECT k FROM sbtest8 WHERE k BETWEEN 417129 AND 417229
	Index Only Scan using k_8 on sbtest8  (cost=0.43..6.53 rows=105 width=4)
	  Index Cond: ((k >= 417129) AND (k <= 417229))

explain: for range-covered :: explain SELECT k FROM sbtest%d WHERE k BETWEEN 417129 AND 417229
for range-covered
table 1 : explain SELECT k FROM sbtest1 WHERE k BETWEEN 4680626 AND 4680726
	Index Only Scan using k_1 on sbtest1  (cost=0.43..6.45 rows=101 width=4)
	  Index Cond: ((k >= 4680626) AND (k <= 4680726))

table 2 : explain SELECT k FROM sbtest2 WHERE k BETWEEN 4680626 AND 4680726
	Index Only Scan using k_2 on sbtest2  (cost=0.43..6.61 rows=109 width=4)
	  Index Cond: ((k >= 4680626) AND (k <= 4680726))

table 3 : explain SELECT k FROM sbtest3 WHERE k BETWEEN 4680626 AND 4680726
	Index Only Scan using k_3 on sbtest3  (cost=0.43..6.40 rows=98 width=4)
	  Index Cond: ((k >= 4680626) AND (k <= 4680726))

table 4 : explain SELECT k FROM sbtest4 WHERE k BETWEEN 4680626 AND 4680726
	Index Only Scan using k_4 on sbtest4  (cost=0.43..6.63 rows=110 width=4)
	  Index Cond: ((k >= 4680626) AND (k <= 4680726))

table 5 : explain SELECT k FROM sbtest5 WHERE k BETWEEN 4680626 AND 4680726
	Index Only Scan using k_5 on sbtest5  (cost=0.43..6.47 rows=102 width=4)
	  Index Cond: ((k >= 4680626) AND (k <= 4680726))

table 6 : explain SELECT k FROM sbtest6 WHERE k BETWEEN 4680626 AND 4680726
	Index Only Scan using k_6 on sbtest6  (cost=0.43..6.50 rows=103 width=4)
	  Index Cond: ((k >= 4680626) AND (k <= 4680726))

table 7 : explain SELECT k FROM sbtest7 WHERE k BETWEEN 4680626 AND 4680726
	Index Only Scan using k_7 on sbtest7  (cost=0.43..6.37 rows=97 width=4)
	  Index Cond: ((k >= 4680626) AND (k <= 4680726))

table 8 : explain SELECT k FROM sbtest8 WHERE k BETWEEN 4680626 AND 4680726
	Index Only Scan using k_8 on sbtest8  (cost=0.43..6.50 rows=103 width=4)
	  Index Cond: ((k >= 4680626) AND (k <= 4680726))

explain: for range-covered :: explain SELECT k FROM sbtest%d WHERE k BETWEEN 4680626 AND 4680726
for range-covered
table 1 : explain SELECT k FROM sbtest1 WHERE k BETWEEN 5630331 AND 5630431
	Index Only Scan using k_1 on sbtest1  (cost=0.43..6.69 rows=113 width=4)
	  Index Cond: ((k >= 5630331) AND (k <= 5630431))

table 2 : explain SELECT k FROM sbtest2 WHERE k BETWEEN 5630331 AND 5630431
	Index Only Scan using k_2 on sbtest2  (cost=0.43..6.45 rows=101 width=4)
	  Index Cond: ((k >= 5630331) AND (k <= 5630431))

table 3 : explain SELECT k FROM sbtest3 WHERE k BETWEEN 5630331 AND 5630431
	Index Only Scan using k_3 on sbtest3  (cost=0.43..6.45 rows=101 width=4)
	  Index Cond: ((k >= 5630331) AND (k <= 5630431))

table 4 : explain SELECT k FROM sbtest4 WHERE k BETWEEN 5630331 AND 5630431
	Index Only Scan using k_4 on sbtest4  (cost=0.43..6.69 rows=113 width=4)
	  Index Cond: ((k >= 5630331) AND (k <= 5630431))

table 5 : explain SELECT k FROM sbtest5 WHERE k BETWEEN 5630331 AND 5630431
	Index Only Scan using k_5 on sbtest5  (cost=0.43..6.37 rows=97 width=4)
	  Index Cond: ((k >= 5630331) AND (k <= 5630431))

table 6 : explain SELECT k FROM sbtest6 WHERE k BETWEEN 5630331 AND 5630431
	Index Only Scan using k_6 on sbtest6  (cost=0.43..6.51 rows=104 width=4)
	  Index Cond: ((k >= 5630331) AND (k <= 5630431))

table 7 : explain SELECT k FROM sbtest7 WHERE k BETWEEN 5630331 AND 5630431
	Index Only Scan using k_7 on sbtest7  (cost=0.43..6.40 rows=98 width=4)
	  Index Cond: ((k >= 5630331) AND (k <= 5630431))

table 8 : explain SELECT k FROM sbtest8 WHERE k BETWEEN 5630331 AND 5630431
	Index Only Scan using k_8 on sbtest8  (cost=0.43..6.32 rows=94 width=4)
	  Index Cond: ((k >= 5630331) AND (k <= 5630431))

explain: for range-covered :: explain SELECT k FROM sbtest%d WHERE k BETWEEN 5630331 AND 5630431
for range-covered
table 1 : explain SELECT k FROM sbtest1 WHERE k BETWEEN 3076875 AND 3076975
	Index Only Scan using k_1 on sbtest1  (cost=0.43..6.59 rows=108 width=4)
	  Index Cond: ((k >= 3076875) AND (k <= 3076975))

table 2 : explain SELECT k FROM sbtest2 WHERE k BETWEEN 3076875 AND 3076975
	Index Only Scan using k_2 on sbtest2  (cost=0.43..6.53 rows=105 width=4)
	  Index Cond: ((k >= 3076875) AND (k <= 3076975))

table 3 : explain SELECT k FROM sbtest3 WHERE k BETWEEN 3076875 AND 3076975
	Index Only Scan using k_3 on sbtest3  (cost=0.43..6.47 rows=102 width=4)
	  Index Cond: ((k >= 3076875) AND (k <= 3076975))

table 4 : explain SELECT k FROM sbtest4 WHERE k BETWEEN 3076875 AND 3076975
	Index Only Scan using k_4 on sbtest4  (cost=0.43..6.53 rows=105 width=4)
	  Index Cond: ((k >= 3076875) AND (k <= 3076975))

table 5 : explain SELECT k FROM sbtest5 WHERE k BETWEEN 3076875 AND 3076975
	Index Only Scan using k_5 on sbtest5  (cost=0.43..6.77 rows=117 width=4)
	  Index Cond: ((k >= 3076875) AND (k <= 3076975))

table 6 : explain SELECT k FROM sbtest6 WHERE k BETWEEN 3076875 AND 3076975
	Index Only Scan using k_6 on sbtest6  (cost=0.43..6.53 rows=105 width=4)
	  Index Cond: ((k >= 3076875) AND (k <= 3076975))

table 7 : explain SELECT k FROM sbtest7 WHERE k BETWEEN 3076875 AND 3076975
	Index Only Scan using k_7 on sbtest7  (cost=0.43..6.43 rows=100 width=4)
	  Index Cond: ((k >= 3076875) AND (k <= 3076975))

table 8 : explain SELECT k FROM sbtest8 WHERE k BETWEEN 3076875 AND 3076975
	Index Only Scan using k_8 on sbtest8  (cost=0.43..6.33 rows=95 width=4)
	  Index Cond: ((k >= 3076875) AND (k <= 3076975))

explain: for range-covered :: explain SELECT k FROM sbtest%d WHERE k BETWEEN 3076875 AND 3076975
for range-covered
table 1 : explain SELECT k FROM sbtest1 WHERE k BETWEEN 417129 AND 417229
	Index Only Scan using k_1 on sbtest1  (cost=0.43..6.66 rows=111 width=4)
	  Index Cond: ((k >= 417129) AND (k <= 417229))

table 2 : explain SELECT k FROM sbtest2 WHERE k BETWEEN 417129 AND 417229
	Index Only Scan using k_2 on sbtest2  (cost=0.43..6.40 rows=98 width=4)
	  Index Cond: ((k >= 417129) AND (k <= 417229))

table 3 : explain SELECT k FROM sbtest3 WHERE k BETWEEN 417129 AND 417229
	Index Only Scan using k_3 on sbtest3  (cost=0.43..6.74 rows=115 width=4)
	  Index Cond: ((k >= 417129) AND (k <= 417229))

table 4 : explain SELECT k FROM sbtest4 WHERE k BETWEEN 417129 AND 417229
	Index Only Scan using k_4 on sbtest4  (cost=0.43..6.25 rows=91 width=4)
	  Index Cond: ((k >= 417129) AND (k <= 417229))

table 5 : explain SELECT k FROM sbtest5 WHERE k BETWEEN 417129 AND 417229
	Index Only Scan using k_5 on sbtest5  (cost=0.43..6.50 rows=103 width=4)
	  Index Cond: ((k >= 417129) AND (k <= 417229))

table 6 : explain SELECT k FROM sbtest6 WHERE k BETWEEN 417129 AND 417229
	Index Only Scan using k_6 on sbtest6  (cost=0.43..6.45 rows=101 width=4)
	  Index Cond: ((k >= 417129) AND (k <= 417229))

table 7 : explain SELECT k FROM sbtest7 WHERE k BETWEEN 417129 AND 417229
	Index Only Scan using k_7 on sbtest7  (cost=0.43..6.45 rows=101 width=4)
	  Index Cond: ((k >= 417129) AND (k <= 417229))

table 8 : explain SELECT k FROM sbtest8 WHERE k BETWEEN 417129 AND 417229
	Index Only Scan using k_8 on sbtest8  (cost=0.43..6.53 rows=105 width=4)
	  Index Cond: ((k >= 417129) AND (k <= 417229))

explain: for range-covered :: explain SELECT k FROM sbtest%d WHERE k BETWEEN 417129 AND 417229
for range-covered
table 1 : explain SELECT k FROM sbtest1 WHERE k BETWEEN 4680626 AND 4680726
	Index Only Scan using k_1 on sbtest1  (cost=0.43..6.45 rows=101 width=4)
	  Index Cond: ((k >= 4680626) AND (k <= 4680726))

table 2 : explain SELECT k FROM sbtest2 WHERE k BETWEEN 4680626 AND 4680726
	Index Only Scan using k_2 on sbtest2  (cost=0.43..6.61 rows=109 width=4)
	  Index Cond: ((k >= 4680626) AND (k <= 4680726))

table 3 : explain SELECT k FROM sbtest3 WHERE k BETWEEN 4680626 AND 4680726
	Index Only Scan using k_3 on sbtest3  (cost=0.43..6.40 rows=98 width=4)
	  Index Cond: ((k >= 4680626) AND (k <= 4680726))

table 4 : explain SELECT k FROM sbtest4 WHERE k BETWEEN 4680626 AND 4680726
	Index Only Scan using k_4 on sbtest4  (cost=0.43..6.63 rows=110 width=4)
	  Index Cond: ((k >= 4680626) AND (k <= 4680726))

table 5 : explain SELECT k FROM sbtest5 WHERE k BETWEEN 4680626 AND 4680726
	Index Only Scan using k_5 on sbtest5  (cost=0.43..6.47 rows=102 width=4)
	  Index Cond: ((k >= 4680626) AND (k <= 4680726))

table 6 : explain SELECT k FROM sbtest6 WHERE k BETWEEN 4680626 AND 4680726
	Index Only Scan using k_6 on sbtest6  (cost=0.43..6.50 rows=103 width=4)
	  Index Cond: ((k >= 4680626) AND (k <= 4680726))

table 7 : explain SELECT k FROM sbtest7 WHERE k BETWEEN 4680626 AND 4680726
	Index Only Scan using k_7 on sbtest7  (cost=0.43..6.37 rows=97 width=4)
	  Index Cond: ((k >= 4680626) AND (k <= 4680726))

table 8 : explain SELECT k FROM sbtest8 WHERE k BETWEEN 4680626 AND 4680726
	Index Only Scan using k_8 on sbtest8  (cost=0.43..6.50 rows=103 width=4)
	  Index Cond: ((k >= 4680626) AND (k <= 4680726))

explain: for range-covered :: explain SELECT k FROM sbtest%d WHERE k BETWEEN 4680626 AND 4680726
for range-covered
table 1 : explain SELECT k FROM sbtest1 WHERE k BETWEEN 5630331 AND 5630431
	Index Only Scan using k_1 on sbtest1  (cost=0.43..6.69 rows=113 width=4)
	  Index Cond: ((k >= 5630331) AND (k <= 5630431))

table 2 : explain SELECT k FROM sbtest2 WHERE k BETWEEN 5630331 AND 5630431
	Index Only Scan using k_2 on sbtest2  (cost=0.43..6.45 rows=101 width=4)
	  Index Cond: ((k >= 5630331) AND (k <= 5630431))

table 3 : explain SELECT k FROM sbtest3 WHERE k BETWEEN 5630331 AND 5630431
	Index Only Scan using k_3 on sbtest3  (cost=0.43..6.45 rows=101 width=4)
	  Index Cond: ((k >= 5630331) AND (k <= 5630431))

table 4 : explain SELECT k FROM sbtest4 WHERE k BETWEEN 5630331 AND 5630431
	Index Only Scan using k_4 on sbtest4  (cost=0.43..6.69 rows=113 width=4)
	  Index Cond: ((k >= 5630331) AND (k <= 5630431))

table 5 : explain SELECT k FROM sbtest5 WHERE k BETWEEN 5630331 AND 5630431
	Index Only Scan using k_5 on sbtest5  (cost=0.43..6.37 rows=97 width=4)
	  Index Cond: ((k >= 5630331) AND (k <= 5630431))

table 6 : explain SELECT k FROM sbtest6 WHERE k BETWEEN 5630331 AND 5630431
	Index Only Scan using k_6 on sbtest6  (cost=0.43..6.51 rows=104 width=4)
	  Index Cond: ((k >= 5630331) AND (k <= 5630431))

table 7 : explain SELECT k FROM sbtest7 WHERE k BETWEEN 5630331 AND 5630431
	Index Only Scan using k_7 on sbtest7  (cost=0.43..6.40 rows=98 width=4)
	  Index Cond: ((k >= 5630331) AND (k <= 5630431))

table 8 : explain SELECT k FROM sbtest8 WHERE k BETWEEN 5630331 AND 5630431
	Index Only Scan using k_8 on sbtest8  (cost=0.43..6.32 rows=94 width=4)
	  Index Cond: ((k >= 5630331) AND (k <= 5630431))

for range-covered
table 1 : explain SELECT k FROM sbtest1 WHERE k BETWEEN 3076875 AND 3076975
	Index Only Scan using k_1 on sbtest1  (cost=0.43..6.59 rows=108 width=4)
	  Index Cond: ((k >= 3076875) AND (k <= 3076975))

table 2 : explain SELECT k FROM sbtest2 WHERE k BETWEEN 3076875 AND 3076975
	Index Only Scan using k_2 on sbtest2  (cost=0.43..6.53 rows=105 width=4)
	  Index Cond: ((k >= 3076875) AND (k <= 3076975))

table 3 : explain SELECT k FROM sbtest3 WHERE k BETWEEN 3076875 AND 3076975
	Index Only Scan using k_3 on sbtest3  (cost=0.43..6.47 rows=102 width=4)
	  Index Cond: ((k >= 3076875) AND (k <= 3076975))

table 4 : explain SELECT k FROM sbtest4 WHERE k BETWEEN 3076875 AND 3076975
	Index Only Scan using k_4 on sbtest4  (cost=0.43..6.53 rows=105 width=4)
	  Index Cond: ((k >= 3076875) AND (k <= 3076975))

table 5 : explain SELECT k FROM sbtest5 WHERE k BETWEEN 3076875 AND 3076975
	Index Only Scan using k_5 on sbtest5  (cost=0.43..6.77 rows=117 width=4)
	  Index Cond: ((k >= 3076875) AND (k <= 3076975))

table 6 : explain SELECT k FROM sbtest6 WHERE k BETWEEN 3076875 AND 3076975
	Index Only Scan using k_6 on sbtest6  (cost=0.43..6.53 rows=105 width=4)
	  Index Cond: ((k >= 3076875) AND (k <= 3076975))

table 7 : explain SELECT k FROM sbtest7 WHERE k BETWEEN 3076875 AND 3076975
	Index Only Scan using k_7 on sbtest7  (cost=0.43..6.43 rows=100 width=4)
	  Index Cond: ((k >= 3076875) AND (k <= 3076975))

table 8 : explain SELECT k FROM sbtest8 WHERE k BETWEEN 3076875 AND 3076975
	Index Only Scan using k_8 on sbtest8  (cost=0.43..6.33 rows=95 width=4)
	  Index Cond: ((k >= 3076875) AND (k <= 3076975))

explain: for range-covered :: explain SELECT k FROM sbtest%d WHERE k BETWEEN 3076875 AND 3076975
for range-covered
table 1 : explain SELECT k FROM sbtest1 WHERE k BETWEEN 417129 AND 417229
	Index Only Scan using k_1 on sbtest1  (cost=0.43..6.66 rows=111 width=4)
	  Index Cond: ((k >= 417129) AND (k <= 417229))

table 2 : explain SELECT k FROM sbtest2 WHERE k BETWEEN 417129 AND 417229
	Index Only Scan using k_2 on sbtest2  (cost=0.43..6.40 rows=98 width=4)
	  Index Cond: ((k >= 417129) AND (k <= 417229))

table 3 : explain SELECT k FROM sbtest3 WHERE k BETWEEN 417129 AND 417229
	Index Only Scan using k_3 on sbtest3  (cost=0.43..6.74 rows=115 width=4)
	  Index Cond: ((k >= 417129) AND (k <= 417229))

table 4 : explain SELECT k FROM sbtest4 WHERE k BETWEEN 417129 AND 417229
	Index Only Scan using k_4 on sbtest4  (cost=0.43..6.25 rows=91 width=4)
	  Index Cond: ((k >= 417129) AND (k <= 417229))

table 5 : explain SELECT k FROM sbtest5 WHERE k BETWEEN 417129 AND 417229
	Index Only Scan using k_5 on sbtest5  (cost=0.43..6.50 rows=103 width=4)
	  Index Cond: ((k >= 417129) AND (k <= 417229))

table 6 : explain SELECT k FROM sbtest6 WHERE k BETWEEN 417129 AND 417229
	Index Only Scan using k_6 on sbtest6  (cost=0.43..6.45 rows=101 width=4)
	  Index Cond: ((k >= 417129) AND (k <= 417229))

table 7 : explain SELECT k FROM sbtest7 WHERE k BETWEEN 417129 AND 417229
	Index Only Scan using k_7 on sbtest7  (cost=0.43..6.45 rows=101 width=4)
	  Index Cond: ((k >= 417129) AND (k <= 417229))

table 8 : explain SELECT k FROM sbtest8 WHERE k BETWEEN 417129 AND 417229
	Index Only Scan using k_8 on sbtest8  (cost=0.43..6.53 rows=105 width=4)
	  Index Cond: ((k >= 417129) AND (k <= 417229))

explain: for range-covered :: explain SELECT k FROM sbtest%d WHERE k BETWEEN 417129 AND 417229
explain: for range-covered :: explain SELECT k FROM sbtest%d WHERE k BETWEEN 5630331 AND 5630431
for range-covered
table 1 : explain SELECT k FROM sbtest1 WHERE k BETWEEN 3076875 AND 3076975
	Index Only Scan using k_1 on sbtest1  (cost=0.43..6.59 rows=108 width=4)
	  Index Cond: ((k >= 3076875) AND (k <= 3076975))

table 2 : explain SELECT k FROM sbtest2 WHERE k BETWEEN 3076875 AND 3076975
	Index Only Scan using k_2 on sbtest2  (cost=0.43..6.53 rows=105 width=4)
	  Index Cond: ((k >= 3076875) AND (k <= 3076975))

table 3 : explain SELECT k FROM sbtest3 WHERE k BETWEEN 3076875 AND 3076975
	Index Only Scan using k_3 on sbtest3  (cost=0.43..6.47 rows=102 width=4)
	  Index Cond: ((k >= 3076875) AND (k <= 3076975))

table 4 : explain SELECT k FROM sbtest4 WHERE k BETWEEN 3076875 AND 3076975
	Index Only Scan using k_4 on sbtest4  (cost=0.43..6.53 rows=105 width=4)
	  Index Cond: ((k >= 3076875) AND (k <= 3076975))

table 5 : explain SELECT k FROM sbtest5 WHERE k BETWEEN 3076875 AND 3076975
	Index Only Scan using k_5 on sbtest5  (cost=0.43..6.77 rows=117 width=4)
	  Index Cond: ((k >= 3076875) AND (k <= 3076975))

table 6 : explain SELECT k FROM sbtest6 WHERE k BETWEEN 3076875 AND 3076975
	Index Only Scan using k_6 on sbtest6  (cost=0.43..6.53 rows=105 width=4)
	  Index Cond: ((k >= 3076875) AND (k <= 3076975))

table 7 : explain SELECT k FROM sbtest7 WHERE k BETWEEN 3076875 AND 3076975
	Index Only Scan using k_7 on sbtest7  (cost=0.43..6.43 rows=100 width=4)
	  Index Cond: ((k >= 3076875) AND (k <= 3076975))

table 8 : explain SELECT k FROM sbtest8 WHERE k BETWEEN 3076875 AND 3076975
	Index Only Scan using k_8 on sbtest8  (cost=0.43..6.33 rows=95 width=4)
	  Index Cond: ((k >= 3076875) AND (k <= 3076975))

explain: for range-covered :: explain SELECT k FROM sbtest%d WHERE k BETWEEN 3076875 AND 3076975
for range-covered
table 1 : explain SELECT k FROM sbtest1 WHERE k BETWEEN 5898907 AND 5899007
	Index Only Scan using k_1 on sbtest1  (cost=0.43..6.37 rows=97 width=4)
	  Index Cond: ((k >= 5898907) AND (k <= 5899007))

table 2 : explain SELECT k FROM sbtest2 WHERE k BETWEEN 5898907 AND 5899007
	Index Only Scan using k_2 on sbtest2  (cost=0.43..6.45 rows=101 width=4)
	  Index Cond: ((k >= 5898907) AND (k <= 5899007))

table 3 : explain SELECT k FROM sbtest3 WHERE k BETWEEN 5898907 AND 5899007
	Index Only Scan using k_3 on sbtest3  (cost=0.43..6.63 rows=110 width=4)
	  Index Cond: ((k >= 5898907) AND (k <= 5899007))

table 4 : explain SELECT k FROM sbtest4 WHERE k BETWEEN 5898907 AND 5899007
	Index Only Scan using k_4 on sbtest4  (cost=0.43..6.56 rows=106 width=4)
	  Index Cond: ((k >= 5898907) AND (k <= 5899007))

table 5 : explain SELECT k FROM sbtest5 WHERE k BETWEEN 5898907 AND 5899007
	Index Only Scan using k_5 on sbtest5  (cost=0.43..6.32 rows=94 width=4)
	  Index Cond: ((k >= 5898907) AND (k <= 5899007))

table 6 : explain SELECT k FROM sbtest6 WHERE k BETWEEN 5898907 AND 5899007
	Index Only Scan using k_6 on sbtest6  (cost=0.43..6.37 rows=97 width=4)
	  Index Cond: ((k >= 5898907) AND (k <= 5899007))

table 7 : explain SELECT k FROM sbtest7 WHERE k BETWEEN 5898907 AND 5899007
	Index Only Scan using k_7 on sbtest7  (cost=0.43..6.66 rows=111 width=4)
	  Index Cond: ((k >= 5898907) AND (k <= 5899007))

table 8 : explain SELECT k FROM sbtest8 WHERE k BETWEEN 5898907 AND 5899007
	Index Only Scan using k_8 on sbtest8  (cost=0.43..6.35 rows=96 width=4)
	  Index Cond: ((k >= 5898907) AND (k <= 5899007))

explain: for range-covered :: explain SELECT k FROM sbtest%d WHERE k BETWEEN 5898907 AND 5899007
explain: for range-covered :: explain SELECT k FROM sbtest%d WHERE k BETWEEN 6745092 AND 6745192
for range-covered
table 1 : explain SELECT k FROM sbtest1 WHERE k BETWEEN 4680626 AND 4680726
	Index Only Scan using k_1 on sbtest1  (cost=0.43..6.45 rows=101 width=4)
	  Index Cond: ((k >= 4680626) AND (k <= 4680726))

table 2 : explain SELECT k FROM sbtest2 WHERE k BETWEEN 4680626 AND 4680726
	Index Only Scan using k_2 on sbtest2  (cost=0.43..6.61 rows=109 width=4)
	  Index Cond: ((k >= 4680626) AND (k <= 4680726))

table 3 : explain SELECT k FROM sbtest3 WHERE k BETWEEN 4680626 AND 4680726
	Index Only Scan using k_3 on sbtest3  (cost=0.43..6.40 rows=98 width=4)
	  Index Cond: ((k >= 4680626) AND (k <= 4680726))

table 4 : explain SELECT k FROM sbtest4 WHERE k BETWEEN 4680626 AND 4680726
	Index Only Scan using k_4 on sbtest4  (cost=0.43..6.63 rows=110 width=4)
	  Index Cond: ((k >= 4680626) AND (k <= 4680726))

table 5 : explain SELECT k FROM sbtest5 WHERE k BETWEEN 4680626 AND 4680726
	Index Only Scan using k_5 on sbtest5  (cost=0.43..6.47 rows=102 width=4)
	  Index Cond: ((k >= 4680626) AND (k <= 4680726))

table 6 : explain SELECT k FROM sbtest6 WHERE k BETWEEN 4680626 AND 4680726
	Index Only Scan using k_6 on sbtest6  (cost=0.43..6.50 rows=103 width=4)
	  Index Cond: ((k >= 4680626) AND (k <= 4680726))

table 7 : explain SELECT k FROM sbtest7 WHERE k BETWEEN 4680626 AND 4680726
	Index Only Scan using k_7 on sbtest7  (cost=0.43..6.37 rows=97 width=4)
	  Index Cond: ((k >= 4680626) AND (k <= 4680726))

table 8 : explain SELECT k FROM sbtest8 WHERE k BETWEEN 4680626 AND 4680726
	Index Only Scan using k_8 on sbtest8  (cost=0.43..6.50 rows=103 width=4)
	  Index Cond: ((k >= 4680626) AND (k <= 4680726))

explain: for range-covered :: explain SELECT k FROM sbtest%d WHERE k BETWEEN 3354920 AND 3355020
explain: for range-covered :: explain SELECT k FROM sbtest%d WHERE k BETWEEN 4680626 AND 4680726
for range-covered
table 1 : explain SELECT k FROM sbtest1 WHERE k BETWEEN 417129 AND 417229
	Index Only Scan using k_1 on sbtest1  (cost=0.43..6.66 rows=111 width=4)
	  Index Cond: ((k >= 417129) AND (k <= 417229))

table 2 : explain SELECT k FROM sbtest2 WHERE k BETWEEN 417129 AND 417229
	Index Only Scan using k_2 on sbtest2  (cost=0.43..6.40 rows=98 width=4)
	  Index Cond: ((k >= 417129) AND (k <= 417229))

table 3 : explain SELECT k FROM sbtest3 WHERE k BETWEEN 417129 AND 417229
	Index Only Scan using k_3 on sbtest3  (cost=0.43..6.74 rows=115 width=4)
	  Index Cond: ((k >= 417129) AND (k <= 417229))

table 4 : explain SELECT k FROM sbtest4 WHERE k BETWEEN 417129 AND 417229
	Index Only Scan using k_4 on sbtest4  (cost=0.43..6.25 rows=91 width=4)
	  Index Cond: ((k >= 417129) AND (k <= 417229))

table 5 : explain SELECT k FROM sbtest5 WHERE k BETWEEN 417129 AND 417229
	Index Only Scan using k_5 on sbtest5  (cost=0.43..6.50 rows=103 width=4)
	  Index Cond: ((k >= 417129) AND (k <= 417229))

table 6 : explain SELECT k FROM sbtest6 WHERE k BETWEEN 417129 AND 417229
	Index Only Scan using k_6 on sbtest6  (cost=0.43..6.45 rows=101 width=4)
	  Index Cond: ((k >= 417129) AND (k <= 417229))

table 7 : explain SELECT k FROM sbtest7 WHERE k BETWEEN 417129 AND 417229
	Index Only Scan using k_7 on sbtest7  (cost=0.43..6.45 rows=101 width=4)
	  Index Cond: ((k >= 417129) AND (k <= 417229))

table 8 : explain SELECT k FROM sbtest8 WHERE k BETWEEN 417129 AND 417229
	Index Only Scan using k_8 on sbtest8  (cost=0.43..6.53 rows=105 width=4)
	  Index Cond: ((k >= 417129) AND (k <= 417229))

explain: for range-covered :: explain SELECT k FROM sbtest%d WHERE k BETWEEN 417129 AND 417229
for range-covered
table 1 : explain SELECT k FROM sbtest1 WHERE k BETWEEN 3076875 AND 3076975
	Index Only Scan using k_1 on sbtest1  (cost=0.43..6.59 rows=108 width=4)
	  Index Cond: ((k >= 3076875) AND (k <= 3076975))

table 2 : explain SELECT k FROM sbtest2 WHERE k BETWEEN 3076875 AND 3076975
	Index Only Scan using k_2 on sbtest2  (cost=0.43..6.53 rows=105 width=4)
	  Index Cond: ((k >= 3076875) AND (k <= 3076975))

table 3 : explain SELECT k FROM sbtest3 WHERE k BETWEEN 3076875 AND 3076975
	Index Only Scan using k_3 on sbtest3  (cost=0.43..6.47 rows=102 width=4)
	  Index Cond: ((k >= 3076875) AND (k <= 3076975))

table 4 : explain SELECT k FROM sbtest4 WHERE k BETWEEN 3076875 AND 3076975
	Index Only Scan using k_4 on sbtest4  (cost=0.43..6.53 rows=105 width=4)
	  Index Cond: ((k >= 3076875) AND (k <= 3076975))

table 5 : explain SELECT k FROM sbtest5 WHERE k BETWEEN 3076875 AND 3076975
	Index Only Scan using k_5 on sbtest5  (cost=0.43..6.77 rows=117 width=4)
	  Index Cond: ((k >= 3076875) AND (k <= 3076975))

table 6 : explain SELECT k FROM sbtest6 WHERE k BETWEEN 3076875 AND 3076975
	Index Only Scan using k_6 on sbtest6  (cost=0.43..6.53 rows=105 width=4)
	  Index Cond: ((k >= 3076875) AND (k <= 3076975))

table 7 : explain SELECT k FROM sbtest7 WHERE k BETWEEN 3076875 AND 3076975
	Index Only Scan using k_7 on sbtest7  (cost=0.43..6.43 rows=100 width=4)
	  Index Cond: ((k >= 3076875) AND (k <= 3076975))

table 8 : explain SELECT k FROM sbtest8 WHERE k BETWEEN 3076875 AND 3076975
	Index Only Scan using k_8 on sbtest8  (cost=0.43..6.33 rows=95 width=4)
	  Index Cond: ((k >= 3076875) AND (k <= 3076975))

explain: for range-covered :: explain SELECT k FROM sbtest%d WHERE k BETWEEN 3076875 AND 3076975
explain: for range-covered :: explain SELECT k FROM sbtest%d WHERE k BETWEEN 7014783 AND 7014883
for range-covered
table 1 : explain SELECT k FROM sbtest1 WHERE k BETWEEN 5898907 AND 5899007
	Index Only Scan using k_1 on sbtest1  (cost=0.43..6.37 rows=97 width=4)
	  Index Cond: ((k >= 5898907) AND (k <= 5899007))

table 2 : explain SELECT k FROM sbtest2 WHERE k BETWEEN 5898907 AND 5899007
	Index Only Scan using k_2 on sbtest2  (cost=0.43..6.45 rows=101 width=4)
	  Index Cond: ((k >= 5898907) AND (k <= 5899007))

table 3 : explain SELECT k FROM sbtest3 WHERE k BETWEEN 5898907 AND 5899007
	Index Only Scan using k_3 on sbtest3  (cost=0.43..6.63 rows=110 width=4)
	  Index Cond: ((k >= 5898907) AND (k <= 5899007))

table 4 : explain SELECT k FROM sbtest4 WHERE k BETWEEN 5898907 AND 5899007
	Index Only Scan using k_4 on sbtest4  (cost=0.43..6.56 rows=106 width=4)
	  Index Cond: ((k >= 5898907) AND (k <= 5899007))

table 5 : explain SELECT k FROM sbtest5 WHERE k BETWEEN 5898907 AND 5899007
	Index Only Scan using k_5 on sbtest5  (cost=0.43..6.32 rows=94 width=4)
	  Index Cond: ((k >= 5898907) AND (k <= 5899007))

table 6 : explain SELECT k FROM sbtest6 WHERE k BETWEEN 5898907 AND 5899007
	Index Only Scan using k_6 on sbtest6  (cost=0.43..6.37 rows=97 width=4)
	  Index Cond: ((k >= 5898907) AND (k <= 5899007))

table 7 : explain SELECT k FROM sbtest7 WHERE k BETWEEN 5898907 AND 5899007
	Index Only Scan using k_7 on sbtest7  (cost=0.43..6.66 rows=111 width=4)
	  Index Cond: ((k >= 5898907) AND (k <= 5899007))

table 8 : explain SELECT k FROM sbtest8 WHERE k BETWEEN 5898907 AND 5899007
	Index Only Scan using k_8 on sbtest8  (cost=0.43..6.35 rows=96 width=4)
	  Index Cond: ((k >= 5898907) AND (k <= 5899007))

for range-covered
table 1 : explain SELECT k FROM sbtest1 WHERE k BETWEEN 4680626 AND 4680726
	Index Only Scan using k_1 on sbtest1  (cost=0.43..6.45 rows=101 width=4)
	  Index Cond: ((k >= 4680626) AND (k <= 4680726))

table 2 : explain SELECT k FROM sbtest2 WHERE k BETWEEN 4680626 AND 4680726
	Index Only Scan using k_2 on sbtest2  (cost=0.43..6.61 rows=109 width=4)
	  Index Cond: ((k >= 4680626) AND (k <= 4680726))

table 3 : explain SELECT k FROM sbtest3 WHERE k BETWEEN 4680626 AND 4680726
	Index Only Scan using k_3 on sbtest3  (cost=0.43..6.40 rows=98 width=4)
	  Index Cond: ((k >= 4680626) AND (k <= 4680726))

table 4 : explain SELECT k FROM sbtest4 WHERE k BETWEEN 4680626 AND 4680726
	Index Only Scan using k_4 on sbtest4  (cost=0.43..6.63 rows=110 width=4)
	  Index Cond: ((k >= 4680626) AND (k <= 4680726))

table 5 : explain SELECT k FROM sbtest5 WHERE k BETWEEN 4680626 AND 4680726
	Index Only Scan using k_5 on sbtest5  (cost=0.43..6.47 rows=102 width=4)
	  Index Cond: ((k >= 4680626) AND (k <= 4680726))

table 6 : explain SELECT k FROM sbtest6 WHERE k BETWEEN 4680626 AND 4680726
	Index Only Scan using k_6 on sbtest6  (cost=0.43..6.50 rows=103 width=4)
	  Index Cond: ((k >= 4680626) AND (k <= 4680726))

table 7 : explain SELECT k FROM sbtest7 WHERE k BETWEEN 4680626 AND 4680726
	Index Only Scan using k_7 on sbtest7  (cost=0.43..6.37 rows=97 width=4)
	  Index Cond: ((k >= 4680626) AND (k <= 4680726))

table 8 : explain SELECT k FROM sbtest8 WHERE k BETWEEN 4680626 AND 4680726
	Index Only Scan using k_8 on sbtest8  (cost=0.43..6.50 rows=103 width=4)
	  Index Cond: ((k >= 4680626) AND (k <= 4680726))

explain: for range-covered :: explain SELECT k FROM sbtest%d WHERE k BETWEEN 4680626 AND 4680726
explain: for range-covered :: explain SELECT k FROM sbtest%d WHERE k BETWEEN 5898907 AND 5899007
for range-covered
table 1 : explain SELECT k FROM sbtest1 WHERE k BETWEEN 417129 AND 417229
	Index Only Scan using k_1 on sbtest1  (cost=0.43..6.66 rows=111 width=4)
	  Index Cond: ((k >= 417129) AND (k <= 417229))

table 2 : explain SELECT k FROM sbtest2 WHERE k BETWEEN 417129 AND 417229
	Index Only Scan using k_2 on sbtest2  (cost=0.43..6.40 rows=98 width=4)
	  Index Cond: ((k >= 417129) AND (k <= 417229))

table 3 : explain SELECT k FROM sbtest3 WHERE k BETWEEN 417129 AND 417229
	Index Only Scan using k_3 on sbtest3  (cost=0.43..6.74 rows=115 width=4)
	  Index Cond: ((k >= 417129) AND (k <= 417229))

table 4 : explain SELECT k FROM sbtest4 WHERE k BETWEEN 417129 AND 417229
	Index Only Scan using k_4 on sbtest4  (cost=0.43..6.25 rows=91 width=4)
	  Index Cond: ((k >= 417129) AND (k <= 417229))

table 5 : explain SELECT k FROM sbtest5 WHERE k BETWEEN 417129 AND 417229
	Index Only Scan using k_5 on sbtest5  (cost=0.43..6.50 rows=103 width=4)
	  Index Cond: ((k >= 417129) AND (k <= 417229))

table 6 : explain SELECT k FROM sbtest6 WHERE k BETWEEN 417129 AND 417229
	Index Only Scan using k_6 on sbtest6  (cost=0.43..6.45 rows=101 width=4)
	  Index Cond: ((k >= 417129) AND (k <= 417229))

table 7 : explain SELECT k FROM sbtest7 WHERE k BETWEEN 417129 AND 417229
	Index Only Scan using k_7 on sbtest7  (cost=0.43..6.45 rows=101 width=4)
	  Index Cond: ((k >= 417129) AND (k <= 417229))

table 8 : explain SELECT k FROM sbtest8 WHERE k BETWEEN 417129 AND 417229
	Index Only Scan using k_8 on sbtest8  (cost=0.43..6.53 rows=105 width=4)
	  Index Cond: ((k >= 417129) AND (k <= 417229))

explain: for range-covered :: explain SELECT k FROM sbtest%d WHERE k BETWEEN 417129 AND 417229
for range-covered
table 1 : explain SELECT k FROM sbtest1 WHERE k BETWEEN 3076875 AND 3076975
	Index Only Scan using k_1 on sbtest1  (cost=0.43..6.59 rows=108 width=4)
	  Index Cond: ((k >= 3076875) AND (k <= 3076975))

table 2 : explain SELECT k FROM sbtest2 WHERE k BETWEEN 3076875 AND 3076975
	Index Only Scan using k_2 on sbtest2  (cost=0.43..6.53 rows=105 width=4)
	  Index Cond: ((k >= 3076875) AND (k <= 3076975))

table 3 : explain SELECT k FROM sbtest3 WHERE k BETWEEN 3076875 AND 3076975
	Index Only Scan using k_3 on sbtest3  (cost=0.43..6.47 rows=102 width=4)
	  Index Cond: ((k >= 3076875) AND (k <= 3076975))

table 4 : explain SELECT k FROM sbtest4 WHERE k BETWEEN 3076875 AND 3076975
	Index Only Scan using k_4 on sbtest4  (cost=0.43..6.53 rows=105 width=4)
	  Index Cond: ((k >= 3076875) AND (k <= 3076975))

table 5 : explain SELECT k FROM sbtest5 WHERE k BETWEEN 3076875 AND 3076975
	Index Only Scan using k_5 on sbtest5  (cost=0.43..6.77 rows=117 width=4)
	  Index Cond: ((k >= 3076875) AND (k <= 3076975))

table 6 : explain SELECT k FROM sbtest6 WHERE k BETWEEN 3076875 AND 3076975
	Index Only Scan using k_6 on sbtest6  (cost=0.43..6.53 rows=105 width=4)
	  Index Cond: ((k >= 3076875) AND (k <= 3076975))

table 7 : explain SELECT k FROM sbtest7 WHERE k BETWEEN 3076875 AND 3076975
	Index Only Scan using k_7 on sbtest7  (cost=0.43..6.43 rows=100 width=4)
	  Index Cond: ((k >= 3076875) AND (k <= 3076975))

table 8 : explain SELECT k FROM sbtest8 WHERE k BETWEEN 3076875 AND 3076975
	Index Only Scan using k_8 on sbtest8  (cost=0.43..6.33 rows=95 width=4)
	  Index Cond: ((k >= 3076875) AND (k <= 3076975))

explain: for range-covered :: explain SELECT k FROM sbtest%d WHERE k BETWEEN 3076875 AND 3076975
for range-covered
table 1 : explain SELECT k FROM sbtest1 WHERE k BETWEEN 417129 AND 417229
	Index Only Scan using k_1 on sbtest1  (cost=0.43..6.66 rows=111 width=4)
	  Index Cond: ((k >= 417129) AND (k <= 417229))

table 2 : explain SELECT k FROM sbtest2 WHERE k BETWEEN 417129 AND 417229
	Index Only Scan using k_2 on sbtest2  (cost=0.43..6.40 rows=98 width=4)
	  Index Cond: ((k >= 417129) AND (k <= 417229))

table 3 : explain SELECT k FROM sbtest3 WHERE k BETWEEN 417129 AND 417229
	Index Only Scan using k_3 on sbtest3  (cost=0.43..6.74 rows=115 width=4)
	  Index Cond: ((k >= 417129) AND (k <= 417229))

table 4 : explain SELECT k FROM sbtest4 WHERE k BETWEEN 417129 AND 417229
	Index Only Scan using k_4 on sbtest4  (cost=0.43..6.25 rows=91 width=4)
	  Index Cond: ((k >= 417129) AND (k <= 417229))

table 5 : explain SELECT k FROM sbtest5 WHERE k BETWEEN 417129 AND 417229
	Index Only Scan using k_5 on sbtest5  (cost=0.43..6.50 rows=103 width=4)
	  Index Cond: ((k >= 417129) AND (k <= 417229))

table 6 : explain SELECT k FROM sbtest6 WHERE k BETWEEN 417129 AND 417229
	Index Only Scan using k_6 on sbtest6  (cost=0.43..6.45 rows=101 width=4)
	  Index Cond: ((k >= 417129) AND (k <= 417229))

table 7 : explain SELECT k FROM sbtest7 WHERE k BETWEEN 417129 AND 417229
	Index Only Scan using k_7 on sbtest7  (cost=0.43..6.45 rows=101 width=4)
	  Index Cond: ((k >= 417129) AND (k <= 417229))

table 8 : explain SELECT k FROM sbtest8 WHERE k BETWEEN 417129 AND 417229
	Index Only Scan using k_8 on sbtest8  (cost=0.43..6.53 rows=105 width=4)
	  Index Cond: ((k >= 417129) AND (k <= 417229))

explain: for range-covered :: explain SELECT k FROM sbtest%d WHERE k BETWEEN 417129 AND 417229
for range-covered
table 1 : explain SELECT k FROM sbtest1 WHERE k BETWEEN 4680626 AND 4680726
	Index Only Scan using k_1 on sbtest1  (cost=0.43..6.45 rows=101 width=4)
	  Index Cond: ((k >= 4680626) AND (k <= 4680726))

table 2 : explain SELECT k FROM sbtest2 WHERE k BETWEEN 4680626 AND 4680726
	Index Only Scan using k_2 on sbtest2  (cost=0.43..6.61 rows=109 width=4)
	  Index Cond: ((k >= 4680626) AND (k <= 4680726))

table 3 : explain SELECT k FROM sbtest3 WHERE k BETWEEN 4680626 AND 4680726
	Index Only Scan using k_3 on sbtest3  (cost=0.43..6.40 rows=98 width=4)
	  Index Cond: ((k >= 4680626) AND (k <= 4680726))

table 4 : explain SELECT k FROM sbtest4 WHERE k BETWEEN 4680626 AND 4680726
	Index Only Scan using k_4 on sbtest4  (cost=0.43..6.63 rows=110 width=4)
	  Index Cond: ((k >= 4680626) AND (k <= 4680726))

table 5 : explain SELECT k FROM sbtest5 WHERE k BETWEEN 4680626 AND 4680726
	Index Only Scan using k_5 on sbtest5  (cost=0.43..6.47 rows=102 width=4)
	  Index Cond: ((k >= 4680626) AND (k <= 4680726))

table 6 : explain SELECT k FROM sbtest6 WHERE k BETWEEN 4680626 AND 4680726
	Index Only Scan using k_6 on sbtest6  (cost=0.43..6.50 rows=103 width=4)
	  Index Cond: ((k >= 4680626) AND (k <= 4680726))

table 7 : explain SELECT k FROM sbtest7 WHERE k BETWEEN 4680626 AND 4680726
	Index Only Scan using k_7 on sbtest7  (cost=0.43..6.37 rows=97 width=4)
	  Index Cond: ((k >= 4680626) AND (k <= 4680726))

table 8 : explain SELECT k FROM sbtest8 WHERE k BETWEEN 4680626 AND 4680726
	Index Only Scan using k_8 on sbtest8  (cost=0.43..6.50 rows=103 width=4)
	  Index Cond: ((k >= 4680626) AND (k <= 4680726))

explain: for range-covered :: explain SELECT k FROM sbtest%d WHERE k BETWEEN 4680626 AND 4680726
for range-covered
table 1 : explain SELECT k FROM sbtest1 WHERE k BETWEEN 5898907 AND 5899007
	Index Only Scan using k_1 on sbtest1  (cost=0.43..6.37 rows=97 width=4)
	  Index Cond: ((k >= 5898907) AND (k <= 5899007))

table 2 : explain SELECT k FROM sbtest2 WHERE k BETWEEN 5898907 AND 5899007
	Index Only Scan using k_2 on sbtest2  (cost=0.43..6.45 rows=101 width=4)
	  Index Cond: ((k >= 5898907) AND (k <= 5899007))

table 3 : explain SELECT k FROM sbtest3 WHERE k BETWEEN 5898907 AND 5899007
	Index Only Scan using k_3 on sbtest3  (cost=0.43..6.63 rows=110 width=4)
	  Index Cond: ((k >= 5898907) AND (k <= 5899007))

table 4 : explain SELECT k FROM sbtest4 WHERE k BETWEEN 5898907 AND 5899007
	Index Only Scan using k_4 on sbtest4  (cost=0.43..6.56 rows=106 width=4)
	  Index Cond: ((k >= 5898907) AND (k <= 5899007))

table 5 : explain SELECT k FROM sbtest5 WHERE k BETWEEN 5898907 AND 5899007
	Index Only Scan using k_5 on sbtest5  (cost=0.43..6.32 rows=94 width=4)
	  Index Cond: ((k >= 5898907) AND (k <= 5899007))

table 6 : explain SELECT k FROM sbtest6 WHERE k BETWEEN 5898907 AND 5899007
	Index Only Scan using k_6 on sbtest6  (cost=0.43..6.37 rows=97 width=4)
	  Index Cond: ((k >= 5898907) AND (k <= 5899007))

table 7 : explain SELECT k FROM sbtest7 WHERE k BETWEEN 5898907 AND 5899007
	Index Only Scan using k_7 on sbtest7  (cost=0.43..6.66 rows=111 width=4)
	  Index Cond: ((k >= 5898907) AND (k <= 5899007))

table 8 : explain SELECT k FROM sbtest8 WHERE k BETWEEN 5898907 AND 5899007
	Index Only Scan using k_8 on sbtest8  (cost=0.43..6.35 rows=96 width=4)
	  Index Cond: ((k >= 5898907) AND (k <= 5899007))

explain: for range-covered :: explain SELECT k FROM sbtest%d WHERE k BETWEEN 5898907 AND 5899007
explain: for range-covered :: explain SELECT k FROM sbtest%d WHERE k BETWEEN 4131627 AND 4131727
for range-covered
table 1 : explain SELECT k FROM sbtest1 WHERE k BETWEEN 3076875 AND 3076975
	Index Only Scan using k_1 on sbtest1  (cost=0.43..6.59 rows=108 width=4)
	  Index Cond: ((k >= 3076875) AND (k <= 3076975))

table 2 : explain SELECT k FROM sbtest2 WHERE k BETWEEN 3076875 AND 3076975
	Index Only Scan using k_2 on sbtest2  (cost=0.43..6.53 rows=105 width=4)
	  Index Cond: ((k >= 3076875) AND (k <= 3076975))

table 3 : explain SELECT k FROM sbtest3 WHERE k BETWEEN 3076875 AND 3076975
	Index Only Scan using k_3 on sbtest3  (cost=0.43..6.47 rows=102 width=4)
	  Index Cond: ((k >= 3076875) AND (k <= 3076975))

table 4 : explain SELECT k FROM sbtest4 WHERE k BETWEEN 3076875 AND 3076975
	Index Only Scan using k_4 on sbtest4  (cost=0.43..6.53 rows=105 width=4)
	  Index Cond: ((k >= 3076875) AND (k <= 3076975))

table 5 : explain SELECT k FROM sbtest5 WHERE k BETWEEN 3076875 AND 3076975
	Index Only Scan using k_5 on sbtest5  (cost=0.43..6.77 rows=117 width=4)
	  Index Cond: ((k >= 3076875) AND (k <= 3076975))

table 6 : explain SELECT k FROM sbtest6 WHERE k BETWEEN 3076875 AND 3076975
	Index Only Scan using k_6 on sbtest6  (cost=0.43..6.53 rows=105 width=4)
	  Index Cond: ((k >= 3076875) AND (k <= 3076975))

table 7 : explain SELECT k FROM sbtest7 WHERE k BETWEEN 3076875 AND 3076975
	Index Only Scan using k_7 on sbtest7  (cost=0.43..6.43 rows=100 width=4)
	  Index Cond: ((k >= 3076875) AND (k <= 3076975))

table 8 : explain SELECT k FROM sbtest8 WHERE k BETWEEN 3076875 AND 3076975
	Index Only Scan using k_8 on sbtest8  (cost=0.43..6.33 rows=95 width=4)
	  Index Cond: ((k >= 3076875) AND (k <= 3076975))
for range-covered
table 1 : explain SELECT k FROM sbtest1 WHERE k BETWEEN 4680626 AND 4680726
	Index Only Scan using k_1 on sbtest1  (cost=0.43..6.45 rows=101 width=4)
	  Index Cond: ((k >= 4680626) AND (k <= 4680726))

table 2 : explain SELECT k FROM sbtest2 WHERE k BETWEEN 4680626 AND 4680726
	Index Only Scan using k_2 on sbtest2  (cost=0.43..6.61 rows=109 width=4)
	  Index Cond: ((k >= 4680626) AND (k <= 4680726))

table 3 : explain SELECT k FROM sbtest3 WHERE k BETWEEN 4680626 AND 4680726
	Index Only Scan using k_3 on sbtest3  (cost=0.43..6.40 rows=98 width=4)
	  Index Cond: ((k >= 4680626) AND (k <= 4680726))

table 4 : explain SELECT k FROM sbtest4 WHERE k BETWEEN 4680626 AND 4680726
	Index Only Scan using k_4 on sbtest4  (cost=0.43..6.63 rows=110 width=4)
	  Index Cond: ((k >= 4680626) AND (k <= 4680726))

table 5 : explain SELECT k FROM sbtest5 WHERE k BETWEEN 4680626 AND 4680726
	Index Only Scan using k_5 on sbtest5  (cost=0.43..6.47 rows=102 width=4)
	  Index Cond: ((k >= 4680626) AND (k <= 4680726))

table 6 : explain SELECT k FROM sbtest6 WHERE k BETWEEN 4680626 AND 4680726
	Index Only Scan using k_6 on sbtest6  (cost=0.43..6.50 rows=103 width=4)
	  Index Cond: ((k >= 4680626) AND (k <= 4680726))

table 7 : explain SELECT k FROM sbtest7 WHERE k BETWEEN 4680626 AND 4680726
	Index Only Scan using k_7 on sbtest7  (cost=0.43..6.37 rows=97 width=4)
	  Index Cond: ((k >= 4680626) AND (k <= 4680726))

table 8 : explain SELECT k FROM sbtest8 WHERE k BETWEEN 4680626 AND 4680726
	Index Only Scan using k_8 on sbtest8  (cost=0.43..6.50 rows=103 width=4)
	  Index Cond: ((k >= 4680626) AND (k <= 4680726))


explain: for range-covered :: explain SELECT k FROM sbtest%d WHERE k BETWEEN 4680626 AND 4680726
explain: for range-covered :: explain SELECT k FROM sbtest%d WHERE k BETWEEN 3076875 AND 3076975
for range-covered
table 1 : explain SELECT k FROM sbtest1 WHERE k BETWEEN 5630331 AND 5630431
	Index Only Scan using k_1 on sbtest1  (cost=0.43..6.69 rows=113 width=4)
	  Index Cond: ((k >= 5630331) AND (k <= 5630431))

table 2 : explain SELECT k FROM sbtest2 WHERE k BETWEEN 5630331 AND 5630431
	Index Only Scan using k_2 on sbtest2  (cost=0.43..6.45 rows=101 width=4)
	  Index Cond: ((k >= 5630331) AND (k <= 5630431))

table 3 : explain SELECT k FROM sbtest3 WHERE k BETWEEN 5630331 AND 5630431
	Index Only Scan using k_3 on sbtest3  (cost=0.43..6.45 rows=101 width=4)
	  Index Cond: ((k >= 5630331) AND (k <= 5630431))

table 4 : explain SELECT k FROM sbtest4 WHERE k BETWEEN 5630331 AND 5630431
	Index Only Scan using k_4 on sbtest4  (cost=0.43..6.69 rows=113 width=4)
	  Index Cond: ((k >= 5630331) AND (k <= 5630431))

table 5 : explain SELECT k FROM sbtest5 WHERE k BETWEEN 5630331 AND 5630431
	Index Only Scan using k_5 on sbtest5  (cost=0.43..6.37 rows=97 width=4)
	  Index Cond: ((k >= 5630331) AND (k <= 5630431))

table 6 : explain SELECT k FROM sbtest6 WHERE k BETWEEN 5630331 AND 5630431
	Index Only Scan using k_6 on sbtest6  (cost=0.43..6.51 rows=104 width=4)
	  Index Cond: ((k >= 5630331) AND (k <= 5630431))

table 7 : explain SELECT k FROM sbtest7 WHERE k BETWEEN 5630331 AND 5630431
	Index Only Scan using k_7 on sbtest7  (cost=0.43..6.40 rows=98 width=4)
	  Index Cond: ((k >= 5630331) AND (k <= 5630431))

table 8 : explain SELECT k FROM sbtest8 WHERE k BETWEEN 5630331 AND 5630431
	Index Only Scan using k_8 on sbtest8  (cost=0.43..6.32 rows=94 width=4)
	  Index Cond: ((k >= 5630331) AND (k <= 5630431))

explain: for range-covered :: explain SELECT k FROM sbtest%d WHERE k BETWEEN 5630331 AND 5630431
for range-covered
table 1 : explain SELECT k FROM sbtest1 WHERE k BETWEEN 3076875 AND 3076975
	Index Only Scan using k_1 on sbtest1  (cost=0.43..6.59 rows=108 width=4)
	  Index Cond: ((k >= 3076875) AND (k <= 3076975))

table 2 : explain SELECT k FROM sbtest2 WHERE k BETWEEN 3076875 AND 3076975
	Index Only Scan using k_2 on sbtest2  (cost=0.43..6.53 rows=105 width=4)
	  Index Cond: ((k >= 3076875) AND (k <= 3076975))

table 3 : explain SELECT k FROM sbtest3 WHERE k BETWEEN 3076875 AND 3076975
	Index Only Scan using k_3 on sbtest3  (cost=0.43..6.47 rows=102 width=4)
	  Index Cond: ((k >= 3076875) AND (k <= 3076975))

table 4 : explain SELECT k FROM sbtest4 WHERE k BETWEEN 3076875 AND 3076975
	Index Only Scan using k_4 on sbtest4  (cost=0.43..6.53 rows=105 width=4)
	  Index Cond: ((k >= 3076875) AND (k <= 3076975))

table 5 : explain SELECT k FROM sbtest5 WHERE k BETWEEN 3076875 AND 3076975
	Index Only Scan using k_5 on sbtest5  (cost=0.43..6.77 rows=117 width=4)
	  Index Cond: ((k >= 3076875) AND (k <= 3076975))

table 6 : explain SELECT k FROM sbtest6 WHERE k BETWEEN 3076875 AND 3076975
	Index Only Scan using k_6 on sbtest6  (cost=0.43..6.53 rows=105 width=4)
	  Index Cond: ((k >= 3076875) AND (k <= 3076975))

table 7 : explain SELECT k FROM sbtest7 WHERE k BETWEEN 3076875 AND 3076975
	Index Only Scan using k_7 on sbtest7  (cost=0.43..6.43 rows=100 width=4)
	  Index Cond: ((k >= 3076875) AND (k <= 3076975))

table 8 : explain SELECT k FROM sbtest8 WHERE k BETWEEN 3076875 AND 3076975
	Index Only Scan using k_8 on sbtest8  (cost=0.43..6.33 rows=95 width=4)
	  Index Cond: ((k >= 3076875) AND (k <= 3076975))

explain: for range-covered :: explain SELECT k FROM sbtest%d WHERE k BETWEEN 3076875 AND 3076975
for range-covered
table 1 : explain SELECT k FROM sbtest1 WHERE k BETWEEN 5898907 AND 5899007
	Index Only Scan using k_1 on sbtest1  (cost=0.43..6.37 rows=97 width=4)
	  Index Cond: ((k >= 5898907) AND (k <= 5899007))

table 2 : explain SELECT k FROM sbtest2 WHERE k BETWEEN 5898907 AND 5899007
	Index Only Scan using k_2 on sbtest2  (cost=0.43..6.45 rows=101 width=4)
	  Index Cond: ((k >= 5898907) AND (k <= 5899007))

table 3 : explain SELECT k FROM sbtest3 WHERE k BETWEEN 5898907 AND 5899007
	Index Only Scan using k_3 on sbtest3  (cost=0.43..6.63 rows=110 width=4)
	  Index Cond: ((k >= 5898907) AND (k <= 5899007))

table 4 : explain SELECT k FROM sbtest4 WHERE k BETWEEN 5898907 AND 5899007
	Index Only Scan using k_4 on sbtest4  (cost=0.43..6.56 rows=106 width=4)
	  Index Cond: ((k >= 5898907) AND (k <= 5899007))

table 5 : explain SELECT k FROM sbtest5 WHERE k BETWEEN 5898907 AND 5899007
	Index Only Scan using k_5 on sbtest5  (cost=0.43..6.32 rows=94 width=4)
	  Index Cond: ((k >= 5898907) AND (k <= 5899007))

table 6 : explain SELECT k FROM sbtest6 WHERE k BETWEEN 5898907 AND 5899007
	Index Only Scan using k_6 on sbtest6  (cost=0.43..6.37 rows=97 width=4)
	  Index Cond: ((k >= 5898907) AND (k <= 5899007))

table 7 : explain SELECT k FROM sbtest7 WHERE k BETWEEN 5898907 AND 5899007
	Index Only Scan using k_7 on sbtest7  (cost=0.43..6.66 rows=111 width=4)
	  Index Cond: ((k >= 5898907) AND (k <= 5899007))

table 8 : explain SELECT k FROM sbtest8 WHERE k BETWEEN 5898907 AND 5899007
	Index Only Scan using k_8 on sbtest8  (cost=0.43..6.35 rows=96 width=4)
	  Index Cond: ((k >= 5898907) AND (k <= 5899007))

for range-covered
table 1 : explain SELECT k FROM sbtest1 WHERE k BETWEEN 5630331 AND 5630431
	Index Only Scan using k_1 on sbtest1  (cost=0.43..6.69 rows=113 width=4)
	  Index Cond: ((k >= 5630331) AND (k <= 5630431))

table 2 : explain SELECT k FROM sbtest2 WHERE k BETWEEN 5630331 AND 5630431
	Index Only Scan using k_2 on sbtest2  (cost=0.43..6.45 rows=101 width=4)
	  Index Cond: ((k >= 5630331) AND (k <= 5630431))

table 3 : explain SELECT k FROM sbtest3 WHERE k BETWEEN 5630331 AND 5630431
	Index Only Scan using k_3 on sbtest3  (cost=0.43..6.45 rows=101 width=4)
	  Index Cond: ((k >= 5630331) AND (k <= 5630431))

table 4 : explain SELECT k FROM sbtest4 WHERE k BETWEEN 5630331 AND 5630431
	Index Only Scan using k_4 on sbtest4  (cost=0.43..6.69 rows=113 width=4)
	  Index Cond: ((k >= 5630331) AND (k <= 5630431))

table 5 : explain SELECT k FROM sbtest5 WHERE k BETWEEN 5630331 AND 5630431
	Index Only Scan using k_5 on sbtest5  (cost=0.43..6.37 rows=97 width=4)
	  Index Cond: ((k >= 5630331) AND (k <= 5630431))

table 6 : explain SELECT k FROM sbtest6 WHERE k BETWEEN 5630331 AND 5630431
	Index Only Scan using k_6 on sbtest6  (cost=0.43..6.51 rows=104 width=4)
	  Index Cond: ((k >= 5630331) AND (k <= 5630431))

table 7 : explain SELECT k FROM sbtest7 WHERE k BETWEEN 5630331 AND 5630431
	Index Only Scan using k_7 on sbtest7  (cost=0.43..6.40 rows=98 width=4)
	  Index Cond: ((k >= 5630331) AND (k <= 5630431))

table 8 : explain SELECT k FROM sbtest8 WHERE k BETWEEN 5630331 AND 5630431
	Index Only Scan using k_8 on sbtest8  (cost=0.43..6.32 rows=94 width=4)
	  Index Cond: ((k >= 5630331) AND (k <= 5630431))

for range-covered
table 1 : explain SELECT k FROM sbtest1 WHERE k BETWEEN 6745092 AND 6745192
	Index Only Scan using k_1 on sbtest1  (cost=0.43..6.75 rows=116 width=4)
	  Index Cond: ((k >= 6745092) AND (k <= 6745192))

table 2 : explain SELECT k FROM sbtest2 WHERE k BETWEEN 6745092 AND 6745192
	Index Only Scan using k_2 on sbtest2  (cost=0.43..6.63 rows=110 width=4)
	  Index Cond: ((k >= 6745092) AND (k <= 6745192))

table 3 : explain SELECT k FROM sbtest3 WHERE k BETWEEN 6745092 AND 6745192
	Index Only Scan using k_3 on sbtest3  (cost=0.43..6.43 rows=100 width=4)
	  Index Cond: ((k >= 6745092) AND (k <= 6745192))

table 4 : explain SELECT k FROM sbtest4 WHERE k BETWEEN 6745092 AND 6745192
	Index Only Scan using k_4 on sbtest4  (cost=0.43..6.33 rows=95 width=4)
	  Index Cond: ((k >= 6745092) AND (k <= 6745192))

table 5 : explain SELECT k FROM sbtest5 WHERE k BETWEEN 6745092 AND 6745192
	Index Only Scan using k_5 on sbtest5  (cost=0.43..6.45 rows=101 width=4)
	  Index Cond: ((k >= 6745092) AND (k <= 6745192))

table 6 : explain SELECT k FROM sbtest6 WHERE k BETWEEN 6745092 AND 6745192
	Index Only Scan using k_6 on sbtest6  (cost=0.43..6.59 rows=108 width=4)
	  Index Cond: ((k >= 6745092) AND (k <= 6745192))

table 7 : explain SELECT k FROM sbtest7 WHERE k BETWEEN 6745092 AND 6745192
	Index Only Scan using k_7 on sbtest7  (cost=0.43..6.40 rows=98 width=4)
	  Index Cond: ((k >= 6745092) AND (k <= 6745192))

table 8 : explain SELECT k FROM sbtest8 WHERE k BETWEEN 6745092 AND 6745192
	Index Only Scan using k_8 on sbtest8  (cost=0.43..6.47 rows=102 width=4)
	  Index Cond: ((k >= 6745092) AND (k <= 6745192))

explain: for range-covered :: explain SELECT k FROM sbtest%d WHERE k BETWEEN 6745092 AND 6745192
explain: for range-covered :: explain SELECT k FROM sbtest%d WHERE k BETWEEN 6270019 AND 6270119
for range-covered
table 1 : explain SELECT k FROM sbtest1 WHERE k BETWEEN 6745092 AND 6745192
	Index Only Scan using k_1 on sbtest1  (cost=0.43..6.75 rows=116 width=4)
	  Index Cond: ((k >= 6745092) AND (k <= 6745192))

table 2 : explain SELECT k FROM sbtest2 WHERE k BETWEEN 6745092 AND 6745192
	Index Only Scan using k_2 on sbtest2  (cost=0.43..6.63 rows=110 width=4)
	  Index Cond: ((k >= 6745092) AND (k <= 6745192))

table 3 : explain SELECT k FROM sbtest3 WHERE k BETWEEN 6745092 AND 6745192
	Index Only Scan using k_3 on sbtest3  (cost=0.43..6.43 rows=100 width=4)
	  Index Cond: ((k >= 6745092) AND (k <= 6745192))

table 4 : explain SELECT k FROM sbtest4 WHERE k BETWEEN 6745092 AND 6745192
	Index Only Scan using k_4 on sbtest4  (cost=0.43..6.33 rows=95 width=4)
	  Index Cond: ((k >= 6745092) AND (k <= 6745192))

table 5 : explain SELECT k FROM sbtest5 WHERE k BETWEEN 6745092 AND 6745192
	Index Only Scan using k_5 on sbtest5  (cost=0.43..6.45 rows=101 width=4)
	  Index Cond: ((k >= 6745092) AND (k <= 6745192))

table 6 : explain SELECT k FROM sbtest6 WHERE k BETWEEN 6745092 AND 6745192
	Index Only Scan using k_6 on sbtest6  (cost=0.43..6.59 rows=108 width=4)
	  Index Cond: ((k >= 6745092) AND (k <= 6745192))

table 7 : explain SELECT k FROM sbtest7 WHERE k BETWEEN 6745092 AND 6745192
	Index Only Scan using k_7 on sbtest7  (cost=0.43..6.40 rows=98 width=4)
	  Index Cond: ((k >= 6745092) AND (k <= 6745192))

table 8 : explain SELECT k FROM sbtest8 WHERE k BETWEEN 6745092 AND 6745192
	Index Only Scan using k_8 on sbtest8  (cost=0.43..6.47 rows=102 width=4)
	  Index Cond: ((k >= 6745092) AND (k <= 6745192))

explain: for range-covered :: explain SELECT k FROM sbtest%d WHERE k BETWEEN 6745092 AND 6745192
for range-covered
table 1 : explain SELECT k FROM sbtest1 WHERE k BETWEEN 417129 AND 417229
	Index Only Scan using k_1 on sbtest1  (cost=0.43..6.66 rows=111 width=4)
	  Index Cond: ((k >= 417129) AND (k <= 417229))

table 2 : explain SELECT k FROM sbtest2 WHERE k BETWEEN 417129 AND 417229
	Index Only Scan using k_2 on sbtest2  (cost=0.43..6.40 rows=98 width=4)
	  Index Cond: ((k >= 417129) AND (k <= 417229))

table 3 : explain SELECT k FROM sbtest3 WHERE k BETWEEN 417129 AND 417229
	Index Only Scan using k_3 on sbtest3  (cost=0.43..6.74 rows=115 width=4)
	  Index Cond: ((k >= 417129) AND (k <= 417229))

table 4 : explain SELECT k FROM sbtest4 WHERE k BETWEEN 417129 AND 417229
	Index Only Scan using k_4 on sbtest4  (cost=0.43..6.25 rows=91 width=4)
	  Index Cond: ((k >= 417129) AND (k <= 417229))

table 5 : explain SELECT k FROM sbtest5 WHERE k BETWEEN 417129 AND 417229
	Index Only Scan using k_5 on sbtest5  (cost=0.43..6.50 rows=103 width=4)
	  Index Cond: ((k >= 417129) AND (k <= 417229))

table 6 : explain SELECT k FROM sbtest6 WHERE k BETWEEN 417129 AND 417229
	Index Only Scan using k_6 on sbtest6  (cost=0.43..6.45 rows=101 width=4)
	  Index Cond: ((k >= 417129) AND (k <= 417229))

table 7 : explain SELECT k FROM sbtest7 WHERE k BETWEEN 417129 AND 417229
	Index Only Scan using k_7 on sbtest7  (cost=0.43..6.45 rows=101 width=4)
	  Index Cond: ((k >= 417129) AND (k <= 417229))

table 8 : explain SELECT k FROM sbtest8 WHERE k BETWEEN 417129 AND 417229
	Index Only Scan using k_8 on sbtest8  (cost=0.43..6.53 rows=105 width=4)
	  Index Cond: ((k >= 417129) AND (k <= 417229))

for range-covered
table 1 : explain SELECT k FROM sbtest1 WHERE k BETWEEN 4680626 AND 4680726
	Index Only Scan using k_1 on sbtest1  (cost=0.43..6.45 rows=101 width=4)
	  Index Cond: ((k >= 4680626) AND (k <= 4680726))

table 2 : explain SELECT k FROM sbtest2 WHERE k BETWEEN 4680626 AND 4680726
	Index Only Scan using k_2 on sbtest2  (cost=0.43..6.61 rows=109 width=4)
	  Index Cond: ((k >= 4680626) AND (k <= 4680726))

table 3 : explain SELECT k FROM sbtest3 WHERE k BETWEEN 4680626 AND 4680726
	Index Only Scan using k_3 on sbtest3  (cost=0.43..6.40 rows=98 width=4)
	  Index Cond: ((k >= 4680626) AND (k <= 4680726))

table 4 : explain SELECT k FROM sbtest4 WHERE k BETWEEN 4680626 AND 4680726
	Index Only Scan using k_4 on sbtest4  (cost=0.43..6.63 rows=110 width=4)
	  Index Cond: ((k >= 4680626) AND (k <= 4680726))

table 5 : explain SELECT k FROM sbtest5 WHERE k BETWEEN 4680626 AND 4680726
	Index Only Scan using k_5 on sbtest5  (cost=0.43..6.47 rows=102 width=4)
	  Index Cond: ((k >= 4680626) AND (k <= 4680726))

table 6 : explain SELECT k FROM sbtest6 WHERE k BETWEEN 4680626 AND 4680726
	Index Only Scan using k_6 on sbtest6  (cost=0.43..6.50 rows=103 width=4)
	  Index Cond: ((k >= 4680626) AND (k <= 4680726))

table 7 : explain SELECT k FROM sbtest7 WHERE k BETWEEN 4680626 AND 4680726
	Index Only Scan using k_7 on sbtest7  (cost=0.43..6.37 rows=97 width=4)
	  Index Cond: ((k >= 4680626) AND (k <= 4680726))

table 8 : explain SELECT k FROM sbtest8 WHERE k BETWEEN 4680626 AND 4680726
	Index Only Scan using k_8 on sbtest8  (cost=0.43..6.50 rows=103 width=4)
	  Index Cond: ((k >= 4680626) AND (k <= 4680726))

for range-covered
table 1 : explain SELECT k FROM sbtest1 WHERE k BETWEEN 3076875 AND 3076975
	Index Only Scan using k_1 on sbtest1  (cost=0.43..6.59 rows=108 width=4)
	  Index Cond: ((k >= 3076875) AND (k <= 3076975))

table 2 : explain SELECT k FROM sbtest2 WHERE k BETWEEN 3076875 AND 3076975
	Index Only Scan using k_2 on sbtest2  (cost=0.43..6.53 rows=105 width=4)
	  Index Cond: ((k >= 3076875) AND (k <= 3076975))

table 3 : explain SELECT k FROM sbtest3 WHERE k BETWEEN 3076875 AND 3076975
	Index Only Scan using k_3 on sbtest3  (cost=0.43..6.47 rows=102 width=4)
	  Index Cond: ((k >= 3076875) AND (k <= 3076975))

table 4 : explain SELECT k FROM sbtest4 WHERE k BETWEEN 3076875 AND 3076975
	Index Only Scan using k_4 on sbtest4  (cost=0.43..6.53 rows=105 width=4)
	  Index Cond: ((k >= 3076875) AND (k <= 3076975))

table 5 : explain SELECT k FROM sbtest5 WHERE k BETWEEN 3076875 AND 3076975
	Index Only Scan using k_5 on sbtest5  (cost=0.43..6.77 rows=117 width=4)
	  Index Cond: ((k >= 3076875) AND (k <= 3076975))

table 6 : explain SELECT k FROM sbtest6 WHERE k BETWEEN 3076875 AND 3076975
	Index Only Scan using k_6 on sbtest6  (cost=0.43..6.53 rows=105 width=4)
	  Index Cond: ((k >= 3076875) AND (k <= 3076975))

table 7 : explain SELECT k FROM sbtest7 WHERE k BETWEEN 3076875 AND 3076975
	Index Only Scan using k_7 on sbtest7  (cost=0.43..6.43 rows=100 width=4)
	  Index Cond: ((k >= 3076875) AND (k <= 3076975))

table 8 : explain SELECT k FROM sbtest8 WHERE k BETWEEN 3076875 AND 3076975
	Index Only Scan using k_8 on sbtest8  (cost=0.43..6.33 rows=95 width=4)
	  Index Cond: ((k >= 3076875) AND (k <= 3076975))

for range-covered
table 1 : explain SELECT k FROM sbtest1 WHERE k BETWEEN 6745092 AND 6745192
	Index Only Scan using k_1 on sbtest1  (cost=0.43..6.75 rows=116 width=4)
	  Index Cond: ((k >= 6745092) AND (k <= 6745192))

table 2 : explain SELECT k FROM sbtest2 WHERE k BETWEEN 6745092 AND 6745192
	Index Only Scan using k_2 on sbtest2  (cost=0.43..6.63 rows=110 width=4)
	  Index Cond: ((k >= 6745092) AND (k <= 6745192))

table 3 : explain SELECT k FROM sbtest3 WHERE k BETWEEN 6745092 AND 6745192
	Index Only Scan using k_3 on sbtest3  (cost=0.43..6.43 rows=100 width=4)
	  Index Cond: ((k >= 6745092) AND (k <= 6745192))

table 4 : explain SELECT k FROM sbtest4 WHERE k BETWEEN 6745092 AND 6745192
	Index Only Scan using k_4 on sbtest4  (cost=0.43..6.33 rows=95 width=4)
	  Index Cond: ((k >= 6745092) AND (k <= 6745192))

table 5 : explain SELECT k FROM sbtest5 WHERE k BETWEEN 6745092 AND 6745192
	Index Only Scan using k_5 on sbtest5  (cost=0.43..6.45 rows=101 width=4)
	  Index Cond: ((k >= 6745092) AND (k <= 6745192))

table 6 : explain SELECT k FROM sbtest6 WHERE k BETWEEN 6745092 AND 6745192
	Index Only Scan using k_6 on sbtest6  (cost=0.43..6.59 rows=108 width=4)
	  Index Cond: ((k >= 6745092) AND (k <= 6745192))

table 7 : explain SELECT k FROM sbtest7 WHERE k BETWEEN 6745092 AND 6745192
	Index Only Scan using k_7 on sbtest7  (cost=0.43..6.40 rows=98 width=4)
	  Index Cond: ((k >= 6745092) AND (k <= 6745192))

table 8 : explain SELECT k FROM sbtest8 WHERE k BETWEEN 6745092 AND 6745192
	Index Only Scan using k_8 on sbtest8  (cost=0.43..6.47 rows=102 width=4)
	  Index Cond: ((k >= 6745092) AND (k <= 6745192))

explain: for range-covered :: explain SELECT k FROM sbtest%d WHERE k BETWEEN 6745092 AND 6745192
for range-covered
table 1 : explain SELECT k FROM sbtest1 WHERE k BETWEEN 6745092 AND 6745192
	Index Only Scan using k_1 on sbtest1  (cost=0.43..6.75 rows=116 width=4)
	  Index Cond: ((k >= 6745092) AND (k <= 6745192))

table 2 : explain SELECT k FROM sbtest2 WHERE k BETWEEN 6745092 AND 6745192
	Index Only Scan using k_2 on sbtest2  (cost=0.43..6.63 rows=110 width=4)
	  Index Cond: ((k >= 6745092) AND (k <= 6745192))

table 3 : explain SELECT k FROM sbtest3 WHERE k BETWEEN 6745092 AND 6745192
	Index Only Scan using k_3 on sbtest3  (cost=0.43..6.43 rows=100 width=4)
	  Index Cond: ((k >= 6745092) AND (k <= 6745192))

table 4 : explain SELECT k FROM sbtest4 WHERE k BETWEEN 6745092 AND 6745192
	Index Only Scan using k_4 on sbtest4  (cost=0.43..6.33 rows=95 width=4)
	  Index Cond: ((k >= 6745092) AND (k <= 6745192))

table 5 : explain SELECT k FROM sbtest5 WHERE k BETWEEN 6745092 AND 6745192
	Index Only Scan using k_5 on sbtest5  (cost=0.43..6.45 rows=101 width=4)
	  Index Cond: ((k >= 6745092) AND (k <= 6745192))

table 6 : explain SELECT k FROM sbtest6 WHERE k BETWEEN 6745092 AND 6745192
	Index Only Scan using k_6 on sbtest6  (cost=0.43..6.59 rows=108 width=4)
	  Index Cond: ((k >= 6745092) AND (k <= 6745192))

table 7 : explain SELECT k FROM sbtest7 WHERE k BETWEEN 6745092 AND 6745192
	Index Only Scan using k_7 on sbtest7  (cost=0.43..6.40 rows=98 width=4)
	  Index Cond: ((k >= 6745092) AND (k <= 6745192))

table 8 : explain SELECT k FROM sbtest8 WHERE k BETWEEN 6745092 AND 6745192
	Index Only Scan using k_8 on sbtest8  (cost=0.43..6.47 rows=102 width=4)
	  Index Cond: ((k >= 6745092) AND (k <= 6745192))

explain: for range-covered :: explain SELECT k FROM sbtest%d WHERE k BETWEEN 6745092 AND 6745192
for range-covered
table 1 : explain SELECT k FROM sbtest1 WHERE k BETWEEN 6745092 AND 6745192
	Index Only Scan using k_1 on sbtest1  (cost=0.43..6.75 rows=116 width=4)
	  Index Cond: ((k >= 6745092) AND (k <= 6745192))

table 2 : explain SELECT k FROM sbtest2 WHERE k BETWEEN 6745092 AND 6745192
	Index Only Scan using k_2 on sbtest2  (cost=0.43..6.63 rows=110 width=4)
	  Index Cond: ((k >= 6745092) AND (k <= 6745192))

table 3 : explain SELECT k FROM sbtest3 WHERE k BETWEEN 6745092 AND 6745192
	Index Only Scan using k_3 on sbtest3  (cost=0.43..6.43 rows=100 width=4)
	  Index Cond: ((k >= 6745092) AND (k <= 6745192))

table 4 : explain SELECT k FROM sbtest4 WHERE k BETWEEN 6745092 AND 6745192
	Index Only Scan using k_4 on sbtest4  (cost=0.43..6.33 rows=95 width=4)
	  Index Cond: ((k >= 6745092) AND (k <= 6745192))

table 5 : explain SELECT k FROM sbtest5 WHERE k BETWEEN 6745092 AND 6745192
	Index Only Scan using k_5 on sbtest5  (cost=0.43..6.45 rows=101 width=4)
	  Index Cond: ((k >= 6745092) AND (k <= 6745192))

table 6 : explain SELECT k FROM sbtest6 WHERE k BETWEEN 6745092 AND 6745192
	Index Only Scan using k_6 on sbtest6  (cost=0.43..6.59 rows=108 width=4)
	  Index Cond: ((k >= 6745092) AND (k <= 6745192))

table 7 : explain SELECT k FROM sbtest7 WHERE k BETWEEN 6745092 AND 6745192
	Index Only Scan using k_7 on sbtest7  (cost=0.43..6.40 rows=98 width=4)
	  Index Cond: ((k >= 6745092) AND (k <= 6745192))

table 8 : explain SELECT k FROM sbtest8 WHERE k BETWEEN 6745092 AND 6745192
	Index Only Scan using k_8 on sbtest8  (cost=0.43..6.47 rows=102 width=4)
	  Index Cond: ((k >= 6745092) AND (k <= 6745192))

for range-covered
table 1 : explain SELECT k FROM sbtest1 WHERE k BETWEEN 3354920 AND 3355020
	Index Only Scan using k_1 on sbtest1  (cost=0.43..6.50 rows=103 width=4)
	  Index Cond: ((k >= 3354920) AND (k <= 3355020))

table 2 : explain SELECT k FROM sbtest2 WHERE k BETWEEN 3354920 AND 3355020
	Index Only Scan using k_2 on sbtest2  (cost=0.43..6.58 rows=107 width=4)
	  Index Cond: ((k >= 3354920) AND (k <= 3355020))

table 3 : explain SELECT k FROM sbtest3 WHERE k BETWEEN 3354920 AND 3355020
	Index Only Scan using k_3 on sbtest3  (cost=0.43..6.75 rows=116 width=4)
	  Index Cond: ((k >= 3354920) AND (k <= 3355020))

table 4 : explain SELECT k FROM sbtest4 WHERE k BETWEEN 3354920 AND 3355020
	Index Only Scan using k_4 on sbtest4  (cost=0.43..6.66 rows=111 width=4)
	  Index Cond: ((k >= 3354920) AND (k <= 3355020))

table 5 : explain SELECT k FROM sbtest5 WHERE k BETWEEN 3354920 AND 3355020
	Index Only Scan using k_5 on sbtest5  (cost=0.43..6.58 rows=107 width=4)
	  Index Cond: ((k >= 3354920) AND (k <= 3355020))

table 6 : explain SELECT k FROM sbtest6 WHERE k BETWEEN 3354920 AND 3355020
	Index Only Scan using k_6 on sbtest6  (cost=0.43..6.42 rows=99 width=4)
	  Index Cond: ((k >= 3354920) AND (k <= 3355020))

table 7 : explain SELECT k FROM sbtest7 WHERE k BETWEEN 3354920 AND 3355020
	Index Only Scan using k_7 on sbtest7  (cost=0.43..6.27 rows=92 width=4)
	  Index Cond: ((k >= 3354920) AND (k <= 3355020))

table 8 : explain SELECT k FROM sbtest8 WHERE k BETWEEN 3354920 AND 3355020
	Index Only Scan using k_8 on sbtest8  (cost=0.43..6.50 rows=103 width=4)
	  Index Cond: ((k >= 3354920) AND (k <= 3355020))

explain: for range-covered :: explain SELECT k FROM sbtest%d WHERE k BETWEEN 6745092 AND 6745192
explain: for range-covered :: explain SELECT k FROM sbtest%d WHERE k BETWEEN 3354920 AND 3355020
for range-covered
table 1 : explain SELECT k FROM sbtest1 WHERE k BETWEEN 6745092 AND 6745192
	Index Only Scan using k_1 on sbtest1  (cost=0.43..6.75 rows=116 width=4)
	  Index Cond: ((k >= 6745092) AND (k <= 6745192))

table 2 : explain SELECT k FROM sbtest2 WHERE k BETWEEN 6745092 AND 6745192
	Index Only Scan using k_2 on sbtest2  (cost=0.43..6.63 rows=110 width=4)
	  Index Cond: ((k >= 6745092) AND (k <= 6745192))

table 3 : explain SELECT k FROM sbtest3 WHERE k BETWEEN 6745092 AND 6745192
	Index Only Scan using k_3 on sbtest3  (cost=0.43..6.43 rows=100 width=4)
	  Index Cond: ((k >= 6745092) AND (k <= 6745192))

table 4 : explain SELECT k FROM sbtest4 WHERE k BETWEEN 6745092 AND 6745192
	Index Only Scan using k_4 on sbtest4  (cost=0.43..6.33 rows=95 width=4)
	  Index Cond: ((k >= 6745092) AND (k <= 6745192))

table 5 : explain SELECT k FROM sbtest5 WHERE k BETWEEN 6745092 AND 6745192
	Index Only Scan using k_5 on sbtest5  (cost=0.43..6.45 rows=101 width=4)
	  Index Cond: ((k >= 6745092) AND (k <= 6745192))

table 6 : explain SELECT k FROM sbtest6 WHERE k BETWEEN 6745092 AND 6745192
	Index Only Scan using k_6 on sbtest6  (cost=0.43..6.59 rows=108 width=4)
	  Index Cond: ((k >= 6745092) AND (k <= 6745192))

table 7 : explain SELECT k FROM sbtest7 WHERE k BETWEEN 6745092 AND 6745192
	Index Only Scan using k_7 on sbtest7  (cost=0.43..6.40 rows=98 width=4)
	  Index Cond: ((k >= 6745092) AND (k <= 6745192))

table 8 : explain SELECT k FROM sbtest8 WHERE k BETWEEN 6745092 AND 6745192
	Index Only Scan using k_8 on sbtest8  (cost=0.43..6.47 rows=102 width=4)
	  Index Cond: ((k >= 6745092) AND (k <= 6745192))

explain: for range-covered :: explain SELECT k FROM sbtest%d WHERE k BETWEEN 6745092 AND 6745192
for range-covered
table 1 : explain SELECT k FROM sbtest1 WHERE k BETWEEN 3354920 AND 3355020
	Index Only Scan using k_1 on sbtest1  (cost=0.43..6.50 rows=103 width=4)
	  Index Cond: ((k >= 3354920) AND (k <= 3355020))

table 2 : explain SELECT k FROM sbtest2 WHERE k BETWEEN 3354920 AND 3355020
	Index Only Scan using k_2 on sbtest2  (cost=0.43..6.58 rows=107 width=4)
	  Index Cond: ((k >= 3354920) AND (k <= 3355020))

table 3 : explain SELECT k FROM sbtest3 WHERE k BETWEEN 3354920 AND 3355020
	Index Only Scan using k_3 on sbtest3  (cost=0.43..6.75 rows=116 width=4)
	  Index Cond: ((k >= 3354920) AND (k <= 3355020))

table 4 : explain SELECT k FROM sbtest4 WHERE k BETWEEN 3354920 AND 3355020
	Index Only Scan using k_4 on sbtest4  (cost=0.43..6.66 rows=111 width=4)
	  Index Cond: ((k >= 3354920) AND (k <= 3355020))

table 5 : explain SELECT k FROM sbtest5 WHERE k BETWEEN 3354920 AND 3355020
	Index Only Scan using k_5 on sbtest5  (cost=0.43..6.58 rows=107 width=4)
	  Index Cond: ((k >= 3354920) AND (k <= 3355020))

table 6 : explain SELECT k FROM sbtest6 WHERE k BETWEEN 3354920 AND 3355020
	Index Only Scan using k_6 on sbtest6  (cost=0.43..6.42 rows=99 width=4)
	  Index Cond: ((k >= 3354920) AND (k <= 3355020))

table 7 : explain SELECT k FROM sbtest7 WHERE k BETWEEN 3354920 AND 3355020
	Index Only Scan using k_7 on sbtest7  (cost=0.43..6.27 rows=92 width=4)
	  Index Cond: ((k >= 3354920) AND (k <= 3355020))

table 8 : explain SELECT k FROM sbtest8 WHERE k BETWEEN 3354920 AND 3355020
	Index Only Scan using k_8 on sbtest8  (cost=0.43..6.50 rows=103 width=4)
	  Index Cond: ((k >= 3354920) AND (k <= 3355020))

for range-covered
table 1 : explain SELECT k FROM sbtest1 WHERE k BETWEEN 7014783 AND 7014883
	Index Only Scan using k_1 on sbtest1  (cost=0.43..6.47 rows=102 width=4)
	  Index Cond: ((k >= 7014783) AND (k <= 7014883))

table 2 : explain SELECT k FROM sbtest2 WHERE k BETWEEN 7014783 AND 7014883
	Index Only Scan using k_2 on sbtest2  (cost=0.43..6.51 rows=104 width=4)
	  Index Cond: ((k >= 7014783) AND (k <= 7014883))

table 3 : explain SELECT k FROM sbtest3 WHERE k BETWEEN 7014783 AND 7014883
	Index Only Scan using k_3 on sbtest3  (cost=0.43..6.53 rows=105 width=4)
	  Index Cond: ((k >= 7014783) AND (k <= 7014883))

table 4 : explain SELECT k FROM sbtest4 WHERE k BETWEEN 7014783 AND 7014883
	Index Only Scan using k_4 on sbtest4  (cost=0.43..6.66 rows=111 width=4)
	  Index Cond: ((k >= 7014783) AND (k <= 7014883))

table 5 : explain SELECT k FROM sbtest5 WHERE k BETWEEN 7014783 AND 7014883
	Index Only Scan using k_5 on sbtest5  (cost=0.43..6.50 rows=103 width=4)
	  Index Cond: ((k >= 7014783) AND (k <= 7014883))

table 6 : explain SELECT k FROM sbtest6 WHERE k BETWEEN 7014783 AND 7014883
	Index Only Scan using k_6 on sbtest6  (cost=0.43..6.79 rows=118 width=4)
	  Index Cond: ((k >= 7014783) AND (k <= 7014883))

table 7 : explain SELECT k FROM sbtest7 WHERE k BETWEEN 7014783 AND 7014883
	Index Only Scan using k_7 on sbtest7  (cost=0.43..6.69 rows=113 width=4)
	  Index Cond: ((k >= 7014783) AND (k <= 7014883))

table 8 : explain SELECT k FROM sbtest8 WHERE k BETWEEN 7014783 AND 7014883
	Index Only Scan using k_8 on sbtest8  (cost=0.43..6.40 rows=98 width=4)
	  Index Cond: ((k >= 7014783) AND (k <= 7014883))

explain: for range-covered :: explain SELECT k FROM sbtest%d WHERE k BETWEEN 3354920 AND 3355020
explain: for range-covered :: explain SELECT k FROM sbtest%d WHERE k BETWEEN 7014783 AND 7014883
for range-covered
table 1 : explain SELECT k FROM sbtest1 WHERE k BETWEEN 6745092 AND 6745192
	Index Only Scan using k_1 on sbtest1  (cost=0.43..6.75 rows=116 width=4)
	  Index Cond: ((k >= 6745092) AND (k <= 6745192))

table 2 : explain SELECT k FROM sbtest2 WHERE k BETWEEN 6745092 AND 6745192
	Index Only Scan using k_2 on sbtest2  (cost=0.43..6.63 rows=110 width=4)
	  Index Cond: ((k >= 6745092) AND (k <= 6745192))

table 3 : explain SELECT k FROM sbtest3 WHERE k BETWEEN 6745092 AND 6745192
	Index Only Scan using k_3 on sbtest3  (cost=0.43..6.43 rows=100 width=4)
	  Index Cond: ((k >= 6745092) AND (k <= 6745192))

table 4 : explain SELECT k FROM sbtest4 WHERE k BETWEEN 6745092 AND 6745192
	Index Only Scan using k_4 on sbtest4  (cost=0.43..6.33 rows=95 width=4)
	  Index Cond: ((k >= 6745092) AND (k <= 6745192))

table 5 : explain SELECT k FROM sbtest5 WHERE k BETWEEN 6745092 AND 6745192
	Index Only Scan using k_5 on sbtest5  (cost=0.43..6.45 rows=101 width=4)
	  Index Cond: ((k >= 6745092) AND (k <= 6745192))

table 6 : explain SELECT k FROM sbtest6 WHERE k BETWEEN 6745092 AND 6745192
	Index Only Scan using k_6 on sbtest6  (cost=0.43..6.59 rows=108 width=4)
	  Index Cond: ((k >= 6745092) AND (k <= 6745192))

table 7 : explain SELECT k FROM sbtest7 WHERE k BETWEEN 6745092 AND 6745192
	Index Only Scan using k_7 on sbtest7  (cost=0.43..6.40 rows=98 width=4)
	  Index Cond: ((k >= 6745092) AND (k <= 6745192))

table 8 : explain SELECT k FROM sbtest8 WHERE k BETWEEN 6745092 AND 6745192
	Index Only Scan using k_8 on sbtest8  (cost=0.43..6.47 rows=102 width=4)
	  Index Cond: ((k >= 6745092) AND (k <= 6745192))

explain: for range-covered :: explain SELECT k FROM sbtest%d WHERE k BETWEEN 6745092 AND 6745192
for range-covered
table 1 : explain SELECT k FROM sbtest1 WHERE k BETWEEN 3354920 AND 3355020
	Index Only Scan using k_1 on sbtest1  (cost=0.43..6.50 rows=103 width=4)
	  Index Cond: ((k >= 3354920) AND (k <= 3355020))

table 2 : explain SELECT k FROM sbtest2 WHERE k BETWEEN 3354920 AND 3355020
	Index Only Scan using k_2 on sbtest2  (cost=0.43..6.58 rows=107 width=4)
	  Index Cond: ((k >= 3354920) AND (k <= 3355020))

table 3 : explain SELECT k FROM sbtest3 WHERE k BETWEEN 3354920 AND 3355020
	Index Only Scan using k_3 on sbtest3  (cost=0.43..6.75 rows=116 width=4)
	  Index Cond: ((k >= 3354920) AND (k <= 3355020))

table 4 : explain SELECT k FROM sbtest4 WHERE k BETWEEN 3354920 AND 3355020
	Index Only Scan using k_4 on sbtest4  (cost=0.43..6.66 rows=111 width=4)
	  Index Cond: ((k >= 3354920) AND (k <= 3355020))

table 5 : explain SELECT k FROM sbtest5 WHERE k BETWEEN 3354920 AND 3355020
	Index Only Scan using k_5 on sbtest5  (cost=0.43..6.58 rows=107 width=4)
	  Index Cond: ((k >= 3354920) AND (k <= 3355020))

table 6 : explain SELECT k FROM sbtest6 WHERE k BETWEEN 3354920 AND 3355020
	Index Only Scan using k_6 on sbtest6  (cost=0.43..6.42 rows=99 width=4)
	  Index Cond: ((k >= 3354920) AND (k <= 3355020))

table 7 : explain SELECT k FROM sbtest7 WHERE k BETWEEN 3354920 AND 3355020
	Index Only Scan using k_7 on sbtest7  (cost=0.43..6.27 rows=92 width=4)
	  Index Cond: ((k >= 3354920) AND (k <= 3355020))

table 8 : explain SELECT k FROM sbtest8 WHERE k BETWEEN 3354920 AND 3355020
	Index Only Scan using k_8 on sbtest8  (cost=0.43..6.50 rows=103 width=4)
	  Index Cond: ((k >= 3354920) AND (k <= 3355020))

explain: for range-covered :: explain SELECT k FROM sbtest%d WHERE k BETWEEN 3354920 AND 3355020
explain: for range-covered :: explain SELECT k FROM sbtest%d WHERE k BETWEEN 5886895 AND 5886995
explain: for range-covered :: explain SELECT k FROM sbtest%d WHERE k BETWEEN 5630331 AND 5630431
for range-covered
table 1 : explain SELECT k FROM sbtest1 WHERE k BETWEEN 6270019 AND 6270119
	Index Only Scan using k_1 on sbtest1  (cost=0.43..6.33 rows=95 width=4)
	  Index Cond: ((k >= 6270019) AND (k <= 6270119))

table 2 : explain SELECT k FROM sbtest2 WHERE k BETWEEN 6270019 AND 6270119
	Index Only Scan using k_2 on sbtest2  (cost=0.43..6.61 rows=109 width=4)
	  Index Cond: ((k >= 6270019) AND (k <= 6270119))

table 3 : explain SELECT k FROM sbtest3 WHERE k BETWEEN 6270019 AND 6270119
	Index Only Scan using k_3 on sbtest3  (cost=0.43..6.50 rows=103 width=4)
	  Index Cond: ((k >= 6270019) AND (k <= 6270119))

table 4 : explain SELECT k FROM sbtest4 WHERE k BETWEEN 6270019 AND 6270119
	Index Only Scan using k_4 on sbtest4  (cost=0.43..6.32 rows=94 width=4)
	  Index Cond: ((k >= 6270019) AND (k <= 6270119))

table 5 : explain SELECT k FROM sbtest5 WHERE k BETWEEN 6270019 AND 6270119
	Index Only Scan using k_5 on sbtest5  (cost=0.43..6.43 rows=100 width=4)
	  Index Cond: ((k >= 6270019) AND (k <= 6270119))

table 6 : explain SELECT k FROM sbtest6 WHERE k BETWEEN 6270019 AND 6270119
	Index Only Scan using k_6 on sbtest6  (cost=0.43..6.37 rows=97 width=4)
	  Index Cond: ((k >= 6270019) AND (k <= 6270119))

table 7 : explain SELECT k FROM sbtest7 WHERE k BETWEEN 6270019 AND 6270119
	Index Only Scan using k_7 on sbtest7  (cost=0.43..6.72 rows=114 width=4)
	  Index Cond: ((k >= 6270019) AND (k <= 6270119))

table 8 : explain SELECT k FROM sbtest8 WHERE k BETWEEN 6270019 AND 6270119
	Index Only Scan using k_8 on sbtest8  (cost=0.43..6.53 rows=105 width=4)
	  Index Cond: ((k >= 6270019) AND (k <= 6270119))

explain: for range-covered :: explain SELECT k FROM sbtest%d WHERE k BETWEEN 6270019 AND 6270119
for range-covered
table 1 : explain SELECT k FROM sbtest1 WHERE k BETWEEN 4131627 AND 4131727
	Index Only Scan using k_1 on sbtest1  (cost=0.43..6.56 rows=106 width=4)
	  Index Cond: ((k >= 4131627) AND (k <= 4131727))

table 2 : explain SELECT k FROM sbtest2 WHERE k BETWEEN 4131627 AND 4131727
	Index Only Scan using k_2 on sbtest2  (cost=0.43..6.63 rows=110 width=4)
	  Index Cond: ((k >= 4131627) AND (k <= 4131727))

table 3 : explain SELECT k FROM sbtest3 WHERE k BETWEEN 4131627 AND 4131727
	Index Only Scan using k_3 on sbtest3  (cost=0.43..6.47 rows=102 width=4)
	  Index Cond: ((k >= 4131627) AND (k <= 4131727))

table 4 : explain SELECT k FROM sbtest4 WHERE k BETWEEN 4131627 AND 4131727
	Index Only Scan using k_4 on sbtest4  (cost=0.43..6.32 rows=94 width=4)
	  Index Cond: ((k >= 4131627) AND (k <= 4131727))

table 5 : explain SELECT k FROM sbtest5 WHERE k BETWEEN 4131627 AND 4131727
	Index Only Scan using k_5 on sbtest5  (cost=0.43..6.53 rows=105 width=4)
	  Index Cond: ((k >= 4131627) AND (k <= 4131727))

table 6 : explain SELECT k FROM sbtest6 WHERE k BETWEEN 4131627 AND 4131727
	Index Only Scan using k_6 on sbtest6  (cost=0.43..6.50 rows=103 width=4)
	  Index Cond: ((k >= 4131627) AND (k <= 4131727))

table 7 : explain SELECT k FROM sbtest7 WHERE k BETWEEN 4131627 AND 4131727
	Index Only Scan using k_7 on sbtest7  (cost=0.43..6.43 rows=100 width=4)
	  Index Cond: ((k >= 4131627) AND (k <= 4131727))

table 8 : explain SELECT k FROM sbtest8 WHERE k BETWEEN 4131627 AND 4131727
	Index Only Scan using k_8 on sbtest8  (cost=0.43..6.37 rows=97 width=4)
	  Index Cond: ((k >= 4131627) AND (k <= 4131727))

explain: for range-covered :: explain SELECT k FROM sbtest%d WHERE k BETWEEN 4131627 AND 4131727
for range-covered
table 1 : explain SELECT k FROM sbtest1 WHERE k BETWEEN 3354920 AND 3355020
	Index Only Scan using k_1 on sbtest1  (cost=0.43..6.50 rows=103 width=4)
	  Index Cond: ((k >= 3354920) AND (k <= 3355020))

table 2 : explain SELECT k FROM sbtest2 WHERE k BETWEEN 3354920 AND 3355020
	Index Only Scan using k_2 on sbtest2  (cost=0.43..6.58 rows=107 width=4)
	  Index Cond: ((k >= 3354920) AND (k <= 3355020))

table 3 : explain SELECT k FROM sbtest3 WHERE k BETWEEN 3354920 AND 3355020
	Index Only Scan using k_3 on sbtest3  (cost=0.43..6.75 rows=116 width=4)
	  Index Cond: ((k >= 3354920) AND (k <= 3355020))

table 4 : explain SELECT k FROM sbtest4 WHERE k BETWEEN 3354920 AND 3355020
	Index Only Scan using k_4 on sbtest4  (cost=0.43..6.66 rows=111 width=4)
	  Index Cond: ((k >= 3354920) AND (k <= 3355020))

table 5 : explain SELECT k FROM sbtest5 WHERE k BETWEEN 3354920 AND 3355020
	Index Only Scan using k_5 on sbtest5  (cost=0.43..6.58 rows=107 width=4)
	  Index Cond: ((k >= 3354920) AND (k <= 3355020))

table 6 : explain SELECT k FROM sbtest6 WHERE k BETWEEN 3354920 AND 3355020
	Index Only Scan using k_6 on sbtest6  (cost=0.43..6.42 rows=99 width=4)
	  Index Cond: ((k >= 3354920) AND (k <= 3355020))

table 7 : explain SELECT k FROM sbtest7 WHERE k BETWEEN 3354920 AND 3355020
	Index Only Scan using k_7 on sbtest7  (cost=0.43..6.27 rows=92 width=4)
	  Index Cond: ((k >= 3354920) AND (k <= 3355020))

table 8 : explain SELECT k FROM sbtest8 WHERE k BETWEEN 3354920 AND 3355020
	Index Only Scan using k_8 on sbtest8  (cost=0.43..6.50 rows=103 width=4)
	  Index Cond: ((k >= 3354920) AND (k <= 3355020))

explain: for range-covered :: explain SELECT k FROM sbtest%d WHERE k BETWEEN 3354920 AND 3355020
for range-covered
table 1 : explain SELECT k FROM sbtest1 WHERE k BETWEEN 6270019 AND 6270119
	Index Only Scan using k_1 on sbtest1  (cost=0.43..6.33 rows=95 width=4)
	  Index Cond: ((k >= 6270019) AND (k <= 6270119))

table 2 : explain SELECT k FROM sbtest2 WHERE k BETWEEN 6270019 AND 6270119
	Index Only Scan using k_2 on sbtest2  (cost=0.43..6.61 rows=109 width=4)
	  Index Cond: ((k >= 6270019) AND (k <= 6270119))

table 3 : explain SELECT k FROM sbtest3 WHERE k BETWEEN 6270019 AND 6270119
	Index Only Scan using k_3 on sbtest3  (cost=0.43..6.50 rows=103 width=4)
	  Index Cond: ((k >= 6270019) AND (k <= 6270119))

table 4 : explain SELECT k FROM sbtest4 WHERE k BETWEEN 6270019 AND 6270119
	Index Only Scan using k_4 on sbtest4  (cost=0.43..6.32 rows=94 width=4)
	  Index Cond: ((k >= 6270019) AND (k <= 6270119))

table 5 : explain SELECT k FROM sbtest5 WHERE k BETWEEN 6270019 AND 6270119
	Index Only Scan using k_5 on sbtest5  (cost=0.43..6.43 rows=100 width=4)
	  Index Cond: ((k >= 6270019) AND (k <= 6270119))

table 6 : explain SELECT k FROM sbtest6 WHERE k BETWEEN 6270019 AND 6270119
	Index Only Scan using k_6 on sbtest6  (cost=0.43..6.37 rows=97 width=4)
	  Index Cond: ((k >= 6270019) AND (k <= 6270119))

table 7 : explain SELECT k FROM sbtest7 WHERE k BETWEEN 6270019 AND 6270119
	Index Only Scan using k_7 on sbtest7  (cost=0.43..6.72 rows=114 width=4)
	  Index Cond: ((k >= 6270019) AND (k <= 6270119))

table 8 : explain SELECT k FROM sbtest8 WHERE k BETWEEN 6270019 AND 6270119
	Index Only Scan using k_8 on sbtest8  (cost=0.43..6.53 rows=105 width=4)
	  Index Cond: ((k >= 6270019) AND (k <= 6270119))

for range-covered
table 1 : explain SELECT k FROM sbtest1 WHERE k BETWEEN 6745092 AND 6745192
	Index Only Scan using k_1 on sbtest1  (cost=0.43..6.75 rows=116 width=4)
	  Index Cond: ((k >= 6745092) AND (k <= 6745192))

table 2 : explain SELECT k FROM sbtest2 WHERE k BETWEEN 6745092 AND 6745192
	Index Only Scan using k_2 on sbtest2  (cost=0.43..6.63 rows=110 width=4)
	  Index Cond: ((k >= 6745092) AND (k <= 6745192))

table 3 : explain SELECT k FROM sbtest3 WHERE k BETWEEN 6745092 AND 6745192
	Index Only Scan using k_3 on sbtest3  (cost=0.43..6.43 rows=100 width=4)
	  Index Cond: ((k >= 6745092) AND (k <= 6745192))

table 4 : explain SELECT k FROM sbtest4 WHERE k BETWEEN 6745092 AND 6745192
	Index Only Scan using k_4 on sbtest4  (cost=0.43..6.33 rows=95 width=4)
	  Index Cond: ((k >= 6745092) AND (k <= 6745192))

table 5 : explain SELECT k FROM sbtest5 WHERE k BETWEEN 6745092 AND 6745192
	Index Only Scan using k_5 on sbtest5  (cost=0.43..6.45 rows=101 width=4)
	  Index Cond: ((k >= 6745092) AND (k <= 6745192))

table 6 : explain SELECT k FROM sbtest6 WHERE k BETWEEN 6745092 AND 6745192
	Index Only Scan using k_6 on sbtest6  (cost=0.43..6.59 rows=108 width=4)
	  Index Cond: ((k >= 6745092) AND (k <= 6745192))

table 7 : explain SELECT k FROM sbtest7 WHERE k BETWEEN 6745092 AND 6745192
	Index Only Scan using k_7 on sbtest7  (cost=0.43..6.40 rows=98 width=4)
	  Index Cond: ((k >= 6745092) AND (k <= 6745192))

table 8 : explain SELECT k FROM sbtest8 WHERE k BETWEEN 6745092 AND 6745192
	Index Only Scan using k_8 on sbtest8  (cost=0.43..6.47 rows=102 width=4)
	  Index Cond: ((k >= 6745092) AND (k <= 6745192))

explain: for range-covered :: explain SELECT k FROM sbtest%d WHERE k BETWEEN 6270019 AND 6270119
for range-covered
table 1 : explain SELECT k FROM sbtest1 WHERE k BETWEEN 7014783 AND 7014883
	Index Only Scan using k_1 on sbtest1  (cost=0.43..6.47 rows=102 width=4)
	  Index Cond: ((k >= 7014783) AND (k <= 7014883))

table 2 : explain SELECT k FROM sbtest2 WHERE k BETWEEN 7014783 AND 7014883
	Index Only Scan using k_2 on sbtest2  (cost=0.43..6.51 rows=104 width=4)
	  Index Cond: ((k >= 7014783) AND (k <= 7014883))

table 3 : explain SELECT k FROM sbtest3 WHERE k BETWEEN 7014783 AND 7014883
	Index Only Scan using k_3 on sbtest3  (cost=0.43..6.53 rows=105 width=4)
	  Index Cond: ((k >= 7014783) AND (k <= 7014883))

table 4 : explain SELECT k FROM sbtest4 WHERE k BETWEEN 7014783 AND 7014883
	Index Only Scan using k_4 on sbtest4  (cost=0.43..6.66 rows=111 width=4)
	  Index Cond: ((k >= 7014783) AND (k <= 7014883))

table 5 : explain SELECT k FROM sbtest5 WHERE k BETWEEN 7014783 AND 7014883
	Index Only Scan using k_5 on sbtest5  (cost=0.43..6.50 rows=103 width=4)
	  Index Cond: ((k >= 7014783) AND (k <= 7014883))

table 6 : explain SELECT k FROM sbtest6 WHERE k BETWEEN 7014783 AND 7014883
	Index Only Scan using k_6 on sbtest6  (cost=0.43..6.79 rows=118 width=4)
	  Index Cond: ((k >= 7014783) AND (k <= 7014883))

table 7 : explain SELECT k FROM sbtest7 WHERE k BETWEEN 7014783 AND 7014883
	Index Only Scan using k_7 on sbtest7  (cost=0.43..6.69 rows=113 width=4)
	  Index Cond: ((k >= 7014783) AND (k <= 7014883))

table 8 : explain SELECT k FROM sbtest8 WHERE k BETWEEN 7014783 AND 7014883
	Index Only Scan using k_8 on sbtest8  (cost=0.43..6.40 rows=98 width=4)
	  Index Cond: ((k >= 7014783) AND (k <= 7014883))

explain: for range-covered :: explain SELECT k FROM sbtest%d WHERE k BETWEEN 7014783 AND 7014883
for range-covered
table 1 : explain SELECT k FROM sbtest1 WHERE k BETWEEN 3354920 AND 3355020
	Index Only Scan using k_1 on sbtest1  (cost=0.43..6.50 rows=103 width=4)
	  Index Cond: ((k >= 3354920) AND (k <= 3355020))

table 2 : explain SELECT k FROM sbtest2 WHERE k BETWEEN 3354920 AND 3355020
	Index Only Scan using k_2 on sbtest2  (cost=0.43..6.58 rows=107 width=4)
	  Index Cond: ((k >= 3354920) AND (k <= 3355020))

table 3 : explain SELECT k FROM sbtest3 WHERE k BETWEEN 3354920 AND 3355020
	Index Only Scan using k_3 on sbtest3  (cost=0.43..6.75 rows=116 width=4)
	  Index Cond: ((k >= 3354920) AND (k <= 3355020))

table 4 : explain SELECT k FROM sbtest4 WHERE k BETWEEN 3354920 AND 3355020
	Index Only Scan using k_4 on sbtest4  (cost=0.43..6.66 rows=111 width=4)
	  Index Cond: ((k >= 3354920) AND (k <= 3355020))

table 5 : explain SELECT k FROM sbtest5 WHERE k BETWEEN 3354920 AND 3355020
	Index Only Scan using k_5 on sbtest5  (cost=0.43..6.58 rows=107 width=4)
	  Index Cond: ((k >= 3354920) AND (k <= 3355020))

table 6 : explain SELECT k FROM sbtest6 WHERE k BETWEEN 3354920 AND 3355020
	Index Only Scan using k_6 on sbtest6  (cost=0.43..6.42 rows=99 width=4)
	  Index Cond: ((k >= 3354920) AND (k <= 3355020))

table 7 : explain SELECT k FROM sbtest7 WHERE k BETWEEN 3354920 AND 3355020
	Index Only Scan using k_7 on sbtest7  (cost=0.43..6.27 rows=92 width=4)
	  Index Cond: ((k >= 3354920) AND (k <= 3355020))

table 8 : explain SELECT k FROM sbtest8 WHERE k BETWEEN 3354920 AND 3355020
	Index Only Scan using k_8 on sbtest8  (cost=0.43..6.50 rows=103 width=4)
	  Index Cond: ((k >= 3354920) AND (k <= 3355020))

explain: for range-covered :: explain SELECT k FROM sbtest%d WHERE k BETWEEN 3354920 AND 3355020
for range-covered
table 1 : explain SELECT k FROM sbtest1 WHERE k BETWEEN 5708401 AND 5708501
	Index Only Scan using k_1 on sbtest1  (cost=0.43..6.40 rows=98 width=4)
	  Index Cond: ((k >= 5708401) AND (k <= 5708501))

table 2 : explain SELECT k FROM sbtest2 WHERE k BETWEEN 5708401 AND 5708501
	Index Only Scan using k_2 on sbtest2  (cost=0.43..6.25 rows=91 width=4)
	  Index Cond: ((k >= 5708401) AND (k <= 5708501))

table 3 : explain SELECT k FROM sbtest3 WHERE k BETWEEN 5708401 AND 5708501
	Index Only Scan using k_3 on sbtest3  (cost=0.43..6.66 rows=111 width=4)
	  Index Cond: ((k >= 5708401) AND (k <= 5708501))

table 4 : explain SELECT k FROM sbtest4 WHERE k BETWEEN 5708401 AND 5708501
	Index Only Scan using k_4 on sbtest4  (cost=0.43..6.61 rows=109 width=4)
	  Index Cond: ((k >= 5708401) AND (k <= 5708501))

table 5 : explain SELECT k FROM sbtest5 WHERE k BETWEEN 5708401 AND 5708501
	Index Only Scan using k_5 on sbtest5  (cost=0.43..6.51 rows=104 width=4)
	  Index Cond: ((k >= 5708401) AND (k <= 5708501))

table 6 : explain SELECT k FROM sbtest6 WHERE k BETWEEN 5708401 AND 5708501
	Index Only Scan using k_6 on sbtest6  (cost=0.43..6.37 rows=97 width=4)
	  Index Cond: ((k >= 5708401) AND (k <= 5708501))

table 7 : explain SELECT k FROM sbtest7 WHERE k BETWEEN 5708401 AND 5708501
	Index Only Scan using k_7 on sbtest7  (cost=0.43..6.40 rows=98 width=4)
	  Index Cond: ((k >= 5708401) AND (k <= 5708501))

table 8 : explain SELECT k FROM sbtest8 WHERE k BETWEEN 5708401 AND 5708501
	Index Only Scan using k_8 on sbtest8  (cost=0.43..6.51 rows=104 width=4)
	  Index Cond: ((k >= 5708401) AND (k <= 5708501))

explain: for range-covered :: explain SELECT k FROM sbtest%d WHERE k BETWEEN 5708401 AND 5708501
for range-covered
table 1 : explain SELECT k FROM sbtest1 WHERE k BETWEEN 4131627 AND 4131727
	Index Only Scan using k_1 on sbtest1  (cost=0.43..6.56 rows=106 width=4)
	  Index Cond: ((k >= 4131627) AND (k <= 4131727))

table 2 : explain SELECT k FROM sbtest2 WHERE k BETWEEN 4131627 AND 4131727
	Index Only Scan using k_2 on sbtest2  (cost=0.43..6.63 rows=110 width=4)
	  Index Cond: ((k >= 4131627) AND (k <= 4131727))

table 3 : explain SELECT k FROM sbtest3 WHERE k BETWEEN 4131627 AND 4131727
	Index Only Scan using k_3 on sbtest3  (cost=0.43..6.47 rows=102 width=4)
	  Index Cond: ((k >= 4131627) AND (k <= 4131727))

table 4 : explain SELECT k FROM sbtest4 WHERE k BETWEEN 4131627 AND 4131727
	Index Only Scan using k_4 on sbtest4  (cost=0.43..6.32 rows=94 width=4)
	  Index Cond: ((k >= 4131627) AND (k <= 4131727))

table 5 : explain SELECT k FROM sbtest5 WHERE k BETWEEN 4131627 AND 4131727
	Index Only Scan using k_5 on sbtest5  (cost=0.43..6.53 rows=105 width=4)
	  Index Cond: ((k >= 4131627) AND (k <= 4131727))

table 6 : explain SELECT k FROM sbtest6 WHERE k BETWEEN 4131627 AND 4131727
	Index Only Scan using k_6 on sbtest6  (cost=0.43..6.50 rows=103 width=4)
	  Index Cond: ((k >= 4131627) AND (k <= 4131727))

table 7 : explain SELECT k FROM sbtest7 WHERE k BETWEEN 4131627 AND 4131727
	Index Only Scan using k_7 on sbtest7  (cost=0.43..6.43 rows=100 width=4)
	  Index Cond: ((k >= 4131627) AND (k <= 4131727))

table 8 : explain SELECT k FROM sbtest8 WHERE k BETWEEN 4131627 AND 4131727
	Index Only Scan using k_8 on sbtest8  (cost=0.43..6.37 rows=97 width=4)
	  Index Cond: ((k >= 4131627) AND (k <= 4131727))

for range-covered
table 1 : explain SELECT k FROM sbtest1 WHERE k BETWEEN 6270019 AND 6270119
	Index Only Scan using k_1 on sbtest1  (cost=0.43..6.33 rows=95 width=4)
	  Index Cond: ((k >= 6270019) AND (k <= 6270119))

table 2 : explain SELECT k FROM sbtest2 WHERE k BETWEEN 6270019 AND 6270119
	Index Only Scan using k_2 on sbtest2  (cost=0.43..6.61 rows=109 width=4)
	  Index Cond: ((k >= 6270019) AND (k <= 6270119))

table 3 : explain SELECT k FROM sbtest3 WHERE k BETWEEN 6270019 AND 6270119
	Index Only Scan using k_3 on sbtest3  (cost=0.43..6.50 rows=103 width=4)
	  Index Cond: ((k >= 6270019) AND (k <= 6270119))

table 4 : explain SELECT k FROM sbtest4 WHERE k BETWEEN 6270019 AND 6270119
	Index Only Scan using k_4 on sbtest4  (cost=0.43..6.32 rows=94 width=4)
	  Index Cond: ((k >= 6270019) AND (k <= 6270119))

table 5 : explain SELECT k FROM sbtest5 WHERE k BETWEEN 6270019 AND 6270119
	Index Only Scan using k_5 on sbtest5  (cost=0.43..6.43 rows=100 width=4)
	  Index Cond: ((k >= 6270019) AND (k <= 6270119))

table 6 : explain SELECT k FROM sbtest6 WHERE k BETWEEN 6270019 AND 6270119
	Index Only Scan using k_6 on sbtest6  (cost=0.43..6.37 rows=97 width=4)
	  Index Cond: ((k >= 6270019) AND (k <= 6270119))

table 7 : explain SELECT k FROM sbtest7 WHERE k BETWEEN 6270019 AND 6270119
	Index Only Scan using k_7 on sbtest7  (cost=0.43..6.72 rows=114 width=4)
	  Index Cond: ((k >= 6270019) AND (k <= 6270119))

table 8 : explain SELECT k FROM sbtest8 WHERE k BETWEEN 6270019 AND 6270119
	Index Only Scan using k_8 on sbtest8  (cost=0.43..6.53 rows=105 width=4)
	  Index Cond: ((k >= 6270019) AND (k <= 6270119))

explain: for range-covered :: explain SELECT k FROM sbtest%d WHERE k BETWEEN 6270019 AND 6270119
for range-covered
table 1 : explain SELECT k FROM sbtest1 WHERE k BETWEEN 7014783 AND 7014883
	Index Only Scan using k_1 on sbtest1  (cost=0.43..6.47 rows=102 width=4)
	  Index Cond: ((k >= 7014783) AND (k <= 7014883))

table 2 : explain SELECT k FROM sbtest2 WHERE k BETWEEN 7014783 AND 7014883
	Index Only Scan using k_2 on sbtest2  (cost=0.43..6.51 rows=104 width=4)
	  Index Cond: ((k >= 7014783) AND (k <= 7014883))

table 3 : explain SELECT k FROM sbtest3 WHERE k BETWEEN 7014783 AND 7014883
	Index Only Scan using k_3 on sbtest3  (cost=0.43..6.53 rows=105 width=4)
	  Index Cond: ((k >= 7014783) AND (k <= 7014883))

table 4 : explain SELECT k FROM sbtest4 WHERE k BETWEEN 7014783 AND 7014883
	Index Only Scan using k_4 on sbtest4  (cost=0.43..6.66 rows=111 width=4)
	  Index Cond: ((k >= 7014783) AND (k <= 7014883))

table 5 : explain SELECT k FROM sbtest5 WHERE k BETWEEN 7014783 AND 7014883
	Index Only Scan using k_5 on sbtest5  (cost=0.43..6.50 rows=103 width=4)
	  Index Cond: ((k >= 7014783) AND (k <= 7014883))

table 6 : explain SELECT k FROM sbtest6 WHERE k BETWEEN 7014783 AND 7014883
	Index Only Scan using k_6 on sbtest6  (cost=0.43..6.79 rows=118 width=4)
	  Index Cond: ((k >= 7014783) AND (k <= 7014883))

table 7 : explain SELECT k FROM sbtest7 WHERE k BETWEEN 7014783 AND 7014883
	Index Only Scan using k_7 on sbtest7  (cost=0.43..6.69 rows=113 width=4)
	  Index Cond: ((k >= 7014783) AND (k <= 7014883))

table 8 : explain SELECT k FROM sbtest8 WHERE k BETWEEN 7014783 AND 7014883
	Index Only Scan using k_8 on sbtest8  (cost=0.43..6.40 rows=98 width=4)
	  Index Cond: ((k >= 7014783) AND (k <= 7014883))

explain: for range-covered :: explain SELECT k FROM sbtest%d WHERE k BETWEEN 7014783 AND 7014883
for range-covered
table 1 : explain SELECT k FROM sbtest1 WHERE k BETWEEN 3354920 AND 3355020
	Index Only Scan using k_1 on sbtest1  (cost=0.43..6.50 rows=103 width=4)
	  Index Cond: ((k >= 3354920) AND (k <= 3355020))

table 2 : explain SELECT k FROM sbtest2 WHERE k BETWEEN 3354920 AND 3355020
	Index Only Scan using k_2 on sbtest2  (cost=0.43..6.58 rows=107 width=4)
	  Index Cond: ((k >= 3354920) AND (k <= 3355020))

table 3 : explain SELECT k FROM sbtest3 WHERE k BETWEEN 3354920 AND 3355020
	Index Only Scan using k_3 on sbtest3  (cost=0.43..6.75 rows=116 width=4)
	  Index Cond: ((k >= 3354920) AND (k <= 3355020))

table 4 : explain SELECT k FROM sbtest4 WHERE k BETWEEN 3354920 AND 3355020
	Index Only Scan using k_4 on sbtest4  (cost=0.43..6.66 rows=111 width=4)
	  Index Cond: ((k >= 3354920) AND (k <= 3355020))

table 5 : explain SELECT k FROM sbtest5 WHERE k BETWEEN 3354920 AND 3355020
	Index Only Scan using k_5 on sbtest5  (cost=0.43..6.58 rows=107 width=4)
	  Index Cond: ((k >= 3354920) AND (k <= 3355020))

table 6 : explain SELECT k FROM sbtest6 WHERE k BETWEEN 3354920 AND 3355020
	Index Only Scan using k_6 on sbtest6  (cost=0.43..6.42 rows=99 width=4)
	  Index Cond: ((k >= 3354920) AND (k <= 3355020))

table 7 : explain SELECT k FROM sbtest7 WHERE k BETWEEN 3354920 AND 3355020
	Index Only Scan using k_7 on sbtest7  (cost=0.43..6.27 rows=92 width=4)
	  Index Cond: ((k >= 3354920) AND (k <= 3355020))

table 8 : explain SELECT k FROM sbtest8 WHERE k BETWEEN 3354920 AND 3355020
	Index Only Scan using k_8 on sbtest8  (cost=0.43..6.50 rows=103 width=4)
	  Index Cond: ((k >= 3354920) AND (k <= 3355020))

explain: for range-covered :: explain SELECT k FROM sbtest%d WHERE k BETWEEN 3354920 AND 3355020
for range-covered
table 1 : explain SELECT k FROM sbtest1 WHERE k BETWEEN 5708401 AND 5708501
	Index Only Scan using k_1 on sbtest1  (cost=0.43..6.40 rows=98 width=4)
	  Index Cond: ((k >= 5708401) AND (k <= 5708501))

table 2 : explain SELECT k FROM sbtest2 WHERE k BETWEEN 5708401 AND 5708501
	Index Only Scan using k_2 on sbtest2  (cost=0.43..6.25 rows=91 width=4)
	  Index Cond: ((k >= 5708401) AND (k <= 5708501))

table 3 : explain SELECT k FROM sbtest3 WHERE k BETWEEN 5708401 AND 5708501
	Index Only Scan using k_3 on sbtest3  (cost=0.43..6.66 rows=111 width=4)
	  Index Cond: ((k >= 5708401) AND (k <= 5708501))

table 4 : explain SELECT k FROM sbtest4 WHERE k BETWEEN 5708401 AND 5708501
	Index Only Scan using k_4 on sbtest4  (cost=0.43..6.61 rows=109 width=4)
	  Index Cond: ((k >= 5708401) AND (k <= 5708501))

table 5 : explain SELECT k FROM sbtest5 WHERE k BETWEEN 5708401 AND 5708501
	Index Only Scan using k_5 on sbtest5  (cost=0.43..6.51 rows=104 width=4)
	  Index Cond: ((k >= 5708401) AND (k <= 5708501))

table 6 : explain SELECT k FROM sbtest6 WHERE k BETWEEN 5708401 AND 5708501
	Index Only Scan using k_6 on sbtest6  (cost=0.43..6.37 rows=97 width=4)
	  Index Cond: ((k >= 5708401) AND (k <= 5708501))

table 7 : explain SELECT k FROM sbtest7 WHERE k BETWEEN 5708401 AND 5708501
	Index Only Scan using k_7 on sbtest7  (cost=0.43..6.40 rows=98 width=4)
	  Index Cond: ((k >= 5708401) AND (k <= 5708501))

table 8 : explain SELECT k FROM sbtest8 WHERE k BETWEEN 5708401 AND 5708501
	Index Only Scan using k_8 on sbtest8  (cost=0.43..6.51 rows=104 width=4)
	  Index Cond: ((k >= 5708401) AND (k <= 5708501))

explain: for range-covered :: explain SELECT k FROM sbtest%d WHERE k BETWEEN 5708401 AND 5708501
for range-covered
table 1 : explain SELECT k FROM sbtest1 WHERE k BETWEEN 6270019 AND 6270119
	Index Only Scan using k_1 on sbtest1  (cost=0.43..6.33 rows=95 width=4)
	  Index Cond: ((k >= 6270019) AND (k <= 6270119))

table 2 : explain SELECT k FROM sbtest2 WHERE k BETWEEN 6270019 AND 6270119
	Index Only Scan using k_2 on sbtest2  (cost=0.43..6.61 rows=109 width=4)
	  Index Cond: ((k >= 6270019) AND (k <= 6270119))

table 3 : explain SELECT k FROM sbtest3 WHERE k BETWEEN 6270019 AND 6270119
	Index Only Scan using k_3 on sbtest3  (cost=0.43..6.50 rows=103 width=4)
	  Index Cond: ((k >= 6270019) AND (k <= 6270119))

table 4 : explain SELECT k FROM sbtest4 WHERE k BETWEEN 6270019 AND 6270119
	Index Only Scan using k_4 on sbtest4  (cost=0.43..6.32 rows=94 width=4)
	  Index Cond: ((k >= 6270019) AND (k <= 6270119))

table 5 : explain SELECT k FROM sbtest5 WHERE k BETWEEN 6270019 AND 6270119
	Index Only Scan using k_5 on sbtest5  (cost=0.43..6.43 rows=100 width=4)
	  Index Cond: ((k >= 6270019) AND (k <= 6270119))

table 6 : explain SELECT k FROM sbtest6 WHERE k BETWEEN 6270019 AND 6270119
	Index Only Scan using k_6 on sbtest6  (cost=0.43..6.37 rows=97 width=4)
	  Index Cond: ((k >= 6270019) AND (k <= 6270119))

table 7 : explain SELECT k FROM sbtest7 WHERE k BETWEEN 6270019 AND 6270119
	Index Only Scan using k_7 on sbtest7  (cost=0.43..6.72 rows=114 width=4)
	  Index Cond: ((k >= 6270019) AND (k <= 6270119))

table 8 : explain SELECT k FROM sbtest8 WHERE k BETWEEN 6270019 AND 6270119
	Index Only Scan using k_8 on sbtest8  (cost=0.43..6.53 rows=105 width=4)
	  Index Cond: ((k >= 6270019) AND (k <= 6270119))

explain: for range-covered :: explain SELECT k FROM sbtest%d WHERE k BETWEEN 6270019 AND 6270119
for range-covered
table 1 : explain SELECT k FROM sbtest1 WHERE k BETWEEN 3354920 AND 3355020
	Index Only Scan using k_1 on sbtest1  (cost=0.43..6.50 rows=103 width=4)
	  Index Cond: ((k >= 3354920) AND (k <= 3355020))

table 2 : explain SELECT k FROM sbtest2 WHERE k BETWEEN 3354920 AND 3355020
	Index Only Scan using k_2 on sbtest2  (cost=0.43..6.58 rows=107 width=4)
	  Index Cond: ((k >= 3354920) AND (k <= 3355020))

table 3 : explain SELECT k FROM sbtest3 WHERE k BETWEEN 3354920 AND 3355020
	Index Only Scan using k_3 on sbtest3  (cost=0.43..6.75 rows=116 width=4)
	  Index Cond: ((k >= 3354920) AND (k <= 3355020))

table 4 : explain SELECT k FROM sbtest4 WHERE k BETWEEN 3354920 AND 3355020
	Index Only Scan using k_4 on sbtest4  (cost=0.43..6.66 rows=111 width=4)
	  Index Cond: ((k >= 3354920) AND (k <= 3355020))

table 5 : explain SELECT k FROM sbtest5 WHERE k BETWEEN 3354920 AND 3355020
	Index Only Scan using k_5 on sbtest5  (cost=0.43..6.58 rows=107 width=4)
	  Index Cond: ((k >= 3354920) AND (k <= 3355020))

table 6 : explain SELECT k FROM sbtest6 WHERE k BETWEEN 3354920 AND 3355020
	Index Only Scan using k_6 on sbtest6  (cost=0.43..6.42 rows=99 width=4)
	  Index Cond: ((k >= 3354920) AND (k <= 3355020))

table 7 : explain SELECT k FROM sbtest7 WHERE k BETWEEN 3354920 AND 3355020
	Index Only Scan using k_7 on sbtest7  (cost=0.43..6.27 rows=92 width=4)
	  Index Cond: ((k >= 3354920) AND (k <= 3355020))

table 8 : explain SELECT k FROM sbtest8 WHERE k BETWEEN 3354920 AND 3355020
	Index Only Scan using k_8 on sbtest8  (cost=0.43..6.50 rows=103 width=4)
	  Index Cond: ((k >= 3354920) AND (k <= 3355020))

explain: for range-covered :: explain SELECT k FROM sbtest%d WHERE k BETWEEN 4131627 AND 4131727
for range-covered
table 1 : explain SELECT k FROM sbtest1 WHERE k BETWEEN 5708401 AND 5708501
	Index Only Scan using k_1 on sbtest1  (cost=0.43..6.40 rows=98 width=4)
	  Index Cond: ((k >= 5708401) AND (k <= 5708501))

table 2 : explain SELECT k FROM sbtest2 WHERE k BETWEEN 5708401 AND 5708501
	Index Only Scan using k_2 on sbtest2  (cost=0.43..6.25 rows=91 width=4)
	  Index Cond: ((k >= 5708401) AND (k <= 5708501))

table 3 : explain SELECT k FROM sbtest3 WHERE k BETWEEN 5708401 AND 5708501
	Index Only Scan using k_3 on sbtest3  (cost=0.43..6.66 rows=111 width=4)
	  Index Cond: ((k >= 5708401) AND (k <= 5708501))

table 4 : explain SELECT k FROM sbtest4 WHERE k BETWEEN 5708401 AND 5708501
	Index Only Scan using k_4 on sbtest4  (cost=0.43..6.61 rows=109 width=4)
	  Index Cond: ((k >= 5708401) AND (k <= 5708501))

table 5 : explain SELECT k FROM sbtest5 WHERE k BETWEEN 5708401 AND 5708501
	Index Only Scan using k_5 on sbtest5  (cost=0.43..6.51 rows=104 width=4)
	  Index Cond: ((k >= 5708401) AND (k <= 5708501))

table 6 : explain SELECT k FROM sbtest6 WHERE k BETWEEN 5708401 AND 5708501
	Index Only Scan using k_6 on sbtest6  (cost=0.43..6.37 rows=97 width=4)
	  Index Cond: ((k >= 5708401) AND (k <= 5708501))

table 7 : explain SELECT k FROM sbtest7 WHERE k BETWEEN 5708401 AND 5708501
	Index Only Scan using k_7 on sbtest7  (cost=0.43..6.40 rows=98 width=4)
	  Index Cond: ((k >= 5708401) AND (k <= 5708501))

table 8 : explain SELECT k FROM sbtest8 WHERE k BETWEEN 5708401 AND 5708501
	Index Only Scan using k_8 on sbtest8  (cost=0.43..6.51 rows=104 width=4)
	  Index Cond: ((k >= 5708401) AND (k <= 5708501))

explain: for range-covered :: explain SELECT k FROM sbtest%d WHERE k BETWEEN 5708401 AND 5708501
for range-covered
table 1 : explain SELECT k FROM sbtest1 WHERE k BETWEEN 4131627 AND 4131727
	Index Only Scan using k_1 on sbtest1  (cost=0.43..6.56 rows=106 width=4)
	  Index Cond: ((k >= 4131627) AND (k <= 4131727))

table 2 : explain SELECT k FROM sbtest2 WHERE k BETWEEN 4131627 AND 4131727
	Index Only Scan using k_2 on sbtest2  (cost=0.43..6.63 rows=110 width=4)
	  Index Cond: ((k >= 4131627) AND (k <= 4131727))

table 3 : explain SELECT k FROM sbtest3 WHERE k BETWEEN 4131627 AND 4131727
	Index Only Scan using k_3 on sbtest3  (cost=0.43..6.47 rows=102 width=4)
	  Index Cond: ((k >= 4131627) AND (k <= 4131727))

table 4 : explain SELECT k FROM sbtest4 WHERE k BETWEEN 4131627 AND 4131727
	Index Only Scan using k_4 on sbtest4  (cost=0.43..6.32 rows=94 width=4)
	  Index Cond: ((k >= 4131627) AND (k <= 4131727))

table 5 : explain SELECT k FROM sbtest5 WHERE k BETWEEN 4131627 AND 4131727
	Index Only Scan using k_5 on sbtest5  (cost=0.43..6.53 rows=105 width=4)
	  Index Cond: ((k >= 4131627) AND (k <= 4131727))

table 6 : explain SELECT k FROM sbtest6 WHERE k BETWEEN 4131627 AND 4131727
	Index Only Scan using k_6 on sbtest6  (cost=0.43..6.50 rows=103 width=4)
	  Index Cond: ((k >= 4131627) AND (k <= 4131727))

table 7 : explain SELECT k FROM sbtest7 WHERE k BETWEEN 4131627 AND 4131727
	Index Only Scan using k_7 on sbtest7  (cost=0.43..6.43 rows=100 width=4)
	  Index Cond: ((k >= 4131627) AND (k <= 4131727))

table 8 : explain SELECT k FROM sbtest8 WHERE k BETWEEN 4131627 AND 4131727
	Index Only Scan using k_8 on sbtest8  (cost=0.43..6.37 rows=97 width=4)
	  Index Cond: ((k >= 4131627) AND (k <= 4131727))

for range-covered
table 1 : explain SELECT k FROM sbtest1 WHERE k BETWEEN 5630331 AND 5630431
	Index Only Scan using k_1 on sbtest1  (cost=0.43..6.69 rows=113 width=4)
	  Index Cond: ((k >= 5630331) AND (k <= 5630431))

table 2 : explain SELECT k FROM sbtest2 WHERE k BETWEEN 5630331 AND 5630431
	Index Only Scan using k_2 on sbtest2  (cost=0.43..6.45 rows=101 width=4)
	  Index Cond: ((k >= 5630331) AND (k <= 5630431))

table 3 : explain SELECT k FROM sbtest3 WHERE k BETWEEN 5630331 AND 5630431
	Index Only Scan using k_3 on sbtest3  (cost=0.43..6.45 rows=101 width=4)
	  Index Cond: ((k >= 5630331) AND (k <= 5630431))

table 4 : explain SELECT k FROM sbtest4 WHERE k BETWEEN 5630331 AND 5630431
	Index Only Scan using k_4 on sbtest4  (cost=0.43..6.69 rows=113 width=4)
	  Index Cond: ((k >= 5630331) AND (k <= 5630431))

table 5 : explain SELECT k FROM sbtest5 WHERE k BETWEEN 5630331 AND 5630431
	Index Only Scan using k_5 on sbtest5  (cost=0.43..6.37 rows=97 width=4)
	  Index Cond: ((k >= 5630331) AND (k <= 5630431))

table 6 : explain SELECT k FROM sbtest6 WHERE k BETWEEN 5630331 AND 5630431
	Index Only Scan using k_6 on sbtest6  (cost=0.43..6.51 rows=104 width=4)
	  Index Cond: ((k >= 5630331) AND (k <= 5630431))

table 7 : explain SELECT k FROM sbtest7 WHERE k BETWEEN 5630331 AND 5630431
	Index Only Scan using k_7 on sbtest7  (cost=0.43..6.40 rows=98 width=4)
	  Index Cond: ((k >= 5630331) AND (k <= 5630431))

table 8 : explain SELECT k FROM sbtest8 WHERE k BETWEEN 5630331 AND 5630431
	Index Only Scan using k_8 on sbtest8  (cost=0.43..6.32 rows=94 width=4)
	  Index Cond: ((k >= 5630331) AND (k <= 5630431))

explain: for range-covered :: explain SELECT k FROM sbtest%d WHERE k BETWEEN 4796578 AND 4796678
for range-covered
table 1 : explain SELECT k FROM sbtest1 WHERE k BETWEEN 5708401 AND 5708501
	Index Only Scan using k_1 on sbtest1  (cost=0.43..6.40 rows=98 width=4)
	  Index Cond: ((k >= 5708401) AND (k <= 5708501))

table 2 : explain SELECT k FROM sbtest2 WHERE k BETWEEN 5708401 AND 5708501
	Index Only Scan using k_2 on sbtest2  (cost=0.43..6.25 rows=91 width=4)
	  Index Cond: ((k >= 5708401) AND (k <= 5708501))

table 3 : explain SELECT k FROM sbtest3 WHERE k BETWEEN 5708401 AND 5708501
	Index Only Scan using k_3 on sbtest3  (cost=0.43..6.66 rows=111 width=4)
	  Index Cond: ((k >= 5708401) AND (k <= 5708501))

table 4 : explain SELECT k FROM sbtest4 WHERE k BETWEEN 5708401 AND 5708501
	Index Only Scan using k_4 on sbtest4  (cost=0.43..6.61 rows=109 width=4)
	  Index Cond: ((k >= 5708401) AND (k <= 5708501))

table 5 : explain SELECT k FROM sbtest5 WHERE k BETWEEN 5708401 AND 5708501
	Index Only Scan using k_5 on sbtest5  (cost=0.43..6.51 rows=104 width=4)
	  Index Cond: ((k >= 5708401) AND (k <= 5708501))

table 6 : explain SELECT k FROM sbtest6 WHERE k BETWEEN 5708401 AND 5708501
	Index Only Scan using k_6 on sbtest6  (cost=0.43..6.37 rows=97 width=4)
	  Index Cond: ((k >= 5708401) AND (k <= 5708501))

table 7 : explain SELECT k FROM sbtest7 WHERE k BETWEEN 5708401 AND 5708501
	Index Only Scan using k_7 on sbtest7  (cost=0.43..6.40 rows=98 width=4)
	  Index Cond: ((k >= 5708401) AND (k <= 5708501))

table 8 : explain SELECT k FROM sbtest8 WHERE k BETWEEN 5708401 AND 5708501
	Index Only Scan using k_8 on sbtest8  (cost=0.43..6.51 rows=104 width=4)
	  Index Cond: ((k >= 5708401) AND (k <= 5708501))

explain: for range-covered :: explain SELECT k FROM sbtest%d WHERE k BETWEEN 5708401 AND 5708501
explain: for range-covered :: explain SELECT k FROM sbtest%d WHERE k BETWEEN 3354920 AND 3355020
explain: for range-covered :: explain SELECT k FROM sbtest%d WHERE k BETWEEN 4131627 AND 4131727
for range-covered
table 1 : explain SELECT k FROM sbtest1 WHERE k BETWEEN 5708401 AND 5708501
	Index Only Scan using k_1 on sbtest1  (cost=0.43..6.40 rows=98 width=4)
	  Index Cond: ((k >= 5708401) AND (k <= 5708501))

table 2 : explain SELECT k FROM sbtest2 WHERE k BETWEEN 5708401 AND 5708501
	Index Only Scan using k_2 on sbtest2  (cost=0.43..6.25 rows=91 width=4)
	  Index Cond: ((k >= 5708401) AND (k <= 5708501))

table 3 : explain SELECT k FROM sbtest3 WHERE k BETWEEN 5708401 AND 5708501
	Index Only Scan using k_3 on sbtest3  (cost=0.43..6.66 rows=111 width=4)
	  Index Cond: ((k >= 5708401) AND (k <= 5708501))

table 4 : explain SELECT k FROM sbtest4 WHERE k BETWEEN 5708401 AND 5708501
	Index Only Scan using k_4 on sbtest4  (cost=0.43..6.61 rows=109 width=4)
	  Index Cond: ((k >= 5708401) AND (k <= 5708501))

table 5 : explain SELECT k FROM sbtest5 WHERE k BETWEEN 5708401 AND 5708501
	Index Only Scan using k_5 on sbtest5  (cost=0.43..6.51 rows=104 width=4)
	  Index Cond: ((k >= 5708401) AND (k <= 5708501))

table 6 : explain SELECT k FROM sbtest6 WHERE k BETWEEN 5708401 AND 5708501
	Index Only Scan using k_6 on sbtest6  (cost=0.43..6.37 rows=97 width=4)
	  Index Cond: ((k >= 5708401) AND (k <= 5708501))

table 7 : explain SELECT k FROM sbtest7 WHERE k BETWEEN 5708401 AND 5708501
	Index Only Scan using k_7 on sbtest7  (cost=0.43..6.40 rows=98 width=4)
	  Index Cond: ((k >= 5708401) AND (k <= 5708501))

table 8 : explain SELECT k FROM sbtest8 WHERE k BETWEEN 5708401 AND 5708501
	Index Only Scan using k_8 on sbtest8  (cost=0.43..6.51 rows=104 width=4)
	  Index Cond: ((k >= 5708401) AND (k <= 5708501))

explain: for range-covered :: explain SELECT k FROM sbtest%d WHERE k BETWEEN 5708401 AND 5708501
explain: for range-covered :: explain SELECT k FROM sbtest%d WHERE k BETWEEN 4116627 AND 4116727
for range-covered
table 1 : explain SELECT k FROM sbtest1 WHERE k BETWEEN 7014783 AND 7014883
	Index Only Scan using k_1 on sbtest1  (cost=0.43..6.47 rows=102 width=4)
	  Index Cond: ((k >= 7014783) AND (k <= 7014883))

table 2 : explain SELECT k FROM sbtest2 WHERE k BETWEEN 7014783 AND 7014883
	Index Only Scan using k_2 on sbtest2  (cost=0.43..6.51 rows=104 width=4)
	  Index Cond: ((k >= 7014783) AND (k <= 7014883))

table 3 : explain SELECT k FROM sbtest3 WHERE k BETWEEN 7014783 AND 7014883
	Index Only Scan using k_3 on sbtest3  (cost=0.43..6.53 rows=105 width=4)
	  Index Cond: ((k >= 7014783) AND (k <= 7014883))

table 4 : explain SELECT k FROM sbtest4 WHERE k BETWEEN 7014783 AND 7014883
	Index Only Scan using k_4 on sbtest4  (cost=0.43..6.66 rows=111 width=4)
	  Index Cond: ((k >= 7014783) AND (k <= 7014883))

table 5 : explain SELECT k FROM sbtest5 WHERE k BETWEEN 7014783 AND 7014883
	Index Only Scan using k_5 on sbtest5  (cost=0.43..6.50 rows=103 width=4)
	  Index Cond: ((k >= 7014783) AND (k <= 7014883))

table 6 : explain SELECT k FROM sbtest6 WHERE k BETWEEN 7014783 AND 7014883
	Index Only Scan using k_6 on sbtest6  (cost=0.43..6.79 rows=118 width=4)
	  Index Cond: ((k >= 7014783) AND (k <= 7014883))

table 7 : explain SELECT k FROM sbtest7 WHERE k BETWEEN 7014783 AND 7014883
	Index Only Scan using k_7 on sbtest7  (cost=0.43..6.69 rows=113 width=4)
	  Index Cond: ((k >= 7014783) AND (k <= 7014883))

table 8 : explain SELECT k FROM sbtest8 WHERE k BETWEEN 7014783 AND 7014883
	Index Only Scan using k_8 on sbtest8  (cost=0.43..6.40 rows=98 width=4)
	  Index Cond: ((k >= 7014783) AND (k <= 7014883))

for range-covered
table 1 : explain SELECT k FROM sbtest1 WHERE k BETWEEN 3354920 AND 3355020
	Index Only Scan using k_1 on sbtest1  (cost=0.43..6.50 rows=103 width=4)
	  Index Cond: ((k >= 3354920) AND (k <= 3355020))

table 2 : explain SELECT k FROM sbtest2 WHERE k BETWEEN 3354920 AND 3355020
	Index Only Scan using k_2 on sbtest2  (cost=0.43..6.58 rows=107 width=4)
	  Index Cond: ((k >= 3354920) AND (k <= 3355020))

table 3 : explain SELECT k FROM sbtest3 WHERE k BETWEEN 3354920 AND 3355020
	Index Only Scan using k_3 on sbtest3  (cost=0.43..6.75 rows=116 width=4)
	  Index Cond: ((k >= 3354920) AND (k <= 3355020))

table 4 : explain SELECT k FROM sbtest4 WHERE k BETWEEN 3354920 AND 3355020
	Index Only Scan using k_4 on sbtest4  (cost=0.43..6.66 rows=111 width=4)
	  Index Cond: ((k >= 3354920) AND (k <= 3355020))

table 5 : explain SELECT k FROM sbtest5 WHERE k BETWEEN 3354920 AND 3355020
	Index Only Scan using k_5 on sbtest5  (cost=0.43..6.58 rows=107 width=4)
	  Index Cond: ((k >= 3354920) AND (k <= 3355020))

table 6 : explain SELECT k FROM sbtest6 WHERE k BETWEEN 3354920 AND 3355020
	Index Only Scan using k_6 on sbtest6  (cost=0.43..6.42 rows=99 width=4)
	  Index Cond: ((k >= 3354920) AND (k <= 3355020))

table 7 : explain SELECT k FROM sbtest7 WHERE k BETWEEN 3354920 AND 3355020
	Index Only Scan using k_7 on sbtest7  (cost=0.43..6.27 rows=92 width=4)
	  Index Cond: ((k >= 3354920) AND (k <= 3355020))

table 8 : explain SELECT k FROM sbtest8 WHERE k BETWEEN 3354920 AND 3355020
	Index Only Scan using k_8 on sbtest8  (cost=0.43..6.50 rows=103 width=4)
	  Index Cond: ((k >= 3354920) AND (k <= 3355020))

explain: for range-covered :: explain SELECT k FROM sbtest%d WHERE k BETWEEN 7014783 AND 7014883
for range-covered
table 1 : explain SELECT k FROM sbtest1 WHERE k BETWEEN 5886895 AND 5886995
	Index Only Scan using k_1 on sbtest1  (cost=0.43..6.37 rows=97 width=4)
	  Index Cond: ((k >= 5886895) AND (k <= 5886995))

table 2 : explain SELECT k FROM sbtest2 WHERE k BETWEEN 5886895 AND 5886995
	Index Only Scan using k_2 on sbtest2  (cost=0.43..6.45 rows=101 width=4)
	  Index Cond: ((k >= 5886895) AND (k <= 5886995))

table 3 : explain SELECT k FROM sbtest3 WHERE k BETWEEN 5886895 AND 5886995
	Index Only Scan using k_3 on sbtest3  (cost=0.43..6.63 rows=110 width=4)
	  Index Cond: ((k >= 5886895) AND (k <= 5886995))

table 4 : explain SELECT k FROM sbtest4 WHERE k BETWEEN 5886895 AND 5886995
	Index Only Scan using k_4 on sbtest4  (cost=0.43..6.56 rows=106 width=4)
	  Index Cond: ((k >= 5886895) AND (k <= 5886995))

table 5 : explain SELECT k FROM sbtest5 WHERE k BETWEEN 5886895 AND 5886995
	Index Only Scan using k_5 on sbtest5  (cost=0.43..6.32 rows=94 width=4)
	  Index Cond: ((k >= 5886895) AND (k <= 5886995))

table 6 : explain SELECT k FROM sbtest6 WHERE k BETWEEN 5886895 AND 5886995
	Index Only Scan using k_6 on sbtest6  (cost=0.43..6.33 rows=95 width=4)
	  Index Cond: ((k >= 5886895) AND (k <= 5886995))

table 7 : explain SELECT k FROM sbtest7 WHERE k BETWEEN 5886895 AND 5886995
	Index Only Scan using k_7 on sbtest7  (cost=0.43..6.66 rows=111 width=4)
	  Index Cond: ((k >= 5886895) AND (k <= 5886995))

table 8 : explain SELECT k FROM sbtest8 WHERE k BETWEEN 5886895 AND 5886995
	Index Only Scan using k_8 on sbtest8  (cost=0.43..6.35 rows=96 width=4)
	  Index Cond: ((k >= 5886895) AND (k <= 5886995))

explain: for range-covered :: explain SELECT k FROM sbtest%d WHERE k BETWEEN 5886895 AND 5886995
for range-covered
table 1 : explain SELECT k FROM sbtest1 WHERE k BETWEEN 6270019 AND 6270119
	Index Only Scan using k_1 on sbtest1  (cost=0.43..6.33 rows=95 width=4)
	  Index Cond: ((k >= 6270019) AND (k <= 6270119))

table 2 : explain SELECT k FROM sbtest2 WHERE k BETWEEN 6270019 AND 6270119
	Index Only Scan using k_2 on sbtest2  (cost=0.43..6.61 rows=109 width=4)
	  Index Cond: ((k >= 6270019) AND (k <= 6270119))

table 3 : explain SELECT k FROM sbtest3 WHERE k BETWEEN 6270019 AND 6270119
	Index Only Scan using k_3 on sbtest3  (cost=0.43..6.50 rows=103 width=4)
	  Index Cond: ((k >= 6270019) AND (k <= 6270119))

table 4 : explain SELECT k FROM sbtest4 WHERE k BETWEEN 6270019 AND 6270119
	Index Only Scan using k_4 on sbtest4  (cost=0.43..6.32 rows=94 width=4)
	  Index Cond: ((k >= 6270019) AND (k <= 6270119))

table 5 : explain SELECT k FROM sbtest5 WHERE k BETWEEN 6270019 AND 6270119
	Index Only Scan using k_5 on sbtest5  (cost=0.43..6.43 rows=100 width=4)
	  Index Cond: ((k >= 6270019) AND (k <= 6270119))

table 6 : explain SELECT k FROM sbtest6 WHERE k BETWEEN 6270019 AND 6270119
	Index Only Scan using k_6 on sbtest6  (cost=0.43..6.37 rows=97 width=4)
	  Index Cond: ((k >= 6270019) AND (k <= 6270119))

table 7 : explain SELECT k FROM sbtest7 WHERE k BETWEEN 6270019 AND 6270119
	Index Only Scan using k_7 on sbtest7  (cost=0.43..6.72 rows=114 width=4)
	  Index Cond: ((k >= 6270019) AND (k <= 6270119))

table 8 : explain SELECT k FROM sbtest8 WHERE k BETWEEN 6270019 AND 6270119
	Index Only Scan using k_8 on sbtest8  (cost=0.43..6.53 rows=105 width=4)
	  Index Cond: ((k >= 6270019) AND (k <= 6270119))

explain: for range-covered :: explain SELECT k FROM sbtest%d WHERE k BETWEEN 6270019 AND 6270119
for range-covered
table 1 : explain SELECT k FROM sbtest1 WHERE k BETWEEN 5708401 AND 5708501
	Index Only Scan using k_1 on sbtest1  (cost=0.43..6.40 rows=98 width=4)
	  Index Cond: ((k >= 5708401) AND (k <= 5708501))

table 2 : explain SELECT k FROM sbtest2 WHERE k BETWEEN 5708401 AND 5708501
	Index Only Scan using k_2 on sbtest2  (cost=0.43..6.25 rows=91 width=4)
	  Index Cond: ((k >= 5708401) AND (k <= 5708501))

table 3 : explain SELECT k FROM sbtest3 WHERE k BETWEEN 5708401 AND 5708501
	Index Only Scan using k_3 on sbtest3  (cost=0.43..6.66 rows=111 width=4)
	  Index Cond: ((k >= 5708401) AND (k <= 5708501))

table 4 : explain SELECT k FROM sbtest4 WHERE k BETWEEN 5708401 AND 5708501
	Index Only Scan using k_4 on sbtest4  (cost=0.43..6.61 rows=109 width=4)
	  Index Cond: ((k >= 5708401) AND (k <= 5708501))

table 5 : explain SELECT k FROM sbtest5 WHERE k BETWEEN 5708401 AND 5708501
	Index Only Scan using k_5 on sbtest5  (cost=0.43..6.51 rows=104 width=4)
	  Index Cond: ((k >= 5708401) AND (k <= 5708501))

table 6 : explain SELECT k FROM sbtest6 WHERE k BETWEEN 5708401 AND 5708501
	Index Only Scan using k_6 on sbtest6  (cost=0.43..6.37 rows=97 width=4)
	  Index Cond: ((k >= 5708401) AND (k <= 5708501))

table 7 : explain SELECT k FROM sbtest7 WHERE k BETWEEN 5708401 AND 5708501
	Index Only Scan using k_7 on sbtest7  (cost=0.43..6.40 rows=98 width=4)
	  Index Cond: ((k >= 5708401) AND (k <= 5708501))

table 8 : explain SELECT k FROM sbtest8 WHERE k BETWEEN 5708401 AND 5708501
	Index Only Scan using k_8 on sbtest8  (cost=0.43..6.51 rows=104 width=4)
	  Index Cond: ((k >= 5708401) AND (k <= 5708501))

explain: for range-covered :: explain SELECT k FROM sbtest%d WHERE k BETWEEN 5708401 AND 5708501
for range-covered
table 1 : explain SELECT k FROM sbtest1 WHERE k BETWEEN 7014783 AND 7014883
	Index Only Scan using k_1 on sbtest1  (cost=0.43..6.47 rows=102 width=4)
	  Index Cond: ((k >= 7014783) AND (k <= 7014883))

table 2 : explain SELECT k FROM sbtest2 WHERE k BETWEEN 7014783 AND 7014883
	Index Only Scan using k_2 on sbtest2  (cost=0.43..6.51 rows=104 width=4)
	  Index Cond: ((k >= 7014783) AND (k <= 7014883))

table 3 : explain SELECT k FROM sbtest3 WHERE k BETWEEN 7014783 AND 7014883
	Index Only Scan using k_3 on sbtest3  (cost=0.43..6.53 rows=105 width=4)
	  Index Cond: ((k >= 7014783) AND (k <= 7014883))

table 4 : explain SELECT k FROM sbtest4 WHERE k BETWEEN 7014783 AND 7014883
	Index Only Scan using k_4 on sbtest4  (cost=0.43..6.66 rows=111 width=4)
	  Index Cond: ((k >= 7014783) AND (k <= 7014883))

table 5 : explain SELECT k FROM sbtest5 WHERE k BETWEEN 7014783 AND 7014883
	Index Only Scan using k_5 on sbtest5  (cost=0.43..6.50 rows=103 width=4)
	  Index Cond: ((k >= 7014783) AND (k <= 7014883))

table 6 : explain SELECT k FROM sbtest6 WHERE k BETWEEN 7014783 AND 7014883
	Index Only Scan using k_6 on sbtest6  (cost=0.43..6.79 rows=118 width=4)
	  Index Cond: ((k >= 7014783) AND (k <= 7014883))

table 7 : explain SELECT k FROM sbtest7 WHERE k BETWEEN 7014783 AND 7014883
	Index Only Scan using k_7 on sbtest7  (cost=0.43..6.69 rows=113 width=4)
	  Index Cond: ((k >= 7014783) AND (k <= 7014883))

table 8 : explain SELECT k FROM sbtest8 WHERE k BETWEEN 7014783 AND 7014883
	Index Only Scan using k_8 on sbtest8  (cost=0.43..6.40 rows=98 width=4)
	  Index Cond: ((k >= 7014783) AND (k <= 7014883))

explain: for range-covered :: explain SELECT k FROM sbtest%d WHERE k BETWEEN 7014783 AND 7014883
explain: for range-covered :: explain SELECT k FROM sbtest%d WHERE k BETWEEN 6283272 AND 6283372
explain: for range-covered :: explain SELECT k FROM sbtest%d WHERE k BETWEEN 5818471 AND 5818571
for range-covered
table 1 : explain SELECT k FROM sbtest1 WHERE k BETWEEN 5886895 AND 5886995
	Index Only Scan using k_1 on sbtest1  (cost=0.43..6.37 rows=97 width=4)
	  Index Cond: ((k >= 5886895) AND (k <= 5886995))

table 2 : explain SELECT k FROM sbtest2 WHERE k BETWEEN 5886895 AND 5886995
	Index Only Scan using k_2 on sbtest2  (cost=0.43..6.45 rows=101 width=4)
	  Index Cond: ((k >= 5886895) AND (k <= 5886995))

table 3 : explain SELECT k FROM sbtest3 WHERE k BETWEEN 5886895 AND 5886995
	Index Only Scan using k_3 on sbtest3  (cost=0.43..6.63 rows=110 width=4)
	  Index Cond: ((k >= 5886895) AND (k <= 5886995))

table 4 : explain SELECT k FROM sbtest4 WHERE k BETWEEN 5886895 AND 5886995
	Index Only Scan using k_4 on sbtest4  (cost=0.43..6.56 rows=106 width=4)
	  Index Cond: ((k >= 5886895) AND (k <= 5886995))

table 5 : explain SELECT k FROM sbtest5 WHERE k BETWEEN 5886895 AND 5886995
	Index Only Scan using k_5 on sbtest5  (cost=0.43..6.32 rows=94 width=4)
	  Index Cond: ((k >= 5886895) AND (k <= 5886995))

table 6 : explain SELECT k FROM sbtest6 WHERE k BETWEEN 5886895 AND 5886995
	Index Only Scan using k_6 on sbtest6  (cost=0.43..6.33 rows=95 width=4)
	  Index Cond: ((k >= 5886895) AND (k <= 5886995))

table 7 : explain SELECT k FROM sbtest7 WHERE k BETWEEN 5886895 AND 5886995
	Index Only Scan using k_7 on sbtest7  (cost=0.43..6.66 rows=111 width=4)
	  Index Cond: ((k >= 5886895) AND (k <= 5886995))

table 8 : explain SELECT k FROM sbtest8 WHERE k BETWEEN 5886895 AND 5886995
	Index Only Scan using k_8 on sbtest8  (cost=0.43..6.35 rows=96 width=4)
	  Index Cond: ((k >= 5886895) AND (k <= 5886995))

explain: for range-covered :: explain SELECT k FROM sbtest%d WHERE k BETWEEN 5886895 AND 5886995
for range-covered
table 1 : explain SELECT k FROM sbtest1 WHERE k BETWEEN 6270019 AND 6270119
	Index Only Scan using k_1 on sbtest1  (cost=0.43..6.33 rows=95 width=4)
	  Index Cond: ((k >= 6270019) AND (k <= 6270119))

table 2 : explain SELECT k FROM sbtest2 WHERE k BETWEEN 6270019 AND 6270119
	Index Only Scan using k_2 on sbtest2  (cost=0.43..6.61 rows=109 width=4)
	  Index Cond: ((k >= 6270019) AND (k <= 6270119))

table 3 : explain SELECT k FROM sbtest3 WHERE k BETWEEN 6270019 AND 6270119
	Index Only Scan using k_3 on sbtest3  (cost=0.43..6.50 rows=103 width=4)
	  Index Cond: ((k >= 6270019) AND (k <= 6270119))

table 4 : explain SELECT k FROM sbtest4 WHERE k BETWEEN 6270019 AND 6270119
	Index Only Scan using k_4 on sbtest4  (cost=0.43..6.32 rows=94 width=4)
	  Index Cond: ((k >= 6270019) AND (k <= 6270119))

table 5 : explain SELECT k FROM sbtest5 WHERE k BETWEEN 6270019 AND 6270119
	Index Only Scan using k_5 on sbtest5  (cost=0.43..6.43 rows=100 width=4)
	  Index Cond: ((k >= 6270019) AND (k <= 6270119))

table 6 : explain SELECT k FROM sbtest6 WHERE k BETWEEN 6270019 AND 6270119
	Index Only Scan using k_6 on sbtest6  (cost=0.43..6.37 rows=97 width=4)
	  Index Cond: ((k >= 6270019) AND (k <= 6270119))

table 7 : explain SELECT k FROM sbtest7 WHERE k BETWEEN 6270019 AND 6270119
	Index Only Scan using k_7 on sbtest7  (cost=0.43..6.72 rows=114 width=4)
	  Index Cond: ((k >= 6270019) AND (k <= 6270119))

table 8 : explain SELECT k FROM sbtest8 WHERE k BETWEEN 6270019 AND 6270119
	Index Only Scan using k_8 on sbtest8  (cost=0.43..6.53 rows=105 width=4)
	  Index Cond: ((k >= 6270019) AND (k <= 6270119))

explain: for range-covered :: explain SELECT k FROM sbtest%d WHERE k BETWEEN 6270019 AND 6270119
for range-covered
table 1 : explain SELECT k FROM sbtest1 WHERE k BETWEEN 5708401 AND 5708501
	Index Only Scan using k_1 on sbtest1  (cost=0.43..6.40 rows=98 width=4)
	  Index Cond: ((k >= 5708401) AND (k <= 5708501))

table 2 : explain SELECT k FROM sbtest2 WHERE k BETWEEN 5708401 AND 5708501
	Index Only Scan using k_2 on sbtest2  (cost=0.43..6.25 rows=91 width=4)
	  Index Cond: ((k >= 5708401) AND (k <= 5708501))

table 3 : explain SELECT k FROM sbtest3 WHERE k BETWEEN 5708401 AND 5708501
	Index Only Scan using k_3 on sbtest3  (cost=0.43..6.66 rows=111 width=4)
	  Index Cond: ((k >= 5708401) AND (k <= 5708501))

table 4 : explain SELECT k FROM sbtest4 WHERE k BETWEEN 5708401 AND 5708501
	Index Only Scan using k_4 on sbtest4  (cost=0.43..6.61 rows=109 width=4)
	  Index Cond: ((k >= 5708401) AND (k <= 5708501))

table 5 : explain SELECT k FROM sbtest5 WHERE k BETWEEN 5708401 AND 5708501
	Index Only Scan using k_5 on sbtest5  (cost=0.43..6.51 rows=104 width=4)
	  Index Cond: ((k >= 5708401) AND (k <= 5708501))

table 6 : explain SELECT k FROM sbtest6 WHERE k BETWEEN 5708401 AND 5708501
	Index Only Scan using k_6 on sbtest6  (cost=0.43..6.37 rows=97 width=4)
	  Index Cond: ((k >= 5708401) AND (k <= 5708501))

table 7 : explain SELECT k FROM sbtest7 WHERE k BETWEEN 5708401 AND 5708501
	Index Only Scan using k_7 on sbtest7  (cost=0.43..6.40 rows=98 width=4)
	  Index Cond: ((k >= 5708401) AND (k <= 5708501))

table 8 : explain SELECT k FROM sbtest8 WHERE k BETWEEN 5708401 AND 5708501
	Index Only Scan using k_8 on sbtest8  (cost=0.43..6.51 rows=104 width=4)
	  Index Cond: ((k >= 5708401) AND (k <= 5708501))

explain: for range-covered :: explain SELECT k FROM sbtest%d WHERE k BETWEEN 5708401 AND 5708501
explain: for range-covered :: explain SELECT k FROM sbtest%d WHERE k BETWEEN 7338644 AND 7338744
for range-covered
table 1 : explain SELECT k FROM sbtest1 WHERE k BETWEEN 7014783 AND 7014883
	Index Only Scan using k_1 on sbtest1  (cost=0.43..6.47 rows=102 width=4)
	  Index Cond: ((k >= 7014783) AND (k <= 7014883))

table 2 : explain SELECT k FROM sbtest2 WHERE k BETWEEN 7014783 AND 7014883
	Index Only Scan using k_2 on sbtest2  (cost=0.43..6.51 rows=104 width=4)
	  Index Cond: ((k >= 7014783) AND (k <= 7014883))

table 3 : explain SELECT k FROM sbtest3 WHERE k BETWEEN 7014783 AND 7014883
	Index Only Scan using k_3 on sbtest3  (cost=0.43..6.53 rows=105 width=4)
	  Index Cond: ((k >= 7014783) AND (k <= 7014883))

table 4 : explain SELECT k FROM sbtest4 WHERE k BETWEEN 7014783 AND 7014883
	Index Only Scan using k_4 on sbtest4  (cost=0.43..6.66 rows=111 width=4)
	  Index Cond: ((k >= 7014783) AND (k <= 7014883))

table 5 : explain SELECT k FROM sbtest5 WHERE k BETWEEN 7014783 AND 7014883
	Index Only Scan using k_5 on sbtest5  (cost=0.43..6.50 rows=103 width=4)
	  Index Cond: ((k >= 7014783) AND (k <= 7014883))

table 6 : explain SELECT k FROM sbtest6 WHERE k BETWEEN 7014783 AND 7014883
	Index Only Scan using k_6 on sbtest6  (cost=0.43..6.79 rows=118 width=4)
	  Index Cond: ((k >= 7014783) AND (k <= 7014883))

table 7 : explain SELECT k FROM sbtest7 WHERE k BETWEEN 7014783 AND 7014883
	Index Only Scan using k_7 on sbtest7  (cost=0.43..6.69 rows=113 width=4)
	  Index Cond: ((k >= 7014783) AND (k <= 7014883))

table 8 : explain SELECT k FROM sbtest8 WHERE k BETWEEN 7014783 AND 7014883
	Index Only Scan using k_8 on sbtest8  (cost=0.43..6.40 rows=98 width=4)
	  Index Cond: ((k >= 7014783) AND (k <= 7014883))

explain: for range-covered :: explain SELECT k FROM sbtest%d WHERE k BETWEEN 7014783 AND 7014883
for range-covered
table 1 : explain SELECT k FROM sbtest1 WHERE k BETWEEN 5886895 AND 5886995
	Index Only Scan using k_1 on sbtest1  (cost=0.43..6.37 rows=97 width=4)
	  Index Cond: ((k >= 5886895) AND (k <= 5886995))

table 2 : explain SELECT k FROM sbtest2 WHERE k BETWEEN 5886895 AND 5886995
	Index Only Scan using k_2 on sbtest2  (cost=0.43..6.45 rows=101 width=4)
	  Index Cond: ((k >= 5886895) AND (k <= 5886995))

table 3 : explain SELECT k FROM sbtest3 WHERE k BETWEEN 5886895 AND 5886995
	Index Only Scan using k_3 on sbtest3  (cost=0.43..6.63 rows=110 width=4)
	  Index Cond: ((k >= 5886895) AND (k <= 5886995))

table 4 : explain SELECT k FROM sbtest4 WHERE k BETWEEN 5886895 AND 5886995
	Index Only Scan using k_4 on sbtest4  (cost=0.43..6.56 rows=106 width=4)
	  Index Cond: ((k >= 5886895) AND (k <= 5886995))

table 5 : explain SELECT k FROM sbtest5 WHERE k BETWEEN 5886895 AND 5886995
	Index Only Scan using k_5 on sbtest5  (cost=0.43..6.32 rows=94 width=4)
	  Index Cond: ((k >= 5886895) AND (k <= 5886995))

table 6 : explain SELECT k FROM sbtest6 WHERE k BETWEEN 5886895 AND 5886995
	Index Only Scan using k_6 on sbtest6  (cost=0.43..6.33 rows=95 width=4)
	  Index Cond: ((k >= 5886895) AND (k <= 5886995))

table 7 : explain SELECT k FROM sbtest7 WHERE k BETWEEN 5886895 AND 5886995
	Index Only Scan using k_7 on sbtest7  (cost=0.43..6.66 rows=111 width=4)
	  Index Cond: ((k >= 5886895) AND (k <= 5886995))

table 8 : explain SELECT k FROM sbtest8 WHERE k BETWEEN 5886895 AND 5886995
	Index Only Scan using k_8 on sbtest8  (cost=0.43..6.35 rows=96 width=4)
	  Index Cond: ((k >= 5886895) AND (k <= 5886995))

explain: for range-covered :: explain SELECT k FROM sbtest%d WHERE k BETWEEN 5886895 AND 5886995
for range-covered
table 1 : explain SELECT k FROM sbtest1 WHERE k BETWEEN 6270019 AND 6270119
	Index Only Scan using k_1 on sbtest1  (cost=0.43..6.33 rows=95 width=4)
	  Index Cond: ((k >= 6270019) AND (k <= 6270119))

table 2 : explain SELECT k FROM sbtest2 WHERE k BETWEEN 6270019 AND 6270119
	Index Only Scan using k_2 on sbtest2  (cost=0.43..6.61 rows=109 width=4)
	  Index Cond: ((k >= 6270019) AND (k <= 6270119))

table 3 : explain SELECT k FROM sbtest3 WHERE k BETWEEN 6270019 AND 6270119
	Index Only Scan using k_3 on sbtest3  (cost=0.43..6.50 rows=103 width=4)
	  Index Cond: ((k >= 6270019) AND (k <= 6270119))

table 4 : explain SELECT k FROM sbtest4 WHERE k BETWEEN 6270019 AND 6270119
	Index Only Scan using k_4 on sbtest4  (cost=0.43..6.32 rows=94 width=4)
	  Index Cond: ((k >= 6270019) AND (k <= 6270119))

table 5 : explain SELECT k FROM sbtest5 WHERE k BETWEEN 6270019 AND 6270119
	Index Only Scan using k_5 on sbtest5  (cost=0.43..6.43 rows=100 width=4)
	  Index Cond: ((k >= 6270019) AND (k <= 6270119))

table 6 : explain SELECT k FROM sbtest6 WHERE k BETWEEN 6270019 AND 6270119
	Index Only Scan using k_6 on sbtest6  (cost=0.43..6.37 rows=97 width=4)
	  Index Cond: ((k >= 6270019) AND (k <= 6270119))

table 7 : explain SELECT k FROM sbtest7 WHERE k BETWEEN 6270019 AND 6270119
	Index Only Scan using k_7 on sbtest7  (cost=0.43..6.72 rows=114 width=4)
	  Index Cond: ((k >= 6270019) AND (k <= 6270119))

table 8 : explain SELECT k FROM sbtest8 WHERE k BETWEEN 6270019 AND 6270119
	Index Only Scan using k_8 on sbtest8  (cost=0.43..6.53 rows=105 width=4)
	  Index Cond: ((k >= 6270019) AND (k <= 6270119))

explain: for range-covered :: explain SELECT k FROM sbtest%d WHERE k BETWEEN 6270019 AND 6270119
explain: for range-covered :: explain SELECT k FROM sbtest%d WHERE k BETWEEN 4553235 AND 4553335
for range-covered
table 1 : explain SELECT k FROM sbtest1 WHERE k BETWEEN 7014783 AND 7014883
	Index Only Scan using k_1 on sbtest1  (cost=0.43..6.47 rows=102 width=4)
	  Index Cond: ((k >= 7014783) AND (k <= 7014883))

table 2 : explain SELECT k FROM sbtest2 WHERE k BETWEEN 7014783 AND 7014883
	Index Only Scan using k_2 on sbtest2  (cost=0.43..6.51 rows=104 width=4)
	  Index Cond: ((k >= 7014783) AND (k <= 7014883))

table 3 : explain SELECT k FROM sbtest3 WHERE k BETWEEN 7014783 AND 7014883
	Index Only Scan using k_3 on sbtest3  (cost=0.43..6.53 rows=105 width=4)
	  Index Cond: ((k >= 7014783) AND (k <= 7014883))

table 4 : explain SELECT k FROM sbtest4 WHERE k BETWEEN 7014783 AND 7014883
	Index Only Scan using k_4 on sbtest4  (cost=0.43..6.66 rows=111 width=4)
	  Index Cond: ((k >= 7014783) AND (k <= 7014883))

table 5 : explain SELECT k FROM sbtest5 WHERE k BETWEEN 7014783 AND 7014883
	Index Only Scan using k_5 on sbtest5  (cost=0.43..6.50 rows=103 width=4)
	  Index Cond: ((k >= 7014783) AND (k <= 7014883))

table 6 : explain SELECT k FROM sbtest6 WHERE k BETWEEN 7014783 AND 7014883
	Index Only Scan using k_6 on sbtest6  (cost=0.43..6.79 rows=118 width=4)
	  Index Cond: ((k >= 7014783) AND (k <= 7014883))

table 7 : explain SELECT k FROM sbtest7 WHERE k BETWEEN 7014783 AND 7014883
	Index Only Scan using k_7 on sbtest7  (cost=0.43..6.69 rows=113 width=4)
	  Index Cond: ((k >= 7014783) AND (k <= 7014883))

table 8 : explain SELECT k FROM sbtest8 WHERE k BETWEEN 7014783 AND 7014883
	Index Only Scan using k_8 on sbtest8  (cost=0.43..6.40 rows=98 width=4)
	  Index Cond: ((k >= 7014783) AND (k <= 7014883))

explain: for range-covered :: explain SELECT k FROM sbtest%d WHERE k BETWEEN 7014783 AND 7014883
for range-covered
table 1 : explain SELECT k FROM sbtest1 WHERE k BETWEEN 4116627 AND 4116727
	Index Only Scan using k_1 on sbtest1  (cost=0.43..6.63 rows=110 width=4)
	  Index Cond: ((k >= 4116627) AND (k <= 4116727))

table 2 : explain SELECT k FROM sbtest2 WHERE k BETWEEN 4116627 AND 4116727
	Index Only Scan using k_2 on sbtest2  (cost=0.43..6.47 rows=102 width=4)
	  Index Cond: ((k >= 4116627) AND (k <= 4116727))

table 3 : explain SELECT k FROM sbtest3 WHERE k BETWEEN 4116627 AND 4116727
	Index Only Scan using k_3 on sbtest3  (cost=0.43..6.47 rows=102 width=4)
	  Index Cond: ((k >= 4116627) AND (k <= 4116727))

table 4 : explain SELECT k FROM sbtest4 WHERE k BETWEEN 4116627 AND 4116727
	Index Only Scan using k_4 on sbtest4  (cost=0.43..6.45 rows=101 width=4)
	  Index Cond: ((k >= 4116627) AND (k <= 4116727))

table 5 : explain SELECT k FROM sbtest5 WHERE k BETWEEN 4116627 AND 4116727
	Index Only Scan using k_5 on sbtest5  (cost=0.43..6.53 rows=105 width=4)
	  Index Cond: ((k >= 4116627) AND (k <= 4116727))

table 6 : explain SELECT k FROM sbtest6 WHERE k BETWEEN 4116627 AND 4116727
	Index Only Scan using k_6 on sbtest6  (cost=0.43..6.50 rows=103 width=4)
	  Index Cond: ((k >= 4116627) AND (k <= 4116727))

table 7 : explain SELECT k FROM sbtest7 WHERE k BETWEEN 4116627 AND 4116727
	Index Only Scan using k_7 on sbtest7  (cost=0.43..6.43 rows=100 width=4)
	  Index Cond: ((k >= 4116627) AND (k <= 4116727))

table 8 : explain SELECT k FROM sbtest8 WHERE k BETWEEN 4116627 AND 4116727
	Index Only Scan using k_8 on sbtest8  (cost=0.43..6.37 rows=97 width=4)
	  Index Cond: ((k >= 4116627) AND (k <= 4116727))

explain: for range-covered :: explain SELECT k FROM sbtest%d WHERE k BETWEEN 4116627 AND 4116727
for range-covered
table 1 : explain SELECT k FROM sbtest1 WHERE k BETWEEN 5886895 AND 5886995
	Index Only Scan using k_1 on sbtest1  (cost=0.43..6.37 rows=97 width=4)
	  Index Cond: ((k >= 5886895) AND (k <= 5886995))

table 2 : explain SELECT k FROM sbtest2 WHERE k BETWEEN 5886895 AND 5886995
	Index Only Scan using k_2 on sbtest2  (cost=0.43..6.45 rows=101 width=4)
	  Index Cond: ((k >= 5886895) AND (k <= 5886995))

table 3 : explain SELECT k FROM sbtest3 WHERE k BETWEEN 5886895 AND 5886995
	Index Only Scan using k_3 on sbtest3  (cost=0.43..6.63 rows=110 width=4)
	  Index Cond: ((k >= 5886895) AND (k <= 5886995))

table 4 : explain SELECT k FROM sbtest4 WHERE k BETWEEN 5886895 AND 5886995
	Index Only Scan using k_4 on sbtest4  (cost=0.43..6.56 rows=106 width=4)
	  Index Cond: ((k >= 5886895) AND (k <= 5886995))

table 5 : explain SELECT k FROM sbtest5 WHERE k BETWEEN 5886895 AND 5886995
	Index Only Scan using k_5 on sbtest5  (cost=0.43..6.32 rows=94 width=4)
	  Index Cond: ((k >= 5886895) AND (k <= 5886995))

table 6 : explain SELECT k FROM sbtest6 WHERE k BETWEEN 5886895 AND 5886995
	Index Only Scan using k_6 on sbtest6  (cost=0.43..6.33 rows=95 width=4)
	  Index Cond: ((k >= 5886895) AND (k <= 5886995))

table 7 : explain SELECT k FROM sbtest7 WHERE k BETWEEN 5886895 AND 5886995
	Index Only Scan using k_7 on sbtest7  (cost=0.43..6.66 rows=111 width=4)
	  Index Cond: ((k >= 5886895) AND (k <= 5886995))

table 8 : explain SELECT k FROM sbtest8 WHERE k BETWEEN 5886895 AND 5886995
	Index Only Scan using k_8 on sbtest8  (cost=0.43..6.35 rows=96 width=4)
	  Index Cond: ((k >= 5886895) AND (k <= 5886995))

for range-covered
table 1 : explain SELECT k FROM sbtest1 WHERE k BETWEEN 6270019 AND 6270119
	Index Only Scan using k_1 on sbtest1  (cost=0.43..6.33 rows=95 width=4)
	  Index Cond: ((k >= 6270019) AND (k <= 6270119))

table 2 : explain SELECT k FROM sbtest2 WHERE k BETWEEN 6270019 AND 6270119
	Index Only Scan using k_2 on sbtest2  (cost=0.43..6.61 rows=109 width=4)
	  Index Cond: ((k >= 6270019) AND (k <= 6270119))

table 3 : explain SELECT k FROM sbtest3 WHERE k BETWEEN 6270019 AND 6270119
	Index Only Scan using k_3 on sbtest3  (cost=0.43..6.50 rows=103 width=4)
	  Index Cond: ((k >= 6270019) AND (k <= 6270119))

table 4 : explain SELECT k FROM sbtest4 WHERE k BETWEEN 6270019 AND 6270119
	Index Only Scan using k_4 on sbtest4  (cost=0.43..6.32 rows=94 width=4)
	  Index Cond: ((k >= 6270019) AND (k <= 6270119))

table 5 : explain SELECT k FROM sbtest5 WHERE k BETWEEN 6270019 AND 6270119
	Index Only Scan using k_5 on sbtest5  (cost=0.43..6.43 rows=100 width=4)
	  Index Cond: ((k >= 6270019) AND (k <= 6270119))

table 6 : explain SELECT k FROM sbtest6 WHERE k BETWEEN 6270019 AND 6270119
	Index Only Scan using k_6 on sbtest6  (cost=0.43..6.37 rows=97 width=4)
	  Index Cond: ((k >= 6270019) AND (k <= 6270119))

table 7 : explain SELECT k FROM sbtest7 WHERE k BETWEEN 6270019 AND 6270119
	Index Only Scan using k_7 on sbtest7  (cost=0.43..6.72 rows=114 width=4)
	  Index Cond: ((k >= 6270019) AND (k <= 6270119))

table 8 : explain SELECT k FROM sbtest8 WHERE k BETWEEN 6270019 AND 6270119
	Index Only Scan using k_8 on sbtest8  (cost=0.43..6.53 rows=105 width=4)
	  Index Cond: ((k >= 6270019) AND (k <= 6270119))

for range-covered
table 1 : explain SELECT k FROM sbtest1 WHERE k BETWEEN 4131627 AND 4131727
	Index Only Scan using k_1 on sbtest1  (cost=0.43..6.56 rows=106 width=4)
	  Index Cond: ((k >= 4131627) AND (k <= 4131727))

table 2 : explain SELECT k FROM sbtest2 WHERE k BETWEEN 4131627 AND 4131727
	Index Only Scan using k_2 on sbtest2  (cost=0.43..6.63 rows=110 width=4)
	  Index Cond: ((k >= 4131627) AND (k <= 4131727))

table 3 : explain SELECT k FROM sbtest3 WHERE k BETWEEN 4131627 AND 4131727
	Index Only Scan using k_3 on sbtest3  (cost=0.43..6.47 rows=102 width=4)
	  Index Cond: ((k >= 4131627) AND (k <= 4131727))

table 4 : explain SELECT k FROM sbtest4 WHERE k BETWEEN 4131627 AND 4131727
	Index Only Scan using k_4 on sbtest4  (cost=0.43..6.32 rows=94 width=4)
	  Index Cond: ((k >= 4131627) AND (k <= 4131727))

table 5 : explain SELECT k FROM sbtest5 WHERE k BETWEEN 4131627 AND 4131727
	Index Only Scan using k_5 on sbtest5  (cost=0.43..6.53 rows=105 width=4)
	  Index Cond: ((k >= 4131627) AND (k <= 4131727))

table 6 : explain SELECT k FROM sbtest6 WHERE k BETWEEN 4131627 AND 4131727
	Index Only Scan using k_6 on sbtest6  (cost=0.43..6.50 rows=103 width=4)
	  Index Cond: ((k >= 4131627) AND (k <= 4131727))

table 7 : explain SELECT k FROM sbtest7 WHERE k BETWEEN 4131627 AND 4131727
	Index Only Scan using k_7 on sbtest7  (cost=0.43..6.43 rows=100 width=4)
	  Index Cond: ((k >= 4131627) AND (k <= 4131727))

table 8 : explain SELECT k FROM sbtest8 WHERE k BETWEEN 4131627 AND 4131727
	Index Only Scan using k_8 on sbtest8  (cost=0.43..6.37 rows=97 width=4)
	  Index Cond: ((k >= 4131627) AND (k <= 4131727))

for range-covered
table 1 : explain SELECT k FROM sbtest1 WHERE k BETWEEN 4116627 AND 4116727
	Index Only Scan using k_1 on sbtest1  (cost=0.43..6.63 rows=110 width=4)
	  Index Cond: ((k >= 4116627) AND (k <= 4116727))

table 2 : explain SELECT k FROM sbtest2 WHERE k BETWEEN 4116627 AND 4116727
	Index Only Scan using k_2 on sbtest2  (cost=0.43..6.47 rows=102 width=4)
	  Index Cond: ((k >= 4116627) AND (k <= 4116727))

table 3 : explain SELECT k FROM sbtest3 WHERE k BETWEEN 4116627 AND 4116727
	Index Only Scan using k_3 on sbtest3  (cost=0.43..6.47 rows=102 width=4)
	  Index Cond: ((k >= 4116627) AND (k <= 4116727))

table 4 : explain SELECT k FROM sbtest4 WHERE k BETWEEN 4116627 AND 4116727
	Index Only Scan using k_4 on sbtest4  (cost=0.43..6.45 rows=101 width=4)
	  Index Cond: ((k >= 4116627) AND (k <= 4116727))

table 5 : explain SELECT k FROM sbtest5 WHERE k BETWEEN 4116627 AND 4116727
	Index Only Scan using k_5 on sbtest5  (cost=0.43..6.53 rows=105 width=4)
	  Index Cond: ((k >= 4116627) AND (k <= 4116727))

table 6 : explain SELECT k FROM sbtest6 WHERE k BETWEEN 4116627 AND 4116727
	Index Only Scan using k_6 on sbtest6  (cost=0.43..6.50 rows=103 width=4)
	  Index Cond: ((k >= 4116627) AND (k <= 4116727))

table 7 : explain SELECT k FROM sbtest7 WHERE k BETWEEN 4116627 AND 4116727
	Index Only Scan using k_7 on sbtest7  (cost=0.43..6.43 rows=100 width=4)
	  Index Cond: ((k >= 4116627) AND (k <= 4116727))

table 8 : explain SELECT k FROM sbtest8 WHERE k BETWEEN 4116627 AND 4116727
	Index Only Scan using k_8 on sbtest8  (cost=0.43..6.37 rows=97 width=4)
	  Index Cond: ((k >= 4116627) AND (k <= 4116727))

explain: for range-covered :: explain SELECT k FROM sbtest%d WHERE k BETWEEN 1261512 AND 1261612
explain: for range-covered :: explain SELECT k FROM sbtest%d WHERE k BETWEEN 4116627 AND 4116727
explain: for range-covered :: explain SELECT k FROM sbtest%d WHERE k BETWEEN 5886895 AND 5886995
explain: for range-covered :: explain SELECT k FROM sbtest%d WHERE k BETWEEN 4511603 AND 4511703
for range-covered
table 1 : explain SELECT k FROM sbtest1 WHERE k BETWEEN 5818471 AND 5818571
	Index Only Scan using k_1 on sbtest1  (cost=0.43..6.37 rows=97 width=4)
	  Index Cond: ((k >= 5818471) AND (k <= 5818571))

table 2 : explain SELECT k FROM sbtest2 WHERE k BETWEEN 5818471 AND 5818571
	Index Only Scan using k_2 on sbtest2  (cost=0.43..6.45 rows=101 width=4)
	  Index Cond: ((k >= 5818471) AND (k <= 5818571))

table 3 : explain SELECT k FROM sbtest3 WHERE k BETWEEN 5818471 AND 5818571
	Index Only Scan using k_3 on sbtest3  (cost=0.43..6.53 rows=105 width=4)
	  Index Cond: ((k >= 5818471) AND (k <= 5818571))

table 4 : explain SELECT k FROM sbtest4 WHERE k BETWEEN 5818471 AND 5818571
	Index Only Scan using k_4 on sbtest4  (cost=0.43..6.42 rows=99 width=4)
	  Index Cond: ((k >= 5818471) AND (k <= 5818571))

table 5 : explain SELECT k FROM sbtest5 WHERE k BETWEEN 5818471 AND 5818571
	Index Only Scan using k_5 on sbtest5  (cost=0.43..6.59 rows=108 width=4)
	  Index Cond: ((k >= 5818471) AND (k <= 5818571))

table 6 : explain SELECT k FROM sbtest6 WHERE k BETWEEN 5818471 AND 5818571
	Index Only Scan using k_6 on sbtest6  (cost=0.43..6.33 rows=95 width=4)
	  Index Cond: ((k >= 5818471) AND (k <= 5818571))

table 7 : explain SELECT k FROM sbtest7 WHERE k BETWEEN 5818471 AND 5818571
	Index Only Scan using k_7 on sbtest7  (cost=0.43..6.59 rows=108 width=4)
	  Index Cond: ((k >= 5818471) AND (k <= 5818571))

table 8 : explain SELECT k FROM sbtest8 WHERE k BETWEEN 5818471 AND 5818571
	Index Only Scan using k_8 on sbtest8  (cost=0.43..6.35 rows=96 width=4)
	  Index Cond: ((k >= 5818471) AND (k <= 5818571))

explain: for range-covered :: explain SELECT k FROM sbtest%d WHERE k BETWEEN 5818471 AND 5818571
for range-covered
table 1 : explain SELECT k FROM sbtest1 WHERE k BETWEEN 6283272 AND 6283372
	Index Only Scan using k_1 on sbtest1  (cost=0.43..6.33 rows=95 width=4)
	  Index Cond: ((k >= 6283272) AND (k <= 6283372))

table 2 : explain SELECT k FROM sbtest2 WHERE k BETWEEN 6283272 AND 6283372
	Index Only Scan using k_2 on sbtest2  (cost=0.43..6.61 rows=109 width=4)
	  Index Cond: ((k >= 6283272) AND (k <= 6283372))

table 3 : explain SELECT k FROM sbtest3 WHERE k BETWEEN 6283272 AND 6283372
	Index Only Scan using k_3 on sbtest3  (cost=0.43..6.50 rows=103 width=4)
	  Index Cond: ((k >= 6283272) AND (k <= 6283372))

table 4 : explain SELECT k FROM sbtest4 WHERE k BETWEEN 6283272 AND 6283372
	Index Only Scan using k_4 on sbtest4  (cost=0.43..6.32 rows=94 width=4)
	  Index Cond: ((k >= 6283272) AND (k <= 6283372))

table 5 : explain SELECT k FROM sbtest5 WHERE k BETWEEN 6283272 AND 6283372
	Index Only Scan using k_5 on sbtest5  (cost=0.43..6.43 rows=100 width=4)
	  Index Cond: ((k >= 6283272) AND (k <= 6283372))

table 6 : explain SELECT k FROM sbtest6 WHERE k BETWEEN 6283272 AND 6283372
	Index Only Scan using k_6 on sbtest6  (cost=0.43..6.37 rows=97 width=4)
	  Index Cond: ((k >= 6283272) AND (k <= 6283372))

table 7 : explain SELECT k FROM sbtest7 WHERE k BETWEEN 6283272 AND 6283372
	Index Only Scan using k_7 on sbtest7  (cost=0.43..6.72 rows=114 width=4)
	  Index Cond: ((k >= 6283272) AND (k <= 6283372))

table 8 : explain SELECT k FROM sbtest8 WHERE k BETWEEN 6283272 AND 6283372
	Index Only Scan using k_8 on sbtest8  (cost=0.43..6.53 rows=105 width=4)
	  Index Cond: ((k >= 6283272) AND (k <= 6283372))

explain: for range-covered :: explain SELECT k FROM sbtest%d WHERE k BETWEEN 4131627 AND 4131727
explain: for range-covered :: explain SELECT k FROM sbtest%d WHERE k BETWEEN 3079525 AND 3079625
for range-covered
table 1 : explain SELECT k FROM sbtest1 WHERE k BETWEEN 7014783 AND 7014883
	Index Only Scan using k_1 on sbtest1  (cost=0.43..6.47 rows=102 width=4)
	  Index Cond: ((k >= 7014783) AND (k <= 7014883))

table 2 : explain SELECT k FROM sbtest2 WHERE k BETWEEN 7014783 AND 7014883
	Index Only Scan using k_2 on sbtest2  (cost=0.43..6.51 rows=104 width=4)
	  Index Cond: ((k >= 7014783) AND (k <= 7014883))

table 3 : explain SELECT k FROM sbtest3 WHERE k BETWEEN 7014783 AND 7014883
	Index Only Scan using k_3 on sbtest3  (cost=0.43..6.53 rows=105 width=4)
	  Index Cond: ((k >= 7014783) AND (k <= 7014883))

table 4 : explain SELECT k FROM sbtest4 WHERE k BETWEEN 7014783 AND 7014883
	Index Only Scan using k_4 on sbtest4  (cost=0.43..6.66 rows=111 width=4)
	  Index Cond: ((k >= 7014783) AND (k <= 7014883))

table 5 : explain SELECT k FROM sbtest5 WHERE k BETWEEN 7014783 AND 7014883
	Index Only Scan using k_5 on sbtest5  (cost=0.43..6.50 rows=103 width=4)
	  Index Cond: ((k >= 7014783) AND (k <= 7014883))

table 6 : explain SELECT k FROM sbtest6 WHERE k BETWEEN 7014783 AND 7014883
	Index Only Scan using k_6 on sbtest6  (cost=0.43..6.79 rows=118 width=4)
	  Index Cond: ((k >= 7014783) AND (k <= 7014883))

table 7 : explain SELECT k FROM sbtest7 WHERE k BETWEEN 7014783 AND 7014883
	Index Only Scan using k_7 on sbtest7  (cost=0.43..6.69 rows=113 width=4)
	  Index Cond: ((k >= 7014783) AND (k <= 7014883))

table 8 : explain SELECT k FROM sbtest8 WHERE k BETWEEN 7014783 AND 7014883
	Index Only Scan using k_8 on sbtest8  (cost=0.43..6.40 rows=98 width=4)
	  Index Cond: ((k >= 7014783) AND (k <= 7014883))

for range-covered
table 1 : explain SELECT k FROM sbtest1 WHERE k BETWEEN 4116627 AND 4116727
	Index Only Scan using k_1 on sbtest1  (cost=0.43..6.63 rows=110 width=4)
	  Index Cond: ((k >= 4116627) AND (k <= 4116727))

table 2 : explain SELECT k FROM sbtest2 WHERE k BETWEEN 4116627 AND 4116727
	Index Only Scan using k_2 on sbtest2  (cost=0.43..6.47 rows=102 width=4)
	  Index Cond: ((k >= 4116627) AND (k <= 4116727))

table 3 : explain SELECT k FROM sbtest3 WHERE k BETWEEN 4116627 AND 4116727
	Index Only Scan using k_3 on sbtest3  (cost=0.43..6.47 rows=102 width=4)
	  Index Cond: ((k >= 4116627) AND (k <= 4116727))

table 4 : explain SELECT k FROM sbtest4 WHERE k BETWEEN 4116627 AND 4116727
	Index Only Scan using k_4 on sbtest4  (cost=0.43..6.45 rows=101 width=4)
	  Index Cond: ((k >= 4116627) AND (k <= 4116727))

table 5 : explain SELECT k FROM sbtest5 WHERE k BETWEEN 4116627 AND 4116727
	Index Only Scan using k_5 on sbtest5  (cost=0.43..6.53 rows=105 width=4)
	  Index Cond: ((k >= 4116627) AND (k <= 4116727))

table 6 : explain SELECT k FROM sbtest6 WHERE k BETWEEN 4116627 AND 4116727
	Index Only Scan using k_6 on sbtest6  (cost=0.43..6.50 rows=103 width=4)
	  Index Cond: ((k >= 4116627) AND (k <= 4116727))

table 7 : explain SELECT k FROM sbtest7 WHERE k BETWEEN 4116627 AND 4116727
	Index Only Scan using k_7 on sbtest7  (cost=0.43..6.43 rows=100 width=4)
	  Index Cond: ((k >= 4116627) AND (k <= 4116727))

table 8 : explain SELECT k FROM sbtest8 WHERE k BETWEEN 4116627 AND 4116727
	Index Only Scan using k_8 on sbtest8  (cost=0.43..6.37 rows=97 width=4)
	  Index Cond: ((k >= 4116627) AND (k <= 4116727))

explain: for range-covered :: explain SELECT k FROM sbtest%d WHERE k BETWEEN 6283272 AND 6283372
for range-covered
table 1 : explain SELECT k FROM sbtest1 WHERE k BETWEEN 7338644 AND 7338744
	Index Only Scan using k_1 on sbtest1  (cost=0.43..6.40 rows=98 width=4)
	  Index Cond: ((k >= 7338644) AND (k <= 7338744))

table 2 : explain SELECT k FROM sbtest2 WHERE k BETWEEN 7338644 AND 7338744
	Index Only Scan using k_2 on sbtest2  (cost=0.43..6.50 rows=103 width=4)
	  Index Cond: ((k >= 7338644) AND (k <= 7338744))

table 3 : explain SELECT k FROM sbtest3 WHERE k BETWEEN 7338644 AND 7338744
	Index Only Scan using k_3 on sbtest3  (cost=0.43..6.45 rows=101 width=4)
	  Index Cond: ((k >= 7338644) AND (k <= 7338744))

table 4 : explain SELECT k FROM sbtest4 WHERE k BETWEEN 7338644 AND 7338744
	Index Only Scan using k_4 on sbtest4  (cost=0.43..6.51 rows=104 width=4)
	  Index Cond: ((k >= 7338644) AND (k <= 7338744))

table 5 : explain SELECT k FROM sbtest5 WHERE k BETWEEN 7338644 AND 7338744
	Index Only Scan using k_5 on sbtest5  (cost=0.43..6.45 rows=101 width=4)
	  Index Cond: ((k >= 7338644) AND (k <= 7338744))

table 6 : explain SELECT k FROM sbtest6 WHERE k BETWEEN 7338644 AND 7338744
	Index Only Scan using k_6 on sbtest6  (cost=0.43..6.21 rows=89 width=4)
	  Index Cond: ((k >= 7338644) AND (k <= 7338744))

table 7 : explain SELECT k FROM sbtest7 WHERE k BETWEEN 7338644 AND 7338744
	Index Only Scan using k_7 on sbtest7  (cost=0.43..6.63 rows=110 width=4)
	  Index Cond: ((k >= 7338644) AND (k <= 7338744))

table 8 : explain SELECT k FROM sbtest8 WHERE k BETWEEN 7338644 AND 7338744
	Index Only Scan using k_8 on sbtest8  (cost=0.43..6.69 rows=113 width=4)
	  Index Cond: ((k >= 7338644) AND (k <= 7338744))

explain: for range-covered :: explain SELECT k FROM sbtest%d WHERE k BETWEEN 4116627 AND 4116727
for range-covered
table 1 : explain SELECT k FROM sbtest1 WHERE k BETWEEN 5886895 AND 5886995
	Index Only Scan using k_1 on sbtest1  (cost=0.43..6.37 rows=97 width=4)
	  Index Cond: ((k >= 5886895) AND (k <= 5886995))

table 2 : explain SELECT k FROM sbtest2 WHERE k BETWEEN 5886895 AND 5886995
	Index Only Scan using k_2 on sbtest2  (cost=0.43..6.45 rows=101 width=4)
	  Index Cond: ((k >= 5886895) AND (k <= 5886995))

table 3 : explain SELECT k FROM sbtest3 WHERE k BETWEEN 5886895 AND 5886995
	Index Only Scan using k_3 on sbtest3  (cost=0.43..6.63 rows=110 width=4)
	  Index Cond: ((k >= 5886895) AND (k <= 5886995))

table 4 : explain SELECT k FROM sbtest4 WHERE k BETWEEN 5886895 AND 5886995
	Index Only Scan using k_4 on sbtest4  (cost=0.43..6.56 rows=106 width=4)
	  Index Cond: ((k >= 5886895) AND (k <= 5886995))

table 5 : explain SELECT k FROM sbtest5 WHERE k BETWEEN 5886895 AND 5886995
	Index Only Scan using k_5 on sbtest5  (cost=0.43..6.32 rows=94 width=4)
	  Index Cond: ((k >= 5886895) AND (k <= 5886995))

table 6 : explain SELECT k FROM sbtest6 WHERE k BETWEEN 5886895 AND 5886995
	Index Only Scan using k_6 on sbtest6  (cost=0.43..6.33 rows=95 width=4)
	  Index Cond: ((k >= 5886895) AND (k <= 5886995))

table 7 : explain SELECT k FROM sbtest7 WHERE k BETWEEN 5886895 AND 5886995
	Index Only Scan using k_7 on sbtest7  (cost=0.43..6.66 rows=111 width=4)
	  Index Cond: ((k >= 5886895) AND (k <= 5886995))

table 8 : explain SELECT k FROM sbtest8 WHERE k BETWEEN 5886895 AND 5886995
	Index Only Scan using k_8 on sbtest8  (cost=0.43..6.35 rows=96 width=4)
	  Index Cond: ((k >= 5886895) AND (k <= 5886995))

explain: for range-covered :: explain SELECT k FROM sbtest%d WHERE k BETWEEN 7338644 AND 7338744
explain: for range-covered :: explain SELECT k FROM sbtest%d WHERE k BETWEEN 5886895 AND 5886995
for range-covered
table 1 : explain SELECT k FROM sbtest1 WHERE k BETWEEN 5818471 AND 5818571
	Index Only Scan using k_1 on sbtest1  (cost=0.43..6.37 rows=97 width=4)
	  Index Cond: ((k >= 5818471) AND (k <= 5818571))

table 2 : explain SELECT k FROM sbtest2 WHERE k BETWEEN 5818471 AND 5818571
	Index Only Scan using k_2 on sbtest2  (cost=0.43..6.45 rows=101 width=4)
	  Index Cond: ((k >= 5818471) AND (k <= 5818571))

table 3 : explain SELECT k FROM sbtest3 WHERE k BETWEEN 5818471 AND 5818571
	Index Only Scan using k_3 on sbtest3  (cost=0.43..6.53 rows=105 width=4)
	  Index Cond: ((k >= 5818471) AND (k <= 5818571))

table 4 : explain SELECT k FROM sbtest4 WHERE k BETWEEN 5818471 AND 5818571
	Index Only Scan using k_4 on sbtest4  (cost=0.43..6.42 rows=99 width=4)
	  Index Cond: ((k >= 5818471) AND (k <= 5818571))

table 5 : explain SELECT k FROM sbtest5 WHERE k BETWEEN 5818471 AND 5818571
	Index Only Scan using k_5 on sbtest5  (cost=0.43..6.59 rows=108 width=4)
	  Index Cond: ((k >= 5818471) AND (k <= 5818571))

table 6 : explain SELECT k FROM sbtest6 WHERE k BETWEEN 5818471 AND 5818571
	Index Only Scan using k_6 on sbtest6  (cost=0.43..6.33 rows=95 width=4)
	  Index Cond: ((k >= 5818471) AND (k <= 5818571))

table 7 : explain SELECT k FROM sbtest7 WHERE k BETWEEN 5818471 AND 5818571
	Index Only Scan using k_7 on sbtest7  (cost=0.43..6.59 rows=108 width=4)
	  Index Cond: ((k >= 5818471) AND (k <= 5818571))

table 8 : explain SELECT k FROM sbtest8 WHERE k BETWEEN 5818471 AND 5818571
	Index Only Scan using k_8 on sbtest8  (cost=0.43..6.35 rows=96 width=4)
	  Index Cond: ((k >= 5818471) AND (k <= 5818571))

explain: for range-covered :: explain SELECT k FROM sbtest%d WHERE k BETWEEN 5818471 AND 5818571
for range-covered
table 1 : explain SELECT k FROM sbtest1 WHERE k BETWEEN 7338644 AND 7338744
	Index Only Scan using k_1 on sbtest1  (cost=0.43..6.40 rows=98 width=4)
	  Index Cond: ((k >= 7338644) AND (k <= 7338744))

table 2 : explain SELECT k FROM sbtest2 WHERE k BETWEEN 7338644 AND 7338744
	Index Only Scan using k_2 on sbtest2  (cost=0.43..6.50 rows=103 width=4)
	  Index Cond: ((k >= 7338644) AND (k <= 7338744))

table 3 : explain SELECT k FROM sbtest3 WHERE k BETWEEN 7338644 AND 7338744
	Index Only Scan using k_3 on sbtest3  (cost=0.43..6.45 rows=101 width=4)
	  Index Cond: ((k >= 7338644) AND (k <= 7338744))

table 4 : explain SELECT k FROM sbtest4 WHERE k BETWEEN 7338644 AND 7338744
	Index Only Scan using k_4 on sbtest4  (cost=0.43..6.51 rows=104 width=4)
	  Index Cond: ((k >= 7338644) AND (k <= 7338744))

table 5 : explain SELECT k FROM sbtest5 WHERE k BETWEEN 7338644 AND 7338744
	Index Only Scan using k_5 on sbtest5  (cost=0.43..6.45 rows=101 width=4)
	  Index Cond: ((k >= 7338644) AND (k <= 7338744))

table 6 : explain SELECT k FROM sbtest6 WHERE k BETWEEN 7338644 AND 7338744
	Index Only Scan using k_6 on sbtest6  (cost=0.43..6.21 rows=89 width=4)
	  Index Cond: ((k >= 7338644) AND (k <= 7338744))

table 7 : explain SELECT k FROM sbtest7 WHERE k BETWEEN 7338644 AND 7338744
	Index Only Scan using k_7 on sbtest7  (cost=0.43..6.63 rows=110 width=4)
	  Index Cond: ((k >= 7338644) AND (k <= 7338744))

table 8 : explain SELECT k FROM sbtest8 WHERE k BETWEEN 7338644 AND 7338744
	Index Only Scan using k_8 on sbtest8  (cost=0.43..6.69 rows=113 width=4)
	  Index Cond: ((k >= 7338644) AND (k <= 7338744))

explain: for range-covered :: explain SELECT k FROM sbtest%d WHERE k BETWEEN 7338644 AND 7338744
for range-covered
table 1 : explain SELECT k FROM sbtest1 WHERE k BETWEEN 5818471 AND 5818571
	Index Only Scan using k_1 on sbtest1  (cost=0.43..6.37 rows=97 width=4)
	  Index Cond: ((k >= 5818471) AND (k <= 5818571))

table 2 : explain SELECT k FROM sbtest2 WHERE k BETWEEN 5818471 AND 5818571
	Index Only Scan using k_2 on sbtest2  (cost=0.43..6.45 rows=101 width=4)
	  Index Cond: ((k >= 5818471) AND (k <= 5818571))

table 3 : explain SELECT k FROM sbtest3 WHERE k BETWEEN 5818471 AND 5818571
	Index Only Scan using k_3 on sbtest3  (cost=0.43..6.53 rows=105 width=4)
	  Index Cond: ((k >= 5818471) AND (k <= 5818571))

table 4 : explain SELECT k FROM sbtest4 WHERE k BETWEEN 5818471 AND 5818571
	Index Only Scan using k_4 on sbtest4  (cost=0.43..6.42 rows=99 width=4)
	  Index Cond: ((k >= 5818471) AND (k <= 5818571))

table 5 : explain SELECT k FROM sbtest5 WHERE k BETWEEN 5818471 AND 5818571
	Index Only Scan using k_5 on sbtest5  (cost=0.43..6.59 rows=108 width=4)
	  Index Cond: ((k >= 5818471) AND (k <= 5818571))

table 6 : explain SELECT k FROM sbtest6 WHERE k BETWEEN 5818471 AND 5818571
	Index Only Scan using k_6 on sbtest6  (cost=0.43..6.33 rows=95 width=4)
	  Index Cond: ((k >= 5818471) AND (k <= 5818571))

table 7 : explain SELECT k FROM sbtest7 WHERE k BETWEEN 5818471 AND 5818571
	Index Only Scan using k_7 on sbtest7  (cost=0.43..6.59 rows=108 width=4)
	  Index Cond: ((k >= 5818471) AND (k <= 5818571))

table 8 : explain SELECT k FROM sbtest8 WHERE k BETWEEN 5818471 AND 5818571
	Index Only Scan using k_8 on sbtest8  (cost=0.43..6.35 rows=96 width=4)
	  Index Cond: ((k >= 5818471) AND (k <= 5818571))

explain: for range-covered :: explain SELECT k FROM sbtest%d WHERE k BETWEEN 5818471 AND 5818571
for range-covered
table 1 : explain SELECT k FROM sbtest1 WHERE k BETWEEN 5886895 AND 5886995
	Index Only Scan using k_1 on sbtest1  (cost=0.43..6.37 rows=97 width=4)
	  Index Cond: ((k >= 5886895) AND (k <= 5886995))

table 2 : explain SELECT k FROM sbtest2 WHERE k BETWEEN 5886895 AND 5886995
	Index Only Scan using k_2 on sbtest2  (cost=0.43..6.45 rows=101 width=4)
	  Index Cond: ((k >= 5886895) AND (k <= 5886995))

table 3 : explain SELECT k FROM sbtest3 WHERE k BETWEEN 5886895 AND 5886995
	Index Only Scan using k_3 on sbtest3  (cost=0.43..6.63 rows=110 width=4)
	  Index Cond: ((k >= 5886895) AND (k <= 5886995))

table 4 : explain SELECT k FROM sbtest4 WHERE k BETWEEN 5886895 AND 5886995
	Index Only Scan using k_4 on sbtest4  (cost=0.43..6.56 rows=106 width=4)
	  Index Cond: ((k >= 5886895) AND (k <= 5886995))

table 5 : explain SELECT k FROM sbtest5 WHERE k BETWEEN 5886895 AND 5886995
	Index Only Scan using k_5 on sbtest5  (cost=0.43..6.32 rows=94 width=4)
	  Index Cond: ((k >= 5886895) AND (k <= 5886995))

table 6 : explain SELECT k FROM sbtest6 WHERE k BETWEEN 5886895 AND 5886995
	Index Only Scan using k_6 on sbtest6  (cost=0.43..6.33 rows=95 width=4)
	  Index Cond: ((k >= 5886895) AND (k <= 5886995))

table 7 : explain SELECT k FROM sbtest7 WHERE k BETWEEN 5886895 AND 5886995
	Index Only Scan using k_7 on sbtest7  (cost=0.43..6.66 rows=111 width=4)
	  Index Cond: ((k >= 5886895) AND (k <= 5886995))

table 8 : explain SELECT k FROM sbtest8 WHERE k BETWEEN 5886895 AND 5886995
	Index Only Scan using k_8 on sbtest8  (cost=0.43..6.35 rows=96 width=4)
	  Index Cond: ((k >= 5886895) AND (k <= 5886995))

explain: for range-covered :: explain SELECT k FROM sbtest%d WHERE k BETWEEN 5886895 AND 5886995
for range-covered
table 1 : explain SELECT k FROM sbtest1 WHERE k BETWEEN 5818471 AND 5818571
	Index Only Scan using k_1 on sbtest1  (cost=0.43..6.37 rows=97 width=4)
	  Index Cond: ((k >= 5818471) AND (k <= 5818571))

table 2 : explain SELECT k FROM sbtest2 WHERE k BETWEEN 5818471 AND 5818571
	Index Only Scan using k_2 on sbtest2  (cost=0.43..6.45 rows=101 width=4)
	  Index Cond: ((k >= 5818471) AND (k <= 5818571))

table 3 : explain SELECT k FROM sbtest3 WHERE k BETWEEN 5818471 AND 5818571
	Index Only Scan using k_3 on sbtest3  (cost=0.43..6.53 rows=105 width=4)
	  Index Cond: ((k >= 5818471) AND (k <= 5818571))

table 4 : explain SELECT k FROM sbtest4 WHERE k BETWEEN 5818471 AND 5818571
	Index Only Scan using k_4 on sbtest4  (cost=0.43..6.42 rows=99 width=4)
	  Index Cond: ((k >= 5818471) AND (k <= 5818571))

table 5 : explain SELECT k FROM sbtest5 WHERE k BETWEEN 5818471 AND 5818571
	Index Only Scan using k_5 on sbtest5  (cost=0.43..6.59 rows=108 width=4)
	  Index Cond: ((k >= 5818471) AND (k <= 5818571))

table 6 : explain SELECT k FROM sbtest6 WHERE k BETWEEN 5818471 AND 5818571
	Index Only Scan using k_6 on sbtest6  (cost=0.43..6.33 rows=95 width=4)
	  Index Cond: ((k >= 5818471) AND (k <= 5818571))

table 7 : explain SELECT k FROM sbtest7 WHERE k BETWEEN 5818471 AND 5818571
	Index Only Scan using k_7 on sbtest7  (cost=0.43..6.59 rows=108 width=4)
	  Index Cond: ((k >= 5818471) AND (k <= 5818571))

table 8 : explain SELECT k FROM sbtest8 WHERE k BETWEEN 5818471 AND 5818571
	Index Only Scan using k_8 on sbtest8  (cost=0.43..6.35 rows=96 width=4)
	  Index Cond: ((k >= 5818471) AND (k <= 5818571))

explain: for range-covered :: explain SELECT k FROM sbtest%d WHERE k BETWEEN 5818471 AND 5818571
for range-covered
table 1 : explain SELECT k FROM sbtest1 WHERE k BETWEEN 7338644 AND 7338744
	Index Only Scan using k_1 on sbtest1  (cost=0.43..6.40 rows=98 width=4)
	  Index Cond: ((k >= 7338644) AND (k <= 7338744))

table 2 : explain SELECT k FROM sbtest2 WHERE k BETWEEN 7338644 AND 7338744
	Index Only Scan using k_2 on sbtest2  (cost=0.43..6.50 rows=103 width=4)
	  Index Cond: ((k >= 7338644) AND (k <= 7338744))

table 3 : explain SELECT k FROM sbtest3 WHERE k BETWEEN 7338644 AND 7338744
	Index Only Scan using k_3 on sbtest3  (cost=0.43..6.45 rows=101 width=4)
	  Index Cond: ((k >= 7338644) AND (k <= 7338744))

table 4 : explain SELECT k FROM sbtest4 WHERE k BETWEEN 7338644 AND 7338744
	Index Only Scan using k_4 on sbtest4  (cost=0.43..6.51 rows=104 width=4)
	  Index Cond: ((k >= 7338644) AND (k <= 7338744))

table 5 : explain SELECT k FROM sbtest5 WHERE k BETWEEN 7338644 AND 7338744
	Index Only Scan using k_5 on sbtest5  (cost=0.43..6.45 rows=101 width=4)
	  Index Cond: ((k >= 7338644) AND (k <= 7338744))

table 6 : explain SELECT k FROM sbtest6 WHERE k BETWEEN 7338644 AND 7338744
	Index Only Scan using k_6 on sbtest6  (cost=0.43..6.21 rows=89 width=4)
	  Index Cond: ((k >= 7338644) AND (k <= 7338744))

table 7 : explain SELECT k FROM sbtest7 WHERE k BETWEEN 7338644 AND 7338744
	Index Only Scan using k_7 on sbtest7  (cost=0.43..6.63 rows=110 width=4)
	  Index Cond: ((k >= 7338644) AND (k <= 7338744))

table 8 : explain SELECT k FROM sbtest8 WHERE k BETWEEN 7338644 AND 7338744
	Index Only Scan using k_8 on sbtest8  (cost=0.43..6.69 rows=113 width=4)
	  Index Cond: ((k >= 7338644) AND (k <= 7338744))

explain: for range-covered :: explain SELECT k FROM sbtest%d WHERE k BETWEEN 7338644 AND 7338744
for range-covered
table 1 : explain SELECT k FROM sbtest1 WHERE k BETWEEN 4553235 AND 4553335
	Index Only Scan using k_1 on sbtest1  (cost=0.43..6.35 rows=96 width=4)
	  Index Cond: ((k >= 4553235) AND (k <= 4553335))

table 2 : explain SELECT k FROM sbtest2 WHERE k BETWEEN 4553235 AND 4553335
	Index Only Scan using k_2 on sbtest2  (cost=0.43..6.21 rows=89 width=4)
	  Index Cond: ((k >= 4553235) AND (k <= 4553335))

table 3 : explain SELECT k FROM sbtest3 WHERE k BETWEEN 4553235 AND 4553335
	Index Only Scan using k_3 on sbtest3  (cost=0.43..6.42 rows=99 width=4)
	  Index Cond: ((k >= 4553235) AND (k <= 4553335))

table 4 : explain SELECT k FROM sbtest4 WHERE k BETWEEN 4553235 AND 4553335
	Index Only Scan using k_4 on sbtest4  (cost=0.43..6.37 rows=97 width=4)
	  Index Cond: ((k >= 4553235) AND (k <= 4553335))

table 5 : explain SELECT k FROM sbtest5 WHERE k BETWEEN 4553235 AND 4553335
	Index Only Scan using k_5 on sbtest5  (cost=0.43..6.50 rows=103 width=4)
	  Index Cond: ((k >= 4553235) AND (k <= 4553335))

table 6 : explain SELECT k FROM sbtest6 WHERE k BETWEEN 4553235 AND 4553335
	Index Only Scan using k_6 on sbtest6  (cost=0.43..6.63 rows=110 width=4)
	  Index Cond: ((k >= 4553235) AND (k <= 4553335))

table 7 : explain SELECT k FROM sbtest7 WHERE k BETWEEN 4553235 AND 4553335
	Index Only Scan using k_7 on sbtest7  (cost=0.43..6.42 rows=99 width=4)
	  Index Cond: ((k >= 4553235) AND (k <= 4553335))

table 8 : explain SELECT k FROM sbtest8 WHERE k BETWEEN 4553235 AND 4553335
	Index Only Scan using k_8 on sbtest8  (cost=0.43..6.45 rows=101 width=4)
	  Index Cond: ((k >= 4553235) AND (k <= 4553335))

explain: for range-covered :: explain SELECT k FROM sbtest%d WHERE k BETWEEN 4553235 AND 4553335
for range-covered
table 1 : explain SELECT k FROM sbtest1 WHERE k BETWEEN 5886895 AND 5886995
	Index Only Scan using k_1 on sbtest1  (cost=0.43..6.37 rows=97 width=4)
	  Index Cond: ((k >= 5886895) AND (k <= 5886995))

table 2 : explain SELECT k FROM sbtest2 WHERE k BETWEEN 5886895 AND 5886995
	Index Only Scan using k_2 on sbtest2  (cost=0.43..6.45 rows=101 width=4)
	  Index Cond: ((k >= 5886895) AND (k <= 5886995))

table 3 : explain SELECT k FROM sbtest3 WHERE k BETWEEN 5886895 AND 5886995
	Index Only Scan using k_3 on sbtest3  (cost=0.43..6.63 rows=110 width=4)
	  Index Cond: ((k >= 5886895) AND (k <= 5886995))

table 4 : explain SELECT k FROM sbtest4 WHERE k BETWEEN 5886895 AND 5886995
	Index Only Scan using k_4 on sbtest4  (cost=0.43..6.56 rows=106 width=4)
	  Index Cond: ((k >= 5886895) AND (k <= 5886995))

table 5 : explain SELECT k FROM sbtest5 WHERE k BETWEEN 5886895 AND 5886995
	Index Only Scan using k_5 on sbtest5  (cost=0.43..6.32 rows=94 width=4)
	  Index Cond: ((k >= 5886895) AND (k <= 5886995))

table 6 : explain SELECT k FROM sbtest6 WHERE k BETWEEN 5886895 AND 5886995
	Index Only Scan using k_6 on sbtest6  (cost=0.43..6.33 rows=95 width=4)
	  Index Cond: ((k >= 5886895) AND (k <= 5886995))

table 7 : explain SELECT k FROM sbtest7 WHERE k BETWEEN 5886895 AND 5886995
	Index Only Scan using k_7 on sbtest7  (cost=0.43..6.66 rows=111 width=4)
	  Index Cond: ((k >= 5886895) AND (k <= 5886995))

table 8 : explain SELECT k FROM sbtest8 WHERE k BETWEEN 5886895 AND 5886995
	Index Only Scan using k_8 on sbtest8  (cost=0.43..6.35 rows=96 width=4)
	  Index Cond: ((k >= 5886895) AND (k <= 5886995))

for range-covered
table 1 : explain SELECT k FROM sbtest1 WHERE k BETWEEN 4131627 AND 4131727
	Index Only Scan using k_1 on sbtest1  (cost=0.43..6.56 rows=106 width=4)
	  Index Cond: ((k >= 4131627) AND (k <= 4131727))

table 2 : explain SELECT k FROM sbtest2 WHERE k BETWEEN 4131627 AND 4131727
	Index Only Scan using k_2 on sbtest2  (cost=0.43..6.63 rows=110 width=4)
	  Index Cond: ((k >= 4131627) AND (k <= 4131727))

table 3 : explain SELECT k FROM sbtest3 WHERE k BETWEEN 4131627 AND 4131727
	Index Only Scan using k_3 on sbtest3  (cost=0.43..6.47 rows=102 width=4)
	  Index Cond: ((k >= 4131627) AND (k <= 4131727))

table 4 : explain SELECT k FROM sbtest4 WHERE k BETWEEN 4131627 AND 4131727
	Index Only Scan using k_4 on sbtest4  (cost=0.43..6.32 rows=94 width=4)
	  Index Cond: ((k >= 4131627) AND (k <= 4131727))

table 5 : explain SELECT k FROM sbtest5 WHERE k BETWEEN 4131627 AND 4131727
	Index Only Scan using k_5 on sbtest5  (cost=0.43..6.53 rows=105 width=4)
	  Index Cond: ((k >= 4131627) AND (k <= 4131727))

table 6 : explain SELECT k FROM sbtest6 WHERE k BETWEEN 4131627 AND 4131727
	Index Only Scan using k_6 on sbtest6  (cost=0.43..6.50 rows=103 width=4)
	  Index Cond: ((k >= 4131627) AND (k <= 4131727))

table 7 : explain SELECT k FROM sbtest7 WHERE k BETWEEN 4131627 AND 4131727
	Index Only Scan using k_7 on sbtest7  (cost=0.43..6.43 rows=100 width=4)
	  Index Cond: ((k >= 4131627) AND (k <= 4131727))

table 8 : explain SELECT k FROM sbtest8 WHERE k BETWEEN 4131627 AND 4131727
	Index Only Scan using k_8 on sbtest8  (cost=0.43..6.37 rows=97 width=4)
	  Index Cond: ((k >= 4131627) AND (k <= 4131727))

for range-covered
table 1 : explain SELECT k FROM sbtest1 WHERE k BETWEEN 5818471 AND 5818571
	Index Only Scan using k_1 on sbtest1  (cost=0.43..6.37 rows=97 width=4)
	  Index Cond: ((k >= 5818471) AND (k <= 5818571))

table 2 : explain SELECT k FROM sbtest2 WHERE k BETWEEN 5818471 AND 5818571
	Index Only Scan using k_2 on sbtest2  (cost=0.43..6.45 rows=101 width=4)
	  Index Cond: ((k >= 5818471) AND (k <= 5818571))

table 3 : explain SELECT k FROM sbtest3 WHERE k BETWEEN 5818471 AND 5818571
	Index Only Scan using k_3 on sbtest3  (cost=0.43..6.53 rows=105 width=4)
	  Index Cond: ((k >= 5818471) AND (k <= 5818571))

table 4 : explain SELECT k FROM sbtest4 WHERE k BETWEEN 5818471 AND 5818571
	Index Only Scan using k_4 on sbtest4  (cost=0.43..6.42 rows=99 width=4)
	  Index Cond: ((k >= 5818471) AND (k <= 5818571))

table 5 : explain SELECT k FROM sbtest5 WHERE k BETWEEN 5818471 AND 5818571
	Index Only Scan using k_5 on sbtest5  (cost=0.43..6.59 rows=108 width=4)
	  Index Cond: ((k >= 5818471) AND (k <= 5818571))

table 6 : explain SELECT k FROM sbtest6 WHERE k BETWEEN 5818471 AND 5818571
	Index Only Scan using k_6 on sbtest6  (cost=0.43..6.33 rows=95 width=4)
	  Index Cond: ((k >= 5818471) AND (k <= 5818571))

table 7 : explain SELECT k FROM sbtest7 WHERE k BETWEEN 5818471 AND 5818571
	Index Only Scan using k_7 on sbtest7  (cost=0.43..6.59 rows=108 width=4)
	  Index Cond: ((k >= 5818471) AND (k <= 5818571))

table 8 : explain SELECT k FROM sbtest8 WHERE k BETWEEN 5818471 AND 5818571
	Index Only Scan using k_8 on sbtest8  (cost=0.43..6.35 rows=96 width=4)
	  Index Cond: ((k >= 5818471) AND (k <= 5818571))

for range-covered
table 1 : explain SELECT k FROM sbtest1 WHERE k BETWEEN 4511603 AND 4511703
	Index Only Scan using k_1 on sbtest1  (cost=0.43..6.74 rows=115 width=4)
	  Index Cond: ((k >= 4511603) AND (k <= 4511703))

table 2 : explain SELECT k FROM sbtest2 WHERE k BETWEEN 4511603 AND 4511703
	Index Only Scan using k_2 on sbtest2  (cost=0.43..6.42 rows=99 width=4)
	  Index Cond: ((k >= 4511603) AND (k <= 4511703))

table 3 : explain SELECT k FROM sbtest3 WHERE k BETWEEN 4511603 AND 4511703
	Index Only Scan using k_3 on sbtest3  (cost=0.43..6.42 rows=99 width=4)
	  Index Cond: ((k >= 4511603) AND (k <= 4511703))

table 4 : explain SELECT k FROM sbtest4 WHERE k BETWEEN 4511603 AND 4511703
	Index Only Scan using k_4 on sbtest4  (cost=0.43..6.43 rows=100 width=4)
	  Index Cond: ((k >= 4511603) AND (k <= 4511703))

table 5 : explain SELECT k FROM sbtest5 WHERE k BETWEEN 4511603 AND 4511703
	Index Only Scan using k_5 on sbtest5  (cost=0.43..6.50 rows=103 width=4)
	  Index Cond: ((k >= 4511603) AND (k <= 4511703))

table 6 : explain SELECT k FROM sbtest6 WHERE k BETWEEN 4511603 AND 4511703
	Index Only Scan using k_6 on sbtest6  (cost=0.43..6.63 rows=110 width=4)
	  Index Cond: ((k >= 4511603) AND (k <= 4511703))

table 7 : explain SELECT k FROM sbtest7 WHERE k BETWEEN 4511603 AND 4511703
	Index Only Scan using k_7 on sbtest7  (cost=0.43..6.56 rows=106 width=4)
	  Index Cond: ((k >= 4511603) AND (k <= 4511703))

table 8 : explain SELECT k FROM sbtest8 WHERE k BETWEEN 4511603 AND 4511703
	Index Only Scan using k_8 on sbtest8  (cost=0.43..6.45 rows=101 width=4)
	  Index Cond: ((k >= 4511603) AND (k <= 4511703))

explain: for range-covered :: explain SELECT k FROM sbtest%d WHERE k BETWEEN 5886895 AND 5886995
for range-covered
table 1 : explain SELECT k FROM sbtest1 WHERE k BETWEEN 7338644 AND 7338744
	Index Only Scan using k_1 on sbtest1  (cost=0.43..6.40 rows=98 width=4)
	  Index Cond: ((k >= 7338644) AND (k <= 7338744))

table 2 : explain SELECT k FROM sbtest2 WHERE k BETWEEN 7338644 AND 7338744
	Index Only Scan using k_2 on sbtest2  (cost=0.43..6.50 rows=103 width=4)
	  Index Cond: ((k >= 7338644) AND (k <= 7338744))

table 3 : explain SELECT k FROM sbtest3 WHERE k BETWEEN 7338644 AND 7338744
	Index Only Scan using k_3 on sbtest3  (cost=0.43..6.45 rows=101 width=4)
	  Index Cond: ((k >= 7338644) AND (k <= 7338744))

table 4 : explain SELECT k FROM sbtest4 WHERE k BETWEEN 7338644 AND 7338744
	Index Only Scan using k_4 on sbtest4  (cost=0.43..6.51 rows=104 width=4)
	  Index Cond: ((k >= 7338644) AND (k <= 7338744))

table 5 : explain SELECT k FROM sbtest5 WHERE k BETWEEN 7338644 AND 7338744
	Index Only Scan using k_5 on sbtest5  (cost=0.43..6.45 rows=101 width=4)
	  Index Cond: ((k >= 7338644) AND (k <= 7338744))

table 6 : explain SELECT k FROM sbtest6 WHERE k BETWEEN 7338644 AND 7338744
	Index Only Scan using k_6 on sbtest6  (cost=0.43..6.21 rows=89 width=4)
	  Index Cond: ((k >= 7338644) AND (k <= 7338744))

table 7 : explain SELECT k FROM sbtest7 WHERE k BETWEEN 7338644 AND 7338744
	Index Only Scan using k_7 on sbtest7  (cost=0.43..6.63 rows=110 width=4)
	  Index Cond: ((k >= 7338644) AND (k <= 7338744))

table 8 : explain SELECT k FROM sbtest8 WHERE k BETWEEN 7338644 AND 7338744
	Index Only Scan using k_8 on sbtest8  (cost=0.43..6.69 rows=113 width=4)
	  Index Cond: ((k >= 7338644) AND (k <= 7338744))

explain: for range-covered :: explain SELECT k FROM sbtest%d WHERE k BETWEEN 4511603 AND 4511703
explain: for range-covered :: explain SELECT k FROM sbtest%d WHERE k BETWEEN 5818471 AND 5818571
explain: for range-covered :: explain SELECT k FROM sbtest%d WHERE k BETWEEN 7338644 AND 7338744
for range-covered
table 1 : explain SELECT k FROM sbtest1 WHERE k BETWEEN 4116627 AND 4116727
	Index Only Scan using k_1 on sbtest1  (cost=0.43..6.63 rows=110 width=4)
	  Index Cond: ((k >= 4116627) AND (k <= 4116727))

table 2 : explain SELECT k FROM sbtest2 WHERE k BETWEEN 4116627 AND 4116727
	Index Only Scan using k_2 on sbtest2  (cost=0.43..6.47 rows=102 width=4)
	  Index Cond: ((k >= 4116627) AND (k <= 4116727))

table 3 : explain SELECT k FROM sbtest3 WHERE k BETWEEN 4116627 AND 4116727
	Index Only Scan using k_3 on sbtest3  (cost=0.43..6.47 rows=102 width=4)
	  Index Cond: ((k >= 4116627) AND (k <= 4116727))

table 4 : explain SELECT k FROM sbtest4 WHERE k BETWEEN 4116627 AND 4116727
	Index Only Scan using k_4 on sbtest4  (cost=0.43..6.45 rows=101 width=4)
	  Index Cond: ((k >= 4116627) AND (k <= 4116727))

table 5 : explain SELECT k FROM sbtest5 WHERE k BETWEEN 4116627 AND 4116727
	Index Only Scan using k_5 on sbtest5  (cost=0.43..6.53 rows=105 width=4)
	  Index Cond: ((k >= 4116627) AND (k <= 4116727))

table 6 : explain SELECT k FROM sbtest6 WHERE k BETWEEN 4116627 AND 4116727
	Index Only Scan using k_6 on sbtest6  (cost=0.43..6.50 rows=103 width=4)
	  Index Cond: ((k >= 4116627) AND (k <= 4116727))

table 7 : explain SELECT k FROM sbtest7 WHERE k BETWEEN 4116627 AND 4116727
	Index Only Scan using k_7 on sbtest7  (cost=0.43..6.43 rows=100 width=4)
	  Index Cond: ((k >= 4116627) AND (k <= 4116727))

table 8 : explain SELECT k FROM sbtest8 WHERE k BETWEEN 4116627 AND 4116727
	Index Only Scan using k_8 on sbtest8  (cost=0.43..6.37 rows=97 width=4)
	  Index Cond: ((k >= 4116627) AND (k <= 4116727))

explain: for range-covered :: explain SELECT k FROM sbtest%d WHERE k BETWEEN 4131627 AND 4131727
explain: for range-covered :: explain SELECT k FROM sbtest%d WHERE k BETWEEN 4116627 AND 4116727
explain: for range-covered :: explain SELECT k FROM sbtest%d WHERE k BETWEEN 2391911 AND 2392011
explain: for range-covered :: explain SELECT k FROM sbtest%d WHERE k BETWEEN 2418781 AND 2418881
for range-covered
table 1 : explain SELECT k FROM sbtest1 WHERE k BETWEEN 7338644 AND 7338744
	Index Only Scan using k_1 on sbtest1  (cost=0.43..6.40 rows=98 width=4)
	  Index Cond: ((k >= 7338644) AND (k <= 7338744))

table 2 : explain SELECT k FROM sbtest2 WHERE k BETWEEN 7338644 AND 7338744
	Index Only Scan using k_2 on sbtest2  (cost=0.43..6.50 rows=103 width=4)
	  Index Cond: ((k >= 7338644) AND (k <= 7338744))

table 3 : explain SELECT k FROM sbtest3 WHERE k BETWEEN 7338644 AND 7338744
	Index Only Scan using k_3 on sbtest3  (cost=0.43..6.45 rows=101 width=4)
	  Index Cond: ((k >= 7338644) AND (k <= 7338744))

table 4 : explain SELECT k FROM sbtest4 WHERE k BETWEEN 7338644 AND 7338744
	Index Only Scan using k_4 on sbtest4  (cost=0.43..6.51 rows=104 width=4)
	  Index Cond: ((k >= 7338644) AND (k <= 7338744))

table 5 : explain SELECT k FROM sbtest5 WHERE k BETWEEN 7338644 AND 7338744
	Index Only Scan using k_5 on sbtest5  (cost=0.43..6.45 rows=101 width=4)
	  Index Cond: ((k >= 7338644) AND (k <= 7338744))

table 6 : explain SELECT k FROM sbtest6 WHERE k BETWEEN 7338644 AND 7338744
	Index Only Scan using k_6 on sbtest6  (cost=0.43..6.21 rows=89 width=4)
	  Index Cond: ((k >= 7338644) AND (k <= 7338744))

table 7 : explain SELECT k FROM sbtest7 WHERE k BETWEEN 7338644 AND 7338744
	Index Only Scan using k_7 on sbtest7  (cost=0.43..6.63 rows=110 width=4)
	  Index Cond: ((k >= 7338644) AND (k <= 7338744))

table 8 : explain SELECT k FROM sbtest8 WHERE k BETWEEN 7338644 AND 7338744
	Index Only Scan using k_8 on sbtest8  (cost=0.43..6.69 rows=113 width=4)
	  Index Cond: ((k >= 7338644) AND (k <= 7338744))

for range-covered
table 1 : explain SELECT k FROM sbtest1 WHERE k BETWEEN 3079525 AND 3079625
	Index Only Scan using k_1 on sbtest1  (cost=0.43..6.59 rows=108 width=4)
	  Index Cond: ((k >= 3079525) AND (k <= 3079625))

table 2 : explain SELECT k FROM sbtest2 WHERE k BETWEEN 3079525 AND 3079625
	Index Only Scan using k_2 on sbtest2  (cost=0.43..6.53 rows=105 width=4)
	  Index Cond: ((k >= 3079525) AND (k <= 3079625))

table 3 : explain SELECT k FROM sbtest3 WHERE k BETWEEN 3079525 AND 3079625
	Index Only Scan using k_3 on sbtest3  (cost=0.43..6.47 rows=102 width=4)
	  Index Cond: ((k >= 3079525) AND (k <= 3079625))

table 4 : explain SELECT k FROM sbtest4 WHERE k BETWEEN 3079525 AND 3079625
	Index Only Scan using k_4 on sbtest4  (cost=0.43..6.53 rows=105 width=4)
	  Index Cond: ((k >= 3079525) AND (k <= 3079625))

table 5 : explain SELECT k FROM sbtest5 WHERE k BETWEEN 3079525 AND 3079625
	Index Only Scan using k_5 on sbtest5  (cost=0.43..6.45 rows=101 width=4)
	  Index Cond: ((k >= 3079525) AND (k <= 3079625))

table 6 : explain SELECT k FROM sbtest6 WHERE k BETWEEN 3079525 AND 3079625
	Index Only Scan using k_6 on sbtest6  (cost=0.43..6.53 rows=105 width=4)
	  Index Cond: ((k >= 3079525) AND (k <= 3079625))

table 7 : explain SELECT k FROM sbtest7 WHERE k BETWEEN 3079525 AND 3079625
	Index Only Scan using k_7 on sbtest7  (cost=0.43..6.43 rows=100 width=4)
	  Index Cond: ((k >= 3079525) AND (k <= 3079625))

table 8 : explain SELECT k FROM sbtest8 WHERE k BETWEEN 3079525 AND 3079625
	Index Only Scan using k_8 on sbtest8  (cost=0.43..6.33 rows=95 width=4)
	  Index Cond: ((k >= 3079525) AND (k <= 3079625))

for range-covered
table 1 : explain SELECT k FROM sbtest1 WHERE k BETWEEN 6283272 AND 6283372
	Index Only Scan using k_1 on sbtest1  (cost=0.43..6.33 rows=95 width=4)
	  Index Cond: ((k >= 6283272) AND (k <= 6283372))

table 2 : explain SELECT k FROM sbtest2 WHERE k BETWEEN 6283272 AND 6283372
	Index Only Scan using k_2 on sbtest2  (cost=0.43..6.61 rows=109 width=4)
	  Index Cond: ((k >= 6283272) AND (k <= 6283372))

table 3 : explain SELECT k FROM sbtest3 WHERE k BETWEEN 6283272 AND 6283372
	Index Only Scan using k_3 on sbtest3  (cost=0.43..6.50 rows=103 width=4)
	  Index Cond: ((k >= 6283272) AND (k <= 6283372))

table 4 : explain SELECT k FROM sbtest4 WHERE k BETWEEN 6283272 AND 6283372
	Index Only Scan using k_4 on sbtest4  (cost=0.43..6.32 rows=94 width=4)
	  Index Cond: ((k >= 6283272) AND (k <= 6283372))

table 5 : explain SELECT k FROM sbtest5 WHERE k BETWEEN 6283272 AND 6283372
	Index Only Scan using k_5 on sbtest5  (cost=0.43..6.43 rows=100 width=4)
	  Index Cond: ((k >= 6283272) AND (k <= 6283372))

table 6 : explain SELECT k FROM sbtest6 WHERE k BETWEEN 6283272 AND 6283372
	Index Only Scan using k_6 on sbtest6  (cost=0.43..6.37 rows=97 width=4)
	  Index Cond: ((k >= 6283272) AND (k <= 6283372))

table 7 : explain SELECT k FROM sbtest7 WHERE k BETWEEN 6283272 AND 6283372
	Index Only Scan using k_7 on sbtest7  (cost=0.43..6.72 rows=114 width=4)
	  Index Cond: ((k >= 6283272) AND (k <= 6283372))

table 8 : explain SELECT k FROM sbtest8 WHERE k BETWEEN 6283272 AND 6283372
	Index Only Scan using k_8 on sbtest8  (cost=0.43..6.53 rows=105 width=4)
	  Index Cond: ((k >= 6283272) AND (k <= 6283372))

for range-covered
table 1 : explain SELECT k FROM sbtest1 WHERE k BETWEEN 4511603 AND 4511703
	Index Only Scan using k_1 on sbtest1  (cost=0.43..6.74 rows=115 width=4)
	  Index Cond: ((k >= 4511603) AND (k <= 4511703))

table 2 : explain SELECT k FROM sbtest2 WHERE k BETWEEN 4511603 AND 4511703
	Index Only Scan using k_2 on sbtest2  (cost=0.43..6.42 rows=99 width=4)
	  Index Cond: ((k >= 4511603) AND (k <= 4511703))

table 3 : explain SELECT k FROM sbtest3 WHERE k BETWEEN 4511603 AND 4511703
	Index Only Scan using k_3 on sbtest3  (cost=0.43..6.42 rows=99 width=4)
	  Index Cond: ((k >= 4511603) AND (k <= 4511703))

table 4 : explain SELECT k FROM sbtest4 WHERE k BETWEEN 4511603 AND 4511703
	Index Only Scan using k_4 on sbtest4  (cost=0.43..6.43 rows=100 width=4)
	  Index Cond: ((k >= 4511603) AND (k <= 4511703))

table 5 : explain SELECT k FROM sbtest5 WHERE k BETWEEN 4511603 AND 4511703
	Index Only Scan using k_5 on sbtest5  (cost=0.43..6.50 rows=103 width=4)
	  Index Cond: ((k >= 4511603) AND (k <= 4511703))

table 6 : explain SELECT k FROM sbtest6 WHERE k BETWEEN 4511603 AND 4511703
	Index Only Scan using k_6 on sbtest6  (cost=0.43..6.63 rows=110 width=4)
	  Index Cond: ((k >= 4511603) AND (k <= 4511703))

table 7 : explain SELECT k FROM sbtest7 WHERE k BETWEEN 4511603 AND 4511703
	Index Only Scan using k_7 on sbtest7  (cost=0.43..6.56 rows=106 width=4)
	  Index Cond: ((k >= 4511603) AND (k <= 4511703))

table 8 : explain SELECT k FROM sbtest8 WHERE k BETWEEN 4511603 AND 4511703
	Index Only Scan using k_8 on sbtest8  (cost=0.43..6.45 rows=101 width=4)
	  Index Cond: ((k >= 4511603) AND (k <= 4511703))

explain: for range-covered :: explain SELECT k FROM sbtest%d WHERE k BETWEEN 7338644 AND 7338744
for range-covered
table 1 : explain SELECT k FROM sbtest1 WHERE k BETWEEN 4116627 AND 4116727
	Index Only Scan using k_1 on sbtest1  (cost=0.43..6.63 rows=110 width=4)
	  Index Cond: ((k >= 4116627) AND (k <= 4116727))

table 2 : explain SELECT k FROM sbtest2 WHERE k BETWEEN 4116627 AND 4116727
	Index Only Scan using k_2 on sbtest2  (cost=0.43..6.47 rows=102 width=4)
	  Index Cond: ((k >= 4116627) AND (k <= 4116727))

table 3 : explain SELECT k FROM sbtest3 WHERE k BETWEEN 4116627 AND 4116727
	Index Only Scan using k_3 on sbtest3  (cost=0.43..6.47 rows=102 width=4)
	  Index Cond: ((k >= 4116627) AND (k <= 4116727))

table 4 : explain SELECT k FROM sbtest4 WHERE k BETWEEN 4116627 AND 4116727
	Index Only Scan using k_4 on sbtest4  (cost=0.43..6.45 rows=101 width=4)
	  Index Cond: ((k >= 4116627) AND (k <= 4116727))

table 5 : explain SELECT k FROM sbtest5 WHERE k BETWEEN 4116627 AND 4116727
	Index Only Scan using k_5 on sbtest5  (cost=0.43..6.53 rows=105 width=4)
	  Index Cond: ((k >= 4116627) AND (k <= 4116727))

table 6 : explain SELECT k FROM sbtest6 WHERE k BETWEEN 4116627 AND 4116727
	Index Only Scan using k_6 on sbtest6  (cost=0.43..6.50 rows=103 width=4)
	  Index Cond: ((k >= 4116627) AND (k <= 4116727))

table 7 : explain SELECT k FROM sbtest7 WHERE k BETWEEN 4116627 AND 4116727
	Index Only Scan using k_7 on sbtest7  (cost=0.43..6.43 rows=100 width=4)
	  Index Cond: ((k >= 4116627) AND (k <= 4116727))

table 8 : explain SELECT k FROM sbtest8 WHERE k BETWEEN 4116627 AND 4116727
	Index Only Scan using k_8 on sbtest8  (cost=0.43..6.37 rows=97 width=4)
	  Index Cond: ((k >= 4116627) AND (k <= 4116727))

explain: for range-covered :: explain SELECT k FROM sbtest%d WHERE k BETWEEN 4511603 AND 4511703
explain: for range-covered :: explain SELECT k FROM sbtest%d WHERE k BETWEEN 4116627 AND 4116727
explain: for range-covered :: explain SELECT k FROM sbtest%d WHERE k BETWEEN 6283272 AND 6283372
for range-covered
table 1 : explain SELECT k FROM sbtest1 WHERE k BETWEEN 4553235 AND 4553335
	Index Only Scan using k_1 on sbtest1  (cost=0.43..6.35 rows=96 width=4)
	  Index Cond: ((k >= 4553235) AND (k <= 4553335))

table 2 : explain SELECT k FROM sbtest2 WHERE k BETWEEN 4553235 AND 4553335
	Index Only Scan using k_2 on sbtest2  (cost=0.43..6.21 rows=89 width=4)
	  Index Cond: ((k >= 4553235) AND (k <= 4553335))

table 3 : explain SELECT k FROM sbtest3 WHERE k BETWEEN 4553235 AND 4553335
	Index Only Scan using k_3 on sbtest3  (cost=0.43..6.42 rows=99 width=4)
	  Index Cond: ((k >= 4553235) AND (k <= 4553335))

table 4 : explain SELECT k FROM sbtest4 WHERE k BETWEEN 4553235 AND 4553335
	Index Only Scan using k_4 on sbtest4  (cost=0.43..6.37 rows=97 width=4)
	  Index Cond: ((k >= 4553235) AND (k <= 4553335))

table 5 : explain SELECT k FROM sbtest5 WHERE k BETWEEN 4553235 AND 4553335
	Index Only Scan using k_5 on sbtest5  (cost=0.43..6.50 rows=103 width=4)
	  Index Cond: ((k >= 4553235) AND (k <= 4553335))

table 6 : explain SELECT k FROM sbtest6 WHERE k BETWEEN 4553235 AND 4553335
	Index Only Scan using k_6 on sbtest6  (cost=0.43..6.63 rows=110 width=4)
	  Index Cond: ((k >= 4553235) AND (k <= 4553335))

table 7 : explain SELECT k FROM sbtest7 WHERE k BETWEEN 4553235 AND 4553335
	Index Only Scan using k_7 on sbtest7  (cost=0.43..6.42 rows=99 width=4)
	  Index Cond: ((k >= 4553235) AND (k <= 4553335))

table 8 : explain SELECT k FROM sbtest8 WHERE k BETWEEN 4553235 AND 4553335
	Index Only Scan using k_8 on sbtest8  (cost=0.43..6.45 rows=101 width=4)
	  Index Cond: ((k >= 4553235) AND (k <= 4553335))

explain: for range-covered :: explain SELECT k FROM sbtest%d WHERE k BETWEEN 3079525 AND 3079625
explain: for range-covered :: explain SELECT k FROM sbtest%d WHERE k BETWEEN 4553235 AND 4553335
for range-covered
table 1 : explain SELECT k FROM sbtest1 WHERE k BETWEEN 4131627 AND 4131727
	Index Only Scan using k_1 on sbtest1  (cost=0.43..6.56 rows=106 width=4)
	  Index Cond: ((k >= 4131627) AND (k <= 4131727))

table 2 : explain SELECT k FROM sbtest2 WHERE k BETWEEN 4131627 AND 4131727
	Index Only Scan using k_2 on sbtest2  (cost=0.43..6.63 rows=110 width=4)
	  Index Cond: ((k >= 4131627) AND (k <= 4131727))

table 3 : explain SELECT k FROM sbtest3 WHERE k BETWEEN 4131627 AND 4131727
	Index Only Scan using k_3 on sbtest3  (cost=0.43..6.47 rows=102 width=4)
	  Index Cond: ((k >= 4131627) AND (k <= 4131727))

table 4 : explain SELECT k FROM sbtest4 WHERE k BETWEEN 4131627 AND 4131727
	Index Only Scan using k_4 on sbtest4  (cost=0.43..6.32 rows=94 width=4)
	  Index Cond: ((k >= 4131627) AND (k <= 4131727))

table 5 : explain SELECT k FROM sbtest5 WHERE k BETWEEN 4131627 AND 4131727
	Index Only Scan using k_5 on sbtest5  (cost=0.43..6.53 rows=105 width=4)
	  Index Cond: ((k >= 4131627) AND (k <= 4131727))

table 6 : explain SELECT k FROM sbtest6 WHERE k BETWEEN 4131627 AND 4131727
	Index Only Scan using k_6 on sbtest6  (cost=0.43..6.50 rows=103 width=4)
	  Index Cond: ((k >= 4131627) AND (k <= 4131727))

table 7 : explain SELECT k FROM sbtest7 WHERE k BETWEEN 4131627 AND 4131727
	Index Only Scan using k_7 on sbtest7  (cost=0.43..6.43 rows=100 width=4)
	  Index Cond: ((k >= 4131627) AND (k <= 4131727))

table 8 : explain SELECT k FROM sbtest8 WHERE k BETWEEN 4131627 AND 4131727
	Index Only Scan using k_8 on sbtest8  (cost=0.43..6.37 rows=97 width=4)
	  Index Cond: ((k >= 4131627) AND (k <= 4131727))

explain: for range-covered :: explain SELECT k FROM sbtest%d WHERE k BETWEEN 4131627 AND 4131727
for range-covered
table 1 : explain SELECT k FROM sbtest1 WHERE k BETWEEN 7338644 AND 7338744
	Index Only Scan using k_1 on sbtest1  (cost=0.43..6.40 rows=98 width=4)
	  Index Cond: ((k >= 7338644) AND (k <= 7338744))

table 2 : explain SELECT k FROM sbtest2 WHERE k BETWEEN 7338644 AND 7338744
	Index Only Scan using k_2 on sbtest2  (cost=0.43..6.50 rows=103 width=4)
	  Index Cond: ((k >= 7338644) AND (k <= 7338744))

table 3 : explain SELECT k FROM sbtest3 WHERE k BETWEEN 7338644 AND 7338744
	Index Only Scan using k_3 on sbtest3  (cost=0.43..6.45 rows=101 width=4)
	  Index Cond: ((k >= 7338644) AND (k <= 7338744))

table 4 : explain SELECT k FROM sbtest4 WHERE k BETWEEN 7338644 AND 7338744
	Index Only Scan using k_4 on sbtest4  (cost=0.43..6.51 rows=104 width=4)
	  Index Cond: ((k >= 7338644) AND (k <= 7338744))

table 5 : explain SELECT k FROM sbtest5 WHERE k BETWEEN 7338644 AND 7338744
	Index Only Scan using k_5 on sbtest5  (cost=0.43..6.45 rows=101 width=4)
	  Index Cond: ((k >= 7338644) AND (k <= 7338744))

table 6 : explain SELECT k FROM sbtest6 WHERE k BETWEEN 7338644 AND 7338744
	Index Only Scan using k_6 on sbtest6  (cost=0.43..6.21 rows=89 width=4)
	  Index Cond: ((k >= 7338644) AND (k <= 7338744))

table 7 : explain SELECT k FROM sbtest7 WHERE k BETWEEN 7338644 AND 7338744
	Index Only Scan using k_7 on sbtest7  (cost=0.43..6.63 rows=110 width=4)
	  Index Cond: ((k >= 7338644) AND (k <= 7338744))

table 8 : explain SELECT k FROM sbtest8 WHERE k BETWEEN 7338644 AND 7338744
	Index Only Scan using k_8 on sbtest8  (cost=0.43..6.69 rows=113 width=4)
	  Index Cond: ((k >= 7338644) AND (k <= 7338744))

for range-covered
table 1 : explain SELECT k FROM sbtest1 WHERE k BETWEEN 4511603 AND 4511703
	Index Only Scan using k_1 on sbtest1  (cost=0.43..6.74 rows=115 width=4)
	  Index Cond: ((k >= 4511603) AND (k <= 4511703))

table 2 : explain SELECT k FROM sbtest2 WHERE k BETWEEN 4511603 AND 4511703
	Index Only Scan using k_2 on sbtest2  (cost=0.43..6.42 rows=99 width=4)
	  Index Cond: ((k >= 4511603) AND (k <= 4511703))

table 3 : explain SELECT k FROM sbtest3 WHERE k BETWEEN 4511603 AND 4511703
	Index Only Scan using k_3 on sbtest3  (cost=0.43..6.42 rows=99 width=4)
	  Index Cond: ((k >= 4511603) AND (k <= 4511703))

table 4 : explain SELECT k FROM sbtest4 WHERE k BETWEEN 4511603 AND 4511703
	Index Only Scan using k_4 on sbtest4  (cost=0.43..6.43 rows=100 width=4)
	  Index Cond: ((k >= 4511603) AND (k <= 4511703))

table 5 : explain SELECT k FROM sbtest5 WHERE k BETWEEN 4511603 AND 4511703
	Index Only Scan using k_5 on sbtest5  (cost=0.43..6.50 rows=103 width=4)
	  Index Cond: ((k >= 4511603) AND (k <= 4511703))

table 6 : explain SELECT k FROM sbtest6 WHERE k BETWEEN 4511603 AND 4511703
	Index Only Scan using k_6 on sbtest6  (cost=0.43..6.63 rows=110 width=4)
	  Index Cond: ((k >= 4511603) AND (k <= 4511703))

table 7 : explain SELECT k FROM sbtest7 WHERE k BETWEEN 4511603 AND 4511703
	Index Only Scan using k_7 on sbtest7  (cost=0.43..6.56 rows=106 width=4)
	  Index Cond: ((k >= 4511603) AND (k <= 4511703))

table 8 : explain SELECT k FROM sbtest8 WHERE k BETWEEN 4511603 AND 4511703
	Index Only Scan using k_8 on sbtest8  (cost=0.43..6.45 rows=101 width=4)
	  Index Cond: ((k >= 4511603) AND (k <= 4511703))

explain: for range-covered :: explain SELECT k FROM sbtest%d WHERE k BETWEEN 7338644 AND 7338744
for range-covered
table 1 : explain SELECT k FROM sbtest1 WHERE k BETWEEN 4116627 AND 4116727
	Index Only Scan using k_1 on sbtest1  (cost=0.43..6.63 rows=110 width=4)
	  Index Cond: ((k >= 4116627) AND (k <= 4116727))

table 2 : explain SELECT k FROM sbtest2 WHERE k BETWEEN 4116627 AND 4116727
	Index Only Scan using k_2 on sbtest2  (cost=0.43..6.47 rows=102 width=4)
	  Index Cond: ((k >= 4116627) AND (k <= 4116727))

table 3 : explain SELECT k FROM sbtest3 WHERE k BETWEEN 4116627 AND 4116727
	Index Only Scan using k_3 on sbtest3  (cost=0.43..6.47 rows=102 width=4)
	  Index Cond: ((k >= 4116627) AND (k <= 4116727))

table 4 : explain SELECT k FROM sbtest4 WHERE k BETWEEN 4116627 AND 4116727
	Index Only Scan using k_4 on sbtest4  (cost=0.43..6.45 rows=101 width=4)
	  Index Cond: ((k >= 4116627) AND (k <= 4116727))

table 5 : explain SELECT k FROM sbtest5 WHERE k BETWEEN 4116627 AND 4116727
	Index Only Scan using k_5 on sbtest5  (cost=0.43..6.53 rows=105 width=4)
	  Index Cond: ((k >= 4116627) AND (k <= 4116727))

table 6 : explain SELECT k FROM sbtest6 WHERE k BETWEEN 4116627 AND 4116727
	Index Only Scan using k_6 on sbtest6  (cost=0.43..6.50 rows=103 width=4)
	  Index Cond: ((k >= 4116627) AND (k <= 4116727))

table 7 : explain SELECT k FROM sbtest7 WHERE k BETWEEN 4116627 AND 4116727
	Index Only Scan using k_7 on sbtest7  (cost=0.43..6.43 rows=100 width=4)
	  Index Cond: ((k >= 4116627) AND (k <= 4116727))

table 8 : explain SELECT k FROM sbtest8 WHERE k BETWEEN 4116627 AND 4116727
	Index Only Scan using k_8 on sbtest8  (cost=0.43..6.37 rows=97 width=4)
	  Index Cond: ((k >= 4116627) AND (k <= 4116727))
explain: for range-covered :: explain SELECT k FROM sbtest%d WHERE k BETWEEN 4511603 AND 4511703
explain: for range-covered :: explain SELECT k FROM sbtest%d WHERE k BETWEEN 4655240 AND 4655340

for range-covered
table 1 : explain SELECT k FROM sbtest1 WHERE k BETWEEN 6283272 AND 6283372
	Index Only Scan using k_1 on sbtest1  (cost=0.43..6.33 rows=95 width=4)
	  Index Cond: ((k >= 6283272) AND (k <= 6283372))

table 2 : explain SELECT k FROM sbtest2 WHERE k BETWEEN 6283272 AND 6283372
	Index Only Scan using k_2 on sbtest2  (cost=0.43..6.61 rows=109 width=4)
	  Index Cond: ((k >= 6283272) AND (k <= 6283372))

table 3 : explain SELECT k FROM sbtest3 WHERE k BETWEEN 6283272 AND 6283372
	Index Only Scan using k_3 on sbtest3  (cost=0.43..6.50 rows=103 width=4)
	  Index Cond: ((k >= 6283272) AND (k <= 6283372))

table 4 : explain SELECT k FROM sbtest4 WHERE k BETWEEN 6283272 AND 6283372
	Index Only Scan using k_4 on sbtest4  (cost=0.43..6.32 rows=94 width=4)
	  Index Cond: ((k >= 6283272) AND (k <= 6283372))

table 5 : explain SELECT k FROM sbtest5 WHERE k BETWEEN 6283272 AND 6283372
	Index Only Scan using k_5 on sbtest5  (cost=0.43..6.43 rows=100 width=4)
	  Index Cond: ((k >= 6283272) AND (k <= 6283372))

table 6 : explain SELECT k FROM sbtest6 WHERE k BETWEEN 6283272 AND 6283372
	Index Only Scan using k_6 on sbtest6  (cost=0.43..6.37 rows=97 width=4)
	  Index Cond: ((k >= 6283272) AND (k <= 6283372))

table 7 : explain SELECT k FROM sbtest7 WHERE k BETWEEN 6283272 AND 6283372
	Index Only Scan using k_7 on sbtest7  (cost=0.43..6.72 rows=114 width=4)
	  Index Cond: ((k >= 6283272) AND (k <= 6283372))

table 8 : explain SELECT k FROM sbtest8 WHERE k BETWEEN 6283272 AND 6283372
	Index Only Scan using k_8 on sbtest8  (cost=0.43..6.53 rows=105 width=4)
	  Index Cond: ((k >= 6283272) AND (k <= 6283372))

explain: for range-covered :: explain SELECT k FROM sbtest%d WHERE k BETWEEN 6283272 AND 6283372
for range-covered
table 1 : explain SELECT k FROM sbtest1 WHERE k BETWEEN 7338644 AND 7338744
	Index Only Scan using k_1 on sbtest1  (cost=0.43..6.40 rows=98 width=4)
	  Index Cond: ((k >= 7338644) AND (k <= 7338744))

table 2 : explain SELECT k FROM sbtest2 WHERE k BETWEEN 7338644 AND 7338744
	Index Only Scan using k_2 on sbtest2  (cost=0.43..6.50 rows=103 width=4)
	  Index Cond: ((k >= 7338644) AND (k <= 7338744))

table 3 : explain SELECT k FROM sbtest3 WHERE k BETWEEN 7338644 AND 7338744
	Index Only Scan using k_3 on sbtest3  (cost=0.43..6.45 rows=101 width=4)
	  Index Cond: ((k >= 7338644) AND (k <= 7338744))

table 4 : explain SELECT k FROM sbtest4 WHERE k BETWEEN 7338644 AND 7338744
	Index Only Scan using k_4 on sbtest4  (cost=0.43..6.51 rows=104 width=4)
	  Index Cond: ((k >= 7338644) AND (k <= 7338744))

table 5 : explain SELECT k FROM sbtest5 WHERE k BETWEEN 7338644 AND 7338744
	Index Only Scan using k_5 on sbtest5  (cost=0.43..6.45 rows=101 width=4)
	  Index Cond: ((k >= 7338644) AND (k <= 7338744))

table 6 : explain SELECT k FROM sbtest6 WHERE k BETWEEN 7338644 AND 7338744
	Index Only Scan using k_6 on sbtest6  (cost=0.43..6.21 rows=89 width=4)
	  Index Cond: ((k >= 7338644) AND (k <= 7338744))

table 7 : explain SELECT k FROM sbtest7 WHERE k BETWEEN 7338644 AND 7338744
	Index Only Scan using k_7 on sbtest7  (cost=0.43..6.63 rows=110 width=4)
	  Index Cond: ((k >= 7338644) AND (k <= 7338744))

table 8 : explain SELECT k FROM sbtest8 WHERE k BETWEEN 7338644 AND 7338744
	Index Only Scan using k_8 on sbtest8  (cost=0.43..6.69 rows=113 width=4)
	  Index Cond: ((k >= 7338644) AND (k <= 7338744))

for range-covered
table 1 : explain SELECT k FROM sbtest1 WHERE k BETWEEN 4511603 AND 4511703
	Index Only Scan using k_1 on sbtest1  (cost=0.43..6.74 rows=115 width=4)
	  Index Cond: ((k >= 4511603) AND (k <= 4511703))

table 2 : explain SELECT k FROM sbtest2 WHERE k BETWEEN 4511603 AND 4511703
	Index Only Scan using k_2 on sbtest2  (cost=0.43..6.42 rows=99 width=4)
	  Index Cond: ((k >= 4511603) AND (k <= 4511703))

table 3 : explain SELECT k FROM sbtest3 WHERE k BETWEEN 4511603 AND 4511703
	Index Only Scan using k_3 on sbtest3  (cost=0.43..6.42 rows=99 width=4)
	  Index Cond: ((k >= 4511603) AND (k <= 4511703))

table 4 : explain SELECT k FROM sbtest4 WHERE k BETWEEN 4511603 AND 4511703
	Index Only Scan using k_4 on sbtest4  (cost=0.43..6.43 rows=100 width=4)
	  Index Cond: ((k >= 4511603) AND (k <= 4511703))

table 5 : explain SELECT k FROM sbtest5 WHERE k BETWEEN 4511603 AND 4511703
	Index Only Scan using k_5 on sbtest5  (cost=0.43..6.50 rows=103 width=4)
	  Index Cond: ((k >= 4511603) AND (k <= 4511703))

table 6 : explain SELECT k FROM sbtest6 WHERE k BETWEEN 4511603 AND 4511703
	Index Only Scan using k_6 on sbtest6  (cost=0.43..6.63 rows=110 width=4)
	  Index Cond: ((k >= 4511603) AND (k <= 4511703))

table 7 : explain SELECT k FROM sbtest7 WHERE k BETWEEN 4511603 AND 4511703
	Index Only Scan using k_7 on sbtest7  (cost=0.43..6.56 rows=106 width=4)
	  Index Cond: ((k >= 4511603) AND (k <= 4511703))

table 8 : explain SELECT k FROM sbtest8 WHERE k BETWEEN 4511603 AND 4511703
	Index Only Scan using k_8 on sbtest8  (cost=0.43..6.45 rows=101 width=4)
	  Index Cond: ((k >= 4511603) AND (k <= 4511703))
explain: for range-covered :: explain SELECT k FROM sbtest%d WHERE k BETWEEN 7338644 AND 7338744
for range-covered
table 1 : explain SELECT k FROM sbtest1 WHERE k BETWEEN 4553235 AND 4553335
	Index Only Scan using k_1 on sbtest1  (cost=0.43..6.35 rows=96 width=4)
	  Index Cond: ((k >= 4553235) AND (k <= 4553335))

table 2 : explain SELECT k FROM sbtest2 WHERE k BETWEEN 4553235 AND 4553335
	Index Only Scan using k_2 on sbtest2  (cost=0.43..6.21 rows=89 width=4)
	  Index Cond: ((k >= 4553235) AND (k <= 4553335))

table 3 : explain SELECT k FROM sbtest3 WHERE k BETWEEN 4553235 AND 4553335
	Index Only Scan using k_3 on sbtest3  (cost=0.43..6.42 rows=99 width=4)
	  Index Cond: ((k >= 4553235) AND (k <= 4553335))

table 4 : explain SELECT k FROM sbtest4 WHERE k BETWEEN 4553235 AND 4553335
	Index Only Scan using k_4 on sbtest4  (cost=0.43..6.37 rows=97 width=4)
	  Index Cond: ((k >= 4553235) AND (k <= 4553335))

table 5 : explain SELECT k FROM sbtest5 WHERE k BETWEEN 4553235 AND 4553335
	Index Only Scan using k_5 on sbtest5  (cost=0.43..6.50 rows=103 width=4)
	  Index Cond: ((k >= 4553235) AND (k <= 4553335))

table 6 : explain SELECT k FROM sbtest6 WHERE k BETWEEN 4553235 AND 4553335
	Index Only Scan using k_6 on sbtest6  (cost=0.43..6.63 rows=110 width=4)
	  Index Cond: ((k >= 4553235) AND (k <= 4553335))

table 7 : explain SELECT k FROM sbtest7 WHERE k BETWEEN 4553235 AND 4553335
	Index Only Scan using k_7 on sbtest7  (cost=0.43..6.42 rows=99 width=4)
	  Index Cond: ((k >= 4553235) AND (k <= 4553335))

table 8 : explain SELECT k FROM sbtest8 WHERE k BETWEEN 4553235 AND 4553335
	Index Only Scan using k_8 on sbtest8  (cost=0.43..6.45 rows=101 width=4)
	  Index Cond: ((k >= 4553235) AND (k <= 4553335))
explain: for range-covered :: explain SELECT k FROM sbtest%d WHERE k BETWEEN 3142940 AND 3143040


explain: for range-covered :: explain SELECT k FROM sbtest%d WHERE k BETWEEN 4511603 AND 4511703
explain: for range-covered :: explain SELECT k FROM sbtest%d WHERE k BETWEEN 4116627 AND 4116727
for range-covered
table 1 : explain SELECT k FROM sbtest1 WHERE k BETWEEN 3079525 AND 3079625
	Index Only Scan using k_1 on sbtest1  (cost=0.43..6.59 rows=108 width=4)
	  Index Cond: ((k >= 3079525) AND (k <= 3079625))

table 2 : explain SELECT k FROM sbtest2 WHERE k BETWEEN 3079525 AND 3079625
	Index Only Scan using k_2 on sbtest2  (cost=0.43..6.53 rows=105 width=4)
	  Index Cond: ((k >= 3079525) AND (k <= 3079625))

table 3 : explain SELECT k FROM sbtest3 WHERE k BETWEEN 3079525 AND 3079625
	Index Only Scan using k_3 on sbtest3  (cost=0.43..6.47 rows=102 width=4)
	  Index Cond: ((k >= 3079525) AND (k <= 3079625))

table 4 : explain SELECT k FROM sbtest4 WHERE k BETWEEN 3079525 AND 3079625
	Index Only Scan using k_4 on sbtest4  (cost=0.43..6.53 rows=105 width=4)
	  Index Cond: ((k >= 3079525) AND (k <= 3079625))

table 5 : explain SELECT k FROM sbtest5 WHERE k BETWEEN 3079525 AND 3079625
	Index Only Scan using k_5 on sbtest5  (cost=0.43..6.45 rows=101 width=4)
	  Index Cond: ((k >= 3079525) AND (k <= 3079625))

table 6 : explain SELECT k FROM sbtest6 WHERE k BETWEEN 3079525 AND 3079625
	Index Only Scan using k_6 on sbtest6  (cost=0.43..6.53 rows=105 width=4)
	  Index Cond: ((k >= 3079525) AND (k <= 3079625))

table 7 : explain SELECT k FROM sbtest7 WHERE k BETWEEN 3079525 AND 3079625
	Index Only Scan using k_7 on sbtest7  (cost=0.43..6.43 rows=100 width=4)
	  Index Cond: ((k >= 3079525) AND (k <= 3079625))

table 8 : explain SELECT k FROM sbtest8 WHERE k BETWEEN 3079525 AND 3079625
	Index Only Scan using k_8 on sbtest8  (cost=0.43..6.33 rows=95 width=4)
	  Index Cond: ((k >= 3079525) AND (k <= 3079625))

explain: for range-covered :: explain SELECT k FROM sbtest%d WHERE k BETWEEN 4553235 AND 4553335
for range-covered
table 1 : explain SELECT k FROM sbtest1 WHERE k BETWEEN 5886895 AND 5886995
	Index Only Scan using k_1 on sbtest1  (cost=0.43..6.37 rows=97 width=4)
	  Index Cond: ((k >= 5886895) AND (k <= 5886995))

table 2 : explain SELECT k FROM sbtest2 WHERE k BETWEEN 5886895 AND 5886995
	Index Only Scan using k_2 on sbtest2  (cost=0.43..6.45 rows=101 width=4)
	  Index Cond: ((k >= 5886895) AND (k <= 5886995))

table 3 : explain SELECT k FROM sbtest3 WHERE k BETWEEN 5886895 AND 5886995
	Index Only Scan using k_3 on sbtest3  (cost=0.43..6.63 rows=110 width=4)
	  Index Cond: ((k >= 5886895) AND (k <= 5886995))

table 4 : explain SELECT k FROM sbtest4 WHERE k BETWEEN 5886895 AND 5886995
	Index Only Scan using k_4 on sbtest4  (cost=0.43..6.56 rows=106 width=4)
	  Index Cond: ((k >= 5886895) AND (k <= 5886995))

table 5 : explain SELECT k FROM sbtest5 WHERE k BETWEEN 5886895 AND 5886995
	Index Only Scan using k_5 on sbtest5  (cost=0.43..6.32 rows=94 width=4)
	  Index Cond: ((k >= 5886895) AND (k <= 5886995))

table 6 : explain SELECT k FROM sbtest6 WHERE k BETWEEN 5886895 AND 5886995
	Index Only Scan using k_6 on sbtest6  (cost=0.43..6.33 rows=95 width=4)
	  Index Cond: ((k >= 5886895) AND (k <= 5886995))

table 7 : explain SELECT k FROM sbtest7 WHERE k BETWEEN 5886895 AND 5886995
	Index Only Scan using k_7 on sbtest7  (cost=0.43..6.66 rows=111 width=4)
	  Index Cond: ((k >= 5886895) AND (k <= 5886995))

table 8 : explain SELECT k FROM sbtest8 WHERE k BETWEEN 5886895 AND 5886995
	Index Only Scan using k_8 on sbtest8  (cost=0.43..6.35 rows=96 width=4)
	  Index Cond: ((k >= 5886895) AND (k <= 5886995))

explain: for range-covered :: explain SELECT k FROM sbtest%d WHERE k BETWEEN 3079525 AND 3079625
for range-covered
table 1 : explain SELECT k FROM sbtest1 WHERE k BETWEEN 5818471 AND 5818571
	Index Only Scan using k_1 on sbtest1  (cost=0.43..6.37 rows=97 width=4)
	  Index Cond: ((k >= 5818471) AND (k <= 5818571))

table 2 : explain SELECT k FROM sbtest2 WHERE k BETWEEN 5818471 AND 5818571
	Index Only Scan using k_2 on sbtest2  (cost=0.43..6.45 rows=101 width=4)
	  Index Cond: ((k >= 5818471) AND (k <= 5818571))

table 3 : explain SELECT k FROM sbtest3 WHERE k BETWEEN 5818471 AND 5818571
	Index Only Scan using k_3 on sbtest3  (cost=0.43..6.53 rows=105 width=4)
	  Index Cond: ((k >= 5818471) AND (k <= 5818571))

table 4 : explain SELECT k FROM sbtest4 WHERE k BETWEEN 5818471 AND 5818571
	Index Only Scan using k_4 on sbtest4  (cost=0.43..6.42 rows=99 width=4)
	  Index Cond: ((k >= 5818471) AND (k <= 5818571))

table 5 : explain SELECT k FROM sbtest5 WHERE k BETWEEN 5818471 AND 5818571
	Index Only Scan using k_5 on sbtest5  (cost=0.43..6.59 rows=108 width=4)
	  Index Cond: ((k >= 5818471) AND (k <= 5818571))

table 6 : explain SELECT k FROM sbtest6 WHERE k BETWEEN 5818471 AND 5818571
	Index Only Scan using k_6 on sbtest6  (cost=0.43..6.33 rows=95 width=4)
	  Index Cond: ((k >= 5818471) AND (k <= 5818571))

table 7 : explain SELECT k FROM sbtest7 WHERE k BETWEEN 5818471 AND 5818571
	Index Only Scan using k_7 on sbtest7  (cost=0.43..6.59 rows=108 width=4)
	  Index Cond: ((k >= 5818471) AND (k <= 5818571))

table 8 : explain SELECT k FROM sbtest8 WHERE k BETWEEN 5818471 AND 5818571
	Index Only Scan using k_8 on sbtest8  (cost=0.43..6.35 rows=96 width=4)
	  Index Cond: ((k >= 5818471) AND (k <= 5818571))

for range-covered
table 1 : explain SELECT k FROM sbtest1 WHERE k BETWEEN 4131627 AND 4131727
	Index Only Scan using k_1 on sbtest1  (cost=0.43..6.56 rows=106 width=4)
	  Index Cond: ((k >= 4131627) AND (k <= 4131727))

table 2 : explain SELECT k FROM sbtest2 WHERE k BETWEEN 4131627 AND 4131727
	Index Only Scan using k_2 on sbtest2  (cost=0.43..6.63 rows=110 width=4)
	  Index Cond: ((k >= 4131627) AND (k <= 4131727))

table 3 : explain SELECT k FROM sbtest3 WHERE k BETWEEN 4131627 AND 4131727
	Index Only Scan using k_3 on sbtest3  (cost=0.43..6.47 rows=102 width=4)
	  Index Cond: ((k >= 4131627) AND (k <= 4131727))

table 4 : explain SELECT k FROM sbtest4 WHERE k BETWEEN 4131627 AND 4131727
	Index Only Scan using k_4 on sbtest4  (cost=0.43..6.32 rows=94 width=4)
	  Index Cond: ((k >= 4131627) AND (k <= 4131727))

table 5 : explain SELECT k FROM sbtest5 WHERE k BETWEEN 4131627 AND 4131727
	Index Only Scan using k_5 on sbtest5  (cost=0.43..6.53 rows=105 width=4)
	  Index Cond: ((k >= 4131627) AND (k <= 4131727))

table 6 : explain SELECT k FROM sbtest6 WHERE k BETWEEN 4131627 AND 4131727
	Index Only Scan using k_6 on sbtest6  (cost=0.43..6.50 rows=103 width=4)
	  Index Cond: ((k >= 4131627) AND (k <= 4131727))

table 7 : explain SELECT k FROM sbtest7 WHERE k BETWEEN 4131627 AND 4131727
	Index Only Scan using k_7 on sbtest7  (cost=0.43..6.43 rows=100 width=4)
	  Index Cond: ((k >= 4131627) AND (k <= 4131727))

table 8 : explain SELECT k FROM sbtest8 WHERE k BETWEEN 4131627 AND 4131727
	Index Only Scan using k_8 on sbtest8  (cost=0.43..6.37 rows=97 width=4)
	  Index Cond: ((k >= 4131627) AND (k <= 4131727))

for range-covered
table 1 : explain SELECT k FROM sbtest1 WHERE k BETWEEN 4796578 AND 4796678
	Index Only Scan using k_1 on sbtest1  (cost=0.43..6.59 rows=108 width=4)
	  Index Cond: ((k >= 4796578) AND (k <= 4796678))

table 2 : explain SELECT k FROM sbtest2 WHERE k BETWEEN 4796578 AND 4796678
	Index Only Scan using k_2 on sbtest2  (cost=0.43..6.58 rows=107 width=4)
	  Index Cond: ((k >= 4796578) AND (k <= 4796678))

table 3 : explain SELECT k FROM sbtest3 WHERE k BETWEEN 4796578 AND 4796678
	Index Only Scan using k_3 on sbtest3  (cost=0.43..6.42 rows=99 width=4)
	  Index Cond: ((k >= 4796578) AND (k <= 4796678))

table 4 : explain SELECT k FROM sbtest4 WHERE k BETWEEN 4796578 AND 4796678
	Index Only Scan using k_4 on sbtest4  (cost=0.43..6.63 rows=110 width=4)
	  Index Cond: ((k >= 4796578) AND (k <= 4796678))

table 5 : explain SELECT k FROM sbtest5 WHERE k BETWEEN 4796578 AND 4796678
	Index Only Scan using k_5 on sbtest5  (cost=0.43..6.56 rows=106 width=4)
	  Index Cond: ((k >= 4796578) AND (k <= 4796678))

table 6 : explain SELECT k FROM sbtest6 WHERE k BETWEEN 4796578 AND 4796678
	Index Only Scan using k_6 on sbtest6  (cost=0.43..6.63 rows=110 width=4)
	  Index Cond: ((k >= 4796578) AND (k <= 4796678))

table 7 : explain SELECT k FROM sbtest7 WHERE k BETWEEN 4796578 AND 4796678
	Index Only Scan using k_7 on sbtest7  (cost=0.43..6.85 rows=121 width=4)
	  Index Cond: ((k >= 4796578) AND (k <= 4796678))

table 8 : explain SELECT k FROM sbtest8 WHERE k BETWEEN 4796578 AND 4796678
	Index Only Scan using k_8 on sbtest8  (cost=0.43..6.47 rows=102 width=4)
	  Index Cond: ((k >= 4796578) AND (k <= 4796678))

explain: for range-covered :: explain SELECT k FROM sbtest%d WHERE k BETWEEN 4131627 AND 4131727
for range-covered
table 1 : explain SELECT k FROM sbtest1 WHERE k BETWEEN 7338644 AND 7338744
	Index Only Scan using k_1 on sbtest1  (cost=0.43..6.40 rows=98 width=4)
	  Index Cond: ((k >= 7338644) AND (k <= 7338744))

table 2 : explain SELECT k FROM sbtest2 WHERE k BETWEEN 7338644 AND 7338744
	Index Only Scan using k_2 on sbtest2  (cost=0.43..6.50 rows=103 width=4)
	  Index Cond: ((k >= 7338644) AND (k <= 7338744))

table 3 : explain SELECT k FROM sbtest3 WHERE k BETWEEN 7338644 AND 7338744
	Index Only Scan using k_3 on sbtest3  (cost=0.43..6.45 rows=101 width=4)
	  Index Cond: ((k >= 7338644) AND (k <= 7338744))

table 4 : explain SELECT k FROM sbtest4 WHERE k BETWEEN 7338644 AND 7338744
	Index Only Scan using k_4 on sbtest4  (cost=0.43..6.51 rows=104 width=4)
	  Index Cond: ((k >= 7338644) AND (k <= 7338744))

table 5 : explain SELECT k FROM sbtest5 WHERE k BETWEEN 7338644 AND 7338744
	Index Only Scan using k_5 on sbtest5  (cost=0.43..6.45 rows=101 width=4)
	  Index Cond: ((k >= 7338644) AND (k <= 7338744))

table 6 : explain SELECT k FROM sbtest6 WHERE k BETWEEN 7338644 AND 7338744
	Index Only Scan using k_6 on sbtest6  (cost=0.43..6.21 rows=89 width=4)
	  Index Cond: ((k >= 7338644) AND (k <= 7338744))

table 7 : explain SELECT k FROM sbtest7 WHERE k BETWEEN 7338644 AND 7338744
	Index Only Scan using k_7 on sbtest7  (cost=0.43..6.63 rows=110 width=4)
	  Index Cond: ((k >= 7338644) AND (k <= 7338744))

table 8 : explain SELECT k FROM sbtest8 WHERE k BETWEEN 7338644 AND 7338744
	Index Only Scan using k_8 on sbtest8  (cost=0.43..6.69 rows=113 width=4)
	  Index Cond: ((k >= 7338644) AND (k <= 7338744))

explain: for range-covered :: explain SELECT k FROM sbtest%d WHERE k BETWEEN 5818471 AND 5818571
explain: for range-covered :: explain SELECT k FROM sbtest%d WHERE k BETWEEN 4796578 AND 4796678
for range-covered
table 1 : explain SELECT k FROM sbtest1 WHERE k BETWEEN 4511603 AND 4511703
	Index Only Scan using k_1 on sbtest1  (cost=0.43..6.74 rows=115 width=4)
	  Index Cond: ((k >= 4511603) AND (k <= 4511703))

table 2 : explain SELECT k FROM sbtest2 WHERE k BETWEEN 4511603 AND 4511703
	Index Only Scan using k_2 on sbtest2  (cost=0.43..6.42 rows=99 width=4)
	  Index Cond: ((k >= 4511603) AND (k <= 4511703))

table 3 : explain SELECT k FROM sbtest3 WHERE k BETWEEN 4511603 AND 4511703
	Index Only Scan using k_3 on sbtest3  (cost=0.43..6.42 rows=99 width=4)
	  Index Cond: ((k >= 4511603) AND (k <= 4511703))

table 4 : explain SELECT k FROM sbtest4 WHERE k BETWEEN 4511603 AND 4511703
	Index Only Scan using k_4 on sbtest4  (cost=0.43..6.43 rows=100 width=4)
	  Index Cond: ((k >= 4511603) AND (k <= 4511703))

table 5 : explain SELECT k FROM sbtest5 WHERE k BETWEEN 4511603 AND 4511703
	Index Only Scan using k_5 on sbtest5  (cost=0.43..6.50 rows=103 width=4)
	  Index Cond: ((k >= 4511603) AND (k <= 4511703))

table 6 : explain SELECT k FROM sbtest6 WHERE k BETWEEN 4511603 AND 4511703
	Index Only Scan using k_6 on sbtest6  (cost=0.43..6.63 rows=110 width=4)
	  Index Cond: ((k >= 4511603) AND (k <= 4511703))

table 7 : explain SELECT k FROM sbtest7 WHERE k BETWEEN 4511603 AND 4511703
	Index Only Scan using k_7 on sbtest7  (cost=0.43..6.56 rows=106 width=4)
	  Index Cond: ((k >= 4511603) AND (k <= 4511703))

table 8 : explain SELECT k FROM sbtest8 WHERE k BETWEEN 4511603 AND 4511703
	Index Only Scan using k_8 on sbtest8  (cost=0.43..6.45 rows=101 width=4)
	  Index Cond: ((k >= 4511603) AND (k <= 4511703))

for range-covered
table 1 : explain SELECT k FROM sbtest1 WHERE k BETWEEN 4116627 AND 4116727
	Index Only Scan using k_1 on sbtest1  (cost=0.43..6.63 rows=110 width=4)
	  Index Cond: ((k >= 4116627) AND (k <= 4116727))

table 2 : explain SELECT k FROM sbtest2 WHERE k BETWEEN 4116627 AND 4116727
	Index Only Scan using k_2 on sbtest2  (cost=0.43..6.47 rows=102 width=4)
	  Index Cond: ((k >= 4116627) AND (k <= 4116727))

table 3 : explain SELECT k FROM sbtest3 WHERE k BETWEEN 4116627 AND 4116727
	Index Only Scan using k_3 on sbtest3  (cost=0.43..6.47 rows=102 width=4)
	  Index Cond: ((k >= 4116627) AND (k <= 4116727))

table 4 : explain SELECT k FROM sbtest4 WHERE k BETWEEN 4116627 AND 4116727
	Index Only Scan using k_4 on sbtest4  (cost=0.43..6.45 rows=101 width=4)
	  Index Cond: ((k >= 4116627) AND (k <= 4116727))

table 5 : explain SELECT k FROM sbtest5 WHERE k BETWEEN 4116627 AND 4116727
	Index Only Scan using k_5 on sbtest5  (cost=0.43..6.53 rows=105 width=4)
	  Index Cond: ((k >= 4116627) AND (k <= 4116727))

table 6 : explain SELECT k FROM sbtest6 WHERE k BETWEEN 4116627 AND 4116727
	Index Only Scan using k_6 on sbtest6  (cost=0.43..6.50 rows=103 width=4)
	  Index Cond: ((k >= 4116627) AND (k <= 4116727))

table 7 : explain SELECT k FROM sbtest7 WHERE k BETWEEN 4116627 AND 4116727
	Index Only Scan using k_7 on sbtest7  (cost=0.43..6.43 rows=100 width=4)
	  Index Cond: ((k >= 4116627) AND (k <= 4116727))

table 8 : explain SELECT k FROM sbtest8 WHERE k BETWEEN 4116627 AND 4116727
	Index Only Scan using k_8 on sbtest8  (cost=0.43..6.37 rows=97 width=4)
	  Index Cond: ((k >= 4116627) AND (k <= 4116727))

explain: for range-covered :: explain SELECT k FROM sbtest%d WHERE k BETWEEN 4511603 AND 4511703
explain: for range-covered :: explain SELECT k FROM sbtest%d WHERE k BETWEEN 4116627 AND 4116727
for range-covered
table 1 : explain SELECT k FROM sbtest1 WHERE k BETWEEN 6283272 AND 6283372
	Index Only Scan using k_1 on sbtest1  (cost=0.43..6.33 rows=95 width=4)
	  Index Cond: ((k >= 6283272) AND (k <= 6283372))

table 2 : explain SELECT k FROM sbtest2 WHERE k BETWEEN 6283272 AND 6283372
	Index Only Scan using k_2 on sbtest2  (cost=0.43..6.61 rows=109 width=4)
	  Index Cond: ((k >= 6283272) AND (k <= 6283372))

table 3 : explain SELECT k FROM sbtest3 WHERE k BETWEEN 6283272 AND 6283372
	Index Only Scan using k_3 on sbtest3  (cost=0.43..6.50 rows=103 width=4)
	  Index Cond: ((k >= 6283272) AND (k <= 6283372))

table 4 : explain SELECT k FROM sbtest4 WHERE k BETWEEN 6283272 AND 6283372
	Index Only Scan using k_4 on sbtest4  (cost=0.43..6.32 rows=94 width=4)
	  Index Cond: ((k >= 6283272) AND (k <= 6283372))

table 5 : explain SELECT k FROM sbtest5 WHERE k BETWEEN 6283272 AND 6283372
	Index Only Scan using k_5 on sbtest5  (cost=0.43..6.43 rows=100 width=4)
	  Index Cond: ((k >= 6283272) AND (k <= 6283372))

table 6 : explain SELECT k FROM sbtest6 WHERE k BETWEEN 6283272 AND 6283372
	Index Only Scan using k_6 on sbtest6  (cost=0.43..6.37 rows=97 width=4)
	  Index Cond: ((k >= 6283272) AND (k <= 6283372))

table 7 : explain SELECT k FROM sbtest7 WHERE k BETWEEN 6283272 AND 6283372
	Index Only Scan using k_7 on sbtest7  (cost=0.43..6.72 rows=114 width=4)
	  Index Cond: ((k >= 6283272) AND (k <= 6283372))

table 8 : explain SELECT k FROM sbtest8 WHERE k BETWEEN 6283272 AND 6283372
	Index Only Scan using k_8 on sbtest8  (cost=0.43..6.53 rows=105 width=4)
	  Index Cond: ((k >= 6283272) AND (k <= 6283372))

explain: for range-covered :: explain SELECT k FROM sbtest%d WHERE k BETWEEN 6283272 AND 6283372
for range-covered
table 1 : explain SELECT k FROM sbtest1 WHERE k BETWEEN 4553235 AND 4553335
	Index Only Scan using k_1 on sbtest1  (cost=0.43..6.35 rows=96 width=4)
	  Index Cond: ((k >= 4553235) AND (k <= 4553335))

table 2 : explain SELECT k FROM sbtest2 WHERE k BETWEEN 4553235 AND 4553335
	Index Only Scan using k_2 on sbtest2  (cost=0.43..6.21 rows=89 width=4)
	  Index Cond: ((k >= 4553235) AND (k <= 4553335))

table 3 : explain SELECT k FROM sbtest3 WHERE k BETWEEN 4553235 AND 4553335
	Index Only Scan using k_3 on sbtest3  (cost=0.43..6.42 rows=99 width=4)
	  Index Cond: ((k >= 4553235) AND (k <= 4553335))

table 4 : explain SELECT k FROM sbtest4 WHERE k BETWEEN 4553235 AND 4553335
	Index Only Scan using k_4 on sbtest4  (cost=0.43..6.37 rows=97 width=4)
	  Index Cond: ((k >= 4553235) AND (k <= 4553335))

table 5 : explain SELECT k FROM sbtest5 WHERE k BETWEEN 4553235 AND 4553335
	Index Only Scan using k_5 on sbtest5  (cost=0.43..6.50 rows=103 width=4)
	  Index Cond: ((k >= 4553235) AND (k <= 4553335))

table 6 : explain SELECT k FROM sbtest6 WHERE k BETWEEN 4553235 AND 4553335
	Index Only Scan using k_6 on sbtest6  (cost=0.43..6.63 rows=110 width=4)
	  Index Cond: ((k >= 4553235) AND (k <= 4553335))

table 7 : explain SELECT k FROM sbtest7 WHERE k BETWEEN 4553235 AND 4553335
	Index Only Scan using k_7 on sbtest7  (cost=0.43..6.42 rows=99 width=4)
	  Index Cond: ((k >= 4553235) AND (k <= 4553335))

table 8 : explain SELECT k FROM sbtest8 WHERE k BETWEEN 4553235 AND 4553335
	Index Only Scan using k_8 on sbtest8  (cost=0.43..6.45 rows=101 width=4)
	  Index Cond: ((k >= 4553235) AND (k <= 4553335))

for range-covered
table 1 : explain SELECT k FROM sbtest1 WHERE k BETWEEN 5818471 AND 5818571
	Index Only Scan using k_1 on sbtest1  (cost=0.43..6.37 rows=97 width=4)
	  Index Cond: ((k >= 5818471) AND (k <= 5818571))

table 2 : explain SELECT k FROM sbtest2 WHERE k BETWEEN 5818471 AND 5818571
	Index Only Scan using k_2 on sbtest2  (cost=0.43..6.45 rows=101 width=4)
	  Index Cond: ((k >= 5818471) AND (k <= 5818571))

table 3 : explain SELECT k FROM sbtest3 WHERE k BETWEEN 5818471 AND 5818571
	Index Only Scan using k_3 on sbtest3  (cost=0.43..6.53 rows=105 width=4)
	  Index Cond: ((k >= 5818471) AND (k <= 5818571))

table 4 : explain SELECT k FROM sbtest4 WHERE k BETWEEN 5818471 AND 5818571
	Index Only Scan using k_4 on sbtest4  (cost=0.43..6.42 rows=99 width=4)
	  Index Cond: ((k >= 5818471) AND (k <= 5818571))

table 5 : explain SELECT k FROM sbtest5 WHERE k BETWEEN 5818471 AND 5818571
	Index Only Scan using k_5 on sbtest5  (cost=0.43..6.59 rows=108 width=4)
	  Index Cond: ((k >= 5818471) AND (k <= 5818571))

table 6 : explain SELECT k FROM sbtest6 WHERE k BETWEEN 5818471 AND 5818571
	Index Only Scan using k_6 on sbtest6  (cost=0.43..6.33 rows=95 width=4)
	  Index Cond: ((k >= 5818471) AND (k <= 5818571))

table 7 : explain SELECT k FROM sbtest7 WHERE k BETWEEN 5818471 AND 5818571
	Index Only Scan using k_7 on sbtest7  (cost=0.43..6.59 rows=108 width=4)
	  Index Cond: ((k >= 5818471) AND (k <= 5818571))

table 8 : explain SELECT k FROM sbtest8 WHERE k BETWEEN 5818471 AND 5818571
	Index Only Scan using k_8 on sbtest8  (cost=0.43..6.35 rows=96 width=4)
	  Index Cond: ((k >= 5818471) AND (k <= 5818571))

explain: for range-covered :: explain SELECT k FROM sbtest%d WHERE k BETWEEN 4553235 AND 4553335
explain: for range-covered :: explain SELECT k FROM sbtest%d WHERE k BETWEEN 5818471 AND 5818571
for range-covered
table 1 : explain SELECT k FROM sbtest1 WHERE k BETWEEN 4511603 AND 4511703
	Index Only Scan using k_1 on sbtest1  (cost=0.43..6.74 rows=115 width=4)
	  Index Cond: ((k >= 4511603) AND (k <= 4511703))

table 2 : explain SELECT k FROM sbtest2 WHERE k BETWEEN 4511603 AND 4511703
	Index Only Scan using k_2 on sbtest2  (cost=0.43..6.42 rows=99 width=4)
	  Index Cond: ((k >= 4511603) AND (k <= 4511703))

table 3 : explain SELECT k FROM sbtest3 WHERE k BETWEEN 4511603 AND 4511703
	Index Only Scan using k_3 on sbtest3  (cost=0.43..6.42 rows=99 width=4)
	  Index Cond: ((k >= 4511603) AND (k <= 4511703))

table 4 : explain SELECT k FROM sbtest4 WHERE k BETWEEN 4511603 AND 4511703
	Index Only Scan using k_4 on sbtest4  (cost=0.43..6.43 rows=100 width=4)
	  Index Cond: ((k >= 4511603) AND (k <= 4511703))

table 5 : explain SELECT k FROM sbtest5 WHERE k BETWEEN 4511603 AND 4511703
	Index Only Scan using k_5 on sbtest5  (cost=0.43..6.50 rows=103 width=4)
	  Index Cond: ((k >= 4511603) AND (k <= 4511703))

table 6 : explain SELECT k FROM sbtest6 WHERE k BETWEEN 4511603 AND 4511703
	Index Only Scan using k_6 on sbtest6  (cost=0.43..6.63 rows=110 width=4)
	  Index Cond: ((k >= 4511603) AND (k <= 4511703))

table 7 : explain SELECT k FROM sbtest7 WHERE k BETWEEN 4511603 AND 4511703
	Index Only Scan using k_7 on sbtest7  (cost=0.43..6.56 rows=106 width=4)
	  Index Cond: ((k >= 4511603) AND (k <= 4511703))

table 8 : explain SELECT k FROM sbtest8 WHERE k BETWEEN 4511603 AND 4511703
	Index Only Scan using k_8 on sbtest8  (cost=0.43..6.45 rows=101 width=4)
	  Index Cond: ((k >= 4511603) AND (k <= 4511703))

for range-covered
table 1 : explain SELECT k FROM sbtest1 WHERE k BETWEEN 4116627 AND 4116727
	Index Only Scan using k_1 on sbtest1  (cost=0.43..6.63 rows=110 width=4)
	  Index Cond: ((k >= 4116627) AND (k <= 4116727))

table 2 : explain SELECT k FROM sbtest2 WHERE k BETWEEN 4116627 AND 4116727
	Index Only Scan using k_2 on sbtest2  (cost=0.43..6.47 rows=102 width=4)
	  Index Cond: ((k >= 4116627) AND (k <= 4116727))

table 3 : explain SELECT k FROM sbtest3 WHERE k BETWEEN 4116627 AND 4116727
	Index Only Scan using k_3 on sbtest3  (cost=0.43..6.47 rows=102 width=4)
	  Index Cond: ((k >= 4116627) AND (k <= 4116727))

table 4 : explain SELECT k FROM sbtest4 WHERE k BETWEEN 4116627 AND 4116727
	Index Only Scan using k_4 on sbtest4  (cost=0.43..6.45 rows=101 width=4)
	  Index Cond: ((k >= 4116627) AND (k <= 4116727))

table 5 : explain SELECT k FROM sbtest5 WHERE k BETWEEN 4116627 AND 4116727
	Index Only Scan using k_5 on sbtest5  (cost=0.43..6.53 rows=105 width=4)
	  Index Cond: ((k >= 4116627) AND (k <= 4116727))

table 6 : explain SELECT k FROM sbtest6 WHERE k BETWEEN 4116627 AND 4116727
	Index Only Scan using k_6 on sbtest6  (cost=0.43..6.50 rows=103 width=4)
	  Index Cond: ((k >= 4116627) AND (k <= 4116727))

table 7 : explain SELECT k FROM sbtest7 WHERE k BETWEEN 4116627 AND 4116727
	Index Only Scan using k_7 on sbtest7  (cost=0.43..6.43 rows=100 width=4)
	  Index Cond: ((k >= 4116627) AND (k <= 4116727))

table 8 : explain SELECT k FROM sbtest8 WHERE k BETWEEN 4116627 AND 4116727
	Index Only Scan using k_8 on sbtest8  (cost=0.43..6.37 rows=97 width=4)
	  Index Cond: ((k >= 4116627) AND (k <= 4116727))

for range-covered
table 1 : explain SELECT k FROM sbtest1 WHERE k BETWEEN 4796578 AND 4796678
	Index Only Scan using k_1 on sbtest1  (cost=0.43..6.59 rows=108 width=4)
	  Index Cond: ((k >= 4796578) AND (k <= 4796678))

table 2 : explain SELECT k FROM sbtest2 WHERE k BETWEEN 4796578 AND 4796678
	Index Only Scan using k_2 on sbtest2  (cost=0.43..6.58 rows=107 width=4)
	  Index Cond: ((k >= 4796578) AND (k <= 4796678))

table 3 : explain SELECT k FROM sbtest3 WHERE k BETWEEN 4796578 AND 4796678
	Index Only Scan using k_3 on sbtest3  (cost=0.43..6.42 rows=99 width=4)
	  Index Cond: ((k >= 4796578) AND (k <= 4796678))

table 4 : explain SELECT k FROM sbtest4 WHERE k BETWEEN 4796578 AND 4796678
	Index Only Scan using k_4 on sbtest4  (cost=0.43..6.63 rows=110 width=4)
	  Index Cond: ((k >= 4796578) AND (k <= 4796678))

table 5 : explain SELECT k FROM sbtest5 WHERE k BETWEEN 4796578 AND 4796678
	Index Only Scan using k_5 on sbtest5  (cost=0.43..6.56 rows=106 width=4)
	  Index Cond: ((k >= 4796578) AND (k <= 4796678))

table 6 : explain SELECT k FROM sbtest6 WHERE k BETWEEN 4796578 AND 4796678
	Index Only Scan using k_6 on sbtest6  (cost=0.43..6.63 rows=110 width=4)
	  Index Cond: ((k >= 4796578) AND (k <= 4796678))

table 7 : explain SELECT k FROM sbtest7 WHERE k BETWEEN 4796578 AND 4796678
	Index Only Scan using k_7 on sbtest7  (cost=0.43..6.85 rows=121 width=4)
	  Index Cond: ((k >= 4796578) AND (k <= 4796678))

table 8 : explain SELECT k FROM sbtest8 WHERE k BETWEEN 4796578 AND 4796678
	Index Only Scan using k_8 on sbtest8  (cost=0.43..6.47 rows=102 width=4)
	  Index Cond: ((k >= 4796578) AND (k <= 4796678))

explain: for range-covered :: explain SELECT k FROM sbtest%d WHERE k BETWEEN 4511603 AND 4511703
for range-covered
table 1 : explain SELECT k FROM sbtest1 WHERE k BETWEEN 2418781 AND 2418881
	Index Only Scan using k_1 on sbtest1  (cost=0.43..6.51 rows=104 width=4)
	  Index Cond: ((k >= 2418781) AND (k <= 2418881))

table 2 : explain SELECT k FROM sbtest2 WHERE k BETWEEN 2418781 AND 2418881
	Index Only Scan using k_2 on sbtest2  (cost=0.43..6.47 rows=102 width=4)
	  Index Cond: ((k >= 2418781) AND (k <= 2418881))

table 3 : explain SELECT k FROM sbtest3 WHERE k BETWEEN 2418781 AND 2418881
	Index Only Scan using k_3 on sbtest3  (cost=0.43..6.37 rows=97 width=4)
	  Index Cond: ((k >= 2418781) AND (k <= 2418881))

table 4 : explain SELECT k FROM sbtest4 WHERE k BETWEEN 2418781 AND 2418881
	Index Only Scan using k_4 on sbtest4  (cost=0.43..6.45 rows=101 width=4)
	  Index Cond: ((k >= 2418781) AND (k <= 2418881))

table 5 : explain SELECT k FROM sbtest5 WHERE k BETWEEN 2418781 AND 2418881
	Index Only Scan using k_5 on sbtest5  (cost=0.43..6.35 rows=96 width=4)
	  Index Cond: ((k >= 2418781) AND (k <= 2418881))

table 6 : explain SELECT k FROM sbtest6 WHERE k BETWEEN 2418781 AND 2418881
	Index Only Scan using k_6 on sbtest6  (cost=0.43..6.35 rows=96 width=4)
	  Index Cond: ((k >= 2418781) AND (k <= 2418881))

table 7 : explain SELECT k FROM sbtest7 WHERE k BETWEEN 2418781 AND 2418881
	Index Only Scan using k_7 on sbtest7  (cost=0.43..6.40 rows=98 width=4)
	  Index Cond: ((k >= 2418781) AND (k <= 2418881))

table 8 : explain SELECT k FROM sbtest8 WHERE k BETWEEN 2418781 AND 2418881
	Index Only Scan using k_8 on sbtest8  (cost=0.43..6.32 rows=94 width=4)
	  Index Cond: ((k >= 2418781) AND (k <= 2418881))

explain: for range-covered :: explain SELECT k FROM sbtest%d WHERE k BETWEEN 4796578 AND 4796678
for range-covered
table 1 : explain SELECT k FROM sbtest1 WHERE k BETWEEN 3079525 AND 3079625
	Index Only Scan using k_1 on sbtest1  (cost=0.43..6.59 rows=108 width=4)
	  Index Cond: ((k >= 3079525) AND (k <= 3079625))

table 2 : explain SELECT k FROM sbtest2 WHERE k BETWEEN 3079525 AND 3079625
	Index Only Scan using k_2 on sbtest2  (cost=0.43..6.53 rows=105 width=4)
	  Index Cond: ((k >= 3079525) AND (k <= 3079625))

table 3 : explain SELECT k FROM sbtest3 WHERE k BETWEEN 3079525 AND 3079625
	Index Only Scan using k_3 on sbtest3  (cost=0.43..6.47 rows=102 width=4)
	  Index Cond: ((k >= 3079525) AND (k <= 3079625))

table 4 : explain SELECT k FROM sbtest4 WHERE k BETWEEN 3079525 AND 3079625
	Index Only Scan using k_4 on sbtest4  (cost=0.43..6.53 rows=105 width=4)
	  Index Cond: ((k >= 3079525) AND (k <= 3079625))

table 5 : explain SELECT k FROM sbtest5 WHERE k BETWEEN 3079525 AND 3079625
	Index Only Scan using k_5 on sbtest5  (cost=0.43..6.45 rows=101 width=4)
	  Index Cond: ((k >= 3079525) AND (k <= 3079625))

table 6 : explain SELECT k FROM sbtest6 WHERE k BETWEEN 3079525 AND 3079625
	Index Only Scan using k_6 on sbtest6  (cost=0.43..6.53 rows=105 width=4)
	  Index Cond: ((k >= 3079525) AND (k <= 3079625))

table 7 : explain SELECT k FROM sbtest7 WHERE k BETWEEN 3079525 AND 3079625
	Index Only Scan using k_7 on sbtest7  (cost=0.43..6.43 rows=100 width=4)
	  Index Cond: ((k >= 3079525) AND (k <= 3079625))

table 8 : explain SELECT k FROM sbtest8 WHERE k BETWEEN 3079525 AND 3079625
	Index Only Scan using k_8 on sbtest8  (cost=0.43..6.33 rows=95 width=4)
	  Index Cond: ((k >= 3079525) AND (k <= 3079625))

explain: for range-covered :: explain SELECT k FROM sbtest%d WHERE k BETWEEN 2418781 AND 2418881
explain: for range-covered :: explain SELECT k FROM sbtest%d WHERE k BETWEEN 3079525 AND 3079625
for range-covered
table 1 : explain SELECT k FROM sbtest1 WHERE k BETWEEN 5708401 AND 5708501
	Index Only Scan using k_1 on sbtest1  (cost=0.43..6.40 rows=98 width=4)
	  Index Cond: ((k >= 5708401) AND (k <= 5708501))

table 2 : explain SELECT k FROM sbtest2 WHERE k BETWEEN 5708401 AND 5708501
	Index Only Scan using k_2 on sbtest2  (cost=0.43..6.25 rows=91 width=4)
	  Index Cond: ((k >= 5708401) AND (k <= 5708501))

table 3 : explain SELECT k FROM sbtest3 WHERE k BETWEEN 5708401 AND 5708501
	Index Only Scan using k_3 on sbtest3  (cost=0.43..6.66 rows=111 width=4)
	  Index Cond: ((k >= 5708401) AND (k <= 5708501))

table 4 : explain SELECT k FROM sbtest4 WHERE k BETWEEN 5708401 AND 5708501
	Index Only Scan using k_4 on sbtest4  (cost=0.43..6.61 rows=109 width=4)
	  Index Cond: ((k >= 5708401) AND (k <= 5708501))

table 5 : explain SELECT k FROM sbtest5 WHERE k BETWEEN 5708401 AND 5708501
	Index Only Scan using k_5 on sbtest5  (cost=0.43..6.51 rows=104 width=4)
	  Index Cond: ((k >= 5708401) AND (k <= 5708501))

table 6 : explain SELECT k FROM sbtest6 WHERE k BETWEEN 5708401 AND 5708501
	Index Only Scan using k_6 on sbtest6  (cost=0.43..6.37 rows=97 width=4)
	  Index Cond: ((k >= 5708401) AND (k <= 5708501))

table 7 : explain SELECT k FROM sbtest7 WHERE k BETWEEN 5708401 AND 5708501
	Index Only Scan using k_7 on sbtest7  (cost=0.43..6.40 rows=98 width=4)
	  Index Cond: ((k >= 5708401) AND (k <= 5708501))

table 8 : explain SELECT k FROM sbtest8 WHERE k BETWEEN 5708401 AND 5708501
	Index Only Scan using k_8 on sbtest8  (cost=0.43..6.51 rows=104 width=4)
	  Index Cond: ((k >= 5708401) AND (k <= 5708501))

for range-covered
table 1 : explain SELECT k FROM sbtest1 WHERE k BETWEEN 1261512 AND 1261612
	Index Only Scan using k_1 on sbtest1  (cost=0.43..6.42 rows=99 width=4)
	  Index Cond: ((k >= 1261512) AND (k <= 1261612))

table 2 : explain SELECT k FROM sbtest2 WHERE k BETWEEN 1261512 AND 1261612
	Index Only Scan using k_2 on sbtest2  (cost=0.43..6.47 rows=102 width=4)
	  Index Cond: ((k >= 1261512) AND (k <= 1261612))

table 3 : explain SELECT k FROM sbtest3 WHERE k BETWEEN 1261512 AND 1261612
	Index Only Scan using k_3 on sbtest3  (cost=0.43..6.53 rows=105 width=4)
	  Index Cond: ((k >= 1261512) AND (k <= 1261612))

table 4 : explain SELECT k FROM sbtest4 WHERE k BETWEEN 1261512 AND 1261612
	Index Only Scan using k_4 on sbtest4  (cost=0.43..6.58 rows=107 width=4)
	  Index Cond: ((k >= 1261512) AND (k <= 1261612))

table 5 : explain SELECT k FROM sbtest5 WHERE k BETWEEN 1261512 AND 1261612
	Index Only Scan using k_5 on sbtest5  (cost=0.43..6.53 rows=105 width=4)
	  Index Cond: ((k >= 1261512) AND (k <= 1261612))

table 6 : explain SELECT k FROM sbtest6 WHERE k BETWEEN 1261512 AND 1261612
	Index Only Scan using k_6 on sbtest6  (cost=0.43..6.67 rows=112 width=4)
	  Index Cond: ((k >= 1261512) AND (k <= 1261612))

table 7 : explain SELECT k FROM sbtest7 WHERE k BETWEEN 1261512 AND 1261612
	Index Only Scan using k_7 on sbtest7  (cost=0.43..6.61 rows=109 width=4)
	  Index Cond: ((k >= 1261512) AND (k <= 1261612))

table 8 : explain SELECT k FROM sbtest8 WHERE k BETWEEN 1261512 AND 1261612
	Index Only Scan using k_8 on sbtest8  (cost=0.43..6.47 rows=102 width=4)
	  Index Cond: ((k >= 1261512) AND (k <= 1261612))

for range-covered
table 1 : explain SELECT k FROM sbtest1 WHERE k BETWEEN 4131627 AND 4131727
	Index Only Scan using k_1 on sbtest1  (cost=0.43..6.56 rows=106 width=4)
	  Index Cond: ((k >= 4131627) AND (k <= 4131727))

table 2 : explain SELECT k FROM sbtest2 WHERE k BETWEEN 4131627 AND 4131727
	Index Only Scan using k_2 on sbtest2  (cost=0.43..6.63 rows=110 width=4)
	  Index Cond: ((k >= 4131627) AND (k <= 4131727))

table 3 : explain SELECT k FROM sbtest3 WHERE k BETWEEN 4131627 AND 4131727
	Index Only Scan using k_3 on sbtest3  (cost=0.43..6.47 rows=102 width=4)
	  Index Cond: ((k >= 4131627) AND (k <= 4131727))

table 4 : explain SELECT k FROM sbtest4 WHERE k BETWEEN 4131627 AND 4131727
	Index Only Scan using k_4 on sbtest4  (cost=0.43..6.32 rows=94 width=4)
	  Index Cond: ((k >= 4131627) AND (k <= 4131727))

table 5 : explain SELECT k FROM sbtest5 WHERE k BETWEEN 4131627 AND 4131727
	Index Only Scan using k_5 on sbtest5  (cost=0.43..6.53 rows=105 width=4)
	  Index Cond: ((k >= 4131627) AND (k <= 4131727))

table 6 : explain SELECT k FROM sbtest6 WHERE k BETWEEN 4131627 AND 4131727
	Index Only Scan using k_6 on sbtest6  (cost=0.43..6.50 rows=103 width=4)
	  Index Cond: ((k >= 4131627) AND (k <= 4131727))

table 7 : explain SELECT k FROM sbtest7 WHERE k BETWEEN 4131627 AND 4131727
	Index Only Scan using k_7 on sbtest7  (cost=0.43..6.43 rows=100 width=4)
	  Index Cond: ((k >= 4131627) AND (k <= 4131727))

table 8 : explain SELECT k FROM sbtest8 WHERE k BETWEEN 4131627 AND 4131727
	Index Only Scan using k_8 on sbtest8  (cost=0.43..6.37 rows=97 width=4)
	  Index Cond: ((k >= 4131627) AND (k <= 4131727))

for range-covered
table 1 : explain SELECT k FROM sbtest1 WHERE k BETWEEN 5818471 AND 5818571
	Index Only Scan using k_1 on sbtest1  (cost=0.43..6.37 rows=97 width=4)
	  Index Cond: ((k >= 5818471) AND (k <= 5818571))

table 2 : explain SELECT k FROM sbtest2 WHERE k BETWEEN 5818471 AND 5818571
	Index Only Scan using k_2 on sbtest2  (cost=0.43..6.45 rows=101 width=4)
	  Index Cond: ((k >= 5818471) AND (k <= 5818571))

table 3 : explain SELECT k FROM sbtest3 WHERE k BETWEEN 5818471 AND 5818571
	Index Only Scan using k_3 on sbtest3  (cost=0.43..6.53 rows=105 width=4)
	  Index Cond: ((k >= 5818471) AND (k <= 5818571))

table 4 : explain SELECT k FROM sbtest4 WHERE k BETWEEN 5818471 AND 5818571
	Index Only Scan using k_4 on sbtest4  (cost=0.43..6.42 rows=99 width=4)
	  Index Cond: ((k >= 5818471) AND (k <= 5818571))

table 5 : explain SELECT k FROM sbtest5 WHERE k BETWEEN 5818471 AND 5818571
	Index Only Scan using k_5 on sbtest5  (cost=0.43..6.59 rows=108 width=4)
	  Index Cond: ((k >= 5818471) AND (k <= 5818571))

table 6 : explain SELECT k FROM sbtest6 WHERE k BETWEEN 5818471 AND 5818571
	Index Only Scan using k_6 on sbtest6  (cost=0.43..6.33 rows=95 width=4)
	  Index Cond: ((k >= 5818471) AND (k <= 5818571))

table 7 : explain SELECT k FROM sbtest7 WHERE k BETWEEN 5818471 AND 5818571
	Index Only Scan using k_7 on sbtest7  (cost=0.43..6.59 rows=108 width=4)
	  Index Cond: ((k >= 5818471) AND (k <= 5818571))

table 8 : explain SELECT k FROM sbtest8 WHERE k BETWEEN 5818471 AND 5818571
	Index Only Scan using k_8 on sbtest8  (cost=0.43..6.35 rows=96 width=4)
	  Index Cond: ((k >= 5818471) AND (k <= 5818571))

explain: for range-covered :: explain SELECT k FROM sbtest%d WHERE k BETWEEN 1261512 AND 1261612
for range-covered
table 1 : explain SELECT k FROM sbtest1 WHERE k BETWEEN 6283272 AND 6283372
	Index Only Scan using k_1 on sbtest1  (cost=0.43..6.33 rows=95 width=4)
	  Index Cond: ((k >= 6283272) AND (k <= 6283372))

table 2 : explain SELECT k FROM sbtest2 WHERE k BETWEEN 6283272 AND 6283372
	Index Only Scan using k_2 on sbtest2  (cost=0.43..6.61 rows=109 width=4)
	  Index Cond: ((k >= 6283272) AND (k <= 6283372))

table 3 : explain SELECT k FROM sbtest3 WHERE k BETWEEN 6283272 AND 6283372
	Index Only Scan using k_3 on sbtest3  (cost=0.43..6.50 rows=103 width=4)
	  Index Cond: ((k >= 6283272) AND (k <= 6283372))

table 4 : explain SELECT k FROM sbtest4 WHERE k BETWEEN 6283272 AND 6283372
	Index Only Scan using k_4 on sbtest4  (cost=0.43..6.32 rows=94 width=4)
	  Index Cond: ((k >= 6283272) AND (k <= 6283372))

table 5 : explain SELECT k FROM sbtest5 WHERE k BETWEEN 6283272 AND 6283372
	Index Only Scan using k_5 on sbtest5  (cost=0.43..6.43 rows=100 width=4)
	  Index Cond: ((k >= 6283272) AND (k <= 6283372))

table 6 : explain SELECT k FROM sbtest6 WHERE k BETWEEN 6283272 AND 6283372
	Index Only Scan using k_6 on sbtest6  (cost=0.43..6.37 rows=97 width=4)
	  Index Cond: ((k >= 6283272) AND (k <= 6283372))

table 7 : explain SELECT k FROM sbtest7 WHERE k BETWEEN 6283272 AND 6283372
	Index Only Scan using k_7 on sbtest7  (cost=0.43..6.72 rows=114 width=4)
	  Index Cond: ((k >= 6283272) AND (k <= 6283372))

table 8 : explain SELECT k FROM sbtest8 WHERE k BETWEEN 6283272 AND 6283372
	Index Only Scan using k_8 on sbtest8  (cost=0.43..6.53 rows=105 width=4)
	  Index Cond: ((k >= 6283272) AND (k <= 6283372))

for range-covered
table 1 : explain SELECT k FROM sbtest1 WHERE k BETWEEN 4796578 AND 4796678
	Index Only Scan using k_1 on sbtest1  (cost=0.43..6.59 rows=108 width=4)
	  Index Cond: ((k >= 4796578) AND (k <= 4796678))

table 2 : explain SELECT k FROM sbtest2 WHERE k BETWEEN 4796578 AND 4796678
	Index Only Scan using k_2 on sbtest2  (cost=0.43..6.58 rows=107 width=4)
	  Index Cond: ((k >= 4796578) AND (k <= 4796678))

table 3 : explain SELECT k FROM sbtest3 WHERE k BETWEEN 4796578 AND 4796678
	Index Only Scan using k_3 on sbtest3  (cost=0.43..6.42 rows=99 width=4)
	  Index Cond: ((k >= 4796578) AND (k <= 4796678))

table 4 : explain SELECT k FROM sbtest4 WHERE k BETWEEN 4796578 AND 4796678
	Index Only Scan using k_4 on sbtest4  (cost=0.43..6.63 rows=110 width=4)
	  Index Cond: ((k >= 4796578) AND (k <= 4796678))

table 5 : explain SELECT k FROM sbtest5 WHERE k BETWEEN 4796578 AND 4796678
	Index Only Scan using k_5 on sbtest5  (cost=0.43..6.56 rows=106 width=4)
	  Index Cond: ((k >= 4796578) AND (k <= 4796678))

table 6 : explain SELECT k FROM sbtest6 WHERE k BETWEEN 4796578 AND 4796678
	Index Only Scan using k_6 on sbtest6  (cost=0.43..6.63 rows=110 width=4)
	  Index Cond: ((k >= 4796578) AND (k <= 4796678))

table 7 : explain SELECT k FROM sbtest7 WHERE k BETWEEN 4796578 AND 4796678
	Index Only Scan using k_7 on sbtest7  (cost=0.43..6.85 rows=121 width=4)
	  Index Cond: ((k >= 4796578) AND (k <= 4796678))

table 8 : explain SELECT k FROM sbtest8 WHERE k BETWEEN 4796578 AND 4796678
	Index Only Scan using k_8 on sbtest8  (cost=0.43..6.47 rows=102 width=4)
	  Index Cond: ((k >= 4796578) AND (k <= 4796678))

explain: for range-covered :: explain SELECT k FROM sbtest%d WHERE k BETWEEN 6283272 AND 6283372
for range-covered
table 1 : explain SELECT k FROM sbtest1 WHERE k BETWEEN 4511603 AND 4511703
	Index Only Scan using k_1 on sbtest1  (cost=0.43..6.74 rows=115 width=4)
	  Index Cond: ((k >= 4511603) AND (k <= 4511703))

table 2 : explain SELECT k FROM sbtest2 WHERE k BETWEEN 4511603 AND 4511703
	Index Only Scan using k_2 on sbtest2  (cost=0.43..6.42 rows=99 width=4)
	  Index Cond: ((k >= 4511603) AND (k <= 4511703))

table 3 : explain SELECT k FROM sbtest3 WHERE k BETWEEN 4511603 AND 4511703
	Index Only Scan using k_3 on sbtest3  (cost=0.43..6.42 rows=99 width=4)
	  Index Cond: ((k >= 4511603) AND (k <= 4511703))

table 4 : explain SELECT k FROM sbtest4 WHERE k BETWEEN 4511603 AND 4511703
	Index Only Scan using k_4 on sbtest4  (cost=0.43..6.43 rows=100 width=4)
	  Index Cond: ((k >= 4511603) AND (k <= 4511703))

table 5 : explain SELECT k FROM sbtest5 WHERE k BETWEEN 4511603 AND 4511703
	Index Only Scan using k_5 on sbtest5  (cost=0.43..6.50 rows=103 width=4)
	  Index Cond: ((k >= 4511603) AND (k <= 4511703))

table 6 : explain SELECT k FROM sbtest6 WHERE k BETWEEN 4511603 AND 4511703
	Index Only Scan using k_6 on sbtest6  (cost=0.43..6.63 rows=110 width=4)
	  Index Cond: ((k >= 4511603) AND (k <= 4511703))

table 7 : explain SELECT k FROM sbtest7 WHERE k BETWEEN 4511603 AND 4511703
	Index Only Scan using k_7 on sbtest7  (cost=0.43..6.56 rows=106 width=4)
	  Index Cond: ((k >= 4511603) AND (k <= 4511703))

table 8 : explain SELECT k FROM sbtest8 WHERE k BETWEEN 4511603 AND 4511703
	Index Only Scan using k_8 on sbtest8  (cost=0.43..6.45 rows=101 width=4)
	  Index Cond: ((k >= 4511603) AND (k <= 4511703))

explain: for range-covered :: explain SELECT k FROM sbtest%d WHERE k BETWEEN 4796578 AND 4796678
explain: for range-covered :: explain SELECT k FROM sbtest%d WHERE k BETWEEN 4511603 AND 4511703
for range-covered
table 1 : explain SELECT k FROM sbtest1 WHERE k BETWEEN 4553235 AND 4553335
	Index Only Scan using k_1 on sbtest1  (cost=0.43..6.35 rows=96 width=4)
	  Index Cond: ((k >= 4553235) AND (k <= 4553335))

table 2 : explain SELECT k FROM sbtest2 WHERE k BETWEEN 4553235 AND 4553335
	Index Only Scan using k_2 on sbtest2  (cost=0.43..6.21 rows=89 width=4)
	  Index Cond: ((k >= 4553235) AND (k <= 4553335))

table 3 : explain SELECT k FROM sbtest3 WHERE k BETWEEN 4553235 AND 4553335
	Index Only Scan using k_3 on sbtest3  (cost=0.43..6.42 rows=99 width=4)
	  Index Cond: ((k >= 4553235) AND (k <= 4553335))

table 4 : explain SELECT k FROM sbtest4 WHERE k BETWEEN 4553235 AND 4553335
	Index Only Scan using k_4 on sbtest4  (cost=0.43..6.37 rows=97 width=4)
	  Index Cond: ((k >= 4553235) AND (k <= 4553335))

table 5 : explain SELECT k FROM sbtest5 WHERE k BETWEEN 4553235 AND 4553335
	Index Only Scan using k_5 on sbtest5  (cost=0.43..6.50 rows=103 width=4)
	  Index Cond: ((k >= 4553235) AND (k <= 4553335))

table 6 : explain SELECT k FROM sbtest6 WHERE k BETWEEN 4553235 AND 4553335
	Index Only Scan using k_6 on sbtest6  (cost=0.43..6.63 rows=110 width=4)
	  Index Cond: ((k >= 4553235) AND (k <= 4553335))

table 7 : explain SELECT k FROM sbtest7 WHERE k BETWEEN 4553235 AND 4553335
	Index Only Scan using k_7 on sbtest7  (cost=0.43..6.42 rows=99 width=4)
	  Index Cond: ((k >= 4553235) AND (k <= 4553335))

table 8 : explain SELECT k FROM sbtest8 WHERE k BETWEEN 4553235 AND 4553335
	Index Only Scan using k_8 on sbtest8  (cost=0.43..6.45 rows=101 width=4)
	  Index Cond: ((k >= 4553235) AND (k <= 4553335))

explain: for range-covered :: explain SELECT k FROM sbtest%d WHERE k BETWEEN 4553235 AND 4553335
for range-covered
table 1 : explain SELECT k FROM sbtest1 WHERE k BETWEEN 4796578 AND 4796678
	Index Only Scan using k_1 on sbtest1  (cost=0.43..6.59 rows=108 width=4)
	  Index Cond: ((k >= 4796578) AND (k <= 4796678))

table 2 : explain SELECT k FROM sbtest2 WHERE k BETWEEN 4796578 AND 4796678
	Index Only Scan using k_2 on sbtest2  (cost=0.43..6.58 rows=107 width=4)
	  Index Cond: ((k >= 4796578) AND (k <= 4796678))

table 3 : explain SELECT k FROM sbtest3 WHERE k BETWEEN 4796578 AND 4796678
	Index Only Scan using k_3 on sbtest3  (cost=0.43..6.42 rows=99 width=4)
	  Index Cond: ((k >= 4796578) AND (k <= 4796678))

table 4 : explain SELECT k FROM sbtest4 WHERE k BETWEEN 4796578 AND 4796678
	Index Only Scan using k_4 on sbtest4  (cost=0.43..6.63 rows=110 width=4)
	  Index Cond: ((k >= 4796578) AND (k <= 4796678))

table 5 : explain SELECT k FROM sbtest5 WHERE k BETWEEN 4796578 AND 4796678
	Index Only Scan using k_5 on sbtest5  (cost=0.43..6.56 rows=106 width=4)
	  Index Cond: ((k >= 4796578) AND (k <= 4796678))

table 6 : explain SELECT k FROM sbtest6 WHERE k BETWEEN 4796578 AND 4796678
	Index Only Scan using k_6 on sbtest6  (cost=0.43..6.63 rows=110 width=4)
	  Index Cond: ((k >= 4796578) AND (k <= 4796678))

table 7 : explain SELECT k FROM sbtest7 WHERE k BETWEEN 4796578 AND 4796678
	Index Only Scan using k_7 on sbtest7  (cost=0.43..6.85 rows=121 width=4)
	  Index Cond: ((k >= 4796578) AND (k <= 4796678))

table 8 : explain SELECT k FROM sbtest8 WHERE k BETWEEN 4796578 AND 4796678
	Index Only Scan using k_8 on sbtest8  (cost=0.43..6.47 rows=102 width=4)
	  Index Cond: ((k >= 4796578) AND (k <= 4796678))

explain: for range-covered :: explain SELECT k FROM sbtest%d WHERE k BETWEEN 4796578 AND 4796678
for range-covered
table 1 : explain SELECT k FROM sbtest1 WHERE k BETWEEN 4511603 AND 4511703
	Index Only Scan using k_1 on sbtest1  (cost=0.43..6.74 rows=115 width=4)
	  Index Cond: ((k >= 4511603) AND (k <= 4511703))

table 2 : explain SELECT k FROM sbtest2 WHERE k BETWEEN 4511603 AND 4511703
	Index Only Scan using k_2 on sbtest2  (cost=0.43..6.42 rows=99 width=4)
	  Index Cond: ((k >= 4511603) AND (k <= 4511703))

table 3 : explain SELECT k FROM sbtest3 WHERE k BETWEEN 4511603 AND 4511703
	Index Only Scan using k_3 on sbtest3  (cost=0.43..6.42 rows=99 width=4)
	  Index Cond: ((k >= 4511603) AND (k <= 4511703))

table 4 : explain SELECT k FROM sbtest4 WHERE k BETWEEN 4511603 AND 4511703
	Index Only Scan using k_4 on sbtest4  (cost=0.43..6.43 rows=100 width=4)
	  Index Cond: ((k >= 4511603) AND (k <= 4511703))

table 5 : explain SELECT k FROM sbtest5 WHERE k BETWEEN 4511603 AND 4511703
	Index Only Scan using k_5 on sbtest5  (cost=0.43..6.50 rows=103 width=4)
	  Index Cond: ((k >= 4511603) AND (k <= 4511703))

table 6 : explain SELECT k FROM sbtest6 WHERE k BETWEEN 4511603 AND 4511703
	Index Only Scan using k_6 on sbtest6  (cost=0.43..6.63 rows=110 width=4)
	  Index Cond: ((k >= 4511603) AND (k <= 4511703))

table 7 : explain SELECT k FROM sbtest7 WHERE k BETWEEN 4511603 AND 4511703
	Index Only Scan using k_7 on sbtest7  (cost=0.43..6.56 rows=106 width=4)
	  Index Cond: ((k >= 4511603) AND (k <= 4511703))

table 8 : explain SELECT k FROM sbtest8 WHERE k BETWEEN 4511603 AND 4511703
	Index Only Scan using k_8 on sbtest8  (cost=0.43..6.45 rows=101 width=4)
	  Index Cond: ((k >= 4511603) AND (k <= 4511703))

for range-covered
table 1 : explain SELECT k FROM sbtest1 WHERE k BETWEEN 6283272 AND 6283372
	Index Only Scan using k_1 on sbtest1  (cost=0.43..6.33 rows=95 width=4)
	  Index Cond: ((k >= 6283272) AND (k <= 6283372))

table 2 : explain SELECT k FROM sbtest2 WHERE k BETWEEN 6283272 AND 6283372
	Index Only Scan using k_2 on sbtest2  (cost=0.43..6.61 rows=109 width=4)
	  Index Cond: ((k >= 6283272) AND (k <= 6283372))

table 3 : explain SELECT k FROM sbtest3 WHERE k BETWEEN 6283272 AND 6283372
	Index Only Scan using k_3 on sbtest3  (cost=0.43..6.50 rows=103 width=4)
	  Index Cond: ((k >= 6283272) AND (k <= 6283372))

table 4 : explain SELECT k FROM sbtest4 WHERE k BETWEEN 6283272 AND 6283372
	Index Only Scan using k_4 on sbtest4  (cost=0.43..6.32 rows=94 width=4)
	  Index Cond: ((k >= 6283272) AND (k <= 6283372))

table 5 : explain SELECT k FROM sbtest5 WHERE k BETWEEN 6283272 AND 6283372
	Index Only Scan using k_5 on sbtest5  (cost=0.43..6.43 rows=100 width=4)
	  Index Cond: ((k >= 6283272) AND (k <= 6283372))

table 6 : explain SELECT k FROM sbtest6 WHERE k BETWEEN 6283272 AND 6283372
	Index Only Scan using k_6 on sbtest6  (cost=0.43..6.37 rows=97 width=4)
	  Index Cond: ((k >= 6283272) AND (k <= 6283372))

table 7 : explain SELECT k FROM sbtest7 WHERE k BETWEEN 6283272 AND 6283372
	Index Only Scan using k_7 on sbtest7  (cost=0.43..6.72 rows=114 width=4)
	  Index Cond: ((k >= 6283272) AND (k <= 6283372))

table 8 : explain SELECT k FROM sbtest8 WHERE k BETWEEN 6283272 AND 6283372
	Index Only Scan using k_8 on sbtest8  (cost=0.43..6.53 rows=105 width=4)
	  Index Cond: ((k >= 6283272) AND (k <= 6283372))

explain: for range-covered :: explain SELECT k FROM sbtest%d WHERE k BETWEEN 2626028 AND 2626128
explain: for range-covered :: explain SELECT k FROM sbtest%d WHERE k BETWEEN 6283272 AND 6283372
for range-covered
table 1 : explain SELECT k FROM sbtest1 WHERE k BETWEEN 4796578 AND 4796678
	Index Only Scan using k_1 on sbtest1  (cost=0.43..6.59 rows=108 width=4)
	  Index Cond: ((k >= 4796578) AND (k <= 4796678))

table 2 : explain SELECT k FROM sbtest2 WHERE k BETWEEN 4796578 AND 4796678
	Index Only Scan using k_2 on sbtest2  (cost=0.43..6.58 rows=107 width=4)
	  Index Cond: ((k >= 4796578) AND (k <= 4796678))

table 3 : explain SELECT k FROM sbtest3 WHERE k BETWEEN 4796578 AND 4796678
	Index Only Scan using k_3 on sbtest3  (cost=0.43..6.42 rows=99 width=4)
	  Index Cond: ((k >= 4796578) AND (k <= 4796678))

table 4 : explain SELECT k FROM sbtest4 WHERE k BETWEEN 4796578 AND 4796678
	Index Only Scan using k_4 on sbtest4  (cost=0.43..6.63 rows=110 width=4)
	  Index Cond: ((k >= 4796578) AND (k <= 4796678))

table 5 : explain SELECT k FROM sbtest5 WHERE k BETWEEN 4796578 AND 4796678
	Index Only Scan using k_5 on sbtest5  (cost=0.43..6.56 rows=106 width=4)
	  Index Cond: ((k >= 4796578) AND (k <= 4796678))

table 6 : explain SELECT k FROM sbtest6 WHERE k BETWEEN 4796578 AND 4796678
	Index Only Scan using k_6 on sbtest6  (cost=0.43..6.63 rows=110 width=4)
	  Index Cond: ((k >= 4796578) AND (k <= 4796678))

table 7 : explain SELECT k FROM sbtest7 WHERE k BETWEEN 4796578 AND 4796678
	Index Only Scan using k_7 on sbtest7  (cost=0.43..6.85 rows=121 width=4)
	  Index Cond: ((k >= 4796578) AND (k <= 4796678))

table 8 : explain SELECT k FROM sbtest8 WHERE k BETWEEN 4796578 AND 4796678
	Index Only Scan using k_8 on sbtest8  (cost=0.43..6.47 rows=102 width=4)
	  Index Cond: ((k >= 4796578) AND (k <= 4796678))

for range-covered
table 1 : explain SELECT k FROM sbtest1 WHERE k BETWEEN 1261512 AND 1261612
	Index Only Scan using k_1 on sbtest1  (cost=0.43..6.42 rows=99 width=4)
	  Index Cond: ((k >= 1261512) AND (k <= 1261612))

table 2 : explain SELECT k FROM sbtest2 WHERE k BETWEEN 1261512 AND 1261612
	Index Only Scan using k_2 on sbtest2  (cost=0.43..6.47 rows=102 width=4)
	  Index Cond: ((k >= 1261512) AND (k <= 1261612))

table 3 : explain SELECT k FROM sbtest3 WHERE k BETWEEN 1261512 AND 1261612
	Index Only Scan using k_3 on sbtest3  (cost=0.43..6.53 rows=105 width=4)
	  Index Cond: ((k >= 1261512) AND (k <= 1261612))

table 4 : explain SELECT k FROM sbtest4 WHERE k BETWEEN 1261512 AND 1261612
	Index Only Scan using k_4 on sbtest4  (cost=0.43..6.58 rows=107 width=4)
	  Index Cond: ((k >= 1261512) AND (k <= 1261612))

table 5 : explain SELECT k FROM sbtest5 WHERE k BETWEEN 1261512 AND 1261612
	Index Only Scan using k_5 on sbtest5  (cost=0.43..6.53 rows=105 width=4)
	  Index Cond: ((k >= 1261512) AND (k <= 1261612))

table 6 : explain SELECT k FROM sbtest6 WHERE k BETWEEN 1261512 AND 1261612
	Index Only Scan using k_6 on sbtest6  (cost=0.43..6.67 rows=112 width=4)
	  Index Cond: ((k >= 1261512) AND (k <= 1261612))

table 7 : explain SELECT k FROM sbtest7 WHERE k BETWEEN 1261512 AND 1261612
	Index Only Scan using k_7 on sbtest7  (cost=0.43..6.61 rows=109 width=4)
	  Index Cond: ((k >= 1261512) AND (k <= 1261612))

table 8 : explain SELECT k FROM sbtest8 WHERE k BETWEEN 1261512 AND 1261612
	Index Only Scan using k_8 on sbtest8  (cost=0.43..6.47 rows=102 width=4)
	  Index Cond: ((k >= 1261512) AND (k <= 1261612))

explain: for range-covered :: explain SELECT k FROM sbtest%d WHERE k BETWEEN 4796578 AND 4796678
explain: for range-covered :: explain SELECT k FROM sbtest%d WHERE k BETWEEN 1261512 AND 1261612
for range-covered
table 1 : explain SELECT k FROM sbtest1 WHERE k BETWEEN 4553235 AND 4553335
	Index Only Scan using k_1 on sbtest1  (cost=0.43..6.35 rows=96 width=4)
	  Index Cond: ((k >= 4553235) AND (k <= 4553335))

table 2 : explain SELECT k FROM sbtest2 WHERE k BETWEEN 4553235 AND 4553335
	Index Only Scan using k_2 on sbtest2  (cost=0.43..6.21 rows=89 width=4)
	  Index Cond: ((k >= 4553235) AND (k <= 4553335))

table 3 : explain SELECT k FROM sbtest3 WHERE k BETWEEN 4553235 AND 4553335
	Index Only Scan using k_3 on sbtest3  (cost=0.43..6.42 rows=99 width=4)
	  Index Cond: ((k >= 4553235) AND (k <= 4553335))

table 4 : explain SELECT k FROM sbtest4 WHERE k BETWEEN 4553235 AND 4553335
	Index Only Scan using k_4 on sbtest4  (cost=0.43..6.37 rows=97 width=4)
	  Index Cond: ((k >= 4553235) AND (k <= 4553335))

table 5 : explain SELECT k FROM sbtest5 WHERE k BETWEEN 4553235 AND 4553335
	Index Only Scan using k_5 on sbtest5  (cost=0.43..6.50 rows=103 width=4)
	  Index Cond: ((k >= 4553235) AND (k <= 4553335))

table 6 : explain SELECT k FROM sbtest6 WHERE k BETWEEN 4553235 AND 4553335
	Index Only Scan using k_6 on sbtest6  (cost=0.43..6.63 rows=110 width=4)
	  Index Cond: ((k >= 4553235) AND (k <= 4553335))

table 7 : explain SELECT k FROM sbtest7 WHERE k BETWEEN 4553235 AND 4553335
	Index Only Scan using k_7 on sbtest7  (cost=0.43..6.42 rows=99 width=4)
	  Index Cond: ((k >= 4553235) AND (k <= 4553335))

table 8 : explain SELECT k FROM sbtest8 WHERE k BETWEEN 4553235 AND 4553335
	Index Only Scan using k_8 on sbtest8  (cost=0.43..6.45 rows=101 width=4)
	  Index Cond: ((k >= 4553235) AND (k <= 4553335))

for range-covered
table 1 : explain SELECT k FROM sbtest1 WHERE k BETWEEN 2418781 AND 2418881
	Index Only Scan using k_1 on sbtest1  (cost=0.43..6.51 rows=104 width=4)
	  Index Cond: ((k >= 2418781) AND (k <= 2418881))

table 2 : explain SELECT k FROM sbtest2 WHERE k BETWEEN 2418781 AND 2418881
	Index Only Scan using k_2 on sbtest2  (cost=0.43..6.47 rows=102 width=4)
	  Index Cond: ((k >= 2418781) AND (k <= 2418881))

table 3 : explain SELECT k FROM sbtest3 WHERE k BETWEEN 2418781 AND 2418881
	Index Only Scan using k_3 on sbtest3  (cost=0.43..6.37 rows=97 width=4)
	  Index Cond: ((k >= 2418781) AND (k <= 2418881))

table 4 : explain SELECT k FROM sbtest4 WHERE k BETWEEN 2418781 AND 2418881
	Index Only Scan using k_4 on sbtest4  (cost=0.43..6.45 rows=101 width=4)
	  Index Cond: ((k >= 2418781) AND (k <= 2418881))

table 5 : explain SELECT k FROM sbtest5 WHERE k BETWEEN 2418781 AND 2418881
	Index Only Scan using k_5 on sbtest5  (cost=0.43..6.35 rows=96 width=4)
	  Index Cond: ((k >= 2418781) AND (k <= 2418881))

table 6 : explain SELECT k FROM sbtest6 WHERE k BETWEEN 2418781 AND 2418881
	Index Only Scan using k_6 on sbtest6  (cost=0.43..6.35 rows=96 width=4)
	  Index Cond: ((k >= 2418781) AND (k <= 2418881))

table 7 : explain SELECT k FROM sbtest7 WHERE k BETWEEN 2418781 AND 2418881
	Index Only Scan using k_7 on sbtest7  (cost=0.43..6.40 rows=98 width=4)
	  Index Cond: ((k >= 2418781) AND (k <= 2418881))

table 8 : explain SELECT k FROM sbtest8 WHERE k BETWEEN 2418781 AND 2418881
	Index Only Scan using k_8 on sbtest8  (cost=0.43..6.32 rows=94 width=4)
	  Index Cond: ((k >= 2418781) AND (k <= 2418881))

explain: for range-covered :: explain SELECT k FROM sbtest%d WHERE k BETWEEN 4553235 AND 4553335
for range-covered
table 1 : explain SELECT k FROM sbtest1 WHERE k BETWEEN 4655240 AND 4655340
	Index Only Scan using k_1 on sbtest1  (cost=0.43..6.45 rows=101 width=4)
	  Index Cond: ((k >= 4655240) AND (k <= 4655340))

table 2 : explain SELECT k FROM sbtest2 WHERE k BETWEEN 4655240 AND 4655340
	Index Only Scan using k_2 on sbtest2  (cost=0.43..6.61 rows=109 width=4)
	  Index Cond: ((k >= 4655240) AND (k <= 4655340))

table 3 : explain SELECT k FROM sbtest3 WHERE k BETWEEN 4655240 AND 4655340
	Index Only Scan using k_3 on sbtest3  (cost=0.43..6.40 rows=98 width=4)
	  Index Cond: ((k >= 4655240) AND (k <= 4655340))

table 4 : explain SELECT k FROM sbtest4 WHERE k BETWEEN 4655240 AND 4655340
	Index Only Scan using k_4 on sbtest4  (cost=0.43..6.63 rows=110 width=4)
	  Index Cond: ((k >= 4655240) AND (k <= 4655340))

table 5 : explain SELECT k FROM sbtest5 WHERE k BETWEEN 4655240 AND 4655340
	Index Only Scan using k_5 on sbtest5  (cost=0.43..6.56 rows=106 width=4)
	  Index Cond: ((k >= 4655240) AND (k <= 4655340))

table 6 : explain SELECT k FROM sbtest6 WHERE k BETWEEN 4655240 AND 4655340
	Index Only Scan using k_6 on sbtest6  (cost=0.43..6.50 rows=103 width=4)
	  Index Cond: ((k >= 4655240) AND (k <= 4655340))

table 7 : explain SELECT k FROM sbtest7 WHERE k BETWEEN 4655240 AND 4655340
	Index Only Scan using k_7 on sbtest7  (cost=0.43..6.37 rows=97 width=4)
	  Index Cond: ((k >= 4655240) AND (k <= 4655340))

table 8 : explain SELECT k FROM sbtest8 WHERE k BETWEEN 4655240 AND 4655340
	Index Only Scan using k_8 on sbtest8  (cost=0.43..6.50 rows=103 width=4)
	  Index Cond: ((k >= 4655240) AND (k <= 4655340))

for range-covered
table 1 : explain SELECT k FROM sbtest1 WHERE k BETWEEN 3079525 AND 3079625
	Index Only Scan using k_1 on sbtest1  (cost=0.43..6.59 rows=108 width=4)
	  Index Cond: ((k >= 3079525) AND (k <= 3079625))

table 2 : explain SELECT k FROM sbtest2 WHERE k BETWEEN 3079525 AND 3079625
	Index Only Scan using k_2 on sbtest2  (cost=0.43..6.53 rows=105 width=4)
	  Index Cond: ((k >= 3079525) AND (k <= 3079625))

table 3 : explain SELECT k FROM sbtest3 WHERE k BETWEEN 3079525 AND 3079625
	Index Only Scan using k_3 on sbtest3  (cost=0.43..6.47 rows=102 width=4)
	  Index Cond: ((k >= 3079525) AND (k <= 3079625))

table 4 : explain SELECT k FROM sbtest4 WHERE k BETWEEN 3079525 AND 3079625
	Index Only Scan using k_4 on sbtest4  (cost=0.43..6.53 rows=105 width=4)
	  Index Cond: ((k >= 3079525) AND (k <= 3079625))

table 5 : explain SELECT k FROM sbtest5 WHERE k BETWEEN 3079525 AND 3079625
	Index Only Scan using k_5 on sbtest5  (cost=0.43..6.45 rows=101 width=4)
	  Index Cond: ((k >= 3079525) AND (k <= 3079625))

table 6 : explain SELECT k FROM sbtest6 WHERE k BETWEEN 3079525 AND 3079625
	Index Only Scan using k_6 on sbtest6  (cost=0.43..6.53 rows=105 width=4)
	  Index Cond: ((k >= 3079525) AND (k <= 3079625))

table 7 : explain SELECT k FROM sbtest7 WHERE k BETWEEN 3079525 AND 3079625
	Index Only Scan using k_7 on sbtest7  (cost=0.43..6.43 rows=100 width=4)
	  Index Cond: ((k >= 3079525) AND (k <= 3079625))

table 8 : explain SELECT k FROM sbtest8 WHERE k BETWEEN 3079525 AND 3079625
	Index Only Scan using k_8 on sbtest8  (cost=0.43..6.33 rows=95 width=4)
	  Index Cond: ((k >= 3079525) AND (k <= 3079625))

for range-covered
table 1 : explain SELECT k FROM sbtest1 WHERE k BETWEEN 4796578 AND 4796678
	Index Only Scan using k_1 on sbtest1  (cost=0.43..6.59 rows=108 width=4)
	  Index Cond: ((k >= 4796578) AND (k <= 4796678))

table 2 : explain SELECT k FROM sbtest2 WHERE k BETWEEN 4796578 AND 4796678
	Index Only Scan using k_2 on sbtest2  (cost=0.43..6.58 rows=107 width=4)
	  Index Cond: ((k >= 4796578) AND (k <= 4796678))

table 3 : explain SELECT k FROM sbtest3 WHERE k BETWEEN 4796578 AND 4796678
	Index Only Scan using k_3 on sbtest3  (cost=0.43..6.42 rows=99 width=4)
	  Index Cond: ((k >= 4796578) AND (k <= 4796678))

table 4 : explain SELECT k FROM sbtest4 WHERE k BETWEEN 4796578 AND 4796678
	Index Only Scan using k_4 on sbtest4  (cost=0.43..6.63 rows=110 width=4)
	  Index Cond: ((k >= 4796578) AND (k <= 4796678))

table 5 : explain SELECT k FROM sbtest5 WHERE k BETWEEN 4796578 AND 4796678
	Index Only Scan using k_5 on sbtest5  (cost=0.43..6.56 rows=106 width=4)
	  Index Cond: ((k >= 4796578) AND (k <= 4796678))

table 6 : explain SELECT k FROM sbtest6 WHERE k BETWEEN 4796578 AND 4796678
	Index Only Scan using k_6 on sbtest6  (cost=0.43..6.63 rows=110 width=4)
	  Index Cond: ((k >= 4796578) AND (k <= 4796678))

table 7 : explain SELECT k FROM sbtest7 WHERE k BETWEEN 4796578 AND 4796678
	Index Only Scan using k_7 on sbtest7  (cost=0.43..6.85 rows=121 width=4)
	  Index Cond: ((k >= 4796578) AND (k <= 4796678))

table 8 : explain SELECT k FROM sbtest8 WHERE k BETWEEN 4796578 AND 4796678
	Index Only Scan using k_8 on sbtest8  (cost=0.43..6.47 rows=102 width=4)
	  Index Cond: ((k >= 4796578) AND (k <= 4796678))

explain: for range-covered :: explain SELECT k FROM sbtest%d WHERE k BETWEEN 3079525 AND 3079625
explain: for range-covered :: explain SELECT k FROM sbtest%d WHERE k BETWEEN 2418781 AND 2418881
explain: for range-covered :: explain SELECT k FROM sbtest%d WHERE k BETWEEN 4655240 AND 4655340
explain: for range-covered :: explain SELECT k FROM sbtest%d WHERE k BETWEEN 5090335 AND 5090435
explain: for range-covered :: explain SELECT k FROM sbtest%d WHERE k BETWEEN 4796578 AND 4796678
for range-covered
table 1 : explain SELECT k FROM sbtest1 WHERE k BETWEEN 6283272 AND 6283372
	Index Only Scan using k_1 on sbtest1  (cost=0.43..6.33 rows=95 width=4)
	  Index Cond: ((k >= 6283272) AND (k <= 6283372))

table 2 : explain SELECT k FROM sbtest2 WHERE k BETWEEN 6283272 AND 6283372
	Index Only Scan using k_2 on sbtest2  (cost=0.43..6.61 rows=109 width=4)
	  Index Cond: ((k >= 6283272) AND (k <= 6283372))

table 3 : explain SELECT k FROM sbtest3 WHERE k BETWEEN 6283272 AND 6283372
	Index Only Scan using k_3 on sbtest3  (cost=0.43..6.50 rows=103 width=4)
	  Index Cond: ((k >= 6283272) AND (k <= 6283372))

table 4 : explain SELECT k FROM sbtest4 WHERE k BETWEEN 6283272 AND 6283372
	Index Only Scan using k_4 on sbtest4  (cost=0.43..6.32 rows=94 width=4)
	  Index Cond: ((k >= 6283272) AND (k <= 6283372))

table 5 : explain SELECT k FROM sbtest5 WHERE k BETWEEN 6283272 AND 6283372
	Index Only Scan using k_5 on sbtest5  (cost=0.43..6.43 rows=100 width=4)
	  Index Cond: ((k >= 6283272) AND (k <= 6283372))

table 6 : explain SELECT k FROM sbtest6 WHERE k BETWEEN 6283272 AND 6283372
	Index Only Scan using k_6 on sbtest6  (cost=0.43..6.37 rows=97 width=4)
	  Index Cond: ((k >= 6283272) AND (k <= 6283372))

table 7 : explain SELECT k FROM sbtest7 WHERE k BETWEEN 6283272 AND 6283372
	Index Only Scan using k_7 on sbtest7  (cost=0.43..6.72 rows=114 width=4)
	  Index Cond: ((k >= 6283272) AND (k <= 6283372))

table 8 : explain SELECT k FROM sbtest8 WHERE k BETWEEN 6283272 AND 6283372
	Index Only Scan using k_8 on sbtest8  (cost=0.43..6.53 rows=105 width=4)
	  Index Cond: ((k >= 6283272) AND (k <= 6283372))

explain: for range-covered :: explain SELECT k FROM sbtest%d WHERE k BETWEEN 6283272 AND 6283372
explain: for range-covered :: explain SELECT k FROM sbtest%d WHERE k BETWEEN 5705375 AND 5705475
for range-covered
table 1 : explain SELECT k FROM sbtest1 WHERE k BETWEEN 1261512 AND 1261612
	Index Only Scan using k_1 on sbtest1  (cost=0.43..6.42 rows=99 width=4)
	  Index Cond: ((k >= 1261512) AND (k <= 1261612))

table 2 : explain SELECT k FROM sbtest2 WHERE k BETWEEN 1261512 AND 1261612
	Index Only Scan using k_2 on sbtest2  (cost=0.43..6.47 rows=102 width=4)
	  Index Cond: ((k >= 1261512) AND (k <= 1261612))

table 3 : explain SELECT k FROM sbtest3 WHERE k BETWEEN 1261512 AND 1261612
	Index Only Scan using k_3 on sbtest3  (cost=0.43..6.53 rows=105 width=4)
	  Index Cond: ((k >= 1261512) AND (k <= 1261612))

table 4 : explain SELECT k FROM sbtest4 WHERE k BETWEEN 1261512 AND 1261612
	Index Only Scan using k_4 on sbtest4  (cost=0.43..6.58 rows=107 width=4)
	  Index Cond: ((k >= 1261512) AND (k <= 1261612))

table 5 : explain SELECT k FROM sbtest5 WHERE k BETWEEN 1261512 AND 1261612
	Index Only Scan using k_5 on sbtest5  (cost=0.43..6.53 rows=105 width=4)
	  Index Cond: ((k >= 1261512) AND (k <= 1261612))

table 6 : explain SELECT k FROM sbtest6 WHERE k BETWEEN 1261512 AND 1261612
	Index Only Scan using k_6 on sbtest6  (cost=0.43..6.67 rows=112 width=4)
	  Index Cond: ((k >= 1261512) AND (k <= 1261612))

table 7 : explain SELECT k FROM sbtest7 WHERE k BETWEEN 1261512 AND 1261612
	Index Only Scan using k_7 on sbtest7  (cost=0.43..6.61 rows=109 width=4)
	  Index Cond: ((k >= 1261512) AND (k <= 1261612))

table 8 : explain SELECT k FROM sbtest8 WHERE k BETWEEN 1261512 AND 1261612
	Index Only Scan using k_8 on sbtest8  (cost=0.43..6.47 rows=102 width=4)
	  Index Cond: ((k >= 1261512) AND (k <= 1261612))

for range-covered
table 1 : explain SELECT k FROM sbtest1 WHERE k BETWEEN 4553235 AND 4553335
	Index Only Scan using k_1 on sbtest1  (cost=0.43..6.35 rows=96 width=4)
	  Index Cond: ((k >= 4553235) AND (k <= 4553335))

table 2 : explain SELECT k FROM sbtest2 WHERE k BETWEEN 4553235 AND 4553335
	Index Only Scan using k_2 on sbtest2  (cost=0.43..6.21 rows=89 width=4)
	  Index Cond: ((k >= 4553235) AND (k <= 4553335))

table 3 : explain SELECT k FROM sbtest3 WHERE k BETWEEN 4553235 AND 4553335
	Index Only Scan using k_3 on sbtest3  (cost=0.43..6.42 rows=99 width=4)
	  Index Cond: ((k >= 4553235) AND (k <= 4553335))

table 4 : explain SELECT k FROM sbtest4 WHERE k BETWEEN 4553235 AND 4553335
	Index Only Scan using k_4 on sbtest4  (cost=0.43..6.37 rows=97 width=4)
	  Index Cond: ((k >= 4553235) AND (k <= 4553335))

table 5 : explain SELECT k FROM sbtest5 WHERE k BETWEEN 4553235 AND 4553335
	Index Only Scan using k_5 on sbtest5  (cost=0.43..6.50 rows=103 width=4)
	  Index Cond: ((k >= 4553235) AND (k <= 4553335))

table 6 : explain SELECT k FROM sbtest6 WHERE k BETWEEN 4553235 AND 4553335
	Index Only Scan using k_6 on sbtest6  (cost=0.43..6.63 rows=110 width=4)
	  Index Cond: ((k >= 4553235) AND (k <= 4553335))

table 7 : explain SELECT k FROM sbtest7 WHERE k BETWEEN 4553235 AND 4553335
	Index Only Scan using k_7 on sbtest7  (cost=0.43..6.42 rows=99 width=4)
	  Index Cond: ((k >= 4553235) AND (k <= 4553335))

table 8 : explain SELECT k FROM sbtest8 WHERE k BETWEEN 4553235 AND 4553335
	Index Only Scan using k_8 on sbtest8  (cost=0.43..6.45 rows=101 width=4)
	  Index Cond: ((k >= 4553235) AND (k <= 4553335))

explain: for range-covered :: explain SELECT k FROM sbtest%d WHERE k BETWEEN 1261512 AND 1261612
explain: for range-covered :: explain SELECT k FROM sbtest%d WHERE k BETWEEN 7036366 AND 7036466
explain: for range-covered :: explain SELECT k FROM sbtest%d WHERE k BETWEEN 4553235 AND 4553335
for range-covered
table 1 : explain SELECT k FROM sbtest1 WHERE k BETWEEN 2418781 AND 2418881
	Index Only Scan using k_1 on sbtest1  (cost=0.43..6.51 rows=104 width=4)
	  Index Cond: ((k >= 2418781) AND (k <= 2418881))

table 2 : explain SELECT k FROM sbtest2 WHERE k BETWEEN 2418781 AND 2418881
	Index Only Scan using k_2 on sbtest2  (cost=0.43..6.47 rows=102 width=4)
	  Index Cond: ((k >= 2418781) AND (k <= 2418881))

table 3 : explain SELECT k FROM sbtest3 WHERE k BETWEEN 2418781 AND 2418881
	Index Only Scan using k_3 on sbtest3  (cost=0.43..6.37 rows=97 width=4)
	  Index Cond: ((k >= 2418781) AND (k <= 2418881))

table 4 : explain SELECT k FROM sbtest4 WHERE k BETWEEN 2418781 AND 2418881
	Index Only Scan using k_4 on sbtest4  (cost=0.43..6.45 rows=101 width=4)
	  Index Cond: ((k >= 2418781) AND (k <= 2418881))

table 5 : explain SELECT k FROM sbtest5 WHERE k BETWEEN 2418781 AND 2418881
	Index Only Scan using k_5 on sbtest5  (cost=0.43..6.35 rows=96 width=4)
	  Index Cond: ((k >= 2418781) AND (k <= 2418881))

table 6 : explain SELECT k FROM sbtest6 WHERE k BETWEEN 2418781 AND 2418881
	Index Only Scan using k_6 on sbtest6  (cost=0.43..6.35 rows=96 width=4)
	  Index Cond: ((k >= 2418781) AND (k <= 2418881))

table 7 : explain SELECT k FROM sbtest7 WHERE k BETWEEN 2418781 AND 2418881
	Index Only Scan using k_7 on sbtest7  (cost=0.43..6.40 rows=98 width=4)
	  Index Cond: ((k >= 2418781) AND (k <= 2418881))

table 8 : explain SELECT k FROM sbtest8 WHERE k BETWEEN 2418781 AND 2418881
	Index Only Scan using k_8 on sbtest8  (cost=0.43..6.32 rows=94 width=4)
	  Index Cond: ((k >= 2418781) AND (k <= 2418881))

for range-covered
table 1 : explain SELECT k FROM sbtest1 WHERE k BETWEEN 3079525 AND 3079625
	Index Only Scan using k_1 on sbtest1  (cost=0.43..6.59 rows=108 width=4)
	  Index Cond: ((k >= 3079525) AND (k <= 3079625))

table 2 : explain SELECT k FROM sbtest2 WHERE k BETWEEN 3079525 AND 3079625
	Index Only Scan using k_2 on sbtest2  (cost=0.43..6.53 rows=105 width=4)
	  Index Cond: ((k >= 3079525) AND (k <= 3079625))

table 3 : explain SELECT k FROM sbtest3 WHERE k BETWEEN 3079525 AND 3079625
	Index Only Scan using k_3 on sbtest3  (cost=0.43..6.47 rows=102 width=4)
	  Index Cond: ((k >= 3079525) AND (k <= 3079625))

table 4 : explain SELECT k FROM sbtest4 WHERE k BETWEEN 3079525 AND 3079625
	Index Only Scan using k_4 on sbtest4  (cost=0.43..6.53 rows=105 width=4)
	  Index Cond: ((k >= 3079525) AND (k <= 3079625))

table 5 : explain SELECT k FROM sbtest5 WHERE k BETWEEN 3079525 AND 3079625
	Index Only Scan using k_5 on sbtest5  (cost=0.43..6.45 rows=101 width=4)
	  Index Cond: ((k >= 3079525) AND (k <= 3079625))

table 6 : explain SELECT k FROM sbtest6 WHERE k BETWEEN 3079525 AND 3079625
	Index Only Scan using k_6 on sbtest6  (cost=0.43..6.53 rows=105 width=4)
	  Index Cond: ((k >= 3079525) AND (k <= 3079625))

table 7 : explain SELECT k FROM sbtest7 WHERE k BETWEEN 3079525 AND 3079625
	Index Only Scan using k_7 on sbtest7  (cost=0.43..6.43 rows=100 width=4)
	  Index Cond: ((k >= 3079525) AND (k <= 3079625))

table 8 : explain SELECT k FROM sbtest8 WHERE k BETWEEN 3079525 AND 3079625
	Index Only Scan using k_8 on sbtest8  (cost=0.43..6.33 rows=95 width=4)
	  Index Cond: ((k >= 3079525) AND (k <= 3079625))

explain: for range-covered :: explain SELECT k FROM sbtest%d WHERE k BETWEEN 3079525 AND 3079625
for range-covered
table 1 : explain SELECT k FROM sbtest1 WHERE k BETWEEN 4655240 AND 4655340
	Index Only Scan using k_1 on sbtest1  (cost=0.43..6.45 rows=101 width=4)
	  Index Cond: ((k >= 4655240) AND (k <= 4655340))

table 2 : explain SELECT k FROM sbtest2 WHERE k BETWEEN 4655240 AND 4655340
	Index Only Scan using k_2 on sbtest2  (cost=0.43..6.61 rows=109 width=4)
	  Index Cond: ((k >= 4655240) AND (k <= 4655340))

table 3 : explain SELECT k FROM sbtest3 WHERE k BETWEEN 4655240 AND 4655340
	Index Only Scan using k_3 on sbtest3  (cost=0.43..6.40 rows=98 width=4)
	  Index Cond: ((k >= 4655240) AND (k <= 4655340))

table 4 : explain SELECT k FROM sbtest4 WHERE k BETWEEN 4655240 AND 4655340
	Index Only Scan using k_4 on sbtest4  (cost=0.43..6.63 rows=110 width=4)
	  Index Cond: ((k >= 4655240) AND (k <= 4655340))

table 5 : explain SELECT k FROM sbtest5 WHERE k BETWEEN 4655240 AND 4655340
	Index Only Scan using k_5 on sbtest5  (cost=0.43..6.56 rows=106 width=4)
	  Index Cond: ((k >= 4655240) AND (k <= 4655340))

table 6 : explain SELECT k FROM sbtest6 WHERE k BETWEEN 4655240 AND 4655340
	Index Only Scan using k_6 on sbtest6  (cost=0.43..6.50 rows=103 width=4)
	  Index Cond: ((k >= 4655240) AND (k <= 4655340))

table 7 : explain SELECT k FROM sbtest7 WHERE k BETWEEN 4655240 AND 4655340
	Index Only Scan using k_7 on sbtest7  (cost=0.43..6.37 rows=97 width=4)
	  Index Cond: ((k >= 4655240) AND (k <= 4655340))

table 8 : explain SELECT k FROM sbtest8 WHERE k BETWEEN 4655240 AND 4655340
	Index Only Scan using k_8 on sbtest8  (cost=0.43..6.50 rows=103 width=4)
	  Index Cond: ((k >= 4655240) AND (k <= 4655340))

for range-covered
table 1 : explain SELECT k FROM sbtest1 WHERE k BETWEEN 2626028 AND 2626128
	Index Only Scan using k_1 on sbtest1  (cost=0.43..6.47 rows=102 width=4)
	  Index Cond: ((k >= 2626028) AND (k <= 2626128))

table 2 : explain SELECT k FROM sbtest2 WHERE k BETWEEN 2626028 AND 2626128
	Index Only Scan using k_2 on sbtest2  (cost=0.43..6.74 rows=115 width=4)
	  Index Cond: ((k >= 2626028) AND (k <= 2626128))

table 3 : explain SELECT k FROM sbtest3 WHERE k BETWEEN 2626028 AND 2626128
	Index Only Scan using k_3 on sbtest3  (cost=0.43..6.45 rows=101 width=4)
	  Index Cond: ((k >= 2626028) AND (k <= 2626128))

table 4 : explain SELECT k FROM sbtest4 WHERE k BETWEEN 2626028 AND 2626128
	Index Only Scan using k_4 on sbtest4  (cost=0.43..6.58 rows=107 width=4)
	  Index Cond: ((k >= 2626028) AND (k <= 2626128))

table 5 : explain SELECT k FROM sbtest5 WHERE k BETWEEN 2626028 AND 2626128
	Index Only Scan using k_5 on sbtest5  (cost=0.43..6.50 rows=103 width=4)
	  Index Cond: ((k >= 2626028) AND (k <= 2626128))

table 6 : explain SELECT k FROM sbtest6 WHERE k BETWEEN 2626028 AND 2626128
	Index Only Scan using k_6 on sbtest6  (cost=0.43..6.50 rows=103 width=4)
	  Index Cond: ((k >= 2626028) AND (k <= 2626128))

table 7 : explain SELECT k FROM sbtest7 WHERE k BETWEEN 2626028 AND 2626128
	Index Only Scan using k_7 on sbtest7  (cost=0.43..6.29 rows=93 width=4)
	  Index Cond: ((k >= 2626028) AND (k <= 2626128))

table 8 : explain SELECT k FROM sbtest8 WHERE k BETWEEN 2626028 AND 2626128
	Index Only Scan using k_8 on sbtest8  (cost=0.43..6.35 rows=96 width=4)
	  Index Cond: ((k >= 2626028) AND (k <= 2626128))

for range-covered
table 1 : explain SELECT k FROM sbtest1 WHERE k BETWEEN 4796578 AND 4796678
	Index Only Scan using k_1 on sbtest1  (cost=0.43..6.59 rows=108 width=4)
	  Index Cond: ((k >= 4796578) AND (k <= 4796678))

table 2 : explain SELECT k FROM sbtest2 WHERE k BETWEEN 4796578 AND 4796678
	Index Only Scan using k_2 on sbtest2  (cost=0.43..6.58 rows=107 width=4)
	  Index Cond: ((k >= 4796578) AND (k <= 4796678))

table 3 : explain SELECT k FROM sbtest3 WHERE k BETWEEN 4796578 AND 4796678
	Index Only Scan using k_3 on sbtest3  (cost=0.43..6.42 rows=99 width=4)
	  Index Cond: ((k >= 4796578) AND (k <= 4796678))

table 4 : explain SELECT k FROM sbtest4 WHERE k BETWEEN 4796578 AND 4796678
	Index Only Scan using k_4 on sbtest4  (cost=0.43..6.63 rows=110 width=4)
	  Index Cond: ((k >= 4796578) AND (k <= 4796678))

table 5 : explain SELECT k FROM sbtest5 WHERE k BETWEEN 4796578 AND 4796678
	Index Only Scan using k_5 on sbtest5  (cost=0.43..6.56 rows=106 width=4)
	  Index Cond: ((k >= 4796578) AND (k <= 4796678))

table 6 : explain SELECT k FROM sbtest6 WHERE k BETWEEN 4796578 AND 4796678
	Index Only Scan using k_6 on sbtest6  (cost=0.43..6.63 rows=110 width=4)
	  Index Cond: ((k >= 4796578) AND (k <= 4796678))

table 7 : explain SELECT k FROM sbtest7 WHERE k BETWEEN 4796578 AND 4796678
	Index Only Scan using k_7 on sbtest7  (cost=0.43..6.85 rows=121 width=4)
	  Index Cond: ((k >= 4796578) AND (k <= 4796678))

table 8 : explain SELECT k FROM sbtest8 WHERE k BETWEEN 4796578 AND 4796678
	Index Only Scan using k_8 on sbtest8  (cost=0.43..6.47 rows=102 width=4)
	  Index Cond: ((k >= 4796578) AND (k <= 4796678))

for range-covered
table 1 : explain SELECT k FROM sbtest1 WHERE k BETWEEN 6283272 AND 6283372
	Index Only Scan using k_1 on sbtest1  (cost=0.43..6.33 rows=95 width=4)
	  Index Cond: ((k >= 6283272) AND (k <= 6283372))

table 2 : explain SELECT k FROM sbtest2 WHERE k BETWEEN 6283272 AND 6283372
	Index Only Scan using k_2 on sbtest2  (cost=0.43..6.61 rows=109 width=4)
	  Index Cond: ((k >= 6283272) AND (k <= 6283372))

table 3 : explain SELECT k FROM sbtest3 WHERE k BETWEEN 6283272 AND 6283372
	Index Only Scan using k_3 on sbtest3  (cost=0.43..6.50 rows=103 width=4)
	  Index Cond: ((k >= 6283272) AND (k <= 6283372))

table 4 : explain SELECT k FROM sbtest4 WHERE k BETWEEN 6283272 AND 6283372
	Index Only Scan using k_4 on sbtest4  (cost=0.43..6.32 rows=94 width=4)
	  Index Cond: ((k >= 6283272) AND (k <= 6283372))

table 5 : explain SELECT k FROM sbtest5 WHERE k BETWEEN 6283272 AND 6283372
	Index Only Scan using k_5 on sbtest5  (cost=0.43..6.43 rows=100 width=4)
	  Index Cond: ((k >= 6283272) AND (k <= 6283372))

table 6 : explain SELECT k FROM sbtest6 WHERE k BETWEEN 6283272 AND 6283372
	Index Only Scan using k_6 on sbtest6  (cost=0.43..6.37 rows=97 width=4)
	  Index Cond: ((k >= 6283272) AND (k <= 6283372))

table 7 : explain SELECT k FROM sbtest7 WHERE k BETWEEN 6283272 AND 6283372
	Index Only Scan using k_7 on sbtest7  (cost=0.43..6.72 rows=114 width=4)
	  Index Cond: ((k >= 6283272) AND (k <= 6283372))

table 8 : explain SELECT k FROM sbtest8 WHERE k BETWEEN 6283272 AND 6283372
	Index Only Scan using k_8 on sbtest8  (cost=0.43..6.53 rows=105 width=4)
	  Index Cond: ((k >= 6283272) AND (k <= 6283372))

explain: for range-covered :: explain SELECT k FROM sbtest%d WHERE k BETWEEN 2418781 AND 2418881
explain: for range-covered :: explain SELECT k FROM sbtest%d WHERE k BETWEEN 2626028 AND 2626128
explain: for range-covered :: explain SELECT k FROM sbtest%d WHERE k BETWEEN 4796578 AND 4796678
explain: for range-covered :: explain SELECT k FROM sbtest%d WHERE k BETWEEN 4655240 AND 4655340
for range-covered
table 1 : explain SELECT k FROM sbtest1 WHERE k BETWEEN 3079525 AND 3079625
	Index Only Scan using k_1 on sbtest1  (cost=0.43..6.59 rows=108 width=4)
	  Index Cond: ((k >= 3079525) AND (k <= 3079625))

table 2 : explain SELECT k FROM sbtest2 WHERE k BETWEEN 3079525 AND 3079625
	Index Only Scan using k_2 on sbtest2  (cost=0.43..6.53 rows=105 width=4)
	  Index Cond: ((k >= 3079525) AND (k <= 3079625))

table 3 : explain SELECT k FROM sbtest3 WHERE k BETWEEN 3079525 AND 3079625
	Index Only Scan using k_3 on sbtest3  (cost=0.43..6.47 rows=102 width=4)
	  Index Cond: ((k >= 3079525) AND (k <= 3079625))

table 4 : explain SELECT k FROM sbtest4 WHERE k BETWEEN 3079525 AND 3079625
	Index Only Scan using k_4 on sbtest4  (cost=0.43..6.53 rows=105 width=4)
	  Index Cond: ((k >= 3079525) AND (k <= 3079625))

table 5 : explain SELECT k FROM sbtest5 WHERE k BETWEEN 3079525 AND 3079625
	Index Only Scan using k_5 on sbtest5  (cost=0.43..6.45 rows=101 width=4)
	  Index Cond: ((k >= 3079525) AND (k <= 3079625))

table 6 : explain SELECT k FROM sbtest6 WHERE k BETWEEN 3079525 AND 3079625
	Index Only Scan using k_6 on sbtest6  (cost=0.43..6.53 rows=105 width=4)
	  Index Cond: ((k >= 3079525) AND (k <= 3079625))

table 7 : explain SELECT k FROM sbtest7 WHERE k BETWEEN 3079525 AND 3079625
	Index Only Scan using k_7 on sbtest7  (cost=0.43..6.43 rows=100 width=4)
	  Index Cond: ((k >= 3079525) AND (k <= 3079625))

table 8 : explain SELECT k FROM sbtest8 WHERE k BETWEEN 3079525 AND 3079625
	Index Only Scan using k_8 on sbtest8  (cost=0.43..6.33 rows=95 width=4)
	  Index Cond: ((k >= 3079525) AND (k <= 3079625))

for range-covered
table 1 : explain SELECT k FROM sbtest1 WHERE k BETWEEN 4553235 AND 4553335
	Index Only Scan using k_1 on sbtest1  (cost=0.43..6.35 rows=96 width=4)
	  Index Cond: ((k >= 4553235) AND (k <= 4553335))

table 2 : explain SELECT k FROM sbtest2 WHERE k BETWEEN 4553235 AND 4553335
	Index Only Scan using k_2 on sbtest2  (cost=0.43..6.21 rows=89 width=4)
	  Index Cond: ((k >= 4553235) AND (k <= 4553335))

table 3 : explain SELECT k FROM sbtest3 WHERE k BETWEEN 4553235 AND 4553335
	Index Only Scan using k_3 on sbtest3  (cost=0.43..6.42 rows=99 width=4)
	  Index Cond: ((k >= 4553235) AND (k <= 4553335))

table 4 : explain SELECT k FROM sbtest4 WHERE k BETWEEN 4553235 AND 4553335
	Index Only Scan using k_4 on sbtest4  (cost=0.43..6.37 rows=97 width=4)
	  Index Cond: ((k >= 4553235) AND (k <= 4553335))

table 5 : explain SELECT k FROM sbtest5 WHERE k BETWEEN 4553235 AND 4553335
	Index Only Scan using k_5 on sbtest5  (cost=0.43..6.50 rows=103 width=4)
	  Index Cond: ((k >= 4553235) AND (k <= 4553335))

table 6 : explain SELECT k FROM sbtest6 WHERE k BETWEEN 4553235 AND 4553335
	Index Only Scan using k_6 on sbtest6  (cost=0.43..6.63 rows=110 width=4)
	  Index Cond: ((k >= 4553235) AND (k <= 4553335))

table 7 : explain SELECT k FROM sbtest7 WHERE k BETWEEN 4553235 AND 4553335
	Index Only Scan using k_7 on sbtest7  (cost=0.43..6.42 rows=99 width=4)
	  Index Cond: ((k >= 4553235) AND (k <= 4553335))

table 8 : explain SELECT k FROM sbtest8 WHERE k BETWEEN 4553235 AND 4553335
	Index Only Scan using k_8 on sbtest8  (cost=0.43..6.45 rows=101 width=4)
	  Index Cond: ((k >= 4553235) AND (k <= 4553335))

for range-covered
table 1 : explain SELECT k FROM sbtest1 WHERE k BETWEEN 1261512 AND 1261612
	Index Only Scan using k_1 on sbtest1  (cost=0.43..6.42 rows=99 width=4)
	  Index Cond: ((k >= 1261512) AND (k <= 1261612))

table 2 : explain SELECT k FROM sbtest2 WHERE k BETWEEN 1261512 AND 1261612
	Index Only Scan using k_2 on sbtest2  (cost=0.43..6.47 rows=102 width=4)
	  Index Cond: ((k >= 1261512) AND (k <= 1261612))

table 3 : explain SELECT k FROM sbtest3 WHERE k BETWEEN 1261512 AND 1261612
	Index Only Scan using k_3 on sbtest3  (cost=0.43..6.53 rows=105 width=4)
	  Index Cond: ((k >= 1261512) AND (k <= 1261612))

table 4 : explain SELECT k FROM sbtest4 WHERE k BETWEEN 1261512 AND 1261612
	Index Only Scan using k_4 on sbtest4  (cost=0.43..6.58 rows=107 width=4)
	  Index Cond: ((k >= 1261512) AND (k <= 1261612))

table 5 : explain SELECT k FROM sbtest5 WHERE k BETWEEN 1261512 AND 1261612
	Index Only Scan using k_5 on sbtest5  (cost=0.43..6.53 rows=105 width=4)
	  Index Cond: ((k >= 1261512) AND (k <= 1261612))

table 6 : explain SELECT k FROM sbtest6 WHERE k BETWEEN 1261512 AND 1261612
	Index Only Scan using k_6 on sbtest6  (cost=0.43..6.67 rows=112 width=4)
	  Index Cond: ((k >= 1261512) AND (k <= 1261612))

table 7 : explain SELECT k FROM sbtest7 WHERE k BETWEEN 1261512 AND 1261612
	Index Only Scan using k_7 on sbtest7  (cost=0.43..6.61 rows=109 width=4)
	  Index Cond: ((k >= 1261512) AND (k <= 1261612))

table 8 : explain SELECT k FROM sbtest8 WHERE k BETWEEN 1261512 AND 1261612
	Index Only Scan using k_8 on sbtest8  (cost=0.43..6.47 rows=102 width=4)
	  Index Cond: ((k >= 1261512) AND (k <= 1261612))

explain: for range-covered :: explain SELECT k FROM sbtest%d WHERE k BETWEEN 3079525 AND 3079625
for range-covered
table 1 : explain SELECT k FROM sbtest1 WHERE k BETWEEN 2626028 AND 2626128
	Index Only Scan using k_1 on sbtest1  (cost=0.43..6.47 rows=102 width=4)
	  Index Cond: ((k >= 2626028) AND (k <= 2626128))

table 2 : explain SELECT k FROM sbtest2 WHERE k BETWEEN 2626028 AND 2626128
	Index Only Scan using k_2 on sbtest2  (cost=0.43..6.74 rows=115 width=4)
	  Index Cond: ((k >= 2626028) AND (k <= 2626128))

table 3 : explain SELECT k FROM sbtest3 WHERE k BETWEEN 2626028 AND 2626128
	Index Only Scan using k_3 on sbtest3  (cost=0.43..6.45 rows=101 width=4)
	  Index Cond: ((k >= 2626028) AND (k <= 2626128))

table 4 : explain SELECT k FROM sbtest4 WHERE k BETWEEN 2626028 AND 2626128
	Index Only Scan using k_4 on sbtest4  (cost=0.43..6.58 rows=107 width=4)
	  Index Cond: ((k >= 2626028) AND (k <= 2626128))

table 5 : explain SELECT k FROM sbtest5 WHERE k BETWEEN 2626028 AND 2626128
	Index Only Scan using k_5 on sbtest5  (cost=0.43..6.50 rows=103 width=4)
	  Index Cond: ((k >= 2626028) AND (k <= 2626128))

table 6 : explain SELECT k FROM sbtest6 WHERE k BETWEEN 2626028 AND 2626128
	Index Only Scan using k_6 on sbtest6  (cost=0.43..6.50 rows=103 width=4)
	  Index Cond: ((k >= 2626028) AND (k <= 2626128))

table 7 : explain SELECT k FROM sbtest7 WHERE k BETWEEN 2626028 AND 2626128
	Index Only Scan using k_7 on sbtest7  (cost=0.43..6.29 rows=93 width=4)
	  Index Cond: ((k >= 2626028) AND (k <= 2626128))

table 8 : explain SELECT k FROM sbtest8 WHERE k BETWEEN 2626028 AND 2626128
	Index Only Scan using k_8 on sbtest8  (cost=0.43..6.35 rows=96 width=4)
	  Index Cond: ((k >= 2626028) AND (k <= 2626128))

explain: for range-covered :: explain SELECT k FROM sbtest%d WHERE k BETWEEN 1261512 AND 1261612
explain: for range-covered :: explain SELECT k FROM sbtest%d WHERE k BETWEEN 2626028 AND 2626128
for range-covered
table 1 : explain SELECT k FROM sbtest1 WHERE k BETWEEN 5090335 AND 5090435
	Index Only Scan using k_1 on sbtest1  (cost=0.43..6.56 rows=106 width=4)
	  Index Cond: ((k >= 5090335) AND (k <= 5090435))

table 2 : explain SELECT k FROM sbtest2 WHERE k BETWEEN 5090335 AND 5090435
	Index Only Scan using k_2 on sbtest2  (cost=0.43..6.75 rows=116 width=4)
	  Index Cond: ((k >= 5090335) AND (k <= 5090435))

table 3 : explain SELECT k FROM sbtest3 WHERE k BETWEEN 5090335 AND 5090435
	Index Only Scan using k_3 on sbtest3  (cost=0.43..6.53 rows=105 width=4)
	  Index Cond: ((k >= 5090335) AND (k <= 5090435))

table 4 : explain SELECT k FROM sbtest4 WHERE k BETWEEN 5090335 AND 5090435
	Index Only Scan using k_4 on sbtest4  (cost=0.43..6.35 rows=96 width=4)
	  Index Cond: ((k >= 5090335) AND (k <= 5090435))

table 5 : explain SELECT k FROM sbtest5 WHERE k BETWEEN 5090335 AND 5090435
	Index Only Scan using k_5 on sbtest5  (cost=0.43..6.37 rows=97 width=4)
	  Index Cond: ((k >= 5090335) AND (k <= 5090435))

table 6 : explain SELECT k FROM sbtest6 WHERE k BETWEEN 5090335 AND 5090435
	Index Only Scan using k_6 on sbtest6  (cost=0.43..6.37 rows=97 width=4)
	  Index Cond: ((k >= 5090335) AND (k <= 5090435))

table 7 : explain SELECT k FROM sbtest7 WHERE k BETWEEN 5090335 AND 5090435
	Index Only Scan using k_7 on sbtest7  (cost=0.43..6.33 rows=95 width=4)
	  Index Cond: ((k >= 5090335) AND (k <= 5090435))

table 8 : explain SELECT k FROM sbtest8 WHERE k BETWEEN 5090335 AND 5090435
	Index Only Scan using k_8 on sbtest8  (cost=0.43..6.35 rows=96 width=4)
	  Index Cond: ((k >= 5090335) AND (k <= 5090435))

explain: for range-covered :: explain SELECT k FROM sbtest%d WHERE k BETWEEN 6740106 AND 6740206
explain: for range-covered :: explain SELECT k FROM sbtest%d WHERE k BETWEEN 5090335 AND 5090435
for range-covered
table 1 : explain SELECT k FROM sbtest1 WHERE k BETWEEN 3079525 AND 3079625
	Index Only Scan using k_1 on sbtest1  (cost=0.43..6.59 rows=108 width=4)
	  Index Cond: ((k >= 3079525) AND (k <= 3079625))

table 2 : explain SELECT k FROM sbtest2 WHERE k BETWEEN 3079525 AND 3079625
	Index Only Scan using k_2 on sbtest2  (cost=0.43..6.53 rows=105 width=4)
	  Index Cond: ((k >= 3079525) AND (k <= 3079625))

table 3 : explain SELECT k FROM sbtest3 WHERE k BETWEEN 3079525 AND 3079625
	Index Only Scan using k_3 on sbtest3  (cost=0.43..6.47 rows=102 width=4)
	  Index Cond: ((k >= 3079525) AND (k <= 3079625))

table 4 : explain SELECT k FROM sbtest4 WHERE k BETWEEN 3079525 AND 3079625
	Index Only Scan using k_4 on sbtest4  (cost=0.43..6.53 rows=105 width=4)
	  Index Cond: ((k >= 3079525) AND (k <= 3079625))

table 5 : explain SELECT k FROM sbtest5 WHERE k BETWEEN 3079525 AND 3079625
	Index Only Scan using k_5 on sbtest5  (cost=0.43..6.45 rows=101 width=4)
	  Index Cond: ((k >= 3079525) AND (k <= 3079625))

table 6 : explain SELECT k FROM sbtest6 WHERE k BETWEEN 3079525 AND 3079625
	Index Only Scan using k_6 on sbtest6  (cost=0.43..6.53 rows=105 width=4)
	  Index Cond: ((k >= 3079525) AND (k <= 3079625))

table 7 : explain SELECT k FROM sbtest7 WHERE k BETWEEN 3079525 AND 3079625
	Index Only Scan using k_7 on sbtest7  (cost=0.43..6.43 rows=100 width=4)
	  Index Cond: ((k >= 3079525) AND (k <= 3079625))

table 8 : explain SELECT k FROM sbtest8 WHERE k BETWEEN 3079525 AND 3079625
	Index Only Scan using k_8 on sbtest8  (cost=0.43..6.33 rows=95 width=4)
	  Index Cond: ((k >= 3079525) AND (k <= 3079625))

for range-covered
table 1 : explain SELECT k FROM sbtest1 WHERE k BETWEEN 2418781 AND 2418881
	Index Only Scan using k_1 on sbtest1  (cost=0.43..6.51 rows=104 width=4)
	  Index Cond: ((k >= 2418781) AND (k <= 2418881))

table 2 : explain SELECT k FROM sbtest2 WHERE k BETWEEN 2418781 AND 2418881
	Index Only Scan using k_2 on sbtest2  (cost=0.43..6.47 rows=102 width=4)
	  Index Cond: ((k >= 2418781) AND (k <= 2418881))

table 3 : explain SELECT k FROM sbtest3 WHERE k BETWEEN 2418781 AND 2418881
	Index Only Scan using k_3 on sbtest3  (cost=0.43..6.37 rows=97 width=4)
	  Index Cond: ((k >= 2418781) AND (k <= 2418881))

table 4 : explain SELECT k FROM sbtest4 WHERE k BETWEEN 2418781 AND 2418881
	Index Only Scan using k_4 on sbtest4  (cost=0.43..6.45 rows=101 width=4)
	  Index Cond: ((k >= 2418781) AND (k <= 2418881))

table 5 : explain SELECT k FROM sbtest5 WHERE k BETWEEN 2418781 AND 2418881
	Index Only Scan using k_5 on sbtest5  (cost=0.43..6.35 rows=96 width=4)
	  Index Cond: ((k >= 2418781) AND (k <= 2418881))

table 6 : explain SELECT k FROM sbtest6 WHERE k BETWEEN 2418781 AND 2418881
	Index Only Scan using k_6 on sbtest6  (cost=0.43..6.35 rows=96 width=4)
	  Index Cond: ((k >= 2418781) AND (k <= 2418881))

table 7 : explain SELECT k FROM sbtest7 WHERE k BETWEEN 2418781 AND 2418881
	Index Only Scan using k_7 on sbtest7  (cost=0.43..6.40 rows=98 width=4)
	  Index Cond: ((k >= 2418781) AND (k <= 2418881))

table 8 : explain SELECT k FROM sbtest8 WHERE k BETWEEN 2418781 AND 2418881
	Index Only Scan using k_8 on sbtest8  (cost=0.43..6.32 rows=94 width=4)
	  Index Cond: ((k >= 2418781) AND (k <= 2418881))

explain: for range-covered :: explain SELECT k FROM sbtest%d WHERE k BETWEEN 3079525 AND 3079625
for range-covered
table 1 : explain SELECT k FROM sbtest1 WHERE k BETWEEN 4655240 AND 4655340
	Index Only Scan using k_1 on sbtest1  (cost=0.43..6.45 rows=101 width=4)
	  Index Cond: ((k >= 4655240) AND (k <= 4655340))

table 2 : explain SELECT k FROM sbtest2 WHERE k BETWEEN 4655240 AND 4655340
	Index Only Scan using k_2 on sbtest2  (cost=0.43..6.61 rows=109 width=4)
	  Index Cond: ((k >= 4655240) AND (k <= 4655340))

table 3 : explain SELECT k FROM sbtest3 WHERE k BETWEEN 4655240 AND 4655340
	Index Only Scan using k_3 on sbtest3  (cost=0.43..6.40 rows=98 width=4)
	  Index Cond: ((k >= 4655240) AND (k <= 4655340))

table 4 : explain SELECT k FROM sbtest4 WHERE k BETWEEN 4655240 AND 4655340
	Index Only Scan using k_4 on sbtest4  (cost=0.43..6.63 rows=110 width=4)
	  Index Cond: ((k >= 4655240) AND (k <= 4655340))

table 5 : explain SELECT k FROM sbtest5 WHERE k BETWEEN 4655240 AND 4655340
	Index Only Scan using k_5 on sbtest5  (cost=0.43..6.56 rows=106 width=4)
	  Index Cond: ((k >= 4655240) AND (k <= 4655340))

table 6 : explain SELECT k FROM sbtest6 WHERE k BETWEEN 4655240 AND 4655340
	Index Only Scan using k_6 on sbtest6  (cost=0.43..6.50 rows=103 width=4)
	  Index Cond: ((k >= 4655240) AND (k <= 4655340))

table 7 : explain SELECT k FROM sbtest7 WHERE k BETWEEN 4655240 AND 4655340
	Index Only Scan using k_7 on sbtest7  (cost=0.43..6.37 rows=97 width=4)
	  Index Cond: ((k >= 4655240) AND (k <= 4655340))

table 8 : explain SELECT k FROM sbtest8 WHERE k BETWEEN 4655240 AND 4655340
	Index Only Scan using k_8 on sbtest8  (cost=0.43..6.50 rows=103 width=4)
	  Index Cond: ((k >= 4655240) AND (k <= 4655340))

for range-covered
table 1 : explain SELECT k FROM sbtest1 WHERE k BETWEEN 4796578 AND 4796678
	Index Only Scan using k_1 on sbtest1  (cost=0.43..6.59 rows=108 width=4)
	  Index Cond: ((k >= 4796578) AND (k <= 4796678))

table 2 : explain SELECT k FROM sbtest2 WHERE k BETWEEN 4796578 AND 4796678
	Index Only Scan using k_2 on sbtest2  (cost=0.43..6.58 rows=107 width=4)
	  Index Cond: ((k >= 4796578) AND (k <= 4796678))

table 3 : explain SELECT k FROM sbtest3 WHERE k BETWEEN 4796578 AND 4796678
	Index Only Scan using k_3 on sbtest3  (cost=0.43..6.42 rows=99 width=4)
	  Index Cond: ((k >= 4796578) AND (k <= 4796678))

table 4 : explain SELECT k FROM sbtest4 WHERE k BETWEEN 4796578 AND 4796678
	Index Only Scan using k_4 on sbtest4  (cost=0.43..6.63 rows=110 width=4)
	  Index Cond: ((k >= 4796578) AND (k <= 4796678))

table 5 : explain SELECT k FROM sbtest5 WHERE k BETWEEN 4796578 AND 4796678
	Index Only Scan using k_5 on sbtest5  (cost=0.43..6.56 rows=106 width=4)
	  Index Cond: ((k >= 4796578) AND (k <= 4796678))

table 6 : explain SELECT k FROM sbtest6 WHERE k BETWEEN 4796578 AND 4796678
	Index Only Scan using k_6 on sbtest6  (cost=0.43..6.63 rows=110 width=4)
	  Index Cond: ((k >= 4796578) AND (k <= 4796678))

table 7 : explain SELECT k FROM sbtest7 WHERE k BETWEEN 4796578 AND 4796678
	Index Only Scan using k_7 on sbtest7  (cost=0.43..6.85 rows=121 width=4)
	  Index Cond: ((k >= 4796578) AND (k <= 4796678))

table 8 : explain SELECT k FROM sbtest8 WHERE k BETWEEN 4796578 AND 4796678
	Index Only Scan using k_8 on sbtest8  (cost=0.43..6.47 rows=102 width=4)
	  Index Cond: ((k >= 4796578) AND (k <= 4796678))

for range-covered
table 1 : explain SELECT k FROM sbtest1 WHERE k BETWEEN 2626028 AND 2626128
	Index Only Scan using k_1 on sbtest1  (cost=0.43..6.47 rows=102 width=4)
	  Index Cond: ((k >= 2626028) AND (k <= 2626128))

table 2 : explain SELECT k FROM sbtest2 WHERE k BETWEEN 2626028 AND 2626128
	Index Only Scan using k_2 on sbtest2  (cost=0.43..6.74 rows=115 width=4)
	  Index Cond: ((k >= 2626028) AND (k <= 2626128))

table 3 : explain SELECT k FROM sbtest3 WHERE k BETWEEN 2626028 AND 2626128
	Index Only Scan using k_3 on sbtest3  (cost=0.43..6.45 rows=101 width=4)
	  Index Cond: ((k >= 2626028) AND (k <= 2626128))

table 4 : explain SELECT k FROM sbtest4 WHERE k BETWEEN 2626028 AND 2626128
	Index Only Scan using k_4 on sbtest4  (cost=0.43..6.58 rows=107 width=4)
	  Index Cond: ((k >= 2626028) AND (k <= 2626128))

table 5 : explain SELECT k FROM sbtest5 WHERE k BETWEEN 2626028 AND 2626128
	Index Only Scan using k_5 on sbtest5  (cost=0.43..6.50 rows=103 width=4)
	  Index Cond: ((k >= 2626028) AND (k <= 2626128))

table 6 : explain SELECT k FROM sbtest6 WHERE k BETWEEN 2626028 AND 2626128
	Index Only Scan using k_6 on sbtest6  (cost=0.43..6.50 rows=103 width=4)
	  Index Cond: ((k >= 2626028) AND (k <= 2626128))

table 7 : explain SELECT k FROM sbtest7 WHERE k BETWEEN 2626028 AND 2626128
	Index Only Scan using k_7 on sbtest7  (cost=0.43..6.29 rows=93 width=4)
	  Index Cond: ((k >= 2626028) AND (k <= 2626128))

table 8 : explain SELECT k FROM sbtest8 WHERE k BETWEEN 2626028 AND 2626128
	Index Only Scan using k_8 on sbtest8  (cost=0.43..6.35 rows=96 width=4)
	  Index Cond: ((k >= 2626028) AND (k <= 2626128))

for range-covered
table 1 : explain SELECT k FROM sbtest1 WHERE k BETWEEN 5705375 AND 5705475
	Index Only Scan using k_1 on sbtest1  (cost=0.43..6.69 rows=113 width=4)
	  Index Cond: ((k >= 5705375) AND (k <= 5705475))

table 2 : explain SELECT k FROM sbtest2 WHERE k BETWEEN 5705375 AND 5705475
	Index Only Scan using k_2 on sbtest2  (cost=0.43..6.25 rows=91 width=4)
	  Index Cond: ((k >= 5705375) AND (k <= 5705475))

table 3 : explain SELECT k FROM sbtest3 WHERE k BETWEEN 5705375 AND 5705475
	Index Only Scan using k_3 on sbtest3  (cost=0.43..6.66 rows=111 width=4)
	  Index Cond: ((k >= 5705375) AND (k <= 5705475))

table 4 : explain SELECT k FROM sbtest4 WHERE k BETWEEN 5705375 AND 5705475
	Index Only Scan using k_4 on sbtest4  (cost=0.43..6.61 rows=109 width=4)
	  Index Cond: ((k >= 5705375) AND (k <= 5705475))

table 5 : explain SELECT k FROM sbtest5 WHERE k BETWEEN 5705375 AND 5705475
	Index Only Scan using k_5 on sbtest5  (cost=0.43..6.51 rows=104 width=4)
	  Index Cond: ((k >= 5705375) AND (k <= 5705475))

table 6 : explain SELECT k FROM sbtest6 WHERE k BETWEEN 5705375 AND 5705475
	Index Only Scan using k_6 on sbtest6  (cost=0.43..6.37 rows=97 width=4)
	  Index Cond: ((k >= 5705375) AND (k <= 5705475))

table 7 : explain SELECT k FROM sbtest7 WHERE k BETWEEN 5705375 AND 5705475
	Index Only Scan using k_7 on sbtest7  (cost=0.43..6.40 rows=98 width=4)
	  Index Cond: ((k >= 5705375) AND (k <= 5705475))

table 8 : explain SELECT k FROM sbtest8 WHERE k BETWEEN 5705375 AND 5705475
	Index Only Scan using k_8 on sbtest8  (cost=0.43..6.32 rows=94 width=4)
	  Index Cond: ((k >= 5705375) AND (k <= 5705475))

explain: for range-covered :: explain SELECT k FROM sbtest%d WHERE k BETWEEN 2418781 AND 2418881
explain: for range-covered :: explain SELECT k FROM sbtest%d WHERE k BETWEEN 2626028 AND 2626128
explain: for range-covered :: explain SELECT k FROM sbtest%d WHERE k BETWEEN 4655240 AND 4655340
explain: for range-covered :: explain SELECT k FROM sbtest%d WHERE k BETWEEN 5705375 AND 5705475
for range-covered
table 1 : explain SELECT k FROM sbtest1 WHERE k BETWEEN 3142940 AND 3143040
	Index Only Scan using k_1 on sbtest1  (cost=0.43..6.27 rows=92 width=4)
	  Index Cond: ((k >= 3142940) AND (k <= 3143040))

table 2 : explain SELECT k FROM sbtest2 WHERE k BETWEEN 3142940 AND 3143040
	Index Only Scan using k_2 on sbtest2  (cost=0.43..6.33 rows=95 width=4)
	  Index Cond: ((k >= 3142940) AND (k <= 3143040))

table 3 : explain SELECT k FROM sbtest3 WHERE k BETWEEN 3142940 AND 3143040
	Index Only Scan using k_3 on sbtest3  (cost=0.43..6.47 rows=102 width=4)
	  Index Cond: ((k >= 3142940) AND (k <= 3143040))

table 4 : explain SELECT k FROM sbtest4 WHERE k BETWEEN 3142940 AND 3143040
	Index Only Scan using k_4 on sbtest4  (cost=0.43..6.43 rows=100 width=4)
	  Index Cond: ((k >= 3142940) AND (k <= 3143040))

table 5 : explain SELECT k FROM sbtest5 WHERE k BETWEEN 3142940 AND 3143040
	Index Only Scan using k_5 on sbtest5  (cost=0.43..6.45 rows=101 width=4)
	  Index Cond: ((k >= 3142940) AND (k <= 3143040))

table 6 : explain SELECT k FROM sbtest6 WHERE k BETWEEN 3142940 AND 3143040
	Index Only Scan using k_6 on sbtest6  (cost=0.43..6.53 rows=105 width=4)
	  Index Cond: ((k >= 3142940) AND (k <= 3143040))

table 7 : explain SELECT k FROM sbtest7 WHERE k BETWEEN 3142940 AND 3143040
	Index Only Scan using k_7 on sbtest7  (cost=0.43..6.47 rows=102 width=4)
	  Index Cond: ((k >= 3142940) AND (k <= 3143040))

table 8 : explain SELECT k FROM sbtest8 WHERE k BETWEEN 3142940 AND 3143040
	Index Only Scan using k_8 on sbtest8  (cost=0.43..6.40 rows=98 width=4)
	  Index Cond: ((k >= 3142940) AND (k <= 3143040))

explain: for range-covered :: explain SELECT k FROM sbtest%d WHERE k BETWEEN 3142940 AND 3143040
for range-covered
table 1 : explain SELECT k FROM sbtest1 WHERE k BETWEEN 5090335 AND 5090435
	Index Only Scan using k_1 on sbtest1  (cost=0.43..6.56 rows=106 width=4)
	  Index Cond: ((k >= 5090335) AND (k <= 5090435))

table 2 : explain SELECT k FROM sbtest2 WHERE k BETWEEN 5090335 AND 5090435
	Index Only Scan using k_2 on sbtest2  (cost=0.43..6.75 rows=116 width=4)
	  Index Cond: ((k >= 5090335) AND (k <= 5090435))

table 3 : explain SELECT k FROM sbtest3 WHERE k BETWEEN 5090335 AND 5090435
	Index Only Scan using k_3 on sbtest3  (cost=0.43..6.53 rows=105 width=4)
	  Index Cond: ((k >= 5090335) AND (k <= 5090435))

table 4 : explain SELECT k FROM sbtest4 WHERE k BETWEEN 5090335 AND 5090435
	Index Only Scan using k_4 on sbtest4  (cost=0.43..6.35 rows=96 width=4)
	  Index Cond: ((k >= 5090335) AND (k <= 5090435))

table 5 : explain SELECT k FROM sbtest5 WHERE k BETWEEN 5090335 AND 5090435
	Index Only Scan using k_5 on sbtest5  (cost=0.43..6.37 rows=97 width=4)
	  Index Cond: ((k >= 5090335) AND (k <= 5090435))

table 6 : explain SELECT k FROM sbtest6 WHERE k BETWEEN 5090335 AND 5090435
	Index Only Scan using k_6 on sbtest6  (cost=0.43..6.37 rows=97 width=4)
	  Index Cond: ((k >= 5090335) AND (k <= 5090435))

table 7 : explain SELECT k FROM sbtest7 WHERE k BETWEEN 5090335 AND 5090435
	Index Only Scan using k_7 on sbtest7  (cost=0.43..6.33 rows=95 width=4)
	  Index Cond: ((k >= 5090335) AND (k <= 5090435))

table 8 : explain SELECT k FROM sbtest8 WHERE k BETWEEN 5090335 AND 5090435
	Index Only Scan using k_8 on sbtest8  (cost=0.43..6.35 rows=96 width=4)
	  Index Cond: ((k >= 5090335) AND (k <= 5090435))

explain: for range-covered :: explain SELECT k FROM sbtest%d WHERE k BETWEEN 5090335 AND 5090435
explain: for range-covered :: explain SELECT k FROM sbtest%d WHERE k BETWEEN 5236772 AND 5236872
for range-covered
table 1 : explain SELECT k FROM sbtest1 WHERE k BETWEEN 1261512 AND 1261612
	Index Only Scan using k_1 on sbtest1  (cost=0.43..6.42 rows=99 width=4)
	  Index Cond: ((k >= 1261512) AND (k <= 1261612))

table 2 : explain SELECT k FROM sbtest2 WHERE k BETWEEN 1261512 AND 1261612
	Index Only Scan using k_2 on sbtest2  (cost=0.43..6.47 rows=102 width=4)
	  Index Cond: ((k >= 1261512) AND (k <= 1261612))

table 3 : explain SELECT k FROM sbtest3 WHERE k BETWEEN 1261512 AND 1261612
	Index Only Scan using k_3 on sbtest3  (cost=0.43..6.53 rows=105 width=4)
	  Index Cond: ((k >= 1261512) AND (k <= 1261612))

table 4 : explain SELECT k FROM sbtest4 WHERE k BETWEEN 1261512 AND 1261612
	Index Only Scan using k_4 on sbtest4  (cost=0.43..6.58 rows=107 width=4)
	  Index Cond: ((k >= 1261512) AND (k <= 1261612))

table 5 : explain SELECT k FROM sbtest5 WHERE k BETWEEN 1261512 AND 1261612
	Index Only Scan using k_5 on sbtest5  (cost=0.43..6.53 rows=105 width=4)
	  Index Cond: ((k >= 1261512) AND (k <= 1261612))

table 6 : explain SELECT k FROM sbtest6 WHERE k BETWEEN 1261512 AND 1261612
	Index Only Scan using k_6 on sbtest6  (cost=0.43..6.67 rows=112 width=4)
	  Index Cond: ((k >= 1261512) AND (k <= 1261612))

table 7 : explain SELECT k FROM sbtest7 WHERE k BETWEEN 1261512 AND 1261612
	Index Only Scan using k_7 on sbtest7  (cost=0.43..6.61 rows=109 width=4)
	  Index Cond: ((k >= 1261512) AND (k <= 1261612))

table 8 : explain SELECT k FROM sbtest8 WHERE k BETWEEN 1261512 AND 1261612
	Index Only Scan using k_8 on sbtest8  (cost=0.43..6.47 rows=102 width=4)
	  Index Cond: ((k >= 1261512) AND (k <= 1261612))

for range-covered
table 1 : explain SELECT k FROM sbtest1 WHERE k BETWEEN 2626028 AND 2626128
	Index Only Scan using k_1 on sbtest1  (cost=0.43..6.47 rows=102 width=4)
	  Index Cond: ((k >= 2626028) AND (k <= 2626128))

table 2 : explain SELECT k FROM sbtest2 WHERE k BETWEEN 2626028 AND 2626128
	Index Only Scan using k_2 on sbtest2  (cost=0.43..6.74 rows=115 width=4)
	  Index Cond: ((k >= 2626028) AND (k <= 2626128))

table 3 : explain SELECT k FROM sbtest3 WHERE k BETWEEN 2626028 AND 2626128
	Index Only Scan using k_3 on sbtest3  (cost=0.43..6.45 rows=101 width=4)
	  Index Cond: ((k >= 2626028) AND (k <= 2626128))

table 4 : explain SELECT k FROM sbtest4 WHERE k BETWEEN 2626028 AND 2626128
	Index Only Scan using k_4 on sbtest4  (cost=0.43..6.58 rows=107 width=4)
	  Index Cond: ((k >= 2626028) AND (k <= 2626128))

table 5 : explain SELECT k FROM sbtest5 WHERE k BETWEEN 2626028 AND 2626128
	Index Only Scan using k_5 on sbtest5  (cost=0.43..6.50 rows=103 width=4)
	  Index Cond: ((k >= 2626028) AND (k <= 2626128))

table 6 : explain SELECT k FROM sbtest6 WHERE k BETWEEN 2626028 AND 2626128
	Index Only Scan using k_6 on sbtest6  (cost=0.43..6.50 rows=103 width=4)
	  Index Cond: ((k >= 2626028) AND (k <= 2626128))

table 7 : explain SELECT k FROM sbtest7 WHERE k BETWEEN 2626028 AND 2626128
	Index Only Scan using k_7 on sbtest7  (cost=0.43..6.29 rows=93 width=4)
	  Index Cond: ((k >= 2626028) AND (k <= 2626128))

table 8 : explain SELECT k FROM sbtest8 WHERE k BETWEEN 2626028 AND 2626128
	Index Only Scan using k_8 on sbtest8  (cost=0.43..6.35 rows=96 width=4)
	  Index Cond: ((k >= 2626028) AND (k <= 2626128))

explain: for range-covered :: explain SELECT k FROM sbtest%d WHERE k BETWEEN 2626028 AND 2626128
explain: for range-covered :: explain SELECT k FROM sbtest%d WHERE k BETWEEN 4108586 AND 4108686
explain: for range-covered :: explain SELECT k FROM sbtest%d WHERE k BETWEEN 1261512 AND 1261612
for range-covered
table 1 : explain SELECT k FROM sbtest1 WHERE k BETWEEN 5705375 AND 5705475
	Index Only Scan using k_1 on sbtest1  (cost=0.43..6.69 rows=113 width=4)
	  Index Cond: ((k >= 5705375) AND (k <= 5705475))

table 2 : explain SELECT k FROM sbtest2 WHERE k BETWEEN 5705375 AND 5705475
	Index Only Scan using k_2 on sbtest2  (cost=0.43..6.25 rows=91 width=4)
	  Index Cond: ((k >= 5705375) AND (k <= 5705475))

table 3 : explain SELECT k FROM sbtest3 WHERE k BETWEEN 5705375 AND 5705475
	Index Only Scan using k_3 on sbtest3  (cost=0.43..6.66 rows=111 width=4)
	  Index Cond: ((k >= 5705375) AND (k <= 5705475))

table 4 : explain SELECT k FROM sbtest4 WHERE k BETWEEN 5705375 AND 5705475
	Index Only Scan using k_4 on sbtest4  (cost=0.43..6.61 rows=109 width=4)
	  Index Cond: ((k >= 5705375) AND (k <= 5705475))

table 5 : explain SELECT k FROM sbtest5 WHERE k BETWEEN 5705375 AND 5705475
	Index Only Scan using k_5 on sbtest5  (cost=0.43..6.51 rows=104 width=4)
	  Index Cond: ((k >= 5705375) AND (k <= 5705475))

table 6 : explain SELECT k FROM sbtest6 WHERE k BETWEEN 5705375 AND 5705475
	Index Only Scan using k_6 on sbtest6  (cost=0.43..6.37 rows=97 width=4)
	  Index Cond: ((k >= 5705375) AND (k <= 5705475))

table 7 : explain SELECT k FROM sbtest7 WHERE k BETWEEN 5705375 AND 5705475
	Index Only Scan using k_7 on sbtest7  (cost=0.43..6.40 rows=98 width=4)
	  Index Cond: ((k >= 5705375) AND (k <= 5705475))

table 8 : explain SELECT k FROM sbtest8 WHERE k BETWEEN 5705375 AND 5705475
	Index Only Scan using k_8 on sbtest8  (cost=0.43..6.32 rows=94 width=4)
	  Index Cond: ((k >= 5705375) AND (k <= 5705475))

explain: for range-covered :: explain SELECT k FROM sbtest%d WHERE k BETWEEN 5705375 AND 5705475
for range-covered
table 1 : explain SELECT k FROM sbtest1 WHERE k BETWEEN 2418781 AND 2418881
	Index Only Scan using k_1 on sbtest1  (cost=0.43..6.51 rows=104 width=4)
	  Index Cond: ((k >= 2418781) AND (k <= 2418881))

table 2 : explain SELECT k FROM sbtest2 WHERE k BETWEEN 2418781 AND 2418881
	Index Only Scan using k_2 on sbtest2  (cost=0.43..6.47 rows=102 width=4)
	  Index Cond: ((k >= 2418781) AND (k <= 2418881))

table 3 : explain SELECT k FROM sbtest3 WHERE k BETWEEN 2418781 AND 2418881
	Index Only Scan using k_3 on sbtest3  (cost=0.43..6.37 rows=97 width=4)
	  Index Cond: ((k >= 2418781) AND (k <= 2418881))

table 4 : explain SELECT k FROM sbtest4 WHERE k BETWEEN 2418781 AND 2418881
	Index Only Scan using k_4 on sbtest4  (cost=0.43..6.45 rows=101 width=4)
	  Index Cond: ((k >= 2418781) AND (k <= 2418881))

table 5 : explain SELECT k FROM sbtest5 WHERE k BETWEEN 2418781 AND 2418881
	Index Only Scan using k_5 on sbtest5  (cost=0.43..6.35 rows=96 width=4)
	  Index Cond: ((k >= 2418781) AND (k <= 2418881))

table 6 : explain SELECT k FROM sbtest6 WHERE k BETWEEN 2418781 AND 2418881
	Index Only Scan using k_6 on sbtest6  (cost=0.43..6.35 rows=96 width=4)
	  Index Cond: ((k >= 2418781) AND (k <= 2418881))

table 7 : explain SELECT k FROM sbtest7 WHERE k BETWEEN 2418781 AND 2418881
	Index Only Scan using k_7 on sbtest7  (cost=0.43..6.40 rows=98 width=4)
	  Index Cond: ((k >= 2418781) AND (k <= 2418881))

table 8 : explain SELECT k FROM sbtest8 WHERE k BETWEEN 2418781 AND 2418881
	Index Only Scan using k_8 on sbtest8  (cost=0.43..6.32 rows=94 width=4)
	  Index Cond: ((k >= 2418781) AND (k <= 2418881))

for range-covered
table 1 : explain SELECT k FROM sbtest1 WHERE k BETWEEN 3142940 AND 3143040
	Index Only Scan using k_1 on sbtest1  (cost=0.43..6.27 rows=92 width=4)
	  Index Cond: ((k >= 3142940) AND (k <= 3143040))

table 2 : explain SELECT k FROM sbtest2 WHERE k BETWEEN 3142940 AND 3143040
	Index Only Scan using k_2 on sbtest2  (cost=0.43..6.33 rows=95 width=4)
	  Index Cond: ((k >= 3142940) AND (k <= 3143040))

table 3 : explain SELECT k FROM sbtest3 WHERE k BETWEEN 3142940 AND 3143040
	Index Only Scan using k_3 on sbtest3  (cost=0.43..6.47 rows=102 width=4)
	  Index Cond: ((k >= 3142940) AND (k <= 3143040))

table 4 : explain SELECT k FROM sbtest4 WHERE k BETWEEN 3142940 AND 3143040
	Index Only Scan using k_4 on sbtest4  (cost=0.43..6.43 rows=100 width=4)
	  Index Cond: ((k >= 3142940) AND (k <= 3143040))

table 5 : explain SELECT k FROM sbtest5 WHERE k BETWEEN 3142940 AND 3143040
	Index Only Scan using k_5 on sbtest5  (cost=0.43..6.45 rows=101 width=4)
	  Index Cond: ((k >= 3142940) AND (k <= 3143040))

table 6 : explain SELECT k FROM sbtest6 WHERE k BETWEEN 3142940 AND 3143040
	Index Only Scan using k_6 on sbtest6  (cost=0.43..6.53 rows=105 width=4)
	  Index Cond: ((k >= 3142940) AND (k <= 3143040))

table 7 : explain SELECT k FROM sbtest7 WHERE k BETWEEN 3142940 AND 3143040
	Index Only Scan using k_7 on sbtest7  (cost=0.43..6.47 rows=102 width=4)
	  Index Cond: ((k >= 3142940) AND (k <= 3143040))

table 8 : explain SELECT k FROM sbtest8 WHERE k BETWEEN 3142940 AND 3143040
	Index Only Scan using k_8 on sbtest8  (cost=0.43..6.40 rows=98 width=4)
	  Index Cond: ((k >= 3142940) AND (k <= 3143040))

explain: for range-covered :: explain SELECT k FROM sbtest%d WHERE k BETWEEN 2418781 AND 2418881
for range-covered
table 1 : explain SELECT k FROM sbtest1 WHERE k BETWEEN 5090335 AND 5090435
	Index Only Scan using k_1 on sbtest1  (cost=0.43..6.56 rows=106 width=4)
	  Index Cond: ((k >= 5090335) AND (k <= 5090435))

table 2 : explain SELECT k FROM sbtest2 WHERE k BETWEEN 5090335 AND 5090435
	Index Only Scan using k_2 on sbtest2  (cost=0.43..6.75 rows=116 width=4)
	  Index Cond: ((k >= 5090335) AND (k <= 5090435))

table 3 : explain SELECT k FROM sbtest3 WHERE k BETWEEN 5090335 AND 5090435
	Index Only Scan using k_3 on sbtest3  (cost=0.43..6.53 rows=105 width=4)
	  Index Cond: ((k >= 5090335) AND (k <= 5090435))

table 4 : explain SELECT k FROM sbtest4 WHERE k BETWEEN 5090335 AND 5090435
	Index Only Scan using k_4 on sbtest4  (cost=0.43..6.35 rows=96 width=4)
	  Index Cond: ((k >= 5090335) AND (k <= 5090435))

table 5 : explain SELECT k FROM sbtest5 WHERE k BETWEEN 5090335 AND 5090435
	Index Only Scan using k_5 on sbtest5  (cost=0.43..6.37 rows=97 width=4)
	  Index Cond: ((k >= 5090335) AND (k <= 5090435))

table 6 : explain SELECT k FROM sbtest6 WHERE k BETWEEN 5090335 AND 5090435
	Index Only Scan using k_6 on sbtest6  (cost=0.43..6.37 rows=97 width=4)
	  Index Cond: ((k >= 5090335) AND (k <= 5090435))

table 7 : explain SELECT k FROM sbtest7 WHERE k BETWEEN 5090335 AND 5090435
	Index Only Scan using k_7 on sbtest7  (cost=0.43..6.33 rows=95 width=4)
	  Index Cond: ((k >= 5090335) AND (k <= 5090435))

table 8 : explain SELECT k FROM sbtest8 WHERE k BETWEEN 5090335 AND 5090435
	Index Only Scan using k_8 on sbtest8  (cost=0.43..6.35 rows=96 width=4)
	  Index Cond: ((k >= 5090335) AND (k <= 5090435))

explain: for range-covered :: explain SELECT k FROM sbtest%d WHERE k BETWEEN 3142940 AND 3143040
explain: for range-covered :: explain SELECT k FROM sbtest%d WHERE k BETWEEN 5090335 AND 5090435
for range-covered
table 1 : explain SELECT k FROM sbtest1 WHERE k BETWEEN 3079525 AND 3079625
	Index Only Scan using k_1 on sbtest1  (cost=0.43..6.59 rows=108 width=4)
	  Index Cond: ((k >= 3079525) AND (k <= 3079625))

table 2 : explain SELECT k FROM sbtest2 WHERE k BETWEEN 3079525 AND 3079625
	Index Only Scan using k_2 on sbtest2  (cost=0.43..6.53 rows=105 width=4)
	  Index Cond: ((k >= 3079525) AND (k <= 3079625))

table 3 : explain SELECT k FROM sbtest3 WHERE k BETWEEN 3079525 AND 3079625
	Index Only Scan using k_3 on sbtest3  (cost=0.43..6.47 rows=102 width=4)
	  Index Cond: ((k >= 3079525) AND (k <= 3079625))

table 4 : explain SELECT k FROM sbtest4 WHERE k BETWEEN 3079525 AND 3079625
	Index Only Scan using k_4 on sbtest4  (cost=0.43..6.53 rows=105 width=4)
	  Index Cond: ((k >= 3079525) AND (k <= 3079625))

table 5 : explain SELECT k FROM sbtest5 WHERE k BETWEEN 3079525 AND 3079625
	Index Only Scan using k_5 on sbtest5  (cost=0.43..6.45 rows=101 width=4)
	  Index Cond: ((k >= 3079525) AND (k <= 3079625))

table 6 : explain SELECT k FROM sbtest6 WHERE k BETWEEN 3079525 AND 3079625
	Index Only Scan using k_6 on sbtest6  (cost=0.43..6.53 rows=105 width=4)
	  Index Cond: ((k >= 3079525) AND (k <= 3079625))

table 7 : explain SELECT k FROM sbtest7 WHERE k BETWEEN 3079525 AND 3079625
	Index Only Scan using k_7 on sbtest7  (cost=0.43..6.43 rows=100 width=4)
	  Index Cond: ((k >= 3079525) AND (k <= 3079625))

table 8 : explain SELECT k FROM sbtest8 WHERE k BETWEEN 3079525 AND 3079625
	Index Only Scan using k_8 on sbtest8  (cost=0.43..6.33 rows=95 width=4)
	  Index Cond: ((k >= 3079525) AND (k <= 3079625))

explain: for range-covered :: explain SELECT k FROM sbtest%d WHERE k BETWEEN 1548057 AND 1548157
for range-covered
table 1 : explain SELECT k FROM sbtest1 WHERE k BETWEEN 2626028 AND 2626128
	Index Only Scan using k_1 on sbtest1  (cost=0.43..6.47 rows=102 width=4)
	  Index Cond: ((k >= 2626028) AND (k <= 2626128))

table 2 : explain SELECT k FROM sbtest2 WHERE k BETWEEN 2626028 AND 2626128
	Index Only Scan using k_2 on sbtest2  (cost=0.43..6.74 rows=115 width=4)
	  Index Cond: ((k >= 2626028) AND (k <= 2626128))

table 3 : explain SELECT k FROM sbtest3 WHERE k BETWEEN 2626028 AND 2626128
	Index Only Scan using k_3 on sbtest3  (cost=0.43..6.45 rows=101 width=4)
	  Index Cond: ((k >= 2626028) AND (k <= 2626128))

table 4 : explain SELECT k FROM sbtest4 WHERE k BETWEEN 2626028 AND 2626128
	Index Only Scan using k_4 on sbtest4  (cost=0.43..6.58 rows=107 width=4)
	  Index Cond: ((k >= 2626028) AND (k <= 2626128))

table 5 : explain SELECT k FROM sbtest5 WHERE k BETWEEN 2626028 AND 2626128
	Index Only Scan using k_5 on sbtest5  (cost=0.43..6.50 rows=103 width=4)
	  Index Cond: ((k >= 2626028) AND (k <= 2626128))

table 6 : explain SELECT k FROM sbtest6 WHERE k BETWEEN 2626028 AND 2626128
	Index Only Scan using k_6 on sbtest6  (cost=0.43..6.50 rows=103 width=4)
	  Index Cond: ((k >= 2626028) AND (k <= 2626128))

table 7 : explain SELECT k FROM sbtest7 WHERE k BETWEEN 2626028 AND 2626128
	Index Only Scan using k_7 on sbtest7  (cost=0.43..6.29 rows=93 width=4)
	  Index Cond: ((k >= 2626028) AND (k <= 2626128))

table 8 : explain SELECT k FROM sbtest8 WHERE k BETWEEN 2626028 AND 2626128
	Index Only Scan using k_8 on sbtest8  (cost=0.43..6.35 rows=96 width=4)
	  Index Cond: ((k >= 2626028) AND (k <= 2626128))

explain: for range-covered :: explain SELECT k FROM sbtest%d WHERE k BETWEEN 2626028 AND 2626128
for range-covered
table 1 : explain SELECT k FROM sbtest1 WHERE k BETWEEN 5705375 AND 5705475
	Index Only Scan using k_1 on sbtest1  (cost=0.43..6.69 rows=113 width=4)
	  Index Cond: ((k >= 5705375) AND (k <= 5705475))

table 2 : explain SELECT k FROM sbtest2 WHERE k BETWEEN 5705375 AND 5705475
	Index Only Scan using k_2 on sbtest2  (cost=0.43..6.25 rows=91 width=4)
	  Index Cond: ((k >= 5705375) AND (k <= 5705475))

table 3 : explain SELECT k FROM sbtest3 WHERE k BETWEEN 5705375 AND 5705475
	Index Only Scan using k_3 on sbtest3  (cost=0.43..6.66 rows=111 width=4)
	  Index Cond: ((k >= 5705375) AND (k <= 5705475))

table 4 : explain SELECT k FROM sbtest4 WHERE k BETWEEN 5705375 AND 5705475
	Index Only Scan using k_4 on sbtest4  (cost=0.43..6.61 rows=109 width=4)
	  Index Cond: ((k >= 5705375) AND (k <= 5705475))

table 5 : explain SELECT k FROM sbtest5 WHERE k BETWEEN 5705375 AND 5705475
	Index Only Scan using k_5 on sbtest5  (cost=0.43..6.51 rows=104 width=4)
	  Index Cond: ((k >= 5705375) AND (k <= 5705475))

table 6 : explain SELECT k FROM sbtest6 WHERE k BETWEEN 5705375 AND 5705475
	Index Only Scan using k_6 on sbtest6  (cost=0.43..6.37 rows=97 width=4)
	  Index Cond: ((k >= 5705375) AND (k <= 5705475))

table 7 : explain SELECT k FROM sbtest7 WHERE k BETWEEN 5705375 AND 5705475
	Index Only Scan using k_7 on sbtest7  (cost=0.43..6.40 rows=98 width=4)
	  Index Cond: ((k >= 5705375) AND (k <= 5705475))

table 8 : explain SELECT k FROM sbtest8 WHERE k BETWEEN 5705375 AND 5705475
	Index Only Scan using k_8 on sbtest8  (cost=0.43..6.32 rows=94 width=4)
	  Index Cond: ((k >= 5705375) AND (k <= 5705475))

explain: for range-covered :: explain SELECT k FROM sbtest%d WHERE k BETWEEN 5705375 AND 5705475
for range-covered
table 1 : explain SELECT k FROM sbtest1 WHERE k BETWEEN 2418781 AND 2418881
	Index Only Scan using k_1 on sbtest1  (cost=0.43..6.51 rows=104 width=4)
	  Index Cond: ((k >= 2418781) AND (k <= 2418881))

table 2 : explain SELECT k FROM sbtest2 WHERE k BETWEEN 2418781 AND 2418881
	Index Only Scan using k_2 on sbtest2  (cost=0.43..6.47 rows=102 width=4)
	  Index Cond: ((k >= 2418781) AND (k <= 2418881))

table 3 : explain SELECT k FROM sbtest3 WHERE k BETWEEN 2418781 AND 2418881
	Index Only Scan using k_3 on sbtest3  (cost=0.43..6.37 rows=97 width=4)
	  Index Cond: ((k >= 2418781) AND (k <= 2418881))

table 4 : explain SELECT k FROM sbtest4 WHERE k BETWEEN 2418781 AND 2418881
	Index Only Scan using k_4 on sbtest4  (cost=0.43..6.45 rows=101 width=4)
	  Index Cond: ((k >= 2418781) AND (k <= 2418881))

table 5 : explain SELECT k FROM sbtest5 WHERE k BETWEEN 2418781 AND 2418881
	Index Only Scan using k_5 on sbtest5  (cost=0.43..6.35 rows=96 width=4)
	  Index Cond: ((k >= 2418781) AND (k <= 2418881))

table 6 : explain SELECT k FROM sbtest6 WHERE k BETWEEN 2418781 AND 2418881
	Index Only Scan using k_6 on sbtest6  (cost=0.43..6.35 rows=96 width=4)
	  Index Cond: ((k >= 2418781) AND (k <= 2418881))

table 7 : explain SELECT k FROM sbtest7 WHERE k BETWEEN 2418781 AND 2418881
	Index Only Scan using k_7 on sbtest7  (cost=0.43..6.40 rows=98 width=4)
	  Index Cond: ((k >= 2418781) AND (k <= 2418881))

table 8 : explain SELECT k FROM sbtest8 WHERE k BETWEEN 2418781 AND 2418881
	Index Only Scan using k_8 on sbtest8  (cost=0.43..6.32 rows=94 width=4)
	  Index Cond: ((k >= 2418781) AND (k <= 2418881))

explain: for range-covered :: explain SELECT k FROM sbtest%d WHERE k BETWEEN 2418781 AND 2418881
for range-covered
table 1 : explain SELECT k FROM sbtest1 WHERE k BETWEEN 5090335 AND 5090435
	Index Only Scan using k_1 on sbtest1  (cost=0.43..6.56 rows=106 width=4)
	  Index Cond: ((k >= 5090335) AND (k <= 5090435))

table 2 : explain SELECT k FROM sbtest2 WHERE k BETWEEN 5090335 AND 5090435
	Index Only Scan using k_2 on sbtest2  (cost=0.43..6.75 rows=116 width=4)
	  Index Cond: ((k >= 5090335) AND (k <= 5090435))

table 3 : explain SELECT k FROM sbtest3 WHERE k BETWEEN 5090335 AND 5090435
	Index Only Scan using k_3 on sbtest3  (cost=0.43..6.53 rows=105 width=4)
	  Index Cond: ((k >= 5090335) AND (k <= 5090435))

table 4 : explain SELECT k FROM sbtest4 WHERE k BETWEEN 5090335 AND 5090435
	Index Only Scan using k_4 on sbtest4  (cost=0.43..6.35 rows=96 width=4)
	  Index Cond: ((k >= 5090335) AND (k <= 5090435))

table 5 : explain SELECT k FROM sbtest5 WHERE k BETWEEN 5090335 AND 5090435
	Index Only Scan using k_5 on sbtest5  (cost=0.43..6.37 rows=97 width=4)
	  Index Cond: ((k >= 5090335) AND (k <= 5090435))

table 6 : explain SELECT k FROM sbtest6 WHERE k BETWEEN 5090335 AND 5090435
	Index Only Scan using k_6 on sbtest6  (cost=0.43..6.37 rows=97 width=4)
	  Index Cond: ((k >= 5090335) AND (k <= 5090435))

table 7 : explain SELECT k FROM sbtest7 WHERE k BETWEEN 5090335 AND 5090435
	Index Only Scan using k_7 on sbtest7  (cost=0.43..6.33 rows=95 width=4)
	  Index Cond: ((k >= 5090335) AND (k <= 5090435))

table 8 : explain SELECT k FROM sbtest8 WHERE k BETWEEN 5090335 AND 5090435
	Index Only Scan using k_8 on sbtest8  (cost=0.43..6.35 rows=96 width=4)
	  Index Cond: ((k >= 5090335) AND (k <= 5090435))

explain: for range-covered :: explain SELECT k FROM sbtest%d WHERE k BETWEEN 5090335 AND 5090435
for range-covered
table 1 : explain SELECT k FROM sbtest1 WHERE k BETWEEN 4655240 AND 4655340
	Index Only Scan using k_1 on sbtest1  (cost=0.43..6.45 rows=101 width=4)
	  Index Cond: ((k >= 4655240) AND (k <= 4655340))

table 2 : explain SELECT k FROM sbtest2 WHERE k BETWEEN 4655240 AND 4655340
	Index Only Scan using k_2 on sbtest2  (cost=0.43..6.61 rows=109 width=4)
	  Index Cond: ((k >= 4655240) AND (k <= 4655340))

table 3 : explain SELECT k FROM sbtest3 WHERE k BETWEEN 4655240 AND 4655340
	Index Only Scan using k_3 on sbtest3  (cost=0.43..6.40 rows=98 width=4)
	  Index Cond: ((k >= 4655240) AND (k <= 4655340))

table 4 : explain SELECT k FROM sbtest4 WHERE k BETWEEN 4655240 AND 4655340
	Index Only Scan using k_4 on sbtest4  (cost=0.43..6.63 rows=110 width=4)
	  Index Cond: ((k >= 4655240) AND (k <= 4655340))

table 5 : explain SELECT k FROM sbtest5 WHERE k BETWEEN 4655240 AND 4655340
	Index Only Scan using k_5 on sbtest5  (cost=0.43..6.56 rows=106 width=4)
	  Index Cond: ((k >= 4655240) AND (k <= 4655340))

table 6 : explain SELECT k FROM sbtest6 WHERE k BETWEEN 4655240 AND 4655340
	Index Only Scan using k_6 on sbtest6  (cost=0.43..6.50 rows=103 width=4)
	  Index Cond: ((k >= 4655240) AND (k <= 4655340))

table 7 : explain SELECT k FROM sbtest7 WHERE k BETWEEN 4655240 AND 4655340
	Index Only Scan using k_7 on sbtest7  (cost=0.43..6.37 rows=97 width=4)
	  Index Cond: ((k >= 4655240) AND (k <= 4655340))

table 8 : explain SELECT k FROM sbtest8 WHERE k BETWEEN 4655240 AND 4655340
	Index Only Scan using k_8 on sbtest8  (cost=0.43..6.50 rows=103 width=4)
	  Index Cond: ((k >= 4655240) AND (k <= 4655340))

for range-covered
table 1 : explain SELECT k FROM sbtest1 WHERE k BETWEEN 6740106 AND 6740206
	Index Only Scan using k_1 on sbtest1  (cost=0.43..6.75 rows=116 width=4)
	  Index Cond: ((k >= 6740106) AND (k <= 6740206))

table 2 : explain SELECT k FROM sbtest2 WHERE k BETWEEN 6740106 AND 6740206
	Index Only Scan using k_2 on sbtest2  (cost=0.43..6.63 rows=110 width=4)
	  Index Cond: ((k >= 6740106) AND (k <= 6740206))

table 3 : explain SELECT k FROM sbtest3 WHERE k BETWEEN 6740106 AND 6740206
	Index Only Scan using k_3 on sbtest3  (cost=0.43..6.43 rows=100 width=4)
	  Index Cond: ((k >= 6740106) AND (k <= 6740206))

table 4 : explain SELECT k FROM sbtest4 WHERE k BETWEEN 6740106 AND 6740206
	Index Only Scan using k_4 on sbtest4  (cost=0.43..6.33 rows=95 width=4)
	  Index Cond: ((k >= 6740106) AND (k <= 6740206))

table 5 : explain SELECT k FROM sbtest5 WHERE k BETWEEN 6740106 AND 6740206
	Index Only Scan using k_5 on sbtest5  (cost=0.43..6.45 rows=101 width=4)
	  Index Cond: ((k >= 6740106) AND (k <= 6740206))

table 6 : explain SELECT k FROM sbtest6 WHERE k BETWEEN 6740106 AND 6740206
	Index Only Scan using k_6 on sbtest6  (cost=0.43..6.59 rows=108 width=4)
	  Index Cond: ((k >= 6740106) AND (k <= 6740206))

table 7 : explain SELECT k FROM sbtest7 WHERE k BETWEEN 6740106 AND 6740206
	Index Only Scan using k_7 on sbtest7  (cost=0.43..6.40 rows=98 width=4)
	  Index Cond: ((k >= 6740106) AND (k <= 6740206))

table 8 : explain SELECT k FROM sbtest8 WHERE k BETWEEN 6740106 AND 6740206
	Index Only Scan using k_8 on sbtest8  (cost=0.43..6.47 rows=102 width=4)
	  Index Cond: ((k >= 6740106) AND (k <= 6740206))

for range-covered
table 1 : explain SELECT k FROM sbtest1 WHERE k BETWEEN 2626028 AND 2626128
	Index Only Scan using k_1 on sbtest1  (cost=0.43..6.47 rows=102 width=4)
	  Index Cond: ((k >= 2626028) AND (k <= 2626128))

table 2 : explain SELECT k FROM sbtest2 WHERE k BETWEEN 2626028 AND 2626128
	Index Only Scan using k_2 on sbtest2  (cost=0.43..6.74 rows=115 width=4)
	  Index Cond: ((k >= 2626028) AND (k <= 2626128))

table 3 : explain SELECT k FROM sbtest3 WHERE k BETWEEN 2626028 AND 2626128
	Index Only Scan using k_3 on sbtest3  (cost=0.43..6.45 rows=101 width=4)
	  Index Cond: ((k >= 2626028) AND (k <= 2626128))

table 4 : explain SELECT k FROM sbtest4 WHERE k BETWEEN 2626028 AND 2626128
	Index Only Scan using k_4 on sbtest4  (cost=0.43..6.58 rows=107 width=4)
	  Index Cond: ((k >= 2626028) AND (k <= 2626128))

table 5 : explain SELECT k FROM sbtest5 WHERE k BETWEEN 2626028 AND 2626128
	Index Only Scan using k_5 on sbtest5  (cost=0.43..6.50 rows=103 width=4)
	  Index Cond: ((k >= 2626028) AND (k <= 2626128))

table 6 : explain SELECT k FROM sbtest6 WHERE k BETWEEN 2626028 AND 2626128
	Index Only Scan using k_6 on sbtest6  (cost=0.43..6.50 rows=103 width=4)
	  Index Cond: ((k >= 2626028) AND (k <= 2626128))

table 7 : explain SELECT k FROM sbtest7 WHERE k BETWEEN 2626028 AND 2626128
	Index Only Scan using k_7 on sbtest7  (cost=0.43..6.29 rows=93 width=4)
	  Index Cond: ((k >= 2626028) AND (k <= 2626128))

table 8 : explain SELECT k FROM sbtest8 WHERE k BETWEEN 2626028 AND 2626128
	Index Only Scan using k_8 on sbtest8  (cost=0.43..6.35 rows=96 width=4)
	  Index Cond: ((k >= 2626028) AND (k <= 2626128))

explain: for range-covered :: explain SELECT k FROM sbtest%d WHERE k BETWEEN 6740106 AND 6740206
explain: for range-covered :: explain SELECT k FROM sbtest%d WHERE k BETWEEN 4655240 AND 4655340
explain: for range-covered :: explain SELECT k FROM sbtest%d WHERE k BETWEEN 2626028 AND 2626128
for range-covered
table 1 : explain SELECT k FROM sbtest1 WHERE k BETWEEN 5705375 AND 5705475
	Index Only Scan using k_1 on sbtest1  (cost=0.43..6.69 rows=113 width=4)
	  Index Cond: ((k >= 5705375) AND (k <= 5705475))

table 2 : explain SELECT k FROM sbtest2 WHERE k BETWEEN 5705375 AND 5705475
	Index Only Scan using k_2 on sbtest2  (cost=0.43..6.25 rows=91 width=4)
	  Index Cond: ((k >= 5705375) AND (k <= 5705475))

table 3 : explain SELECT k FROM sbtest3 WHERE k BETWEEN 5705375 AND 5705475
	Index Only Scan using k_3 on sbtest3  (cost=0.43..6.66 rows=111 width=4)
	  Index Cond: ((k >= 5705375) AND (k <= 5705475))

table 4 : explain SELECT k FROM sbtest4 WHERE k BETWEEN 5705375 AND 5705475
	Index Only Scan using k_4 on sbtest4  (cost=0.43..6.61 rows=109 width=4)
	  Index Cond: ((k >= 5705375) AND (k <= 5705475))

table 5 : explain SELECT k FROM sbtest5 WHERE k BETWEEN 5705375 AND 5705475
	Index Only Scan using k_5 on sbtest5  (cost=0.43..6.51 rows=104 width=4)
	  Index Cond: ((k >= 5705375) AND (k <= 5705475))

table 6 : explain SELECT k FROM sbtest6 WHERE k BETWEEN 5705375 AND 5705475
	Index Only Scan using k_6 on sbtest6  (cost=0.43..6.37 rows=97 width=4)
	  Index Cond: ((k >= 5705375) AND (k <= 5705475))

table 7 : explain SELECT k FROM sbtest7 WHERE k BETWEEN 5705375 AND 5705475
	Index Only Scan using k_7 on sbtest7  (cost=0.43..6.40 rows=98 width=4)
	  Index Cond: ((k >= 5705375) AND (k <= 5705475))

table 8 : explain SELECT k FROM sbtest8 WHERE k BETWEEN 5705375 AND 5705475
	Index Only Scan using k_8 on sbtest8  (cost=0.43..6.32 rows=94 width=4)
	  Index Cond: ((k >= 5705375) AND (k <= 5705475))

explain: for range-covered :: explain SELECT k FROM sbtest%d WHERE k BETWEEN 5705375 AND 5705475
for range-covered
table 1 : explain SELECT k FROM sbtest1 WHERE k BETWEEN 2418781 AND 2418881
	Index Only Scan using k_1 on sbtest1  (cost=0.43..6.51 rows=104 width=4)
	  Index Cond: ((k >= 2418781) AND (k <= 2418881))

table 2 : explain SELECT k FROM sbtest2 WHERE k BETWEEN 2418781 AND 2418881
	Index Only Scan using k_2 on sbtest2  (cost=0.43..6.47 rows=102 width=4)
	  Index Cond: ((k >= 2418781) AND (k <= 2418881))

table 3 : explain SELECT k FROM sbtest3 WHERE k BETWEEN 2418781 AND 2418881
	Index Only Scan using k_3 on sbtest3  (cost=0.43..6.37 rows=97 width=4)
	  Index Cond: ((k >= 2418781) AND (k <= 2418881))

table 4 : explain SELECT k FROM sbtest4 WHERE k BETWEEN 2418781 AND 2418881
	Index Only Scan using k_4 on sbtest4  (cost=0.43..6.45 rows=101 width=4)
	  Index Cond: ((k >= 2418781) AND (k <= 2418881))

table 5 : explain SELECT k FROM sbtest5 WHERE k BETWEEN 2418781 AND 2418881
	Index Only Scan using k_5 on sbtest5  (cost=0.43..6.35 rows=96 width=4)
	  Index Cond: ((k >= 2418781) AND (k <= 2418881))

table 6 : explain SELECT k FROM sbtest6 WHERE k BETWEEN 2418781 AND 2418881
	Index Only Scan using k_6 on sbtest6  (cost=0.43..6.35 rows=96 width=4)
	  Index Cond: ((k >= 2418781) AND (k <= 2418881))

table 7 : explain SELECT k FROM sbtest7 WHERE k BETWEEN 2418781 AND 2418881
	Index Only Scan using k_7 on sbtest7  (cost=0.43..6.40 rows=98 width=4)
	  Index Cond: ((k >= 2418781) AND (k <= 2418881))

table 8 : explain SELECT k FROM sbtest8 WHERE k BETWEEN 2418781 AND 2418881
	Index Only Scan using k_8 on sbtest8  (cost=0.43..6.32 rows=94 width=4)
	  Index Cond: ((k >= 2418781) AND (k <= 2418881))

explain: for range-covered :: explain SELECT k FROM sbtest%d WHERE k BETWEEN 2418781 AND 2418881
for range-covered
table 1 : explain SELECT k FROM sbtest1 WHERE k BETWEEN 3142940 AND 3143040
	Index Only Scan using k_1 on sbtest1  (cost=0.43..6.27 rows=92 width=4)
	  Index Cond: ((k >= 3142940) AND (k <= 3143040))

table 2 : explain SELECT k FROM sbtest2 WHERE k BETWEEN 3142940 AND 3143040
	Index Only Scan using k_2 on sbtest2  (cost=0.43..6.33 rows=95 width=4)
	  Index Cond: ((k >= 3142940) AND (k <= 3143040))

table 3 : explain SELECT k FROM sbtest3 WHERE k BETWEEN 3142940 AND 3143040
	Index Only Scan using k_3 on sbtest3  (cost=0.43..6.47 rows=102 width=4)
	  Index Cond: ((k >= 3142940) AND (k <= 3143040))

table 4 : explain SELECT k FROM sbtest4 WHERE k BETWEEN 3142940 AND 3143040
	Index Only Scan using k_4 on sbtest4  (cost=0.43..6.43 rows=100 width=4)
	  Index Cond: ((k >= 3142940) AND (k <= 3143040))

table 5 : explain SELECT k FROM sbtest5 WHERE k BETWEEN 3142940 AND 3143040
	Index Only Scan using k_5 on sbtest5  (cost=0.43..6.45 rows=101 width=4)
	  Index Cond: ((k >= 3142940) AND (k <= 3143040))

table 6 : explain SELECT k FROM sbtest6 WHERE k BETWEEN 3142940 AND 3143040
	Index Only Scan using k_6 on sbtest6  (cost=0.43..6.53 rows=105 width=4)
	  Index Cond: ((k >= 3142940) AND (k <= 3143040))

table 7 : explain SELECT k FROM sbtest7 WHERE k BETWEEN 3142940 AND 3143040
	Index Only Scan using k_7 on sbtest7  (cost=0.43..6.47 rows=102 width=4)
	  Index Cond: ((k >= 3142940) AND (k <= 3143040))

table 8 : explain SELECT k FROM sbtest8 WHERE k BETWEEN 3142940 AND 3143040
	Index Only Scan using k_8 on sbtest8  (cost=0.43..6.40 rows=98 width=4)
	  Index Cond: ((k >= 3142940) AND (k <= 3143040))

for range-covered
table 1 : explain SELECT k FROM sbtest1 WHERE k BETWEEN 5090335 AND 5090435
	Index Only Scan using k_1 on sbtest1  (cost=0.43..6.56 rows=106 width=4)
	  Index Cond: ((k >= 5090335) AND (k <= 5090435))

table 2 : explain SELECT k FROM sbtest2 WHERE k BETWEEN 5090335 AND 5090435
	Index Only Scan using k_2 on sbtest2  (cost=0.43..6.75 rows=116 width=4)
	  Index Cond: ((k >= 5090335) AND (k <= 5090435))

table 3 : explain SELECT k FROM sbtest3 WHERE k BETWEEN 5090335 AND 5090435
	Index Only Scan using k_3 on sbtest3  (cost=0.43..6.53 rows=105 width=4)
	  Index Cond: ((k >= 5090335) AND (k <= 5090435))

table 4 : explain SELECT k FROM sbtest4 WHERE k BETWEEN 5090335 AND 5090435
	Index Only Scan using k_4 on sbtest4  (cost=0.43..6.35 rows=96 width=4)
	  Index Cond: ((k >= 5090335) AND (k <= 5090435))

table 5 : explain SELECT k FROM sbtest5 WHERE k BETWEEN 5090335 AND 5090435
	Index Only Scan using k_5 on sbtest5  (cost=0.43..6.37 rows=97 width=4)
	  Index Cond: ((k >= 5090335) AND (k <= 5090435))

table 6 : explain SELECT k FROM sbtest6 WHERE k BETWEEN 5090335 AND 5090435
	Index Only Scan using k_6 on sbtest6  (cost=0.43..6.37 rows=97 width=4)
	  Index Cond: ((k >= 5090335) AND (k <= 5090435))

table 7 : explain SELECT k FROM sbtest7 WHERE k BETWEEN 5090335 AND 5090435
	Index Only Scan using k_7 on sbtest7  (cost=0.43..6.33 rows=95 width=4)
	  Index Cond: ((k >= 5090335) AND (k <= 5090435))

table 8 : explain SELECT k FROM sbtest8 WHERE k BETWEEN 5090335 AND 5090435
	Index Only Scan using k_8 on sbtest8  (cost=0.43..6.35 rows=96 width=4)
	  Index Cond: ((k >= 5090335) AND (k <= 5090435))

explain: for range-covered :: explain SELECT k FROM sbtest%d WHERE k BETWEEN 3142940 AND 3143040
explain: for range-covered :: explain SELECT k FROM sbtest%d WHERE k BETWEEN 5090335 AND 5090435
for range-covered
table 1 : explain SELECT k FROM sbtest1 WHERE k BETWEEN 1261512 AND 1261612
	Index Only Scan using k_1 on sbtest1  (cost=0.43..6.42 rows=99 width=4)
	  Index Cond: ((k >= 1261512) AND (k <= 1261612))

table 2 : explain SELECT k FROM sbtest2 WHERE k BETWEEN 1261512 AND 1261612
	Index Only Scan using k_2 on sbtest2  (cost=0.43..6.47 rows=102 width=4)
	  Index Cond: ((k >= 1261512) AND (k <= 1261612))

table 3 : explain SELECT k FROM sbtest3 WHERE k BETWEEN 1261512 AND 1261612
	Index Only Scan using k_3 on sbtest3  (cost=0.43..6.53 rows=105 width=4)
	  Index Cond: ((k >= 1261512) AND (k <= 1261612))

table 4 : explain SELECT k FROM sbtest4 WHERE k BETWEEN 1261512 AND 1261612
	Index Only Scan using k_4 on sbtest4  (cost=0.43..6.58 rows=107 width=4)
	  Index Cond: ((k >= 1261512) AND (k <= 1261612))

table 5 : explain SELECT k FROM sbtest5 WHERE k BETWEEN 1261512 AND 1261612
	Index Only Scan using k_5 on sbtest5  (cost=0.43..6.53 rows=105 width=4)
	  Index Cond: ((k >= 1261512) AND (k <= 1261612))

table 6 : explain SELECT k FROM sbtest6 WHERE k BETWEEN 1261512 AND 1261612
	Index Only Scan using k_6 on sbtest6  (cost=0.43..6.67 rows=112 width=4)
	  Index Cond: ((k >= 1261512) AND (k <= 1261612))

table 7 : explain SELECT k FROM sbtest7 WHERE k BETWEEN 1261512 AND 1261612
	Index Only Scan using k_7 on sbtest7  (cost=0.43..6.61 rows=109 width=4)
	  Index Cond: ((k >= 1261512) AND (k <= 1261612))

table 8 : explain SELECT k FROM sbtest8 WHERE k BETWEEN 1261512 AND 1261612
	Index Only Scan using k_8 on sbtest8  (cost=0.43..6.47 rows=102 width=4)
	  Index Cond: ((k >= 1261512) AND (k <= 1261612))

for range-covered
table 1 : explain SELECT k FROM sbtest1 WHERE k BETWEEN 5236772 AND 5236872
	Index Only Scan using k_1 on sbtest1  (cost=0.43..6.56 rows=106 width=4)
	  Index Cond: ((k >= 5236772) AND (k <= 5236872))

table 2 : explain SELECT k FROM sbtest2 WHERE k BETWEEN 5236772 AND 5236872
	Index Only Scan using k_2 on sbtest2  (cost=0.43..6.50 rows=103 width=4)
	  Index Cond: ((k >= 5236772) AND (k <= 5236872))

table 3 : explain SELECT k FROM sbtest3 WHERE k BETWEEN 5236772 AND 5236872
	Index Only Scan using k_3 on sbtest3  (cost=0.43..6.59 rows=108 width=4)
	  Index Cond: ((k >= 5236772) AND (k <= 5236872))

table 4 : explain SELECT k FROM sbtest4 WHERE k BETWEEN 5236772 AND 5236872
	Index Only Scan using k_4 on sbtest4  (cost=0.43..6.63 rows=110 width=4)
	  Index Cond: ((k >= 5236772) AND (k <= 5236872))

table 5 : explain SELECT k FROM sbtest5 WHERE k BETWEEN 5236772 AND 5236872
	Index Only Scan using k_5 on sbtest5  (cost=0.43..6.50 rows=103 width=4)
	  Index Cond: ((k >= 5236772) AND (k <= 5236872))

table 6 : explain SELECT k FROM sbtest6 WHERE k BETWEEN 5236772 AND 5236872
	Index Only Scan using k_6 on sbtest6  (cost=0.43..6.40 rows=98 width=4)
	  Index Cond: ((k >= 5236772) AND (k <= 5236872))

table 7 : explain SELECT k FROM sbtest7 WHERE k BETWEEN 5236772 AND 5236872
	Index Only Scan using k_7 on sbtest7  (cost=0.43..6.37 rows=97 width=4)
	  Index Cond: ((k >= 5236772) AND (k <= 5236872))

table 8 : explain SELECT k FROM sbtest8 WHERE k BETWEEN 5236772 AND 5236872
	Index Only Scan using k_8 on sbtest8  (cost=0.43..6.35 rows=96 width=4)
	  Index Cond: ((k >= 5236772) AND (k <= 5236872))

for range-covered
table 1 : explain SELECT k FROM sbtest1 WHERE k BETWEEN 2626028 AND 2626128
	Index Only Scan using k_1 on sbtest1  (cost=0.43..6.47 rows=102 width=4)
	  Index Cond: ((k >= 2626028) AND (k <= 2626128))

table 2 : explain SELECT k FROM sbtest2 WHERE k BETWEEN 2626028 AND 2626128
	Index Only Scan using k_2 on sbtest2  (cost=0.43..6.74 rows=115 width=4)
	  Index Cond: ((k >= 2626028) AND (k <= 2626128))

table 3 : explain SELECT k FROM sbtest3 WHERE k BETWEEN 2626028 AND 2626128
	Index Only Scan using k_3 on sbtest3  (cost=0.43..6.45 rows=101 width=4)
	  Index Cond: ((k >= 2626028) AND (k <= 2626128))

table 4 : explain SELECT k FROM sbtest4 WHERE k BETWEEN 2626028 AND 2626128
	Index Only Scan using k_4 on sbtest4  (cost=0.43..6.58 rows=107 width=4)
	  Index Cond: ((k >= 2626028) AND (k <= 2626128))

table 5 : explain SELECT k FROM sbtest5 WHERE k BETWEEN 2626028 AND 2626128
	Index Only Scan using k_5 on sbtest5  (cost=0.43..6.50 rows=103 width=4)
	  Index Cond: ((k >= 2626028) AND (k <= 2626128))

table 6 : explain SELECT k FROM sbtest6 WHERE k BETWEEN 2626028 AND 2626128
	Index Only Scan using k_6 on sbtest6  (cost=0.43..6.50 rows=103 width=4)
	  Index Cond: ((k >= 2626028) AND (k <= 2626128))

table 7 : explain SELECT k FROM sbtest7 WHERE k BETWEEN 2626028 AND 2626128
	Index Only Scan using k_7 on sbtest7  (cost=0.43..6.29 rows=93 width=4)
	  Index Cond: ((k >= 2626028) AND (k <= 2626128))

table 8 : explain SELECT k FROM sbtest8 WHERE k BETWEEN 2626028 AND 2626128
	Index Only Scan using k_8 on sbtest8  (cost=0.43..6.35 rows=96 width=4)
	  Index Cond: ((k >= 2626028) AND (k <= 2626128))

explain: for range-covered :: explain SELECT k FROM sbtest%d WHERE k BETWEEN 5236772 AND 5236872
explain: for range-covered :: explain SELECT k FROM sbtest%d WHERE k BETWEEN 1261512 AND 1261612
for range-covered
table 1 : explain SELECT k FROM sbtest1 WHERE k BETWEEN 6740106 AND 6740206
	Index Only Scan using k_1 on sbtest1  (cost=0.43..6.75 rows=116 width=4)
	  Index Cond: ((k >= 6740106) AND (k <= 6740206))

table 2 : explain SELECT k FROM sbtest2 WHERE k BETWEEN 6740106 AND 6740206
	Index Only Scan using k_2 on sbtest2  (cost=0.43..6.63 rows=110 width=4)
	  Index Cond: ((k >= 6740106) AND (k <= 6740206))

table 3 : explain SELECT k FROM sbtest3 WHERE k BETWEEN 6740106 AND 6740206
	Index Only Scan using k_3 on sbtest3  (cost=0.43..6.43 rows=100 width=4)
	  Index Cond: ((k >= 6740106) AND (k <= 6740206))

table 4 : explain SELECT k FROM sbtest4 WHERE k BETWEEN 6740106 AND 6740206
	Index Only Scan using k_4 on sbtest4  (cost=0.43..6.33 rows=95 width=4)
	  Index Cond: ((k >= 6740106) AND (k <= 6740206))

table 5 : explain SELECT k FROM sbtest5 WHERE k BETWEEN 6740106 AND 6740206
	Index Only Scan using k_5 on sbtest5  (cost=0.43..6.45 rows=101 width=4)
	  Index Cond: ((k >= 6740106) AND (k <= 6740206))

table 6 : explain SELECT k FROM sbtest6 WHERE k BETWEEN 6740106 AND 6740206
	Index Only Scan using k_6 on sbtest6  (cost=0.43..6.59 rows=108 width=4)
	  Index Cond: ((k >= 6740106) AND (k <= 6740206))

table 7 : explain SELECT k FROM sbtest7 WHERE k BETWEEN 6740106 AND 6740206
	Index Only Scan using k_7 on sbtest7  (cost=0.43..6.40 rows=98 width=4)
	  Index Cond: ((k >= 6740106) AND (k <= 6740206))

table 8 : explain SELECT k FROM sbtest8 WHERE k BETWEEN 6740106 AND 6740206
	Index Only Scan using k_8 on sbtest8  (cost=0.43..6.47 rows=102 width=4)
	  Index Cond: ((k >= 6740106) AND (k <= 6740206))

explain: for range-covered :: explain SELECT k FROM sbtest%d WHERE k BETWEEN 2626028 AND 2626128
for range-covered
table 1 : explain SELECT k FROM sbtest1 WHERE k BETWEEN 5705375 AND 5705475
	Index Only Scan using k_1 on sbtest1  (cost=0.43..6.69 rows=113 width=4)
	  Index Cond: ((k >= 5705375) AND (k <= 5705475))

table 2 : explain SELECT k FROM sbtest2 WHERE k BETWEEN 5705375 AND 5705475
	Index Only Scan using k_2 on sbtest2  (cost=0.43..6.25 rows=91 width=4)
	  Index Cond: ((k >= 5705375) AND (k <= 5705475))

table 3 : explain SELECT k FROM sbtest3 WHERE k BETWEEN 5705375 AND 5705475
	Index Only Scan using k_3 on sbtest3  (cost=0.43..6.66 rows=111 width=4)
	  Index Cond: ((k >= 5705375) AND (k <= 5705475))

table 4 : explain SELECT k FROM sbtest4 WHERE k BETWEEN 5705375 AND 5705475
	Index Only Scan using k_4 on sbtest4  (cost=0.43..6.61 rows=109 width=4)
	  Index Cond: ((k >= 5705375) AND (k <= 5705475))

table 5 : explain SELECT k FROM sbtest5 WHERE k BETWEEN 5705375 AND 5705475
	Index Only Scan using k_5 on sbtest5  (cost=0.43..6.51 rows=104 width=4)
	  Index Cond: ((k >= 5705375) AND (k <= 5705475))

table 6 : explain SELECT k FROM sbtest6 WHERE k BETWEEN 5705375 AND 5705475
	Index Only Scan using k_6 on sbtest6  (cost=0.43..6.37 rows=97 width=4)
	  Index Cond: ((k >= 5705375) AND (k <= 5705475))

table 7 : explain SELECT k FROM sbtest7 WHERE k BETWEEN 5705375 AND 5705475
	Index Only Scan using k_7 on sbtest7  (cost=0.43..6.40 rows=98 width=4)
	  Index Cond: ((k >= 5705375) AND (k <= 5705475))

table 8 : explain SELECT k FROM sbtest8 WHERE k BETWEEN 5705375 AND 5705475
	Index Only Scan using k_8 on sbtest8  (cost=0.43..6.32 rows=94 width=4)
	  Index Cond: ((k >= 5705375) AND (k <= 5705475))

explain: for range-covered :: explain SELECT k FROM sbtest%d WHERE k BETWEEN 6740106 AND 6740206
explain: for range-covered :: explain SELECT k FROM sbtest%d WHERE k BETWEEN 5705375 AND 5705475
for range-covered
table 1 : explain SELECT k FROM sbtest1 WHERE k BETWEEN 2418781 AND 2418881
	Index Only Scan using k_1 on sbtest1  (cost=0.43..6.51 rows=104 width=4)
	  Index Cond: ((k >= 2418781) AND (k <= 2418881))

table 2 : explain SELECT k FROM sbtest2 WHERE k BETWEEN 2418781 AND 2418881
	Index Only Scan using k_2 on sbtest2  (cost=0.43..6.47 rows=102 width=4)
	  Index Cond: ((k >= 2418781) AND (k <= 2418881))

table 3 : explain SELECT k FROM sbtest3 WHERE k BETWEEN 2418781 AND 2418881
	Index Only Scan using k_3 on sbtest3  (cost=0.43..6.37 rows=97 width=4)
	  Index Cond: ((k >= 2418781) AND (k <= 2418881))

table 4 : explain SELECT k FROM sbtest4 WHERE k BETWEEN 2418781 AND 2418881
	Index Only Scan using k_4 on sbtest4  (cost=0.43..6.45 rows=101 width=4)
	  Index Cond: ((k >= 2418781) AND (k <= 2418881))

table 5 : explain SELECT k FROM sbtest5 WHERE k BETWEEN 2418781 AND 2418881
	Index Only Scan using k_5 on sbtest5  (cost=0.43..6.35 rows=96 width=4)
	  Index Cond: ((k >= 2418781) AND (k <= 2418881))

table 6 : explain SELECT k FROM sbtest6 WHERE k BETWEEN 2418781 AND 2418881
	Index Only Scan using k_6 on sbtest6  (cost=0.43..6.35 rows=96 width=4)
	  Index Cond: ((k >= 2418781) AND (k <= 2418881))

table 7 : explain SELECT k FROM sbtest7 WHERE k BETWEEN 2418781 AND 2418881
	Index Only Scan using k_7 on sbtest7  (cost=0.43..6.40 rows=98 width=4)
	  Index Cond: ((k >= 2418781) AND (k <= 2418881))

table 8 : explain SELECT k FROM sbtest8 WHERE k BETWEEN 2418781 AND 2418881
	Index Only Scan using k_8 on sbtest8  (cost=0.43..6.32 rows=94 width=4)
	  Index Cond: ((k >= 2418781) AND (k <= 2418881))

for range-covered
table 1 : explain SELECT k FROM sbtest1 WHERE k BETWEEN 3142940 AND 3143040
	Index Only Scan using k_1 on sbtest1  (cost=0.43..6.27 rows=92 width=4)
	  Index Cond: ((k >= 3142940) AND (k <= 3143040))

table 2 : explain SELECT k FROM sbtest2 WHERE k BETWEEN 3142940 AND 3143040
	Index Only Scan using k_2 on sbtest2  (cost=0.43..6.33 rows=95 width=4)
	  Index Cond: ((k >= 3142940) AND (k <= 3143040))

table 3 : explain SELECT k FROM sbtest3 WHERE k BETWEEN 3142940 AND 3143040
	Index Only Scan using k_3 on sbtest3  (cost=0.43..6.47 rows=102 width=4)
	  Index Cond: ((k >= 3142940) AND (k <= 3143040))

table 4 : explain SELECT k FROM sbtest4 WHERE k BETWEEN 3142940 AND 3143040
	Index Only Scan using k_4 on sbtest4  (cost=0.43..6.43 rows=100 width=4)
	  Index Cond: ((k >= 3142940) AND (k <= 3143040))

table 5 : explain SELECT k FROM sbtest5 WHERE k BETWEEN 3142940 AND 3143040
	Index Only Scan using k_5 on sbtest5  (cost=0.43..6.45 rows=101 width=4)
	  Index Cond: ((k >= 3142940) AND (k <= 3143040))

table 6 : explain SELECT k FROM sbtest6 WHERE k BETWEEN 3142940 AND 3143040
	Index Only Scan using k_6 on sbtest6  (cost=0.43..6.53 rows=105 width=4)
	  Index Cond: ((k >= 3142940) AND (k <= 3143040))

table 7 : explain SELECT k FROM sbtest7 WHERE k BETWEEN 3142940 AND 3143040
	Index Only Scan using k_7 on sbtest7  (cost=0.43..6.47 rows=102 width=4)
	  Index Cond: ((k >= 3142940) AND (k <= 3143040))

table 8 : explain SELECT k FROM sbtest8 WHERE k BETWEEN 3142940 AND 3143040
	Index Only Scan using k_8 on sbtest8  (cost=0.43..6.40 rows=98 width=4)
	  Index Cond: ((k >= 3142940) AND (k <= 3143040))

for range-covered
table 1 : explain SELECT k FROM sbtest1 WHERE k BETWEEN 5090335 AND 5090435
	Index Only Scan using k_1 on sbtest1  (cost=0.43..6.56 rows=106 width=4)
	  Index Cond: ((k >= 5090335) AND (k <= 5090435))

table 2 : explain SELECT k FROM sbtest2 WHERE k BETWEEN 5090335 AND 5090435
	Index Only Scan using k_2 on sbtest2  (cost=0.43..6.75 rows=116 width=4)
	  Index Cond: ((k >= 5090335) AND (k <= 5090435))

table 3 : explain SELECT k FROM sbtest3 WHERE k BETWEEN 5090335 AND 5090435
	Index Only Scan using k_3 on sbtest3  (cost=0.43..6.53 rows=105 width=4)
	  Index Cond: ((k >= 5090335) AND (k <= 5090435))

table 4 : explain SELECT k FROM sbtest4 WHERE k BETWEEN 5090335 AND 5090435
	Index Only Scan using k_4 on sbtest4  (cost=0.43..6.35 rows=96 width=4)
	  Index Cond: ((k >= 5090335) AND (k <= 5090435))

table 5 : explain SELECT k FROM sbtest5 WHERE k BETWEEN 5090335 AND 5090435
	Index Only Scan using k_5 on sbtest5  (cost=0.43..6.37 rows=97 width=4)
	  Index Cond: ((k >= 5090335) AND (k <= 5090435))

table 6 : explain SELECT k FROM sbtest6 WHERE k BETWEEN 5090335 AND 5090435
	Index Only Scan using k_6 on sbtest6  (cost=0.43..6.37 rows=97 width=4)
	  Index Cond: ((k >= 5090335) AND (k <= 5090435))

table 7 : explain SELECT k FROM sbtest7 WHERE k BETWEEN 5090335 AND 5090435
	Index Only Scan using k_7 on sbtest7  (cost=0.43..6.33 rows=95 width=4)
	  Index Cond: ((k >= 5090335) AND (k <= 5090435))

table 8 : explain SELECT k FROM sbtest8 WHERE k BETWEEN 5090335 AND 5090435
	Index Only Scan using k_8 on sbtest8  (cost=0.43..6.35 rows=96 width=4)
	  Index Cond: ((k >= 5090335) AND (k <= 5090435))

explain: for range-covered :: explain SELECT k FROM sbtest%d WHERE k BETWEEN 3142940 AND 3143040
for range-covered
table 1 : explain SELECT k FROM sbtest1 WHERE k BETWEEN 7036366 AND 7036466
	Index Only Scan using k_1 on sbtest1  (cost=0.43..6.47 rows=102 width=4)
	  Index Cond: ((k >= 7036366) AND (k <= 7036466))

table 2 : explain SELECT k FROM sbtest2 WHERE k BETWEEN 7036366 AND 7036466
	Index Only Scan using k_2 on sbtest2  (cost=0.43..6.51 rows=104 width=4)
	  Index Cond: ((k >= 7036366) AND (k <= 7036466))

table 3 : explain SELECT k FROM sbtest3 WHERE k BETWEEN 7036366 AND 7036466
	Index Only Scan using k_3 on sbtest3  (cost=0.43..6.53 rows=105 width=4)
	  Index Cond: ((k >= 7036366) AND (k <= 7036466))

table 4 : explain SELECT k FROM sbtest4 WHERE k BETWEEN 7036366 AND 7036466
	Index Only Scan using k_4 on sbtest4  (cost=0.43..6.53 rows=105 width=4)
	  Index Cond: ((k >= 7036366) AND (k <= 7036466))

table 5 : explain SELECT k FROM sbtest5 WHERE k BETWEEN 7036366 AND 7036466
	Index Only Scan using k_5 on sbtest5  (cost=0.43..6.50 rows=103 width=4)
	  Index Cond: ((k >= 7036366) AND (k <= 7036466))

table 6 : explain SELECT k FROM sbtest6 WHERE k BETWEEN 7036366 AND 7036466
	Index Only Scan using k_6 on sbtest6  (cost=0.43..6.79 rows=118 width=4)
	  Index Cond: ((k >= 7036366) AND (k <= 7036466))

table 7 : explain SELECT k FROM sbtest7 WHERE k BETWEEN 7036366 AND 7036466
	Index Only Scan using k_7 on sbtest7  (cost=0.43..6.58 rows=107 width=4)
	  Index Cond: ((k >= 7036366) AND (k <= 7036466))

table 8 : explain SELECT k FROM sbtest8 WHERE k BETWEEN 7036366 AND 7036466
	Index Only Scan using k_8 on sbtest8  (cost=0.43..6.43 rows=100 width=4)
	  Index Cond: ((k >= 7036366) AND (k <= 7036466))

explain: for range-covered :: explain SELECT k FROM sbtest%d WHERE k BETWEEN 5090335 AND 5090435
explain: for range-covered :: explain SELECT k FROM sbtest%d WHERE k BETWEEN 7036366 AND 7036466
explain: for range-covered :: explain SELECT k FROM sbtest%d WHERE k BETWEEN 8321489 AND 8321589
for range-covered
table 1 : explain SELECT k FROM sbtest1 WHERE k BETWEEN 5236772 AND 5236872
	Index Only Scan using k_1 on sbtest1  (cost=0.43..6.56 rows=106 width=4)
	  Index Cond: ((k >= 5236772) AND (k <= 5236872))

table 2 : explain SELECT k FROM sbtest2 WHERE k BETWEEN 5236772 AND 5236872
	Index Only Scan using k_2 on sbtest2  (cost=0.43..6.50 rows=103 width=4)
	  Index Cond: ((k >= 5236772) AND (k <= 5236872))

table 3 : explain SELECT k FROM sbtest3 WHERE k BETWEEN 5236772 AND 5236872
	Index Only Scan using k_3 on sbtest3  (cost=0.43..6.59 rows=108 width=4)
	  Index Cond: ((k >= 5236772) AND (k <= 5236872))

table 4 : explain SELECT k FROM sbtest4 WHERE k BETWEEN 5236772 AND 5236872
	Index Only Scan using k_4 on sbtest4  (cost=0.43..6.63 rows=110 width=4)
	  Index Cond: ((k >= 5236772) AND (k <= 5236872))

table 5 : explain SELECT k FROM sbtest5 WHERE k BETWEEN 5236772 AND 5236872
	Index Only Scan using k_5 on sbtest5  (cost=0.43..6.50 rows=103 width=4)
	  Index Cond: ((k >= 5236772) AND (k <= 5236872))

table 6 : explain SELECT k FROM sbtest6 WHERE k BETWEEN 5236772 AND 5236872
	Index Only Scan using k_6 on sbtest6  (cost=0.43..6.40 rows=98 width=4)
	  Index Cond: ((k >= 5236772) AND (k <= 5236872))

table 7 : explain SELECT k FROM sbtest7 WHERE k BETWEEN 5236772 AND 5236872
	Index Only Scan using k_7 on sbtest7  (cost=0.43..6.37 rows=97 width=4)
	  Index Cond: ((k >= 5236772) AND (k <= 5236872))

table 8 : explain SELECT k FROM sbtest8 WHERE k BETWEEN 5236772 AND 5236872
	Index Only Scan using k_8 on sbtest8  (cost=0.43..6.35 rows=96 width=4)
	  Index Cond: ((k >= 5236772) AND (k <= 5236872))

for range-covered
table 1 : explain SELECT k FROM sbtest1 WHERE k BETWEEN 2626028 AND 2626128
	Index Only Scan using k_1 on sbtest1  (cost=0.43..6.47 rows=102 width=4)
	  Index Cond: ((k >= 2626028) AND (k <= 2626128))

table 2 : explain SELECT k FROM sbtest2 WHERE k BETWEEN 2626028 AND 2626128
	Index Only Scan using k_2 on sbtest2  (cost=0.43..6.74 rows=115 width=4)
	  Index Cond: ((k >= 2626028) AND (k <= 2626128))

table 3 : explain SELECT k FROM sbtest3 WHERE k BETWEEN 2626028 AND 2626128
	Index Only Scan using k_3 on sbtest3  (cost=0.43..6.45 rows=101 width=4)
	  Index Cond: ((k >= 2626028) AND (k <= 2626128))

table 4 : explain SELECT k FROM sbtest4 WHERE k BETWEEN 2626028 AND 2626128
	Index Only Scan using k_4 on sbtest4  (cost=0.43..6.58 rows=107 width=4)
	  Index Cond: ((k >= 2626028) AND (k <= 2626128))

table 5 : explain SELECT k FROM sbtest5 WHERE k BETWEEN 2626028 AND 2626128
	Index Only Scan using k_5 on sbtest5  (cost=0.43..6.50 rows=103 width=4)
	  Index Cond: ((k >= 2626028) AND (k <= 2626128))

table 6 : explain SELECT k FROM sbtest6 WHERE k BETWEEN 2626028 AND 2626128
	Index Only Scan using k_6 on sbtest6  (cost=0.43..6.50 rows=103 width=4)
	  Index Cond: ((k >= 2626028) AND (k <= 2626128))

table 7 : explain SELECT k FROM sbtest7 WHERE k BETWEEN 2626028 AND 2626128
	Index Only Scan using k_7 on sbtest7  (cost=0.43..6.29 rows=93 width=4)
	  Index Cond: ((k >= 2626028) AND (k <= 2626128))

table 8 : explain SELECT k FROM sbtest8 WHERE k BETWEEN 2626028 AND 2626128
	Index Only Scan using k_8 on sbtest8  (cost=0.43..6.35 rows=96 width=4)
	  Index Cond: ((k >= 2626028) AND (k <= 2626128))

for range-covered
table 1 : explain SELECT k FROM sbtest1 WHERE k BETWEEN 6740106 AND 6740206
	Index Only Scan using k_1 on sbtest1  (cost=0.43..6.75 rows=116 width=4)
	  Index Cond: ((k >= 6740106) AND (k <= 6740206))

table 2 : explain SELECT k FROM sbtest2 WHERE k BETWEEN 6740106 AND 6740206
	Index Only Scan using k_2 on sbtest2  (cost=0.43..6.63 rows=110 width=4)
	  Index Cond: ((k >= 6740106) AND (k <= 6740206))

table 3 : explain SELECT k FROM sbtest3 WHERE k BETWEEN 6740106 AND 6740206
	Index Only Scan using k_3 on sbtest3  (cost=0.43..6.43 rows=100 width=4)
	  Index Cond: ((k >= 6740106) AND (k <= 6740206))

table 4 : explain SELECT k FROM sbtest4 WHERE k BETWEEN 6740106 AND 6740206
	Index Only Scan using k_4 on sbtest4  (cost=0.43..6.33 rows=95 width=4)
	  Index Cond: ((k >= 6740106) AND (k <= 6740206))

table 5 : explain SELECT k FROM sbtest5 WHERE k BETWEEN 6740106 AND 6740206
	Index Only Scan using k_5 on sbtest5  (cost=0.43..6.45 rows=101 width=4)
	  Index Cond: ((k >= 6740106) AND (k <= 6740206))

table 6 : explain SELECT k FROM sbtest6 WHERE k BETWEEN 6740106 AND 6740206
	Index Only Scan using k_6 on sbtest6  (cost=0.43..6.59 rows=108 width=4)
	  Index Cond: ((k >= 6740106) AND (k <= 6740206))

table 7 : explain SELECT k FROM sbtest7 WHERE k BETWEEN 6740106 AND 6740206
	Index Only Scan using k_7 on sbtest7  (cost=0.43..6.40 rows=98 width=4)
	  Index Cond: ((k >= 6740106) AND (k <= 6740206))

table 8 : explain SELECT k FROM sbtest8 WHERE k BETWEEN 6740106 AND 6740206
	Index Only Scan using k_8 on sbtest8  (cost=0.43..6.47 rows=102 width=4)
	  Index Cond: ((k >= 6740106) AND (k <= 6740206))

explain: for range-covered :: explain SELECT k FROM sbtest%d WHERE k BETWEEN 5236772 AND 5236872
for range-covered
table 1 : explain SELECT k FROM sbtest1 WHERE k BETWEEN 5705375 AND 5705475
	Index Only Scan using k_1 on sbtest1  (cost=0.43..6.69 rows=113 width=4)
	  Index Cond: ((k >= 5705375) AND (k <= 5705475))

table 2 : explain SELECT k FROM sbtest2 WHERE k BETWEEN 5705375 AND 5705475
	Index Only Scan using k_2 on sbtest2  (cost=0.43..6.25 rows=91 width=4)
	  Index Cond: ((k >= 5705375) AND (k <= 5705475))

table 3 : explain SELECT k FROM sbtest3 WHERE k BETWEEN 5705375 AND 5705475
	Index Only Scan using k_3 on sbtest3  (cost=0.43..6.66 rows=111 width=4)
	  Index Cond: ((k >= 5705375) AND (k <= 5705475))

table 4 : explain SELECT k FROM sbtest4 WHERE k BETWEEN 5705375 AND 5705475
	Index Only Scan using k_4 on sbtest4  (cost=0.43..6.61 rows=109 width=4)
	  Index Cond: ((k >= 5705375) AND (k <= 5705475))

table 5 : explain SELECT k FROM sbtest5 WHERE k BETWEEN 5705375 AND 5705475
	Index Only Scan using k_5 on sbtest5  (cost=0.43..6.51 rows=104 width=4)
	  Index Cond: ((k >= 5705375) AND (k <= 5705475))

table 6 : explain SELECT k FROM sbtest6 WHERE k BETWEEN 5705375 AND 5705475
	Index Only Scan using k_6 on sbtest6  (cost=0.43..6.37 rows=97 width=4)
	  Index Cond: ((k >= 5705375) AND (k <= 5705475))

table 7 : explain SELECT k FROM sbtest7 WHERE k BETWEEN 5705375 AND 5705475
	Index Only Scan using k_7 on sbtest7  (cost=0.43..6.40 rows=98 width=4)
	  Index Cond: ((k >= 5705375) AND (k <= 5705475))

table 8 : explain SELECT k FROM sbtest8 WHERE k BETWEEN 5705375 AND 5705475
	Index Only Scan using k_8 on sbtest8  (cost=0.43..6.32 rows=94 width=4)
	  Index Cond: ((k >= 5705375) AND (k <= 5705475))

explain: for range-covered :: explain SELECT k FROM sbtest%d WHERE k BETWEEN 6740106 AND 6740206
explain: for range-covered :: explain SELECT k FROM sbtest%d WHERE k BETWEEN 5705375 AND 5705475
explain: for range-covered :: explain SELECT k FROM sbtest%d WHERE k BETWEEN 5304575 AND 5304675
explain: for range-covered :: explain SELECT k FROM sbtest%d WHERE k BETWEEN 4857746 AND 4857846
for range-covered
table 1 : explain SELECT k FROM sbtest1 WHERE k BETWEEN 3142940 AND 3143040
	Index Only Scan using k_1 on sbtest1  (cost=0.43..6.27 rows=92 width=4)
	  Index Cond: ((k >= 3142940) AND (k <= 3143040))

table 2 : explain SELECT k FROM sbtest2 WHERE k BETWEEN 3142940 AND 3143040
	Index Only Scan using k_2 on sbtest2  (cost=0.43..6.33 rows=95 width=4)
	  Index Cond: ((k >= 3142940) AND (k <= 3143040))

table 3 : explain SELECT k FROM sbtest3 WHERE k BETWEEN 3142940 AND 3143040
	Index Only Scan using k_3 on sbtest3  (cost=0.43..6.47 rows=102 width=4)
	  Index Cond: ((k >= 3142940) AND (k <= 3143040))

table 4 : explain SELECT k FROM sbtest4 WHERE k BETWEEN 3142940 AND 3143040
	Index Only Scan using k_4 on sbtest4  (cost=0.43..6.43 rows=100 width=4)
	  Index Cond: ((k >= 3142940) AND (k <= 3143040))

table 5 : explain SELECT k FROM sbtest5 WHERE k BETWEEN 3142940 AND 3143040
	Index Only Scan using k_5 on sbtest5  (cost=0.43..6.45 rows=101 width=4)
	  Index Cond: ((k >= 3142940) AND (k <= 3143040))

table 6 : explain SELECT k FROM sbtest6 WHERE k BETWEEN 3142940 AND 3143040
	Index Only Scan using k_6 on sbtest6  (cost=0.43..6.53 rows=105 width=4)
	  Index Cond: ((k >= 3142940) AND (k <= 3143040))

table 7 : explain SELECT k FROM sbtest7 WHERE k BETWEEN 3142940 AND 3143040
	Index Only Scan using k_7 on sbtest7  (cost=0.43..6.47 rows=102 width=4)
	  Index Cond: ((k >= 3142940) AND (k <= 3143040))

table 8 : explain SELECT k FROM sbtest8 WHERE k BETWEEN 3142940 AND 3143040
	Index Only Scan using k_8 on sbtest8  (cost=0.43..6.40 rows=98 width=4)
	  Index Cond: ((k >= 3142940) AND (k <= 3143040))

for range-covered
table 1 : explain SELECT k FROM sbtest1 WHERE k BETWEEN 5090335 AND 5090435
	Index Only Scan using k_1 on sbtest1  (cost=0.43..6.56 rows=106 width=4)
	  Index Cond: ((k >= 5090335) AND (k <= 5090435))

table 2 : explain SELECT k FROM sbtest2 WHERE k BETWEEN 5090335 AND 5090435
	Index Only Scan using k_2 on sbtest2  (cost=0.43..6.75 rows=116 width=4)
	  Index Cond: ((k >= 5090335) AND (k <= 5090435))

table 3 : explain SELECT k FROM sbtest3 WHERE k BETWEEN 5090335 AND 5090435
	Index Only Scan using k_3 on sbtest3  (cost=0.43..6.53 rows=105 width=4)
	  Index Cond: ((k >= 5090335) AND (k <= 5090435))

table 4 : explain SELECT k FROM sbtest4 WHERE k BETWEEN 5090335 AND 5090435
	Index Only Scan using k_4 on sbtest4  (cost=0.43..6.35 rows=96 width=4)
	  Index Cond: ((k >= 5090335) AND (k <= 5090435))

table 5 : explain SELECT k FROM sbtest5 WHERE k BETWEEN 5090335 AND 5090435
	Index Only Scan using k_5 on sbtest5  (cost=0.43..6.37 rows=97 width=4)
	  Index Cond: ((k >= 5090335) AND (k <= 5090435))

table 6 : explain SELECT k FROM sbtest6 WHERE k BETWEEN 5090335 AND 5090435
	Index Only Scan using k_6 on sbtest6  (cost=0.43..6.37 rows=97 width=4)
	  Index Cond: ((k >= 5090335) AND (k <= 5090435))

table 7 : explain SELECT k FROM sbtest7 WHERE k BETWEEN 5090335 AND 5090435
	Index Only Scan using k_7 on sbtest7  (cost=0.43..6.33 rows=95 width=4)
	  Index Cond: ((k >= 5090335) AND (k <= 5090435))

table 8 : explain SELECT k FROM sbtest8 WHERE k BETWEEN 5090335 AND 5090435
	Index Only Scan using k_8 on sbtest8  (cost=0.43..6.35 rows=96 width=4)
	  Index Cond: ((k >= 5090335) AND (k <= 5090435))

explain: for range-covered :: explain SELECT k FROM sbtest%d WHERE k BETWEEN 3142940 AND 3143040
for range-covered
table 1 : explain SELECT k FROM sbtest1 WHERE k BETWEEN 4655240 AND 4655340
	Index Only Scan using k_1 on sbtest1  (cost=0.43..6.45 rows=101 width=4)
	  Index Cond: ((k >= 4655240) AND (k <= 4655340))

table 2 : explain SELECT k FROM sbtest2 WHERE k BETWEEN 4655240 AND 4655340
	Index Only Scan using k_2 on sbtest2  (cost=0.43..6.61 rows=109 width=4)
	  Index Cond: ((k >= 4655240) AND (k <= 4655340))

table 3 : explain SELECT k FROM sbtest3 WHERE k BETWEEN 4655240 AND 4655340
	Index Only Scan using k_3 on sbtest3  (cost=0.43..6.40 rows=98 width=4)
	  Index Cond: ((k >= 4655240) AND (k <= 4655340))

table 4 : explain SELECT k FROM sbtest4 WHERE k BETWEEN 4655240 AND 4655340
	Index Only Scan using k_4 on sbtest4  (cost=0.43..6.63 rows=110 width=4)
	  Index Cond: ((k >= 4655240) AND (k <= 4655340))

table 5 : explain SELECT k FROM sbtest5 WHERE k BETWEEN 4655240 AND 4655340
	Index Only Scan using k_5 on sbtest5  (cost=0.43..6.56 rows=106 width=4)
	  Index Cond: ((k >= 4655240) AND (k <= 4655340))

table 6 : explain SELECT k FROM sbtest6 WHERE k BETWEEN 4655240 AND 4655340
	Index Only Scan using k_6 on sbtest6  (cost=0.43..6.50 rows=103 width=4)
	  Index Cond: ((k >= 4655240) AND (k <= 4655340))

table 7 : explain SELECT k FROM sbtest7 WHERE k BETWEEN 4655240 AND 4655340
	Index Only Scan using k_7 on sbtest7  (cost=0.43..6.37 rows=97 width=4)
	  Index Cond: ((k >= 4655240) AND (k <= 4655340))

table 8 : explain SELECT k FROM sbtest8 WHERE k BETWEEN 4655240 AND 4655340
	Index Only Scan using k_8 on sbtest8  (cost=0.43..6.50 rows=103 width=4)
	  Index Cond: ((k >= 4655240) AND (k <= 4655340))

explain: for range-covered :: explain SELECT k FROM sbtest%d WHERE k BETWEEN 5090335 AND 5090435
explain: for range-covered :: explain SELECT k FROM sbtest%d WHERE k BETWEEN 1426958 AND 1427058
explain: for range-covered :: explain SELECT k FROM sbtest%d WHERE k BETWEEN 4655240 AND 4655340
for range-covered
table 1 : explain SELECT k FROM sbtest1 WHERE k BETWEEN 7036366 AND 7036466
	Index Only Scan using k_1 on sbtest1  (cost=0.43..6.47 rows=102 width=4)
	  Index Cond: ((k >= 7036366) AND (k <= 7036466))

table 2 : explain SELECT k FROM sbtest2 WHERE k BETWEEN 7036366 AND 7036466
	Index Only Scan using k_2 on sbtest2  (cost=0.43..6.51 rows=104 width=4)
	  Index Cond: ((k >= 7036366) AND (k <= 7036466))

table 3 : explain SELECT k FROM sbtest3 WHERE k BETWEEN 7036366 AND 7036466
	Index Only Scan using k_3 on sbtest3  (cost=0.43..6.53 rows=105 width=4)
	  Index Cond: ((k >= 7036366) AND (k <= 7036466))

table 4 : explain SELECT k FROM sbtest4 WHERE k BETWEEN 7036366 AND 7036466
	Index Only Scan using k_4 on sbtest4  (cost=0.43..6.53 rows=105 width=4)
	  Index Cond: ((k >= 7036366) AND (k <= 7036466))

table 5 : explain SELECT k FROM sbtest5 WHERE k BETWEEN 7036366 AND 7036466
	Index Only Scan using k_5 on sbtest5  (cost=0.43..6.50 rows=103 width=4)
	  Index Cond: ((k >= 7036366) AND (k <= 7036466))

table 6 : explain SELECT k FROM sbtest6 WHERE k BETWEEN 7036366 AND 7036466
	Index Only Scan using k_6 on sbtest6  (cost=0.43..6.79 rows=118 width=4)
	  Index Cond: ((k >= 7036366) AND (k <= 7036466))

table 7 : explain SELECT k FROM sbtest7 WHERE k BETWEEN 7036366 AND 7036466
	Index Only Scan using k_7 on sbtest7  (cost=0.43..6.58 rows=107 width=4)
	  Index Cond: ((k >= 7036366) AND (k <= 7036466))

table 8 : explain SELECT k FROM sbtest8 WHERE k BETWEEN 7036366 AND 7036466
	Index Only Scan using k_8 on sbtest8  (cost=0.43..6.43 rows=100 width=4)
	  Index Cond: ((k >= 7036366) AND (k <= 7036466))

explain: for range-covered :: explain SELECT k FROM sbtest%d WHERE k BETWEEN 7036366 AND 7036466
for range-covered
table 1 : explain SELECT k FROM sbtest1 WHERE k BETWEEN 5236772 AND 5236872
	Index Only Scan using k_1 on sbtest1  (cost=0.43..6.56 rows=106 width=4)
	  Index Cond: ((k >= 5236772) AND (k <= 5236872))

table 2 : explain SELECT k FROM sbtest2 WHERE k BETWEEN 5236772 AND 5236872
	Index Only Scan using k_2 on sbtest2  (cost=0.43..6.50 rows=103 width=4)
	  Index Cond: ((k >= 5236772) AND (k <= 5236872))

table 3 : explain SELECT k FROM sbtest3 WHERE k BETWEEN 5236772 AND 5236872
	Index Only Scan using k_3 on sbtest3  (cost=0.43..6.59 rows=108 width=4)
	  Index Cond: ((k >= 5236772) AND (k <= 5236872))

table 4 : explain SELECT k FROM sbtest4 WHERE k BETWEEN 5236772 AND 5236872
	Index Only Scan using k_4 on sbtest4  (cost=0.43..6.63 rows=110 width=4)
	  Index Cond: ((k >= 5236772) AND (k <= 5236872))

table 5 : explain SELECT k FROM sbtest5 WHERE k BETWEEN 5236772 AND 5236872
	Index Only Scan using k_5 on sbtest5  (cost=0.43..6.50 rows=103 width=4)
	  Index Cond: ((k >= 5236772) AND (k <= 5236872))

table 6 : explain SELECT k FROM sbtest6 WHERE k BETWEEN 5236772 AND 5236872
	Index Only Scan using k_6 on sbtest6  (cost=0.43..6.40 rows=98 width=4)
	  Index Cond: ((k >= 5236772) AND (k <= 5236872))

table 7 : explain SELECT k FROM sbtest7 WHERE k BETWEEN 5236772 AND 5236872
	Index Only Scan using k_7 on sbtest7  (cost=0.43..6.37 rows=97 width=4)
	  Index Cond: ((k >= 5236772) AND (k <= 5236872))

table 8 : explain SELECT k FROM sbtest8 WHERE k BETWEEN 5236772 AND 5236872
	Index Only Scan using k_8 on sbtest8  (cost=0.43..6.35 rows=96 width=4)
	  Index Cond: ((k >= 5236772) AND (k <= 5236872))

for range-covered
table 1 : explain SELECT k FROM sbtest1 WHERE k BETWEEN 6740106 AND 6740206
	Index Only Scan using k_1 on sbtest1  (cost=0.43..6.75 rows=116 width=4)
	  Index Cond: ((k >= 6740106) AND (k <= 6740206))

table 2 : explain SELECT k FROM sbtest2 WHERE k BETWEEN 6740106 AND 6740206
	Index Only Scan using k_2 on sbtest2  (cost=0.43..6.63 rows=110 width=4)
	  Index Cond: ((k >= 6740106) AND (k <= 6740206))

table 3 : explain SELECT k FROM sbtest3 WHERE k BETWEEN 6740106 AND 6740206
	Index Only Scan using k_3 on sbtest3  (cost=0.43..6.43 rows=100 width=4)
	  Index Cond: ((k >= 6740106) AND (k <= 6740206))

table 4 : explain SELECT k FROM sbtest4 WHERE k BETWEEN 6740106 AND 6740206
	Index Only Scan using k_4 on sbtest4  (cost=0.43..6.33 rows=95 width=4)
	  Index Cond: ((k >= 6740106) AND (k <= 6740206))

table 5 : explain SELECT k FROM sbtest5 WHERE k BETWEEN 6740106 AND 6740206
	Index Only Scan using k_5 on sbtest5  (cost=0.43..6.45 rows=101 width=4)
	  Index Cond: ((k >= 6740106) AND (k <= 6740206))

table 6 : explain SELECT k FROM sbtest6 WHERE k BETWEEN 6740106 AND 6740206
	Index Only Scan using k_6 on sbtest6  (cost=0.43..6.59 rows=108 width=4)
	  Index Cond: ((k >= 6740106) AND (k <= 6740206))

table 7 : explain SELECT k FROM sbtest7 WHERE k BETWEEN 6740106 AND 6740206
	Index Only Scan using k_7 on sbtest7  (cost=0.43..6.40 rows=98 width=4)
	  Index Cond: ((k >= 6740106) AND (k <= 6740206))

table 8 : explain SELECT k FROM sbtest8 WHERE k BETWEEN 6740106 AND 6740206
	Index Only Scan using k_8 on sbtest8  (cost=0.43..6.47 rows=102 width=4)
	  Index Cond: ((k >= 6740106) AND (k <= 6740206))

explain: for range-covered :: explain SELECT k FROM sbtest%d WHERE k BETWEEN 5236772 AND 5236872
for range-covered
table 1 : explain SELECT k FROM sbtest1 WHERE k BETWEEN 5705375 AND 5705475
	Index Only Scan using k_1 on sbtest1  (cost=0.43..6.69 rows=113 width=4)
	  Index Cond: ((k >= 5705375) AND (k <= 5705475))

table 2 : explain SELECT k FROM sbtest2 WHERE k BETWEEN 5705375 AND 5705475
	Index Only Scan using k_2 on sbtest2  (cost=0.43..6.25 rows=91 width=4)
	  Index Cond: ((k >= 5705375) AND (k <= 5705475))

table 3 : explain SELECT k FROM sbtest3 WHERE k BETWEEN 5705375 AND 5705475
	Index Only Scan using k_3 on sbtest3  (cost=0.43..6.66 rows=111 width=4)
	  Index Cond: ((k >= 5705375) AND (k <= 5705475))

table 4 : explain SELECT k FROM sbtest4 WHERE k BETWEEN 5705375 AND 5705475
	Index Only Scan using k_4 on sbtest4  (cost=0.43..6.61 rows=109 width=4)
	  Index Cond: ((k >= 5705375) AND (k <= 5705475))

table 5 : explain SELECT k FROM sbtest5 WHERE k BETWEEN 5705375 AND 5705475
	Index Only Scan using k_5 on sbtest5  (cost=0.43..6.51 rows=104 width=4)
	  Index Cond: ((k >= 5705375) AND (k <= 5705475))

table 6 : explain SELECT k FROM sbtest6 WHERE k BETWEEN 5705375 AND 5705475
	Index Only Scan using k_6 on sbtest6  (cost=0.43..6.37 rows=97 width=4)
	  Index Cond: ((k >= 5705375) AND (k <= 5705475))

table 7 : explain SELECT k FROM sbtest7 WHERE k BETWEEN 5705375 AND 5705475
	Index Only Scan using k_7 on sbtest7  (cost=0.43..6.40 rows=98 width=4)
	  Index Cond: ((k >= 5705375) AND (k <= 5705475))

table 8 : explain SELECT k FROM sbtest8 WHERE k BETWEEN 5705375 AND 5705475
	Index Only Scan using k_8 on sbtest8  (cost=0.43..6.32 rows=94 width=4)
	  Index Cond: ((k >= 5705375) AND (k <= 5705475))

explain: for range-covered :: explain SELECT k FROM sbtest%d WHERE k BETWEEN 6740106 AND 6740206
explain: for range-covered :: explain SELECT k FROM sbtest%d WHERE k BETWEEN 5705375 AND 5705475
for range-covered
table 1 : explain SELECT k FROM sbtest1 WHERE k BETWEEN 1261512 AND 1261612
	Index Only Scan using k_1 on sbtest1  (cost=0.43..6.42 rows=99 width=4)
	  Index Cond: ((k >= 1261512) AND (k <= 1261612))

table 2 : explain SELECT k FROM sbtest2 WHERE k BETWEEN 1261512 AND 1261612
	Index Only Scan using k_2 on sbtest2  (cost=0.43..6.47 rows=102 width=4)
	  Index Cond: ((k >= 1261512) AND (k <= 1261612))

table 3 : explain SELECT k FROM sbtest3 WHERE k BETWEEN 1261512 AND 1261612
	Index Only Scan using k_3 on sbtest3  (cost=0.43..6.53 rows=105 width=4)
	  Index Cond: ((k >= 1261512) AND (k <= 1261612))

table 4 : explain SELECT k FROM sbtest4 WHERE k BETWEEN 1261512 AND 1261612
	Index Only Scan using k_4 on sbtest4  (cost=0.43..6.58 rows=107 width=4)
	  Index Cond: ((k >= 1261512) AND (k <= 1261612))

table 5 : explain SELECT k FROM sbtest5 WHERE k BETWEEN 1261512 AND 1261612
	Index Only Scan using k_5 on sbtest5  (cost=0.43..6.53 rows=105 width=4)
	  Index Cond: ((k >= 1261512) AND (k <= 1261612))

table 6 : explain SELECT k FROM sbtest6 WHERE k BETWEEN 1261512 AND 1261612
	Index Only Scan using k_6 on sbtest6  (cost=0.43..6.67 rows=112 width=4)
	  Index Cond: ((k >= 1261512) AND (k <= 1261612))

table 7 : explain SELECT k FROM sbtest7 WHERE k BETWEEN 1261512 AND 1261612
	Index Only Scan using k_7 on sbtest7  (cost=0.43..6.61 rows=109 width=4)
	  Index Cond: ((k >= 1261512) AND (k <= 1261612))

table 8 : explain SELECT k FROM sbtest8 WHERE k BETWEEN 1261512 AND 1261612
	Index Only Scan using k_8 on sbtest8  (cost=0.43..6.47 rows=102 width=4)
	  Index Cond: ((k >= 1261512) AND (k <= 1261612))

for range-covered
table 1 : explain SELECT k FROM sbtest1 WHERE k BETWEEN 3142940 AND 3143040
	Index Only Scan using k_1 on sbtest1  (cost=0.43..6.27 rows=92 width=4)
	  Index Cond: ((k >= 3142940) AND (k <= 3143040))

table 2 : explain SELECT k FROM sbtest2 WHERE k BETWEEN 3142940 AND 3143040
	Index Only Scan using k_2 on sbtest2  (cost=0.43..6.33 rows=95 width=4)
	  Index Cond: ((k >= 3142940) AND (k <= 3143040))

table 3 : explain SELECT k FROM sbtest3 WHERE k BETWEEN 3142940 AND 3143040
	Index Only Scan using k_3 on sbtest3  (cost=0.43..6.47 rows=102 width=4)
	  Index Cond: ((k >= 3142940) AND (k <= 3143040))

table 4 : explain SELECT k FROM sbtest4 WHERE k BETWEEN 3142940 AND 3143040
	Index Only Scan using k_4 on sbtest4  (cost=0.43..6.43 rows=100 width=4)
	  Index Cond: ((k >= 3142940) AND (k <= 3143040))

table 5 : explain SELECT k FROM sbtest5 WHERE k BETWEEN 3142940 AND 3143040
	Index Only Scan using k_5 on sbtest5  (cost=0.43..6.45 rows=101 width=4)
	  Index Cond: ((k >= 3142940) AND (k <= 3143040))

table 6 : explain SELECT k FROM sbtest6 WHERE k BETWEEN 3142940 AND 3143040
	Index Only Scan using k_6 on sbtest6  (cost=0.43..6.53 rows=105 width=4)
	  Index Cond: ((k >= 3142940) AND (k <= 3143040))

table 7 : explain SELECT k FROM sbtest7 WHERE k BETWEEN 3142940 AND 3143040
	Index Only Scan using k_7 on sbtest7  (cost=0.43..6.47 rows=102 width=4)
	  Index Cond: ((k >= 3142940) AND (k <= 3143040))

table 8 : explain SELECT k FROM sbtest8 WHERE k BETWEEN 3142940 AND 3143040
	Index Only Scan using k_8 on sbtest8  (cost=0.43..6.40 rows=98 width=4)
	  Index Cond: ((k >= 3142940) AND (k <= 3143040))

for range-covered
table 1 : explain SELECT k FROM sbtest1 WHERE k BETWEEN 5090335 AND 5090435
	Index Only Scan using k_1 on sbtest1  (cost=0.43..6.56 rows=106 width=4)
	  Index Cond: ((k >= 5090335) AND (k <= 5090435))

table 2 : explain SELECT k FROM sbtest2 WHERE k BETWEEN 5090335 AND 5090435
	Index Only Scan using k_2 on sbtest2  (cost=0.43..6.75 rows=116 width=4)
	  Index Cond: ((k >= 5090335) AND (k <= 5090435))

table 3 : explain SELECT k FROM sbtest3 WHERE k BETWEEN 5090335 AND 5090435
	Index Only Scan using k_3 on sbtest3  (cost=0.43..6.53 rows=105 width=4)
	  Index Cond: ((k >= 5090335) AND (k <= 5090435))

table 4 : explain SELECT k FROM sbtest4 WHERE k BETWEEN 5090335 AND 5090435
	Index Only Scan using k_4 on sbtest4  (cost=0.43..6.35 rows=96 width=4)
	  Index Cond: ((k >= 5090335) AND (k <= 5090435))

table 5 : explain SELECT k FROM sbtest5 WHERE k BETWEEN 5090335 AND 5090435
	Index Only Scan using k_5 on sbtest5  (cost=0.43..6.37 rows=97 width=4)
	  Index Cond: ((k >= 5090335) AND (k <= 5090435))

table 6 : explain SELECT k FROM sbtest6 WHERE k BETWEEN 5090335 AND 5090435
	Index Only Scan using k_6 on sbtest6  (cost=0.43..6.37 rows=97 width=4)
	  Index Cond: ((k >= 5090335) AND (k <= 5090435))

table 7 : explain SELECT k FROM sbtest7 WHERE k BETWEEN 5090335 AND 5090435
	Index Only Scan using k_7 on sbtest7  (cost=0.43..6.33 rows=95 width=4)
	  Index Cond: ((k >= 5090335) AND (k <= 5090435))

table 8 : explain SELECT k FROM sbtest8 WHERE k BETWEEN 5090335 AND 5090435
	Index Only Scan using k_8 on sbtest8  (cost=0.43..6.35 rows=96 width=4)
	  Index Cond: ((k >= 5090335) AND (k <= 5090435))

explain: for range-covered :: explain SELECT k FROM sbtest%d WHERE k BETWEEN 2802341 AND 2802441
explain: for range-covered :: explain SELECT k FROM sbtest%d WHERE k BETWEEN 3142940 AND 3143040
for range-covered
table 1 : explain SELECT k FROM sbtest1 WHERE k BETWEEN 7036366 AND 7036466
	Index Only Scan using k_1 on sbtest1  (cost=0.43..6.47 rows=102 width=4)
	  Index Cond: ((k >= 7036366) AND (k <= 7036466))

table 2 : explain SELECT k FROM sbtest2 WHERE k BETWEEN 7036366 AND 7036466
	Index Only Scan using k_2 on sbtest2  (cost=0.43..6.51 rows=104 width=4)
	  Index Cond: ((k >= 7036366) AND (k <= 7036466))

table 3 : explain SELECT k FROM sbtest3 WHERE k BETWEEN 7036366 AND 7036466
	Index Only Scan using k_3 on sbtest3  (cost=0.43..6.53 rows=105 width=4)
	  Index Cond: ((k >= 7036366) AND (k <= 7036466))

table 4 : explain SELECT k FROM sbtest4 WHERE k BETWEEN 7036366 AND 7036466
	Index Only Scan using k_4 on sbtest4  (cost=0.43..6.53 rows=105 width=4)
	  Index Cond: ((k >= 7036366) AND (k <= 7036466))

table 5 : explain SELECT k FROM sbtest5 WHERE k BETWEEN 7036366 AND 7036466
	Index Only Scan using k_5 on sbtest5  (cost=0.43..6.50 rows=103 width=4)
	  Index Cond: ((k >= 7036366) AND (k <= 7036466))

table 6 : explain SELECT k FROM sbtest6 WHERE k BETWEEN 7036366 AND 7036466
	Index Only Scan using k_6 on sbtest6  (cost=0.43..6.79 rows=118 width=4)
	  Index Cond: ((k >= 7036366) AND (k <= 7036466))

table 7 : explain SELECT k FROM sbtest7 WHERE k BETWEEN 7036366 AND 7036466
	Index Only Scan using k_7 on sbtest7  (cost=0.43..6.58 rows=107 width=4)
	  Index Cond: ((k >= 7036366) AND (k <= 7036466))

table 8 : explain SELECT k FROM sbtest8 WHERE k BETWEEN 7036366 AND 7036466
	Index Only Scan using k_8 on sbtest8  (cost=0.43..6.43 rows=100 width=4)
	  Index Cond: ((k >= 7036366) AND (k <= 7036466))

for range-covered
table 1 : explain SELECT k FROM sbtest1 WHERE k BETWEEN 5236772 AND 5236872
	Index Only Scan using k_1 on sbtest1  (cost=0.43..6.56 rows=106 width=4)
	  Index Cond: ((k >= 5236772) AND (k <= 5236872))

table 2 : explain SELECT k FROM sbtest2 WHERE k BETWEEN 5236772 AND 5236872
	Index Only Scan using k_2 on sbtest2  (cost=0.43..6.50 rows=103 width=4)
	  Index Cond: ((k >= 5236772) AND (k <= 5236872))

table 3 : explain SELECT k FROM sbtest3 WHERE k BETWEEN 5236772 AND 5236872
	Index Only Scan using k_3 on sbtest3  (cost=0.43..6.59 rows=108 width=4)
	  Index Cond: ((k >= 5236772) AND (k <= 5236872))

table 4 : explain SELECT k FROM sbtest4 WHERE k BETWEEN 5236772 AND 5236872
	Index Only Scan using k_4 on sbtest4  (cost=0.43..6.63 rows=110 width=4)
	  Index Cond: ((k >= 5236772) AND (k <= 5236872))

table 5 : explain SELECT k FROM sbtest5 WHERE k BETWEEN 5236772 AND 5236872
	Index Only Scan using k_5 on sbtest5  (cost=0.43..6.50 rows=103 width=4)
	  Index Cond: ((k >= 5236772) AND (k <= 5236872))

table 6 : explain SELECT k FROM sbtest6 WHERE k BETWEEN 5236772 AND 5236872
	Index Only Scan using k_6 on sbtest6  (cost=0.43..6.40 rows=98 width=4)
	  Index Cond: ((k >= 5236772) AND (k <= 5236872))

table 7 : explain SELECT k FROM sbtest7 WHERE k BETWEEN 5236772 AND 5236872
	Index Only Scan using k_7 on sbtest7  (cost=0.43..6.37 rows=97 width=4)
	  Index Cond: ((k >= 5236772) AND (k <= 5236872))

table 8 : explain SELECT k FROM sbtest8 WHERE k BETWEEN 5236772 AND 5236872
	Index Only Scan using k_8 on sbtest8  (cost=0.43..6.35 rows=96 width=4)
	  Index Cond: ((k >= 5236772) AND (k <= 5236872))

explain: for range-covered :: explain SELECT k FROM sbtest%d WHERE k BETWEEN 7036366 AND 7036466
explain: for range-covered :: explain SELECT k FROM sbtest%d WHERE k BETWEEN 5236772 AND 5236872
for range-covered
table 1 : explain SELECT k FROM sbtest1 WHERE k BETWEEN 6740106 AND 6740206
	Index Only Scan using k_1 on sbtest1  (cost=0.43..6.75 rows=116 width=4)
	  Index Cond: ((k >= 6740106) AND (k <= 6740206))

table 2 : explain SELECT k FROM sbtest2 WHERE k BETWEEN 6740106 AND 6740206
	Index Only Scan using k_2 on sbtest2  (cost=0.43..6.63 rows=110 width=4)
	  Index Cond: ((k >= 6740106) AND (k <= 6740206))

table 3 : explain SELECT k FROM sbtest3 WHERE k BETWEEN 6740106 AND 6740206
	Index Only Scan using k_3 on sbtest3  (cost=0.43..6.43 rows=100 width=4)
	  Index Cond: ((k >= 6740106) AND (k <= 6740206))

table 4 : explain SELECT k FROM sbtest4 WHERE k BETWEEN 6740106 AND 6740206
	Index Only Scan using k_4 on sbtest4  (cost=0.43..6.33 rows=95 width=4)
	  Index Cond: ((k >= 6740106) AND (k <= 6740206))

table 5 : explain SELECT k FROM sbtest5 WHERE k BETWEEN 6740106 AND 6740206
	Index Only Scan using k_5 on sbtest5  (cost=0.43..6.45 rows=101 width=4)
	  Index Cond: ((k >= 6740106) AND (k <= 6740206))

table 6 : explain SELECT k FROM sbtest6 WHERE k BETWEEN 6740106 AND 6740206
	Index Only Scan using k_6 on sbtest6  (cost=0.43..6.59 rows=108 width=4)
	  Index Cond: ((k >= 6740106) AND (k <= 6740206))

table 7 : explain SELECT k FROM sbtest7 WHERE k BETWEEN 6740106 AND 6740206
	Index Only Scan using k_7 on sbtest7  (cost=0.43..6.40 rows=98 width=4)
	  Index Cond: ((k >= 6740106) AND (k <= 6740206))

table 8 : explain SELECT k FROM sbtest8 WHERE k BETWEEN 6740106 AND 6740206
	Index Only Scan using k_8 on sbtest8  (cost=0.43..6.47 rows=102 width=4)
	  Index Cond: ((k >= 6740106) AND (k <= 6740206))

for range-covered
table 1 : explain SELECT k FROM sbtest1 WHERE k BETWEEN 5705375 AND 5705475
	Index Only Scan using k_1 on sbtest1  (cost=0.43..6.69 rows=113 width=4)
	  Index Cond: ((k >= 5705375) AND (k <= 5705475))

table 2 : explain SELECT k FROM sbtest2 WHERE k BETWEEN 5705375 AND 5705475
	Index Only Scan using k_2 on sbtest2  (cost=0.43..6.25 rows=91 width=4)
	  Index Cond: ((k >= 5705375) AND (k <= 5705475))

table 3 : explain SELECT k FROM sbtest3 WHERE k BETWEEN 5705375 AND 5705475
	Index Only Scan using k_3 on sbtest3  (cost=0.43..6.66 rows=111 width=4)
	  Index Cond: ((k >= 5705375) AND (k <= 5705475))

table 4 : explain SELECT k FROM sbtest4 WHERE k BETWEEN 5705375 AND 5705475
	Index Only Scan using k_4 on sbtest4  (cost=0.43..6.61 rows=109 width=4)
	  Index Cond: ((k >= 5705375) AND (k <= 5705475))

table 5 : explain SELECT k FROM sbtest5 WHERE k BETWEEN 5705375 AND 5705475
	Index Only Scan using k_5 on sbtest5  (cost=0.43..6.51 rows=104 width=4)
	  Index Cond: ((k >= 5705375) AND (k <= 5705475))

table 6 : explain SELECT k FROM sbtest6 WHERE k BETWEEN 5705375 AND 5705475
	Index Only Scan using k_6 on sbtest6  (cost=0.43..6.37 rows=97 width=4)
	  Index Cond: ((k >= 5705375) AND (k <= 5705475))

table 7 : explain SELECT k FROM sbtest7 WHERE k BETWEEN 5705375 AND 5705475
	Index Only Scan using k_7 on sbtest7  (cost=0.43..6.40 rows=98 width=4)
	  Index Cond: ((k >= 5705375) AND (k <= 5705475))

table 8 : explain SELECT k FROM sbtest8 WHERE k BETWEEN 5705375 AND 5705475
	Index Only Scan using k_8 on sbtest8  (cost=0.43..6.32 rows=94 width=4)
	  Index Cond: ((k >= 5705375) AND (k <= 5705475))

explain: for range-covered :: explain SELECT k FROM sbtest%d WHERE k BETWEEN 6740106 AND 6740206
explain: for range-covered :: explain SELECT k FROM sbtest%d WHERE k BETWEEN 7109392 AND 7109492
for range-covered
table 1 : explain SELECT k FROM sbtest1 WHERE k BETWEEN 3142940 AND 3143040
	Index Only Scan using k_1 on sbtest1  (cost=0.43..6.27 rows=92 width=4)
	  Index Cond: ((k >= 3142940) AND (k <= 3143040))

table 2 : explain SELECT k FROM sbtest2 WHERE k BETWEEN 3142940 AND 3143040
	Index Only Scan using k_2 on sbtest2  (cost=0.43..6.33 rows=95 width=4)
	  Index Cond: ((k >= 3142940) AND (k <= 3143040))

table 3 : explain SELECT k FROM sbtest3 WHERE k BETWEEN 3142940 AND 3143040
	Index Only Scan using k_3 on sbtest3  (cost=0.43..6.47 rows=102 width=4)
	  Index Cond: ((k >= 3142940) AND (k <= 3143040))

table 4 : explain SELECT k FROM sbtest4 WHERE k BETWEEN 3142940 AND 3143040
	Index Only Scan using k_4 on sbtest4  (cost=0.43..6.43 rows=100 width=4)
	  Index Cond: ((k >= 3142940) AND (k <= 3143040))

table 5 : explain SELECT k FROM sbtest5 WHERE k BETWEEN 3142940 AND 3143040
	Index Only Scan using k_5 on sbtest5  (cost=0.43..6.45 rows=101 width=4)
	  Index Cond: ((k >= 3142940) AND (k <= 3143040))

table 6 : explain SELECT k FROM sbtest6 WHERE k BETWEEN 3142940 AND 3143040
	Index Only Scan using k_6 on sbtest6  (cost=0.43..6.53 rows=105 width=4)
	  Index Cond: ((k >= 3142940) AND (k <= 3143040))

table 7 : explain SELECT k FROM sbtest7 WHERE k BETWEEN 3142940 AND 3143040
	Index Only Scan using k_7 on sbtest7  (cost=0.43..6.47 rows=102 width=4)
	  Index Cond: ((k >= 3142940) AND (k <= 3143040))

table 8 : explain SELECT k FROM sbtest8 WHERE k BETWEEN 3142940 AND 3143040
	Index Only Scan using k_8 on sbtest8  (cost=0.43..6.40 rows=98 width=4)
	  Index Cond: ((k >= 3142940) AND (k <= 3143040))

explain: for range-covered :: explain SELECT k FROM sbtest%d WHERE k BETWEEN 3142940 AND 3143040
explain: for range-covered :: explain SELECT k FROM sbtest%d WHERE k BETWEEN 1261512 AND 1261612
for range-covered
table 1 : explain SELECT k FROM sbtest1 WHERE k BETWEEN 7036366 AND 7036466
	Index Only Scan using k_1 on sbtest1  (cost=0.43..6.47 rows=102 width=4)
	  Index Cond: ((k >= 7036366) AND (k <= 7036466))

table 2 : explain SELECT k FROM sbtest2 WHERE k BETWEEN 7036366 AND 7036466
	Index Only Scan using k_2 on sbtest2  (cost=0.43..6.51 rows=104 width=4)
	  Index Cond: ((k >= 7036366) AND (k <= 7036466))

table 3 : explain SELECT k FROM sbtest3 WHERE k BETWEEN 7036366 AND 7036466
	Index Only Scan using k_3 on sbtest3  (cost=0.43..6.53 rows=105 width=4)
	  Index Cond: ((k >= 7036366) AND (k <= 7036466))

table 4 : explain SELECT k FROM sbtest4 WHERE k BETWEEN 7036366 AND 7036466
	Index Only Scan using k_4 on sbtest4  (cost=0.43..6.53 rows=105 width=4)
	  Index Cond: ((k >= 7036366) AND (k <= 7036466))

table 5 : explain SELECT k FROM sbtest5 WHERE k BETWEEN 7036366 AND 7036466
	Index Only Scan using k_5 on sbtest5  (cost=0.43..6.50 rows=103 width=4)
	  Index Cond: ((k >= 7036366) AND (k <= 7036466))

table 6 : explain SELECT k FROM sbtest6 WHERE k BETWEEN 7036366 AND 7036466
	Index Only Scan using k_6 on sbtest6  (cost=0.43..6.79 rows=118 width=4)
	  Index Cond: ((k >= 7036366) AND (k <= 7036466))

table 7 : explain SELECT k FROM sbtest7 WHERE k BETWEEN 7036366 AND 7036466
	Index Only Scan using k_7 on sbtest7  (cost=0.43..6.58 rows=107 width=4)
	  Index Cond: ((k >= 7036366) AND (k <= 7036466))

table 8 : explain SELECT k FROM sbtest8 WHERE k BETWEEN 7036366 AND 7036466
	Index Only Scan using k_8 on sbtest8  (cost=0.43..6.43 rows=100 width=4)
	  Index Cond: ((k >= 7036366) AND (k <= 7036466))

for range-covered
table 1 : explain SELECT k FROM sbtest1 WHERE k BETWEEN 4108586 AND 4108686
	Index Only Scan using k_1 on sbtest1  (cost=0.43..6.63 rows=110 width=4)
	  Index Cond: ((k >= 4108586) AND (k <= 4108686))

table 2 : explain SELECT k FROM sbtest2 WHERE k BETWEEN 4108586 AND 4108686
	Index Only Scan using k_2 on sbtest2  (cost=0.43..6.47 rows=102 width=4)
	  Index Cond: ((k >= 4108586) AND (k <= 4108686))

table 3 : explain SELECT k FROM sbtest3 WHERE k BETWEEN 4108586 AND 4108686
	Index Only Scan using k_3 on sbtest3  (cost=0.43..6.47 rows=102 width=4)
	  Index Cond: ((k >= 4108586) AND (k <= 4108686))

table 4 : explain SELECT k FROM sbtest4 WHERE k BETWEEN 4108586 AND 4108686
	Index Only Scan using k_4 on sbtest4  (cost=0.43..6.45 rows=101 width=4)
	  Index Cond: ((k >= 4108586) AND (k <= 4108686))

table 5 : explain SELECT k FROM sbtest5 WHERE k BETWEEN 4108586 AND 4108686
	Index Only Scan using k_5 on sbtest5  (cost=0.43..6.53 rows=105 width=4)
	  Index Cond: ((k >= 4108586) AND (k <= 4108686))

table 6 : explain SELECT k FROM sbtest6 WHERE k BETWEEN 4108586 AND 4108686
	Index Only Scan using k_6 on sbtest6  (cost=0.43..6.50 rows=103 width=4)
	  Index Cond: ((k >= 4108586) AND (k <= 4108686))

table 7 : explain SELECT k FROM sbtest7 WHERE k BETWEEN 4108586 AND 4108686
	Index Only Scan using k_7 on sbtest7  (cost=0.43..6.43 rows=100 width=4)
	  Index Cond: ((k >= 4108586) AND (k <= 4108686))

table 8 : explain SELECT k FROM sbtest8 WHERE k BETWEEN 4108586 AND 4108686
	Index Only Scan using k_8 on sbtest8  (cost=0.43..6.37 rows=97 width=4)
	  Index Cond: ((k >= 4108586) AND (k <= 4108686))

explain: for range-covered :: explain SELECT k FROM sbtest%d WHERE k BETWEEN 7036366 AND 7036466
for range-covered
table 1 : explain SELECT k FROM sbtest1 WHERE k BETWEEN 5236772 AND 5236872
	Index Only Scan using k_1 on sbtest1  (cost=0.43..6.56 rows=106 width=4)
	  Index Cond: ((k >= 5236772) AND (k <= 5236872))

table 2 : explain SELECT k FROM sbtest2 WHERE k BETWEEN 5236772 AND 5236872
	Index Only Scan using k_2 on sbtest2  (cost=0.43..6.50 rows=103 width=4)
	  Index Cond: ((k >= 5236772) AND (k <= 5236872))

table 3 : explain SELECT k FROM sbtest3 WHERE k BETWEEN 5236772 AND 5236872
	Index Only Scan using k_3 on sbtest3  (cost=0.43..6.59 rows=108 width=4)
	  Index Cond: ((k >= 5236772) AND (k <= 5236872))

table 4 : explain SELECT k FROM sbtest4 WHERE k BETWEEN 5236772 AND 5236872
	Index Only Scan using k_4 on sbtest4  (cost=0.43..6.63 rows=110 width=4)
	  Index Cond: ((k >= 5236772) AND (k <= 5236872))

table 5 : explain SELECT k FROM sbtest5 WHERE k BETWEEN 5236772 AND 5236872
	Index Only Scan using k_5 on sbtest5  (cost=0.43..6.50 rows=103 width=4)
	  Index Cond: ((k >= 5236772) AND (k <= 5236872))

table 6 : explain SELECT k FROM sbtest6 WHERE k BETWEEN 5236772 AND 5236872
	Index Only Scan using k_6 on sbtest6  (cost=0.43..6.40 rows=98 width=4)
	  Index Cond: ((k >= 5236772) AND (k <= 5236872))

table 7 : explain SELECT k FROM sbtest7 WHERE k BETWEEN 5236772 AND 5236872
	Index Only Scan using k_7 on sbtest7  (cost=0.43..6.37 rows=97 width=4)
	  Index Cond: ((k >= 5236772) AND (k <= 5236872))

table 8 : explain SELECT k FROM sbtest8 WHERE k BETWEEN 5236772 AND 5236872
	Index Only Scan using k_8 on sbtest8  (cost=0.43..6.35 rows=96 width=4)
	  Index Cond: ((k >= 5236772) AND (k <= 5236872))

for range-covered
table 1 : explain SELECT k FROM sbtest1 WHERE k BETWEEN 6740106 AND 6740206
	Index Only Scan using k_1 on sbtest1  (cost=0.43..6.75 rows=116 width=4)
	  Index Cond: ((k >= 6740106) AND (k <= 6740206))

table 2 : explain SELECT k FROM sbtest2 WHERE k BETWEEN 6740106 AND 6740206
	Index Only Scan using k_2 on sbtest2  (cost=0.43..6.63 rows=110 width=4)
	  Index Cond: ((k >= 6740106) AND (k <= 6740206))

table 3 : explain SELECT k FROM sbtest3 WHERE k BETWEEN 6740106 AND 6740206
	Index Only Scan using k_3 on sbtest3  (cost=0.43..6.43 rows=100 width=4)
	  Index Cond: ((k >= 6740106) AND (k <= 6740206))

table 4 : explain SELECT k FROM sbtest4 WHERE k BETWEEN 6740106 AND 6740206
	Index Only Scan using k_4 on sbtest4  (cost=0.43..6.33 rows=95 width=4)
	  Index Cond: ((k >= 6740106) AND (k <= 6740206))

table 5 : explain SELECT k FROM sbtest5 WHERE k BETWEEN 6740106 AND 6740206
	Index Only Scan using k_5 on sbtest5  (cost=0.43..6.45 rows=101 width=4)
	  Index Cond: ((k >= 6740106) AND (k <= 6740206))

table 6 : explain SELECT k FROM sbtest6 WHERE k BETWEEN 6740106 AND 6740206
	Index Only Scan using k_6 on sbtest6  (cost=0.43..6.59 rows=108 width=4)
	  Index Cond: ((k >= 6740106) AND (k <= 6740206))

table 7 : explain SELECT k FROM sbtest7 WHERE k BETWEEN 6740106 AND 6740206
	Index Only Scan using k_7 on sbtest7  (cost=0.43..6.40 rows=98 width=4)
	  Index Cond: ((k >= 6740106) AND (k <= 6740206))

table 8 : explain SELECT k FROM sbtest8 WHERE k BETWEEN 6740106 AND 6740206
	Index Only Scan using k_8 on sbtest8  (cost=0.43..6.47 rows=102 width=4)
	  Index Cond: ((k >= 6740106) AND (k <= 6740206))

explain: for range-covered :: explain SELECT k FROM sbtest%d WHERE k BETWEEN 5236772 AND 5236872
explain: for range-covered :: explain SELECT k FROM sbtest%d WHERE k BETWEEN 6740106 AND 6740206
for range-covered
table 1 : explain SELECT k FROM sbtest1 WHERE k BETWEEN 5304575 AND 5304675
	Index Only Scan using k_1 on sbtest1  (cost=0.43..6.56 rows=106 width=4)
	  Index Cond: ((k >= 5304575) AND (k <= 5304675))

table 2 : explain SELECT k FROM sbtest2 WHERE k BETWEEN 5304575 AND 5304675
	Index Only Scan using k_2 on sbtest2  (cost=0.43..6.50 rows=103 width=4)
	  Index Cond: ((k >= 5304575) AND (k <= 5304675))

table 3 : explain SELECT k FROM sbtest3 WHERE k BETWEEN 5304575 AND 5304675
	Index Only Scan using k_3 on sbtest3  (cost=0.43..6.47 rows=102 width=4)
	  Index Cond: ((k >= 5304575) AND (k <= 5304675))

table 4 : explain SELECT k FROM sbtest4 WHERE k BETWEEN 5304575 AND 5304675
	Index Only Scan using k_4 on sbtest4  (cost=0.43..6.58 rows=107 width=4)
	  Index Cond: ((k >= 5304575) AND (k <= 5304675))

table 5 : explain SELECT k FROM sbtest5 WHERE k BETWEEN 5304575 AND 5304675
	Index Only Scan using k_5 on sbtest5  (cost=0.43..6.43 rows=100 width=4)
	  Index Cond: ((k >= 5304575) AND (k <= 5304675))

table 6 : explain SELECT k FROM sbtest6 WHERE k BETWEEN 5304575 AND 5304675
	Index Only Scan using k_6 on sbtest6  (cost=0.43..6.56 rows=106 width=4)
	  Index Cond: ((k >= 5304575) AND (k <= 5304675))

table 7 : explain SELECT k FROM sbtest7 WHERE k BETWEEN 5304575 AND 5304675
	Index Only Scan using k_7 on sbtest7  (cost=0.43..6.37 rows=97 width=4)
	  Index Cond: ((k >= 5304575) AND (k <= 5304675))

table 8 : explain SELECT k FROM sbtest8 WHERE k BETWEEN 5304575 AND 5304675
	Index Only Scan using k_8 on sbtest8  (cost=0.43..6.35 rows=96 width=4)
	  Index Cond: ((k >= 5304575) AND (k <= 5304675))

explain: for range-covered :: explain SELECT k FROM sbtest%d WHERE k BETWEEN 5304575 AND 5304675
for range-covered
table 1 : explain SELECT k FROM sbtest1 WHERE k BETWEEN 1548057 AND 1548157
	Index Only Scan using k_1 on sbtest1  (cost=0.43..6.56 rows=106 width=4)
	  Index Cond: ((k >= 1548057) AND (k <= 1548157))

table 2 : explain SELECT k FROM sbtest2 WHERE k BETWEEN 1548057 AND 1548157
	Index Only Scan using k_2 on sbtest2  (cost=0.43..6.43 rows=100 width=4)
	  Index Cond: ((k >= 1548057) AND (k <= 1548157))

table 3 : explain SELECT k FROM sbtest3 WHERE k BETWEEN 1548057 AND 1548157
	Index Only Scan using k_3 on sbtest3  (cost=0.43..6.40 rows=98 width=4)
	  Index Cond: ((k >= 1548057) AND (k <= 1548157))

table 4 : explain SELECT k FROM sbtest4 WHERE k BETWEEN 1548057 AND 1548157
	Index Only Scan using k_4 on sbtest4  (cost=0.43..6.37 rows=97 width=4)
	  Index Cond: ((k >= 1548057) AND (k <= 1548157))

table 5 : explain SELECT k FROM sbtest5 WHERE k BETWEEN 1548057 AND 1548157
	Index Only Scan using k_5 on sbtest5  (cost=0.43..6.42 rows=99 width=4)
	  Index Cond: ((k >= 1548057) AND (k <= 1548157))

table 6 : explain SELECT k FROM sbtest6 WHERE k BETWEEN 1548057 AND 1548157
	Index Only Scan using k_6 on sbtest6  (cost=0.43..6.45 rows=101 width=4)
	  Index Cond: ((k >= 1548057) AND (k <= 1548157))

table 7 : explain SELECT k FROM sbtest7 WHERE k BETWEEN 1548057 AND 1548157
	Index Only Scan using k_7 on sbtest7  (cost=0.43..6.40 rows=98 width=4)
	  Index Cond: ((k >= 1548057) AND (k <= 1548157))

table 8 : explain SELECT k FROM sbtest8 WHERE k BETWEEN 1548057 AND 1548157
	Index Only Scan using k_8 on sbtest8  (cost=0.43..6.50 rows=103 width=4)
	  Index Cond: ((k >= 1548057) AND (k <= 1548157))

explain: for range-covered :: explain SELECT k FROM sbtest%d WHERE k BETWEEN 4108586 AND 4108686
for range-covered
table 1 : explain SELECT k FROM sbtest1 WHERE k BETWEEN 3142940 AND 3143040
	Index Only Scan using k_1 on sbtest1  (cost=0.43..6.27 rows=92 width=4)
	  Index Cond: ((k >= 3142940) AND (k <= 3143040))

table 2 : explain SELECT k FROM sbtest2 WHERE k BETWEEN 3142940 AND 3143040
	Index Only Scan using k_2 on sbtest2  (cost=0.43..6.33 rows=95 width=4)
	  Index Cond: ((k >= 3142940) AND (k <= 3143040))

table 3 : explain SELECT k FROM sbtest3 WHERE k BETWEEN 3142940 AND 3143040
	Index Only Scan using k_3 on sbtest3  (cost=0.43..6.47 rows=102 width=4)
	  Index Cond: ((k >= 3142940) AND (k <= 3143040))

table 4 : explain SELECT k FROM sbtest4 WHERE k BETWEEN 3142940 AND 3143040
	Index Only Scan using k_4 on sbtest4  (cost=0.43..6.43 rows=100 width=4)
	  Index Cond: ((k >= 3142940) AND (k <= 3143040))

table 5 : explain SELECT k FROM sbtest5 WHERE k BETWEEN 3142940 AND 3143040
	Index Only Scan using k_5 on sbtest5  (cost=0.43..6.45 rows=101 width=4)
	  Index Cond: ((k >= 3142940) AND (k <= 3143040))

table 6 : explain SELECT k FROM sbtest6 WHERE k BETWEEN 3142940 AND 3143040
	Index Only Scan using k_6 on sbtest6  (cost=0.43..6.53 rows=105 width=4)
	  Index Cond: ((k >= 3142940) AND (k <= 3143040))

table 7 : explain SELECT k FROM sbtest7 WHERE k BETWEEN 3142940 AND 3143040
	Index Only Scan using k_7 on sbtest7  (cost=0.43..6.47 rows=102 width=4)
	  Index Cond: ((k >= 3142940) AND (k <= 3143040))

table 8 : explain SELECT k FROM sbtest8 WHERE k BETWEEN 3142940 AND 3143040
	Index Only Scan using k_8 on sbtest8  (cost=0.43..6.40 rows=98 width=4)
	  Index Cond: ((k >= 3142940) AND (k <= 3143040))

explain: for range-covered :: explain SELECT k FROM sbtest%d WHERE k BETWEEN 1548057 AND 1548157
for range-covered
table 1 : explain SELECT k FROM sbtest1 WHERE k BETWEEN 4857746 AND 4857846
	Index Only Scan using k_1 on sbtest1  (cost=0.43..6.50 rows=103 width=4)
	  Index Cond: ((k >= 4857746) AND (k <= 4857846))

table 2 : explain SELECT k FROM sbtest2 WHERE k BETWEEN 4857746 AND 4857846
	Index Only Scan using k_2 on sbtest2  (cost=0.43..6.35 rows=96 width=4)
	  Index Cond: ((k >= 4857746) AND (k <= 4857846))

table 3 : explain SELECT k FROM sbtest3 WHERE k BETWEEN 4857746 AND 4857846
	Index Only Scan using k_3 on sbtest3  (cost=0.43..6.42 rows=99 width=4)
	  Index Cond: ((k >= 4857746) AND (k <= 4857846))

table 4 : explain SELECT k FROM sbtest4 WHERE k BETWEEN 4857746 AND 4857846
	Index Only Scan using k_4 on sbtest4  (cost=0.43..6.33 rows=95 width=4)
	  Index Cond: ((k >= 4857746) AND (k <= 4857846))

table 5 : explain SELECT k FROM sbtest5 WHERE k BETWEEN 4857746 AND 4857846
	Index Only Scan using k_5 on sbtest5  (cost=0.43..6.56 rows=106 width=4)
	  Index Cond: ((k >= 4857746) AND (k <= 4857846))

table 6 : explain SELECT k FROM sbtest6 WHERE k BETWEEN 4857746 AND 4857846
	Index Only Scan using k_6 on sbtest6  (cost=0.43..6.63 rows=110 width=4)
	  Index Cond: ((k >= 4857746) AND (k <= 4857846))

table 7 : explain SELECT k FROM sbtest7 WHERE k BETWEEN 4857746 AND 4857846
	Index Only Scan using k_7 on sbtest7  (cost=0.43..6.35 rows=96 width=4)
	  Index Cond: ((k >= 4857746) AND (k <= 4857846))

table 8 : explain SELECT k FROM sbtest8 WHERE k BETWEEN 4857746 AND 4857846
	Index Only Scan using k_8 on sbtest8  (cost=0.43..6.59 rows=108 width=4)
	  Index Cond: ((k >= 4857746) AND (k <= 4857846))

for range-covered
table 1 : explain SELECT k FROM sbtest1 WHERE k BETWEEN 4655240 AND 4655340
	Index Only Scan using k_1 on sbtest1  (cost=0.43..6.45 rows=101 width=4)
	  Index Cond: ((k >= 4655240) AND (k <= 4655340))

table 2 : explain SELECT k FROM sbtest2 WHERE k BETWEEN 4655240 AND 4655340
	Index Only Scan using k_2 on sbtest2  (cost=0.43..6.61 rows=109 width=4)
	  Index Cond: ((k >= 4655240) AND (k <= 4655340))

table 3 : explain SELECT k FROM sbtest3 WHERE k BETWEEN 4655240 AND 4655340
	Index Only Scan using k_3 on sbtest3  (cost=0.43..6.40 rows=98 width=4)
	  Index Cond: ((k >= 4655240) AND (k <= 4655340))

table 4 : explain SELECT k FROM sbtest4 WHERE k BETWEEN 4655240 AND 4655340
	Index Only Scan using k_4 on sbtest4  (cost=0.43..6.63 rows=110 width=4)
	  Index Cond: ((k >= 4655240) AND (k <= 4655340))

table 5 : explain SELECT k FROM sbtest5 WHERE k BETWEEN 4655240 AND 4655340
	Index Only Scan using k_5 on sbtest5  (cost=0.43..6.56 rows=106 width=4)
	  Index Cond: ((k >= 4655240) AND (k <= 4655340))

table 6 : explain SELECT k FROM sbtest6 WHERE k BETWEEN 4655240 AND 4655340
	Index Only Scan using k_6 on sbtest6  (cost=0.43..6.50 rows=103 width=4)
	  Index Cond: ((k >= 4655240) AND (k <= 4655340))

table 7 : explain SELECT k FROM sbtest7 WHERE k BETWEEN 4655240 AND 4655340
	Index Only Scan using k_7 on sbtest7  (cost=0.43..6.37 rows=97 width=4)
	  Index Cond: ((k >= 4655240) AND (k <= 4655340))

table 8 : explain SELECT k FROM sbtest8 WHERE k BETWEEN 4655240 AND 4655340
	Index Only Scan using k_8 on sbtest8  (cost=0.43..6.50 rows=103 width=4)
	  Index Cond: ((k >= 4655240) AND (k <= 4655340))

explain: for range-covered :: explain SELECT k FROM sbtest%d WHERE k BETWEEN 4857746 AND 4857846
explain: for range-covered :: explain SELECT k FROM sbtest%d WHERE k BETWEEN 4655240 AND 4655340
for range-covered
table 1 : explain SELECT k FROM sbtest1 WHERE k BETWEEN 1426958 AND 1427058
	Index Only Scan using k_1 on sbtest1  (cost=0.43..6.61 rows=109 width=4)
	  Index Cond: ((k >= 1426958) AND (k <= 1427058))

table 2 : explain SELECT k FROM sbtest2 WHERE k BETWEEN 1426958 AND 1427058
	Index Only Scan using k_2 on sbtest2  (cost=0.43..6.61 rows=109 width=4)
	  Index Cond: ((k >= 1426958) AND (k <= 1427058))

table 3 : explain SELECT k FROM sbtest3 WHERE k BETWEEN 1426958 AND 1427058
	Index Only Scan using k_3 on sbtest3  (cost=0.43..6.47 rows=102 width=4)
	  Index Cond: ((k >= 1426958) AND (k <= 1427058))

table 4 : explain SELECT k FROM sbtest4 WHERE k BETWEEN 1426958 AND 1427058
	Index Only Scan using k_4 on sbtest4  (cost=0.43..6.21 rows=89 width=4)
	  Index Cond: ((k >= 1426958) AND (k <= 1427058))

table 5 : explain SELECT k FROM sbtest5 WHERE k BETWEEN 1426958 AND 1427058
	Index Only Scan using k_5 on sbtest5  (cost=0.43..6.40 rows=98 width=4)
	  Index Cond: ((k >= 1426958) AND (k <= 1427058))

table 6 : explain SELECT k FROM sbtest6 WHERE k BETWEEN 1426958 AND 1427058
	Index Only Scan using k_6 on sbtest6  (cost=0.43..6.35 rows=96 width=4)
	  Index Cond: ((k >= 1426958) AND (k <= 1427058))

table 7 : explain SELECT k FROM sbtest7 WHERE k BETWEEN 1426958 AND 1427058
	Index Only Scan using k_7 on sbtest7  (cost=0.43..6.25 rows=91 width=4)
	  Index Cond: ((k >= 1426958) AND (k <= 1427058))

table 8 : explain SELECT k FROM sbtest8 WHERE k BETWEEN 1426958 AND 1427058
	Index Only Scan using k_8 on sbtest8  (cost=0.43..6.56 rows=106 width=4)
	  Index Cond: ((k >= 1426958) AND (k <= 1427058))

for range-covered
table 1 : explain SELECT k FROM sbtest1 WHERE k BETWEEN 7036366 AND 7036466
	Index Only Scan using k_1 on sbtest1  (cost=0.43..6.47 rows=102 width=4)
	  Index Cond: ((k >= 7036366) AND (k <= 7036466))

table 2 : explain SELECT k FROM sbtest2 WHERE k BETWEEN 7036366 AND 7036466
	Index Only Scan using k_2 on sbtest2  (cost=0.43..6.51 rows=104 width=4)
	  Index Cond: ((k >= 7036366) AND (k <= 7036466))

table 3 : explain SELECT k FROM sbtest3 WHERE k BETWEEN 7036366 AND 7036466
	Index Only Scan using k_3 on sbtest3  (cost=0.43..6.53 rows=105 width=4)
	  Index Cond: ((k >= 7036366) AND (k <= 7036466))

table 4 : explain SELECT k FROM sbtest4 WHERE k BETWEEN 7036366 AND 7036466
	Index Only Scan using k_4 on sbtest4  (cost=0.43..6.53 rows=105 width=4)
	  Index Cond: ((k >= 7036366) AND (k <= 7036466))

table 5 : explain SELECT k FROM sbtest5 WHERE k BETWEEN 7036366 AND 7036466
	Index Only Scan using k_5 on sbtest5  (cost=0.43..6.50 rows=103 width=4)
	  Index Cond: ((k >= 7036366) AND (k <= 7036466))

table 6 : explain SELECT k FROM sbtest6 WHERE k BETWEEN 7036366 AND 7036466
	Index Only Scan using k_6 on sbtest6  (cost=0.43..6.79 rows=118 width=4)
	  Index Cond: ((k >= 7036366) AND (k <= 7036466))

table 7 : explain SELECT k FROM sbtest7 WHERE k BETWEEN 7036366 AND 7036466
	Index Only Scan using k_7 on sbtest7  (cost=0.43..6.58 rows=107 width=4)
	  Index Cond: ((k >= 7036366) AND (k <= 7036466))

table 8 : explain SELECT k FROM sbtest8 WHERE k BETWEEN 7036366 AND 7036466
	Index Only Scan using k_8 on sbtest8  (cost=0.43..6.43 rows=100 width=4)
	  Index Cond: ((k >= 7036366) AND (k <= 7036466))

for range-covered
table 1 : explain SELECT k FROM sbtest1 WHERE k BETWEEN 6740106 AND 6740206
	Index Only Scan using k_1 on sbtest1  (cost=0.43..6.75 rows=116 width=4)
	  Index Cond: ((k >= 6740106) AND (k <= 6740206))

table 2 : explain SELECT k FROM sbtest2 WHERE k BETWEEN 6740106 AND 6740206
	Index Only Scan using k_2 on sbtest2  (cost=0.43..6.63 rows=110 width=4)
	  Index Cond: ((k >= 6740106) AND (k <= 6740206))

table 3 : explain SELECT k FROM sbtest3 WHERE k BETWEEN 6740106 AND 6740206
	Index Only Scan using k_3 on sbtest3  (cost=0.43..6.43 rows=100 width=4)
	  Index Cond: ((k >= 6740106) AND (k <= 6740206))

table 4 : explain SELECT k FROM sbtest4 WHERE k BETWEEN 6740106 AND 6740206
	Index Only Scan using k_4 on sbtest4  (cost=0.43..6.33 rows=95 width=4)
	  Index Cond: ((k >= 6740106) AND (k <= 6740206))

table 5 : explain SELECT k FROM sbtest5 WHERE k BETWEEN 6740106 AND 6740206
	Index Only Scan using k_5 on sbtest5  (cost=0.43..6.45 rows=101 width=4)
	  Index Cond: ((k >= 6740106) AND (k <= 6740206))

table 6 : explain SELECT k FROM sbtest6 WHERE k BETWEEN 6740106 AND 6740206
	Index Only Scan using k_6 on sbtest6  (cost=0.43..6.59 rows=108 width=4)
	  Index Cond: ((k >= 6740106) AND (k <= 6740206))

table 7 : explain SELECT k FROM sbtest7 WHERE k BETWEEN 6740106 AND 6740206
	Index Only Scan using k_7 on sbtest7  (cost=0.43..6.40 rows=98 width=4)
	  Index Cond: ((k >= 6740106) AND (k <= 6740206))

table 8 : explain SELECT k FROM sbtest8 WHERE k BETWEEN 6740106 AND 6740206
	Index Only Scan using k_8 on sbtest8  (cost=0.43..6.47 rows=102 width=4)
	  Index Cond: ((k >= 6740106) AND (k <= 6740206))

explain: for range-covered :: explain SELECT k FROM sbtest%d WHERE k BETWEEN 7036366 AND 7036466
explain: for range-covered :: explain SELECT k FROM sbtest%d WHERE k BETWEEN 1426958 AND 1427058
explain: for range-covered :: explain SELECT k FROM sbtest%d WHERE k BETWEEN 6740106 AND 6740206
for range-covered
table 1 : explain SELECT k FROM sbtest1 WHERE k BETWEEN 5304575 AND 5304675
	Index Only Scan using k_1 on sbtest1  (cost=0.43..6.56 rows=106 width=4)
	  Index Cond: ((k >= 5304575) AND (k <= 5304675))

table 2 : explain SELECT k FROM sbtest2 WHERE k BETWEEN 5304575 AND 5304675
	Index Only Scan using k_2 on sbtest2  (cost=0.43..6.50 rows=103 width=4)
	  Index Cond: ((k >= 5304575) AND (k <= 5304675))

table 3 : explain SELECT k FROM sbtest3 WHERE k BETWEEN 5304575 AND 5304675
	Index Only Scan using k_3 on sbtest3  (cost=0.43..6.47 rows=102 width=4)
	  Index Cond: ((k >= 5304575) AND (k <= 5304675))

table 4 : explain SELECT k FROM sbtest4 WHERE k BETWEEN 5304575 AND 5304675
	Index Only Scan using k_4 on sbtest4  (cost=0.43..6.58 rows=107 width=4)
	  Index Cond: ((k >= 5304575) AND (k <= 5304675))

table 5 : explain SELECT k FROM sbtest5 WHERE k BETWEEN 5304575 AND 5304675
	Index Only Scan using k_5 on sbtest5  (cost=0.43..6.43 rows=100 width=4)
	  Index Cond: ((k >= 5304575) AND (k <= 5304675))

table 6 : explain SELECT k FROM sbtest6 WHERE k BETWEEN 5304575 AND 5304675
	Index Only Scan using k_6 on sbtest6  (cost=0.43..6.56 rows=106 width=4)
	  Index Cond: ((k >= 5304575) AND (k <= 5304675))

table 7 : explain SELECT k FROM sbtest7 WHERE k BETWEEN 5304575 AND 5304675
	Index Only Scan using k_7 on sbtest7  (cost=0.43..6.37 rows=97 width=4)
	  Index Cond: ((k >= 5304575) AND (k <= 5304675))

table 8 : explain SELECT k FROM sbtest8 WHERE k BETWEEN 5304575 AND 5304675
	Index Only Scan using k_8 on sbtest8  (cost=0.43..6.35 rows=96 width=4)
	  Index Cond: ((k >= 5304575) AND (k <= 5304675))

for range-covered
table 1 : explain SELECT k FROM sbtest1 WHERE k BETWEEN 5236772 AND 5236872
	Index Only Scan using k_1 on sbtest1  (cost=0.43..6.56 rows=106 width=4)
	  Index Cond: ((k >= 5236772) AND (k <= 5236872))

table 2 : explain SELECT k FROM sbtest2 WHERE k BETWEEN 5236772 AND 5236872
	Index Only Scan using k_2 on sbtest2  (cost=0.43..6.50 rows=103 width=4)
	  Index Cond: ((k >= 5236772) AND (k <= 5236872))

table 3 : explain SELECT k FROM sbtest3 WHERE k BETWEEN 5236772 AND 5236872
	Index Only Scan using k_3 on sbtest3  (cost=0.43..6.59 rows=108 width=4)
	  Index Cond: ((k >= 5236772) AND (k <= 5236872))

table 4 : explain SELECT k FROM sbtest4 WHERE k BETWEEN 5236772 AND 5236872
	Index Only Scan using k_4 on sbtest4  (cost=0.43..6.63 rows=110 width=4)
	  Index Cond: ((k >= 5236772) AND (k <= 5236872))

table 5 : explain SELECT k FROM sbtest5 WHERE k BETWEEN 5236772 AND 5236872
	Index Only Scan using k_5 on sbtest5  (cost=0.43..6.50 rows=103 width=4)
	  Index Cond: ((k >= 5236772) AND (k <= 5236872))

table 6 : explain SELECT k FROM sbtest6 WHERE k BETWEEN 5236772 AND 5236872
	Index Only Scan using k_6 on sbtest6  (cost=0.43..6.40 rows=98 width=4)
	  Index Cond: ((k >= 5236772) AND (k <= 5236872))

table 7 : explain SELECT k FROM sbtest7 WHERE k BETWEEN 5236772 AND 5236872
	Index Only Scan using k_7 on sbtest7  (cost=0.43..6.37 rows=97 width=4)
	  Index Cond: ((k >= 5236772) AND (k <= 5236872))

table 8 : explain SELECT k FROM sbtest8 WHERE k BETWEEN 5236772 AND 5236872
	Index Only Scan using k_8 on sbtest8  (cost=0.43..6.35 rows=96 width=4)
	  Index Cond: ((k >= 5236772) AND (k <= 5236872))
explain: for range-covered :: explain SELECT k FROM sbtest%d WHERE k BETWEEN 5304575 AND 5304675

for range-covered
table 1 : explain SELECT k FROM sbtest1 WHERE k BETWEEN 1261512 AND 1261612
	Index Only Scan using k_1 on sbtest1  (cost=0.43..6.42 rows=99 width=4)
	  Index Cond: ((k >= 1261512) AND (k <= 1261612))

table 2 : explain SELECT k FROM sbtest2 WHERE k BETWEEN 1261512 AND 1261612
	Index Only Scan using k_2 on sbtest2  (cost=0.43..6.47 rows=102 width=4)
	  Index Cond: ((k >= 1261512) AND (k <= 1261612))

table 3 : explain SELECT k FROM sbtest3 WHERE k BETWEEN 1261512 AND 1261612
	Index Only Scan using k_3 on sbtest3  (cost=0.43..6.53 rows=105 width=4)
	  Index Cond: ((k >= 1261512) AND (k <= 1261612))

table 4 : explain SELECT k FROM sbtest4 WHERE k BETWEEN 1261512 AND 1261612
	Index Only Scan using k_4 on sbtest4  (cost=0.43..6.58 rows=107 width=4)
	  Index Cond: ((k >= 1261512) AND (k <= 1261612))

table 5 : explain SELECT k FROM sbtest5 WHERE k BETWEEN 1261512 AND 1261612
	Index Only Scan using k_5 on sbtest5  (cost=0.43..6.53 rows=105 width=4)
	  Index Cond: ((k >= 1261512) AND (k <= 1261612))

table 6 : explain SELECT k FROM sbtest6 WHERE k BETWEEN 1261512 AND 1261612
	Index Only Scan using k_6 on sbtest6  (cost=0.43..6.67 rows=112 width=4)
	  Index Cond: ((k >= 1261512) AND (k <= 1261612))

table 7 : explain SELECT k FROM sbtest7 WHERE k BETWEEN 1261512 AND 1261612
	Index Only Scan using k_7 on sbtest7  (cost=0.43..6.61 rows=109 width=4)
	  Index Cond: ((k >= 1261512) AND (k <= 1261612))

table 8 : explain SELECT k FROM sbtest8 WHERE k BETWEEN 1261512 AND 1261612
	Index Only Scan using k_8 on sbtest8  (cost=0.43..6.47 rows=102 width=4)
	  Index Cond: ((k >= 1261512) AND (k <= 1261612))

explain: for range-covered :: explain SELECT k FROM sbtest%d WHERE k BETWEEN 5236772 AND 5236872
for range-covered
table 1 : explain SELECT k FROM sbtest1 WHERE k BETWEEN 2802341 AND 2802441
	Index Only Scan using k_1 on sbtest1  (cost=0.43..6.35 rows=96 width=4)
	  Index Cond: ((k >= 2802341) AND (k <= 2802441))

table 2 : explain SELECT k FROM sbtest2 WHERE k BETWEEN 2802341 AND 2802441
	Index Only Scan using k_2 on sbtest2  (cost=0.43..6.24 rows=90 width=4)
	  Index Cond: ((k >= 2802341) AND (k <= 2802441))

table 3 : explain SELECT k FROM sbtest3 WHERE k BETWEEN 2802341 AND 2802441
	Index Only Scan using k_3 on sbtest3  (cost=0.43..6.35 rows=96 width=4)
	  Index Cond: ((k >= 2802341) AND (k <= 2802441))

table 4 : explain SELECT k FROM sbtest4 WHERE k BETWEEN 2802341 AND 2802441
	Index Only Scan using k_4 on sbtest4  (cost=0.43..6.51 rows=104 width=4)
	  Index Cond: ((k >= 2802341) AND (k <= 2802441))

table 5 : explain SELECT k FROM sbtest5 WHERE k BETWEEN 2802341 AND 2802441
	Index Only Scan using k_5 on sbtest5  (cost=0.43..6.67 rows=112 width=4)
	  Index Cond: ((k >= 2802341) AND (k <= 2802441))

table 6 : explain SELECT k FROM sbtest6 WHERE k BETWEEN 2802341 AND 2802441
	Index Only Scan using k_6 on sbtest6  (cost=0.43..6.33 rows=95 width=4)
	  Index Cond: ((k >= 2802341) AND (k <= 2802441))

table 7 : explain SELECT k FROM sbtest7 WHERE k BETWEEN 2802341 AND 2802441
	Index Only Scan using k_7 on sbtest7  (cost=0.43..6.51 rows=104 width=4)
	  Index Cond: ((k >= 2802341) AND (k <= 2802441))

table 8 : explain SELECT k FROM sbtest8 WHERE k BETWEEN 2802341 AND 2802441
	Index Only Scan using k_8 on sbtest8  (cost=0.43..6.40 rows=98 width=4)
	  Index Cond: ((k >= 2802341) AND (k <= 2802441))

for range-covered
table 1 : explain SELECT k FROM sbtest1 WHERE k BETWEEN 4857746 AND 4857846
	Index Only Scan using k_1 on sbtest1  (cost=0.43..6.50 rows=103 width=4)
	  Index Cond: ((k >= 4857746) AND (k <= 4857846))

table 2 : explain SELECT k FROM sbtest2 WHERE k BETWEEN 4857746 AND 4857846
	Index Only Scan using k_2 on sbtest2  (cost=0.43..6.35 rows=96 width=4)
	  Index Cond: ((k >= 4857746) AND (k <= 4857846))

table 3 : explain SELECT k FROM sbtest3 WHERE k BETWEEN 4857746 AND 4857846
	Index Only Scan using k_3 on sbtest3  (cost=0.43..6.42 rows=99 width=4)
	  Index Cond: ((k >= 4857746) AND (k <= 4857846))

table 4 : explain SELECT k FROM sbtest4 WHERE k BETWEEN 4857746 AND 4857846
	Index Only Scan using k_4 on sbtest4  (cost=0.43..6.33 rows=95 width=4)
	  Index Cond: ((k >= 4857746) AND (k <= 4857846))

table 5 : explain SELECT k FROM sbtest5 WHERE k BETWEEN 4857746 AND 4857846
	Index Only Scan using k_5 on sbtest5  (cost=0.43..6.56 rows=106 width=4)
	  Index Cond: ((k >= 4857746) AND (k <= 4857846))

table 6 : explain SELECT k FROM sbtest6 WHERE k BETWEEN 4857746 AND 4857846
	Index Only Scan using k_6 on sbtest6  (cost=0.43..6.63 rows=110 width=4)
	  Index Cond: ((k >= 4857746) AND (k <= 4857846))

table 7 : explain SELECT k FROM sbtest7 WHERE k BETWEEN 4857746 AND 4857846
	Index Only Scan using k_7 on sbtest7  (cost=0.43..6.35 rows=96 width=4)
	  Index Cond: ((k >= 4857746) AND (k <= 4857846))

table 8 : explain SELECT k FROM sbtest8 WHERE k BETWEEN 4857746 AND 4857846
	Index Only Scan using k_8 on sbtest8  (cost=0.43..6.59 rows=108 width=4)
	  Index Cond: ((k >= 4857746) AND (k <= 4857846))

explain: for range-covered :: explain SELECT k FROM sbtest%d WHERE k BETWEEN 2802341 AND 2802441
explain: for range-covered :: explain SELECT k FROM sbtest%d WHERE k BETWEEN 4857746 AND 4857846
for range-covered
table 1 : explain SELECT k FROM sbtest1 WHERE k BETWEEN 4108586 AND 4108686
	Index Only Scan using k_1 on sbtest1  (cost=0.43..6.63 rows=110 width=4)
	  Index Cond: ((k >= 4108586) AND (k <= 4108686))

table 2 : explain SELECT k FROM sbtest2 WHERE k BETWEEN 4108586 AND 4108686
	Index Only Scan using k_2 on sbtest2  (cost=0.43..6.47 rows=102 width=4)
	  Index Cond: ((k >= 4108586) AND (k <= 4108686))

table 3 : explain SELECT k FROM sbtest3 WHERE k BETWEEN 4108586 AND 4108686
	Index Only Scan using k_3 on sbtest3  (cost=0.43..6.47 rows=102 width=4)
	  Index Cond: ((k >= 4108586) AND (k <= 4108686))

table 4 : explain SELECT k FROM sbtest4 WHERE k BETWEEN 4108586 AND 4108686
	Index Only Scan using k_4 on sbtest4  (cost=0.43..6.45 rows=101 width=4)
	  Index Cond: ((k >= 4108586) AND (k <= 4108686))

table 5 : explain SELECT k FROM sbtest5 WHERE k BETWEEN 4108586 AND 4108686
	Index Only Scan using k_5 on sbtest5  (cost=0.43..6.53 rows=105 width=4)
	  Index Cond: ((k >= 4108586) AND (k <= 4108686))

table 6 : explain SELECT k FROM sbtest6 WHERE k BETWEEN 4108586 AND 4108686
	Index Only Scan using k_6 on sbtest6  (cost=0.43..6.50 rows=103 width=4)
	  Index Cond: ((k >= 4108586) AND (k <= 4108686))

table 7 : explain SELECT k FROM sbtest7 WHERE k BETWEEN 4108586 AND 4108686
	Index Only Scan using k_7 on sbtest7  (cost=0.43..6.43 rows=100 width=4)
	  Index Cond: ((k >= 4108586) AND (k <= 4108686))

table 8 : explain SELECT k FROM sbtest8 WHERE k BETWEEN 4108586 AND 4108686
	Index Only Scan using k_8 on sbtest8  (cost=0.43..6.37 rows=97 width=4)
	  Index Cond: ((k >= 4108586) AND (k <= 4108686))

for range-covered
table 1 : explain SELECT k FROM sbtest1 WHERE k BETWEEN 7036366 AND 7036466
	Index Only Scan using k_1 on sbtest1  (cost=0.43..6.47 rows=102 width=4)
	  Index Cond: ((k >= 7036366) AND (k <= 7036466))

table 2 : explain SELECT k FROM sbtest2 WHERE k BETWEEN 7036366 AND 7036466
	Index Only Scan using k_2 on sbtest2  (cost=0.43..6.51 rows=104 width=4)
	  Index Cond: ((k >= 7036366) AND (k <= 7036466))

table 3 : explain SELECT k FROM sbtest3 WHERE k BETWEEN 7036366 AND 7036466
	Index Only Scan using k_3 on sbtest3  (cost=0.43..6.53 rows=105 width=4)
	  Index Cond: ((k >= 7036366) AND (k <= 7036466))

table 4 : explain SELECT k FROM sbtest4 WHERE k BETWEEN 7036366 AND 7036466
	Index Only Scan using k_4 on sbtest4  (cost=0.43..6.53 rows=105 width=4)
	  Index Cond: ((k >= 7036366) AND (k <= 7036466))

table 5 : explain SELECT k FROM sbtest5 WHERE k BETWEEN 7036366 AND 7036466
	Index Only Scan using k_5 on sbtest5  (cost=0.43..6.50 rows=103 width=4)
	  Index Cond: ((k >= 7036366) AND (k <= 7036466))

table 6 : explain SELECT k FROM sbtest6 WHERE k BETWEEN 7036366 AND 7036466
	Index Only Scan using k_6 on sbtest6  (cost=0.43..6.79 rows=118 width=4)
	  Index Cond: ((k >= 7036366) AND (k <= 7036466))

table 7 : explain SELECT k FROM sbtest7 WHERE k BETWEEN 7036366 AND 7036466
	Index Only Scan using k_7 on sbtest7  (cost=0.43..6.58 rows=107 width=4)
	  Index Cond: ((k >= 7036366) AND (k <= 7036466))

table 8 : explain SELECT k FROM sbtest8 WHERE k BETWEEN 7036366 AND 7036466
	Index Only Scan using k_8 on sbtest8  (cost=0.43..6.43 rows=100 width=4)
	  Index Cond: ((k >= 7036366) AND (k <= 7036466))

for range-covered
table 1 : explain SELECT k FROM sbtest1 WHERE k BETWEEN 6740106 AND 6740206
	Index Only Scan using k_1 on sbtest1  (cost=0.43..6.75 rows=116 width=4)
	  Index Cond: ((k >= 6740106) AND (k <= 6740206))

table 2 : explain SELECT k FROM sbtest2 WHERE k BETWEEN 6740106 AND 6740206
	Index Only Scan using k_2 on sbtest2  (cost=0.43..6.63 rows=110 width=4)
	  Index Cond: ((k >= 6740106) AND (k <= 6740206))

table 3 : explain SELECT k FROM sbtest3 WHERE k BETWEEN 6740106 AND 6740206
	Index Only Scan using k_3 on sbtest3  (cost=0.43..6.43 rows=100 width=4)
	  Index Cond: ((k >= 6740106) AND (k <= 6740206))

table 4 : explain SELECT k FROM sbtest4 WHERE k BETWEEN 6740106 AND 6740206
	Index Only Scan using k_4 on sbtest4  (cost=0.43..6.33 rows=95 width=4)
	  Index Cond: ((k >= 6740106) AND (k <= 6740206))

table 5 : explain SELECT k FROM sbtest5 WHERE k BETWEEN 6740106 AND 6740206
	Index Only Scan using k_5 on sbtest5  (cost=0.43..6.45 rows=101 width=4)
	  Index Cond: ((k >= 6740106) AND (k <= 6740206))

table 6 : explain SELECT k FROM sbtest6 WHERE k BETWEEN 6740106 AND 6740206
	Index Only Scan using k_6 on sbtest6  (cost=0.43..6.59 rows=108 width=4)
	  Index Cond: ((k >= 6740106) AND (k <= 6740206))

table 7 : explain SELECT k FROM sbtest7 WHERE k BETWEEN 6740106 AND 6740206
	Index Only Scan using k_7 on sbtest7  (cost=0.43..6.40 rows=98 width=4)
	  Index Cond: ((k >= 6740106) AND (k <= 6740206))

table 8 : explain SELECT k FROM sbtest8 WHERE k BETWEEN 6740106 AND 6740206
	Index Only Scan using k_8 on sbtest8  (cost=0.43..6.47 rows=102 width=4)
	  Index Cond: ((k >= 6740106) AND (k <= 6740206))

for range-covered
table 1 : explain SELECT k FROM sbtest1 WHERE k BETWEEN 1426958 AND 1427058
	Index Only Scan using k_1 on sbtest1  (cost=0.43..6.61 rows=109 width=4)
	  Index Cond: ((k >= 1426958) AND (k <= 1427058))

table 2 : explain SELECT k FROM sbtest2 WHERE k BETWEEN 1426958 AND 1427058
	Index Only Scan using k_2 on sbtest2  (cost=0.43..6.61 rows=109 width=4)
	  Index Cond: ((k >= 1426958) AND (k <= 1427058))

table 3 : explain SELECT k FROM sbtest3 WHERE k BETWEEN 1426958 AND 1427058
	Index Only Scan using k_3 on sbtest3  (cost=0.43..6.47 rows=102 width=4)
	  Index Cond: ((k >= 1426958) AND (k <= 1427058))

table 4 : explain SELECT k FROM sbtest4 WHERE k BETWEEN 1426958 AND 1427058
	Index Only Scan using k_4 on sbtest4  (cost=0.43..6.21 rows=89 width=4)
	  Index Cond: ((k >= 1426958) AND (k <= 1427058))

table 5 : explain SELECT k FROM sbtest5 WHERE k BETWEEN 1426958 AND 1427058
	Index Only Scan using k_5 on sbtest5  (cost=0.43..6.40 rows=98 width=4)
	  Index Cond: ((k >= 1426958) AND (k <= 1427058))

table 6 : explain SELECT k FROM sbtest6 WHERE k BETWEEN 1426958 AND 1427058
	Index Only Scan using k_6 on sbtest6  (cost=0.43..6.35 rows=96 width=4)
	  Index Cond: ((k >= 1426958) AND (k <= 1427058))

table 7 : explain SELECT k FROM sbtest7 WHERE k BETWEEN 1426958 AND 1427058
	Index Only Scan using k_7 on sbtest7  (cost=0.43..6.25 rows=91 width=4)
	  Index Cond: ((k >= 1426958) AND (k <= 1427058))

table 8 : explain SELECT k FROM sbtest8 WHERE k BETWEEN 1426958 AND 1427058
	Index Only Scan using k_8 on sbtest8  (cost=0.43..6.56 rows=106 width=4)
	  Index Cond: ((k >= 1426958) AND (k <= 1427058))

explain: for range-covered :: explain SELECT k FROM sbtest%d WHERE k BETWEEN 7036366 AND 7036466
explain: for range-covered :: explain SELECT k FROM sbtest%d WHERE k BETWEEN 1426958 AND 1427058
explain: for range-covered :: explain SELECT k FROM sbtest%d WHERE k BETWEEN 4108586 AND 4108686
for range-covered
table 1 : explain SELECT k FROM sbtest1 WHERE k BETWEEN 1548057 AND 1548157
	Index Only Scan using k_1 on sbtest1  (cost=0.43..6.56 rows=106 width=4)
	  Index Cond: ((k >= 1548057) AND (k <= 1548157))

table 2 : explain SELECT k FROM sbtest2 WHERE k BETWEEN 1548057 AND 1548157
	Index Only Scan using k_2 on sbtest2  (cost=0.43..6.43 rows=100 width=4)
	  Index Cond: ((k >= 1548057) AND (k <= 1548157))

table 3 : explain SELECT k FROM sbtest3 WHERE k BETWEEN 1548057 AND 1548157
	Index Only Scan using k_3 on sbtest3  (cost=0.43..6.40 rows=98 width=4)
	  Index Cond: ((k >= 1548057) AND (k <= 1548157))

table 4 : explain SELECT k FROM sbtest4 WHERE k BETWEEN 1548057 AND 1548157
	Index Only Scan using k_4 on sbtest4  (cost=0.43..6.37 rows=97 width=4)
	  Index Cond: ((k >= 1548057) AND (k <= 1548157))

table 5 : explain SELECT k FROM sbtest5 WHERE k BETWEEN 1548057 AND 1548157
	Index Only Scan using k_5 on sbtest5  (cost=0.43..6.42 rows=99 width=4)
	  Index Cond: ((k >= 1548057) AND (k <= 1548157))

table 6 : explain SELECT k FROM sbtest6 WHERE k BETWEEN 1548057 AND 1548157
	Index Only Scan using k_6 on sbtest6  (cost=0.43..6.45 rows=101 width=4)
	  Index Cond: ((k >= 1548057) AND (k <= 1548157))

table 7 : explain SELECT k FROM sbtest7 WHERE k BETWEEN 1548057 AND 1548157
	Index Only Scan using k_7 on sbtest7  (cost=0.43..6.40 rows=98 width=4)
	  Index Cond: ((k >= 1548057) AND (k <= 1548157))

table 8 : explain SELECT k FROM sbtest8 WHERE k BETWEEN 1548057 AND 1548157
	Index Only Scan using k_8 on sbtest8  (cost=0.43..6.50 rows=103 width=4)
	  Index Cond: ((k >= 1548057) AND (k <= 1548157))

explain: for range-covered :: explain SELECT k FROM sbtest%d WHERE k BETWEEN 1548057 AND 1548157
for range-covered
table 1 : explain SELECT k FROM sbtest1 WHERE k BETWEEN 5304575 AND 5304675
	Index Only Scan using k_1 on sbtest1  (cost=0.43..6.56 rows=106 width=4)
	  Index Cond: ((k >= 5304575) AND (k <= 5304675))

table 2 : explain SELECT k FROM sbtest2 WHERE k BETWEEN 5304575 AND 5304675
	Index Only Scan using k_2 on sbtest2  (cost=0.43..6.50 rows=103 width=4)
	  Index Cond: ((k >= 5304575) AND (k <= 5304675))

table 3 : explain SELECT k FROM sbtest3 WHERE k BETWEEN 5304575 AND 5304675
	Index Only Scan using k_3 on sbtest3  (cost=0.43..6.47 rows=102 width=4)
	  Index Cond: ((k >= 5304575) AND (k <= 5304675))

table 4 : explain SELECT k FROM sbtest4 WHERE k BETWEEN 5304575 AND 5304675
	Index Only Scan using k_4 on sbtest4  (cost=0.43..6.58 rows=107 width=4)
	  Index Cond: ((k >= 5304575) AND (k <= 5304675))

table 5 : explain SELECT k FROM sbtest5 WHERE k BETWEEN 5304575 AND 5304675
	Index Only Scan using k_5 on sbtest5  (cost=0.43..6.43 rows=100 width=4)
	  Index Cond: ((k >= 5304575) AND (k <= 5304675))

table 6 : explain SELECT k FROM sbtest6 WHERE k BETWEEN 5304575 AND 5304675
	Index Only Scan using k_6 on sbtest6  (cost=0.43..6.56 rows=106 width=4)
	  Index Cond: ((k >= 5304575) AND (k <= 5304675))

table 7 : explain SELECT k FROM sbtest7 WHERE k BETWEEN 5304575 AND 5304675
	Index Only Scan using k_7 on sbtest7  (cost=0.43..6.37 rows=97 width=4)
	  Index Cond: ((k >= 5304575) AND (k <= 5304675))

table 8 : explain SELECT k FROM sbtest8 WHERE k BETWEEN 5304575 AND 5304675
	Index Only Scan using k_8 on sbtest8  (cost=0.43..6.35 rows=96 width=4)
	  Index Cond: ((k >= 5304575) AND (k <= 5304675))

explain: for range-covered :: explain SELECT k FROM sbtest%d WHERE k BETWEEN 5304575 AND 5304675
for range-covered
table 1 : explain SELECT k FROM sbtest1 WHERE k BETWEEN 7109392 AND 7109492
	Index Only Scan using k_1 on sbtest1  (cost=0.43..6.35 rows=96 width=4)
	  Index Cond: ((k >= 7109392) AND (k <= 7109492))

table 2 : explain SELECT k FROM sbtest2 WHERE k BETWEEN 7109392 AND 7109492
	Index Only Scan using k_2 on sbtest2  (cost=0.43..6.69 rows=113 width=4)
	  Index Cond: ((k >= 7109392) AND (k <= 7109492))

table 3 : explain SELECT k FROM sbtest3 WHERE k BETWEEN 7109392 AND 7109492
	Index Only Scan using k_3 on sbtest3  (cost=0.43..6.47 rows=102 width=4)
	  Index Cond: ((k >= 7109392) AND (k <= 7109492))

table 4 : explain SELECT k FROM sbtest4 WHERE k BETWEEN 7109392 AND 7109492
	Index Only Scan using k_4 on sbtest4  (cost=0.43..6.53 rows=105 width=4)
	  Index Cond: ((k >= 7109392) AND (k <= 7109492))

table 5 : explain SELECT k FROM sbtest5 WHERE k BETWEEN 7109392 AND 7109492
	Index Only Scan using k_5 on sbtest5  (cost=0.43..6.56 rows=106 width=4)
	  Index Cond: ((k >= 7109392) AND (k <= 7109492))

table 6 : explain SELECT k FROM sbtest6 WHERE k BETWEEN 7109392 AND 7109492
	Index Only Scan using k_6 on sbtest6  (cost=0.43..6.61 rows=109 width=4)
	  Index Cond: ((k >= 7109392) AND (k <= 7109492))

table 7 : explain SELECT k FROM sbtest7 WHERE k BETWEEN 7109392 AND 7109492
	Index Only Scan using k_7 on sbtest7  (cost=0.43..6.58 rows=107 width=4)
	  Index Cond: ((k >= 7109392) AND (k <= 7109492))

table 8 : explain SELECT k FROM sbtest8 WHERE k BETWEEN 7109392 AND 7109492
	Index Only Scan using k_8 on sbtest8  (cost=0.43..6.43 rows=100 width=4)
	  Index Cond: ((k >= 7109392) AND (k <= 7109492))

for range-covered
table 1 : explain SELECT k FROM sbtest1 WHERE k BETWEEN 4857746 AND 4857846
	Index Only Scan using k_1 on sbtest1  (cost=0.43..6.50 rows=103 width=4)
	  Index Cond: ((k >= 4857746) AND (k <= 4857846))

table 2 : explain SELECT k FROM sbtest2 WHERE k BETWEEN 4857746 AND 4857846
	Index Only Scan using k_2 on sbtest2  (cost=0.43..6.35 rows=96 width=4)
	  Index Cond: ((k >= 4857746) AND (k <= 4857846))

table 3 : explain SELECT k FROM sbtest3 WHERE k BETWEEN 4857746 AND 4857846
	Index Only Scan using k_3 on sbtest3  (cost=0.43..6.42 rows=99 width=4)
	  Index Cond: ((k >= 4857746) AND (k <= 4857846))

table 4 : explain SELECT k FROM sbtest4 WHERE k BETWEEN 4857746 AND 4857846
	Index Only Scan using k_4 on sbtest4  (cost=0.43..6.33 rows=95 width=4)
	  Index Cond: ((k >= 4857746) AND (k <= 4857846))

table 5 : explain SELECT k FROM sbtest5 WHERE k BETWEEN 4857746 AND 4857846
	Index Only Scan using k_5 on sbtest5  (cost=0.43..6.56 rows=106 width=4)
	  Index Cond: ((k >= 4857746) AND (k <= 4857846))

table 6 : explain SELECT k FROM sbtest6 WHERE k BETWEEN 4857746 AND 4857846
	Index Only Scan using k_6 on sbtest6  (cost=0.43..6.63 rows=110 width=4)
	  Index Cond: ((k >= 4857746) AND (k <= 4857846))

table 7 : explain SELECT k FROM sbtest7 WHERE k BETWEEN 4857746 AND 4857846
	Index Only Scan using k_7 on sbtest7  (cost=0.43..6.35 rows=96 width=4)
	  Index Cond: ((k >= 4857746) AND (k <= 4857846))

table 8 : explain SELECT k FROM sbtest8 WHERE k BETWEEN 4857746 AND 4857846
	Index Only Scan using k_8 on sbtest8  (cost=0.43..6.59 rows=108 width=4)
	  Index Cond: ((k >= 4857746) AND (k <= 4857846))

explain: for range-covered :: explain SELECT k FROM sbtest%d WHERE k BETWEEN 7109392 AND 7109492for range-covered
table 1 : explain SELECT k FROM sbtest1 WHERE k BETWEEN 2802341 AND 2802441
	Index Only Scan using k_1 on sbtest1  (cost=0.43..6.35 rows=96 width=4)
	  Index Cond: ((k >= 2802341) AND (k <= 2802441))

table 2 : explain SELECT k FROM sbtest2 WHERE k BETWEEN 2802341 AND 2802441
	Index Only Scan using k_2 on sbtest2  (cost=0.43..6.24 rows=90 width=4)
	  Index Cond: ((k >= 2802341) AND (k <= 2802441))

table 3 : explain SELECT k FROM sbtest3 WHERE k BETWEEN 2802341 AND 2802441
	Index Only Scan using k_3 on sbtest3  (cost=0.43..6.35 rows=96 width=4)
	  Index Cond: ((k >= 2802341) AND (k <= 2802441))

table 4 : explain SELECT k FROM sbtest4 WHERE k BETWEEN 2802341 AND 2802441
	Index Only Scan using k_4 on sbtest4  (cost=0.43..6.51 rows=104 width=4)
	  Index Cond: ((k >= 2802341) AND (k <= 2802441))

table 5 : explain SELECT k FROM sbtest5 WHERE k BETWEEN 2802341 AND 2802441
	Index Only Scan using k_5 on sbtest5  (cost=0.43..6.67 rows=112 width=4)
	  Index Cond: ((k >= 2802341) AND (k <= 2802441))

table 6 : explain SELECT k FROM sbtest6 WHERE k BETWEEN 2802341 AND 2802441
	Index Only Scan using k_6 on sbtest6  (cost=0.43..6.33 rows=95 width=4)
	  Index Cond: ((k >= 2802341) AND (k <= 2802441))

table 7 : explain SELECT k FROM sbtest7 WHERE k BETWEEN 2802341 AND 2802441
	Index Only Scan using k_7 on sbtest7  (cost=0.43..6.51 rows=104 width=4)
	  Index Cond: ((k >= 2802341) AND (k <= 2802441))

table 8 : explain SELECT k FROM sbtest8 WHERE k BETWEEN 2802341 AND 2802441
	Index Only Scan using k_8 on sbtest8  (cost=0.43..6.40 rows=98 width=4)
	  Index Cond: ((k >= 2802341) AND (k <= 2802441))


for range-covered
table 1 : explain SELECT k FROM sbtest1 WHERE k BETWEEN 5236772 AND 5236872
	Index Only Scan using k_1 on sbtest1  (cost=0.43..6.56 rows=106 width=4)
	  Index Cond: ((k >= 5236772) AND (k <= 5236872))

table 2 : explain SELECT k FROM sbtest2 WHERE k BETWEEN 5236772 AND 5236872
	Index Only Scan using k_2 on sbtest2  (cost=0.43..6.50 rows=103 width=4)
	  Index Cond: ((k >= 5236772) AND (k <= 5236872))

table 3 : explain SELECT k FROM sbtest3 WHERE k BETWEEN 5236772 AND 5236872
	Index Only Scan using k_3 on sbtest3  (cost=0.43..6.59 rows=108 width=4)
	  Index Cond: ((k >= 5236772) AND (k <= 5236872))

table 4 : explain SELECT k FROM sbtest4 WHERE k BETWEEN 5236772 AND 5236872
	Index Only Scan using k_4 on sbtest4  (cost=0.43..6.63 rows=110 width=4)
	  Index Cond: ((k >= 5236772) AND (k <= 5236872))

table 5 : explain SELECT k FROM sbtest5 WHERE k BETWEEN 5236772 AND 5236872
	Index Only Scan using k_5 on sbtest5  (cost=0.43..6.50 rows=103 width=4)
	  Index Cond: ((k >= 5236772) AND (k <= 5236872))

table 6 : explain SELECT k FROM sbtest6 WHERE k BETWEEN 5236772 AND 5236872
	Index Only Scan using k_6 on sbtest6  (cost=0.43..6.40 rows=98 width=4)
	  Index Cond: ((k >= 5236772) AND (k <= 5236872))

table 7 : explain SELECT k FROM sbtest7 WHERE k BETWEEN 5236772 AND 5236872
	Index Only Scan using k_7 on sbtest7  (cost=0.43..6.37 rows=97 width=4)
	  Index Cond: ((k >= 5236772) AND (k <= 5236872))

table 8 : explain SELECT k FROM sbtest8 WHERE k BETWEEN 5236772 AND 5236872
	Index Only Scan using k_8 on sbtest8  (cost=0.43..6.35 rows=96 width=4)
	  Index Cond: ((k >= 5236772) AND (k <= 5236872))

explain: for range-covered :: explain SELECT k FROM sbtest%d WHERE k BETWEEN 4857746 AND 4857846
explain: for range-covered :: explain SELECT k FROM sbtest%d WHERE k BETWEEN 2802341 AND 2802441
explain: for range-covered :: explain SELECT k FROM sbtest%d WHERE k BETWEEN 5236772 AND 5236872
for range-covered
table 1 : explain SELECT k FROM sbtest1 WHERE k BETWEEN 4655240 AND 4655340
	Index Only Scan using k_1 on sbtest1  (cost=0.43..6.45 rows=101 width=4)
	  Index Cond: ((k >= 4655240) AND (k <= 4655340))

table 2 : explain SELECT k FROM sbtest2 WHERE k BETWEEN 4655240 AND 4655340
	Index Only Scan using k_2 on sbtest2  (cost=0.43..6.61 rows=109 width=4)
	  Index Cond: ((k >= 4655240) AND (k <= 4655340))

table 3 : explain SELECT k FROM sbtest3 WHERE k BETWEEN 4655240 AND 4655340
	Index Only Scan using k_3 on sbtest3  (cost=0.43..6.40 rows=98 width=4)
	  Index Cond: ((k >= 4655240) AND (k <= 4655340))

table 4 : explain SELECT k FROM sbtest4 WHERE k BETWEEN 4655240 AND 4655340
	Index Only Scan using k_4 on sbtest4  (cost=0.43..6.63 rows=110 width=4)
	  Index Cond: ((k >= 4655240) AND (k <= 4655340))

table 5 : explain SELECT k FROM sbtest5 WHERE k BETWEEN 4655240 AND 4655340
	Index Only Scan using k_5 on sbtest5  (cost=0.43..6.56 rows=106 width=4)
	  Index Cond: ((k >= 4655240) AND (k <= 4655340))

table 6 : explain SELECT k FROM sbtest6 WHERE k BETWEEN 4655240 AND 4655340
	Index Only Scan using k_6 on sbtest6  (cost=0.43..6.50 rows=103 width=4)
	  Index Cond: ((k >= 4655240) AND (k <= 4655340))

table 7 : explain SELECT k FROM sbtest7 WHERE k BETWEEN 4655240 AND 4655340
	Index Only Scan using k_7 on sbtest7  (cost=0.43..6.37 rows=97 width=4)
	  Index Cond: ((k >= 4655240) AND (k <= 4655340))

table 8 : explain SELECT k FROM sbtest8 WHERE k BETWEEN 4655240 AND 4655340
	Index Only Scan using k_8 on sbtest8  (cost=0.43..6.50 rows=103 width=4)
	  Index Cond: ((k >= 4655240) AND (k <= 4655340))

for range-covered
table 1 : explain SELECT k FROM sbtest1 WHERE k BETWEEN 7036366 AND 7036466
	Index Only Scan using k_1 on sbtest1  (cost=0.43..6.47 rows=102 width=4)
	  Index Cond: ((k >= 7036366) AND (k <= 7036466))

table 2 : explain SELECT k FROM sbtest2 WHERE k BETWEEN 7036366 AND 7036466
	Index Only Scan using k_2 on sbtest2  (cost=0.43..6.51 rows=104 width=4)
	  Index Cond: ((k >= 7036366) AND (k <= 7036466))

table 3 : explain SELECT k FROM sbtest3 WHERE k BETWEEN 7036366 AND 7036466
	Index Only Scan using k_3 on sbtest3  (cost=0.43..6.53 rows=105 width=4)
	  Index Cond: ((k >= 7036366) AND (k <= 7036466))

table 4 : explain SELECT k FROM sbtest4 WHERE k BETWEEN 7036366 AND 7036466
	Index Only Scan using k_4 on sbtest4  (cost=0.43..6.53 rows=105 width=4)
	  Index Cond: ((k >= 7036366) AND (k <= 7036466))

table 5 : explain SELECT k FROM sbtest5 WHERE k BETWEEN 7036366 AND 7036466
	Index Only Scan using k_5 on sbtest5  (cost=0.43..6.50 rows=103 width=4)
	  Index Cond: ((k >= 7036366) AND (k <= 7036466))

table 6 : explain SELECT k FROM sbtest6 WHERE k BETWEEN 7036366 AND 7036466
	Index Only Scan using k_6 on sbtest6  (cost=0.43..6.79 rows=118 width=4)
	  Index Cond: ((k >= 7036366) AND (k <= 7036466))

table 7 : explain SELECT k FROM sbtest7 WHERE k BETWEEN 7036366 AND 7036466
	Index Only Scan using k_7 on sbtest7  (cost=0.43..6.58 rows=107 width=4)
	  Index Cond: ((k >= 7036366) AND (k <= 7036466))

table 8 : explain SELECT k FROM sbtest8 WHERE k BETWEEN 7036366 AND 7036466
	Index Only Scan using k_8 on sbtest8  (cost=0.43..6.43 rows=100 width=4)
	  Index Cond: ((k >= 7036366) AND (k <= 7036466))

for range-covered
table 1 : explain SELECT k FROM sbtest1 WHERE k BETWEEN 1426958 AND 1427058
	Index Only Scan using k_1 on sbtest1  (cost=0.43..6.61 rows=109 width=4)
	  Index Cond: ((k >= 1426958) AND (k <= 1427058))

table 2 : explain SELECT k FROM sbtest2 WHERE k BETWEEN 1426958 AND 1427058
	Index Only Scan using k_2 on sbtest2  (cost=0.43..6.61 rows=109 width=4)
	  Index Cond: ((k >= 1426958) AND (k <= 1427058))

table 3 : explain SELECT k FROM sbtest3 WHERE k BETWEEN 1426958 AND 1427058
	Index Only Scan using k_3 on sbtest3  (cost=0.43..6.47 rows=102 width=4)
	  Index Cond: ((k >= 1426958) AND (k <= 1427058))

table 4 : explain SELECT k FROM sbtest4 WHERE k BETWEEN 1426958 AND 1427058
	Index Only Scan using k_4 on sbtest4  (cost=0.43..6.21 rows=89 width=4)
	  Index Cond: ((k >= 1426958) AND (k <= 1427058))

table 5 : explain SELECT k FROM sbtest5 WHERE k BETWEEN 1426958 AND 1427058
	Index Only Scan using k_5 on sbtest5  (cost=0.43..6.40 rows=98 width=4)
	  Index Cond: ((k >= 1426958) AND (k <= 1427058))

table 6 : explain SELECT k FROM sbtest6 WHERE k BETWEEN 1426958 AND 1427058
	Index Only Scan using k_6 on sbtest6  (cost=0.43..6.35 rows=96 width=4)
	  Index Cond: ((k >= 1426958) AND (k <= 1427058))

table 7 : explain SELECT k FROM sbtest7 WHERE k BETWEEN 1426958 AND 1427058
	Index Only Scan using k_7 on sbtest7  (cost=0.43..6.25 rows=91 width=4)
	  Index Cond: ((k >= 1426958) AND (k <= 1427058))

table 8 : explain SELECT k FROM sbtest8 WHERE k BETWEEN 1426958 AND 1427058
	Index Only Scan using k_8 on sbtest8  (cost=0.43..6.56 rows=106 width=4)
	  Index Cond: ((k >= 1426958) AND (k <= 1427058))

explain: for range-covered :: explain SELECT k FROM sbtest%d WHERE k BETWEEN 4655240 AND 4655340
explain: for range-covered :: explain SELECT k FROM sbtest%d WHERE k BETWEEN 7036366 AND 7036466
explain: for range-covered :: explain SELECT k FROM sbtest%d WHERE k BETWEEN 1426958 AND 1427058
for range-covered
table 1 : explain SELECT k FROM sbtest1 WHERE k BETWEEN 5304575 AND 5304675
	Index Only Scan using k_1 on sbtest1  (cost=0.43..6.56 rows=106 width=4)
	  Index Cond: ((k >= 5304575) AND (k <= 5304675))

table 2 : explain SELECT k FROM sbtest2 WHERE k BETWEEN 5304575 AND 5304675
	Index Only Scan using k_2 on sbtest2  (cost=0.43..6.50 rows=103 width=4)
	  Index Cond: ((k >= 5304575) AND (k <= 5304675))

table 3 : explain SELECT k FROM sbtest3 WHERE k BETWEEN 5304575 AND 5304675
	Index Only Scan using k_3 on sbtest3  (cost=0.43..6.47 rows=102 width=4)
	  Index Cond: ((k >= 5304575) AND (k <= 5304675))

table 4 : explain SELECT k FROM sbtest4 WHERE k BETWEEN 5304575 AND 5304675
	Index Only Scan using k_4 on sbtest4  (cost=0.43..6.58 rows=107 width=4)
	  Index Cond: ((k >= 5304575) AND (k <= 5304675))

table 5 : explain SELECT k FROM sbtest5 WHERE k BETWEEN 5304575 AND 5304675
	Index Only Scan using k_5 on sbtest5  (cost=0.43..6.43 rows=100 width=4)
	  Index Cond: ((k >= 5304575) AND (k <= 5304675))

table 6 : explain SELECT k FROM sbtest6 WHERE k BETWEEN 5304575 AND 5304675
	Index Only Scan using k_6 on sbtest6  (cost=0.43..6.56 rows=106 width=4)
	  Index Cond: ((k >= 5304575) AND (k <= 5304675))

table 7 : explain SELECT k FROM sbtest7 WHERE k BETWEEN 5304575 AND 5304675
	Index Only Scan using k_7 on sbtest7  (cost=0.43..6.37 rows=97 width=4)
	  Index Cond: ((k >= 5304575) AND (k <= 5304675))

table 8 : explain SELECT k FROM sbtest8 WHERE k BETWEEN 5304575 AND 5304675
	Index Only Scan using k_8 on sbtest8  (cost=0.43..6.35 rows=96 width=4)
	  Index Cond: ((k >= 5304575) AND (k <= 5304675))

explain: for range-covered :: explain SELECT k FROM sbtest%d WHERE k BETWEEN 5304575 AND 5304675
for range-covered
table 1 : explain SELECT k FROM sbtest1 WHERE k BETWEEN 4108586 AND 4108686
	Index Only Scan using k_1 on sbtest1  (cost=0.43..6.63 rows=110 width=4)
	  Index Cond: ((k >= 4108586) AND (k <= 4108686))

table 2 : explain SELECT k FROM sbtest2 WHERE k BETWEEN 4108586 AND 4108686
	Index Only Scan using k_2 on sbtest2  (cost=0.43..6.47 rows=102 width=4)
	  Index Cond: ((k >= 4108586) AND (k <= 4108686))

table 3 : explain SELECT k FROM sbtest3 WHERE k BETWEEN 4108586 AND 4108686
	Index Only Scan using k_3 on sbtest3  (cost=0.43..6.47 rows=102 width=4)
	  Index Cond: ((k >= 4108586) AND (k <= 4108686))

table 4 : explain SELECT k FROM sbtest4 WHERE k BETWEEN 4108586 AND 4108686
	Index Only Scan using k_4 on sbtest4  (cost=0.43..6.45 rows=101 width=4)
	  Index Cond: ((k >= 4108586) AND (k <= 4108686))

table 5 : explain SELECT k FROM sbtest5 WHERE k BETWEEN 4108586 AND 4108686
	Index Only Scan using k_5 on sbtest5  (cost=0.43..6.53 rows=105 width=4)
	  Index Cond: ((k >= 4108586) AND (k <= 4108686))

table 6 : explain SELECT k FROM sbtest6 WHERE k BETWEEN 4108586 AND 4108686
	Index Only Scan using k_6 on sbtest6  (cost=0.43..6.50 rows=103 width=4)
	  Index Cond: ((k >= 4108586) AND (k <= 4108686))

table 7 : explain SELECT k FROM sbtest7 WHERE k BETWEEN 4108586 AND 4108686
	Index Only Scan using k_7 on sbtest7  (cost=0.43..6.43 rows=100 width=4)
	  Index Cond: ((k >= 4108586) AND (k <= 4108686))

table 8 : explain SELECT k FROM sbtest8 WHERE k BETWEEN 4108586 AND 4108686
	Index Only Scan using k_8 on sbtest8  (cost=0.43..6.37 rows=97 width=4)
	  Index Cond: ((k >= 4108586) AND (k <= 4108686))

for range-covered
table 1 : explain SELECT k FROM sbtest1 WHERE k BETWEEN 4857746 AND 4857846
	Index Only Scan using k_1 on sbtest1  (cost=0.43..6.50 rows=103 width=4)
	  Index Cond: ((k >= 4857746) AND (k <= 4857846))

table 2 : explain SELECT k FROM sbtest2 WHERE k BETWEEN 4857746 AND 4857846
	Index Only Scan using k_2 on sbtest2  (cost=0.43..6.35 rows=96 width=4)
	  Index Cond: ((k >= 4857746) AND (k <= 4857846))

table 3 : explain SELECT k FROM sbtest3 WHERE k BETWEEN 4857746 AND 4857846
	Index Only Scan using k_3 on sbtest3  (cost=0.43..6.42 rows=99 width=4)
	  Index Cond: ((k >= 4857746) AND (k <= 4857846))

table 4 : explain SELECT k FROM sbtest4 WHERE k BETWEEN 4857746 AND 4857846
	Index Only Scan using k_4 on sbtest4  (cost=0.43..6.33 rows=95 width=4)
	  Index Cond: ((k >= 4857746) AND (k <= 4857846))

table 5 : explain SELECT k FROM sbtest5 WHERE k BETWEEN 4857746 AND 4857846
	Index Only Scan using k_5 on sbtest5  (cost=0.43..6.56 rows=106 width=4)
	  Index Cond: ((k >= 4857746) AND (k <= 4857846))

table 6 : explain SELECT k FROM sbtest6 WHERE k BETWEEN 4857746 AND 4857846
	Index Only Scan using k_6 on sbtest6  (cost=0.43..6.63 rows=110 width=4)
	  Index Cond: ((k >= 4857746) AND (k <= 4857846))

table 7 : explain SELECT k FROM sbtest7 WHERE k BETWEEN 4857746 AND 4857846
	Index Only Scan using k_7 on sbtest7  (cost=0.43..6.35 rows=96 width=4)
	  Index Cond: ((k >= 4857746) AND (k <= 4857846))

table 8 : explain SELECT k FROM sbtest8 WHERE k BETWEEN 4857746 AND 4857846
	Index Only Scan using k_8 on sbtest8  (cost=0.43..6.59 rows=108 width=4)
	  Index Cond: ((k >= 4857746) AND (k <= 4857846))

for range-covered
table 1 : explain SELECT k FROM sbtest1 WHERE k BETWEEN 2802341 AND 2802441
	Index Only Scan using k_1 on sbtest1  (cost=0.43..6.35 rows=96 width=4)
	  Index Cond: ((k >= 2802341) AND (k <= 2802441))

table 2 : explain SELECT k FROM sbtest2 WHERE k BETWEEN 2802341 AND 2802441
	Index Only Scan using k_2 on sbtest2  (cost=0.43..6.24 rows=90 width=4)
	  Index Cond: ((k >= 2802341) AND (k <= 2802441))

table 3 : explain SELECT k FROM sbtest3 WHERE k BETWEEN 2802341 AND 2802441
	Index Only Scan using k_3 on sbtest3  (cost=0.43..6.35 rows=96 width=4)
	  Index Cond: ((k >= 2802341) AND (k <= 2802441))

table 4 : explain SELECT k FROM sbtest4 WHERE k BETWEEN 2802341 AND 2802441
	Index Only Scan using k_4 on sbtest4  (cost=0.43..6.51 rows=104 width=4)
	  Index Cond: ((k >= 2802341) AND (k <= 2802441))

table 5 : explain SELECT k FROM sbtest5 WHERE k BETWEEN 2802341 AND 2802441
	Index Only Scan using k_5 on sbtest5  (cost=0.43..6.67 rows=112 width=4)
	  Index Cond: ((k >= 2802341) AND (k <= 2802441))

table 6 : explain SELECT k FROM sbtest6 WHERE k BETWEEN 2802341 AND 2802441
	Index Only Scan using k_6 on sbtest6  (cost=0.43..6.33 rows=95 width=4)
	  Index Cond: ((k >= 2802341) AND (k <= 2802441))

table 7 : explain SELECT k FROM sbtest7 WHERE k BETWEEN 2802341 AND 2802441
	Index Only Scan using k_7 on sbtest7  (cost=0.43..6.51 rows=104 width=4)
	  Index Cond: ((k >= 2802341) AND (k <= 2802441))

table 8 : explain SELECT k FROM sbtest8 WHERE k BETWEEN 2802341 AND 2802441
	Index Only Scan using k_8 on sbtest8  (cost=0.43..6.40 rows=98 width=4)
	  Index Cond: ((k >= 2802341) AND (k <= 2802441))

for range-covered
table 1 : explain SELECT k FROM sbtest1 WHERE k BETWEEN 7109392 AND 7109492
	Index Only Scan using k_1 on sbtest1  (cost=0.43..6.35 rows=96 width=4)
	  Index Cond: ((k >= 7109392) AND (k <= 7109492))

table 2 : explain SELECT k FROM sbtest2 WHERE k BETWEEN 7109392 AND 7109492
	Index Only Scan using k_2 on sbtest2  (cost=0.43..6.69 rows=113 width=4)
	  Index Cond: ((k >= 7109392) AND (k <= 7109492))

table 3 : explain SELECT k FROM sbtest3 WHERE k BETWEEN 7109392 AND 7109492
	Index Only Scan using k_3 on sbtest3  (cost=0.43..6.47 rows=102 width=4)
	  Index Cond: ((k >= 7109392) AND (k <= 7109492))

table 4 : explain SELECT k FROM sbtest4 WHERE k BETWEEN 7109392 AND 7109492
	Index Only Scan using k_4 on sbtest4  (cost=0.43..6.53 rows=105 width=4)
	  Index Cond: ((k >= 7109392) AND (k <= 7109492))

table 5 : explain SELECT k FROM sbtest5 WHERE k BETWEEN 7109392 AND 7109492
	Index Only Scan using k_5 on sbtest5  (cost=0.43..6.56 rows=106 width=4)
	  Index Cond: ((k >= 7109392) AND (k <= 7109492))

table 6 : explain SELECT k FROM sbtest6 WHERE k BETWEEN 7109392 AND 7109492
	Index Only Scan using k_6 on sbtest6  (cost=0.43..6.61 rows=109 width=4)
	  Index Cond: ((k >= 7109392) AND (k <= 7109492))

table 7 : explain SELECT k FROM sbtest7 WHERE k BETWEEN 7109392 AND 7109492
	Index Only Scan using k_7 on sbtest7  (cost=0.43..6.58 rows=107 width=4)
	  Index Cond: ((k >= 7109392) AND (k <= 7109492))

table 8 : explain SELECT k FROM sbtest8 WHERE k BETWEEN 7109392 AND 7109492
	Index Only Scan using k_8 on sbtest8  (cost=0.43..6.43 rows=100 width=4)
	  Index Cond: ((k >= 7109392) AND (k <= 7109492))

explain: for range-covered :: explain SELECT k FROM sbtest%d WHERE k BETWEEN 4857746 AND 4857846
explain: for range-covered :: explain SELECT k FROM sbtest%d WHERE k BETWEEN 4108586 AND 4108686
explain: for range-covered :: explain SELECT k FROM sbtest%d WHERE k BETWEEN 2802341 AND 2802441
explain: for range-covered :: explain SELECT k FROM sbtest%d WHERE k BETWEEN 7109392 AND 7109492
for range-covered
table 1 : explain SELECT k FROM sbtest1 WHERE k BETWEEN 5236772 AND 5236872
	Index Only Scan using k_1 on sbtest1  (cost=0.43..6.56 rows=106 width=4)
	  Index Cond: ((k >= 5236772) AND (k <= 5236872))

table 2 : explain SELECT k FROM sbtest2 WHERE k BETWEEN 5236772 AND 5236872
	Index Only Scan using k_2 on sbtest2  (cost=0.43..6.50 rows=103 width=4)
	  Index Cond: ((k >= 5236772) AND (k <= 5236872))

table 3 : explain SELECT k FROM sbtest3 WHERE k BETWEEN 5236772 AND 5236872
	Index Only Scan using k_3 on sbtest3  (cost=0.43..6.59 rows=108 width=4)
	  Index Cond: ((k >= 5236772) AND (k <= 5236872))

table 4 : explain SELECT k FROM sbtest4 WHERE k BETWEEN 5236772 AND 5236872
	Index Only Scan using k_4 on sbtest4  (cost=0.43..6.63 rows=110 width=4)
	  Index Cond: ((k >= 5236772) AND (k <= 5236872))

table 5 : explain SELECT k FROM sbtest5 WHERE k BETWEEN 5236772 AND 5236872
	Index Only Scan using k_5 on sbtest5  (cost=0.43..6.50 rows=103 width=4)
	  Index Cond: ((k >= 5236772) AND (k <= 5236872))

table 6 : explain SELECT k FROM sbtest6 WHERE k BETWEEN 5236772 AND 5236872
	Index Only Scan using k_6 on sbtest6  (cost=0.43..6.40 rows=98 width=4)
	  Index Cond: ((k >= 5236772) AND (k <= 5236872))

table 7 : explain SELECT k FROM sbtest7 WHERE k BETWEEN 5236772 AND 5236872
	Index Only Scan using k_7 on sbtest7  (cost=0.43..6.37 rows=97 width=4)
	  Index Cond: ((k >= 5236772) AND (k <= 5236872))

table 8 : explain SELECT k FROM sbtest8 WHERE k BETWEEN 5236772 AND 5236872
	Index Only Scan using k_8 on sbtest8  (cost=0.43..6.35 rows=96 width=4)
	  Index Cond: ((k >= 5236772) AND (k <= 5236872))

for range-covered
table 1 : explain SELECT k FROM sbtest1 WHERE k BETWEEN 1426958 AND 1427058
	Index Only Scan using k_1 on sbtest1  (cost=0.43..6.61 rows=109 width=4)
	  Index Cond: ((k >= 1426958) AND (k <= 1427058))

table 2 : explain SELECT k FROM sbtest2 WHERE k BETWEEN 1426958 AND 1427058
	Index Only Scan using k_2 on sbtest2  (cost=0.43..6.61 rows=109 width=4)
	  Index Cond: ((k >= 1426958) AND (k <= 1427058))

table 3 : explain SELECT k FROM sbtest3 WHERE k BETWEEN 1426958 AND 1427058
	Index Only Scan using k_3 on sbtest3  (cost=0.43..6.47 rows=102 width=4)
	  Index Cond: ((k >= 1426958) AND (k <= 1427058))

table 4 : explain SELECT k FROM sbtest4 WHERE k BETWEEN 1426958 AND 1427058
	Index Only Scan using k_4 on sbtest4  (cost=0.43..6.21 rows=89 width=4)
	  Index Cond: ((k >= 1426958) AND (k <= 1427058))

table 5 : explain SELECT k FROM sbtest5 WHERE k BETWEEN 1426958 AND 1427058
	Index Only Scan using k_5 on sbtest5  (cost=0.43..6.40 rows=98 width=4)
	  Index Cond: ((k >= 1426958) AND (k <= 1427058))

table 6 : explain SELECT k FROM sbtest6 WHERE k BETWEEN 1426958 AND 1427058
	Index Only Scan using k_6 on sbtest6  (cost=0.43..6.35 rows=96 width=4)
	  Index Cond: ((k >= 1426958) AND (k <= 1427058))

table 7 : explain SELECT k FROM sbtest7 WHERE k BETWEEN 1426958 AND 1427058
	Index Only Scan using k_7 on sbtest7  (cost=0.43..6.25 rows=91 width=4)
	  Index Cond: ((k >= 1426958) AND (k <= 1427058))

table 8 : explain SELECT k FROM sbtest8 WHERE k BETWEEN 1426958 AND 1427058
	Index Only Scan using k_8 on sbtest8  (cost=0.43..6.56 rows=106 width=4)
	  Index Cond: ((k >= 1426958) AND (k <= 1427058))

for range-covered
table 1 : explain SELECT k FROM sbtest1 WHERE k BETWEEN 7036366 AND 7036466
	Index Only Scan using k_1 on sbtest1  (cost=0.43..6.47 rows=102 width=4)
	  Index Cond: ((k >= 7036366) AND (k <= 7036466))

table 2 : explain SELECT k FROM sbtest2 WHERE k BETWEEN 7036366 AND 7036466
	Index Only Scan using k_2 on sbtest2  (cost=0.43..6.51 rows=104 width=4)
	  Index Cond: ((k >= 7036366) AND (k <= 7036466))

table 3 : explain SELECT k FROM sbtest3 WHERE k BETWEEN 7036366 AND 7036466
	Index Only Scan using k_3 on sbtest3  (cost=0.43..6.53 rows=105 width=4)
	  Index Cond: ((k >= 7036366) AND (k <= 7036466))

table 4 : explain SELECT k FROM sbtest4 WHERE k BETWEEN 7036366 AND 7036466
	Index Only Scan using k_4 on sbtest4  (cost=0.43..6.53 rows=105 width=4)
	  Index Cond: ((k >= 7036366) AND (k <= 7036466))

table 5 : explain SELECT k FROM sbtest5 WHERE k BETWEEN 7036366 AND 7036466
	Index Only Scan using k_5 on sbtest5  (cost=0.43..6.50 rows=103 width=4)
	  Index Cond: ((k >= 7036366) AND (k <= 7036466))

table 6 : explain SELECT k FROM sbtest6 WHERE k BETWEEN 7036366 AND 7036466
	Index Only Scan using k_6 on sbtest6  (cost=0.43..6.79 rows=118 width=4)
	  Index Cond: ((k >= 7036366) AND (k <= 7036466))

table 7 : explain SELECT k FROM sbtest7 WHERE k BETWEEN 7036366 AND 7036466
	Index Only Scan using k_7 on sbtest7  (cost=0.43..6.58 rows=107 width=4)
	  Index Cond: ((k >= 7036366) AND (k <= 7036466))

table 8 : explain SELECT k FROM sbtest8 WHERE k BETWEEN 7036366 AND 7036466
	Index Only Scan using k_8 on sbtest8  (cost=0.43..6.43 rows=100 width=4)
	  Index Cond: ((k >= 7036366) AND (k <= 7036466))

explain: for range-covered :: explain SELECT k FROM sbtest%d WHERE k BETWEEN 1426958 AND 1427058
for range-covered
table 1 : explain SELECT k FROM sbtest1 WHERE k BETWEEN 5304575 AND 5304675
	Index Only Scan using k_1 on sbtest1  (cost=0.43..6.56 rows=106 width=4)
	  Index Cond: ((k >= 5304575) AND (k <= 5304675))

table 2 : explain SELECT k FROM sbtest2 WHERE k BETWEEN 5304575 AND 5304675
	Index Only Scan using k_2 on sbtest2  (cost=0.43..6.50 rows=103 width=4)
	  Index Cond: ((k >= 5304575) AND (k <= 5304675))

table 3 : explain SELECT k FROM sbtest3 WHERE k BETWEEN 5304575 AND 5304675
	Index Only Scan using k_3 on sbtest3  (cost=0.43..6.47 rows=102 width=4)
	  Index Cond: ((k >= 5304575) AND (k <= 5304675))

table 4 : explain SELECT k FROM sbtest4 WHERE k BETWEEN 5304575 AND 5304675
	Index Only Scan using k_4 on sbtest4  (cost=0.43..6.58 rows=107 width=4)
	  Index Cond: ((k >= 5304575) AND (k <= 5304675))

table 5 : explain SELECT k FROM sbtest5 WHERE k BETWEEN 5304575 AND 5304675
	Index Only Scan using k_5 on sbtest5  (cost=0.43..6.43 rows=100 width=4)
	  Index Cond: ((k >= 5304575) AND (k <= 5304675))

table 6 : explain SELECT k FROM sbtest6 WHERE k BETWEEN 5304575 AND 5304675
	Index Only Scan using k_6 on sbtest6  (cost=0.43..6.56 rows=106 width=4)
	  Index Cond: ((k >= 5304575) AND (k <= 5304675))

table 7 : explain SELECT k FROM sbtest7 WHERE k BETWEEN 5304575 AND 5304675
	Index Only Scan using k_7 on sbtest7  (cost=0.43..6.37 rows=97 width=4)
	  Index Cond: ((k >= 5304575) AND (k <= 5304675))

table 8 : explain SELECT k FROM sbtest8 WHERE k BETWEEN 5304575 AND 5304675
	Index Only Scan using k_8 on sbtest8  (cost=0.43..6.35 rows=96 width=4)
	  Index Cond: ((k >= 5304575) AND (k <= 5304675))

for range-covered
table 1 : explain SELECT k FROM sbtest1 WHERE k BETWEEN 1548057 AND 1548157
	Index Only Scan using k_1 on sbtest1  (cost=0.43..6.56 rows=106 width=4)
	  Index Cond: ((k >= 1548057) AND (k <= 1548157))

table 2 : explain SELECT k FROM sbtest2 WHERE k BETWEEN 1548057 AND 1548157
	Index Only Scan using k_2 on sbtest2  (cost=0.43..6.43 rows=100 width=4)
	  Index Cond: ((k >= 1548057) AND (k <= 1548157))

table 3 : explain SELECT k FROM sbtest3 WHERE k BETWEEN 1548057 AND 1548157
	Index Only Scan using k_3 on sbtest3  (cost=0.43..6.40 rows=98 width=4)
	  Index Cond: ((k >= 1548057) AND (k <= 1548157))

table 4 : explain SELECT k FROM sbtest4 WHERE k BETWEEN 1548057 AND 1548157
	Index Only Scan using k_4 on sbtest4  (cost=0.43..6.37 rows=97 width=4)
	  Index Cond: ((k >= 1548057) AND (k <= 1548157))

table 5 : explain SELECT k FROM sbtest5 WHERE k BETWEEN 1548057 AND 1548157
	Index Only Scan using k_5 on sbtest5  (cost=0.43..6.42 rows=99 width=4)
	  Index Cond: ((k >= 1548057) AND (k <= 1548157))

table 6 : explain SELECT k FROM sbtest6 WHERE k BETWEEN 1548057 AND 1548157
	Index Only Scan using k_6 on sbtest6  (cost=0.43..6.45 rows=101 width=4)
	  Index Cond: ((k >= 1548057) AND (k <= 1548157))

table 7 : explain SELECT k FROM sbtest7 WHERE k BETWEEN 1548057 AND 1548157
	Index Only Scan using k_7 on sbtest7  (cost=0.43..6.40 rows=98 width=4)
	  Index Cond: ((k >= 1548057) AND (k <= 1548157))

table 8 : explain SELECT k FROM sbtest8 WHERE k BETWEEN 1548057 AND 1548157
	Index Only Scan using k_8 on sbtest8  (cost=0.43..6.50 rows=103 width=4)
	  Index Cond: ((k >= 1548057) AND (k <= 1548157))

explain: for range-covered :: explain SELECT k FROM sbtest%d WHERE k BETWEEN 5304575 AND 5304675
explain: for range-covered :: explain SELECT k FROM sbtest%d WHERE k BETWEEN 1548057 AND 1548157
for range-covered
table 1 : explain SELECT k FROM sbtest1 WHERE k BETWEEN 4857746 AND 4857846
	Index Only Scan using k_1 on sbtest1  (cost=0.43..6.50 rows=103 width=4)
	  Index Cond: ((k >= 4857746) AND (k <= 4857846))

table 2 : explain SELECT k FROM sbtest2 WHERE k BETWEEN 4857746 AND 4857846
	Index Only Scan using k_2 on sbtest2  (cost=0.43..6.35 rows=96 width=4)
	  Index Cond: ((k >= 4857746) AND (k <= 4857846))

table 3 : explain SELECT k FROM sbtest3 WHERE k BETWEEN 4857746 AND 4857846
	Index Only Scan using k_3 on sbtest3  (cost=0.43..6.42 rows=99 width=4)
	  Index Cond: ((k >= 4857746) AND (k <= 4857846))

table 4 : explain SELECT k FROM sbtest4 WHERE k BETWEEN 4857746 AND 4857846
	Index Only Scan using k_4 on sbtest4  (cost=0.43..6.33 rows=95 width=4)
	  Index Cond: ((k >= 4857746) AND (k <= 4857846))

table 5 : explain SELECT k FROM sbtest5 WHERE k BETWEEN 4857746 AND 4857846
	Index Only Scan using k_5 on sbtest5  (cost=0.43..6.56 rows=106 width=4)
	  Index Cond: ((k >= 4857746) AND (k <= 4857846))

table 6 : explain SELECT k FROM sbtest6 WHERE k BETWEEN 4857746 AND 4857846
	Index Only Scan using k_6 on sbtest6  (cost=0.43..6.63 rows=110 width=4)
	  Index Cond: ((k >= 4857746) AND (k <= 4857846))

table 7 : explain SELECT k FROM sbtest7 WHERE k BETWEEN 4857746 AND 4857846
	Index Only Scan using k_7 on sbtest7  (cost=0.43..6.35 rows=96 width=4)
	  Index Cond: ((k >= 4857746) AND (k <= 4857846))

table 8 : explain SELECT k FROM sbtest8 WHERE k BETWEEN 4857746 AND 4857846
	Index Only Scan using k_8 on sbtest8  (cost=0.43..6.59 rows=108 width=4)
	  Index Cond: ((k >= 4857746) AND (k <= 4857846))

for range-covered
table 1 : explain SELECT k FROM sbtest1 WHERE k BETWEEN 2802341 AND 2802441
	Index Only Scan using k_1 on sbtest1  (cost=0.43..6.35 rows=96 width=4)
	  Index Cond: ((k >= 2802341) AND (k <= 2802441))

table 2 : explain SELECT k FROM sbtest2 WHERE k BETWEEN 2802341 AND 2802441
	Index Only Scan using k_2 on sbtest2  (cost=0.43..6.24 rows=90 width=4)
	  Index Cond: ((k >= 2802341) AND (k <= 2802441))

table 3 : explain SELECT k FROM sbtest3 WHERE k BETWEEN 2802341 AND 2802441
	Index Only Scan using k_3 on sbtest3  (cost=0.43..6.35 rows=96 width=4)
	  Index Cond: ((k >= 2802341) AND (k <= 2802441))

table 4 : explain SELECT k FROM sbtest4 WHERE k BETWEEN 2802341 AND 2802441
	Index Only Scan using k_4 on sbtest4  (cost=0.43..6.51 rows=104 width=4)
	  Index Cond: ((k >= 2802341) AND (k <= 2802441))

table 5 : explain SELECT k FROM sbtest5 WHERE k BETWEEN 2802341 AND 2802441
	Index Only Scan using k_5 on sbtest5  (cost=0.43..6.67 rows=112 width=4)
	  Index Cond: ((k >= 2802341) AND (k <= 2802441))

table 6 : explain SELECT k FROM sbtest6 WHERE k BETWEEN 2802341 AND 2802441
	Index Only Scan using k_6 on sbtest6  (cost=0.43..6.33 rows=95 width=4)
	  Index Cond: ((k >= 2802341) AND (k <= 2802441))

table 7 : explain SELECT k FROM sbtest7 WHERE k BETWEEN 2802341 AND 2802441
	Index Only Scan using k_7 on sbtest7  (cost=0.43..6.51 rows=104 width=4)
	  Index Cond: ((k >= 2802341) AND (k <= 2802441))

table 8 : explain SELECT k FROM sbtest8 WHERE k BETWEEN 2802341 AND 2802441
	Index Only Scan using k_8 on sbtest8  (cost=0.43..6.40 rows=98 width=4)
	  Index Cond: ((k >= 2802341) AND (k <= 2802441))

for range-covered
table 1 : explain SELECT k FROM sbtest1 WHERE k BETWEEN 7109392 AND 7109492
	Index Only Scan using k_1 on sbtest1  (cost=0.43..6.35 rows=96 width=4)
	  Index Cond: ((k >= 7109392) AND (k <= 7109492))

table 2 : explain SELECT k FROM sbtest2 WHERE k BETWEEN 7109392 AND 7109492
	Index Only Scan using k_2 on sbtest2  (cost=0.43..6.69 rows=113 width=4)
	  Index Cond: ((k >= 7109392) AND (k <= 7109492))

table 3 : explain SELECT k FROM sbtest3 WHERE k BETWEEN 7109392 AND 7109492
	Index Only Scan using k_3 on sbtest3  (cost=0.43..6.47 rows=102 width=4)
	  Index Cond: ((k >= 7109392) AND (k <= 7109492))

table 4 : explain SELECT k FROM sbtest4 WHERE k BETWEEN 7109392 AND 7109492
	Index Only Scan using k_4 on sbtest4  (cost=0.43..6.53 rows=105 width=4)
	  Index Cond: ((k >= 7109392) AND (k <= 7109492))

table 5 : explain SELECT k FROM sbtest5 WHERE k BETWEEN 7109392 AND 7109492
	Index Only Scan using k_5 on sbtest5  (cost=0.43..6.56 rows=106 width=4)
	  Index Cond: ((k >= 7109392) AND (k <= 7109492))

table 6 : explain SELECT k FROM sbtest6 WHERE k BETWEEN 7109392 AND 7109492
	Index Only Scan using k_6 on sbtest6  (cost=0.43..6.61 rows=109 width=4)
	  Index Cond: ((k >= 7109392) AND (k <= 7109492))

table 7 : explain SELECT k FROM sbtest7 WHERE k BETWEEN 7109392 AND 7109492
	Index Only Scan using k_7 on sbtest7  (cost=0.43..6.58 rows=107 width=4)
	  Index Cond: ((k >= 7109392) AND (k <= 7109492))

table 8 : explain SELECT k FROM sbtest8 WHERE k BETWEEN 7109392 AND 7109492
	Index Only Scan using k_8 on sbtest8  (cost=0.43..6.43 rows=100 width=4)
	  Index Cond: ((k >= 7109392) AND (k <= 7109492))

explain: for range-covered :: explain SELECT k FROM sbtest%d WHERE k BETWEEN 4857746 AND 4857846
explain: for range-covered :: explain SELECT k FROM sbtest%d WHERE k BETWEEN 2802341 AND 2802441
explain: for range-covered :: explain SELECT k FROM sbtest%d WHERE k BETWEEN 7109392 AND 7109492
for range-covered
table 1 : explain SELECT k FROM sbtest1 WHERE k BETWEEN 4108586 AND 4108686
	Index Only Scan using k_1 on sbtest1  (cost=0.43..6.63 rows=110 width=4)
	  Index Cond: ((k >= 4108586) AND (k <= 4108686))

table 2 : explain SELECT k FROM sbtest2 WHERE k BETWEEN 4108586 AND 4108686
	Index Only Scan using k_2 on sbtest2  (cost=0.43..6.47 rows=102 width=4)
	  Index Cond: ((k >= 4108586) AND (k <= 4108686))

table 3 : explain SELECT k FROM sbtest3 WHERE k BETWEEN 4108586 AND 4108686
	Index Only Scan using k_3 on sbtest3  (cost=0.43..6.47 rows=102 width=4)
	  Index Cond: ((k >= 4108586) AND (k <= 4108686))

table 4 : explain SELECT k FROM sbtest4 WHERE k BETWEEN 4108586 AND 4108686
	Index Only Scan using k_4 on sbtest4  (cost=0.43..6.45 rows=101 width=4)
	  Index Cond: ((k >= 4108586) AND (k <= 4108686))

table 5 : explain SELECT k FROM sbtest5 WHERE k BETWEEN 4108586 AND 4108686
	Index Only Scan using k_5 on sbtest5  (cost=0.43..6.53 rows=105 width=4)
	  Index Cond: ((k >= 4108586) AND (k <= 4108686))

table 6 : explain SELECT k FROM sbtest6 WHERE k BETWEEN 4108586 AND 4108686
	Index Only Scan using k_6 on sbtest6  (cost=0.43..6.50 rows=103 width=4)
	  Index Cond: ((k >= 4108586) AND (k <= 4108686))

table 7 : explain SELECT k FROM sbtest7 WHERE k BETWEEN 4108586 AND 4108686
	Index Only Scan using k_7 on sbtest7  (cost=0.43..6.43 rows=100 width=4)
	  Index Cond: ((k >= 4108586) AND (k <= 4108686))

table 8 : explain SELECT k FROM sbtest8 WHERE k BETWEEN 4108586 AND 4108686
	Index Only Scan using k_8 on sbtest8  (cost=0.43..6.37 rows=97 width=4)
	  Index Cond: ((k >= 4108586) AND (k <= 4108686))

for range-covered
table 1 : explain SELECT k FROM sbtest1 WHERE k BETWEEN 1426958 AND 1427058
	Index Only Scan using k_1 on sbtest1  (cost=0.43..6.61 rows=109 width=4)
	  Index Cond: ((k >= 1426958) AND (k <= 1427058))

table 2 : explain SELECT k FROM sbtest2 WHERE k BETWEEN 1426958 AND 1427058
	Index Only Scan using k_2 on sbtest2  (cost=0.43..6.61 rows=109 width=4)
	  Index Cond: ((k >= 1426958) AND (k <= 1427058))

table 3 : explain SELECT k FROM sbtest3 WHERE k BETWEEN 1426958 AND 1427058
	Index Only Scan using k_3 on sbtest3  (cost=0.43..6.47 rows=102 width=4)
	  Index Cond: ((k >= 1426958) AND (k <= 1427058))

table 4 : explain SELECT k FROM sbtest4 WHERE k BETWEEN 1426958 AND 1427058
	Index Only Scan using k_4 on sbtest4  (cost=0.43..6.21 rows=89 width=4)
	  Index Cond: ((k >= 1426958) AND (k <= 1427058))

table 5 : explain SELECT k FROM sbtest5 WHERE k BETWEEN 1426958 AND 1427058
	Index Only Scan using k_5 on sbtest5  (cost=0.43..6.40 rows=98 width=4)
	  Index Cond: ((k >= 1426958) AND (k <= 1427058))

table 6 : explain SELECT k FROM sbtest6 WHERE k BETWEEN 1426958 AND 1427058
	Index Only Scan using k_6 on sbtest6  (cost=0.43..6.35 rows=96 width=4)
	  Index Cond: ((k >= 1426958) AND (k <= 1427058))

table 7 : explain SELECT k FROM sbtest7 WHERE k BETWEEN 1426958 AND 1427058
	Index Only Scan using k_7 on sbtest7  (cost=0.43..6.25 rows=91 width=4)
	  Index Cond: ((k >= 1426958) AND (k <= 1427058))

table 8 : explain SELECT k FROM sbtest8 WHERE k BETWEEN 1426958 AND 1427058
	Index Only Scan using k_8 on sbtest8  (cost=0.43..6.56 rows=106 width=4)
	  Index Cond: ((k >= 1426958) AND (k <= 1427058))

explain: for range-covered :: explain SELECT k FROM sbtest%d WHERE k BETWEEN 4108586 AND 4108686
for range-covered
table 1 : explain SELECT k FROM sbtest1 WHERE k BETWEEN 4655240 AND 4655340
	Index Only Scan using k_1 on sbtest1  (cost=0.43..6.45 rows=101 width=4)
	  Index Cond: ((k >= 4655240) AND (k <= 4655340))

table 2 : explain SELECT k FROM sbtest2 WHERE k BETWEEN 4655240 AND 4655340
	Index Only Scan using k_2 on sbtest2  (cost=0.43..6.61 rows=109 width=4)
	  Index Cond: ((k >= 4655240) AND (k <= 4655340))

table 3 : explain SELECT k FROM sbtest3 WHERE k BETWEEN 4655240 AND 4655340
	Index Only Scan using k_3 on sbtest3  (cost=0.43..6.40 rows=98 width=4)
	  Index Cond: ((k >= 4655240) AND (k <= 4655340))

table 4 : explain SELECT k FROM sbtest4 WHERE k BETWEEN 4655240 AND 4655340
	Index Only Scan using k_4 on sbtest4  (cost=0.43..6.63 rows=110 width=4)
	  Index Cond: ((k >= 4655240) AND (k <= 4655340))

table 5 : explain SELECT k FROM sbtest5 WHERE k BETWEEN 4655240 AND 4655340
	Index Only Scan using k_5 on sbtest5  (cost=0.43..6.56 rows=106 width=4)
	  Index Cond: ((k >= 4655240) AND (k <= 4655340))

table 6 : explain SELECT k FROM sbtest6 WHERE k BETWEEN 4655240 AND 4655340
	Index Only Scan using k_6 on sbtest6  (cost=0.43..6.50 rows=103 width=4)
	  Index Cond: ((k >= 4655240) AND (k <= 4655340))

table 7 : explain SELECT k FROM sbtest7 WHERE k BETWEEN 4655240 AND 4655340
	Index Only Scan using k_7 on sbtest7  (cost=0.43..6.37 rows=97 width=4)
	  Index Cond: ((k >= 4655240) AND (k <= 4655340))

table 8 : explain SELECT k FROM sbtest8 WHERE k BETWEEN 4655240 AND 4655340
	Index Only Scan using k_8 on sbtest8  (cost=0.43..6.50 rows=103 width=4)
	  Index Cond: ((k >= 4655240) AND (k <= 4655340))

explain: for range-covered :: explain SELECT k FROM sbtest%d WHERE k BETWEEN 1426958 AND 1427058
for range-covered
table 1 : explain SELECT k FROM sbtest1 WHERE k BETWEEN 2391911 AND 2392011
	Index Only Scan using k_1 on sbtest1  (cost=0.43..6.59 rows=108 width=4)
	  Index Cond: ((k >= 2391911) AND (k <= 2392011))

table 2 : explain SELECT k FROM sbtest2 WHERE k BETWEEN 2391911 AND 2392011
	Index Only Scan using k_2 on sbtest2  (cost=0.43..6.47 rows=102 width=4)
	  Index Cond: ((k >= 2391911) AND (k <= 2392011))

table 3 : explain SELECT k FROM sbtest3 WHERE k BETWEEN 2391911 AND 2392011
	Index Only Scan using k_3 on sbtest3  (cost=0.43..6.37 rows=97 width=4)
	  Index Cond: ((k >= 2391911) AND (k <= 2392011))

table 4 : explain SELECT k FROM sbtest4 WHERE k BETWEEN 2391911 AND 2392011
	Index Only Scan using k_4 on sbtest4  (cost=0.43..6.37 rows=97 width=4)
	  Index Cond: ((k >= 2391911) AND (k <= 2392011))

table 5 : explain SELECT k FROM sbtest5 WHERE k BETWEEN 2391911 AND 2392011
	Index Only Scan using k_5 on sbtest5  (cost=0.43..6.37 rows=97 width=4)
	  Index Cond: ((k >= 2391911) AND (k <= 2392011))

table 6 : explain SELECT k FROM sbtest6 WHERE k BETWEEN 2391911 AND 2392011
	Index Only Scan using k_6 on sbtest6  (cost=0.43..6.35 rows=96 width=4)
	  Index Cond: ((k >= 2391911) AND (k <= 2392011))

table 7 : explain SELECT k FROM sbtest7 WHERE k BETWEEN 2391911 AND 2392011
	Index Only Scan using k_7 on sbtest7  (cost=0.43..6.40 rows=98 width=4)
	  Index Cond: ((k >= 2391911) AND (k <= 2392011))

table 8 : explain SELECT k FROM sbtest8 WHERE k BETWEEN 2391911 AND 2392011
	Index Only Scan using k_8 on sbtest8  (cost=0.43..6.32 rows=94 width=4)
	  Index Cond: ((k >= 2391911) AND (k <= 2392011))

for range-covered
table 1 : explain SELECT k FROM sbtest1 WHERE k BETWEEN 5304575 AND 5304675
	Index Only Scan using k_1 on sbtest1  (cost=0.43..6.56 rows=106 width=4)
	  Index Cond: ((k >= 5304575) AND (k <= 5304675))

table 2 : explain SELECT k FROM sbtest2 WHERE k BETWEEN 5304575 AND 5304675
	Index Only Scan using k_2 on sbtest2  (cost=0.43..6.50 rows=103 width=4)
	  Index Cond: ((k >= 5304575) AND (k <= 5304675))

table 3 : explain SELECT k FROM sbtest3 WHERE k BETWEEN 5304575 AND 5304675
	Index Only Scan using k_3 on sbtest3  (cost=0.43..6.47 rows=102 width=4)
	  Index Cond: ((k >= 5304575) AND (k <= 5304675))

table 4 : explain SELECT k FROM sbtest4 WHERE k BETWEEN 5304575 AND 5304675
	Index Only Scan using k_4 on sbtest4  (cost=0.43..6.58 rows=107 width=4)
	  Index Cond: ((k >= 5304575) AND (k <= 5304675))

table 5 : explain SELECT k FROM sbtest5 WHERE k BETWEEN 5304575 AND 5304675
	Index Only Scan using k_5 on sbtest5  (cost=0.43..6.43 rows=100 width=4)
	  Index Cond: ((k >= 5304575) AND (k <= 5304675))

table 6 : explain SELECT k FROM sbtest6 WHERE k BETWEEN 5304575 AND 5304675
	Index Only Scan using k_6 on sbtest6  (cost=0.43..6.56 rows=106 width=4)
	  Index Cond: ((k >= 5304575) AND (k <= 5304675))

table 7 : explain SELECT k FROM sbtest7 WHERE k BETWEEN 5304575 AND 5304675
	Index Only Scan using k_7 on sbtest7  (cost=0.43..6.37 rows=97 width=4)
	  Index Cond: ((k >= 5304575) AND (k <= 5304675))

table 8 : explain SELECT k FROM sbtest8 WHERE k BETWEEN 5304575 AND 5304675
	Index Only Scan using k_8 on sbtest8  (cost=0.43..6.35 rows=96 width=4)
	  Index Cond: ((k >= 5304575) AND (k <= 5304675))

explain: for range-covered :: explain SELECT k FROM sbtest%d WHERE k BETWEEN 5304575 AND 5304675
explain: for range-covered :: explain SELECT k FROM sbtest%d WHERE k BETWEEN 2391911 AND 2392011
for range-covered
table 1 : explain SELECT k FROM sbtest1 WHERE k BETWEEN 2802341 AND 2802441
	Index Only Scan using k_1 on sbtest1  (cost=0.43..6.35 rows=96 width=4)
	  Index Cond: ((k >= 2802341) AND (k <= 2802441))

table 2 : explain SELECT k FROM sbtest2 WHERE k BETWEEN 2802341 AND 2802441
	Index Only Scan using k_2 on sbtest2  (cost=0.43..6.24 rows=90 width=4)
	  Index Cond: ((k >= 2802341) AND (k <= 2802441))

table 3 : explain SELECT k FROM sbtest3 WHERE k BETWEEN 2802341 AND 2802441
	Index Only Scan using k_3 on sbtest3  (cost=0.43..6.35 rows=96 width=4)
	  Index Cond: ((k >= 2802341) AND (k <= 2802441))

table 4 : explain SELECT k FROM sbtest4 WHERE k BETWEEN 2802341 AND 2802441
	Index Only Scan using k_4 on sbtest4  (cost=0.43..6.51 rows=104 width=4)
	  Index Cond: ((k >= 2802341) AND (k <= 2802441))

table 5 : explain SELECT k FROM sbtest5 WHERE k BETWEEN 2802341 AND 2802441
	Index Only Scan using k_5 on sbtest5  (cost=0.43..6.67 rows=112 width=4)
	  Index Cond: ((k >= 2802341) AND (k <= 2802441))

table 6 : explain SELECT k FROM sbtest6 WHERE k BETWEEN 2802341 AND 2802441
	Index Only Scan using k_6 on sbtest6  (cost=0.43..6.33 rows=95 width=4)
	  Index Cond: ((k >= 2802341) AND (k <= 2802441))

table 7 : explain SELECT k FROM sbtest7 WHERE k BETWEEN 2802341 AND 2802441
	Index Only Scan using k_7 on sbtest7  (cost=0.43..6.51 rows=104 width=4)
	  Index Cond: ((k >= 2802341) AND (k <= 2802441))

table 8 : explain SELECT k FROM sbtest8 WHERE k BETWEEN 2802341 AND 2802441
	Index Only Scan using k_8 on sbtest8  (cost=0.43..6.40 rows=98 width=4)
	  Index Cond: ((k >= 2802341) AND (k <= 2802441))

for range-covered
table 1 : explain SELECT k FROM sbtest1 WHERE k BETWEEN 4857746 AND 4857846
	Index Only Scan using k_1 on sbtest1  (cost=0.43..6.50 rows=103 width=4)
	  Index Cond: ((k >= 4857746) AND (k <= 4857846))

table 2 : explain SELECT k FROM sbtest2 WHERE k BETWEEN 4857746 AND 4857846
	Index Only Scan using k_2 on sbtest2  (cost=0.43..6.35 rows=96 width=4)
	  Index Cond: ((k >= 4857746) AND (k <= 4857846))

table 3 : explain SELECT k FROM sbtest3 WHERE k BETWEEN 4857746 AND 4857846
	Index Only Scan using k_3 on sbtest3  (cost=0.43..6.42 rows=99 width=4)
	  Index Cond: ((k >= 4857746) AND (k <= 4857846))

table 4 : explain SELECT k FROM sbtest4 WHERE k BETWEEN 4857746 AND 4857846
	Index Only Scan using k_4 on sbtest4  (cost=0.43..6.33 rows=95 width=4)
	  Index Cond: ((k >= 4857746) AND (k <= 4857846))

table 5 : explain SELECT k FROM sbtest5 WHERE k BETWEEN 4857746 AND 4857846
	Index Only Scan using k_5 on sbtest5  (cost=0.43..6.56 rows=106 width=4)
	  Index Cond: ((k >= 4857746) AND (k <= 4857846))

table 6 : explain SELECT k FROM sbtest6 WHERE k BETWEEN 4857746 AND 4857846
	Index Only Scan using k_6 on sbtest6  (cost=0.43..6.63 rows=110 width=4)
	  Index Cond: ((k >= 4857746) AND (k <= 4857846))

table 7 : explain SELECT k FROM sbtest7 WHERE k BETWEEN 4857746 AND 4857846
	Index Only Scan using k_7 on sbtest7  (cost=0.43..6.35 rows=96 width=4)
	  Index Cond: ((k >= 4857746) AND (k <= 4857846))

table 8 : explain SELECT k FROM sbtest8 WHERE k BETWEEN 4857746 AND 4857846
	Index Only Scan using k_8 on sbtest8  (cost=0.43..6.59 rows=108 width=4)
	  Index Cond: ((k >= 4857746) AND (k <= 4857846))

for range-covered
table 1 : explain SELECT k FROM sbtest1 WHERE k BETWEEN 7109392 AND 7109492
	Index Only Scan using k_1 on sbtest1  (cost=0.43..6.35 rows=96 width=4)
	  Index Cond: ((k >= 7109392) AND (k <= 7109492))

table 2 : explain SELECT k FROM sbtest2 WHERE k BETWEEN 7109392 AND 7109492
	Index Only Scan using k_2 on sbtest2  (cost=0.43..6.69 rows=113 width=4)
	  Index Cond: ((k >= 7109392) AND (k <= 7109492))

table 3 : explain SELECT k FROM sbtest3 WHERE k BETWEEN 7109392 AND 7109492
	Index Only Scan using k_3 on sbtest3  (cost=0.43..6.47 rows=102 width=4)
	  Index Cond: ((k >= 7109392) AND (k <= 7109492))

table 4 : explain SELECT k FROM sbtest4 WHERE k BETWEEN 7109392 AND 7109492
	Index Only Scan using k_4 on sbtest4  (cost=0.43..6.53 rows=105 width=4)
	  Index Cond: ((k >= 7109392) AND (k <= 7109492))

table 5 : explain SELECT k FROM sbtest5 WHERE k BETWEEN 7109392 AND 7109492
	Index Only Scan using k_5 on sbtest5  (cost=0.43..6.56 rows=106 width=4)
	  Index Cond: ((k >= 7109392) AND (k <= 7109492))

table 6 : explain SELECT k FROM sbtest6 WHERE k BETWEEN 7109392 AND 7109492
	Index Only Scan using k_6 on sbtest6  (cost=0.43..6.61 rows=109 width=4)
	  Index Cond: ((k >= 7109392) AND (k <= 7109492))

table 7 : explain SELECT k FROM sbtest7 WHERE k BETWEEN 7109392 AND 7109492
	Index Only Scan using k_7 on sbtest7  (cost=0.43..6.58 rows=107 width=4)
	  Index Cond: ((k >= 7109392) AND (k <= 7109492))

table 8 : explain SELECT k FROM sbtest8 WHERE k BETWEEN 7109392 AND 7109492
	Index Only Scan using k_8 on sbtest8  (cost=0.43..6.43 rows=100 width=4)
	  Index Cond: ((k >= 7109392) AND (k <= 7109492))

explain: for range-covered :: explain SELECT k FROM sbtest%d WHERE k BETWEEN 2802341 AND 2802441
explain: for range-covered :: explain SELECT k FROM sbtest%d WHERE k BETWEEN 4857746 AND 4857846
explain: for range-covered :: explain SELECT k FROM sbtest%d WHERE k BETWEEN 7109392 AND 7109492
for range-covered
table 1 : explain SELECT k FROM sbtest1 WHERE k BETWEEN 1426958 AND 1427058
	Index Only Scan using k_1 on sbtest1  (cost=0.43..6.61 rows=109 width=4)
	  Index Cond: ((k >= 1426958) AND (k <= 1427058))

table 2 : explain SELECT k FROM sbtest2 WHERE k BETWEEN 1426958 AND 1427058
	Index Only Scan using k_2 on sbtest2  (cost=0.43..6.61 rows=109 width=4)
	  Index Cond: ((k >= 1426958) AND (k <= 1427058))

table 3 : explain SELECT k FROM sbtest3 WHERE k BETWEEN 1426958 AND 1427058
	Index Only Scan using k_3 on sbtest3  (cost=0.43..6.47 rows=102 width=4)
	  Index Cond: ((k >= 1426958) AND (k <= 1427058))

table 4 : explain SELECT k FROM sbtest4 WHERE k BETWEEN 1426958 AND 1427058
	Index Only Scan using k_4 on sbtest4  (cost=0.43..6.21 rows=89 width=4)
	  Index Cond: ((k >= 1426958) AND (k <= 1427058))

table 5 : explain SELECT k FROM sbtest5 WHERE k BETWEEN 1426958 AND 1427058
	Index Only Scan using k_5 on sbtest5  (cost=0.43..6.40 rows=98 width=4)
	  Index Cond: ((k >= 1426958) AND (k <= 1427058))

table 6 : explain SELECT k FROM sbtest6 WHERE k BETWEEN 1426958 AND 1427058
	Index Only Scan using k_6 on sbtest6  (cost=0.43..6.35 rows=96 width=4)
	  Index Cond: ((k >= 1426958) AND (k <= 1427058))

table 7 : explain SELECT k FROM sbtest7 WHERE k BETWEEN 1426958 AND 1427058
	Index Only Scan using k_7 on sbtest7  (cost=0.43..6.25 rows=91 width=4)
	  Index Cond: ((k >= 1426958) AND (k <= 1427058))

table 8 : explain SELECT k FROM sbtest8 WHERE k BETWEEN 1426958 AND 1427058
	Index Only Scan using k_8 on sbtest8  (cost=0.43..6.56 rows=106 width=4)
	  Index Cond: ((k >= 1426958) AND (k <= 1427058))

explain: for range-covered :: explain SELECT k FROM sbtest%d WHERE k BETWEEN 1426958 AND 1427058
for range-covered
table 1 : explain SELECT k FROM sbtest1 WHERE k BETWEEN 8321489 AND 8321589
	Index Only Scan using k_1 on sbtest1  (cost=0.43..6.45 rows=101 width=4)
	  Index Cond: ((k >= 8321489) AND (k <= 8321589))

table 2 : explain SELECT k FROM sbtest2 WHERE k BETWEEN 8321489 AND 8321589
	Index Only Scan using k_2 on sbtest2  (cost=0.43..6.45 rows=101 width=4)
	  Index Cond: ((k >= 8321489) AND (k <= 8321589))

table 3 : explain SELECT k FROM sbtest3 WHERE k BETWEEN 8321489 AND 8321589
	Index Only Scan using k_3 on sbtest3  (cost=0.43..6.35 rows=96 width=4)
	  Index Cond: ((k >= 8321489) AND (k <= 8321589))

table 4 : explain SELECT k FROM sbtest4 WHERE k BETWEEN 8321489 AND 8321589
	Index Only Scan using k_4 on sbtest4  (cost=0.43..6.24 rows=90 width=4)
	  Index Cond: ((k >= 8321489) AND (k <= 8321589))

table 5 : explain SELECT k FROM sbtest5 WHERE k BETWEEN 8321489 AND 8321589
	Index Only Scan using k_5 on sbtest5  (cost=0.43..6.66 rows=111 width=4)
	  Index Cond: ((k >= 8321489) AND (k <= 8321589))

table 6 : explain SELECT k FROM sbtest6 WHERE k BETWEEN 8321489 AND 8321589
	Index Only Scan using k_6 on sbtest6  (cost=0.43..6.43 rows=100 width=4)
	  Index Cond: ((k >= 8321489) AND (k <= 8321589))

table 7 : explain SELECT k FROM sbtest7 WHERE k BETWEEN 8321489 AND 8321589
	Index Only Scan using k_7 on sbtest7  (cost=0.43..6.45 rows=101 width=4)
	  Index Cond: ((k >= 8321489) AND (k <= 8321589))

table 8 : explain SELECT k FROM sbtest8 WHERE k BETWEEN 8321489 AND 8321589
	Index Only Scan using k_8 on sbtest8  (cost=0.43..6.40 rows=98 width=4)
	  Index Cond: ((k >= 8321489) AND (k <= 8321589))
for range-covered
table 1 : explain SELECT k FROM sbtest1 WHERE k BETWEEN 4108586 AND 4108686
	Index Only Scan using k_1 on sbtest1  (cost=0.43..6.63 rows=110 width=4)
	  Index Cond: ((k >= 4108586) AND (k <= 4108686))

table 2 : explain SELECT k FROM sbtest2 WHERE k BETWEEN 4108586 AND 4108686
	Index Only Scan using k_2 on sbtest2  (cost=0.43..6.47 rows=102 width=4)
	  Index Cond: ((k >= 4108586) AND (k <= 4108686))

table 3 : explain SELECT k FROM sbtest3 WHERE k BETWEEN 4108586 AND 4108686
	Index Only Scan using k_3 on sbtest3  (cost=0.43..6.47 rows=102 width=4)
	  Index Cond: ((k >= 4108586) AND (k <= 4108686))

table 4 : explain SELECT k FROM sbtest4 WHERE k BETWEEN 4108586 AND 4108686
	Index Only Scan using k_4 on sbtest4  (cost=0.43..6.45 rows=101 width=4)
	  Index Cond: ((k >= 4108586) AND (k <= 4108686))

table 5 : explain SELECT k FROM sbtest5 WHERE k BETWEEN 4108586 AND 4108686
	Index Only Scan using k_5 on sbtest5  (cost=0.43..6.53 rows=105 width=4)
	  Index Cond: ((k >= 4108586) AND (k <= 4108686))

table 6 : explain SELECT k FROM sbtest6 WHERE k BETWEEN 4108586 AND 4108686
	Index Only Scan using k_6 on sbtest6  (cost=0.43..6.50 rows=103 width=4)
	  Index Cond: ((k >= 4108586) AND (k <= 4108686))

table 7 : explain SELECT k FROM sbtest7 WHERE k BETWEEN 4108586 AND 4108686
	Index Only Scan using k_7 on sbtest7  (cost=0.43..6.43 rows=100 width=4)
	  Index Cond: ((k >= 4108586) AND (k <= 4108686))

table 8 : explain SELECT k FROM sbtest8 WHERE k BETWEEN 4108586 AND 4108686
	Index Only Scan using k_8 on sbtest8  (cost=0.43..6.37 rows=97 width=4)
	  Index Cond: ((k >= 4108586) AND (k <= 4108686))


for range-covered
table 1 : explain SELECT k FROM sbtest1 WHERE k BETWEEN 5304575 AND 5304675
	Index Only Scan using k_1 on sbtest1  (cost=0.43..6.56 rows=106 width=4)
	  Index Cond: ((k >= 5304575) AND (k <= 5304675))

table 2 : explain SELECT k FROM sbtest2 WHERE k BETWEEN 5304575 AND 5304675
	Index Only Scan using k_2 on sbtest2  (cost=0.43..6.50 rows=103 width=4)
	  Index Cond: ((k >= 5304575) AND (k <= 5304675))

table 3 : explain SELECT k FROM sbtest3 WHERE k BETWEEN 5304575 AND 5304675
	Index Only Scan using k_3 on sbtest3  (cost=0.43..6.47 rows=102 width=4)
	  Index Cond: ((k >= 5304575) AND (k <= 5304675))

table 4 : explain SELECT k FROM sbtest4 WHERE k BETWEEN 5304575 AND 5304675
	Index Only Scan using k_4 on sbtest4  (cost=0.43..6.58 rows=107 width=4)
	  Index Cond: ((k >= 5304575) AND (k <= 5304675))

table 5 : explain SELECT k FROM sbtest5 WHERE k BETWEEN 5304575 AND 5304675
	Index Only Scan using k_5 on sbtest5  (cost=0.43..6.43 rows=100 width=4)
	  Index Cond: ((k >= 5304575) AND (k <= 5304675))

table 6 : explain SELECT k FROM sbtest6 WHERE k BETWEEN 5304575 AND 5304675
	Index Only Scan using k_6 on sbtest6  (cost=0.43..6.56 rows=106 width=4)
	  Index Cond: ((k >= 5304575) AND (k <= 5304675))

table 7 : explain SELECT k FROM sbtest7 WHERE k BETWEEN 5304575 AND 5304675
	Index Only Scan using k_7 on sbtest7  (cost=0.43..6.37 rows=97 width=4)
	  Index Cond: ((k >= 5304575) AND (k <= 5304675))

table 8 : explain SELECT k FROM sbtest8 WHERE k BETWEEN 5304575 AND 5304675
	Index Only Scan using k_8 on sbtest8  (cost=0.43..6.35 rows=96 width=4)
	  Index Cond: ((k >= 5304575) AND (k <= 5304675))

explain: for range-covered :: explain SELECT k FROM sbtest%d WHERE k BETWEEN 5304575 AND 5304675
explain: for range-covered :: explain SELECT k FROM sbtest%d WHERE k BETWEEN 4108586 AND 4108686
for range-covered
table 1 : explain SELECT k FROM sbtest1 WHERE k BETWEEN 2391911 AND 2392011
	Index Only Scan using k_1 on sbtest1  (cost=0.43..6.59 rows=108 width=4)
	  Index Cond: ((k >= 2391911) AND (k <= 2392011))

table 2 : explain SELECT k FROM sbtest2 WHERE k BETWEEN 2391911 AND 2392011
	Index Only Scan using k_2 on sbtest2  (cost=0.43..6.47 rows=102 width=4)
	  Index Cond: ((k >= 2391911) AND (k <= 2392011))

table 3 : explain SELECT k FROM sbtest3 WHERE k BETWEEN 2391911 AND 2392011
	Index Only Scan using k_3 on sbtest3  (cost=0.43..6.37 rows=97 width=4)
	  Index Cond: ((k >= 2391911) AND (k <= 2392011))

table 4 : explain SELECT k FROM sbtest4 WHERE k BETWEEN 2391911 AND 2392011
	Index Only Scan using k_4 on sbtest4  (cost=0.43..6.37 rows=97 width=4)
	  Index Cond: ((k >= 2391911) AND (k <= 2392011))

table 5 : explain SELECT k FROM sbtest5 WHERE k BETWEEN 2391911 AND 2392011
	Index Only Scan using k_5 on sbtest5  (cost=0.43..6.37 rows=97 width=4)
	  Index Cond: ((k >= 2391911) AND (k <= 2392011))

table 6 : explain SELECT k FROM sbtest6 WHERE k BETWEEN 2391911 AND 2392011
	Index Only Scan using k_6 on sbtest6  (cost=0.43..6.35 rows=96 width=4)
	  Index Cond: ((k >= 2391911) AND (k <= 2392011))

table 7 : explain SELECT k FROM sbtest7 WHERE k BETWEEN 2391911 AND 2392011
	Index Only Scan using k_7 on sbtest7  (cost=0.43..6.40 rows=98 width=4)
	  Index Cond: ((k >= 2391911) AND (k <= 2392011))

table 8 : explain SELECT k FROM sbtest8 WHERE k BETWEEN 2391911 AND 2392011
	Index Only Scan using k_8 on sbtest8  (cost=0.43..6.32 rows=94 width=4)
	  Index Cond: ((k >= 2391911) AND (k <= 2392011))

explain: for range-covered :: explain SELECT k FROM sbtest%d WHERE k BETWEEN 2391911 AND 2392011
for range-covered
table 1 : explain SELECT k FROM sbtest1 WHERE k BETWEEN 4857746 AND 4857846
	Index Only Scan using k_1 on sbtest1  (cost=0.43..6.50 rows=103 width=4)
	  Index Cond: ((k >= 4857746) AND (k <= 4857846))

table 2 : explain SELECT k FROM sbtest2 WHERE k BETWEEN 4857746 AND 4857846
	Index Only Scan using k_2 on sbtest2  (cost=0.43..6.35 rows=96 width=4)
	  Index Cond: ((k >= 4857746) AND (k <= 4857846))

table 3 : explain SELECT k FROM sbtest3 WHERE k BETWEEN 4857746 AND 4857846
	Index Only Scan using k_3 on sbtest3  (cost=0.43..6.42 rows=99 width=4)
	  Index Cond: ((k >= 4857746) AND (k <= 4857846))

table 4 : explain SELECT k FROM sbtest4 WHERE k BETWEEN 4857746 AND 4857846
	Index Only Scan using k_4 on sbtest4  (cost=0.43..6.33 rows=95 width=4)
	  Index Cond: ((k >= 4857746) AND (k <= 4857846))

table 5 : explain SELECT k FROM sbtest5 WHERE k BETWEEN 4857746 AND 4857846
	Index Only Scan using k_5 on sbtest5  (cost=0.43..6.56 rows=106 width=4)
	  Index Cond: ((k >= 4857746) AND (k <= 4857846))

table 6 : explain SELECT k FROM sbtest6 WHERE k BETWEEN 4857746 AND 4857846
	Index Only Scan using k_6 on sbtest6  (cost=0.43..6.63 rows=110 width=4)
	  Index Cond: ((k >= 4857746) AND (k <= 4857846))

table 7 : explain SELECT k FROM sbtest7 WHERE k BETWEEN 4857746 AND 4857846
	Index Only Scan using k_7 on sbtest7  (cost=0.43..6.35 rows=96 width=4)
	  Index Cond: ((k >= 4857746) AND (k <= 4857846))

table 8 : explain SELECT k FROM sbtest8 WHERE k BETWEEN 4857746 AND 4857846
	Index Only Scan using k_8 on sbtest8  (cost=0.43..6.59 rows=108 width=4)
	  Index Cond: ((k >= 4857746) AND (k <= 4857846))

for range-covered
table 1 : explain SELECT k FROM sbtest1 WHERE k BETWEEN 2802341 AND 2802441
	Index Only Scan using k_1 on sbtest1  (cost=0.43..6.35 rows=96 width=4)
	  Index Cond: ((k >= 2802341) AND (k <= 2802441))

table 2 : explain SELECT k FROM sbtest2 WHERE k BETWEEN 2802341 AND 2802441
	Index Only Scan using k_2 on sbtest2  (cost=0.43..6.24 rows=90 width=4)
	  Index Cond: ((k >= 2802341) AND (k <= 2802441))

table 3 : explain SELECT k FROM sbtest3 WHERE k BETWEEN 2802341 AND 2802441
	Index Only Scan using k_3 on sbtest3  (cost=0.43..6.35 rows=96 width=4)
	  Index Cond: ((k >= 2802341) AND (k <= 2802441))

table 4 : explain SELECT k FROM sbtest4 WHERE k BETWEEN 2802341 AND 2802441
	Index Only Scan using k_4 on sbtest4  (cost=0.43..6.51 rows=104 width=4)
	  Index Cond: ((k >= 2802341) AND (k <= 2802441))

table 5 : explain SELECT k FROM sbtest5 WHERE k BETWEEN 2802341 AND 2802441
	Index Only Scan using k_5 on sbtest5  (cost=0.43..6.67 rows=112 width=4)
	  Index Cond: ((k >= 2802341) AND (k <= 2802441))

table 6 : explain SELECT k FROM sbtest6 WHERE k BETWEEN 2802341 AND 2802441
	Index Only Scan using k_6 on sbtest6  (cost=0.43..6.33 rows=95 width=4)
	  Index Cond: ((k >= 2802341) AND (k <= 2802441))

table 7 : explain SELECT k FROM sbtest7 WHERE k BETWEEN 2802341 AND 2802441
	Index Only Scan using k_7 on sbtest7  (cost=0.43..6.51 rows=104 width=4)
	  Index Cond: ((k >= 2802341) AND (k <= 2802441))

table 8 : explain SELECT k FROM sbtest8 WHERE k BETWEEN 2802341 AND 2802441
	Index Only Scan using k_8 on sbtest8  (cost=0.43..6.40 rows=98 width=4)
	  Index Cond: ((k >= 2802341) AND (k <= 2802441))

for range-covered
table 1 : explain SELECT k FROM sbtest1 WHERE k BETWEEN 7109392 AND 7109492
	Index Only Scan using k_1 on sbtest1  (cost=0.43..6.35 rows=96 width=4)
	  Index Cond: ((k >= 7109392) AND (k <= 7109492))

table 2 : explain SELECT k FROM sbtest2 WHERE k BETWEEN 7109392 AND 7109492
	Index Only Scan using k_2 on sbtest2  (cost=0.43..6.69 rows=113 width=4)
	  Index Cond: ((k >= 7109392) AND (k <= 7109492))

table 3 : explain SELECT k FROM sbtest3 WHERE k BETWEEN 7109392 AND 7109492
	Index Only Scan using k_3 on sbtest3  (cost=0.43..6.47 rows=102 width=4)
	  Index Cond: ((k >= 7109392) AND (k <= 7109492))

table 4 : explain SELECT k FROM sbtest4 WHERE k BETWEEN 7109392 AND 7109492
	Index Only Scan using k_4 on sbtest4  (cost=0.43..6.53 rows=105 width=4)
	  Index Cond: ((k >= 7109392) AND (k <= 7109492))

table 5 : explain SELECT k FROM sbtest5 WHERE k BETWEEN 7109392 AND 7109492
	Index Only Scan using k_5 on sbtest5  (cost=0.43..6.56 rows=106 width=4)
	  Index Cond: ((k >= 7109392) AND (k <= 7109492))

table 6 : explain SELECT k FROM sbtest6 WHERE k BETWEEN 7109392 AND 7109492
	Index Only Scan using k_6 on sbtest6  (cost=0.43..6.61 rows=109 width=4)
	  Index Cond: ((k >= 7109392) AND (k <= 7109492))

table 7 : explain SELECT k FROM sbtest7 WHERE k BETWEEN 7109392 AND 7109492
	Index Only Scan using k_7 on sbtest7  (cost=0.43..6.58 rows=107 width=4)
	  Index Cond: ((k >= 7109392) AND (k <= 7109492))

table 8 : explain SELECT k FROM sbtest8 WHERE k BETWEEN 7109392 AND 7109492
	Index Only Scan using k_8 on sbtest8  (cost=0.43..6.43 rows=100 width=4)
	  Index Cond: ((k >= 7109392) AND (k <= 7109492))

explain: for range-covered :: explain SELECT k FROM sbtest%d WHERE k BETWEEN 4857746 AND 4857846
explain: for range-covered :: explain SELECT k FROM sbtest%d WHERE k BETWEEN 2802341 AND 2802441
explain: for range-covered :: explain SELECT k FROM sbtest%d WHERE k BETWEEN 7109392 AND 7109492
for range-covered
table 1 : explain SELECT k FROM sbtest1 WHERE k BETWEEN 1426958 AND 1427058
	Index Only Scan using k_1 on sbtest1  (cost=0.43..6.61 rows=109 width=4)
	  Index Cond: ((k >= 1426958) AND (k <= 1427058))

table 2 : explain SELECT k FROM sbtest2 WHERE k BETWEEN 1426958 AND 1427058
	Index Only Scan using k_2 on sbtest2  (cost=0.43..6.61 rows=109 width=4)
	  Index Cond: ((k >= 1426958) AND (k <= 1427058))

table 3 : explain SELECT k FROM sbtest3 WHERE k BETWEEN 1426958 AND 1427058
	Index Only Scan using k_3 on sbtest3  (cost=0.43..6.47 rows=102 width=4)
	  Index Cond: ((k >= 1426958) AND (k <= 1427058))

table 4 : explain SELECT k FROM sbtest4 WHERE k BETWEEN 1426958 AND 1427058
	Index Only Scan using k_4 on sbtest4  (cost=0.43..6.21 rows=89 width=4)
	  Index Cond: ((k >= 1426958) AND (k <= 1427058))

table 5 : explain SELECT k FROM sbtest5 WHERE k BETWEEN 1426958 AND 1427058
	Index Only Scan using k_5 on sbtest5  (cost=0.43..6.40 rows=98 width=4)
	  Index Cond: ((k >= 1426958) AND (k <= 1427058))

table 6 : explain SELECT k FROM sbtest6 WHERE k BETWEEN 1426958 AND 1427058
	Index Only Scan using k_6 on sbtest6  (cost=0.43..6.35 rows=96 width=4)
	  Index Cond: ((k >= 1426958) AND (k <= 1427058))

table 7 : explain SELECT k FROM sbtest7 WHERE k BETWEEN 1426958 AND 1427058
	Index Only Scan using k_7 on sbtest7  (cost=0.43..6.25 rows=91 width=4)
	  Index Cond: ((k >= 1426958) AND (k <= 1427058))

table 8 : explain SELECT k FROM sbtest8 WHERE k BETWEEN 1426958 AND 1427058
	Index Only Scan using k_8 on sbtest8  (cost=0.43..6.56 rows=106 width=4)
	  Index Cond: ((k >= 1426958) AND (k <= 1427058))

explain: for range-covered :: explain SELECT k FROM sbtest%d WHERE k BETWEEN 1426958 AND 1427058
for range-covered
table 1 : explain SELECT k FROM sbtest1 WHERE k BETWEEN 4108586 AND 4108686
	Index Only Scan using k_1 on sbtest1  (cost=0.43..6.63 rows=110 width=4)
	  Index Cond: ((k >= 4108586) AND (k <= 4108686))

table 2 : explain SELECT k FROM sbtest2 WHERE k BETWEEN 4108586 AND 4108686
	Index Only Scan using k_2 on sbtest2  (cost=0.43..6.47 rows=102 width=4)
	  Index Cond: ((k >= 4108586) AND (k <= 4108686))

table 3 : explain SELECT k FROM sbtest3 WHERE k BETWEEN 4108586 AND 4108686
	Index Only Scan using k_3 on sbtest3  (cost=0.43..6.47 rows=102 width=4)
	  Index Cond: ((k >= 4108586) AND (k <= 4108686))

table 4 : explain SELECT k FROM sbtest4 WHERE k BETWEEN 4108586 AND 4108686
	Index Only Scan using k_4 on sbtest4  (cost=0.43..6.45 rows=101 width=4)
	  Index Cond: ((k >= 4108586) AND (k <= 4108686))

table 5 : explain SELECT k FROM sbtest5 WHERE k BETWEEN 4108586 AND 4108686
	Index Only Scan using k_5 on sbtest5  (cost=0.43..6.53 rows=105 width=4)
	  Index Cond: ((k >= 4108586) AND (k <= 4108686))

table 6 : explain SELECT k FROM sbtest6 WHERE k BETWEEN 4108586 AND 4108686
	Index Only Scan using k_6 on sbtest6  (cost=0.43..6.50 rows=103 width=4)
	  Index Cond: ((k >= 4108586) AND (k <= 4108686))

table 7 : explain SELECT k FROM sbtest7 WHERE k BETWEEN 4108586 AND 4108686
	Index Only Scan using k_7 on sbtest7  (cost=0.43..6.43 rows=100 width=4)
	  Index Cond: ((k >= 4108586) AND (k <= 4108686))

table 8 : explain SELECT k FROM sbtest8 WHERE k BETWEEN 4108586 AND 4108686
	Index Only Scan using k_8 on sbtest8  (cost=0.43..6.37 rows=97 width=4)
	  Index Cond: ((k >= 4108586) AND (k <= 4108686))

for range-covered
table 1 : explain SELECT k FROM sbtest1 WHERE k BETWEEN 5304575 AND 5304675
	Index Only Scan using k_1 on sbtest1  (cost=0.43..6.56 rows=106 width=4)
	  Index Cond: ((k >= 5304575) AND (k <= 5304675))

table 2 : explain SELECT k FROM sbtest2 WHERE k BETWEEN 5304575 AND 5304675
	Index Only Scan using k_2 on sbtest2  (cost=0.43..6.50 rows=103 width=4)
	  Index Cond: ((k >= 5304575) AND (k <= 5304675))

table 3 : explain SELECT k FROM sbtest3 WHERE k BETWEEN 5304575 AND 5304675
	Index Only Scan using k_3 on sbtest3  (cost=0.43..6.47 rows=102 width=4)
	  Index Cond: ((k >= 5304575) AND (k <= 5304675))

table 4 : explain SELECT k FROM sbtest4 WHERE k BETWEEN 5304575 AND 5304675
	Index Only Scan using k_4 on sbtest4  (cost=0.43..6.58 rows=107 width=4)
	  Index Cond: ((k >= 5304575) AND (k <= 5304675))

table 5 : explain SELECT k FROM sbtest5 WHERE k BETWEEN 5304575 AND 5304675
	Index Only Scan using k_5 on sbtest5  (cost=0.43..6.43 rows=100 width=4)
	  Index Cond: ((k >= 5304575) AND (k <= 5304675))

table 6 : explain SELECT k FROM sbtest6 WHERE k BETWEEN 5304575 AND 5304675
	Index Only Scan using k_6 on sbtest6  (cost=0.43..6.56 rows=106 width=4)
	  Index Cond: ((k >= 5304575) AND (k <= 5304675))

table 7 : explain SELECT k FROM sbtest7 WHERE k BETWEEN 5304575 AND 5304675
	Index Only Scan using k_7 on sbtest7  (cost=0.43..6.37 rows=97 width=4)
	  Index Cond: ((k >= 5304575) AND (k <= 5304675))

table 8 : explain SELECT k FROM sbtest8 WHERE k BETWEEN 5304575 AND 5304675
	Index Only Scan using k_8 on sbtest8  (cost=0.43..6.35 rows=96 width=4)
	  Index Cond: ((k >= 5304575) AND (k <= 5304675))

for range-covered
table 1 : explain SELECT k FROM sbtest1 WHERE k BETWEEN 2391911 AND 2392011
	Index Only Scan using k_1 on sbtest1  (cost=0.43..6.59 rows=108 width=4)
	  Index Cond: ((k >= 2391911) AND (k <= 2392011))

table 2 : explain SELECT k FROM sbtest2 WHERE k BETWEEN 2391911 AND 2392011
	Index Only Scan using k_2 on sbtest2  (cost=0.43..6.47 rows=102 width=4)
	  Index Cond: ((k >= 2391911) AND (k <= 2392011))

table 3 : explain SELECT k FROM sbtest3 WHERE k BETWEEN 2391911 AND 2392011
	Index Only Scan using k_3 on sbtest3  (cost=0.43..6.37 rows=97 width=4)
	  Index Cond: ((k >= 2391911) AND (k <= 2392011))

table 4 : explain SELECT k FROM sbtest4 WHERE k BETWEEN 2391911 AND 2392011
	Index Only Scan using k_4 on sbtest4  (cost=0.43..6.37 rows=97 width=4)
	  Index Cond: ((k >= 2391911) AND (k <= 2392011))

table 5 : explain SELECT k FROM sbtest5 WHERE k BETWEEN 2391911 AND 2392011
	Index Only Scan using k_5 on sbtest5  (cost=0.43..6.37 rows=97 width=4)
	  Index Cond: ((k >= 2391911) AND (k <= 2392011))

table 6 : explain SELECT k FROM sbtest6 WHERE k BETWEEN 2391911 AND 2392011
	Index Only Scan using k_6 on sbtest6  (cost=0.43..6.35 rows=96 width=4)
	  Index Cond: ((k >= 2391911) AND (k <= 2392011))

table 7 : explain SELECT k FROM sbtest7 WHERE k BETWEEN 2391911 AND 2392011
	Index Only Scan using k_7 on sbtest7  (cost=0.43..6.40 rows=98 width=4)
	  Index Cond: ((k >= 2391911) AND (k <= 2392011))

table 8 : explain SELECT k FROM sbtest8 WHERE k BETWEEN 2391911 AND 2392011
	Index Only Scan using k_8 on sbtest8  (cost=0.43..6.32 rows=94 width=4)
	  Index Cond: ((k >= 2391911) AND (k <= 2392011))

explain: for range-covered :: explain SELECT k FROM sbtest%d WHERE k BETWEEN 4108586 AND 4108686
explain: for range-covered :: explain SELECT k FROM sbtest%d WHERE k BETWEEN 2391911 AND 2392011
for range-covered
table 1 : explain SELECT k FROM sbtest1 WHERE k BETWEEN 2802341 AND 2802441
	Index Only Scan using k_1 on sbtest1  (cost=0.43..6.35 rows=96 width=4)
	  Index Cond: ((k >= 2802341) AND (k <= 2802441))

table 2 : explain SELECT k FROM sbtest2 WHERE k BETWEEN 2802341 AND 2802441
	Index Only Scan using k_2 on sbtest2  (cost=0.43..6.24 rows=90 width=4)
	  Index Cond: ((k >= 2802341) AND (k <= 2802441))

table 3 : explain SELECT k FROM sbtest3 WHERE k BETWEEN 2802341 AND 2802441
	Index Only Scan using k_3 on sbtest3  (cost=0.43..6.35 rows=96 width=4)
	  Index Cond: ((k >= 2802341) AND (k <= 2802441))

table 4 : explain SELECT k FROM sbtest4 WHERE k BETWEEN 2802341 AND 2802441
	Index Only Scan using k_4 on sbtest4  (cost=0.43..6.51 rows=104 width=4)
	  Index Cond: ((k >= 2802341) AND (k <= 2802441))

table 5 : explain SELECT k FROM sbtest5 WHERE k BETWEEN 2802341 AND 2802441
	Index Only Scan using k_5 on sbtest5  (cost=0.43..6.67 rows=112 width=4)
	  Index Cond: ((k >= 2802341) AND (k <= 2802441))

table 6 : explain SELECT k FROM sbtest6 WHERE k BETWEEN 2802341 AND 2802441
	Index Only Scan using k_6 on sbtest6  (cost=0.43..6.33 rows=95 width=4)
	  Index Cond: ((k >= 2802341) AND (k <= 2802441))

table 7 : explain SELECT k FROM sbtest7 WHERE k BETWEEN 2802341 AND 2802441
	Index Only Scan using k_7 on sbtest7  (cost=0.43..6.51 rows=104 width=4)
	  Index Cond: ((k >= 2802341) AND (k <= 2802441))

table 8 : explain SELECT k FROM sbtest8 WHERE k BETWEEN 2802341 AND 2802441
	Index Only Scan using k_8 on sbtest8  (cost=0.43..6.40 rows=98 width=4)
	  Index Cond: ((k >= 2802341) AND (k <= 2802441))

for range-covered
table 1 : explain SELECT k FROM sbtest1 WHERE k BETWEEN 4857746 AND 4857846
	Index Only Scan using k_1 on sbtest1  (cost=0.43..6.50 rows=103 width=4)
	  Index Cond: ((k >= 4857746) AND (k <= 4857846))

table 2 : explain SELECT k FROM sbtest2 WHERE k BETWEEN 4857746 AND 4857846
	Index Only Scan using k_2 on sbtest2  (cost=0.43..6.35 rows=96 width=4)
	  Index Cond: ((k >= 4857746) AND (k <= 4857846))

table 3 : explain SELECT k FROM sbtest3 WHERE k BETWEEN 4857746 AND 4857846
	Index Only Scan using k_3 on sbtest3  (cost=0.43..6.42 rows=99 width=4)
	  Index Cond: ((k >= 4857746) AND (k <= 4857846))

table 4 : explain SELECT k FROM sbtest4 WHERE k BETWEEN 4857746 AND 4857846
	Index Only Scan using k_4 on sbtest4  (cost=0.43..6.33 rows=95 width=4)
	  Index Cond: ((k >= 4857746) AND (k <= 4857846))

table 5 : explain SELECT k FROM sbtest5 WHERE k BETWEEN 4857746 AND 4857846
	Index Only Scan using k_5 on sbtest5  (cost=0.43..6.56 rows=106 width=4)
	  Index Cond: ((k >= 4857746) AND (k <= 4857846))

table 6 : explain SELECT k FROM sbtest6 WHERE k BETWEEN 4857746 AND 4857846
	Index Only Scan using k_6 on sbtest6  (cost=0.43..6.63 rows=110 width=4)
	  Index Cond: ((k >= 4857746) AND (k <= 4857846))

table 7 : explain SELECT k FROM sbtest7 WHERE k BETWEEN 4857746 AND 4857846
	Index Only Scan using k_7 on sbtest7  (cost=0.43..6.35 rows=96 width=4)
	  Index Cond: ((k >= 4857746) AND (k <= 4857846))

table 8 : explain SELECT k FROM sbtest8 WHERE k BETWEEN 4857746 AND 4857846
	Index Only Scan using k_8 on sbtest8  (cost=0.43..6.59 rows=108 width=4)
	  Index Cond: ((k >= 4857746) AND (k <= 4857846))

for range-covered
table 1 : explain SELECT k FROM sbtest1 WHERE k BETWEEN 7109392 AND 7109492
	Index Only Scan using k_1 on sbtest1  (cost=0.43..6.35 rows=96 width=4)
	  Index Cond: ((k >= 7109392) AND (k <= 7109492))

table 2 : explain SELECT k FROM sbtest2 WHERE k BETWEEN 7109392 AND 7109492
	Index Only Scan using k_2 on sbtest2  (cost=0.43..6.69 rows=113 width=4)
	  Index Cond: ((k >= 7109392) AND (k <= 7109492))

table 3 : explain SELECT k FROM sbtest3 WHERE k BETWEEN 7109392 AND 7109492
	Index Only Scan using k_3 on sbtest3  (cost=0.43..6.47 rows=102 width=4)
	  Index Cond: ((k >= 7109392) AND (k <= 7109492))

table 4 : explain SELECT k FROM sbtest4 WHERE k BETWEEN 7109392 AND 7109492
	Index Only Scan using k_4 on sbtest4  (cost=0.43..6.53 rows=105 width=4)
	  Index Cond: ((k >= 7109392) AND (k <= 7109492))

table 5 : explain SELECT k FROM sbtest5 WHERE k BETWEEN 7109392 AND 7109492
	Index Only Scan using k_5 on sbtest5  (cost=0.43..6.56 rows=106 width=4)
	  Index Cond: ((k >= 7109392) AND (k <= 7109492))

table 6 : explain SELECT k FROM sbtest6 WHERE k BETWEEN 7109392 AND 7109492
	Index Only Scan using k_6 on sbtest6  (cost=0.43..6.61 rows=109 width=4)
	  Index Cond: ((k >= 7109392) AND (k <= 7109492))

table 7 : explain SELECT k FROM sbtest7 WHERE k BETWEEN 7109392 AND 7109492
	Index Only Scan using k_7 on sbtest7  (cost=0.43..6.58 rows=107 width=4)
	  Index Cond: ((k >= 7109392) AND (k <= 7109492))

table 8 : explain SELECT k FROM sbtest8 WHERE k BETWEEN 7109392 AND 7109492
	Index Only Scan using k_8 on sbtest8  (cost=0.43..6.43 rows=100 width=4)
	  Index Cond: ((k >= 7109392) AND (k <= 7109492))

explain: for range-covered :: explain SELECT k FROM sbtest%d WHERE k BETWEEN 2802341 AND 2802441
explain: for range-covered :: explain SELECT k FROM sbtest%d WHERE k BETWEEN 7109392 AND 7109492
for range-covered
table 1 : explain SELECT k FROM sbtest1 WHERE k BETWEEN 1426958 AND 1427058
	Index Only Scan using k_1 on sbtest1  (cost=0.43..6.61 rows=109 width=4)
	  Index Cond: ((k >= 1426958) AND (k <= 1427058))

table 2 : explain SELECT k FROM sbtest2 WHERE k BETWEEN 1426958 AND 1427058
	Index Only Scan using k_2 on sbtest2  (cost=0.43..6.61 rows=109 width=4)
	  Index Cond: ((k >= 1426958) AND (k <= 1427058))

table 3 : explain SELECT k FROM sbtest3 WHERE k BETWEEN 1426958 AND 1427058
	Index Only Scan using k_3 on sbtest3  (cost=0.43..6.47 rows=102 width=4)
	  Index Cond: ((k >= 1426958) AND (k <= 1427058))

table 4 : explain SELECT k FROM sbtest4 WHERE k BETWEEN 1426958 AND 1427058
	Index Only Scan using k_4 on sbtest4  (cost=0.43..6.21 rows=89 width=4)
	  Index Cond: ((k >= 1426958) AND (k <= 1427058))

table 5 : explain SELECT k FROM sbtest5 WHERE k BETWEEN 1426958 AND 1427058
	Index Only Scan using k_5 on sbtest5  (cost=0.43..6.40 rows=98 width=4)
	  Index Cond: ((k >= 1426958) AND (k <= 1427058))

table 6 : explain SELECT k FROM sbtest6 WHERE k BETWEEN 1426958 AND 1427058
	Index Only Scan using k_6 on sbtest6  (cost=0.43..6.35 rows=96 width=4)
	  Index Cond: ((k >= 1426958) AND (k <= 1427058))

table 7 : explain SELECT k FROM sbtest7 WHERE k BETWEEN 1426958 AND 1427058
	Index Only Scan using k_7 on sbtest7  (cost=0.43..6.25 rows=91 width=4)
	  Index Cond: ((k >= 1426958) AND (k <= 1427058))

table 8 : explain SELECT k FROM sbtest8 WHERE k BETWEEN 1426958 AND 1427058
	Index Only Scan using k_8 on sbtest8  (cost=0.43..6.56 rows=106 width=4)
	  Index Cond: ((k >= 1426958) AND (k <= 1427058))

for range-covered
table 1 : explain SELECT k FROM sbtest1 WHERE k BETWEEN 1548057 AND 1548157
	Index Only Scan using k_1 on sbtest1  (cost=0.43..6.56 rows=106 width=4)
	  Index Cond: ((k >= 1548057) AND (k <= 1548157))

table 2 : explain SELECT k FROM sbtest2 WHERE k BETWEEN 1548057 AND 1548157
	Index Only Scan using k_2 on sbtest2  (cost=0.43..6.43 rows=100 width=4)
	  Index Cond: ((k >= 1548057) AND (k <= 1548157))

table 3 : explain SELECT k FROM sbtest3 WHERE k BETWEEN 1548057 AND 1548157
	Index Only Scan using k_3 on sbtest3  (cost=0.43..6.40 rows=98 width=4)
	  Index Cond: ((k >= 1548057) AND (k <= 1548157))

table 4 : explain SELECT k FROM sbtest4 WHERE k BETWEEN 1548057 AND 1548157
	Index Only Scan using k_4 on sbtest4  (cost=0.43..6.37 rows=97 width=4)
	  Index Cond: ((k >= 1548057) AND (k <= 1548157))

table 5 : explain SELECT k FROM sbtest5 WHERE k BETWEEN 1548057 AND 1548157
	Index Only Scan using k_5 on sbtest5  (cost=0.43..6.42 rows=99 width=4)
	  Index Cond: ((k >= 1548057) AND (k <= 1548157))

table 6 : explain SELECT k FROM sbtest6 WHERE k BETWEEN 1548057 AND 1548157
	Index Only Scan using k_6 on sbtest6  (cost=0.43..6.45 rows=101 width=4)
	  Index Cond: ((k >= 1548057) AND (k <= 1548157))

table 7 : explain SELECT k FROM sbtest7 WHERE k BETWEEN 1548057 AND 1548157
	Index Only Scan using k_7 on sbtest7  (cost=0.43..6.40 rows=98 width=4)
	  Index Cond: ((k >= 1548057) AND (k <= 1548157))

table 8 : explain SELECT k FROM sbtest8 WHERE k BETWEEN 1548057 AND 1548157
	Index Only Scan using k_8 on sbtest8  (cost=0.43..6.50 rows=103 width=4)
	  Index Cond: ((k >= 1548057) AND (k <= 1548157))

explain: for range-covered :: explain SELECT k FROM sbtest%d WHERE k BETWEEN 1548057 AND 1548157
for range-covered
table 1 : explain SELECT k FROM sbtest1 WHERE k BETWEEN 2802341 AND 2802441
	Index Only Scan using k_1 on sbtest1  (cost=0.43..6.35 rows=96 width=4)
	  Index Cond: ((k >= 2802341) AND (k <= 2802441))

table 2 : explain SELECT k FROM sbtest2 WHERE k BETWEEN 2802341 AND 2802441
	Index Only Scan using k_2 on sbtest2  (cost=0.43..6.24 rows=90 width=4)
	  Index Cond: ((k >= 2802341) AND (k <= 2802441))

table 3 : explain SELECT k FROM sbtest3 WHERE k BETWEEN 2802341 AND 2802441
	Index Only Scan using k_3 on sbtest3  (cost=0.43..6.35 rows=96 width=4)
	  Index Cond: ((k >= 2802341) AND (k <= 2802441))

table 4 : explain SELECT k FROM sbtest4 WHERE k BETWEEN 2802341 AND 2802441
	Index Only Scan using k_4 on sbtest4  (cost=0.43..6.51 rows=104 width=4)
	  Index Cond: ((k >= 2802341) AND (k <= 2802441))

table 5 : explain SELECT k FROM sbtest5 WHERE k BETWEEN 2802341 AND 2802441
	Index Only Scan using k_5 on sbtest5  (cost=0.43..6.67 rows=112 width=4)
	  Index Cond: ((k >= 2802341) AND (k <= 2802441))

table 6 : explain SELECT k FROM sbtest6 WHERE k BETWEEN 2802341 AND 2802441
	Index Only Scan using k_6 on sbtest6  (cost=0.43..6.33 rows=95 width=4)
	  Index Cond: ((k >= 2802341) AND (k <= 2802441))

table 7 : explain SELECT k FROM sbtest7 WHERE k BETWEEN 2802341 AND 2802441
	Index Only Scan using k_7 on sbtest7  (cost=0.43..6.51 rows=104 width=4)
	  Index Cond: ((k >= 2802341) AND (k <= 2802441))

table 8 : explain SELECT k FROM sbtest8 WHERE k BETWEEN 2802341 AND 2802441
	Index Only Scan using k_8 on sbtest8  (cost=0.43..6.40 rows=98 width=4)
	  Index Cond: ((k >= 2802341) AND (k <= 2802441))

for range-covered
table 1 : explain SELECT k FROM sbtest1 WHERE k BETWEEN 7109392 AND 7109492
	Index Only Scan using k_1 on sbtest1  (cost=0.43..6.35 rows=96 width=4)
	  Index Cond: ((k >= 7109392) AND (k <= 7109492))

table 2 : explain SELECT k FROM sbtest2 WHERE k BETWEEN 7109392 AND 7109492
	Index Only Scan using k_2 on sbtest2  (cost=0.43..6.69 rows=113 width=4)
	  Index Cond: ((k >= 7109392) AND (k <= 7109492))

table 3 : explain SELECT k FROM sbtest3 WHERE k BETWEEN 7109392 AND 7109492
	Index Only Scan using k_3 on sbtest3  (cost=0.43..6.47 rows=102 width=4)
	  Index Cond: ((k >= 7109392) AND (k <= 7109492))

table 4 : explain SELECT k FROM sbtest4 WHERE k BETWEEN 7109392 AND 7109492
	Index Only Scan using k_4 on sbtest4  (cost=0.43..6.53 rows=105 width=4)
	  Index Cond: ((k >= 7109392) AND (k <= 7109492))

table 5 : explain SELECT k FROM sbtest5 WHERE k BETWEEN 7109392 AND 7109492
	Index Only Scan using k_5 on sbtest5  (cost=0.43..6.56 rows=106 width=4)
	  Index Cond: ((k >= 7109392) AND (k <= 7109492))

table 6 : explain SELECT k FROM sbtest6 WHERE k BETWEEN 7109392 AND 7109492
	Index Only Scan using k_6 on sbtest6  (cost=0.43..6.61 rows=109 width=4)
	  Index Cond: ((k >= 7109392) AND (k <= 7109492))

table 7 : explain SELECT k FROM sbtest7 WHERE k BETWEEN 7109392 AND 7109492
	Index Only Scan using k_7 on sbtest7  (cost=0.43..6.58 rows=107 width=4)
	  Index Cond: ((k >= 7109392) AND (k <= 7109492))

table 8 : explain SELECT k FROM sbtest8 WHERE k BETWEEN 7109392 AND 7109492
	Index Only Scan using k_8 on sbtest8  (cost=0.43..6.43 rows=100 width=4)
	  Index Cond: ((k >= 7109392) AND (k <= 7109492))

explain: for range-covered :: explain SELECT k FROM sbtest%d WHERE k BETWEEN 7109392 AND 7109492
for range-covered
table 1 : explain SELECT k FROM sbtest1 WHERE k BETWEEN 1548057 AND 1548157
	Index Only Scan using k_1 on sbtest1  (cost=0.43..6.56 rows=106 width=4)
	  Index Cond: ((k >= 1548057) AND (k <= 1548157))

table 2 : explain SELECT k FROM sbtest2 WHERE k BETWEEN 1548057 AND 1548157
	Index Only Scan using k_2 on sbtest2  (cost=0.43..6.43 rows=100 width=4)
	  Index Cond: ((k >= 1548057) AND (k <= 1548157))

table 3 : explain SELECT k FROM sbtest3 WHERE k BETWEEN 1548057 AND 1548157
	Index Only Scan using k_3 on sbtest3  (cost=0.43..6.40 rows=98 width=4)
	  Index Cond: ((k >= 1548057) AND (k <= 1548157))

table 4 : explain SELECT k FROM sbtest4 WHERE k BETWEEN 1548057 AND 1548157
	Index Only Scan using k_4 on sbtest4  (cost=0.43..6.37 rows=97 width=4)
	  Index Cond: ((k >= 1548057) AND (k <= 1548157))

table 5 : explain SELECT k FROM sbtest5 WHERE k BETWEEN 1548057 AND 1548157
	Index Only Scan using k_5 on sbtest5  (cost=0.43..6.42 rows=99 width=4)
	  Index Cond: ((k >= 1548057) AND (k <= 1548157))

table 6 : explain SELECT k FROM sbtest6 WHERE k BETWEEN 1548057 AND 1548157
	Index Only Scan using k_6 on sbtest6  (cost=0.43..6.45 rows=101 width=4)
	  Index Cond: ((k >= 1548057) AND (k <= 1548157))

table 7 : explain SELECT k FROM sbtest7 WHERE k BETWEEN 1548057 AND 1548157
	Index Only Scan using k_7 on sbtest7  (cost=0.43..6.40 rows=98 width=4)
	  Index Cond: ((k >= 1548057) AND (k <= 1548157))

table 8 : explain SELECT k FROM sbtest8 WHERE k BETWEEN 1548057 AND 1548157
	Index Only Scan using k_8 on sbtest8  (cost=0.43..6.50 rows=103 width=4)
	  Index Cond: ((k >= 1548057) AND (k <= 1548157))

explain: for range-covered :: explain SELECT k FROM sbtest%d WHERE k BETWEEN 1548057 AND 1548157
for range-covered
table 1 : explain SELECT k FROM sbtest1 WHERE k BETWEEN 2391911 AND 2392011
	Index Only Scan using k_1 on sbtest1  (cost=0.43..6.59 rows=108 width=4)
	  Index Cond: ((k >= 2391911) AND (k <= 2392011))

table 2 : explain SELECT k FROM sbtest2 WHERE k BETWEEN 2391911 AND 2392011
	Index Only Scan using k_2 on sbtest2  (cost=0.43..6.47 rows=102 width=4)
	  Index Cond: ((k >= 2391911) AND (k <= 2392011))

table 3 : explain SELECT k FROM sbtest3 WHERE k BETWEEN 2391911 AND 2392011
	Index Only Scan using k_3 on sbtest3  (cost=0.43..6.37 rows=97 width=4)
	  Index Cond: ((k >= 2391911) AND (k <= 2392011))

table 4 : explain SELECT k FROM sbtest4 WHERE k BETWEEN 2391911 AND 2392011
	Index Only Scan using k_4 on sbtest4  (cost=0.43..6.37 rows=97 width=4)
	  Index Cond: ((k >= 2391911) AND (k <= 2392011))

table 5 : explain SELECT k FROM sbtest5 WHERE k BETWEEN 2391911 AND 2392011
	Index Only Scan using k_5 on sbtest5  (cost=0.43..6.37 rows=97 width=4)
	  Index Cond: ((k >= 2391911) AND (k <= 2392011))

table 6 : explain SELECT k FROM sbtest6 WHERE k BETWEEN 2391911 AND 2392011
	Index Only Scan using k_6 on sbtest6  (cost=0.43..6.35 rows=96 width=4)
	  Index Cond: ((k >= 2391911) AND (k <= 2392011))

table 7 : explain SELECT k FROM sbtest7 WHERE k BETWEEN 2391911 AND 2392011
	Index Only Scan using k_7 on sbtest7  (cost=0.43..6.40 rows=98 width=4)
	  Index Cond: ((k >= 2391911) AND (k <= 2392011))

table 8 : explain SELECT k FROM sbtest8 WHERE k BETWEEN 2391911 AND 2392011
	Index Only Scan using k_8 on sbtest8  (cost=0.43..6.32 rows=94 width=4)
	  Index Cond: ((k >= 2391911) AND (k <= 2392011))

for range-covered
table 1 : explain SELECT k FROM sbtest1 WHERE k BETWEEN 4108586 AND 4108686
	Index Only Scan using k_1 on sbtest1  (cost=0.43..6.63 rows=110 width=4)
	  Index Cond: ((k >= 4108586) AND (k <= 4108686))

table 2 : explain SELECT k FROM sbtest2 WHERE k BETWEEN 4108586 AND 4108686
	Index Only Scan using k_2 on sbtest2  (cost=0.43..6.47 rows=102 width=4)
	  Index Cond: ((k >= 4108586) AND (k <= 4108686))

table 3 : explain SELECT k FROM sbtest3 WHERE k BETWEEN 4108586 AND 4108686
	Index Only Scan using k_3 on sbtest3  (cost=0.43..6.47 rows=102 width=4)
	  Index Cond: ((k >= 4108586) AND (k <= 4108686))

table 4 : explain SELECT k FROM sbtest4 WHERE k BETWEEN 4108586 AND 4108686
	Index Only Scan using k_4 on sbtest4  (cost=0.43..6.45 rows=101 width=4)
	  Index Cond: ((k >= 4108586) AND (k <= 4108686))

table 5 : explain SELECT k FROM sbtest5 WHERE k BETWEEN 4108586 AND 4108686
	Index Only Scan using k_5 on sbtest5  (cost=0.43..6.53 rows=105 width=4)
	  Index Cond: ((k >= 4108586) AND (k <= 4108686))

table 6 : explain SELECT k FROM sbtest6 WHERE k BETWEEN 4108586 AND 4108686
	Index Only Scan using k_6 on sbtest6  (cost=0.43..6.50 rows=103 width=4)
	  Index Cond: ((k >= 4108586) AND (k <= 4108686))

table 7 : explain SELECT k FROM sbtest7 WHERE k BETWEEN 4108586 AND 4108686
	Index Only Scan using k_7 on sbtest7  (cost=0.43..6.43 rows=100 width=4)
	  Index Cond: ((k >= 4108586) AND (k <= 4108686))

table 8 : explain SELECT k FROM sbtest8 WHERE k BETWEEN 4108586 AND 4108686
	Index Only Scan using k_8 on sbtest8  (cost=0.43..6.37 rows=97 width=4)
	  Index Cond: ((k >= 4108586) AND (k <= 4108686))

explain: for range-covered :: explain SELECT k FROM sbtest%d WHERE k BETWEEN 2391911 AND 2392011
for range-covered
table 1 : explain SELECT k FROM sbtest1 WHERE k BETWEEN 7109392 AND 7109492
	Index Only Scan using k_1 on sbtest1  (cost=0.43..6.35 rows=96 width=4)
	  Index Cond: ((k >= 7109392) AND (k <= 7109492))

table 2 : explain SELECT k FROM sbtest2 WHERE k BETWEEN 7109392 AND 7109492
	Index Only Scan using k_2 on sbtest2  (cost=0.43..6.69 rows=113 width=4)
	  Index Cond: ((k >= 7109392) AND (k <= 7109492))

table 3 : explain SELECT k FROM sbtest3 WHERE k BETWEEN 7109392 AND 7109492
	Index Only Scan using k_3 on sbtest3  (cost=0.43..6.47 rows=102 width=4)
	  Index Cond: ((k >= 7109392) AND (k <= 7109492))

table 4 : explain SELECT k FROM sbtest4 WHERE k BETWEEN 7109392 AND 7109492
	Index Only Scan using k_4 on sbtest4  (cost=0.43..6.53 rows=105 width=4)
	  Index Cond: ((k >= 7109392) AND (k <= 7109492))

table 5 : explain SELECT k FROM sbtest5 WHERE k BETWEEN 7109392 AND 7109492
	Index Only Scan using k_5 on sbtest5  (cost=0.43..6.56 rows=106 width=4)
	  Index Cond: ((k >= 7109392) AND (k <= 7109492))

table 6 : explain SELECT k FROM sbtest6 WHERE k BETWEEN 7109392 AND 7109492
	Index Only Scan using k_6 on sbtest6  (cost=0.43..6.61 rows=109 width=4)
	  Index Cond: ((k >= 7109392) AND (k <= 7109492))

table 7 : explain SELECT k FROM sbtest7 WHERE k BETWEEN 7109392 AND 7109492
	Index Only Scan using k_7 on sbtest7  (cost=0.43..6.58 rows=107 width=4)
	  Index Cond: ((k >= 7109392) AND (k <= 7109492))

table 8 : explain SELECT k FROM sbtest8 WHERE k BETWEEN 7109392 AND 7109492
	Index Only Scan using k_8 on sbtest8  (cost=0.43..6.43 rows=100 width=4)
	  Index Cond: ((k >= 7109392) AND (k <= 7109492))

explain: for range-covered :: explain SELECT k FROM sbtest%d WHERE k BETWEEN 4108586 AND 4108686
for range-covered
table 1 : explain SELECT k FROM sbtest1 WHERE k BETWEEN 1548057 AND 1548157
	Index Only Scan using k_1 on sbtest1  (cost=0.43..6.56 rows=106 width=4)
	  Index Cond: ((k >= 1548057) AND (k <= 1548157))

table 2 : explain SELECT k FROM sbtest2 WHERE k BETWEEN 1548057 AND 1548157
	Index Only Scan using k_2 on sbtest2  (cost=0.43..6.43 rows=100 width=4)
	  Index Cond: ((k >= 1548057) AND (k <= 1548157))

table 3 : explain SELECT k FROM sbtest3 WHERE k BETWEEN 1548057 AND 1548157
	Index Only Scan using k_3 on sbtest3  (cost=0.43..6.40 rows=98 width=4)
	  Index Cond: ((k >= 1548057) AND (k <= 1548157))

table 4 : explain SELECT k FROM sbtest4 WHERE k BETWEEN 1548057 AND 1548157
	Index Only Scan using k_4 on sbtest4  (cost=0.43..6.37 rows=97 width=4)
	  Index Cond: ((k >= 1548057) AND (k <= 1548157))

table 5 : explain SELECT k FROM sbtest5 WHERE k BETWEEN 1548057 AND 1548157
	Index Only Scan using k_5 on sbtest5  (cost=0.43..6.42 rows=99 width=4)
	  Index Cond: ((k >= 1548057) AND (k <= 1548157))

table 6 : explain SELECT k FROM sbtest6 WHERE k BETWEEN 1548057 AND 1548157
	Index Only Scan using k_6 on sbtest6  (cost=0.43..6.45 rows=101 width=4)
	  Index Cond: ((k >= 1548057) AND (k <= 1548157))

table 7 : explain SELECT k FROM sbtest7 WHERE k BETWEEN 1548057 AND 1548157
	Index Only Scan using k_7 on sbtest7  (cost=0.43..6.40 rows=98 width=4)
	  Index Cond: ((k >= 1548057) AND (k <= 1548157))

table 8 : explain SELECT k FROM sbtest8 WHERE k BETWEEN 1548057 AND 1548157
	Index Only Scan using k_8 on sbtest8  (cost=0.43..6.50 rows=103 width=4)
	  Index Cond: ((k >= 1548057) AND (k <= 1548157))

explain: for range-covered :: explain SELECT k FROM sbtest%d WHERE k BETWEEN 1548057 AND 1548157
for range-covered
table 1 : explain SELECT k FROM sbtest1 WHERE k BETWEEN 1548057 AND 1548157
	Index Only Scan using k_1 on sbtest1  (cost=0.43..6.56 rows=106 width=4)
	  Index Cond: ((k >= 1548057) AND (k <= 1548157))

table 2 : explain SELECT k FROM sbtest2 WHERE k BETWEEN 1548057 AND 1548157
	Index Only Scan using k_2 on sbtest2  (cost=0.43..6.43 rows=100 width=4)
	  Index Cond: ((k >= 1548057) AND (k <= 1548157))

table 3 : explain SELECT k FROM sbtest3 WHERE k BETWEEN 1548057 AND 1548157
	Index Only Scan using k_3 on sbtest3  (cost=0.43..6.40 rows=98 width=4)
	  Index Cond: ((k >= 1548057) AND (k <= 1548157))

table 4 : explain SELECT k FROM sbtest4 WHERE k BETWEEN 1548057 AND 1548157
	Index Only Scan using k_4 on sbtest4  (cost=0.43..6.37 rows=97 width=4)
	  Index Cond: ((k >= 1548057) AND (k <= 1548157))

table 5 : explain SELECT k FROM sbtest5 WHERE k BETWEEN 1548057 AND 1548157
	Index Only Scan using k_5 on sbtest5  (cost=0.43..6.42 rows=99 width=4)
	  Index Cond: ((k >= 1548057) AND (k <= 1548157))

table 6 : explain SELECT k FROM sbtest6 WHERE k BETWEEN 1548057 AND 1548157
	Index Only Scan using k_6 on sbtest6  (cost=0.43..6.45 rows=101 width=4)
	  Index Cond: ((k >= 1548057) AND (k <= 1548157))

table 7 : explain SELECT k FROM sbtest7 WHERE k BETWEEN 1548057 AND 1548157
	Index Only Scan using k_7 on sbtest7  (cost=0.43..6.40 rows=98 width=4)
	  Index Cond: ((k >= 1548057) AND (k <= 1548157))

table 8 : explain SELECT k FROM sbtest8 WHERE k BETWEEN 1548057 AND 1548157
	Index Only Scan using k_8 on sbtest8  (cost=0.43..6.50 rows=103 width=4)
	  Index Cond: ((k >= 1548057) AND (k <= 1548157))

explain: for range-covered :: explain SELECT k FROM sbtest%d WHERE k BETWEEN 1548057 AND 1548157
for range-covered
table 1 : explain SELECT k FROM sbtest1 WHERE k BETWEEN 2391911 AND 2392011
	Index Only Scan using k_1 on sbtest1  (cost=0.43..6.59 rows=108 width=4)
	  Index Cond: ((k >= 2391911) AND (k <= 2392011))

table 2 : explain SELECT k FROM sbtest2 WHERE k BETWEEN 2391911 AND 2392011
	Index Only Scan using k_2 on sbtest2  (cost=0.43..6.47 rows=102 width=4)
	  Index Cond: ((k >= 2391911) AND (k <= 2392011))

table 3 : explain SELECT k FROM sbtest3 WHERE k BETWEEN 2391911 AND 2392011
	Index Only Scan using k_3 on sbtest3  (cost=0.43..6.37 rows=97 width=4)
	  Index Cond: ((k >= 2391911) AND (k <= 2392011))

table 4 : explain SELECT k FROM sbtest4 WHERE k BETWEEN 2391911 AND 2392011
	Index Only Scan using k_4 on sbtest4  (cost=0.43..6.37 rows=97 width=4)
	  Index Cond: ((k >= 2391911) AND (k <= 2392011))

table 5 : explain SELECT k FROM sbtest5 WHERE k BETWEEN 2391911 AND 2392011
	Index Only Scan using k_5 on sbtest5  (cost=0.43..6.37 rows=97 width=4)
	  Index Cond: ((k >= 2391911) AND (k <= 2392011))

table 6 : explain SELECT k FROM sbtest6 WHERE k BETWEEN 2391911 AND 2392011
	Index Only Scan using k_6 on sbtest6  (cost=0.43..6.35 rows=96 width=4)
	  Index Cond: ((k >= 2391911) AND (k <= 2392011))

table 7 : explain SELECT k FROM sbtest7 WHERE k BETWEEN 2391911 AND 2392011
	Index Only Scan using k_7 on sbtest7  (cost=0.43..6.40 rows=98 width=4)
	  Index Cond: ((k >= 2391911) AND (k <= 2392011))

table 8 : explain SELECT k FROM sbtest8 WHERE k BETWEEN 2391911 AND 2392011
	Index Only Scan using k_8 on sbtest8  (cost=0.43..6.32 rows=94 width=4)
	  Index Cond: ((k >= 2391911) AND (k <= 2392011))

explain: for range-covered :: explain SELECT k FROM sbtest%d WHERE k BETWEEN 2391911 AND 2392011
for range-covered
table 1 : explain SELECT k FROM sbtest1 WHERE k BETWEEN 4108586 AND 4108686
	Index Only Scan using k_1 on sbtest1  (cost=0.43..6.63 rows=110 width=4)
	  Index Cond: ((k >= 4108586) AND (k <= 4108686))

table 2 : explain SELECT k FROM sbtest2 WHERE k BETWEEN 4108586 AND 4108686
	Index Only Scan using k_2 on sbtest2  (cost=0.43..6.47 rows=102 width=4)
	  Index Cond: ((k >= 4108586) AND (k <= 4108686))

table 3 : explain SELECT k FROM sbtest3 WHERE k BETWEEN 4108586 AND 4108686
	Index Only Scan using k_3 on sbtest3  (cost=0.43..6.47 rows=102 width=4)
	  Index Cond: ((k >= 4108586) AND (k <= 4108686))

table 4 : explain SELECT k FROM sbtest4 WHERE k BETWEEN 4108586 AND 4108686
	Index Only Scan using k_4 on sbtest4  (cost=0.43..6.45 rows=101 width=4)
	  Index Cond: ((k >= 4108586) AND (k <= 4108686))

table 5 : explain SELECT k FROM sbtest5 WHERE k BETWEEN 4108586 AND 4108686
	Index Only Scan using k_5 on sbtest5  (cost=0.43..6.53 rows=105 width=4)
	  Index Cond: ((k >= 4108586) AND (k <= 4108686))

table 6 : explain SELECT k FROM sbtest6 WHERE k BETWEEN 4108586 AND 4108686
	Index Only Scan using k_6 on sbtest6  (cost=0.43..6.50 rows=103 width=4)
	  Index Cond: ((k >= 4108586) AND (k <= 4108686))

table 7 : explain SELECT k FROM sbtest7 WHERE k BETWEEN 4108586 AND 4108686
	Index Only Scan using k_7 on sbtest7  (cost=0.43..6.43 rows=100 width=4)
	  Index Cond: ((k >= 4108586) AND (k <= 4108686))

table 8 : explain SELECT k FROM sbtest8 WHERE k BETWEEN 4108586 AND 4108686
	Index Only Scan using k_8 on sbtest8  (cost=0.43..6.37 rows=97 width=4)
	  Index Cond: ((k >= 4108586) AND (k <= 4108686))

for range-covered
table 1 : explain SELECT k FROM sbtest1 WHERE k BETWEEN 1548057 AND 1548157
	Index Only Scan using k_1 on sbtest1  (cost=0.43..6.56 rows=106 width=4)
	  Index Cond: ((k >= 1548057) AND (k <= 1548157))

table 2 : explain SELECT k FROM sbtest2 WHERE k BETWEEN 1548057 AND 1548157
	Index Only Scan using k_2 on sbtest2  (cost=0.43..6.43 rows=100 width=4)
	  Index Cond: ((k >= 1548057) AND (k <= 1548157))

table 3 : explain SELECT k FROM sbtest3 WHERE k BETWEEN 1548057 AND 1548157
	Index Only Scan using k_3 on sbtest3  (cost=0.43..6.40 rows=98 width=4)
	  Index Cond: ((k >= 1548057) AND (k <= 1548157))

table 4 : explain SELECT k FROM sbtest4 WHERE k BETWEEN 1548057 AND 1548157
	Index Only Scan using k_4 on sbtest4  (cost=0.43..6.37 rows=97 width=4)
	  Index Cond: ((k >= 1548057) AND (k <= 1548157))

table 5 : explain SELECT k FROM sbtest5 WHERE k BETWEEN 1548057 AND 1548157
	Index Only Scan using k_5 on sbtest5  (cost=0.43..6.42 rows=99 width=4)
	  Index Cond: ((k >= 1548057) AND (k <= 1548157))

table 6 : explain SELECT k FROM sbtest6 WHERE k BETWEEN 1548057 AND 1548157
	Index Only Scan using k_6 on sbtest6  (cost=0.43..6.45 rows=101 width=4)
	  Index Cond: ((k >= 1548057) AND (k <= 1548157))

table 7 : explain SELECT k FROM sbtest7 WHERE k BETWEEN 1548057 AND 1548157
	Index Only Scan using k_7 on sbtest7  (cost=0.43..6.40 rows=98 width=4)
	  Index Cond: ((k >= 1548057) AND (k <= 1548157))

table 8 : explain SELECT k FROM sbtest8 WHERE k BETWEEN 1548057 AND 1548157
	Index Only Scan using k_8 on sbtest8  (cost=0.43..6.50 rows=103 width=4)
	  Index Cond: ((k >= 1548057) AND (k <= 1548157))

explain: for range-covered :: explain SELECT k FROM sbtest%d WHERE k BETWEEN 8321489 AND 8321589
for range-covered
table 1 : explain SELECT k FROM sbtest1 WHERE k BETWEEN 2391911 AND 2392011
	Index Only Scan using k_1 on sbtest1  (cost=0.43..6.59 rows=108 width=4)
	  Index Cond: ((k >= 2391911) AND (k <= 2392011))

table 2 : explain SELECT k FROM sbtest2 WHERE k BETWEEN 2391911 AND 2392011
	Index Only Scan using k_2 on sbtest2  (cost=0.43..6.47 rows=102 width=4)
	  Index Cond: ((k >= 2391911) AND (k <= 2392011))

table 3 : explain SELECT k FROM sbtest3 WHERE k BETWEEN 2391911 AND 2392011
	Index Only Scan using k_3 on sbtest3  (cost=0.43..6.37 rows=97 width=4)
	  Index Cond: ((k >= 2391911) AND (k <= 2392011))

table 4 : explain SELECT k FROM sbtest4 WHERE k BETWEEN 2391911 AND 2392011
	Index Only Scan using k_4 on sbtest4  (cost=0.43..6.37 rows=97 width=4)
	  Index Cond: ((k >= 2391911) AND (k <= 2392011))

table 5 : explain SELECT k FROM sbtest5 WHERE k BETWEEN 2391911 AND 2392011
	Index Only Scan using k_5 on sbtest5  (cost=0.43..6.37 rows=97 width=4)
	  Index Cond: ((k >= 2391911) AND (k <= 2392011))

table 6 : explain SELECT k FROM sbtest6 WHERE k BETWEEN 2391911 AND 2392011
	Index Only Scan using k_6 on sbtest6  (cost=0.43..6.35 rows=96 width=4)
	  Index Cond: ((k >= 2391911) AND (k <= 2392011))

table 7 : explain SELECT k FROM sbtest7 WHERE k BETWEEN 2391911 AND 2392011
	Index Only Scan using k_7 on sbtest7  (cost=0.43..6.40 rows=98 width=4)
	  Index Cond: ((k >= 2391911) AND (k <= 2392011))

table 8 : explain SELECT k FROM sbtest8 WHERE k BETWEEN 2391911 AND 2392011
	Index Only Scan using k_8 on sbtest8  (cost=0.43..6.32 rows=94 width=4)
	  Index Cond: ((k >= 2391911) AND (k <= 2392011))

explain: for range-covered :: explain SELECT k FROM sbtest%d WHERE k BETWEEN 2391911 AND 2392011
for range-covered
table 1 : explain SELECT k FROM sbtest1 WHERE k BETWEEN 8321489 AND 8321589
	Index Only Scan using k_1 on sbtest1  (cost=0.43..6.45 rows=101 width=4)
	  Index Cond: ((k >= 8321489) AND (k <= 8321589))

table 2 : explain SELECT k FROM sbtest2 WHERE k BETWEEN 8321489 AND 8321589
	Index Only Scan using k_2 on sbtest2  (cost=0.43..6.45 rows=101 width=4)
	  Index Cond: ((k >= 8321489) AND (k <= 8321589))

table 3 : explain SELECT k FROM sbtest3 WHERE k BETWEEN 8321489 AND 8321589
	Index Only Scan using k_3 on sbtest3  (cost=0.43..6.35 rows=96 width=4)
	  Index Cond: ((k >= 8321489) AND (k <= 8321589))

table 4 : explain SELECT k FROM sbtest4 WHERE k BETWEEN 8321489 AND 8321589
	Index Only Scan using k_4 on sbtest4  (cost=0.43..6.24 rows=90 width=4)
	  Index Cond: ((k >= 8321489) AND (k <= 8321589))

table 5 : explain SELECT k FROM sbtest5 WHERE k BETWEEN 8321489 AND 8321589
	Index Only Scan using k_5 on sbtest5  (cost=0.43..6.66 rows=111 width=4)
	  Index Cond: ((k >= 8321489) AND (k <= 8321589))

table 6 : explain SELECT k FROM sbtest6 WHERE k BETWEEN 8321489 AND 8321589
	Index Only Scan using k_6 on sbtest6  (cost=0.43..6.43 rows=100 width=4)
	  Index Cond: ((k >= 8321489) AND (k <= 8321589))

table 7 : explain SELECT k FROM sbtest7 WHERE k BETWEEN 8321489 AND 8321589
	Index Only Scan using k_7 on sbtest7  (cost=0.43..6.45 rows=101 width=4)
	  Index Cond: ((k >= 8321489) AND (k <= 8321589))

table 8 : explain SELECT k FROM sbtest8 WHERE k BETWEEN 8321489 AND 8321589
	Index Only Scan using k_8 on sbtest8  (cost=0.43..6.40 rows=98 width=4)
	  Index Cond: ((k >= 8321489) AND (k <= 8321589))

for range-covered
table 1 : explain SELECT k FROM sbtest1 WHERE k BETWEEN 2391911 AND 2392011
	Index Only Scan using k_1 on sbtest1  (cost=0.43..6.59 rows=108 width=4)
	  Index Cond: ((k >= 2391911) AND (k <= 2392011))

table 2 : explain SELECT k FROM sbtest2 WHERE k BETWEEN 2391911 AND 2392011
	Index Only Scan using k_2 on sbtest2  (cost=0.43..6.47 rows=102 width=4)
	  Index Cond: ((k >= 2391911) AND (k <= 2392011))

table 3 : explain SELECT k FROM sbtest3 WHERE k BETWEEN 2391911 AND 2392011
	Index Only Scan using k_3 on sbtest3  (cost=0.43..6.37 rows=97 width=4)
	  Index Cond: ((k >= 2391911) AND (k <= 2392011))

table 4 : explain SELECT k FROM sbtest4 WHERE k BETWEEN 2391911 AND 2392011
	Index Only Scan using k_4 on sbtest4  (cost=0.43..6.37 rows=97 width=4)
	  Index Cond: ((k >= 2391911) AND (k <= 2392011))

table 5 : explain SELECT k FROM sbtest5 WHERE k BETWEEN 2391911 AND 2392011
	Index Only Scan using k_5 on sbtest5  (cost=0.43..6.37 rows=97 width=4)
	  Index Cond: ((k >= 2391911) AND (k <= 2392011))

table 6 : explain SELECT k FROM sbtest6 WHERE k BETWEEN 2391911 AND 2392011
	Index Only Scan using k_6 on sbtest6  (cost=0.43..6.35 rows=96 width=4)
	  Index Cond: ((k >= 2391911) AND (k <= 2392011))

table 7 : explain SELECT k FROM sbtest7 WHERE k BETWEEN 2391911 AND 2392011
	Index Only Scan using k_7 on sbtest7  (cost=0.43..6.40 rows=98 width=4)
	  Index Cond: ((k >= 2391911) AND (k <= 2392011))

table 8 : explain SELECT k FROM sbtest8 WHERE k BETWEEN 2391911 AND 2392011
	Index Only Scan using k_8 on sbtest8  (cost=0.43..6.32 rows=94 width=4)
	  Index Cond: ((k >= 2391911) AND (k <= 2392011))

explain: for range-covered :: explain SELECT k FROM sbtest%d WHERE k BETWEEN 8321489 AND 8321589
explain: for range-covered :: explain SELECT k FROM sbtest%d WHERE k BETWEEN 2391911 AND 2392011
for range-covered
table 1 : explain SELECT k FROM sbtest1 WHERE k BETWEEN 8321489 AND 8321589
	Index Only Scan using k_1 on sbtest1  (cost=0.43..6.45 rows=101 width=4)
	  Index Cond: ((k >= 8321489) AND (k <= 8321589))

table 2 : explain SELECT k FROM sbtest2 WHERE k BETWEEN 8321489 AND 8321589
	Index Only Scan using k_2 on sbtest2  (cost=0.43..6.45 rows=101 width=4)
	  Index Cond: ((k >= 8321489) AND (k <= 8321589))

table 3 : explain SELECT k FROM sbtest3 WHERE k BETWEEN 8321489 AND 8321589
	Index Only Scan using k_3 on sbtest3  (cost=0.43..6.35 rows=96 width=4)
	  Index Cond: ((k >= 8321489) AND (k <= 8321589))

table 4 : explain SELECT k FROM sbtest4 WHERE k BETWEEN 8321489 AND 8321589
	Index Only Scan using k_4 on sbtest4  (cost=0.43..6.24 rows=90 width=4)
	  Index Cond: ((k >= 8321489) AND (k <= 8321589))

table 5 : explain SELECT k FROM sbtest5 WHERE k BETWEEN 8321489 AND 8321589
	Index Only Scan using k_5 on sbtest5  (cost=0.43..6.66 rows=111 width=4)
	  Index Cond: ((k >= 8321489) AND (k <= 8321589))

table 6 : explain SELECT k FROM sbtest6 WHERE k BETWEEN 8321489 AND 8321589
	Index Only Scan using k_6 on sbtest6  (cost=0.43..6.43 rows=100 width=4)
	  Index Cond: ((k >= 8321489) AND (k <= 8321589))

table 7 : explain SELECT k FROM sbtest7 WHERE k BETWEEN 8321489 AND 8321589
	Index Only Scan using k_7 on sbtest7  (cost=0.43..6.45 rows=101 width=4)
	  Index Cond: ((k >= 8321489) AND (k <= 8321589))

table 8 : explain SELECT k FROM sbtest8 WHERE k BETWEEN 8321489 AND 8321589
	Index Only Scan using k_8 on sbtest8  (cost=0.43..6.40 rows=98 width=4)
	  Index Cond: ((k >= 8321489) AND (k <= 8321589))

explain: for range-covered :: explain SELECT k FROM sbtest%d WHERE k BETWEEN 8321489 AND 8321589
for range-covered
table 1 : explain SELECT k FROM sbtest1 WHERE k BETWEEN 2391911 AND 2392011
	Index Only Scan using k_1 on sbtest1  (cost=0.43..6.59 rows=108 width=4)
	  Index Cond: ((k >= 2391911) AND (k <= 2392011))

table 2 : explain SELECT k FROM sbtest2 WHERE k BETWEEN 2391911 AND 2392011
	Index Only Scan using k_2 on sbtest2  (cost=0.43..6.47 rows=102 width=4)
	  Index Cond: ((k >= 2391911) AND (k <= 2392011))

table 3 : explain SELECT k FROM sbtest3 WHERE k BETWEEN 2391911 AND 2392011
	Index Only Scan using k_3 on sbtest3  (cost=0.43..6.37 rows=97 width=4)
	  Index Cond: ((k >= 2391911) AND (k <= 2392011))

table 4 : explain SELECT k FROM sbtest4 WHERE k BETWEEN 2391911 AND 2392011
	Index Only Scan using k_4 on sbtest4  (cost=0.43..6.37 rows=97 width=4)
	  Index Cond: ((k >= 2391911) AND (k <= 2392011))

table 5 : explain SELECT k FROM sbtest5 WHERE k BETWEEN 2391911 AND 2392011
	Index Only Scan using k_5 on sbtest5  (cost=0.43..6.37 rows=97 width=4)
	  Index Cond: ((k >= 2391911) AND (k <= 2392011))

table 6 : explain SELECT k FROM sbtest6 WHERE k BETWEEN 2391911 AND 2392011
	Index Only Scan using k_6 on sbtest6  (cost=0.43..6.35 rows=96 width=4)
	  Index Cond: ((k >= 2391911) AND (k <= 2392011))

table 7 : explain SELECT k FROM sbtest7 WHERE k BETWEEN 2391911 AND 2392011
	Index Only Scan using k_7 on sbtest7  (cost=0.43..6.40 rows=98 width=4)
	  Index Cond: ((k >= 2391911) AND (k <= 2392011))

table 8 : explain SELECT k FROM sbtest8 WHERE k BETWEEN 2391911 AND 2392011
	Index Only Scan using k_8 on sbtest8  (cost=0.43..6.32 rows=94 width=4)
	  Index Cond: ((k >= 2391911) AND (k <= 2392011))

for range-covered
table 1 : explain SELECT k FROM sbtest1 WHERE k BETWEEN 8321489 AND 8321589
	Index Only Scan using k_1 on sbtest1  (cost=0.43..6.45 rows=101 width=4)
	  Index Cond: ((k >= 8321489) AND (k <= 8321589))

table 2 : explain SELECT k FROM sbtest2 WHERE k BETWEEN 8321489 AND 8321589
	Index Only Scan using k_2 on sbtest2  (cost=0.43..6.45 rows=101 width=4)
	  Index Cond: ((k >= 8321489) AND (k <= 8321589))

table 3 : explain SELECT k FROM sbtest3 WHERE k BETWEEN 8321489 AND 8321589
	Index Only Scan using k_3 on sbtest3  (cost=0.43..6.35 rows=96 width=4)
	  Index Cond: ((k >= 8321489) AND (k <= 8321589))

table 4 : explain SELECT k FROM sbtest4 WHERE k BETWEEN 8321489 AND 8321589
	Index Only Scan using k_4 on sbtest4  (cost=0.43..6.24 rows=90 width=4)
	  Index Cond: ((k >= 8321489) AND (k <= 8321589))

table 5 : explain SELECT k FROM sbtest5 WHERE k BETWEEN 8321489 AND 8321589
	Index Only Scan using k_5 on sbtest5  (cost=0.43..6.66 rows=111 width=4)
	  Index Cond: ((k >= 8321489) AND (k <= 8321589))

table 6 : explain SELECT k FROM sbtest6 WHERE k BETWEEN 8321489 AND 8321589
	Index Only Scan using k_6 on sbtest6  (cost=0.43..6.43 rows=100 width=4)
	  Index Cond: ((k >= 8321489) AND (k <= 8321589))

table 7 : explain SELECT k FROM sbtest7 WHERE k BETWEEN 8321489 AND 8321589
	Index Only Scan using k_7 on sbtest7  (cost=0.43..6.45 rows=101 width=4)
	  Index Cond: ((k >= 8321489) AND (k <= 8321589))

table 8 : explain SELECT k FROM sbtest8 WHERE k BETWEEN 8321489 AND 8321589
	Index Only Scan using k_8 on sbtest8  (cost=0.43..6.40 rows=98 width=4)
	  Index Cond: ((k >= 8321489) AND (k <= 8321589))

explain: for range-covered :: explain SELECT k FROM sbtest%d WHERE k BETWEEN 8321489 AND 8321589
for range-covered
table 1 : explain SELECT k FROM sbtest1 WHERE k BETWEEN 8321489 AND 8321589
	Index Only Scan using k_1 on sbtest1  (cost=0.43..6.45 rows=101 width=4)
	  Index Cond: ((k >= 8321489) AND (k <= 8321589))

table 2 : explain SELECT k FROM sbtest2 WHERE k BETWEEN 8321489 AND 8321589
	Index Only Scan using k_2 on sbtest2  (cost=0.43..6.45 rows=101 width=4)
	  Index Cond: ((k >= 8321489) AND (k <= 8321589))

table 3 : explain SELECT k FROM sbtest3 WHERE k BETWEEN 8321489 AND 8321589
	Index Only Scan using k_3 on sbtest3  (cost=0.43..6.35 rows=96 width=4)
	  Index Cond: ((k >= 8321489) AND (k <= 8321589))

table 4 : explain SELECT k FROM sbtest4 WHERE k BETWEEN 8321489 AND 8321589
	Index Only Scan using k_4 on sbtest4  (cost=0.43..6.24 rows=90 width=4)
	  Index Cond: ((k >= 8321489) AND (k <= 8321589))

table 5 : explain SELECT k FROM sbtest5 WHERE k BETWEEN 8321489 AND 8321589
	Index Only Scan using k_5 on sbtest5  (cost=0.43..6.66 rows=111 width=4)
	  Index Cond: ((k >= 8321489) AND (k <= 8321589))

table 6 : explain SELECT k FROM sbtest6 WHERE k BETWEEN 8321489 AND 8321589
	Index Only Scan using k_6 on sbtest6  (cost=0.43..6.43 rows=100 width=4)
	  Index Cond: ((k >= 8321489) AND (k <= 8321589))

table 7 : explain SELECT k FROM sbtest7 WHERE k BETWEEN 8321489 AND 8321589
	Index Only Scan using k_7 on sbtest7  (cost=0.43..6.45 rows=101 width=4)
	  Index Cond: ((k >= 8321489) AND (k <= 8321589))

table 8 : explain SELECT k FROM sbtest8 WHERE k BETWEEN 8321489 AND 8321589
	Index Only Scan using k_8 on sbtest8  (cost=0.43..6.40 rows=98 width=4)
	  Index Cond: ((k >= 8321489) AND (k <= 8321589))

explain: for range-covered :: explain SELECT k FROM sbtest%d WHERE k BETWEEN 8321489 AND 8321589
for range-covered
table 1 : explain SELECT k FROM sbtest1 WHERE k BETWEEN 8321489 AND 8321589
	Index Only Scan using k_1 on sbtest1  (cost=0.43..6.45 rows=101 width=4)
	  Index Cond: ((k >= 8321489) AND (k <= 8321589))

table 2 : explain SELECT k FROM sbtest2 WHERE k BETWEEN 8321489 AND 8321589
	Index Only Scan using k_2 on sbtest2  (cost=0.43..6.45 rows=101 width=4)
	  Index Cond: ((k >= 8321489) AND (k <= 8321589))

table 3 : explain SELECT k FROM sbtest3 WHERE k BETWEEN 8321489 AND 8321589
	Index Only Scan using k_3 on sbtest3  (cost=0.43..6.35 rows=96 width=4)
	  Index Cond: ((k >= 8321489) AND (k <= 8321589))

table 4 : explain SELECT k FROM sbtest4 WHERE k BETWEEN 8321489 AND 8321589
	Index Only Scan using k_4 on sbtest4  (cost=0.43..6.24 rows=90 width=4)
	  Index Cond: ((k >= 8321489) AND (k <= 8321589))

table 5 : explain SELECT k FROM sbtest5 WHERE k BETWEEN 8321489 AND 8321589
	Index Only Scan using k_5 on sbtest5  (cost=0.43..6.66 rows=111 width=4)
	  Index Cond: ((k >= 8321489) AND (k <= 8321589))

table 6 : explain SELECT k FROM sbtest6 WHERE k BETWEEN 8321489 AND 8321589
	Index Only Scan using k_6 on sbtest6  (cost=0.43..6.43 rows=100 width=4)
	  Index Cond: ((k >= 8321489) AND (k <= 8321589))

table 7 : explain SELECT k FROM sbtest7 WHERE k BETWEEN 8321489 AND 8321589
	Index Only Scan using k_7 on sbtest7  (cost=0.43..6.45 rows=101 width=4)
	  Index Cond: ((k >= 8321489) AND (k <= 8321589))

table 8 : explain SELECT k FROM sbtest8 WHERE k BETWEEN 8321489 AND 8321589
	Index Only Scan using k_8 on sbtest8  (cost=0.43..6.40 rows=98 width=4)
	  Index Cond: ((k >= 8321489) AND (k <= 8321589))

explain: for range-covered :: explain SELECT k FROM sbtest%d WHERE k BETWEEN 8321489 AND 8321589
for range-covered
table 1 : explain SELECT k FROM sbtest1 WHERE k BETWEEN 8321489 AND 8321589
	Index Only Scan using k_1 on sbtest1  (cost=0.43..6.45 rows=101 width=4)
	  Index Cond: ((k >= 8321489) AND (k <= 8321589))

table 2 : explain SELECT k FROM sbtest2 WHERE k BETWEEN 8321489 AND 8321589
	Index Only Scan using k_2 on sbtest2  (cost=0.43..6.45 rows=101 width=4)
	  Index Cond: ((k >= 8321489) AND (k <= 8321589))

table 3 : explain SELECT k FROM sbtest3 WHERE k BETWEEN 8321489 AND 8321589
	Index Only Scan using k_3 on sbtest3  (cost=0.43..6.35 rows=96 width=4)
	  Index Cond: ((k >= 8321489) AND (k <= 8321589))

table 4 : explain SELECT k FROM sbtest4 WHERE k BETWEEN 8321489 AND 8321589
	Index Only Scan using k_4 on sbtest4  (cost=0.43..6.24 rows=90 width=4)
	  Index Cond: ((k >= 8321489) AND (k <= 8321589))

table 5 : explain SELECT k FROM sbtest5 WHERE k BETWEEN 8321489 AND 8321589
	Index Only Scan using k_5 on sbtest5  (cost=0.43..6.66 rows=111 width=4)
	  Index Cond: ((k >= 8321489) AND (k <= 8321589))

table 6 : explain SELECT k FROM sbtest6 WHERE k BETWEEN 8321489 AND 8321589
	Index Only Scan using k_6 on sbtest6  (cost=0.43..6.43 rows=100 width=4)
	  Index Cond: ((k >= 8321489) AND (k <= 8321589))

table 7 : explain SELECT k FROM sbtest7 WHERE k BETWEEN 8321489 AND 8321589
	Index Only Scan using k_7 on sbtest7  (cost=0.43..6.45 rows=101 width=4)
	  Index Cond: ((k >= 8321489) AND (k <= 8321589))

table 8 : explain SELECT k FROM sbtest8 WHERE k BETWEEN 8321489 AND 8321589
	Index Only Scan using k_8 on sbtest8  (cost=0.43..6.40 rows=98 width=4)
	  Index Cond: ((k >= 8321489) AND (k <= 8321589))

explain: for range-covered :: explain SELECT k FROM sbtest%d WHERE k BETWEEN 8321489 AND 8321589
for range-covered
table 1 : explain SELECT k FROM sbtest1 WHERE k BETWEEN 8321489 AND 8321589
	Index Only Scan using k_1 on sbtest1  (cost=0.43..6.45 rows=101 width=4)
	  Index Cond: ((k >= 8321489) AND (k <= 8321589))

table 2 : explain SELECT k FROM sbtest2 WHERE k BETWEEN 8321489 AND 8321589
	Index Only Scan using k_2 on sbtest2  (cost=0.43..6.45 rows=101 width=4)
	  Index Cond: ((k >= 8321489) AND (k <= 8321589))

table 3 : explain SELECT k FROM sbtest3 WHERE k BETWEEN 8321489 AND 8321589
	Index Only Scan using k_3 on sbtest3  (cost=0.43..6.35 rows=96 width=4)
	  Index Cond: ((k >= 8321489) AND (k <= 8321589))

table 4 : explain SELECT k FROM sbtest4 WHERE k BETWEEN 8321489 AND 8321589
	Index Only Scan using k_4 on sbtest4  (cost=0.43..6.24 rows=90 width=4)
	  Index Cond: ((k >= 8321489) AND (k <= 8321589))

table 5 : explain SELECT k FROM sbtest5 WHERE k BETWEEN 8321489 AND 8321589
	Index Only Scan using k_5 on sbtest5  (cost=0.43..6.66 rows=111 width=4)
	  Index Cond: ((k >= 8321489) AND (k <= 8321589))

table 6 : explain SELECT k FROM sbtest6 WHERE k BETWEEN 8321489 AND 8321589
	Index Only Scan using k_6 on sbtest6  (cost=0.43..6.43 rows=100 width=4)
	  Index Cond: ((k >= 8321489) AND (k <= 8321589))

table 7 : explain SELECT k FROM sbtest7 WHERE k BETWEEN 8321489 AND 8321589
	Index Only Scan using k_7 on sbtest7  (cost=0.43..6.45 rows=101 width=4)
	  Index Cond: ((k >= 8321489) AND (k <= 8321589))

table 8 : explain SELECT k FROM sbtest8 WHERE k BETWEEN 8321489 AND 8321589
	Index Only Scan using k_8 on sbtest8  (cost=0.43..6.40 rows=98 width=4)
	  Index Cond: ((k >= 8321489) AND (k <= 8321589))

Threads started!

Warming up for 5 seconds...

SQL statistics:
    queries performed:
        read:                            254104713
        write:                           0
        other:                           0
        total:                           254104713
    transactions:                        254104713 (403336.89 per sec.)
    queries:                             254104713 (403336.89 per sec.)
    ignored errors:                      0      (0.00 per sec.)
    reconnects:                          0      (0.00 per sec.)

Throughput:
    events/s (eps):                      403336.8942
    time elapsed:                        630.0063s
    total number of events:              254104713

Latency (ms):
         min:                                    0.06
         avg:                                    0.10
         max:                                   16.15
         95th percentile:                        0.11
         sum:                             25126078.53

Threads fairness:
    events (avg/stddev):           6352612.1250/27784.44
    execution time (avg/stddev):   628.1520/0.05

