LUA_PATH=/home/mdcallag/git/mytools/bench/sysbench.lua/lua/?.lua /home/mdcallag/git/mytools/bench/sysbench.lua/lua/sysbench --db-driver=pgsql --range-size=1000 --table-size=10000000 --tables=8 --threads=40 --events=0 --warmup-time=5 --time=630 --pgsql_conn_id=true /home/mdcallag/git/mytools/bench/sysbench.lua/lua/oltp_read_only.lua run --pgsql-user=root --pgsql-password=pw --pgsql-host=127.0.0.1 --pgsql-db=ib --rand-type=uniform --simple-ranges=0 --sum-ranges=0 --order-ranges=1 --distinct-ranges=0
48 CPUs
sysbench 1.1.0-9072687 (using bundled LuaJIT 2.1.0-beta3)

Running the test with following options:
Number of threads: 40
Warmup time: 5s
Initializing random number generator from current time


Initializing worker threads...

explain: for point_selects :: explain SELECT c FROM sbtest%u WHERE id=%u
explain: for point_selects :: explain SELECT c FROM sbtest%u WHERE id=%u
explain: for point_selects :: explain SELECT c FROM sbtest%u WHERE id=%u
explain: for point_selects :: explain SELECT c FROM sbtest%u WHERE id=%u
explain: for point_selects :: explain SELECT c FROM sbtest%u WHERE id=%u
for point_selects
table 1 : explain SELECT c FROM sbtest1 WHERE id=2777756
	Index Scan using sbtest1_pkey on sbtest1  (cost=0.43..8.45 rows=1 width=121)
	  Index Cond: (id = 2777756)

table 2 : explain SELECT c FROM sbtest2 WHERE id=5808606
	Index Scan using sbtest2_pkey on sbtest2  (cost=0.43..8.45 rows=1 width=121)
	  Index Cond: (id = 5808606)

table 3 : explain SELECT c FROM sbtest3 WHERE id=9950173
	Index Scan using sbtest3_pkey on sbtest3  (cost=0.43..8.45 rows=1 width=121)
	  Index Cond: (id = 9950173)

table 4 : explain SELECT c FROM sbtest4 WHERE id=247701
	Index Scan using sbtest4_pkey on sbtest4  (cost=0.43..8.45 rows=1 width=121)
	  Index Cond: (id = 247701)

table 5 : explain SELECT c FROM sbtest5 WHERE id=8810568
	Index Scan using sbtest5_pkey on sbtest5  (cost=0.43..8.45 rows=1 width=121)
	  Index Cond: (id = 8810568)

table 6 : explain SELECT c FROM sbtest6 WHERE id=8806998
	Index Scan using sbtest6_pkey on sbtest6  (cost=0.43..8.45 rows=1 width=121)
	  Index Cond: (id = 8806998)

table 7 : explain SELECT c FROM sbtest7 WHERE id=4939575
	Index Scan using sbtest7_pkey on sbtest7  (cost=0.43..8.45 rows=1 width=121)
	  Index Cond: (id = 4939575)

table 8 : explain SELECT c FROM sbtest8 WHERE id=7447900
	Index Scan using sbtest8_pkey on sbtest8  (cost=0.43..8.45 rows=1 width=121)
	  Index Cond: (id = 7447900)

explain: for point_selects :: explain SELECT c FROM sbtest%u WHERE id=%u
explain: for point_selects :: explain SELECT c FROM sbtest%u WHERE id=%u
explain: for point_selects :: explain SELECT c FROM sbtest%u WHERE id=%u
for: simple_ranges
table 1 : explain SELECT c FROM sbtest1 WHERE id BETWEEN 1129985 AND 1130984
	Bitmap Heap Scan on sbtest1  (cost=22.75..3882.57 rows=1006 width=121)
	  Recheck Cond: ((id >= 1129985) AND (id <= 1130984))
	  ->  Bitmap Index Scan on sbtest1_pkey  (cost=0.00..22.50 rows=1006 width=0)
	        Index Cond: ((id >= 1129985) AND (id <= 1130984))

table 2 : explain SELECT c FROM sbtest2 WHERE id BETWEEN 8878901 AND 8879900
	Bitmap Heap Scan on sbtest2  (cost=22.83..3913.86 rows=1014 width=121)
	  Recheck Cond: ((id >= 8878901) AND (id <= 8879900))
	  ->  Bitmap Index Scan on sbtest2_pkey  (cost=0.00..22.57 rows=1014 width=0)
	        Index Cond: ((id >= 8878901) AND (id <= 8879900))

table 3 : explain SELECT c FROM sbtest3 WHERE id BETWEEN 9289399 AND 9290398
	Bitmap Heap Scan on sbtest3  (cost=22.96..3962.91 rows=1027 width=121)
	  Recheck Cond: ((id >= 9289399) AND (id <= 9290398))
	  ->  Bitmap Index Scan on sbtest3_pkey  (cost=0.00..22.70 rows=1027 width=0)
	        Index Cond: ((id >= 9289399) AND (id <= 9290398))

table 4 : explain SELECT c FROM sbtest4 WHERE id BETWEEN 4141830 AND 4142829
	Bitmap Heap Scan on sbtest4  (cost=22.88..3933.91 rows=1019 width=121)
	  Recheck Cond: ((id >= 4141830) AND (id <= 4142829))
	  ->  Bitmap Index Scan on sbtest4_pkey  (cost=0.00..22.62 rows=1019 width=0)
	        Index Cond: ((id >= 4141830) AND (id <= 4142829))

table 5 : explain SELECT c FROM sbtest5 WHERE id BETWEEN 6901158 AND 6902157
	Bitmap Heap Scan on sbtest5  (cost=21.85..3556.80 rows=919 width=121)
	  Recheck Cond: ((id >= 6901158) AND (id <= 6902157))
	  ->  Bitmap Index Scan on sbtest5_pkey  (cost=0.00..21.62 rows=919 width=0)
	        Index Cond: ((id >= 6901158) AND (id <= 6902157))

table 6 : explain SELECT c FROM sbtest6 WHERE id BETWEEN 4656810 AND 4657809
	Bitmap Heap Scan on sbtest6  (cost=22.81..3907.67 rows=1012 width=121)
	  Recheck Cond: ((id >= 4656810) AND (id <= 4657809))
	  ->  Bitmap Index Scan on sbtest6_pkey  (cost=0.00..22.55 rows=1012 width=0)
	        Index Cond: ((id >= 4656810) AND (id <= 4657809))

table 7 : explain SELECT c FROM sbtest7 WHERE id BETWEEN 2097131 AND 2098130
	Bitmap Heap Scan on sbtest7  (cost=22.63..3844.77 rows=995 width=121)
	  Recheck Cond: ((id >= 2097131) AND (id <= 2098130))
	  ->  Bitmap Index Scan on sbtest7_pkey  (cost=0.00..22.39 rows=995 width=0)
	        Index Cond: ((id >= 2097131) AND (id <= 2098130))

table 8 : explain SELECT c FROM sbtest8 WHERE id BETWEEN 7905357 AND 7906356
	Bitmap Heap Scan on sbtest8  (cost=27.49..4164.95 rows=1079 width=121)
	  Recheck Cond: ((id >= 7905357) AND (id <= 7906356))
	  ->  Bitmap Index Scan on sbtest8_pkey  (cost=0.00..27.22 rows=1079 width=0)
	        Index Cond: ((id >= 7905357) AND (id <= 7906356))

explain: for point_selects :: explain SELECT c FROM sbtest%u WHERE id=%u
for point_selects
table 1 : explain SELECT c FROM sbtest1 WHERE id=8969306
	Index Scan using sbtest1_pkey on sbtest1  (cost=0.43..8.45 rows=1 width=121)
	  Index Cond: (id = 8969306)

table 2 : explain SELECT c FROM sbtest2 WHERE id=6266976
	Index Scan using sbtest2_pkey on sbtest2  (cost=0.43..8.45 rows=1 width=121)
	  Index Cond: (id = 6266976)

table 3 : explain SELECT c FROM sbtest3 WHERE id=2782940
	Index Scan using sbtest3_pkey on sbtest3  (cost=0.43..8.45 rows=1 width=121)
	  Index Cond: (id = 2782940)

table 4 : explain SELECT c FROM sbtest4 WHERE id=5623719
	Index Scan using sbtest4_pkey on sbtest4  (cost=0.43..8.45 rows=1 width=121)
	  Index Cond: (id = 5623719)

table 5 : explain SELECT c FROM sbtest5 WHERE id=3752562
	Index Scan using sbtest5_pkey on sbtest5  (cost=0.43..8.45 rows=1 width=121)
	  Index Cond: (id = 3752562)

table 6 : explain SELECT c FROM sbtest6 WHERE id=9065242
	Index Scan using sbtest6_pkey on sbtest6  (cost=0.43..8.45 rows=1 width=121)
	  Index Cond: (id = 9065242)

table 7 : explain SELECT c FROM sbtest7 WHERE id=5091929
	Index Scan using sbtest7_pkey on sbtest7  (cost=0.43..8.45 rows=1 width=121)
	  Index Cond: (id = 5091929)

table 8 : explain SELECT c FROM sbtest8 WHERE id=586880
	Index Scan using sbtest8_pkey on sbtest8  (cost=0.43..8.45 rows=1 width=121)
	  Index Cond: (id = 586880)

for point_selects
table 1 : explain SELECT c FROM sbtest1 WHERE id=6463544
	Index Scan using sbtest1_pkey on sbtest1  (cost=0.43..8.45 rows=1 width=121)
	  Index Cond: (id = 6463544)

table 2 : explain SELECT c FROM sbtest2 WHERE id=4482257
	Index Scan using sbtest2_pkey on sbtest2  (cost=0.43..8.45 rows=1 width=121)
	  Index Cond: (id = 4482257)

table 3 : explain SELECT c FROM sbtest3 WHERE id=5709871
	Index Scan using sbtest3_pkey on sbtest3  (cost=0.43..8.45 rows=1 width=121)
	  Index Cond: (id = 5709871)

table 4 : explain SELECT c FROM sbtest4 WHERE id=6457510
	Index Scan using sbtest4_pkey on sbtest4  (cost=0.43..8.45 rows=1 width=121)
	  Index Cond: (id = 6457510)

table 5 : explain SELECT c FROM sbtest5 WHERE id=23785
	Index Scan using sbtest5_pkey on sbtest5  (cost=0.43..8.45 rows=1 width=121)
	  Index Cond: (id = 23785)

table 6 : explain SELECT c FROM sbtest6 WHERE id=4408994
	Index Scan using sbtest6_pkey on sbtest6  (cost=0.43..8.45 rows=1 width=121)
	  Index Cond: (id = 4408994)

table 7 : explain SELECT c FROM sbtest7 WHERE id=6680848
	Index Scan using sbtest7_pkey on sbtest7  (cost=0.43..8.45 rows=1 width=121)
	  Index Cond: (id = 6680848)

table 8 : explain SELECT c FROM sbtest8 WHERE id=4830384
	Index Scan using sbtest8_pkey on sbtest8  (cost=0.43..8.45 rows=1 width=121)
	  Index Cond: (id = 4830384)

for point_selects
table 1 : explain SELECT c FROM sbtest1 WHERE id=235435
	Index Scan using sbtest1_pkey on sbtest1  (cost=0.43..8.45 rows=1 width=121)
	  Index Cond: (id = 235435)

table 2 : explain SELECT c FROM sbtest2 WHERE id=6490448
	Index Scan using sbtest2_pkey on sbtest2  (cost=0.43..8.45 rows=1 width=121)
	  Index Cond: (id = 6490448)

table 3 : explain SELECT c FROM sbtest3 WHERE id=7361302
	Index Scan using sbtest3_pkey on sbtest3  (cost=0.43..8.45 rows=1 width=121)
	  Index Cond: (id = 7361302)

table 4 : explain SELECT c FROM sbtest4 WHERE id=6256976
	Index Scan using sbtest4_pkey on sbtest4  (cost=0.43..8.45 rows=1 width=121)
	  Index Cond: (id = 6256976)

table 5 : explain SELECT c FROM sbtest5 WHERE id=472375
	Index Scan using sbtest5_pkey on sbtest5  (cost=0.43..8.45 rows=1 width=121)
	  Index Cond: (id = 472375)

table 6 : explain SELECT c FROM sbtest6 WHERE id=1304472
	Index Scan using sbtest6_pkey on sbtest6  (cost=0.43..8.45 rows=1 width=121)
	  Index Cond: (id = 1304472)

table 7 : explain SELECT c FROM sbtest7 WHERE id=7376910
	Index Scan using sbtest7_pkey on sbtest7  (cost=0.43..8.45 rows=1 width=121)
	  Index Cond: (id = 7376910)

table 8 : explain SELECT c FROM sbtest8 WHERE id=3928725
	Index Scan using sbtest8_pkey on sbtest8  (cost=0.43..8.45 rows=1 width=121)
	  Index Cond: (id = 3928725)

for point_selects
table 1 : explain SELECT c FROM sbtest1 WHERE id=1181913
	Index Scan using sbtest1_pkey on sbtest1  (cost=0.43..8.45 rows=1 width=121)
	  Index Cond: (id = 1181913)

table 2 : explain SELECT c FROM sbtest2 WHERE id=9539968
	Index Scan using sbtest2_pkey on sbtest2  (cost=0.43..8.45 rows=1 width=121)
	  Index Cond: (id = 9539968)

table 3 : explain SELECT c FROM sbtest3 WHERE id=6996750
	Index Scan using sbtest3_pkey on sbtest3  (cost=0.43..8.45 rows=1 width=121)
	  Index Cond: (id = 6996750)

table 4 : explain SELECT c FROM sbtest4 WHERE id=9622459
	Index Scan using sbtest4_pkey on sbtest4  (cost=0.43..8.45 rows=1 width=121)
	  Index Cond: (id = 9622459)

table 5 : explain SELECT c FROM sbtest5 WHERE id=5368388
	Index Scan using sbtest5_pkey on sbtest5  (cost=0.43..8.45 rows=1 width=121)
	  Index Cond: (id = 5368388)

table 6 : explain SELECT c FROM sbtest6 WHERE id=7979579
	Index Scan using sbtest6_pkey on sbtest6  (cost=0.43..8.45 rows=1 width=121)
	  Index Cond: (id = 7979579)

table 7 : explain SELECT c FROM sbtest7 WHERE id=3836085
	Index Scan using sbtest7_pkey on sbtest7  (cost=0.43..8.45 rows=1 width=121)
	  Index Cond: (id = 3836085)

table 8 : explain SELECT c FROM sbtest8 WHERE id=6778226
	Index Scan using sbtest8_pkey on sbtest8  (cost=0.43..8.45 rows=1 width=121)
	  Index Cond: (id = 6778226)

explain: for point_selects :: explain SELECT c FROM sbtest%u WHERE id=%u
for: simple_ranges
table 1 : explain SELECT c FROM sbtest1 WHERE id BETWEEN 702057 AND 703056
	Bitmap Heap Scan on sbtest1  (cost=23.17..4036.77 rows=1047 width=121)
	  Recheck Cond: ((id >= 702057) AND (id <= 703056))
	  ->  Bitmap Index Scan on sbtest1_pkey  (cost=0.00..22.90 rows=1047 width=0)
	        Index Cond: ((id >= 702057) AND (id <= 703056))

table 2 : explain SELECT c FROM sbtest2 WHERE id BETWEEN 1866918 AND 1867917
	Bitmap Heap Scan on sbtest2  (cost=21.72..3506.54 rows=906 width=121)
	  Recheck Cond: ((id >= 1866918) AND (id <= 1867917))
	  ->  Bitmap Index Scan on sbtest2_pkey  (cost=0.00..21.50 rows=906 width=0)
	        Index Cond: ((id >= 1866918) AND (id <= 1867917))

table 3 : explain SELECT c FROM sbtest3 WHERE id BETWEEN 5467258 AND 5468257
	Bitmap Heap Scan on sbtest3  (cost=23.32..4094.53 rows=1062 width=121)
	  Recheck Cond: ((id >= 5467258) AND (id <= 5468257))
	  ->  Bitmap Index Scan on sbtest3_pkey  (cost=0.00..23.05 rows=1062 width=0)
	        Index Cond: ((id >= 5467258) AND (id <= 5468257))

table 4 : explain SELECT c FROM sbtest4 WHERE id BETWEEN 4692331 AND 4693330
	Bitmap Heap Scan on sbtest4  (cost=21.89..3568.04 rows=922 width=121)
	  Recheck Cond: ((id >= 4692331) AND (id <= 4693330))
	  ->  Bitmap Index Scan on sbtest4_pkey  (cost=0.00..21.65 rows=922 width=0)
	        Index Cond: ((id >= 4692331) AND (id <= 4693330))

table 5 : explain SELECT c FROM sbtest5 WHERE id BETWEEN 3843549 AND 3844548
	Bitmap Heap Scan on sbtest5  (cost=23.08..4009.30 rows=1039 width=121)
	  Recheck Cond: ((id >= 3843549) AND (id <= 3844548))
	  ->  Bitmap Index Scan on sbtest5_pkey  (cost=0.00..22.82 rows=1039 width=0)
	        Index Cond: ((id >= 3843549) AND (id <= 3844548))

table 6 : explain SELECT c FROM sbtest6 WHERE id BETWEEN 7212257 AND 7213256
	Bitmap Heap Scan on sbtest6  (cost=22.84..3918.97 rows=1015 width=121)
	  Recheck Cond: ((id >= 7212257) AND (id <= 7213256))
	  ->  Bitmap Index Scan on sbtest6_pkey  (cost=0.00..22.58 rows=1015 width=0)
	        Index Cond: ((id >= 7212257) AND (id <= 7213256))

table 7 : explain SELECT c FROM sbtest7 WHERE id BETWEEN 1912784 AND 1913783
	Bitmap Heap Scan on sbtest7  (cost=22.30..3720.27 rows=962 width=121)
	  Recheck Cond: ((id >= 1912784) AND (id <= 1913783))
	  ->  Bitmap Index Scan on sbtest7_pkey  (cost=0.00..22.05 rows=962 width=0)
	        Index Cond: ((id >= 1912784) AND (id <= 1913783))

table 8 : explain SELECT c FROM sbtest8 WHERE id BETWEEN 7226920 AND 7227919
	Bitmap Heap Scan on sbtest8  (cost=22.18..3678.66 rows=951 width=121)
	  Recheck Cond: ((id >= 7226920) AND (id <= 7227919))
	  ->  Bitmap Index Scan on sbtest8_pkey  (cost=0.00..21.94 rows=951 width=0)
	        Index Cond: ((id >= 7226920) AND (id <= 7227919))

for: simple_ranges
table 1 : explain SELECT c FROM sbtest1 WHERE id BETWEEN 8999360 AND 9000359
	Bitmap Heap Scan on sbtest1  (cost=22.65..3848.69 rows=997 width=121)
	  Recheck Cond: ((id >= 8999360) AND (id <= 9000359))
	  ->  Bitmap Index Scan on sbtest1_pkey  (cost=0.00..22.40 rows=997 width=0)
	        Index Cond: ((id >= 8999360) AND (id <= 9000359))

table 2 : explain SELECT c FROM sbtest2 WHERE id BETWEEN 1184121 AND 1185120
	Bitmap Heap Scan on sbtest2  (cost=22.71..3868.68 rows=1002 width=121)
	  Recheck Cond: ((id >= 1184121) AND (id <= 1185120))
	  ->  Bitmap Index Scan on sbtest2_pkey  (cost=0.00..22.45 rows=1002 width=0)
	        Index Cond: ((id >= 1184121) AND (id <= 1185120))

table 3 : explain SELECT c FROM sbtest3 WHERE id BETWEEN 9275178 AND 9276177
	Bitmap Heap Scan on sbtest3  (cost=22.96..3962.91 rows=1027 width=121)
	  Recheck Cond: ((id >= 9275178) AND (id <= 9276177))
	  ->  Bitmap Index Scan on sbtest3_pkey  (cost=0.00..22.70 rows=1027 width=0)
	        Index Cond: ((id >= 9275178) AND (id <= 9276177))

table 4 : explain SELECT c FROM sbtest4 WHERE id BETWEEN 6271465 AND 6272464
	Bitmap Heap Scan on sbtest4  (cost=22.04..3624.70 rows=937 width=121)
	  Recheck Cond: ((id >= 6271465) AND (id <= 6272464))
	  ->  Bitmap Index Scan on sbtest4_pkey  (cost=0.00..21.80 rows=937 width=0)
	        Index Cond: ((id >= 6271465) AND (id <= 6272464))

table 5 : explain SELECT c FROM sbtest5 WHERE id BETWEEN 2678793 AND 2679792
	Bitmap Heap Scan on sbtest5  (cost=21.96..3594.58 rows=929 width=121)
	  Recheck Cond: ((id >= 2678793) AND (id <= 2679792))
	  ->  Bitmap Index Scan on sbtest5_pkey  (cost=0.00..21.72 rows=929 width=0)
	        Index Cond: ((id >= 2678793) AND (id <= 2679792))

table 6 : explain SELECT c FROM sbtest6 WHERE id BETWEEN 995136 AND 996135
	Bitmap Heap Scan on sbtest6  (cost=22.72..3873.76 rows=1003 width=121)
	  Recheck Cond: ((id >= 995136) AND (id <= 996135))
	  ->  Bitmap Index Scan on sbtest6_pkey  (cost=0.00..22.46 rows=1003 width=0)
	        Index Cond: ((id >= 995136) AND (id <= 996135))

table 7 : explain SELECT c FROM sbtest7 WHERE id BETWEEN 99543 AND 100542
	Bitmap Heap Scan on sbtest7  (cost=21.95..3591.85 rows=928 width=121)
	  Recheck Cond: ((id >= 99543) AND (id <= 100542))
	  ->  Bitmap Index Scan on sbtest7_pkey  (cost=0.00..21.71 rows=928 width=0)
	        Index Cond: ((id >= 99543) AND (id <= 100542))

table 8 : explain SELECT c FROM sbtest8 WHERE id BETWEEN 184207 AND 185206
	Bitmap Heap Scan on sbtest8  (cost=22.31..3723.97 rows=963 width=121)
	  Recheck Cond: ((id >= 184207) AND (id <= 185206))
	  ->  Bitmap Index Scan on sbtest8_pkey  (cost=0.00..22.07 rows=963 width=0)
	        Index Cond: ((id >= 184207) AND (id <= 185206))

explain: for point_selects :: explain SELECT c FROM sbtest%u WHERE id=%u
for: simple_ranges
table 1 : explain SELECT c FROM sbtest1 WHERE id BETWEEN 4860065 AND 4861064
	Bitmap Heap Scan on sbtest1  (cost=21.88..3562.18 rows=921 width=121)
	  Recheck Cond: ((id >= 4860065) AND (id <= 4861064))
	  ->  Bitmap Index Scan on sbtest1_pkey  (cost=0.00..21.64 rows=921 width=0)
	        Index Cond: ((id >= 4860065) AND (id <= 4861064))

table 2 : explain SELECT c FROM sbtest2 WHERE id BETWEEN 1955296 AND 1956295
	Bitmap Heap Scan on sbtest2  (cost=21.92..3578.31 rows=925 width=121)
	  Recheck Cond: ((id >= 1955296) AND (id <= 1956295))
	  ->  Bitmap Index Scan on sbtest2_pkey  (cost=0.00..21.68 rows=925 width=0)
	        Index Cond: ((id >= 1955296) AND (id <= 1956295))

table 3 : explain SELECT c FROM sbtest3 WHERE id BETWEEN 4409069 AND 4410068
	Bitmap Heap Scan on sbtest3  (cost=22.73..3876.33 rows=1004 width=121)
	  Recheck Cond: ((id >= 4409069) AND (id <= 4410068))
	  ->  Bitmap Index Scan on sbtest3_pkey  (cost=0.00..22.47 rows=1004 width=0)
	        Index Cond: ((id >= 4409069) AND (id <= 4410068))

table 4 : explain SELECT c FROM sbtest4 WHERE id BETWEEN 3071142 AND 3072141
	Bitmap Heap Scan on sbtest4  (cost=22.24..3700.20 rows=957 width=121)
	  Recheck Cond: ((id >= 3071142) AND (id <= 3072141))
	  ->  Bitmap Index Scan on sbtest4_pkey  (cost=0.00..22.00 rows=957 width=0)
	        Index Cond: ((id >= 3071142) AND (id <= 3072141))

table 5 : explain SELECT c FROM sbtest5 WHERE id BETWEEN 5444140 AND 5445139
	Bitmap Heap Scan on sbtest5  (cost=21.80..3537.90 rows=914 width=121)
	  Recheck Cond: ((id >= 5444140) AND (id <= 5445139))
	  ->  Bitmap Index Scan on sbtest5_pkey  (cost=0.00..21.57 rows=914 width=0)
	        Index Cond: ((id >= 5444140) AND (id <= 5445139))

table 6 : explain SELECT c FROM sbtest6 WHERE id BETWEEN 3275201 AND 3276200
	Bitmap Heap Scan on sbtest6  (cost=22.16..3670.12 rows=949 width=121)
	  Recheck Cond: ((id >= 3275201) AND (id <= 3276200))
	  ->  Bitmap Index Scan on sbtest6_pkey  (cost=0.00..21.93 rows=949 width=0)
	        Index Cond: ((id >= 3275201) AND (id <= 3276200))

table 7 : explain SELECT c FROM sbtest7 WHERE id BETWEEN 3080879 AND 3081878
	Bitmap Heap Scan on sbtest7  (cost=27.66..4225.19 rows=1095 width=121)
	  Recheck Cond: ((id >= 3080879) AND (id <= 3081878))
	  ->  Bitmap Index Scan on sbtest7_pkey  (cost=0.00..27.39 rows=1095 width=0)
	        Index Cond: ((id >= 3080879) AND (id <= 3081878))

table 8 : explain SELECT c FROM sbtest8 WHERE id BETWEEN 7818867 AND 7819866
	Bitmap Heap Scan on sbtest8  (cost=22.47..3784.34 rows=979 width=121)
	  Recheck Cond: ((id >= 7818867) AND (id <= 7819866))
	  ->  Bitmap Index Scan on sbtest8_pkey  (cost=0.00..22.22 rows=979 width=0)
	        Index Cond: ((id >= 7818867) AND (id <= 7819866))

for point_selects
table 1 : explain SELECT c FROM sbtest1 WHERE id=5882309
	Index Scan using sbtest1_pkey on sbtest1  (cost=0.43..8.45 rows=1 width=121)
	  Index Cond: (id = 5882309)

table 2 : explain SELECT c FROM sbtest2 WHERE id=6244552
	Index Scan using sbtest2_pkey on sbtest2  (cost=0.43..8.45 rows=1 width=121)
	  Index Cond: (id = 6244552)

table 3 : explain SELECT c FROM sbtest3 WHERE id=3665794
	Index Scan using sbtest3_pkey on sbtest3  (cost=0.43..8.45 rows=1 width=121)
	  Index Cond: (id = 3665794)

table 4 : explain SELECT c FROM sbtest4 WHERE id=3241907
	Index Scan using sbtest4_pkey on sbtest4  (cost=0.43..8.45 rows=1 width=121)
	  Index Cond: (id = 3241907)

table 5 : explain SELECT c FROM sbtest5 WHERE id=98000
	Index Scan using sbtest5_pkey on sbtest5  (cost=0.43..8.45 rows=1 width=121)
	  Index Cond: (id = 98000)

table 6 : explain SELECT c FROM sbtest6 WHERE id=9291131
	Index Scan using sbtest6_pkey on sbtest6  (cost=0.43..8.45 rows=1 width=121)
	  Index Cond: (id = 9291131)

table 7 : explain SELECT c FROM sbtest7 WHERE id=4692279
	Index Scan using sbtest7_pkey on sbtest7  (cost=0.43..8.45 rows=1 width=121)
	  Index Cond: (id = 4692279)

table 8 : explain SELECT c FROM sbtest8 WHERE id=8577530
	Index Scan using sbtest8_pkey on sbtest8  (cost=0.43..8.45 rows=1 width=121)
	  Index Cond: (id = 8577530)

for point_selects
table 1 : explain SELECT c FROM sbtest1 WHERE id=4760171
	Index Scan using sbtest1_pkey on sbtest1  (cost=0.43..8.45 rows=1 width=121)
	  Index Cond: (id = 4760171)

table 2 : explain SELECT c FROM sbtest2 WHERE id=493635
	Index Scan using sbtest2_pkey on sbtest2  (cost=0.43..8.45 rows=1 width=121)
	  Index Cond: (id = 493635)

table 3 : explain SELECT c FROM sbtest3 WHERE id=223834
	Index Scan using sbtest3_pkey on sbtest3  (cost=0.43..8.45 rows=1 width=121)
	  Index Cond: (id = 223834)

table 4 : explain SELECT c FROM sbtest4 WHERE id=2336426
	Index Scan using sbtest4_pkey on sbtest4  (cost=0.43..8.45 rows=1 width=121)
	  Index Cond: (id = 2336426)

table 5 : explain SELECT c FROM sbtest5 WHERE id=4367815
	Index Scan using sbtest5_pkey on sbtest5  (cost=0.43..8.45 rows=1 width=121)
	  Index Cond: (id = 4367815)

table 6 : explain SELECT c FROM sbtest6 WHERE id=415766
	Index Scan using sbtest6_pkey on sbtest6  (cost=0.43..8.45 rows=1 width=121)
	  Index Cond: (id = 415766)

table 7 : explain SELECT c FROM sbtest7 WHERE id=6759270
	Index Scan using sbtest7_pkey on sbtest7  (cost=0.43..8.45 rows=1 width=121)
	  Index Cond: (id = 6759270)

table 8 : explain SELECT c FROM sbtest8 WHERE id=5380770
	Index Scan using sbtest8_pkey on sbtest8  (cost=0.43..8.45 rows=1 width=121)
	  Index Cond: (id = 5380770)

for point_selects
table 1 : explain SELECT c FROM sbtest1 WHERE id=5991375
	Index Scan using sbtest1_pkey on sbtest1  (cost=0.43..8.45 rows=1 width=121)
	  Index Cond: (id = 5991375)

table 2 : explain SELECT c FROM sbtest2 WHERE id=3152512
	Index Scan using sbtest2_pkey on sbtest2  (cost=0.43..8.45 rows=1 width=121)
	  Index Cond: (id = 3152512)

table 3 : explain SELECT c FROM sbtest3 WHERE id=3669748
	Index Scan using sbtest3_pkey on sbtest3  (cost=0.43..8.45 rows=1 width=121)
	  Index Cond: (id = 3669748)

table 4 : explain SELECT c FROM sbtest4 WHERE id=4763178
	Index Scan using sbtest4_pkey on sbtest4  (cost=0.43..8.45 rows=1 width=121)
	  Index Cond: (id = 4763178)

table 5 : explain SELECT c FROM sbtest5 WHERE id=4141290
	Index Scan using sbtest5_pkey on sbtest5  (cost=0.43..8.45 rows=1 width=121)
	  Index Cond: (id = 4141290)

table 6 : explain SELECT c FROM sbtest6 WHERE id=7090843
	Index Scan using sbtest6_pkey on sbtest6  (cost=0.43..8.45 rows=1 width=121)
	  Index Cond: (id = 7090843)

table 7 : explain SELECT c FROM sbtest7 WHERE id=1503895
	Index Scan using sbtest7_pkey on sbtest7  (cost=0.43..8.45 rows=1 width=121)
	  Index Cond: (id = 1503895)

table 8 : explain SELECT c FROM sbtest8 WHERE id=3022486
	Index Scan using sbtest8_pkey on sbtest8  (cost=0.43..8.45 rows=1 width=121)
	  Index Cond: (id = 3022486)

for: sum_ranges
table 1 : explain SELECT SUM(k) FROM sbtest1 WHERE id BETWEEN 6898550 AND 6899549
	Aggregate  (cost=4621.11..4621.12 rows=1 width=8)
	  ->  Bitmap Heap Scan on sbtest1  (cost=28.76..4618.10 rows=1202 width=4)
	        Recheck Cond: ((id >= 6898550) AND (id <= 6899549))
	        ->  Bitmap Index Scan on sbtest1_pkey  (cost=0.00..28.45 rows=1202 width=0)
	              Index Cond: ((id >= 6898550) AND (id <= 6899549))

table 2 : explain SELECT SUM(k) FROM sbtest2 WHERE id BETWEEN 6518580 AND 6519579
	Aggregate  (cost=3368.81..3368.82 rows=1 width=8)
	  ->  Bitmap Heap Scan on sbtest2  (cost=21.34..3366.64 rows=869 width=4)
	        Recheck Cond: ((id >= 6518580) AND (id <= 6519579))
	        ->  Bitmap Index Scan on sbtest2_pkey  (cost=0.00..21.12 rows=869 width=0)
	              Index Cond: ((id >= 6518580) AND (id <= 6519579))

table 3 : explain SELECT SUM(k) FROM sbtest3 WHERE id BETWEEN 1885340 AND 1886339
	Aggregate  (cost=4247.80..4247.81 rows=1 width=8)
	  ->  Bitmap Heap Scan on sbtest3  (cost=27.73..4245.04 rows=1102 width=4)
	        Recheck Cond: ((id >= 1885340) AND (id <= 1886339))
	        ->  Bitmap Index Scan on sbtest3_pkey  (cost=0.00..27.45 rows=1102 width=0)
	              Index Cond: ((id >= 1885340) AND (id <= 1886339))

table 4 : explain SELECT SUM(k) FROM sbtest4 WHERE id BETWEEN 449542 AND 450541
	Aggregate  (cost=3895.00..3895.01 rows=1 width=8)
	  ->  Bitmap Heap Scan on sbtest4  (cost=22.77..3892.48 rows=1008 width=4)
	        Recheck Cond: ((id >= 449542) AND (id <= 450541))
	        ->  Bitmap Index Scan on sbtest4_pkey  (cost=0.00..22.51 rows=1008 width=0)
	              Index Cond: ((id >= 449542) AND (id <= 450541))

table 5 : explain SELECT SUM(k) FROM sbtest5 WHERE id BETWEEN 9306361 AND 9307360
	Aggregate  (cost=4313.03..4313.04 rows=1 width=8)
	  ->  Bitmap Heap Scan on sbtest5  (cost=27.90..4310.23 rows=1119 width=4)
	        Recheck Cond: ((id >= 9306361) AND (id <= 9307360))
	        ->  Bitmap Index Scan on sbtest5_pkey  (cost=0.00..27.62 rows=1119 width=0)
	              Index Cond: ((id >= 9306361) AND (id <= 9307360))

table 6 : explain SELECT SUM(k) FROM sbtest6 WHERE id BETWEEN 7073051 AND 7074050
	Aggregate  (cost=3642.27..3642.28 rows=1 width=8)
	  ->  Bitmap Heap Scan on sbtest6  (cost=22.08..3639.91 rows=941 width=4)
	        Recheck Cond: ((id >= 7073051) AND (id <= 7074050))
	        ->  Bitmap Index Scan on sbtest6_pkey  (cost=0.00..21.84 rows=941 width=0)
	              Index Cond: ((id >= 7073051) AND (id <= 7074050))

table 7 : explain SELECT SUM(k) FROM sbtest7 WHERE id BETWEEN 1176317 AND 1177316
	Aggregate  (cost=3510.94..3510.95 rows=1 width=8)
	  ->  Bitmap Heap Scan on sbtest7  (cost=21.72..3508.67 rows=906 width=4)
	        Recheck Cond: ((id >= 1176317) AND (id <= 1177316))
	        ->  Bitmap Index Scan on sbtest7_pkey  (cost=0.00..21.50 rows=906 width=0)
	              Index Cond: ((id >= 1176317) AND (id <= 1177316))

table 8 : explain SELECT SUM(k) FROM sbtest8 WHERE id BETWEEN 7911808 AND 7912807
	Aggregate  (cost=4167.65..4167.66 rows=1 width=8)
	  ->  Bitmap Heap Scan on sbtest8  (cost=27.49..4164.95 rows=1079 width=4)
	        Recheck Cond: ((id >= 7911808) AND (id <= 7912807))
	        ->  Bitmap Index Scan on sbtest8_pkey  (cost=0.00..27.22 rows=1079 width=0)
	              Index Cond: ((id >= 7911808) AND (id <= 7912807))

for: simple_ranges
table 1 : explain SELECT c FROM sbtest1 WHERE id BETWEEN 3489842 AND 3490841
	Bitmap Heap Scan on sbtest1  (cost=21.88..3562.18 rows=921 width=121)
	  Recheck Cond: ((id >= 3489842) AND (id <= 3490841))
	  ->  Bitmap Index Scan on sbtest1_pkey  (cost=0.00..21.64 rows=921 width=0)
	        Index Cond: ((id >= 3489842) AND (id <= 3490841))

table 2 : explain SELECT c FROM sbtest2 WHERE id BETWEEN 2166574 AND 2167573
	Bitmap Heap Scan on sbtest2  (cost=22.51..3797.10 rows=983 width=121)
	  Recheck Cond: ((id >= 2166574) AND (id <= 2167573))
	  ->  Bitmap Index Scan on sbtest2_pkey  (cost=0.00..22.26 rows=983 width=0)
	        Index Cond: ((id >= 2166574) AND (id <= 2167573))

table 3 : explain SELECT c FROM sbtest3 WHERE id BETWEEN 292045 AND 293044
	Bitmap Heap Scan on sbtest3  (cost=22.10..3646.37 rows=943 width=121)
	  Recheck Cond: ((id >= 292045) AND (id <= 293044))
	  ->  Bitmap Index Scan on sbtest3_pkey  (cost=0.00..21.86 rows=943 width=0)
	        Index Cond: ((id >= 292045) AND (id <= 293044))

table 4 : explain SELECT c FROM sbtest4 WHERE id BETWEEN 9663643 AND 9664642
	Bitmap Heap Scan on sbtest4  (cost=22.78..3896.25 rows=1009 width=121)
	  Recheck Cond: ((id >= 9663643) AND (id <= 9664642))
	  ->  Bitmap Index Scan on sbtest4_pkey  (cost=0.00..22.52 rows=1009 width=0)
	        Index Cond: ((id >= 9663643) AND (id <= 9664642))

table 5 : explain SELECT c FROM sbtest5 WHERE id BETWEEN 2957930 AND 2958929
	Bitmap Heap Scan on sbtest5  (cost=23.05..3998.01 rows=1036 width=121)
	  Recheck Cond: ((id >= 2957930) AND (id <= 2958929))
	  ->  Bitmap Index Scan on sbtest5_pkey  (cost=0.00..22.79 rows=1036 width=0)
	        Index Cond: ((id >= 2957930) AND (id <= 2958929))

table 6 : explain SELECT c FROM sbtest6 WHERE id BETWEEN 3002300 AND 3003299
	Bitmap Heap Scan on sbtest6  (cost=22.54..3809.69 rows=986 width=121)
	  Recheck Cond: ((id >= 3002300) AND (id <= 3003299))
	  ->  Bitmap Index Scan on sbtest6_pkey  (cost=0.00..22.29 rows=986 width=0)
	        Index Cond: ((id >= 3002300) AND (id <= 3003299))

table 7 : explain SELECT c FROM sbtest7 WHERE id BETWEEN 5740303 AND 5741302
	Bitmap Heap Scan on sbtest7  (cost=22.37..3746.69 rows=969 width=121)
	  Recheck Cond: ((id >= 5740303) AND (id <= 5741302))
	  ->  Bitmap Index Scan on sbtest7_pkey  (cost=0.00..22.12 rows=969 width=0)
	        Index Cond: ((id >= 5740303) AND (id <= 5741302))

table 8 : explain SELECT c FROM sbtest8 WHERE id BETWEEN 1614788 AND 1615787
	Bitmap Heap Scan on sbtest8  (cost=22.37..3746.61 rows=969 width=121)
	  Recheck Cond: ((id >= 1614788) AND (id <= 1615787))
	  ->  Bitmap Index Scan on sbtest8_pkey  (cost=0.00..22.12 rows=969 width=0)
	        Index Cond: ((id >= 1614788) AND (id <= 1615787))

for: simple_ranges
table 1 : explain SELECT c FROM sbtest1 WHERE id BETWEEN 3241921 AND 3242920
	Bitmap Heap Scan on sbtest1  (cost=22.90..3939.01 rows=1021 width=121)
	  Recheck Cond: ((id >= 3241921) AND (id <= 3242920))
	  ->  Bitmap Index Scan on sbtest1_pkey  (cost=0.00..22.64 rows=1021 width=0)
	        Index Cond: ((id >= 3241921) AND (id <= 3242920))

table 2 : explain SELECT c FROM sbtest2 WHERE id BETWEEN 6041803 AND 6042802
	Bitmap Heap Scan on sbtest2  (cost=21.95..3589.64 rows=928 width=121)
	  Recheck Cond: ((id >= 6041803) AND (id <= 6042802))
	  ->  Bitmap Index Scan on sbtest2_pkey  (cost=0.00..21.71 rows=928 width=0)
	        Index Cond: ((id >= 6041803) AND (id <= 6042802))

table 3 : explain SELECT c FROM sbtest3 WHERE id BETWEEN 2889107 AND 2890106
	Bitmap Heap Scan on sbtest3  (cost=22.42..3763.30 rows=974 width=121)
	  Recheck Cond: ((id >= 2889107) AND (id <= 2890106))
	  ->  Bitmap Index Scan on sbtest3_pkey  (cost=0.00..22.18 rows=974 width=0)
	        Index Cond: ((id >= 2889107) AND (id <= 2890106))

table 4 : explain SELECT c FROM sbtest4 WHERE id BETWEEN 8447026 AND 8448025
	Bitmap Heap Scan on sbtest4  (cost=22.14..3662.46 rows=947 width=121)
	  Recheck Cond: ((id >= 8447026) AND (id <= 8448025))
	  ->  Bitmap Index Scan on sbtest4_pkey  (cost=0.00..21.90 rows=947 width=0)
	        Index Cond: ((id >= 8447026) AND (id <= 8448025))

table 5 : explain SELECT c FROM sbtest5 WHERE id BETWEEN 7497149 AND 7498148
	Bitmap Heap Scan on sbtest5  (cost=27.58..4193.79 rows=1087 width=121)
	  Recheck Cond: ((id >= 7497149) AND (id <= 7498148))
	  ->  Bitmap Index Scan on sbtest5_pkey  (cost=0.00..27.30 rows=1087 width=0)
	        Index Cond: ((id >= 7497149) AND (id <= 7498148))

table 6 : explain SELECT c FROM sbtest6 WHERE id BETWEEN 3558882 AND 3559881
	Bitmap Heap Scan on sbtest6  (cost=27.78..4268.93 rows=1107 width=121)
	  Recheck Cond: ((id >= 3558882) AND (id <= 3559881))
	  ->  Bitmap Index Scan on sbtest6_pkey  (cost=0.00..27.50 rows=1107 width=0)
	        Index Cond: ((id >= 3558882) AND (id <= 3559881))

table 7 : explain SELECT c FROM sbtest7 WHERE id BETWEEN 2906245 AND 2907244
	Bitmap Heap Scan on sbtest7  (cost=27.50..4168.81 rows=1080 width=121)
	  Recheck Cond: ((id >= 2906245) AND (id <= 2907244))
	  ->  Bitmap Index Scan on sbtest7_pkey  (cost=0.00..27.23 rows=1080 width=0)
	        Index Cond: ((id >= 2906245) AND (id <= 2907244))

table 8 : explain SELECT c FROM sbtest8 WHERE id BETWEEN 5264308 AND 5265307
	Bitmap Heap Scan on sbtest8  (cost=27.16..4040.81 rows=1046 width=121)
	  Recheck Cond: ((id >= 5264308) AND (id <= 5265307))
	  ->  Bitmap Index Scan on sbtest8_pkey  (cost=0.00..26.89 rows=1046 width=0)
	        Index Cond: ((id >= 5264308) AND (id <= 5265307))

for: simple_ranges
table 1 : explain SELECT c FROM sbtest1 WHERE id BETWEEN 7781194 AND 7782193
	Bitmap Heap Scan on sbtest1  (cost=22.76..3886.33 rows=1007 width=121)
	  Recheck Cond: ((id >= 7781194) AND (id <= 7782193))
	  ->  Bitmap Index Scan on sbtest1_pkey  (cost=0.00..22.50 rows=1007 width=0)
	        Index Cond: ((id >= 7781194) AND (id <= 7782193))

table 2 : explain SELECT c FROM sbtest2 WHERE id BETWEEN 3793979 AND 3794978
	Bitmap Heap Scan on sbtest2  (cost=23.45..4143.25 rows=1075 width=121)
	  Recheck Cond: ((id >= 3793979) AND (id <= 3794978))
	  ->  Bitmap Index Scan on sbtest2_pkey  (cost=0.00..23.18 rows=1075 width=0)
	        Index Cond: ((id >= 3793979) AND (id <= 3794978))

table 3 : explain SELECT c FROM sbtest3 WHERE id BETWEEN 6424626 AND 6425625
	Bitmap Heap Scan on sbtest3  (cost=22.18..3676.56 rows=951 width=121)
	  Recheck Cond: ((id >= 6424626) AND (id <= 6425625))
	  ->  Bitmap Index Scan on sbtest3_pkey  (cost=0.00..21.94 rows=951 width=0)
	        Index Cond: ((id >= 6424626) AND (id <= 6425625))

table 4 : explain SELECT c FROM sbtest4 WHERE id BETWEEN 9028440 AND 9029439
	Bitmap Heap Scan on sbtest4  (cost=27.67..4227.48 rows=1096 width=121)
	  Recheck Cond: ((id >= 9028440) AND (id <= 9029439))
	  ->  Bitmap Index Scan on sbtest4_pkey  (cost=0.00..27.39 rows=1096 width=0)
	        Index Cond: ((id >= 9028440) AND (id <= 9029439))

table 5 : explain SELECT c FROM sbtest5 WHERE id BETWEEN 3568931 AND 3569930
	Bitmap Heap Scan on sbtest5  (cost=22.65..3851.14 rows=997 width=121)
	  Recheck Cond: ((id >= 3568931) AND (id <= 3569930))
	  ->  Bitmap Index Scan on sbtest5_pkey  (cost=0.00..22.40 rows=997 width=0)
	        Index Cond: ((id >= 3568931) AND (id <= 3569930))

table 6 : explain SELECT c FROM sbtest6 WHERE id BETWEEN 5066017 AND 5067016
	Bitmap Heap Scan on sbtest6  (cost=27.40..4129.92 rows=1070 width=121)
	  Recheck Cond: ((id >= 5066017) AND (id <= 5067016))
	  ->  Bitmap Index Scan on sbtest6_pkey  (cost=0.00..27.14 rows=1070 width=0)
	        Index Cond: ((id >= 5066017) AND (id <= 5067016))

table 7 : explain SELECT c FROM sbtest7 WHERE id BETWEEN 7565449 AND 7566448
	Bitmap Heap Scan on sbtest7  (cost=23.17..4040.66 rows=1047 width=121)
	  Recheck Cond: ((id >= 7565449) AND (id <= 7566448))
	  ->  Bitmap Index Scan on sbtest7_pkey  (cost=0.00..22.90 rows=1047 width=0)
	        Index Cond: ((id >= 7565449) AND (id <= 7566448))

table 8 : explain SELECT c FROM sbtest8 WHERE id BETWEEN 8381314 AND 8382313
	Bitmap Heap Scan on sbtest8  (cost=26.75..3890.15 rows=1006 width=121)
	  Recheck Cond: ((id >= 8381314) AND (id <= 8382313))
	  ->  Bitmap Index Scan on sbtest8_pkey  (cost=0.00..26.50 rows=1006 width=0)
	        Index Cond: ((id >= 8381314) AND (id <= 8382313))

for point_selects
table 1 : explain SELECT c FROM sbtest1 WHERE id=5962392
	Index Scan using sbtest1_pkey on sbtest1  (cost=0.43..8.45 rows=1 width=121)
	  Index Cond: (id = 5962392)

table 2 : explain SELECT c FROM sbtest2 WHERE id=3488855
	Index Scan using sbtest2_pkey on sbtest2  (cost=0.43..8.45 rows=1 width=121)
	  Index Cond: (id = 3488855)

table 3 : explain SELECT c FROM sbtest3 WHERE id=7293589
	Index Scan using sbtest3_pkey on sbtest3  (cost=0.43..8.45 rows=1 width=121)
	  Index Cond: (id = 7293589)

table 4 : explain SELECT c FROM sbtest4 WHERE id=4898307
	Index Scan using sbtest4_pkey on sbtest4  (cost=0.43..8.45 rows=1 width=121)
	  Index Cond: (id = 4898307)

table 5 : explain SELECT c FROM sbtest5 WHERE id=6607337
	Index Scan using sbtest5_pkey on sbtest5  (cost=0.43..8.45 rows=1 width=121)
	  Index Cond: (id = 6607337)

table 6 : explain SELECT c FROM sbtest6 WHERE id=264174
	Index Scan using sbtest6_pkey on sbtest6  (cost=0.43..8.45 rows=1 width=121)
	  Index Cond: (id = 264174)

table 7 : explain SELECT c FROM sbtest7 WHERE id=7846513
	Index Scan using sbtest7_pkey on sbtest7  (cost=0.43..8.45 rows=1 width=121)
	  Index Cond: (id = 7846513)

table 8 : explain SELECT c FROM sbtest8 WHERE id=9580126
	Index Scan using sbtest8_pkey on sbtest8  (cost=0.43..8.45 rows=1 width=121)
	  Index Cond: (id = 9580126)

for: simple_ranges
table 1 : explain SELECT c FROM sbtest1 WHERE id BETWEEN 3302697 AND 3303696
	Bitmap Heap Scan on sbtest1  (cost=22.90..3939.01 rows=1021 width=121)
	  Recheck Cond: ((id >= 3302697) AND (id <= 3303696))
	  ->  Bitmap Index Scan on sbtest1_pkey  (cost=0.00..22.64 rows=1021 width=0)
	        Index Cond: ((id >= 3302697) AND (id <= 3303696))

table 2 : explain SELECT c FROM sbtest2 WHERE id BETWEEN 6197851 AND 6198850
	Bitmap Heap Scan on sbtest2  (cost=22.81..3906.33 rows=1012 width=121)
	  Recheck Cond: ((id >= 6197851) AND (id <= 6198850))
	  ->  Bitmap Index Scan on sbtest2_pkey  (cost=0.00..22.55 rows=1012 width=0)
	        Index Cond: ((id >= 6197851) AND (id <= 6198850))

table 3 : explain SELECT c FROM sbtest3 WHERE id BETWEEN 8890026 AND 8891025
	Bitmap Heap Scan on sbtest3  (cost=22.62..3838.67 rows=994 width=121)
	  Recheck Cond: ((id >= 8890026) AND (id <= 8891025))
	  ->  Bitmap Index Scan on sbtest3_pkey  (cost=0.00..22.37 rows=994 width=0)
	        Index Cond: ((id >= 8890026) AND (id <= 8891025))

table 4 : explain SELECT c FROM sbtest4 WHERE id BETWEEN 1135429 AND 1136428
	Bitmap Heap Scan on sbtest4  (cost=22.24..3700.20 rows=957 width=121)
	  Recheck Cond: ((id >= 1135429) AND (id <= 1136428))
	  ->  Bitmap Index Scan on sbtest4_pkey  (cost=0.00..22.00 rows=957 width=0)
	        Index Cond: ((id >= 1135429) AND (id <= 1136428))

table 5 : explain SELECT c FROM sbtest5 WHERE id BETWEEN 6472216 AND 6473215
	Bitmap Heap Scan on sbtest5  (cost=23.02..3986.72 rows=1033 width=121)
	  Recheck Cond: ((id >= 6472216) AND (id <= 6473215))
	  ->  Bitmap Index Scan on sbtest5_pkey  (cost=0.00..22.76 rows=1033 width=0)
	        Index Cond: ((id >= 6472216) AND (id <= 6473215))

table 6 : explain SELECT c FROM sbtest6 WHERE id BETWEEN 8860063 AND 8861062
	Bitmap Heap Scan on sbtest6  (cost=21.95..3590.82 rows=928 width=121)
	  Recheck Cond: ((id >= 8860063) AND (id <= 8861062))
	  ->  Bitmap Index Scan on sbtest6_pkey  (cost=0.00..21.71 rows=928 width=0)
	        Index Cond: ((id >= 8860063) AND (id <= 8861062))

table 7 : explain SELECT c FROM sbtest7 WHERE id BETWEEN 6337848 AND 6338847
	Bitmap Heap Scan on sbtest7  (cost=21.82..3546.49 rows=916 width=121)
	  Recheck Cond: ((id >= 6337848) AND (id <= 6338847))
	  ->  Bitmap Index Scan on sbtest7_pkey  (cost=0.00..21.59 rows=916 width=0)
	        Index Cond: ((id >= 6337848) AND (id <= 6338847))

table 8 : explain SELECT c FROM sbtest8 WHERE id BETWEEN 1357663 AND 1358662
	Bitmap Heap Scan on sbtest8  (cost=26.71..3875.07 rows=1002 width=121)
	  Recheck Cond: ((id >= 1357663) AND (id <= 1358662))
	  ->  Bitmap Index Scan on sbtest8_pkey  (cost=0.00..26.45 rows=1002 width=0)
	        Index Cond: ((id >= 1357663) AND (id <= 1358662))

for point_selects
table 1 : explain SELECT c FROM sbtest1 WHERE id=4321225
	Index Scan using sbtest1_pkey on sbtest1  (cost=0.43..8.45 rows=1 width=121)
	  Index Cond: (id = 4321225)

table 2 : explain SELECT c FROM sbtest2 WHERE id=988412
	Index Scan using sbtest2_pkey on sbtest2  (cost=0.43..8.45 rows=1 width=121)
	  Index Cond: (id = 988412)

table 3 : explain SELECT c FROM sbtest3 WHERE id=4477993
	Index Scan using sbtest3_pkey on sbtest3  (cost=0.43..8.45 rows=1 width=121)
	  Index Cond: (id = 4477993)

table 4 : explain SELECT c FROM sbtest4 WHERE id=3611362
	Index Scan using sbtest4_pkey on sbtest4  (cost=0.43..8.45 rows=1 width=121)
	  Index Cond: (id = 3611362)

table 5 : explain SELECT c FROM sbtest5 WHERE id=5271907
	Index Scan using sbtest5_pkey on sbtest5  (cost=0.43..8.45 rows=1 width=121)
	  Index Cond: (id = 5271907)

table 6 : explain SELECT c FROM sbtest6 WHERE id=5821087
	Index Scan using sbtest6_pkey on sbtest6  (cost=0.43..8.45 rows=1 width=121)
	  Index Cond: (id = 5821087)

table 7 : explain SELECT c FROM sbtest7 WHERE id=3884389
	Index Scan using sbtest7_pkey on sbtest7  (cost=0.43..8.45 rows=1 width=121)
	  Index Cond: (id = 3884389)

table 8 : explain SELECT c FROM sbtest8 WHERE id=2061391
	Index Scan using sbtest8_pkey on sbtest8  (cost=0.43..8.45 rows=1 width=121)
	  Index Cond: (id = 2061391)

for: sum_ranges
table 1 : explain SELECT SUM(k) FROM sbtest1 WHERE id BETWEEN 807855 AND 808854
	Aggregate  (cost=3488.90..3488.91 rows=1 width=8)
	  ->  Bitmap Heap Scan on sbtest1  (cost=21.67..3486.65 rows=901 width=4)
	        Recheck Cond: ((id >= 807855) AND (id <= 808854))
	        ->  Bitmap Index Scan on sbtest1_pkey  (cost=0.00..21.44 rows=901 width=0)
	              Index Cond: ((id >= 807855) AND (id <= 808854))

table 2 : explain SELECT SUM(k) FROM sbtest2 WHERE id BETWEEN 2762378 AND 2763377
	Aggregate  (cost=4258.93..4258.94 rows=1 width=8)
	  ->  Bitmap Heap Scan on sbtest2  (cost=27.76..4256.17 rows=1105 width=4)
	        Recheck Cond: ((id >= 2762378) AND (id <= 2763377))
	        ->  Bitmap Index Scan on sbtest2_pkey  (cost=0.00..27.48 rows=1105 width=0)
	              Index Cond: ((id >= 2762378) AND (id <= 2763377))

table 3 : explain SELECT SUM(k) FROM sbtest3 WHERE id BETWEEN 8464988 AND 8465987
	Aggregate  (cost=3739.32..3739.33 rows=1 width=8)
	  ->  Bitmap Heap Scan on sbtest3  (cost=22.35..3736.91 rows=967 width=4)
	        Recheck Cond: ((id >= 8464988) AND (id <= 8465987))
	        ->  Bitmap Index Scan on sbtest3_pkey  (cost=0.00..22.11 rows=967 width=0)
	              Index Cond: ((id >= 8464988) AND (id <= 8465987))

table 4 : explain SELECT SUM(k) FROM sbtest4 WHERE id BETWEEN 6939662 AND 6940661
	Aggregate  (cost=3679.93..3679.94 rows=1 width=8)
	  ->  Bitmap Heap Scan on sbtest4  (cost=22.18..3677.56 rows=951 width=4)
	        Recheck Cond: ((id >= 6939662) AND (id <= 6940661))
	        ->  Bitmap Index Scan on sbtest4_pkey  (cost=0.00..21.94 rows=951 width=0)
	              Index Cond: ((id >= 6939662) AND (id <= 6940661))

table 5 : explain SELECT SUM(k) FROM sbtest5 WHERE id BETWEEN 6206002 AND 6207001
	Aggregate  (cost=3725.34..3725.35 rows=1 width=8)
	  ->  Bitmap Heap Scan on sbtest5  (cost=22.31..3722.93 rows=963 width=4)
	        Recheck Cond: ((id >= 6206002) AND (id <= 6207001))
	        ->  Bitmap Index Scan on sbtest5_pkey  (cost=0.00..22.07 rows=963 width=0)
	              Index Cond: ((id >= 6206002) AND (id <= 6207001))

table 6 : explain SELECT SUM(k) FROM sbtest6 WHERE id BETWEEN 2750312 AND 2751311
	Aggregate  (cost=3838.56..3838.57 rows=1 width=8)
	  ->  Bitmap Heap Scan on sbtest6  (cost=22.61..3836.08 rows=993 width=4)
	        Recheck Cond: ((id >= 2750312) AND (id <= 2751311))
	        ->  Bitmap Index Scan on sbtest6_pkey  (cost=0.00..22.36 rows=993 width=0)
	              Index Cond: ((id >= 2750312) AND (id <= 2751311))

table 7 : explain SELECT SUM(k) FROM sbtest7 WHERE id BETWEEN 8088230 AND 8089229
	Aggregate  (cost=3903.84..3903.85 rows=1 width=8)
	  ->  Bitmap Heap Scan on sbtest7  (cost=22.79..3901.31 rows=1010 width=4)
	        Recheck Cond: ((id >= 8088230) AND (id <= 8089229))
	        ->  Bitmap Index Scan on sbtest7_pkey  (cost=0.00..22.54 rows=1010 width=0)
	              Index Cond: ((id >= 8088230) AND (id <= 8089229))

table 8 : explain SELECT SUM(k) FROM sbtest8 WHERE id BETWEEN 8721734 AND 8722733
	Aggregate  (cost=3639.47..3639.48 rows=1 width=8)
	  ->  Bitmap Heap Scan on sbtest8  (cost=22.07..3637.12 rows=940 width=4)
	        Recheck Cond: ((id >= 8721734) AND (id <= 8722733))
	        ->  Bitmap Index Scan on sbtest8_pkey  (cost=0.00..21.83 rows=940 width=0)
	              Index Cond: ((id >= 8721734) AND (id <= 8722733))

explain: for point_selects :: explain SELECT c FROM sbtest%u WHERE id=%u
for: simple_ranges
table 1 : explain SELECT c FROM sbtest1 WHERE id BETWEEN 8758093 AND 8759092
	Bitmap Heap Scan on sbtest1  (cost=22.31..3720.61 rows=963 width=121)
	  Recheck Cond: ((id >= 8758093) AND (id <= 8759092))
	  ->  Bitmap Index Scan on sbtest1_pkey  (cost=0.00..22.07 rows=963 width=0)
	        Index Cond: ((id >= 8758093) AND (id <= 8759092))

table 2 : explain SELECT c FROM sbtest2 WHERE id BETWEEN 4306134 AND 4307133
	Bitmap Heap Scan on sbtest2  (cost=21.68..3491.43 rows=902 width=121)
	  Recheck Cond: ((id >= 4306134) AND (id <= 4307133))
	  ->  Bitmap Index Scan on sbtest2_pkey  (cost=0.00..21.45 rows=902 width=0)
	        Index Cond: ((id >= 4306134) AND (id <= 4307133))

table 3 : explain SELECT c FROM sbtest3 WHERE id BETWEEN 3476572 AND 3477571
	Bitmap Heap Scan on sbtest3  (cost=22.84..3917.75 rows=1015 width=121)
	  Recheck Cond: ((id >= 3476572) AND (id <= 3477571))
	  ->  Bitmap Index Scan on sbtest3_pkey  (cost=0.00..22.58 rows=1015 width=0)
	        Index Cond: ((id >= 3476572) AND (id <= 3477571))

table 4 : explain SELECT c FROM sbtest4 WHERE id BETWEEN 5934544 AND 5935543
	Bitmap Heap Scan on sbtest4  (cost=22.02..3617.15 rows=935 width=121)
	  Recheck Cond: ((id >= 5934544) AND (id <= 5935543))
	  ->  Bitmap Index Scan on sbtest4_pkey  (cost=0.00..21.79 rows=935 width=0)
	        Index Cond: ((id >= 5934544) AND (id <= 5935543))

table 5 : explain SELECT c FROM sbtest5 WHERE id BETWEEN 4685000 AND 4685999
	Bitmap Heap Scan on sbtest5  (cost=27.68..4231.36 rows=1097 width=121)
	  Recheck Cond: ((id >= 4685000) AND (id <= 4685999))
	  ->  Bitmap Index Scan on sbtest5_pkey  (cost=0.00..27.40 rows=1097 width=0)
	        Index Cond: ((id >= 4685000) AND (id <= 4685999))

table 6 : explain SELECT c FROM sbtest6 WHERE id BETWEEN 1010387 AND 1011386
	Bitmap Heap Scan on sbtest6  (cost=22.46..3779.53 rows=978 width=121)
	  Recheck Cond: ((id >= 1010387) AND (id <= 1011386))
	  ->  Bitmap Index Scan on sbtest6_pkey  (cost=0.00..22.21 rows=978 width=0)
	        Index Cond: ((id >= 1010387) AND (id <= 1011386))

table 7 : explain SELECT c FROM sbtest7 WHERE id BETWEEN 719559 AND 720558
	Bitmap Heap Scan on sbtest7  (cost=27.54..4180.08 rows=1083 width=121)
	  Recheck Cond: ((id >= 719559) AND (id <= 720558))
	  ->  Bitmap Index Scan on sbtest7_pkey  (cost=0.00..27.26 rows=1083 width=0)
	        Index Cond: ((id >= 719559) AND (id <= 720558))

table 8 : explain SELECT c FROM sbtest8 WHERE id BETWEEN 8879946 AND 8880945
	Bitmap Heap Scan on sbtest8  (cost=26.95..3965.51 rows=1026 width=121)
	  Recheck Cond: ((id >= 8879946) AND (id <= 8880945))
	  ->  Bitmap Index Scan on sbtest8_pkey  (cost=0.00..26.69 rows=1026 width=0)
	        Index Cond: ((id >= 8879946) AND (id <= 8880945))

for: order_ranges
table 1 : explain SELECT c FROM sbtest1 WHERE id BETWEEN 586030 AND 587029 ORDER BY c
	Sort  (cost=4192.27..4194.95 rows=1074 width=121)
	  Sort Key: c
	  ->  Bitmap Heap Scan on sbtest1  (cost=23.44..4138.20 rows=1074 width=121)
	        Recheck Cond: ((id >= 586030) AND (id <= 587029))
	        ->  Bitmap Index Scan on sbtest1_pkey  (cost=0.00..23.18 rows=1074 width=0)
	              Index Cond: ((id >= 586030) AND (id <= 587029))

table 2 : explain SELECT c FROM sbtest2 WHERE id BETWEEN 6422894 AND 6423893 ORDER BY c
	Sort  (cost=4006.52..4009.08 rows=1025 width=121)
	  Sort Key: c
	  ->  Bitmap Heap Scan on sbtest2  (cost=22.94..3955.26 rows=1025 width=121)
	        Recheck Cond: ((id >= 6422894) AND (id <= 6423893))
	        ->  Bitmap Index Scan on sbtest2_pkey  (cost=0.00..22.68 rows=1025 width=0)
	              Index Cond: ((id >= 6422894) AND (id <= 6423893))

table 3 : explain SELECT c FROM sbtest3 WHERE id BETWEEN 5632442 AND 5633441 ORDER BY c
	Sort  (cost=4067.75..4070.36 rows=1041 width=121)
	  Sort Key: c
	  ->  Bitmap Heap Scan on sbtest3  (cost=23.11..4015.58 rows=1041 width=121)
	        Recheck Cond: ((id >= 5632442) AND (id <= 5633441))
	        ->  Bitmap Index Scan on sbtest3_pkey  (cost=0.00..22.84 rows=1041 width=0)
	              Index Cond: ((id >= 5632442) AND (id <= 5633441))

table 4 : explain SELECT c FROM sbtest4 WHERE id BETWEEN 8102535 AND 8103534 ORDER BY c
	Sort  (cost=3544.40..3546.66 rows=904 width=121)
	  Sort Key: c
	  ->  Bitmap Heap Scan on sbtest4  (cost=21.70..3500.01 rows=904 width=121)
	        Recheck Cond: ((id >= 8102535) AND (id <= 8103534))
	        ->  Bitmap Index Scan on sbtest4_pkey  (cost=0.00..21.47 rows=904 width=0)
	              Index Cond: ((id >= 8102535) AND (id <= 8103534))

table 5 : explain SELECT c FROM sbtest5 WHERE id BETWEEN 363012 AND 364011 ORDER BY c
	Sort  (cost=4263.87..4266.59 rows=1091 width=121)
	  Sort Key: c
	  ->  Bitmap Heap Scan on sbtest5  (cost=27.62..4208.82 rows=1091 width=121)
	        Recheck Cond: ((id >= 363012) AND (id <= 364011))
	        ->  Bitmap Index Scan on sbtest5_pkey  (cost=0.00..27.34 rows=1091 width=0)
	              Index Cond: ((id >= 363012) AND (id <= 364011))

table 6 : explain SELECT c FROM sbtest6 WHERE id BETWEEN 8352325 AND 8353324 ORDER BY c
	Sort  (cost=3843.42..3845.87 rows=982 width=121)
	  Sort Key: c
	  ->  Bitmap Heap Scan on sbtest6  (cost=22.50..3794.61 rows=982 width=121)
	        Recheck Cond: ((id >= 8352325) AND (id <= 8353324))
	        ->  Bitmap Index Scan on sbtest6_pkey  (cost=0.00..22.25 rows=982 width=0)
	              Index Cond: ((id >= 8352325) AND (id <= 8353324))

table 7 : explain SELECT c FROM sbtest7 WHERE id BETWEEN 7747632 AND 7748631 ORDER BY c
	Sort  (cost=3794.75..3797.18 rows=969 width=121)
	  Sort Key: c
	  ->  Bitmap Heap Scan on sbtest7  (cost=22.37..3746.69 rows=969 width=121)
	        Recheck Cond: ((id >= 7747632) AND (id <= 7748631))
	        ->  Bitmap Index Scan on sbtest7_pkey  (cost=0.00..22.12 rows=969 width=0)
	              Index Cond: ((id >= 7747632) AND (id <= 7748631))

table 8 : explain SELECT c FROM sbtest8 WHERE id BETWEEN 7953384 AND 7954383 ORDER BY c
	Sort  (cost=3664.36..3666.70 rows=935 width=121)
	  Sort Key: c
	  ->  Bitmap Heap Scan on sbtest8  (cost=22.02..3618.23 rows=935 width=121)
	        Recheck Cond: ((id >= 7953384) AND (id <= 7954383))
	        ->  Bitmap Index Scan on sbtest8_pkey  (cost=0.00..21.79 rows=935 width=0)
	              Index Cond: ((id >= 7953384) AND (id <= 7954383))

explain: for point_selects :: explain SELECT c FROM sbtest%u WHERE id=%u
for point_selects
table 1 : explain SELECT c FROM sbtest1 WHERE id=3825495
	Index Scan using sbtest1_pkey on sbtest1  (cost=0.43..8.45 rows=1 width=121)
	  Index Cond: (id = 3825495)

table 2 : explain SELECT c FROM sbtest2 WHERE id=6496633
	Index Scan using sbtest2_pkey on sbtest2  (cost=0.43..8.45 rows=1 width=121)
	  Index Cond: (id = 6496633)

table 3 : explain SELECT c FROM sbtest3 WHERE id=3861757
	Index Scan using sbtest3_pkey on sbtest3  (cost=0.43..8.45 rows=1 width=121)
	  Index Cond: (id = 3861757)

table 4 : explain SELECT c FROM sbtest4 WHERE id=2953722
	Index Scan using sbtest4_pkey on sbtest4  (cost=0.43..8.45 rows=1 width=121)
	  Index Cond: (id = 2953722)

table 5 : explain SELECT c FROM sbtest5 WHERE id=9218405
	Index Scan using sbtest5_pkey on sbtest5  (cost=0.43..8.45 rows=1 width=121)
	  Index Cond: (id = 9218405)

table 6 : explain SELECT c FROM sbtest6 WHERE id=6255983
	Index Scan using sbtest6_pkey on sbtest6  (cost=0.43..8.45 rows=1 width=121)
	  Index Cond: (id = 6255983)

table 7 : explain SELECT c FROM sbtest7 WHERE id=8495928
	Index Scan using sbtest7_pkey on sbtest7  (cost=0.43..8.45 rows=1 width=121)
	  Index Cond: (id = 8495928)

table 8 : explain SELECT c FROM sbtest8 WHERE id=1485448
	Index Scan using sbtest8_pkey on sbtest8  (cost=0.43..8.45 rows=1 width=121)
	  Index Cond: (id = 1485448)

for: sum_ranges
table 1 : explain SELECT SUM(k) FROM sbtest1 WHERE id BETWEEN 970203 AND 971202
	Aggregate  (cost=3609.80..3609.81 rows=1 width=8)
	  ->  Bitmap Heap Scan on sbtest1  (cost=22.00..3607.47 rows=933 width=4)
	        Recheck Cond: ((id >= 970203) AND (id <= 971202))
	        ->  Bitmap Index Scan on sbtest1_pkey  (cost=0.00..21.76 rows=933 width=0)
	              Index Cond: ((id >= 970203) AND (id <= 971202))

table 2 : explain SELECT SUM(k) FROM sbtest2 WHERE id BETWEEN 3151416 AND 3152415
	Aggregate  (cost=3912.63..3912.64 rows=1 width=8)
	  ->  Bitmap Heap Scan on sbtest2  (cost=22.82..3910.10 rows=1013 width=4)
	        Recheck Cond: ((id >= 3151416) AND (id <= 3152415))
	        ->  Bitmap Index Scan on sbtest2_pkey  (cost=0.00..22.57 rows=1013 width=0)
	              Index Cond: ((id >= 3151416) AND (id <= 3152415))

table 3 : explain SELECT SUM(k) FROM sbtest3 WHERE id BETWEEN 320566 AND 321565
	Aggregate  (cost=3516.47..3516.48 rows=1 width=8)
	  ->  Bitmap Heap Scan on sbtest3  (cost=21.74..3514.20 rows=908 width=4)
	        Recheck Cond: ((id >= 320566) AND (id <= 321565))
	        ->  Bitmap Index Scan on sbtest3_pkey  (cost=0.00..21.51 rows=908 width=0)
	              Index Cond: ((id >= 320566) AND (id <= 321565))

table 4 : explain SELECT SUM(k) FROM sbtest4 WHERE id BETWEEN 8198383 AND 8199382
	Aggregate  (cost=4132.46..4132.47 rows=1 width=8)
	  ->  Bitmap Heap Scan on sbtest4  (cost=27.40..4129.79 rows=1070 width=4)
	        Recheck Cond: ((id >= 8198383) AND (id <= 8199382))
	        ->  Bitmap Index Scan on sbtest4_pkey  (cost=0.00..27.14 rows=1070 width=0)
	              Index Cond: ((id >= 8198383) AND (id <= 8199382))

table 5 : explain SELECT SUM(k) FROM sbtest5 WHERE id BETWEEN 9112937 AND 9113936
	Aggregate  (cost=4019.43..4019.44 rows=1 width=8)
	  ->  Bitmap Heap Scan on sbtest5  (cost=23.11..4016.83 rows=1041 width=4)
	        Recheck Cond: ((id >= 9112937) AND (id <= 9113936))
	        ->  Bitmap Index Scan on sbtest5_pkey  (cost=0.00..22.84 rows=1041 width=0)
	              Index Cond: ((id >= 9112937) AND (id <= 9113936))

table 6 : explain SELECT SUM(k) FROM sbtest6 WHERE id BETWEEN 1926182 AND 1927181
	Aggregate  (cost=3748.01..3748.02 rows=1 width=8)
	  ->  Bitmap Heap Scan on sbtest6  (cost=22.37..3745.59 rows=969 width=4)
	        Recheck Cond: ((id >= 1926182) AND (id <= 1927181))
	        ->  Bitmap Index Scan on sbtest6_pkey  (cost=0.00..22.12 rows=969 width=0)
	              Index Cond: ((id >= 1926182) AND (id <= 1927181))

table 7 : explain SELECT SUM(k) FROM sbtest7 WHERE id BETWEEN 8289498 AND 8290497
	Aggregate  (cost=4175.27..4175.28 rows=1 width=8)
	  ->  Bitmap Heap Scan on sbtest7  (cost=27.52..4172.57 rows=1081 width=4)
	        Recheck Cond: ((id >= 8289498) AND (id <= 8290497))
	        ->  Bitmap Index Scan on sbtest7_pkey  (cost=0.00..27.25 rows=1081 width=0)
	              Index Cond: ((id >= 8289498) AND (id <= 8290497))

table 8 : explain SELECT SUM(k) FROM sbtest8 WHERE id BETWEEN 2078345 AND 2079344
	Aggregate  (cost=3979.38..3979.39 rows=1 width=8)
	  ->  Bitmap Heap Scan on sbtest8  (cost=26.98..3976.80 rows=1029 width=4)
	        Recheck Cond: ((id >= 2078345) AND (id <= 2079344))
	        ->  Bitmap Index Scan on sbtest8_pkey  (cost=0.00..26.72 rows=1029 width=0)
	              Index Cond: ((id >= 2078345) AND (id <= 2079344))

explain: for point_selects :: explain SELECT c FROM sbtest%u WHERE id=%u
for: distinct_ranges
table 1 : explain SELECT DISTINCT c FROM sbtest1 WHERE id BETWEEN 4745798 AND 4746797 ORDER BY c
	Unique  (cost=3890.70..3895.68 rows=995 width=121)
	  ->  Sort  (cost=3890.70..3893.19 rows=995 width=121)
	        Sort Key: c
	        ->  Bitmap Heap Scan on sbtest1  (cost=22.63..3841.16 rows=995 width=121)
	              Recheck Cond: ((id >= 4745798) AND (id <= 4746797))
	              ->  Bitmap Index Scan on sbtest1_pkey  (cost=0.00..22.39 rows=995 width=0)
	                    Index Cond: ((id >= 4745798) AND (id <= 4746797))

table 2 : explain SELECT DISTINCT c FROM sbtest2 WHERE id BETWEEN 1917095 AND 1918094 ORDER BY c
	Unique  (cost=3551.04..3555.57 rows=906 width=121)
	  ->  Sort  (cost=3551.04..3553.31 rows=906 width=121)
	        Sort Key: c
	        ->  Bitmap Heap Scan on sbtest2  (cost=21.72..3506.54 rows=906 width=121)
	              Recheck Cond: ((id >= 1917095) AND (id <= 1918094))
	              ->  Bitmap Index Scan on sbtest2_pkey  (cost=0.00..21.50 rows=906 width=0)
	                    Index Cond: ((id >= 1917095) AND (id <= 1918094))

table 3 : explain SELECT DISTINCT c FROM sbtest3 WHERE id BETWEEN 8033474 AND 8034473 ORDER BY c
	Unique  (cost=4159.36..4164.69 rows=1065 width=121)
	  ->  Sort  (cost=4159.36..4162.02 rows=1065 width=121)
	        Sort Key: c
	        ->  Bitmap Heap Scan on sbtest3  (cost=23.35..4105.81 rows=1065 width=121)
	              Recheck Cond: ((id >= 8033474) AND (id <= 8034473))
	              ->  Bitmap Index Scan on sbtest3_pkey  (cost=0.00..23.08 rows=1065 width=0)
	                    Index Cond: ((id >= 8033474) AND (id <= 8034473))

table 4 : explain SELECT DISTINCT c FROM sbtest4 WHERE id BETWEEN 1706173 AND 1707172 ORDER BY c
	Unique  (cost=3532.89..3537.39 rows=901 width=121)
	  ->  Sort  (cost=3532.89..3535.14 rows=901 width=121)
	        Sort Key: c
	        ->  Bitmap Heap Scan on sbtest4  (cost=21.67..3488.67 rows=901 width=121)
	              Recheck Cond: ((id >= 1706173) AND (id <= 1707172))
	              ->  Bitmap Index Scan on sbtest4_pkey  (cost=0.00..21.44 rows=901 width=0)
	                    Index Cond: ((id >= 1706173) AND (id <= 1707172))

table 5 : explain SELECT DISTINCT c FROM sbtest5 WHERE id BETWEEN 7395481 AND 7396480 ORDER BY c
	Unique  (cost=4260.05..4265.50 rows=1090 width=121)
	  ->  Sort  (cost=4260.05..4262.78 rows=1090 width=121)
	        Sort Key: c
	        ->  Bitmap Heap Scan on sbtest5  (cost=27.61..4205.06 rows=1090 width=121)
	              Recheck Cond: ((id >= 7395481) AND (id <= 7396480))
	              ->  Bitmap Index Scan on sbtest5_pkey  (cost=0.00..27.33 rows=1090 width=0)
	                    Index Cond: ((id >= 7395481) AND (id <= 7396480))

table 6 : explain SELECT DISTINCT c FROM sbtest6 WHERE id BETWEEN 846710 AND 847709 ORDER BY c
	Unique  (cost=4302.02..4307.53 rows=1101 width=121)
	  ->  Sort  (cost=4302.02..4304.78 rows=1101 width=121)
	        Sort Key: c
	        ->  Bitmap Heap Scan on sbtest6  (cost=27.72..4246.40 rows=1101 width=121)
	              Recheck Cond: ((id >= 846710) AND (id <= 847709))
	              ->  Bitmap Index Scan on sbtest6_pkey  (cost=0.00..27.44 rows=1101 width=0)
	                    Index Cond: ((id >= 846710) AND (id <= 847709))

table 7 : explain SELECT DISTINCT c FROM sbtest7 WHERE id BETWEEN 633665 AND 634664 ORDER BY c
	Unique  (cost=4024.38..4029.52 rows=1029 width=121)
	  ->  Sort  (cost=4024.38..4026.95 rows=1029 width=121)
	        Sort Key: c
	        ->  Bitmap Heap Scan on sbtest7  (cost=22.98..3972.89 rows=1029 width=121)
	              Recheck Cond: ((id >= 633665) AND (id <= 634664))
	              ->  Bitmap Index Scan on sbtest7_pkey  (cost=0.00..22.72 rows=1029 width=0)
	                    Index Cond: ((id >= 633665) AND (id <= 634664))

table 8 : explain SELECT DISTINCT c FROM sbtest8 WHERE id BETWEEN 2869719 AND 2870718 ORDER BY c
	Unique  (cost=3951.80..3956.85 rows=1009 width=121)
	  ->  Sort  (cost=3951.80..3954.32 rows=1009 width=121)
	        Sort Key: c
	        ->  Bitmap Heap Scan on sbtest8  (cost=26.78..3901.46 rows=1009 width=121)
	              Recheck Cond: ((id >= 2869719) AND (id <= 2870718))
	              ->  Bitmap Index Scan on sbtest8_pkey  (cost=0.00..26.52 rows=1009 width=0)
	                    Index Cond: ((id >= 2869719) AND (id <= 2870718))

explain: for point_selects :: explain SELECT c FROM sbtest%u WHERE id=%u
for point_selects
table 1 : explain SELECT c FROM sbtest1 WHERE id=2734592
	Index Scan using sbtest1_pkey on sbtest1  (cost=0.43..8.45 rows=1 width=121)
	  Index Cond: (id = 2734592)

table 2 : explain SELECT c FROM sbtest2 WHERE id=1210307
	Index Scan using sbtest2_pkey on sbtest2  (cost=0.43..8.45 rows=1 width=121)
	  Index Cond: (id = 1210307)

table 3 : explain SELECT c FROM sbtest3 WHERE id=9886402
	Index Scan using sbtest3_pkey on sbtest3  (cost=0.43..8.45 rows=1 width=121)
	  Index Cond: (id = 9886402)

table 4 : explain SELECT c FROM sbtest4 WHERE id=2394032
	Index Scan using sbtest4_pkey on sbtest4  (cost=0.43..8.45 rows=1 width=121)
	  Index Cond: (id = 2394032)

table 5 : explain SELECT c FROM sbtest5 WHERE id=6318183
	Index Scan using sbtest5_pkey on sbtest5  (cost=0.43..8.45 rows=1 width=121)
	  Index Cond: (id = 6318183)

table 6 : explain SELECT c FROM sbtest6 WHERE id=6915912
	Index Scan using sbtest6_pkey on sbtest6  (cost=0.43..8.45 rows=1 width=121)
	  Index Cond: (id = 6915912)

table 7 : explain SELECT c FROM sbtest7 WHERE id=8217912
	Index Scan using sbtest7_pkey on sbtest7  (cost=0.43..8.45 rows=1 width=121)
	  Index Cond: (id = 8217912)

table 8 : explain SELECT c FROM sbtest8 WHERE id=2541798
	Index Scan using sbtest8_pkey on sbtest8  (cost=0.43..8.45 rows=1 width=121)
	  Index Cond: (id = 2541798)

for: simple_ranges
table 1 : explain SELECT c FROM sbtest1 WHERE id BETWEEN 8655346 AND 8656345
	Bitmap Heap Scan on sbtest1  (cost=22.73..3875.04 rows=1004 width=121)
	  Recheck Cond: ((id >= 8655346) AND (id <= 8656345))
	  ->  Bitmap Index Scan on sbtest1_pkey  (cost=0.00..22.47 rows=1004 width=0)
	        Index Cond: ((id >= 8655346) AND (id <= 8656345))

table 2 : explain SELECT c FROM sbtest2 WHERE id BETWEEN 4891948 AND 4892947
	Bitmap Heap Scan on sbtest2  (cost=23.59..4192.08 rows=1088 width=121)
	  Recheck Cond: ((id >= 4891948) AND (id <= 4892947))
	  ->  Bitmap Index Scan on sbtest2_pkey  (cost=0.00..23.32 rows=1088 width=0)
	        Index Cond: ((id >= 4891948) AND (id <= 4892947))

table 3 : explain SELECT c FROM sbtest3 WHERE id BETWEEN 9635830 AND 9636829
	Bitmap Heap Scan on sbtest3  (cost=22.77..3891.39 rows=1008 width=121)
	  Recheck Cond: ((id >= 9635830) AND (id <= 9636829))
	  ->  Bitmap Index Scan on sbtest3_pkey  (cost=0.00..22.51 rows=1008 width=0)
	        Index Cond: ((id >= 9635830) AND (id <= 9636829))

table 4 : explain SELECT c FROM sbtest4 WHERE id BETWEEN 8831913 AND 8832912
	Bitmap Heap Scan on sbtest4  (cost=22.89..3937.68 rows=1020 width=121)
	  Recheck Cond: ((id >= 8831913) AND (id <= 8832912))
	  ->  Bitmap Index Scan on sbtest4_pkey  (cost=0.00..22.64 rows=1020 width=0)
	        Index Cond: ((id >= 8831913) AND (id <= 8832912))

table 5 : explain SELECT c FROM sbtest5 WHERE id BETWEEN 6302974 AND 6303973
	Bitmap Heap Scan on sbtest5  (cost=27.90..4310.23 rows=1119 width=121)
	  Recheck Cond: ((id >= 6302974) AND (id <= 6303973))
	  ->  Bitmap Index Scan on sbtest5_pkey  (cost=0.00..27.62 rows=1119 width=0)
	        Index Cond: ((id >= 6302974) AND (id <= 6303973))

table 6 : explain SELECT c FROM sbtest6 WHERE id BETWEEN 7368097 AND 7369096
	Bitmap Heap Scan on sbtest6  (cost=23.07..4005.56 rows=1038 width=121)
	  Recheck Cond: ((id >= 7368097) AND (id <= 7369096))
	  ->  Bitmap Index Scan on sbtest6_pkey  (cost=0.00..22.82 rows=1038 width=0)
	        Index Cond: ((id >= 7368097) AND (id <= 7369096))

table 7 : explain SELECT c FROM sbtest7 WHERE id BETWEEN 3930567 AND 3931566
	Bitmap Heap Scan on sbtest7  (cost=22.04..3625.86 rows=937 width=121)
	  Recheck Cond: ((id >= 3930567) AND (id <= 3931566))
	  ->  Bitmap Index Scan on sbtest7_pkey  (cost=0.00..21.80 rows=937 width=0)
	        Index Cond: ((id >= 3930567) AND (id <= 3931566))

table 8 : explain SELECT c FROM sbtest8 WHERE id BETWEEN 6854246 AND 6855245
	Bitmap Heap Scan on sbtest8  (cost=22.25..3705.09 rows=958 width=121)
	  Recheck Cond: ((id >= 6854246) AND (id <= 6855245))
	  ->  Bitmap Index Scan on sbtest8_pkey  (cost=0.00..22.01 rows=958 width=0)
	        Index Cond: ((id >= 6854246) AND (id <= 6855245))

explain: for point_selects :: explain SELECT c FROM sbtest%u WHERE id=%u
for point_selects
table 1 : explain SELECT c FROM sbtest1 WHERE id=629180
	Index Scan using sbtest1_pkey on sbtest1  (cost=0.43..8.45 rows=1 width=121)
	  Index Cond: (id = 629180)

table 2 : explain SELECT c FROM sbtest2 WHERE id=1659165
	Index Scan using sbtest2_pkey on sbtest2  (cost=0.43..8.45 rows=1 width=121)
	  Index Cond: (id = 1659165)

table 3 : explain SELECT c FROM sbtest3 WHERE id=9213536
	Index Scan using sbtest3_pkey on sbtest3  (cost=0.43..8.45 rows=1 width=121)
	  Index Cond: (id = 9213536)

table 4 : explain SELECT c FROM sbtest4 WHERE id=3238203
	Index Scan using sbtest4_pkey on sbtest4  (cost=0.43..8.45 rows=1 width=121)
	  Index Cond: (id = 3238203)

table 5 : explain SELECT c FROM sbtest5 WHERE id=4613369
	Index Scan using sbtest5_pkey on sbtest5  (cost=0.43..8.45 rows=1 width=121)
	  Index Cond: (id = 4613369)

table 6 : explain SELECT c FROM sbtest6 WHERE id=4102693
	Index Scan using sbtest6_pkey on sbtest6  (cost=0.43..8.45 rows=1 width=121)
	  Index Cond: (id = 4102693)

table 7 : explain SELECT c FROM sbtest7 WHERE id=4560223
	Index Scan using sbtest7_pkey on sbtest7  (cost=0.43..8.45 rows=1 width=121)
	  Index Cond: (id = 4560223)

table 8 : explain SELECT c FROM sbtest8 WHERE id=4239807
	Index Scan using sbtest8_pkey on sbtest8  (cost=0.43..8.45 rows=1 width=121)
	  Index Cond: (id = 4239807)

for point_selects
table 1 : explain SELECT c FROM sbtest1 WHERE id=9893973
	Index Scan using sbtest1_pkey on sbtest1  (cost=0.43..8.45 rows=1 width=121)
	  Index Cond: (id = 9893973)

table 2 : explain SELECT c FROM sbtest2 WHERE id=4046334
	Index Scan using sbtest2_pkey on sbtest2  (cost=0.43..8.45 rows=1 width=121)
	  Index Cond: (id = 4046334)

table 3 : explain SELECT c FROM sbtest3 WHERE id=4056145
	Index Scan using sbtest3_pkey on sbtest3  (cost=0.43..8.45 rows=1 width=121)
	  Index Cond: (id = 4056145)

table 4 : explain SELECT c FROM sbtest4 WHERE id=91256
	Index Scan using sbtest4_pkey on sbtest4  (cost=0.43..8.45 rows=1 width=121)
	  Index Cond: (id = 91256)

table 5 : explain SELECT c FROM sbtest5 WHERE id=7632244
	Index Scan using sbtest5_pkey on sbtest5  (cost=0.43..8.45 rows=1 width=121)
	  Index Cond: (id = 7632244)

table 6 : explain SELECT c FROM sbtest6 WHERE id=6692519
	Index Scan using sbtest6_pkey on sbtest6  (cost=0.43..8.45 rows=1 width=121)
	  Index Cond: (id = 6692519)

table 7 : explain SELECT c FROM sbtest7 WHERE id=782561
	Index Scan using sbtest7_pkey on sbtest7  (cost=0.43..8.45 rows=1 width=121)
	  Index Cond: (id = 782561)

table 8 : explain SELECT c FROM sbtest8 WHERE id=9830196
	Index Scan using sbtest8_pkey on sbtest8  (cost=0.43..8.45 rows=1 width=121)
	  Index Cond: (id = 9830196)

for: order_ranges
table 1 : explain SELECT c FROM sbtest1 WHERE id BETWEEN 6815724 AND 6816723 ORDER BY c
	Sort  (cost=3925.09..3927.60 rows=1004 width=121)
	  Sort Key: c
	  ->  Bitmap Heap Scan on sbtest1  (cost=22.73..3875.04 rows=1004 width=121)
	        Recheck Cond: ((id >= 6815724) AND (id <= 6816723))
	        ->  Bitmap Index Scan on sbtest1_pkey  (cost=0.00..22.47 rows=1004 width=0)
	              Index Cond: ((id >= 6815724) AND (id <= 6816723))

table 2 : explain SELECT c FROM sbtest2 WHERE id BETWEEN 8805803 AND 8806802 ORDER BY c
	Sort  (cost=3964.49..3967.02 rows=1014 width=121)
	  Sort Key: c
	  ->  Bitmap Heap Scan on sbtest2  (cost=22.83..3913.86 rows=1014 width=121)
	        Recheck Cond: ((id >= 8805803) AND (id <= 8806802))
	        ->  Bitmap Index Scan on sbtest2_pkey  (cost=0.00..22.57 rows=1014 width=0)
	              Index Cond: ((id >= 8805803) AND (id <= 8806802))

table 3 : explain SELECT c FROM sbtest3 WHERE id BETWEEN 8050638 AND 8051637 ORDER BY c
	Sort  (cost=4159.36..4162.02 rows=1065 width=121)
	  Sort Key: c
	  ->  Bitmap Heap Scan on sbtest3  (cost=23.35..4105.81 rows=1065 width=121)
	        Recheck Cond: ((id >= 8050638) AND (id <= 8051637))
	        ->  Bitmap Index Scan on sbtest3_pkey  (cost=0.00..23.08 rows=1065 width=0)
	              Index Cond: ((id >= 8050638) AND (id <= 8051637))

table 4 : explain SELECT c FROM sbtest4 WHERE id BETWEEN 5338084 AND 5339083 ORDER BY c
	Sort  (cost=4026.87..4029.44 rows=1030 width=121)
	  Sort Key: c
	  ->  Bitmap Heap Scan on sbtest4  (cost=22.99..3975.32 rows=1030 width=121)
	        Recheck Cond: ((id >= 5338084) AND (id <= 5339083))
	        ->  Bitmap Index Scan on sbtest4_pkey  (cost=0.00..22.73 rows=1030 width=0)
	              Index Cond: ((id >= 5338084) AND (id <= 5339083))

table 5 : explain SELECT c FROM sbtest5 WHERE id BETWEEN 9671537 AND 9672536 ORDER BY c
	Sort  (cost=4004.04..4006.60 rows=1024 width=121)
	  Sort Key: c
	  ->  Bitmap Heap Scan on sbtest5  (cost=22.93..3952.84 rows=1024 width=121)
	        Recheck Cond: ((id >= 9671537) AND (id <= 9672536))
	        ->  Bitmap Index Scan on sbtest5_pkey  (cost=0.00..22.68 rows=1024 width=0)
	              Index Cond: ((id >= 9671537) AND (id <= 9672536))

table 6 : explain SELECT c FROM sbtest6 WHERE id BETWEEN 1859461 AND 1860460 ORDER BY c
	Sort  (cost=3858.72..3861.19 rows=986 width=121)
	  Sort Key: c
	  ->  Bitmap Heap Scan on sbtest6  (cost=22.54..3809.69 rows=986 width=121)
	        Recheck Cond: ((id >= 1859461) AND (id <= 1860460))
	        ->  Bitmap Index Scan on sbtest6_pkey  (cost=0.00..22.29 rows=986 width=0)
	              Index Cond: ((id >= 1859461) AND (id <= 1860460))

table 7 : explain SELECT c FROM sbtest7 WHERE id BETWEEN 2909828 AND 2910827 ORDER BY c
	Sort  (cost=4223.22..4225.92 rows=1080 width=121)
	  Sort Key: c
	  ->  Bitmap Heap Scan on sbtest7  (cost=27.50..4168.81 rows=1080 width=121)
	        Recheck Cond: ((id >= 2909828) AND (id <= 2910827))
	        ->  Bitmap Index Scan on sbtest7_pkey  (cost=0.00..27.23 rows=1080 width=0)
	              Index Cond: ((id >= 2909828) AND (id <= 2910827))

table 8 : explain SELECT c FROM sbtest8 WHERE id BETWEEN 7527210 AND 7528209 ORDER BY c
	Sort  (cost=4058.87..4061.47 rows=1037 width=121)
	  Sort Key: c
	  ->  Bitmap Heap Scan on sbtest8  (cost=27.06..4006.93 rows=1037 width=121)
	        Recheck Cond: ((id >= 7527210) AND (id <= 7528209))
	        ->  Bitmap Index Scan on sbtest8_pkey  (cost=0.00..26.80 rows=1037 width=0)
	              Index Cond: ((id >= 7527210) AND (id <= 7528209))

for: simple_ranges
table 1 : explain SELECT c FROM sbtest1 WHERE id BETWEEN 8324175 AND 8325174
	Bitmap Heap Scan on sbtest1  (cost=22.36..3739.45 rows=968 width=121)
	  Recheck Cond: ((id >= 8324175) AND (id <= 8325174))
	  ->  Bitmap Index Scan on sbtest1_pkey  (cost=0.00..22.11 rows=968 width=0)
	        Index Cond: ((id >= 8324175) AND (id <= 8325174))

table 2 : explain SELECT c FROM sbtest2 WHERE id BETWEEN 9243866 AND 9244865
	Bitmap Heap Scan on sbtest2  (cost=22.27..3710.40 rows=960 width=121)
	  Recheck Cond: ((id >= 9243866) AND (id <= 9244865))
	  ->  Bitmap Index Scan on sbtest2_pkey  (cost=0.00..22.04 rows=960 width=0)
	        Index Cond: ((id >= 9243866) AND (id <= 9244865))

table 3 : explain SELECT c FROM sbtest3 WHERE id BETWEEN 5244761 AND 5245760
	Bitmap Heap Scan on sbtest3  (cost=22.88..3932.80 rows=1019 width=121)
	  Recheck Cond: ((id >= 5244761) AND (id <= 5245760))
	  ->  Bitmap Index Scan on sbtest3_pkey  (cost=0.00..22.62 rows=1019 width=0)
	        Index Cond: ((id >= 5244761) AND (id <= 5245760))

table 4 : explain SELECT c FROM sbtest4 WHERE id BETWEEN 5994593 AND 5995592
	Bitmap Heap Scan on sbtest4  (cost=22.02..3617.15 rows=935 width=121)
	  Recheck Cond: ((id >= 5994593) AND (id <= 5995592))
	  ->  Bitmap Index Scan on sbtest4_pkey  (cost=0.00..21.79 rows=935 width=0)
	        Index Cond: ((id >= 5994593) AND (id <= 5995592))

table 5 : explain SELECT c FROM sbtest5 WHERE id BETWEEN 1993762 AND 1994761
	Bitmap Heap Scan on sbtest5  (cost=22.57..3820.99 rows=989 width=121)
	  Recheck Cond: ((id >= 1993762) AND (id <= 1994761))
	  ->  Bitmap Index Scan on sbtest5_pkey  (cost=0.00..22.32 rows=989 width=0)
	        Index Cond: ((id >= 1993762) AND (id <= 1994761))

table 6 : explain SELECT c FROM sbtest6 WHERE id BETWEEN 8532161 AND 8533160
	Bitmap Heap Scan on sbtest6  (cost=27.61..4205.08 rows=1090 width=121)
	  Recheck Cond: ((id >= 8532161) AND (id <= 8533160))
	  ->  Bitmap Index Scan on sbtest6_pkey  (cost=0.00..27.33 rows=1090 width=0)
	        Index Cond: ((id >= 8532161) AND (id <= 8533160))

table 7 : explain SELECT c FROM sbtest7 WHERE id BETWEEN 8715421 AND 8716420
	Bitmap Heap Scan on sbtest7  (cost=22.46..3780.65 rows=978 width=121)
	  Recheck Cond: ((id >= 8715421) AND (id <= 8716420))
	  ->  Bitmap Index Scan on sbtest7_pkey  (cost=0.00..22.21 rows=978 width=0)
	        Index Cond: ((id >= 8715421) AND (id <= 8716420))

table 8 : explain SELECT c FROM sbtest8 WHERE id BETWEEN 2739203 AND 2740202
	Bitmap Heap Scan on sbtest8  (cost=27.55..4183.75 rows=1084 width=121)
	  Recheck Cond: ((id >= 2739203) AND (id <= 2740202))
	  ->  Bitmap Index Scan on sbtest8_pkey  (cost=0.00..27.27 rows=1084 width=0)
	        Index Cond: ((id >= 2739203) AND (id <= 2740202))

explain: for point_selects :: explain SELECT c FROM sbtest%u WHERE id=%u
explain: for point_selects :: explain SELECT c FROM sbtest%u WHERE id=%u
for: simple_ranges
table 1 : explain SELECT c FROM sbtest1 WHERE id BETWEEN 5701431 AND 5702430
	Bitmap Heap Scan on sbtest1  (cost=22.91..3942.77 rows=1022 width=121)
	  Recheck Cond: ((id >= 5701431) AND (id <= 5702430))
	  ->  Bitmap Index Scan on sbtest1_pkey  (cost=0.00..22.65 rows=1022 width=0)
	        Index Cond: ((id >= 5701431) AND (id <= 5702430))

table 2 : explain SELECT c FROM sbtest2 WHERE id BETWEEN 5794059 AND 5795058
	Bitmap Heap Scan on sbtest2  (cost=22.95..3959.02 rows=1026 width=121)
	  Recheck Cond: ((id >= 5794059) AND (id <= 5795058))
	  ->  Bitmap Index Scan on sbtest2_pkey  (cost=0.00..22.69 rows=1026 width=0)
	        Index Cond: ((id >= 5794059) AND (id <= 5795058))

table 3 : explain SELECT c FROM sbtest3 WHERE id BETWEEN 7674032 AND 7675031
	Bitmap Heap Scan on sbtest3  (cost=22.74..3880.10 rows=1005 width=121)
	  Recheck Cond: ((id >= 7674032) AND (id <= 7675031))
	  ->  Bitmap Index Scan on sbtest3_pkey  (cost=0.00..22.48 rows=1005 width=0)
	        Index Cond: ((id >= 7674032) AND (id <= 7675031))

table 4 : explain SELECT c FROM sbtest4 WHERE id BETWEEN 355517 AND 356516
	Bitmap Heap Scan on sbtest4  (cost=23.13..4024.25 rows=1043 width=121)
	  Recheck Cond: ((id >= 355517) AND (id <= 356516))
	  ->  Bitmap Index Scan on sbtest4_pkey  (cost=0.00..22.86 rows=1043 width=0)
	        Index Cond: ((id >= 355517) AND (id <= 356516))

table 5 : explain SELECT c FROM sbtest5 WHERE id BETWEEN 2739117 AND 2740116
	Bitmap Heap Scan on sbtest5  (cost=22.59..3828.52 rows=991 width=121)
	  Recheck Cond: ((id >= 2739117) AND (id <= 2740116))
	  ->  Bitmap Index Scan on sbtest5_pkey  (cost=0.00..22.34 rows=991 width=0)
	        Index Cond: ((id >= 2739117) AND (id <= 2740116))

table 6 : explain SELECT c FROM sbtest6 WHERE id BETWEEN 8838862 AND 8839861
	Bitmap Heap Scan on sbtest6  (cost=21.95..3590.82 rows=928 width=121)
	  Recheck Cond: ((id >= 8838862) AND (id <= 8839861))
	  ->  Bitmap Index Scan on sbtest6_pkey  (cost=0.00..21.71 rows=928 width=0)
	        Index Cond: ((id >= 8838862) AND (id <= 8839861))

table 7 : explain SELECT c FROM sbtest7 WHERE id BETWEEN 650970 AND 651969
	Bitmap Heap Scan on sbtest7  (cost=22.98..3972.89 rows=1029 width=121)
	  Recheck Cond: ((id >= 650970) AND (id <= 651969))
	  ->  Bitmap Index Scan on sbtest7_pkey  (cost=0.00..22.72 rows=1029 width=0)
	        Index Cond: ((id >= 650970) AND (id <= 651969))

table 8 : explain SELECT c FROM sbtest8 WHERE id BETWEEN 2448657 AND 2449656
	Bitmap Heap Scan on sbtest8  (cost=22.23..3697.54 rows=956 width=121)
	  Recheck Cond: ((id >= 2448657) AND (id <= 2449656))
	  ->  Bitmap Index Scan on sbtest8_pkey  (cost=0.00..22.00 rows=956 width=0)
	        Index Cond: ((id >= 2448657) AND (id <= 2449656))

for: simple_ranges
table 1 : explain SELECT c FROM sbtest1 WHERE id BETWEEN 1296174 AND 1297173
	Bitmap Heap Scan on sbtest1  (cost=21.99..3603.69 rows=932 width=121)
	  Recheck Cond: ((id >= 1296174) AND (id <= 1297173))
	  ->  Bitmap Index Scan on sbtest1_pkey  (cost=0.00..21.75 rows=932 width=0)
	        Index Cond: ((id >= 1296174) AND (id <= 1297173))

table 2 : explain SELECT c FROM sbtest2 WHERE id BETWEEN 2605295 AND 2606294
	Bitmap Heap Scan on sbtest2  (cost=22.22..3691.54 rows=955 width=121)
	  Recheck Cond: ((id >= 2605295) AND (id <= 2606294))
	  ->  Bitmap Index Scan on sbtest2_pkey  (cost=0.00..21.98 rows=955 width=0)
	        Index Cond: ((id >= 2605295) AND (id <= 2606294))

table 3 : explain SELECT c FROM sbtest3 WHERE id BETWEEN 8861650 AND 8862649
	Bitmap Heap Scan on sbtest3  (cost=28.07..4368.85 rows=1135 width=121)
	  Recheck Cond: ((id >= 8861650) AND (id <= 8862649))
	  ->  Bitmap Index Scan on sbtest3_pkey  (cost=0.00..27.79 rows=1135 width=0)
	        Index Cond: ((id >= 8861650) AND (id <= 8862649))

table 4 : explain SELECT c FROM sbtest4 WHERE id BETWEEN 4829516 AND 4830515
	Bitmap Heap Scan on sbtest4  (cost=21.31..3356.25 rows=866 width=121)
	  Recheck Cond: ((id >= 4829516) AND (id <= 4830515))
	  ->  Bitmap Index Scan on sbtest4_pkey  (cost=0.00..21.09 rows=866 width=0)
	        Index Cond: ((id >= 4829516) AND (id <= 4830515))

table 5 : explain SELECT c FROM sbtest5 WHERE id BETWEEN 9992008 AND 9993007
	Bitmap Heap Scan on sbtest5  (cost=23.05..3998.01 rows=1036 width=121)
	  Recheck Cond: ((id >= 9992008) AND (id <= 9993007))
	  ->  Bitmap Index Scan on sbtest5_pkey  (cost=0.00..22.79 rows=1036 width=0)
	        Index Cond: ((id >= 9992008) AND (id <= 9993007))

table 6 : explain SELECT c FROM sbtest6 WHERE id BETWEEN 9241689 AND 9242688
	Bitmap Heap Scan on sbtest6  (cost=21.90..3571.93 rows=923 width=121)
	  Recheck Cond: ((id >= 9241689) AND (id <= 9242688))
	  ->  Bitmap Index Scan on sbtest6_pkey  (cost=0.00..21.66 rows=923 width=0)
	        Index Cond: ((id >= 9241689) AND (id <= 9242688))

table 7 : explain SELECT c FROM sbtest7 WHERE id BETWEEN 8420042 AND 8421041
	Bitmap Heap Scan on sbtest7  (cost=23.35..4108.39 rows=1065 width=121)
	  Recheck Cond: ((id >= 8420042) AND (id <= 8421041))
	  ->  Bitmap Index Scan on sbtest7_pkey  (cost=0.00..23.08 rows=1065 width=0)
	        Index Cond: ((id >= 8420042) AND (id <= 8421041))

table 8 : explain SELECT c FROM sbtest8 WHERE id BETWEEN 6890222 AND 6891221
	Bitmap Heap Scan on sbtest8  (cost=22.25..3705.09 rows=958 width=121)
	  Recheck Cond: ((id >= 6890222) AND (id <= 6891221))
	  ->  Bitmap Index Scan on sbtest8_pkey  (cost=0.00..22.01 rows=958 width=0)
	        Index Cond: ((id >= 6890222) AND (id <= 6891221))

for: sum_ranges
table 1 : explain SELECT SUM(k) FROM sbtest1 WHERE id BETWEEN 8220808 AND 8221807
	Aggregate  (cost=3689.06..3689.07 rows=1 width=8)
	  ->  Bitmap Heap Scan on sbtest1  (cost=22.21..3686.68 rows=954 width=4)
	        Recheck Cond: ((id >= 8220808) AND (id <= 8221807))
	        ->  Bitmap Index Scan on sbtest1_pkey  (cost=0.00..21.97 rows=954 width=0)
	              Index Cond: ((id >= 8220808) AND (id <= 8221807))

table 2 : explain SELECT SUM(k) FROM sbtest2 WHERE id BETWEEN 4507132 AND 4508131
	Aggregate  (cost=3735.44..3735.45 rows=1 width=8)
	  ->  Bitmap Heap Scan on sbtest2  (cost=22.34..3733.02 rows=966 width=4)
	        Recheck Cond: ((id >= 4507132) AND (id <= 4508131))
	        ->  Bitmap Index Scan on sbtest2_pkey  (cost=0.00..22.09 rows=966 width=0)
	              Index Cond: ((id >= 4507132) AND (id <= 4508131))

table 3 : explain SELECT SUM(k) FROM sbtest3 WHERE id BETWEEN 6844169 AND 6845168
	Aggregate  (cost=3546.72..3546.73 rows=1 width=8)
	  ->  Bitmap Heap Scan on sbtest3  (cost=21.82..3544.43 rows=916 width=4)
	        Recheck Cond: ((id >= 6844169) AND (id <= 6845168))
	        ->  Bitmap Index Scan on sbtest3_pkey  (cost=0.00..21.59 rows=916 width=0)
	              Index Cond: ((id >= 6844169) AND (id <= 6845168))

table 4 : explain SELECT SUM(k) FROM sbtest4 WHERE id BETWEEN 2983267 AND 2984266
	Aggregate  (cost=4166.31..4166.32 rows=1 width=8)
	  ->  Bitmap Heap Scan on sbtest4  (cost=27.49..4163.62 rows=1079 width=4)
	        Recheck Cond: ((id >= 2983267) AND (id <= 2984266))
	        ->  Bitmap Index Scan on sbtest4_pkey  (cost=0.00..27.22 rows=1079 width=0)
	              Index Cond: ((id >= 2983267) AND (id <= 2984266))

table 5 : explain SELECT SUM(k) FROM sbtest5 WHERE id BETWEEN 985369 AND 986368
	Aggregate  (cost=3521.27..3521.28 rows=1 width=8)
	  ->  Bitmap Heap Scan on sbtest5  (cost=21.75..3519.00 rows=909 width=4)
	        Recheck Cond: ((id >= 985369) AND (id <= 986368))
	        ->  Bitmap Index Scan on sbtest5_pkey  (cost=0.00..21.52 rows=909 width=0)
	              Index Cond: ((id >= 985369) AND (id <= 986368))

table 6 : explain SELECT SUM(k) FROM sbtest6 WHERE id BETWEEN 8310989 AND 8311988
	Aggregate  (cost=3797.07..3797.08 rows=1 width=8)
	  ->  Bitmap Heap Scan on sbtest6  (cost=22.50..3794.61 rows=982 width=4)
	        Recheck Cond: ((id >= 8310989) AND (id <= 8311988))
	        ->  Bitmap Index Scan on sbtest6_pkey  (cost=0.00..22.25 rows=982 width=0)
	              Index Cond: ((id >= 8310989) AND (id <= 8311988))

table 7 : explain SELECT SUM(k) FROM sbtest7 WHERE id BETWEEN 8438671 AND 8439670
	Aggregate  (cost=4111.06..4111.07 rows=1 width=8)
	  ->  Bitmap Heap Scan on sbtest7  (cost=23.35..4108.39 rows=1065 width=4)
	        Recheck Cond: ((id >= 8438671) AND (id <= 8439670))
	        ->  Bitmap Index Scan on sbtest7_pkey  (cost=0.00..23.08 rows=1065 width=0)
	              Index Cond: ((id >= 8438671) AND (id <= 8439670))

table 8 : explain SELECT SUM(k) FROM sbtest8 WHERE id BETWEEN 4834570 AND 4835569
	Aggregate  (cost=3382.11..3382.12 rows=1 width=8)
	  ->  Bitmap Heap Scan on sbtest8  (cost=21.37..3379.93 rows=872 width=4)
	        Recheck Cond: ((id >= 4834570) AND (id <= 4835569))
	        ->  Bitmap Index Scan on sbtest8_pkey  (cost=0.00..21.15 rows=872 width=0)
	              Index Cond: ((id >= 4834570) AND (id <= 4835569))

for point_selects
table 1 : explain SELECT c FROM sbtest1 WHERE id=1693529
	Index Scan using sbtest1_pkey on sbtest1  (cost=0.43..8.45 rows=1 width=121)
	  Index Cond: (id = 1693529)

table 2 : explain SELECT c FROM sbtest2 WHERE id=3355925
	Index Scan using sbtest2_pkey on sbtest2  (cost=0.43..8.45 rows=1 width=121)
	  Index Cond: (id = 3355925)

table 3 : explain SELECT c FROM sbtest3 WHERE id=2340121
	Index Scan using sbtest3_pkey on sbtest3  (cost=0.43..8.45 rows=1 width=121)
	  Index Cond: (id = 2340121)

table 4 : explain SELECT c FROM sbtest4 WHERE id=4262275
	Index Scan using sbtest4_pkey on sbtest4  (cost=0.43..8.45 rows=1 width=121)
	  Index Cond: (id = 4262275)

table 5 : explain SELECT c FROM sbtest5 WHERE id=5512515
	Index Scan using sbtest5_pkey on sbtest5  (cost=0.43..8.45 rows=1 width=121)
	  Index Cond: (id = 5512515)

table 6 : explain SELECT c FROM sbtest6 WHERE id=9528024
	Index Scan using sbtest6_pkey on sbtest6  (cost=0.43..8.45 rows=1 width=121)
	  Index Cond: (id = 9528024)

table 7 : explain SELECT c FROM sbtest7 WHERE id=3268747
	Index Scan using sbtest7_pkey on sbtest7  (cost=0.43..8.45 rows=1 width=121)
	  Index Cond: (id = 3268747)

table 8 : explain SELECT c FROM sbtest8 WHERE id=6571517
	Index Scan using sbtest8_pkey on sbtest8  (cost=0.43..8.45 rows=1 width=121)
	  Index Cond: (id = 6571517)

for: distinct_ranges
table 1 : explain SELECT DISTINCT c FROM sbtest1 WHERE id BETWEEN 7315439 AND 7316438 ORDER BY c
	Unique  (cost=3944.20..3949.24 rows=1009 width=121)
	  ->  Sort  (cost=3944.20..3946.72 rows=1009 width=121)
	        Sort Key: c
	        ->  Bitmap Heap Scan on sbtest1  (cost=22.78..3893.86 rows=1009 width=121)
	              Recheck Cond: ((id >= 7315439) AND (id <= 7316438))
	              ->  Bitmap Index Scan on sbtest1_pkey  (cost=0.00..22.52 rows=1009 width=0)
	                    Index Cond: ((id >= 7315439) AND (id <= 7316438))

table 2 : explain SELECT DISTINCT c FROM sbtest2 WHERE id BETWEEN 4185803 AND 4186802 ORDER BY c
	Unique  (cost=3953.02..3958.08 rows=1011 width=121)
	  ->  Sort  (cost=3953.02..3955.55 rows=1011 width=121)
	        Sort Key: c
	        ->  Bitmap Heap Scan on sbtest2  (cost=22.80..3902.57 rows=1011 width=121)
	              Recheck Cond: ((id >= 4185803) AND (id <= 4186802))
	              ->  Bitmap Index Scan on sbtest2_pkey  (cost=0.00..22.54 rows=1011 width=0)
	                    Index Cond: ((id >= 4185803) AND (id <= 4186802))

table 3 : explain SELECT DISTINCT c FROM sbtest3 WHERE id BETWEEN 6376811 AND 6377810 ORDER BY c
	Unique  (cost=3723.60..3728.36 rows=951 width=121)
	  ->  Sort  (cost=3723.60..3725.98 rows=951 width=121)
	        Sort Key: c
	        ->  Bitmap Heap Scan on sbtest3  (cost=22.18..3676.56 rows=951 width=121)
	              Recheck Cond: ((id >= 6376811) AND (id <= 6377810))
	              ->  Bitmap Index Scan on sbtest3_pkey  (cost=0.00..21.94 rows=951 width=0)
	                    Index Cond: ((id >= 6376811) AND (id <= 6377810))

table 4 : explain SELECT DISTINCT c FROM sbtest4 WHERE id BETWEEN 2379961 AND 2380960 ORDER BY c
	Unique  (cost=3896.87..3901.85 rows=996 width=121)
	  ->  Sort  (cost=3896.87..3899.36 rows=996 width=121)
	        Sort Key: c
	        ->  Bitmap Heap Scan on sbtest4  (cost=22.64..3847.27 rows=996 width=121)
	              Recheck Cond: ((id >= 2379961) AND (id <= 2380960))
	              ->  Bitmap Index Scan on sbtest4_pkey  (cost=0.00..22.39 rows=996 width=0)
	                    Index Cond: ((id >= 2379961) AND (id <= 2380960))

table 5 : explain SELECT DISTINCT c FROM sbtest5 WHERE id BETWEEN 5101334 AND 5102333 ORDER BY c
	Unique  (cost=4072.82..4078.03 rows=1042 width=121)
	  ->  Sort  (cost=4072.82..4075.43 rows=1042 width=121)
	        Sort Key: c
	        ->  Bitmap Heap Scan on sbtest5  (cost=23.12..4020.59 rows=1042 width=121)
	              Recheck Cond: ((id >= 5101334) AND (id <= 5102333))
	              ->  Bitmap Index Scan on sbtest5_pkey  (cost=0.00..22.86 rows=1042 width=0)
	                    Index Cond: ((id >= 5101334) AND (id <= 5102333))

table 6 : explain SELECT DISTINCT c FROM sbtest6 WHERE id BETWEEN 659864 AND 660863 ORDER BY c
	Unique  (cost=3674.89..3679.58 rows=938 width=121)
	  ->  Sort  (cost=3674.89..3677.24 rows=938 width=121)
	        Sort Key: c
	        ->  Bitmap Heap Scan on sbtest6  (cost=22.05..3628.59 rows=938 width=121)
	              Recheck Cond: ((id >= 659864) AND (id <= 660863))
	              ->  Bitmap Index Scan on sbtest6_pkey  (cost=0.00..21.82 rows=938 width=0)
	                    Index Cond: ((id >= 659864) AND (id <= 660863))

table 7 : explain SELECT DISTINCT c FROM sbtest7 WHERE id BETWEEN 6470192 AND 6471191 ORDER BY c
	Unique  (cost=3744.94..3749.72 rows=956 width=121)
	  ->  Sort  (cost=3744.94..3747.33 rows=956 width=121)
	        Sort Key: c
	        ->  Bitmap Heap Scan on sbtest7  (cost=22.23..3697.62 rows=956 width=121)
	              Recheck Cond: ((id >= 6470192) AND (id <= 6471191))
	              ->  Bitmap Index Scan on sbtest7_pkey  (cost=0.00..22.00 rows=956 width=0)
	                    Index Cond: ((id >= 6470192) AND (id <= 6471191))

table 8 : explain SELECT DISTINCT c FROM sbtest8 WHERE id BETWEEN 5149653 AND 5150652 ORDER BY c
	Unique  (cost=3553.10..3557.63 rows=906 width=121)
	  ->  Sort  (cost=3553.10..3555.37 rows=906 width=121)
	        Sort Key: c
	        ->  Bitmap Heap Scan on sbtest8  (cost=21.72..3508.60 rows=906 width=121)
	              Recheck Cond: ((id >= 5149653) AND (id <= 5150652))
	              ->  Bitmap Index Scan on sbtest8_pkey  (cost=0.00..21.50 rows=906 width=0)
	                    Index Cond: ((id >= 5149653) AND (id <= 5150652))

for: sum_ranges
table 1 : explain SELECT SUM(k) FROM sbtest1 WHERE id BETWEEN 5672086 AND 5673085
	Aggregate  (cost=3945.32..3945.33 rows=1 width=8)
	  ->  Bitmap Heap Scan on sbtest1  (cost=22.91..3942.77 rows=1022 width=4)
	        Recheck Cond: ((id >= 5672086) AND (id <= 5673085))
	        ->  Bitmap Index Scan on sbtest1_pkey  (cost=0.00..22.65 rows=1022 width=0)
	              Index Cond: ((id >= 5672086) AND (id <= 5673085))

table 2 : explain SELECT SUM(k) FROM sbtest2 WHERE id BETWEEN 6627680 AND 6628679
	Aggregate  (cost=3912.63..3912.64 rows=1 width=8)
	  ->  Bitmap Heap Scan on sbtest2  (cost=22.82..3910.10 rows=1013 width=4)
	        Recheck Cond: ((id >= 6627680) AND (id <= 6628679))
	        ->  Bitmap Index Scan on sbtest2_pkey  (cost=0.00..22.57 rows=1013 width=0)
	              Index Cond: ((id >= 6627680) AND (id <= 6628679))

table 3 : explain SELECT SUM(k) FROM sbtest3 WHERE id BETWEEN 3445993 AND 3446992
	Aggregate  (cost=3920.29..3920.30 rows=1 width=8)
	  ->  Bitmap Heap Scan on sbtest3  (cost=22.84..3917.75 rows=1015 width=4)
	        Recheck Cond: ((id >= 3445993) AND (id <= 3446992))
	        ->  Bitmap Index Scan on sbtest3_pkey  (cost=0.00..22.58 rows=1015 width=0)
	              Index Cond: ((id >= 3445993) AND (id <= 3446992))

table 4 : explain SELECT SUM(k) FROM sbtest4 WHERE id BETWEEN 9367877 AND 9368876
	Aggregate  (cost=3604.37..3604.38 rows=1 width=8)
	  ->  Bitmap Heap Scan on sbtest4  (cost=21.98..3602.04 rows=931 width=4)
	        Recheck Cond: ((id >= 9367877) AND (id <= 9368876))
	        ->  Bitmap Index Scan on sbtest4_pkey  (cost=0.00..21.75 rows=931 width=0)
	              Index Cond: ((id >= 9367877) AND (id <= 9368876))

table 5 : explain SELECT SUM(k) FROM sbtest5 WHERE id BETWEEN 7955577 AND 7956576
	Aggregate  (cost=3966.70..3966.71 rows=1 width=8)
	  ->  Bitmap Heap Scan on sbtest5  (cost=22.96..3964.14 rows=1027 width=4)
	        Recheck Cond: ((id >= 7955577) AND (id <= 7956576))
	        ->  Bitmap Index Scan on sbtest5_pkey  (cost=0.00..22.70 rows=1027 width=0)
	              Index Cond: ((id >= 7955577) AND (id <= 7956576))

table 6 : explain SELECT SUM(k) FROM sbtest6 WHERE id BETWEEN 5787609 AND 5788608
	Aggregate  (cost=4237.88..4237.89 rows=1 width=8)
	  ->  Bitmap Heap Scan on sbtest6  (cost=27.69..4235.13 rows=1098 width=4)
	        Recheck Cond: ((id >= 5787609) AND (id <= 5788608))
	        ->  Bitmap Index Scan on sbtest6_pkey  (cost=0.00..27.41 rows=1098 width=0)
	              Index Cond: ((id >= 5787609) AND (id <= 5788608))

table 7 : explain SELECT SUM(k) FROM sbtest7 WHERE id BETWEEN 5141566 AND 5142565
	Aggregate  (cost=3907.61..3907.62 rows=1 width=8)
	  ->  Bitmap Heap Scan on sbtest7  (cost=22.80..3905.08 rows=1011 width=4)
	        Recheck Cond: ((id >= 5141566) AND (id <= 5142565))
	        ->  Bitmap Index Scan on sbtest7_pkey  (cost=0.00..22.54 rows=1011 width=0)
	              Index Cond: ((id >= 5141566) AND (id <= 5142565))

table 8 : explain SELECT SUM(k) FROM sbtest8 WHERE id BETWEEN 1232385 AND 1233384
	Aggregate  (cost=3635.69..3635.70 rows=1 width=8)
	  ->  Bitmap Heap Scan on sbtest8  (cost=22.06..3633.34 rows=939 width=4)
	        Recheck Cond: ((id >= 1232385) AND (id <= 1233384))
	        ->  Bitmap Index Scan on sbtest8_pkey  (cost=0.00..21.82 rows=939 width=0)
	              Index Cond: ((id >= 1232385) AND (id <= 1233384))

for: simple_ranges
table 1 : explain SELECT c FROM sbtest1 WHERE id BETWEEN 6990555 AND 6991554
	Bitmap Heap Scan on sbtest1  (cost=22.98..3969.09 rows=1029 width=121)
	  Recheck Cond: ((id >= 6990555) AND (id <= 6991554))
	  ->  Bitmap Index Scan on sbtest1_pkey  (cost=0.00..22.72 rows=1029 width=0)
	        Index Cond: ((id >= 6990555) AND (id <= 6991554))

table 2 : explain SELECT c FROM sbtest2 WHERE id BETWEEN 9358331 AND 9359330
	Bitmap Heap Scan on sbtest2  (cost=23.20..4049.30 rows=1050 width=121)
	  Recheck Cond: ((id >= 9358331) AND (id <= 9359330))
	  ->  Bitmap Index Scan on sbtest2_pkey  (cost=0.00..22.93 rows=1050 width=0)
	        Index Cond: ((id >= 9358331) AND (id <= 9359330))

table 3 : explain SELECT c FROM sbtest3 WHERE id BETWEEN 5795437 AND 5796436
	Bitmap Heap Scan on sbtest3  (cost=27.88..4301.33 rows=1117 width=121)
	  Recheck Cond: ((id >= 5795437) AND (id <= 5796436))
	  ->  Bitmap Index Scan on sbtest3_pkey  (cost=0.00..27.61 rows=1117 width=0)
	        Index Cond: ((id >= 5795437) AND (id <= 5796436))

table 4 : explain SELECT c FROM sbtest4 WHERE id BETWEEN 4351661 AND 4352660
	Bitmap Heap Scan on sbtest4  (cost=22.83..3915.08 rows=1014 width=121)
	  Recheck Cond: ((id >= 4351661) AND (id <= 4352660))
	  ->  Bitmap Index Scan on sbtest4_pkey  (cost=0.00..22.57 rows=1014 width=0)
	        Index Cond: ((id >= 4351661) AND (id <= 4352660))

table 5 : explain SELECT c FROM sbtest5 WHERE id BETWEEN 9490321 AND 9491320
	Bitmap Heap Scan on sbtest5  (cost=22.37..3745.57 rows=969 width=121)
	  Recheck Cond: ((id >= 9490321) AND (id <= 9491320))
	  ->  Bitmap Index Scan on sbtest5_pkey  (cost=0.00..22.12 rows=969 width=0)
	        Index Cond: ((id >= 9490321) AND (id <= 9491320))

table 6 : explain SELECT c FROM sbtest6 WHERE id BETWEEN 5899651 AND 5900650
	Bitmap Heap Scan on sbtest6  (cost=22.55..3813.46 rows=987 width=121)
	  Recheck Cond: ((id >= 5899651) AND (id <= 5900650))
	  ->  Bitmap Index Scan on sbtest6_pkey  (cost=0.00..22.30 rows=987 width=0)
	        Index Cond: ((id >= 5899651) AND (id <= 5900650))

table 7 : explain SELECT c FROM sbtest7 WHERE id BETWEEN 6704476 AND 6705475
	Bitmap Heap Scan on sbtest7  (cost=28.48..4521.72 rows=1175 width=121)
	  Recheck Cond: ((id >= 6704476) AND (id <= 6705475))
	  ->  Bitmap Index Scan on sbtest7_pkey  (cost=0.00..28.18 rows=1175 width=0)
	        Index Cond: ((id >= 6704476) AND (id <= 6705475))

table 8 : explain SELECT c FROM sbtest8 WHERE id BETWEEN 505287 AND 506286
	Bitmap Heap Scan on sbtest8  (cost=27.22..4063.39 rows=1052 width=121)
	  Recheck Cond: ((id >= 505287) AND (id <= 506286))
	  ->  Bitmap Index Scan on sbtest8_pkey  (cost=0.00..26.95 rows=1052 width=0)
	        Index Cond: ((id >= 505287) AND (id <= 506286))

for point_selects
table 1 : explain SELECT c FROM sbtest1 WHERE id=4423960
	Index Scan using sbtest1_pkey on sbtest1  (cost=0.43..8.45 rows=1 width=121)
	  Index Cond: (id = 4423960)

table 2 : explain SELECT c FROM sbtest2 WHERE id=7371774
	Index Scan using sbtest2_pkey on sbtest2  (cost=0.43..8.45 rows=1 width=121)
	  Index Cond: (id = 7371774)

table 3 : explain SELECT c FROM sbtest3 WHERE id=8818386
	Index Scan using sbtest3_pkey on sbtest3  (cost=0.43..8.45 rows=1 width=121)
	  Index Cond: (id = 8818386)

table 4 : explain SELECT c FROM sbtest4 WHERE id=3874800
	Index Scan using sbtest4_pkey on sbtest4  (cost=0.43..8.45 rows=1 width=121)
	  Index Cond: (id = 3874800)

table 5 : explain SELECT c FROM sbtest5 WHERE id=5192633
	Index Scan using sbtest5_pkey on sbtest5  (cost=0.43..8.45 rows=1 width=121)
	  Index Cond: (id = 5192633)

table 6 : explain SELECT c FROM sbtest6 WHERE id=4703103
	Index Scan using sbtest6_pkey on sbtest6  (cost=0.43..8.45 rows=1 width=121)
	  Index Cond: (id = 4703103)

table 7 : explain SELECT c FROM sbtest7 WHERE id=7843328
	Index Scan using sbtest7_pkey on sbtest7  (cost=0.43..8.45 rows=1 width=121)
	  Index Cond: (id = 7843328)

table 8 : explain SELECT c FROM sbtest8 WHERE id=3772449
	Index Scan using sbtest8_pkey on sbtest8  (cost=0.43..8.45 rows=1 width=121)
	  Index Cond: (id = 3772449)

for: sum_ranges
table 1 : explain SELECT SUM(k) FROM sbtest1 WHERE id BETWEEN 1361920 AND 1362919
	Aggregate  (cost=3681.52..3681.53 rows=1 width=8)
	  ->  Bitmap Heap Scan on sbtest1  (cost=22.19..3679.14 rows=952 width=4)
	        Recheck Cond: ((id >= 1361920) AND (id <= 1362919))
	        ->  Bitmap Index Scan on sbtest1_pkey  (cost=0.00..21.95 rows=952 width=0)
	              Index Cond: ((id >= 1361920) AND (id <= 1362919))

table 2 : explain SELECT SUM(k) FROM sbtest2 WHERE id BETWEEN 2588865 AND 2589864
	Aggregate  (cost=3693.92..3693.93 rows=1 width=8)
	  ->  Bitmap Heap Scan on sbtest2  (cost=22.22..3691.54 rows=955 width=4)
	        Recheck Cond: ((id >= 2588865) AND (id <= 2589864))
	        ->  Bitmap Index Scan on sbtest2_pkey  (cost=0.00..21.98 rows=955 width=0)
	              Index Cond: ((id >= 2588865) AND (id <= 2589864))

table 3 : explain SELECT SUM(k) FROM sbtest3 WHERE id BETWEEN 7748661 AND 7749660
	Aggregate  (cost=4074.62..4074.63 rows=1 width=8)
	  ->  Bitmap Heap Scan on sbtest3  (cost=23.26..4071.98 rows=1056 width=4)
	        Recheck Cond: ((id >= 7748661) AND (id <= 7749660))
	        ->  Bitmap Index Scan on sbtest3_pkey  (cost=0.00..23.00 rows=1056 width=0)
	              Index Cond: ((id >= 7748661) AND (id <= 7749660))

table 4 : explain SELECT SUM(k) FROM sbtest4 WHERE id BETWEEN 8911669 AND 8912668
	Aggregate  (cost=3940.23..3940.24 rows=1 width=8)
	  ->  Bitmap Heap Scan on sbtest4  (cost=22.89..3937.68 rows=1020 width=4)
	        Recheck Cond: ((id >= 8911669) AND (id <= 8912668))
	        ->  Bitmap Index Scan on sbtest4_pkey  (cost=0.00..22.64 rows=1020 width=0)
	              Index Cond: ((id >= 8911669) AND (id <= 8912668))

table 5 : explain SELECT SUM(k) FROM sbtest5 WHERE id BETWEEN 6271537 AND 6272536
	Aggregate  (cost=4313.03..4313.04 rows=1 width=8)
	  ->  Bitmap Heap Scan on sbtest5  (cost=27.90..4310.23 rows=1119 width=4)
	        Recheck Cond: ((id >= 6271537) AND (id <= 6272536))
	        ->  Bitmap Index Scan on sbtest5_pkey  (cost=0.00..27.62 rows=1119 width=0)
	              Index Cond: ((id >= 6271537) AND (id <= 6272536))

table 6 : explain SELECT SUM(k) FROM sbtest6 WHERE id BETWEEN 478521 AND 479520
	Aggregate  (cost=4049.81..4049.82 rows=1 width=8)
	  ->  Bitmap Heap Scan on sbtest6  (cost=27.18..4047.19 rows=1048 width=4)
	        Recheck Cond: ((id >= 478521) AND (id <= 479520))
	        ->  Bitmap Index Scan on sbtest6_pkey  (cost=0.00..26.91 rows=1048 width=0)
	              Index Cond: ((id >= 478521) AND (id <= 479520))

table 7 : explain SELECT SUM(k) FROM sbtest7 WHERE id BETWEEN 5786239 AND 5787238
	Aggregate  (cost=3749.11..3749.12 rows=1 width=8)
	  ->  Bitmap Heap Scan on sbtest7  (cost=22.37..3746.69 rows=969 width=4)
	        Recheck Cond: ((id >= 5786239) AND (id <= 5787238))
	        ->  Bitmap Index Scan on sbtest7_pkey  (cost=0.00..22.12 rows=969 width=0)
	              Index Cond: ((id >= 5786239) AND (id <= 5787238))

table 8 : explain SELECT SUM(k) FROM sbtest8 WHERE id BETWEEN 2145460 AND 2146459
	Aggregate  (cost=3986.91..3986.92 rows=1 width=8)
	  ->  Bitmap Heap Scan on sbtest8  (cost=27.00..3984.34 rows=1031 width=4)
	        Recheck Cond: ((id >= 2145460) AND (id <= 2146459))
	        ->  Bitmap Index Scan on sbtest8_pkey  (cost=0.00..26.75 rows=1031 width=0)
	              Index Cond: ((id >= 2145460) AND (id <= 2146459))

for point_selects
table 1 : explain SELECT c FROM sbtest1 WHERE id=8785882
	Index Scan using sbtest1_pkey on sbtest1  (cost=0.43..8.45 rows=1 width=121)
	  Index Cond: (id = 8785882)

table 2 : explain SELECT c FROM sbtest2 WHERE id=4213442
	Index Scan using sbtest2_pkey on sbtest2  (cost=0.43..8.45 rows=1 width=121)
	  Index Cond: (id = 4213442)

table 3 : explain SELECT c FROM sbtest3 WHERE id=9476990
	Index Scan using sbtest3_pkey on sbtest3  (cost=0.43..8.45 rows=1 width=121)
	  Index Cond: (id = 9476990)

table 4 : explain SELECT c FROM sbtest4 WHERE id=84913
	Index Scan using sbtest4_pkey on sbtest4  (cost=0.43..8.45 rows=1 width=121)
	  Index Cond: (id = 84913)

table 5 : explain SELECT c FROM sbtest5 WHERE id=971838
	Index Scan using sbtest5_pkey on sbtest5  (cost=0.43..8.45 rows=1 width=121)
	  Index Cond: (id = 971838)

table 6 : explain SELECT c FROM sbtest6 WHERE id=6111513
	Index Scan using sbtest6_pkey on sbtest6  (cost=0.43..8.45 rows=1 width=121)
	  Index Cond: (id = 6111513)

table 7 : explain SELECT c FROM sbtest7 WHERE id=6487465
	Index Scan using sbtest7_pkey on sbtest7  (cost=0.43..8.45 rows=1 width=121)
	  Index Cond: (id = 6487465)

table 8 : explain SELECT c FROM sbtest8 WHERE id=7605598
	Index Scan using sbtest8_pkey on sbtest8  (cost=0.43..8.45 rows=1 width=121)
	  Index Cond: (id = 7605598)

for point_selects
table 1 : explain SELECT c FROM sbtest1 WHERE id=8476977
	Index Scan using sbtest1_pkey on sbtest1  (cost=0.43..8.45 rows=1 width=121)
	  Index Cond: (id = 8476977)

table 2 : explain SELECT c FROM sbtest2 WHERE id=9047879
	Index Scan using sbtest2_pkey on sbtest2  (cost=0.43..8.45 rows=1 width=121)
	  Index Cond: (id = 9047879)

table 3 : explain SELECT c FROM sbtest3 WHERE id=3756960
	Index Scan using sbtest3_pkey on sbtest3  (cost=0.43..8.45 rows=1 width=121)
	  Index Cond: (id = 3756960)

table 4 : explain SELECT c FROM sbtest4 WHERE id=8719150
	Index Scan using sbtest4_pkey on sbtest4  (cost=0.43..8.45 rows=1 width=121)
	  Index Cond: (id = 8719150)

table 5 : explain SELECT c FROM sbtest5 WHERE id=9700570
	Index Scan using sbtest5_pkey on sbtest5  (cost=0.43..8.45 rows=1 width=121)
	  Index Cond: (id = 9700570)

table 6 : explain SELECT c FROM sbtest6 WHERE id=7721162
	Index Scan using sbtest6_pkey on sbtest6  (cost=0.43..8.45 rows=1 width=121)
	  Index Cond: (id = 7721162)

table 7 : explain SELECT c FROM sbtest7 WHERE id=1193286
	Index Scan using sbtest7_pkey on sbtest7  (cost=0.43..8.45 rows=1 width=121)
	  Index Cond: (id = 1193286)

table 8 : explain SELECT c FROM sbtest8 WHERE id=3681248
	Index Scan using sbtest8_pkey on sbtest8  (cost=0.43..8.45 rows=1 width=121)
	  Index Cond: (id = 3681248)

for: simple_ranges
table 1 : explain SELECT c FROM sbtest1 WHERE id BETWEEN 3903066 AND 3904065
	Bitmap Heap Scan on sbtest1  (cost=22.97..3965.33 rows=1028 width=121)
	  Recheck Cond: ((id >= 3903066) AND (id <= 3904065))
	  ->  Bitmap Index Scan on sbtest1_pkey  (cost=0.00..22.71 rows=1028 width=0)
	        Index Cond: ((id >= 3903066) AND (id <= 3904065))

table 2 : explain SELECT c FROM sbtest2 WHERE id BETWEEN 4353795 AND 4354794
	Bitmap Heap Scan on sbtest2  (cost=21.68..3491.43 rows=902 width=121)
	  Recheck Cond: ((id >= 4353795) AND (id <= 4354794))
	  ->  Bitmap Index Scan on sbtest2_pkey  (cost=0.00..21.45 rows=902 width=0)
	        Index Cond: ((id >= 4353795) AND (id <= 4354794))

table 3 : explain SELECT c FROM sbtest3 WHERE id BETWEEN 5965173 AND 5966172
	Bitmap Heap Scan on sbtest3  (cost=21.82..3544.43 rows=916 width=121)
	  Recheck Cond: ((id >= 5965173) AND (id <= 5966172))
	  ->  Bitmap Index Scan on sbtest3_pkey  (cost=0.00..21.59 rows=916 width=0)
	        Index Cond: ((id >= 5965173) AND (id <= 5966172))

table 4 : explain SELECT c FROM sbtest4 WHERE id BETWEEN 8578594 AND 8579593
	Bitmap Heap Scan on sbtest4  (cost=22.45..3775.65 rows=977 width=121)
	  Recheck Cond: ((id >= 8578594) AND (id <= 8579593))
	  ->  Bitmap Index Scan on sbtest4_pkey  (cost=0.00..22.20 rows=977 width=0)
	        Index Cond: ((id >= 8578594) AND (id <= 8579593))

table 5 : explain SELECT c FROM sbtest5 WHERE id BETWEEN 7004636 AND 7005635
	Bitmap Heap Scan on sbtest5  (cost=22.54..3809.68 rows=986 width=121)
	  Recheck Cond: ((id >= 7004636) AND (id <= 7005635))
	  ->  Bitmap Index Scan on sbtest5_pkey  (cost=0.00..22.29 rows=986 width=0)
	        Index Cond: ((id >= 7004636) AND (id <= 7005635))

table 6 : explain SELECT c FROM sbtest6 WHERE id BETWEEN 4203904 AND 4204903
	Bitmap Heap Scan on sbtest6  (cost=22.65..3851.16 rows=997 width=121)
	  Recheck Cond: ((id >= 4203904) AND (id <= 4204903))
	  ->  Bitmap Index Scan on sbtest6_pkey  (cost=0.00..22.40 rows=997 width=0)
	        Index Cond: ((id >= 4203904) AND (id <= 4204903))

table 7 : explain SELECT c FROM sbtest7 WHERE id BETWEEN 3099970 AND 3100969
	Bitmap Heap Scan on sbtest7  (cost=21.87..3561.61 rows=920 width=121)
	  Recheck Cond: ((id >= 3099970) AND (id <= 3100969))
	  ->  Bitmap Index Scan on sbtest7_pkey  (cost=0.00..21.64 rows=920 width=0)
	        Index Cond: ((id >= 3099970) AND (id <= 3100969))

table 8 : explain SELECT c FROM sbtest8 WHERE id BETWEEN 567645 AND 568644
	Bitmap Heap Scan on sbtest8  (cost=22.21..3689.99 rows=954 width=121)
	  Recheck Cond: ((id >= 567645) AND (id <= 568644))
	  ->  Bitmap Index Scan on sbtest8_pkey  (cost=0.00..21.97 rows=954 width=0)
	        Index Cond: ((id >= 567645) AND (id <= 568644))

for: simple_ranges
table 1 : explain SELECT c FROM sbtest1 WHERE id BETWEEN 4056644 AND 4057643
	Bitmap Heap Scan on sbtest1  (cost=23.03..3987.90 rows=1034 width=121)
	  Recheck Cond: ((id >= 4056644) AND (id <= 4057643))
	  ->  Bitmap Index Scan on sbtest1_pkey  (cost=0.00..22.77 rows=1034 width=0)
	        Index Cond: ((id >= 4056644) AND (id <= 4057643))

table 2 : explain SELECT c FROM sbtest2 WHERE id BETWEEN 8436191 AND 8437190
	Bitmap Heap Scan on sbtest2  (cost=21.93..3582.09 rows=926 width=121)
	  Recheck Cond: ((id >= 8436191) AND (id <= 8437190))
	  ->  Bitmap Index Scan on sbtest2_pkey  (cost=0.00..21.69 rows=926 width=0)
	        Index Cond: ((id >= 8436191) AND (id <= 8437190))

table 3 : explain SELECT c FROM sbtest3 WHERE id BETWEEN 250946 AND 251945
	Bitmap Heap Scan on sbtest3  (cost=22.10..3646.37 rows=943 width=121)
	  Recheck Cond: ((id >= 250946) AND (id <= 251945))
	  ->  Bitmap Index Scan on sbtest3_pkey  (cost=0.00..21.86 rows=943 width=0)
	        Index Cond: ((id >= 250946) AND (id <= 251945))

table 4 : explain SELECT c FROM sbtest4 WHERE id BETWEEN 8948980 AND 8949979
	Bitmap Heap Scan on sbtest4  (cost=27.30..4092.19 rows=1060 width=121)
	  Recheck Cond: ((id >= 8948980) AND (id <= 8949979))
	  ->  Bitmap Index Scan on sbtest4_pkey  (cost=0.00..27.04 rows=1060 width=0)
	        Index Cond: ((id >= 8948980) AND (id <= 8949979))

table 5 : explain SELECT c FROM sbtest5 WHERE id BETWEEN 943539 AND 944538
	Bitmap Heap Scan on sbtest5  (cost=21.75..3519.00 rows=909 width=121)
	  Recheck Cond: ((id >= 943539) AND (id <= 944538))
	  ->  Bitmap Index Scan on sbtest5_pkey  (cost=0.00..21.52 rows=909 width=0)
	        Index Cond: ((id >= 943539) AND (id <= 944538))

table 6 : explain SELECT c FROM sbtest6 WHERE id BETWEEN 2913130 AND 2914129
	Bitmap Heap Scan on sbtest6  (cost=22.45..3775.76 rows=977 width=121)
	  Recheck Cond: ((id >= 2913130) AND (id <= 2914129))
	  ->  Bitmap Index Scan on sbtest6_pkey  (cost=0.00..22.20 rows=977 width=0)
	        Index Cond: ((id >= 2913130) AND (id <= 2914129))

table 7 : explain SELECT c FROM sbtest7 WHERE id BETWEEN 6434598 AND 6435597
	Bitmap Heap Scan on sbtest7  (cost=21.82..3546.49 rows=916 width=121)
	  Recheck Cond: ((id >= 6434598) AND (id <= 6435597))
	  ->  Bitmap Index Scan on sbtest7_pkey  (cost=0.00..21.59 rows=916 width=0)
	        Index Cond: ((id >= 6434598) AND (id <= 6435597))

table 8 : explain SELECT c FROM sbtest8 WHERE id BETWEEN 6900330 AND 6901329
	Bitmap Heap Scan on sbtest8  (cost=22.25..3705.09 rows=958 width=121)
	  Recheck Cond: ((id >= 6900330) AND (id <= 6901329))
	  ->  Bitmap Index Scan on sbtest8_pkey  (cost=0.00..22.01 rows=958 width=0)
	        Index Cond: ((id >= 6900330) AND (id <= 6901329))

explain: for point_selects :: explain SELECT c FROM sbtest%u WHERE id=%u
for: simple_ranges
table 1 : explain SELECT c FROM sbtest1 WHERE id BETWEEN 6187066 AND 6188065
	Bitmap Heap Scan on sbtest1  (cost=22.72..3871.27 rows=1003 width=121)
	  Recheck Cond: ((id >= 6187066) AND (id <= 6188065))
	  ->  Bitmap Index Scan on sbtest1_pkey  (cost=0.00..22.46 rows=1003 width=0)
	        Index Cond: ((id >= 6187066) AND (id <= 6188065))

table 2 : explain SELECT c FROM sbtest2 WHERE id BETWEEN 2413487 AND 2414486
	Bitmap Heap Scan on sbtest2  (cost=22.73..3876.21 rows=1004 width=121)
	  Recheck Cond: ((id >= 2413487) AND (id <= 2414486))
	  ->  Bitmap Index Scan on sbtest2_pkey  (cost=0.00..22.47 rows=1004 width=0)
	        Index Cond: ((id >= 2413487) AND (id <= 2414486))

table 3 : explain SELECT c FROM sbtest3 WHERE id BETWEEN 6609836 AND 6610835
	Bitmap Heap Scan on sbtest3  (cost=23.22..4056.94 rows=1052 width=121)
	  Recheck Cond: ((id >= 6609836) AND (id <= 6610835))
	  ->  Bitmap Index Scan on sbtest3_pkey  (cost=0.00..22.95 rows=1052 width=0)
	        Index Cond: ((id >= 6609836) AND (id <= 6610835))

table 4 : explain SELECT c FROM sbtest4 WHERE id BETWEEN 6192496 AND 6193495
	Bitmap Heap Scan on sbtest4  (cost=27.78..4265.06 rows=1107 width=121)
	  Recheck Cond: ((id >= 6192496) AND (id <= 6193495))
	  ->  Bitmap Index Scan on sbtest4_pkey  (cost=0.00..27.50 rows=1107 width=0)
	        Index Cond: ((id >= 6192496) AND (id <= 6193495))

table 5 : explain SELECT c FROM sbtest5 WHERE id BETWEEN 7768193 AND 7769192
	Bitmap Heap Scan on sbtest5  (cost=22.83..3915.18 rows=1014 width=121)
	  Recheck Cond: ((id >= 7768193) AND (id <= 7769192))
	  ->  Bitmap Index Scan on sbtest5_pkey  (cost=0.00..22.57 rows=1014 width=0)
	        Index Cond: ((id >= 7768193) AND (id <= 7769192))

table 6 : explain SELECT c FROM sbtest6 WHERE id BETWEEN 2486905 AND 2487904
	Bitmap Heap Scan on sbtest6  (cost=23.03..3990.50 rows=1034 width=121)
	  Recheck Cond: ((id >= 2486905) AND (id <= 2487904))
	  ->  Bitmap Index Scan on sbtest6_pkey  (cost=0.00..22.77 rows=1034 width=0)
	        Index Cond: ((id >= 2486905) AND (id <= 2487904))

table 7 : explain SELECT c FROM sbtest7 WHERE id BETWEEN 1863 AND 2862
	Bitmap Heap Scan on sbtest7  (cost=21.95..3591.85 rows=928 width=121)
	  Recheck Cond: ((id >= 1863) AND (id <= 2862))
	  ->  Bitmap Index Scan on sbtest7_pkey  (cost=0.00..21.71 rows=928 width=0)
	        Index Cond: ((id >= 1863) AND (id <= 2862))

table 8 : explain SELECT c FROM sbtest8 WHERE id BETWEEN 616311 AND 617310
	Bitmap Heap Scan on sbtest8  (cost=22.21..3689.99 rows=954 width=121)
	  Recheck Cond: ((id >= 616311) AND (id <= 617310))
	  ->  Bitmap Index Scan on sbtest8_pkey  (cost=0.00..21.97 rows=954 width=0)
	        Index Cond: ((id >= 616311) AND (id <= 617310))

for: simple_ranges
table 1 : explain SELECT c FROM sbtest1 WHERE id BETWEEN 6354374 AND 6355373
	Bitmap Heap Scan on sbtest1  (cost=22.70..3863.75 rows=1001 width=121)
	  Recheck Cond: ((id >= 6354374) AND (id <= 6355373))
	  ->  Bitmap Index Scan on sbtest1_pkey  (cost=0.00..22.44 rows=1001 width=0)
	        Index Cond: ((id >= 6354374) AND (id <= 6355373))

table 2 : explain SELECT c FROM sbtest2 WHERE id BETWEEN 7395178 AND 7396177
	Bitmap Heap Scan on sbtest2  (cost=22.72..3872.45 rows=1003 width=121)
	  Recheck Cond: ((id >= 7395178) AND (id <= 7396177))
	  ->  Bitmap Index Scan on sbtest2_pkey  (cost=0.00..22.46 rows=1003 width=0)
	        Index Cond: ((id >= 7395178) AND (id <= 7396177))

table 3 : explain SELECT c FROM sbtest3 WHERE id BETWEEN 2672962 AND 2673961
	Bitmap Heap Scan on sbtest3  (cost=23.36..4109.57 rows=1066 width=121)
	  Recheck Cond: ((id >= 2672962) AND (id <= 2673961))
	  ->  Bitmap Index Scan on sbtest3_pkey  (cost=0.00..23.09 rows=1066 width=0)
	        Index Cond: ((id >= 2672962) AND (id <= 2673961))

table 4 : explain SELECT c FROM sbtest4 WHERE id BETWEEN 7497260 AND 7498259
	Bitmap Heap Scan on sbtest4  (cost=22.66..3854.81 rows=998 width=121)
	  Recheck Cond: ((id >= 7497260) AND (id <= 7498259))
	  ->  Bitmap Index Scan on sbtest4_pkey  (cost=0.00..22.41 rows=998 width=0)
	        Index Cond: ((id >= 7497260) AND (id <= 7498259))

table 5 : explain SELECT c FROM sbtest5 WHERE id BETWEEN 7567247 AND 7568246
	Bitmap Heap Scan on sbtest5  (cost=23.18..4043.17 rows=1048 width=121)
	  Recheck Cond: ((id >= 7567247) AND (id <= 7568246))
	  ->  Bitmap Index Scan on sbtest5_pkey  (cost=0.00..22.91 rows=1048 width=0)
	        Index Cond: ((id >= 7567247) AND (id <= 7568246))

table 6 : explain SELECT c FROM sbtest6 WHERE id BETWEEN 8016387 AND 8017386
	Bitmap Heap Scan on sbtest6  (cost=22.36..3741.81 rows=968 width=121)
	  Recheck Cond: ((id >= 8016387) AND (id <= 8017386))
	  ->  Bitmap Index Scan on sbtest6_pkey  (cost=0.00..22.11 rows=968 width=0)
	        Index Cond: ((id >= 8016387) AND (id <= 8017386))

table 7 : explain SELECT c FROM sbtest7 WHERE id BETWEEN 6362731 AND 6363730
	Bitmap Heap Scan on sbtest7  (cost=21.82..3546.49 rows=916 width=121)
	  Recheck Cond: ((id >= 6362731) AND (id <= 6363730))
	  ->  Bitmap Index Scan on sbtest7_pkey  (cost=0.00..21.59 rows=916 width=0)
	        Index Cond: ((id >= 6362731) AND (id <= 6363730))

table 8 : explain SELECT c FROM sbtest8 WHERE id BETWEEN 9338195 AND 9339194
	Bitmap Heap Scan on sbtest8  (cost=27.15..4037.05 rows=1045 width=121)
	  Recheck Cond: ((id >= 9338195) AND (id <= 9339194))
	  ->  Bitmap Index Scan on sbtest8_pkey  (cost=0.00..26.89 rows=1045 width=0)
	        Index Cond: ((id >= 9338195) AND (id <= 9339194))

for: sum_ranges
table 1 : explain SELECT SUM(k) FROM sbtest1 WHERE id BETWEEN 6365600 AND 6366599
	Aggregate  (cost=3866.25..3866.26 rows=1 width=8)
	  ->  Bitmap Heap Scan on sbtest1  (cost=22.70..3863.75 rows=1001 width=4)
	        Recheck Cond: ((id >= 6365600) AND (id <= 6366599))
	        ->  Bitmap Index Scan on sbtest1_pkey  (cost=0.00..22.44 rows=1001 width=0)
	              Index Cond: ((id >= 6365600) AND (id <= 6366599))

table 2 : explain SELECT SUM(k) FROM sbtest2 WHERE id BETWEEN 6124401 AND 6125400
	Aggregate  (cost=3931.46..3931.47 rows=1 width=8)
	  ->  Bitmap Heap Scan on sbtest2  (cost=22.87..3928.92 rows=1018 width=4)
	        Recheck Cond: ((id >= 6124401) AND (id <= 6125400))
	        ->  Bitmap Index Scan on sbtest2_pkey  (cost=0.00..22.61 rows=1018 width=0)
	              Index Cond: ((id >= 6124401) AND (id <= 6125400))

table 3 : explain SELECT SUM(k) FROM sbtest3 WHERE id BETWEEN 8516312 AND 8517311
	Aggregate  (cost=4082.14..4082.15 rows=1 width=8)
	  ->  Bitmap Heap Scan on sbtest3  (cost=23.28..4079.50 rows=1058 width=4)
	        Recheck Cond: ((id >= 8516312) AND (id <= 8517311))
	        ->  Bitmap Index Scan on sbtest3_pkey  (cost=0.00..23.01 rows=1058 width=0)
	              Index Cond: ((id >= 8516312) AND (id <= 8517311))

table 4 : explain SELECT SUM(k) FROM sbtest4 WHERE id BETWEEN 3843355 AND 3844354
	Aggregate  (cost=4023.09..4023.10 rows=1 width=8)
	  ->  Bitmap Heap Scan on sbtest4  (cost=23.12..4020.49 rows=1042 width=4)
	        Recheck Cond: ((id >= 3843355) AND (id <= 3844354))
	        ->  Bitmap Index Scan on sbtest4_pkey  (cost=0.00..22.86 rows=1042 width=0)
	              Index Cond: ((id >= 3843355) AND (id <= 3844354))

table 5 : explain SELECT SUM(k) FROM sbtest5 WHERE id BETWEEN 289402 AND 290401
	Aggregate  (cost=3483.44..3483.45 rows=1 width=8)
	  ->  Bitmap Heap Scan on sbtest5  (cost=21.65..3481.19 rows=899 width=4)
	        Recheck Cond: ((id >= 289402) AND (id <= 290401))
	        ->  Bitmap Index Scan on sbtest5_pkey  (cost=0.00..21.43 rows=899 width=0)
	              Index Cond: ((id >= 289402) AND (id <= 290401))

table 6 : explain SELECT SUM(k) FROM sbtest6 WHERE id BETWEEN 5695447 AND 5696446
	Aggregate  (cost=4087.44..4087.45 rows=1 width=8)
	  ->  Bitmap Heap Scan on sbtest6  (cost=27.28..4084.80 rows=1058 width=4)
	        Recheck Cond: ((id >= 5695447) AND (id <= 5696446))
	        ->  Bitmap Index Scan on sbtest6_pkey  (cost=0.00..27.01 rows=1058 width=0)
	              Index Cond: ((id >= 5695447) AND (id <= 5696446))

table 7 : explain SELECT SUM(k) FROM sbtest7 WHERE id BETWEEN 2602313 AND 2603312
	Aggregate  (cost=3998.07..3998.08 rows=1 width=8)
	  ->  Bitmap Heap Scan on sbtest7  (cost=23.04..3995.49 rows=1035 width=4)
	        Recheck Cond: ((id >= 2602313) AND (id <= 2603312))
	        ->  Bitmap Index Scan on sbtest7_pkey  (cost=0.00..22.79 rows=1035 width=0)
	              Index Cond: ((id >= 2602313) AND (id <= 2603312))

table 8 : explain SELECT SUM(k) FROM sbtest8 WHERE id BETWEEN 5640513 AND 5641512
	Aggregate  (cost=4205.27..4205.28 rows=1 width=8)
	  ->  Bitmap Heap Scan on sbtest8  (cost=27.60..4202.54 rows=1089 width=4)
	        Recheck Cond: ((id >= 5640513) AND (id <= 5641512))
	        ->  Bitmap Index Scan on sbtest8_pkey  (cost=0.00..27.32 rows=1089 width=0)
	              Index Cond: ((id >= 5640513) AND (id <= 5641512))

explain: for point_selects :: explain SELECT c FROM sbtest%u WHERE id=%u
explain: for point_selects :: explain SELECT c FROM sbtest%u WHERE id=%u
for: sum_ranges
table 1 : explain SELECT SUM(k) FROM sbtest1 WHERE id BETWEEN 9753567 AND 9754566
	Aggregate  (cost=3896.38..3896.39 rows=1 width=8)
	  ->  Bitmap Heap Scan on sbtest1  (cost=22.78..3893.86 rows=1009 width=4)
	        Recheck Cond: ((id >= 9753567) AND (id <= 9754566))
	        ->  Bitmap Index Scan on sbtest1_pkey  (cost=0.00..22.52 rows=1009 width=0)
	              Index Cond: ((id >= 9753567) AND (id <= 9754566))

table 2 : explain SELECT SUM(k) FROM sbtest2 WHERE id BETWEEN 9247109 AND 9248108
	Aggregate  (cost=3712.80..3712.81 rows=1 width=8)
	  ->  Bitmap Heap Scan on sbtest2  (cost=22.27..3710.40 rows=960 width=4)
	        Recheck Cond: ((id >= 9247109) AND (id <= 9248108))
	        ->  Bitmap Index Scan on sbtest2_pkey  (cost=0.00..22.04 rows=960 width=0)
	              Index Cond: ((id >= 9247109) AND (id <= 9248108))

table 3 : explain SELECT SUM(k) FROM sbtest3 WHERE id BETWEEN 6045369 AND 6046368
	Aggregate  (cost=3546.72..3546.73 rows=1 width=8)
	  ->  Bitmap Heap Scan on sbtest3  (cost=21.82..3544.43 rows=916 width=4)
	        Recheck Cond: ((id >= 6045369) AND (id <= 6046368))
	        ->  Bitmap Index Scan on sbtest3_pkey  (cost=0.00..21.59 rows=916 width=0)
	              Index Cond: ((id >= 6045369) AND (id <= 6046368))

table 4 : explain SELECT SUM(k) FROM sbtest4 WHERE id BETWEEN 3776663 AND 3777662
	Aggregate  (cost=3687.49..3687.50 rows=1 width=8)
	  ->  Bitmap Heap Scan on sbtest4  (cost=22.20..3685.10 rows=953 width=4)
	        Recheck Cond: ((id >= 3776663) AND (id <= 3777662))
	        ->  Bitmap Index Scan on sbtest4_pkey  (cost=0.00..21.96 rows=953 width=0)
	              Index Cond: ((id >= 3776663) AND (id <= 3777662))

table 5 : explain SELECT SUM(k) FROM sbtest5 WHERE id BETWEEN 59753 AND 60752
	Aggregate  (cost=3797.05..3797.06 rows=1 width=8)
	  ->  Bitmap Heap Scan on sbtest5  (cost=22.50..3794.60 rows=982 width=4)
	        Recheck Cond: ((id >= 59753) AND (id <= 60752))
	        ->  Bitmap Index Scan on sbtest5_pkey  (cost=0.00..22.25 rows=982 width=0)
	              Index Cond: ((id >= 59753) AND (id <= 60752))

table 6 : explain SELECT SUM(k) FROM sbtest6 WHERE id BETWEEN 680688 AND 681687
	Aggregate  (cost=3630.93..3630.94 rows=1 width=8)
	  ->  Bitmap Heap Scan on sbtest6  (cost=22.05..3628.59 rows=938 width=4)
	        Recheck Cond: ((id >= 680688) AND (id <= 681687))
	        ->  Bitmap Index Scan on sbtest6_pkey  (cost=0.00..21.82 rows=938 width=0)
	              Index Cond: ((id >= 680688) AND (id <= 681687))

table 7 : explain SELECT SUM(k) FROM sbtest7 WHERE id BETWEEN 537970 AND 538969
	Aggregate  (cost=4216.65..4216.66 rows=1 width=8)
	  ->  Bitmap Heap Scan on sbtest7  (cost=27.63..4213.92 rows=1092 width=4)
	        Recheck Cond: ((id >= 537970) AND (id <= 538969))
	        ->  Bitmap Index Scan on sbtest7_pkey  (cost=0.00..27.36 rows=1092 width=0)
	              Index Cond: ((id >= 537970) AND (id <= 538969))

table 8 : explain SELECT SUM(k) FROM sbtest8 WHERE id BETWEEN 7258752 AND 7259751
	Aggregate  (cost=3945.45..3945.46 rows=1 width=8)
	  ->  Bitmap Heap Scan on sbtest8  (cost=26.89..3942.90 rows=1020 width=4)
	        Recheck Cond: ((id >= 7258752) AND (id <= 7259751))
	        ->  Bitmap Index Scan on sbtest8_pkey  (cost=0.00..26.64 rows=1020 width=0)
	              Index Cond: ((id >= 7258752) AND (id <= 7259751))

for: sum_ranges
table 1 : explain SELECT SUM(k) FROM sbtest1 WHERE id BETWEEN 7486676 AND 7487675
	Aggregate  (cost=3885.08..3885.09 rows=1 width=8)
	  ->  Bitmap Heap Scan on sbtest1  (cost=22.75..3882.57 rows=1006 width=4)
	        Recheck Cond: ((id >= 7486676) AND (id <= 7487675))
	        ->  Bitmap Index Scan on sbtest1_pkey  (cost=0.00..22.50 rows=1006 width=0)
	              Index Cond: ((id >= 7486676) AND (id <= 7487675))

table 2 : explain SELECT SUM(k) FROM sbtest2 WHERE id BETWEEN 2789136 AND 2790135
	Aggregate  (cost=4258.93..4258.94 rows=1 width=8)
	  ->  Bitmap Heap Scan on sbtest2  (cost=27.76..4256.17 rows=1105 width=4)
	        Recheck Cond: ((id >= 2789136) AND (id <= 2790135))
	        ->  Bitmap Index Scan on sbtest2_pkey  (cost=0.00..27.48 rows=1105 width=0)
	              Index Cond: ((id >= 2789136) AND (id <= 2790135))

table 3 : explain SELECT SUM(k) FROM sbtest3 WHERE id BETWEEN 3301653 AND 3302652
	Aggregate  (cost=4424.20..4424.21 rows=1 width=8)
	  ->  Bitmap Heap Scan on sbtest3  (cost=28.21..4421.33 rows=1149 width=4)
	        Recheck Cond: ((id >= 3301653) AND (id <= 3302652))
	        ->  Bitmap Index Scan on sbtest3_pkey  (cost=0.00..27.93 rows=1149 width=0)
	              Index Cond: ((id >= 3301653) AND (id <= 3302652))

table 4 : explain SELECT SUM(k) FROM sbtest4 WHERE id BETWEEN 1306317 AND 1307316
	Aggregate  (cost=4132.46..4132.47 rows=1 width=8)
	  ->  Bitmap Heap Scan on sbtest4  (cost=27.40..4129.79 rows=1070 width=4)
	        Recheck Cond: ((id >= 1306317) AND (id <= 1307316))
	        ->  Bitmap Index Scan on sbtest4_pkey  (cost=0.00..27.14 rows=1070 width=0)
	              Index Cond: ((id >= 1306317) AND (id <= 1307316))

table 5 : explain SELECT SUM(k) FROM sbtest5 WHERE id BETWEEN 9199654 AND 9200653
	Aggregate  (cost=3717.79..3717.80 rows=1 width=8)
	  ->  Bitmap Heap Scan on sbtest5  (cost=22.29..3715.39 rows=961 width=4)
	        Recheck Cond: ((id >= 9199654) AND (id <= 9200653))
	        ->  Bitmap Index Scan on sbtest5_pkey  (cost=0.00..22.04 rows=961 width=0)
	              Index Cond: ((id >= 9199654) AND (id <= 9200653))

table 6 : explain SELECT SUM(k) FROM sbtest6 WHERE id BETWEEN 6707419 AND 6708418
	Aggregate  (cost=3638.49..3638.50 rows=1 width=8)
	  ->  Bitmap Heap Scan on sbtest6  (cost=22.07..3636.14 rows=940 width=4)
	        Recheck Cond: ((id >= 6707419) AND (id <= 6708418))
	        ->  Bitmap Index Scan on sbtest6_pkey  (cost=0.00..21.83 rows=940 width=0)
	              Index Cond: ((id >= 6707419) AND (id <= 6708418))

table 7 : explain SELECT SUM(k) FROM sbtest7 WHERE id BETWEEN 4371617 AND 4372616
	Aggregate  (cost=3749.11..3749.12 rows=1 width=8)
	  ->  Bitmap Heap Scan on sbtest7  (cost=22.37..3746.69 rows=969 width=4)
	        Recheck Cond: ((id >= 4371617) AND (id <= 4372616))
	        ->  Bitmap Index Scan on sbtest7_pkey  (cost=0.00..22.12 rows=969 width=0)
	              Index Cond: ((id >= 4371617) AND (id <= 4372616))

table 8 : explain SELECT SUM(k) FROM sbtest8 WHERE id BETWEEN 5222894 AND 5223893
	Aggregate  (cost=3510.87..3510.88 rows=1 width=8)
	  ->  Bitmap Heap Scan on sbtest8  (cost=21.72..3508.60 rows=906 width=4)
	        Recheck Cond: ((id >= 5222894) AND (id <= 5223893))
	        ->  Bitmap Index Scan on sbtest8_pkey  (cost=0.00..21.50 rows=906 width=0)
	              Index Cond: ((id >= 5222894) AND (id <= 5223893))

explain: for point_selects :: explain SELECT c FROM sbtest%u WHERE id=%u
for: order_ranges
table 1 : explain SELECT c FROM sbtest1 WHERE id BETWEEN 2128607 AND 2129606 ORDER BY c
	Sort  (cost=3772.16..3774.57 rows=964 width=121)
	  Sort Key: c
	  ->  Bitmap Heap Scan on sbtest1  (cost=22.32..3724.38 rows=964 width=121)
	        Recheck Cond: ((id >= 2128607) AND (id <= 2129606))
	        ->  Bitmap Index Scan on sbtest1_pkey  (cost=0.00..22.07 rows=964 width=0)
	              Index Cond: ((id >= 2128607) AND (id <= 2129606))

table 2 : explain SELECT c FROM sbtest2 WHERE id BETWEEN 6972317 AND 6973316 ORDER BY c
	Sort  (cost=3884.21..3886.69 rows=993 width=121)
	  Sort Key: c
	  ->  Bitmap Heap Scan on sbtest2  (cost=22.61..3834.78 rows=993 width=121)
	        Recheck Cond: ((id >= 6972317) AND (id <= 6973316))
	        ->  Bitmap Index Scan on sbtest2_pkey  (cost=0.00..22.36 rows=993 width=0)
	              Index Cond: ((id >= 6972317) AND (id <= 6973316))

table 3 : explain SELECT c FROM sbtest3 WHERE id BETWEEN 7198343 AND 7199342 ORDER BY c
	Sort  (cost=3742.75..3745.14 rows=956 width=121)
	  Sort Key: c
	  ->  Bitmap Heap Scan on sbtest3  (cost=22.23..3695.42 rows=956 width=121)
	        Recheck Cond: ((id >= 7198343) AND (id <= 7199342))
	        ->  Bitmap Index Scan on sbtest3_pkey  (cost=0.00..22.00 rows=956 width=0)
	              Index Cond: ((id >= 7198343) AND (id <= 7199342))

table 4 : explain SELECT c FROM sbtest4 WHERE id BETWEEN 5142954 AND 5143953 ORDER BY c
	Sort  (cost=3877.74..3880.22 rows=991 width=121)
	  Sort Key: c
	  ->  Bitmap Heap Scan on sbtest4  (cost=22.59..3828.43 rows=991 width=121)
	        Recheck Cond: ((id >= 5142954) AND (id <= 5143953))
	        ->  Bitmap Index Scan on sbtest4_pkey  (cost=0.00..22.34 rows=991 width=0)
	              Index Cond: ((id >= 5142954) AND (id <= 5143953))

table 5 : explain SELECT c FROM sbtest5 WHERE id BETWEEN 6794707 AND 6795706 ORDER BY c
	Sort  (cost=3801.29..3803.72 rows=971 width=121)
	  Sort Key: c
	  ->  Bitmap Heap Scan on sbtest5  (cost=22.39..3753.11 rows=971 width=121)
	        Recheck Cond: ((id >= 6794707) AND (id <= 6795706))
	        ->  Bitmap Index Scan on sbtest5_pkey  (cost=0.00..22.14 rows=971 width=0)
	              Index Cond: ((id >= 6794707) AND (id <= 6795706))

table 6 : explain SELECT c FROM sbtest6 WHERE id BETWEEN 2291917 AND 2292916 ORDER BY c
	Sort  (cost=3728.54..3730.92 rows=952 width=121)
	  Sort Key: c
	  ->  Bitmap Heap Scan on sbtest6  (cost=22.19..3681.44 rows=952 width=121)
	        Recheck Cond: ((id >= 2291917) AND (id <= 2292916))
	        ->  Bitmap Index Scan on sbtest6_pkey  (cost=0.00..21.95 rows=952 width=0)
	              Index Cond: ((id >= 2291917) AND (id <= 2292916))

table 7 : explain SELECT c FROM sbtest7 WHERE id BETWEEN 6192947 AND 6193946 ORDER BY c
	Sort  (cost=3553.17..3555.44 rows=906 width=121)
	  Sort Key: c
	  ->  Bitmap Heap Scan on sbtest7  (cost=21.72..3508.67 rows=906 width=121)
	        Recheck Cond: ((id >= 6192947) AND (id <= 6193946))
	        ->  Bitmap Index Scan on sbtest7_pkey  (cost=0.00..21.50 rows=906 width=0)
	              Index Cond: ((id >= 6192947) AND (id <= 6193946))

table 8 : explain SELECT c FROM sbtest8 WHERE id BETWEEN 9219700 AND 9220699 ORDER BY c
	Sort  (cost=4024.47..4027.04 rows=1028 width=121)
	  Sort Key: c
	  ->  Bitmap Heap Scan on sbtest8  (cost=26.97..3973.04 rows=1028 width=121)
	        Recheck Cond: ((id >= 9219700) AND (id <= 9220699))
	        ->  Bitmap Index Scan on sbtest8_pkey  (cost=0.00..26.71 rows=1028 width=0)
	              Index Cond: ((id >= 9219700) AND (id <= 9220699))

explain: for point_selects :: explain SELECT c FROM sbtest%u WHERE id=%u
for: order_ranges
table 1 : explain SELECT c FROM sbtest1 WHERE id BETWEEN 5878674 AND 5879673 ORDER BY c
	Sort  (cost=4127.44..4130.08 rows=1057 width=121)
	  Sort Key: c
	  ->  Bitmap Heap Scan on sbtest1  (cost=23.27..4074.34 rows=1057 width=121)
	        Recheck Cond: ((id >= 5878674) AND (id <= 5879673))
	        ->  Bitmap Index Scan on sbtest1_pkey  (cost=0.00..23.00 rows=1057 width=0)
	              Index Cond: ((id >= 5878674) AND (id <= 5879673))

table 2 : explain SELECT c FROM sbtest2 WHERE id BETWEEN 277923 AND 278922 ORDER BY c
	Sort  (cost=4136.34..4138.98 rows=1059 width=121)
	  Sort Key: c
	  ->  Bitmap Heap Scan on sbtest2  (cost=23.29..4083.13 rows=1059 width=121)
	        Recheck Cond: ((id >= 277923) AND (id <= 278922))
	        ->  Bitmap Index Scan on sbtest2_pkey  (cost=0.00..23.02 rows=1059 width=0)
	              Index Cond: ((id >= 277923) AND (id <= 278922))

table 3 : explain SELECT c FROM sbtest3 WHERE id BETWEEN 6147178 AND 6148177 ORDER BY c
	Sort  (cost=3803.99..3806.42 rows=972 width=121)
	  Sort Key: c
	  ->  Bitmap Heap Scan on sbtest3  (cost=22.40..3755.76 rows=972 width=121)
	        Recheck Cond: ((id >= 6147178) AND (id <= 6148177))
	        ->  Bitmap Index Scan on sbtest3_pkey  (cost=0.00..22.15 rows=972 width=0)
	              Index Cond: ((id >= 6147178) AND (id <= 6148177))

table 4 : explain SELECT c FROM sbtest4 WHERE id BETWEEN 2610928 AND 2611927 ORDER BY c
	Sort  (cost=3755.24..3757.64 rows=959 width=121)
	  Sort Key: c
	  ->  Bitmap Heap Scan on sbtest4  (cost=22.26..3707.75 rows=959 width=121)
	        Recheck Cond: ((id >= 2610928) AND (id <= 2611927))
	        ->  Bitmap Index Scan on sbtest4_pkey  (cost=0.00..22.02 rows=959 width=0)
	              Index Cond: ((id >= 2610928) AND (id <= 2611927))

table 5 : explain SELECT c FROM sbtest5 WHERE id BETWEEN 2618743 AND 2619742 ORDER BY c
	Sort  (cost=3690.21..3692.56 rows=942 width=121)
	  Sort Key: c
	  ->  Bitmap Heap Scan on sbtest5  (cost=22.09..3643.67 rows=942 width=121)
	        Recheck Cond: ((id >= 2618743) AND (id <= 2619742))
	        ->  Bitmap Index Scan on sbtest5_pkey  (cost=0.00..21.86 rows=942 width=0)
	              Index Cond: ((id >= 2618743) AND (id <= 2619742))

table 6 : explain SELECT c FROM sbtest6 WHERE id BETWEEN 7316458 AND 7317457 ORDER BY c
	Sort  (cost=4057.56..4060.15 rows=1038 width=121)
	  Sort Key: c
	  ->  Bitmap Heap Scan on sbtest6  (cost=23.07..4005.56 rows=1038 width=121)
	        Recheck Cond: ((id >= 7316458) AND (id <= 7317457))
	        ->  Bitmap Index Scan on sbtest6_pkey  (cost=0.00..22.82 rows=1038 width=0)
	              Index Cond: ((id >= 7316458) AND (id <= 7317457))

table 7 : explain SELECT c FROM sbtest7 WHERE id BETWEEN 9796228 AND 9797227 ORDER BY c
	Sort  (cost=4093.18..4095.80 rows=1047 width=121)
	  Sort Key: c
	  ->  Bitmap Heap Scan on sbtest7  (cost=23.17..4040.66 rows=1047 width=121)
	        Recheck Cond: ((id >= 9796228) AND (id <= 9797227))
	        ->  Bitmap Index Scan on sbtest7_pkey  (cost=0.00..22.90 rows=1047 width=0)
	              Index Cond: ((id >= 9796228) AND (id <= 9797227))

table 8 : explain SELECT c FROM sbtest8 WHERE id BETWEEN 1542718 AND 1543717 ORDER BY c
	Sort  (cost=3794.67..3797.10 rows=969 width=121)
	  Sort Key: c
	  ->  Bitmap Heap Scan on sbtest8  (cost=22.37..3746.61 rows=969 width=121)
	        Recheck Cond: ((id >= 1542718) AND (id <= 1543717))
	        ->  Bitmap Index Scan on sbtest8_pkey  (cost=0.00..22.12 rows=969 width=0)
	              Index Cond: ((id >= 1542718) AND (id <= 1543717))

for point_selects
table 1 : explain SELECT c FROM sbtest1 WHERE id=680897
	Index Scan using sbtest1_pkey on sbtest1  (cost=0.43..8.45 rows=1 width=121)
	  Index Cond: (id = 680897)

table 2 : explain SELECT c FROM sbtest2 WHERE id=5872711
	Index Scan using sbtest2_pkey on sbtest2  (cost=0.43..8.45 rows=1 width=121)
	  Index Cond: (id = 5872711)

table 3 : explain SELECT c FROM sbtest3 WHERE id=8533290
	Index Scan using sbtest3_pkey on sbtest3  (cost=0.43..8.45 rows=1 width=121)
	  Index Cond: (id = 8533290)

table 4 : explain SELECT c FROM sbtest4 WHERE id=82954
	Index Scan using sbtest4_pkey on sbtest4  (cost=0.43..8.45 rows=1 width=121)
	  Index Cond: (id = 82954)

table 5 : explain SELECT c FROM sbtest5 WHERE id=8361510
	Index Scan using sbtest5_pkey on sbtest5  (cost=0.43..8.45 rows=1 width=121)
	  Index Cond: (id = 8361510)

table 6 : explain SELECT c FROM sbtest6 WHERE id=1507782
	Index Scan using sbtest6_pkey on sbtest6  (cost=0.43..8.45 rows=1 width=121)
	  Index Cond: (id = 1507782)

table 7 : explain SELECT c FROM sbtest7 WHERE id=9820010
	Index Scan using sbtest7_pkey on sbtest7  (cost=0.43..8.45 rows=1 width=121)
	  Index Cond: (id = 9820010)

table 8 : explain SELECT c FROM sbtest8 WHERE id=5771930
	Index Scan using sbtest8_pkey on sbtest8  (cost=0.43..8.45 rows=1 width=121)
	  Index Cond: (id = 5771930)

for: sum_ranges
table 1 : explain SELECT SUM(k) FROM sbtest1 WHERE id BETWEEN 5296397 AND 5297396
	Aggregate  (cost=4005.53..4005.54 rows=1 width=8)
	  ->  Bitmap Heap Scan on sbtest1  (cost=23.07..4002.94 rows=1038 width=4)
	        Recheck Cond: ((id >= 5296397) AND (id <= 5297396))
	        ->  Bitmap Index Scan on sbtest1_pkey  (cost=0.00..22.82 rows=1038 width=0)
	              Index Cond: ((id >= 5296397) AND (id <= 5297396))

table 2 : explain SELECT SUM(k) FROM sbtest2 WHERE id BETWEEN 6574321 AND 6575320
	Aggregate  (cost=3368.81..3368.82 rows=1 width=8)
	  ->  Bitmap Heap Scan on sbtest2  (cost=21.34..3366.64 rows=869 width=4)
	        Recheck Cond: ((id >= 6574321) AND (id <= 6575320))
	        ->  Bitmap Index Scan on sbtest2_pkey  (cost=0.00..21.12 rows=869 width=0)
	              Index Cond: ((id >= 6574321) AND (id <= 6575320))

table 3 : explain SELECT SUM(k) FROM sbtest3 WHERE id BETWEEN 1184683 AND 1185682
	Aggregate  (cost=3758.19..3758.20 rows=1 width=8)
	  ->  Bitmap Heap Scan on sbtest3  (cost=22.40..3755.76 rows=972 width=4)
	        Recheck Cond: ((id >= 1184683) AND (id <= 1185682))
	        ->  Bitmap Index Scan on sbtest3_pkey  (cost=0.00..22.15 rows=972 width=0)
	              Index Cond: ((id >= 1184683) AND (id <= 1185682))

table 4 : explain SELECT SUM(k) FROM sbtest4 WHERE id BETWEEN 4728900 AND 4729899
	Aggregate  (cost=3695.04..3695.05 rows=1 width=8)
	  ->  Bitmap Heap Scan on sbtest4  (cost=22.22..3692.65 rows=955 width=4)
	        Recheck Cond: ((id >= 4728900) AND (id <= 4729899))
	        ->  Bitmap Index Scan on sbtest4_pkey  (cost=0.00..21.98 rows=955 width=0)
	              Index Cond: ((id >= 4728900) AND (id <= 4729899))

table 5 : explain SELECT SUM(k) FROM sbtest5 WHERE id BETWEEN 2661986 AND 2662985
	Aggregate  (cost=3596.90..3596.91 rows=1 width=8)
	  ->  Bitmap Heap Scan on sbtest5  (cost=21.96..3594.58 rows=929 width=4)
	        Recheck Cond: ((id >= 2661986) AND (id <= 2662985))
	        ->  Bitmap Index Scan on sbtest5_pkey  (cost=0.00..21.72 rows=929 width=0)
	              Index Cond: ((id >= 2661986) AND (id <= 2662985))

table 6 : explain SELECT SUM(k) FROM sbtest6 WHERE id BETWEEN 8505349 AND 8506348
	Aggregate  (cost=3770.65..3770.66 rows=1 width=8)
	  ->  Bitmap Heap Scan on sbtest6  (cost=22.43..3768.22 rows=975 width=4)
	        Recheck Cond: ((id >= 8505349) AND (id <= 8506348))
	        ->  Bitmap Index Scan on sbtest6_pkey  (cost=0.00..22.18 rows=975 width=0)
	              Index Cond: ((id >= 8505349) AND (id <= 8506348))

table 7 : explain SELECT SUM(k) FROM sbtest7 WHERE id BETWEEN 160536 AND 161535
	Aggregate  (cost=3790.64..3790.65 rows=1 width=8)
	  ->  Bitmap Heap Scan on sbtest7  (cost=22.48..3788.19 rows=980 width=4)
	        Recheck Cond: ((id >= 160536) AND (id <= 161535))
	        ->  Bitmap Index Scan on sbtest7_pkey  (cost=0.00..22.23 rows=980 width=0)
	              Index Cond: ((id >= 160536) AND (id <= 161535))

table 8 : explain SELECT SUM(k) FROM sbtest8 WHERE id BETWEEN 4880536 AND 4881535
	Aggregate  (cost=3382.11..3382.12 rows=1 width=8)
	  ->  Bitmap Heap Scan on sbtest8  (cost=21.37..3379.93 rows=872 width=4)
	        Recheck Cond: ((id >= 4880536) AND (id <= 4881535))
	        ->  Bitmap Index Scan on sbtest8_pkey  (cost=0.00..21.15 rows=872 width=0)
	              Index Cond: ((id >= 4880536) AND (id <= 4881535))

for: sum_ranges
table 1 : explain SELECT SUM(k) FROM sbtest1 WHERE id BETWEEN 7936228 AND 7937227
	Aggregate  (cost=4001.77..4001.78 rows=1 width=8)
	  ->  Bitmap Heap Scan on sbtest1  (cost=23.06..3999.18 rows=1037 width=4)
	        Recheck Cond: ((id >= 7936228) AND (id <= 7937227))
	        ->  Bitmap Index Scan on sbtest1_pkey  (cost=0.00..22.80 rows=1037 width=0)
	              Index Cond: ((id >= 7936228) AND (id <= 7937227))

table 2 : explain SELECT SUM(k) FROM sbtest2 WHERE id BETWEEN 2668513 AND 2669512
	Aggregate  (cost=3716.57..3716.58 rows=1 width=8)
	  ->  Bitmap Heap Scan on sbtest2  (cost=22.29..3714.17 rows=961 width=4)
	        Recheck Cond: ((id >= 2668513) AND (id <= 2669512))
	        ->  Bitmap Index Scan on sbtest2_pkey  (cost=0.00..22.04 rows=961 width=0)
	              Index Cond: ((id >= 2668513) AND (id <= 2669512))

table 3 : explain SELECT SUM(k) FROM sbtest3 WHERE id BETWEEN 5626092 AND 5627091
	Aggregate  (cost=4018.18..4018.19 rows=1 width=8)
	  ->  Bitmap Heap Scan on sbtest3  (cost=23.11..4015.58 rows=1041 width=4)
	        Recheck Cond: ((id >= 5626092) AND (id <= 5627091))
	        ->  Bitmap Index Scan on sbtest3_pkey  (cost=0.00..22.84 rows=1041 width=0)
	              Index Cond: ((id >= 5626092) AND (id <= 5627091))

table 4 : explain SELECT SUM(k) FROM sbtest4 WHERE id BETWEEN 3188296 AND 3189295
	Aggregate  (cost=4064.74..4064.75 rows=1 width=8)
	  ->  Bitmap Heap Scan on sbtest4  (cost=27.22..4062.11 rows=1052 width=4)
	        Recheck Cond: ((id >= 3188296) AND (id <= 3189295))
	        ->  Bitmap Index Scan on sbtest4_pkey  (cost=0.00..26.95 rows=1052 width=0)
	              Index Cond: ((id >= 3188296) AND (id <= 3189295))

table 5 : explain SELECT SUM(k) FROM sbtest5 WHERE id BETWEEN 1626591 AND 1627590
	Aggregate  (cost=4301.76..4301.77 rows=1 width=8)
	  ->  Bitmap Heap Scan on sbtest5  (cost=27.87..4298.97 rows=1116 width=4)
	        Recheck Cond: ((id >= 1626591) AND (id <= 1627590))
	        ->  Bitmap Index Scan on sbtest5_pkey  (cost=0.00..27.59 rows=1116 width=0)
	              Index Cond: ((id >= 1626591) AND (id <= 1627590))

table 6 : explain SELECT SUM(k) FROM sbtest6 WHERE id BETWEEN 1773249 AND 1774248
	Aggregate  (cost=3849.88..3849.89 rows=1 width=8)
	  ->  Bitmap Heap Scan on sbtest6  (cost=22.64..3847.39 rows=996 width=4)
	        Recheck Cond: ((id >= 1773249) AND (id <= 1774248))
	        ->  Bitmap Index Scan on sbtest6_pkey  (cost=0.00..22.39 rows=996 width=0)
	              Index Cond: ((id >= 1773249) AND (id <= 1774248))

table 7 : explain SELECT SUM(k) FROM sbtest7 WHERE id BETWEEN 2310255 AND 2311254
	Aggregate  (cost=3590.39..3590.40 rows=1 width=8)
	  ->  Bitmap Heap Scan on sbtest7  (cost=21.94..3588.07 rows=927 width=4)
	        Recheck Cond: ((id >= 2310255) AND (id <= 2311254))
	        ->  Bitmap Index Scan on sbtest7_pkey  (cost=0.00..21.70 rows=927 width=0)
	              Index Cond: ((id >= 2310255) AND (id <= 2311254))

table 8 : explain SELECT SUM(k) FROM sbtest8 WHERE id BETWEEN 6373035 AND 6374034
	Aggregate  (cost=4092.38..4092.39 rows=1 width=8)
	  ->  Bitmap Heap Scan on sbtest8  (cost=27.29..4089.73 rows=1059 width=4)
	        Recheck Cond: ((id >= 6373035) AND (id <= 6374034))
	        ->  Bitmap Index Scan on sbtest8_pkey  (cost=0.00..27.02 rows=1059 width=0)
	              Index Cond: ((id >= 6373035) AND (id <= 6374034))

for: distinct_ranges
table 1 : explain SELECT DISTINCT c FROM sbtest1 WHERE id BETWEEN 1493507 AND 1494506 ORDER BY c
	Unique  (cost=3982.40..3987.49 rows=1019 width=121)
	  ->  Sort  (cost=3982.40..3984.94 rows=1019 width=121)
	        Sort Key: c
	        ->  Bitmap Heap Scan on sbtest1  (cost=22.88..3931.48 rows=1019 width=121)
	              Recheck Cond: ((id >= 1493507) AND (id <= 1494506))
	              ->  Bitmap Index Scan on sbtest1_pkey  (cost=0.00..22.62 rows=1019 width=0)
	                    Index Cond: ((id >= 1493507) AND (id <= 1494506))

table 2 : explain SELECT DISTINCT c FROM sbtest2 WHERE id BETWEEN 5767619 AND 5768618 ORDER BY c
	Unique  (cost=3769.43..3774.25 rows=963 width=121)
	  ->  Sort  (cost=3769.43..3771.84 rows=963 width=121)
	        Sort Key: c
	        ->  Bitmap Heap Scan on sbtest2  (cost=22.31..3721.71 rows=963 width=121)
	              Recheck Cond: ((id >= 5767619) AND (id <= 5768618))
	              ->  Bitmap Index Scan on sbtest2_pkey  (cost=0.00..22.07 rows=963 width=0)
	                    Index Cond: ((id >= 5767619) AND (id <= 5768618))

table 3 : explain SELECT DISTINCT c FROM sbtest3 WHERE id BETWEEN 1521175 AND 1522174 ORDER BY c
	Unique  (cost=3907.27..3912.27 rows=999 width=121)
	  ->  Sort  (cost=3907.27..3909.77 rows=999 width=121)
	        Sort Key: c
	        ->  Bitmap Heap Scan on sbtest3  (cost=22.67..3857.50 rows=999 width=121)
	              Recheck Cond: ((id >= 1521175) AND (id <= 1522174))
	              ->  Bitmap Index Scan on sbtest3_pkey  (cost=0.00..22.43 rows=999 width=0)
	                    Index Cond: ((id >= 1521175) AND (id <= 1522174))

table 4 : explain SELECT DISTINCT c FROM sbtest4 WHERE id BETWEEN 6861434 AND 6862433 ORDER BY c
	Unique  (cost=4305.70..4311.21 rows=1102 width=121)
	  ->  Sort  (cost=4305.70..4308.46 rows=1102 width=121)
	        Sort Key: c
	        ->  Bitmap Heap Scan on sbtest4  (cost=27.73..4250.02 rows=1102 width=121)
	              Recheck Cond: ((id >= 6861434) AND (id <= 6862433))
	              ->  Bitmap Index Scan on sbtest4_pkey  (cost=0.00..27.45 rows=1102 width=0)
	                    Index Cond: ((id >= 6861434) AND (id <= 6862433))

table 5 : explain SELECT DISTINCT c FROM sbtest5 WHERE id BETWEEN 7323402 AND 7324401 ORDER BY c
	Unique  (cost=3751.51..3756.30 rows=958 width=121)
	  ->  Sort  (cost=3751.51..3753.90 rows=958 width=121)
	        Sort Key: c
	        ->  Bitmap Heap Scan on sbtest5  (cost=22.25..3704.07 rows=958 width=121)
	              Recheck Cond: ((id >= 7323402) AND (id <= 7324401))
	              ->  Bitmap Index Scan on sbtest5_pkey  (cost=0.00..22.01 rows=958 width=0)
	                    Index Cond: ((id >= 7323402) AND (id <= 7324401))

table 6 : explain SELECT DISTINCT c FROM sbtest6 WHERE id BETWEEN 4764329 AND 4765328 ORDER BY c
	Unique  (cost=3862.55..3867.49 rows=987 width=121)
	  ->  Sort  (cost=3862.55..3865.02 rows=987 width=121)
	        Sort Key: c
	        ->  Bitmap Heap Scan on sbtest6  (cost=22.55..3813.46 rows=987 width=121)
	              Recheck Cond: ((id >= 4764329) AND (id <= 4765328))
	              ->  Bitmap Index Scan on sbtest6_pkey  (cost=0.00..22.30 rows=987 width=0)
	                    Index Cond: ((id >= 4764329) AND (id <= 4765328))

table 7 : explain SELECT DISTINCT c FROM sbtest7 WHERE id BETWEEN 1738776 AND 1739775 ORDER BY c
	Unique  (cost=4089.36..4094.59 rows=1046 width=121)
	  ->  Sort  (cost=4089.36..4091.97 rows=1046 width=121)
	        Sort Key: c
	        ->  Bitmap Heap Scan on sbtest7  (cost=23.16..4036.90 rows=1046 width=121)
	              Recheck Cond: ((id >= 1738776) AND (id <= 1739775))
	              ->  Bitmap Index Scan on sbtest7_pkey  (cost=0.00..22.89 rows=1046 width=0)
	                    Index Cond: ((id >= 1738776) AND (id <= 1739775))

table 8 : explain SELECT DISTINCT c FROM sbtest8 WHERE id BETWEEN 2714543 AND 2715542 ORDER BY c
	Unique  (cost=4238.40..4243.82 rows=1084 width=121)
	  ->  Sort  (cost=4238.40..4241.11 rows=1084 width=121)
	        Sort Key: c
	        ->  Bitmap Heap Scan on sbtest8  (cost=27.55..4183.75 rows=1084 width=121)
	              Recheck Cond: ((id >= 2714543) AND (id <= 2715542))
	              ->  Bitmap Index Scan on sbtest8_pkey  (cost=0.00..27.27 rows=1084 width=0)
	                    Index Cond: ((id >= 2714543) AND (id <= 2715542))

for: order_ranges
table 1 : explain SELECT c FROM sbtest1 WHERE id BETWEEN 4927322 AND 4928321 ORDER BY c
	Sort  (cost=3607.52..3609.83 rows=921 width=121)
	  Sort Key: c
	  ->  Bitmap Heap Scan on sbtest1  (cost=21.88..3562.18 rows=921 width=121)
	        Recheck Cond: ((id >= 4927322) AND (id <= 4928321))
	        ->  Bitmap Index Scan on sbtest1_pkey  (cost=0.00..21.64 rows=921 width=0)
	              Index Cond: ((id >= 4927322) AND (id <= 4928321))

table 2 : explain SELECT c FROM sbtest2 WHERE id BETWEEN 8341799 AND 8342798 ORDER BY c
	Sort  (cost=3734.98..3737.36 rows=954 width=121)
	  Sort Key: c
	  ->  Bitmap Heap Scan on sbtest2  (cost=22.21..3687.76 rows=954 width=121)
	        Recheck Cond: ((id >= 8341799) AND (id <= 8342798))
	        ->  Bitmap Index Scan on sbtest2_pkey  (cost=0.00..21.97 rows=954 width=0)
	              Index Cond: ((id >= 8341799) AND (id <= 8342798))

table 3 : explain SELECT c FROM sbtest3 WHERE id BETWEEN 7006042 AND 7007041 ORDER BY c
	Sort  (cost=3669.98..3672.32 rows=937 width=121)
	  Sort Key: c
	  ->  Bitmap Heap Scan on sbtest3  (cost=22.04..3623.73 rows=937 width=121)
	        Recheck Cond: ((id >= 7006042) AND (id <= 7007041))
	        ->  Bitmap Index Scan on sbtest3_pkey  (cost=0.00..21.80 rows=937 width=0)
	              Index Cond: ((id >= 7006042) AND (id <= 7007041))

table 4 : explain SELECT c FROM sbtest4 WHERE id BETWEEN 8060648 AND 8061647 ORDER BY c
	Sort  (cost=3544.40..3546.66 rows=904 width=121)
	  Sort Key: c
	  ->  Bitmap Heap Scan on sbtest4  (cost=21.70..3500.01 rows=904 width=121)
	        Recheck Cond: ((id >= 8060648) AND (id <= 8061647))
	        ->  Bitmap Index Scan on sbtest4_pkey  (cost=0.00..21.47 rows=904 width=0)
	              Index Cond: ((id >= 8060648) AND (id <= 8061647))

table 5 : explain SELECT c FROM sbtest5 WHERE id BETWEEN 2814059 AND 2815058 ORDER BY c
	Sort  (cost=3877.84..3880.32 rows=991 width=121)
	  Sort Key: c
	  ->  Bitmap Heap Scan on sbtest5  (cost=22.59..3828.52 rows=991 width=121)
	        Recheck Cond: ((id >= 2814059) AND (id <= 2815058))
	        ->  Bitmap Index Scan on sbtest5_pkey  (cost=0.00..22.34 rows=991 width=0)
	              Index Cond: ((id >= 2814059) AND (id <= 2815058))

table 6 : explain SELECT c FROM sbtest6 WHERE id BETWEEN 4640827 AND 4641826 ORDER BY c
	Sort  (cost=3958.18..3960.71 rows=1012 width=121)
	  Sort Key: c
	  ->  Bitmap Heap Scan on sbtest6  (cost=22.81..3907.67 rows=1012 width=121)
	        Recheck Cond: ((id >= 4640827) AND (id <= 4641826))
	        ->  Bitmap Index Scan on sbtest6_pkey  (cost=0.00..22.55 rows=1012 width=0)
	              Index Cond: ((id >= 4640827) AND (id <= 4641826))

table 7 : explain SELECT c FROM sbtest7 WHERE id BETWEEN 451124 AND 452123 ORDER BY c
	Sort  (cost=3798.58..3801.01 rows=970 width=121)
	  Sort Key: c
	  ->  Bitmap Heap Scan on sbtest7  (cost=22.38..3750.46 rows=970 width=121)
	        Recheck Cond: ((id >= 451124) AND (id <= 452123))
	        ->  Bitmap Index Scan on sbtest7_pkey  (cost=0.00..22.14 rows=970 width=0)
	              Index Cond: ((id >= 451124) AND (id <= 452123))

table 8 : explain SELECT c FROM sbtest8 WHERE id BETWEEN 6886683 AND 6887682 ORDER BY c
	Sort  (cost=3752.53..3754.93 rows=958 width=121)
	  Sort Key: c
	  ->  Bitmap Heap Scan on sbtest8  (cost=22.25..3705.09 rows=958 width=121)
	        Recheck Cond: ((id >= 6886683) AND (id <= 6887682))
	        ->  Bitmap Index Scan on sbtest8_pkey  (cost=0.00..22.01 rows=958 width=0)
	              Index Cond: ((id >= 6886683) AND (id <= 6887682))

for: order_ranges
table 1 : explain SELECT c FROM sbtest1 WHERE id BETWEEN 3707352 AND 3708351 ORDER BY c
	Sort  (cost=3860.12..3862.59 rows=987 width=121)
	  Sort Key: c
	  ->  Bitmap Heap Scan on sbtest1  (cost=22.55..3811.03 rows=987 width=121)
	        Recheck Cond: ((id >= 3707352) AND (id <= 3708351))
	        ->  Bitmap Index Scan on sbtest1_pkey  (cost=0.00..22.30 rows=987 width=0)
	              Index Cond: ((id >= 3707352) AND (id <= 3708351))

table 2 : explain SELECT c FROM sbtest2 WHERE id BETWEEN 7716819 AND 7717818 ORDER BY c
	Sort  (cost=3447.45..3449.65 rows=879 width=121)
	  Sort Key: c
	  ->  Bitmap Heap Scan on sbtest2  (cost=21.44..3404.47 rows=879 width=121)
	        Recheck Cond: ((id >= 7716819) AND (id <= 7717818))
	        ->  Bitmap Index Scan on sbtest2_pkey  (cost=0.00..21.22 rows=879 width=0)
	              Index Cond: ((id >= 7716819) AND (id <= 7717818))

table 3 : explain SELECT c FROM sbtest3 WHERE id BETWEEN 9935568 AND 9936567 ORDER BY c
	Sort  (cost=3999.00..4001.56 rows=1023 width=121)
	  Sort Key: c
	  ->  Bitmap Heap Scan on sbtest3  (cost=22.92..3947.86 rows=1023 width=121)
	        Recheck Cond: ((id >= 9935568) AND (id <= 9936567))
	        ->  Bitmap Index Scan on sbtest3_pkey  (cost=0.00..22.66 rows=1023 width=0)
	              Index Cond: ((id >= 9935568) AND (id <= 9936567))

table 4 : explain SELECT c FROM sbtest4 WHERE id BETWEEN 8361826 AND 8362825 ORDER BY c
	Sort  (cost=3732.26..3734.64 rows=953 width=121)
	  Sort Key: c
	  ->  Bitmap Heap Scan on sbtest4  (cost=22.20..3685.10 rows=953 width=121)
	        Recheck Cond: ((id >= 8361826) AND (id <= 8362825))
	        ->  Bitmap Index Scan on sbtest4_pkey  (cost=0.00..21.96 rows=953 width=0)
	              Index Cond: ((id >= 8361826) AND (id <= 8362825))

table 5 : explain SELECT c FROM sbtest5 WHERE id BETWEEN 3499365 AND 3500364 ORDER BY c
	Sort  (cost=3525.30..3527.55 rows=899 width=121)
	  Sort Key: c
	  ->  Bitmap Heap Scan on sbtest5  (cost=21.65..3481.19 rows=899 width=121)
	        Recheck Cond: ((id >= 3499365) AND (id <= 3500364))
	        ->  Bitmap Index Scan on sbtest5_pkey  (cost=0.00..21.43 rows=899 width=0)
	              Index Cond: ((id >= 3499365) AND (id <= 3500364))

table 6 : explain SELECT c FROM sbtest6 WHERE id BETWEEN 4581169 AND 4582168 ORDER BY c
	Sort  (cost=3946.71..3949.23 rows=1009 width=121)
	  Sort Key: c
	  ->  Bitmap Heap Scan on sbtest6  (cost=22.78..3896.37 rows=1009 width=121)
	        Recheck Cond: ((id >= 4581169) AND (id <= 4582168))
	        ->  Bitmap Index Scan on sbtest6_pkey  (cost=0.00..22.52 rows=1009 width=0)
	              Index Cond: ((id >= 4581169) AND (id <= 4582168))

table 7 : explain SELECT c FROM sbtest7 WHERE id BETWEEN 5916757 AND 5917756 ORDER BY c
	Sort  (cost=3507.10..3509.34 rows=894 width=121)
	  Sort Key: c
	  ->  Bitmap Heap Scan on sbtest7  (cost=21.60..3463.28 rows=894 width=121)
	        Recheck Cond: ((id >= 5916757) AND (id <= 5917756))
	        ->  Bitmap Index Scan on sbtest7_pkey  (cost=0.00..21.37 rows=894 width=0)
	              Index Cond: ((id >= 5916757) AND (id <= 5917756))

table 8 : explain SELECT c FROM sbtest8 WHERE id BETWEEN 5559308 AND 5560307 ORDER BY c
	Sort  (cost=3817.66..3820.09 rows=975 width=121)
	  Sort Key: c
	  ->  Bitmap Heap Scan on sbtest8  (cost=22.43..3769.25 rows=975 width=121)
	        Recheck Cond: ((id >= 5559308) AND (id <= 5560307))
	        ->  Bitmap Index Scan on sbtest8_pkey  (cost=0.00..22.18 rows=975 width=0)
	              Index Cond: ((id >= 5559308) AND (id <= 5560307))

for: simple_ranges
table 1 : explain SELECT c FROM sbtest1 WHERE id BETWEEN 5972808 AND 5973807
	Bitmap Heap Scan on sbtest1  (cost=22.98..3969.09 rows=1029 width=121)
	  Recheck Cond: ((id >= 5972808) AND (id <= 5973807))
	  ->  Bitmap Index Scan on sbtest1_pkey  (cost=0.00..22.72 rows=1029 width=0)
	        Index Cond: ((id >= 5972808) AND (id <= 5973807))

table 2 : explain SELECT c FROM sbtest2 WHERE id BETWEEN 2974676 AND 2975675
	Bitmap Heap Scan on sbtest2  (cost=23.31..4090.65 rows=1061 width=121)
	  Recheck Cond: ((id >= 2974676) AND (id <= 2975675))
	  ->  Bitmap Index Scan on sbtest2_pkey  (cost=0.00..23.04 rows=1061 width=0)
	        Index Cond: ((id >= 2974676) AND (id <= 2975675))

table 3 : explain SELECT c FROM sbtest3 WHERE id BETWEEN 1870444 AND 1871443
	Bitmap Heap Scan on sbtest3  (cost=27.73..4245.04 rows=1102 width=121)
	  Recheck Cond: ((id >= 1870444) AND (id <= 1871443))
	  ->  Bitmap Index Scan on sbtest3_pkey  (cost=0.00..27.45 rows=1102 width=0)
	        Index Cond: ((id >= 1870444) AND (id <= 1871443))

table 4 : explain SELECT c FROM sbtest4 WHERE id BETWEEN 4299387 AND 4300386
	Bitmap Heap Scan on sbtest4  (cost=22.07..3636.03 rows=940 width=121)
	  Recheck Cond: ((id >= 4299387) AND (id <= 4300386))
	  ->  Bitmap Index Scan on sbtest4_pkey  (cost=0.00..21.83 rows=940 width=0)
	        Index Cond: ((id >= 4299387) AND (id <= 4300386))

table 5 : explain SELECT c FROM sbtest5 WHERE id BETWEEN 7525529 AND 7526528
	Bitmap Heap Scan on sbtest5  (cost=27.58..4193.79 rows=1087 width=121)
	  Recheck Cond: ((id >= 7525529) AND (id <= 7526528))
	  ->  Bitmap Index Scan on sbtest5_pkey  (cost=0.00..27.30 rows=1087 width=0)
	        Index Cond: ((id >= 7525529) AND (id <= 7526528))

table 6 : explain SELECT c FROM sbtest6 WHERE id BETWEEN 289180 AND 290179
	Bitmap Heap Scan on sbtest6  (cost=27.28..4084.80 rows=1058 width=121)
	  Recheck Cond: ((id >= 289180) AND (id <= 290179))
	  ->  Bitmap Index Scan on sbtest6_pkey  (cost=0.00..27.01 rows=1058 width=0)
	        Index Cond: ((id >= 289180) AND (id <= 290179))

table 7 : explain SELECT c FROM sbtest7 WHERE id BETWEEN 3066480 AND 3067479
	Bitmap Heap Scan on sbtest7  (cost=27.66..4225.19 rows=1095 width=121)
	  Recheck Cond: ((id >= 3066480) AND (id <= 3067479))
	  ->  Bitmap Index Scan on sbtest7_pkey  (cost=0.00..27.39 rows=1095 width=0)
	        Index Cond: ((id >= 3066480) AND (id <= 3067479))

table 8 : explain SELECT c FROM sbtest8 WHERE id BETWEEN 1067588 AND 1068587
	Bitmap Heap Scan on sbtest8  (cost=22.57..3822.06 rows=989 width=121)
	  Recheck Cond: ((id >= 1067588) AND (id <= 1068587))
	  ->  Bitmap Index Scan on sbtest8_pkey  (cost=0.00..22.32 rows=989 width=0)
	        Index Cond: ((id >= 1067588) AND (id <= 1068587))

explain: for point_selects :: explain SELECT c FROM sbtest%u WHERE id=%u
explain: for point_selects :: explain SELECT c FROM sbtest%u WHERE id=%u
for: sum_ranges
table 1 : explain SELECT SUM(k) FROM sbtest1 WHERE id BETWEEN 3546913 AND 3547912
	Aggregate  (cost=3994.24..3994.25 rows=1 width=8)
	  ->  Bitmap Heap Scan on sbtest1  (cost=23.04..3991.66 rows=1035 width=4)
	        Recheck Cond: ((id >= 3546913) AND (id <= 3547912))
	        ->  Bitmap Index Scan on sbtest1_pkey  (cost=0.00..22.79 rows=1035 width=0)
	              Index Cond: ((id >= 3546913) AND (id <= 3547912))

table 2 : explain SELECT SUM(k) FROM sbtest2 WHERE id BETWEEN 4110215 AND 4111214
	Aggregate  (cost=3916.40..3916.41 rows=1 width=8)
	  ->  Bitmap Heap Scan on sbtest2  (cost=22.83..3913.86 rows=1014 width=4)
	        Recheck Cond: ((id >= 4110215) AND (id <= 4111214))
	        ->  Bitmap Index Scan on sbtest2_pkey  (cost=0.00..22.57 rows=1014 width=0)
	              Index Cond: ((id >= 4110215) AND (id <= 4111214))

table 3 : explain SELECT SUM(k) FROM sbtest3 WHERE id BETWEEN 3753386 AND 3754385
	Aggregate  (cost=3890.15..3890.16 rows=1 width=8)
	  ->  Bitmap Heap Scan on sbtest3  (cost=22.76..3887.63 rows=1007 width=4)
	        Recheck Cond: ((id >= 3753386) AND (id <= 3754385))
	        ->  Bitmap Index Scan on sbtest3_pkey  (cost=0.00..22.50 rows=1007 width=0)
	              Index Cond: ((id >= 3753386) AND (id <= 3754385))

table 4 : explain SELECT SUM(k) FROM sbtest4 WHERE id BETWEEN 579944 AND 580943
	Aggregate  (cost=3902.54..3902.55 rows=1 width=8)
	  ->  Bitmap Heap Scan on sbtest4  (cost=22.79..3900.02 rows=1010 width=4)
	        Recheck Cond: ((id >= 579944) AND (id <= 580943))
	        ->  Bitmap Index Scan on sbtest4_pkey  (cost=0.00..22.54 rows=1010 width=0)
	              Index Cond: ((id >= 579944) AND (id <= 580943))

table 5 : explain SELECT SUM(k) FROM sbtest5 WHERE id BETWEEN 214936 AND 215935
	Aggregate  (cost=3483.44..3483.45 rows=1 width=8)
	  ->  Bitmap Heap Scan on sbtest5  (cost=21.65..3481.19 rows=899 width=4)
	        Recheck Cond: ((id >= 214936) AND (id <= 215935))
	        ->  Bitmap Index Scan on sbtest5_pkey  (cost=0.00..21.43 rows=899 width=0)
	              Index Cond: ((id >= 214936) AND (id <= 215935))

table 6 : explain SELECT SUM(k) FROM sbtest6 WHERE id BETWEEN 8327282 AND 8328281
	Aggregate  (cost=3797.07..3797.08 rows=1 width=8)
	  ->  Bitmap Heap Scan on sbtest6  (cost=22.50..3794.61 rows=982 width=4)
	        Recheck Cond: ((id >= 8327282) AND (id <= 8328281))
	        ->  Bitmap Index Scan on sbtest6_pkey  (cost=0.00..22.25 rows=982 width=0)
	              Index Cond: ((id >= 8327282) AND (id <= 8328281))

table 7 : explain SELECT SUM(k) FROM sbtest7 WHERE id BETWEEN 6323338 AND 6324337
	Aggregate  (cost=3715.12..3715.13 rows=1 width=8)
	  ->  Bitmap Heap Scan on sbtest7  (cost=22.27..3712.72 rows=960 width=4)
	        Recheck Cond: ((id >= 6323338) AND (id <= 6324337))
	        ->  Bitmap Index Scan on sbtest7_pkey  (cost=0.00..22.04 rows=960 width=0)
	              Index Cond: ((id >= 6323338) AND (id <= 6324337))

table 8 : explain SELECT SUM(k) FROM sbtest8 WHERE id BETWEEN 162549 AND 163548
	Aggregate  (cost=3726.37..3726.38 rows=1 width=8)
	  ->  Bitmap Heap Scan on sbtest8  (cost=22.31..3723.97 rows=963 width=4)
	        Recheck Cond: ((id >= 162549) AND (id <= 163548))
	        ->  Bitmap Index Scan on sbtest8_pkey  (cost=0.00..22.07 rows=963 width=0)
	              Index Cond: ((id >= 162549) AND (id <= 163548))

for: sum_ranges
table 1 : explain SELECT SUM(k) FROM sbtest1 WHERE id BETWEEN 6825190 AND 6826189
	Aggregate  (cost=4621.11..4621.12 rows=1 width=8)
	  ->  Bitmap Heap Scan on sbtest1  (cost=28.76..4618.10 rows=1202 width=4)
	        Recheck Cond: ((id >= 6825190) AND (id <= 6826189))
	        ->  Bitmap Index Scan on sbtest1_pkey  (cost=0.00..28.45 rows=1202 width=0)
	              Index Cond: ((id >= 6825190) AND (id <= 6826189))

table 2 : explain SELECT SUM(k) FROM sbtest2 WHERE id BETWEEN 3299382 AND 3300381
	Aggregate  (cost=3882.49..3882.50 rows=1 width=8)
	  ->  Bitmap Heap Scan on sbtest2  (cost=22.74..3879.98 rows=1005 width=4)
	        Recheck Cond: ((id >= 3299382) AND (id <= 3300381))
	        ->  Bitmap Index Scan on sbtest2_pkey  (cost=0.00..22.48 rows=1005 width=0)
	              Index Cond: ((id >= 3299382) AND (id <= 3300381))

table 3 : explain SELECT SUM(k) FROM sbtest3 WHERE id BETWEEN 9952470 AND 9953469
	Aggregate  (cost=3950.42..3950.43 rows=1 width=8)
	  ->  Bitmap Heap Scan on sbtest3  (cost=22.92..3947.86 rows=1023 width=4)
	        Recheck Cond: ((id >= 9952470) AND (id <= 9953469))
	        ->  Bitmap Index Scan on sbtest3_pkey  (cost=0.00..22.66 rows=1023 width=0)
	              Index Cond: ((id >= 9952470) AND (id <= 9953469))

table 4 : explain SELECT SUM(k) FROM sbtest4 WHERE id BETWEEN 8312332 AND 8313331
	Aggregate  (cost=3789.41..3789.42 rows=1 width=8)
	  ->  Bitmap Heap Scan on sbtest4  (cost=22.48..3786.96 rows=980 width=4)
	        Recheck Cond: ((id >= 8312332) AND (id <= 8313331))
	        ->  Bitmap Index Scan on sbtest4_pkey  (cost=0.00..22.23 rows=980 width=0)
	              Index Cond: ((id >= 8312332) AND (id <= 8313331))

table 5 : explain SELECT SUM(k) FROM sbtest5 WHERE id BETWEEN 6982718 AND 6983717
	Aggregate  (cost=3812.14..3812.15 rows=1 width=8)
	  ->  Bitmap Heap Scan on sbtest5  (cost=22.54..3809.68 rows=986 width=4)
	        Recheck Cond: ((id >= 6982718) AND (id <= 6983717))
	        ->  Bitmap Index Scan on sbtest5_pkey  (cost=0.00..22.29 rows=986 width=0)
	              Index Cond: ((id >= 6982718) AND (id <= 6983717))

table 6 : explain SELECT SUM(k) FROM sbtest6 WHERE id BETWEEN 4222422 AND 4223421
	Aggregate  (cost=3778.20..3778.21 rows=1 width=8)
	  ->  Bitmap Heap Scan on sbtest6  (cost=22.45..3775.76 rows=977 width=4)
	        Recheck Cond: ((id >= 4222422) AND (id <= 4223421))
	        ->  Bitmap Index Scan on sbtest6_pkey  (cost=0.00..22.20 rows=977 width=0)
	              Index Cond: ((id >= 4222422) AND (id <= 4223421))

table 7 : explain SELECT SUM(k) FROM sbtest7 WHERE id BETWEEN 1187984 AND 1188983
	Aggregate  (cost=3510.94..3510.95 rows=1 width=8)
	  ->  Bitmap Heap Scan on sbtest7  (cost=21.72..3508.67 rows=906 width=4)
	        Recheck Cond: ((id >= 1187984) AND (id <= 1188983))
	        ->  Bitmap Index Scan on sbtest7_pkey  (cost=0.00..21.50 rows=906 width=0)
	              Index Cond: ((id >= 1187984) AND (id <= 1188983))

table 8 : explain SELECT SUM(k) FROM sbtest8 WHERE id BETWEEN 1270649 AND 1271648
	Aggregate  (cost=3635.69..3635.70 rows=1 width=8)
	  ->  Bitmap Heap Scan on sbtest8  (cost=22.06..3633.34 rows=939 width=4)
	        Recheck Cond: ((id >= 1270649) AND (id <= 1271648))
	        ->  Bitmap Index Scan on sbtest8_pkey  (cost=0.00..21.82 rows=939 width=0)
	              Index Cond: ((id >= 1270649) AND (id <= 1271648))

for: sum_ranges
table 1 : explain SELECT SUM(k) FROM sbtest1 WHERE id BETWEEN 4570888 AND 4571887
	Aggregate  (cost=3847.41..3847.42 rows=1 width=8)
	  ->  Bitmap Heap Scan on sbtest1  (cost=22.64..3844.92 rows=996 width=4)
	        Recheck Cond: ((id >= 4570888) AND (id <= 4571887))
	        ->  Bitmap Index Scan on sbtest1_pkey  (cost=0.00..22.39 rows=996 width=0)
	              Index Cond: ((id >= 4570888) AND (id <= 4571887))

table 2 : explain SELECT SUM(k) FROM sbtest2 WHERE id BETWEEN 1351065 AND 1352064
	Aggregate  (cost=3637.29..3637.30 rows=1 width=8)
	  ->  Bitmap Heap Scan on sbtest2  (cost=22.07..3634.94 rows=940 width=4)
	        Recheck Cond: ((id >= 1351065) AND (id <= 1352064))
	        ->  Bitmap Index Scan on sbtest2_pkey  (cost=0.00..21.83 rows=940 width=0)
	              Index Cond: ((id >= 1351065) AND (id <= 1352064))

table 3 : explain SELECT SUM(k) FROM sbtest3 WHERE id BETWEEN 345756 AND 346755
	Aggregate  (cost=3516.47..3516.48 rows=1 width=8)
	  ->  Bitmap Heap Scan on sbtest3  (cost=21.74..3514.20 rows=908 width=4)
	        Recheck Cond: ((id >= 345756) AND (id <= 346755))
	        ->  Bitmap Index Scan on sbtest3_pkey  (cost=0.00..21.51 rows=908 width=0)
	              Index Cond: ((id >= 345756) AND (id <= 346755))

table 4 : explain SELECT SUM(k) FROM sbtest4 WHERE id BETWEEN 1584123 AND 1585122
	Aggregate  (cost=3823.36..3823.37 rows=1 width=8)
	  ->  Bitmap Heap Scan on sbtest4  (cost=22.57..3820.89 rows=989 width=4)
	        Recheck Cond: ((id >= 1584123) AND (id <= 1585122))
	        ->  Bitmap Index Scan on sbtest4_pkey  (cost=0.00..22.32 rows=989 width=0)
	              Index Cond: ((id >= 1584123) AND (id <= 1585122))

table 5 : explain SELECT SUM(k) FROM sbtest5 WHERE id BETWEEN 6005516 AND 6006515
	Aggregate  (cost=3509.93..3509.94 rows=1 width=8)
	  ->  Bitmap Heap Scan on sbtest5  (cost=21.72..3507.66 rows=906 width=4)
	        Recheck Cond: ((id >= 6005516) AND (id <= 6006515))
	        ->  Bitmap Index Scan on sbtest5_pkey  (cost=0.00..21.50 rows=906 width=0)
	              Index Cond: ((id >= 6005516) AND (id <= 6006515))

table 6 : explain SELECT SUM(k) FROM sbtest6 WHERE id BETWEEN 2887629 AND 2888628
	Aggregate  (cost=3778.20..3778.21 rows=1 width=8)
	  ->  Bitmap Heap Scan on sbtest6  (cost=22.45..3775.76 rows=977 width=4)
	        Recheck Cond: ((id >= 2887629) AND (id <= 2888628))
	        ->  Bitmap Index Scan on sbtest6_pkey  (cost=0.00..22.20 rows=977 width=0)
	              Index Cond: ((id >= 2887629) AND (id <= 2888628))

table 7 : explain SELECT SUM(k) FROM sbtest7 WHERE id BETWEEN 1431592 AND 1432591
	Aggregate  (cost=3764.22..3764.23 rows=1 width=8)
	  ->  Bitmap Heap Scan on sbtest7  (cost=22.41..3761.78 rows=973 width=4)
	        Recheck Cond: ((id >= 1431592) AND (id <= 1432591))
	        ->  Bitmap Index Scan on sbtest7_pkey  (cost=0.00..22.16 rows=973 width=0)
	              Index Cond: ((id >= 1431592) AND (id <= 1432591))

table 8 : explain SELECT SUM(k) FROM sbtest8 WHERE id BETWEEN 614293 AND 615292
	Aggregate  (cost=3692.37..3692.38 rows=1 width=8)
	  ->  Bitmap Heap Scan on sbtest8  (cost=22.21..3689.99 rows=954 width=4)
	        Recheck Cond: ((id >= 614293) AND (id <= 615292))
	        ->  Bitmap Index Scan on sbtest8_pkey  (cost=0.00..21.97 rows=954 width=0)
	              Index Cond: ((id >= 614293) AND (id <= 615292))

for: sum_ranges
table 1 : explain SELECT SUM(k) FROM sbtest1 WHERE id BETWEEN 9415283 AND 9416282
	Aggregate  (cost=4103.30..4103.31 rows=1 width=8)
	  ->  Bitmap Heap Scan on sbtest1  (cost=23.34..4100.64 rows=1064 width=4)
	        Recheck Cond: ((id >= 9415283) AND (id <= 9416282))
	        ->  Bitmap Index Scan on sbtest1_pkey  (cost=0.00..23.07 rows=1064 width=0)
	              Index Cond: ((id >= 9415283) AND (id <= 9416282))

table 2 : explain SELECT SUM(k) FROM sbtest2 WHERE id BETWEEN 850497 AND 851496
	Aggregate  (cost=3599.52..3599.53 rows=1 width=8)
	  ->  Bitmap Heap Scan on sbtest2  (cost=21.97..3597.19 rows=930 width=4)
	        Recheck Cond: ((id >= 850497) AND (id <= 851496))
	        ->  Bitmap Index Scan on sbtest2_pkey  (cost=0.00..21.73 rows=930 width=0)
	              Index Cond: ((id >= 850497) AND (id <= 851496))

table 3 : explain SELECT SUM(k) FROM sbtest3 WHERE id BETWEEN 2680784 AND 2681783
	Aggregate  (cost=4112.23..4112.24 rows=1 width=8)
	  ->  Bitmap Heap Scan on sbtest3  (cost=23.36..4109.57 rows=1066 width=4)
	        Recheck Cond: ((id >= 2680784) AND (id <= 2681783))
	        ->  Bitmap Index Scan on sbtest3_pkey  (cost=0.00..23.09 rows=1066 width=0)
	              Index Cond: ((id >= 2680784) AND (id <= 2681783))

table 4 : explain SELECT SUM(k) FROM sbtest4 WHERE id BETWEEN 1021521 AND 1022520
	Aggregate  (cost=3604.37..3604.38 rows=1 width=8)
	  ->  Bitmap Heap Scan on sbtest4  (cost=21.98..3602.04 rows=931 width=4)
	        Recheck Cond: ((id >= 1021521) AND (id <= 1022520))
	        ->  Bitmap Index Scan on sbtest4_pkey  (cost=0.00..21.75 rows=931 width=0)
	              Index Cond: ((id >= 1021521) AND (id <= 1022520))

table 5 : explain SELECT SUM(k) FROM sbtest5 WHERE id BETWEEN 5136354 AND 5137353
	Aggregate  (cost=3989.30..3989.31 rows=1 width=8)
	  ->  Bitmap Heap Scan on sbtest5  (cost=23.02..3986.72 rows=1033 width=4)
	        Recheck Cond: ((id >= 5136354) AND (id <= 5137353))
	        ->  Bitmap Index Scan on sbtest5_pkey  (cost=0.00..22.76 rows=1033 width=0)
	              Index Cond: ((id >= 5136354) AND (id <= 5137353))

table 6 : explain SELECT SUM(k) FROM sbtest6 WHERE id BETWEEN 1234281 AND 1235280
	Aggregate  (cost=3763.11..3763.12 rows=1 width=8)
	  ->  Bitmap Heap Scan on sbtest6  (cost=22.41..3760.67 rows=973 width=4)
	        Recheck Cond: ((id >= 1234281) AND (id <= 1235280))
	        ->  Bitmap Index Scan on sbtest6_pkey  (cost=0.00..22.16 rows=973 width=0)
	              Index Cond: ((id >= 1234281) AND (id <= 1235280))

table 7 : explain SELECT SUM(k) FROM sbtest7 WHERE id BETWEEN 5858265 AND 5859264
	Aggregate  (cost=3934.00..3934.01 rows=1 width=8)
	  ->  Bitmap Heap Scan on sbtest7  (cost=22.87..3931.46 rows=1018 width=4)
	        Recheck Cond: ((id >= 5858265) AND (id <= 5859264))
	        ->  Bitmap Index Scan on sbtest7_pkey  (cost=0.00..22.61 rows=1018 width=0)
	              Index Cond: ((id >= 5858265) AND (id <= 5859264))

table 8 : explain SELECT SUM(k) FROM sbtest8 WHERE id BETWEEN 7476526 AND 7477525
	Aggregate  (cost=4009.52..4009.53 rows=1 width=8)
	  ->  Bitmap Heap Scan on sbtest8  (cost=27.06..4006.93 rows=1037 width=4)
	        Recheck Cond: ((id >= 7476526) AND (id <= 7477525))
	        ->  Bitmap Index Scan on sbtest8_pkey  (cost=0.00..26.80 rows=1037 width=0)
	              Index Cond: ((id >= 7476526) AND (id <= 7477525))

for point_selects
table 1 : explain SELECT c FROM sbtest1 WHERE id=1765327
	Index Scan using sbtest1_pkey on sbtest1  (cost=0.43..8.45 rows=1 width=121)
	  Index Cond: (id = 1765327)

table 2 : explain SELECT c FROM sbtest2 WHERE id=5414156
	Index Scan using sbtest2_pkey on sbtest2  (cost=0.43..8.45 rows=1 width=121)
	  Index Cond: (id = 5414156)

table 3 : explain SELECT c FROM sbtest3 WHERE id=8042087
	Index Scan using sbtest3_pkey on sbtest3  (cost=0.43..8.45 rows=1 width=121)
	  Index Cond: (id = 8042087)

table 4 : explain SELECT c FROM sbtest4 WHERE id=49584
	Index Scan using sbtest4_pkey on sbtest4  (cost=0.43..8.45 rows=1 width=121)
	  Index Cond: (id = 49584)

table 5 : explain SELECT c FROM sbtest5 WHERE id=5798125
	Index Scan using sbtest5_pkey on sbtest5  (cost=0.43..8.45 rows=1 width=121)
	  Index Cond: (id = 5798125)

table 6 : explain SELECT c FROM sbtest6 WHERE id=4528742
	Index Scan using sbtest6_pkey on sbtest6  (cost=0.43..8.45 rows=1 width=121)
	  Index Cond: (id = 4528742)

table 7 : explain SELECT c FROM sbtest7 WHERE id=849302
	Index Scan using sbtest7_pkey on sbtest7  (cost=0.43..8.45 rows=1 width=121)
	  Index Cond: (id = 849302)

table 8 : explain SELECT c FROM sbtest8 WHERE id=903873
	Index Scan using sbtest8_pkey on sbtest8  (cost=0.43..8.45 rows=1 width=121)
	  Index Cond: (id = 903873)

for: sum_ranges
table 1 : explain SELECT SUM(k) FROM sbtest1 WHERE id BETWEEN 5329685 AND 5330684
	Aggregate  (cost=3926.50..3926.51 rows=1 width=8)
	  ->  Bitmap Heap Scan on sbtest1  (cost=22.86..3923.96 rows=1017 width=4)
	        Recheck Cond: ((id >= 5329685) AND (id <= 5330684))
	        ->  Bitmap Index Scan on sbtest1_pkey  (cost=0.00..22.61 rows=1017 width=0)
	              Index Cond: ((id >= 5329685) AND (id <= 5330684))

table 2 : explain SELECT SUM(k) FROM sbtest2 WHERE id BETWEEN 3321303 AND 3322302
	Aggregate  (cost=4356.53..4356.54 rows=1 width=8)
	  ->  Bitmap Heap Scan on sbtest2  (cost=28.03..4353.70 rows=1131 width=4)
	        Recheck Cond: ((id >= 3321303) AND (id <= 3322302))
	        ->  Bitmap Index Scan on sbtest2_pkey  (cost=0.00..27.75 rows=1131 width=0)
	              Index Cond: ((id >= 3321303) AND (id <= 3322302))

table 3 : explain SELECT SUM(k) FROM sbtest3 WHERE id BETWEEN 3295423 AND 3296422
	Aggregate  (cost=3803.45..3803.46 rows=1 width=8)
	  ->  Bitmap Heap Scan on sbtest3  (cost=22.52..3800.99 rows=984 width=4)
	        Recheck Cond: ((id >= 3295423) AND (id <= 3296422))
	        ->  Bitmap Index Scan on sbtest3_pkey  (cost=0.00..22.27 rows=984 width=0)
	              Index Cond: ((id >= 3295423) AND (id <= 3296422))

table 4 : explain SELECT SUM(k) FROM sbtest4 WHERE id BETWEEN 4906775 AND 4907774
	Aggregate  (cost=3358.42..3358.43 rows=1 width=8)
	  ->  Bitmap Heap Scan on sbtest4  (cost=21.31..3356.25 rows=866 width=4)
	        Recheck Cond: ((id >= 4906775) AND (id <= 4907774))
	        ->  Bitmap Index Scan on sbtest4_pkey  (cost=0.00..21.09 rows=866 width=0)
	              Index Cond: ((id >= 4906775) AND (id <= 4907774))

table 5 : explain SELECT SUM(k) FROM sbtest5 WHERE id BETWEEN 3105706 AND 3106705
	Aggregate  (cost=3936.56..3936.57 rows=1 width=8)
	  ->  Bitmap Heap Scan on sbtest5  (cost=22.88..3934.01 rows=1019 width=4)
	        Recheck Cond: ((id >= 3105706) AND (id <= 3106705))
	        ->  Bitmap Index Scan on sbtest5_pkey  (cost=0.00..22.62 rows=1019 width=0)
	              Index Cond: ((id >= 3105706) AND (id <= 3106705))

table 6 : explain SELECT SUM(k) FROM sbtest6 WHERE id BETWEEN 1216725 AND 1217724
	Aggregate  (cost=3763.11..3763.12 rows=1 width=8)
	  ->  Bitmap Heap Scan on sbtest6  (cost=22.41..3760.67 rows=973 width=4)
	        Recheck Cond: ((id >= 1216725) AND (id <= 1217724))
	        ->  Bitmap Index Scan on sbtest6_pkey  (cost=0.00..22.16 rows=973 width=0)
	              Index Cond: ((id >= 1216725) AND (id <= 1217724))

table 7 : explain SELECT SUM(k) FROM sbtest7 WHERE id BETWEEN 9191241 AND 9192240
	Aggregate  (cost=3673.56..3673.57 rows=1 width=8)
	  ->  Bitmap Heap Scan on sbtest7  (cost=22.16..3671.19 rows=949 width=4)
	        Recheck Cond: ((id >= 9191241) AND (id <= 9192240))
	        ->  Bitmap Index Scan on sbtest7_pkey  (cost=0.00..21.93 rows=949 width=0)
	              Index Cond: ((id >= 9191241) AND (id <= 9192240))

table 8 : explain SELECT SUM(k) FROM sbtest8 WHERE id BETWEEN 8727208 AND 8728207
	Aggregate  (cost=3639.47..3639.48 rows=1 width=8)
	  ->  Bitmap Heap Scan on sbtest8  (cost=22.07..3637.12 rows=940 width=4)
	        Recheck Cond: ((id >= 8727208) AND (id <= 8728207))
	        ->  Bitmap Index Scan on sbtest8_pkey  (cost=0.00..21.83 rows=940 width=0)
	              Index Cond: ((id >= 8727208) AND (id <= 8728207))

for: order_ranges
table 1 : explain SELECT c FROM sbtest1 WHERE id BETWEEN 9501010 AND 9502009 ORDER BY c
	Sort  (cost=3507.86..3510.10 rows=895 width=121)
	  Sort Key: c
	  ->  Bitmap Heap Scan on sbtest1  (cost=21.61..3463.98 rows=895 width=121)
	        Recheck Cond: ((id >= 9501010) AND (id <= 9502009))
	        ->  Bitmap Index Scan on sbtest1_pkey  (cost=0.00..21.39 rows=895 width=0)
	              Index Cond: ((id >= 9501010) AND (id <= 9502009))

table 2 : explain SELECT c FROM sbtest2 WHERE id BETWEEN 3493775 AND 3494774 ORDER BY c
	Sort  (cost=3933.91..3936.43 rows=1006 width=121)
	  Sort Key: c
	  ->  Bitmap Heap Scan on sbtest2  (cost=22.75..3883.74 rows=1006 width=121)
	        Recheck Cond: ((id >= 3493775) AND (id <= 3494774))
	        ->  Bitmap Index Scan on sbtest2_pkey  (cost=0.00..22.50 rows=1006 width=0)
	              Index Cond: ((id >= 3493775) AND (id <= 3494774))

table 3 : explain SELECT c FROM sbtest3 WHERE id BETWEEN 4557537 AND 4558536 ORDER BY c
	Sort  (cost=3899.62..3902.12 rows=997 width=121)
	  Sort Key: c
	  ->  Bitmap Heap Scan on sbtest3  (cost=22.65..3849.97 rows=997 width=121)
	        Recheck Cond: ((id >= 4557537) AND (id <= 4558536))
	        ->  Bitmap Index Scan on sbtest3_pkey  (cost=0.00..22.40 rows=997 width=0)
	              Index Cond: ((id >= 4557537) AND (id <= 4558536))

table 4 : explain SELECT c FROM sbtest4 WHERE id BETWEEN 9559157 AND 9560156 ORDER BY c
	Sort  (cost=3981.00..3983.55 rows=1018 width=121)
	  Sort Key: c
	  ->  Bitmap Heap Scan on sbtest4  (cost=22.87..3930.15 rows=1018 width=121)
	        Recheck Cond: ((id >= 9559157) AND (id <= 9560156))
	        ->  Bitmap Index Scan on sbtest4_pkey  (cost=0.00..22.61 rows=1018 width=0)
	              Index Cond: ((id >= 9559157) AND (id <= 9560156))

table 5 : explain SELECT c FROM sbtest5 WHERE id BETWEEN 6949380 AND 6950379 ORDER BY c
	Sort  (cost=3602.03..3604.33 rows=919 width=121)
	  Sort Key: c
	  ->  Bitmap Heap Scan on sbtest5  (cost=21.85..3556.80 rows=919 width=121)
	        Recheck Cond: ((id >= 6949380) AND (id <= 6950379))
	        ->  Bitmap Index Scan on sbtest5_pkey  (cost=0.00..21.62 rows=919 width=0)
	              Index Cond: ((id >= 6949380) AND (id <= 6950379))

table 6 : explain SELECT c FROM sbtest6 WHERE id BETWEEN 5546287 AND 5547286 ORDER BY c
	Sort  (cost=3969.65..3972.19 rows=1015 width=121)
	  Sort Key: c
	  ->  Bitmap Heap Scan on sbtest6  (cost=22.84..3918.97 rows=1015 width=121)
	        Recheck Cond: ((id >= 5546287) AND (id <= 5547286))
	        ->  Bitmap Index Scan on sbtest6_pkey  (cost=0.00..22.58 rows=1015 width=0)
	              Index Cond: ((id >= 5546287) AND (id <= 5547286))

table 7 : explain SELECT c FROM sbtest7 WHERE id BETWEEN 850713 AND 851712 ORDER BY c
	Sort  (cost=3967.01..3969.55 rows=1014 width=121)
	  Sort Key: c
	  ->  Bitmap Heap Scan on sbtest7  (cost=22.83..3916.38 rows=1014 width=121)
	        Recheck Cond: ((id >= 850713) AND (id <= 851712))
	        ->  Bitmap Index Scan on sbtest7_pkey  (cost=0.00..22.57 rows=1014 width=0)
	              Index Cond: ((id >= 850713) AND (id <= 851712))

table 8 : explain SELECT c FROM sbtest8 WHERE id BETWEEN 7433298 AND 7434297 ORDER BY c
	Sort  (cost=3798.50..3800.93 rows=970 width=121)
	  Sort Key: c
	  ->  Bitmap Heap Scan on sbtest8  (cost=22.38..3750.38 rows=970 width=121)
	        Recheck Cond: ((id >= 7433298) AND (id <= 7434297))
	        ->  Bitmap Index Scan on sbtest8_pkey  (cost=0.00..22.14 rows=970 width=0)
	              Index Cond: ((id >= 7433298) AND (id <= 7434297))

for: distinct_ranges
table 1 : explain SELECT DISTINCT c FROM sbtest1 WHERE id BETWEEN 8671564 AND 8672563 ORDER BY c
	Unique  (cost=3925.09..3930.11 rows=1004 width=121)
	  ->  Sort  (cost=3925.09..3927.60 rows=1004 width=121)
	        Sort Key: c
	        ->  Bitmap Heap Scan on sbtest1  (cost=22.73..3875.04 rows=1004 width=121)
	              Recheck Cond: ((id >= 8671564) AND (id <= 8672563))
	              ->  Bitmap Index Scan on sbtest1_pkey  (cost=0.00..22.47 rows=1004 width=0)
	                    Index Cond: ((id >= 8671564) AND (id <= 8672563))

table 2 : explain SELECT DISTINCT c FROM sbtest2 WHERE id BETWEEN 427001 AND 428000 ORDER BY c
	Unique  (cost=3872.74..3877.69 rows=990 width=121)
	  ->  Sort  (cost=3872.74..3875.21 rows=990 width=121)
	        Sort Key: c
	        ->  Bitmap Heap Scan on sbtest2  (cost=22.58..3823.48 rows=990 width=121)
	              Recheck Cond: ((id >= 427001) AND (id <= 428000))
	              ->  Bitmap Index Scan on sbtest2_pkey  (cost=0.00..22.33 rows=990 width=0)
	                    Index Cond: ((id >= 427001) AND (id <= 428000))

table 3 : explain SELECT DISTINCT c FROM sbtest3 WHERE id BETWEEN 9274495 AND 9275494 ORDER BY c
	Unique  (cost=4014.28..4019.42 rows=1027 width=121)
	  ->  Sort  (cost=4014.28..4016.85 rows=1027 width=121)
	        Sort Key: c
	        ->  Bitmap Heap Scan on sbtest3  (cost=22.96..3962.91 rows=1027 width=121)
	              Recheck Cond: ((id >= 9274495) AND (id <= 9275494))
	              ->  Bitmap Index Scan on sbtest3_pkey  (cost=0.00..22.70 rows=1027 width=0)
	                    Index Cond: ((id >= 9274495) AND (id <= 9275494))

table 4 : explain SELECT DISTINCT c FROM sbtest4 WHERE id BETWEEN 7351486 AND 7352485 ORDER BY c
	Unique  (cost=3919.82..3924.83 rows=1002 width=121)
	  ->  Sort  (cost=3919.82..3922.33 rows=1002 width=121)
	        Sort Key: c
	        ->  Bitmap Heap Scan on sbtest4  (cost=22.71..3869.88 rows=1002 width=121)
	              Recheck Cond: ((id >= 7351486) AND (id <= 7352485))
	              ->  Bitmap Index Scan on sbtest4_pkey  (cost=0.00..22.45 rows=1002 width=0)
	                    Index Cond: ((id >= 7351486) AND (id <= 7352485))

table 5 : explain SELECT DISTINCT c FROM sbtest5 WHERE id BETWEEN 4362637 AND 4363636 ORDER BY c
	Unique  (cost=3885.49..3890.46 rows=993 width=121)
	  ->  Sort  (cost=3885.49..3887.97 rows=993 width=121)
	        Sort Key: c
	        ->  Bitmap Heap Scan on sbtest5  (cost=22.61..3836.06 rows=993 width=121)
	              Recheck Cond: ((id >= 4362637) AND (id <= 4363636))
	              ->  Bitmap Index Scan on sbtest5_pkey  (cost=0.00..22.36 rows=993 width=0)
	                    Index Cond: ((id >= 4362637) AND (id <= 4363636))

table 6 : explain SELECT DISTINCT c FROM sbtest6 WHERE id BETWEEN 3660786 AND 3661785 ORDER BY c
	Unique  (cost=3651.89..3656.55 rows=932 width=121)
	  ->  Sort  (cost=3651.89..3654.22 rows=932 width=121)
	        Sort Key: c
	        ->  Bitmap Heap Scan on sbtest6  (cost=21.99..3605.93 rows=932 width=121)
	              Recheck Cond: ((id >= 3660786) AND (id <= 3661785))
	              ->  Bitmap Index Scan on sbtest6_pkey  (cost=0.00..21.75 rows=932 width=0)
	                    Index Cond: ((id >= 3660786) AND (id <= 3661785))

table 7 : explain SELECT DISTINCT c FROM sbtest7 WHERE id BETWEEN 753471 AND 754470 ORDER BY c
	Unique  (cost=4234.67..4240.09 rows=1083 width=121)
	  ->  Sort  (cost=4234.67..4237.38 rows=1083 width=121)
	        Sort Key: c
	        ->  Bitmap Heap Scan on sbtest7  (cost=27.54..4180.08 rows=1083 width=121)
	              Recheck Cond: ((id >= 753471) AND (id <= 754470))
	              ->  Bitmap Index Scan on sbtest7_pkey  (cost=0.00..27.26 rows=1083 width=0)
	                    Index Cond: ((id >= 753471) AND (id <= 754470))

table 8 : explain SELECT DISTINCT c FROM sbtest8 WHERE id BETWEEN 6417039 AND 6418038 ORDER BY c
	Unique  (cost=4142.94..4148.23 rows=1059 width=121)
	  ->  Sort  (cost=4142.94..4145.58 rows=1059 width=121)
	        Sort Key: c
	        ->  Bitmap Heap Scan on sbtest8  (cost=27.29..4089.73 rows=1059 width=121)
	              Recheck Cond: ((id >= 6417039) AND (id <= 6418038))
	              ->  Bitmap Index Scan on sbtest8_pkey  (cost=0.00..27.02 rows=1059 width=0)
	                    Index Cond: ((id >= 6417039) AND (id <= 6418038))

for: sum_ranges
table 1 : explain SELECT SUM(k) FROM sbtest1 WHERE id BETWEEN 8331190 AND 8332189
	Aggregate  (cost=3741.87..3741.88 rows=1 width=8)
	  ->  Bitmap Heap Scan on sbtest1  (cost=22.36..3739.45 rows=968 width=4)
	        Recheck Cond: ((id >= 8331190) AND (id <= 8332189))
	        ->  Bitmap Index Scan on sbtest1_pkey  (cost=0.00..22.11 rows=968 width=0)
	              Index Cond: ((id >= 8331190) AND (id <= 8332189))

table 2 : explain SELECT SUM(k) FROM sbtest2 WHERE id BETWEEN 997521 AND 998520
	Aggregate  (cost=3927.70..3927.71 rows=1 width=8)
	  ->  Bitmap Heap Scan on sbtest2  (cost=22.86..3925.15 rows=1017 width=4)
	        Recheck Cond: ((id >= 997521) AND (id <= 998520))
	        ->  Bitmap Index Scan on sbtest2_pkey  (cost=0.00..22.61 rows=1017 width=0)
	              Index Cond: ((id >= 997521) AND (id <= 998520))

table 3 : explain SELECT SUM(k) FROM sbtest3 WHERE id BETWEEN 2501898 AND 2502897
	Aggregate  (cost=3750.64..3750.65 rows=1 width=8)
	  ->  Bitmap Heap Scan on sbtest3  (cost=22.38..3748.22 rows=970 width=4)
	        Recheck Cond: ((id >= 2501898) AND (id <= 2502897))
	        ->  Bitmap Index Scan on sbtest3_pkey  (cost=0.00..22.14 rows=970 width=0)
	              Index Cond: ((id >= 2501898) AND (id <= 2502897))

table 4 : explain SELECT SUM(k) FROM sbtest4 WHERE id BETWEEN 9456148 AND 9457147
	Aggregate  (cost=4008.03..4008.04 rows=1 width=8)
	  ->  Bitmap Heap Scan on sbtest4  (cost=23.07..4005.43 rows=1038 width=4)
	        Recheck Cond: ((id >= 9456148) AND (id <= 9457147))
	        ->  Bitmap Index Scan on sbtest4_pkey  (cost=0.00..22.82 rows=1038 width=0)
	              Index Cond: ((id >= 9456148) AND (id <= 9457147))

table 5 : explain SELECT SUM(k) FROM sbtest5 WHERE id BETWEEN 8356799 AND 8357798
	Aggregate  (cost=3895.10..3895.11 rows=1 width=8)
	  ->  Bitmap Heap Scan on sbtest5  (cost=22.77..3892.58 rows=1008 width=4)
	        Recheck Cond: ((id >= 8356799) AND (id <= 8357798))
	        ->  Bitmap Index Scan on sbtest5_pkey  (cost=0.00..22.51 rows=1008 width=0)
	              Index Cond: ((id >= 8356799) AND (id <= 8357798))

table 6 : explain SELECT SUM(k) FROM sbtest6 WHERE id BETWEEN 7876953 AND 7877952
	Aggregate  (cost=3646.04..3646.05 rows=1 width=8)
	  ->  Bitmap Heap Scan on sbtest6  (cost=22.09..3643.69 rows=942 width=4)
	        Recheck Cond: ((id >= 7876953) AND (id <= 7877952))
	        ->  Bitmap Index Scan on sbtest6_pkey  (cost=0.00..21.86 rows=942 width=0)
	              Index Cond: ((id >= 7876953) AND (id <= 7877952))

table 7 : explain SELECT SUM(k) FROM sbtest7 WHERE id BETWEEN 5599060 AND 5600059
	Aggregate  (cost=3986.77..3986.78 rows=1 width=8)
	  ->  Bitmap Heap Scan on sbtest7  (cost=23.01..3984.19 rows=1032 width=4)
	        Recheck Cond: ((id >= 5599060) AND (id <= 5600059))
	        ->  Bitmap Index Scan on sbtest7_pkey  (cost=0.00..22.75 rows=1032 width=0)
	              Index Cond: ((id >= 5599060) AND (id <= 5600059))

table 8 : explain SELECT SUM(k) FROM sbtest8 WHERE id BETWEEN 1948680 AND 1949679
	Aggregate  (cost=3813.21..3813.22 rows=1 width=8)
	  ->  Bitmap Heap Scan on sbtest8  (cost=22.54..3810.75 rows=986 width=4)
	        Recheck Cond: ((id >= 1948680) AND (id <= 1949679))
	        ->  Bitmap Index Scan on sbtest8_pkey  (cost=0.00..22.29 rows=986 width=0)
	              Index Cond: ((id >= 1948680) AND (id <= 1949679))

for: distinct_ranges
table 1 : explain SELECT DISTINCT c FROM sbtest1 WHERE id BETWEEN 8917412 AND 8918411 ORDER BY c
	Unique  (cost=3898.34..3903.33 rows=997 width=121)
	  ->  Sort  (cost=3898.34..3900.84 rows=997 width=121)
	        Sort Key: c
	        ->  Bitmap Heap Scan on sbtest1  (cost=22.65..3848.69 rows=997 width=121)
	              Recheck Cond: ((id >= 8917412) AND (id <= 8918411))
	              ->  Bitmap Index Scan on sbtest1_pkey  (cost=0.00..22.40 rows=997 width=0)
	                    Index Cond: ((id >= 8917412) AND (id <= 8918411))

table 2 : explain SELECT DISTINCT c FROM sbtest2 WHERE id BETWEEN 8221828 AND 8222827 ORDER BY c
	Unique  (cost=3842.14..3847.05 rows=982 width=121)
	  ->  Sort  (cost=3842.14..3844.59 rows=982 width=121)
	        Sort Key: c
	        ->  Bitmap Heap Scan on sbtest2  (cost=22.50..3793.34 rows=982 width=121)
	              Recheck Cond: ((id >= 8221828) AND (id <= 8222827))
	              ->  Bitmap Index Scan on sbtest2_pkey  (cost=0.00..22.25 rows=982 width=0)
	                    Index Cond: ((id >= 8221828) AND (id <= 8222827))

table 3 : explain SELECT DISTINCT c FROM sbtest3 WHERE id BETWEEN 9357815 AND 9358814 ORDER BY c
	Unique  (cost=3811.65..3816.52 rows=974 width=121)
	  ->  Sort  (cost=3811.65..3814.08 rows=974 width=121)
	        Sort Key: c
	        ->  Bitmap Heap Scan on sbtest3  (cost=22.42..3763.30 rows=974 width=121)
	              Recheck Cond: ((id >= 9357815) AND (id <= 9358814))
	              ->  Bitmap Index Scan on sbtest3_pkey  (cost=0.00..22.18 rows=974 width=0)
	                    Index Cond: ((id >= 9357815) AND (id <= 9358814))

table 4 : explain SELECT DISTINCT c FROM sbtest4 WHERE id BETWEEN 923883 AND 924882 ORDER BY c
	Unique  (cost=3919.82..3924.83 rows=1002 width=121)
	  ->  Sort  (cost=3919.82..3922.33 rows=1002 width=121)
	        Sort Key: c
	        ->  Bitmap Heap Scan on sbtest4  (cost=22.71..3869.88 rows=1002 width=121)
	              Recheck Cond: ((id >= 923883) AND (id <= 924882))
	              ->  Bitmap Index Scan on sbtest4_pkey  (cost=0.00..22.45 rows=1002 width=0)
	                    Index Cond: ((id >= 923883) AND (id <= 924882))

table 5 : explain SELECT DISTINCT c FROM sbtest5 WHERE id BETWEEN 9681563 AND 9682562 ORDER BY c
	Unique  (cost=4004.04..4009.16 rows=1024 width=121)
	  ->  Sort  (cost=4004.04..4006.60 rows=1024 width=121)
	        Sort Key: c
	        ->  Bitmap Heap Scan on sbtest5  (cost=22.93..3952.84 rows=1024 width=121)
	              Recheck Cond: ((id >= 9681563) AND (id <= 9682562))
	              ->  Bitmap Index Scan on sbtest5_pkey  (cost=0.00..22.68 rows=1024 width=0)
	                    Index Cond: ((id >= 9681563) AND (id <= 9682562))

table 6 : explain SELECT DISTINCT c FROM sbtest6 WHERE id BETWEEN 3430498 AND 3431497 ORDER BY c
	Unique  (cost=3992.59..3997.70 rows=1021 width=121)
	  ->  Sort  (cost=3992.59..3995.14 rows=1021 width=121)
	        Sort Key: c
	        ->  Bitmap Heap Scan on sbtest6  (cost=22.90..3941.56 rows=1021 width=121)
	              Recheck Cond: ((id >= 3430498) AND (id <= 3431497))
	              ->  Bitmap Index Scan on sbtest6_pkey  (cost=0.00..22.64 rows=1021 width=0)
	                    Index Cond: ((id >= 3430498) AND (id <= 3431497))

table 7 : explain SELECT DISTINCT c FROM sbtest7 WHERE id BETWEEN 7129518 AND 7130517 ORDER BY c
	Unique  (cost=4100.82..4106.07 rows=1049 width=121)
	  ->  Sort  (cost=4100.82..4103.45 rows=1049 width=121)
	        Sort Key: c
	        ->  Bitmap Heap Scan on sbtest7  (cost=23.19..4048.19 rows=1049 width=121)
	              Recheck Cond: ((id >= 7129518) AND (id <= 7130517))
	              ->  Bitmap Index Scan on sbtest7_pkey  (cost=0.00..22.93 rows=1049 width=0)
	                    Index Cond: ((id >= 7129518) AND (id <= 7130517))

table 8 : explain SELECT DISTINCT c FROM sbtest8 WHERE id BETWEEN 3697398 AND 3698397 ORDER BY c
	Unique  (cost=3863.60..3868.54 rows=987 width=121)
	  ->  Sort  (cost=3863.60..3866.07 rows=987 width=121)
	        Sort Key: c
	        ->  Bitmap Heap Scan on sbtest8  (cost=22.55..3814.52 rows=987 width=121)
	              Recheck Cond: ((id >= 3697398) AND (id <= 3698397))
	              ->  Bitmap Index Scan on sbtest8_pkey  (cost=0.00..22.30 rows=987 width=0)
	                    Index Cond: ((id >= 3697398) AND (id <= 3698397))

for: sum_ranges
table 1 : explain SELECT SUM(k) FROM sbtest1 WHERE id BETWEEN 7394247 AND 7395246
	Aggregate  (cost=3885.08..3885.09 rows=1 width=8)
	  ->  Bitmap Heap Scan on sbtest1  (cost=22.75..3882.57 rows=1006 width=4)
	        Recheck Cond: ((id >= 7394247) AND (id <= 7395246))
	        ->  Bitmap Index Scan on sbtest1_pkey  (cost=0.00..22.50 rows=1006 width=0)
	              Index Cond: ((id >= 7394247) AND (id <= 7395246))

table 2 : explain SELECT SUM(k) FROM sbtest2 WHERE id BETWEEN 7405851 AND 7406850
	Aggregate  (cost=3874.95..3874.96 rows=1 width=8)
	  ->  Bitmap Heap Scan on sbtest2  (cost=22.72..3872.45 rows=1003 width=4)
	        Recheck Cond: ((id >= 7405851) AND (id <= 7406850))
	        ->  Bitmap Index Scan on sbtest2_pkey  (cost=0.00..22.46 rows=1003 width=0)
	              Index Cond: ((id >= 7405851) AND (id <= 7406850))

table 3 : explain SELECT SUM(k) FROM sbtest3 WHERE id BETWEEN 1590862 AND 1591861
	Aggregate  (cost=3860.00..3860.01 rows=1 width=8)
	  ->  Bitmap Heap Scan on sbtest3  (cost=22.67..3857.50 rows=999 width=4)
	        Recheck Cond: ((id >= 1590862) AND (id <= 1591861))
	        ->  Bitmap Index Scan on sbtest3_pkey  (cost=0.00..22.43 rows=999 width=0)
	              Index Cond: ((id >= 1590862) AND (id <= 1591861))

table 4 : explain SELECT SUM(k) FROM sbtest4 WHERE id BETWEEN 7734624 AND 7735623
	Aggregate  (cost=3623.27..3623.28 rows=1 width=8)
	  ->  Bitmap Heap Scan on sbtest4  (cost=22.03..3620.93 rows=936 width=4)
	        Recheck Cond: ((id >= 7734624) AND (id <= 7735623))
	        ->  Bitmap Index Scan on sbtest4_pkey  (cost=0.00..21.79 rows=936 width=0)
	              Index Cond: ((id >= 7734624) AND (id <= 7735623))

table 5 : explain SELECT SUM(k) FROM sbtest5 WHERE id BETWEEN 5823327 AND 5824326
	Aggregate  (cost=3849.86..3849.87 rows=1 width=8)
	  ->  Bitmap Heap Scan on sbtest5  (cost=22.64..3847.37 rows=996 width=4)
	        Recheck Cond: ((id >= 5823327) AND (id <= 5824326))
	        ->  Bitmap Index Scan on sbtest5_pkey  (cost=0.00..22.39 rows=996 width=0)
	              Index Cond: ((id >= 5823327) AND (id <= 5824326))

table 6 : explain SELECT SUM(k) FROM sbtest6 WHERE id BETWEEN 9446657 AND 9447656
	Aggregate  (cost=3872.50..3872.51 rows=1 width=8)
	  ->  Bitmap Heap Scan on sbtest6  (cost=22.71..3870.00 rows=1002 width=4)
	        Recheck Cond: ((id >= 9446657) AND (id <= 9447656))
	        ->  Bitmap Index Scan on sbtest6_pkey  (cost=0.00..22.45 rows=1002 width=0)
	              Index Cond: ((id >= 9446657) AND (id <= 9447656))

table 7 : explain SELECT SUM(k) FROM sbtest7 WHERE id BETWEEN 3477168 AND 3478167
	Aggregate  (cost=3597.95..3597.96 rows=1 width=8)
	  ->  Bitmap Heap Scan on sbtest7  (cost=21.96..3595.63 rows=929 width=4)
	        Recheck Cond: ((id >= 3477168) AND (id <= 3478167))
	        ->  Bitmap Index Scan on sbtest7_pkey  (cost=0.00..21.72 rows=929 width=0)
	              Index Cond: ((id >= 3477168) AND (id <= 3478167))

table 8 : explain SELECT SUM(k) FROM sbtest8 WHERE id BETWEEN 8259517 AND 8260516
	Aggregate  (cost=3836.08..3836.09 rows=1 width=8)
	  ->  Bitmap Heap Scan on sbtest8  (cost=26.59..3833.60 rows=991 width=4)
	        Recheck Cond: ((id >= 8259517) AND (id <= 8260516))
	        ->  Bitmap Index Scan on sbtest8_pkey  (cost=0.00..26.34 rows=991 width=0)
	              Index Cond: ((id >= 8259517) AND (id <= 8260516))

explain: for point_selects :: explain SELECT c FROM sbtest%u WHERE id=%u
for: order_ranges
table 1 : explain SELECT c FROM sbtest1 WHERE id BETWEEN 2064370 AND 2065369 ORDER BY c
	Sort  (cost=3772.16..3774.57 rows=964 width=121)
	  Sort Key: c
	  ->  Bitmap Heap Scan on sbtest1  (cost=22.32..3724.38 rows=964 width=121)
	        Recheck Cond: ((id >= 2064370) AND (id <= 2065369))
	        ->  Bitmap Index Scan on sbtest1_pkey  (cost=0.00..22.07 rows=964 width=0)
	              Index Cond: ((id >= 2064370) AND (id <= 2065369))

table 2 : explain SELECT c FROM sbtest2 WHERE id BETWEEN 4892062 AND 4893061 ORDER BY c
	Sort  (cost=4246.95..4249.67 rows=1088 width=121)
	  Sort Key: c
	  ->  Bitmap Heap Scan on sbtest2  (cost=23.59..4192.08 rows=1088 width=121)
	        Recheck Cond: ((id >= 4892062) AND (id <= 4893061))
	        ->  Bitmap Index Scan on sbtest2_pkey  (cost=0.00..23.32 rows=1088 width=0)
	              Index Cond: ((id >= 4892062) AND (id <= 4893061))

table 3 : explain SELECT c FROM sbtest3 WHERE id BETWEEN 3220400 AND 3221399 ORDER BY c
	Sort  (cost=3849.91..3852.37 rows=984 width=121)
	  Sort Key: c
	  ->  Bitmap Heap Scan on sbtest3  (cost=22.52..3800.99 rows=984 width=121)
	        Recheck Cond: ((id >= 3220400) AND (id <= 3221399))
	        ->  Bitmap Index Scan on sbtest3_pkey  (cost=0.00..22.27 rows=984 width=0)
	              Index Cond: ((id >= 3220400) AND (id <= 3221399))

table 4 : explain SELECT c FROM sbtest4 WHERE id BETWEEN 7422660 AND 7423659 ORDER BY c
	Sort  (cost=3904.52..3907.02 rows=998 width=121)
	  Sort Key: c
	  ->  Bitmap Heap Scan on sbtest4  (cost=22.66..3854.81 rows=998 width=121)
	        Recheck Cond: ((id >= 7422660) AND (id <= 7423659))
	        ->  Bitmap Index Scan on sbtest4_pkey  (cost=0.00..22.41 rows=998 width=0)
	              Index Cond: ((id >= 7422660) AND (id <= 7423659))

table 5 : explain SELECT c FROM sbtest5 WHERE id BETWEEN 6751566 AND 6752565 ORDER BY c
	Sort  (cost=3801.29..3803.72 rows=971 width=121)
	  Sort Key: c
	  ->  Bitmap Heap Scan on sbtest5  (cost=22.39..3753.11 rows=971 width=121)
	        Recheck Cond: ((id >= 6751566) AND (id <= 6752565))
	        ->  Bitmap Index Scan on sbtest5_pkey  (cost=0.00..22.14 rows=971 width=0)
	              Index Cond: ((id >= 6751566) AND (id <= 6752565))

table 6 : explain SELECT c FROM sbtest6 WHERE id BETWEEN 1223978 AND 1224977 ORDER BY c
	Sort  (cost=3808.96..3811.40 rows=973 width=121)
	  Sort Key: c
	  ->  Bitmap Heap Scan on sbtest6  (cost=22.41..3760.67 rows=973 width=121)
	        Recheck Cond: ((id >= 1223978) AND (id <= 1224977))
	        ->  Bitmap Index Scan on sbtest6_pkey  (cost=0.00..22.16 rows=973 width=0)
	              Index Cond: ((id >= 1223978) AND (id <= 1224977))

table 7 : explain SELECT c FROM sbtest7 WHERE id BETWEEN 5090799 AND 5091798 ORDER BY c
	Sort  (cost=3940.23..3942.75 rows=1007 width=121)
	  Sort Key: c
	  ->  Bitmap Heap Scan on sbtest7  (cost=22.76..3890.00 rows=1007 width=121)
	        Recheck Cond: ((id >= 5090799) AND (id <= 5091798))
	        ->  Bitmap Index Scan on sbtest7_pkey  (cost=0.00..22.50 rows=1007 width=0)
	              Index Cond: ((id >= 5090799) AND (id <= 5091798))

table 8 : explain SELECT c FROM sbtest8 WHERE id BETWEEN 4980782 AND 4981781 ORDER BY c
	Sort  (cost=3959.45..3961.98 rows=1011 width=121)
	  Sort Key: c
	  ->  Bitmap Heap Scan on sbtest8  (cost=26.80..3908.99 rows=1011 width=121)
	        Recheck Cond: ((id >= 4980782) AND (id <= 4981781))
	        ->  Bitmap Index Scan on sbtest8_pkey  (cost=0.00..26.54 rows=1011 width=0)
	              Index Cond: ((id >= 4980782) AND (id <= 4981781))

for: order_ranges
table 1 : explain SELECT c FROM sbtest1 WHERE id BETWEEN 8673747 AND 8674746 ORDER BY c
	Sort  (cost=3925.09..3927.60 rows=1004 width=121)
	  Sort Key: c
	  ->  Bitmap Heap Scan on sbtest1  (cost=22.73..3875.04 rows=1004 width=121)
	        Recheck Cond: ((id >= 8673747) AND (id <= 8674746))
	        ->  Bitmap Index Scan on sbtest1_pkey  (cost=0.00..22.47 rows=1004 width=0)
	              Index Cond: ((id >= 8673747) AND (id <= 8674746))

table 2 : explain SELECT c FROM sbtest2 WHERE id BETWEEN 4356521 AND 4357520 ORDER BY c
	Sort  (cost=3535.70..3537.96 rows=902 width=121)
	  Sort Key: c
	  ->  Bitmap Heap Scan on sbtest2  (cost=21.68..3491.43 rows=902 width=121)
	        Recheck Cond: ((id >= 4356521) AND (id <= 4357520))
	        ->  Bitmap Index Scan on sbtest2_pkey  (cost=0.00..21.45 rows=902 width=0)
	              Index Cond: ((id >= 4356521) AND (id <= 4357520))

table 3 : explain SELECT c FROM sbtest3 WHERE id BETWEEN 9383067 AND 9384066 ORDER BY c
	Sort  (cost=3811.65..3814.08 rows=974 width=121)
	  Sort Key: c
	  ->  Bitmap Heap Scan on sbtest3  (cost=22.42..3763.30 rows=974 width=121)
	        Recheck Cond: ((id >= 9383067) AND (id <= 9384066))
	        ->  Bitmap Index Scan on sbtest3_pkey  (cost=0.00..22.18 rows=974 width=0)
	              Index Cond: ((id >= 9383067) AND (id <= 9384066))

table 4 : explain SELECT c FROM sbtest4 WHERE id BETWEEN 2883360 AND 2884359 ORDER BY c
	Sort  (cost=3881.57..3884.05 rows=992 width=121)
	  Sort Key: c
	  ->  Bitmap Heap Scan on sbtest4  (cost=22.60..3832.19 rows=992 width=121)
	        Recheck Cond: ((id >= 2883360) AND (id <= 2884359))
	        ->  Bitmap Index Scan on sbtest4_pkey  (cost=0.00..22.36 rows=992 width=0)
	              Index Cond: ((id >= 2883360) AND (id <= 2884359))

table 5 : explain SELECT c FROM sbtest5 WHERE id BETWEEN 7647145 AND 7648144 ORDER BY c
	Sort  (cost=4023.15..4025.72 rows=1029 width=121)
	  Sort Key: c
	  ->  Bitmap Heap Scan on sbtest5  (cost=22.98..3971.66 rows=1029 width=121)
	        Recheck Cond: ((id >= 7647145) AND (id <= 7648144))
	        ->  Bitmap Index Scan on sbtest5_pkey  (cost=0.00..22.72 rows=1029 width=0)
	              Index Cond: ((id >= 7647145) AND (id <= 7648144))

table 6 : explain SELECT c FROM sbtest6 WHERE id BETWEEN 6739964 AND 6740963 ORDER BY c
	Sort  (cost=3682.56..3684.91 rows=940 width=121)
	  Sort Key: c
	  ->  Bitmap Heap Scan on sbtest6  (cost=22.07..3636.14 rows=940 width=121)
	        Recheck Cond: ((id >= 6739964) AND (id <= 6740963))
	        ->  Bitmap Index Scan on sbtest6_pkey  (cost=0.00..21.83 rows=940 width=0)
	              Index Cond: ((id >= 6739964) AND (id <= 6740963))

table 7 : explain SELECT c FROM sbtest7 WHERE id BETWEEN 35498 AND 36497 ORDER BY c
	Sort  (cost=3637.59..3639.91 rows=928 width=121)
	  Sort Key: c
	  ->  Bitmap Heap Scan on sbtest7  (cost=21.95..3591.85 rows=928 width=121)
	        Recheck Cond: ((id >= 35498) AND (id <= 36497))
	        ->  Bitmap Index Scan on sbtest7_pkey  (cost=0.00..21.71 rows=928 width=0)
	              Index Cond: ((id >= 35498) AND (id <= 36497))

table 8 : explain SELECT c FROM sbtest8 WHERE id BETWEEN 1840507 AND 1841506 ORDER BY c
	Sort  (cost=3967.10..3969.63 rows=1013 width=121)
	  Sort Key: c
	  ->  Bitmap Heap Scan on sbtest8  (cost=26.82..3916.53 rows=1013 width=121)
	        Recheck Cond: ((id >= 1840507) AND (id <= 1841506))
	        ->  Bitmap Index Scan on sbtest8_pkey  (cost=0.00..26.57 rows=1013 width=0)
	              Index Cond: ((id >= 1840507) AND (id <= 1841506))

for point_selects
table 1 : explain SELECT c FROM sbtest1 WHERE id=7538759
	Index Scan using sbtest1_pkey on sbtest1  (cost=0.43..8.45 rows=1 width=121)
	  Index Cond: (id = 7538759)

table 2 : explain SELECT c FROM sbtest2 WHERE id=1123299
	Index Scan using sbtest2_pkey on sbtest2  (cost=0.43..8.45 rows=1 width=121)
	  Index Cond: (id = 1123299)

table 3 : explain SELECT c FROM sbtest3 WHERE id=7875528
	Index Scan using sbtest3_pkey on sbtest3  (cost=0.43..8.45 rows=1 width=121)
	  Index Cond: (id = 7875528)

table 4 : explain SELECT c FROM sbtest4 WHERE id=4006082
	Index Scan using sbtest4_pkey on sbtest4  (cost=0.43..8.45 rows=1 width=121)
	  Index Cond: (id = 4006082)

table 5 : explain SELECT c FROM sbtest5 WHERE id=4325491
	Index Scan using sbtest5_pkey on sbtest5  (cost=0.43..8.45 rows=1 width=121)
	  Index Cond: (id = 4325491)

table 6 : explain SELECT c FROM sbtest6 WHERE id=5484299
	Index Scan using sbtest6_pkey on sbtest6  (cost=0.43..8.45 rows=1 width=121)
	  Index Cond: (id = 5484299)

table 7 : explain SELECT c FROM sbtest7 WHERE id=5840677
	Index Scan using sbtest7_pkey on sbtest7  (cost=0.43..8.45 rows=1 width=121)
	  Index Cond: (id = 5840677)

table 8 : explain SELECT c FROM sbtest8 WHERE id=9372729
	Index Scan using sbtest8_pkey on sbtest8  (cost=0.43..8.45 rows=1 width=121)
	  Index Cond: (id = 9372729)

for: simple_ranges
table 1 : explain SELECT c FROM sbtest1 WHERE id BETWEEN 5205636 AND 5206635
	Bitmap Heap Scan on sbtest1  (cost=21.52..3429.97 rows=886 width=121)
	  Recheck Cond: ((id >= 5205636) AND (id <= 5206635))
	  ->  Bitmap Index Scan on sbtest1_pkey  (cost=0.00..21.29 rows=886 width=0)
	        Index Cond: ((id >= 5205636) AND (id <= 5206635))

table 2 : explain SELECT c FROM sbtest2 WHERE id BETWEEN 1098581 AND 1099580
	Bitmap Heap Scan on sbtest2  (cost=22.71..3868.68 rows=1002 width=121)
	  Recheck Cond: ((id >= 1098581) AND (id <= 1099580))
	  ->  Bitmap Index Scan on sbtest2_pkey  (cost=0.00..22.45 rows=1002 width=0)
	        Index Cond: ((id >= 1098581) AND (id <= 1099580))

table 3 : explain SELECT c FROM sbtest3 WHERE id BETWEEN 7002577 AND 7003576
	Bitmap Heap Scan on sbtest3  (cost=22.04..3623.73 rows=937 width=121)
	  Recheck Cond: ((id >= 7002577) AND (id <= 7003576))
	  ->  Bitmap Index Scan on sbtest3_pkey  (cost=0.00..21.80 rows=937 width=0)
	        Index Cond: ((id >= 7002577) AND (id <= 7003576))

table 4 : explain SELECT c FROM sbtest4 WHERE id BETWEEN 6449958 AND 6450957
	Bitmap Heap Scan on sbtest4  (cost=27.57..4189.92 rows=1086 width=121)
	  Recheck Cond: ((id >= 6449958) AND (id <= 6450957))
	  ->  Bitmap Index Scan on sbtest4_pkey  (cost=0.00..27.29 rows=1086 width=0)
	        Index Cond: ((id >= 6449958) AND (id <= 6450957))

table 5 : explain SELECT c FROM sbtest5 WHERE id BETWEEN 743805 AND 744804
	Bitmap Heap Scan on sbtest5  (cost=28.37..4479.01 rows=1164 width=121)
	  Recheck Cond: ((id >= 743805) AND (id <= 744804))
	  ->  Bitmap Index Scan on sbtest5_pkey  (cost=0.00..28.07 rows=1164 width=0)
	        Index Cond: ((id >= 743805) AND (id <= 744804))

table 6 : explain SELECT c FROM sbtest6 WHERE id BETWEEN 1016004 AND 1017003
	Bitmap Heap Scan on sbtest6  (cost=22.46..3779.53 rows=978 width=121)
	  Recheck Cond: ((id >= 1016004) AND (id <= 1017003))
	  ->  Bitmap Index Scan on sbtest6_pkey  (cost=0.00..22.21 rows=978 width=0)
	        Index Cond: ((id >= 1016004) AND (id <= 1017003))

table 7 : explain SELECT c FROM sbtest7 WHERE id BETWEEN 7881985 AND 7882984
	Bitmap Heap Scan on sbtest7  (cost=22.66..3856.08 rows=998 width=121)
	  Recheck Cond: ((id >= 7881985) AND (id <= 7882984))
	  ->  Bitmap Index Scan on sbtest7_pkey  (cost=0.00..22.41 rows=998 width=0)
	        Index Cond: ((id >= 7881985) AND (id <= 7882984))

table 8 : explain SELECT c FROM sbtest8 WHERE id BETWEEN 3746699 AND 3747698
	Bitmap Heap Scan on sbtest8  (cost=27.62..4210.06 rows=1091 width=121)
	  Recheck Cond: ((id >= 3746699) AND (id <= 3747698))
	  ->  Bitmap Index Scan on sbtest8_pkey  (cost=0.00..27.34 rows=1091 width=0)
	        Index Cond: ((id >= 3746699) AND (id <= 3747698))

for: distinct_ranges
table 1 : explain SELECT DISTINCT c FROM sbtest1 WHERE id BETWEEN 9040580 AND 9041579 ORDER BY c
	Unique  (cost=4257.14..4262.60 rows=1092 width=121)
	  ->  Sort  (cost=4257.14..4259.87 rows=1092 width=121)
	        Sort Key: c
	        ->  Bitmap Heap Scan on sbtest1  (cost=23.63..4202.04 rows=1092 width=121)
	              Recheck Cond: ((id >= 9040580) AND (id <= 9041579))
	              ->  Bitmap Index Scan on sbtest1_pkey  (cost=0.00..23.36 rows=1092 width=0)
	                    Index Cond: ((id >= 9040580) AND (id <= 9041579))

table 2 : explain SELECT DISTINCT c FROM sbtest2 WHERE id BETWEEN 2933006 AND 2934005 ORDER BY c
	Unique  (cost=4143.97..4149.27 rows=1061 width=121)
	  ->  Sort  (cost=4143.97..4146.62 rows=1061 width=121)
	        Sort Key: c
	        ->  Bitmap Heap Scan on sbtest2  (cost=23.31..4090.65 rows=1061 width=121)
	              Recheck Cond: ((id >= 2933006) AND (id <= 2934005))
	              ->  Bitmap Index Scan on sbtest2_pkey  (cost=0.00..23.04 rows=1061 width=0)
	                    Index Cond: ((id >= 2933006) AND (id <= 2934005))

table 3 : explain SELECT DISTINCT c FROM sbtest3 WHERE id BETWEEN 9244031 AND 9245030 ORDER BY c
	Unique  (cost=4014.28..4019.42 rows=1027 width=121)
	  ->  Sort  (cost=4014.28..4016.85 rows=1027 width=121)
	        Sort Key: c
	        ->  Bitmap Heap Scan on sbtest3  (cost=22.96..3962.91 rows=1027 width=121)
	              Recheck Cond: ((id >= 9244031) AND (id <= 9245030))
	              ->  Bitmap Index Scan on sbtest3_pkey  (cost=0.00..22.70 rows=1027 width=0)
	                    Index Cond: ((id >= 9244031) AND (id <= 9245030))

table 4 : explain SELECT DISTINCT c FROM sbtest4 WHERE id BETWEEN 5588373 AND 5589372 ORDER BY c
	Unique  (cost=3977.18..3982.26 rows=1017 width=121)
	  ->  Sort  (cost=3977.18..3979.72 rows=1017 width=121)
	        Sort Key: c
	        ->  Bitmap Heap Scan on sbtest4  (cost=22.86..3926.38 rows=1017 width=121)
	              Recheck Cond: ((id >= 5588373) AND (id <= 5589372))
	              ->  Bitmap Index Scan on sbtest4_pkey  (cost=0.00..22.61 rows=1017 width=0)
	                    Index Cond: ((id >= 5588373) AND (id <= 5589372))

table 5 : explain SELECT DISTINCT c FROM sbtest5 WHERE id BETWEEN 7843204 AND 7844203 ORDER BY c
	Unique  (cost=3594.36..3598.94 rows=917 width=121)
	  ->  Sort  (cost=3594.36..3596.65 rows=917 width=121)
	        Sort Key: c
	        ->  Bitmap Heap Scan on sbtest5  (cost=21.83..3549.24 rows=917 width=121)
	              Recheck Cond: ((id >= 7843204) AND (id <= 7844203))
	              ->  Bitmap Index Scan on sbtest5_pkey  (cost=0.00..21.61 rows=917 width=0)
	                    Index Cond: ((id >= 7843204) AND (id <= 7844203))

table 6 : explain SELECT DISTINCT c FROM sbtest6 WHERE id BETWEEN 812975 AND 813974 ORDER BY c
	Unique  (cost=4302.02..4307.53 rows=1101 width=121)
	  ->  Sort  (cost=4302.02..4304.78 rows=1101 width=121)
	        Sort Key: c
	        ->  Bitmap Heap Scan on sbtest6  (cost=27.72..4246.40 rows=1101 width=121)
	              Recheck Cond: ((id >= 812975) AND (id <= 813974))
	              ->  Bitmap Index Scan on sbtest6_pkey  (cost=0.00..27.44 rows=1101 width=0)
	                    Index Cond: ((id >= 812975) AND (id <= 813974))

table 7 : explain SELECT DISTINCT c FROM sbtest7 WHERE id BETWEEN 248926 AND 249925 ORDER BY c
	Unique  (cost=4353.03..4358.61 rows=1115 width=121)
	  ->  Sort  (cost=4353.03..4355.82 rows=1115 width=121)
	        Sort Key: c
	        ->  Bitmap Heap Scan on sbtest7  (cost=27.86..4296.60 rows=1115 width=121)
	              Recheck Cond: ((id >= 248926) AND (id <= 249925))
	              ->  Bitmap Index Scan on sbtest7_pkey  (cost=0.00..27.58 rows=1115 width=0)
	                    Index Cond: ((id >= 248926) AND (id <= 249925))

table 8 : explain SELECT DISTINCT c FROM sbtest8 WHERE id BETWEEN 9428271 AND 9429270 ORDER BY c
	Unique  (cost=3970.93..3976.00 rows=1014 width=121)
	  ->  Sort  (cost=3970.93..3973.46 rows=1014 width=121)
	        Sort Key: c
	        ->  Bitmap Heap Scan on sbtest8  (cost=26.83..3920.30 rows=1014 width=121)
	              Recheck Cond: ((id >= 9428271) AND (id <= 9429270))
	              ->  Bitmap Index Scan on sbtest8_pkey  (cost=0.00..26.57 rows=1014 width=0)
	                    Index Cond: ((id >= 9428271) AND (id <= 9429270))

for: order_ranges
table 1 : explain SELECT c FROM sbtest1 WHERE id BETWEEN 3737844 AND 3738843 ORDER BY c
	Sort  (cost=3963.30..3965.83 rows=1014 width=121)
	  Sort Key: c
	  ->  Bitmap Heap Scan on sbtest1  (cost=22.83..3912.67 rows=1014 width=121)
	        Recheck Cond: ((id >= 3737844) AND (id <= 3738843))
	        ->  Bitmap Index Scan on sbtest1_pkey  (cost=0.00..22.57 rows=1014 width=0)
	              Index Cond: ((id >= 3737844) AND (id <= 3738843))

table 2 : explain SELECT c FROM sbtest2 WHERE id BETWEEN 3255056 AND 3256055 ORDER BY c
	Sort  (cost=3930.09..3932.60 rows=1005 width=121)
	  Sort Key: c
	  ->  Bitmap Heap Scan on sbtest2  (cost=22.74..3879.98 rows=1005 width=121)
	        Recheck Cond: ((id >= 3255056) AND (id <= 3256055))
	        ->  Bitmap Index Scan on sbtest2_pkey  (cost=0.00..22.48 rows=1005 width=0)
	              Index Cond: ((id >= 3255056) AND (id <= 3256055))

table 3 : explain SELECT c FROM sbtest3 WHERE id BETWEEN 1896995 AND 1897994 ORDER BY c
	Sort  (cost=4300.73..4303.48 rows=1102 width=121)
	  Sort Key: c
	  ->  Bitmap Heap Scan on sbtest3  (cost=27.73..4245.04 rows=1102 width=121)
	        Recheck Cond: ((id >= 1896995) AND (id <= 1897994))
	        ->  Bitmap Index Scan on sbtest3_pkey  (cost=0.00..27.45 rows=1102 width=0)
	              Index Cond: ((id >= 1896995) AND (id <= 1897994))

table 4 : explain SELECT c FROM sbtest4 WHERE id BETWEEN 5045452 AND 5046451 ORDER BY c
	Sort  (cost=4091.81..4094.43 rows=1047 width=121)
	  Sort Key: c
	  ->  Bitmap Heap Scan on sbtest4  (cost=23.17..4039.30 rows=1047 width=121)
	        Recheck Cond: ((id >= 5045452) AND (id <= 5046451))
	        ->  Bitmap Index Scan on sbtest4_pkey  (cost=0.00..22.90 rows=1047 width=0)
	              Index Cond: ((id >= 5045452) AND (id <= 5046451))

table 5 : explain SELECT c FROM sbtest5 WHERE id BETWEEN 588955 AND 589954 ORDER BY c
	Sort  (cost=3889.32..3891.80 rows=994 width=121)
	  Sort Key: c
	  ->  Bitmap Heap Scan on sbtest5  (cost=22.62..3839.83 rows=994 width=121)
	        Recheck Cond: ((id >= 588955) AND (id <= 589954))
	        ->  Bitmap Index Scan on sbtest5_pkey  (cost=0.00..22.37 rows=994 width=0)
	              Index Cond: ((id >= 588955) AND (id <= 589954))

table 6 : explain SELECT c FROM sbtest6 WHERE id BETWEEN 2381799 AND 2382798 ORDER BY c
	Sort  (cost=4244.81..4247.53 rows=1086 width=121)
	  Sort Key: c
	  ->  Bitmap Heap Scan on sbtest6  (cost=27.57..4190.05 rows=1086 width=121)
	        Recheck Cond: ((id >= 2381799) AND (id <= 2382798))
	        ->  Bitmap Index Scan on sbtest6_pkey  (cost=0.00..27.29 rows=1086 width=0)
	              Index Cond: ((id >= 2381799) AND (id <= 2382798))

table 7 : explain SELECT c FROM sbtest7 WHERE id BETWEEN 6327690 AND 6328689 ORDER BY c
	Sort  (cost=3760.27..3762.67 rows=960 width=121)
	  Sort Key: c
	  ->  Bitmap Heap Scan on sbtest7  (cost=22.27..3712.72 rows=960 width=121)
	        Recheck Cond: ((id >= 6327690) AND (id <= 6328689))
	        ->  Bitmap Index Scan on sbtest7_pkey  (cost=0.00..22.04 rows=960 width=0)
	              Index Cond: ((id >= 6327690) AND (id <= 6328689))

table 8 : explain SELECT c FROM sbtest8 WHERE id BETWEEN 5490870 AND 5491869 ORDER BY c
	Sort  (cost=4284.19..4286.93 rows=1096 width=121)
	  Sort Key: c
	  ->  Bitmap Heap Scan on sbtest8  (cost=27.67..4228.85 rows=1096 width=121)
	        Recheck Cond: ((id >= 5490870) AND (id <= 5491869))
	        ->  Bitmap Index Scan on sbtest8_pkey  (cost=0.00..27.39 rows=1096 width=0)
	              Index Cond: ((id >= 5490870) AND (id <= 5491869))

for: distinct_ranges
table 1 : explain SELECT DISTINCT c FROM sbtest1 WHERE id BETWEEN 8576581 AND 8577580 ORDER BY c
	Unique  (cost=3990.03..3995.14 rows=1021 width=121)
	  ->  Sort  (cost=3990.03..3992.59 rows=1021 width=121)
	        Sort Key: c
	        ->  Bitmap Heap Scan on sbtest1  (cost=22.90..3939.01 rows=1021 width=121)
	              Recheck Cond: ((id >= 8576581) AND (id <= 8577580))
	              ->  Bitmap Index Scan on sbtest1_pkey  (cost=0.00..22.64 rows=1021 width=0)
	                    Index Cond: ((id >= 8576581) AND (id <= 8577580))

table 2 : explain SELECT DISTINCT c FROM sbtest2 WHERE id BETWEEN 5347887 AND 5348886 ORDER BY c
	Unique  (cost=3780.92..3785.75 rows=966 width=121)
	  ->  Sort  (cost=3780.92..3783.33 rows=966 width=121)
	        Sort Key: c
	        ->  Bitmap Heap Scan on sbtest2  (cost=22.34..3733.02 rows=966 width=121)
	              Recheck Cond: ((id >= 5347887) AND (id <= 5348886))
	              ->  Bitmap Index Scan on sbtest2_pkey  (cost=0.00..22.09 rows=966 width=0)
	                    Index Cond: ((id >= 5347887) AND (id <= 5348886))

table 3 : explain SELECT DISTINCT c FROM sbtest3 WHERE id BETWEEN 1730620 AND 1731619 ORDER BY c
	Unique  (cost=3888.15..3893.12 rows=994 width=121)
	  ->  Sort  (cost=3888.15..3890.64 rows=994 width=121)
	        Sort Key: c
	        ->  Bitmap Heap Scan on sbtest3  (cost=22.62..3838.67 rows=994 width=121)
	              Recheck Cond: ((id >= 1730620) AND (id <= 1731619))
	              ->  Bitmap Index Scan on sbtest3_pkey  (cost=0.00..22.37 rows=994 width=0)
	                    Index Cond: ((id >= 1730620) AND (id <= 1731619))

table 4 : explain SELECT DISTINCT c FROM sbtest4 WHERE id BETWEEN 483439 AND 484438 ORDER BY c
	Unique  (cost=3942.77..3947.81 rows=1008 width=121)
	  ->  Sort  (cost=3942.77..3945.29 rows=1008 width=121)
	        Sort Key: c
	        ->  Bitmap Heap Scan on sbtest4  (cost=22.77..3892.48 rows=1008 width=121)
	              Recheck Cond: ((id >= 483439) AND (id <= 484438))
	              ->  Bitmap Index Scan on sbtest4_pkey  (cost=0.00..22.51 rows=1008 width=0)
	                    Index Cond: ((id >= 483439) AND (id <= 484438))

table 5 : explain SELECT DISTINCT c FROM sbtest5 WHERE id BETWEEN 2023358 AND 2024357 ORDER BY c
	Unique  (cost=3839.57..3844.48 rows=981 width=121)
	  ->  Sort  (cost=3839.57..3842.02 rows=981 width=121)
	        Sort Key: c
	        ->  Bitmap Heap Scan on sbtest5  (cost=22.49..3790.82 rows=981 width=121)
	              Recheck Cond: ((id >= 2023358) AND (id <= 2024357))
	              ->  Bitmap Index Scan on sbtest5_pkey  (cost=0.00..22.25 rows=981 width=0)
	                    Index Cond: ((id >= 2023358) AND (id <= 2024357))

table 6 : explain SELECT DISTINCT c FROM sbtest6 WHERE id BETWEEN 9734389 AND 9735388 ORDER BY c
	Unique  (cost=4115.04..4120.30 rows=1052 width=121)
	  ->  Sort  (cost=4115.04..4117.67 rows=1052 width=121)
	        Sort Key: c
	        ->  Bitmap Heap Scan on sbtest6  (cost=27.22..4062.23 rows=1052 width=121)
	              Recheck Cond: ((id >= 9734389) AND (id <= 9735388))
	              ->  Bitmap Index Scan on sbtest6_pkey  (cost=0.00..26.95 rows=1052 width=0)
	                    Index Cond: ((id >= 9734389) AND (id <= 9735388))

table 7 : explain SELECT DISTINCT c FROM sbtest7 WHERE id BETWEEN 2315536 AND 2316535 ORDER BY c
	Unique  (cost=3633.76..3638.39 rows=927 width=121)
	  ->  Sort  (cost=3633.76..3636.07 rows=927 width=121)
	        Sort Key: c
	        ->  Bitmap Heap Scan on sbtest7  (cost=21.94..3588.07 rows=927 width=121)
	              Recheck Cond: ((id >= 2315536) AND (id <= 2316535))
	              ->  Bitmap Index Scan on sbtest7_pkey  (cost=0.00..21.70 rows=927 width=0)
	                    Index Cond: ((id >= 2315536) AND (id <= 2316535))

table 8 : explain SELECT DISTINCT c FROM sbtest8 WHERE id BETWEEN 7248671 AND 7249670 ORDER BY c
	Unique  (cost=3993.88..3998.98 rows=1020 width=121)
	  ->  Sort  (cost=3993.88..3996.43 rows=1020 width=121)
	        Sort Key: c
	        ->  Bitmap Heap Scan on sbtest8  (cost=26.89..3942.90 rows=1020 width=121)
	              Recheck Cond: ((id >= 7248671) AND (id <= 7249670))
	              ->  Bitmap Index Scan on sbtest8_pkey  (cost=0.00..26.64 rows=1020 width=0)
	                    Index Cond: ((id >= 7248671) AND (id <= 7249670))

for: simple_ranges
table 1 : explain SELECT c FROM sbtest1 WHERE id BETWEEN 2755553 AND 2756552
	Bitmap Heap Scan on sbtest1  (cost=23.21..4051.80 rows=1051 width=121)
	  Recheck Cond: ((id >= 2755553) AND (id <= 2756552))
	  ->  Bitmap Index Scan on sbtest1_pkey  (cost=0.00..22.94 rows=1051 width=0)
	        Index Cond: ((id >= 2755553) AND (id <= 2756552))

table 2 : explain SELECT c FROM sbtest2 WHERE id BETWEEN 1250261 AND 1251260
	Bitmap Heap Scan on sbtest2  (cost=23.33..4098.16 rows=1063 width=121)
	  Recheck Cond: ((id >= 1250261) AND (id <= 1251260))
	  ->  Bitmap Index Scan on sbtest2_pkey  (cost=0.00..23.07 rows=1063 width=0)
	        Index Cond: ((id >= 1250261) AND (id <= 1251260))

table 3 : explain SELECT c FROM sbtest3 WHERE id BETWEEN 3891750 AND 3892749
	Bitmap Heap Scan on sbtest3  (cost=21.93..3582.20 rows=926 width=121)
	  Recheck Cond: ((id >= 3891750) AND (id <= 3892749))
	  ->  Bitmap Index Scan on sbtest3_pkey  (cost=0.00..21.69 rows=926 width=0)
	        Index Cond: ((id >= 3891750) AND (id <= 3892749))

table 4 : explain SELECT c FROM sbtest4 WHERE id BETWEEN 2717045 AND 2718044
	Bitmap Heap Scan on sbtest4  (cost=27.38..4122.27 rows=1068 width=121)
	  Recheck Cond: ((id >= 2717045) AND (id <= 2718044))
	  ->  Bitmap Index Scan on sbtest4_pkey  (cost=0.00..27.11 rows=1068 width=0)
	        Index Cond: ((id >= 2717045) AND (id <= 2718044))

table 5 : explain SELECT c FROM sbtest5 WHERE id BETWEEN 925998 AND 926997
	Bitmap Heap Scan on sbtest5  (cost=21.75..3519.00 rows=909 width=121)
	  Recheck Cond: ((id >= 925998) AND (id <= 926997))
	  ->  Bitmap Index Scan on sbtest5_pkey  (cost=0.00..21.52 rows=909 width=0)
	        Index Cond: ((id >= 925998) AND (id <= 926997))

table 6 : explain SELECT c FROM sbtest6 WHERE id BETWEEN 6940297 AND 6941296
	Bitmap Heap Scan on sbtest6  (cost=22.94..3956.62 rows=1025 width=121)
	  Recheck Cond: ((id >= 6940297) AND (id <= 6941296))
	  ->  Bitmap Index Scan on sbtest6_pkey  (cost=0.00..22.68 rows=1025 width=0)
	        Index Cond: ((id >= 6940297) AND (id <= 6941296))

table 7 : explain SELECT c FROM sbtest7 WHERE id BETWEEN 6415330 AND 6416329
	Bitmap Heap Scan on sbtest7  (cost=21.82..3546.49 rows=916 width=121)
	  Recheck Cond: ((id >= 6415330) AND (id <= 6416329))
	  ->  Bitmap Index Scan on sbtest7_pkey  (cost=0.00..21.59 rows=916 width=0)
	        Index Cond: ((id >= 6415330) AND (id <= 6416329))

table 8 : explain SELECT c FROM sbtest8 WHERE id BETWEEN 2438026 AND 2439025
	Bitmap Heap Scan on sbtest8  (cost=22.23..3697.54 rows=956 width=121)
	  Recheck Cond: ((id >= 2438026) AND (id <= 2439025))
	  ->  Bitmap Index Scan on sbtest8_pkey  (cost=0.00..22.00 rows=956 width=0)
	        Index Cond: ((id >= 2438026) AND (id <= 2439025))

for point_selects
table 1 : explain SELECT c FROM sbtest1 WHERE id=5910422
	Index Scan using sbtest1_pkey on sbtest1  (cost=0.43..8.45 rows=1 width=121)
	  Index Cond: (id = 5910422)

table 2 : explain SELECT c FROM sbtest2 WHERE id=4911829
	Index Scan using sbtest2_pkey on sbtest2  (cost=0.43..8.45 rows=1 width=121)
	  Index Cond: (id = 4911829)

table 3 : explain SELECT c FROM sbtest3 WHERE id=814285
	Index Scan using sbtest3_pkey on sbtest3  (cost=0.43..8.45 rows=1 width=121)
	  Index Cond: (id = 814285)

table 4 : explain SELECT c FROM sbtest4 WHERE id=294728
	Index Scan using sbtest4_pkey on sbtest4  (cost=0.43..8.45 rows=1 width=121)
	  Index Cond: (id = 294728)

table 5 : explain SELECT c FROM sbtest5 WHERE id=8651924
	Index Scan using sbtest5_pkey on sbtest5  (cost=0.43..8.45 rows=1 width=121)
	  Index Cond: (id = 8651924)

table 6 : explain SELECT c FROM sbtest6 WHERE id=4469826
	Index Scan using sbtest6_pkey on sbtest6  (cost=0.43..8.45 rows=1 width=121)
	  Index Cond: (id = 4469826)

table 7 : explain SELECT c FROM sbtest7 WHERE id=4802292
	Index Scan using sbtest7_pkey on sbtest7  (cost=0.43..8.45 rows=1 width=121)
	  Index Cond: (id = 4802292)

table 8 : explain SELECT c FROM sbtest8 WHERE id=437266
	Index Scan using sbtest8_pkey on sbtest8  (cost=0.43..8.45 rows=1 width=121)
	  Index Cond: (id = 437266)

explain: for point_selects :: explain SELECT c FROM sbtest%u WHERE id=%u
for: distinct_ranges
table 1 : explain SELECT DISTINCT c FROM sbtest1 WHERE id BETWEEN 9960107 AND 9961106 ORDER BY c
	Unique  (cost=4062.57..4067.77 rows=1040 width=121)
	  ->  Sort  (cost=4062.57..4065.17 rows=1040 width=121)
	        Sort Key: c
	        ->  Bitmap Heap Scan on sbtest1  (cost=23.09..4010.45 rows=1040 width=121)
	              Recheck Cond: ((id >= 9960107) AND (id <= 9961106))
	              ->  Bitmap Index Scan on sbtest1_pkey  (cost=0.00..22.83 rows=1040 width=0)
	                    Index Cond: ((id >= 9960107) AND (id <= 9961106))

table 2 : explain SELECT DISTINCT c FROM sbtest2 WHERE id BETWEEN 8719937 AND 8720936 ORDER BY c
	Unique  (cost=4312.02..4317.55 rows=1105 width=121)
	  ->  Sort  (cost=4312.02..4314.79 rows=1105 width=121)
	        Sort Key: c
	        ->  Bitmap Heap Scan on sbtest2  (cost=27.76..4256.17 rows=1105 width=121)
	              Recheck Cond: ((id >= 8719937) AND (id <= 8720936))
	              ->  Bitmap Index Scan on sbtest2_pkey  (cost=0.00..27.48 rows=1105 width=0)
	                    Index Cond: ((id >= 8719937) AND (id <= 8720936))

table 3 : explain SELECT DISTINCT c FROM sbtest3 WHERE id BETWEEN 1041755 AND 1042754 ORDER BY c
	Unique  (cost=3639.32..3643.97 rows=929 width=121)
	  ->  Sort  (cost=3639.32..3641.64 rows=929 width=121)
	        Sort Key: c
	        ->  Bitmap Heap Scan on sbtest3  (cost=21.96..3593.52 rows=929 width=121)
	              Recheck Cond: ((id >= 1041755) AND (id <= 1042754))
	              ->  Bitmap Index Scan on sbtest3_pkey  (cost=0.00..21.72 rows=929 width=0)
	                    Index Cond: ((id >= 1041755) AND (id <= 1042754))

table 4 : explain SELECT DISTINCT c FROM sbtest4 WHERE id BETWEEN 2476875 AND 2477874 ORDER BY c
	Unique  (cost=3858.61..3863.54 rows=986 width=121)
	  ->  Sort  (cost=3858.61..3861.07 rows=986 width=121)
	        Sort Key: c
	        ->  Bitmap Heap Scan on sbtest4  (cost=22.54..3809.58 rows=986 width=121)
	              Recheck Cond: ((id >= 2476875) AND (id <= 2477874))
	              ->  Bitmap Index Scan on sbtest4_pkey  (cost=0.00..22.29 rows=986 width=0)
	                    Index Cond: ((id >= 2476875) AND (id <= 2477874))

table 5 : explain SELECT DISTINCT c FROM sbtest5 WHERE id BETWEEN 8683407 AND 8684406 ORDER BY c
	Unique  (cost=3843.40..3848.31 rows=982 width=121)
	  ->  Sort  (cost=3843.40..3845.85 rows=982 width=121)
	        Sort Key: c
	        ->  Bitmap Heap Scan on sbtest5  (cost=22.50..3794.60 rows=982 width=121)
	              Recheck Cond: ((id >= 8683407) AND (id <= 8684406))
	              ->  Bitmap Index Scan on sbtest5_pkey  (cost=0.00..22.25 rows=982 width=0)
	                    Index Cond: ((id >= 8683407) AND (id <= 8684406))

table 6 : explain SELECT DISTINCT c FROM sbtest6 WHERE id BETWEEN 9875651 AND 9876650 ORDER BY c
	Unique  (cost=3824.28..3829.16 rows=977 width=121)
	  ->  Sort  (cost=3824.28..3826.72 rows=977 width=121)
	        Sort Key: c
	        ->  Bitmap Heap Scan on sbtest6  (cost=22.45..3775.76 rows=977 width=121)
	              Recheck Cond: ((id >= 9875651) AND (id <= 9876650))
	              ->  Bitmap Index Scan on sbtest6_pkey  (cost=0.00..22.20 rows=977 width=0)
	                    Index Cond: ((id >= 9875651) AND (id <= 9876650))

table 7 : explain SELECT DISTINCT c FROM sbtest7 WHERE id BETWEEN 9040542 AND 9041541 ORDER BY c
	Unique  (cost=4345.32..4350.88 rows=1112 width=121)
	  ->  Sort  (cost=4345.32..4348.10 rows=1112 width=121)
	        Sort Key: c
	        ->  Bitmap Heap Scan on sbtest7  (cost=27.83..4289.06 rows=1112 width=121)
	              Recheck Cond: ((id >= 9040542) AND (id <= 9041541))
	              ->  Bitmap Index Scan on sbtest7_pkey  (cost=0.00..27.55 rows=1112 width=0)
	                    Index Cond: ((id >= 9040542) AND (id <= 9041541))

table 8 : explain SELECT DISTINCT c FROM sbtest8 WHERE id BETWEEN 3438187 AND 3439186 ORDER BY c
	Unique  (cost=3990.05..3995.15 rows=1019 width=121)
	  ->  Sort  (cost=3990.05..3992.60 rows=1019 width=121)
	        Sort Key: c
	        ->  Bitmap Heap Scan on sbtest8  (cost=26.88..3939.14 rows=1019 width=121)
	              Recheck Cond: ((id >= 3438187) AND (id <= 3439186))
	              ->  Bitmap Index Scan on sbtest8_pkey  (cost=0.00..26.62 rows=1019 width=0)
	                    Index Cond: ((id >= 3438187) AND (id <= 3439186))

for: sum_ranges
table 1 : explain SELECT SUM(k) FROM sbtest1 WHERE id BETWEEN 3747518 AND 3748517
	Aggregate  (cost=3915.21..3915.22 rows=1 width=8)
	  ->  Bitmap Heap Scan on sbtest1  (cost=22.83..3912.67 rows=1014 width=4)
	        Recheck Cond: ((id >= 3747518) AND (id <= 3748517))
	        ->  Bitmap Index Scan on sbtest1_pkey  (cost=0.00..22.57 rows=1014 width=0)
	              Index Cond: ((id >= 3747518) AND (id <= 3748517))

table 2 : explain SELECT SUM(k) FROM sbtest2 WHERE id BETWEEN 68875 AND 69874
	Aggregate  (cost=3531.49..3531.50 rows=1 width=8)
	  ->  Bitmap Heap Scan on sbtest2  (cost=21.78..3529.21 rows=912 width=4)
	        Recheck Cond: ((id >= 68875) AND (id <= 69874))
	        ->  Bitmap Index Scan on sbtest2_pkey  (cost=0.00..21.55 rows=912 width=0)
	              Index Cond: ((id >= 68875) AND (id <= 69874))

table 3 : explain SELECT SUM(k) FROM sbtest3 WHERE id BETWEEN 2183278 AND 2184277
	Aggregate  (cost=4006.89..4006.90 rows=1 width=8)
	  ->  Bitmap Heap Scan on sbtest3  (cost=23.07..4004.30 rows=1038 width=4)
	        Recheck Cond: ((id >= 2183278) AND (id <= 2184277))
	        ->  Bitmap Index Scan on sbtest3_pkey  (cost=0.00..22.82 rows=1038 width=0)
	              Index Cond: ((id >= 2183278) AND (id <= 2184277))

table 4 : explain SELECT SUM(k) FROM sbtest4 WHERE id BETWEEN 2519822 AND 2520821
	Aggregate  (cost=3781.86..3781.87 rows=1 width=8)
	  ->  Bitmap Heap Scan on sbtest4  (cost=22.46..3779.42 rows=978 width=4)
	        Recheck Cond: ((id >= 2519822) AND (id <= 2520821))
	        ->  Bitmap Index Scan on sbtest4_pkey  (cost=0.00..22.21 rows=978 width=0)
	              Index Cond: ((id >= 2519822) AND (id <= 2520821))

table 5 : explain SELECT SUM(k) FROM sbtest5 WHERE id BETWEEN 6145413 AND 6146412
	Aggregate  (cost=4011.90..4011.91 rows=1 width=8)
	  ->  Bitmap Heap Scan on sbtest5  (cost=23.08..4009.30 rows=1039 width=4)
	        Recheck Cond: ((id >= 6145413) AND (id <= 6146412))
	        ->  Bitmap Index Scan on sbtest5_pkey  (cost=0.00..22.82 rows=1039 width=0)
	              Index Cond: ((id >= 6145413) AND (id <= 6146412))

table 6 : explain SELECT SUM(k) FROM sbtest6 WHERE id BETWEEN 8045933 AND 8046932
	Aggregate  (cost=3744.23..3744.24 rows=1 width=8)
	  ->  Bitmap Heap Scan on sbtest6  (cost=22.36..3741.81 rows=968 width=4)
	        Recheck Cond: ((id >= 8045933) AND (id <= 8046932))
	        ->  Bitmap Index Scan on sbtest6_pkey  (cost=0.00..22.11 rows=968 width=0)
	              Index Cond: ((id >= 8045933) AND (id <= 8046932))

table 7 : explain SELECT SUM(k) FROM sbtest7 WHERE id BETWEEN 687424 AND 688423
	Aggregate  (cost=3975.46..3975.47 rows=1 width=8)
	  ->  Bitmap Heap Scan on sbtest7  (cost=22.98..3972.89 rows=1029 width=4)
	        Recheck Cond: ((id >= 687424) AND (id <= 688423))
	        ->  Bitmap Index Scan on sbtest7_pkey  (cost=0.00..22.72 rows=1029 width=0)
	              Index Cond: ((id >= 687424) AND (id <= 688423))

table 8 : explain SELECT SUM(k) FROM sbtest8 WHERE id BETWEEN 1745401 AND 1746400
	Aggregate  (cost=4148.84..4148.85 rows=1 width=8)
	  ->  Bitmap Heap Scan on sbtest8  (cost=27.44..4146.15 rows=1074 width=4)
	        Recheck Cond: ((id >= 1745401) AND (id <= 1746400))
	        ->  Bitmap Index Scan on sbtest8_pkey  (cost=0.00..27.18 rows=1074 width=0)
	              Index Cond: ((id >= 1745401) AND (id <= 1746400))

for point_selects
table 1 : explain SELECT c FROM sbtest1 WHERE id=9360923
	Index Scan using sbtest1_pkey on sbtest1  (cost=0.43..8.45 rows=1 width=121)
	  Index Cond: (id = 9360923)

table 2 : explain SELECT c FROM sbtest2 WHERE id=1086437
	Index Scan using sbtest2_pkey on sbtest2  (cost=0.43..8.45 rows=1 width=121)
	  Index Cond: (id = 1086437)

table 3 : explain SELECT c FROM sbtest3 WHERE id=5753208
	Index Scan using sbtest3_pkey on sbtest3  (cost=0.43..8.45 rows=1 width=121)
	  Index Cond: (id = 5753208)

table 4 : explain SELECT c FROM sbtest4 WHERE id=8576781
	Index Scan using sbtest4_pkey on sbtest4  (cost=0.43..8.45 rows=1 width=121)
	  Index Cond: (id = 8576781)

table 5 : explain SELECT c FROM sbtest5 WHERE id=2595119
	Index Scan using sbtest5_pkey on sbtest5  (cost=0.43..8.45 rows=1 width=121)
	  Index Cond: (id = 2595119)

table 6 : explain SELECT c FROM sbtest6 WHERE id=8411138
	Index Scan using sbtest6_pkey on sbtest6  (cost=0.43..8.45 rows=1 width=121)
	  Index Cond: (id = 8411138)

table 7 : explain SELECT c FROM sbtest7 WHERE id=3070764
	Index Scan using sbtest7_pkey on sbtest7  (cost=0.43..8.45 rows=1 width=121)
	  Index Cond: (id = 3070764)

table 8 : explain SELECT c FROM sbtest8 WHERE id=1545346
	Index Scan using sbtest8_pkey on sbtest8  (cost=0.43..8.45 rows=1 width=121)
	  Index Cond: (id = 1545346)

for: simple_ranges
table 1 : explain SELECT c FROM sbtest1 WHERE id BETWEEN 8260602 AND 8261601
	Bitmap Heap Scan on sbtest1  (cost=22.21..3686.68 rows=954 width=121)
	  Recheck Cond: ((id >= 8260602) AND (id <= 8261601))
	  ->  Bitmap Index Scan on sbtest1_pkey  (cost=0.00..21.97 rows=954 width=0)
	        Index Cond: ((id >= 8260602) AND (id <= 8261601))

table 2 : explain SELECT c FROM sbtest2 WHERE id BETWEEN 2064021 AND 2065020
	Bitmap Heap Scan on sbtest2  (cost=21.82..3544.32 rows=916 width=121)
	  Recheck Cond: ((id >= 2064021) AND (id <= 2065020))
	  ->  Bitmap Index Scan on sbtest2_pkey  (cost=0.00..21.59 rows=916 width=0)
	        Index Cond: ((id >= 2064021) AND (id <= 2065020))

table 3 : explain SELECT c FROM sbtest3 WHERE id BETWEEN 6952438 AND 6953437
	Bitmap Heap Scan on sbtest3  (cost=22.04..3623.73 rows=937 width=121)
	  Recheck Cond: ((id >= 6952438) AND (id <= 6953437))
	  ->  Bitmap Index Scan on sbtest3_pkey  (cost=0.00..21.80 rows=937 width=0)
	        Index Cond: ((id >= 6952438) AND (id <= 6953437))

table 4 : explain SELECT c FROM sbtest4 WHERE id BETWEEN 906117 AND 907116
	Bitmap Heap Scan on sbtest4  (cost=27.32..4099.71 rows=1062 width=121)
	  Recheck Cond: ((id >= 906117) AND (id <= 907116))
	  ->  Bitmap Index Scan on sbtest4_pkey  (cost=0.00..27.05 rows=1062 width=0)
	        Index Cond: ((id >= 906117) AND (id <= 907116))

table 5 : explain SELECT c FROM sbtest5 WHERE id BETWEEN 9687944 AND 9688943
	Bitmap Heap Scan on sbtest5  (cost=22.93..3952.84 rows=1024 width=121)
	  Recheck Cond: ((id >= 9687944) AND (id <= 9688943))
	  ->  Bitmap Index Scan on sbtest5_pkey  (cost=0.00..22.68 rows=1024 width=0)
	        Index Cond: ((id >= 9687944) AND (id <= 9688943))

table 6 : explain SELECT c FROM sbtest6 WHERE id BETWEEN 400591 AND 401590
	Bitmap Heap Scan on sbtest6  (cost=27.18..4047.19 rows=1048 width=121)
	  Recheck Cond: ((id >= 400591) AND (id <= 401590))
	  ->  Bitmap Index Scan on sbtest6_pkey  (cost=0.00..26.91 rows=1048 width=0)
	        Index Cond: ((id >= 400591) AND (id <= 401590))

table 7 : explain SELECT c FROM sbtest7 WHERE id BETWEEN 7831578 AND 7832577
	Bitmap Heap Scan on sbtest7  (cost=23.07..4006.78 rows=1038 width=121)
	  Recheck Cond: ((id >= 7831578) AND (id <= 7832577))
	  ->  Bitmap Index Scan on sbtest7_pkey  (cost=0.00..22.82 rows=1038 width=0)
	        Index Cond: ((id >= 7831578) AND (id <= 7832577))

table 8 : explain SELECT c FROM sbtest8 WHERE id BETWEEN 4104512 AND 4105511
	Bitmap Heap Scan on sbtest8  (cost=22.16..3671.11 rows=949 width=121)
	  Recheck Cond: ((id >= 4104512) AND (id <= 4105511))
	  ->  Bitmap Index Scan on sbtest8_pkey  (cost=0.00..21.93 rows=949 width=0)
	        Index Cond: ((id >= 4104512) AND (id <= 4105511))

for: order_ranges
table 1 : explain SELECT c FROM sbtest1 WHERE id BETWEEN 2699613 AND 2700612 ORDER BY c
	Sort  (cost=4192.27..4194.95 rows=1074 width=121)
	  Sort Key: c
	  ->  Bitmap Heap Scan on sbtest1  (cost=23.44..4138.20 rows=1074 width=121)
	        Recheck Cond: ((id >= 2699613) AND (id <= 2700612))
	        ->  Bitmap Index Scan on sbtest1_pkey  (cost=0.00..23.18 rows=1074 width=0)
	              Index Cond: ((id >= 2699613) AND (id <= 2700612))

table 2 : explain SELECT c FROM sbtest2 WHERE id BETWEEN 7960758 AND 7961757 ORDER BY c
	Sort  (cost=3868.91..3871.39 rows=989 width=121)
	  Sort Key: c
	  ->  Bitmap Heap Scan on sbtest2  (cost=22.57..3819.71 rows=989 width=121)
	        Recheck Cond: ((id >= 7960758) AND (id <= 7961757))
	        ->  Bitmap Index Scan on sbtest2_pkey  (cost=0.00..22.32 rows=989 width=0)
	              Index Cond: ((id >= 7960758) AND (id <= 7961757))

table 3 : explain SELECT c FROM sbtest3 WHERE id BETWEEN 384312 AND 385311 ORDER BY c
	Sort  (cost=3558.82..3561.09 rows=908 width=121)
	  Sort Key: c
	  ->  Bitmap Heap Scan on sbtest3  (cost=21.74..3514.20 rows=908 width=121)
	        Recheck Cond: ((id >= 384312) AND (id <= 385311))
	        ->  Bitmap Index Scan on sbtest3_pkey  (cost=0.00..21.51 rows=908 width=0)
	              Index Cond: ((id >= 384312) AND (id <= 385311))

table 4 : explain SELECT c FROM sbtest4 WHERE id BETWEEN 7529008 AND 7530007 ORDER BY c
	Sort  (cost=3950.42..3952.94 rows=1010 width=121)
	  Sort Key: c
	  ->  Bitmap Heap Scan on sbtest4  (cost=22.79..3900.02 rows=1010 width=121)
	        Recheck Cond: ((id >= 7529008) AND (id <= 7530007))
	        ->  Bitmap Index Scan on sbtest4_pkey  (cost=0.00..22.54 rows=1010 width=0)
	              Index Cond: ((id >= 7529008) AND (id <= 7530007))

table 5 : explain SELECT c FROM sbtest5 WHERE id BETWEEN 3160491 AND 3161490 ORDER BY c
	Sort  (cost=3843.40..3845.85 rows=982 width=121)
	  Sort Key: c
	  ->  Bitmap Heap Scan on sbtest5  (cost=22.50..3794.60 rows=982 width=121)
	        Recheck Cond: ((id >= 3160491) AND (id <= 3161490))
	        ->  Bitmap Index Scan on sbtest5_pkey  (cost=0.00..22.25 rows=982 width=0)
	              Index Cond: ((id >= 3160491) AND (id <= 3161490))

table 6 : explain SELECT c FROM sbtest6 WHERE id BETWEEN 6475876 AND 6476875 ORDER BY c
	Sort  (cost=4076.66..4079.27 rows=1043 width=121)
	  Sort Key: c
	  ->  Bitmap Heap Scan on sbtest6  (cost=23.13..4024.37 rows=1043 width=121)
	        Recheck Cond: ((id >= 6475876) AND (id <= 6476875))
	        ->  Bitmap Index Scan on sbtest6_pkey  (cost=0.00..22.86 rows=1043 width=0)
	              Index Cond: ((id >= 6475876) AND (id <= 6476875))

table 7 : explain SELECT c FROM sbtest7 WHERE id BETWEEN 720572 AND 721571 ORDER BY c
	Sort  (cost=4234.67..4237.38 rows=1083 width=121)
	  Sort Key: c
	  ->  Bitmap Heap Scan on sbtest7  (cost=27.54..4180.08 rows=1083 width=121)
	        Recheck Cond: ((id >= 720572) AND (id <= 721571))
	        ->  Bitmap Index Scan on sbtest7_pkey  (cost=0.00..27.26 rows=1083 width=0)
	              Index Cond: ((id >= 720572) AND (id <= 721571))

table 8 : explain SELECT c FROM sbtest8 WHERE id BETWEEN 3987502 AND 3988501 ORDER BY c
	Sort  (cost=4016.82..4019.39 rows=1026 width=121)
	  Sort Key: c
	  ->  Bitmap Heap Scan on sbtest8  (cost=26.95..3965.51 rows=1026 width=121)
	        Recheck Cond: ((id >= 3987502) AND (id <= 3988501))
	        ->  Bitmap Index Scan on sbtest8_pkey  (cost=0.00..26.69 rows=1026 width=0)
	              Index Cond: ((id >= 3987502) AND (id <= 3988501))

for: sum_ranges
table 1 : explain SELECT SUM(k) FROM sbtest1 WHERE id BETWEEN 6515652 AND 6516651
	Aggregate  (cost=3681.52..3681.53 rows=1 width=8)
	  ->  Bitmap Heap Scan on sbtest1  (cost=22.19..3679.14 rows=952 width=4)
	        Recheck Cond: ((id >= 6515652) AND (id <= 6516651))
	        ->  Bitmap Index Scan on sbtest1_pkey  (cost=0.00..21.95 rows=952 width=0)
	              Index Cond: ((id >= 6515652) AND (id <= 6516651))

table 2 : explain SELECT SUM(k) FROM sbtest2 WHERE id BETWEEN 9615345 AND 9616344
	Aggregate  (cost=3629.74..3629.75 rows=1 width=8)
	  ->  Bitmap Heap Scan on sbtest2  (cost=22.05..3627.39 rows=938 width=4)
	        Recheck Cond: ((id >= 9615345) AND (id <= 9616344))
	        ->  Bitmap Index Scan on sbtest2_pkey  (cost=0.00..21.82 rows=938 width=0)
	              Index Cond: ((id >= 9615345) AND (id <= 9616344))

table 3 : explain SELECT SUM(k) FROM sbtest3 WHERE id BETWEEN 4230317 AND 4231316
	Aggregate  (cost=4210.20..4210.21 rows=1 width=8)
	  ->  Bitmap Heap Scan on sbtest3  (cost=27.62..4207.48 rows=1091 width=4)
	        Recheck Cond: ((id >= 4230317) AND (id <= 4231316))
	        ->  Bitmap Index Scan on sbtest3_pkey  (cost=0.00..27.34 rows=1091 width=0)
	              Index Cond: ((id >= 4230317) AND (id <= 4231316))

table 4 : explain SELECT SUM(k) FROM sbtest4 WHERE id BETWEEN 3641022 AND 3642021
	Aggregate  (cost=3804.50..3804.51 rows=1 width=8)
	  ->  Bitmap Heap Scan on sbtest4  (cost=22.52..3802.04 rows=984 width=4)
	        Recheck Cond: ((id >= 3641022) AND (id <= 3642021))
	        ->  Bitmap Index Scan on sbtest4_pkey  (cost=0.00..22.27 rows=984 width=0)
	              Index Cond: ((id >= 3641022) AND (id <= 3642021))

table 5 : explain SELECT SUM(k) FROM sbtest5 WHERE id BETWEEN 6296420 AND 6297419
	Aggregate  (cost=4313.03..4313.04 rows=1 width=8)
	  ->  Bitmap Heap Scan on sbtest5  (cost=27.90..4310.23 rows=1119 width=4)
	        Recheck Cond: ((id >= 6296420) AND (id <= 6297419))
	        ->  Bitmap Index Scan on sbtest5_pkey  (cost=0.00..27.62 rows=1119 width=0)
	              Index Cond: ((id >= 6296420) AND (id <= 6297419))

table 6 : explain SELECT SUM(k) FROM sbtest6 WHERE id BETWEEN 3280214 AND 3281213
	Aggregate  (cost=3672.49..3672.50 rows=1 width=8)
	  ->  Bitmap Heap Scan on sbtest6  (cost=22.16..3670.12 rows=949 width=4)
	        Recheck Cond: ((id >= 3280214) AND (id <= 3281213))
	        ->  Bitmap Index Scan on sbtest6_pkey  (cost=0.00..21.93 rows=949 width=0)
	              Index Cond: ((id >= 3280214) AND (id <= 3281213))

table 7 : explain SELECT SUM(k) FROM sbtest7 WHERE id BETWEEN 6344663 AND 6345662
	Aggregate  (cost=3548.78..3548.79 rows=1 width=8)
	  ->  Bitmap Heap Scan on sbtest7  (cost=21.82..3546.49 rows=916 width=4)
	        Recheck Cond: ((id >= 6344663) AND (id <= 6345662))
	        ->  Bitmap Index Scan on sbtest7_pkey  (cost=0.00..21.59 rows=916 width=0)
	              Index Cond: ((id >= 6344663) AND (id <= 6345662))

table 8 : explain SELECT SUM(k) FROM sbtest8 WHERE id BETWEEN 9314817 AND 9315816
	Aggregate  (cost=3537.36..3537.37 rows=1 width=8)
	  ->  Bitmap Heap Scan on sbtest8  (cost=21.79..3535.07 rows=913 width=4)
	        Recheck Cond: ((id >= 9314817) AND (id <= 9315816))
	        ->  Bitmap Index Scan on sbtest8_pkey  (cost=0.00..21.57 rows=913 width=0)
	              Index Cond: ((id >= 9314817) AND (id <= 9315816))

for: order_ranges
table 1 : explain SELECT c FROM sbtest1 WHERE id BETWEEN 3414165 AND 3415164 ORDER BY c
	Sort  (cost=4405.86..4408.68 rows=1130 width=121)
	  Sort Key: c
	  ->  Bitmap Heap Scan on sbtest1  (cost=28.02..4348.55 rows=1130 width=121)
	        Recheck Cond: ((id >= 3414165) AND (id <= 3415164))
	        ->  Bitmap Index Scan on sbtest1_pkey  (cost=0.00..27.73 rows=1130 width=0)
	              Index Cond: ((id >= 3414165) AND (id <= 3415164))

table 2 : explain SELECT c FROM sbtest2 WHERE id BETWEEN 2380763 AND 2381762 ORDER BY c
	Sort  (cost=3926.27..3928.78 rows=1004 width=121)
	  Sort Key: c
	  ->  Bitmap Heap Scan on sbtest2  (cost=22.73..3876.21 rows=1004 width=121)
	        Recheck Cond: ((id >= 2380763) AND (id <= 2381762))
	        ->  Bitmap Index Scan on sbtest2_pkey  (cost=0.00..22.47 rows=1004 width=0)
	              Index Cond: ((id >= 2380763) AND (id <= 2381762))

table 3 : explain SELECT c FROM sbtest3 WHERE id BETWEEN 1917626 AND 1918625 ORDER BY c
	Sort  (cost=3842.25..3844.71 rows=982 width=121)
	  Sort Key: c
	  ->  Bitmap Heap Scan on sbtest3  (cost=22.50..3793.45 rows=982 width=121)
	        Recheck Cond: ((id >= 1917626) AND (id <= 1918625))
	        ->  Bitmap Index Scan on sbtest3_pkey  (cost=0.00..22.25 rows=982 width=0)
	              Index Cond: ((id >= 1917626) AND (id <= 1918625))

table 4 : explain SELECT c FROM sbtest4 WHERE id BETWEEN 9637187 AND 9638186 ORDER BY c
	Sort  (cost=3946.59..3949.11 rows=1009 width=121)
	  Sort Key: c
	  ->  Bitmap Heap Scan on sbtest4  (cost=22.78..3896.25 rows=1009 width=121)
	        Recheck Cond: ((id >= 9637187) AND (id <= 9638186))
	        ->  Bitmap Index Scan on sbtest4_pkey  (cost=0.00..22.52 rows=1009 width=0)
	              Index Cond: ((id >= 9637187) AND (id <= 9638186))

table 5 : explain SELECT c FROM sbtest5 WHERE id BETWEEN 1626235 AND 1627234 ORDER BY c
	Sort  (cost=4355.46..4358.25 rows=1116 width=121)
	  Sort Key: c
	  ->  Bitmap Heap Scan on sbtest5  (cost=27.87..4298.97 rows=1116 width=121)
	        Recheck Cond: ((id >= 1626235) AND (id <= 1627234))
	        ->  Bitmap Index Scan on sbtest5_pkey  (cost=0.00..27.59 rows=1116 width=0)
	              Index Cond: ((id >= 1626235) AND (id <= 1627234))

table 6 : explain SELECT c FROM sbtest6 WHERE id BETWEEN 8643428 AND 8644427 ORDER BY c
	Sort  (cost=3713.21..3715.58 rows=948 width=121)
	  Sort Key: c
	  ->  Bitmap Heap Scan on sbtest6  (cost=22.15..3666.34 rows=948 width=121)
	        Recheck Cond: ((id >= 8643428) AND (id <= 8644427))
	        ->  Bitmap Index Scan on sbtest6_pkey  (cost=0.00..21.91 rows=948 width=0)
	              Index Cond: ((id >= 8643428) AND (id <= 8644427))

table 7 : explain SELECT c FROM sbtest7 WHERE id BETWEEN 5781050 AND 5782049 ORDER BY c
	Sort  (cost=3794.75..3797.18 rows=969 width=121)
	  Sort Key: c
	  ->  Bitmap Heap Scan on sbtest7  (cost=22.37..3746.69 rows=969 width=121)
	        Recheck Cond: ((id >= 5781050) AND (id <= 5782049))
	        ->  Bitmap Index Scan on sbtest7_pkey  (cost=0.00..22.12 rows=969 width=0)
	              Index Cond: ((id >= 5781050) AND (id <= 5782049))

table 8 : explain SELECT c FROM sbtest8 WHERE id BETWEEN 9356296 AND 9357295 ORDER BY c
	Sort  (cost=4089.45..4092.06 rows=1045 width=121)
	  Sort Key: c
	  ->  Bitmap Heap Scan on sbtest8  (cost=27.15..4037.05 rows=1045 width=121)
	        Recheck Cond: ((id >= 9356296) AND (id <= 9357295))
	        ->  Bitmap Index Scan on sbtest8_pkey  (cost=0.00..26.89 rows=1045 width=0)
	              Index Cond: ((id >= 9356296) AND (id <= 9357295))

for: order_ranges
table 1 : explain SELECT c FROM sbtest1 WHERE id BETWEEN 3782009 AND 3783008 ORDER BY c
	Sort  (cost=3963.30..3965.83 rows=1014 width=121)
	  Sort Key: c
	  ->  Bitmap Heap Scan on sbtest1  (cost=22.83..3912.67 rows=1014 width=121)
	        Recheck Cond: ((id >= 3782009) AND (id <= 3783008))
	        ->  Bitmap Index Scan on sbtest1_pkey  (cost=0.00..22.57 rows=1014 width=0)
	              Index Cond: ((id >= 3782009) AND (id <= 3783008))

table 2 : explain SELECT c FROM sbtest2 WHERE id BETWEEN 4461168 AND 4462167 ORDER BY c
	Sort  (cost=4327.27..4330.04 rows=1109 width=121)
	  Sort Key: c
	  ->  Bitmap Heap Scan on sbtest2  (cost=27.80..4271.18 rows=1109 width=121)
	        Recheck Cond: ((id >= 4461168) AND (id <= 4462167))
	        ->  Bitmap Index Scan on sbtest2_pkey  (cost=0.00..27.52 rows=1109 width=0)
	              Index Cond: ((id >= 4461168) AND (id <= 4462167))

table 3 : explain SELECT c FROM sbtest3 WHERE id BETWEEN 8974350 AND 8975349 ORDER BY c
	Sort  (cost=3888.15..3890.64 rows=994 width=121)
	  Sort Key: c
	  ->  Bitmap Heap Scan on sbtest3  (cost=22.62..3838.67 rows=994 width=121)
	        Recheck Cond: ((id >= 8974350) AND (id <= 8975349))
	        ->  Bitmap Index Scan on sbtest3_pkey  (cost=0.00..22.37 rows=994 width=0)
	              Index Cond: ((id >= 8974350) AND (id <= 8975349))

table 4 : explain SELECT c FROM sbtest4 WHERE id BETWEEN 3701220 AND 3702219 ORDER BY c
	Sort  (cost=3850.96..3853.42 rows=984 width=121)
	  Sort Key: c
	  ->  Bitmap Heap Scan on sbtest4  (cost=22.52..3802.04 rows=984 width=121)
	        Recheck Cond: ((id >= 3701220) AND (id <= 3702219))
	        ->  Bitmap Index Scan on sbtest4_pkey  (cost=0.00..22.27 rows=984 width=0)
	              Index Cond: ((id >= 3701220) AND (id <= 3702219))

table 5 : explain SELECT c FROM sbtest5 WHERE id BETWEEN 3750007 AND 3751006 ORDER BY c
	Sort  (cost=3793.63..3796.06 rows=969 width=121)
	  Sort Key: c
	  ->  Bitmap Heap Scan on sbtest5  (cost=22.37..3745.57 rows=969 width=121)
	        Recheck Cond: ((id >= 3750007) AND (id <= 3751006))
	        ->  Bitmap Index Scan on sbtest5_pkey  (cost=0.00..22.12 rows=969 width=0)
	              Index Cond: ((id >= 3750007) AND (id <= 3751006))

table 6 : explain SELECT c FROM sbtest6 WHERE id BETWEEN 9376229 AND 9377228 ORDER BY c
	Sort  (cost=3984.95..3987.49 rows=1019 width=121)
	  Sort Key: c
	  ->  Bitmap Heap Scan on sbtest6  (cost=22.88..3934.03 rows=1019 width=121)
	        Recheck Cond: ((id >= 9376229) AND (id <= 9377228))
	        ->  Bitmap Index Scan on sbtest6_pkey  (cost=0.00..22.62 rows=1019 width=0)
	              Index Cond: ((id >= 9376229) AND (id <= 9377228))

table 7 : explain SELECT c FROM sbtest7 WHERE id BETWEEN 9910026 AND 9911025 ORDER BY c
	Sort  (cost=3852.20..3854.66 rows=984 width=121)
	  Sort Key: c
	  ->  Bitmap Heap Scan on sbtest7  (cost=22.52..3803.28 rows=984 width=121)
	        Recheck Cond: ((id >= 9910026) AND (id <= 9911025))
	        ->  Bitmap Index Scan on sbtest7_pkey  (cost=0.00..22.27 rows=984 width=0)
	              Index Cond: ((id >= 9910026) AND (id <= 9911025))

table 8 : explain SELECT c FROM sbtest8 WHERE id BETWEEN 2076630 AND 2077629 ORDER BY c
	Sort  (cost=4028.29..4030.86 rows=1029 width=121)
	  Sort Key: c
	  ->  Bitmap Heap Scan on sbtest8  (cost=26.98..3976.80 rows=1029 width=121)
	        Recheck Cond: ((id >= 2076630) AND (id <= 2077629))
	        ->  Bitmap Index Scan on sbtest8_pkey  (cost=0.00..26.72 rows=1029 width=0)
	              Index Cond: ((id >= 2076630) AND (id <= 2077629))

for: distinct_ranges
table 1 : explain SELECT DISTINCT c FROM sbtest1 WHERE id BETWEEN 5651663 AND 5652662 ORDER BY c
	Unique  (cost=3993.85..3998.96 rows=1022 width=121)
	  ->  Sort  (cost=3993.85..3996.41 rows=1022 width=121)
	        Sort Key: c
	        ->  Bitmap Heap Scan on sbtest1  (cost=22.91..3942.77 rows=1022 width=121)
	              Recheck Cond: ((id >= 5651663) AND (id <= 5652662))
	              ->  Bitmap Index Scan on sbtest1_pkey  (cost=0.00..22.65 rows=1022 width=0)
	                    Index Cond: ((id >= 5651663) AND (id <= 5652662))

table 2 : explain SELECT DISTINCT c FROM sbtest2 WHERE id BETWEEN 1577349 AND 1578348 ORDER BY c
	Unique  (cost=3738.81..3743.58 rows=955 width=121)
	  ->  Sort  (cost=3738.81..3741.19 rows=955 width=121)
	        Sort Key: c
	        ->  Bitmap Heap Scan on sbtest2  (cost=22.22..3691.54 rows=955 width=121)
	              Recheck Cond: ((id >= 1577349) AND (id <= 1578348))
	              ->  Bitmap Index Scan on sbtest2_pkey  (cost=0.00..21.98 rows=955 width=0)
	                    Index Cond: ((id >= 1577349) AND (id <= 1578348))

table 3 : explain SELECT DISTINCT c FROM sbtest3 WHERE id BETWEEN 7153962 AND 7154961 ORDER BY c
	Unique  (cost=3742.75..3747.53 rows=956 width=121)
	  ->  Sort  (cost=3742.75..3745.14 rows=956 width=121)
	        Sort Key: c
	        ->  Bitmap Heap Scan on sbtest3  (cost=22.23..3695.42 rows=956 width=121)
	              Recheck Cond: ((id >= 7153962) AND (id <= 7154961))
	              ->  Bitmap Index Scan on sbtest3_pkey  (cost=0.00..22.00 rows=956 width=0)
	                    Index Cond: ((id >= 7153962) AND (id <= 7154961))

table 4 : explain SELECT DISTINCT c FROM sbtest4 WHERE id BETWEEN 5166106 AND 5167105 ORDER BY c
	Unique  (cost=3877.74..3882.70 rows=991 width=121)
	  ->  Sort  (cost=3877.74..3880.22 rows=991 width=121)
	        Sort Key: c
	        ->  Bitmap Heap Scan on sbtest4  (cost=22.59..3828.43 rows=991 width=121)
	              Recheck Cond: ((id >= 5166106) AND (id <= 5167105))
	              ->  Bitmap Index Scan on sbtest4_pkey  (cost=0.00..22.34 rows=991 width=0)
	                    Index Cond: ((id >= 5166106) AND (id <= 5167105))

table 5 : explain SELECT DISTINCT c FROM sbtest5 WHERE id BETWEEN 9854802 AND 9855801 ORDER BY c
	Unique  (cost=4141.57..4146.87 rows=1060 width=121)
	  ->  Sort  (cost=4141.57..4144.22 rows=1060 width=121)
	        Sort Key: c
	        ->  Bitmap Heap Scan on sbtest5  (cost=23.30..4088.30 rows=1060 width=121)
	              Recheck Cond: ((id >= 9854802) AND (id <= 9855801))
	              ->  Bitmap Index Scan on sbtest5_pkey  (cost=0.00..23.04 rows=1060 width=0)
	                    Index Cond: ((id >= 9854802) AND (id <= 9855801))

table 6 : explain SELECT DISTINCT c FROM sbtest6 WHERE id BETWEEN 8049512 AND 8050511 ORDER BY c
	Unique  (cost=3789.82..3794.66 rows=968 width=121)
	  ->  Sort  (cost=3789.82..3792.24 rows=968 width=121)
	        Sort Key: c
	        ->  Bitmap Heap Scan on sbtest6  (cost=22.36..3741.81 rows=968 width=121)
	              Recheck Cond: ((id >= 8049512) AND (id <= 8050511))
	              ->  Bitmap Index Scan on sbtest6_pkey  (cost=0.00..22.11 rows=968 width=0)
	                    Index Cond: ((id >= 8049512) AND (id <= 8050511))

table 7 : explain SELECT DISTINCT c FROM sbtest7 WHERE id BETWEEN 8281955 AND 8282954 ORDER BY c
	Unique  (cost=4227.04..4232.44 rows=1081 width=121)
	  ->  Sort  (cost=4227.04..4229.74 rows=1081 width=121)
	        Sort Key: c
	        ->  Bitmap Heap Scan on sbtest7  (cost=27.52..4172.57 rows=1081 width=121)
	              Recheck Cond: ((id >= 8281955) AND (id <= 8282954))
	              ->  Bitmap Index Scan on sbtest7_pkey  (cost=0.00..27.25 rows=1081 width=0)
	                    Index Cond: ((id >= 8281955) AND (id <= 8282954))

table 8 : explain SELECT DISTINCT c FROM sbtest8 WHERE id BETWEEN 6925930 AND 6926929 ORDER BY c
	Unique  (cost=3752.53..3757.32 rows=958 width=121)
	  ->  Sort  (cost=3752.53..3754.93 rows=958 width=121)
	        Sort Key: c
	        ->  Bitmap Heap Scan on sbtest8  (cost=22.25..3705.09 rows=958 width=121)
	              Recheck Cond: ((id >= 6925930) AND (id <= 6926929))
	              ->  Bitmap Index Scan on sbtest8_pkey  (cost=0.00..22.01 rows=958 width=0)
	                    Index Cond: ((id >= 6925930) AND (id <= 6926929))

for point_selects
table 1 : explain SELECT c FROM sbtest1 WHERE id=5439233
	Index Scan using sbtest1_pkey on sbtest1  (cost=0.43..8.45 rows=1 width=121)
	  Index Cond: (id = 5439233)

table 2 : explain SELECT c FROM sbtest2 WHERE id=1031569
	Index Scan using sbtest2_pkey on sbtest2  (cost=0.43..8.45 rows=1 width=121)
	  Index Cond: (id = 1031569)

table 3 : explain SELECT c FROM sbtest3 WHERE id=7847954
	Index Scan using sbtest3_pkey on sbtest3  (cost=0.43..8.45 rows=1 width=121)
	  Index Cond: (id = 7847954)

table 4 : explain SELECT c FROM sbtest4 WHERE id=5252158
	Index Scan using sbtest4_pkey on sbtest4  (cost=0.43..8.45 rows=1 width=121)
	  Index Cond: (id = 5252158)

table 5 : explain SELECT c FROM sbtest5 WHERE id=2677499
	Index Scan using sbtest5_pkey on sbtest5  (cost=0.43..8.45 rows=1 width=121)
	  Index Cond: (id = 2677499)

table 6 : explain SELECT c FROM sbtest6 WHERE id=7030888
	Index Scan using sbtest6_pkey on sbtest6  (cost=0.43..8.45 rows=1 width=121)
	  Index Cond: (id = 7030888)

table 7 : explain SELECT c FROM sbtest7 WHERE id=4098867
	Index Scan using sbtest7_pkey on sbtest7  (cost=0.43..8.45 rows=1 width=121)
	  Index Cond: (id = 4098867)

table 8 : explain SELECT c FROM sbtest8 WHERE id=3132524
	Index Scan using sbtest8_pkey on sbtest8  (cost=0.43..8.45 rows=1 width=121)
	  Index Cond: (id = 3132524)

for: order_ranges
table 1 : explain SELECT c FROM sbtest1 WHERE id BETWEEN 5028192 AND 5029191 ORDER BY c
	Sort  (cost=4230.38..4233.09 rows=1084 width=121)
	  Sort Key: c
	  ->  Bitmap Heap Scan on sbtest1  (cost=23.55..4175.74 rows=1084 width=121)
	        Recheck Cond: ((id >= 5028192) AND (id <= 5029191))
	        ->  Bitmap Index Scan on sbtest1_pkey  (cost=0.00..23.27 rows=1084 width=0)
	              Index Cond: ((id >= 5028192) AND (id <= 5029191))

table 2 : explain SELECT c FROM sbtest2 WHERE id BETWEEN 5681275 AND 5682274 ORDER BY c
	Sort  (cost=3769.43..3771.84 rows=963 width=121)
	  Sort Key: c
	  ->  Bitmap Heap Scan on sbtest2  (cost=22.31..3721.71 rows=963 width=121)
	        Recheck Cond: ((id >= 5681275) AND (id <= 5682274))
	        ->  Bitmap Index Scan on sbtest2_pkey  (cost=0.00..22.07 rows=963 width=0)
	              Index Cond: ((id >= 5681275) AND (id <= 5682274))

table 3 : explain SELECT c FROM sbtest3 WHERE id BETWEEN 7749738 AND 7750737 ORDER BY c
	Sort  (cost=4125.02..4127.66 rows=1056 width=121)
	  Sort Key: c
	  ->  Bitmap Heap Scan on sbtest3  (cost=23.26..4071.98 rows=1056 width=121)
	        Recheck Cond: ((id >= 7749738) AND (id <= 7750737))
	        ->  Bitmap Index Scan on sbtest3_pkey  (cost=0.00..23.00 rows=1056 width=0)
	              Index Cond: ((id >= 7749738) AND (id <= 7750737))

table 4 : explain SELECT c FROM sbtest4 WHERE id BETWEEN 9984371 AND 9985370 ORDER BY c
	Sort  (cost=3908.35..3910.84 rows=999 width=121)
	  Sort Key: c
	  ->  Bitmap Heap Scan on sbtest4  (cost=22.67..3858.57 rows=999 width=121)
	        Recheck Cond: ((id >= 9984371) AND (id <= 9985370))
	        ->  Bitmap Index Scan on sbtest4_pkey  (cost=0.00..22.43 rows=999 width=0)
	              Index Cond: ((id >= 9984371) AND (id <= 9985370))

table 5 : explain SELECT c FROM sbtest5 WHERE id BETWEEN 9511199 AND 9512198 ORDER BY c
	Sort  (cost=3831.92..3834.36 rows=979 width=121)
	  Sort Key: c
	  ->  Bitmap Heap Scan on sbtest5  (cost=22.47..3783.28 rows=979 width=121)
	        Recheck Cond: ((id >= 9511199) AND (id <= 9512198))
	        ->  Bitmap Index Scan on sbtest5_pkey  (cost=0.00..22.22 rows=979 width=0)
	              Index Cond: ((id >= 9511199) AND (id <= 9512198))

table 6 : explain SELECT c FROM sbtest6 WHERE id BETWEEN 9820977 AND 9821976 ORDER BY c
	Sort  (cost=3824.28..3826.72 rows=977 width=121)
	  Sort Key: c
	  ->  Bitmap Heap Scan on sbtest6  (cost=22.45..3775.76 rows=977 width=121)
	        Recheck Cond: ((id >= 9820977) AND (id <= 9821976))
	        ->  Bitmap Index Scan on sbtest6_pkey  (cost=0.00..22.20 rows=977 width=0)
	              Index Cond: ((id >= 9820977) AND (id <= 9821976))

table 7 : explain SELECT c FROM sbtest7 WHERE id BETWEEN 2222266 AND 2223265 ORDER BY c
	Sort  (cost=3633.76..3636.07 rows=927 width=121)
	  Sort Key: c
	  ->  Bitmap Heap Scan on sbtest7  (cost=21.94..3588.07 rows=927 width=121)
	        Recheck Cond: ((id >= 2222266) AND (id <= 2223265))
	        ->  Bitmap Index Scan on sbtest7_pkey  (cost=0.00..21.70 rows=927 width=0)
	              Index Cond: ((id >= 2222266) AND (id <= 2223265))

table 8 : explain SELECT c FROM sbtest8 WHERE id BETWEEN 4556133 AND 4557132 ORDER BY c
	Sort  (cost=4032.11..4034.69 rows=1030 width=121)
	  Sort Key: c
	  ->  Bitmap Heap Scan on sbtest8  (cost=26.99..3980.57 rows=1030 width=121)
	        Recheck Cond: ((id >= 4556133) AND (id <= 4557132))
	        ->  Bitmap Index Scan on sbtest8_pkey  (cost=0.00..26.73 rows=1030 width=0)
	              Index Cond: ((id >= 4556133) AND (id <= 4557132))

for: simple_ranges
table 1 : explain SELECT c FROM sbtest1 WHERE id BETWEEN 1203041 AND 1204040
	Bitmap Heap Scan on sbtest1  (cost=22.75..3882.57 rows=1006 width=121)
	  Recheck Cond: ((id >= 1203041) AND (id <= 1204040))
	  ->  Bitmap Index Scan on sbtest1_pkey  (cost=0.00..22.50 rows=1006 width=0)
	        Index Cond: ((id >= 1203041) AND (id <= 1204040))

table 2 : explain SELECT c FROM sbtest2 WHERE id BETWEEN 3812126 AND 3813125
	Bitmap Heap Scan on sbtest2  (cost=23.45..4143.25 rows=1075 width=121)
	  Recheck Cond: ((id >= 3812126) AND (id <= 3813125))
	  ->  Bitmap Index Scan on sbtest2_pkey  (cost=0.00..23.18 rows=1075 width=0)
	        Index Cond: ((id >= 3812126) AND (id <= 3813125))

table 3 : explain SELECT c FROM sbtest3 WHERE id BETWEEN 9448338 AND 9449337
	Bitmap Heap Scan on sbtest3  (cost=21.95..3589.75 rows=928 width=121)
	  Recheck Cond: ((id >= 9448338) AND (id <= 9449337))
	  ->  Bitmap Index Scan on sbtest3_pkey  (cost=0.00..21.71 rows=928 width=0)
	        Index Cond: ((id >= 9448338) AND (id <= 9449337))

table 4 : explain SELECT c FROM sbtest4 WHERE id BETWEEN 4233503 AND 4234502
	Bitmap Heap Scan on sbtest4  (cost=22.07..3636.03 rows=940 width=121)
	  Recheck Cond: ((id >= 4233503) AND (id <= 4234502))
	  ->  Bitmap Index Scan on sbtest4_pkey  (cost=0.00..21.83 rows=940 width=0)
	        Index Cond: ((id >= 4233503) AND (id <= 4234502))

table 5 : explain SELECT c FROM sbtest5 WHERE id BETWEEN 7074292 AND 7075291
	Bitmap Heap Scan on sbtest5  (cost=22.64..3847.37 rows=996 width=121)
	  Recheck Cond: ((id >= 7074292) AND (id <= 7075291))
	  ->  Bitmap Index Scan on sbtest5_pkey  (cost=0.00..22.39 rows=996 width=0)
	        Index Cond: ((id >= 7074292) AND (id <= 7075291))

table 6 : explain SELECT c FROM sbtest6 WHERE id BETWEEN 3282346 AND 3283345
	Bitmap Heap Scan on sbtest6  (cost=22.16..3670.12 rows=949 width=121)
	  Recheck Cond: ((id >= 3282346) AND (id <= 3283345))
	  ->  Bitmap Index Scan on sbtest6_pkey  (cost=0.00..21.93 rows=949 width=0)
	        Index Cond: ((id >= 3282346) AND (id <= 3283345))

table 7 : explain SELECT c FROM sbtest7 WHERE id BETWEEN 7314030 AND 7315029
	Bitmap Heap Scan on sbtest7  (cost=21.81..3542.71 rows=915 width=121)
	  Recheck Cond: ((id >= 7314030) AND (id <= 7315029))
	  ->  Bitmap Index Scan on sbtest7_pkey  (cost=0.00..21.58 rows=915 width=0)
	        Index Cond: ((id >= 7314030) AND (id <= 7315029))

table 8 : explain SELECT c FROM sbtest8 WHERE id BETWEEN 7269190 AND 7270189
	Bitmap Heap Scan on sbtest8  (cost=26.89..3942.90 rows=1020 width=121)
	  Recheck Cond: ((id >= 7269190) AND (id <= 7270189))
	  ->  Bitmap Index Scan on sbtest8_pkey  (cost=0.00..26.64 rows=1020 width=0)
	        Index Cond: ((id >= 7269190) AND (id <= 7270189))

for: order_ranges
table 1 : explain SELECT c FROM sbtest1 WHERE id BETWEEN 628584 AND 629583 ORDER BY c
	Sort  (cost=4089.28..4091.90 rows=1047 width=121)
	  Sort Key: c
	  ->  Bitmap Heap Scan on sbtest1  (cost=23.17..4036.77 rows=1047 width=121)
	        Recheck Cond: ((id >= 628584) AND (id <= 629583))
	        ->  Bitmap Index Scan on sbtest1_pkey  (cost=0.00..22.90 rows=1047 width=0)
	              Index Cond: ((id >= 628584) AND (id <= 629583))

table 2 : explain SELECT c FROM sbtest2 WHERE id BETWEEN 4197088 AND 4198087 ORDER BY c
	Sort  (cost=3953.02..3955.55 rows=1011 width=121)
	  Sort Key: c
	  ->  Bitmap Heap Scan on sbtest2  (cost=22.80..3902.57 rows=1011 width=121)
	        Recheck Cond: ((id >= 4197088) AND (id <= 4198087))
	        ->  Bitmap Index Scan on sbtest2_pkey  (cost=0.00..22.54 rows=1011 width=0)
	              Index Cond: ((id >= 4197088) AND (id <= 4198087))

table 3 : explain SELECT c FROM sbtest3 WHERE id BETWEEN 5865243 AND 5866242 ORDER BY c
	Sort  (cost=3869.03..3871.50 rows=989 width=121)
	  Sort Key: c
	  ->  Bitmap Heap Scan on sbtest3  (cost=22.57..3819.83 rows=989 width=121)
	        Recheck Cond: ((id >= 5865243) AND (id <= 5866242))
	        ->  Bitmap Index Scan on sbtest3_pkey  (cost=0.00..22.32 rows=989 width=0)
	              Index Cond: ((id >= 5865243) AND (id <= 5866242))

table 4 : explain SELECT c FROM sbtest4 WHERE id BETWEEN 5978413 AND 5979412 ORDER BY c
	Sort  (cost=3663.29..3665.62 rows=935 width=121)
	  Sort Key: c
	  ->  Bitmap Heap Scan on sbtest4  (cost=22.02..3617.15 rows=935 width=121)
	        Recheck Cond: ((id >= 5978413) AND (id <= 5979412))
	        ->  Bitmap Index Scan on sbtest4_pkey  (cost=0.00..21.79 rows=935 width=0)
	              Index Cond: ((id >= 5978413) AND (id <= 5979412))

table 5 : explain SELECT c FROM sbtest5 WHERE id BETWEEN 2606001 AND 2607000 ORDER BY c
	Sort  (cost=3690.21..3692.56 rows=942 width=121)
	  Sort Key: c
	  ->  Bitmap Heap Scan on sbtest5  (cost=22.09..3643.67 rows=942 width=121)
	        Recheck Cond: ((id >= 2606001) AND (id <= 2607000))
	        ->  Bitmap Index Scan on sbtest5_pkey  (cost=0.00..21.86 rows=942 width=0)
	              Index Cond: ((id >= 2606001) AND (id <= 2607000))

table 6 : explain SELECT c FROM sbtest6 WHERE id BETWEEN 9125339 AND 9126338 ORDER BY c
	Sort  (cost=4034.63..4037.21 rows=1032 width=121)
	  Sort Key: c
	  ->  Bitmap Heap Scan on sbtest6  (cost=23.01..3982.98 rows=1032 width=121)
	        Recheck Cond: ((id >= 9125339) AND (id <= 9126338))
	        ->  Bitmap Index Scan on sbtest6_pkey  (cost=0.00..22.75 rows=1032 width=0)
	              Index Cond: ((id >= 9125339) AND (id <= 9126338))

table 7 : explain SELECT c FROM sbtest7 WHERE id BETWEEN 1912772 AND 1913771 ORDER BY c
	Sort  (cost=3767.94..3770.34 rows=962 width=121)
	  Sort Key: c
	  ->  Bitmap Heap Scan on sbtest7  (cost=22.30..3720.27 rows=962 width=121)
	        Recheck Cond: ((id >= 1912772) AND (id <= 1913771))
	        ->  Bitmap Index Scan on sbtest7_pkey  (cost=0.00..22.05 rows=962 width=0)
	              Index Cond: ((id >= 1912772) AND (id <= 1913771))

table 8 : explain SELECT c FROM sbtest8 WHERE id BETWEEN 963028 AND 964027 ORDER BY c
	Sort  (cost=3345.64..3347.77 rows=852 width=121)
	  Sort Key: c
	  ->  Bitmap Heap Scan on sbtest8  (cost=21.17..3304.17 rows=852 width=121)
	        Recheck Cond: ((id >= 963028) AND (id <= 964027))
	        ->  Bitmap Index Scan on sbtest8_pkey  (cost=0.00..20.95 rows=852 width=0)
	              Index Cond: ((id >= 963028) AND (id <= 964027))

explain: for point_selects :: explain SELECT c FROM sbtest%u WHERE id=%u
for point_selects
table 1 : explain SELECT c FROM sbtest1 WHERE id=8768649
	Index Scan using sbtest1_pkey on sbtest1  (cost=0.43..8.45 rows=1 width=121)
	  Index Cond: (id = 8768649)

table 2 : explain SELECT c FROM sbtest2 WHERE id=5580282
	Index Scan using sbtest2_pkey on sbtest2  (cost=0.43..8.45 rows=1 width=121)
	  Index Cond: (id = 5580282)

table 3 : explain SELECT c FROM sbtest3 WHERE id=6321815
	Index Scan using sbtest3_pkey on sbtest3  (cost=0.43..8.45 rows=1 width=121)
	  Index Cond: (id = 6321815)

table 4 : explain SELECT c FROM sbtest4 WHERE id=7045033
	Index Scan using sbtest4_pkey on sbtest4  (cost=0.43..8.45 rows=1 width=121)
	  Index Cond: (id = 7045033)

table 5 : explain SELECT c FROM sbtest5 WHERE id=2869616
	Index Scan using sbtest5_pkey on sbtest5  (cost=0.43..8.45 rows=1 width=121)
	  Index Cond: (id = 2869616)

table 6 : explain SELECT c FROM sbtest6 WHERE id=2284442
	Index Scan using sbtest6_pkey on sbtest6  (cost=0.43..8.45 rows=1 width=121)
	  Index Cond: (id = 2284442)

table 7 : explain SELECT c FROM sbtest7 WHERE id=3448736
	Index Scan using sbtest7_pkey on sbtest7  (cost=0.43..8.45 rows=1 width=121)
	  Index Cond: (id = 3448736)

table 8 : explain SELECT c FROM sbtest8 WHERE id=7404410
	Index Scan using sbtest8_pkey on sbtest8  (cost=0.43..8.45 rows=1 width=121)
	  Index Cond: (id = 7404410)

explain: for point_selects :: explain SELECT c FROM sbtest%u WHERE id=%u
for point_selects
table 1 : explain SELECT c FROM sbtest1 WHERE id=4338346
	Index Scan using sbtest1_pkey on sbtest1  (cost=0.43..8.45 rows=1 width=121)
	  Index Cond: (id = 4338346)

table 2 : explain SELECT c FROM sbtest2 WHERE id=7909352
	Index Scan using sbtest2_pkey on sbtest2  (cost=0.43..8.45 rows=1 width=121)
	  Index Cond: (id = 7909352)

table 3 : explain SELECT c FROM sbtest3 WHERE id=3591702
	Index Scan using sbtest3_pkey on sbtest3  (cost=0.43..8.45 rows=1 width=121)
	  Index Cond: (id = 3591702)

table 4 : explain SELECT c FROM sbtest4 WHERE id=3554942
	Index Scan using sbtest4_pkey on sbtest4  (cost=0.43..8.45 rows=1 width=121)
	  Index Cond: (id = 3554942)

table 5 : explain SELECT c FROM sbtest5 WHERE id=9952420
	Index Scan using sbtest5_pkey on sbtest5  (cost=0.43..8.45 rows=1 width=121)
	  Index Cond: (id = 9952420)

table 6 : explain SELECT c FROM sbtest6 WHERE id=3272309
	Index Scan using sbtest6_pkey on sbtest6  (cost=0.43..8.45 rows=1 width=121)
	  Index Cond: (id = 3272309)

table 7 : explain SELECT c FROM sbtest7 WHERE id=2429854
	Index Scan using sbtest7_pkey on sbtest7  (cost=0.43..8.45 rows=1 width=121)
	  Index Cond: (id = 2429854)

table 8 : explain SELECT c FROM sbtest8 WHERE id=3633408
	Index Scan using sbtest8_pkey on sbtest8  (cost=0.43..8.45 rows=1 width=121)
	  Index Cond: (id = 3633408)

for: order_ranges
table 1 : explain SELECT c FROM sbtest1 WHERE id BETWEEN 3831507 AND 3832506 ORDER BY c
	Sort  (cost=4016.76..4019.33 rows=1028 width=121)
	  Sort Key: c
	  ->  Bitmap Heap Scan on sbtest1  (cost=22.97..3965.33 rows=1028 width=121)
	        Recheck Cond: ((id >= 3831507) AND (id <= 3832506))
	        ->  Bitmap Index Scan on sbtest1_pkey  (cost=0.00..22.71 rows=1028 width=0)
	              Index Cond: ((id >= 3831507) AND (id <= 3832506))

table 2 : explain SELECT c FROM sbtest2 WHERE id BETWEEN 9409673 AND 9410672 ORDER BY c
	Sort  (cost=4289.07..4291.82 rows=1098 width=121)
	  Sort Key: c
	  ->  Bitmap Heap Scan on sbtest2  (cost=27.69..4233.62 rows=1098 width=121)
	        Recheck Cond: ((id >= 9409673) AND (id <= 9410672))
	        ->  Bitmap Index Scan on sbtest2_pkey  (cost=0.00..27.41 rows=1098 width=0)
	              Index Cond: ((id >= 9409673) AND (id <= 9410672))

table 3 : explain SELECT c FROM sbtest3 WHERE id BETWEEN 9186223 AND 9187222 ORDER BY c
	Sort  (cost=3823.12..3825.57 rows=977 width=121)
	  Sort Key: c
	  ->  Bitmap Heap Scan on sbtest3  (cost=22.45..3774.61 rows=977 width=121)
	        Recheck Cond: ((id >= 9186223) AND (id <= 9187222))
	        ->  Bitmap Index Scan on sbtest3_pkey  (cost=0.00..22.20 rows=977 width=0)
	              Index Cond: ((id >= 9186223) AND (id <= 9187222))

table 4 : explain SELECT c FROM sbtest4 WHERE id BETWEEN 4301514 AND 4302513 ORDER BY c
	Sort  (cost=3682.45..3684.80 rows=940 width=121)
	  Sort Key: c
	  ->  Bitmap Heap Scan on sbtest4  (cost=22.07..3636.03 rows=940 width=121)
	        Recheck Cond: ((id >= 4301514) AND (id <= 4302513))
	        ->  Bitmap Index Scan on sbtest4_pkey  (cost=0.00..21.83 rows=940 width=0)
	              Index Cond: ((id >= 4301514) AND (id <= 4302513))

table 5 : explain SELECT c FROM sbtest5 WHERE id BETWEEN 3229081 AND 3230080 ORDER BY c
	Sort  (cost=3843.40..3845.85 rows=982 width=121)
	  Sort Key: c
	  ->  Bitmap Heap Scan on sbtest5  (cost=22.50..3794.60 rows=982 width=121)
	        Recheck Cond: ((id >= 3229081) AND (id <= 3230080))
	        ->  Bitmap Index Scan on sbtest5_pkey  (cost=0.00..22.25 rows=982 width=0)
	              Index Cond: ((id >= 3229081) AND (id <= 3230080))

table 6 : explain SELECT c FROM sbtest6 WHERE id BETWEEN 7543654 AND 7544653 ORDER BY c
	Sort  (cost=4088.12..4090.74 rows=1046 width=121)
	  Sort Key: c
	  ->  Bitmap Heap Scan on sbtest6  (cost=23.16..4035.66 rows=1046 width=121)
	        Recheck Cond: ((id >= 7543654) AND (id <= 7544653))
	        ->  Bitmap Index Scan on sbtest6_pkey  (cost=0.00..22.89 rows=1046 width=0)
	              Index Cond: ((id >= 7543654) AND (id <= 7544653))

table 7 : explain SELECT c FROM sbtest7 WHERE id BETWEEN 6066966 AND 6067965 ORDER BY c
	Sort  (cost=3787.09..3789.51 rows=967 width=121)
	  Sort Key: c
	  ->  Bitmap Heap Scan on sbtest7  (cost=22.35..3739.14 rows=967 width=121)
	        Recheck Cond: ((id >= 6066966) AND (id <= 6067965))
	        ->  Bitmap Index Scan on sbtest7_pkey  (cost=0.00..22.11 rows=967 width=0)
	              Index Cond: ((id >= 6066966) AND (id <= 6067965))

table 8 : explain SELECT c FROM sbtest8 WHERE id BETWEEN 3144156 AND 3145155 ORDER BY c
	Sort  (cost=3825.31..3827.76 rows=977 width=121)
	  Sort Key: c
	  ->  Bitmap Heap Scan on sbtest8  (cost=22.45..3776.80 rows=977 width=121)
	        Recheck Cond: ((id >= 3144156) AND (id <= 3145155))
	        ->  Bitmap Index Scan on sbtest8_pkey  (cost=0.00..22.20 rows=977 width=0)
	              Index Cond: ((id >= 3144156) AND (id <= 3145155))

for: order_ranges
table 1 : explain SELECT c FROM sbtest1 WHERE id BETWEEN 1032399 AND 1033398 ORDER BY c
	Sort  (cost=4306.86..4309.62 rows=1104 width=121)
	  Sort Key: c
	  ->  Bitmap Heap Scan on sbtest1  (cost=27.75..4251.06 rows=1104 width=121)
	        Recheck Cond: ((id >= 1032399) AND (id <= 1033398))
	        ->  Bitmap Index Scan on sbtest1_pkey  (cost=0.00..27.47 rows=1104 width=0)
	              Index Cond: ((id >= 1032399) AND (id <= 1033398))

table 2 : explain SELECT c FROM sbtest2 WHERE id BETWEEN 9954090 AND 9955089 ORDER BY c
	Sort  (cost=3865.09..3867.56 rows=988 width=121)
	  Sort Key: c
	  ->  Bitmap Heap Scan on sbtest2  (cost=22.56..3815.94 rows=988 width=121)
	        Recheck Cond: ((id >= 9954090) AND (id <= 9955089))
	        ->  Bitmap Index Scan on sbtest2_pkey  (cost=0.00..22.32 rows=988 width=0)
	              Index Cond: ((id >= 9954090) AND (id <= 9955089))

table 3 : explain SELECT c FROM sbtest3 WHERE id BETWEEN 6876246 AND 6877245 ORDER BY c
	Sort  (cost=3589.49..3591.78 rows=916 width=121)
	  Sort Key: c
	  ->  Bitmap Heap Scan on sbtest3  (cost=21.82..3544.43 rows=916 width=121)
	        Recheck Cond: ((id >= 6876246) AND (id <= 6877245))
	        ->  Bitmap Index Scan on sbtest3_pkey  (cost=0.00..21.59 rows=916 width=0)
	              Index Cond: ((id >= 6876246) AND (id <= 6877245))

table 4 : explain SELECT c FROM sbtest4 WHERE id BETWEEN 1414163 AND 1415162 ORDER BY c
	Sort  (cost=4389.64..4392.45 rows=1125 width=121)
	  Sort Key: c
	  ->  Bitmap Heap Scan on sbtest4  (cost=27.97..4332.63 rows=1125 width=121)
	        Recheck Cond: ((id >= 1414163) AND (id <= 1415162))
	        ->  Bitmap Index Scan on sbtest4_pkey  (cost=0.00..27.68 rows=1125 width=0)
	              Index Cond: ((id >= 1414163) AND (id <= 1415162))

table 5 : explain SELECT c FROM sbtest5 WHERE id BETWEEN 1464696 AND 1465695 ORDER BY c
	Sort  (cost=3701.70..3704.06 rows=945 width=121)
	  Sort Key: c
	  ->  Bitmap Heap Scan on sbtest5  (cost=22.12..3655.00 rows=945 width=121)
	        Recheck Cond: ((id >= 1464696) AND (id <= 1465695))
	        ->  Bitmap Index Scan on sbtest5_pkey  (cost=0.00..21.89 rows=945 width=0)
	              Index Cond: ((id >= 1464696) AND (id <= 1465695))

table 6 : explain SELECT c FROM sbtest6 WHERE id BETWEEN 8045600 AND 8046599 ORDER BY c
	Sort  (cost=3789.82..3792.24 rows=968 width=121)
	  Sort Key: c
	  ->  Bitmap Heap Scan on sbtest6  (cost=22.36..3741.81 rows=968 width=121)
	        Recheck Cond: ((id >= 8045600) AND (id <= 8046599))
	        ->  Bitmap Index Scan on sbtest6_pkey  (cost=0.00..22.11 rows=968 width=0)
	              Index Cond: ((id >= 8045600) AND (id <= 8046599))

table 7 : explain SELECT c FROM sbtest7 WHERE id BETWEEN 5173736 AND 5174735 ORDER BY c
	Sort  (cost=3955.54..3958.06 rows=1011 width=121)
	  Sort Key: c
	  ->  Bitmap Heap Scan on sbtest7  (cost=22.80..3905.08 rows=1011 width=121)
	        Recheck Cond: ((id >= 5173736) AND (id <= 5174735))
	        ->  Bitmap Index Scan on sbtest7_pkey  (cost=0.00..22.54 rows=1011 width=0)
	              Index Cond: ((id >= 5173736) AND (id <= 5174735))

table 8 : explain SELECT c FROM sbtest8 WHERE id BETWEEN 2609064 AND 2610063 ORDER BY c
	Sort  (cost=3656.69..3659.03 rows=933 width=121)
	  Sort Key: c
	  ->  Bitmap Heap Scan on sbtest8  (cost=22.00..3610.67 rows=933 width=121)
	        Recheck Cond: ((id >= 2609064) AND (id <= 2610063))
	        ->  Bitmap Index Scan on sbtest8_pkey  (cost=0.00..21.76 rows=933 width=0)
	              Index Cond: ((id >= 2609064) AND (id <= 2610063))

for: distinct_ranges
table 1 : explain SELECT DISTINCT c FROM sbtest1 WHERE id BETWEEN 1054058 AND 1055057 ORDER BY c
	Unique  (cost=4306.86..4312.38 rows=1104 width=121)
	  ->  Sort  (cost=4306.86..4309.62 rows=1104 width=121)
	        Sort Key: c
	        ->  Bitmap Heap Scan on sbtest1  (cost=27.75..4251.06 rows=1104 width=121)
	              Recheck Cond: ((id >= 1054058) AND (id <= 1055057))
	              ->  Bitmap Index Scan on sbtest1_pkey  (cost=0.00..27.47 rows=1104 width=0)
	                    Index Cond: ((id >= 1054058) AND (id <= 1055057))

table 2 : explain SELECT DISTINCT c FROM sbtest2 WHERE id BETWEEN 424283 AND 425282 ORDER BY c
	Unique  (cost=3872.74..3877.69 rows=990 width=121)
	  ->  Sort  (cost=3872.74..3875.21 rows=990 width=121)
	        Sort Key: c
	        ->  Bitmap Heap Scan on sbtest2  (cost=22.58..3823.48 rows=990 width=121)
	              Recheck Cond: ((id >= 424283) AND (id <= 425282))
	              ->  Bitmap Index Scan on sbtest2_pkey  (cost=0.00..22.33 rows=990 width=0)
	                    Index Cond: ((id >= 424283) AND (id <= 425282))

table 3 : explain SELECT DISTINCT c FROM sbtest3 WHERE id BETWEEN 3603650 AND 3604649 ORDER BY c
	Unique  (cost=4178.44..4183.79 rows=1070 width=121)
	  ->  Sort  (cost=4178.44..4181.11 rows=1070 width=121)
	        Sort Key: c
	        ->  Bitmap Heap Scan on sbtest3  (cost=23.40..4124.60 rows=1070 width=121)
	              Recheck Cond: ((id >= 3603650) AND (id <= 3604649))
	              ->  Bitmap Index Scan on sbtest3_pkey  (cost=0.00..23.14 rows=1070 width=0)
	                    Index Cond: ((id >= 3603650) AND (id <= 3604649))

table 4 : explain SELECT DISTINCT c FROM sbtest4 WHERE id BETWEEN 6107055 AND 6108054 ORDER BY c
	Unique  (cost=3682.45..3687.15 rows=940 width=121)
	  ->  Sort  (cost=3682.45..3684.80 rows=940 width=121)
	        Sort Key: c
	        ->  Bitmap Heap Scan on sbtest4  (cost=22.07..3636.03 rows=940 width=121)
	              Recheck Cond: ((id >= 6107055) AND (id <= 6108054))
	              ->  Bitmap Index Scan on sbtest4_pkey  (cost=0.00..21.83 rows=940 width=0)
	                    Index Cond: ((id >= 6107055) AND (id <= 6108054))

table 5 : explain SELECT DISTINCT c FROM sbtest5 WHERE id BETWEEN 6672168 AND 6673167 ORDER BY c
	Unique  (cost=3717.03..3721.77 rows=949 width=121)
	  ->  Sort  (cost=3717.03..3719.40 rows=949 width=121)
	        Sort Key: c
	        ->  Bitmap Heap Scan on sbtest5  (cost=22.16..3670.10 rows=949 width=121)
	              Recheck Cond: ((id >= 6672168) AND (id <= 6673167))
	              ->  Bitmap Index Scan on sbtest5_pkey  (cost=0.00..21.93 rows=949 width=0)
	                    Index Cond: ((id >= 6672168) AND (id <= 6673167))

table 6 : explain SELECT DISTINCT c FROM sbtest6 WHERE id BETWEEN 4730114 AND 4731113 ORDER BY c
	Unique  (cost=3862.55..3867.49 rows=987 width=121)
	  ->  Sort  (cost=3862.55..3865.02 rows=987 width=121)
	        Sort Key: c
	        ->  Bitmap Heap Scan on sbtest6  (cost=22.55..3813.46 rows=987 width=121)
	              Recheck Cond: ((id >= 4730114) AND (id <= 4731113))
	              ->  Bitmap Index Scan on sbtest6_pkey  (cost=0.00..22.30 rows=987 width=0)
	                    Index Cond: ((id >= 4730114) AND (id <= 4731113))

table 7 : explain SELECT DISTINCT c FROM sbtest7 WHERE id BETWEEN 5106998 AND 5107997 ORDER BY c
	Unique  (cost=3940.23..3945.27 rows=1007 width=121)
	  ->  Sort  (cost=3940.23..3942.75 rows=1007 width=121)
	        Sort Key: c
	        ->  Bitmap Heap Scan on sbtest7  (cost=22.76..3890.00 rows=1007 width=121)
	              Recheck Cond: ((id >= 5106998) AND (id <= 5107997))
	              ->  Bitmap Index Scan on sbtest7_pkey  (cost=0.00..22.50 rows=1007 width=0)
	                    Index Cond: ((id >= 5106998) AND (id <= 5107997))

table 8 : explain SELECT DISTINCT c FROM sbtest8 WHERE id BETWEEN 3016201 AND 3017200 ORDER BY c
	Unique  (cost=4127.66..4132.93 rows=1055 width=121)
	  ->  Sort  (cost=4127.66..4130.29 rows=1055 width=121)
	        Sort Key: c
	        ->  Bitmap Heap Scan on sbtest8  (cost=27.25..4074.68 rows=1055 width=121)
	              Recheck Cond: ((id >= 3016201) AND (id <= 3017200))
	              ->  Bitmap Index Scan on sbtest8_pkey  (cost=0.00..26.98 rows=1055 width=0)
	                    Index Cond: ((id >= 3016201) AND (id <= 3017200))

for: sum_ranges
table 1 : explain SELECT SUM(k) FROM sbtest1 WHERE id BETWEEN 9429478 AND 9430477
	Aggregate  (cost=4103.30..4103.31 rows=1 width=8)
	  ->  Bitmap Heap Scan on sbtest1  (cost=23.34..4100.64 rows=1064 width=4)
	        Recheck Cond: ((id >= 9429478) AND (id <= 9430477))
	        ->  Bitmap Index Scan on sbtest1_pkey  (cost=0.00..23.07 rows=1064 width=0)
	              Index Cond: ((id >= 9429478) AND (id <= 9430477))

table 2 : explain SELECT SUM(k) FROM sbtest2 WHERE id BETWEEN 350691 AND 351690
	Aggregate  (cost=4100.82..4100.83 rows=1 width=8)
	  ->  Bitmap Heap Scan on sbtest2  (cost=23.33..4098.16 rows=1063 width=4)
	        Recheck Cond: ((id >= 350691) AND (id <= 351690))
	        ->  Bitmap Index Scan on sbtest2_pkey  (cost=0.00..23.07 rows=1063 width=0)
	              Index Cond: ((id >= 350691) AND (id <= 351690))

table 3 : explain SELECT SUM(k) FROM sbtest3 WHERE id BETWEEN 2496132 AND 2497131
	Aggregate  (cost=3750.64..3750.65 rows=1 width=8)
	  ->  Bitmap Heap Scan on sbtest3  (cost=22.38..3748.22 rows=970 width=4)
	        Recheck Cond: ((id >= 2496132) AND (id <= 2497131))
	        ->  Bitmap Index Scan on sbtest3_pkey  (cost=0.00..22.14 rows=970 width=0)
	              Index Cond: ((id >= 2496132) AND (id <= 2497131))

table 4 : explain SELECT SUM(k) FROM sbtest4 WHERE id BETWEEN 4498706 AND 4499705
	Aggregate  (cost=3661.05..3661.06 rows=1 width=8)
	  ->  Bitmap Heap Scan on sbtest4  (cost=22.13..3658.68 rows=946 width=4)
	        Recheck Cond: ((id >= 4498706) AND (id <= 4499705))
	        ->  Bitmap Index Scan on sbtest4_pkey  (cost=0.00..21.89 rows=946 width=0)
	              Index Cond: ((id >= 4498706) AND (id <= 4499705))

table 5 : explain SELECT SUM(k) FROM sbtest5 WHERE id BETWEEN 4541691 AND 4542690
	Aggregate  (cost=3562.87..3562.88 rows=1 width=8)
	  ->  Bitmap Heap Scan on sbtest5  (cost=21.87..3560.57 rows=920 width=4)
	        Recheck Cond: ((id >= 4541691) AND (id <= 4542690))
	        ->  Bitmap Index Scan on sbtest5_pkey  (cost=0.00..21.64 rows=920 width=0)
	              Index Cond: ((id >= 4541691) AND (id <= 4542690))

table 6 : explain SELECT SUM(k) FROM sbtest6 WHERE id BETWEEN 1451079 AND 1452078
	Aggregate  (cost=3680.04..3680.05 rows=1 width=8)
	  ->  Bitmap Heap Scan on sbtest6  (cost=22.18..3677.67 rows=951 width=4)
	        Recheck Cond: ((id >= 1451079) AND (id <= 1452078))
	        ->  Bitmap Index Scan on sbtest6_pkey  (cost=0.00..21.94 rows=951 width=0)
	              Index Cond: ((id >= 1451079) AND (id <= 1452078))

table 7 : explain SELECT SUM(k) FROM sbtest7 WHERE id BETWEEN 9801540 AND 9802539
	Aggregate  (cost=3828.39..3828.40 rows=1 width=8)
	  ->  Bitmap Heap Scan on sbtest7  (cost=22.58..3825.91 rows=990 width=4)
	        Recheck Cond: ((id >= 9801540) AND (id <= 9802539))
	        ->  Bitmap Index Scan on sbtest7_pkey  (cost=0.00..22.33 rows=990 width=0)
	              Index Cond: ((id >= 9801540) AND (id <= 9802539))

table 8 : explain SELECT SUM(k) FROM sbtest8 WHERE id BETWEEN 488281 AND 489280
	Aggregate  (cost=4066.02..4066.03 rows=1 width=8)
	  ->  Bitmap Heap Scan on sbtest8  (cost=27.22..4063.39 rows=1052 width=4)
	        Recheck Cond: ((id >= 488281) AND (id <= 489280))
	        ->  Bitmap Index Scan on sbtest8_pkey  (cost=0.00..26.95 rows=1052 width=0)
	              Index Cond: ((id >= 488281) AND (id <= 489280))

for: sum_ranges
table 1 : explain SELECT SUM(k) FROM sbtest1 WHERE id BETWEEN 5193334 AND 5194333
	Aggregate  (cost=3432.19..3432.20 rows=1 width=8)
	  ->  Bitmap Heap Scan on sbtest1  (cost=21.52..3429.97 rows=886 width=4)
	        Recheck Cond: ((id >= 5193334) AND (id <= 5194333))
	        ->  Bitmap Index Scan on sbtest1_pkey  (cost=0.00..21.29 rows=886 width=0)
	              Index Cond: ((id >= 5193334) AND (id <= 5194333))

table 2 : explain SELECT SUM(k) FROM sbtest2 WHERE id BETWEEN 9074132 AND 9075131
	Aggregate  (cost=4048.16..4048.17 rows=1 width=8)
	  ->  Bitmap Heap Scan on sbtest2  (cost=23.19..4045.54 rows=1049 width=4)
	        Recheck Cond: ((id >= 9074132) AND (id <= 9075131))
	        ->  Bitmap Index Scan on sbtest2_pkey  (cost=0.00..22.93 rows=1049 width=0)
	              Index Cond: ((id >= 9074132) AND (id <= 9075131))

table 3 : explain SELECT SUM(k) FROM sbtest3 WHERE id BETWEEN 3433947 AND 3434946
	Aggregate  (cost=3920.29..3920.30 rows=1 width=8)
	  ->  Bitmap Heap Scan on sbtest3  (cost=22.84..3917.75 rows=1015 width=4)
	        Recheck Cond: ((id >= 3433947) AND (id <= 3434946))
	        ->  Bitmap Index Scan on sbtest3_pkey  (cost=0.00..22.58 rows=1015 width=0)
	              Index Cond: ((id >= 3433947) AND (id <= 3434946))

table 4 : explain SELECT SUM(k) FROM sbtest4 WHERE id BETWEEN 8492812 AND 8493811
	Aggregate  (cost=3664.82..3664.83 rows=1 width=8)
	  ->  Bitmap Heap Scan on sbtest4  (cost=22.14..3662.46 rows=947 width=4)
	        Recheck Cond: ((id >= 8492812) AND (id <= 8493811))
	        ->  Bitmap Index Scan on sbtest4_pkey  (cost=0.00..21.90 rows=947 width=0)
	              Index Cond: ((id >= 8492812) AND (id <= 8493811))

table 5 : explain SELECT SUM(k) FROM sbtest5 WHERE id BETWEEN 7653368 AND 7654367
	Aggregate  (cost=3974.24..3974.25 rows=1 width=8)
	  ->  Bitmap Heap Scan on sbtest5  (cost=22.98..3971.66 rows=1029 width=4)
	        Recheck Cond: ((id >= 7653368) AND (id <= 7654367))
	        ->  Bitmap Index Scan on sbtest5_pkey  (cost=0.00..22.72 rows=1029 width=0)
	              Index Cond: ((id >= 7653368) AND (id <= 7654367))

table 6 : explain SELECT SUM(k) FROM sbtest6 WHERE id BETWEEN 2020868 AND 2021867
	Aggregate  (cost=3748.01..3748.02 rows=1 width=8)
	  ->  Bitmap Heap Scan on sbtest6  (cost=22.37..3745.59 rows=969 width=4)
	        Recheck Cond: ((id >= 2020868) AND (id <= 2021867))
	        ->  Bitmap Index Scan on sbtest6_pkey  (cost=0.00..22.12 rows=969 width=0)
	              Index Cond: ((id >= 2020868) AND (id <= 2021867))

table 7 : explain SELECT SUM(k) FROM sbtest7 WHERE id BETWEEN 7043499 AND 7044498
	Aggregate  (cost=3745.34..3745.35 rows=1 width=8)
	  ->  Bitmap Heap Scan on sbtest7  (cost=22.36..3742.92 rows=968 width=4)
	        Recheck Cond: ((id >= 7043499) AND (id <= 7044498))
	        ->  Bitmap Index Scan on sbtest7_pkey  (cost=0.00..22.11 rows=968 width=0)
	              Index Cond: ((id >= 7043499) AND (id <= 7044498))

table 8 : explain SELECT SUM(k) FROM sbtest8 WHERE id BETWEEN 5661556 AND 5662555
	Aggregate  (cost=4205.27..4205.28 rows=1 width=8)
	  ->  Bitmap Heap Scan on sbtest8  (cost=27.60..4202.54 rows=1089 width=4)
	        Recheck Cond: ((id >= 5661556) AND (id <= 5662555))
	        ->  Bitmap Index Scan on sbtest8_pkey  (cost=0.00..27.32 rows=1089 width=0)
	              Index Cond: ((id >= 5661556) AND (id <= 5662555))

for: distinct_ranges
table 1 : explain SELECT DISTINCT c FROM sbtest1 WHERE id BETWEEN 7591862 AND 7592861 ORDER BY c
	Unique  (cost=3829.53..3834.43 rows=979 width=121)
	  ->  Sort  (cost=3829.53..3831.98 rows=979 width=121)
	        Sort Key: c
	        ->  Bitmap Heap Scan on sbtest1  (cost=22.47..3780.90 rows=979 width=121)
	              Recheck Cond: ((id >= 7591862) AND (id <= 7592861))
	              ->  Bitmap Index Scan on sbtest1_pkey  (cost=0.00..22.22 rows=979 width=0)
	                    Index Cond: ((id >= 7591862) AND (id <= 7592861))

table 2 : explain SELECT DISTINCT c FROM sbtest2 WHERE id BETWEEN 3546503 AND 3547502 ORDER BY c
	Unique  (cost=4155.41..4160.73 rows=1064 width=121)
	  ->  Sort  (cost=4155.41..4158.07 rows=1064 width=121)
	        Sort Key: c
	        ->  Bitmap Heap Scan on sbtest2  (cost=23.34..4101.92 rows=1064 width=121)
	              Recheck Cond: ((id >= 3546503) AND (id <= 3547502))
	              ->  Bitmap Index Scan on sbtest2_pkey  (cost=0.00..23.07 rows=1064 width=0)
	                    Index Cond: ((id >= 3546503) AND (id <= 3547502))

table 3 : explain SELECT DISTINCT c FROM sbtest3 WHERE id BETWEEN 6157157 AND 6158156 ORDER BY c
	Unique  (cost=3803.99..3808.85 rows=972 width=121)
	  ->  Sort  (cost=3803.99..3806.42 rows=972 width=121)
	        Sort Key: c
	        ->  Bitmap Heap Scan on sbtest3  (cost=22.40..3755.76 rows=972 width=121)
	              Recheck Cond: ((id >= 6157157) AND (id <= 6158156))
	              ->  Bitmap Index Scan on sbtest3_pkey  (cost=0.00..22.15 rows=972 width=0)
	                    Index Cond: ((id >= 6157157) AND (id <= 6158156))

table 4 : explain SELECT DISTINCT c FROM sbtest4 WHERE id BETWEEN 5153626 AND 5154625 ORDER BY c
	Unique  (cost=3877.74..3882.70 rows=991 width=121)
	  ->  Sort  (cost=3877.74..3880.22 rows=991 width=121)
	        Sort Key: c
	        ->  Bitmap Heap Scan on sbtest4  (cost=22.59..3828.43 rows=991 width=121)
	              Recheck Cond: ((id >= 5153626) AND (id <= 5154625))
	              ->  Bitmap Index Scan on sbtest4_pkey  (cost=0.00..22.34 rows=991 width=0)
	                    Index Cond: ((id >= 5153626) AND (id <= 5154625))

table 5 : explain SELECT DISTINCT c FROM sbtest5 WHERE id BETWEEN 9305636 AND 9306635 ORDER BY c
	Unique  (cost=4366.89..4372.49 rows=1119 width=121)
	  ->  Sort  (cost=4366.89..4369.69 rows=1119 width=121)
	        Sort Key: c
	        ->  Bitmap Heap Scan on sbtest5  (cost=27.90..4310.23 rows=1119 width=121)
	              Recheck Cond: ((id >= 9305636) AND (id <= 9306635))
	              ->  Bitmap Index Scan on sbtest5_pkey  (cost=0.00..27.62 rows=1119 width=0)
	                    Index Cond: ((id >= 9305636) AND (id <= 9306635))

table 6 : explain SELECT DISTINCT c FROM sbtest6 WHERE id BETWEEN 9974761 AND 9975760 ORDER BY c
	Unique  (cost=4015.53..4020.66 rows=1027 width=121)
	  ->  Sort  (cost=4015.53..4018.09 rows=1027 width=121)
	        Sort Key: c
	        ->  Bitmap Heap Scan on sbtest6  (cost=22.96..3964.15 rows=1027 width=121)
	              Recheck Cond: ((id >= 9974761) AND (id <= 9975760))
	              ->  Bitmap Index Scan on sbtest6_pkey  (cost=0.00..22.70 rows=1027 width=0)
	                    Index Cond: ((id >= 9974761) AND (id <= 9975760))

table 7 : explain SELECT DISTINCT c FROM sbtest7 WHERE id BETWEEN 365373 AND 366372 ORDER BY c
	Unique  (cost=3989.96..3995.06 rows=1020 width=121)
	  ->  Sort  (cost=3989.96..3992.51 rows=1020 width=121)
	        Sort Key: c
	        ->  Bitmap Heap Scan on sbtest7  (cost=22.89..3938.99 rows=1020 width=121)
	              Recheck Cond: ((id >= 365373) AND (id <= 366372))
	              ->  Bitmap Index Scan on sbtest7_pkey  (cost=0.00..22.64 rows=1020 width=0)
	                    Index Cond: ((id >= 365373) AND (id <= 366372))

table 8 : explain SELECT DISTINCT c FROM sbtest8 WHERE id BETWEEN 8070283 AND 8071282 ORDER BY c
	Unique  (cost=4116.20..4121.46 rows=1052 width=121)
	  ->  Sort  (cost=4116.20..4118.83 rows=1052 width=121)
	        Sort Key: c
	        ->  Bitmap Heap Scan on sbtest8  (cost=27.22..4063.39 rows=1052 width=121)
	              Recheck Cond: ((id >= 8070283) AND (id <= 8071282))
	              ->  Bitmap Index Scan on sbtest8_pkey  (cost=0.00..26.95 rows=1052 width=0)
	                    Index Cond: ((id >= 8070283) AND (id <= 8071282))

for: distinct_ranges
table 1 : explain SELECT DISTINCT c FROM sbtest1 WHERE id BETWEEN 9092860 AND 9093859 ORDER BY c
	Unique  (cost=4257.14..4262.60 rows=1092 width=121)
	  ->  Sort  (cost=4257.14..4259.87 rows=1092 width=121)
	        Sort Key: c
	        ->  Bitmap Heap Scan on sbtest1  (cost=23.63..4202.04 rows=1092 width=121)
	              Recheck Cond: ((id >= 9092860) AND (id <= 9093859))
	              ->  Bitmap Index Scan on sbtest1_pkey  (cost=0.00..23.36 rows=1092 width=0)
	                    Index Cond: ((id >= 9092860) AND (id <= 9093859))

table 2 : explain SELECT DISTINCT c FROM sbtest2 WHERE id BETWEEN 1235492 AND 1236491 ORDER BY c
	Unique  (cost=4151.60..4156.91 rows=1063 width=121)
	  ->  Sort  (cost=4151.60..4154.26 rows=1063 width=121)
	        Sort Key: c
	        ->  Bitmap Heap Scan on sbtest2  (cost=23.33..4098.16 rows=1063 width=121)
	              Recheck Cond: ((id >= 1235492) AND (id <= 1236491))
	              ->  Bitmap Index Scan on sbtest2_pkey  (cost=0.00..23.07 rows=1063 width=0)
	                    Index Cond: ((id >= 1235492) AND (id <= 1236491))

table 3 : explain SELECT DISTINCT c FROM sbtest3 WHERE id BETWEEN 3302868 AND 3303867 ORDER BY c
	Unique  (cost=4479.73..4485.48 rows=1149 width=121)
	  ->  Sort  (cost=4479.73..4482.61 rows=1149 width=121)
	        Sort Key: c
	        ->  Bitmap Heap Scan on sbtest3  (cost=28.21..4421.33 rows=1149 width=121)
	              Recheck Cond: ((id >= 3302868) AND (id <= 3303867))
	              ->  Bitmap Index Scan on sbtest3_pkey  (cost=0.00..27.93 rows=1149 width=0)
	                    Index Cond: ((id >= 3302868) AND (id <= 3303867))

table 4 : explain SELECT DISTINCT c FROM sbtest4 WHERE id BETWEEN 1704675 AND 1705674 ORDER BY c
	Unique  (cost=3532.89..3537.39 rows=901 width=121)
	  ->  Sort  (cost=3532.89..3535.14 rows=901 width=121)
	        Sort Key: c
	        ->  Bitmap Heap Scan on sbtest4  (cost=21.67..3488.67 rows=901 width=121)
	              Recheck Cond: ((id >= 1704675) AND (id <= 1705674))
	              ->  Bitmap Index Scan on sbtest4_pkey  (cost=0.00..21.44 rows=901 width=0)
	                    Index Cond: ((id >= 1704675) AND (id <= 1705674))

table 5 : explain SELECT DISTINCT c FROM sbtest5 WHERE id BETWEEN 942742 AND 943741 ORDER BY c
	Unique  (cost=3563.67..3568.22 rows=909 width=121)
	  ->  Sort  (cost=3563.67..3565.94 rows=909 width=121)
	        Sort Key: c
	        ->  Bitmap Heap Scan on sbtest5  (cost=21.75..3519.00 rows=909 width=121)
	              Recheck Cond: ((id >= 942742) AND (id <= 943741))
	              ->  Bitmap Index Scan on sbtest5_pkey  (cost=0.00..21.52 rows=909 width=0)
	                    Index Cond: ((id >= 942742) AND (id <= 943741))

table 6 : explain SELECT DISTINCT c FROM sbtest6 WHERE id BETWEEN 6219774 AND 6220773 ORDER BY c
	Unique  (cost=3717.05..3721.79 rows=949 width=121)
	  ->  Sort  (cost=3717.05..3719.42 rows=949 width=121)
	        Sort Key: c
	        ->  Bitmap Heap Scan on sbtest6  (cost=22.16..3670.12 rows=949 width=121)
	              Recheck Cond: ((id >= 6219774) AND (id <= 6220773))
	              ->  Bitmap Index Scan on sbtest6_pkey  (cost=0.00..21.93 rows=949 width=0)
	                    Index Cond: ((id >= 6219774) AND (id <= 6220773))

table 7 : explain SELECT DISTINCT c FROM sbtest7 WHERE id BETWEEN 9636015 AND 9637014 ORDER BY c
	Unique  (cost=4516.91..4522.70 rows=1158 width=121)
	  ->  Sort  (cost=4516.91..4519.80 rows=1158 width=121)
	        Sort Key: c
	        ->  Bitmap Heap Scan on sbtest7  (cost=28.30..4457.98 rows=1158 width=121)
	              Recheck Cond: ((id >= 9636015) AND (id <= 9637014))
	              ->  Bitmap Index Scan on sbtest7_pkey  (cost=0.00..28.01 rows=1158 width=0)
	                    Index Cond: ((id >= 9636015) AND (id <= 9637014))

table 8 : explain SELECT DISTINCT c FROM sbtest8 WHERE id BETWEEN 1244574 AND 1245573 ORDER BY c
	Unique  (cost=3679.70..3684.40 rows=939 width=121)
	  ->  Sort  (cost=3679.70..3682.05 rows=939 width=121)
	        Sort Key: c
	        ->  Bitmap Heap Scan on sbtest8  (cost=22.06..3633.34 rows=939 width=121)
	              Recheck Cond: ((id >= 1244574) AND (id <= 1245573))
	              ->  Bitmap Index Scan on sbtest8_pkey  (cost=0.00..21.82 rows=939 width=0)
	                    Index Cond: ((id >= 1244574) AND (id <= 1245573))

for: distinct_ranges
table 1 : explain SELECT DISTINCT c FROM sbtest1 WHERE id BETWEEN 6009822 AND 6010821 ORDER BY c
	Unique  (cost=4020.58..4025.73 rows=1029 width=121)
	  ->  Sort  (cost=4020.58..4023.15 rows=1029 width=121)
	        Sort Key: c
	        ->  Bitmap Heap Scan on sbtest1  (cost=22.98..3969.09 rows=1029 width=121)
	              Recheck Cond: ((id >= 6009822) AND (id <= 6010821))
	              ->  Bitmap Index Scan on sbtest1_pkey  (cost=0.00..22.72 rows=1029 width=0)
	                    Index Cond: ((id >= 6009822) AND (id <= 6010821))

table 2 : explain SELECT DISTINCT c FROM sbtest2 WHERE id BETWEEN 2341372 AND 2342371 ORDER BY c
	Unique  (cost=3926.27..3931.29 rows=1004 width=121)
	  ->  Sort  (cost=3926.27..3928.78 rows=1004 width=121)
	        Sort Key: c
	        ->  Bitmap Heap Scan on sbtest2  (cost=22.73..3876.21 rows=1004 width=121)
	              Recheck Cond: ((id >= 2341372) AND (id <= 2342371))
	              ->  Bitmap Index Scan on sbtest2_pkey  (cost=0.00..22.47 rows=1004 width=0)
	                    Index Cond: ((id >= 2341372) AND (id <= 2342371))

table 3 : explain SELECT DISTINCT c FROM sbtest3 WHERE id BETWEEN 3074395 AND 3075394 ORDER BY c
	Unique  (cost=3754.23..3759.03 rows=959 width=121)
	  ->  Sort  (cost=3754.23..3756.63 rows=959 width=121)
	        Sort Key: c
	        ->  Bitmap Heap Scan on sbtest3  (cost=22.26..3706.74 rows=959 width=121)
	              Recheck Cond: ((id >= 3074395) AND (id <= 3075394))
	              ->  Bitmap Index Scan on sbtest3_pkey  (cost=0.00..22.02 rows=959 width=0)
	                    Index Cond: ((id >= 3074395) AND (id <= 3075394))

table 4 : explain SELECT DISTINCT c FROM sbtest4 WHERE id BETWEEN 9751375 AND 9752374 ORDER BY c
	Unique  (cost=3965.71..3970.78 rows=1014 width=121)
	  ->  Sort  (cost=3965.71..3968.25 rows=1014 width=121)
	        Sort Key: c
	        ->  Bitmap Heap Scan on sbtest4  (cost=22.83..3915.08 rows=1014 width=121)
	              Recheck Cond: ((id >= 9751375) AND (id <= 9752374))
	              ->  Bitmap Index Scan on sbtest4_pkey  (cost=0.00..22.57 rows=1014 width=0)
	                    Index Cond: ((id >= 9751375) AND (id <= 9752374))

table 5 : explain SELECT DISTINCT c FROM sbtest5 WHERE id BETWEEN 1572623 AND 1573622 ORDER BY c
	Unique  (cost=3935.22..3940.25 rows=1006 width=121)
	  ->  Sort  (cost=3935.22..3937.74 rows=1006 width=121)
	        Sort Key: c
	        ->  Bitmap Heap Scan on sbtest5  (cost=22.75..3885.05 rows=1006 width=121)
	              Recheck Cond: ((id >= 1572623) AND (id <= 1573622))
	              ->  Bitmap Index Scan on sbtest5_pkey  (cost=0.00..22.50 rows=1006 width=0)
	                    Index Cond: ((id >= 1572623) AND (id <= 1573622))

table 6 : explain SELECT DISTINCT c FROM sbtest6 WHERE id BETWEEN 2044186 AND 2045185 ORDER BY c
	Unique  (cost=3659.56..3664.23 rows=934 width=121)
	  ->  Sort  (cost=3659.56..3661.89 rows=934 width=121)
	        Sort Key: c
	        ->  Bitmap Heap Scan on sbtest6  (cost=22.01..3613.48 rows=934 width=121)
	              Recheck Cond: ((id >= 2044186) AND (id <= 2045185))
	              ->  Bitmap Index Scan on sbtest6_pkey  (cost=0.00..21.77 rows=934 width=0)
	                    Index Cond: ((id >= 2044186) AND (id <= 2045185))

table 7 : explain SELECT DISTINCT c FROM sbtest7 WHERE id BETWEEN 4364238 AND 4365237 ORDER BY c
	Unique  (cost=3794.75..3799.60 rows=969 width=121)
	  ->  Sort  (cost=3794.75..3797.18 rows=969 width=121)
	        Sort Key: c
	        ->  Bitmap Heap Scan on sbtest7  (cost=22.37..3746.69 rows=969 width=121)
	              Recheck Cond: ((id >= 4364238) AND (id <= 4365237))
	              ->  Bitmap Index Scan on sbtest7_pkey  (cost=0.00..22.12 rows=969 width=0)
	                    Index Cond: ((id >= 4364238) AND (id <= 4365237))

table 8 : explain SELECT DISTINCT c FROM sbtest8 WHERE id BETWEEN 9269239 AND 9270238 ORDER BY c
	Unique  (cost=3579.97..3584.53 rows=913 width=121)
	  ->  Sort  (cost=3579.97..3582.25 rows=913 width=121)
	        Sort Key: c
	        ->  Bitmap Heap Scan on sbtest8  (cost=21.79..3535.07 rows=913 width=121)
	              Recheck Cond: ((id >= 9269239) AND (id <= 9270238))
	              ->  Bitmap Index Scan on sbtest8_pkey  (cost=0.00..21.57 rows=913 width=0)
	                    Index Cond: ((id >= 9269239) AND (id <= 9270238))

for: distinct_ranges
table 1 : explain SELECT DISTINCT c FROM sbtest1 WHERE id BETWEEN 9419920 AND 9420919 ORDER BY c
	Unique  (cost=4154.13..4159.45 rows=1064 width=121)
	  ->  Sort  (cost=4154.13..4156.79 rows=1064 width=121)
	        Sort Key: c
	        ->  Bitmap Heap Scan on sbtest1  (cost=23.34..4100.64 rows=1064 width=121)
	              Recheck Cond: ((id >= 9419920) AND (id <= 9420919))
	              ->  Bitmap Index Scan on sbtest1_pkey  (cost=0.00..23.07 rows=1064 width=0)
	                    Index Cond: ((id >= 9419920) AND (id <= 9420919))

table 2 : explain SELECT DISTINCT c FROM sbtest2 WHERE id BETWEEN 3066694 AND 3067693 ORDER BY c
	Unique  (cost=4048.53..4053.71 rows=1036 width=121)
	  ->  Sort  (cost=4048.53..4051.12 rows=1036 width=121)
	        Sort Key: c
	        ->  Bitmap Heap Scan on sbtest2  (cost=23.05..3996.65 rows=1036 width=121)
	              Recheck Cond: ((id >= 3066694) AND (id <= 3067693))
	              ->  Bitmap Index Scan on sbtest2_pkey  (cost=0.00..22.79 rows=1036 width=0)
	                    Index Cond: ((id >= 3066694) AND (id <= 3067693))

table 3 : explain SELECT DISTINCT c FROM sbtest3 WHERE id BETWEEN 4022438 AND 4023437 ORDER BY c
	Unique  (cost=3666.14..3670.82 rows=936 width=121)
	  ->  Sort  (cost=3666.14..3668.48 rows=936 width=121)
	        Sort Key: c
	        ->  Bitmap Heap Scan on sbtest3  (cost=22.03..3619.95 rows=936 width=121)
	              Recheck Cond: ((id >= 4022438) AND (id <= 4023437))
	              ->  Bitmap Index Scan on sbtest3_pkey  (cost=0.00..21.79 rows=936 width=0)
	                    Index Cond: ((id >= 4022438) AND (id <= 4023437))

table 4 : explain SELECT DISTINCT c FROM sbtest4 WHERE id BETWEEN 6634160 AND 6635159 ORDER BY c
	Unique  (cost=3743.75..3748.53 rows=956 width=121)
	  ->  Sort  (cost=3743.75..3746.14 rows=956 width=121)
	        Sort Key: c
	        ->  Bitmap Heap Scan on sbtest4  (cost=22.23..3696.43 rows=956 width=121)
	              Recheck Cond: ((id >= 6634160) AND (id <= 6635159))
	              ->  Bitmap Index Scan on sbtest4_pkey  (cost=0.00..22.00 rows=956 width=0)
	                    Index Cond: ((id >= 6634160) AND (id <= 6635159))

table 5 : explain SELECT DISTINCT c FROM sbtest5 WHERE id BETWEEN 6706013 AND 6707012 ORDER BY c
	Unique  (cost=3717.03..3721.77 rows=949 width=121)
	  ->  Sort  (cost=3717.03..3719.40 rows=949 width=121)
	        Sort Key: c
	        ->  Bitmap Heap Scan on sbtest5  (cost=22.16..3670.10 rows=949 width=121)
	              Recheck Cond: ((id >= 6706013) AND (id <= 6707012))
	              ->  Bitmap Index Scan on sbtest5_pkey  (cost=0.00..21.93 rows=949 width=0)
	                    Index Cond: ((id >= 6706013) AND (id <= 6707012))

table 6 : explain SELECT DISTINCT c FROM sbtest6 WHERE id BETWEEN 9062014 AND 9063013 ORDER BY c
	Unique  (cost=4416.45..4422.11 rows=1132 width=121)
	  ->  Sort  (cost=4416.45..4419.28 rows=1132 width=121)
	        Sort Key: c
	        ->  Bitmap Heap Scan on sbtest6  (cost=28.04..4359.03 rows=1132 width=121)
	              Recheck Cond: ((id >= 9062014) AND (id <= 9063013))
	              ->  Bitmap Index Scan on sbtest6_pkey  (cost=0.00..27.75 rows=1132 width=0)
	                    Index Cond: ((id >= 9062014) AND (id <= 9063013))

table 7 : explain SELECT DISTINCT c FROM sbtest7 WHERE id BETWEEN 8721608 AND 8722607 ORDER BY c
	Unique  (cost=3829.22..3834.11 rows=978 width=121)
	  ->  Sort  (cost=3829.22..3831.67 rows=978 width=121)
	        Sort Key: c
	        ->  Bitmap Heap Scan on sbtest7  (cost=22.46..3780.65 rows=978 width=121)
	              Recheck Cond: ((id >= 8721608) AND (id <= 8722607))
	              ->  Bitmap Index Scan on sbtest7_pkey  (cost=0.00..22.21 rows=978 width=0)
	                    Index Cond: ((id >= 8721608) AND (id <= 8722607))

table 8 : explain SELECT DISTINCT c FROM sbtest8 WHERE id BETWEEN 184758 AND 185757 ORDER BY c
	Unique  (cost=3771.69..3776.50 rows=963 width=121)
	  ->  Sort  (cost=3771.69..3774.10 rows=963 width=121)
	        Sort Key: c
	        ->  Bitmap Heap Scan on sbtest8  (cost=22.31..3723.97 rows=963 width=121)
	              Recheck Cond: ((id >= 184758) AND (id <= 185757))
	              ->  Bitmap Index Scan on sbtest8_pkey  (cost=0.00..22.07 rows=963 width=0)
	                    Index Cond: ((id >= 184758) AND (id <= 185757))

for: simple_ranges
table 1 : explain SELECT c FROM sbtest1 WHERE id BETWEEN 3262608 AND 3263607
	Bitmap Heap Scan on sbtest1  (cost=22.90..3939.01 rows=1021 width=121)
	  Recheck Cond: ((id >= 3262608) AND (id <= 3263607))
	  ->  Bitmap Index Scan on sbtest1_pkey  (cost=0.00..22.64 rows=1021 width=0)
	        Index Cond: ((id >= 3262608) AND (id <= 3263607))

table 2 : explain SELECT c FROM sbtest2 WHERE id BETWEEN 8507473 AND 8508472
	Bitmap Heap Scan on sbtest2  (cost=22.76..3887.51 rows=1007 width=121)
	  Recheck Cond: ((id >= 8507473) AND (id <= 8508472))
	  ->  Bitmap Index Scan on sbtest2_pkey  (cost=0.00..22.50 rows=1007 width=0)
	        Index Cond: ((id >= 8507473) AND (id <= 8508472))

table 3 : explain SELECT c FROM sbtest3 WHERE id BETWEEN 6674224 AND 6675223
	Bitmap Heap Scan on sbtest3  (cost=23.22..4056.94 rows=1052 width=121)
	  Recheck Cond: ((id >= 6674224) AND (id <= 6675223))
	  ->  Bitmap Index Scan on sbtest3_pkey  (cost=0.00..22.95 rows=1052 width=0)
	        Index Cond: ((id >= 6674224) AND (id <= 6675223))

table 4 : explain SELECT c FROM sbtest4 WHERE id BETWEEN 4005142 AND 4006141
	Bitmap Heap Scan on sbtest4  (cost=22.34..3734.16 rows=966 width=121)
	  Recheck Cond: ((id >= 4005142) AND (id <= 4006141))
	  ->  Bitmap Index Scan on sbtest4_pkey  (cost=0.00..22.09 rows=966 width=0)
	        Index Cond: ((id >= 4005142) AND (id <= 4006141))

table 5 : explain SELECT c FROM sbtest5 WHERE id BETWEEN 8847238 AND 8848237
	Bitmap Heap Scan on sbtest5  (cost=22.61..3836.06 rows=993 width=121)
	  Recheck Cond: ((id >= 8847238) AND (id <= 8848237))
	  ->  Bitmap Index Scan on sbtest5_pkey  (cost=0.00..22.36 rows=993 width=0)
	        Index Cond: ((id >= 8847238) AND (id <= 8848237))

table 6 : explain SELECT c FROM sbtest6 WHERE id BETWEEN 457837 AND 458836
	Bitmap Heap Scan on sbtest6  (cost=27.18..4047.19 rows=1048 width=121)
	  Recheck Cond: ((id >= 457837) AND (id <= 458836))
	  ->  Bitmap Index Scan on sbtest6_pkey  (cost=0.00..26.91 rows=1048 width=0)
	        Index Cond: ((id >= 457837) AND (id <= 458836))

table 7 : explain SELECT c FROM sbtest7 WHERE id BETWEEN 1860779 AND 1861778
	Bitmap Heap Scan on sbtest7  (cost=22.30..3720.27 rows=962 width=121)
	  Recheck Cond: ((id >= 1860779) AND (id <= 1861778))
	  ->  Bitmap Index Scan on sbtest7_pkey  (cost=0.00..22.05 rows=962 width=0)
	        Index Cond: ((id >= 1860779) AND (id <= 1861778))

table 8 : explain SELECT c FROM sbtest8 WHERE id BETWEEN 6228427 AND 6229426
	Bitmap Heap Scan on sbtest8  (cost=21.61..3466.99 rows=895 width=121)
	  Recheck Cond: ((id >= 6228427) AND (id <= 6229426))
	  ->  Bitmap Index Scan on sbtest8_pkey  (cost=0.00..21.39 rows=895 width=0)
	        Index Cond: ((id >= 6228427) AND (id <= 6229426))

for: distinct_ranges
table 1 : explain SELECT DISTINCT c FROM sbtest1 WHERE id BETWEEN 2711707 AND 2712706 ORDER BY c
	Unique  (cost=4192.27..4197.64 rows=1074 width=121)
	  ->  Sort  (cost=4192.27..4194.95 rows=1074 width=121)
	        Sort Key: c
	        ->  Bitmap Heap Scan on sbtest1  (cost=23.44..4138.20 rows=1074 width=121)
	              Recheck Cond: ((id >= 2711707) AND (id <= 2712706))
	              ->  Bitmap Index Scan on sbtest1_pkey  (cost=0.00..23.18 rows=1074 width=0)
	                    Index Cond: ((id >= 2711707) AND (id <= 2712706))

table 2 : explain SELECT DISTINCT c FROM sbtest2 WHERE id BETWEEN 1323145 AND 1324144 ORDER BY c
	Unique  (cost=3681.36..3686.06 rows=940 width=121)
	  ->  Sort  (cost=3681.36..3683.71 rows=940 width=121)
	        Sort Key: c
	        ->  Bitmap Heap Scan on sbtest2  (cost=22.07..3634.94 rows=940 width=121)
	              Recheck Cond: ((id >= 1323145) AND (id <= 1324144))
	              ->  Bitmap Index Scan on sbtest2_pkey  (cost=0.00..21.83 rows=940 width=0)
	                    Index Cond: ((id >= 1323145) AND (id <= 1324144))

table 3 : explain SELECT DISTINCT c FROM sbtest3 WHERE id BETWEEN 844577 AND 845576 ORDER BY c
	Unique  (cost=4052.48..4057.66 rows=1037 width=121)
	  ->  Sort  (cost=4052.48..4055.07 rows=1037 width=121)
	        Sort Key: c
	        ->  Bitmap Heap Scan on sbtest3  (cost=23.06..4000.53 rows=1037 width=121)
	              Recheck Cond: ((id >= 844577) AND (id <= 845576))
	              ->  Bitmap Index Scan on sbtest3_pkey  (cost=0.00..22.80 rows=1037 width=0)
	                    Index Cond: ((id >= 844577) AND (id <= 845576))

table 4 : explain SELECT DISTINCT c FROM sbtest4 WHERE id BETWEEN 9543572 AND 9544571 ORDER BY c
	Unique  (cost=3981.00..3986.09 rows=1018 width=121)
	  ->  Sort  (cost=3981.00..3983.55 rows=1018 width=121)
	        Sort Key: c
	        ->  Bitmap Heap Scan on sbtest4  (cost=22.87..3930.15 rows=1018 width=121)
	              Recheck Cond: ((id >= 9543572) AND (id <= 9544571))
	              ->  Bitmap Index Scan on sbtest4_pkey  (cost=0.00..22.61 rows=1018 width=0)
	                    Index Cond: ((id >= 9543572) AND (id <= 9544571))

table 5 : explain SELECT DISTINCT c FROM sbtest5 WHERE id BETWEEN 9744233 AND 9745232 ORDER BY c
	Unique  (cost=3866.36..3871.30 rows=988 width=121)
	  ->  Sort  (cost=3866.36..3868.83 rows=988 width=121)
	        Sort Key: c
	        ->  Bitmap Heap Scan on sbtest5  (cost=22.56..3817.22 rows=988 width=121)
	              Recheck Cond: ((id >= 9744233) AND (id <= 9745232))
	              ->  Bitmap Index Scan on sbtest5_pkey  (cost=0.00..22.32 rows=988 width=0)
	                    Index Cond: ((id >= 9744233) AND (id <= 9745232))

table 6 : explain SELECT DISTINCT c FROM sbtest6 WHERE id BETWEEN 8653074 AND 8654073 ORDER BY c
	Unique  (cost=3713.21..3717.95 rows=948 width=121)
	  ->  Sort  (cost=3713.21..3715.58 rows=948 width=121)
	        Sort Key: c
	        ->  Bitmap Heap Scan on sbtest6  (cost=22.15..3666.34 rows=948 width=121)
	              Recheck Cond: ((id >= 8653074) AND (id <= 8654073))
	              ->  Bitmap Index Scan on sbtest6_pkey  (cost=0.00..21.91 rows=948 width=0)
	                    Index Cond: ((id >= 8653074) AND (id <= 8654073))

table 7 : explain SELECT DISTINCT c FROM sbtest7 WHERE id BETWEEN 4898391 AND 4899390 ORDER BY c
	Unique  (cost=4009.08..4014.21 rows=1025 width=121)
	  ->  Sort  (cost=4009.08..4011.65 rows=1025 width=121)
	        Sort Key: c
	        ->  Bitmap Heap Scan on sbtest7  (cost=22.94..3957.83 rows=1025 width=121)
	              Recheck Cond: ((id >= 4898391) AND (id <= 4899390))
	              ->  Bitmap Index Scan on sbtest7_pkey  (cost=0.00..22.68 rows=1025 width=0)
	                    Index Cond: ((id >= 4898391) AND (id <= 4899390))

table 8 : explain SELECT DISTINCT c FROM sbtest8 WHERE id BETWEEN 9242130 AND 9243129 ORDER BY c
	Unique  (cost=3579.97..3584.53 rows=913 width=121)
	  ->  Sort  (cost=3579.97..3582.25 rows=913 width=121)
	        Sort Key: c
	        ->  Bitmap Heap Scan on sbtest8  (cost=21.79..3535.07 rows=913 width=121)
	              Recheck Cond: ((id >= 9242130) AND (id <= 9243129))
	              ->  Bitmap Index Scan on sbtest8_pkey  (cost=0.00..21.57 rows=913 width=0)
	                    Index Cond: ((id >= 9242130) AND (id <= 9243129))

for: distinct_ranges
table 1 : explain SELECT DISTINCT c FROM sbtest1 WHERE id BETWEEN 8773222 AND 8774221 ORDER BY c
	Unique  (cost=3768.33..3773.15 rows=963 width=121)
	  ->  Sort  (cost=3768.33..3770.74 rows=963 width=121)
	        Sort Key: c
	        ->  Bitmap Heap Scan on sbtest1  (cost=22.31..3720.61 rows=963 width=121)
	              Recheck Cond: ((id >= 8773222) AND (id <= 8774221))
	              ->  Bitmap Index Scan on sbtest1_pkey  (cost=0.00..22.07 rows=963 width=0)
	                    Index Cond: ((id >= 8773222) AND (id <= 8774221))

table 2 : explain SELECT DISTINCT c FROM sbtest2 WHERE id BETWEEN 1115695 AND 1116694 ORDER BY c
	Unique  (cost=3918.62..3923.63 rows=1002 width=121)
	  ->  Sort  (cost=3918.62..3921.13 rows=1002 width=121)
	        Sort Key: c
	        ->  Bitmap Heap Scan on sbtest2  (cost=22.71..3868.68 rows=1002 width=121)
	              Recheck Cond: ((id >= 1115695) AND (id <= 1116694))
	              ->  Bitmap Index Scan on sbtest2_pkey  (cost=0.00..22.45 rows=1002 width=0)
	                    Index Cond: ((id >= 1115695) AND (id <= 1116694))

table 3 : explain SELECT DISTINCT c FROM sbtest3 WHERE id BETWEEN 4831868 AND 4832867 ORDER BY c
	Unique  (cost=3566.49..3571.04 rows=910 width=121)
	  ->  Sort  (cost=3566.49..3568.76 rows=910 width=121)
	        Sort Key: c
	        ->  Bitmap Heap Scan on sbtest3  (cost=21.76..3521.76 rows=910 width=121)
	              Recheck Cond: ((id >= 4831868) AND (id <= 4832867))
	              ->  Bitmap Index Scan on sbtest3_pkey  (cost=0.00..21.54 rows=910 width=0)
	                    Index Cond: ((id >= 4831868) AND (id <= 4832867))

table 4 : explain SELECT DISTINCT c FROM sbtest4 WHERE id BETWEEN 3486620 AND 3487619 ORDER BY c
	Unique  (cost=3701.61..3706.34 rows=945 width=121)
	  ->  Sort  (cost=3701.61..3703.97 rows=945 width=121)
	        Sort Key: c
	        ->  Bitmap Heap Scan on sbtest4  (cost=22.12..3654.91 rows=945 width=121)
	              Recheck Cond: ((id >= 3486620) AND (id <= 3487619))
	              ->  Bitmap Index Scan on sbtest4_pkey  (cost=0.00..21.89 rows=945 width=0)
	                    Index Cond: ((id >= 3486620) AND (id <= 3487619))

table 5 : explain SELECT DISTINCT c FROM sbtest5 WHERE id BETWEEN 1103012 AND 1104011 ORDER BY c
	Unique  (cost=3954.34..3959.40 rows=1011 width=121)
	  ->  Sort  (cost=3954.34..3956.87 rows=1011 width=121)
	        Sort Key: c
	        ->  Bitmap Heap Scan on sbtest5  (cost=22.80..3903.88 rows=1011 width=121)
	              Recheck Cond: ((id >= 1103012) AND (id <= 1104011))
	              ->  Bitmap Index Scan on sbtest5_pkey  (cost=0.00..22.54 rows=1011 width=0)
	                    Index Cond: ((id >= 1103012) AND (id <= 1104011))

table 6 : explain SELECT DISTINCT c FROM sbtest6 WHERE id BETWEEN 5647378 AND 5648377 ORDER BY c
	Unique  (cost=4137.95..4143.24 rows=1058 width=121)
	  ->  Sort  (cost=4137.95..4140.59 rows=1058 width=121)
	        Sort Key: c
	        ->  Bitmap Heap Scan on sbtest6  (cost=27.28..4084.80 rows=1058 width=121)
	              Recheck Cond: ((id >= 5647378) AND (id <= 5648377))
	              ->  Bitmap Index Scan on sbtest6_pkey  (cost=0.00..27.01 rows=1058 width=0)
	                    Index Cond: ((id >= 5647378) AND (id <= 5648377))

table 7 : explain SELECT DISTINCT c FROM sbtest7 WHERE id BETWEEN 5970634 AND 5971633 ORDER BY c
	Unique  (cost=3507.10..3511.57 rows=894 width=121)
	  ->  Sort  (cost=3507.10..3509.34 rows=894 width=121)
	        Sort Key: c
	        ->  Bitmap Heap Scan on sbtest7  (cost=21.60..3463.28 rows=894 width=121)
	              Recheck Cond: ((id >= 5970634) AND (id <= 5971633))
	              ->  Bitmap Index Scan on sbtest7_pkey  (cost=0.00..21.37 rows=894 width=0)
	                    Index Cond: ((id >= 5970634) AND (id <= 5971633))

table 8 : explain SELECT DISTINCT c FROM sbtest8 WHERE id BETWEEN 9090006 AND 9091005 ORDER BY c
	Unique  (cost=4299.45..4304.95 rows=1100 width=121)
	  ->  Sort  (cost=4299.45..4302.20 rows=1100 width=121)
	        Sort Key: c
	        ->  Bitmap Heap Scan on sbtest8  (cost=27.71..4243.88 rows=1100 width=121)
	              Recheck Cond: ((id >= 9090006) AND (id <= 9091005))
	              ->  Bitmap Index Scan on sbtest8_pkey  (cost=0.00..27.43 rows=1100 width=0)
	                    Index Cond: ((id >= 9090006) AND (id <= 9091005))

for: order_ranges
table 1 : explain SELECT c FROM sbtest1 WHERE id BETWEEN 7363377 AND 7364376 ORDER BY c
	Sort  (cost=3944.20..3946.72 rows=1009 width=121)
	  Sort Key: c
	  ->  Bitmap Heap Scan on sbtest1  (cost=22.78..3893.86 rows=1009 width=121)
	        Recheck Cond: ((id >= 7363377) AND (id <= 7364376))
	        ->  Bitmap Index Scan on sbtest1_pkey  (cost=0.00..22.52 rows=1009 width=0)
	              Index Cond: ((id >= 7363377) AND (id <= 7364376))

table 2 : explain SELECT c FROM sbtest2 WHERE id BETWEEN 8374699 AND 8375698 ORDER BY c
	Sort  (cost=3734.98..3737.36 rows=954 width=121)
	  Sort Key: c
	  ->  Bitmap Heap Scan on sbtest2  (cost=22.21..3687.76 rows=954 width=121)
	        Recheck Cond: ((id >= 8374699) AND (id <= 8375698))
	        ->  Bitmap Index Scan on sbtest2_pkey  (cost=0.00..21.97 rows=954 width=0)
	              Index Cond: ((id >= 8374699) AND (id <= 8375698))

table 3 : explain SELECT c FROM sbtest3 WHERE id BETWEEN 8536733 AND 8537732 ORDER BY c
	Sort  (cost=4132.65..4135.29 rows=1058 width=121)
	  Sort Key: c
	  ->  Bitmap Heap Scan on sbtest3  (cost=23.28..4079.50 rows=1058 width=121)
	        Recheck Cond: ((id >= 8536733) AND (id <= 8537732))
	        ->  Bitmap Index Scan on sbtest3_pkey  (cost=0.00..23.01 rows=1058 width=0)
	              Index Cond: ((id >= 8536733) AND (id <= 8537732))

table 4 : explain SELECT c FROM sbtest4 WHERE id BETWEEN 5585926 AND 5586925 ORDER BY c
	Sort  (cost=3977.18..3979.72 rows=1017 width=121)
	  Sort Key: c
	  ->  Bitmap Heap Scan on sbtest4  (cost=22.86..3926.38 rows=1017 width=121)
	        Recheck Cond: ((id >= 5585926) AND (id <= 5586925))
	        ->  Bitmap Index Scan on sbtest4_pkey  (cost=0.00..22.61 rows=1017 width=0)
	              Index Cond: ((id >= 5585926) AND (id <= 5586925))

table 5 : explain SELECT c FROM sbtest5 WHERE id BETWEEN 6889675 AND 6890674 ORDER BY c
	Sort  (cost=3602.03..3604.33 rows=919 width=121)
	  Sort Key: c
	  ->  Bitmap Heap Scan on sbtest5  (cost=21.85..3556.80 rows=919 width=121)
	        Recheck Cond: ((id >= 6889675) AND (id <= 6890674))
	        ->  Bitmap Index Scan on sbtest5_pkey  (cost=0.00..21.62 rows=919 width=0)
	              Index Cond: ((id >= 6889675) AND (id <= 6890674))

table 6 : explain SELECT c FROM sbtest6 WHERE id BETWEEN 3496264 AND 3497263 ORDER BY c
	Sort  (cost=3805.14..3807.57 rows=972 width=121)
	  Sort Key: c
	  ->  Bitmap Heap Scan on sbtest6  (cost=22.40..3756.90 rows=972 width=121)
	        Recheck Cond: ((id >= 3496264) AND (id <= 3497263))
	        ->  Bitmap Index Scan on sbtest6_pkey  (cost=0.00..22.15 rows=972 width=0)
	              Index Cond: ((id >= 3496264) AND (id <= 3497263))

table 7 : explain SELECT c FROM sbtest7 WHERE id BETWEEN 7744250 AND 7745249 ORDER BY c
	Sort  (cost=3794.75..3797.18 rows=969 width=121)
	  Sort Key: c
	  ->  Bitmap Heap Scan on sbtest7  (cost=22.37..3746.69 rows=969 width=121)
	        Recheck Cond: ((id >= 7744250) AND (id <= 7745249))
	        ->  Bitmap Index Scan on sbtest7_pkey  (cost=0.00..22.12 rows=969 width=0)
	              Index Cond: ((id >= 7744250) AND (id <= 7745249))

table 8 : explain SELECT c FROM sbtest8 WHERE id BETWEEN 6533542 AND 6534541 ORDER BY c
	Sort  (cost=3832.97..3835.42 rows=979 width=121)
	  Sort Key: c
	  ->  Bitmap Heap Scan on sbtest8  (cost=22.47..3784.34 rows=979 width=121)
	        Recheck Cond: ((id >= 6533542) AND (id <= 6534541))
	        ->  Bitmap Index Scan on sbtest8_pkey  (cost=0.00..22.22 rows=979 width=0)
	              Index Cond: ((id >= 6533542) AND (id <= 6534541))

for: simple_ranges
table 1 : explain SELECT c FROM sbtest1 WHERE id BETWEEN 3573495 AND 3574494
	Bitmap Heap Scan on sbtest1  (cost=23.04..3991.66 rows=1035 width=121)
	  Recheck Cond: ((id >= 3573495) AND (id <= 3574494))
	  ->  Bitmap Index Scan on sbtest1_pkey  (cost=0.00..22.79 rows=1035 width=0)
	        Index Cond: ((id >= 3573495) AND (id <= 3574494))

table 2 : explain SELECT c FROM sbtest2 WHERE id BETWEEN 3190156 AND 3191155
	Bitmap Heap Scan on sbtest2  (cost=22.82..3910.10 rows=1013 width=121)
	  Recheck Cond: ((id >= 3190156) AND (id <= 3191155))
	  ->  Bitmap Index Scan on sbtest2_pkey  (cost=0.00..22.57 rows=1013 width=0)
	        Index Cond: ((id >= 3190156) AND (id <= 3191155))

table 3 : explain SELECT c FROM sbtest3 WHERE id BETWEEN 2753477 AND 2754476
	Bitmap Heap Scan on sbtest3  (cost=22.76..3887.63 rows=1007 width=121)
	  Recheck Cond: ((id >= 2753477) AND (id <= 2754476))
	  ->  Bitmap Index Scan on sbtest3_pkey  (cost=0.00..22.50 rows=1007 width=0)
	        Index Cond: ((id >= 2753477) AND (id <= 2754476))

table 4 : explain SELECT c FROM sbtest4 WHERE id BETWEEN 6694845 AND 6695844
	Bitmap Heap Scan on sbtest4  (cost=22.23..3696.43 rows=956 width=121)
	  Recheck Cond: ((id >= 6694845) AND (id <= 6695844))
	  ->  Bitmap Index Scan on sbtest4_pkey  (cost=0.00..22.00 rows=956 width=0)
	        Index Cond: ((id >= 6694845) AND (id <= 6695844))

table 5 : explain SELECT c FROM sbtest5 WHERE id BETWEEN 1763861 AND 1764860
	Bitmap Heap Scan on sbtest5  (cost=22.37..3745.57 rows=969 width=121)
	  Recheck Cond: ((id >= 1763861) AND (id <= 1764860))
	  ->  Bitmap Index Scan on sbtest5_pkey  (cost=0.00..22.12 rows=969 width=0)
	        Index Cond: ((id >= 1763861) AND (id <= 1764860))

table 6 : explain SELECT c FROM sbtest6 WHERE id BETWEEN 1719278 AND 1720277
	Bitmap Heap Scan on sbtest6  (cost=22.64..3847.39 rows=996 width=121)
	  Recheck Cond: ((id >= 1719278) AND (id <= 1720277))
	  ->  Bitmap Index Scan on sbtest6_pkey  (cost=0.00..22.39 rows=996 width=0)
	        Index Cond: ((id >= 1719278) AND (id <= 1720277))

table 7 : explain SELECT c FROM sbtest7 WHERE id BETWEEN 7109380 AND 7110379
	Bitmap Heap Scan on sbtest7  (cost=23.19..4048.19 rows=1049 width=121)
	  Recheck Cond: ((id >= 7109380) AND (id <= 7110379))
	  ->  Bitmap Index Scan on sbtest7_pkey  (cost=0.00..22.93 rows=1049 width=0)
	        Index Cond: ((id >= 7109380) AND (id <= 7110379))

table 8 : explain SELECT c FROM sbtest8 WHERE id BETWEEN 2386569 AND 2387568
	Bitmap Heap Scan on sbtest8  (cost=27.23..4067.15 rows=1053 width=121)
	  Recheck Cond: ((id >= 2386569) AND (id <= 2387568))
	  ->  Bitmap Index Scan on sbtest8_pkey  (cost=0.00..26.96 rows=1053 width=0)
	        Index Cond: ((id >= 2386569) AND (id <= 2387568))

explain: for point_selects :: explain SELECT c FROM sbtest%u WHERE id=%u
explain: for point_selects :: explain SELECT c FROM sbtest%u WHERE id=%u
for: distinct_ranges
table 1 : explain SELECT DISTINCT c FROM sbtest1 WHERE id BETWEEN 2640768 AND 2641767 ORDER BY c
	Unique  (cost=3841.00..3845.91 rows=982 width=121)
	  ->  Sort  (cost=3841.00..3843.46 rows=982 width=121)
	        Sort Key: c
	        ->  Bitmap Heap Scan on sbtest1  (cost=22.50..3792.20 rows=982 width=121)
	              Recheck Cond: ((id >= 2640768) AND (id <= 2641767))
	              ->  Bitmap Index Scan on sbtest1_pkey  (cost=0.00..22.25 rows=982 width=0)
	                    Index Cond: ((id >= 2640768) AND (id <= 2641767))

table 2 : explain SELECT DISTINCT c FROM sbtest2 WHERE id BETWEEN 3732484 AND 3733483 ORDER BY c
	Unique  (cost=3983.60..3988.69 rows=1019 width=121)
	  ->  Sort  (cost=3983.60..3986.14 rows=1019 width=121)
	        Sort Key: c
	        ->  Bitmap Heap Scan on sbtest2  (cost=22.88..3932.68 rows=1019 width=121)
	              Recheck Cond: ((id >= 3732484) AND (id <= 3733483))
	              ->  Bitmap Index Scan on sbtest2_pkey  (cost=0.00..22.62 rows=1019 width=0)
	                    Index Cond: ((id >= 3732484) AND (id <= 3733483))

table 3 : explain SELECT DISTINCT c FROM sbtest3 WHERE id BETWEEN 7760275 AND 7761274 ORDER BY c
	Unique  (cost=4125.02..4130.30 rows=1056 width=121)
	  ->  Sort  (cost=4125.02..4127.66 rows=1056 width=121)
	        Sort Key: c
	        ->  Bitmap Heap Scan on sbtest3  (cost=23.26..4071.98 rows=1056 width=121)
	              Recheck Cond: ((id >= 7760275) AND (id <= 7761274))
	              ->  Bitmap Index Scan on sbtest3_pkey  (cost=0.00..23.00 rows=1056 width=0)
	                    Index Cond: ((id >= 7760275) AND (id <= 7761274))

table 4 : explain SELECT DISTINCT c FROM sbtest4 WHERE id BETWEEN 4704654 AND 4705653 ORDER BY c
	Unique  (cost=3613.45..3618.06 rows=922 width=121)
	  ->  Sort  (cost=3613.45..3615.75 rows=922 width=121)
	        Sort Key: c
	        ->  Bitmap Heap Scan on sbtest4  (cost=21.89..3568.04 rows=922 width=121)
	              Recheck Cond: ((id >= 4704654) AND (id <= 4705653))
	              ->  Bitmap Index Scan on sbtest4_pkey  (cost=0.00..21.65 rows=922 width=0)
	                    Index Cond: ((id >= 4704654) AND (id <= 4705653))

table 5 : explain SELECT DISTINCT c FROM sbtest5 WHERE id BETWEEN 1516334 AND 1517333 ORDER BY c
	Unique  (cost=3701.70..3706.43 rows=945 width=121)
	  ->  Sort  (cost=3701.70..3704.06 rows=945 width=121)
	        Sort Key: c
	        ->  Bitmap Heap Scan on sbtest5  (cost=22.12..3655.00 rows=945 width=121)
	              Recheck Cond: ((id >= 1516334) AND (id <= 1517333))
	              ->  Bitmap Index Scan on sbtest5_pkey  (cost=0.00..21.89 rows=945 width=0)
	                    Index Cond: ((id >= 1516334) AND (id <= 1517333))

table 6 : explain SELECT DISTINCT c FROM sbtest6 WHERE id BETWEEN 4826496 AND 4827495 ORDER BY c
	Unique  (cost=3736.20..3740.97 rows=954 width=121)
	  ->  Sort  (cost=3736.20..3738.59 rows=954 width=121)
	        Sort Key: c
	        ->  Bitmap Heap Scan on sbtest6  (cost=22.21..3688.99 rows=954 width=121)
	              Recheck Cond: ((id >= 4826496) AND (id <= 4827495))
	              ->  Bitmap Index Scan on sbtest6_pkey  (cost=0.00..21.97 rows=954 width=0)
	                    Index Cond: ((id >= 4826496) AND (id <= 4827495))

table 7 : explain SELECT DISTINCT c FROM sbtest7 WHERE id BETWEEN 8564419 AND 8565418 ORDER BY c
	Unique  (cost=4139.03..4144.32 rows=1059 width=121)
	  ->  Sort  (cost=4139.03..4141.68 rows=1059 width=121)
	        Sort Key: c
	        ->  Bitmap Heap Scan on sbtest7  (cost=23.29..4085.82 rows=1059 width=121)
	              Recheck Cond: ((id >= 8564419) AND (id <= 8565418))
	              ->  Bitmap Index Scan on sbtest7_pkey  (cost=0.00..23.02 rows=1059 width=0)
	                    Index Cond: ((id >= 8564419) AND (id <= 8565418))

table 8 : explain SELECT DISTINCT c FROM sbtest8 WHERE id BETWEEN 3795800 AND 3796799 ORDER BY c
	Unique  (cost=3549.26..3553.79 rows=905 width=121)
	  ->  Sort  (cost=3549.26..3551.53 rows=905 width=121)
	        Sort Key: c
	        ->  Bitmap Heap Scan on sbtest8  (cost=21.71..3504.82 rows=905 width=121)
	              Recheck Cond: ((id >= 3795800) AND (id <= 3796799))
	              ->  Bitmap Index Scan on sbtest8_pkey  (cost=0.00..21.48 rows=905 width=0)
	                    Index Cond: ((id >= 3795800) AND (id <= 3796799))

for: simple_ranges
table 1 : explain SELECT c FROM sbtest1 WHERE id BETWEEN 1496611 AND 1497610
	Bitmap Heap Scan on sbtest1  (cost=22.88..3931.48 rows=1019 width=121)
	  Recheck Cond: ((id >= 1496611) AND (id <= 1497610))
	  ->  Bitmap Index Scan on sbtest1_pkey  (cost=0.00..22.62 rows=1019 width=0)
	        Index Cond: ((id >= 1496611) AND (id <= 1497610))

table 2 : explain SELECT c FROM sbtest2 WHERE id BETWEEN 7946061 AND 7947060
	Bitmap Heap Scan on sbtest2  (cost=22.57..3819.71 rows=989 width=121)
	  Recheck Cond: ((id >= 7946061) AND (id <= 7947060))
	  ->  Bitmap Index Scan on sbtest2_pkey  (cost=0.00..22.32 rows=989 width=0)
	        Index Cond: ((id >= 7946061) AND (id <= 7947060))

table 3 : explain SELECT c FROM sbtest3 WHERE id BETWEEN 8145215 AND 8146214
	Bitmap Heap Scan on sbtest3  (cost=23.07..4004.30 rows=1038 width=121)
	  Recheck Cond: ((id >= 8145215) AND (id <= 8146214))
	  ->  Bitmap Index Scan on sbtest3_pkey  (cost=0.00..22.82 rows=1038 width=0)
	        Index Cond: ((id >= 8145215) AND (id <= 8146214))

table 4 : explain SELECT c FROM sbtest4 WHERE id BETWEEN 3611019 AND 3612018
	Bitmap Heap Scan on sbtest4  (cost=22.52..3802.04 rows=984 width=121)
	  Recheck Cond: ((id >= 3611019) AND (id <= 3612018))
	  ->  Bitmap Index Scan on sbtest4_pkey  (cost=0.00..22.27 rows=984 width=0)
	        Index Cond: ((id >= 3611019) AND (id <= 3612018))

table 5 : explain SELECT c FROM sbtest5 WHERE id BETWEEN 6458193 AND 6459192
	Bitmap Heap Scan on sbtest5  (cost=23.02..3986.72 rows=1033 width=121)
	  Recheck Cond: ((id >= 6458193) AND (id <= 6459192))
	  ->  Bitmap Index Scan on sbtest5_pkey  (cost=0.00..22.76 rows=1033 width=0)
	        Index Cond: ((id >= 6458193) AND (id <= 6459192))

table 6 : explain SELECT c FROM sbtest6 WHERE id BETWEEN 914934 AND 915933
	Bitmap Heap Scan on sbtest6  (cost=22.72..3873.76 rows=1003 width=121)
	  Recheck Cond: ((id >= 914934) AND (id <= 915933))
	  ->  Bitmap Index Scan on sbtest6_pkey  (cost=0.00..22.46 rows=1003 width=0)
	        Index Cond: ((id >= 914934) AND (id <= 915933))

table 7 : explain SELECT c FROM sbtest7 WHERE id BETWEEN 6286787 AND 6287786
	Bitmap Heap Scan on sbtest7  (cost=22.27..3712.72 rows=960 width=121)
	  Recheck Cond: ((id >= 6286787) AND (id <= 6287786))
	  ->  Bitmap Index Scan on sbtest7_pkey  (cost=0.00..22.04 rows=960 width=0)
	        Index Cond: ((id >= 6286787) AND (id <= 6287786))

table 8 : explain SELECT c FROM sbtest8 WHERE id BETWEEN 5583973 AND 5584972
	Bitmap Heap Scan on sbtest8  (cost=22.43..3769.25 rows=975 width=121)
	  Recheck Cond: ((id >= 5583973) AND (id <= 5584972))
	  ->  Bitmap Index Scan on sbtest8_pkey  (cost=0.00..22.18 rows=975 width=0)
	        Index Cond: ((id >= 5583973) AND (id <= 5584972))

for point_selects
table 1 : explain SELECT c FROM sbtest1 WHERE id=3458458
	Index Scan using sbtest1_pkey on sbtest1  (cost=0.43..8.45 rows=1 width=121)
	  Index Cond: (id = 3458458)

table 2 : explain SELECT c FROM sbtest2 WHERE id=727228
	Index Scan using sbtest2_pkey on sbtest2  (cost=0.43..8.45 rows=1 width=121)
	  Index Cond: (id = 727228)

table 3 : explain SELECT c FROM sbtest3 WHERE id=4828023
	Index Scan using sbtest3_pkey on sbtest3  (cost=0.43..8.45 rows=1 width=121)
	  Index Cond: (id = 4828023)

table 4 : explain SELECT c FROM sbtest4 WHERE id=6201150
	Index Scan using sbtest4_pkey on sbtest4  (cost=0.43..8.45 rows=1 width=121)
	  Index Cond: (id = 6201150)

table 5 : explain SELECT c FROM sbtest5 WHERE id=7333087
	Index Scan using sbtest5_pkey on sbtest5  (cost=0.43..8.45 rows=1 width=121)
	  Index Cond: (id = 7333087)

table 6 : explain SELECT c FROM sbtest6 WHERE id=5820970
	Index Scan using sbtest6_pkey on sbtest6  (cost=0.43..8.45 rows=1 width=121)
	  Index Cond: (id = 5820970)

table 7 : explain SELECT c FROM sbtest7 WHERE id=5948582
	Index Scan using sbtest7_pkey on sbtest7  (cost=0.43..8.45 rows=1 width=121)
	  Index Cond: (id = 5948582)

table 8 : explain SELECT c FROM sbtest8 WHERE id=9883099
	Index Scan using sbtest8_pkey on sbtest8  (cost=0.43..8.45 rows=1 width=121)
	  Index Cond: (id = 9883099)

for point_selects
table 1 : explain SELECT c FROM sbtest1 WHERE id=8571544
	Index Scan using sbtest1_pkey on sbtest1  (cost=0.43..8.45 rows=1 width=121)
	  Index Cond: (id = 8571544)

table 2 : explain SELECT c FROM sbtest2 WHERE id=669130
	Index Scan using sbtest2_pkey on sbtest2  (cost=0.43..8.45 rows=1 width=121)
	  Index Cond: (id = 669130)

table 3 : explain SELECT c FROM sbtest3 WHERE id=85175
	Index Scan using sbtest3_pkey on sbtest3  (cost=0.43..8.45 rows=1 width=121)
	  Index Cond: (id = 85175)

table 4 : explain SELECT c FROM sbtest4 WHERE id=9804443
	Index Scan using sbtest4_pkey on sbtest4  (cost=0.43..8.45 rows=1 width=121)
	  Index Cond: (id = 9804443)

table 5 : explain SELECT c FROM sbtest5 WHERE id=1514705
	Index Scan using sbtest5_pkey on sbtest5  (cost=0.43..8.45 rows=1 width=121)
	  Index Cond: (id = 1514705)

table 6 : explain SELECT c FROM sbtest6 WHERE id=4008025
	Index Scan using sbtest6_pkey on sbtest6  (cost=0.43..8.45 rows=1 width=121)
	  Index Cond: (id = 4008025)

table 7 : explain SELECT c FROM sbtest7 WHERE id=1599588
	Index Scan using sbtest7_pkey on sbtest7  (cost=0.43..8.45 rows=1 width=121)
	  Index Cond: (id = 1599588)

table 8 : explain SELECT c FROM sbtest8 WHERE id=6077589
	Index Scan using sbtest8_pkey on sbtest8  (cost=0.43..8.45 rows=1 width=121)
	  Index Cond: (id = 6077589)

for: distinct_ranges
table 1 : explain SELECT DISTINCT c FROM sbtest1 WHERE id BETWEEN 9397388 AND 9398387 ORDER BY c
	Unique  (cost=4154.13..4159.45 rows=1064 width=121)
	  ->  Sort  (cost=4154.13..4156.79 rows=1064 width=121)
	        Sort Key: c
	        ->  Bitmap Heap Scan on sbtest1  (cost=23.34..4100.64 rows=1064 width=121)
	              Recheck Cond: ((id >= 9397388) AND (id <= 9398387))
	              ->  Bitmap Index Scan on sbtest1_pkey  (cost=0.00..23.07 rows=1064 width=0)
	                    Index Cond: ((id >= 9397388) AND (id <= 9398387))

table 2 : explain SELECT DISTINCT c FROM sbtest2 WHERE id BETWEEN 9733262 AND 9734261 ORDER BY c
	Unique  (cost=3891.86..3896.83 rows=995 width=121)
	  ->  Sort  (cost=3891.86..3894.35 rows=995 width=121)
	        Sort Key: c
	        ->  Bitmap Heap Scan on sbtest2  (cost=22.63..3842.31 rows=995 width=121)
	              Recheck Cond: ((id >= 9733262) AND (id <= 9734261))
	              ->  Bitmap Index Scan on sbtest2_pkey  (cost=0.00..22.39 rows=995 width=0)
	                    Index Cond: ((id >= 9733262) AND (id <= 9734261))

table 3 : explain SELECT DISTINCT c FROM sbtest3 WHERE id BETWEEN 81288 AND 82287 ORDER BY c
	Unique  (cost=4121.20..4126.47 rows=1055 width=121)
	  ->  Sort  (cost=4121.20..4123.84 rows=1055 width=121)
	        Sort Key: c
	        ->  Bitmap Heap Scan on sbtest3  (cost=23.25..4068.22 rows=1055 width=121)
	              Recheck Cond: ((id >= 81288) AND (id <= 82287))
	              ->  Bitmap Index Scan on sbtest3_pkey  (cost=0.00..22.98 rows=1055 width=0)
	                    Index Cond: ((id >= 81288) AND (id <= 82287))

table 4 : explain SELECT DISTINCT c FROM sbtest4 WHERE id BETWEEN 9171741 AND 9172740 ORDER BY c
	Unique  (cost=3958.06..3963.12 rows=1012 width=121)
	  ->  Sort  (cost=3958.06..3960.59 rows=1012 width=121)
	        Sort Key: c
	        ->  Bitmap Heap Scan on sbtest4  (cost=22.81..3907.55 rows=1012 width=121)
	              Recheck Cond: ((id >= 9171741) AND (id <= 9172740))
	              ->  Bitmap Index Scan on sbtest4_pkey  (cost=0.00..22.55 rows=1012 width=0)
	                    Index Cond: ((id >= 9171741) AND (id <= 9172740))

table 5 : explain SELECT DISTINCT c FROM sbtest5 WHERE id BETWEEN 7972597 AND 7973596 ORDER BY c
	Unique  (cost=4015.51..4020.64 rows=1027 width=121)
	  ->  Sort  (cost=4015.51..4018.07 rows=1027 width=121)
	        Sort Key: c
	        ->  Bitmap Heap Scan on sbtest5  (cost=22.96..3964.14 rows=1027 width=121)
	              Recheck Cond: ((id >= 7972597) AND (id <= 7973596))
	              ->  Bitmap Index Scan on sbtest5_pkey  (cost=0.00..22.70 rows=1027 width=0)
	                    Index Cond: ((id >= 7972597) AND (id <= 7973596))

table 6 : explain SELECT DISTINCT c FROM sbtest6 WHERE id BETWEEN 1064811 AND 1065810 ORDER BY c
	Unique  (cost=3828.11..3833.00 rows=978 width=121)
	  ->  Sort  (cost=3828.11..3830.55 rows=978 width=121)
	        Sort Key: c
	        ->  Bitmap Heap Scan on sbtest6  (cost=22.46..3779.53 rows=978 width=121)
	              Recheck Cond: ((id >= 1064811) AND (id <= 1065810))
	              ->  Bitmap Index Scan on sbtest6_pkey  (cost=0.00..22.21 rows=978 width=0)
	                    Index Cond: ((id >= 1064811) AND (id <= 1065810))

table 7 : explain SELECT DISTINCT c FROM sbtest7 WHERE id BETWEEN 8141917 AND 8142916 ORDER BY c
	Unique  (cost=3951.71..3956.76 rows=1010 width=121)
	  ->  Sort  (cost=3951.71..3954.24 rows=1010 width=121)
	        Sort Key: c
	        ->  Bitmap Heap Scan on sbtest7  (cost=22.79..3901.31 rows=1010 width=121)
	              Recheck Cond: ((id >= 8141917) AND (id <= 8142916))
	              ->  Bitmap Index Scan on sbtest7_pkey  (cost=0.00..22.54 rows=1010 width=0)
	                    Index Cond: ((id >= 8141917) AND (id <= 8142916))

table 8 : explain SELECT DISTINCT c FROM sbtest8 WHERE id BETWEEN 3370001 AND 3371000 ORDER BY c
	Unique  (cost=3832.97..3837.87 rows=979 width=121)
	  ->  Sort  (cost=3832.97..3835.42 rows=979 width=121)
	        Sort Key: c
	        ->  Bitmap Heap Scan on sbtest8  (cost=22.47..3784.34 rows=979 width=121)
	              Recheck Cond: ((id >= 3370001) AND (id <= 3371000))
	              ->  Bitmap Index Scan on sbtest8_pkey  (cost=0.00..22.22 rows=979 width=0)
	                    Index Cond: ((id >= 3370001) AND (id <= 3371000))

for: sum_ranges
table 1 : explain SELECT SUM(k) FROM sbtest1 WHERE id BETWEEN 3823907 AND 3824906
	Aggregate  (cost=3915.21..3915.22 rows=1 width=8)
	  ->  Bitmap Heap Scan on sbtest1  (cost=22.83..3912.67 rows=1014 width=4)
	        Recheck Cond: ((id >= 3823907) AND (id <= 3824906))
	        ->  Bitmap Index Scan on sbtest1_pkey  (cost=0.00..22.57 rows=1014 width=0)
	              Index Cond: ((id >= 3823907) AND (id <= 3824906))

table 2 : explain SELECT SUM(k) FROM sbtest2 WHERE id BETWEEN 8664920 AND 8665919
	Aggregate  (cost=3610.85..3610.86 rows=1 width=8)
	  ->  Bitmap Heap Scan on sbtest2  (cost=22.00..3608.52 rows=933 width=4)
	        Recheck Cond: ((id >= 8664920) AND (id <= 8665919))
	        ->  Bitmap Index Scan on sbtest2_pkey  (cost=0.00..21.76 rows=933 width=0)
	              Index Cond: ((id >= 8664920) AND (id <= 8665919))

table 3 : explain SELECT SUM(k) FROM sbtest3 WHERE id BETWEEN 5890299 AND 5891298
	Aggregate  (cost=3822.30..3822.31 rows=1 width=8)
	  ->  Bitmap Heap Scan on sbtest3  (cost=22.57..3819.83 rows=989 width=4)
	        Recheck Cond: ((id >= 5890299) AND (id <= 5891298))
	        ->  Bitmap Index Scan on sbtest3_pkey  (cost=0.00..22.32 rows=989 width=0)
	              Index Cond: ((id >= 5890299) AND (id <= 5891298))

table 4 : explain SELECT SUM(k) FROM sbtest4 WHERE id BETWEEN 1678837 AND 1679836
	Aggregate  (cost=3490.92..3490.93 rows=1 width=8)
	  ->  Bitmap Heap Scan on sbtest4  (cost=21.67..3488.67 rows=901 width=4)
	        Recheck Cond: ((id >= 1678837) AND (id <= 1679836))
	        ->  Bitmap Index Scan on sbtest4_pkey  (cost=0.00..21.44 rows=901 width=0)
	              Index Cond: ((id >= 1678837) AND (id <= 1679836))

table 5 : explain SELECT SUM(k) FROM sbtest5 WHERE id BETWEEN 1363638 AND 1364637
	Aggregate  (cost=3555.31..3555.32 rows=1 width=8)
	  ->  Bitmap Heap Scan on sbtest5  (cost=21.84..3553.02 rows=918 width=4)
	        Recheck Cond: ((id >= 1363638) AND (id <= 1364637))
	        ->  Bitmap Index Scan on sbtest5_pkey  (cost=0.00..21.61 rows=918 width=0)
	              Index Cond: ((id >= 1363638) AND (id <= 1364637))

table 6 : explain SELECT SUM(k) FROM sbtest6 WHERE id BETWEEN 6932332 AND 6933331
	Aggregate  (cost=3959.19..3959.20 rows=1 width=8)
	  ->  Bitmap Heap Scan on sbtest6  (cost=22.94..3956.62 rows=1025 width=4)
	        Recheck Cond: ((id >= 6932332) AND (id <= 6933331))
	        ->  Bitmap Index Scan on sbtest6_pkey  (cost=0.00..22.68 rows=1025 width=0)
	              Index Cond: ((id >= 6932332) AND (id <= 6933331))

table 7 : explain SELECT SUM(k) FROM sbtest7 WHERE id BETWEEN 5911173 AND 5912172
	Aggregate  (cost=3465.51..3465.52 rows=1 width=8)
	  ->  Bitmap Heap Scan on sbtest7  (cost=21.60..3463.28 rows=894 width=4)
	        Recheck Cond: ((id >= 5911173) AND (id <= 5912172))
	        ->  Bitmap Index Scan on sbtest7_pkey  (cost=0.00..21.37 rows=894 width=0)
	              Index Cond: ((id >= 5911173) AND (id <= 5912172))

table 8 : explain SELECT SUM(k) FROM sbtest8 WHERE id BETWEEN 24811 AND 25810
	Aggregate  (cost=3563.84..3563.85 rows=1 width=8)
	  ->  Bitmap Heap Scan on sbtest8  (cost=21.87..3561.54 rows=920 width=4)
	        Recheck Cond: ((id >= 24811) AND (id <= 25810))
	        ->  Bitmap Index Scan on sbtest8_pkey  (cost=0.00..21.64 rows=920 width=0)
	              Index Cond: ((id >= 24811) AND (id <= 25810))

for: order_ranges
table 1 : explain SELECT c FROM sbtest1 WHERE id BETWEEN 8621250 AND 8622249 ORDER BY c
	Sort  (cost=3925.09..3927.60 rows=1004 width=121)
	  Sort Key: c
	  ->  Bitmap Heap Scan on sbtest1  (cost=22.73..3875.04 rows=1004 width=121)
	        Recheck Cond: ((id >= 8621250) AND (id <= 8622249))
	        ->  Bitmap Index Scan on sbtest1_pkey  (cost=0.00..22.47 rows=1004 width=0)
	              Index Cond: ((id >= 8621250) AND (id <= 8622249))

table 2 : explain SELECT c FROM sbtest2 WHERE id BETWEEN 7189423 AND 7190422 ORDER BY c
	Sort  (cost=3754.12..3756.52 rows=959 width=121)
	  Sort Key: c
	  ->  Bitmap Heap Scan on sbtest2  (cost=22.26..3706.62 rows=959 width=121)
	        Recheck Cond: ((id >= 7189423) AND (id <= 7190422))
	        ->  Bitmap Index Scan on sbtest2_pkey  (cost=0.00..22.02 rows=959 width=0)
	              Index Cond: ((id >= 7189423) AND (id <= 7190422))

table 3 : explain SELECT c FROM sbtest3 WHERE id BETWEEN 2247869 AND 2248868 ORDER BY c
	Sort  (cost=4010.46..4013.03 rows=1026 width=121)
	  Sort Key: c
	  ->  Bitmap Heap Scan on sbtest3  (cost=22.95..3959.15 rows=1026 width=121)
	        Recheck Cond: ((id >= 2247869) AND (id <= 2248868))
	        ->  Bitmap Index Scan on sbtest3_pkey  (cost=0.00..22.69 rows=1026 width=0)
	              Index Cond: ((id >= 2247869) AND (id <= 2248868))

table 4 : explain SELECT c FROM sbtest4 WHERE id BETWEEN 6191832 AND 6192831 ORDER BY c
	Sort  (cost=4321.04..4323.80 rows=1107 width=121)
	  Sort Key: c
	  ->  Bitmap Heap Scan on sbtest4  (cost=27.78..4265.06 rows=1107 width=121)
	        Recheck Cond: ((id >= 6191832) AND (id <= 6192831))
	        ->  Bitmap Index Scan on sbtest4_pkey  (cost=0.00..27.50 rows=1107 width=0)
	              Index Cond: ((id >= 6191832) AND (id <= 6192831))

table 5 : explain SELECT c FROM sbtest5 WHERE id BETWEEN 3191700 AND 3192699 ORDER BY c
	Sort  (cost=3843.40..3845.85 rows=982 width=121)
	  Sort Key: c
	  ->  Bitmap Heap Scan on sbtest5  (cost=22.50..3794.60 rows=982 width=121)
	        Recheck Cond: ((id >= 3191700) AND (id <= 3192699))
	        ->  Bitmap Index Scan on sbtest5_pkey  (cost=0.00..22.25 rows=982 width=0)
	              Index Cond: ((id >= 3191700) AND (id <= 3192699))

table 6 : explain SELECT c FROM sbtest6 WHERE id BETWEEN 1529209 AND 1530208 ORDER BY c
	Sort  (cost=3992.59..3995.14 rows=1021 width=121)
	  Sort Key: c
	  ->  Bitmap Heap Scan on sbtest6  (cost=22.90..3941.56 rows=1021 width=121)
	        Recheck Cond: ((id >= 1529209) AND (id <= 1530208))
	        ->  Bitmap Index Scan on sbtest6_pkey  (cost=0.00..22.64 rows=1021 width=0)
	              Index Cond: ((id >= 1529209) AND (id <= 1530208))

table 7 : explain SELECT c FROM sbtest7 WHERE id BETWEEN 3405985 AND 3406984 ORDER BY c
	Sort  (cost=3641.43..3643.75 rows=929 width=121)
	  Sort Key: c
	  ->  Bitmap Heap Scan on sbtest7  (cost=21.96..3595.63 rows=929 width=121)
	        Recheck Cond: ((id >= 3405985) AND (id <= 3406984))
	        ->  Bitmap Index Scan on sbtest7_pkey  (cost=0.00..21.72 rows=929 width=0)
	              Index Cond: ((id >= 3405985) AND (id <= 3406984))

table 8 : explain SELECT c FROM sbtest8 WHERE id BETWEEN 7122683 AND 7123682 ORDER BY c
	Sort  (cost=4020.64..4023.21 rows=1027 width=121)
	  Sort Key: c
	  ->  Bitmap Heap Scan on sbtest8  (cost=26.96..3969.27 rows=1027 width=121)
	        Recheck Cond: ((id >= 7122683) AND (id <= 7123682))
	        ->  Bitmap Index Scan on sbtest8_pkey  (cost=0.00..26.70 rows=1027 width=0)
	              Index Cond: ((id >= 7122683) AND (id <= 7123682))

for: order_ranges
table 1 : explain SELECT c FROM sbtest1 WHERE id BETWEEN 7529258 AND 7530257 ORDER BY c
	Sort  (cost=3905.99..3908.49 rows=999 width=121)
	  Sort Key: c
	  ->  Bitmap Heap Scan on sbtest1  (cost=22.67..3856.22 rows=999 width=121)
	        Recheck Cond: ((id >= 7529258) AND (id <= 7530257))
	        ->  Bitmap Index Scan on sbtest1_pkey  (cost=0.00..22.43 rows=999 width=0)
	              Index Cond: ((id >= 7529258) AND (id <= 7530257))

table 2 : explain SELECT c FROM sbtest2 WHERE id BETWEEN 6345001 AND 6346000 ORDER BY c
	Sort  (cost=4002.70..4005.26 rows=1024 width=121)
	  Sort Key: c
	  ->  Bitmap Heap Scan on sbtest2  (cost=22.93..3951.50 rows=1024 width=121)
	        Recheck Cond: ((id >= 6345001) AND (id <= 6346000))
	        ->  Bitmap Index Scan on sbtest2_pkey  (cost=0.00..22.68 rows=1024 width=0)
	              Index Cond: ((id >= 6345001) AND (id <= 6346000))

table 3 : explain SELECT c FROM sbtest3 WHERE id BETWEEN 3871537 AND 3872536 ORDER BY c
	Sort  (cost=3964.61..3967.15 rows=1014 width=121)
	  Sort Key: c
	  ->  Bitmap Heap Scan on sbtest3  (cost=22.83..3913.98 rows=1014 width=121)
	        Recheck Cond: ((id >= 3871537) AND (id <= 3872536))
	        ->  Bitmap Index Scan on sbtest3_pkey  (cost=0.00..22.57 rows=1014 width=0)
	              Index Cond: ((id >= 3871537) AND (id <= 3872536))

table 4 : explain SELECT c FROM sbtest4 WHERE id BETWEEN 2458061 AND 2459060 ORDER BY c
	Sort  (cost=3858.61..3861.07 rows=986 width=121)
	  Sort Key: c
	  ->  Bitmap Heap Scan on sbtest4  (cost=22.54..3809.58 rows=986 width=121)
	        Recheck Cond: ((id >= 2458061) AND (id <= 2459060))
	        ->  Bitmap Index Scan on sbtest4_pkey  (cost=0.00..22.29 rows=986 width=0)
	              Index Cond: ((id >= 2458061) AND (id <= 2459060))

table 5 : explain SELECT c FROM sbtest5 WHERE id BETWEEN 2803398 AND 2804397 ORDER BY c
	Sort  (cost=3877.84..3880.32 rows=991 width=121)
	  Sort Key: c
	  ->  Bitmap Heap Scan on sbtest5  (cost=22.59..3828.52 rows=991 width=121)
	        Recheck Cond: ((id >= 2803398) AND (id <= 2804397))
	        ->  Bitmap Index Scan on sbtest5_pkey  (cost=0.00..22.34 rows=991 width=0)
	              Index Cond: ((id >= 2803398) AND (id <= 2804397))

table 6 : explain SELECT c FROM sbtest6 WHERE id BETWEEN 588453 AND 589452 ORDER BY c
	Sort  (cost=3394.76..3396.92 rows=865 width=121)
	  Sort Key: c
	  ->  Bitmap Heap Scan on sbtest6  (cost=21.30..3352.56 rows=865 width=121)
	        Recheck Cond: ((id >= 588453) AND (id <= 589452))
	        ->  Bitmap Index Scan on sbtest6_pkey  (cost=0.00..21.08 rows=865 width=0)
	              Index Cond: ((id >= 588453) AND (id <= 589452))

table 7 : explain SELECT c FROM sbtest7 WHERE id BETWEEN 2816070 AND 2817069 ORDER BY c
	Sort  (cost=3974.66..3977.20 rows=1016 width=121)
	  Sort Key: c
	  ->  Bitmap Heap Scan on sbtest7  (cost=22.85..3923.92 rows=1016 width=121)
	        Recheck Cond: ((id >= 2816070) AND (id <= 2817069))
	        ->  Bitmap Index Scan on sbtest7_pkey  (cost=0.00..22.59 rows=1016 width=0)
	              Index Cond: ((id >= 2816070) AND (id <= 2817069))

table 8 : explain SELECT c FROM sbtest8 WHERE id BETWEEN 6512588 AND 6513587 ORDER BY c
	Sort  (cost=3832.97..3835.42 rows=979 width=121)
	  Sort Key: c
	  ->  Bitmap Heap Scan on sbtest8  (cost=22.47..3784.34 rows=979 width=121)
	        Recheck Cond: ((id >= 6512588) AND (id <= 6513587))
	        ->  Bitmap Index Scan on sbtest8_pkey  (cost=0.00..22.22 rows=979 width=0)
	              Index Cond: ((id >= 6512588) AND (id <= 6513587))

for: simple_ranges
table 1 : explain SELECT c FROM sbtest1 WHERE id BETWEEN 1135268 AND 1136267
	Bitmap Heap Scan on sbtest1  (cost=22.75..3882.57 rows=1006 width=121)
	  Recheck Cond: ((id >= 1135268) AND (id <= 1136267))
	  ->  Bitmap Index Scan on sbtest1_pkey  (cost=0.00..22.50 rows=1006 width=0)
	        Index Cond: ((id >= 1135268) AND (id <= 1136267))

table 2 : explain SELECT c FROM sbtest2 WHERE id BETWEEN 9349760 AND 9350759
	Bitmap Heap Scan on sbtest2  (cost=23.20..4049.30 rows=1050 width=121)
	  Recheck Cond: ((id >= 9349760) AND (id <= 9350759))
	  ->  Bitmap Index Scan on sbtest2_pkey  (cost=0.00..22.93 rows=1050 width=0)
	        Index Cond: ((id >= 9349760) AND (id <= 9350759))

table 3 : explain SELECT c FROM sbtest3 WHERE id BETWEEN 7703647 AND 7704646
	Bitmap Heap Scan on sbtest3  (cost=22.74..3880.10 rows=1005 width=121)
	  Recheck Cond: ((id >= 7703647) AND (id <= 7704646))
	  ->  Bitmap Index Scan on sbtest3_pkey  (cost=0.00..22.48 rows=1005 width=0)
	        Index Cond: ((id >= 7703647) AND (id <= 7704646))

table 4 : explain SELECT c FROM sbtest4 WHERE id BETWEEN 6119368 AND 6120367
	Bitmap Heap Scan on sbtest4  (cost=22.07..3636.03 rows=940 width=121)
	  Recheck Cond: ((id >= 6119368) AND (id <= 6120367))
	  ->  Bitmap Index Scan on sbtest4_pkey  (cost=0.00..21.83 rows=940 width=0)
	        Index Cond: ((id >= 6119368) AND (id <= 6120367))

table 5 : explain SELECT c FROM sbtest5 WHERE id BETWEEN 6317220 AND 6318219
	Bitmap Heap Scan on sbtest5  (cost=27.90..4310.23 rows=1119 width=121)
	  Recheck Cond: ((id >= 6317220) AND (id <= 6318219))
	  ->  Bitmap Index Scan on sbtest5_pkey  (cost=0.00..27.62 rows=1119 width=0)
	        Index Cond: ((id >= 6317220) AND (id <= 6318219))

table 6 : explain SELECT c FROM sbtest6 WHERE id BETWEEN 8313662 AND 8314661
	Bitmap Heap Scan on sbtest6  (cost=22.50..3794.61 rows=982 width=121)
	  Recheck Cond: ((id >= 8313662) AND (id <= 8314661))
	  ->  Bitmap Index Scan on sbtest6_pkey  (cost=0.00..22.25 rows=982 width=0)
	        Index Cond: ((id >= 8313662) AND (id <= 8314661))

table 7 : explain SELECT c FROM sbtest7 WHERE id BETWEEN 194382 AND 195381
	Bitmap Heap Scan on sbtest7  (cost=22.48..3788.19 rows=980 width=121)
	  Recheck Cond: ((id >= 194382) AND (id <= 195381))
	  ->  Bitmap Index Scan on sbtest7_pkey  (cost=0.00..22.23 rows=980 width=0)
	        Index Cond: ((id >= 194382) AND (id <= 195381))

table 8 : explain SELECT c FROM sbtest8 WHERE id BETWEEN 8173959 AND 8174958
	Bitmap Heap Scan on sbtest8  (cost=27.76..4262.67 rows=1105 width=121)
	  Recheck Cond: ((id >= 8173959) AND (id <= 8174958))
	  ->  Bitmap Index Scan on sbtest8_pkey  (cost=0.00..27.48 rows=1105 width=0)
	        Index Cond: ((id >= 8173959) AND (id <= 8174958))

for: simple_ranges
table 1 : explain SELECT c FROM sbtest1 WHERE id BETWEEN 1166433 AND 1167432
	Bitmap Heap Scan on sbtest1  (cost=22.75..3882.57 rows=1006 width=121)
	  Recheck Cond: ((id >= 1166433) AND (id <= 1167432))
	  ->  Bitmap Index Scan on sbtest1_pkey  (cost=0.00..22.50 rows=1006 width=0)
	        Index Cond: ((id >= 1166433) AND (id <= 1167432))

table 2 : explain SELECT c FROM sbtest2 WHERE id BETWEEN 649751 AND 650750
	Bitmap Heap Scan on sbtest2  (cost=21.84..3551.88 rows=918 width=121)
	  Recheck Cond: ((id >= 649751) AND (id <= 650750))
	  ->  Bitmap Index Scan on sbtest2_pkey  (cost=0.00..21.61 rows=918 width=0)
	        Index Cond: ((id >= 649751) AND (id <= 650750))

table 3 : explain SELECT c FROM sbtest3 WHERE id BETWEEN 6886871 AND 6887870
	Bitmap Heap Scan on sbtest3  (cost=21.82..3544.43 rows=916 width=121)
	  Recheck Cond: ((id >= 6886871) AND (id <= 6887870))
	  ->  Bitmap Index Scan on sbtest3_pkey  (cost=0.00..21.59 rows=916 width=0)
	        Index Cond: ((id >= 6886871) AND (id <= 6887870))

table 4 : explain SELECT c FROM sbtest4 WHERE id BETWEEN 3268376 AND 3269375
	Bitmap Heap Scan on sbtest4  (cost=22.44..3771.87 rows=976 width=121)
	  Recheck Cond: ((id >= 3268376) AND (id <= 3269375))
	  ->  Bitmap Index Scan on sbtest4_pkey  (cost=0.00..22.19 rows=976 width=0)
	        Index Cond: ((id >= 3268376) AND (id <= 3269375))

table 5 : explain SELECT c FROM sbtest5 WHERE id BETWEEN 7720083 AND 7721082
	Bitmap Heap Scan on sbtest5  (cost=22.98..3971.66 rows=1029 width=121)
	  Recheck Cond: ((id >= 7720083) AND (id <= 7721082))
	  ->  Bitmap Index Scan on sbtest5_pkey  (cost=0.00..22.72 rows=1029 width=0)
	        Index Cond: ((id >= 7720083) AND (id <= 7721082))

table 6 : explain SELECT c FROM sbtest6 WHERE id BETWEEN 7727445 AND 7728444
	Bitmap Heap Scan on sbtest6  (cost=22.76..3888.83 rows=1007 width=121)
	  Recheck Cond: ((id >= 7727445) AND (id <= 7728444))
	  ->  Bitmap Index Scan on sbtest6_pkey  (cost=0.00..22.50 rows=1007 width=0)
	        Index Cond: ((id >= 7727445) AND (id <= 7728444))

table 7 : explain SELECT c FROM sbtest7 WHERE id BETWEEN 5623819 AND 5624818
	Bitmap Heap Scan on sbtest7  (cost=22.83..3916.38 rows=1014 width=121)
	  Recheck Cond: ((id >= 5623819) AND (id <= 5624818))
	  ->  Bitmap Index Scan on sbtest7_pkey  (cost=0.00..22.57 rows=1014 width=0)
	        Index Cond: ((id >= 5623819) AND (id <= 5624818))

table 8 : explain SELECT c FROM sbtest8 WHERE id BETWEEN 149720 AND 150719
	Bitmap Heap Scan on sbtest8  (cost=22.31..3723.97 rows=963 width=121)
	  Recheck Cond: ((id >= 149720) AND (id <= 150719))
	  ->  Bitmap Index Scan on sbtest8_pkey  (cost=0.00..22.07 rows=963 width=0)
	        Index Cond: ((id >= 149720) AND (id <= 150719))

for: order_ranges
table 1 : explain SELECT c FROM sbtest1 WHERE id BETWEEN 3075343 AND 3076342 ORDER BY c
	Sort  (cost=4462.93..4465.80 rows=1145 width=121)
	  Sort Key: c
	  ->  Bitmap Heap Scan on sbtest1  (cost=28.17..4404.76 rows=1145 width=121)
	        Recheck Cond: ((id >= 3075343) AND (id <= 3076342))
	        ->  Bitmap Index Scan on sbtest1_pkey  (cost=0.00..27.89 rows=1145 width=0)
	              Index Cond: ((id >= 3075343) AND (id <= 3076342))

table 2 : explain SELECT c FROM sbtest2 WHERE id BETWEEN 9816175 AND 9817174 ORDER BY c
	Sort  (cost=3666.04..3668.38 rows=936 width=121)
	  Sort Key: c
	  ->  Bitmap Heap Scan on sbtest2  (cost=22.03..3619.84 rows=936 width=121)
	        Recheck Cond: ((id >= 9816175) AND (id <= 9817174))
	        ->  Bitmap Index Scan on sbtest2_pkey  (cost=0.00..21.79 rows=936 width=0)
	              Index Cond: ((id >= 9816175) AND (id <= 9817174))

table 3 : explain SELECT c FROM sbtest3 WHERE id BETWEEN 6320556 AND 6321555 ORDER BY c
	Sort  (cost=3723.60..3725.98 rows=951 width=121)
	  Sort Key: c
	  ->  Bitmap Heap Scan on sbtest3  (cost=22.18..3676.56 rows=951 width=121)
	        Recheck Cond: ((id >= 6320556) AND (id <= 6321555))
	        ->  Bitmap Index Scan on sbtest3_pkey  (cost=0.00..21.94 rows=951 width=0)
	              Index Cond: ((id >= 6320556) AND (id <= 6321555))

table 4 : explain SELECT c FROM sbtest4 WHERE id BETWEEN 1695206 AND 1696205 ORDER BY c
	Sort  (cost=3532.89..3535.14 rows=901 width=121)
	  Sort Key: c
	  ->  Bitmap Heap Scan on sbtest4  (cost=21.67..3488.67 rows=901 width=121)
	        Recheck Cond: ((id >= 1695206) AND (id <= 1696205))
	        ->  Bitmap Index Scan on sbtest4_pkey  (cost=0.00..21.44 rows=901 width=0)
	              Index Cond: ((id >= 1695206) AND (id <= 1696205))

table 5 : explain SELECT c FROM sbtest5 WHERE id BETWEEN 5363838 AND 5364837 ORDER BY c
	Sort  (cost=3582.85..3585.14 rows=914 width=121)
	  Sort Key: c
	  ->  Bitmap Heap Scan on sbtest5  (cost=21.80..3537.90 rows=914 width=121)
	        Recheck Cond: ((id >= 5363838) AND (id <= 5364837))
	        ->  Bitmap Index Scan on sbtest5_pkey  (cost=0.00..21.57 rows=914 width=0)
	              Index Cond: ((id >= 5363838) AND (id <= 5364837))

table 6 : explain SELECT c FROM sbtest6 WHERE id BETWEEN 2786224 AND 2787223 ORDER BY c
	Sort  (cost=3885.51..3887.99 rows=993 width=121)
	  Sort Key: c
	  ->  Bitmap Heap Scan on sbtest6  (cost=22.61..3836.08 rows=993 width=121)
	        Recheck Cond: ((id >= 2786224) AND (id <= 2787223))
	        ->  Bitmap Index Scan on sbtest6_pkey  (cost=0.00..22.36 rows=993 width=0)
	              Index Cond: ((id >= 2786224) AND (id <= 2787223))

table 7 : explain SELECT c FROM sbtest7 WHERE id BETWEEN 6477941 AND 6478940 ORDER BY c
	Sort  (cost=3744.94..3747.33 rows=956 width=121)
	  Sort Key: c
	  ->  Bitmap Heap Scan on sbtest7  (cost=22.23..3697.62 rows=956 width=121)
	        Recheck Cond: ((id >= 6477941) AND (id <= 6478940))
	        ->  Bitmap Index Scan on sbtest7_pkey  (cost=0.00..22.00 rows=956 width=0)
	              Index Cond: ((id >= 6477941) AND (id <= 6478940))

table 8 : explain SELECT c FROM sbtest8 WHERE id BETWEEN 4192358 AND 4193357 ORDER BY c
	Sort  (cost=3718.04..3720.41 rows=949 width=121)
	  Sort Key: c
	  ->  Bitmap Heap Scan on sbtest8  (cost=22.16..3671.11 rows=949 width=121)
	        Recheck Cond: ((id >= 4192358) AND (id <= 4193357))
	        ->  Bitmap Index Scan on sbtest8_pkey  (cost=0.00..21.93 rows=949 width=0)
	              Index Cond: ((id >= 4192358) AND (id <= 4193357))

explain: for point_selects :: explain SELECT c FROM sbtest%u WHERE id=%u
for: order_ranges
table 1 : explain SELECT c FROM sbtest1 WHERE id BETWEEN 3101754 AND 3102753 ORDER BY c
	Sort  (cost=4462.93..4465.80 rows=1145 width=121)
	  Sort Key: c
	  ->  Bitmap Heap Scan on sbtest1  (cost=28.17..4404.76 rows=1145 width=121)
	        Recheck Cond: ((id >= 3101754) AND (id <= 3102753))
	        ->  Bitmap Index Scan on sbtest1_pkey  (cost=0.00..27.89 rows=1145 width=0)
	              Index Cond: ((id >= 3101754) AND (id <= 3102753))

table 2 : explain SELECT c FROM sbtest2 WHERE id BETWEEN 6472816 AND 6473815 ORDER BY c
	Sort  (cost=3409.06..3411.23 rows=869 width=121)
	  Sort Key: c
	  ->  Bitmap Heap Scan on sbtest2  (cost=21.34..3366.64 rows=869 width=121)
	        Recheck Cond: ((id >= 6472816) AND (id <= 6473815))
	        ->  Bitmap Index Scan on sbtest2_pkey  (cost=0.00..21.12 rows=869 width=0)
	              Index Cond: ((id >= 6472816) AND (id <= 6473815))

table 3 : explain SELECT c FROM sbtest3 WHERE id BETWEEN 614161 AND 615160 ORDER BY c
	Sort  (cost=3876.68..3879.16 rows=991 width=121)
	  Sort Key: c
	  ->  Bitmap Heap Scan on sbtest3  (cost=22.59..3827.36 rows=991 width=121)
	        Recheck Cond: ((id >= 614161) AND (id <= 615160))
	        ->  Bitmap Index Scan on sbtest3_pkey  (cost=0.00..22.34 rows=991 width=0)
	              Index Cond: ((id >= 614161) AND (id <= 615160))

table 4 : explain SELECT c FROM sbtest4 WHERE id BETWEEN 1244864 AND 1245863 ORDER BY c
	Sort  (cost=4183.63..4186.30 rows=1070 width=121)
	  Sort Key: c
	  ->  Bitmap Heap Scan on sbtest4  (cost=27.40..4129.79 rows=1070 width=121)
	        Recheck Cond: ((id >= 1244864) AND (id <= 1245863))
	        ->  Bitmap Index Scan on sbtest4_pkey  (cost=0.00..27.14 rows=1070 width=0)
	              Index Cond: ((id >= 1244864) AND (id <= 1245863))

table 5 : explain SELECT c FROM sbtest5 WHERE id BETWEEN 6597190 AND 6598189 ORDER BY c
	Sort  (cost=4007.86..4010.43 rows=1025 width=121)
	  Sort Key: c
	  ->  Bitmap Heap Scan on sbtest5  (cost=22.94..3956.61 rows=1025 width=121)
	        Recheck Cond: ((id >= 6597190) AND (id <= 6598189))
	        ->  Bitmap Index Scan on sbtest5_pkey  (cost=0.00..22.68 rows=1025 width=0)
	              Index Cond: ((id >= 6597190) AND (id <= 6598189))

table 6 : explain SELECT c FROM sbtest6 WHERE id BETWEEN 3316479 AND 3317478 ORDER BY c
	Sort  (cost=3717.05..3719.42 rows=949 width=121)
	  Sort Key: c
	  ->  Bitmap Heap Scan on sbtest6  (cost=22.16..3670.12 rows=949 width=121)
	        Recheck Cond: ((id >= 3316479) AND (id <= 3317478))
	        ->  Bitmap Index Scan on sbtest6_pkey  (cost=0.00..21.93 rows=949 width=0)
	              Index Cond: ((id >= 3316479) AND (id <= 3317478))

table 7 : explain SELECT c FROM sbtest7 WHERE id BETWEEN 3512508 AND 3513507 ORDER BY c
	Sort  (cost=3391.84..3394.00 rows=864 width=121)
	  Sort Key: c
	  ->  Bitmap Heap Scan on sbtest7  (cost=21.29..3349.70 rows=864 width=121)
	        Recheck Cond: ((id >= 3512508) AND (id <= 3513507))
	        ->  Bitmap Index Scan on sbtest7_pkey  (cost=0.00..21.07 rows=864 width=0)
	              Index Cond: ((id >= 3512508) AND (id <= 3513507))

table 8 : explain SELECT c FROM sbtest8 WHERE id BETWEEN 5552828 AND 5553827 ORDER BY c
	Sort  (cost=3817.66..3820.09 rows=975 width=121)
	  Sort Key: c
	  ->  Bitmap Heap Scan on sbtest8  (cost=22.43..3769.25 rows=975 width=121)
	        Recheck Cond: ((id >= 5552828) AND (id <= 5553827))
	        ->  Bitmap Index Scan on sbtest8_pkey  (cost=0.00..22.18 rows=975 width=0)
	              Index Cond: ((id >= 5552828) AND (id <= 5553827))

for: distinct_ranges
table 1 : explain SELECT DISTINCT c FROM sbtest1 WHERE id BETWEEN 5765530 AND 5766529 ORDER BY c
	Unique  (cost=4287.81..4293.31 rows=1099 width=121)
	  ->  Sort  (cost=4287.81..4290.56 rows=1099 width=121)
	        Sort Key: c
	        ->  Bitmap Heap Scan on sbtest1  (cost=27.70..4232.30 rows=1099 width=121)
	              Recheck Cond: ((id >= 5765530) AND (id <= 5766529))
	              ->  Bitmap Index Scan on sbtest1_pkey  (cost=0.00..27.43 rows=1099 width=0)
	                    Index Cond: ((id >= 5765530) AND (id <= 5766529))

table 2 : explain SELECT DISTINCT c FROM sbtest2 WHERE id BETWEEN 3518458 AND 3519457 ORDER BY c
	Unique  (cost=4155.41..4160.73 rows=1064 width=121)
	  ->  Sort  (cost=4155.41..4158.07 rows=1064 width=121)
	        Sort Key: c
	        ->  Bitmap Heap Scan on sbtest2  (cost=23.34..4101.92 rows=1064 width=121)
	              Recheck Cond: ((id >= 3518458) AND (id <= 3519457))
	              ->  Bitmap Index Scan on sbtest2_pkey  (cost=0.00..23.07 rows=1064 width=0)
	                    Index Cond: ((id >= 3518458) AND (id <= 3519457))

table 3 : explain SELECT DISTINCT c FROM sbtest3 WHERE id BETWEEN 232063 AND 233062 ORDER BY c
	Unique  (cost=3692.96..3697.68 rows=943 width=121)
	  ->  Sort  (cost=3692.96..3695.32 rows=943 width=121)
	        Sort Key: c
	        ->  Bitmap Heap Scan on sbtest3  (cost=22.10..3646.37 rows=943 width=121)
	              Recheck Cond: ((id >= 232063) AND (id <= 233062))
	              ->  Bitmap Index Scan on sbtest3_pkey  (cost=0.00..21.86 rows=943 width=0)
	                    Index Cond: ((id >= 232063) AND (id <= 233062))

table 4 : explain SELECT DISTINCT c FROM sbtest4 WHERE id BETWEEN 5469268 AND 5470267 ORDER BY c
	Unique  (cost=4374.40..4380.00 rows=1121 width=121)
	  ->  Sort  (cost=4374.40..4377.20 rows=1121 width=121)
	        Sort Key: c
	        ->  Bitmap Heap Scan on sbtest4  (cost=27.93..4317.62 rows=1121 width=121)
	              Recheck Cond: ((id >= 5469268) AND (id <= 5470267))
	              ->  Bitmap Index Scan on sbtest4_pkey  (cost=0.00..27.64 rows=1121 width=0)
	                    Index Cond: ((id >= 5469268) AND (id <= 5470267))

table 5 : explain SELECT DISTINCT c FROM sbtest5 WHERE id BETWEEN 9041961 AND 9042960 ORDER BY c
	Unique  (cost=4069.00..4074.21 rows=1041 width=121)
	  ->  Sort  (cost=4069.00..4071.60 rows=1041 width=121)
	        Sort Key: c
	        ->  Bitmap Heap Scan on sbtest5  (cost=23.11..4016.83 rows=1041 width=121)
	              Recheck Cond: ((id >= 9041961) AND (id <= 9042960))
	              ->  Bitmap Index Scan on sbtest5_pkey  (cost=0.00..22.84 rows=1041 width=0)
	                    Index Cond: ((id >= 9041961) AND (id <= 9042960))

table 6 : explain SELECT DISTINCT c FROM sbtest6 WHERE id BETWEEN 9719700 AND 9720699 ORDER BY c
	Unique  (cost=4115.04..4120.30 rows=1052 width=121)
	  ->  Sort  (cost=4115.04..4117.67 rows=1052 width=121)
	        Sort Key: c
	        ->  Bitmap Heap Scan on sbtest6  (cost=27.22..4062.23 rows=1052 width=121)
	              Recheck Cond: ((id >= 9719700) AND (id <= 9720699))
	              ->  Bitmap Index Scan on sbtest6_pkey  (cost=0.00..26.95 rows=1052 width=0)
	                    Index Cond: ((id >= 9719700) AND (id <= 9720699))

table 7 : explain SELECT DISTINCT c FROM sbtest7 WHERE id BETWEEN 439687 AND 440686 ORDER BY c
	Unique  (cost=3798.58..3803.43 rows=970 width=121)
	  ->  Sort  (cost=3798.58..3801.01 rows=970 width=121)
	        Sort Key: c
	        ->  Bitmap Heap Scan on sbtest7  (cost=22.38..3750.46 rows=970 width=121)
	              Recheck Cond: ((id >= 439687) AND (id <= 440686))
	              ->  Bitmap Index Scan on sbtest7_pkey  (cost=0.00..22.14 rows=970 width=0)
	                    Index Cond: ((id >= 439687) AND (id <= 440686))

table 8 : explain SELECT DISTINCT c FROM sbtest8 WHERE id BETWEEN 6212666 AND 6213665 ORDER BY c
	Unique  (cost=3510.87..3515.35 rows=895 width=121)
	  ->  Sort  (cost=3510.87..3513.11 rows=895 width=121)
	        Sort Key: c
	        ->  Bitmap Heap Scan on sbtest8  (cost=21.61..3466.99 rows=895 width=121)
	              Recheck Cond: ((id >= 6212666) AND (id <= 6213665))
	              ->  Bitmap Index Scan on sbtest8_pkey  (cost=0.00..21.39 rows=895 width=0)
	                    Index Cond: ((id >= 6212666) AND (id <= 6213665))

for: order_ranges
table 1 : explain SELECT c FROM sbtest1 WHERE id BETWEEN 3399753 AND 3400752 ORDER BY c
	Sort  (cost=4405.86..4408.68 rows=1130 width=121)
	  Sort Key: c
	  ->  Bitmap Heap Scan on sbtest1  (cost=28.02..4348.55 rows=1130 width=121)
	        Recheck Cond: ((id >= 3399753) AND (id <= 3400752))
	        ->  Bitmap Index Scan on sbtest1_pkey  (cost=0.00..27.73 rows=1130 width=0)
	              Index Cond: ((id >= 3399753) AND (id <= 3400752))

table 2 : explain SELECT c FROM sbtest2 WHERE id BETWEEN 6485211 AND 6486210 ORDER BY c
	Sort  (cost=3409.06..3411.23 rows=869 width=121)
	  Sort Key: c
	  ->  Bitmap Heap Scan on sbtest2  (cost=21.34..3366.64 rows=869 width=121)
	        Recheck Cond: ((id >= 6485211) AND (id <= 6486210))
	        ->  Bitmap Index Scan on sbtest2_pkey  (cost=0.00..21.12 rows=869 width=0)
	              Index Cond: ((id >= 6485211) AND (id <= 6486210))

table 3 : explain SELECT c FROM sbtest3 WHERE id BETWEEN 9117874 AND 9118873 ORDER BY c
	Sort  (cost=3823.12..3825.57 rows=977 width=121)
	  Sort Key: c
	  ->  Bitmap Heap Scan on sbtest3  (cost=22.45..3774.61 rows=977 width=121)
	        Recheck Cond: ((id >= 9117874) AND (id <= 9118873))
	        ->  Bitmap Index Scan on sbtest3_pkey  (cost=0.00..22.20 rows=977 width=0)
	              Index Cond: ((id >= 9117874) AND (id <= 9118873))

table 4 : explain SELECT c FROM sbtest4 WHERE id BETWEEN 6282605 AND 6283604 ORDER BY c
	Sort  (cost=3670.95..3673.29 rows=937 width=121)
	  Sort Key: c
	  ->  Bitmap Heap Scan on sbtest4  (cost=22.04..3624.70 rows=937 width=121)
	        Recheck Cond: ((id >= 6282605) AND (id <= 6283604))
	        ->  Bitmap Index Scan on sbtest4_pkey  (cost=0.00..21.80 rows=937 width=0)
	              Index Cond: ((id >= 6282605) AND (id <= 6283604))

table 5 : explain SELECT c FROM sbtest5 WHERE id BETWEEN 5436429 AND 5437428 ORDER BY c
	Sort  (cost=3582.85..3585.14 rows=914 width=121)
	  Sort Key: c
	  ->  Bitmap Heap Scan on sbtest5  (cost=21.80..3537.90 rows=914 width=121)
	        Recheck Cond: ((id >= 5436429) AND (id <= 5437428))
	        ->  Bitmap Index Scan on sbtest5_pkey  (cost=0.00..21.57 rows=914 width=0)
	              Index Cond: ((id >= 5436429) AND (id <= 5437428))

table 6 : explain SELECT c FROM sbtest6 WHERE id BETWEEN 1379537 AND 1380536 ORDER BY c
	Sort  (cost=3843.42..3845.87 rows=982 width=121)
	  Sort Key: c
	  ->  Bitmap Heap Scan on sbtest6  (cost=22.50..3794.61 rows=982 width=121)
	        Recheck Cond: ((id >= 1379537) AND (id <= 1380536))
	        ->  Bitmap Index Scan on sbtest6_pkey  (cost=0.00..22.25 rows=982 width=0)
	              Index Cond: ((id >= 1379537) AND (id <= 1380536))

table 7 : explain SELECT c FROM sbtest7 WHERE id BETWEEN 4546342 AND 4547341 ORDER BY c
	Sort  (cost=3936.41..3938.92 rows=1006 width=121)
	  Sort Key: c
	  ->  Bitmap Heap Scan on sbtest7  (cost=22.75..3886.23 rows=1006 width=121)
	        Recheck Cond: ((id >= 4546342) AND (id <= 4547341))
	        ->  Bitmap Index Scan on sbtest7_pkey  (cost=0.00..22.50 rows=1006 width=0)
	              Index Cond: ((id >= 4546342) AND (id <= 4547341))

table 8 : explain SELECT c FROM sbtest8 WHERE id BETWEEN 1754613 AND 1755612 ORDER BY c
	Sort  (cost=4200.22..4202.91 rows=1074 width=121)
	  Sort Key: c
	  ->  Bitmap Heap Scan on sbtest8  (cost=27.44..4146.15 rows=1074 width=121)
	        Recheck Cond: ((id >= 1754613) AND (id <= 1755612))
	        ->  Bitmap Index Scan on sbtest8_pkey  (cost=0.00..27.18 rows=1074 width=0)
	              Index Cond: ((id >= 1754613) AND (id <= 1755612))

for: distinct_ranges
table 1 : explain SELECT DISTINCT c FROM sbtest1 WHERE id BETWEEN 4897378 AND 4898377 ORDER BY c
	Unique  (cost=3607.52..3612.13 rows=921 width=121)
	  ->  Sort  (cost=3607.52..3609.83 rows=921 width=121)
	        Sort Key: c
	        ->  Bitmap Heap Scan on sbtest1  (cost=21.88..3562.18 rows=921 width=121)
	              Recheck Cond: ((id >= 4897378) AND (id <= 4898377))
	              ->  Bitmap Index Scan on sbtest1_pkey  (cost=0.00..21.64 rows=921 width=0)
	                    Index Cond: ((id >= 4897378) AND (id <= 4898377))

table 2 : explain SELECT DISTINCT c FROM sbtest2 WHERE id BETWEEN 9502753 AND 9503752 ORDER BY c
	Unique  (cost=4132.52..4137.81 rows=1058 width=121)
	  ->  Sort  (cost=4132.52..4135.16 rows=1058 width=121)
	        Sort Key: c
	        ->  Bitmap Heap Scan on sbtest2  (cost=23.28..4079.37 rows=1058 width=121)
	              Recheck Cond: ((id >= 9502753) AND (id <= 9503752))
	              ->  Bitmap Index Scan on sbtest2_pkey  (cost=0.00..23.01 rows=1058 width=0)
	                    Index Cond: ((id >= 9502753) AND (id <= 9503752))

table 3 : explain SELECT DISTINCT c FROM sbtest3 WHERE id BETWEEN 9778178 AND 9779177 ORDER BY c
	Unique  (cost=4094.48..4099.72 rows=1048 width=121)
	  ->  Sort  (cost=4094.48..4097.10 rows=1048 width=121)
	        Sort Key: c
	        ->  Bitmap Heap Scan on sbtest3  (cost=23.18..4041.90 rows=1048 width=121)
	              Recheck Cond: ((id >= 9778178) AND (id <= 9779177))
	              ->  Bitmap Index Scan on sbtest3_pkey  (cost=0.00..22.91 rows=1048 width=0)
	                    Index Cond: ((id >= 9778178) AND (id <= 9779177))

table 4 : explain SELECT DISTINCT c FROM sbtest4 WHERE id BETWEEN 4147921 AND 4148920 ORDER BY c
	Unique  (cost=3984.83..3989.92 rows=1019 width=121)
	  ->  Sort  (cost=3984.83..3987.37 rows=1019 width=121)
	        Sort Key: c
	        ->  Bitmap Heap Scan on sbtest4  (cost=22.88..3933.91 rows=1019 width=121)
	              Recheck Cond: ((id >= 4147921) AND (id <= 4148920))
	              ->  Bitmap Index Scan on sbtest4_pkey  (cost=0.00..22.62 rows=1019 width=0)
	                    Index Cond: ((id >= 4147921) AND (id <= 4148920))

table 5 : explain SELECT DISTINCT c FROM sbtest5 WHERE id BETWEEN 6233814 AND 6234813 ORDER BY c
	Unique  (cost=3770.66..3775.47 rows=963 width=121)
	  ->  Sort  (cost=3770.66..3773.06 rows=963 width=121)
	        Sort Key: c
	        ->  Bitmap Heap Scan on sbtest5  (cost=22.31..3722.93 rows=963 width=121)
	              Recheck Cond: ((id >= 6233814) AND (id <= 6234813))
	              ->  Bitmap Index Scan on sbtest5_pkey  (cost=0.00..22.07 rows=963 width=0)
	                    Index Cond: ((id >= 6233814) AND (id <= 6234813))

table 6 : explain SELECT DISTINCT c FROM sbtest6 WHERE id BETWEEN 8400324 AND 8401323 ORDER BY c
	Unique  (cost=3843.42..3848.33 rows=982 width=121)
	  ->  Sort  (cost=3843.42..3845.87 rows=982 width=121)
	        Sort Key: c
	        ->  Bitmap Heap Scan on sbtest6  (cost=22.50..3794.61 rows=982 width=121)
	              Recheck Cond: ((id >= 8400324) AND (id <= 8401323))
	              ->  Bitmap Index Scan on sbtest6_pkey  (cost=0.00..22.25 rows=982 width=0)
	                    Index Cond: ((id >= 8400324) AND (id <= 8401323))

table 7 : explain SELECT DISTINCT c FROM sbtest7 WHERE id BETWEEN 3275027 AND 3276026 ORDER BY c
	Unique  (cost=4314.81..4320.33 rows=1104 width=121)
	  ->  Sort  (cost=4314.81..4317.57 rows=1104 width=121)
	        Sort Key: c
	        ->  Bitmap Heap Scan on sbtest7  (cost=27.75..4259.01 rows=1104 width=121)
	              Recheck Cond: ((id >= 3275027) AND (id <= 3276026))
	              ->  Bitmap Index Scan on sbtest7_pkey  (cost=0.00..27.47 rows=1104 width=0)
	                    Index Cond: ((id >= 3275027) AND (id <= 3276026))

table 8 : explain SELECT DISTINCT c FROM sbtest8 WHERE id BETWEEN 6832995 AND 6833994 ORDER BY c
	Unique  (cost=3787.01..3791.85 rows=967 width=121)
	  ->  Sort  (cost=3787.01..3789.43 rows=967 width=121)
	        Sort Key: c
	        ->  Bitmap Heap Scan on sbtest8  (cost=22.35..3739.06 rows=967 width=121)
	              Recheck Cond: ((id >= 6832995) AND (id <= 6833994))
	              ->  Bitmap Index Scan on sbtest8_pkey  (cost=0.00..22.11 rows=967 width=0)
	                    Index Cond: ((id >= 6832995) AND (id <= 6833994))

for: sum_ranges
table 1 : explain SELECT SUM(k) FROM sbtest1 WHERE id BETWEEN 4763412 AND 4764411
	Aggregate  (cost=3843.64..3843.65 rows=1 width=8)
	  ->  Bitmap Heap Scan on sbtest1  (cost=22.63..3841.16 rows=995 width=4)
	        Recheck Cond: ((id >= 4763412) AND (id <= 4764411))
	        ->  Bitmap Index Scan on sbtest1_pkey  (cost=0.00..22.39 rows=995 width=0)
	              Index Cond: ((id >= 4763412) AND (id <= 4764411))

table 2 : explain SELECT SUM(k) FROM sbtest2 WHERE id BETWEEN 5380111 AND 5381110
	Aggregate  (cost=4112.10..4112.11 rows=1 width=8)
	  ->  Bitmap Heap Scan on sbtest2  (cost=23.36..4109.44 rows=1066 width=4)
	        Recheck Cond: ((id >= 5380111) AND (id <= 5381110))
	        ->  Bitmap Index Scan on sbtest2_pkey  (cost=0.00..23.09 rows=1066 width=0)
	              Index Cond: ((id >= 5380111) AND (id <= 5381110))

table 3 : explain SELECT SUM(k) FROM sbtest3 WHERE id BETWEEN 2382635 AND 2383634
	Aggregate  (cost=4082.14..4082.15 rows=1 width=8)
	  ->  Bitmap Heap Scan on sbtest3  (cost=23.28..4079.50 rows=1058 width=4)
	        Recheck Cond: ((id >= 2382635) AND (id <= 2383634))
	        ->  Bitmap Index Scan on sbtest3_pkey  (cost=0.00..23.01 rows=1058 width=0)
	              Index Cond: ((id >= 2382635) AND (id <= 2383634))

table 4 : explain SELECT SUM(k) FROM sbtest4 WHERE id BETWEEN 4682114 AND 4683113
	Aggregate  (cost=3570.35..3570.36 rows=1 width=8)
	  ->  Bitmap Heap Scan on sbtest4  (cost=21.89..3568.04 rows=922 width=4)
	        Recheck Cond: ((id >= 4682114) AND (id <= 4683113))
	        ->  Bitmap Index Scan on sbtest4_pkey  (cost=0.00..21.65 rows=922 width=0)
	              Index Cond: ((id >= 4682114) AND (id <= 4683113))

table 5 : explain SELECT SUM(k) FROM sbtest5 WHERE id BETWEEN 4407233 AND 4408232
	Aggregate  (cost=3838.55..3838.56 rows=1 width=8)
	  ->  Bitmap Heap Scan on sbtest5  (cost=22.61..3836.06 rows=993 width=4)
	        Recheck Cond: ((id >= 4407233) AND (id <= 4408232))
	        ->  Bitmap Index Scan on sbtest5_pkey  (cost=0.00..22.36 rows=993 width=0)
	              Index Cond: ((id >= 4407233) AND (id <= 4408232))

table 6 : explain SELECT SUM(k) FROM sbtest6 WHERE id BETWEEN 2880410 AND 2881409
	Aggregate  (cost=3778.20..3778.21 rows=1 width=8)
	  ->  Bitmap Heap Scan on sbtest6  (cost=22.45..3775.76 rows=977 width=4)
	        Recheck Cond: ((id >= 2880410) AND (id <= 2881409))
	        ->  Bitmap Index Scan on sbtest6_pkey  (cost=0.00..22.20 rows=977 width=0)
	              Index Cond: ((id >= 2880410) AND (id <= 2881409))

table 7 : explain SELECT SUM(k) FROM sbtest7 WHERE id BETWEEN 9701255 AND 9702254
	Aggregate  (cost=4295.60..4295.61 rows=1 width=8)
	  ->  Bitmap Heap Scan on sbtest7  (cost=27.84..4292.81 rows=1113 width=4)
	        Recheck Cond: ((id >= 9701255) AND (id <= 9702254))
	        ->  Bitmap Index Scan on sbtest7_pkey  (cost=0.00..27.57 rows=1113 width=0)
	              Index Cond: ((id >= 9701255) AND (id <= 9702254))

table 8 : explain SELECT SUM(k) FROM sbtest8 WHERE id BETWEEN 8135235 AND 8136234
	Aggregate  (cost=4066.02..4066.03 rows=1 width=8)
	  ->  Bitmap Heap Scan on sbtest8  (cost=27.22..4063.39 rows=1052 width=4)
	        Recheck Cond: ((id >= 8135235) AND (id <= 8136234))
	        ->  Bitmap Index Scan on sbtest8_pkey  (cost=0.00..26.95 rows=1052 width=0)
	              Index Cond: ((id >= 8135235) AND (id <= 8136234))

for point_selects
table 1 : explain SELECT c FROM sbtest1 WHERE id=3113758
	Index Scan using sbtest1_pkey on sbtest1  (cost=0.43..8.45 rows=1 width=121)
	  Index Cond: (id = 3113758)

table 2 : explain SELECT c FROM sbtest2 WHERE id=9151509
	Index Scan using sbtest2_pkey on sbtest2  (cost=0.43..8.45 rows=1 width=121)
	  Index Cond: (id = 9151509)

table 3 : explain SELECT c FROM sbtest3 WHERE id=8004880
	Index Scan using sbtest3_pkey on sbtest3  (cost=0.43..8.45 rows=1 width=121)
	  Index Cond: (id = 8004880)

table 4 : explain SELECT c FROM sbtest4 WHERE id=9877515
	Index Scan using sbtest4_pkey on sbtest4  (cost=0.43..8.45 rows=1 width=121)
	  Index Cond: (id = 9877515)

table 5 : explain SELECT c FROM sbtest5 WHERE id=1227585
	Index Scan using sbtest5_pkey on sbtest5  (cost=0.43..8.45 rows=1 width=121)
	  Index Cond: (id = 1227585)

table 6 : explain SELECT c FROM sbtest6 WHERE id=2648955
	Index Scan using sbtest6_pkey on sbtest6  (cost=0.43..8.45 rows=1 width=121)
	  Index Cond: (id = 2648955)

table 7 : explain SELECT c FROM sbtest7 WHERE id=803558
	Index Scan using sbtest7_pkey on sbtest7  (cost=0.43..8.45 rows=1 width=121)
	  Index Cond: (id = 803558)

table 8 : explain SELECT c FROM sbtest8 WHERE id=3680716
	Index Scan using sbtest8_pkey on sbtest8  (cost=0.43..8.45 rows=1 width=121)
	  Index Cond: (id = 3680716)

for: sum_ranges
table 1 : explain SELECT SUM(k) FROM sbtest1 WHERE id BETWEEN 9395035 AND 9396034
	Aggregate  (cost=4103.30..4103.31 rows=1 width=8)
	  ->  Bitmap Heap Scan on sbtest1  (cost=23.34..4100.64 rows=1064 width=4)
	        Recheck Cond: ((id >= 9395035) AND (id <= 9396034))
	        ->  Bitmap Index Scan on sbtest1_pkey  (cost=0.00..23.07 rows=1064 width=0)
	              Index Cond: ((id >= 9395035) AND (id <= 9396034))

table 2 : explain SELECT SUM(k) FROM sbtest2 WHERE id BETWEEN 5819 AND 6818
	Aggregate  (cost=3531.49..3531.50 rows=1 width=8)
	  ->  Bitmap Heap Scan on sbtest2  (cost=21.78..3529.21 rows=912 width=4)
	        Recheck Cond: ((id >= 5819) AND (id <= 6818))
	        ->  Bitmap Index Scan on sbtest2_pkey  (cost=0.00..21.55 rows=912 width=0)
	              Index Cond: ((id >= 5819) AND (id <= 6818))

table 3 : explain SELECT SUM(k) FROM sbtest3 WHERE id BETWEEN 3950634 AND 3951633
	Aggregate  (cost=3584.51..3584.52 rows=1 width=8)
	  ->  Bitmap Heap Scan on sbtest3  (cost=21.93..3582.20 rows=926 width=4)
	        Recheck Cond: ((id >= 3950634) AND (id <= 3951633))
	        ->  Bitmap Index Scan on sbtest3_pkey  (cost=0.00..21.69 rows=926 width=0)
	              Index Cond: ((id >= 3950634) AND (id <= 3951633))

table 4 : explain SELECT SUM(k) FROM sbtest4 WHERE id BETWEEN 1701287 AND 1702286
	Aggregate  (cost=3490.92..3490.93 rows=1 width=8)
	  ->  Bitmap Heap Scan on sbtest4  (cost=21.67..3488.67 rows=901 width=4)
	        Recheck Cond: ((id >= 1701287) AND (id <= 1702286))
	        ->  Bitmap Index Scan on sbtest4_pkey  (cost=0.00..21.44 rows=901 width=0)
	              Index Cond: ((id >= 1701287) AND (id <= 1702286))

table 5 : explain SELECT SUM(k) FROM sbtest5 WHERE id BETWEEN 5855946 AND 5856945
	Aggregate  (cost=3695.13..3695.14 rows=1 width=8)
	  ->  Bitmap Heap Scan on sbtest5  (cost=22.22..3692.75 rows=955 width=4)
	        Recheck Cond: ((id >= 5855946) AND (id <= 5856945))
	        ->  Bitmap Index Scan on sbtest5_pkey  (cost=0.00..21.98 rows=955 width=0)
	              Index Cond: ((id >= 5855946) AND (id <= 5856945))

table 6 : explain SELECT SUM(k) FROM sbtest6 WHERE id BETWEEN 4508746 AND 4509745
	Aggregate  (cost=3781.97..3781.98 rows=1 width=8)
	  ->  Bitmap Heap Scan on sbtest6  (cost=22.46..3779.53 rows=978 width=4)
	        Recheck Cond: ((id >= 4508746) AND (id <= 4509745))
	        ->  Bitmap Index Scan on sbtest6_pkey  (cost=0.00..22.21 rows=978 width=0)
	              Index Cond: ((id >= 4508746) AND (id <= 4509745))

table 7 : explain SELECT SUM(k) FROM sbtest7 WHERE id BETWEEN 7548591 AND 7549590
	Aggregate  (cost=3722.67..3722.68 rows=1 width=8)
	  ->  Bitmap Heap Scan on sbtest7  (cost=22.30..3720.27 rows=962 width=4)
	        Recheck Cond: ((id >= 7548591) AND (id <= 7549590))
	        ->  Bitmap Index Scan on sbtest7_pkey  (cost=0.00..22.05 rows=962 width=0)
	              Index Cond: ((id >= 7548591) AND (id <= 7549590))

table 8 : explain SELECT SUM(k) FROM sbtest8 WHERE id BETWEEN 8450383 AND 8451382
	Aggregate  (cost=3692.37..3692.38 rows=1 width=8)
	  ->  Bitmap Heap Scan on sbtest8  (cost=22.21..3689.99 rows=954 width=4)
	        Recheck Cond: ((id >= 8450383) AND (id <= 8451382))
	        ->  Bitmap Index Scan on sbtest8_pkey  (cost=0.00..21.97 rows=954 width=0)
	              Index Cond: ((id >= 8450383) AND (id <= 8451382))

for: sum_ranges
table 1 : explain SELECT SUM(k) FROM sbtest1 WHERE id BETWEEN 9294 AND 10293
	Aggregate  (cost=3768.27..3768.28 rows=1 width=8)
	  ->  Bitmap Heap Scan on sbtest1  (cost=22.43..3765.83 rows=975 width=4)
	        Recheck Cond: ((id >= 9294) AND (id <= 10293))
	        ->  Bitmap Index Scan on sbtest1_pkey  (cost=0.00..22.18 rows=975 width=0)
	              Index Cond: ((id >= 9294) AND (id <= 10293))

table 2 : explain SELECT SUM(k) FROM sbtest2 WHERE id BETWEEN 9776973 AND 9777972
	Aggregate  (cost=3844.80..3844.81 rows=1 width=8)
	  ->  Bitmap Heap Scan on sbtest2  (cost=22.63..3842.31 rows=995 width=4)
	        Recheck Cond: ((id >= 9776973) AND (id <= 9777972))
	        ->  Bitmap Index Scan on sbtest2_pkey  (cost=0.00..22.39 rows=995 width=0)
	              Index Cond: ((id >= 9776973) AND (id <= 9777972))

table 3 : explain SELECT SUM(k) FROM sbtest3 WHERE id BETWEEN 8399003 AND 8400002
	Aggregate  (cost=3863.77..3863.78 rows=1 width=8)
	  ->  Bitmap Heap Scan on sbtest3  (cost=22.68..3861.27 rows=1000 width=4)
	        Recheck Cond: ((id >= 8399003) AND (id <= 8400002))
	        ->  Bitmap Index Scan on sbtest3_pkey  (cost=0.00..22.43 rows=1000 width=0)
	              Index Cond: ((id >= 8399003) AND (id <= 8400002))

table 4 : explain SELECT SUM(k) FROM sbtest4 WHERE id BETWEEN 4200023 AND 4201022
	Aggregate  (cost=3936.46..3936.47 rows=1 width=8)
	  ->  Bitmap Heap Scan on sbtest4  (cost=22.88..3933.91 rows=1019 width=4)
	        Recheck Cond: ((id >= 4200023) AND (id <= 4201022))
	        ->  Bitmap Index Scan on sbtest4_pkey  (cost=0.00..22.62 rows=1019 width=0)
	              Index Cond: ((id >= 4200023) AND (id <= 4201022))

table 5 : explain SELECT SUM(k) FROM sbtest5 WHERE id BETWEEN 8766665 AND 8767664
	Aggregate  (cost=4147.38..4147.39 rows=1 width=8)
	  ->  Bitmap Heap Scan on sbtest5  (cost=23.45..4144.69 rows=1075 width=4)
	        Recheck Cond: ((id >= 8766665) AND (id <= 8767664))
	        ->  Bitmap Index Scan on sbtest5_pkey  (cost=0.00..23.18 rows=1075 width=0)
	              Index Cond: ((id >= 8766665) AND (id <= 8767664))

table 6 : explain SELECT SUM(k) FROM sbtest6 WHERE id BETWEEN 6141709 AND 6142708
	Aggregate  (cost=4252.91..4252.92 rows=1 width=8)
	  ->  Bitmap Heap Scan on sbtest6  (cost=27.73..4250.15 rows=1102 width=4)
	        Recheck Cond: ((id >= 6141709) AND (id <= 6142708))
	        ->  Bitmap Index Scan on sbtest6_pkey  (cost=0.00..27.45 rows=1102 width=0)
	              Index Cond: ((id >= 6141709) AND (id <= 6142708))

table 7 : explain SELECT SUM(k) FROM sbtest7 WHERE id BETWEEN 1826474 AND 1827473
	Aggregate  (cost=3722.67..3722.68 rows=1 width=8)
	  ->  Bitmap Heap Scan on sbtest7  (cost=22.30..3720.27 rows=962 width=4)
	        Recheck Cond: ((id >= 1826474) AND (id <= 1827473))
	        ->  Bitmap Index Scan on sbtest7_pkey  (cost=0.00..22.05 rows=962 width=0)
	              Index Cond: ((id >= 1826474) AND (id <= 1827473))

table 8 : explain SELECT SUM(k) FROM sbtest8 WHERE id BETWEEN 5986489 AND 5987488
	Aggregate  (cost=3718.82..3718.83 rows=1 width=8)
	  ->  Bitmap Heap Scan on sbtest8  (cost=22.29..3716.42 rows=961 width=4)
	        Recheck Cond: ((id >= 5986489) AND (id <= 5987488))
	        ->  Bitmap Index Scan on sbtest8_pkey  (cost=0.00..22.04 rows=961 width=0)
	              Index Cond: ((id >= 5986489) AND (id <= 5987488))

for point_selects
table 1 : explain SELECT c FROM sbtest1 WHERE id=6266371
	Index Scan using sbtest1_pkey on sbtest1  (cost=0.43..8.45 rows=1 width=121)
	  Index Cond: (id = 6266371)

table 2 : explain SELECT c FROM sbtest2 WHERE id=9856492
	Index Scan using sbtest2_pkey on sbtest2  (cost=0.43..8.45 rows=1 width=121)
	  Index Cond: (id = 9856492)

table 3 : explain SELECT c FROM sbtest3 WHERE id=3641816
	Index Scan using sbtest3_pkey on sbtest3  (cost=0.43..8.45 rows=1 width=121)
	  Index Cond: (id = 3641816)

table 4 : explain SELECT c FROM sbtest4 WHERE id=4251403
	Index Scan using sbtest4_pkey on sbtest4  (cost=0.43..8.45 rows=1 width=121)
	  Index Cond: (id = 4251403)

table 5 : explain SELECT c FROM sbtest5 WHERE id=7614894
	Index Scan using sbtest5_pkey on sbtest5  (cost=0.43..8.45 rows=1 width=121)
	  Index Cond: (id = 7614894)

table 6 : explain SELECT c FROM sbtest6 WHERE id=9781061
	Index Scan using sbtest6_pkey on sbtest6  (cost=0.43..8.45 rows=1 width=121)
	  Index Cond: (id = 9781061)

table 7 : explain SELECT c FROM sbtest7 WHERE id=6409903
	Index Scan using sbtest7_pkey on sbtest7  (cost=0.43..8.45 rows=1 width=121)
	  Index Cond: (id = 6409903)

table 8 : explain SELECT c FROM sbtest8 WHERE id=4970252
	Index Scan using sbtest8_pkey on sbtest8  (cost=0.43..8.45 rows=1 width=121)
	  Index Cond: (id = 4970252)

for: sum_ranges
table 1 : explain SELECT SUM(k) FROM sbtest1 WHERE id BETWEEN 7954573 AND 7955572
	Aggregate  (cost=4001.77..4001.78 rows=1 width=8)
	  ->  Bitmap Heap Scan on sbtest1  (cost=23.06..3999.18 rows=1037 width=4)
	        Recheck Cond: ((id >= 7954573) AND (id <= 7955572))
	        ->  Bitmap Index Scan on sbtest1_pkey  (cost=0.00..22.80 rows=1037 width=0)
	              Index Cond: ((id >= 7954573) AND (id <= 7955572))

table 2 : explain SELECT SUM(k) FROM sbtest2 WHERE id BETWEEN 3022409 AND 3023408
	Aggregate  (cost=3999.24..3999.25 rows=1 width=8)
	  ->  Bitmap Heap Scan on sbtest2  (cost=23.05..3996.65 rows=1036 width=4)
	        Recheck Cond: ((id >= 3022409) AND (id <= 3023408))
	        ->  Bitmap Index Scan on sbtest2_pkey  (cost=0.00..22.79 rows=1036 width=0)
	              Index Cond: ((id >= 3022409) AND (id <= 3023408))

table 3 : explain SELECT SUM(k) FROM sbtest3 WHERE id BETWEEN 3006261 AND 3007260
	Aggregate  (cost=3709.13..3709.14 rows=1 width=8)
	  ->  Bitmap Heap Scan on sbtest3  (cost=22.26..3706.74 rows=959 width=4)
	        Recheck Cond: ((id >= 3006261) AND (id <= 3007260))
	        ->  Bitmap Index Scan on sbtest3_pkey  (cost=0.00..22.02 rows=959 width=0)
	              Index Cond: ((id >= 3006261) AND (id <= 3007260))

table 4 : explain SELECT SUM(k) FROM sbtest4 WHERE id BETWEEN 1727591 AND 1728590
	Aggregate  (cost=3687.49..3687.50 rows=1 width=8)
	  ->  Bitmap Heap Scan on sbtest4  (cost=22.20..3685.10 rows=953 width=4)
	        Recheck Cond: ((id >= 1727591) AND (id <= 1728590))
	        ->  Bitmap Index Scan on sbtest4_pkey  (cost=0.00..21.96 rows=953 width=0)
	              Index Cond: ((id >= 1727591) AND (id <= 1728590))

table 5 : explain SELECT SUM(k) FROM sbtest5 WHERE id BETWEEN 7945970 AND 7946969
	Aggregate  (cost=3966.70..3966.71 rows=1 width=8)
	  ->  Bitmap Heap Scan on sbtest5  (cost=22.96..3964.14 rows=1027 width=4)
	        Recheck Cond: ((id >= 7945970) AND (id <= 7946969))
	        ->  Bitmap Index Scan on sbtest5_pkey  (cost=0.00..22.70 rows=1027 width=0)
	              Index Cond: ((id >= 7945970) AND (id <= 7946969))

table 6 : explain SELECT SUM(k) FROM sbtest6 WHERE id BETWEEN 833652 AND 834651
	Aggregate  (cost=4249.15..4249.16 rows=1 width=8)
	  ->  Bitmap Heap Scan on sbtest6  (cost=27.72..4246.40 rows=1101 width=4)
	        Recheck Cond: ((id >= 833652) AND (id <= 834651))
	        ->  Bitmap Index Scan on sbtest6_pkey  (cost=0.00..27.44 rows=1101 width=0)
	              Index Cond: ((id >= 833652) AND (id <= 834651))

table 7 : explain SELECT SUM(k) FROM sbtest7 WHERE id BETWEEN 2947982 AND 2948981
	Aggregate  (cost=4171.51..4171.52 rows=1 width=8)
	  ->  Bitmap Heap Scan on sbtest7  (cost=27.50..4168.81 rows=1080 width=4)
	        Recheck Cond: ((id >= 2947982) AND (id <= 2948981))
	        ->  Bitmap Index Scan on sbtest7_pkey  (cost=0.00..27.23 rows=1080 width=0)
	              Index Cond: ((id >= 2947982) AND (id <= 2948981))

table 8 : explain SELECT SUM(k) FROM sbtest8 WHERE id BETWEEN 8087883 AND 8088882
	Aggregate  (cost=4066.02..4066.03 rows=1 width=8)
	  ->  Bitmap Heap Scan on sbtest8  (cost=27.22..4063.39 rows=1052 width=4)
	        Recheck Cond: ((id >= 8087883) AND (id <= 8088882))
	        ->  Bitmap Index Scan on sbtest8_pkey  (cost=0.00..26.95 rows=1052 width=0)
	              Index Cond: ((id >= 8087883) AND (id <= 8088882))

for: distinct_ranges
table 1 : explain SELECT DISTINCT c FROM sbtest1 WHERE id BETWEEN 9813548 AND 9814547 ORDER BY c
	Unique  (cost=3764.50..3769.31 rows=962 width=121)
	  ->  Sort  (cost=3764.50..3766.91 rows=962 width=121)
	        Sort Key: c
	        ->  Bitmap Heap Scan on sbtest1  (cost=22.30..3716.84 rows=962 width=121)
	              Recheck Cond: ((id >= 9813548) AND (id <= 9814547))
	              ->  Bitmap Index Scan on sbtest1_pkey  (cost=0.00..22.05 rows=962 width=0)
	                    Index Cond: ((id >= 9813548) AND (id <= 9814547))

table 2 : explain SELECT DISTINCT c FROM sbtest2 WHERE id BETWEEN 6945608 AND 6946607 ORDER BY c
	Unique  (cost=4224.07..4229.48 rows=1082 width=121)
	  ->  Sort  (cost=4224.07..4226.78 rows=1082 width=121)
	        Sort Key: c
	        ->  Bitmap Heap Scan on sbtest2  (cost=23.53..4169.54 rows=1082 width=121)
	              Recheck Cond: ((id >= 6945608) AND (id <= 6946607))
	              ->  Bitmap Index Scan on sbtest2_pkey  (cost=0.00..23.25 rows=1082 width=0)
	                    Index Cond: ((id >= 6945608) AND (id <= 6946607))

table 3 : explain SELECT DISTINCT c FROM sbtest3 WHERE id BETWEEN 9108102 AND 9109101 ORDER BY c
	Unique  (cost=3823.12..3828.01 rows=977 width=121)
	  ->  Sort  (cost=3823.12..3825.57 rows=977 width=121)
	        Sort Key: c
	        ->  Bitmap Heap Scan on sbtest3  (cost=22.45..3774.61 rows=977 width=121)
	              Recheck Cond: ((id >= 9108102) AND (id <= 9109101))
	              ->  Bitmap Index Scan on sbtest3_pkey  (cost=0.00..22.20 rows=977 width=0)
	                    Index Cond: ((id >= 9108102) AND (id <= 9109101))

table 4 : explain SELECT DISTINCT c FROM sbtest4 WHERE id BETWEEN 1473510 AND 1474509 ORDER BY c
	Unique  (cost=4389.64..4395.27 rows=1125 width=121)
	  ->  Sort  (cost=4389.64..4392.45 rows=1125 width=121)
	        Sort Key: c
	        ->  Bitmap Heap Scan on sbtest4  (cost=27.97..4332.63 rows=1125 width=121)
	              Recheck Cond: ((id >= 1473510) AND (id <= 1474509))
	              ->  Bitmap Index Scan on sbtest4_pkey  (cost=0.00..27.68 rows=1125 width=0)
	                    Index Cond: ((id >= 1473510) AND (id <= 1474509))

table 5 : explain SELECT DISTINCT c FROM sbtest5 WHERE id BETWEEN 5362908 AND 5363907 ORDER BY c
	Unique  (cost=3582.85..3587.42 rows=914 width=121)
	  ->  Sort  (cost=3582.85..3585.14 rows=914 width=121)
	        Sort Key: c
	        ->  Bitmap Heap Scan on sbtest5  (cost=21.80..3537.90 rows=914 width=121)
	              Recheck Cond: ((id >= 5362908) AND (id <= 5363907))
	              ->  Bitmap Index Scan on sbtest5_pkey  (cost=0.00..21.57 rows=914 width=0)
	                    Index Cond: ((id >= 5362908) AND (id <= 5363907))

table 6 : explain SELECT DISTINCT c FROM sbtest6 WHERE id BETWEEN 4562855 AND 4563854 ORDER BY c
	Unique  (cost=3946.71..3951.76 rows=1009 width=121)
	  ->  Sort  (cost=3946.71..3949.23 rows=1009 width=121)
	        Sort Key: c
	        ->  Bitmap Heap Scan on sbtest6  (cost=22.78..3896.37 rows=1009 width=121)
	              Recheck Cond: ((id >= 4562855) AND (id <= 4563854))
	              ->  Bitmap Index Scan on sbtest6_pkey  (cost=0.00..22.52 rows=1009 width=0)
	                    Index Cond: ((id >= 4562855) AND (id <= 4563854))

table 7 : explain SELECT DISTINCT c FROM sbtest7 WHERE id BETWEEN 4108782 AND 4109781 ORDER BY c
	Unique  (cost=3649.10..3653.75 rows=931 width=121)
	  ->  Sort  (cost=3649.10..3651.43 rows=931 width=121)
	        Sort Key: c
	        ->  Bitmap Heap Scan on sbtest7  (cost=21.98..3603.19 rows=931 width=121)
	              Recheck Cond: ((id >= 4108782) AND (id <= 4109781))
	              ->  Bitmap Index Scan on sbtest7_pkey  (cost=0.00..21.75 rows=931 width=0)
	                    Index Cond: ((id >= 4108782) AND (id <= 4109781))

table 8 : explain SELECT DISTINCT c FROM sbtest8 WHERE id BETWEEN 1735140 AND 1736139 ORDER BY c
	Unique  (cost=4200.22..4205.59 rows=1074 width=121)
	  ->  Sort  (cost=4200.22..4202.91 rows=1074 width=121)
	        Sort Key: c
	        ->  Bitmap Heap Scan on sbtest8  (cost=27.44..4146.15 rows=1074 width=121)
	              Recheck Cond: ((id >= 1735140) AND (id <= 1736139))
	              ->  Bitmap Index Scan on sbtest8_pkey  (cost=0.00..27.18 rows=1074 width=0)
	                    Index Cond: ((id >= 1735140) AND (id <= 1736139))

for: distinct_ranges
table 1 : explain SELECT DISTINCT c FROM sbtest1 WHERE id BETWEEN 2502927 AND 2503926 ORDER BY c
	Unique  (cost=3749.20..3753.99 rows=958 width=121)
	  ->  Sort  (cost=3749.20..3751.59 rows=958 width=121)
	        Sort Key: c
	        ->  Bitmap Heap Scan on sbtest1  (cost=22.25..3701.76 rows=958 width=121)
	              Recheck Cond: ((id >= 2502927) AND (id <= 2503926))
	              ->  Bitmap Index Scan on sbtest1_pkey  (cost=0.00..22.01 rows=958 width=0)
	                    Index Cond: ((id >= 2502927) AND (id <= 2503926))

table 2 : explain SELECT DISTINCT c FROM sbtest2 WHERE id BETWEEN 5297816 AND 5298815 ORDER BY c
	Unique  (cost=3780.92..3785.75 rows=966 width=121)
	  ->  Sort  (cost=3780.92..3783.33 rows=966 width=121)
	        Sort Key: c
	        ->  Bitmap Heap Scan on sbtest2  (cost=22.34..3733.02 rows=966 width=121)
	              Recheck Cond: ((id >= 5297816) AND (id <= 5298815))
	              ->  Bitmap Index Scan on sbtest2_pkey  (cost=0.00..22.09 rows=966 width=0)
	                    Index Cond: ((id >= 5297816) AND (id <= 5298815))

table 3 : explain SELECT DISTINCT c FROM sbtest3 WHERE id BETWEEN 1160864 AND 1161863 ORDER BY c
	Unique  (cost=3803.99..3808.85 rows=972 width=121)
	  ->  Sort  (cost=3803.99..3806.42 rows=972 width=121)
	        Sort Key: c
	        ->  Bitmap Heap Scan on sbtest3  (cost=22.40..3755.76 rows=972 width=121)
	              Recheck Cond: ((id >= 1160864) AND (id <= 1161863))
	              ->  Bitmap Index Scan on sbtest3_pkey  (cost=0.00..22.15 rows=972 width=0)
	                    Index Cond: ((id >= 1160864) AND (id <= 1161863))

table 4 : explain SELECT DISTINCT c FROM sbtest4 WHERE id BETWEEN 4087574 AND 4088573 ORDER BY c
	Unique  (cost=4145.46..4150.76 rows=1060 width=121)
	  ->  Sort  (cost=4145.46..4148.11 rows=1060 width=121)
	        Sort Key: c
	        ->  Bitmap Heap Scan on sbtest4  (cost=27.30..4092.19 rows=1060 width=121)
	              Recheck Cond: ((id >= 4087574) AND (id <= 4088573))
	              ->  Bitmap Index Scan on sbtest4_pkey  (cost=0.00..27.04 rows=1060 width=0)
	                    Index Cond: ((id >= 4087574) AND (id <= 4088573))

table 5 : explain SELECT DISTINCT c FROM sbtest5 WHERE id BETWEEN 6262278 AND 6263277 ORDER BY c
	Unique  (cost=4366.89..4372.49 rows=1119 width=121)
	  ->  Sort  (cost=4366.89..4369.69 rows=1119 width=121)
	        Sort Key: c
	        ->  Bitmap Heap Scan on sbtest5  (cost=27.90..4310.23 rows=1119 width=121)
	              Recheck Cond: ((id >= 6262278) AND (id <= 6263277))
	              ->  Bitmap Index Scan on sbtest5_pkey  (cost=0.00..27.62 rows=1119 width=0)
	                    Index Cond: ((id >= 6262278) AND (id <= 6263277))

table 6 : explain SELECT DISTINCT c FROM sbtest6 WHERE id BETWEEN 8491572 AND 8492571 ORDER BY c
	Unique  (cost=3816.62..3821.50 rows=975 width=121)
	  ->  Sort  (cost=3816.62..3819.06 rows=975 width=121)
	        Sort Key: c
	        ->  Bitmap Heap Scan on sbtest6  (cost=22.43..3768.22 rows=975 width=121)
	              Recheck Cond: ((id >= 8491572) AND (id <= 8492571))
	              ->  Bitmap Index Scan on sbtest6_pkey  (cost=0.00..22.18 rows=975 width=0)
	                    Index Cond: ((id >= 8491572) AND (id <= 8492571))

table 7 : explain SELECT DISTINCT c FROM sbtest7 WHERE id BETWEEN 474038 AND 475037 ORDER BY c
	Unique  (cost=3798.58..3803.43 rows=970 width=121)
	  ->  Sort  (cost=3798.58..3801.01 rows=970 width=121)
	        Sort Key: c
	        ->  Bitmap Heap Scan on sbtest7  (cost=22.38..3750.46 rows=970 width=121)
	              Recheck Cond: ((id >= 474038) AND (id <= 475037))
	              ->  Bitmap Index Scan on sbtest7_pkey  (cost=0.00..22.14 rows=970 width=0)
	                    Index Cond: ((id >= 474038) AND (id <= 475037))

table 8 : explain SELECT DISTINCT c FROM sbtest8 WHERE id BETWEEN 2143193 AND 2144192 ORDER BY c
	Unique  (cost=4035.94..4041.09 rows=1031 width=121)
	  ->  Sort  (cost=4035.94..4038.51 rows=1031 width=121)
	        Sort Key: c
	        ->  Bitmap Heap Scan on sbtest8  (cost=27.00..3984.34 rows=1031 width=121)
	              Recheck Cond: ((id >= 2143193) AND (id <= 2144192))
	              ->  Bitmap Index Scan on sbtest8_pkey  (cost=0.00..26.75 rows=1031 width=0)
	                    Index Cond: ((id >= 2143193) AND (id <= 2144192))

for: distinct_ranges
table 1 : explain SELECT DISTINCT c FROM sbtest1 WHERE id BETWEEN 7188035 AND 7189034 ORDER BY c
	Unique  (cost=4093.10..4098.34 rows=1048 width=121)
	  ->  Sort  (cost=4093.10..4095.72 rows=1048 width=121)
	        Sort Key: c
	        ->  Bitmap Heap Scan on sbtest1  (cost=23.18..4040.52 rows=1048 width=121)
	              Recheck Cond: ((id >= 7188035) AND (id <= 7189034))
	              ->  Bitmap Index Scan on sbtest1_pkey  (cost=0.00..22.91 rows=1048 width=0)
	                    Index Cond: ((id >= 7188035) AND (id <= 7189034))

table 2 : explain SELECT DISTINCT c FROM sbtest2 WHERE id BETWEEN 9252102 AND 9253101 ORDER BY c
	Unique  (cost=3757.95..3762.75 rows=960 width=121)
	  ->  Sort  (cost=3757.95..3760.35 rows=960 width=121)
	        Sort Key: c
	        ->  Bitmap Heap Scan on sbtest2  (cost=22.27..3710.40 rows=960 width=121)
	              Recheck Cond: ((id >= 9252102) AND (id <= 9253101))
	              ->  Bitmap Index Scan on sbtest2_pkey  (cost=0.00..22.04 rows=960 width=0)
	                    Index Cond: ((id >= 9252102) AND (id <= 9253101))

table 3 : explain SELECT DISTINCT c FROM sbtest3 WHERE id BETWEEN 6917931 AND 6918930 ORDER BY c
	Unique  (cost=3669.98..3674.66 rows=937 width=121)
	  ->  Sort  (cost=3669.98..3672.32 rows=937 width=121)
	        Sort Key: c
	        ->  Bitmap Heap Scan on sbtest3  (cost=22.04..3623.73 rows=937 width=121)
	              Recheck Cond: ((id >= 6917931) AND (id <= 6918930))
	              ->  Bitmap Index Scan on sbtest3_pkey  (cost=0.00..21.80 rows=937 width=0)
	                    Index Cond: ((id >= 6917931) AND (id <= 6918930))

table 4 : explain SELECT DISTINCT c FROM sbtest4 WHERE id BETWEEN 8137382 AND 8138381 ORDER BY c
	Unique  (cost=4183.63..4188.98 rows=1070 width=121)
	  ->  Sort  (cost=4183.63..4186.30 rows=1070 width=121)
	        Sort Key: c
	        ->  Bitmap Heap Scan on sbtest4  (cost=27.40..4129.79 rows=1070 width=121)
	              Recheck Cond: ((id >= 8137382) AND (id <= 8138381))
	              ->  Bitmap Index Scan on sbtest4_pkey  (cost=0.00..27.14 rows=1070 width=0)
	                    Index Cond: ((id >= 8137382) AND (id <= 8138381))

table 5 : explain SELECT DISTINCT c FROM sbtest5 WHERE id BETWEEN 4724677 AND 4725676 ORDER BY c
	Unique  (cost=4286.75..4292.24 rows=1097 width=121)
	  ->  Sort  (cost=4286.75..4289.49 rows=1097 width=121)
	        Sort Key: c
	        ->  Bitmap Heap Scan on sbtest5  (cost=27.68..4231.36 rows=1097 width=121)
	              Recheck Cond: ((id >= 4724677) AND (id <= 4725676))
	              ->  Bitmap Index Scan on sbtest5_pkey  (cost=0.00..27.40 rows=1097 width=0)
	                    Index Cond: ((id >= 4724677) AND (id <= 4725676))

table 6 : explain SELECT DISTINCT c FROM sbtest6 WHERE id BETWEEN 4490872 AND 4491871 ORDER BY c
	Unique  (cost=3828.11..3833.00 rows=978 width=121)
	  ->  Sort  (cost=3828.11..3830.55 rows=978 width=121)
	        Sort Key: c
	        ->  Bitmap Heap Scan on sbtest6  (cost=22.46..3779.53 rows=978 width=121)
	              Recheck Cond: ((id >= 4490872) AND (id <= 4491871))
	              ->  Bitmap Index Scan on sbtest6_pkey  (cost=0.00..22.21 rows=978 width=0)
	                    Index Cond: ((id >= 4490872) AND (id <= 4491871))

table 7 : explain SELECT DISTINCT c FROM sbtest7 WHERE id BETWEEN 4218797 AND 4219796 ORDER BY c
	Unique  (cost=3702.78..3707.51 rows=945 width=121)
	  ->  Sort  (cost=3702.78..3705.14 rows=945 width=121)
	        Sort Key: c
	        ->  Bitmap Heap Scan on sbtest7  (cost=22.12..3656.08 rows=945 width=121)
	              Recheck Cond: ((id >= 4218797) AND (id <= 4219796))
	              ->  Bitmap Index Scan on sbtest7_pkey  (cost=0.00..21.89 rows=945 width=0)
	                    Index Cond: ((id >= 4218797) AND (id <= 4219796))

table 8 : explain SELECT DISTINCT c FROM sbtest8 WHERE id BETWEEN 290943 AND 291942 ORDER BY c
	Unique  (cost=3955.63..3960.68 rows=1010 width=121)
	  ->  Sort  (cost=3955.63..3958.15 rows=1010 width=121)
	        Sort Key: c
	        ->  Bitmap Heap Scan on sbtest8  (cost=26.79..3905.23 rows=1010 width=121)
	              Recheck Cond: ((id >= 290943) AND (id <= 291942))
	              ->  Bitmap Index Scan on sbtest8_pkey  (cost=0.00..26.54 rows=1010 width=0)
	                    Index Cond: ((id >= 290943) AND (id <= 291942))

for point_selects
table 1 : explain SELECT c FROM sbtest1 WHERE id=3619770
	Index Scan using sbtest1_pkey on sbtest1  (cost=0.43..8.45 rows=1 width=121)
	  Index Cond: (id = 3619770)

table 2 : explain SELECT c FROM sbtest2 WHERE id=3648840
	Index Scan using sbtest2_pkey on sbtest2  (cost=0.43..8.45 rows=1 width=121)
	  Index Cond: (id = 3648840)

table 3 : explain SELECT c FROM sbtest3 WHERE id=4853411
	Index Scan using sbtest3_pkey on sbtest3  (cost=0.43..8.45 rows=1 width=121)
	  Index Cond: (id = 4853411)

table 4 : explain SELECT c FROM sbtest4 WHERE id=563945
	Index Scan using sbtest4_pkey on sbtest4  (cost=0.43..8.45 rows=1 width=121)
	  Index Cond: (id = 563945)

table 5 : explain SELECT c FROM sbtest5 WHERE id=719907
	Index Scan using sbtest5_pkey on sbtest5  (cost=0.43..8.45 rows=1 width=121)
	  Index Cond: (id = 719907)

table 6 : explain SELECT c FROM sbtest6 WHERE id=2395388
	Index Scan using sbtest6_pkey on sbtest6  (cost=0.43..8.45 rows=1 width=121)
	  Index Cond: (id = 2395388)

table 7 : explain SELECT c FROM sbtest7 WHERE id=3281888
	Index Scan using sbtest7_pkey on sbtest7  (cost=0.43..8.45 rows=1 width=121)
	  Index Cond: (id = 3281888)

table 8 : explain SELECT c FROM sbtest8 WHERE id=3934044
	Index Scan using sbtest8_pkey on sbtest8  (cost=0.43..8.45 rows=1 width=121)
	  Index Cond: (id = 3934044)

for point_selects
table 1 : explain SELECT c FROM sbtest1 WHERE id=7064865
	Index Scan using sbtest1_pkey on sbtest1  (cost=0.43..8.45 rows=1 width=121)
	  Index Cond: (id = 7064865)

table 2 : explain SELECT c FROM sbtest2 WHERE id=5893003
	Index Scan using sbtest2_pkey on sbtest2  (cost=0.43..8.45 rows=1 width=121)
	  Index Cond: (id = 5893003)

table 3 : explain SELECT c FROM sbtest3 WHERE id=9284747
	Index Scan using sbtest3_pkey on sbtest3  (cost=0.43..8.45 rows=1 width=121)
	  Index Cond: (id = 9284747)

table 4 : explain SELECT c FROM sbtest4 WHERE id=8043478
	Index Scan using sbtest4_pkey on sbtest4  (cost=0.43..8.45 rows=1 width=121)
	  Index Cond: (id = 8043478)

table 5 : explain SELECT c FROM sbtest5 WHERE id=1507687
	Index Scan using sbtest5_pkey on sbtest5  (cost=0.43..8.45 rows=1 width=121)
	  Index Cond: (id = 1507687)

table 6 : explain SELECT c FROM sbtest6 WHERE id=3372380
	Index Scan using sbtest6_pkey on sbtest6  (cost=0.43..8.45 rows=1 width=121)
	  Index Cond: (id = 3372380)

table 7 : explain SELECT c FROM sbtest7 WHERE id=4837976
	Index Scan using sbtest7_pkey on sbtest7  (cost=0.43..8.45 rows=1 width=121)
	  Index Cond: (id = 4837976)

table 8 : explain SELECT c FROM sbtest8 WHERE id=220307
	Index Scan using sbtest8_pkey on sbtest8  (cost=0.43..8.45 rows=1 width=121)
	  Index Cond: (id = 220307)

for: order_ranges
table 1 : explain SELECT c FROM sbtest1 WHERE id BETWEEN 8098681 AND 8099680 ORDER BY c
	Sort  (cost=3634.34..3636.66 rows=928 width=121)
	  Sort Key: c
	  ->  Bitmap Heap Scan on sbtest1  (cost=21.95..3588.60 rows=928 width=121)
	        Recheck Cond: ((id >= 8098681) AND (id <= 8099680))
	        ->  Bitmap Index Scan on sbtest1_pkey  (cost=0.00..21.71 rows=928 width=0)
	              Index Cond: ((id >= 8098681) AND (id <= 8099680))

table 2 : explain SELECT c FROM sbtest2 WHERE id BETWEEN 722537 AND 723536 ORDER BY c
	Sort  (cost=3823.01..3825.45 rows=977 width=121)
	  Sort Key: c
	  ->  Bitmap Heap Scan on sbtest2  (cost=22.45..3774.49 rows=977 width=121)
	        Recheck Cond: ((id >= 722537) AND (id <= 723536))
	        ->  Bitmap Index Scan on sbtest2_pkey  (cost=0.00..22.20 rows=977 width=0)
	              Index Cond: ((id >= 722537) AND (id <= 723536))

table 3 : explain SELECT c FROM sbtest3 WHERE id BETWEEN 1694734 AND 1695733 ORDER BY c
	Sort  (cost=3884.33..3886.81 rows=993 width=121)
	  Sort Key: c
	  ->  Bitmap Heap Scan on sbtest3  (cost=22.61..3834.90 rows=993 width=121)
	        Recheck Cond: ((id >= 1694734) AND (id <= 1695733))
	        ->  Bitmap Index Scan on sbtest3_pkey  (cost=0.00..22.36 rows=993 width=0)
	              Index Cond: ((id >= 1694734) AND (id <= 1695733))

table 4 : explain SELECT c FROM sbtest4 WHERE id BETWEEN 7472611 AND 7473610 ORDER BY c
	Sort  (cost=3904.52..3907.02 rows=998 width=121)
	  Sort Key: c
	  ->  Bitmap Heap Scan on sbtest4  (cost=22.66..3854.81 rows=998 width=121)
	        Recheck Cond: ((id >= 7472611) AND (id <= 7473610))
	        ->  Bitmap Index Scan on sbtest4_pkey  (cost=0.00..22.41 rows=998 width=0)
	              Index Cond: ((id >= 7472611) AND (id <= 7473610))

table 5 : explain SELECT c FROM sbtest5 WHERE id BETWEEN 9709690 AND 9710689 ORDER BY c
	Sort  (cost=3866.36..3868.83 rows=988 width=121)
	  Sort Key: c
	  ->  Bitmap Heap Scan on sbtest5  (cost=22.56..3817.22 rows=988 width=121)
	        Recheck Cond: ((id >= 9709690) AND (id <= 9710689))
	        ->  Bitmap Index Scan on sbtest5_pkey  (cost=0.00..22.32 rows=988 width=0)
	              Index Cond: ((id >= 9709690) AND (id <= 9710689))

table 6 : explain SELECT c FROM sbtest6 WHERE id BETWEEN 5103390 AND 5104389 ORDER BY c
	Sort  (cost=4183.76..4186.43 rows=1070 width=121)
	  Sort Key: c
	  ->  Bitmap Heap Scan on sbtest6  (cost=27.40..4129.92 rows=1070 width=121)
	        Recheck Cond: ((id >= 5103390) AND (id <= 5104389))
	        ->  Bitmap Index Scan on sbtest6_pkey  (cost=0.00..27.14 rows=1070 width=0)
	              Index Cond: ((id >= 5103390) AND (id <= 5104389))

table 7 : explain SELECT c FROM sbtest7 WHERE id BETWEEN 5807419 AND 5808418 ORDER BY c
	Sort  (cost=3982.31..3984.86 rows=1018 width=121)
	  Sort Key: c
	  ->  Bitmap Heap Scan on sbtest7  (cost=22.87..3931.46 rows=1018 width=121)
	        Recheck Cond: ((id >= 5807419) AND (id <= 5808418))
	        ->  Bitmap Index Scan on sbtest7_pkey  (cost=0.00..22.61 rows=1018 width=0)
	              Index Cond: ((id >= 5807419) AND (id <= 5808418))

table 8 : explain SELECT c FROM sbtest8 WHERE id BETWEEN 2272281 AND 2273280 ORDER BY c
	Sort  (cost=4127.66..4130.29 rows=1055 width=121)
	  Sort Key: c
	  ->  Bitmap Heap Scan on sbtest8  (cost=27.25..4074.68 rows=1055 width=121)
	        Recheck Cond: ((id >= 2272281) AND (id <= 2273280))
	        ->  Bitmap Index Scan on sbtest8_pkey  (cost=0.00..26.98 rows=1055 width=0)
	              Index Cond: ((id >= 2272281) AND (id <= 2273280))

for: order_ranges
table 1 : explain SELECT c FROM sbtest1 WHERE id BETWEEN 148381 AND 149380 ORDER BY c
	Sort  (cost=3714.75..3717.13 rows=949 width=121)
	  Sort Key: c
	  ->  Bitmap Heap Scan on sbtest1  (cost=22.16..3667.82 rows=949 width=121)
	        Recheck Cond: ((id >= 148381) AND (id <= 149380))
	        ->  Bitmap Index Scan on sbtest1_pkey  (cost=0.00..21.93 rows=949 width=0)
	              Index Cond: ((id >= 148381) AND (id <= 149380))

table 2 : explain SELECT c FROM sbtest2 WHERE id BETWEEN 4924591 AND 4925590 ORDER BY c
	Sort  (cost=4246.95..4249.67 rows=1088 width=121)
	  Sort Key: c
	  ->  Bitmap Heap Scan on sbtest2  (cost=23.59..4192.08 rows=1088 width=121)
	        Recheck Cond: ((id >= 4924591) AND (id <= 4925590))
	        ->  Bitmap Index Scan on sbtest2_pkey  (cost=0.00..23.32 rows=1088 width=0)
	              Index Cond: ((id >= 4924591) AND (id <= 4925590))

table 3 : explain SELECT c FROM sbtest3 WHERE id BETWEEN 6359386 AND 6360385 ORDER BY c
	Sort  (cost=3723.60..3725.98 rows=951 width=121)
	  Sort Key: c
	  ->  Bitmap Heap Scan on sbtest3  (cost=22.18..3676.56 rows=951 width=121)
	        Recheck Cond: ((id >= 6359386) AND (id <= 6360385))
	        ->  Bitmap Index Scan on sbtest3_pkey  (cost=0.00..21.94 rows=951 width=0)
	              Index Cond: ((id >= 6359386) AND (id <= 6360385))

table 4 : explain SELECT c FROM sbtest4 WHERE id BETWEEN 6285879 AND 6286878 ORDER BY c
	Sort  (cost=3670.95..3673.29 rows=937 width=121)
	  Sort Key: c
	  ->  Bitmap Heap Scan on sbtest4  (cost=22.04..3624.70 rows=937 width=121)
	        Recheck Cond: ((id >= 6285879) AND (id <= 6286878))
	        ->  Bitmap Index Scan on sbtest4_pkey  (cost=0.00..21.80 rows=937 width=0)
	              Index Cond: ((id >= 6285879) AND (id <= 6286878))

table 5 : explain SELECT c FROM sbtest5 WHERE id BETWEEN 6565741 AND 6566740 ORDER BY c
	Sort  (cost=4007.86..4010.43 rows=1025 width=121)
	  Sort Key: c
	  ->  Bitmap Heap Scan on sbtest5  (cost=22.94..3956.61 rows=1025 width=121)
	        Recheck Cond: ((id >= 6565741) AND (id <= 6566740))
	        ->  Bitmap Index Scan on sbtest5_pkey  (cost=0.00..22.68 rows=1025 width=0)
	              Index Cond: ((id >= 6565741) AND (id <= 6566740))

table 6 : explain SELECT c FROM sbtest6 WHERE id BETWEEN 5399772 AND 5400771 ORDER BY c
	Sort  (cost=3973.48..3976.02 rows=1016 width=121)
	  Sort Key: c
	  ->  Bitmap Heap Scan on sbtest6  (cost=22.85..3922.73 rows=1016 width=121)
	        Recheck Cond: ((id >= 5399772) AND (id <= 5400771))
	        ->  Bitmap Index Scan on sbtest6_pkey  (cost=0.00..22.59 rows=1016 width=0)
	              Index Cond: ((id >= 5399772) AND (id <= 5400771))

table 7 : explain SELECT c FROM sbtest7 WHERE id BETWEEN 5298978 AND 5299977 ORDER BY c
	Sort  (cost=4074.07..4076.68 rows=1042 width=121)
	  Sort Key: c
	  ->  Bitmap Heap Scan on sbtest7  (cost=23.12..4021.84 rows=1042 width=121)
	        Recheck Cond: ((id >= 5298978) AND (id <= 5299977))
	        ->  Bitmap Index Scan on sbtest7_pkey  (cost=0.00..22.86 rows=1042 width=0)
	              Index Cond: ((id >= 5298978) AND (id <= 5299977))

table 8 : explain SELECT c FROM sbtest8 WHERE id BETWEEN 9328092 AND 9329091 ORDER BY c
	Sort  (cost=3579.97..3582.25 rows=913 width=121)
	  Sort Key: c
	  ->  Bitmap Heap Scan on sbtest8  (cost=21.79..3535.07 rows=913 width=121)
	        Recheck Cond: ((id >= 9328092) AND (id <= 9329091))
	        ->  Bitmap Index Scan on sbtest8_pkey  (cost=0.00..21.57 rows=913 width=0)
	              Index Cond: ((id >= 9328092) AND (id <= 9329091))

for: order_ranges
table 1 : explain SELECT c FROM sbtest1 WHERE id BETWEEN 3661287 AND 3662286 ORDER BY c
	Sort  (cost=3860.12..3862.59 rows=987 width=121)
	  Sort Key: c
	  ->  Bitmap Heap Scan on sbtest1  (cost=22.55..3811.03 rows=987 width=121)
	        Recheck Cond: ((id >= 3661287) AND (id <= 3662286))
	        ->  Bitmap Index Scan on sbtest1_pkey  (cost=0.00..22.30 rows=987 width=0)
	              Index Cond: ((id >= 3661287) AND (id <= 3662286))

table 2 : explain SELECT c FROM sbtest2 WHERE id BETWEEN 8167067 AND 8168066 ORDER BY c
	Sort  (cost=4105.80..4108.43 rows=1051 width=121)
	  Sort Key: c
	  ->  Bitmap Heap Scan on sbtest2  (cost=23.21..4053.06 rows=1051 width=121)
	        Recheck Cond: ((id >= 8167067) AND (id <= 8168066))
	        ->  Bitmap Index Scan on sbtest2_pkey  (cost=0.00..22.94 rows=1051 width=0)
	              Index Cond: ((id >= 8167067) AND (id <= 8168066))

table 3 : explain SELECT c FROM sbtest3 WHERE id BETWEEN 4362992 AND 4363991 ORDER BY c
	Sort  (cost=3914.92..3917.42 rows=1001 width=121)
	  Sort Key: c
	  ->  Bitmap Heap Scan on sbtest3  (cost=22.70..3865.03 rows=1001 width=121)
	        Recheck Cond: ((id >= 4362992) AND (id <= 4363991))
	        ->  Bitmap Index Scan on sbtest3_pkey  (cost=0.00..22.44 rows=1001 width=0)
	              Index Cond: ((id >= 4362992) AND (id <= 4363991))

table 4 : explain SELECT c FROM sbtest4 WHERE id BETWEEN 2092831 AND 2093830 ORDER BY c
	Sort  (cost=3862.44..3864.90 rows=987 width=121)
	  Sort Key: c
	  ->  Bitmap Heap Scan on sbtest4  (cost=22.55..3813.35 rows=987 width=121)
	        Recheck Cond: ((id >= 2092831) AND (id <= 2093830))
	        ->  Bitmap Index Scan on sbtest4_pkey  (cost=0.00..22.30 rows=987 width=0)
	              Index Cond: ((id >= 2092831) AND (id <= 2093830))

table 5 : explain SELECT c FROM sbtest5 WHERE id BETWEEN 9648180 AND 9649179 ORDER BY c
	Sort  (cost=4004.04..4006.60 rows=1024 width=121)
	  Sort Key: c
	  ->  Bitmap Heap Scan on sbtest5  (cost=22.93..3952.84 rows=1024 width=121)
	        Recheck Cond: ((id >= 9648180) AND (id <= 9649179))
	        ->  Bitmap Index Scan on sbtest5_pkey  (cost=0.00..22.68 rows=1024 width=0)
	              Index Cond: ((id >= 9648180) AND (id <= 9649179))

table 6 : explain SELECT c FROM sbtest6 WHERE id BETWEEN 9406025 AND 9407024 ORDER BY c
	Sort  (cost=3919.94..3922.44 rows=1002 width=121)
	  Sort Key: c
	  ->  Bitmap Heap Scan on sbtest6  (cost=22.71..3870.00 rows=1002 width=121)
	        Recheck Cond: ((id >= 9406025) AND (id <= 9407024))
	        ->  Bitmap Index Scan on sbtest6_pkey  (cost=0.00..22.45 rows=1002 width=0)
	              Index Cond: ((id >= 9406025) AND (id <= 9407024))

table 7 : explain SELECT c FROM sbtest7 WHERE id BETWEEN 1723586 AND 1724585 ORDER BY c
	Sort  (cost=4089.36..4091.97 rows=1046 width=121)
	  Sort Key: c
	  ->  Bitmap Heap Scan on sbtest7  (cost=23.16..4036.90 rows=1046 width=121)
	        Recheck Cond: ((id >= 1723586) AND (id <= 1724585))
	        ->  Bitmap Index Scan on sbtest7_pkey  (cost=0.00..22.89 rows=1046 width=0)
	              Index Cond: ((id >= 1723586) AND (id <= 1724585))

table 8 : explain SELECT c FROM sbtest8 WHERE id BETWEEN 3270979 AND 3271978 ORDER BY c
	Sort  (cost=4158.22..4160.87 rows=1063 width=121)
	  Sort Key: c
	  ->  Bitmap Heap Scan on sbtest8  (cost=27.33..4104.78 rows=1063 width=121)
	        Recheck Cond: ((id >= 3270979) AND (id <= 3271978))
	        ->  Bitmap Index Scan on sbtest8_pkey  (cost=0.00..27.07 rows=1063 width=0)
	              Index Cond: ((id >= 3270979) AND (id <= 3271978))

explain: for point_selects :: explain SELECT c FROM sbtest%u WHERE id=%u
for: order_ranges
table 1 : explain SELECT c FROM sbtest1 WHERE id BETWEEN 7108526 AND 7109525 ORDER BY c
	Sort  (cost=4093.10..4095.72 rows=1048 width=121)
	  Sort Key: c
	  ->  Bitmap Heap Scan on sbtest1  (cost=23.18..4040.52 rows=1048 width=121)
	        Recheck Cond: ((id >= 7108526) AND (id <= 7109525))
	        ->  Bitmap Index Scan on sbtest1_pkey  (cost=0.00..22.91 rows=1048 width=0)
	              Index Cond: ((id >= 7108526) AND (id <= 7109525))

table 2 : explain SELECT c FROM sbtest2 WHERE id BETWEEN 694555 AND 695554 ORDER BY c
	Sort  (cost=3597.05..3599.35 rows=918 width=121)
	  Sort Key: c
	  ->  Bitmap Heap Scan on sbtest2  (cost=21.84..3551.88 rows=918 width=121)
	        Recheck Cond: ((id >= 694555) AND (id <= 695554))
	        ->  Bitmap Index Scan on sbtest2_pkey  (cost=0.00..21.61 rows=918 width=0)
	              Index Cond: ((id >= 694555) AND (id <= 695554))

table 3 : explain SELECT c FROM sbtest3 WHERE id BETWEEN 5729215 AND 5730214 ORDER BY c
	Sort  (cost=4319.78..4322.55 rows=1107 width=121)
	  Sort Key: c
	  ->  Bitmap Heap Scan on sbtest3  (cost=27.78..4263.81 rows=1107 width=121)
	        Recheck Cond: ((id >= 5729215) AND (id <= 5730214))
	        ->  Bitmap Index Scan on sbtest3_pkey  (cost=0.00..27.50 rows=1107 width=0)
	              Index Cond: ((id >= 5729215) AND (id <= 5730214))

table 4 : explain SELECT c FROM sbtest4 WHERE id BETWEEN 2274638 AND 2275637 ORDER BY c
	Sort  (cost=4401.07..4403.89 rows=1128 width=121)
	  Sort Key: c
	  ->  Bitmap Heap Scan on sbtest4  (cost=28.00..4343.88 rows=1128 width=121)
	        Recheck Cond: ((id >= 2274638) AND (id <= 2275637))
	        ->  Bitmap Index Scan on sbtest4_pkey  (cost=0.00..27.71 rows=1128 width=0)
	              Index Cond: ((id >= 2274638) AND (id <= 2275637))

table 5 : explain SELECT c FROM sbtest5 WHERE id BETWEEN 9493803 AND 9494802 ORDER BY c
	Sort  (cost=3793.63..3796.06 rows=969 width=121)
	  Sort Key: c
	  ->  Bitmap Heap Scan on sbtest5  (cost=22.37..3745.57 rows=969 width=121)
	        Recheck Cond: ((id >= 9493803) AND (id <= 9494802))
	        ->  Bitmap Index Scan on sbtest5_pkey  (cost=0.00..22.12 rows=969 width=0)
	              Index Cond: ((id >= 9493803) AND (id <= 9494802))

table 6 : explain SELECT c FROM sbtest6 WHERE id BETWEEN 6151521 AND 6152520 ORDER BY c
	Sort  (cost=4305.84..4308.59 rows=1102 width=121)
	  Sort Key: c
	  ->  Bitmap Heap Scan on sbtest6  (cost=27.73..4250.15 rows=1102 width=121)
	        Recheck Cond: ((id >= 6151521) AND (id <= 6152520))
	        ->  Bitmap Index Scan on sbtest6_pkey  (cost=0.00..27.45 rows=1102 width=0)
	              Index Cond: ((id >= 6151521) AND (id <= 6152520))

table 7 : explain SELECT c FROM sbtest7 WHERE id BETWEEN 7816285 AND 7817284 ORDER BY c
	Sort  (cost=4058.78..4061.38 rows=1038 width=121)
	  Sort Key: c
	  ->  Bitmap Heap Scan on sbtest7  (cost=23.07..4006.78 rows=1038 width=121)
	        Recheck Cond: ((id >= 7816285) AND (id <= 7817284))
	        ->  Bitmap Index Scan on sbtest7_pkey  (cost=0.00..22.82 rows=1038 width=0)
	              Index Cond: ((id >= 7816285) AND (id <= 7817284))

table 8 : explain SELECT c FROM sbtest8 WHERE id BETWEEN 4490555 AND 4491554 ORDER BY c
	Sort  (cost=4120.02..4122.65 rows=1053 width=121)
	  Sort Key: c
	  ->  Bitmap Heap Scan on sbtest8  (cost=27.23..4067.15 rows=1053 width=121)
	        Recheck Cond: ((id >= 4490555) AND (id <= 4491554))
	        ->  Bitmap Index Scan on sbtest8_pkey  (cost=0.00..26.96 rows=1053 width=0)
	              Index Cond: ((id >= 4490555) AND (id <= 4491554))

for: simple_ranges
table 1 : explain SELECT c FROM sbtest1 WHERE id BETWEEN 5198446 AND 5199445
	Bitmap Heap Scan on sbtest1  (cost=21.52..3429.97 rows=886 width=121)
	  Recheck Cond: ((id >= 5198446) AND (id <= 5199445))
	  ->  Bitmap Index Scan on sbtest1_pkey  (cost=0.00..21.29 rows=886 width=0)
	        Index Cond: ((id >= 5198446) AND (id <= 5199445))

table 2 : explain SELECT c FROM sbtest2 WHERE id BETWEEN 3160720 AND 3161719
	Bitmap Heap Scan on sbtest2  (cost=22.82..3910.10 rows=1013 width=121)
	  Recheck Cond: ((id >= 3160720) AND (id <= 3161719))
	  ->  Bitmap Index Scan on sbtest2_pkey  (cost=0.00..22.57 rows=1013 width=0)
	        Index Cond: ((id >= 3160720) AND (id <= 3161719))

table 3 : explain SELECT c FROM sbtest3 WHERE id BETWEEN 4782731 AND 4783730
	Bitmap Heap Scan on sbtest3  (cost=22.71..3868.80 rows=1002 width=121)
	  Recheck Cond: ((id >= 4782731) AND (id <= 4783730))
	  ->  Bitmap Index Scan on sbtest3_pkey  (cost=0.00..22.45 rows=1002 width=0)
	        Index Cond: ((id >= 4782731) AND (id <= 4783730))

table 4 : explain SELECT c FROM sbtest4 WHERE id BETWEEN 2763623 AND 2764622
	Bitmap Heap Scan on sbtest4  (cost=27.38..4122.27 rows=1068 width=121)
	  Recheck Cond: ((id >= 2763623) AND (id <= 2764622))
	  ->  Bitmap Index Scan on sbtest4_pkey  (cost=0.00..27.11 rows=1068 width=0)
	        Index Cond: ((id >= 2763623) AND (id <= 2764622))

table 5 : explain SELECT c FROM sbtest5 WHERE id BETWEEN 9574379 AND 9575378
	Bitmap Heap Scan on sbtest5  (cost=22.47..3783.28 rows=979 width=121)
	  Recheck Cond: ((id >= 9574379) AND (id <= 9575378))
	  ->  Bitmap Index Scan on sbtest5_pkey  (cost=0.00..22.22 rows=979 width=0)
	        Index Cond: ((id >= 9574379) AND (id <= 9575378))

table 6 : explain SELECT c FROM sbtest6 WHERE id BETWEEN 9878397 AND 9879396
	Bitmap Heap Scan on sbtest6  (cost=22.45..3775.76 rows=977 width=121)
	  Recheck Cond: ((id >= 9878397) AND (id <= 9879396))
	  ->  Bitmap Index Scan on sbtest6_pkey  (cost=0.00..22.20 rows=977 width=0)
	        Index Cond: ((id >= 9878397) AND (id <= 9879396))

table 7 : explain SELECT c FROM sbtest7 WHERE id BETWEEN 9430421 AND 9431420
	Bitmap Heap Scan on sbtest7  (cost=22.42..3765.56 rows=974 width=121)
	  Recheck Cond: ((id >= 9430421) AND (id <= 9431420))
	  ->  Bitmap Index Scan on sbtest7_pkey  (cost=0.00..22.18 rows=974 width=0)
	        Index Cond: ((id >= 9430421) AND (id <= 9431420))

table 8 : explain SELECT c FROM sbtest8 WHERE id BETWEEN 3790898 AND 3791897
	Bitmap Heap Scan on sbtest8  (cost=27.62..4210.06 rows=1091 width=121)
	  Recheck Cond: ((id >= 3790898) AND (id <= 3791897))
	  ->  Bitmap Index Scan on sbtest8_pkey  (cost=0.00..27.34 rows=1091 width=0)
	        Index Cond: ((id >= 3790898) AND (id <= 3791897))

for: simple_ranges
table 1 : explain SELECT c FROM sbtest1 WHERE id BETWEEN 8233028 AND 8234027
	Bitmap Heap Scan on sbtest1  (cost=22.21..3686.68 rows=954 width=121)
	  Recheck Cond: ((id >= 8233028) AND (id <= 8234027))
	  ->  Bitmap Index Scan on sbtest1_pkey  (cost=0.00..21.97 rows=954 width=0)
	        Index Cond: ((id >= 8233028) AND (id <= 8234027))

table 2 : explain SELECT c FROM sbtest2 WHERE id BETWEEN 5798833 AND 5799832
	Bitmap Heap Scan on sbtest2  (cost=22.95..3959.02 rows=1026 width=121)
	  Recheck Cond: ((id >= 5798833) AND (id <= 5799832))
	  ->  Bitmap Index Scan on sbtest2_pkey  (cost=0.00..22.69 rows=1026 width=0)
	        Index Cond: ((id >= 5798833) AND (id <= 5799832))

table 3 : explain SELECT c FROM sbtest3 WHERE id BETWEEN 3839523 AND 3840522
	Bitmap Heap Scan on sbtest3  (cost=22.83..3913.98 rows=1014 width=121)
	  Recheck Cond: ((id >= 3839523) AND (id <= 3840522))
	  ->  Bitmap Index Scan on sbtest3_pkey  (cost=0.00..22.57 rows=1014 width=0)
	        Index Cond: ((id >= 3839523) AND (id <= 3840522))

table 4 : explain SELECT c FROM sbtest4 WHERE id BETWEEN 2150191 AND 2151190
	Bitmap Heap Scan on sbtest4  (cost=22.51..3798.27 rows=983 width=121)
	  Recheck Cond: ((id >= 2150191) AND (id <= 2151190))
	  ->  Bitmap Index Scan on sbtest4_pkey  (cost=0.00..22.26 rows=983 width=0)
	        Index Cond: ((id >= 2150191) AND (id <= 2151190))

table 5 : explain SELECT c FROM sbtest5 WHERE id BETWEEN 6706634 AND 6707633
	Bitmap Heap Scan on sbtest5  (cost=22.16..3670.10 rows=949 width=121)
	  Recheck Cond: ((id >= 6706634) AND (id <= 6707633))
	  ->  Bitmap Index Scan on sbtest5_pkey  (cost=0.00..21.93 rows=949 width=0)
	        Index Cond: ((id >= 6706634) AND (id <= 6707633))

table 6 : explain SELECT c FROM sbtest6 WHERE id BETWEEN 5760959 AND 5761958
	Bitmap Heap Scan on sbtest6  (cost=27.69..4235.13 rows=1098 width=121)
	  Recheck Cond: ((id >= 5760959) AND (id <= 5761958))
	  ->  Bitmap Index Scan on sbtest6_pkey  (cost=0.00..27.41 rows=1098 width=0)
	        Index Cond: ((id >= 5760959) AND (id <= 5761958))

table 7 : explain SELECT c FROM sbtest7 WHERE id BETWEEN 4039503 AND 4040502
	Bitmap Heap Scan on sbtest7  (cost=22.48..3788.19 rows=980 width=121)
	  Recheck Cond: ((id >= 4039503) AND (id <= 4040502))
	  ->  Bitmap Index Scan on sbtest7_pkey  (cost=0.00..22.23 rows=980 width=0)
	        Index Cond: ((id >= 4039503) AND (id <= 4040502))

table 8 : explain SELECT c FROM sbtest8 WHERE id BETWEEN 2423190 AND 2424189
	Bitmap Heap Scan on sbtest8  (cost=22.23..3697.54 rows=956 width=121)
	  Recheck Cond: ((id >= 2423190) AND (id <= 2424189))
	  ->  Bitmap Index Scan on sbtest8_pkey  (cost=0.00..22.00 rows=956 width=0)
	        Index Cond: ((id >= 2423190) AND (id <= 2424189))

for: distinct_ranges
table 1 : explain SELECT DISTINCT c FROM sbtest1 WHERE id BETWEEN 8591347 AND 8592346 ORDER BY c
	Unique  (cost=3990.03..3995.14 rows=1021 width=121)
	  ->  Sort  (cost=3990.03..3992.59 rows=1021 width=121)
	        Sort Key: c
	        ->  Bitmap Heap Scan on sbtest1  (cost=22.90..3939.01 rows=1021 width=121)
	              Recheck Cond: ((id >= 8591347) AND (id <= 8592346))
	              ->  Bitmap Index Scan on sbtest1_pkey  (cost=0.00..22.64 rows=1021 width=0)
	                    Index Cond: ((id >= 8591347) AND (id <= 8592346))

table 2 : explain SELECT DISTINCT c FROM sbtest2 WHERE id BETWEEN 6771510 AND 6772509 ORDER BY c
	Unique  (cost=3604.72..3609.32 rows=920 width=121)
	  ->  Sort  (cost=3604.72..3607.02 rows=920 width=121)
	        Sort Key: c
	        ->  Bitmap Heap Scan on sbtest2  (cost=21.87..3559.43 rows=920 width=121)
	              Recheck Cond: ((id >= 6771510) AND (id <= 6772509))
	              ->  Bitmap Index Scan on sbtest2_pkey  (cost=0.00..21.64 rows=920 width=0)
	                    Index Cond: ((id >= 6771510) AND (id <= 6772509))

table 3 : explain SELECT DISTINCT c FROM sbtest3 WHERE id BETWEEN 2349667 AND 2350666 ORDER BY c
	Unique  (cost=4132.65..4137.94 rows=1058 width=121)
	  ->  Sort  (cost=4132.65..4135.29 rows=1058 width=121)
	        Sort Key: c
	        ->  Bitmap Heap Scan on sbtest3  (cost=23.28..4079.50 rows=1058 width=121)
	              Recheck Cond: ((id >= 2349667) AND (id <= 2350666))
	              ->  Bitmap Index Scan on sbtest3_pkey  (cost=0.00..23.01 rows=1058 width=0)
	                    Index Cond: ((id >= 2349667) AND (id <= 2350666))

table 4 : explain SELECT DISTINCT c FROM sbtest4 WHERE id BETWEEN 1821830 AND 1822829 ORDER BY c
	Unique  (cost=3613.45..3618.06 rows=922 width=121)
	  ->  Sort  (cost=3613.45..3615.75 rows=922 width=121)
	        Sort Key: c
	        ->  Bitmap Heap Scan on sbtest4  (cost=21.89..3568.04 rows=922 width=121)
	              Recheck Cond: ((id >= 1821830) AND (id <= 1822829))
	              ->  Bitmap Index Scan on sbtest4_pkey  (cost=0.00..21.65 rows=922 width=0)
	                    Index Cond: ((id >= 1821830) AND (id <= 1822829))

table 5 : explain SELECT DISTINCT c FROM sbtest5 WHERE id BETWEEN 3683365 AND 3684364 ORDER BY c
	Unique  (cost=3950.52..3955.57 rows=1010 width=121)
	  ->  Sort  (cost=3950.52..3953.04 rows=1010 width=121)
	        Sort Key: c
	        ->  Bitmap Heap Scan on sbtest5  (cost=22.79..3900.12 rows=1010 width=121)
	              Recheck Cond: ((id >= 3683365) AND (id <= 3684364))
	              ->  Bitmap Index Scan on sbtest5_pkey  (cost=0.00..22.54 rows=1010 width=0)
	                    Index Cond: ((id >= 3683365) AND (id <= 3684364))

table 6 : explain SELECT DISTINCT c FROM sbtest6 WHERE id BETWEEN 5680833 AND 5681832 ORDER BY c
	Unique  (cost=4137.95..4143.24 rows=1058 width=121)
	  ->  Sort  (cost=4137.95..4140.59 rows=1058 width=121)
	        Sort Key: c
	        ->  Bitmap Heap Scan on sbtest6  (cost=27.28..4084.80 rows=1058 width=121)
	              Recheck Cond: ((id >= 5680833) AND (id <= 5681832))
	              ->  Bitmap Index Scan on sbtest6_pkey  (cost=0.00..27.01 rows=1058 width=0)
	                    Index Cond: ((id >= 5680833) AND (id <= 5681832))

table 7 : explain SELECT DISTINCT c FROM sbtest7 WHERE id BETWEEN 2406894 AND 2407893 ORDER BY c
	Unique  (cost=3921.10..3926.11 rows=1002 width=121)
	  ->  Sort  (cost=3921.10..3923.61 rows=1002 width=121)
	        Sort Key: c
	        ->  Bitmap Heap Scan on sbtest7  (cost=22.71..3871.16 rows=1002 width=121)
	              Recheck Cond: ((id >= 2406894) AND (id <= 2407893))
	              ->  Bitmap Index Scan on sbtest7_pkey  (cost=0.00..22.45 rows=1002 width=0)
	                    Index Cond: ((id >= 2406894) AND (id <= 2407893))

table 8 : explain SELECT DISTINCT c FROM sbtest8 WHERE id BETWEEN 3912429 AND 3913428 ORDER BY c
	Unique  (cost=4016.82..4021.95 rows=1026 width=121)
	  ->  Sort  (cost=4016.82..4019.39 rows=1026 width=121)
	        Sort Key: c
	        ->  Bitmap Heap Scan on sbtest8  (cost=26.95..3965.51 rows=1026 width=121)
	              Recheck Cond: ((id >= 3912429) AND (id <= 3913428))
	              ->  Bitmap Index Scan on sbtest8_pkey  (cost=0.00..26.69 rows=1026 width=0)
	                    Index Cond: ((id >= 3912429) AND (id <= 3913428))

for: simple_ranges
table 1 : explain SELECT c FROM sbtest1 WHERE id BETWEEN 7270154 AND 7271153
	Bitmap Heap Scan on sbtest1  (cost=23.05..3995.42 rows=1036 width=121)
	  Recheck Cond: ((id >= 7270154) AND (id <= 7271153))
	  ->  Bitmap Index Scan on sbtest1_pkey  (cost=0.00..22.79 rows=1036 width=0)
	        Index Cond: ((id >= 7270154) AND (id <= 7271153))

table 2 : explain SELECT c FROM sbtest2 WHERE id BETWEEN 2936014 AND 2937013
	Bitmap Heap Scan on sbtest2  (cost=23.31..4090.65 rows=1061 width=121)
	  Recheck Cond: ((id >= 2936014) AND (id <= 2937013))
	  ->  Bitmap Index Scan on sbtest2_pkey  (cost=0.00..23.04 rows=1061 width=0)
	        Index Cond: ((id >= 2936014) AND (id <= 2937013))

table 3 : explain SELECT c FROM sbtest3 WHERE id BETWEEN 7685339 AND 7686338
	Bitmap Heap Scan on sbtest3  (cost=22.74..3880.10 rows=1005 width=121)
	  Recheck Cond: ((id >= 7685339) AND (id <= 7686338))
	  ->  Bitmap Index Scan on sbtest3_pkey  (cost=0.00..22.48 rows=1005 width=0)
	        Index Cond: ((id >= 7685339) AND (id <= 7686338))

table 4 : explain SELECT c FROM sbtest4 WHERE id BETWEEN 7559675 AND 7560674
	Bitmap Heap Scan on sbtest4  (cost=22.79..3900.02 rows=1010 width=121)
	  Recheck Cond: ((id >= 7559675) AND (id <= 7560674))
	  ->  Bitmap Index Scan on sbtest4_pkey  (cost=0.00..22.54 rows=1010 width=0)
	        Index Cond: ((id >= 7559675) AND (id <= 7560674))

table 5 : explain SELECT c FROM sbtest5 WHERE id BETWEEN 2276780 AND 2277779
	Bitmap Heap Scan on sbtest5  (cost=22.23..3696.52 rows=956 width=121)
	  Recheck Cond: ((id >= 2276780) AND (id <= 2277779))
	  ->  Bitmap Index Scan on sbtest5_pkey  (cost=0.00..22.00 rows=956 width=0)
	        Index Cond: ((id >= 2276780) AND (id <= 2277779))

table 6 : explain SELECT c FROM sbtest6 WHERE id BETWEEN 5909111 AND 5910110
	Bitmap Heap Scan on sbtest6  (cost=27.47..4156.23 rows=1077 width=121)
	  Recheck Cond: ((id >= 5909111) AND (id <= 5910110))
	  ->  Bitmap Index Scan on sbtest6_pkey  (cost=0.00..27.20 rows=1077 width=0)
	        Index Cond: ((id >= 5909111) AND (id <= 5910110))

table 7 : explain SELECT c FROM sbtest7 WHERE id BETWEEN 7337592 AND 7338591
	Bitmap Heap Scan on sbtest7  (cost=21.81..3542.71 rows=915 width=121)
	  Recheck Cond: ((id >= 7337592) AND (id <= 7338591))
	  ->  Bitmap Index Scan on sbtest7_pkey  (cost=0.00..21.58 rows=915 width=0)
	        Index Cond: ((id >= 7337592) AND (id <= 7338591))

table 8 : explain SELECT c FROM sbtest8 WHERE id BETWEEN 3129137 AND 3130136
	Bitmap Heap Scan on sbtest8  (cost=22.45..3776.80 rows=977 width=121)
	  Recheck Cond: ((id >= 3129137) AND (id <= 3130136))
	  ->  Bitmap Index Scan on sbtest8_pkey  (cost=0.00..22.20 rows=977 width=0)
	        Index Cond: ((id >= 3129137) AND (id <= 3130136))

for: simple_ranges
table 1 : explain SELECT c FROM sbtest1 WHERE id BETWEEN 1281855 AND 1282854
	Bitmap Heap Scan on sbtest1  (cost=21.99..3603.69 rows=932 width=121)
	  Recheck Cond: ((id >= 1281855) AND (id <= 1282854))
	  ->  Bitmap Index Scan on sbtest1_pkey  (cost=0.00..21.75 rows=932 width=0)
	        Index Cond: ((id >= 1281855) AND (id <= 1282854))

table 2 : explain SELECT c FROM sbtest2 WHERE id BETWEEN 1913870 AND 1914869
	Bitmap Heap Scan on sbtest2  (cost=21.72..3506.54 rows=906 width=121)
	  Recheck Cond: ((id >= 1913870) AND (id <= 1914869))
	  ->  Bitmap Index Scan on sbtest2_pkey  (cost=0.00..21.50 rows=906 width=0)
	        Index Cond: ((id >= 1913870) AND (id <= 1914869))

table 3 : explain SELECT c FROM sbtest3 WHERE id BETWEEN 8526975 AND 8527974
	Bitmap Heap Scan on sbtest3  (cost=23.28..4079.50 rows=1058 width=121)
	  Recheck Cond: ((id >= 8526975) AND (id <= 8527974))
	  ->  Bitmap Index Scan on sbtest3_pkey  (cost=0.00..23.01 rows=1058 width=0)
	        Index Cond: ((id >= 8526975) AND (id <= 8527974))

table 4 : explain SELECT c FROM sbtest4 WHERE id BETWEEN 3545485 AND 3546484
	Bitmap Heap Scan on sbtest4  (cost=23.01..3982.85 rows=1032 width=121)
	  Recheck Cond: ((id >= 3545485) AND (id <= 3546484))
	  ->  Bitmap Index Scan on sbtest4_pkey  (cost=0.00..22.75 rows=1032 width=0)
	        Index Cond: ((id >= 3545485) AND (id <= 3546484))

table 5 : explain SELECT c FROM sbtest5 WHERE id BETWEEN 3533051 AND 3534050
	Bitmap Heap Scan on sbtest5  (cost=21.65..3481.19 rows=899 width=121)
	  Recheck Cond: ((id >= 3533051) AND (id <= 3534050))
	  ->  Bitmap Index Scan on sbtest5_pkey  (cost=0.00..21.43 rows=899 width=0)
	        Index Cond: ((id >= 3533051) AND (id <= 3534050))

table 6 : explain SELECT c FROM sbtest6 WHERE id BETWEEN 743173 AND 744172
	Bitmap Heap Scan on sbtest6  (cost=23.13..4024.37 rows=1043 width=121)
	  Recheck Cond: ((id >= 743173) AND (id <= 744172))
	  ->  Bitmap Index Scan on sbtest6_pkey  (cost=0.00..22.86 rows=1043 width=0)
	        Index Cond: ((id >= 743173) AND (id <= 744172))

table 7 : explain SELECT c FROM sbtest7 WHERE id BETWEEN 9836455 AND 9837454
	Bitmap Heap Scan on sbtest7  (cost=22.58..3825.91 rows=990 width=121)
	  Recheck Cond: ((id >= 9836455) AND (id <= 9837454))
	  ->  Bitmap Index Scan on sbtest7_pkey  (cost=0.00..22.33 rows=990 width=0)
	        Index Cond: ((id >= 9836455) AND (id <= 9837454))

table 8 : explain SELECT c FROM sbtest8 WHERE id BETWEEN 7686863 AND 7687862
	Bitmap Heap Scan on sbtest8  (cost=27.01..3988.10 rows=1032 width=121)
	  Recheck Cond: ((id >= 7686863) AND (id <= 7687862))
	  ->  Bitmap Index Scan on sbtest8_pkey  (cost=0.00..26.75 rows=1032 width=0)
	        Index Cond: ((id >= 7686863) AND (id <= 7687862))

for: distinct_ranges
table 1 : explain SELECT DISTINCT c FROM sbtest1 WHERE id BETWEEN 8005662 AND 8006661 ORDER BY c
	Unique  (cost=3737.72..3742.49 rows=955 width=121)
	  ->  Sort  (cost=3737.72..3740.11 rows=955 width=121)
	        Sort Key: c
	        ->  Bitmap Heap Scan on sbtest1  (cost=22.22..3690.45 rows=955 width=121)
	              Recheck Cond: ((id >= 8005662) AND (id <= 8006661))
	              ->  Bitmap Index Scan on sbtest1_pkey  (cost=0.00..21.98 rows=955 width=0)
	                    Index Cond: ((id >= 8005662) AND (id <= 8006661))

table 2 : explain SELECT DISTINCT c FROM sbtest2 WHERE id BETWEEN 8347394 AND 8348393 ORDER BY c
	Unique  (cost=3734.98..3739.75 rows=954 width=121)
	  ->  Sort  (cost=3734.98..3737.36 rows=954 width=121)
	        Sort Key: c
	        ->  Bitmap Heap Scan on sbtest2  (cost=22.21..3687.76 rows=954 width=121)
	              Recheck Cond: ((id >= 8347394) AND (id <= 8348393))
	              ->  Bitmap Index Scan on sbtest2_pkey  (cost=0.00..21.97 rows=954 width=0)
	                    Index Cond: ((id >= 8347394) AND (id <= 8348393))

table 3 : explain SELECT DISTINCT c FROM sbtest3 WHERE id BETWEEN 5776593 AND 5777592 ORDER BY c
	Unique  (cost=4357.89..4363.47 rows=1117 width=121)
	  ->  Sort  (cost=4357.89..4360.68 rows=1117 width=121)
	        Sort Key: c
	        ->  Bitmap Heap Scan on sbtest3  (cost=27.88..4301.33 rows=1117 width=121)
	              Recheck Cond: ((id >= 5776593) AND (id <= 5777592))
	              ->  Bitmap Index Scan on sbtest3_pkey  (cost=0.00..27.61 rows=1117 width=0)
	                    Index Cond: ((id >= 5776593) AND (id <= 5777592))

table 4 : explain SELECT DISTINCT c FROM sbtest4 WHERE id BETWEEN 206297 AND 207296 ORDER BY c
	Unique  (cost=3444.60..3448.99 rows=878 width=121)
	  ->  Sort  (cost=3444.60..3446.79 rows=878 width=121)
	        Sort Key: c
	        ->  Bitmap Heap Scan on sbtest4  (cost=21.43..3401.67 rows=878 width=121)
	              Recheck Cond: ((id >= 206297) AND (id <= 207296))
	              ->  Bitmap Index Scan on sbtest4_pkey  (cost=0.00..21.21 rows=878 width=0)
	                    Index Cond: ((id >= 206297) AND (id <= 207296))

table 5 : explain SELECT DISTINCT c FROM sbtest5 WHERE id BETWEEN 6305369 AND 6306368 ORDER BY c
	Unique  (cost=4366.89..4372.49 rows=1119 width=121)
	  ->  Sort  (cost=4366.89..4369.69 rows=1119 width=121)
	        Sort Key: c
	        ->  Bitmap Heap Scan on sbtest5  (cost=27.90..4310.23 rows=1119 width=121)
	              Recheck Cond: ((id >= 6305369) AND (id <= 6306368))
	              ->  Bitmap Index Scan on sbtest5_pkey  (cost=0.00..27.62 rows=1119 width=0)
	                    Index Cond: ((id >= 6305369) AND (id <= 6306368))

table 6 : explain SELECT DISTINCT c FROM sbtest6 WHERE id BETWEEN 7895066 AND 7896065 ORDER BY c
	Unique  (cost=3805.14..3810.00 rows=972 width=121)
	  ->  Sort  (cost=3805.14..3807.57 rows=972 width=121)
	        Sort Key: c
	        ->  Bitmap Heap Scan on sbtest6  (cost=22.40..3756.90 rows=972 width=121)
	              Recheck Cond: ((id >= 7895066) AND (id <= 7896065))
	              ->  Bitmap Index Scan on sbtest6_pkey  (cost=0.00..22.15 rows=972 width=0)
	                    Index Cond: ((id >= 7895066) AND (id <= 7896065))

table 7 : explain SELECT DISTINCT c FROM sbtest7 WHERE id BETWEEN 2940975 AND 2941974 ORDER BY c
	Unique  (cost=4223.22..4228.62 rows=1080 width=121)
	  ->  Sort  (cost=4223.22..4225.92 rows=1080 width=121)
	        Sort Key: c
	        ->  Bitmap Heap Scan on sbtest7  (cost=27.50..4168.81 rows=1080 width=121)
	              Recheck Cond: ((id >= 2940975) AND (id <= 2941974))
	              ->  Bitmap Index Scan on sbtest7_pkey  (cost=0.00..27.23 rows=1080 width=0)
	                    Index Cond: ((id >= 2940975) AND (id <= 2941974))

table 8 : explain SELECT DISTINCT c FROM sbtest8 WHERE id BETWEEN 5511017 AND 5512016 ORDER BY c
	Unique  (cost=4284.19..4289.67 rows=1096 width=121)
	  ->  Sort  (cost=4284.19..4286.93 rows=1096 width=121)
	        Sort Key: c
	        ->  Bitmap Heap Scan on sbtest8  (cost=27.67..4228.85 rows=1096 width=121)
	              Recheck Cond: ((id >= 5511017) AND (id <= 5512016))
	              ->  Bitmap Index Scan on sbtest8_pkey  (cost=0.00..27.39 rows=1096 width=0)
	                    Index Cond: ((id >= 5511017) AND (id <= 5512016))

for: distinct_ranges
table 1 : explain SELECT DISTINCT c FROM sbtest1 WHERE id BETWEEN 3667347 AND 3668346 ORDER BY c
	Unique  (cost=3860.12..3865.06 rows=987 width=121)
	  ->  Sort  (cost=3860.12..3862.59 rows=987 width=121)
	        Sort Key: c
	        ->  Bitmap Heap Scan on sbtest1  (cost=22.55..3811.03 rows=987 width=121)
	              Recheck Cond: ((id >= 3667347) AND (id <= 3668346))
	              ->  Bitmap Index Scan on sbtest1_pkey  (cost=0.00..22.30 rows=987 width=0)
	                    Index Cond: ((id >= 3667347) AND (id <= 3668346))

table 2 : explain SELECT DISTINCT c FROM sbtest2 WHERE id BETWEEN 2270939 AND 2271938 ORDER BY c
	Unique  (cost=4151.60..4156.91 rows=1063 width=121)
	  ->  Sort  (cost=4151.60..4154.26 rows=1063 width=121)
	        Sort Key: c
	        ->  Bitmap Heap Scan on sbtest2  (cost=23.33..4098.16 rows=1063 width=121)
	              Recheck Cond: ((id >= 2270939) AND (id <= 2271938))
	              ->  Bitmap Index Scan on sbtest2_pkey  (cost=0.00..23.07 rows=1063 width=0)
	                    Index Cond: ((id >= 2270939) AND (id <= 2271938))

table 3 : explain SELECT DISTINCT c FROM sbtest3 WHERE id BETWEEN 7407821 AND 7408820 ORDER BY c
	Unique  (cost=3926.39..3931.41 rows=1004 width=121)
	  ->  Sort  (cost=3926.39..3928.90 rows=1004 width=121)
	        Sort Key: c
	        ->  Bitmap Heap Scan on sbtest3  (cost=22.73..3876.33 rows=1004 width=121)
	              Recheck Cond: ((id >= 7407821) AND (id <= 7408820))
	              ->  Bitmap Index Scan on sbtest3_pkey  (cost=0.00..22.47 rows=1004 width=0)
	                    Index Cond: ((id >= 7407821) AND (id <= 7408820))

table 4 : explain SELECT DISTINCT c FROM sbtest4 WHERE id BETWEEN 2272259 AND 2273258 ORDER BY c
	Unique  (cost=4401.07..4406.71 rows=1128 width=121)
	  ->  Sort  (cost=4401.07..4403.89 rows=1128 width=121)
	        Sort Key: c
	        ->  Bitmap Heap Scan on sbtest4  (cost=28.00..4343.88 rows=1128 width=121)
	              Recheck Cond: ((id >= 2272259) AND (id <= 2273258))
	              ->  Bitmap Index Scan on sbtest4_pkey  (cost=0.00..27.71 rows=1128 width=0)
	                    Index Cond: ((id >= 2272259) AND (id <= 2273258))

table 5 : explain SELECT DISTINCT c FROM sbtest5 WHERE id BETWEEN 670556 AND 671555 ORDER BY c
	Unique  (cost=3452.36..3456.76 rows=880 width=121)
	  ->  Sort  (cost=3452.36..3454.56 rows=880 width=121)
	        Sort Key: c
	        ->  Bitmap Heap Scan on sbtest5  (cost=21.45..3409.32 rows=880 width=121)
	              Recheck Cond: ((id >= 670556) AND (id <= 671555))
	              ->  Bitmap Index Scan on sbtest5_pkey  (cost=0.00..21.23 rows=880 width=0)
	                    Index Cond: ((id >= 670556) AND (id <= 671555))

table 6 : explain SELECT DISTINCT c FROM sbtest6 WHERE id BETWEEN 6598997 AND 6599996 ORDER BY c
	Unique  (cost=3556.01..3560.55 rows=907 width=121)
	  ->  Sort  (cost=3556.01..3558.28 rows=907 width=121)
	        Sort Key: c
	        ->  Bitmap Heap Scan on sbtest6  (cost=21.73..3511.46 rows=907 width=121)
	              Recheck Cond: ((id >= 6598997) AND (id <= 6599996))
	              ->  Bitmap Index Scan on sbtest6_pkey  (cost=0.00..21.50 rows=907 width=0)
	                    Index Cond: ((id >= 6598997) AND (id <= 6599996))

table 7 : explain SELECT DISTINCT c FROM sbtest7 WHERE id BETWEEN 5745930 AND 5746929 ORDER BY c
	Unique  (cost=3794.75..3799.60 rows=969 width=121)
	  ->  Sort  (cost=3794.75..3797.18 rows=969 width=121)
	        Sort Key: c
	        ->  Bitmap Heap Scan on sbtest7  (cost=22.37..3746.69 rows=969 width=121)
	              Recheck Cond: ((id >= 5745930) AND (id <= 5746929))
	              ->  Bitmap Index Scan on sbtest7_pkey  (cost=0.00..22.12 rows=969 width=0)
	                    Index Cond: ((id >= 5745930) AND (id <= 5746929))

table 8 : explain SELECT DISTINCT c FROM sbtest8 WHERE id BETWEEN 5218368 AND 5219367 ORDER BY c
	Unique  (cost=3553.10..3557.63 rows=906 width=121)
	  ->  Sort  (cost=3553.10..3555.37 rows=906 width=121)
	        Sort Key: c
	        ->  Bitmap Heap Scan on sbtest8  (cost=21.72..3508.60 rows=906 width=121)
	              Recheck Cond: ((id >= 5218368) AND (id <= 5219367))
	              ->  Bitmap Index Scan on sbtest8_pkey  (cost=0.00..21.50 rows=906 width=0)
	                    Index Cond: ((id >= 5218368) AND (id <= 5219367))

for: distinct_ranges
table 1 : explain SELECT DISTINCT c FROM sbtest1 WHERE id BETWEEN 8229001 AND 8230000 ORDER BY c
	Unique  (cost=3733.89..3738.66 rows=954 width=121)
	  ->  Sort  (cost=3733.89..3736.28 rows=954 width=121)
	        Sort Key: c
	        ->  Bitmap Heap Scan on sbtest1  (cost=22.21..3686.68 rows=954 width=121)
	              Recheck Cond: ((id >= 8229001) AND (id <= 8230000))
	              ->  Bitmap Index Scan on sbtest1_pkey  (cost=0.00..21.97 rows=954 width=0)
	                    Index Cond: ((id >= 8229001) AND (id <= 8230000))

table 2 : explain SELECT DISTINCT c FROM sbtest2 WHERE id BETWEEN 3941820 AND 3942819 ORDER BY c
	Unique  (cost=4182.12..4187.48 rows=1071 width=121)
	  ->  Sort  (cost=4182.12..4184.80 rows=1071 width=121)
	        Sort Key: c
	        ->  Bitmap Heap Scan on sbtest2  (cost=23.41..4128.22 rows=1071 width=121)
	              Recheck Cond: ((id >= 3941820) AND (id <= 3942819))
	              ->  Bitmap Index Scan on sbtest2_pkey  (cost=0.00..23.14 rows=1071 width=0)
	                    Index Cond: ((id >= 3941820) AND (id <= 3942819))

table 3 : explain SELECT DISTINCT c FROM sbtest3 WHERE id BETWEEN 4760423 AND 4761422 ORDER BY c
	Unique  (cost=3918.74..3923.75 rows=1002 width=121)
	  ->  Sort  (cost=3918.74..3921.25 rows=1002 width=121)
	        Sort Key: c
	        ->  Bitmap Heap Scan on sbtest3  (cost=22.71..3868.80 rows=1002 width=121)
	              Recheck Cond: ((id >= 4760423) AND (id <= 4761422))
	              ->  Bitmap Index Scan on sbtest3_pkey  (cost=0.00..22.45 rows=1002 width=0)
	                    Index Cond: ((id >= 4760423) AND (id <= 4761422))

table 4 : explain SELECT DISTINCT c FROM sbtest4 WHERE id BETWEEN 6161718 AND 6162717 ORDER BY c
	Unique  (cost=4321.04..4326.57 rows=1107 width=121)
	  ->  Sort  (cost=4321.04..4323.80 rows=1107 width=121)
	        Sort Key: c
	        ->  Bitmap Heap Scan on sbtest4  (cost=27.78..4265.06 rows=1107 width=121)
	              Recheck Cond: ((id >= 6161718) AND (id <= 6162717))
	              ->  Bitmap Index Scan on sbtest4_pkey  (cost=0.00..27.50 rows=1107 width=0)
	                    Index Cond: ((id >= 6161718) AND (id <= 6162717))

table 5 : explain SELECT DISTINCT c FROM sbtest5 WHERE id BETWEEN 1404997 AND 1405996 ORDER BY c
	Unique  (cost=3598.19..3602.78 rows=918 width=121)
	  ->  Sort  (cost=3598.19..3600.49 rows=918 width=121)
	        Sort Key: c
	        ->  Bitmap Heap Scan on sbtest5  (cost=21.84..3553.02 rows=918 width=121)
	              Recheck Cond: ((id >= 1404997) AND (id <= 1405996))
	              ->  Bitmap Index Scan on sbtest5_pkey  (cost=0.00..21.61 rows=918 width=0)
	                    Index Cond: ((id >= 1404997) AND (id <= 1405996))

table 6 : explain SELECT DISTINCT c FROM sbtest6 WHERE id BETWEEN 5763245 AND 5764244 ORDER BY c
	Unique  (cost=4290.58..4296.07 rows=1098 width=121)
	  ->  Sort  (cost=4290.58..4293.33 rows=1098 width=121)
	        Sort Key: c
	        ->  Bitmap Heap Scan on sbtest6  (cost=27.69..4235.13 rows=1098 width=121)
	              Recheck Cond: ((id >= 5763245) AND (id <= 5764244))
	              ->  Bitmap Index Scan on sbtest6_pkey  (cost=0.00..27.41 rows=1098 width=0)
	                    Index Cond: ((id >= 5763245) AND (id <= 5764244))

table 7 : explain SELECT DISTINCT c FROM sbtest7 WHERE id BETWEEN 595921 AND 596920 ORDER BY c
	Unique  (cost=4024.38..4029.52 rows=1029 width=121)
	  ->  Sort  (cost=4024.38..4026.95 rows=1029 width=121)
	        Sort Key: c
	        ->  Bitmap Heap Scan on sbtest7  (cost=22.98..3972.89 rows=1029 width=121)
	              Recheck Cond: ((id >= 595921) AND (id <= 596920))
	              ->  Bitmap Index Scan on sbtest7_pkey  (cost=0.00..22.72 rows=1029 width=0)
	                    Index Cond: ((id >= 595921) AND (id <= 596920))

table 8 : explain SELECT DISTINCT c FROM sbtest8 WHERE id BETWEEN 7833228 AND 7834227 ORDER BY c
	Unique  (cost=3832.97..3837.87 rows=979 width=121)
	  ->  Sort  (cost=3832.97..3835.42 rows=979 width=121)
	        Sort Key: c
	        ->  Bitmap Heap Scan on sbtest8  (cost=22.47..3784.34 rows=979 width=121)
	              Recheck Cond: ((id >= 7833228) AND (id <= 7834227))
	              ->  Bitmap Index Scan on sbtest8_pkey  (cost=0.00..22.22 rows=979 width=0)
	                    Index Cond: ((id >= 7833228) AND (id <= 7834227))

for: sum_ranges
table 1 : explain SELECT SUM(k) FROM sbtest1 WHERE id BETWEEN 7774315 AND 7775314
	Aggregate  (cost=3888.85..3888.86 rows=1 width=8)
	  ->  Bitmap Heap Scan on sbtest1  (cost=22.76..3886.33 rows=1007 width=4)
	        Recheck Cond: ((id >= 7774315) AND (id <= 7775314))
	        ->  Bitmap Index Scan on sbtest1_pkey  (cost=0.00..22.50 rows=1007 width=0)
	              Index Cond: ((id >= 7774315) AND (id <= 7775314))

table 2 : explain SELECT SUM(k) FROM sbtest2 WHERE id BETWEEN 3194224 AND 3195223
	Aggregate  (cost=3912.63..3912.64 rows=1 width=8)
	  ->  Bitmap Heap Scan on sbtest2  (cost=22.82..3910.10 rows=1013 width=4)
	        Recheck Cond: ((id >= 3194224) AND (id <= 3195223))
	        ->  Bitmap Index Scan on sbtest2_pkey  (cost=0.00..22.57 rows=1013 width=0)
	              Index Cond: ((id >= 3194224) AND (id <= 3195223))

table 3 : explain SELECT SUM(k) FROM sbtest3 WHERE id BETWEEN 6146167 AND 6147166
	Aggregate  (cost=3758.19..3758.20 rows=1 width=8)
	  ->  Bitmap Heap Scan on sbtest3  (cost=22.40..3755.76 rows=972 width=4)
	        Recheck Cond: ((id >= 6146167) AND (id <= 6147166))
	        ->  Bitmap Index Scan on sbtest3_pkey  (cost=0.00..22.15 rows=972 width=0)
	              Index Cond: ((id >= 6146167) AND (id <= 6147166))

table 4 : explain SELECT SUM(k) FROM sbtest4 WHERE id BETWEEN 8784275 AND 8785274
	Aggregate  (cost=4260.29..4260.30 rows=1 width=8)
	  ->  Bitmap Heap Scan on sbtest4  (cost=27.75..4257.53 rows=1104 width=4)
	        Recheck Cond: ((id >= 8784275) AND (id <= 8785274))
	        ->  Bitmap Index Scan on sbtest4_pkey  (cost=0.00..27.47 rows=1104 width=0)
	              Index Cond: ((id >= 8784275) AND (id <= 8785274))

table 5 : explain SELECT SUM(k) FROM sbtest5 WHERE id BETWEEN 2570615 AND 2571614
	Aggregate  (cost=3646.03..3646.04 rows=1 width=8)
	  ->  Bitmap Heap Scan on sbtest5  (cost=22.09..3643.67 rows=942 width=4)
	        Recheck Cond: ((id >= 2570615) AND (id <= 2571614))
	        ->  Bitmap Index Scan on sbtest5_pkey  (cost=0.00..21.86 rows=942 width=0)
	              Index Cond: ((id >= 2570615) AND (id <= 2571614))

table 6 : explain SELECT SUM(k) FROM sbtest6 WHERE id BETWEEN 102255 AND 103254
	Aggregate  (cost=3672.49..3672.50 rows=1 width=8)
	  ->  Bitmap Heap Scan on sbtest6  (cost=22.16..3670.12 rows=949 width=4)
	        Recheck Cond: ((id >= 102255) AND (id <= 103254))
	        ->  Bitmap Index Scan on sbtest6_pkey  (cost=0.00..21.93 rows=949 width=0)
	              Index Cond: ((id >= 102255) AND (id <= 103254))

table 7 : explain SELECT SUM(k) FROM sbtest7 WHERE id BETWEEN 6069684 AND 6070683
	Aggregate  (cost=3741.56..3741.57 rows=1 width=8)
	  ->  Bitmap Heap Scan on sbtest7  (cost=22.35..3739.14 rows=967 width=4)
	        Recheck Cond: ((id >= 6069684) AND (id <= 6070683))
	        ->  Bitmap Index Scan on sbtest7_pkey  (cost=0.00..22.11 rows=967 width=0)
	              Index Cond: ((id >= 6069684) AND (id <= 6070683))

table 8 : explain SELECT SUM(k) FROM sbtest8 WHERE id BETWEEN 1295548 AND 1296547
	Aggregate  (cost=3635.69..3635.70 rows=1 width=8)
	  ->  Bitmap Heap Scan on sbtest8  (cost=22.06..3633.34 rows=939 width=4)
	        Recheck Cond: ((id >= 1295548) AND (id <= 1296547))
	        ->  Bitmap Index Scan on sbtest8_pkey  (cost=0.00..21.82 rows=939 width=0)
	              Index Cond: ((id >= 1295548) AND (id <= 1296547))

for: sum_ranges
table 1 : explain SELECT SUM(k) FROM sbtest1 WHERE id BETWEEN 4979217 AND 4980216
	Aggregate  (cost=4065.71..4065.72 rows=1 width=8)
	  ->  Bitmap Heap Scan on sbtest1  (cost=23.24..4063.07 rows=1054 width=4)
	        Recheck Cond: ((id >= 4979217) AND (id <= 4980216))
	        ->  Bitmap Index Scan on sbtest1_pkey  (cost=0.00..22.97 rows=1054 width=0)
	              Index Cond: ((id >= 4979217) AND (id <= 4980216))

table 2 : explain SELECT SUM(k) FROM sbtest2 WHERE id BETWEEN 8978866 AND 8979865
	Aggregate  (cost=3678.83..3678.84 rows=1 width=8)
	  ->  Bitmap Heap Scan on sbtest2  (cost=22.18..3676.45 rows=951 width=4)
	        Recheck Cond: ((id >= 8978866) AND (id <= 8979865))
	        ->  Bitmap Index Scan on sbtest2_pkey  (cost=0.00..21.94 rows=951 width=0)
	              Index Cond: ((id >= 8978866) AND (id <= 8979865))

table 3 : explain SELECT SUM(k) FROM sbtest3 WHERE id BETWEEN 1199366 AND 1200365
	Aggregate  (cost=3758.19..3758.20 rows=1 width=8)
	  ->  Bitmap Heap Scan on sbtest3  (cost=22.40..3755.76 rows=972 width=4)
	        Recheck Cond: ((id >= 1199366) AND (id <= 1200365))
	        ->  Bitmap Index Scan on sbtest3_pkey  (cost=0.00..22.15 rows=972 width=0)
	              Index Cond: ((id >= 1199366) AND (id <= 1200365))

table 4 : explain SELECT SUM(k) FROM sbtest4 WHERE id BETWEEN 6763611 AND 6764610
	Aggregate  (cost=3932.69..3932.70 rows=1 width=8)
	  ->  Bitmap Heap Scan on sbtest4  (cost=22.87..3930.15 rows=1018 width=4)
	        Recheck Cond: ((id >= 6763611) AND (id <= 6764610))
	        ->  Bitmap Index Scan on sbtest4_pkey  (cost=0.00..22.61 rows=1018 width=0)
	              Index Cond: ((id >= 6763611) AND (id <= 6764610))

table 5 : explain SELECT SUM(k) FROM sbtest5 WHERE id BETWEEN 2330689 AND 2331688
	Aggregate  (cost=3797.05..3797.06 rows=1 width=8)
	  ->  Bitmap Heap Scan on sbtest5  (cost=22.50..3794.60 rows=982 width=4)
	        Recheck Cond: ((id >= 2330689) AND (id <= 2331688))
	        ->  Bitmap Index Scan on sbtest5_pkey  (cost=0.00..22.25 rows=982 width=0)
	              Index Cond: ((id >= 2330689) AND (id <= 2331688))

table 6 : explain SELECT SUM(k) FROM sbtest6 WHERE id BETWEEN 2583400 AND 2584399
	Aggregate  (cost=4373.13..4373.14 rows=1 width=8)
	  ->  Bitmap Heap Scan on sbtest6  (cost=28.07..4370.29 rows=1135 width=4)
	        Recheck Cond: ((id >= 2583400) AND (id <= 2584399))
	        ->  Bitmap Index Scan on sbtest6_pkey  (cost=0.00..27.79 rows=1135 width=0)
	              Index Cond: ((id >= 2583400) AND (id <= 2584399))

table 7 : explain SELECT SUM(k) FROM sbtest7 WHERE id BETWEEN 3808189 AND 3809188
	Aggregate  (cost=4141.40..4141.41 rows=1 width=8)
	  ->  Bitmap Heap Scan on sbtest7  (cost=27.42..4138.72 rows=1072 width=4)
	        Recheck Cond: ((id >= 3808189) AND (id <= 3809188))
	        ->  Bitmap Index Scan on sbtest7_pkey  (cost=0.00..27.15 rows=1072 width=0)
	              Index Cond: ((id >= 3808189) AND (id <= 3809188))

table 8 : explain SELECT SUM(k) FROM sbtest8 WHERE id BETWEEN 5938300 AND 5939299
	Aggregate  (cost=3718.82..3718.83 rows=1 width=8)
	  ->  Bitmap Heap Scan on sbtest8  (cost=22.29..3716.42 rows=961 width=4)
	        Recheck Cond: ((id >= 5938300) AND (id <= 5939299))
	        ->  Bitmap Index Scan on sbtest8_pkey  (cost=0.00..22.04 rows=961 width=0)
	              Index Cond: ((id >= 5938300) AND (id <= 5939299))

for point_selects
table 1 : explain SELECT c FROM sbtest1 WHERE id=4435966
	Index Scan using sbtest1_pkey on sbtest1  (cost=0.43..8.45 rows=1 width=121)
	  Index Cond: (id = 4435966)

table 2 : explain SELECT c FROM sbtest2 WHERE id=7126283
	Index Scan using sbtest2_pkey on sbtest2  (cost=0.43..8.45 rows=1 width=121)
	  Index Cond: (id = 7126283)

table 3 : explain SELECT c FROM sbtest3 WHERE id=3416475
	Index Scan using sbtest3_pkey on sbtest3  (cost=0.43..8.45 rows=1 width=121)
	  Index Cond: (id = 3416475)

table 4 : explain SELECT c FROM sbtest4 WHERE id=5036287
	Index Scan using sbtest4_pkey on sbtest4  (cost=0.43..8.45 rows=1 width=121)
	  Index Cond: (id = 5036287)

table 5 : explain SELECT c FROM sbtest5 WHERE id=4147240
	Index Scan using sbtest5_pkey on sbtest5  (cost=0.43..8.45 rows=1 width=121)
	  Index Cond: (id = 4147240)

table 6 : explain SELECT c FROM sbtest6 WHERE id=7846753
	Index Scan using sbtest6_pkey on sbtest6  (cost=0.43..8.45 rows=1 width=121)
	  Index Cond: (id = 7846753)

table 7 : explain SELECT c FROM sbtest7 WHERE id=4756858
	Index Scan using sbtest7_pkey on sbtest7  (cost=0.43..8.45 rows=1 width=121)
	  Index Cond: (id = 4756858)

table 8 : explain SELECT c FROM sbtest8 WHERE id=6281679
	Index Scan using sbtest8_pkey on sbtest8  (cost=0.43..8.45 rows=1 width=121)
	  Index Cond: (id = 6281679)

for: order_ranges
table 1 : explain SELECT c FROM sbtest1 WHERE id BETWEEN 6606025 AND 6607024 ORDER BY c
	Sort  (cost=3726.24..3728.62 rows=952 width=121)
	  Sort Key: c
	  ->  Bitmap Heap Scan on sbtest1  (cost=22.19..3679.14 rows=952 width=121)
	        Recheck Cond: ((id >= 6606025) AND (id <= 6607024))
	        ->  Bitmap Index Scan on sbtest1_pkey  (cost=0.00..21.95 rows=952 width=0)
	              Index Cond: ((id >= 6606025) AND (id <= 6607024))

table 2 : explain SELECT c FROM sbtest2 WHERE id BETWEEN 3219805 AND 3220804 ORDER BY c
	Sort  (cost=3930.09..3932.60 rows=1005 width=121)
	  Sort Key: c
	  ->  Bitmap Heap Scan on sbtest2  (cost=22.74..3879.98 rows=1005 width=121)
	        Recheck Cond: ((id >= 3219805) AND (id <= 3220804))
	        ->  Bitmap Index Scan on sbtest2_pkey  (cost=0.00..22.48 rows=1005 width=0)
	              Index Cond: ((id >= 3219805) AND (id <= 3220804))

table 3 : explain SELECT c FROM sbtest3 WHERE id BETWEEN 426376 AND 427375 ORDER BY c
	Sort  (cost=4025.74..4028.32 rows=1030 width=121)
	  Sort Key: c
	  ->  Bitmap Heap Scan on sbtest3  (cost=22.99..3974.20 rows=1030 width=121)
	        Recheck Cond: ((id >= 426376) AND (id <= 427375))
	        ->  Bitmap Index Scan on sbtest3_pkey  (cost=0.00..22.73 rows=1030 width=0)
	              Index Cond: ((id >= 426376) AND (id <= 427375))

table 4 : explain SELECT c FROM sbtest4 WHERE id BETWEEN 8442411 AND 8443410 ORDER BY c
	Sort  (cost=3709.27..3711.64 rows=947 width=121)
	  Sort Key: c
	  ->  Bitmap Heap Scan on sbtest4  (cost=22.14..3662.46 rows=947 width=121)
	        Recheck Cond: ((id >= 8442411) AND (id <= 8443410))
	        ->  Bitmap Index Scan on sbtest4_pkey  (cost=0.00..21.90 rows=947 width=0)
	              Index Cond: ((id >= 8442411) AND (id <= 8443410))

table 5 : explain SELECT c FROM sbtest5 WHERE id BETWEEN 2228811 AND 2229810 ORDER BY c
	Sort  (cost=3743.85..3746.24 rows=956 width=121)
	  Sort Key: c
	  ->  Bitmap Heap Scan on sbtest5  (cost=22.23..3696.52 rows=956 width=121)
	        Recheck Cond: ((id >= 2228811) AND (id <= 2229810))
	        ->  Bitmap Index Scan on sbtest5_pkey  (cost=0.00..22.00 rows=956 width=0)
	              Index Cond: ((id >= 2228811) AND (id <= 2229810))

table 6 : explain SELECT c FROM sbtest6 WHERE id BETWEEN 9225993 AND 9226992 ORDER BY c
	Sort  (cost=3617.38..3619.69 rows=923 width=121)
	  Sort Key: c
	  ->  Bitmap Heap Scan on sbtest6  (cost=21.90..3571.93 rows=923 width=121)
	        Recheck Cond: ((id >= 9225993) AND (id <= 9226992))
	        ->  Bitmap Index Scan on sbtest6_pkey  (cost=0.00..21.66 rows=923 width=0)
	              Index Cond: ((id >= 9225993) AND (id <= 9226992))

table 7 : explain SELECT c FROM sbtest7 WHERE id BETWEEN 7031422 AND 7032421 ORDER BY c
	Sort  (cost=3790.92..3793.34 rows=968 width=121)
	  Sort Key: c
	  ->  Bitmap Heap Scan on sbtest7  (cost=22.36..3742.92 rows=968 width=121)
	        Recheck Cond: ((id >= 7031422) AND (id <= 7032421))
	        ->  Bitmap Index Scan on sbtest7_pkey  (cost=0.00..22.11 rows=968 width=0)
	              Index Cond: ((id >= 7031422) AND (id <= 7032421))

table 8 : explain SELECT c FROM sbtest8 WHERE id BETWEEN 9016642 AND 9017641 ORDER BY c
	Sort  (cost=4062.70..4065.29 rows=1038 width=121)
	  Sort Key: c
	  ->  Bitmap Heap Scan on sbtest8  (cost=27.07..4010.69 rows=1038 width=121)
	        Recheck Cond: ((id >= 9016642) AND (id <= 9017641))
	        ->  Bitmap Index Scan on sbtest8_pkey  (cost=0.00..26.82 rows=1038 width=0)
	              Index Cond: ((id >= 9016642) AND (id <= 9017641))

for: sum_ranges
table 1 : explain SELECT SUM(k) FROM sbtest1 WHERE id BETWEEN 4722368 AND 4723367
	Aggregate  (cost=3843.64..3843.65 rows=1 width=8)
	  ->  Bitmap Heap Scan on sbtest1  (cost=22.63..3841.16 rows=995 width=4)
	        Recheck Cond: ((id >= 4722368) AND (id <= 4723367))
	        ->  Bitmap Index Scan on sbtest1_pkey  (cost=0.00..22.39 rows=995 width=0)
	              Index Cond: ((id >= 4722368) AND (id <= 4723367))

table 2 : explain SELECT SUM(k) FROM sbtest2 WHERE id BETWEEN 8853534 AND 8854533
	Aggregate  (cost=3916.40..3916.41 rows=1 width=8)
	  ->  Bitmap Heap Scan on sbtest2  (cost=22.83..3913.86 rows=1014 width=4)
	        Recheck Cond: ((id >= 8853534) AND (id <= 8854533))
	        ->  Bitmap Index Scan on sbtest2_pkey  (cost=0.00..22.57 rows=1014 width=0)
	              Index Cond: ((id >= 8853534) AND (id <= 8854533))

table 3 : explain SELECT SUM(k) FROM sbtest3 WHERE id BETWEEN 1664042 AND 1665041
	Aggregate  (cost=3837.38..3837.39 rows=1 width=8)
	  ->  Bitmap Heap Scan on sbtest3  (cost=22.61..3834.90 rows=993 width=4)
	        Recheck Cond: ((id >= 1664042) AND (id <= 1665041))
	        ->  Bitmap Index Scan on sbtest3_pkey  (cost=0.00..22.36 rows=993 width=0)
	              Index Cond: ((id >= 1664042) AND (id <= 1665041))

table 4 : explain SELECT SUM(k) FROM sbtest4 WHERE id BETWEEN 6085510 AND 6086509
	Aggregate  (cost=3638.38..3638.39 rows=1 width=8)
	  ->  Bitmap Heap Scan on sbtest4  (cost=22.07..3636.03 rows=940 width=4)
	        Recheck Cond: ((id >= 6085510) AND (id <= 6086509))
	        ->  Bitmap Index Scan on sbtest4_pkey  (cost=0.00..21.83 rows=940 width=0)
	              Index Cond: ((id >= 6085510) AND (id <= 6086509))

table 5 : explain SELECT SUM(k) FROM sbtest5 WHERE id BETWEEN 1041952 AND 1042951
	Aggregate  (cost=3906.41..3906.42 rows=1 width=8)
	  ->  Bitmap Heap Scan on sbtest5  (cost=22.80..3903.88 rows=1011 width=4)
	        Recheck Cond: ((id >= 1041952) AND (id <= 1042951))
	        ->  Bitmap Index Scan on sbtest5_pkey  (cost=0.00..22.54 rows=1011 width=0)
	              Index Cond: ((id >= 1041952) AND (id <= 1042951))

table 6 : explain SELECT SUM(k) FROM sbtest6 WHERE id BETWEEN 7813305 AND 7814304
	Aggregate  (cost=3646.04..3646.05 rows=1 width=8)
	  ->  Bitmap Heap Scan on sbtest6  (cost=22.09..3643.69 rows=942 width=4)
	        Recheck Cond: ((id >= 7813305) AND (id <= 7814304))
	        ->  Bitmap Index Scan on sbtest6_pkey  (cost=0.00..21.86 rows=942 width=0)
	              Index Cond: ((id >= 7813305) AND (id <= 7814304))

table 7 : explain SELECT SUM(k) FROM sbtest7 WHERE id BETWEEN 437163 AND 438162
	Aggregate  (cost=3752.89..3752.90 rows=1 width=8)
	  ->  Bitmap Heap Scan on sbtest7  (cost=22.38..3750.46 rows=970 width=4)
	        Recheck Cond: ((id >= 437163) AND (id <= 438162))
	        ->  Bitmap Index Scan on sbtest7_pkey  (cost=0.00..22.14 rows=970 width=0)
	              Index Cond: ((id >= 437163) AND (id <= 438162))

table 8 : explain SELECT SUM(k) FROM sbtest8 WHERE id BETWEEN 8808340 AND 8809339
	Aggregate  (cost=3952.99..3953.00 rows=1 width=8)
	  ->  Bitmap Heap Scan on sbtest8  (cost=26.91..3950.44 rows=1022 width=4)
	        Recheck Cond: ((id >= 8808340) AND (id <= 8809339))
	        ->  Bitmap Index Scan on sbtest8_pkey  (cost=0.00..26.65 rows=1022 width=0)
	              Index Cond: ((id >= 8808340) AND (id <= 8809339))

for: order_ranges
table 1 : explain SELECT c FROM sbtest1 WHERE id BETWEEN 2984685 AND 2985684 ORDER BY c
	Sort  (cost=4234.20..4236.91 rows=1085 width=121)
	  Sort Key: c
	  ->  Bitmap Heap Scan on sbtest1  (cost=23.56..4179.49 rows=1085 width=121)
	        Recheck Cond: ((id >= 2984685) AND (id <= 2985684))
	        ->  Bitmap Index Scan on sbtest1_pkey  (cost=0.00..23.29 rows=1085 width=0)
	              Index Cond: ((id >= 2984685) AND (id <= 2985684))

table 2 : explain SELECT c FROM sbtest2 WHERE id BETWEEN 7446186 AND 7447185 ORDER BY c
	Sort  (cost=3922.45..3924.95 rows=1003 width=121)
	  Sort Key: c
	  ->  Bitmap Heap Scan on sbtest2  (cost=22.72..3872.45 rows=1003 width=121)
	        Recheck Cond: ((id >= 7446186) AND (id <= 7447185))
	        ->  Bitmap Index Scan on sbtest2_pkey  (cost=0.00..22.46 rows=1003 width=0)
	              Index Cond: ((id >= 7446186) AND (id <= 7447185))

table 3 : explain SELECT c FROM sbtest3 WHERE id BETWEEN 8238219 AND 8239218 ORDER BY c
	Sort  (cost=3865.21..3867.68 rows=988 width=121)
	  Sort Key: c
	  ->  Bitmap Heap Scan on sbtest3  (cost=22.56..3816.06 rows=988 width=121)
	        Recheck Cond: ((id >= 8238219) AND (id <= 8239218))
	        ->  Bitmap Index Scan on sbtest3_pkey  (cost=0.00..22.32 rows=988 width=0)
	              Index Cond: ((id >= 8238219) AND (id <= 8239218))

table 4 : explain SELECT c FROM sbtest4 WHERE id BETWEEN 1309067 AND 1310066 ORDER BY c
	Sort  (cost=4183.63..4186.30 rows=1070 width=121)
	  Sort Key: c
	  ->  Bitmap Heap Scan on sbtest4  (cost=27.40..4129.79 rows=1070 width=121)
	        Recheck Cond: ((id >= 1309067) AND (id <= 1310066))
	        ->  Bitmap Index Scan on sbtest4_pkey  (cost=0.00..27.14 rows=1070 width=0)
	              Index Cond: ((id >= 1309067) AND (id <= 1310066))

table 5 : explain SELECT c FROM sbtest5 WHERE id BETWEEN 5738160 AND 5739159 ORDER BY c
	Sort  (cost=4072.82..4075.43 rows=1042 width=121)
	  Sort Key: c
	  ->  Bitmap Heap Scan on sbtest5  (cost=23.12..4020.59 rows=1042 width=121)
	        Recheck Cond: ((id >= 5738160) AND (id <= 5739159))
	        ->  Bitmap Index Scan on sbtest5_pkey  (cost=0.00..22.86 rows=1042 width=0)
	              Index Cond: ((id >= 5738160) AND (id <= 5739159))

table 6 : explain SELECT c FROM sbtest6 WHERE id BETWEEN 4891498 AND 4892497 ORDER BY c
	Sort  (cost=3736.20..3738.59 rows=954 width=121)
	  Sort Key: c
	  ->  Bitmap Heap Scan on sbtest6  (cost=22.21..3688.99 rows=954 width=121)
	        Recheck Cond: ((id >= 4891498) AND (id <= 4892497))
	        ->  Bitmap Index Scan on sbtest6_pkey  (cost=0.00..21.97 rows=954 width=0)
	              Index Cond: ((id >= 4891498) AND (id <= 4892497))

table 7 : explain SELECT c FROM sbtest7 WHERE id BETWEEN 1860782 AND 1861781 ORDER BY c
	Sort  (cost=3767.94..3770.34 rows=962 width=121)
	  Sort Key: c
	  ->  Bitmap Heap Scan on sbtest7  (cost=22.30..3720.27 rows=962 width=121)
	        Recheck Cond: ((id >= 1860782) AND (id <= 1861781))
	        ->  Bitmap Index Scan on sbtest7_pkey  (cost=0.00..22.05 rows=962 width=0)
	              Index Cond: ((id >= 1860782) AND (id <= 1861781))

table 8 : explain SELECT c FROM sbtest8 WHERE id BETWEEN 7352586 AND 7353585 ORDER BY c
	Sort  (cost=3798.50..3800.93 rows=970 width=121)
	  Sort Key: c
	  ->  Bitmap Heap Scan on sbtest8  (cost=22.38..3750.38 rows=970 width=121)
	        Recheck Cond: ((id >= 7352586) AND (id <= 7353585))
	        ->  Bitmap Index Scan on sbtest8_pkey  (cost=0.00..22.14 rows=970 width=0)
	              Index Cond: ((id >= 7352586) AND (id <= 7353585))

for: simple_ranges
table 1 : explain SELECT c FROM sbtest1 WHERE id BETWEEN 1206999 AND 1207998
	Bitmap Heap Scan on sbtest1  (cost=22.75..3882.57 rows=1006 width=121)
	  Recheck Cond: ((id >= 1206999) AND (id <= 1207998))
	  ->  Bitmap Index Scan on sbtest1_pkey  (cost=0.00..22.50 rows=1006 width=0)
	        Index Cond: ((id >= 1206999) AND (id <= 1207998))

table 2 : explain SELECT c FROM sbtest2 WHERE id BETWEEN 5790301 AND 5791300
	Bitmap Heap Scan on sbtest2  (cost=22.95..3959.02 rows=1026 width=121)
	  Recheck Cond: ((id >= 5790301) AND (id <= 5791300))
	  ->  Bitmap Index Scan on sbtest2_pkey  (cost=0.00..22.69 rows=1026 width=0)
	        Index Cond: ((id >= 5790301) AND (id <= 5791300))

table 3 : explain SELECT c FROM sbtest3 WHERE id BETWEEN 8750322 AND 8751321
	Bitmap Heap Scan on sbtest3  (cost=22.77..3891.39 rows=1008 width=121)
	  Recheck Cond: ((id >= 8750322) AND (id <= 8751321))
	  ->  Bitmap Index Scan on sbtest3_pkey  (cost=0.00..22.51 rows=1008 width=0)
	        Index Cond: ((id >= 8750322) AND (id <= 8751321))

table 4 : explain SELECT c FROM sbtest4 WHERE id BETWEEN 8581979 AND 8582978
	Bitmap Heap Scan on sbtest4  (cost=22.45..3775.65 rows=977 width=121)
	  Recheck Cond: ((id >= 8581979) AND (id <= 8582978))
	  ->  Bitmap Index Scan on sbtest4_pkey  (cost=0.00..22.20 rows=977 width=0)
	        Index Cond: ((id >= 8581979) AND (id <= 8582978))

table 5 : explain SELECT c FROM sbtest5 WHERE id BETWEEN 6079190 AND 6080189
	Bitmap Heap Scan on sbtest5  (cost=23.08..4009.30 rows=1039 width=121)
	  Recheck Cond: ((id >= 6079190) AND (id <= 6080189))
	  ->  Bitmap Index Scan on sbtest5_pkey  (cost=0.00..22.82 rows=1039 width=0)
	        Index Cond: ((id >= 6079190) AND (id <= 6080189))

table 6 : explain SELECT c FROM sbtest6 WHERE id BETWEEN 5899401 AND 5900400
	Bitmap Heap Scan on sbtest6  (cost=22.55..3813.46 rows=987 width=121)
	  Recheck Cond: ((id >= 5899401) AND (id <= 5900400))
	  ->  Bitmap Index Scan on sbtest6_pkey  (cost=0.00..22.30 rows=987 width=0)
	        Index Cond: ((id >= 5899401) AND (id <= 5900400))

table 7 : explain SELECT c FROM sbtest7 WHERE id BETWEEN 3606234 AND 3607233
	Bitmap Heap Scan on sbtest7  (cost=22.52..3803.28 rows=984 width=121)
	  Recheck Cond: ((id >= 3606234) AND (id <= 3607233))
	  ->  Bitmap Index Scan on sbtest7_pkey  (cost=0.00..22.27 rows=984 width=0)
	        Index Cond: ((id >= 3606234) AND (id <= 3607233))

table 8 : explain SELECT c FROM sbtest8 WHERE id BETWEEN 6674706 AND 6675705
	Bitmap Heap Scan on sbtest8  (cost=27.14..4033.28 rows=1044 width=121)
	  Recheck Cond: ((id >= 6674706) AND (id <= 6675705))
	  ->  Bitmap Index Scan on sbtest8_pkey  (cost=0.00..26.87 rows=1044 width=0)
	        Index Cond: ((id >= 6674706) AND (id <= 6675705))

for: sum_ranges
table 1 : explain SELECT SUM(k) FROM sbtest1 WHERE id BETWEEN 7241338 AND 7242337
	Aggregate  (cost=3998.01..3998.02 rows=1 width=8)
	  ->  Bitmap Heap Scan on sbtest1  (cost=23.05..3995.42 rows=1036 width=4)
	        Recheck Cond: ((id >= 7241338) AND (id <= 7242337))
	        ->  Bitmap Index Scan on sbtest1_pkey  (cost=0.00..22.79 rows=1036 width=0)
	              Index Cond: ((id >= 7241338) AND (id <= 7242337))

table 2 : explain SELECT SUM(k) FROM sbtest2 WHERE id BETWEEN 5569085 AND 5570084
	Aggregate  (cost=3995.47..3995.48 rows=1 width=8)
	  ->  Bitmap Heap Scan on sbtest2  (cost=23.04..3992.89 rows=1035 width=4)
	        Recheck Cond: ((id >= 5569085) AND (id <= 5570084))
	        ->  Bitmap Index Scan on sbtest2_pkey  (cost=0.00..22.79 rows=1035 width=0)
	              Index Cond: ((id >= 5569085) AND (id <= 5570084))

table 3 : explain SELECT SUM(k) FROM sbtest3 WHERE id BETWEEN 9772605 AND 9773604
	Aggregate  (cost=4044.52..4044.53 rows=1 width=8)
	  ->  Bitmap Heap Scan on sbtest3  (cost=23.18..4041.90 rows=1048 width=4)
	        Recheck Cond: ((id >= 9772605) AND (id <= 9773604))
	        ->  Bitmap Index Scan on sbtest3_pkey  (cost=0.00..22.91 rows=1048 width=0)
	              Index Cond: ((id >= 9772605) AND (id <= 9773604))

table 4 : explain SELECT SUM(k) FROM sbtest4 WHERE id BETWEEN 9603313 AND 9604312
	Aggregate  (cost=3932.69..3932.70 rows=1 width=8)
	  ->  Bitmap Heap Scan on sbtest4  (cost=22.87..3930.15 rows=1018 width=4)
	        Recheck Cond: ((id >= 9603313) AND (id <= 9604312))
	        ->  Bitmap Index Scan on sbtest4_pkey  (cost=0.00..22.61 rows=1018 width=0)
	              Index Cond: ((id >= 9603313) AND (id <= 9604312))

table 5 : explain SELECT SUM(k) FROM sbtest5 WHERE id BETWEEN 3932117 AND 3933116
	Aggregate  (cost=4011.90..4011.91 rows=1 width=8)
	  ->  Bitmap Heap Scan on sbtest5  (cost=23.08..4009.30 rows=1039 width=4)
	        Recheck Cond: ((id >= 3932117) AND (id <= 3933116))
	        ->  Bitmap Index Scan on sbtest5_pkey  (cost=0.00..22.82 rows=1039 width=0)
	              Index Cond: ((id >= 3932117) AND (id <= 3933116))

table 6 : explain SELECT SUM(k) FROM sbtest6 WHERE id BETWEEN 9439230 AND 9440229
	Aggregate  (cost=3872.50..3872.51 rows=1 width=8)
	  ->  Bitmap Heap Scan on sbtest6  (cost=22.71..3870.00 rows=1002 width=4)
	        Recheck Cond: ((id >= 9439230) AND (id <= 9440229))
	        ->  Bitmap Index Scan on sbtest6_pkey  (cost=0.00..22.45 rows=1002 width=0)
	              Index Cond: ((id >= 9439230) AND (id <= 9440229))

table 7 : explain SELECT SUM(k) FROM sbtest7 WHERE id BETWEEN 41470 AND 42469
	Aggregate  (cost=3594.17..3594.18 rows=1 width=8)
	  ->  Bitmap Heap Scan on sbtest7  (cost=21.95..3591.85 rows=928 width=4)
	        Recheck Cond: ((id >= 41470) AND (id <= 42469))
	        ->  Bitmap Index Scan on sbtest7_pkey  (cost=0.00..21.71 rows=928 width=0)
	              Index Cond: ((id >= 41470) AND (id <= 42469))

table 8 : explain SELECT SUM(k) FROM sbtest8 WHERE id BETWEEN 3749569 AND 3750568
	Aggregate  (cost=4212.79..4212.80 rows=1 width=8)
	  ->  Bitmap Heap Scan on sbtest8  (cost=27.62..4210.06 rows=1091 width=4)
	        Recheck Cond: ((id >= 3749569) AND (id <= 3750568))
	        ->  Bitmap Index Scan on sbtest8_pkey  (cost=0.00..27.34 rows=1091 width=0)
	              Index Cond: ((id >= 3749569) AND (id <= 3750568))

for: sum_ranges
table 1 : explain SELECT SUM(k) FROM sbtest1 WHERE id BETWEEN 4393842 AND 4394841
	Aggregate  (cost=3496.46..3496.47 rows=1 width=8)
	  ->  Bitmap Heap Scan on sbtest1  (cost=21.69..3494.21 rows=903 width=4)
	        Recheck Cond: ((id >= 4393842) AND (id <= 4394841))
	        ->  Bitmap Index Scan on sbtest1_pkey  (cost=0.00..21.46 rows=903 width=0)
	              Index Cond: ((id >= 4393842) AND (id <= 4394841))

table 2 : explain SELECT SUM(k) FROM sbtest2 WHERE id BETWEEN 6927165 AND 6928164
	Aggregate  (cost=4172.25..4172.26 rows=1 width=8)
	  ->  Bitmap Heap Scan on sbtest2  (cost=23.53..4169.54 rows=1082 width=4)
	        Recheck Cond: ((id >= 6927165) AND (id <= 6928164))
	        ->  Bitmap Index Scan on sbtest2_pkey  (cost=0.00..23.25 rows=1082 width=0)
	              Index Cond: ((id >= 6927165) AND (id <= 6928164))

table 3 : explain SELECT SUM(k) FROM sbtest3 WHERE id BETWEEN 9924274 AND 9925273
	Aggregate  (cost=3950.42..3950.43 rows=1 width=8)
	  ->  Bitmap Heap Scan on sbtest3  (cost=22.92..3947.86 rows=1023 width=4)
	        Recheck Cond: ((id >= 9924274) AND (id <= 9925273))
	        ->  Bitmap Index Scan on sbtest3_pkey  (cost=0.00..22.66 rows=1023 width=0)
	              Index Cond: ((id >= 9924274) AND (id <= 9925273))

table 4 : explain SELECT SUM(k) FROM sbtest4 WHERE id BETWEEN 583511 AND 584510
	Aggregate  (cost=3902.54..3902.55 rows=1 width=8)
	  ->  Bitmap Heap Scan on sbtest4  (cost=22.79..3900.02 rows=1010 width=4)
	        Recheck Cond: ((id >= 583511) AND (id <= 584510))
	        ->  Bitmap Index Scan on sbtest4_pkey  (cost=0.00..22.54 rows=1010 width=0)
	              Index Cond: ((id >= 583511) AND (id <= 584510))

table 5 : explain SELECT SUM(k) FROM sbtest5 WHERE id BETWEEN 1469273 AND 1470272
	Aggregate  (cost=3657.36..3657.37 rows=1 width=8)
	  ->  Bitmap Heap Scan on sbtest5  (cost=22.12..3655.00 rows=945 width=4)
	        Recheck Cond: ((id >= 1469273) AND (id <= 1470272))
	        ->  Bitmap Index Scan on sbtest5_pkey  (cost=0.00..21.89 rows=945 width=0)
	              Index Cond: ((id >= 1469273) AND (id <= 1470272))

table 6 : explain SELECT SUM(k) FROM sbtest6 WHERE id BETWEEN 1297691 AND 1298690
	Aggregate  (cost=3763.11..3763.12 rows=1 width=8)
	  ->  Bitmap Heap Scan on sbtest6  (cost=22.41..3760.67 rows=973 width=4)
	        Recheck Cond: ((id >= 1297691) AND (id <= 1298690))
	        ->  Bitmap Index Scan on sbtest6_pkey  (cost=0.00..22.16 rows=973 width=0)
	              Index Cond: ((id >= 1297691) AND (id <= 1298690))

table 7 : explain SELECT SUM(k) FROM sbtest7 WHERE id BETWEEN 586000 AND 586999
	Aggregate  (cost=4216.65..4216.66 rows=1 width=8)
	  ->  Bitmap Heap Scan on sbtest7  (cost=27.63..4213.92 rows=1092 width=4)
	        Recheck Cond: ((id >= 586000) AND (id <= 586999))
	        ->  Bitmap Index Scan on sbtest7_pkey  (cost=0.00..27.36 rows=1092 width=0)
	              Index Cond: ((id >= 586000) AND (id <= 586999))

table 8 : explain SELECT SUM(k) FROM sbtest8 WHERE id BETWEEN 6924722 AND 6925721
	Aggregate  (cost=3707.49..3707.50 rows=1 width=8)
	  ->  Bitmap Heap Scan on sbtest8  (cost=22.25..3705.09 rows=958 width=4)
	        Recheck Cond: ((id >= 6924722) AND (id <= 6925721))
	        ->  Bitmap Index Scan on sbtest8_pkey  (cost=0.00..22.01 rows=958 width=0)
	              Index Cond: ((id >= 6924722) AND (id <= 6925721))

for: distinct_ranges
table 1 : explain SELECT DISTINCT c FROM sbtest1 WHERE id BETWEEN 4109123 AND 4110122 ORDER BY c
	Unique  (cost=4039.67..4044.84 rows=1034 width=121)
	  ->  Sort  (cost=4039.67..4042.25 rows=1034 width=121)
	        Sort Key: c
	        ->  Bitmap Heap Scan on sbtest1  (cost=23.03..3987.90 rows=1034 width=121)
	              Recheck Cond: ((id >= 4109123) AND (id <= 4110122))
	              ->  Bitmap Index Scan on sbtest1_pkey  (cost=0.00..22.77 rows=1034 width=0)
	                    Index Cond: ((id >= 4109123) AND (id <= 4110122))

table 2 : explain SELECT DISTINCT c FROM sbtest2 WHERE id BETWEEN 7855048 AND 7856047 ORDER BY c
	Unique  (cost=3558.71..3563.25 rows=908 width=121)
	  ->  Sort  (cost=3558.71..3560.98 rows=908 width=121)
	        Sort Key: c
	        ->  Bitmap Heap Scan on sbtest2  (cost=21.74..3514.10 rows=908 width=121)
	              Recheck Cond: ((id >= 7855048) AND (id <= 7856047))
	              ->  Bitmap Index Scan on sbtest2_pkey  (cost=0.00..21.51 rows=908 width=0)
	                    Index Cond: ((id >= 7855048) AND (id <= 7856047))

table 3 : explain SELECT DISTINCT c FROM sbtest3 WHERE id BETWEEN 4110514 AND 4111513 ORDER BY c
	Unique  (cost=4060.12..4065.31 rows=1039 width=121)
	  ->  Sort  (cost=4060.12..4062.71 rows=1039 width=121)
	        Sort Key: c
	        ->  Bitmap Heap Scan on sbtest3  (cost=23.08..4008.06 rows=1039 width=121)
	              Recheck Cond: ((id >= 4110514) AND (id <= 4111513))
	              ->  Bitmap Index Scan on sbtest3_pkey  (cost=0.00..22.82 rows=1039 width=0)
	                    Index Cond: ((id >= 4110514) AND (id <= 4111513))

table 4 : explain SELECT DISTINCT c FROM sbtest4 WHERE id BETWEEN 3881205 AND 3882204 ORDER BY c
	Unique  (cost=4072.72..4077.93 rows=1042 width=121)
	  ->  Sort  (cost=4072.72..4075.32 rows=1042 width=121)
	        Sort Key: c
	        ->  Bitmap Heap Scan on sbtest4  (cost=23.12..4020.49 rows=1042 width=121)
	              Recheck Cond: ((id >= 3881205) AND (id <= 3882204))
	              ->  Bitmap Index Scan on sbtest4_pkey  (cost=0.00..22.86 rows=1042 width=0)
	                    Index Cond: ((id >= 3881205) AND (id <= 3882204))

table 5 : explain SELECT DISTINCT c FROM sbtest5 WHERE id BETWEEN 2849780 AND 2850779 ORDER BY c
	Unique  (cost=3609.70..3614.30 rows=921 width=121)
	  ->  Sort  (cost=3609.70..3612.00 rows=921 width=121)
	        Sort Key: c
	        ->  Bitmap Heap Scan on sbtest5  (cost=21.88..3564.35 rows=921 width=121)
	              Recheck Cond: ((id >= 2849780) AND (id <= 2850779))
	              ->  Bitmap Index Scan on sbtest5_pkey  (cost=0.00..21.64 rows=921 width=0)
	                    Index Cond: ((id >= 2849780) AND (id <= 2850779))

table 6 : explain SELECT DISTINCT c FROM sbtest6 WHERE id BETWEEN 893001 AND 894000 ORDER BY c
	Unique  (cost=4302.02..4307.53 rows=1101 width=121)
	  ->  Sort  (cost=4302.02..4304.78 rows=1101 width=121)
	        Sort Key: c
	        ->  Bitmap Heap Scan on sbtest6  (cost=27.72..4246.40 rows=1101 width=121)
	              Recheck Cond: ((id >= 893001) AND (id <= 894000))
	              ->  Bitmap Index Scan on sbtest6_pkey  (cost=0.00..27.44 rows=1101 width=0)
	                    Index Cond: ((id >= 893001) AND (id <= 894000))

table 7 : explain SELECT DISTINCT c FROM sbtest7 WHERE id BETWEEN 2137145 AND 2138144 ORDER BY c
	Unique  (cost=3894.31..3899.29 rows=995 width=121)
	  ->  Sort  (cost=3894.31..3896.80 rows=995 width=121)
	        Sort Key: c
	        ->  Bitmap Heap Scan on sbtest7  (cost=22.63..3844.77 rows=995 width=121)
	              Recheck Cond: ((id >= 2137145) AND (id <= 2138144))
	              ->  Bitmap Index Scan on sbtest7_pkey  (cost=0.00..22.39 rows=995 width=0)
	                    Index Cond: ((id >= 2137145) AND (id <= 2138144))

table 8 : explain SELECT DISTINCT c FROM sbtest8 WHERE id BETWEEN 6700533 AND 6701532 ORDER BY c
	Unique  (cost=4085.63..4090.85 rows=1044 width=121)
	  ->  Sort  (cost=4085.63..4088.24 rows=1044 width=121)
	        Sort Key: c
	        ->  Bitmap Heap Scan on sbtest8  (cost=27.14..4033.28 rows=1044 width=121)
	              Recheck Cond: ((id >= 6700533) AND (id <= 6701532))
	              ->  Bitmap Index Scan on sbtest8_pkey  (cost=0.00..26.87 rows=1044 width=0)
	                    Index Cond: ((id >= 6700533) AND (id <= 6701532))

for: distinct_ranges
table 1 : explain SELECT DISTINCT c FROM sbtest1 WHERE id BETWEEN 7897161 AND 7898160 ORDER BY c
	Unique  (cost=3810.41..3815.28 rows=974 width=121)
	  ->  Sort  (cost=3810.41..3812.84 rows=974 width=121)
	        Sort Key: c
	        ->  Bitmap Heap Scan on sbtest1  (cost=22.42..3762.06 rows=974 width=121)
	              Recheck Cond: ((id >= 7897161) AND (id <= 7898160))
	              ->  Bitmap Index Scan on sbtest1_pkey  (cost=0.00..22.18 rows=974 width=0)
	                    Index Cond: ((id >= 7897161) AND (id <= 7898160))

table 2 : explain SELECT DISTINCT c FROM sbtest2 WHERE id BETWEEN 1487154 AND 1488153 ORDER BY c
	Unique  (cost=3868.91..3873.86 rows=989 width=121)
	  ->  Sort  (cost=3868.91..3871.39 rows=989 width=121)
	        Sort Key: c
	        ->  Bitmap Heap Scan on sbtest2  (cost=22.57..3819.71 rows=989 width=121)
	              Recheck Cond: ((id >= 1487154) AND (id <= 1488153))
	              ->  Bitmap Index Scan on sbtest2_pkey  (cost=0.00..22.32 rows=989 width=0)
	                    Index Cond: ((id >= 1487154) AND (id <= 1488153))

table 3 : explain SELECT DISTINCT c FROM sbtest3 WHERE id BETWEEN 9513358 AND 9514357 ORDER BY c
	Unique  (cost=3704.45..3709.18 rows=946 width=121)
	  ->  Sort  (cost=3704.45..3706.82 rows=946 width=121)
	        Sort Key: c
	        ->  Bitmap Heap Scan on sbtest3  (cost=22.13..3657.69 rows=946 width=121)
	              Recheck Cond: ((id >= 9513358) AND (id <= 9514357))
	              ->  Bitmap Index Scan on sbtest3_pkey  (cost=0.00..21.89 rows=946 width=0)
	                    Index Cond: ((id >= 9513358) AND (id <= 9514357))

table 4 : explain SELECT DISTINCT c FROM sbtest4 WHERE id BETWEEN 4625124 AND 4626123 ORDER BY c
	Unique  (cost=3613.45..3618.06 rows=922 width=121)
	  ->  Sort  (cost=3613.45..3615.75 rows=922 width=121)
	        Sort Key: c
	        ->  Bitmap Heap Scan on sbtest4  (cost=21.89..3568.04 rows=922 width=121)
	              Recheck Cond: ((id >= 4625124) AND (id <= 4626123))
	              ->  Bitmap Index Scan on sbtest4_pkey  (cost=0.00..21.65 rows=922 width=0)
	                    Index Cond: ((id >= 4625124) AND (id <= 4626123))

table 5 : explain SELECT DISTINCT c FROM sbtest5 WHERE id BETWEEN 5123631 AND 5124630 ORDER BY c
	Unique  (cost=4072.82..4078.03 rows=1042 width=121)
	  ->  Sort  (cost=4072.82..4075.43 rows=1042 width=121)
	        Sort Key: c
	        ->  Bitmap Heap Scan on sbtest5  (cost=23.12..4020.59 rows=1042 width=121)
	              Recheck Cond: ((id >= 5123631) AND (id <= 5124630))
	              ->  Bitmap Index Scan on sbtest5_pkey  (cost=0.00..22.86 rows=1042 width=0)
	                    Index Cond: ((id >= 5123631) AND (id <= 5124630))

table 6 : explain SELECT DISTINCT c FROM sbtest6 WHERE id BETWEEN 9923755 AND 9924754 ORDER BY c
	Unique  (cost=4015.53..4020.66 rows=1027 width=121)
	  ->  Sort  (cost=4015.53..4018.09 rows=1027 width=121)
	        Sort Key: c
	        ->  Bitmap Heap Scan on sbtest6  (cost=22.96..3964.15 rows=1027 width=121)
	              Recheck Cond: ((id >= 9923755) AND (id <= 9924754))
	              ->  Bitmap Index Scan on sbtest6_pkey  (cost=0.00..22.70 rows=1027 width=0)
	                    Index Cond: ((id >= 9923755) AND (id <= 9924754))

table 7 : explain SELECT DISTINCT c FROM sbtest7 WHERE id BETWEEN 9936584 AND 9937583 ORDER BY c
	Unique  (cost=3852.20..3857.12 rows=984 width=121)
	  ->  Sort  (cost=3852.20..3854.66 rows=984 width=121)
	        Sort Key: c
	        ->  Bitmap Heap Scan on sbtest7  (cost=22.52..3803.28 rows=984 width=121)
	              Recheck Cond: ((id >= 9936584) AND (id <= 9937583))
	              ->  Bitmap Index Scan on sbtest7_pkey  (cost=0.00..22.27 rows=984 width=0)
	                    Index Cond: ((id >= 9936584) AND (id <= 9937583))

table 8 : explain SELECT DISTINCT c FROM sbtest8 WHERE id BETWEEN 2077770 AND 2078769 ORDER BY c
	Unique  (cost=4028.29..4033.44 rows=1029 width=121)
	  ->  Sort  (cost=4028.29..4030.86 rows=1029 width=121)
	        Sort Key: c
	        ->  Bitmap Heap Scan on sbtest8  (cost=26.98..3976.80 rows=1029 width=121)
	              Recheck Cond: ((id >= 2077770) AND (id <= 2078769))
	              ->  Bitmap Index Scan on sbtest8_pkey  (cost=0.00..26.72 rows=1029 width=0)
	                    Index Cond: ((id >= 2077770) AND (id <= 2078769))

for: sum_ranges
table 1 : explain SELECT SUM(k) FROM sbtest1 WHERE id BETWEEN 3306589 AND 3307588
	Aggregate  (cost=3941.56..3941.57 rows=1 width=8)
	  ->  Bitmap Heap Scan on sbtest1  (cost=22.90..3939.01 rows=1021 width=4)
	        Recheck Cond: ((id >= 3306589) AND (id <= 3307588))
	        ->  Bitmap Index Scan on sbtest1_pkey  (cost=0.00..22.64 rows=1021 width=0)
	              Index Cond: ((id >= 3306589) AND (id <= 3307588))

table 2 : explain SELECT SUM(k) FROM sbtest2 WHERE id BETWEEN 2641363 AND 2642362
	Aggregate  (cost=3716.57..3716.58 rows=1 width=8)
	  ->  Bitmap Heap Scan on sbtest2  (cost=22.29..3714.17 rows=961 width=4)
	        Recheck Cond: ((id >= 2641363) AND (id <= 2642362))
	        ->  Bitmap Index Scan on sbtest2_pkey  (cost=0.00..22.04 rows=961 width=0)
	              Index Cond: ((id >= 2641363) AND (id <= 2642362))

table 3 : explain SELECT SUM(k) FROM sbtest3 WHERE id BETWEEN 4544568 AND 4545567
	Aggregate  (cost=3852.46..3852.47 rows=1 width=8)
	  ->  Bitmap Heap Scan on sbtest3  (cost=22.65..3849.97 rows=997 width=4)
	        Recheck Cond: ((id >= 4544568) AND (id <= 4545567))
	        ->  Bitmap Index Scan on sbtest3_pkey  (cost=0.00..22.40 rows=997 width=0)
	              Index Cond: ((id >= 4544568) AND (id <= 4545567))

table 4 : explain SELECT SUM(k) FROM sbtest4 WHERE id BETWEEN 3036343 AND 3037342
	Aggregate  (cost=3702.59..3702.60 rows=1 width=8)
	  ->  Bitmap Heap Scan on sbtest4  (cost=22.24..3700.20 rows=957 width=4)
	        Recheck Cond: ((id >= 3036343) AND (id <= 3037342))
	        ->  Bitmap Index Scan on sbtest4_pkey  (cost=0.00..22.00 rows=957 width=0)
	              Index Cond: ((id >= 3036343) AND (id <= 3037342))

table 5 : explain SELECT SUM(k) FROM sbtest5 WHERE id BETWEEN 585314 AND 586313
	Aggregate  (cost=3842.32..3842.33 rows=1 width=8)
	  ->  Bitmap Heap Scan on sbtest5  (cost=22.62..3839.83 rows=994 width=4)
	        Recheck Cond: ((id >= 585314) AND (id <= 586313))
	        ->  Bitmap Index Scan on sbtest5_pkey  (cost=0.00..22.37 rows=994 width=0)
	              Index Cond: ((id >= 585314) AND (id <= 586313))

table 6 : explain SELECT SUM(k) FROM sbtest6 WHERE id BETWEEN 4055738 AND 4056737
	Aggregate  (cost=3910.20..3910.21 rows=1 width=8)
	  ->  Bitmap Heap Scan on sbtest6  (cost=22.81..3907.67 rows=1012 width=4)
	        Recheck Cond: ((id >= 4055738) AND (id <= 4056737))
	        ->  Bitmap Index Scan on sbtest6_pkey  (cost=0.00..22.55 rows=1012 width=0)
	              Index Cond: ((id >= 4055738) AND (id <= 4056737))

table 7 : explain SELECT SUM(k) FROM sbtest7 WHERE id BETWEEN 9071772 AND 9072771
	Aggregate  (cost=4291.84..4291.85 rows=1 width=8)
	  ->  Bitmap Heap Scan on sbtest7  (cost=27.83..4289.06 rows=1112 width=4)
	        Recheck Cond: ((id >= 9071772) AND (id <= 9072771))
	        ->  Bitmap Index Scan on sbtest7_pkey  (cost=0.00..27.55 rows=1112 width=0)
	              Index Cond: ((id >= 9071772) AND (id <= 9072771))

table 8 : explain SELECT SUM(k) FROM sbtest8 WHERE id BETWEEN 155796 AND 156795
	Aggregate  (cost=3726.37..3726.38 rows=1 width=8)
	  ->  Bitmap Heap Scan on sbtest8  (cost=22.31..3723.97 rows=963 width=4)
	        Recheck Cond: ((id >= 155796) AND (id <= 156795))
	        ->  Bitmap Index Scan on sbtest8_pkey  (cost=0.00..22.07 rows=963 width=0)
	              Index Cond: ((id >= 155796) AND (id <= 156795))

for: order_ranges
table 1 : explain SELECT c FROM sbtest1 WHERE id BETWEEN 6786088 AND 6787087 ORDER BY c
	Sort  (cost=3925.09..3927.60 rows=1004 width=121)
	  Sort Key: c
	  ->  Bitmap Heap Scan on sbtest1  (cost=22.73..3875.04 rows=1004 width=121)
	        Recheck Cond: ((id >= 6786088) AND (id <= 6787087))
	        ->  Bitmap Index Scan on sbtest1_pkey  (cost=0.00..22.47 rows=1004 width=0)
	              Index Cond: ((id >= 6786088) AND (id <= 6787087))

table 2 : explain SELECT c FROM sbtest2 WHERE id BETWEEN 9552475 AND 9553474 ORDER BY c
	Sort  (cost=4132.52..4135.16 rows=1058 width=121)
	  Sort Key: c
	  ->  Bitmap Heap Scan on sbtest2  (cost=23.28..4079.37 rows=1058 width=121)
	        Recheck Cond: ((id >= 9552475) AND (id <= 9553474))
	        ->  Bitmap Index Scan on sbtest2_pkey  (cost=0.00..23.01 rows=1058 width=0)
	              Index Cond: ((id >= 9552475) AND (id <= 9553474))

table 3 : explain SELECT c FROM sbtest3 WHERE id BETWEEN 4843528 AND 4844527 ORDER BY c
	Sort  (cost=3566.49..3568.76 rows=910 width=121)
	  Sort Key: c
	  ->  Bitmap Heap Scan on sbtest3  (cost=21.76..3521.76 rows=910 width=121)
	        Recheck Cond: ((id >= 4843528) AND (id <= 4844527))
	        ->  Bitmap Index Scan on sbtest3_pkey  (cost=0.00..21.54 rows=910 width=0)
	              Index Cond: ((id >= 4843528) AND (id <= 4844527))

table 4 : explain SELECT c FROM sbtest4 WHERE id BETWEEN 4672340 AND 4673339 ORDER BY c
	Sort  (cost=3613.45..3615.75 rows=922 width=121)
	  Sort Key: c
	  ->  Bitmap Heap Scan on sbtest4  (cost=21.89..3568.04 rows=922 width=121)
	        Recheck Cond: ((id >= 4672340) AND (id <= 4673339))
	        ->  Bitmap Index Scan on sbtest4_pkey  (cost=0.00..21.65 rows=922 width=0)
	              Index Cond: ((id >= 4672340) AND (id <= 4673339))

table 5 : explain SELECT c FROM sbtest5 WHERE id BETWEEN 1714264 AND 1715263 ORDER BY c
	Sort  (cost=3793.63..3796.06 rows=969 width=121)
	  Sort Key: c
	  ->  Bitmap Heap Scan on sbtest5  (cost=22.37..3745.57 rows=969 width=121)
	        Recheck Cond: ((id >= 1714264) AND (id <= 1715263))
	        ->  Bitmap Index Scan on sbtest5_pkey  (cost=0.00..22.12 rows=969 width=0)
	              Index Cond: ((id >= 1714264) AND (id <= 1715263))

table 6 : explain SELECT c FROM sbtest6 WHERE id BETWEEN 5379159 AND 5380158 ORDER BY c
	Sort  (cost=3973.48..3976.02 rows=1016 width=121)
	  Sort Key: c
	  ->  Bitmap Heap Scan on sbtest6  (cost=22.85..3922.73 rows=1016 width=121)
	        Recheck Cond: ((id >= 5379159) AND (id <= 5380158))
	        ->  Bitmap Index Scan on sbtest6_pkey  (cost=0.00..22.59 rows=1016 width=0)
	              Index Cond: ((id >= 5379159) AND (id <= 5380158))

table 7 : explain SELECT c FROM sbtest7 WHERE id BETWEEN 8324007 AND 8325006 ORDER BY c
	Sort  (cost=4227.04..4229.74 rows=1081 width=121)
	  Sort Key: c
	  ->  Bitmap Heap Scan on sbtest7  (cost=27.52..4172.57 rows=1081 width=121)
	        Recheck Cond: ((id >= 8324007) AND (id <= 8325006))
	        ->  Bitmap Index Scan on sbtest7_pkey  (cost=0.00..27.25 rows=1081 width=0)
	              Index Cond: ((id >= 8324007) AND (id <= 8325006))

table 8 : explain SELECT c FROM sbtest8 WHERE id BETWEEN 108804 AND 109803 ORDER BY c
	Sort  (cost=3771.69..3774.10 rows=963 width=121)
	  Sort Key: c
	  ->  Bitmap Heap Scan on sbtest8  (cost=22.31..3723.97 rows=963 width=121)
	        Recheck Cond: ((id >= 108804) AND (id <= 109803))
	        ->  Bitmap Index Scan on sbtest8_pkey  (cost=0.00..22.07 rows=963 width=0)
	              Index Cond: ((id >= 108804) AND (id <= 109803))

explain: for point_selects :: explain SELECT c FROM sbtest%u WHERE id=%u
explain: for point_selects :: explain SELECT c FROM sbtest%u WHERE id=%u
explain: for point_selects :: explain SELECT c FROM sbtest%u WHERE id=%u
for: order_ranges
table 1 : explain SELECT c FROM sbtest1 WHERE id BETWEEN 5538632 AND 5539631 ORDER BY c
	Sort  (cost=3691.78..3694.14 rows=943 width=121)
	  Sort Key: c
	  ->  Bitmap Heap Scan on sbtest1  (cost=22.10..3645.19 rows=943 width=121)
	        Recheck Cond: ((id >= 5538632) AND (id <= 5539631))
	        ->  Bitmap Index Scan on sbtest1_pkey  (cost=0.00..21.86 rows=943 width=0)
	              Index Cond: ((id >= 5538632) AND (id <= 5539631))

table 2 : explain SELECT c FROM sbtest2 WHERE id BETWEEN 1076860 AND 1077859 ORDER BY c
	Sort  (cost=3975.95..3978.50 rows=1017 width=121)
	  Sort Key: c
	  ->  Bitmap Heap Scan on sbtest2  (cost=22.86..3925.15 rows=1017 width=121)
	        Recheck Cond: ((id >= 1076860) AND (id <= 1077859))
	        ->  Bitmap Index Scan on sbtest2_pkey  (cost=0.00..22.61 rows=1017 width=0)
	              Index Cond: ((id >= 1076860) AND (id <= 1077859))

table 3 : explain SELECT c FROM sbtest3 WHERE id BETWEEN 9420819 AND 9421818 ORDER BY c
	Sort  (cost=3635.49..3637.81 rows=928 width=121)
	  Sort Key: c
	  ->  Bitmap Heap Scan on sbtest3  (cost=21.95..3589.75 rows=928 width=121)
	        Recheck Cond: ((id >= 9420819) AND (id <= 9421818))
	        ->  Bitmap Index Scan on sbtest3_pkey  (cost=0.00..21.71 rows=928 width=0)
	              Index Cond: ((id >= 9420819) AND (id <= 9421818))

table 4 : explain SELECT c FROM sbtest4 WHERE id BETWEEN 861914 AND 862913 ORDER BY c
	Sort  (cost=4153.09..4155.75 rows=1062 width=121)
	  Sort Key: c
	  ->  Bitmap Heap Scan on sbtest4  (cost=27.32..4099.71 rows=1062 width=121)
	        Recheck Cond: ((id >= 861914) AND (id <= 862913))
	        ->  Bitmap Index Scan on sbtest4_pkey  (cost=0.00..27.05 rows=1062 width=0)
	              Index Cond: ((id >= 861914) AND (id <= 862913))

table 5 : explain SELECT c FROM sbtest5 WHERE id BETWEEN 4170394 AND 4171393 ORDER BY c
	Sort  (cost=4069.00..4071.60 rows=1041 width=121)
	  Sort Key: c
	  ->  Bitmap Heap Scan on sbtest5  (cost=23.11..4016.83 rows=1041 width=121)
	        Recheck Cond: ((id >= 4170394) AND (id <= 4171393))
	        ->  Bitmap Index Scan on sbtest5_pkey  (cost=0.00..22.84 rows=1041 width=0)
	              Index Cond: ((id >= 4170394) AND (id <= 4171393))

table 6 : explain SELECT c FROM sbtest6 WHERE id BETWEEN 7090829 AND 7091828 ORDER BY c
	Sort  (cost=3686.39..3688.74 rows=941 width=121)
	  Sort Key: c
	  ->  Bitmap Heap Scan on sbtest6  (cost=22.08..3639.91 rows=941 width=121)
	        Recheck Cond: ((id >= 7090829) AND (id <= 7091828))
	        ->  Bitmap Index Scan on sbtest6_pkey  (cost=0.00..21.84 rows=941 width=0)
	              Index Cond: ((id >= 7090829) AND (id <= 7091828))

table 7 : explain SELECT c FROM sbtest7 WHERE id BETWEEN 1079379 AND 1080378 ORDER BY c
	Sort  (cost=3756.44..3758.84 rows=959 width=121)
	  Sort Key: c
	  ->  Bitmap Heap Scan on sbtest7  (cost=22.26..3708.94 rows=959 width=121)
	        Recheck Cond: ((id >= 1079379) AND (id <= 1080378))
	        ->  Bitmap Index Scan on sbtest7_pkey  (cost=0.00..22.02 rows=959 width=0)
	              Index Cond: ((id >= 1079379) AND (id <= 1080378))

table 8 : explain SELECT c FROM sbtest8 WHERE id BETWEEN 8999736 AND 9000735 ORDER BY c
	Sort  (cost=4062.70..4065.29 rows=1038 width=121)
	  Sort Key: c
	  ->  Bitmap Heap Scan on sbtest8  (cost=27.07..4010.69 rows=1038 width=121)
	        Recheck Cond: ((id >= 8999736) AND (id <= 9000735))
	        ->  Bitmap Index Scan on sbtest8_pkey  (cost=0.00..26.82 rows=1038 width=0)
	              Index Cond: ((id >= 8999736) AND (id <= 9000735))

for: order_ranges
table 1 : explain SELECT c FROM sbtest1 WHERE id BETWEEN 4831894 AND 4832893 ORDER BY c
	Sort  (cost=3607.52..3609.83 rows=921 width=121)
	  Sort Key: c
	  ->  Bitmap Heap Scan on sbtest1  (cost=21.88..3562.18 rows=921 width=121)
	        Recheck Cond: ((id >= 4831894) AND (id <= 4832893))
	        ->  Bitmap Index Scan on sbtest1_pkey  (cost=0.00..21.64 rows=921 width=0)
	              Index Cond: ((id >= 4831894) AND (id <= 4832893))

table 2 : explain SELECT c FROM sbtest2 WHERE id BETWEEN 4692414 AND 4693413 ORDER BY c
	Sort  (cost=4121.07..4123.71 rows=1055 width=121)
	  Sort Key: c
	  ->  Bitmap Heap Scan on sbtest2  (cost=23.25..4068.09 rows=1055 width=121)
	        Recheck Cond: ((id >= 4692414) AND (id <= 4693413))
	        ->  Bitmap Index Scan on sbtest2_pkey  (cost=0.00..22.98 rows=1055 width=0)
	              Index Cond: ((id >= 4692414) AND (id <= 4693413))

table 3 : explain SELECT c FROM sbtest3 WHERE id BETWEEN 9096400 AND 9097399 ORDER BY c
	Sort  (cost=3769.55..3771.95 rows=963 width=121)
	  Sort Key: c
	  ->  Bitmap Heap Scan on sbtest3  (cost=22.31..3721.82 rows=963 width=121)
	        Recheck Cond: ((id >= 9096400) AND (id <= 9097399))
	        ->  Bitmap Index Scan on sbtest3_pkey  (cost=0.00..22.07 rows=963 width=0)
	              Index Cond: ((id >= 9096400) AND (id <= 9097399))

table 4 : explain SELECT c FROM sbtest4 WHERE id BETWEEN 3528484 AND 3529483 ORDER BY c
	Sort  (cost=4034.51..4037.09 rows=1032 width=121)
	  Sort Key: c
	  ->  Bitmap Heap Scan on sbtest4  (cost=23.01..3982.85 rows=1032 width=121)
	        Recheck Cond: ((id >= 3528484) AND (id <= 3529483))
	        ->  Bitmap Index Scan on sbtest4_pkey  (cost=0.00..22.75 rows=1032 width=0)
	              Index Cond: ((id >= 3528484) AND (id <= 3529483))

table 5 : explain SELECT c FROM sbtest5 WHERE id BETWEEN 3856904 AND 3857903 ORDER BY c
	Sort  (cost=4061.36..4063.96 rows=1039 width=121)
	  Sort Key: c
	  ->  Bitmap Heap Scan on sbtest5  (cost=23.08..4009.30 rows=1039 width=121)
	        Recheck Cond: ((id >= 3856904) AND (id <= 3857903))
	        ->  Bitmap Index Scan on sbtest5_pkey  (cost=0.00..22.82 rows=1039 width=0)
	              Index Cond: ((id >= 3856904) AND (id <= 3857903))

table 6 : explain SELECT c FROM sbtest6 WHERE id BETWEEN 3663800 AND 3664799 ORDER BY c
	Sort  (cost=3651.89..3654.22 rows=932 width=121)
	  Sort Key: c
	  ->  Bitmap Heap Scan on sbtest6  (cost=21.99..3605.93 rows=932 width=121)
	        Recheck Cond: ((id >= 3663800) AND (id <= 3664799))
	        ->  Bitmap Index Scan on sbtest6_pkey  (cost=0.00..21.75 rows=932 width=0)
	              Index Cond: ((id >= 3663800) AND (id <= 3664799))

table 7 : explain SELECT c FROM sbtest7 WHERE id BETWEEN 1282801 AND 1283800 ORDER BY c
	Sort  (cost=3997.61..4000.17 rows=1022 width=121)
	  Sort Key: c
	  ->  Bitmap Heap Scan on sbtest7  (cost=22.91..3946.52 rows=1022 width=121)
	        Recheck Cond: ((id >= 1282801) AND (id <= 1283800))
	        ->  Bitmap Index Scan on sbtest7_pkey  (cost=0.00..22.65 rows=1022 width=0)
	              Index Cond: ((id >= 1282801) AND (id <= 1283800))

table 8 : explain SELECT c FROM sbtest8 WHERE id BETWEEN 5360837 AND 5361836 ORDER BY c
	Sort  (cost=3836.80..3839.25 rows=980 width=121)
	  Sort Key: c
	  ->  Bitmap Heap Scan on sbtest8  (cost=22.48..3788.11 rows=980 width=121)
	        Recheck Cond: ((id >= 5360837) AND (id <= 5361836))
	        ->  Bitmap Index Scan on sbtest8_pkey  (cost=0.00..22.23 rows=980 width=0)
	              Index Cond: ((id >= 5360837) AND (id <= 5361836))

for: distinct_ranges
table 1 : explain SELECT DISTINCT c FROM sbtest1 WHERE id BETWEEN 4482213 AND 4483212 ORDER BY c
	Unique  (cost=4058.75..4063.95 rows=1039 width=121)
	  ->  Sort  (cost=4058.75..4061.35 rows=1039 width=121)
	        Sort Key: c
	        ->  Bitmap Heap Scan on sbtest1  (cost=23.08..4006.70 rows=1039 width=121)
	              Recheck Cond: ((id >= 4482213) AND (id <= 4483212))
	              ->  Bitmap Index Scan on sbtest1_pkey  (cost=0.00..22.82 rows=1039 width=0)
	                    Index Cond: ((id >= 4482213) AND (id <= 4483212))

table 2 : explain SELECT DISTINCT c FROM sbtest2 WHERE id BETWEEN 6756444 AND 6757443 ORDER BY c
	Unique  (cost=3604.72..3609.32 rows=920 width=121)
	  ->  Sort  (cost=3604.72..3607.02 rows=920 width=121)
	        Sort Key: c
	        ->  Bitmap Heap Scan on sbtest2  (cost=21.87..3559.43 rows=920 width=121)
	              Recheck Cond: ((id >= 6756444) AND (id <= 6757443))
	              ->  Bitmap Index Scan on sbtest2_pkey  (cost=0.00..21.64 rows=920 width=0)
	                    Index Cond: ((id >= 6756444) AND (id <= 6757443))

table 3 : explain SELECT DISTINCT c FROM sbtest3 WHERE id BETWEEN 1294607 AND 1295606 ORDER BY c
	Unique  (cost=4243.46..4248.89 rows=1086 width=121)
	  ->  Sort  (cost=4243.46..4246.18 rows=1086 width=121)
	        Sort Key: c
	        ->  Bitmap Heap Scan on sbtest3  (cost=27.57..4188.70 rows=1086 width=121)
	              Recheck Cond: ((id >= 1294607) AND (id <= 1295606))
	              ->  Bitmap Index Scan on sbtest3_pkey  (cost=0.00..27.29 rows=1086 width=0)
	                    Index Cond: ((id >= 1294607) AND (id <= 1295606))

table 4 : explain SELECT DISTINCT c FROM sbtest4 WHERE id BETWEEN 442671 AND 443670 ORDER BY c
	Unique  (cost=3942.77..3947.81 rows=1008 width=121)
	  ->  Sort  (cost=3942.77..3945.29 rows=1008 width=121)
	        Sort Key: c
	        ->  Bitmap Heap Scan on sbtest4  (cost=22.77..3892.48 rows=1008 width=121)
	              Recheck Cond: ((id >= 442671) AND (id <= 443670))
	              ->  Bitmap Index Scan on sbtest4_pkey  (cost=0.00..22.51 rows=1008 width=0)
	                    Index Cond: ((id >= 442671) AND (id <= 443670))

table 5 : explain SELECT DISTINCT c FROM sbtest5 WHERE id BETWEEN 2341247 AND 2342246 ORDER BY c
	Unique  (cost=3843.40..3848.31 rows=982 width=121)
	  ->  Sort  (cost=3843.40..3845.85 rows=982 width=121)
	        Sort Key: c
	        ->  Bitmap Heap Scan on sbtest5  (cost=22.50..3794.60 rows=982 width=121)
	              Recheck Cond: ((id >= 2341247) AND (id <= 2342246))
	              ->  Bitmap Index Scan on sbtest5_pkey  (cost=0.00..22.25 rows=982 width=0)
	                    Index Cond: ((id >= 2341247) AND (id <= 2342246))

table 6 : explain SELECT DISTINCT c FROM sbtest6 WHERE id BETWEEN 1704134 AND 1705133 ORDER BY c
	Unique  (cost=3674.89..3679.58 rows=938 width=121)
	  ->  Sort  (cost=3674.89..3677.24 rows=938 width=121)
	        Sort Key: c
	        ->  Bitmap Heap Scan on sbtest6  (cost=22.05..3628.59 rows=938 width=121)
	              Recheck Cond: ((id >= 1704134) AND (id <= 1705133))
	              ->  Bitmap Index Scan on sbtest6_pkey  (cost=0.00..21.82 rows=938 width=0)
	                    Index Cond: ((id >= 1704134) AND (id <= 1705133))

table 7 : explain SELECT DISTINCT c FROM sbtest7 WHERE id BETWEEN 9305408 AND 9306407 ORDER BY c
	Unique  (cost=3955.54..3960.59 rows=1011 width=121)
	  ->  Sort  (cost=3955.54..3958.06 rows=1011 width=121)
	        Sort Key: c
	        ->  Bitmap Heap Scan on sbtest7  (cost=22.80..3905.08 rows=1011 width=121)
	              Recheck Cond: ((id >= 9305408) AND (id <= 9306407))
	              ->  Bitmap Index Scan on sbtest7_pkey  (cost=0.00..22.54 rows=1011 width=0)
	                    Index Cond: ((id >= 9305408) AND (id <= 9306407))

table 8 : explain SELECT DISTINCT c FROM sbtest8 WHERE id BETWEEN 9743966 AND 9744965 ORDER BY c
	Unique  (cost=4196.40..4201.77 rows=1073 width=121)
	  ->  Sort  (cost=4196.40..4199.09 rows=1073 width=121)
	        Sort Key: c
	        ->  Bitmap Heap Scan on sbtest8  (cost=27.43..4142.39 rows=1073 width=121)
	              Recheck Cond: ((id >= 9743966) AND (id <= 9744965))
	              ->  Bitmap Index Scan on sbtest8_pkey  (cost=0.00..27.16 rows=1073 width=0)
	                    Index Cond: ((id >= 9743966) AND (id <= 9744965))

for: order_ranges
table 1 : explain SELECT c FROM sbtest1 WHERE id BETWEEN 6014733 AND 6015732 ORDER BY c
	Sort  (cost=4020.58..4023.15 rows=1029 width=121)
	  Sort Key: c
	  ->  Bitmap Heap Scan on sbtest1  (cost=22.98..3969.09 rows=1029 width=121)
	        Recheck Cond: ((id >= 6014733) AND (id <= 6015732))
	        ->  Bitmap Index Scan on sbtest1_pkey  (cost=0.00..22.72 rows=1029 width=0)
	              Index Cond: ((id >= 6014733) AND (id <= 6015732))

table 2 : explain SELECT c FROM sbtest2 WHERE id BETWEEN 1739976 AND 1740975 ORDER BY c
	Sort  (cost=3497.34..3499.57 rows=892 width=121)
	  Sort Key: c
	  ->  Bitmap Heap Scan on sbtest2  (cost=21.58..3453.63 rows=892 width=121)
	        Recheck Cond: ((id >= 1739976) AND (id <= 1740975))
	        ->  Bitmap Index Scan on sbtest2_pkey  (cost=0.00..21.36 rows=892 width=0)
	              Index Cond: ((id >= 1739976) AND (id <= 1740975))

table 3 : explain SELECT c FROM sbtest3 WHERE id BETWEEN 7543583 AND 7544582 ORDER BY c
	Sort  (cost=3968.43..3970.97 rows=1015 width=121)
	  Sort Key: c
	  ->  Bitmap Heap Scan on sbtest3  (cost=22.84..3917.75 rows=1015 width=121)
	        Recheck Cond: ((id >= 7543583) AND (id <= 7544582))
	        ->  Bitmap Index Scan on sbtest3_pkey  (cost=0.00..22.58 rows=1015 width=0)
	              Index Cond: ((id >= 7543583) AND (id <= 7544582))

table 4 : explain SELECT c FROM sbtest4 WHERE id BETWEEN 4218371 AND 4219370 ORDER BY c
	Sort  (cost=3682.45..3684.80 rows=940 width=121)
	  Sort Key: c
	  ->  Bitmap Heap Scan on sbtest4  (cost=22.07..3636.03 rows=940 width=121)
	        Recheck Cond: ((id >= 4218371) AND (id <= 4219370))
	        ->  Bitmap Index Scan on sbtest4_pkey  (cost=0.00..21.83 rows=940 width=0)
	              Index Cond: ((id >= 4218371) AND (id <= 4219370))

table 5 : explain SELECT c FROM sbtest5 WHERE id BETWEEN 1748960 AND 1749959 ORDER BY c
	Sort  (cost=3793.63..3796.06 rows=969 width=121)
	  Sort Key: c
	  ->  Bitmap Heap Scan on sbtest5  (cost=22.37..3745.57 rows=969 width=121)
	        Recheck Cond: ((id >= 1748960) AND (id <= 1749959))
	        ->  Bitmap Index Scan on sbtest5_pkey  (cost=0.00..22.12 rows=969 width=0)
	              Index Cond: ((id >= 1748960) AND (id <= 1749959))

table 6 : explain SELECT c FROM sbtest6 WHERE id BETWEEN 1486872 AND 1487871 ORDER BY c
	Sort  (cost=3724.71..3727.09 rows=951 width=121)
	  Sort Key: c
	  ->  Bitmap Heap Scan on sbtest6  (cost=22.18..3677.67 rows=951 width=121)
	        Recheck Cond: ((id >= 1486872) AND (id <= 1487871))
	        ->  Bitmap Index Scan on sbtest6_pkey  (cost=0.00..21.94 rows=951 width=0)
	              Index Cond: ((id >= 1486872) AND (id <= 1487871))

table 7 : explain SELECT c FROM sbtest7 WHERE id BETWEEN 5406141 AND 5407140 ORDER BY c
	Sort  (cost=3840.71..3843.17 rows=981 width=121)
	  Sort Key: c
	  ->  Bitmap Heap Scan on sbtest7  (cost=22.49..3791.97 rows=981 width=121)
	        Recheck Cond: ((id >= 5406141) AND (id <= 5407140))
	        ->  Bitmap Index Scan on sbtest7_pkey  (cost=0.00..22.25 rows=981 width=0)
	              Index Cond: ((id >= 5406141) AND (id <= 5407140))

table 8 : explain SELECT c FROM sbtest8 WHERE id BETWEEN 3593722 AND 3594721 ORDER BY c
	Sort  (cost=3649.02..3651.35 rows=931 width=121)
	  Sort Key: c
	  ->  Bitmap Heap Scan on sbtest8  (cost=21.98..3603.11 rows=931 width=121)
	        Recheck Cond: ((id >= 3593722) AND (id <= 3594721))
	        ->  Bitmap Index Scan on sbtest8_pkey  (cost=0.00..21.75 rows=931 width=0)
	              Index Cond: ((id >= 3593722) AND (id <= 3594721))

explain: for point_selects :: explain SELECT c FROM sbtest%u WHERE id=%u
for: distinct_ranges
table 1 : explain SELECT DISTINCT c FROM sbtest1 WHERE id BETWEEN 4860007 AND 4861006 ORDER BY c
	Unique  (cost=3607.52..3612.13 rows=921 width=121)
	  ->  Sort  (cost=3607.52..3609.83 rows=921 width=121)
	        Sort Key: c
	        ->  Bitmap Heap Scan on sbtest1  (cost=21.88..3562.18 rows=921 width=121)
	              Recheck Cond: ((id >= 4860007) AND (id <= 4861006))
	              ->  Bitmap Index Scan on sbtest1_pkey  (cost=0.00..21.64 rows=921 width=0)
	                    Index Cond: ((id >= 4860007) AND (id <= 4861006))

table 2 : explain SELECT DISTINCT c FROM sbtest2 WHERE id BETWEEN 1469249 AND 1470248 ORDER BY c
	Unique  (cost=3868.91..3873.86 rows=989 width=121)
	  ->  Sort  (cost=3868.91..3871.39 rows=989 width=121)
	        Sort Key: c
	        ->  Bitmap Heap Scan on sbtest2  (cost=22.57..3819.71 rows=989 width=121)
	              Recheck Cond: ((id >= 1469249) AND (id <= 1470248))
	              ->  Bitmap Index Scan on sbtest2_pkey  (cost=0.00..22.32 rows=989 width=0)
	                    Index Cond: ((id >= 1469249) AND (id <= 1470248))

table 3 : explain SELECT DISTINCT c FROM sbtest3 WHERE id BETWEEN 5278120 AND 5279119 ORDER BY c
	Unique  (cost=3983.72..3988.81 rows=1019 width=121)
	  ->  Sort  (cost=3983.72..3986.27 rows=1019 width=121)
	        Sort Key: c
	        ->  Bitmap Heap Scan on sbtest3  (cost=22.88..3932.80 rows=1019 width=121)
	              Recheck Cond: ((id >= 5278120) AND (id <= 5279119))
	              ->  Bitmap Index Scan on sbtest3_pkey  (cost=0.00..22.62 rows=1019 width=0)
	                    Index Cond: ((id >= 5278120) AND (id <= 5279119))

table 4 : explain SELECT DISTINCT c FROM sbtest4 WHERE id BETWEEN 9281501 AND 9282500 ORDER BY c
	Unique  (cost=3759.07..3763.87 rows=960 width=121)
	  ->  Sort  (cost=3759.07..3761.47 rows=960 width=121)
	        Sort Key: c
	        ->  Bitmap Heap Scan on sbtest4  (cost=22.27..3711.52 rows=960 width=121)
	              Recheck Cond: ((id >= 9281501) AND (id <= 9282500))
	              ->  Bitmap Index Scan on sbtest4_pkey  (cost=0.00..22.04 rows=960 width=0)
	                    Index Cond: ((id >= 9281501) AND (id <= 9282500))

table 5 : explain SELECT DISTINCT c FROM sbtest5 WHERE id BETWEEN 678225 AND 679224 ORDER BY c
	Unique  (cost=3452.36..3456.76 rows=880 width=121)
	  ->  Sort  (cost=3452.36..3454.56 rows=880 width=121)
	        Sort Key: c
	        ->  Bitmap Heap Scan on sbtest5  (cost=21.45..3409.32 rows=880 width=121)
	              Recheck Cond: ((id >= 678225) AND (id <= 679224))
	              ->  Bitmap Index Scan on sbtest5_pkey  (cost=0.00..21.23 rows=880 width=0)
	                    Index Cond: ((id >= 678225) AND (id <= 679224))

table 6 : explain SELECT DISTINCT c FROM sbtest6 WHERE id BETWEEN 7223402 AND 7224401 ORDER BY c
	Unique  (cost=3969.65..3974.73 rows=1015 width=121)
	  ->  Sort  (cost=3969.65..3972.19 rows=1015 width=121)
	        Sort Key: c
	        ->  Bitmap Heap Scan on sbtest6  (cost=22.84..3918.97 rows=1015 width=121)
	              Recheck Cond: ((id >= 7223402) AND (id <= 7224401))
	              ->  Bitmap Index Scan on sbtest6_pkey  (cost=0.00..22.58 rows=1015 width=0)
	                    Index Cond: ((id >= 7223402) AND (id <= 7224401))

table 7 : explain SELECT DISTINCT c FROM sbtest7 WHERE id BETWEEN 4053554 AND 4054553 ORDER BY c
	Unique  (cost=3836.88..3841.78 rows=980 width=121)
	  ->  Sort  (cost=3836.88..3839.33 rows=980 width=121)
	        Sort Key: c
	        ->  Bitmap Heap Scan on sbtest7  (cost=22.48..3788.19 rows=980 width=121)
	              Recheck Cond: ((id >= 4053554) AND (id <= 4054553))
	              ->  Bitmap Index Scan on sbtest7_pkey  (cost=0.00..22.23 rows=980 width=0)
	                    Index Cond: ((id >= 4053554) AND (id <= 4054553))

table 8 : explain SELECT DISTINCT c FROM sbtest8 WHERE id BETWEEN 7064975 AND 7065974 ORDER BY c
	Unique  (cost=4020.64..4025.78 rows=1027 width=121)
	  ->  Sort  (cost=4020.64..4023.21 rows=1027 width=121)
	        Sort Key: c
	        ->  Bitmap Heap Scan on sbtest8  (cost=26.96..3969.27 rows=1027 width=121)
	              Recheck Cond: ((id >= 7064975) AND (id <= 7065974))
	              ->  Bitmap Index Scan on sbtest8_pkey  (cost=0.00..26.70 rows=1027 width=0)
	                    Index Cond: ((id >= 7064975) AND (id <= 7065974))

for point_selects
table 1 : explain SELECT c FROM sbtest1 WHERE id=7457062
	Index Scan using sbtest1_pkey on sbtest1  (cost=0.43..8.45 rows=1 width=121)
	  Index Cond: (id = 7457062)

table 2 : explain SELECT c FROM sbtest2 WHERE id=8016496
	Index Scan using sbtest2_pkey on sbtest2  (cost=0.43..8.45 rows=1 width=121)
	  Index Cond: (id = 8016496)

table 3 : explain SELECT c FROM sbtest3 WHERE id=2048896
	Index Scan using sbtest3_pkey on sbtest3  (cost=0.43..8.45 rows=1 width=121)
	  Index Cond: (id = 2048896)

table 4 : explain SELECT c FROM sbtest4 WHERE id=8577896
	Index Scan using sbtest4_pkey on sbtest4  (cost=0.43..8.45 rows=1 width=121)
	  Index Cond: (id = 8577896)

table 5 : explain SELECT c FROM sbtest5 WHERE id=5593263
	Index Scan using sbtest5_pkey on sbtest5  (cost=0.43..8.45 rows=1 width=121)
	  Index Cond: (id = 5593263)

table 6 : explain SELECT c FROM sbtest6 WHERE id=7436452
	Index Scan using sbtest6_pkey on sbtest6  (cost=0.43..8.45 rows=1 width=121)
	  Index Cond: (id = 7436452)

table 7 : explain SELECT c FROM sbtest7 WHERE id=4162564
	Index Scan using sbtest7_pkey on sbtest7  (cost=0.43..8.45 rows=1 width=121)
	  Index Cond: (id = 4162564)

table 8 : explain SELECT c FROM sbtest8 WHERE id=2484045
	Index Scan using sbtest8_pkey on sbtest8  (cost=0.43..8.45 rows=1 width=121)
	  Index Cond: (id = 2484045)

explain: for point_selects :: explain SELECT c FROM sbtest%u WHERE id=%u
for point_selects
table 1 : explain SELECT c FROM sbtest1 WHERE id=5350480
	Index Scan using sbtest1_pkey on sbtest1  (cost=0.43..8.45 rows=1 width=121)
	  Index Cond: (id = 5350480)

table 2 : explain SELECT c FROM sbtest2 WHERE id=523873
	Index Scan using sbtest2_pkey on sbtest2  (cost=0.43..8.45 rows=1 width=121)
	  Index Cond: (id = 523873)

table 3 : explain SELECT c FROM sbtest3 WHERE id=116613
	Index Scan using sbtest3_pkey on sbtest3  (cost=0.43..8.45 rows=1 width=121)
	  Index Cond: (id = 116613)

table 4 : explain SELECT c FROM sbtest4 WHERE id=4741227
	Index Scan using sbtest4_pkey on sbtest4  (cost=0.43..8.45 rows=1 width=121)
	  Index Cond: (id = 4741227)

table 5 : explain SELECT c FROM sbtest5 WHERE id=1252452
	Index Scan using sbtest5_pkey on sbtest5  (cost=0.43..8.45 rows=1 width=121)
	  Index Cond: (id = 1252452)

table 6 : explain SELECT c FROM sbtest6 WHERE id=8284657
	Index Scan using sbtest6_pkey on sbtest6  (cost=0.43..8.45 rows=1 width=121)
	  Index Cond: (id = 8284657)

table 7 : explain SELECT c FROM sbtest7 WHERE id=4505692
	Index Scan using sbtest7_pkey on sbtest7  (cost=0.43..8.45 rows=1 width=121)
	  Index Cond: (id = 4505692)

table 8 : explain SELECT c FROM sbtest8 WHERE id=3606192
	Index Scan using sbtest8_pkey on sbtest8  (cost=0.43..8.45 rows=1 width=121)
	  Index Cond: (id = 3606192)

for point_selects
table 1 : explain SELECT c FROM sbtest1 WHERE id=59269
	Index Scan using sbtest1_pkey on sbtest1  (cost=0.43..8.45 rows=1 width=121)
	  Index Cond: (id = 59269)

table 2 : explain SELECT c FROM sbtest2 WHERE id=8475619
	Index Scan using sbtest2_pkey on sbtest2  (cost=0.43..8.45 rows=1 width=121)
	  Index Cond: (id = 8475619)

table 3 : explain SELECT c FROM sbtest3 WHERE id=9410681
	Index Scan using sbtest3_pkey on sbtest3  (cost=0.43..8.45 rows=1 width=121)
	  Index Cond: (id = 9410681)

table 4 : explain SELECT c FROM sbtest4 WHERE id=677657
	Index Scan using sbtest4_pkey on sbtest4  (cost=0.43..8.45 rows=1 width=121)
	  Index Cond: (id = 677657)

table 5 : explain SELECT c FROM sbtest5 WHERE id=4924160
	Index Scan using sbtest5_pkey on sbtest5  (cost=0.43..8.45 rows=1 width=121)
	  Index Cond: (id = 4924160)

table 6 : explain SELECT c FROM sbtest6 WHERE id=8380894
	Index Scan using sbtest6_pkey on sbtest6  (cost=0.43..8.45 rows=1 width=121)
	  Index Cond: (id = 8380894)

table 7 : explain SELECT c FROM sbtest7 WHERE id=3909355
	Index Scan using sbtest7_pkey on sbtest7  (cost=0.43..8.45 rows=1 width=121)
	  Index Cond: (id = 3909355)

table 8 : explain SELECT c FROM sbtest8 WHERE id=5370551
	Index Scan using sbtest8_pkey on sbtest8  (cost=0.43..8.45 rows=1 width=121)
	  Index Cond: (id = 5370551)

for: distinct_ranges
table 1 : explain SELECT DISTINCT c FROM sbtest1 WHERE id BETWEEN 8832547 AND 8833546 ORDER BY c
	Unique  (cost=3921.27..3926.29 rows=1003 width=121)
	  ->  Sort  (cost=3921.27..3923.78 rows=1003 width=121)
	        Sort Key: c
	        ->  Bitmap Heap Scan on sbtest1  (cost=22.72..3871.27 rows=1003 width=121)
	              Recheck Cond: ((id >= 8832547) AND (id <= 8833546))
	              ->  Bitmap Index Scan on sbtest1_pkey  (cost=0.00..22.46 rows=1003 width=0)
	                    Index Cond: ((id >= 8832547) AND (id <= 8833546))

table 2 : explain SELECT DISTINCT c FROM sbtest2 WHERE id BETWEEN 9513397 AND 9514396 ORDER BY c
	Unique  (cost=4132.52..4137.81 rows=1058 width=121)
	  ->  Sort  (cost=4132.52..4135.16 rows=1058 width=121)
	        Sort Key: c
	        ->  Bitmap Heap Scan on sbtest2  (cost=23.28..4079.37 rows=1058 width=121)
	              Recheck Cond: ((id >= 9513397) AND (id <= 9514396))
	              ->  Bitmap Index Scan on sbtest2_pkey  (cost=0.00..23.01 rows=1058 width=0)
	                    Index Cond: ((id >= 9513397) AND (id <= 9514396))

table 3 : explain SELECT DISTINCT c FROM sbtest3 WHERE id BETWEEN 3055846 AND 3056845 ORDER BY c
	Unique  (cost=3754.23..3759.03 rows=959 width=121)
	  ->  Sort  (cost=3754.23..3756.63 rows=959 width=121)
	        Sort Key: c
	        ->  Bitmap Heap Scan on sbtest3  (cost=22.26..3706.74 rows=959 width=121)
	              Recheck Cond: ((id >= 3055846) AND (id <= 3056845))
	              ->  Bitmap Index Scan on sbtest3_pkey  (cost=0.00..22.02 rows=959 width=0)
	                    Index Cond: ((id >= 3055846) AND (id <= 3056845))

table 4 : explain SELECT DISTINCT c FROM sbtest4 WHERE id BETWEEN 9496850 AND 9497849 ORDER BY c
	Unique  (cost=4057.44..4062.63 rows=1038 width=121)
	  ->  Sort  (cost=4057.44..4060.03 rows=1038 width=121)
	        Sort Key: c
	        ->  Bitmap Heap Scan on sbtest4  (cost=23.07..4005.43 rows=1038 width=121)
	              Recheck Cond: ((id >= 9496850) AND (id <= 9497849))
	              ->  Bitmap Index Scan on sbtest4_pkey  (cost=0.00..22.82 rows=1038 width=0)
	                    Index Cond: ((id >= 9496850) AND (id <= 9497849))

table 5 : explain SELECT DISTINCT c FROM sbtest5 WHERE id BETWEEN 3544703 AND 3545702 ORDER BY c
	Unique  (cost=3900.80..3905.78 rows=997 width=121)
	  ->  Sort  (cost=3900.80..3903.29 rows=997 width=121)
	        Sort Key: c
	        ->  Bitmap Heap Scan on sbtest5  (cost=22.65..3851.14 rows=997 width=121)
	              Recheck Cond: ((id >= 3544703) AND (id <= 3545702))
	              ->  Bitmap Index Scan on sbtest5_pkey  (cost=0.00..22.40 rows=997 width=0)
	                    Index Cond: ((id >= 3544703) AND (id <= 3545702))

table 6 : explain SELECT DISTINCT c FROM sbtest6 WHERE id BETWEEN 8240811 AND 8241810 ORDER BY c
	Unique  (cost=3709.38..3714.12 rows=947 width=121)
	  ->  Sort  (cost=3709.38..3711.75 rows=947 width=121)
	        Sort Key: c
	        ->  Bitmap Heap Scan on sbtest6  (cost=22.14..3662.57 rows=947 width=121)
	              Recheck Cond: ((id >= 8240811) AND (id <= 8241810))
	              ->  Bitmap Index Scan on sbtest6_pkey  (cost=0.00..21.90 rows=947 width=0)
	                    Index Cond: ((id >= 8240811) AND (id <= 8241810))

table 7 : explain SELECT DISTINCT c FROM sbtest7 WHERE id BETWEEN 4995844 AND 4996843 ORDER BY c
	Unique  (cost=4139.03..4144.32 rows=1059 width=121)
	  ->  Sort  (cost=4139.03..4141.68 rows=1059 width=121)
	        Sort Key: c
	        ->  Bitmap Heap Scan on sbtest7  (cost=23.29..4085.82 rows=1059 width=121)
	              Recheck Cond: ((id >= 4995844) AND (id <= 4996843))
	              ->  Bitmap Index Scan on sbtest7_pkey  (cost=0.00..23.02 rows=1059 width=0)
	                    Index Cond: ((id >= 4995844) AND (id <= 4996843))

table 8 : explain SELECT DISTINCT c FROM sbtest8 WHERE id BETWEEN 53977 AND 54976 ORDER BY c
	Unique  (cost=3606.83..3611.43 rows=920 width=121)
	  ->  Sort  (cost=3606.83..3609.13 rows=920 width=121)
	        Sort Key: c
	        ->  Bitmap Heap Scan on sbtest8  (cost=21.87..3561.54 rows=920 width=121)
	              Recheck Cond: ((id >= 53977) AND (id <= 54976))
	              ->  Bitmap Index Scan on sbtest8_pkey  (cost=0.00..21.64 rows=920 width=0)
	                    Index Cond: ((id >= 53977) AND (id <= 54976))

for: simple_ranges
table 1 : explain SELECT c FROM sbtest1 WHERE id BETWEEN 6565814 AND 6566813
	Bitmap Heap Scan on sbtest1  (cost=22.19..3679.14 rows=952 width=121)
	  Recheck Cond: ((id >= 6565814) AND (id <= 6566813))
	  ->  Bitmap Index Scan on sbtest1_pkey  (cost=0.00..21.95 rows=952 width=0)
	        Index Cond: ((id >= 6565814) AND (id <= 6566813))

table 2 : explain SELECT c FROM sbtest2 WHERE id BETWEEN 7033100 AND 7034099
	Bitmap Heap Scan on sbtest2  (cost=22.49..3789.57 rows=981 width=121)
	  Recheck Cond: ((id >= 7033100) AND (id <= 7034099))
	  ->  Bitmap Index Scan on sbtest2_pkey  (cost=0.00..22.25 rows=981 width=0)
	        Index Cond: ((id >= 7033100) AND (id <= 7034099))

table 3 : explain SELECT c FROM sbtest3 WHERE id BETWEEN 8814767 AND 8815766
	Bitmap Heap Scan on sbtest3  (cost=28.07..4368.85 rows=1135 width=121)
	  Recheck Cond: ((id >= 8814767) AND (id <= 8815766))
	  ->  Bitmap Index Scan on sbtest3_pkey  (cost=0.00..27.79 rows=1135 width=0)
	        Index Cond: ((id >= 8814767) AND (id <= 8815766))

table 4 : explain SELECT c FROM sbtest4 WHERE id BETWEEN 8481142 AND 8482141
	Bitmap Heap Scan on sbtest4  (cost=22.14..3662.46 rows=947 width=121)
	  Recheck Cond: ((id >= 8481142) AND (id <= 8482141))
	  ->  Bitmap Index Scan on sbtest4_pkey  (cost=0.00..21.90 rows=947 width=0)
	        Index Cond: ((id >= 8481142) AND (id <= 8482141))

table 5 : explain SELECT c FROM sbtest5 WHERE id BETWEEN 6619132 AND 6620131
	Bitmap Heap Scan on sbtest5  (cost=22.94..3956.61 rows=1025 width=121)
	  Recheck Cond: ((id >= 6619132) AND (id <= 6620131))
	  ->  Bitmap Index Scan on sbtest5_pkey  (cost=0.00..22.68 rows=1025 width=0)
	        Index Cond: ((id >= 6619132) AND (id <= 6620131))

table 6 : explain SELECT c FROM sbtest6 WHERE id BETWEEN 4841963 AND 4842962
	Bitmap Heap Scan on sbtest6  (cost=22.21..3688.99 rows=954 width=121)
	  Recheck Cond: ((id >= 4841963) AND (id <= 4842962))
	  ->  Bitmap Index Scan on sbtest6_pkey  (cost=0.00..21.97 rows=954 width=0)
	        Index Cond: ((id >= 4841963) AND (id <= 4842962))

table 7 : explain SELECT c FROM sbtest7 WHERE id BETWEEN 6512215 AND 6513214
	Bitmap Heap Scan on sbtest7  (cost=22.23..3697.62 rows=956 width=121)
	  Recheck Cond: ((id >= 6512215) AND (id <= 6513214))
	  ->  Bitmap Index Scan on sbtest7_pkey  (cost=0.00..22.00 rows=956 width=0)
	        Index Cond: ((id >= 6512215) AND (id <= 6513214))

table 8 : explain SELECT c FROM sbtest8 WHERE id BETWEEN 8271321 AND 8272320
	Bitmap Heap Scan on sbtest8  (cost=26.59..3833.60 rows=991 width=121)
	  Recheck Cond: ((id >= 8271321) AND (id <= 8272320))
	  ->  Bitmap Index Scan on sbtest8_pkey  (cost=0.00..26.34 rows=991 width=0)
	        Index Cond: ((id >= 8271321) AND (id <= 8272320))

for: distinct_ranges
table 1 : explain SELECT DISTINCT c FROM sbtest1 WHERE id BETWEEN 4270691 AND 4271690 ORDER BY c
	Unique  (cost=4077.84..4083.06 rows=1044 width=121)
	  ->  Sort  (cost=4077.84..4080.45 rows=1044 width=121)
	        Sort Key: c
	        ->  Bitmap Heap Scan on sbtest1  (cost=23.14..4025.49 rows=1044 width=121)
	              Recheck Cond: ((id >= 4270691) AND (id <= 4271690))
	              ->  Bitmap Index Scan on sbtest1_pkey  (cost=0.00..22.87 rows=1044 width=0)
	                    Index Cond: ((id >= 4270691) AND (id <= 4271690))

table 2 : explain SELECT DISTINCT c FROM sbtest2 WHERE id BETWEEN 1155169 AND 1156168 ORDER BY c
	Unique  (cost=3918.62..3923.63 rows=1002 width=121)
	  ->  Sort  (cost=3918.62..3921.13 rows=1002 width=121)
	        Sort Key: c
	        ->  Bitmap Heap Scan on sbtest2  (cost=22.71..3868.68 rows=1002 width=121)
	              Recheck Cond: ((id >= 1155169) AND (id <= 1156168))
	              ->  Bitmap Index Scan on sbtest2_pkey  (cost=0.00..22.45 rows=1002 width=0)
	                    Index Cond: ((id >= 1155169) AND (id <= 1156168))

table 3 : explain SELECT DISTINCT c FROM sbtest3 WHERE id BETWEEN 2535603 AND 2536602 ORDER BY c
	Unique  (cost=3796.34..3801.19 rows=970 width=121)
	  ->  Sort  (cost=3796.34..3798.76 rows=970 width=121)
	        Sort Key: c
	        ->  Bitmap Heap Scan on sbtest3  (cost=22.38..3748.22 rows=970 width=121)
	              Recheck Cond: ((id >= 2535603) AND (id <= 2536602))
	              ->  Bitmap Index Scan on sbtest3_pkey  (cost=0.00..22.14 rows=970 width=0)
	                    Index Cond: ((id >= 2535603) AND (id <= 2536602))

table 4 : explain SELECT DISTINCT c FROM sbtest4 WHERE id BETWEEN 2325849 AND 2326848 ORDER BY c
	Unique  (cost=3896.87..3901.85 rows=996 width=121)
	  ->  Sort  (cost=3896.87..3899.36 rows=996 width=121)
	        Sort Key: c
	        ->  Bitmap Heap Scan on sbtest4  (cost=22.64..3847.27 rows=996 width=121)
	              Recheck Cond: ((id >= 2325849) AND (id <= 2326848))
	              ->  Bitmap Index Scan on sbtest4_pkey  (cost=0.00..22.39 rows=996 width=0)
	                    Index Cond: ((id >= 2325849) AND (id <= 2326848))

table 5 : explain SELECT DISTINCT c FROM sbtest5 WHERE id BETWEEN 3323431 AND 3324430 ORDER BY c
	Unique  (cost=3866.36..3871.30 rows=988 width=121)
	  ->  Sort  (cost=3866.36..3868.83 rows=988 width=121)
	        Sort Key: c
	        ->  Bitmap Heap Scan on sbtest5  (cost=22.56..3817.22 rows=988 width=121)
	              Recheck Cond: ((id >= 3323431) AND (id <= 3324430))
	              ->  Bitmap Index Scan on sbtest5_pkey  (cost=0.00..22.32 rows=988 width=0)
	                    Index Cond: ((id >= 3323431) AND (id <= 3324430))

table 6 : explain SELECT DISTINCT c FROM sbtest6 WHERE id BETWEEN 5505887 AND 5506886 ORDER BY c
	Unique  (cost=3763.01..3767.82 rows=961 width=121)
	  ->  Sort  (cost=3763.01..3765.42 rows=961 width=121)
	        Sort Key: c
	        ->  Bitmap Heap Scan on sbtest6  (cost=22.29..3715.40 rows=961 width=121)
	              Recheck Cond: ((id >= 5505887) AND (id <= 5506886))
	              ->  Bitmap Index Scan on sbtest6_pkey  (cost=0.00..22.04 rows=961 width=0)
	                    Index Cond: ((id >= 5505887) AND (id <= 5506886))

table 7 : explain SELECT DISTINCT c FROM sbtest7 WHERE id BETWEEN 9493644 AND 9494643 ORDER BY c
	Unique  (cost=3813.91..3818.78 rows=974 width=121)
	  ->  Sort  (cost=3813.91..3816.34 rows=974 width=121)
	        Sort Key: c
	        ->  Bitmap Heap Scan on sbtest7  (cost=22.42..3765.56 rows=974 width=121)
	              Recheck Cond: ((id >= 9493644) AND (id <= 9494643))
	              ->  Bitmap Index Scan on sbtest7_pkey  (cost=0.00..22.18 rows=974 width=0)
	                    Index Cond: ((id >= 9493644) AND (id <= 9494643))

table 8 : explain SELECT DISTINCT c FROM sbtest8 WHERE id BETWEEN 8896491 AND 8897490 ORDER BY c
	Unique  (cost=4016.82..4021.95 rows=1026 width=121)
	  ->  Sort  (cost=4016.82..4019.39 rows=1026 width=121)
	        Sort Key: c
	        ->  Bitmap Heap Scan on sbtest8  (cost=26.95..3965.51 rows=1026 width=121)
	              Recheck Cond: ((id >= 8896491) AND (id <= 8897490))
	              ->  Bitmap Index Scan on sbtest8_pkey  (cost=0.00..26.69 rows=1026 width=0)
	                    Index Cond: ((id >= 8896491) AND (id <= 8897490))

for: simple_ranges
table 1 : explain SELECT c FROM sbtest1 WHERE id BETWEEN 5791199 AND 5792198
	Bitmap Heap Scan on sbtest1  (cost=27.70..4232.30 rows=1099 width=121)
	  Recheck Cond: ((id >= 5791199) AND (id <= 5792198))
	  ->  Bitmap Index Scan on sbtest1_pkey  (cost=0.00..27.43 rows=1099 width=0)
	        Index Cond: ((id >= 5791199) AND (id <= 5792198))

table 2 : explain SELECT c FROM sbtest2 WHERE id BETWEEN 6883154 AND 6884153
	Bitmap Heap Scan on sbtest2  (cost=23.53..4169.54 rows=1082 width=121)
	  Recheck Cond: ((id >= 6883154) AND (id <= 6884153))
	  ->  Bitmap Index Scan on sbtest2_pkey  (cost=0.00..23.25 rows=1082 width=0)
	        Index Cond: ((id >= 6883154) AND (id <= 6884153))

table 3 : explain SELECT c FROM sbtest3 WHERE id BETWEEN 7791276 AND 7792275
	Bitmap Heap Scan on sbtest3  (cost=23.26..4071.98 rows=1056 width=121)
	  Recheck Cond: ((id >= 7791276) AND (id <= 7792275))
	  ->  Bitmap Index Scan on sbtest3_pkey  (cost=0.00..23.00 rows=1056 width=0)
	        Index Cond: ((id >= 7791276) AND (id <= 7792275))

table 4 : explain SELECT c FROM sbtest4 WHERE id BETWEEN 4287759 AND 4288758
	Bitmap Heap Scan on sbtest4  (cost=22.07..3636.03 rows=940 width=121)
	  Recheck Cond: ((id >= 4287759) AND (id <= 4288758))
	  ->  Bitmap Index Scan on sbtest4_pkey  (cost=0.00..21.83 rows=940 width=0)
	        Index Cond: ((id >= 4287759) AND (id <= 4288758))

table 5 : explain SELECT c FROM sbtest5 WHERE id BETWEEN 3369823 AND 3370822
	Bitmap Heap Scan on sbtest5  (cost=27.86..4295.21 rows=1115 width=121)
	  Recheck Cond: ((id >= 3369823) AND (id <= 3370822))
	  ->  Bitmap Index Scan on sbtest5_pkey  (cost=0.00..27.58 rows=1115 width=0)
	        Index Cond: ((id >= 3369823) AND (id <= 3370822))

table 6 : explain SELECT c FROM sbtest6 WHERE id BETWEEN 9083195 AND 9084194
	Bitmap Heap Scan on sbtest6  (cost=28.04..4359.03 rows=1132 width=121)
	  Recheck Cond: ((id >= 9083195) AND (id <= 9084194))
	  ->  Bitmap Index Scan on sbtest6_pkey  (cost=0.00..27.75 rows=1132 width=0)
	        Index Cond: ((id >= 9083195) AND (id <= 9084194))

table 7 : explain SELECT c FROM sbtest7 WHERE id BETWEEN 9854604 AND 9855603
	Bitmap Heap Scan on sbtest7  (cost=22.58..3825.91 rows=990 width=121)
	  Recheck Cond: ((id >= 9854604) AND (id <= 9855603))
	  ->  Bitmap Index Scan on sbtest7_pkey  (cost=0.00..22.33 rows=990 width=0)
	        Index Cond: ((id >= 9854604) AND (id <= 9855603))

table 8 : explain SELECT c FROM sbtest8 WHERE id BETWEEN 8638301 AND 8639300
	Bitmap Heap Scan on sbtest8  (cost=22.07..3637.12 rows=940 width=121)
	  Recheck Cond: ((id >= 8638301) AND (id <= 8639300))
	  ->  Bitmap Index Scan on sbtest8_pkey  (cost=0.00..21.83 rows=940 width=0)
	        Index Cond: ((id >= 8638301) AND (id <= 8639300))

for: simple_ranges
table 1 : explain SELECT c FROM sbtest1 WHERE id BETWEEN 6773430 AND 6774429
	Bitmap Heap Scan on sbtest1  (cost=22.73..3875.04 rows=1004 width=121)
	  Recheck Cond: ((id >= 6773430) AND (id <= 6774429))
	  ->  Bitmap Index Scan on sbtest1_pkey  (cost=0.00..22.47 rows=1004 width=0)
	        Index Cond: ((id >= 6773430) AND (id <= 6774429))

table 2 : explain SELECT c FROM sbtest2 WHERE id BETWEEN 902824 AND 903823
	Bitmap Heap Scan on sbtest2  (cost=21.97..3597.19 rows=930 width=121)
	  Recheck Cond: ((id >= 902824) AND (id <= 903823))
	  ->  Bitmap Index Scan on sbtest2_pkey  (cost=0.00..21.73 rows=930 width=0)
	        Index Cond: ((id >= 902824) AND (id <= 903823))

table 3 : explain SELECT c FROM sbtest3 WHERE id BETWEEN 4824828 AND 4825827
	Bitmap Heap Scan on sbtest3  (cost=21.76..3521.76 rows=910 width=121)
	  Recheck Cond: ((id >= 4824828) AND (id <= 4825827))
	  ->  Bitmap Index Scan on sbtest3_pkey  (cost=0.00..21.54 rows=910 width=0)
	        Index Cond: ((id >= 4824828) AND (id <= 4825827))

table 4 : explain SELECT c FROM sbtest4 WHERE id BETWEEN 6003113 AND 6004112
	Bitmap Heap Scan on sbtest4  (cost=22.02..3617.15 rows=935 width=121)
	  Recheck Cond: ((id >= 6003113) AND (id <= 6004112))
	  ->  Bitmap Index Scan on sbtest4_pkey  (cost=0.00..21.79 rows=935 width=0)
	        Index Cond: ((id >= 6003113) AND (id <= 6004112))

table 5 : explain SELECT c FROM sbtest5 WHERE id BETWEEN 4872711 AND 4873710
	Bitmap Heap Scan on sbtest5  (cost=22.58..3824.76 rows=990 width=121)
	  Recheck Cond: ((id >= 4872711) AND (id <= 4873710))
	  ->  Bitmap Index Scan on sbtest5_pkey  (cost=0.00..22.33 rows=990 width=0)
	        Index Cond: ((id >= 4872711) AND (id <= 4873710))

table 6 : explain SELECT c FROM sbtest6 WHERE id BETWEEN 6014625 AND 6015624
	Bitmap Heap Scan on sbtest6  (cost=22.56..3817.23 rows=988 width=121)
	  Recheck Cond: ((id >= 6014625) AND (id <= 6015624))
	  ->  Bitmap Index Scan on sbtest6_pkey  (cost=0.00..22.32 rows=988 width=0)
	        Index Cond: ((id >= 6014625) AND (id <= 6015624))

table 7 : explain SELECT c FROM sbtest7 WHERE id BETWEEN 1700972 AND 1701971
	Bitmap Heap Scan on sbtest7  (cost=22.71..3871.16 rows=1002 width=121)
	  Recheck Cond: ((id >= 1700972) AND (id <= 1701971))
	  ->  Bitmap Index Scan on sbtest7_pkey  (cost=0.00..22.45 rows=1002 width=0)
	        Index Cond: ((id >= 1700972) AND (id <= 1701971))

table 8 : explain SELECT c FROM sbtest8 WHERE id BETWEEN 1537538 AND 1538537
	Bitmap Heap Scan on sbtest8  (cost=22.37..3746.61 rows=969 width=121)
	  Recheck Cond: ((id >= 1537538) AND (id <= 1538537))
	  ->  Bitmap Index Scan on sbtest8_pkey  (cost=0.00..22.12 rows=969 width=0)
	        Index Cond: ((id >= 1537538) AND (id <= 1538537))

for point_selects
table 1 : explain SELECT c FROM sbtest1 WHERE id=1306204
	Index Scan using sbtest1_pkey on sbtest1  (cost=0.43..8.45 rows=1 width=121)
	  Index Cond: (id = 1306204)

table 2 : explain SELECT c FROM sbtest2 WHERE id=1579123
	Index Scan using sbtest2_pkey on sbtest2  (cost=0.43..8.45 rows=1 width=121)
	  Index Cond: (id = 1579123)

table 3 : explain SELECT c FROM sbtest3 WHERE id=6490242
	Index Scan using sbtest3_pkey on sbtest3  (cost=0.43..8.45 rows=1 width=121)
	  Index Cond: (id = 6490242)

table 4 : explain SELECT c FROM sbtest4 WHERE id=9989394
	Index Scan using sbtest4_pkey on sbtest4  (cost=0.43..8.45 rows=1 width=121)
	  Index Cond: (id = 9989394)

table 5 : explain SELECT c FROM sbtest5 WHERE id=9251528
	Index Scan using sbtest5_pkey on sbtest5  (cost=0.43..8.45 rows=1 width=121)
	  Index Cond: (id = 9251528)

table 6 : explain SELECT c FROM sbtest6 WHERE id=5903946
	Index Scan using sbtest6_pkey on sbtest6  (cost=0.43..8.45 rows=1 width=121)
	  Index Cond: (id = 5903946)

table 7 : explain SELECT c FROM sbtest7 WHERE id=4618022
	Index Scan using sbtest7_pkey on sbtest7  (cost=0.43..8.45 rows=1 width=121)
	  Index Cond: (id = 4618022)

table 8 : explain SELECT c FROM sbtest8 WHERE id=6483899
	Index Scan using sbtest8_pkey on sbtest8  (cost=0.43..8.45 rows=1 width=121)
	  Index Cond: (id = 6483899)

for point_selects
table 1 : explain SELECT c FROM sbtest1 WHERE id=9041231
	Index Scan using sbtest1_pkey on sbtest1  (cost=0.43..8.45 rows=1 width=121)
	  Index Cond: (id = 9041231)

table 2 : explain SELECT c FROM sbtest2 WHERE id=3220884
	Index Scan using sbtest2_pkey on sbtest2  (cost=0.43..8.45 rows=1 width=121)
	  Index Cond: (id = 3220884)

table 3 : explain SELECT c FROM sbtest3 WHERE id=5770418
	Index Scan using sbtest3_pkey on sbtest3  (cost=0.43..8.45 rows=1 width=121)
	  Index Cond: (id = 5770418)

table 4 : explain SELECT c FROM sbtest4 WHERE id=9099678
	Index Scan using sbtest4_pkey on sbtest4  (cost=0.43..8.45 rows=1 width=121)
	  Index Cond: (id = 9099678)

table 5 : explain SELECT c FROM sbtest5 WHERE id=4486554
	Index Scan using sbtest5_pkey on sbtest5  (cost=0.43..8.45 rows=1 width=121)
	  Index Cond: (id = 4486554)

table 6 : explain SELECT c FROM sbtest6 WHERE id=8219376
	Index Scan using sbtest6_pkey on sbtest6  (cost=0.43..8.45 rows=1 width=121)
	  Index Cond: (id = 8219376)

table 7 : explain SELECT c FROM sbtest7 WHERE id=1589623
	Index Scan using sbtest7_pkey on sbtest7  (cost=0.43..8.45 rows=1 width=121)
	  Index Cond: (id = 1589623)

table 8 : explain SELECT c FROM sbtest8 WHERE id=758777
	Index Scan using sbtest8_pkey on sbtest8  (cost=0.43..8.45 rows=1 width=121)
	  Index Cond: (id = 758777)

for: sum_ranges
table 1 : explain SELECT SUM(k) FROM sbtest1 WHERE id BETWEEN 2620355 AND 2621354
	Aggregate  (cost=3794.65..3794.66 rows=1 width=8)
	  ->  Bitmap Heap Scan on sbtest1  (cost=22.50..3792.20 rows=982 width=4)
	        Recheck Cond: ((id >= 2620355) AND (id <= 2621354))
	        ->  Bitmap Index Scan on sbtest1_pkey  (cost=0.00..22.25 rows=982 width=0)
	              Index Cond: ((id >= 2620355) AND (id <= 2621354))

table 2 : explain SELECT SUM(k) FROM sbtest2 WHERE id BETWEEN 4974549 AND 4975548
	Aggregate  (cost=3795.79..3795.80 rows=1 width=8)
	  ->  Bitmap Heap Scan on sbtest2  (cost=22.50..3793.34 rows=982 width=4)
	        Recheck Cond: ((id >= 4974549) AND (id <= 4975548))
	        ->  Bitmap Index Scan on sbtest2_pkey  (cost=0.00..22.25 rows=982 width=0)
	              Index Cond: ((id >= 4974549) AND (id <= 4975548))

table 3 : explain SELECT SUM(k) FROM sbtest3 WHERE id BETWEEN 3510022 AND 3511021
	Aggregate  (cost=3520.26..3520.27 rows=1 width=8)
	  ->  Bitmap Heap Scan on sbtest3  (cost=21.75..3517.98 rows=909 width=4)
	        Recheck Cond: ((id >= 3510022) AND (id <= 3511021))
	        ->  Bitmap Index Scan on sbtest3_pkey  (cost=0.00..21.52 rows=909 width=0)
	              Index Cond: ((id >= 3510022) AND (id <= 3511021))

table 4 : explain SELECT SUM(k) FROM sbtest4 WHERE id BETWEEN 1269729 AND 1270728
	Aggregate  (cost=4132.46..4132.47 rows=1 width=8)
	  ->  Bitmap Heap Scan on sbtest4  (cost=27.40..4129.79 rows=1070 width=4)
	        Recheck Cond: ((id >= 1269729) AND (id <= 1270728))
	        ->  Bitmap Index Scan on sbtest4_pkey  (cost=0.00..27.14 rows=1070 width=0)
	              Index Cond: ((id >= 1269729) AND (id <= 1270728))

table 5 : explain SELECT SUM(k) FROM sbtest5 WHERE id BETWEEN 4373565 AND 4374564
	Aggregate  (cost=3838.55..3838.56 rows=1 width=8)
	  ->  Bitmap Heap Scan on sbtest5  (cost=22.61..3836.06 rows=993 width=4)
	        Recheck Cond: ((id >= 4373565) AND (id <= 4374564))
	        ->  Bitmap Index Scan on sbtest5_pkey  (cost=0.00..22.36 rows=993 width=0)
	              Index Cond: ((id >= 4373565) AND (id <= 4374564))

table 6 : explain SELECT SUM(k) FROM sbtest6 WHERE id BETWEEN 3163590 AND 3164589
	Aggregate  (cost=3562.89..3562.90 rows=1 width=8)
	  ->  Bitmap Heap Scan on sbtest6  (cost=21.87..3560.59 rows=920 width=4)
	        Recheck Cond: ((id >= 3163590) AND (id <= 3164589))
	        ->  Bitmap Index Scan on sbtest6_pkey  (cost=0.00..21.64 rows=920 width=0)
	              Index Cond: ((id >= 3163590) AND (id <= 3164589))

table 7 : explain SELECT SUM(k) FROM sbtest7 WHERE id BETWEEN 5481316 AND 5482315
	Aggregate  (cost=3956.62..3956.63 rows=1 width=8)
	  ->  Bitmap Heap Scan on sbtest7  (cost=22.93..3954.06 rows=1024 width=4)
	        Recheck Cond: ((id >= 5481316) AND (id <= 5482315))
	        ->  Bitmap Index Scan on sbtest7_pkey  (cost=0.00..22.68 rows=1024 width=0)
	              Index Cond: ((id >= 5481316) AND (id <= 5482315))

table 8 : explain SELECT SUM(k) FROM sbtest8 WHERE id BETWEEN 1064669 AND 1065668
	Aggregate  (cost=3824.53..3824.54 rows=1 width=8)
	  ->  Bitmap Heap Scan on sbtest8  (cost=22.57..3822.06 rows=989 width=4)
	        Recheck Cond: ((id >= 1064669) AND (id <= 1065668))
	        ->  Bitmap Index Scan on sbtest8_pkey  (cost=0.00..22.32 rows=989 width=0)
	              Index Cond: ((id >= 1064669) AND (id <= 1065668))

for: sum_ranges
table 1 : explain SELECT SUM(k) FROM sbtest1 WHERE id BETWEEN 6416815 AND 6417814
	Aggregate  (cost=3836.11..3836.12 rows=1 width=8)
	  ->  Bitmap Heap Scan on sbtest1  (cost=22.61..3833.63 rows=993 width=4)
	        Recheck Cond: ((id >= 6416815) AND (id <= 6417814))
	        ->  Bitmap Index Scan on sbtest1_pkey  (cost=0.00..22.36 rows=993 width=0)
	              Index Cond: ((id >= 6416815) AND (id <= 6417814))

table 2 : explain SELECT SUM(k) FROM sbtest2 WHERE id BETWEEN 3411978 AND 3412977
	Aggregate  (cost=3886.26..3886.27 rows=1 width=8)
	  ->  Bitmap Heap Scan on sbtest2  (cost=22.75..3883.74 rows=1006 width=4)
	        Recheck Cond: ((id >= 3411978) AND (id <= 3412977))
	        ->  Bitmap Index Scan on sbtest2_pkey  (cost=0.00..22.50 rows=1006 width=0)
	              Index Cond: ((id >= 3411978) AND (id <= 3412977))

table 3 : explain SELECT SUM(k) FROM sbtest3 WHERE id BETWEEN 4932551 AND 4933550
	Aggregate  (cost=3799.68..3799.69 rows=1 width=8)
	  ->  Bitmap Heap Scan on sbtest3  (cost=22.51..3797.22 rows=983 width=4)
	        Recheck Cond: ((id >= 4932551) AND (id <= 4933550))
	        ->  Bitmap Index Scan on sbtest3_pkey  (cost=0.00..22.26 rows=983 width=0)
	              Index Cond: ((id >= 4932551) AND (id <= 4933550))

table 4 : explain SELECT SUM(k) FROM sbtest4 WHERE id BETWEEN 194572 AND 195571
	Aggregate  (cost=4008.03..4008.04 rows=1 width=8)
	  ->  Bitmap Heap Scan on sbtest4  (cost=23.07..4005.43 rows=1038 width=4)
	        Recheck Cond: ((id >= 194572) AND (id <= 195571))
	        ->  Bitmap Index Scan on sbtest4_pkey  (cost=0.00..22.82 rows=1038 width=0)
	              Index Cond: ((id >= 194572) AND (id <= 195571))

table 5 : explain SELECT SUM(k) FROM sbtest5 WHERE id BETWEEN 3610480 AND 3611479
	Aggregate  (cost=3853.63..3853.64 rows=1 width=8)
	  ->  Bitmap Heap Scan on sbtest5  (cost=22.65..3851.14 rows=997 width=4)
	        Recheck Cond: ((id >= 3610480) AND (id <= 3611479))
	        ->  Bitmap Index Scan on sbtest5_pkey  (cost=0.00..22.40 rows=997 width=0)
	              Index Cond: ((id >= 3610480) AND (id <= 3611479))

table 6 : explain SELECT SUM(k) FROM sbtest6 WHERE id BETWEEN 1833420 AND 1834419
	Aggregate  (cost=3812.16..3812.17 rows=1 width=8)
	  ->  Bitmap Heap Scan on sbtest6  (cost=22.54..3809.69 rows=986 width=4)
	        Recheck Cond: ((id >= 1833420) AND (id <= 1834419))
	        ->  Bitmap Index Scan on sbtest6_pkey  (cost=0.00..22.29 rows=986 width=0)
	              Index Cond: ((id >= 1833420) AND (id <= 1834419))

table 7 : explain SELECT SUM(k) FROM sbtest7 WHERE id BETWEEN 6007524 AND 6008523
	Aggregate  (cost=3465.51..3465.52 rows=1 width=8)
	  ->  Bitmap Heap Scan on sbtest7  (cost=21.60..3463.28 rows=894 width=4)
	        Recheck Cond: ((id >= 6007524) AND (id <= 6008523))
	        ->  Bitmap Index Scan on sbtest7_pkey  (cost=0.00..21.37 rows=894 width=0)
	              Index Cond: ((id >= 6007524) AND (id <= 6008523))

table 8 : explain SELECT SUM(k) FROM sbtest8 WHERE id BETWEEN 6465953 AND 6466952
	Aggregate  (cost=3786.79..3786.80 rows=1 width=8)
	  ->  Bitmap Heap Scan on sbtest8  (cost=22.47..3784.34 rows=979 width=4)
	        Recheck Cond: ((id >= 6465953) AND (id <= 6466952))
	        ->  Bitmap Index Scan on sbtest8_pkey  (cost=0.00..22.22 rows=979 width=0)
	              Index Cond: ((id >= 6465953) AND (id <= 6466952))

for: sum_ranges
table 1 : explain SELECT SUM(k) FROM sbtest1 WHERE id BETWEEN 2273225 AND 2274224
	Aggregate  (cost=3809.73..3809.74 rows=1 width=8)
	  ->  Bitmap Heap Scan on sbtest1  (cost=22.54..3807.27 rows=986 width=4)
	        Recheck Cond: ((id >= 2273225) AND (id <= 2274224))
	        ->  Bitmap Index Scan on sbtest1_pkey  (cost=0.00..22.29 rows=986 width=0)
	              Index Cond: ((id >= 2273225) AND (id <= 2274224))

table 2 : explain SELECT SUM(k) FROM sbtest2 WHERE id BETWEEN 8112163 AND 8113162
	Aggregate  (cost=4055.68..4055.69 rows=1 width=8)
	  ->  Bitmap Heap Scan on sbtest2  (cost=23.21..4053.06 rows=1051 width=4)
	        Recheck Cond: ((id >= 8112163) AND (id <= 8113162))
	        ->  Bitmap Index Scan on sbtest2_pkey  (cost=0.00..22.94 rows=1051 width=0)
	              Index Cond: ((id >= 8112163) AND (id <= 8113162))

table 3 : explain SELECT SUM(k) FROM sbtest3 WHERE id BETWEEN 296916 AND 297915
	Aggregate  (cost=3648.73..3648.74 rows=1 width=8)
	  ->  Bitmap Heap Scan on sbtest3  (cost=22.10..3646.37 rows=943 width=4)
	        Recheck Cond: ((id >= 296916) AND (id <= 297915))
	        ->  Bitmap Index Scan on sbtest3_pkey  (cost=0.00..21.86 rows=943 width=0)
	              Index Cond: ((id >= 296916) AND (id <= 297915))

table 4 : explain SELECT SUM(k) FROM sbtest4 WHERE id BETWEEN 9394817 AND 9395816
	Aggregate  (cost=3604.37..3604.38 rows=1 width=8)
	  ->  Bitmap Heap Scan on sbtest4  (cost=21.98..3602.04 rows=931 width=4)
	        Recheck Cond: ((id >= 9394817) AND (id <= 9395816))
	        ->  Bitmap Index Scan on sbtest4_pkey  (cost=0.00..21.75 rows=931 width=0)
	              Index Cond: ((id >= 9394817) AND (id <= 9395816))

table 5 : explain SELECT SUM(k) FROM sbtest5 WHERE id BETWEEN 2646150 AND 2647149
	Aggregate  (cost=3596.90..3596.91 rows=1 width=8)
	  ->  Bitmap Heap Scan on sbtest5  (cost=21.96..3594.58 rows=929 width=4)
	        Recheck Cond: ((id >= 2646150) AND (id <= 2647149))
	        ->  Bitmap Index Scan on sbtest5_pkey  (cost=0.00..21.72 rows=929 width=0)
	              Index Cond: ((id >= 2646150) AND (id <= 2647149))

table 6 : explain SELECT SUM(k) FROM sbtest6 WHERE id BETWEEN 2871500 AND 2872499
	Aggregate  (cost=3778.20..3778.21 rows=1 width=8)
	  ->  Bitmap Heap Scan on sbtest6  (cost=22.45..3775.76 rows=977 width=4)
	        Recheck Cond: ((id >= 2871500) AND (id <= 2872499))
	        ->  Bitmap Index Scan on sbtest6_pkey  (cost=0.00..22.20 rows=977 width=0)
	              Index Cond: ((id >= 2871500) AND (id <= 2872499))

table 7 : explain SELECT SUM(k) FROM sbtest7 WHERE id BETWEEN 5628030 AND 5629029
	Aggregate  (cost=3918.92..3918.93 rows=1 width=8)
	  ->  Bitmap Heap Scan on sbtest7  (cost=22.83..3916.38 rows=1014 width=4)
	        Recheck Cond: ((id >= 5628030) AND (id <= 5629029))
	        ->  Bitmap Index Scan on sbtest7_pkey  (cost=0.00..22.57 rows=1014 width=0)
	              Index Cond: ((id >= 5628030) AND (id <= 5629029))

table 8 : explain SELECT SUM(k) FROM sbtest8 WHERE id BETWEEN 4917607 AND 4918606
	Aggregate  (cost=3382.11..3382.12 rows=1 width=8)
	  ->  Bitmap Heap Scan on sbtest8  (cost=21.37..3379.93 rows=872 width=4)
	        Recheck Cond: ((id >= 4917607) AND (id <= 4918606))
	        ->  Bitmap Index Scan on sbtest8_pkey  (cost=0.00..21.15 rows=872 width=0)
	              Index Cond: ((id >= 4917607) AND (id <= 4918606))

for: simple_ranges
table 1 : explain SELECT c FROM sbtest1 WHERE id BETWEEN 3635757 AND 3636756
	Bitmap Heap Scan on sbtest1  (cost=22.55..3811.03 rows=987 width=121)
	  Recheck Cond: ((id >= 3635757) AND (id <= 3636756))
	  ->  Bitmap Index Scan on sbtest1_pkey  (cost=0.00..22.30 rows=987 width=0)
	        Index Cond: ((id >= 3635757) AND (id <= 3636756))

table 2 : explain SELECT c FROM sbtest2 WHERE id BETWEEN 2543995 AND 2544994
	Bitmap Heap Scan on sbtest2  (cost=22.22..3691.54 rows=955 width=121)
	  Recheck Cond: ((id >= 2543995) AND (id <= 2544994))
	  ->  Bitmap Index Scan on sbtest2_pkey  (cost=0.00..21.98 rows=955 width=0)
	        Index Cond: ((id >= 2543995) AND (id <= 2544994))

table 3 : explain SELECT c FROM sbtest3 WHERE id BETWEEN 5157562 AND 5158561
	Bitmap Heap Scan on sbtest3  (cost=23.41..4128.36 rows=1071 width=121)
	  Recheck Cond: ((id >= 5157562) AND (id <= 5158561))
	  ->  Bitmap Index Scan on sbtest3_pkey  (cost=0.00..23.14 rows=1071 width=0)
	        Index Cond: ((id >= 5157562) AND (id <= 5158561))

table 4 : explain SELECT c FROM sbtest4 WHERE id BETWEEN 1544235 AND 1545234
	Bitmap Heap Scan on sbtest4  (cost=22.57..3820.89 rows=989 width=121)
	  Recheck Cond: ((id >= 1544235) AND (id <= 1545234))
	  ->  Bitmap Index Scan on sbtest4_pkey  (cost=0.00..22.32 rows=989 width=0)
	        Index Cond: ((id >= 1544235) AND (id <= 1545234))

table 5 : explain SELECT c FROM sbtest5 WHERE id BETWEEN 8052503 AND 8053502
	Bitmap Heap Scan on sbtest5  (cost=22.95..3960.37 rows=1026 width=121)
	  Recheck Cond: ((id >= 8052503) AND (id <= 8053502))
	  ->  Bitmap Index Scan on sbtest5_pkey  (cost=0.00..22.69 rows=1026 width=0)
	        Index Cond: ((id >= 8052503) AND (id <= 8053502))

table 6 : explain SELECT c FROM sbtest6 WHERE id BETWEEN 677465 AND 678464
	Bitmap Heap Scan on sbtest6  (cost=22.05..3628.59 rows=938 width=121)
	  Recheck Cond: ((id >= 677465) AND (id <= 678464))
	  ->  Bitmap Index Scan on sbtest6_pkey  (cost=0.00..21.82 rows=938 width=0)
	        Index Cond: ((id >= 677465) AND (id <= 678464))

table 7 : explain SELECT c FROM sbtest7 WHERE id BETWEEN 28126 AND 29125
	Bitmap Heap Scan on sbtest7  (cost=21.95..3591.85 rows=928 width=121)
	  Recheck Cond: ((id >= 28126) AND (id <= 29125))
	  ->  Bitmap Index Scan on sbtest7_pkey  (cost=0.00..21.71 rows=928 width=0)
	        Index Cond: ((id >= 28126) AND (id <= 29125))

table 8 : explain SELECT c FROM sbtest8 WHERE id BETWEEN 3856059 AND 3857058
	Bitmap Heap Scan on sbtest8  (cost=21.71..3504.82 rows=905 width=121)
	  Recheck Cond: ((id >= 3856059) AND (id <= 3857058))
	  ->  Bitmap Index Scan on sbtest8_pkey  (cost=0.00..21.48 rows=905 width=0)
	        Index Cond: ((id >= 3856059) AND (id <= 3857058))

for: simple_ranges
table 1 : explain SELECT c FROM sbtest1 WHERE id BETWEEN 6038924 AND 6039923
	Bitmap Heap Scan on sbtest1  (cost=22.63..3841.16 rows=995 width=121)
	  Recheck Cond: ((id >= 6038924) AND (id <= 6039923))
	  ->  Bitmap Index Scan on sbtest1_pkey  (cost=0.00..22.39 rows=995 width=0)
	        Index Cond: ((id >= 6038924) AND (id <= 6039923))

table 2 : explain SELECT c FROM sbtest2 WHERE id BETWEEN 8250750 AND 8251749
	Bitmap Heap Scan on sbtest2  (cost=22.50..3793.34 rows=982 width=121)
	  Recheck Cond: ((id >= 8250750) AND (id <= 8251749))
	  ->  Bitmap Index Scan on sbtest2_pkey  (cost=0.00..22.25 rows=982 width=0)
	        Index Cond: ((id >= 8250750) AND (id <= 8251749))

table 3 : explain SELECT c FROM sbtest3 WHERE id BETWEEN 8947279 AND 8948278
	Bitmap Heap Scan on sbtest3  (cost=22.62..3838.67 rows=994 width=121)
	  Recheck Cond: ((id >= 8947279) AND (id <= 8948278))
	  ->  Bitmap Index Scan on sbtest3_pkey  (cost=0.00..22.37 rows=994 width=0)
	        Index Cond: ((id >= 8947279) AND (id <= 8948278))

table 4 : explain SELECT c FROM sbtest4 WHERE id BETWEEN 356519 AND 357518
	Bitmap Heap Scan on sbtest4  (cost=23.13..4024.25 rows=1043 width=121)
	  Recheck Cond: ((id >= 356519) AND (id <= 357518))
	  ->  Bitmap Index Scan on sbtest4_pkey  (cost=0.00..22.86 rows=1043 width=0)
	        Index Cond: ((id >= 356519) AND (id <= 357518))

table 5 : explain SELECT c FROM sbtest5 WHERE id BETWEEN 7968786 AND 7969785
	Bitmap Heap Scan on sbtest5  (cost=22.96..3964.14 rows=1027 width=121)
	  Recheck Cond: ((id >= 7968786) AND (id <= 7969785))
	  ->  Bitmap Index Scan on sbtest5_pkey  (cost=0.00..22.70 rows=1027 width=0)
	        Index Cond: ((id >= 7968786) AND (id <= 7969785))

table 6 : explain SELECT c FROM sbtest6 WHERE id BETWEEN 5571385 AND 5572384
	Bitmap Heap Scan on sbtest6  (cost=22.84..3918.97 rows=1015 width=121)
	  Recheck Cond: ((id >= 5571385) AND (id <= 5572384))
	  ->  Bitmap Index Scan on sbtest6_pkey  (cost=0.00..22.58 rows=1015 width=0)
	        Index Cond: ((id >= 5571385) AND (id <= 5572384))

table 7 : explain SELECT c FROM sbtest7 WHERE id BETWEEN 6291299 AND 6292298
	Bitmap Heap Scan on sbtest7  (cost=22.27..3712.72 rows=960 width=121)
	  Recheck Cond: ((id >= 6291299) AND (id <= 6292298))
	  ->  Bitmap Index Scan on sbtest7_pkey  (cost=0.00..22.04 rows=960 width=0)
	        Index Cond: ((id >= 6291299) AND (id <= 6292298))

table 8 : explain SELECT c FROM sbtest8 WHERE id BETWEEN 7933654 AND 7934653
	Bitmap Heap Scan on sbtest8  (cost=27.49..4164.95 rows=1079 width=121)
	  Recheck Cond: ((id >= 7933654) AND (id <= 7934653))
	  ->  Bitmap Index Scan on sbtest8_pkey  (cost=0.00..27.22 rows=1079 width=0)
	        Index Cond: ((id >= 7933654) AND (id <= 7934653))

explain: for point_selects :: explain SELECT c FROM sbtest%u WHERE id=%u
for: order_ranges
table 1 : explain SELECT c FROM sbtest1 WHERE id BETWEEN 8615721 AND 8616720 ORDER BY c
	Sort  (cost=3925.09..3927.60 rows=1004 width=121)
	  Sort Key: c
	  ->  Bitmap Heap Scan on sbtest1  (cost=22.73..3875.04 rows=1004 width=121)
	        Recheck Cond: ((id >= 8615721) AND (id <= 8616720))
	        ->  Bitmap Index Scan on sbtest1_pkey  (cost=0.00..22.47 rows=1004 width=0)
	              Index Cond: ((id >= 8615721) AND (id <= 8616720))

table 2 : explain SELECT c FROM sbtest2 WHERE id BETWEEN 8556299 AND 8557298 ORDER BY c
	Sort  (cost=3937.74..3940.25 rows=1007 width=121)
	  Sort Key: c
	  ->  Bitmap Heap Scan on sbtest2  (cost=22.76..3887.51 rows=1007 width=121)
	        Recheck Cond: ((id >= 8556299) AND (id <= 8557298))
	        ->  Bitmap Index Scan on sbtest2_pkey  (cost=0.00..22.50 rows=1007 width=0)
	              Index Cond: ((id >= 8556299) AND (id <= 8557298))

table 3 : explain SELECT c FROM sbtest3 WHERE id BETWEEN 7531058 AND 7532057 ORDER BY c
	Sort  (cost=3968.43..3970.97 rows=1015 width=121)
	  Sort Key: c
	  ->  Bitmap Heap Scan on sbtest3  (cost=22.84..3917.75 rows=1015 width=121)
	        Recheck Cond: ((id >= 7531058) AND (id <= 7532057))
	        ->  Bitmap Index Scan on sbtest3_pkey  (cost=0.00..22.58 rows=1015 width=0)
	              Index Cond: ((id >= 7531058) AND (id <= 7532057))

table 4 : explain SELECT c FROM sbtest4 WHERE id BETWEEN 5095921 AND 5096920 ORDER BY c
	Sort  (cost=4091.81..4094.43 rows=1047 width=121)
	  Sort Key: c
	  ->  Bitmap Heap Scan on sbtest4  (cost=23.17..4039.30 rows=1047 width=121)
	        Recheck Cond: ((id >= 5095921) AND (id <= 5096920))
	        ->  Bitmap Index Scan on sbtest4_pkey  (cost=0.00..22.90 rows=1047 width=0)
	              Index Cond: ((id >= 5095921) AND (id <= 5096920))

table 5 : explain SELECT c FROM sbtest5 WHERE id BETWEEN 9982055 AND 9983054 ORDER BY c
	Sort  (cost=4049.90..4052.49 rows=1036 width=121)
	  Sort Key: c
	  ->  Bitmap Heap Scan on sbtest5  (cost=23.05..3998.01 rows=1036 width=121)
	        Recheck Cond: ((id >= 9982055) AND (id <= 9983054))
	        ->  Bitmap Index Scan on sbtest5_pkey  (cost=0.00..22.79 rows=1036 width=0)
	              Index Cond: ((id >= 9982055) AND (id <= 9983054))

table 6 : explain SELECT c FROM sbtest6 WHERE id BETWEEN 7295137 AND 7296136 ORDER BY c
	Sort  (cost=4042.28..4044.86 rows=1034 width=121)
	  Sort Key: c
	  ->  Bitmap Heap Scan on sbtest6  (cost=23.03..3990.50 rows=1034 width=121)
	        Recheck Cond: ((id >= 7295137) AND (id <= 7296136))
	        ->  Bitmap Index Scan on sbtest6_pkey  (cost=0.00..22.77 rows=1034 width=0)
	              Index Cond: ((id >= 7295137) AND (id <= 7296136))

table 7 : explain SELECT c FROM sbtest7 WHERE id BETWEEN 5362884 AND 5363883 ORDER BY c
	Sort  (cost=3840.71..3843.17 rows=981 width=121)
	  Sort Key: c
	  ->  Bitmap Heap Scan on sbtest7  (cost=22.49..3791.97 rows=981 width=121)
	        Recheck Cond: ((id >= 5362884) AND (id <= 5363883))
	        ->  Bitmap Index Scan on sbtest7_pkey  (cost=0.00..22.25 rows=981 width=0)
	              Index Cond: ((id >= 5362884) AND (id <= 5363883))

table 8 : explain SELECT c FROM sbtest8 WHERE id BETWEEN 3925006 AND 3926005 ORDER BY c
	Sort  (cost=4016.82..4019.39 rows=1026 width=121)
	  Sort Key: c
	  ->  Bitmap Heap Scan on sbtest8  (cost=26.95..3965.51 rows=1026 width=121)
	        Recheck Cond: ((id >= 3925006) AND (id <= 3926005))
	        ->  Bitmap Index Scan on sbtest8_pkey  (cost=0.00..26.69 rows=1026 width=0)
	              Index Cond: ((id >= 3925006) AND (id <= 3926005))

for: order_ranges
table 1 : explain SELECT c FROM sbtest1 WHERE id BETWEEN 7116845 AND 7117844 ORDER BY c
	Sort  (cost=4093.10..4095.72 rows=1048 width=121)
	  Sort Key: c
	  ->  Bitmap Heap Scan on sbtest1  (cost=23.18..4040.52 rows=1048 width=121)
	        Recheck Cond: ((id >= 7116845) AND (id <= 7117844))
	        ->  Bitmap Index Scan on sbtest1_pkey  (cost=0.00..22.91 rows=1048 width=0)
	              Index Cond: ((id >= 7116845) AND (id <= 7117844))

table 2 : explain SELECT c FROM sbtest2 WHERE id BETWEEN 9775112 AND 9776111 ORDER BY c
	Sort  (cost=3891.86..3894.35 rows=995 width=121)
	  Sort Key: c
	  ->  Bitmap Heap Scan on sbtest2  (cost=22.63..3842.31 rows=995 width=121)
	        Recheck Cond: ((id >= 9775112) AND (id <= 9776111))
	        ->  Bitmap Index Scan on sbtest2_pkey  (cost=0.00..22.39 rows=995 width=0)
	              Index Cond: ((id >= 9775112) AND (id <= 9776111))

table 3 : explain SELECT c FROM sbtest3 WHERE id BETWEEN 1932945 AND 1933944 ORDER BY c
	Sort  (cost=3842.25..3844.71 rows=982 width=121)
	  Sort Key: c
	  ->  Bitmap Heap Scan on sbtest3  (cost=22.50..3793.45 rows=982 width=121)
	        Recheck Cond: ((id >= 1932945) AND (id <= 1933944))
	        ->  Bitmap Index Scan on sbtest3_pkey  (cost=0.00..22.25 rows=982 width=0)
	              Index Cond: ((id >= 1932945) AND (id <= 1933944))

table 4 : explain SELECT c FROM sbtest4 WHERE id BETWEEN 4022012 AND 4023011 ORDER BY c
	Sort  (cost=4145.46..4148.11 rows=1060 width=121)
	  Sort Key: c
	  ->  Bitmap Heap Scan on sbtest4  (cost=27.30..4092.19 rows=1060 width=121)
	        Recheck Cond: ((id >= 4022012) AND (id <= 4023011))
	        ->  Bitmap Index Scan on sbtest4_pkey  (cost=0.00..27.04 rows=1060 width=0)
	              Index Cond: ((id >= 4022012) AND (id <= 4023011))

table 5 : explain SELECT c FROM sbtest5 WHERE id BETWEEN 1112294 AND 1113293 ORDER BY c
	Sort  (cost=3877.84..3880.32 rows=991 width=121)
	  Sort Key: c
	  ->  Bitmap Heap Scan on sbtest5  (cost=22.59..3828.52 rows=991 width=121)
	        Recheck Cond: ((id >= 1112294) AND (id <= 1113293))
	        ->  Bitmap Index Scan on sbtest5_pkey  (cost=0.00..22.34 rows=991 width=0)
	              Index Cond: ((id >= 1112294) AND (id <= 1113293))

table 6 : explain SELECT c FROM sbtest6 WHERE id BETWEEN 2892255 AND 2893254 ORDER BY c
	Sort  (cost=3824.28..3826.72 rows=977 width=121)
	  Sort Key: c
	  ->  Bitmap Heap Scan on sbtest6  (cost=22.45..3775.76 rows=977 width=121)
	        Recheck Cond: ((id >= 2892255) AND (id <= 2893254))
	        ->  Bitmap Index Scan on sbtest6_pkey  (cost=0.00..22.20 rows=977 width=0)
	              Index Cond: ((id >= 2892255) AND (id <= 2893254))

table 7 : explain SELECT c FROM sbtest7 WHERE id BETWEEN 2977994 AND 2978993 ORDER BY c
	Sort  (cost=4223.22..4225.92 rows=1080 width=121)
	  Sort Key: c
	  ->  Bitmap Heap Scan on sbtest7  (cost=27.50..4168.81 rows=1080 width=121)
	        Recheck Cond: ((id >= 2977994) AND (id <= 2978993))
	        ->  Bitmap Index Scan on sbtest7_pkey  (cost=0.00..27.23 rows=1080 width=0)
	              Index Cond: ((id >= 2977994) AND (id <= 2978993))

table 8 : explain SELECT c FROM sbtest8 WHERE id BETWEEN 3147987 AND 3148986 ORDER BY c
	Sort  (cost=3825.31..3827.76 rows=977 width=121)
	  Sort Key: c
	  ->  Bitmap Heap Scan on sbtest8  (cost=22.45..3776.80 rows=977 width=121)
	        Recheck Cond: ((id >= 3147987) AND (id <= 3148986))
	        ->  Bitmap Index Scan on sbtest8_pkey  (cost=0.00..22.20 rows=977 width=0)
	              Index Cond: ((id >= 3147987) AND (id <= 3148986))

explain: for point_selects :: explain SELECT c FROM sbtest%u WHERE id=%u
for: order_ranges
table 1 : explain SELECT c FROM sbtest1 WHERE id BETWEEN 2024170 AND 2025169 ORDER BY c
	Sort  (cost=3863.94..3866.41 rows=988 width=121)
	  Sort Key: c
	  ->  Bitmap Heap Scan on sbtest1  (cost=22.56..3814.80 rows=988 width=121)
	        Recheck Cond: ((id >= 2024170) AND (id <= 2025169))
	        ->  Bitmap Index Scan on sbtest1_pkey  (cost=0.00..22.32 rows=988 width=0)
	              Index Cond: ((id >= 2024170) AND (id <= 2025169))

table 2 : explain SELECT c FROM sbtest2 WHERE id BETWEEN 6003621 AND 6004620 ORDER BY c
	Sort  (cost=3635.38..3637.70 rows=928 width=121)
	  Sort Key: c
	  ->  Bitmap Heap Scan on sbtest2  (cost=21.95..3589.64 rows=928 width=121)
	        Recheck Cond: ((id >= 6003621) AND (id <= 6004620))
	        ->  Bitmap Index Scan on sbtest2_pkey  (cost=0.00..21.71 rows=928 width=0)
	              Index Cond: ((id >= 6003621) AND (id <= 6004620))

table 3 : explain SELECT c FROM sbtest3 WHERE id BETWEEN 5928827 AND 5929826 ORDER BY c
	Sort  (cost=3869.03..3871.50 rows=989 width=121)
	  Sort Key: c
	  ->  Bitmap Heap Scan on sbtest3  (cost=22.57..3819.83 rows=989 width=121)
	        Recheck Cond: ((id >= 5928827) AND (id <= 5929826))
	        ->  Bitmap Index Scan on sbtest3_pkey  (cost=0.00..22.32 rows=989 width=0)
	              Index Cond: ((id >= 5928827) AND (id <= 5929826))

table 4 : explain SELECT c FROM sbtest4 WHERE id BETWEEN 65663 AND 66662 ORDER BY c
	Sort  (cost=3739.92..3742.31 rows=955 width=121)
	  Sort Key: c
	  ->  Bitmap Heap Scan on sbtest4  (cost=22.22..3692.65 rows=955 width=121)
	        Recheck Cond: ((id >= 65663) AND (id <= 66662))
	        ->  Bitmap Index Scan on sbtest4_pkey  (cost=0.00..21.98 rows=955 width=0)
	              Index Cond: ((id >= 65663) AND (id <= 66662))

table 5 : explain SELECT c FROM sbtest5 WHERE id BETWEEN 279656 AND 280655 ORDER BY c
	Sort  (cost=3525.30..3527.55 rows=899 width=121)
	  Sort Key: c
	  ->  Bitmap Heap Scan on sbtest5  (cost=21.65..3481.19 rows=899 width=121)
	        Recheck Cond: ((id >= 279656) AND (id <= 280655))
	        ->  Bitmap Index Scan on sbtest5_pkey  (cost=0.00..21.43 rows=899 width=0)
	              Index Cond: ((id >= 279656) AND (id <= 280655))

table 6 : explain SELECT c FROM sbtest6 WHERE id BETWEEN 8576088 AND 8577087 ORDER BY c
	Sort  (cost=4260.07..4262.80 rows=1090 width=121)
	  Sort Key: c
	  ->  Bitmap Heap Scan on sbtest6  (cost=27.61..4205.08 rows=1090 width=121)
	        Recheck Cond: ((id >= 8576088) AND (id <= 8577087))
	        ->  Bitmap Index Scan on sbtest6_pkey  (cost=0.00..27.33 rows=1090 width=0)
	              Index Cond: ((id >= 8576088) AND (id <= 8577087))

table 7 : explain SELECT c FROM sbtest7 WHERE id BETWEEN 2478396 AND 2479395 ORDER BY c
	Sort  (cost=4200.31..4203.00 rows=1074 width=121)
	  Sort Key: c
	  ->  Bitmap Heap Scan on sbtest7  (cost=27.44..4146.24 rows=1074 width=121)
	        Recheck Cond: ((id >= 2478396) AND (id <= 2479395))
	        ->  Bitmap Index Scan on sbtest7_pkey  (cost=0.00..27.18 rows=1074 width=0)
	              Index Cond: ((id >= 2478396) AND (id <= 2479395))

table 8 : explain SELECT c FROM sbtest8 WHERE id BETWEEN 5014822 AND 5015821 ORDER BY c
	Sort  (cost=3959.45..3961.98 rows=1011 width=121)
	  Sort Key: c
	  ->  Bitmap Heap Scan on sbtest8  (cost=26.80..3908.99 rows=1011 width=121)
	        Recheck Cond: ((id >= 5014822) AND (id <= 5015821))
	        ->  Bitmap Index Scan on sbtest8_pkey  (cost=0.00..26.54 rows=1011 width=0)
	              Index Cond: ((id >= 5014822) AND (id <= 5015821))

for: sum_ranges
table 1 : explain SELECT SUM(k) FROM sbtest1 WHERE id BETWEEN 4151266 AND 4152265
	Aggregate  (cost=3907.67..3907.68 rows=1 width=8)
	  ->  Bitmap Heap Scan on sbtest1  (cost=22.81..3905.14 rows=1012 width=4)
	        Recheck Cond: ((id >= 4151266) AND (id <= 4152265))
	        ->  Bitmap Index Scan on sbtest1_pkey  (cost=0.00..22.55 rows=1012 width=0)
	              Index Cond: ((id >= 4151266) AND (id <= 4152265))

table 2 : explain SELECT SUM(k) FROM sbtest2 WHERE id BETWEEN 3552764 AND 3553763
	Aggregate  (cost=4104.58..4104.59 rows=1 width=8)
	  ->  Bitmap Heap Scan on sbtest2  (cost=23.34..4101.92 rows=1064 width=4)
	        Recheck Cond: ((id >= 3552764) AND (id <= 3553763))
	        ->  Bitmap Index Scan on sbtest2_pkey  (cost=0.00..23.07 rows=1064 width=0)
	              Index Cond: ((id >= 3552764) AND (id <= 3553763))

table 3 : explain SELECT SUM(k) FROM sbtest3 WHERE id BETWEEN 7827188 AND 7828187
	Aggregate  (cost=3743.10..3743.11 rows=1 width=8)
	  ->  Bitmap Heap Scan on sbtest3  (cost=22.36..3740.68 rows=968 width=4)
	        Recheck Cond: ((id >= 7827188) AND (id <= 7828187))
	        ->  Bitmap Index Scan on sbtest3_pkey  (cost=0.00..22.11 rows=968 width=0)
	              Index Cond: ((id >= 7827188) AND (id <= 7828187))

table 4 : explain SELECT SUM(k) FROM sbtest4 WHERE id BETWEEN 5096006 AND 5097005
	Aggregate  (cost=4041.91..4041.92 rows=1 width=8)
	  ->  Bitmap Heap Scan on sbtest4  (cost=23.17..4039.30 rows=1047 width=4)
	        Recheck Cond: ((id >= 5096006) AND (id <= 5097005))
	        ->  Bitmap Index Scan on sbtest4_pkey  (cost=0.00..22.90 rows=1047 width=0)
	              Index Cond: ((id >= 5096006) AND (id <= 5097005))

table 5 : explain SELECT SUM(k) FROM sbtest5 WHERE id BETWEEN 6847669 AND 6848668
	Aggregate  (cost=3755.54..3755.55 rows=1 width=8)
	  ->  Bitmap Heap Scan on sbtest5  (cost=22.39..3753.11 rows=971 width=4)
	        Recheck Cond: ((id >= 6847669) AND (id <= 6848668))
	        ->  Bitmap Index Scan on sbtest5_pkey  (cost=0.00..22.14 rows=971 width=0)
	              Index Cond: ((id >= 6847669) AND (id <= 6848668))

table 6 : explain SELECT SUM(k) FROM sbtest6 WHERE id BETWEEN 7815550 AND 7816549
	Aggregate  (cost=3646.04..3646.05 rows=1 width=8)
	  ->  Bitmap Heap Scan on sbtest6  (cost=22.09..3643.69 rows=942 width=4)
	        Recheck Cond: ((id >= 7815550) AND (id <= 7816549))
	        ->  Bitmap Index Scan on sbtest6_pkey  (cost=0.00..21.86 rows=942 width=0)
	              Index Cond: ((id >= 7815550) AND (id <= 7816549))

table 7 : explain SELECT SUM(k) FROM sbtest7 WHERE id BETWEEN 216259 AND 217258
	Aggregate  (cost=4299.38..4299.39 rows=1 width=8)
	  ->  Bitmap Heap Scan on sbtest7  (cost=27.86..4296.60 rows=1115 width=4)
	        Recheck Cond: ((id >= 216259) AND (id <= 217258))
	        ->  Bitmap Index Scan on sbtest7_pkey  (cost=0.00..27.58 rows=1115 width=0)
	              Index Cond: ((id >= 216259) AND (id <= 217258))

table 8 : explain SELECT SUM(k) FROM sbtest8 WHERE id BETWEEN 4905198 AND 4906197
	Aggregate  (cost=3382.11..3382.12 rows=1 width=8)
	  ->  Bitmap Heap Scan on sbtest8  (cost=21.37..3379.93 rows=872 width=4)
	        Recheck Cond: ((id >= 4905198) AND (id <= 4906197))
	        ->  Bitmap Index Scan on sbtest8_pkey  (cost=0.00..21.15 rows=872 width=0)
	              Index Cond: ((id >= 4905198) AND (id <= 4906197))

for: sum_ranges
table 1 : explain SELECT SUM(k) FROM sbtest1 WHERE id BETWEEN 6000366 AND 6001365
	Aggregate  (cost=3971.67..3971.68 rows=1 width=8)
	  ->  Bitmap Heap Scan on sbtest1  (cost=22.98..3969.09 rows=1029 width=4)
	        Recheck Cond: ((id >= 6000366) AND (id <= 6001365))
	        ->  Bitmap Index Scan on sbtest1_pkey  (cost=0.00..22.72 rows=1029 width=0)
	              Index Cond: ((id >= 6000366) AND (id <= 6001365))

table 2 : explain SELECT SUM(k) FROM sbtest2 WHERE id BETWEEN 6802664 AND 6803663
	Aggregate  (cost=4044.40..4044.41 rows=1 width=8)
	  ->  Bitmap Heap Scan on sbtest2  (cost=23.18..4041.78 rows=1048 width=4)
	        Recheck Cond: ((id >= 6802664) AND (id <= 6803663))
	        ->  Bitmap Index Scan on sbtest2_pkey  (cost=0.00..22.91 rows=1048 width=0)
	              Index Cond: ((id >= 6802664) AND (id <= 6803663))

table 3 : explain SELECT SUM(k) FROM sbtest3 WHERE id BETWEEN 6505060 AND 6506059
	Aggregate  (cost=3784.59..3784.60 rows=1 width=8)
	  ->  Bitmap Heap Scan on sbtest3  (cost=22.47..3782.14 rows=979 width=4)
	        Recheck Cond: ((id >= 6505060) AND (id <= 6506059))
	        ->  Bitmap Index Scan on sbtest3_pkey  (cost=0.00..22.22 rows=979 width=0)
	              Index Cond: ((id >= 6505060) AND (id <= 6506059))

table 4 : explain SELECT SUM(k) FROM sbtest4 WHERE id BETWEEN 8813146 AND 8814145
	Aggregate  (cost=4260.29..4260.30 rows=1 width=8)
	  ->  Bitmap Heap Scan on sbtest4  (cost=27.75..4257.53 rows=1104 width=4)
	        Recheck Cond: ((id >= 8813146) AND (id <= 8814145))
	        ->  Bitmap Index Scan on sbtest4_pkey  (cost=0.00..27.47 rows=1104 width=0)
	              Index Cond: ((id >= 8813146) AND (id <= 8814145))

table 5 : explain SELECT SUM(k) FROM sbtest5 WHERE id BETWEEN 4644968 AND 4645967
	Aggregate  (cost=3661.14..3661.15 rows=1 width=8)
	  ->  Bitmap Heap Scan on sbtest5  (cost=22.13..3658.77 rows=946 width=4)
	        Recheck Cond: ((id >= 4644968) AND (id <= 4645967))
	        ->  Bitmap Index Scan on sbtest5_pkey  (cost=0.00..21.89 rows=946 width=0)
	              Index Cond: ((id >= 4644968) AND (id <= 4645967))

table 6 : explain SELECT SUM(k) FROM sbtest6 WHERE id BETWEEN 7794581 AND 7795580
	Aggregate  (cost=3646.04..3646.05 rows=1 width=8)
	  ->  Bitmap Heap Scan on sbtest6  (cost=22.09..3643.69 rows=942 width=4)
	        Recheck Cond: ((id >= 7794581) AND (id <= 7795580))
	        ->  Bitmap Index Scan on sbtest6_pkey  (cost=0.00..21.86 rows=942 width=0)
	              Index Cond: ((id >= 7794581) AND (id <= 7795580))

table 7 : explain SELECT SUM(k) FROM sbtest7 WHERE id BETWEEN 1138078 AND 1139077
	Aggregate  (cost=3510.94..3510.95 rows=1 width=8)
	  ->  Bitmap Heap Scan on sbtest7  (cost=21.72..3508.67 rows=906 width=4)
	        Recheck Cond: ((id >= 1138078) AND (id <= 1139077))
	        ->  Bitmap Index Scan on sbtest7_pkey  (cost=0.00..21.50 rows=906 width=0)
	              Index Cond: ((id >= 1138078) AND (id <= 1139077))

table 8 : explain SELECT SUM(k) FROM sbtest8 WHERE id BETWEEN 2852216 AND 2853215
	Aggregate  (cost=3903.98..3903.99 rows=1 width=8)
	  ->  Bitmap Heap Scan on sbtest8  (cost=26.78..3901.46 rows=1009 width=4)
	        Recheck Cond: ((id >= 2852216) AND (id <= 2853215))
	        ->  Bitmap Index Scan on sbtest8_pkey  (cost=0.00..26.52 rows=1009 width=0)
	              Index Cond: ((id >= 2852216) AND (id <= 2853215))

for: distinct_ranges
table 1 : explain SELECT DISTINCT c FROM sbtest1 WHERE id BETWEEN 6549401 AND 6550400 ORDER BY c
	Unique  (cost=3726.24..3731.00 rows=952 width=121)
	  ->  Sort  (cost=3726.24..3728.62 rows=952 width=121)
	        Sort Key: c
	        ->  Bitmap Heap Scan on sbtest1  (cost=22.19..3679.14 rows=952 width=121)
	              Recheck Cond: ((id >= 6549401) AND (id <= 6550400))
	              ->  Bitmap Index Scan on sbtest1_pkey  (cost=0.00..21.95 rows=952 width=0)
	                    Index Cond: ((id >= 6549401) AND (id <= 6550400))

table 2 : explain SELECT DISTINCT c FROM sbtest2 WHERE id BETWEEN 8108501 AND 8109500 ORDER BY c
	Unique  (cost=4105.80..4111.06 rows=1051 width=121)
	  ->  Sort  (cost=4105.80..4108.43 rows=1051 width=121)
	        Sort Key: c
	        ->  Bitmap Heap Scan on sbtest2  (cost=23.21..4053.06 rows=1051 width=121)
	              Recheck Cond: ((id >= 8108501) AND (id <= 8109500))
	              ->  Bitmap Index Scan on sbtest2_pkey  (cost=0.00..22.94 rows=1051 width=0)
	                    Index Cond: ((id >= 8108501) AND (id <= 8109500))

table 3 : explain SELECT DISTINCT c FROM sbtest3 WHERE id BETWEEN 1908268 AND 1909267 ORDER BY c
	Unique  (cost=3842.25..3847.16 rows=982 width=121)
	  ->  Sort  (cost=3842.25..3844.71 rows=982 width=121)
	        Sort Key: c
	        ->  Bitmap Heap Scan on sbtest3  (cost=22.50..3793.45 rows=982 width=121)
	              Recheck Cond: ((id >= 1908268) AND (id <= 1909267))
	              ->  Bitmap Index Scan on sbtest3_pkey  (cost=0.00..22.25 rows=982 width=0)
	                    Index Cond: ((id >= 1908268) AND (id <= 1909267))

table 4 : explain SELECT DISTINCT c FROM sbtest4 WHERE id BETWEEN 6185201 AND 6186200 ORDER BY c
	Unique  (cost=4321.04..4326.57 rows=1107 width=121)
	  ->  Sort  (cost=4321.04..4323.80 rows=1107 width=121)
	        Sort Key: c
	        ->  Bitmap Heap Scan on sbtest4  (cost=27.78..4265.06 rows=1107 width=121)
	              Recheck Cond: ((id >= 6185201) AND (id <= 6186200))
	              ->  Bitmap Index Scan on sbtest4_pkey  (cost=0.00..27.50 rows=1107 width=0)
	                    Index Cond: ((id >= 6185201) AND (id <= 6186200))

table 5 : explain SELECT DISTINCT c FROM sbtest5 WHERE id BETWEEN 8286492 AND 8287491 ORDER BY c
	Unique  (cost=3950.52..3955.57 rows=1010 width=121)
	  ->  Sort  (cost=3950.52..3953.04 rows=1010 width=121)
	        Sort Key: c
	        ->  Bitmap Heap Scan on sbtest5  (cost=22.79..3900.12 rows=1010 width=121)
	              Recheck Cond: ((id >= 8286492) AND (id <= 8287491))
	              ->  Bitmap Index Scan on sbtest5_pkey  (cost=0.00..22.54 rows=1010 width=0)
	                    Index Cond: ((id >= 8286492) AND (id <= 8287491))

table 6 : explain SELECT DISTINCT c FROM sbtest6 WHERE id BETWEEN 8166410 AND 8167409 ORDER BY c
	Unique  (cost=3782.16..3786.99 rows=966 width=121)
	  ->  Sort  (cost=3782.16..3784.58 rows=966 width=121)
	        Sort Key: c
	        ->  Bitmap Heap Scan on sbtest6  (cost=22.34..3734.27 rows=966 width=121)
	              Recheck Cond: ((id >= 8166410) AND (id <= 8167409))
	              ->  Bitmap Index Scan on sbtest6_pkey  (cost=0.00..22.09 rows=966 width=0)
	                    Index Cond: ((id >= 8166410) AND (id <= 8167409))

table 7 : explain SELECT DISTINCT c FROM sbtest7 WHERE id BETWEEN 8906822 AND 8907821 ORDER BY c
	Unique  (cost=4169.58..4174.92 rows=1067 width=121)
	  ->  Sort  (cost=4169.58..4172.25 rows=1067 width=121)
	        Sort Key: c
	        ->  Bitmap Heap Scan on sbtest7  (cost=23.37..4115.92 rows=1067 width=121)
	              Recheck Cond: ((id >= 8906822) AND (id <= 8907821))
	              ->  Bitmap Index Scan on sbtest7_pkey  (cost=0.00..23.11 rows=1067 width=0)
	                    Index Cond: ((id >= 8906822) AND (id <= 8907821))

table 8 : explain SELECT DISTINCT c FROM sbtest8 WHERE id BETWEEN 8674150 AND 8675149 ORDER BY c
	Unique  (cost=3683.54..3688.24 rows=940 width=121)
	  ->  Sort  (cost=3683.54..3685.89 rows=940 width=121)
	        Sort Key: c
	        ->  Bitmap Heap Scan on sbtest8  (cost=22.07..3637.12 rows=940 width=121)
	              Recheck Cond: ((id >= 8674150) AND (id <= 8675149))
	              ->  Bitmap Index Scan on sbtest8_pkey  (cost=0.00..21.83 rows=940 width=0)
	                    Index Cond: ((id >= 8674150) AND (id <= 8675149))

for: distinct_ranges
table 1 : explain SELECT DISTINCT c FROM sbtest1 WHERE id BETWEEN 9600913 AND 9601912 ORDER BY c
	Unique  (cost=3684.13..3688.83 rows=941 width=121)
	  ->  Sort  (cost=3684.13..3686.48 rows=941 width=121)
	        Sort Key: c
	        ->  Bitmap Heap Scan on sbtest1  (cost=22.08..3637.65 rows=941 width=121)
	              Recheck Cond: ((id >= 9600913) AND (id <= 9601912))
	              ->  Bitmap Index Scan on sbtest1_pkey  (cost=0.00..21.84 rows=941 width=0)
	                    Index Cond: ((id >= 9600913) AND (id <= 9601912))

table 2 : explain SELECT DISTINCT c FROM sbtest2 WHERE id BETWEEN 1168512 AND 1169511 ORDER BY c
	Unique  (cost=3918.62..3923.63 rows=1002 width=121)
	  ->  Sort  (cost=3918.62..3921.13 rows=1002 width=121)
	        Sort Key: c
	        ->  Bitmap Heap Scan on sbtest2  (cost=22.71..3868.68 rows=1002 width=121)
	              Recheck Cond: ((id >= 1168512) AND (id <= 1169511))
	              ->  Bitmap Index Scan on sbtest2_pkey  (cost=0.00..22.45 rows=1002 width=0)
	                    Index Cond: ((id >= 1168512) AND (id <= 1169511))

table 3 : explain SELECT DISTINCT c FROM sbtest3 WHERE id BETWEEN 6502045 AND 6503044 ORDER BY c
	Unique  (cost=3830.78..3835.67 rows=979 width=121)
	  ->  Sort  (cost=3830.78..3833.22 rows=979 width=121)
	        Sort Key: c
	        ->  Bitmap Heap Scan on sbtest3  (cost=22.47..3782.14 rows=979 width=121)
	              Recheck Cond: ((id >= 6502045) AND (id <= 6503044))
	              ->  Bitmap Index Scan on sbtest3_pkey  (cost=0.00..22.22 rows=979 width=0)
	                    Index Cond: ((id >= 6502045) AND (id <= 6503044))

table 4 : explain SELECT DISTINCT c FROM sbtest4 WHERE id BETWEEN 5325023 AND 5326022 ORDER BY c
	Unique  (cost=4191.26..4196.62 rows=1072 width=121)
	  ->  Sort  (cost=4191.26..4193.94 rows=1072 width=121)
	        Sort Key: c
	        ->  Bitmap Heap Scan on sbtest4  (cost=27.42..4137.31 rows=1072 width=121)
	              Recheck Cond: ((id >= 5325023) AND (id <= 5326022))
	              ->  Bitmap Index Scan on sbtest4_pkey  (cost=0.00..27.15 rows=1072 width=0)
	                    Index Cond: ((id >= 5325023) AND (id <= 5326022))

table 5 : explain SELECT DISTINCT c FROM sbtest5 WHERE id BETWEEN 9015239 AND 9016238 ORDER BY c
	Unique  (cost=4076.64..4081.86 rows=1043 width=121)
	  ->  Sort  (cost=4076.64..4079.25 rows=1043 width=121)
	        Sort Key: c
	        ->  Bitmap Heap Scan on sbtest5  (cost=23.13..4024.35 rows=1043 width=121)
	              Recheck Cond: ((id >= 9015239) AND (id <= 9016238))
	              ->  Bitmap Index Scan on sbtest5_pkey  (cost=0.00..22.86 rows=1043 width=0)
	                    Index Cond: ((id >= 9015239) AND (id <= 9016238))

table 6 : explain SELECT DISTINCT c FROM sbtest6 WHERE id BETWEEN 7668781 AND 7669780 ORDER BY c
	Unique  (cost=3900.81..3905.80 rows=997 width=121)
	  ->  Sort  (cost=3900.81..3903.31 rows=997 width=121)
	        Sort Key: c
	        ->  Bitmap Heap Scan on sbtest6  (cost=22.65..3851.16 rows=997 width=121)
	              Recheck Cond: ((id >= 7668781) AND (id <= 7669780))
	              ->  Bitmap Index Scan on sbtest6_pkey  (cost=0.00..22.40 rows=997 width=0)
	                    Index Cond: ((id >= 7668781) AND (id <= 7669780))

table 7 : explain SELECT DISTINCT c FROM sbtest7 WHERE id BETWEEN 8284941 AND 8285940 ORDER BY c
	Unique  (cost=4227.04..4232.44 rows=1081 width=121)
	  ->  Sort  (cost=4227.04..4229.74 rows=1081 width=121)
	        Sort Key: c
	        ->  Bitmap Heap Scan on sbtest7  (cost=27.52..4172.57 rows=1081 width=121)
	              Recheck Cond: ((id >= 8284941) AND (id <= 8285940))
	              ->  Bitmap Index Scan on sbtest7_pkey  (cost=0.00..27.25 rows=1081 width=0)
	                    Index Cond: ((id >= 8284941) AND (id <= 8285940))

table 8 : explain SELECT DISTINCT c FROM sbtest8 WHERE id BETWEEN 8974263 AND 8975262 ORDER BY c
	Unique  (cost=4062.70..4067.89 rows=1038 width=121)
	  ->  Sort  (cost=4062.70..4065.29 rows=1038 width=121)
	        Sort Key: c
	        ->  Bitmap Heap Scan on sbtest8  (cost=27.07..4010.69 rows=1038 width=121)
	              Recheck Cond: ((id >= 8974263) AND (id <= 8975262))
	              ->  Bitmap Index Scan on sbtest8_pkey  (cost=0.00..26.82 rows=1038 width=0)
	                    Index Cond: ((id >= 8974263) AND (id <= 8975262))

for point_selects
table 1 : explain SELECT c FROM sbtest1 WHERE id=3610316
	Index Scan using sbtest1_pkey on sbtest1  (cost=0.43..8.45 rows=1 width=121)
	  Index Cond: (id = 3610316)

table 2 : explain SELECT c FROM sbtest2 WHERE id=2485066
	Index Scan using sbtest2_pkey on sbtest2  (cost=0.43..8.45 rows=1 width=121)
	  Index Cond: (id = 2485066)

table 3 : explain SELECT c FROM sbtest3 WHERE id=6720613
	Index Scan using sbtest3_pkey on sbtest3  (cost=0.43..8.45 rows=1 width=121)
	  Index Cond: (id = 6720613)

table 4 : explain SELECT c FROM sbtest4 WHERE id=1746012
	Index Scan using sbtest4_pkey on sbtest4  (cost=0.43..8.45 rows=1 width=121)
	  Index Cond: (id = 1746012)

table 5 : explain SELECT c FROM sbtest5 WHERE id=3915064
	Index Scan using sbtest5_pkey on sbtest5  (cost=0.43..8.45 rows=1 width=121)
	  Index Cond: (id = 3915064)

table 6 : explain SELECT c FROM sbtest6 WHERE id=4731401
	Index Scan using sbtest6_pkey on sbtest6  (cost=0.43..8.45 rows=1 width=121)
	  Index Cond: (id = 4731401)

table 7 : explain SELECT c FROM sbtest7 WHERE id=4998739
	Index Scan using sbtest7_pkey on sbtest7  (cost=0.43..8.45 rows=1 width=121)
	  Index Cond: (id = 4998739)

table 8 : explain SELECT c FROM sbtest8 WHERE id=3912698
	Index Scan using sbtest8_pkey on sbtest8  (cost=0.43..8.45 rows=1 width=121)
	  Index Cond: (id = 3912698)

for: distinct_ranges
table 1 : explain SELECT DISTINCT c FROM sbtest1 WHERE id BETWEEN 6726476 AND 6727475 ORDER BY c
	Unique  (cost=3925.09..3930.11 rows=1004 width=121)
	  ->  Sort  (cost=3925.09..3927.60 rows=1004 width=121)
	        Sort Key: c
	        ->  Bitmap Heap Scan on sbtest1  (cost=22.73..3875.04 rows=1004 width=121)
	              Recheck Cond: ((id >= 6726476) AND (id <= 6727475))
	              ->  Bitmap Index Scan on sbtest1_pkey  (cost=0.00..22.47 rows=1004 width=0)
	                    Index Cond: ((id >= 6726476) AND (id <= 6727475))

table 2 : explain SELECT DISTINCT c FROM sbtest2 WHERE id BETWEEN 8873984 AND 8874983 ORDER BY c
	Unique  (cost=3964.49..3969.56 rows=1014 width=121)
	  ->  Sort  (cost=3964.49..3967.02 rows=1014 width=121)
	        Sort Key: c
	        ->  Bitmap Heap Scan on sbtest2  (cost=22.83..3913.86 rows=1014 width=121)
	              Recheck Cond: ((id >= 8873984) AND (id <= 8874983))
	              ->  Bitmap Index Scan on sbtest2_pkey  (cost=0.00..22.57 rows=1014 width=0)
	                    Index Cond: ((id >= 8873984) AND (id <= 8874983))

table 3 : explain SELECT DISTINCT c FROM sbtest3 WHERE id BETWEEN 2904810 AND 2905809 ORDER BY c
	Unique  (cost=3769.55..3774.36 rows=963 width=121)
	  ->  Sort  (cost=3769.55..3771.95 rows=963 width=121)
	        Sort Key: c
	        ->  Bitmap Heap Scan on sbtest3  (cost=22.31..3721.82 rows=963 width=121)
	              Recheck Cond: ((id >= 2904810) AND (id <= 2905809))
	              ->  Bitmap Index Scan on sbtest3_pkey  (cost=0.00..22.07 rows=963 width=0)
	                    Index Cond: ((id >= 2904810) AND (id <= 2905809))

table 4 : explain SELECT DISTINCT c FROM sbtest4 WHERE id BETWEEN 9988365 AND 9989364 ORDER BY c
	Unique  (cost=3908.35..3913.34 rows=999 width=121)
	  ->  Sort  (cost=3908.35..3910.84 rows=999 width=121)
	        Sort Key: c
	        ->  Bitmap Heap Scan on sbtest4  (cost=22.67..3858.57 rows=999 width=121)
	              Recheck Cond: ((id >= 9988365) AND (id <= 9989364))
	              ->  Bitmap Index Scan on sbtest4_pkey  (cost=0.00..22.43 rows=999 width=0)
	                    Index Cond: ((id >= 9988365) AND (id <= 9989364))

table 5 : explain SELECT DISTINCT c FROM sbtest5 WHERE id BETWEEN 5403421 AND 5404420 ORDER BY c
	Unique  (cost=3582.85..3587.42 rows=914 width=121)
	  ->  Sort  (cost=3582.85..3585.14 rows=914 width=121)
	        Sort Key: c
	        ->  Bitmap Heap Scan on sbtest5  (cost=21.80..3537.90 rows=914 width=121)
	              Recheck Cond: ((id >= 5403421) AND (id <= 5404420))
	              ->  Bitmap Index Scan on sbtest5_pkey  (cost=0.00..21.57 rows=914 width=0)
	                    Index Cond: ((id >= 5403421) AND (id <= 5404420))

table 6 : explain SELECT DISTINCT c FROM sbtest6 WHERE id BETWEEN 7702126 AND 7703125 ORDER BY c
	Unique  (cost=3939.06..3944.10 rows=1007 width=121)
	  ->  Sort  (cost=3939.06..3941.58 rows=1007 width=121)
	        Sort Key: c
	        ->  Bitmap Heap Scan on sbtest6  (cost=22.76..3888.83 rows=1007 width=121)
	              Recheck Cond: ((id >= 7702126) AND (id <= 7703125))
	              ->  Bitmap Index Scan on sbtest6_pkey  (cost=0.00..22.50 rows=1007 width=0)
	                    Index Cond: ((id >= 7702126) AND (id <= 7703125))

table 7 : explain SELECT DISTINCT c FROM sbtest7 WHERE id BETWEEN 2522201 AND 2523200 ORDER BY c
	Unique  (cost=4047.32..4052.49 rows=1035 width=121)
	  ->  Sort  (cost=4047.32..4049.90 rows=1035 width=121)
	        Sort Key: c
	        ->  Bitmap Heap Scan on sbtest7  (cost=23.04..3995.49 rows=1035 width=121)
	              Recheck Cond: ((id >= 2522201) AND (id <= 2523200))
	              ->  Bitmap Index Scan on sbtest7_pkey  (cost=0.00..22.79 rows=1035 width=0)
	                    Index Cond: ((id >= 2522201) AND (id <= 2523200))

table 8 : explain SELECT DISTINCT c FROM sbtest8 WHERE id BETWEEN 4989322 AND 4990321 ORDER BY c
	Unique  (cost=3959.45..3964.51 rows=1011 width=121)
	  ->  Sort  (cost=3959.45..3961.98 rows=1011 width=121)
	        Sort Key: c
	        ->  Bitmap Heap Scan on sbtest8  (cost=26.80..3908.99 rows=1011 width=121)
	              Recheck Cond: ((id >= 4989322) AND (id <= 4990321))
	              ->  Bitmap Index Scan on sbtest8_pkey  (cost=0.00..26.54 rows=1011 width=0)
	                    Index Cond: ((id >= 4989322) AND (id <= 4990321))

for: order_ranges
table 1 : explain SELECT c FROM sbtest1 WHERE id BETWEEN 4412848 AND 4413847 ORDER BY c
	Sort  (cost=3538.54..3540.79 rows=903 width=121)
	  Sort Key: c
	  ->  Bitmap Heap Scan on sbtest1  (cost=21.69..3494.21 rows=903 width=121)
	        Recheck Cond: ((id >= 4412848) AND (id <= 4413847))
	        ->  Bitmap Index Scan on sbtest1_pkey  (cost=0.00..21.46 rows=903 width=0)
	              Index Cond: ((id >= 4412848) AND (id <= 4413847))

table 2 : explain SELECT c FROM sbtest2 WHERE id BETWEEN 334180 AND 335179 ORDER BY c
	Sort  (cost=4151.60..4154.26 rows=1063 width=121)
	  Sort Key: c
	  ->  Bitmap Heap Scan on sbtest2  (cost=23.33..4098.16 rows=1063 width=121)
	        Recheck Cond: ((id >= 334180) AND (id <= 335179))
	        ->  Bitmap Index Scan on sbtest2_pkey  (cost=0.00..23.07 rows=1063 width=0)
	              Index Cond: ((id >= 334180) AND (id <= 335179))

table 3 : explain SELECT c FROM sbtest3 WHERE id BETWEEN 9397824 AND 9398823 ORDER BY c
	Sort  (cost=3811.65..3814.08 rows=974 width=121)
	  Sort Key: c
	  ->  Bitmap Heap Scan on sbtest3  (cost=22.42..3763.30 rows=974 width=121)
	        Recheck Cond: ((id >= 9397824) AND (id <= 9398823))
	        ->  Bitmap Index Scan on sbtest3_pkey  (cost=0.00..22.18 rows=974 width=0)
	              Index Cond: ((id >= 9397824) AND (id <= 9398823))

table 4 : explain SELECT c FROM sbtest4 WHERE id BETWEEN 6534488 AND 6535487 ORDER BY c
	Sort  (cost=4355.34..4358.13 rows=1116 width=121)
	  Sort Key: c
	  ->  Bitmap Heap Scan on sbtest4  (cost=27.87..4298.85 rows=1116 width=121)
	        Recheck Cond: ((id >= 6534488) AND (id <= 6535487))
	        ->  Bitmap Index Scan on sbtest4_pkey  (cost=0.00..27.59 rows=1116 width=0)
	              Index Cond: ((id >= 6534488) AND (id <= 6535487))

table 5 : explain SELECT c FROM sbtest5 WHERE id BETWEEN 2593445 AND 2594444 ORDER BY c
	Sort  (cost=3690.21..3692.56 rows=942 width=121)
	  Sort Key: c
	  ->  Bitmap Heap Scan on sbtest5  (cost=22.09..3643.67 rows=942 width=121)
	        Recheck Cond: ((id >= 2593445) AND (id <= 2594444))
	        ->  Bitmap Index Scan on sbtest5_pkey  (cost=0.00..21.86 rows=942 width=0)
	              Index Cond: ((id >= 2593445) AND (id <= 2594444))

table 6 : explain SELECT c FROM sbtest6 WHERE id BETWEEN 1448009 AND 1449008 ORDER BY c
	Sort  (cost=3724.71..3727.09 rows=951 width=121)
	  Sort Key: c
	  ->  Bitmap Heap Scan on sbtest6  (cost=22.18..3677.67 rows=951 width=121)
	        Recheck Cond: ((id >= 1448009) AND (id <= 1449008))
	        ->  Bitmap Index Scan on sbtest6_pkey  (cost=0.00..21.94 rows=951 width=0)
	              Index Cond: ((id >= 1448009) AND (id <= 1449008))

table 7 : explain SELECT c FROM sbtest7 WHERE id BETWEEN 7690838 AND 7691837 ORDER BY c
	Sort  (cost=3794.75..3797.18 rows=969 width=121)
	  Sort Key: c
	  ->  Bitmap Heap Scan on sbtest7  (cost=22.37..3746.69 rows=969 width=121)
	        Recheck Cond: ((id >= 7690838) AND (id <= 7691837))
	        ->  Bitmap Index Scan on sbtest7_pkey  (cost=0.00..22.12 rows=969 width=0)
	              Index Cond: ((id >= 7690838) AND (id <= 7691837))

table 8 : explain SELECT c FROM sbtest8 WHERE id BETWEEN 5011648 AND 5012647 ORDER BY c
	Sort  (cost=3959.45..3961.98 rows=1011 width=121)
	  Sort Key: c
	  ->  Bitmap Heap Scan on sbtest8  (cost=26.80..3908.99 rows=1011 width=121)
	        Recheck Cond: ((id >= 5011648) AND (id <= 5012647))
	        ->  Bitmap Index Scan on sbtest8_pkey  (cost=0.00..26.54 rows=1011 width=0)
	              Index Cond: ((id >= 5011648) AND (id <= 5012647))

for: order_ranges
table 1 : explain SELECT c FROM sbtest1 WHERE id BETWEEN 3522686 AND 3523685 ORDER BY c
	Sort  (cost=3607.52..3609.83 rows=921 width=121)
	  Sort Key: c
	  ->  Bitmap Heap Scan on sbtest1  (cost=21.88..3562.18 rows=921 width=121)
	        Recheck Cond: ((id >= 3522686) AND (id <= 3523685))
	        ->  Bitmap Index Scan on sbtest1_pkey  (cost=0.00..21.64 rows=921 width=0)
	              Index Cond: ((id >= 3522686) AND (id <= 3523685))

table 2 : explain SELECT c FROM sbtest2 WHERE id BETWEEN 9589716 AND 9590715 ORDER BY c
	Sort  (cost=3673.70..3676.04 rows=938 width=121)
	  Sort Key: c
	  ->  Bitmap Heap Scan on sbtest2  (cost=22.05..3627.39 rows=938 width=121)
	        Recheck Cond: ((id >= 9589716) AND (id <= 9590715))
	        ->  Bitmap Index Scan on sbtest2_pkey  (cost=0.00..21.82 rows=938 width=0)
	              Index Cond: ((id >= 9589716) AND (id <= 9590715))

table 3 : explain SELECT c FROM sbtest3 WHERE id BETWEEN 3141161 AND 3142160 ORDER BY c
	Sort  (cost=3976.08..3978.62 rows=1017 width=121)
	  Sort Key: c
	  ->  Bitmap Heap Scan on sbtest3  (cost=22.86..3925.28 rows=1017 width=121)
	        Recheck Cond: ((id >= 3141161) AND (id <= 3142160))
	        ->  Bitmap Index Scan on sbtest3_pkey  (cost=0.00..22.61 rows=1017 width=0)
	              Index Cond: ((id >= 3141161) AND (id <= 3142160))

table 4 : explain SELECT c FROM sbtest4 WHERE id BETWEEN 2726144 AND 2727143 ORDER BY c
	Sort  (cost=4176.00..4178.67 rows=1068 width=121)
	  Sort Key: c
	  ->  Bitmap Heap Scan on sbtest4  (cost=27.38..4122.27 rows=1068 width=121)
	        Recheck Cond: ((id >= 2726144) AND (id <= 2727143))
	        ->  Bitmap Index Scan on sbtest4_pkey  (cost=0.00..27.11 rows=1068 width=0)
	              Index Cond: ((id >= 2726144) AND (id <= 2727143))

table 5 : explain SELECT c FROM sbtest5 WHERE id BETWEEN 6629117 AND 6630116 ORDER BY c
	Sort  (cost=4007.86..4010.43 rows=1025 width=121)
	  Sort Key: c
	  ->  Bitmap Heap Scan on sbtest5  (cost=22.94..3956.61 rows=1025 width=121)
	        Recheck Cond: ((id >= 6629117) AND (id <= 6630116))
	        ->  Bitmap Index Scan on sbtest5_pkey  (cost=0.00..22.68 rows=1025 width=0)
	              Index Cond: ((id >= 6629117) AND (id <= 6630116))

table 6 : explain SELECT c FROM sbtest6 WHERE id BETWEEN 2645737 AND 2646736 ORDER BY c
	Sort  (cost=3770.67..3773.08 rows=963 width=121)
	  Sort Key: c
	  ->  Bitmap Heap Scan on sbtest6  (cost=22.31..3722.95 rows=963 width=121)
	        Recheck Cond: ((id >= 2645737) AND (id <= 2646736))
	        ->  Bitmap Index Scan on sbtest6_pkey  (cost=0.00..22.07 rows=963 width=0)
	              Index Cond: ((id >= 2645737) AND (id <= 2646736))

table 7 : explain SELECT c FROM sbtest7 WHERE id BETWEEN 4076096 AND 4077095 ORDER BY c
	Sort  (cost=3836.88..3839.33 rows=980 width=121)
	  Sort Key: c
	  ->  Bitmap Heap Scan on sbtest7  (cost=22.48..3788.19 rows=980 width=121)
	        Recheck Cond: ((id >= 4076096) AND (id <= 4077095))
	        ->  Bitmap Index Scan on sbtest7_pkey  (cost=0.00..22.23 rows=980 width=0)
	              Index Cond: ((id >= 4076096) AND (id <= 4077095))

table 8 : explain SELECT c FROM sbtest8 WHERE id BETWEEN 330241 AND 331240 ORDER BY c
	Sort  (cost=3591.48..3593.77 rows=916 width=121)
	  Sort Key: c
	  ->  Bitmap Heap Scan on sbtest8  (cost=21.82..3546.42 rows=916 width=121)
	        Recheck Cond: ((id >= 330241) AND (id <= 331240))
	        ->  Bitmap Index Scan on sbtest8_pkey  (cost=0.00..21.59 rows=916 width=0)
	              Index Cond: ((id >= 330241) AND (id <= 331240))

for point_selects
table 1 : explain SELECT c FROM sbtest1 WHERE id=7276719
	Index Scan using sbtest1_pkey on sbtest1  (cost=0.43..8.45 rows=1 width=121)
	  Index Cond: (id = 7276719)

table 2 : explain SELECT c FROM sbtest2 WHERE id=5227759
	Index Scan using sbtest2_pkey on sbtest2  (cost=0.43..8.45 rows=1 width=121)
	  Index Cond: (id = 5227759)

table 3 : explain SELECT c FROM sbtest3 WHERE id=8801995
	Index Scan using sbtest3_pkey on sbtest3  (cost=0.43..8.45 rows=1 width=121)
	  Index Cond: (id = 8801995)

table 4 : explain SELECT c FROM sbtest4 WHERE id=9463730
	Index Scan using sbtest4_pkey on sbtest4  (cost=0.43..8.45 rows=1 width=121)
	  Index Cond: (id = 9463730)

table 5 : explain SELECT c FROM sbtest5 WHERE id=9392518
	Index Scan using sbtest5_pkey on sbtest5  (cost=0.43..8.45 rows=1 width=121)
	  Index Cond: (id = 9392518)

table 6 : explain SELECT c FROM sbtest6 WHERE id=5633036
	Index Scan using sbtest6_pkey on sbtest6  (cost=0.43..8.45 rows=1 width=121)
	  Index Cond: (id = 5633036)

table 7 : explain SELECT c FROM sbtest7 WHERE id=8605114
	Index Scan using sbtest7_pkey on sbtest7  (cost=0.43..8.45 rows=1 width=121)
	  Index Cond: (id = 8605114)

table 8 : explain SELECT c FROM sbtest8 WHERE id=7968993
	Index Scan using sbtest8_pkey on sbtest8  (cost=0.43..8.45 rows=1 width=121)
	  Index Cond: (id = 7968993)

for: simple_ranges
table 1 : explain SELECT c FROM sbtest1 WHERE id BETWEEN 1846288 AND 1847287
	Bitmap Heap Scan on sbtest1  (cost=21.90..3569.73 rows=923 width=121)
	  Recheck Cond: ((id >= 1846288) AND (id <= 1847287))
	  ->  Bitmap Index Scan on sbtest1_pkey  (cost=0.00..21.66 rows=923 width=0)
	        Index Cond: ((id >= 1846288) AND (id <= 1847287))

table 2 : explain SELECT c FROM sbtest2 WHERE id BETWEEN 7480543 AND 7481542
	Bitmap Heap Scan on sbtest2  (cost=21.87..3559.43 rows=920 width=121)
	  Recheck Cond: ((id >= 7480543) AND (id <= 7481542))
	  ->  Bitmap Index Scan on sbtest2_pkey  (cost=0.00..21.64 rows=920 width=0)
	        Index Cond: ((id >= 7480543) AND (id <= 7481542))

table 3 : explain SELECT c FROM sbtest3 WHERE id BETWEEN 2824274 AND 2825273
	Bitmap Heap Scan on sbtest3  (cost=22.42..3763.30 rows=974 width=121)
	  Recheck Cond: ((id >= 2824274) AND (id <= 2825273))
	  ->  Bitmap Index Scan on sbtest3_pkey  (cost=0.00..22.18 rows=974 width=0)
	        Index Cond: ((id >= 2824274) AND (id <= 2825273))

table 4 : explain SELECT c FROM sbtest4 WHERE id BETWEEN 6253113 AND 6254112
	Bitmap Heap Scan on sbtest4  (cost=22.04..3624.70 rows=937 width=121)
	  Recheck Cond: ((id >= 6253113) AND (id <= 6254112))
	  ->  Bitmap Index Scan on sbtest4_pkey  (cost=0.00..21.80 rows=937 width=0)
	        Index Cond: ((id >= 6253113) AND (id <= 6254112))

table 5 : explain SELECT c FROM sbtest5 WHERE id BETWEEN 2576771 AND 2577770
	Bitmap Heap Scan on sbtest5  (cost=22.09..3643.67 rows=942 width=121)
	  Recheck Cond: ((id >= 2576771) AND (id <= 2577770))
	  ->  Bitmap Index Scan on sbtest5_pkey  (cost=0.00..21.86 rows=942 width=0)
	        Index Cond: ((id >= 2576771) AND (id <= 2577770))

table 6 : explain SELECT c FROM sbtest6 WHERE id BETWEEN 6289080 AND 6290079
	Bitmap Heap Scan on sbtest6  (cost=22.16..3670.12 rows=949 width=121)
	  Recheck Cond: ((id >= 6289080) AND (id <= 6290079))
	  ->  Bitmap Index Scan on sbtest6_pkey  (cost=0.00..21.93 rows=949 width=0)
	        Index Cond: ((id >= 6289080) AND (id <= 6290079))

table 7 : explain SELECT c FROM sbtest7 WHERE id BETWEEN 8952286 AND 8953285
	Bitmap Heap Scan on sbtest7  (cost=22.66..3856.08 rows=998 width=121)
	  Recheck Cond: ((id >= 8952286) AND (id <= 8953285))
	  ->  Bitmap Index Scan on sbtest7_pkey  (cost=0.00..22.41 rows=998 width=0)
	        Index Cond: ((id >= 8952286) AND (id <= 8953285))

table 8 : explain SELECT c FROM sbtest8 WHERE id BETWEEN 369256 AND 370255
	Bitmap Heap Scan on sbtest8  (cost=21.82..3546.42 rows=916 width=121)
	  Recheck Cond: ((id >= 369256) AND (id <= 370255))
	  ->  Bitmap Index Scan on sbtest8_pkey  (cost=0.00..21.59 rows=916 width=0)
	        Index Cond: ((id >= 369256) AND (id <= 370255))

for: distinct_ranges
table 1 : explain SELECT DISTINCT c FROM sbtest1 WHERE id BETWEEN 4986370 AND 4987369 ORDER BY c
	Unique  (cost=4115.99..4121.26 rows=1054 width=121)
	  ->  Sort  (cost=4115.99..4118.63 rows=1054 width=121)
	        Sort Key: c
	        ->  Bitmap Heap Scan on sbtest1  (cost=23.24..4063.07 rows=1054 width=121)
	              Recheck Cond: ((id >= 4986370) AND (id <= 4987369))
	              ->  Bitmap Index Scan on sbtest1_pkey  (cost=0.00..22.97 rows=1054 width=0)
	                    Index Cond: ((id >= 4986370) AND (id <= 4987369))

table 2 : explain SELECT DISTINCT c FROM sbtest2 WHERE id BETWEEN 3656462 AND 3657461 ORDER BY c
	Unique  (cost=4075.26..4080.48 rows=1043 width=121)
	  ->  Sort  (cost=4075.26..4077.87 rows=1043 width=121)
	        Sort Key: c
	        ->  Bitmap Heap Scan on sbtest2  (cost=23.13..4022.97 rows=1043 width=121)
	              Recheck Cond: ((id >= 3656462) AND (id <= 3657461))
	              ->  Bitmap Index Scan on sbtest2_pkey  (cost=0.00..22.86 rows=1043 width=0)
	                    Index Cond: ((id >= 3656462) AND (id <= 3657461))

table 3 : explain SELECT DISTINCT c FROM sbtest3 WHERE id BETWEEN 3588712 AND 3589711 ORDER BY c
	Unique  (cost=3562.65..3567.20 rows=909 width=121)
	  ->  Sort  (cost=3562.65..3564.92 rows=909 width=121)
	        Sort Key: c
	        ->  Bitmap Heap Scan on sbtest3  (cost=21.75..3517.98 rows=909 width=121)
	              Recheck Cond: ((id >= 3588712) AND (id <= 3589711))
	              ->  Bitmap Index Scan on sbtest3_pkey  (cost=0.00..21.52 rows=909 width=0)
	                    Index Cond: ((id >= 3588712) AND (id <= 3589711))

table 4 : explain SELECT DISTINCT c FROM sbtest4 WHERE id BETWEEN 3172238 AND 3173237 ORDER BY c
	Unique  (cost=4114.91..4120.17 rows=1052 width=121)
	  ->  Sort  (cost=4114.91..4117.54 rows=1052 width=121)
	        Sort Key: c
	        ->  Bitmap Heap Scan on sbtest4  (cost=27.22..4062.11 rows=1052 width=121)
	              Recheck Cond: ((id >= 3172238) AND (id <= 3173237))
	              ->  Bitmap Index Scan on sbtest4_pkey  (cost=0.00..26.95 rows=1052 width=0)
	                    Index Cond: ((id >= 3172238) AND (id <= 3173237))

table 5 : explain SELECT DISTINCT c FROM sbtest5 WHERE id BETWEEN 6715959 AND 6716958 ORDER BY c
	Unique  (cost=3717.03..3721.77 rows=949 width=121)
	  ->  Sort  (cost=3717.03..3719.40 rows=949 width=121)
	        Sort Key: c
	        ->  Bitmap Heap Scan on sbtest5  (cost=22.16..3670.10 rows=949 width=121)
	              Recheck Cond: ((id >= 6715959) AND (id <= 6716958))
	              ->  Bitmap Index Scan on sbtest5_pkey  (cost=0.00..21.93 rows=949 width=0)
	                    Index Cond: ((id >= 6715959) AND (id <= 6716958))

table 6 : explain SELECT DISTINCT c FROM sbtest6 WHERE id BETWEEN 8368346 AND 8369345 ORDER BY c
	Unique  (cost=3843.42..3848.33 rows=982 width=121)
	  ->  Sort  (cost=3843.42..3845.87 rows=982 width=121)
	        Sort Key: c
	        ->  Bitmap Heap Scan on sbtest6  (cost=22.50..3794.61 rows=982 width=121)
	              Recheck Cond: ((id >= 8368346) AND (id <= 8369345))
	              ->  Bitmap Index Scan on sbtest6_pkey  (cost=0.00..22.25 rows=982 width=0)
	                    Index Cond: ((id >= 8368346) AND (id <= 8369345))

table 7 : explain SELECT DISTINCT c FROM sbtest7 WHERE id BETWEEN 8976667 AND 8977666 ORDER BY c
	Unique  (cost=3905.79..3910.78 rows=998 width=121)
	  ->  Sort  (cost=3905.79..3908.29 rows=998 width=121)
	        Sort Key: c
	        ->  Bitmap Heap Scan on sbtest7  (cost=22.66..3856.08 rows=998 width=121)
	              Recheck Cond: ((id >= 8976667) AND (id <= 8977666))
	              ->  Bitmap Index Scan on sbtest7_pkey  (cost=0.00..22.41 rows=998 width=0)
	                    Index Cond: ((id >= 8976667) AND (id <= 8977666))

table 8 : explain SELECT DISTINCT c FROM sbtest8 WHERE id BETWEEN 1311280 AND 1312279 ORDER BY c
	Unique  (cost=3679.70..3684.40 rows=939 width=121)
	  ->  Sort  (cost=3679.70..3682.05 rows=939 width=121)
	        Sort Key: c
	        ->  Bitmap Heap Scan on sbtest8  (cost=22.06..3633.34 rows=939 width=121)
	              Recheck Cond: ((id >= 1311280) AND (id <= 1312279))
	              ->  Bitmap Index Scan on sbtest8_pkey  (cost=0.00..21.82 rows=939 width=0)
	                    Index Cond: ((id >= 1311280) AND (id <= 1312279))

for: distinct_ranges
table 1 : explain SELECT DISTINCT c FROM sbtest1 WHERE id BETWEEN 3273717 AND 3274716 ORDER BY c
	Unique  (cost=3990.03..3995.14 rows=1021 width=121)
	  ->  Sort  (cost=3990.03..3992.59 rows=1021 width=121)
	        Sort Key: c
	        ->  Bitmap Heap Scan on sbtest1  (cost=22.90..3939.01 rows=1021 width=121)
	              Recheck Cond: ((id >= 3273717) AND (id <= 3274716))
	              ->  Bitmap Index Scan on sbtest1_pkey  (cost=0.00..22.64 rows=1021 width=0)
	                    Index Cond: ((id >= 3273717) AND (id <= 3274716))

table 2 : explain SELECT DISTINCT c FROM sbtest2 WHERE id BETWEEN 7814054 AND 7815053 ORDER BY c
	Unique  (cost=3558.71..3563.25 rows=908 width=121)
	  ->  Sort  (cost=3558.71..3560.98 rows=908 width=121)
	        Sort Key: c
	        ->  Bitmap Heap Scan on sbtest2  (cost=21.74..3514.10 rows=908 width=121)
	              Recheck Cond: ((id >= 7814054) AND (id <= 7815053))
	              ->  Bitmap Index Scan on sbtest2_pkey  (cost=0.00..21.51 rows=908 width=0)
	                    Index Cond: ((id >= 7814054) AND (id <= 7815053))

table 3 : explain SELECT DISTINCT c FROM sbtest3 WHERE id BETWEEN 30536 AND 31535 ORDER BY c
	Unique  (cost=4121.20..4126.47 rows=1055 width=121)
	  ->  Sort  (cost=4121.20..4123.84 rows=1055 width=121)
	        Sort Key: c
	        ->  Bitmap Heap Scan on sbtest3  (cost=23.25..4068.22 rows=1055 width=121)
	              Recheck Cond: ((id >= 30536) AND (id <= 31535))
	              ->  Bitmap Index Scan on sbtest3_pkey  (cost=0.00..22.98 rows=1055 width=0)
	                    Index Cond: ((id >= 30536) AND (id <= 31535))

table 4 : explain SELECT DISTINCT c FROM sbtest4 WHERE id BETWEEN 9356508 AND 9357507 ORDER BY c
	Unique  (cost=3647.95..3652.61 rows=931 width=121)
	  ->  Sort  (cost=3647.95..3650.28 rows=931 width=121)
	        Sort Key: c
	        ->  Bitmap Heap Scan on sbtest4  (cost=21.98..3602.04 rows=931 width=121)
	              Recheck Cond: ((id >= 9356508) AND (id <= 9357507))
	              ->  Bitmap Index Scan on sbtest4_pkey  (cost=0.00..21.75 rows=931 width=0)
	                    Index Cond: ((id >= 9356508) AND (id <= 9357507))

table 5 : explain SELECT DISTINCT c FROM sbtest5 WHERE id BETWEEN 9792002 AND 9793001 ORDER BY c
	Unique  (cost=3866.36..3871.30 rows=988 width=121)
	  ->  Sort  (cost=3866.36..3868.83 rows=988 width=121)
	        Sort Key: c
	        ->  Bitmap Heap Scan on sbtest5  (cost=22.56..3817.22 rows=988 width=121)
	              Recheck Cond: ((id >= 9792002) AND (id <= 9793001))
	              ->  Bitmap Index Scan on sbtest5_pkey  (cost=0.00..22.32 rows=988 width=0)
	                    Index Cond: ((id >= 9792002) AND (id <= 9793001))

table 6 : explain SELECT DISTINCT c FROM sbtest6 WHERE id BETWEEN 2222566 AND 2223565 ORDER BY c
	Unique  (cost=3717.05..3721.79 rows=949 width=121)
	  ->  Sort  (cost=3717.05..3719.42 rows=949 width=121)
	        Sort Key: c
	        ->  Bitmap Heap Scan on sbtest6  (cost=22.16..3670.12 rows=949 width=121)
	              Recheck Cond: ((id >= 2222566) AND (id <= 2223565))
	              ->  Bitmap Index Scan on sbtest6_pkey  (cost=0.00..21.93 rows=949 width=0)
	                    Index Cond: ((id >= 2222566) AND (id <= 2223565))

table 7 : explain SELECT DISTINCT c FROM sbtest7 WHERE id BETWEEN 785529 AND 786528 ORDER BY c
	Unique  (cost=3967.01..3972.08 rows=1014 width=121)
	  ->  Sort  (cost=3967.01..3969.55 rows=1014 width=121)
	        Sort Key: c
	        ->  Bitmap Heap Scan on sbtest7  (cost=22.83..3916.38 rows=1014 width=121)
	              Recheck Cond: ((id >= 785529) AND (id <= 786528))
	              ->  Bitmap Index Scan on sbtest7_pkey  (cost=0.00..22.57 rows=1014 width=0)
	                    Index Cond: ((id >= 785529) AND (id <= 786528))

table 8 : explain SELECT DISTINCT c FROM sbtest8 WHERE id BETWEEN 610347 AND 611346 ORDER BY c
	Unique  (cost=3737.20..3741.97 rows=954 width=121)
	  ->  Sort  (cost=3737.20..3739.59 rows=954 width=121)
	        Sort Key: c
	        ->  Bitmap Heap Scan on sbtest8  (cost=22.21..3689.99 rows=954 width=121)
	              Recheck Cond: ((id >= 610347) AND (id <= 611346))
	              ->  Bitmap Index Scan on sbtest8_pkey  (cost=0.00..21.97 rows=954 width=0)
	                    Index Cond: ((id >= 610347) AND (id <= 611346))

for: simple_ranges
table 1 : explain SELECT c FROM sbtest1 WHERE id BETWEEN 2226958 AND 2227957
	Bitmap Heap Scan on sbtest1  (cost=23.02..3984.14 rows=1033 width=121)
	  Recheck Cond: ((id >= 2226958) AND (id <= 2227957))
	  ->  Bitmap Index Scan on sbtest1_pkey  (cost=0.00..22.76 rows=1033 width=0)
	        Index Cond: ((id >= 2226958) AND (id <= 2227957))

table 2 : explain SELECT c FROM sbtest2 WHERE id BETWEEN 9849808 AND 9850807
	Bitmap Heap Scan on sbtest2  (cost=22.03..3619.84 rows=936 width=121)
	  Recheck Cond: ((id >= 9849808) AND (id <= 9850807))
	  ->  Bitmap Index Scan on sbtest2_pkey  (cost=0.00..21.79 rows=936 width=0)
	        Index Cond: ((id >= 9849808) AND (id <= 9850807))

table 3 : explain SELECT c FROM sbtest3 WHERE id BETWEEN 4292566 AND 4293565
	Bitmap Heap Scan on sbtest3  (cost=22.70..3865.03 rows=1001 width=121)
	  Recheck Cond: ((id >= 4292566) AND (id <= 4293565))
	  ->  Bitmap Index Scan on sbtest3_pkey  (cost=0.00..22.44 rows=1001 width=0)
	        Index Cond: ((id >= 4292566) AND (id <= 4293565))

table 4 : explain SELECT c FROM sbtest4 WHERE id BETWEEN 6759308 AND 6760307
	Bitmap Heap Scan on sbtest4  (cost=22.87..3930.15 rows=1018 width=121)
	  Recheck Cond: ((id >= 6759308) AND (id <= 6760307))
	  ->  Bitmap Index Scan on sbtest4_pkey  (cost=0.00..22.61 rows=1018 width=0)
	        Index Cond: ((id >= 6759308) AND (id <= 6760307))

table 5 : explain SELECT c FROM sbtest5 WHERE id BETWEEN 534075 AND 535074
	Bitmap Heap Scan on sbtest5  (cost=22.62..3839.83 rows=994 width=121)
	  Recheck Cond: ((id >= 534075) AND (id <= 535074))
	  ->  Bitmap Index Scan on sbtest5_pkey  (cost=0.00..22.37 rows=994 width=0)
	        Index Cond: ((id >= 534075) AND (id <= 535074))

table 6 : explain SELECT c FROM sbtest6 WHERE id BETWEEN 4089074 AND 4090073
	Bitmap Heap Scan on sbtest6  (cost=22.81..3907.67 rows=1012 width=121)
	  Recheck Cond: ((id >= 4089074) AND (id <= 4090073))
	  ->  Bitmap Index Scan on sbtest6_pkey  (cost=0.00..22.55 rows=1012 width=0)
	        Index Cond: ((id >= 4089074) AND (id <= 4090073))

table 7 : explain SELECT c FROM sbtest7 WHERE id BETWEEN 7473034 AND 7474033
	Bitmap Heap Scan on sbtest7  (cost=22.30..3720.27 rows=962 width=121)
	  Recheck Cond: ((id >= 7473034) AND (id <= 7474033))
	  ->  Bitmap Index Scan on sbtest7_pkey  (cost=0.00..22.05 rows=962 width=0)
	        Index Cond: ((id >= 7473034) AND (id <= 7474033))

table 8 : explain SELECT c FROM sbtest8 WHERE id BETWEEN 7836063 AND 7837062
	Bitmap Heap Scan on sbtest8  (cost=22.47..3784.34 rows=979 width=121)
	  Recheck Cond: ((id >= 7836063) AND (id <= 7837062))
	  ->  Bitmap Index Scan on sbtest8_pkey  (cost=0.00..22.22 rows=979 width=0)
	        Index Cond: ((id >= 7836063) AND (id <= 7837062))

for: sum_ranges
table 1 : explain SELECT SUM(k) FROM sbtest1 WHERE id BETWEEN 9339001 AND 9340000
	Aggregate  (cost=4250.07..4250.08 rows=1 width=8)
	  ->  Bitmap Heap Scan on sbtest1  (cost=27.74..4247.31 rows=1103 width=4)
	        Recheck Cond: ((id >= 9339001) AND (id <= 9340000))
	        ->  Bitmap Index Scan on sbtest1_pkey  (cost=0.00..27.46 rows=1103 width=0)
	              Index Cond: ((id >= 9339001) AND (id <= 9340000))

table 2 : explain SELECT SUM(k) FROM sbtest2 WHERE id BETWEEN 599365 AND 600364
	Aggregate  (cost=3554.17..3554.18 rows=1 width=8)
	  ->  Bitmap Heap Scan on sbtest2  (cost=21.84..3551.88 rows=918 width=4)
	        Recheck Cond: ((id >= 599365) AND (id <= 600364))
	        ->  Bitmap Index Scan on sbtest2_pkey  (cost=0.00..21.61 rows=918 width=0)
	              Index Cond: ((id >= 599365) AND (id <= 600364))

table 3 : explain SELECT SUM(k) FROM sbtest3 WHERE id BETWEEN 2506158 AND 2507157
	Aggregate  (cost=3750.64..3750.65 rows=1 width=8)
	  ->  Bitmap Heap Scan on sbtest3  (cost=22.38..3748.22 rows=970 width=4)
	        Recheck Cond: ((id >= 2506158) AND (id <= 2507157))
	        ->  Bitmap Index Scan on sbtest3_pkey  (cost=0.00..22.14 rows=970 width=0)
	              Index Cond: ((id >= 2506158) AND (id <= 2507157))

table 4 : explain SELECT SUM(k) FROM sbtest4 WHERE id BETWEEN 4214284 AND 4215283
	Aggregate  (cost=3638.38..3638.39 rows=1 width=8)
	  ->  Bitmap Heap Scan on sbtest4  (cost=22.07..3636.03 rows=940 width=4)
	        Recheck Cond: ((id >= 4214284) AND (id <= 4215283))
	        ->  Bitmap Index Scan on sbtest4_pkey  (cost=0.00..21.83 rows=940 width=0)
	              Index Cond: ((id >= 4214284) AND (id <= 4215283))

table 5 : explain SELECT SUM(k) FROM sbtest5 WHERE id BETWEEN 6007087 AND 6008086
	Aggregate  (cost=3509.93..3509.94 rows=1 width=8)
	  ->  Bitmap Heap Scan on sbtest5  (cost=21.72..3507.66 rows=906 width=4)
	        Recheck Cond: ((id >= 6007087) AND (id <= 6008086))
	        ->  Bitmap Index Scan on sbtest5_pkey  (cost=0.00..21.50 rows=906 width=0)
	              Index Cond: ((id >= 6007087) AND (id <= 6008086))

table 6 : explain SELECT SUM(k) FROM sbtest6 WHERE id BETWEEN 841738 AND 842737
	Aggregate  (cost=4249.15..4249.16 rows=1 width=8)
	  ->  Bitmap Heap Scan on sbtest6  (cost=27.72..4246.40 rows=1101 width=4)
	        Recheck Cond: ((id >= 841738) AND (id <= 842737))
	        ->  Bitmap Index Scan on sbtest6_pkey  (cost=0.00..27.44 rows=1101 width=0)
	              Index Cond: ((id >= 841738) AND (id <= 842737))

table 7 : explain SELECT SUM(k) FROM sbtest7 WHERE id BETWEEN 902321 AND 903320
	Aggregate  (cost=3465.51..3465.52 rows=1 width=8)
	  ->  Bitmap Heap Scan on sbtest7  (cost=21.60..3463.28 rows=894 width=4)
	        Recheck Cond: ((id >= 902321) AND (id <= 903320))
	        ->  Bitmap Index Scan on sbtest7_pkey  (cost=0.00..21.37 rows=894 width=0)
	              Index Cond: ((id >= 902321) AND (id <= 903320))

table 8 : explain SELECT SUM(k) FROM sbtest8 WHERE id BETWEEN 337681 AND 338680
	Aggregate  (cost=3548.71..3548.72 rows=1 width=8)
	  ->  Bitmap Heap Scan on sbtest8  (cost=21.82..3546.42 rows=916 width=4)
	        Recheck Cond: ((id >= 337681) AND (id <= 338680))
	        ->  Bitmap Index Scan on sbtest8_pkey  (cost=0.00..21.59 rows=916 width=0)
	              Index Cond: ((id >= 337681) AND (id <= 338680))

for: sum_ranges
table 1 : explain SELECT SUM(k) FROM sbtest1 WHERE id BETWEEN 3038472 AND 3039471
	Aggregate  (cost=4182.21..4182.22 rows=1 width=8)
	  ->  Bitmap Heap Scan on sbtest1  (cost=23.56..4179.49 rows=1085 width=4)
	        Recheck Cond: ((id >= 3038472) AND (id <= 3039471))
	        ->  Bitmap Index Scan on sbtest1_pkey  (cost=0.00..23.29 rows=1085 width=0)
	              Index Cond: ((id >= 3038472) AND (id <= 3039471))

table 2 : explain SELECT SUM(k) FROM sbtest2 WHERE id BETWEEN 8452863 AND 8453862
	Aggregate  (cost=3584.41..3584.42 rows=1 width=8)
	  ->  Bitmap Heap Scan on sbtest2  (cost=21.93..3582.09 rows=926 width=4)
	        Recheck Cond: ((id >= 8452863) AND (id <= 8453862))
	        ->  Bitmap Index Scan on sbtest2_pkey  (cost=0.00..21.69 rows=926 width=0)
	              Index Cond: ((id >= 8452863) AND (id <= 8453862))

table 3 : explain SELECT SUM(k) FROM sbtest3 WHERE id BETWEEN 9552919 AND 9553918
	Aggregate  (cost=3660.06..3660.07 rows=1 width=8)
	  ->  Bitmap Heap Scan on sbtest3  (cost=22.13..3657.69 rows=946 width=4)
	        Recheck Cond: ((id >= 9552919) AND (id <= 9553918))
	        ->  Bitmap Index Scan on sbtest3_pkey  (cost=0.00..21.89 rows=946 width=0)
	              Index Cond: ((id >= 9552919) AND (id <= 9553918))

table 4 : explain SELECT SUM(k) FROM sbtest4 WHERE id BETWEEN 6872960 AND 6873959
	Aggregate  (cost=4252.77..4252.78 rows=1 width=8)
	  ->  Bitmap Heap Scan on sbtest4  (cost=27.73..4250.02 rows=1102 width=4)
	        Recheck Cond: ((id >= 6872960) AND (id <= 6873959))
	        ->  Bitmap Index Scan on sbtest4_pkey  (cost=0.00..27.45 rows=1102 width=0)
	              Index Cond: ((id >= 6872960) AND (id <= 6873959))

table 5 : explain SELECT SUM(k) FROM sbtest5 WHERE id BETWEEN 8761508 AND 8762507
	Aggregate  (cost=4147.38..4147.39 rows=1 width=8)
	  ->  Bitmap Heap Scan on sbtest5  (cost=23.45..4144.69 rows=1075 width=4)
	        Recheck Cond: ((id >= 8761508) AND (id <= 8762507))
	        ->  Bitmap Index Scan on sbtest5_pkey  (cost=0.00..23.18 rows=1075 width=0)
	              Index Cond: ((id >= 8761508) AND (id <= 8762507))

table 6 : explain SELECT SUM(k) FROM sbtest6 WHERE id BETWEEN 2450133 AND 2451132
	Aggregate  (cost=3993.09..3993.10 rows=1 width=8)
	  ->  Bitmap Heap Scan on sbtest6  (cost=23.03..3990.50 rows=1034 width=4)
	        Recheck Cond: ((id >= 2450133) AND (id <= 2451132))
	        ->  Bitmap Index Scan on sbtest6_pkey  (cost=0.00..22.77 rows=1034 width=0)
	              Index Cond: ((id >= 2450133) AND (id <= 2451132))

table 7 : explain SELECT SUM(k) FROM sbtest7 WHERE id BETWEEN 355240 AND 356239
	Aggregate  (cost=3941.54..3941.55 rows=1 width=8)
	  ->  Bitmap Heap Scan on sbtest7  (cost=22.89..3938.99 rows=1020 width=4)
	        Recheck Cond: ((id >= 355240) AND (id <= 356239))
	        ->  Bitmap Index Scan on sbtest7_pkey  (cost=0.00..22.64 rows=1020 width=0)
	              Index Cond: ((id >= 355240) AND (id <= 356239))

table 8 : explain SELECT SUM(k) FROM sbtest8 WHERE id BETWEEN 9739746 AND 9740745
	Aggregate  (cost=4145.07..4145.08 rows=1 width=8)
	  ->  Bitmap Heap Scan on sbtest8  (cost=27.43..4142.39 rows=1073 width=4)
	        Recheck Cond: ((id >= 9739746) AND (id <= 9740745))
	        ->  Bitmap Index Scan on sbtest8_pkey  (cost=0.00..27.16 rows=1073 width=0)
	              Index Cond: ((id >= 9739746) AND (id <= 9740745))

for: order_ranges
table 1 : explain SELECT c FROM sbtest1 WHERE id BETWEEN 5889804 AND 5890803 ORDER BY c
	Sort  (cost=4127.44..4130.08 rows=1057 width=121)
	  Sort Key: c
	  ->  Bitmap Heap Scan on sbtest1  (cost=23.27..4074.34 rows=1057 width=121)
	        Recheck Cond: ((id >= 5889804) AND (id <= 5890803))
	        ->  Bitmap Index Scan on sbtest1_pkey  (cost=0.00..23.00 rows=1057 width=0)
	              Index Cond: ((id >= 5889804) AND (id <= 5890803))

table 2 : explain SELECT c FROM sbtest2 WHERE id BETWEEN 5888128 AND 5889127 ORDER BY c
	Sort  (cost=4178.31..4180.98 rows=1070 width=121)
	  Sort Key: c
	  ->  Bitmap Heap Scan on sbtest2  (cost=23.40..4124.47 rows=1070 width=121)
	        Recheck Cond: ((id >= 5888128) AND (id <= 5889127))
	        ->  Bitmap Index Scan on sbtest2_pkey  (cost=0.00..23.14 rows=1070 width=0)
	              Index Cond: ((id >= 5888128) AND (id <= 5889127))

table 3 : explain SELECT c FROM sbtest3 WHERE id BETWEEN 3741320 AND 3742319 ORDER BY c
	Sort  (cost=3937.86..3940.37 rows=1007 width=121)
	  Sort Key: c
	  ->  Bitmap Heap Scan on sbtest3  (cost=22.76..3887.63 rows=1007 width=121)
	        Recheck Cond: ((id >= 3741320) AND (id <= 3742319))
	        ->  Bitmap Index Scan on sbtest3_pkey  (cost=0.00..22.50 rows=1007 width=0)
	              Index Cond: ((id >= 3741320) AND (id <= 3742319))

table 4 : explain SELECT c FROM sbtest4 WHERE id BETWEEN 5592518 AND 5593517 ORDER BY c
	Sort  (cost=3977.18..3979.72 rows=1017 width=121)
	  Sort Key: c
	  ->  Bitmap Heap Scan on sbtest4  (cost=22.86..3926.38 rows=1017 width=121)
	        Recheck Cond: ((id >= 5592518) AND (id <= 5593517))
	        ->  Bitmap Index Scan on sbtest4_pkey  (cost=0.00..22.61 rows=1017 width=0)
	              Index Cond: ((id >= 5592518) AND (id <= 5593517))

table 5 : explain SELECT c FROM sbtest5 WHERE id BETWEEN 6941286 AND 6942285 ORDER BY c
	Sort  (cost=3602.03..3604.33 rows=919 width=121)
	  Sort Key: c
	  ->  Bitmap Heap Scan on sbtest5  (cost=21.85..3556.80 rows=919 width=121)
	        Recheck Cond: ((id >= 6941286) AND (id <= 6942285))
	        ->  Bitmap Index Scan on sbtest5_pkey  (cost=0.00..21.62 rows=919 width=0)
	              Index Cond: ((id >= 6941286) AND (id <= 6942285))

table 6 : explain SELECT c FROM sbtest6 WHERE id BETWEEN 1144286 AND 1145285 ORDER BY c
	Sort  (cost=3686.39..3688.74 rows=941 width=121)
	  Sort Key: c
	  ->  Bitmap Heap Scan on sbtest6  (cost=22.08..3639.91 rows=941 width=121)
	        Recheck Cond: ((id >= 1144286) AND (id <= 1145285))
	        ->  Bitmap Index Scan on sbtest6_pkey  (cost=0.00..21.84 rows=941 width=0)
	              Index Cond: ((id >= 1144286) AND (id <= 1145285))

table 7 : explain SELECT c FROM sbtest7 WHERE id BETWEEN 5513393 AND 5514392 ORDER BY c
	Sort  (cost=4035.85..4038.43 rows=1032 width=121)
	  Sort Key: c
	  ->  Bitmap Heap Scan on sbtest7  (cost=23.01..3984.19 rows=1032 width=121)
	        Recheck Cond: ((id >= 5513393) AND (id <= 5514392))
	        ->  Bitmap Index Scan on sbtest7_pkey  (cost=0.00..22.75 rows=1032 width=0)
	              Index Cond: ((id >= 5513393) AND (id <= 5514392))

table 8 : explain SELECT c FROM sbtest8 WHERE id BETWEEN 5794248 AND 5795247 ORDER BY c
	Sort  (cost=3932.67..3935.18 rows=1004 width=121)
	  Sort Key: c
	  ->  Bitmap Heap Scan on sbtest8  (cost=26.73..3882.61 rows=1004 width=121)
	        Recheck Cond: ((id >= 5794248) AND (id <= 5795247))
	        ->  Bitmap Index Scan on sbtest8_pkey  (cost=0.00..26.47 rows=1004 width=0)
	              Index Cond: ((id >= 5794248) AND (id <= 5795247))

for: order_ranges
table 1 : explain SELECT c FROM sbtest1 WHERE id BETWEEN 6957367 AND 6958366 ORDER BY c
	Sort  (cost=4020.58..4023.15 rows=1029 width=121)
	  Sort Key: c
	  ->  Bitmap Heap Scan on sbtest1  (cost=22.98..3969.09 rows=1029 width=121)
	        Recheck Cond: ((id >= 6957367) AND (id <= 6958366))
	        ->  Bitmap Index Scan on sbtest1_pkey  (cost=0.00..22.72 rows=1029 width=0)
	              Index Cond: ((id >= 6957367) AND (id <= 6958366))

table 2 : explain SELECT c FROM sbtest2 WHERE id BETWEEN 5980007 AND 5981006 ORDER BY c
	Sort  (cost=3635.38..3637.70 rows=928 width=121)
	  Sort Key: c
	  ->  Bitmap Heap Scan on sbtest2  (cost=21.95..3589.64 rows=928 width=121)
	        Recheck Cond: ((id >= 5980007) AND (id <= 5981006))
	        ->  Bitmap Index Scan on sbtest2_pkey  (cost=0.00..21.71 rows=928 width=0)
	              Index Cond: ((id >= 5980007) AND (id <= 5981006))

table 3 : explain SELECT c FROM sbtest3 WHERE id BETWEEN 4708234 AND 4709233 ORDER BY c
	Sort  (cost=3918.74..3921.25 rows=1002 width=121)
	  Sort Key: c
	  ->  Bitmap Heap Scan on sbtest3  (cost=22.71..3868.80 rows=1002 width=121)
	        Recheck Cond: ((id >= 4708234) AND (id <= 4709233))
	        ->  Bitmap Index Scan on sbtest3_pkey  (cost=0.00..22.45 rows=1002 width=0)
	              Index Cond: ((id >= 4708234) AND (id <= 4709233))

table 4 : explain SELECT c FROM sbtest4 WHERE id BETWEEN 3451938 AND 3452937 ORDER BY c
	Sort  (cost=3701.61..3703.97 rows=945 width=121)
	  Sort Key: c
	  ->  Bitmap Heap Scan on sbtest4  (cost=22.12..3654.91 rows=945 width=121)
	        Recheck Cond: ((id >= 3451938) AND (id <= 3452937))
	        ->  Bitmap Index Scan on sbtest4_pkey  (cost=0.00..21.89 rows=945 width=0)
	              Index Cond: ((id >= 3451938) AND (id <= 3452937))

table 5 : explain SELECT c FROM sbtest5 WHERE id BETWEEN 3330920 AND 3331919 ORDER BY c
	Sort  (cost=3866.36..3868.83 rows=988 width=121)
	  Sort Key: c
	  ->  Bitmap Heap Scan on sbtest5  (cost=22.56..3817.22 rows=988 width=121)
	        Recheck Cond: ((id >= 3330920) AND (id <= 3331919))
	        ->  Bitmap Index Scan on sbtest5_pkey  (cost=0.00..22.32 rows=988 width=0)
	              Index Cond: ((id >= 3330920) AND (id <= 3331919))

table 6 : explain SELECT c FROM sbtest6 WHERE id BETWEEN 5635534 AND 5636533 ORDER BY c
	Sort  (cost=4137.95..4140.59 rows=1058 width=121)
	  Sort Key: c
	  ->  Bitmap Heap Scan on sbtest6  (cost=27.28..4084.80 rows=1058 width=121)
	        Recheck Cond: ((id >= 5635534) AND (id <= 5636533))
	        ->  Bitmap Index Scan on sbtest6_pkey  (cost=0.00..27.01 rows=1058 width=0)
	              Index Cond: ((id >= 5635534) AND (id <= 5636533))

table 7 : explain SELECT c FROM sbtest7 WHERE id BETWEEN 7489876 AND 7490875 ORDER BY c
	Sort  (cost=3767.94..3770.34 rows=962 width=121)
	  Sort Key: c
	  ->  Bitmap Heap Scan on sbtest7  (cost=22.30..3720.27 rows=962 width=121)
	        Recheck Cond: ((id >= 7489876) AND (id <= 7490875))
	        ->  Bitmap Index Scan on sbtest7_pkey  (cost=0.00..22.05 rows=962 width=0)
	              Index Cond: ((id >= 7489876) AND (id <= 7490875))

table 8 : explain SELECT c FROM sbtest8 WHERE id BETWEEN 3604346 AND 3605345 ORDER BY c
	Sort  (cost=3863.60..3866.07 rows=987 width=121)
	  Sort Key: c
	  ->  Bitmap Heap Scan on sbtest8  (cost=22.55..3814.52 rows=987 width=121)
	        Recheck Cond: ((id >= 3604346) AND (id <= 3605345))
	        ->  Bitmap Index Scan on sbtest8_pkey  (cost=0.00..22.30 rows=987 width=0)
	              Index Cond: ((id >= 3604346) AND (id <= 3605345))

for: distinct_ranges
table 1 : explain SELECT DISTINCT c FROM sbtest1 WHERE id BETWEEN 2628289 AND 2629288 ORDER BY c
	Unique  (cost=3841.00..3845.91 rows=982 width=121)
	  ->  Sort  (cost=3841.00..3843.46 rows=982 width=121)
	        Sort Key: c
	        ->  Bitmap Heap Scan on sbtest1  (cost=22.50..3792.20 rows=982 width=121)
	              Recheck Cond: ((id >= 2628289) AND (id <= 2629288))
	              ->  Bitmap Index Scan on sbtest1_pkey  (cost=0.00..22.25 rows=982 width=0)
	                    Index Cond: ((id >= 2628289) AND (id <= 2629288))

table 2 : explain SELECT DISTINCT c FROM sbtest2 WHERE id BETWEEN 465506 AND 466505 ORDER BY c
	Unique  (cost=3872.74..3877.69 rows=990 width=121)
	  ->  Sort  (cost=3872.74..3875.21 rows=990 width=121)
	        Sort Key: c
	        ->  Bitmap Heap Scan on sbtest2  (cost=22.58..3823.48 rows=990 width=121)
	              Recheck Cond: ((id >= 465506) AND (id <= 466505))
	              ->  Bitmap Index Scan on sbtest2_pkey  (cost=0.00..22.33 rows=990 width=0)
	                    Index Cond: ((id >= 465506) AND (id <= 466505))

table 3 : explain SELECT DISTINCT c FROM sbtest3 WHERE id BETWEEN 6624240 AND 6625239 ORDER BY c
	Unique  (cost=4109.75..4115.01 rows=1052 width=121)
	  ->  Sort  (cost=4109.75..4112.38 rows=1052 width=121)
	        Sort Key: c
	        ->  Bitmap Heap Scan on sbtest3  (cost=23.22..4056.94 rows=1052 width=121)
	              Recheck Cond: ((id >= 6624240) AND (id <= 6625239))
	              ->  Bitmap Index Scan on sbtest3_pkey  (cost=0.00..22.95 rows=1052 width=0)
	                    Index Cond: ((id >= 6624240) AND (id <= 6625239))

table 4 : explain SELECT DISTINCT c FROM sbtest4 WHERE id BETWEEN 7342668 AND 7343667 ORDER BY c
	Unique  (cost=3919.82..3924.83 rows=1002 width=121)
	  ->  Sort  (cost=3919.82..3922.33 rows=1002 width=121)
	        Sort Key: c
	        ->  Bitmap Heap Scan on sbtest4  (cost=22.71..3869.88 rows=1002 width=121)
	              Recheck Cond: ((id >= 7342668) AND (id <= 7343667))
	              ->  Bitmap Index Scan on sbtest4_pkey  (cost=0.00..22.45 rows=1002 width=0)
	                    Index Cond: ((id >= 7342668) AND (id <= 7343667))

table 5 : explain SELECT DISTINCT c FROM sbtest5 WHERE id BETWEEN 2652446 AND 2653445 ORDER BY c
	Unique  (cost=3640.37..3645.02 rows=929 width=121)
	  ->  Sort  (cost=3640.37..3642.70 rows=929 width=121)
	        Sort Key: c
	        ->  Bitmap Heap Scan on sbtest5  (cost=21.96..3594.58 rows=929 width=121)
	              Recheck Cond: ((id >= 2652446) AND (id <= 2653445))
	              ->  Bitmap Index Scan on sbtest5_pkey  (cost=0.00..21.72 rows=929 width=0)
	                    Index Cond: ((id >= 2652446) AND (id <= 2653445))

table 6 : explain SELECT DISTINCT c FROM sbtest6 WHERE id BETWEEN 9335147 AND 9336146 ORDER BY c
	Unique  (cost=3984.95..3990.04 rows=1019 width=121)
	  ->  Sort  (cost=3984.95..3987.49 rows=1019 width=121)
	        Sort Key: c
	        ->  Bitmap Heap Scan on sbtest6  (cost=22.88..3934.03 rows=1019 width=121)
	              Recheck Cond: ((id >= 9335147) AND (id <= 9336146))
	              ->  Bitmap Index Scan on sbtest6_pkey  (cost=0.00..22.62 rows=1019 width=0)
	                    Index Cond: ((id >= 9335147) AND (id <= 9336146))

table 7 : explain SELECT DISTINCT c FROM sbtest7 WHERE id BETWEEN 1021688 AND 1022687 ORDER BY c
	Unique  (cost=3756.44..3761.24 rows=959 width=121)
	  ->  Sort  (cost=3756.44..3758.84 rows=959 width=121)
	        Sort Key: c
	        ->  Bitmap Heap Scan on sbtest7  (cost=22.26..3708.94 rows=959 width=121)
	              Recheck Cond: ((id >= 1021688) AND (id <= 1022687))
	              ->  Bitmap Index Scan on sbtest7_pkey  (cost=0.00..22.02 rows=959 width=0)
	                    Index Cond: ((id >= 1021688) AND (id <= 1022687))

table 8 : explain SELECT DISTINCT c FROM sbtest8 WHERE id BETWEEN 8794238 AND 8795237 ORDER BY c
	Unique  (cost=4001.52..4006.63 rows=1022 width=121)
	  ->  Sort  (cost=4001.52..4004.08 rows=1022 width=121)
	        Sort Key: c
	        ->  Bitmap Heap Scan on sbtest8  (cost=26.91..3950.44 rows=1022 width=121)
	              Recheck Cond: ((id >= 8794238) AND (id <= 8795237))
	              ->  Bitmap Index Scan on sbtest8_pkey  (cost=0.00..26.65 rows=1022 width=0)
	                    Index Cond: ((id >= 8794238) AND (id <= 8795237))

for: distinct_ranges
table 1 : explain SELECT DISTINCT c FROM sbtest1 WHERE id BETWEEN 278527 AND 279526 ORDER BY c
	Unique  (cost=3883.06..3888.02 rows=993 width=121)
	  ->  Sort  (cost=3883.06..3885.54 rows=993 width=121)
	        Sort Key: c
	        ->  Bitmap Heap Scan on sbtest1  (cost=22.61..3833.63 rows=993 width=121)
	              Recheck Cond: ((id >= 278527) AND (id <= 279526))
	              ->  Bitmap Index Scan on sbtest1_pkey  (cost=0.00..22.36 rows=993 width=0)
	                    Index Cond: ((id >= 278527) AND (id <= 279526))

table 2 : explain SELECT DISTINCT c FROM sbtest2 WHERE id BETWEEN 1925204 AND 1926203 ORDER BY c
	Unique  (cost=3623.89..3628.51 rows=925 width=121)
	  ->  Sort  (cost=3623.89..3626.20 rows=925 width=121)
	        Sort Key: c
	        ->  Bitmap Heap Scan on sbtest2  (cost=21.92..3578.31 rows=925 width=121)
	              Recheck Cond: ((id >= 1925204) AND (id <= 1926203))
	              ->  Bitmap Index Scan on sbtest2_pkey  (cost=0.00..21.68 rows=925 width=0)
	                    Index Cond: ((id >= 1925204) AND (id <= 1926203))

table 3 : explain SELECT DISTINCT c FROM sbtest3 WHERE id BETWEEN 4582846 AND 4583845 ORDER BY c
	Unique  (cost=3899.62..3904.61 rows=997 width=121)
	  ->  Sort  (cost=3899.62..3902.12 rows=997 width=121)
	        Sort Key: c
	        ->  Bitmap Heap Scan on sbtest3  (cost=22.65..3849.97 rows=997 width=121)
	              Recheck Cond: ((id >= 4582846) AND (id <= 4583845))
	              ->  Bitmap Index Scan on sbtest3_pkey  (cost=0.00..22.40 rows=997 width=0)
	                    Index Cond: ((id >= 4582846) AND (id <= 4583845))

table 4 : explain SELECT DISTINCT c FROM sbtest4 WHERE id BETWEEN 9802275 AND 9803274 ORDER BY c
	Unique  (cost=3965.71..3970.78 rows=1014 width=121)
	  ->  Sort  (cost=3965.71..3968.25 rows=1014 width=121)
	        Sort Key: c
	        ->  Bitmap Heap Scan on sbtest4  (cost=22.83..3915.08 rows=1014 width=121)
	              Recheck Cond: ((id >= 9802275) AND (id <= 9803274))
	              ->  Bitmap Index Scan on sbtest4_pkey  (cost=0.00..22.57 rows=1014 width=0)
	                    Index Cond: ((id >= 9802275) AND (id <= 9803274))

table 5 : explain SELECT DISTINCT c FROM sbtest5 WHERE id BETWEEN 7589250 AND 7590249 ORDER BY c
	Unique  (cost=4095.74..4100.98 rows=1048 width=121)
	  ->  Sort  (cost=4095.74..4098.36 rows=1048 width=121)
	        Sort Key: c
	        ->  Bitmap Heap Scan on sbtest5  (cost=23.18..4043.17 rows=1048 width=121)
	              Recheck Cond: ((id >= 7589250) AND (id <= 7590249))
	              ->  Bitmap Index Scan on sbtest5_pkey  (cost=0.00..22.91 rows=1048 width=0)
	                    Index Cond: ((id >= 7589250) AND (id <= 7590249))

table 6 : explain SELECT DISTINCT c FROM sbtest6 WHERE id BETWEEN 199727 AND 200726 ORDER BY c
	Unique  (cost=3981.12..3986.21 rows=1018 width=121)
	  ->  Sort  (cost=3981.12..3983.67 rows=1018 width=121)
	        Sort Key: c
	        ->  Bitmap Heap Scan on sbtest6  (cost=22.87..3930.27 rows=1018 width=121)
	              Recheck Cond: ((id >= 199727) AND (id <= 200726))
	              ->  Bitmap Index Scan on sbtest6_pkey  (cost=0.00..22.61 rows=1018 width=0)
	                    Index Cond: ((id >= 199727) AND (id <= 200726))

table 7 : explain SELECT DISTINCT c FROM sbtest7 WHERE id BETWEEN 6098935 AND 6099934 ORDER BY c
	Unique  (cost=3787.09..3791.93 rows=967 width=121)
	  ->  Sort  (cost=3787.09..3789.51 rows=967 width=121)
	        Sort Key: c
	        ->  Bitmap Heap Scan on sbtest7  (cost=22.35..3739.14 rows=967 width=121)
	              Recheck Cond: ((id >= 6098935) AND (id <= 6099934))
	              ->  Bitmap Index Scan on sbtest7_pkey  (cost=0.00..22.11 rows=967 width=0)
	                    Index Cond: ((id >= 6098935) AND (id <= 6099934))

table 8 : explain SELECT DISTINCT c FROM sbtest8 WHERE id BETWEEN 1221842 AND 1222841 ORDER BY c
	Unique  (cost=3790.84..3795.68 rows=968 width=121)
	  ->  Sort  (cost=3790.84..3793.26 rows=968 width=121)
	        Sort Key: c
	        ->  Bitmap Heap Scan on sbtest8  (cost=22.36..3742.84 rows=968 width=121)
	              Recheck Cond: ((id >= 1221842) AND (id <= 1222841))
	              ->  Bitmap Index Scan on sbtest8_pkey  (cost=0.00..22.11 rows=968 width=0)
	                    Index Cond: ((id >= 1221842) AND (id <= 1222841))

Threads started!

Warming up for 5 seconds...

SQL statistics:
    queries performed:
        read:                            91776508
        write:                           0
        other:                           16686664
        total:                           108463172
    transactions:                        8343352 (13243.24 per sec.)
    queries:                             108463172 (172161.49 per sec.)
    ignored errors:                      0      (0.00 per sec.)
    reconnects:                          0      (0.00 per sec.)

Throughput:
    events/s (eps):                      13243.2406
    time elapsed:                        630.0085s
    total number of events:              8343352

Latency (ms):
         min:                                    0.52
         avg:                                    3.02
         max:                                   18.87
         95th percentile:                        3.13
         sum:                             25191794.53

Threads fairness:
    events (avg/stddev):           208583.5500/600.91
    execution time (avg/stddev):   629.7949/0.00

