LUA_PATH=/home/mdcallag/git/mytools/bench/sysbench.lua/lua/?.lua /home/mdcallag/git/mytools/bench/sysbench.lua/lua/sysbench --db-driver=pgsql --range-size=100 --table-size=10000000 --tables=8 --threads=40 --events=0 --warmup-time=5 --time=630 --pgsql_conn_id=true /home/mdcallag/git/mytools/bench/sysbench.lua/lua/oltp_range_covered.lua run --pgsql-user=root --pgsql-password=pw --pgsql-host=127.0.0.1 --pgsql-db=ib --rand-type=uniform --random-points=100 --skip-trx --on-id=false --covered=false
48 CPUs
sysbench 1.1.0-9072687 (using bundled LuaJIT 2.1.0-beta3)

Running the test with following options:
Number of threads: 40
Warmup time: 5s
Initializing random number generator from current time


Initializing worker threads...

explain: for range-notcovered :: explain SELECT k, c FROM sbtest%d WHERE k BETWEEN 583449 AND 583549
explain: for range-notcovered :: explain SELECT k, c FROM sbtest%d WHERE k BETWEEN 5715599 AND 5715699
explain: for range-notcovered :: explain SELECT k, c FROM sbtest%d WHERE k BETWEEN 8015230 AND 8015330
explain: for range-notcovered :: explain SELECT k, c FROM sbtest%d WHERE k BETWEEN 7642494 AND 7642594
explain: for range-notcovered :: explain SELECT k, c FROM sbtest%d WHERE k BETWEEN 2223803 AND 2223903
explain: for range-notcovered :: explain SELECT k, c FROM sbtest%d WHERE k BETWEEN 6683285 AND 6683385
explain: for range-notcovered :: explain SELECT k, c FROM sbtest%d WHERE k BETWEEN 4849738 AND 4849838
explain: for range-notcovered :: explain SELECT k, c FROM sbtest%d WHERE k BETWEEN 3769934 AND 3770034
for range-notcovered
table 1 : explain SELECT k, c FROM sbtest1 WHERE k BETWEEN 7642494 AND 7642594
	Bitmap Heap Scan on sbtest1  (cost=5.52..424.81 rows=106 width=125)
	  Recheck Cond: ((k >= 7642494) AND (k <= 7642594))
	  ->  Bitmap Index Scan on k_1  (cost=0.00..5.50 rows=106 width=0)
	        Index Cond: ((k >= 7642494) AND (k <= 7642594))

table 2 : explain SELECT k, c FROM sbtest2 WHERE k BETWEEN 7642494 AND 7642594
	Bitmap Heap Scan on sbtest2  (cost=5.52..424.81 rows=106 width=125)
	  Recheck Cond: ((k >= 7642494) AND (k <= 7642594))
	  ->  Bitmap Index Scan on k_2  (cost=0.00..5.50 rows=106 width=0)
	        Index Cond: ((k >= 7642494) AND (k <= 7642594))

table 3 : explain SELECT k, c FROM sbtest3 WHERE k BETWEEN 7642494 AND 7642594
	Bitmap Heap Scan on sbtest3  (cost=5.52..424.81 rows=106 width=125)
	  Recheck Cond: ((k >= 7642494) AND (k <= 7642594))
	  ->  Bitmap Index Scan on k_3  (cost=0.00..5.50 rows=106 width=0)
	        Index Cond: ((k >= 7642494) AND (k <= 7642594))

table 4 : explain SELECT k, c FROM sbtest4 WHERE k BETWEEN 7642494 AND 7642594
	Bitmap Heap Scan on sbtest4  (cost=5.55..436.62 rows=109 width=125)
	  Recheck Cond: ((k >= 7642494) AND (k <= 7642594))
	  ->  Bitmap Index Scan on k_4  (cost=0.00..5.52 rows=109 width=0)
	        Index Cond: ((k >= 7642494) AND (k <= 7642594))

table 5 : explain SELECT k, c FROM sbtest5 WHERE k BETWEEN 7642494 AND 7642594
	Bitmap Heap Scan on sbtest5  (cost=5.47..405.13 rows=101 width=125)
	  Recheck Cond: ((k >= 7642494) AND (k <= 7642594))
	  ->  Bitmap Index Scan on k_5  (cost=0.00..5.44 rows=101 width=0)
	        Index Cond: ((k >= 7642494) AND (k <= 7642594))

table 6 : explain SELECT k, c FROM sbtest6 WHERE k BETWEEN 7642494 AND 7642594
	Bitmap Heap Scan on sbtest6  (cost=5.53..428.75 rows=107 width=125)
	  Recheck Cond: ((k >= 7642494) AND (k <= 7642594))
	  ->  Bitmap Index Scan on k_6  (cost=0.00..5.50 rows=107 width=0)
	        Index Cond: ((k >= 7642494) AND (k <= 7642594))

table 7 : explain SELECT k, c FROM sbtest7 WHERE k BETWEEN 7642494 AND 7642594
	Bitmap Heap Scan on sbtest7  (cost=5.43..389.37 rows=97 width=125)
	  Recheck Cond: ((k >= 7642494) AND (k <= 7642594))
	  ->  Bitmap Index Scan on k_7  (cost=0.00..5.40 rows=97 width=0)
	        Index Cond: ((k >= 7642494) AND (k <= 7642594))

table 8 : explain SELECT k, c FROM sbtest8 WHERE k BETWEEN 7642494 AND 7642594
	Bitmap Heap Scan on sbtest8  (cost=5.59..452.36 rows=113 width=125)
	  Recheck Cond: ((k >= 7642494) AND (k <= 7642594))
	  ->  Bitmap Index Scan on k_8  (cost=0.00..5.56 rows=113 width=0)
	        Index Cond: ((k >= 7642494) AND (k <= 7642594))

explain: for range-notcovered :: explain SELECT k, c FROM sbtest%d WHERE k BETWEEN 7642494 AND 7642594
for range-notcovered
table 1 : explain SELECT k, c FROM sbtest1 WHERE k BETWEEN 6683285 AND 6683385
	Bitmap Heap Scan on sbtest1  (cost=5.55..436.62 rows=109 width=125)
	  Recheck Cond: ((k >= 6683285) AND (k <= 6683385))
	  ->  Bitmap Index Scan on k_1  (cost=0.00..5.52 rows=109 width=0)
	        Index Cond: ((k >= 6683285) AND (k <= 6683385))

table 2 : explain SELECT k, c FROM sbtest2 WHERE k BETWEEN 6683285 AND 6683385
	Bitmap Heap Scan on sbtest2  (cost=5.45..397.25 rows=99 width=125)
	  Recheck Cond: ((k >= 6683285) AND (k <= 6683385))
	  ->  Bitmap Index Scan on k_2  (cost=0.00..5.42 rows=99 width=0)
	        Index Cond: ((k >= 6683285) AND (k <= 6683385))

table 3 : explain SELECT k, c FROM sbtest3 WHERE k BETWEEN 6683285 AND 6683385
	Bitmap Heap Scan on sbtest3  (cost=5.53..428.75 rows=107 width=125)
	  Recheck Cond: ((k >= 6683285) AND (k <= 6683385))
	  ->  Bitmap Index Scan on k_3  (cost=0.00..5.50 rows=107 width=0)
	        Index Cond: ((k >= 6683285) AND (k <= 6683385))

table 4 : explain SELECT k, c FROM sbtest4 WHERE k BETWEEN 6683285 AND 6683385
	Bitmap Heap Scan on sbtest4  (cost=5.48..409.07 rows=102 width=125)
	  Recheck Cond: ((k >= 6683285) AND (k <= 6683385))
	  ->  Bitmap Index Scan on k_4  (cost=0.00..5.45 rows=102 width=0)
	        Index Cond: ((k >= 6683285) AND (k <= 6683385))

table 5 : explain SELECT k, c FROM sbtest5 WHERE k BETWEEN 6683285 AND 6683385
	Bitmap Heap Scan on sbtest5  (cost=5.55..436.62 rows=109 width=125)
	  Recheck Cond: ((k >= 6683285) AND (k <= 6683385))
	  ->  Bitmap Index Scan on k_5  (cost=0.00..5.52 rows=109 width=0)
	        Index Cond: ((k >= 6683285) AND (k <= 6683385))

table 6 : explain SELECT k, c FROM sbtest6 WHERE k BETWEEN 6683285 AND 6683385
	Bitmap Heap Scan on sbtest6  (cost=5.37..365.72 rows=91 width=125)
	  Recheck Cond: ((k >= 6683285) AND (k <= 6683385))
	  ->  Bitmap Index Scan on k_6  (cost=0.00..5.34 rows=91 width=0)
	        Index Cond: ((k >= 6683285) AND (k <= 6683385))

table 7 : explain SELECT k, c FROM sbtest7 WHERE k BETWEEN 6683285 AND 6683385
	Bitmap Heap Scan on sbtest7  (cost=5.48..409.07 rows=102 width=125)
	  Recheck Cond: ((k >= 6683285) AND (k <= 6683385))
	  ->  Bitmap Index Scan on k_7  (cost=0.00..5.45 rows=102 width=0)
	        Index Cond: ((k >= 6683285) AND (k <= 6683385))

table 8 : explain SELECT k, c FROM sbtest8 WHERE k BETWEEN 6683285 AND 6683385
	Bitmap Heap Scan on sbtest8  (cost=5.38..369.67 rows=92 width=125)
	  Recheck Cond: ((k >= 6683285) AND (k <= 6683385))
	  ->  Bitmap Index Scan on k_8  (cost=0.00..5.35 rows=92 width=0)
	        Index Cond: ((k >= 6683285) AND (k <= 6683385))

explain: for range-notcovered :: explain SELECT k, c FROM sbtest%d WHERE k BETWEEN 6683285 AND 6683385
explain: for range-notcovered :: explain SELECT k, c FROM sbtest%d WHERE k BETWEEN 1661287 AND 1661387
explain: for range-notcovered :: explain SELECT k, c FROM sbtest%d WHERE k BETWEEN 2045916 AND 2046016
for range-notcovered
table 1 : explain SELECT k, c FROM sbtest1 WHERE k BETWEEN 583449 AND 583549
	Bitmap Heap Scan on sbtest1  (cost=5.50..416.94 rows=104 width=125)
	  Recheck Cond: ((k >= 583449) AND (k <= 583549))
	  ->  Bitmap Index Scan on k_1  (cost=0.00..5.47 rows=104 width=0)
	        Index Cond: ((k >= 583449) AND (k <= 583549))

table 2 : explain SELECT k, c FROM sbtest2 WHERE k BETWEEN 583449 AND 583549
	Bitmap Heap Scan on sbtest2  (cost=5.40..377.55 rows=94 width=125)
	  Recheck Cond: ((k >= 583449) AND (k <= 583549))
	  ->  Bitmap Index Scan on k_2  (cost=0.00..5.38 rows=94 width=0)
	        Index Cond: ((k >= 583449) AND (k <= 583549))

table 3 : explain SELECT k, c FROM sbtest3 WHERE k BETWEEN 583449 AND 583549
	Bitmap Heap Scan on sbtest3  (cost=5.33..349.95 rows=87 width=125)
	  Recheck Cond: ((k >= 583449) AND (k <= 583549))
	  ->  Bitmap Index Scan on k_3  (cost=0.00..5.30 rows=87 width=0)
	        Index Cond: ((k >= 583449) AND (k <= 583549))

table 4 : explain SELECT k, c FROM sbtest4 WHERE k BETWEEN 583449 AND 583549
	Bitmap Heap Scan on sbtest4  (cost=5.48..409.07 rows=102 width=125)
	  Recheck Cond: ((k >= 583449) AND (k <= 583549))
	  ->  Bitmap Index Scan on k_4  (cost=0.00..5.45 rows=102 width=0)
	        Index Cond: ((k >= 583449) AND (k <= 583549))

table 5 : explain SELECT k, c FROM sbtest5 WHERE k BETWEEN 583449 AND 583549
	Bitmap Heap Scan on sbtest5  (cost=5.50..416.94 rows=104 width=125)
	  Recheck Cond: ((k >= 583449) AND (k <= 583549))
	  ->  Bitmap Index Scan on k_5  (cost=0.00..5.47 rows=104 width=0)
	        Index Cond: ((k >= 583449) AND (k <= 583549))

table 6 : explain SELECT k, c FROM sbtest6 WHERE k BETWEEN 583449 AND 583549
	Bitmap Heap Scan on sbtest6  (cost=5.46..401.19 rows=100 width=125)
	  Recheck Cond: ((k >= 583449) AND (k <= 583549))
	  ->  Bitmap Index Scan on k_6  (cost=0.00..5.43 rows=100 width=0)
	        Index Cond: ((k >= 583449) AND (k <= 583549))

table 7 : explain SELECT k, c FROM sbtest7 WHERE k BETWEEN 583449 AND 583549
	Bitmap Heap Scan on sbtest7  (cost=5.37..365.72 rows=91 width=125)
	  Recheck Cond: ((k >= 583449) AND (k <= 583549))
	  ->  Bitmap Index Scan on k_7  (cost=0.00..5.34 rows=91 width=0)
	        Index Cond: ((k >= 583449) AND (k <= 583549))

table 8 : explain SELECT k, c FROM sbtest8 WHERE k BETWEEN 583449 AND 583549
	Bitmap Heap Scan on sbtest8  (cost=5.57..444.49 rows=111 width=125)
	  Recheck Cond: ((k >= 583449) AND (k <= 583549))
	  ->  Bitmap Index Scan on k_8  (cost=0.00..5.54 rows=111 width=0)
	        Index Cond: ((k >= 583449) AND (k <= 583549))

explain: for range-notcovered :: explain SELECT k, c FROM sbtest%d WHERE k BETWEEN 583449 AND 583549
for range-notcovered
table 1 : explain SELECT k, c FROM sbtest1 WHERE k BETWEEN 7642494 AND 7642594
	Bitmap Heap Scan on sbtest1  (cost=5.52..424.81 rows=106 width=125)
	  Recheck Cond: ((k >= 7642494) AND (k <= 7642594))
	  ->  Bitmap Index Scan on k_1  (cost=0.00..5.50 rows=106 width=0)
	        Index Cond: ((k >= 7642494) AND (k <= 7642594))

table 2 : explain SELECT k, c FROM sbtest2 WHERE k BETWEEN 7642494 AND 7642594
	Bitmap Heap Scan on sbtest2  (cost=5.52..424.81 rows=106 width=125)
	  Recheck Cond: ((k >= 7642494) AND (k <= 7642594))
	  ->  Bitmap Index Scan on k_2  (cost=0.00..5.50 rows=106 width=0)
	        Index Cond: ((k >= 7642494) AND (k <= 7642594))

table 3 : explain SELECT k, c FROM sbtest3 WHERE k BETWEEN 7642494 AND 7642594
	Bitmap Heap Scan on sbtest3  (cost=5.52..424.81 rows=106 width=125)
	  Recheck Cond: ((k >= 7642494) AND (k <= 7642594))
	  ->  Bitmap Index Scan on k_3  (cost=0.00..5.50 rows=106 width=0)
	        Index Cond: ((k >= 7642494) AND (k <= 7642594))

table 4 : explain SELECT k, c FROM sbtest4 WHERE k BETWEEN 7642494 AND 7642594
	Bitmap Heap Scan on sbtest4  (cost=5.55..436.62 rows=109 width=125)
	  Recheck Cond: ((k >= 7642494) AND (k <= 7642594))
	  ->  Bitmap Index Scan on k_4  (cost=0.00..5.52 rows=109 width=0)
	        Index Cond: ((k >= 7642494) AND (k <= 7642594))

table 5 : explain SELECT k, c FROM sbtest5 WHERE k BETWEEN 7642494 AND 7642594
	Bitmap Heap Scan on sbtest5  (cost=5.47..405.13 rows=101 width=125)
	  Recheck Cond: ((k >= 7642494) AND (k <= 7642594))
	  ->  Bitmap Index Scan on k_5  (cost=0.00..5.44 rows=101 width=0)
	        Index Cond: ((k >= 7642494) AND (k <= 7642594))

table 6 : explain SELECT k, c FROM sbtest6 WHERE k BETWEEN 7642494 AND 7642594
	Bitmap Heap Scan on sbtest6  (cost=5.53..428.75 rows=107 width=125)
	  Recheck Cond: ((k >= 7642494) AND (k <= 7642594))
	  ->  Bitmap Index Scan on k_6  (cost=0.00..5.50 rows=107 width=0)
	        Index Cond: ((k >= 7642494) AND (k <= 7642594))

table 7 : explain SELECT k, c FROM sbtest7 WHERE k BETWEEN 7642494 AND 7642594
	Bitmap Heap Scan on sbtest7  (cost=5.43..389.37 rows=97 width=125)
	  Recheck Cond: ((k >= 7642494) AND (k <= 7642594))
	  ->  Bitmap Index Scan on k_7  (cost=0.00..5.40 rows=97 width=0)
	        Index Cond: ((k >= 7642494) AND (k <= 7642594))

table 8 : explain SELECT k, c FROM sbtest8 WHERE k BETWEEN 7642494 AND 7642594
	Bitmap Heap Scan on sbtest8  (cost=5.59..452.36 rows=113 width=125)
	  Recheck Cond: ((k >= 7642494) AND (k <= 7642594))
	  ->  Bitmap Index Scan on k_8  (cost=0.00..5.56 rows=113 width=0)
	        Index Cond: ((k >= 7642494) AND (k <= 7642594))

for range-notcovered
table 1 : explain SELECT k, c FROM sbtest1 WHERE k BETWEEN 583449 AND 583549
	Bitmap Heap Scan on sbtest1  (cost=5.50..416.94 rows=104 width=125)
	  Recheck Cond: ((k >= 583449) AND (k <= 583549))
	  ->  Bitmap Index Scan on k_1  (cost=0.00..5.47 rows=104 width=0)
	        Index Cond: ((k >= 583449) AND (k <= 583549))

table 2 : explain SELECT k, c FROM sbtest2 WHERE k BETWEEN 583449 AND 583549
	Bitmap Heap Scan on sbtest2  (cost=5.40..377.55 rows=94 width=125)
	  Recheck Cond: ((k >= 583449) AND (k <= 583549))
	  ->  Bitmap Index Scan on k_2  (cost=0.00..5.38 rows=94 width=0)
	        Index Cond: ((k >= 583449) AND (k <= 583549))

table 3 : explain SELECT k, c FROM sbtest3 WHERE k BETWEEN 583449 AND 583549
	Bitmap Heap Scan on sbtest3  (cost=5.33..349.95 rows=87 width=125)
	  Recheck Cond: ((k >= 583449) AND (k <= 583549))
	  ->  Bitmap Index Scan on k_3  (cost=0.00..5.30 rows=87 width=0)
	        Index Cond: ((k >= 583449) AND (k <= 583549))

table 4 : explain SELECT k, c FROM sbtest4 WHERE k BETWEEN 583449 AND 583549
	Bitmap Heap Scan on sbtest4  (cost=5.48..409.07 rows=102 width=125)
	  Recheck Cond: ((k >= 583449) AND (k <= 583549))
	  ->  Bitmap Index Scan on k_4  (cost=0.00..5.45 rows=102 width=0)
	        Index Cond: ((k >= 583449) AND (k <= 583549))

table 5 : explain SELECT k, c FROM sbtest5 WHERE k BETWEEN 583449 AND 583549
	Bitmap Heap Scan on sbtest5  (cost=5.50..416.94 rows=104 width=125)
	  Recheck Cond: ((k >= 583449) AND (k <= 583549))
	  ->  Bitmap Index Scan on k_5  (cost=0.00..5.47 rows=104 width=0)
	        Index Cond: ((k >= 583449) AND (k <= 583549))

table 6 : explain SELECT k, c FROM sbtest6 WHERE k BETWEEN 583449 AND 583549
	Bitmap Heap Scan on sbtest6  (cost=5.46..401.19 rows=100 width=125)
	  Recheck Cond: ((k >= 583449) AND (k <= 583549))
	  ->  Bitmap Index Scan on k_6  (cost=0.00..5.43 rows=100 width=0)
	        Index Cond: ((k >= 583449) AND (k <= 583549))

table 7 : explain SELECT k, c FROM sbtest7 WHERE k BETWEEN 583449 AND 583549
	Bitmap Heap Scan on sbtest7  (cost=5.37..365.72 rows=91 width=125)
	  Recheck Cond: ((k >= 583449) AND (k <= 583549))
	  ->  Bitmap Index Scan on k_7  (cost=0.00..5.34 rows=91 width=0)
	        Index Cond: ((k >= 583449) AND (k <= 583549))

table 8 : explain SELECT k, c FROM sbtest8 WHERE k BETWEEN 583449 AND 583549
	Bitmap Heap Scan on sbtest8  (cost=5.57..444.49 rows=111 width=125)
	  Recheck Cond: ((k >= 583449) AND (k <= 583549))
	  ->  Bitmap Index Scan on k_8  (cost=0.00..5.54 rows=111 width=0)
	        Index Cond: ((k >= 583449) AND (k <= 583549))

explain: for range-notcovered :: explain SELECT k, c FROM sbtest%d WHERE k BETWEEN 7642494 AND 7642594
explain: for range-notcovered :: explain SELECT k, c FROM sbtest%d WHERE k BETWEEN 583449 AND 583549
for range-notcovered
table 1 : explain SELECT k, c FROM sbtest1 WHERE k BETWEEN 6683285 AND 6683385
	Bitmap Heap Scan on sbtest1  (cost=5.55..436.62 rows=109 width=125)
	  Recheck Cond: ((k >= 6683285) AND (k <= 6683385))
	  ->  Bitmap Index Scan on k_1  (cost=0.00..5.52 rows=109 width=0)
	        Index Cond: ((k >= 6683285) AND (k <= 6683385))

table 2 : explain SELECT k, c FROM sbtest2 WHERE k BETWEEN 6683285 AND 6683385
	Bitmap Heap Scan on sbtest2  (cost=5.45..397.25 rows=99 width=125)
	  Recheck Cond: ((k >= 6683285) AND (k <= 6683385))
	  ->  Bitmap Index Scan on k_2  (cost=0.00..5.42 rows=99 width=0)
	        Index Cond: ((k >= 6683285) AND (k <= 6683385))

table 3 : explain SELECT k, c FROM sbtest3 WHERE k BETWEEN 6683285 AND 6683385
	Bitmap Heap Scan on sbtest3  (cost=5.53..428.75 rows=107 width=125)
	  Recheck Cond: ((k >= 6683285) AND (k <= 6683385))
	  ->  Bitmap Index Scan on k_3  (cost=0.00..5.50 rows=107 width=0)
	        Index Cond: ((k >= 6683285) AND (k <= 6683385))

table 4 : explain SELECT k, c FROM sbtest4 WHERE k BETWEEN 6683285 AND 6683385
	Bitmap Heap Scan on sbtest4  (cost=5.48..409.07 rows=102 width=125)
	  Recheck Cond: ((k >= 6683285) AND (k <= 6683385))
	  ->  Bitmap Index Scan on k_4  (cost=0.00..5.45 rows=102 width=0)
	        Index Cond: ((k >= 6683285) AND (k <= 6683385))

table 5 : explain SELECT k, c FROM sbtest5 WHERE k BETWEEN 6683285 AND 6683385
	Bitmap Heap Scan on sbtest5  (cost=5.55..436.62 rows=109 width=125)
	  Recheck Cond: ((k >= 6683285) AND (k <= 6683385))
	  ->  Bitmap Index Scan on k_5  (cost=0.00..5.52 rows=109 width=0)
	        Index Cond: ((k >= 6683285) AND (k <= 6683385))

table 6 : explain SELECT k, c FROM sbtest6 WHERE k BETWEEN 6683285 AND 6683385
	Bitmap Heap Scan on sbtest6  (cost=5.37..365.72 rows=91 width=125)
	  Recheck Cond: ((k >= 6683285) AND (k <= 6683385))
	  ->  Bitmap Index Scan on k_6  (cost=0.00..5.34 rows=91 width=0)
	        Index Cond: ((k >= 6683285) AND (k <= 6683385))

table 7 : explain SELECT k, c FROM sbtest7 WHERE k BETWEEN 6683285 AND 6683385
	Bitmap Heap Scan on sbtest7  (cost=5.48..409.07 rows=102 width=125)
	  Recheck Cond: ((k >= 6683285) AND (k <= 6683385))
	  ->  Bitmap Index Scan on k_7  (cost=0.00..5.45 rows=102 width=0)
	        Index Cond: ((k >= 6683285) AND (k <= 6683385))

table 8 : explain SELECT k, c FROM sbtest8 WHERE k BETWEEN 6683285 AND 6683385
	Bitmap Heap Scan on sbtest8  (cost=5.38..369.67 rows=92 width=125)
	  Recheck Cond: ((k >= 6683285) AND (k <= 6683385))
	  ->  Bitmap Index Scan on k_8  (cost=0.00..5.35 rows=92 width=0)
	        Index Cond: ((k >= 6683285) AND (k <= 6683385))

explain: for range-notcovered :: explain SELECT k, c FROM sbtest%d WHERE k BETWEEN 6683285 AND 6683385
for range-notcovered
table 1 : explain SELECT k, c FROM sbtest1 WHERE k BETWEEN 7642494 AND 7642594
	Bitmap Heap Scan on sbtest1  (cost=5.52..424.81 rows=106 width=125)
	  Recheck Cond: ((k >= 7642494) AND (k <= 7642594))
	  ->  Bitmap Index Scan on k_1  (cost=0.00..5.50 rows=106 width=0)
	        Index Cond: ((k >= 7642494) AND (k <= 7642594))

table 2 : explain SELECT k, c FROM sbtest2 WHERE k BETWEEN 7642494 AND 7642594
	Bitmap Heap Scan on sbtest2  (cost=5.52..424.81 rows=106 width=125)
	  Recheck Cond: ((k >= 7642494) AND (k <= 7642594))
	  ->  Bitmap Index Scan on k_2  (cost=0.00..5.50 rows=106 width=0)
	        Index Cond: ((k >= 7642494) AND (k <= 7642594))

table 3 : explain SELECT k, c FROM sbtest3 WHERE k BETWEEN 7642494 AND 7642594
	Bitmap Heap Scan on sbtest3  (cost=5.52..424.81 rows=106 width=125)
	  Recheck Cond: ((k >= 7642494) AND (k <= 7642594))
	  ->  Bitmap Index Scan on k_3  (cost=0.00..5.50 rows=106 width=0)
	        Index Cond: ((k >= 7642494) AND (k <= 7642594))

table 4 : explain SELECT k, c FROM sbtest4 WHERE k BETWEEN 7642494 AND 7642594
	Bitmap Heap Scan on sbtest4  (cost=5.55..436.62 rows=109 width=125)
	  Recheck Cond: ((k >= 7642494) AND (k <= 7642594))
	  ->  Bitmap Index Scan on k_4  (cost=0.00..5.52 rows=109 width=0)
	        Index Cond: ((k >= 7642494) AND (k <= 7642594))

table 5 : explain SELECT k, c FROM sbtest5 WHERE k BETWEEN 7642494 AND 7642594
	Bitmap Heap Scan on sbtest5  (cost=5.47..405.13 rows=101 width=125)
	  Recheck Cond: ((k >= 7642494) AND (k <= 7642594))
	  ->  Bitmap Index Scan on k_5  (cost=0.00..5.44 rows=101 width=0)
	        Index Cond: ((k >= 7642494) AND (k <= 7642594))

table 6 : explain SELECT k, c FROM sbtest6 WHERE k BETWEEN 7642494 AND 7642594
	Bitmap Heap Scan on sbtest6  (cost=5.53..428.75 rows=107 width=125)
	  Recheck Cond: ((k >= 7642494) AND (k <= 7642594))
	  ->  Bitmap Index Scan on k_6  (cost=0.00..5.50 rows=107 width=0)
	        Index Cond: ((k >= 7642494) AND (k <= 7642594))

table 7 : explain SELECT k, c FROM sbtest7 WHERE k BETWEEN 7642494 AND 7642594
	Bitmap Heap Scan on sbtest7  (cost=5.43..389.37 rows=97 width=125)
	  Recheck Cond: ((k >= 7642494) AND (k <= 7642594))
	  ->  Bitmap Index Scan on k_7  (cost=0.00..5.40 rows=97 width=0)
	        Index Cond: ((k >= 7642494) AND (k <= 7642594))

table 8 : explain SELECT k, c FROM sbtest8 WHERE k BETWEEN 7642494 AND 7642594
	Bitmap Heap Scan on sbtest8  (cost=5.59..452.36 rows=113 width=125)
	  Recheck Cond: ((k >= 7642494) AND (k <= 7642594))
	  ->  Bitmap Index Scan on k_8  (cost=0.00..5.56 rows=113 width=0)
	        Index Cond: ((k >= 7642494) AND (k <= 7642594))

for range-notcovered
table 1 : explain SELECT k, c FROM sbtest1 WHERE k BETWEEN 583449 AND 583549
	Bitmap Heap Scan on sbtest1  (cost=5.50..416.94 rows=104 width=125)
	  Recheck Cond: ((k >= 583449) AND (k <= 583549))
	  ->  Bitmap Index Scan on k_1  (cost=0.00..5.47 rows=104 width=0)
	        Index Cond: ((k >= 583449) AND (k <= 583549))

table 2 : explain SELECT k, c FROM sbtest2 WHERE k BETWEEN 583449 AND 583549
	Bitmap Heap Scan on sbtest2  (cost=5.40..377.55 rows=94 width=125)
	  Recheck Cond: ((k >= 583449) AND (k <= 583549))
	  ->  Bitmap Index Scan on k_2  (cost=0.00..5.38 rows=94 width=0)
	        Index Cond: ((k >= 583449) AND (k <= 583549))

table 3 : explain SELECT k, c FROM sbtest3 WHERE k BETWEEN 583449 AND 583549
	Bitmap Heap Scan on sbtest3  (cost=5.33..349.95 rows=87 width=125)
	  Recheck Cond: ((k >= 583449) AND (k <= 583549))
	  ->  Bitmap Index Scan on k_3  (cost=0.00..5.30 rows=87 width=0)
	        Index Cond: ((k >= 583449) AND (k <= 583549))

table 4 : explain SELECT k, c FROM sbtest4 WHERE k BETWEEN 583449 AND 583549
	Bitmap Heap Scan on sbtest4  (cost=5.48..409.07 rows=102 width=125)
	  Recheck Cond: ((k >= 583449) AND (k <= 583549))
	  ->  Bitmap Index Scan on k_4  (cost=0.00..5.45 rows=102 width=0)
	        Index Cond: ((k >= 583449) AND (k <= 583549))

table 5 : explain SELECT k, c FROM sbtest5 WHERE k BETWEEN 583449 AND 583549
	Bitmap Heap Scan on sbtest5  (cost=5.50..416.94 rows=104 width=125)
	  Recheck Cond: ((k >= 583449) AND (k <= 583549))
	  ->  Bitmap Index Scan on k_5  (cost=0.00..5.47 rows=104 width=0)
	        Index Cond: ((k >= 583449) AND (k <= 583549))

table 6 : explain SELECT k, c FROM sbtest6 WHERE k BETWEEN 583449 AND 583549
	Bitmap Heap Scan on sbtest6  (cost=5.46..401.19 rows=100 width=125)
	  Recheck Cond: ((k >= 583449) AND (k <= 583549))
	  ->  Bitmap Index Scan on k_6  (cost=0.00..5.43 rows=100 width=0)
	        Index Cond: ((k >= 583449) AND (k <= 583549))

table 7 : explain SELECT k, c FROM sbtest7 WHERE k BETWEEN 583449 AND 583549
	Bitmap Heap Scan on sbtest7  (cost=5.37..365.72 rows=91 width=125)
	  Recheck Cond: ((k >= 583449) AND (k <= 583549))
	  ->  Bitmap Index Scan on k_7  (cost=0.00..5.34 rows=91 width=0)
	        Index Cond: ((k >= 583449) AND (k <= 583549))

table 8 : explain SELECT k, c FROM sbtest8 WHERE k BETWEEN 583449 AND 583549
	Bitmap Heap Scan on sbtest8  (cost=5.57..444.49 rows=111 width=125)
	  Recheck Cond: ((k >= 583449) AND (k <= 583549))
	  ->  Bitmap Index Scan on k_8  (cost=0.00..5.54 rows=111 width=0)
	        Index Cond: ((k >= 583449) AND (k <= 583549))

explain: for range-notcovered :: explain SELECT k, c FROM sbtest%d WHERE k BETWEEN 7642494 AND 7642594
explain: for range-notcovered :: explain SELECT k, c FROM sbtest%d WHERE k BETWEEN 583449 AND 583549
for range-notcovered
table 1 : explain SELECT k, c FROM sbtest1 WHERE k BETWEEN 6683285 AND 6683385
	Bitmap Heap Scan on sbtest1  (cost=5.55..436.62 rows=109 width=125)
	  Recheck Cond: ((k >= 6683285) AND (k <= 6683385))
	  ->  Bitmap Index Scan on k_1  (cost=0.00..5.52 rows=109 width=0)
	        Index Cond: ((k >= 6683285) AND (k <= 6683385))

table 2 : explain SELECT k, c FROM sbtest2 WHERE k BETWEEN 6683285 AND 6683385
	Bitmap Heap Scan on sbtest2  (cost=5.45..397.25 rows=99 width=125)
	  Recheck Cond: ((k >= 6683285) AND (k <= 6683385))
	  ->  Bitmap Index Scan on k_2  (cost=0.00..5.42 rows=99 width=0)
	        Index Cond: ((k >= 6683285) AND (k <= 6683385))

table 3 : explain SELECT k, c FROM sbtest3 WHERE k BETWEEN 6683285 AND 6683385
	Bitmap Heap Scan on sbtest3  (cost=5.53..428.75 rows=107 width=125)
	  Recheck Cond: ((k >= 6683285) AND (k <= 6683385))
	  ->  Bitmap Index Scan on k_3  (cost=0.00..5.50 rows=107 width=0)
	        Index Cond: ((k >= 6683285) AND (k <= 6683385))

table 4 : explain SELECT k, c FROM sbtest4 WHERE k BETWEEN 6683285 AND 6683385
	Bitmap Heap Scan on sbtest4  (cost=5.48..409.07 rows=102 width=125)
	  Recheck Cond: ((k >= 6683285) AND (k <= 6683385))
	  ->  Bitmap Index Scan on k_4  (cost=0.00..5.45 rows=102 width=0)
	        Index Cond: ((k >= 6683285) AND (k <= 6683385))

table 5 : explain SELECT k, c FROM sbtest5 WHERE k BETWEEN 6683285 AND 6683385
	Bitmap Heap Scan on sbtest5  (cost=5.55..436.62 rows=109 width=125)
	  Recheck Cond: ((k >= 6683285) AND (k <= 6683385))
	  ->  Bitmap Index Scan on k_5  (cost=0.00..5.52 rows=109 width=0)
	        Index Cond: ((k >= 6683285) AND (k <= 6683385))

table 6 : explain SELECT k, c FROM sbtest6 WHERE k BETWEEN 6683285 AND 6683385
	Bitmap Heap Scan on sbtest6  (cost=5.37..365.72 rows=91 width=125)
	  Recheck Cond: ((k >= 6683285) AND (k <= 6683385))
	  ->  Bitmap Index Scan on k_6  (cost=0.00..5.34 rows=91 width=0)
	        Index Cond: ((k >= 6683285) AND (k <= 6683385))

table 7 : explain SELECT k, c FROM sbtest7 WHERE k BETWEEN 6683285 AND 6683385
	Bitmap Heap Scan on sbtest7  (cost=5.48..409.07 rows=102 width=125)
	  Recheck Cond: ((k >= 6683285) AND (k <= 6683385))
	  ->  Bitmap Index Scan on k_7  (cost=0.00..5.45 rows=102 width=0)
	        Index Cond: ((k >= 6683285) AND (k <= 6683385))

table 8 : explain SELECT k, c FROM sbtest8 WHERE k BETWEEN 6683285 AND 6683385
	Bitmap Heap Scan on sbtest8  (cost=5.38..369.67 rows=92 width=125)
	  Recheck Cond: ((k >= 6683285) AND (k <= 6683385))
	  ->  Bitmap Index Scan on k_8  (cost=0.00..5.35 rows=92 width=0)
	        Index Cond: ((k >= 6683285) AND (k <= 6683385))

for range-notcovered
table 1 : explain SELECT k, c FROM sbtest1 WHERE k BETWEEN 5715599 AND 5715699
	Bitmap Heap Scan on sbtest1  (cost=5.43..389.37 rows=97 width=125)
	  Recheck Cond: ((k >= 5715599) AND (k <= 5715699))
	  ->  Bitmap Index Scan on k_1  (cost=0.00..5.40 rows=97 width=0)
	        Index Cond: ((k >= 5715599) AND (k <= 5715699))

table 2 : explain SELECT k, c FROM sbtest2 WHERE k BETWEEN 5715599 AND 5715699
	Bitmap Heap Scan on sbtest2  (cost=5.53..428.75 rows=107 width=125)
	  Recheck Cond: ((k >= 5715599) AND (k <= 5715699))
	  ->  Bitmap Index Scan on k_2  (cost=0.00..5.50 rows=107 width=0)
	        Index Cond: ((k >= 5715599) AND (k <= 5715699))

table 3 : explain SELECT k, c FROM sbtest3 WHERE k BETWEEN 5715599 AND 5715699
	Bitmap Heap Scan on sbtest3  (cost=5.53..428.75 rows=107 width=125)
	  Recheck Cond: ((k >= 5715599) AND (k <= 5715699))
	  ->  Bitmap Index Scan on k_3  (cost=0.00..5.50 rows=107 width=0)
	        Index Cond: ((k >= 5715599) AND (k <= 5715699))

table 4 : explain SELECT k, c FROM sbtest4 WHERE k BETWEEN 5715599 AND 5715699
	Bitmap Heap Scan on sbtest4  (cost=5.54..432.69 rows=108 width=125)
	  Recheck Cond: ((k >= 5715599) AND (k <= 5715699))
	  ->  Bitmap Index Scan on k_4  (cost=0.00..5.51 rows=108 width=0)
	        Index Cond: ((k >= 5715599) AND (k <= 5715699))

table 5 : explain SELECT k, c FROM sbtest5 WHERE k BETWEEN 5715599 AND 5715699
	Bitmap Heap Scan on sbtest5  (cost=5.51..420.88 rows=105 width=125)
	  Recheck Cond: ((k >= 5715599) AND (k <= 5715699))
	  ->  Bitmap Index Scan on k_5  (cost=0.00..5.48 rows=105 width=0)
	        Index Cond: ((k >= 5715599) AND (k <= 5715699))

table 6 : explain SELECT k, c FROM sbtest6 WHERE k BETWEEN 5715599 AND 5715699
	Bitmap Heap Scan on sbtest6  (cost=5.54..432.69 rows=108 width=125)
	  Recheck Cond: ((k >= 5715599) AND (k <= 5715699))
	  ->  Bitmap Index Scan on k_6  (cost=0.00..5.51 rows=108 width=0)
	        Index Cond: ((k >= 5715599) AND (k <= 5715699))

table 7 : explain SELECT k, c FROM sbtest7 WHERE k BETWEEN 5715599 AND 5715699
	Bitmap Heap Scan on sbtest7  (cost=5.41..381.49 rows=95 width=125)
	  Recheck Cond: ((k >= 5715599) AND (k <= 5715699))
	  ->  Bitmap Index Scan on k_7  (cost=0.00..5.38 rows=95 width=0)
	        Index Cond: ((k >= 5715599) AND (k <= 5715699))

table 8 : explain SELECT k, c FROM sbtest8 WHERE k BETWEEN 5715599 AND 5715699
	Bitmap Heap Scan on sbtest8  (cost=5.55..436.62 rows=109 width=125)
	  Recheck Cond: ((k >= 5715599) AND (k <= 5715699))
	  ->  Bitmap Index Scan on k_8  (cost=0.00..5.52 rows=109 width=0)
	        Index Cond: ((k >= 5715599) AND (k <= 5715699))

explain: for range-notcovered :: explain SELECT k, c FROM sbtest%d WHERE k BETWEEN 6683285 AND 6683385
explain: for range-notcovered :: explain SELECT k, c FROM sbtest%d WHERE k BETWEEN 5715599 AND 5715699
for range-notcovered
table 1 : explain SELECT k, c FROM sbtest1 WHERE k BETWEEN 8015230 AND 8015330
	Bitmap Heap Scan on sbtest1  (cost=5.60..456.29 rows=114 width=125)
	  Recheck Cond: ((k >= 8015230) AND (k <= 8015330))
	  ->  Bitmap Index Scan on k_1  (cost=0.00..5.58 rows=114 width=0)
	        Index Cond: ((k >= 8015230) AND (k <= 8015330))

table 2 : explain SELECT k, c FROM sbtest2 WHERE k BETWEEN 8015230 AND 8015330
	Bitmap Heap Scan on sbtest2  (cost=5.54..432.69 rows=108 width=125)
	  Recheck Cond: ((k >= 8015230) AND (k <= 8015330))
	  ->  Bitmap Index Scan on k_2  (cost=0.00..5.51 rows=108 width=0)
	        Index Cond: ((k >= 8015230) AND (k <= 8015330))

table 3 : explain SELECT k, c FROM sbtest3 WHERE k BETWEEN 8015230 AND 8015330
	Bitmap Heap Scan on sbtest3  (cost=5.47..405.13 rows=101 width=125)
	  Recheck Cond: ((k >= 8015230) AND (k <= 8015330))
	  ->  Bitmap Index Scan on k_3  (cost=0.00..5.44 rows=101 width=0)
	        Index Cond: ((k >= 8015230) AND (k <= 8015330))

table 4 : explain SELECT k, c FROM sbtest4 WHERE k BETWEEN 8015230 AND 8015330
	Bitmap Heap Scan on sbtest4  (cost=5.52..424.81 rows=106 width=125)
	  Recheck Cond: ((k >= 8015230) AND (k <= 8015330))
	  ->  Bitmap Index Scan on k_4  (cost=0.00..5.50 rows=106 width=0)
	        Index Cond: ((k >= 8015230) AND (k <= 8015330))

table 5 : explain SELECT k, c FROM sbtest5 WHERE k BETWEEN 8015230 AND 8015330
	Bitmap Heap Scan on sbtest5  (cost=5.36..361.78 rows=90 width=125)
	  Recheck Cond: ((k >= 8015230) AND (k <= 8015330))
	  ->  Bitmap Index Scan on k_5  (cost=0.00..5.33 rows=90 width=0)
	        Index Cond: ((k >= 8015230) AND (k <= 8015330))

table 6 : explain SELECT k, c FROM sbtest6 WHERE k BETWEEN 8015230 AND 8015330
	Bitmap Heap Scan on sbtest6  (cost=5.48..409.07 rows=102 width=125)
	  Recheck Cond: ((k >= 8015230) AND (k <= 8015330))
	  ->  Bitmap Index Scan on k_6  (cost=0.00..5.45 rows=102 width=0)
	        Index Cond: ((k >= 8015230) AND (k <= 8015330))

table 7 : explain SELECT k, c FROM sbtest7 WHERE k BETWEEN 8015230 AND 8015330
	Bitmap Heap Scan on sbtest7  (cost=5.55..436.62 rows=109 width=125)
	  Recheck Cond: ((k >= 8015230) AND (k <= 8015330))
	  ->  Bitmap Index Scan on k_7  (cost=0.00..5.52 rows=109 width=0)
	        Index Cond: ((k >= 8015230) AND (k <= 8015330))

table 8 : explain SELECT k, c FROM sbtest8 WHERE k BETWEEN 8015230 AND 8015330
	Bitmap Heap Scan on sbtest8  (cost=5.43..389.37 rows=97 width=125)
	  Recheck Cond: ((k >= 8015230) AND (k <= 8015330))
	  ->  Bitmap Index Scan on k_8  (cost=0.00..5.40 rows=97 width=0)
	        Index Cond: ((k >= 8015230) AND (k <= 8015330))

explain: for range-notcovered :: explain SELECT k, c FROM sbtest%d WHERE k BETWEEN 8015230 AND 8015330
for range-notcovered
table 1 : explain SELECT k, c FROM sbtest1 WHERE k BETWEEN 5715599 AND 5715699
	Bitmap Heap Scan on sbtest1  (cost=5.43..389.37 rows=97 width=125)
	  Recheck Cond: ((k >= 5715599) AND (k <= 5715699))
	  ->  Bitmap Index Scan on k_1  (cost=0.00..5.40 rows=97 width=0)
	        Index Cond: ((k >= 5715599) AND (k <= 5715699))

table 2 : explain SELECT k, c FROM sbtest2 WHERE k BETWEEN 5715599 AND 5715699
	Bitmap Heap Scan on sbtest2  (cost=5.53..428.75 rows=107 width=125)
	  Recheck Cond: ((k >= 5715599) AND (k <= 5715699))
	  ->  Bitmap Index Scan on k_2  (cost=0.00..5.50 rows=107 width=0)
	        Index Cond: ((k >= 5715599) AND (k <= 5715699))

table 3 : explain SELECT k, c FROM sbtest3 WHERE k BETWEEN 5715599 AND 5715699
	Bitmap Heap Scan on sbtest3  (cost=5.53..428.75 rows=107 width=125)
	  Recheck Cond: ((k >= 5715599) AND (k <= 5715699))
	  ->  Bitmap Index Scan on k_3  (cost=0.00..5.50 rows=107 width=0)
	        Index Cond: ((k >= 5715599) AND (k <= 5715699))

table 4 : explain SELECT k, c FROM sbtest4 WHERE k BETWEEN 5715599 AND 5715699
	Bitmap Heap Scan on sbtest4  (cost=5.54..432.69 rows=108 width=125)
	  Recheck Cond: ((k >= 5715599) AND (k <= 5715699))
	  ->  Bitmap Index Scan on k_4  (cost=0.00..5.51 rows=108 width=0)
	        Index Cond: ((k >= 5715599) AND (k <= 5715699))

table 5 : explain SELECT k, c FROM sbtest5 WHERE k BETWEEN 5715599 AND 5715699
	Bitmap Heap Scan on sbtest5  (cost=5.51..420.88 rows=105 width=125)
	  Recheck Cond: ((k >= 5715599) AND (k <= 5715699))
	  ->  Bitmap Index Scan on k_5  (cost=0.00..5.48 rows=105 width=0)
	        Index Cond: ((k >= 5715599) AND (k <= 5715699))

table 6 : explain SELECT k, c FROM sbtest6 WHERE k BETWEEN 5715599 AND 5715699
	Bitmap Heap Scan on sbtest6  (cost=5.54..432.69 rows=108 width=125)
	  Recheck Cond: ((k >= 5715599) AND (k <= 5715699))
	  ->  Bitmap Index Scan on k_6  (cost=0.00..5.51 rows=108 width=0)
	        Index Cond: ((k >= 5715599) AND (k <= 5715699))

table 7 : explain SELECT k, c FROM sbtest7 WHERE k BETWEEN 5715599 AND 5715699
	Bitmap Heap Scan on sbtest7  (cost=5.41..381.49 rows=95 width=125)
	  Recheck Cond: ((k >= 5715599) AND (k <= 5715699))
	  ->  Bitmap Index Scan on k_7  (cost=0.00..5.38 rows=95 width=0)
	        Index Cond: ((k >= 5715599) AND (k <= 5715699))

table 8 : explain SELECT k, c FROM sbtest8 WHERE k BETWEEN 5715599 AND 5715699
	Bitmap Heap Scan on sbtest8  (cost=5.55..436.62 rows=109 width=125)
	  Recheck Cond: ((k >= 5715599) AND (k <= 5715699))
	  ->  Bitmap Index Scan on k_8  (cost=0.00..5.52 rows=109 width=0)
	        Index Cond: ((k >= 5715599) AND (k <= 5715699))

explain: for range-notcovered :: explain SELECT k, c FROM sbtest%d WHERE k BETWEEN 5715599 AND 5715699
explain: for range-notcovered :: explain SELECT k, c FROM sbtest%d WHERE k BETWEEN 4716009 AND 4716109
for range-notcovered
table 1 : explain SELECT k, c FROM sbtest1 WHERE k BETWEEN 4849738 AND 4849838
	Bitmap Heap Scan on sbtest1  (cost=5.50..416.94 rows=104 width=125)
	  Recheck Cond: ((k >= 4849738) AND (k <= 4849838))
	  ->  Bitmap Index Scan on k_1  (cost=0.00..5.47 rows=104 width=0)
	        Index Cond: ((k >= 4849738) AND (k <= 4849838))

table 2 : explain SELECT k, c FROM sbtest2 WHERE k BETWEEN 4849738 AND 4849838
	Bitmap Heap Scan on sbtest2  (cost=5.47..405.13 rows=101 width=125)
	  Recheck Cond: ((k >= 4849738) AND (k <= 4849838))
	  ->  Bitmap Index Scan on k_2  (cost=0.00..5.44 rows=101 width=0)
	        Index Cond: ((k >= 4849738) AND (k <= 4849838))

table 3 : explain SELECT k, c FROM sbtest3 WHERE k BETWEEN 4849738 AND 4849838
	Bitmap Heap Scan on sbtest3  (cost=5.43..389.37 rows=97 width=125)
	  Recheck Cond: ((k >= 4849738) AND (k <= 4849838))
	  ->  Bitmap Index Scan on k_3  (cost=0.00..5.40 rows=97 width=0)
	        Index Cond: ((k >= 4849738) AND (k <= 4849838))

table 4 : explain SELECT k, c FROM sbtest4 WHERE k BETWEEN 4849738 AND 4849838
	Bitmap Heap Scan on sbtest4  (cost=5.42..385.43 rows=96 width=125)
	  Recheck Cond: ((k >= 4849738) AND (k <= 4849838))
	  ->  Bitmap Index Scan on k_4  (cost=0.00..5.39 rows=96 width=0)
	        Index Cond: ((k >= 4849738) AND (k <= 4849838))

table 5 : explain SELECT k, c FROM sbtest5 WHERE k BETWEEN 4849738 AND 4849838
	Bitmap Heap Scan on sbtest5  (cost=5.56..440.56 rows=110 width=125)
	  Recheck Cond: ((k >= 4849738) AND (k <= 4849838))
	  ->  Bitmap Index Scan on k_5  (cost=0.00..5.53 rows=110 width=0)
	        Index Cond: ((k >= 4849738) AND (k <= 4849838))

table 6 : explain SELECT k, c FROM sbtest6 WHERE k BETWEEN 4849738 AND 4849838
	Bitmap Heap Scan on sbtest6  (cost=5.57..444.49 rows=111 width=125)
	  Recheck Cond: ((k >= 4849738) AND (k <= 4849838))
	  ->  Bitmap Index Scan on k_6  (cost=0.00..5.54 rows=111 width=0)
	        Index Cond: ((k >= 4849738) AND (k <= 4849838))

table 7 : explain SELECT k, c FROM sbtest7 WHERE k BETWEEN 4849738 AND 4849838
	Bitmap Heap Scan on sbtest7  (cost=5.49..413.00 rows=103 width=125)
	  Recheck Cond: ((k >= 4849738) AND (k <= 4849838))
	  ->  Bitmap Index Scan on k_7  (cost=0.00..5.46 rows=103 width=0)
	        Index Cond: ((k >= 4849738) AND (k <= 4849838))

table 8 : explain SELECT k, c FROM sbtest8 WHERE k BETWEEN 4849738 AND 4849838
	Bitmap Heap Scan on sbtest8  (cost=5.45..397.25 rows=99 width=125)
	  Recheck Cond: ((k >= 4849738) AND (k <= 4849838))
	  ->  Bitmap Index Scan on k_8  (cost=0.00..5.42 rows=99 width=0)
	        Index Cond: ((k >= 4849738) AND (k <= 4849838))

for range-notcovered
table 1 : explain SELECT k, c FROM sbtest1 WHERE k BETWEEN 583449 AND 583549
	Bitmap Heap Scan on sbtest1  (cost=5.50..416.94 rows=104 width=125)
	  Recheck Cond: ((k >= 583449) AND (k <= 583549))
	  ->  Bitmap Index Scan on k_1  (cost=0.00..5.47 rows=104 width=0)
	        Index Cond: ((k >= 583449) AND (k <= 583549))

table 2 : explain SELECT k, c FROM sbtest2 WHERE k BETWEEN 583449 AND 583549
	Bitmap Heap Scan on sbtest2  (cost=5.40..377.55 rows=94 width=125)
	  Recheck Cond: ((k >= 583449) AND (k <= 583549))
	  ->  Bitmap Index Scan on k_2  (cost=0.00..5.38 rows=94 width=0)
	        Index Cond: ((k >= 583449) AND (k <= 583549))

table 3 : explain SELECT k, c FROM sbtest3 WHERE k BETWEEN 583449 AND 583549
	Bitmap Heap Scan on sbtest3  (cost=5.33..349.95 rows=87 width=125)
	  Recheck Cond: ((k >= 583449) AND (k <= 583549))
	  ->  Bitmap Index Scan on k_3  (cost=0.00..5.30 rows=87 width=0)
	        Index Cond: ((k >= 583449) AND (k <= 583549))

table 4 : explain SELECT k, c FROM sbtest4 WHERE k BETWEEN 583449 AND 583549
	Bitmap Heap Scan on sbtest4  (cost=5.48..409.07 rows=102 width=125)
	  Recheck Cond: ((k >= 583449) AND (k <= 583549))
	  ->  Bitmap Index Scan on k_4  (cost=0.00..5.45 rows=102 width=0)
	        Index Cond: ((k >= 583449) AND (k <= 583549))

table 5 : explain SELECT k, c FROM sbtest5 WHERE k BETWEEN 583449 AND 583549
	Bitmap Heap Scan on sbtest5  (cost=5.50..416.94 rows=104 width=125)
	  Recheck Cond: ((k >= 583449) AND (k <= 583549))
	  ->  Bitmap Index Scan on k_5  (cost=0.00..5.47 rows=104 width=0)
	        Index Cond: ((k >= 583449) AND (k <= 583549))

table 6 : explain SELECT k, c FROM sbtest6 WHERE k BETWEEN 583449 AND 583549
	Bitmap Heap Scan on sbtest6  (cost=5.46..401.19 rows=100 width=125)
	  Recheck Cond: ((k >= 583449) AND (k <= 583549))
	  ->  Bitmap Index Scan on k_6  (cost=0.00..5.43 rows=100 width=0)
	        Index Cond: ((k >= 583449) AND (k <= 583549))

table 7 : explain SELECT k, c FROM sbtest7 WHERE k BETWEEN 583449 AND 583549
	Bitmap Heap Scan on sbtest7  (cost=5.37..365.72 rows=91 width=125)
	  Recheck Cond: ((k >= 583449) AND (k <= 583549))
	  ->  Bitmap Index Scan on k_7  (cost=0.00..5.34 rows=91 width=0)
	        Index Cond: ((k >= 583449) AND (k <= 583549))

table 8 : explain SELECT k, c FROM sbtest8 WHERE k BETWEEN 583449 AND 583549
	Bitmap Heap Scan on sbtest8  (cost=5.57..444.49 rows=111 width=125)
	  Recheck Cond: ((k >= 583449) AND (k <= 583549))
	  ->  Bitmap Index Scan on k_8  (cost=0.00..5.54 rows=111 width=0)
	        Index Cond: ((k >= 583449) AND (k <= 583549))

explain: for range-notcovered :: explain SELECT k, c FROM sbtest%d WHERE k BETWEEN 583449 AND 583549
for range-notcovered
table 1 : explain SELECT k, c FROM sbtest1 WHERE k BETWEEN 8015230 AND 8015330
	Bitmap Heap Scan on sbtest1  (cost=5.60..456.29 rows=114 width=125)
	  Recheck Cond: ((k >= 8015230) AND (k <= 8015330))
	  ->  Bitmap Index Scan on k_1  (cost=0.00..5.58 rows=114 width=0)
	        Index Cond: ((k >= 8015230) AND (k <= 8015330))

table 2 : explain SELECT k, c FROM sbtest2 WHERE k BETWEEN 8015230 AND 8015330
	Bitmap Heap Scan on sbtest2  (cost=5.54..432.69 rows=108 width=125)
	  Recheck Cond: ((k >= 8015230) AND (k <= 8015330))
	  ->  Bitmap Index Scan on k_2  (cost=0.00..5.51 rows=108 width=0)
	        Index Cond: ((k >= 8015230) AND (k <= 8015330))

table 3 : explain SELECT k, c FROM sbtest3 WHERE k BETWEEN 8015230 AND 8015330
	Bitmap Heap Scan on sbtest3  (cost=5.47..405.13 rows=101 width=125)
	  Recheck Cond: ((k >= 8015230) AND (k <= 8015330))
	  ->  Bitmap Index Scan on k_3  (cost=0.00..5.44 rows=101 width=0)
	        Index Cond: ((k >= 8015230) AND (k <= 8015330))

table 4 : explain SELECT k, c FROM sbtest4 WHERE k BETWEEN 8015230 AND 8015330
	Bitmap Heap Scan on sbtest4  (cost=5.52..424.81 rows=106 width=125)
	  Recheck Cond: ((k >= 8015230) AND (k <= 8015330))
	  ->  Bitmap Index Scan on k_4  (cost=0.00..5.50 rows=106 width=0)
	        Index Cond: ((k >= 8015230) AND (k <= 8015330))

table 5 : explain SELECT k, c FROM sbtest5 WHERE k BETWEEN 8015230 AND 8015330
	Bitmap Heap Scan on sbtest5  (cost=5.36..361.78 rows=90 width=125)
	  Recheck Cond: ((k >= 8015230) AND (k <= 8015330))
	  ->  Bitmap Index Scan on k_5  (cost=0.00..5.33 rows=90 width=0)
	        Index Cond: ((k >= 8015230) AND (k <= 8015330))

table 6 : explain SELECT k, c FROM sbtest6 WHERE k BETWEEN 8015230 AND 8015330
	Bitmap Heap Scan on sbtest6  (cost=5.48..409.07 rows=102 width=125)
	  Recheck Cond: ((k >= 8015230) AND (k <= 8015330))
	  ->  Bitmap Index Scan on k_6  (cost=0.00..5.45 rows=102 width=0)
	        Index Cond: ((k >= 8015230) AND (k <= 8015330))

table 7 : explain SELECT k, c FROM sbtest7 WHERE k BETWEEN 8015230 AND 8015330
	Bitmap Heap Scan on sbtest7  (cost=5.55..436.62 rows=109 width=125)
	  Recheck Cond: ((k >= 8015230) AND (k <= 8015330))
	  ->  Bitmap Index Scan on k_7  (cost=0.00..5.52 rows=109 width=0)
	        Index Cond: ((k >= 8015230) AND (k <= 8015330))

table 8 : explain SELECT k, c FROM sbtest8 WHERE k BETWEEN 8015230 AND 8015330
	Bitmap Heap Scan on sbtest8  (cost=5.43..389.37 rows=97 width=125)
	  Recheck Cond: ((k >= 8015230) AND (k <= 8015330))
	  ->  Bitmap Index Scan on k_8  (cost=0.00..5.40 rows=97 width=0)
	        Index Cond: ((k >= 8015230) AND (k <= 8015330))

explain: for range-notcovered :: explain SELECT k, c FROM sbtest%d WHERE k BETWEEN 8015230 AND 8015330
for range-notcovered
table 1 : explain SELECT k, c FROM sbtest1 WHERE k BETWEEN 5715599 AND 5715699
	Bitmap Heap Scan on sbtest1  (cost=5.43..389.37 rows=97 width=125)
	  Recheck Cond: ((k >= 5715599) AND (k <= 5715699))
	  ->  Bitmap Index Scan on k_1  (cost=0.00..5.40 rows=97 width=0)
	        Index Cond: ((k >= 5715599) AND (k <= 5715699))

table 2 : explain SELECT k, c FROM sbtest2 WHERE k BETWEEN 5715599 AND 5715699
	Bitmap Heap Scan on sbtest2  (cost=5.53..428.75 rows=107 width=125)
	  Recheck Cond: ((k >= 5715599) AND (k <= 5715699))
	  ->  Bitmap Index Scan on k_2  (cost=0.00..5.50 rows=107 width=0)
	        Index Cond: ((k >= 5715599) AND (k <= 5715699))

table 3 : explain SELECT k, c FROM sbtest3 WHERE k BETWEEN 5715599 AND 5715699
	Bitmap Heap Scan on sbtest3  (cost=5.53..428.75 rows=107 width=125)
	  Recheck Cond: ((k >= 5715599) AND (k <= 5715699))
	  ->  Bitmap Index Scan on k_3  (cost=0.00..5.50 rows=107 width=0)
	        Index Cond: ((k >= 5715599) AND (k <= 5715699))

table 4 : explain SELECT k, c FROM sbtest4 WHERE k BETWEEN 5715599 AND 5715699
	Bitmap Heap Scan on sbtest4  (cost=5.54..432.69 rows=108 width=125)
	  Recheck Cond: ((k >= 5715599) AND (k <= 5715699))
	  ->  Bitmap Index Scan on k_4  (cost=0.00..5.51 rows=108 width=0)
	        Index Cond: ((k >= 5715599) AND (k <= 5715699))

table 5 : explain SELECT k, c FROM sbtest5 WHERE k BETWEEN 5715599 AND 5715699
	Bitmap Heap Scan on sbtest5  (cost=5.51..420.88 rows=105 width=125)
	  Recheck Cond: ((k >= 5715599) AND (k <= 5715699))
	  ->  Bitmap Index Scan on k_5  (cost=0.00..5.48 rows=105 width=0)
	        Index Cond: ((k >= 5715599) AND (k <= 5715699))

table 6 : explain SELECT k, c FROM sbtest6 WHERE k BETWEEN 5715599 AND 5715699
	Bitmap Heap Scan on sbtest6  (cost=5.54..432.69 rows=108 width=125)
	  Recheck Cond: ((k >= 5715599) AND (k <= 5715699))
	  ->  Bitmap Index Scan on k_6  (cost=0.00..5.51 rows=108 width=0)
	        Index Cond: ((k >= 5715599) AND (k <= 5715699))

table 7 : explain SELECT k, c FROM sbtest7 WHERE k BETWEEN 5715599 AND 5715699
	Bitmap Heap Scan on sbtest7  (cost=5.41..381.49 rows=95 width=125)
	  Recheck Cond: ((k >= 5715599) AND (k <= 5715699))
	  ->  Bitmap Index Scan on k_7  (cost=0.00..5.38 rows=95 width=0)
	        Index Cond: ((k >= 5715599) AND (k <= 5715699))

table 8 : explain SELECT k, c FROM sbtest8 WHERE k BETWEEN 5715599 AND 5715699
	Bitmap Heap Scan on sbtest8  (cost=5.55..436.62 rows=109 width=125)
	  Recheck Cond: ((k >= 5715599) AND (k <= 5715699))
	  ->  Bitmap Index Scan on k_8  (cost=0.00..5.52 rows=109 width=0)
	        Index Cond: ((k >= 5715599) AND (k <= 5715699))

explain: for range-notcovered :: explain SELECT k, c FROM sbtest%d WHERE k BETWEEN 5715599 AND 5715699
explain: for range-notcovered :: explain SELECT k, c FROM sbtest%d WHERE k BETWEEN 3203192 AND 3203292
for range-notcovered
table 1 : explain SELECT k, c FROM sbtest1 WHERE k BETWEEN 583449 AND 583549
	Bitmap Heap Scan on sbtest1  (cost=5.50..416.94 rows=104 width=125)
	  Recheck Cond: ((k >= 583449) AND (k <= 583549))
	  ->  Bitmap Index Scan on k_1  (cost=0.00..5.47 rows=104 width=0)
	        Index Cond: ((k >= 583449) AND (k <= 583549))

table 2 : explain SELECT k, c FROM sbtest2 WHERE k BETWEEN 583449 AND 583549
	Bitmap Heap Scan on sbtest2  (cost=5.40..377.55 rows=94 width=125)
	  Recheck Cond: ((k >= 583449) AND (k <= 583549))
	  ->  Bitmap Index Scan on k_2  (cost=0.00..5.38 rows=94 width=0)
	        Index Cond: ((k >= 583449) AND (k <= 583549))

table 3 : explain SELECT k, c FROM sbtest3 WHERE k BETWEEN 583449 AND 583549
	Bitmap Heap Scan on sbtest3  (cost=5.33..349.95 rows=87 width=125)
	  Recheck Cond: ((k >= 583449) AND (k <= 583549))
	  ->  Bitmap Index Scan on k_3  (cost=0.00..5.30 rows=87 width=0)
	        Index Cond: ((k >= 583449) AND (k <= 583549))

table 4 : explain SELECT k, c FROM sbtest4 WHERE k BETWEEN 583449 AND 583549
	Bitmap Heap Scan on sbtest4  (cost=5.48..409.07 rows=102 width=125)
	  Recheck Cond: ((k >= 583449) AND (k <= 583549))
	  ->  Bitmap Index Scan on k_4  (cost=0.00..5.45 rows=102 width=0)
	        Index Cond: ((k >= 583449) AND (k <= 583549))

table 5 : explain SELECT k, c FROM sbtest5 WHERE k BETWEEN 583449 AND 583549
	Bitmap Heap Scan on sbtest5  (cost=5.50..416.94 rows=104 width=125)
	  Recheck Cond: ((k >= 583449) AND (k <= 583549))
	  ->  Bitmap Index Scan on k_5  (cost=0.00..5.47 rows=104 width=0)
	        Index Cond: ((k >= 583449) AND (k <= 583549))

table 6 : explain SELECT k, c FROM sbtest6 WHERE k BETWEEN 583449 AND 583549
	Bitmap Heap Scan on sbtest6  (cost=5.46..401.19 rows=100 width=125)
	  Recheck Cond: ((k >= 583449) AND (k <= 583549))
	  ->  Bitmap Index Scan on k_6  (cost=0.00..5.43 rows=100 width=0)
	        Index Cond: ((k >= 583449) AND (k <= 583549))

table 7 : explain SELECT k, c FROM sbtest7 WHERE k BETWEEN 583449 AND 583549
	Bitmap Heap Scan on sbtest7  (cost=5.37..365.72 rows=91 width=125)
	  Recheck Cond: ((k >= 583449) AND (k <= 583549))
	  ->  Bitmap Index Scan on k_7  (cost=0.00..5.34 rows=91 width=0)
	        Index Cond: ((k >= 583449) AND (k <= 583549))

table 8 : explain SELECT k, c FROM sbtest8 WHERE k BETWEEN 583449 AND 583549
	Bitmap Heap Scan on sbtest8  (cost=5.57..444.49 rows=111 width=125)
	  Recheck Cond: ((k >= 583449) AND (k <= 583549))
	  ->  Bitmap Index Scan on k_8  (cost=0.00..5.54 rows=111 width=0)
	        Index Cond: ((k >= 583449) AND (k <= 583549))

explain: for range-notcovered :: explain SELECT k, c FROM sbtest%d WHERE k BETWEEN 583449 AND 583549
for range-notcovered
table 1 : explain SELECT k, c FROM sbtest1 WHERE k BETWEEN 2223803 AND 2223903
	Bitmap Heap Scan on sbtest1  (cost=5.58..448.42 rows=112 width=125)
	  Recheck Cond: ((k >= 2223803) AND (k <= 2223903))
	  ->  Bitmap Index Scan on k_1  (cost=0.00..5.55 rows=112 width=0)
	        Index Cond: ((k >= 2223803) AND (k <= 2223903))

table 2 : explain SELECT k, c FROM sbtest2 WHERE k BETWEEN 2223803 AND 2223903
	Bitmap Heap Scan on sbtest2  (cost=5.53..428.75 rows=107 width=125)
	  Recheck Cond: ((k >= 2223803) AND (k <= 2223903))
	  ->  Bitmap Index Scan on k_2  (cost=0.00..5.50 rows=107 width=0)
	        Index Cond: ((k >= 2223803) AND (k <= 2223903))

table 3 : explain SELECT k, c FROM sbtest3 WHERE k BETWEEN 2223803 AND 2223903
	Bitmap Heap Scan on sbtest3  (cost=5.55..436.62 rows=109 width=125)
	  Recheck Cond: ((k >= 2223803) AND (k <= 2223903))
	  ->  Bitmap Index Scan on k_3  (cost=0.00..5.52 rows=109 width=0)
	        Index Cond: ((k >= 2223803) AND (k <= 2223903))

table 4 : explain SELECT k, c FROM sbtest4 WHERE k BETWEEN 2223803 AND 2223903
	Bitmap Heap Scan on sbtest4  (cost=5.43..389.37 rows=97 width=125)
	  Recheck Cond: ((k >= 2223803) AND (k <= 2223903))
	  ->  Bitmap Index Scan on k_4  (cost=0.00..5.40 rows=97 width=0)
	        Index Cond: ((k >= 2223803) AND (k <= 2223903))

table 5 : explain SELECT k, c FROM sbtest5 WHERE k BETWEEN 2223803 AND 2223903
	Bitmap Heap Scan on sbtest5  (cost=5.55..436.62 rows=109 width=125)
	  Recheck Cond: ((k >= 2223803) AND (k <= 2223903))
	  ->  Bitmap Index Scan on k_5  (cost=0.00..5.52 rows=109 width=0)
	        Index Cond: ((k >= 2223803) AND (k <= 2223903))

table 6 : explain SELECT k, c FROM sbtest6 WHERE k BETWEEN 2223803 AND 2223903
	Bitmap Heap Scan on sbtest6  (cost=5.49..413.00 rows=103 width=125)
	  Recheck Cond: ((k >= 2223803) AND (k <= 2223903))
	  ->  Bitmap Index Scan on k_6  (cost=0.00..5.46 rows=103 width=0)
	        Index Cond: ((k >= 2223803) AND (k <= 2223903))

table 7 : explain SELECT k, c FROM sbtest7 WHERE k BETWEEN 2223803 AND 2223903
	Bitmap Heap Scan on sbtest7  (cost=5.47..405.13 rows=101 width=125)
	  Recheck Cond: ((k >= 2223803) AND (k <= 2223903))
	  ->  Bitmap Index Scan on k_7  (cost=0.00..5.44 rows=101 width=0)
	        Index Cond: ((k >= 2223803) AND (k <= 2223903))

table 8 : explain SELECT k, c FROM sbtest8 WHERE k BETWEEN 2223803 AND 2223903
	Bitmap Heap Scan on sbtest8  (cost=5.54..432.69 rows=108 width=125)
	  Recheck Cond: ((k >= 2223803) AND (k <= 2223903))
	  ->  Bitmap Index Scan on k_8  (cost=0.00..5.51 rows=108 width=0)
	        Index Cond: ((k >= 2223803) AND (k <= 2223903))

for range-notcovered
table 1 : explain SELECT k, c FROM sbtest1 WHERE k BETWEEN 1661287 AND 1661387
	Bitmap Heap Scan on sbtest1  (cost=5.41..381.49 rows=95 width=125)
	  Recheck Cond: ((k >= 1661287) AND (k <= 1661387))
	  ->  Bitmap Index Scan on k_1  (cost=0.00..5.38 rows=95 width=0)
	        Index Cond: ((k >= 1661287) AND (k <= 1661387))

table 2 : explain SELECT k, c FROM sbtest2 WHERE k BETWEEN 1661287 AND 1661387
	Bitmap Heap Scan on sbtest2  (cost=5.49..413.00 rows=103 width=125)
	  Recheck Cond: ((k >= 1661287) AND (k <= 1661387))
	  ->  Bitmap Index Scan on k_2  (cost=0.00..5.46 rows=103 width=0)
	        Index Cond: ((k >= 1661287) AND (k <= 1661387))

table 3 : explain SELECT k, c FROM sbtest3 WHERE k BETWEEN 1661287 AND 1661387
	Bitmap Heap Scan on sbtest3  (cost=5.34..353.89 rows=88 width=125)
	  Recheck Cond: ((k >= 1661287) AND (k <= 1661387))
	  ->  Bitmap Index Scan on k_3  (cost=0.00..5.31 rows=88 width=0)
	        Index Cond: ((k >= 1661287) AND (k <= 1661387))

table 4 : explain SELECT k, c FROM sbtest4 WHERE k BETWEEN 1661287 AND 1661387
	Bitmap Heap Scan on sbtest4  (cost=5.48..409.07 rows=102 width=125)
	  Recheck Cond: ((k >= 1661287) AND (k <= 1661387))
	  ->  Bitmap Index Scan on k_4  (cost=0.00..5.45 rows=102 width=0)
	        Index Cond: ((k >= 1661287) AND (k <= 1661387))

table 5 : explain SELECT k, c FROM sbtest5 WHERE k BETWEEN 1661287 AND 1661387
	Bitmap Heap Scan on sbtest5  (cost=5.36..361.78 rows=90 width=125)
	  Recheck Cond: ((k >= 1661287) AND (k <= 1661387))
	  ->  Bitmap Index Scan on k_5  (cost=0.00..5.33 rows=90 width=0)
	        Index Cond: ((k >= 1661287) AND (k <= 1661387))

table 6 : explain SELECT k, c FROM sbtest6 WHERE k BETWEEN 1661287 AND 1661387
	Bitmap Heap Scan on sbtest6  (cost=5.54..432.69 rows=108 width=125)
	  Recheck Cond: ((k >= 1661287) AND (k <= 1661387))
	  ->  Bitmap Index Scan on k_6  (cost=0.00..5.51 rows=108 width=0)
	        Index Cond: ((k >= 1661287) AND (k <= 1661387))

table 7 : explain SELECT k, c FROM sbtest7 WHERE k BETWEEN 1661287 AND 1661387
	Bitmap Heap Scan on sbtest7  (cost=5.61..460.22 rows=115 width=125)
	  Recheck Cond: ((k >= 1661287) AND (k <= 1661387))
	  ->  Bitmap Index Scan on k_7  (cost=0.00..5.58 rows=115 width=0)
	        Index Cond: ((k >= 1661287) AND (k <= 1661387))

table 8 : explain SELECT k, c FROM sbtest8 WHERE k BETWEEN 1661287 AND 1661387
	Bitmap Heap Scan on sbtest8  (cost=5.56..440.56 rows=110 width=125)
	  Recheck Cond: ((k >= 1661287) AND (k <= 1661387))
	  ->  Bitmap Index Scan on k_8  (cost=0.00..5.53 rows=110 width=0)
	        Index Cond: ((k >= 1661287) AND (k <= 1661387))

explain: for range-notcovered :: explain SELECT k, c FROM sbtest%d WHERE k BETWEEN 2223803 AND 2223903
for range-notcovered
table 1 : explain SELECT k, c FROM sbtest1 WHERE k BETWEEN 7642494 AND 7642594
	Bitmap Heap Scan on sbtest1  (cost=5.52..424.81 rows=106 width=125)
	  Recheck Cond: ((k >= 7642494) AND (k <= 7642594))
	  ->  Bitmap Index Scan on k_1  (cost=0.00..5.50 rows=106 width=0)
	        Index Cond: ((k >= 7642494) AND (k <= 7642594))

table 2 : explain SELECT k, c FROM sbtest2 WHERE k BETWEEN 7642494 AND 7642594
	Bitmap Heap Scan on sbtest2  (cost=5.52..424.81 rows=106 width=125)
	  Recheck Cond: ((k >= 7642494) AND (k <= 7642594))
	  ->  Bitmap Index Scan on k_2  (cost=0.00..5.50 rows=106 width=0)
	        Index Cond: ((k >= 7642494) AND (k <= 7642594))

table 3 : explain SELECT k, c FROM sbtest3 WHERE k BETWEEN 7642494 AND 7642594
	Bitmap Heap Scan on sbtest3  (cost=5.52..424.81 rows=106 width=125)
	  Recheck Cond: ((k >= 7642494) AND (k <= 7642594))
	  ->  Bitmap Index Scan on k_3  (cost=0.00..5.50 rows=106 width=0)
	        Index Cond: ((k >= 7642494) AND (k <= 7642594))

table 4 : explain SELECT k, c FROM sbtest4 WHERE k BETWEEN 7642494 AND 7642594
	Bitmap Heap Scan on sbtest4  (cost=5.55..436.62 rows=109 width=125)
	  Recheck Cond: ((k >= 7642494) AND (k <= 7642594))
	  ->  Bitmap Index Scan on k_4  (cost=0.00..5.52 rows=109 width=0)
	        Index Cond: ((k >= 7642494) AND (k <= 7642594))

table 5 : explain SELECT k, c FROM sbtest5 WHERE k BETWEEN 7642494 AND 7642594
	Bitmap Heap Scan on sbtest5  (cost=5.47..405.13 rows=101 width=125)
	  Recheck Cond: ((k >= 7642494) AND (k <= 7642594))
	  ->  Bitmap Index Scan on k_5  (cost=0.00..5.44 rows=101 width=0)
	        Index Cond: ((k >= 7642494) AND (k <= 7642594))

table 6 : explain SELECT k, c FROM sbtest6 WHERE k BETWEEN 7642494 AND 7642594
	Bitmap Heap Scan on sbtest6  (cost=5.53..428.75 rows=107 width=125)
	  Recheck Cond: ((k >= 7642494) AND (k <= 7642594))
	  ->  Bitmap Index Scan on k_6  (cost=0.00..5.50 rows=107 width=0)
	        Index Cond: ((k >= 7642494) AND (k <= 7642594))

table 7 : explain SELECT k, c FROM sbtest7 WHERE k BETWEEN 7642494 AND 7642594
	Bitmap Heap Scan on sbtest7  (cost=5.43..389.37 rows=97 width=125)
	  Recheck Cond: ((k >= 7642494) AND (k <= 7642594))
	  ->  Bitmap Index Scan on k_7  (cost=0.00..5.40 rows=97 width=0)
	        Index Cond: ((k >= 7642494) AND (k <= 7642594))

table 8 : explain SELECT k, c FROM sbtest8 WHERE k BETWEEN 7642494 AND 7642594
	Bitmap Heap Scan on sbtest8  (cost=5.59..452.36 rows=113 width=125)
	  Recheck Cond: ((k >= 7642494) AND (k <= 7642594))
	  ->  Bitmap Index Scan on k_8  (cost=0.00..5.56 rows=113 width=0)
	        Index Cond: ((k >= 7642494) AND (k <= 7642594))

explain: for range-notcovered :: explain SELECT k, c FROM sbtest%d WHERE k BETWEEN 1661287 AND 1661387
explain: for range-notcovered :: explain SELECT k, c FROM sbtest%d WHERE k BETWEEN 7642494 AND 7642594
for range-notcovered
table 1 : explain SELECT k, c FROM sbtest1 WHERE k BETWEEN 8015230 AND 8015330
	Bitmap Heap Scan on sbtest1  (cost=5.60..456.29 rows=114 width=125)
	  Recheck Cond: ((k >= 8015230) AND (k <= 8015330))
	  ->  Bitmap Index Scan on k_1  (cost=0.00..5.58 rows=114 width=0)
	        Index Cond: ((k >= 8015230) AND (k <= 8015330))

table 2 : explain SELECT k, c FROM sbtest2 WHERE k BETWEEN 8015230 AND 8015330
	Bitmap Heap Scan on sbtest2  (cost=5.54..432.69 rows=108 width=125)
	  Recheck Cond: ((k >= 8015230) AND (k <= 8015330))
	  ->  Bitmap Index Scan on k_2  (cost=0.00..5.51 rows=108 width=0)
	        Index Cond: ((k >= 8015230) AND (k <= 8015330))

table 3 : explain SELECT k, c FROM sbtest3 WHERE k BETWEEN 8015230 AND 8015330
	Bitmap Heap Scan on sbtest3  (cost=5.47..405.13 rows=101 width=125)
	  Recheck Cond: ((k >= 8015230) AND (k <= 8015330))
	  ->  Bitmap Index Scan on k_3  (cost=0.00..5.44 rows=101 width=0)
	        Index Cond: ((k >= 8015230) AND (k <= 8015330))

table 4 : explain SELECT k, c FROM sbtest4 WHERE k BETWEEN 8015230 AND 8015330
	Bitmap Heap Scan on sbtest4  (cost=5.52..424.81 rows=106 width=125)
	  Recheck Cond: ((k >= 8015230) AND (k <= 8015330))
	  ->  Bitmap Index Scan on k_4  (cost=0.00..5.50 rows=106 width=0)
	        Index Cond: ((k >= 8015230) AND (k <= 8015330))

table 5 : explain SELECT k, c FROM sbtest5 WHERE k BETWEEN 8015230 AND 8015330
	Bitmap Heap Scan on sbtest5  (cost=5.36..361.78 rows=90 width=125)
	  Recheck Cond: ((k >= 8015230) AND (k <= 8015330))
	  ->  Bitmap Index Scan on k_5  (cost=0.00..5.33 rows=90 width=0)
	        Index Cond: ((k >= 8015230) AND (k <= 8015330))

table 6 : explain SELECT k, c FROM sbtest6 WHERE k BETWEEN 8015230 AND 8015330
	Bitmap Heap Scan on sbtest6  (cost=5.48..409.07 rows=102 width=125)
	  Recheck Cond: ((k >= 8015230) AND (k <= 8015330))
	  ->  Bitmap Index Scan on k_6  (cost=0.00..5.45 rows=102 width=0)
	        Index Cond: ((k >= 8015230) AND (k <= 8015330))

table 7 : explain SELECT k, c FROM sbtest7 WHERE k BETWEEN 8015230 AND 8015330
	Bitmap Heap Scan on sbtest7  (cost=5.55..436.62 rows=109 width=125)
	  Recheck Cond: ((k >= 8015230) AND (k <= 8015330))
	  ->  Bitmap Index Scan on k_7  (cost=0.00..5.52 rows=109 width=0)
	        Index Cond: ((k >= 8015230) AND (k <= 8015330))

table 8 : explain SELECT k, c FROM sbtest8 WHERE k BETWEEN 8015230 AND 8015330
	Bitmap Heap Scan on sbtest8  (cost=5.43..389.37 rows=97 width=125)
	  Recheck Cond: ((k >= 8015230) AND (k <= 8015330))
	  ->  Bitmap Index Scan on k_8  (cost=0.00..5.40 rows=97 width=0)
	        Index Cond: ((k >= 8015230) AND (k <= 8015330))

explain: for range-notcovered :: explain SELECT k, c FROM sbtest%d WHERE k BETWEEN 8015230 AND 8015330
for range-notcovered
table 1 : explain SELECT k, c FROM sbtest1 WHERE k BETWEEN 583449 AND 583549
	Bitmap Heap Scan on sbtest1  (cost=5.50..416.94 rows=104 width=125)
	  Recheck Cond: ((k >= 583449) AND (k <= 583549))
	  ->  Bitmap Index Scan on k_1  (cost=0.00..5.47 rows=104 width=0)
	        Index Cond: ((k >= 583449) AND (k <= 583549))

table 2 : explain SELECT k, c FROM sbtest2 WHERE k BETWEEN 583449 AND 583549
	Bitmap Heap Scan on sbtest2  (cost=5.40..377.55 rows=94 width=125)
	  Recheck Cond: ((k >= 583449) AND (k <= 583549))
	  ->  Bitmap Index Scan on k_2  (cost=0.00..5.38 rows=94 width=0)
	        Index Cond: ((k >= 583449) AND (k <= 583549))

table 3 : explain SELECT k, c FROM sbtest3 WHERE k BETWEEN 583449 AND 583549
	Bitmap Heap Scan on sbtest3  (cost=5.33..349.95 rows=87 width=125)
	  Recheck Cond: ((k >= 583449) AND (k <= 583549))
	  ->  Bitmap Index Scan on k_3  (cost=0.00..5.30 rows=87 width=0)
	        Index Cond: ((k >= 583449) AND (k <= 583549))

table 4 : explain SELECT k, c FROM sbtest4 WHERE k BETWEEN 583449 AND 583549
	Bitmap Heap Scan on sbtest4  (cost=5.48..409.07 rows=102 width=125)
	  Recheck Cond: ((k >= 583449) AND (k <= 583549))
	  ->  Bitmap Index Scan on k_4  (cost=0.00..5.45 rows=102 width=0)
	        Index Cond: ((k >= 583449) AND (k <= 583549))

table 5 : explain SELECT k, c FROM sbtest5 WHERE k BETWEEN 583449 AND 583549
	Bitmap Heap Scan on sbtest5  (cost=5.50..416.94 rows=104 width=125)
	  Recheck Cond: ((k >= 583449) AND (k <= 583549))
	  ->  Bitmap Index Scan on k_5  (cost=0.00..5.47 rows=104 width=0)
	        Index Cond: ((k >= 583449) AND (k <= 583549))

table 6 : explain SELECT k, c FROM sbtest6 WHERE k BETWEEN 583449 AND 583549
	Bitmap Heap Scan on sbtest6  (cost=5.46..401.19 rows=100 width=125)
	  Recheck Cond: ((k >= 583449) AND (k <= 583549))
	  ->  Bitmap Index Scan on k_6  (cost=0.00..5.43 rows=100 width=0)
	        Index Cond: ((k >= 583449) AND (k <= 583549))

table 7 : explain SELECT k, c FROM sbtest7 WHERE k BETWEEN 583449 AND 583549
	Bitmap Heap Scan on sbtest7  (cost=5.37..365.72 rows=91 width=125)
	  Recheck Cond: ((k >= 583449) AND (k <= 583549))
	  ->  Bitmap Index Scan on k_7  (cost=0.00..5.34 rows=91 width=0)
	        Index Cond: ((k >= 583449) AND (k <= 583549))

table 8 : explain SELECT k, c FROM sbtest8 WHERE k BETWEEN 583449 AND 583549
	Bitmap Heap Scan on sbtest8  (cost=5.57..444.49 rows=111 width=125)
	  Recheck Cond: ((k >= 583449) AND (k <= 583549))
	  ->  Bitmap Index Scan on k_8  (cost=0.00..5.54 rows=111 width=0)
	        Index Cond: ((k >= 583449) AND (k <= 583549))

explain: for range-notcovered :: explain SELECT k, c FROM sbtest%d WHERE k BETWEEN 583449 AND 583549
for range-notcovered
table 1 : explain SELECT k, c FROM sbtest1 WHERE k BETWEEN 7642494 AND 7642594
	Bitmap Heap Scan on sbtest1  (cost=5.52..424.81 rows=106 width=125)
	  Recheck Cond: ((k >= 7642494) AND (k <= 7642594))
	  ->  Bitmap Index Scan on k_1  (cost=0.00..5.50 rows=106 width=0)
	        Index Cond: ((k >= 7642494) AND (k <= 7642594))

table 2 : explain SELECT k, c FROM sbtest2 WHERE k BETWEEN 7642494 AND 7642594
	Bitmap Heap Scan on sbtest2  (cost=5.52..424.81 rows=106 width=125)
	  Recheck Cond: ((k >= 7642494) AND (k <= 7642594))
	  ->  Bitmap Index Scan on k_2  (cost=0.00..5.50 rows=106 width=0)
	        Index Cond: ((k >= 7642494) AND (k <= 7642594))

table 3 : explain SELECT k, c FROM sbtest3 WHERE k BETWEEN 7642494 AND 7642594
	Bitmap Heap Scan on sbtest3  (cost=5.52..424.81 rows=106 width=125)
	  Recheck Cond: ((k >= 7642494) AND (k <= 7642594))
	  ->  Bitmap Index Scan on k_3  (cost=0.00..5.50 rows=106 width=0)
	        Index Cond: ((k >= 7642494) AND (k <= 7642594))

table 4 : explain SELECT k, c FROM sbtest4 WHERE k BETWEEN 7642494 AND 7642594
	Bitmap Heap Scan on sbtest4  (cost=5.55..436.62 rows=109 width=125)
	  Recheck Cond: ((k >= 7642494) AND (k <= 7642594))
	  ->  Bitmap Index Scan on k_4  (cost=0.00..5.52 rows=109 width=0)
	        Index Cond: ((k >= 7642494) AND (k <= 7642594))

table 5 : explain SELECT k, c FROM sbtest5 WHERE k BETWEEN 7642494 AND 7642594
	Bitmap Heap Scan on sbtest5  (cost=5.47..405.13 rows=101 width=125)
	  Recheck Cond: ((k >= 7642494) AND (k <= 7642594))
	  ->  Bitmap Index Scan on k_5  (cost=0.00..5.44 rows=101 width=0)
	        Index Cond: ((k >= 7642494) AND (k <= 7642594))

table 6 : explain SELECT k, c FROM sbtest6 WHERE k BETWEEN 7642494 AND 7642594
	Bitmap Heap Scan on sbtest6  (cost=5.53..428.75 rows=107 width=125)
	  Recheck Cond: ((k >= 7642494) AND (k <= 7642594))
	  ->  Bitmap Index Scan on k_6  (cost=0.00..5.50 rows=107 width=0)
	        Index Cond: ((k >= 7642494) AND (k <= 7642594))

table 7 : explain SELECT k, c FROM sbtest7 WHERE k BETWEEN 7642494 AND 7642594
	Bitmap Heap Scan on sbtest7  (cost=5.43..389.37 rows=97 width=125)
	  Recheck Cond: ((k >= 7642494) AND (k <= 7642594))
	  ->  Bitmap Index Scan on k_7  (cost=0.00..5.40 rows=97 width=0)
	        Index Cond: ((k >= 7642494) AND (k <= 7642594))

table 8 : explain SELECT k, c FROM sbtest8 WHERE k BETWEEN 7642494 AND 7642594
	Bitmap Heap Scan on sbtest8  (cost=5.59..452.36 rows=113 width=125)
	  Recheck Cond: ((k >= 7642494) AND (k <= 7642594))
	  ->  Bitmap Index Scan on k_8  (cost=0.00..5.56 rows=113 width=0)
	        Index Cond: ((k >= 7642494) AND (k <= 7642594))

for range-notcovered
table 1 : explain SELECT k, c FROM sbtest1 WHERE k BETWEEN 1661287 AND 1661387
	Bitmap Heap Scan on sbtest1  (cost=5.41..381.49 rows=95 width=125)
	  Recheck Cond: ((k >= 1661287) AND (k <= 1661387))
	  ->  Bitmap Index Scan on k_1  (cost=0.00..5.38 rows=95 width=0)
	        Index Cond: ((k >= 1661287) AND (k <= 1661387))

table 2 : explain SELECT k, c FROM sbtest2 WHERE k BETWEEN 1661287 AND 1661387
	Bitmap Heap Scan on sbtest2  (cost=5.49..413.00 rows=103 width=125)
	  Recheck Cond: ((k >= 1661287) AND (k <= 1661387))
	  ->  Bitmap Index Scan on k_2  (cost=0.00..5.46 rows=103 width=0)
	        Index Cond: ((k >= 1661287) AND (k <= 1661387))

table 3 : explain SELECT k, c FROM sbtest3 WHERE k BETWEEN 1661287 AND 1661387
	Bitmap Heap Scan on sbtest3  (cost=5.34..353.89 rows=88 width=125)
	  Recheck Cond: ((k >= 1661287) AND (k <= 1661387))
	  ->  Bitmap Index Scan on k_3  (cost=0.00..5.31 rows=88 width=0)
	        Index Cond: ((k >= 1661287) AND (k <= 1661387))

table 4 : explain SELECT k, c FROM sbtest4 WHERE k BETWEEN 1661287 AND 1661387
	Bitmap Heap Scan on sbtest4  (cost=5.48..409.07 rows=102 width=125)
	  Recheck Cond: ((k >= 1661287) AND (k <= 1661387))
	  ->  Bitmap Index Scan on k_4  (cost=0.00..5.45 rows=102 width=0)
	        Index Cond: ((k >= 1661287) AND (k <= 1661387))

table 5 : explain SELECT k, c FROM sbtest5 WHERE k BETWEEN 1661287 AND 1661387
	Bitmap Heap Scan on sbtest5  (cost=5.36..361.78 rows=90 width=125)
	  Recheck Cond: ((k >= 1661287) AND (k <= 1661387))
	  ->  Bitmap Index Scan on k_5  (cost=0.00..5.33 rows=90 width=0)
	        Index Cond: ((k >= 1661287) AND (k <= 1661387))

table 6 : explain SELECT k, c FROM sbtest6 WHERE k BETWEEN 1661287 AND 1661387
	Bitmap Heap Scan on sbtest6  (cost=5.54..432.69 rows=108 width=125)
	  Recheck Cond: ((k >= 1661287) AND (k <= 1661387))
	  ->  Bitmap Index Scan on k_6  (cost=0.00..5.51 rows=108 width=0)
	        Index Cond: ((k >= 1661287) AND (k <= 1661387))

table 7 : explain SELECT k, c FROM sbtest7 WHERE k BETWEEN 1661287 AND 1661387
	Bitmap Heap Scan on sbtest7  (cost=5.61..460.22 rows=115 width=125)
	  Recheck Cond: ((k >= 1661287) AND (k <= 1661387))
	  ->  Bitmap Index Scan on k_7  (cost=0.00..5.58 rows=115 width=0)
	        Index Cond: ((k >= 1661287) AND (k <= 1661387))

table 8 : explain SELECT k, c FROM sbtest8 WHERE k BETWEEN 1661287 AND 1661387
	Bitmap Heap Scan on sbtest8  (cost=5.56..440.56 rows=110 width=125)
	  Recheck Cond: ((k >= 1661287) AND (k <= 1661387))
	  ->  Bitmap Index Scan on k_8  (cost=0.00..5.53 rows=110 width=0)
	        Index Cond: ((k >= 1661287) AND (k <= 1661387))

explain: for range-notcovered :: explain SELECT k, c FROM sbtest%d WHERE k BETWEEN 4849738 AND 4849838
for range-notcovered
table 1 : explain SELECT k, c FROM sbtest1 WHERE k BETWEEN 3769934 AND 3770034
	Bitmap Heap Scan on sbtest1  (cost=5.56..440.56 rows=110 width=125)
	  Recheck Cond: ((k >= 3769934) AND (k <= 3770034))
	  ->  Bitmap Index Scan on k_1  (cost=0.00..5.53 rows=110 width=0)
	        Index Cond: ((k >= 3769934) AND (k <= 3770034))

table 2 : explain SELECT k, c FROM sbtest2 WHERE k BETWEEN 3769934 AND 3770034
	Bitmap Heap Scan on sbtest2  (cost=5.53..428.75 rows=107 width=125)
	  Recheck Cond: ((k >= 3769934) AND (k <= 3770034))
	  ->  Bitmap Index Scan on k_2  (cost=0.00..5.50 rows=107 width=0)
	        Index Cond: ((k >= 3769934) AND (k <= 3770034))

table 3 : explain SELECT k, c FROM sbtest3 WHERE k BETWEEN 3769934 AND 3770034
	Bitmap Heap Scan on sbtest3  (cost=5.42..385.43 rows=96 width=125)
	  Recheck Cond: ((k >= 3769934) AND (k <= 3770034))
	  ->  Bitmap Index Scan on k_3  (cost=0.00..5.39 rows=96 width=0)
	        Index Cond: ((k >= 3769934) AND (k <= 3770034))

table 4 : explain SELECT k, c FROM sbtest4 WHERE k BETWEEN 3769934 AND 3770034
	Bitmap Heap Scan on sbtest4  (cost=5.43..389.37 rows=97 width=125)
	  Recheck Cond: ((k >= 3769934) AND (k <= 3770034))
	  ->  Bitmap Index Scan on k_4  (cost=0.00..5.40 rows=97 width=0)
	        Index Cond: ((k >= 3769934) AND (k <= 3770034))

table 5 : explain SELECT k, c FROM sbtest5 WHERE k BETWEEN 3769934 AND 3770034
	Bitmap Heap Scan on sbtest5  (cost=5.44..393.31 rows=98 width=125)
	  Recheck Cond: ((k >= 3769934) AND (k <= 3770034))
	  ->  Bitmap Index Scan on k_5  (cost=0.00..5.42 rows=98 width=0)
	        Index Cond: ((k >= 3769934) AND (k <= 3770034))

table 6 : explain SELECT k, c FROM sbtest6 WHERE k BETWEEN 3769934 AND 3770034
	Bitmap Heap Scan on sbtest6  (cost=5.55..436.62 rows=109 width=125)
	  Recheck Cond: ((k >= 3769934) AND (k <= 3770034))
	  ->  Bitmap Index Scan on k_6  (cost=0.00..5.52 rows=109 width=0)
	        Index Cond: ((k >= 3769934) AND (k <= 3770034))

table 7 : explain SELECT k, c FROM sbtest7 WHERE k BETWEEN 3769934 AND 3770034
	Bitmap Heap Scan on sbtest7  (cost=5.45..397.25 rows=99 width=125)
	  Recheck Cond: ((k >= 3769934) AND (k <= 3770034))
	  ->  Bitmap Index Scan on k_7  (cost=0.00..5.42 rows=99 width=0)
	        Index Cond: ((k >= 3769934) AND (k <= 3770034))

table 8 : explain SELECT k, c FROM sbtest8 WHERE k BETWEEN 3769934 AND 3770034
	Bitmap Heap Scan on sbtest8  (cost=5.54..432.69 rows=108 width=125)
	  Recheck Cond: ((k >= 3769934) AND (k <= 3770034))
	  ->  Bitmap Index Scan on k_8  (cost=0.00..5.51 rows=108 width=0)
	        Index Cond: ((k >= 3769934) AND (k <= 3770034))

explain: for range-notcovered :: explain SELECT k, c FROM sbtest%d WHERE k BETWEEN 7642494 AND 7642594
explain: for range-notcovered :: explain SELECT k, c FROM sbtest%d WHERE k BETWEEN 1661287 AND 1661387
explain: for range-notcovered :: explain SELECT k, c FROM sbtest%d WHERE k BETWEEN 3769934 AND 3770034
for range-notcovered
table 1 : explain SELECT k, c FROM sbtest1 WHERE k BETWEEN 6683285 AND 6683385
	Bitmap Heap Scan on sbtest1  (cost=5.55..436.62 rows=109 width=125)
	  Recheck Cond: ((k >= 6683285) AND (k <= 6683385))
	  ->  Bitmap Index Scan on k_1  (cost=0.00..5.52 rows=109 width=0)
	        Index Cond: ((k >= 6683285) AND (k <= 6683385))

table 2 : explain SELECT k, c FROM sbtest2 WHERE k BETWEEN 6683285 AND 6683385
	Bitmap Heap Scan on sbtest2  (cost=5.45..397.25 rows=99 width=125)
	  Recheck Cond: ((k >= 6683285) AND (k <= 6683385))
	  ->  Bitmap Index Scan on k_2  (cost=0.00..5.42 rows=99 width=0)
	        Index Cond: ((k >= 6683285) AND (k <= 6683385))

table 3 : explain SELECT k, c FROM sbtest3 WHERE k BETWEEN 6683285 AND 6683385
	Bitmap Heap Scan on sbtest3  (cost=5.53..428.75 rows=107 width=125)
	  Recheck Cond: ((k >= 6683285) AND (k <= 6683385))
	  ->  Bitmap Index Scan on k_3  (cost=0.00..5.50 rows=107 width=0)
	        Index Cond: ((k >= 6683285) AND (k <= 6683385))

table 4 : explain SELECT k, c FROM sbtest4 WHERE k BETWEEN 6683285 AND 6683385
	Bitmap Heap Scan on sbtest4  (cost=5.48..409.07 rows=102 width=125)
	  Recheck Cond: ((k >= 6683285) AND (k <= 6683385))
	  ->  Bitmap Index Scan on k_4  (cost=0.00..5.45 rows=102 width=0)
	        Index Cond: ((k >= 6683285) AND (k <= 6683385))

table 5 : explain SELECT k, c FROM sbtest5 WHERE k BETWEEN 6683285 AND 6683385
	Bitmap Heap Scan on sbtest5  (cost=5.55..436.62 rows=109 width=125)
	  Recheck Cond: ((k >= 6683285) AND (k <= 6683385))
	  ->  Bitmap Index Scan on k_5  (cost=0.00..5.52 rows=109 width=0)
	        Index Cond: ((k >= 6683285) AND (k <= 6683385))

table 6 : explain SELECT k, c FROM sbtest6 WHERE k BETWEEN 6683285 AND 6683385
	Bitmap Heap Scan on sbtest6  (cost=5.37..365.72 rows=91 width=125)
	  Recheck Cond: ((k >= 6683285) AND (k <= 6683385))
	  ->  Bitmap Index Scan on k_6  (cost=0.00..5.34 rows=91 width=0)
	        Index Cond: ((k >= 6683285) AND (k <= 6683385))

table 7 : explain SELECT k, c FROM sbtest7 WHERE k BETWEEN 6683285 AND 6683385
	Bitmap Heap Scan on sbtest7  (cost=5.48..409.07 rows=102 width=125)
	  Recheck Cond: ((k >= 6683285) AND (k <= 6683385))
	  ->  Bitmap Index Scan on k_7  (cost=0.00..5.45 rows=102 width=0)
	        Index Cond: ((k >= 6683285) AND (k <= 6683385))

table 8 : explain SELECT k, c FROM sbtest8 WHERE k BETWEEN 6683285 AND 6683385
	Bitmap Heap Scan on sbtest8  (cost=5.38..369.67 rows=92 width=125)
	  Recheck Cond: ((k >= 6683285) AND (k <= 6683385))
	  ->  Bitmap Index Scan on k_8  (cost=0.00..5.35 rows=92 width=0)
	        Index Cond: ((k >= 6683285) AND (k <= 6683385))

explain: for range-notcovered :: explain SELECT k, c FROM sbtest%d WHERE k BETWEEN 6683285 AND 6683385
for range-notcovered
table 1 : explain SELECT k, c FROM sbtest1 WHERE k BETWEEN 583449 AND 583549
	Bitmap Heap Scan on sbtest1  (cost=5.50..416.94 rows=104 width=125)
	  Recheck Cond: ((k >= 583449) AND (k <= 583549))
	  ->  Bitmap Index Scan on k_1  (cost=0.00..5.47 rows=104 width=0)
	        Index Cond: ((k >= 583449) AND (k <= 583549))

table 2 : explain SELECT k, c FROM sbtest2 WHERE k BETWEEN 583449 AND 583549
	Bitmap Heap Scan on sbtest2  (cost=5.40..377.55 rows=94 width=125)
	  Recheck Cond: ((k >= 583449) AND (k <= 583549))
	  ->  Bitmap Index Scan on k_2  (cost=0.00..5.38 rows=94 width=0)
	        Index Cond: ((k >= 583449) AND (k <= 583549))

table 3 : explain SELECT k, c FROM sbtest3 WHERE k BETWEEN 583449 AND 583549
	Bitmap Heap Scan on sbtest3  (cost=5.33..349.95 rows=87 width=125)
	  Recheck Cond: ((k >= 583449) AND (k <= 583549))
	  ->  Bitmap Index Scan on k_3  (cost=0.00..5.30 rows=87 width=0)
	        Index Cond: ((k >= 583449) AND (k <= 583549))

table 4 : explain SELECT k, c FROM sbtest4 WHERE k BETWEEN 583449 AND 583549
	Bitmap Heap Scan on sbtest4  (cost=5.48..409.07 rows=102 width=125)
	  Recheck Cond: ((k >= 583449) AND (k <= 583549))
	  ->  Bitmap Index Scan on k_4  (cost=0.00..5.45 rows=102 width=0)
	        Index Cond: ((k >= 583449) AND (k <= 583549))

table 5 : explain SELECT k, c FROM sbtest5 WHERE k BETWEEN 583449 AND 583549
	Bitmap Heap Scan on sbtest5  (cost=5.50..416.94 rows=104 width=125)
	  Recheck Cond: ((k >= 583449) AND (k <= 583549))
	  ->  Bitmap Index Scan on k_5  (cost=0.00..5.47 rows=104 width=0)
	        Index Cond: ((k >= 583449) AND (k <= 583549))

table 6 : explain SELECT k, c FROM sbtest6 WHERE k BETWEEN 583449 AND 583549
	Bitmap Heap Scan on sbtest6  (cost=5.46..401.19 rows=100 width=125)
	  Recheck Cond: ((k >= 583449) AND (k <= 583549))
	  ->  Bitmap Index Scan on k_6  (cost=0.00..5.43 rows=100 width=0)
	        Index Cond: ((k >= 583449) AND (k <= 583549))

table 7 : explain SELECT k, c FROM sbtest7 WHERE k BETWEEN 583449 AND 583549
	Bitmap Heap Scan on sbtest7  (cost=5.37..365.72 rows=91 width=125)
	  Recheck Cond: ((k >= 583449) AND (k <= 583549))
	  ->  Bitmap Index Scan on k_7  (cost=0.00..5.34 rows=91 width=0)
	        Index Cond: ((k >= 583449) AND (k <= 583549))

table 8 : explain SELECT k, c FROM sbtest8 WHERE k BETWEEN 583449 AND 583549
	Bitmap Heap Scan on sbtest8  (cost=5.57..444.49 rows=111 width=125)
	  Recheck Cond: ((k >= 583449) AND (k <= 583549))
	  ->  Bitmap Index Scan on k_8  (cost=0.00..5.54 rows=111 width=0)
	        Index Cond: ((k >= 583449) AND (k <= 583549))

explain: for range-notcovered :: explain SELECT k, c FROM sbtest%d WHERE k BETWEEN 583449 AND 583549
for range-notcovered
table 1 : explain SELECT k, c FROM sbtest1 WHERE k BETWEEN 2045916 AND 2046016
	Bitmap Heap Scan on sbtest1  (cost=5.52..424.81 rows=106 width=125)
	  Recheck Cond: ((k >= 2045916) AND (k <= 2046016))
	  ->  Bitmap Index Scan on k_1  (cost=0.00..5.50 rows=106 width=0)
	        Index Cond: ((k >= 2045916) AND (k <= 2046016))

table 2 : explain SELECT k, c FROM sbtest2 WHERE k BETWEEN 2045916 AND 2046016
	Bitmap Heap Scan on sbtest2  (cost=5.56..440.56 rows=110 width=125)
	  Recheck Cond: ((k >= 2045916) AND (k <= 2046016))
	  ->  Bitmap Index Scan on k_2  (cost=0.00..5.53 rows=110 width=0)
	        Index Cond: ((k >= 2045916) AND (k <= 2046016))

table 3 : explain SELECT k, c FROM sbtest3 WHERE k BETWEEN 2045916 AND 2046016
	Bitmap Heap Scan on sbtest3  (cost=5.54..432.69 rows=108 width=125)
	  Recheck Cond: ((k >= 2045916) AND (k <= 2046016))
	  ->  Bitmap Index Scan on k_3  (cost=0.00..5.51 rows=108 width=0)
	        Index Cond: ((k >= 2045916) AND (k <= 2046016))

table 4 : explain SELECT k, c FROM sbtest4 WHERE k BETWEEN 2045916 AND 2046016
	Bitmap Heap Scan on sbtest4  (cost=5.55..436.62 rows=109 width=125)
	  Recheck Cond: ((k >= 2045916) AND (k <= 2046016))
	  ->  Bitmap Index Scan on k_4  (cost=0.00..5.52 rows=109 width=0)
	        Index Cond: ((k >= 2045916) AND (k <= 2046016))

table 5 : explain SELECT k, c FROM sbtest5 WHERE k BETWEEN 2045916 AND 2046016
	Bitmap Heap Scan on sbtest5  (cost=5.52..424.81 rows=106 width=125)
	  Recheck Cond: ((k >= 2045916) AND (k <= 2046016))
	  ->  Bitmap Index Scan on k_5  (cost=0.00..5.50 rows=106 width=0)
	        Index Cond: ((k >= 2045916) AND (k <= 2046016))

table 6 : explain SELECT k, c FROM sbtest6 WHERE k BETWEEN 2045916 AND 2046016
	Bitmap Heap Scan on sbtest6  (cost=5.54..432.69 rows=108 width=125)
	  Recheck Cond: ((k >= 2045916) AND (k <= 2046016))
	  ->  Bitmap Index Scan on k_6  (cost=0.00..5.51 rows=108 width=0)
	        Index Cond: ((k >= 2045916) AND (k <= 2046016))

table 7 : explain SELECT k, c FROM sbtest7 WHERE k BETWEEN 2045916 AND 2046016
	Bitmap Heap Scan on sbtest7  (cost=5.45..397.25 rows=99 width=125)
	  Recheck Cond: ((k >= 2045916) AND (k <= 2046016))
	  ->  Bitmap Index Scan on k_7  (cost=0.00..5.42 rows=99 width=0)
	        Index Cond: ((k >= 2045916) AND (k <= 2046016))

table 8 : explain SELECT k, c FROM sbtest8 WHERE k BETWEEN 2045916 AND 2046016
	Bitmap Heap Scan on sbtest8  (cost=5.41..381.49 rows=95 width=125)
	  Recheck Cond: ((k >= 2045916) AND (k <= 2046016))
	  ->  Bitmap Index Scan on k_8  (cost=0.00..5.38 rows=95 width=0)
	        Index Cond: ((k >= 2045916) AND (k <= 2046016))

for range-notcovered
table 1 : explain SELECT k, c FROM sbtest1 WHERE k BETWEEN 2223803 AND 2223903
	Bitmap Heap Scan on sbtest1  (cost=5.58..448.42 rows=112 width=125)
	  Recheck Cond: ((k >= 2223803) AND (k <= 2223903))
	  ->  Bitmap Index Scan on k_1  (cost=0.00..5.55 rows=112 width=0)
	        Index Cond: ((k >= 2223803) AND (k <= 2223903))

table 2 : explain SELECT k, c FROM sbtest2 WHERE k BETWEEN 2223803 AND 2223903
	Bitmap Heap Scan on sbtest2  (cost=5.53..428.75 rows=107 width=125)
	  Recheck Cond: ((k >= 2223803) AND (k <= 2223903))
	  ->  Bitmap Index Scan on k_2  (cost=0.00..5.50 rows=107 width=0)
	        Index Cond: ((k >= 2223803) AND (k <= 2223903))

table 3 : explain SELECT k, c FROM sbtest3 WHERE k BETWEEN 2223803 AND 2223903
	Bitmap Heap Scan on sbtest3  (cost=5.55..436.62 rows=109 width=125)
	  Recheck Cond: ((k >= 2223803) AND (k <= 2223903))
	  ->  Bitmap Index Scan on k_3  (cost=0.00..5.52 rows=109 width=0)
	        Index Cond: ((k >= 2223803) AND (k <= 2223903))

table 4 : explain SELECT k, c FROM sbtest4 WHERE k BETWEEN 2223803 AND 2223903
	Bitmap Heap Scan on sbtest4  (cost=5.43..389.37 rows=97 width=125)
	  Recheck Cond: ((k >= 2223803) AND (k <= 2223903))
	  ->  Bitmap Index Scan on k_4  (cost=0.00..5.40 rows=97 width=0)
	        Index Cond: ((k >= 2223803) AND (k <= 2223903))

table 5 : explain SELECT k, c FROM sbtest5 WHERE k BETWEEN 2223803 AND 2223903
	Bitmap Heap Scan on sbtest5  (cost=5.55..436.62 rows=109 width=125)
	  Recheck Cond: ((k >= 2223803) AND (k <= 2223903))
	  ->  Bitmap Index Scan on k_5  (cost=0.00..5.52 rows=109 width=0)
	        Index Cond: ((k >= 2223803) AND (k <= 2223903))

table 6 : explain SELECT k, c FROM sbtest6 WHERE k BETWEEN 2223803 AND 2223903
	Bitmap Heap Scan on sbtest6  (cost=5.49..413.00 rows=103 width=125)
	  Recheck Cond: ((k >= 2223803) AND (k <= 2223903))
	  ->  Bitmap Index Scan on k_6  (cost=0.00..5.46 rows=103 width=0)
	        Index Cond: ((k >= 2223803) AND (k <= 2223903))

table 7 : explain SELECT k, c FROM sbtest7 WHERE k BETWEEN 2223803 AND 2223903
	Bitmap Heap Scan on sbtest7  (cost=5.47..405.13 rows=101 width=125)
	  Recheck Cond: ((k >= 2223803) AND (k <= 2223903))
	  ->  Bitmap Index Scan on k_7  (cost=0.00..5.44 rows=101 width=0)
	        Index Cond: ((k >= 2223803) AND (k <= 2223903))

table 8 : explain SELECT k, c FROM sbtest8 WHERE k BETWEEN 2223803 AND 2223903
	Bitmap Heap Scan on sbtest8  (cost=5.54..432.69 rows=108 width=125)
	  Recheck Cond: ((k >= 2223803) AND (k <= 2223903))
	  ->  Bitmap Index Scan on k_8  (cost=0.00..5.51 rows=108 width=0)
	        Index Cond: ((k >= 2223803) AND (k <= 2223903))

for range-notcovered
table 1 : explain SELECT k, c FROM sbtest1 WHERE k BETWEEN 7642494 AND 7642594
	Bitmap Heap Scan on sbtest1  (cost=5.52..424.81 rows=106 width=125)
	  Recheck Cond: ((k >= 7642494) AND (k <= 7642594))
	  ->  Bitmap Index Scan on k_1  (cost=0.00..5.50 rows=106 width=0)
	        Index Cond: ((k >= 7642494) AND (k <= 7642594))

table 2 : explain SELECT k, c FROM sbtest2 WHERE k BETWEEN 7642494 AND 7642594
	Bitmap Heap Scan on sbtest2  (cost=5.52..424.81 rows=106 width=125)
	  Recheck Cond: ((k >= 7642494) AND (k <= 7642594))
	  ->  Bitmap Index Scan on k_2  (cost=0.00..5.50 rows=106 width=0)
	        Index Cond: ((k >= 7642494) AND (k <= 7642594))

table 3 : explain SELECT k, c FROM sbtest3 WHERE k BETWEEN 7642494 AND 7642594
	Bitmap Heap Scan on sbtest3  (cost=5.52..424.81 rows=106 width=125)
	  Recheck Cond: ((k >= 7642494) AND (k <= 7642594))
	  ->  Bitmap Index Scan on k_3  (cost=0.00..5.50 rows=106 width=0)
	        Index Cond: ((k >= 7642494) AND (k <= 7642594))

table 4 : explain SELECT k, c FROM sbtest4 WHERE k BETWEEN 7642494 AND 7642594
	Bitmap Heap Scan on sbtest4  (cost=5.55..436.62 rows=109 width=125)
	  Recheck Cond: ((k >= 7642494) AND (k <= 7642594))
	  ->  Bitmap Index Scan on k_4  (cost=0.00..5.52 rows=109 width=0)
	        Index Cond: ((k >= 7642494) AND (k <= 7642594))

table 5 : explain SELECT k, c FROM sbtest5 WHERE k BETWEEN 7642494 AND 7642594
	Bitmap Heap Scan on sbtest5  (cost=5.47..405.13 rows=101 width=125)
	  Recheck Cond: ((k >= 7642494) AND (k <= 7642594))
	  ->  Bitmap Index Scan on k_5  (cost=0.00..5.44 rows=101 width=0)
	        Index Cond: ((k >= 7642494) AND (k <= 7642594))

table 6 : explain SELECT k, c FROM sbtest6 WHERE k BETWEEN 7642494 AND 7642594
	Bitmap Heap Scan on sbtest6  (cost=5.53..428.75 rows=107 width=125)
	  Recheck Cond: ((k >= 7642494) AND (k <= 7642594))
	  ->  Bitmap Index Scan on k_6  (cost=0.00..5.50 rows=107 width=0)
	        Index Cond: ((k >= 7642494) AND (k <= 7642594))

table 7 : explain SELECT k, c FROM sbtest7 WHERE k BETWEEN 7642494 AND 7642594
	Bitmap Heap Scan on sbtest7  (cost=5.43..389.37 rows=97 width=125)
	  Recheck Cond: ((k >= 7642494) AND (k <= 7642594))
	  ->  Bitmap Index Scan on k_7  (cost=0.00..5.40 rows=97 width=0)
	        Index Cond: ((k >= 7642494) AND (k <= 7642594))

table 8 : explain SELECT k, c FROM sbtest8 WHERE k BETWEEN 7642494 AND 7642594
	Bitmap Heap Scan on sbtest8  (cost=5.59..452.36 rows=113 width=125)
	  Recheck Cond: ((k >= 7642494) AND (k <= 7642594))
	  ->  Bitmap Index Scan on k_8  (cost=0.00..5.56 rows=113 width=0)
	        Index Cond: ((k >= 7642494) AND (k <= 7642594))

explain: for range-notcovered :: explain SELECT k, c FROM sbtest%d WHERE k BETWEEN 2223803 AND 2223903explain: for range-notcovered :: explain SELECT k, c FROM sbtest%d WHERE k BETWEEN 2045916 AND 2046016

explain: for range-notcovered :: explain SELECT k, c FROM sbtest%d WHERE k BETWEEN 7642494 AND 7642594
for range-notcovered
table 1 : explain SELECT k, c FROM sbtest1 WHERE k BETWEEN 3769934 AND 3770034
	Bitmap Heap Scan on sbtest1  (cost=5.56..440.56 rows=110 width=125)
	  Recheck Cond: ((k >= 3769934) AND (k <= 3770034))
	  ->  Bitmap Index Scan on k_1  (cost=0.00..5.53 rows=110 width=0)
	        Index Cond: ((k >= 3769934) AND (k <= 3770034))

table 2 : explain SELECT k, c FROM sbtest2 WHERE k BETWEEN 3769934 AND 3770034
	Bitmap Heap Scan on sbtest2  (cost=5.53..428.75 rows=107 width=125)
	  Recheck Cond: ((k >= 3769934) AND (k <= 3770034))
	  ->  Bitmap Index Scan on k_2  (cost=0.00..5.50 rows=107 width=0)
	        Index Cond: ((k >= 3769934) AND (k <= 3770034))

table 3 : explain SELECT k, c FROM sbtest3 WHERE k BETWEEN 3769934 AND 3770034
	Bitmap Heap Scan on sbtest3  (cost=5.42..385.43 rows=96 width=125)
	  Recheck Cond: ((k >= 3769934) AND (k <= 3770034))
	  ->  Bitmap Index Scan on k_3  (cost=0.00..5.39 rows=96 width=0)
	        Index Cond: ((k >= 3769934) AND (k <= 3770034))

table 4 : explain SELECT k, c FROM sbtest4 WHERE k BETWEEN 3769934 AND 3770034
	Bitmap Heap Scan on sbtest4  (cost=5.43..389.37 rows=97 width=125)
	  Recheck Cond: ((k >= 3769934) AND (k <= 3770034))
	  ->  Bitmap Index Scan on k_4  (cost=0.00..5.40 rows=97 width=0)
	        Index Cond: ((k >= 3769934) AND (k <= 3770034))

table 5 : explain SELECT k, c FROM sbtest5 WHERE k BETWEEN 3769934 AND 3770034
	Bitmap Heap Scan on sbtest5  (cost=5.44..393.31 rows=98 width=125)
	  Recheck Cond: ((k >= 3769934) AND (k <= 3770034))
	  ->  Bitmap Index Scan on k_5  (cost=0.00..5.42 rows=98 width=0)
	        Index Cond: ((k >= 3769934) AND (k <= 3770034))

table 6 : explain SELECT k, c FROM sbtest6 WHERE k BETWEEN 3769934 AND 3770034
	Bitmap Heap Scan on sbtest6  (cost=5.55..436.62 rows=109 width=125)
	  Recheck Cond: ((k >= 3769934) AND (k <= 3770034))
	  ->  Bitmap Index Scan on k_6  (cost=0.00..5.52 rows=109 width=0)
	        Index Cond: ((k >= 3769934) AND (k <= 3770034))

table 7 : explain SELECT k, c FROM sbtest7 WHERE k BETWEEN 3769934 AND 3770034
	Bitmap Heap Scan on sbtest7  (cost=5.45..397.25 rows=99 width=125)
	  Recheck Cond: ((k >= 3769934) AND (k <= 3770034))
	  ->  Bitmap Index Scan on k_7  (cost=0.00..5.42 rows=99 width=0)
	        Index Cond: ((k >= 3769934) AND (k <= 3770034))

table 8 : explain SELECT k, c FROM sbtest8 WHERE k BETWEEN 3769934 AND 3770034
	Bitmap Heap Scan on sbtest8  (cost=5.54..432.69 rows=108 width=125)
	  Recheck Cond: ((k >= 3769934) AND (k <= 3770034))
	  ->  Bitmap Index Scan on k_8  (cost=0.00..5.51 rows=108 width=0)
	        Index Cond: ((k >= 3769934) AND (k <= 3770034))

for range-notcovered
table 1 : explain SELECT k, c FROM sbtest1 WHERE k BETWEEN 4849738 AND 4849838
	Bitmap Heap Scan on sbtest1  (cost=5.50..416.94 rows=104 width=125)
	  Recheck Cond: ((k >= 4849738) AND (k <= 4849838))
	  ->  Bitmap Index Scan on k_1  (cost=0.00..5.47 rows=104 width=0)
	        Index Cond: ((k >= 4849738) AND (k <= 4849838))

table 2 : explain SELECT k, c FROM sbtest2 WHERE k BETWEEN 4849738 AND 4849838
	Bitmap Heap Scan on sbtest2  (cost=5.47..405.13 rows=101 width=125)
	  Recheck Cond: ((k >= 4849738) AND (k <= 4849838))
	  ->  Bitmap Index Scan on k_2  (cost=0.00..5.44 rows=101 width=0)
	        Index Cond: ((k >= 4849738) AND (k <= 4849838))

table 3 : explain SELECT k, c FROM sbtest3 WHERE k BETWEEN 4849738 AND 4849838
	Bitmap Heap Scan on sbtest3  (cost=5.43..389.37 rows=97 width=125)
	  Recheck Cond: ((k >= 4849738) AND (k <= 4849838))
	  ->  Bitmap Index Scan on k_3  (cost=0.00..5.40 rows=97 width=0)
	        Index Cond: ((k >= 4849738) AND (k <= 4849838))

table 4 : explain SELECT k, c FROM sbtest4 WHERE k BETWEEN 4849738 AND 4849838
	Bitmap Heap Scan on sbtest4  (cost=5.42..385.43 rows=96 width=125)
	  Recheck Cond: ((k >= 4849738) AND (k <= 4849838))
	  ->  Bitmap Index Scan on k_4  (cost=0.00..5.39 rows=96 width=0)
	        Index Cond: ((k >= 4849738) AND (k <= 4849838))

table 5 : explain SELECT k, c FROM sbtest5 WHERE k BETWEEN 4849738 AND 4849838
	Bitmap Heap Scan on sbtest5  (cost=5.56..440.56 rows=110 width=125)
	  Recheck Cond: ((k >= 4849738) AND (k <= 4849838))
	  ->  Bitmap Index Scan on k_5  (cost=0.00..5.53 rows=110 width=0)
	        Index Cond: ((k >= 4849738) AND (k <= 4849838))

table 6 : explain SELECT k, c FROM sbtest6 WHERE k BETWEEN 4849738 AND 4849838
	Bitmap Heap Scan on sbtest6  (cost=5.57..444.49 rows=111 width=125)
	  Recheck Cond: ((k >= 4849738) AND (k <= 4849838))
	  ->  Bitmap Index Scan on k_6  (cost=0.00..5.54 rows=111 width=0)
	        Index Cond: ((k >= 4849738) AND (k <= 4849838))

table 7 : explain SELECT k, c FROM sbtest7 WHERE k BETWEEN 4849738 AND 4849838
	Bitmap Heap Scan on sbtest7  (cost=5.49..413.00 rows=103 width=125)
	  Recheck Cond: ((k >= 4849738) AND (k <= 4849838))
	  ->  Bitmap Index Scan on k_7  (cost=0.00..5.46 rows=103 width=0)
	        Index Cond: ((k >= 4849738) AND (k <= 4849838))

table 8 : explain SELECT k, c FROM sbtest8 WHERE k BETWEEN 4849738 AND 4849838
	Bitmap Heap Scan on sbtest8  (cost=5.45..397.25 rows=99 width=125)
	  Recheck Cond: ((k >= 4849738) AND (k <= 4849838))
	  ->  Bitmap Index Scan on k_8  (cost=0.00..5.42 rows=99 width=0)
	        Index Cond: ((k >= 4849738) AND (k <= 4849838))

explain: for range-notcovered :: explain SELECT k, c FROM sbtest%d WHERE k BETWEEN 3769934 AND 3770034
explain: for range-notcovered :: explain SELECT k, c FROM sbtest%d WHERE k BETWEEN 4849738 AND 4849838
for range-notcovered
table 1 : explain SELECT k, c FROM sbtest1 WHERE k BETWEEN 6683285 AND 6683385
	Bitmap Heap Scan on sbtest1  (cost=5.55..436.62 rows=109 width=125)
	  Recheck Cond: ((k >= 6683285) AND (k <= 6683385))
	  ->  Bitmap Index Scan on k_1  (cost=0.00..5.52 rows=109 width=0)
	        Index Cond: ((k >= 6683285) AND (k <= 6683385))

table 2 : explain SELECT k, c FROM sbtest2 WHERE k BETWEEN 6683285 AND 6683385
	Bitmap Heap Scan on sbtest2  (cost=5.45..397.25 rows=99 width=125)
	  Recheck Cond: ((k >= 6683285) AND (k <= 6683385))
	  ->  Bitmap Index Scan on k_2  (cost=0.00..5.42 rows=99 width=0)
	        Index Cond: ((k >= 6683285) AND (k <= 6683385))

table 3 : explain SELECT k, c FROM sbtest3 WHERE k BETWEEN 6683285 AND 6683385
	Bitmap Heap Scan on sbtest3  (cost=5.53..428.75 rows=107 width=125)
	  Recheck Cond: ((k >= 6683285) AND (k <= 6683385))
	  ->  Bitmap Index Scan on k_3  (cost=0.00..5.50 rows=107 width=0)
	        Index Cond: ((k >= 6683285) AND (k <= 6683385))

table 4 : explain SELECT k, c FROM sbtest4 WHERE k BETWEEN 6683285 AND 6683385
	Bitmap Heap Scan on sbtest4  (cost=5.48..409.07 rows=102 width=125)
	  Recheck Cond: ((k >= 6683285) AND (k <= 6683385))
	  ->  Bitmap Index Scan on k_4  (cost=0.00..5.45 rows=102 width=0)
	        Index Cond: ((k >= 6683285) AND (k <= 6683385))

table 5 : explain SELECT k, c FROM sbtest5 WHERE k BETWEEN 6683285 AND 6683385
	Bitmap Heap Scan on sbtest5  (cost=5.55..436.62 rows=109 width=125)
	  Recheck Cond: ((k >= 6683285) AND (k <= 6683385))
	  ->  Bitmap Index Scan on k_5  (cost=0.00..5.52 rows=109 width=0)
	        Index Cond: ((k >= 6683285) AND (k <= 6683385))

table 6 : explain SELECT k, c FROM sbtest6 WHERE k BETWEEN 6683285 AND 6683385
	Bitmap Heap Scan on sbtest6  (cost=5.37..365.72 rows=91 width=125)
	  Recheck Cond: ((k >= 6683285) AND (k <= 6683385))
	  ->  Bitmap Index Scan on k_6  (cost=0.00..5.34 rows=91 width=0)
	        Index Cond: ((k >= 6683285) AND (k <= 6683385))

table 7 : explain SELECT k, c FROM sbtest7 WHERE k BETWEEN 6683285 AND 6683385
	Bitmap Heap Scan on sbtest7  (cost=5.48..409.07 rows=102 width=125)
	  Recheck Cond: ((k >= 6683285) AND (k <= 6683385))
	  ->  Bitmap Index Scan on k_7  (cost=0.00..5.45 rows=102 width=0)
	        Index Cond: ((k >= 6683285) AND (k <= 6683385))

table 8 : explain SELECT k, c FROM sbtest8 WHERE k BETWEEN 6683285 AND 6683385
	Bitmap Heap Scan on sbtest8  (cost=5.38..369.67 rows=92 width=125)
	  Recheck Cond: ((k >= 6683285) AND (k <= 6683385))
	  ->  Bitmap Index Scan on k_8  (cost=0.00..5.35 rows=92 width=0)
	        Index Cond: ((k >= 6683285) AND (k <= 6683385))

explain: for range-notcovered :: explain SELECT k, c FROM sbtest%d WHERE k BETWEEN 6683285 AND 6683385
for range-notcovered
table 1 : explain SELECT k, c FROM sbtest1 WHERE k BETWEEN 583449 AND 583549
	Bitmap Heap Scan on sbtest1  (cost=5.50..416.94 rows=104 width=125)
	  Recheck Cond: ((k >= 583449) AND (k <= 583549))
	  ->  Bitmap Index Scan on k_1  (cost=0.00..5.47 rows=104 width=0)
	        Index Cond: ((k >= 583449) AND (k <= 583549))

table 2 : explain SELECT k, c FROM sbtest2 WHERE k BETWEEN 583449 AND 583549
	Bitmap Heap Scan on sbtest2  (cost=5.40..377.55 rows=94 width=125)
	  Recheck Cond: ((k >= 583449) AND (k <= 583549))
	  ->  Bitmap Index Scan on k_2  (cost=0.00..5.38 rows=94 width=0)
	        Index Cond: ((k >= 583449) AND (k <= 583549))

table 3 : explain SELECT k, c FROM sbtest3 WHERE k BETWEEN 583449 AND 583549
	Bitmap Heap Scan on sbtest3  (cost=5.33..349.95 rows=87 width=125)
	  Recheck Cond: ((k >= 583449) AND (k <= 583549))
	  ->  Bitmap Index Scan on k_3  (cost=0.00..5.30 rows=87 width=0)
	        Index Cond: ((k >= 583449) AND (k <= 583549))

table 4 : explain SELECT k, c FROM sbtest4 WHERE k BETWEEN 583449 AND 583549
	Bitmap Heap Scan on sbtest4  (cost=5.48..409.07 rows=102 width=125)
	  Recheck Cond: ((k >= 583449) AND (k <= 583549))
	  ->  Bitmap Index Scan on k_4  (cost=0.00..5.45 rows=102 width=0)
	        Index Cond: ((k >= 583449) AND (k <= 583549))

table 5 : explain SELECT k, c FROM sbtest5 WHERE k BETWEEN 583449 AND 583549
	Bitmap Heap Scan on sbtest5  (cost=5.50..416.94 rows=104 width=125)
	  Recheck Cond: ((k >= 583449) AND (k <= 583549))
	  ->  Bitmap Index Scan on k_5  (cost=0.00..5.47 rows=104 width=0)
	        Index Cond: ((k >= 583449) AND (k <= 583549))

table 6 : explain SELECT k, c FROM sbtest6 WHERE k BETWEEN 583449 AND 583549
	Bitmap Heap Scan on sbtest6  (cost=5.46..401.19 rows=100 width=125)
	  Recheck Cond: ((k >= 583449) AND (k <= 583549))
	  ->  Bitmap Index Scan on k_6  (cost=0.00..5.43 rows=100 width=0)
	        Index Cond: ((k >= 583449) AND (k <= 583549))

table 7 : explain SELECT k, c FROM sbtest7 WHERE k BETWEEN 583449 AND 583549
	Bitmap Heap Scan on sbtest7  (cost=5.37..365.72 rows=91 width=125)
	  Recheck Cond: ((k >= 583449) AND (k <= 583549))
	  ->  Bitmap Index Scan on k_7  (cost=0.00..5.34 rows=91 width=0)
	        Index Cond: ((k >= 583449) AND (k <= 583549))

table 8 : explain SELECT k, c FROM sbtest8 WHERE k BETWEEN 583449 AND 583549
	Bitmap Heap Scan on sbtest8  (cost=5.57..444.49 rows=111 width=125)
	  Recheck Cond: ((k >= 583449) AND (k <= 583549))
	  ->  Bitmap Index Scan on k_8  (cost=0.00..5.54 rows=111 width=0)
	        Index Cond: ((k >= 583449) AND (k <= 583549))

for range-notcovered
table 1 : explain SELECT k, c FROM sbtest1 WHERE k BETWEEN 2223803 AND 2223903
	Bitmap Heap Scan on sbtest1  (cost=5.58..448.42 rows=112 width=125)
	  Recheck Cond: ((k >= 2223803) AND (k <= 2223903))
	  ->  Bitmap Index Scan on k_1  (cost=0.00..5.55 rows=112 width=0)
	        Index Cond: ((k >= 2223803) AND (k <= 2223903))

table 2 : explain SELECT k, c FROM sbtest2 WHERE k BETWEEN 2223803 AND 2223903
	Bitmap Heap Scan on sbtest2  (cost=5.53..428.75 rows=107 width=125)
	  Recheck Cond: ((k >= 2223803) AND (k <= 2223903))
	  ->  Bitmap Index Scan on k_2  (cost=0.00..5.50 rows=107 width=0)
	        Index Cond: ((k >= 2223803) AND (k <= 2223903))

table 3 : explain SELECT k, c FROM sbtest3 WHERE k BETWEEN 2223803 AND 2223903
	Bitmap Heap Scan on sbtest3  (cost=5.55..436.62 rows=109 width=125)
	  Recheck Cond: ((k >= 2223803) AND (k <= 2223903))
	  ->  Bitmap Index Scan on k_3  (cost=0.00..5.52 rows=109 width=0)
	        Index Cond: ((k >= 2223803) AND (k <= 2223903))

table 4 : explain SELECT k, c FROM sbtest4 WHERE k BETWEEN 2223803 AND 2223903
	Bitmap Heap Scan on sbtest4  (cost=5.43..389.37 rows=97 width=125)
	  Recheck Cond: ((k >= 2223803) AND (k <= 2223903))
	  ->  Bitmap Index Scan on k_4  (cost=0.00..5.40 rows=97 width=0)
	        Index Cond: ((k >= 2223803) AND (k <= 2223903))

table 5 : explain SELECT k, c FROM sbtest5 WHERE k BETWEEN 2223803 AND 2223903
	Bitmap Heap Scan on sbtest5  (cost=5.55..436.62 rows=109 width=125)
	  Recheck Cond: ((k >= 2223803) AND (k <= 2223903))
	  ->  Bitmap Index Scan on k_5  (cost=0.00..5.52 rows=109 width=0)
	        Index Cond: ((k >= 2223803) AND (k <= 2223903))

table 6 : explain SELECT k, c FROM sbtest6 WHERE k BETWEEN 2223803 AND 2223903
	Bitmap Heap Scan on sbtest6  (cost=5.49..413.00 rows=103 width=125)
	  Recheck Cond: ((k >= 2223803) AND (k <= 2223903))
	  ->  Bitmap Index Scan on k_6  (cost=0.00..5.46 rows=103 width=0)
	        Index Cond: ((k >= 2223803) AND (k <= 2223903))

table 7 : explain SELECT k, c FROM sbtest7 WHERE k BETWEEN 2223803 AND 2223903
	Bitmap Heap Scan on sbtest7  (cost=5.47..405.13 rows=101 width=125)
	  Recheck Cond: ((k >= 2223803) AND (k <= 2223903))
	  ->  Bitmap Index Scan on k_7  (cost=0.00..5.44 rows=101 width=0)
	        Index Cond: ((k >= 2223803) AND (k <= 2223903))

table 8 : explain SELECT k, c FROM sbtest8 WHERE k BETWEEN 2223803 AND 2223903
	Bitmap Heap Scan on sbtest8  (cost=5.54..432.69 rows=108 width=125)
	  Recheck Cond: ((k >= 2223803) AND (k <= 2223903))
	  ->  Bitmap Index Scan on k_8  (cost=0.00..5.51 rows=108 width=0)
	        Index Cond: ((k >= 2223803) AND (k <= 2223903))

for range-notcovered
table 1 : explain SELECT k, c FROM sbtest1 WHERE k BETWEEN 2045916 AND 2046016
	Bitmap Heap Scan on sbtest1  (cost=5.52..424.81 rows=106 width=125)
	  Recheck Cond: ((k >= 2045916) AND (k <= 2046016))
	  ->  Bitmap Index Scan on k_1  (cost=0.00..5.50 rows=106 width=0)
	        Index Cond: ((k >= 2045916) AND (k <= 2046016))

table 2 : explain SELECT k, c FROM sbtest2 WHERE k BETWEEN 2045916 AND 2046016
	Bitmap Heap Scan on sbtest2  (cost=5.56..440.56 rows=110 width=125)
	  Recheck Cond: ((k >= 2045916) AND (k <= 2046016))
	  ->  Bitmap Index Scan on k_2  (cost=0.00..5.53 rows=110 width=0)
	        Index Cond: ((k >= 2045916) AND (k <= 2046016))

table 3 : explain SELECT k, c FROM sbtest3 WHERE k BETWEEN 2045916 AND 2046016
	Bitmap Heap Scan on sbtest3  (cost=5.54..432.69 rows=108 width=125)
	  Recheck Cond: ((k >= 2045916) AND (k <= 2046016))
	  ->  Bitmap Index Scan on k_3  (cost=0.00..5.51 rows=108 width=0)
	        Index Cond: ((k >= 2045916) AND (k <= 2046016))

table 4 : explain SELECT k, c FROM sbtest4 WHERE k BETWEEN 2045916 AND 2046016
	Bitmap Heap Scan on sbtest4  (cost=5.55..436.62 rows=109 width=125)
	  Recheck Cond: ((k >= 2045916) AND (k <= 2046016))
	  ->  Bitmap Index Scan on k_4  (cost=0.00..5.52 rows=109 width=0)
	        Index Cond: ((k >= 2045916) AND (k <= 2046016))

table 5 : explain SELECT k, c FROM sbtest5 WHERE k BETWEEN 2045916 AND 2046016
	Bitmap Heap Scan on sbtest5  (cost=5.52..424.81 rows=106 width=125)
	  Recheck Cond: ((k >= 2045916) AND (k <= 2046016))
	  ->  Bitmap Index Scan on k_5  (cost=0.00..5.50 rows=106 width=0)
	        Index Cond: ((k >= 2045916) AND (k <= 2046016))

table 6 : explain SELECT k, c FROM sbtest6 WHERE k BETWEEN 2045916 AND 2046016
	Bitmap Heap Scan on sbtest6  (cost=5.54..432.69 rows=108 width=125)
	  Recheck Cond: ((k >= 2045916) AND (k <= 2046016))
	  ->  Bitmap Index Scan on k_6  (cost=0.00..5.51 rows=108 width=0)
	        Index Cond: ((k >= 2045916) AND (k <= 2046016))

table 7 : explain SELECT k, c FROM sbtest7 WHERE k BETWEEN 2045916 AND 2046016
	Bitmap Heap Scan on sbtest7  (cost=5.45..397.25 rows=99 width=125)
	  Recheck Cond: ((k >= 2045916) AND (k <= 2046016))
	  ->  Bitmap Index Scan on k_7  (cost=0.00..5.42 rows=99 width=0)
	        Index Cond: ((k >= 2045916) AND (k <= 2046016))

table 8 : explain SELECT k, c FROM sbtest8 WHERE k BETWEEN 2045916 AND 2046016
	Bitmap Heap Scan on sbtest8  (cost=5.41..381.49 rows=95 width=125)
	  Recheck Cond: ((k >= 2045916) AND (k <= 2046016))
	  ->  Bitmap Index Scan on k_8  (cost=0.00..5.38 rows=95 width=0)
	        Index Cond: ((k >= 2045916) AND (k <= 2046016))

explain: for range-notcovered :: explain SELECT k, c FROM sbtest%d WHERE k BETWEEN 2045916 AND 2046016
for range-notcovered
table 1 : explain SELECT k, c FROM sbtest1 WHERE k BETWEEN 3769934 AND 3770034
	Bitmap Heap Scan on sbtest1  (cost=5.56..440.56 rows=110 width=125)
	  Recheck Cond: ((k >= 3769934) AND (k <= 3770034))
	  ->  Bitmap Index Scan on k_1  (cost=0.00..5.53 rows=110 width=0)
	        Index Cond: ((k >= 3769934) AND (k <= 3770034))

table 2 : explain SELECT k, c FROM sbtest2 WHERE k BETWEEN 3769934 AND 3770034
	Bitmap Heap Scan on sbtest2  (cost=5.53..428.75 rows=107 width=125)
	  Recheck Cond: ((k >= 3769934) AND (k <= 3770034))
	  ->  Bitmap Index Scan on k_2  (cost=0.00..5.50 rows=107 width=0)
	        Index Cond: ((k >= 3769934) AND (k <= 3770034))

table 3 : explain SELECT k, c FROM sbtest3 WHERE k BETWEEN 3769934 AND 3770034
	Bitmap Heap Scan on sbtest3  (cost=5.42..385.43 rows=96 width=125)
	  Recheck Cond: ((k >= 3769934) AND (k <= 3770034))
	  ->  Bitmap Index Scan on k_3  (cost=0.00..5.39 rows=96 width=0)
	        Index Cond: ((k >= 3769934) AND (k <= 3770034))

table 4 : explain SELECT k, c FROM sbtest4 WHERE k BETWEEN 3769934 AND 3770034
	Bitmap Heap Scan on sbtest4  (cost=5.43..389.37 rows=97 width=125)
	  Recheck Cond: ((k >= 3769934) AND (k <= 3770034))
	  ->  Bitmap Index Scan on k_4  (cost=0.00..5.40 rows=97 width=0)
	        Index Cond: ((k >= 3769934) AND (k <= 3770034))

table 5 : explain SELECT k, c FROM sbtest5 WHERE k BETWEEN 3769934 AND 3770034
	Bitmap Heap Scan on sbtest5  (cost=5.44..393.31 rows=98 width=125)
	  Recheck Cond: ((k >= 3769934) AND (k <= 3770034))
	  ->  Bitmap Index Scan on k_5  (cost=0.00..5.42 rows=98 width=0)
	        Index Cond: ((k >= 3769934) AND (k <= 3770034))

table 6 : explain SELECT k, c FROM sbtest6 WHERE k BETWEEN 3769934 AND 3770034
	Bitmap Heap Scan on sbtest6  (cost=5.55..436.62 rows=109 width=125)
	  Recheck Cond: ((k >= 3769934) AND (k <= 3770034))
	  ->  Bitmap Index Scan on k_6  (cost=0.00..5.52 rows=109 width=0)
	        Index Cond: ((k >= 3769934) AND (k <= 3770034))

table 7 : explain SELECT k, c FROM sbtest7 WHERE k BETWEEN 3769934 AND 3770034
	Bitmap Heap Scan on sbtest7  (cost=5.45..397.25 rows=99 width=125)
	  Recheck Cond: ((k >= 3769934) AND (k <= 3770034))
	  ->  Bitmap Index Scan on k_7  (cost=0.00..5.42 rows=99 width=0)
	        Index Cond: ((k >= 3769934) AND (k <= 3770034))

table 8 : explain SELECT k, c FROM sbtest8 WHERE k BETWEEN 3769934 AND 3770034
	Bitmap Heap Scan on sbtest8  (cost=5.54..432.69 rows=108 width=125)
	  Recheck Cond: ((k >= 3769934) AND (k <= 3770034))
	  ->  Bitmap Index Scan on k_8  (cost=0.00..5.51 rows=108 width=0)
	        Index Cond: ((k >= 3769934) AND (k <= 3770034))
for range-notcovered
table 1 : explain SELECT k, c FROM sbtest1 WHERE k BETWEEN 4849738 AND 4849838
	Bitmap Heap Scan on sbtest1  (cost=5.50..416.94 rows=104 width=125)
	  Recheck Cond: ((k >= 4849738) AND (k <= 4849838))
	  ->  Bitmap Index Scan on k_1  (cost=0.00..5.47 rows=104 width=0)
	        Index Cond: ((k >= 4849738) AND (k <= 4849838))

table 2 : explain SELECT k, c FROM sbtest2 WHERE k BETWEEN 4849738 AND 4849838
	Bitmap Heap Scan on sbtest2  (cost=5.47..405.13 rows=101 width=125)
	  Recheck Cond: ((k >= 4849738) AND (k <= 4849838))
	  ->  Bitmap Index Scan on k_2  (cost=0.00..5.44 rows=101 width=0)
	        Index Cond: ((k >= 4849738) AND (k <= 4849838))

table 3 : explain SELECT k, c FROM sbtest3 WHERE k BETWEEN 4849738 AND 4849838
	Bitmap Heap Scan on sbtest3  (cost=5.43..389.37 rows=97 width=125)
	  Recheck Cond: ((k >= 4849738) AND (k <= 4849838))
	  ->  Bitmap Index Scan on k_3  (cost=0.00..5.40 rows=97 width=0)
	        Index Cond: ((k >= 4849738) AND (k <= 4849838))

table 4 : explain SELECT k, c FROM sbtest4 WHERE k BETWEEN 4849738 AND 4849838
	Bitmap Heap Scan on sbtest4  (cost=5.42..385.43 rows=96 width=125)
	  Recheck Cond: ((k >= 4849738) AND (k <= 4849838))
	  ->  Bitmap Index Scan on k_4  (cost=0.00..5.39 rows=96 width=0)
	        Index Cond: ((k >= 4849738) AND (k <= 4849838))

table 5 : explain SELECT k, c FROM sbtest5 WHERE k BETWEEN 4849738 AND 4849838
	Bitmap Heap Scan on sbtest5  (cost=5.56..440.56 rows=110 width=125)
	  Recheck Cond: ((k >= 4849738) AND (k <= 4849838))
	  ->  Bitmap Index Scan on k_5  (cost=0.00..5.53 rows=110 width=0)
	        Index Cond: ((k >= 4849738) AND (k <= 4849838))

table 6 : explain SELECT k, c FROM sbtest6 WHERE k BETWEEN 4849738 AND 4849838
	Bitmap Heap Scan on sbtest6  (cost=5.57..444.49 rows=111 width=125)
	  Recheck Cond: ((k >= 4849738) AND (k <= 4849838))
	  ->  Bitmap Index Scan on k_6  (cost=0.00..5.54 rows=111 width=0)
	        Index Cond: ((k >= 4849738) AND (k <= 4849838))

table 7 : explain SELECT k, c FROM sbtest7 WHERE k BETWEEN 4849738 AND 4849838
	Bitmap Heap Scan on sbtest7  (cost=5.49..413.00 rows=103 width=125)
	  Recheck Cond: ((k >= 4849738) AND (k <= 4849838))
	  ->  Bitmap Index Scan on k_7  (cost=0.00..5.46 rows=103 width=0)
	        Index Cond: ((k >= 4849738) AND (k <= 4849838))

table 8 : explain SELECT k, c FROM sbtest8 WHERE k BETWEEN 4849738 AND 4849838
	Bitmap Heap Scan on sbtest8  (cost=5.45..397.25 rows=99 width=125)
	  Recheck Cond: ((k >= 4849738) AND (k <= 4849838))
	  ->  Bitmap Index Scan on k_8  (cost=0.00..5.42 rows=99 width=0)
	        Index Cond: ((k >= 4849738) AND (k <= 4849838))

for range-notcovered
table 1 : explain SELECT k, c FROM sbtest1 WHERE k BETWEEN 5715599 AND 5715699
	Bitmap Heap Scan on sbtest1  (cost=5.43..389.37 rows=97 width=125)
	  Recheck Cond: ((k >= 5715599) AND (k <= 5715699))
	  ->  Bitmap Index Scan on k_1  (cost=0.00..5.40 rows=97 width=0)
	        Index Cond: ((k >= 5715599) AND (k <= 5715699))

table 2 : explain SELECT k, c FROM sbtest2 WHERE k BETWEEN 5715599 AND 5715699
	Bitmap Heap Scan on sbtest2  (cost=5.53..428.75 rows=107 width=125)
	  Recheck Cond: ((k >= 5715599) AND (k <= 5715699))
	  ->  Bitmap Index Scan on k_2  (cost=0.00..5.50 rows=107 width=0)
	        Index Cond: ((k >= 5715599) AND (k <= 5715699))

table 3 : explain SELECT k, c FROM sbtest3 WHERE k BETWEEN 5715599 AND 5715699
	Bitmap Heap Scan on sbtest3  (cost=5.53..428.75 rows=107 width=125)
	  Recheck Cond: ((k >= 5715599) AND (k <= 5715699))
	  ->  Bitmap Index Scan on k_3  (cost=0.00..5.50 rows=107 width=0)
	        Index Cond: ((k >= 5715599) AND (k <= 5715699))

table 4 : explain SELECT k, c FROM sbtest4 WHERE k BETWEEN 5715599 AND 5715699
	Bitmap Heap Scan on sbtest4  (cost=5.54..432.69 rows=108 width=125)
	  Recheck Cond: ((k >= 5715599) AND (k <= 5715699))
	  ->  Bitmap Index Scan on k_4  (cost=0.00..5.51 rows=108 width=0)
	        Index Cond: ((k >= 5715599) AND (k <= 5715699))

table 5 : explain SELECT k, c FROM sbtest5 WHERE k BETWEEN 5715599 AND 5715699
	Bitmap Heap Scan on sbtest5  (cost=5.51..420.88 rows=105 width=125)
	  Recheck Cond: ((k >= 5715599) AND (k <= 5715699))
	  ->  Bitmap Index Scan on k_5  (cost=0.00..5.48 rows=105 width=0)
	        Index Cond: ((k >= 5715599) AND (k <= 5715699))

table 6 : explain SELECT k, c FROM sbtest6 WHERE k BETWEEN 5715599 AND 5715699
	Bitmap Heap Scan on sbtest6  (cost=5.54..432.69 rows=108 width=125)
	  Recheck Cond: ((k >= 5715599) AND (k <= 5715699))
	  ->  Bitmap Index Scan on k_6  (cost=0.00..5.51 rows=108 width=0)
	        Index Cond: ((k >= 5715599) AND (k <= 5715699))

table 7 : explain SELECT k, c FROM sbtest7 WHERE k BETWEEN 5715599 AND 5715699
	Bitmap Heap Scan on sbtest7  (cost=5.41..381.49 rows=95 width=125)
	  Recheck Cond: ((k >= 5715599) AND (k <= 5715699))
	  ->  Bitmap Index Scan on k_7  (cost=0.00..5.38 rows=95 width=0)
	        Index Cond: ((k >= 5715599) AND (k <= 5715699))

table 8 : explain SELECT k, c FROM sbtest8 WHERE k BETWEEN 5715599 AND 5715699
	Bitmap Heap Scan on sbtest8  (cost=5.55..436.62 rows=109 width=125)
	  Recheck Cond: ((k >= 5715599) AND (k <= 5715699))
	  ->  Bitmap Index Scan on k_8  (cost=0.00..5.52 rows=109 width=0)
	        Index Cond: ((k >= 5715599) AND (k <= 5715699))


for range-notcovered
table 1 : explain SELECT k, c FROM sbtest1 WHERE k BETWEEN 6683285 AND 6683385
	Bitmap Heap Scan on sbtest1  (cost=5.55..436.62 rows=109 width=125)
	  Recheck Cond: ((k >= 6683285) AND (k <= 6683385))
	  ->  Bitmap Index Scan on k_1  (cost=0.00..5.52 rows=109 width=0)
	        Index Cond: ((k >= 6683285) AND (k <= 6683385))

table 2 : explain SELECT k, c FROM sbtest2 WHERE k BETWEEN 6683285 AND 6683385
	Bitmap Heap Scan on sbtest2  (cost=5.45..397.25 rows=99 width=125)
	  Recheck Cond: ((k >= 6683285) AND (k <= 6683385))
	  ->  Bitmap Index Scan on k_2  (cost=0.00..5.42 rows=99 width=0)
	        Index Cond: ((k >= 6683285) AND (k <= 6683385))

table 3 : explain SELECT k, c FROM sbtest3 WHERE k BETWEEN 6683285 AND 6683385
	Bitmap Heap Scan on sbtest3  (cost=5.53..428.75 rows=107 width=125)
	  Recheck Cond: ((k >= 6683285) AND (k <= 6683385))
	  ->  Bitmap Index Scan on k_3  (cost=0.00..5.50 rows=107 width=0)
	        Index Cond: ((k >= 6683285) AND (k <= 6683385))

table 4 : explain SELECT k, c FROM sbtest4 WHERE k BETWEEN 6683285 AND 6683385
	Bitmap Heap Scan on sbtest4  (cost=5.48..409.07 rows=102 width=125)
	  Recheck Cond: ((k >= 6683285) AND (k <= 6683385))
	  ->  Bitmap Index Scan on k_4  (cost=0.00..5.45 rows=102 width=0)
	        Index Cond: ((k >= 6683285) AND (k <= 6683385))

table 5 : explain SELECT k, c FROM sbtest5 WHERE k BETWEEN 6683285 AND 6683385
	Bitmap Heap Scan on sbtest5  (cost=5.55..436.62 rows=109 width=125)
	  Recheck Cond: ((k >= 6683285) AND (k <= 6683385))
	  ->  Bitmap Index Scan on k_5  (cost=0.00..5.52 rows=109 width=0)
	        Index Cond: ((k >= 6683285) AND (k <= 6683385))

table 6 : explain SELECT k, c FROM sbtest6 WHERE k BETWEEN 6683285 AND 6683385
	Bitmap Heap Scan on sbtest6  (cost=5.37..365.72 rows=91 width=125)
	  Recheck Cond: ((k >= 6683285) AND (k <= 6683385))
	  ->  Bitmap Index Scan on k_6  (cost=0.00..5.34 rows=91 width=0)
	        Index Cond: ((k >= 6683285) AND (k <= 6683385))

table 7 : explain SELECT k, c FROM sbtest7 WHERE k BETWEEN 6683285 AND 6683385
	Bitmap Heap Scan on sbtest7  (cost=5.48..409.07 rows=102 width=125)
	  Recheck Cond: ((k >= 6683285) AND (k <= 6683385))
	  ->  Bitmap Index Scan on k_7  (cost=0.00..5.45 rows=102 width=0)
	        Index Cond: ((k >= 6683285) AND (k <= 6683385))

table 8 : explain SELECT k, c FROM sbtest8 WHERE k BETWEEN 6683285 AND 6683385
	Bitmap Heap Scan on sbtest8  (cost=5.38..369.67 rows=92 width=125)
	  Recheck Cond: ((k >= 6683285) AND (k <= 6683385))
	  ->  Bitmap Index Scan on k_8  (cost=0.00..5.35 rows=92 width=0)
	        Index Cond: ((k >= 6683285) AND (k <= 6683385))

explain: for range-notcovered :: explain SELECT k, c FROM sbtest%d WHERE k BETWEEN 4849738 AND 4849838
explain: for range-notcovered :: explain SELECT k, c FROM sbtest%d WHERE k BETWEEN 5715599 AND 5715699
explain: for range-notcovered :: explain SELECT k, c FROM sbtest%d WHERE k BETWEEN 3769934 AND 3770034
explain: for range-notcovered :: explain SELECT k, c FROM sbtest%d WHERE k BETWEEN 2223803 AND 2223903
explain: for range-notcovered :: explain SELECT k, c FROM sbtest%d WHERE k BETWEEN 6683285 AND 6683385
for range-notcovered
table 1 : explain SELECT k, c FROM sbtest1 WHERE k BETWEEN 2045916 AND 2046016
	Bitmap Heap Scan on sbtest1  (cost=5.52..424.81 rows=106 width=125)
	  Recheck Cond: ((k >= 2045916) AND (k <= 2046016))
	  ->  Bitmap Index Scan on k_1  (cost=0.00..5.50 rows=106 width=0)
	        Index Cond: ((k >= 2045916) AND (k <= 2046016))

table 2 : explain SELECT k, c FROM sbtest2 WHERE k BETWEEN 2045916 AND 2046016
	Bitmap Heap Scan on sbtest2  (cost=5.56..440.56 rows=110 width=125)
	  Recheck Cond: ((k >= 2045916) AND (k <= 2046016))
	  ->  Bitmap Index Scan on k_2  (cost=0.00..5.53 rows=110 width=0)
	        Index Cond: ((k >= 2045916) AND (k <= 2046016))

table 3 : explain SELECT k, c FROM sbtest3 WHERE k BETWEEN 2045916 AND 2046016
	Bitmap Heap Scan on sbtest3  (cost=5.54..432.69 rows=108 width=125)
	  Recheck Cond: ((k >= 2045916) AND (k <= 2046016))
	  ->  Bitmap Index Scan on k_3  (cost=0.00..5.51 rows=108 width=0)
	        Index Cond: ((k >= 2045916) AND (k <= 2046016))

table 4 : explain SELECT k, c FROM sbtest4 WHERE k BETWEEN 2045916 AND 2046016
	Bitmap Heap Scan on sbtest4  (cost=5.55..436.62 rows=109 width=125)
	  Recheck Cond: ((k >= 2045916) AND (k <= 2046016))
	  ->  Bitmap Index Scan on k_4  (cost=0.00..5.52 rows=109 width=0)
	        Index Cond: ((k >= 2045916) AND (k <= 2046016))

table 5 : explain SELECT k, c FROM sbtest5 WHERE k BETWEEN 2045916 AND 2046016
	Bitmap Heap Scan on sbtest5  (cost=5.52..424.81 rows=106 width=125)
	  Recheck Cond: ((k >= 2045916) AND (k <= 2046016))
	  ->  Bitmap Index Scan on k_5  (cost=0.00..5.50 rows=106 width=0)
	        Index Cond: ((k >= 2045916) AND (k <= 2046016))

table 6 : explain SELECT k, c FROM sbtest6 WHERE k BETWEEN 2045916 AND 2046016
	Bitmap Heap Scan on sbtest6  (cost=5.54..432.69 rows=108 width=125)
	  Recheck Cond: ((k >= 2045916) AND (k <= 2046016))
	  ->  Bitmap Index Scan on k_6  (cost=0.00..5.51 rows=108 width=0)
	        Index Cond: ((k >= 2045916) AND (k <= 2046016))

table 7 : explain SELECT k, c FROM sbtest7 WHERE k BETWEEN 2045916 AND 2046016
	Bitmap Heap Scan on sbtest7  (cost=5.45..397.25 rows=99 width=125)
	  Recheck Cond: ((k >= 2045916) AND (k <= 2046016))
	  ->  Bitmap Index Scan on k_7  (cost=0.00..5.42 rows=99 width=0)
	        Index Cond: ((k >= 2045916) AND (k <= 2046016))

table 8 : explain SELECT k, c FROM sbtest8 WHERE k BETWEEN 2045916 AND 2046016
	Bitmap Heap Scan on sbtest8  (cost=5.41..381.49 rows=95 width=125)
	  Recheck Cond: ((k >= 2045916) AND (k <= 2046016))
	  ->  Bitmap Index Scan on k_8  (cost=0.00..5.38 rows=95 width=0)
	        Index Cond: ((k >= 2045916) AND (k <= 2046016))

for range-notcovered
table 1 : explain SELECT k, c FROM sbtest1 WHERE k BETWEEN 7642494 AND 7642594
	Bitmap Heap Scan on sbtest1  (cost=5.52..424.81 rows=106 width=125)
	  Recheck Cond: ((k >= 7642494) AND (k <= 7642594))
	  ->  Bitmap Index Scan on k_1  (cost=0.00..5.50 rows=106 width=0)
	        Index Cond: ((k >= 7642494) AND (k <= 7642594))

table 2 : explain SELECT k, c FROM sbtest2 WHERE k BETWEEN 7642494 AND 7642594
	Bitmap Heap Scan on sbtest2  (cost=5.52..424.81 rows=106 width=125)
	  Recheck Cond: ((k >= 7642494) AND (k <= 7642594))
	  ->  Bitmap Index Scan on k_2  (cost=0.00..5.50 rows=106 width=0)
	        Index Cond: ((k >= 7642494) AND (k <= 7642594))

table 3 : explain SELECT k, c FROM sbtest3 WHERE k BETWEEN 7642494 AND 7642594
	Bitmap Heap Scan on sbtest3  (cost=5.52..424.81 rows=106 width=125)
	  Recheck Cond: ((k >= 7642494) AND (k <= 7642594))
	  ->  Bitmap Index Scan on k_3  (cost=0.00..5.50 rows=106 width=0)
	        Index Cond: ((k >= 7642494) AND (k <= 7642594))

table 4 : explain SELECT k, c FROM sbtest4 WHERE k BETWEEN 7642494 AND 7642594
	Bitmap Heap Scan on sbtest4  (cost=5.55..436.62 rows=109 width=125)
	  Recheck Cond: ((k >= 7642494) AND (k <= 7642594))
	  ->  Bitmap Index Scan on k_4  (cost=0.00..5.52 rows=109 width=0)
	        Index Cond: ((k >= 7642494) AND (k <= 7642594))

table 5 : explain SELECT k, c FROM sbtest5 WHERE k BETWEEN 7642494 AND 7642594
	Bitmap Heap Scan on sbtest5  (cost=5.47..405.13 rows=101 width=125)
	  Recheck Cond: ((k >= 7642494) AND (k <= 7642594))
	  ->  Bitmap Index Scan on k_5  (cost=0.00..5.44 rows=101 width=0)
	        Index Cond: ((k >= 7642494) AND (k <= 7642594))

table 6 : explain SELECT k, c FROM sbtest6 WHERE k BETWEEN 7642494 AND 7642594
	Bitmap Heap Scan on sbtest6  (cost=5.53..428.75 rows=107 width=125)
	  Recheck Cond: ((k >= 7642494) AND (k <= 7642594))
	  ->  Bitmap Index Scan on k_6  (cost=0.00..5.50 rows=107 width=0)
	        Index Cond: ((k >= 7642494) AND (k <= 7642594))

table 7 : explain SELECT k, c FROM sbtest7 WHERE k BETWEEN 7642494 AND 7642594
	Bitmap Heap Scan on sbtest7  (cost=5.43..389.37 rows=97 width=125)
	  Recheck Cond: ((k >= 7642494) AND (k <= 7642594))
	  ->  Bitmap Index Scan on k_7  (cost=0.00..5.40 rows=97 width=0)
	        Index Cond: ((k >= 7642494) AND (k <= 7642594))

table 8 : explain SELECT k, c FROM sbtest8 WHERE k BETWEEN 7642494 AND 7642594
	Bitmap Heap Scan on sbtest8  (cost=5.59..452.36 rows=113 width=125)
	  Recheck Cond: ((k >= 7642494) AND (k <= 7642594))
	  ->  Bitmap Index Scan on k_8  (cost=0.00..5.56 rows=113 width=0)
	        Index Cond: ((k >= 7642494) AND (k <= 7642594))

explain: for range-notcovered :: explain SELECT k, c FROM sbtest%d WHERE k BETWEEN 2045916 AND 2046016
for range-notcovered
table 1 : explain SELECT k, c FROM sbtest1 WHERE k BETWEEN 5715599 AND 5715699
	Bitmap Heap Scan on sbtest1  (cost=5.43..389.37 rows=97 width=125)
	  Recheck Cond: ((k >= 5715599) AND (k <= 5715699))
	  ->  Bitmap Index Scan on k_1  (cost=0.00..5.40 rows=97 width=0)
	        Index Cond: ((k >= 5715599) AND (k <= 5715699))

table 2 : explain SELECT k, c FROM sbtest2 WHERE k BETWEEN 5715599 AND 5715699
	Bitmap Heap Scan on sbtest2  (cost=5.53..428.75 rows=107 width=125)
	  Recheck Cond: ((k >= 5715599) AND (k <= 5715699))
	  ->  Bitmap Index Scan on k_2  (cost=0.00..5.50 rows=107 width=0)
	        Index Cond: ((k >= 5715599) AND (k <= 5715699))

table 3 : explain SELECT k, c FROM sbtest3 WHERE k BETWEEN 5715599 AND 5715699
	Bitmap Heap Scan on sbtest3  (cost=5.53..428.75 rows=107 width=125)
	  Recheck Cond: ((k >= 5715599) AND (k <= 5715699))
	  ->  Bitmap Index Scan on k_3  (cost=0.00..5.50 rows=107 width=0)
	        Index Cond: ((k >= 5715599) AND (k <= 5715699))

table 4 : explain SELECT k, c FROM sbtest4 WHERE k BETWEEN 5715599 AND 5715699
	Bitmap Heap Scan on sbtest4  (cost=5.54..432.69 rows=108 width=125)
	  Recheck Cond: ((k >= 5715599) AND (k <= 5715699))
	  ->  Bitmap Index Scan on k_4  (cost=0.00..5.51 rows=108 width=0)
	        Index Cond: ((k >= 5715599) AND (k <= 5715699))

table 5 : explain SELECT k, c FROM sbtest5 WHERE k BETWEEN 5715599 AND 5715699
	Bitmap Heap Scan on sbtest5  (cost=5.51..420.88 rows=105 width=125)
	  Recheck Cond: ((k >= 5715599) AND (k <= 5715699))
	  ->  Bitmap Index Scan on k_5  (cost=0.00..5.48 rows=105 width=0)
	        Index Cond: ((k >= 5715599) AND (k <= 5715699))

table 6 : explain SELECT k, c FROM sbtest6 WHERE k BETWEEN 5715599 AND 5715699
	Bitmap Heap Scan on sbtest6  (cost=5.54..432.69 rows=108 width=125)
	  Recheck Cond: ((k >= 5715599) AND (k <= 5715699))
	  ->  Bitmap Index Scan on k_6  (cost=0.00..5.51 rows=108 width=0)
	        Index Cond: ((k >= 5715599) AND (k <= 5715699))

table 7 : explain SELECT k, c FROM sbtest7 WHERE k BETWEEN 5715599 AND 5715699
	Bitmap Heap Scan on sbtest7  (cost=5.41..381.49 rows=95 width=125)
	  Recheck Cond: ((k >= 5715599) AND (k <= 5715699))
	  ->  Bitmap Index Scan on k_7  (cost=0.00..5.38 rows=95 width=0)
	        Index Cond: ((k >= 5715599) AND (k <= 5715699))

table 8 : explain SELECT k, c FROM sbtest8 WHERE k BETWEEN 5715599 AND 5715699
	Bitmap Heap Scan on sbtest8  (cost=5.55..436.62 rows=109 width=125)
	  Recheck Cond: ((k >= 5715599) AND (k <= 5715699))
	  ->  Bitmap Index Scan on k_8  (cost=0.00..5.52 rows=109 width=0)
	        Index Cond: ((k >= 5715599) AND (k <= 5715699))

explain: for range-notcovered :: explain SELECT k, c FROM sbtest%d WHERE k BETWEEN 5715599 AND 5715699
for range-notcovered
table 1 : explain SELECT k, c FROM sbtest1 WHERE k BETWEEN 1661287 AND 1661387
	Bitmap Heap Scan on sbtest1  (cost=5.41..381.49 rows=95 width=125)
	  Recheck Cond: ((k >= 1661287) AND (k <= 1661387))
	  ->  Bitmap Index Scan on k_1  (cost=0.00..5.38 rows=95 width=0)
	        Index Cond: ((k >= 1661287) AND (k <= 1661387))

table 2 : explain SELECT k, c FROM sbtest2 WHERE k BETWEEN 1661287 AND 1661387
	Bitmap Heap Scan on sbtest2  (cost=5.49..413.00 rows=103 width=125)
	  Recheck Cond: ((k >= 1661287) AND (k <= 1661387))
	  ->  Bitmap Index Scan on k_2  (cost=0.00..5.46 rows=103 width=0)
	        Index Cond: ((k >= 1661287) AND (k <= 1661387))

table 3 : explain SELECT k, c FROM sbtest3 WHERE k BETWEEN 1661287 AND 1661387
	Bitmap Heap Scan on sbtest3  (cost=5.34..353.89 rows=88 width=125)
	  Recheck Cond: ((k >= 1661287) AND (k <= 1661387))
	  ->  Bitmap Index Scan on k_3  (cost=0.00..5.31 rows=88 width=0)
	        Index Cond: ((k >= 1661287) AND (k <= 1661387))

table 4 : explain SELECT k, c FROM sbtest4 WHERE k BETWEEN 1661287 AND 1661387
	Bitmap Heap Scan on sbtest4  (cost=5.48..409.07 rows=102 width=125)
	  Recheck Cond: ((k >= 1661287) AND (k <= 1661387))
	  ->  Bitmap Index Scan on k_4  (cost=0.00..5.45 rows=102 width=0)
	        Index Cond: ((k >= 1661287) AND (k <= 1661387))

table 5 : explain SELECT k, c FROM sbtest5 WHERE k BETWEEN 1661287 AND 1661387
	Bitmap Heap Scan on sbtest5  (cost=5.36..361.78 rows=90 width=125)
	  Recheck Cond: ((k >= 1661287) AND (k <= 1661387))
	  ->  Bitmap Index Scan on k_5  (cost=0.00..5.33 rows=90 width=0)
	        Index Cond: ((k >= 1661287) AND (k <= 1661387))

table 6 : explain SELECT k, c FROM sbtest6 WHERE k BETWEEN 1661287 AND 1661387
	Bitmap Heap Scan on sbtest6  (cost=5.54..432.69 rows=108 width=125)
	  Recheck Cond: ((k >= 1661287) AND (k <= 1661387))
	  ->  Bitmap Index Scan on k_6  (cost=0.00..5.51 rows=108 width=0)
	        Index Cond: ((k >= 1661287) AND (k <= 1661387))

table 7 : explain SELECT k, c FROM sbtest7 WHERE k BETWEEN 1661287 AND 1661387
	Bitmap Heap Scan on sbtest7  (cost=5.61..460.22 rows=115 width=125)
	  Recheck Cond: ((k >= 1661287) AND (k <= 1661387))
	  ->  Bitmap Index Scan on k_7  (cost=0.00..5.58 rows=115 width=0)
	        Index Cond: ((k >= 1661287) AND (k <= 1661387))

table 8 : explain SELECT k, c FROM sbtest8 WHERE k BETWEEN 1661287 AND 1661387
	Bitmap Heap Scan on sbtest8  (cost=5.56..440.56 rows=110 width=125)
	  Recheck Cond: ((k >= 1661287) AND (k <= 1661387))
	  ->  Bitmap Index Scan on k_8  (cost=0.00..5.53 rows=110 width=0)
	        Index Cond: ((k >= 1661287) AND (k <= 1661387))

explain: for range-notcovered :: explain SELECT k, c FROM sbtest%d WHERE k BETWEEN 1661287 AND 1661387
for range-notcovered
table 1 : explain SELECT k, c FROM sbtest1 WHERE k BETWEEN 5715599 AND 5715699
	Bitmap Heap Scan on sbtest1  (cost=5.43..389.37 rows=97 width=125)
	  Recheck Cond: ((k >= 5715599) AND (k <= 5715699))
	  ->  Bitmap Index Scan on k_1  (cost=0.00..5.40 rows=97 width=0)
	        Index Cond: ((k >= 5715599) AND (k <= 5715699))

table 2 : explain SELECT k, c FROM sbtest2 WHERE k BETWEEN 5715599 AND 5715699
	Bitmap Heap Scan on sbtest2  (cost=5.53..428.75 rows=107 width=125)
	  Recheck Cond: ((k >= 5715599) AND (k <= 5715699))
	  ->  Bitmap Index Scan on k_2  (cost=0.00..5.50 rows=107 width=0)
	        Index Cond: ((k >= 5715599) AND (k <= 5715699))

table 3 : explain SELECT k, c FROM sbtest3 WHERE k BETWEEN 5715599 AND 5715699
	Bitmap Heap Scan on sbtest3  (cost=5.53..428.75 rows=107 width=125)
	  Recheck Cond: ((k >= 5715599) AND (k <= 5715699))
	  ->  Bitmap Index Scan on k_3  (cost=0.00..5.50 rows=107 width=0)
	        Index Cond: ((k >= 5715599) AND (k <= 5715699))

table 4 : explain SELECT k, c FROM sbtest4 WHERE k BETWEEN 5715599 AND 5715699
	Bitmap Heap Scan on sbtest4  (cost=5.54..432.69 rows=108 width=125)
	  Recheck Cond: ((k >= 5715599) AND (k <= 5715699))
	  ->  Bitmap Index Scan on k_4  (cost=0.00..5.51 rows=108 width=0)
	        Index Cond: ((k >= 5715599) AND (k <= 5715699))

table 5 : explain SELECT k, c FROM sbtest5 WHERE k BETWEEN 5715599 AND 5715699
	Bitmap Heap Scan on sbtest5  (cost=5.51..420.88 rows=105 width=125)
	  Recheck Cond: ((k >= 5715599) AND (k <= 5715699))
	  ->  Bitmap Index Scan on k_5  (cost=0.00..5.48 rows=105 width=0)
	        Index Cond: ((k >= 5715599) AND (k <= 5715699))

table 6 : explain SELECT k, c FROM sbtest6 WHERE k BETWEEN 5715599 AND 5715699
	Bitmap Heap Scan on sbtest6  (cost=5.54..432.69 rows=108 width=125)
	  Recheck Cond: ((k >= 5715599) AND (k <= 5715699))
	  ->  Bitmap Index Scan on k_6  (cost=0.00..5.51 rows=108 width=0)
	        Index Cond: ((k >= 5715599) AND (k <= 5715699))

table 7 : explain SELECT k, c FROM sbtest7 WHERE k BETWEEN 5715599 AND 5715699
	Bitmap Heap Scan on sbtest7  (cost=5.41..381.49 rows=95 width=125)
	  Recheck Cond: ((k >= 5715599) AND (k <= 5715699))
	  ->  Bitmap Index Scan on k_7  (cost=0.00..5.38 rows=95 width=0)
	        Index Cond: ((k >= 5715599) AND (k <= 5715699))

table 8 : explain SELECT k, c FROM sbtest8 WHERE k BETWEEN 5715599 AND 5715699
	Bitmap Heap Scan on sbtest8  (cost=5.55..436.62 rows=109 width=125)
	  Recheck Cond: ((k >= 5715599) AND (k <= 5715699))
	  ->  Bitmap Index Scan on k_8  (cost=0.00..5.52 rows=109 width=0)
	        Index Cond: ((k >= 5715599) AND (k <= 5715699))

for range-notcovered
table 1 : explain SELECT k, c FROM sbtest1 WHERE k BETWEEN 6683285 AND 6683385
	Bitmap Heap Scan on sbtest1  (cost=5.55..436.62 rows=109 width=125)
	  Recheck Cond: ((k >= 6683285) AND (k <= 6683385))
	  ->  Bitmap Index Scan on k_1  (cost=0.00..5.52 rows=109 width=0)
	        Index Cond: ((k >= 6683285) AND (k <= 6683385))

table 2 : explain SELECT k, c FROM sbtest2 WHERE k BETWEEN 6683285 AND 6683385
	Bitmap Heap Scan on sbtest2  (cost=5.45..397.25 rows=99 width=125)
	  Recheck Cond: ((k >= 6683285) AND (k <= 6683385))
	  ->  Bitmap Index Scan on k_2  (cost=0.00..5.42 rows=99 width=0)
	        Index Cond: ((k >= 6683285) AND (k <= 6683385))

table 3 : explain SELECT k, c FROM sbtest3 WHERE k BETWEEN 6683285 AND 6683385
	Bitmap Heap Scan on sbtest3  (cost=5.53..428.75 rows=107 width=125)
	  Recheck Cond: ((k >= 6683285) AND (k <= 6683385))
	  ->  Bitmap Index Scan on k_3  (cost=0.00..5.50 rows=107 width=0)
	        Index Cond: ((k >= 6683285) AND (k <= 6683385))

table 4 : explain SELECT k, c FROM sbtest4 WHERE k BETWEEN 6683285 AND 6683385
	Bitmap Heap Scan on sbtest4  (cost=5.48..409.07 rows=102 width=125)
	  Recheck Cond: ((k >= 6683285) AND (k <= 6683385))
	  ->  Bitmap Index Scan on k_4  (cost=0.00..5.45 rows=102 width=0)
	        Index Cond: ((k >= 6683285) AND (k <= 6683385))

table 5 : explain SELECT k, c FROM sbtest5 WHERE k BETWEEN 6683285 AND 6683385
	Bitmap Heap Scan on sbtest5  (cost=5.55..436.62 rows=109 width=125)
	  Recheck Cond: ((k >= 6683285) AND (k <= 6683385))
	  ->  Bitmap Index Scan on k_5  (cost=0.00..5.52 rows=109 width=0)
	        Index Cond: ((k >= 6683285) AND (k <= 6683385))

table 6 : explain SELECT k, c FROM sbtest6 WHERE k BETWEEN 6683285 AND 6683385
	Bitmap Heap Scan on sbtest6  (cost=5.37..365.72 rows=91 width=125)
	  Recheck Cond: ((k >= 6683285) AND (k <= 6683385))
	  ->  Bitmap Index Scan on k_6  (cost=0.00..5.34 rows=91 width=0)
	        Index Cond: ((k >= 6683285) AND (k <= 6683385))

table 7 : explain SELECT k, c FROM sbtest7 WHERE k BETWEEN 6683285 AND 6683385
	Bitmap Heap Scan on sbtest7  (cost=5.48..409.07 rows=102 width=125)
	  Recheck Cond: ((k >= 6683285) AND (k <= 6683385))
	  ->  Bitmap Index Scan on k_7  (cost=0.00..5.45 rows=102 width=0)
	        Index Cond: ((k >= 6683285) AND (k <= 6683385))

table 8 : explain SELECT k, c FROM sbtest8 WHERE k BETWEEN 6683285 AND 6683385
	Bitmap Heap Scan on sbtest8  (cost=5.38..369.67 rows=92 width=125)
	  Recheck Cond: ((k >= 6683285) AND (k <= 6683385))
	  ->  Bitmap Index Scan on k_8  (cost=0.00..5.35 rows=92 width=0)
	        Index Cond: ((k >= 6683285) AND (k <= 6683385))

explain: for range-notcovered :: explain SELECT k, c FROM sbtest%d WHERE k BETWEEN 7642494 AND 7642594
explain: for range-notcovered :: explain SELECT k, c FROM sbtest%d WHERE k BETWEEN 6683285 AND 6683385
for range-notcovered
table 1 : explain SELECT k, c FROM sbtest1 WHERE k BETWEEN 3769934 AND 3770034
	Bitmap Heap Scan on sbtest1  (cost=5.56..440.56 rows=110 width=125)
	  Recheck Cond: ((k >= 3769934) AND (k <= 3770034))
	  ->  Bitmap Index Scan on k_1  (cost=0.00..5.53 rows=110 width=0)
	        Index Cond: ((k >= 3769934) AND (k <= 3770034))

table 2 : explain SELECT k, c FROM sbtest2 WHERE k BETWEEN 3769934 AND 3770034
	Bitmap Heap Scan on sbtest2  (cost=5.53..428.75 rows=107 width=125)
	  Recheck Cond: ((k >= 3769934) AND (k <= 3770034))
	  ->  Bitmap Index Scan on k_2  (cost=0.00..5.50 rows=107 width=0)
	        Index Cond: ((k >= 3769934) AND (k <= 3770034))

table 3 : explain SELECT k, c FROM sbtest3 WHERE k BETWEEN 3769934 AND 3770034
	Bitmap Heap Scan on sbtest3  (cost=5.42..385.43 rows=96 width=125)
	  Recheck Cond: ((k >= 3769934) AND (k <= 3770034))
	  ->  Bitmap Index Scan on k_3  (cost=0.00..5.39 rows=96 width=0)
	        Index Cond: ((k >= 3769934) AND (k <= 3770034))

table 4 : explain SELECT k, c FROM sbtest4 WHERE k BETWEEN 3769934 AND 3770034
	Bitmap Heap Scan on sbtest4  (cost=5.43..389.37 rows=97 width=125)
	  Recheck Cond: ((k >= 3769934) AND (k <= 3770034))
	  ->  Bitmap Index Scan on k_4  (cost=0.00..5.40 rows=97 width=0)
	        Index Cond: ((k >= 3769934) AND (k <= 3770034))

table 5 : explain SELECT k, c FROM sbtest5 WHERE k BETWEEN 3769934 AND 3770034
	Bitmap Heap Scan on sbtest5  (cost=5.44..393.31 rows=98 width=125)
	  Recheck Cond: ((k >= 3769934) AND (k <= 3770034))
	  ->  Bitmap Index Scan on k_5  (cost=0.00..5.42 rows=98 width=0)
	        Index Cond: ((k >= 3769934) AND (k <= 3770034))

table 6 : explain SELECT k, c FROM sbtest6 WHERE k BETWEEN 3769934 AND 3770034
	Bitmap Heap Scan on sbtest6  (cost=5.55..436.62 rows=109 width=125)
	  Recheck Cond: ((k >= 3769934) AND (k <= 3770034))
	  ->  Bitmap Index Scan on k_6  (cost=0.00..5.52 rows=109 width=0)
	        Index Cond: ((k >= 3769934) AND (k <= 3770034))

table 7 : explain SELECT k, c FROM sbtest7 WHERE k BETWEEN 3769934 AND 3770034
	Bitmap Heap Scan on sbtest7  (cost=5.45..397.25 rows=99 width=125)
	  Recheck Cond: ((k >= 3769934) AND (k <= 3770034))
	  ->  Bitmap Index Scan on k_7  (cost=0.00..5.42 rows=99 width=0)
	        Index Cond: ((k >= 3769934) AND (k <= 3770034))

table 8 : explain SELECT k, c FROM sbtest8 WHERE k BETWEEN 3769934 AND 3770034
	Bitmap Heap Scan on sbtest8  (cost=5.54..432.69 rows=108 width=125)
	  Recheck Cond: ((k >= 3769934) AND (k <= 3770034))
	  ->  Bitmap Index Scan on k_8  (cost=0.00..5.51 rows=108 width=0)
	        Index Cond: ((k >= 3769934) AND (k <= 3770034))

explain: for range-notcovered :: explain SELECT k, c FROM sbtest%d WHERE k BETWEEN 3769934 AND 3770034
for range-notcovered
table 1 : explain SELECT k, c FROM sbtest1 WHERE k BETWEEN 4849738 AND 4849838
	Bitmap Heap Scan on sbtest1  (cost=5.50..416.94 rows=104 width=125)
	  Recheck Cond: ((k >= 4849738) AND (k <= 4849838))
	  ->  Bitmap Index Scan on k_1  (cost=0.00..5.47 rows=104 width=0)
	        Index Cond: ((k >= 4849738) AND (k <= 4849838))

table 2 : explain SELECT k, c FROM sbtest2 WHERE k BETWEEN 4849738 AND 4849838
	Bitmap Heap Scan on sbtest2  (cost=5.47..405.13 rows=101 width=125)
	  Recheck Cond: ((k >= 4849738) AND (k <= 4849838))
	  ->  Bitmap Index Scan on k_2  (cost=0.00..5.44 rows=101 width=0)
	        Index Cond: ((k >= 4849738) AND (k <= 4849838))

table 3 : explain SELECT k, c FROM sbtest3 WHERE k BETWEEN 4849738 AND 4849838
	Bitmap Heap Scan on sbtest3  (cost=5.43..389.37 rows=97 width=125)
	  Recheck Cond: ((k >= 4849738) AND (k <= 4849838))
	  ->  Bitmap Index Scan on k_3  (cost=0.00..5.40 rows=97 width=0)
	        Index Cond: ((k >= 4849738) AND (k <= 4849838))

table 4 : explain SELECT k, c FROM sbtest4 WHERE k BETWEEN 4849738 AND 4849838
	Bitmap Heap Scan on sbtest4  (cost=5.42..385.43 rows=96 width=125)
	  Recheck Cond: ((k >= 4849738) AND (k <= 4849838))
	  ->  Bitmap Index Scan on k_4  (cost=0.00..5.39 rows=96 width=0)
	        Index Cond: ((k >= 4849738) AND (k <= 4849838))

table 5 : explain SELECT k, c FROM sbtest5 WHERE k BETWEEN 4849738 AND 4849838
	Bitmap Heap Scan on sbtest5  (cost=5.56..440.56 rows=110 width=125)
	  Recheck Cond: ((k >= 4849738) AND (k <= 4849838))
	  ->  Bitmap Index Scan on k_5  (cost=0.00..5.53 rows=110 width=0)
	        Index Cond: ((k >= 4849738) AND (k <= 4849838))

table 6 : explain SELECT k, c FROM sbtest6 WHERE k BETWEEN 4849738 AND 4849838
	Bitmap Heap Scan on sbtest6  (cost=5.57..444.49 rows=111 width=125)
	  Recheck Cond: ((k >= 4849738) AND (k <= 4849838))
	  ->  Bitmap Index Scan on k_6  (cost=0.00..5.54 rows=111 width=0)
	        Index Cond: ((k >= 4849738) AND (k <= 4849838))

table 7 : explain SELECT k, c FROM sbtest7 WHERE k BETWEEN 4849738 AND 4849838
	Bitmap Heap Scan on sbtest7  (cost=5.49..413.00 rows=103 width=125)
	  Recheck Cond: ((k >= 4849738) AND (k <= 4849838))
	  ->  Bitmap Index Scan on k_7  (cost=0.00..5.46 rows=103 width=0)
	        Index Cond: ((k >= 4849738) AND (k <= 4849838))

table 8 : explain SELECT k, c FROM sbtest8 WHERE k BETWEEN 4849738 AND 4849838
	Bitmap Heap Scan on sbtest8  (cost=5.45..397.25 rows=99 width=125)
	  Recheck Cond: ((k >= 4849738) AND (k <= 4849838))
	  ->  Bitmap Index Scan on k_8  (cost=0.00..5.42 rows=99 width=0)
	        Index Cond: ((k >= 4849738) AND (k <= 4849838))

for range-notcovered
table 1 : explain SELECT k, c FROM sbtest1 WHERE k BETWEEN 3769934 AND 3770034
	Bitmap Heap Scan on sbtest1  (cost=5.56..440.56 rows=110 width=125)
	  Recheck Cond: ((k >= 3769934) AND (k <= 3770034))
	  ->  Bitmap Index Scan on k_1  (cost=0.00..5.53 rows=110 width=0)
	        Index Cond: ((k >= 3769934) AND (k <= 3770034))

table 2 : explain SELECT k, c FROM sbtest2 WHERE k BETWEEN 3769934 AND 3770034
	Bitmap Heap Scan on sbtest2  (cost=5.53..428.75 rows=107 width=125)
	  Recheck Cond: ((k >= 3769934) AND (k <= 3770034))
	  ->  Bitmap Index Scan on k_2  (cost=0.00..5.50 rows=107 width=0)
	        Index Cond: ((k >= 3769934) AND (k <= 3770034))

table 3 : explain SELECT k, c FROM sbtest3 WHERE k BETWEEN 3769934 AND 3770034
	Bitmap Heap Scan on sbtest3  (cost=5.42..385.43 rows=96 width=125)
	  Recheck Cond: ((k >= 3769934) AND (k <= 3770034))
	  ->  Bitmap Index Scan on k_3  (cost=0.00..5.39 rows=96 width=0)
	        Index Cond: ((k >= 3769934) AND (k <= 3770034))

table 4 : explain SELECT k, c FROM sbtest4 WHERE k BETWEEN 3769934 AND 3770034
	Bitmap Heap Scan on sbtest4  (cost=5.43..389.37 rows=97 width=125)
	  Recheck Cond: ((k >= 3769934) AND (k <= 3770034))
	  ->  Bitmap Index Scan on k_4  (cost=0.00..5.40 rows=97 width=0)
	        Index Cond: ((k >= 3769934) AND (k <= 3770034))

table 5 : explain SELECT k, c FROM sbtest5 WHERE k BETWEEN 3769934 AND 3770034
	Bitmap Heap Scan on sbtest5  (cost=5.44..393.31 rows=98 width=125)
	  Recheck Cond: ((k >= 3769934) AND (k <= 3770034))
	  ->  Bitmap Index Scan on k_5  (cost=0.00..5.42 rows=98 width=0)
	        Index Cond: ((k >= 3769934) AND (k <= 3770034))

table 6 : explain SELECT k, c FROM sbtest6 WHERE k BETWEEN 3769934 AND 3770034
	Bitmap Heap Scan on sbtest6  (cost=5.55..436.62 rows=109 width=125)
	  Recheck Cond: ((k >= 3769934) AND (k <= 3770034))
	  ->  Bitmap Index Scan on k_6  (cost=0.00..5.52 rows=109 width=0)
	        Index Cond: ((k >= 3769934) AND (k <= 3770034))

table 7 : explain SELECT k, c FROM sbtest7 WHERE k BETWEEN 3769934 AND 3770034
	Bitmap Heap Scan on sbtest7  (cost=5.45..397.25 rows=99 width=125)
	  Recheck Cond: ((k >= 3769934) AND (k <= 3770034))
	  ->  Bitmap Index Scan on k_7  (cost=0.00..5.42 rows=99 width=0)
	        Index Cond: ((k >= 3769934) AND (k <= 3770034))

table 8 : explain SELECT k, c FROM sbtest8 WHERE k BETWEEN 3769934 AND 3770034
	Bitmap Heap Scan on sbtest8  (cost=5.54..432.69 rows=108 width=125)
	  Recheck Cond: ((k >= 3769934) AND (k <= 3770034))
	  ->  Bitmap Index Scan on k_8  (cost=0.00..5.51 rows=108 width=0)
	        Index Cond: ((k >= 3769934) AND (k <= 3770034))

explain: for range-notcovered :: explain SELECT k, c FROM sbtest%d WHERE k BETWEEN 4849738 AND 4849838
explain: for range-notcovered :: explain SELECT k, c FROM sbtest%d WHERE k BETWEEN 3769934 AND 3770034
explain: for range-notcovered :: explain SELECT k, c FROM sbtest%d WHERE k BETWEEN 5715599 AND 5715699
for range-notcovered
table 1 : explain SELECT k, c FROM sbtest1 WHERE k BETWEEN 1661287 AND 1661387
	Bitmap Heap Scan on sbtest1  (cost=5.41..381.49 rows=95 width=125)
	  Recheck Cond: ((k >= 1661287) AND (k <= 1661387))
	  ->  Bitmap Index Scan on k_1  (cost=0.00..5.38 rows=95 width=0)
	        Index Cond: ((k >= 1661287) AND (k <= 1661387))

table 2 : explain SELECT k, c FROM sbtest2 WHERE k BETWEEN 1661287 AND 1661387
	Bitmap Heap Scan on sbtest2  (cost=5.49..413.00 rows=103 width=125)
	  Recheck Cond: ((k >= 1661287) AND (k <= 1661387))
	  ->  Bitmap Index Scan on k_2  (cost=0.00..5.46 rows=103 width=0)
	        Index Cond: ((k >= 1661287) AND (k <= 1661387))

table 3 : explain SELECT k, c FROM sbtest3 WHERE k BETWEEN 1661287 AND 1661387
	Bitmap Heap Scan on sbtest3  (cost=5.34..353.89 rows=88 width=125)
	  Recheck Cond: ((k >= 1661287) AND (k <= 1661387))
	  ->  Bitmap Index Scan on k_3  (cost=0.00..5.31 rows=88 width=0)
	        Index Cond: ((k >= 1661287) AND (k <= 1661387))

table 4 : explain SELECT k, c FROM sbtest4 WHERE k BETWEEN 1661287 AND 1661387
	Bitmap Heap Scan on sbtest4  (cost=5.48..409.07 rows=102 width=125)
	  Recheck Cond: ((k >= 1661287) AND (k <= 1661387))
	  ->  Bitmap Index Scan on k_4  (cost=0.00..5.45 rows=102 width=0)
	        Index Cond: ((k >= 1661287) AND (k <= 1661387))

table 5 : explain SELECT k, c FROM sbtest5 WHERE k BETWEEN 1661287 AND 1661387
	Bitmap Heap Scan on sbtest5  (cost=5.36..361.78 rows=90 width=125)
	  Recheck Cond: ((k >= 1661287) AND (k <= 1661387))
	  ->  Bitmap Index Scan on k_5  (cost=0.00..5.33 rows=90 width=0)
	        Index Cond: ((k >= 1661287) AND (k <= 1661387))

table 6 : explain SELECT k, c FROM sbtest6 WHERE k BETWEEN 1661287 AND 1661387
	Bitmap Heap Scan on sbtest6  (cost=5.54..432.69 rows=108 width=125)
	  Recheck Cond: ((k >= 1661287) AND (k <= 1661387))
	  ->  Bitmap Index Scan on k_6  (cost=0.00..5.51 rows=108 width=0)
	        Index Cond: ((k >= 1661287) AND (k <= 1661387))

table 7 : explain SELECT k, c FROM sbtest7 WHERE k BETWEEN 1661287 AND 1661387
	Bitmap Heap Scan on sbtest7  (cost=5.61..460.22 rows=115 width=125)
	  Recheck Cond: ((k >= 1661287) AND (k <= 1661387))
	  ->  Bitmap Index Scan on k_7  (cost=0.00..5.58 rows=115 width=0)
	        Index Cond: ((k >= 1661287) AND (k <= 1661387))

table 8 : explain SELECT k, c FROM sbtest8 WHERE k BETWEEN 1661287 AND 1661387
	Bitmap Heap Scan on sbtest8  (cost=5.56..440.56 rows=110 width=125)
	  Recheck Cond: ((k >= 1661287) AND (k <= 1661387))
	  ->  Bitmap Index Scan on k_8  (cost=0.00..5.53 rows=110 width=0)
	        Index Cond: ((k >= 1661287) AND (k <= 1661387))

for range-notcovered
table 1 : explain SELECT k, c FROM sbtest1 WHERE k BETWEEN 3769934 AND 3770034
	Bitmap Heap Scan on sbtest1  (cost=5.56..440.56 rows=110 width=125)
	  Recheck Cond: ((k >= 3769934) AND (k <= 3770034))
	  ->  Bitmap Index Scan on k_1  (cost=0.00..5.53 rows=110 width=0)
	        Index Cond: ((k >= 3769934) AND (k <= 3770034))

table 2 : explain SELECT k, c FROM sbtest2 WHERE k BETWEEN 3769934 AND 3770034
	Bitmap Heap Scan on sbtest2  (cost=5.53..428.75 rows=107 width=125)
	  Recheck Cond: ((k >= 3769934) AND (k <= 3770034))
	  ->  Bitmap Index Scan on k_2  (cost=0.00..5.50 rows=107 width=0)
	        Index Cond: ((k >= 3769934) AND (k <= 3770034))

table 3 : explain SELECT k, c FROM sbtest3 WHERE k BETWEEN 3769934 AND 3770034
	Bitmap Heap Scan on sbtest3  (cost=5.42..385.43 rows=96 width=125)
	  Recheck Cond: ((k >= 3769934) AND (k <= 3770034))
	  ->  Bitmap Index Scan on k_3  (cost=0.00..5.39 rows=96 width=0)
	        Index Cond: ((k >= 3769934) AND (k <= 3770034))

table 4 : explain SELECT k, c FROM sbtest4 WHERE k BETWEEN 3769934 AND 3770034
	Bitmap Heap Scan on sbtest4  (cost=5.43..389.37 rows=97 width=125)
	  Recheck Cond: ((k >= 3769934) AND (k <= 3770034))
	  ->  Bitmap Index Scan on k_4  (cost=0.00..5.40 rows=97 width=0)
	        Index Cond: ((k >= 3769934) AND (k <= 3770034))

table 5 : explain SELECT k, c FROM sbtest5 WHERE k BETWEEN 3769934 AND 3770034
	Bitmap Heap Scan on sbtest5  (cost=5.44..393.31 rows=98 width=125)
	  Recheck Cond: ((k >= 3769934) AND (k <= 3770034))
	  ->  Bitmap Index Scan on k_5  (cost=0.00..5.42 rows=98 width=0)
	        Index Cond: ((k >= 3769934) AND (k <= 3770034))

table 6 : explain SELECT k, c FROM sbtest6 WHERE k BETWEEN 3769934 AND 3770034
	Bitmap Heap Scan on sbtest6  (cost=5.55..436.62 rows=109 width=125)
	  Recheck Cond: ((k >= 3769934) AND (k <= 3770034))
	  ->  Bitmap Index Scan on k_6  (cost=0.00..5.52 rows=109 width=0)
	        Index Cond: ((k >= 3769934) AND (k <= 3770034))

table 7 : explain SELECT k, c FROM sbtest7 WHERE k BETWEEN 3769934 AND 3770034
	Bitmap Heap Scan on sbtest7  (cost=5.45..397.25 rows=99 width=125)
	  Recheck Cond: ((k >= 3769934) AND (k <= 3770034))
	  ->  Bitmap Index Scan on k_7  (cost=0.00..5.42 rows=99 width=0)
	        Index Cond: ((k >= 3769934) AND (k <= 3770034))

table 8 : explain SELECT k, c FROM sbtest8 WHERE k BETWEEN 3769934 AND 3770034
	Bitmap Heap Scan on sbtest8  (cost=5.54..432.69 rows=108 width=125)
	  Recheck Cond: ((k >= 3769934) AND (k <= 3770034))
	  ->  Bitmap Index Scan on k_8  (cost=0.00..5.51 rows=108 width=0)
	        Index Cond: ((k >= 3769934) AND (k <= 3770034))

for range-notcovered
table 1 : explain SELECT k, c FROM sbtest1 WHERE k BETWEEN 4849738 AND 4849838
	Bitmap Heap Scan on sbtest1  (cost=5.50..416.94 rows=104 width=125)
	  Recheck Cond: ((k >= 4849738) AND (k <= 4849838))
	  ->  Bitmap Index Scan on k_1  (cost=0.00..5.47 rows=104 width=0)
	        Index Cond: ((k >= 4849738) AND (k <= 4849838))

table 2 : explain SELECT k, c FROM sbtest2 WHERE k BETWEEN 4849738 AND 4849838
	Bitmap Heap Scan on sbtest2  (cost=5.47..405.13 rows=101 width=125)
	  Recheck Cond: ((k >= 4849738) AND (k <= 4849838))
	  ->  Bitmap Index Scan on k_2  (cost=0.00..5.44 rows=101 width=0)
	        Index Cond: ((k >= 4849738) AND (k <= 4849838))

table 3 : explain SELECT k, c FROM sbtest3 WHERE k BETWEEN 4849738 AND 4849838
	Bitmap Heap Scan on sbtest3  (cost=5.43..389.37 rows=97 width=125)
	  Recheck Cond: ((k >= 4849738) AND (k <= 4849838))
	  ->  Bitmap Index Scan on k_3  (cost=0.00..5.40 rows=97 width=0)
	        Index Cond: ((k >= 4849738) AND (k <= 4849838))

table 4 : explain SELECT k, c FROM sbtest4 WHERE k BETWEEN 4849738 AND 4849838
	Bitmap Heap Scan on sbtest4  (cost=5.42..385.43 rows=96 width=125)
	  Recheck Cond: ((k >= 4849738) AND (k <= 4849838))
	  ->  Bitmap Index Scan on k_4  (cost=0.00..5.39 rows=96 width=0)
	        Index Cond: ((k >= 4849738) AND (k <= 4849838))

table 5 : explain SELECT k, c FROM sbtest5 WHERE k BETWEEN 4849738 AND 4849838
	Bitmap Heap Scan on sbtest5  (cost=5.56..440.56 rows=110 width=125)
	  Recheck Cond: ((k >= 4849738) AND (k <= 4849838))
	  ->  Bitmap Index Scan on k_5  (cost=0.00..5.53 rows=110 width=0)
	        Index Cond: ((k >= 4849738) AND (k <= 4849838))

table 6 : explain SELECT k, c FROM sbtest6 WHERE k BETWEEN 4849738 AND 4849838
	Bitmap Heap Scan on sbtest6  (cost=5.57..444.49 rows=111 width=125)
	  Recheck Cond: ((k >= 4849738) AND (k <= 4849838))
	  ->  Bitmap Index Scan on k_6  (cost=0.00..5.54 rows=111 width=0)
	        Index Cond: ((k >= 4849738) AND (k <= 4849838))

table 7 : explain SELECT k, c FROM sbtest7 WHERE k BETWEEN 4849738 AND 4849838
	Bitmap Heap Scan on sbtest7  (cost=5.49..413.00 rows=103 width=125)
	  Recheck Cond: ((k >= 4849738) AND (k <= 4849838))
	  ->  Bitmap Index Scan on k_7  (cost=0.00..5.46 rows=103 width=0)
	        Index Cond: ((k >= 4849738) AND (k <= 4849838))

table 8 : explain SELECT k, c FROM sbtest8 WHERE k BETWEEN 4849738 AND 4849838
	Bitmap Heap Scan on sbtest8  (cost=5.45..397.25 rows=99 width=125)
	  Recheck Cond: ((k >= 4849738) AND (k <= 4849838))
	  ->  Bitmap Index Scan on k_8  (cost=0.00..5.42 rows=99 width=0)
	        Index Cond: ((k >= 4849738) AND (k <= 4849838))

explain: for range-notcovered :: explain SELECT k, c FROM sbtest%d WHERE k BETWEEN 1661287 AND 1661387
explain: for range-notcovered :: explain SELECT k, c FROM sbtest%d WHERE k BETWEEN 4849738 AND 4849838
for range-notcovered
table 1 : explain SELECT k, c FROM sbtest1 WHERE k BETWEEN 2223803 AND 2223903
	Bitmap Heap Scan on sbtest1  (cost=5.58..448.42 rows=112 width=125)
	  Recheck Cond: ((k >= 2223803) AND (k <= 2223903))
	  ->  Bitmap Index Scan on k_1  (cost=0.00..5.55 rows=112 width=0)
	        Index Cond: ((k >= 2223803) AND (k <= 2223903))

table 2 : explain SELECT k, c FROM sbtest2 WHERE k BETWEEN 2223803 AND 2223903
	Bitmap Heap Scan on sbtest2  (cost=5.53..428.75 rows=107 width=125)
	  Recheck Cond: ((k >= 2223803) AND (k <= 2223903))
	  ->  Bitmap Index Scan on k_2  (cost=0.00..5.50 rows=107 width=0)
	        Index Cond: ((k >= 2223803) AND (k <= 2223903))

table 3 : explain SELECT k, c FROM sbtest3 WHERE k BETWEEN 2223803 AND 2223903
	Bitmap Heap Scan on sbtest3  (cost=5.55..436.62 rows=109 width=125)
	  Recheck Cond: ((k >= 2223803) AND (k <= 2223903))
	  ->  Bitmap Index Scan on k_3  (cost=0.00..5.52 rows=109 width=0)
	        Index Cond: ((k >= 2223803) AND (k <= 2223903))

table 4 : explain SELECT k, c FROM sbtest4 WHERE k BETWEEN 2223803 AND 2223903
	Bitmap Heap Scan on sbtest4  (cost=5.43..389.37 rows=97 width=125)
	  Recheck Cond: ((k >= 2223803) AND (k <= 2223903))
	  ->  Bitmap Index Scan on k_4  (cost=0.00..5.40 rows=97 width=0)
	        Index Cond: ((k >= 2223803) AND (k <= 2223903))

table 5 : explain SELECT k, c FROM sbtest5 WHERE k BETWEEN 2223803 AND 2223903
	Bitmap Heap Scan on sbtest5  (cost=5.55..436.62 rows=109 width=125)
	  Recheck Cond: ((k >= 2223803) AND (k <= 2223903))
	  ->  Bitmap Index Scan on k_5  (cost=0.00..5.52 rows=109 width=0)
	        Index Cond: ((k >= 2223803) AND (k <= 2223903))

table 6 : explain SELECT k, c FROM sbtest6 WHERE k BETWEEN 2223803 AND 2223903
	Bitmap Heap Scan on sbtest6  (cost=5.49..413.00 rows=103 width=125)
	  Recheck Cond: ((k >= 2223803) AND (k <= 2223903))
	  ->  Bitmap Index Scan on k_6  (cost=0.00..5.46 rows=103 width=0)
	        Index Cond: ((k >= 2223803) AND (k <= 2223903))

table 7 : explain SELECT k, c FROM sbtest7 WHERE k BETWEEN 2223803 AND 2223903
	Bitmap Heap Scan on sbtest7  (cost=5.47..405.13 rows=101 width=125)
	  Recheck Cond: ((k >= 2223803) AND (k <= 2223903))
	  ->  Bitmap Index Scan on k_7  (cost=0.00..5.44 rows=101 width=0)
	        Index Cond: ((k >= 2223803) AND (k <= 2223903))

table 8 : explain SELECT k, c FROM sbtest8 WHERE k BETWEEN 2223803 AND 2223903
	Bitmap Heap Scan on sbtest8  (cost=5.54..432.69 rows=108 width=125)
	  Recheck Cond: ((k >= 2223803) AND (k <= 2223903))
	  ->  Bitmap Index Scan on k_8  (cost=0.00..5.51 rows=108 width=0)
	        Index Cond: ((k >= 2223803) AND (k <= 2223903))

explain: for range-notcovered :: explain SELECT k, c FROM sbtest%d WHERE k BETWEEN 2223803 AND 2223903
for range-notcovered
table 1 : explain SELECT k, c FROM sbtest1 WHERE k BETWEEN 5715599 AND 5715699
	Bitmap Heap Scan on sbtest1  (cost=5.43..389.37 rows=97 width=125)
	  Recheck Cond: ((k >= 5715599) AND (k <= 5715699))
	  ->  Bitmap Index Scan on k_1  (cost=0.00..5.40 rows=97 width=0)
	        Index Cond: ((k >= 5715599) AND (k <= 5715699))

table 2 : explain SELECT k, c FROM sbtest2 WHERE k BETWEEN 5715599 AND 5715699
	Bitmap Heap Scan on sbtest2  (cost=5.53..428.75 rows=107 width=125)
	  Recheck Cond: ((k >= 5715599) AND (k <= 5715699))
	  ->  Bitmap Index Scan on k_2  (cost=0.00..5.50 rows=107 width=0)
	        Index Cond: ((k >= 5715599) AND (k <= 5715699))

table 3 : explain SELECT k, c FROM sbtest3 WHERE k BETWEEN 5715599 AND 5715699
	Bitmap Heap Scan on sbtest3  (cost=5.53..428.75 rows=107 width=125)
	  Recheck Cond: ((k >= 5715599) AND (k <= 5715699))
	  ->  Bitmap Index Scan on k_3  (cost=0.00..5.50 rows=107 width=0)
	        Index Cond: ((k >= 5715599) AND (k <= 5715699))

table 4 : explain SELECT k, c FROM sbtest4 WHERE k BETWEEN 5715599 AND 5715699
	Bitmap Heap Scan on sbtest4  (cost=5.54..432.69 rows=108 width=125)
	  Recheck Cond: ((k >= 5715599) AND (k <= 5715699))
	  ->  Bitmap Index Scan on k_4  (cost=0.00..5.51 rows=108 width=0)
	        Index Cond: ((k >= 5715599) AND (k <= 5715699))

table 5 : explain SELECT k, c FROM sbtest5 WHERE k BETWEEN 5715599 AND 5715699
	Bitmap Heap Scan on sbtest5  (cost=5.51..420.88 rows=105 width=125)
	  Recheck Cond: ((k >= 5715599) AND (k <= 5715699))
	  ->  Bitmap Index Scan on k_5  (cost=0.00..5.48 rows=105 width=0)
	        Index Cond: ((k >= 5715599) AND (k <= 5715699))

table 6 : explain SELECT k, c FROM sbtest6 WHERE k BETWEEN 5715599 AND 5715699
	Bitmap Heap Scan on sbtest6  (cost=5.54..432.69 rows=108 width=125)
	  Recheck Cond: ((k >= 5715599) AND (k <= 5715699))
	  ->  Bitmap Index Scan on k_6  (cost=0.00..5.51 rows=108 width=0)
	        Index Cond: ((k >= 5715599) AND (k <= 5715699))

table 7 : explain SELECT k, c FROM sbtest7 WHERE k BETWEEN 5715599 AND 5715699
	Bitmap Heap Scan on sbtest7  (cost=5.41..381.49 rows=95 width=125)
	  Recheck Cond: ((k >= 5715599) AND (k <= 5715699))
	  ->  Bitmap Index Scan on k_7  (cost=0.00..5.38 rows=95 width=0)
	        Index Cond: ((k >= 5715599) AND (k <= 5715699))

table 8 : explain SELECT k, c FROM sbtest8 WHERE k BETWEEN 5715599 AND 5715699
	Bitmap Heap Scan on sbtest8  (cost=5.55..436.62 rows=109 width=125)
	  Recheck Cond: ((k >= 5715599) AND (k <= 5715699))
	  ->  Bitmap Index Scan on k_8  (cost=0.00..5.52 rows=109 width=0)
	        Index Cond: ((k >= 5715599) AND (k <= 5715699))

explain: for range-notcovered :: explain SELECT k, c FROM sbtest%d WHERE k BETWEEN 5715599 AND 5715699
for range-notcovered
table 1 : explain SELECT k, c FROM sbtest1 WHERE k BETWEEN 1661287 AND 1661387
	Bitmap Heap Scan on sbtest1  (cost=5.41..381.49 rows=95 width=125)
	  Recheck Cond: ((k >= 1661287) AND (k <= 1661387))
	  ->  Bitmap Index Scan on k_1  (cost=0.00..5.38 rows=95 width=0)
	        Index Cond: ((k >= 1661287) AND (k <= 1661387))

table 2 : explain SELECT k, c FROM sbtest2 WHERE k BETWEEN 1661287 AND 1661387
	Bitmap Heap Scan on sbtest2  (cost=5.49..413.00 rows=103 width=125)
	  Recheck Cond: ((k >= 1661287) AND (k <= 1661387))
	  ->  Bitmap Index Scan on k_2  (cost=0.00..5.46 rows=103 width=0)
	        Index Cond: ((k >= 1661287) AND (k <= 1661387))

table 3 : explain SELECT k, c FROM sbtest3 WHERE k BETWEEN 1661287 AND 1661387
	Bitmap Heap Scan on sbtest3  (cost=5.34..353.89 rows=88 width=125)
	  Recheck Cond: ((k >= 1661287) AND (k <= 1661387))
	  ->  Bitmap Index Scan on k_3  (cost=0.00..5.31 rows=88 width=0)
	        Index Cond: ((k >= 1661287) AND (k <= 1661387))

table 4 : explain SELECT k, c FROM sbtest4 WHERE k BETWEEN 1661287 AND 1661387
	Bitmap Heap Scan on sbtest4  (cost=5.48..409.07 rows=102 width=125)
	  Recheck Cond: ((k >= 1661287) AND (k <= 1661387))
	  ->  Bitmap Index Scan on k_4  (cost=0.00..5.45 rows=102 width=0)
	        Index Cond: ((k >= 1661287) AND (k <= 1661387))

table 5 : explain SELECT k, c FROM sbtest5 WHERE k BETWEEN 1661287 AND 1661387
	Bitmap Heap Scan on sbtest5  (cost=5.36..361.78 rows=90 width=125)
	  Recheck Cond: ((k >= 1661287) AND (k <= 1661387))
	  ->  Bitmap Index Scan on k_5  (cost=0.00..5.33 rows=90 width=0)
	        Index Cond: ((k >= 1661287) AND (k <= 1661387))

table 6 : explain SELECT k, c FROM sbtest6 WHERE k BETWEEN 1661287 AND 1661387
	Bitmap Heap Scan on sbtest6  (cost=5.54..432.69 rows=108 width=125)
	  Recheck Cond: ((k >= 1661287) AND (k <= 1661387))
	  ->  Bitmap Index Scan on k_6  (cost=0.00..5.51 rows=108 width=0)
	        Index Cond: ((k >= 1661287) AND (k <= 1661387))

table 7 : explain SELECT k, c FROM sbtest7 WHERE k BETWEEN 1661287 AND 1661387
	Bitmap Heap Scan on sbtest7  (cost=5.61..460.22 rows=115 width=125)
	  Recheck Cond: ((k >= 1661287) AND (k <= 1661387))
	  ->  Bitmap Index Scan on k_7  (cost=0.00..5.58 rows=115 width=0)
	        Index Cond: ((k >= 1661287) AND (k <= 1661387))

table 8 : explain SELECT k, c FROM sbtest8 WHERE k BETWEEN 1661287 AND 1661387
	Bitmap Heap Scan on sbtest8  (cost=5.56..440.56 rows=110 width=125)
	  Recheck Cond: ((k >= 1661287) AND (k <= 1661387))
	  ->  Bitmap Index Scan on k_8  (cost=0.00..5.53 rows=110 width=0)
	        Index Cond: ((k >= 1661287) AND (k <= 1661387))

explain: for range-notcovered :: explain SELECT k, c FROM sbtest%d WHERE k BETWEEN 1661287 AND 1661387
for range-notcovered
table 1 : explain SELECT k, c FROM sbtest1 WHERE k BETWEEN 4849738 AND 4849838
	Bitmap Heap Scan on sbtest1  (cost=5.50..416.94 rows=104 width=125)
	  Recheck Cond: ((k >= 4849738) AND (k <= 4849838))
	  ->  Bitmap Index Scan on k_1  (cost=0.00..5.47 rows=104 width=0)
	        Index Cond: ((k >= 4849738) AND (k <= 4849838))

table 2 : explain SELECT k, c FROM sbtest2 WHERE k BETWEEN 4849738 AND 4849838
	Bitmap Heap Scan on sbtest2  (cost=5.47..405.13 rows=101 width=125)
	  Recheck Cond: ((k >= 4849738) AND (k <= 4849838))
	  ->  Bitmap Index Scan on k_2  (cost=0.00..5.44 rows=101 width=0)
	        Index Cond: ((k >= 4849738) AND (k <= 4849838))

table 3 : explain SELECT k, c FROM sbtest3 WHERE k BETWEEN 4849738 AND 4849838
	Bitmap Heap Scan on sbtest3  (cost=5.43..389.37 rows=97 width=125)
	  Recheck Cond: ((k >= 4849738) AND (k <= 4849838))
	  ->  Bitmap Index Scan on k_3  (cost=0.00..5.40 rows=97 width=0)
	        Index Cond: ((k >= 4849738) AND (k <= 4849838))

table 4 : explain SELECT k, c FROM sbtest4 WHERE k BETWEEN 4849738 AND 4849838
	Bitmap Heap Scan on sbtest4  (cost=5.42..385.43 rows=96 width=125)
	  Recheck Cond: ((k >= 4849738) AND (k <= 4849838))
	  ->  Bitmap Index Scan on k_4  (cost=0.00..5.39 rows=96 width=0)
	        Index Cond: ((k >= 4849738) AND (k <= 4849838))

table 5 : explain SELECT k, c FROM sbtest5 WHERE k BETWEEN 4849738 AND 4849838
	Bitmap Heap Scan on sbtest5  (cost=5.56..440.56 rows=110 width=125)
	  Recheck Cond: ((k >= 4849738) AND (k <= 4849838))
	  ->  Bitmap Index Scan on k_5  (cost=0.00..5.53 rows=110 width=0)
	        Index Cond: ((k >= 4849738) AND (k <= 4849838))

table 6 : explain SELECT k, c FROM sbtest6 WHERE k BETWEEN 4849738 AND 4849838
	Bitmap Heap Scan on sbtest6  (cost=5.57..444.49 rows=111 width=125)
	  Recheck Cond: ((k >= 4849738) AND (k <= 4849838))
	  ->  Bitmap Index Scan on k_6  (cost=0.00..5.54 rows=111 width=0)
	        Index Cond: ((k >= 4849738) AND (k <= 4849838))

table 7 : explain SELECT k, c FROM sbtest7 WHERE k BETWEEN 4849738 AND 4849838
	Bitmap Heap Scan on sbtest7  (cost=5.49..413.00 rows=103 width=125)
	  Recheck Cond: ((k >= 4849738) AND (k <= 4849838))
	  ->  Bitmap Index Scan on k_7  (cost=0.00..5.46 rows=103 width=0)
	        Index Cond: ((k >= 4849738) AND (k <= 4849838))

table 8 : explain SELECT k, c FROM sbtest8 WHERE k BETWEEN 4849738 AND 4849838
	Bitmap Heap Scan on sbtest8  (cost=5.45..397.25 rows=99 width=125)
	  Recheck Cond: ((k >= 4849738) AND (k <= 4849838))
	  ->  Bitmap Index Scan on k_8  (cost=0.00..5.42 rows=99 width=0)
	        Index Cond: ((k >= 4849738) AND (k <= 4849838))

for range-notcovered
table 1 : explain SELECT k, c FROM sbtest1 WHERE k BETWEEN 2223803 AND 2223903
	Bitmap Heap Scan on sbtest1  (cost=5.58..448.42 rows=112 width=125)
	  Recheck Cond: ((k >= 2223803) AND (k <= 2223903))
	  ->  Bitmap Index Scan on k_1  (cost=0.00..5.55 rows=112 width=0)
	        Index Cond: ((k >= 2223803) AND (k <= 2223903))

table 2 : explain SELECT k, c FROM sbtest2 WHERE k BETWEEN 2223803 AND 2223903
	Bitmap Heap Scan on sbtest2  (cost=5.53..428.75 rows=107 width=125)
	  Recheck Cond: ((k >= 2223803) AND (k <= 2223903))
	  ->  Bitmap Index Scan on k_2  (cost=0.00..5.50 rows=107 width=0)
	        Index Cond: ((k >= 2223803) AND (k <= 2223903))

table 3 : explain SELECT k, c FROM sbtest3 WHERE k BETWEEN 2223803 AND 2223903
	Bitmap Heap Scan on sbtest3  (cost=5.55..436.62 rows=109 width=125)
	  Recheck Cond: ((k >= 2223803) AND (k <= 2223903))
	  ->  Bitmap Index Scan on k_3  (cost=0.00..5.52 rows=109 width=0)
	        Index Cond: ((k >= 2223803) AND (k <= 2223903))

table 4 : explain SELECT k, c FROM sbtest4 WHERE k BETWEEN 2223803 AND 2223903
	Bitmap Heap Scan on sbtest4  (cost=5.43..389.37 rows=97 width=125)
	  Recheck Cond: ((k >= 2223803) AND (k <= 2223903))
	  ->  Bitmap Index Scan on k_4  (cost=0.00..5.40 rows=97 width=0)
	        Index Cond: ((k >= 2223803) AND (k <= 2223903))

table 5 : explain SELECT k, c FROM sbtest5 WHERE k BETWEEN 2223803 AND 2223903
	Bitmap Heap Scan on sbtest5  (cost=5.55..436.62 rows=109 width=125)
	  Recheck Cond: ((k >= 2223803) AND (k <= 2223903))
	  ->  Bitmap Index Scan on k_5  (cost=0.00..5.52 rows=109 width=0)
	        Index Cond: ((k >= 2223803) AND (k <= 2223903))

table 6 : explain SELECT k, c FROM sbtest6 WHERE k BETWEEN 2223803 AND 2223903
	Bitmap Heap Scan on sbtest6  (cost=5.49..413.00 rows=103 width=125)
	  Recheck Cond: ((k >= 2223803) AND (k <= 2223903))
	  ->  Bitmap Index Scan on k_6  (cost=0.00..5.46 rows=103 width=0)
	        Index Cond: ((k >= 2223803) AND (k <= 2223903))

table 7 : explain SELECT k, c FROM sbtest7 WHERE k BETWEEN 2223803 AND 2223903
	Bitmap Heap Scan on sbtest7  (cost=5.47..405.13 rows=101 width=125)
	  Recheck Cond: ((k >= 2223803) AND (k <= 2223903))
	  ->  Bitmap Index Scan on k_7  (cost=0.00..5.44 rows=101 width=0)
	        Index Cond: ((k >= 2223803) AND (k <= 2223903))

table 8 : explain SELECT k, c FROM sbtest8 WHERE k BETWEEN 2223803 AND 2223903
	Bitmap Heap Scan on sbtest8  (cost=5.54..432.69 rows=108 width=125)
	  Recheck Cond: ((k >= 2223803) AND (k <= 2223903))
	  ->  Bitmap Index Scan on k_8  (cost=0.00..5.51 rows=108 width=0)
	        Index Cond: ((k >= 2223803) AND (k <= 2223903))

explain: for range-notcovered :: explain SELECT k, c FROM sbtest%d WHERE k BETWEEN 2223803 AND 2223903
for range-notcovered
table 1 : explain SELECT k, c FROM sbtest1 WHERE k BETWEEN 8015230 AND 8015330
	Bitmap Heap Scan on sbtest1  (cost=5.60..456.29 rows=114 width=125)
	  Recheck Cond: ((k >= 8015230) AND (k <= 8015330))
	  ->  Bitmap Index Scan on k_1  (cost=0.00..5.58 rows=114 width=0)
	        Index Cond: ((k >= 8015230) AND (k <= 8015330))

table 2 : explain SELECT k, c FROM sbtest2 WHERE k BETWEEN 8015230 AND 8015330
	Bitmap Heap Scan on sbtest2  (cost=5.54..432.69 rows=108 width=125)
	  Recheck Cond: ((k >= 8015230) AND (k <= 8015330))
	  ->  Bitmap Index Scan on k_2  (cost=0.00..5.51 rows=108 width=0)
	        Index Cond: ((k >= 8015230) AND (k <= 8015330))

table 3 : explain SELECT k, c FROM sbtest3 WHERE k BETWEEN 8015230 AND 8015330
	Bitmap Heap Scan on sbtest3  (cost=5.47..405.13 rows=101 width=125)
	  Recheck Cond: ((k >= 8015230) AND (k <= 8015330))
	  ->  Bitmap Index Scan on k_3  (cost=0.00..5.44 rows=101 width=0)
	        Index Cond: ((k >= 8015230) AND (k <= 8015330))

table 4 : explain SELECT k, c FROM sbtest4 WHERE k BETWEEN 8015230 AND 8015330
	Bitmap Heap Scan on sbtest4  (cost=5.52..424.81 rows=106 width=125)
	  Recheck Cond: ((k >= 8015230) AND (k <= 8015330))
	  ->  Bitmap Index Scan on k_4  (cost=0.00..5.50 rows=106 width=0)
	        Index Cond: ((k >= 8015230) AND (k <= 8015330))

table 5 : explain SELECT k, c FROM sbtest5 WHERE k BETWEEN 8015230 AND 8015330
	Bitmap Heap Scan on sbtest5  (cost=5.36..361.78 rows=90 width=125)
	  Recheck Cond: ((k >= 8015230) AND (k <= 8015330))
	  ->  Bitmap Index Scan on k_5  (cost=0.00..5.33 rows=90 width=0)
	        Index Cond: ((k >= 8015230) AND (k <= 8015330))

table 6 : explain SELECT k, c FROM sbtest6 WHERE k BETWEEN 8015230 AND 8015330
	Bitmap Heap Scan on sbtest6  (cost=5.48..409.07 rows=102 width=125)
	  Recheck Cond: ((k >= 8015230) AND (k <= 8015330))
	  ->  Bitmap Index Scan on k_6  (cost=0.00..5.45 rows=102 width=0)
	        Index Cond: ((k >= 8015230) AND (k <= 8015330))

table 7 : explain SELECT k, c FROM sbtest7 WHERE k BETWEEN 8015230 AND 8015330
	Bitmap Heap Scan on sbtest7  (cost=5.55..436.62 rows=109 width=125)
	  Recheck Cond: ((k >= 8015230) AND (k <= 8015330))
	  ->  Bitmap Index Scan on k_7  (cost=0.00..5.52 rows=109 width=0)
	        Index Cond: ((k >= 8015230) AND (k <= 8015330))

table 8 : explain SELECT k, c FROM sbtest8 WHERE k BETWEEN 8015230 AND 8015330
	Bitmap Heap Scan on sbtest8  (cost=5.43..389.37 rows=97 width=125)
	  Recheck Cond: ((k >= 8015230) AND (k <= 8015330))
	  ->  Bitmap Index Scan on k_8  (cost=0.00..5.40 rows=97 width=0)
	        Index Cond: ((k >= 8015230) AND (k <= 8015330))

explain: for range-notcovered :: explain SELECT k, c FROM sbtest%d WHERE k BETWEEN 8015230 AND 8015330
for range-notcovered
table 1 : explain SELECT k, c FROM sbtest1 WHERE k BETWEEN 1661287 AND 1661387
	Bitmap Heap Scan on sbtest1  (cost=5.41..381.49 rows=95 width=125)
	  Recheck Cond: ((k >= 1661287) AND (k <= 1661387))
	  ->  Bitmap Index Scan on k_1  (cost=0.00..5.38 rows=95 width=0)
	        Index Cond: ((k >= 1661287) AND (k <= 1661387))

table 2 : explain SELECT k, c FROM sbtest2 WHERE k BETWEEN 1661287 AND 1661387
	Bitmap Heap Scan on sbtest2  (cost=5.49..413.00 rows=103 width=125)
	  Recheck Cond: ((k >= 1661287) AND (k <= 1661387))
	  ->  Bitmap Index Scan on k_2  (cost=0.00..5.46 rows=103 width=0)
	        Index Cond: ((k >= 1661287) AND (k <= 1661387))

table 3 : explain SELECT k, c FROM sbtest3 WHERE k BETWEEN 1661287 AND 1661387
	Bitmap Heap Scan on sbtest3  (cost=5.34..353.89 rows=88 width=125)
	  Recheck Cond: ((k >= 1661287) AND (k <= 1661387))
	  ->  Bitmap Index Scan on k_3  (cost=0.00..5.31 rows=88 width=0)
	        Index Cond: ((k >= 1661287) AND (k <= 1661387))

table 4 : explain SELECT k, c FROM sbtest4 WHERE k BETWEEN 1661287 AND 1661387
	Bitmap Heap Scan on sbtest4  (cost=5.48..409.07 rows=102 width=125)
	  Recheck Cond: ((k >= 1661287) AND (k <= 1661387))
	  ->  Bitmap Index Scan on k_4  (cost=0.00..5.45 rows=102 width=0)
	        Index Cond: ((k >= 1661287) AND (k <= 1661387))

table 5 : explain SELECT k, c FROM sbtest5 WHERE k BETWEEN 1661287 AND 1661387
	Bitmap Heap Scan on sbtest5  (cost=5.36..361.78 rows=90 width=125)
	  Recheck Cond: ((k >= 1661287) AND (k <= 1661387))
	  ->  Bitmap Index Scan on k_5  (cost=0.00..5.33 rows=90 width=0)
	        Index Cond: ((k >= 1661287) AND (k <= 1661387))

table 6 : explain SELECT k, c FROM sbtest6 WHERE k BETWEEN 1661287 AND 1661387
	Bitmap Heap Scan on sbtest6  (cost=5.54..432.69 rows=108 width=125)
	  Recheck Cond: ((k >= 1661287) AND (k <= 1661387))
	  ->  Bitmap Index Scan on k_6  (cost=0.00..5.51 rows=108 width=0)
	        Index Cond: ((k >= 1661287) AND (k <= 1661387))

table 7 : explain SELECT k, c FROM sbtest7 WHERE k BETWEEN 1661287 AND 1661387
	Bitmap Heap Scan on sbtest7  (cost=5.61..460.22 rows=115 width=125)
	  Recheck Cond: ((k >= 1661287) AND (k <= 1661387))
	  ->  Bitmap Index Scan on k_7  (cost=0.00..5.58 rows=115 width=0)
	        Index Cond: ((k >= 1661287) AND (k <= 1661387))

table 8 : explain SELECT k, c FROM sbtest8 WHERE k BETWEEN 1661287 AND 1661387
	Bitmap Heap Scan on sbtest8  (cost=5.56..440.56 rows=110 width=125)
	  Recheck Cond: ((k >= 1661287) AND (k <= 1661387))
	  ->  Bitmap Index Scan on k_8  (cost=0.00..5.53 rows=110 width=0)
	        Index Cond: ((k >= 1661287) AND (k <= 1661387))

for range-notcovered
table 1 : explain SELECT k, c FROM sbtest1 WHERE k BETWEEN 7642494 AND 7642594
	Bitmap Heap Scan on sbtest1  (cost=5.52..424.81 rows=106 width=125)
	  Recheck Cond: ((k >= 7642494) AND (k <= 7642594))
	  ->  Bitmap Index Scan on k_1  (cost=0.00..5.50 rows=106 width=0)
	        Index Cond: ((k >= 7642494) AND (k <= 7642594))

table 2 : explain SELECT k, c FROM sbtest2 WHERE k BETWEEN 7642494 AND 7642594
	Bitmap Heap Scan on sbtest2  (cost=5.52..424.81 rows=106 width=125)
	  Recheck Cond: ((k >= 7642494) AND (k <= 7642594))
	  ->  Bitmap Index Scan on k_2  (cost=0.00..5.50 rows=106 width=0)
	        Index Cond: ((k >= 7642494) AND (k <= 7642594))

table 3 : explain SELECT k, c FROM sbtest3 WHERE k BETWEEN 7642494 AND 7642594
	Bitmap Heap Scan on sbtest3  (cost=5.52..424.81 rows=106 width=125)
	  Recheck Cond: ((k >= 7642494) AND (k <= 7642594))
	  ->  Bitmap Index Scan on k_3  (cost=0.00..5.50 rows=106 width=0)
	        Index Cond: ((k >= 7642494) AND (k <= 7642594))

table 4 : explain SELECT k, c FROM sbtest4 WHERE k BETWEEN 7642494 AND 7642594
	Bitmap Heap Scan on sbtest4  (cost=5.55..436.62 rows=109 width=125)
	  Recheck Cond: ((k >= 7642494) AND (k <= 7642594))
	  ->  Bitmap Index Scan on k_4  (cost=0.00..5.52 rows=109 width=0)
	        Index Cond: ((k >= 7642494) AND (k <= 7642594))

table 5 : explain SELECT k, c FROM sbtest5 WHERE k BETWEEN 7642494 AND 7642594
	Bitmap Heap Scan on sbtest5  (cost=5.47..405.13 rows=101 width=125)
	  Recheck Cond: ((k >= 7642494) AND (k <= 7642594))
	  ->  Bitmap Index Scan on k_5  (cost=0.00..5.44 rows=101 width=0)
	        Index Cond: ((k >= 7642494) AND (k <= 7642594))

table 6 : explain SELECT k, c FROM sbtest6 WHERE k BETWEEN 7642494 AND 7642594
	Bitmap Heap Scan on sbtest6  (cost=5.53..428.75 rows=107 width=125)
	  Recheck Cond: ((k >= 7642494) AND (k <= 7642594))
	  ->  Bitmap Index Scan on k_6  (cost=0.00..5.50 rows=107 width=0)
	        Index Cond: ((k >= 7642494) AND (k <= 7642594))

table 7 : explain SELECT k, c FROM sbtest7 WHERE k BETWEEN 7642494 AND 7642594
	Bitmap Heap Scan on sbtest7  (cost=5.43..389.37 rows=97 width=125)
	  Recheck Cond: ((k >= 7642494) AND (k <= 7642594))
	  ->  Bitmap Index Scan on k_7  (cost=0.00..5.40 rows=97 width=0)
	        Index Cond: ((k >= 7642494) AND (k <= 7642594))

table 8 : explain SELECT k, c FROM sbtest8 WHERE k BETWEEN 7642494 AND 7642594
	Bitmap Heap Scan on sbtest8  (cost=5.59..452.36 rows=113 width=125)
	  Recheck Cond: ((k >= 7642494) AND (k <= 7642594))
	  ->  Bitmap Index Scan on k_8  (cost=0.00..5.56 rows=113 width=0)
	        Index Cond: ((k >= 7642494) AND (k <= 7642594))
for range-notcovered
table 1 : explain SELECT k, c FROM sbtest1 WHERE k BETWEEN 6683285 AND 6683385
	Bitmap Heap Scan on sbtest1  (cost=5.55..436.62 rows=109 width=125)
	  Recheck Cond: ((k >= 6683285) AND (k <= 6683385))
	  ->  Bitmap Index Scan on k_1  (cost=0.00..5.52 rows=109 width=0)
	        Index Cond: ((k >= 6683285) AND (k <= 6683385))

table 2 : explain SELECT k, c FROM sbtest2 WHERE k BETWEEN 6683285 AND 6683385
	Bitmap Heap Scan on sbtest2  (cost=5.45..397.25 rows=99 width=125)
	  Recheck Cond: ((k >= 6683285) AND (k <= 6683385))
	  ->  Bitmap Index Scan on k_2  (cost=0.00..5.42 rows=99 width=0)
	        Index Cond: ((k >= 6683285) AND (k <= 6683385))

table 3 : explain SELECT k, c FROM sbtest3 WHERE k BETWEEN 6683285 AND 6683385
	Bitmap Heap Scan on sbtest3  (cost=5.53..428.75 rows=107 width=125)
	  Recheck Cond: ((k >= 6683285) AND (k <= 6683385))
	  ->  Bitmap Index Scan on k_3  (cost=0.00..5.50 rows=107 width=0)
	        Index Cond: ((k >= 6683285) AND (k <= 6683385))

table 4 : explain SELECT k, c FROM sbtest4 WHERE k BETWEEN 6683285 AND 6683385
	Bitmap Heap Scan on sbtest4  (cost=5.48..409.07 rows=102 width=125)
	  Recheck Cond: ((k >= 6683285) AND (k <= 6683385))
	  ->  Bitmap Index Scan on k_4  (cost=0.00..5.45 rows=102 width=0)
	        Index Cond: ((k >= 6683285) AND (k <= 6683385))

table 5 : explain SELECT k, c FROM sbtest5 WHERE k BETWEEN 6683285 AND 6683385
	Bitmap Heap Scan on sbtest5  (cost=5.55..436.62 rows=109 width=125)
	  Recheck Cond: ((k >= 6683285) AND (k <= 6683385))
	  ->  Bitmap Index Scan on k_5  (cost=0.00..5.52 rows=109 width=0)
	        Index Cond: ((k >= 6683285) AND (k <= 6683385))

table 6 : explain SELECT k, c FROM sbtest6 WHERE k BETWEEN 6683285 AND 6683385
	Bitmap Heap Scan on sbtest6  (cost=5.37..365.72 rows=91 width=125)
	  Recheck Cond: ((k >= 6683285) AND (k <= 6683385))
	  ->  Bitmap Index Scan on k_6  (cost=0.00..5.34 rows=91 width=0)
	        Index Cond: ((k >= 6683285) AND (k <= 6683385))

table 7 : explain SELECT k, c FROM sbtest7 WHERE k BETWEEN 6683285 AND 6683385
	Bitmap Heap Scan on sbtest7  (cost=5.48..409.07 rows=102 width=125)
	  Recheck Cond: ((k >= 6683285) AND (k <= 6683385))
	  ->  Bitmap Index Scan on k_7  (cost=0.00..5.45 rows=102 width=0)
	        Index Cond: ((k >= 6683285) AND (k <= 6683385))

table 8 : explain SELECT k, c FROM sbtest8 WHERE k BETWEEN 6683285 AND 6683385
	Bitmap Heap Scan on sbtest8  (cost=5.38..369.67 rows=92 width=125)
	  Recheck Cond: ((k >= 6683285) AND (k <= 6683385))
	  ->  Bitmap Index Scan on k_8  (cost=0.00..5.35 rows=92 width=0)
	        Index Cond: ((k >= 6683285) AND (k <= 6683385))


explain: for range-notcovered :: explain SELECT k, c FROM sbtest%d WHERE k BETWEEN 3607198 AND 3607298
for range-notcovered
table 1 : explain SELECT k, c FROM sbtest1 WHERE k BETWEEN 2223803 AND 2223903
	Bitmap Heap Scan on sbtest1  (cost=5.58..448.42 rows=112 width=125)
	  Recheck Cond: ((k >= 2223803) AND (k <= 2223903))
	  ->  Bitmap Index Scan on k_1  (cost=0.00..5.55 rows=112 width=0)
	        Index Cond: ((k >= 2223803) AND (k <= 2223903))

table 2 : explain SELECT k, c FROM sbtest2 WHERE k BETWEEN 2223803 AND 2223903
	Bitmap Heap Scan on sbtest2  (cost=5.53..428.75 rows=107 width=125)
	  Recheck Cond: ((k >= 2223803) AND (k <= 2223903))
	  ->  Bitmap Index Scan on k_2  (cost=0.00..5.50 rows=107 width=0)
	        Index Cond: ((k >= 2223803) AND (k <= 2223903))

table 3 : explain SELECT k, c FROM sbtest3 WHERE k BETWEEN 2223803 AND 2223903
	Bitmap Heap Scan on sbtest3  (cost=5.55..436.62 rows=109 width=125)
	  Recheck Cond: ((k >= 2223803) AND (k <= 2223903))
	  ->  Bitmap Index Scan on k_3  (cost=0.00..5.52 rows=109 width=0)
	        Index Cond: ((k >= 2223803) AND (k <= 2223903))

table 4 : explain SELECT k, c FROM sbtest4 WHERE k BETWEEN 2223803 AND 2223903
	Bitmap Heap Scan on sbtest4  (cost=5.43..389.37 rows=97 width=125)
	  Recheck Cond: ((k >= 2223803) AND (k <= 2223903))
	  ->  Bitmap Index Scan on k_4  (cost=0.00..5.40 rows=97 width=0)
	        Index Cond: ((k >= 2223803) AND (k <= 2223903))

table 5 : explain SELECT k, c FROM sbtest5 WHERE k BETWEEN 2223803 AND 2223903
	Bitmap Heap Scan on sbtest5  (cost=5.55..436.62 rows=109 width=125)
	  Recheck Cond: ((k >= 2223803) AND (k <= 2223903))
	  ->  Bitmap Index Scan on k_5  (cost=0.00..5.52 rows=109 width=0)
	        Index Cond: ((k >= 2223803) AND (k <= 2223903))

table 6 : explain SELECT k, c FROM sbtest6 WHERE k BETWEEN 2223803 AND 2223903
	Bitmap Heap Scan on sbtest6  (cost=5.49..413.00 rows=103 width=125)
	  Recheck Cond: ((k >= 2223803) AND (k <= 2223903))
	  ->  Bitmap Index Scan on k_6  (cost=0.00..5.46 rows=103 width=0)
	        Index Cond: ((k >= 2223803) AND (k <= 2223903))

table 7 : explain SELECT k, c FROM sbtest7 WHERE k BETWEEN 2223803 AND 2223903
	Bitmap Heap Scan on sbtest7  (cost=5.47..405.13 rows=101 width=125)
	  Recheck Cond: ((k >= 2223803) AND (k <= 2223903))
	  ->  Bitmap Index Scan on k_7  (cost=0.00..5.44 rows=101 width=0)
	        Index Cond: ((k >= 2223803) AND (k <= 2223903))

table 8 : explain SELECT k, c FROM sbtest8 WHERE k BETWEEN 2223803 AND 2223903
	Bitmap Heap Scan on sbtest8  (cost=5.54..432.69 rows=108 width=125)
	  Recheck Cond: ((k >= 2223803) AND (k <= 2223903))
	  ->  Bitmap Index Scan on k_8  (cost=0.00..5.51 rows=108 width=0)
	        Index Cond: ((k >= 2223803) AND (k <= 2223903))

for range-notcovered
table 1 : explain SELECT k, c FROM sbtest1 WHERE k BETWEEN 2045916 AND 2046016
	Bitmap Heap Scan on sbtest1  (cost=5.52..424.81 rows=106 width=125)
	  Recheck Cond: ((k >= 2045916) AND (k <= 2046016))
	  ->  Bitmap Index Scan on k_1  (cost=0.00..5.50 rows=106 width=0)
	        Index Cond: ((k >= 2045916) AND (k <= 2046016))

table 2 : explain SELECT k, c FROM sbtest2 WHERE k BETWEEN 2045916 AND 2046016
	Bitmap Heap Scan on sbtest2  (cost=5.56..440.56 rows=110 width=125)
	  Recheck Cond: ((k >= 2045916) AND (k <= 2046016))
	  ->  Bitmap Index Scan on k_2  (cost=0.00..5.53 rows=110 width=0)
	        Index Cond: ((k >= 2045916) AND (k <= 2046016))

table 3 : explain SELECT k, c FROM sbtest3 WHERE k BETWEEN 2045916 AND 2046016
	Bitmap Heap Scan on sbtest3  (cost=5.54..432.69 rows=108 width=125)
	  Recheck Cond: ((k >= 2045916) AND (k <= 2046016))
	  ->  Bitmap Index Scan on k_3  (cost=0.00..5.51 rows=108 width=0)
	        Index Cond: ((k >= 2045916) AND (k <= 2046016))

table 4 : explain SELECT k, c FROM sbtest4 WHERE k BETWEEN 2045916 AND 2046016
	Bitmap Heap Scan on sbtest4  (cost=5.55..436.62 rows=109 width=125)
	  Recheck Cond: ((k >= 2045916) AND (k <= 2046016))
	  ->  Bitmap Index Scan on k_4  (cost=0.00..5.52 rows=109 width=0)
	        Index Cond: ((k >= 2045916) AND (k <= 2046016))

table 5 : explain SELECT k, c FROM sbtest5 WHERE k BETWEEN 2045916 AND 2046016
	Bitmap Heap Scan on sbtest5  (cost=5.52..424.81 rows=106 width=125)
	  Recheck Cond: ((k >= 2045916) AND (k <= 2046016))
	  ->  Bitmap Index Scan on k_5  (cost=0.00..5.50 rows=106 width=0)
	        Index Cond: ((k >= 2045916) AND (k <= 2046016))

table 6 : explain SELECT k, c FROM sbtest6 WHERE k BETWEEN 2045916 AND 2046016
	Bitmap Heap Scan on sbtest6  (cost=5.54..432.69 rows=108 width=125)
	  Recheck Cond: ((k >= 2045916) AND (k <= 2046016))
	  ->  Bitmap Index Scan on k_6  (cost=0.00..5.51 rows=108 width=0)
	        Index Cond: ((k >= 2045916) AND (k <= 2046016))

table 7 : explain SELECT k, c FROM sbtest7 WHERE k BETWEEN 2045916 AND 2046016
	Bitmap Heap Scan on sbtest7  (cost=5.45..397.25 rows=99 width=125)
	  Recheck Cond: ((k >= 2045916) AND (k <= 2046016))
	  ->  Bitmap Index Scan on k_7  (cost=0.00..5.42 rows=99 width=0)
	        Index Cond: ((k >= 2045916) AND (k <= 2046016))

table 8 : explain SELECT k, c FROM sbtest8 WHERE k BETWEEN 2045916 AND 2046016
	Bitmap Heap Scan on sbtest8  (cost=5.41..381.49 rows=95 width=125)
	  Recheck Cond: ((k >= 2045916) AND (k <= 2046016))
	  ->  Bitmap Index Scan on k_8  (cost=0.00..5.38 rows=95 width=0)
	        Index Cond: ((k >= 2045916) AND (k <= 2046016))

explain: for range-notcovered :: explain SELECT k, c FROM sbtest%d WHERE k BETWEEN 3769934 AND 3770034
explain: for range-notcovered :: explain SELECT k, c FROM sbtest%d WHERE k BETWEEN 2045916 AND 2046016
for range-notcovered
table 1 : explain SELECT k, c FROM sbtest1 WHERE k BETWEEN 8015230 AND 8015330
	Bitmap Heap Scan on sbtest1  (cost=5.60..456.29 rows=114 width=125)
	  Recheck Cond: ((k >= 8015230) AND (k <= 8015330))
	  ->  Bitmap Index Scan on k_1  (cost=0.00..5.58 rows=114 width=0)
	        Index Cond: ((k >= 8015230) AND (k <= 8015330))

table 2 : explain SELECT k, c FROM sbtest2 WHERE k BETWEEN 8015230 AND 8015330
	Bitmap Heap Scan on sbtest2  (cost=5.54..432.69 rows=108 width=125)
	  Recheck Cond: ((k >= 8015230) AND (k <= 8015330))
	  ->  Bitmap Index Scan on k_2  (cost=0.00..5.51 rows=108 width=0)
	        Index Cond: ((k >= 8015230) AND (k <= 8015330))

table 3 : explain SELECT k, c FROM sbtest3 WHERE k BETWEEN 8015230 AND 8015330
	Bitmap Heap Scan on sbtest3  (cost=5.47..405.13 rows=101 width=125)
	  Recheck Cond: ((k >= 8015230) AND (k <= 8015330))
	  ->  Bitmap Index Scan on k_3  (cost=0.00..5.44 rows=101 width=0)
	        Index Cond: ((k >= 8015230) AND (k <= 8015330))

table 4 : explain SELECT k, c FROM sbtest4 WHERE k BETWEEN 8015230 AND 8015330
	Bitmap Heap Scan on sbtest4  (cost=5.52..424.81 rows=106 width=125)
	  Recheck Cond: ((k >= 8015230) AND (k <= 8015330))
	  ->  Bitmap Index Scan on k_4  (cost=0.00..5.50 rows=106 width=0)
	        Index Cond: ((k >= 8015230) AND (k <= 8015330))

table 5 : explain SELECT k, c FROM sbtest5 WHERE k BETWEEN 8015230 AND 8015330
	Bitmap Heap Scan on sbtest5  (cost=5.36..361.78 rows=90 width=125)
	  Recheck Cond: ((k >= 8015230) AND (k <= 8015330))
	  ->  Bitmap Index Scan on k_5  (cost=0.00..5.33 rows=90 width=0)
	        Index Cond: ((k >= 8015230) AND (k <= 8015330))

table 6 : explain SELECT k, c FROM sbtest6 WHERE k BETWEEN 8015230 AND 8015330
	Bitmap Heap Scan on sbtest6  (cost=5.48..409.07 rows=102 width=125)
	  Recheck Cond: ((k >= 8015230) AND (k <= 8015330))
	  ->  Bitmap Index Scan on k_6  (cost=0.00..5.45 rows=102 width=0)
	        Index Cond: ((k >= 8015230) AND (k <= 8015330))

table 7 : explain SELECT k, c FROM sbtest7 WHERE k BETWEEN 8015230 AND 8015330
	Bitmap Heap Scan on sbtest7  (cost=5.55..436.62 rows=109 width=125)
	  Recheck Cond: ((k >= 8015230) AND (k <= 8015330))
	  ->  Bitmap Index Scan on k_7  (cost=0.00..5.52 rows=109 width=0)
	        Index Cond: ((k >= 8015230) AND (k <= 8015330))

table 8 : explain SELECT k, c FROM sbtest8 WHERE k BETWEEN 8015230 AND 8015330
	Bitmap Heap Scan on sbtest8  (cost=5.43..389.37 rows=97 width=125)
	  Recheck Cond: ((k >= 8015230) AND (k <= 8015330))
	  ->  Bitmap Index Scan on k_8  (cost=0.00..5.40 rows=97 width=0)
	        Index Cond: ((k >= 8015230) AND (k <= 8015330))

explain: for range-notcovered :: explain SELECT k, c FROM sbtest%d WHERE k BETWEEN 8015230 AND 8015330
explain: for range-notcovered :: explain SELECT k, c FROM sbtest%d WHERE k BETWEEN 4849738 AND 4849838
explain: for range-notcovered :: explain SELECT k, c FROM sbtest%d WHERE k BETWEEN 1661287 AND 1661387
for range-notcovered
table 1 : explain SELECT k, c FROM sbtest1 WHERE k BETWEEN 2045916 AND 2046016
	Bitmap Heap Scan on sbtest1  (cost=5.52..424.81 rows=106 width=125)
	  Recheck Cond: ((k >= 2045916) AND (k <= 2046016))
	  ->  Bitmap Index Scan on k_1  (cost=0.00..5.50 rows=106 width=0)
	        Index Cond: ((k >= 2045916) AND (k <= 2046016))

table 2 : explain SELECT k, c FROM sbtest2 WHERE k BETWEEN 2045916 AND 2046016
	Bitmap Heap Scan on sbtest2  (cost=5.56..440.56 rows=110 width=125)
	  Recheck Cond: ((k >= 2045916) AND (k <= 2046016))
	  ->  Bitmap Index Scan on k_2  (cost=0.00..5.53 rows=110 width=0)
	        Index Cond: ((k >= 2045916) AND (k <= 2046016))

table 3 : explain SELECT k, c FROM sbtest3 WHERE k BETWEEN 2045916 AND 2046016
	Bitmap Heap Scan on sbtest3  (cost=5.54..432.69 rows=108 width=125)
	  Recheck Cond: ((k >= 2045916) AND (k <= 2046016))
	  ->  Bitmap Index Scan on k_3  (cost=0.00..5.51 rows=108 width=0)
	        Index Cond: ((k >= 2045916) AND (k <= 2046016))

table 4 : explain SELECT k, c FROM sbtest4 WHERE k BETWEEN 2045916 AND 2046016
	Bitmap Heap Scan on sbtest4  (cost=5.55..436.62 rows=109 width=125)
	  Recheck Cond: ((k >= 2045916) AND (k <= 2046016))
	  ->  Bitmap Index Scan on k_4  (cost=0.00..5.52 rows=109 width=0)
	        Index Cond: ((k >= 2045916) AND (k <= 2046016))

table 5 : explain SELECT k, c FROM sbtest5 WHERE k BETWEEN 2045916 AND 2046016
	Bitmap Heap Scan on sbtest5  (cost=5.52..424.81 rows=106 width=125)
	  Recheck Cond: ((k >= 2045916) AND (k <= 2046016))
	  ->  Bitmap Index Scan on k_5  (cost=0.00..5.50 rows=106 width=0)
	        Index Cond: ((k >= 2045916) AND (k <= 2046016))

table 6 : explain SELECT k, c FROM sbtest6 WHERE k BETWEEN 2045916 AND 2046016
	Bitmap Heap Scan on sbtest6  (cost=5.54..432.69 rows=108 width=125)
	  Recheck Cond: ((k >= 2045916) AND (k <= 2046016))
	  ->  Bitmap Index Scan on k_6  (cost=0.00..5.51 rows=108 width=0)
	        Index Cond: ((k >= 2045916) AND (k <= 2046016))

table 7 : explain SELECT k, c FROM sbtest7 WHERE k BETWEEN 2045916 AND 2046016
	Bitmap Heap Scan on sbtest7  (cost=5.45..397.25 rows=99 width=125)
	  Recheck Cond: ((k >= 2045916) AND (k <= 2046016))
	  ->  Bitmap Index Scan on k_7  (cost=0.00..5.42 rows=99 width=0)
	        Index Cond: ((k >= 2045916) AND (k <= 2046016))

table 8 : explain SELECT k, c FROM sbtest8 WHERE k BETWEEN 2045916 AND 2046016
	Bitmap Heap Scan on sbtest8  (cost=5.41..381.49 rows=95 width=125)
	  Recheck Cond: ((k >= 2045916) AND (k <= 2046016))
	  ->  Bitmap Index Scan on k_8  (cost=0.00..5.38 rows=95 width=0)
	        Index Cond: ((k >= 2045916) AND (k <= 2046016))

explain: for range-notcovered :: explain SELECT k, c FROM sbtest%d WHERE k BETWEEN 2045916 AND 2046016
for range-notcovered
table 1 : explain SELECT k, c FROM sbtest1 WHERE k BETWEEN 4849738 AND 4849838
	Bitmap Heap Scan on sbtest1  (cost=5.50..416.94 rows=104 width=125)
	  Recheck Cond: ((k >= 4849738) AND (k <= 4849838))
	  ->  Bitmap Index Scan on k_1  (cost=0.00..5.47 rows=104 width=0)
	        Index Cond: ((k >= 4849738) AND (k <= 4849838))

table 2 : explain SELECT k, c FROM sbtest2 WHERE k BETWEEN 4849738 AND 4849838
	Bitmap Heap Scan on sbtest2  (cost=5.47..405.13 rows=101 width=125)
	  Recheck Cond: ((k >= 4849738) AND (k <= 4849838))
	  ->  Bitmap Index Scan on k_2  (cost=0.00..5.44 rows=101 width=0)
	        Index Cond: ((k >= 4849738) AND (k <= 4849838))

table 3 : explain SELECT k, c FROM sbtest3 WHERE k BETWEEN 4849738 AND 4849838
	Bitmap Heap Scan on sbtest3  (cost=5.43..389.37 rows=97 width=125)
	  Recheck Cond: ((k >= 4849738) AND (k <= 4849838))
	  ->  Bitmap Index Scan on k_3  (cost=0.00..5.40 rows=97 width=0)
	        Index Cond: ((k >= 4849738) AND (k <= 4849838))

table 4 : explain SELECT k, c FROM sbtest4 WHERE k BETWEEN 4849738 AND 4849838
	Bitmap Heap Scan on sbtest4  (cost=5.42..385.43 rows=96 width=125)
	  Recheck Cond: ((k >= 4849738) AND (k <= 4849838))
	  ->  Bitmap Index Scan on k_4  (cost=0.00..5.39 rows=96 width=0)
	        Index Cond: ((k >= 4849738) AND (k <= 4849838))

table 5 : explain SELECT k, c FROM sbtest5 WHERE k BETWEEN 4849738 AND 4849838
	Bitmap Heap Scan on sbtest5  (cost=5.56..440.56 rows=110 width=125)
	  Recheck Cond: ((k >= 4849738) AND (k <= 4849838))
	  ->  Bitmap Index Scan on k_5  (cost=0.00..5.53 rows=110 width=0)
	        Index Cond: ((k >= 4849738) AND (k <= 4849838))

table 6 : explain SELECT k, c FROM sbtest6 WHERE k BETWEEN 4849738 AND 4849838
	Bitmap Heap Scan on sbtest6  (cost=5.57..444.49 rows=111 width=125)
	  Recheck Cond: ((k >= 4849738) AND (k <= 4849838))
	  ->  Bitmap Index Scan on k_6  (cost=0.00..5.54 rows=111 width=0)
	        Index Cond: ((k >= 4849738) AND (k <= 4849838))

table 7 : explain SELECT k, c FROM sbtest7 WHERE k BETWEEN 4849738 AND 4849838
	Bitmap Heap Scan on sbtest7  (cost=5.49..413.00 rows=103 width=125)
	  Recheck Cond: ((k >= 4849738) AND (k <= 4849838))
	  ->  Bitmap Index Scan on k_7  (cost=0.00..5.46 rows=103 width=0)
	        Index Cond: ((k >= 4849738) AND (k <= 4849838))

table 8 : explain SELECT k, c FROM sbtest8 WHERE k BETWEEN 4849738 AND 4849838
	Bitmap Heap Scan on sbtest8  (cost=5.45..397.25 rows=99 width=125)
	  Recheck Cond: ((k >= 4849738) AND (k <= 4849838))
	  ->  Bitmap Index Scan on k_8  (cost=0.00..5.42 rows=99 width=0)
	        Index Cond: ((k >= 4849738) AND (k <= 4849838))

explain: for range-notcovered :: explain SELECT k, c FROM sbtest%d WHERE k BETWEEN 4849738 AND 4849838
for range-notcovered
table 1 : explain SELECT k, c FROM sbtest1 WHERE k BETWEEN 3769934 AND 3770034
	Bitmap Heap Scan on sbtest1  (cost=5.56..440.56 rows=110 width=125)
	  Recheck Cond: ((k >= 3769934) AND (k <= 3770034))
	  ->  Bitmap Index Scan on k_1  (cost=0.00..5.53 rows=110 width=0)
	        Index Cond: ((k >= 3769934) AND (k <= 3770034))

table 2 : explain SELECT k, c FROM sbtest2 WHERE k BETWEEN 3769934 AND 3770034
	Bitmap Heap Scan on sbtest2  (cost=5.53..428.75 rows=107 width=125)
	  Recheck Cond: ((k >= 3769934) AND (k <= 3770034))
	  ->  Bitmap Index Scan on k_2  (cost=0.00..5.50 rows=107 width=0)
	        Index Cond: ((k >= 3769934) AND (k <= 3770034))

table 3 : explain SELECT k, c FROM sbtest3 WHERE k BETWEEN 3769934 AND 3770034
	Bitmap Heap Scan on sbtest3  (cost=5.42..385.43 rows=96 width=125)
	  Recheck Cond: ((k >= 3769934) AND (k <= 3770034))
	  ->  Bitmap Index Scan on k_3  (cost=0.00..5.39 rows=96 width=0)
	        Index Cond: ((k >= 3769934) AND (k <= 3770034))

table 4 : explain SELECT k, c FROM sbtest4 WHERE k BETWEEN 3769934 AND 3770034
	Bitmap Heap Scan on sbtest4  (cost=5.43..389.37 rows=97 width=125)
	  Recheck Cond: ((k >= 3769934) AND (k <= 3770034))
	  ->  Bitmap Index Scan on k_4  (cost=0.00..5.40 rows=97 width=0)
	        Index Cond: ((k >= 3769934) AND (k <= 3770034))

table 5 : explain SELECT k, c FROM sbtest5 WHERE k BETWEEN 3769934 AND 3770034
	Bitmap Heap Scan on sbtest5  (cost=5.44..393.31 rows=98 width=125)
	  Recheck Cond: ((k >= 3769934) AND (k <= 3770034))
	  ->  Bitmap Index Scan on k_5  (cost=0.00..5.42 rows=98 width=0)
	        Index Cond: ((k >= 3769934) AND (k <= 3770034))

table 6 : explain SELECT k, c FROM sbtest6 WHERE k BETWEEN 3769934 AND 3770034
	Bitmap Heap Scan on sbtest6  (cost=5.55..436.62 rows=109 width=125)
	  Recheck Cond: ((k >= 3769934) AND (k <= 3770034))
	  ->  Bitmap Index Scan on k_6  (cost=0.00..5.52 rows=109 width=0)
	        Index Cond: ((k >= 3769934) AND (k <= 3770034))

table 7 : explain SELECT k, c FROM sbtest7 WHERE k BETWEEN 3769934 AND 3770034
	Bitmap Heap Scan on sbtest7  (cost=5.45..397.25 rows=99 width=125)
	  Recheck Cond: ((k >= 3769934) AND (k <= 3770034))
	  ->  Bitmap Index Scan on k_7  (cost=0.00..5.42 rows=99 width=0)
	        Index Cond: ((k >= 3769934) AND (k <= 3770034))

table 8 : explain SELECT k, c FROM sbtest8 WHERE k BETWEEN 3769934 AND 3770034
	Bitmap Heap Scan on sbtest8  (cost=5.54..432.69 rows=108 width=125)
	  Recheck Cond: ((k >= 3769934) AND (k <= 3770034))
	  ->  Bitmap Index Scan on k_8  (cost=0.00..5.51 rows=108 width=0)
	        Index Cond: ((k >= 3769934) AND (k <= 3770034))

for range-notcovered
table 1 : explain SELECT k, c FROM sbtest1 WHERE k BETWEEN 1661287 AND 1661387
	Bitmap Heap Scan on sbtest1  (cost=5.41..381.49 rows=95 width=125)
	  Recheck Cond: ((k >= 1661287) AND (k <= 1661387))
	  ->  Bitmap Index Scan on k_1  (cost=0.00..5.38 rows=95 width=0)
	        Index Cond: ((k >= 1661287) AND (k <= 1661387))

table 2 : explain SELECT k, c FROM sbtest2 WHERE k BETWEEN 1661287 AND 1661387
	Bitmap Heap Scan on sbtest2  (cost=5.49..413.00 rows=103 width=125)
	  Recheck Cond: ((k >= 1661287) AND (k <= 1661387))
	  ->  Bitmap Index Scan on k_2  (cost=0.00..5.46 rows=103 width=0)
	        Index Cond: ((k >= 1661287) AND (k <= 1661387))

table 3 : explain SELECT k, c FROM sbtest3 WHERE k BETWEEN 1661287 AND 1661387
	Bitmap Heap Scan on sbtest3  (cost=5.34..353.89 rows=88 width=125)
	  Recheck Cond: ((k >= 1661287) AND (k <= 1661387))
	  ->  Bitmap Index Scan on k_3  (cost=0.00..5.31 rows=88 width=0)
	        Index Cond: ((k >= 1661287) AND (k <= 1661387))

table 4 : explain SELECT k, c FROM sbtest4 WHERE k BETWEEN 1661287 AND 1661387
	Bitmap Heap Scan on sbtest4  (cost=5.48..409.07 rows=102 width=125)
	  Recheck Cond: ((k >= 1661287) AND (k <= 1661387))
	  ->  Bitmap Index Scan on k_4  (cost=0.00..5.45 rows=102 width=0)
	        Index Cond: ((k >= 1661287) AND (k <= 1661387))

table 5 : explain SELECT k, c FROM sbtest5 WHERE k BETWEEN 1661287 AND 1661387
	Bitmap Heap Scan on sbtest5  (cost=5.36..361.78 rows=90 width=125)
	  Recheck Cond: ((k >= 1661287) AND (k <= 1661387))
	  ->  Bitmap Index Scan on k_5  (cost=0.00..5.33 rows=90 width=0)
	        Index Cond: ((k >= 1661287) AND (k <= 1661387))

table 6 : explain SELECT k, c FROM sbtest6 WHERE k BETWEEN 1661287 AND 1661387
	Bitmap Heap Scan on sbtest6  (cost=5.54..432.69 rows=108 width=125)
	  Recheck Cond: ((k >= 1661287) AND (k <= 1661387))
	  ->  Bitmap Index Scan on k_6  (cost=0.00..5.51 rows=108 width=0)
	        Index Cond: ((k >= 1661287) AND (k <= 1661387))

table 7 : explain SELECT k, c FROM sbtest7 WHERE k BETWEEN 1661287 AND 1661387
	Bitmap Heap Scan on sbtest7  (cost=5.61..460.22 rows=115 width=125)
	  Recheck Cond: ((k >= 1661287) AND (k <= 1661387))
	  ->  Bitmap Index Scan on k_7  (cost=0.00..5.58 rows=115 width=0)
	        Index Cond: ((k >= 1661287) AND (k <= 1661387))

table 8 : explain SELECT k, c FROM sbtest8 WHERE k BETWEEN 1661287 AND 1661387
	Bitmap Heap Scan on sbtest8  (cost=5.56..440.56 rows=110 width=125)
	  Recheck Cond: ((k >= 1661287) AND (k <= 1661387))
	  ->  Bitmap Index Scan on k_8  (cost=0.00..5.53 rows=110 width=0)
	        Index Cond: ((k >= 1661287) AND (k <= 1661387))

explain: for range-notcovered :: explain SELECT k, c FROM sbtest%d WHERE k BETWEEN 1661287 AND 1661387
explain: for range-notcovered :: explain SELECT k, c FROM sbtest%d WHERE k BETWEEN 3769934 AND 3770034
for range-notcovered
table 1 : explain SELECT k, c FROM sbtest1 WHERE k BETWEEN 2045916 AND 2046016
	Bitmap Heap Scan on sbtest1  (cost=5.52..424.81 rows=106 width=125)
	  Recheck Cond: ((k >= 2045916) AND (k <= 2046016))
	  ->  Bitmap Index Scan on k_1  (cost=0.00..5.50 rows=106 width=0)
	        Index Cond: ((k >= 2045916) AND (k <= 2046016))

table 2 : explain SELECT k, c FROM sbtest2 WHERE k BETWEEN 2045916 AND 2046016
	Bitmap Heap Scan on sbtest2  (cost=5.56..440.56 rows=110 width=125)
	  Recheck Cond: ((k >= 2045916) AND (k <= 2046016))
	  ->  Bitmap Index Scan on k_2  (cost=0.00..5.53 rows=110 width=0)
	        Index Cond: ((k >= 2045916) AND (k <= 2046016))

table 3 : explain SELECT k, c FROM sbtest3 WHERE k BETWEEN 2045916 AND 2046016
	Bitmap Heap Scan on sbtest3  (cost=5.54..432.69 rows=108 width=125)
	  Recheck Cond: ((k >= 2045916) AND (k <= 2046016))
	  ->  Bitmap Index Scan on k_3  (cost=0.00..5.51 rows=108 width=0)
	        Index Cond: ((k >= 2045916) AND (k <= 2046016))

table 4 : explain SELECT k, c FROM sbtest4 WHERE k BETWEEN 2045916 AND 2046016
	Bitmap Heap Scan on sbtest4  (cost=5.55..436.62 rows=109 width=125)
	  Recheck Cond: ((k >= 2045916) AND (k <= 2046016))
	  ->  Bitmap Index Scan on k_4  (cost=0.00..5.52 rows=109 width=0)
	        Index Cond: ((k >= 2045916) AND (k <= 2046016))

table 5 : explain SELECT k, c FROM sbtest5 WHERE k BETWEEN 2045916 AND 2046016
	Bitmap Heap Scan on sbtest5  (cost=5.52..424.81 rows=106 width=125)
	  Recheck Cond: ((k >= 2045916) AND (k <= 2046016))
	  ->  Bitmap Index Scan on k_5  (cost=0.00..5.50 rows=106 width=0)
	        Index Cond: ((k >= 2045916) AND (k <= 2046016))

table 6 : explain SELECT k, c FROM sbtest6 WHERE k BETWEEN 2045916 AND 2046016
	Bitmap Heap Scan on sbtest6  (cost=5.54..432.69 rows=108 width=125)
	  Recheck Cond: ((k >= 2045916) AND (k <= 2046016))
	  ->  Bitmap Index Scan on k_6  (cost=0.00..5.51 rows=108 width=0)
	        Index Cond: ((k >= 2045916) AND (k <= 2046016))

table 7 : explain SELECT k, c FROM sbtest7 WHERE k BETWEEN 2045916 AND 2046016
	Bitmap Heap Scan on sbtest7  (cost=5.45..397.25 rows=99 width=125)
	  Recheck Cond: ((k >= 2045916) AND (k <= 2046016))
	  ->  Bitmap Index Scan on k_7  (cost=0.00..5.42 rows=99 width=0)
	        Index Cond: ((k >= 2045916) AND (k <= 2046016))

table 8 : explain SELECT k, c FROM sbtest8 WHERE k BETWEEN 2045916 AND 2046016
	Bitmap Heap Scan on sbtest8  (cost=5.41..381.49 rows=95 width=125)
	  Recheck Cond: ((k >= 2045916) AND (k <= 2046016))
	  ->  Bitmap Index Scan on k_8  (cost=0.00..5.38 rows=95 width=0)
	        Index Cond: ((k >= 2045916) AND (k <= 2046016))

for range-notcovered
table 1 : explain SELECT k, c FROM sbtest1 WHERE k BETWEEN 3203192 AND 3203292
	Bitmap Heap Scan on sbtest1  (cost=5.50..416.94 rows=104 width=125)
	  Recheck Cond: ((k >= 3203192) AND (k <= 3203292))
	  ->  Bitmap Index Scan on k_1  (cost=0.00..5.47 rows=104 width=0)
	        Index Cond: ((k >= 3203192) AND (k <= 3203292))

table 2 : explain SELECT k, c FROM sbtest2 WHERE k BETWEEN 3203192 AND 3203292
	Bitmap Heap Scan on sbtest2  (cost=5.49..413.00 rows=103 width=125)
	  Recheck Cond: ((k >= 3203192) AND (k <= 3203292))
	  ->  Bitmap Index Scan on k_2  (cost=0.00..5.46 rows=103 width=0)
	        Index Cond: ((k >= 3203192) AND (k <= 3203292))

table 3 : explain SELECT k, c FROM sbtest3 WHERE k BETWEEN 3203192 AND 3203292
	Bitmap Heap Scan on sbtest3  (cost=5.40..377.55 rows=94 width=125)
	  Recheck Cond: ((k >= 3203192) AND (k <= 3203292))
	  ->  Bitmap Index Scan on k_3  (cost=0.00..5.38 rows=94 width=0)
	        Index Cond: ((k >= 3203192) AND (k <= 3203292))

table 4 : explain SELECT k, c FROM sbtest4 WHERE k BETWEEN 3203192 AND 3203292
	Bitmap Heap Scan on sbtest4  (cost=5.48..409.07 rows=102 width=125)
	  Recheck Cond: ((k >= 3203192) AND (k <= 3203292))
	  ->  Bitmap Index Scan on k_4  (cost=0.00..5.45 rows=102 width=0)
	        Index Cond: ((k >= 3203192) AND (k <= 3203292))

table 5 : explain SELECT k, c FROM sbtest5 WHERE k BETWEEN 3203192 AND 3203292
	Bitmap Heap Scan on sbtest5  (cost=5.47..405.13 rows=101 width=125)
	  Recheck Cond: ((k >= 3203192) AND (k <= 3203292))
	  ->  Bitmap Index Scan on k_5  (cost=0.00..5.44 rows=101 width=0)
	        Index Cond: ((k >= 3203192) AND (k <= 3203292))

table 6 : explain SELECT k, c FROM sbtest6 WHERE k BETWEEN 3203192 AND 3203292
	Bitmap Heap Scan on sbtest6  (cost=5.49..413.00 rows=103 width=125)
	  Recheck Cond: ((k >= 3203192) AND (k <= 3203292))
	  ->  Bitmap Index Scan on k_6  (cost=0.00..5.46 rows=103 width=0)
	        Index Cond: ((k >= 3203192) AND (k <= 3203292))

table 7 : explain SELECT k, c FROM sbtest7 WHERE k BETWEEN 3203192 AND 3203292
	Bitmap Heap Scan on sbtest7  (cost=5.50..416.94 rows=104 width=125)
	  Recheck Cond: ((k >= 3203192) AND (k <= 3203292))
	  ->  Bitmap Index Scan on k_7  (cost=0.00..5.47 rows=104 width=0)
	        Index Cond: ((k >= 3203192) AND (k <= 3203292))

table 8 : explain SELECT k, c FROM sbtest8 WHERE k BETWEEN 3203192 AND 3203292
	Bitmap Heap Scan on sbtest8  (cost=5.57..444.49 rows=111 width=125)
	  Recheck Cond: ((k >= 3203192) AND (k <= 3203292))
	  ->  Bitmap Index Scan on k_8  (cost=0.00..5.54 rows=111 width=0)
	        Index Cond: ((k >= 3203192) AND (k <= 3203292))

explain: for range-notcovered :: explain SELECT k, c FROM sbtest%d WHERE k BETWEEN 2223803 AND 2223903
explain: for range-notcovered :: explain SELECT k, c FROM sbtest%d WHERE k BETWEEN 3203192 AND 3203292
for range-notcovered
table 1 : explain SELECT k, c FROM sbtest1 WHERE k BETWEEN 5715599 AND 5715699
	Bitmap Heap Scan on sbtest1  (cost=5.43..389.37 rows=97 width=125)
	  Recheck Cond: ((k >= 5715599) AND (k <= 5715699))
	  ->  Bitmap Index Scan on k_1  (cost=0.00..5.40 rows=97 width=0)
	        Index Cond: ((k >= 5715599) AND (k <= 5715699))

table 2 : explain SELECT k, c FROM sbtest2 WHERE k BETWEEN 5715599 AND 5715699
	Bitmap Heap Scan on sbtest2  (cost=5.53..428.75 rows=107 width=125)
	  Recheck Cond: ((k >= 5715599) AND (k <= 5715699))
	  ->  Bitmap Index Scan on k_2  (cost=0.00..5.50 rows=107 width=0)
	        Index Cond: ((k >= 5715599) AND (k <= 5715699))

table 3 : explain SELECT k, c FROM sbtest3 WHERE k BETWEEN 5715599 AND 5715699
	Bitmap Heap Scan on sbtest3  (cost=5.53..428.75 rows=107 width=125)
	  Recheck Cond: ((k >= 5715599) AND (k <= 5715699))
	  ->  Bitmap Index Scan on k_3  (cost=0.00..5.50 rows=107 width=0)
	        Index Cond: ((k >= 5715599) AND (k <= 5715699))

table 4 : explain SELECT k, c FROM sbtest4 WHERE k BETWEEN 5715599 AND 5715699
	Bitmap Heap Scan on sbtest4  (cost=5.54..432.69 rows=108 width=125)
	  Recheck Cond: ((k >= 5715599) AND (k <= 5715699))
	  ->  Bitmap Index Scan on k_4  (cost=0.00..5.51 rows=108 width=0)
	        Index Cond: ((k >= 5715599) AND (k <= 5715699))

table 5 : explain SELECT k, c FROM sbtest5 WHERE k BETWEEN 5715599 AND 5715699
	Bitmap Heap Scan on sbtest5  (cost=5.51..420.88 rows=105 width=125)
	  Recheck Cond: ((k >= 5715599) AND (k <= 5715699))
	  ->  Bitmap Index Scan on k_5  (cost=0.00..5.48 rows=105 width=0)
	        Index Cond: ((k >= 5715599) AND (k <= 5715699))

table 6 : explain SELECT k, c FROM sbtest6 WHERE k BETWEEN 5715599 AND 5715699
	Bitmap Heap Scan on sbtest6  (cost=5.54..432.69 rows=108 width=125)
	  Recheck Cond: ((k >= 5715599) AND (k <= 5715699))
	  ->  Bitmap Index Scan on k_6  (cost=0.00..5.51 rows=108 width=0)
	        Index Cond: ((k >= 5715599) AND (k <= 5715699))

table 7 : explain SELECT k, c FROM sbtest7 WHERE k BETWEEN 5715599 AND 5715699
	Bitmap Heap Scan on sbtest7  (cost=5.41..381.49 rows=95 width=125)
	  Recheck Cond: ((k >= 5715599) AND (k <= 5715699))
	  ->  Bitmap Index Scan on k_7  (cost=0.00..5.38 rows=95 width=0)
	        Index Cond: ((k >= 5715599) AND (k <= 5715699))

table 8 : explain SELECT k, c FROM sbtest8 WHERE k BETWEEN 5715599 AND 5715699
	Bitmap Heap Scan on sbtest8  (cost=5.55..436.62 rows=109 width=125)
	  Recheck Cond: ((k >= 5715599) AND (k <= 5715699))
	  ->  Bitmap Index Scan on k_8  (cost=0.00..5.52 rows=109 width=0)
	        Index Cond: ((k >= 5715599) AND (k <= 5715699))

explain: for range-notcovered :: explain SELECT k, c FROM sbtest%d WHERE k BETWEEN 3194969 AND 3195069
for range-notcovered
table 1 : explain SELECT k, c FROM sbtest1 WHERE k BETWEEN 4716009 AND 4716109
	Bitmap Heap Scan on sbtest1  (cost=5.49..413.00 rows=103 width=125)
	  Recheck Cond: ((k >= 4716009) AND (k <= 4716109))
	  ->  Bitmap Index Scan on k_1  (cost=0.00..5.46 rows=103 width=0)
	        Index Cond: ((k >= 4716009) AND (k <= 4716109))

table 2 : explain SELECT k, c FROM sbtest2 WHERE k BETWEEN 4716009 AND 4716109
	Bitmap Heap Scan on sbtest2  (cost=5.41..381.49 rows=95 width=125)
	  Recheck Cond: ((k >= 4716009) AND (k <= 4716109))
	  ->  Bitmap Index Scan on k_2  (cost=0.00..5.38 rows=95 width=0)
	        Index Cond: ((k >= 4716009) AND (k <= 4716109))

table 3 : explain SELECT k, c FROM sbtest3 WHERE k BETWEEN 4716009 AND 4716109
	Bitmap Heap Scan on sbtest3  (cost=5.46..401.19 rows=100 width=125)
	  Recheck Cond: ((k >= 4716009) AND (k <= 4716109))
	  ->  Bitmap Index Scan on k_3  (cost=0.00..5.43 rows=100 width=0)
	        Index Cond: ((k >= 4716009) AND (k <= 4716109))

table 4 : explain SELECT k, c FROM sbtest4 WHERE k BETWEEN 4716009 AND 4716109
	Bitmap Heap Scan on sbtest4  (cost=5.48..409.07 rows=102 width=125)
	  Recheck Cond: ((k >= 4716009) AND (k <= 4716109))
	  ->  Bitmap Index Scan on k_4  (cost=0.00..5.45 rows=102 width=0)
	        Index Cond: ((k >= 4716009) AND (k <= 4716109))

table 5 : explain SELECT k, c FROM sbtest5 WHERE k BETWEEN 4716009 AND 4716109
	Bitmap Heap Scan on sbtest5  (cost=5.53..428.75 rows=107 width=125)
	  Recheck Cond: ((k >= 4716009) AND (k <= 4716109))
	  ->  Bitmap Index Scan on k_5  (cost=0.00..5.50 rows=107 width=0)
	        Index Cond: ((k >= 4716009) AND (k <= 4716109))

table 6 : explain SELECT k, c FROM sbtest6 WHERE k BETWEEN 4716009 AND 4716109
	Bitmap Heap Scan on sbtest6  (cost=5.57..444.49 rows=111 width=125)
	  Recheck Cond: ((k >= 4716009) AND (k <= 4716109))
	  ->  Bitmap Index Scan on k_6  (cost=0.00..5.54 rows=111 width=0)
	        Index Cond: ((k >= 4716009) AND (k <= 4716109))

table 7 : explain SELECT k, c FROM sbtest7 WHERE k BETWEEN 4716009 AND 4716109
	Bitmap Heap Scan on sbtest7  (cost=5.45..397.25 rows=99 width=125)
	  Recheck Cond: ((k >= 4716009) AND (k <= 4716109))
	  ->  Bitmap Index Scan on k_7  (cost=0.00..5.42 rows=99 width=0)
	        Index Cond: ((k >= 4716009) AND (k <= 4716109))

table 8 : explain SELECT k, c FROM sbtest8 WHERE k BETWEEN 4716009 AND 4716109
	Bitmap Heap Scan on sbtest8  (cost=5.46..401.19 rows=100 width=125)
	  Recheck Cond: ((k >= 4716009) AND (k <= 4716109))
	  ->  Bitmap Index Scan on k_8  (cost=0.00..5.43 rows=100 width=0)
	        Index Cond: ((k >= 4716009) AND (k <= 4716109))

for range-notcovered
table 1 : explain SELECT k, c FROM sbtest1 WHERE k BETWEEN 3203192 AND 3203292
	Bitmap Heap Scan on sbtest1  (cost=5.50..416.94 rows=104 width=125)
	  Recheck Cond: ((k >= 3203192) AND (k <= 3203292))
	  ->  Bitmap Index Scan on k_1  (cost=0.00..5.47 rows=104 width=0)
	        Index Cond: ((k >= 3203192) AND (k <= 3203292))

table 2 : explain SELECT k, c FROM sbtest2 WHERE k BETWEEN 3203192 AND 3203292
	Bitmap Heap Scan on sbtest2  (cost=5.49..413.00 rows=103 width=125)
	  Recheck Cond: ((k >= 3203192) AND (k <= 3203292))
	  ->  Bitmap Index Scan on k_2  (cost=0.00..5.46 rows=103 width=0)
	        Index Cond: ((k >= 3203192) AND (k <= 3203292))

table 3 : explain SELECT k, c FROM sbtest3 WHERE k BETWEEN 3203192 AND 3203292
	Bitmap Heap Scan on sbtest3  (cost=5.40..377.55 rows=94 width=125)
	  Recheck Cond: ((k >= 3203192) AND (k <= 3203292))
	  ->  Bitmap Index Scan on k_3  (cost=0.00..5.38 rows=94 width=0)
	        Index Cond: ((k >= 3203192) AND (k <= 3203292))

table 4 : explain SELECT k, c FROM sbtest4 WHERE k BETWEEN 3203192 AND 3203292
	Bitmap Heap Scan on sbtest4  (cost=5.48..409.07 rows=102 width=125)
	  Recheck Cond: ((k >= 3203192) AND (k <= 3203292))
	  ->  Bitmap Index Scan on k_4  (cost=0.00..5.45 rows=102 width=0)
	        Index Cond: ((k >= 3203192) AND (k <= 3203292))

table 5 : explain SELECT k, c FROM sbtest5 WHERE k BETWEEN 3203192 AND 3203292
	Bitmap Heap Scan on sbtest5  (cost=5.47..405.13 rows=101 width=125)
	  Recheck Cond: ((k >= 3203192) AND (k <= 3203292))
	  ->  Bitmap Index Scan on k_5  (cost=0.00..5.44 rows=101 width=0)
	        Index Cond: ((k >= 3203192) AND (k <= 3203292))

table 6 : explain SELECT k, c FROM sbtest6 WHERE k BETWEEN 3203192 AND 3203292
	Bitmap Heap Scan on sbtest6  (cost=5.49..413.00 rows=103 width=125)
	  Recheck Cond: ((k >= 3203192) AND (k <= 3203292))
	  ->  Bitmap Index Scan on k_6  (cost=0.00..5.46 rows=103 width=0)
	        Index Cond: ((k >= 3203192) AND (k <= 3203292))

table 7 : explain SELECT k, c FROM sbtest7 WHERE k BETWEEN 3203192 AND 3203292
	Bitmap Heap Scan on sbtest7  (cost=5.50..416.94 rows=104 width=125)
	  Recheck Cond: ((k >= 3203192) AND (k <= 3203292))
	  ->  Bitmap Index Scan on k_7  (cost=0.00..5.47 rows=104 width=0)
	        Index Cond: ((k >= 3203192) AND (k <= 3203292))

table 8 : explain SELECT k, c FROM sbtest8 WHERE k BETWEEN 3203192 AND 3203292
	Bitmap Heap Scan on sbtest8  (cost=5.57..444.49 rows=111 width=125)
	  Recheck Cond: ((k >= 3203192) AND (k <= 3203292))
	  ->  Bitmap Index Scan on k_8  (cost=0.00..5.54 rows=111 width=0)
	        Index Cond: ((k >= 3203192) AND (k <= 3203292))

for range-notcovered
table 1 : explain SELECT k, c FROM sbtest1 WHERE k BETWEEN 8015230 AND 8015330
	Bitmap Heap Scan on sbtest1  (cost=5.60..456.29 rows=114 width=125)
	  Recheck Cond: ((k >= 8015230) AND (k <= 8015330))
	  ->  Bitmap Index Scan on k_1  (cost=0.00..5.58 rows=114 width=0)
	        Index Cond: ((k >= 8015230) AND (k <= 8015330))

table 2 : explain SELECT k, c FROM sbtest2 WHERE k BETWEEN 8015230 AND 8015330
	Bitmap Heap Scan on sbtest2  (cost=5.54..432.69 rows=108 width=125)
	  Recheck Cond: ((k >= 8015230) AND (k <= 8015330))
	  ->  Bitmap Index Scan on k_2  (cost=0.00..5.51 rows=108 width=0)
	        Index Cond: ((k >= 8015230) AND (k <= 8015330))

table 3 : explain SELECT k, c FROM sbtest3 WHERE k BETWEEN 8015230 AND 8015330
	Bitmap Heap Scan on sbtest3  (cost=5.47..405.13 rows=101 width=125)
	  Recheck Cond: ((k >= 8015230) AND (k <= 8015330))
	  ->  Bitmap Index Scan on k_3  (cost=0.00..5.44 rows=101 width=0)
	        Index Cond: ((k >= 8015230) AND (k <= 8015330))

table 4 : explain SELECT k, c FROM sbtest4 WHERE k BETWEEN 8015230 AND 8015330
	Bitmap Heap Scan on sbtest4  (cost=5.52..424.81 rows=106 width=125)
	  Recheck Cond: ((k >= 8015230) AND (k <= 8015330))
	  ->  Bitmap Index Scan on k_4  (cost=0.00..5.50 rows=106 width=0)
	        Index Cond: ((k >= 8015230) AND (k <= 8015330))

table 5 : explain SELECT k, c FROM sbtest5 WHERE k BETWEEN 8015230 AND 8015330
	Bitmap Heap Scan on sbtest5  (cost=5.36..361.78 rows=90 width=125)
	  Recheck Cond: ((k >= 8015230) AND (k <= 8015330))
	  ->  Bitmap Index Scan on k_5  (cost=0.00..5.33 rows=90 width=0)
	        Index Cond: ((k >= 8015230) AND (k <= 8015330))

table 6 : explain SELECT k, c FROM sbtest6 WHERE k BETWEEN 8015230 AND 8015330
	Bitmap Heap Scan on sbtest6  (cost=5.48..409.07 rows=102 width=125)
	  Recheck Cond: ((k >= 8015230) AND (k <= 8015330))
	  ->  Bitmap Index Scan on k_6  (cost=0.00..5.45 rows=102 width=0)
	        Index Cond: ((k >= 8015230) AND (k <= 8015330))

table 7 : explain SELECT k, c FROM sbtest7 WHERE k BETWEEN 8015230 AND 8015330
	Bitmap Heap Scan on sbtest7  (cost=5.55..436.62 rows=109 width=125)
	  Recheck Cond: ((k >= 8015230) AND (k <= 8015330))
	  ->  Bitmap Index Scan on k_7  (cost=0.00..5.52 rows=109 width=0)
	        Index Cond: ((k >= 8015230) AND (k <= 8015330))

table 8 : explain SELECT k, c FROM sbtest8 WHERE k BETWEEN 8015230 AND 8015330
	Bitmap Heap Scan on sbtest8  (cost=5.43..389.37 rows=97 width=125)
	  Recheck Cond: ((k >= 8015230) AND (k <= 8015330))
	  ->  Bitmap Index Scan on k_8  (cost=0.00..5.40 rows=97 width=0)
	        Index Cond: ((k >= 8015230) AND (k <= 8015330))

explain: for range-notcovered :: explain SELECT k, c FROM sbtest%d WHERE k BETWEEN 4716009 AND 4716109
explain: for range-notcovered :: explain SELECT k, c FROM sbtest%d WHERE k BETWEEN 8015230 AND 8015330
explain: for range-notcovered :: explain SELECT k, c FROM sbtest%d WHERE k BETWEEN 3203192 AND 3203292
for range-notcovered
table 1 : explain SELECT k, c FROM sbtest1 WHERE k BETWEEN 4849738 AND 4849838
	Bitmap Heap Scan on sbtest1  (cost=5.50..416.94 rows=104 width=125)
	  Recheck Cond: ((k >= 4849738) AND (k <= 4849838))
	  ->  Bitmap Index Scan on k_1  (cost=0.00..5.47 rows=104 width=0)
	        Index Cond: ((k >= 4849738) AND (k <= 4849838))

table 2 : explain SELECT k, c FROM sbtest2 WHERE k BETWEEN 4849738 AND 4849838
	Bitmap Heap Scan on sbtest2  (cost=5.47..405.13 rows=101 width=125)
	  Recheck Cond: ((k >= 4849738) AND (k <= 4849838))
	  ->  Bitmap Index Scan on k_2  (cost=0.00..5.44 rows=101 width=0)
	        Index Cond: ((k >= 4849738) AND (k <= 4849838))

table 3 : explain SELECT k, c FROM sbtest3 WHERE k BETWEEN 4849738 AND 4849838
	Bitmap Heap Scan on sbtest3  (cost=5.43..389.37 rows=97 width=125)
	  Recheck Cond: ((k >= 4849738) AND (k <= 4849838))
	  ->  Bitmap Index Scan on k_3  (cost=0.00..5.40 rows=97 width=0)
	        Index Cond: ((k >= 4849738) AND (k <= 4849838))

table 4 : explain SELECT k, c FROM sbtest4 WHERE k BETWEEN 4849738 AND 4849838
	Bitmap Heap Scan on sbtest4  (cost=5.42..385.43 rows=96 width=125)
	  Recheck Cond: ((k >= 4849738) AND (k <= 4849838))
	  ->  Bitmap Index Scan on k_4  (cost=0.00..5.39 rows=96 width=0)
	        Index Cond: ((k >= 4849738) AND (k <= 4849838))

table 5 : explain SELECT k, c FROM sbtest5 WHERE k BETWEEN 4849738 AND 4849838
	Bitmap Heap Scan on sbtest5  (cost=5.56..440.56 rows=110 width=125)
	  Recheck Cond: ((k >= 4849738) AND (k <= 4849838))
	  ->  Bitmap Index Scan on k_5  (cost=0.00..5.53 rows=110 width=0)
	        Index Cond: ((k >= 4849738) AND (k <= 4849838))

table 6 : explain SELECT k, c FROM sbtest6 WHERE k BETWEEN 4849738 AND 4849838
	Bitmap Heap Scan on sbtest6  (cost=5.57..444.49 rows=111 width=125)
	  Recheck Cond: ((k >= 4849738) AND (k <= 4849838))
	  ->  Bitmap Index Scan on k_6  (cost=0.00..5.54 rows=111 width=0)
	        Index Cond: ((k >= 4849738) AND (k <= 4849838))

table 7 : explain SELECT k, c FROM sbtest7 WHERE k BETWEEN 4849738 AND 4849838
	Bitmap Heap Scan on sbtest7  (cost=5.49..413.00 rows=103 width=125)
	  Recheck Cond: ((k >= 4849738) AND (k <= 4849838))
	  ->  Bitmap Index Scan on k_7  (cost=0.00..5.46 rows=103 width=0)
	        Index Cond: ((k >= 4849738) AND (k <= 4849838))

table 8 : explain SELECT k, c FROM sbtest8 WHERE k BETWEEN 4849738 AND 4849838
	Bitmap Heap Scan on sbtest8  (cost=5.45..397.25 rows=99 width=125)
	  Recheck Cond: ((k >= 4849738) AND (k <= 4849838))
	  ->  Bitmap Index Scan on k_8  (cost=0.00..5.42 rows=99 width=0)
	        Index Cond: ((k >= 4849738) AND (k <= 4849838))
for range-notcovered
table 1 : explain SELECT k, c FROM sbtest1 WHERE k BETWEEN 1661287 AND 1661387
	Bitmap Heap Scan on sbtest1  (cost=5.41..381.49 rows=95 width=125)
	  Recheck Cond: ((k >= 1661287) AND (k <= 1661387))
	  ->  Bitmap Index Scan on k_1  (cost=0.00..5.38 rows=95 width=0)
	        Index Cond: ((k >= 1661287) AND (k <= 1661387))

table 2 : explain SELECT k, c FROM sbtest2 WHERE k BETWEEN 1661287 AND 1661387
	Bitmap Heap Scan on sbtest2  (cost=5.49..413.00 rows=103 width=125)
	  Recheck Cond: ((k >= 1661287) AND (k <= 1661387))
	  ->  Bitmap Index Scan on k_2  (cost=0.00..5.46 rows=103 width=0)
	        Index Cond: ((k >= 1661287) AND (k <= 1661387))

table 3 : explain SELECT k, c FROM sbtest3 WHERE k BETWEEN 1661287 AND 1661387
	Bitmap Heap Scan on sbtest3  (cost=5.34..353.89 rows=88 width=125)
	  Recheck Cond: ((k >= 1661287) AND (k <= 1661387))
	  ->  Bitmap Index Scan on k_3  (cost=0.00..5.31 rows=88 width=0)
	        Index Cond: ((k >= 1661287) AND (k <= 1661387))

table 4 : explain SELECT k, c FROM sbtest4 WHERE k BETWEEN 1661287 AND 1661387
	Bitmap Heap Scan on sbtest4  (cost=5.48..409.07 rows=102 width=125)
	  Recheck Cond: ((k >= 1661287) AND (k <= 1661387))
	  ->  Bitmap Index Scan on k_4  (cost=0.00..5.45 rows=102 width=0)
	        Index Cond: ((k >= 1661287) AND (k <= 1661387))

table 5 : explain SELECT k, c FROM sbtest5 WHERE k BETWEEN 1661287 AND 1661387
	Bitmap Heap Scan on sbtest5  (cost=5.36..361.78 rows=90 width=125)
	  Recheck Cond: ((k >= 1661287) AND (k <= 1661387))
	  ->  Bitmap Index Scan on k_5  (cost=0.00..5.33 rows=90 width=0)
	        Index Cond: ((k >= 1661287) AND (k <= 1661387))

table 6 : explain SELECT k, c FROM sbtest6 WHERE k BETWEEN 1661287 AND 1661387
	Bitmap Heap Scan on sbtest6  (cost=5.54..432.69 rows=108 width=125)
	  Recheck Cond: ((k >= 1661287) AND (k <= 1661387))
	  ->  Bitmap Index Scan on k_6  (cost=0.00..5.51 rows=108 width=0)
	        Index Cond: ((k >= 1661287) AND (k <= 1661387))

table 7 : explain SELECT k, c FROM sbtest7 WHERE k BETWEEN 1661287 AND 1661387
	Bitmap Heap Scan on sbtest7  (cost=5.61..460.22 rows=115 width=125)
	  Recheck Cond: ((k >= 1661287) AND (k <= 1661387))
	  ->  Bitmap Index Scan on k_7  (cost=0.00..5.58 rows=115 width=0)
	        Index Cond: ((k >= 1661287) AND (k <= 1661387))

table 8 : explain SELECT k, c FROM sbtest8 WHERE k BETWEEN 1661287 AND 1661387
	Bitmap Heap Scan on sbtest8  (cost=5.56..440.56 rows=110 width=125)
	  Recheck Cond: ((k >= 1661287) AND (k <= 1661387))
	  ->  Bitmap Index Scan on k_8  (cost=0.00..5.53 rows=110 width=0)
	        Index Cond: ((k >= 1661287) AND (k <= 1661387))


for range-notcovered
table 1 : explain SELECT k, c FROM sbtest1 WHERE k BETWEEN 2223803 AND 2223903
	Bitmap Heap Scan on sbtest1  (cost=5.58..448.42 rows=112 width=125)
	  Recheck Cond: ((k >= 2223803) AND (k <= 2223903))
	  ->  Bitmap Index Scan on k_1  (cost=0.00..5.55 rows=112 width=0)
	        Index Cond: ((k >= 2223803) AND (k <= 2223903))

table 2 : explain SELECT k, c FROM sbtest2 WHERE k BETWEEN 2223803 AND 2223903
	Bitmap Heap Scan on sbtest2  (cost=5.53..428.75 rows=107 width=125)
	  Recheck Cond: ((k >= 2223803) AND (k <= 2223903))
	  ->  Bitmap Index Scan on k_2  (cost=0.00..5.50 rows=107 width=0)
	        Index Cond: ((k >= 2223803) AND (k <= 2223903))

table 3 : explain SELECT k, c FROM sbtest3 WHERE k BETWEEN 2223803 AND 2223903
	Bitmap Heap Scan on sbtest3  (cost=5.55..436.62 rows=109 width=125)
	  Recheck Cond: ((k >= 2223803) AND (k <= 2223903))
	  ->  Bitmap Index Scan on k_3  (cost=0.00..5.52 rows=109 width=0)
	        Index Cond: ((k >= 2223803) AND (k <= 2223903))

table 4 : explain SELECT k, c FROM sbtest4 WHERE k BETWEEN 2223803 AND 2223903
	Bitmap Heap Scan on sbtest4  (cost=5.43..389.37 rows=97 width=125)
	  Recheck Cond: ((k >= 2223803) AND (k <= 2223903))
	  ->  Bitmap Index Scan on k_4  (cost=0.00..5.40 rows=97 width=0)
	        Index Cond: ((k >= 2223803) AND (k <= 2223903))

table 5 : explain SELECT k, c FROM sbtest5 WHERE k BETWEEN 2223803 AND 2223903
	Bitmap Heap Scan on sbtest5  (cost=5.55..436.62 rows=109 width=125)
	  Recheck Cond: ((k >= 2223803) AND (k <= 2223903))
	  ->  Bitmap Index Scan on k_5  (cost=0.00..5.52 rows=109 width=0)
	        Index Cond: ((k >= 2223803) AND (k <= 2223903))

table 6 : explain SELECT k, c FROM sbtest6 WHERE k BETWEEN 2223803 AND 2223903
	Bitmap Heap Scan on sbtest6  (cost=5.49..413.00 rows=103 width=125)
	  Recheck Cond: ((k >= 2223803) AND (k <= 2223903))
	  ->  Bitmap Index Scan on k_6  (cost=0.00..5.46 rows=103 width=0)
	        Index Cond: ((k >= 2223803) AND (k <= 2223903))

table 7 : explain SELECT k, c FROM sbtest7 WHERE k BETWEEN 2223803 AND 2223903
	Bitmap Heap Scan on sbtest7  (cost=5.47..405.13 rows=101 width=125)
	  Recheck Cond: ((k >= 2223803) AND (k <= 2223903))
	  ->  Bitmap Index Scan on k_7  (cost=0.00..5.44 rows=101 width=0)
	        Index Cond: ((k >= 2223803) AND (k <= 2223903))

table 8 : explain SELECT k, c FROM sbtest8 WHERE k BETWEEN 2223803 AND 2223903
	Bitmap Heap Scan on sbtest8  (cost=5.54..432.69 rows=108 width=125)
	  Recheck Cond: ((k >= 2223803) AND (k <= 2223903))
	  ->  Bitmap Index Scan on k_8  (cost=0.00..5.51 rows=108 width=0)
	        Index Cond: ((k >= 2223803) AND (k <= 2223903))

explain: for range-notcovered :: explain SELECT k, c FROM sbtest%d WHERE k BETWEEN 2223803 AND 2223903
explain: for range-notcovered :: explain SELECT k, c FROM sbtest%d WHERE k BETWEEN 2045916 AND 2046016
for range-notcovered
table 1 : explain SELECT k, c FROM sbtest1 WHERE k BETWEEN 4716009 AND 4716109
	Bitmap Heap Scan on sbtest1  (cost=5.49..413.00 rows=103 width=125)
	  Recheck Cond: ((k >= 4716009) AND (k <= 4716109))
	  ->  Bitmap Index Scan on k_1  (cost=0.00..5.46 rows=103 width=0)
	        Index Cond: ((k >= 4716009) AND (k <= 4716109))

table 2 : explain SELECT k, c FROM sbtest2 WHERE k BETWEEN 4716009 AND 4716109
	Bitmap Heap Scan on sbtest2  (cost=5.41..381.49 rows=95 width=125)
	  Recheck Cond: ((k >= 4716009) AND (k <= 4716109))
	  ->  Bitmap Index Scan on k_2  (cost=0.00..5.38 rows=95 width=0)
	        Index Cond: ((k >= 4716009) AND (k <= 4716109))

table 3 : explain SELECT k, c FROM sbtest3 WHERE k BETWEEN 4716009 AND 4716109
	Bitmap Heap Scan on sbtest3  (cost=5.46..401.19 rows=100 width=125)
	  Recheck Cond: ((k >= 4716009) AND (k <= 4716109))
	  ->  Bitmap Index Scan on k_3  (cost=0.00..5.43 rows=100 width=0)
	        Index Cond: ((k >= 4716009) AND (k <= 4716109))

table 4 : explain SELECT k, c FROM sbtest4 WHERE k BETWEEN 4716009 AND 4716109
	Bitmap Heap Scan on sbtest4  (cost=5.48..409.07 rows=102 width=125)
	  Recheck Cond: ((k >= 4716009) AND (k <= 4716109))
	  ->  Bitmap Index Scan on k_4  (cost=0.00..5.45 rows=102 width=0)
	        Index Cond: ((k >= 4716009) AND (k <= 4716109))

table 5 : explain SELECT k, c FROM sbtest5 WHERE k BETWEEN 4716009 AND 4716109
	Bitmap Heap Scan on sbtest5  (cost=5.53..428.75 rows=107 width=125)
	  Recheck Cond: ((k >= 4716009) AND (k <= 4716109))
	  ->  Bitmap Index Scan on k_5  (cost=0.00..5.50 rows=107 width=0)
	        Index Cond: ((k >= 4716009) AND (k <= 4716109))

table 6 : explain SELECT k, c FROM sbtest6 WHERE k BETWEEN 4716009 AND 4716109
	Bitmap Heap Scan on sbtest6  (cost=5.57..444.49 rows=111 width=125)
	  Recheck Cond: ((k >= 4716009) AND (k <= 4716109))
	  ->  Bitmap Index Scan on k_6  (cost=0.00..5.54 rows=111 width=0)
	        Index Cond: ((k >= 4716009) AND (k <= 4716109))

table 7 : explain SELECT k, c FROM sbtest7 WHERE k BETWEEN 4716009 AND 4716109
	Bitmap Heap Scan on sbtest7  (cost=5.45..397.25 rows=99 width=125)
	  Recheck Cond: ((k >= 4716009) AND (k <= 4716109))
	  ->  Bitmap Index Scan on k_7  (cost=0.00..5.42 rows=99 width=0)
	        Index Cond: ((k >= 4716009) AND (k <= 4716109))

table 8 : explain SELECT k, c FROM sbtest8 WHERE k BETWEEN 4716009 AND 4716109
	Bitmap Heap Scan on sbtest8  (cost=5.46..401.19 rows=100 width=125)
	  Recheck Cond: ((k >= 4716009) AND (k <= 4716109))
	  ->  Bitmap Index Scan on k_8  (cost=0.00..5.43 rows=100 width=0)
	        Index Cond: ((k >= 4716009) AND (k <= 4716109))

explain: for range-notcovered :: explain SELECT k, c FROM sbtest%d WHERE k BETWEEN 4716009 AND 4716109
for range-notcovered
table 1 : explain SELECT k, c FROM sbtest1 WHERE k BETWEEN 3203192 AND 3203292
	Bitmap Heap Scan on sbtest1  (cost=5.50..416.94 rows=104 width=125)
	  Recheck Cond: ((k >= 3203192) AND (k <= 3203292))
	  ->  Bitmap Index Scan on k_1  (cost=0.00..5.47 rows=104 width=0)
	        Index Cond: ((k >= 3203192) AND (k <= 3203292))

table 2 : explain SELECT k, c FROM sbtest2 WHERE k BETWEEN 3203192 AND 3203292
	Bitmap Heap Scan on sbtest2  (cost=5.49..413.00 rows=103 width=125)
	  Recheck Cond: ((k >= 3203192) AND (k <= 3203292))
	  ->  Bitmap Index Scan on k_2  (cost=0.00..5.46 rows=103 width=0)
	        Index Cond: ((k >= 3203192) AND (k <= 3203292))

table 3 : explain SELECT k, c FROM sbtest3 WHERE k BETWEEN 3203192 AND 3203292
	Bitmap Heap Scan on sbtest3  (cost=5.40..377.55 rows=94 width=125)
	  Recheck Cond: ((k >= 3203192) AND (k <= 3203292))
	  ->  Bitmap Index Scan on k_3  (cost=0.00..5.38 rows=94 width=0)
	        Index Cond: ((k >= 3203192) AND (k <= 3203292))

table 4 : explain SELECT k, c FROM sbtest4 WHERE k BETWEEN 3203192 AND 3203292
	Bitmap Heap Scan on sbtest4  (cost=5.48..409.07 rows=102 width=125)
	  Recheck Cond: ((k >= 3203192) AND (k <= 3203292))
	  ->  Bitmap Index Scan on k_4  (cost=0.00..5.45 rows=102 width=0)
	        Index Cond: ((k >= 3203192) AND (k <= 3203292))

table 5 : explain SELECT k, c FROM sbtest5 WHERE k BETWEEN 3203192 AND 3203292
	Bitmap Heap Scan on sbtest5  (cost=5.47..405.13 rows=101 width=125)
	  Recheck Cond: ((k >= 3203192) AND (k <= 3203292))
	  ->  Bitmap Index Scan on k_5  (cost=0.00..5.44 rows=101 width=0)
	        Index Cond: ((k >= 3203192) AND (k <= 3203292))

table 6 : explain SELECT k, c FROM sbtest6 WHERE k BETWEEN 3203192 AND 3203292
	Bitmap Heap Scan on sbtest6  (cost=5.49..413.00 rows=103 width=125)
	  Recheck Cond: ((k >= 3203192) AND (k <= 3203292))
	  ->  Bitmap Index Scan on k_6  (cost=0.00..5.46 rows=103 width=0)
	        Index Cond: ((k >= 3203192) AND (k <= 3203292))

table 7 : explain SELECT k, c FROM sbtest7 WHERE k BETWEEN 3203192 AND 3203292
	Bitmap Heap Scan on sbtest7  (cost=5.50..416.94 rows=104 width=125)
	  Recheck Cond: ((k >= 3203192) AND (k <= 3203292))
	  ->  Bitmap Index Scan on k_7  (cost=0.00..5.47 rows=104 width=0)
	        Index Cond: ((k >= 3203192) AND (k <= 3203292))

table 8 : explain SELECT k, c FROM sbtest8 WHERE k BETWEEN 3203192 AND 3203292
	Bitmap Heap Scan on sbtest8  (cost=5.57..444.49 rows=111 width=125)
	  Recheck Cond: ((k >= 3203192) AND (k <= 3203292))
	  ->  Bitmap Index Scan on k_8  (cost=0.00..5.54 rows=111 width=0)
	        Index Cond: ((k >= 3203192) AND (k <= 3203292))

explain: for range-notcovered :: explain SELECT k, c FROM sbtest%d WHERE k BETWEEN 3203192 AND 3203292
for range-notcovered
table 1 : explain SELECT k, c FROM sbtest1 WHERE k BETWEEN 2045916 AND 2046016
	Bitmap Heap Scan on sbtest1  (cost=5.52..424.81 rows=106 width=125)
	  Recheck Cond: ((k >= 2045916) AND (k <= 2046016))
	  ->  Bitmap Index Scan on k_1  (cost=0.00..5.50 rows=106 width=0)
	        Index Cond: ((k >= 2045916) AND (k <= 2046016))

table 2 : explain SELECT k, c FROM sbtest2 WHERE k BETWEEN 2045916 AND 2046016
	Bitmap Heap Scan on sbtest2  (cost=5.56..440.56 rows=110 width=125)
	  Recheck Cond: ((k >= 2045916) AND (k <= 2046016))
	  ->  Bitmap Index Scan on k_2  (cost=0.00..5.53 rows=110 width=0)
	        Index Cond: ((k >= 2045916) AND (k <= 2046016))

table 3 : explain SELECT k, c FROM sbtest3 WHERE k BETWEEN 2045916 AND 2046016
	Bitmap Heap Scan on sbtest3  (cost=5.54..432.69 rows=108 width=125)
	  Recheck Cond: ((k >= 2045916) AND (k <= 2046016))
	  ->  Bitmap Index Scan on k_3  (cost=0.00..5.51 rows=108 width=0)
	        Index Cond: ((k >= 2045916) AND (k <= 2046016))

table 4 : explain SELECT k, c FROM sbtest4 WHERE k BETWEEN 2045916 AND 2046016
	Bitmap Heap Scan on sbtest4  (cost=5.55..436.62 rows=109 width=125)
	  Recheck Cond: ((k >= 2045916) AND (k <= 2046016))
	  ->  Bitmap Index Scan on k_4  (cost=0.00..5.52 rows=109 width=0)
	        Index Cond: ((k >= 2045916) AND (k <= 2046016))

table 5 : explain SELECT k, c FROM sbtest5 WHERE k BETWEEN 2045916 AND 2046016
	Bitmap Heap Scan on sbtest5  (cost=5.52..424.81 rows=106 width=125)
	  Recheck Cond: ((k >= 2045916) AND (k <= 2046016))
	  ->  Bitmap Index Scan on k_5  (cost=0.00..5.50 rows=106 width=0)
	        Index Cond: ((k >= 2045916) AND (k <= 2046016))

table 6 : explain SELECT k, c FROM sbtest6 WHERE k BETWEEN 2045916 AND 2046016
	Bitmap Heap Scan on sbtest6  (cost=5.54..432.69 rows=108 width=125)
	  Recheck Cond: ((k >= 2045916) AND (k <= 2046016))
	  ->  Bitmap Index Scan on k_6  (cost=0.00..5.51 rows=108 width=0)
	        Index Cond: ((k >= 2045916) AND (k <= 2046016))

table 7 : explain SELECT k, c FROM sbtest7 WHERE k BETWEEN 2045916 AND 2046016
	Bitmap Heap Scan on sbtest7  (cost=5.45..397.25 rows=99 width=125)
	  Recheck Cond: ((k >= 2045916) AND (k <= 2046016))
	  ->  Bitmap Index Scan on k_7  (cost=0.00..5.42 rows=99 width=0)
	        Index Cond: ((k >= 2045916) AND (k <= 2046016))

table 8 : explain SELECT k, c FROM sbtest8 WHERE k BETWEEN 2045916 AND 2046016
	Bitmap Heap Scan on sbtest8  (cost=5.41..381.49 rows=95 width=125)
	  Recheck Cond: ((k >= 2045916) AND (k <= 2046016))
	  ->  Bitmap Index Scan on k_8  (cost=0.00..5.38 rows=95 width=0)
	        Index Cond: ((k >= 2045916) AND (k <= 2046016))

explain: for range-notcovered :: explain SELECT k, c FROM sbtest%d WHERE k BETWEEN 2045916 AND 2046016
for range-notcovered
table 1 : explain SELECT k, c FROM sbtest1 WHERE k BETWEEN 4716009 AND 4716109
	Bitmap Heap Scan on sbtest1  (cost=5.49..413.00 rows=103 width=125)
	  Recheck Cond: ((k >= 4716009) AND (k <= 4716109))
	  ->  Bitmap Index Scan on k_1  (cost=0.00..5.46 rows=103 width=0)
	        Index Cond: ((k >= 4716009) AND (k <= 4716109))

table 2 : explain SELECT k, c FROM sbtest2 WHERE k BETWEEN 4716009 AND 4716109
	Bitmap Heap Scan on sbtest2  (cost=5.41..381.49 rows=95 width=125)
	  Recheck Cond: ((k >= 4716009) AND (k <= 4716109))
	  ->  Bitmap Index Scan on k_2  (cost=0.00..5.38 rows=95 width=0)
	        Index Cond: ((k >= 4716009) AND (k <= 4716109))

table 3 : explain SELECT k, c FROM sbtest3 WHERE k BETWEEN 4716009 AND 4716109
	Bitmap Heap Scan on sbtest3  (cost=5.46..401.19 rows=100 width=125)
	  Recheck Cond: ((k >= 4716009) AND (k <= 4716109))
	  ->  Bitmap Index Scan on k_3  (cost=0.00..5.43 rows=100 width=0)
	        Index Cond: ((k >= 4716009) AND (k <= 4716109))

table 4 : explain SELECT k, c FROM sbtest4 WHERE k BETWEEN 4716009 AND 4716109
	Bitmap Heap Scan on sbtest4  (cost=5.48..409.07 rows=102 width=125)
	  Recheck Cond: ((k >= 4716009) AND (k <= 4716109))
	  ->  Bitmap Index Scan on k_4  (cost=0.00..5.45 rows=102 width=0)
	        Index Cond: ((k >= 4716009) AND (k <= 4716109))

table 5 : explain SELECT k, c FROM sbtest5 WHERE k BETWEEN 4716009 AND 4716109
	Bitmap Heap Scan on sbtest5  (cost=5.53..428.75 rows=107 width=125)
	  Recheck Cond: ((k >= 4716009) AND (k <= 4716109))
	  ->  Bitmap Index Scan on k_5  (cost=0.00..5.50 rows=107 width=0)
	        Index Cond: ((k >= 4716009) AND (k <= 4716109))

table 6 : explain SELECT k, c FROM sbtest6 WHERE k BETWEEN 4716009 AND 4716109
	Bitmap Heap Scan on sbtest6  (cost=5.57..444.49 rows=111 width=125)
	  Recheck Cond: ((k >= 4716009) AND (k <= 4716109))
	  ->  Bitmap Index Scan on k_6  (cost=0.00..5.54 rows=111 width=0)
	        Index Cond: ((k >= 4716009) AND (k <= 4716109))

table 7 : explain SELECT k, c FROM sbtest7 WHERE k BETWEEN 4716009 AND 4716109
	Bitmap Heap Scan on sbtest7  (cost=5.45..397.25 rows=99 width=125)
	  Recheck Cond: ((k >= 4716009) AND (k <= 4716109))
	  ->  Bitmap Index Scan on k_7  (cost=0.00..5.42 rows=99 width=0)
	        Index Cond: ((k >= 4716009) AND (k <= 4716109))

table 8 : explain SELECT k, c FROM sbtest8 WHERE k BETWEEN 4716009 AND 4716109
	Bitmap Heap Scan on sbtest8  (cost=5.46..401.19 rows=100 width=125)
	  Recheck Cond: ((k >= 4716009) AND (k <= 4716109))
	  ->  Bitmap Index Scan on k_8  (cost=0.00..5.43 rows=100 width=0)
	        Index Cond: ((k >= 4716009) AND (k <= 4716109))

explain: for range-notcovered :: explain SELECT k, c FROM sbtest%d WHERE k BETWEEN 4716009 AND 4716109
for range-notcovered
table 1 : explain SELECT k, c FROM sbtest1 WHERE k BETWEEN 3769934 AND 3770034
	Bitmap Heap Scan on sbtest1  (cost=5.56..440.56 rows=110 width=125)
	  Recheck Cond: ((k >= 3769934) AND (k <= 3770034))
	  ->  Bitmap Index Scan on k_1  (cost=0.00..5.53 rows=110 width=0)
	        Index Cond: ((k >= 3769934) AND (k <= 3770034))

table 2 : explain SELECT k, c FROM sbtest2 WHERE k BETWEEN 3769934 AND 3770034
	Bitmap Heap Scan on sbtest2  (cost=5.53..428.75 rows=107 width=125)
	  Recheck Cond: ((k >= 3769934) AND (k <= 3770034))
	  ->  Bitmap Index Scan on k_2  (cost=0.00..5.50 rows=107 width=0)
	        Index Cond: ((k >= 3769934) AND (k <= 3770034))

table 3 : explain SELECT k, c FROM sbtest3 WHERE k BETWEEN 3769934 AND 3770034
	Bitmap Heap Scan on sbtest3  (cost=5.42..385.43 rows=96 width=125)
	  Recheck Cond: ((k >= 3769934) AND (k <= 3770034))
	  ->  Bitmap Index Scan on k_3  (cost=0.00..5.39 rows=96 width=0)
	        Index Cond: ((k >= 3769934) AND (k <= 3770034))

table 4 : explain SELECT k, c FROM sbtest4 WHERE k BETWEEN 3769934 AND 3770034
	Bitmap Heap Scan on sbtest4  (cost=5.43..389.37 rows=97 width=125)
	  Recheck Cond: ((k >= 3769934) AND (k <= 3770034))
	  ->  Bitmap Index Scan on k_4  (cost=0.00..5.40 rows=97 width=0)
	        Index Cond: ((k >= 3769934) AND (k <= 3770034))

table 5 : explain SELECT k, c FROM sbtest5 WHERE k BETWEEN 3769934 AND 3770034
	Bitmap Heap Scan on sbtest5  (cost=5.44..393.31 rows=98 width=125)
	  Recheck Cond: ((k >= 3769934) AND (k <= 3770034))
	  ->  Bitmap Index Scan on k_5  (cost=0.00..5.42 rows=98 width=0)
	        Index Cond: ((k >= 3769934) AND (k <= 3770034))

table 6 : explain SELECT k, c FROM sbtest6 WHERE k BETWEEN 3769934 AND 3770034
	Bitmap Heap Scan on sbtest6  (cost=5.55..436.62 rows=109 width=125)
	  Recheck Cond: ((k >= 3769934) AND (k <= 3770034))
	  ->  Bitmap Index Scan on k_6  (cost=0.00..5.52 rows=109 width=0)
	        Index Cond: ((k >= 3769934) AND (k <= 3770034))

table 7 : explain SELECT k, c FROM sbtest7 WHERE k BETWEEN 3769934 AND 3770034
	Bitmap Heap Scan on sbtest7  (cost=5.45..397.25 rows=99 width=125)
	  Recheck Cond: ((k >= 3769934) AND (k <= 3770034))
	  ->  Bitmap Index Scan on k_7  (cost=0.00..5.42 rows=99 width=0)
	        Index Cond: ((k >= 3769934) AND (k <= 3770034))

table 8 : explain SELECT k, c FROM sbtest8 WHERE k BETWEEN 3769934 AND 3770034
	Bitmap Heap Scan on sbtest8  (cost=5.54..432.69 rows=108 width=125)
	  Recheck Cond: ((k >= 3769934) AND (k <= 3770034))
	  ->  Bitmap Index Scan on k_8  (cost=0.00..5.51 rows=108 width=0)
	        Index Cond: ((k >= 3769934) AND (k <= 3770034))

for range-notcovered
table 1 : explain SELECT k, c FROM sbtest1 WHERE k BETWEEN 2045916 AND 2046016
	Bitmap Heap Scan on sbtest1  (cost=5.52..424.81 rows=106 width=125)
	  Recheck Cond: ((k >= 2045916) AND (k <= 2046016))
	  ->  Bitmap Index Scan on k_1  (cost=0.00..5.50 rows=106 width=0)
	        Index Cond: ((k >= 2045916) AND (k <= 2046016))

table 2 : explain SELECT k, c FROM sbtest2 WHERE k BETWEEN 2045916 AND 2046016
	Bitmap Heap Scan on sbtest2  (cost=5.56..440.56 rows=110 width=125)
	  Recheck Cond: ((k >= 2045916) AND (k <= 2046016))
	  ->  Bitmap Index Scan on k_2  (cost=0.00..5.53 rows=110 width=0)
	        Index Cond: ((k >= 2045916) AND (k <= 2046016))

table 3 : explain SELECT k, c FROM sbtest3 WHERE k BETWEEN 2045916 AND 2046016
	Bitmap Heap Scan on sbtest3  (cost=5.54..432.69 rows=108 width=125)
	  Recheck Cond: ((k >= 2045916) AND (k <= 2046016))
	  ->  Bitmap Index Scan on k_3  (cost=0.00..5.51 rows=108 width=0)
	        Index Cond: ((k >= 2045916) AND (k <= 2046016))

table 4 : explain SELECT k, c FROM sbtest4 WHERE k BETWEEN 2045916 AND 2046016
	Bitmap Heap Scan on sbtest4  (cost=5.55..436.62 rows=109 width=125)
	  Recheck Cond: ((k >= 2045916) AND (k <= 2046016))
	  ->  Bitmap Index Scan on k_4  (cost=0.00..5.52 rows=109 width=0)
	        Index Cond: ((k >= 2045916) AND (k <= 2046016))

table 5 : explain SELECT k, c FROM sbtest5 WHERE k BETWEEN 2045916 AND 2046016
	Bitmap Heap Scan on sbtest5  (cost=5.52..424.81 rows=106 width=125)
	  Recheck Cond: ((k >= 2045916) AND (k <= 2046016))
	  ->  Bitmap Index Scan on k_5  (cost=0.00..5.50 rows=106 width=0)
	        Index Cond: ((k >= 2045916) AND (k <= 2046016))

table 6 : explain SELECT k, c FROM sbtest6 WHERE k BETWEEN 2045916 AND 2046016
	Bitmap Heap Scan on sbtest6  (cost=5.54..432.69 rows=108 width=125)
	  Recheck Cond: ((k >= 2045916) AND (k <= 2046016))
	  ->  Bitmap Index Scan on k_6  (cost=0.00..5.51 rows=108 width=0)
	        Index Cond: ((k >= 2045916) AND (k <= 2046016))

table 7 : explain SELECT k, c FROM sbtest7 WHERE k BETWEEN 2045916 AND 2046016
	Bitmap Heap Scan on sbtest7  (cost=5.45..397.25 rows=99 width=125)
	  Recheck Cond: ((k >= 2045916) AND (k <= 2046016))
	  ->  Bitmap Index Scan on k_7  (cost=0.00..5.42 rows=99 width=0)
	        Index Cond: ((k >= 2045916) AND (k <= 2046016))

table 8 : explain SELECT k, c FROM sbtest8 WHERE k BETWEEN 2045916 AND 2046016
	Bitmap Heap Scan on sbtest8  (cost=5.41..381.49 rows=95 width=125)
	  Recheck Cond: ((k >= 2045916) AND (k <= 2046016))
	  ->  Bitmap Index Scan on k_8  (cost=0.00..5.38 rows=95 width=0)
	        Index Cond: ((k >= 2045916) AND (k <= 2046016))

for range-notcovered
table 1 : explain SELECT k, c FROM sbtest1 WHERE k BETWEEN 8015230 AND 8015330
	Bitmap Heap Scan on sbtest1  (cost=5.60..456.29 rows=114 width=125)
	  Recheck Cond: ((k >= 8015230) AND (k <= 8015330))
	  ->  Bitmap Index Scan on k_1  (cost=0.00..5.58 rows=114 width=0)
	        Index Cond: ((k >= 8015230) AND (k <= 8015330))

table 2 : explain SELECT k, c FROM sbtest2 WHERE k BETWEEN 8015230 AND 8015330
	Bitmap Heap Scan on sbtest2  (cost=5.54..432.69 rows=108 width=125)
	  Recheck Cond: ((k >= 8015230) AND (k <= 8015330))
	  ->  Bitmap Index Scan on k_2  (cost=0.00..5.51 rows=108 width=0)
	        Index Cond: ((k >= 8015230) AND (k <= 8015330))

table 3 : explain SELECT k, c FROM sbtest3 WHERE k BETWEEN 8015230 AND 8015330
	Bitmap Heap Scan on sbtest3  (cost=5.47..405.13 rows=101 width=125)
	  Recheck Cond: ((k >= 8015230) AND (k <= 8015330))
	  ->  Bitmap Index Scan on k_3  (cost=0.00..5.44 rows=101 width=0)
	        Index Cond: ((k >= 8015230) AND (k <= 8015330))

table 4 : explain SELECT k, c FROM sbtest4 WHERE k BETWEEN 8015230 AND 8015330
	Bitmap Heap Scan on sbtest4  (cost=5.52..424.81 rows=106 width=125)
	  Recheck Cond: ((k >= 8015230) AND (k <= 8015330))
	  ->  Bitmap Index Scan on k_4  (cost=0.00..5.50 rows=106 width=0)
	        Index Cond: ((k >= 8015230) AND (k <= 8015330))

table 5 : explain SELECT k, c FROM sbtest5 WHERE k BETWEEN 8015230 AND 8015330
	Bitmap Heap Scan on sbtest5  (cost=5.36..361.78 rows=90 width=125)
	  Recheck Cond: ((k >= 8015230) AND (k <= 8015330))
	  ->  Bitmap Index Scan on k_5  (cost=0.00..5.33 rows=90 width=0)
	        Index Cond: ((k >= 8015230) AND (k <= 8015330))

table 6 : explain SELECT k, c FROM sbtest6 WHERE k BETWEEN 8015230 AND 8015330
	Bitmap Heap Scan on sbtest6  (cost=5.48..409.07 rows=102 width=125)
	  Recheck Cond: ((k >= 8015230) AND (k <= 8015330))
	  ->  Bitmap Index Scan on k_6  (cost=0.00..5.45 rows=102 width=0)
	        Index Cond: ((k >= 8015230) AND (k <= 8015330))

table 7 : explain SELECT k, c FROM sbtest7 WHERE k BETWEEN 8015230 AND 8015330
	Bitmap Heap Scan on sbtest7  (cost=5.55..436.62 rows=109 width=125)
	  Recheck Cond: ((k >= 8015230) AND (k <= 8015330))
	  ->  Bitmap Index Scan on k_7  (cost=0.00..5.52 rows=109 width=0)
	        Index Cond: ((k >= 8015230) AND (k <= 8015330))

table 8 : explain SELECT k, c FROM sbtest8 WHERE k BETWEEN 8015230 AND 8015330
	Bitmap Heap Scan on sbtest8  (cost=5.43..389.37 rows=97 width=125)
	  Recheck Cond: ((k >= 8015230) AND (k <= 8015330))
	  ->  Bitmap Index Scan on k_8  (cost=0.00..5.40 rows=97 width=0)
	        Index Cond: ((k >= 8015230) AND (k <= 8015330))

explain: for range-notcovered :: explain SELECT k, c FROM sbtest%d WHERE k BETWEEN 8015230 AND 8015330
for range-notcovered
table 1 : explain SELECT k, c FROM sbtest1 WHERE k BETWEEN 4716009 AND 4716109
	Bitmap Heap Scan on sbtest1  (cost=5.49..413.00 rows=103 width=125)
	  Recheck Cond: ((k >= 4716009) AND (k <= 4716109))
	  ->  Bitmap Index Scan on k_1  (cost=0.00..5.46 rows=103 width=0)
	        Index Cond: ((k >= 4716009) AND (k <= 4716109))

table 2 : explain SELECT k, c FROM sbtest2 WHERE k BETWEEN 4716009 AND 4716109
	Bitmap Heap Scan on sbtest2  (cost=5.41..381.49 rows=95 width=125)
	  Recheck Cond: ((k >= 4716009) AND (k <= 4716109))
	  ->  Bitmap Index Scan on k_2  (cost=0.00..5.38 rows=95 width=0)
	        Index Cond: ((k >= 4716009) AND (k <= 4716109))

table 3 : explain SELECT k, c FROM sbtest3 WHERE k BETWEEN 4716009 AND 4716109
	Bitmap Heap Scan on sbtest3  (cost=5.46..401.19 rows=100 width=125)
	  Recheck Cond: ((k >= 4716009) AND (k <= 4716109))
	  ->  Bitmap Index Scan on k_3  (cost=0.00..5.43 rows=100 width=0)
	        Index Cond: ((k >= 4716009) AND (k <= 4716109))

table 4 : explain SELECT k, c FROM sbtest4 WHERE k BETWEEN 4716009 AND 4716109
	Bitmap Heap Scan on sbtest4  (cost=5.48..409.07 rows=102 width=125)
	  Recheck Cond: ((k >= 4716009) AND (k <= 4716109))
	  ->  Bitmap Index Scan on k_4  (cost=0.00..5.45 rows=102 width=0)
	        Index Cond: ((k >= 4716009) AND (k <= 4716109))

table 5 : explain SELECT k, c FROM sbtest5 WHERE k BETWEEN 4716009 AND 4716109
	Bitmap Heap Scan on sbtest5  (cost=5.53..428.75 rows=107 width=125)
	  Recheck Cond: ((k >= 4716009) AND (k <= 4716109))
	  ->  Bitmap Index Scan on k_5  (cost=0.00..5.50 rows=107 width=0)
	        Index Cond: ((k >= 4716009) AND (k <= 4716109))

table 6 : explain SELECT k, c FROM sbtest6 WHERE k BETWEEN 4716009 AND 4716109
	Bitmap Heap Scan on sbtest6  (cost=5.57..444.49 rows=111 width=125)
	  Recheck Cond: ((k >= 4716009) AND (k <= 4716109))
	  ->  Bitmap Index Scan on k_6  (cost=0.00..5.54 rows=111 width=0)
	        Index Cond: ((k >= 4716009) AND (k <= 4716109))

table 7 : explain SELECT k, c FROM sbtest7 WHERE k BETWEEN 4716009 AND 4716109
	Bitmap Heap Scan on sbtest7  (cost=5.45..397.25 rows=99 width=125)
	  Recheck Cond: ((k >= 4716009) AND (k <= 4716109))
	  ->  Bitmap Index Scan on k_7  (cost=0.00..5.42 rows=99 width=0)
	        Index Cond: ((k >= 4716009) AND (k <= 4716109))

table 8 : explain SELECT k, c FROM sbtest8 WHERE k BETWEEN 4716009 AND 4716109
	Bitmap Heap Scan on sbtest8  (cost=5.46..401.19 rows=100 width=125)
	  Recheck Cond: ((k >= 4716009) AND (k <= 4716109))
	  ->  Bitmap Index Scan on k_8  (cost=0.00..5.43 rows=100 width=0)
	        Index Cond: ((k >= 4716009) AND (k <= 4716109))

explain: for range-notcovered :: explain SELECT k, c FROM sbtest%d WHERE k BETWEEN 4716009 AND 4716109
for range-notcovered
table 1 : explain SELECT k, c FROM sbtest1 WHERE k BETWEEN 3203192 AND 3203292
	Bitmap Heap Scan on sbtest1  (cost=5.50..416.94 rows=104 width=125)
	  Recheck Cond: ((k >= 3203192) AND (k <= 3203292))
	  ->  Bitmap Index Scan on k_1  (cost=0.00..5.47 rows=104 width=0)
	        Index Cond: ((k >= 3203192) AND (k <= 3203292))

table 2 : explain SELECT k, c FROM sbtest2 WHERE k BETWEEN 3203192 AND 3203292
	Bitmap Heap Scan on sbtest2  (cost=5.49..413.00 rows=103 width=125)
	  Recheck Cond: ((k >= 3203192) AND (k <= 3203292))
	  ->  Bitmap Index Scan on k_2  (cost=0.00..5.46 rows=103 width=0)
	        Index Cond: ((k >= 3203192) AND (k <= 3203292))

table 3 : explain SELECT k, c FROM sbtest3 WHERE k BETWEEN 3203192 AND 3203292
	Bitmap Heap Scan on sbtest3  (cost=5.40..377.55 rows=94 width=125)
	  Recheck Cond: ((k >= 3203192) AND (k <= 3203292))
	  ->  Bitmap Index Scan on k_3  (cost=0.00..5.38 rows=94 width=0)
	        Index Cond: ((k >= 3203192) AND (k <= 3203292))

table 4 : explain SELECT k, c FROM sbtest4 WHERE k BETWEEN 3203192 AND 3203292
	Bitmap Heap Scan on sbtest4  (cost=5.48..409.07 rows=102 width=125)
	  Recheck Cond: ((k >= 3203192) AND (k <= 3203292))
	  ->  Bitmap Index Scan on k_4  (cost=0.00..5.45 rows=102 width=0)
	        Index Cond: ((k >= 3203192) AND (k <= 3203292))

table 5 : explain SELECT k, c FROM sbtest5 WHERE k BETWEEN 3203192 AND 3203292
	Bitmap Heap Scan on sbtest5  (cost=5.47..405.13 rows=101 width=125)
	  Recheck Cond: ((k >= 3203192) AND (k <= 3203292))
	  ->  Bitmap Index Scan on k_5  (cost=0.00..5.44 rows=101 width=0)
	        Index Cond: ((k >= 3203192) AND (k <= 3203292))

table 6 : explain SELECT k, c FROM sbtest6 WHERE k BETWEEN 3203192 AND 3203292
	Bitmap Heap Scan on sbtest6  (cost=5.49..413.00 rows=103 width=125)
	  Recheck Cond: ((k >= 3203192) AND (k <= 3203292))
	  ->  Bitmap Index Scan on k_6  (cost=0.00..5.46 rows=103 width=0)
	        Index Cond: ((k >= 3203192) AND (k <= 3203292))

table 7 : explain SELECT k, c FROM sbtest7 WHERE k BETWEEN 3203192 AND 3203292
	Bitmap Heap Scan on sbtest7  (cost=5.50..416.94 rows=104 width=125)
	  Recheck Cond: ((k >= 3203192) AND (k <= 3203292))
	  ->  Bitmap Index Scan on k_7  (cost=0.00..5.47 rows=104 width=0)
	        Index Cond: ((k >= 3203192) AND (k <= 3203292))

table 8 : explain SELECT k, c FROM sbtest8 WHERE k BETWEEN 3203192 AND 3203292
	Bitmap Heap Scan on sbtest8  (cost=5.57..444.49 rows=111 width=125)
	  Recheck Cond: ((k >= 3203192) AND (k <= 3203292))
	  ->  Bitmap Index Scan on k_8  (cost=0.00..5.54 rows=111 width=0)
	        Index Cond: ((k >= 3203192) AND (k <= 3203292))

explain: for range-notcovered :: explain SELECT k, c FROM sbtest%d WHERE k BETWEEN 6335508 AND 6335608
explain: for range-notcovered :: explain SELECT k, c FROM sbtest%d WHERE k BETWEEN 3203192 AND 3203292
for range-notcovered
table 1 : explain SELECT k, c FROM sbtest1 WHERE k BETWEEN 2223803 AND 2223903
	Bitmap Heap Scan on sbtest1  (cost=5.58..448.42 rows=112 width=125)
	  Recheck Cond: ((k >= 2223803) AND (k <= 2223903))
	  ->  Bitmap Index Scan on k_1  (cost=0.00..5.55 rows=112 width=0)
	        Index Cond: ((k >= 2223803) AND (k <= 2223903))

table 2 : explain SELECT k, c FROM sbtest2 WHERE k BETWEEN 2223803 AND 2223903
	Bitmap Heap Scan on sbtest2  (cost=5.53..428.75 rows=107 width=125)
	  Recheck Cond: ((k >= 2223803) AND (k <= 2223903))
	  ->  Bitmap Index Scan on k_2  (cost=0.00..5.50 rows=107 width=0)
	        Index Cond: ((k >= 2223803) AND (k <= 2223903))

table 3 : explain SELECT k, c FROM sbtest3 WHERE k BETWEEN 2223803 AND 2223903
	Bitmap Heap Scan on sbtest3  (cost=5.55..436.62 rows=109 width=125)
	  Recheck Cond: ((k >= 2223803) AND (k <= 2223903))
	  ->  Bitmap Index Scan on k_3  (cost=0.00..5.52 rows=109 width=0)
	        Index Cond: ((k >= 2223803) AND (k <= 2223903))

table 4 : explain SELECT k, c FROM sbtest4 WHERE k BETWEEN 2223803 AND 2223903
	Bitmap Heap Scan on sbtest4  (cost=5.43..389.37 rows=97 width=125)
	  Recheck Cond: ((k >= 2223803) AND (k <= 2223903))
	  ->  Bitmap Index Scan on k_4  (cost=0.00..5.40 rows=97 width=0)
	        Index Cond: ((k >= 2223803) AND (k <= 2223903))

table 5 : explain SELECT k, c FROM sbtest5 WHERE k BETWEEN 2223803 AND 2223903
	Bitmap Heap Scan on sbtest5  (cost=5.55..436.62 rows=109 width=125)
	  Recheck Cond: ((k >= 2223803) AND (k <= 2223903))
	  ->  Bitmap Index Scan on k_5  (cost=0.00..5.52 rows=109 width=0)
	        Index Cond: ((k >= 2223803) AND (k <= 2223903))

table 6 : explain SELECT k, c FROM sbtest6 WHERE k BETWEEN 2223803 AND 2223903
	Bitmap Heap Scan on sbtest6  (cost=5.49..413.00 rows=103 width=125)
	  Recheck Cond: ((k >= 2223803) AND (k <= 2223903))
	  ->  Bitmap Index Scan on k_6  (cost=0.00..5.46 rows=103 width=0)
	        Index Cond: ((k >= 2223803) AND (k <= 2223903))

table 7 : explain SELECT k, c FROM sbtest7 WHERE k BETWEEN 2223803 AND 2223903
	Bitmap Heap Scan on sbtest7  (cost=5.47..405.13 rows=101 width=125)
	  Recheck Cond: ((k >= 2223803) AND (k <= 2223903))
	  ->  Bitmap Index Scan on k_7  (cost=0.00..5.44 rows=101 width=0)
	        Index Cond: ((k >= 2223803) AND (k <= 2223903))

table 8 : explain SELECT k, c FROM sbtest8 WHERE k BETWEEN 2223803 AND 2223903
	Bitmap Heap Scan on sbtest8  (cost=5.54..432.69 rows=108 width=125)
	  Recheck Cond: ((k >= 2223803) AND (k <= 2223903))
	  ->  Bitmap Index Scan on k_8  (cost=0.00..5.51 rows=108 width=0)
	        Index Cond: ((k >= 2223803) AND (k <= 2223903))

for range-notcovered
table 1 : explain SELECT k, c FROM sbtest1 WHERE k BETWEEN 3203192 AND 3203292
	Bitmap Heap Scan on sbtest1  (cost=5.50..416.94 rows=104 width=125)
	  Recheck Cond: ((k >= 3203192) AND (k <= 3203292))
	  ->  Bitmap Index Scan on k_1  (cost=0.00..5.47 rows=104 width=0)
	        Index Cond: ((k >= 3203192) AND (k <= 3203292))

table 2 : explain SELECT k, c FROM sbtest2 WHERE k BETWEEN 3203192 AND 3203292
	Bitmap Heap Scan on sbtest2  (cost=5.49..413.00 rows=103 width=125)
	  Recheck Cond: ((k >= 3203192) AND (k <= 3203292))
	  ->  Bitmap Index Scan on k_2  (cost=0.00..5.46 rows=103 width=0)
	        Index Cond: ((k >= 3203192) AND (k <= 3203292))

table 3 : explain SELECT k, c FROM sbtest3 WHERE k BETWEEN 3203192 AND 3203292
	Bitmap Heap Scan on sbtest3  (cost=5.40..377.55 rows=94 width=125)
	  Recheck Cond: ((k >= 3203192) AND (k <= 3203292))
	  ->  Bitmap Index Scan on k_3  (cost=0.00..5.38 rows=94 width=0)
	        Index Cond: ((k >= 3203192) AND (k <= 3203292))

table 4 : explain SELECT k, c FROM sbtest4 WHERE k BETWEEN 3203192 AND 3203292
	Bitmap Heap Scan on sbtest4  (cost=5.48..409.07 rows=102 width=125)
	  Recheck Cond: ((k >= 3203192) AND (k <= 3203292))
	  ->  Bitmap Index Scan on k_4  (cost=0.00..5.45 rows=102 width=0)
	        Index Cond: ((k >= 3203192) AND (k <= 3203292))

table 5 : explain SELECT k, c FROM sbtest5 WHERE k BETWEEN 3203192 AND 3203292
	Bitmap Heap Scan on sbtest5  (cost=5.47..405.13 rows=101 width=125)
	  Recheck Cond: ((k >= 3203192) AND (k <= 3203292))
	  ->  Bitmap Index Scan on k_5  (cost=0.00..5.44 rows=101 width=0)
	        Index Cond: ((k >= 3203192) AND (k <= 3203292))

table 6 : explain SELECT k, c FROM sbtest6 WHERE k BETWEEN 3203192 AND 3203292
	Bitmap Heap Scan on sbtest6  (cost=5.49..413.00 rows=103 width=125)
	  Recheck Cond: ((k >= 3203192) AND (k <= 3203292))
	  ->  Bitmap Index Scan on k_6  (cost=0.00..5.46 rows=103 width=0)
	        Index Cond: ((k >= 3203192) AND (k <= 3203292))

table 7 : explain SELECT k, c FROM sbtest7 WHERE k BETWEEN 3203192 AND 3203292
	Bitmap Heap Scan on sbtest7  (cost=5.50..416.94 rows=104 width=125)
	  Recheck Cond: ((k >= 3203192) AND (k <= 3203292))
	  ->  Bitmap Index Scan on k_7  (cost=0.00..5.47 rows=104 width=0)
	        Index Cond: ((k >= 3203192) AND (k <= 3203292))

table 8 : explain SELECT k, c FROM sbtest8 WHERE k BETWEEN 3203192 AND 3203292
	Bitmap Heap Scan on sbtest8  (cost=5.57..444.49 rows=111 width=125)
	  Recheck Cond: ((k >= 3203192) AND (k <= 3203292))
	  ->  Bitmap Index Scan on k_8  (cost=0.00..5.54 rows=111 width=0)
	        Index Cond: ((k >= 3203192) AND (k <= 3203292))

explain: for range-notcovered :: explain SELECT k, c FROM sbtest%d WHERE k BETWEEN 3203192 AND 3203292
for range-notcovered
table 1 : explain SELECT k, c FROM sbtest1 WHERE k BETWEEN 4716009 AND 4716109
	Bitmap Heap Scan on sbtest1  (cost=5.49..413.00 rows=103 width=125)
	  Recheck Cond: ((k >= 4716009) AND (k <= 4716109))
	  ->  Bitmap Index Scan on k_1  (cost=0.00..5.46 rows=103 width=0)
	        Index Cond: ((k >= 4716009) AND (k <= 4716109))

table 2 : explain SELECT k, c FROM sbtest2 WHERE k BETWEEN 4716009 AND 4716109
	Bitmap Heap Scan on sbtest2  (cost=5.41..381.49 rows=95 width=125)
	  Recheck Cond: ((k >= 4716009) AND (k <= 4716109))
	  ->  Bitmap Index Scan on k_2  (cost=0.00..5.38 rows=95 width=0)
	        Index Cond: ((k >= 4716009) AND (k <= 4716109))

table 3 : explain SELECT k, c FROM sbtest3 WHERE k BETWEEN 4716009 AND 4716109
	Bitmap Heap Scan on sbtest3  (cost=5.46..401.19 rows=100 width=125)
	  Recheck Cond: ((k >= 4716009) AND (k <= 4716109))
	  ->  Bitmap Index Scan on k_3  (cost=0.00..5.43 rows=100 width=0)
	        Index Cond: ((k >= 4716009) AND (k <= 4716109))

table 4 : explain SELECT k, c FROM sbtest4 WHERE k BETWEEN 4716009 AND 4716109
	Bitmap Heap Scan on sbtest4  (cost=5.48..409.07 rows=102 width=125)
	  Recheck Cond: ((k >= 4716009) AND (k <= 4716109))
	  ->  Bitmap Index Scan on k_4  (cost=0.00..5.45 rows=102 width=0)
	        Index Cond: ((k >= 4716009) AND (k <= 4716109))

table 5 : explain SELECT k, c FROM sbtest5 WHERE k BETWEEN 4716009 AND 4716109
	Bitmap Heap Scan on sbtest5  (cost=5.53..428.75 rows=107 width=125)
	  Recheck Cond: ((k >= 4716009) AND (k <= 4716109))
	  ->  Bitmap Index Scan on k_5  (cost=0.00..5.50 rows=107 width=0)
	        Index Cond: ((k >= 4716009) AND (k <= 4716109))

table 6 : explain SELECT k, c FROM sbtest6 WHERE k BETWEEN 4716009 AND 4716109
	Bitmap Heap Scan on sbtest6  (cost=5.57..444.49 rows=111 width=125)
	  Recheck Cond: ((k >= 4716009) AND (k <= 4716109))
	  ->  Bitmap Index Scan on k_6  (cost=0.00..5.54 rows=111 width=0)
	        Index Cond: ((k >= 4716009) AND (k <= 4716109))

table 7 : explain SELECT k, c FROM sbtest7 WHERE k BETWEEN 4716009 AND 4716109
	Bitmap Heap Scan on sbtest7  (cost=5.45..397.25 rows=99 width=125)
	  Recheck Cond: ((k >= 4716009) AND (k <= 4716109))
	  ->  Bitmap Index Scan on k_7  (cost=0.00..5.42 rows=99 width=0)
	        Index Cond: ((k >= 4716009) AND (k <= 4716109))

table 8 : explain SELECT k, c FROM sbtest8 WHERE k BETWEEN 4716009 AND 4716109
	Bitmap Heap Scan on sbtest8  (cost=5.46..401.19 rows=100 width=125)
	  Recheck Cond: ((k >= 4716009) AND (k <= 4716109))
	  ->  Bitmap Index Scan on k_8  (cost=0.00..5.43 rows=100 width=0)
	        Index Cond: ((k >= 4716009) AND (k <= 4716109))

explain: for range-notcovered :: explain SELECT k, c FROM sbtest%d WHERE k BETWEEN 4716009 AND 4716109
for range-notcovered
table 1 : explain SELECT k, c FROM sbtest1 WHERE k BETWEEN 3607198 AND 3607298
	Bitmap Heap Scan on sbtest1  (cost=5.38..369.67 rows=92 width=125)
	  Recheck Cond: ((k >= 3607198) AND (k <= 3607298))
	  ->  Bitmap Index Scan on k_1  (cost=0.00..5.35 rows=92 width=0)
	        Index Cond: ((k >= 3607198) AND (k <= 3607298))

table 2 : explain SELECT k, c FROM sbtest2 WHERE k BETWEEN 3607198 AND 3607298
	Bitmap Heap Scan on sbtest2  (cost=5.49..413.00 rows=103 width=125)
	  Recheck Cond: ((k >= 3607198) AND (k <= 3607298))
	  ->  Bitmap Index Scan on k_2  (cost=0.00..5.46 rows=103 width=0)
	        Index Cond: ((k >= 3607198) AND (k <= 3607298))

table 3 : explain SELECT k, c FROM sbtest3 WHERE k BETWEEN 3607198 AND 3607298
	Bitmap Heap Scan on sbtest3  (cost=5.44..393.31 rows=98 width=125)
	  Recheck Cond: ((k >= 3607198) AND (k <= 3607298))
	  ->  Bitmap Index Scan on k_3  (cost=0.00..5.42 rows=98 width=0)
	        Index Cond: ((k >= 3607198) AND (k <= 3607298))

table 4 : explain SELECT k, c FROM sbtest4 WHERE k BETWEEN 3607198 AND 3607298
	Bitmap Heap Scan on sbtest4  (cost=5.54..432.69 rows=108 width=125)
	  Recheck Cond: ((k >= 3607198) AND (k <= 3607298))
	  ->  Bitmap Index Scan on k_4  (cost=0.00..5.51 rows=108 width=0)
	        Index Cond: ((k >= 3607198) AND (k <= 3607298))

table 5 : explain SELECT k, c FROM sbtest5 WHERE k BETWEEN 3607198 AND 3607298
	Bitmap Heap Scan on sbtest5  (cost=5.62..464.15 rows=116 width=125)
	  Recheck Cond: ((k >= 3607198) AND (k <= 3607298))
	  ->  Bitmap Index Scan on k_5  (cost=0.00..5.59 rows=116 width=0)
	        Index Cond: ((k >= 3607198) AND (k <= 3607298))

table 6 : explain SELECT k, c FROM sbtest6 WHERE k BETWEEN 3607198 AND 3607298
	Bitmap Heap Scan on sbtest6  (cost=5.53..428.75 rows=107 width=125)
	  Recheck Cond: ((k >= 3607198) AND (k <= 3607298))
	  ->  Bitmap Index Scan on k_6  (cost=0.00..5.50 rows=107 width=0)
	        Index Cond: ((k >= 3607198) AND (k <= 3607298))

table 7 : explain SELECT k, c FROM sbtest7 WHERE k BETWEEN 3607198 AND 3607298
	Bitmap Heap Scan on sbtest7  (cost=5.49..413.00 rows=103 width=125)
	  Recheck Cond: ((k >= 3607198) AND (k <= 3607298))
	  ->  Bitmap Index Scan on k_7  (cost=0.00..5.46 rows=103 width=0)
	        Index Cond: ((k >= 3607198) AND (k <= 3607298))

table 8 : explain SELECT k, c FROM sbtest8 WHERE k BETWEEN 3607198 AND 3607298
	Bitmap Heap Scan on sbtest8  (cost=5.53..428.75 rows=107 width=125)
	  Recheck Cond: ((k >= 3607198) AND (k <= 3607298))
	  ->  Bitmap Index Scan on k_8  (cost=0.00..5.50 rows=107 width=0)
	        Index Cond: ((k >= 3607198) AND (k <= 3607298))

explain: for range-notcovered :: explain SELECT k, c FROM sbtest%d WHERE k BETWEEN 3607198 AND 3607298
for range-notcovered
table 1 : explain SELECT k, c FROM sbtest1 WHERE k BETWEEN 4716009 AND 4716109
	Bitmap Heap Scan on sbtest1  (cost=5.49..413.00 rows=103 width=125)
	  Recheck Cond: ((k >= 4716009) AND (k <= 4716109))
	  ->  Bitmap Index Scan on k_1  (cost=0.00..5.46 rows=103 width=0)
	        Index Cond: ((k >= 4716009) AND (k <= 4716109))

table 2 : explain SELECT k, c FROM sbtest2 WHERE k BETWEEN 4716009 AND 4716109
	Bitmap Heap Scan on sbtest2  (cost=5.41..381.49 rows=95 width=125)
	  Recheck Cond: ((k >= 4716009) AND (k <= 4716109))
	  ->  Bitmap Index Scan on k_2  (cost=0.00..5.38 rows=95 width=0)
	        Index Cond: ((k >= 4716009) AND (k <= 4716109))

table 3 : explain SELECT k, c FROM sbtest3 WHERE k BETWEEN 4716009 AND 4716109
	Bitmap Heap Scan on sbtest3  (cost=5.46..401.19 rows=100 width=125)
	  Recheck Cond: ((k >= 4716009) AND (k <= 4716109))
	  ->  Bitmap Index Scan on k_3  (cost=0.00..5.43 rows=100 width=0)
	        Index Cond: ((k >= 4716009) AND (k <= 4716109))

table 4 : explain SELECT k, c FROM sbtest4 WHERE k BETWEEN 4716009 AND 4716109
	Bitmap Heap Scan on sbtest4  (cost=5.48..409.07 rows=102 width=125)
	  Recheck Cond: ((k >= 4716009) AND (k <= 4716109))
	  ->  Bitmap Index Scan on k_4  (cost=0.00..5.45 rows=102 width=0)
	        Index Cond: ((k >= 4716009) AND (k <= 4716109))

table 5 : explain SELECT k, c FROM sbtest5 WHERE k BETWEEN 4716009 AND 4716109
	Bitmap Heap Scan on sbtest5  (cost=5.53..428.75 rows=107 width=125)
	  Recheck Cond: ((k >= 4716009) AND (k <= 4716109))
	  ->  Bitmap Index Scan on k_5  (cost=0.00..5.50 rows=107 width=0)
	        Index Cond: ((k >= 4716009) AND (k <= 4716109))

table 6 : explain SELECT k, c FROM sbtest6 WHERE k BETWEEN 4716009 AND 4716109
	Bitmap Heap Scan on sbtest6  (cost=5.57..444.49 rows=111 width=125)
	  Recheck Cond: ((k >= 4716009) AND (k <= 4716109))
	  ->  Bitmap Index Scan on k_6  (cost=0.00..5.54 rows=111 width=0)
	        Index Cond: ((k >= 4716009) AND (k <= 4716109))

table 7 : explain SELECT k, c FROM sbtest7 WHERE k BETWEEN 4716009 AND 4716109
	Bitmap Heap Scan on sbtest7  (cost=5.45..397.25 rows=99 width=125)
	  Recheck Cond: ((k >= 4716009) AND (k <= 4716109))
	  ->  Bitmap Index Scan on k_7  (cost=0.00..5.42 rows=99 width=0)
	        Index Cond: ((k >= 4716009) AND (k <= 4716109))

table 8 : explain SELECT k, c FROM sbtest8 WHERE k BETWEEN 4716009 AND 4716109
	Bitmap Heap Scan on sbtest8  (cost=5.46..401.19 rows=100 width=125)
	  Recheck Cond: ((k >= 4716009) AND (k <= 4716109))
	  ->  Bitmap Index Scan on k_8  (cost=0.00..5.43 rows=100 width=0)
	        Index Cond: ((k >= 4716009) AND (k <= 4716109))

explain: for range-notcovered :: explain SELECT k, c FROM sbtest%d WHERE k BETWEEN 4716009 AND 4716109
for range-notcovered
table 1 : explain SELECT k, c FROM sbtest1 WHERE k BETWEEN 3203192 AND 3203292
	Bitmap Heap Scan on sbtest1  (cost=5.50..416.94 rows=104 width=125)
	  Recheck Cond: ((k >= 3203192) AND (k <= 3203292))
	  ->  Bitmap Index Scan on k_1  (cost=0.00..5.47 rows=104 width=0)
	        Index Cond: ((k >= 3203192) AND (k <= 3203292))

table 2 : explain SELECT k, c FROM sbtest2 WHERE k BETWEEN 3203192 AND 3203292
	Bitmap Heap Scan on sbtest2  (cost=5.49..413.00 rows=103 width=125)
	  Recheck Cond: ((k >= 3203192) AND (k <= 3203292))
	  ->  Bitmap Index Scan on k_2  (cost=0.00..5.46 rows=103 width=0)
	        Index Cond: ((k >= 3203192) AND (k <= 3203292))

table 3 : explain SELECT k, c FROM sbtest3 WHERE k BETWEEN 3203192 AND 3203292
	Bitmap Heap Scan on sbtest3  (cost=5.40..377.55 rows=94 width=125)
	  Recheck Cond: ((k >= 3203192) AND (k <= 3203292))
	  ->  Bitmap Index Scan on k_3  (cost=0.00..5.38 rows=94 width=0)
	        Index Cond: ((k >= 3203192) AND (k <= 3203292))

table 4 : explain SELECT k, c FROM sbtest4 WHERE k BETWEEN 3203192 AND 3203292
	Bitmap Heap Scan on sbtest4  (cost=5.48..409.07 rows=102 width=125)
	  Recheck Cond: ((k >= 3203192) AND (k <= 3203292))
	  ->  Bitmap Index Scan on k_4  (cost=0.00..5.45 rows=102 width=0)
	        Index Cond: ((k >= 3203192) AND (k <= 3203292))

table 5 : explain SELECT k, c FROM sbtest5 WHERE k BETWEEN 3203192 AND 3203292
	Bitmap Heap Scan on sbtest5  (cost=5.47..405.13 rows=101 width=125)
	  Recheck Cond: ((k >= 3203192) AND (k <= 3203292))
	  ->  Bitmap Index Scan on k_5  (cost=0.00..5.44 rows=101 width=0)
	        Index Cond: ((k >= 3203192) AND (k <= 3203292))

table 6 : explain SELECT k, c FROM sbtest6 WHERE k BETWEEN 3203192 AND 3203292
	Bitmap Heap Scan on sbtest6  (cost=5.49..413.00 rows=103 width=125)
	  Recheck Cond: ((k >= 3203192) AND (k <= 3203292))
	  ->  Bitmap Index Scan on k_6  (cost=0.00..5.46 rows=103 width=0)
	        Index Cond: ((k >= 3203192) AND (k <= 3203292))

table 7 : explain SELECT k, c FROM sbtest7 WHERE k BETWEEN 3203192 AND 3203292
	Bitmap Heap Scan on sbtest7  (cost=5.50..416.94 rows=104 width=125)
	  Recheck Cond: ((k >= 3203192) AND (k <= 3203292))
	  ->  Bitmap Index Scan on k_7  (cost=0.00..5.47 rows=104 width=0)
	        Index Cond: ((k >= 3203192) AND (k <= 3203292))

table 8 : explain SELECT k, c FROM sbtest8 WHERE k BETWEEN 3203192 AND 3203292
	Bitmap Heap Scan on sbtest8  (cost=5.57..444.49 rows=111 width=125)
	  Recheck Cond: ((k >= 3203192) AND (k <= 3203292))
	  ->  Bitmap Index Scan on k_8  (cost=0.00..5.54 rows=111 width=0)
	        Index Cond: ((k >= 3203192) AND (k <= 3203292))

explain: for range-notcovered :: explain SELECT k, c FROM sbtest%d WHERE k BETWEEN 3203192 AND 3203292
for range-notcovered
table 1 : explain SELECT k, c FROM sbtest1 WHERE k BETWEEN 8015230 AND 8015330
	Bitmap Heap Scan on sbtest1  (cost=5.60..456.29 rows=114 width=125)
	  Recheck Cond: ((k >= 8015230) AND (k <= 8015330))
	  ->  Bitmap Index Scan on k_1  (cost=0.00..5.58 rows=114 width=0)
	        Index Cond: ((k >= 8015230) AND (k <= 8015330))

table 2 : explain SELECT k, c FROM sbtest2 WHERE k BETWEEN 8015230 AND 8015330
	Bitmap Heap Scan on sbtest2  (cost=5.54..432.69 rows=108 width=125)
	  Recheck Cond: ((k >= 8015230) AND (k <= 8015330))
	  ->  Bitmap Index Scan on k_2  (cost=0.00..5.51 rows=108 width=0)
	        Index Cond: ((k >= 8015230) AND (k <= 8015330))

table 3 : explain SELECT k, c FROM sbtest3 WHERE k BETWEEN 8015230 AND 8015330
	Bitmap Heap Scan on sbtest3  (cost=5.47..405.13 rows=101 width=125)
	  Recheck Cond: ((k >= 8015230) AND (k <= 8015330))
	  ->  Bitmap Index Scan on k_3  (cost=0.00..5.44 rows=101 width=0)
	        Index Cond: ((k >= 8015230) AND (k <= 8015330))

table 4 : explain SELECT k, c FROM sbtest4 WHERE k BETWEEN 8015230 AND 8015330
	Bitmap Heap Scan on sbtest4  (cost=5.52..424.81 rows=106 width=125)
	  Recheck Cond: ((k >= 8015230) AND (k <= 8015330))
	  ->  Bitmap Index Scan on k_4  (cost=0.00..5.50 rows=106 width=0)
	        Index Cond: ((k >= 8015230) AND (k <= 8015330))

table 5 : explain SELECT k, c FROM sbtest5 WHERE k BETWEEN 8015230 AND 8015330
	Bitmap Heap Scan on sbtest5  (cost=5.36..361.78 rows=90 width=125)
	  Recheck Cond: ((k >= 8015230) AND (k <= 8015330))
	  ->  Bitmap Index Scan on k_5  (cost=0.00..5.33 rows=90 width=0)
	        Index Cond: ((k >= 8015230) AND (k <= 8015330))

table 6 : explain SELECT k, c FROM sbtest6 WHERE k BETWEEN 8015230 AND 8015330
	Bitmap Heap Scan on sbtest6  (cost=5.48..409.07 rows=102 width=125)
	  Recheck Cond: ((k >= 8015230) AND (k <= 8015330))
	  ->  Bitmap Index Scan on k_6  (cost=0.00..5.45 rows=102 width=0)
	        Index Cond: ((k >= 8015230) AND (k <= 8015330))

table 7 : explain SELECT k, c FROM sbtest7 WHERE k BETWEEN 8015230 AND 8015330
	Bitmap Heap Scan on sbtest7  (cost=5.55..436.62 rows=109 width=125)
	  Recheck Cond: ((k >= 8015230) AND (k <= 8015330))
	  ->  Bitmap Index Scan on k_7  (cost=0.00..5.52 rows=109 width=0)
	        Index Cond: ((k >= 8015230) AND (k <= 8015330))

table 8 : explain SELECT k, c FROM sbtest8 WHERE k BETWEEN 8015230 AND 8015330
	Bitmap Heap Scan on sbtest8  (cost=5.43..389.37 rows=97 width=125)
	  Recheck Cond: ((k >= 8015230) AND (k <= 8015330))
	  ->  Bitmap Index Scan on k_8  (cost=0.00..5.40 rows=97 width=0)
	        Index Cond: ((k >= 8015230) AND (k <= 8015330))

explain: for range-notcovered :: explain SELECT k, c FROM sbtest%d WHERE k BETWEEN 6792623 AND 6792723
for range-notcovered
table 1 : explain SELECT k, c FROM sbtest1 WHERE k BETWEEN 3607198 AND 3607298
	Bitmap Heap Scan on sbtest1  (cost=5.38..369.67 rows=92 width=125)
	  Recheck Cond: ((k >= 3607198) AND (k <= 3607298))
	  ->  Bitmap Index Scan on k_1  (cost=0.00..5.35 rows=92 width=0)
	        Index Cond: ((k >= 3607198) AND (k <= 3607298))

table 2 : explain SELECT k, c FROM sbtest2 WHERE k BETWEEN 3607198 AND 3607298
	Bitmap Heap Scan on sbtest2  (cost=5.49..413.00 rows=103 width=125)
	  Recheck Cond: ((k >= 3607198) AND (k <= 3607298))
	  ->  Bitmap Index Scan on k_2  (cost=0.00..5.46 rows=103 width=0)
	        Index Cond: ((k >= 3607198) AND (k <= 3607298))

table 3 : explain SELECT k, c FROM sbtest3 WHERE k BETWEEN 3607198 AND 3607298
	Bitmap Heap Scan on sbtest3  (cost=5.44..393.31 rows=98 width=125)
	  Recheck Cond: ((k >= 3607198) AND (k <= 3607298))
	  ->  Bitmap Index Scan on k_3  (cost=0.00..5.42 rows=98 width=0)
	        Index Cond: ((k >= 3607198) AND (k <= 3607298))

table 4 : explain SELECT k, c FROM sbtest4 WHERE k BETWEEN 3607198 AND 3607298
	Bitmap Heap Scan on sbtest4  (cost=5.54..432.69 rows=108 width=125)
	  Recheck Cond: ((k >= 3607198) AND (k <= 3607298))
	  ->  Bitmap Index Scan on k_4  (cost=0.00..5.51 rows=108 width=0)
	        Index Cond: ((k >= 3607198) AND (k <= 3607298))

table 5 : explain SELECT k, c FROM sbtest5 WHERE k BETWEEN 3607198 AND 3607298
	Bitmap Heap Scan on sbtest5  (cost=5.62..464.15 rows=116 width=125)
	  Recheck Cond: ((k >= 3607198) AND (k <= 3607298))
	  ->  Bitmap Index Scan on k_5  (cost=0.00..5.59 rows=116 width=0)
	        Index Cond: ((k >= 3607198) AND (k <= 3607298))

table 6 : explain SELECT k, c FROM sbtest6 WHERE k BETWEEN 3607198 AND 3607298
	Bitmap Heap Scan on sbtest6  (cost=5.53..428.75 rows=107 width=125)
	  Recheck Cond: ((k >= 3607198) AND (k <= 3607298))
	  ->  Bitmap Index Scan on k_6  (cost=0.00..5.50 rows=107 width=0)
	        Index Cond: ((k >= 3607198) AND (k <= 3607298))

table 7 : explain SELECT k, c FROM sbtest7 WHERE k BETWEEN 3607198 AND 3607298
	Bitmap Heap Scan on sbtest7  (cost=5.49..413.00 rows=103 width=125)
	  Recheck Cond: ((k >= 3607198) AND (k <= 3607298))
	  ->  Bitmap Index Scan on k_7  (cost=0.00..5.46 rows=103 width=0)
	        Index Cond: ((k >= 3607198) AND (k <= 3607298))

table 8 : explain SELECT k, c FROM sbtest8 WHERE k BETWEEN 3607198 AND 3607298
	Bitmap Heap Scan on sbtest8  (cost=5.53..428.75 rows=107 width=125)
	  Recheck Cond: ((k >= 3607198) AND (k <= 3607298))
	  ->  Bitmap Index Scan on k_8  (cost=0.00..5.50 rows=107 width=0)
	        Index Cond: ((k >= 3607198) AND (k <= 3607298))

for range-notcovered
table 1 : explain SELECT k, c FROM sbtest1 WHERE k BETWEEN 3194969 AND 3195069
	Bitmap Heap Scan on sbtest1  (cost=5.49..413.00 rows=103 width=125)
	  Recheck Cond: ((k >= 3194969) AND (k <= 3195069))
	  ->  Bitmap Index Scan on k_1  (cost=0.00..5.46 rows=103 width=0)
	        Index Cond: ((k >= 3194969) AND (k <= 3195069))

table 2 : explain SELECT k, c FROM sbtest2 WHERE k BETWEEN 3194969 AND 3195069
	Bitmap Heap Scan on sbtest2  (cost=5.49..413.00 rows=103 width=125)
	  Recheck Cond: ((k >= 3194969) AND (k <= 3195069))
	  ->  Bitmap Index Scan on k_2  (cost=0.00..5.46 rows=103 width=0)
	        Index Cond: ((k >= 3194969) AND (k <= 3195069))

table 3 : explain SELECT k, c FROM sbtest3 WHERE k BETWEEN 3194969 AND 3195069
	Bitmap Heap Scan on sbtest3  (cost=5.40..377.55 rows=94 width=125)
	  Recheck Cond: ((k >= 3194969) AND (k <= 3195069))
	  ->  Bitmap Index Scan on k_3  (cost=0.00..5.38 rows=94 width=0)
	        Index Cond: ((k >= 3194969) AND (k <= 3195069))

table 4 : explain SELECT k, c FROM sbtest4 WHERE k BETWEEN 3194969 AND 3195069
	Bitmap Heap Scan on sbtest4  (cost=5.56..440.56 rows=110 width=125)
	  Recheck Cond: ((k >= 3194969) AND (k <= 3195069))
	  ->  Bitmap Index Scan on k_4  (cost=0.00..5.53 rows=110 width=0)
	        Index Cond: ((k >= 3194969) AND (k <= 3195069))

table 5 : explain SELECT k, c FROM sbtest5 WHERE k BETWEEN 3194969 AND 3195069
	Bitmap Heap Scan on sbtest5  (cost=5.47..405.13 rows=101 width=125)
	  Recheck Cond: ((k >= 3194969) AND (k <= 3195069))
	  ->  Bitmap Index Scan on k_5  (cost=0.00..5.44 rows=101 width=0)
	        Index Cond: ((k >= 3194969) AND (k <= 3195069))

table 6 : explain SELECT k, c FROM sbtest6 WHERE k BETWEEN 3194969 AND 3195069
	Bitmap Heap Scan on sbtest6  (cost=5.49..413.00 rows=103 width=125)
	  Recheck Cond: ((k >= 3194969) AND (k <= 3195069))
	  ->  Bitmap Index Scan on k_6  (cost=0.00..5.46 rows=103 width=0)
	        Index Cond: ((k >= 3194969) AND (k <= 3195069))

table 7 : explain SELECT k, c FROM sbtest7 WHERE k BETWEEN 3194969 AND 3195069
	Bitmap Heap Scan on sbtest7  (cost=5.50..416.94 rows=104 width=125)
	  Recheck Cond: ((k >= 3194969) AND (k <= 3195069))
	  ->  Bitmap Index Scan on k_7  (cost=0.00..5.47 rows=104 width=0)
	        Index Cond: ((k >= 3194969) AND (k <= 3195069))

table 8 : explain SELECT k, c FROM sbtest8 WHERE k BETWEEN 3194969 AND 3195069
	Bitmap Heap Scan on sbtest8  (cost=5.57..444.49 rows=111 width=125)
	  Recheck Cond: ((k >= 3194969) AND (k <= 3195069))
	  ->  Bitmap Index Scan on k_8  (cost=0.00..5.54 rows=111 width=0)
	        Index Cond: ((k >= 3194969) AND (k <= 3195069))

for range-notcovered
table 1 : explain SELECT k, c FROM sbtest1 WHERE k BETWEEN 6335508 AND 6335608
	Bitmap Heap Scan on sbtest1  (cost=5.48..409.07 rows=102 width=125)
	  Recheck Cond: ((k >= 6335508) AND (k <= 6335608))
	  ->  Bitmap Index Scan on k_1  (cost=0.00..5.45 rows=102 width=0)
	        Index Cond: ((k >= 6335508) AND (k <= 6335608))

table 2 : explain SELECT k, c FROM sbtest2 WHERE k BETWEEN 6335508 AND 6335608
	Bitmap Heap Scan on sbtest2  (cost=5.37..365.72 rows=91 width=125)
	  Recheck Cond: ((k >= 6335508) AND (k <= 6335608))
	  ->  Bitmap Index Scan on k_2  (cost=0.00..5.34 rows=91 width=0)
	        Index Cond: ((k >= 6335508) AND (k <= 6335608))

table 3 : explain SELECT k, c FROM sbtest3 WHERE k BETWEEN 6335508 AND 6335608
	Bitmap Heap Scan on sbtest3  (cost=5.46..401.19 rows=100 width=125)
	  Recheck Cond: ((k >= 6335508) AND (k <= 6335608))
	  ->  Bitmap Index Scan on k_3  (cost=0.00..5.43 rows=100 width=0)
	        Index Cond: ((k >= 6335508) AND (k <= 6335608))

table 4 : explain SELECT k, c FROM sbtest4 WHERE k BETWEEN 6335508 AND 6335608
	Bitmap Heap Scan on sbtest4  (cost=5.50..416.94 rows=104 width=125)
	  Recheck Cond: ((k >= 6335508) AND (k <= 6335608))
	  ->  Bitmap Index Scan on k_4  (cost=0.00..5.47 rows=104 width=0)
	        Index Cond: ((k >= 6335508) AND (k <= 6335608))

table 5 : explain SELECT k, c FROM sbtest5 WHERE k BETWEEN 6335508 AND 6335608
	Bitmap Heap Scan on sbtest5  (cost=5.48..409.07 rows=102 width=125)
	  Recheck Cond: ((k >= 6335508) AND (k <= 6335608))
	  ->  Bitmap Index Scan on k_5  (cost=0.00..5.45 rows=102 width=0)
	        Index Cond: ((k >= 6335508) AND (k <= 6335608))

table 6 : explain SELECT k, c FROM sbtest6 WHERE k BETWEEN 6335508 AND 6335608
	Bitmap Heap Scan on sbtest6  (cost=5.43..389.37 rows=97 width=125)
	  Recheck Cond: ((k >= 6335508) AND (k <= 6335608))
	  ->  Bitmap Index Scan on k_6  (cost=0.00..5.40 rows=97 width=0)
	        Index Cond: ((k >= 6335508) AND (k <= 6335608))

table 7 : explain SELECT k, c FROM sbtest7 WHERE k BETWEEN 6335508 AND 6335608
	Bitmap Heap Scan on sbtest7  (cost=5.47..405.13 rows=101 width=125)
	  Recheck Cond: ((k >= 6335508) AND (k <= 6335608))
	  ->  Bitmap Index Scan on k_7  (cost=0.00..5.44 rows=101 width=0)
	        Index Cond: ((k >= 6335508) AND (k <= 6335608))

table 8 : explain SELECT k, c FROM sbtest8 WHERE k BETWEEN 6335508 AND 6335608
	Bitmap Heap Scan on sbtest8  (cost=5.43..389.37 rows=97 width=125)
	  Recheck Cond: ((k >= 6335508) AND (k <= 6335608))
	  ->  Bitmap Index Scan on k_8  (cost=0.00..5.40 rows=97 width=0)
	        Index Cond: ((k >= 6335508) AND (k <= 6335608))

explain: for range-notcovered :: explain SELECT k, c FROM sbtest%d WHERE k BETWEEN 3607198 AND 3607298
explain: for range-notcovered :: explain SELECT k, c FROM sbtest%d WHERE k BETWEEN 6335508 AND 6335608
explain: for range-notcovered :: explain SELECT k, c FROM sbtest%d WHERE k BETWEEN 3194969 AND 3195069
for range-notcovered
table 1 : explain SELECT k, c FROM sbtest1 WHERE k BETWEEN 3203192 AND 3203292
	Bitmap Heap Scan on sbtest1  (cost=5.50..416.94 rows=104 width=125)
	  Recheck Cond: ((k >= 3203192) AND (k <= 3203292))
	  ->  Bitmap Index Scan on k_1  (cost=0.00..5.47 rows=104 width=0)
	        Index Cond: ((k >= 3203192) AND (k <= 3203292))

table 2 : explain SELECT k, c FROM sbtest2 WHERE k BETWEEN 3203192 AND 3203292
	Bitmap Heap Scan on sbtest2  (cost=5.49..413.00 rows=103 width=125)
	  Recheck Cond: ((k >= 3203192) AND (k <= 3203292))
	  ->  Bitmap Index Scan on k_2  (cost=0.00..5.46 rows=103 width=0)
	        Index Cond: ((k >= 3203192) AND (k <= 3203292))

table 3 : explain SELECT k, c FROM sbtest3 WHERE k BETWEEN 3203192 AND 3203292
	Bitmap Heap Scan on sbtest3  (cost=5.40..377.55 rows=94 width=125)
	  Recheck Cond: ((k >= 3203192) AND (k <= 3203292))
	  ->  Bitmap Index Scan on k_3  (cost=0.00..5.38 rows=94 width=0)
	        Index Cond: ((k >= 3203192) AND (k <= 3203292))

table 4 : explain SELECT k, c FROM sbtest4 WHERE k BETWEEN 3203192 AND 3203292
	Bitmap Heap Scan on sbtest4  (cost=5.48..409.07 rows=102 width=125)
	  Recheck Cond: ((k >= 3203192) AND (k <= 3203292))
	  ->  Bitmap Index Scan on k_4  (cost=0.00..5.45 rows=102 width=0)
	        Index Cond: ((k >= 3203192) AND (k <= 3203292))

table 5 : explain SELECT k, c FROM sbtest5 WHERE k BETWEEN 3203192 AND 3203292
	Bitmap Heap Scan on sbtest5  (cost=5.47..405.13 rows=101 width=125)
	  Recheck Cond: ((k >= 3203192) AND (k <= 3203292))
	  ->  Bitmap Index Scan on k_5  (cost=0.00..5.44 rows=101 width=0)
	        Index Cond: ((k >= 3203192) AND (k <= 3203292))

table 6 : explain SELECT k, c FROM sbtest6 WHERE k BETWEEN 3203192 AND 3203292
	Bitmap Heap Scan on sbtest6  (cost=5.49..413.00 rows=103 width=125)
	  Recheck Cond: ((k >= 3203192) AND (k <= 3203292))
	  ->  Bitmap Index Scan on k_6  (cost=0.00..5.46 rows=103 width=0)
	        Index Cond: ((k >= 3203192) AND (k <= 3203292))

table 7 : explain SELECT k, c FROM sbtest7 WHERE k BETWEEN 3203192 AND 3203292
	Bitmap Heap Scan on sbtest7  (cost=5.50..416.94 rows=104 width=125)
	  Recheck Cond: ((k >= 3203192) AND (k <= 3203292))
	  ->  Bitmap Index Scan on k_7  (cost=0.00..5.47 rows=104 width=0)
	        Index Cond: ((k >= 3203192) AND (k <= 3203292))

table 8 : explain SELECT k, c FROM sbtest8 WHERE k BETWEEN 3203192 AND 3203292
	Bitmap Heap Scan on sbtest8  (cost=5.57..444.49 rows=111 width=125)
	  Recheck Cond: ((k >= 3203192) AND (k <= 3203292))
	  ->  Bitmap Index Scan on k_8  (cost=0.00..5.54 rows=111 width=0)
	        Index Cond: ((k >= 3203192) AND (k <= 3203292))

for range-notcovered
table 1 : explain SELECT k, c FROM sbtest1 WHERE k BETWEEN 6335508 AND 6335608
	Bitmap Heap Scan on sbtest1  (cost=5.48..409.07 rows=102 width=125)
	  Recheck Cond: ((k >= 6335508) AND (k <= 6335608))
	  ->  Bitmap Index Scan on k_1  (cost=0.00..5.45 rows=102 width=0)
	        Index Cond: ((k >= 6335508) AND (k <= 6335608))

table 2 : explain SELECT k, c FROM sbtest2 WHERE k BETWEEN 6335508 AND 6335608
	Bitmap Heap Scan on sbtest2  (cost=5.37..365.72 rows=91 width=125)
	  Recheck Cond: ((k >= 6335508) AND (k <= 6335608))
	  ->  Bitmap Index Scan on k_2  (cost=0.00..5.34 rows=91 width=0)
	        Index Cond: ((k >= 6335508) AND (k <= 6335608))

table 3 : explain SELECT k, c FROM sbtest3 WHERE k BETWEEN 6335508 AND 6335608
	Bitmap Heap Scan on sbtest3  (cost=5.46..401.19 rows=100 width=125)
	  Recheck Cond: ((k >= 6335508) AND (k <= 6335608))
	  ->  Bitmap Index Scan on k_3  (cost=0.00..5.43 rows=100 width=0)
	        Index Cond: ((k >= 6335508) AND (k <= 6335608))

table 4 : explain SELECT k, c FROM sbtest4 WHERE k BETWEEN 6335508 AND 6335608
	Bitmap Heap Scan on sbtest4  (cost=5.50..416.94 rows=104 width=125)
	  Recheck Cond: ((k >= 6335508) AND (k <= 6335608))
	  ->  Bitmap Index Scan on k_4  (cost=0.00..5.47 rows=104 width=0)
	        Index Cond: ((k >= 6335508) AND (k <= 6335608))

table 5 : explain SELECT k, c FROM sbtest5 WHERE k BETWEEN 6335508 AND 6335608
	Bitmap Heap Scan on sbtest5  (cost=5.48..409.07 rows=102 width=125)
	  Recheck Cond: ((k >= 6335508) AND (k <= 6335608))
	  ->  Bitmap Index Scan on k_5  (cost=0.00..5.45 rows=102 width=0)
	        Index Cond: ((k >= 6335508) AND (k <= 6335608))

table 6 : explain SELECT k, c FROM sbtest6 WHERE k BETWEEN 6335508 AND 6335608
	Bitmap Heap Scan on sbtest6  (cost=5.43..389.37 rows=97 width=125)
	  Recheck Cond: ((k >= 6335508) AND (k <= 6335608))
	  ->  Bitmap Index Scan on k_6  (cost=0.00..5.40 rows=97 width=0)
	        Index Cond: ((k >= 6335508) AND (k <= 6335608))

table 7 : explain SELECT k, c FROM sbtest7 WHERE k BETWEEN 6335508 AND 6335608
	Bitmap Heap Scan on sbtest7  (cost=5.47..405.13 rows=101 width=125)
	  Recheck Cond: ((k >= 6335508) AND (k <= 6335608))
	  ->  Bitmap Index Scan on k_7  (cost=0.00..5.44 rows=101 width=0)
	        Index Cond: ((k >= 6335508) AND (k <= 6335608))

table 8 : explain SELECT k, c FROM sbtest8 WHERE k BETWEEN 6335508 AND 6335608
	Bitmap Heap Scan on sbtest8  (cost=5.43..389.37 rows=97 width=125)
	  Recheck Cond: ((k >= 6335508) AND (k <= 6335608))
	  ->  Bitmap Index Scan on k_8  (cost=0.00..5.40 rows=97 width=0)
	        Index Cond: ((k >= 6335508) AND (k <= 6335608))

explain: for range-notcovered :: explain SELECT k, c FROM sbtest%d WHERE k BETWEEN 3203192 AND 3203292
explain: for range-notcovered :: explain SELECT k, c FROM sbtest%d WHERE k BETWEEN 6335508 AND 6335608
for range-notcovered
table 1 : explain SELECT k, c FROM sbtest1 WHERE k BETWEEN 3607198 AND 3607298
	Bitmap Heap Scan on sbtest1  (cost=5.38..369.67 rows=92 width=125)
	  Recheck Cond: ((k >= 3607198) AND (k <= 3607298))
	  ->  Bitmap Index Scan on k_1  (cost=0.00..5.35 rows=92 width=0)
	        Index Cond: ((k >= 3607198) AND (k <= 3607298))

table 2 : explain SELECT k, c FROM sbtest2 WHERE k BETWEEN 3607198 AND 3607298
	Bitmap Heap Scan on sbtest2  (cost=5.49..413.00 rows=103 width=125)
	  Recheck Cond: ((k >= 3607198) AND (k <= 3607298))
	  ->  Bitmap Index Scan on k_2  (cost=0.00..5.46 rows=103 width=0)
	        Index Cond: ((k >= 3607198) AND (k <= 3607298))

table 3 : explain SELECT k, c FROM sbtest3 WHERE k BETWEEN 3607198 AND 3607298
	Bitmap Heap Scan on sbtest3  (cost=5.44..393.31 rows=98 width=125)
	  Recheck Cond: ((k >= 3607198) AND (k <= 3607298))
	  ->  Bitmap Index Scan on k_3  (cost=0.00..5.42 rows=98 width=0)
	        Index Cond: ((k >= 3607198) AND (k <= 3607298))

table 4 : explain SELECT k, c FROM sbtest4 WHERE k BETWEEN 3607198 AND 3607298
	Bitmap Heap Scan on sbtest4  (cost=5.54..432.69 rows=108 width=125)
	  Recheck Cond: ((k >= 3607198) AND (k <= 3607298))
	  ->  Bitmap Index Scan on k_4  (cost=0.00..5.51 rows=108 width=0)
	        Index Cond: ((k >= 3607198) AND (k <= 3607298))

table 5 : explain SELECT k, c FROM sbtest5 WHERE k BETWEEN 3607198 AND 3607298
	Bitmap Heap Scan on sbtest5  (cost=5.62..464.15 rows=116 width=125)
	  Recheck Cond: ((k >= 3607198) AND (k <= 3607298))
	  ->  Bitmap Index Scan on k_5  (cost=0.00..5.59 rows=116 width=0)
	        Index Cond: ((k >= 3607198) AND (k <= 3607298))

table 6 : explain SELECT k, c FROM sbtest6 WHERE k BETWEEN 3607198 AND 3607298
	Bitmap Heap Scan on sbtest6  (cost=5.53..428.75 rows=107 width=125)
	  Recheck Cond: ((k >= 3607198) AND (k <= 3607298))
	  ->  Bitmap Index Scan on k_6  (cost=0.00..5.50 rows=107 width=0)
	        Index Cond: ((k >= 3607198) AND (k <= 3607298))

table 7 : explain SELECT k, c FROM sbtest7 WHERE k BETWEEN 3607198 AND 3607298
	Bitmap Heap Scan on sbtest7  (cost=5.49..413.00 rows=103 width=125)
	  Recheck Cond: ((k >= 3607198) AND (k <= 3607298))
	  ->  Bitmap Index Scan on k_7  (cost=0.00..5.46 rows=103 width=0)
	        Index Cond: ((k >= 3607198) AND (k <= 3607298))

table 8 : explain SELECT k, c FROM sbtest8 WHERE k BETWEEN 3607198 AND 3607298
	Bitmap Heap Scan on sbtest8  (cost=5.53..428.75 rows=107 width=125)
	  Recheck Cond: ((k >= 3607198) AND (k <= 3607298))
	  ->  Bitmap Index Scan on k_8  (cost=0.00..5.50 rows=107 width=0)
	        Index Cond: ((k >= 3607198) AND (k <= 3607298))

explain: for range-notcovered :: explain SELECT k, c FROM sbtest%d WHERE k BETWEEN 3607198 AND 3607298
for range-notcovered
table 1 : explain SELECT k, c FROM sbtest1 WHERE k BETWEEN 4716009 AND 4716109
	Bitmap Heap Scan on sbtest1  (cost=5.49..413.00 rows=103 width=125)
	  Recheck Cond: ((k >= 4716009) AND (k <= 4716109))
	  ->  Bitmap Index Scan on k_1  (cost=0.00..5.46 rows=103 width=0)
	        Index Cond: ((k >= 4716009) AND (k <= 4716109))

table 2 : explain SELECT k, c FROM sbtest2 WHERE k BETWEEN 4716009 AND 4716109
	Bitmap Heap Scan on sbtest2  (cost=5.41..381.49 rows=95 width=125)
	  Recheck Cond: ((k >= 4716009) AND (k <= 4716109))
	  ->  Bitmap Index Scan on k_2  (cost=0.00..5.38 rows=95 width=0)
	        Index Cond: ((k >= 4716009) AND (k <= 4716109))

table 3 : explain SELECT k, c FROM sbtest3 WHERE k BETWEEN 4716009 AND 4716109
	Bitmap Heap Scan on sbtest3  (cost=5.46..401.19 rows=100 width=125)
	  Recheck Cond: ((k >= 4716009) AND (k <= 4716109))
	  ->  Bitmap Index Scan on k_3  (cost=0.00..5.43 rows=100 width=0)
	        Index Cond: ((k >= 4716009) AND (k <= 4716109))

table 4 : explain SELECT k, c FROM sbtest4 WHERE k BETWEEN 4716009 AND 4716109
	Bitmap Heap Scan on sbtest4  (cost=5.48..409.07 rows=102 width=125)
	  Recheck Cond: ((k >= 4716009) AND (k <= 4716109))
	  ->  Bitmap Index Scan on k_4  (cost=0.00..5.45 rows=102 width=0)
	        Index Cond: ((k >= 4716009) AND (k <= 4716109))

table 5 : explain SELECT k, c FROM sbtest5 WHERE k BETWEEN 4716009 AND 4716109
	Bitmap Heap Scan on sbtest5  (cost=5.53..428.75 rows=107 width=125)
	  Recheck Cond: ((k >= 4716009) AND (k <= 4716109))
	  ->  Bitmap Index Scan on k_5  (cost=0.00..5.50 rows=107 width=0)
	        Index Cond: ((k >= 4716009) AND (k <= 4716109))

table 6 : explain SELECT k, c FROM sbtest6 WHERE k BETWEEN 4716009 AND 4716109
	Bitmap Heap Scan on sbtest6  (cost=5.57..444.49 rows=111 width=125)
	  Recheck Cond: ((k >= 4716009) AND (k <= 4716109))
	  ->  Bitmap Index Scan on k_6  (cost=0.00..5.54 rows=111 width=0)
	        Index Cond: ((k >= 4716009) AND (k <= 4716109))

table 7 : explain SELECT k, c FROM sbtest7 WHERE k BETWEEN 4716009 AND 4716109
	Bitmap Heap Scan on sbtest7  (cost=5.45..397.25 rows=99 width=125)
	  Recheck Cond: ((k >= 4716009) AND (k <= 4716109))
	  ->  Bitmap Index Scan on k_7  (cost=0.00..5.42 rows=99 width=0)
	        Index Cond: ((k >= 4716009) AND (k <= 4716109))

table 8 : explain SELECT k, c FROM sbtest8 WHERE k BETWEEN 4716009 AND 4716109
	Bitmap Heap Scan on sbtest8  (cost=5.46..401.19 rows=100 width=125)
	  Recheck Cond: ((k >= 4716009) AND (k <= 4716109))
	  ->  Bitmap Index Scan on k_8  (cost=0.00..5.43 rows=100 width=0)
	        Index Cond: ((k >= 4716009) AND (k <= 4716109))

for range-notcovered
table 1 : explain SELECT k, c FROM sbtest1 WHERE k BETWEEN 6335508 AND 6335608
	Bitmap Heap Scan on sbtest1  (cost=5.48..409.07 rows=102 width=125)
	  Recheck Cond: ((k >= 6335508) AND (k <= 6335608))
	  ->  Bitmap Index Scan on k_1  (cost=0.00..5.45 rows=102 width=0)
	        Index Cond: ((k >= 6335508) AND (k <= 6335608))

table 2 : explain SELECT k, c FROM sbtest2 WHERE k BETWEEN 6335508 AND 6335608
	Bitmap Heap Scan on sbtest2  (cost=5.37..365.72 rows=91 width=125)
	  Recheck Cond: ((k >= 6335508) AND (k <= 6335608))
	  ->  Bitmap Index Scan on k_2  (cost=0.00..5.34 rows=91 width=0)
	        Index Cond: ((k >= 6335508) AND (k <= 6335608))

table 3 : explain SELECT k, c FROM sbtest3 WHERE k BETWEEN 6335508 AND 6335608
	Bitmap Heap Scan on sbtest3  (cost=5.46..401.19 rows=100 width=125)
	  Recheck Cond: ((k >= 6335508) AND (k <= 6335608))
	  ->  Bitmap Index Scan on k_3  (cost=0.00..5.43 rows=100 width=0)
	        Index Cond: ((k >= 6335508) AND (k <= 6335608))

table 4 : explain SELECT k, c FROM sbtest4 WHERE k BETWEEN 6335508 AND 6335608
	Bitmap Heap Scan on sbtest4  (cost=5.50..416.94 rows=104 width=125)
	  Recheck Cond: ((k >= 6335508) AND (k <= 6335608))
	  ->  Bitmap Index Scan on k_4  (cost=0.00..5.47 rows=104 width=0)
	        Index Cond: ((k >= 6335508) AND (k <= 6335608))

table 5 : explain SELECT k, c FROM sbtest5 WHERE k BETWEEN 6335508 AND 6335608
	Bitmap Heap Scan on sbtest5  (cost=5.48..409.07 rows=102 width=125)
	  Recheck Cond: ((k >= 6335508) AND (k <= 6335608))
	  ->  Bitmap Index Scan on k_5  (cost=0.00..5.45 rows=102 width=0)
	        Index Cond: ((k >= 6335508) AND (k <= 6335608))

table 6 : explain SELECT k, c FROM sbtest6 WHERE k BETWEEN 6335508 AND 6335608
	Bitmap Heap Scan on sbtest6  (cost=5.43..389.37 rows=97 width=125)
	  Recheck Cond: ((k >= 6335508) AND (k <= 6335608))
	  ->  Bitmap Index Scan on k_6  (cost=0.00..5.40 rows=97 width=0)
	        Index Cond: ((k >= 6335508) AND (k <= 6335608))

table 7 : explain SELECT k, c FROM sbtest7 WHERE k BETWEEN 6335508 AND 6335608
	Bitmap Heap Scan on sbtest7  (cost=5.47..405.13 rows=101 width=125)
	  Recheck Cond: ((k >= 6335508) AND (k <= 6335608))
	  ->  Bitmap Index Scan on k_7  (cost=0.00..5.44 rows=101 width=0)
	        Index Cond: ((k >= 6335508) AND (k <= 6335608))

table 8 : explain SELECT k, c FROM sbtest8 WHERE k BETWEEN 6335508 AND 6335608
	Bitmap Heap Scan on sbtest8  (cost=5.43..389.37 rows=97 width=125)
	  Recheck Cond: ((k >= 6335508) AND (k <= 6335608))
	  ->  Bitmap Index Scan on k_8  (cost=0.00..5.40 rows=97 width=0)
	        Index Cond: ((k >= 6335508) AND (k <= 6335608))

explain: for range-notcovered :: explain SELECT k, c FROM sbtest%d WHERE k BETWEEN 6335508 AND 6335608
for range-notcovered
table 1 : explain SELECT k, c FROM sbtest1 WHERE k BETWEEN 3194969 AND 3195069
	Bitmap Heap Scan on sbtest1  (cost=5.49..413.00 rows=103 width=125)
	  Recheck Cond: ((k >= 3194969) AND (k <= 3195069))
	  ->  Bitmap Index Scan on k_1  (cost=0.00..5.46 rows=103 width=0)
	        Index Cond: ((k >= 3194969) AND (k <= 3195069))

table 2 : explain SELECT k, c FROM sbtest2 WHERE k BETWEEN 3194969 AND 3195069
	Bitmap Heap Scan on sbtest2  (cost=5.49..413.00 rows=103 width=125)
	  Recheck Cond: ((k >= 3194969) AND (k <= 3195069))
	  ->  Bitmap Index Scan on k_2  (cost=0.00..5.46 rows=103 width=0)
	        Index Cond: ((k >= 3194969) AND (k <= 3195069))

table 3 : explain SELECT k, c FROM sbtest3 WHERE k BETWEEN 3194969 AND 3195069
	Bitmap Heap Scan on sbtest3  (cost=5.40..377.55 rows=94 width=125)
	  Recheck Cond: ((k >= 3194969) AND (k <= 3195069))
	  ->  Bitmap Index Scan on k_3  (cost=0.00..5.38 rows=94 width=0)
	        Index Cond: ((k >= 3194969) AND (k <= 3195069))

table 4 : explain SELECT k, c FROM sbtest4 WHERE k BETWEEN 3194969 AND 3195069
	Bitmap Heap Scan on sbtest4  (cost=5.56..440.56 rows=110 width=125)
	  Recheck Cond: ((k >= 3194969) AND (k <= 3195069))
	  ->  Bitmap Index Scan on k_4  (cost=0.00..5.53 rows=110 width=0)
	        Index Cond: ((k >= 3194969) AND (k <= 3195069))

table 5 : explain SELECT k, c FROM sbtest5 WHERE k BETWEEN 3194969 AND 3195069
	Bitmap Heap Scan on sbtest5  (cost=5.47..405.13 rows=101 width=125)
	  Recheck Cond: ((k >= 3194969) AND (k <= 3195069))
	  ->  Bitmap Index Scan on k_5  (cost=0.00..5.44 rows=101 width=0)
	        Index Cond: ((k >= 3194969) AND (k <= 3195069))

table 6 : explain SELECT k, c FROM sbtest6 WHERE k BETWEEN 3194969 AND 3195069
	Bitmap Heap Scan on sbtest6  (cost=5.49..413.00 rows=103 width=125)
	  Recheck Cond: ((k >= 3194969) AND (k <= 3195069))
	  ->  Bitmap Index Scan on k_6  (cost=0.00..5.46 rows=103 width=0)
	        Index Cond: ((k >= 3194969) AND (k <= 3195069))

table 7 : explain SELECT k, c FROM sbtest7 WHERE k BETWEEN 3194969 AND 3195069
	Bitmap Heap Scan on sbtest7  (cost=5.50..416.94 rows=104 width=125)
	  Recheck Cond: ((k >= 3194969) AND (k <= 3195069))
	  ->  Bitmap Index Scan on k_7  (cost=0.00..5.47 rows=104 width=0)
	        Index Cond: ((k >= 3194969) AND (k <= 3195069))

table 8 : explain SELECT k, c FROM sbtest8 WHERE k BETWEEN 3194969 AND 3195069
	Bitmap Heap Scan on sbtest8  (cost=5.57..444.49 rows=111 width=125)
	  Recheck Cond: ((k >= 3194969) AND (k <= 3195069))
	  ->  Bitmap Index Scan on k_8  (cost=0.00..5.54 rows=111 width=0)
	        Index Cond: ((k >= 3194969) AND (k <= 3195069))

explain: for range-notcovered :: explain SELECT k, c FROM sbtest%d WHERE k BETWEEN 3194969 AND 3195069
explain: for range-notcovered :: explain SELECT k, c FROM sbtest%d WHERE k BETWEEN 4716009 AND 4716109
for range-notcovered
table 1 : explain SELECT k, c FROM sbtest1 WHERE k BETWEEN 3194969 AND 3195069
	Bitmap Heap Scan on sbtest1  (cost=5.49..413.00 rows=103 width=125)
	  Recheck Cond: ((k >= 3194969) AND (k <= 3195069))
	  ->  Bitmap Index Scan on k_1  (cost=0.00..5.46 rows=103 width=0)
	        Index Cond: ((k >= 3194969) AND (k <= 3195069))

table 2 : explain SELECT k, c FROM sbtest2 WHERE k BETWEEN 3194969 AND 3195069
	Bitmap Heap Scan on sbtest2  (cost=5.49..413.00 rows=103 width=125)
	  Recheck Cond: ((k >= 3194969) AND (k <= 3195069))
	  ->  Bitmap Index Scan on k_2  (cost=0.00..5.46 rows=103 width=0)
	        Index Cond: ((k >= 3194969) AND (k <= 3195069))

table 3 : explain SELECT k, c FROM sbtest3 WHERE k BETWEEN 3194969 AND 3195069
	Bitmap Heap Scan on sbtest3  (cost=5.40..377.55 rows=94 width=125)
	  Recheck Cond: ((k >= 3194969) AND (k <= 3195069))
	  ->  Bitmap Index Scan on k_3  (cost=0.00..5.38 rows=94 width=0)
	        Index Cond: ((k >= 3194969) AND (k <= 3195069))

table 4 : explain SELECT k, c FROM sbtest4 WHERE k BETWEEN 3194969 AND 3195069
	Bitmap Heap Scan on sbtest4  (cost=5.56..440.56 rows=110 width=125)
	  Recheck Cond: ((k >= 3194969) AND (k <= 3195069))
	  ->  Bitmap Index Scan on k_4  (cost=0.00..5.53 rows=110 width=0)
	        Index Cond: ((k >= 3194969) AND (k <= 3195069))

table 5 : explain SELECT k, c FROM sbtest5 WHERE k BETWEEN 3194969 AND 3195069
	Bitmap Heap Scan on sbtest5  (cost=5.47..405.13 rows=101 width=125)
	  Recheck Cond: ((k >= 3194969) AND (k <= 3195069))
	  ->  Bitmap Index Scan on k_5  (cost=0.00..5.44 rows=101 width=0)
	        Index Cond: ((k >= 3194969) AND (k <= 3195069))

table 6 : explain SELECT k, c FROM sbtest6 WHERE k BETWEEN 3194969 AND 3195069
	Bitmap Heap Scan on sbtest6  (cost=5.49..413.00 rows=103 width=125)
	  Recheck Cond: ((k >= 3194969) AND (k <= 3195069))
	  ->  Bitmap Index Scan on k_6  (cost=0.00..5.46 rows=103 width=0)
	        Index Cond: ((k >= 3194969) AND (k <= 3195069))

table 7 : explain SELECT k, c FROM sbtest7 WHERE k BETWEEN 3194969 AND 3195069
	Bitmap Heap Scan on sbtest7  (cost=5.50..416.94 rows=104 width=125)
	  Recheck Cond: ((k >= 3194969) AND (k <= 3195069))
	  ->  Bitmap Index Scan on k_7  (cost=0.00..5.47 rows=104 width=0)
	        Index Cond: ((k >= 3194969) AND (k <= 3195069))

table 8 : explain SELECT k, c FROM sbtest8 WHERE k BETWEEN 3194969 AND 3195069
	Bitmap Heap Scan on sbtest8  (cost=5.57..444.49 rows=111 width=125)
	  Recheck Cond: ((k >= 3194969) AND (k <= 3195069))
	  ->  Bitmap Index Scan on k_8  (cost=0.00..5.54 rows=111 width=0)
	        Index Cond: ((k >= 3194969) AND (k <= 3195069))

explain: for range-notcovered :: explain SELECT k, c FROM sbtest%d WHERE k BETWEEN 3194969 AND 3195069
explain: for range-notcovered :: explain SELECT k, c FROM sbtest%d WHERE k BETWEEN 5053687 AND 5053787
for range-notcovered
table 1 : explain SELECT k, c FROM sbtest1 WHERE k BETWEEN 3203192 AND 3203292
	Bitmap Heap Scan on sbtest1  (cost=5.50..416.94 rows=104 width=125)
	  Recheck Cond: ((k >= 3203192) AND (k <= 3203292))
	  ->  Bitmap Index Scan on k_1  (cost=0.00..5.47 rows=104 width=0)
	        Index Cond: ((k >= 3203192) AND (k <= 3203292))

table 2 : explain SELECT k, c FROM sbtest2 WHERE k BETWEEN 3203192 AND 3203292
	Bitmap Heap Scan on sbtest2  (cost=5.49..413.00 rows=103 width=125)
	  Recheck Cond: ((k >= 3203192) AND (k <= 3203292))
	  ->  Bitmap Index Scan on k_2  (cost=0.00..5.46 rows=103 width=0)
	        Index Cond: ((k >= 3203192) AND (k <= 3203292))

table 3 : explain SELECT k, c FROM sbtest3 WHERE k BETWEEN 3203192 AND 3203292
	Bitmap Heap Scan on sbtest3  (cost=5.40..377.55 rows=94 width=125)
	  Recheck Cond: ((k >= 3203192) AND (k <= 3203292))
	  ->  Bitmap Index Scan on k_3  (cost=0.00..5.38 rows=94 width=0)
	        Index Cond: ((k >= 3203192) AND (k <= 3203292))

table 4 : explain SELECT k, c FROM sbtest4 WHERE k BETWEEN 3203192 AND 3203292
	Bitmap Heap Scan on sbtest4  (cost=5.48..409.07 rows=102 width=125)
	  Recheck Cond: ((k >= 3203192) AND (k <= 3203292))
	  ->  Bitmap Index Scan on k_4  (cost=0.00..5.45 rows=102 width=0)
	        Index Cond: ((k >= 3203192) AND (k <= 3203292))

table 5 : explain SELECT k, c FROM sbtest5 WHERE k BETWEEN 3203192 AND 3203292
	Bitmap Heap Scan on sbtest5  (cost=5.47..405.13 rows=101 width=125)
	  Recheck Cond: ((k >= 3203192) AND (k <= 3203292))
	  ->  Bitmap Index Scan on k_5  (cost=0.00..5.44 rows=101 width=0)
	        Index Cond: ((k >= 3203192) AND (k <= 3203292))

table 6 : explain SELECT k, c FROM sbtest6 WHERE k BETWEEN 3203192 AND 3203292
	Bitmap Heap Scan on sbtest6  (cost=5.49..413.00 rows=103 width=125)
	  Recheck Cond: ((k >= 3203192) AND (k <= 3203292))
	  ->  Bitmap Index Scan on k_6  (cost=0.00..5.46 rows=103 width=0)
	        Index Cond: ((k >= 3203192) AND (k <= 3203292))

table 7 : explain SELECT k, c FROM sbtest7 WHERE k BETWEEN 3203192 AND 3203292
	Bitmap Heap Scan on sbtest7  (cost=5.50..416.94 rows=104 width=125)
	  Recheck Cond: ((k >= 3203192) AND (k <= 3203292))
	  ->  Bitmap Index Scan on k_7  (cost=0.00..5.47 rows=104 width=0)
	        Index Cond: ((k >= 3203192) AND (k <= 3203292))

table 8 : explain SELECT k, c FROM sbtest8 WHERE k BETWEEN 3203192 AND 3203292
	Bitmap Heap Scan on sbtest8  (cost=5.57..444.49 rows=111 width=125)
	  Recheck Cond: ((k >= 3203192) AND (k <= 3203292))
	  ->  Bitmap Index Scan on k_8  (cost=0.00..5.54 rows=111 width=0)
	        Index Cond: ((k >= 3203192) AND (k <= 3203292))

for range-notcovered
table 1 : explain SELECT k, c FROM sbtest1 WHERE k BETWEEN 4716009 AND 4716109
	Bitmap Heap Scan on sbtest1  (cost=5.49..413.00 rows=103 width=125)
	  Recheck Cond: ((k >= 4716009) AND (k <= 4716109))
	  ->  Bitmap Index Scan on k_1  (cost=0.00..5.46 rows=103 width=0)
	        Index Cond: ((k >= 4716009) AND (k <= 4716109))

table 2 : explain SELECT k, c FROM sbtest2 WHERE k BETWEEN 4716009 AND 4716109
	Bitmap Heap Scan on sbtest2  (cost=5.41..381.49 rows=95 width=125)
	  Recheck Cond: ((k >= 4716009) AND (k <= 4716109))
	  ->  Bitmap Index Scan on k_2  (cost=0.00..5.38 rows=95 width=0)
	        Index Cond: ((k >= 4716009) AND (k <= 4716109))

table 3 : explain SELECT k, c FROM sbtest3 WHERE k BETWEEN 4716009 AND 4716109
	Bitmap Heap Scan on sbtest3  (cost=5.46..401.19 rows=100 width=125)
	  Recheck Cond: ((k >= 4716009) AND (k <= 4716109))
	  ->  Bitmap Index Scan on k_3  (cost=0.00..5.43 rows=100 width=0)
	        Index Cond: ((k >= 4716009) AND (k <= 4716109))

table 4 : explain SELECT k, c FROM sbtest4 WHERE k BETWEEN 4716009 AND 4716109
	Bitmap Heap Scan on sbtest4  (cost=5.48..409.07 rows=102 width=125)
	  Recheck Cond: ((k >= 4716009) AND (k <= 4716109))
	  ->  Bitmap Index Scan on k_4  (cost=0.00..5.45 rows=102 width=0)
	        Index Cond: ((k >= 4716009) AND (k <= 4716109))

table 5 : explain SELECT k, c FROM sbtest5 WHERE k BETWEEN 4716009 AND 4716109
	Bitmap Heap Scan on sbtest5  (cost=5.53..428.75 rows=107 width=125)
	  Recheck Cond: ((k >= 4716009) AND (k <= 4716109))
	  ->  Bitmap Index Scan on k_5  (cost=0.00..5.50 rows=107 width=0)
	        Index Cond: ((k >= 4716009) AND (k <= 4716109))

table 6 : explain SELECT k, c FROM sbtest6 WHERE k BETWEEN 4716009 AND 4716109
	Bitmap Heap Scan on sbtest6  (cost=5.57..444.49 rows=111 width=125)
	  Recheck Cond: ((k >= 4716009) AND (k <= 4716109))
	  ->  Bitmap Index Scan on k_6  (cost=0.00..5.54 rows=111 width=0)
	        Index Cond: ((k >= 4716009) AND (k <= 4716109))

table 7 : explain SELECT k, c FROM sbtest7 WHERE k BETWEEN 4716009 AND 4716109
	Bitmap Heap Scan on sbtest7  (cost=5.45..397.25 rows=99 width=125)
	  Recheck Cond: ((k >= 4716009) AND (k <= 4716109))
	  ->  Bitmap Index Scan on k_7  (cost=0.00..5.42 rows=99 width=0)
	        Index Cond: ((k >= 4716009) AND (k <= 4716109))

table 8 : explain SELECT k, c FROM sbtest8 WHERE k BETWEEN 4716009 AND 4716109
	Bitmap Heap Scan on sbtest8  (cost=5.46..401.19 rows=100 width=125)
	  Recheck Cond: ((k >= 4716009) AND (k <= 4716109))
	  ->  Bitmap Index Scan on k_8  (cost=0.00..5.43 rows=100 width=0)
	        Index Cond: ((k >= 4716009) AND (k <= 4716109))

for range-notcovered
table 1 : explain SELECT k, c FROM sbtest1 WHERE k BETWEEN 6335508 AND 6335608
	Bitmap Heap Scan on sbtest1  (cost=5.48..409.07 rows=102 width=125)
	  Recheck Cond: ((k >= 6335508) AND (k <= 6335608))
	  ->  Bitmap Index Scan on k_1  (cost=0.00..5.45 rows=102 width=0)
	        Index Cond: ((k >= 6335508) AND (k <= 6335608))

table 2 : explain SELECT k, c FROM sbtest2 WHERE k BETWEEN 6335508 AND 6335608
	Bitmap Heap Scan on sbtest2  (cost=5.37..365.72 rows=91 width=125)
	  Recheck Cond: ((k >= 6335508) AND (k <= 6335608))
	  ->  Bitmap Index Scan on k_2  (cost=0.00..5.34 rows=91 width=0)
	        Index Cond: ((k >= 6335508) AND (k <= 6335608))

table 3 : explain SELECT k, c FROM sbtest3 WHERE k BETWEEN 6335508 AND 6335608
	Bitmap Heap Scan on sbtest3  (cost=5.46..401.19 rows=100 width=125)
	  Recheck Cond: ((k >= 6335508) AND (k <= 6335608))
	  ->  Bitmap Index Scan on k_3  (cost=0.00..5.43 rows=100 width=0)
	        Index Cond: ((k >= 6335508) AND (k <= 6335608))

table 4 : explain SELECT k, c FROM sbtest4 WHERE k BETWEEN 6335508 AND 6335608
	Bitmap Heap Scan on sbtest4  (cost=5.50..416.94 rows=104 width=125)
	  Recheck Cond: ((k >= 6335508) AND (k <= 6335608))
	  ->  Bitmap Index Scan on k_4  (cost=0.00..5.47 rows=104 width=0)
	        Index Cond: ((k >= 6335508) AND (k <= 6335608))

table 5 : explain SELECT k, c FROM sbtest5 WHERE k BETWEEN 6335508 AND 6335608
	Bitmap Heap Scan on sbtest5  (cost=5.48..409.07 rows=102 width=125)
	  Recheck Cond: ((k >= 6335508) AND (k <= 6335608))
	  ->  Bitmap Index Scan on k_5  (cost=0.00..5.45 rows=102 width=0)
	        Index Cond: ((k >= 6335508) AND (k <= 6335608))

table 6 : explain SELECT k, c FROM sbtest6 WHERE k BETWEEN 6335508 AND 6335608
	Bitmap Heap Scan on sbtest6  (cost=5.43..389.37 rows=97 width=125)
	  Recheck Cond: ((k >= 6335508) AND (k <= 6335608))
	  ->  Bitmap Index Scan on k_6  (cost=0.00..5.40 rows=97 width=0)
	        Index Cond: ((k >= 6335508) AND (k <= 6335608))

table 7 : explain SELECT k, c FROM sbtest7 WHERE k BETWEEN 6335508 AND 6335608
	Bitmap Heap Scan on sbtest7  (cost=5.47..405.13 rows=101 width=125)
	  Recheck Cond: ((k >= 6335508) AND (k <= 6335608))
	  ->  Bitmap Index Scan on k_7  (cost=0.00..5.44 rows=101 width=0)
	        Index Cond: ((k >= 6335508) AND (k <= 6335608))

table 8 : explain SELECT k, c FROM sbtest8 WHERE k BETWEEN 6335508 AND 6335608
	Bitmap Heap Scan on sbtest8  (cost=5.43..389.37 rows=97 width=125)
	  Recheck Cond: ((k >= 6335508) AND (k <= 6335608))
	  ->  Bitmap Index Scan on k_8  (cost=0.00..5.40 rows=97 width=0)
	        Index Cond: ((k >= 6335508) AND (k <= 6335608))

for range-notcovered
table 1 : explain SELECT k, c FROM sbtest1 WHERE k BETWEEN 3607198 AND 3607298
	Bitmap Heap Scan on sbtest1  (cost=5.38..369.67 rows=92 width=125)
	  Recheck Cond: ((k >= 3607198) AND (k <= 3607298))
	  ->  Bitmap Index Scan on k_1  (cost=0.00..5.35 rows=92 width=0)
	        Index Cond: ((k >= 3607198) AND (k <= 3607298))

table 2 : explain SELECT k, c FROM sbtest2 WHERE k BETWEEN 3607198 AND 3607298
	Bitmap Heap Scan on sbtest2  (cost=5.49..413.00 rows=103 width=125)
	  Recheck Cond: ((k >= 3607198) AND (k <= 3607298))
	  ->  Bitmap Index Scan on k_2  (cost=0.00..5.46 rows=103 width=0)
	        Index Cond: ((k >= 3607198) AND (k <= 3607298))

table 3 : explain SELECT k, c FROM sbtest3 WHERE k BETWEEN 3607198 AND 3607298
	Bitmap Heap Scan on sbtest3  (cost=5.44..393.31 rows=98 width=125)
	  Recheck Cond: ((k >= 3607198) AND (k <= 3607298))
	  ->  Bitmap Index Scan on k_3  (cost=0.00..5.42 rows=98 width=0)
	        Index Cond: ((k >= 3607198) AND (k <= 3607298))

table 4 : explain SELECT k, c FROM sbtest4 WHERE k BETWEEN 3607198 AND 3607298
	Bitmap Heap Scan on sbtest4  (cost=5.54..432.69 rows=108 width=125)
	  Recheck Cond: ((k >= 3607198) AND (k <= 3607298))
	  ->  Bitmap Index Scan on k_4  (cost=0.00..5.51 rows=108 width=0)
	        Index Cond: ((k >= 3607198) AND (k <= 3607298))

table 5 : explain SELECT k, c FROM sbtest5 WHERE k BETWEEN 3607198 AND 3607298
	Bitmap Heap Scan on sbtest5  (cost=5.62..464.15 rows=116 width=125)
	  Recheck Cond: ((k >= 3607198) AND (k <= 3607298))
	  ->  Bitmap Index Scan on k_5  (cost=0.00..5.59 rows=116 width=0)
	        Index Cond: ((k >= 3607198) AND (k <= 3607298))

table 6 : explain SELECT k, c FROM sbtest6 WHERE k BETWEEN 3607198 AND 3607298
	Bitmap Heap Scan on sbtest6  (cost=5.53..428.75 rows=107 width=125)
	  Recheck Cond: ((k >= 3607198) AND (k <= 3607298))
	  ->  Bitmap Index Scan on k_6  (cost=0.00..5.50 rows=107 width=0)
	        Index Cond: ((k >= 3607198) AND (k <= 3607298))

table 7 : explain SELECT k, c FROM sbtest7 WHERE k BETWEEN 3607198 AND 3607298
	Bitmap Heap Scan on sbtest7  (cost=5.49..413.00 rows=103 width=125)
	  Recheck Cond: ((k >= 3607198) AND (k <= 3607298))
	  ->  Bitmap Index Scan on k_7  (cost=0.00..5.46 rows=103 width=0)
	        Index Cond: ((k >= 3607198) AND (k <= 3607298))

table 8 : explain SELECT k, c FROM sbtest8 WHERE k BETWEEN 3607198 AND 3607298
	Bitmap Heap Scan on sbtest8  (cost=5.53..428.75 rows=107 width=125)
	  Recheck Cond: ((k >= 3607198) AND (k <= 3607298))
	  ->  Bitmap Index Scan on k_8  (cost=0.00..5.50 rows=107 width=0)
	        Index Cond: ((k >= 3607198) AND (k <= 3607298))

explain: for range-notcovered :: explain SELECT k, c FROM sbtest%d WHERE k BETWEEN 6335508 AND 6335608
explain: for range-notcovered :: explain SELECT k, c FROM sbtest%d WHERE k BETWEEN 3607198 AND 3607298
for range-notcovered
table 1 : explain SELECT k, c FROM sbtest1 WHERE k BETWEEN 6335508 AND 6335608
	Bitmap Heap Scan on sbtest1  (cost=5.48..409.07 rows=102 width=125)
	  Recheck Cond: ((k >= 6335508) AND (k <= 6335608))
	  ->  Bitmap Index Scan on k_1  (cost=0.00..5.45 rows=102 width=0)
	        Index Cond: ((k >= 6335508) AND (k <= 6335608))

table 2 : explain SELECT k, c FROM sbtest2 WHERE k BETWEEN 6335508 AND 6335608
	Bitmap Heap Scan on sbtest2  (cost=5.37..365.72 rows=91 width=125)
	  Recheck Cond: ((k >= 6335508) AND (k <= 6335608))
	  ->  Bitmap Index Scan on k_2  (cost=0.00..5.34 rows=91 width=0)
	        Index Cond: ((k >= 6335508) AND (k <= 6335608))

table 3 : explain SELECT k, c FROM sbtest3 WHERE k BETWEEN 6335508 AND 6335608
	Bitmap Heap Scan on sbtest3  (cost=5.46..401.19 rows=100 width=125)
	  Recheck Cond: ((k >= 6335508) AND (k <= 6335608))
	  ->  Bitmap Index Scan on k_3  (cost=0.00..5.43 rows=100 width=0)
	        Index Cond: ((k >= 6335508) AND (k <= 6335608))

table 4 : explain SELECT k, c FROM sbtest4 WHERE k BETWEEN 6335508 AND 6335608
	Bitmap Heap Scan on sbtest4  (cost=5.50..416.94 rows=104 width=125)
	  Recheck Cond: ((k >= 6335508) AND (k <= 6335608))
	  ->  Bitmap Index Scan on k_4  (cost=0.00..5.47 rows=104 width=0)
	        Index Cond: ((k >= 6335508) AND (k <= 6335608))

table 5 : explain SELECT k, c FROM sbtest5 WHERE k BETWEEN 6335508 AND 6335608
	Bitmap Heap Scan on sbtest5  (cost=5.48..409.07 rows=102 width=125)
	  Recheck Cond: ((k >= 6335508) AND (k <= 6335608))
	  ->  Bitmap Index Scan on k_5  (cost=0.00..5.45 rows=102 width=0)
	        Index Cond: ((k >= 6335508) AND (k <= 6335608))

table 6 : explain SELECT k, c FROM sbtest6 WHERE k BETWEEN 6335508 AND 6335608
	Bitmap Heap Scan on sbtest6  (cost=5.43..389.37 rows=97 width=125)
	  Recheck Cond: ((k >= 6335508) AND (k <= 6335608))
	  ->  Bitmap Index Scan on k_6  (cost=0.00..5.40 rows=97 width=0)
	        Index Cond: ((k >= 6335508) AND (k <= 6335608))

table 7 : explain SELECT k, c FROM sbtest7 WHERE k BETWEEN 6335508 AND 6335608
	Bitmap Heap Scan on sbtest7  (cost=5.47..405.13 rows=101 width=125)
	  Recheck Cond: ((k >= 6335508) AND (k <= 6335608))
	  ->  Bitmap Index Scan on k_7  (cost=0.00..5.44 rows=101 width=0)
	        Index Cond: ((k >= 6335508) AND (k <= 6335608))

table 8 : explain SELECT k, c FROM sbtest8 WHERE k BETWEEN 6335508 AND 6335608
	Bitmap Heap Scan on sbtest8  (cost=5.43..389.37 rows=97 width=125)
	  Recheck Cond: ((k >= 6335508) AND (k <= 6335608))
	  ->  Bitmap Index Scan on k_8  (cost=0.00..5.40 rows=97 width=0)
	        Index Cond: ((k >= 6335508) AND (k <= 6335608))

explain: for range-notcovered :: explain SELECT k, c FROM sbtest%d WHERE k BETWEEN 6335508 AND 6335608
for range-notcovered
table 1 : explain SELECT k, c FROM sbtest1 WHERE k BETWEEN 3607198 AND 3607298
	Bitmap Heap Scan on sbtest1  (cost=5.38..369.67 rows=92 width=125)
	  Recheck Cond: ((k >= 3607198) AND (k <= 3607298))
	  ->  Bitmap Index Scan on k_1  (cost=0.00..5.35 rows=92 width=0)
	        Index Cond: ((k >= 3607198) AND (k <= 3607298))

table 2 : explain SELECT k, c FROM sbtest2 WHERE k BETWEEN 3607198 AND 3607298
	Bitmap Heap Scan on sbtest2  (cost=5.49..413.00 rows=103 width=125)
	  Recheck Cond: ((k >= 3607198) AND (k <= 3607298))
	  ->  Bitmap Index Scan on k_2  (cost=0.00..5.46 rows=103 width=0)
	        Index Cond: ((k >= 3607198) AND (k <= 3607298))

table 3 : explain SELECT k, c FROM sbtest3 WHERE k BETWEEN 3607198 AND 3607298
	Bitmap Heap Scan on sbtest3  (cost=5.44..393.31 rows=98 width=125)
	  Recheck Cond: ((k >= 3607198) AND (k <= 3607298))
	  ->  Bitmap Index Scan on k_3  (cost=0.00..5.42 rows=98 width=0)
	        Index Cond: ((k >= 3607198) AND (k <= 3607298))

table 4 : explain SELECT k, c FROM sbtest4 WHERE k BETWEEN 3607198 AND 3607298
	Bitmap Heap Scan on sbtest4  (cost=5.54..432.69 rows=108 width=125)
	  Recheck Cond: ((k >= 3607198) AND (k <= 3607298))
	  ->  Bitmap Index Scan on k_4  (cost=0.00..5.51 rows=108 width=0)
	        Index Cond: ((k >= 3607198) AND (k <= 3607298))

table 5 : explain SELECT k, c FROM sbtest5 WHERE k BETWEEN 3607198 AND 3607298
	Bitmap Heap Scan on sbtest5  (cost=5.62..464.15 rows=116 width=125)
	  Recheck Cond: ((k >= 3607198) AND (k <= 3607298))
	  ->  Bitmap Index Scan on k_5  (cost=0.00..5.59 rows=116 width=0)
	        Index Cond: ((k >= 3607198) AND (k <= 3607298))

table 6 : explain SELECT k, c FROM sbtest6 WHERE k BETWEEN 3607198 AND 3607298
	Bitmap Heap Scan on sbtest6  (cost=5.53..428.75 rows=107 width=125)
	  Recheck Cond: ((k >= 3607198) AND (k <= 3607298))
	  ->  Bitmap Index Scan on k_6  (cost=0.00..5.50 rows=107 width=0)
	        Index Cond: ((k >= 3607198) AND (k <= 3607298))

table 7 : explain SELECT k, c FROM sbtest7 WHERE k BETWEEN 3607198 AND 3607298
	Bitmap Heap Scan on sbtest7  (cost=5.49..413.00 rows=103 width=125)
	  Recheck Cond: ((k >= 3607198) AND (k <= 3607298))
	  ->  Bitmap Index Scan on k_7  (cost=0.00..5.46 rows=103 width=0)
	        Index Cond: ((k >= 3607198) AND (k <= 3607298))

table 8 : explain SELECT k, c FROM sbtest8 WHERE k BETWEEN 3607198 AND 3607298
	Bitmap Heap Scan on sbtest8  (cost=5.53..428.75 rows=107 width=125)
	  Recheck Cond: ((k >= 3607198) AND (k <= 3607298))
	  ->  Bitmap Index Scan on k_8  (cost=0.00..5.50 rows=107 width=0)
	        Index Cond: ((k >= 3607198) AND (k <= 3607298))

explain: for range-notcovered :: explain SELECT k, c FROM sbtest%d WHERE k BETWEEN 3607198 AND 3607298
explain: for range-notcovered :: explain SELECT k, c FROM sbtest%d WHERE k BETWEEN 841325 AND 841425
for range-notcovered
table 1 : explain SELECT k, c FROM sbtest1 WHERE k BETWEEN 6335508 AND 6335608
	Bitmap Heap Scan on sbtest1  (cost=5.48..409.07 rows=102 width=125)
	  Recheck Cond: ((k >= 6335508) AND (k <= 6335608))
	  ->  Bitmap Index Scan on k_1  (cost=0.00..5.45 rows=102 width=0)
	        Index Cond: ((k >= 6335508) AND (k <= 6335608))

table 2 : explain SELECT k, c FROM sbtest2 WHERE k BETWEEN 6335508 AND 6335608
	Bitmap Heap Scan on sbtest2  (cost=5.37..365.72 rows=91 width=125)
	  Recheck Cond: ((k >= 6335508) AND (k <= 6335608))
	  ->  Bitmap Index Scan on k_2  (cost=0.00..5.34 rows=91 width=0)
	        Index Cond: ((k >= 6335508) AND (k <= 6335608))

table 3 : explain SELECT k, c FROM sbtest3 WHERE k BETWEEN 6335508 AND 6335608
	Bitmap Heap Scan on sbtest3  (cost=5.46..401.19 rows=100 width=125)
	  Recheck Cond: ((k >= 6335508) AND (k <= 6335608))
	  ->  Bitmap Index Scan on k_3  (cost=0.00..5.43 rows=100 width=0)
	        Index Cond: ((k >= 6335508) AND (k <= 6335608))

table 4 : explain SELECT k, c FROM sbtest4 WHERE k BETWEEN 6335508 AND 6335608
	Bitmap Heap Scan on sbtest4  (cost=5.50..416.94 rows=104 width=125)
	  Recheck Cond: ((k >= 6335508) AND (k <= 6335608))
	  ->  Bitmap Index Scan on k_4  (cost=0.00..5.47 rows=104 width=0)
	        Index Cond: ((k >= 6335508) AND (k <= 6335608))

table 5 : explain SELECT k, c FROM sbtest5 WHERE k BETWEEN 6335508 AND 6335608
	Bitmap Heap Scan on sbtest5  (cost=5.48..409.07 rows=102 width=125)
	  Recheck Cond: ((k >= 6335508) AND (k <= 6335608))
	  ->  Bitmap Index Scan on k_5  (cost=0.00..5.45 rows=102 width=0)
	        Index Cond: ((k >= 6335508) AND (k <= 6335608))

table 6 : explain SELECT k, c FROM sbtest6 WHERE k BETWEEN 6335508 AND 6335608
	Bitmap Heap Scan on sbtest6  (cost=5.43..389.37 rows=97 width=125)
	  Recheck Cond: ((k >= 6335508) AND (k <= 6335608))
	  ->  Bitmap Index Scan on k_6  (cost=0.00..5.40 rows=97 width=0)
	        Index Cond: ((k >= 6335508) AND (k <= 6335608))

table 7 : explain SELECT k, c FROM sbtest7 WHERE k BETWEEN 6335508 AND 6335608
	Bitmap Heap Scan on sbtest7  (cost=5.47..405.13 rows=101 width=125)
	  Recheck Cond: ((k >= 6335508) AND (k <= 6335608))
	  ->  Bitmap Index Scan on k_7  (cost=0.00..5.44 rows=101 width=0)
	        Index Cond: ((k >= 6335508) AND (k <= 6335608))

table 8 : explain SELECT k, c FROM sbtest8 WHERE k BETWEEN 6335508 AND 6335608
	Bitmap Heap Scan on sbtest8  (cost=5.43..389.37 rows=97 width=125)
	  Recheck Cond: ((k >= 6335508) AND (k <= 6335608))
	  ->  Bitmap Index Scan on k_8  (cost=0.00..5.40 rows=97 width=0)
	        Index Cond: ((k >= 6335508) AND (k <= 6335608))

for range-notcovered
table 1 : explain SELECT k, c FROM sbtest1 WHERE k BETWEEN 3194969 AND 3195069
	Bitmap Heap Scan on sbtest1  (cost=5.49..413.00 rows=103 width=125)
	  Recheck Cond: ((k >= 3194969) AND (k <= 3195069))
	  ->  Bitmap Index Scan on k_1  (cost=0.00..5.46 rows=103 width=0)
	        Index Cond: ((k >= 3194969) AND (k <= 3195069))

table 2 : explain SELECT k, c FROM sbtest2 WHERE k BETWEEN 3194969 AND 3195069
	Bitmap Heap Scan on sbtest2  (cost=5.49..413.00 rows=103 width=125)
	  Recheck Cond: ((k >= 3194969) AND (k <= 3195069))
	  ->  Bitmap Index Scan on k_2  (cost=0.00..5.46 rows=103 width=0)
	        Index Cond: ((k >= 3194969) AND (k <= 3195069))

table 3 : explain SELECT k, c FROM sbtest3 WHERE k BETWEEN 3194969 AND 3195069
	Bitmap Heap Scan on sbtest3  (cost=5.40..377.55 rows=94 width=125)
	  Recheck Cond: ((k >= 3194969) AND (k <= 3195069))
	  ->  Bitmap Index Scan on k_3  (cost=0.00..5.38 rows=94 width=0)
	        Index Cond: ((k >= 3194969) AND (k <= 3195069))

table 4 : explain SELECT k, c FROM sbtest4 WHERE k BETWEEN 3194969 AND 3195069
	Bitmap Heap Scan on sbtest4  (cost=5.56..440.56 rows=110 width=125)
	  Recheck Cond: ((k >= 3194969) AND (k <= 3195069))
	  ->  Bitmap Index Scan on k_4  (cost=0.00..5.53 rows=110 width=0)
	        Index Cond: ((k >= 3194969) AND (k <= 3195069))

table 5 : explain SELECT k, c FROM sbtest5 WHERE k BETWEEN 3194969 AND 3195069
	Bitmap Heap Scan on sbtest5  (cost=5.47..405.13 rows=101 width=125)
	  Recheck Cond: ((k >= 3194969) AND (k <= 3195069))
	  ->  Bitmap Index Scan on k_5  (cost=0.00..5.44 rows=101 width=0)
	        Index Cond: ((k >= 3194969) AND (k <= 3195069))

table 6 : explain SELECT k, c FROM sbtest6 WHERE k BETWEEN 3194969 AND 3195069
	Bitmap Heap Scan on sbtest6  (cost=5.49..413.00 rows=103 width=125)
	  Recheck Cond: ((k >= 3194969) AND (k <= 3195069))
	  ->  Bitmap Index Scan on k_6  (cost=0.00..5.46 rows=103 width=0)
	        Index Cond: ((k >= 3194969) AND (k <= 3195069))

table 7 : explain SELECT k, c FROM sbtest7 WHERE k BETWEEN 3194969 AND 3195069
	Bitmap Heap Scan on sbtest7  (cost=5.50..416.94 rows=104 width=125)
	  Recheck Cond: ((k >= 3194969) AND (k <= 3195069))
	  ->  Bitmap Index Scan on k_7  (cost=0.00..5.47 rows=104 width=0)
	        Index Cond: ((k >= 3194969) AND (k <= 3195069))

table 8 : explain SELECT k, c FROM sbtest8 WHERE k BETWEEN 3194969 AND 3195069
	Bitmap Heap Scan on sbtest8  (cost=5.57..444.49 rows=111 width=125)
	  Recheck Cond: ((k >= 3194969) AND (k <= 3195069))
	  ->  Bitmap Index Scan on k_8  (cost=0.00..5.54 rows=111 width=0)
	        Index Cond: ((k >= 3194969) AND (k <= 3195069))

for range-notcovered
table 1 : explain SELECT k, c FROM sbtest1 WHERE k BETWEEN 3607198 AND 3607298
	Bitmap Heap Scan on sbtest1  (cost=5.38..369.67 rows=92 width=125)
	  Recheck Cond: ((k >= 3607198) AND (k <= 3607298))
	  ->  Bitmap Index Scan on k_1  (cost=0.00..5.35 rows=92 width=0)
	        Index Cond: ((k >= 3607198) AND (k <= 3607298))

table 2 : explain SELECT k, c FROM sbtest2 WHERE k BETWEEN 3607198 AND 3607298
	Bitmap Heap Scan on sbtest2  (cost=5.49..413.00 rows=103 width=125)
	  Recheck Cond: ((k >= 3607198) AND (k <= 3607298))
	  ->  Bitmap Index Scan on k_2  (cost=0.00..5.46 rows=103 width=0)
	        Index Cond: ((k >= 3607198) AND (k <= 3607298))

table 3 : explain SELECT k, c FROM sbtest3 WHERE k BETWEEN 3607198 AND 3607298
	Bitmap Heap Scan on sbtest3  (cost=5.44..393.31 rows=98 width=125)
	  Recheck Cond: ((k >= 3607198) AND (k <= 3607298))
	  ->  Bitmap Index Scan on k_3  (cost=0.00..5.42 rows=98 width=0)
	        Index Cond: ((k >= 3607198) AND (k <= 3607298))

table 4 : explain SELECT k, c FROM sbtest4 WHERE k BETWEEN 3607198 AND 3607298
	Bitmap Heap Scan on sbtest4  (cost=5.54..432.69 rows=108 width=125)
	  Recheck Cond: ((k >= 3607198) AND (k <= 3607298))
	  ->  Bitmap Index Scan on k_4  (cost=0.00..5.51 rows=108 width=0)
	        Index Cond: ((k >= 3607198) AND (k <= 3607298))

table 5 : explain SELECT k, c FROM sbtest5 WHERE k BETWEEN 3607198 AND 3607298
	Bitmap Heap Scan on sbtest5  (cost=5.62..464.15 rows=116 width=125)
	  Recheck Cond: ((k >= 3607198) AND (k <= 3607298))
	  ->  Bitmap Index Scan on k_5  (cost=0.00..5.59 rows=116 width=0)
	        Index Cond: ((k >= 3607198) AND (k <= 3607298))

table 6 : explain SELECT k, c FROM sbtest6 WHERE k BETWEEN 3607198 AND 3607298
	Bitmap Heap Scan on sbtest6  (cost=5.53..428.75 rows=107 width=125)
	  Recheck Cond: ((k >= 3607198) AND (k <= 3607298))
	  ->  Bitmap Index Scan on k_6  (cost=0.00..5.50 rows=107 width=0)
	        Index Cond: ((k >= 3607198) AND (k <= 3607298))

table 7 : explain SELECT k, c FROM sbtest7 WHERE k BETWEEN 3607198 AND 3607298
	Bitmap Heap Scan on sbtest7  (cost=5.49..413.00 rows=103 width=125)
	  Recheck Cond: ((k >= 3607198) AND (k <= 3607298))
	  ->  Bitmap Index Scan on k_7  (cost=0.00..5.46 rows=103 width=0)
	        Index Cond: ((k >= 3607198) AND (k <= 3607298))

table 8 : explain SELECT k, c FROM sbtest8 WHERE k BETWEEN 3607198 AND 3607298
	Bitmap Heap Scan on sbtest8  (cost=5.53..428.75 rows=107 width=125)
	  Recheck Cond: ((k >= 3607198) AND (k <= 3607298))
	  ->  Bitmap Index Scan on k_8  (cost=0.00..5.50 rows=107 width=0)
	        Index Cond: ((k >= 3607198) AND (k <= 3607298))

explain: for range-notcovered :: explain SELECT k, c FROM sbtest%d WHERE k BETWEEN 3194969 AND 3195069
explain: for range-notcovered :: explain SELECT k, c FROM sbtest%d WHERE k BETWEEN 3890726 AND 3890826
for range-notcovered
table 1 : explain SELECT k, c FROM sbtest1 WHERE k BETWEEN 3194969 AND 3195069
	Bitmap Heap Scan on sbtest1  (cost=5.49..413.00 rows=103 width=125)
	  Recheck Cond: ((k >= 3194969) AND (k <= 3195069))
	  ->  Bitmap Index Scan on k_1  (cost=0.00..5.46 rows=103 width=0)
	        Index Cond: ((k >= 3194969) AND (k <= 3195069))

table 2 : explain SELECT k, c FROM sbtest2 WHERE k BETWEEN 3194969 AND 3195069
	Bitmap Heap Scan on sbtest2  (cost=5.49..413.00 rows=103 width=125)
	  Recheck Cond: ((k >= 3194969) AND (k <= 3195069))
	  ->  Bitmap Index Scan on k_2  (cost=0.00..5.46 rows=103 width=0)
	        Index Cond: ((k >= 3194969) AND (k <= 3195069))

table 3 : explain SELECT k, c FROM sbtest3 WHERE k BETWEEN 3194969 AND 3195069
	Bitmap Heap Scan on sbtest3  (cost=5.40..377.55 rows=94 width=125)
	  Recheck Cond: ((k >= 3194969) AND (k <= 3195069))
	  ->  Bitmap Index Scan on k_3  (cost=0.00..5.38 rows=94 width=0)
	        Index Cond: ((k >= 3194969) AND (k <= 3195069))

table 4 : explain SELECT k, c FROM sbtest4 WHERE k BETWEEN 3194969 AND 3195069
	Bitmap Heap Scan on sbtest4  (cost=5.56..440.56 rows=110 width=125)
	  Recheck Cond: ((k >= 3194969) AND (k <= 3195069))
	  ->  Bitmap Index Scan on k_4  (cost=0.00..5.53 rows=110 width=0)
	        Index Cond: ((k >= 3194969) AND (k <= 3195069))

table 5 : explain SELECT k, c FROM sbtest5 WHERE k BETWEEN 3194969 AND 3195069
	Bitmap Heap Scan on sbtest5  (cost=5.47..405.13 rows=101 width=125)
	  Recheck Cond: ((k >= 3194969) AND (k <= 3195069))
	  ->  Bitmap Index Scan on k_5  (cost=0.00..5.44 rows=101 width=0)
	        Index Cond: ((k >= 3194969) AND (k <= 3195069))

table 6 : explain SELECT k, c FROM sbtest6 WHERE k BETWEEN 3194969 AND 3195069
	Bitmap Heap Scan on sbtest6  (cost=5.49..413.00 rows=103 width=125)
	  Recheck Cond: ((k >= 3194969) AND (k <= 3195069))
	  ->  Bitmap Index Scan on k_6  (cost=0.00..5.46 rows=103 width=0)
	        Index Cond: ((k >= 3194969) AND (k <= 3195069))

table 7 : explain SELECT k, c FROM sbtest7 WHERE k BETWEEN 3194969 AND 3195069
	Bitmap Heap Scan on sbtest7  (cost=5.50..416.94 rows=104 width=125)
	  Recheck Cond: ((k >= 3194969) AND (k <= 3195069))
	  ->  Bitmap Index Scan on k_7  (cost=0.00..5.47 rows=104 width=0)
	        Index Cond: ((k >= 3194969) AND (k <= 3195069))

table 8 : explain SELECT k, c FROM sbtest8 WHERE k BETWEEN 3194969 AND 3195069
	Bitmap Heap Scan on sbtest8  (cost=5.57..444.49 rows=111 width=125)
	  Recheck Cond: ((k >= 3194969) AND (k <= 3195069))
	  ->  Bitmap Index Scan on k_8  (cost=0.00..5.54 rows=111 width=0)
	        Index Cond: ((k >= 3194969) AND (k <= 3195069))

explain: for range-notcovered :: explain SELECT k, c FROM sbtest%d WHERE k BETWEEN 3194969 AND 3195069
explain: for range-notcovered :: explain SELECT k, c FROM sbtest%d WHERE k BETWEEN 6041609 AND 6041709
for range-notcovered
table 1 : explain SELECT k, c FROM sbtest1 WHERE k BETWEEN 3194969 AND 3195069
	Bitmap Heap Scan on sbtest1  (cost=5.49..413.00 rows=103 width=125)
	  Recheck Cond: ((k >= 3194969) AND (k <= 3195069))
	  ->  Bitmap Index Scan on k_1  (cost=0.00..5.46 rows=103 width=0)
	        Index Cond: ((k >= 3194969) AND (k <= 3195069))

table 2 : explain SELECT k, c FROM sbtest2 WHERE k BETWEEN 3194969 AND 3195069
	Bitmap Heap Scan on sbtest2  (cost=5.49..413.00 rows=103 width=125)
	  Recheck Cond: ((k >= 3194969) AND (k <= 3195069))
	  ->  Bitmap Index Scan on k_2  (cost=0.00..5.46 rows=103 width=0)
	        Index Cond: ((k >= 3194969) AND (k <= 3195069))

table 3 : explain SELECT k, c FROM sbtest3 WHERE k BETWEEN 3194969 AND 3195069
	Bitmap Heap Scan on sbtest3  (cost=5.40..377.55 rows=94 width=125)
	  Recheck Cond: ((k >= 3194969) AND (k <= 3195069))
	  ->  Bitmap Index Scan on k_3  (cost=0.00..5.38 rows=94 width=0)
	        Index Cond: ((k >= 3194969) AND (k <= 3195069))

table 4 : explain SELECT k, c FROM sbtest4 WHERE k BETWEEN 3194969 AND 3195069
	Bitmap Heap Scan on sbtest4  (cost=5.56..440.56 rows=110 width=125)
	  Recheck Cond: ((k >= 3194969) AND (k <= 3195069))
	  ->  Bitmap Index Scan on k_4  (cost=0.00..5.53 rows=110 width=0)
	        Index Cond: ((k >= 3194969) AND (k <= 3195069))

table 5 : explain SELECT k, c FROM sbtest5 WHERE k BETWEEN 3194969 AND 3195069
	Bitmap Heap Scan on sbtest5  (cost=5.47..405.13 rows=101 width=125)
	  Recheck Cond: ((k >= 3194969) AND (k <= 3195069))
	  ->  Bitmap Index Scan on k_5  (cost=0.00..5.44 rows=101 width=0)
	        Index Cond: ((k >= 3194969) AND (k <= 3195069))

table 6 : explain SELECT k, c FROM sbtest6 WHERE k BETWEEN 3194969 AND 3195069
	Bitmap Heap Scan on sbtest6  (cost=5.49..413.00 rows=103 width=125)
	  Recheck Cond: ((k >= 3194969) AND (k <= 3195069))
	  ->  Bitmap Index Scan on k_6  (cost=0.00..5.46 rows=103 width=0)
	        Index Cond: ((k >= 3194969) AND (k <= 3195069))

table 7 : explain SELECT k, c FROM sbtest7 WHERE k BETWEEN 3194969 AND 3195069
	Bitmap Heap Scan on sbtest7  (cost=5.50..416.94 rows=104 width=125)
	  Recheck Cond: ((k >= 3194969) AND (k <= 3195069))
	  ->  Bitmap Index Scan on k_7  (cost=0.00..5.47 rows=104 width=0)
	        Index Cond: ((k >= 3194969) AND (k <= 3195069))

table 8 : explain SELECT k, c FROM sbtest8 WHERE k BETWEEN 3194969 AND 3195069
	Bitmap Heap Scan on sbtest8  (cost=5.57..444.49 rows=111 width=125)
	  Recheck Cond: ((k >= 3194969) AND (k <= 3195069))
	  ->  Bitmap Index Scan on k_8  (cost=0.00..5.54 rows=111 width=0)
	        Index Cond: ((k >= 3194969) AND (k <= 3195069))

explain: for range-notcovered :: explain SELECT k, c FROM sbtest%d WHERE k BETWEEN 6335508 AND 6335608
for range-notcovered
table 1 : explain SELECT k, c FROM sbtest1 WHERE k BETWEEN 6792623 AND 6792723
	Bitmap Heap Scan on sbtest1  (cost=5.47..405.13 rows=101 width=125)
	  Recheck Cond: ((k >= 6792623) AND (k <= 6792723))
	  ->  Bitmap Index Scan on k_1  (cost=0.00..5.44 rows=101 width=0)
	        Index Cond: ((k >= 6792623) AND (k <= 6792723))

table 2 : explain SELECT k, c FROM sbtest2 WHERE k BETWEEN 6792623 AND 6792723
	Bitmap Heap Scan on sbtest2  (cost=5.47..405.13 rows=101 width=125)
	  Recheck Cond: ((k >= 6792623) AND (k <= 6792723))
	  ->  Bitmap Index Scan on k_2  (cost=0.00..5.44 rows=101 width=0)
	        Index Cond: ((k >= 6792623) AND (k <= 6792723))

table 3 : explain SELECT k, c FROM sbtest3 WHERE k BETWEEN 6792623 AND 6792723
	Bitmap Heap Scan on sbtest3  (cost=5.54..432.69 rows=108 width=125)
	  Recheck Cond: ((k >= 6792623) AND (k <= 6792723))
	  ->  Bitmap Index Scan on k_3  (cost=0.00..5.51 rows=108 width=0)
	        Index Cond: ((k >= 6792623) AND (k <= 6792723))

table 4 : explain SELECT k, c FROM sbtest4 WHERE k BETWEEN 6792623 AND 6792723
	Bitmap Heap Scan on sbtest4  (cost=5.50..416.94 rows=104 width=125)
	  Recheck Cond: ((k >= 6792623) AND (k <= 6792723))
	  ->  Bitmap Index Scan on k_4  (cost=0.00..5.47 rows=104 width=0)
	        Index Cond: ((k >= 6792623) AND (k <= 6792723))

table 5 : explain SELECT k, c FROM sbtest5 WHERE k BETWEEN 6792623 AND 6792723
	Bitmap Heap Scan on sbtest5  (cost=5.54..432.69 rows=108 width=125)
	  Recheck Cond: ((k >= 6792623) AND (k <= 6792723))
	  ->  Bitmap Index Scan on k_5  (cost=0.00..5.51 rows=108 width=0)
	        Index Cond: ((k >= 6792623) AND (k <= 6792723))

table 6 : explain SELECT k, c FROM sbtest6 WHERE k BETWEEN 6792623 AND 6792723
	Bitmap Heap Scan on sbtest6  (cost=5.44..393.31 rows=98 width=125)
	  Recheck Cond: ((k >= 6792623) AND (k <= 6792723))
	  ->  Bitmap Index Scan on k_6  (cost=0.00..5.42 rows=98 width=0)
	        Index Cond: ((k >= 6792623) AND (k <= 6792723))

table 7 : explain SELECT k, c FROM sbtest7 WHERE k BETWEEN 6792623 AND 6792723
	Bitmap Heap Scan on sbtest7  (cost=5.51..420.88 rows=105 width=125)
	  Recheck Cond: ((k >= 6792623) AND (k <= 6792723))
	  ->  Bitmap Index Scan on k_7  (cost=0.00..5.48 rows=105 width=0)
	        Index Cond: ((k >= 6792623) AND (k <= 6792723))

table 8 : explain SELECT k, c FROM sbtest8 WHERE k BETWEEN 6792623 AND 6792723
	Bitmap Heap Scan on sbtest8  (cost=5.49..413.00 rows=103 width=125)
	  Recheck Cond: ((k >= 6792623) AND (k <= 6792723))
	  ->  Bitmap Index Scan on k_8  (cost=0.00..5.46 rows=103 width=0)
	        Index Cond: ((k >= 6792623) AND (k <= 6792723))

explain: for range-notcovered :: explain SELECT k, c FROM sbtest%d WHERE k BETWEEN 3607198 AND 3607298
explain: for range-notcovered :: explain SELECT k, c FROM sbtest%d WHERE k BETWEEN 6792623 AND 6792723
for range-notcovered
table 1 : explain SELECT k, c FROM sbtest1 WHERE k BETWEEN 6335508 AND 6335608
	Bitmap Heap Scan on sbtest1  (cost=5.48..409.07 rows=102 width=125)
	  Recheck Cond: ((k >= 6335508) AND (k <= 6335608))
	  ->  Bitmap Index Scan on k_1  (cost=0.00..5.45 rows=102 width=0)
	        Index Cond: ((k >= 6335508) AND (k <= 6335608))

table 2 : explain SELECT k, c FROM sbtest2 WHERE k BETWEEN 6335508 AND 6335608
	Bitmap Heap Scan on sbtest2  (cost=5.37..365.72 rows=91 width=125)
	  Recheck Cond: ((k >= 6335508) AND (k <= 6335608))
	  ->  Bitmap Index Scan on k_2  (cost=0.00..5.34 rows=91 width=0)
	        Index Cond: ((k >= 6335508) AND (k <= 6335608))

table 3 : explain SELECT k, c FROM sbtest3 WHERE k BETWEEN 6335508 AND 6335608
	Bitmap Heap Scan on sbtest3  (cost=5.46..401.19 rows=100 width=125)
	  Recheck Cond: ((k >= 6335508) AND (k <= 6335608))
	  ->  Bitmap Index Scan on k_3  (cost=0.00..5.43 rows=100 width=0)
	        Index Cond: ((k >= 6335508) AND (k <= 6335608))

table 4 : explain SELECT k, c FROM sbtest4 WHERE k BETWEEN 6335508 AND 6335608
	Bitmap Heap Scan on sbtest4  (cost=5.50..416.94 rows=104 width=125)
	  Recheck Cond: ((k >= 6335508) AND (k <= 6335608))
	  ->  Bitmap Index Scan on k_4  (cost=0.00..5.47 rows=104 width=0)
	        Index Cond: ((k >= 6335508) AND (k <= 6335608))

table 5 : explain SELECT k, c FROM sbtest5 WHERE k BETWEEN 6335508 AND 6335608
	Bitmap Heap Scan on sbtest5  (cost=5.48..409.07 rows=102 width=125)
	  Recheck Cond: ((k >= 6335508) AND (k <= 6335608))
	  ->  Bitmap Index Scan on k_5  (cost=0.00..5.45 rows=102 width=0)
	        Index Cond: ((k >= 6335508) AND (k <= 6335608))

table 6 : explain SELECT k, c FROM sbtest6 WHERE k BETWEEN 6335508 AND 6335608
	Bitmap Heap Scan on sbtest6  (cost=5.43..389.37 rows=97 width=125)
	  Recheck Cond: ((k >= 6335508) AND (k <= 6335608))
	  ->  Bitmap Index Scan on k_6  (cost=0.00..5.40 rows=97 width=0)
	        Index Cond: ((k >= 6335508) AND (k <= 6335608))

table 7 : explain SELECT k, c FROM sbtest7 WHERE k BETWEEN 6335508 AND 6335608
	Bitmap Heap Scan on sbtest7  (cost=5.47..405.13 rows=101 width=125)
	  Recheck Cond: ((k >= 6335508) AND (k <= 6335608))
	  ->  Bitmap Index Scan on k_7  (cost=0.00..5.44 rows=101 width=0)
	        Index Cond: ((k >= 6335508) AND (k <= 6335608))

table 8 : explain SELECT k, c FROM sbtest8 WHERE k BETWEEN 6335508 AND 6335608
	Bitmap Heap Scan on sbtest8  (cost=5.43..389.37 rows=97 width=125)
	  Recheck Cond: ((k >= 6335508) AND (k <= 6335608))
	  ->  Bitmap Index Scan on k_8  (cost=0.00..5.40 rows=97 width=0)
	        Index Cond: ((k >= 6335508) AND (k <= 6335608))

explain: for range-notcovered :: explain SELECT k, c FROM sbtest%d WHERE k BETWEEN 6335508 AND 6335608
for range-notcovered
table 1 : explain SELECT k, c FROM sbtest1 WHERE k BETWEEN 6792623 AND 6792723
	Bitmap Heap Scan on sbtest1  (cost=5.47..405.13 rows=101 width=125)
	  Recheck Cond: ((k >= 6792623) AND (k <= 6792723))
	  ->  Bitmap Index Scan on k_1  (cost=0.00..5.44 rows=101 width=0)
	        Index Cond: ((k >= 6792623) AND (k <= 6792723))

table 2 : explain SELECT k, c FROM sbtest2 WHERE k BETWEEN 6792623 AND 6792723
	Bitmap Heap Scan on sbtest2  (cost=5.47..405.13 rows=101 width=125)
	  Recheck Cond: ((k >= 6792623) AND (k <= 6792723))
	  ->  Bitmap Index Scan on k_2  (cost=0.00..5.44 rows=101 width=0)
	        Index Cond: ((k >= 6792623) AND (k <= 6792723))

table 3 : explain SELECT k, c FROM sbtest3 WHERE k BETWEEN 6792623 AND 6792723
	Bitmap Heap Scan on sbtest3  (cost=5.54..432.69 rows=108 width=125)
	  Recheck Cond: ((k >= 6792623) AND (k <= 6792723))
	  ->  Bitmap Index Scan on k_3  (cost=0.00..5.51 rows=108 width=0)
	        Index Cond: ((k >= 6792623) AND (k <= 6792723))

table 4 : explain SELECT k, c FROM sbtest4 WHERE k BETWEEN 6792623 AND 6792723
	Bitmap Heap Scan on sbtest4  (cost=5.50..416.94 rows=104 width=125)
	  Recheck Cond: ((k >= 6792623) AND (k <= 6792723))
	  ->  Bitmap Index Scan on k_4  (cost=0.00..5.47 rows=104 width=0)
	        Index Cond: ((k >= 6792623) AND (k <= 6792723))

table 5 : explain SELECT k, c FROM sbtest5 WHERE k BETWEEN 6792623 AND 6792723
	Bitmap Heap Scan on sbtest5  (cost=5.54..432.69 rows=108 width=125)
	  Recheck Cond: ((k >= 6792623) AND (k <= 6792723))
	  ->  Bitmap Index Scan on k_5  (cost=0.00..5.51 rows=108 width=0)
	        Index Cond: ((k >= 6792623) AND (k <= 6792723))

table 6 : explain SELECT k, c FROM sbtest6 WHERE k BETWEEN 6792623 AND 6792723
	Bitmap Heap Scan on sbtest6  (cost=5.44..393.31 rows=98 width=125)
	  Recheck Cond: ((k >= 6792623) AND (k <= 6792723))
	  ->  Bitmap Index Scan on k_6  (cost=0.00..5.42 rows=98 width=0)
	        Index Cond: ((k >= 6792623) AND (k <= 6792723))

table 7 : explain SELECT k, c FROM sbtest7 WHERE k BETWEEN 6792623 AND 6792723
	Bitmap Heap Scan on sbtest7  (cost=5.51..420.88 rows=105 width=125)
	  Recheck Cond: ((k >= 6792623) AND (k <= 6792723))
	  ->  Bitmap Index Scan on k_7  (cost=0.00..5.48 rows=105 width=0)
	        Index Cond: ((k >= 6792623) AND (k <= 6792723))

table 8 : explain SELECT k, c FROM sbtest8 WHERE k BETWEEN 6792623 AND 6792723
	Bitmap Heap Scan on sbtest8  (cost=5.49..413.00 rows=103 width=125)
	  Recheck Cond: ((k >= 6792623) AND (k <= 6792723))
	  ->  Bitmap Index Scan on k_8  (cost=0.00..5.46 rows=103 width=0)
	        Index Cond: ((k >= 6792623) AND (k <= 6792723))

explain: for range-notcovered :: explain SELECT k, c FROM sbtest%d WHERE k BETWEEN 6792623 AND 6792723
for range-notcovered
table 1 : explain SELECT k, c FROM sbtest1 WHERE k BETWEEN 3607198 AND 3607298
	Bitmap Heap Scan on sbtest1  (cost=5.38..369.67 rows=92 width=125)
	  Recheck Cond: ((k >= 3607198) AND (k <= 3607298))
	  ->  Bitmap Index Scan on k_1  (cost=0.00..5.35 rows=92 width=0)
	        Index Cond: ((k >= 3607198) AND (k <= 3607298))

table 2 : explain SELECT k, c FROM sbtest2 WHERE k BETWEEN 3607198 AND 3607298
	Bitmap Heap Scan on sbtest2  (cost=5.49..413.00 rows=103 width=125)
	  Recheck Cond: ((k >= 3607198) AND (k <= 3607298))
	  ->  Bitmap Index Scan on k_2  (cost=0.00..5.46 rows=103 width=0)
	        Index Cond: ((k >= 3607198) AND (k <= 3607298))

table 3 : explain SELECT k, c FROM sbtest3 WHERE k BETWEEN 3607198 AND 3607298
	Bitmap Heap Scan on sbtest3  (cost=5.44..393.31 rows=98 width=125)
	  Recheck Cond: ((k >= 3607198) AND (k <= 3607298))
	  ->  Bitmap Index Scan on k_3  (cost=0.00..5.42 rows=98 width=0)
	        Index Cond: ((k >= 3607198) AND (k <= 3607298))

table 4 : explain SELECT k, c FROM sbtest4 WHERE k BETWEEN 3607198 AND 3607298
	Bitmap Heap Scan on sbtest4  (cost=5.54..432.69 rows=108 width=125)
	  Recheck Cond: ((k >= 3607198) AND (k <= 3607298))
	  ->  Bitmap Index Scan on k_4  (cost=0.00..5.51 rows=108 width=0)
	        Index Cond: ((k >= 3607198) AND (k <= 3607298))

table 5 : explain SELECT k, c FROM sbtest5 WHERE k BETWEEN 3607198 AND 3607298
	Bitmap Heap Scan on sbtest5  (cost=5.62..464.15 rows=116 width=125)
	  Recheck Cond: ((k >= 3607198) AND (k <= 3607298))
	  ->  Bitmap Index Scan on k_5  (cost=0.00..5.59 rows=116 width=0)
	        Index Cond: ((k >= 3607198) AND (k <= 3607298))

table 6 : explain SELECT k, c FROM sbtest6 WHERE k BETWEEN 3607198 AND 3607298
	Bitmap Heap Scan on sbtest6  (cost=5.53..428.75 rows=107 width=125)
	  Recheck Cond: ((k >= 3607198) AND (k <= 3607298))
	  ->  Bitmap Index Scan on k_6  (cost=0.00..5.50 rows=107 width=0)
	        Index Cond: ((k >= 3607198) AND (k <= 3607298))

table 7 : explain SELECT k, c FROM sbtest7 WHERE k BETWEEN 3607198 AND 3607298
	Bitmap Heap Scan on sbtest7  (cost=5.49..413.00 rows=103 width=125)
	  Recheck Cond: ((k >= 3607198) AND (k <= 3607298))
	  ->  Bitmap Index Scan on k_7  (cost=0.00..5.46 rows=103 width=0)
	        Index Cond: ((k >= 3607198) AND (k <= 3607298))

table 8 : explain SELECT k, c FROM sbtest8 WHERE k BETWEEN 3607198 AND 3607298
	Bitmap Heap Scan on sbtest8  (cost=5.53..428.75 rows=107 width=125)
	  Recheck Cond: ((k >= 3607198) AND (k <= 3607298))
	  ->  Bitmap Index Scan on k_8  (cost=0.00..5.50 rows=107 width=0)
	        Index Cond: ((k >= 3607198) AND (k <= 3607298))

explain: for range-notcovered :: explain SELECT k, c FROM sbtest%d WHERE k BETWEEN 3607198 AND 3607298
for range-notcovered
table 1 : explain SELECT k, c FROM sbtest1 WHERE k BETWEEN 6335508 AND 6335608
	Bitmap Heap Scan on sbtest1  (cost=5.48..409.07 rows=102 width=125)
	  Recheck Cond: ((k >= 6335508) AND (k <= 6335608))
	  ->  Bitmap Index Scan on k_1  (cost=0.00..5.45 rows=102 width=0)
	        Index Cond: ((k >= 6335508) AND (k <= 6335608))

table 2 : explain SELECT k, c FROM sbtest2 WHERE k BETWEEN 6335508 AND 6335608
	Bitmap Heap Scan on sbtest2  (cost=5.37..365.72 rows=91 width=125)
	  Recheck Cond: ((k >= 6335508) AND (k <= 6335608))
	  ->  Bitmap Index Scan on k_2  (cost=0.00..5.34 rows=91 width=0)
	        Index Cond: ((k >= 6335508) AND (k <= 6335608))

table 3 : explain SELECT k, c FROM sbtest3 WHERE k BETWEEN 6335508 AND 6335608
	Bitmap Heap Scan on sbtest3  (cost=5.46..401.19 rows=100 width=125)
	  Recheck Cond: ((k >= 6335508) AND (k <= 6335608))
	  ->  Bitmap Index Scan on k_3  (cost=0.00..5.43 rows=100 width=0)
	        Index Cond: ((k >= 6335508) AND (k <= 6335608))

table 4 : explain SELECT k, c FROM sbtest4 WHERE k BETWEEN 6335508 AND 6335608
	Bitmap Heap Scan on sbtest4  (cost=5.50..416.94 rows=104 width=125)
	  Recheck Cond: ((k >= 6335508) AND (k <= 6335608))
	  ->  Bitmap Index Scan on k_4  (cost=0.00..5.47 rows=104 width=0)
	        Index Cond: ((k >= 6335508) AND (k <= 6335608))

table 5 : explain SELECT k, c FROM sbtest5 WHERE k BETWEEN 6335508 AND 6335608
	Bitmap Heap Scan on sbtest5  (cost=5.48..409.07 rows=102 width=125)
	  Recheck Cond: ((k >= 6335508) AND (k <= 6335608))
	  ->  Bitmap Index Scan on k_5  (cost=0.00..5.45 rows=102 width=0)
	        Index Cond: ((k >= 6335508) AND (k <= 6335608))

table 6 : explain SELECT k, c FROM sbtest6 WHERE k BETWEEN 6335508 AND 6335608
	Bitmap Heap Scan on sbtest6  (cost=5.43..389.37 rows=97 width=125)
	  Recheck Cond: ((k >= 6335508) AND (k <= 6335608))
	  ->  Bitmap Index Scan on k_6  (cost=0.00..5.40 rows=97 width=0)
	        Index Cond: ((k >= 6335508) AND (k <= 6335608))

table 7 : explain SELECT k, c FROM sbtest7 WHERE k BETWEEN 6335508 AND 6335608
	Bitmap Heap Scan on sbtest7  (cost=5.47..405.13 rows=101 width=125)
	  Recheck Cond: ((k >= 6335508) AND (k <= 6335608))
	  ->  Bitmap Index Scan on k_7  (cost=0.00..5.44 rows=101 width=0)
	        Index Cond: ((k >= 6335508) AND (k <= 6335608))

table 8 : explain SELECT k, c FROM sbtest8 WHERE k BETWEEN 6335508 AND 6335608
	Bitmap Heap Scan on sbtest8  (cost=5.43..389.37 rows=97 width=125)
	  Recheck Cond: ((k >= 6335508) AND (k <= 6335608))
	  ->  Bitmap Index Scan on k_8  (cost=0.00..5.40 rows=97 width=0)
	        Index Cond: ((k >= 6335508) AND (k <= 6335608))

explain: for range-notcovered :: explain SELECT k, c FROM sbtest%d WHERE k BETWEEN 6171319 AND 6171419
explain: for range-notcovered :: explain SELECT k, c FROM sbtest%d WHERE k BETWEEN 4323170 AND 4323270
for range-notcovered
table 1 : explain SELECT k, c FROM sbtest1 WHERE k BETWEEN 841325 AND 841425
	Bitmap Heap Scan on sbtest1  (cost=5.50..416.94 rows=104 width=125)
	  Recheck Cond: ((k >= 841325) AND (k <= 841425))
	  ->  Bitmap Index Scan on k_1  (cost=0.00..5.47 rows=104 width=0)
	        Index Cond: ((k >= 841325) AND (k <= 841425))

table 2 : explain SELECT k, c FROM sbtest2 WHERE k BETWEEN 841325 AND 841425
	Bitmap Heap Scan on sbtest2  (cost=5.45..397.25 rows=99 width=125)
	  Recheck Cond: ((k >= 841325) AND (k <= 841425))
	  ->  Bitmap Index Scan on k_2  (cost=0.00..5.42 rows=99 width=0)
	        Index Cond: ((k >= 841325) AND (k <= 841425))

table 3 : explain SELECT k, c FROM sbtest3 WHERE k BETWEEN 841325 AND 841425
	Bitmap Heap Scan on sbtest3  (cost=5.47..405.13 rows=101 width=125)
	  Recheck Cond: ((k >= 841325) AND (k <= 841425))
	  ->  Bitmap Index Scan on k_3  (cost=0.00..5.44 rows=101 width=0)
	        Index Cond: ((k >= 841325) AND (k <= 841425))

table 4 : explain SELECT k, c FROM sbtest4 WHERE k BETWEEN 841325 AND 841425
	Bitmap Heap Scan on sbtest4  (cost=5.48..409.07 rows=102 width=125)
	  Recheck Cond: ((k >= 841325) AND (k <= 841425))
	  ->  Bitmap Index Scan on k_4  (cost=0.00..5.45 rows=102 width=0)
	        Index Cond: ((k >= 841325) AND (k <= 841425))

table 5 : explain SELECT k, c FROM sbtest5 WHERE k BETWEEN 841325 AND 841425
	Bitmap Heap Scan on sbtest5  (cost=5.56..440.56 rows=110 width=125)
	  Recheck Cond: ((k >= 841325) AND (k <= 841425))
	  ->  Bitmap Index Scan on k_5  (cost=0.00..5.53 rows=110 width=0)
	        Index Cond: ((k >= 841325) AND (k <= 841425))

table 6 : explain SELECT k, c FROM sbtest6 WHERE k BETWEEN 841325 AND 841425
	Bitmap Heap Scan on sbtest6  (cost=5.56..440.56 rows=110 width=125)
	  Recheck Cond: ((k >= 841325) AND (k <= 841425))
	  ->  Bitmap Index Scan on k_6  (cost=0.00..5.53 rows=110 width=0)
	        Index Cond: ((k >= 841325) AND (k <= 841425))

table 7 : explain SELECT k, c FROM sbtest7 WHERE k BETWEEN 841325 AND 841425
	Bitmap Heap Scan on sbtest7  (cost=5.55..436.62 rows=109 width=125)
	  Recheck Cond: ((k >= 841325) AND (k <= 841425))
	  ->  Bitmap Index Scan on k_7  (cost=0.00..5.52 rows=109 width=0)
	        Index Cond: ((k >= 841325) AND (k <= 841425))

table 8 : explain SELECT k, c FROM sbtest8 WHERE k BETWEEN 841325 AND 841425
	Bitmap Heap Scan on sbtest8  (cost=5.44..393.31 rows=98 width=125)
	  Recheck Cond: ((k >= 841325) AND (k <= 841425))
	  ->  Bitmap Index Scan on k_8  (cost=0.00..5.42 rows=98 width=0)
	        Index Cond: ((k >= 841325) AND (k <= 841425))

for range-notcovered
table 1 : explain SELECT k, c FROM sbtest1 WHERE k BETWEEN 6792623 AND 6792723
	Bitmap Heap Scan on sbtest1  (cost=5.47..405.13 rows=101 width=125)
	  Recheck Cond: ((k >= 6792623) AND (k <= 6792723))
	  ->  Bitmap Index Scan on k_1  (cost=0.00..5.44 rows=101 width=0)
	        Index Cond: ((k >= 6792623) AND (k <= 6792723))

table 2 : explain SELECT k, c FROM sbtest2 WHERE k BETWEEN 6792623 AND 6792723
	Bitmap Heap Scan on sbtest2  (cost=5.47..405.13 rows=101 width=125)
	  Recheck Cond: ((k >= 6792623) AND (k <= 6792723))
	  ->  Bitmap Index Scan on k_2  (cost=0.00..5.44 rows=101 width=0)
	        Index Cond: ((k >= 6792623) AND (k <= 6792723))

table 3 : explain SELECT k, c FROM sbtest3 WHERE k BETWEEN 6792623 AND 6792723
	Bitmap Heap Scan on sbtest3  (cost=5.54..432.69 rows=108 width=125)
	  Recheck Cond: ((k >= 6792623) AND (k <= 6792723))
	  ->  Bitmap Index Scan on k_3  (cost=0.00..5.51 rows=108 width=0)
	        Index Cond: ((k >= 6792623) AND (k <= 6792723))

table 4 : explain SELECT k, c FROM sbtest4 WHERE k BETWEEN 6792623 AND 6792723
	Bitmap Heap Scan on sbtest4  (cost=5.50..416.94 rows=104 width=125)
	  Recheck Cond: ((k >= 6792623) AND (k <= 6792723))
	  ->  Bitmap Index Scan on k_4  (cost=0.00..5.47 rows=104 width=0)
	        Index Cond: ((k >= 6792623) AND (k <= 6792723))

table 5 : explain SELECT k, c FROM sbtest5 WHERE k BETWEEN 6792623 AND 6792723
	Bitmap Heap Scan on sbtest5  (cost=5.54..432.69 rows=108 width=125)
	  Recheck Cond: ((k >= 6792623) AND (k <= 6792723))
	  ->  Bitmap Index Scan on k_5  (cost=0.00..5.51 rows=108 width=0)
	        Index Cond: ((k >= 6792623) AND (k <= 6792723))

table 6 : explain SELECT k, c FROM sbtest6 WHERE k BETWEEN 6792623 AND 6792723
	Bitmap Heap Scan on sbtest6  (cost=5.44..393.31 rows=98 width=125)
	  Recheck Cond: ((k >= 6792623) AND (k <= 6792723))
	  ->  Bitmap Index Scan on k_6  (cost=0.00..5.42 rows=98 width=0)
	        Index Cond: ((k >= 6792623) AND (k <= 6792723))

table 7 : explain SELECT k, c FROM sbtest7 WHERE k BETWEEN 6792623 AND 6792723
	Bitmap Heap Scan on sbtest7  (cost=5.51..420.88 rows=105 width=125)
	  Recheck Cond: ((k >= 6792623) AND (k <= 6792723))
	  ->  Bitmap Index Scan on k_7  (cost=0.00..5.48 rows=105 width=0)
	        Index Cond: ((k >= 6792623) AND (k <= 6792723))

table 8 : explain SELECT k, c FROM sbtest8 WHERE k BETWEEN 6792623 AND 6792723
	Bitmap Heap Scan on sbtest8  (cost=5.49..413.00 rows=103 width=125)
	  Recheck Cond: ((k >= 6792623) AND (k <= 6792723))
	  ->  Bitmap Index Scan on k_8  (cost=0.00..5.46 rows=103 width=0)
	        Index Cond: ((k >= 6792623) AND (k <= 6792723))

explain: for range-notcovered :: explain SELECT k, c FROM sbtest%d WHERE k BETWEEN 841325 AND 841425
explain: for range-notcovered :: explain SELECT k, c FROM sbtest%d WHERE k BETWEEN 6792623 AND 6792723
for range-notcovered
table 1 : explain SELECT k, c FROM sbtest1 WHERE k BETWEEN 3607198 AND 3607298
	Bitmap Heap Scan on sbtest1  (cost=5.38..369.67 rows=92 width=125)
	  Recheck Cond: ((k >= 3607198) AND (k <= 3607298))
	  ->  Bitmap Index Scan on k_1  (cost=0.00..5.35 rows=92 width=0)
	        Index Cond: ((k >= 3607198) AND (k <= 3607298))

table 2 : explain SELECT k, c FROM sbtest2 WHERE k BETWEEN 3607198 AND 3607298
	Bitmap Heap Scan on sbtest2  (cost=5.49..413.00 rows=103 width=125)
	  Recheck Cond: ((k >= 3607198) AND (k <= 3607298))
	  ->  Bitmap Index Scan on k_2  (cost=0.00..5.46 rows=103 width=0)
	        Index Cond: ((k >= 3607198) AND (k <= 3607298))

table 3 : explain SELECT k, c FROM sbtest3 WHERE k BETWEEN 3607198 AND 3607298
	Bitmap Heap Scan on sbtest3  (cost=5.44..393.31 rows=98 width=125)
	  Recheck Cond: ((k >= 3607198) AND (k <= 3607298))
	  ->  Bitmap Index Scan on k_3  (cost=0.00..5.42 rows=98 width=0)
	        Index Cond: ((k >= 3607198) AND (k <= 3607298))

table 4 : explain SELECT k, c FROM sbtest4 WHERE k BETWEEN 3607198 AND 3607298
	Bitmap Heap Scan on sbtest4  (cost=5.54..432.69 rows=108 width=125)
	  Recheck Cond: ((k >= 3607198) AND (k <= 3607298))
	  ->  Bitmap Index Scan on k_4  (cost=0.00..5.51 rows=108 width=0)
	        Index Cond: ((k >= 3607198) AND (k <= 3607298))

table 5 : explain SELECT k, c FROM sbtest5 WHERE k BETWEEN 3607198 AND 3607298
	Bitmap Heap Scan on sbtest5  (cost=5.62..464.15 rows=116 width=125)
	  Recheck Cond: ((k >= 3607198) AND (k <= 3607298))
	  ->  Bitmap Index Scan on k_5  (cost=0.00..5.59 rows=116 width=0)
	        Index Cond: ((k >= 3607198) AND (k <= 3607298))

table 6 : explain SELECT k, c FROM sbtest6 WHERE k BETWEEN 3607198 AND 3607298
	Bitmap Heap Scan on sbtest6  (cost=5.53..428.75 rows=107 width=125)
	  Recheck Cond: ((k >= 3607198) AND (k <= 3607298))
	  ->  Bitmap Index Scan on k_6  (cost=0.00..5.50 rows=107 width=0)
	        Index Cond: ((k >= 3607198) AND (k <= 3607298))

table 7 : explain SELECT k, c FROM sbtest7 WHERE k BETWEEN 3607198 AND 3607298
	Bitmap Heap Scan on sbtest7  (cost=5.49..413.00 rows=103 width=125)
	  Recheck Cond: ((k >= 3607198) AND (k <= 3607298))
	  ->  Bitmap Index Scan on k_7  (cost=0.00..5.46 rows=103 width=0)
	        Index Cond: ((k >= 3607198) AND (k <= 3607298))

table 8 : explain SELECT k, c FROM sbtest8 WHERE k BETWEEN 3607198 AND 3607298
	Bitmap Heap Scan on sbtest8  (cost=5.53..428.75 rows=107 width=125)
	  Recheck Cond: ((k >= 3607198) AND (k <= 3607298))
	  ->  Bitmap Index Scan on k_8  (cost=0.00..5.50 rows=107 width=0)
	        Index Cond: ((k >= 3607198) AND (k <= 3607298))

for range-notcovered
table 1 : explain SELECT k, c FROM sbtest1 WHERE k BETWEEN 841325 AND 841425
	Bitmap Heap Scan on sbtest1  (cost=5.50..416.94 rows=104 width=125)
	  Recheck Cond: ((k >= 841325) AND (k <= 841425))
	  ->  Bitmap Index Scan on k_1  (cost=0.00..5.47 rows=104 width=0)
	        Index Cond: ((k >= 841325) AND (k <= 841425))

table 2 : explain SELECT k, c FROM sbtest2 WHERE k BETWEEN 841325 AND 841425
	Bitmap Heap Scan on sbtest2  (cost=5.45..397.25 rows=99 width=125)
	  Recheck Cond: ((k >= 841325) AND (k <= 841425))
	  ->  Bitmap Index Scan on k_2  (cost=0.00..5.42 rows=99 width=0)
	        Index Cond: ((k >= 841325) AND (k <= 841425))

table 3 : explain SELECT k, c FROM sbtest3 WHERE k BETWEEN 841325 AND 841425
	Bitmap Heap Scan on sbtest3  (cost=5.47..405.13 rows=101 width=125)
	  Recheck Cond: ((k >= 841325) AND (k <= 841425))
	  ->  Bitmap Index Scan on k_3  (cost=0.00..5.44 rows=101 width=0)
	        Index Cond: ((k >= 841325) AND (k <= 841425))

table 4 : explain SELECT k, c FROM sbtest4 WHERE k BETWEEN 841325 AND 841425
	Bitmap Heap Scan on sbtest4  (cost=5.48..409.07 rows=102 width=125)
	  Recheck Cond: ((k >= 841325) AND (k <= 841425))
	  ->  Bitmap Index Scan on k_4  (cost=0.00..5.45 rows=102 width=0)
	        Index Cond: ((k >= 841325) AND (k <= 841425))

table 5 : explain SELECT k, c FROM sbtest5 WHERE k BETWEEN 841325 AND 841425
	Bitmap Heap Scan on sbtest5  (cost=5.56..440.56 rows=110 width=125)
	  Recheck Cond: ((k >= 841325) AND (k <= 841425))
	  ->  Bitmap Index Scan on k_5  (cost=0.00..5.53 rows=110 width=0)
	        Index Cond: ((k >= 841325) AND (k <= 841425))

table 6 : explain SELECT k, c FROM sbtest6 WHERE k BETWEEN 841325 AND 841425
	Bitmap Heap Scan on sbtest6  (cost=5.56..440.56 rows=110 width=125)
	  Recheck Cond: ((k >= 841325) AND (k <= 841425))
	  ->  Bitmap Index Scan on k_6  (cost=0.00..5.53 rows=110 width=0)
	        Index Cond: ((k >= 841325) AND (k <= 841425))

table 7 : explain SELECT k, c FROM sbtest7 WHERE k BETWEEN 841325 AND 841425
	Bitmap Heap Scan on sbtest7  (cost=5.55..436.62 rows=109 width=125)
	  Recheck Cond: ((k >= 841325) AND (k <= 841425))
	  ->  Bitmap Index Scan on k_7  (cost=0.00..5.52 rows=109 width=0)
	        Index Cond: ((k >= 841325) AND (k <= 841425))

table 8 : explain SELECT k, c FROM sbtest8 WHERE k BETWEEN 841325 AND 841425
	Bitmap Heap Scan on sbtest8  (cost=5.44..393.31 rows=98 width=125)
	  Recheck Cond: ((k >= 841325) AND (k <= 841425))
	  ->  Bitmap Index Scan on k_8  (cost=0.00..5.42 rows=98 width=0)
	        Index Cond: ((k >= 841325) AND (k <= 841425))

explain: for range-notcovered :: explain SELECT k, c FROM sbtest%d WHERE k BETWEEN 5941308 AND 5941408
explain: for range-notcovered :: explain SELECT k, c FROM sbtest%d WHERE k BETWEEN 841325 AND 841425
for range-notcovered
table 1 : explain SELECT k, c FROM sbtest1 WHERE k BETWEEN 5053687 AND 5053787
	Bitmap Heap Scan on sbtest1  (cost=5.50..416.94 rows=104 width=125)
	  Recheck Cond: ((k >= 5053687) AND (k <= 5053787))
	  ->  Bitmap Index Scan on k_1  (cost=0.00..5.47 rows=104 width=0)
	        Index Cond: ((k >= 5053687) AND (k <= 5053787))

table 2 : explain SELECT k, c FROM sbtest2 WHERE k BETWEEN 5053687 AND 5053787
	Bitmap Heap Scan on sbtest2  (cost=5.50..416.94 rows=104 width=125)
	  Recheck Cond: ((k >= 5053687) AND (k <= 5053787))
	  ->  Bitmap Index Scan on k_2  (cost=0.00..5.47 rows=104 width=0)
	        Index Cond: ((k >= 5053687) AND (k <= 5053787))

table 3 : explain SELECT k, c FROM sbtest3 WHERE k BETWEEN 5053687 AND 5053787
	Bitmap Heap Scan on sbtest3  (cost=5.59..452.36 rows=113 width=125)
	  Recheck Cond: ((k >= 5053687) AND (k <= 5053787))
	  ->  Bitmap Index Scan on k_3  (cost=0.00..5.56 rows=113 width=0)
	        Index Cond: ((k >= 5053687) AND (k <= 5053787))

table 4 : explain SELECT k, c FROM sbtest4 WHERE k BETWEEN 5053687 AND 5053787
	Bitmap Heap Scan on sbtest4  (cost=5.64..472.02 rows=118 width=125)
	  Recheck Cond: ((k >= 5053687) AND (k <= 5053787))
	  ->  Bitmap Index Scan on k_4  (cost=0.00..5.61 rows=118 width=0)
	        Index Cond: ((k >= 5053687) AND (k <= 5053787))

table 5 : explain SELECT k, c FROM sbtest5 WHERE k BETWEEN 5053687 AND 5053787
	Bitmap Heap Scan on sbtest5  (cost=5.38..369.67 rows=92 width=125)
	  Recheck Cond: ((k >= 5053687) AND (k <= 5053787))
	  ->  Bitmap Index Scan on k_5  (cost=0.00..5.35 rows=92 width=0)
	        Index Cond: ((k >= 5053687) AND (k <= 5053787))

table 6 : explain SELECT k, c FROM sbtest6 WHERE k BETWEEN 5053687 AND 5053787
	Bitmap Heap Scan on sbtest6  (cost=5.40..377.55 rows=94 width=125)
	  Recheck Cond: ((k >= 5053687) AND (k <= 5053787))
	  ->  Bitmap Index Scan on k_6  (cost=0.00..5.38 rows=94 width=0)
	        Index Cond: ((k >= 5053687) AND (k <= 5053787))

table 7 : explain SELECT k, c FROM sbtest7 WHERE k BETWEEN 5053687 AND 5053787
	Bitmap Heap Scan on sbtest7  (cost=5.48..409.07 rows=102 width=125)
	  Recheck Cond: ((k >= 5053687) AND (k <= 5053787))
	  ->  Bitmap Index Scan on k_7  (cost=0.00..5.45 rows=102 width=0)
	        Index Cond: ((k >= 5053687) AND (k <= 5053787))

table 8 : explain SELECT k, c FROM sbtest8 WHERE k BETWEEN 5053687 AND 5053787
	Bitmap Heap Scan on sbtest8  (cost=5.50..416.94 rows=104 width=125)
	  Recheck Cond: ((k >= 5053687) AND (k <= 5053787))
	  ->  Bitmap Index Scan on k_8  (cost=0.00..5.47 rows=104 width=0)
	        Index Cond: ((k >= 5053687) AND (k <= 5053787))

explain: for range-notcovered :: explain SELECT k, c FROM sbtest%d WHERE k BETWEEN 7999302 AND 7999402
for range-notcovered
table 1 : explain SELECT k, c FROM sbtest1 WHERE k BETWEEN 6792623 AND 6792723
	Bitmap Heap Scan on sbtest1  (cost=5.47..405.13 rows=101 width=125)
	  Recheck Cond: ((k >= 6792623) AND (k <= 6792723))
	  ->  Bitmap Index Scan on k_1  (cost=0.00..5.44 rows=101 width=0)
	        Index Cond: ((k >= 6792623) AND (k <= 6792723))

table 2 : explain SELECT k, c FROM sbtest2 WHERE k BETWEEN 6792623 AND 6792723
	Bitmap Heap Scan on sbtest2  (cost=5.47..405.13 rows=101 width=125)
	  Recheck Cond: ((k >= 6792623) AND (k <= 6792723))
	  ->  Bitmap Index Scan on k_2  (cost=0.00..5.44 rows=101 width=0)
	        Index Cond: ((k >= 6792623) AND (k <= 6792723))

table 3 : explain SELECT k, c FROM sbtest3 WHERE k BETWEEN 6792623 AND 6792723
	Bitmap Heap Scan on sbtest3  (cost=5.54..432.69 rows=108 width=125)
	  Recheck Cond: ((k >= 6792623) AND (k <= 6792723))
	  ->  Bitmap Index Scan on k_3  (cost=0.00..5.51 rows=108 width=0)
	        Index Cond: ((k >= 6792623) AND (k <= 6792723))

table 4 : explain SELECT k, c FROM sbtest4 WHERE k BETWEEN 6792623 AND 6792723
	Bitmap Heap Scan on sbtest4  (cost=5.50..416.94 rows=104 width=125)
	  Recheck Cond: ((k >= 6792623) AND (k <= 6792723))
	  ->  Bitmap Index Scan on k_4  (cost=0.00..5.47 rows=104 width=0)
	        Index Cond: ((k >= 6792623) AND (k <= 6792723))

table 5 : explain SELECT k, c FROM sbtest5 WHERE k BETWEEN 6792623 AND 6792723
	Bitmap Heap Scan on sbtest5  (cost=5.54..432.69 rows=108 width=125)
	  Recheck Cond: ((k >= 6792623) AND (k <= 6792723))
	  ->  Bitmap Index Scan on k_5  (cost=0.00..5.51 rows=108 width=0)
	        Index Cond: ((k >= 6792623) AND (k <= 6792723))

table 6 : explain SELECT k, c FROM sbtest6 WHERE k BETWEEN 6792623 AND 6792723
	Bitmap Heap Scan on sbtest6  (cost=5.44..393.31 rows=98 width=125)
	  Recheck Cond: ((k >= 6792623) AND (k <= 6792723))
	  ->  Bitmap Index Scan on k_6  (cost=0.00..5.42 rows=98 width=0)
	        Index Cond: ((k >= 6792623) AND (k <= 6792723))

table 7 : explain SELECT k, c FROM sbtest7 WHERE k BETWEEN 6792623 AND 6792723
	Bitmap Heap Scan on sbtest7  (cost=5.51..420.88 rows=105 width=125)
	  Recheck Cond: ((k >= 6792623) AND (k <= 6792723))
	  ->  Bitmap Index Scan on k_7  (cost=0.00..5.48 rows=105 width=0)
	        Index Cond: ((k >= 6792623) AND (k <= 6792723))

table 8 : explain SELECT k, c FROM sbtest8 WHERE k BETWEEN 6792623 AND 6792723
	Bitmap Heap Scan on sbtest8  (cost=5.49..413.00 rows=103 width=125)
	  Recheck Cond: ((k >= 6792623) AND (k <= 6792723))
	  ->  Bitmap Index Scan on k_8  (cost=0.00..5.46 rows=103 width=0)
	        Index Cond: ((k >= 6792623) AND (k <= 6792723))

explain: for range-notcovered :: explain SELECT k, c FROM sbtest%d WHERE k BETWEEN 6792623 AND 6792723
for range-notcovered
table 1 : explain SELECT k, c FROM sbtest1 WHERE k BETWEEN 841325 AND 841425
	Bitmap Heap Scan on sbtest1  (cost=5.50..416.94 rows=104 width=125)
	  Recheck Cond: ((k >= 841325) AND (k <= 841425))
	  ->  Bitmap Index Scan on k_1  (cost=0.00..5.47 rows=104 width=0)
	        Index Cond: ((k >= 841325) AND (k <= 841425))

table 2 : explain SELECT k, c FROM sbtest2 WHERE k BETWEEN 841325 AND 841425
	Bitmap Heap Scan on sbtest2  (cost=5.45..397.25 rows=99 width=125)
	  Recheck Cond: ((k >= 841325) AND (k <= 841425))
	  ->  Bitmap Index Scan on k_2  (cost=0.00..5.42 rows=99 width=0)
	        Index Cond: ((k >= 841325) AND (k <= 841425))

table 3 : explain SELECT k, c FROM sbtest3 WHERE k BETWEEN 841325 AND 841425
	Bitmap Heap Scan on sbtest3  (cost=5.47..405.13 rows=101 width=125)
	  Recheck Cond: ((k >= 841325) AND (k <= 841425))
	  ->  Bitmap Index Scan on k_3  (cost=0.00..5.44 rows=101 width=0)
	        Index Cond: ((k >= 841325) AND (k <= 841425))

table 4 : explain SELECT k, c FROM sbtest4 WHERE k BETWEEN 841325 AND 841425
	Bitmap Heap Scan on sbtest4  (cost=5.48..409.07 rows=102 width=125)
	  Recheck Cond: ((k >= 841325) AND (k <= 841425))
	  ->  Bitmap Index Scan on k_4  (cost=0.00..5.45 rows=102 width=0)
	        Index Cond: ((k >= 841325) AND (k <= 841425))

table 5 : explain SELECT k, c FROM sbtest5 WHERE k BETWEEN 841325 AND 841425
	Bitmap Heap Scan on sbtest5  (cost=5.56..440.56 rows=110 width=125)
	  Recheck Cond: ((k >= 841325) AND (k <= 841425))
	  ->  Bitmap Index Scan on k_5  (cost=0.00..5.53 rows=110 width=0)
	        Index Cond: ((k >= 841325) AND (k <= 841425))

table 6 : explain SELECT k, c FROM sbtest6 WHERE k BETWEEN 841325 AND 841425
	Bitmap Heap Scan on sbtest6  (cost=5.56..440.56 rows=110 width=125)
	  Recheck Cond: ((k >= 841325) AND (k <= 841425))
	  ->  Bitmap Index Scan on k_6  (cost=0.00..5.53 rows=110 width=0)
	        Index Cond: ((k >= 841325) AND (k <= 841425))

table 7 : explain SELECT k, c FROM sbtest7 WHERE k BETWEEN 841325 AND 841425
	Bitmap Heap Scan on sbtest7  (cost=5.55..436.62 rows=109 width=125)
	  Recheck Cond: ((k >= 841325) AND (k <= 841425))
	  ->  Bitmap Index Scan on k_7  (cost=0.00..5.52 rows=109 width=0)
	        Index Cond: ((k >= 841325) AND (k <= 841425))

table 8 : explain SELECT k, c FROM sbtest8 WHERE k BETWEEN 841325 AND 841425
	Bitmap Heap Scan on sbtest8  (cost=5.44..393.31 rows=98 width=125)
	  Recheck Cond: ((k >= 841325) AND (k <= 841425))
	  ->  Bitmap Index Scan on k_8  (cost=0.00..5.42 rows=98 width=0)
	        Index Cond: ((k >= 841325) AND (k <= 841425))

explain: for range-notcovered :: explain SELECT k, c FROM sbtest%d WHERE k BETWEEN 841325 AND 841425
explain: for range-notcovered :: explain SELECT k, c FROM sbtest%d WHERE k BETWEEN 5053687 AND 5053787
for range-notcovered
table 1 : explain SELECT k, c FROM sbtest1 WHERE k BETWEEN 841325 AND 841425
	Bitmap Heap Scan on sbtest1  (cost=5.50..416.94 rows=104 width=125)
	  Recheck Cond: ((k >= 841325) AND (k <= 841425))
	  ->  Bitmap Index Scan on k_1  (cost=0.00..5.47 rows=104 width=0)
	        Index Cond: ((k >= 841325) AND (k <= 841425))

table 2 : explain SELECT k, c FROM sbtest2 WHERE k BETWEEN 841325 AND 841425
	Bitmap Heap Scan on sbtest2  (cost=5.45..397.25 rows=99 width=125)
	  Recheck Cond: ((k >= 841325) AND (k <= 841425))
	  ->  Bitmap Index Scan on k_2  (cost=0.00..5.42 rows=99 width=0)
	        Index Cond: ((k >= 841325) AND (k <= 841425))

table 3 : explain SELECT k, c FROM sbtest3 WHERE k BETWEEN 841325 AND 841425
	Bitmap Heap Scan on sbtest3  (cost=5.47..405.13 rows=101 width=125)
	  Recheck Cond: ((k >= 841325) AND (k <= 841425))
	  ->  Bitmap Index Scan on k_3  (cost=0.00..5.44 rows=101 width=0)
	        Index Cond: ((k >= 841325) AND (k <= 841425))

table 4 : explain SELECT k, c FROM sbtest4 WHERE k BETWEEN 841325 AND 841425
	Bitmap Heap Scan on sbtest4  (cost=5.48..409.07 rows=102 width=125)
	  Recheck Cond: ((k >= 841325) AND (k <= 841425))
	  ->  Bitmap Index Scan on k_4  (cost=0.00..5.45 rows=102 width=0)
	        Index Cond: ((k >= 841325) AND (k <= 841425))

table 5 : explain SELECT k, c FROM sbtest5 WHERE k BETWEEN 841325 AND 841425
	Bitmap Heap Scan on sbtest5  (cost=5.56..440.56 rows=110 width=125)
	  Recheck Cond: ((k >= 841325) AND (k <= 841425))
	  ->  Bitmap Index Scan on k_5  (cost=0.00..5.53 rows=110 width=0)
	        Index Cond: ((k >= 841325) AND (k <= 841425))

table 6 : explain SELECT k, c FROM sbtest6 WHERE k BETWEEN 841325 AND 841425
	Bitmap Heap Scan on sbtest6  (cost=5.56..440.56 rows=110 width=125)
	  Recheck Cond: ((k >= 841325) AND (k <= 841425))
	  ->  Bitmap Index Scan on k_6  (cost=0.00..5.53 rows=110 width=0)
	        Index Cond: ((k >= 841325) AND (k <= 841425))

table 7 : explain SELECT k, c FROM sbtest7 WHERE k BETWEEN 841325 AND 841425
	Bitmap Heap Scan on sbtest7  (cost=5.55..436.62 rows=109 width=125)
	  Recheck Cond: ((k >= 841325) AND (k <= 841425))
	  ->  Bitmap Index Scan on k_7  (cost=0.00..5.52 rows=109 width=0)
	        Index Cond: ((k >= 841325) AND (k <= 841425))

table 8 : explain SELECT k, c FROM sbtest8 WHERE k BETWEEN 841325 AND 841425
	Bitmap Heap Scan on sbtest8  (cost=5.44..393.31 rows=98 width=125)
	  Recheck Cond: ((k >= 841325) AND (k <= 841425))
	  ->  Bitmap Index Scan on k_8  (cost=0.00..5.42 rows=98 width=0)
	        Index Cond: ((k >= 841325) AND (k <= 841425))

explain: for range-notcovered :: explain SELECT k, c FROM sbtest%d WHERE k BETWEEN 841325 AND 841425
for range-notcovered
table 1 : explain SELECT k, c FROM sbtest1 WHERE k BETWEEN 3890726 AND 3890826
	Bitmap Heap Scan on sbtest1  (cost=5.43..389.37 rows=97 width=125)
	  Recheck Cond: ((k >= 3890726) AND (k <= 3890826))
	  ->  Bitmap Index Scan on k_1  (cost=0.00..5.40 rows=97 width=0)
	        Index Cond: ((k >= 3890726) AND (k <= 3890826))

table 2 : explain SELECT k, c FROM sbtest2 WHERE k BETWEEN 3890726 AND 3890826
	Bitmap Heap Scan on sbtest2  (cost=5.46..401.19 rows=100 width=125)
	  Recheck Cond: ((k >= 3890726) AND (k <= 3890826))
	  ->  Bitmap Index Scan on k_2  (cost=0.00..5.43 rows=100 width=0)
	        Index Cond: ((k >= 3890726) AND (k <= 3890826))

table 3 : explain SELECT k, c FROM sbtest3 WHERE k BETWEEN 3890726 AND 3890826
	Bitmap Heap Scan on sbtest3  (cost=5.44..393.31 rows=98 width=125)
	  Recheck Cond: ((k >= 3890726) AND (k <= 3890826))
	  ->  Bitmap Index Scan on k_3  (cost=0.00..5.42 rows=98 width=0)
	        Index Cond: ((k >= 3890726) AND (k <= 3890826))

table 4 : explain SELECT k, c FROM sbtest4 WHERE k BETWEEN 3890726 AND 3890826
	Bitmap Heap Scan on sbtest4  (cost=5.39..373.61 rows=93 width=125)
	  Recheck Cond: ((k >= 3890726) AND (k <= 3890826))
	  ->  Bitmap Index Scan on k_4  (cost=0.00..5.36 rows=93 width=0)
	        Index Cond: ((k >= 3890726) AND (k <= 3890826))

table 5 : explain SELECT k, c FROM sbtest5 WHERE k BETWEEN 3890726 AND 3890826
	Bitmap Heap Scan on sbtest5  (cost=5.51..420.88 rows=105 width=125)
	  Recheck Cond: ((k >= 3890726) AND (k <= 3890826))
	  ->  Bitmap Index Scan on k_5  (cost=0.00..5.48 rows=105 width=0)
	        Index Cond: ((k >= 3890726) AND (k <= 3890826))

table 6 : explain SELECT k, c FROM sbtest6 WHERE k BETWEEN 3890726 AND 3890826
	Bitmap Heap Scan on sbtest6  (cost=5.49..413.00 rows=103 width=125)
	  Recheck Cond: ((k >= 3890726) AND (k <= 3890826))
	  ->  Bitmap Index Scan on k_6  (cost=0.00..5.46 rows=103 width=0)
	        Index Cond: ((k >= 3890726) AND (k <= 3890826))

table 7 : explain SELECT k, c FROM sbtest7 WHERE k BETWEEN 3890726 AND 3890826
	Bitmap Heap Scan on sbtest7  (cost=5.55..436.62 rows=109 width=125)
	  Recheck Cond: ((k >= 3890726) AND (k <= 3890826))
	  ->  Bitmap Index Scan on k_7  (cost=0.00..5.52 rows=109 width=0)
	        Index Cond: ((k >= 3890726) AND (k <= 3890826))

table 8 : explain SELECT k, c FROM sbtest8 WHERE k BETWEEN 3890726 AND 3890826
	Bitmap Heap Scan on sbtest8  (cost=5.48..409.07 rows=102 width=125)
	  Recheck Cond: ((k >= 3890726) AND (k <= 3890826))
	  ->  Bitmap Index Scan on k_8  (cost=0.00..5.45 rows=102 width=0)
	        Index Cond: ((k >= 3890726) AND (k <= 3890826))

explain: for range-notcovered :: explain SELECT k, c FROM sbtest%d WHERE k BETWEEN 3890726 AND 3890826
for range-notcovered
table 1 : explain SELECT k, c FROM sbtest1 WHERE k BETWEEN 6792623 AND 6792723
	Bitmap Heap Scan on sbtest1  (cost=5.47..405.13 rows=101 width=125)
	  Recheck Cond: ((k >= 6792623) AND (k <= 6792723))
	  ->  Bitmap Index Scan on k_1  (cost=0.00..5.44 rows=101 width=0)
	        Index Cond: ((k >= 6792623) AND (k <= 6792723))

table 2 : explain SELECT k, c FROM sbtest2 WHERE k BETWEEN 6792623 AND 6792723
	Bitmap Heap Scan on sbtest2  (cost=5.47..405.13 rows=101 width=125)
	  Recheck Cond: ((k >= 6792623) AND (k <= 6792723))
	  ->  Bitmap Index Scan on k_2  (cost=0.00..5.44 rows=101 width=0)
	        Index Cond: ((k >= 6792623) AND (k <= 6792723))

table 3 : explain SELECT k, c FROM sbtest3 WHERE k BETWEEN 6792623 AND 6792723
	Bitmap Heap Scan on sbtest3  (cost=5.54..432.69 rows=108 width=125)
	  Recheck Cond: ((k >= 6792623) AND (k <= 6792723))
	  ->  Bitmap Index Scan on k_3  (cost=0.00..5.51 rows=108 width=0)
	        Index Cond: ((k >= 6792623) AND (k <= 6792723))

table 4 : explain SELECT k, c FROM sbtest4 WHERE k BETWEEN 6792623 AND 6792723
	Bitmap Heap Scan on sbtest4  (cost=5.50..416.94 rows=104 width=125)
	  Recheck Cond: ((k >= 6792623) AND (k <= 6792723))
	  ->  Bitmap Index Scan on k_4  (cost=0.00..5.47 rows=104 width=0)
	        Index Cond: ((k >= 6792623) AND (k <= 6792723))

table 5 : explain SELECT k, c FROM sbtest5 WHERE k BETWEEN 6792623 AND 6792723
	Bitmap Heap Scan on sbtest5  (cost=5.54..432.69 rows=108 width=125)
	  Recheck Cond: ((k >= 6792623) AND (k <= 6792723))
	  ->  Bitmap Index Scan on k_5  (cost=0.00..5.51 rows=108 width=0)
	        Index Cond: ((k >= 6792623) AND (k <= 6792723))

table 6 : explain SELECT k, c FROM sbtest6 WHERE k BETWEEN 6792623 AND 6792723
	Bitmap Heap Scan on sbtest6  (cost=5.44..393.31 rows=98 width=125)
	  Recheck Cond: ((k >= 6792623) AND (k <= 6792723))
	  ->  Bitmap Index Scan on k_6  (cost=0.00..5.42 rows=98 width=0)
	        Index Cond: ((k >= 6792623) AND (k <= 6792723))

table 7 : explain SELECT k, c FROM sbtest7 WHERE k BETWEEN 6792623 AND 6792723
	Bitmap Heap Scan on sbtest7  (cost=5.51..420.88 rows=105 width=125)
	  Recheck Cond: ((k >= 6792623) AND (k <= 6792723))
	  ->  Bitmap Index Scan on k_7  (cost=0.00..5.48 rows=105 width=0)
	        Index Cond: ((k >= 6792623) AND (k <= 6792723))

table 8 : explain SELECT k, c FROM sbtest8 WHERE k BETWEEN 6792623 AND 6792723
	Bitmap Heap Scan on sbtest8  (cost=5.49..413.00 rows=103 width=125)
	  Recheck Cond: ((k >= 6792623) AND (k <= 6792723))
	  ->  Bitmap Index Scan on k_8  (cost=0.00..5.46 rows=103 width=0)
	        Index Cond: ((k >= 6792623) AND (k <= 6792723))

for range-notcovered
table 1 : explain SELECT k, c FROM sbtest1 WHERE k BETWEEN 5053687 AND 5053787
	Bitmap Heap Scan on sbtest1  (cost=5.50..416.94 rows=104 width=125)
	  Recheck Cond: ((k >= 5053687) AND (k <= 5053787))
	  ->  Bitmap Index Scan on k_1  (cost=0.00..5.47 rows=104 width=0)
	        Index Cond: ((k >= 5053687) AND (k <= 5053787))

table 2 : explain SELECT k, c FROM sbtest2 WHERE k BETWEEN 5053687 AND 5053787
	Bitmap Heap Scan on sbtest2  (cost=5.50..416.94 rows=104 width=125)
	  Recheck Cond: ((k >= 5053687) AND (k <= 5053787))
	  ->  Bitmap Index Scan on k_2  (cost=0.00..5.47 rows=104 width=0)
	        Index Cond: ((k >= 5053687) AND (k <= 5053787))

table 3 : explain SELECT k, c FROM sbtest3 WHERE k BETWEEN 5053687 AND 5053787
	Bitmap Heap Scan on sbtest3  (cost=5.59..452.36 rows=113 width=125)
	  Recheck Cond: ((k >= 5053687) AND (k <= 5053787))
	  ->  Bitmap Index Scan on k_3  (cost=0.00..5.56 rows=113 width=0)
	        Index Cond: ((k >= 5053687) AND (k <= 5053787))

table 4 : explain SELECT k, c FROM sbtest4 WHERE k BETWEEN 5053687 AND 5053787
	Bitmap Heap Scan on sbtest4  (cost=5.64..472.02 rows=118 width=125)
	  Recheck Cond: ((k >= 5053687) AND (k <= 5053787))
	  ->  Bitmap Index Scan on k_4  (cost=0.00..5.61 rows=118 width=0)
	        Index Cond: ((k >= 5053687) AND (k <= 5053787))

table 5 : explain SELECT k, c FROM sbtest5 WHERE k BETWEEN 5053687 AND 5053787
	Bitmap Heap Scan on sbtest5  (cost=5.38..369.67 rows=92 width=125)
	  Recheck Cond: ((k >= 5053687) AND (k <= 5053787))
	  ->  Bitmap Index Scan on k_5  (cost=0.00..5.35 rows=92 width=0)
	        Index Cond: ((k >= 5053687) AND (k <= 5053787))

table 6 : explain SELECT k, c FROM sbtest6 WHERE k BETWEEN 5053687 AND 5053787
	Bitmap Heap Scan on sbtest6  (cost=5.40..377.55 rows=94 width=125)
	  Recheck Cond: ((k >= 5053687) AND (k <= 5053787))
	  ->  Bitmap Index Scan on k_6  (cost=0.00..5.38 rows=94 width=0)
	        Index Cond: ((k >= 5053687) AND (k <= 5053787))

table 7 : explain SELECT k, c FROM sbtest7 WHERE k BETWEEN 5053687 AND 5053787
	Bitmap Heap Scan on sbtest7  (cost=5.48..409.07 rows=102 width=125)
	  Recheck Cond: ((k >= 5053687) AND (k <= 5053787))
	  ->  Bitmap Index Scan on k_7  (cost=0.00..5.45 rows=102 width=0)
	        Index Cond: ((k >= 5053687) AND (k <= 5053787))

table 8 : explain SELECT k, c FROM sbtest8 WHERE k BETWEEN 5053687 AND 5053787
	Bitmap Heap Scan on sbtest8  (cost=5.50..416.94 rows=104 width=125)
	  Recheck Cond: ((k >= 5053687) AND (k <= 5053787))
	  ->  Bitmap Index Scan on k_8  (cost=0.00..5.47 rows=104 width=0)
	        Index Cond: ((k >= 5053687) AND (k <= 5053787))

explain: for range-notcovered :: explain SELECT k, c FROM sbtest%d WHERE k BETWEEN 6792623 AND 6792723
for range-notcovered
table 1 : explain SELECT k, c FROM sbtest1 WHERE k BETWEEN 841325 AND 841425
	Bitmap Heap Scan on sbtest1  (cost=5.50..416.94 rows=104 width=125)
	  Recheck Cond: ((k >= 841325) AND (k <= 841425))
	  ->  Bitmap Index Scan on k_1  (cost=0.00..5.47 rows=104 width=0)
	        Index Cond: ((k >= 841325) AND (k <= 841425))

table 2 : explain SELECT k, c FROM sbtest2 WHERE k BETWEEN 841325 AND 841425
	Bitmap Heap Scan on sbtest2  (cost=5.45..397.25 rows=99 width=125)
	  Recheck Cond: ((k >= 841325) AND (k <= 841425))
	  ->  Bitmap Index Scan on k_2  (cost=0.00..5.42 rows=99 width=0)
	        Index Cond: ((k >= 841325) AND (k <= 841425))

table 3 : explain SELECT k, c FROM sbtest3 WHERE k BETWEEN 841325 AND 841425
	Bitmap Heap Scan on sbtest3  (cost=5.47..405.13 rows=101 width=125)
	  Recheck Cond: ((k >= 841325) AND (k <= 841425))
	  ->  Bitmap Index Scan on k_3  (cost=0.00..5.44 rows=101 width=0)
	        Index Cond: ((k >= 841325) AND (k <= 841425))

table 4 : explain SELECT k, c FROM sbtest4 WHERE k BETWEEN 841325 AND 841425
	Bitmap Heap Scan on sbtest4  (cost=5.48..409.07 rows=102 width=125)
	  Recheck Cond: ((k >= 841325) AND (k <= 841425))
	  ->  Bitmap Index Scan on k_4  (cost=0.00..5.45 rows=102 width=0)
	        Index Cond: ((k >= 841325) AND (k <= 841425))

table 5 : explain SELECT k, c FROM sbtest5 WHERE k BETWEEN 841325 AND 841425
	Bitmap Heap Scan on sbtest5  (cost=5.56..440.56 rows=110 width=125)
	  Recheck Cond: ((k >= 841325) AND (k <= 841425))
	  ->  Bitmap Index Scan on k_5  (cost=0.00..5.53 rows=110 width=0)
	        Index Cond: ((k >= 841325) AND (k <= 841425))

table 6 : explain SELECT k, c FROM sbtest6 WHERE k BETWEEN 841325 AND 841425
	Bitmap Heap Scan on sbtest6  (cost=5.56..440.56 rows=110 width=125)
	  Recheck Cond: ((k >= 841325) AND (k <= 841425))
	  ->  Bitmap Index Scan on k_6  (cost=0.00..5.53 rows=110 width=0)
	        Index Cond: ((k >= 841325) AND (k <= 841425))

table 7 : explain SELECT k, c FROM sbtest7 WHERE k BETWEEN 841325 AND 841425
	Bitmap Heap Scan on sbtest7  (cost=5.55..436.62 rows=109 width=125)
	  Recheck Cond: ((k >= 841325) AND (k <= 841425))
	  ->  Bitmap Index Scan on k_7  (cost=0.00..5.52 rows=109 width=0)
	        Index Cond: ((k >= 841325) AND (k <= 841425))

table 8 : explain SELECT k, c FROM sbtest8 WHERE k BETWEEN 841325 AND 841425
	Bitmap Heap Scan on sbtest8  (cost=5.44..393.31 rows=98 width=125)
	  Recheck Cond: ((k >= 841325) AND (k <= 841425))
	  ->  Bitmap Index Scan on k_8  (cost=0.00..5.42 rows=98 width=0)
	        Index Cond: ((k >= 841325) AND (k <= 841425))

explain: for range-notcovered :: explain SELECT k, c FROM sbtest%d WHERE k BETWEEN 5053687 AND 5053787
explain: for range-notcovered :: explain SELECT k, c FROM sbtest%d WHERE k BETWEEN 841325 AND 841425
for range-notcovered
table 1 : explain SELECT k, c FROM sbtest1 WHERE k BETWEEN 6041609 AND 6041709
	Bitmap Heap Scan on sbtest1  (cost=5.46..401.19 rows=100 width=125)
	  Recheck Cond: ((k >= 6041609) AND (k <= 6041709))
	  ->  Bitmap Index Scan on k_1  (cost=0.00..5.43 rows=100 width=0)
	        Index Cond: ((k >= 6041609) AND (k <= 6041709))

table 2 : explain SELECT k, c FROM sbtest2 WHERE k BETWEEN 6041609 AND 6041709
	Bitmap Heap Scan on sbtest2  (cost=5.45..397.25 rows=99 width=125)
	  Recheck Cond: ((k >= 6041609) AND (k <= 6041709))
	  ->  Bitmap Index Scan on k_2  (cost=0.00..5.42 rows=99 width=0)
	        Index Cond: ((k >= 6041609) AND (k <= 6041709))

table 3 : explain SELECT k, c FROM sbtest3 WHERE k BETWEEN 6041609 AND 6041709
	Bitmap Heap Scan on sbtest3  (cost=5.52..424.81 rows=106 width=125)
	  Recheck Cond: ((k >= 6041609) AND (k <= 6041709))
	  ->  Bitmap Index Scan on k_3  (cost=0.00..5.50 rows=106 width=0)
	        Index Cond: ((k >= 6041609) AND (k <= 6041709))

table 4 : explain SELECT k, c FROM sbtest4 WHERE k BETWEEN 6041609 AND 6041709
	Bitmap Heap Scan on sbtest4  (cost=5.50..416.94 rows=104 width=125)
	  Recheck Cond: ((k >= 6041609) AND (k <= 6041709))
	  ->  Bitmap Index Scan on k_4  (cost=0.00..5.47 rows=104 width=0)
	        Index Cond: ((k >= 6041609) AND (k <= 6041709))

table 5 : explain SELECT k, c FROM sbtest5 WHERE k BETWEEN 6041609 AND 6041709
	Bitmap Heap Scan on sbtest5  (cost=5.42..385.43 rows=96 width=125)
	  Recheck Cond: ((k >= 6041609) AND (k <= 6041709))
	  ->  Bitmap Index Scan on k_5  (cost=0.00..5.39 rows=96 width=0)
	        Index Cond: ((k >= 6041609) AND (k <= 6041709))

table 6 : explain SELECT k, c FROM sbtest6 WHERE k BETWEEN 6041609 AND 6041709
	Bitmap Heap Scan on sbtest6  (cost=5.44..393.31 rows=98 width=125)
	  Recheck Cond: ((k >= 6041609) AND (k <= 6041709))
	  ->  Bitmap Index Scan on k_6  (cost=0.00..5.42 rows=98 width=0)
	        Index Cond: ((k >= 6041609) AND (k <= 6041709))

table 7 : explain SELECT k, c FROM sbtest7 WHERE k BETWEEN 6041609 AND 6041709
	Bitmap Heap Scan on sbtest7  (cost=5.54..432.69 rows=108 width=125)
	  Recheck Cond: ((k >= 6041609) AND (k <= 6041709))
	  ->  Bitmap Index Scan on k_7  (cost=0.00..5.51 rows=108 width=0)
	        Index Cond: ((k >= 6041609) AND (k <= 6041709))

table 8 : explain SELECT k, c FROM sbtest8 WHERE k BETWEEN 6041609 AND 6041709
	Bitmap Heap Scan on sbtest8  (cost=5.41..381.49 rows=95 width=125)
	  Recheck Cond: ((k >= 6041609) AND (k <= 6041709))
	  ->  Bitmap Index Scan on k_8  (cost=0.00..5.38 rows=95 width=0)
	        Index Cond: ((k >= 6041609) AND (k <= 6041709))

for range-notcovered
table 1 : explain SELECT k, c FROM sbtest1 WHERE k BETWEEN 3890726 AND 3890826
	Bitmap Heap Scan on sbtest1  (cost=5.43..389.37 rows=97 width=125)
	  Recheck Cond: ((k >= 3890726) AND (k <= 3890826))
	  ->  Bitmap Index Scan on k_1  (cost=0.00..5.40 rows=97 width=0)
	        Index Cond: ((k >= 3890726) AND (k <= 3890826))

table 2 : explain SELECT k, c FROM sbtest2 WHERE k BETWEEN 3890726 AND 3890826
	Bitmap Heap Scan on sbtest2  (cost=5.46..401.19 rows=100 width=125)
	  Recheck Cond: ((k >= 3890726) AND (k <= 3890826))
	  ->  Bitmap Index Scan on k_2  (cost=0.00..5.43 rows=100 width=0)
	        Index Cond: ((k >= 3890726) AND (k <= 3890826))

table 3 : explain SELECT k, c FROM sbtest3 WHERE k BETWEEN 3890726 AND 3890826
	Bitmap Heap Scan on sbtest3  (cost=5.44..393.31 rows=98 width=125)
	  Recheck Cond: ((k >= 3890726) AND (k <= 3890826))
	  ->  Bitmap Index Scan on k_3  (cost=0.00..5.42 rows=98 width=0)
	        Index Cond: ((k >= 3890726) AND (k <= 3890826))

table 4 : explain SELECT k, c FROM sbtest4 WHERE k BETWEEN 3890726 AND 3890826
	Bitmap Heap Scan on sbtest4  (cost=5.39..373.61 rows=93 width=125)
	  Recheck Cond: ((k >= 3890726) AND (k <= 3890826))
	  ->  Bitmap Index Scan on k_4  (cost=0.00..5.36 rows=93 width=0)
	        Index Cond: ((k >= 3890726) AND (k <= 3890826))

table 5 : explain SELECT k, c FROM sbtest5 WHERE k BETWEEN 3890726 AND 3890826
	Bitmap Heap Scan on sbtest5  (cost=5.51..420.88 rows=105 width=125)
	  Recheck Cond: ((k >= 3890726) AND (k <= 3890826))
	  ->  Bitmap Index Scan on k_5  (cost=0.00..5.48 rows=105 width=0)
	        Index Cond: ((k >= 3890726) AND (k <= 3890826))

table 6 : explain SELECT k, c FROM sbtest6 WHERE k BETWEEN 3890726 AND 3890826
	Bitmap Heap Scan on sbtest6  (cost=5.49..413.00 rows=103 width=125)
	  Recheck Cond: ((k >= 3890726) AND (k <= 3890826))
	  ->  Bitmap Index Scan on k_6  (cost=0.00..5.46 rows=103 width=0)
	        Index Cond: ((k >= 3890726) AND (k <= 3890826))

table 7 : explain SELECT k, c FROM sbtest7 WHERE k BETWEEN 3890726 AND 3890826
	Bitmap Heap Scan on sbtest7  (cost=5.55..436.62 rows=109 width=125)
	  Recheck Cond: ((k >= 3890726) AND (k <= 3890826))
	  ->  Bitmap Index Scan on k_7  (cost=0.00..5.52 rows=109 width=0)
	        Index Cond: ((k >= 3890726) AND (k <= 3890826))

table 8 : explain SELECT k, c FROM sbtest8 WHERE k BETWEEN 3890726 AND 3890826
	Bitmap Heap Scan on sbtest8  (cost=5.48..409.07 rows=102 width=125)
	  Recheck Cond: ((k >= 3890726) AND (k <= 3890826))
	  ->  Bitmap Index Scan on k_8  (cost=0.00..5.45 rows=102 width=0)
	        Index Cond: ((k >= 3890726) AND (k <= 3890826))

for range-notcovered
table 1 : explain SELECT k, c FROM sbtest1 WHERE k BETWEEN 6171319 AND 6171419
	Bitmap Heap Scan on sbtest1  (cost=5.41..381.49 rows=95 width=125)
	  Recheck Cond: ((k >= 6171319) AND (k <= 6171419))
	  ->  Bitmap Index Scan on k_1  (cost=0.00..5.38 rows=95 width=0)
	        Index Cond: ((k >= 6171319) AND (k <= 6171419))

table 2 : explain SELECT k, c FROM sbtest2 WHERE k BETWEEN 6171319 AND 6171419
	Bitmap Heap Scan on sbtest2  (cost=5.54..432.69 rows=108 width=125)
	  Recheck Cond: ((k >= 6171319) AND (k <= 6171419))
	  ->  Bitmap Index Scan on k_2  (cost=0.00..5.51 rows=108 width=0)
	        Index Cond: ((k >= 6171319) AND (k <= 6171419))

table 3 : explain SELECT k, c FROM sbtest3 WHERE k BETWEEN 6171319 AND 6171419
	Bitmap Heap Scan on sbtest3  (cost=5.43..389.37 rows=97 width=125)
	  Recheck Cond: ((k >= 6171319) AND (k <= 6171419))
	  ->  Bitmap Index Scan on k_3  (cost=0.00..5.40 rows=97 width=0)
	        Index Cond: ((k >= 6171319) AND (k <= 6171419))

table 4 : explain SELECT k, c FROM sbtest4 WHERE k BETWEEN 6171319 AND 6171419
	Bitmap Heap Scan on sbtest4  (cost=5.34..353.89 rows=88 width=125)
	  Recheck Cond: ((k >= 6171319) AND (k <= 6171419))
	  ->  Bitmap Index Scan on k_4  (cost=0.00..5.31 rows=88 width=0)
	        Index Cond: ((k >= 6171319) AND (k <= 6171419))

table 5 : explain SELECT k, c FROM sbtest5 WHERE k BETWEEN 6171319 AND 6171419
	Bitmap Heap Scan on sbtest5  (cost=5.38..369.67 rows=92 width=125)
	  Recheck Cond: ((k >= 6171319) AND (k <= 6171419))
	  ->  Bitmap Index Scan on k_5  (cost=0.00..5.35 rows=92 width=0)
	        Index Cond: ((k >= 6171319) AND (k <= 6171419))

table 6 : explain SELECT k, c FROM sbtest6 WHERE k BETWEEN 6171319 AND 6171419
	Bitmap Heap Scan on sbtest6  (cost=5.42..385.43 rows=96 width=125)
	  Recheck Cond: ((k >= 6171319) AND (k <= 6171419))
	  ->  Bitmap Index Scan on k_6  (cost=0.00..5.39 rows=96 width=0)
	        Index Cond: ((k >= 6171319) AND (k <= 6171419))

table 7 : explain SELECT k, c FROM sbtest7 WHERE k BETWEEN 6171319 AND 6171419
	Bitmap Heap Scan on sbtest7  (cost=5.50..416.94 rows=104 width=125)
	  Recheck Cond: ((k >= 6171319) AND (k <= 6171419))
	  ->  Bitmap Index Scan on k_7  (cost=0.00..5.47 rows=104 width=0)
	        Index Cond: ((k >= 6171319) AND (k <= 6171419))

table 8 : explain SELECT k, c FROM sbtest8 WHERE k BETWEEN 6171319 AND 6171419
	Bitmap Heap Scan on sbtest8  (cost=5.54..432.69 rows=108 width=125)
	  Recheck Cond: ((k >= 6171319) AND (k <= 6171419))
	  ->  Bitmap Index Scan on k_8  (cost=0.00..5.51 rows=108 width=0)
	        Index Cond: ((k >= 6171319) AND (k <= 6171419))

explain: for range-notcovered :: explain SELECT k, c FROM sbtest%d WHERE k BETWEEN 3890726 AND 3890826
explain: for range-notcovered :: explain SELECT k, c FROM sbtest%d WHERE k BETWEEN 6171319 AND 6171419
explain: for range-notcovered :: explain SELECT k, c FROM sbtest%d WHERE k BETWEEN 6041609 AND 6041709
for range-notcovered
table 1 : explain SELECT k, c FROM sbtest1 WHERE k BETWEEN 841325 AND 841425
	Bitmap Heap Scan on sbtest1  (cost=5.50..416.94 rows=104 width=125)
	  Recheck Cond: ((k >= 841325) AND (k <= 841425))
	  ->  Bitmap Index Scan on k_1  (cost=0.00..5.47 rows=104 width=0)
	        Index Cond: ((k >= 841325) AND (k <= 841425))

table 2 : explain SELECT k, c FROM sbtest2 WHERE k BETWEEN 841325 AND 841425
	Bitmap Heap Scan on sbtest2  (cost=5.45..397.25 rows=99 width=125)
	  Recheck Cond: ((k >= 841325) AND (k <= 841425))
	  ->  Bitmap Index Scan on k_2  (cost=0.00..5.42 rows=99 width=0)
	        Index Cond: ((k >= 841325) AND (k <= 841425))

table 3 : explain SELECT k, c FROM sbtest3 WHERE k BETWEEN 841325 AND 841425
	Bitmap Heap Scan on sbtest3  (cost=5.47..405.13 rows=101 width=125)
	  Recheck Cond: ((k >= 841325) AND (k <= 841425))
	  ->  Bitmap Index Scan on k_3  (cost=0.00..5.44 rows=101 width=0)
	        Index Cond: ((k >= 841325) AND (k <= 841425))

table 4 : explain SELECT k, c FROM sbtest4 WHERE k BETWEEN 841325 AND 841425
	Bitmap Heap Scan on sbtest4  (cost=5.48..409.07 rows=102 width=125)
	  Recheck Cond: ((k >= 841325) AND (k <= 841425))
	  ->  Bitmap Index Scan on k_4  (cost=0.00..5.45 rows=102 width=0)
	        Index Cond: ((k >= 841325) AND (k <= 841425))

table 5 : explain SELECT k, c FROM sbtest5 WHERE k BETWEEN 841325 AND 841425
	Bitmap Heap Scan on sbtest5  (cost=5.56..440.56 rows=110 width=125)
	  Recheck Cond: ((k >= 841325) AND (k <= 841425))
	  ->  Bitmap Index Scan on k_5  (cost=0.00..5.53 rows=110 width=0)
	        Index Cond: ((k >= 841325) AND (k <= 841425))

table 6 : explain SELECT k, c FROM sbtest6 WHERE k BETWEEN 841325 AND 841425
	Bitmap Heap Scan on sbtest6  (cost=5.56..440.56 rows=110 width=125)
	  Recheck Cond: ((k >= 841325) AND (k <= 841425))
	  ->  Bitmap Index Scan on k_6  (cost=0.00..5.53 rows=110 width=0)
	        Index Cond: ((k >= 841325) AND (k <= 841425))

table 7 : explain SELECT k, c FROM sbtest7 WHERE k BETWEEN 841325 AND 841425
	Bitmap Heap Scan on sbtest7  (cost=5.55..436.62 rows=109 width=125)
	  Recheck Cond: ((k >= 841325) AND (k <= 841425))
	  ->  Bitmap Index Scan on k_7  (cost=0.00..5.52 rows=109 width=0)
	        Index Cond: ((k >= 841325) AND (k <= 841425))

table 8 : explain SELECT k, c FROM sbtest8 WHERE k BETWEEN 841325 AND 841425
	Bitmap Heap Scan on sbtest8  (cost=5.44..393.31 rows=98 width=125)
	  Recheck Cond: ((k >= 841325) AND (k <= 841425))
	  ->  Bitmap Index Scan on k_8  (cost=0.00..5.42 rows=98 width=0)
	        Index Cond: ((k >= 841325) AND (k <= 841425))

explain: for range-notcovered :: explain SELECT k, c FROM sbtest%d WHERE k BETWEEN 841325 AND 841425
for range-notcovered
table 1 : explain SELECT k, c FROM sbtest1 WHERE k BETWEEN 4323170 AND 4323270
	Bitmap Heap Scan on sbtest1  (cost=5.43..389.37 rows=97 width=125)
	  Recheck Cond: ((k >= 4323170) AND (k <= 4323270))
	  ->  Bitmap Index Scan on k_1  (cost=0.00..5.40 rows=97 width=0)
	        Index Cond: ((k >= 4323170) AND (k <= 4323270))

table 2 : explain SELECT k, c FROM sbtest2 WHERE k BETWEEN 4323170 AND 4323270
	Bitmap Heap Scan on sbtest2  (cost=5.53..428.75 rows=107 width=125)
	  Recheck Cond: ((k >= 4323170) AND (k <= 4323270))
	  ->  Bitmap Index Scan on k_2  (cost=0.00..5.50 rows=107 width=0)
	        Index Cond: ((k >= 4323170) AND (k <= 4323270))

table 3 : explain SELECT k, c FROM sbtest3 WHERE k BETWEEN 4323170 AND 4323270
	Bitmap Heap Scan on sbtest3  (cost=5.48..409.07 rows=102 width=125)
	  Recheck Cond: ((k >= 4323170) AND (k <= 4323270))
	  ->  Bitmap Index Scan on k_3  (cost=0.00..5.45 rows=102 width=0)
	        Index Cond: ((k >= 4323170) AND (k <= 4323270))

table 4 : explain SELECT k, c FROM sbtest4 WHERE k BETWEEN 4323170 AND 4323270
	Bitmap Heap Scan on sbtest4  (cost=5.56..440.56 rows=110 width=125)
	  Recheck Cond: ((k >= 4323170) AND (k <= 4323270))
	  ->  Bitmap Index Scan on k_4  (cost=0.00..5.53 rows=110 width=0)
	        Index Cond: ((k >= 4323170) AND (k <= 4323270))

table 5 : explain SELECT k, c FROM sbtest5 WHERE k BETWEEN 4323170 AND 4323270
	Bitmap Heap Scan on sbtest5  (cost=5.49..413.00 rows=103 width=125)
	  Recheck Cond: ((k >= 4323170) AND (k <= 4323270))
	  ->  Bitmap Index Scan on k_5  (cost=0.00..5.46 rows=103 width=0)
	        Index Cond: ((k >= 4323170) AND (k <= 4323270))

table 6 : explain SELECT k, c FROM sbtest6 WHERE k BETWEEN 4323170 AND 4323270
	Bitmap Heap Scan on sbtest6  (cost=5.55..436.62 rows=109 width=125)
	  Recheck Cond: ((k >= 4323170) AND (k <= 4323270))
	  ->  Bitmap Index Scan on k_6  (cost=0.00..5.52 rows=109 width=0)
	        Index Cond: ((k >= 4323170) AND (k <= 4323270))

table 7 : explain SELECT k, c FROM sbtest7 WHERE k BETWEEN 4323170 AND 4323270
	Bitmap Heap Scan on sbtest7  (cost=5.42..385.43 rows=96 width=125)
	  Recheck Cond: ((k >= 4323170) AND (k <= 4323270))
	  ->  Bitmap Index Scan on k_7  (cost=0.00..5.39 rows=96 width=0)
	        Index Cond: ((k >= 4323170) AND (k <= 4323270))

table 8 : explain SELECT k, c FROM sbtest8 WHERE k BETWEEN 4323170 AND 4323270
	Bitmap Heap Scan on sbtest8  (cost=5.46..401.19 rows=100 width=125)
	  Recheck Cond: ((k >= 4323170) AND (k <= 4323270))
	  ->  Bitmap Index Scan on k_8  (cost=0.00..5.43 rows=100 width=0)
	        Index Cond: ((k >= 4323170) AND (k <= 4323270))

explain: for range-notcovered :: explain SELECT k, c FROM sbtest%d WHERE k BETWEEN 4323170 AND 4323270
for range-notcovered
table 1 : explain SELECT k, c FROM sbtest1 WHERE k BETWEEN 7999302 AND 7999402
	Bitmap Heap Scan on sbtest1  (cost=5.51..420.88 rows=105 width=125)
	  Recheck Cond: ((k >= 7999302) AND (k <= 7999402))
	  ->  Bitmap Index Scan on k_1  (cost=0.00..5.48 rows=105 width=0)
	        Index Cond: ((k >= 7999302) AND (k <= 7999402))

table 2 : explain SELECT k, c FROM sbtest2 WHERE k BETWEEN 7999302 AND 7999402
	Bitmap Heap Scan on sbtest2  (cost=5.54..432.69 rows=108 width=125)
	  Recheck Cond: ((k >= 7999302) AND (k <= 7999402))
	  ->  Bitmap Index Scan on k_2  (cost=0.00..5.51 rows=108 width=0)
	        Index Cond: ((k >= 7999302) AND (k <= 7999402))

table 3 : explain SELECT k, c FROM sbtest3 WHERE k BETWEEN 7999302 AND 7999402
	Bitmap Heap Scan on sbtest3  (cost=5.42..385.43 rows=96 width=125)
	  Recheck Cond: ((k >= 7999302) AND (k <= 7999402))
	  ->  Bitmap Index Scan on k_3  (cost=0.00..5.39 rows=96 width=0)
	        Index Cond: ((k >= 7999302) AND (k <= 7999402))

table 4 : explain SELECT k, c FROM sbtest4 WHERE k BETWEEN 7999302 AND 7999402
	Bitmap Heap Scan on sbtest4  (cost=5.52..424.81 rows=106 width=125)
	  Recheck Cond: ((k >= 7999302) AND (k <= 7999402))
	  ->  Bitmap Index Scan on k_4  (cost=0.00..5.50 rows=106 width=0)
	        Index Cond: ((k >= 7999302) AND (k <= 7999402))

table 5 : explain SELECT k, c FROM sbtest5 WHERE k BETWEEN 7999302 AND 7999402
	Bitmap Heap Scan on sbtest5  (cost=5.36..361.78 rows=90 width=125)
	  Recheck Cond: ((k >= 7999302) AND (k <= 7999402))
	  ->  Bitmap Index Scan on k_5  (cost=0.00..5.33 rows=90 width=0)
	        Index Cond: ((k >= 7999302) AND (k <= 7999402))

table 6 : explain SELECT k, c FROM sbtest6 WHERE k BETWEEN 7999302 AND 7999402
	Bitmap Heap Scan on sbtest6  (cost=5.48..409.07 rows=102 width=125)
	  Recheck Cond: ((k >= 7999302) AND (k <= 7999402))
	  ->  Bitmap Index Scan on k_6  (cost=0.00..5.45 rows=102 width=0)
	        Index Cond: ((k >= 7999302) AND (k <= 7999402))

table 7 : explain SELECT k, c FROM sbtest7 WHERE k BETWEEN 7999302 AND 7999402
	Bitmap Heap Scan on sbtest7  (cost=5.40..377.55 rows=94 width=125)
	  Recheck Cond: ((k >= 7999302) AND (k <= 7999402))
	  ->  Bitmap Index Scan on k_7  (cost=0.00..5.38 rows=94 width=0)
	        Index Cond: ((k >= 7999302) AND (k <= 7999402))

table 8 : explain SELECT k, c FROM sbtest8 WHERE k BETWEEN 7999302 AND 7999402
	Bitmap Heap Scan on sbtest8  (cost=5.43..389.37 rows=97 width=125)
	  Recheck Cond: ((k >= 7999302) AND (k <= 7999402))
	  ->  Bitmap Index Scan on k_8  (cost=0.00..5.40 rows=97 width=0)
	        Index Cond: ((k >= 7999302) AND (k <= 7999402))

explain: for range-notcovered :: explain SELECT k, c FROM sbtest%d WHERE k BETWEEN 5531888 AND 5531988
explain: for range-notcovered :: explain SELECT k, c FROM sbtest%d WHERE k BETWEEN 7999302 AND 7999402
for range-notcovered
table 1 : explain SELECT k, c FROM sbtest1 WHERE k BETWEEN 3890726 AND 3890826
	Bitmap Heap Scan on sbtest1  (cost=5.43..389.37 rows=97 width=125)
	  Recheck Cond: ((k >= 3890726) AND (k <= 3890826))
	  ->  Bitmap Index Scan on k_1  (cost=0.00..5.40 rows=97 width=0)
	        Index Cond: ((k >= 3890726) AND (k <= 3890826))

table 2 : explain SELECT k, c FROM sbtest2 WHERE k BETWEEN 3890726 AND 3890826
	Bitmap Heap Scan on sbtest2  (cost=5.46..401.19 rows=100 width=125)
	  Recheck Cond: ((k >= 3890726) AND (k <= 3890826))
	  ->  Bitmap Index Scan on k_2  (cost=0.00..5.43 rows=100 width=0)
	        Index Cond: ((k >= 3890726) AND (k <= 3890826))

table 3 : explain SELECT k, c FROM sbtest3 WHERE k BETWEEN 3890726 AND 3890826
	Bitmap Heap Scan on sbtest3  (cost=5.44..393.31 rows=98 width=125)
	  Recheck Cond: ((k >= 3890726) AND (k <= 3890826))
	  ->  Bitmap Index Scan on k_3  (cost=0.00..5.42 rows=98 width=0)
	        Index Cond: ((k >= 3890726) AND (k <= 3890826))

table 4 : explain SELECT k, c FROM sbtest4 WHERE k BETWEEN 3890726 AND 3890826
	Bitmap Heap Scan on sbtest4  (cost=5.39..373.61 rows=93 width=125)
	  Recheck Cond: ((k >= 3890726) AND (k <= 3890826))
	  ->  Bitmap Index Scan on k_4  (cost=0.00..5.36 rows=93 width=0)
	        Index Cond: ((k >= 3890726) AND (k <= 3890826))

table 5 : explain SELECT k, c FROM sbtest5 WHERE k BETWEEN 3890726 AND 3890826
	Bitmap Heap Scan on sbtest5  (cost=5.51..420.88 rows=105 width=125)
	  Recheck Cond: ((k >= 3890726) AND (k <= 3890826))
	  ->  Bitmap Index Scan on k_5  (cost=0.00..5.48 rows=105 width=0)
	        Index Cond: ((k >= 3890726) AND (k <= 3890826))

table 6 : explain SELECT k, c FROM sbtest6 WHERE k BETWEEN 3890726 AND 3890826
	Bitmap Heap Scan on sbtest6  (cost=5.49..413.00 rows=103 width=125)
	  Recheck Cond: ((k >= 3890726) AND (k <= 3890826))
	  ->  Bitmap Index Scan on k_6  (cost=0.00..5.46 rows=103 width=0)
	        Index Cond: ((k >= 3890726) AND (k <= 3890826))

table 7 : explain SELECT k, c FROM sbtest7 WHERE k BETWEEN 3890726 AND 3890826
	Bitmap Heap Scan on sbtest7  (cost=5.55..436.62 rows=109 width=125)
	  Recheck Cond: ((k >= 3890726) AND (k <= 3890826))
	  ->  Bitmap Index Scan on k_7  (cost=0.00..5.52 rows=109 width=0)
	        Index Cond: ((k >= 3890726) AND (k <= 3890826))

table 8 : explain SELECT k, c FROM sbtest8 WHERE k BETWEEN 3890726 AND 3890826
	Bitmap Heap Scan on sbtest8  (cost=5.48..409.07 rows=102 width=125)
	  Recheck Cond: ((k >= 3890726) AND (k <= 3890826))
	  ->  Bitmap Index Scan on k_8  (cost=0.00..5.45 rows=102 width=0)
	        Index Cond: ((k >= 3890726) AND (k <= 3890826))

for range-notcovered
table 1 : explain SELECT k, c FROM sbtest1 WHERE k BETWEEN 6792623 AND 6792723
	Bitmap Heap Scan on sbtest1  (cost=5.47..405.13 rows=101 width=125)
	  Recheck Cond: ((k >= 6792623) AND (k <= 6792723))
	  ->  Bitmap Index Scan on k_1  (cost=0.00..5.44 rows=101 width=0)
	        Index Cond: ((k >= 6792623) AND (k <= 6792723))

table 2 : explain SELECT k, c FROM sbtest2 WHERE k BETWEEN 6792623 AND 6792723
	Bitmap Heap Scan on sbtest2  (cost=5.47..405.13 rows=101 width=125)
	  Recheck Cond: ((k >= 6792623) AND (k <= 6792723))
	  ->  Bitmap Index Scan on k_2  (cost=0.00..5.44 rows=101 width=0)
	        Index Cond: ((k >= 6792623) AND (k <= 6792723))

table 3 : explain SELECT k, c FROM sbtest3 WHERE k BETWEEN 6792623 AND 6792723
	Bitmap Heap Scan on sbtest3  (cost=5.54..432.69 rows=108 width=125)
	  Recheck Cond: ((k >= 6792623) AND (k <= 6792723))
	  ->  Bitmap Index Scan on k_3  (cost=0.00..5.51 rows=108 width=0)
	        Index Cond: ((k >= 6792623) AND (k <= 6792723))

table 4 : explain SELECT k, c FROM sbtest4 WHERE k BETWEEN 6792623 AND 6792723
	Bitmap Heap Scan on sbtest4  (cost=5.50..416.94 rows=104 width=125)
	  Recheck Cond: ((k >= 6792623) AND (k <= 6792723))
	  ->  Bitmap Index Scan on k_4  (cost=0.00..5.47 rows=104 width=0)
	        Index Cond: ((k >= 6792623) AND (k <= 6792723))

table 5 : explain SELECT k, c FROM sbtest5 WHERE k BETWEEN 6792623 AND 6792723
	Bitmap Heap Scan on sbtest5  (cost=5.54..432.69 rows=108 width=125)
	  Recheck Cond: ((k >= 6792623) AND (k <= 6792723))
	  ->  Bitmap Index Scan on k_5  (cost=0.00..5.51 rows=108 width=0)
	        Index Cond: ((k >= 6792623) AND (k <= 6792723))

table 6 : explain SELECT k, c FROM sbtest6 WHERE k BETWEEN 6792623 AND 6792723
	Bitmap Heap Scan on sbtest6  (cost=5.44..393.31 rows=98 width=125)
	  Recheck Cond: ((k >= 6792623) AND (k <= 6792723))
	  ->  Bitmap Index Scan on k_6  (cost=0.00..5.42 rows=98 width=0)
	        Index Cond: ((k >= 6792623) AND (k <= 6792723))

table 7 : explain SELECT k, c FROM sbtest7 WHERE k BETWEEN 6792623 AND 6792723
	Bitmap Heap Scan on sbtest7  (cost=5.51..420.88 rows=105 width=125)
	  Recheck Cond: ((k >= 6792623) AND (k <= 6792723))
	  ->  Bitmap Index Scan on k_7  (cost=0.00..5.48 rows=105 width=0)
	        Index Cond: ((k >= 6792623) AND (k <= 6792723))

table 8 : explain SELECT k, c FROM sbtest8 WHERE k BETWEEN 6792623 AND 6792723
	Bitmap Heap Scan on sbtest8  (cost=5.49..413.00 rows=103 width=125)
	  Recheck Cond: ((k >= 6792623) AND (k <= 6792723))
	  ->  Bitmap Index Scan on k_8  (cost=0.00..5.46 rows=103 width=0)
	        Index Cond: ((k >= 6792623) AND (k <= 6792723))

for range-notcovered
table 1 : explain SELECT k, c FROM sbtest1 WHERE k BETWEEN 6171319 AND 6171419
	Bitmap Heap Scan on sbtest1  (cost=5.41..381.49 rows=95 width=125)
	  Recheck Cond: ((k >= 6171319) AND (k <= 6171419))
	  ->  Bitmap Index Scan on k_1  (cost=0.00..5.38 rows=95 width=0)
	        Index Cond: ((k >= 6171319) AND (k <= 6171419))

table 2 : explain SELECT k, c FROM sbtest2 WHERE k BETWEEN 6171319 AND 6171419
	Bitmap Heap Scan on sbtest2  (cost=5.54..432.69 rows=108 width=125)
	  Recheck Cond: ((k >= 6171319) AND (k <= 6171419))
	  ->  Bitmap Index Scan on k_2  (cost=0.00..5.51 rows=108 width=0)
	        Index Cond: ((k >= 6171319) AND (k <= 6171419))

table 3 : explain SELECT k, c FROM sbtest3 WHERE k BETWEEN 6171319 AND 6171419
	Bitmap Heap Scan on sbtest3  (cost=5.43..389.37 rows=97 width=125)
	  Recheck Cond: ((k >= 6171319) AND (k <= 6171419))
	  ->  Bitmap Index Scan on k_3  (cost=0.00..5.40 rows=97 width=0)
	        Index Cond: ((k >= 6171319) AND (k <= 6171419))

table 4 : explain SELECT k, c FROM sbtest4 WHERE k BETWEEN 6171319 AND 6171419
	Bitmap Heap Scan on sbtest4  (cost=5.34..353.89 rows=88 width=125)
	  Recheck Cond: ((k >= 6171319) AND (k <= 6171419))
	  ->  Bitmap Index Scan on k_4  (cost=0.00..5.31 rows=88 width=0)
	        Index Cond: ((k >= 6171319) AND (k <= 6171419))

table 5 : explain SELECT k, c FROM sbtest5 WHERE k BETWEEN 6171319 AND 6171419
	Bitmap Heap Scan on sbtest5  (cost=5.38..369.67 rows=92 width=125)
	  Recheck Cond: ((k >= 6171319) AND (k <= 6171419))
	  ->  Bitmap Index Scan on k_5  (cost=0.00..5.35 rows=92 width=0)
	        Index Cond: ((k >= 6171319) AND (k <= 6171419))

table 6 : explain SELECT k, c FROM sbtest6 WHERE k BETWEEN 6171319 AND 6171419
	Bitmap Heap Scan on sbtest6  (cost=5.42..385.43 rows=96 width=125)
	  Recheck Cond: ((k >= 6171319) AND (k <= 6171419))
	  ->  Bitmap Index Scan on k_6  (cost=0.00..5.39 rows=96 width=0)
	        Index Cond: ((k >= 6171319) AND (k <= 6171419))

table 7 : explain SELECT k, c FROM sbtest7 WHERE k BETWEEN 6171319 AND 6171419
	Bitmap Heap Scan on sbtest7  (cost=5.50..416.94 rows=104 width=125)
	  Recheck Cond: ((k >= 6171319) AND (k <= 6171419))
	  ->  Bitmap Index Scan on k_7  (cost=0.00..5.47 rows=104 width=0)
	        Index Cond: ((k >= 6171319) AND (k <= 6171419))

table 8 : explain SELECT k, c FROM sbtest8 WHERE k BETWEEN 6171319 AND 6171419
	Bitmap Heap Scan on sbtest8  (cost=5.54..432.69 rows=108 width=125)
	  Recheck Cond: ((k >= 6171319) AND (k <= 6171419))
	  ->  Bitmap Index Scan on k_8  (cost=0.00..5.51 rows=108 width=0)
	        Index Cond: ((k >= 6171319) AND (k <= 6171419))

explain: for range-notcovered :: explain SELECT k, c FROM sbtest%d WHERE k BETWEEN 3890726 AND 3890826
for range-notcovered
table 1 : explain SELECT k, c FROM sbtest1 WHERE k BETWEEN 841325 AND 841425
	Bitmap Heap Scan on sbtest1  (cost=5.50..416.94 rows=104 width=125)
	  Recheck Cond: ((k >= 841325) AND (k <= 841425))
	  ->  Bitmap Index Scan on k_1  (cost=0.00..5.47 rows=104 width=0)
	        Index Cond: ((k >= 841325) AND (k <= 841425))

table 2 : explain SELECT k, c FROM sbtest2 WHERE k BETWEEN 841325 AND 841425
	Bitmap Heap Scan on sbtest2  (cost=5.45..397.25 rows=99 width=125)
	  Recheck Cond: ((k >= 841325) AND (k <= 841425))
	  ->  Bitmap Index Scan on k_2  (cost=0.00..5.42 rows=99 width=0)
	        Index Cond: ((k >= 841325) AND (k <= 841425))

table 3 : explain SELECT k, c FROM sbtest3 WHERE k BETWEEN 841325 AND 841425
	Bitmap Heap Scan on sbtest3  (cost=5.47..405.13 rows=101 width=125)
	  Recheck Cond: ((k >= 841325) AND (k <= 841425))
	  ->  Bitmap Index Scan on k_3  (cost=0.00..5.44 rows=101 width=0)
	        Index Cond: ((k >= 841325) AND (k <= 841425))

table 4 : explain SELECT k, c FROM sbtest4 WHERE k BETWEEN 841325 AND 841425
	Bitmap Heap Scan on sbtest4  (cost=5.48..409.07 rows=102 width=125)
	  Recheck Cond: ((k >= 841325) AND (k <= 841425))
	  ->  Bitmap Index Scan on k_4  (cost=0.00..5.45 rows=102 width=0)
	        Index Cond: ((k >= 841325) AND (k <= 841425))

table 5 : explain SELECT k, c FROM sbtest5 WHERE k BETWEEN 841325 AND 841425
	Bitmap Heap Scan on sbtest5  (cost=5.56..440.56 rows=110 width=125)
	  Recheck Cond: ((k >= 841325) AND (k <= 841425))
	  ->  Bitmap Index Scan on k_5  (cost=0.00..5.53 rows=110 width=0)
	        Index Cond: ((k >= 841325) AND (k <= 841425))

table 6 : explain SELECT k, c FROM sbtest6 WHERE k BETWEEN 841325 AND 841425
	Bitmap Heap Scan on sbtest6  (cost=5.56..440.56 rows=110 width=125)
	  Recheck Cond: ((k >= 841325) AND (k <= 841425))
	  ->  Bitmap Index Scan on k_6  (cost=0.00..5.53 rows=110 width=0)
	        Index Cond: ((k >= 841325) AND (k <= 841425))

table 7 : explain SELECT k, c FROM sbtest7 WHERE k BETWEEN 841325 AND 841425
	Bitmap Heap Scan on sbtest7  (cost=5.55..436.62 rows=109 width=125)
	  Recheck Cond: ((k >= 841325) AND (k <= 841425))
	  ->  Bitmap Index Scan on k_7  (cost=0.00..5.52 rows=109 width=0)
	        Index Cond: ((k >= 841325) AND (k <= 841425))

table 8 : explain SELECT k, c FROM sbtest8 WHERE k BETWEEN 841325 AND 841425
	Bitmap Heap Scan on sbtest8  (cost=5.44..393.31 rows=98 width=125)
	  Recheck Cond: ((k >= 841325) AND (k <= 841425))
	  ->  Bitmap Index Scan on k_8  (cost=0.00..5.42 rows=98 width=0)
	        Index Cond: ((k >= 841325) AND (k <= 841425))

for range-notcovered
table 1 : explain SELECT k, c FROM sbtest1 WHERE k BETWEEN 5053687 AND 5053787
	Bitmap Heap Scan on sbtest1  (cost=5.50..416.94 rows=104 width=125)
	  Recheck Cond: ((k >= 5053687) AND (k <= 5053787))
	  ->  Bitmap Index Scan on k_1  (cost=0.00..5.47 rows=104 width=0)
	        Index Cond: ((k >= 5053687) AND (k <= 5053787))

table 2 : explain SELECT k, c FROM sbtest2 WHERE k BETWEEN 5053687 AND 5053787
	Bitmap Heap Scan on sbtest2  (cost=5.50..416.94 rows=104 width=125)
	  Recheck Cond: ((k >= 5053687) AND (k <= 5053787))
	  ->  Bitmap Index Scan on k_2  (cost=0.00..5.47 rows=104 width=0)
	        Index Cond: ((k >= 5053687) AND (k <= 5053787))

table 3 : explain SELECT k, c FROM sbtest3 WHERE k BETWEEN 5053687 AND 5053787
	Bitmap Heap Scan on sbtest3  (cost=5.59..452.36 rows=113 width=125)
	  Recheck Cond: ((k >= 5053687) AND (k <= 5053787))
	  ->  Bitmap Index Scan on k_3  (cost=0.00..5.56 rows=113 width=0)
	        Index Cond: ((k >= 5053687) AND (k <= 5053787))

table 4 : explain SELECT k, c FROM sbtest4 WHERE k BETWEEN 5053687 AND 5053787
	Bitmap Heap Scan on sbtest4  (cost=5.64..472.02 rows=118 width=125)
	  Recheck Cond: ((k >= 5053687) AND (k <= 5053787))
	  ->  Bitmap Index Scan on k_4  (cost=0.00..5.61 rows=118 width=0)
	        Index Cond: ((k >= 5053687) AND (k <= 5053787))

table 5 : explain SELECT k, c FROM sbtest5 WHERE k BETWEEN 5053687 AND 5053787
	Bitmap Heap Scan on sbtest5  (cost=5.38..369.67 rows=92 width=125)
	  Recheck Cond: ((k >= 5053687) AND (k <= 5053787))
	  ->  Bitmap Index Scan on k_5  (cost=0.00..5.35 rows=92 width=0)
	        Index Cond: ((k >= 5053687) AND (k <= 5053787))

table 6 : explain SELECT k, c FROM sbtest6 WHERE k BETWEEN 5053687 AND 5053787
	Bitmap Heap Scan on sbtest6  (cost=5.40..377.55 rows=94 width=125)
	  Recheck Cond: ((k >= 5053687) AND (k <= 5053787))
	  ->  Bitmap Index Scan on k_6  (cost=0.00..5.38 rows=94 width=0)
	        Index Cond: ((k >= 5053687) AND (k <= 5053787))

table 7 : explain SELECT k, c FROM sbtest7 WHERE k BETWEEN 5053687 AND 5053787
	Bitmap Heap Scan on sbtest7  (cost=5.48..409.07 rows=102 width=125)
	  Recheck Cond: ((k >= 5053687) AND (k <= 5053787))
	  ->  Bitmap Index Scan on k_7  (cost=0.00..5.45 rows=102 width=0)
	        Index Cond: ((k >= 5053687) AND (k <= 5053787))

table 8 : explain SELECT k, c FROM sbtest8 WHERE k BETWEEN 5053687 AND 5053787
	Bitmap Heap Scan on sbtest8  (cost=5.50..416.94 rows=104 width=125)
	  Recheck Cond: ((k >= 5053687) AND (k <= 5053787))
	  ->  Bitmap Index Scan on k_8  (cost=0.00..5.47 rows=104 width=0)
	        Index Cond: ((k >= 5053687) AND (k <= 5053787))

explain: for range-notcovered :: explain SELECT k, c FROM sbtest%d WHERE k BETWEEN 6171319 AND 6171419
explain: for range-notcovered :: explain SELECT k, c FROM sbtest%d WHERE k BETWEEN 6792623 AND 6792723
explain: for range-notcovered :: explain SELECT k, c FROM sbtest%d WHERE k BETWEEN 841325 AND 841425
for range-notcovered
table 1 : explain SELECT k, c FROM sbtest1 WHERE k BETWEEN 6041609 AND 6041709
	Bitmap Heap Scan on sbtest1  (cost=5.46..401.19 rows=100 width=125)
	  Recheck Cond: ((k >= 6041609) AND (k <= 6041709))
	  ->  Bitmap Index Scan on k_1  (cost=0.00..5.43 rows=100 width=0)
	        Index Cond: ((k >= 6041609) AND (k <= 6041709))

table 2 : explain SELECT k, c FROM sbtest2 WHERE k BETWEEN 6041609 AND 6041709
	Bitmap Heap Scan on sbtest2  (cost=5.45..397.25 rows=99 width=125)
	  Recheck Cond: ((k >= 6041609) AND (k <= 6041709))
	  ->  Bitmap Index Scan on k_2  (cost=0.00..5.42 rows=99 width=0)
	        Index Cond: ((k >= 6041609) AND (k <= 6041709))

table 3 : explain SELECT k, c FROM sbtest3 WHERE k BETWEEN 6041609 AND 6041709
	Bitmap Heap Scan on sbtest3  (cost=5.52..424.81 rows=106 width=125)
	  Recheck Cond: ((k >= 6041609) AND (k <= 6041709))
	  ->  Bitmap Index Scan on k_3  (cost=0.00..5.50 rows=106 width=0)
	        Index Cond: ((k >= 6041609) AND (k <= 6041709))

table 4 : explain SELECT k, c FROM sbtest4 WHERE k BETWEEN 6041609 AND 6041709
	Bitmap Heap Scan on sbtest4  (cost=5.50..416.94 rows=104 width=125)
	  Recheck Cond: ((k >= 6041609) AND (k <= 6041709))
	  ->  Bitmap Index Scan on k_4  (cost=0.00..5.47 rows=104 width=0)
	        Index Cond: ((k >= 6041609) AND (k <= 6041709))

table 5 : explain SELECT k, c FROM sbtest5 WHERE k BETWEEN 6041609 AND 6041709
	Bitmap Heap Scan on sbtest5  (cost=5.42..385.43 rows=96 width=125)
	  Recheck Cond: ((k >= 6041609) AND (k <= 6041709))
	  ->  Bitmap Index Scan on k_5  (cost=0.00..5.39 rows=96 width=0)
	        Index Cond: ((k >= 6041609) AND (k <= 6041709))

table 6 : explain SELECT k, c FROM sbtest6 WHERE k BETWEEN 6041609 AND 6041709
	Bitmap Heap Scan on sbtest6  (cost=5.44..393.31 rows=98 width=125)
	  Recheck Cond: ((k >= 6041609) AND (k <= 6041709))
	  ->  Bitmap Index Scan on k_6  (cost=0.00..5.42 rows=98 width=0)
	        Index Cond: ((k >= 6041609) AND (k <= 6041709))

table 7 : explain SELECT k, c FROM sbtest7 WHERE k BETWEEN 6041609 AND 6041709
	Bitmap Heap Scan on sbtest7  (cost=5.54..432.69 rows=108 width=125)
	  Recheck Cond: ((k >= 6041609) AND (k <= 6041709))
	  ->  Bitmap Index Scan on k_7  (cost=0.00..5.51 rows=108 width=0)
	        Index Cond: ((k >= 6041609) AND (k <= 6041709))

table 8 : explain SELECT k, c FROM sbtest8 WHERE k BETWEEN 6041609 AND 6041709
	Bitmap Heap Scan on sbtest8  (cost=5.41..381.49 rows=95 width=125)
	  Recheck Cond: ((k >= 6041609) AND (k <= 6041709))
	  ->  Bitmap Index Scan on k_8  (cost=0.00..5.38 rows=95 width=0)
	        Index Cond: ((k >= 6041609) AND (k <= 6041709))

for range-notcovered
table 1 : explain SELECT k, c FROM sbtest1 WHERE k BETWEEN 4323170 AND 4323270
	Bitmap Heap Scan on sbtest1  (cost=5.43..389.37 rows=97 width=125)
	  Recheck Cond: ((k >= 4323170) AND (k <= 4323270))
	  ->  Bitmap Index Scan on k_1  (cost=0.00..5.40 rows=97 width=0)
	        Index Cond: ((k >= 4323170) AND (k <= 4323270))

table 2 : explain SELECT k, c FROM sbtest2 WHERE k BETWEEN 4323170 AND 4323270
	Bitmap Heap Scan on sbtest2  (cost=5.53..428.75 rows=107 width=125)
	  Recheck Cond: ((k >= 4323170) AND (k <= 4323270))
	  ->  Bitmap Index Scan on k_2  (cost=0.00..5.50 rows=107 width=0)
	        Index Cond: ((k >= 4323170) AND (k <= 4323270))

table 3 : explain SELECT k, c FROM sbtest3 WHERE k BETWEEN 4323170 AND 4323270
	Bitmap Heap Scan on sbtest3  (cost=5.48..409.07 rows=102 width=125)
	  Recheck Cond: ((k >= 4323170) AND (k <= 4323270))
	  ->  Bitmap Index Scan on k_3  (cost=0.00..5.45 rows=102 width=0)
	        Index Cond: ((k >= 4323170) AND (k <= 4323270))

table 4 : explain SELECT k, c FROM sbtest4 WHERE k BETWEEN 4323170 AND 4323270
	Bitmap Heap Scan on sbtest4  (cost=5.56..440.56 rows=110 width=125)
	  Recheck Cond: ((k >= 4323170) AND (k <= 4323270))
	  ->  Bitmap Index Scan on k_4  (cost=0.00..5.53 rows=110 width=0)
	        Index Cond: ((k >= 4323170) AND (k <= 4323270))

table 5 : explain SELECT k, c FROM sbtest5 WHERE k BETWEEN 4323170 AND 4323270
	Bitmap Heap Scan on sbtest5  (cost=5.49..413.00 rows=103 width=125)
	  Recheck Cond: ((k >= 4323170) AND (k <= 4323270))
	  ->  Bitmap Index Scan on k_5  (cost=0.00..5.46 rows=103 width=0)
	        Index Cond: ((k >= 4323170) AND (k <= 4323270))

table 6 : explain SELECT k, c FROM sbtest6 WHERE k BETWEEN 4323170 AND 4323270
	Bitmap Heap Scan on sbtest6  (cost=5.55..436.62 rows=109 width=125)
	  Recheck Cond: ((k >= 4323170) AND (k <= 4323270))
	  ->  Bitmap Index Scan on k_6  (cost=0.00..5.52 rows=109 width=0)
	        Index Cond: ((k >= 4323170) AND (k <= 4323270))

table 7 : explain SELECT k, c FROM sbtest7 WHERE k BETWEEN 4323170 AND 4323270
	Bitmap Heap Scan on sbtest7  (cost=5.42..385.43 rows=96 width=125)
	  Recheck Cond: ((k >= 4323170) AND (k <= 4323270))
	  ->  Bitmap Index Scan on k_7  (cost=0.00..5.39 rows=96 width=0)
	        Index Cond: ((k >= 4323170) AND (k <= 4323270))

table 8 : explain SELECT k, c FROM sbtest8 WHERE k BETWEEN 4323170 AND 4323270
	Bitmap Heap Scan on sbtest8  (cost=5.46..401.19 rows=100 width=125)
	  Recheck Cond: ((k >= 4323170) AND (k <= 4323270))
	  ->  Bitmap Index Scan on k_8  (cost=0.00..5.43 rows=100 width=0)
	        Index Cond: ((k >= 4323170) AND (k <= 4323270))

explain: for range-notcovered :: explain SELECT k, c FROM sbtest%d WHERE k BETWEEN 5053687 AND 5053787
explain: for range-notcovered :: explain SELECT k, c FROM sbtest%d WHERE k BETWEEN 4323170 AND 4323270
for range-notcovered
table 1 : explain SELECT k, c FROM sbtest1 WHERE k BETWEEN 7999302 AND 7999402
	Bitmap Heap Scan on sbtest1  (cost=5.51..420.88 rows=105 width=125)
	  Recheck Cond: ((k >= 7999302) AND (k <= 7999402))
	  ->  Bitmap Index Scan on k_1  (cost=0.00..5.48 rows=105 width=0)
	        Index Cond: ((k >= 7999302) AND (k <= 7999402))

table 2 : explain SELECT k, c FROM sbtest2 WHERE k BETWEEN 7999302 AND 7999402
	Bitmap Heap Scan on sbtest2  (cost=5.54..432.69 rows=108 width=125)
	  Recheck Cond: ((k >= 7999302) AND (k <= 7999402))
	  ->  Bitmap Index Scan on k_2  (cost=0.00..5.51 rows=108 width=0)
	        Index Cond: ((k >= 7999302) AND (k <= 7999402))

table 3 : explain SELECT k, c FROM sbtest3 WHERE k BETWEEN 7999302 AND 7999402
	Bitmap Heap Scan on sbtest3  (cost=5.42..385.43 rows=96 width=125)
	  Recheck Cond: ((k >= 7999302) AND (k <= 7999402))
	  ->  Bitmap Index Scan on k_3  (cost=0.00..5.39 rows=96 width=0)
	        Index Cond: ((k >= 7999302) AND (k <= 7999402))

table 4 : explain SELECT k, c FROM sbtest4 WHERE k BETWEEN 7999302 AND 7999402
	Bitmap Heap Scan on sbtest4  (cost=5.52..424.81 rows=106 width=125)
	  Recheck Cond: ((k >= 7999302) AND (k <= 7999402))
	  ->  Bitmap Index Scan on k_4  (cost=0.00..5.50 rows=106 width=0)
	        Index Cond: ((k >= 7999302) AND (k <= 7999402))

table 5 : explain SELECT k, c FROM sbtest5 WHERE k BETWEEN 7999302 AND 7999402
	Bitmap Heap Scan on sbtest5  (cost=5.36..361.78 rows=90 width=125)
	  Recheck Cond: ((k >= 7999302) AND (k <= 7999402))
	  ->  Bitmap Index Scan on k_5  (cost=0.00..5.33 rows=90 width=0)
	        Index Cond: ((k >= 7999302) AND (k <= 7999402))

table 6 : explain SELECT k, c FROM sbtest6 WHERE k BETWEEN 7999302 AND 7999402
	Bitmap Heap Scan on sbtest6  (cost=5.48..409.07 rows=102 width=125)
	  Recheck Cond: ((k >= 7999302) AND (k <= 7999402))
	  ->  Bitmap Index Scan on k_6  (cost=0.00..5.45 rows=102 width=0)
	        Index Cond: ((k >= 7999302) AND (k <= 7999402))

table 7 : explain SELECT k, c FROM sbtest7 WHERE k BETWEEN 7999302 AND 7999402
	Bitmap Heap Scan on sbtest7  (cost=5.40..377.55 rows=94 width=125)
	  Recheck Cond: ((k >= 7999302) AND (k <= 7999402))
	  ->  Bitmap Index Scan on k_7  (cost=0.00..5.38 rows=94 width=0)
	        Index Cond: ((k >= 7999302) AND (k <= 7999402))

table 8 : explain SELECT k, c FROM sbtest8 WHERE k BETWEEN 7999302 AND 7999402
	Bitmap Heap Scan on sbtest8  (cost=5.43..389.37 rows=97 width=125)
	  Recheck Cond: ((k >= 7999302) AND (k <= 7999402))
	  ->  Bitmap Index Scan on k_8  (cost=0.00..5.40 rows=97 width=0)
	        Index Cond: ((k >= 7999302) AND (k <= 7999402))

explain: for range-notcovered :: explain SELECT k, c FROM sbtest%d WHERE k BETWEEN 7999302 AND 7999402
explain: for range-notcovered :: explain SELECT k, c FROM sbtest%d WHERE k BETWEEN 6041609 AND 6041709
for range-notcovered
table 1 : explain SELECT k, c FROM sbtest1 WHERE k BETWEEN 3890726 AND 3890826
	Bitmap Heap Scan on sbtest1  (cost=5.43..389.37 rows=97 width=125)
	  Recheck Cond: ((k >= 3890726) AND (k <= 3890826))
	  ->  Bitmap Index Scan on k_1  (cost=0.00..5.40 rows=97 width=0)
	        Index Cond: ((k >= 3890726) AND (k <= 3890826))

table 2 : explain SELECT k, c FROM sbtest2 WHERE k BETWEEN 3890726 AND 3890826
	Bitmap Heap Scan on sbtest2  (cost=5.46..401.19 rows=100 width=125)
	  Recheck Cond: ((k >= 3890726) AND (k <= 3890826))
	  ->  Bitmap Index Scan on k_2  (cost=0.00..5.43 rows=100 width=0)
	        Index Cond: ((k >= 3890726) AND (k <= 3890826))

table 3 : explain SELECT k, c FROM sbtest3 WHERE k BETWEEN 3890726 AND 3890826
	Bitmap Heap Scan on sbtest3  (cost=5.44..393.31 rows=98 width=125)
	  Recheck Cond: ((k >= 3890726) AND (k <= 3890826))
	  ->  Bitmap Index Scan on k_3  (cost=0.00..5.42 rows=98 width=0)
	        Index Cond: ((k >= 3890726) AND (k <= 3890826))

table 4 : explain SELECT k, c FROM sbtest4 WHERE k BETWEEN 3890726 AND 3890826
	Bitmap Heap Scan on sbtest4  (cost=5.39..373.61 rows=93 width=125)
	  Recheck Cond: ((k >= 3890726) AND (k <= 3890826))
	  ->  Bitmap Index Scan on k_4  (cost=0.00..5.36 rows=93 width=0)
	        Index Cond: ((k >= 3890726) AND (k <= 3890826))

table 5 : explain SELECT k, c FROM sbtest5 WHERE k BETWEEN 3890726 AND 3890826
	Bitmap Heap Scan on sbtest5  (cost=5.51..420.88 rows=105 width=125)
	  Recheck Cond: ((k >= 3890726) AND (k <= 3890826))
	  ->  Bitmap Index Scan on k_5  (cost=0.00..5.48 rows=105 width=0)
	        Index Cond: ((k >= 3890726) AND (k <= 3890826))

table 6 : explain SELECT k, c FROM sbtest6 WHERE k BETWEEN 3890726 AND 3890826
	Bitmap Heap Scan on sbtest6  (cost=5.49..413.00 rows=103 width=125)
	  Recheck Cond: ((k >= 3890726) AND (k <= 3890826))
	  ->  Bitmap Index Scan on k_6  (cost=0.00..5.46 rows=103 width=0)
	        Index Cond: ((k >= 3890726) AND (k <= 3890826))

table 7 : explain SELECT k, c FROM sbtest7 WHERE k BETWEEN 3890726 AND 3890826
	Bitmap Heap Scan on sbtest7  (cost=5.55..436.62 rows=109 width=125)
	  Recheck Cond: ((k >= 3890726) AND (k <= 3890826))
	  ->  Bitmap Index Scan on k_7  (cost=0.00..5.52 rows=109 width=0)
	        Index Cond: ((k >= 3890726) AND (k <= 3890826))

table 8 : explain SELECT k, c FROM sbtest8 WHERE k BETWEEN 3890726 AND 3890826
	Bitmap Heap Scan on sbtest8  (cost=5.48..409.07 rows=102 width=125)
	  Recheck Cond: ((k >= 3890726) AND (k <= 3890826))
	  ->  Bitmap Index Scan on k_8  (cost=0.00..5.45 rows=102 width=0)
	        Index Cond: ((k >= 3890726) AND (k <= 3890826))

for range-notcovered
table 1 : explain SELECT k, c FROM sbtest1 WHERE k BETWEEN 841325 AND 841425
	Bitmap Heap Scan on sbtest1  (cost=5.50..416.94 rows=104 width=125)
	  Recheck Cond: ((k >= 841325) AND (k <= 841425))
	  ->  Bitmap Index Scan on k_1  (cost=0.00..5.47 rows=104 width=0)
	        Index Cond: ((k >= 841325) AND (k <= 841425))

table 2 : explain SELECT k, c FROM sbtest2 WHERE k BETWEEN 841325 AND 841425
	Bitmap Heap Scan on sbtest2  (cost=5.45..397.25 rows=99 width=125)
	  Recheck Cond: ((k >= 841325) AND (k <= 841425))
	  ->  Bitmap Index Scan on k_2  (cost=0.00..5.42 rows=99 width=0)
	        Index Cond: ((k >= 841325) AND (k <= 841425))

table 3 : explain SELECT k, c FROM sbtest3 WHERE k BETWEEN 841325 AND 841425
	Bitmap Heap Scan on sbtest3  (cost=5.47..405.13 rows=101 width=125)
	  Recheck Cond: ((k >= 841325) AND (k <= 841425))
	  ->  Bitmap Index Scan on k_3  (cost=0.00..5.44 rows=101 width=0)
	        Index Cond: ((k >= 841325) AND (k <= 841425))

table 4 : explain SELECT k, c FROM sbtest4 WHERE k BETWEEN 841325 AND 841425
	Bitmap Heap Scan on sbtest4  (cost=5.48..409.07 rows=102 width=125)
	  Recheck Cond: ((k >= 841325) AND (k <= 841425))
	  ->  Bitmap Index Scan on k_4  (cost=0.00..5.45 rows=102 width=0)
	        Index Cond: ((k >= 841325) AND (k <= 841425))

table 5 : explain SELECT k, c FROM sbtest5 WHERE k BETWEEN 841325 AND 841425
	Bitmap Heap Scan on sbtest5  (cost=5.56..440.56 rows=110 width=125)
	  Recheck Cond: ((k >= 841325) AND (k <= 841425))
	  ->  Bitmap Index Scan on k_5  (cost=0.00..5.53 rows=110 width=0)
	        Index Cond: ((k >= 841325) AND (k <= 841425))

table 6 : explain SELECT k, c FROM sbtest6 WHERE k BETWEEN 841325 AND 841425
	Bitmap Heap Scan on sbtest6  (cost=5.56..440.56 rows=110 width=125)
	  Recheck Cond: ((k >= 841325) AND (k <= 841425))
	  ->  Bitmap Index Scan on k_6  (cost=0.00..5.53 rows=110 width=0)
	        Index Cond: ((k >= 841325) AND (k <= 841425))

table 7 : explain SELECT k, c FROM sbtest7 WHERE k BETWEEN 841325 AND 841425
	Bitmap Heap Scan on sbtest7  (cost=5.55..436.62 rows=109 width=125)
	  Recheck Cond: ((k >= 841325) AND (k <= 841425))
	  ->  Bitmap Index Scan on k_7  (cost=0.00..5.52 rows=109 width=0)
	        Index Cond: ((k >= 841325) AND (k <= 841425))

table 8 : explain SELECT k, c FROM sbtest8 WHERE k BETWEEN 841325 AND 841425
	Bitmap Heap Scan on sbtest8  (cost=5.44..393.31 rows=98 width=125)
	  Recheck Cond: ((k >= 841325) AND (k <= 841425))
	  ->  Bitmap Index Scan on k_8  (cost=0.00..5.42 rows=98 width=0)
	        Index Cond: ((k >= 841325) AND (k <= 841425))

explain: for range-notcovered :: explain SELECT k, c FROM sbtest%d WHERE k BETWEEN 3890726 AND 3890826
explain: for range-notcovered :: explain SELECT k, c FROM sbtest%d WHERE k BETWEEN 6261132 AND 6261232
for range-notcovered
table 1 : explain SELECT k, c FROM sbtest1 WHERE k BETWEEN 4323170 AND 4323270
	Bitmap Heap Scan on sbtest1  (cost=5.43..389.37 rows=97 width=125)
	  Recheck Cond: ((k >= 4323170) AND (k <= 4323270))
	  ->  Bitmap Index Scan on k_1  (cost=0.00..5.40 rows=97 width=0)
	        Index Cond: ((k >= 4323170) AND (k <= 4323270))

table 2 : explain SELECT k, c FROM sbtest2 WHERE k BETWEEN 4323170 AND 4323270
	Bitmap Heap Scan on sbtest2  (cost=5.53..428.75 rows=107 width=125)
	  Recheck Cond: ((k >= 4323170) AND (k <= 4323270))
	  ->  Bitmap Index Scan on k_2  (cost=0.00..5.50 rows=107 width=0)
	        Index Cond: ((k >= 4323170) AND (k <= 4323270))

table 3 : explain SELECT k, c FROM sbtest3 WHERE k BETWEEN 4323170 AND 4323270
	Bitmap Heap Scan on sbtest3  (cost=5.48..409.07 rows=102 width=125)
	  Recheck Cond: ((k >= 4323170) AND (k <= 4323270))
	  ->  Bitmap Index Scan on k_3  (cost=0.00..5.45 rows=102 width=0)
	        Index Cond: ((k >= 4323170) AND (k <= 4323270))

table 4 : explain SELECT k, c FROM sbtest4 WHERE k BETWEEN 4323170 AND 4323270
	Bitmap Heap Scan on sbtest4  (cost=5.56..440.56 rows=110 width=125)
	  Recheck Cond: ((k >= 4323170) AND (k <= 4323270))
	  ->  Bitmap Index Scan on k_4  (cost=0.00..5.53 rows=110 width=0)
	        Index Cond: ((k >= 4323170) AND (k <= 4323270))

table 5 : explain SELECT k, c FROM sbtest5 WHERE k BETWEEN 4323170 AND 4323270
	Bitmap Heap Scan on sbtest5  (cost=5.49..413.00 rows=103 width=125)
	  Recheck Cond: ((k >= 4323170) AND (k <= 4323270))
	  ->  Bitmap Index Scan on k_5  (cost=0.00..5.46 rows=103 width=0)
	        Index Cond: ((k >= 4323170) AND (k <= 4323270))

table 6 : explain SELECT k, c FROM sbtest6 WHERE k BETWEEN 4323170 AND 4323270
	Bitmap Heap Scan on sbtest6  (cost=5.55..436.62 rows=109 width=125)
	  Recheck Cond: ((k >= 4323170) AND (k <= 4323270))
	  ->  Bitmap Index Scan on k_6  (cost=0.00..5.52 rows=109 width=0)
	        Index Cond: ((k >= 4323170) AND (k <= 4323270))

table 7 : explain SELECT k, c FROM sbtest7 WHERE k BETWEEN 4323170 AND 4323270
	Bitmap Heap Scan on sbtest7  (cost=5.42..385.43 rows=96 width=125)
	  Recheck Cond: ((k >= 4323170) AND (k <= 4323270))
	  ->  Bitmap Index Scan on k_7  (cost=0.00..5.39 rows=96 width=0)
	        Index Cond: ((k >= 4323170) AND (k <= 4323270))

table 8 : explain SELECT k, c FROM sbtest8 WHERE k BETWEEN 4323170 AND 4323270
	Bitmap Heap Scan on sbtest8  (cost=5.46..401.19 rows=100 width=125)
	  Recheck Cond: ((k >= 4323170) AND (k <= 4323270))
	  ->  Bitmap Index Scan on k_8  (cost=0.00..5.43 rows=100 width=0)
	        Index Cond: ((k >= 4323170) AND (k <= 4323270))

explain: for range-notcovered :: explain SELECT k, c FROM sbtest%d WHERE k BETWEEN 4323170 AND 4323270
for range-notcovered
table 1 : explain SELECT k, c FROM sbtest1 WHERE k BETWEEN 7999302 AND 7999402
	Bitmap Heap Scan on sbtest1  (cost=5.51..420.88 rows=105 width=125)
	  Recheck Cond: ((k >= 7999302) AND (k <= 7999402))
	  ->  Bitmap Index Scan on k_1  (cost=0.00..5.48 rows=105 width=0)
	        Index Cond: ((k >= 7999302) AND (k <= 7999402))

table 2 : explain SELECT k, c FROM sbtest2 WHERE k BETWEEN 7999302 AND 7999402
	Bitmap Heap Scan on sbtest2  (cost=5.54..432.69 rows=108 width=125)
	  Recheck Cond: ((k >= 7999302) AND (k <= 7999402))
	  ->  Bitmap Index Scan on k_2  (cost=0.00..5.51 rows=108 width=0)
	        Index Cond: ((k >= 7999302) AND (k <= 7999402))

table 3 : explain SELECT k, c FROM sbtest3 WHERE k BETWEEN 7999302 AND 7999402
	Bitmap Heap Scan on sbtest3  (cost=5.42..385.43 rows=96 width=125)
	  Recheck Cond: ((k >= 7999302) AND (k <= 7999402))
	  ->  Bitmap Index Scan on k_3  (cost=0.00..5.39 rows=96 width=0)
	        Index Cond: ((k >= 7999302) AND (k <= 7999402))

table 4 : explain SELECT k, c FROM sbtest4 WHERE k BETWEEN 7999302 AND 7999402
	Bitmap Heap Scan on sbtest4  (cost=5.52..424.81 rows=106 width=125)
	  Recheck Cond: ((k >= 7999302) AND (k <= 7999402))
	  ->  Bitmap Index Scan on k_4  (cost=0.00..5.50 rows=106 width=0)
	        Index Cond: ((k >= 7999302) AND (k <= 7999402))

table 5 : explain SELECT k, c FROM sbtest5 WHERE k BETWEEN 7999302 AND 7999402
	Bitmap Heap Scan on sbtest5  (cost=5.36..361.78 rows=90 width=125)
	  Recheck Cond: ((k >= 7999302) AND (k <= 7999402))
	  ->  Bitmap Index Scan on k_5  (cost=0.00..5.33 rows=90 width=0)
	        Index Cond: ((k >= 7999302) AND (k <= 7999402))

table 6 : explain SELECT k, c FROM sbtest6 WHERE k BETWEEN 7999302 AND 7999402
	Bitmap Heap Scan on sbtest6  (cost=5.48..409.07 rows=102 width=125)
	  Recheck Cond: ((k >= 7999302) AND (k <= 7999402))
	  ->  Bitmap Index Scan on k_6  (cost=0.00..5.45 rows=102 width=0)
	        Index Cond: ((k >= 7999302) AND (k <= 7999402))

table 7 : explain SELECT k, c FROM sbtest7 WHERE k BETWEEN 7999302 AND 7999402
	Bitmap Heap Scan on sbtest7  (cost=5.40..377.55 rows=94 width=125)
	  Recheck Cond: ((k >= 7999302) AND (k <= 7999402))
	  ->  Bitmap Index Scan on k_7  (cost=0.00..5.38 rows=94 width=0)
	        Index Cond: ((k >= 7999302) AND (k <= 7999402))

table 8 : explain SELECT k, c FROM sbtest8 WHERE k BETWEEN 7999302 AND 7999402
	Bitmap Heap Scan on sbtest8  (cost=5.43..389.37 rows=97 width=125)
	  Recheck Cond: ((k >= 7999302) AND (k <= 7999402))
	  ->  Bitmap Index Scan on k_8  (cost=0.00..5.40 rows=97 width=0)
	        Index Cond: ((k >= 7999302) AND (k <= 7999402))

explain: for range-notcovered :: explain SELECT k, c FROM sbtest%d WHERE k BETWEEN 7999302 AND 7999402
for range-notcovered
table 1 : explain SELECT k, c FROM sbtest1 WHERE k BETWEEN 3890726 AND 3890826
	Bitmap Heap Scan on sbtest1  (cost=5.43..389.37 rows=97 width=125)
	  Recheck Cond: ((k >= 3890726) AND (k <= 3890826))
	  ->  Bitmap Index Scan on k_1  (cost=0.00..5.40 rows=97 width=0)
	        Index Cond: ((k >= 3890726) AND (k <= 3890826))

table 2 : explain SELECT k, c FROM sbtest2 WHERE k BETWEEN 3890726 AND 3890826
	Bitmap Heap Scan on sbtest2  (cost=5.46..401.19 rows=100 width=125)
	  Recheck Cond: ((k >= 3890726) AND (k <= 3890826))
	  ->  Bitmap Index Scan on k_2  (cost=0.00..5.43 rows=100 width=0)
	        Index Cond: ((k >= 3890726) AND (k <= 3890826))

table 3 : explain SELECT k, c FROM sbtest3 WHERE k BETWEEN 3890726 AND 3890826
	Bitmap Heap Scan on sbtest3  (cost=5.44..393.31 rows=98 width=125)
	  Recheck Cond: ((k >= 3890726) AND (k <= 3890826))
	  ->  Bitmap Index Scan on k_3  (cost=0.00..5.42 rows=98 width=0)
	        Index Cond: ((k >= 3890726) AND (k <= 3890826))

table 4 : explain SELECT k, c FROM sbtest4 WHERE k BETWEEN 3890726 AND 3890826
	Bitmap Heap Scan on sbtest4  (cost=5.39..373.61 rows=93 width=125)
	  Recheck Cond: ((k >= 3890726) AND (k <= 3890826))
	  ->  Bitmap Index Scan on k_4  (cost=0.00..5.36 rows=93 width=0)
	        Index Cond: ((k >= 3890726) AND (k <= 3890826))

table 5 : explain SELECT k, c FROM sbtest5 WHERE k BETWEEN 3890726 AND 3890826
	Bitmap Heap Scan on sbtest5  (cost=5.51..420.88 rows=105 width=125)
	  Recheck Cond: ((k >= 3890726) AND (k <= 3890826))
	  ->  Bitmap Index Scan on k_5  (cost=0.00..5.48 rows=105 width=0)
	        Index Cond: ((k >= 3890726) AND (k <= 3890826))

table 6 : explain SELECT k, c FROM sbtest6 WHERE k BETWEEN 3890726 AND 3890826
	Bitmap Heap Scan on sbtest6  (cost=5.49..413.00 rows=103 width=125)
	  Recheck Cond: ((k >= 3890726) AND (k <= 3890826))
	  ->  Bitmap Index Scan on k_6  (cost=0.00..5.46 rows=103 width=0)
	        Index Cond: ((k >= 3890726) AND (k <= 3890826))

table 7 : explain SELECT k, c FROM sbtest7 WHERE k BETWEEN 3890726 AND 3890826
	Bitmap Heap Scan on sbtest7  (cost=5.55..436.62 rows=109 width=125)
	  Recheck Cond: ((k >= 3890726) AND (k <= 3890826))
	  ->  Bitmap Index Scan on k_7  (cost=0.00..5.52 rows=109 width=0)
	        Index Cond: ((k >= 3890726) AND (k <= 3890826))

table 8 : explain SELECT k, c FROM sbtest8 WHERE k BETWEEN 3890726 AND 3890826
	Bitmap Heap Scan on sbtest8  (cost=5.48..409.07 rows=102 width=125)
	  Recheck Cond: ((k >= 3890726) AND (k <= 3890826))
	  ->  Bitmap Index Scan on k_8  (cost=0.00..5.45 rows=102 width=0)
	        Index Cond: ((k >= 3890726) AND (k <= 3890826))

explain: for range-notcovered :: explain SELECT k, c FROM sbtest%d WHERE k BETWEEN 3890726 AND 3890826
for range-notcovered
table 1 : explain SELECT k, c FROM sbtest1 WHERE k BETWEEN 6041609 AND 6041709
	Bitmap Heap Scan on sbtest1  (cost=5.46..401.19 rows=100 width=125)
	  Recheck Cond: ((k >= 6041609) AND (k <= 6041709))
	  ->  Bitmap Index Scan on k_1  (cost=0.00..5.43 rows=100 width=0)
	        Index Cond: ((k >= 6041609) AND (k <= 6041709))

table 2 : explain SELECT k, c FROM sbtest2 WHERE k BETWEEN 6041609 AND 6041709
	Bitmap Heap Scan on sbtest2  (cost=5.45..397.25 rows=99 width=125)
	  Recheck Cond: ((k >= 6041609) AND (k <= 6041709))
	  ->  Bitmap Index Scan on k_2  (cost=0.00..5.42 rows=99 width=0)
	        Index Cond: ((k >= 6041609) AND (k <= 6041709))

table 3 : explain SELECT k, c FROM sbtest3 WHERE k BETWEEN 6041609 AND 6041709
	Bitmap Heap Scan on sbtest3  (cost=5.52..424.81 rows=106 width=125)
	  Recheck Cond: ((k >= 6041609) AND (k <= 6041709))
	  ->  Bitmap Index Scan on k_3  (cost=0.00..5.50 rows=106 width=0)
	        Index Cond: ((k >= 6041609) AND (k <= 6041709))

table 4 : explain SELECT k, c FROM sbtest4 WHERE k BETWEEN 6041609 AND 6041709
	Bitmap Heap Scan on sbtest4  (cost=5.50..416.94 rows=104 width=125)
	  Recheck Cond: ((k >= 6041609) AND (k <= 6041709))
	  ->  Bitmap Index Scan on k_4  (cost=0.00..5.47 rows=104 width=0)
	        Index Cond: ((k >= 6041609) AND (k <= 6041709))

table 5 : explain SELECT k, c FROM sbtest5 WHERE k BETWEEN 6041609 AND 6041709
	Bitmap Heap Scan on sbtest5  (cost=5.42..385.43 rows=96 width=125)
	  Recheck Cond: ((k >= 6041609) AND (k <= 6041709))
	  ->  Bitmap Index Scan on k_5  (cost=0.00..5.39 rows=96 width=0)
	        Index Cond: ((k >= 6041609) AND (k <= 6041709))

table 6 : explain SELECT k, c FROM sbtest6 WHERE k BETWEEN 6041609 AND 6041709
	Bitmap Heap Scan on sbtest6  (cost=5.44..393.31 rows=98 width=125)
	  Recheck Cond: ((k >= 6041609) AND (k <= 6041709))
	  ->  Bitmap Index Scan on k_6  (cost=0.00..5.42 rows=98 width=0)
	        Index Cond: ((k >= 6041609) AND (k <= 6041709))

table 7 : explain SELECT k, c FROM sbtest7 WHERE k BETWEEN 6041609 AND 6041709
	Bitmap Heap Scan on sbtest7  (cost=5.54..432.69 rows=108 width=125)
	  Recheck Cond: ((k >= 6041609) AND (k <= 6041709))
	  ->  Bitmap Index Scan on k_7  (cost=0.00..5.51 rows=108 width=0)
	        Index Cond: ((k >= 6041609) AND (k <= 6041709))

table 8 : explain SELECT k, c FROM sbtest8 WHERE k BETWEEN 6041609 AND 6041709
	Bitmap Heap Scan on sbtest8  (cost=5.41..381.49 rows=95 width=125)
	  Recheck Cond: ((k >= 6041609) AND (k <= 6041709))
	  ->  Bitmap Index Scan on k_8  (cost=0.00..5.38 rows=95 width=0)
	        Index Cond: ((k >= 6041609) AND (k <= 6041709))

for range-notcovered
table 1 : explain SELECT k, c FROM sbtest1 WHERE k BETWEEN 4323170 AND 4323270
	Bitmap Heap Scan on sbtest1  (cost=5.43..389.37 rows=97 width=125)
	  Recheck Cond: ((k >= 4323170) AND (k <= 4323270))
	  ->  Bitmap Index Scan on k_1  (cost=0.00..5.40 rows=97 width=0)
	        Index Cond: ((k >= 4323170) AND (k <= 4323270))

table 2 : explain SELECT k, c FROM sbtest2 WHERE k BETWEEN 4323170 AND 4323270
	Bitmap Heap Scan on sbtest2  (cost=5.53..428.75 rows=107 width=125)
	  Recheck Cond: ((k >= 4323170) AND (k <= 4323270))
	  ->  Bitmap Index Scan on k_2  (cost=0.00..5.50 rows=107 width=0)
	        Index Cond: ((k >= 4323170) AND (k <= 4323270))

table 3 : explain SELECT k, c FROM sbtest3 WHERE k BETWEEN 4323170 AND 4323270
	Bitmap Heap Scan on sbtest3  (cost=5.48..409.07 rows=102 width=125)
	  Recheck Cond: ((k >= 4323170) AND (k <= 4323270))
	  ->  Bitmap Index Scan on k_3  (cost=0.00..5.45 rows=102 width=0)
	        Index Cond: ((k >= 4323170) AND (k <= 4323270))

table 4 : explain SELECT k, c FROM sbtest4 WHERE k BETWEEN 4323170 AND 4323270
	Bitmap Heap Scan on sbtest4  (cost=5.56..440.56 rows=110 width=125)
	  Recheck Cond: ((k >= 4323170) AND (k <= 4323270))
	  ->  Bitmap Index Scan on k_4  (cost=0.00..5.53 rows=110 width=0)
	        Index Cond: ((k >= 4323170) AND (k <= 4323270))

table 5 : explain SELECT k, c FROM sbtest5 WHERE k BETWEEN 4323170 AND 4323270
	Bitmap Heap Scan on sbtest5  (cost=5.49..413.00 rows=103 width=125)
	  Recheck Cond: ((k >= 4323170) AND (k <= 4323270))
	  ->  Bitmap Index Scan on k_5  (cost=0.00..5.46 rows=103 width=0)
	        Index Cond: ((k >= 4323170) AND (k <= 4323270))

table 6 : explain SELECT k, c FROM sbtest6 WHERE k BETWEEN 4323170 AND 4323270
	Bitmap Heap Scan on sbtest6  (cost=5.55..436.62 rows=109 width=125)
	  Recheck Cond: ((k >= 4323170) AND (k <= 4323270))
	  ->  Bitmap Index Scan on k_6  (cost=0.00..5.52 rows=109 width=0)
	        Index Cond: ((k >= 4323170) AND (k <= 4323270))

table 7 : explain SELECT k, c FROM sbtest7 WHERE k BETWEEN 4323170 AND 4323270
	Bitmap Heap Scan on sbtest7  (cost=5.42..385.43 rows=96 width=125)
	  Recheck Cond: ((k >= 4323170) AND (k <= 4323270))
	  ->  Bitmap Index Scan on k_7  (cost=0.00..5.39 rows=96 width=0)
	        Index Cond: ((k >= 4323170) AND (k <= 4323270))

table 8 : explain SELECT k, c FROM sbtest8 WHERE k BETWEEN 4323170 AND 4323270
	Bitmap Heap Scan on sbtest8  (cost=5.46..401.19 rows=100 width=125)
	  Recheck Cond: ((k >= 4323170) AND (k <= 4323270))
	  ->  Bitmap Index Scan on k_8  (cost=0.00..5.43 rows=100 width=0)
	        Index Cond: ((k >= 4323170) AND (k <= 4323270))

for range-notcovered
table 1 : explain SELECT k, c FROM sbtest1 WHERE k BETWEEN 7999302 AND 7999402
	Bitmap Heap Scan on sbtest1  (cost=5.51..420.88 rows=105 width=125)
	  Recheck Cond: ((k >= 7999302) AND (k <= 7999402))
	  ->  Bitmap Index Scan on k_1  (cost=0.00..5.48 rows=105 width=0)
	        Index Cond: ((k >= 7999302) AND (k <= 7999402))

table 2 : explain SELECT k, c FROM sbtest2 WHERE k BETWEEN 7999302 AND 7999402
	Bitmap Heap Scan on sbtest2  (cost=5.54..432.69 rows=108 width=125)
	  Recheck Cond: ((k >= 7999302) AND (k <= 7999402))
	  ->  Bitmap Index Scan on k_2  (cost=0.00..5.51 rows=108 width=0)
	        Index Cond: ((k >= 7999302) AND (k <= 7999402))

table 3 : explain SELECT k, c FROM sbtest3 WHERE k BETWEEN 7999302 AND 7999402
	Bitmap Heap Scan on sbtest3  (cost=5.42..385.43 rows=96 width=125)
	  Recheck Cond: ((k >= 7999302) AND (k <= 7999402))
	  ->  Bitmap Index Scan on k_3  (cost=0.00..5.39 rows=96 width=0)
	        Index Cond: ((k >= 7999302) AND (k <= 7999402))

table 4 : explain SELECT k, c FROM sbtest4 WHERE k BETWEEN 7999302 AND 7999402
	Bitmap Heap Scan on sbtest4  (cost=5.52..424.81 rows=106 width=125)
	  Recheck Cond: ((k >= 7999302) AND (k <= 7999402))
	  ->  Bitmap Index Scan on k_4  (cost=0.00..5.50 rows=106 width=0)
	        Index Cond: ((k >= 7999302) AND (k <= 7999402))

table 5 : explain SELECT k, c FROM sbtest5 WHERE k BETWEEN 7999302 AND 7999402
	Bitmap Heap Scan on sbtest5  (cost=5.36..361.78 rows=90 width=125)
	  Recheck Cond: ((k >= 7999302) AND (k <= 7999402))
	  ->  Bitmap Index Scan on k_5  (cost=0.00..5.33 rows=90 width=0)
	        Index Cond: ((k >= 7999302) AND (k <= 7999402))

table 6 : explain SELECT k, c FROM sbtest6 WHERE k BETWEEN 7999302 AND 7999402
	Bitmap Heap Scan on sbtest6  (cost=5.48..409.07 rows=102 width=125)
	  Recheck Cond: ((k >= 7999302) AND (k <= 7999402))
	  ->  Bitmap Index Scan on k_6  (cost=0.00..5.45 rows=102 width=0)
	        Index Cond: ((k >= 7999302) AND (k <= 7999402))

table 7 : explain SELECT k, c FROM sbtest7 WHERE k BETWEEN 7999302 AND 7999402
	Bitmap Heap Scan on sbtest7  (cost=5.40..377.55 rows=94 width=125)
	  Recheck Cond: ((k >= 7999302) AND (k <= 7999402))
	  ->  Bitmap Index Scan on k_7  (cost=0.00..5.38 rows=94 width=0)
	        Index Cond: ((k >= 7999302) AND (k <= 7999402))

table 8 : explain SELECT k, c FROM sbtest8 WHERE k BETWEEN 7999302 AND 7999402
	Bitmap Heap Scan on sbtest8  (cost=5.43..389.37 rows=97 width=125)
	  Recheck Cond: ((k >= 7999302) AND (k <= 7999402))
	  ->  Bitmap Index Scan on k_8  (cost=0.00..5.40 rows=97 width=0)
	        Index Cond: ((k >= 7999302) AND (k <= 7999402))

explain: for range-notcovered :: explain SELECT k, c FROM sbtest%d WHERE k BETWEEN 4323170 AND 4323270
explain: for range-notcovered :: explain SELECT k, c FROM sbtest%d WHERE k BETWEEN 6041609 AND 6041709
explain: for range-notcovered :: explain SELECT k, c FROM sbtest%d WHERE k BETWEEN 7999302 AND 7999402
explain: for range-notcovered :: explain SELECT k, c FROM sbtest%d WHERE k BETWEEN 2242202 AND 2242302
for range-notcovered
table 1 : explain SELECT k, c FROM sbtest1 WHERE k BETWEEN 6171319 AND 6171419
	Bitmap Heap Scan on sbtest1  (cost=5.41..381.49 rows=95 width=125)
	  Recheck Cond: ((k >= 6171319) AND (k <= 6171419))
	  ->  Bitmap Index Scan on k_1  (cost=0.00..5.38 rows=95 width=0)
	        Index Cond: ((k >= 6171319) AND (k <= 6171419))

table 2 : explain SELECT k, c FROM sbtest2 WHERE k BETWEEN 6171319 AND 6171419
	Bitmap Heap Scan on sbtest2  (cost=5.54..432.69 rows=108 width=125)
	  Recheck Cond: ((k >= 6171319) AND (k <= 6171419))
	  ->  Bitmap Index Scan on k_2  (cost=0.00..5.51 rows=108 width=0)
	        Index Cond: ((k >= 6171319) AND (k <= 6171419))

table 3 : explain SELECT k, c FROM sbtest3 WHERE k BETWEEN 6171319 AND 6171419
	Bitmap Heap Scan on sbtest3  (cost=5.43..389.37 rows=97 width=125)
	  Recheck Cond: ((k >= 6171319) AND (k <= 6171419))
	  ->  Bitmap Index Scan on k_3  (cost=0.00..5.40 rows=97 width=0)
	        Index Cond: ((k >= 6171319) AND (k <= 6171419))

table 4 : explain SELECT k, c FROM sbtest4 WHERE k BETWEEN 6171319 AND 6171419
	Bitmap Heap Scan on sbtest4  (cost=5.34..353.89 rows=88 width=125)
	  Recheck Cond: ((k >= 6171319) AND (k <= 6171419))
	  ->  Bitmap Index Scan on k_4  (cost=0.00..5.31 rows=88 width=0)
	        Index Cond: ((k >= 6171319) AND (k <= 6171419))

table 5 : explain SELECT k, c FROM sbtest5 WHERE k BETWEEN 6171319 AND 6171419
	Bitmap Heap Scan on sbtest5  (cost=5.38..369.67 rows=92 width=125)
	  Recheck Cond: ((k >= 6171319) AND (k <= 6171419))
	  ->  Bitmap Index Scan on k_5  (cost=0.00..5.35 rows=92 width=0)
	        Index Cond: ((k >= 6171319) AND (k <= 6171419))

table 6 : explain SELECT k, c FROM sbtest6 WHERE k BETWEEN 6171319 AND 6171419
	Bitmap Heap Scan on sbtest6  (cost=5.42..385.43 rows=96 width=125)
	  Recheck Cond: ((k >= 6171319) AND (k <= 6171419))
	  ->  Bitmap Index Scan on k_6  (cost=0.00..5.39 rows=96 width=0)
	        Index Cond: ((k >= 6171319) AND (k <= 6171419))

table 7 : explain SELECT k, c FROM sbtest7 WHERE k BETWEEN 6171319 AND 6171419
	Bitmap Heap Scan on sbtest7  (cost=5.50..416.94 rows=104 width=125)
	  Recheck Cond: ((k >= 6171319) AND (k <= 6171419))
	  ->  Bitmap Index Scan on k_7  (cost=0.00..5.47 rows=104 width=0)
	        Index Cond: ((k >= 6171319) AND (k <= 6171419))

table 8 : explain SELECT k, c FROM sbtest8 WHERE k BETWEEN 6171319 AND 6171419
	Bitmap Heap Scan on sbtest8  (cost=5.54..432.69 rows=108 width=125)
	  Recheck Cond: ((k >= 6171319) AND (k <= 6171419))
	  ->  Bitmap Index Scan on k_8  (cost=0.00..5.51 rows=108 width=0)
	        Index Cond: ((k >= 6171319) AND (k <= 6171419))

for range-notcovered
table 1 : explain SELECT k, c FROM sbtest1 WHERE k BETWEEN 5531888 AND 5531988
	Bitmap Heap Scan on sbtest1  (cost=5.55..436.62 rows=109 width=125)
	  Recheck Cond: ((k >= 5531888) AND (k <= 5531988))
	  ->  Bitmap Index Scan on k_1  (cost=0.00..5.52 rows=109 width=0)
	        Index Cond: ((k >= 5531888) AND (k <= 5531988))

table 2 : explain SELECT k, c FROM sbtest2 WHERE k BETWEEN 5531888 AND 5531988
	Bitmap Heap Scan on sbtest2  (cost=5.50..416.94 rows=104 width=125)
	  Recheck Cond: ((k >= 5531888) AND (k <= 5531988))
	  ->  Bitmap Index Scan on k_2  (cost=0.00..5.47 rows=104 width=0)
	        Index Cond: ((k >= 5531888) AND (k <= 5531988))

table 3 : explain SELECT k, c FROM sbtest3 WHERE k BETWEEN 5531888 AND 5531988
	Bitmap Heap Scan on sbtest3  (cost=5.49..413.00 rows=103 width=125)
	  Recheck Cond: ((k >= 5531888) AND (k <= 5531988))
	  ->  Bitmap Index Scan on k_3  (cost=0.00..5.46 rows=103 width=0)
	        Index Cond: ((k >= 5531888) AND (k <= 5531988))

table 4 : explain SELECT k, c FROM sbtest4 WHERE k BETWEEN 5531888 AND 5531988
	Bitmap Heap Scan on sbtest4  (cost=5.41..381.49 rows=95 width=125)
	  Recheck Cond: ((k >= 5531888) AND (k <= 5531988))
	  ->  Bitmap Index Scan on k_4  (cost=0.00..5.38 rows=95 width=0)
	        Index Cond: ((k >= 5531888) AND (k <= 5531988))

table 5 : explain SELECT k, c FROM sbtest5 WHERE k BETWEEN 5531888 AND 5531988
	Bitmap Heap Scan on sbtest5  (cost=5.58..448.42 rows=112 width=125)
	  Recheck Cond: ((k >= 5531888) AND (k <= 5531988))
	  ->  Bitmap Index Scan on k_5  (cost=0.00..5.55 rows=112 width=0)
	        Index Cond: ((k >= 5531888) AND (k <= 5531988))

table 6 : explain SELECT k, c FROM sbtest6 WHERE k BETWEEN 5531888 AND 5531988
	Bitmap Heap Scan on sbtest6  (cost=5.51..420.88 rows=105 width=125)
	  Recheck Cond: ((k >= 5531888) AND (k <= 5531988))
	  ->  Bitmap Index Scan on k_6  (cost=0.00..5.48 rows=105 width=0)
	        Index Cond: ((k >= 5531888) AND (k <= 5531988))

table 7 : explain SELECT k, c FROM sbtest7 WHERE k BETWEEN 5531888 AND 5531988
	Bitmap Heap Scan on sbtest7  (cost=5.45..397.25 rows=99 width=125)
	  Recheck Cond: ((k >= 5531888) AND (k <= 5531988))
	  ->  Bitmap Index Scan on k_7  (cost=0.00..5.42 rows=99 width=0)
	        Index Cond: ((k >= 5531888) AND (k <= 5531988))

table 8 : explain SELECT k, c FROM sbtest8 WHERE k BETWEEN 5531888 AND 5531988
	Bitmap Heap Scan on sbtest8  (cost=5.44..393.31 rows=98 width=125)
	  Recheck Cond: ((k >= 5531888) AND (k <= 5531988))
	  ->  Bitmap Index Scan on k_8  (cost=0.00..5.42 rows=98 width=0)
	        Index Cond: ((k >= 5531888) AND (k <= 5531988))

explain: for range-notcovered :: explain SELECT k, c FROM sbtest%d WHERE k BETWEEN 6171319 AND 6171419
for range-notcovered
table 1 : explain SELECT k, c FROM sbtest1 WHERE k BETWEEN 5941308 AND 5941408
	Bitmap Heap Scan on sbtest1  (cost=5.49..413.00 rows=103 width=125)
	  Recheck Cond: ((k >= 5941308) AND (k <= 5941408))
	  ->  Bitmap Index Scan on k_1  (cost=0.00..5.46 rows=103 width=0)
	        Index Cond: ((k >= 5941308) AND (k <= 5941408))

table 2 : explain SELECT k, c FROM sbtest2 WHERE k BETWEEN 5941308 AND 5941408
	Bitmap Heap Scan on sbtest2  (cost=5.51..420.88 rows=105 width=125)
	  Recheck Cond: ((k >= 5941308) AND (k <= 5941408))
	  ->  Bitmap Index Scan on k_2  (cost=0.00..5.48 rows=105 width=0)
	        Index Cond: ((k >= 5941308) AND (k <= 5941408))

table 3 : explain SELECT k, c FROM sbtest3 WHERE k BETWEEN 5941308 AND 5941408
	Bitmap Heap Scan on sbtest3  (cost=5.49..413.00 rows=103 width=125)
	  Recheck Cond: ((k >= 5941308) AND (k <= 5941408))
	  ->  Bitmap Index Scan on k_3  (cost=0.00..5.46 rows=103 width=0)
	        Index Cond: ((k >= 5941308) AND (k <= 5941408))

table 4 : explain SELECT k, c FROM sbtest4 WHERE k BETWEEN 5941308 AND 5941408
	Bitmap Heap Scan on sbtest4  (cost=5.47..405.13 rows=101 width=125)
	  Recheck Cond: ((k >= 5941308) AND (k <= 5941408))
	  ->  Bitmap Index Scan on k_4  (cost=0.00..5.44 rows=101 width=0)
	        Index Cond: ((k >= 5941308) AND (k <= 5941408))

table 5 : explain SELECT k, c FROM sbtest5 WHERE k BETWEEN 5941308 AND 5941408
	Bitmap Heap Scan on sbtest5  (cost=5.42..385.43 rows=96 width=125)
	  Recheck Cond: ((k >= 5941308) AND (k <= 5941408))
	  ->  Bitmap Index Scan on k_5  (cost=0.00..5.39 rows=96 width=0)
	        Index Cond: ((k >= 5941308) AND (k <= 5941408))

table 6 : explain SELECT k, c FROM sbtest6 WHERE k BETWEEN 5941308 AND 5941408
	Bitmap Heap Scan on sbtest6  (cost=5.48..409.07 rows=102 width=125)
	  Recheck Cond: ((k >= 5941308) AND (k <= 5941408))
	  ->  Bitmap Index Scan on k_6  (cost=0.00..5.45 rows=102 width=0)
	        Index Cond: ((k >= 5941308) AND (k <= 5941408))

table 7 : explain SELECT k, c FROM sbtest7 WHERE k BETWEEN 5941308 AND 5941408
	Bitmap Heap Scan on sbtest7  (cost=5.51..420.88 rows=105 width=125)
	  Recheck Cond: ((k >= 5941308) AND (k <= 5941408))
	  ->  Bitmap Index Scan on k_7  (cost=0.00..5.48 rows=105 width=0)
	        Index Cond: ((k >= 5941308) AND (k <= 5941408))

table 8 : explain SELECT k, c FROM sbtest8 WHERE k BETWEEN 5941308 AND 5941408
	Bitmap Heap Scan on sbtest8  (cost=5.42..385.43 rows=96 width=125)
	  Recheck Cond: ((k >= 5941308) AND (k <= 5941408))
	  ->  Bitmap Index Scan on k_8  (cost=0.00..5.39 rows=96 width=0)
	        Index Cond: ((k >= 5941308) AND (k <= 5941408))

explain: for range-notcovered :: explain SELECT k, c FROM sbtest%d WHERE k BETWEEN 5531888 AND 5531988
for range-notcovered
table 1 : explain SELECT k, c FROM sbtest1 WHERE k BETWEEN 6041609 AND 6041709
	Bitmap Heap Scan on sbtest1  (cost=5.46..401.19 rows=100 width=125)
	  Recheck Cond: ((k >= 6041609) AND (k <= 6041709))
	  ->  Bitmap Index Scan on k_1  (cost=0.00..5.43 rows=100 width=0)
	        Index Cond: ((k >= 6041609) AND (k <= 6041709))

table 2 : explain SELECT k, c FROM sbtest2 WHERE k BETWEEN 6041609 AND 6041709
	Bitmap Heap Scan on sbtest2  (cost=5.45..397.25 rows=99 width=125)
	  Recheck Cond: ((k >= 6041609) AND (k <= 6041709))
	  ->  Bitmap Index Scan on k_2  (cost=0.00..5.42 rows=99 width=0)
	        Index Cond: ((k >= 6041609) AND (k <= 6041709))

table 3 : explain SELECT k, c FROM sbtest3 WHERE k BETWEEN 6041609 AND 6041709
	Bitmap Heap Scan on sbtest3  (cost=5.52..424.81 rows=106 width=125)
	  Recheck Cond: ((k >= 6041609) AND (k <= 6041709))
	  ->  Bitmap Index Scan on k_3  (cost=0.00..5.50 rows=106 width=0)
	        Index Cond: ((k >= 6041609) AND (k <= 6041709))

table 4 : explain SELECT k, c FROM sbtest4 WHERE k BETWEEN 6041609 AND 6041709
	Bitmap Heap Scan on sbtest4  (cost=5.50..416.94 rows=104 width=125)
	  Recheck Cond: ((k >= 6041609) AND (k <= 6041709))
	  ->  Bitmap Index Scan on k_4  (cost=0.00..5.47 rows=104 width=0)
	        Index Cond: ((k >= 6041609) AND (k <= 6041709))

table 5 : explain SELECT k, c FROM sbtest5 WHERE k BETWEEN 6041609 AND 6041709
	Bitmap Heap Scan on sbtest5  (cost=5.42..385.43 rows=96 width=125)
	  Recheck Cond: ((k >= 6041609) AND (k <= 6041709))
	  ->  Bitmap Index Scan on k_5  (cost=0.00..5.39 rows=96 width=0)
	        Index Cond: ((k >= 6041609) AND (k <= 6041709))

table 6 : explain SELECT k, c FROM sbtest6 WHERE k BETWEEN 6041609 AND 6041709
	Bitmap Heap Scan on sbtest6  (cost=5.44..393.31 rows=98 width=125)
	  Recheck Cond: ((k >= 6041609) AND (k <= 6041709))
	  ->  Bitmap Index Scan on k_6  (cost=0.00..5.42 rows=98 width=0)
	        Index Cond: ((k >= 6041609) AND (k <= 6041709))

table 7 : explain SELECT k, c FROM sbtest7 WHERE k BETWEEN 6041609 AND 6041709
	Bitmap Heap Scan on sbtest7  (cost=5.54..432.69 rows=108 width=125)
	  Recheck Cond: ((k >= 6041609) AND (k <= 6041709))
	  ->  Bitmap Index Scan on k_7  (cost=0.00..5.51 rows=108 width=0)
	        Index Cond: ((k >= 6041609) AND (k <= 6041709))

table 8 : explain SELECT k, c FROM sbtest8 WHERE k BETWEEN 6041609 AND 6041709
	Bitmap Heap Scan on sbtest8  (cost=5.41..381.49 rows=95 width=125)
	  Recheck Cond: ((k >= 6041609) AND (k <= 6041709))
	  ->  Bitmap Index Scan on k_8  (cost=0.00..5.38 rows=95 width=0)
	        Index Cond: ((k >= 6041609) AND (k <= 6041709))

explain: for range-notcovered :: explain SELECT k, c FROM sbtest%d WHERE k BETWEEN 5941308 AND 5941408
for range-notcovered
table 1 : explain SELECT k, c FROM sbtest1 WHERE k BETWEEN 6792623 AND 6792723
	Bitmap Heap Scan on sbtest1  (cost=5.47..405.13 rows=101 width=125)
	  Recheck Cond: ((k >= 6792623) AND (k <= 6792723))
	  ->  Bitmap Index Scan on k_1  (cost=0.00..5.44 rows=101 width=0)
	        Index Cond: ((k >= 6792623) AND (k <= 6792723))

table 2 : explain SELECT k, c FROM sbtest2 WHERE k BETWEEN 6792623 AND 6792723
	Bitmap Heap Scan on sbtest2  (cost=5.47..405.13 rows=101 width=125)
	  Recheck Cond: ((k >= 6792623) AND (k <= 6792723))
	  ->  Bitmap Index Scan on k_2  (cost=0.00..5.44 rows=101 width=0)
	        Index Cond: ((k >= 6792623) AND (k <= 6792723))

table 3 : explain SELECT k, c FROM sbtest3 WHERE k BETWEEN 6792623 AND 6792723
	Bitmap Heap Scan on sbtest3  (cost=5.54..432.69 rows=108 width=125)
	  Recheck Cond: ((k >= 6792623) AND (k <= 6792723))
	  ->  Bitmap Index Scan on k_3  (cost=0.00..5.51 rows=108 width=0)
	        Index Cond: ((k >= 6792623) AND (k <= 6792723))

table 4 : explain SELECT k, c FROM sbtest4 WHERE k BETWEEN 6792623 AND 6792723
	Bitmap Heap Scan on sbtest4  (cost=5.50..416.94 rows=104 width=125)
	  Recheck Cond: ((k >= 6792623) AND (k <= 6792723))
	  ->  Bitmap Index Scan on k_4  (cost=0.00..5.47 rows=104 width=0)
	        Index Cond: ((k >= 6792623) AND (k <= 6792723))

table 5 : explain SELECT k, c FROM sbtest5 WHERE k BETWEEN 6792623 AND 6792723
	Bitmap Heap Scan on sbtest5  (cost=5.54..432.69 rows=108 width=125)
	  Recheck Cond: ((k >= 6792623) AND (k <= 6792723))
	  ->  Bitmap Index Scan on k_5  (cost=0.00..5.51 rows=108 width=0)
	        Index Cond: ((k >= 6792623) AND (k <= 6792723))

table 6 : explain SELECT k, c FROM sbtest6 WHERE k BETWEEN 6792623 AND 6792723
	Bitmap Heap Scan on sbtest6  (cost=5.44..393.31 rows=98 width=125)
	  Recheck Cond: ((k >= 6792623) AND (k <= 6792723))
	  ->  Bitmap Index Scan on k_6  (cost=0.00..5.42 rows=98 width=0)
	        Index Cond: ((k >= 6792623) AND (k <= 6792723))

table 7 : explain SELECT k, c FROM sbtest7 WHERE k BETWEEN 6792623 AND 6792723
	Bitmap Heap Scan on sbtest7  (cost=5.51..420.88 rows=105 width=125)
	  Recheck Cond: ((k >= 6792623) AND (k <= 6792723))
	  ->  Bitmap Index Scan on k_7  (cost=0.00..5.48 rows=105 width=0)
	        Index Cond: ((k >= 6792623) AND (k <= 6792723))

table 8 : explain SELECT k, c FROM sbtest8 WHERE k BETWEEN 6792623 AND 6792723
	Bitmap Heap Scan on sbtest8  (cost=5.49..413.00 rows=103 width=125)
	  Recheck Cond: ((k >= 6792623) AND (k <= 6792723))
	  ->  Bitmap Index Scan on k_8  (cost=0.00..5.46 rows=103 width=0)
	        Index Cond: ((k >= 6792623) AND (k <= 6792723))

for range-notcovered
table 1 : explain SELECT k, c FROM sbtest1 WHERE k BETWEEN 5053687 AND 5053787
	Bitmap Heap Scan on sbtest1  (cost=5.50..416.94 rows=104 width=125)
	  Recheck Cond: ((k >= 5053687) AND (k <= 5053787))
	  ->  Bitmap Index Scan on k_1  (cost=0.00..5.47 rows=104 width=0)
	        Index Cond: ((k >= 5053687) AND (k <= 5053787))

table 2 : explain SELECT k, c FROM sbtest2 WHERE k BETWEEN 5053687 AND 5053787
	Bitmap Heap Scan on sbtest2  (cost=5.50..416.94 rows=104 width=125)
	  Recheck Cond: ((k >= 5053687) AND (k <= 5053787))
	  ->  Bitmap Index Scan on k_2  (cost=0.00..5.47 rows=104 width=0)
	        Index Cond: ((k >= 5053687) AND (k <= 5053787))

table 3 : explain SELECT k, c FROM sbtest3 WHERE k BETWEEN 5053687 AND 5053787
	Bitmap Heap Scan on sbtest3  (cost=5.59..452.36 rows=113 width=125)
	  Recheck Cond: ((k >= 5053687) AND (k <= 5053787))
	  ->  Bitmap Index Scan on k_3  (cost=0.00..5.56 rows=113 width=0)
	        Index Cond: ((k >= 5053687) AND (k <= 5053787))

table 4 : explain SELECT k, c FROM sbtest4 WHERE k BETWEEN 5053687 AND 5053787
	Bitmap Heap Scan on sbtest4  (cost=5.64..472.02 rows=118 width=125)
	  Recheck Cond: ((k >= 5053687) AND (k <= 5053787))
	  ->  Bitmap Index Scan on k_4  (cost=0.00..5.61 rows=118 width=0)
	        Index Cond: ((k >= 5053687) AND (k <= 5053787))

table 5 : explain SELECT k, c FROM sbtest5 WHERE k BETWEEN 5053687 AND 5053787
	Bitmap Heap Scan on sbtest5  (cost=5.38..369.67 rows=92 width=125)
	  Recheck Cond: ((k >= 5053687) AND (k <= 5053787))
	  ->  Bitmap Index Scan on k_5  (cost=0.00..5.35 rows=92 width=0)
	        Index Cond: ((k >= 5053687) AND (k <= 5053787))

table 6 : explain SELECT k, c FROM sbtest6 WHERE k BETWEEN 5053687 AND 5053787
	Bitmap Heap Scan on sbtest6  (cost=5.40..377.55 rows=94 width=125)
	  Recheck Cond: ((k >= 5053687) AND (k <= 5053787))
	  ->  Bitmap Index Scan on k_6  (cost=0.00..5.38 rows=94 width=0)
	        Index Cond: ((k >= 5053687) AND (k <= 5053787))

table 7 : explain SELECT k, c FROM sbtest7 WHERE k BETWEEN 5053687 AND 5053787
	Bitmap Heap Scan on sbtest7  (cost=5.48..409.07 rows=102 width=125)
	  Recheck Cond: ((k >= 5053687) AND (k <= 5053787))
	  ->  Bitmap Index Scan on k_7  (cost=0.00..5.45 rows=102 width=0)
	        Index Cond: ((k >= 5053687) AND (k <= 5053787))

table 8 : explain SELECT k, c FROM sbtest8 WHERE k BETWEEN 5053687 AND 5053787
	Bitmap Heap Scan on sbtest8  (cost=5.50..416.94 rows=104 width=125)
	  Recheck Cond: ((k >= 5053687) AND (k <= 5053787))
	  ->  Bitmap Index Scan on k_8  (cost=0.00..5.47 rows=104 width=0)
	        Index Cond: ((k >= 5053687) AND (k <= 5053787))

explain: for range-notcovered :: explain SELECT k, c FROM sbtest%d WHERE k BETWEEN 6041609 AND 6041709
explain: for range-notcovered :: explain SELECT k, c FROM sbtest%d WHERE k BETWEEN 6792623 AND 6792723
for range-notcovered
table 1 : explain SELECT k, c FROM sbtest1 WHERE k BETWEEN 6171319 AND 6171419
	Bitmap Heap Scan on sbtest1  (cost=5.41..381.49 rows=95 width=125)
	  Recheck Cond: ((k >= 6171319) AND (k <= 6171419))
	  ->  Bitmap Index Scan on k_1  (cost=0.00..5.38 rows=95 width=0)
	        Index Cond: ((k >= 6171319) AND (k <= 6171419))

table 2 : explain SELECT k, c FROM sbtest2 WHERE k BETWEEN 6171319 AND 6171419
	Bitmap Heap Scan on sbtest2  (cost=5.54..432.69 rows=108 width=125)
	  Recheck Cond: ((k >= 6171319) AND (k <= 6171419))
	  ->  Bitmap Index Scan on k_2  (cost=0.00..5.51 rows=108 width=0)
	        Index Cond: ((k >= 6171319) AND (k <= 6171419))

table 3 : explain SELECT k, c FROM sbtest3 WHERE k BETWEEN 6171319 AND 6171419
	Bitmap Heap Scan on sbtest3  (cost=5.43..389.37 rows=97 width=125)
	  Recheck Cond: ((k >= 6171319) AND (k <= 6171419))
	  ->  Bitmap Index Scan on k_3  (cost=0.00..5.40 rows=97 width=0)
	        Index Cond: ((k >= 6171319) AND (k <= 6171419))

table 4 : explain SELECT k, c FROM sbtest4 WHERE k BETWEEN 6171319 AND 6171419
	Bitmap Heap Scan on sbtest4  (cost=5.34..353.89 rows=88 width=125)
	  Recheck Cond: ((k >= 6171319) AND (k <= 6171419))
	  ->  Bitmap Index Scan on k_4  (cost=0.00..5.31 rows=88 width=0)
	        Index Cond: ((k >= 6171319) AND (k <= 6171419))

table 5 : explain SELECT k, c FROM sbtest5 WHERE k BETWEEN 6171319 AND 6171419
	Bitmap Heap Scan on sbtest5  (cost=5.38..369.67 rows=92 width=125)
	  Recheck Cond: ((k >= 6171319) AND (k <= 6171419))
	  ->  Bitmap Index Scan on k_5  (cost=0.00..5.35 rows=92 width=0)
	        Index Cond: ((k >= 6171319) AND (k <= 6171419))

table 6 : explain SELECT k, c FROM sbtest6 WHERE k BETWEEN 6171319 AND 6171419
	Bitmap Heap Scan on sbtest6  (cost=5.42..385.43 rows=96 width=125)
	  Recheck Cond: ((k >= 6171319) AND (k <= 6171419))
	  ->  Bitmap Index Scan on k_6  (cost=0.00..5.39 rows=96 width=0)
	        Index Cond: ((k >= 6171319) AND (k <= 6171419))

table 7 : explain SELECT k, c FROM sbtest7 WHERE k BETWEEN 6171319 AND 6171419
	Bitmap Heap Scan on sbtest7  (cost=5.50..416.94 rows=104 width=125)
	  Recheck Cond: ((k >= 6171319) AND (k <= 6171419))
	  ->  Bitmap Index Scan on k_7  (cost=0.00..5.47 rows=104 width=0)
	        Index Cond: ((k >= 6171319) AND (k <= 6171419))

table 8 : explain SELECT k, c FROM sbtest8 WHERE k BETWEEN 6171319 AND 6171419
	Bitmap Heap Scan on sbtest8  (cost=5.54..432.69 rows=108 width=125)
	  Recheck Cond: ((k >= 6171319) AND (k <= 6171419))
	  ->  Bitmap Index Scan on k_8  (cost=0.00..5.51 rows=108 width=0)
	        Index Cond: ((k >= 6171319) AND (k <= 6171419))

for range-notcovered
table 1 : explain SELECT k, c FROM sbtest1 WHERE k BETWEEN 4323170 AND 4323270
	Bitmap Heap Scan on sbtest1  (cost=5.43..389.37 rows=97 width=125)
	  Recheck Cond: ((k >= 4323170) AND (k <= 4323270))
	  ->  Bitmap Index Scan on k_1  (cost=0.00..5.40 rows=97 width=0)
	        Index Cond: ((k >= 4323170) AND (k <= 4323270))

table 2 : explain SELECT k, c FROM sbtest2 WHERE k BETWEEN 4323170 AND 4323270
	Bitmap Heap Scan on sbtest2  (cost=5.53..428.75 rows=107 width=125)
	  Recheck Cond: ((k >= 4323170) AND (k <= 4323270))
	  ->  Bitmap Index Scan on k_2  (cost=0.00..5.50 rows=107 width=0)
	        Index Cond: ((k >= 4323170) AND (k <= 4323270))

table 3 : explain SELECT k, c FROM sbtest3 WHERE k BETWEEN 4323170 AND 4323270
	Bitmap Heap Scan on sbtest3  (cost=5.48..409.07 rows=102 width=125)
	  Recheck Cond: ((k >= 4323170) AND (k <= 4323270))
	  ->  Bitmap Index Scan on k_3  (cost=0.00..5.45 rows=102 width=0)
	        Index Cond: ((k >= 4323170) AND (k <= 4323270))

table 4 : explain SELECT k, c FROM sbtest4 WHERE k BETWEEN 4323170 AND 4323270
	Bitmap Heap Scan on sbtest4  (cost=5.56..440.56 rows=110 width=125)
	  Recheck Cond: ((k >= 4323170) AND (k <= 4323270))
	  ->  Bitmap Index Scan on k_4  (cost=0.00..5.53 rows=110 width=0)
	        Index Cond: ((k >= 4323170) AND (k <= 4323270))

table 5 : explain SELECT k, c FROM sbtest5 WHERE k BETWEEN 4323170 AND 4323270
	Bitmap Heap Scan on sbtest5  (cost=5.49..413.00 rows=103 width=125)
	  Recheck Cond: ((k >= 4323170) AND (k <= 4323270))
	  ->  Bitmap Index Scan on k_5  (cost=0.00..5.46 rows=103 width=0)
	        Index Cond: ((k >= 4323170) AND (k <= 4323270))

table 6 : explain SELECT k, c FROM sbtest6 WHERE k BETWEEN 4323170 AND 4323270
	Bitmap Heap Scan on sbtest6  (cost=5.55..436.62 rows=109 width=125)
	  Recheck Cond: ((k >= 4323170) AND (k <= 4323270))
	  ->  Bitmap Index Scan on k_6  (cost=0.00..5.52 rows=109 width=0)
	        Index Cond: ((k >= 4323170) AND (k <= 4323270))

table 7 : explain SELECT k, c FROM sbtest7 WHERE k BETWEEN 4323170 AND 4323270
	Bitmap Heap Scan on sbtest7  (cost=5.42..385.43 rows=96 width=125)
	  Recheck Cond: ((k >= 4323170) AND (k <= 4323270))
	  ->  Bitmap Index Scan on k_7  (cost=0.00..5.39 rows=96 width=0)
	        Index Cond: ((k >= 4323170) AND (k <= 4323270))

table 8 : explain SELECT k, c FROM sbtest8 WHERE k BETWEEN 4323170 AND 4323270
	Bitmap Heap Scan on sbtest8  (cost=5.46..401.19 rows=100 width=125)
	  Recheck Cond: ((k >= 4323170) AND (k <= 4323270))
	  ->  Bitmap Index Scan on k_8  (cost=0.00..5.43 rows=100 width=0)
	        Index Cond: ((k >= 4323170) AND (k <= 4323270))

for range-notcovered
table 1 : explain SELECT k, c FROM sbtest1 WHERE k BETWEEN 5531888 AND 5531988
	Bitmap Heap Scan on sbtest1  (cost=5.55..436.62 rows=109 width=125)
	  Recheck Cond: ((k >= 5531888) AND (k <= 5531988))
	  ->  Bitmap Index Scan on k_1  (cost=0.00..5.52 rows=109 width=0)
	        Index Cond: ((k >= 5531888) AND (k <= 5531988))

table 2 : explain SELECT k, c FROM sbtest2 WHERE k BETWEEN 5531888 AND 5531988
	Bitmap Heap Scan on sbtest2  (cost=5.50..416.94 rows=104 width=125)
	  Recheck Cond: ((k >= 5531888) AND (k <= 5531988))
	  ->  Bitmap Index Scan on k_2  (cost=0.00..5.47 rows=104 width=0)
	        Index Cond: ((k >= 5531888) AND (k <= 5531988))

table 3 : explain SELECT k, c FROM sbtest3 WHERE k BETWEEN 5531888 AND 5531988
	Bitmap Heap Scan on sbtest3  (cost=5.49..413.00 rows=103 width=125)
	  Recheck Cond: ((k >= 5531888) AND (k <= 5531988))
	  ->  Bitmap Index Scan on k_3  (cost=0.00..5.46 rows=103 width=0)
	        Index Cond: ((k >= 5531888) AND (k <= 5531988))

table 4 : explain SELECT k, c FROM sbtest4 WHERE k BETWEEN 5531888 AND 5531988
	Bitmap Heap Scan on sbtest4  (cost=5.41..381.49 rows=95 width=125)
	  Recheck Cond: ((k >= 5531888) AND (k <= 5531988))
	  ->  Bitmap Index Scan on k_4  (cost=0.00..5.38 rows=95 width=0)
	        Index Cond: ((k >= 5531888) AND (k <= 5531988))

table 5 : explain SELECT k, c FROM sbtest5 WHERE k BETWEEN 5531888 AND 5531988
	Bitmap Heap Scan on sbtest5  (cost=5.58..448.42 rows=112 width=125)
	  Recheck Cond: ((k >= 5531888) AND (k <= 5531988))
	  ->  Bitmap Index Scan on k_5  (cost=0.00..5.55 rows=112 width=0)
	        Index Cond: ((k >= 5531888) AND (k <= 5531988))

table 6 : explain SELECT k, c FROM sbtest6 WHERE k BETWEEN 5531888 AND 5531988
	Bitmap Heap Scan on sbtest6  (cost=5.51..420.88 rows=105 width=125)
	  Recheck Cond: ((k >= 5531888) AND (k <= 5531988))
	  ->  Bitmap Index Scan on k_6  (cost=0.00..5.48 rows=105 width=0)
	        Index Cond: ((k >= 5531888) AND (k <= 5531988))

table 7 : explain SELECT k, c FROM sbtest7 WHERE k BETWEEN 5531888 AND 5531988
	Bitmap Heap Scan on sbtest7  (cost=5.45..397.25 rows=99 width=125)
	  Recheck Cond: ((k >= 5531888) AND (k <= 5531988))
	  ->  Bitmap Index Scan on k_7  (cost=0.00..5.42 rows=99 width=0)
	        Index Cond: ((k >= 5531888) AND (k <= 5531988))

table 8 : explain SELECT k, c FROM sbtest8 WHERE k BETWEEN 5531888 AND 5531988
	Bitmap Heap Scan on sbtest8  (cost=5.44..393.31 rows=98 width=125)
	  Recheck Cond: ((k >= 5531888) AND (k <= 5531988))
	  ->  Bitmap Index Scan on k_8  (cost=0.00..5.42 rows=98 width=0)
	        Index Cond: ((k >= 5531888) AND (k <= 5531988))
for range-notcovered
table 1 : explain SELECT k, c FROM sbtest1 WHERE k BETWEEN 7999302 AND 7999402
	Bitmap Heap Scan on sbtest1  (cost=5.51..420.88 rows=105 width=125)
	  Recheck Cond: ((k >= 7999302) AND (k <= 7999402))
	  ->  Bitmap Index Scan on k_1  (cost=0.00..5.48 rows=105 width=0)
	        Index Cond: ((k >= 7999302) AND (k <= 7999402))

table 2 : explain SELECT k, c FROM sbtest2 WHERE k BETWEEN 7999302 AND 7999402
	Bitmap Heap Scan on sbtest2  (cost=5.54..432.69 rows=108 width=125)
	  Recheck Cond: ((k >= 7999302) AND (k <= 7999402))
	  ->  Bitmap Index Scan on k_2  (cost=0.00..5.51 rows=108 width=0)
	        Index Cond: ((k >= 7999302) AND (k <= 7999402))

table 3 : explain SELECT k, c FROM sbtest3 WHERE k BETWEEN 7999302 AND 7999402
	Bitmap Heap Scan on sbtest3  (cost=5.42..385.43 rows=96 width=125)
	  Recheck Cond: ((k >= 7999302) AND (k <= 7999402))
	  ->  Bitmap Index Scan on k_3  (cost=0.00..5.39 rows=96 width=0)
	        Index Cond: ((k >= 7999302) AND (k <= 7999402))

table 4 : explain SELECT k, c FROM sbtest4 WHERE k BETWEEN 7999302 AND 7999402
	Bitmap Heap Scan on sbtest4  (cost=5.52..424.81 rows=106 width=125)
	  Recheck Cond: ((k >= 7999302) AND (k <= 7999402))
	  ->  Bitmap Index Scan on k_4  (cost=0.00..5.50 rows=106 width=0)
	        Index Cond: ((k >= 7999302) AND (k <= 7999402))

table 5 : explain SELECT k, c FROM sbtest5 WHERE k BETWEEN 7999302 AND 7999402
	Bitmap Heap Scan on sbtest5  (cost=5.36..361.78 rows=90 width=125)
	  Recheck Cond: ((k >= 7999302) AND (k <= 7999402))
	  ->  Bitmap Index Scan on k_5  (cost=0.00..5.33 rows=90 width=0)
	        Index Cond: ((k >= 7999302) AND (k <= 7999402))

table 6 : explain SELECT k, c FROM sbtest6 WHERE k BETWEEN 7999302 AND 7999402
	Bitmap Heap Scan on sbtest6  (cost=5.48..409.07 rows=102 width=125)
	  Recheck Cond: ((k >= 7999302) AND (k <= 7999402))
	  ->  Bitmap Index Scan on k_6  (cost=0.00..5.45 rows=102 width=0)
	        Index Cond: ((k >= 7999302) AND (k <= 7999402))

table 7 : explain SELECT k, c FROM sbtest7 WHERE k BETWEEN 7999302 AND 7999402
	Bitmap Heap Scan on sbtest7  (cost=5.40..377.55 rows=94 width=125)
	  Recheck Cond: ((k >= 7999302) AND (k <= 7999402))
	  ->  Bitmap Index Scan on k_7  (cost=0.00..5.38 rows=94 width=0)
	        Index Cond: ((k >= 7999302) AND (k <= 7999402))

table 8 : explain SELECT k, c FROM sbtest8 WHERE k BETWEEN 7999302 AND 7999402
	Bitmap Heap Scan on sbtest8  (cost=5.43..389.37 rows=97 width=125)
	  Recheck Cond: ((k >= 7999302) AND (k <= 7999402))
	  ->  Bitmap Index Scan on k_8  (cost=0.00..5.40 rows=97 width=0)
	        Index Cond: ((k >= 7999302) AND (k <= 7999402))


explain: for range-notcovered :: explain SELECT k, c FROM sbtest%d WHERE k BETWEEN 6171319 AND 6171419
explain: for range-notcovered :: explain SELECT k, c FROM sbtest%d WHERE k BETWEEN 4323170 AND 4323270explain: for range-notcovered :: explain SELECT k, c FROM sbtest%d WHERE k BETWEEN 5531888 AND 5531988

explain: for range-notcovered :: explain SELECT k, c FROM sbtest%d WHERE k BETWEEN 7999302 AND 7999402
explain: for range-notcovered :: explain SELECT k, c FROM sbtest%d WHERE k BETWEEN 5053687 AND 5053787
for range-notcovered
table 1 : explain SELECT k, c FROM sbtest1 WHERE k BETWEEN 6261132 AND 6261232
	Bitmap Heap Scan on sbtest1  (cost=5.53..428.75 rows=107 width=125)
	  Recheck Cond: ((k >= 6261132) AND (k <= 6261232))
	  ->  Bitmap Index Scan on k_1  (cost=0.00..5.50 rows=107 width=0)
	        Index Cond: ((k >= 6261132) AND (k <= 6261232))

table 2 : explain SELECT k, c FROM sbtest2 WHERE k BETWEEN 6261132 AND 6261232
	Bitmap Heap Scan on sbtest2  (cost=5.37..365.72 rows=91 width=125)
	  Recheck Cond: ((k >= 6261132) AND (k <= 6261232))
	  ->  Bitmap Index Scan on k_2  (cost=0.00..5.34 rows=91 width=0)
	        Index Cond: ((k >= 6261132) AND (k <= 6261232))

table 3 : explain SELECT k, c FROM sbtest3 WHERE k BETWEEN 6261132 AND 6261232
	Bitmap Heap Scan on sbtest3  (cost=5.50..416.94 rows=104 width=125)
	  Recheck Cond: ((k >= 6261132) AND (k <= 6261232))
	  ->  Bitmap Index Scan on k_3  (cost=0.00..5.47 rows=104 width=0)
	        Index Cond: ((k >= 6261132) AND (k <= 6261232))

table 4 : explain SELECT k, c FROM sbtest4 WHERE k BETWEEN 6261132 AND 6261232
	Bitmap Heap Scan on sbtest4  (cost=5.34..353.89 rows=88 width=125)
	  Recheck Cond: ((k >= 6261132) AND (k <= 6261232))
	  ->  Bitmap Index Scan on k_4  (cost=0.00..5.31 rows=88 width=0)
	        Index Cond: ((k >= 6261132) AND (k <= 6261232))

table 5 : explain SELECT k, c FROM sbtest5 WHERE k BETWEEN 6261132 AND 6261232
	Bitmap Heap Scan on sbtest5  (cost=5.48..409.07 rows=102 width=125)
	  Recheck Cond: ((k >= 6261132) AND (k <= 6261232))
	  ->  Bitmap Index Scan on k_5  (cost=0.00..5.45 rows=102 width=0)
	        Index Cond: ((k >= 6261132) AND (k <= 6261232))

table 6 : explain SELECT k, c FROM sbtest6 WHERE k BETWEEN 6261132 AND 6261232
	Bitmap Heap Scan on sbtest6  (cost=5.47..405.13 rows=101 width=125)
	  Recheck Cond: ((k >= 6261132) AND (k <= 6261232))
	  ->  Bitmap Index Scan on k_6  (cost=0.00..5.44 rows=101 width=0)
	        Index Cond: ((k >= 6261132) AND (k <= 6261232))

table 7 : explain SELECT k, c FROM sbtest7 WHERE k BETWEEN 6261132 AND 6261232
	Bitmap Heap Scan on sbtest7  (cost=5.51..420.88 rows=105 width=125)
	  Recheck Cond: ((k >= 6261132) AND (k <= 6261232))
	  ->  Bitmap Index Scan on k_7  (cost=0.00..5.48 rows=105 width=0)
	        Index Cond: ((k >= 6261132) AND (k <= 6261232))

table 8 : explain SELECT k, c FROM sbtest8 WHERE k BETWEEN 6261132 AND 6261232
	Bitmap Heap Scan on sbtest8  (cost=5.52..424.81 rows=106 width=125)
	  Recheck Cond: ((k >= 6261132) AND (k <= 6261232))
	  ->  Bitmap Index Scan on k_8  (cost=0.00..5.50 rows=106 width=0)
	        Index Cond: ((k >= 6261132) AND (k <= 6261232))

for range-notcovered
table 1 : explain SELECT k, c FROM sbtest1 WHERE k BETWEEN 3890726 AND 3890826
	Bitmap Heap Scan on sbtest1  (cost=5.43..389.37 rows=97 width=125)
	  Recheck Cond: ((k >= 3890726) AND (k <= 3890826))
	  ->  Bitmap Index Scan on k_1  (cost=0.00..5.40 rows=97 width=0)
	        Index Cond: ((k >= 3890726) AND (k <= 3890826))

table 2 : explain SELECT k, c FROM sbtest2 WHERE k BETWEEN 3890726 AND 3890826
	Bitmap Heap Scan on sbtest2  (cost=5.46..401.19 rows=100 width=125)
	  Recheck Cond: ((k >= 3890726) AND (k <= 3890826))
	  ->  Bitmap Index Scan on k_2  (cost=0.00..5.43 rows=100 width=0)
	        Index Cond: ((k >= 3890726) AND (k <= 3890826))

table 3 : explain SELECT k, c FROM sbtest3 WHERE k BETWEEN 3890726 AND 3890826
	Bitmap Heap Scan on sbtest3  (cost=5.44..393.31 rows=98 width=125)
	  Recheck Cond: ((k >= 3890726) AND (k <= 3890826))
	  ->  Bitmap Index Scan on k_3  (cost=0.00..5.42 rows=98 width=0)
	        Index Cond: ((k >= 3890726) AND (k <= 3890826))

table 4 : explain SELECT k, c FROM sbtest4 WHERE k BETWEEN 3890726 AND 3890826
	Bitmap Heap Scan on sbtest4  (cost=5.39..373.61 rows=93 width=125)
	  Recheck Cond: ((k >= 3890726) AND (k <= 3890826))
	  ->  Bitmap Index Scan on k_4  (cost=0.00..5.36 rows=93 width=0)
	        Index Cond: ((k >= 3890726) AND (k <= 3890826))

table 5 : explain SELECT k, c FROM sbtest5 WHERE k BETWEEN 3890726 AND 3890826
	Bitmap Heap Scan on sbtest5  (cost=5.51..420.88 rows=105 width=125)
	  Recheck Cond: ((k >= 3890726) AND (k <= 3890826))
	  ->  Bitmap Index Scan on k_5  (cost=0.00..5.48 rows=105 width=0)
	        Index Cond: ((k >= 3890726) AND (k <= 3890826))

table 6 : explain SELECT k, c FROM sbtest6 WHERE k BETWEEN 3890726 AND 3890826
	Bitmap Heap Scan on sbtest6  (cost=5.49..413.00 rows=103 width=125)
	  Recheck Cond: ((k >= 3890726) AND (k <= 3890826))
	  ->  Bitmap Index Scan on k_6  (cost=0.00..5.46 rows=103 width=0)
	        Index Cond: ((k >= 3890726) AND (k <= 3890826))

table 7 : explain SELECT k, c FROM sbtest7 WHERE k BETWEEN 3890726 AND 3890826
	Bitmap Heap Scan on sbtest7  (cost=5.55..436.62 rows=109 width=125)
	  Recheck Cond: ((k >= 3890726) AND (k <= 3890826))
	  ->  Bitmap Index Scan on k_7  (cost=0.00..5.52 rows=109 width=0)
	        Index Cond: ((k >= 3890726) AND (k <= 3890826))

table 8 : explain SELECT k, c FROM sbtest8 WHERE k BETWEEN 3890726 AND 3890826
	Bitmap Heap Scan on sbtest8  (cost=5.48..409.07 rows=102 width=125)
	  Recheck Cond: ((k >= 3890726) AND (k <= 3890826))
	  ->  Bitmap Index Scan on k_8  (cost=0.00..5.45 rows=102 width=0)
	        Index Cond: ((k >= 3890726) AND (k <= 3890826))

explain: for range-notcovered :: explain SELECT k, c FROM sbtest%d WHERE k BETWEEN 6261132 AND 6261232
explain: for range-notcovered :: explain SELECT k, c FROM sbtest%d WHERE k BETWEEN 3890726 AND 3890826
for range-notcovered
table 1 : explain SELECT k, c FROM sbtest1 WHERE k BETWEEN 6171319 AND 6171419
	Bitmap Heap Scan on sbtest1  (cost=5.41..381.49 rows=95 width=125)
	  Recheck Cond: ((k >= 6171319) AND (k <= 6171419))
	  ->  Bitmap Index Scan on k_1  (cost=0.00..5.38 rows=95 width=0)
	        Index Cond: ((k >= 6171319) AND (k <= 6171419))

table 2 : explain SELECT k, c FROM sbtest2 WHERE k BETWEEN 6171319 AND 6171419
	Bitmap Heap Scan on sbtest2  (cost=5.54..432.69 rows=108 width=125)
	  Recheck Cond: ((k >= 6171319) AND (k <= 6171419))
	  ->  Bitmap Index Scan on k_2  (cost=0.00..5.51 rows=108 width=0)
	        Index Cond: ((k >= 6171319) AND (k <= 6171419))

table 3 : explain SELECT k, c FROM sbtest3 WHERE k BETWEEN 6171319 AND 6171419
	Bitmap Heap Scan on sbtest3  (cost=5.43..389.37 rows=97 width=125)
	  Recheck Cond: ((k >= 6171319) AND (k <= 6171419))
	  ->  Bitmap Index Scan on k_3  (cost=0.00..5.40 rows=97 width=0)
	        Index Cond: ((k >= 6171319) AND (k <= 6171419))

table 4 : explain SELECT k, c FROM sbtest4 WHERE k BETWEEN 6171319 AND 6171419
	Bitmap Heap Scan on sbtest4  (cost=5.34..353.89 rows=88 width=125)
	  Recheck Cond: ((k >= 6171319) AND (k <= 6171419))
	  ->  Bitmap Index Scan on k_4  (cost=0.00..5.31 rows=88 width=0)
	        Index Cond: ((k >= 6171319) AND (k <= 6171419))

table 5 : explain SELECT k, c FROM sbtest5 WHERE k BETWEEN 6171319 AND 6171419
	Bitmap Heap Scan on sbtest5  (cost=5.38..369.67 rows=92 width=125)
	  Recheck Cond: ((k >= 6171319) AND (k <= 6171419))
	  ->  Bitmap Index Scan on k_5  (cost=0.00..5.35 rows=92 width=0)
	        Index Cond: ((k >= 6171319) AND (k <= 6171419))

table 6 : explain SELECT k, c FROM sbtest6 WHERE k BETWEEN 6171319 AND 6171419
	Bitmap Heap Scan on sbtest6  (cost=5.42..385.43 rows=96 width=125)
	  Recheck Cond: ((k >= 6171319) AND (k <= 6171419))
	  ->  Bitmap Index Scan on k_6  (cost=0.00..5.39 rows=96 width=0)
	        Index Cond: ((k >= 6171319) AND (k <= 6171419))

table 7 : explain SELECT k, c FROM sbtest7 WHERE k BETWEEN 6171319 AND 6171419
	Bitmap Heap Scan on sbtest7  (cost=5.50..416.94 rows=104 width=125)
	  Recheck Cond: ((k >= 6171319) AND (k <= 6171419))
	  ->  Bitmap Index Scan on k_7  (cost=0.00..5.47 rows=104 width=0)
	        Index Cond: ((k >= 6171319) AND (k <= 6171419))

table 8 : explain SELECT k, c FROM sbtest8 WHERE k BETWEEN 6171319 AND 6171419
	Bitmap Heap Scan on sbtest8  (cost=5.54..432.69 rows=108 width=125)
	  Recheck Cond: ((k >= 6171319) AND (k <= 6171419))
	  ->  Bitmap Index Scan on k_8  (cost=0.00..5.51 rows=108 width=0)
	        Index Cond: ((k >= 6171319) AND (k <= 6171419))

explain: for range-notcovered :: explain SELECT k, c FROM sbtest%d WHERE k BETWEEN 6171319 AND 6171419
for range-notcovered
table 1 : explain SELECT k, c FROM sbtest1 WHERE k BETWEEN 7999302 AND 7999402
	Bitmap Heap Scan on sbtest1  (cost=5.51..420.88 rows=105 width=125)
	  Recheck Cond: ((k >= 7999302) AND (k <= 7999402))
	  ->  Bitmap Index Scan on k_1  (cost=0.00..5.48 rows=105 width=0)
	        Index Cond: ((k >= 7999302) AND (k <= 7999402))

table 2 : explain SELECT k, c FROM sbtest2 WHERE k BETWEEN 7999302 AND 7999402
	Bitmap Heap Scan on sbtest2  (cost=5.54..432.69 rows=108 width=125)
	  Recheck Cond: ((k >= 7999302) AND (k <= 7999402))
	  ->  Bitmap Index Scan on k_2  (cost=0.00..5.51 rows=108 width=0)
	        Index Cond: ((k >= 7999302) AND (k <= 7999402))

table 3 : explain SELECT k, c FROM sbtest3 WHERE k BETWEEN 7999302 AND 7999402
	Bitmap Heap Scan on sbtest3  (cost=5.42..385.43 rows=96 width=125)
	  Recheck Cond: ((k >= 7999302) AND (k <= 7999402))
	  ->  Bitmap Index Scan on k_3  (cost=0.00..5.39 rows=96 width=0)
	        Index Cond: ((k >= 7999302) AND (k <= 7999402))

table 4 : explain SELECT k, c FROM sbtest4 WHERE k BETWEEN 7999302 AND 7999402
	Bitmap Heap Scan on sbtest4  (cost=5.52..424.81 rows=106 width=125)
	  Recheck Cond: ((k >= 7999302) AND (k <= 7999402))
	  ->  Bitmap Index Scan on k_4  (cost=0.00..5.50 rows=106 width=0)
	        Index Cond: ((k >= 7999302) AND (k <= 7999402))

table 5 : explain SELECT k, c FROM sbtest5 WHERE k BETWEEN 7999302 AND 7999402
	Bitmap Heap Scan on sbtest5  (cost=5.36..361.78 rows=90 width=125)
	  Recheck Cond: ((k >= 7999302) AND (k <= 7999402))
	  ->  Bitmap Index Scan on k_5  (cost=0.00..5.33 rows=90 width=0)
	        Index Cond: ((k >= 7999302) AND (k <= 7999402))

table 6 : explain SELECT k, c FROM sbtest6 WHERE k BETWEEN 7999302 AND 7999402
	Bitmap Heap Scan on sbtest6  (cost=5.48..409.07 rows=102 width=125)
	  Recheck Cond: ((k >= 7999302) AND (k <= 7999402))
	  ->  Bitmap Index Scan on k_6  (cost=0.00..5.45 rows=102 width=0)
	        Index Cond: ((k >= 7999302) AND (k <= 7999402))

table 7 : explain SELECT k, c FROM sbtest7 WHERE k BETWEEN 7999302 AND 7999402
	Bitmap Heap Scan on sbtest7  (cost=5.40..377.55 rows=94 width=125)
	  Recheck Cond: ((k >= 7999302) AND (k <= 7999402))
	  ->  Bitmap Index Scan on k_7  (cost=0.00..5.38 rows=94 width=0)
	        Index Cond: ((k >= 7999302) AND (k <= 7999402))

table 8 : explain SELECT k, c FROM sbtest8 WHERE k BETWEEN 7999302 AND 7999402
	Bitmap Heap Scan on sbtest8  (cost=5.43..389.37 rows=97 width=125)
	  Recheck Cond: ((k >= 7999302) AND (k <= 7999402))
	  ->  Bitmap Index Scan on k_8  (cost=0.00..5.40 rows=97 width=0)
	        Index Cond: ((k >= 7999302) AND (k <= 7999402))

for range-notcovered
table 1 : explain SELECT k, c FROM sbtest1 WHERE k BETWEEN 5531888 AND 5531988
	Bitmap Heap Scan on sbtest1  (cost=5.55..436.62 rows=109 width=125)
	  Recheck Cond: ((k >= 5531888) AND (k <= 5531988))
	  ->  Bitmap Index Scan on k_1  (cost=0.00..5.52 rows=109 width=0)
	        Index Cond: ((k >= 5531888) AND (k <= 5531988))

table 2 : explain SELECT k, c FROM sbtest2 WHERE k BETWEEN 5531888 AND 5531988
	Bitmap Heap Scan on sbtest2  (cost=5.50..416.94 rows=104 width=125)
	  Recheck Cond: ((k >= 5531888) AND (k <= 5531988))
	  ->  Bitmap Index Scan on k_2  (cost=0.00..5.47 rows=104 width=0)
	        Index Cond: ((k >= 5531888) AND (k <= 5531988))

table 3 : explain SELECT k, c FROM sbtest3 WHERE k BETWEEN 5531888 AND 5531988
	Bitmap Heap Scan on sbtest3  (cost=5.49..413.00 rows=103 width=125)
	  Recheck Cond: ((k >= 5531888) AND (k <= 5531988))
	  ->  Bitmap Index Scan on k_3  (cost=0.00..5.46 rows=103 width=0)
	        Index Cond: ((k >= 5531888) AND (k <= 5531988))

table 4 : explain SELECT k, c FROM sbtest4 WHERE k BETWEEN 5531888 AND 5531988
	Bitmap Heap Scan on sbtest4  (cost=5.41..381.49 rows=95 width=125)
	  Recheck Cond: ((k >= 5531888) AND (k <= 5531988))
	  ->  Bitmap Index Scan on k_4  (cost=0.00..5.38 rows=95 width=0)
	        Index Cond: ((k >= 5531888) AND (k <= 5531988))

table 5 : explain SELECT k, c FROM sbtest5 WHERE k BETWEEN 5531888 AND 5531988
	Bitmap Heap Scan on sbtest5  (cost=5.58..448.42 rows=112 width=125)
	  Recheck Cond: ((k >= 5531888) AND (k <= 5531988))
	  ->  Bitmap Index Scan on k_5  (cost=0.00..5.55 rows=112 width=0)
	        Index Cond: ((k >= 5531888) AND (k <= 5531988))

table 6 : explain SELECT k, c FROM sbtest6 WHERE k BETWEEN 5531888 AND 5531988
	Bitmap Heap Scan on sbtest6  (cost=5.51..420.88 rows=105 width=125)
	  Recheck Cond: ((k >= 5531888) AND (k <= 5531988))
	  ->  Bitmap Index Scan on k_6  (cost=0.00..5.48 rows=105 width=0)
	        Index Cond: ((k >= 5531888) AND (k <= 5531988))

table 7 : explain SELECT k, c FROM sbtest7 WHERE k BETWEEN 5531888 AND 5531988
	Bitmap Heap Scan on sbtest7  (cost=5.45..397.25 rows=99 width=125)
	  Recheck Cond: ((k >= 5531888) AND (k <= 5531988))
	  ->  Bitmap Index Scan on k_7  (cost=0.00..5.42 rows=99 width=0)
	        Index Cond: ((k >= 5531888) AND (k <= 5531988))

table 8 : explain SELECT k, c FROM sbtest8 WHERE k BETWEEN 5531888 AND 5531988
	Bitmap Heap Scan on sbtest8  (cost=5.44..393.31 rows=98 width=125)
	  Recheck Cond: ((k >= 5531888) AND (k <= 5531988))
	  ->  Bitmap Index Scan on k_8  (cost=0.00..5.42 rows=98 width=0)
	        Index Cond: ((k >= 5531888) AND (k <= 5531988))

explain: for range-notcovered :: explain SELECT k, c FROM sbtest%d WHERE k BETWEEN 7999302 AND 7999402
explain: for range-notcovered :: explain SELECT k, c FROM sbtest%d WHERE k BETWEEN 5531888 AND 5531988
for range-notcovered
table 1 : explain SELECT k, c FROM sbtest1 WHERE k BETWEEN 5941308 AND 5941408
	Bitmap Heap Scan on sbtest1  (cost=5.49..413.00 rows=103 width=125)
	  Recheck Cond: ((k >= 5941308) AND (k <= 5941408))
	  ->  Bitmap Index Scan on k_1  (cost=0.00..5.46 rows=103 width=0)
	        Index Cond: ((k >= 5941308) AND (k <= 5941408))

table 2 : explain SELECT k, c FROM sbtest2 WHERE k BETWEEN 5941308 AND 5941408
	Bitmap Heap Scan on sbtest2  (cost=5.51..420.88 rows=105 width=125)
	  Recheck Cond: ((k >= 5941308) AND (k <= 5941408))
	  ->  Bitmap Index Scan on k_2  (cost=0.00..5.48 rows=105 width=0)
	        Index Cond: ((k >= 5941308) AND (k <= 5941408))

table 3 : explain SELECT k, c FROM sbtest3 WHERE k BETWEEN 5941308 AND 5941408
	Bitmap Heap Scan on sbtest3  (cost=5.49..413.00 rows=103 width=125)
	  Recheck Cond: ((k >= 5941308) AND (k <= 5941408))
	  ->  Bitmap Index Scan on k_3  (cost=0.00..5.46 rows=103 width=0)
	        Index Cond: ((k >= 5941308) AND (k <= 5941408))

table 4 : explain SELECT k, c FROM sbtest4 WHERE k BETWEEN 5941308 AND 5941408
	Bitmap Heap Scan on sbtest4  (cost=5.47..405.13 rows=101 width=125)
	  Recheck Cond: ((k >= 5941308) AND (k <= 5941408))
	  ->  Bitmap Index Scan on k_4  (cost=0.00..5.44 rows=101 width=0)
	        Index Cond: ((k >= 5941308) AND (k <= 5941408))

table 5 : explain SELECT k, c FROM sbtest5 WHERE k BETWEEN 5941308 AND 5941408
	Bitmap Heap Scan on sbtest5  (cost=5.42..385.43 rows=96 width=125)
	  Recheck Cond: ((k >= 5941308) AND (k <= 5941408))
	  ->  Bitmap Index Scan on k_5  (cost=0.00..5.39 rows=96 width=0)
	        Index Cond: ((k >= 5941308) AND (k <= 5941408))

table 6 : explain SELECT k, c FROM sbtest6 WHERE k BETWEEN 5941308 AND 5941408
	Bitmap Heap Scan on sbtest6  (cost=5.48..409.07 rows=102 width=125)
	  Recheck Cond: ((k >= 5941308) AND (k <= 5941408))
	  ->  Bitmap Index Scan on k_6  (cost=0.00..5.45 rows=102 width=0)
	        Index Cond: ((k >= 5941308) AND (k <= 5941408))

table 7 : explain SELECT k, c FROM sbtest7 WHERE k BETWEEN 5941308 AND 5941408
	Bitmap Heap Scan on sbtest7  (cost=5.51..420.88 rows=105 width=125)
	  Recheck Cond: ((k >= 5941308) AND (k <= 5941408))
	  ->  Bitmap Index Scan on k_7  (cost=0.00..5.48 rows=105 width=0)
	        Index Cond: ((k >= 5941308) AND (k <= 5941408))

table 8 : explain SELECT k, c FROM sbtest8 WHERE k BETWEEN 5941308 AND 5941408
	Bitmap Heap Scan on sbtest8  (cost=5.42..385.43 rows=96 width=125)
	  Recheck Cond: ((k >= 5941308) AND (k <= 5941408))
	  ->  Bitmap Index Scan on k_8  (cost=0.00..5.39 rows=96 width=0)
	        Index Cond: ((k >= 5941308) AND (k <= 5941408))

for range-notcovered
table 1 : explain SELECT k, c FROM sbtest1 WHERE k BETWEEN 6041609 AND 6041709
	Bitmap Heap Scan on sbtest1  (cost=5.46..401.19 rows=100 width=125)
	  Recheck Cond: ((k >= 6041609) AND (k <= 6041709))
	  ->  Bitmap Index Scan on k_1  (cost=0.00..5.43 rows=100 width=0)
	        Index Cond: ((k >= 6041609) AND (k <= 6041709))

table 2 : explain SELECT k, c FROM sbtest2 WHERE k BETWEEN 6041609 AND 6041709
	Bitmap Heap Scan on sbtest2  (cost=5.45..397.25 rows=99 width=125)
	  Recheck Cond: ((k >= 6041609) AND (k <= 6041709))
	  ->  Bitmap Index Scan on k_2  (cost=0.00..5.42 rows=99 width=0)
	        Index Cond: ((k >= 6041609) AND (k <= 6041709))

table 3 : explain SELECT k, c FROM sbtest3 WHERE k BETWEEN 6041609 AND 6041709
	Bitmap Heap Scan on sbtest3  (cost=5.52..424.81 rows=106 width=125)
	  Recheck Cond: ((k >= 6041609) AND (k <= 6041709))
	  ->  Bitmap Index Scan on k_3  (cost=0.00..5.50 rows=106 width=0)
	        Index Cond: ((k >= 6041609) AND (k <= 6041709))

table 4 : explain SELECT k, c FROM sbtest4 WHERE k BETWEEN 6041609 AND 6041709
	Bitmap Heap Scan on sbtest4  (cost=5.50..416.94 rows=104 width=125)
	  Recheck Cond: ((k >= 6041609) AND (k <= 6041709))
	  ->  Bitmap Index Scan on k_4  (cost=0.00..5.47 rows=104 width=0)
	        Index Cond: ((k >= 6041609) AND (k <= 6041709))

table 5 : explain SELECT k, c FROM sbtest5 WHERE k BETWEEN 6041609 AND 6041709
	Bitmap Heap Scan on sbtest5  (cost=5.42..385.43 rows=96 width=125)
	  Recheck Cond: ((k >= 6041609) AND (k <= 6041709))
	  ->  Bitmap Index Scan on k_5  (cost=0.00..5.39 rows=96 width=0)
	        Index Cond: ((k >= 6041609) AND (k <= 6041709))

table 6 : explain SELECT k, c FROM sbtest6 WHERE k BETWEEN 6041609 AND 6041709
	Bitmap Heap Scan on sbtest6  (cost=5.44..393.31 rows=98 width=125)
	  Recheck Cond: ((k >= 6041609) AND (k <= 6041709))
	  ->  Bitmap Index Scan on k_6  (cost=0.00..5.42 rows=98 width=0)
	        Index Cond: ((k >= 6041609) AND (k <= 6041709))

table 7 : explain SELECT k, c FROM sbtest7 WHERE k BETWEEN 6041609 AND 6041709
	Bitmap Heap Scan on sbtest7  (cost=5.54..432.69 rows=108 width=125)
	  Recheck Cond: ((k >= 6041609) AND (k <= 6041709))
	  ->  Bitmap Index Scan on k_7  (cost=0.00..5.51 rows=108 width=0)
	        Index Cond: ((k >= 6041609) AND (k <= 6041709))

table 8 : explain SELECT k, c FROM sbtest8 WHERE k BETWEEN 6041609 AND 6041709
	Bitmap Heap Scan on sbtest8  (cost=5.41..381.49 rows=95 width=125)
	  Recheck Cond: ((k >= 6041609) AND (k <= 6041709))
	  ->  Bitmap Index Scan on k_8  (cost=0.00..5.38 rows=95 width=0)
	        Index Cond: ((k >= 6041609) AND (k <= 6041709))

for range-notcovered
table 1 : explain SELECT k, c FROM sbtest1 WHERE k BETWEEN 6261132 AND 6261232
	Bitmap Heap Scan on sbtest1  (cost=5.53..428.75 rows=107 width=125)
	  Recheck Cond: ((k >= 6261132) AND (k <= 6261232))
	  ->  Bitmap Index Scan on k_1  (cost=0.00..5.50 rows=107 width=0)
	        Index Cond: ((k >= 6261132) AND (k <= 6261232))

table 2 : explain SELECT k, c FROM sbtest2 WHERE k BETWEEN 6261132 AND 6261232
	Bitmap Heap Scan on sbtest2  (cost=5.37..365.72 rows=91 width=125)
	  Recheck Cond: ((k >= 6261132) AND (k <= 6261232))
	  ->  Bitmap Index Scan on k_2  (cost=0.00..5.34 rows=91 width=0)
	        Index Cond: ((k >= 6261132) AND (k <= 6261232))

table 3 : explain SELECT k, c FROM sbtest3 WHERE k BETWEEN 6261132 AND 6261232
	Bitmap Heap Scan on sbtest3  (cost=5.50..416.94 rows=104 width=125)
	  Recheck Cond: ((k >= 6261132) AND (k <= 6261232))
	  ->  Bitmap Index Scan on k_3  (cost=0.00..5.47 rows=104 width=0)
	        Index Cond: ((k >= 6261132) AND (k <= 6261232))

table 4 : explain SELECT k, c FROM sbtest4 WHERE k BETWEEN 6261132 AND 6261232
	Bitmap Heap Scan on sbtest4  (cost=5.34..353.89 rows=88 width=125)
	  Recheck Cond: ((k >= 6261132) AND (k <= 6261232))
	  ->  Bitmap Index Scan on k_4  (cost=0.00..5.31 rows=88 width=0)
	        Index Cond: ((k >= 6261132) AND (k <= 6261232))

table 5 : explain SELECT k, c FROM sbtest5 WHERE k BETWEEN 6261132 AND 6261232
	Bitmap Heap Scan on sbtest5  (cost=5.48..409.07 rows=102 width=125)
	  Recheck Cond: ((k >= 6261132) AND (k <= 6261232))
	  ->  Bitmap Index Scan on k_5  (cost=0.00..5.45 rows=102 width=0)
	        Index Cond: ((k >= 6261132) AND (k <= 6261232))

table 6 : explain SELECT k, c FROM sbtest6 WHERE k BETWEEN 6261132 AND 6261232
	Bitmap Heap Scan on sbtest6  (cost=5.47..405.13 rows=101 width=125)
	  Recheck Cond: ((k >= 6261132) AND (k <= 6261232))
	  ->  Bitmap Index Scan on k_6  (cost=0.00..5.44 rows=101 width=0)
	        Index Cond: ((k >= 6261132) AND (k <= 6261232))

table 7 : explain SELECT k, c FROM sbtest7 WHERE k BETWEEN 6261132 AND 6261232
	Bitmap Heap Scan on sbtest7  (cost=5.51..420.88 rows=105 width=125)
	  Recheck Cond: ((k >= 6261132) AND (k <= 6261232))
	  ->  Bitmap Index Scan on k_7  (cost=0.00..5.48 rows=105 width=0)
	        Index Cond: ((k >= 6261132) AND (k <= 6261232))

table 8 : explain SELECT k, c FROM sbtest8 WHERE k BETWEEN 6261132 AND 6261232
	Bitmap Heap Scan on sbtest8  (cost=5.52..424.81 rows=106 width=125)
	  Recheck Cond: ((k >= 6261132) AND (k <= 6261232))
	  ->  Bitmap Index Scan on k_8  (cost=0.00..5.50 rows=106 width=0)
	        Index Cond: ((k >= 6261132) AND (k <= 6261232))

for range-notcovered
table 1 : explain SELECT k, c FROM sbtest1 WHERE k BETWEEN 3890726 AND 3890826
	Bitmap Heap Scan on sbtest1  (cost=5.43..389.37 rows=97 width=125)
	  Recheck Cond: ((k >= 3890726) AND (k <= 3890826))
	  ->  Bitmap Index Scan on k_1  (cost=0.00..5.40 rows=97 width=0)
	        Index Cond: ((k >= 3890726) AND (k <= 3890826))

table 2 : explain SELECT k, c FROM sbtest2 WHERE k BETWEEN 3890726 AND 3890826
	Bitmap Heap Scan on sbtest2  (cost=5.46..401.19 rows=100 width=125)
	  Recheck Cond: ((k >= 3890726) AND (k <= 3890826))
	  ->  Bitmap Index Scan on k_2  (cost=0.00..5.43 rows=100 width=0)
	        Index Cond: ((k >= 3890726) AND (k <= 3890826))

table 3 : explain SELECT k, c FROM sbtest3 WHERE k BETWEEN 3890726 AND 3890826
	Bitmap Heap Scan on sbtest3  (cost=5.44..393.31 rows=98 width=125)
	  Recheck Cond: ((k >= 3890726) AND (k <= 3890826))
	  ->  Bitmap Index Scan on k_3  (cost=0.00..5.42 rows=98 width=0)
	        Index Cond: ((k >= 3890726) AND (k <= 3890826))

table 4 : explain SELECT k, c FROM sbtest4 WHERE k BETWEEN 3890726 AND 3890826
	Bitmap Heap Scan on sbtest4  (cost=5.39..373.61 rows=93 width=125)
	  Recheck Cond: ((k >= 3890726) AND (k <= 3890826))
	  ->  Bitmap Index Scan on k_4  (cost=0.00..5.36 rows=93 width=0)
	        Index Cond: ((k >= 3890726) AND (k <= 3890826))

table 5 : explain SELECT k, c FROM sbtest5 WHERE k BETWEEN 3890726 AND 3890826
	Bitmap Heap Scan on sbtest5  (cost=5.51..420.88 rows=105 width=125)
	  Recheck Cond: ((k >= 3890726) AND (k <= 3890826))
	  ->  Bitmap Index Scan on k_5  (cost=0.00..5.48 rows=105 width=0)
	        Index Cond: ((k >= 3890726) AND (k <= 3890826))

table 6 : explain SELECT k, c FROM sbtest6 WHERE k BETWEEN 3890726 AND 3890826
	Bitmap Heap Scan on sbtest6  (cost=5.49..413.00 rows=103 width=125)
	  Recheck Cond: ((k >= 3890726) AND (k <= 3890826))
	  ->  Bitmap Index Scan on k_6  (cost=0.00..5.46 rows=103 width=0)
	        Index Cond: ((k >= 3890726) AND (k <= 3890826))

table 7 : explain SELECT k, c FROM sbtest7 WHERE k BETWEEN 3890726 AND 3890826
	Bitmap Heap Scan on sbtest7  (cost=5.55..436.62 rows=109 width=125)
	  Recheck Cond: ((k >= 3890726) AND (k <= 3890826))
	  ->  Bitmap Index Scan on k_7  (cost=0.00..5.52 rows=109 width=0)
	        Index Cond: ((k >= 3890726) AND (k <= 3890826))

table 8 : explain SELECT k, c FROM sbtest8 WHERE k BETWEEN 3890726 AND 3890826
	Bitmap Heap Scan on sbtest8  (cost=5.48..409.07 rows=102 width=125)
	  Recheck Cond: ((k >= 3890726) AND (k <= 3890826))
	  ->  Bitmap Index Scan on k_8  (cost=0.00..5.45 rows=102 width=0)
	        Index Cond: ((k >= 3890726) AND (k <= 3890826))

explain: for range-notcovered :: explain SELECT k, c FROM sbtest%d WHERE k BETWEEN 5941308 AND 5941408
explain: for range-notcovered :: explain SELECT k, c FROM sbtest%d WHERE k BETWEEN 6261132 AND 6261232
explain: for range-notcovered :: explain SELECT k, c FROM sbtest%d WHERE k BETWEEN 3890726 AND 3890826
explain: for range-notcovered :: explain SELECT k, c FROM sbtest%d WHERE k BETWEEN 6041609 AND 6041709
for range-notcovered
table 1 : explain SELECT k, c FROM sbtest1 WHERE k BETWEEN 7999302 AND 7999402
	Bitmap Heap Scan on sbtest1  (cost=5.51..420.88 rows=105 width=125)
	  Recheck Cond: ((k >= 7999302) AND (k <= 7999402))
	  ->  Bitmap Index Scan on k_1  (cost=0.00..5.48 rows=105 width=0)
	        Index Cond: ((k >= 7999302) AND (k <= 7999402))

table 2 : explain SELECT k, c FROM sbtest2 WHERE k BETWEEN 7999302 AND 7999402
	Bitmap Heap Scan on sbtest2  (cost=5.54..432.69 rows=108 width=125)
	  Recheck Cond: ((k >= 7999302) AND (k <= 7999402))
	  ->  Bitmap Index Scan on k_2  (cost=0.00..5.51 rows=108 width=0)
	        Index Cond: ((k >= 7999302) AND (k <= 7999402))

table 3 : explain SELECT k, c FROM sbtest3 WHERE k BETWEEN 7999302 AND 7999402
	Bitmap Heap Scan on sbtest3  (cost=5.42..385.43 rows=96 width=125)
	  Recheck Cond: ((k >= 7999302) AND (k <= 7999402))
	  ->  Bitmap Index Scan on k_3  (cost=0.00..5.39 rows=96 width=0)
	        Index Cond: ((k >= 7999302) AND (k <= 7999402))

table 4 : explain SELECT k, c FROM sbtest4 WHERE k BETWEEN 7999302 AND 7999402
	Bitmap Heap Scan on sbtest4  (cost=5.52..424.81 rows=106 width=125)
	  Recheck Cond: ((k >= 7999302) AND (k <= 7999402))
	  ->  Bitmap Index Scan on k_4  (cost=0.00..5.50 rows=106 width=0)
	        Index Cond: ((k >= 7999302) AND (k <= 7999402))

table 5 : explain SELECT k, c FROM sbtest5 WHERE k BETWEEN 7999302 AND 7999402
	Bitmap Heap Scan on sbtest5  (cost=5.36..361.78 rows=90 width=125)
	  Recheck Cond: ((k >= 7999302) AND (k <= 7999402))
	  ->  Bitmap Index Scan on k_5  (cost=0.00..5.33 rows=90 width=0)
	        Index Cond: ((k >= 7999302) AND (k <= 7999402))

table 6 : explain SELECT k, c FROM sbtest6 WHERE k BETWEEN 7999302 AND 7999402
	Bitmap Heap Scan on sbtest6  (cost=5.48..409.07 rows=102 width=125)
	  Recheck Cond: ((k >= 7999302) AND (k <= 7999402))
	  ->  Bitmap Index Scan on k_6  (cost=0.00..5.45 rows=102 width=0)
	        Index Cond: ((k >= 7999302) AND (k <= 7999402))

table 7 : explain SELECT k, c FROM sbtest7 WHERE k BETWEEN 7999302 AND 7999402
	Bitmap Heap Scan on sbtest7  (cost=5.40..377.55 rows=94 width=125)
	  Recheck Cond: ((k >= 7999302) AND (k <= 7999402))
	  ->  Bitmap Index Scan on k_7  (cost=0.00..5.38 rows=94 width=0)
	        Index Cond: ((k >= 7999302) AND (k <= 7999402))

table 8 : explain SELECT k, c FROM sbtest8 WHERE k BETWEEN 7999302 AND 7999402
	Bitmap Heap Scan on sbtest8  (cost=5.43..389.37 rows=97 width=125)
	  Recheck Cond: ((k >= 7999302) AND (k <= 7999402))
	  ->  Bitmap Index Scan on k_8  (cost=0.00..5.40 rows=97 width=0)
	        Index Cond: ((k >= 7999302) AND (k <= 7999402))

explain: for range-notcovered :: explain SELECT k, c FROM sbtest%d WHERE k BETWEEN 7999302 AND 7999402
for range-notcovered
table 1 : explain SELECT k, c FROM sbtest1 WHERE k BETWEEN 5531888 AND 5531988
	Bitmap Heap Scan on sbtest1  (cost=5.55..436.62 rows=109 width=125)
	  Recheck Cond: ((k >= 5531888) AND (k <= 5531988))
	  ->  Bitmap Index Scan on k_1  (cost=0.00..5.52 rows=109 width=0)
	        Index Cond: ((k >= 5531888) AND (k <= 5531988))

table 2 : explain SELECT k, c FROM sbtest2 WHERE k BETWEEN 5531888 AND 5531988
	Bitmap Heap Scan on sbtest2  (cost=5.50..416.94 rows=104 width=125)
	  Recheck Cond: ((k >= 5531888) AND (k <= 5531988))
	  ->  Bitmap Index Scan on k_2  (cost=0.00..5.47 rows=104 width=0)
	        Index Cond: ((k >= 5531888) AND (k <= 5531988))

table 3 : explain SELECT k, c FROM sbtest3 WHERE k BETWEEN 5531888 AND 5531988
	Bitmap Heap Scan on sbtest3  (cost=5.49..413.00 rows=103 width=125)
	  Recheck Cond: ((k >= 5531888) AND (k <= 5531988))
	  ->  Bitmap Index Scan on k_3  (cost=0.00..5.46 rows=103 width=0)
	        Index Cond: ((k >= 5531888) AND (k <= 5531988))

table 4 : explain SELECT k, c FROM sbtest4 WHERE k BETWEEN 5531888 AND 5531988
	Bitmap Heap Scan on sbtest4  (cost=5.41..381.49 rows=95 width=125)
	  Recheck Cond: ((k >= 5531888) AND (k <= 5531988))
	  ->  Bitmap Index Scan on k_4  (cost=0.00..5.38 rows=95 width=0)
	        Index Cond: ((k >= 5531888) AND (k <= 5531988))

table 5 : explain SELECT k, c FROM sbtest5 WHERE k BETWEEN 5531888 AND 5531988
	Bitmap Heap Scan on sbtest5  (cost=5.58..448.42 rows=112 width=125)
	  Recheck Cond: ((k >= 5531888) AND (k <= 5531988))
	  ->  Bitmap Index Scan on k_5  (cost=0.00..5.55 rows=112 width=0)
	        Index Cond: ((k >= 5531888) AND (k <= 5531988))

table 6 : explain SELECT k, c FROM sbtest6 WHERE k BETWEEN 5531888 AND 5531988
	Bitmap Heap Scan on sbtest6  (cost=5.51..420.88 rows=105 width=125)
	  Recheck Cond: ((k >= 5531888) AND (k <= 5531988))
	  ->  Bitmap Index Scan on k_6  (cost=0.00..5.48 rows=105 width=0)
	        Index Cond: ((k >= 5531888) AND (k <= 5531988))

table 7 : explain SELECT k, c FROM sbtest7 WHERE k BETWEEN 5531888 AND 5531988
	Bitmap Heap Scan on sbtest7  (cost=5.45..397.25 rows=99 width=125)
	  Recheck Cond: ((k >= 5531888) AND (k <= 5531988))
	  ->  Bitmap Index Scan on k_7  (cost=0.00..5.42 rows=99 width=0)
	        Index Cond: ((k >= 5531888) AND (k <= 5531988))

table 8 : explain SELECT k, c FROM sbtest8 WHERE k BETWEEN 5531888 AND 5531988
	Bitmap Heap Scan on sbtest8  (cost=5.44..393.31 rows=98 width=125)
	  Recheck Cond: ((k >= 5531888) AND (k <= 5531988))
	  ->  Bitmap Index Scan on k_8  (cost=0.00..5.42 rows=98 width=0)
	        Index Cond: ((k >= 5531888) AND (k <= 5531988))

explain: for range-notcovered :: explain SELECT k, c FROM sbtest%d WHERE k BETWEEN 3194969 AND 3195069
explain: for range-notcovered :: explain SELECT k, c FROM sbtest%d WHERE k BETWEEN 5531888 AND 5531988
explain: for range-notcovered :: explain SELECT k, c FROM sbtest%d WHERE k BETWEEN 2598447 AND 2598547
for range-notcovered
table 1 : explain SELECT k, c FROM sbtest1 WHERE k BETWEEN 6792623 AND 6792723
	Bitmap Heap Scan on sbtest1  (cost=5.47..405.13 rows=101 width=125)
	  Recheck Cond: ((k >= 6792623) AND (k <= 6792723))
	  ->  Bitmap Index Scan on k_1  (cost=0.00..5.44 rows=101 width=0)
	        Index Cond: ((k >= 6792623) AND (k <= 6792723))

table 2 : explain SELECT k, c FROM sbtest2 WHERE k BETWEEN 6792623 AND 6792723
	Bitmap Heap Scan on sbtest2  (cost=5.47..405.13 rows=101 width=125)
	  Recheck Cond: ((k >= 6792623) AND (k <= 6792723))
	  ->  Bitmap Index Scan on k_2  (cost=0.00..5.44 rows=101 width=0)
	        Index Cond: ((k >= 6792623) AND (k <= 6792723))

table 3 : explain SELECT k, c FROM sbtest3 WHERE k BETWEEN 6792623 AND 6792723
	Bitmap Heap Scan on sbtest3  (cost=5.54..432.69 rows=108 width=125)
	  Recheck Cond: ((k >= 6792623) AND (k <= 6792723))
	  ->  Bitmap Index Scan on k_3  (cost=0.00..5.51 rows=108 width=0)
	        Index Cond: ((k >= 6792623) AND (k <= 6792723))

table 4 : explain SELECT k, c FROM sbtest4 WHERE k BETWEEN 6792623 AND 6792723
	Bitmap Heap Scan on sbtest4  (cost=5.50..416.94 rows=104 width=125)
	  Recheck Cond: ((k >= 6792623) AND (k <= 6792723))
	  ->  Bitmap Index Scan on k_4  (cost=0.00..5.47 rows=104 width=0)
	        Index Cond: ((k >= 6792623) AND (k <= 6792723))

table 5 : explain SELECT k, c FROM sbtest5 WHERE k BETWEEN 6792623 AND 6792723
	Bitmap Heap Scan on sbtest5  (cost=5.54..432.69 rows=108 width=125)
	  Recheck Cond: ((k >= 6792623) AND (k <= 6792723))
	  ->  Bitmap Index Scan on k_5  (cost=0.00..5.51 rows=108 width=0)
	        Index Cond: ((k >= 6792623) AND (k <= 6792723))

table 6 : explain SELECT k, c FROM sbtest6 WHERE k BETWEEN 6792623 AND 6792723
	Bitmap Heap Scan on sbtest6  (cost=5.44..393.31 rows=98 width=125)
	  Recheck Cond: ((k >= 6792623) AND (k <= 6792723))
	  ->  Bitmap Index Scan on k_6  (cost=0.00..5.42 rows=98 width=0)
	        Index Cond: ((k >= 6792623) AND (k <= 6792723))

table 7 : explain SELECT k, c FROM sbtest7 WHERE k BETWEEN 6792623 AND 6792723
	Bitmap Heap Scan on sbtest7  (cost=5.51..420.88 rows=105 width=125)
	  Recheck Cond: ((k >= 6792623) AND (k <= 6792723))
	  ->  Bitmap Index Scan on k_7  (cost=0.00..5.48 rows=105 width=0)
	        Index Cond: ((k >= 6792623) AND (k <= 6792723))

table 8 : explain SELECT k, c FROM sbtest8 WHERE k BETWEEN 6792623 AND 6792723
	Bitmap Heap Scan on sbtest8  (cost=5.49..413.00 rows=103 width=125)
	  Recheck Cond: ((k >= 6792623) AND (k <= 6792723))
	  ->  Bitmap Index Scan on k_8  (cost=0.00..5.46 rows=103 width=0)
	        Index Cond: ((k >= 6792623) AND (k <= 6792723))
for range-notcovered
table 1 : explain SELECT k, c FROM sbtest1 WHERE k BETWEEN 2242202 AND 2242302
	Bitmap Heap Scan on sbtest1  (cost=5.58..448.42 rows=112 width=125)
	  Recheck Cond: ((k >= 2242202) AND (k <= 2242302))
	  ->  Bitmap Index Scan on k_1  (cost=0.00..5.55 rows=112 width=0)
	        Index Cond: ((k >= 2242202) AND (k <= 2242302))

table 2 : explain SELECT k, c FROM sbtest2 WHERE k BETWEEN 2242202 AND 2242302
	Bitmap Heap Scan on sbtest2  (cost=5.53..428.75 rows=107 width=125)
	  Recheck Cond: ((k >= 2242202) AND (k <= 2242302))
	  ->  Bitmap Index Scan on k_2  (cost=0.00..5.50 rows=107 width=0)
	        Index Cond: ((k >= 2242202) AND (k <= 2242302))

table 3 : explain SELECT k, c FROM sbtest3 WHERE k BETWEEN 2242202 AND 2242302
	Bitmap Heap Scan on sbtest3  (cost=5.48..409.07 rows=102 width=125)
	  Recheck Cond: ((k >= 2242202) AND (k <= 2242302))
	  ->  Bitmap Index Scan on k_3  (cost=0.00..5.45 rows=102 width=0)
	        Index Cond: ((k >= 2242202) AND (k <= 2242302))

table 4 : explain SELECT k, c FROM sbtest4 WHERE k BETWEEN 2242202 AND 2242302
	Bitmap Heap Scan on sbtest4  (cost=5.43..389.37 rows=97 width=125)
	  Recheck Cond: ((k >= 2242202) AND (k <= 2242302))
	  ->  Bitmap Index Scan on k_4  (cost=0.00..5.40 rows=97 width=0)
	        Index Cond: ((k >= 2242202) AND (k <= 2242302))

table 5 : explain SELECT k, c FROM sbtest5 WHERE k BETWEEN 2242202 AND 2242302
	Bitmap Heap Scan on sbtest5  (cost=5.55..436.62 rows=109 width=125)
	  Recheck Cond: ((k >= 2242202) AND (k <= 2242302))
	  ->  Bitmap Index Scan on k_5  (cost=0.00..5.52 rows=109 width=0)
	        Index Cond: ((k >= 2242202) AND (k <= 2242302))

table 6 : explain SELECT k, c FROM sbtest6 WHERE k BETWEEN 2242202 AND 2242302
	Bitmap Heap Scan on sbtest6  (cost=5.49..413.00 rows=103 width=125)
	  Recheck Cond: ((k >= 2242202) AND (k <= 2242302))
	  ->  Bitmap Index Scan on k_6  (cost=0.00..5.46 rows=103 width=0)
	        Index Cond: ((k >= 2242202) AND (k <= 2242302))

table 7 : explain SELECT k, c FROM sbtest7 WHERE k BETWEEN 2242202 AND 2242302
	Bitmap Heap Scan on sbtest7  (cost=5.44..393.31 rows=98 width=125)
	  Recheck Cond: ((k >= 2242202) AND (k <= 2242302))
	  ->  Bitmap Index Scan on k_7  (cost=0.00..5.42 rows=98 width=0)
	        Index Cond: ((k >= 2242202) AND (k <= 2242302))

table 8 : explain SELECT k, c FROM sbtest8 WHERE k BETWEEN 2242202 AND 2242302
	Bitmap Heap Scan on sbtest8  (cost=5.54..432.69 rows=108 width=125)
	  Recheck Cond: ((k >= 2242202) AND (k <= 2242302))
	  ->  Bitmap Index Scan on k_8  (cost=0.00..5.51 rows=108 width=0)
	        Index Cond: ((k >= 2242202) AND (k <= 2242302))

for range-notcovered
table 1 : explain SELECT k, c FROM sbtest1 WHERE k BETWEEN 3890726 AND 3890826
	Bitmap Heap Scan on sbtest1  (cost=5.43..389.37 rows=97 width=125)
	  Recheck Cond: ((k >= 3890726) AND (k <= 3890826))
	  ->  Bitmap Index Scan on k_1  (cost=0.00..5.40 rows=97 width=0)
	        Index Cond: ((k >= 3890726) AND (k <= 3890826))

table 2 : explain SELECT k, c FROM sbtest2 WHERE k BETWEEN 3890726 AND 3890826
	Bitmap Heap Scan on sbtest2  (cost=5.46..401.19 rows=100 width=125)
	  Recheck Cond: ((k >= 3890726) AND (k <= 3890826))
	  ->  Bitmap Index Scan on k_2  (cost=0.00..5.43 rows=100 width=0)
	        Index Cond: ((k >= 3890726) AND (k <= 3890826))

table 3 : explain SELECT k, c FROM sbtest3 WHERE k BETWEEN 3890726 AND 3890826
	Bitmap Heap Scan on sbtest3  (cost=5.44..393.31 rows=98 width=125)
	  Recheck Cond: ((k >= 3890726) AND (k <= 3890826))
	  ->  Bitmap Index Scan on k_3  (cost=0.00..5.42 rows=98 width=0)
	        Index Cond: ((k >= 3890726) AND (k <= 3890826))

table 4 : explain SELECT k, c FROM sbtest4 WHERE k BETWEEN 3890726 AND 3890826
	Bitmap Heap Scan on sbtest4  (cost=5.39..373.61 rows=93 width=125)
	  Recheck Cond: ((k >= 3890726) AND (k <= 3890826))
	  ->  Bitmap Index Scan on k_4  (cost=0.00..5.36 rows=93 width=0)
	        Index Cond: ((k >= 3890726) AND (k <= 3890826))

table 5 : explain SELECT k, c FROM sbtest5 WHERE k BETWEEN 3890726 AND 3890826
	Bitmap Heap Scan on sbtest5  (cost=5.51..420.88 rows=105 width=125)
	  Recheck Cond: ((k >= 3890726) AND (k <= 3890826))
	  ->  Bitmap Index Scan on k_5  (cost=0.00..5.48 rows=105 width=0)
	        Index Cond: ((k >= 3890726) AND (k <= 3890826))

table 6 : explain SELECT k, c FROM sbtest6 WHERE k BETWEEN 3890726 AND 3890826
	Bitmap Heap Scan on sbtest6  (cost=5.49..413.00 rows=103 width=125)
	  Recheck Cond: ((k >= 3890726) AND (k <= 3890826))
	  ->  Bitmap Index Scan on k_6  (cost=0.00..5.46 rows=103 width=0)
	        Index Cond: ((k >= 3890726) AND (k <= 3890826))

table 7 : explain SELECT k, c FROM sbtest7 WHERE k BETWEEN 3890726 AND 3890826
	Bitmap Heap Scan on sbtest7  (cost=5.55..436.62 rows=109 width=125)
	  Recheck Cond: ((k >= 3890726) AND (k <= 3890826))
	  ->  Bitmap Index Scan on k_7  (cost=0.00..5.52 rows=109 width=0)
	        Index Cond: ((k >= 3890726) AND (k <= 3890826))

table 8 : explain SELECT k, c FROM sbtest8 WHERE k BETWEEN 3890726 AND 3890826
	Bitmap Heap Scan on sbtest8  (cost=5.48..409.07 rows=102 width=125)
	  Recheck Cond: ((k >= 3890726) AND (k <= 3890826))
	  ->  Bitmap Index Scan on k_8  (cost=0.00..5.45 rows=102 width=0)
	        Index Cond: ((k >= 3890726) AND (k <= 3890826))

for range-notcovered
table 1 : explain SELECT k, c FROM sbtest1 WHERE k BETWEEN 6261132 AND 6261232
	Bitmap Heap Scan on sbtest1  (cost=5.53..428.75 rows=107 width=125)
	  Recheck Cond: ((k >= 6261132) AND (k <= 6261232))
	  ->  Bitmap Index Scan on k_1  (cost=0.00..5.50 rows=107 width=0)
	        Index Cond: ((k >= 6261132) AND (k <= 6261232))

table 2 : explain SELECT k, c FROM sbtest2 WHERE k BETWEEN 6261132 AND 6261232
	Bitmap Heap Scan on sbtest2  (cost=5.37..365.72 rows=91 width=125)
	  Recheck Cond: ((k >= 6261132) AND (k <= 6261232))
	  ->  Bitmap Index Scan on k_2  (cost=0.00..5.34 rows=91 width=0)
	        Index Cond: ((k >= 6261132) AND (k <= 6261232))

table 3 : explain SELECT k, c FROM sbtest3 WHERE k BETWEEN 6261132 AND 6261232
	Bitmap Heap Scan on sbtest3  (cost=5.50..416.94 rows=104 width=125)
	  Recheck Cond: ((k >= 6261132) AND (k <= 6261232))
	  ->  Bitmap Index Scan on k_3  (cost=0.00..5.47 rows=104 width=0)
	        Index Cond: ((k >= 6261132) AND (k <= 6261232))

table 4 : explain SELECT k, c FROM sbtest4 WHERE k BETWEEN 6261132 AND 6261232
	Bitmap Heap Scan on sbtest4  (cost=5.34..353.89 rows=88 width=125)
	  Recheck Cond: ((k >= 6261132) AND (k <= 6261232))
	  ->  Bitmap Index Scan on k_4  (cost=0.00..5.31 rows=88 width=0)
	        Index Cond: ((k >= 6261132) AND (k <= 6261232))

table 5 : explain SELECT k, c FROM sbtest5 WHERE k BETWEEN 6261132 AND 6261232
	Bitmap Heap Scan on sbtest5  (cost=5.48..409.07 rows=102 width=125)
	  Recheck Cond: ((k >= 6261132) AND (k <= 6261232))
	  ->  Bitmap Index Scan on k_5  (cost=0.00..5.45 rows=102 width=0)
	        Index Cond: ((k >= 6261132) AND (k <= 6261232))

table 6 : explain SELECT k, c FROM sbtest6 WHERE k BETWEEN 6261132 AND 6261232
	Bitmap Heap Scan on sbtest6  (cost=5.47..405.13 rows=101 width=125)
	  Recheck Cond: ((k >= 6261132) AND (k <= 6261232))
	  ->  Bitmap Index Scan on k_6  (cost=0.00..5.44 rows=101 width=0)
	        Index Cond: ((k >= 6261132) AND (k <= 6261232))

table 7 : explain SELECT k, c FROM sbtest7 WHERE k BETWEEN 6261132 AND 6261232
	Bitmap Heap Scan on sbtest7  (cost=5.51..420.88 rows=105 width=125)
	  Recheck Cond: ((k >= 6261132) AND (k <= 6261232))
	  ->  Bitmap Index Scan on k_7  (cost=0.00..5.48 rows=105 width=0)
	        Index Cond: ((k >= 6261132) AND (k <= 6261232))

table 8 : explain SELECT k, c FROM sbtest8 WHERE k BETWEEN 6261132 AND 6261232
	Bitmap Heap Scan on sbtest8  (cost=5.52..424.81 rows=106 width=125)
	  Recheck Cond: ((k >= 6261132) AND (k <= 6261232))
	  ->  Bitmap Index Scan on k_8  (cost=0.00..5.50 rows=106 width=0)
	        Index Cond: ((k >= 6261132) AND (k <= 6261232))


for range-notcovered
table 1 : explain SELECT k, c FROM sbtest1 WHERE k BETWEEN 5053687 AND 5053787
	Bitmap Heap Scan on sbtest1  (cost=5.50..416.94 rows=104 width=125)
	  Recheck Cond: ((k >= 5053687) AND (k <= 5053787))
	  ->  Bitmap Index Scan on k_1  (cost=0.00..5.47 rows=104 width=0)
	        Index Cond: ((k >= 5053687) AND (k <= 5053787))

table 2 : explain SELECT k, c FROM sbtest2 WHERE k BETWEEN 5053687 AND 5053787
	Bitmap Heap Scan on sbtest2  (cost=5.50..416.94 rows=104 width=125)
	  Recheck Cond: ((k >= 5053687) AND (k <= 5053787))
	  ->  Bitmap Index Scan on k_2  (cost=0.00..5.47 rows=104 width=0)
	        Index Cond: ((k >= 5053687) AND (k <= 5053787))

table 3 : explain SELECT k, c FROM sbtest3 WHERE k BETWEEN 5053687 AND 5053787
	Bitmap Heap Scan on sbtest3  (cost=5.59..452.36 rows=113 width=125)
	  Recheck Cond: ((k >= 5053687) AND (k <= 5053787))
	  ->  Bitmap Index Scan on k_3  (cost=0.00..5.56 rows=113 width=0)
	        Index Cond: ((k >= 5053687) AND (k <= 5053787))

table 4 : explain SELECT k, c FROM sbtest4 WHERE k BETWEEN 5053687 AND 5053787
	Bitmap Heap Scan on sbtest4  (cost=5.64..472.02 rows=118 width=125)
	  Recheck Cond: ((k >= 5053687) AND (k <= 5053787))
	  ->  Bitmap Index Scan on k_4  (cost=0.00..5.61 rows=118 width=0)
	        Index Cond: ((k >= 5053687) AND (k <= 5053787))

table 5 : explain SELECT k, c FROM sbtest5 WHERE k BETWEEN 5053687 AND 5053787
	Bitmap Heap Scan on sbtest5  (cost=5.38..369.67 rows=92 width=125)
	  Recheck Cond: ((k >= 5053687) AND (k <= 5053787))
	  ->  Bitmap Index Scan on k_5  (cost=0.00..5.35 rows=92 width=0)
	        Index Cond: ((k >= 5053687) AND (k <= 5053787))

table 6 : explain SELECT k, c FROM sbtest6 WHERE k BETWEEN 5053687 AND 5053787
	Bitmap Heap Scan on sbtest6  (cost=5.40..377.55 rows=94 width=125)
	  Recheck Cond: ((k >= 5053687) AND (k <= 5053787))
	  ->  Bitmap Index Scan on k_6  (cost=0.00..5.38 rows=94 width=0)
	        Index Cond: ((k >= 5053687) AND (k <= 5053787))

table 7 : explain SELECT k, c FROM sbtest7 WHERE k BETWEEN 5053687 AND 5053787
	Bitmap Heap Scan on sbtest7  (cost=5.48..409.07 rows=102 width=125)
	  Recheck Cond: ((k >= 5053687) AND (k <= 5053787))
	  ->  Bitmap Index Scan on k_7  (cost=0.00..5.45 rows=102 width=0)
	        Index Cond: ((k >= 5053687) AND (k <= 5053787))

table 8 : explain SELECT k, c FROM sbtest8 WHERE k BETWEEN 5053687 AND 5053787
	Bitmap Heap Scan on sbtest8  (cost=5.50..416.94 rows=104 width=125)
	  Recheck Cond: ((k >= 5053687) AND (k <= 5053787))
	  ->  Bitmap Index Scan on k_8  (cost=0.00..5.47 rows=104 width=0)
	        Index Cond: ((k >= 5053687) AND (k <= 5053787))

explain: for range-notcovered :: explain SELECT k, c FROM sbtest%d WHERE k BETWEEN 2242202 AND 2242302
explain: for range-notcovered :: explain SELECT k, c FROM sbtest%d WHERE k BETWEEN 6261132 AND 6261232
for range-notcovered
table 1 : explain SELECT k, c FROM sbtest1 WHERE k BETWEEN 4323170 AND 4323270
	Bitmap Heap Scan on sbtest1  (cost=5.43..389.37 rows=97 width=125)
	  Recheck Cond: ((k >= 4323170) AND (k <= 4323270))
	  ->  Bitmap Index Scan on k_1  (cost=0.00..5.40 rows=97 width=0)
	        Index Cond: ((k >= 4323170) AND (k <= 4323270))

table 2 : explain SELECT k, c FROM sbtest2 WHERE k BETWEEN 4323170 AND 4323270
	Bitmap Heap Scan on sbtest2  (cost=5.53..428.75 rows=107 width=125)
	  Recheck Cond: ((k >= 4323170) AND (k <= 4323270))
	  ->  Bitmap Index Scan on k_2  (cost=0.00..5.50 rows=107 width=0)
	        Index Cond: ((k >= 4323170) AND (k <= 4323270))

table 3 : explain SELECT k, c FROM sbtest3 WHERE k BETWEEN 4323170 AND 4323270
	Bitmap Heap Scan on sbtest3  (cost=5.48..409.07 rows=102 width=125)
	  Recheck Cond: ((k >= 4323170) AND (k <= 4323270))
	  ->  Bitmap Index Scan on k_3  (cost=0.00..5.45 rows=102 width=0)
	        Index Cond: ((k >= 4323170) AND (k <= 4323270))

table 4 : explain SELECT k, c FROM sbtest4 WHERE k BETWEEN 4323170 AND 4323270
	Bitmap Heap Scan on sbtest4  (cost=5.56..440.56 rows=110 width=125)
	  Recheck Cond: ((k >= 4323170) AND (k <= 4323270))
	  ->  Bitmap Index Scan on k_4  (cost=0.00..5.53 rows=110 width=0)
	        Index Cond: ((k >= 4323170) AND (k <= 4323270))

table 5 : explain SELECT k, c FROM sbtest5 WHERE k BETWEEN 4323170 AND 4323270
	Bitmap Heap Scan on sbtest5  (cost=5.49..413.00 rows=103 width=125)
	  Recheck Cond: ((k >= 4323170) AND (k <= 4323270))
	  ->  Bitmap Index Scan on k_5  (cost=0.00..5.46 rows=103 width=0)
	        Index Cond: ((k >= 4323170) AND (k <= 4323270))

table 6 : explain SELECT k, c FROM sbtest6 WHERE k BETWEEN 4323170 AND 4323270
	Bitmap Heap Scan on sbtest6  (cost=5.55..436.62 rows=109 width=125)
	  Recheck Cond: ((k >= 4323170) AND (k <= 4323270))
	  ->  Bitmap Index Scan on k_6  (cost=0.00..5.52 rows=109 width=0)
	        Index Cond: ((k >= 4323170) AND (k <= 4323270))

table 7 : explain SELECT k, c FROM sbtest7 WHERE k BETWEEN 4323170 AND 4323270
	Bitmap Heap Scan on sbtest7  (cost=5.42..385.43 rows=96 width=125)
	  Recheck Cond: ((k >= 4323170) AND (k <= 4323270))
	  ->  Bitmap Index Scan on k_7  (cost=0.00..5.39 rows=96 width=0)
	        Index Cond: ((k >= 4323170) AND (k <= 4323270))

table 8 : explain SELECT k, c FROM sbtest8 WHERE k BETWEEN 4323170 AND 4323270
	Bitmap Heap Scan on sbtest8  (cost=5.46..401.19 rows=100 width=125)
	  Recheck Cond: ((k >= 4323170) AND (k <= 4323270))
	  ->  Bitmap Index Scan on k_8  (cost=0.00..5.43 rows=100 width=0)
	        Index Cond: ((k >= 4323170) AND (k <= 4323270))

for range-notcovered
table 1 : explain SELECT k, c FROM sbtest1 WHERE k BETWEEN 7999302 AND 7999402
	Bitmap Heap Scan on sbtest1  (cost=5.51..420.88 rows=105 width=125)
	  Recheck Cond: ((k >= 7999302) AND (k <= 7999402))
	  ->  Bitmap Index Scan on k_1  (cost=0.00..5.48 rows=105 width=0)
	        Index Cond: ((k >= 7999302) AND (k <= 7999402))

table 2 : explain SELECT k, c FROM sbtest2 WHERE k BETWEEN 7999302 AND 7999402
	Bitmap Heap Scan on sbtest2  (cost=5.54..432.69 rows=108 width=125)
	  Recheck Cond: ((k >= 7999302) AND (k <= 7999402))
	  ->  Bitmap Index Scan on k_2  (cost=0.00..5.51 rows=108 width=0)
	        Index Cond: ((k >= 7999302) AND (k <= 7999402))

table 3 : explain SELECT k, c FROM sbtest3 WHERE k BETWEEN 7999302 AND 7999402
	Bitmap Heap Scan on sbtest3  (cost=5.42..385.43 rows=96 width=125)
	  Recheck Cond: ((k >= 7999302) AND (k <= 7999402))
	  ->  Bitmap Index Scan on k_3  (cost=0.00..5.39 rows=96 width=0)
	        Index Cond: ((k >= 7999302) AND (k <= 7999402))

table 4 : explain SELECT k, c FROM sbtest4 WHERE k BETWEEN 7999302 AND 7999402
	Bitmap Heap Scan on sbtest4  (cost=5.52..424.81 rows=106 width=125)
	  Recheck Cond: ((k >= 7999302) AND (k <= 7999402))
	  ->  Bitmap Index Scan on k_4  (cost=0.00..5.50 rows=106 width=0)
	        Index Cond: ((k >= 7999302) AND (k <= 7999402))

table 5 : explain SELECT k, c FROM sbtest5 WHERE k BETWEEN 7999302 AND 7999402
	Bitmap Heap Scan on sbtest5  (cost=5.36..361.78 rows=90 width=125)
	  Recheck Cond: ((k >= 7999302) AND (k <= 7999402))
	  ->  Bitmap Index Scan on k_5  (cost=0.00..5.33 rows=90 width=0)
	        Index Cond: ((k >= 7999302) AND (k <= 7999402))

table 6 : explain SELECT k, c FROM sbtest6 WHERE k BETWEEN 7999302 AND 7999402
	Bitmap Heap Scan on sbtest6  (cost=5.48..409.07 rows=102 width=125)
	  Recheck Cond: ((k >= 7999302) AND (k <= 7999402))
	  ->  Bitmap Index Scan on k_6  (cost=0.00..5.45 rows=102 width=0)
	        Index Cond: ((k >= 7999302) AND (k <= 7999402))

table 7 : explain SELECT k, c FROM sbtest7 WHERE k BETWEEN 7999302 AND 7999402
	Bitmap Heap Scan on sbtest7  (cost=5.40..377.55 rows=94 width=125)
	  Recheck Cond: ((k >= 7999302) AND (k <= 7999402))
	  ->  Bitmap Index Scan on k_7  (cost=0.00..5.38 rows=94 width=0)
	        Index Cond: ((k >= 7999302) AND (k <= 7999402))

table 8 : explain SELECT k, c FROM sbtest8 WHERE k BETWEEN 7999302 AND 7999402
	Bitmap Heap Scan on sbtest8  (cost=5.43..389.37 rows=97 width=125)
	  Recheck Cond: ((k >= 7999302) AND (k <= 7999402))
	  ->  Bitmap Index Scan on k_8  (cost=0.00..5.40 rows=97 width=0)
	        Index Cond: ((k >= 7999302) AND (k <= 7999402))

for range-notcovered
table 1 : explain SELECT k, c FROM sbtest1 WHERE k BETWEEN 6171319 AND 6171419
	Bitmap Heap Scan on sbtest1  (cost=5.41..381.49 rows=95 width=125)
	  Recheck Cond: ((k >= 6171319) AND (k <= 6171419))
	  ->  Bitmap Index Scan on k_1  (cost=0.00..5.38 rows=95 width=0)
	        Index Cond: ((k >= 6171319) AND (k <= 6171419))

table 2 : explain SELECT k, c FROM sbtest2 WHERE k BETWEEN 6171319 AND 6171419
	Bitmap Heap Scan on sbtest2  (cost=5.54..432.69 rows=108 width=125)
	  Recheck Cond: ((k >= 6171319) AND (k <= 6171419))
	  ->  Bitmap Index Scan on k_2  (cost=0.00..5.51 rows=108 width=0)
	        Index Cond: ((k >= 6171319) AND (k <= 6171419))

table 3 : explain SELECT k, c FROM sbtest3 WHERE k BETWEEN 6171319 AND 6171419
	Bitmap Heap Scan on sbtest3  (cost=5.43..389.37 rows=97 width=125)
	  Recheck Cond: ((k >= 6171319) AND (k <= 6171419))
	  ->  Bitmap Index Scan on k_3  (cost=0.00..5.40 rows=97 width=0)
	        Index Cond: ((k >= 6171319) AND (k <= 6171419))

table 4 : explain SELECT k, c FROM sbtest4 WHERE k BETWEEN 6171319 AND 6171419
	Bitmap Heap Scan on sbtest4  (cost=5.34..353.89 rows=88 width=125)
	  Recheck Cond: ((k >= 6171319) AND (k <= 6171419))
	  ->  Bitmap Index Scan on k_4  (cost=0.00..5.31 rows=88 width=0)
	        Index Cond: ((k >= 6171319) AND (k <= 6171419))

table 5 : explain SELECT k, c FROM sbtest5 WHERE k BETWEEN 6171319 AND 6171419
	Bitmap Heap Scan on sbtest5  (cost=5.38..369.67 rows=92 width=125)
	  Recheck Cond: ((k >= 6171319) AND (k <= 6171419))
	  ->  Bitmap Index Scan on k_5  (cost=0.00..5.35 rows=92 width=0)
	        Index Cond: ((k >= 6171319) AND (k <= 6171419))

table 6 : explain SELECT k, c FROM sbtest6 WHERE k BETWEEN 6171319 AND 6171419
	Bitmap Heap Scan on sbtest6  (cost=5.42..385.43 rows=96 width=125)
	  Recheck Cond: ((k >= 6171319) AND (k <= 6171419))
	  ->  Bitmap Index Scan on k_6  (cost=0.00..5.39 rows=96 width=0)
	        Index Cond: ((k >= 6171319) AND (k <= 6171419))

table 7 : explain SELECT k, c FROM sbtest7 WHERE k BETWEEN 6171319 AND 6171419
	Bitmap Heap Scan on sbtest7  (cost=5.50..416.94 rows=104 width=125)
	  Recheck Cond: ((k >= 6171319) AND (k <= 6171419))
	  ->  Bitmap Index Scan on k_7  (cost=0.00..5.47 rows=104 width=0)
	        Index Cond: ((k >= 6171319) AND (k <= 6171419))

table 8 : explain SELECT k, c FROM sbtest8 WHERE k BETWEEN 6171319 AND 6171419
	Bitmap Heap Scan on sbtest8  (cost=5.54..432.69 rows=108 width=125)
	  Recheck Cond: ((k >= 6171319) AND (k <= 6171419))
	  ->  Bitmap Index Scan on k_8  (cost=0.00..5.51 rows=108 width=0)
	        Index Cond: ((k >= 6171319) AND (k <= 6171419))

explain: for range-notcovered :: explain SELECT k, c FROM sbtest%d WHERE k BETWEEN 6171319 AND 6171419
for range-notcovered
table 1 : explain SELECT k, c FROM sbtest1 WHERE k BETWEEN 5531888 AND 5531988
	Bitmap Heap Scan on sbtest1  (cost=5.55..436.62 rows=109 width=125)
	  Recheck Cond: ((k >= 5531888) AND (k <= 5531988))
	  ->  Bitmap Index Scan on k_1  (cost=0.00..5.52 rows=109 width=0)
	        Index Cond: ((k >= 5531888) AND (k <= 5531988))

table 2 : explain SELECT k, c FROM sbtest2 WHERE k BETWEEN 5531888 AND 5531988
	Bitmap Heap Scan on sbtest2  (cost=5.50..416.94 rows=104 width=125)
	  Recheck Cond: ((k >= 5531888) AND (k <= 5531988))
	  ->  Bitmap Index Scan on k_2  (cost=0.00..5.47 rows=104 width=0)
	        Index Cond: ((k >= 5531888) AND (k <= 5531988))

table 3 : explain SELECT k, c FROM sbtest3 WHERE k BETWEEN 5531888 AND 5531988
	Bitmap Heap Scan on sbtest3  (cost=5.49..413.00 rows=103 width=125)
	  Recheck Cond: ((k >= 5531888) AND (k <= 5531988))
	  ->  Bitmap Index Scan on k_3  (cost=0.00..5.46 rows=103 width=0)
	        Index Cond: ((k >= 5531888) AND (k <= 5531988))

table 4 : explain SELECT k, c FROM sbtest4 WHERE k BETWEEN 5531888 AND 5531988
	Bitmap Heap Scan on sbtest4  (cost=5.41..381.49 rows=95 width=125)
	  Recheck Cond: ((k >= 5531888) AND (k <= 5531988))
	  ->  Bitmap Index Scan on k_4  (cost=0.00..5.38 rows=95 width=0)
	        Index Cond: ((k >= 5531888) AND (k <= 5531988))

table 5 : explain SELECT k, c FROM sbtest5 WHERE k BETWEEN 5531888 AND 5531988
	Bitmap Heap Scan on sbtest5  (cost=5.58..448.42 rows=112 width=125)
	  Recheck Cond: ((k >= 5531888) AND (k <= 5531988))
	  ->  Bitmap Index Scan on k_5  (cost=0.00..5.55 rows=112 width=0)
	        Index Cond: ((k >= 5531888) AND (k <= 5531988))

table 6 : explain SELECT k, c FROM sbtest6 WHERE k BETWEEN 5531888 AND 5531988
	Bitmap Heap Scan on sbtest6  (cost=5.51..420.88 rows=105 width=125)
	  Recheck Cond: ((k >= 5531888) AND (k <= 5531988))
	  ->  Bitmap Index Scan on k_6  (cost=0.00..5.48 rows=105 width=0)
	        Index Cond: ((k >= 5531888) AND (k <= 5531988))

table 7 : explain SELECT k, c FROM sbtest7 WHERE k BETWEEN 5531888 AND 5531988
	Bitmap Heap Scan on sbtest7  (cost=5.45..397.25 rows=99 width=125)
	  Recheck Cond: ((k >= 5531888) AND (k <= 5531988))
	  ->  Bitmap Index Scan on k_7  (cost=0.00..5.42 rows=99 width=0)
	        Index Cond: ((k >= 5531888) AND (k <= 5531988))

table 8 : explain SELECT k, c FROM sbtest8 WHERE k BETWEEN 5531888 AND 5531988
	Bitmap Heap Scan on sbtest8  (cost=5.44..393.31 rows=98 width=125)
	  Recheck Cond: ((k >= 5531888) AND (k <= 5531988))
	  ->  Bitmap Index Scan on k_8  (cost=0.00..5.42 rows=98 width=0)
	        Index Cond: ((k >= 5531888) AND (k <= 5531988))

explain: for range-notcovered :: explain SELECT k, c FROM sbtest%d WHERE k BETWEEN 4323170 AND 4323270
explain: for range-notcovered :: explain SELECT k, c FROM sbtest%d WHERE k BETWEEN 5531888 AND 5531988
explain: for range-notcovered :: explain SELECT k, c FROM sbtest%d WHERE k BETWEEN 5053687 AND 5053787
for range-notcovered
table 1 : explain SELECT k, c FROM sbtest1 WHERE k BETWEEN 3194969 AND 3195069
	Bitmap Heap Scan on sbtest1  (cost=5.49..413.00 rows=103 width=125)
	  Recheck Cond: ((k >= 3194969) AND (k <= 3195069))
	  ->  Bitmap Index Scan on k_1  (cost=0.00..5.46 rows=103 width=0)
	        Index Cond: ((k >= 3194969) AND (k <= 3195069))

table 2 : explain SELECT k, c FROM sbtest2 WHERE k BETWEEN 3194969 AND 3195069
	Bitmap Heap Scan on sbtest2  (cost=5.49..413.00 rows=103 width=125)
	  Recheck Cond: ((k >= 3194969) AND (k <= 3195069))
	  ->  Bitmap Index Scan on k_2  (cost=0.00..5.46 rows=103 width=0)
	        Index Cond: ((k >= 3194969) AND (k <= 3195069))

table 3 : explain SELECT k, c FROM sbtest3 WHERE k BETWEEN 3194969 AND 3195069
	Bitmap Heap Scan on sbtest3  (cost=5.40..377.55 rows=94 width=125)
	  Recheck Cond: ((k >= 3194969) AND (k <= 3195069))
	  ->  Bitmap Index Scan on k_3  (cost=0.00..5.38 rows=94 width=0)
	        Index Cond: ((k >= 3194969) AND (k <= 3195069))

table 4 : explain SELECT k, c FROM sbtest4 WHERE k BETWEEN 3194969 AND 3195069
	Bitmap Heap Scan on sbtest4  (cost=5.56..440.56 rows=110 width=125)
	  Recheck Cond: ((k >= 3194969) AND (k <= 3195069))
	  ->  Bitmap Index Scan on k_4  (cost=0.00..5.53 rows=110 width=0)
	        Index Cond: ((k >= 3194969) AND (k <= 3195069))

table 5 : explain SELECT k, c FROM sbtest5 WHERE k BETWEEN 3194969 AND 3195069
	Bitmap Heap Scan on sbtest5  (cost=5.47..405.13 rows=101 width=125)
	  Recheck Cond: ((k >= 3194969) AND (k <= 3195069))
	  ->  Bitmap Index Scan on k_5  (cost=0.00..5.44 rows=101 width=0)
	        Index Cond: ((k >= 3194969) AND (k <= 3195069))

table 6 : explain SELECT k, c FROM sbtest6 WHERE k BETWEEN 3194969 AND 3195069
	Bitmap Heap Scan on sbtest6  (cost=5.49..413.00 rows=103 width=125)
	  Recheck Cond: ((k >= 3194969) AND (k <= 3195069))
	  ->  Bitmap Index Scan on k_6  (cost=0.00..5.46 rows=103 width=0)
	        Index Cond: ((k >= 3194969) AND (k <= 3195069))

table 7 : explain SELECT k, c FROM sbtest7 WHERE k BETWEEN 3194969 AND 3195069
	Bitmap Heap Scan on sbtest7  (cost=5.50..416.94 rows=104 width=125)
	  Recheck Cond: ((k >= 3194969) AND (k <= 3195069))
	  ->  Bitmap Index Scan on k_7  (cost=0.00..5.47 rows=104 width=0)
	        Index Cond: ((k >= 3194969) AND (k <= 3195069))

table 8 : explain SELECT k, c FROM sbtest8 WHERE k BETWEEN 3194969 AND 3195069
	Bitmap Heap Scan on sbtest8  (cost=5.57..444.49 rows=111 width=125)
	  Recheck Cond: ((k >= 3194969) AND (k <= 3195069))
	  ->  Bitmap Index Scan on k_8  (cost=0.00..5.54 rows=111 width=0)
	        Index Cond: ((k >= 3194969) AND (k <= 3195069))

explain: for range-notcovered :: explain SELECT k, c FROM sbtest%d WHERE k BETWEEN 3194969 AND 3195069
for range-notcovered
table 1 : explain SELECT k, c FROM sbtest1 WHERE k BETWEEN 5941308 AND 5941408
	Bitmap Heap Scan on sbtest1  (cost=5.49..413.00 rows=103 width=125)
	  Recheck Cond: ((k >= 5941308) AND (k <= 5941408))
	  ->  Bitmap Index Scan on k_1  (cost=0.00..5.46 rows=103 width=0)
	        Index Cond: ((k >= 5941308) AND (k <= 5941408))

table 2 : explain SELECT k, c FROM sbtest2 WHERE k BETWEEN 5941308 AND 5941408
	Bitmap Heap Scan on sbtest2  (cost=5.51..420.88 rows=105 width=125)
	  Recheck Cond: ((k >= 5941308) AND (k <= 5941408))
	  ->  Bitmap Index Scan on k_2  (cost=0.00..5.48 rows=105 width=0)
	        Index Cond: ((k >= 5941308) AND (k <= 5941408))

table 3 : explain SELECT k, c FROM sbtest3 WHERE k BETWEEN 5941308 AND 5941408
	Bitmap Heap Scan on sbtest3  (cost=5.49..413.00 rows=103 width=125)
	  Recheck Cond: ((k >= 5941308) AND (k <= 5941408))
	  ->  Bitmap Index Scan on k_3  (cost=0.00..5.46 rows=103 width=0)
	        Index Cond: ((k >= 5941308) AND (k <= 5941408))

table 4 : explain SELECT k, c FROM sbtest4 WHERE k BETWEEN 5941308 AND 5941408
	Bitmap Heap Scan on sbtest4  (cost=5.47..405.13 rows=101 width=125)
	  Recheck Cond: ((k >= 5941308) AND (k <= 5941408))
	  ->  Bitmap Index Scan on k_4  (cost=0.00..5.44 rows=101 width=0)
	        Index Cond: ((k >= 5941308) AND (k <= 5941408))

table 5 : explain SELECT k, c FROM sbtest5 WHERE k BETWEEN 5941308 AND 5941408
	Bitmap Heap Scan on sbtest5  (cost=5.42..385.43 rows=96 width=125)
	  Recheck Cond: ((k >= 5941308) AND (k <= 5941408))
	  ->  Bitmap Index Scan on k_5  (cost=0.00..5.39 rows=96 width=0)
	        Index Cond: ((k >= 5941308) AND (k <= 5941408))

table 6 : explain SELECT k, c FROM sbtest6 WHERE k BETWEEN 5941308 AND 5941408
	Bitmap Heap Scan on sbtest6  (cost=5.48..409.07 rows=102 width=125)
	  Recheck Cond: ((k >= 5941308) AND (k <= 5941408))
	  ->  Bitmap Index Scan on k_6  (cost=0.00..5.45 rows=102 width=0)
	        Index Cond: ((k >= 5941308) AND (k <= 5941408))

table 7 : explain SELECT k, c FROM sbtest7 WHERE k BETWEEN 5941308 AND 5941408
	Bitmap Heap Scan on sbtest7  (cost=5.51..420.88 rows=105 width=125)
	  Recheck Cond: ((k >= 5941308) AND (k <= 5941408))
	  ->  Bitmap Index Scan on k_7  (cost=0.00..5.48 rows=105 width=0)
	        Index Cond: ((k >= 5941308) AND (k <= 5941408))

table 8 : explain SELECT k, c FROM sbtest8 WHERE k BETWEEN 5941308 AND 5941408
	Bitmap Heap Scan on sbtest8  (cost=5.42..385.43 rows=96 width=125)
	  Recheck Cond: ((k >= 5941308) AND (k <= 5941408))
	  ->  Bitmap Index Scan on k_8  (cost=0.00..5.39 rows=96 width=0)
	        Index Cond: ((k >= 5941308) AND (k <= 5941408))

for range-notcovered
table 1 : explain SELECT k, c FROM sbtest1 WHERE k BETWEEN 6041609 AND 6041709
	Bitmap Heap Scan on sbtest1  (cost=5.46..401.19 rows=100 width=125)
	  Recheck Cond: ((k >= 6041609) AND (k <= 6041709))
	  ->  Bitmap Index Scan on k_1  (cost=0.00..5.43 rows=100 width=0)
	        Index Cond: ((k >= 6041609) AND (k <= 6041709))

table 2 : explain SELECT k, c FROM sbtest2 WHERE k BETWEEN 6041609 AND 6041709
	Bitmap Heap Scan on sbtest2  (cost=5.45..397.25 rows=99 width=125)
	  Recheck Cond: ((k >= 6041609) AND (k <= 6041709))
	  ->  Bitmap Index Scan on k_2  (cost=0.00..5.42 rows=99 width=0)
	        Index Cond: ((k >= 6041609) AND (k <= 6041709))

table 3 : explain SELECT k, c FROM sbtest3 WHERE k BETWEEN 6041609 AND 6041709
	Bitmap Heap Scan on sbtest3  (cost=5.52..424.81 rows=106 width=125)
	  Recheck Cond: ((k >= 6041609) AND (k <= 6041709))
	  ->  Bitmap Index Scan on k_3  (cost=0.00..5.50 rows=106 width=0)
	        Index Cond: ((k >= 6041609) AND (k <= 6041709))

table 4 : explain SELECT k, c FROM sbtest4 WHERE k BETWEEN 6041609 AND 6041709
	Bitmap Heap Scan on sbtest4  (cost=5.50..416.94 rows=104 width=125)
	  Recheck Cond: ((k >= 6041609) AND (k <= 6041709))
	  ->  Bitmap Index Scan on k_4  (cost=0.00..5.47 rows=104 width=0)
	        Index Cond: ((k >= 6041609) AND (k <= 6041709))

table 5 : explain SELECT k, c FROM sbtest5 WHERE k BETWEEN 6041609 AND 6041709
	Bitmap Heap Scan on sbtest5  (cost=5.42..385.43 rows=96 width=125)
	  Recheck Cond: ((k >= 6041609) AND (k <= 6041709))
	  ->  Bitmap Index Scan on k_5  (cost=0.00..5.39 rows=96 width=0)
	        Index Cond: ((k >= 6041609) AND (k <= 6041709))

table 6 : explain SELECT k, c FROM sbtest6 WHERE k BETWEEN 6041609 AND 6041709
	Bitmap Heap Scan on sbtest6  (cost=5.44..393.31 rows=98 width=125)
	  Recheck Cond: ((k >= 6041609) AND (k <= 6041709))
	  ->  Bitmap Index Scan on k_6  (cost=0.00..5.42 rows=98 width=0)
	        Index Cond: ((k >= 6041609) AND (k <= 6041709))

table 7 : explain SELECT k, c FROM sbtest7 WHERE k BETWEEN 6041609 AND 6041709
	Bitmap Heap Scan on sbtest7  (cost=5.54..432.69 rows=108 width=125)
	  Recheck Cond: ((k >= 6041609) AND (k <= 6041709))
	  ->  Bitmap Index Scan on k_7  (cost=0.00..5.51 rows=108 width=0)
	        Index Cond: ((k >= 6041609) AND (k <= 6041709))

table 8 : explain SELECT k, c FROM sbtest8 WHERE k BETWEEN 6041609 AND 6041709
	Bitmap Heap Scan on sbtest8  (cost=5.41..381.49 rows=95 width=125)
	  Recheck Cond: ((k >= 6041609) AND (k <= 6041709))
	  ->  Bitmap Index Scan on k_8  (cost=0.00..5.38 rows=95 width=0)
	        Index Cond: ((k >= 6041609) AND (k <= 6041709))

explain: for range-notcovered :: explain SELECT k, c FROM sbtest%d WHERE k BETWEEN 5941308 AND 5941408
for range-notcovered
table 1 : explain SELECT k, c FROM sbtest1 WHERE k BETWEEN 6261132 AND 6261232
	Bitmap Heap Scan on sbtest1  (cost=5.53..428.75 rows=107 width=125)
	  Recheck Cond: ((k >= 6261132) AND (k <= 6261232))
	  ->  Bitmap Index Scan on k_1  (cost=0.00..5.50 rows=107 width=0)
	        Index Cond: ((k >= 6261132) AND (k <= 6261232))

table 2 : explain SELECT k, c FROM sbtest2 WHERE k BETWEEN 6261132 AND 6261232
	Bitmap Heap Scan on sbtest2  (cost=5.37..365.72 rows=91 width=125)
	  Recheck Cond: ((k >= 6261132) AND (k <= 6261232))
	  ->  Bitmap Index Scan on k_2  (cost=0.00..5.34 rows=91 width=0)
	        Index Cond: ((k >= 6261132) AND (k <= 6261232))

table 3 : explain SELECT k, c FROM sbtest3 WHERE k BETWEEN 6261132 AND 6261232
	Bitmap Heap Scan on sbtest3  (cost=5.50..416.94 rows=104 width=125)
	  Recheck Cond: ((k >= 6261132) AND (k <= 6261232))
	  ->  Bitmap Index Scan on k_3  (cost=0.00..5.47 rows=104 width=0)
	        Index Cond: ((k >= 6261132) AND (k <= 6261232))

table 4 : explain SELECT k, c FROM sbtest4 WHERE k BETWEEN 6261132 AND 6261232
	Bitmap Heap Scan on sbtest4  (cost=5.34..353.89 rows=88 width=125)
	  Recheck Cond: ((k >= 6261132) AND (k <= 6261232))
	  ->  Bitmap Index Scan on k_4  (cost=0.00..5.31 rows=88 width=0)
	        Index Cond: ((k >= 6261132) AND (k <= 6261232))

table 5 : explain SELECT k, c FROM sbtest5 WHERE k BETWEEN 6261132 AND 6261232
	Bitmap Heap Scan on sbtest5  (cost=5.48..409.07 rows=102 width=125)
	  Recheck Cond: ((k >= 6261132) AND (k <= 6261232))
	  ->  Bitmap Index Scan on k_5  (cost=0.00..5.45 rows=102 width=0)
	        Index Cond: ((k >= 6261132) AND (k <= 6261232))

table 6 : explain SELECT k, c FROM sbtest6 WHERE k BETWEEN 6261132 AND 6261232
	Bitmap Heap Scan on sbtest6  (cost=5.47..405.13 rows=101 width=125)
	  Recheck Cond: ((k >= 6261132) AND (k <= 6261232))
	  ->  Bitmap Index Scan on k_6  (cost=0.00..5.44 rows=101 width=0)
	        Index Cond: ((k >= 6261132) AND (k <= 6261232))

table 7 : explain SELECT k, c FROM sbtest7 WHERE k BETWEEN 6261132 AND 6261232
	Bitmap Heap Scan on sbtest7  (cost=5.51..420.88 rows=105 width=125)
	  Recheck Cond: ((k >= 6261132) AND (k <= 6261232))
	  ->  Bitmap Index Scan on k_7  (cost=0.00..5.48 rows=105 width=0)
	        Index Cond: ((k >= 6261132) AND (k <= 6261232))

table 8 : explain SELECT k, c FROM sbtest8 WHERE k BETWEEN 6261132 AND 6261232
	Bitmap Heap Scan on sbtest8  (cost=5.52..424.81 rows=106 width=125)
	  Recheck Cond: ((k >= 6261132) AND (k <= 6261232))
	  ->  Bitmap Index Scan on k_8  (cost=0.00..5.50 rows=106 width=0)
	        Index Cond: ((k >= 6261132) AND (k <= 6261232))

for range-notcovered
table 1 : explain SELECT k, c FROM sbtest1 WHERE k BETWEEN 6171319 AND 6171419
	Bitmap Heap Scan on sbtest1  (cost=5.41..381.49 rows=95 width=125)
	  Recheck Cond: ((k >= 6171319) AND (k <= 6171419))
	  ->  Bitmap Index Scan on k_1  (cost=0.00..5.38 rows=95 width=0)
	        Index Cond: ((k >= 6171319) AND (k <= 6171419))

table 2 : explain SELECT k, c FROM sbtest2 WHERE k BETWEEN 6171319 AND 6171419
	Bitmap Heap Scan on sbtest2  (cost=5.54..432.69 rows=108 width=125)
	  Recheck Cond: ((k >= 6171319) AND (k <= 6171419))
	  ->  Bitmap Index Scan on k_2  (cost=0.00..5.51 rows=108 width=0)
	        Index Cond: ((k >= 6171319) AND (k <= 6171419))

table 3 : explain SELECT k, c FROM sbtest3 WHERE k BETWEEN 6171319 AND 6171419
	Bitmap Heap Scan on sbtest3  (cost=5.43..389.37 rows=97 width=125)
	  Recheck Cond: ((k >= 6171319) AND (k <= 6171419))
	  ->  Bitmap Index Scan on k_3  (cost=0.00..5.40 rows=97 width=0)
	        Index Cond: ((k >= 6171319) AND (k <= 6171419))

table 4 : explain SELECT k, c FROM sbtest4 WHERE k BETWEEN 6171319 AND 6171419
	Bitmap Heap Scan on sbtest4  (cost=5.34..353.89 rows=88 width=125)
	  Recheck Cond: ((k >= 6171319) AND (k <= 6171419))
	  ->  Bitmap Index Scan on k_4  (cost=0.00..5.31 rows=88 width=0)
	        Index Cond: ((k >= 6171319) AND (k <= 6171419))

table 5 : explain SELECT k, c FROM sbtest5 WHERE k BETWEEN 6171319 AND 6171419
	Bitmap Heap Scan on sbtest5  (cost=5.38..369.67 rows=92 width=125)
	  Recheck Cond: ((k >= 6171319) AND (k <= 6171419))
	  ->  Bitmap Index Scan on k_5  (cost=0.00..5.35 rows=92 width=0)
	        Index Cond: ((k >= 6171319) AND (k <= 6171419))

table 6 : explain SELECT k, c FROM sbtest6 WHERE k BETWEEN 6171319 AND 6171419
	Bitmap Heap Scan on sbtest6  (cost=5.42..385.43 rows=96 width=125)
	  Recheck Cond: ((k >= 6171319) AND (k <= 6171419))
	  ->  Bitmap Index Scan on k_6  (cost=0.00..5.39 rows=96 width=0)
	        Index Cond: ((k >= 6171319) AND (k <= 6171419))

table 7 : explain SELECT k, c FROM sbtest7 WHERE k BETWEEN 6171319 AND 6171419
	Bitmap Heap Scan on sbtest7  (cost=5.50..416.94 rows=104 width=125)
	  Recheck Cond: ((k >= 6171319) AND (k <= 6171419))
	  ->  Bitmap Index Scan on k_7  (cost=0.00..5.47 rows=104 width=0)
	        Index Cond: ((k >= 6171319) AND (k <= 6171419))

table 8 : explain SELECT k, c FROM sbtest8 WHERE k BETWEEN 6171319 AND 6171419
	Bitmap Heap Scan on sbtest8  (cost=5.54..432.69 rows=108 width=125)
	  Recheck Cond: ((k >= 6171319) AND (k <= 6171419))
	  ->  Bitmap Index Scan on k_8  (cost=0.00..5.51 rows=108 width=0)
	        Index Cond: ((k >= 6171319) AND (k <= 6171419))

for range-notcovered
table 1 : explain SELECT k, c FROM sbtest1 WHERE k BETWEEN 2242202 AND 2242302
	Bitmap Heap Scan on sbtest1  (cost=5.58..448.42 rows=112 width=125)
	  Recheck Cond: ((k >= 2242202) AND (k <= 2242302))
	  ->  Bitmap Index Scan on k_1  (cost=0.00..5.55 rows=112 width=0)
	        Index Cond: ((k >= 2242202) AND (k <= 2242302))

table 2 : explain SELECT k, c FROM sbtest2 WHERE k BETWEEN 2242202 AND 2242302
	Bitmap Heap Scan on sbtest2  (cost=5.53..428.75 rows=107 width=125)
	  Recheck Cond: ((k >= 2242202) AND (k <= 2242302))
	  ->  Bitmap Index Scan on k_2  (cost=0.00..5.50 rows=107 width=0)
	        Index Cond: ((k >= 2242202) AND (k <= 2242302))

table 3 : explain SELECT k, c FROM sbtest3 WHERE k BETWEEN 2242202 AND 2242302
	Bitmap Heap Scan on sbtest3  (cost=5.48..409.07 rows=102 width=125)
	  Recheck Cond: ((k >= 2242202) AND (k <= 2242302))
	  ->  Bitmap Index Scan on k_3  (cost=0.00..5.45 rows=102 width=0)
	        Index Cond: ((k >= 2242202) AND (k <= 2242302))

table 4 : explain SELECT k, c FROM sbtest4 WHERE k BETWEEN 2242202 AND 2242302
	Bitmap Heap Scan on sbtest4  (cost=5.43..389.37 rows=97 width=125)
	  Recheck Cond: ((k >= 2242202) AND (k <= 2242302))
	  ->  Bitmap Index Scan on k_4  (cost=0.00..5.40 rows=97 width=0)
	        Index Cond: ((k >= 2242202) AND (k <= 2242302))

table 5 : explain SELECT k, c FROM sbtest5 WHERE k BETWEEN 2242202 AND 2242302
	Bitmap Heap Scan on sbtest5  (cost=5.55..436.62 rows=109 width=125)
	  Recheck Cond: ((k >= 2242202) AND (k <= 2242302))
	  ->  Bitmap Index Scan on k_5  (cost=0.00..5.52 rows=109 width=0)
	        Index Cond: ((k >= 2242202) AND (k <= 2242302))

table 6 : explain SELECT k, c FROM sbtest6 WHERE k BETWEEN 2242202 AND 2242302
	Bitmap Heap Scan on sbtest6  (cost=5.49..413.00 rows=103 width=125)
	  Recheck Cond: ((k >= 2242202) AND (k <= 2242302))
	  ->  Bitmap Index Scan on k_6  (cost=0.00..5.46 rows=103 width=0)
	        Index Cond: ((k >= 2242202) AND (k <= 2242302))

table 7 : explain SELECT k, c FROM sbtest7 WHERE k BETWEEN 2242202 AND 2242302
	Bitmap Heap Scan on sbtest7  (cost=5.44..393.31 rows=98 width=125)
	  Recheck Cond: ((k >= 2242202) AND (k <= 2242302))
	  ->  Bitmap Index Scan on k_7  (cost=0.00..5.42 rows=98 width=0)
	        Index Cond: ((k >= 2242202) AND (k <= 2242302))

table 8 : explain SELECT k, c FROM sbtest8 WHERE k BETWEEN 2242202 AND 2242302
	Bitmap Heap Scan on sbtest8  (cost=5.54..432.69 rows=108 width=125)
	  Recheck Cond: ((k >= 2242202) AND (k <= 2242302))
	  ->  Bitmap Index Scan on k_8  (cost=0.00..5.51 rows=108 width=0)
	        Index Cond: ((k >= 2242202) AND (k <= 2242302))

explain: for range-notcovered :: explain SELECT k, c FROM sbtest%d WHERE k BETWEEN 6261132 AND 6261232
explain: for range-notcovered :: explain SELECT k, c FROM sbtest%d WHERE k BETWEEN 6041609 AND 6041709
explain: for range-notcovered :: explain SELECT k, c FROM sbtest%d WHERE k BETWEEN 6171319 AND 6171419
explain: for range-notcovered :: explain SELECT k, c FROM sbtest%d WHERE k BETWEEN 2242202 AND 2242302
for range-notcovered
table 1 : explain SELECT k, c FROM sbtest1 WHERE k BETWEEN 5531888 AND 5531988
	Bitmap Heap Scan on sbtest1  (cost=5.55..436.62 rows=109 width=125)
	  Recheck Cond: ((k >= 5531888) AND (k <= 5531988))
	  ->  Bitmap Index Scan on k_1  (cost=0.00..5.52 rows=109 width=0)
	        Index Cond: ((k >= 5531888) AND (k <= 5531988))

table 2 : explain SELECT k, c FROM sbtest2 WHERE k BETWEEN 5531888 AND 5531988
	Bitmap Heap Scan on sbtest2  (cost=5.50..416.94 rows=104 width=125)
	  Recheck Cond: ((k >= 5531888) AND (k <= 5531988))
	  ->  Bitmap Index Scan on k_2  (cost=0.00..5.47 rows=104 width=0)
	        Index Cond: ((k >= 5531888) AND (k <= 5531988))

table 3 : explain SELECT k, c FROM sbtest3 WHERE k BETWEEN 5531888 AND 5531988
	Bitmap Heap Scan on sbtest3  (cost=5.49..413.00 rows=103 width=125)
	  Recheck Cond: ((k >= 5531888) AND (k <= 5531988))
	  ->  Bitmap Index Scan on k_3  (cost=0.00..5.46 rows=103 width=0)
	        Index Cond: ((k >= 5531888) AND (k <= 5531988))

table 4 : explain SELECT k, c FROM sbtest4 WHERE k BETWEEN 5531888 AND 5531988
	Bitmap Heap Scan on sbtest4  (cost=5.41..381.49 rows=95 width=125)
	  Recheck Cond: ((k >= 5531888) AND (k <= 5531988))
	  ->  Bitmap Index Scan on k_4  (cost=0.00..5.38 rows=95 width=0)
	        Index Cond: ((k >= 5531888) AND (k <= 5531988))

table 5 : explain SELECT k, c FROM sbtest5 WHERE k BETWEEN 5531888 AND 5531988
	Bitmap Heap Scan on sbtest5  (cost=5.58..448.42 rows=112 width=125)
	  Recheck Cond: ((k >= 5531888) AND (k <= 5531988))
	  ->  Bitmap Index Scan on k_5  (cost=0.00..5.55 rows=112 width=0)
	        Index Cond: ((k >= 5531888) AND (k <= 5531988))

table 6 : explain SELECT k, c FROM sbtest6 WHERE k BETWEEN 5531888 AND 5531988
	Bitmap Heap Scan on sbtest6  (cost=5.51..420.88 rows=105 width=125)
	  Recheck Cond: ((k >= 5531888) AND (k <= 5531988))
	  ->  Bitmap Index Scan on k_6  (cost=0.00..5.48 rows=105 width=0)
	        Index Cond: ((k >= 5531888) AND (k <= 5531988))

table 7 : explain SELECT k, c FROM sbtest7 WHERE k BETWEEN 5531888 AND 5531988
	Bitmap Heap Scan on sbtest7  (cost=5.45..397.25 rows=99 width=125)
	  Recheck Cond: ((k >= 5531888) AND (k <= 5531988))
	  ->  Bitmap Index Scan on k_7  (cost=0.00..5.42 rows=99 width=0)
	        Index Cond: ((k >= 5531888) AND (k <= 5531988))

table 8 : explain SELECT k, c FROM sbtest8 WHERE k BETWEEN 5531888 AND 5531988
	Bitmap Heap Scan on sbtest8  (cost=5.44..393.31 rows=98 width=125)
	  Recheck Cond: ((k >= 5531888) AND (k <= 5531988))
	  ->  Bitmap Index Scan on k_8  (cost=0.00..5.42 rows=98 width=0)
	        Index Cond: ((k >= 5531888) AND (k <= 5531988))

explain: for range-notcovered :: explain SELECT k, c FROM sbtest%d WHERE k BETWEEN 5531888 AND 5531988
for range-notcovered
table 1 : explain SELECT k, c FROM sbtest1 WHERE k BETWEEN 3194969 AND 3195069
	Bitmap Heap Scan on sbtest1  (cost=5.49..413.00 rows=103 width=125)
	  Recheck Cond: ((k >= 3194969) AND (k <= 3195069))
	  ->  Bitmap Index Scan on k_1  (cost=0.00..5.46 rows=103 width=0)
	        Index Cond: ((k >= 3194969) AND (k <= 3195069))

table 2 : explain SELECT k, c FROM sbtest2 WHERE k BETWEEN 3194969 AND 3195069
	Bitmap Heap Scan on sbtest2  (cost=5.49..413.00 rows=103 width=125)
	  Recheck Cond: ((k >= 3194969) AND (k <= 3195069))
	  ->  Bitmap Index Scan on k_2  (cost=0.00..5.46 rows=103 width=0)
	        Index Cond: ((k >= 3194969) AND (k <= 3195069))

table 3 : explain SELECT k, c FROM sbtest3 WHERE k BETWEEN 3194969 AND 3195069
	Bitmap Heap Scan on sbtest3  (cost=5.40..377.55 rows=94 width=125)
	  Recheck Cond: ((k >= 3194969) AND (k <= 3195069))
	  ->  Bitmap Index Scan on k_3  (cost=0.00..5.38 rows=94 width=0)
	        Index Cond: ((k >= 3194969) AND (k <= 3195069))

table 4 : explain SELECT k, c FROM sbtest4 WHERE k BETWEEN 3194969 AND 3195069
	Bitmap Heap Scan on sbtest4  (cost=5.56..440.56 rows=110 width=125)
	  Recheck Cond: ((k >= 3194969) AND (k <= 3195069))
	  ->  Bitmap Index Scan on k_4  (cost=0.00..5.53 rows=110 width=0)
	        Index Cond: ((k >= 3194969) AND (k <= 3195069))

table 5 : explain SELECT k, c FROM sbtest5 WHERE k BETWEEN 3194969 AND 3195069
	Bitmap Heap Scan on sbtest5  (cost=5.47..405.13 rows=101 width=125)
	  Recheck Cond: ((k >= 3194969) AND (k <= 3195069))
	  ->  Bitmap Index Scan on k_5  (cost=0.00..5.44 rows=101 width=0)
	        Index Cond: ((k >= 3194969) AND (k <= 3195069))

table 6 : explain SELECT k, c FROM sbtest6 WHERE k BETWEEN 3194969 AND 3195069
	Bitmap Heap Scan on sbtest6  (cost=5.49..413.00 rows=103 width=125)
	  Recheck Cond: ((k >= 3194969) AND (k <= 3195069))
	  ->  Bitmap Index Scan on k_6  (cost=0.00..5.46 rows=103 width=0)
	        Index Cond: ((k >= 3194969) AND (k <= 3195069))

table 7 : explain SELECT k, c FROM sbtest7 WHERE k BETWEEN 3194969 AND 3195069
	Bitmap Heap Scan on sbtest7  (cost=5.50..416.94 rows=104 width=125)
	  Recheck Cond: ((k >= 3194969) AND (k <= 3195069))
	  ->  Bitmap Index Scan on k_7  (cost=0.00..5.47 rows=104 width=0)
	        Index Cond: ((k >= 3194969) AND (k <= 3195069))

table 8 : explain SELECT k, c FROM sbtest8 WHERE k BETWEEN 3194969 AND 3195069
	Bitmap Heap Scan on sbtest8  (cost=5.57..444.49 rows=111 width=125)
	  Recheck Cond: ((k >= 3194969) AND (k <= 3195069))
	  ->  Bitmap Index Scan on k_8  (cost=0.00..5.54 rows=111 width=0)
	        Index Cond: ((k >= 3194969) AND (k <= 3195069))

for range-notcovered
table 1 : explain SELECT k, c FROM sbtest1 WHERE k BETWEEN 4323170 AND 4323270
	Bitmap Heap Scan on sbtest1  (cost=5.43..389.37 rows=97 width=125)
	  Recheck Cond: ((k >= 4323170) AND (k <= 4323270))
	  ->  Bitmap Index Scan on k_1  (cost=0.00..5.40 rows=97 width=0)
	        Index Cond: ((k >= 4323170) AND (k <= 4323270))

table 2 : explain SELECT k, c FROM sbtest2 WHERE k BETWEEN 4323170 AND 4323270
	Bitmap Heap Scan on sbtest2  (cost=5.53..428.75 rows=107 width=125)
	  Recheck Cond: ((k >= 4323170) AND (k <= 4323270))
	  ->  Bitmap Index Scan on k_2  (cost=0.00..5.50 rows=107 width=0)
	        Index Cond: ((k >= 4323170) AND (k <= 4323270))

table 3 : explain SELECT k, c FROM sbtest3 WHERE k BETWEEN 4323170 AND 4323270
	Bitmap Heap Scan on sbtest3  (cost=5.48..409.07 rows=102 width=125)
	  Recheck Cond: ((k >= 4323170) AND (k <= 4323270))
	  ->  Bitmap Index Scan on k_3  (cost=0.00..5.45 rows=102 width=0)
	        Index Cond: ((k >= 4323170) AND (k <= 4323270))

table 4 : explain SELECT k, c FROM sbtest4 WHERE k BETWEEN 4323170 AND 4323270
	Bitmap Heap Scan on sbtest4  (cost=5.56..440.56 rows=110 width=125)
	  Recheck Cond: ((k >= 4323170) AND (k <= 4323270))
	  ->  Bitmap Index Scan on k_4  (cost=0.00..5.53 rows=110 width=0)
	        Index Cond: ((k >= 4323170) AND (k <= 4323270))

table 5 : explain SELECT k, c FROM sbtest5 WHERE k BETWEEN 4323170 AND 4323270
	Bitmap Heap Scan on sbtest5  (cost=5.49..413.00 rows=103 width=125)
	  Recheck Cond: ((k >= 4323170) AND (k <= 4323270))
	  ->  Bitmap Index Scan on k_5  (cost=0.00..5.46 rows=103 width=0)
	        Index Cond: ((k >= 4323170) AND (k <= 4323270))

table 6 : explain SELECT k, c FROM sbtest6 WHERE k BETWEEN 4323170 AND 4323270
	Bitmap Heap Scan on sbtest6  (cost=5.55..436.62 rows=109 width=125)
	  Recheck Cond: ((k >= 4323170) AND (k <= 4323270))
	  ->  Bitmap Index Scan on k_6  (cost=0.00..5.52 rows=109 width=0)
	        Index Cond: ((k >= 4323170) AND (k <= 4323270))

table 7 : explain SELECT k, c FROM sbtest7 WHERE k BETWEEN 4323170 AND 4323270
	Bitmap Heap Scan on sbtest7  (cost=5.42..385.43 rows=96 width=125)
	  Recheck Cond: ((k >= 4323170) AND (k <= 4323270))
	  ->  Bitmap Index Scan on k_7  (cost=0.00..5.39 rows=96 width=0)
	        Index Cond: ((k >= 4323170) AND (k <= 4323270))

table 8 : explain SELECT k, c FROM sbtest8 WHERE k BETWEEN 4323170 AND 4323270
	Bitmap Heap Scan on sbtest8  (cost=5.46..401.19 rows=100 width=125)
	  Recheck Cond: ((k >= 4323170) AND (k <= 4323270))
	  ->  Bitmap Index Scan on k_8  (cost=0.00..5.43 rows=100 width=0)
	        Index Cond: ((k >= 4323170) AND (k <= 4323270))

explain: for range-notcovered :: explain SELECT k, c FROM sbtest%d WHERE k BETWEEN 4323170 AND 4323270
for range-notcovered
table 1 : explain SELECT k, c FROM sbtest1 WHERE k BETWEEN 6261132 AND 6261232
	Bitmap Heap Scan on sbtest1  (cost=5.53..428.75 rows=107 width=125)
	  Recheck Cond: ((k >= 6261132) AND (k <= 6261232))
	  ->  Bitmap Index Scan on k_1  (cost=0.00..5.50 rows=107 width=0)
	        Index Cond: ((k >= 6261132) AND (k <= 6261232))

table 2 : explain SELECT k, c FROM sbtest2 WHERE k BETWEEN 6261132 AND 6261232
	Bitmap Heap Scan on sbtest2  (cost=5.37..365.72 rows=91 width=125)
	  Recheck Cond: ((k >= 6261132) AND (k <= 6261232))
	  ->  Bitmap Index Scan on k_2  (cost=0.00..5.34 rows=91 width=0)
	        Index Cond: ((k >= 6261132) AND (k <= 6261232))

table 3 : explain SELECT k, c FROM sbtest3 WHERE k BETWEEN 6261132 AND 6261232
	Bitmap Heap Scan on sbtest3  (cost=5.50..416.94 rows=104 width=125)
	  Recheck Cond: ((k >= 6261132) AND (k <= 6261232))
	  ->  Bitmap Index Scan on k_3  (cost=0.00..5.47 rows=104 width=0)
	        Index Cond: ((k >= 6261132) AND (k <= 6261232))

table 4 : explain SELECT k, c FROM sbtest4 WHERE k BETWEEN 6261132 AND 6261232
	Bitmap Heap Scan on sbtest4  (cost=5.34..353.89 rows=88 width=125)
	  Recheck Cond: ((k >= 6261132) AND (k <= 6261232))
	  ->  Bitmap Index Scan on k_4  (cost=0.00..5.31 rows=88 width=0)
	        Index Cond: ((k >= 6261132) AND (k <= 6261232))

table 5 : explain SELECT k, c FROM sbtest5 WHERE k BETWEEN 6261132 AND 6261232
	Bitmap Heap Scan on sbtest5  (cost=5.48..409.07 rows=102 width=125)
	  Recheck Cond: ((k >= 6261132) AND (k <= 6261232))
	  ->  Bitmap Index Scan on k_5  (cost=0.00..5.45 rows=102 width=0)
	        Index Cond: ((k >= 6261132) AND (k <= 6261232))

table 6 : explain SELECT k, c FROM sbtest6 WHERE k BETWEEN 6261132 AND 6261232
	Bitmap Heap Scan on sbtest6  (cost=5.47..405.13 rows=101 width=125)
	  Recheck Cond: ((k >= 6261132) AND (k <= 6261232))
	  ->  Bitmap Index Scan on k_6  (cost=0.00..5.44 rows=101 width=0)
	        Index Cond: ((k >= 6261132) AND (k <= 6261232))

table 7 : explain SELECT k, c FROM sbtest7 WHERE k BETWEEN 6261132 AND 6261232
	Bitmap Heap Scan on sbtest7  (cost=5.51..420.88 rows=105 width=125)
	  Recheck Cond: ((k >= 6261132) AND (k <= 6261232))
	  ->  Bitmap Index Scan on k_7  (cost=0.00..5.48 rows=105 width=0)
	        Index Cond: ((k >= 6261132) AND (k <= 6261232))

table 8 : explain SELECT k, c FROM sbtest8 WHERE k BETWEEN 6261132 AND 6261232
	Bitmap Heap Scan on sbtest8  (cost=5.52..424.81 rows=106 width=125)
	  Recheck Cond: ((k >= 6261132) AND (k <= 6261232))
	  ->  Bitmap Index Scan on k_8  (cost=0.00..5.50 rows=106 width=0)
	        Index Cond: ((k >= 6261132) AND (k <= 6261232))

explain: for range-notcovered :: explain SELECT k, c FROM sbtest%d WHERE k BETWEEN 6261132 AND 6261232
for range-notcovered
table 1 : explain SELECT k, c FROM sbtest1 WHERE k BETWEEN 2242202 AND 2242302
	Bitmap Heap Scan on sbtest1  (cost=5.58..448.42 rows=112 width=125)
	  Recheck Cond: ((k >= 2242202) AND (k <= 2242302))
	  ->  Bitmap Index Scan on k_1  (cost=0.00..5.55 rows=112 width=0)
	        Index Cond: ((k >= 2242202) AND (k <= 2242302))

table 2 : explain SELECT k, c FROM sbtest2 WHERE k BETWEEN 2242202 AND 2242302
	Bitmap Heap Scan on sbtest2  (cost=5.53..428.75 rows=107 width=125)
	  Recheck Cond: ((k >= 2242202) AND (k <= 2242302))
	  ->  Bitmap Index Scan on k_2  (cost=0.00..5.50 rows=107 width=0)
	        Index Cond: ((k >= 2242202) AND (k <= 2242302))

table 3 : explain SELECT k, c FROM sbtest3 WHERE k BETWEEN 2242202 AND 2242302
	Bitmap Heap Scan on sbtest3  (cost=5.48..409.07 rows=102 width=125)
	  Recheck Cond: ((k >= 2242202) AND (k <= 2242302))
	  ->  Bitmap Index Scan on k_3  (cost=0.00..5.45 rows=102 width=0)
	        Index Cond: ((k >= 2242202) AND (k <= 2242302))

table 4 : explain SELECT k, c FROM sbtest4 WHERE k BETWEEN 2242202 AND 2242302
	Bitmap Heap Scan on sbtest4  (cost=5.43..389.37 rows=97 width=125)
	  Recheck Cond: ((k >= 2242202) AND (k <= 2242302))
	  ->  Bitmap Index Scan on k_4  (cost=0.00..5.40 rows=97 width=0)
	        Index Cond: ((k >= 2242202) AND (k <= 2242302))

table 5 : explain SELECT k, c FROM sbtest5 WHERE k BETWEEN 2242202 AND 2242302
	Bitmap Heap Scan on sbtest5  (cost=5.55..436.62 rows=109 width=125)
	  Recheck Cond: ((k >= 2242202) AND (k <= 2242302))
	  ->  Bitmap Index Scan on k_5  (cost=0.00..5.52 rows=109 width=0)
	        Index Cond: ((k >= 2242202) AND (k <= 2242302))

table 6 : explain SELECT k, c FROM sbtest6 WHERE k BETWEEN 2242202 AND 2242302
	Bitmap Heap Scan on sbtest6  (cost=5.49..413.00 rows=103 width=125)
	  Recheck Cond: ((k >= 2242202) AND (k <= 2242302))
	  ->  Bitmap Index Scan on k_6  (cost=0.00..5.46 rows=103 width=0)
	        Index Cond: ((k >= 2242202) AND (k <= 2242302))

table 7 : explain SELECT k, c FROM sbtest7 WHERE k BETWEEN 2242202 AND 2242302
	Bitmap Heap Scan on sbtest7  (cost=5.44..393.31 rows=98 width=125)
	  Recheck Cond: ((k >= 2242202) AND (k <= 2242302))
	  ->  Bitmap Index Scan on k_7  (cost=0.00..5.42 rows=98 width=0)
	        Index Cond: ((k >= 2242202) AND (k <= 2242302))

table 8 : explain SELECT k, c FROM sbtest8 WHERE k BETWEEN 2242202 AND 2242302
	Bitmap Heap Scan on sbtest8  (cost=5.54..432.69 rows=108 width=125)
	  Recheck Cond: ((k >= 2242202) AND (k <= 2242302))
	  ->  Bitmap Index Scan on k_8  (cost=0.00..5.51 rows=108 width=0)
	        Index Cond: ((k >= 2242202) AND (k <= 2242302))

for range-notcovered
table 1 : explain SELECT k, c FROM sbtest1 WHERE k BETWEEN 5531888 AND 5531988
	Bitmap Heap Scan on sbtest1  (cost=5.55..436.62 rows=109 width=125)
	  Recheck Cond: ((k >= 5531888) AND (k <= 5531988))
	  ->  Bitmap Index Scan on k_1  (cost=0.00..5.52 rows=109 width=0)
	        Index Cond: ((k >= 5531888) AND (k <= 5531988))

table 2 : explain SELECT k, c FROM sbtest2 WHERE k BETWEEN 5531888 AND 5531988
	Bitmap Heap Scan on sbtest2  (cost=5.50..416.94 rows=104 width=125)
	  Recheck Cond: ((k >= 5531888) AND (k <= 5531988))
	  ->  Bitmap Index Scan on k_2  (cost=0.00..5.47 rows=104 width=0)
	        Index Cond: ((k >= 5531888) AND (k <= 5531988))

table 3 : explain SELECT k, c FROM sbtest3 WHERE k BETWEEN 5531888 AND 5531988
	Bitmap Heap Scan on sbtest3  (cost=5.49..413.00 rows=103 width=125)
	  Recheck Cond: ((k >= 5531888) AND (k <= 5531988))
	  ->  Bitmap Index Scan on k_3  (cost=0.00..5.46 rows=103 width=0)
	        Index Cond: ((k >= 5531888) AND (k <= 5531988))

table 4 : explain SELECT k, c FROM sbtest4 WHERE k BETWEEN 5531888 AND 5531988
	Bitmap Heap Scan on sbtest4  (cost=5.41..381.49 rows=95 width=125)
	  Recheck Cond: ((k >= 5531888) AND (k <= 5531988))
	  ->  Bitmap Index Scan on k_4  (cost=0.00..5.38 rows=95 width=0)
	        Index Cond: ((k >= 5531888) AND (k <= 5531988))

table 5 : explain SELECT k, c FROM sbtest5 WHERE k BETWEEN 5531888 AND 5531988
	Bitmap Heap Scan on sbtest5  (cost=5.58..448.42 rows=112 width=125)
	  Recheck Cond: ((k >= 5531888) AND (k <= 5531988))
	  ->  Bitmap Index Scan on k_5  (cost=0.00..5.55 rows=112 width=0)
	        Index Cond: ((k >= 5531888) AND (k <= 5531988))

table 6 : explain SELECT k, c FROM sbtest6 WHERE k BETWEEN 5531888 AND 5531988
	Bitmap Heap Scan on sbtest6  (cost=5.51..420.88 rows=105 width=125)
	  Recheck Cond: ((k >= 5531888) AND (k <= 5531988))
	  ->  Bitmap Index Scan on k_6  (cost=0.00..5.48 rows=105 width=0)
	        Index Cond: ((k >= 5531888) AND (k <= 5531988))

table 7 : explain SELECT k, c FROM sbtest7 WHERE k BETWEEN 5531888 AND 5531988
	Bitmap Heap Scan on sbtest7  (cost=5.45..397.25 rows=99 width=125)
	  Recheck Cond: ((k >= 5531888) AND (k <= 5531988))
	  ->  Bitmap Index Scan on k_7  (cost=0.00..5.42 rows=99 width=0)
	        Index Cond: ((k >= 5531888) AND (k <= 5531988))

table 8 : explain SELECT k, c FROM sbtest8 WHERE k BETWEEN 5531888 AND 5531988
	Bitmap Heap Scan on sbtest8  (cost=5.44..393.31 rows=98 width=125)
	  Recheck Cond: ((k >= 5531888) AND (k <= 5531988))
	  ->  Bitmap Index Scan on k_8  (cost=0.00..5.42 rows=98 width=0)
	        Index Cond: ((k >= 5531888) AND (k <= 5531988))

explain: for range-notcovered :: explain SELECT k, c FROM sbtest%d WHERE k BETWEEN 2242202 AND 2242302
explain: for range-notcovered :: explain SELECT k, c FROM sbtest%d WHERE k BETWEEN 5531888 AND 5531988
for range-notcovered
table 1 : explain SELECT k, c FROM sbtest1 WHERE k BETWEEN 5941308 AND 5941408
	Bitmap Heap Scan on sbtest1  (cost=5.49..413.00 rows=103 width=125)
	  Recheck Cond: ((k >= 5941308) AND (k <= 5941408))
	  ->  Bitmap Index Scan on k_1  (cost=0.00..5.46 rows=103 width=0)
	        Index Cond: ((k >= 5941308) AND (k <= 5941408))

table 2 : explain SELECT k, c FROM sbtest2 WHERE k BETWEEN 5941308 AND 5941408
	Bitmap Heap Scan on sbtest2  (cost=5.51..420.88 rows=105 width=125)
	  Recheck Cond: ((k >= 5941308) AND (k <= 5941408))
	  ->  Bitmap Index Scan on k_2  (cost=0.00..5.48 rows=105 width=0)
	        Index Cond: ((k >= 5941308) AND (k <= 5941408))

table 3 : explain SELECT k, c FROM sbtest3 WHERE k BETWEEN 5941308 AND 5941408
	Bitmap Heap Scan on sbtest3  (cost=5.49..413.00 rows=103 width=125)
	  Recheck Cond: ((k >= 5941308) AND (k <= 5941408))
	  ->  Bitmap Index Scan on k_3  (cost=0.00..5.46 rows=103 width=0)
	        Index Cond: ((k >= 5941308) AND (k <= 5941408))

table 4 : explain SELECT k, c FROM sbtest4 WHERE k BETWEEN 5941308 AND 5941408
	Bitmap Heap Scan on sbtest4  (cost=5.47..405.13 rows=101 width=125)
	  Recheck Cond: ((k >= 5941308) AND (k <= 5941408))
	  ->  Bitmap Index Scan on k_4  (cost=0.00..5.44 rows=101 width=0)
	        Index Cond: ((k >= 5941308) AND (k <= 5941408))

table 5 : explain SELECT k, c FROM sbtest5 WHERE k BETWEEN 5941308 AND 5941408
	Bitmap Heap Scan on sbtest5  (cost=5.42..385.43 rows=96 width=125)
	  Recheck Cond: ((k >= 5941308) AND (k <= 5941408))
	  ->  Bitmap Index Scan on k_5  (cost=0.00..5.39 rows=96 width=0)
	        Index Cond: ((k >= 5941308) AND (k <= 5941408))

table 6 : explain SELECT k, c FROM sbtest6 WHERE k BETWEEN 5941308 AND 5941408
	Bitmap Heap Scan on sbtest6  (cost=5.48..409.07 rows=102 width=125)
	  Recheck Cond: ((k >= 5941308) AND (k <= 5941408))
	  ->  Bitmap Index Scan on k_6  (cost=0.00..5.45 rows=102 width=0)
	        Index Cond: ((k >= 5941308) AND (k <= 5941408))

table 7 : explain SELECT k, c FROM sbtest7 WHERE k BETWEEN 5941308 AND 5941408
	Bitmap Heap Scan on sbtest7  (cost=5.51..420.88 rows=105 width=125)
	  Recheck Cond: ((k >= 5941308) AND (k <= 5941408))
	  ->  Bitmap Index Scan on k_7  (cost=0.00..5.48 rows=105 width=0)
	        Index Cond: ((k >= 5941308) AND (k <= 5941408))

table 8 : explain SELECT k, c FROM sbtest8 WHERE k BETWEEN 5941308 AND 5941408
	Bitmap Heap Scan on sbtest8  (cost=5.42..385.43 rows=96 width=125)
	  Recheck Cond: ((k >= 5941308) AND (k <= 5941408))
	  ->  Bitmap Index Scan on k_8  (cost=0.00..5.39 rows=96 width=0)
	        Index Cond: ((k >= 5941308) AND (k <= 5941408))

for range-notcovered
table 1 : explain SELECT k, c FROM sbtest1 WHERE k BETWEEN 4323170 AND 4323270
	Bitmap Heap Scan on sbtest1  (cost=5.43..389.37 rows=97 width=125)
	  Recheck Cond: ((k >= 4323170) AND (k <= 4323270))
	  ->  Bitmap Index Scan on k_1  (cost=0.00..5.40 rows=97 width=0)
	        Index Cond: ((k >= 4323170) AND (k <= 4323270))

table 2 : explain SELECT k, c FROM sbtest2 WHERE k BETWEEN 4323170 AND 4323270
	Bitmap Heap Scan on sbtest2  (cost=5.53..428.75 rows=107 width=125)
	  Recheck Cond: ((k >= 4323170) AND (k <= 4323270))
	  ->  Bitmap Index Scan on k_2  (cost=0.00..5.50 rows=107 width=0)
	        Index Cond: ((k >= 4323170) AND (k <= 4323270))

table 3 : explain SELECT k, c FROM sbtest3 WHERE k BETWEEN 4323170 AND 4323270
	Bitmap Heap Scan on sbtest3  (cost=5.48..409.07 rows=102 width=125)
	  Recheck Cond: ((k >= 4323170) AND (k <= 4323270))
	  ->  Bitmap Index Scan on k_3  (cost=0.00..5.45 rows=102 width=0)
	        Index Cond: ((k >= 4323170) AND (k <= 4323270))

table 4 : explain SELECT k, c FROM sbtest4 WHERE k BETWEEN 4323170 AND 4323270
	Bitmap Heap Scan on sbtest4  (cost=5.56..440.56 rows=110 width=125)
	  Recheck Cond: ((k >= 4323170) AND (k <= 4323270))
	  ->  Bitmap Index Scan on k_4  (cost=0.00..5.53 rows=110 width=0)
	        Index Cond: ((k >= 4323170) AND (k <= 4323270))

table 5 : explain SELECT k, c FROM sbtest5 WHERE k BETWEEN 4323170 AND 4323270
	Bitmap Heap Scan on sbtest5  (cost=5.49..413.00 rows=103 width=125)
	  Recheck Cond: ((k >= 4323170) AND (k <= 4323270))
	  ->  Bitmap Index Scan on k_5  (cost=0.00..5.46 rows=103 width=0)
	        Index Cond: ((k >= 4323170) AND (k <= 4323270))

table 6 : explain SELECT k, c FROM sbtest6 WHERE k BETWEEN 4323170 AND 4323270
	Bitmap Heap Scan on sbtest6  (cost=5.55..436.62 rows=109 width=125)
	  Recheck Cond: ((k >= 4323170) AND (k <= 4323270))
	  ->  Bitmap Index Scan on k_6  (cost=0.00..5.52 rows=109 width=0)
	        Index Cond: ((k >= 4323170) AND (k <= 4323270))

table 7 : explain SELECT k, c FROM sbtest7 WHERE k BETWEEN 4323170 AND 4323270
	Bitmap Heap Scan on sbtest7  (cost=5.42..385.43 rows=96 width=125)
	  Recheck Cond: ((k >= 4323170) AND (k <= 4323270))
	  ->  Bitmap Index Scan on k_7  (cost=0.00..5.39 rows=96 width=0)
	        Index Cond: ((k >= 4323170) AND (k <= 4323270))

table 8 : explain SELECT k, c FROM sbtest8 WHERE k BETWEEN 4323170 AND 4323270
	Bitmap Heap Scan on sbtest8  (cost=5.46..401.19 rows=100 width=125)
	  Recheck Cond: ((k >= 4323170) AND (k <= 4323270))
	  ->  Bitmap Index Scan on k_8  (cost=0.00..5.43 rows=100 width=0)
	        Index Cond: ((k >= 4323170) AND (k <= 4323270))

explain: for range-notcovered :: explain SELECT k, c FROM sbtest%d WHERE k BETWEEN 7814338 AND 7814438
explain: for range-notcovered :: explain SELECT k, c FROM sbtest%d WHERE k BETWEEN 5941308 AND 5941408
for range-notcovered
table 1 : explain SELECT k, c FROM sbtest1 WHERE k BETWEEN 6041609 AND 6041709
	Bitmap Heap Scan on sbtest1  (cost=5.46..401.19 rows=100 width=125)
	  Recheck Cond: ((k >= 6041609) AND (k <= 6041709))
	  ->  Bitmap Index Scan on k_1  (cost=0.00..5.43 rows=100 width=0)
	        Index Cond: ((k >= 6041609) AND (k <= 6041709))

table 2 : explain SELECT k, c FROM sbtest2 WHERE k BETWEEN 6041609 AND 6041709
	Bitmap Heap Scan on sbtest2  (cost=5.45..397.25 rows=99 width=125)
	  Recheck Cond: ((k >= 6041609) AND (k <= 6041709))
	  ->  Bitmap Index Scan on k_2  (cost=0.00..5.42 rows=99 width=0)
	        Index Cond: ((k >= 6041609) AND (k <= 6041709))

table 3 : explain SELECT k, c FROM sbtest3 WHERE k BETWEEN 6041609 AND 6041709
	Bitmap Heap Scan on sbtest3  (cost=5.52..424.81 rows=106 width=125)
	  Recheck Cond: ((k >= 6041609) AND (k <= 6041709))
	  ->  Bitmap Index Scan on k_3  (cost=0.00..5.50 rows=106 width=0)
	        Index Cond: ((k >= 6041609) AND (k <= 6041709))

table 4 : explain SELECT k, c FROM sbtest4 WHERE k BETWEEN 6041609 AND 6041709
	Bitmap Heap Scan on sbtest4  (cost=5.50..416.94 rows=104 width=125)
	  Recheck Cond: ((k >= 6041609) AND (k <= 6041709))
	  ->  Bitmap Index Scan on k_4  (cost=0.00..5.47 rows=104 width=0)
	        Index Cond: ((k >= 6041609) AND (k <= 6041709))

table 5 : explain SELECT k, c FROM sbtest5 WHERE k BETWEEN 6041609 AND 6041709
	Bitmap Heap Scan on sbtest5  (cost=5.42..385.43 rows=96 width=125)
	  Recheck Cond: ((k >= 6041609) AND (k <= 6041709))
	  ->  Bitmap Index Scan on k_5  (cost=0.00..5.39 rows=96 width=0)
	        Index Cond: ((k >= 6041609) AND (k <= 6041709))

table 6 : explain SELECT k, c FROM sbtest6 WHERE k BETWEEN 6041609 AND 6041709
	Bitmap Heap Scan on sbtest6  (cost=5.44..393.31 rows=98 width=125)
	  Recheck Cond: ((k >= 6041609) AND (k <= 6041709))
	  ->  Bitmap Index Scan on k_6  (cost=0.00..5.42 rows=98 width=0)
	        Index Cond: ((k >= 6041609) AND (k <= 6041709))

table 7 : explain SELECT k, c FROM sbtest7 WHERE k BETWEEN 6041609 AND 6041709
	Bitmap Heap Scan on sbtest7  (cost=5.54..432.69 rows=108 width=125)
	  Recheck Cond: ((k >= 6041609) AND (k <= 6041709))
	  ->  Bitmap Index Scan on k_7  (cost=0.00..5.51 rows=108 width=0)
	        Index Cond: ((k >= 6041609) AND (k <= 6041709))

table 8 : explain SELECT k, c FROM sbtest8 WHERE k BETWEEN 6041609 AND 6041709
	Bitmap Heap Scan on sbtest8  (cost=5.41..381.49 rows=95 width=125)
	  Recheck Cond: ((k >= 6041609) AND (k <= 6041709))
	  ->  Bitmap Index Scan on k_8  (cost=0.00..5.38 rows=95 width=0)
	        Index Cond: ((k >= 6041609) AND (k <= 6041709))

for range-notcovered
table 1 : explain SELECT k, c FROM sbtest1 WHERE k BETWEEN 6261132 AND 6261232
	Bitmap Heap Scan on sbtest1  (cost=5.53..428.75 rows=107 width=125)
	  Recheck Cond: ((k >= 6261132) AND (k <= 6261232))
	  ->  Bitmap Index Scan on k_1  (cost=0.00..5.50 rows=107 width=0)
	        Index Cond: ((k >= 6261132) AND (k <= 6261232))

table 2 : explain SELECT k, c FROM sbtest2 WHERE k BETWEEN 6261132 AND 6261232
	Bitmap Heap Scan on sbtest2  (cost=5.37..365.72 rows=91 width=125)
	  Recheck Cond: ((k >= 6261132) AND (k <= 6261232))
	  ->  Bitmap Index Scan on k_2  (cost=0.00..5.34 rows=91 width=0)
	        Index Cond: ((k >= 6261132) AND (k <= 6261232))

table 3 : explain SELECT k, c FROM sbtest3 WHERE k BETWEEN 6261132 AND 6261232
	Bitmap Heap Scan on sbtest3  (cost=5.50..416.94 rows=104 width=125)
	  Recheck Cond: ((k >= 6261132) AND (k <= 6261232))
	  ->  Bitmap Index Scan on k_3  (cost=0.00..5.47 rows=104 width=0)
	        Index Cond: ((k >= 6261132) AND (k <= 6261232))

table 4 : explain SELECT k, c FROM sbtest4 WHERE k BETWEEN 6261132 AND 6261232
	Bitmap Heap Scan on sbtest4  (cost=5.34..353.89 rows=88 width=125)
	  Recheck Cond: ((k >= 6261132) AND (k <= 6261232))
	  ->  Bitmap Index Scan on k_4  (cost=0.00..5.31 rows=88 width=0)
	        Index Cond: ((k >= 6261132) AND (k <= 6261232))

table 5 : explain SELECT k, c FROM sbtest5 WHERE k BETWEEN 6261132 AND 6261232
	Bitmap Heap Scan on sbtest5  (cost=5.48..409.07 rows=102 width=125)
	  Recheck Cond: ((k >= 6261132) AND (k <= 6261232))
	  ->  Bitmap Index Scan on k_5  (cost=0.00..5.45 rows=102 width=0)
	        Index Cond: ((k >= 6261132) AND (k <= 6261232))

table 6 : explain SELECT k, c FROM sbtest6 WHERE k BETWEEN 6261132 AND 6261232
	Bitmap Heap Scan on sbtest6  (cost=5.47..405.13 rows=101 width=125)
	  Recheck Cond: ((k >= 6261132) AND (k <= 6261232))
	  ->  Bitmap Index Scan on k_6  (cost=0.00..5.44 rows=101 width=0)
	        Index Cond: ((k >= 6261132) AND (k <= 6261232))

table 7 : explain SELECT k, c FROM sbtest7 WHERE k BETWEEN 6261132 AND 6261232
	Bitmap Heap Scan on sbtest7  (cost=5.51..420.88 rows=105 width=125)
	  Recheck Cond: ((k >= 6261132) AND (k <= 6261232))
	  ->  Bitmap Index Scan on k_7  (cost=0.00..5.48 rows=105 width=0)
	        Index Cond: ((k >= 6261132) AND (k <= 6261232))

table 8 : explain SELECT k, c FROM sbtest8 WHERE k BETWEEN 6261132 AND 6261232
	Bitmap Heap Scan on sbtest8  (cost=5.52..424.81 rows=106 width=125)
	  Recheck Cond: ((k >= 6261132) AND (k <= 6261232))
	  ->  Bitmap Index Scan on k_8  (cost=0.00..5.50 rows=106 width=0)
	        Index Cond: ((k >= 6261132) AND (k <= 6261232))

for range-notcovered
table 1 : explain SELECT k, c FROM sbtest1 WHERE k BETWEEN 6171319 AND 6171419
	Bitmap Heap Scan on sbtest1  (cost=5.41..381.49 rows=95 width=125)
	  Recheck Cond: ((k >= 6171319) AND (k <= 6171419))
	  ->  Bitmap Index Scan on k_1  (cost=0.00..5.38 rows=95 width=0)
	        Index Cond: ((k >= 6171319) AND (k <= 6171419))

table 2 : explain SELECT k, c FROM sbtest2 WHERE k BETWEEN 6171319 AND 6171419
	Bitmap Heap Scan on sbtest2  (cost=5.54..432.69 rows=108 width=125)
	  Recheck Cond: ((k >= 6171319) AND (k <= 6171419))
	  ->  Bitmap Index Scan on k_2  (cost=0.00..5.51 rows=108 width=0)
	        Index Cond: ((k >= 6171319) AND (k <= 6171419))

table 3 : explain SELECT k, c FROM sbtest3 WHERE k BETWEEN 6171319 AND 6171419
	Bitmap Heap Scan on sbtest3  (cost=5.43..389.37 rows=97 width=125)
	  Recheck Cond: ((k >= 6171319) AND (k <= 6171419))
	  ->  Bitmap Index Scan on k_3  (cost=0.00..5.40 rows=97 width=0)
	        Index Cond: ((k >= 6171319) AND (k <= 6171419))

table 4 : explain SELECT k, c FROM sbtest4 WHERE k BETWEEN 6171319 AND 6171419
	Bitmap Heap Scan on sbtest4  (cost=5.34..353.89 rows=88 width=125)
	  Recheck Cond: ((k >= 6171319) AND (k <= 6171419))
	  ->  Bitmap Index Scan on k_4  (cost=0.00..5.31 rows=88 width=0)
	        Index Cond: ((k >= 6171319) AND (k <= 6171419))

table 5 : explain SELECT k, c FROM sbtest5 WHERE k BETWEEN 6171319 AND 6171419
	Bitmap Heap Scan on sbtest5  (cost=5.38..369.67 rows=92 width=125)
	  Recheck Cond: ((k >= 6171319) AND (k <= 6171419))
	  ->  Bitmap Index Scan on k_5  (cost=0.00..5.35 rows=92 width=0)
	        Index Cond: ((k >= 6171319) AND (k <= 6171419))

table 6 : explain SELECT k, c FROM sbtest6 WHERE k BETWEEN 6171319 AND 6171419
	Bitmap Heap Scan on sbtest6  (cost=5.42..385.43 rows=96 width=125)
	  Recheck Cond: ((k >= 6171319) AND (k <= 6171419))
	  ->  Bitmap Index Scan on k_6  (cost=0.00..5.39 rows=96 width=0)
	        Index Cond: ((k >= 6171319) AND (k <= 6171419))

table 7 : explain SELECT k, c FROM sbtest7 WHERE k BETWEEN 6171319 AND 6171419
	Bitmap Heap Scan on sbtest7  (cost=5.50..416.94 rows=104 width=125)
	  Recheck Cond: ((k >= 6171319) AND (k <= 6171419))
	  ->  Bitmap Index Scan on k_7  (cost=0.00..5.47 rows=104 width=0)
	        Index Cond: ((k >= 6171319) AND (k <= 6171419))

table 8 : explain SELECT k, c FROM sbtest8 WHERE k BETWEEN 6171319 AND 6171419
	Bitmap Heap Scan on sbtest8  (cost=5.54..432.69 rows=108 width=125)
	  Recheck Cond: ((k >= 6171319) AND (k <= 6171419))
	  ->  Bitmap Index Scan on k_8  (cost=0.00..5.51 rows=108 width=0)
	        Index Cond: ((k >= 6171319) AND (k <= 6171419))

for range-notcovered
table 1 : explain SELECT k, c FROM sbtest1 WHERE k BETWEEN 5531888 AND 5531988
	Bitmap Heap Scan on sbtest1  (cost=5.55..436.62 rows=109 width=125)
	  Recheck Cond: ((k >= 5531888) AND (k <= 5531988))
	  ->  Bitmap Index Scan on k_1  (cost=0.00..5.52 rows=109 width=0)
	        Index Cond: ((k >= 5531888) AND (k <= 5531988))

table 2 : explain SELECT k, c FROM sbtest2 WHERE k BETWEEN 5531888 AND 5531988
	Bitmap Heap Scan on sbtest2  (cost=5.50..416.94 rows=104 width=125)
	  Recheck Cond: ((k >= 5531888) AND (k <= 5531988))
	  ->  Bitmap Index Scan on k_2  (cost=0.00..5.47 rows=104 width=0)
	        Index Cond: ((k >= 5531888) AND (k <= 5531988))

table 3 : explain SELECT k, c FROM sbtest3 WHERE k BETWEEN 5531888 AND 5531988
	Bitmap Heap Scan on sbtest3  (cost=5.49..413.00 rows=103 width=125)
	  Recheck Cond: ((k >= 5531888) AND (k <= 5531988))
	  ->  Bitmap Index Scan on k_3  (cost=0.00..5.46 rows=103 width=0)
	        Index Cond: ((k >= 5531888) AND (k <= 5531988))

table 4 : explain SELECT k, c FROM sbtest4 WHERE k BETWEEN 5531888 AND 5531988
	Bitmap Heap Scan on sbtest4  (cost=5.41..381.49 rows=95 width=125)
	  Recheck Cond: ((k >= 5531888) AND (k <= 5531988))
	  ->  Bitmap Index Scan on k_4  (cost=0.00..5.38 rows=95 width=0)
	        Index Cond: ((k >= 5531888) AND (k <= 5531988))

table 5 : explain SELECT k, c FROM sbtest5 WHERE k BETWEEN 5531888 AND 5531988
	Bitmap Heap Scan on sbtest5  (cost=5.58..448.42 rows=112 width=125)
	  Recheck Cond: ((k >= 5531888) AND (k <= 5531988))
	  ->  Bitmap Index Scan on k_5  (cost=0.00..5.55 rows=112 width=0)
	        Index Cond: ((k >= 5531888) AND (k <= 5531988))

table 6 : explain SELECT k, c FROM sbtest6 WHERE k BETWEEN 5531888 AND 5531988
	Bitmap Heap Scan on sbtest6  (cost=5.51..420.88 rows=105 width=125)
	  Recheck Cond: ((k >= 5531888) AND (k <= 5531988))
	  ->  Bitmap Index Scan on k_6  (cost=0.00..5.48 rows=105 width=0)
	        Index Cond: ((k >= 5531888) AND (k <= 5531988))

table 7 : explain SELECT k, c FROM sbtest7 WHERE k BETWEEN 5531888 AND 5531988
	Bitmap Heap Scan on sbtest7  (cost=5.45..397.25 rows=99 width=125)
	  Recheck Cond: ((k >= 5531888) AND (k <= 5531988))
	  ->  Bitmap Index Scan on k_7  (cost=0.00..5.42 rows=99 width=0)
	        Index Cond: ((k >= 5531888) AND (k <= 5531988))

table 8 : explain SELECT k, c FROM sbtest8 WHERE k BETWEEN 5531888 AND 5531988
	Bitmap Heap Scan on sbtest8  (cost=5.44..393.31 rows=98 width=125)
	  Recheck Cond: ((k >= 5531888) AND (k <= 5531988))
	  ->  Bitmap Index Scan on k_8  (cost=0.00..5.42 rows=98 width=0)
	        Index Cond: ((k >= 5531888) AND (k <= 5531988))

for range-notcovered
table 1 : explain SELECT k, c FROM sbtest1 WHERE k BETWEEN 2242202 AND 2242302
	Bitmap Heap Scan on sbtest1  (cost=5.58..448.42 rows=112 width=125)
	  Recheck Cond: ((k >= 2242202) AND (k <= 2242302))
	  ->  Bitmap Index Scan on k_1  (cost=0.00..5.55 rows=112 width=0)
	        Index Cond: ((k >= 2242202) AND (k <= 2242302))

table 2 : explain SELECT k, c FROM sbtest2 WHERE k BETWEEN 2242202 AND 2242302
	Bitmap Heap Scan on sbtest2  (cost=5.53..428.75 rows=107 width=125)
	  Recheck Cond: ((k >= 2242202) AND (k <= 2242302))
	  ->  Bitmap Index Scan on k_2  (cost=0.00..5.50 rows=107 width=0)
	        Index Cond: ((k >= 2242202) AND (k <= 2242302))

table 3 : explain SELECT k, c FROM sbtest3 WHERE k BETWEEN 2242202 AND 2242302
	Bitmap Heap Scan on sbtest3  (cost=5.48..409.07 rows=102 width=125)
	  Recheck Cond: ((k >= 2242202) AND (k <= 2242302))
	  ->  Bitmap Index Scan on k_3  (cost=0.00..5.45 rows=102 width=0)
	        Index Cond: ((k >= 2242202) AND (k <= 2242302))

table 4 : explain SELECT k, c FROM sbtest4 WHERE k BETWEEN 2242202 AND 2242302
	Bitmap Heap Scan on sbtest4  (cost=5.43..389.37 rows=97 width=125)
	  Recheck Cond: ((k >= 2242202) AND (k <= 2242302))
	  ->  Bitmap Index Scan on k_4  (cost=0.00..5.40 rows=97 width=0)
	        Index Cond: ((k >= 2242202) AND (k <= 2242302))

table 5 : explain SELECT k, c FROM sbtest5 WHERE k BETWEEN 2242202 AND 2242302
	Bitmap Heap Scan on sbtest5  (cost=5.55..436.62 rows=109 width=125)
	  Recheck Cond: ((k >= 2242202) AND (k <= 2242302))
	  ->  Bitmap Index Scan on k_5  (cost=0.00..5.52 rows=109 width=0)
	        Index Cond: ((k >= 2242202) AND (k <= 2242302))

table 6 : explain SELECT k, c FROM sbtest6 WHERE k BETWEEN 2242202 AND 2242302
	Bitmap Heap Scan on sbtest6  (cost=5.49..413.00 rows=103 width=125)
	  Recheck Cond: ((k >= 2242202) AND (k <= 2242302))
	  ->  Bitmap Index Scan on k_6  (cost=0.00..5.46 rows=103 width=0)
	        Index Cond: ((k >= 2242202) AND (k <= 2242302))

table 7 : explain SELECT k, c FROM sbtest7 WHERE k BETWEEN 2242202 AND 2242302
	Bitmap Heap Scan on sbtest7  (cost=5.44..393.31 rows=98 width=125)
	  Recheck Cond: ((k >= 2242202) AND (k <= 2242302))
	  ->  Bitmap Index Scan on k_7  (cost=0.00..5.42 rows=98 width=0)
	        Index Cond: ((k >= 2242202) AND (k <= 2242302))

table 8 : explain SELECT k, c FROM sbtest8 WHERE k BETWEEN 2242202 AND 2242302
	Bitmap Heap Scan on sbtest8  (cost=5.54..432.69 rows=108 width=125)
	  Recheck Cond: ((k >= 2242202) AND (k <= 2242302))
	  ->  Bitmap Index Scan on k_8  (cost=0.00..5.51 rows=108 width=0)
	        Index Cond: ((k >= 2242202) AND (k <= 2242302))
explain: for range-notcovered :: explain SELECT k, c FROM sbtest%d WHERE k BETWEEN 6041609 AND 6041709

explain: for range-notcovered :: explain SELECT k, c FROM sbtest%d WHERE k BETWEEN 6261132 AND 6261232
explain: for range-notcovered :: explain SELECT k, c FROM sbtest%d WHERE k BETWEEN 2242202 AND 2242302
for range-notcovered
table 1 : explain SELECT k, c FROM sbtest1 WHERE k BETWEEN 5053687 AND 5053787
	Bitmap Heap Scan on sbtest1  (cost=5.50..416.94 rows=104 width=125)
	  Recheck Cond: ((k >= 5053687) AND (k <= 5053787))
	  ->  Bitmap Index Scan on k_1  (cost=0.00..5.47 rows=104 width=0)
	        Index Cond: ((k >= 5053687) AND (k <= 5053787))

table 2 : explain SELECT k, c FROM sbtest2 WHERE k BETWEEN 5053687 AND 5053787
	Bitmap Heap Scan on sbtest2  (cost=5.50..416.94 rows=104 width=125)
	  Recheck Cond: ((k >= 5053687) AND (k <= 5053787))
	  ->  Bitmap Index Scan on k_2  (cost=0.00..5.47 rows=104 width=0)
	        Index Cond: ((k >= 5053687) AND (k <= 5053787))

table 3 : explain SELECT k, c FROM sbtest3 WHERE k BETWEEN 5053687 AND 5053787
	Bitmap Heap Scan on sbtest3  (cost=5.59..452.36 rows=113 width=125)
	  Recheck Cond: ((k >= 5053687) AND (k <= 5053787))
	  ->  Bitmap Index Scan on k_3  (cost=0.00..5.56 rows=113 width=0)
	        Index Cond: ((k >= 5053687) AND (k <= 5053787))

table 4 : explain SELECT k, c FROM sbtest4 WHERE k BETWEEN 5053687 AND 5053787
	Bitmap Heap Scan on sbtest4  (cost=5.64..472.02 rows=118 width=125)
	  Recheck Cond: ((k >= 5053687) AND (k <= 5053787))
	  ->  Bitmap Index Scan on k_4  (cost=0.00..5.61 rows=118 width=0)
	        Index Cond: ((k >= 5053687) AND (k <= 5053787))

table 5 : explain SELECT k, c FROM sbtest5 WHERE k BETWEEN 5053687 AND 5053787
	Bitmap Heap Scan on sbtest5  (cost=5.38..369.67 rows=92 width=125)
	  Recheck Cond: ((k >= 5053687) AND (k <= 5053787))
	  ->  Bitmap Index Scan on k_5  (cost=0.00..5.35 rows=92 width=0)
	        Index Cond: ((k >= 5053687) AND (k <= 5053787))

table 6 : explain SELECT k, c FROM sbtest6 WHERE k BETWEEN 5053687 AND 5053787
	Bitmap Heap Scan on sbtest6  (cost=5.40..377.55 rows=94 width=125)
	  Recheck Cond: ((k >= 5053687) AND (k <= 5053787))
	  ->  Bitmap Index Scan on k_6  (cost=0.00..5.38 rows=94 width=0)
	        Index Cond: ((k >= 5053687) AND (k <= 5053787))

table 7 : explain SELECT k, c FROM sbtest7 WHERE k BETWEEN 5053687 AND 5053787
	Bitmap Heap Scan on sbtest7  (cost=5.48..409.07 rows=102 width=125)
	  Recheck Cond: ((k >= 5053687) AND (k <= 5053787))
	  ->  Bitmap Index Scan on k_7  (cost=0.00..5.45 rows=102 width=0)
	        Index Cond: ((k >= 5053687) AND (k <= 5053787))

table 8 : explain SELECT k, c FROM sbtest8 WHERE k BETWEEN 5053687 AND 5053787
	Bitmap Heap Scan on sbtest8  (cost=5.50..416.94 rows=104 width=125)
	  Recheck Cond: ((k >= 5053687) AND (k <= 5053787))
	  ->  Bitmap Index Scan on k_8  (cost=0.00..5.47 rows=104 width=0)
	        Index Cond: ((k >= 5053687) AND (k <= 5053787))

explain: for range-notcovered :: explain SELECT k, c FROM sbtest%d WHERE k BETWEEN 5053687 AND 5053787
for range-notcovered
table 1 : explain SELECT k, c FROM sbtest1 WHERE k BETWEEN 5941308 AND 5941408
	Bitmap Heap Scan on sbtest1  (cost=5.49..413.00 rows=103 width=125)
	  Recheck Cond: ((k >= 5941308) AND (k <= 5941408))
	  ->  Bitmap Index Scan on k_1  (cost=0.00..5.46 rows=103 width=0)
	        Index Cond: ((k >= 5941308) AND (k <= 5941408))

table 2 : explain SELECT k, c FROM sbtest2 WHERE k BETWEEN 5941308 AND 5941408
	Bitmap Heap Scan on sbtest2  (cost=5.51..420.88 rows=105 width=125)
	  Recheck Cond: ((k >= 5941308) AND (k <= 5941408))
	  ->  Bitmap Index Scan on k_2  (cost=0.00..5.48 rows=105 width=0)
	        Index Cond: ((k >= 5941308) AND (k <= 5941408))

table 3 : explain SELECT k, c FROM sbtest3 WHERE k BETWEEN 5941308 AND 5941408
	Bitmap Heap Scan on sbtest3  (cost=5.49..413.00 rows=103 width=125)
	  Recheck Cond: ((k >= 5941308) AND (k <= 5941408))
	  ->  Bitmap Index Scan on k_3  (cost=0.00..5.46 rows=103 width=0)
	        Index Cond: ((k >= 5941308) AND (k <= 5941408))

table 4 : explain SELECT k, c FROM sbtest4 WHERE k BETWEEN 5941308 AND 5941408
	Bitmap Heap Scan on sbtest4  (cost=5.47..405.13 rows=101 width=125)
	  Recheck Cond: ((k >= 5941308) AND (k <= 5941408))
	  ->  Bitmap Index Scan on k_4  (cost=0.00..5.44 rows=101 width=0)
	        Index Cond: ((k >= 5941308) AND (k <= 5941408))

table 5 : explain SELECT k, c FROM sbtest5 WHERE k BETWEEN 5941308 AND 5941408
	Bitmap Heap Scan on sbtest5  (cost=5.42..385.43 rows=96 width=125)
	  Recheck Cond: ((k >= 5941308) AND (k <= 5941408))
	  ->  Bitmap Index Scan on k_5  (cost=0.00..5.39 rows=96 width=0)
	        Index Cond: ((k >= 5941308) AND (k <= 5941408))

table 6 : explain SELECT k, c FROM sbtest6 WHERE k BETWEEN 5941308 AND 5941408
	Bitmap Heap Scan on sbtest6  (cost=5.48..409.07 rows=102 width=125)
	  Recheck Cond: ((k >= 5941308) AND (k <= 5941408))
	  ->  Bitmap Index Scan on k_6  (cost=0.00..5.45 rows=102 width=0)
	        Index Cond: ((k >= 5941308) AND (k <= 5941408))

table 7 : explain SELECT k, c FROM sbtest7 WHERE k BETWEEN 5941308 AND 5941408
	Bitmap Heap Scan on sbtest7  (cost=5.51..420.88 rows=105 width=125)
	  Recheck Cond: ((k >= 5941308) AND (k <= 5941408))
	  ->  Bitmap Index Scan on k_7  (cost=0.00..5.48 rows=105 width=0)
	        Index Cond: ((k >= 5941308) AND (k <= 5941408))

table 8 : explain SELECT k, c FROM sbtest8 WHERE k BETWEEN 5941308 AND 5941408
	Bitmap Heap Scan on sbtest8  (cost=5.42..385.43 rows=96 width=125)
	  Recheck Cond: ((k >= 5941308) AND (k <= 5941408))
	  ->  Bitmap Index Scan on k_8  (cost=0.00..5.39 rows=96 width=0)
	        Index Cond: ((k >= 5941308) AND (k <= 5941408))

explain: for range-notcovered :: explain SELECT k, c FROM sbtest%d WHERE k BETWEEN 5941308 AND 5941408
for range-notcovered
table 1 : explain SELECT k, c FROM sbtest1 WHERE k BETWEEN 6041609 AND 6041709
	Bitmap Heap Scan on sbtest1  (cost=5.46..401.19 rows=100 width=125)
	  Recheck Cond: ((k >= 6041609) AND (k <= 6041709))
	  ->  Bitmap Index Scan on k_1  (cost=0.00..5.43 rows=100 width=0)
	        Index Cond: ((k >= 6041609) AND (k <= 6041709))

table 2 : explain SELECT k, c FROM sbtest2 WHERE k BETWEEN 6041609 AND 6041709
	Bitmap Heap Scan on sbtest2  (cost=5.45..397.25 rows=99 width=125)
	  Recheck Cond: ((k >= 6041609) AND (k <= 6041709))
	  ->  Bitmap Index Scan on k_2  (cost=0.00..5.42 rows=99 width=0)
	        Index Cond: ((k >= 6041609) AND (k <= 6041709))

table 3 : explain SELECT k, c FROM sbtest3 WHERE k BETWEEN 6041609 AND 6041709
	Bitmap Heap Scan on sbtest3  (cost=5.52..424.81 rows=106 width=125)
	  Recheck Cond: ((k >= 6041609) AND (k <= 6041709))
	  ->  Bitmap Index Scan on k_3  (cost=0.00..5.50 rows=106 width=0)
	        Index Cond: ((k >= 6041609) AND (k <= 6041709))

table 4 : explain SELECT k, c FROM sbtest4 WHERE k BETWEEN 6041609 AND 6041709
	Bitmap Heap Scan on sbtest4  (cost=5.50..416.94 rows=104 width=125)
	  Recheck Cond: ((k >= 6041609) AND (k <= 6041709))
	  ->  Bitmap Index Scan on k_4  (cost=0.00..5.47 rows=104 width=0)
	        Index Cond: ((k >= 6041609) AND (k <= 6041709))

table 5 : explain SELECT k, c FROM sbtest5 WHERE k BETWEEN 6041609 AND 6041709
	Bitmap Heap Scan on sbtest5  (cost=5.42..385.43 rows=96 width=125)
	  Recheck Cond: ((k >= 6041609) AND (k <= 6041709))
	  ->  Bitmap Index Scan on k_5  (cost=0.00..5.39 rows=96 width=0)
	        Index Cond: ((k >= 6041609) AND (k <= 6041709))

table 6 : explain SELECT k, c FROM sbtest6 WHERE k BETWEEN 6041609 AND 6041709
	Bitmap Heap Scan on sbtest6  (cost=5.44..393.31 rows=98 width=125)
	  Recheck Cond: ((k >= 6041609) AND (k <= 6041709))
	  ->  Bitmap Index Scan on k_6  (cost=0.00..5.42 rows=98 width=0)
	        Index Cond: ((k >= 6041609) AND (k <= 6041709))

table 7 : explain SELECT k, c FROM sbtest7 WHERE k BETWEEN 6041609 AND 6041709
	Bitmap Heap Scan on sbtest7  (cost=5.54..432.69 rows=108 width=125)
	  Recheck Cond: ((k >= 6041609) AND (k <= 6041709))
	  ->  Bitmap Index Scan on k_7  (cost=0.00..5.51 rows=108 width=0)
	        Index Cond: ((k >= 6041609) AND (k <= 6041709))

table 8 : explain SELECT k, c FROM sbtest8 WHERE k BETWEEN 6041609 AND 6041709
	Bitmap Heap Scan on sbtest8  (cost=5.41..381.49 rows=95 width=125)
	  Recheck Cond: ((k >= 6041609) AND (k <= 6041709))
	  ->  Bitmap Index Scan on k_8  (cost=0.00..5.38 rows=95 width=0)
	        Index Cond: ((k >= 6041609) AND (k <= 6041709))

for range-notcovered
table 1 : explain SELECT k, c FROM sbtest1 WHERE k BETWEEN 2242202 AND 2242302
	Bitmap Heap Scan on sbtest1  (cost=5.58..448.42 rows=112 width=125)
	  Recheck Cond: ((k >= 2242202) AND (k <= 2242302))
	  ->  Bitmap Index Scan on k_1  (cost=0.00..5.55 rows=112 width=0)
	        Index Cond: ((k >= 2242202) AND (k <= 2242302))

table 2 : explain SELECT k, c FROM sbtest2 WHERE k BETWEEN 2242202 AND 2242302
	Bitmap Heap Scan on sbtest2  (cost=5.53..428.75 rows=107 width=125)
	  Recheck Cond: ((k >= 2242202) AND (k <= 2242302))
	  ->  Bitmap Index Scan on k_2  (cost=0.00..5.50 rows=107 width=0)
	        Index Cond: ((k >= 2242202) AND (k <= 2242302))

table 3 : explain SELECT k, c FROM sbtest3 WHERE k BETWEEN 2242202 AND 2242302
	Bitmap Heap Scan on sbtest3  (cost=5.48..409.07 rows=102 width=125)
	  Recheck Cond: ((k >= 2242202) AND (k <= 2242302))
	  ->  Bitmap Index Scan on k_3  (cost=0.00..5.45 rows=102 width=0)
	        Index Cond: ((k >= 2242202) AND (k <= 2242302))

table 4 : explain SELECT k, c FROM sbtest4 WHERE k BETWEEN 2242202 AND 2242302
	Bitmap Heap Scan on sbtest4  (cost=5.43..389.37 rows=97 width=125)
	  Recheck Cond: ((k >= 2242202) AND (k <= 2242302))
	  ->  Bitmap Index Scan on k_4  (cost=0.00..5.40 rows=97 width=0)
	        Index Cond: ((k >= 2242202) AND (k <= 2242302))

table 5 : explain SELECT k, c FROM sbtest5 WHERE k BETWEEN 2242202 AND 2242302
	Bitmap Heap Scan on sbtest5  (cost=5.55..436.62 rows=109 width=125)
	  Recheck Cond: ((k >= 2242202) AND (k <= 2242302))
	  ->  Bitmap Index Scan on k_5  (cost=0.00..5.52 rows=109 width=0)
	        Index Cond: ((k >= 2242202) AND (k <= 2242302))

table 6 : explain SELECT k, c FROM sbtest6 WHERE k BETWEEN 2242202 AND 2242302
	Bitmap Heap Scan on sbtest6  (cost=5.49..413.00 rows=103 width=125)
	  Recheck Cond: ((k >= 2242202) AND (k <= 2242302))
	  ->  Bitmap Index Scan on k_6  (cost=0.00..5.46 rows=103 width=0)
	        Index Cond: ((k >= 2242202) AND (k <= 2242302))

table 7 : explain SELECT k, c FROM sbtest7 WHERE k BETWEEN 2242202 AND 2242302
	Bitmap Heap Scan on sbtest7  (cost=5.44..393.31 rows=98 width=125)
	  Recheck Cond: ((k >= 2242202) AND (k <= 2242302))
	  ->  Bitmap Index Scan on k_7  (cost=0.00..5.42 rows=98 width=0)
	        Index Cond: ((k >= 2242202) AND (k <= 2242302))

table 8 : explain SELECT k, c FROM sbtest8 WHERE k BETWEEN 2242202 AND 2242302
	Bitmap Heap Scan on sbtest8  (cost=5.54..432.69 rows=108 width=125)
	  Recheck Cond: ((k >= 2242202) AND (k <= 2242302))
	  ->  Bitmap Index Scan on k_8  (cost=0.00..5.51 rows=108 width=0)
	        Index Cond: ((k >= 2242202) AND (k <= 2242302))

explain: for range-notcovered :: explain SELECT k, c FROM sbtest%d WHERE k BETWEEN 6045959 AND 6046059
for range-notcovered
table 1 : explain SELECT k, c FROM sbtest1 WHERE k BETWEEN 2598447 AND 2598547
	Bitmap Heap Scan on sbtest1  (cost=5.48..409.07 rows=102 width=125)
	  Recheck Cond: ((k >= 2598447) AND (k <= 2598547))
	  ->  Bitmap Index Scan on k_1  (cost=0.00..5.45 rows=102 width=0)
	        Index Cond: ((k >= 2598447) AND (k <= 2598547))

table 2 : explain SELECT k, c FROM sbtest2 WHERE k BETWEEN 2598447 AND 2598547
	Bitmap Heap Scan on sbtest2  (cost=5.63..468.09 rows=117 width=125)
	  Recheck Cond: ((k >= 2598447) AND (k <= 2598547))
	  ->  Bitmap Index Scan on k_2  (cost=0.00..5.60 rows=117 width=0)
	        Index Cond: ((k >= 2598447) AND (k <= 2598547))

table 3 : explain SELECT k, c FROM sbtest3 WHERE k BETWEEN 2598447 AND 2598547
	Bitmap Heap Scan on sbtest3  (cost=5.43..389.37 rows=97 width=125)
	  Recheck Cond: ((k >= 2598447) AND (k <= 2598547))
	  ->  Bitmap Index Scan on k_3  (cost=0.00..5.40 rows=97 width=0)
	        Index Cond: ((k >= 2598447) AND (k <= 2598547))

table 4 : explain SELECT k, c FROM sbtest4 WHERE k BETWEEN 2598447 AND 2598547
	Bitmap Heap Scan on sbtest4  (cost=5.44..393.31 rows=98 width=125)
	  Recheck Cond: ((k >= 2598447) AND (k <= 2598547))
	  ->  Bitmap Index Scan on k_4  (cost=0.00..5.42 rows=98 width=0)
	        Index Cond: ((k >= 2598447) AND (k <= 2598547))

table 5 : explain SELECT k, c FROM sbtest5 WHERE k BETWEEN 2598447 AND 2598547
	Bitmap Heap Scan on sbtest5  (cost=5.49..413.00 rows=103 width=125)
	  Recheck Cond: ((k >= 2598447) AND (k <= 2598547))
	  ->  Bitmap Index Scan on k_5  (cost=0.00..5.46 rows=103 width=0)
	        Index Cond: ((k >= 2598447) AND (k <= 2598547))

table 6 : explain SELECT k, c FROM sbtest6 WHERE k BETWEEN 2598447 AND 2598547
	Bitmap Heap Scan on sbtest6  (cost=5.50..416.94 rows=104 width=125)
	  Recheck Cond: ((k >= 2598447) AND (k <= 2598547))
	  ->  Bitmap Index Scan on k_6  (cost=0.00..5.47 rows=104 width=0)
	        Index Cond: ((k >= 2598447) AND (k <= 2598547))

table 7 : explain SELECT k, c FROM sbtest7 WHERE k BETWEEN 2598447 AND 2598547
	Bitmap Heap Scan on sbtest7  (cost=5.39..373.61 rows=93 width=125)
	  Recheck Cond: ((k >= 2598447) AND (k <= 2598547))
	  ->  Bitmap Index Scan on k_7  (cost=0.00..5.36 rows=93 width=0)
	        Index Cond: ((k >= 2598447) AND (k <= 2598547))

table 8 : explain SELECT k, c FROM sbtest8 WHERE k BETWEEN 2598447 AND 2598547
	Bitmap Heap Scan on sbtest8  (cost=5.39..373.61 rows=93 width=125)
	  Recheck Cond: ((k >= 2598447) AND (k <= 2598547))
	  ->  Bitmap Index Scan on k_8  (cost=0.00..5.36 rows=93 width=0)
	        Index Cond: ((k >= 2598447) AND (k <= 2598547))

explain: for range-notcovered :: explain SELECT k, c FROM sbtest%d WHERE k BETWEEN 2598447 AND 2598547
for range-notcovered
table 1 : explain SELECT k, c FROM sbtest1 WHERE k BETWEEN 5053687 AND 5053787
	Bitmap Heap Scan on sbtest1  (cost=5.50..416.94 rows=104 width=125)
	  Recheck Cond: ((k >= 5053687) AND (k <= 5053787))
	  ->  Bitmap Index Scan on k_1  (cost=0.00..5.47 rows=104 width=0)
	        Index Cond: ((k >= 5053687) AND (k <= 5053787))

table 2 : explain SELECT k, c FROM sbtest2 WHERE k BETWEEN 5053687 AND 5053787
	Bitmap Heap Scan on sbtest2  (cost=5.50..416.94 rows=104 width=125)
	  Recheck Cond: ((k >= 5053687) AND (k <= 5053787))
	  ->  Bitmap Index Scan on k_2  (cost=0.00..5.47 rows=104 width=0)
	        Index Cond: ((k >= 5053687) AND (k <= 5053787))

table 3 : explain SELECT k, c FROM sbtest3 WHERE k BETWEEN 5053687 AND 5053787
	Bitmap Heap Scan on sbtest3  (cost=5.59..452.36 rows=113 width=125)
	  Recheck Cond: ((k >= 5053687) AND (k <= 5053787))
	  ->  Bitmap Index Scan on k_3  (cost=0.00..5.56 rows=113 width=0)
	        Index Cond: ((k >= 5053687) AND (k <= 5053787))

table 4 : explain SELECT k, c FROM sbtest4 WHERE k BETWEEN 5053687 AND 5053787
	Bitmap Heap Scan on sbtest4  (cost=5.64..472.02 rows=118 width=125)
	  Recheck Cond: ((k >= 5053687) AND (k <= 5053787))
	  ->  Bitmap Index Scan on k_4  (cost=0.00..5.61 rows=118 width=0)
	        Index Cond: ((k >= 5053687) AND (k <= 5053787))

table 5 : explain SELECT k, c FROM sbtest5 WHERE k BETWEEN 5053687 AND 5053787
	Bitmap Heap Scan on sbtest5  (cost=5.38..369.67 rows=92 width=125)
	  Recheck Cond: ((k >= 5053687) AND (k <= 5053787))
	  ->  Bitmap Index Scan on k_5  (cost=0.00..5.35 rows=92 width=0)
	        Index Cond: ((k >= 5053687) AND (k <= 5053787))

table 6 : explain SELECT k, c FROM sbtest6 WHERE k BETWEEN 5053687 AND 5053787
	Bitmap Heap Scan on sbtest6  (cost=5.40..377.55 rows=94 width=125)
	  Recheck Cond: ((k >= 5053687) AND (k <= 5053787))
	  ->  Bitmap Index Scan on k_6  (cost=0.00..5.38 rows=94 width=0)
	        Index Cond: ((k >= 5053687) AND (k <= 5053787))

table 7 : explain SELECT k, c FROM sbtest7 WHERE k BETWEEN 5053687 AND 5053787
	Bitmap Heap Scan on sbtest7  (cost=5.48..409.07 rows=102 width=125)
	  Recheck Cond: ((k >= 5053687) AND (k <= 5053787))
	  ->  Bitmap Index Scan on k_7  (cost=0.00..5.45 rows=102 width=0)
	        Index Cond: ((k >= 5053687) AND (k <= 5053787))

table 8 : explain SELECT k, c FROM sbtest8 WHERE k BETWEEN 5053687 AND 5053787
	Bitmap Heap Scan on sbtest8  (cost=5.50..416.94 rows=104 width=125)
	  Recheck Cond: ((k >= 5053687) AND (k <= 5053787))
	  ->  Bitmap Index Scan on k_8  (cost=0.00..5.47 rows=104 width=0)
	        Index Cond: ((k >= 5053687) AND (k <= 5053787))

explain: for range-notcovered :: explain SELECT k, c FROM sbtest%d WHERE k BETWEEN 5053687 AND 5053787
explain: for range-notcovered :: explain SELECT k, c FROM sbtest%d WHERE k BETWEEN 2242202 AND 2242302
explain: for range-notcovered :: explain SELECT k, c FROM sbtest%d WHERE k BETWEEN 4484274 AND 4484374
explain: for range-notcovered :: explain SELECT k, c FROM sbtest%d WHERE k BETWEEN 6318922 AND 6319022
for range-notcovered
table 1 : explain SELECT k, c FROM sbtest1 WHERE k BETWEEN 7814338 AND 7814438
	Bitmap Heap Scan on sbtest1  (cost=5.42..385.43 rows=96 width=125)
	  Recheck Cond: ((k >= 7814338) AND (k <= 7814438))
	  ->  Bitmap Index Scan on k_1  (cost=0.00..5.39 rows=96 width=0)
	        Index Cond: ((k >= 7814338) AND (k <= 7814438))

table 2 : explain SELECT k, c FROM sbtest2 WHERE k BETWEEN 7814338 AND 7814438
	Bitmap Heap Scan on sbtest2  (cost=5.54..432.69 rows=108 width=125)
	  Recheck Cond: ((k >= 7814338) AND (k <= 7814438))
	  ->  Bitmap Index Scan on k_2  (cost=0.00..5.51 rows=108 width=0)
	        Index Cond: ((k >= 7814338) AND (k <= 7814438))

table 3 : explain SELECT k, c FROM sbtest3 WHERE k BETWEEN 7814338 AND 7814438
	Bitmap Heap Scan on sbtest3  (cost=5.57..444.49 rows=111 width=125)
	  Recheck Cond: ((k >= 7814338) AND (k <= 7814438))
	  ->  Bitmap Index Scan on k_3  (cost=0.00..5.54 rows=111 width=0)
	        Index Cond: ((k >= 7814338) AND (k <= 7814438))

table 4 : explain SELECT k, c FROM sbtest4 WHERE k BETWEEN 7814338 AND 7814438
	Bitmap Heap Scan on sbtest4  (cost=5.50..416.94 rows=104 width=125)
	  Recheck Cond: ((k >= 7814338) AND (k <= 7814438))
	  ->  Bitmap Index Scan on k_4  (cost=0.00..5.47 rows=104 width=0)
	        Index Cond: ((k >= 7814338) AND (k <= 7814438))

table 5 : explain SELECT k, c FROM sbtest5 WHERE k BETWEEN 7814338 AND 7814438
	Bitmap Heap Scan on sbtest5  (cost=5.46..401.19 rows=100 width=125)
	  Recheck Cond: ((k >= 7814338) AND (k <= 7814438))
	  ->  Bitmap Index Scan on k_5  (cost=0.00..5.43 rows=100 width=0)
	        Index Cond: ((k >= 7814338) AND (k <= 7814438))

table 6 : explain SELECT k, c FROM sbtest6 WHERE k BETWEEN 7814338 AND 7814438
	Bitmap Heap Scan on sbtest6  (cost=5.53..428.75 rows=107 width=125)
	  Recheck Cond: ((k >= 7814338) AND (k <= 7814438))
	  ->  Bitmap Index Scan on k_6  (cost=0.00..5.50 rows=107 width=0)
	        Index Cond: ((k >= 7814338) AND (k <= 7814438))

table 7 : explain SELECT k, c FROM sbtest7 WHERE k BETWEEN 7814338 AND 7814438
	Bitmap Heap Scan on sbtest7  (cost=5.45..397.25 rows=99 width=125)
	  Recheck Cond: ((k >= 7814338) AND (k <= 7814438))
	  ->  Bitmap Index Scan on k_7  (cost=0.00..5.42 rows=99 width=0)
	        Index Cond: ((k >= 7814338) AND (k <= 7814438))

table 8 : explain SELECT k, c FROM sbtest8 WHERE k BETWEEN 7814338 AND 7814438
	Bitmap Heap Scan on sbtest8  (cost=5.53..428.75 rows=107 width=125)
	  Recheck Cond: ((k >= 7814338) AND (k <= 7814438))
	  ->  Bitmap Index Scan on k_8  (cost=0.00..5.50 rows=107 width=0)
	        Index Cond: ((k >= 7814338) AND (k <= 7814438))

for range-notcovered
table 1 : explain SELECT k, c FROM sbtest1 WHERE k BETWEEN 6261132 AND 6261232
	Bitmap Heap Scan on sbtest1  (cost=5.53..428.75 rows=107 width=125)
	  Recheck Cond: ((k >= 6261132) AND (k <= 6261232))
	  ->  Bitmap Index Scan on k_1  (cost=0.00..5.50 rows=107 width=0)
	        Index Cond: ((k >= 6261132) AND (k <= 6261232))

table 2 : explain SELECT k, c FROM sbtest2 WHERE k BETWEEN 6261132 AND 6261232
	Bitmap Heap Scan on sbtest2  (cost=5.37..365.72 rows=91 width=125)
	  Recheck Cond: ((k >= 6261132) AND (k <= 6261232))
	  ->  Bitmap Index Scan on k_2  (cost=0.00..5.34 rows=91 width=0)
	        Index Cond: ((k >= 6261132) AND (k <= 6261232))

table 3 : explain SELECT k, c FROM sbtest3 WHERE k BETWEEN 6261132 AND 6261232
	Bitmap Heap Scan on sbtest3  (cost=5.50..416.94 rows=104 width=125)
	  Recheck Cond: ((k >= 6261132) AND (k <= 6261232))
	  ->  Bitmap Index Scan on k_3  (cost=0.00..5.47 rows=104 width=0)
	        Index Cond: ((k >= 6261132) AND (k <= 6261232))

table 4 : explain SELECT k, c FROM sbtest4 WHERE k BETWEEN 6261132 AND 6261232
	Bitmap Heap Scan on sbtest4  (cost=5.34..353.89 rows=88 width=125)
	  Recheck Cond: ((k >= 6261132) AND (k <= 6261232))
	  ->  Bitmap Index Scan on k_4  (cost=0.00..5.31 rows=88 width=0)
	        Index Cond: ((k >= 6261132) AND (k <= 6261232))

table 5 : explain SELECT k, c FROM sbtest5 WHERE k BETWEEN 6261132 AND 6261232
	Bitmap Heap Scan on sbtest5  (cost=5.48..409.07 rows=102 width=125)
	  Recheck Cond: ((k >= 6261132) AND (k <= 6261232))
	  ->  Bitmap Index Scan on k_5  (cost=0.00..5.45 rows=102 width=0)
	        Index Cond: ((k >= 6261132) AND (k <= 6261232))

table 6 : explain SELECT k, c FROM sbtest6 WHERE k BETWEEN 6261132 AND 6261232
	Bitmap Heap Scan on sbtest6  (cost=5.47..405.13 rows=101 width=125)
	  Recheck Cond: ((k >= 6261132) AND (k <= 6261232))
	  ->  Bitmap Index Scan on k_6  (cost=0.00..5.44 rows=101 width=0)
	        Index Cond: ((k >= 6261132) AND (k <= 6261232))

table 7 : explain SELECT k, c FROM sbtest7 WHERE k BETWEEN 6261132 AND 6261232
	Bitmap Heap Scan on sbtest7  (cost=5.51..420.88 rows=105 width=125)
	  Recheck Cond: ((k >= 6261132) AND (k <= 6261232))
	  ->  Bitmap Index Scan on k_7  (cost=0.00..5.48 rows=105 width=0)
	        Index Cond: ((k >= 6261132) AND (k <= 6261232))

table 8 : explain SELECT k, c FROM sbtest8 WHERE k BETWEEN 6261132 AND 6261232
	Bitmap Heap Scan on sbtest8  (cost=5.52..424.81 rows=106 width=125)
	  Recheck Cond: ((k >= 6261132) AND (k <= 6261232))
	  ->  Bitmap Index Scan on k_8  (cost=0.00..5.50 rows=106 width=0)
	        Index Cond: ((k >= 6261132) AND (k <= 6261232))

explain: for range-notcovered :: explain SELECT k, c FROM sbtest%d WHERE k BETWEEN 7814338 AND 7814438
explain: for range-notcovered :: explain SELECT k, c FROM sbtest%d WHERE k BETWEEN 6261132 AND 6261232
for range-notcovered
table 1 : explain SELECT k, c FROM sbtest1 WHERE k BETWEEN 2598447 AND 2598547
	Bitmap Heap Scan on sbtest1  (cost=5.48..409.07 rows=102 width=125)
	  Recheck Cond: ((k >= 2598447) AND (k <= 2598547))
	  ->  Bitmap Index Scan on k_1  (cost=0.00..5.45 rows=102 width=0)
	        Index Cond: ((k >= 2598447) AND (k <= 2598547))

table 2 : explain SELECT k, c FROM sbtest2 WHERE k BETWEEN 2598447 AND 2598547
	Bitmap Heap Scan on sbtest2  (cost=5.63..468.09 rows=117 width=125)
	  Recheck Cond: ((k >= 2598447) AND (k <= 2598547))
	  ->  Bitmap Index Scan on k_2  (cost=0.00..5.60 rows=117 width=0)
	        Index Cond: ((k >= 2598447) AND (k <= 2598547))

table 3 : explain SELECT k, c FROM sbtest3 WHERE k BETWEEN 2598447 AND 2598547
	Bitmap Heap Scan on sbtest3  (cost=5.43..389.37 rows=97 width=125)
	  Recheck Cond: ((k >= 2598447) AND (k <= 2598547))
	  ->  Bitmap Index Scan on k_3  (cost=0.00..5.40 rows=97 width=0)
	        Index Cond: ((k >= 2598447) AND (k <= 2598547))

table 4 : explain SELECT k, c FROM sbtest4 WHERE k BETWEEN 2598447 AND 2598547
	Bitmap Heap Scan on sbtest4  (cost=5.44..393.31 rows=98 width=125)
	  Recheck Cond: ((k >= 2598447) AND (k <= 2598547))
	  ->  Bitmap Index Scan on k_4  (cost=0.00..5.42 rows=98 width=0)
	        Index Cond: ((k >= 2598447) AND (k <= 2598547))

table 5 : explain SELECT k, c FROM sbtest5 WHERE k BETWEEN 2598447 AND 2598547
	Bitmap Heap Scan on sbtest5  (cost=5.49..413.00 rows=103 width=125)
	  Recheck Cond: ((k >= 2598447) AND (k <= 2598547))
	  ->  Bitmap Index Scan on k_5  (cost=0.00..5.46 rows=103 width=0)
	        Index Cond: ((k >= 2598447) AND (k <= 2598547))

table 6 : explain SELECT k, c FROM sbtest6 WHERE k BETWEEN 2598447 AND 2598547
	Bitmap Heap Scan on sbtest6  (cost=5.50..416.94 rows=104 width=125)
	  Recheck Cond: ((k >= 2598447) AND (k <= 2598547))
	  ->  Bitmap Index Scan on k_6  (cost=0.00..5.47 rows=104 width=0)
	        Index Cond: ((k >= 2598447) AND (k <= 2598547))

table 7 : explain SELECT k, c FROM sbtest7 WHERE k BETWEEN 2598447 AND 2598547
	Bitmap Heap Scan on sbtest7  (cost=5.39..373.61 rows=93 width=125)
	  Recheck Cond: ((k >= 2598447) AND (k <= 2598547))
	  ->  Bitmap Index Scan on k_7  (cost=0.00..5.36 rows=93 width=0)
	        Index Cond: ((k >= 2598447) AND (k <= 2598547))

table 8 : explain SELECT k, c FROM sbtest8 WHERE k BETWEEN 2598447 AND 2598547
	Bitmap Heap Scan on sbtest8  (cost=5.39..373.61 rows=93 width=125)
	  Recheck Cond: ((k >= 2598447) AND (k <= 2598547))
	  ->  Bitmap Index Scan on k_8  (cost=0.00..5.36 rows=93 width=0)
	        Index Cond: ((k >= 2598447) AND (k <= 2598547))

for range-notcovered
table 1 : explain SELECT k, c FROM sbtest1 WHERE k BETWEEN 5053687 AND 5053787
	Bitmap Heap Scan on sbtest1  (cost=5.50..416.94 rows=104 width=125)
	  Recheck Cond: ((k >= 5053687) AND (k <= 5053787))
	  ->  Bitmap Index Scan on k_1  (cost=0.00..5.47 rows=104 width=0)
	        Index Cond: ((k >= 5053687) AND (k <= 5053787))

table 2 : explain SELECT k, c FROM sbtest2 WHERE k BETWEEN 5053687 AND 5053787
	Bitmap Heap Scan on sbtest2  (cost=5.50..416.94 rows=104 width=125)
	  Recheck Cond: ((k >= 5053687) AND (k <= 5053787))
	  ->  Bitmap Index Scan on k_2  (cost=0.00..5.47 rows=104 width=0)
	        Index Cond: ((k >= 5053687) AND (k <= 5053787))

table 3 : explain SELECT k, c FROM sbtest3 WHERE k BETWEEN 5053687 AND 5053787
	Bitmap Heap Scan on sbtest3  (cost=5.59..452.36 rows=113 width=125)
	  Recheck Cond: ((k >= 5053687) AND (k <= 5053787))
	  ->  Bitmap Index Scan on k_3  (cost=0.00..5.56 rows=113 width=0)
	        Index Cond: ((k >= 5053687) AND (k <= 5053787))

table 4 : explain SELECT k, c FROM sbtest4 WHERE k BETWEEN 5053687 AND 5053787
	Bitmap Heap Scan on sbtest4  (cost=5.64..472.02 rows=118 width=125)
	  Recheck Cond: ((k >= 5053687) AND (k <= 5053787))
	  ->  Bitmap Index Scan on k_4  (cost=0.00..5.61 rows=118 width=0)
	        Index Cond: ((k >= 5053687) AND (k <= 5053787))

table 5 : explain SELECT k, c FROM sbtest5 WHERE k BETWEEN 5053687 AND 5053787
	Bitmap Heap Scan on sbtest5  (cost=5.38..369.67 rows=92 width=125)
	  Recheck Cond: ((k >= 5053687) AND (k <= 5053787))
	  ->  Bitmap Index Scan on k_5  (cost=0.00..5.35 rows=92 width=0)
	        Index Cond: ((k >= 5053687) AND (k <= 5053787))

table 6 : explain SELECT k, c FROM sbtest6 WHERE k BETWEEN 5053687 AND 5053787
	Bitmap Heap Scan on sbtest6  (cost=5.40..377.55 rows=94 width=125)
	  Recheck Cond: ((k >= 5053687) AND (k <= 5053787))
	  ->  Bitmap Index Scan on k_6  (cost=0.00..5.38 rows=94 width=0)
	        Index Cond: ((k >= 5053687) AND (k <= 5053787))

table 7 : explain SELECT k, c FROM sbtest7 WHERE k BETWEEN 5053687 AND 5053787
	Bitmap Heap Scan on sbtest7  (cost=5.48..409.07 rows=102 width=125)
	  Recheck Cond: ((k >= 5053687) AND (k <= 5053787))
	  ->  Bitmap Index Scan on k_7  (cost=0.00..5.45 rows=102 width=0)
	        Index Cond: ((k >= 5053687) AND (k <= 5053787))

table 8 : explain SELECT k, c FROM sbtest8 WHERE k BETWEEN 5053687 AND 5053787
	Bitmap Heap Scan on sbtest8  (cost=5.50..416.94 rows=104 width=125)
	  Recheck Cond: ((k >= 5053687) AND (k <= 5053787))
	  ->  Bitmap Index Scan on k_8  (cost=0.00..5.47 rows=104 width=0)
	        Index Cond: ((k >= 5053687) AND (k <= 5053787))

explain: for range-notcovered :: explain SELECT k, c FROM sbtest%d WHERE k BETWEEN 2598447 AND 2598547
explain: for range-notcovered :: explain SELECT k, c FROM sbtest%d WHERE k BETWEEN 1913925 AND 1914025
for range-notcovered
table 1 : explain SELECT k, c FROM sbtest1 WHERE k BETWEEN 6261132 AND 6261232
	Bitmap Heap Scan on sbtest1  (cost=5.53..428.75 rows=107 width=125)
	  Recheck Cond: ((k >= 6261132) AND (k <= 6261232))
	  ->  Bitmap Index Scan on k_1  (cost=0.00..5.50 rows=107 width=0)
	        Index Cond: ((k >= 6261132) AND (k <= 6261232))

table 2 : explain SELECT k, c FROM sbtest2 WHERE k BETWEEN 6261132 AND 6261232
	Bitmap Heap Scan on sbtest2  (cost=5.37..365.72 rows=91 width=125)
	  Recheck Cond: ((k >= 6261132) AND (k <= 6261232))
	  ->  Bitmap Index Scan on k_2  (cost=0.00..5.34 rows=91 width=0)
	        Index Cond: ((k >= 6261132) AND (k <= 6261232))

table 3 : explain SELECT k, c FROM sbtest3 WHERE k BETWEEN 6261132 AND 6261232
	Bitmap Heap Scan on sbtest3  (cost=5.50..416.94 rows=104 width=125)
	  Recheck Cond: ((k >= 6261132) AND (k <= 6261232))
	  ->  Bitmap Index Scan on k_3  (cost=0.00..5.47 rows=104 width=0)
	        Index Cond: ((k >= 6261132) AND (k <= 6261232))

table 4 : explain SELECT k, c FROM sbtest4 WHERE k BETWEEN 6261132 AND 6261232
	Bitmap Heap Scan on sbtest4  (cost=5.34..353.89 rows=88 width=125)
	  Recheck Cond: ((k >= 6261132) AND (k <= 6261232))
	  ->  Bitmap Index Scan on k_4  (cost=0.00..5.31 rows=88 width=0)
	        Index Cond: ((k >= 6261132) AND (k <= 6261232))

table 5 : explain SELECT k, c FROM sbtest5 WHERE k BETWEEN 6261132 AND 6261232
	Bitmap Heap Scan on sbtest5  (cost=5.48..409.07 rows=102 width=125)
	  Recheck Cond: ((k >= 6261132) AND (k <= 6261232))
	  ->  Bitmap Index Scan on k_5  (cost=0.00..5.45 rows=102 width=0)
	        Index Cond: ((k >= 6261132) AND (k <= 6261232))

table 6 : explain SELECT k, c FROM sbtest6 WHERE k BETWEEN 6261132 AND 6261232
	Bitmap Heap Scan on sbtest6  (cost=5.47..405.13 rows=101 width=125)
	  Recheck Cond: ((k >= 6261132) AND (k <= 6261232))
	  ->  Bitmap Index Scan on k_6  (cost=0.00..5.44 rows=101 width=0)
	        Index Cond: ((k >= 6261132) AND (k <= 6261232))

table 7 : explain SELECT k, c FROM sbtest7 WHERE k BETWEEN 6261132 AND 6261232
	Bitmap Heap Scan on sbtest7  (cost=5.51..420.88 rows=105 width=125)
	  Recheck Cond: ((k >= 6261132) AND (k <= 6261232))
	  ->  Bitmap Index Scan on k_7  (cost=0.00..5.48 rows=105 width=0)
	        Index Cond: ((k >= 6261132) AND (k <= 6261232))

table 8 : explain SELECT k, c FROM sbtest8 WHERE k BETWEEN 6261132 AND 6261232
	Bitmap Heap Scan on sbtest8  (cost=5.52..424.81 rows=106 width=125)
	  Recheck Cond: ((k >= 6261132) AND (k <= 6261232))
	  ->  Bitmap Index Scan on k_8  (cost=0.00..5.50 rows=106 width=0)
	        Index Cond: ((k >= 6261132) AND (k <= 6261232))

for range-notcovered
table 1 : explain SELECT k, c FROM sbtest1 WHERE k BETWEEN 7814338 AND 7814438
	Bitmap Heap Scan on sbtest1  (cost=5.42..385.43 rows=96 width=125)
	  Recheck Cond: ((k >= 7814338) AND (k <= 7814438))
	  ->  Bitmap Index Scan on k_1  (cost=0.00..5.39 rows=96 width=0)
	        Index Cond: ((k >= 7814338) AND (k <= 7814438))

table 2 : explain SELECT k, c FROM sbtest2 WHERE k BETWEEN 7814338 AND 7814438
	Bitmap Heap Scan on sbtest2  (cost=5.54..432.69 rows=108 width=125)
	  Recheck Cond: ((k >= 7814338) AND (k <= 7814438))
	  ->  Bitmap Index Scan on k_2  (cost=0.00..5.51 rows=108 width=0)
	        Index Cond: ((k >= 7814338) AND (k <= 7814438))

table 3 : explain SELECT k, c FROM sbtest3 WHERE k BETWEEN 7814338 AND 7814438
	Bitmap Heap Scan on sbtest3  (cost=5.57..444.49 rows=111 width=125)
	  Recheck Cond: ((k >= 7814338) AND (k <= 7814438))
	  ->  Bitmap Index Scan on k_3  (cost=0.00..5.54 rows=111 width=0)
	        Index Cond: ((k >= 7814338) AND (k <= 7814438))

table 4 : explain SELECT k, c FROM sbtest4 WHERE k BETWEEN 7814338 AND 7814438
	Bitmap Heap Scan on sbtest4  (cost=5.50..416.94 rows=104 width=125)
	  Recheck Cond: ((k >= 7814338) AND (k <= 7814438))
	  ->  Bitmap Index Scan on k_4  (cost=0.00..5.47 rows=104 width=0)
	        Index Cond: ((k >= 7814338) AND (k <= 7814438))

table 5 : explain SELECT k, c FROM sbtest5 WHERE k BETWEEN 7814338 AND 7814438
	Bitmap Heap Scan on sbtest5  (cost=5.46..401.19 rows=100 width=125)
	  Recheck Cond: ((k >= 7814338) AND (k <= 7814438))
	  ->  Bitmap Index Scan on k_5  (cost=0.00..5.43 rows=100 width=0)
	        Index Cond: ((k >= 7814338) AND (k <= 7814438))

table 6 : explain SELECT k, c FROM sbtest6 WHERE k BETWEEN 7814338 AND 7814438
	Bitmap Heap Scan on sbtest6  (cost=5.53..428.75 rows=107 width=125)
	  Recheck Cond: ((k >= 7814338) AND (k <= 7814438))
	  ->  Bitmap Index Scan on k_6  (cost=0.00..5.50 rows=107 width=0)
	        Index Cond: ((k >= 7814338) AND (k <= 7814438))

table 7 : explain SELECT k, c FROM sbtest7 WHERE k BETWEEN 7814338 AND 7814438
	Bitmap Heap Scan on sbtest7  (cost=5.45..397.25 rows=99 width=125)
	  Recheck Cond: ((k >= 7814338) AND (k <= 7814438))
	  ->  Bitmap Index Scan on k_7  (cost=0.00..5.42 rows=99 width=0)
	        Index Cond: ((k >= 7814338) AND (k <= 7814438))

table 8 : explain SELECT k, c FROM sbtest8 WHERE k BETWEEN 7814338 AND 7814438
	Bitmap Heap Scan on sbtest8  (cost=5.53..428.75 rows=107 width=125)
	  Recheck Cond: ((k >= 7814338) AND (k <= 7814438))
	  ->  Bitmap Index Scan on k_8  (cost=0.00..5.50 rows=107 width=0)
	        Index Cond: ((k >= 7814338) AND (k <= 7814438))

explain: for range-notcovered :: explain SELECT k, c FROM sbtest%d WHERE k BETWEEN 7814338 AND 7814438
for range-notcovered
table 1 : explain SELECT k, c FROM sbtest1 WHERE k BETWEEN 5941308 AND 5941408
	Bitmap Heap Scan on sbtest1  (cost=5.49..413.00 rows=103 width=125)
	  Recheck Cond: ((k >= 5941308) AND (k <= 5941408))
	  ->  Bitmap Index Scan on k_1  (cost=0.00..5.46 rows=103 width=0)
	        Index Cond: ((k >= 5941308) AND (k <= 5941408))

table 2 : explain SELECT k, c FROM sbtest2 WHERE k BETWEEN 5941308 AND 5941408
	Bitmap Heap Scan on sbtest2  (cost=5.51..420.88 rows=105 width=125)
	  Recheck Cond: ((k >= 5941308) AND (k <= 5941408))
	  ->  Bitmap Index Scan on k_2  (cost=0.00..5.48 rows=105 width=0)
	        Index Cond: ((k >= 5941308) AND (k <= 5941408))

table 3 : explain SELECT k, c FROM sbtest3 WHERE k BETWEEN 5941308 AND 5941408
	Bitmap Heap Scan on sbtest3  (cost=5.49..413.00 rows=103 width=125)
	  Recheck Cond: ((k >= 5941308) AND (k <= 5941408))
	  ->  Bitmap Index Scan on k_3  (cost=0.00..5.46 rows=103 width=0)
	        Index Cond: ((k >= 5941308) AND (k <= 5941408))

table 4 : explain SELECT k, c FROM sbtest4 WHERE k BETWEEN 5941308 AND 5941408
	Bitmap Heap Scan on sbtest4  (cost=5.47..405.13 rows=101 width=125)
	  Recheck Cond: ((k >= 5941308) AND (k <= 5941408))
	  ->  Bitmap Index Scan on k_4  (cost=0.00..5.44 rows=101 width=0)
	        Index Cond: ((k >= 5941308) AND (k <= 5941408))

table 5 : explain SELECT k, c FROM sbtest5 WHERE k BETWEEN 5941308 AND 5941408
	Bitmap Heap Scan on sbtest5  (cost=5.42..385.43 rows=96 width=125)
	  Recheck Cond: ((k >= 5941308) AND (k <= 5941408))
	  ->  Bitmap Index Scan on k_5  (cost=0.00..5.39 rows=96 width=0)
	        Index Cond: ((k >= 5941308) AND (k <= 5941408))

table 6 : explain SELECT k, c FROM sbtest6 WHERE k BETWEEN 5941308 AND 5941408
	Bitmap Heap Scan on sbtest6  (cost=5.48..409.07 rows=102 width=125)
	  Recheck Cond: ((k >= 5941308) AND (k <= 5941408))
	  ->  Bitmap Index Scan on k_6  (cost=0.00..5.45 rows=102 width=0)
	        Index Cond: ((k >= 5941308) AND (k <= 5941408))

table 7 : explain SELECT k, c FROM sbtest7 WHERE k BETWEEN 5941308 AND 5941408
	Bitmap Heap Scan on sbtest7  (cost=5.51..420.88 rows=105 width=125)
	  Recheck Cond: ((k >= 5941308) AND (k <= 5941408))
	  ->  Bitmap Index Scan on k_7  (cost=0.00..5.48 rows=105 width=0)
	        Index Cond: ((k >= 5941308) AND (k <= 5941408))

table 8 : explain SELECT k, c FROM sbtest8 WHERE k BETWEEN 5941308 AND 5941408
	Bitmap Heap Scan on sbtest8  (cost=5.42..385.43 rows=96 width=125)
	  Recheck Cond: ((k >= 5941308) AND (k <= 5941408))
	  ->  Bitmap Index Scan on k_8  (cost=0.00..5.39 rows=96 width=0)
	        Index Cond: ((k >= 5941308) AND (k <= 5941408))

explain: for range-notcovered :: explain SELECT k, c FROM sbtest%d WHERE k BETWEEN 6514324 AND 6514424
explain: for range-notcovered :: explain SELECT k, c FROM sbtest%d WHERE k BETWEEN 5941308 AND 5941408
for range-notcovered
table 1 : explain SELECT k, c FROM sbtest1 WHERE k BETWEEN 2242202 AND 2242302
	Bitmap Heap Scan on sbtest1  (cost=5.58..448.42 rows=112 width=125)
	  Recheck Cond: ((k >= 2242202) AND (k <= 2242302))
	  ->  Bitmap Index Scan on k_1  (cost=0.00..5.55 rows=112 width=0)
	        Index Cond: ((k >= 2242202) AND (k <= 2242302))

table 2 : explain SELECT k, c FROM sbtest2 WHERE k BETWEEN 2242202 AND 2242302
	Bitmap Heap Scan on sbtest2  (cost=5.53..428.75 rows=107 width=125)
	  Recheck Cond: ((k >= 2242202) AND (k <= 2242302))
	  ->  Bitmap Index Scan on k_2  (cost=0.00..5.50 rows=107 width=0)
	        Index Cond: ((k >= 2242202) AND (k <= 2242302))

table 3 : explain SELECT k, c FROM sbtest3 WHERE k BETWEEN 2242202 AND 2242302
	Bitmap Heap Scan on sbtest3  (cost=5.48..409.07 rows=102 width=125)
	  Recheck Cond: ((k >= 2242202) AND (k <= 2242302))
	  ->  Bitmap Index Scan on k_3  (cost=0.00..5.45 rows=102 width=0)
	        Index Cond: ((k >= 2242202) AND (k <= 2242302))

table 4 : explain SELECT k, c FROM sbtest4 WHERE k BETWEEN 2242202 AND 2242302
	Bitmap Heap Scan on sbtest4  (cost=5.43..389.37 rows=97 width=125)
	  Recheck Cond: ((k >= 2242202) AND (k <= 2242302))
	  ->  Bitmap Index Scan on k_4  (cost=0.00..5.40 rows=97 width=0)
	        Index Cond: ((k >= 2242202) AND (k <= 2242302))

table 5 : explain SELECT k, c FROM sbtest5 WHERE k BETWEEN 2242202 AND 2242302
	Bitmap Heap Scan on sbtest5  (cost=5.55..436.62 rows=109 width=125)
	  Recheck Cond: ((k >= 2242202) AND (k <= 2242302))
	  ->  Bitmap Index Scan on k_5  (cost=0.00..5.52 rows=109 width=0)
	        Index Cond: ((k >= 2242202) AND (k <= 2242302))

table 6 : explain SELECT k, c FROM sbtest6 WHERE k BETWEEN 2242202 AND 2242302
	Bitmap Heap Scan on sbtest6  (cost=5.49..413.00 rows=103 width=125)
	  Recheck Cond: ((k >= 2242202) AND (k <= 2242302))
	  ->  Bitmap Index Scan on k_6  (cost=0.00..5.46 rows=103 width=0)
	        Index Cond: ((k >= 2242202) AND (k <= 2242302))

table 7 : explain SELECT k, c FROM sbtest7 WHERE k BETWEEN 2242202 AND 2242302
	Bitmap Heap Scan on sbtest7  (cost=5.44..393.31 rows=98 width=125)
	  Recheck Cond: ((k >= 2242202) AND (k <= 2242302))
	  ->  Bitmap Index Scan on k_7  (cost=0.00..5.42 rows=98 width=0)
	        Index Cond: ((k >= 2242202) AND (k <= 2242302))

table 8 : explain SELECT k, c FROM sbtest8 WHERE k BETWEEN 2242202 AND 2242302
	Bitmap Heap Scan on sbtest8  (cost=5.54..432.69 rows=108 width=125)
	  Recheck Cond: ((k >= 2242202) AND (k <= 2242302))
	  ->  Bitmap Index Scan on k_8  (cost=0.00..5.51 rows=108 width=0)
	        Index Cond: ((k >= 2242202) AND (k <= 2242302))

for range-notcovered
table 1 : explain SELECT k, c FROM sbtest1 WHERE k BETWEEN 2598447 AND 2598547
	Bitmap Heap Scan on sbtest1  (cost=5.48..409.07 rows=102 width=125)
	  Recheck Cond: ((k >= 2598447) AND (k <= 2598547))
	  ->  Bitmap Index Scan on k_1  (cost=0.00..5.45 rows=102 width=0)
	        Index Cond: ((k >= 2598447) AND (k <= 2598547))

table 2 : explain SELECT k, c FROM sbtest2 WHERE k BETWEEN 2598447 AND 2598547
	Bitmap Heap Scan on sbtest2  (cost=5.63..468.09 rows=117 width=125)
	  Recheck Cond: ((k >= 2598447) AND (k <= 2598547))
	  ->  Bitmap Index Scan on k_2  (cost=0.00..5.60 rows=117 width=0)
	        Index Cond: ((k >= 2598447) AND (k <= 2598547))

table 3 : explain SELECT k, c FROM sbtest3 WHERE k BETWEEN 2598447 AND 2598547
	Bitmap Heap Scan on sbtest3  (cost=5.43..389.37 rows=97 width=125)
	  Recheck Cond: ((k >= 2598447) AND (k <= 2598547))
	  ->  Bitmap Index Scan on k_3  (cost=0.00..5.40 rows=97 width=0)
	        Index Cond: ((k >= 2598447) AND (k <= 2598547))

table 4 : explain SELECT k, c FROM sbtest4 WHERE k BETWEEN 2598447 AND 2598547
	Bitmap Heap Scan on sbtest4  (cost=5.44..393.31 rows=98 width=125)
	  Recheck Cond: ((k >= 2598447) AND (k <= 2598547))
	  ->  Bitmap Index Scan on k_4  (cost=0.00..5.42 rows=98 width=0)
	        Index Cond: ((k >= 2598447) AND (k <= 2598547))

table 5 : explain SELECT k, c FROM sbtest5 WHERE k BETWEEN 2598447 AND 2598547
	Bitmap Heap Scan on sbtest5  (cost=5.49..413.00 rows=103 width=125)
	  Recheck Cond: ((k >= 2598447) AND (k <= 2598547))
	  ->  Bitmap Index Scan on k_5  (cost=0.00..5.46 rows=103 width=0)
	        Index Cond: ((k >= 2598447) AND (k <= 2598547))

table 6 : explain SELECT k, c FROM sbtest6 WHERE k BETWEEN 2598447 AND 2598547
	Bitmap Heap Scan on sbtest6  (cost=5.50..416.94 rows=104 width=125)
	  Recheck Cond: ((k >= 2598447) AND (k <= 2598547))
	  ->  Bitmap Index Scan on k_6  (cost=0.00..5.47 rows=104 width=0)
	        Index Cond: ((k >= 2598447) AND (k <= 2598547))

table 7 : explain SELECT k, c FROM sbtest7 WHERE k BETWEEN 2598447 AND 2598547
	Bitmap Heap Scan on sbtest7  (cost=5.39..373.61 rows=93 width=125)
	  Recheck Cond: ((k >= 2598447) AND (k <= 2598547))
	  ->  Bitmap Index Scan on k_7  (cost=0.00..5.36 rows=93 width=0)
	        Index Cond: ((k >= 2598447) AND (k <= 2598547))

table 8 : explain SELECT k, c FROM sbtest8 WHERE k BETWEEN 2598447 AND 2598547
	Bitmap Heap Scan on sbtest8  (cost=5.39..373.61 rows=93 width=125)
	  Recheck Cond: ((k >= 2598447) AND (k <= 2598547))
	  ->  Bitmap Index Scan on k_8  (cost=0.00..5.36 rows=93 width=0)
	        Index Cond: ((k >= 2598447) AND (k <= 2598547))

explain: for range-notcovered :: explain SELECT k, c FROM sbtest%d WHERE k BETWEEN 2242202 AND 2242302
explain: for range-notcovered :: explain SELECT k, c FROM sbtest%d WHERE k BETWEEN 2598447 AND 2598547
for range-notcovered
table 1 : explain SELECT k, c FROM sbtest1 WHERE k BETWEEN 7814338 AND 7814438
	Bitmap Heap Scan on sbtest1  (cost=5.42..385.43 rows=96 width=125)
	  Recheck Cond: ((k >= 7814338) AND (k <= 7814438))
	  ->  Bitmap Index Scan on k_1  (cost=0.00..5.39 rows=96 width=0)
	        Index Cond: ((k >= 7814338) AND (k <= 7814438))

table 2 : explain SELECT k, c FROM sbtest2 WHERE k BETWEEN 7814338 AND 7814438
	Bitmap Heap Scan on sbtest2  (cost=5.54..432.69 rows=108 width=125)
	  Recheck Cond: ((k >= 7814338) AND (k <= 7814438))
	  ->  Bitmap Index Scan on k_2  (cost=0.00..5.51 rows=108 width=0)
	        Index Cond: ((k >= 7814338) AND (k <= 7814438))

table 3 : explain SELECT k, c FROM sbtest3 WHERE k BETWEEN 7814338 AND 7814438
	Bitmap Heap Scan on sbtest3  (cost=5.57..444.49 rows=111 width=125)
	  Recheck Cond: ((k >= 7814338) AND (k <= 7814438))
	  ->  Bitmap Index Scan on k_3  (cost=0.00..5.54 rows=111 width=0)
	        Index Cond: ((k >= 7814338) AND (k <= 7814438))

table 4 : explain SELECT k, c FROM sbtest4 WHERE k BETWEEN 7814338 AND 7814438
	Bitmap Heap Scan on sbtest4  (cost=5.50..416.94 rows=104 width=125)
	  Recheck Cond: ((k >= 7814338) AND (k <= 7814438))
	  ->  Bitmap Index Scan on k_4  (cost=0.00..5.47 rows=104 width=0)
	        Index Cond: ((k >= 7814338) AND (k <= 7814438))

table 5 : explain SELECT k, c FROM sbtest5 WHERE k BETWEEN 7814338 AND 7814438
	Bitmap Heap Scan on sbtest5  (cost=5.46..401.19 rows=100 width=125)
	  Recheck Cond: ((k >= 7814338) AND (k <= 7814438))
	  ->  Bitmap Index Scan on k_5  (cost=0.00..5.43 rows=100 width=0)
	        Index Cond: ((k >= 7814338) AND (k <= 7814438))

table 6 : explain SELECT k, c FROM sbtest6 WHERE k BETWEEN 7814338 AND 7814438
	Bitmap Heap Scan on sbtest6  (cost=5.53..428.75 rows=107 width=125)
	  Recheck Cond: ((k >= 7814338) AND (k <= 7814438))
	  ->  Bitmap Index Scan on k_6  (cost=0.00..5.50 rows=107 width=0)
	        Index Cond: ((k >= 7814338) AND (k <= 7814438))

table 7 : explain SELECT k, c FROM sbtest7 WHERE k BETWEEN 7814338 AND 7814438
	Bitmap Heap Scan on sbtest7  (cost=5.45..397.25 rows=99 width=125)
	  Recheck Cond: ((k >= 7814338) AND (k <= 7814438))
	  ->  Bitmap Index Scan on k_7  (cost=0.00..5.42 rows=99 width=0)
	        Index Cond: ((k >= 7814338) AND (k <= 7814438))

table 8 : explain SELECT k, c FROM sbtest8 WHERE k BETWEEN 7814338 AND 7814438
	Bitmap Heap Scan on sbtest8  (cost=5.53..428.75 rows=107 width=125)
	  Recheck Cond: ((k >= 7814338) AND (k <= 7814438))
	  ->  Bitmap Index Scan on k_8  (cost=0.00..5.50 rows=107 width=0)
	        Index Cond: ((k >= 7814338) AND (k <= 7814438))

explain: for range-notcovered :: explain SELECT k, c FROM sbtest%d WHERE k BETWEEN 7814338 AND 7814438
for range-notcovered
table 1 : explain SELECT k, c FROM sbtest1 WHERE k BETWEEN 2242202 AND 2242302
	Bitmap Heap Scan on sbtest1  (cost=5.58..448.42 rows=112 width=125)
	  Recheck Cond: ((k >= 2242202) AND (k <= 2242302))
	  ->  Bitmap Index Scan on k_1  (cost=0.00..5.55 rows=112 width=0)
	        Index Cond: ((k >= 2242202) AND (k <= 2242302))

table 2 : explain SELECT k, c FROM sbtest2 WHERE k BETWEEN 2242202 AND 2242302
	Bitmap Heap Scan on sbtest2  (cost=5.53..428.75 rows=107 width=125)
	  Recheck Cond: ((k >= 2242202) AND (k <= 2242302))
	  ->  Bitmap Index Scan on k_2  (cost=0.00..5.50 rows=107 width=0)
	        Index Cond: ((k >= 2242202) AND (k <= 2242302))

table 3 : explain SELECT k, c FROM sbtest3 WHERE k BETWEEN 2242202 AND 2242302
	Bitmap Heap Scan on sbtest3  (cost=5.48..409.07 rows=102 width=125)
	  Recheck Cond: ((k >= 2242202) AND (k <= 2242302))
	  ->  Bitmap Index Scan on k_3  (cost=0.00..5.45 rows=102 width=0)
	        Index Cond: ((k >= 2242202) AND (k <= 2242302))

table 4 : explain SELECT k, c FROM sbtest4 WHERE k BETWEEN 2242202 AND 2242302
	Bitmap Heap Scan on sbtest4  (cost=5.43..389.37 rows=97 width=125)
	  Recheck Cond: ((k >= 2242202) AND (k <= 2242302))
	  ->  Bitmap Index Scan on k_4  (cost=0.00..5.40 rows=97 width=0)
	        Index Cond: ((k >= 2242202) AND (k <= 2242302))

table 5 : explain SELECT k, c FROM sbtest5 WHERE k BETWEEN 2242202 AND 2242302
	Bitmap Heap Scan on sbtest5  (cost=5.55..436.62 rows=109 width=125)
	  Recheck Cond: ((k >= 2242202) AND (k <= 2242302))
	  ->  Bitmap Index Scan on k_5  (cost=0.00..5.52 rows=109 width=0)
	        Index Cond: ((k >= 2242202) AND (k <= 2242302))

table 6 : explain SELECT k, c FROM sbtest6 WHERE k BETWEEN 2242202 AND 2242302
	Bitmap Heap Scan on sbtest6  (cost=5.49..413.00 rows=103 width=125)
	  Recheck Cond: ((k >= 2242202) AND (k <= 2242302))
	  ->  Bitmap Index Scan on k_6  (cost=0.00..5.46 rows=103 width=0)
	        Index Cond: ((k >= 2242202) AND (k <= 2242302))

table 7 : explain SELECT k, c FROM sbtest7 WHERE k BETWEEN 2242202 AND 2242302
	Bitmap Heap Scan on sbtest7  (cost=5.44..393.31 rows=98 width=125)
	  Recheck Cond: ((k >= 2242202) AND (k <= 2242302))
	  ->  Bitmap Index Scan on k_7  (cost=0.00..5.42 rows=98 width=0)
	        Index Cond: ((k >= 2242202) AND (k <= 2242302))

table 8 : explain SELECT k, c FROM sbtest8 WHERE k BETWEEN 2242202 AND 2242302
	Bitmap Heap Scan on sbtest8  (cost=5.54..432.69 rows=108 width=125)
	  Recheck Cond: ((k >= 2242202) AND (k <= 2242302))
	  ->  Bitmap Index Scan on k_8  (cost=0.00..5.51 rows=108 width=0)
	        Index Cond: ((k >= 2242202) AND (k <= 2242302))

explain: for range-notcovered :: explain SELECT k, c FROM sbtest%d WHERE k BETWEEN 2242202 AND 2242302
for range-notcovered
table 1 : explain SELECT k, c FROM sbtest1 WHERE k BETWEEN 2598447 AND 2598547
	Bitmap Heap Scan on sbtest1  (cost=5.48..409.07 rows=102 width=125)
	  Recheck Cond: ((k >= 2598447) AND (k <= 2598547))
	  ->  Bitmap Index Scan on k_1  (cost=0.00..5.45 rows=102 width=0)
	        Index Cond: ((k >= 2598447) AND (k <= 2598547))

table 2 : explain SELECT k, c FROM sbtest2 WHERE k BETWEEN 2598447 AND 2598547
	Bitmap Heap Scan on sbtest2  (cost=5.63..468.09 rows=117 width=125)
	  Recheck Cond: ((k >= 2598447) AND (k <= 2598547))
	  ->  Bitmap Index Scan on k_2  (cost=0.00..5.60 rows=117 width=0)
	        Index Cond: ((k >= 2598447) AND (k <= 2598547))

table 3 : explain SELECT k, c FROM sbtest3 WHERE k BETWEEN 2598447 AND 2598547
	Bitmap Heap Scan on sbtest3  (cost=5.43..389.37 rows=97 width=125)
	  Recheck Cond: ((k >= 2598447) AND (k <= 2598547))
	  ->  Bitmap Index Scan on k_3  (cost=0.00..5.40 rows=97 width=0)
	        Index Cond: ((k >= 2598447) AND (k <= 2598547))

table 4 : explain SELECT k, c FROM sbtest4 WHERE k BETWEEN 2598447 AND 2598547
	Bitmap Heap Scan on sbtest4  (cost=5.44..393.31 rows=98 width=125)
	  Recheck Cond: ((k >= 2598447) AND (k <= 2598547))
	  ->  Bitmap Index Scan on k_4  (cost=0.00..5.42 rows=98 width=0)
	        Index Cond: ((k >= 2598447) AND (k <= 2598547))

table 5 : explain SELECT k, c FROM sbtest5 WHERE k BETWEEN 2598447 AND 2598547
	Bitmap Heap Scan on sbtest5  (cost=5.49..413.00 rows=103 width=125)
	  Recheck Cond: ((k >= 2598447) AND (k <= 2598547))
	  ->  Bitmap Index Scan on k_5  (cost=0.00..5.46 rows=103 width=0)
	        Index Cond: ((k >= 2598447) AND (k <= 2598547))

table 6 : explain SELECT k, c FROM sbtest6 WHERE k BETWEEN 2598447 AND 2598547
	Bitmap Heap Scan on sbtest6  (cost=5.50..416.94 rows=104 width=125)
	  Recheck Cond: ((k >= 2598447) AND (k <= 2598547))
	  ->  Bitmap Index Scan on k_6  (cost=0.00..5.47 rows=104 width=0)
	        Index Cond: ((k >= 2598447) AND (k <= 2598547))

table 7 : explain SELECT k, c FROM sbtest7 WHERE k BETWEEN 2598447 AND 2598547
	Bitmap Heap Scan on sbtest7  (cost=5.39..373.61 rows=93 width=125)
	  Recheck Cond: ((k >= 2598447) AND (k <= 2598547))
	  ->  Bitmap Index Scan on k_7  (cost=0.00..5.36 rows=93 width=0)
	        Index Cond: ((k >= 2598447) AND (k <= 2598547))

table 8 : explain SELECT k, c FROM sbtest8 WHERE k BETWEEN 2598447 AND 2598547
	Bitmap Heap Scan on sbtest8  (cost=5.39..373.61 rows=93 width=125)
	  Recheck Cond: ((k >= 2598447) AND (k <= 2598547))
	  ->  Bitmap Index Scan on k_8  (cost=0.00..5.36 rows=93 width=0)
	        Index Cond: ((k >= 2598447) AND (k <= 2598547))

explain: for range-notcovered :: explain SELECT k, c FROM sbtest%d WHERE k BETWEEN 2598447 AND 2598547
explain: for range-notcovered :: explain SELECT k, c FROM sbtest%d WHERE k BETWEEN 6735918 AND 6736018
for range-notcovered
table 1 : explain SELECT k, c FROM sbtest1 WHERE k BETWEEN 7814338 AND 7814438
	Bitmap Heap Scan on sbtest1  (cost=5.42..385.43 rows=96 width=125)
	  Recheck Cond: ((k >= 7814338) AND (k <= 7814438))
	  ->  Bitmap Index Scan on k_1  (cost=0.00..5.39 rows=96 width=0)
	        Index Cond: ((k >= 7814338) AND (k <= 7814438))

table 2 : explain SELECT k, c FROM sbtest2 WHERE k BETWEEN 7814338 AND 7814438
	Bitmap Heap Scan on sbtest2  (cost=5.54..432.69 rows=108 width=125)
	  Recheck Cond: ((k >= 7814338) AND (k <= 7814438))
	  ->  Bitmap Index Scan on k_2  (cost=0.00..5.51 rows=108 width=0)
	        Index Cond: ((k >= 7814338) AND (k <= 7814438))

table 3 : explain SELECT k, c FROM sbtest3 WHERE k BETWEEN 7814338 AND 7814438
	Bitmap Heap Scan on sbtest3  (cost=5.57..444.49 rows=111 width=125)
	  Recheck Cond: ((k >= 7814338) AND (k <= 7814438))
	  ->  Bitmap Index Scan on k_3  (cost=0.00..5.54 rows=111 width=0)
	        Index Cond: ((k >= 7814338) AND (k <= 7814438))

table 4 : explain SELECT k, c FROM sbtest4 WHERE k BETWEEN 7814338 AND 7814438
	Bitmap Heap Scan on sbtest4  (cost=5.50..416.94 rows=104 width=125)
	  Recheck Cond: ((k >= 7814338) AND (k <= 7814438))
	  ->  Bitmap Index Scan on k_4  (cost=0.00..5.47 rows=104 width=0)
	        Index Cond: ((k >= 7814338) AND (k <= 7814438))

table 5 : explain SELECT k, c FROM sbtest5 WHERE k BETWEEN 7814338 AND 7814438
	Bitmap Heap Scan on sbtest5  (cost=5.46..401.19 rows=100 width=125)
	  Recheck Cond: ((k >= 7814338) AND (k <= 7814438))
	  ->  Bitmap Index Scan on k_5  (cost=0.00..5.43 rows=100 width=0)
	        Index Cond: ((k >= 7814338) AND (k <= 7814438))

table 6 : explain SELECT k, c FROM sbtest6 WHERE k BETWEEN 7814338 AND 7814438
	Bitmap Heap Scan on sbtest6  (cost=5.53..428.75 rows=107 width=125)
	  Recheck Cond: ((k >= 7814338) AND (k <= 7814438))
	  ->  Bitmap Index Scan on k_6  (cost=0.00..5.50 rows=107 width=0)
	        Index Cond: ((k >= 7814338) AND (k <= 7814438))

table 7 : explain SELECT k, c FROM sbtest7 WHERE k BETWEEN 7814338 AND 7814438
	Bitmap Heap Scan on sbtest7  (cost=5.45..397.25 rows=99 width=125)
	  Recheck Cond: ((k >= 7814338) AND (k <= 7814438))
	  ->  Bitmap Index Scan on k_7  (cost=0.00..5.42 rows=99 width=0)
	        Index Cond: ((k >= 7814338) AND (k <= 7814438))

table 8 : explain SELECT k, c FROM sbtest8 WHERE k BETWEEN 7814338 AND 7814438
	Bitmap Heap Scan on sbtest8  (cost=5.53..428.75 rows=107 width=125)
	  Recheck Cond: ((k >= 7814338) AND (k <= 7814438))
	  ->  Bitmap Index Scan on k_8  (cost=0.00..5.50 rows=107 width=0)
	        Index Cond: ((k >= 7814338) AND (k <= 7814438))

for range-notcovered
table 1 : explain SELECT k, c FROM sbtest1 WHERE k BETWEEN 2242202 AND 2242302
	Bitmap Heap Scan on sbtest1  (cost=5.58..448.42 rows=112 width=125)
	  Recheck Cond: ((k >= 2242202) AND (k <= 2242302))
	  ->  Bitmap Index Scan on k_1  (cost=0.00..5.55 rows=112 width=0)
	        Index Cond: ((k >= 2242202) AND (k <= 2242302))

table 2 : explain SELECT k, c FROM sbtest2 WHERE k BETWEEN 2242202 AND 2242302
	Bitmap Heap Scan on sbtest2  (cost=5.53..428.75 rows=107 width=125)
	  Recheck Cond: ((k >= 2242202) AND (k <= 2242302))
	  ->  Bitmap Index Scan on k_2  (cost=0.00..5.50 rows=107 width=0)
	        Index Cond: ((k >= 2242202) AND (k <= 2242302))

table 3 : explain SELECT k, c FROM sbtest3 WHERE k BETWEEN 2242202 AND 2242302
	Bitmap Heap Scan on sbtest3  (cost=5.48..409.07 rows=102 width=125)
	  Recheck Cond: ((k >= 2242202) AND (k <= 2242302))
	  ->  Bitmap Index Scan on k_3  (cost=0.00..5.45 rows=102 width=0)
	        Index Cond: ((k >= 2242202) AND (k <= 2242302))

table 4 : explain SELECT k, c FROM sbtest4 WHERE k BETWEEN 2242202 AND 2242302
	Bitmap Heap Scan on sbtest4  (cost=5.43..389.37 rows=97 width=125)
	  Recheck Cond: ((k >= 2242202) AND (k <= 2242302))
	  ->  Bitmap Index Scan on k_4  (cost=0.00..5.40 rows=97 width=0)
	        Index Cond: ((k >= 2242202) AND (k <= 2242302))

table 5 : explain SELECT k, c FROM sbtest5 WHERE k BETWEEN 2242202 AND 2242302
	Bitmap Heap Scan on sbtest5  (cost=5.55..436.62 rows=109 width=125)
	  Recheck Cond: ((k >= 2242202) AND (k <= 2242302))
	  ->  Bitmap Index Scan on k_5  (cost=0.00..5.52 rows=109 width=0)
	        Index Cond: ((k >= 2242202) AND (k <= 2242302))

table 6 : explain SELECT k, c FROM sbtest6 WHERE k BETWEEN 2242202 AND 2242302
	Bitmap Heap Scan on sbtest6  (cost=5.49..413.00 rows=103 width=125)
	  Recheck Cond: ((k >= 2242202) AND (k <= 2242302))
	  ->  Bitmap Index Scan on k_6  (cost=0.00..5.46 rows=103 width=0)
	        Index Cond: ((k >= 2242202) AND (k <= 2242302))

table 7 : explain SELECT k, c FROM sbtest7 WHERE k BETWEEN 2242202 AND 2242302
	Bitmap Heap Scan on sbtest7  (cost=5.44..393.31 rows=98 width=125)
	  Recheck Cond: ((k >= 2242202) AND (k <= 2242302))
	  ->  Bitmap Index Scan on k_7  (cost=0.00..5.42 rows=98 width=0)
	        Index Cond: ((k >= 2242202) AND (k <= 2242302))

table 8 : explain SELECT k, c FROM sbtest8 WHERE k BETWEEN 2242202 AND 2242302
	Bitmap Heap Scan on sbtest8  (cost=5.54..432.69 rows=108 width=125)
	  Recheck Cond: ((k >= 2242202) AND (k <= 2242302))
	  ->  Bitmap Index Scan on k_8  (cost=0.00..5.51 rows=108 width=0)
	        Index Cond: ((k >= 2242202) AND (k <= 2242302))

explain: for range-notcovered :: explain SELECT k, c FROM sbtest%d WHERE k BETWEEN 7814338 AND 7814438
for range-notcovered
table 1 : explain SELECT k, c FROM sbtest1 WHERE k BETWEEN 2598447 AND 2598547
	Bitmap Heap Scan on sbtest1  (cost=5.48..409.07 rows=102 width=125)
	  Recheck Cond: ((k >= 2598447) AND (k <= 2598547))
	  ->  Bitmap Index Scan on k_1  (cost=0.00..5.45 rows=102 width=0)
	        Index Cond: ((k >= 2598447) AND (k <= 2598547))

table 2 : explain SELECT k, c FROM sbtest2 WHERE k BETWEEN 2598447 AND 2598547
	Bitmap Heap Scan on sbtest2  (cost=5.63..468.09 rows=117 width=125)
	  Recheck Cond: ((k >= 2598447) AND (k <= 2598547))
	  ->  Bitmap Index Scan on k_2  (cost=0.00..5.60 rows=117 width=0)
	        Index Cond: ((k >= 2598447) AND (k <= 2598547))

table 3 : explain SELECT k, c FROM sbtest3 WHERE k BETWEEN 2598447 AND 2598547
	Bitmap Heap Scan on sbtest3  (cost=5.43..389.37 rows=97 width=125)
	  Recheck Cond: ((k >= 2598447) AND (k <= 2598547))
	  ->  Bitmap Index Scan on k_3  (cost=0.00..5.40 rows=97 width=0)
	        Index Cond: ((k >= 2598447) AND (k <= 2598547))

table 4 : explain SELECT k, c FROM sbtest4 WHERE k BETWEEN 2598447 AND 2598547
	Bitmap Heap Scan on sbtest4  (cost=5.44..393.31 rows=98 width=125)
	  Recheck Cond: ((k >= 2598447) AND (k <= 2598547))
	  ->  Bitmap Index Scan on k_4  (cost=0.00..5.42 rows=98 width=0)
	        Index Cond: ((k >= 2598447) AND (k <= 2598547))

table 5 : explain SELECT k, c FROM sbtest5 WHERE k BETWEEN 2598447 AND 2598547
	Bitmap Heap Scan on sbtest5  (cost=5.49..413.00 rows=103 width=125)
	  Recheck Cond: ((k >= 2598447) AND (k <= 2598547))
	  ->  Bitmap Index Scan on k_5  (cost=0.00..5.46 rows=103 width=0)
	        Index Cond: ((k >= 2598447) AND (k <= 2598547))

table 6 : explain SELECT k, c FROM sbtest6 WHERE k BETWEEN 2598447 AND 2598547
	Bitmap Heap Scan on sbtest6  (cost=5.50..416.94 rows=104 width=125)
	  Recheck Cond: ((k >= 2598447) AND (k <= 2598547))
	  ->  Bitmap Index Scan on k_6  (cost=0.00..5.47 rows=104 width=0)
	        Index Cond: ((k >= 2598447) AND (k <= 2598547))

table 7 : explain SELECT k, c FROM sbtest7 WHERE k BETWEEN 2598447 AND 2598547
	Bitmap Heap Scan on sbtest7  (cost=5.39..373.61 rows=93 width=125)
	  Recheck Cond: ((k >= 2598447) AND (k <= 2598547))
	  ->  Bitmap Index Scan on k_7  (cost=0.00..5.36 rows=93 width=0)
	        Index Cond: ((k >= 2598447) AND (k <= 2598547))

table 8 : explain SELECT k, c FROM sbtest8 WHERE k BETWEEN 2598447 AND 2598547
	Bitmap Heap Scan on sbtest8  (cost=5.39..373.61 rows=93 width=125)
	  Recheck Cond: ((k >= 2598447) AND (k <= 2598547))
	  ->  Bitmap Index Scan on k_8  (cost=0.00..5.36 rows=93 width=0)
	        Index Cond: ((k >= 2598447) AND (k <= 2598547))

explain: for range-notcovered :: explain SELECT k, c FROM sbtest%d WHERE k BETWEEN 2598447 AND 2598547
for range-notcovered
table 1 : explain SELECT k, c FROM sbtest1 WHERE k BETWEEN 4484274 AND 4484374
	Bitmap Heap Scan on sbtest1  (cost=5.48..409.07 rows=102 width=125)
	  Recheck Cond: ((k >= 4484274) AND (k <= 4484374))
	  ->  Bitmap Index Scan on k_1  (cost=0.00..5.45 rows=102 width=0)
	        Index Cond: ((k >= 4484274) AND (k <= 4484374))

table 2 : explain SELECT k, c FROM sbtest2 WHERE k BETWEEN 4484274 AND 4484374
	Bitmap Heap Scan on sbtest2  (cost=5.44..393.31 rows=98 width=125)
	  Recheck Cond: ((k >= 4484274) AND (k <= 4484374))
	  ->  Bitmap Index Scan on k_2  (cost=0.00..5.42 rows=98 width=0)
	        Index Cond: ((k >= 4484274) AND (k <= 4484374))

table 3 : explain SELECT k, c FROM sbtest3 WHERE k BETWEEN 4484274 AND 4484374
	Bitmap Heap Scan on sbtest3  (cost=5.46..401.19 rows=100 width=125)
	  Recheck Cond: ((k >= 4484274) AND (k <= 4484374))
	  ->  Bitmap Index Scan on k_3  (cost=0.00..5.43 rows=100 width=0)
	        Index Cond: ((k >= 4484274) AND (k <= 4484374))

table 4 : explain SELECT k, c FROM sbtest4 WHERE k BETWEEN 4484274 AND 4484374
	Bitmap Heap Scan on sbtest4  (cost=5.43..389.37 rows=97 width=125)
	  Recheck Cond: ((k >= 4484274) AND (k <= 4484374))
	  ->  Bitmap Index Scan on k_4  (cost=0.00..5.40 rows=97 width=0)
	        Index Cond: ((k >= 4484274) AND (k <= 4484374))

table 5 : explain SELECT k, c FROM sbtest5 WHERE k BETWEEN 4484274 AND 4484374
	Bitmap Heap Scan on sbtest5  (cost=5.55..436.62 rows=109 width=125)
	  Recheck Cond: ((k >= 4484274) AND (k <= 4484374))
	  ->  Bitmap Index Scan on k_5  (cost=0.00..5.52 rows=109 width=0)
	        Index Cond: ((k >= 4484274) AND (k <= 4484374))

table 6 : explain SELECT k, c FROM sbtest6 WHERE k BETWEEN 4484274 AND 4484374
	Bitmap Heap Scan on sbtest6  (cost=5.46..401.19 rows=100 width=125)
	  Recheck Cond: ((k >= 4484274) AND (k <= 4484374))
	  ->  Bitmap Index Scan on k_6  (cost=0.00..5.43 rows=100 width=0)
	        Index Cond: ((k >= 4484274) AND (k <= 4484374))

table 7 : explain SELECT k, c FROM sbtest7 WHERE k BETWEEN 4484274 AND 4484374
	Bitmap Heap Scan on sbtest7  (cost=5.52..424.81 rows=106 width=125)
	  Recheck Cond: ((k >= 4484274) AND (k <= 4484374))
	  ->  Bitmap Index Scan on k_7  (cost=0.00..5.50 rows=106 width=0)
	        Index Cond: ((k >= 4484274) AND (k <= 4484374))

table 8 : explain SELECT k, c FROM sbtest8 WHERE k BETWEEN 4484274 AND 4484374
	Bitmap Heap Scan on sbtest8  (cost=5.55..436.62 rows=109 width=125)
	  Recheck Cond: ((k >= 4484274) AND (k <= 4484374))
	  ->  Bitmap Index Scan on k_8  (cost=0.00..5.52 rows=109 width=0)
	        Index Cond: ((k >= 4484274) AND (k <= 4484374))

for range-notcovered
table 1 : explain SELECT k, c FROM sbtest1 WHERE k BETWEEN 6318922 AND 6319022
	Bitmap Heap Scan on sbtest1  (cost=5.53..428.75 rows=107 width=125)
	  Recheck Cond: ((k >= 6318922) AND (k <= 6319022))
	  ->  Bitmap Index Scan on k_1  (cost=0.00..5.50 rows=107 width=0)
	        Index Cond: ((k >= 6318922) AND (k <= 6319022))

table 2 : explain SELECT k, c FROM sbtest2 WHERE k BETWEEN 6318922 AND 6319022
	Bitmap Heap Scan on sbtest2  (cost=5.37..365.72 rows=91 width=125)
	  Recheck Cond: ((k >= 6318922) AND (k <= 6319022))
	  ->  Bitmap Index Scan on k_2  (cost=0.00..5.34 rows=91 width=0)
	        Index Cond: ((k >= 6318922) AND (k <= 6319022))

table 3 : explain SELECT k, c FROM sbtest3 WHERE k BETWEEN 6318922 AND 6319022
	Bitmap Heap Scan on sbtest3  (cost=5.50..416.94 rows=104 width=125)
	  Recheck Cond: ((k >= 6318922) AND (k <= 6319022))
	  ->  Bitmap Index Scan on k_3  (cost=0.00..5.47 rows=104 width=0)
	        Index Cond: ((k >= 6318922) AND (k <= 6319022))

table 4 : explain SELECT k, c FROM sbtest4 WHERE k BETWEEN 6318922 AND 6319022
	Bitmap Heap Scan on sbtest4  (cost=5.50..416.94 rows=104 width=125)
	  Recheck Cond: ((k >= 6318922) AND (k <= 6319022))
	  ->  Bitmap Index Scan on k_4  (cost=0.00..5.47 rows=104 width=0)
	        Index Cond: ((k >= 6318922) AND (k <= 6319022))

table 5 : explain SELECT k, c FROM sbtest5 WHERE k BETWEEN 6318922 AND 6319022
	Bitmap Heap Scan on sbtest5  (cost=5.48..409.07 rows=102 width=125)
	  Recheck Cond: ((k >= 6318922) AND (k <= 6319022))
	  ->  Bitmap Index Scan on k_5  (cost=0.00..5.45 rows=102 width=0)
	        Index Cond: ((k >= 6318922) AND (k <= 6319022))

table 6 : explain SELECT k, c FROM sbtest6 WHERE k BETWEEN 6318922 AND 6319022
	Bitmap Heap Scan on sbtest6  (cost=5.43..389.37 rows=97 width=125)
	  Recheck Cond: ((k >= 6318922) AND (k <= 6319022))
	  ->  Bitmap Index Scan on k_6  (cost=0.00..5.40 rows=97 width=0)
	        Index Cond: ((k >= 6318922) AND (k <= 6319022))

table 7 : explain SELECT k, c FROM sbtest7 WHERE k BETWEEN 6318922 AND 6319022
	Bitmap Heap Scan on sbtest7  (cost=5.47..405.13 rows=101 width=125)
	  Recheck Cond: ((k >= 6318922) AND (k <= 6319022))
	  ->  Bitmap Index Scan on k_7  (cost=0.00..5.44 rows=101 width=0)
	        Index Cond: ((k >= 6318922) AND (k <= 6319022))

table 8 : explain SELECT k, c FROM sbtest8 WHERE k BETWEEN 6318922 AND 6319022
	Bitmap Heap Scan on sbtest8  (cost=5.43..389.37 rows=97 width=125)
	  Recheck Cond: ((k >= 6318922) AND (k <= 6319022))
	  ->  Bitmap Index Scan on k_8  (cost=0.00..5.40 rows=97 width=0)
	        Index Cond: ((k >= 6318922) AND (k <= 6319022))

explain: for range-notcovered :: explain SELECT k, c FROM sbtest%d WHERE k BETWEEN 4484274 AND 4484374
explain: for range-notcovered :: explain SELECT k, c FROM sbtest%d WHERE k BETWEEN 6318922 AND 6319022
for range-notcovered
table 1 : explain SELECT k, c FROM sbtest1 WHERE k BETWEEN 7814338 AND 7814438
	Bitmap Heap Scan on sbtest1  (cost=5.42..385.43 rows=96 width=125)
	  Recheck Cond: ((k >= 7814338) AND (k <= 7814438))
	  ->  Bitmap Index Scan on k_1  (cost=0.00..5.39 rows=96 width=0)
	        Index Cond: ((k >= 7814338) AND (k <= 7814438))

table 2 : explain SELECT k, c FROM sbtest2 WHERE k BETWEEN 7814338 AND 7814438
	Bitmap Heap Scan on sbtest2  (cost=5.54..432.69 rows=108 width=125)
	  Recheck Cond: ((k >= 7814338) AND (k <= 7814438))
	  ->  Bitmap Index Scan on k_2  (cost=0.00..5.51 rows=108 width=0)
	        Index Cond: ((k >= 7814338) AND (k <= 7814438))

table 3 : explain SELECT k, c FROM sbtest3 WHERE k BETWEEN 7814338 AND 7814438
	Bitmap Heap Scan on sbtest3  (cost=5.57..444.49 rows=111 width=125)
	  Recheck Cond: ((k >= 7814338) AND (k <= 7814438))
	  ->  Bitmap Index Scan on k_3  (cost=0.00..5.54 rows=111 width=0)
	        Index Cond: ((k >= 7814338) AND (k <= 7814438))

table 4 : explain SELECT k, c FROM sbtest4 WHERE k BETWEEN 7814338 AND 7814438
	Bitmap Heap Scan on sbtest4  (cost=5.50..416.94 rows=104 width=125)
	  Recheck Cond: ((k >= 7814338) AND (k <= 7814438))
	  ->  Bitmap Index Scan on k_4  (cost=0.00..5.47 rows=104 width=0)
	        Index Cond: ((k >= 7814338) AND (k <= 7814438))

table 5 : explain SELECT k, c FROM sbtest5 WHERE k BETWEEN 7814338 AND 7814438
	Bitmap Heap Scan on sbtest5  (cost=5.46..401.19 rows=100 width=125)
	  Recheck Cond: ((k >= 7814338) AND (k <= 7814438))
	  ->  Bitmap Index Scan on k_5  (cost=0.00..5.43 rows=100 width=0)
	        Index Cond: ((k >= 7814338) AND (k <= 7814438))

table 6 : explain SELECT k, c FROM sbtest6 WHERE k BETWEEN 7814338 AND 7814438
	Bitmap Heap Scan on sbtest6  (cost=5.53..428.75 rows=107 width=125)
	  Recheck Cond: ((k >= 7814338) AND (k <= 7814438))
	  ->  Bitmap Index Scan on k_6  (cost=0.00..5.50 rows=107 width=0)
	        Index Cond: ((k >= 7814338) AND (k <= 7814438))

table 7 : explain SELECT k, c FROM sbtest7 WHERE k BETWEEN 7814338 AND 7814438
	Bitmap Heap Scan on sbtest7  (cost=5.45..397.25 rows=99 width=125)
	  Recheck Cond: ((k >= 7814338) AND (k <= 7814438))
	  ->  Bitmap Index Scan on k_7  (cost=0.00..5.42 rows=99 width=0)
	        Index Cond: ((k >= 7814338) AND (k <= 7814438))

table 8 : explain SELECT k, c FROM sbtest8 WHERE k BETWEEN 7814338 AND 7814438
	Bitmap Heap Scan on sbtest8  (cost=5.53..428.75 rows=107 width=125)
	  Recheck Cond: ((k >= 7814338) AND (k <= 7814438))
	  ->  Bitmap Index Scan on k_8  (cost=0.00..5.50 rows=107 width=0)
	        Index Cond: ((k >= 7814338) AND (k <= 7814438))

explain: for range-notcovered :: explain SELECT k, c FROM sbtest%d WHERE k BETWEEN 7814338 AND 7814438
for range-notcovered
table 1 : explain SELECT k, c FROM sbtest1 WHERE k BETWEEN 2598447 AND 2598547
	Bitmap Heap Scan on sbtest1  (cost=5.48..409.07 rows=102 width=125)
	  Recheck Cond: ((k >= 2598447) AND (k <= 2598547))
	  ->  Bitmap Index Scan on k_1  (cost=0.00..5.45 rows=102 width=0)
	        Index Cond: ((k >= 2598447) AND (k <= 2598547))

table 2 : explain SELECT k, c FROM sbtest2 WHERE k BETWEEN 2598447 AND 2598547
	Bitmap Heap Scan on sbtest2  (cost=5.63..468.09 rows=117 width=125)
	  Recheck Cond: ((k >= 2598447) AND (k <= 2598547))
	  ->  Bitmap Index Scan on k_2  (cost=0.00..5.60 rows=117 width=0)
	        Index Cond: ((k >= 2598447) AND (k <= 2598547))

table 3 : explain SELECT k, c FROM sbtest3 WHERE k BETWEEN 2598447 AND 2598547
	Bitmap Heap Scan on sbtest3  (cost=5.43..389.37 rows=97 width=125)
	  Recheck Cond: ((k >= 2598447) AND (k <= 2598547))
	  ->  Bitmap Index Scan on k_3  (cost=0.00..5.40 rows=97 width=0)
	        Index Cond: ((k >= 2598447) AND (k <= 2598547))

table 4 : explain SELECT k, c FROM sbtest4 WHERE k BETWEEN 2598447 AND 2598547
	Bitmap Heap Scan on sbtest4  (cost=5.44..393.31 rows=98 width=125)
	  Recheck Cond: ((k >= 2598447) AND (k <= 2598547))
	  ->  Bitmap Index Scan on k_4  (cost=0.00..5.42 rows=98 width=0)
	        Index Cond: ((k >= 2598447) AND (k <= 2598547))

table 5 : explain SELECT k, c FROM sbtest5 WHERE k BETWEEN 2598447 AND 2598547
	Bitmap Heap Scan on sbtest5  (cost=5.49..413.00 rows=103 width=125)
	  Recheck Cond: ((k >= 2598447) AND (k <= 2598547))
	  ->  Bitmap Index Scan on k_5  (cost=0.00..5.46 rows=103 width=0)
	        Index Cond: ((k >= 2598447) AND (k <= 2598547))

table 6 : explain SELECT k, c FROM sbtest6 WHERE k BETWEEN 2598447 AND 2598547
	Bitmap Heap Scan on sbtest6  (cost=5.50..416.94 rows=104 width=125)
	  Recheck Cond: ((k >= 2598447) AND (k <= 2598547))
	  ->  Bitmap Index Scan on k_6  (cost=0.00..5.47 rows=104 width=0)
	        Index Cond: ((k >= 2598447) AND (k <= 2598547))

table 7 : explain SELECT k, c FROM sbtest7 WHERE k BETWEEN 2598447 AND 2598547
	Bitmap Heap Scan on sbtest7  (cost=5.39..373.61 rows=93 width=125)
	  Recheck Cond: ((k >= 2598447) AND (k <= 2598547))
	  ->  Bitmap Index Scan on k_7  (cost=0.00..5.36 rows=93 width=0)
	        Index Cond: ((k >= 2598447) AND (k <= 2598547))

table 8 : explain SELECT k, c FROM sbtest8 WHERE k BETWEEN 2598447 AND 2598547
	Bitmap Heap Scan on sbtest8  (cost=5.39..373.61 rows=93 width=125)
	  Recheck Cond: ((k >= 2598447) AND (k <= 2598547))
	  ->  Bitmap Index Scan on k_8  (cost=0.00..5.36 rows=93 width=0)
	        Index Cond: ((k >= 2598447) AND (k <= 2598547))

explain: for range-notcovered :: explain SELECT k, c FROM sbtest%d WHERE k BETWEEN 2598447 AND 2598547
for range-notcovered
table 1 : explain SELECT k, c FROM sbtest1 WHERE k BETWEEN 4484274 AND 4484374
	Bitmap Heap Scan on sbtest1  (cost=5.48..409.07 rows=102 width=125)
	  Recheck Cond: ((k >= 4484274) AND (k <= 4484374))
	  ->  Bitmap Index Scan on k_1  (cost=0.00..5.45 rows=102 width=0)
	        Index Cond: ((k >= 4484274) AND (k <= 4484374))

table 2 : explain SELECT k, c FROM sbtest2 WHERE k BETWEEN 4484274 AND 4484374
	Bitmap Heap Scan on sbtest2  (cost=5.44..393.31 rows=98 width=125)
	  Recheck Cond: ((k >= 4484274) AND (k <= 4484374))
	  ->  Bitmap Index Scan on k_2  (cost=0.00..5.42 rows=98 width=0)
	        Index Cond: ((k >= 4484274) AND (k <= 4484374))

table 3 : explain SELECT k, c FROM sbtest3 WHERE k BETWEEN 4484274 AND 4484374
	Bitmap Heap Scan on sbtest3  (cost=5.46..401.19 rows=100 width=125)
	  Recheck Cond: ((k >= 4484274) AND (k <= 4484374))
	  ->  Bitmap Index Scan on k_3  (cost=0.00..5.43 rows=100 width=0)
	        Index Cond: ((k >= 4484274) AND (k <= 4484374))

table 4 : explain SELECT k, c FROM sbtest4 WHERE k BETWEEN 4484274 AND 4484374
	Bitmap Heap Scan on sbtest4  (cost=5.43..389.37 rows=97 width=125)
	  Recheck Cond: ((k >= 4484274) AND (k <= 4484374))
	  ->  Bitmap Index Scan on k_4  (cost=0.00..5.40 rows=97 width=0)
	        Index Cond: ((k >= 4484274) AND (k <= 4484374))

table 5 : explain SELECT k, c FROM sbtest5 WHERE k BETWEEN 4484274 AND 4484374
	Bitmap Heap Scan on sbtest5  (cost=5.55..436.62 rows=109 width=125)
	  Recheck Cond: ((k >= 4484274) AND (k <= 4484374))
	  ->  Bitmap Index Scan on k_5  (cost=0.00..5.52 rows=109 width=0)
	        Index Cond: ((k >= 4484274) AND (k <= 4484374))

table 6 : explain SELECT k, c FROM sbtest6 WHERE k BETWEEN 4484274 AND 4484374
	Bitmap Heap Scan on sbtest6  (cost=5.46..401.19 rows=100 width=125)
	  Recheck Cond: ((k >= 4484274) AND (k <= 4484374))
	  ->  Bitmap Index Scan on k_6  (cost=0.00..5.43 rows=100 width=0)
	        Index Cond: ((k >= 4484274) AND (k <= 4484374))

table 7 : explain SELECT k, c FROM sbtest7 WHERE k BETWEEN 4484274 AND 4484374
	Bitmap Heap Scan on sbtest7  (cost=5.52..424.81 rows=106 width=125)
	  Recheck Cond: ((k >= 4484274) AND (k <= 4484374))
	  ->  Bitmap Index Scan on k_7  (cost=0.00..5.50 rows=106 width=0)
	        Index Cond: ((k >= 4484274) AND (k <= 4484374))

table 8 : explain SELECT k, c FROM sbtest8 WHERE k BETWEEN 4484274 AND 4484374
	Bitmap Heap Scan on sbtest8  (cost=5.55..436.62 rows=109 width=125)
	  Recheck Cond: ((k >= 4484274) AND (k <= 4484374))
	  ->  Bitmap Index Scan on k_8  (cost=0.00..5.52 rows=109 width=0)
	        Index Cond: ((k >= 4484274) AND (k <= 4484374))

explain: for range-notcovered :: explain SELECT k, c FROM sbtest%d WHERE k BETWEEN 7003523 AND 7003623
for range-notcovered
table 1 : explain SELECT k, c FROM sbtest1 WHERE k BETWEEN 6318922 AND 6319022
	Bitmap Heap Scan on sbtest1  (cost=5.53..428.75 rows=107 width=125)
	  Recheck Cond: ((k >= 6318922) AND (k <= 6319022))
	  ->  Bitmap Index Scan on k_1  (cost=0.00..5.50 rows=107 width=0)
	        Index Cond: ((k >= 6318922) AND (k <= 6319022))

table 2 : explain SELECT k, c FROM sbtest2 WHERE k BETWEEN 6318922 AND 6319022
	Bitmap Heap Scan on sbtest2  (cost=5.37..365.72 rows=91 width=125)
	  Recheck Cond: ((k >= 6318922) AND (k <= 6319022))
	  ->  Bitmap Index Scan on k_2  (cost=0.00..5.34 rows=91 width=0)
	        Index Cond: ((k >= 6318922) AND (k <= 6319022))

table 3 : explain SELECT k, c FROM sbtest3 WHERE k BETWEEN 6318922 AND 6319022
	Bitmap Heap Scan on sbtest3  (cost=5.50..416.94 rows=104 width=125)
	  Recheck Cond: ((k >= 6318922) AND (k <= 6319022))
	  ->  Bitmap Index Scan on k_3  (cost=0.00..5.47 rows=104 width=0)
	        Index Cond: ((k >= 6318922) AND (k <= 6319022))

table 4 : explain SELECT k, c FROM sbtest4 WHERE k BETWEEN 6318922 AND 6319022
	Bitmap Heap Scan on sbtest4  (cost=5.50..416.94 rows=104 width=125)
	  Recheck Cond: ((k >= 6318922) AND (k <= 6319022))
	  ->  Bitmap Index Scan on k_4  (cost=0.00..5.47 rows=104 width=0)
	        Index Cond: ((k >= 6318922) AND (k <= 6319022))

table 5 : explain SELECT k, c FROM sbtest5 WHERE k BETWEEN 6318922 AND 6319022
	Bitmap Heap Scan on sbtest5  (cost=5.48..409.07 rows=102 width=125)
	  Recheck Cond: ((k >= 6318922) AND (k <= 6319022))
	  ->  Bitmap Index Scan on k_5  (cost=0.00..5.45 rows=102 width=0)
	        Index Cond: ((k >= 6318922) AND (k <= 6319022))

table 6 : explain SELECT k, c FROM sbtest6 WHERE k BETWEEN 6318922 AND 6319022
	Bitmap Heap Scan on sbtest6  (cost=5.43..389.37 rows=97 width=125)
	  Recheck Cond: ((k >= 6318922) AND (k <= 6319022))
	  ->  Bitmap Index Scan on k_6  (cost=0.00..5.40 rows=97 width=0)
	        Index Cond: ((k >= 6318922) AND (k <= 6319022))

table 7 : explain SELECT k, c FROM sbtest7 WHERE k BETWEEN 6318922 AND 6319022
	Bitmap Heap Scan on sbtest7  (cost=5.47..405.13 rows=101 width=125)
	  Recheck Cond: ((k >= 6318922) AND (k <= 6319022))
	  ->  Bitmap Index Scan on k_7  (cost=0.00..5.44 rows=101 width=0)
	        Index Cond: ((k >= 6318922) AND (k <= 6319022))

table 8 : explain SELECT k, c FROM sbtest8 WHERE k BETWEEN 6318922 AND 6319022
	Bitmap Heap Scan on sbtest8  (cost=5.43..389.37 rows=97 width=125)
	  Recheck Cond: ((k >= 6318922) AND (k <= 6319022))
	  ->  Bitmap Index Scan on k_8  (cost=0.00..5.40 rows=97 width=0)
	        Index Cond: ((k >= 6318922) AND (k <= 6319022))

explain: for range-notcovered :: explain SELECT k, c FROM sbtest%d WHERE k BETWEEN 4484274 AND 4484374
for range-notcovered
table 1 : explain SELECT k, c FROM sbtest1 WHERE k BETWEEN 1913925 AND 1914025
	Bitmap Heap Scan on sbtest1  (cost=5.51..420.88 rows=105 width=125)
	  Recheck Cond: ((k >= 1913925) AND (k <= 1914025))
	  ->  Bitmap Index Scan on k_1  (cost=0.00..5.48 rows=105 width=0)
	        Index Cond: ((k >= 1913925) AND (k <= 1914025))

table 2 : explain SELECT k, c FROM sbtest2 WHERE k BETWEEN 1913925 AND 1914025
	Bitmap Heap Scan on sbtest2  (cost=5.39..373.61 rows=93 width=125)
	  Recheck Cond: ((k >= 1913925) AND (k <= 1914025))
	  ->  Bitmap Index Scan on k_2  (cost=0.00..5.36 rows=93 width=0)
	        Index Cond: ((k >= 1913925) AND (k <= 1914025))

table 3 : explain SELECT k, c FROM sbtest3 WHERE k BETWEEN 1913925 AND 1914025
	Bitmap Heap Scan on sbtest3  (cost=5.52..424.81 rows=106 width=125)
	  Recheck Cond: ((k >= 1913925) AND (k <= 1914025))
	  ->  Bitmap Index Scan on k_3  (cost=0.00..5.50 rows=106 width=0)
	        Index Cond: ((k >= 1913925) AND (k <= 1914025))

table 4 : explain SELECT k, c FROM sbtest4 WHERE k BETWEEN 1913925 AND 1914025
	Bitmap Heap Scan on sbtest4  (cost=5.52..424.81 rows=106 width=125)
	  Recheck Cond: ((k >= 1913925) AND (k <= 1914025))
	  ->  Bitmap Index Scan on k_4  (cost=0.00..5.50 rows=106 width=0)
	        Index Cond: ((k >= 1913925) AND (k <= 1914025))

table 5 : explain SELECT k, c FROM sbtest5 WHERE k BETWEEN 1913925 AND 1914025
	Bitmap Heap Scan on sbtest5  (cost=5.57..444.49 rows=111 width=125)
	  Recheck Cond: ((k >= 1913925) AND (k <= 1914025))
	  ->  Bitmap Index Scan on k_5  (cost=0.00..5.54 rows=111 width=0)
	        Index Cond: ((k >= 1913925) AND (k <= 1914025))

table 6 : explain SELECT k, c FROM sbtest6 WHERE k BETWEEN 1913925 AND 1914025
	Bitmap Heap Scan on sbtest6  (cost=5.46..401.19 rows=100 width=125)
	  Recheck Cond: ((k >= 1913925) AND (k <= 1914025))
	  ->  Bitmap Index Scan on k_6  (cost=0.00..5.43 rows=100 width=0)
	        Index Cond: ((k >= 1913925) AND (k <= 1914025))

table 7 : explain SELECT k, c FROM sbtest7 WHERE k BETWEEN 1913925 AND 1914025
	Bitmap Heap Scan on sbtest7  (cost=5.36..361.78 rows=90 width=125)
	  Recheck Cond: ((k >= 1913925) AND (k <= 1914025))
	  ->  Bitmap Index Scan on k_7  (cost=0.00..5.33 rows=90 width=0)
	        Index Cond: ((k >= 1913925) AND (k <= 1914025))

table 8 : explain SELECT k, c FROM sbtest8 WHERE k BETWEEN 1913925 AND 1914025
	Bitmap Heap Scan on sbtest8  (cost=5.52..424.81 rows=106 width=125)
	  Recheck Cond: ((k >= 1913925) AND (k <= 1914025))
	  ->  Bitmap Index Scan on k_8  (cost=0.00..5.50 rows=106 width=0)
	        Index Cond: ((k >= 1913925) AND (k <= 1914025))

for range-notcovered
table 1 : explain SELECT k, c FROM sbtest1 WHERE k BETWEEN 6045959 AND 6046059
	Bitmap Heap Scan on sbtest1  (cost=5.46..401.19 rows=100 width=125)
	  Recheck Cond: ((k >= 6045959) AND (k <= 6046059))
	  ->  Bitmap Index Scan on k_1  (cost=0.00..5.43 rows=100 width=0)
	        Index Cond: ((k >= 6045959) AND (k <= 6046059))

table 2 : explain SELECT k, c FROM sbtest2 WHERE k BETWEEN 6045959 AND 6046059
	Bitmap Heap Scan on sbtest2  (cost=5.45..397.25 rows=99 width=125)
	  Recheck Cond: ((k >= 6045959) AND (k <= 6046059))
	  ->  Bitmap Index Scan on k_2  (cost=0.00..5.42 rows=99 width=0)
	        Index Cond: ((k >= 6045959) AND (k <= 6046059))

table 3 : explain SELECT k, c FROM sbtest3 WHERE k BETWEEN 6045959 AND 6046059
	Bitmap Heap Scan on sbtest3  (cost=5.52..424.81 rows=106 width=125)
	  Recheck Cond: ((k >= 6045959) AND (k <= 6046059))
	  ->  Bitmap Index Scan on k_3  (cost=0.00..5.50 rows=106 width=0)
	        Index Cond: ((k >= 6045959) AND (k <= 6046059))

table 4 : explain SELECT k, c FROM sbtest4 WHERE k BETWEEN 6045959 AND 6046059
	Bitmap Heap Scan on sbtest4  (cost=5.50..416.94 rows=104 width=125)
	  Recheck Cond: ((k >= 6045959) AND (k <= 6046059))
	  ->  Bitmap Index Scan on k_4  (cost=0.00..5.47 rows=104 width=0)
	        Index Cond: ((k >= 6045959) AND (k <= 6046059))

table 5 : explain SELECT k, c FROM sbtest5 WHERE k BETWEEN 6045959 AND 6046059
	Bitmap Heap Scan on sbtest5  (cost=5.48..409.07 rows=102 width=125)
	  Recheck Cond: ((k >= 6045959) AND (k <= 6046059))
	  ->  Bitmap Index Scan on k_5  (cost=0.00..5.45 rows=102 width=0)
	        Index Cond: ((k >= 6045959) AND (k <= 6046059))

table 6 : explain SELECT k, c FROM sbtest6 WHERE k BETWEEN 6045959 AND 6046059
	Bitmap Heap Scan on sbtest6  (cost=5.44..393.31 rows=98 width=125)
	  Recheck Cond: ((k >= 6045959) AND (k <= 6046059))
	  ->  Bitmap Index Scan on k_6  (cost=0.00..5.42 rows=98 width=0)
	        Index Cond: ((k >= 6045959) AND (k <= 6046059))

table 7 : explain SELECT k, c FROM sbtest7 WHERE k BETWEEN 6045959 AND 6046059
	Bitmap Heap Scan on sbtest7  (cost=5.54..432.69 rows=108 width=125)
	  Recheck Cond: ((k >= 6045959) AND (k <= 6046059))
	  ->  Bitmap Index Scan on k_7  (cost=0.00..5.51 rows=108 width=0)
	        Index Cond: ((k >= 6045959) AND (k <= 6046059))

table 8 : explain SELECT k, c FROM sbtest8 WHERE k BETWEEN 6045959 AND 6046059
	Bitmap Heap Scan on sbtest8  (cost=5.41..381.49 rows=95 width=125)
	  Recheck Cond: ((k >= 6045959) AND (k <= 6046059))
	  ->  Bitmap Index Scan on k_8  (cost=0.00..5.38 rows=95 width=0)
	        Index Cond: ((k >= 6045959) AND (k <= 6046059))
explain: for range-notcovered :: explain SELECT k, c FROM sbtest%d WHERE k BETWEEN 6318922 AND 6319022

explain: for range-notcovered :: explain SELECT k, c FROM sbtest%d WHERE k BETWEEN 1913925 AND 1914025
explain: for range-notcovered :: explain SELECT k, c FROM sbtest%d WHERE k BETWEEN 6045959 AND 6046059
for range-notcovered
table 1 : explain SELECT k, c FROM sbtest1 WHERE k BETWEEN 7814338 AND 7814438
	Bitmap Heap Scan on sbtest1  (cost=5.42..385.43 rows=96 width=125)
	  Recheck Cond: ((k >= 7814338) AND (k <= 7814438))
	  ->  Bitmap Index Scan on k_1  (cost=0.00..5.39 rows=96 width=0)
	        Index Cond: ((k >= 7814338) AND (k <= 7814438))

table 2 : explain SELECT k, c FROM sbtest2 WHERE k BETWEEN 7814338 AND 7814438
	Bitmap Heap Scan on sbtest2  (cost=5.54..432.69 rows=108 width=125)
	  Recheck Cond: ((k >= 7814338) AND (k <= 7814438))
	  ->  Bitmap Index Scan on k_2  (cost=0.00..5.51 rows=108 width=0)
	        Index Cond: ((k >= 7814338) AND (k <= 7814438))

table 3 : explain SELECT k, c FROM sbtest3 WHERE k BETWEEN 7814338 AND 7814438
	Bitmap Heap Scan on sbtest3  (cost=5.57..444.49 rows=111 width=125)
	  Recheck Cond: ((k >= 7814338) AND (k <= 7814438))
	  ->  Bitmap Index Scan on k_3  (cost=0.00..5.54 rows=111 width=0)
	        Index Cond: ((k >= 7814338) AND (k <= 7814438))

table 4 : explain SELECT k, c FROM sbtest4 WHERE k BETWEEN 7814338 AND 7814438
	Bitmap Heap Scan on sbtest4  (cost=5.50..416.94 rows=104 width=125)
	  Recheck Cond: ((k >= 7814338) AND (k <= 7814438))
	  ->  Bitmap Index Scan on k_4  (cost=0.00..5.47 rows=104 width=0)
	        Index Cond: ((k >= 7814338) AND (k <= 7814438))

table 5 : explain SELECT k, c FROM sbtest5 WHERE k BETWEEN 7814338 AND 7814438
	Bitmap Heap Scan on sbtest5  (cost=5.46..401.19 rows=100 width=125)
	  Recheck Cond: ((k >= 7814338) AND (k <= 7814438))
	  ->  Bitmap Index Scan on k_5  (cost=0.00..5.43 rows=100 width=0)
	        Index Cond: ((k >= 7814338) AND (k <= 7814438))

table 6 : explain SELECT k, c FROM sbtest6 WHERE k BETWEEN 7814338 AND 7814438
	Bitmap Heap Scan on sbtest6  (cost=5.53..428.75 rows=107 width=125)
	  Recheck Cond: ((k >= 7814338) AND (k <= 7814438))
	  ->  Bitmap Index Scan on k_6  (cost=0.00..5.50 rows=107 width=0)
	        Index Cond: ((k >= 7814338) AND (k <= 7814438))

table 7 : explain SELECT k, c FROM sbtest7 WHERE k BETWEEN 7814338 AND 7814438
	Bitmap Heap Scan on sbtest7  (cost=5.45..397.25 rows=99 width=125)
	  Recheck Cond: ((k >= 7814338) AND (k <= 7814438))
	  ->  Bitmap Index Scan on k_7  (cost=0.00..5.42 rows=99 width=0)
	        Index Cond: ((k >= 7814338) AND (k <= 7814438))

table 8 : explain SELECT k, c FROM sbtest8 WHERE k BETWEEN 7814338 AND 7814438
	Bitmap Heap Scan on sbtest8  (cost=5.53..428.75 rows=107 width=125)
	  Recheck Cond: ((k >= 7814338) AND (k <= 7814438))
	  ->  Bitmap Index Scan on k_8  (cost=0.00..5.50 rows=107 width=0)
	        Index Cond: ((k >= 7814338) AND (k <= 7814438))

for range-notcovered
table 1 : explain SELECT k, c FROM sbtest1 WHERE k BETWEEN 6514324 AND 6514424
	Bitmap Heap Scan on sbtest1  (cost=5.45..397.25 rows=99 width=125)
	  Recheck Cond: ((k >= 6514324) AND (k <= 6514424))
	  ->  Bitmap Index Scan on k_1  (cost=0.00..5.42 rows=99 width=0)
	        Index Cond: ((k >= 6514324) AND (k <= 6514424))

table 2 : explain SELECT k, c FROM sbtest2 WHERE k BETWEEN 6514324 AND 6514424
	Bitmap Heap Scan on sbtest2  (cost=5.49..413.00 rows=103 width=125)
	  Recheck Cond: ((k >= 6514324) AND (k <= 6514424))
	  ->  Bitmap Index Scan on k_2  (cost=0.00..5.46 rows=103 width=0)
	        Index Cond: ((k >= 6514324) AND (k <= 6514424))

table 3 : explain SELECT k, c FROM sbtest3 WHERE k BETWEEN 6514324 AND 6514424
	Bitmap Heap Scan on sbtest3  (cost=5.54..432.69 rows=108 width=125)
	  Recheck Cond: ((k >= 6514324) AND (k <= 6514424))
	  ->  Bitmap Index Scan on k_3  (cost=0.00..5.51 rows=108 width=0)
	        Index Cond: ((k >= 6514324) AND (k <= 6514424))

table 4 : explain SELECT k, c FROM sbtest4 WHERE k BETWEEN 6514324 AND 6514424
	Bitmap Heap Scan on sbtest4  (cost=5.57..444.49 rows=111 width=125)
	  Recheck Cond: ((k >= 6514324) AND (k <= 6514424))
	  ->  Bitmap Index Scan on k_4  (cost=0.00..5.54 rows=111 width=0)
	        Index Cond: ((k >= 6514324) AND (k <= 6514424))

table 5 : explain SELECT k, c FROM sbtest5 WHERE k BETWEEN 6514324 AND 6514424
	Bitmap Heap Scan on sbtest5  (cost=5.46..401.19 rows=100 width=125)
	  Recheck Cond: ((k >= 6514324) AND (k <= 6514424))
	  ->  Bitmap Index Scan on k_5  (cost=0.00..5.43 rows=100 width=0)
	        Index Cond: ((k >= 6514324) AND (k <= 6514424))

table 6 : explain SELECT k, c FROM sbtest6 WHERE k BETWEEN 6514324 AND 6514424
	Bitmap Heap Scan on sbtest6  (cost=5.41..381.49 rows=95 width=125)
	  Recheck Cond: ((k >= 6514324) AND (k <= 6514424))
	  ->  Bitmap Index Scan on k_6  (cost=0.00..5.38 rows=95 width=0)
	        Index Cond: ((k >= 6514324) AND (k <= 6514424))

table 7 : explain SELECT k, c FROM sbtest7 WHERE k BETWEEN 6514324 AND 6514424
	Bitmap Heap Scan on sbtest7  (cost=5.49..413.00 rows=103 width=125)
	  Recheck Cond: ((k >= 6514324) AND (k <= 6514424))
	  ->  Bitmap Index Scan on k_7  (cost=0.00..5.46 rows=103 width=0)
	        Index Cond: ((k >= 6514324) AND (k <= 6514424))

table 8 : explain SELECT k, c FROM sbtest8 WHERE k BETWEEN 6514324 AND 6514424
	Bitmap Heap Scan on sbtest8  (cost=5.45..397.25 rows=99 width=125)
	  Recheck Cond: ((k >= 6514324) AND (k <= 6514424))
	  ->  Bitmap Index Scan on k_8  (cost=0.00..5.42 rows=99 width=0)
	        Index Cond: ((k >= 6514324) AND (k <= 6514424))

explain: for range-notcovered :: explain SELECT k, c FROM sbtest%d WHERE k BETWEEN 4071956 AND 4072056
explain: for range-notcovered :: explain SELECT k, c FROM sbtest%d WHERE k BETWEEN 7814338 AND 7814438
explain: for range-notcovered :: explain SELECT k, c FROM sbtest%d WHERE k BETWEEN 6514324 AND 6514424
for range-notcovered
table 1 : explain SELECT k, c FROM sbtest1 WHERE k BETWEEN 2598447 AND 2598547
	Bitmap Heap Scan on sbtest1  (cost=5.48..409.07 rows=102 width=125)
	  Recheck Cond: ((k >= 2598447) AND (k <= 2598547))
	  ->  Bitmap Index Scan on k_1  (cost=0.00..5.45 rows=102 width=0)
	        Index Cond: ((k >= 2598447) AND (k <= 2598547))

table 2 : explain SELECT k, c FROM sbtest2 WHERE k BETWEEN 2598447 AND 2598547
	Bitmap Heap Scan on sbtest2  (cost=5.63..468.09 rows=117 width=125)
	  Recheck Cond: ((k >= 2598447) AND (k <= 2598547))
	  ->  Bitmap Index Scan on k_2  (cost=0.00..5.60 rows=117 width=0)
	        Index Cond: ((k >= 2598447) AND (k <= 2598547))

table 3 : explain SELECT k, c FROM sbtest3 WHERE k BETWEEN 2598447 AND 2598547
	Bitmap Heap Scan on sbtest3  (cost=5.43..389.37 rows=97 width=125)
	  Recheck Cond: ((k >= 2598447) AND (k <= 2598547))
	  ->  Bitmap Index Scan on k_3  (cost=0.00..5.40 rows=97 width=0)
	        Index Cond: ((k >= 2598447) AND (k <= 2598547))

table 4 : explain SELECT k, c FROM sbtest4 WHERE k BETWEEN 2598447 AND 2598547
	Bitmap Heap Scan on sbtest4  (cost=5.44..393.31 rows=98 width=125)
	  Recheck Cond: ((k >= 2598447) AND (k <= 2598547))
	  ->  Bitmap Index Scan on k_4  (cost=0.00..5.42 rows=98 width=0)
	        Index Cond: ((k >= 2598447) AND (k <= 2598547))

table 5 : explain SELECT k, c FROM sbtest5 WHERE k BETWEEN 2598447 AND 2598547
	Bitmap Heap Scan on sbtest5  (cost=5.49..413.00 rows=103 width=125)
	  Recheck Cond: ((k >= 2598447) AND (k <= 2598547))
	  ->  Bitmap Index Scan on k_5  (cost=0.00..5.46 rows=103 width=0)
	        Index Cond: ((k >= 2598447) AND (k <= 2598547))

table 6 : explain SELECT k, c FROM sbtest6 WHERE k BETWEEN 2598447 AND 2598547
	Bitmap Heap Scan on sbtest6  (cost=5.50..416.94 rows=104 width=125)
	  Recheck Cond: ((k >= 2598447) AND (k <= 2598547))
	  ->  Bitmap Index Scan on k_6  (cost=0.00..5.47 rows=104 width=0)
	        Index Cond: ((k >= 2598447) AND (k <= 2598547))

table 7 : explain SELECT k, c FROM sbtest7 WHERE k BETWEEN 2598447 AND 2598547
	Bitmap Heap Scan on sbtest7  (cost=5.39..373.61 rows=93 width=125)
	  Recheck Cond: ((k >= 2598447) AND (k <= 2598547))
	  ->  Bitmap Index Scan on k_7  (cost=0.00..5.36 rows=93 width=0)
	        Index Cond: ((k >= 2598447) AND (k <= 2598547))

table 8 : explain SELECT k, c FROM sbtest8 WHERE k BETWEEN 2598447 AND 2598547
	Bitmap Heap Scan on sbtest8  (cost=5.39..373.61 rows=93 width=125)
	  Recheck Cond: ((k >= 2598447) AND (k <= 2598547))
	  ->  Bitmap Index Scan on k_8  (cost=0.00..5.36 rows=93 width=0)
	        Index Cond: ((k >= 2598447) AND (k <= 2598547))

explain: for range-notcovered :: explain SELECT k, c FROM sbtest%d WHERE k BETWEEN 2598447 AND 2598547
for range-notcovered
table 1 : explain SELECT k, c FROM sbtest1 WHERE k BETWEEN 4484274 AND 4484374
	Bitmap Heap Scan on sbtest1  (cost=5.48..409.07 rows=102 width=125)
	  Recheck Cond: ((k >= 4484274) AND (k <= 4484374))
	  ->  Bitmap Index Scan on k_1  (cost=0.00..5.45 rows=102 width=0)
	        Index Cond: ((k >= 4484274) AND (k <= 4484374))

table 2 : explain SELECT k, c FROM sbtest2 WHERE k BETWEEN 4484274 AND 4484374
	Bitmap Heap Scan on sbtest2  (cost=5.44..393.31 rows=98 width=125)
	  Recheck Cond: ((k >= 4484274) AND (k <= 4484374))
	  ->  Bitmap Index Scan on k_2  (cost=0.00..5.42 rows=98 width=0)
	        Index Cond: ((k >= 4484274) AND (k <= 4484374))

table 3 : explain SELECT k, c FROM sbtest3 WHERE k BETWEEN 4484274 AND 4484374
	Bitmap Heap Scan on sbtest3  (cost=5.46..401.19 rows=100 width=125)
	  Recheck Cond: ((k >= 4484274) AND (k <= 4484374))
	  ->  Bitmap Index Scan on k_3  (cost=0.00..5.43 rows=100 width=0)
	        Index Cond: ((k >= 4484274) AND (k <= 4484374))

table 4 : explain SELECT k, c FROM sbtest4 WHERE k BETWEEN 4484274 AND 4484374
	Bitmap Heap Scan on sbtest4  (cost=5.43..389.37 rows=97 width=125)
	  Recheck Cond: ((k >= 4484274) AND (k <= 4484374))
	  ->  Bitmap Index Scan on k_4  (cost=0.00..5.40 rows=97 width=0)
	        Index Cond: ((k >= 4484274) AND (k <= 4484374))

table 5 : explain SELECT k, c FROM sbtest5 WHERE k BETWEEN 4484274 AND 4484374
	Bitmap Heap Scan on sbtest5  (cost=5.55..436.62 rows=109 width=125)
	  Recheck Cond: ((k >= 4484274) AND (k <= 4484374))
	  ->  Bitmap Index Scan on k_5  (cost=0.00..5.52 rows=109 width=0)
	        Index Cond: ((k >= 4484274) AND (k <= 4484374))

table 6 : explain SELECT k, c FROM sbtest6 WHERE k BETWEEN 4484274 AND 4484374
	Bitmap Heap Scan on sbtest6  (cost=5.46..401.19 rows=100 width=125)
	  Recheck Cond: ((k >= 4484274) AND (k <= 4484374))
	  ->  Bitmap Index Scan on k_6  (cost=0.00..5.43 rows=100 width=0)
	        Index Cond: ((k >= 4484274) AND (k <= 4484374))

table 7 : explain SELECT k, c FROM sbtest7 WHERE k BETWEEN 4484274 AND 4484374
	Bitmap Heap Scan on sbtest7  (cost=5.52..424.81 rows=106 width=125)
	  Recheck Cond: ((k >= 4484274) AND (k <= 4484374))
	  ->  Bitmap Index Scan on k_7  (cost=0.00..5.50 rows=106 width=0)
	        Index Cond: ((k >= 4484274) AND (k <= 4484374))

table 8 : explain SELECT k, c FROM sbtest8 WHERE k BETWEEN 4484274 AND 4484374
	Bitmap Heap Scan on sbtest8  (cost=5.55..436.62 rows=109 width=125)
	  Recheck Cond: ((k >= 4484274) AND (k <= 4484374))
	  ->  Bitmap Index Scan on k_8  (cost=0.00..5.52 rows=109 width=0)
	        Index Cond: ((k >= 4484274) AND (k <= 4484374))

for range-notcovered
table 1 : explain SELECT k, c FROM sbtest1 WHERE k BETWEEN 6318922 AND 6319022
	Bitmap Heap Scan on sbtest1  (cost=5.53..428.75 rows=107 width=125)
	  Recheck Cond: ((k >= 6318922) AND (k <= 6319022))
	  ->  Bitmap Index Scan on k_1  (cost=0.00..5.50 rows=107 width=0)
	        Index Cond: ((k >= 6318922) AND (k <= 6319022))

table 2 : explain SELECT k, c FROM sbtest2 WHERE k BETWEEN 6318922 AND 6319022
	Bitmap Heap Scan on sbtest2  (cost=5.37..365.72 rows=91 width=125)
	  Recheck Cond: ((k >= 6318922) AND (k <= 6319022))
	  ->  Bitmap Index Scan on k_2  (cost=0.00..5.34 rows=91 width=0)
	        Index Cond: ((k >= 6318922) AND (k <= 6319022))

table 3 : explain SELECT k, c FROM sbtest3 WHERE k BETWEEN 6318922 AND 6319022
	Bitmap Heap Scan on sbtest3  (cost=5.50..416.94 rows=104 width=125)
	  Recheck Cond: ((k >= 6318922) AND (k <= 6319022))
	  ->  Bitmap Index Scan on k_3  (cost=0.00..5.47 rows=104 width=0)
	        Index Cond: ((k >= 6318922) AND (k <= 6319022))

table 4 : explain SELECT k, c FROM sbtest4 WHERE k BETWEEN 6318922 AND 6319022
	Bitmap Heap Scan on sbtest4  (cost=5.50..416.94 rows=104 width=125)
	  Recheck Cond: ((k >= 6318922) AND (k <= 6319022))
	  ->  Bitmap Index Scan on k_4  (cost=0.00..5.47 rows=104 width=0)
	        Index Cond: ((k >= 6318922) AND (k <= 6319022))

table 5 : explain SELECT k, c FROM sbtest5 WHERE k BETWEEN 6318922 AND 6319022
	Bitmap Heap Scan on sbtest5  (cost=5.48..409.07 rows=102 width=125)
	  Recheck Cond: ((k >= 6318922) AND (k <= 6319022))
	  ->  Bitmap Index Scan on k_5  (cost=0.00..5.45 rows=102 width=0)
	        Index Cond: ((k >= 6318922) AND (k <= 6319022))

table 6 : explain SELECT k, c FROM sbtest6 WHERE k BETWEEN 6318922 AND 6319022
	Bitmap Heap Scan on sbtest6  (cost=5.43..389.37 rows=97 width=125)
	  Recheck Cond: ((k >= 6318922) AND (k <= 6319022))
	  ->  Bitmap Index Scan on k_6  (cost=0.00..5.40 rows=97 width=0)
	        Index Cond: ((k >= 6318922) AND (k <= 6319022))

table 7 : explain SELECT k, c FROM sbtest7 WHERE k BETWEEN 6318922 AND 6319022
	Bitmap Heap Scan on sbtest7  (cost=5.47..405.13 rows=101 width=125)
	  Recheck Cond: ((k >= 6318922) AND (k <= 6319022))
	  ->  Bitmap Index Scan on k_7  (cost=0.00..5.44 rows=101 width=0)
	        Index Cond: ((k >= 6318922) AND (k <= 6319022))

table 8 : explain SELECT k, c FROM sbtest8 WHERE k BETWEEN 6318922 AND 6319022
	Bitmap Heap Scan on sbtest8  (cost=5.43..389.37 rows=97 width=125)
	  Recheck Cond: ((k >= 6318922) AND (k <= 6319022))
	  ->  Bitmap Index Scan on k_8  (cost=0.00..5.40 rows=97 width=0)
	        Index Cond: ((k >= 6318922) AND (k <= 6319022))

explain: for range-notcovered :: explain SELECT k, c FROM sbtest%d WHERE k BETWEEN 4484274 AND 4484374
for range-notcovered
table 1 : explain SELECT k, c FROM sbtest1 WHERE k BETWEEN 1913925 AND 1914025
	Bitmap Heap Scan on sbtest1  (cost=5.51..420.88 rows=105 width=125)
	  Recheck Cond: ((k >= 1913925) AND (k <= 1914025))
	  ->  Bitmap Index Scan on k_1  (cost=0.00..5.48 rows=105 width=0)
	        Index Cond: ((k >= 1913925) AND (k <= 1914025))

table 2 : explain SELECT k, c FROM sbtest2 WHERE k BETWEEN 1913925 AND 1914025
	Bitmap Heap Scan on sbtest2  (cost=5.39..373.61 rows=93 width=125)
	  Recheck Cond: ((k >= 1913925) AND (k <= 1914025))
	  ->  Bitmap Index Scan on k_2  (cost=0.00..5.36 rows=93 width=0)
	        Index Cond: ((k >= 1913925) AND (k <= 1914025))

table 3 : explain SELECT k, c FROM sbtest3 WHERE k BETWEEN 1913925 AND 1914025
	Bitmap Heap Scan on sbtest3  (cost=5.52..424.81 rows=106 width=125)
	  Recheck Cond: ((k >= 1913925) AND (k <= 1914025))
	  ->  Bitmap Index Scan on k_3  (cost=0.00..5.50 rows=106 width=0)
	        Index Cond: ((k >= 1913925) AND (k <= 1914025))

table 4 : explain SELECT k, c FROM sbtest4 WHERE k BETWEEN 1913925 AND 1914025
	Bitmap Heap Scan on sbtest4  (cost=5.52..424.81 rows=106 width=125)
	  Recheck Cond: ((k >= 1913925) AND (k <= 1914025))
	  ->  Bitmap Index Scan on k_4  (cost=0.00..5.50 rows=106 width=0)
	        Index Cond: ((k >= 1913925) AND (k <= 1914025))

table 5 : explain SELECT k, c FROM sbtest5 WHERE k BETWEEN 1913925 AND 1914025
	Bitmap Heap Scan on sbtest5  (cost=5.57..444.49 rows=111 width=125)
	  Recheck Cond: ((k >= 1913925) AND (k <= 1914025))
	  ->  Bitmap Index Scan on k_5  (cost=0.00..5.54 rows=111 width=0)
	        Index Cond: ((k >= 1913925) AND (k <= 1914025))

table 6 : explain SELECT k, c FROM sbtest6 WHERE k BETWEEN 1913925 AND 1914025
	Bitmap Heap Scan on sbtest6  (cost=5.46..401.19 rows=100 width=125)
	  Recheck Cond: ((k >= 1913925) AND (k <= 1914025))
	  ->  Bitmap Index Scan on k_6  (cost=0.00..5.43 rows=100 width=0)
	        Index Cond: ((k >= 1913925) AND (k <= 1914025))

table 7 : explain SELECT k, c FROM sbtest7 WHERE k BETWEEN 1913925 AND 1914025
	Bitmap Heap Scan on sbtest7  (cost=5.36..361.78 rows=90 width=125)
	  Recheck Cond: ((k >= 1913925) AND (k <= 1914025))
	  ->  Bitmap Index Scan on k_7  (cost=0.00..5.33 rows=90 width=0)
	        Index Cond: ((k >= 1913925) AND (k <= 1914025))

table 8 : explain SELECT k, c FROM sbtest8 WHERE k BETWEEN 1913925 AND 1914025
	Bitmap Heap Scan on sbtest8  (cost=5.52..424.81 rows=106 width=125)
	  Recheck Cond: ((k >= 1913925) AND (k <= 1914025))
	  ->  Bitmap Index Scan on k_8  (cost=0.00..5.50 rows=106 width=0)
	        Index Cond: ((k >= 1913925) AND (k <= 1914025))

explain: for range-notcovered :: explain SELECT k, c FROM sbtest%d WHERE k BETWEEN 6318922 AND 6319022
for range-notcovered
table 1 : explain SELECT k, c FROM sbtest1 WHERE k BETWEEN 6045959 AND 6046059
	Bitmap Heap Scan on sbtest1  (cost=5.46..401.19 rows=100 width=125)
	  Recheck Cond: ((k >= 6045959) AND (k <= 6046059))
	  ->  Bitmap Index Scan on k_1  (cost=0.00..5.43 rows=100 width=0)
	        Index Cond: ((k >= 6045959) AND (k <= 6046059))

table 2 : explain SELECT k, c FROM sbtest2 WHERE k BETWEEN 6045959 AND 6046059
	Bitmap Heap Scan on sbtest2  (cost=5.45..397.25 rows=99 width=125)
	  Recheck Cond: ((k >= 6045959) AND (k <= 6046059))
	  ->  Bitmap Index Scan on k_2  (cost=0.00..5.42 rows=99 width=0)
	        Index Cond: ((k >= 6045959) AND (k <= 6046059))

table 3 : explain SELECT k, c FROM sbtest3 WHERE k BETWEEN 6045959 AND 6046059
	Bitmap Heap Scan on sbtest3  (cost=5.52..424.81 rows=106 width=125)
	  Recheck Cond: ((k >= 6045959) AND (k <= 6046059))
	  ->  Bitmap Index Scan on k_3  (cost=0.00..5.50 rows=106 width=0)
	        Index Cond: ((k >= 6045959) AND (k <= 6046059))

table 4 : explain SELECT k, c FROM sbtest4 WHERE k BETWEEN 6045959 AND 6046059
	Bitmap Heap Scan on sbtest4  (cost=5.50..416.94 rows=104 width=125)
	  Recheck Cond: ((k >= 6045959) AND (k <= 6046059))
	  ->  Bitmap Index Scan on k_4  (cost=0.00..5.47 rows=104 width=0)
	        Index Cond: ((k >= 6045959) AND (k <= 6046059))

table 5 : explain SELECT k, c FROM sbtest5 WHERE k BETWEEN 6045959 AND 6046059
	Bitmap Heap Scan on sbtest5  (cost=5.48..409.07 rows=102 width=125)
	  Recheck Cond: ((k >= 6045959) AND (k <= 6046059))
	  ->  Bitmap Index Scan on k_5  (cost=0.00..5.45 rows=102 width=0)
	        Index Cond: ((k >= 6045959) AND (k <= 6046059))

table 6 : explain SELECT k, c FROM sbtest6 WHERE k BETWEEN 6045959 AND 6046059
	Bitmap Heap Scan on sbtest6  (cost=5.44..393.31 rows=98 width=125)
	  Recheck Cond: ((k >= 6045959) AND (k <= 6046059))
	  ->  Bitmap Index Scan on k_6  (cost=0.00..5.42 rows=98 width=0)
	        Index Cond: ((k >= 6045959) AND (k <= 6046059))

table 7 : explain SELECT k, c FROM sbtest7 WHERE k BETWEEN 6045959 AND 6046059
	Bitmap Heap Scan on sbtest7  (cost=5.54..432.69 rows=108 width=125)
	  Recheck Cond: ((k >= 6045959) AND (k <= 6046059))
	  ->  Bitmap Index Scan on k_7  (cost=0.00..5.51 rows=108 width=0)
	        Index Cond: ((k >= 6045959) AND (k <= 6046059))

table 8 : explain SELECT k, c FROM sbtest8 WHERE k BETWEEN 6045959 AND 6046059
	Bitmap Heap Scan on sbtest8  (cost=5.41..381.49 rows=95 width=125)
	  Recheck Cond: ((k >= 6045959) AND (k <= 6046059))
	  ->  Bitmap Index Scan on k_8  (cost=0.00..5.38 rows=95 width=0)
	        Index Cond: ((k >= 6045959) AND (k <= 6046059))

explain: for range-notcovered :: explain SELECT k, c FROM sbtest%d WHERE k BETWEEN 1913925 AND 1914025
explain: for range-notcovered :: explain SELECT k, c FROM sbtest%d WHERE k BETWEEN 6045959 AND 6046059
for range-notcovered
table 1 : explain SELECT k, c FROM sbtest1 WHERE k BETWEEN 7814338 AND 7814438
	Bitmap Heap Scan on sbtest1  (cost=5.42..385.43 rows=96 width=125)
	  Recheck Cond: ((k >= 7814338) AND (k <= 7814438))
	  ->  Bitmap Index Scan on k_1  (cost=0.00..5.39 rows=96 width=0)
	        Index Cond: ((k >= 7814338) AND (k <= 7814438))

table 2 : explain SELECT k, c FROM sbtest2 WHERE k BETWEEN 7814338 AND 7814438
	Bitmap Heap Scan on sbtest2  (cost=5.54..432.69 rows=108 width=125)
	  Recheck Cond: ((k >= 7814338) AND (k <= 7814438))
	  ->  Bitmap Index Scan on k_2  (cost=0.00..5.51 rows=108 width=0)
	        Index Cond: ((k >= 7814338) AND (k <= 7814438))

table 3 : explain SELECT k, c FROM sbtest3 WHERE k BETWEEN 7814338 AND 7814438
	Bitmap Heap Scan on sbtest3  (cost=5.57..444.49 rows=111 width=125)
	  Recheck Cond: ((k >= 7814338) AND (k <= 7814438))
	  ->  Bitmap Index Scan on k_3  (cost=0.00..5.54 rows=111 width=0)
	        Index Cond: ((k >= 7814338) AND (k <= 7814438))

table 4 : explain SELECT k, c FROM sbtest4 WHERE k BETWEEN 7814338 AND 7814438
	Bitmap Heap Scan on sbtest4  (cost=5.50..416.94 rows=104 width=125)
	  Recheck Cond: ((k >= 7814338) AND (k <= 7814438))
	  ->  Bitmap Index Scan on k_4  (cost=0.00..5.47 rows=104 width=0)
	        Index Cond: ((k >= 7814338) AND (k <= 7814438))

table 5 : explain SELECT k, c FROM sbtest5 WHERE k BETWEEN 7814338 AND 7814438
	Bitmap Heap Scan on sbtest5  (cost=5.46..401.19 rows=100 width=125)
	  Recheck Cond: ((k >= 7814338) AND (k <= 7814438))
	  ->  Bitmap Index Scan on k_5  (cost=0.00..5.43 rows=100 width=0)
	        Index Cond: ((k >= 7814338) AND (k <= 7814438))

table 6 : explain SELECT k, c FROM sbtest6 WHERE k BETWEEN 7814338 AND 7814438
	Bitmap Heap Scan on sbtest6  (cost=5.53..428.75 rows=107 width=125)
	  Recheck Cond: ((k >= 7814338) AND (k <= 7814438))
	  ->  Bitmap Index Scan on k_6  (cost=0.00..5.50 rows=107 width=0)
	        Index Cond: ((k >= 7814338) AND (k <= 7814438))

table 7 : explain SELECT k, c FROM sbtest7 WHERE k BETWEEN 7814338 AND 7814438
	Bitmap Heap Scan on sbtest7  (cost=5.45..397.25 rows=99 width=125)
	  Recheck Cond: ((k >= 7814338) AND (k <= 7814438))
	  ->  Bitmap Index Scan on k_7  (cost=0.00..5.42 rows=99 width=0)
	        Index Cond: ((k >= 7814338) AND (k <= 7814438))

table 8 : explain SELECT k, c FROM sbtest8 WHERE k BETWEEN 7814338 AND 7814438
	Bitmap Heap Scan on sbtest8  (cost=5.53..428.75 rows=107 width=125)
	  Recheck Cond: ((k >= 7814338) AND (k <= 7814438))
	  ->  Bitmap Index Scan on k_8  (cost=0.00..5.50 rows=107 width=0)
	        Index Cond: ((k >= 7814338) AND (k <= 7814438))

explain: for range-notcovered :: explain SELECT k, c FROM sbtest%d WHERE k BETWEEN 7814338 AND 7814438
for range-notcovered
table 1 : explain SELECT k, c FROM sbtest1 WHERE k BETWEEN 6514324 AND 6514424
	Bitmap Heap Scan on sbtest1  (cost=5.45..397.25 rows=99 width=125)
	  Recheck Cond: ((k >= 6514324) AND (k <= 6514424))
	  ->  Bitmap Index Scan on k_1  (cost=0.00..5.42 rows=99 width=0)
	        Index Cond: ((k >= 6514324) AND (k <= 6514424))

table 2 : explain SELECT k, c FROM sbtest2 WHERE k BETWEEN 6514324 AND 6514424
	Bitmap Heap Scan on sbtest2  (cost=5.49..413.00 rows=103 width=125)
	  Recheck Cond: ((k >= 6514324) AND (k <= 6514424))
	  ->  Bitmap Index Scan on k_2  (cost=0.00..5.46 rows=103 width=0)
	        Index Cond: ((k >= 6514324) AND (k <= 6514424))

table 3 : explain SELECT k, c FROM sbtest3 WHERE k BETWEEN 6514324 AND 6514424
	Bitmap Heap Scan on sbtest3  (cost=5.54..432.69 rows=108 width=125)
	  Recheck Cond: ((k >= 6514324) AND (k <= 6514424))
	  ->  Bitmap Index Scan on k_3  (cost=0.00..5.51 rows=108 width=0)
	        Index Cond: ((k >= 6514324) AND (k <= 6514424))

table 4 : explain SELECT k, c FROM sbtest4 WHERE k BETWEEN 6514324 AND 6514424
	Bitmap Heap Scan on sbtest4  (cost=5.57..444.49 rows=111 width=125)
	  Recheck Cond: ((k >= 6514324) AND (k <= 6514424))
	  ->  Bitmap Index Scan on k_4  (cost=0.00..5.54 rows=111 width=0)
	        Index Cond: ((k >= 6514324) AND (k <= 6514424))

table 5 : explain SELECT k, c FROM sbtest5 WHERE k BETWEEN 6514324 AND 6514424
	Bitmap Heap Scan on sbtest5  (cost=5.46..401.19 rows=100 width=125)
	  Recheck Cond: ((k >= 6514324) AND (k <= 6514424))
	  ->  Bitmap Index Scan on k_5  (cost=0.00..5.43 rows=100 width=0)
	        Index Cond: ((k >= 6514324) AND (k <= 6514424))

table 6 : explain SELECT k, c FROM sbtest6 WHERE k BETWEEN 6514324 AND 6514424
	Bitmap Heap Scan on sbtest6  (cost=5.41..381.49 rows=95 width=125)
	  Recheck Cond: ((k >= 6514324) AND (k <= 6514424))
	  ->  Bitmap Index Scan on k_6  (cost=0.00..5.38 rows=95 width=0)
	        Index Cond: ((k >= 6514324) AND (k <= 6514424))

table 7 : explain SELECT k, c FROM sbtest7 WHERE k BETWEEN 6514324 AND 6514424
	Bitmap Heap Scan on sbtest7  (cost=5.49..413.00 rows=103 width=125)
	  Recheck Cond: ((k >= 6514324) AND (k <= 6514424))
	  ->  Bitmap Index Scan on k_7  (cost=0.00..5.46 rows=103 width=0)
	        Index Cond: ((k >= 6514324) AND (k <= 6514424))

table 8 : explain SELECT k, c FROM sbtest8 WHERE k BETWEEN 6514324 AND 6514424
	Bitmap Heap Scan on sbtest8  (cost=5.45..397.25 rows=99 width=125)
	  Recheck Cond: ((k >= 6514324) AND (k <= 6514424))
	  ->  Bitmap Index Scan on k_8  (cost=0.00..5.42 rows=99 width=0)
	        Index Cond: ((k >= 6514324) AND (k <= 6514424))

for range-notcovered
table 1 : explain SELECT k, c FROM sbtest1 WHERE k BETWEEN 2598447 AND 2598547
	Bitmap Heap Scan on sbtest1  (cost=5.48..409.07 rows=102 width=125)
	  Recheck Cond: ((k >= 2598447) AND (k <= 2598547))
	  ->  Bitmap Index Scan on k_1  (cost=0.00..5.45 rows=102 width=0)
	        Index Cond: ((k >= 2598447) AND (k <= 2598547))

table 2 : explain SELECT k, c FROM sbtest2 WHERE k BETWEEN 2598447 AND 2598547
	Bitmap Heap Scan on sbtest2  (cost=5.63..468.09 rows=117 width=125)
	  Recheck Cond: ((k >= 2598447) AND (k <= 2598547))
	  ->  Bitmap Index Scan on k_2  (cost=0.00..5.60 rows=117 width=0)
	        Index Cond: ((k >= 2598447) AND (k <= 2598547))

table 3 : explain SELECT k, c FROM sbtest3 WHERE k BETWEEN 2598447 AND 2598547
	Bitmap Heap Scan on sbtest3  (cost=5.43..389.37 rows=97 width=125)
	  Recheck Cond: ((k >= 2598447) AND (k <= 2598547))
	  ->  Bitmap Index Scan on k_3  (cost=0.00..5.40 rows=97 width=0)
	        Index Cond: ((k >= 2598447) AND (k <= 2598547))

table 4 : explain SELECT k, c FROM sbtest4 WHERE k BETWEEN 2598447 AND 2598547
	Bitmap Heap Scan on sbtest4  (cost=5.44..393.31 rows=98 width=125)
	  Recheck Cond: ((k >= 2598447) AND (k <= 2598547))
	  ->  Bitmap Index Scan on k_4  (cost=0.00..5.42 rows=98 width=0)
	        Index Cond: ((k >= 2598447) AND (k <= 2598547))

table 5 : explain SELECT k, c FROM sbtest5 WHERE k BETWEEN 2598447 AND 2598547
	Bitmap Heap Scan on sbtest5  (cost=5.49..413.00 rows=103 width=125)
	  Recheck Cond: ((k >= 2598447) AND (k <= 2598547))
	  ->  Bitmap Index Scan on k_5  (cost=0.00..5.46 rows=103 width=0)
	        Index Cond: ((k >= 2598447) AND (k <= 2598547))

table 6 : explain SELECT k, c FROM sbtest6 WHERE k BETWEEN 2598447 AND 2598547
	Bitmap Heap Scan on sbtest6  (cost=5.50..416.94 rows=104 width=125)
	  Recheck Cond: ((k >= 2598447) AND (k <= 2598547))
	  ->  Bitmap Index Scan on k_6  (cost=0.00..5.47 rows=104 width=0)
	        Index Cond: ((k >= 2598447) AND (k <= 2598547))

table 7 : explain SELECT k, c FROM sbtest7 WHERE k BETWEEN 2598447 AND 2598547
	Bitmap Heap Scan on sbtest7  (cost=5.39..373.61 rows=93 width=125)
	  Recheck Cond: ((k >= 2598447) AND (k <= 2598547))
	  ->  Bitmap Index Scan on k_7  (cost=0.00..5.36 rows=93 width=0)
	        Index Cond: ((k >= 2598447) AND (k <= 2598547))

table 8 : explain SELECT k, c FROM sbtest8 WHERE k BETWEEN 2598447 AND 2598547
	Bitmap Heap Scan on sbtest8  (cost=5.39..373.61 rows=93 width=125)
	  Recheck Cond: ((k >= 2598447) AND (k <= 2598547))
	  ->  Bitmap Index Scan on k_8  (cost=0.00..5.36 rows=93 width=0)
	        Index Cond: ((k >= 2598447) AND (k <= 2598547))

explain: for range-notcovered :: explain SELECT k, c FROM sbtest%d WHERE k BETWEEN 6514324 AND 6514424
explain: for range-notcovered :: explain SELECT k, c FROM sbtest%d WHERE k BETWEEN 3204087 AND 3204187for range-notcovered
table 1 : explain SELECT k, c FROM sbtest1 WHERE k BETWEEN 6045959 AND 6046059
	Bitmap Heap Scan on sbtest1  (cost=5.46..401.19 rows=100 width=125)
	  Recheck Cond: ((k >= 6045959) AND (k <= 6046059))
	  ->  Bitmap Index Scan on k_1  (cost=0.00..5.43 rows=100 width=0)
	        Index Cond: ((k >= 6045959) AND (k <= 6046059))

table 2 : explain SELECT k, c FROM sbtest2 WHERE k BETWEEN 6045959 AND 6046059
	Bitmap Heap Scan on sbtest2  (cost=5.45..397.25 rows=99 width=125)
	  Recheck Cond: ((k >= 6045959) AND (k <= 6046059))
	  ->  Bitmap Index Scan on k_2  (cost=0.00..5.42 rows=99 width=0)
	        Index Cond: ((k >= 6045959) AND (k <= 6046059))

table 3 : explain SELECT k, c FROM sbtest3 WHERE k BETWEEN 6045959 AND 6046059
	Bitmap Heap Scan on sbtest3  (cost=5.52..424.81 rows=106 width=125)
	  Recheck Cond: ((k >= 6045959) AND (k <= 6046059))
	  ->  Bitmap Index Scan on k_3  (cost=0.00..5.50 rows=106 width=0)
	        Index Cond: ((k >= 6045959) AND (k <= 6046059))

table 4 : explain SELECT k, c FROM sbtest4 WHERE k BETWEEN 6045959 AND 6046059
	Bitmap Heap Scan on sbtest4  (cost=5.50..416.94 rows=104 width=125)
	  Recheck Cond: ((k >= 6045959) AND (k <= 6046059))
	  ->  Bitmap Index Scan on k_4  (cost=0.00..5.47 rows=104 width=0)
	        Index Cond: ((k >= 6045959) AND (k <= 6046059))

table 5 : explain SELECT k, c FROM sbtest5 WHERE k BETWEEN 6045959 AND 6046059
	Bitmap Heap Scan on sbtest5  (cost=5.48..409.07 rows=102 width=125)
	  Recheck Cond: ((k >= 6045959) AND (k <= 6046059))
	  ->  Bitmap Index Scan on k_5  (cost=0.00..5.45 rows=102 width=0)
	        Index Cond: ((k >= 6045959) AND (k <= 6046059))

table 6 : explain SELECT k, c FROM sbtest6 WHERE k BETWEEN 6045959 AND 6046059
	Bitmap Heap Scan on sbtest6  (cost=5.44..393.31 rows=98 width=125)
	  Recheck Cond: ((k >= 6045959) AND (k <= 6046059))
	  ->  Bitmap Index Scan on k_6  (cost=0.00..5.42 rows=98 width=0)
	        Index Cond: ((k >= 6045959) AND (k <= 6046059))

table 7 : explain SELECT k, c FROM sbtest7 WHERE k BETWEEN 6045959 AND 6046059
	Bitmap Heap Scan on sbtest7  (cost=5.54..432.69 rows=108 width=125)
	  Recheck Cond: ((k >= 6045959) AND (k <= 6046059))
	  ->  Bitmap Index Scan on k_7  (cost=0.00..5.51 rows=108 width=0)
	        Index Cond: ((k >= 6045959) AND (k <= 6046059))

table 8 : explain SELECT k, c FROM sbtest8 WHERE k BETWEEN 6045959 AND 6046059
	Bitmap Heap Scan on sbtest8  (cost=5.41..381.49 rows=95 width=125)
	  Recheck Cond: ((k >= 6045959) AND (k <= 6046059))
	  ->  Bitmap Index Scan on k_8  (cost=0.00..5.38 rows=95 width=0)
	        Index Cond: ((k >= 6045959) AND (k <= 6046059))

for range-notcovered
table 1 : explain SELECT k, c FROM sbtest1 WHERE k BETWEEN 6318922 AND 6319022
	Bitmap Heap Scan on sbtest1  (cost=5.53..428.75 rows=107 width=125)
	  Recheck Cond: ((k >= 6318922) AND (k <= 6319022))
	  ->  Bitmap Index Scan on k_1  (cost=0.00..5.50 rows=107 width=0)
	        Index Cond: ((k >= 6318922) AND (k <= 6319022))

table 2 : explain SELECT k, c FROM sbtest2 WHERE k BETWEEN 6318922 AND 6319022
	Bitmap Heap Scan on sbtest2  (cost=5.37..365.72 rows=91 width=125)
	  Recheck Cond: ((k >= 6318922) AND (k <= 6319022))
	  ->  Bitmap Index Scan on k_2  (cost=0.00..5.34 rows=91 width=0)
	        Index Cond: ((k >= 6318922) AND (k <= 6319022))

table 3 : explain SELECT k, c FROM sbtest3 WHERE k BETWEEN 6318922 AND 6319022
	Bitmap Heap Scan on sbtest3  (cost=5.50..416.94 rows=104 width=125)
	  Recheck Cond: ((k >= 6318922) AND (k <= 6319022))
	  ->  Bitmap Index Scan on k_3  (cost=0.00..5.47 rows=104 width=0)
	        Index Cond: ((k >= 6318922) AND (k <= 6319022))

table 4 : explain SELECT k, c FROM sbtest4 WHERE k BETWEEN 6318922 AND 6319022
	Bitmap Heap Scan on sbtest4  (cost=5.50..416.94 rows=104 width=125)
	  Recheck Cond: ((k >= 6318922) AND (k <= 6319022))
	  ->  Bitmap Index Scan on k_4  (cost=0.00..5.47 rows=104 width=0)
	        Index Cond: ((k >= 6318922) AND (k <= 6319022))

table 5 : explain SELECT k, c FROM sbtest5 WHERE k BETWEEN 6318922 AND 6319022
	Bitmap Heap Scan on sbtest5  (cost=5.48..409.07 rows=102 width=125)
	  Recheck Cond: ((k >= 6318922) AND (k <= 6319022))
	  ->  Bitmap Index Scan on k_5  (cost=0.00..5.45 rows=102 width=0)
	        Index Cond: ((k >= 6318922) AND (k <= 6319022))

table 6 : explain SELECT k, c FROM sbtest6 WHERE k BETWEEN 6318922 AND 6319022
	Bitmap Heap Scan on sbtest6  (cost=5.43..389.37 rows=97 width=125)
	  Recheck Cond: ((k >= 6318922) AND (k <= 6319022))
	  ->  Bitmap Index Scan on k_6  (cost=0.00..5.40 rows=97 width=0)
	        Index Cond: ((k >= 6318922) AND (k <= 6319022))

table 7 : explain SELECT k, c FROM sbtest7 WHERE k BETWEEN 6318922 AND 6319022
	Bitmap Heap Scan on sbtest7  (cost=5.47..405.13 rows=101 width=125)
	  Recheck Cond: ((k >= 6318922) AND (k <= 6319022))
	  ->  Bitmap Index Scan on k_7  (cost=0.00..5.44 rows=101 width=0)
	        Index Cond: ((k >= 6318922) AND (k <= 6319022))

table 8 : explain SELECT k, c FROM sbtest8 WHERE k BETWEEN 6318922 AND 6319022
	Bitmap Heap Scan on sbtest8  (cost=5.43..389.37 rows=97 width=125)
	  Recheck Cond: ((k >= 6318922) AND (k <= 6319022))
	  ->  Bitmap Index Scan on k_8  (cost=0.00..5.40 rows=97 width=0)
	        Index Cond: ((k >= 6318922) AND (k <= 6319022))

for range-notcovered
table 1 : explain SELECT k, c FROM sbtest1 WHERE k BETWEEN 7814338 AND 7814438
	Bitmap Heap Scan on sbtest1  (cost=5.42..385.43 rows=96 width=125)
	  Recheck Cond: ((k >= 7814338) AND (k <= 7814438))
	  ->  Bitmap Index Scan on k_1  (cost=0.00..5.39 rows=96 width=0)
	        Index Cond: ((k >= 7814338) AND (k <= 7814438))

table 2 : explain SELECT k, c FROM sbtest2 WHERE k BETWEEN 7814338 AND 7814438
	Bitmap Heap Scan on sbtest2  (cost=5.54..432.69 rows=108 width=125)
	  Recheck Cond: ((k >= 7814338) AND (k <= 7814438))
	  ->  Bitmap Index Scan on k_2  (cost=0.00..5.51 rows=108 width=0)
	        Index Cond: ((k >= 7814338) AND (k <= 7814438))

table 3 : explain SELECT k, c FROM sbtest3 WHERE k BETWEEN 7814338 AND 7814438
	Bitmap Heap Scan on sbtest3  (cost=5.57..444.49 rows=111 width=125)
	  Recheck Cond: ((k >= 7814338) AND (k <= 7814438))
	  ->  Bitmap Index Scan on k_3  (cost=0.00..5.54 rows=111 width=0)
	        Index Cond: ((k >= 7814338) AND (k <= 7814438))

table 4 : explain SELECT k, c FROM sbtest4 WHERE k BETWEEN 7814338 AND 7814438
	Bitmap Heap Scan on sbtest4  (cost=5.50..416.94 rows=104 width=125)
	  Recheck Cond: ((k >= 7814338) AND (k <= 7814438))
	  ->  Bitmap Index Scan on k_4  (cost=0.00..5.47 rows=104 width=0)
	        Index Cond: ((k >= 7814338) AND (k <= 7814438))

table 5 : explain SELECT k, c FROM sbtest5 WHERE k BETWEEN 7814338 AND 7814438
	Bitmap Heap Scan on sbtest5  (cost=5.46..401.19 rows=100 width=125)
	  Recheck Cond: ((k >= 7814338) AND (k <= 7814438))
	  ->  Bitmap Index Scan on k_5  (cost=0.00..5.43 rows=100 width=0)
	        Index Cond: ((k >= 7814338) AND (k <= 7814438))

table 6 : explain SELECT k, c FROM sbtest6 WHERE k BETWEEN 7814338 AND 7814438
	Bitmap Heap Scan on sbtest6  (cost=5.53..428.75 rows=107 width=125)
	  Recheck Cond: ((k >= 7814338) AND (k <= 7814438))
	  ->  Bitmap Index Scan on k_6  (cost=0.00..5.50 rows=107 width=0)
	        Index Cond: ((k >= 7814338) AND (k <= 7814438))

table 7 : explain SELECT k, c FROM sbtest7 WHERE k BETWEEN 7814338 AND 7814438
	Bitmap Heap Scan on sbtest7  (cost=5.45..397.25 rows=99 width=125)
	  Recheck Cond: ((k >= 7814338) AND (k <= 7814438))
	  ->  Bitmap Index Scan on k_7  (cost=0.00..5.42 rows=99 width=0)
	        Index Cond: ((k >= 7814338) AND (k <= 7814438))

table 8 : explain SELECT k, c FROM sbtest8 WHERE k BETWEEN 7814338 AND 7814438
	Bitmap Heap Scan on sbtest8  (cost=5.53..428.75 rows=107 width=125)
	  Recheck Cond: ((k >= 7814338) AND (k <= 7814438))
	  ->  Bitmap Index Scan on k_8  (cost=0.00..5.50 rows=107 width=0)
	        Index Cond: ((k >= 7814338) AND (k <= 7814438))


for range-notcovered
table 1 : explain SELECT k, c FROM sbtest1 WHERE k BETWEEN 6735918 AND 6736018
	Bitmap Heap Scan on sbtest1  (cost=5.47..405.13 rows=101 width=125)
	  Recheck Cond: ((k >= 6735918) AND (k <= 6736018))
	  ->  Bitmap Index Scan on k_1  (cost=0.00..5.44 rows=101 width=0)
	        Index Cond: ((k >= 6735918) AND (k <= 6736018))

table 2 : explain SELECT k, c FROM sbtest2 WHERE k BETWEEN 6735918 AND 6736018
	Bitmap Heap Scan on sbtest2  (cost=5.47..405.13 rows=101 width=125)
	  Recheck Cond: ((k >= 6735918) AND (k <= 6736018))
	  ->  Bitmap Index Scan on k_2  (cost=0.00..5.44 rows=101 width=0)
	        Index Cond: ((k >= 6735918) AND (k <= 6736018))

table 3 : explain SELECT k, c FROM sbtest3 WHERE k BETWEEN 6735918 AND 6736018
	Bitmap Heap Scan on sbtest3  (cost=5.54..432.69 rows=108 width=125)
	  Recheck Cond: ((k >= 6735918) AND (k <= 6736018))
	  ->  Bitmap Index Scan on k_3  (cost=0.00..5.51 rows=108 width=0)
	        Index Cond: ((k >= 6735918) AND (k <= 6736018))

table 4 : explain SELECT k, c FROM sbtest4 WHERE k BETWEEN 6735918 AND 6736018
	Bitmap Heap Scan on sbtest4  (cost=5.48..409.07 rows=102 width=125)
	  Recheck Cond: ((k >= 6735918) AND (k <= 6736018))
	  ->  Bitmap Index Scan on k_4  (cost=0.00..5.45 rows=102 width=0)
	        Index Cond: ((k >= 6735918) AND (k <= 6736018))

table 5 : explain SELECT k, c FROM sbtest5 WHERE k BETWEEN 6735918 AND 6736018
	Bitmap Heap Scan on sbtest5  (cost=5.55..436.62 rows=109 width=125)
	  Recheck Cond: ((k >= 6735918) AND (k <= 6736018))
	  ->  Bitmap Index Scan on k_5  (cost=0.00..5.52 rows=109 width=0)
	        Index Cond: ((k >= 6735918) AND (k <= 6736018))

table 6 : explain SELECT k, c FROM sbtest6 WHERE k BETWEEN 6735918 AND 6736018
	Bitmap Heap Scan on sbtest6  (cost=5.44..393.31 rows=98 width=125)
	  Recheck Cond: ((k >= 6735918) AND (k <= 6736018))
	  ->  Bitmap Index Scan on k_6  (cost=0.00..5.42 rows=98 width=0)
	        Index Cond: ((k >= 6735918) AND (k <= 6736018))

table 7 : explain SELECT k, c FROM sbtest7 WHERE k BETWEEN 6735918 AND 6736018
	Bitmap Heap Scan on sbtest7  (cost=5.51..420.88 rows=105 width=125)
	  Recheck Cond: ((k >= 6735918) AND (k <= 6736018))
	  ->  Bitmap Index Scan on k_7  (cost=0.00..5.48 rows=105 width=0)
	        Index Cond: ((k >= 6735918) AND (k <= 6736018))

table 8 : explain SELECT k, c FROM sbtest8 WHERE k BETWEEN 6735918 AND 6736018
	Bitmap Heap Scan on sbtest8  (cost=5.49..413.00 rows=103 width=125)
	  Recheck Cond: ((k >= 6735918) AND (k <= 6736018))
	  ->  Bitmap Index Scan on k_8  (cost=0.00..5.46 rows=103 width=0)
	        Index Cond: ((k >= 6735918) AND (k <= 6736018))

for range-notcovered
table 1 : explain SELECT k, c FROM sbtest1 WHERE k BETWEEN 1913925 AND 1914025
	Bitmap Heap Scan on sbtest1  (cost=5.51..420.88 rows=105 width=125)
	  Recheck Cond: ((k >= 1913925) AND (k <= 1914025))
	  ->  Bitmap Index Scan on k_1  (cost=0.00..5.48 rows=105 width=0)
	        Index Cond: ((k >= 1913925) AND (k <= 1914025))

table 2 : explain SELECT k, c FROM sbtest2 WHERE k BETWEEN 1913925 AND 1914025
	Bitmap Heap Scan on sbtest2  (cost=5.39..373.61 rows=93 width=125)
	  Recheck Cond: ((k >= 1913925) AND (k <= 1914025))
	  ->  Bitmap Index Scan on k_2  (cost=0.00..5.36 rows=93 width=0)
	        Index Cond: ((k >= 1913925) AND (k <= 1914025))

table 3 : explain SELECT k, c FROM sbtest3 WHERE k BETWEEN 1913925 AND 1914025
	Bitmap Heap Scan on sbtest3  (cost=5.52..424.81 rows=106 width=125)
	  Recheck Cond: ((k >= 1913925) AND (k <= 1914025))
	  ->  Bitmap Index Scan on k_3  (cost=0.00..5.50 rows=106 width=0)
	        Index Cond: ((k >= 1913925) AND (k <= 1914025))

table 4 : explain SELECT k, c FROM sbtest4 WHERE k BETWEEN 1913925 AND 1914025
	Bitmap Heap Scan on sbtest4  (cost=5.52..424.81 rows=106 width=125)
	  Recheck Cond: ((k >= 1913925) AND (k <= 1914025))
	  ->  Bitmap Index Scan on k_4  (cost=0.00..5.50 rows=106 width=0)
	        Index Cond: ((k >= 1913925) AND (k <= 1914025))

table 5 : explain SELECT k, c FROM sbtest5 WHERE k BETWEEN 1913925 AND 1914025
	Bitmap Heap Scan on sbtest5  (cost=5.57..444.49 rows=111 width=125)
	  Recheck Cond: ((k >= 1913925) AND (k <= 1914025))
	  ->  Bitmap Index Scan on k_5  (cost=0.00..5.54 rows=111 width=0)
	        Index Cond: ((k >= 1913925) AND (k <= 1914025))

table 6 : explain SELECT k, c FROM sbtest6 WHERE k BETWEEN 1913925 AND 1914025
	Bitmap Heap Scan on sbtest6  (cost=5.46..401.19 rows=100 width=125)
	  Recheck Cond: ((k >= 1913925) AND (k <= 1914025))
	  ->  Bitmap Index Scan on k_6  (cost=0.00..5.43 rows=100 width=0)
	        Index Cond: ((k >= 1913925) AND (k <= 1914025))

table 7 : explain SELECT k, c FROM sbtest7 WHERE k BETWEEN 1913925 AND 1914025
	Bitmap Heap Scan on sbtest7  (cost=5.36..361.78 rows=90 width=125)
	  Recheck Cond: ((k >= 1913925) AND (k <= 1914025))
	  ->  Bitmap Index Scan on k_7  (cost=0.00..5.33 rows=90 width=0)
	        Index Cond: ((k >= 1913925) AND (k <= 1914025))

table 8 : explain SELECT k, c FROM sbtest8 WHERE k BETWEEN 1913925 AND 1914025
	Bitmap Heap Scan on sbtest8  (cost=5.52..424.81 rows=106 width=125)
	  Recheck Cond: ((k >= 1913925) AND (k <= 1914025))
	  ->  Bitmap Index Scan on k_8  (cost=0.00..5.50 rows=106 width=0)
	        Index Cond: ((k >= 1913925) AND (k <= 1914025))

explain: for range-notcovered :: explain SELECT k, c FROM sbtest%d WHERE k BETWEEN 6318922 AND 6319022
for range-notcovered
table 1 : explain SELECT k, c FROM sbtest1 WHERE k BETWEEN 4484274 AND 4484374
	Bitmap Heap Scan on sbtest1  (cost=5.48..409.07 rows=102 width=125)
	  Recheck Cond: ((k >= 4484274) AND (k <= 4484374))
	  ->  Bitmap Index Scan on k_1  (cost=0.00..5.45 rows=102 width=0)
	        Index Cond: ((k >= 4484274) AND (k <= 4484374))

table 2 : explain SELECT k, c FROM sbtest2 WHERE k BETWEEN 4484274 AND 4484374
	Bitmap Heap Scan on sbtest2  (cost=5.44..393.31 rows=98 width=125)
	  Recheck Cond: ((k >= 4484274) AND (k <= 4484374))
	  ->  Bitmap Index Scan on k_2  (cost=0.00..5.42 rows=98 width=0)
	        Index Cond: ((k >= 4484274) AND (k <= 4484374))

table 3 : explain SELECT k, c FROM sbtest3 WHERE k BETWEEN 4484274 AND 4484374
	Bitmap Heap Scan on sbtest3  (cost=5.46..401.19 rows=100 width=125)
	  Recheck Cond: ((k >= 4484274) AND (k <= 4484374))
	  ->  Bitmap Index Scan on k_3  (cost=0.00..5.43 rows=100 width=0)
	        Index Cond: ((k >= 4484274) AND (k <= 4484374))

table 4 : explain SELECT k, c FROM sbtest4 WHERE k BETWEEN 4484274 AND 4484374
	Bitmap Heap Scan on sbtest4  (cost=5.43..389.37 rows=97 width=125)
	  Recheck Cond: ((k >= 4484274) AND (k <= 4484374))
	  ->  Bitmap Index Scan on k_4  (cost=0.00..5.40 rows=97 width=0)
	        Index Cond: ((k >= 4484274) AND (k <= 4484374))

table 5 : explain SELECT k, c FROM sbtest5 WHERE k BETWEEN 4484274 AND 4484374
	Bitmap Heap Scan on sbtest5  (cost=5.55..436.62 rows=109 width=125)
	  Recheck Cond: ((k >= 4484274) AND (k <= 4484374))
	  ->  Bitmap Index Scan on k_5  (cost=0.00..5.52 rows=109 width=0)
	        Index Cond: ((k >= 4484274) AND (k <= 4484374))

table 6 : explain SELECT k, c FROM sbtest6 WHERE k BETWEEN 4484274 AND 4484374
	Bitmap Heap Scan on sbtest6  (cost=5.46..401.19 rows=100 width=125)
	  Recheck Cond: ((k >= 4484274) AND (k <= 4484374))
	  ->  Bitmap Index Scan on k_6  (cost=0.00..5.43 rows=100 width=0)
	        Index Cond: ((k >= 4484274) AND (k <= 4484374))

table 7 : explain SELECT k, c FROM sbtest7 WHERE k BETWEEN 4484274 AND 4484374
	Bitmap Heap Scan on sbtest7  (cost=5.52..424.81 rows=106 width=125)
	  Recheck Cond: ((k >= 4484274) AND (k <= 4484374))
	  ->  Bitmap Index Scan on k_7  (cost=0.00..5.50 rows=106 width=0)
	        Index Cond: ((k >= 4484274) AND (k <= 4484374))

table 8 : explain SELECT k, c FROM sbtest8 WHERE k BETWEEN 4484274 AND 4484374
	Bitmap Heap Scan on sbtest8  (cost=5.55..436.62 rows=109 width=125)
	  Recheck Cond: ((k >= 4484274) AND (k <= 4484374))
	  ->  Bitmap Index Scan on k_8  (cost=0.00..5.52 rows=109 width=0)
	        Index Cond: ((k >= 4484274) AND (k <= 4484374))

explain: for range-notcovered :: explain SELECT k, c FROM sbtest%d WHERE k BETWEEN 6735918 AND 6736018
explain: for range-notcovered :: explain SELECT k, c FROM sbtest%d WHERE k BETWEEN 1913925 AND 1914025
explain: for range-notcovered :: explain SELECT k, c FROM sbtest%d WHERE k BETWEEN 6045959 AND 6046059
for range-notcovered
table 1 : explain SELECT k, c FROM sbtest1 WHERE k BETWEEN 6514324 AND 6514424
	Bitmap Heap Scan on sbtest1  (cost=5.45..397.25 rows=99 width=125)
	  Recheck Cond: ((k >= 6514324) AND (k <= 6514424))
	  ->  Bitmap Index Scan on k_1  (cost=0.00..5.42 rows=99 width=0)
	        Index Cond: ((k >= 6514324) AND (k <= 6514424))

table 2 : explain SELECT k, c FROM sbtest2 WHERE k BETWEEN 6514324 AND 6514424
	Bitmap Heap Scan on sbtest2  (cost=5.49..413.00 rows=103 width=125)
	  Recheck Cond: ((k >= 6514324) AND (k <= 6514424))
	  ->  Bitmap Index Scan on k_2  (cost=0.00..5.46 rows=103 width=0)
	        Index Cond: ((k >= 6514324) AND (k <= 6514424))

table 3 : explain SELECT k, c FROM sbtest3 WHERE k BETWEEN 6514324 AND 6514424
	Bitmap Heap Scan on sbtest3  (cost=5.54..432.69 rows=108 width=125)
	  Recheck Cond: ((k >= 6514324) AND (k <= 6514424))
	  ->  Bitmap Index Scan on k_3  (cost=0.00..5.51 rows=108 width=0)
	        Index Cond: ((k >= 6514324) AND (k <= 6514424))

table 4 : explain SELECT k, c FROM sbtest4 WHERE k BETWEEN 6514324 AND 6514424
	Bitmap Heap Scan on sbtest4  (cost=5.57..444.49 rows=111 width=125)
	  Recheck Cond: ((k >= 6514324) AND (k <= 6514424))
	  ->  Bitmap Index Scan on k_4  (cost=0.00..5.54 rows=111 width=0)
	        Index Cond: ((k >= 6514324) AND (k <= 6514424))

table 5 : explain SELECT k, c FROM sbtest5 WHERE k BETWEEN 6514324 AND 6514424
	Bitmap Heap Scan on sbtest5  (cost=5.46..401.19 rows=100 width=125)
	  Recheck Cond: ((k >= 6514324) AND (k <= 6514424))
	  ->  Bitmap Index Scan on k_5  (cost=0.00..5.43 rows=100 width=0)
	        Index Cond: ((k >= 6514324) AND (k <= 6514424))

table 6 : explain SELECT k, c FROM sbtest6 WHERE k BETWEEN 6514324 AND 6514424
	Bitmap Heap Scan on sbtest6  (cost=5.41..381.49 rows=95 width=125)
	  Recheck Cond: ((k >= 6514324) AND (k <= 6514424))
	  ->  Bitmap Index Scan on k_6  (cost=0.00..5.38 rows=95 width=0)
	        Index Cond: ((k >= 6514324) AND (k <= 6514424))

table 7 : explain SELECT k, c FROM sbtest7 WHERE k BETWEEN 6514324 AND 6514424
	Bitmap Heap Scan on sbtest7  (cost=5.49..413.00 rows=103 width=125)
	  Recheck Cond: ((k >= 6514324) AND (k <= 6514424))
	  ->  Bitmap Index Scan on k_7  (cost=0.00..5.46 rows=103 width=0)
	        Index Cond: ((k >= 6514324) AND (k <= 6514424))

table 8 : explain SELECT k, c FROM sbtest8 WHERE k BETWEEN 6514324 AND 6514424
	Bitmap Heap Scan on sbtest8  (cost=5.45..397.25 rows=99 width=125)
	  Recheck Cond: ((k >= 6514324) AND (k <= 6514424))
	  ->  Bitmap Index Scan on k_8  (cost=0.00..5.42 rows=99 width=0)
	        Index Cond: ((k >= 6514324) AND (k <= 6514424))

explain: for range-notcovered :: explain SELECT k, c FROM sbtest%d WHERE k BETWEEN 6514324 AND 6514424
for range-notcovered
table 1 : explain SELECT k, c FROM sbtest1 WHERE k BETWEEN 6318922 AND 6319022
	Bitmap Heap Scan on sbtest1  (cost=5.53..428.75 rows=107 width=125)
	  Recheck Cond: ((k >= 6318922) AND (k <= 6319022))
	  ->  Bitmap Index Scan on k_1  (cost=0.00..5.50 rows=107 width=0)
	        Index Cond: ((k >= 6318922) AND (k <= 6319022))

table 2 : explain SELECT k, c FROM sbtest2 WHERE k BETWEEN 6318922 AND 6319022
	Bitmap Heap Scan on sbtest2  (cost=5.37..365.72 rows=91 width=125)
	  Recheck Cond: ((k >= 6318922) AND (k <= 6319022))
	  ->  Bitmap Index Scan on k_2  (cost=0.00..5.34 rows=91 width=0)
	        Index Cond: ((k >= 6318922) AND (k <= 6319022))

table 3 : explain SELECT k, c FROM sbtest3 WHERE k BETWEEN 6318922 AND 6319022
	Bitmap Heap Scan on sbtest3  (cost=5.50..416.94 rows=104 width=125)
	  Recheck Cond: ((k >= 6318922) AND (k <= 6319022))
	  ->  Bitmap Index Scan on k_3  (cost=0.00..5.47 rows=104 width=0)
	        Index Cond: ((k >= 6318922) AND (k <= 6319022))

table 4 : explain SELECT k, c FROM sbtest4 WHERE k BETWEEN 6318922 AND 6319022
	Bitmap Heap Scan on sbtest4  (cost=5.50..416.94 rows=104 width=125)
	  Recheck Cond: ((k >= 6318922) AND (k <= 6319022))
	  ->  Bitmap Index Scan on k_4  (cost=0.00..5.47 rows=104 width=0)
	        Index Cond: ((k >= 6318922) AND (k <= 6319022))

table 5 : explain SELECT k, c FROM sbtest5 WHERE k BETWEEN 6318922 AND 6319022
	Bitmap Heap Scan on sbtest5  (cost=5.48..409.07 rows=102 width=125)
	  Recheck Cond: ((k >= 6318922) AND (k <= 6319022))
	  ->  Bitmap Index Scan on k_5  (cost=0.00..5.45 rows=102 width=0)
	        Index Cond: ((k >= 6318922) AND (k <= 6319022))

table 6 : explain SELECT k, c FROM sbtest6 WHERE k BETWEEN 6318922 AND 6319022
	Bitmap Heap Scan on sbtest6  (cost=5.43..389.37 rows=97 width=125)
	  Recheck Cond: ((k >= 6318922) AND (k <= 6319022))
	  ->  Bitmap Index Scan on k_6  (cost=0.00..5.40 rows=97 width=0)
	        Index Cond: ((k >= 6318922) AND (k <= 6319022))

table 7 : explain SELECT k, c FROM sbtest7 WHERE k BETWEEN 6318922 AND 6319022
	Bitmap Heap Scan on sbtest7  (cost=5.47..405.13 rows=101 width=125)
	  Recheck Cond: ((k >= 6318922) AND (k <= 6319022))
	  ->  Bitmap Index Scan on k_7  (cost=0.00..5.44 rows=101 width=0)
	        Index Cond: ((k >= 6318922) AND (k <= 6319022))

table 8 : explain SELECT k, c FROM sbtest8 WHERE k BETWEEN 6318922 AND 6319022
	Bitmap Heap Scan on sbtest8  (cost=5.43..389.37 rows=97 width=125)
	  Recheck Cond: ((k >= 6318922) AND (k <= 6319022))
	  ->  Bitmap Index Scan on k_8  (cost=0.00..5.40 rows=97 width=0)
	        Index Cond: ((k >= 6318922) AND (k <= 6319022))

explain: for range-notcovered :: explain SELECT k, c FROM sbtest%d WHERE k BETWEEN 6318922 AND 6319022
for range-notcovered
table 1 : explain SELECT k, c FROM sbtest1 WHERE k BETWEEN 6735918 AND 6736018
	Bitmap Heap Scan on sbtest1  (cost=5.47..405.13 rows=101 width=125)
	  Recheck Cond: ((k >= 6735918) AND (k <= 6736018))
	  ->  Bitmap Index Scan on k_1  (cost=0.00..5.44 rows=101 width=0)
	        Index Cond: ((k >= 6735918) AND (k <= 6736018))

table 2 : explain SELECT k, c FROM sbtest2 WHERE k BETWEEN 6735918 AND 6736018
	Bitmap Heap Scan on sbtest2  (cost=5.47..405.13 rows=101 width=125)
	  Recheck Cond: ((k >= 6735918) AND (k <= 6736018))
	  ->  Bitmap Index Scan on k_2  (cost=0.00..5.44 rows=101 width=0)
	        Index Cond: ((k >= 6735918) AND (k <= 6736018))

table 3 : explain SELECT k, c FROM sbtest3 WHERE k BETWEEN 6735918 AND 6736018
	Bitmap Heap Scan on sbtest3  (cost=5.54..432.69 rows=108 width=125)
	  Recheck Cond: ((k >= 6735918) AND (k <= 6736018))
	  ->  Bitmap Index Scan on k_3  (cost=0.00..5.51 rows=108 width=0)
	        Index Cond: ((k >= 6735918) AND (k <= 6736018))

table 4 : explain SELECT k, c FROM sbtest4 WHERE k BETWEEN 6735918 AND 6736018
	Bitmap Heap Scan on sbtest4  (cost=5.48..409.07 rows=102 width=125)
	  Recheck Cond: ((k >= 6735918) AND (k <= 6736018))
	  ->  Bitmap Index Scan on k_4  (cost=0.00..5.45 rows=102 width=0)
	        Index Cond: ((k >= 6735918) AND (k <= 6736018))

table 5 : explain SELECT k, c FROM sbtest5 WHERE k BETWEEN 6735918 AND 6736018
	Bitmap Heap Scan on sbtest5  (cost=5.55..436.62 rows=109 width=125)
	  Recheck Cond: ((k >= 6735918) AND (k <= 6736018))
	  ->  Bitmap Index Scan on k_5  (cost=0.00..5.52 rows=109 width=0)
	        Index Cond: ((k >= 6735918) AND (k <= 6736018))

table 6 : explain SELECT k, c FROM sbtest6 WHERE k BETWEEN 6735918 AND 6736018
	Bitmap Heap Scan on sbtest6  (cost=5.44..393.31 rows=98 width=125)
	  Recheck Cond: ((k >= 6735918) AND (k <= 6736018))
	  ->  Bitmap Index Scan on k_6  (cost=0.00..5.42 rows=98 width=0)
	        Index Cond: ((k >= 6735918) AND (k <= 6736018))

table 7 : explain SELECT k, c FROM sbtest7 WHERE k BETWEEN 6735918 AND 6736018
	Bitmap Heap Scan on sbtest7  (cost=5.51..420.88 rows=105 width=125)
	  Recheck Cond: ((k >= 6735918) AND (k <= 6736018))
	  ->  Bitmap Index Scan on k_7  (cost=0.00..5.48 rows=105 width=0)
	        Index Cond: ((k >= 6735918) AND (k <= 6736018))

table 8 : explain SELECT k, c FROM sbtest8 WHERE k BETWEEN 6735918 AND 6736018
	Bitmap Heap Scan on sbtest8  (cost=5.49..413.00 rows=103 width=125)
	  Recheck Cond: ((k >= 6735918) AND (k <= 6736018))
	  ->  Bitmap Index Scan on k_8  (cost=0.00..5.46 rows=103 width=0)
	        Index Cond: ((k >= 6735918) AND (k <= 6736018))

for range-notcovered
table 1 : explain SELECT k, c FROM sbtest1 WHERE k BETWEEN 1913925 AND 1914025
	Bitmap Heap Scan on sbtest1  (cost=5.51..420.88 rows=105 width=125)
	  Recheck Cond: ((k >= 1913925) AND (k <= 1914025))
	  ->  Bitmap Index Scan on k_1  (cost=0.00..5.48 rows=105 width=0)
	        Index Cond: ((k >= 1913925) AND (k <= 1914025))

table 2 : explain SELECT k, c FROM sbtest2 WHERE k BETWEEN 1913925 AND 1914025
	Bitmap Heap Scan on sbtest2  (cost=5.39..373.61 rows=93 width=125)
	  Recheck Cond: ((k >= 1913925) AND (k <= 1914025))
	  ->  Bitmap Index Scan on k_2  (cost=0.00..5.36 rows=93 width=0)
	        Index Cond: ((k >= 1913925) AND (k <= 1914025))

table 3 : explain SELECT k, c FROM sbtest3 WHERE k BETWEEN 1913925 AND 1914025
	Bitmap Heap Scan on sbtest3  (cost=5.52..424.81 rows=106 width=125)
	  Recheck Cond: ((k >= 1913925) AND (k <= 1914025))
	  ->  Bitmap Index Scan on k_3  (cost=0.00..5.50 rows=106 width=0)
	        Index Cond: ((k >= 1913925) AND (k <= 1914025))

table 4 : explain SELECT k, c FROM sbtest4 WHERE k BETWEEN 1913925 AND 1914025
	Bitmap Heap Scan on sbtest4  (cost=5.52..424.81 rows=106 width=125)
	  Recheck Cond: ((k >= 1913925) AND (k <= 1914025))
	  ->  Bitmap Index Scan on k_4  (cost=0.00..5.50 rows=106 width=0)
	        Index Cond: ((k >= 1913925) AND (k <= 1914025))

table 5 : explain SELECT k, c FROM sbtest5 WHERE k BETWEEN 1913925 AND 1914025
	Bitmap Heap Scan on sbtest5  (cost=5.57..444.49 rows=111 width=125)
	  Recheck Cond: ((k >= 1913925) AND (k <= 1914025))
	  ->  Bitmap Index Scan on k_5  (cost=0.00..5.54 rows=111 width=0)
	        Index Cond: ((k >= 1913925) AND (k <= 1914025))

table 6 : explain SELECT k, c FROM sbtest6 WHERE k BETWEEN 1913925 AND 1914025
	Bitmap Heap Scan on sbtest6  (cost=5.46..401.19 rows=100 width=125)
	  Recheck Cond: ((k >= 1913925) AND (k <= 1914025))
	  ->  Bitmap Index Scan on k_6  (cost=0.00..5.43 rows=100 width=0)
	        Index Cond: ((k >= 1913925) AND (k <= 1914025))

table 7 : explain SELECT k, c FROM sbtest7 WHERE k BETWEEN 1913925 AND 1914025
	Bitmap Heap Scan on sbtest7  (cost=5.36..361.78 rows=90 width=125)
	  Recheck Cond: ((k >= 1913925) AND (k <= 1914025))
	  ->  Bitmap Index Scan on k_7  (cost=0.00..5.33 rows=90 width=0)
	        Index Cond: ((k >= 1913925) AND (k <= 1914025))

table 8 : explain SELECT k, c FROM sbtest8 WHERE k BETWEEN 1913925 AND 1914025
	Bitmap Heap Scan on sbtest8  (cost=5.52..424.81 rows=106 width=125)
	  Recheck Cond: ((k >= 1913925) AND (k <= 1914025))
	  ->  Bitmap Index Scan on k_8  (cost=0.00..5.50 rows=106 width=0)
	        Index Cond: ((k >= 1913925) AND (k <= 1914025))

explain: for range-notcovered :: explain SELECT k, c FROM sbtest%d WHERE k BETWEEN 6735918 AND 6736018
for range-notcovered
table 1 : explain SELECT k, c FROM sbtest1 WHERE k BETWEEN 6045959 AND 6046059
	Bitmap Heap Scan on sbtest1  (cost=5.46..401.19 rows=100 width=125)
	  Recheck Cond: ((k >= 6045959) AND (k <= 6046059))
	  ->  Bitmap Index Scan on k_1  (cost=0.00..5.43 rows=100 width=0)
	        Index Cond: ((k >= 6045959) AND (k <= 6046059))

table 2 : explain SELECT k, c FROM sbtest2 WHERE k BETWEEN 6045959 AND 6046059
	Bitmap Heap Scan on sbtest2  (cost=5.45..397.25 rows=99 width=125)
	  Recheck Cond: ((k >= 6045959) AND (k <= 6046059))
	  ->  Bitmap Index Scan on k_2  (cost=0.00..5.42 rows=99 width=0)
	        Index Cond: ((k >= 6045959) AND (k <= 6046059))

table 3 : explain SELECT k, c FROM sbtest3 WHERE k BETWEEN 6045959 AND 6046059
	Bitmap Heap Scan on sbtest3  (cost=5.52..424.81 rows=106 width=125)
	  Recheck Cond: ((k >= 6045959) AND (k <= 6046059))
	  ->  Bitmap Index Scan on k_3  (cost=0.00..5.50 rows=106 width=0)
	        Index Cond: ((k >= 6045959) AND (k <= 6046059))

table 4 : explain SELECT k, c FROM sbtest4 WHERE k BETWEEN 6045959 AND 6046059
	Bitmap Heap Scan on sbtest4  (cost=5.50..416.94 rows=104 width=125)
	  Recheck Cond: ((k >= 6045959) AND (k <= 6046059))
	  ->  Bitmap Index Scan on k_4  (cost=0.00..5.47 rows=104 width=0)
	        Index Cond: ((k >= 6045959) AND (k <= 6046059))

table 5 : explain SELECT k, c FROM sbtest5 WHERE k BETWEEN 6045959 AND 6046059
	Bitmap Heap Scan on sbtest5  (cost=5.48..409.07 rows=102 width=125)
	  Recheck Cond: ((k >= 6045959) AND (k <= 6046059))
	  ->  Bitmap Index Scan on k_5  (cost=0.00..5.45 rows=102 width=0)
	        Index Cond: ((k >= 6045959) AND (k <= 6046059))

table 6 : explain SELECT k, c FROM sbtest6 WHERE k BETWEEN 6045959 AND 6046059
	Bitmap Heap Scan on sbtest6  (cost=5.44..393.31 rows=98 width=125)
	  Recheck Cond: ((k >= 6045959) AND (k <= 6046059))
	  ->  Bitmap Index Scan on k_6  (cost=0.00..5.42 rows=98 width=0)
	        Index Cond: ((k >= 6045959) AND (k <= 6046059))

table 7 : explain SELECT k, c FROM sbtest7 WHERE k BETWEEN 6045959 AND 6046059
	Bitmap Heap Scan on sbtest7  (cost=5.54..432.69 rows=108 width=125)
	  Recheck Cond: ((k >= 6045959) AND (k <= 6046059))
	  ->  Bitmap Index Scan on k_7  (cost=0.00..5.51 rows=108 width=0)
	        Index Cond: ((k >= 6045959) AND (k <= 6046059))

table 8 : explain SELECT k, c FROM sbtest8 WHERE k BETWEEN 6045959 AND 6046059
	Bitmap Heap Scan on sbtest8  (cost=5.41..381.49 rows=95 width=125)
	  Recheck Cond: ((k >= 6045959) AND (k <= 6046059))
	  ->  Bitmap Index Scan on k_8  (cost=0.00..5.38 rows=95 width=0)
	        Index Cond: ((k >= 6045959) AND (k <= 6046059))

explain: for range-notcovered :: explain SELECT k, c FROM sbtest%d WHERE k BETWEEN 1913925 AND 1914025for range-notcovered
table 1 : explain SELECT k, c FROM sbtest1 WHERE k BETWEEN 6514324 AND 6514424
	Bitmap Heap Scan on sbtest1  (cost=5.45..397.25 rows=99 width=125)
	  Recheck Cond: ((k >= 6514324) AND (k <= 6514424))
	  ->  Bitmap Index Scan on k_1  (cost=0.00..5.42 rows=99 width=0)
	        Index Cond: ((k >= 6514324) AND (k <= 6514424))

table 2 : explain SELECT k, c FROM sbtest2 WHERE k BETWEEN 6514324 AND 6514424
	Bitmap Heap Scan on sbtest2  (cost=5.49..413.00 rows=103 width=125)
	  Recheck Cond: ((k >= 6514324) AND (k <= 6514424))
	  ->  Bitmap Index Scan on k_2  (cost=0.00..5.46 rows=103 width=0)
	        Index Cond: ((k >= 6514324) AND (k <= 6514424))

table 3 : explain SELECT k, c FROM sbtest3 WHERE k BETWEEN 6514324 AND 6514424
	Bitmap Heap Scan on sbtest3  (cost=5.54..432.69 rows=108 width=125)
	  Recheck Cond: ((k >= 6514324) AND (k <= 6514424))
	  ->  Bitmap Index Scan on k_3  (cost=0.00..5.51 rows=108 width=0)
	        Index Cond: ((k >= 6514324) AND (k <= 6514424))

table 4 : explain SELECT k, c FROM sbtest4 WHERE k BETWEEN 6514324 AND 6514424
	Bitmap Heap Scan on sbtest4  (cost=5.57..444.49 rows=111 width=125)
	  Recheck Cond: ((k >= 6514324) AND (k <= 6514424))
	  ->  Bitmap Index Scan on k_4  (cost=0.00..5.54 rows=111 width=0)
	        Index Cond: ((k >= 6514324) AND (k <= 6514424))

table 5 : explain SELECT k, c FROM sbtest5 WHERE k BETWEEN 6514324 AND 6514424
	Bitmap Heap Scan on sbtest5  (cost=5.46..401.19 rows=100 width=125)
	  Recheck Cond: ((k >= 6514324) AND (k <= 6514424))
	  ->  Bitmap Index Scan on k_5  (cost=0.00..5.43 rows=100 width=0)
	        Index Cond: ((k >= 6514324) AND (k <= 6514424))

table 6 : explain SELECT k, c FROM sbtest6 WHERE k BETWEEN 6514324 AND 6514424
	Bitmap Heap Scan on sbtest6  (cost=5.41..381.49 rows=95 width=125)
	  Recheck Cond: ((k >= 6514324) AND (k <= 6514424))
	  ->  Bitmap Index Scan on k_6  (cost=0.00..5.38 rows=95 width=0)
	        Index Cond: ((k >= 6514324) AND (k <= 6514424))

table 7 : explain SELECT k, c FROM sbtest7 WHERE k BETWEEN 6514324 AND 6514424
	Bitmap Heap Scan on sbtest7  (cost=5.49..413.00 rows=103 width=125)
	  Recheck Cond: ((k >= 6514324) AND (k <= 6514424))
	  ->  Bitmap Index Scan on k_7  (cost=0.00..5.46 rows=103 width=0)
	        Index Cond: ((k >= 6514324) AND (k <= 6514424))

table 8 : explain SELECT k, c FROM sbtest8 WHERE k BETWEEN 6514324 AND 6514424
	Bitmap Heap Scan on sbtest8  (cost=5.45..397.25 rows=99 width=125)
	  Recheck Cond: ((k >= 6514324) AND (k <= 6514424))
	  ->  Bitmap Index Scan on k_8  (cost=0.00..5.42 rows=99 width=0)
	        Index Cond: ((k >= 6514324) AND (k <= 6514424))


explain: for range-notcovered :: explain SELECT k, c FROM sbtest%d WHERE k BETWEEN 6045959 AND 6046059
explain: for range-notcovered :: explain SELECT k, c FROM sbtest%d WHERE k BETWEEN 6514324 AND 6514424
for range-notcovered
table 1 : explain SELECT k, c FROM sbtest1 WHERE k BETWEEN 7003523 AND 7003623
	Bitmap Heap Scan on sbtest1  (cost=5.51..420.88 rows=105 width=125)
	  Recheck Cond: ((k >= 7003523) AND (k <= 7003623))
	  ->  Bitmap Index Scan on k_1  (cost=0.00..5.48 rows=105 width=0)
	        Index Cond: ((k >= 7003523) AND (k <= 7003623))

table 2 : explain SELECT k, c FROM sbtest2 WHERE k BETWEEN 7003523 AND 7003623
	Bitmap Heap Scan on sbtest2  (cost=5.49..413.00 rows=103 width=125)
	  Recheck Cond: ((k >= 7003523) AND (k <= 7003623))
	  ->  Bitmap Index Scan on k_2  (cost=0.00..5.46 rows=103 width=0)
	        Index Cond: ((k >= 7003523) AND (k <= 7003623))

table 3 : explain SELECT k, c FROM sbtest3 WHERE k BETWEEN 7003523 AND 7003623
	Bitmap Heap Scan on sbtest3  (cost=5.49..413.00 rows=103 width=125)
	  Recheck Cond: ((k >= 7003523) AND (k <= 7003623))
	  ->  Bitmap Index Scan on k_3  (cost=0.00..5.46 rows=103 width=0)
	        Index Cond: ((k >= 7003523) AND (k <= 7003623))

table 4 : explain SELECT k, c FROM sbtest4 WHERE k BETWEEN 7003523 AND 7003623
	Bitmap Heap Scan on sbtest4  (cost=5.47..405.13 rows=101 width=125)
	  Recheck Cond: ((k >= 7003523) AND (k <= 7003623))
	  ->  Bitmap Index Scan on k_4  (cost=0.00..5.44 rows=101 width=0)
	        Index Cond: ((k >= 7003523) AND (k <= 7003623))

table 5 : explain SELECT k, c FROM sbtest5 WHERE k BETWEEN 7003523 AND 7003623
	Bitmap Heap Scan on sbtest5  (cost=5.45..397.25 rows=99 width=125)
	  Recheck Cond: ((k >= 7003523) AND (k <= 7003623))
	  ->  Bitmap Index Scan on k_5  (cost=0.00..5.42 rows=99 width=0)
	        Index Cond: ((k >= 7003523) AND (k <= 7003623))

table 6 : explain SELECT k, c FROM sbtest6 WHERE k BETWEEN 7003523 AND 7003623
	Bitmap Heap Scan on sbtest6  (cost=5.40..377.55 rows=94 width=125)
	  Recheck Cond: ((k >= 7003523) AND (k <= 7003623))
	  ->  Bitmap Index Scan on k_6  (cost=0.00..5.38 rows=94 width=0)
	        Index Cond: ((k >= 7003523) AND (k <= 7003623))

table 7 : explain SELECT k, c FROM sbtest7 WHERE k BETWEEN 7003523 AND 7003623
	Bitmap Heap Scan on sbtest7  (cost=5.48..409.07 rows=102 width=125)
	  Recheck Cond: ((k >= 7003523) AND (k <= 7003623))
	  ->  Bitmap Index Scan on k_7  (cost=0.00..5.45 rows=102 width=0)
	        Index Cond: ((k >= 7003523) AND (k <= 7003623))

table 8 : explain SELECT k, c FROM sbtest8 WHERE k BETWEEN 7003523 AND 7003623
	Bitmap Heap Scan on sbtest8  (cost=5.52..424.81 rows=106 width=125)
	  Recheck Cond: ((k >= 7003523) AND (k <= 7003623))
	  ->  Bitmap Index Scan on k_8  (cost=0.00..5.50 rows=106 width=0)
	        Index Cond: ((k >= 7003523) AND (k <= 7003623))

explain: for range-notcovered :: explain SELECT k, c FROM sbtest%d WHERE k BETWEEN 7003523 AND 7003623
for range-notcovered
table 1 : explain SELECT k, c FROM sbtest1 WHERE k BETWEEN 6318922 AND 6319022
	Bitmap Heap Scan on sbtest1  (cost=5.53..428.75 rows=107 width=125)
	  Recheck Cond: ((k >= 6318922) AND (k <= 6319022))
	  ->  Bitmap Index Scan on k_1  (cost=0.00..5.50 rows=107 width=0)
	        Index Cond: ((k >= 6318922) AND (k <= 6319022))

table 2 : explain SELECT k, c FROM sbtest2 WHERE k BETWEEN 6318922 AND 6319022
	Bitmap Heap Scan on sbtest2  (cost=5.37..365.72 rows=91 width=125)
	  Recheck Cond: ((k >= 6318922) AND (k <= 6319022))
	  ->  Bitmap Index Scan on k_2  (cost=0.00..5.34 rows=91 width=0)
	        Index Cond: ((k >= 6318922) AND (k <= 6319022))

table 3 : explain SELECT k, c FROM sbtest3 WHERE k BETWEEN 6318922 AND 6319022
	Bitmap Heap Scan on sbtest3  (cost=5.50..416.94 rows=104 width=125)
	  Recheck Cond: ((k >= 6318922) AND (k <= 6319022))
	  ->  Bitmap Index Scan on k_3  (cost=0.00..5.47 rows=104 width=0)
	        Index Cond: ((k >= 6318922) AND (k <= 6319022))

table 4 : explain SELECT k, c FROM sbtest4 WHERE k BETWEEN 6318922 AND 6319022
	Bitmap Heap Scan on sbtest4  (cost=5.50..416.94 rows=104 width=125)
	  Recheck Cond: ((k >= 6318922) AND (k <= 6319022))
	  ->  Bitmap Index Scan on k_4  (cost=0.00..5.47 rows=104 width=0)
	        Index Cond: ((k >= 6318922) AND (k <= 6319022))

table 5 : explain SELECT k, c FROM sbtest5 WHERE k BETWEEN 6318922 AND 6319022
	Bitmap Heap Scan on sbtest5  (cost=5.48..409.07 rows=102 width=125)
	  Recheck Cond: ((k >= 6318922) AND (k <= 6319022))
	  ->  Bitmap Index Scan on k_5  (cost=0.00..5.45 rows=102 width=0)
	        Index Cond: ((k >= 6318922) AND (k <= 6319022))

table 6 : explain SELECT k, c FROM sbtest6 WHERE k BETWEEN 6318922 AND 6319022
	Bitmap Heap Scan on sbtest6  (cost=5.43..389.37 rows=97 width=125)
	  Recheck Cond: ((k >= 6318922) AND (k <= 6319022))
	  ->  Bitmap Index Scan on k_6  (cost=0.00..5.40 rows=97 width=0)
	        Index Cond: ((k >= 6318922) AND (k <= 6319022))

table 7 : explain SELECT k, c FROM sbtest7 WHERE k BETWEEN 6318922 AND 6319022
	Bitmap Heap Scan on sbtest7  (cost=5.47..405.13 rows=101 width=125)
	  Recheck Cond: ((k >= 6318922) AND (k <= 6319022))
	  ->  Bitmap Index Scan on k_7  (cost=0.00..5.44 rows=101 width=0)
	        Index Cond: ((k >= 6318922) AND (k <= 6319022))

table 8 : explain SELECT k, c FROM sbtest8 WHERE k BETWEEN 6318922 AND 6319022
	Bitmap Heap Scan on sbtest8  (cost=5.43..389.37 rows=97 width=125)
	  Recheck Cond: ((k >= 6318922) AND (k <= 6319022))
	  ->  Bitmap Index Scan on k_8  (cost=0.00..5.40 rows=97 width=0)
	        Index Cond: ((k >= 6318922) AND (k <= 6319022))

for range-notcovered
table 1 : explain SELECT k, c FROM sbtest1 WHERE k BETWEEN 4071956 AND 4072056
	Bitmap Heap Scan on sbtest1  (cost=5.55..436.62 rows=109 width=125)
	  Recheck Cond: ((k >= 4071956) AND (k <= 4072056))
	  ->  Bitmap Index Scan on k_1  (cost=0.00..5.52 rows=109 width=0)
	        Index Cond: ((k >= 4071956) AND (k <= 4072056))

table 2 : explain SELECT k, c FROM sbtest2 WHERE k BETWEEN 4071956 AND 4072056
	Bitmap Heap Scan on sbtest2  (cost=5.58..448.42 rows=112 width=125)
	  Recheck Cond: ((k >= 4071956) AND (k <= 4072056))
	  ->  Bitmap Index Scan on k_2  (cost=0.00..5.55 rows=112 width=0)
	        Index Cond: ((k >= 4071956) AND (k <= 4072056))

table 3 : explain SELECT k, c FROM sbtest3 WHERE k BETWEEN 4071956 AND 4072056
	Bitmap Heap Scan on sbtest3  (cost=5.50..416.94 rows=104 width=125)
	  Recheck Cond: ((k >= 4071956) AND (k <= 4072056))
	  ->  Bitmap Index Scan on k_3  (cost=0.00..5.47 rows=104 width=0)
	        Index Cond: ((k >= 4071956) AND (k <= 4072056))

table 4 : explain SELECT k, c FROM sbtest4 WHERE k BETWEEN 4071956 AND 4072056
	Bitmap Heap Scan on sbtest4  (cost=5.57..444.49 rows=111 width=125)
	  Recheck Cond: ((k >= 4071956) AND (k <= 4072056))
	  ->  Bitmap Index Scan on k_4  (cost=0.00..5.54 rows=111 width=0)
	        Index Cond: ((k >= 4071956) AND (k <= 4072056))

table 5 : explain SELECT k, c FROM sbtest5 WHERE k BETWEEN 4071956 AND 4072056
	Bitmap Heap Scan on sbtest5  (cost=5.53..428.75 rows=107 width=125)
	  Recheck Cond: ((k >= 4071956) AND (k <= 4072056))
	  ->  Bitmap Index Scan on k_5  (cost=0.00..5.50 rows=107 width=0)
	        Index Cond: ((k >= 4071956) AND (k <= 4072056))

table 6 : explain SELECT k, c FROM sbtest6 WHERE k BETWEEN 4071956 AND 4072056
	Bitmap Heap Scan on sbtest6  (cost=5.47..405.13 rows=101 width=125)
	  Recheck Cond: ((k >= 4071956) AND (k <= 4072056))
	  ->  Bitmap Index Scan on k_6  (cost=0.00..5.44 rows=101 width=0)
	        Index Cond: ((k >= 4071956) AND (k <= 4072056))

table 7 : explain SELECT k, c FROM sbtest7 WHERE k BETWEEN 4071956 AND 4072056
	Bitmap Heap Scan on sbtest7  (cost=5.54..432.69 rows=108 width=125)
	  Recheck Cond: ((k >= 4071956) AND (k <= 4072056))
	  ->  Bitmap Index Scan on k_7  (cost=0.00..5.51 rows=108 width=0)
	        Index Cond: ((k >= 4071956) AND (k <= 4072056))

table 8 : explain SELECT k, c FROM sbtest8 WHERE k BETWEEN 4071956 AND 4072056
	Bitmap Heap Scan on sbtest8  (cost=5.55..436.62 rows=109 width=125)
	  Recheck Cond: ((k >= 4071956) AND (k <= 4072056))
	  ->  Bitmap Index Scan on k_8  (cost=0.00..5.52 rows=109 width=0)
	        Index Cond: ((k >= 4071956) AND (k <= 4072056))

explain: for range-notcovered :: explain SELECT k, c FROM sbtest%d WHERE k BETWEEN 6318922 AND 6319022
explain: for range-notcovered :: explain SELECT k, c FROM sbtest%d WHERE k BETWEEN 3779080 AND 3779180
explain: for range-notcovered :: explain SELECT k, c FROM sbtest%d WHERE k BETWEEN 4071956 AND 4072056
for range-notcovered
table 1 : explain SELECT k, c FROM sbtest1 WHERE k BETWEEN 1913925 AND 1914025
	Bitmap Heap Scan on sbtest1  (cost=5.51..420.88 rows=105 width=125)
	  Recheck Cond: ((k >= 1913925) AND (k <= 1914025))
	  ->  Bitmap Index Scan on k_1  (cost=0.00..5.48 rows=105 width=0)
	        Index Cond: ((k >= 1913925) AND (k <= 1914025))

table 2 : explain SELECT k, c FROM sbtest2 WHERE k BETWEEN 1913925 AND 1914025
	Bitmap Heap Scan on sbtest2  (cost=5.39..373.61 rows=93 width=125)
	  Recheck Cond: ((k >= 1913925) AND (k <= 1914025))
	  ->  Bitmap Index Scan on k_2  (cost=0.00..5.36 rows=93 width=0)
	        Index Cond: ((k >= 1913925) AND (k <= 1914025))

table 3 : explain SELECT k, c FROM sbtest3 WHERE k BETWEEN 1913925 AND 1914025
	Bitmap Heap Scan on sbtest3  (cost=5.52..424.81 rows=106 width=125)
	  Recheck Cond: ((k >= 1913925) AND (k <= 1914025))
	  ->  Bitmap Index Scan on k_3  (cost=0.00..5.50 rows=106 width=0)
	        Index Cond: ((k >= 1913925) AND (k <= 1914025))

table 4 : explain SELECT k, c FROM sbtest4 WHERE k BETWEEN 1913925 AND 1914025
	Bitmap Heap Scan on sbtest4  (cost=5.52..424.81 rows=106 width=125)
	  Recheck Cond: ((k >= 1913925) AND (k <= 1914025))
	  ->  Bitmap Index Scan on k_4  (cost=0.00..5.50 rows=106 width=0)
	        Index Cond: ((k >= 1913925) AND (k <= 1914025))

table 5 : explain SELECT k, c FROM sbtest5 WHERE k BETWEEN 1913925 AND 1914025
	Bitmap Heap Scan on sbtest5  (cost=5.57..444.49 rows=111 width=125)
	  Recheck Cond: ((k >= 1913925) AND (k <= 1914025))
	  ->  Bitmap Index Scan on k_5  (cost=0.00..5.54 rows=111 width=0)
	        Index Cond: ((k >= 1913925) AND (k <= 1914025))

table 6 : explain SELECT k, c FROM sbtest6 WHERE k BETWEEN 1913925 AND 1914025
	Bitmap Heap Scan on sbtest6  (cost=5.46..401.19 rows=100 width=125)
	  Recheck Cond: ((k >= 1913925) AND (k <= 1914025))
	  ->  Bitmap Index Scan on k_6  (cost=0.00..5.43 rows=100 width=0)
	        Index Cond: ((k >= 1913925) AND (k <= 1914025))

table 7 : explain SELECT k, c FROM sbtest7 WHERE k BETWEEN 1913925 AND 1914025
	Bitmap Heap Scan on sbtest7  (cost=5.36..361.78 rows=90 width=125)
	  Recheck Cond: ((k >= 1913925) AND (k <= 1914025))
	  ->  Bitmap Index Scan on k_7  (cost=0.00..5.33 rows=90 width=0)
	        Index Cond: ((k >= 1913925) AND (k <= 1914025))

table 8 : explain SELECT k, c FROM sbtest8 WHERE k BETWEEN 1913925 AND 1914025
	Bitmap Heap Scan on sbtest8  (cost=5.52..424.81 rows=106 width=125)
	  Recheck Cond: ((k >= 1913925) AND (k <= 1914025))
	  ->  Bitmap Index Scan on k_8  (cost=0.00..5.50 rows=106 width=0)
	        Index Cond: ((k >= 1913925) AND (k <= 1914025))

for range-notcovered
table 1 : explain SELECT k, c FROM sbtest1 WHERE k BETWEEN 6735918 AND 6736018
	Bitmap Heap Scan on sbtest1  (cost=5.47..405.13 rows=101 width=125)
	  Recheck Cond: ((k >= 6735918) AND (k <= 6736018))
	  ->  Bitmap Index Scan on k_1  (cost=0.00..5.44 rows=101 width=0)
	        Index Cond: ((k >= 6735918) AND (k <= 6736018))

table 2 : explain SELECT k, c FROM sbtest2 WHERE k BETWEEN 6735918 AND 6736018
	Bitmap Heap Scan on sbtest2  (cost=5.47..405.13 rows=101 width=125)
	  Recheck Cond: ((k >= 6735918) AND (k <= 6736018))
	  ->  Bitmap Index Scan on k_2  (cost=0.00..5.44 rows=101 width=0)
	        Index Cond: ((k >= 6735918) AND (k <= 6736018))

table 3 : explain SELECT k, c FROM sbtest3 WHERE k BETWEEN 6735918 AND 6736018
	Bitmap Heap Scan on sbtest3  (cost=5.54..432.69 rows=108 width=125)
	  Recheck Cond: ((k >= 6735918) AND (k <= 6736018))
	  ->  Bitmap Index Scan on k_3  (cost=0.00..5.51 rows=108 width=0)
	        Index Cond: ((k >= 6735918) AND (k <= 6736018))

table 4 : explain SELECT k, c FROM sbtest4 WHERE k BETWEEN 6735918 AND 6736018
	Bitmap Heap Scan on sbtest4  (cost=5.48..409.07 rows=102 width=125)
	  Recheck Cond: ((k >= 6735918) AND (k <= 6736018))
	  ->  Bitmap Index Scan on k_4  (cost=0.00..5.45 rows=102 width=0)
	        Index Cond: ((k >= 6735918) AND (k <= 6736018))

table 5 : explain SELECT k, c FROM sbtest5 WHERE k BETWEEN 6735918 AND 6736018
	Bitmap Heap Scan on sbtest5  (cost=5.55..436.62 rows=109 width=125)
	  Recheck Cond: ((k >= 6735918) AND (k <= 6736018))
	  ->  Bitmap Index Scan on k_5  (cost=0.00..5.52 rows=109 width=0)
	        Index Cond: ((k >= 6735918) AND (k <= 6736018))

table 6 : explain SELECT k, c FROM sbtest6 WHERE k BETWEEN 6735918 AND 6736018
	Bitmap Heap Scan on sbtest6  (cost=5.44..393.31 rows=98 width=125)
	  Recheck Cond: ((k >= 6735918) AND (k <= 6736018))
	  ->  Bitmap Index Scan on k_6  (cost=0.00..5.42 rows=98 width=0)
	        Index Cond: ((k >= 6735918) AND (k <= 6736018))

table 7 : explain SELECT k, c FROM sbtest7 WHERE k BETWEEN 6735918 AND 6736018
	Bitmap Heap Scan on sbtest7  (cost=5.51..420.88 rows=105 width=125)
	  Recheck Cond: ((k >= 6735918) AND (k <= 6736018))
	  ->  Bitmap Index Scan on k_7  (cost=0.00..5.48 rows=105 width=0)
	        Index Cond: ((k >= 6735918) AND (k <= 6736018))

table 8 : explain SELECT k, c FROM sbtest8 WHERE k BETWEEN 6735918 AND 6736018
	Bitmap Heap Scan on sbtest8  (cost=5.49..413.00 rows=103 width=125)
	  Recheck Cond: ((k >= 6735918) AND (k <= 6736018))
	  ->  Bitmap Index Scan on k_8  (cost=0.00..5.46 rows=103 width=0)
	        Index Cond: ((k >= 6735918) AND (k <= 6736018))

for range-notcovered
table 1 : explain SELECT k, c FROM sbtest1 WHERE k BETWEEN 6514324 AND 6514424
	Bitmap Heap Scan on sbtest1  (cost=5.45..397.25 rows=99 width=125)
	  Recheck Cond: ((k >= 6514324) AND (k <= 6514424))
	  ->  Bitmap Index Scan on k_1  (cost=0.00..5.42 rows=99 width=0)
	        Index Cond: ((k >= 6514324) AND (k <= 6514424))

table 2 : explain SELECT k, c FROM sbtest2 WHERE k BETWEEN 6514324 AND 6514424
	Bitmap Heap Scan on sbtest2  (cost=5.49..413.00 rows=103 width=125)
	  Recheck Cond: ((k >= 6514324) AND (k <= 6514424))
	  ->  Bitmap Index Scan on k_2  (cost=0.00..5.46 rows=103 width=0)
	        Index Cond: ((k >= 6514324) AND (k <= 6514424))

table 3 : explain SELECT k, c FROM sbtest3 WHERE k BETWEEN 6514324 AND 6514424
	Bitmap Heap Scan on sbtest3  (cost=5.54..432.69 rows=108 width=125)
	  Recheck Cond: ((k >= 6514324) AND (k <= 6514424))
	  ->  Bitmap Index Scan on k_3  (cost=0.00..5.51 rows=108 width=0)
	        Index Cond: ((k >= 6514324) AND (k <= 6514424))

table 4 : explain SELECT k, c FROM sbtest4 WHERE k BETWEEN 6514324 AND 6514424
	Bitmap Heap Scan on sbtest4  (cost=5.57..444.49 rows=111 width=125)
	  Recheck Cond: ((k >= 6514324) AND (k <= 6514424))
	  ->  Bitmap Index Scan on k_4  (cost=0.00..5.54 rows=111 width=0)
	        Index Cond: ((k >= 6514324) AND (k <= 6514424))

table 5 : explain SELECT k, c FROM sbtest5 WHERE k BETWEEN 6514324 AND 6514424
	Bitmap Heap Scan on sbtest5  (cost=5.46..401.19 rows=100 width=125)
	  Recheck Cond: ((k >= 6514324) AND (k <= 6514424))
	  ->  Bitmap Index Scan on k_5  (cost=0.00..5.43 rows=100 width=0)
	        Index Cond: ((k >= 6514324) AND (k <= 6514424))

table 6 : explain SELECT k, c FROM sbtest6 WHERE k BETWEEN 6514324 AND 6514424
	Bitmap Heap Scan on sbtest6  (cost=5.41..381.49 rows=95 width=125)
	  Recheck Cond: ((k >= 6514324) AND (k <= 6514424))
	  ->  Bitmap Index Scan on k_6  (cost=0.00..5.38 rows=95 width=0)
	        Index Cond: ((k >= 6514324) AND (k <= 6514424))

table 7 : explain SELECT k, c FROM sbtest7 WHERE k BETWEEN 6514324 AND 6514424
	Bitmap Heap Scan on sbtest7  (cost=5.49..413.00 rows=103 width=125)
	  Recheck Cond: ((k >= 6514324) AND (k <= 6514424))
	  ->  Bitmap Index Scan on k_7  (cost=0.00..5.46 rows=103 width=0)
	        Index Cond: ((k >= 6514324) AND (k <= 6514424))

table 8 : explain SELECT k, c FROM sbtest8 WHERE k BETWEEN 6514324 AND 6514424
	Bitmap Heap Scan on sbtest8  (cost=5.45..397.25 rows=99 width=125)
	  Recheck Cond: ((k >= 6514324) AND (k <= 6514424))
	  ->  Bitmap Index Scan on k_8  (cost=0.00..5.42 rows=99 width=0)
	        Index Cond: ((k >= 6514324) AND (k <= 6514424))

explain: for range-notcovered :: explain SELECT k, c FROM sbtest%d WHERE k BETWEEN 1913925 AND 1914025
for range-notcovered
table 1 : explain SELECT k, c FROM sbtest1 WHERE k BETWEEN 6045959 AND 6046059
	Bitmap Heap Scan on sbtest1  (cost=5.46..401.19 rows=100 width=125)
	  Recheck Cond: ((k >= 6045959) AND (k <= 6046059))
	  ->  Bitmap Index Scan on k_1  (cost=0.00..5.43 rows=100 width=0)
	        Index Cond: ((k >= 6045959) AND (k <= 6046059))

table 2 : explain SELECT k, c FROM sbtest2 WHERE k BETWEEN 6045959 AND 6046059
	Bitmap Heap Scan on sbtest2  (cost=5.45..397.25 rows=99 width=125)
	  Recheck Cond: ((k >= 6045959) AND (k <= 6046059))
	  ->  Bitmap Index Scan on k_2  (cost=0.00..5.42 rows=99 width=0)
	        Index Cond: ((k >= 6045959) AND (k <= 6046059))

table 3 : explain SELECT k, c FROM sbtest3 WHERE k BETWEEN 6045959 AND 6046059
	Bitmap Heap Scan on sbtest3  (cost=5.52..424.81 rows=106 width=125)
	  Recheck Cond: ((k >= 6045959) AND (k <= 6046059))
	  ->  Bitmap Index Scan on k_3  (cost=0.00..5.50 rows=106 width=0)
	        Index Cond: ((k >= 6045959) AND (k <= 6046059))

table 4 : explain SELECT k, c FROM sbtest4 WHERE k BETWEEN 6045959 AND 6046059
	Bitmap Heap Scan on sbtest4  (cost=5.50..416.94 rows=104 width=125)
	  Recheck Cond: ((k >= 6045959) AND (k <= 6046059))
	  ->  Bitmap Index Scan on k_4  (cost=0.00..5.47 rows=104 width=0)
	        Index Cond: ((k >= 6045959) AND (k <= 6046059))

table 5 : explain SELECT k, c FROM sbtest5 WHERE k BETWEEN 6045959 AND 6046059
	Bitmap Heap Scan on sbtest5  (cost=5.48..409.07 rows=102 width=125)
	  Recheck Cond: ((k >= 6045959) AND (k <= 6046059))
	  ->  Bitmap Index Scan on k_5  (cost=0.00..5.45 rows=102 width=0)
	        Index Cond: ((k >= 6045959) AND (k <= 6046059))

table 6 : explain SELECT k, c FROM sbtest6 WHERE k BETWEEN 6045959 AND 6046059
	Bitmap Heap Scan on sbtest6  (cost=5.44..393.31 rows=98 width=125)
	  Recheck Cond: ((k >= 6045959) AND (k <= 6046059))
	  ->  Bitmap Index Scan on k_6  (cost=0.00..5.42 rows=98 width=0)
	        Index Cond: ((k >= 6045959) AND (k <= 6046059))

table 7 : explain SELECT k, c FROM sbtest7 WHERE k BETWEEN 6045959 AND 6046059
	Bitmap Heap Scan on sbtest7  (cost=5.54..432.69 rows=108 width=125)
	  Recheck Cond: ((k >= 6045959) AND (k <= 6046059))
	  ->  Bitmap Index Scan on k_7  (cost=0.00..5.51 rows=108 width=0)
	        Index Cond: ((k >= 6045959) AND (k <= 6046059))

table 8 : explain SELECT k, c FROM sbtest8 WHERE k BETWEEN 6045959 AND 6046059
	Bitmap Heap Scan on sbtest8  (cost=5.41..381.49 rows=95 width=125)
	  Recheck Cond: ((k >= 6045959) AND (k <= 6046059))
	  ->  Bitmap Index Scan on k_8  (cost=0.00..5.38 rows=95 width=0)
	        Index Cond: ((k >= 6045959) AND (k <= 6046059))

explain: for range-notcovered :: explain SELECT k, c FROM sbtest%d WHERE k BETWEEN 6735918 AND 6736018
explain: for range-notcovered :: explain SELECT k, c FROM sbtest%d WHERE k BETWEEN 6514324 AND 6514424
explain: for range-notcovered :: explain SELECT k, c FROM sbtest%d WHERE k BETWEEN 6045959 AND 6046059
for range-notcovered
table 1 : explain SELECT k, c FROM sbtest1 WHERE k BETWEEN 7003523 AND 7003623
	Bitmap Heap Scan on sbtest1  (cost=5.51..420.88 rows=105 width=125)
	  Recheck Cond: ((k >= 7003523) AND (k <= 7003623))
	  ->  Bitmap Index Scan on k_1  (cost=0.00..5.48 rows=105 width=0)
	        Index Cond: ((k >= 7003523) AND (k <= 7003623))

table 2 : explain SELECT k, c FROM sbtest2 WHERE k BETWEEN 7003523 AND 7003623
	Bitmap Heap Scan on sbtest2  (cost=5.49..413.00 rows=103 width=125)
	  Recheck Cond: ((k >= 7003523) AND (k <= 7003623))
	  ->  Bitmap Index Scan on k_2  (cost=0.00..5.46 rows=103 width=0)
	        Index Cond: ((k >= 7003523) AND (k <= 7003623))

table 3 : explain SELECT k, c FROM sbtest3 WHERE k BETWEEN 7003523 AND 7003623
	Bitmap Heap Scan on sbtest3  (cost=5.49..413.00 rows=103 width=125)
	  Recheck Cond: ((k >= 7003523) AND (k <= 7003623))
	  ->  Bitmap Index Scan on k_3  (cost=0.00..5.46 rows=103 width=0)
	        Index Cond: ((k >= 7003523) AND (k <= 7003623))

table 4 : explain SELECT k, c FROM sbtest4 WHERE k BETWEEN 7003523 AND 7003623
	Bitmap Heap Scan on sbtest4  (cost=5.47..405.13 rows=101 width=125)
	  Recheck Cond: ((k >= 7003523) AND (k <= 7003623))
	  ->  Bitmap Index Scan on k_4  (cost=0.00..5.44 rows=101 width=0)
	        Index Cond: ((k >= 7003523) AND (k <= 7003623))

table 5 : explain SELECT k, c FROM sbtest5 WHERE k BETWEEN 7003523 AND 7003623
	Bitmap Heap Scan on sbtest5  (cost=5.45..397.25 rows=99 width=125)
	  Recheck Cond: ((k >= 7003523) AND (k <= 7003623))
	  ->  Bitmap Index Scan on k_5  (cost=0.00..5.42 rows=99 width=0)
	        Index Cond: ((k >= 7003523) AND (k <= 7003623))

table 6 : explain SELECT k, c FROM sbtest6 WHERE k BETWEEN 7003523 AND 7003623
	Bitmap Heap Scan on sbtest6  (cost=5.40..377.55 rows=94 width=125)
	  Recheck Cond: ((k >= 7003523) AND (k <= 7003623))
	  ->  Bitmap Index Scan on k_6  (cost=0.00..5.38 rows=94 width=0)
	        Index Cond: ((k >= 7003523) AND (k <= 7003623))

table 7 : explain SELECT k, c FROM sbtest7 WHERE k BETWEEN 7003523 AND 7003623
	Bitmap Heap Scan on sbtest7  (cost=5.48..409.07 rows=102 width=125)
	  Recheck Cond: ((k >= 7003523) AND (k <= 7003623))
	  ->  Bitmap Index Scan on k_7  (cost=0.00..5.45 rows=102 width=0)
	        Index Cond: ((k >= 7003523) AND (k <= 7003623))

table 8 : explain SELECT k, c FROM sbtest8 WHERE k BETWEEN 7003523 AND 7003623
	Bitmap Heap Scan on sbtest8  (cost=5.52..424.81 rows=106 width=125)
	  Recheck Cond: ((k >= 7003523) AND (k <= 7003623))
	  ->  Bitmap Index Scan on k_8  (cost=0.00..5.50 rows=106 width=0)
	        Index Cond: ((k >= 7003523) AND (k <= 7003623))

explain: for range-notcovered :: explain SELECT k, c FROM sbtest%d WHERE k BETWEEN 7003523 AND 7003623
for range-notcovered
table 1 : explain SELECT k, c FROM sbtest1 WHERE k BETWEEN 6318922 AND 6319022
	Bitmap Heap Scan on sbtest1  (cost=5.53..428.75 rows=107 width=125)
	  Recheck Cond: ((k >= 6318922) AND (k <= 6319022))
	  ->  Bitmap Index Scan on k_1  (cost=0.00..5.50 rows=107 width=0)
	        Index Cond: ((k >= 6318922) AND (k <= 6319022))

table 2 : explain SELECT k, c FROM sbtest2 WHERE k BETWEEN 6318922 AND 6319022
	Bitmap Heap Scan on sbtest2  (cost=5.37..365.72 rows=91 width=125)
	  Recheck Cond: ((k >= 6318922) AND (k <= 6319022))
	  ->  Bitmap Index Scan on k_2  (cost=0.00..5.34 rows=91 width=0)
	        Index Cond: ((k >= 6318922) AND (k <= 6319022))

table 3 : explain SELECT k, c FROM sbtest3 WHERE k BETWEEN 6318922 AND 6319022
	Bitmap Heap Scan on sbtest3  (cost=5.50..416.94 rows=104 width=125)
	  Recheck Cond: ((k >= 6318922) AND (k <= 6319022))
	  ->  Bitmap Index Scan on k_3  (cost=0.00..5.47 rows=104 width=0)
	        Index Cond: ((k >= 6318922) AND (k <= 6319022))

table 4 : explain SELECT k, c FROM sbtest4 WHERE k BETWEEN 6318922 AND 6319022
	Bitmap Heap Scan on sbtest4  (cost=5.50..416.94 rows=104 width=125)
	  Recheck Cond: ((k >= 6318922) AND (k <= 6319022))
	  ->  Bitmap Index Scan on k_4  (cost=0.00..5.47 rows=104 width=0)
	        Index Cond: ((k >= 6318922) AND (k <= 6319022))

table 5 : explain SELECT k, c FROM sbtest5 WHERE k BETWEEN 6318922 AND 6319022
	Bitmap Heap Scan on sbtest5  (cost=5.48..409.07 rows=102 width=125)
	  Recheck Cond: ((k >= 6318922) AND (k <= 6319022))
	  ->  Bitmap Index Scan on k_5  (cost=0.00..5.45 rows=102 width=0)
	        Index Cond: ((k >= 6318922) AND (k <= 6319022))

table 6 : explain SELECT k, c FROM sbtest6 WHERE k BETWEEN 6318922 AND 6319022
	Bitmap Heap Scan on sbtest6  (cost=5.43..389.37 rows=97 width=125)
	  Recheck Cond: ((k >= 6318922) AND (k <= 6319022))
	  ->  Bitmap Index Scan on k_6  (cost=0.00..5.40 rows=97 width=0)
	        Index Cond: ((k >= 6318922) AND (k <= 6319022))

table 7 : explain SELECT k, c FROM sbtest7 WHERE k BETWEEN 6318922 AND 6319022
	Bitmap Heap Scan on sbtest7  (cost=5.47..405.13 rows=101 width=125)
	  Recheck Cond: ((k >= 6318922) AND (k <= 6319022))
	  ->  Bitmap Index Scan on k_7  (cost=0.00..5.44 rows=101 width=0)
	        Index Cond: ((k >= 6318922) AND (k <= 6319022))

table 8 : explain SELECT k, c FROM sbtest8 WHERE k BETWEEN 6318922 AND 6319022
	Bitmap Heap Scan on sbtest8  (cost=5.43..389.37 rows=97 width=125)
	  Recheck Cond: ((k >= 6318922) AND (k <= 6319022))
	  ->  Bitmap Index Scan on k_8  (cost=0.00..5.40 rows=97 width=0)
	        Index Cond: ((k >= 6318922) AND (k <= 6319022))

explain: for range-notcovered :: explain SELECT k, c FROM sbtest%d WHERE k BETWEEN 4484274 AND 4484374
explain: for range-notcovered :: explain SELECT k, c FROM sbtest%d WHERE k BETWEEN 6318922 AND 6319022
for range-notcovered
table 1 : explain SELECT k, c FROM sbtest1 WHERE k BETWEEN 4071956 AND 4072056
	Bitmap Heap Scan on sbtest1  (cost=5.55..436.62 rows=109 width=125)
	  Recheck Cond: ((k >= 4071956) AND (k <= 4072056))
	  ->  Bitmap Index Scan on k_1  (cost=0.00..5.52 rows=109 width=0)
	        Index Cond: ((k >= 4071956) AND (k <= 4072056))

table 2 : explain SELECT k, c FROM sbtest2 WHERE k BETWEEN 4071956 AND 4072056
	Bitmap Heap Scan on sbtest2  (cost=5.58..448.42 rows=112 width=125)
	  Recheck Cond: ((k >= 4071956) AND (k <= 4072056))
	  ->  Bitmap Index Scan on k_2  (cost=0.00..5.55 rows=112 width=0)
	        Index Cond: ((k >= 4071956) AND (k <= 4072056))

table 3 : explain SELECT k, c FROM sbtest3 WHERE k BETWEEN 4071956 AND 4072056
	Bitmap Heap Scan on sbtest3  (cost=5.50..416.94 rows=104 width=125)
	  Recheck Cond: ((k >= 4071956) AND (k <= 4072056))
	  ->  Bitmap Index Scan on k_3  (cost=0.00..5.47 rows=104 width=0)
	        Index Cond: ((k >= 4071956) AND (k <= 4072056))

table 4 : explain SELECT k, c FROM sbtest4 WHERE k BETWEEN 4071956 AND 4072056
	Bitmap Heap Scan on sbtest4  (cost=5.57..444.49 rows=111 width=125)
	  Recheck Cond: ((k >= 4071956) AND (k <= 4072056))
	  ->  Bitmap Index Scan on k_4  (cost=0.00..5.54 rows=111 width=0)
	        Index Cond: ((k >= 4071956) AND (k <= 4072056))

table 5 : explain SELECT k, c FROM sbtest5 WHERE k BETWEEN 4071956 AND 4072056
	Bitmap Heap Scan on sbtest5  (cost=5.53..428.75 rows=107 width=125)
	  Recheck Cond: ((k >= 4071956) AND (k <= 4072056))
	  ->  Bitmap Index Scan on k_5  (cost=0.00..5.50 rows=107 width=0)
	        Index Cond: ((k >= 4071956) AND (k <= 4072056))

table 6 : explain SELECT k, c FROM sbtest6 WHERE k BETWEEN 4071956 AND 4072056
	Bitmap Heap Scan on sbtest6  (cost=5.47..405.13 rows=101 width=125)
	  Recheck Cond: ((k >= 4071956) AND (k <= 4072056))
	  ->  Bitmap Index Scan on k_6  (cost=0.00..5.44 rows=101 width=0)
	        Index Cond: ((k >= 4071956) AND (k <= 4072056))

table 7 : explain SELECT k, c FROM sbtest7 WHERE k BETWEEN 4071956 AND 4072056
	Bitmap Heap Scan on sbtest7  (cost=5.54..432.69 rows=108 width=125)
	  Recheck Cond: ((k >= 4071956) AND (k <= 4072056))
	  ->  Bitmap Index Scan on k_7  (cost=0.00..5.51 rows=108 width=0)
	        Index Cond: ((k >= 4071956) AND (k <= 4072056))

table 8 : explain SELECT k, c FROM sbtest8 WHERE k BETWEEN 4071956 AND 4072056
	Bitmap Heap Scan on sbtest8  (cost=5.55..436.62 rows=109 width=125)
	  Recheck Cond: ((k >= 4071956) AND (k <= 4072056))
	  ->  Bitmap Index Scan on k_8  (cost=0.00..5.52 rows=109 width=0)
	        Index Cond: ((k >= 4071956) AND (k <= 4072056))

for range-notcovered
table 1 : explain SELECT k, c FROM sbtest1 WHERE k BETWEEN 6514324 AND 6514424
	Bitmap Heap Scan on sbtest1  (cost=5.45..397.25 rows=99 width=125)
	  Recheck Cond: ((k >= 6514324) AND (k <= 6514424))
	  ->  Bitmap Index Scan on k_1  (cost=0.00..5.42 rows=99 width=0)
	        Index Cond: ((k >= 6514324) AND (k <= 6514424))

table 2 : explain SELECT k, c FROM sbtest2 WHERE k BETWEEN 6514324 AND 6514424
	Bitmap Heap Scan on sbtest2  (cost=5.49..413.00 rows=103 width=125)
	  Recheck Cond: ((k >= 6514324) AND (k <= 6514424))
	  ->  Bitmap Index Scan on k_2  (cost=0.00..5.46 rows=103 width=0)
	        Index Cond: ((k >= 6514324) AND (k <= 6514424))

table 3 : explain SELECT k, c FROM sbtest3 WHERE k BETWEEN 6514324 AND 6514424
	Bitmap Heap Scan on sbtest3  (cost=5.54..432.69 rows=108 width=125)
	  Recheck Cond: ((k >= 6514324) AND (k <= 6514424))
	  ->  Bitmap Index Scan on k_3  (cost=0.00..5.51 rows=108 width=0)
	        Index Cond: ((k >= 6514324) AND (k <= 6514424))

table 4 : explain SELECT k, c FROM sbtest4 WHERE k BETWEEN 6514324 AND 6514424
	Bitmap Heap Scan on sbtest4  (cost=5.57..444.49 rows=111 width=125)
	  Recheck Cond: ((k >= 6514324) AND (k <= 6514424))
	  ->  Bitmap Index Scan on k_4  (cost=0.00..5.54 rows=111 width=0)
	        Index Cond: ((k >= 6514324) AND (k <= 6514424))

table 5 : explain SELECT k, c FROM sbtest5 WHERE k BETWEEN 6514324 AND 6514424
	Bitmap Heap Scan on sbtest5  (cost=5.46..401.19 rows=100 width=125)
	  Recheck Cond: ((k >= 6514324) AND (k <= 6514424))
	  ->  Bitmap Index Scan on k_5  (cost=0.00..5.43 rows=100 width=0)
	        Index Cond: ((k >= 6514324) AND (k <= 6514424))

table 6 : explain SELECT k, c FROM sbtest6 WHERE k BETWEEN 6514324 AND 6514424
	Bitmap Heap Scan on sbtest6  (cost=5.41..381.49 rows=95 width=125)
	  Recheck Cond: ((k >= 6514324) AND (k <= 6514424))
	  ->  Bitmap Index Scan on k_6  (cost=0.00..5.38 rows=95 width=0)
	        Index Cond: ((k >= 6514324) AND (k <= 6514424))

table 7 : explain SELECT k, c FROM sbtest7 WHERE k BETWEEN 6514324 AND 6514424
	Bitmap Heap Scan on sbtest7  (cost=5.49..413.00 rows=103 width=125)
	  Recheck Cond: ((k >= 6514324) AND (k <= 6514424))
	  ->  Bitmap Index Scan on k_7  (cost=0.00..5.46 rows=103 width=0)
	        Index Cond: ((k >= 6514324) AND (k <= 6514424))

table 8 : explain SELECT k, c FROM sbtest8 WHERE k BETWEEN 6514324 AND 6514424
	Bitmap Heap Scan on sbtest8  (cost=5.45..397.25 rows=99 width=125)
	  Recheck Cond: ((k >= 6514324) AND (k <= 6514424))
	  ->  Bitmap Index Scan on k_8  (cost=0.00..5.42 rows=99 width=0)
	        Index Cond: ((k >= 6514324) AND (k <= 6514424))

for range-notcovered
table 1 : explain SELECT k, c FROM sbtest1 WHERE k BETWEEN 1913925 AND 1914025
	Bitmap Heap Scan on sbtest1  (cost=5.51..420.88 rows=105 width=125)
	  Recheck Cond: ((k >= 1913925) AND (k <= 1914025))
	  ->  Bitmap Index Scan on k_1  (cost=0.00..5.48 rows=105 width=0)
	        Index Cond: ((k >= 1913925) AND (k <= 1914025))

table 2 : explain SELECT k, c FROM sbtest2 WHERE k BETWEEN 1913925 AND 1914025
	Bitmap Heap Scan on sbtest2  (cost=5.39..373.61 rows=93 width=125)
	  Recheck Cond: ((k >= 1913925) AND (k <= 1914025))
	  ->  Bitmap Index Scan on k_2  (cost=0.00..5.36 rows=93 width=0)
	        Index Cond: ((k >= 1913925) AND (k <= 1914025))

table 3 : explain SELECT k, c FROM sbtest3 WHERE k BETWEEN 1913925 AND 1914025
	Bitmap Heap Scan on sbtest3  (cost=5.52..424.81 rows=106 width=125)
	  Recheck Cond: ((k >= 1913925) AND (k <= 1914025))
	  ->  Bitmap Index Scan on k_3  (cost=0.00..5.50 rows=106 width=0)
	        Index Cond: ((k >= 1913925) AND (k <= 1914025))

table 4 : explain SELECT k, c FROM sbtest4 WHERE k BETWEEN 1913925 AND 1914025
	Bitmap Heap Scan on sbtest4  (cost=5.52..424.81 rows=106 width=125)
	  Recheck Cond: ((k >= 1913925) AND (k <= 1914025))
	  ->  Bitmap Index Scan on k_4  (cost=0.00..5.50 rows=106 width=0)
	        Index Cond: ((k >= 1913925) AND (k <= 1914025))

table 5 : explain SELECT k, c FROM sbtest5 WHERE k BETWEEN 1913925 AND 1914025
	Bitmap Heap Scan on sbtest5  (cost=5.57..444.49 rows=111 width=125)
	  Recheck Cond: ((k >= 1913925) AND (k <= 1914025))
	  ->  Bitmap Index Scan on k_5  (cost=0.00..5.54 rows=111 width=0)
	        Index Cond: ((k >= 1913925) AND (k <= 1914025))

table 6 : explain SELECT k, c FROM sbtest6 WHERE k BETWEEN 1913925 AND 1914025
	Bitmap Heap Scan on sbtest6  (cost=5.46..401.19 rows=100 width=125)
	  Recheck Cond: ((k >= 1913925) AND (k <= 1914025))
	  ->  Bitmap Index Scan on k_6  (cost=0.00..5.43 rows=100 width=0)
	        Index Cond: ((k >= 1913925) AND (k <= 1914025))

table 7 : explain SELECT k, c FROM sbtest7 WHERE k BETWEEN 1913925 AND 1914025
	Bitmap Heap Scan on sbtest7  (cost=5.36..361.78 rows=90 width=125)
	  Recheck Cond: ((k >= 1913925) AND (k <= 1914025))
	  ->  Bitmap Index Scan on k_7  (cost=0.00..5.33 rows=90 width=0)
	        Index Cond: ((k >= 1913925) AND (k <= 1914025))

table 8 : explain SELECT k, c FROM sbtest8 WHERE k BETWEEN 1913925 AND 1914025
	Bitmap Heap Scan on sbtest8  (cost=5.52..424.81 rows=106 width=125)
	  Recheck Cond: ((k >= 1913925) AND (k <= 1914025))
	  ->  Bitmap Index Scan on k_8  (cost=0.00..5.50 rows=106 width=0)
	        Index Cond: ((k >= 1913925) AND (k <= 1914025))

explain: for range-notcovered :: explain SELECT k, c FROM sbtest%d WHERE k BETWEEN 4071956 AND 4072056
explain: for range-notcovered :: explain SELECT k, c FROM sbtest%d WHERE k BETWEEN 6514324 AND 6514424
for range-notcovered
table 1 : explain SELECT k, c FROM sbtest1 WHERE k BETWEEN 6735918 AND 6736018
	Bitmap Heap Scan on sbtest1  (cost=5.47..405.13 rows=101 width=125)
	  Recheck Cond: ((k >= 6735918) AND (k <= 6736018))
	  ->  Bitmap Index Scan on k_1  (cost=0.00..5.44 rows=101 width=0)
	        Index Cond: ((k >= 6735918) AND (k <= 6736018))

table 2 : explain SELECT k, c FROM sbtest2 WHERE k BETWEEN 6735918 AND 6736018
	Bitmap Heap Scan on sbtest2  (cost=5.47..405.13 rows=101 width=125)
	  Recheck Cond: ((k >= 6735918) AND (k <= 6736018))
	  ->  Bitmap Index Scan on k_2  (cost=0.00..5.44 rows=101 width=0)
	        Index Cond: ((k >= 6735918) AND (k <= 6736018))

table 3 : explain SELECT k, c FROM sbtest3 WHERE k BETWEEN 6735918 AND 6736018
	Bitmap Heap Scan on sbtest3  (cost=5.54..432.69 rows=108 width=125)
	  Recheck Cond: ((k >= 6735918) AND (k <= 6736018))
	  ->  Bitmap Index Scan on k_3  (cost=0.00..5.51 rows=108 width=0)
	        Index Cond: ((k >= 6735918) AND (k <= 6736018))

table 4 : explain SELECT k, c FROM sbtest4 WHERE k BETWEEN 6735918 AND 6736018
	Bitmap Heap Scan on sbtest4  (cost=5.48..409.07 rows=102 width=125)
	  Recheck Cond: ((k >= 6735918) AND (k <= 6736018))
	  ->  Bitmap Index Scan on k_4  (cost=0.00..5.45 rows=102 width=0)
	        Index Cond: ((k >= 6735918) AND (k <= 6736018))

table 5 : explain SELECT k, c FROM sbtest5 WHERE k BETWEEN 6735918 AND 6736018
	Bitmap Heap Scan on sbtest5  (cost=5.55..436.62 rows=109 width=125)
	  Recheck Cond: ((k >= 6735918) AND (k <= 6736018))
	  ->  Bitmap Index Scan on k_5  (cost=0.00..5.52 rows=109 width=0)
	        Index Cond: ((k >= 6735918) AND (k <= 6736018))

table 6 : explain SELECT k, c FROM sbtest6 WHERE k BETWEEN 6735918 AND 6736018
	Bitmap Heap Scan on sbtest6  (cost=5.44..393.31 rows=98 width=125)
	  Recheck Cond: ((k >= 6735918) AND (k <= 6736018))
	  ->  Bitmap Index Scan on k_6  (cost=0.00..5.42 rows=98 width=0)
	        Index Cond: ((k >= 6735918) AND (k <= 6736018))

table 7 : explain SELECT k, c FROM sbtest7 WHERE k BETWEEN 6735918 AND 6736018
	Bitmap Heap Scan on sbtest7  (cost=5.51..420.88 rows=105 width=125)
	  Recheck Cond: ((k >= 6735918) AND (k <= 6736018))
	  ->  Bitmap Index Scan on k_7  (cost=0.00..5.48 rows=105 width=0)
	        Index Cond: ((k >= 6735918) AND (k <= 6736018))

table 8 : explain SELECT k, c FROM sbtest8 WHERE k BETWEEN 6735918 AND 6736018
	Bitmap Heap Scan on sbtest8  (cost=5.49..413.00 rows=103 width=125)
	  Recheck Cond: ((k >= 6735918) AND (k <= 6736018))
	  ->  Bitmap Index Scan on k_8  (cost=0.00..5.46 rows=103 width=0)
	        Index Cond: ((k >= 6735918) AND (k <= 6736018))

for range-notcovered
table 1 : explain SELECT k, c FROM sbtest1 WHERE k BETWEEN 6045959 AND 6046059
	Bitmap Heap Scan on sbtest1  (cost=5.46..401.19 rows=100 width=125)
	  Recheck Cond: ((k >= 6045959) AND (k <= 6046059))
	  ->  Bitmap Index Scan on k_1  (cost=0.00..5.43 rows=100 width=0)
	        Index Cond: ((k >= 6045959) AND (k <= 6046059))

table 2 : explain SELECT k, c FROM sbtest2 WHERE k BETWEEN 6045959 AND 6046059
	Bitmap Heap Scan on sbtest2  (cost=5.45..397.25 rows=99 width=125)
	  Recheck Cond: ((k >= 6045959) AND (k <= 6046059))
	  ->  Bitmap Index Scan on k_2  (cost=0.00..5.42 rows=99 width=0)
	        Index Cond: ((k >= 6045959) AND (k <= 6046059))

table 3 : explain SELECT k, c FROM sbtest3 WHERE k BETWEEN 6045959 AND 6046059
	Bitmap Heap Scan on sbtest3  (cost=5.52..424.81 rows=106 width=125)
	  Recheck Cond: ((k >= 6045959) AND (k <= 6046059))
	  ->  Bitmap Index Scan on k_3  (cost=0.00..5.50 rows=106 width=0)
	        Index Cond: ((k >= 6045959) AND (k <= 6046059))

table 4 : explain SELECT k, c FROM sbtest4 WHERE k BETWEEN 6045959 AND 6046059
	Bitmap Heap Scan on sbtest4  (cost=5.50..416.94 rows=104 width=125)
	  Recheck Cond: ((k >= 6045959) AND (k <= 6046059))
	  ->  Bitmap Index Scan on k_4  (cost=0.00..5.47 rows=104 width=0)
	        Index Cond: ((k >= 6045959) AND (k <= 6046059))

table 5 : explain SELECT k, c FROM sbtest5 WHERE k BETWEEN 6045959 AND 6046059
	Bitmap Heap Scan on sbtest5  (cost=5.48..409.07 rows=102 width=125)
	  Recheck Cond: ((k >= 6045959) AND (k <= 6046059))
	  ->  Bitmap Index Scan on k_5  (cost=0.00..5.45 rows=102 width=0)
	        Index Cond: ((k >= 6045959) AND (k <= 6046059))

table 6 : explain SELECT k, c FROM sbtest6 WHERE k BETWEEN 6045959 AND 6046059
	Bitmap Heap Scan on sbtest6  (cost=5.44..393.31 rows=98 width=125)
	  Recheck Cond: ((k >= 6045959) AND (k <= 6046059))
	  ->  Bitmap Index Scan on k_6  (cost=0.00..5.42 rows=98 width=0)
	        Index Cond: ((k >= 6045959) AND (k <= 6046059))

table 7 : explain SELECT k, c FROM sbtest7 WHERE k BETWEEN 6045959 AND 6046059
	Bitmap Heap Scan on sbtest7  (cost=5.54..432.69 rows=108 width=125)
	  Recheck Cond: ((k >= 6045959) AND (k <= 6046059))
	  ->  Bitmap Index Scan on k_7  (cost=0.00..5.51 rows=108 width=0)
	        Index Cond: ((k >= 6045959) AND (k <= 6046059))

table 8 : explain SELECT k, c FROM sbtest8 WHERE k BETWEEN 6045959 AND 6046059
	Bitmap Heap Scan on sbtest8  (cost=5.41..381.49 rows=95 width=125)
	  Recheck Cond: ((k >= 6045959) AND (k <= 6046059))
	  ->  Bitmap Index Scan on k_8  (cost=0.00..5.38 rows=95 width=0)
	        Index Cond: ((k >= 6045959) AND (k <= 6046059))

explain: for range-notcovered :: explain SELECT k, c FROM sbtest%d WHERE k BETWEEN 1913925 AND 1914025
explain: for range-notcovered :: explain SELECT k, c FROM sbtest%d WHERE k BETWEEN 6735918 AND 6736018
explain: for range-notcovered :: explain SELECT k, c FROM sbtest%d WHERE k BETWEEN 6045959 AND 6046059
for range-notcovered
table 1 : explain SELECT k, c FROM sbtest1 WHERE k BETWEEN 7003523 AND 7003623
	Bitmap Heap Scan on sbtest1  (cost=5.51..420.88 rows=105 width=125)
	  Recheck Cond: ((k >= 7003523) AND (k <= 7003623))
	  ->  Bitmap Index Scan on k_1  (cost=0.00..5.48 rows=105 width=0)
	        Index Cond: ((k >= 7003523) AND (k <= 7003623))

table 2 : explain SELECT k, c FROM sbtest2 WHERE k BETWEEN 7003523 AND 7003623
	Bitmap Heap Scan on sbtest2  (cost=5.49..413.00 rows=103 width=125)
	  Recheck Cond: ((k >= 7003523) AND (k <= 7003623))
	  ->  Bitmap Index Scan on k_2  (cost=0.00..5.46 rows=103 width=0)
	        Index Cond: ((k >= 7003523) AND (k <= 7003623))

table 3 : explain SELECT k, c FROM sbtest3 WHERE k BETWEEN 7003523 AND 7003623
	Bitmap Heap Scan on sbtest3  (cost=5.49..413.00 rows=103 width=125)
	  Recheck Cond: ((k >= 7003523) AND (k <= 7003623))
	  ->  Bitmap Index Scan on k_3  (cost=0.00..5.46 rows=103 width=0)
	        Index Cond: ((k >= 7003523) AND (k <= 7003623))

table 4 : explain SELECT k, c FROM sbtest4 WHERE k BETWEEN 7003523 AND 7003623
	Bitmap Heap Scan on sbtest4  (cost=5.47..405.13 rows=101 width=125)
	  Recheck Cond: ((k >= 7003523) AND (k <= 7003623))
	  ->  Bitmap Index Scan on k_4  (cost=0.00..5.44 rows=101 width=0)
	        Index Cond: ((k >= 7003523) AND (k <= 7003623))

table 5 : explain SELECT k, c FROM sbtest5 WHERE k BETWEEN 7003523 AND 7003623
	Bitmap Heap Scan on sbtest5  (cost=5.45..397.25 rows=99 width=125)
	  Recheck Cond: ((k >= 7003523) AND (k <= 7003623))
	  ->  Bitmap Index Scan on k_5  (cost=0.00..5.42 rows=99 width=0)
	        Index Cond: ((k >= 7003523) AND (k <= 7003623))

table 6 : explain SELECT k, c FROM sbtest6 WHERE k BETWEEN 7003523 AND 7003623
	Bitmap Heap Scan on sbtest6  (cost=5.40..377.55 rows=94 width=125)
	  Recheck Cond: ((k >= 7003523) AND (k <= 7003623))
	  ->  Bitmap Index Scan on k_6  (cost=0.00..5.38 rows=94 width=0)
	        Index Cond: ((k >= 7003523) AND (k <= 7003623))

table 7 : explain SELECT k, c FROM sbtest7 WHERE k BETWEEN 7003523 AND 7003623
	Bitmap Heap Scan on sbtest7  (cost=5.48..409.07 rows=102 width=125)
	  Recheck Cond: ((k >= 7003523) AND (k <= 7003623))
	  ->  Bitmap Index Scan on k_7  (cost=0.00..5.45 rows=102 width=0)
	        Index Cond: ((k >= 7003523) AND (k <= 7003623))

table 8 : explain SELECT k, c FROM sbtest8 WHERE k BETWEEN 7003523 AND 7003623
	Bitmap Heap Scan on sbtest8  (cost=5.52..424.81 rows=106 width=125)
	  Recheck Cond: ((k >= 7003523) AND (k <= 7003623))
	  ->  Bitmap Index Scan on k_8  (cost=0.00..5.50 rows=106 width=0)
	        Index Cond: ((k >= 7003523) AND (k <= 7003623))

for range-notcovered
table 1 : explain SELECT k, c FROM sbtest1 WHERE k BETWEEN 6318922 AND 6319022
	Bitmap Heap Scan on sbtest1  (cost=5.53..428.75 rows=107 width=125)
	  Recheck Cond: ((k >= 6318922) AND (k <= 6319022))
	  ->  Bitmap Index Scan on k_1  (cost=0.00..5.50 rows=107 width=0)
	        Index Cond: ((k >= 6318922) AND (k <= 6319022))

table 2 : explain SELECT k, c FROM sbtest2 WHERE k BETWEEN 6318922 AND 6319022
	Bitmap Heap Scan on sbtest2  (cost=5.37..365.72 rows=91 width=125)
	  Recheck Cond: ((k >= 6318922) AND (k <= 6319022))
	  ->  Bitmap Index Scan on k_2  (cost=0.00..5.34 rows=91 width=0)
	        Index Cond: ((k >= 6318922) AND (k <= 6319022))

table 3 : explain SELECT k, c FROM sbtest3 WHERE k BETWEEN 6318922 AND 6319022
	Bitmap Heap Scan on sbtest3  (cost=5.50..416.94 rows=104 width=125)
	  Recheck Cond: ((k >= 6318922) AND (k <= 6319022))
	  ->  Bitmap Index Scan on k_3  (cost=0.00..5.47 rows=104 width=0)
	        Index Cond: ((k >= 6318922) AND (k <= 6319022))

table 4 : explain SELECT k, c FROM sbtest4 WHERE k BETWEEN 6318922 AND 6319022
	Bitmap Heap Scan on sbtest4  (cost=5.50..416.94 rows=104 width=125)
	  Recheck Cond: ((k >= 6318922) AND (k <= 6319022))
	  ->  Bitmap Index Scan on k_4  (cost=0.00..5.47 rows=104 width=0)
	        Index Cond: ((k >= 6318922) AND (k <= 6319022))

table 5 : explain SELECT k, c FROM sbtest5 WHERE k BETWEEN 6318922 AND 6319022
	Bitmap Heap Scan on sbtest5  (cost=5.48..409.07 rows=102 width=125)
	  Recheck Cond: ((k >= 6318922) AND (k <= 6319022))
	  ->  Bitmap Index Scan on k_5  (cost=0.00..5.45 rows=102 width=0)
	        Index Cond: ((k >= 6318922) AND (k <= 6319022))

table 6 : explain SELECT k, c FROM sbtest6 WHERE k BETWEEN 6318922 AND 6319022
	Bitmap Heap Scan on sbtest6  (cost=5.43..389.37 rows=97 width=125)
	  Recheck Cond: ((k >= 6318922) AND (k <= 6319022))
	  ->  Bitmap Index Scan on k_6  (cost=0.00..5.40 rows=97 width=0)
	        Index Cond: ((k >= 6318922) AND (k <= 6319022))

table 7 : explain SELECT k, c FROM sbtest7 WHERE k BETWEEN 6318922 AND 6319022
	Bitmap Heap Scan on sbtest7  (cost=5.47..405.13 rows=101 width=125)
	  Recheck Cond: ((k >= 6318922) AND (k <= 6319022))
	  ->  Bitmap Index Scan on k_7  (cost=0.00..5.44 rows=101 width=0)
	        Index Cond: ((k >= 6318922) AND (k <= 6319022))

table 8 : explain SELECT k, c FROM sbtest8 WHERE k BETWEEN 6318922 AND 6319022
	Bitmap Heap Scan on sbtest8  (cost=5.43..389.37 rows=97 width=125)
	  Recheck Cond: ((k >= 6318922) AND (k <= 6319022))
	  ->  Bitmap Index Scan on k_8  (cost=0.00..5.40 rows=97 width=0)
	        Index Cond: ((k >= 6318922) AND (k <= 6319022))

for range-notcovered
table 1 : explain SELECT k, c FROM sbtest1 WHERE k BETWEEN 4484274 AND 4484374
	Bitmap Heap Scan on sbtest1  (cost=5.48..409.07 rows=102 width=125)
	  Recheck Cond: ((k >= 4484274) AND (k <= 4484374))
	  ->  Bitmap Index Scan on k_1  (cost=0.00..5.45 rows=102 width=0)
	        Index Cond: ((k >= 4484274) AND (k <= 4484374))

table 2 : explain SELECT k, c FROM sbtest2 WHERE k BETWEEN 4484274 AND 4484374
	Bitmap Heap Scan on sbtest2  (cost=5.44..393.31 rows=98 width=125)
	  Recheck Cond: ((k >= 4484274) AND (k <= 4484374))
	  ->  Bitmap Index Scan on k_2  (cost=0.00..5.42 rows=98 width=0)
	        Index Cond: ((k >= 4484274) AND (k <= 4484374))

table 3 : explain SELECT k, c FROM sbtest3 WHERE k BETWEEN 4484274 AND 4484374
	Bitmap Heap Scan on sbtest3  (cost=5.46..401.19 rows=100 width=125)
	  Recheck Cond: ((k >= 4484274) AND (k <= 4484374))
	  ->  Bitmap Index Scan on k_3  (cost=0.00..5.43 rows=100 width=0)
	        Index Cond: ((k >= 4484274) AND (k <= 4484374))

table 4 : explain SELECT k, c FROM sbtest4 WHERE k BETWEEN 4484274 AND 4484374
	Bitmap Heap Scan on sbtest4  (cost=5.43..389.37 rows=97 width=125)
	  Recheck Cond: ((k >= 4484274) AND (k <= 4484374))
	  ->  Bitmap Index Scan on k_4  (cost=0.00..5.40 rows=97 width=0)
	        Index Cond: ((k >= 4484274) AND (k <= 4484374))

table 5 : explain SELECT k, c FROM sbtest5 WHERE k BETWEEN 4484274 AND 4484374
	Bitmap Heap Scan on sbtest5  (cost=5.55..436.62 rows=109 width=125)
	  Recheck Cond: ((k >= 4484274) AND (k <= 4484374))
	  ->  Bitmap Index Scan on k_5  (cost=0.00..5.52 rows=109 width=0)
	        Index Cond: ((k >= 4484274) AND (k <= 4484374))

table 6 : explain SELECT k, c FROM sbtest6 WHERE k BETWEEN 4484274 AND 4484374
	Bitmap Heap Scan on sbtest6  (cost=5.46..401.19 rows=100 width=125)
	  Recheck Cond: ((k >= 4484274) AND (k <= 4484374))
	  ->  Bitmap Index Scan on k_6  (cost=0.00..5.43 rows=100 width=0)
	        Index Cond: ((k >= 4484274) AND (k <= 4484374))

table 7 : explain SELECT k, c FROM sbtest7 WHERE k BETWEEN 4484274 AND 4484374
	Bitmap Heap Scan on sbtest7  (cost=5.52..424.81 rows=106 width=125)
	  Recheck Cond: ((k >= 4484274) AND (k <= 4484374))
	  ->  Bitmap Index Scan on k_7  (cost=0.00..5.50 rows=106 width=0)
	        Index Cond: ((k >= 4484274) AND (k <= 4484374))

table 8 : explain SELECT k, c FROM sbtest8 WHERE k BETWEEN 4484274 AND 4484374
	Bitmap Heap Scan on sbtest8  (cost=5.55..436.62 rows=109 width=125)
	  Recheck Cond: ((k >= 4484274) AND (k <= 4484374))
	  ->  Bitmap Index Scan on k_8  (cost=0.00..5.52 rows=109 width=0)
	        Index Cond: ((k >= 4484274) AND (k <= 4484374))

explain: for range-notcovered :: explain SELECT k, c FROM sbtest%d WHERE k BETWEEN 7003523 AND 7003623
for range-notcovered
table 1 : explain SELECT k, c FROM sbtest1 WHERE k BETWEEN 6514324 AND 6514424
	Bitmap Heap Scan on sbtest1  (cost=5.45..397.25 rows=99 width=125)
	  Recheck Cond: ((k >= 6514324) AND (k <= 6514424))
	  ->  Bitmap Index Scan on k_1  (cost=0.00..5.42 rows=99 width=0)
	        Index Cond: ((k >= 6514324) AND (k <= 6514424))

table 2 : explain SELECT k, c FROM sbtest2 WHERE k BETWEEN 6514324 AND 6514424
	Bitmap Heap Scan on sbtest2  (cost=5.49..413.00 rows=103 width=125)
	  Recheck Cond: ((k >= 6514324) AND (k <= 6514424))
	  ->  Bitmap Index Scan on k_2  (cost=0.00..5.46 rows=103 width=0)
	        Index Cond: ((k >= 6514324) AND (k <= 6514424))

table 3 : explain SELECT k, c FROM sbtest3 WHERE k BETWEEN 6514324 AND 6514424
	Bitmap Heap Scan on sbtest3  (cost=5.54..432.69 rows=108 width=125)
	  Recheck Cond: ((k >= 6514324) AND (k <= 6514424))
	  ->  Bitmap Index Scan on k_3  (cost=0.00..5.51 rows=108 width=0)
	        Index Cond: ((k >= 6514324) AND (k <= 6514424))

table 4 : explain SELECT k, c FROM sbtest4 WHERE k BETWEEN 6514324 AND 6514424
	Bitmap Heap Scan on sbtest4  (cost=5.57..444.49 rows=111 width=125)
	  Recheck Cond: ((k >= 6514324) AND (k <= 6514424))
	  ->  Bitmap Index Scan on k_4  (cost=0.00..5.54 rows=111 width=0)
	        Index Cond: ((k >= 6514324) AND (k <= 6514424))

table 5 : explain SELECT k, c FROM sbtest5 WHERE k BETWEEN 6514324 AND 6514424
	Bitmap Heap Scan on sbtest5  (cost=5.46..401.19 rows=100 width=125)
	  Recheck Cond: ((k >= 6514324) AND (k <= 6514424))
	  ->  Bitmap Index Scan on k_5  (cost=0.00..5.43 rows=100 width=0)
	        Index Cond: ((k >= 6514324) AND (k <= 6514424))

table 6 : explain SELECT k, c FROM sbtest6 WHERE k BETWEEN 6514324 AND 6514424
	Bitmap Heap Scan on sbtest6  (cost=5.41..381.49 rows=95 width=125)
	  Recheck Cond: ((k >= 6514324) AND (k <= 6514424))
	  ->  Bitmap Index Scan on k_6  (cost=0.00..5.38 rows=95 width=0)
	        Index Cond: ((k >= 6514324) AND (k <= 6514424))

table 7 : explain SELECT k, c FROM sbtest7 WHERE k BETWEEN 6514324 AND 6514424
	Bitmap Heap Scan on sbtest7  (cost=5.49..413.00 rows=103 width=125)
	  Recheck Cond: ((k >= 6514324) AND (k <= 6514424))
	  ->  Bitmap Index Scan on k_7  (cost=0.00..5.46 rows=103 width=0)
	        Index Cond: ((k >= 6514324) AND (k <= 6514424))

table 8 : explain SELECT k, c FROM sbtest8 WHERE k BETWEEN 6514324 AND 6514424
	Bitmap Heap Scan on sbtest8  (cost=5.45..397.25 rows=99 width=125)
	  Recheck Cond: ((k >= 6514324) AND (k <= 6514424))
	  ->  Bitmap Index Scan on k_8  (cost=0.00..5.42 rows=99 width=0)
	        Index Cond: ((k >= 6514324) AND (k <= 6514424))

explain: for range-notcovered :: explain SELECT k, c FROM sbtest%d WHERE k BETWEEN 4484274 AND 4484374
for range-notcovered
table 1 : explain SELECT k, c FROM sbtest1 WHERE k BETWEEN 4071956 AND 4072056
	Bitmap Heap Scan on sbtest1  (cost=5.55..436.62 rows=109 width=125)
	  Recheck Cond: ((k >= 4071956) AND (k <= 4072056))
	  ->  Bitmap Index Scan on k_1  (cost=0.00..5.52 rows=109 width=0)
	        Index Cond: ((k >= 4071956) AND (k <= 4072056))

table 2 : explain SELECT k, c FROM sbtest2 WHERE k BETWEEN 4071956 AND 4072056
	Bitmap Heap Scan on sbtest2  (cost=5.58..448.42 rows=112 width=125)
	  Recheck Cond: ((k >= 4071956) AND (k <= 4072056))
	  ->  Bitmap Index Scan on k_2  (cost=0.00..5.55 rows=112 width=0)
	        Index Cond: ((k >= 4071956) AND (k <= 4072056))

table 3 : explain SELECT k, c FROM sbtest3 WHERE k BETWEEN 4071956 AND 4072056
	Bitmap Heap Scan on sbtest3  (cost=5.50..416.94 rows=104 width=125)
	  Recheck Cond: ((k >= 4071956) AND (k <= 4072056))
	  ->  Bitmap Index Scan on k_3  (cost=0.00..5.47 rows=104 width=0)
	        Index Cond: ((k >= 4071956) AND (k <= 4072056))

table 4 : explain SELECT k, c FROM sbtest4 WHERE k BETWEEN 4071956 AND 4072056
	Bitmap Heap Scan on sbtest4  (cost=5.57..444.49 rows=111 width=125)
	  Recheck Cond: ((k >= 4071956) AND (k <= 4072056))
	  ->  Bitmap Index Scan on k_4  (cost=0.00..5.54 rows=111 width=0)
	        Index Cond: ((k >= 4071956) AND (k <= 4072056))

table 5 : explain SELECT k, c FROM sbtest5 WHERE k BETWEEN 4071956 AND 4072056
	Bitmap Heap Scan on sbtest5  (cost=5.53..428.75 rows=107 width=125)
	  Recheck Cond: ((k >= 4071956) AND (k <= 4072056))
	  ->  Bitmap Index Scan on k_5  (cost=0.00..5.50 rows=107 width=0)
	        Index Cond: ((k >= 4071956) AND (k <= 4072056))

table 6 : explain SELECT k, c FROM sbtest6 WHERE k BETWEEN 4071956 AND 4072056
	Bitmap Heap Scan on sbtest6  (cost=5.47..405.13 rows=101 width=125)
	  Recheck Cond: ((k >= 4071956) AND (k <= 4072056))
	  ->  Bitmap Index Scan on k_6  (cost=0.00..5.44 rows=101 width=0)
	        Index Cond: ((k >= 4071956) AND (k <= 4072056))

table 7 : explain SELECT k, c FROM sbtest7 WHERE k BETWEEN 4071956 AND 4072056
	Bitmap Heap Scan on sbtest7  (cost=5.54..432.69 rows=108 width=125)
	  Recheck Cond: ((k >= 4071956) AND (k <= 4072056))
	  ->  Bitmap Index Scan on k_7  (cost=0.00..5.51 rows=108 width=0)
	        Index Cond: ((k >= 4071956) AND (k <= 4072056))

table 8 : explain SELECT k, c FROM sbtest8 WHERE k BETWEEN 4071956 AND 4072056
	Bitmap Heap Scan on sbtest8  (cost=5.55..436.62 rows=109 width=125)
	  Recheck Cond: ((k >= 4071956) AND (k <= 4072056))
	  ->  Bitmap Index Scan on k_8  (cost=0.00..5.52 rows=109 width=0)
	        Index Cond: ((k >= 4071956) AND (k <= 4072056))

for range-notcovered
table 1 : explain SELECT k, c FROM sbtest1 WHERE k BETWEEN 1913925 AND 1914025
	Bitmap Heap Scan on sbtest1  (cost=5.51..420.88 rows=105 width=125)
	  Recheck Cond: ((k >= 1913925) AND (k <= 1914025))
	  ->  Bitmap Index Scan on k_1  (cost=0.00..5.48 rows=105 width=0)
	        Index Cond: ((k >= 1913925) AND (k <= 1914025))

table 2 : explain SELECT k, c FROM sbtest2 WHERE k BETWEEN 1913925 AND 1914025
	Bitmap Heap Scan on sbtest2  (cost=5.39..373.61 rows=93 width=125)
	  Recheck Cond: ((k >= 1913925) AND (k <= 1914025))
	  ->  Bitmap Index Scan on k_2  (cost=0.00..5.36 rows=93 width=0)
	        Index Cond: ((k >= 1913925) AND (k <= 1914025))

table 3 : explain SELECT k, c FROM sbtest3 WHERE k BETWEEN 1913925 AND 1914025
	Bitmap Heap Scan on sbtest3  (cost=5.52..424.81 rows=106 width=125)
	  Recheck Cond: ((k >= 1913925) AND (k <= 1914025))
	  ->  Bitmap Index Scan on k_3  (cost=0.00..5.50 rows=106 width=0)
	        Index Cond: ((k >= 1913925) AND (k <= 1914025))

table 4 : explain SELECT k, c FROM sbtest4 WHERE k BETWEEN 1913925 AND 1914025
	Bitmap Heap Scan on sbtest4  (cost=5.52..424.81 rows=106 width=125)
	  Recheck Cond: ((k >= 1913925) AND (k <= 1914025))
	  ->  Bitmap Index Scan on k_4  (cost=0.00..5.50 rows=106 width=0)
	        Index Cond: ((k >= 1913925) AND (k <= 1914025))

table 5 : explain SELECT k, c FROM sbtest5 WHERE k BETWEEN 1913925 AND 1914025
	Bitmap Heap Scan on sbtest5  (cost=5.57..444.49 rows=111 width=125)
	  Recheck Cond: ((k >= 1913925) AND (k <= 1914025))
	  ->  Bitmap Index Scan on k_5  (cost=0.00..5.54 rows=111 width=0)
	        Index Cond: ((k >= 1913925) AND (k <= 1914025))

table 6 : explain SELECT k, c FROM sbtest6 WHERE k BETWEEN 1913925 AND 1914025
	Bitmap Heap Scan on sbtest6  (cost=5.46..401.19 rows=100 width=125)
	  Recheck Cond: ((k >= 1913925) AND (k <= 1914025))
	  ->  Bitmap Index Scan on k_6  (cost=0.00..5.43 rows=100 width=0)
	        Index Cond: ((k >= 1913925) AND (k <= 1914025))

table 7 : explain SELECT k, c FROM sbtest7 WHERE k BETWEEN 1913925 AND 1914025
	Bitmap Heap Scan on sbtest7  (cost=5.36..361.78 rows=90 width=125)
	  Recheck Cond: ((k >= 1913925) AND (k <= 1914025))
	  ->  Bitmap Index Scan on k_7  (cost=0.00..5.33 rows=90 width=0)
	        Index Cond: ((k >= 1913925) AND (k <= 1914025))

table 8 : explain SELECT k, c FROM sbtest8 WHERE k BETWEEN 1913925 AND 1914025
	Bitmap Heap Scan on sbtest8  (cost=5.52..424.81 rows=106 width=125)
	  Recheck Cond: ((k >= 1913925) AND (k <= 1914025))
	  ->  Bitmap Index Scan on k_8  (cost=0.00..5.50 rows=106 width=0)
	        Index Cond: ((k >= 1913925) AND (k <= 1914025))

explain: for range-notcovered :: explain SELECT k, c FROM sbtest%d WHERE k BETWEEN 6514324 AND 6514424
for range-notcovered
table 1 : explain SELECT k, c FROM sbtest1 WHERE k BETWEEN 6735918 AND 6736018
	Bitmap Heap Scan on sbtest1  (cost=5.47..405.13 rows=101 width=125)
	  Recheck Cond: ((k >= 6735918) AND (k <= 6736018))
	  ->  Bitmap Index Scan on k_1  (cost=0.00..5.44 rows=101 width=0)
	        Index Cond: ((k >= 6735918) AND (k <= 6736018))

table 2 : explain SELECT k, c FROM sbtest2 WHERE k BETWEEN 6735918 AND 6736018
	Bitmap Heap Scan on sbtest2  (cost=5.47..405.13 rows=101 width=125)
	  Recheck Cond: ((k >= 6735918) AND (k <= 6736018))
	  ->  Bitmap Index Scan on k_2  (cost=0.00..5.44 rows=101 width=0)
	        Index Cond: ((k >= 6735918) AND (k <= 6736018))

table 3 : explain SELECT k, c FROM sbtest3 WHERE k BETWEEN 6735918 AND 6736018
	Bitmap Heap Scan on sbtest3  (cost=5.54..432.69 rows=108 width=125)
	  Recheck Cond: ((k >= 6735918) AND (k <= 6736018))
	  ->  Bitmap Index Scan on k_3  (cost=0.00..5.51 rows=108 width=0)
	        Index Cond: ((k >= 6735918) AND (k <= 6736018))

table 4 : explain SELECT k, c FROM sbtest4 WHERE k BETWEEN 6735918 AND 6736018
	Bitmap Heap Scan on sbtest4  (cost=5.48..409.07 rows=102 width=125)
	  Recheck Cond: ((k >= 6735918) AND (k <= 6736018))
	  ->  Bitmap Index Scan on k_4  (cost=0.00..5.45 rows=102 width=0)
	        Index Cond: ((k >= 6735918) AND (k <= 6736018))

table 5 : explain SELECT k, c FROM sbtest5 WHERE k BETWEEN 6735918 AND 6736018
	Bitmap Heap Scan on sbtest5  (cost=5.55..436.62 rows=109 width=125)
	  Recheck Cond: ((k >= 6735918) AND (k <= 6736018))
	  ->  Bitmap Index Scan on k_5  (cost=0.00..5.52 rows=109 width=0)
	        Index Cond: ((k >= 6735918) AND (k <= 6736018))

table 6 : explain SELECT k, c FROM sbtest6 WHERE k BETWEEN 6735918 AND 6736018
	Bitmap Heap Scan on sbtest6  (cost=5.44..393.31 rows=98 width=125)
	  Recheck Cond: ((k >= 6735918) AND (k <= 6736018))
	  ->  Bitmap Index Scan on k_6  (cost=0.00..5.42 rows=98 width=0)
	        Index Cond: ((k >= 6735918) AND (k <= 6736018))

table 7 : explain SELECT k, c FROM sbtest7 WHERE k BETWEEN 6735918 AND 6736018
	Bitmap Heap Scan on sbtest7  (cost=5.51..420.88 rows=105 width=125)
	  Recheck Cond: ((k >= 6735918) AND (k <= 6736018))
	  ->  Bitmap Index Scan on k_7  (cost=0.00..5.48 rows=105 width=0)
	        Index Cond: ((k >= 6735918) AND (k <= 6736018))

table 8 : explain SELECT k, c FROM sbtest8 WHERE k BETWEEN 6735918 AND 6736018
	Bitmap Heap Scan on sbtest8  (cost=5.49..413.00 rows=103 width=125)
	  Recheck Cond: ((k >= 6735918) AND (k <= 6736018))
	  ->  Bitmap Index Scan on k_8  (cost=0.00..5.46 rows=103 width=0)
	        Index Cond: ((k >= 6735918) AND (k <= 6736018))
explain: for range-notcovered :: explain SELECT k, c FROM sbtest%d WHERE k BETWEEN 4071956 AND 4072056

explain: for range-notcovered :: explain SELECT k, c FROM sbtest%d WHERE k BETWEEN 1913925 AND 1914025
for range-notcovered
table 1 : explain SELECT k, c FROM sbtest1 WHERE k BETWEEN 6045959 AND 6046059
	Bitmap Heap Scan on sbtest1  (cost=5.46..401.19 rows=100 width=125)
	  Recheck Cond: ((k >= 6045959) AND (k <= 6046059))
	  ->  Bitmap Index Scan on k_1  (cost=0.00..5.43 rows=100 width=0)
	        Index Cond: ((k >= 6045959) AND (k <= 6046059))

table 2 : explain SELECT k, c FROM sbtest2 WHERE k BETWEEN 6045959 AND 6046059
	Bitmap Heap Scan on sbtest2  (cost=5.45..397.25 rows=99 width=125)
	  Recheck Cond: ((k >= 6045959) AND (k <= 6046059))
	  ->  Bitmap Index Scan on k_2  (cost=0.00..5.42 rows=99 width=0)
	        Index Cond: ((k >= 6045959) AND (k <= 6046059))

table 3 : explain SELECT k, c FROM sbtest3 WHERE k BETWEEN 6045959 AND 6046059
	Bitmap Heap Scan on sbtest3  (cost=5.52..424.81 rows=106 width=125)
	  Recheck Cond: ((k >= 6045959) AND (k <= 6046059))
	  ->  Bitmap Index Scan on k_3  (cost=0.00..5.50 rows=106 width=0)
	        Index Cond: ((k >= 6045959) AND (k <= 6046059))

table 4 : explain SELECT k, c FROM sbtest4 WHERE k BETWEEN 6045959 AND 6046059
	Bitmap Heap Scan on sbtest4  (cost=5.50..416.94 rows=104 width=125)
	  Recheck Cond: ((k >= 6045959) AND (k <= 6046059))
	  ->  Bitmap Index Scan on k_4  (cost=0.00..5.47 rows=104 width=0)
	        Index Cond: ((k >= 6045959) AND (k <= 6046059))

table 5 : explain SELECT k, c FROM sbtest5 WHERE k BETWEEN 6045959 AND 6046059
	Bitmap Heap Scan on sbtest5  (cost=5.48..409.07 rows=102 width=125)
	  Recheck Cond: ((k >= 6045959) AND (k <= 6046059))
	  ->  Bitmap Index Scan on k_5  (cost=0.00..5.45 rows=102 width=0)
	        Index Cond: ((k >= 6045959) AND (k <= 6046059))

table 6 : explain SELECT k, c FROM sbtest6 WHERE k BETWEEN 6045959 AND 6046059
	Bitmap Heap Scan on sbtest6  (cost=5.44..393.31 rows=98 width=125)
	  Recheck Cond: ((k >= 6045959) AND (k <= 6046059))
	  ->  Bitmap Index Scan on k_6  (cost=0.00..5.42 rows=98 width=0)
	        Index Cond: ((k >= 6045959) AND (k <= 6046059))

table 7 : explain SELECT k, c FROM sbtest7 WHERE k BETWEEN 6045959 AND 6046059
	Bitmap Heap Scan on sbtest7  (cost=5.54..432.69 rows=108 width=125)
	  Recheck Cond: ((k >= 6045959) AND (k <= 6046059))
	  ->  Bitmap Index Scan on k_7  (cost=0.00..5.51 rows=108 width=0)
	        Index Cond: ((k >= 6045959) AND (k <= 6046059))

table 8 : explain SELECT k, c FROM sbtest8 WHERE k BETWEEN 6045959 AND 6046059
	Bitmap Heap Scan on sbtest8  (cost=5.41..381.49 rows=95 width=125)
	  Recheck Cond: ((k >= 6045959) AND (k <= 6046059))
	  ->  Bitmap Index Scan on k_8  (cost=0.00..5.38 rows=95 width=0)
	        Index Cond: ((k >= 6045959) AND (k <= 6046059))

explain: for range-notcovered :: explain SELECT k, c FROM sbtest%d WHERE k BETWEEN 6045959 AND 6046059
explain: for range-notcovered :: explain SELECT k, c FROM sbtest%d WHERE k BETWEEN 6735918 AND 6736018
for range-notcovered
table 1 : explain SELECT k, c FROM sbtest1 WHERE k BETWEEN 7003523 AND 7003623
	Bitmap Heap Scan on sbtest1  (cost=5.51..420.88 rows=105 width=125)
	  Recheck Cond: ((k >= 7003523) AND (k <= 7003623))
	  ->  Bitmap Index Scan on k_1  (cost=0.00..5.48 rows=105 width=0)
	        Index Cond: ((k >= 7003523) AND (k <= 7003623))

table 2 : explain SELECT k, c FROM sbtest2 WHERE k BETWEEN 7003523 AND 7003623
	Bitmap Heap Scan on sbtest2  (cost=5.49..413.00 rows=103 width=125)
	  Recheck Cond: ((k >= 7003523) AND (k <= 7003623))
	  ->  Bitmap Index Scan on k_2  (cost=0.00..5.46 rows=103 width=0)
	        Index Cond: ((k >= 7003523) AND (k <= 7003623))

table 3 : explain SELECT k, c FROM sbtest3 WHERE k BETWEEN 7003523 AND 7003623
	Bitmap Heap Scan on sbtest3  (cost=5.49..413.00 rows=103 width=125)
	  Recheck Cond: ((k >= 7003523) AND (k <= 7003623))
	  ->  Bitmap Index Scan on k_3  (cost=0.00..5.46 rows=103 width=0)
	        Index Cond: ((k >= 7003523) AND (k <= 7003623))

table 4 : explain SELECT k, c FROM sbtest4 WHERE k BETWEEN 7003523 AND 7003623
	Bitmap Heap Scan on sbtest4  (cost=5.47..405.13 rows=101 width=125)
	  Recheck Cond: ((k >= 7003523) AND (k <= 7003623))
	  ->  Bitmap Index Scan on k_4  (cost=0.00..5.44 rows=101 width=0)
	        Index Cond: ((k >= 7003523) AND (k <= 7003623))

table 5 : explain SELECT k, c FROM sbtest5 WHERE k BETWEEN 7003523 AND 7003623
	Bitmap Heap Scan on sbtest5  (cost=5.45..397.25 rows=99 width=125)
	  Recheck Cond: ((k >= 7003523) AND (k <= 7003623))
	  ->  Bitmap Index Scan on k_5  (cost=0.00..5.42 rows=99 width=0)
	        Index Cond: ((k >= 7003523) AND (k <= 7003623))

table 6 : explain SELECT k, c FROM sbtest6 WHERE k BETWEEN 7003523 AND 7003623
	Bitmap Heap Scan on sbtest6  (cost=5.40..377.55 rows=94 width=125)
	  Recheck Cond: ((k >= 7003523) AND (k <= 7003623))
	  ->  Bitmap Index Scan on k_6  (cost=0.00..5.38 rows=94 width=0)
	        Index Cond: ((k >= 7003523) AND (k <= 7003623))

table 7 : explain SELECT k, c FROM sbtest7 WHERE k BETWEEN 7003523 AND 7003623
	Bitmap Heap Scan on sbtest7  (cost=5.48..409.07 rows=102 width=125)
	  Recheck Cond: ((k >= 7003523) AND (k <= 7003623))
	  ->  Bitmap Index Scan on k_7  (cost=0.00..5.45 rows=102 width=0)
	        Index Cond: ((k >= 7003523) AND (k <= 7003623))

table 8 : explain SELECT k, c FROM sbtest8 WHERE k BETWEEN 7003523 AND 7003623
	Bitmap Heap Scan on sbtest8  (cost=5.52..424.81 rows=106 width=125)
	  Recheck Cond: ((k >= 7003523) AND (k <= 7003623))
	  ->  Bitmap Index Scan on k_8  (cost=0.00..5.50 rows=106 width=0)
	        Index Cond: ((k >= 7003523) AND (k <= 7003623))

for range-notcovered
table 1 : explain SELECT k, c FROM sbtest1 WHERE k BETWEEN 6514324 AND 6514424
	Bitmap Heap Scan on sbtest1  (cost=5.45..397.25 rows=99 width=125)
	  Recheck Cond: ((k >= 6514324) AND (k <= 6514424))
	  ->  Bitmap Index Scan on k_1  (cost=0.00..5.42 rows=99 width=0)
	        Index Cond: ((k >= 6514324) AND (k <= 6514424))

table 2 : explain SELECT k, c FROM sbtest2 WHERE k BETWEEN 6514324 AND 6514424
	Bitmap Heap Scan on sbtest2  (cost=5.49..413.00 rows=103 width=125)
	  Recheck Cond: ((k >= 6514324) AND (k <= 6514424))
	  ->  Bitmap Index Scan on k_2  (cost=0.00..5.46 rows=103 width=0)
	        Index Cond: ((k >= 6514324) AND (k <= 6514424))

table 3 : explain SELECT k, c FROM sbtest3 WHERE k BETWEEN 6514324 AND 6514424
	Bitmap Heap Scan on sbtest3  (cost=5.54..432.69 rows=108 width=125)
	  Recheck Cond: ((k >= 6514324) AND (k <= 6514424))
	  ->  Bitmap Index Scan on k_3  (cost=0.00..5.51 rows=108 width=0)
	        Index Cond: ((k >= 6514324) AND (k <= 6514424))

table 4 : explain SELECT k, c FROM sbtest4 WHERE k BETWEEN 6514324 AND 6514424
	Bitmap Heap Scan on sbtest4  (cost=5.57..444.49 rows=111 width=125)
	  Recheck Cond: ((k >= 6514324) AND (k <= 6514424))
	  ->  Bitmap Index Scan on k_4  (cost=0.00..5.54 rows=111 width=0)
	        Index Cond: ((k >= 6514324) AND (k <= 6514424))

table 5 : explain SELECT k, c FROM sbtest5 WHERE k BETWEEN 6514324 AND 6514424
	Bitmap Heap Scan on sbtest5  (cost=5.46..401.19 rows=100 width=125)
	  Recheck Cond: ((k >= 6514324) AND (k <= 6514424))
	  ->  Bitmap Index Scan on k_5  (cost=0.00..5.43 rows=100 width=0)
	        Index Cond: ((k >= 6514324) AND (k <= 6514424))

table 6 : explain SELECT k, c FROM sbtest6 WHERE k BETWEEN 6514324 AND 6514424
	Bitmap Heap Scan on sbtest6  (cost=5.41..381.49 rows=95 width=125)
	  Recheck Cond: ((k >= 6514324) AND (k <= 6514424))
	  ->  Bitmap Index Scan on k_6  (cost=0.00..5.38 rows=95 width=0)
	        Index Cond: ((k >= 6514324) AND (k <= 6514424))

table 7 : explain SELECT k, c FROM sbtest7 WHERE k BETWEEN 6514324 AND 6514424
	Bitmap Heap Scan on sbtest7  (cost=5.49..413.00 rows=103 width=125)
	  Recheck Cond: ((k >= 6514324) AND (k <= 6514424))
	  ->  Bitmap Index Scan on k_7  (cost=0.00..5.46 rows=103 width=0)
	        Index Cond: ((k >= 6514324) AND (k <= 6514424))

table 8 : explain SELECT k, c FROM sbtest8 WHERE k BETWEEN 6514324 AND 6514424
	Bitmap Heap Scan on sbtest8  (cost=5.45..397.25 rows=99 width=125)
	  Recheck Cond: ((k >= 6514324) AND (k <= 6514424))
	  ->  Bitmap Index Scan on k_8  (cost=0.00..5.42 rows=99 width=0)
	        Index Cond: ((k >= 6514324) AND (k <= 6514424))

explain: for range-notcovered :: explain SELECT k, c FROM sbtest%d WHERE k BETWEEN 7003523 AND 7003623
for range-notcovered
table 1 : explain SELECT k, c FROM sbtest1 WHERE k BETWEEN 4484274 AND 4484374
	Bitmap Heap Scan on sbtest1  (cost=5.48..409.07 rows=102 width=125)
	  Recheck Cond: ((k >= 4484274) AND (k <= 4484374))
	  ->  Bitmap Index Scan on k_1  (cost=0.00..5.45 rows=102 width=0)
	        Index Cond: ((k >= 4484274) AND (k <= 4484374))

table 2 : explain SELECT k, c FROM sbtest2 WHERE k BETWEEN 4484274 AND 4484374
	Bitmap Heap Scan on sbtest2  (cost=5.44..393.31 rows=98 width=125)
	  Recheck Cond: ((k >= 4484274) AND (k <= 4484374))
	  ->  Bitmap Index Scan on k_2  (cost=0.00..5.42 rows=98 width=0)
	        Index Cond: ((k >= 4484274) AND (k <= 4484374))

table 3 : explain SELECT k, c FROM sbtest3 WHERE k BETWEEN 4484274 AND 4484374
	Bitmap Heap Scan on sbtest3  (cost=5.46..401.19 rows=100 width=125)
	  Recheck Cond: ((k >= 4484274) AND (k <= 4484374))
	  ->  Bitmap Index Scan on k_3  (cost=0.00..5.43 rows=100 width=0)
	        Index Cond: ((k >= 4484274) AND (k <= 4484374))

table 4 : explain SELECT k, c FROM sbtest4 WHERE k BETWEEN 4484274 AND 4484374
	Bitmap Heap Scan on sbtest4  (cost=5.43..389.37 rows=97 width=125)
	  Recheck Cond: ((k >= 4484274) AND (k <= 4484374))
	  ->  Bitmap Index Scan on k_4  (cost=0.00..5.40 rows=97 width=0)
	        Index Cond: ((k >= 4484274) AND (k <= 4484374))

table 5 : explain SELECT k, c FROM sbtest5 WHERE k BETWEEN 4484274 AND 4484374
	Bitmap Heap Scan on sbtest5  (cost=5.55..436.62 rows=109 width=125)
	  Recheck Cond: ((k >= 4484274) AND (k <= 4484374))
	  ->  Bitmap Index Scan on k_5  (cost=0.00..5.52 rows=109 width=0)
	        Index Cond: ((k >= 4484274) AND (k <= 4484374))

table 6 : explain SELECT k, c FROM sbtest6 WHERE k BETWEEN 4484274 AND 4484374
	Bitmap Heap Scan on sbtest6  (cost=5.46..401.19 rows=100 width=125)
	  Recheck Cond: ((k >= 4484274) AND (k <= 4484374))
	  ->  Bitmap Index Scan on k_6  (cost=0.00..5.43 rows=100 width=0)
	        Index Cond: ((k >= 4484274) AND (k <= 4484374))

table 7 : explain SELECT k, c FROM sbtest7 WHERE k BETWEEN 4484274 AND 4484374
	Bitmap Heap Scan on sbtest7  (cost=5.52..424.81 rows=106 width=125)
	  Recheck Cond: ((k >= 4484274) AND (k <= 4484374))
	  ->  Bitmap Index Scan on k_7  (cost=0.00..5.50 rows=106 width=0)
	        Index Cond: ((k >= 4484274) AND (k <= 4484374))

table 8 : explain SELECT k, c FROM sbtest8 WHERE k BETWEEN 4484274 AND 4484374
	Bitmap Heap Scan on sbtest8  (cost=5.55..436.62 rows=109 width=125)
	  Recheck Cond: ((k >= 4484274) AND (k <= 4484374))
	  ->  Bitmap Index Scan on k_8  (cost=0.00..5.52 rows=109 width=0)
	        Index Cond: ((k >= 4484274) AND (k <= 4484374))

for range-notcovered
table 1 : explain SELECT k, c FROM sbtest1 WHERE k BETWEEN 1913925 AND 1914025
	Bitmap Heap Scan on sbtest1  (cost=5.51..420.88 rows=105 width=125)
	  Recheck Cond: ((k >= 1913925) AND (k <= 1914025))
	  ->  Bitmap Index Scan on k_1  (cost=0.00..5.48 rows=105 width=0)
	        Index Cond: ((k >= 1913925) AND (k <= 1914025))

table 2 : explain SELECT k, c FROM sbtest2 WHERE k BETWEEN 1913925 AND 1914025
	Bitmap Heap Scan on sbtest2  (cost=5.39..373.61 rows=93 width=125)
	  Recheck Cond: ((k >= 1913925) AND (k <= 1914025))
	  ->  Bitmap Index Scan on k_2  (cost=0.00..5.36 rows=93 width=0)
	        Index Cond: ((k >= 1913925) AND (k <= 1914025))

table 3 : explain SELECT k, c FROM sbtest3 WHERE k BETWEEN 1913925 AND 1914025
	Bitmap Heap Scan on sbtest3  (cost=5.52..424.81 rows=106 width=125)
	  Recheck Cond: ((k >= 1913925) AND (k <= 1914025))
	  ->  Bitmap Index Scan on k_3  (cost=0.00..5.50 rows=106 width=0)
	        Index Cond: ((k >= 1913925) AND (k <= 1914025))

table 4 : explain SELECT k, c FROM sbtest4 WHERE k BETWEEN 1913925 AND 1914025
	Bitmap Heap Scan on sbtest4  (cost=5.52..424.81 rows=106 width=125)
	  Recheck Cond: ((k >= 1913925) AND (k <= 1914025))
	  ->  Bitmap Index Scan on k_4  (cost=0.00..5.50 rows=106 width=0)
	        Index Cond: ((k >= 1913925) AND (k <= 1914025))

table 5 : explain SELECT k, c FROM sbtest5 WHERE k BETWEEN 1913925 AND 1914025
	Bitmap Heap Scan on sbtest5  (cost=5.57..444.49 rows=111 width=125)
	  Recheck Cond: ((k >= 1913925) AND (k <= 1914025))
	  ->  Bitmap Index Scan on k_5  (cost=0.00..5.54 rows=111 width=0)
	        Index Cond: ((k >= 1913925) AND (k <= 1914025))

table 6 : explain SELECT k, c FROM sbtest6 WHERE k BETWEEN 1913925 AND 1914025
	Bitmap Heap Scan on sbtest6  (cost=5.46..401.19 rows=100 width=125)
	  Recheck Cond: ((k >= 1913925) AND (k <= 1914025))
	  ->  Bitmap Index Scan on k_6  (cost=0.00..5.43 rows=100 width=0)
	        Index Cond: ((k >= 1913925) AND (k <= 1914025))

table 7 : explain SELECT k, c FROM sbtest7 WHERE k BETWEEN 1913925 AND 1914025
	Bitmap Heap Scan on sbtest7  (cost=5.36..361.78 rows=90 width=125)
	  Recheck Cond: ((k >= 1913925) AND (k <= 1914025))
	  ->  Bitmap Index Scan on k_7  (cost=0.00..5.33 rows=90 width=0)
	        Index Cond: ((k >= 1913925) AND (k <= 1914025))

table 8 : explain SELECT k, c FROM sbtest8 WHERE k BETWEEN 1913925 AND 1914025
	Bitmap Heap Scan on sbtest8  (cost=5.52..424.81 rows=106 width=125)
	  Recheck Cond: ((k >= 1913925) AND (k <= 1914025))
	  ->  Bitmap Index Scan on k_8  (cost=0.00..5.50 rows=106 width=0)
	        Index Cond: ((k >= 1913925) AND (k <= 1914025))

for range-notcovered
table 1 : explain SELECT k, c FROM sbtest1 WHERE k BETWEEN 4071956 AND 4072056
	Bitmap Heap Scan on sbtest1  (cost=5.55..436.62 rows=109 width=125)
	  Recheck Cond: ((k >= 4071956) AND (k <= 4072056))
	  ->  Bitmap Index Scan on k_1  (cost=0.00..5.52 rows=109 width=0)
	        Index Cond: ((k >= 4071956) AND (k <= 4072056))

table 2 : explain SELECT k, c FROM sbtest2 WHERE k BETWEEN 4071956 AND 4072056
	Bitmap Heap Scan on sbtest2  (cost=5.58..448.42 rows=112 width=125)
	  Recheck Cond: ((k >= 4071956) AND (k <= 4072056))
	  ->  Bitmap Index Scan on k_2  (cost=0.00..5.55 rows=112 width=0)
	        Index Cond: ((k >= 4071956) AND (k <= 4072056))

table 3 : explain SELECT k, c FROM sbtest3 WHERE k BETWEEN 4071956 AND 4072056
	Bitmap Heap Scan on sbtest3  (cost=5.50..416.94 rows=104 width=125)
	  Recheck Cond: ((k >= 4071956) AND (k <= 4072056))
	  ->  Bitmap Index Scan on k_3  (cost=0.00..5.47 rows=104 width=0)
	        Index Cond: ((k >= 4071956) AND (k <= 4072056))

table 4 : explain SELECT k, c FROM sbtest4 WHERE k BETWEEN 4071956 AND 4072056
	Bitmap Heap Scan on sbtest4  (cost=5.57..444.49 rows=111 width=125)
	  Recheck Cond: ((k >= 4071956) AND (k <= 4072056))
	  ->  Bitmap Index Scan on k_4  (cost=0.00..5.54 rows=111 width=0)
	        Index Cond: ((k >= 4071956) AND (k <= 4072056))

table 5 : explain SELECT k, c FROM sbtest5 WHERE k BETWEEN 4071956 AND 4072056
	Bitmap Heap Scan on sbtest5  (cost=5.53..428.75 rows=107 width=125)
	  Recheck Cond: ((k >= 4071956) AND (k <= 4072056))
	  ->  Bitmap Index Scan on k_5  (cost=0.00..5.50 rows=107 width=0)
	        Index Cond: ((k >= 4071956) AND (k <= 4072056))

table 6 : explain SELECT k, c FROM sbtest6 WHERE k BETWEEN 4071956 AND 4072056
	Bitmap Heap Scan on sbtest6  (cost=5.47..405.13 rows=101 width=125)
	  Recheck Cond: ((k >= 4071956) AND (k <= 4072056))
	  ->  Bitmap Index Scan on k_6  (cost=0.00..5.44 rows=101 width=0)
	        Index Cond: ((k >= 4071956) AND (k <= 4072056))

table 7 : explain SELECT k, c FROM sbtest7 WHERE k BETWEEN 4071956 AND 4072056
	Bitmap Heap Scan on sbtest7  (cost=5.54..432.69 rows=108 width=125)
	  Recheck Cond: ((k >= 4071956) AND (k <= 4072056))
	  ->  Bitmap Index Scan on k_7  (cost=0.00..5.51 rows=108 width=0)
	        Index Cond: ((k >= 4071956) AND (k <= 4072056))

table 8 : explain SELECT k, c FROM sbtest8 WHERE k BETWEEN 4071956 AND 4072056
	Bitmap Heap Scan on sbtest8  (cost=5.55..436.62 rows=109 width=125)
	  Recheck Cond: ((k >= 4071956) AND (k <= 4072056))
	  ->  Bitmap Index Scan on k_8  (cost=0.00..5.52 rows=109 width=0)
	        Index Cond: ((k >= 4071956) AND (k <= 4072056))

explain: for range-notcovered :: explain SELECT k, c FROM sbtest%d WHERE k BETWEEN 4484274 AND 4484374
explain: for range-notcovered :: explain SELECT k, c FROM sbtest%d WHERE k BETWEEN 4071956 AND 4072056
for range-notcovered
table 1 : explain SELECT k, c FROM sbtest1 WHERE k BETWEEN 6045959 AND 6046059
	Bitmap Heap Scan on sbtest1  (cost=5.46..401.19 rows=100 width=125)
	  Recheck Cond: ((k >= 6045959) AND (k <= 6046059))
	  ->  Bitmap Index Scan on k_1  (cost=0.00..5.43 rows=100 width=0)
	        Index Cond: ((k >= 6045959) AND (k <= 6046059))

table 2 : explain SELECT k, c FROM sbtest2 WHERE k BETWEEN 6045959 AND 6046059
	Bitmap Heap Scan on sbtest2  (cost=5.45..397.25 rows=99 width=125)
	  Recheck Cond: ((k >= 6045959) AND (k <= 6046059))
	  ->  Bitmap Index Scan on k_2  (cost=0.00..5.42 rows=99 width=0)
	        Index Cond: ((k >= 6045959) AND (k <= 6046059))

table 3 : explain SELECT k, c FROM sbtest3 WHERE k BETWEEN 6045959 AND 6046059
	Bitmap Heap Scan on sbtest3  (cost=5.52..424.81 rows=106 width=125)
	  Recheck Cond: ((k >= 6045959) AND (k <= 6046059))
	  ->  Bitmap Index Scan on k_3  (cost=0.00..5.50 rows=106 width=0)
	        Index Cond: ((k >= 6045959) AND (k <= 6046059))

table 4 : explain SELECT k, c FROM sbtest4 WHERE k BETWEEN 6045959 AND 6046059
	Bitmap Heap Scan on sbtest4  (cost=5.50..416.94 rows=104 width=125)
	  Recheck Cond: ((k >= 6045959) AND (k <= 6046059))
	  ->  Bitmap Index Scan on k_4  (cost=0.00..5.47 rows=104 width=0)
	        Index Cond: ((k >= 6045959) AND (k <= 6046059))

table 5 : explain SELECT k, c FROM sbtest5 WHERE k BETWEEN 6045959 AND 6046059
	Bitmap Heap Scan on sbtest5  (cost=5.48..409.07 rows=102 width=125)
	  Recheck Cond: ((k >= 6045959) AND (k <= 6046059))
	  ->  Bitmap Index Scan on k_5  (cost=0.00..5.45 rows=102 width=0)
	        Index Cond: ((k >= 6045959) AND (k <= 6046059))

table 6 : explain SELECT k, c FROM sbtest6 WHERE k BETWEEN 6045959 AND 6046059
	Bitmap Heap Scan on sbtest6  (cost=5.44..393.31 rows=98 width=125)
	  Recheck Cond: ((k >= 6045959) AND (k <= 6046059))
	  ->  Bitmap Index Scan on k_6  (cost=0.00..5.42 rows=98 width=0)
	        Index Cond: ((k >= 6045959) AND (k <= 6046059))

table 7 : explain SELECT k, c FROM sbtest7 WHERE k BETWEEN 6045959 AND 6046059
	Bitmap Heap Scan on sbtest7  (cost=5.54..432.69 rows=108 width=125)
	  Recheck Cond: ((k >= 6045959) AND (k <= 6046059))
	  ->  Bitmap Index Scan on k_7  (cost=0.00..5.51 rows=108 width=0)
	        Index Cond: ((k >= 6045959) AND (k <= 6046059))

table 8 : explain SELECT k, c FROM sbtest8 WHERE k BETWEEN 6045959 AND 6046059
	Bitmap Heap Scan on sbtest8  (cost=5.41..381.49 rows=95 width=125)
	  Recheck Cond: ((k >= 6045959) AND (k <= 6046059))
	  ->  Bitmap Index Scan on k_8  (cost=0.00..5.38 rows=95 width=0)
	        Index Cond: ((k >= 6045959) AND (k <= 6046059))

for range-notcovered
table 1 : explain SELECT k, c FROM sbtest1 WHERE k BETWEEN 6735918 AND 6736018
	Bitmap Heap Scan on sbtest1  (cost=5.47..405.13 rows=101 width=125)
	  Recheck Cond: ((k >= 6735918) AND (k <= 6736018))
	  ->  Bitmap Index Scan on k_1  (cost=0.00..5.44 rows=101 width=0)
	        Index Cond: ((k >= 6735918) AND (k <= 6736018))

table 2 : explain SELECT k, c FROM sbtest2 WHERE k BETWEEN 6735918 AND 6736018
	Bitmap Heap Scan on sbtest2  (cost=5.47..405.13 rows=101 width=125)
	  Recheck Cond: ((k >= 6735918) AND (k <= 6736018))
	  ->  Bitmap Index Scan on k_2  (cost=0.00..5.44 rows=101 width=0)
	        Index Cond: ((k >= 6735918) AND (k <= 6736018))

table 3 : explain SELECT k, c FROM sbtest3 WHERE k BETWEEN 6735918 AND 6736018
	Bitmap Heap Scan on sbtest3  (cost=5.54..432.69 rows=108 width=125)
	  Recheck Cond: ((k >= 6735918) AND (k <= 6736018))
	  ->  Bitmap Index Scan on k_3  (cost=0.00..5.51 rows=108 width=0)
	        Index Cond: ((k >= 6735918) AND (k <= 6736018))

table 4 : explain SELECT k, c FROM sbtest4 WHERE k BETWEEN 6735918 AND 6736018
	Bitmap Heap Scan on sbtest4  (cost=5.48..409.07 rows=102 width=125)
	  Recheck Cond: ((k >= 6735918) AND (k <= 6736018))
	  ->  Bitmap Index Scan on k_4  (cost=0.00..5.45 rows=102 width=0)
	        Index Cond: ((k >= 6735918) AND (k <= 6736018))

table 5 : explain SELECT k, c FROM sbtest5 WHERE k BETWEEN 6735918 AND 6736018
	Bitmap Heap Scan on sbtest5  (cost=5.55..436.62 rows=109 width=125)
	  Recheck Cond: ((k >= 6735918) AND (k <= 6736018))
	  ->  Bitmap Index Scan on k_5  (cost=0.00..5.52 rows=109 width=0)
	        Index Cond: ((k >= 6735918) AND (k <= 6736018))

table 6 : explain SELECT k, c FROM sbtest6 WHERE k BETWEEN 6735918 AND 6736018
	Bitmap Heap Scan on sbtest6  (cost=5.44..393.31 rows=98 width=125)
	  Recheck Cond: ((k >= 6735918) AND (k <= 6736018))
	  ->  Bitmap Index Scan on k_6  (cost=0.00..5.42 rows=98 width=0)
	        Index Cond: ((k >= 6735918) AND (k <= 6736018))

table 7 : explain SELECT k, c FROM sbtest7 WHERE k BETWEEN 6735918 AND 6736018
	Bitmap Heap Scan on sbtest7  (cost=5.51..420.88 rows=105 width=125)
	  Recheck Cond: ((k >= 6735918) AND (k <= 6736018))
	  ->  Bitmap Index Scan on k_7  (cost=0.00..5.48 rows=105 width=0)
	        Index Cond: ((k >= 6735918) AND (k <= 6736018))

table 8 : explain SELECT k, c FROM sbtest8 WHERE k BETWEEN 6735918 AND 6736018
	Bitmap Heap Scan on sbtest8  (cost=5.49..413.00 rows=103 width=125)
	  Recheck Cond: ((k >= 6735918) AND (k <= 6736018))
	  ->  Bitmap Index Scan on k_8  (cost=0.00..5.46 rows=103 width=0)
	        Index Cond: ((k >= 6735918) AND (k <= 6736018))

for range-notcovered
table 1 : explain SELECT k, c FROM sbtest1 WHERE k BETWEEN 7003523 AND 7003623
	Bitmap Heap Scan on sbtest1  (cost=5.51..420.88 rows=105 width=125)
	  Recheck Cond: ((k >= 7003523) AND (k <= 7003623))
	  ->  Bitmap Index Scan on k_1  (cost=0.00..5.48 rows=105 width=0)
	        Index Cond: ((k >= 7003523) AND (k <= 7003623))

table 2 : explain SELECT k, c FROM sbtest2 WHERE k BETWEEN 7003523 AND 7003623
	Bitmap Heap Scan on sbtest2  (cost=5.49..413.00 rows=103 width=125)
	  Recheck Cond: ((k >= 7003523) AND (k <= 7003623))
	  ->  Bitmap Index Scan on k_2  (cost=0.00..5.46 rows=103 width=0)
	        Index Cond: ((k >= 7003523) AND (k <= 7003623))

table 3 : explain SELECT k, c FROM sbtest3 WHERE k BETWEEN 7003523 AND 7003623
	Bitmap Heap Scan on sbtest3  (cost=5.49..413.00 rows=103 width=125)
	  Recheck Cond: ((k >= 7003523) AND (k <= 7003623))
	  ->  Bitmap Index Scan on k_3  (cost=0.00..5.46 rows=103 width=0)
	        Index Cond: ((k >= 7003523) AND (k <= 7003623))

table 4 : explain SELECT k, c FROM sbtest4 WHERE k BETWEEN 7003523 AND 7003623
	Bitmap Heap Scan on sbtest4  (cost=5.47..405.13 rows=101 width=125)
	  Recheck Cond: ((k >= 7003523) AND (k <= 7003623))
	  ->  Bitmap Index Scan on k_4  (cost=0.00..5.44 rows=101 width=0)
	        Index Cond: ((k >= 7003523) AND (k <= 7003623))

table 5 : explain SELECT k, c FROM sbtest5 WHERE k BETWEEN 7003523 AND 7003623
	Bitmap Heap Scan on sbtest5  (cost=5.45..397.25 rows=99 width=125)
	  Recheck Cond: ((k >= 7003523) AND (k <= 7003623))
	  ->  Bitmap Index Scan on k_5  (cost=0.00..5.42 rows=99 width=0)
	        Index Cond: ((k >= 7003523) AND (k <= 7003623))

table 6 : explain SELECT k, c FROM sbtest6 WHERE k BETWEEN 7003523 AND 7003623
	Bitmap Heap Scan on sbtest6  (cost=5.40..377.55 rows=94 width=125)
	  Recheck Cond: ((k >= 7003523) AND (k <= 7003623))
	  ->  Bitmap Index Scan on k_6  (cost=0.00..5.38 rows=94 width=0)
	        Index Cond: ((k >= 7003523) AND (k <= 7003623))

table 7 : explain SELECT k, c FROM sbtest7 WHERE k BETWEEN 7003523 AND 7003623
	Bitmap Heap Scan on sbtest7  (cost=5.48..409.07 rows=102 width=125)
	  Recheck Cond: ((k >= 7003523) AND (k <= 7003623))
	  ->  Bitmap Index Scan on k_7  (cost=0.00..5.45 rows=102 width=0)
	        Index Cond: ((k >= 7003523) AND (k <= 7003623))

table 8 : explain SELECT k, c FROM sbtest8 WHERE k BETWEEN 7003523 AND 7003623
	Bitmap Heap Scan on sbtest8  (cost=5.52..424.81 rows=106 width=125)
	  Recheck Cond: ((k >= 7003523) AND (k <= 7003623))
	  ->  Bitmap Index Scan on k_8  (cost=0.00..5.50 rows=106 width=0)
	        Index Cond: ((k >= 7003523) AND (k <= 7003623))

for range-notcovered
table 1 : explain SELECT k, c FROM sbtest1 WHERE k BETWEEN 3779080 AND 3779180
	Bitmap Heap Scan on sbtest1  (cost=5.56..440.56 rows=110 width=125)
	  Recheck Cond: ((k >= 3779080) AND (k <= 3779180))
	  ->  Bitmap Index Scan on k_1  (cost=0.00..5.53 rows=110 width=0)
	        Index Cond: ((k >= 3779080) AND (k <= 3779180))

table 2 : explain SELECT k, c FROM sbtest2 WHERE k BETWEEN 3779080 AND 3779180
	Bitmap Heap Scan on sbtest2  (cost=5.53..428.75 rows=107 width=125)
	  Recheck Cond: ((k >= 3779080) AND (k <= 3779180))
	  ->  Bitmap Index Scan on k_2  (cost=0.00..5.50 rows=107 width=0)
	        Index Cond: ((k >= 3779080) AND (k <= 3779180))

table 3 : explain SELECT k, c FROM sbtest3 WHERE k BETWEEN 3779080 AND 3779180
	Bitmap Heap Scan on sbtest3  (cost=5.42..385.43 rows=96 width=125)
	  Recheck Cond: ((k >= 3779080) AND (k <= 3779180))
	  ->  Bitmap Index Scan on k_3  (cost=0.00..5.39 rows=96 width=0)
	        Index Cond: ((k >= 3779080) AND (k <= 3779180))

table 4 : explain SELECT k, c FROM sbtest4 WHERE k BETWEEN 3779080 AND 3779180
	Bitmap Heap Scan on sbtest4  (cost=5.43..389.37 rows=97 width=125)
	  Recheck Cond: ((k >= 3779080) AND (k <= 3779180))
	  ->  Bitmap Index Scan on k_4  (cost=0.00..5.40 rows=97 width=0)
	        Index Cond: ((k >= 3779080) AND (k <= 3779180))

table 5 : explain SELECT k, c FROM sbtest5 WHERE k BETWEEN 3779080 AND 3779180
	Bitmap Heap Scan on sbtest5  (cost=5.44..393.31 rows=98 width=125)
	  Recheck Cond: ((k >= 3779080) AND (k <= 3779180))
	  ->  Bitmap Index Scan on k_5  (cost=0.00..5.42 rows=98 width=0)
	        Index Cond: ((k >= 3779080) AND (k <= 3779180))

table 6 : explain SELECT k, c FROM sbtest6 WHERE k BETWEEN 3779080 AND 3779180
	Bitmap Heap Scan on sbtest6  (cost=5.41..381.49 rows=95 width=125)
	  Recheck Cond: ((k >= 3779080) AND (k <= 3779180))
	  ->  Bitmap Index Scan on k_6  (cost=0.00..5.38 rows=95 width=0)
	        Index Cond: ((k >= 3779080) AND (k <= 3779180))

table 7 : explain SELECT k, c FROM sbtest7 WHERE k BETWEEN 3779080 AND 3779180
	Bitmap Heap Scan on sbtest7  (cost=5.45..397.25 rows=99 width=125)
	  Recheck Cond: ((k >= 3779080) AND (k <= 3779180))
	  ->  Bitmap Index Scan on k_7  (cost=0.00..5.42 rows=99 width=0)
	        Index Cond: ((k >= 3779080) AND (k <= 3779180))

table 8 : explain SELECT k, c FROM sbtest8 WHERE k BETWEEN 3779080 AND 3779180
	Bitmap Heap Scan on sbtest8  (cost=5.54..432.69 rows=108 width=125)
	  Recheck Cond: ((k >= 3779080) AND (k <= 3779180))
	  ->  Bitmap Index Scan on k_8  (cost=0.00..5.51 rows=108 width=0)
	        Index Cond: ((k >= 3779080) AND (k <= 3779180))

explain: for range-notcovered :: explain SELECT k, c FROM sbtest%d WHERE k BETWEEN 6735918 AND 6736018
explain: for range-notcovered :: explain SELECT k, c FROM sbtest%d WHERE k BETWEEN 7003523 AND 7003623
explain: for range-notcovered :: explain SELECT k, c FROM sbtest%d WHERE k BETWEEN 3779080 AND 3779180
for range-notcovered
table 1 : explain SELECT k, c FROM sbtest1 WHERE k BETWEEN 4484274 AND 4484374
	Bitmap Heap Scan on sbtest1  (cost=5.48..409.07 rows=102 width=125)
	  Recheck Cond: ((k >= 4484274) AND (k <= 4484374))
	  ->  Bitmap Index Scan on k_1  (cost=0.00..5.45 rows=102 width=0)
	        Index Cond: ((k >= 4484274) AND (k <= 4484374))

table 2 : explain SELECT k, c FROM sbtest2 WHERE k BETWEEN 4484274 AND 4484374
	Bitmap Heap Scan on sbtest2  (cost=5.44..393.31 rows=98 width=125)
	  Recheck Cond: ((k >= 4484274) AND (k <= 4484374))
	  ->  Bitmap Index Scan on k_2  (cost=0.00..5.42 rows=98 width=0)
	        Index Cond: ((k >= 4484274) AND (k <= 4484374))

table 3 : explain SELECT k, c FROM sbtest3 WHERE k BETWEEN 4484274 AND 4484374
	Bitmap Heap Scan on sbtest3  (cost=5.46..401.19 rows=100 width=125)
	  Recheck Cond: ((k >= 4484274) AND (k <= 4484374))
	  ->  Bitmap Index Scan on k_3  (cost=0.00..5.43 rows=100 width=0)
	        Index Cond: ((k >= 4484274) AND (k <= 4484374))

table 4 : explain SELECT k, c FROM sbtest4 WHERE k BETWEEN 4484274 AND 4484374
	Bitmap Heap Scan on sbtest4  (cost=5.43..389.37 rows=97 width=125)
	  Recheck Cond: ((k >= 4484274) AND (k <= 4484374))
	  ->  Bitmap Index Scan on k_4  (cost=0.00..5.40 rows=97 width=0)
	        Index Cond: ((k >= 4484274) AND (k <= 4484374))

table 5 : explain SELECT k, c FROM sbtest5 WHERE k BETWEEN 4484274 AND 4484374
	Bitmap Heap Scan on sbtest5  (cost=5.55..436.62 rows=109 width=125)
	  Recheck Cond: ((k >= 4484274) AND (k <= 4484374))
	  ->  Bitmap Index Scan on k_5  (cost=0.00..5.52 rows=109 width=0)
	        Index Cond: ((k >= 4484274) AND (k <= 4484374))

table 6 : explain SELECT k, c FROM sbtest6 WHERE k BETWEEN 4484274 AND 4484374
	Bitmap Heap Scan on sbtest6  (cost=5.46..401.19 rows=100 width=125)
	  Recheck Cond: ((k >= 4484274) AND (k <= 4484374))
	  ->  Bitmap Index Scan on k_6  (cost=0.00..5.43 rows=100 width=0)
	        Index Cond: ((k >= 4484274) AND (k <= 4484374))

table 7 : explain SELECT k, c FROM sbtest7 WHERE k BETWEEN 4484274 AND 4484374
	Bitmap Heap Scan on sbtest7  (cost=5.52..424.81 rows=106 width=125)
	  Recheck Cond: ((k >= 4484274) AND (k <= 4484374))
	  ->  Bitmap Index Scan on k_7  (cost=0.00..5.50 rows=106 width=0)
	        Index Cond: ((k >= 4484274) AND (k <= 4484374))

table 8 : explain SELECT k, c FROM sbtest8 WHERE k BETWEEN 4484274 AND 4484374
	Bitmap Heap Scan on sbtest8  (cost=5.55..436.62 rows=109 width=125)
	  Recheck Cond: ((k >= 4484274) AND (k <= 4484374))
	  ->  Bitmap Index Scan on k_8  (cost=0.00..5.52 rows=109 width=0)
	        Index Cond: ((k >= 4484274) AND (k <= 4484374))

explain: for range-notcovered :: explain SELECT k, c FROM sbtest%d WHERE k BETWEEN 4484274 AND 4484374
explain: for range-notcovered :: explain SELECT k, c FROM sbtest%d WHERE k BETWEEN 953145 AND 953245
for range-notcovered
table 1 : explain SELECT k, c FROM sbtest1 WHERE k BETWEEN 6735918 AND 6736018
	Bitmap Heap Scan on sbtest1  (cost=5.47..405.13 rows=101 width=125)
	  Recheck Cond: ((k >= 6735918) AND (k <= 6736018))
	  ->  Bitmap Index Scan on k_1  (cost=0.00..5.44 rows=101 width=0)
	        Index Cond: ((k >= 6735918) AND (k <= 6736018))

table 2 : explain SELECT k, c FROM sbtest2 WHERE k BETWEEN 6735918 AND 6736018
	Bitmap Heap Scan on sbtest2  (cost=5.47..405.13 rows=101 width=125)
	  Recheck Cond: ((k >= 6735918) AND (k <= 6736018))
	  ->  Bitmap Index Scan on k_2  (cost=0.00..5.44 rows=101 width=0)
	        Index Cond: ((k >= 6735918) AND (k <= 6736018))

table 3 : explain SELECT k, c FROM sbtest3 WHERE k BETWEEN 6735918 AND 6736018
	Bitmap Heap Scan on sbtest3  (cost=5.54..432.69 rows=108 width=125)
	  Recheck Cond: ((k >= 6735918) AND (k <= 6736018))
	  ->  Bitmap Index Scan on k_3  (cost=0.00..5.51 rows=108 width=0)
	        Index Cond: ((k >= 6735918) AND (k <= 6736018))

table 4 : explain SELECT k, c FROM sbtest4 WHERE k BETWEEN 6735918 AND 6736018
	Bitmap Heap Scan on sbtest4  (cost=5.48..409.07 rows=102 width=125)
	  Recheck Cond: ((k >= 6735918) AND (k <= 6736018))
	  ->  Bitmap Index Scan on k_4  (cost=0.00..5.45 rows=102 width=0)
	        Index Cond: ((k >= 6735918) AND (k <= 6736018))

table 5 : explain SELECT k, c FROM sbtest5 WHERE k BETWEEN 6735918 AND 6736018
	Bitmap Heap Scan on sbtest5  (cost=5.55..436.62 rows=109 width=125)
	  Recheck Cond: ((k >= 6735918) AND (k <= 6736018))
	  ->  Bitmap Index Scan on k_5  (cost=0.00..5.52 rows=109 width=0)
	        Index Cond: ((k >= 6735918) AND (k <= 6736018))

table 6 : explain SELECT k, c FROM sbtest6 WHERE k BETWEEN 6735918 AND 6736018
	Bitmap Heap Scan on sbtest6  (cost=5.44..393.31 rows=98 width=125)
	  Recheck Cond: ((k >= 6735918) AND (k <= 6736018))
	  ->  Bitmap Index Scan on k_6  (cost=0.00..5.42 rows=98 width=0)
	        Index Cond: ((k >= 6735918) AND (k <= 6736018))

table 7 : explain SELECT k, c FROM sbtest7 WHERE k BETWEEN 6735918 AND 6736018
	Bitmap Heap Scan on sbtest7  (cost=5.51..420.88 rows=105 width=125)
	  Recheck Cond: ((k >= 6735918) AND (k <= 6736018))
	  ->  Bitmap Index Scan on k_7  (cost=0.00..5.48 rows=105 width=0)
	        Index Cond: ((k >= 6735918) AND (k <= 6736018))

table 8 : explain SELECT k, c FROM sbtest8 WHERE k BETWEEN 6735918 AND 6736018
	Bitmap Heap Scan on sbtest8  (cost=5.49..413.00 rows=103 width=125)
	  Recheck Cond: ((k >= 6735918) AND (k <= 6736018))
	  ->  Bitmap Index Scan on k_8  (cost=0.00..5.46 rows=103 width=0)
	        Index Cond: ((k >= 6735918) AND (k <= 6736018))

for range-notcovered
table 1 : explain SELECT k, c FROM sbtest1 WHERE k BETWEEN 7003523 AND 7003623
	Bitmap Heap Scan on sbtest1  (cost=5.51..420.88 rows=105 width=125)
	  Recheck Cond: ((k >= 7003523) AND (k <= 7003623))
	  ->  Bitmap Index Scan on k_1  (cost=0.00..5.48 rows=105 width=0)
	        Index Cond: ((k >= 7003523) AND (k <= 7003623))

table 2 : explain SELECT k, c FROM sbtest2 WHERE k BETWEEN 7003523 AND 7003623
	Bitmap Heap Scan on sbtest2  (cost=5.49..413.00 rows=103 width=125)
	  Recheck Cond: ((k >= 7003523) AND (k <= 7003623))
	  ->  Bitmap Index Scan on k_2  (cost=0.00..5.46 rows=103 width=0)
	        Index Cond: ((k >= 7003523) AND (k <= 7003623))

table 3 : explain SELECT k, c FROM sbtest3 WHERE k BETWEEN 7003523 AND 7003623
	Bitmap Heap Scan on sbtest3  (cost=5.49..413.00 rows=103 width=125)
	  Recheck Cond: ((k >= 7003523) AND (k <= 7003623))
	  ->  Bitmap Index Scan on k_3  (cost=0.00..5.46 rows=103 width=0)
	        Index Cond: ((k >= 7003523) AND (k <= 7003623))

table 4 : explain SELECT k, c FROM sbtest4 WHERE k BETWEEN 7003523 AND 7003623
	Bitmap Heap Scan on sbtest4  (cost=5.47..405.13 rows=101 width=125)
	  Recheck Cond: ((k >= 7003523) AND (k <= 7003623))
	  ->  Bitmap Index Scan on k_4  (cost=0.00..5.44 rows=101 width=0)
	        Index Cond: ((k >= 7003523) AND (k <= 7003623))

table 5 : explain SELECT k, c FROM sbtest5 WHERE k BETWEEN 7003523 AND 7003623
	Bitmap Heap Scan on sbtest5  (cost=5.45..397.25 rows=99 width=125)
	  Recheck Cond: ((k >= 7003523) AND (k <= 7003623))
	  ->  Bitmap Index Scan on k_5  (cost=0.00..5.42 rows=99 width=0)
	        Index Cond: ((k >= 7003523) AND (k <= 7003623))

table 6 : explain SELECT k, c FROM sbtest6 WHERE k BETWEEN 7003523 AND 7003623
	Bitmap Heap Scan on sbtest6  (cost=5.40..377.55 rows=94 width=125)
	  Recheck Cond: ((k >= 7003523) AND (k <= 7003623))
	  ->  Bitmap Index Scan on k_6  (cost=0.00..5.38 rows=94 width=0)
	        Index Cond: ((k >= 7003523) AND (k <= 7003623))

table 7 : explain SELECT k, c FROM sbtest7 WHERE k BETWEEN 7003523 AND 7003623
	Bitmap Heap Scan on sbtest7  (cost=5.48..409.07 rows=102 width=125)
	  Recheck Cond: ((k >= 7003523) AND (k <= 7003623))
	  ->  Bitmap Index Scan on k_7  (cost=0.00..5.45 rows=102 width=0)
	        Index Cond: ((k >= 7003523) AND (k <= 7003623))

table 8 : explain SELECT k, c FROM sbtest8 WHERE k BETWEEN 7003523 AND 7003623
	Bitmap Heap Scan on sbtest8  (cost=5.52..424.81 rows=106 width=125)
	  Recheck Cond: ((k >= 7003523) AND (k <= 7003623))
	  ->  Bitmap Index Scan on k_8  (cost=0.00..5.50 rows=106 width=0)
	        Index Cond: ((k >= 7003523) AND (k <= 7003623))

explain: for range-notcovered :: explain SELECT k, c FROM sbtest%d WHERE k BETWEEN 6735918 AND 6736018
for range-notcovered
table 1 : explain SELECT k, c FROM sbtest1 WHERE k BETWEEN 3779080 AND 3779180
	Bitmap Heap Scan on sbtest1  (cost=5.56..440.56 rows=110 width=125)
	  Recheck Cond: ((k >= 3779080) AND (k <= 3779180))
	  ->  Bitmap Index Scan on k_1  (cost=0.00..5.53 rows=110 width=0)
	        Index Cond: ((k >= 3779080) AND (k <= 3779180))

table 2 : explain SELECT k, c FROM sbtest2 WHERE k BETWEEN 3779080 AND 3779180
	Bitmap Heap Scan on sbtest2  (cost=5.53..428.75 rows=107 width=125)
	  Recheck Cond: ((k >= 3779080) AND (k <= 3779180))
	  ->  Bitmap Index Scan on k_2  (cost=0.00..5.50 rows=107 width=0)
	        Index Cond: ((k >= 3779080) AND (k <= 3779180))

table 3 : explain SELECT k, c FROM sbtest3 WHERE k BETWEEN 3779080 AND 3779180
	Bitmap Heap Scan on sbtest3  (cost=5.42..385.43 rows=96 width=125)
	  Recheck Cond: ((k >= 3779080) AND (k <= 3779180))
	  ->  Bitmap Index Scan on k_3  (cost=0.00..5.39 rows=96 width=0)
	        Index Cond: ((k >= 3779080) AND (k <= 3779180))

table 4 : explain SELECT k, c FROM sbtest4 WHERE k BETWEEN 3779080 AND 3779180
	Bitmap Heap Scan on sbtest4  (cost=5.43..389.37 rows=97 width=125)
	  Recheck Cond: ((k >= 3779080) AND (k <= 3779180))
	  ->  Bitmap Index Scan on k_4  (cost=0.00..5.40 rows=97 width=0)
	        Index Cond: ((k >= 3779080) AND (k <= 3779180))

table 5 : explain SELECT k, c FROM sbtest5 WHERE k BETWEEN 3779080 AND 3779180
	Bitmap Heap Scan on sbtest5  (cost=5.44..393.31 rows=98 width=125)
	  Recheck Cond: ((k >= 3779080) AND (k <= 3779180))
	  ->  Bitmap Index Scan on k_5  (cost=0.00..5.42 rows=98 width=0)
	        Index Cond: ((k >= 3779080) AND (k <= 3779180))

table 6 : explain SELECT k, c FROM sbtest6 WHERE k BETWEEN 3779080 AND 3779180
	Bitmap Heap Scan on sbtest6  (cost=5.41..381.49 rows=95 width=125)
	  Recheck Cond: ((k >= 3779080) AND (k <= 3779180))
	  ->  Bitmap Index Scan on k_6  (cost=0.00..5.38 rows=95 width=0)
	        Index Cond: ((k >= 3779080) AND (k <= 3779180))

table 7 : explain SELECT k, c FROM sbtest7 WHERE k BETWEEN 3779080 AND 3779180
	Bitmap Heap Scan on sbtest7  (cost=5.45..397.25 rows=99 width=125)
	  Recheck Cond: ((k >= 3779080) AND (k <= 3779180))
	  ->  Bitmap Index Scan on k_7  (cost=0.00..5.42 rows=99 width=0)
	        Index Cond: ((k >= 3779080) AND (k <= 3779180))

table 8 : explain SELECT k, c FROM sbtest8 WHERE k BETWEEN 3779080 AND 3779180
	Bitmap Heap Scan on sbtest8  (cost=5.54..432.69 rows=108 width=125)
	  Recheck Cond: ((k >= 3779080) AND (k <= 3779180))
	  ->  Bitmap Index Scan on k_8  (cost=0.00..5.51 rows=108 width=0)
	        Index Cond: ((k >= 3779080) AND (k <= 3779180))

explain: for range-notcovered :: explain SELECT k, c FROM sbtest%d WHERE k BETWEEN 7003523 AND 7003623
for range-notcovered
table 1 : explain SELECT k, c FROM sbtest1 WHERE k BETWEEN 4484274 AND 4484374
	Bitmap Heap Scan on sbtest1  (cost=5.48..409.07 rows=102 width=125)
	  Recheck Cond: ((k >= 4484274) AND (k <= 4484374))
	  ->  Bitmap Index Scan on k_1  (cost=0.00..5.45 rows=102 width=0)
	        Index Cond: ((k >= 4484274) AND (k <= 4484374))

table 2 : explain SELECT k, c FROM sbtest2 WHERE k BETWEEN 4484274 AND 4484374
	Bitmap Heap Scan on sbtest2  (cost=5.44..393.31 rows=98 width=125)
	  Recheck Cond: ((k >= 4484274) AND (k <= 4484374))
	  ->  Bitmap Index Scan on k_2  (cost=0.00..5.42 rows=98 width=0)
	        Index Cond: ((k >= 4484274) AND (k <= 4484374))

table 3 : explain SELECT k, c FROM sbtest3 WHERE k BETWEEN 4484274 AND 4484374
	Bitmap Heap Scan on sbtest3  (cost=5.46..401.19 rows=100 width=125)
	  Recheck Cond: ((k >= 4484274) AND (k <= 4484374))
	  ->  Bitmap Index Scan on k_3  (cost=0.00..5.43 rows=100 width=0)
	        Index Cond: ((k >= 4484274) AND (k <= 4484374))

table 4 : explain SELECT k, c FROM sbtest4 WHERE k BETWEEN 4484274 AND 4484374
	Bitmap Heap Scan on sbtest4  (cost=5.43..389.37 rows=97 width=125)
	  Recheck Cond: ((k >= 4484274) AND (k <= 4484374))
	  ->  Bitmap Index Scan on k_4  (cost=0.00..5.40 rows=97 width=0)
	        Index Cond: ((k >= 4484274) AND (k <= 4484374))

table 5 : explain SELECT k, c FROM sbtest5 WHERE k BETWEEN 4484274 AND 4484374
	Bitmap Heap Scan on sbtest5  (cost=5.55..436.62 rows=109 width=125)
	  Recheck Cond: ((k >= 4484274) AND (k <= 4484374))
	  ->  Bitmap Index Scan on k_5  (cost=0.00..5.52 rows=109 width=0)
	        Index Cond: ((k >= 4484274) AND (k <= 4484374))

table 6 : explain SELECT k, c FROM sbtest6 WHERE k BETWEEN 4484274 AND 4484374
	Bitmap Heap Scan on sbtest6  (cost=5.46..401.19 rows=100 width=125)
	  Recheck Cond: ((k >= 4484274) AND (k <= 4484374))
	  ->  Bitmap Index Scan on k_6  (cost=0.00..5.43 rows=100 width=0)
	        Index Cond: ((k >= 4484274) AND (k <= 4484374))

table 7 : explain SELECT k, c FROM sbtest7 WHERE k BETWEEN 4484274 AND 4484374
	Bitmap Heap Scan on sbtest7  (cost=5.52..424.81 rows=106 width=125)
	  Recheck Cond: ((k >= 4484274) AND (k <= 4484374))
	  ->  Bitmap Index Scan on k_7  (cost=0.00..5.50 rows=106 width=0)
	        Index Cond: ((k >= 4484274) AND (k <= 4484374))

table 8 : explain SELECT k, c FROM sbtest8 WHERE k BETWEEN 4484274 AND 4484374
	Bitmap Heap Scan on sbtest8  (cost=5.55..436.62 rows=109 width=125)
	  Recheck Cond: ((k >= 4484274) AND (k <= 4484374))
	  ->  Bitmap Index Scan on k_8  (cost=0.00..5.52 rows=109 width=0)
	        Index Cond: ((k >= 4484274) AND (k <= 4484374))

for range-notcovered
table 1 : explain SELECT k, c FROM sbtest1 WHERE k BETWEEN 4071956 AND 4072056
	Bitmap Heap Scan on sbtest1  (cost=5.55..436.62 rows=109 width=125)
	  Recheck Cond: ((k >= 4071956) AND (k <= 4072056))
	  ->  Bitmap Index Scan on k_1  (cost=0.00..5.52 rows=109 width=0)
	        Index Cond: ((k >= 4071956) AND (k <= 4072056))

table 2 : explain SELECT k, c FROM sbtest2 WHERE k BETWEEN 4071956 AND 4072056
	Bitmap Heap Scan on sbtest2  (cost=5.58..448.42 rows=112 width=125)
	  Recheck Cond: ((k >= 4071956) AND (k <= 4072056))
	  ->  Bitmap Index Scan on k_2  (cost=0.00..5.55 rows=112 width=0)
	        Index Cond: ((k >= 4071956) AND (k <= 4072056))

table 3 : explain SELECT k, c FROM sbtest3 WHERE k BETWEEN 4071956 AND 4072056
	Bitmap Heap Scan on sbtest3  (cost=5.50..416.94 rows=104 width=125)
	  Recheck Cond: ((k >= 4071956) AND (k <= 4072056))
	  ->  Bitmap Index Scan on k_3  (cost=0.00..5.47 rows=104 width=0)
	        Index Cond: ((k >= 4071956) AND (k <= 4072056))

table 4 : explain SELECT k, c FROM sbtest4 WHERE k BETWEEN 4071956 AND 4072056
	Bitmap Heap Scan on sbtest4  (cost=5.57..444.49 rows=111 width=125)
	  Recheck Cond: ((k >= 4071956) AND (k <= 4072056))
	  ->  Bitmap Index Scan on k_4  (cost=0.00..5.54 rows=111 width=0)
	        Index Cond: ((k >= 4071956) AND (k <= 4072056))

table 5 : explain SELECT k, c FROM sbtest5 WHERE k BETWEEN 4071956 AND 4072056
	Bitmap Heap Scan on sbtest5  (cost=5.53..428.75 rows=107 width=125)
	  Recheck Cond: ((k >= 4071956) AND (k <= 4072056))
	  ->  Bitmap Index Scan on k_5  (cost=0.00..5.50 rows=107 width=0)
	        Index Cond: ((k >= 4071956) AND (k <= 4072056))

table 6 : explain SELECT k, c FROM sbtest6 WHERE k BETWEEN 4071956 AND 4072056
	Bitmap Heap Scan on sbtest6  (cost=5.47..405.13 rows=101 width=125)
	  Recheck Cond: ((k >= 4071956) AND (k <= 4072056))
	  ->  Bitmap Index Scan on k_6  (cost=0.00..5.44 rows=101 width=0)
	        Index Cond: ((k >= 4071956) AND (k <= 4072056))

table 7 : explain SELECT k, c FROM sbtest7 WHERE k BETWEEN 4071956 AND 4072056
	Bitmap Heap Scan on sbtest7  (cost=5.54..432.69 rows=108 width=125)
	  Recheck Cond: ((k >= 4071956) AND (k <= 4072056))
	  ->  Bitmap Index Scan on k_7  (cost=0.00..5.51 rows=108 width=0)
	        Index Cond: ((k >= 4071956) AND (k <= 4072056))

table 8 : explain SELECT k, c FROM sbtest8 WHERE k BETWEEN 4071956 AND 4072056
	Bitmap Heap Scan on sbtest8  (cost=5.55..436.62 rows=109 width=125)
	  Recheck Cond: ((k >= 4071956) AND (k <= 4072056))
	  ->  Bitmap Index Scan on k_8  (cost=0.00..5.52 rows=109 width=0)
	        Index Cond: ((k >= 4071956) AND (k <= 4072056))

explain: for range-notcovered :: explain SELECT k, c FROM sbtest%d WHERE k BETWEEN 3779080 AND 3779180
explain: for range-notcovered :: explain SELECT k, c FROM sbtest%d WHERE k BETWEEN 4071956 AND 4072056
for range-notcovered
table 1 : explain SELECT k, c FROM sbtest1 WHERE k BETWEEN 6735918 AND 6736018
	Bitmap Heap Scan on sbtest1  (cost=5.47..405.13 rows=101 width=125)
	  Recheck Cond: ((k >= 6735918) AND (k <= 6736018))
	  ->  Bitmap Index Scan on k_1  (cost=0.00..5.44 rows=101 width=0)
	        Index Cond: ((k >= 6735918) AND (k <= 6736018))

table 2 : explain SELECT k, c FROM sbtest2 WHERE k BETWEEN 6735918 AND 6736018
	Bitmap Heap Scan on sbtest2  (cost=5.47..405.13 rows=101 width=125)
	  Recheck Cond: ((k >= 6735918) AND (k <= 6736018))
	  ->  Bitmap Index Scan on k_2  (cost=0.00..5.44 rows=101 width=0)
	        Index Cond: ((k >= 6735918) AND (k <= 6736018))

table 3 : explain SELECT k, c FROM sbtest3 WHERE k BETWEEN 6735918 AND 6736018
	Bitmap Heap Scan on sbtest3  (cost=5.54..432.69 rows=108 width=125)
	  Recheck Cond: ((k >= 6735918) AND (k <= 6736018))
	  ->  Bitmap Index Scan on k_3  (cost=0.00..5.51 rows=108 width=0)
	        Index Cond: ((k >= 6735918) AND (k <= 6736018))

table 4 : explain SELECT k, c FROM sbtest4 WHERE k BETWEEN 6735918 AND 6736018
	Bitmap Heap Scan on sbtest4  (cost=5.48..409.07 rows=102 width=125)
	  Recheck Cond: ((k >= 6735918) AND (k <= 6736018))
	  ->  Bitmap Index Scan on k_4  (cost=0.00..5.45 rows=102 width=0)
	        Index Cond: ((k >= 6735918) AND (k <= 6736018))

table 5 : explain SELECT k, c FROM sbtest5 WHERE k BETWEEN 6735918 AND 6736018
	Bitmap Heap Scan on sbtest5  (cost=5.55..436.62 rows=109 width=125)
	  Recheck Cond: ((k >= 6735918) AND (k <= 6736018))
	  ->  Bitmap Index Scan on k_5  (cost=0.00..5.52 rows=109 width=0)
	        Index Cond: ((k >= 6735918) AND (k <= 6736018))

table 6 : explain SELECT k, c FROM sbtest6 WHERE k BETWEEN 6735918 AND 6736018
	Bitmap Heap Scan on sbtest6  (cost=5.44..393.31 rows=98 width=125)
	  Recheck Cond: ((k >= 6735918) AND (k <= 6736018))
	  ->  Bitmap Index Scan on k_6  (cost=0.00..5.42 rows=98 width=0)
	        Index Cond: ((k >= 6735918) AND (k <= 6736018))

table 7 : explain SELECT k, c FROM sbtest7 WHERE k BETWEEN 6735918 AND 6736018
	Bitmap Heap Scan on sbtest7  (cost=5.51..420.88 rows=105 width=125)
	  Recheck Cond: ((k >= 6735918) AND (k <= 6736018))
	  ->  Bitmap Index Scan on k_7  (cost=0.00..5.48 rows=105 width=0)
	        Index Cond: ((k >= 6735918) AND (k <= 6736018))

table 8 : explain SELECT k, c FROM sbtest8 WHERE k BETWEEN 6735918 AND 6736018
	Bitmap Heap Scan on sbtest8  (cost=5.49..413.00 rows=103 width=125)
	  Recheck Cond: ((k >= 6735918) AND (k <= 6736018))
	  ->  Bitmap Index Scan on k_8  (cost=0.00..5.46 rows=103 width=0)
	        Index Cond: ((k >= 6735918) AND (k <= 6736018))

for range-notcovered
table 1 : explain SELECT k, c FROM sbtest1 WHERE k BETWEEN 7003523 AND 7003623
	Bitmap Heap Scan on sbtest1  (cost=5.51..420.88 rows=105 width=125)
	  Recheck Cond: ((k >= 7003523) AND (k <= 7003623))
	  ->  Bitmap Index Scan on k_1  (cost=0.00..5.48 rows=105 width=0)
	        Index Cond: ((k >= 7003523) AND (k <= 7003623))

table 2 : explain SELECT k, c FROM sbtest2 WHERE k BETWEEN 7003523 AND 7003623
	Bitmap Heap Scan on sbtest2  (cost=5.49..413.00 rows=103 width=125)
	  Recheck Cond: ((k >= 7003523) AND (k <= 7003623))
	  ->  Bitmap Index Scan on k_2  (cost=0.00..5.46 rows=103 width=0)
	        Index Cond: ((k >= 7003523) AND (k <= 7003623))

table 3 : explain SELECT k, c FROM sbtest3 WHERE k BETWEEN 7003523 AND 7003623
	Bitmap Heap Scan on sbtest3  (cost=5.49..413.00 rows=103 width=125)
	  Recheck Cond: ((k >= 7003523) AND (k <= 7003623))
	  ->  Bitmap Index Scan on k_3  (cost=0.00..5.46 rows=103 width=0)
	        Index Cond: ((k >= 7003523) AND (k <= 7003623))

table 4 : explain SELECT k, c FROM sbtest4 WHERE k BETWEEN 7003523 AND 7003623
	Bitmap Heap Scan on sbtest4  (cost=5.47..405.13 rows=101 width=125)
	  Recheck Cond: ((k >= 7003523) AND (k <= 7003623))
	  ->  Bitmap Index Scan on k_4  (cost=0.00..5.44 rows=101 width=0)
	        Index Cond: ((k >= 7003523) AND (k <= 7003623))

table 5 : explain SELECT k, c FROM sbtest5 WHERE k BETWEEN 7003523 AND 7003623
	Bitmap Heap Scan on sbtest5  (cost=5.45..397.25 rows=99 width=125)
	  Recheck Cond: ((k >= 7003523) AND (k <= 7003623))
	  ->  Bitmap Index Scan on k_5  (cost=0.00..5.42 rows=99 width=0)
	        Index Cond: ((k >= 7003523) AND (k <= 7003623))

table 6 : explain SELECT k, c FROM sbtest6 WHERE k BETWEEN 7003523 AND 7003623
	Bitmap Heap Scan on sbtest6  (cost=5.40..377.55 rows=94 width=125)
	  Recheck Cond: ((k >= 7003523) AND (k <= 7003623))
	  ->  Bitmap Index Scan on k_6  (cost=0.00..5.38 rows=94 width=0)
	        Index Cond: ((k >= 7003523) AND (k <= 7003623))

table 7 : explain SELECT k, c FROM sbtest7 WHERE k BETWEEN 7003523 AND 7003623
	Bitmap Heap Scan on sbtest7  (cost=5.48..409.07 rows=102 width=125)
	  Recheck Cond: ((k >= 7003523) AND (k <= 7003623))
	  ->  Bitmap Index Scan on k_7  (cost=0.00..5.45 rows=102 width=0)
	        Index Cond: ((k >= 7003523) AND (k <= 7003623))

table 8 : explain SELECT k, c FROM sbtest8 WHERE k BETWEEN 7003523 AND 7003623
	Bitmap Heap Scan on sbtest8  (cost=5.52..424.81 rows=106 width=125)
	  Recheck Cond: ((k >= 7003523) AND (k <= 7003623))
	  ->  Bitmap Index Scan on k_8  (cost=0.00..5.50 rows=106 width=0)
	        Index Cond: ((k >= 7003523) AND (k <= 7003623))

explain: for range-notcovered :: explain SELECT k, c FROM sbtest%d WHERE k BETWEEN 7003523 AND 7003623
for range-notcovered
table 1 : explain SELECT k, c FROM sbtest1 WHERE k BETWEEN 3204087 AND 3204187
	Bitmap Heap Scan on sbtest1  (cost=5.50..416.94 rows=104 width=125)
	  Recheck Cond: ((k >= 3204087) AND (k <= 3204187))
	  ->  Bitmap Index Scan on k_1  (cost=0.00..5.47 rows=104 width=0)
	        Index Cond: ((k >= 3204087) AND (k <= 3204187))

table 2 : explain SELECT k, c FROM sbtest2 WHERE k BETWEEN 3204087 AND 3204187
	Bitmap Heap Scan on sbtest2  (cost=5.49..413.00 rows=103 width=125)
	  Recheck Cond: ((k >= 3204087) AND (k <= 3204187))
	  ->  Bitmap Index Scan on k_2  (cost=0.00..5.46 rows=103 width=0)
	        Index Cond: ((k >= 3204087) AND (k <= 3204187))

table 3 : explain SELECT k, c FROM sbtest3 WHERE k BETWEEN 3204087 AND 3204187
	Bitmap Heap Scan on sbtest3  (cost=5.40..377.55 rows=94 width=125)
	  Recheck Cond: ((k >= 3204087) AND (k <= 3204187))
	  ->  Bitmap Index Scan on k_3  (cost=0.00..5.38 rows=94 width=0)
	        Index Cond: ((k >= 3204087) AND (k <= 3204187))

table 4 : explain SELECT k, c FROM sbtest4 WHERE k BETWEEN 3204087 AND 3204187
	Bitmap Heap Scan on sbtest4  (cost=5.48..409.07 rows=102 width=125)
	  Recheck Cond: ((k >= 3204087) AND (k <= 3204187))
	  ->  Bitmap Index Scan on k_4  (cost=0.00..5.45 rows=102 width=0)
	        Index Cond: ((k >= 3204087) AND (k <= 3204187))

table 5 : explain SELECT k, c FROM sbtest5 WHERE k BETWEEN 3204087 AND 3204187
	Bitmap Heap Scan on sbtest5  (cost=5.47..405.13 rows=101 width=125)
	  Recheck Cond: ((k >= 3204087) AND (k <= 3204187))
	  ->  Bitmap Index Scan on k_5  (cost=0.00..5.44 rows=101 width=0)
	        Index Cond: ((k >= 3204087) AND (k <= 3204187))

table 6 : explain SELECT k, c FROM sbtest6 WHERE k BETWEEN 3204087 AND 3204187
	Bitmap Heap Scan on sbtest6  (cost=5.49..413.00 rows=103 width=125)
	  Recheck Cond: ((k >= 3204087) AND (k <= 3204187))
	  ->  Bitmap Index Scan on k_6  (cost=0.00..5.46 rows=103 width=0)
	        Index Cond: ((k >= 3204087) AND (k <= 3204187))

table 7 : explain SELECT k, c FROM sbtest7 WHERE k BETWEEN 3204087 AND 3204187
	Bitmap Heap Scan on sbtest7  (cost=5.50..416.94 rows=104 width=125)
	  Recheck Cond: ((k >= 3204087) AND (k <= 3204187))
	  ->  Bitmap Index Scan on k_7  (cost=0.00..5.47 rows=104 width=0)
	        Index Cond: ((k >= 3204087) AND (k <= 3204187))

table 8 : explain SELECT k, c FROM sbtest8 WHERE k BETWEEN 3204087 AND 3204187
	Bitmap Heap Scan on sbtest8  (cost=5.57..444.49 rows=111 width=125)
	  Recheck Cond: ((k >= 3204087) AND (k <= 3204187))
	  ->  Bitmap Index Scan on k_8  (cost=0.00..5.54 rows=111 width=0)
	        Index Cond: ((k >= 3204087) AND (k <= 3204187))

for range-notcovered
table 1 : explain SELECT k, c FROM sbtest1 WHERE k BETWEEN 4071956 AND 4072056
	Bitmap Heap Scan on sbtest1  (cost=5.55..436.62 rows=109 width=125)
	  Recheck Cond: ((k >= 4071956) AND (k <= 4072056))
	  ->  Bitmap Index Scan on k_1  (cost=0.00..5.52 rows=109 width=0)
	        Index Cond: ((k >= 4071956) AND (k <= 4072056))

table 2 : explain SELECT k, c FROM sbtest2 WHERE k BETWEEN 4071956 AND 4072056
	Bitmap Heap Scan on sbtest2  (cost=5.58..448.42 rows=112 width=125)
	  Recheck Cond: ((k >= 4071956) AND (k <= 4072056))
	  ->  Bitmap Index Scan on k_2  (cost=0.00..5.55 rows=112 width=0)
	        Index Cond: ((k >= 4071956) AND (k <= 4072056))

table 3 : explain SELECT k, c FROM sbtest3 WHERE k BETWEEN 4071956 AND 4072056
	Bitmap Heap Scan on sbtest3  (cost=5.50..416.94 rows=104 width=125)
	  Recheck Cond: ((k >= 4071956) AND (k <= 4072056))
	  ->  Bitmap Index Scan on k_3  (cost=0.00..5.47 rows=104 width=0)
	        Index Cond: ((k >= 4071956) AND (k <= 4072056))

table 4 : explain SELECT k, c FROM sbtest4 WHERE k BETWEEN 4071956 AND 4072056
	Bitmap Heap Scan on sbtest4  (cost=5.57..444.49 rows=111 width=125)
	  Recheck Cond: ((k >= 4071956) AND (k <= 4072056))
	  ->  Bitmap Index Scan on k_4  (cost=0.00..5.54 rows=111 width=0)
	        Index Cond: ((k >= 4071956) AND (k <= 4072056))

table 5 : explain SELECT k, c FROM sbtest5 WHERE k BETWEEN 4071956 AND 4072056
	Bitmap Heap Scan on sbtest5  (cost=5.53..428.75 rows=107 width=125)
	  Recheck Cond: ((k >= 4071956) AND (k <= 4072056))
	  ->  Bitmap Index Scan on k_5  (cost=0.00..5.50 rows=107 width=0)
	        Index Cond: ((k >= 4071956) AND (k <= 4072056))

table 6 : explain SELECT k, c FROM sbtest6 WHERE k BETWEEN 4071956 AND 4072056
	Bitmap Heap Scan on sbtest6  (cost=5.47..405.13 rows=101 width=125)
	  Recheck Cond: ((k >= 4071956) AND (k <= 4072056))
	  ->  Bitmap Index Scan on k_6  (cost=0.00..5.44 rows=101 width=0)
	        Index Cond: ((k >= 4071956) AND (k <= 4072056))

table 7 : explain SELECT k, c FROM sbtest7 WHERE k BETWEEN 4071956 AND 4072056
	Bitmap Heap Scan on sbtest7  (cost=5.54..432.69 rows=108 width=125)
	  Recheck Cond: ((k >= 4071956) AND (k <= 4072056))
	  ->  Bitmap Index Scan on k_7  (cost=0.00..5.51 rows=108 width=0)
	        Index Cond: ((k >= 4071956) AND (k <= 4072056))

table 8 : explain SELECT k, c FROM sbtest8 WHERE k BETWEEN 4071956 AND 4072056
	Bitmap Heap Scan on sbtest8  (cost=5.55..436.62 rows=109 width=125)
	  Recheck Cond: ((k >= 4071956) AND (k <= 4072056))
	  ->  Bitmap Index Scan on k_8  (cost=0.00..5.52 rows=109 width=0)
	        Index Cond: ((k >= 4071956) AND (k <= 4072056))

for range-notcovered
table 1 : explain SELECT k, c FROM sbtest1 WHERE k BETWEEN 3779080 AND 3779180
	Bitmap Heap Scan on sbtest1  (cost=5.56..440.56 rows=110 width=125)
	  Recheck Cond: ((k >= 3779080) AND (k <= 3779180))
	  ->  Bitmap Index Scan on k_1  (cost=0.00..5.53 rows=110 width=0)
	        Index Cond: ((k >= 3779080) AND (k <= 3779180))

table 2 : explain SELECT k, c FROM sbtest2 WHERE k BETWEEN 3779080 AND 3779180
	Bitmap Heap Scan on sbtest2  (cost=5.53..428.75 rows=107 width=125)
	  Recheck Cond: ((k >= 3779080) AND (k <= 3779180))
	  ->  Bitmap Index Scan on k_2  (cost=0.00..5.50 rows=107 width=0)
	        Index Cond: ((k >= 3779080) AND (k <= 3779180))

table 3 : explain SELECT k, c FROM sbtest3 WHERE k BETWEEN 3779080 AND 3779180
	Bitmap Heap Scan on sbtest3  (cost=5.42..385.43 rows=96 width=125)
	  Recheck Cond: ((k >= 3779080) AND (k <= 3779180))
	  ->  Bitmap Index Scan on k_3  (cost=0.00..5.39 rows=96 width=0)
	        Index Cond: ((k >= 3779080) AND (k <= 3779180))

table 4 : explain SELECT k, c FROM sbtest4 WHERE k BETWEEN 3779080 AND 3779180
	Bitmap Heap Scan on sbtest4  (cost=5.43..389.37 rows=97 width=125)
	  Recheck Cond: ((k >= 3779080) AND (k <= 3779180))
	  ->  Bitmap Index Scan on k_4  (cost=0.00..5.40 rows=97 width=0)
	        Index Cond: ((k >= 3779080) AND (k <= 3779180))

table 5 : explain SELECT k, c FROM sbtest5 WHERE k BETWEEN 3779080 AND 3779180
	Bitmap Heap Scan on sbtest5  (cost=5.44..393.31 rows=98 width=125)
	  Recheck Cond: ((k >= 3779080) AND (k <= 3779180))
	  ->  Bitmap Index Scan on k_5  (cost=0.00..5.42 rows=98 width=0)
	        Index Cond: ((k >= 3779080) AND (k <= 3779180))

table 6 : explain SELECT k, c FROM sbtest6 WHERE k BETWEEN 3779080 AND 3779180
	Bitmap Heap Scan on sbtest6  (cost=5.41..381.49 rows=95 width=125)
	  Recheck Cond: ((k >= 3779080) AND (k <= 3779180))
	  ->  Bitmap Index Scan on k_6  (cost=0.00..5.38 rows=95 width=0)
	        Index Cond: ((k >= 3779080) AND (k <= 3779180))

table 7 : explain SELECT k, c FROM sbtest7 WHERE k BETWEEN 3779080 AND 3779180
	Bitmap Heap Scan on sbtest7  (cost=5.45..397.25 rows=99 width=125)
	  Recheck Cond: ((k >= 3779080) AND (k <= 3779180))
	  ->  Bitmap Index Scan on k_7  (cost=0.00..5.42 rows=99 width=0)
	        Index Cond: ((k >= 3779080) AND (k <= 3779180))

table 8 : explain SELECT k, c FROM sbtest8 WHERE k BETWEEN 3779080 AND 3779180
	Bitmap Heap Scan on sbtest8  (cost=5.54..432.69 rows=108 width=125)
	  Recheck Cond: ((k >= 3779080) AND (k <= 3779180))
	  ->  Bitmap Index Scan on k_8  (cost=0.00..5.51 rows=108 width=0)
	        Index Cond: ((k >= 3779080) AND (k <= 3779180))

explain: for range-notcovered :: explain SELECT k, c FROM sbtest%d WHERE k BETWEEN 3204087 AND 3204187
explain: for range-notcovered :: explain SELECT k, c FROM sbtest%d WHERE k BETWEEN 4071956 AND 4072056
explain: for range-notcovered :: explain SELECT k, c FROM sbtest%d WHERE k BETWEEN 3779080 AND 3779180
for range-notcovered
table 1 : explain SELECT k, c FROM sbtest1 WHERE k BETWEEN 7003523 AND 7003623
	Bitmap Heap Scan on sbtest1  (cost=5.51..420.88 rows=105 width=125)
	  Recheck Cond: ((k >= 7003523) AND (k <= 7003623))
	  ->  Bitmap Index Scan on k_1  (cost=0.00..5.48 rows=105 width=0)
	        Index Cond: ((k >= 7003523) AND (k <= 7003623))

table 2 : explain SELECT k, c FROM sbtest2 WHERE k BETWEEN 7003523 AND 7003623
	Bitmap Heap Scan on sbtest2  (cost=5.49..413.00 rows=103 width=125)
	  Recheck Cond: ((k >= 7003523) AND (k <= 7003623))
	  ->  Bitmap Index Scan on k_2  (cost=0.00..5.46 rows=103 width=0)
	        Index Cond: ((k >= 7003523) AND (k <= 7003623))

table 3 : explain SELECT k, c FROM sbtest3 WHERE k BETWEEN 7003523 AND 7003623
	Bitmap Heap Scan on sbtest3  (cost=5.49..413.00 rows=103 width=125)
	  Recheck Cond: ((k >= 7003523) AND (k <= 7003623))
	  ->  Bitmap Index Scan on k_3  (cost=0.00..5.46 rows=103 width=0)
	        Index Cond: ((k >= 7003523) AND (k <= 7003623))

table 4 : explain SELECT k, c FROM sbtest4 WHERE k BETWEEN 7003523 AND 7003623
	Bitmap Heap Scan on sbtest4  (cost=5.47..405.13 rows=101 width=125)
	  Recheck Cond: ((k >= 7003523) AND (k <= 7003623))
	  ->  Bitmap Index Scan on k_4  (cost=0.00..5.44 rows=101 width=0)
	        Index Cond: ((k >= 7003523) AND (k <= 7003623))

table 5 : explain SELECT k, c FROM sbtest5 WHERE k BETWEEN 7003523 AND 7003623
	Bitmap Heap Scan on sbtest5  (cost=5.45..397.25 rows=99 width=125)
	  Recheck Cond: ((k >= 7003523) AND (k <= 7003623))
	  ->  Bitmap Index Scan on k_5  (cost=0.00..5.42 rows=99 width=0)
	        Index Cond: ((k >= 7003523) AND (k <= 7003623))

table 6 : explain SELECT k, c FROM sbtest6 WHERE k BETWEEN 7003523 AND 7003623
	Bitmap Heap Scan on sbtest6  (cost=5.40..377.55 rows=94 width=125)
	  Recheck Cond: ((k >= 7003523) AND (k <= 7003623))
	  ->  Bitmap Index Scan on k_6  (cost=0.00..5.38 rows=94 width=0)
	        Index Cond: ((k >= 7003523) AND (k <= 7003623))

table 7 : explain SELECT k, c FROM sbtest7 WHERE k BETWEEN 7003523 AND 7003623
	Bitmap Heap Scan on sbtest7  (cost=5.48..409.07 rows=102 width=125)
	  Recheck Cond: ((k >= 7003523) AND (k <= 7003623))
	  ->  Bitmap Index Scan on k_7  (cost=0.00..5.45 rows=102 width=0)
	        Index Cond: ((k >= 7003523) AND (k <= 7003623))

table 8 : explain SELECT k, c FROM sbtest8 WHERE k BETWEEN 7003523 AND 7003623
	Bitmap Heap Scan on sbtest8  (cost=5.52..424.81 rows=106 width=125)
	  Recheck Cond: ((k >= 7003523) AND (k <= 7003623))
	  ->  Bitmap Index Scan on k_8  (cost=0.00..5.50 rows=106 width=0)
	        Index Cond: ((k >= 7003523) AND (k <= 7003623))

for range-notcovered
table 1 : explain SELECT k, c FROM sbtest1 WHERE k BETWEEN 4071956 AND 4072056
	Bitmap Heap Scan on sbtest1  (cost=5.55..436.62 rows=109 width=125)
	  Recheck Cond: ((k >= 4071956) AND (k <= 4072056))
	  ->  Bitmap Index Scan on k_1  (cost=0.00..5.52 rows=109 width=0)
	        Index Cond: ((k >= 4071956) AND (k <= 4072056))

table 2 : explain SELECT k, c FROM sbtest2 WHERE k BETWEEN 4071956 AND 4072056
	Bitmap Heap Scan on sbtest2  (cost=5.58..448.42 rows=112 width=125)
	  Recheck Cond: ((k >= 4071956) AND (k <= 4072056))
	  ->  Bitmap Index Scan on k_2  (cost=0.00..5.55 rows=112 width=0)
	        Index Cond: ((k >= 4071956) AND (k <= 4072056))

table 3 : explain SELECT k, c FROM sbtest3 WHERE k BETWEEN 4071956 AND 4072056
	Bitmap Heap Scan on sbtest3  (cost=5.50..416.94 rows=104 width=125)
	  Recheck Cond: ((k >= 4071956) AND (k <= 4072056))
	  ->  Bitmap Index Scan on k_3  (cost=0.00..5.47 rows=104 width=0)
	        Index Cond: ((k >= 4071956) AND (k <= 4072056))

table 4 : explain SELECT k, c FROM sbtest4 WHERE k BETWEEN 4071956 AND 4072056
	Bitmap Heap Scan on sbtest4  (cost=5.57..444.49 rows=111 width=125)
	  Recheck Cond: ((k >= 4071956) AND (k <= 4072056))
	  ->  Bitmap Index Scan on k_4  (cost=0.00..5.54 rows=111 width=0)
	        Index Cond: ((k >= 4071956) AND (k <= 4072056))

table 5 : explain SELECT k, c FROM sbtest5 WHERE k BETWEEN 4071956 AND 4072056
	Bitmap Heap Scan on sbtest5  (cost=5.53..428.75 rows=107 width=125)
	  Recheck Cond: ((k >= 4071956) AND (k <= 4072056))
	  ->  Bitmap Index Scan on k_5  (cost=0.00..5.50 rows=107 width=0)
	        Index Cond: ((k >= 4071956) AND (k <= 4072056))

table 6 : explain SELECT k, c FROM sbtest6 WHERE k BETWEEN 4071956 AND 4072056
	Bitmap Heap Scan on sbtest6  (cost=5.47..405.13 rows=101 width=125)
	  Recheck Cond: ((k >= 4071956) AND (k <= 4072056))
	  ->  Bitmap Index Scan on k_6  (cost=0.00..5.44 rows=101 width=0)
	        Index Cond: ((k >= 4071956) AND (k <= 4072056))

table 7 : explain SELECT k, c FROM sbtest7 WHERE k BETWEEN 4071956 AND 4072056
	Bitmap Heap Scan on sbtest7  (cost=5.54..432.69 rows=108 width=125)
	  Recheck Cond: ((k >= 4071956) AND (k <= 4072056))
	  ->  Bitmap Index Scan on k_7  (cost=0.00..5.51 rows=108 width=0)
	        Index Cond: ((k >= 4071956) AND (k <= 4072056))

table 8 : explain SELECT k, c FROM sbtest8 WHERE k BETWEEN 4071956 AND 4072056
	Bitmap Heap Scan on sbtest8  (cost=5.55..436.62 rows=109 width=125)
	  Recheck Cond: ((k >= 4071956) AND (k <= 4072056))
	  ->  Bitmap Index Scan on k_8  (cost=0.00..5.52 rows=109 width=0)
	        Index Cond: ((k >= 4071956) AND (k <= 4072056))

for range-notcovered
table 1 : explain SELECT k, c FROM sbtest1 WHERE k BETWEEN 3204087 AND 3204187
	Bitmap Heap Scan on sbtest1  (cost=5.50..416.94 rows=104 width=125)
	  Recheck Cond: ((k >= 3204087) AND (k <= 3204187))
	  ->  Bitmap Index Scan on k_1  (cost=0.00..5.47 rows=104 width=0)
	        Index Cond: ((k >= 3204087) AND (k <= 3204187))

table 2 : explain SELECT k, c FROM sbtest2 WHERE k BETWEEN 3204087 AND 3204187
	Bitmap Heap Scan on sbtest2  (cost=5.49..413.00 rows=103 width=125)
	  Recheck Cond: ((k >= 3204087) AND (k <= 3204187))
	  ->  Bitmap Index Scan on k_2  (cost=0.00..5.46 rows=103 width=0)
	        Index Cond: ((k >= 3204087) AND (k <= 3204187))

table 3 : explain SELECT k, c FROM sbtest3 WHERE k BETWEEN 3204087 AND 3204187
	Bitmap Heap Scan on sbtest3  (cost=5.40..377.55 rows=94 width=125)
	  Recheck Cond: ((k >= 3204087) AND (k <= 3204187))
	  ->  Bitmap Index Scan on k_3  (cost=0.00..5.38 rows=94 width=0)
	        Index Cond: ((k >= 3204087) AND (k <= 3204187))

table 4 : explain SELECT k, c FROM sbtest4 WHERE k BETWEEN 3204087 AND 3204187
	Bitmap Heap Scan on sbtest4  (cost=5.48..409.07 rows=102 width=125)
	  Recheck Cond: ((k >= 3204087) AND (k <= 3204187))
	  ->  Bitmap Index Scan on k_4  (cost=0.00..5.45 rows=102 width=0)
	        Index Cond: ((k >= 3204087) AND (k <= 3204187))

table 5 : explain SELECT k, c FROM sbtest5 WHERE k BETWEEN 3204087 AND 3204187
	Bitmap Heap Scan on sbtest5  (cost=5.47..405.13 rows=101 width=125)
	  Recheck Cond: ((k >= 3204087) AND (k <= 3204187))
	  ->  Bitmap Index Scan on k_5  (cost=0.00..5.44 rows=101 width=0)
	        Index Cond: ((k >= 3204087) AND (k <= 3204187))

table 6 : explain SELECT k, c FROM sbtest6 WHERE k BETWEEN 3204087 AND 3204187
	Bitmap Heap Scan on sbtest6  (cost=5.49..413.00 rows=103 width=125)
	  Recheck Cond: ((k >= 3204087) AND (k <= 3204187))
	  ->  Bitmap Index Scan on k_6  (cost=0.00..5.46 rows=103 width=0)
	        Index Cond: ((k >= 3204087) AND (k <= 3204187))

table 7 : explain SELECT k, c FROM sbtest7 WHERE k BETWEEN 3204087 AND 3204187
	Bitmap Heap Scan on sbtest7  (cost=5.50..416.94 rows=104 width=125)
	  Recheck Cond: ((k >= 3204087) AND (k <= 3204187))
	  ->  Bitmap Index Scan on k_7  (cost=0.00..5.47 rows=104 width=0)
	        Index Cond: ((k >= 3204087) AND (k <= 3204187))

table 8 : explain SELECT k, c FROM sbtest8 WHERE k BETWEEN 3204087 AND 3204187
	Bitmap Heap Scan on sbtest8  (cost=5.57..444.49 rows=111 width=125)
	  Recheck Cond: ((k >= 3204087) AND (k <= 3204187))
	  ->  Bitmap Index Scan on k_8  (cost=0.00..5.54 rows=111 width=0)
	        Index Cond: ((k >= 3204087) AND (k <= 3204187))

explain: for range-notcovered :: explain SELECT k, c FROM sbtest%d WHERE k BETWEEN 4071956 AND 4072056
explain: for range-notcovered :: explain SELECT k, c FROM sbtest%d WHERE k BETWEEN 3204087 AND 3204187
for range-notcovered
table 1 : explain SELECT k, c FROM sbtest1 WHERE k BETWEEN 3779080 AND 3779180
	Bitmap Heap Scan on sbtest1  (cost=5.56..440.56 rows=110 width=125)
	  Recheck Cond: ((k >= 3779080) AND (k <= 3779180))
	  ->  Bitmap Index Scan on k_1  (cost=0.00..5.53 rows=110 width=0)
	        Index Cond: ((k >= 3779080) AND (k <= 3779180))

table 2 : explain SELECT k, c FROM sbtest2 WHERE k BETWEEN 3779080 AND 3779180
	Bitmap Heap Scan on sbtest2  (cost=5.53..428.75 rows=107 width=125)
	  Recheck Cond: ((k >= 3779080) AND (k <= 3779180))
	  ->  Bitmap Index Scan on k_2  (cost=0.00..5.50 rows=107 width=0)
	        Index Cond: ((k >= 3779080) AND (k <= 3779180))

table 3 : explain SELECT k, c FROM sbtest3 WHERE k BETWEEN 3779080 AND 3779180
	Bitmap Heap Scan on sbtest3  (cost=5.42..385.43 rows=96 width=125)
	  Recheck Cond: ((k >= 3779080) AND (k <= 3779180))
	  ->  Bitmap Index Scan on k_3  (cost=0.00..5.39 rows=96 width=0)
	        Index Cond: ((k >= 3779080) AND (k <= 3779180))

table 4 : explain SELECT k, c FROM sbtest4 WHERE k BETWEEN 3779080 AND 3779180
	Bitmap Heap Scan on sbtest4  (cost=5.43..389.37 rows=97 width=125)
	  Recheck Cond: ((k >= 3779080) AND (k <= 3779180))
	  ->  Bitmap Index Scan on k_4  (cost=0.00..5.40 rows=97 width=0)
	        Index Cond: ((k >= 3779080) AND (k <= 3779180))

table 5 : explain SELECT k, c FROM sbtest5 WHERE k BETWEEN 3779080 AND 3779180
	Bitmap Heap Scan on sbtest5  (cost=5.44..393.31 rows=98 width=125)
	  Recheck Cond: ((k >= 3779080) AND (k <= 3779180))
	  ->  Bitmap Index Scan on k_5  (cost=0.00..5.42 rows=98 width=0)
	        Index Cond: ((k >= 3779080) AND (k <= 3779180))

table 6 : explain SELECT k, c FROM sbtest6 WHERE k BETWEEN 3779080 AND 3779180
	Bitmap Heap Scan on sbtest6  (cost=5.41..381.49 rows=95 width=125)
	  Recheck Cond: ((k >= 3779080) AND (k <= 3779180))
	  ->  Bitmap Index Scan on k_6  (cost=0.00..5.38 rows=95 width=0)
	        Index Cond: ((k >= 3779080) AND (k <= 3779180))

table 7 : explain SELECT k, c FROM sbtest7 WHERE k BETWEEN 3779080 AND 3779180
	Bitmap Heap Scan on sbtest7  (cost=5.45..397.25 rows=99 width=125)
	  Recheck Cond: ((k >= 3779080) AND (k <= 3779180))
	  ->  Bitmap Index Scan on k_7  (cost=0.00..5.42 rows=99 width=0)
	        Index Cond: ((k >= 3779080) AND (k <= 3779180))

table 8 : explain SELECT k, c FROM sbtest8 WHERE k BETWEEN 3779080 AND 3779180
	Bitmap Heap Scan on sbtest8  (cost=5.54..432.69 rows=108 width=125)
	  Recheck Cond: ((k >= 3779080) AND (k <= 3779180))
	  ->  Bitmap Index Scan on k_8  (cost=0.00..5.51 rows=108 width=0)
	        Index Cond: ((k >= 3779080) AND (k <= 3779180))

explain: for range-notcovered :: explain SELECT k, c FROM sbtest%d WHERE k BETWEEN 3779080 AND 3779180
for range-notcovered
table 1 : explain SELECT k, c FROM sbtest1 WHERE k BETWEEN 4071956 AND 4072056
	Bitmap Heap Scan on sbtest1  (cost=5.55..436.62 rows=109 width=125)
	  Recheck Cond: ((k >= 4071956) AND (k <= 4072056))
	  ->  Bitmap Index Scan on k_1  (cost=0.00..5.52 rows=109 width=0)
	        Index Cond: ((k >= 4071956) AND (k <= 4072056))

table 2 : explain SELECT k, c FROM sbtest2 WHERE k BETWEEN 4071956 AND 4072056
	Bitmap Heap Scan on sbtest2  (cost=5.58..448.42 rows=112 width=125)
	  Recheck Cond: ((k >= 4071956) AND (k <= 4072056))
	  ->  Bitmap Index Scan on k_2  (cost=0.00..5.55 rows=112 width=0)
	        Index Cond: ((k >= 4071956) AND (k <= 4072056))

table 3 : explain SELECT k, c FROM sbtest3 WHERE k BETWEEN 4071956 AND 4072056
	Bitmap Heap Scan on sbtest3  (cost=5.50..416.94 rows=104 width=125)
	  Recheck Cond: ((k >= 4071956) AND (k <= 4072056))
	  ->  Bitmap Index Scan on k_3  (cost=0.00..5.47 rows=104 width=0)
	        Index Cond: ((k >= 4071956) AND (k <= 4072056))

table 4 : explain SELECT k, c FROM sbtest4 WHERE k BETWEEN 4071956 AND 4072056
	Bitmap Heap Scan on sbtest4  (cost=5.57..444.49 rows=111 width=125)
	  Recheck Cond: ((k >= 4071956) AND (k <= 4072056))
	  ->  Bitmap Index Scan on k_4  (cost=0.00..5.54 rows=111 width=0)
	        Index Cond: ((k >= 4071956) AND (k <= 4072056))

table 5 : explain SELECT k, c FROM sbtest5 WHERE k BETWEEN 4071956 AND 4072056
	Bitmap Heap Scan on sbtest5  (cost=5.53..428.75 rows=107 width=125)
	  Recheck Cond: ((k >= 4071956) AND (k <= 4072056))
	  ->  Bitmap Index Scan on k_5  (cost=0.00..5.50 rows=107 width=0)
	        Index Cond: ((k >= 4071956) AND (k <= 4072056))

table 6 : explain SELECT k, c FROM sbtest6 WHERE k BETWEEN 4071956 AND 4072056
	Bitmap Heap Scan on sbtest6  (cost=5.47..405.13 rows=101 width=125)
	  Recheck Cond: ((k >= 4071956) AND (k <= 4072056))
	  ->  Bitmap Index Scan on k_6  (cost=0.00..5.44 rows=101 width=0)
	        Index Cond: ((k >= 4071956) AND (k <= 4072056))

table 7 : explain SELECT k, c FROM sbtest7 WHERE k BETWEEN 4071956 AND 4072056
	Bitmap Heap Scan on sbtest7  (cost=5.54..432.69 rows=108 width=125)
	  Recheck Cond: ((k >= 4071956) AND (k <= 4072056))
	  ->  Bitmap Index Scan on k_7  (cost=0.00..5.51 rows=108 width=0)
	        Index Cond: ((k >= 4071956) AND (k <= 4072056))

table 8 : explain SELECT k, c FROM sbtest8 WHERE k BETWEEN 4071956 AND 4072056
	Bitmap Heap Scan on sbtest8  (cost=5.55..436.62 rows=109 width=125)
	  Recheck Cond: ((k >= 4071956) AND (k <= 4072056))
	  ->  Bitmap Index Scan on k_8  (cost=0.00..5.52 rows=109 width=0)
	        Index Cond: ((k >= 4071956) AND (k <= 4072056))

for range-notcovered
table 1 : explain SELECT k, c FROM sbtest1 WHERE k BETWEEN 3204087 AND 3204187
	Bitmap Heap Scan on sbtest1  (cost=5.50..416.94 rows=104 width=125)
	  Recheck Cond: ((k >= 3204087) AND (k <= 3204187))
	  ->  Bitmap Index Scan on k_1  (cost=0.00..5.47 rows=104 width=0)
	        Index Cond: ((k >= 3204087) AND (k <= 3204187))

table 2 : explain SELECT k, c FROM sbtest2 WHERE k BETWEEN 3204087 AND 3204187
	Bitmap Heap Scan on sbtest2  (cost=5.49..413.00 rows=103 width=125)
	  Recheck Cond: ((k >= 3204087) AND (k <= 3204187))
	  ->  Bitmap Index Scan on k_2  (cost=0.00..5.46 rows=103 width=0)
	        Index Cond: ((k >= 3204087) AND (k <= 3204187))

table 3 : explain SELECT k, c FROM sbtest3 WHERE k BETWEEN 3204087 AND 3204187
	Bitmap Heap Scan on sbtest3  (cost=5.40..377.55 rows=94 width=125)
	  Recheck Cond: ((k >= 3204087) AND (k <= 3204187))
	  ->  Bitmap Index Scan on k_3  (cost=0.00..5.38 rows=94 width=0)
	        Index Cond: ((k >= 3204087) AND (k <= 3204187))

table 4 : explain SELECT k, c FROM sbtest4 WHERE k BETWEEN 3204087 AND 3204187
	Bitmap Heap Scan on sbtest4  (cost=5.48..409.07 rows=102 width=125)
	  Recheck Cond: ((k >= 3204087) AND (k <= 3204187))
	  ->  Bitmap Index Scan on k_4  (cost=0.00..5.45 rows=102 width=0)
	        Index Cond: ((k >= 3204087) AND (k <= 3204187))

table 5 : explain SELECT k, c FROM sbtest5 WHERE k BETWEEN 3204087 AND 3204187
	Bitmap Heap Scan on sbtest5  (cost=5.47..405.13 rows=101 width=125)
	  Recheck Cond: ((k >= 3204087) AND (k <= 3204187))
	  ->  Bitmap Index Scan on k_5  (cost=0.00..5.44 rows=101 width=0)
	        Index Cond: ((k >= 3204087) AND (k <= 3204187))

table 6 : explain SELECT k, c FROM sbtest6 WHERE k BETWEEN 3204087 AND 3204187
	Bitmap Heap Scan on sbtest6  (cost=5.49..413.00 rows=103 width=125)
	  Recheck Cond: ((k >= 3204087) AND (k <= 3204187))
	  ->  Bitmap Index Scan on k_6  (cost=0.00..5.46 rows=103 width=0)
	        Index Cond: ((k >= 3204087) AND (k <= 3204187))

table 7 : explain SELECT k, c FROM sbtest7 WHERE k BETWEEN 3204087 AND 3204187
	Bitmap Heap Scan on sbtest7  (cost=5.50..416.94 rows=104 width=125)
	  Recheck Cond: ((k >= 3204087) AND (k <= 3204187))
	  ->  Bitmap Index Scan on k_7  (cost=0.00..5.47 rows=104 width=0)
	        Index Cond: ((k >= 3204087) AND (k <= 3204187))

table 8 : explain SELECT k, c FROM sbtest8 WHERE k BETWEEN 3204087 AND 3204187
	Bitmap Heap Scan on sbtest8  (cost=5.57..444.49 rows=111 width=125)
	  Recheck Cond: ((k >= 3204087) AND (k <= 3204187))
	  ->  Bitmap Index Scan on k_8  (cost=0.00..5.54 rows=111 width=0)
	        Index Cond: ((k >= 3204087) AND (k <= 3204187))

for range-notcovered
table 1 : explain SELECT k, c FROM sbtest1 WHERE k BETWEEN 3779080 AND 3779180
	Bitmap Heap Scan on sbtest1  (cost=5.56..440.56 rows=110 width=125)
	  Recheck Cond: ((k >= 3779080) AND (k <= 3779180))
	  ->  Bitmap Index Scan on k_1  (cost=0.00..5.53 rows=110 width=0)
	        Index Cond: ((k >= 3779080) AND (k <= 3779180))

table 2 : explain SELECT k, c FROM sbtest2 WHERE k BETWEEN 3779080 AND 3779180
	Bitmap Heap Scan on sbtest2  (cost=5.53..428.75 rows=107 width=125)
	  Recheck Cond: ((k >= 3779080) AND (k <= 3779180))
	  ->  Bitmap Index Scan on k_2  (cost=0.00..5.50 rows=107 width=0)
	        Index Cond: ((k >= 3779080) AND (k <= 3779180))

table 3 : explain SELECT k, c FROM sbtest3 WHERE k BETWEEN 3779080 AND 3779180
	Bitmap Heap Scan on sbtest3  (cost=5.42..385.43 rows=96 width=125)
	  Recheck Cond: ((k >= 3779080) AND (k <= 3779180))
	  ->  Bitmap Index Scan on k_3  (cost=0.00..5.39 rows=96 width=0)
	        Index Cond: ((k >= 3779080) AND (k <= 3779180))

table 4 : explain SELECT k, c FROM sbtest4 WHERE k BETWEEN 3779080 AND 3779180
	Bitmap Heap Scan on sbtest4  (cost=5.43..389.37 rows=97 width=125)
	  Recheck Cond: ((k >= 3779080) AND (k <= 3779180))
	  ->  Bitmap Index Scan on k_4  (cost=0.00..5.40 rows=97 width=0)
	        Index Cond: ((k >= 3779080) AND (k <= 3779180))

table 5 : explain SELECT k, c FROM sbtest5 WHERE k BETWEEN 3779080 AND 3779180
	Bitmap Heap Scan on sbtest5  (cost=5.44..393.31 rows=98 width=125)
	  Recheck Cond: ((k >= 3779080) AND (k <= 3779180))
	  ->  Bitmap Index Scan on k_5  (cost=0.00..5.42 rows=98 width=0)
	        Index Cond: ((k >= 3779080) AND (k <= 3779180))

table 6 : explain SELECT k, c FROM sbtest6 WHERE k BETWEEN 3779080 AND 3779180
	Bitmap Heap Scan on sbtest6  (cost=5.41..381.49 rows=95 width=125)
	  Recheck Cond: ((k >= 3779080) AND (k <= 3779180))
	  ->  Bitmap Index Scan on k_6  (cost=0.00..5.38 rows=95 width=0)
	        Index Cond: ((k >= 3779080) AND (k <= 3779180))

table 7 : explain SELECT k, c FROM sbtest7 WHERE k BETWEEN 3779080 AND 3779180
	Bitmap Heap Scan on sbtest7  (cost=5.45..397.25 rows=99 width=125)
	  Recheck Cond: ((k >= 3779080) AND (k <= 3779180))
	  ->  Bitmap Index Scan on k_7  (cost=0.00..5.42 rows=99 width=0)
	        Index Cond: ((k >= 3779080) AND (k <= 3779180))

table 8 : explain SELECT k, c FROM sbtest8 WHERE k BETWEEN 3779080 AND 3779180
	Bitmap Heap Scan on sbtest8  (cost=5.54..432.69 rows=108 width=125)
	  Recheck Cond: ((k >= 3779080) AND (k <= 3779180))
	  ->  Bitmap Index Scan on k_8  (cost=0.00..5.51 rows=108 width=0)
	        Index Cond: ((k >= 3779080) AND (k <= 3779180))

explain: for range-notcovered :: explain SELECT k, c FROM sbtest%d WHERE k BETWEEN 3204087 AND 3204187
explain: for range-notcovered :: explain SELECT k, c FROM sbtest%d WHERE k BETWEEN 3779080 AND 3779180
for range-notcovered
table 1 : explain SELECT k, c FROM sbtest1 WHERE k BETWEEN 3779080 AND 3779180
	Bitmap Heap Scan on sbtest1  (cost=5.56..440.56 rows=110 width=125)
	  Recheck Cond: ((k >= 3779080) AND (k <= 3779180))
	  ->  Bitmap Index Scan on k_1  (cost=0.00..5.53 rows=110 width=0)
	        Index Cond: ((k >= 3779080) AND (k <= 3779180))

table 2 : explain SELECT k, c FROM sbtest2 WHERE k BETWEEN 3779080 AND 3779180
	Bitmap Heap Scan on sbtest2  (cost=5.53..428.75 rows=107 width=125)
	  Recheck Cond: ((k >= 3779080) AND (k <= 3779180))
	  ->  Bitmap Index Scan on k_2  (cost=0.00..5.50 rows=107 width=0)
	        Index Cond: ((k >= 3779080) AND (k <= 3779180))

table 3 : explain SELECT k, c FROM sbtest3 WHERE k BETWEEN 3779080 AND 3779180
	Bitmap Heap Scan on sbtest3  (cost=5.42..385.43 rows=96 width=125)
	  Recheck Cond: ((k >= 3779080) AND (k <= 3779180))
	  ->  Bitmap Index Scan on k_3  (cost=0.00..5.39 rows=96 width=0)
	        Index Cond: ((k >= 3779080) AND (k <= 3779180))

table 4 : explain SELECT k, c FROM sbtest4 WHERE k BETWEEN 3779080 AND 3779180
	Bitmap Heap Scan on sbtest4  (cost=5.43..389.37 rows=97 width=125)
	  Recheck Cond: ((k >= 3779080) AND (k <= 3779180))
	  ->  Bitmap Index Scan on k_4  (cost=0.00..5.40 rows=97 width=0)
	        Index Cond: ((k >= 3779080) AND (k <= 3779180))

table 5 : explain SELECT k, c FROM sbtest5 WHERE k BETWEEN 3779080 AND 3779180
	Bitmap Heap Scan on sbtest5  (cost=5.44..393.31 rows=98 width=125)
	  Recheck Cond: ((k >= 3779080) AND (k <= 3779180))
	  ->  Bitmap Index Scan on k_5  (cost=0.00..5.42 rows=98 width=0)
	        Index Cond: ((k >= 3779080) AND (k <= 3779180))

table 6 : explain SELECT k, c FROM sbtest6 WHERE k BETWEEN 3779080 AND 3779180
	Bitmap Heap Scan on sbtest6  (cost=5.41..381.49 rows=95 width=125)
	  Recheck Cond: ((k >= 3779080) AND (k <= 3779180))
	  ->  Bitmap Index Scan on k_6  (cost=0.00..5.38 rows=95 width=0)
	        Index Cond: ((k >= 3779080) AND (k <= 3779180))

table 7 : explain SELECT k, c FROM sbtest7 WHERE k BETWEEN 3779080 AND 3779180
	Bitmap Heap Scan on sbtest7  (cost=5.45..397.25 rows=99 width=125)
	  Recheck Cond: ((k >= 3779080) AND (k <= 3779180))
	  ->  Bitmap Index Scan on k_7  (cost=0.00..5.42 rows=99 width=0)
	        Index Cond: ((k >= 3779080) AND (k <= 3779180))

table 8 : explain SELECT k, c FROM sbtest8 WHERE k BETWEEN 3779080 AND 3779180
	Bitmap Heap Scan on sbtest8  (cost=5.54..432.69 rows=108 width=125)
	  Recheck Cond: ((k >= 3779080) AND (k <= 3779180))
	  ->  Bitmap Index Scan on k_8  (cost=0.00..5.51 rows=108 width=0)
	        Index Cond: ((k >= 3779080) AND (k <= 3779180))

for range-notcovered
table 1 : explain SELECT k, c FROM sbtest1 WHERE k BETWEEN 3204087 AND 3204187
	Bitmap Heap Scan on sbtest1  (cost=5.50..416.94 rows=104 width=125)
	  Recheck Cond: ((k >= 3204087) AND (k <= 3204187))
	  ->  Bitmap Index Scan on k_1  (cost=0.00..5.47 rows=104 width=0)
	        Index Cond: ((k >= 3204087) AND (k <= 3204187))

table 2 : explain SELECT k, c FROM sbtest2 WHERE k BETWEEN 3204087 AND 3204187
	Bitmap Heap Scan on sbtest2  (cost=5.49..413.00 rows=103 width=125)
	  Recheck Cond: ((k >= 3204087) AND (k <= 3204187))
	  ->  Bitmap Index Scan on k_2  (cost=0.00..5.46 rows=103 width=0)
	        Index Cond: ((k >= 3204087) AND (k <= 3204187))

table 3 : explain SELECT k, c FROM sbtest3 WHERE k BETWEEN 3204087 AND 3204187
	Bitmap Heap Scan on sbtest3  (cost=5.40..377.55 rows=94 width=125)
	  Recheck Cond: ((k >= 3204087) AND (k <= 3204187))
	  ->  Bitmap Index Scan on k_3  (cost=0.00..5.38 rows=94 width=0)
	        Index Cond: ((k >= 3204087) AND (k <= 3204187))

table 4 : explain SELECT k, c FROM sbtest4 WHERE k BETWEEN 3204087 AND 3204187
	Bitmap Heap Scan on sbtest4  (cost=5.48..409.07 rows=102 width=125)
	  Recheck Cond: ((k >= 3204087) AND (k <= 3204187))
	  ->  Bitmap Index Scan on k_4  (cost=0.00..5.45 rows=102 width=0)
	        Index Cond: ((k >= 3204087) AND (k <= 3204187))

table 5 : explain SELECT k, c FROM sbtest5 WHERE k BETWEEN 3204087 AND 3204187
	Bitmap Heap Scan on sbtest5  (cost=5.47..405.13 rows=101 width=125)
	  Recheck Cond: ((k >= 3204087) AND (k <= 3204187))
	  ->  Bitmap Index Scan on k_5  (cost=0.00..5.44 rows=101 width=0)
	        Index Cond: ((k >= 3204087) AND (k <= 3204187))

table 6 : explain SELECT k, c FROM sbtest6 WHERE k BETWEEN 3204087 AND 3204187
	Bitmap Heap Scan on sbtest6  (cost=5.49..413.00 rows=103 width=125)
	  Recheck Cond: ((k >= 3204087) AND (k <= 3204187))
	  ->  Bitmap Index Scan on k_6  (cost=0.00..5.46 rows=103 width=0)
	        Index Cond: ((k >= 3204087) AND (k <= 3204187))

table 7 : explain SELECT k, c FROM sbtest7 WHERE k BETWEEN 3204087 AND 3204187
	Bitmap Heap Scan on sbtest7  (cost=5.50..416.94 rows=104 width=125)
	  Recheck Cond: ((k >= 3204087) AND (k <= 3204187))
	  ->  Bitmap Index Scan on k_7  (cost=0.00..5.47 rows=104 width=0)
	        Index Cond: ((k >= 3204087) AND (k <= 3204187))

table 8 : explain SELECT k, c FROM sbtest8 WHERE k BETWEEN 3204087 AND 3204187
	Bitmap Heap Scan on sbtest8  (cost=5.57..444.49 rows=111 width=125)
	  Recheck Cond: ((k >= 3204087) AND (k <= 3204187))
	  ->  Bitmap Index Scan on k_8  (cost=0.00..5.54 rows=111 width=0)
	        Index Cond: ((k >= 3204087) AND (k <= 3204187))

explain: for range-notcovered :: explain SELECT k, c FROM sbtest%d WHERE k BETWEEN 3779080 AND 3779180
explain: for range-notcovered :: explain SELECT k, c FROM sbtest%d WHERE k BETWEEN 3204087 AND 3204187
for range-notcovered
table 1 : explain SELECT k, c FROM sbtest1 WHERE k BETWEEN 3779080 AND 3779180
	Bitmap Heap Scan on sbtest1  (cost=5.56..440.56 rows=110 width=125)
	  Recheck Cond: ((k >= 3779080) AND (k <= 3779180))
	  ->  Bitmap Index Scan on k_1  (cost=0.00..5.53 rows=110 width=0)
	        Index Cond: ((k >= 3779080) AND (k <= 3779180))

table 2 : explain SELECT k, c FROM sbtest2 WHERE k BETWEEN 3779080 AND 3779180
	Bitmap Heap Scan on sbtest2  (cost=5.53..428.75 rows=107 width=125)
	  Recheck Cond: ((k >= 3779080) AND (k <= 3779180))
	  ->  Bitmap Index Scan on k_2  (cost=0.00..5.50 rows=107 width=0)
	        Index Cond: ((k >= 3779080) AND (k <= 3779180))

table 3 : explain SELECT k, c FROM sbtest3 WHERE k BETWEEN 3779080 AND 3779180
	Bitmap Heap Scan on sbtest3  (cost=5.42..385.43 rows=96 width=125)
	  Recheck Cond: ((k >= 3779080) AND (k <= 3779180))
	  ->  Bitmap Index Scan on k_3  (cost=0.00..5.39 rows=96 width=0)
	        Index Cond: ((k >= 3779080) AND (k <= 3779180))

table 4 : explain SELECT k, c FROM sbtest4 WHERE k BETWEEN 3779080 AND 3779180
	Bitmap Heap Scan on sbtest4  (cost=5.43..389.37 rows=97 width=125)
	  Recheck Cond: ((k >= 3779080) AND (k <= 3779180))
	  ->  Bitmap Index Scan on k_4  (cost=0.00..5.40 rows=97 width=0)
	        Index Cond: ((k >= 3779080) AND (k <= 3779180))

table 5 : explain SELECT k, c FROM sbtest5 WHERE k BETWEEN 3779080 AND 3779180
	Bitmap Heap Scan on sbtest5  (cost=5.44..393.31 rows=98 width=125)
	  Recheck Cond: ((k >= 3779080) AND (k <= 3779180))
	  ->  Bitmap Index Scan on k_5  (cost=0.00..5.42 rows=98 width=0)
	        Index Cond: ((k >= 3779080) AND (k <= 3779180))

table 6 : explain SELECT k, c FROM sbtest6 WHERE k BETWEEN 3779080 AND 3779180
	Bitmap Heap Scan on sbtest6  (cost=5.41..381.49 rows=95 width=125)
	  Recheck Cond: ((k >= 3779080) AND (k <= 3779180))
	  ->  Bitmap Index Scan on k_6  (cost=0.00..5.38 rows=95 width=0)
	        Index Cond: ((k >= 3779080) AND (k <= 3779180))

table 7 : explain SELECT k, c FROM sbtest7 WHERE k BETWEEN 3779080 AND 3779180
	Bitmap Heap Scan on sbtest7  (cost=5.45..397.25 rows=99 width=125)
	  Recheck Cond: ((k >= 3779080) AND (k <= 3779180))
	  ->  Bitmap Index Scan on k_7  (cost=0.00..5.42 rows=99 width=0)
	        Index Cond: ((k >= 3779080) AND (k <= 3779180))

table 8 : explain SELECT k, c FROM sbtest8 WHERE k BETWEEN 3779080 AND 3779180
	Bitmap Heap Scan on sbtest8  (cost=5.54..432.69 rows=108 width=125)
	  Recheck Cond: ((k >= 3779080) AND (k <= 3779180))
	  ->  Bitmap Index Scan on k_8  (cost=0.00..5.51 rows=108 width=0)
	        Index Cond: ((k >= 3779080) AND (k <= 3779180))

for range-notcovered
table 1 : explain SELECT k, c FROM sbtest1 WHERE k BETWEEN 3204087 AND 3204187
	Bitmap Heap Scan on sbtest1  (cost=5.50..416.94 rows=104 width=125)
	  Recheck Cond: ((k >= 3204087) AND (k <= 3204187))
	  ->  Bitmap Index Scan on k_1  (cost=0.00..5.47 rows=104 width=0)
	        Index Cond: ((k >= 3204087) AND (k <= 3204187))

table 2 : explain SELECT k, c FROM sbtest2 WHERE k BETWEEN 3204087 AND 3204187
	Bitmap Heap Scan on sbtest2  (cost=5.49..413.00 rows=103 width=125)
	  Recheck Cond: ((k >= 3204087) AND (k <= 3204187))
	  ->  Bitmap Index Scan on k_2  (cost=0.00..5.46 rows=103 width=0)
	        Index Cond: ((k >= 3204087) AND (k <= 3204187))

table 3 : explain SELECT k, c FROM sbtest3 WHERE k BETWEEN 3204087 AND 3204187
	Bitmap Heap Scan on sbtest3  (cost=5.40..377.55 rows=94 width=125)
	  Recheck Cond: ((k >= 3204087) AND (k <= 3204187))
	  ->  Bitmap Index Scan on k_3  (cost=0.00..5.38 rows=94 width=0)
	        Index Cond: ((k >= 3204087) AND (k <= 3204187))

table 4 : explain SELECT k, c FROM sbtest4 WHERE k BETWEEN 3204087 AND 3204187
	Bitmap Heap Scan on sbtest4  (cost=5.48..409.07 rows=102 width=125)
	  Recheck Cond: ((k >= 3204087) AND (k <= 3204187))
	  ->  Bitmap Index Scan on k_4  (cost=0.00..5.45 rows=102 width=0)
	        Index Cond: ((k >= 3204087) AND (k <= 3204187))

table 5 : explain SELECT k, c FROM sbtest5 WHERE k BETWEEN 3204087 AND 3204187
	Bitmap Heap Scan on sbtest5  (cost=5.47..405.13 rows=101 width=125)
	  Recheck Cond: ((k >= 3204087) AND (k <= 3204187))
	  ->  Bitmap Index Scan on k_5  (cost=0.00..5.44 rows=101 width=0)
	        Index Cond: ((k >= 3204087) AND (k <= 3204187))

table 6 : explain SELECT k, c FROM sbtest6 WHERE k BETWEEN 3204087 AND 3204187
	Bitmap Heap Scan on sbtest6  (cost=5.49..413.00 rows=103 width=125)
	  Recheck Cond: ((k >= 3204087) AND (k <= 3204187))
	  ->  Bitmap Index Scan on k_6  (cost=0.00..5.46 rows=103 width=0)
	        Index Cond: ((k >= 3204087) AND (k <= 3204187))

table 7 : explain SELECT k, c FROM sbtest7 WHERE k BETWEEN 3204087 AND 3204187
	Bitmap Heap Scan on sbtest7  (cost=5.50..416.94 rows=104 width=125)
	  Recheck Cond: ((k >= 3204087) AND (k <= 3204187))
	  ->  Bitmap Index Scan on k_7  (cost=0.00..5.47 rows=104 width=0)
	        Index Cond: ((k >= 3204087) AND (k <= 3204187))

table 8 : explain SELECT k, c FROM sbtest8 WHERE k BETWEEN 3204087 AND 3204187
	Bitmap Heap Scan on sbtest8  (cost=5.57..444.49 rows=111 width=125)
	  Recheck Cond: ((k >= 3204087) AND (k <= 3204187))
	  ->  Bitmap Index Scan on k_8  (cost=0.00..5.54 rows=111 width=0)
	        Index Cond: ((k >= 3204087) AND (k <= 3204187))

for range-notcovered
table 1 : explain SELECT k, c FROM sbtest1 WHERE k BETWEEN 953145 AND 953245
	Bitmap Heap Scan on sbtest1  (cost=5.58..448.42 rows=112 width=125)
	  Recheck Cond: ((k >= 953145) AND (k <= 953245))
	  ->  Bitmap Index Scan on k_1  (cost=0.00..5.55 rows=112 width=0)
	        Index Cond: ((k >= 953145) AND (k <= 953245))

table 2 : explain SELECT k, c FROM sbtest2 WHERE k BETWEEN 953145 AND 953245
	Bitmap Heap Scan on sbtest2  (cost=5.40..377.55 rows=94 width=125)
	  Recheck Cond: ((k >= 953145) AND (k <= 953245))
	  ->  Bitmap Index Scan on k_2  (cost=0.00..5.38 rows=94 width=0)
	        Index Cond: ((k >= 953145) AND (k <= 953245))

table 3 : explain SELECT k, c FROM sbtest3 WHERE k BETWEEN 953145 AND 953245
	Bitmap Heap Scan on sbtest3  (cost=5.53..428.75 rows=107 width=125)
	  Recheck Cond: ((k >= 953145) AND (k <= 953245))
	  ->  Bitmap Index Scan on k_3  (cost=0.00..5.50 rows=107 width=0)
	        Index Cond: ((k >= 953145) AND (k <= 953245))

table 4 : explain SELECT k, c FROM sbtest4 WHERE k BETWEEN 953145 AND 953245
	Bitmap Heap Scan on sbtest4  (cost=5.38..369.67 rows=92 width=125)
	  Recheck Cond: ((k >= 953145) AND (k <= 953245))
	  ->  Bitmap Index Scan on k_4  (cost=0.00..5.35 rows=92 width=0)
	        Index Cond: ((k >= 953145) AND (k <= 953245))

table 5 : explain SELECT k, c FROM sbtest5 WHERE k BETWEEN 953145 AND 953245
	Bitmap Heap Scan on sbtest5  (cost=5.40..377.55 rows=94 width=125)
	  Recheck Cond: ((k >= 953145) AND (k <= 953245))
	  ->  Bitmap Index Scan on k_5  (cost=0.00..5.38 rows=94 width=0)
	        Index Cond: ((k >= 953145) AND (k <= 953245))

table 6 : explain SELECT k, c FROM sbtest6 WHERE k BETWEEN 953145 AND 953245
	Bitmap Heap Scan on sbtest6  (cost=5.40..377.55 rows=94 width=125)
	  Recheck Cond: ((k >= 953145) AND (k <= 953245))
	  ->  Bitmap Index Scan on k_6  (cost=0.00..5.38 rows=94 width=0)
	        Index Cond: ((k >= 953145) AND (k <= 953245))

table 7 : explain SELECT k, c FROM sbtest7 WHERE k BETWEEN 953145 AND 953245
	Bitmap Heap Scan on sbtest7  (cost=5.61..460.22 rows=115 width=125)
	  Recheck Cond: ((k >= 953145) AND (k <= 953245))
	  ->  Bitmap Index Scan on k_7  (cost=0.00..5.58 rows=115 width=0)
	        Index Cond: ((k >= 953145) AND (k <= 953245))

table 8 : explain SELECT k, c FROM sbtest8 WHERE k BETWEEN 953145 AND 953245
	Bitmap Heap Scan on sbtest8  (cost=5.49..413.00 rows=103 width=125)
	  Recheck Cond: ((k >= 953145) AND (k <= 953245))
	  ->  Bitmap Index Scan on k_8  (cost=0.00..5.46 rows=103 width=0)
	        Index Cond: ((k >= 953145) AND (k <= 953245))

explain: for range-notcovered :: explain SELECT k, c FROM sbtest%d WHERE k BETWEEN 3779080 AND 3779180
explain: for range-notcovered :: explain SELECT k, c FROM sbtest%d WHERE k BETWEEN 3204087 AND 3204187
explain: for range-notcovered :: explain SELECT k, c FROM sbtest%d WHERE k BETWEEN 953145 AND 953245
for range-notcovered
table 1 : explain SELECT k, c FROM sbtest1 WHERE k BETWEEN 3779080 AND 3779180
	Bitmap Heap Scan on sbtest1  (cost=5.56..440.56 rows=110 width=125)
	  Recheck Cond: ((k >= 3779080) AND (k <= 3779180))
	  ->  Bitmap Index Scan on k_1  (cost=0.00..5.53 rows=110 width=0)
	        Index Cond: ((k >= 3779080) AND (k <= 3779180))

table 2 : explain SELECT k, c FROM sbtest2 WHERE k BETWEEN 3779080 AND 3779180
	Bitmap Heap Scan on sbtest2  (cost=5.53..428.75 rows=107 width=125)
	  Recheck Cond: ((k >= 3779080) AND (k <= 3779180))
	  ->  Bitmap Index Scan on k_2  (cost=0.00..5.50 rows=107 width=0)
	        Index Cond: ((k >= 3779080) AND (k <= 3779180))

table 3 : explain SELECT k, c FROM sbtest3 WHERE k BETWEEN 3779080 AND 3779180
	Bitmap Heap Scan on sbtest3  (cost=5.42..385.43 rows=96 width=125)
	  Recheck Cond: ((k >= 3779080) AND (k <= 3779180))
	  ->  Bitmap Index Scan on k_3  (cost=0.00..5.39 rows=96 width=0)
	        Index Cond: ((k >= 3779080) AND (k <= 3779180))

table 4 : explain SELECT k, c FROM sbtest4 WHERE k BETWEEN 3779080 AND 3779180
	Bitmap Heap Scan on sbtest4  (cost=5.43..389.37 rows=97 width=125)
	  Recheck Cond: ((k >= 3779080) AND (k <= 3779180))
	  ->  Bitmap Index Scan on k_4  (cost=0.00..5.40 rows=97 width=0)
	        Index Cond: ((k >= 3779080) AND (k <= 3779180))

table 5 : explain SELECT k, c FROM sbtest5 WHERE k BETWEEN 3779080 AND 3779180
	Bitmap Heap Scan on sbtest5  (cost=5.44..393.31 rows=98 width=125)
	  Recheck Cond: ((k >= 3779080) AND (k <= 3779180))
	  ->  Bitmap Index Scan on k_5  (cost=0.00..5.42 rows=98 width=0)
	        Index Cond: ((k >= 3779080) AND (k <= 3779180))

table 6 : explain SELECT k, c FROM sbtest6 WHERE k BETWEEN 3779080 AND 3779180
	Bitmap Heap Scan on sbtest6  (cost=5.41..381.49 rows=95 width=125)
	  Recheck Cond: ((k >= 3779080) AND (k <= 3779180))
	  ->  Bitmap Index Scan on k_6  (cost=0.00..5.38 rows=95 width=0)
	        Index Cond: ((k >= 3779080) AND (k <= 3779180))

table 7 : explain SELECT k, c FROM sbtest7 WHERE k BETWEEN 3779080 AND 3779180
	Bitmap Heap Scan on sbtest7  (cost=5.45..397.25 rows=99 width=125)
	  Recheck Cond: ((k >= 3779080) AND (k <= 3779180))
	  ->  Bitmap Index Scan on k_7  (cost=0.00..5.42 rows=99 width=0)
	        Index Cond: ((k >= 3779080) AND (k <= 3779180))

table 8 : explain SELECT k, c FROM sbtest8 WHERE k BETWEEN 3779080 AND 3779180
	Bitmap Heap Scan on sbtest8  (cost=5.54..432.69 rows=108 width=125)
	  Recheck Cond: ((k >= 3779080) AND (k <= 3779180))
	  ->  Bitmap Index Scan on k_8  (cost=0.00..5.51 rows=108 width=0)
	        Index Cond: ((k >= 3779080) AND (k <= 3779180))

for range-notcovered
table 1 : explain SELECT k, c FROM sbtest1 WHERE k BETWEEN 3204087 AND 3204187
	Bitmap Heap Scan on sbtest1  (cost=5.50..416.94 rows=104 width=125)
	  Recheck Cond: ((k >= 3204087) AND (k <= 3204187))
	  ->  Bitmap Index Scan on k_1  (cost=0.00..5.47 rows=104 width=0)
	        Index Cond: ((k >= 3204087) AND (k <= 3204187))

table 2 : explain SELECT k, c FROM sbtest2 WHERE k BETWEEN 3204087 AND 3204187
	Bitmap Heap Scan on sbtest2  (cost=5.49..413.00 rows=103 width=125)
	  Recheck Cond: ((k >= 3204087) AND (k <= 3204187))
	  ->  Bitmap Index Scan on k_2  (cost=0.00..5.46 rows=103 width=0)
	        Index Cond: ((k >= 3204087) AND (k <= 3204187))

table 3 : explain SELECT k, c FROM sbtest3 WHERE k BETWEEN 3204087 AND 3204187
	Bitmap Heap Scan on sbtest3  (cost=5.40..377.55 rows=94 width=125)
	  Recheck Cond: ((k >= 3204087) AND (k <= 3204187))
	  ->  Bitmap Index Scan on k_3  (cost=0.00..5.38 rows=94 width=0)
	        Index Cond: ((k >= 3204087) AND (k <= 3204187))

table 4 : explain SELECT k, c FROM sbtest4 WHERE k BETWEEN 3204087 AND 3204187
	Bitmap Heap Scan on sbtest4  (cost=5.48..409.07 rows=102 width=125)
	  Recheck Cond: ((k >= 3204087) AND (k <= 3204187))
	  ->  Bitmap Index Scan on k_4  (cost=0.00..5.45 rows=102 width=0)
	        Index Cond: ((k >= 3204087) AND (k <= 3204187))

table 5 : explain SELECT k, c FROM sbtest5 WHERE k BETWEEN 3204087 AND 3204187
	Bitmap Heap Scan on sbtest5  (cost=5.47..405.13 rows=101 width=125)
	  Recheck Cond: ((k >= 3204087) AND (k <= 3204187))
	  ->  Bitmap Index Scan on k_5  (cost=0.00..5.44 rows=101 width=0)
	        Index Cond: ((k >= 3204087) AND (k <= 3204187))

table 6 : explain SELECT k, c FROM sbtest6 WHERE k BETWEEN 3204087 AND 3204187
	Bitmap Heap Scan on sbtest6  (cost=5.49..413.00 rows=103 width=125)
	  Recheck Cond: ((k >= 3204087) AND (k <= 3204187))
	  ->  Bitmap Index Scan on k_6  (cost=0.00..5.46 rows=103 width=0)
	        Index Cond: ((k >= 3204087) AND (k <= 3204187))

table 7 : explain SELECT k, c FROM sbtest7 WHERE k BETWEEN 3204087 AND 3204187
	Bitmap Heap Scan on sbtest7  (cost=5.50..416.94 rows=104 width=125)
	  Recheck Cond: ((k >= 3204087) AND (k <= 3204187))
	  ->  Bitmap Index Scan on k_7  (cost=0.00..5.47 rows=104 width=0)
	        Index Cond: ((k >= 3204087) AND (k <= 3204187))

table 8 : explain SELECT k, c FROM sbtest8 WHERE k BETWEEN 3204087 AND 3204187
	Bitmap Heap Scan on sbtest8  (cost=5.57..444.49 rows=111 width=125)
	  Recheck Cond: ((k >= 3204087) AND (k <= 3204187))
	  ->  Bitmap Index Scan on k_8  (cost=0.00..5.54 rows=111 width=0)
	        Index Cond: ((k >= 3204087) AND (k <= 3204187))

for range-notcovered
table 1 : explain SELECT k, c FROM sbtest1 WHERE k BETWEEN 953145 AND 953245
	Bitmap Heap Scan on sbtest1  (cost=5.58..448.42 rows=112 width=125)
	  Recheck Cond: ((k >= 953145) AND (k <= 953245))
	  ->  Bitmap Index Scan on k_1  (cost=0.00..5.55 rows=112 width=0)
	        Index Cond: ((k >= 953145) AND (k <= 953245))

table 2 : explain SELECT k, c FROM sbtest2 WHERE k BETWEEN 953145 AND 953245
	Bitmap Heap Scan on sbtest2  (cost=5.40..377.55 rows=94 width=125)
	  Recheck Cond: ((k >= 953145) AND (k <= 953245))
	  ->  Bitmap Index Scan on k_2  (cost=0.00..5.38 rows=94 width=0)
	        Index Cond: ((k >= 953145) AND (k <= 953245))

table 3 : explain SELECT k, c FROM sbtest3 WHERE k BETWEEN 953145 AND 953245
	Bitmap Heap Scan on sbtest3  (cost=5.53..428.75 rows=107 width=125)
	  Recheck Cond: ((k >= 953145) AND (k <= 953245))
	  ->  Bitmap Index Scan on k_3  (cost=0.00..5.50 rows=107 width=0)
	        Index Cond: ((k >= 953145) AND (k <= 953245))

table 4 : explain SELECT k, c FROM sbtest4 WHERE k BETWEEN 953145 AND 953245
	Bitmap Heap Scan on sbtest4  (cost=5.38..369.67 rows=92 width=125)
	  Recheck Cond: ((k >= 953145) AND (k <= 953245))
	  ->  Bitmap Index Scan on k_4  (cost=0.00..5.35 rows=92 width=0)
	        Index Cond: ((k >= 953145) AND (k <= 953245))

table 5 : explain SELECT k, c FROM sbtest5 WHERE k BETWEEN 953145 AND 953245
	Bitmap Heap Scan on sbtest5  (cost=5.40..377.55 rows=94 width=125)
	  Recheck Cond: ((k >= 953145) AND (k <= 953245))
	  ->  Bitmap Index Scan on k_5  (cost=0.00..5.38 rows=94 width=0)
	        Index Cond: ((k >= 953145) AND (k <= 953245))

table 6 : explain SELECT k, c FROM sbtest6 WHERE k BETWEEN 953145 AND 953245
	Bitmap Heap Scan on sbtest6  (cost=5.40..377.55 rows=94 width=125)
	  Recheck Cond: ((k >= 953145) AND (k <= 953245))
	  ->  Bitmap Index Scan on k_6  (cost=0.00..5.38 rows=94 width=0)
	        Index Cond: ((k >= 953145) AND (k <= 953245))

table 7 : explain SELECT k, c FROM sbtest7 WHERE k BETWEEN 953145 AND 953245
	Bitmap Heap Scan on sbtest7  (cost=5.61..460.22 rows=115 width=125)
	  Recheck Cond: ((k >= 953145) AND (k <= 953245))
	  ->  Bitmap Index Scan on k_7  (cost=0.00..5.58 rows=115 width=0)
	        Index Cond: ((k >= 953145) AND (k <= 953245))

table 8 : explain SELECT k, c FROM sbtest8 WHERE k BETWEEN 953145 AND 953245
	Bitmap Heap Scan on sbtest8  (cost=5.49..413.00 rows=103 width=125)
	  Recheck Cond: ((k >= 953145) AND (k <= 953245))
	  ->  Bitmap Index Scan on k_8  (cost=0.00..5.46 rows=103 width=0)
	        Index Cond: ((k >= 953145) AND (k <= 953245))

explain: for range-notcovered :: explain SELECT k, c FROM sbtest%d WHERE k BETWEEN 3204087 AND 3204187
explain: for range-notcovered :: explain SELECT k, c FROM sbtest%d WHERE k BETWEEN 953145 AND 953245
for range-notcovered
table 1 : explain SELECT k, c FROM sbtest1 WHERE k BETWEEN 3204087 AND 3204187
	Bitmap Heap Scan on sbtest1  (cost=5.50..416.94 rows=104 width=125)
	  Recheck Cond: ((k >= 3204087) AND (k <= 3204187))
	  ->  Bitmap Index Scan on k_1  (cost=0.00..5.47 rows=104 width=0)
	        Index Cond: ((k >= 3204087) AND (k <= 3204187))

table 2 : explain SELECT k, c FROM sbtest2 WHERE k BETWEEN 3204087 AND 3204187
	Bitmap Heap Scan on sbtest2  (cost=5.49..413.00 rows=103 width=125)
	  Recheck Cond: ((k >= 3204087) AND (k <= 3204187))
	  ->  Bitmap Index Scan on k_2  (cost=0.00..5.46 rows=103 width=0)
	        Index Cond: ((k >= 3204087) AND (k <= 3204187))

table 3 : explain SELECT k, c FROM sbtest3 WHERE k BETWEEN 3204087 AND 3204187
	Bitmap Heap Scan on sbtest3  (cost=5.40..377.55 rows=94 width=125)
	  Recheck Cond: ((k >= 3204087) AND (k <= 3204187))
	  ->  Bitmap Index Scan on k_3  (cost=0.00..5.38 rows=94 width=0)
	        Index Cond: ((k >= 3204087) AND (k <= 3204187))

table 4 : explain SELECT k, c FROM sbtest4 WHERE k BETWEEN 3204087 AND 3204187
	Bitmap Heap Scan on sbtest4  (cost=5.48..409.07 rows=102 width=125)
	  Recheck Cond: ((k >= 3204087) AND (k <= 3204187))
	  ->  Bitmap Index Scan on k_4  (cost=0.00..5.45 rows=102 width=0)
	        Index Cond: ((k >= 3204087) AND (k <= 3204187))

table 5 : explain SELECT k, c FROM sbtest5 WHERE k BETWEEN 3204087 AND 3204187
	Bitmap Heap Scan on sbtest5  (cost=5.47..405.13 rows=101 width=125)
	  Recheck Cond: ((k >= 3204087) AND (k <= 3204187))
	  ->  Bitmap Index Scan on k_5  (cost=0.00..5.44 rows=101 width=0)
	        Index Cond: ((k >= 3204087) AND (k <= 3204187))

table 6 : explain SELECT k, c FROM sbtest6 WHERE k BETWEEN 3204087 AND 3204187
	Bitmap Heap Scan on sbtest6  (cost=5.49..413.00 rows=103 width=125)
	  Recheck Cond: ((k >= 3204087) AND (k <= 3204187))
	  ->  Bitmap Index Scan on k_6  (cost=0.00..5.46 rows=103 width=0)
	        Index Cond: ((k >= 3204087) AND (k <= 3204187))

table 7 : explain SELECT k, c FROM sbtest7 WHERE k BETWEEN 3204087 AND 3204187
	Bitmap Heap Scan on sbtest7  (cost=5.50..416.94 rows=104 width=125)
	  Recheck Cond: ((k >= 3204087) AND (k <= 3204187))
	  ->  Bitmap Index Scan on k_7  (cost=0.00..5.47 rows=104 width=0)
	        Index Cond: ((k >= 3204087) AND (k <= 3204187))

table 8 : explain SELECT k, c FROM sbtest8 WHERE k BETWEEN 3204087 AND 3204187
	Bitmap Heap Scan on sbtest8  (cost=5.57..444.49 rows=111 width=125)
	  Recheck Cond: ((k >= 3204087) AND (k <= 3204187))
	  ->  Bitmap Index Scan on k_8  (cost=0.00..5.54 rows=111 width=0)
	        Index Cond: ((k >= 3204087) AND (k <= 3204187))

explain: for range-notcovered :: explain SELECT k, c FROM sbtest%d WHERE k BETWEEN 3204087 AND 3204187
for range-notcovered
table 1 : explain SELECT k, c FROM sbtest1 WHERE k BETWEEN 953145 AND 953245
	Bitmap Heap Scan on sbtest1  (cost=5.58..448.42 rows=112 width=125)
	  Recheck Cond: ((k >= 953145) AND (k <= 953245))
	  ->  Bitmap Index Scan on k_1  (cost=0.00..5.55 rows=112 width=0)
	        Index Cond: ((k >= 953145) AND (k <= 953245))

table 2 : explain SELECT k, c FROM sbtest2 WHERE k BETWEEN 953145 AND 953245
	Bitmap Heap Scan on sbtest2  (cost=5.40..377.55 rows=94 width=125)
	  Recheck Cond: ((k >= 953145) AND (k <= 953245))
	  ->  Bitmap Index Scan on k_2  (cost=0.00..5.38 rows=94 width=0)
	        Index Cond: ((k >= 953145) AND (k <= 953245))

table 3 : explain SELECT k, c FROM sbtest3 WHERE k BETWEEN 953145 AND 953245
	Bitmap Heap Scan on sbtest3  (cost=5.53..428.75 rows=107 width=125)
	  Recheck Cond: ((k >= 953145) AND (k <= 953245))
	  ->  Bitmap Index Scan on k_3  (cost=0.00..5.50 rows=107 width=0)
	        Index Cond: ((k >= 953145) AND (k <= 953245))

table 4 : explain SELECT k, c FROM sbtest4 WHERE k BETWEEN 953145 AND 953245
	Bitmap Heap Scan on sbtest4  (cost=5.38..369.67 rows=92 width=125)
	  Recheck Cond: ((k >= 953145) AND (k <= 953245))
	  ->  Bitmap Index Scan on k_4  (cost=0.00..5.35 rows=92 width=0)
	        Index Cond: ((k >= 953145) AND (k <= 953245))

table 5 : explain SELECT k, c FROM sbtest5 WHERE k BETWEEN 953145 AND 953245
	Bitmap Heap Scan on sbtest5  (cost=5.40..377.55 rows=94 width=125)
	  Recheck Cond: ((k >= 953145) AND (k <= 953245))
	  ->  Bitmap Index Scan on k_5  (cost=0.00..5.38 rows=94 width=0)
	        Index Cond: ((k >= 953145) AND (k <= 953245))

table 6 : explain SELECT k, c FROM sbtest6 WHERE k BETWEEN 953145 AND 953245
	Bitmap Heap Scan on sbtest6  (cost=5.40..377.55 rows=94 width=125)
	  Recheck Cond: ((k >= 953145) AND (k <= 953245))
	  ->  Bitmap Index Scan on k_6  (cost=0.00..5.38 rows=94 width=0)
	        Index Cond: ((k >= 953145) AND (k <= 953245))

table 7 : explain SELECT k, c FROM sbtest7 WHERE k BETWEEN 953145 AND 953245
	Bitmap Heap Scan on sbtest7  (cost=5.61..460.22 rows=115 width=125)
	  Recheck Cond: ((k >= 953145) AND (k <= 953245))
	  ->  Bitmap Index Scan on k_7  (cost=0.00..5.58 rows=115 width=0)
	        Index Cond: ((k >= 953145) AND (k <= 953245))

table 8 : explain SELECT k, c FROM sbtest8 WHERE k BETWEEN 953145 AND 953245
	Bitmap Heap Scan on sbtest8  (cost=5.49..413.00 rows=103 width=125)
	  Recheck Cond: ((k >= 953145) AND (k <= 953245))
	  ->  Bitmap Index Scan on k_8  (cost=0.00..5.46 rows=103 width=0)
	        Index Cond: ((k >= 953145) AND (k <= 953245))

explain: for range-notcovered :: explain SELECT k, c FROM sbtest%d WHERE k BETWEEN 953145 AND 953245
for range-notcovered
table 1 : explain SELECT k, c FROM sbtest1 WHERE k BETWEEN 3204087 AND 3204187
	Bitmap Heap Scan on sbtest1  (cost=5.50..416.94 rows=104 width=125)
	  Recheck Cond: ((k >= 3204087) AND (k <= 3204187))
	  ->  Bitmap Index Scan on k_1  (cost=0.00..5.47 rows=104 width=0)
	        Index Cond: ((k >= 3204087) AND (k <= 3204187))

table 2 : explain SELECT k, c FROM sbtest2 WHERE k BETWEEN 3204087 AND 3204187
	Bitmap Heap Scan on sbtest2  (cost=5.49..413.00 rows=103 width=125)
	  Recheck Cond: ((k >= 3204087) AND (k <= 3204187))
	  ->  Bitmap Index Scan on k_2  (cost=0.00..5.46 rows=103 width=0)
	        Index Cond: ((k >= 3204087) AND (k <= 3204187))

table 3 : explain SELECT k, c FROM sbtest3 WHERE k BETWEEN 3204087 AND 3204187
	Bitmap Heap Scan on sbtest3  (cost=5.40..377.55 rows=94 width=125)
	  Recheck Cond: ((k >= 3204087) AND (k <= 3204187))
	  ->  Bitmap Index Scan on k_3  (cost=0.00..5.38 rows=94 width=0)
	        Index Cond: ((k >= 3204087) AND (k <= 3204187))

table 4 : explain SELECT k, c FROM sbtest4 WHERE k BETWEEN 3204087 AND 3204187
	Bitmap Heap Scan on sbtest4  (cost=5.48..409.07 rows=102 width=125)
	  Recheck Cond: ((k >= 3204087) AND (k <= 3204187))
	  ->  Bitmap Index Scan on k_4  (cost=0.00..5.45 rows=102 width=0)
	        Index Cond: ((k >= 3204087) AND (k <= 3204187))

table 5 : explain SELECT k, c FROM sbtest5 WHERE k BETWEEN 3204087 AND 3204187
	Bitmap Heap Scan on sbtest5  (cost=5.47..405.13 rows=101 width=125)
	  Recheck Cond: ((k >= 3204087) AND (k <= 3204187))
	  ->  Bitmap Index Scan on k_5  (cost=0.00..5.44 rows=101 width=0)
	        Index Cond: ((k >= 3204087) AND (k <= 3204187))

table 6 : explain SELECT k, c FROM sbtest6 WHERE k BETWEEN 3204087 AND 3204187
	Bitmap Heap Scan on sbtest6  (cost=5.49..413.00 rows=103 width=125)
	  Recheck Cond: ((k >= 3204087) AND (k <= 3204187))
	  ->  Bitmap Index Scan on k_6  (cost=0.00..5.46 rows=103 width=0)
	        Index Cond: ((k >= 3204087) AND (k <= 3204187))

table 7 : explain SELECT k, c FROM sbtest7 WHERE k BETWEEN 3204087 AND 3204187
	Bitmap Heap Scan on sbtest7  (cost=5.50..416.94 rows=104 width=125)
	  Recheck Cond: ((k >= 3204087) AND (k <= 3204187))
	  ->  Bitmap Index Scan on k_7  (cost=0.00..5.47 rows=104 width=0)
	        Index Cond: ((k >= 3204087) AND (k <= 3204187))

table 8 : explain SELECT k, c FROM sbtest8 WHERE k BETWEEN 3204087 AND 3204187
	Bitmap Heap Scan on sbtest8  (cost=5.57..444.49 rows=111 width=125)
	  Recheck Cond: ((k >= 3204087) AND (k <= 3204187))
	  ->  Bitmap Index Scan on k_8  (cost=0.00..5.54 rows=111 width=0)
	        Index Cond: ((k >= 3204087) AND (k <= 3204187))

for range-notcovered
table 1 : explain SELECT k, c FROM sbtest1 WHERE k BETWEEN 953145 AND 953245
	Bitmap Heap Scan on sbtest1  (cost=5.58..448.42 rows=112 width=125)
	  Recheck Cond: ((k >= 953145) AND (k <= 953245))
	  ->  Bitmap Index Scan on k_1  (cost=0.00..5.55 rows=112 width=0)
	        Index Cond: ((k >= 953145) AND (k <= 953245))

table 2 : explain SELECT k, c FROM sbtest2 WHERE k BETWEEN 953145 AND 953245
	Bitmap Heap Scan on sbtest2  (cost=5.40..377.55 rows=94 width=125)
	  Recheck Cond: ((k >= 953145) AND (k <= 953245))
	  ->  Bitmap Index Scan on k_2  (cost=0.00..5.38 rows=94 width=0)
	        Index Cond: ((k >= 953145) AND (k <= 953245))

table 3 : explain SELECT k, c FROM sbtest3 WHERE k BETWEEN 953145 AND 953245
	Bitmap Heap Scan on sbtest3  (cost=5.53..428.75 rows=107 width=125)
	  Recheck Cond: ((k >= 953145) AND (k <= 953245))
	  ->  Bitmap Index Scan on k_3  (cost=0.00..5.50 rows=107 width=0)
	        Index Cond: ((k >= 953145) AND (k <= 953245))

table 4 : explain SELECT k, c FROM sbtest4 WHERE k BETWEEN 953145 AND 953245
	Bitmap Heap Scan on sbtest4  (cost=5.38..369.67 rows=92 width=125)
	  Recheck Cond: ((k >= 953145) AND (k <= 953245))
	  ->  Bitmap Index Scan on k_4  (cost=0.00..5.35 rows=92 width=0)
	        Index Cond: ((k >= 953145) AND (k <= 953245))

table 5 : explain SELECT k, c FROM sbtest5 WHERE k BETWEEN 953145 AND 953245
	Bitmap Heap Scan on sbtest5  (cost=5.40..377.55 rows=94 width=125)
	  Recheck Cond: ((k >= 953145) AND (k <= 953245))
	  ->  Bitmap Index Scan on k_5  (cost=0.00..5.38 rows=94 width=0)
	        Index Cond: ((k >= 953145) AND (k <= 953245))

table 6 : explain SELECT k, c FROM sbtest6 WHERE k BETWEEN 953145 AND 953245
	Bitmap Heap Scan on sbtest6  (cost=5.40..377.55 rows=94 width=125)
	  Recheck Cond: ((k >= 953145) AND (k <= 953245))
	  ->  Bitmap Index Scan on k_6  (cost=0.00..5.38 rows=94 width=0)
	        Index Cond: ((k >= 953145) AND (k <= 953245))

table 7 : explain SELECT k, c FROM sbtest7 WHERE k BETWEEN 953145 AND 953245
	Bitmap Heap Scan on sbtest7  (cost=5.61..460.22 rows=115 width=125)
	  Recheck Cond: ((k >= 953145) AND (k <= 953245))
	  ->  Bitmap Index Scan on k_7  (cost=0.00..5.58 rows=115 width=0)
	        Index Cond: ((k >= 953145) AND (k <= 953245))

table 8 : explain SELECT k, c FROM sbtest8 WHERE k BETWEEN 953145 AND 953245
	Bitmap Heap Scan on sbtest8  (cost=5.49..413.00 rows=103 width=125)
	  Recheck Cond: ((k >= 953145) AND (k <= 953245))
	  ->  Bitmap Index Scan on k_8  (cost=0.00..5.46 rows=103 width=0)
	        Index Cond: ((k >= 953145) AND (k <= 953245))

explain: for range-notcovered :: explain SELECT k, c FROM sbtest%d WHERE k BETWEEN 953145 AND 953245
for range-notcovered
table 1 : explain SELECT k, c FROM sbtest1 WHERE k BETWEEN 5941308 AND 5941408
	Bitmap Heap Scan on sbtest1  (cost=5.49..413.00 rows=103 width=125)
	  Recheck Cond: ((k >= 5941308) AND (k <= 5941408))
	  ->  Bitmap Index Scan on k_1  (cost=0.00..5.46 rows=103 width=0)
	        Index Cond: ((k >= 5941308) AND (k <= 5941408))

table 2 : explain SELECT k, c FROM sbtest2 WHERE k BETWEEN 5941308 AND 5941408
	Bitmap Heap Scan on sbtest2  (cost=5.51..420.88 rows=105 width=125)
	  Recheck Cond: ((k >= 5941308) AND (k <= 5941408))
	  ->  Bitmap Index Scan on k_2  (cost=0.00..5.48 rows=105 width=0)
	        Index Cond: ((k >= 5941308) AND (k <= 5941408))

table 3 : explain SELECT k, c FROM sbtest3 WHERE k BETWEEN 5941308 AND 5941408
	Bitmap Heap Scan on sbtest3  (cost=5.49..413.00 rows=103 width=125)
	  Recheck Cond: ((k >= 5941308) AND (k <= 5941408))
	  ->  Bitmap Index Scan on k_3  (cost=0.00..5.46 rows=103 width=0)
	        Index Cond: ((k >= 5941308) AND (k <= 5941408))

table 4 : explain SELECT k, c FROM sbtest4 WHERE k BETWEEN 5941308 AND 5941408
	Bitmap Heap Scan on sbtest4  (cost=5.47..405.13 rows=101 width=125)
	  Recheck Cond: ((k >= 5941308) AND (k <= 5941408))
	  ->  Bitmap Index Scan on k_4  (cost=0.00..5.44 rows=101 width=0)
	        Index Cond: ((k >= 5941308) AND (k <= 5941408))

table 5 : explain SELECT k, c FROM sbtest5 WHERE k BETWEEN 5941308 AND 5941408
	Bitmap Heap Scan on sbtest5  (cost=5.42..385.43 rows=96 width=125)
	  Recheck Cond: ((k >= 5941308) AND (k <= 5941408))
	  ->  Bitmap Index Scan on k_5  (cost=0.00..5.39 rows=96 width=0)
	        Index Cond: ((k >= 5941308) AND (k <= 5941408))

table 6 : explain SELECT k, c FROM sbtest6 WHERE k BETWEEN 5941308 AND 5941408
	Bitmap Heap Scan on sbtest6  (cost=5.48..409.07 rows=102 width=125)
	  Recheck Cond: ((k >= 5941308) AND (k <= 5941408))
	  ->  Bitmap Index Scan on k_6  (cost=0.00..5.45 rows=102 width=0)
	        Index Cond: ((k >= 5941308) AND (k <= 5941408))

table 7 : explain SELECT k, c FROM sbtest7 WHERE k BETWEEN 5941308 AND 5941408
	Bitmap Heap Scan on sbtest7  (cost=5.51..420.88 rows=105 width=125)
	  Recheck Cond: ((k >= 5941308) AND (k <= 5941408))
	  ->  Bitmap Index Scan on k_7  (cost=0.00..5.48 rows=105 width=0)
	        Index Cond: ((k >= 5941308) AND (k <= 5941408))

table 8 : explain SELECT k, c FROM sbtest8 WHERE k BETWEEN 5941308 AND 5941408
	Bitmap Heap Scan on sbtest8  (cost=5.42..385.43 rows=96 width=125)
	  Recheck Cond: ((k >= 5941308) AND (k <= 5941408))
	  ->  Bitmap Index Scan on k_8  (cost=0.00..5.39 rows=96 width=0)
	        Index Cond: ((k >= 5941308) AND (k <= 5941408))

for range-notcovered
table 1 : explain SELECT k, c FROM sbtest1 WHERE k BETWEEN 953145 AND 953245
	Bitmap Heap Scan on sbtest1  (cost=5.58..448.42 rows=112 width=125)
	  Recheck Cond: ((k >= 953145) AND (k <= 953245))
	  ->  Bitmap Index Scan on k_1  (cost=0.00..5.55 rows=112 width=0)
	        Index Cond: ((k >= 953145) AND (k <= 953245))

table 2 : explain SELECT k, c FROM sbtest2 WHERE k BETWEEN 953145 AND 953245
	Bitmap Heap Scan on sbtest2  (cost=5.40..377.55 rows=94 width=125)
	  Recheck Cond: ((k >= 953145) AND (k <= 953245))
	  ->  Bitmap Index Scan on k_2  (cost=0.00..5.38 rows=94 width=0)
	        Index Cond: ((k >= 953145) AND (k <= 953245))

table 3 : explain SELECT k, c FROM sbtest3 WHERE k BETWEEN 953145 AND 953245
	Bitmap Heap Scan on sbtest3  (cost=5.53..428.75 rows=107 width=125)
	  Recheck Cond: ((k >= 953145) AND (k <= 953245))
	  ->  Bitmap Index Scan on k_3  (cost=0.00..5.50 rows=107 width=0)
	        Index Cond: ((k >= 953145) AND (k <= 953245))

table 4 : explain SELECT k, c FROM sbtest4 WHERE k BETWEEN 953145 AND 953245
	Bitmap Heap Scan on sbtest4  (cost=5.38..369.67 rows=92 width=125)
	  Recheck Cond: ((k >= 953145) AND (k <= 953245))
	  ->  Bitmap Index Scan on k_4  (cost=0.00..5.35 rows=92 width=0)
	        Index Cond: ((k >= 953145) AND (k <= 953245))

table 5 : explain SELECT k, c FROM sbtest5 WHERE k BETWEEN 953145 AND 953245
	Bitmap Heap Scan on sbtest5  (cost=5.40..377.55 rows=94 width=125)
	  Recheck Cond: ((k >= 953145) AND (k <= 953245))
	  ->  Bitmap Index Scan on k_5  (cost=0.00..5.38 rows=94 width=0)
	        Index Cond: ((k >= 953145) AND (k <= 953245))

table 6 : explain SELECT k, c FROM sbtest6 WHERE k BETWEEN 953145 AND 953245
	Bitmap Heap Scan on sbtest6  (cost=5.40..377.55 rows=94 width=125)
	  Recheck Cond: ((k >= 953145) AND (k <= 953245))
	  ->  Bitmap Index Scan on k_6  (cost=0.00..5.38 rows=94 width=0)
	        Index Cond: ((k >= 953145) AND (k <= 953245))

table 7 : explain SELECT k, c FROM sbtest7 WHERE k BETWEEN 953145 AND 953245
	Bitmap Heap Scan on sbtest7  (cost=5.61..460.22 rows=115 width=125)
	  Recheck Cond: ((k >= 953145) AND (k <= 953245))
	  ->  Bitmap Index Scan on k_7  (cost=0.00..5.58 rows=115 width=0)
	        Index Cond: ((k >= 953145) AND (k <= 953245))

table 8 : explain SELECT k, c FROM sbtest8 WHERE k BETWEEN 953145 AND 953245
	Bitmap Heap Scan on sbtest8  (cost=5.49..413.00 rows=103 width=125)
	  Recheck Cond: ((k >= 953145) AND (k <= 953245))
	  ->  Bitmap Index Scan on k_8  (cost=0.00..5.46 rows=103 width=0)
	        Index Cond: ((k >= 953145) AND (k <= 953245))

explain: for range-notcovered :: explain SELECT k, c FROM sbtest%d WHERE k BETWEEN 5941308 AND 5941408
explain: for range-notcovered :: explain SELECT k, c FROM sbtest%d WHERE k BETWEEN 953145 AND 953245
for range-notcovered
table 1 : explain SELECT k, c FROM sbtest1 WHERE k BETWEEN 5941308 AND 5941408
	Bitmap Heap Scan on sbtest1  (cost=5.49..413.00 rows=103 width=125)
	  Recheck Cond: ((k >= 5941308) AND (k <= 5941408))
	  ->  Bitmap Index Scan on k_1  (cost=0.00..5.46 rows=103 width=0)
	        Index Cond: ((k >= 5941308) AND (k <= 5941408))

table 2 : explain SELECT k, c FROM sbtest2 WHERE k BETWEEN 5941308 AND 5941408
	Bitmap Heap Scan on sbtest2  (cost=5.51..420.88 rows=105 width=125)
	  Recheck Cond: ((k >= 5941308) AND (k <= 5941408))
	  ->  Bitmap Index Scan on k_2  (cost=0.00..5.48 rows=105 width=0)
	        Index Cond: ((k >= 5941308) AND (k <= 5941408))

table 3 : explain SELECT k, c FROM sbtest3 WHERE k BETWEEN 5941308 AND 5941408
	Bitmap Heap Scan on sbtest3  (cost=5.49..413.00 rows=103 width=125)
	  Recheck Cond: ((k >= 5941308) AND (k <= 5941408))
	  ->  Bitmap Index Scan on k_3  (cost=0.00..5.46 rows=103 width=0)
	        Index Cond: ((k >= 5941308) AND (k <= 5941408))

table 4 : explain SELECT k, c FROM sbtest4 WHERE k BETWEEN 5941308 AND 5941408
	Bitmap Heap Scan on sbtest4  (cost=5.47..405.13 rows=101 width=125)
	  Recheck Cond: ((k >= 5941308) AND (k <= 5941408))
	  ->  Bitmap Index Scan on k_4  (cost=0.00..5.44 rows=101 width=0)
	        Index Cond: ((k >= 5941308) AND (k <= 5941408))

table 5 : explain SELECT k, c FROM sbtest5 WHERE k BETWEEN 5941308 AND 5941408
	Bitmap Heap Scan on sbtest5  (cost=5.42..385.43 rows=96 width=125)
	  Recheck Cond: ((k >= 5941308) AND (k <= 5941408))
	  ->  Bitmap Index Scan on k_5  (cost=0.00..5.39 rows=96 width=0)
	        Index Cond: ((k >= 5941308) AND (k <= 5941408))

table 6 : explain SELECT k, c FROM sbtest6 WHERE k BETWEEN 5941308 AND 5941408
	Bitmap Heap Scan on sbtest6  (cost=5.48..409.07 rows=102 width=125)
	  Recheck Cond: ((k >= 5941308) AND (k <= 5941408))
	  ->  Bitmap Index Scan on k_6  (cost=0.00..5.45 rows=102 width=0)
	        Index Cond: ((k >= 5941308) AND (k <= 5941408))

table 7 : explain SELECT k, c FROM sbtest7 WHERE k BETWEEN 5941308 AND 5941408
	Bitmap Heap Scan on sbtest7  (cost=5.51..420.88 rows=105 width=125)
	  Recheck Cond: ((k >= 5941308) AND (k <= 5941408))
	  ->  Bitmap Index Scan on k_7  (cost=0.00..5.48 rows=105 width=0)
	        Index Cond: ((k >= 5941308) AND (k <= 5941408))

table 8 : explain SELECT k, c FROM sbtest8 WHERE k BETWEEN 5941308 AND 5941408
	Bitmap Heap Scan on sbtest8  (cost=5.42..385.43 rows=96 width=125)
	  Recheck Cond: ((k >= 5941308) AND (k <= 5941408))
	  ->  Bitmap Index Scan on k_8  (cost=0.00..5.39 rows=96 width=0)
	        Index Cond: ((k >= 5941308) AND (k <= 5941408))

for range-notcovered
table 1 : explain SELECT k, c FROM sbtest1 WHERE k BETWEEN 953145 AND 953245
	Bitmap Heap Scan on sbtest1  (cost=5.58..448.42 rows=112 width=125)
	  Recheck Cond: ((k >= 953145) AND (k <= 953245))
	  ->  Bitmap Index Scan on k_1  (cost=0.00..5.55 rows=112 width=0)
	        Index Cond: ((k >= 953145) AND (k <= 953245))

table 2 : explain SELECT k, c FROM sbtest2 WHERE k BETWEEN 953145 AND 953245
	Bitmap Heap Scan on sbtest2  (cost=5.40..377.55 rows=94 width=125)
	  Recheck Cond: ((k >= 953145) AND (k <= 953245))
	  ->  Bitmap Index Scan on k_2  (cost=0.00..5.38 rows=94 width=0)
	        Index Cond: ((k >= 953145) AND (k <= 953245))

table 3 : explain SELECT k, c FROM sbtest3 WHERE k BETWEEN 953145 AND 953245
	Bitmap Heap Scan on sbtest3  (cost=5.53..428.75 rows=107 width=125)
	  Recheck Cond: ((k >= 953145) AND (k <= 953245))
	  ->  Bitmap Index Scan on k_3  (cost=0.00..5.50 rows=107 width=0)
	        Index Cond: ((k >= 953145) AND (k <= 953245))

table 4 : explain SELECT k, c FROM sbtest4 WHERE k BETWEEN 953145 AND 953245
	Bitmap Heap Scan on sbtest4  (cost=5.38..369.67 rows=92 width=125)
	  Recheck Cond: ((k >= 953145) AND (k <= 953245))
	  ->  Bitmap Index Scan on k_4  (cost=0.00..5.35 rows=92 width=0)
	        Index Cond: ((k >= 953145) AND (k <= 953245))

table 5 : explain SELECT k, c FROM sbtest5 WHERE k BETWEEN 953145 AND 953245
	Bitmap Heap Scan on sbtest5  (cost=5.40..377.55 rows=94 width=125)
	  Recheck Cond: ((k >= 953145) AND (k <= 953245))
	  ->  Bitmap Index Scan on k_5  (cost=0.00..5.38 rows=94 width=0)
	        Index Cond: ((k >= 953145) AND (k <= 953245))

table 6 : explain SELECT k, c FROM sbtest6 WHERE k BETWEEN 953145 AND 953245
	Bitmap Heap Scan on sbtest6  (cost=5.40..377.55 rows=94 width=125)
	  Recheck Cond: ((k >= 953145) AND (k <= 953245))
	  ->  Bitmap Index Scan on k_6  (cost=0.00..5.38 rows=94 width=0)
	        Index Cond: ((k >= 953145) AND (k <= 953245))

table 7 : explain SELECT k, c FROM sbtest7 WHERE k BETWEEN 953145 AND 953245
	Bitmap Heap Scan on sbtest7  (cost=5.61..460.22 rows=115 width=125)
	  Recheck Cond: ((k >= 953145) AND (k <= 953245))
	  ->  Bitmap Index Scan on k_7  (cost=0.00..5.58 rows=115 width=0)
	        Index Cond: ((k >= 953145) AND (k <= 953245))

table 8 : explain SELECT k, c FROM sbtest8 WHERE k BETWEEN 953145 AND 953245
	Bitmap Heap Scan on sbtest8  (cost=5.49..413.00 rows=103 width=125)
	  Recheck Cond: ((k >= 953145) AND (k <= 953245))
	  ->  Bitmap Index Scan on k_8  (cost=0.00..5.46 rows=103 width=0)
	        Index Cond: ((k >= 953145) AND (k <= 953245))

explain: for range-notcovered :: explain SELECT k, c FROM sbtest%d WHERE k BETWEEN 953145 AND 953245
for range-notcovered
table 1 : explain SELECT k, c FROM sbtest1 WHERE k BETWEEN 953145 AND 953245
	Bitmap Heap Scan on sbtest1  (cost=5.58..448.42 rows=112 width=125)
	  Recheck Cond: ((k >= 953145) AND (k <= 953245))
	  ->  Bitmap Index Scan on k_1  (cost=0.00..5.55 rows=112 width=0)
	        Index Cond: ((k >= 953145) AND (k <= 953245))

table 2 : explain SELECT k, c FROM sbtest2 WHERE k BETWEEN 953145 AND 953245
	Bitmap Heap Scan on sbtest2  (cost=5.40..377.55 rows=94 width=125)
	  Recheck Cond: ((k >= 953145) AND (k <= 953245))
	  ->  Bitmap Index Scan on k_2  (cost=0.00..5.38 rows=94 width=0)
	        Index Cond: ((k >= 953145) AND (k <= 953245))

table 3 : explain SELECT k, c FROM sbtest3 WHERE k BETWEEN 953145 AND 953245
	Bitmap Heap Scan on sbtest3  (cost=5.53..428.75 rows=107 width=125)
	  Recheck Cond: ((k >= 953145) AND (k <= 953245))
	  ->  Bitmap Index Scan on k_3  (cost=0.00..5.50 rows=107 width=0)
	        Index Cond: ((k >= 953145) AND (k <= 953245))

table 4 : explain SELECT k, c FROM sbtest4 WHERE k BETWEEN 953145 AND 953245
	Bitmap Heap Scan on sbtest4  (cost=5.38..369.67 rows=92 width=125)
	  Recheck Cond: ((k >= 953145) AND (k <= 953245))
	  ->  Bitmap Index Scan on k_4  (cost=0.00..5.35 rows=92 width=0)
	        Index Cond: ((k >= 953145) AND (k <= 953245))

table 5 : explain SELECT k, c FROM sbtest5 WHERE k BETWEEN 953145 AND 953245
	Bitmap Heap Scan on sbtest5  (cost=5.40..377.55 rows=94 width=125)
	  Recheck Cond: ((k >= 953145) AND (k <= 953245))
	  ->  Bitmap Index Scan on k_5  (cost=0.00..5.38 rows=94 width=0)
	        Index Cond: ((k >= 953145) AND (k <= 953245))

table 6 : explain SELECT k, c FROM sbtest6 WHERE k BETWEEN 953145 AND 953245
	Bitmap Heap Scan on sbtest6  (cost=5.40..377.55 rows=94 width=125)
	  Recheck Cond: ((k >= 953145) AND (k <= 953245))
	  ->  Bitmap Index Scan on k_6  (cost=0.00..5.38 rows=94 width=0)
	        Index Cond: ((k >= 953145) AND (k <= 953245))

table 7 : explain SELECT k, c FROM sbtest7 WHERE k BETWEEN 953145 AND 953245
	Bitmap Heap Scan on sbtest7  (cost=5.61..460.22 rows=115 width=125)
	  Recheck Cond: ((k >= 953145) AND (k <= 953245))
	  ->  Bitmap Index Scan on k_7  (cost=0.00..5.58 rows=115 width=0)
	        Index Cond: ((k >= 953145) AND (k <= 953245))

table 8 : explain SELECT k, c FROM sbtest8 WHERE k BETWEEN 953145 AND 953245
	Bitmap Heap Scan on sbtest8  (cost=5.49..413.00 rows=103 width=125)
	  Recheck Cond: ((k >= 953145) AND (k <= 953245))
	  ->  Bitmap Index Scan on k_8  (cost=0.00..5.46 rows=103 width=0)
	        Index Cond: ((k >= 953145) AND (k <= 953245))

explain: for range-notcovered :: explain SELECT k, c FROM sbtest%d WHERE k BETWEEN 953145 AND 953245
for range-notcovered
table 1 : explain SELECT k, c FROM sbtest1 WHERE k BETWEEN 953145 AND 953245
	Bitmap Heap Scan on sbtest1  (cost=5.58..448.42 rows=112 width=125)
	  Recheck Cond: ((k >= 953145) AND (k <= 953245))
	  ->  Bitmap Index Scan on k_1  (cost=0.00..5.55 rows=112 width=0)
	        Index Cond: ((k >= 953145) AND (k <= 953245))

table 2 : explain SELECT k, c FROM sbtest2 WHERE k BETWEEN 953145 AND 953245
	Bitmap Heap Scan on sbtest2  (cost=5.40..377.55 rows=94 width=125)
	  Recheck Cond: ((k >= 953145) AND (k <= 953245))
	  ->  Bitmap Index Scan on k_2  (cost=0.00..5.38 rows=94 width=0)
	        Index Cond: ((k >= 953145) AND (k <= 953245))

table 3 : explain SELECT k, c FROM sbtest3 WHERE k BETWEEN 953145 AND 953245
	Bitmap Heap Scan on sbtest3  (cost=5.53..428.75 rows=107 width=125)
	  Recheck Cond: ((k >= 953145) AND (k <= 953245))
	  ->  Bitmap Index Scan on k_3  (cost=0.00..5.50 rows=107 width=0)
	        Index Cond: ((k >= 953145) AND (k <= 953245))

table 4 : explain SELECT k, c FROM sbtest4 WHERE k BETWEEN 953145 AND 953245
	Bitmap Heap Scan on sbtest4  (cost=5.38..369.67 rows=92 width=125)
	  Recheck Cond: ((k >= 953145) AND (k <= 953245))
	  ->  Bitmap Index Scan on k_4  (cost=0.00..5.35 rows=92 width=0)
	        Index Cond: ((k >= 953145) AND (k <= 953245))

table 5 : explain SELECT k, c FROM sbtest5 WHERE k BETWEEN 953145 AND 953245
	Bitmap Heap Scan on sbtest5  (cost=5.40..377.55 rows=94 width=125)
	  Recheck Cond: ((k >= 953145) AND (k <= 953245))
	  ->  Bitmap Index Scan on k_5  (cost=0.00..5.38 rows=94 width=0)
	        Index Cond: ((k >= 953145) AND (k <= 953245))

table 6 : explain SELECT k, c FROM sbtest6 WHERE k BETWEEN 953145 AND 953245
	Bitmap Heap Scan on sbtest6  (cost=5.40..377.55 rows=94 width=125)
	  Recheck Cond: ((k >= 953145) AND (k <= 953245))
	  ->  Bitmap Index Scan on k_6  (cost=0.00..5.38 rows=94 width=0)
	        Index Cond: ((k >= 953145) AND (k <= 953245))

table 7 : explain SELECT k, c FROM sbtest7 WHERE k BETWEEN 953145 AND 953245
	Bitmap Heap Scan on sbtest7  (cost=5.61..460.22 rows=115 width=125)
	  Recheck Cond: ((k >= 953145) AND (k <= 953245))
	  ->  Bitmap Index Scan on k_7  (cost=0.00..5.58 rows=115 width=0)
	        Index Cond: ((k >= 953145) AND (k <= 953245))

table 8 : explain SELECT k, c FROM sbtest8 WHERE k BETWEEN 953145 AND 953245
	Bitmap Heap Scan on sbtest8  (cost=5.49..413.00 rows=103 width=125)
	  Recheck Cond: ((k >= 953145) AND (k <= 953245))
	  ->  Bitmap Index Scan on k_8  (cost=0.00..5.46 rows=103 width=0)
	        Index Cond: ((k >= 953145) AND (k <= 953245))

Threads started!

Warming up for 5 seconds...

SQL statistics:
    queries performed:
        read:                            105116512
        write:                           0
        other:                           0
        total:                           105116512
    transactions:                        105116512 (166849.92 per sec.)
    queries:                             105116512 (166849.92 per sec.)
    ignored errors:                      0      (0.00 per sec.)
    reconnects:                          0      (0.00 per sec.)

Throughput:
    events/s (eps):                      166849.9153
    time elapsed:                        630.0065s
    total number of events:              105116512

Latency (ms):
         min:                                    0.07
         avg:                                    0.24
         max:                                   18.87
         95th percentile:                        0.28
         sum:                             25151716.98

Threads fairness:
    events (avg/stddev):           2627910.0000/7511.68
    execution time (avg/stddev):   628.7929/0.02

