LUA_PATH=/home/mdcallag/git/mytools/bench/sysbench.lua/lua/?.lua /home/mdcallag/git/mytools/bench/sysbench.lua/lua/sysbench --db-driver=pgsql --range-size=100 --table-size=10000000 --tables=8 --threads=40 --events=0 --warmup-time=5 --time=930 --pgsql_conn_id=true /home/mdcallag/git/mytools/bench/sysbench.lua/lua/oltp_inlist_update.lua run --pgsql-user=root --pgsql-password=pw --pgsql-host=127.0.0.1 --pgsql-db=ib --rand-type=uniform
48 CPUs
sysbench 1.1.0-9072687 (using bundled LuaJIT 2.1.0-beta3)

Running the test with following options:
Number of threads: 40
Warmup time: 5s
Initializing random number generator from current time


Initializing worker threads...

explain: for update-inlist :: explain UPDATE sbtest%d set c=7 WHERE id IN ( 8085518, 724208, 577248, 2128620, 3262989, 7325610, 9095106, 1862964, 2431864, 3657516)
explain: for update-inlist :: explain UPDATE sbtest%d set c=7 WHERE id IN ( 6758078, 6116047, 2018368, 7059762, 2201499, 3674307, 3063643, 1555304, 9290442, 2917494)
for update-inlist
table 1 : explain UPDATE sbtest1 set c=7 WHERE id IN ( 6758078, 6116047, 2018368, 7059762, 2201499, 3674307, 3063643, 1555304, 9290442, 2917494)
	Update on sbtest1  (cost=0.43..48.53 rows=0 width=0)
	  ->  Index Scan using sbtest1_pkey on sbtest1  (cost=0.43..48.53 rows=10 width=490)
	        Index Cond: (id = ANY ('{6758078,6116047,2018368,7059762,2201499,3674307,3063643,1555304,9290442,2917494}'::integer[]))

table 2 : explain UPDATE sbtest2 set c=7 WHERE id IN ( 6758078, 6116047, 2018368, 7059762, 2201499, 3674307, 3063643, 1555304, 9290442, 2917494)
	Update on sbtest2  (cost=0.43..48.53 rows=0 width=0)
	  ->  Index Scan using sbtest2_pkey on sbtest2  (cost=0.43..48.53 rows=10 width=490)
	        Index Cond: (id = ANY ('{6758078,6116047,2018368,7059762,2201499,3674307,3063643,1555304,9290442,2917494}'::integer[]))

table 3 : explain UPDATE sbtest3 set c=7 WHERE id IN ( 6758078, 6116047, 2018368, 7059762, 2201499, 3674307, 3063643, 1555304, 9290442, 2917494)
	Update on sbtest3  (cost=0.43..48.53 rows=0 width=0)
	  ->  Index Scan using sbtest3_pkey on sbtest3  (cost=0.43..48.53 rows=10 width=490)
	        Index Cond: (id = ANY ('{6758078,6116047,2018368,7059762,2201499,3674307,3063643,1555304,9290442,2917494}'::integer[]))

table 4 : explain UPDATE sbtest4 set c=7 WHERE id IN ( 6758078, 6116047, 2018368, 7059762, 2201499, 3674307, 3063643, 1555304, 9290442, 2917494)
	Update on sbtest4  (cost=0.43..48.53 rows=0 width=0)
	  ->  Index Scan using sbtest4_pkey on sbtest4  (cost=0.43..48.53 rows=10 width=490)
	        Index Cond: (id = ANY ('{6758078,6116047,2018368,7059762,2201499,3674307,3063643,1555304,9290442,2917494}'::integer[]))

table 5 : explain UPDATE sbtest5 set c=7 WHERE id IN ( 6758078, 6116047, 2018368, 7059762, 2201499, 3674307, 3063643, 1555304, 9290442, 2917494)
	Update on sbtest5  (cost=0.43..48.53 rows=0 width=0)
	  ->  Index Scan using sbtest5_pkey on sbtest5  (cost=0.43..48.53 rows=10 width=490)
	        Index Cond: (id = ANY ('{6758078,6116047,2018368,7059762,2201499,3674307,3063643,1555304,9290442,2917494}'::integer[]))

table 6 : explain UPDATE sbtest6 set c=7 WHERE id IN ( 6758078, 6116047, 2018368, 7059762, 2201499, 3674307, 3063643, 1555304, 9290442, 2917494)
	Update on sbtest6  (cost=0.43..48.53 rows=0 width=0)
	  ->  Index Scan using sbtest6_pkey on sbtest6  (cost=0.43..48.53 rows=10 width=490)
	        Index Cond: (id = ANY ('{6758078,6116047,2018368,7059762,2201499,3674307,3063643,1555304,9290442,2917494}'::integer[]))

table 7 : explain UPDATE sbtest7 set c=7 WHERE id IN ( 6758078, 6116047, 2018368, 7059762, 2201499, 3674307, 3063643, 1555304, 9290442, 2917494)
	Update on sbtest7  (cost=0.43..48.53 rows=0 width=0)
	  ->  Index Scan using sbtest7_pkey on sbtest7  (cost=0.43..48.53 rows=10 width=490)
	        Index Cond: (id = ANY ('{6758078,6116047,2018368,7059762,2201499,3674307,3063643,1555304,9290442,2917494}'::integer[]))

table 8 : explain UPDATE sbtest8 set c=7 WHERE id IN ( 6758078, 6116047, 2018368, 7059762, 2201499, 3674307, 3063643, 1555304, 9290442, 2917494)
	Update on sbtest8  (cost=0.43..48.53 rows=0 width=0)
	  ->  Index Scan using sbtest8_pkey on sbtest8  (cost=0.43..48.53 rows=10 width=490)
	        Index Cond: (id = ANY ('{6758078,6116047,2018368,7059762,2201499,3674307,3063643,1555304,9290442,2917494}'::integer[]))

for update-inlist
table 1 : explain UPDATE sbtest1 set c=7 WHERE id IN ( 8085518, 724208, 577248, 2128620, 3262989, 7325610, 9095106, 1862964, 2431864, 3657516)
	Update on sbtest1  (cost=0.43..48.53 rows=0 width=0)
	  ->  Index Scan using sbtest1_pkey on sbtest1  (cost=0.43..48.53 rows=10 width=490)
	        Index Cond: (id = ANY ('{8085518,724208,577248,2128620,3262989,7325610,9095106,1862964,2431864,3657516}'::integer[]))

table 2 : explain UPDATE sbtest2 set c=7 WHERE id IN ( 8085518, 724208, 577248, 2128620, 3262989, 7325610, 9095106, 1862964, 2431864, 3657516)
	Update on sbtest2  (cost=0.43..48.53 rows=0 width=0)
	  ->  Index Scan using sbtest2_pkey on sbtest2  (cost=0.43..48.53 rows=10 width=490)
	        Index Cond: (id = ANY ('{8085518,724208,577248,2128620,3262989,7325610,9095106,1862964,2431864,3657516}'::integer[]))

table 3 : explain UPDATE sbtest3 set c=7 WHERE id IN ( 8085518, 724208, 577248, 2128620, 3262989, 7325610, 9095106, 1862964, 2431864, 3657516)
	Update on sbtest3  (cost=0.43..48.53 rows=0 width=0)
	  ->  Index Scan using sbtest3_pkey on sbtest3  (cost=0.43..48.53 rows=10 width=490)
	        Index Cond: (id = ANY ('{8085518,724208,577248,2128620,3262989,7325610,9095106,1862964,2431864,3657516}'::integer[]))

table 4 : explain UPDATE sbtest4 set c=7 WHERE id IN ( 8085518, 724208, 577248, 2128620, 3262989, 7325610, 9095106, 1862964, 2431864, 3657516)
	Update on sbtest4  (cost=0.43..48.53 rows=0 width=0)
	  ->  Index Scan using sbtest4_pkey on sbtest4  (cost=0.43..48.53 rows=10 width=490)
	        Index Cond: (id = ANY ('{8085518,724208,577248,2128620,3262989,7325610,9095106,1862964,2431864,3657516}'::integer[]))

table 5 : explain UPDATE sbtest5 set c=7 WHERE id IN ( 8085518, 724208, 577248, 2128620, 3262989, 7325610, 9095106, 1862964, 2431864, 3657516)
	Update on sbtest5  (cost=0.43..48.53 rows=0 width=0)
	  ->  Index Scan using sbtest5_pkey on sbtest5  (cost=0.43..48.53 rows=10 width=490)
	        Index Cond: (id = ANY ('{8085518,724208,577248,2128620,3262989,7325610,9095106,1862964,2431864,3657516}'::integer[]))

table 6 : explain UPDATE sbtest6 set c=7 WHERE id IN ( 8085518, 724208, 577248, 2128620, 3262989, 7325610, 9095106, 1862964, 2431864, 3657516)
	Update on sbtest6  (cost=0.43..48.53 rows=0 width=0)
	  ->  Index Scan using sbtest6_pkey on sbtest6  (cost=0.43..48.53 rows=10 width=490)
	        Index Cond: (id = ANY ('{8085518,724208,577248,2128620,3262989,7325610,9095106,1862964,2431864,3657516}'::integer[]))

table 7 : explain UPDATE sbtest7 set c=7 WHERE id IN ( 8085518, 724208, 577248, 2128620, 3262989, 7325610, 9095106, 1862964, 2431864, 3657516)
	Update on sbtest7  (cost=0.43..48.53 rows=0 width=0)
	  ->  Index Scan using sbtest7_pkey on sbtest7  (cost=0.43..48.53 rows=10 width=490)
	        Index Cond: (id = ANY ('{8085518,724208,577248,2128620,3262989,7325610,9095106,1862964,2431864,3657516}'::integer[]))

table 8 : explain UPDATE sbtest8 set c=7 WHERE id IN ( 8085518, 724208, 577248, 2128620, 3262989, 7325610, 9095106, 1862964, 2431864, 3657516)
	Update on sbtest8  (cost=0.43..48.53 rows=0 width=0)
	  ->  Index Scan using sbtest8_pkey on sbtest8  (cost=0.43..48.53 rows=10 width=490)
	        Index Cond: (id = ANY ('{8085518,724208,577248,2128620,3262989,7325610,9095106,1862964,2431864,3657516}'::integer[]))

explain: for update-inlist :: explain UPDATE sbtest%d set c=7 WHERE id IN ( 9348264, 6884665, 5138719, 6135316, 2872902, 5224273, 1597041, 1336541, 4737871, 2113029)
explain: for update-inlist :: explain UPDATE sbtest%d set c=7 WHERE id IN ( 5153373, 8514763, 6955692, 5705152, 503528, 5490867, 2921434, 2550600, 6762106, 9155305)
explain: for update-inlist :: explain UPDATE sbtest%d set c=7 WHERE id IN ( 930066, 6510785, 3986935, 7207687, 2234355, 6007157, 983502, 740925, 8169034, 4187882)
explain: for update-inlist :: explain UPDATE sbtest%d set c=7 WHERE id IN ( 5797756, 1209465, 5528140, 7082659, 9091651, 2777690, 2336117, 6043807, 5210616, 4105990)
explain: for update-inlist :: explain UPDATE sbtest%d set c=7 WHERE id IN ( 6889778, 1269439, 7112217, 4432972, 3645986, 5405665, 7623929, 5752139, 9248858, 8826953)
explain: for update-inlist :: explain UPDATE sbtest%d set c=7 WHERE id IN ( 9196632, 8378217, 5996129, 3347451, 1035551, 6147131, 3935516, 3244200, 3832452, 1657255)
for update-inlist
table 1 : explain UPDATE sbtest1 set c=7 WHERE id IN ( 9348264, 6884665, 5138719, 6135316, 2872902, 5224273, 1597041, 1336541, 4737871, 2113029)
	Update on sbtest1  (cost=0.43..48.53 rows=0 width=0)
	  ->  Index Scan using sbtest1_pkey on sbtest1  (cost=0.43..48.53 rows=10 width=490)
	        Index Cond: (id = ANY ('{9348264,6884665,5138719,6135316,2872902,5224273,1597041,1336541,4737871,2113029}'::integer[]))

table 2 : explain UPDATE sbtest2 set c=7 WHERE id IN ( 9348264, 6884665, 5138719, 6135316, 2872902, 5224273, 1597041, 1336541, 4737871, 2113029)
	Update on sbtest2  (cost=0.43..48.53 rows=0 width=0)
	  ->  Index Scan using sbtest2_pkey on sbtest2  (cost=0.43..48.53 rows=10 width=490)
	        Index Cond: (id = ANY ('{9348264,6884665,5138719,6135316,2872902,5224273,1597041,1336541,4737871,2113029}'::integer[]))

table 3 : explain UPDATE sbtest3 set c=7 WHERE id IN ( 9348264, 6884665, 5138719, 6135316, 2872902, 5224273, 1597041, 1336541, 4737871, 2113029)
	Update on sbtest3  (cost=0.43..48.53 rows=0 width=0)
	  ->  Index Scan using sbtest3_pkey on sbtest3  (cost=0.43..48.53 rows=10 width=490)
	        Index Cond: (id = ANY ('{9348264,6884665,5138719,6135316,2872902,5224273,1597041,1336541,4737871,2113029}'::integer[]))

table 4 : explain UPDATE sbtest4 set c=7 WHERE id IN ( 9348264, 6884665, 5138719, 6135316, 2872902, 5224273, 1597041, 1336541, 4737871, 2113029)
	Update on sbtest4  (cost=0.43..48.53 rows=0 width=0)
	  ->  Index Scan using sbtest4_pkey on sbtest4  (cost=0.43..48.53 rows=10 width=490)
	        Index Cond: (id = ANY ('{9348264,6884665,5138719,6135316,2872902,5224273,1597041,1336541,4737871,2113029}'::integer[]))

table 5 : explain UPDATE sbtest5 set c=7 WHERE id IN ( 9348264, 6884665, 5138719, 6135316, 2872902, 5224273, 1597041, 1336541, 4737871, 2113029)
	Update on sbtest5  (cost=0.43..48.53 rows=0 width=0)
	  ->  Index Scan using sbtest5_pkey on sbtest5  (cost=0.43..48.53 rows=10 width=490)
	        Index Cond: (id = ANY ('{9348264,6884665,5138719,6135316,2872902,5224273,1597041,1336541,4737871,2113029}'::integer[]))

table 6 : explain UPDATE sbtest6 set c=7 WHERE id IN ( 9348264, 6884665, 5138719, 6135316, 2872902, 5224273, 1597041, 1336541, 4737871, 2113029)
	Update on sbtest6  (cost=0.43..48.53 rows=0 width=0)
	  ->  Index Scan using sbtest6_pkey on sbtest6  (cost=0.43..48.53 rows=10 width=490)
	        Index Cond: (id = ANY ('{9348264,6884665,5138719,6135316,2872902,5224273,1597041,1336541,4737871,2113029}'::integer[]))

table 7 : explain UPDATE sbtest7 set c=7 WHERE id IN ( 9348264, 6884665, 5138719, 6135316, 2872902, 5224273, 1597041, 1336541, 4737871, 2113029)
	Update on sbtest7  (cost=0.43..48.53 rows=0 width=0)
	  ->  Index Scan using sbtest7_pkey on sbtest7  (cost=0.43..48.53 rows=10 width=490)
	        Index Cond: (id = ANY ('{9348264,6884665,5138719,6135316,2872902,5224273,1597041,1336541,4737871,2113029}'::integer[]))

table 8 : explain UPDATE sbtest8 set c=7 WHERE id IN ( 9348264, 6884665, 5138719, 6135316, 2872902, 5224273, 1597041, 1336541, 4737871, 2113029)
	Update on sbtest8  (cost=0.43..48.53 rows=0 width=0)
	  ->  Index Scan using sbtest8_pkey on sbtest8  (cost=0.43..48.53 rows=10 width=490)
	        Index Cond: (id = ANY ('{9348264,6884665,5138719,6135316,2872902,5224273,1597041,1336541,4737871,2113029}'::integer[]))

explain: for update-inlist :: explain UPDATE sbtest%d set c=7 WHERE id IN ( 7566835, 9074396, 4538461, 9320634, 6151182, 2786821, 9450097, 5451804, 6905214, 5359641)
explain: for update-inlist :: explain UPDATE sbtest%d set c=7 WHERE id IN ( 6040543, 9957336, 8663933, 5215733, 5704024, 5924826, 8443141, 292842, 8209896, 6220538)
for update-inlist
table 1 : explain UPDATE sbtest1 set c=7 WHERE id IN ( 930066, 6510785, 3986935, 7207687, 2234355, 6007157, 983502, 740925, 8169034, 4187882)
	Update on sbtest1  (cost=0.43..48.53 rows=0 width=0)
	  ->  Index Scan using sbtest1_pkey on sbtest1  (cost=0.43..48.53 rows=10 width=490)
	        Index Cond: (id = ANY ('{930066,6510785,3986935,7207687,2234355,6007157,983502,740925,8169034,4187882}'::integer[]))

table 2 : explain UPDATE sbtest2 set c=7 WHERE id IN ( 930066, 6510785, 3986935, 7207687, 2234355, 6007157, 983502, 740925, 8169034, 4187882)
	Update on sbtest2  (cost=0.43..48.53 rows=0 width=0)
	  ->  Index Scan using sbtest2_pkey on sbtest2  (cost=0.43..48.53 rows=10 width=490)
	        Index Cond: (id = ANY ('{930066,6510785,3986935,7207687,2234355,6007157,983502,740925,8169034,4187882}'::integer[]))

table 3 : explain UPDATE sbtest3 set c=7 WHERE id IN ( 930066, 6510785, 3986935, 7207687, 2234355, 6007157, 983502, 740925, 8169034, 4187882)
	Update on sbtest3  (cost=0.43..48.53 rows=0 width=0)
	  ->  Index Scan using sbtest3_pkey on sbtest3  (cost=0.43..48.53 rows=10 width=490)
	        Index Cond: (id = ANY ('{930066,6510785,3986935,7207687,2234355,6007157,983502,740925,8169034,4187882}'::integer[]))

table 4 : explain UPDATE sbtest4 set c=7 WHERE id IN ( 930066, 6510785, 3986935, 7207687, 2234355, 6007157, 983502, 740925, 8169034, 4187882)
	Update on sbtest4  (cost=0.43..48.53 rows=0 width=0)
	  ->  Index Scan using sbtest4_pkey on sbtest4  (cost=0.43..48.53 rows=10 width=490)
	        Index Cond: (id = ANY ('{930066,6510785,3986935,7207687,2234355,6007157,983502,740925,8169034,4187882}'::integer[]))

table 5 : explain UPDATE sbtest5 set c=7 WHERE id IN ( 930066, 6510785, 3986935, 7207687, 2234355, 6007157, 983502, 740925, 8169034, 4187882)
	Update on sbtest5  (cost=0.43..48.53 rows=0 width=0)
	  ->  Index Scan using sbtest5_pkey on sbtest5  (cost=0.43..48.53 rows=10 width=490)
	        Index Cond: (id = ANY ('{930066,6510785,3986935,7207687,2234355,6007157,983502,740925,8169034,4187882}'::integer[]))

table 6 : explain UPDATE sbtest6 set c=7 WHERE id IN ( 930066, 6510785, 3986935, 7207687, 2234355, 6007157, 983502, 740925, 8169034, 4187882)
	Update on sbtest6  (cost=0.43..48.53 rows=0 width=0)
	  ->  Index Scan using sbtest6_pkey on sbtest6  (cost=0.43..48.53 rows=10 width=490)
	        Index Cond: (id = ANY ('{930066,6510785,3986935,7207687,2234355,6007157,983502,740925,8169034,4187882}'::integer[]))

table 7 : explain UPDATE sbtest7 set c=7 WHERE id IN ( 930066, 6510785, 3986935, 7207687, 2234355, 6007157, 983502, 740925, 8169034, 4187882)
	Update on sbtest7  (cost=0.43..48.53 rows=0 width=0)
	  ->  Index Scan using sbtest7_pkey on sbtest7  (cost=0.43..48.53 rows=10 width=490)
	        Index Cond: (id = ANY ('{930066,6510785,3986935,7207687,2234355,6007157,983502,740925,8169034,4187882}'::integer[]))

table 8 : explain UPDATE sbtest8 set c=7 WHERE id IN ( 930066, 6510785, 3986935, 7207687, 2234355, 6007157, 983502, 740925, 8169034, 4187882)
	Update on sbtest8  (cost=0.43..48.53 rows=0 width=0)
	  ->  Index Scan using sbtest8_pkey on sbtest8  (cost=0.43..48.53 rows=10 width=490)
	        Index Cond: (id = ANY ('{930066,6510785,3986935,7207687,2234355,6007157,983502,740925,8169034,4187882}'::integer[]))

for update-inlist
table 1 : explain UPDATE sbtest1 set c=7 WHERE id IN ( 5153373, 8514763, 6955692, 5705152, 503528, 5490867, 2921434, 2550600, 6762106, 9155305)
	Update on sbtest1  (cost=0.43..48.53 rows=0 width=0)
	  ->  Index Scan using sbtest1_pkey on sbtest1  (cost=0.43..48.53 rows=10 width=490)
	        Index Cond: (id = ANY ('{5153373,8514763,6955692,5705152,503528,5490867,2921434,2550600,6762106,9155305}'::integer[]))

table 2 : explain UPDATE sbtest2 set c=7 WHERE id IN ( 5153373, 8514763, 6955692, 5705152, 503528, 5490867, 2921434, 2550600, 6762106, 9155305)
	Update on sbtest2  (cost=0.43..48.53 rows=0 width=0)
	  ->  Index Scan using sbtest2_pkey on sbtest2  (cost=0.43..48.53 rows=10 width=490)
	        Index Cond: (id = ANY ('{5153373,8514763,6955692,5705152,503528,5490867,2921434,2550600,6762106,9155305}'::integer[]))

table 3 : explain UPDATE sbtest3 set c=7 WHERE id IN ( 5153373, 8514763, 6955692, 5705152, 503528, 5490867, 2921434, 2550600, 6762106, 9155305)
	Update on sbtest3  (cost=0.43..48.53 rows=0 width=0)
	  ->  Index Scan using sbtest3_pkey on sbtest3  (cost=0.43..48.53 rows=10 width=490)
	        Index Cond: (id = ANY ('{5153373,8514763,6955692,5705152,503528,5490867,2921434,2550600,6762106,9155305}'::integer[]))

table 4 : explain UPDATE sbtest4 set c=7 WHERE id IN ( 5153373, 8514763, 6955692, 5705152, 503528, 5490867, 2921434, 2550600, 6762106, 9155305)
	Update on sbtest4  (cost=0.43..48.53 rows=0 width=0)
	  ->  Index Scan using sbtest4_pkey on sbtest4  (cost=0.43..48.53 rows=10 width=490)
	        Index Cond: (id = ANY ('{5153373,8514763,6955692,5705152,503528,5490867,2921434,2550600,6762106,9155305}'::integer[]))

table 5 : explain UPDATE sbtest5 set c=7 WHERE id IN ( 5153373, 8514763, 6955692, 5705152, 503528, 5490867, 2921434, 2550600, 6762106, 9155305)
	Update on sbtest5  (cost=0.43..48.53 rows=0 width=0)
	  ->  Index Scan using sbtest5_pkey on sbtest5  (cost=0.43..48.53 rows=10 width=490)
	        Index Cond: (id = ANY ('{5153373,8514763,6955692,5705152,503528,5490867,2921434,2550600,6762106,9155305}'::integer[]))

table 6 : explain UPDATE sbtest6 set c=7 WHERE id IN ( 5153373, 8514763, 6955692, 5705152, 503528, 5490867, 2921434, 2550600, 6762106, 9155305)
	Update on sbtest6  (cost=0.43..48.53 rows=0 width=0)
	  ->  Index Scan using sbtest6_pkey on sbtest6  (cost=0.43..48.53 rows=10 width=490)
	        Index Cond: (id = ANY ('{5153373,8514763,6955692,5705152,503528,5490867,2921434,2550600,6762106,9155305}'::integer[]))

table 7 : explain UPDATE sbtest7 set c=7 WHERE id IN ( 5153373, 8514763, 6955692, 5705152, 503528, 5490867, 2921434, 2550600, 6762106, 9155305)
	Update on sbtest7  (cost=0.43..48.53 rows=0 width=0)
	  ->  Index Scan using sbtest7_pkey on sbtest7  (cost=0.43..48.53 rows=10 width=490)
	        Index Cond: (id = ANY ('{5153373,8514763,6955692,5705152,503528,5490867,2921434,2550600,6762106,9155305}'::integer[]))

table 8 : explain UPDATE sbtest8 set c=7 WHERE id IN ( 5153373, 8514763, 6955692, 5705152, 503528, 5490867, 2921434, 2550600, 6762106, 9155305)
	Update on sbtest8  (cost=0.43..48.53 rows=0 width=0)
	  ->  Index Scan using sbtest8_pkey on sbtest8  (cost=0.43..48.53 rows=10 width=490)
	        Index Cond: (id = ANY ('{5153373,8514763,6955692,5705152,503528,5490867,2921434,2550600,6762106,9155305}'::integer[]))

for update-inlist
table 1 : explain UPDATE sbtest1 set c=7 WHERE id IN ( 5797756, 1209465, 5528140, 7082659, 9091651, 2777690, 2336117, 6043807, 5210616, 4105990)
	Update on sbtest1  (cost=0.43..48.53 rows=0 width=0)
	  ->  Index Scan using sbtest1_pkey on sbtest1  (cost=0.43..48.53 rows=10 width=490)
	        Index Cond: (id = ANY ('{5797756,1209465,5528140,7082659,9091651,2777690,2336117,6043807,5210616,4105990}'::integer[]))

table 2 : explain UPDATE sbtest2 set c=7 WHERE id IN ( 5797756, 1209465, 5528140, 7082659, 9091651, 2777690, 2336117, 6043807, 5210616, 4105990)
	Update on sbtest2  (cost=0.43..48.53 rows=0 width=0)
	  ->  Index Scan using sbtest2_pkey on sbtest2  (cost=0.43..48.53 rows=10 width=490)
	        Index Cond: (id = ANY ('{5797756,1209465,5528140,7082659,9091651,2777690,2336117,6043807,5210616,4105990}'::integer[]))

table 3 : explain UPDATE sbtest3 set c=7 WHERE id IN ( 5797756, 1209465, 5528140, 7082659, 9091651, 2777690, 2336117, 6043807, 5210616, 4105990)
	Update on sbtest3  (cost=0.43..48.53 rows=0 width=0)
	  ->  Index Scan using sbtest3_pkey on sbtest3  (cost=0.43..48.53 rows=10 width=490)
	        Index Cond: (id = ANY ('{5797756,1209465,5528140,7082659,9091651,2777690,2336117,6043807,5210616,4105990}'::integer[]))

table 4 : explain UPDATE sbtest4 set c=7 WHERE id IN ( 5797756, 1209465, 5528140, 7082659, 9091651, 2777690, 2336117, 6043807, 5210616, 4105990)
	Update on sbtest4  (cost=0.43..48.53 rows=0 width=0)
	  ->  Index Scan using sbtest4_pkey on sbtest4  (cost=0.43..48.53 rows=10 width=490)
	        Index Cond: (id = ANY ('{5797756,1209465,5528140,7082659,9091651,2777690,2336117,6043807,5210616,4105990}'::integer[]))

table 5 : explain UPDATE sbtest5 set c=7 WHERE id IN ( 5797756, 1209465, 5528140, 7082659, 9091651, 2777690, 2336117, 6043807, 5210616, 4105990)
	Update on sbtest5  (cost=0.43..48.53 rows=0 width=0)
	  ->  Index Scan using sbtest5_pkey on sbtest5  (cost=0.43..48.53 rows=10 width=490)
	        Index Cond: (id = ANY ('{5797756,1209465,5528140,7082659,9091651,2777690,2336117,6043807,5210616,4105990}'::integer[]))

table 6 : explain UPDATE sbtest6 set c=7 WHERE id IN ( 5797756, 1209465, 5528140, 7082659, 9091651, 2777690, 2336117, 6043807, 5210616, 4105990)
	Update on sbtest6  (cost=0.43..48.53 rows=0 width=0)
	  ->  Index Scan using sbtest6_pkey on sbtest6  (cost=0.43..48.53 rows=10 width=490)
	        Index Cond: (id = ANY ('{5797756,1209465,5528140,7082659,9091651,2777690,2336117,6043807,5210616,4105990}'::integer[]))

table 7 : explain UPDATE sbtest7 set c=7 WHERE id IN ( 5797756, 1209465, 5528140, 7082659, 9091651, 2777690, 2336117, 6043807, 5210616, 4105990)
	Update on sbtest7  (cost=0.43..48.53 rows=0 width=0)
	  ->  Index Scan using sbtest7_pkey on sbtest7  (cost=0.43..48.53 rows=10 width=490)
	        Index Cond: (id = ANY ('{5797756,1209465,5528140,7082659,9091651,2777690,2336117,6043807,5210616,4105990}'::integer[]))

table 8 : explain UPDATE sbtest8 set c=7 WHERE id IN ( 5797756, 1209465, 5528140, 7082659, 9091651, 2777690, 2336117, 6043807, 5210616, 4105990)
	Update on sbtest8  (cost=0.43..48.53 rows=0 width=0)
	  ->  Index Scan using sbtest8_pkey on sbtest8  (cost=0.43..48.53 rows=10 width=490)
	        Index Cond: (id = ANY ('{5797756,1209465,5528140,7082659,9091651,2777690,2336117,6043807,5210616,4105990}'::integer[]))

for update-inlist
table 1 : explain UPDATE sbtest1 set c=7 WHERE id IN ( 6889778, 1269439, 7112217, 4432972, 3645986, 5405665, 7623929, 5752139, 9248858, 8826953)
	Update on sbtest1  (cost=0.43..48.53 rows=0 width=0)
	  ->  Index Scan using sbtest1_pkey on sbtest1  (cost=0.43..48.53 rows=10 width=490)
	        Index Cond: (id = ANY ('{6889778,1269439,7112217,4432972,3645986,5405665,7623929,5752139,9248858,8826953}'::integer[]))

table 2 : explain UPDATE sbtest2 set c=7 WHERE id IN ( 6889778, 1269439, 7112217, 4432972, 3645986, 5405665, 7623929, 5752139, 9248858, 8826953)
	Update on sbtest2  (cost=0.43..48.53 rows=0 width=0)
	  ->  Index Scan using sbtest2_pkey on sbtest2  (cost=0.43..48.53 rows=10 width=490)
	        Index Cond: (id = ANY ('{6889778,1269439,7112217,4432972,3645986,5405665,7623929,5752139,9248858,8826953}'::integer[]))

table 3 : explain UPDATE sbtest3 set c=7 WHERE id IN ( 6889778, 1269439, 7112217, 4432972, 3645986, 5405665, 7623929, 5752139, 9248858, 8826953)
	Update on sbtest3  (cost=0.43..48.53 rows=0 width=0)
	  ->  Index Scan using sbtest3_pkey on sbtest3  (cost=0.43..48.53 rows=10 width=490)
	        Index Cond: (id = ANY ('{6889778,1269439,7112217,4432972,3645986,5405665,7623929,5752139,9248858,8826953}'::integer[]))

table 4 : explain UPDATE sbtest4 set c=7 WHERE id IN ( 6889778, 1269439, 7112217, 4432972, 3645986, 5405665, 7623929, 5752139, 9248858, 8826953)
	Update on sbtest4  (cost=0.43..48.53 rows=0 width=0)
	  ->  Index Scan using sbtest4_pkey on sbtest4  (cost=0.43..48.53 rows=10 width=490)
	        Index Cond: (id = ANY ('{6889778,1269439,7112217,4432972,3645986,5405665,7623929,5752139,9248858,8826953}'::integer[]))

table 5 : explain UPDATE sbtest5 set c=7 WHERE id IN ( 6889778, 1269439, 7112217, 4432972, 3645986, 5405665, 7623929, 5752139, 9248858, 8826953)
	Update on sbtest5  (cost=0.43..48.53 rows=0 width=0)
	  ->  Index Scan using sbtest5_pkey on sbtest5  (cost=0.43..48.53 rows=10 width=490)
	        Index Cond: (id = ANY ('{6889778,1269439,7112217,4432972,3645986,5405665,7623929,5752139,9248858,8826953}'::integer[]))

table 6 : explain UPDATE sbtest6 set c=7 WHERE id IN ( 6889778, 1269439, 7112217, 4432972, 3645986, 5405665, 7623929, 5752139, 9248858, 8826953)
	Update on sbtest6  (cost=0.43..48.53 rows=0 width=0)
	  ->  Index Scan using sbtest6_pkey on sbtest6  (cost=0.43..48.53 rows=10 width=490)
	        Index Cond: (id = ANY ('{6889778,1269439,7112217,4432972,3645986,5405665,7623929,5752139,9248858,8826953}'::integer[]))

table 7 : explain UPDATE sbtest7 set c=7 WHERE id IN ( 6889778, 1269439, 7112217, 4432972, 3645986, 5405665, 7623929, 5752139, 9248858, 8826953)
	Update on sbtest7  (cost=0.43..48.53 rows=0 width=0)
	  ->  Index Scan using sbtest7_pkey on sbtest7  (cost=0.43..48.53 rows=10 width=490)
	        Index Cond: (id = ANY ('{6889778,1269439,7112217,4432972,3645986,5405665,7623929,5752139,9248858,8826953}'::integer[]))

table 8 : explain UPDATE sbtest8 set c=7 WHERE id IN ( 6889778, 1269439, 7112217, 4432972, 3645986, 5405665, 7623929, 5752139, 9248858, 8826953)
	Update on sbtest8  (cost=0.43..48.53 rows=0 width=0)
	  ->  Index Scan using sbtest8_pkey on sbtest8  (cost=0.43..48.53 rows=10 width=490)
	        Index Cond: (id = ANY ('{6889778,1269439,7112217,4432972,3645986,5405665,7623929,5752139,9248858,8826953}'::integer[]))

explain: for update-inlist :: explain UPDATE sbtest%d set c=7 WHERE id IN ( 4288856, 4071098, 294584, 3916614, 8862909, 2276516, 2025905, 8830214, 9073148, 7471999)
explain: for update-inlist :: explain UPDATE sbtest%d set c=7 WHERE id IN ( 9703423, 9145515, 6262924, 6266540, 1676976, 4828220, 3268576, 8853424, 6113565, 4040372)
explain: for update-inlist :: explain UPDATE sbtest%d set c=7 WHERE id IN ( 6193316, 35147, 4011325, 1838266, 9371611, 4295582, 5553644, 5813895, 2423915, 9130406)
explain: for update-inlist :: explain UPDATE sbtest%d set c=7 WHERE id IN ( 2784318, 3038338, 7202783, 312945, 7234445, 6658258, 9082619, 1127369, 6339037, 4225191)
explain: for update-inlist :: explain UPDATE sbtest%d set c=7 WHERE id IN ( 8567445, 5116691, 2071308, 3563159, 6576380, 270970, 2473582, 1250227, 8090314, 4353990)
for update-inlist
table 1 : explain UPDATE sbtest1 set c=7 WHERE id IN ( 7566835, 9074396, 4538461, 9320634, 6151182, 2786821, 9450097, 5451804, 6905214, 5359641)
	Update on sbtest1  (cost=0.43..48.53 rows=0 width=0)
	  ->  Index Scan using sbtest1_pkey on sbtest1  (cost=0.43..48.53 rows=10 width=490)
	        Index Cond: (id = ANY ('{7566835,9074396,4538461,9320634,6151182,2786821,9450097,5451804,6905214,5359641}'::integer[]))

table 2 : explain UPDATE sbtest2 set c=7 WHERE id IN ( 7566835, 9074396, 4538461, 9320634, 6151182, 2786821, 9450097, 5451804, 6905214, 5359641)
	Update on sbtest2  (cost=0.43..48.53 rows=0 width=0)
	  ->  Index Scan using sbtest2_pkey on sbtest2  (cost=0.43..48.53 rows=10 width=490)
	        Index Cond: (id = ANY ('{7566835,9074396,4538461,9320634,6151182,2786821,9450097,5451804,6905214,5359641}'::integer[]))

table 3 : explain UPDATE sbtest3 set c=7 WHERE id IN ( 7566835, 9074396, 4538461, 9320634, 6151182, 2786821, 9450097, 5451804, 6905214, 5359641)
	Update on sbtest3  (cost=0.43..48.53 rows=0 width=0)
	  ->  Index Scan using sbtest3_pkey on sbtest3  (cost=0.43..48.53 rows=10 width=490)
	        Index Cond: (id = ANY ('{7566835,9074396,4538461,9320634,6151182,2786821,9450097,5451804,6905214,5359641}'::integer[]))

table 4 : explain UPDATE sbtest4 set c=7 WHERE id IN ( 7566835, 9074396, 4538461, 9320634, 6151182, 2786821, 9450097, 5451804, 6905214, 5359641)
	Update on sbtest4  (cost=0.43..48.53 rows=0 width=0)
	  ->  Index Scan using sbtest4_pkey on sbtest4  (cost=0.43..48.53 rows=10 width=490)
	        Index Cond: (id = ANY ('{7566835,9074396,4538461,9320634,6151182,2786821,9450097,5451804,6905214,5359641}'::integer[]))

table 5 : explain UPDATE sbtest5 set c=7 WHERE id IN ( 7566835, 9074396, 4538461, 9320634, 6151182, 2786821, 9450097, 5451804, 6905214, 5359641)
	Update on sbtest5  (cost=0.43..48.53 rows=0 width=0)
	  ->  Index Scan using sbtest5_pkey on sbtest5  (cost=0.43..48.53 rows=10 width=490)
	        Index Cond: (id = ANY ('{7566835,9074396,4538461,9320634,6151182,2786821,9450097,5451804,6905214,5359641}'::integer[]))

table 6 : explain UPDATE sbtest6 set c=7 WHERE id IN ( 7566835, 9074396, 4538461, 9320634, 6151182, 2786821, 9450097, 5451804, 6905214, 5359641)
	Update on sbtest6  (cost=0.43..48.53 rows=0 width=0)
	  ->  Index Scan using sbtest6_pkey on sbtest6  (cost=0.43..48.53 rows=10 width=490)
	        Index Cond: (id = ANY ('{7566835,9074396,4538461,9320634,6151182,2786821,9450097,5451804,6905214,5359641}'::integer[]))

table 7 : explain UPDATE sbtest7 set c=7 WHERE id IN ( 7566835, 9074396, 4538461, 9320634, 6151182, 2786821, 9450097, 5451804, 6905214, 5359641)
	Update on sbtest7  (cost=0.43..48.53 rows=0 width=0)
	  ->  Index Scan using sbtest7_pkey on sbtest7  (cost=0.43..48.53 rows=10 width=490)
	        Index Cond: (id = ANY ('{7566835,9074396,4538461,9320634,6151182,2786821,9450097,5451804,6905214,5359641}'::integer[]))

table 8 : explain UPDATE sbtest8 set c=7 WHERE id IN ( 7566835, 9074396, 4538461, 9320634, 6151182, 2786821, 9450097, 5451804, 6905214, 5359641)
	Update on sbtest8  (cost=0.43..48.53 rows=0 width=0)
	  ->  Index Scan using sbtest8_pkey on sbtest8  (cost=0.43..48.53 rows=10 width=490)
	        Index Cond: (id = ANY ('{7566835,9074396,4538461,9320634,6151182,2786821,9450097,5451804,6905214,5359641}'::integer[]))

for update-inlist
table 1 : explain UPDATE sbtest1 set c=7 WHERE id IN ( 6040543, 9957336, 8663933, 5215733, 5704024, 5924826, 8443141, 292842, 8209896, 6220538)
	Update on sbtest1  (cost=0.43..48.53 rows=0 width=0)
	  ->  Index Scan using sbtest1_pkey on sbtest1  (cost=0.43..48.53 rows=10 width=490)
	        Index Cond: (id = ANY ('{6040543,9957336,8663933,5215733,5704024,5924826,8443141,292842,8209896,6220538}'::integer[]))

table 2 : explain UPDATE sbtest2 set c=7 WHERE id IN ( 6040543, 9957336, 8663933, 5215733, 5704024, 5924826, 8443141, 292842, 8209896, 6220538)
	Update on sbtest2  (cost=0.43..48.53 rows=0 width=0)
	  ->  Index Scan using sbtest2_pkey on sbtest2  (cost=0.43..48.53 rows=10 width=490)
	        Index Cond: (id = ANY ('{6040543,9957336,8663933,5215733,5704024,5924826,8443141,292842,8209896,6220538}'::integer[]))

table 3 : explain UPDATE sbtest3 set c=7 WHERE id IN ( 6040543, 9957336, 8663933, 5215733, 5704024, 5924826, 8443141, 292842, 8209896, 6220538)
	Update on sbtest3  (cost=0.43..48.53 rows=0 width=0)
	  ->  Index Scan using sbtest3_pkey on sbtest3  (cost=0.43..48.53 rows=10 width=490)
	        Index Cond: (id = ANY ('{6040543,9957336,8663933,5215733,5704024,5924826,8443141,292842,8209896,6220538}'::integer[]))

table 4 : explain UPDATE sbtest4 set c=7 WHERE id IN ( 6040543, 9957336, 8663933, 5215733, 5704024, 5924826, 8443141, 292842, 8209896, 6220538)
	Update on sbtest4  (cost=0.43..48.53 rows=0 width=0)
	  ->  Index Scan using sbtest4_pkey on sbtest4  (cost=0.43..48.53 rows=10 width=490)
	        Index Cond: (id = ANY ('{6040543,9957336,8663933,5215733,5704024,5924826,8443141,292842,8209896,6220538}'::integer[]))

table 5 : explain UPDATE sbtest5 set c=7 WHERE id IN ( 6040543, 9957336, 8663933, 5215733, 5704024, 5924826, 8443141, 292842, 8209896, 6220538)
	Update on sbtest5  (cost=0.43..48.53 rows=0 width=0)
	  ->  Index Scan using sbtest5_pkey on sbtest5  (cost=0.43..48.53 rows=10 width=490)
	        Index Cond: (id = ANY ('{6040543,9957336,8663933,5215733,5704024,5924826,8443141,292842,8209896,6220538}'::integer[]))

table 6 : explain UPDATE sbtest6 set c=7 WHERE id IN ( 6040543, 9957336, 8663933, 5215733, 5704024, 5924826, 8443141, 292842, 8209896, 6220538)
	Update on sbtest6  (cost=0.43..48.53 rows=0 width=0)
	  ->  Index Scan using sbtest6_pkey on sbtest6  (cost=0.43..48.53 rows=10 width=490)
	        Index Cond: (id = ANY ('{6040543,9957336,8663933,5215733,5704024,5924826,8443141,292842,8209896,6220538}'::integer[]))

table 7 : explain UPDATE sbtest7 set c=7 WHERE id IN ( 6040543, 9957336, 8663933, 5215733, 5704024, 5924826, 8443141, 292842, 8209896, 6220538)
	Update on sbtest7  (cost=0.43..48.53 rows=0 width=0)
	  ->  Index Scan using sbtest7_pkey on sbtest7  (cost=0.43..48.53 rows=10 width=490)
	        Index Cond: (id = ANY ('{6040543,9957336,8663933,5215733,5704024,5924826,8443141,292842,8209896,6220538}'::integer[]))

table 8 : explain UPDATE sbtest8 set c=7 WHERE id IN ( 6040543, 9957336, 8663933, 5215733, 5704024, 5924826, 8443141, 292842, 8209896, 6220538)
	Update on sbtest8  (cost=0.43..48.53 rows=0 width=0)
	  ->  Index Scan using sbtest8_pkey on sbtest8  (cost=0.43..48.53 rows=10 width=490)
	        Index Cond: (id = ANY ('{6040543,9957336,8663933,5215733,5704024,5924826,8443141,292842,8209896,6220538}'::integer[]))

for update-inlist
table 1 : explain UPDATE sbtest1 set c=7 WHERE id IN ( 9196632, 8378217, 5996129, 3347451, 1035551, 6147131, 3935516, 3244200, 3832452, 1657255)
	Update on sbtest1  (cost=0.43..48.53 rows=0 width=0)
	  ->  Index Scan using sbtest1_pkey on sbtest1  (cost=0.43..48.53 rows=10 width=490)
	        Index Cond: (id = ANY ('{9196632,8378217,5996129,3347451,1035551,6147131,3935516,3244200,3832452,1657255}'::integer[]))

table 2 : explain UPDATE sbtest2 set c=7 WHERE id IN ( 9196632, 8378217, 5996129, 3347451, 1035551, 6147131, 3935516, 3244200, 3832452, 1657255)
	Update on sbtest2  (cost=0.43..48.53 rows=0 width=0)
	  ->  Index Scan using sbtest2_pkey on sbtest2  (cost=0.43..48.53 rows=10 width=490)
	        Index Cond: (id = ANY ('{9196632,8378217,5996129,3347451,1035551,6147131,3935516,3244200,3832452,1657255}'::integer[]))

table 3 : explain UPDATE sbtest3 set c=7 WHERE id IN ( 9196632, 8378217, 5996129, 3347451, 1035551, 6147131, 3935516, 3244200, 3832452, 1657255)
	Update on sbtest3  (cost=0.43..48.53 rows=0 width=0)
	  ->  Index Scan using sbtest3_pkey on sbtest3  (cost=0.43..48.53 rows=10 width=490)
	        Index Cond: (id = ANY ('{9196632,8378217,5996129,3347451,1035551,6147131,3935516,3244200,3832452,1657255}'::integer[]))

table 4 : explain UPDATE sbtest4 set c=7 WHERE id IN ( 9196632, 8378217, 5996129, 3347451, 1035551, 6147131, 3935516, 3244200, 3832452, 1657255)
	Update on sbtest4  (cost=0.43..48.53 rows=0 width=0)
	  ->  Index Scan using sbtest4_pkey on sbtest4  (cost=0.43..48.53 rows=10 width=490)
	        Index Cond: (id = ANY ('{9196632,8378217,5996129,3347451,1035551,6147131,3935516,3244200,3832452,1657255}'::integer[]))

table 5 : explain UPDATE sbtest5 set c=7 WHERE id IN ( 9196632, 8378217, 5996129, 3347451, 1035551, 6147131, 3935516, 3244200, 3832452, 1657255)
	Update on sbtest5  (cost=0.43..48.53 rows=0 width=0)
	  ->  Index Scan using sbtest5_pkey on sbtest5  (cost=0.43..48.53 rows=10 width=490)
	        Index Cond: (id = ANY ('{9196632,8378217,5996129,3347451,1035551,6147131,3935516,3244200,3832452,1657255}'::integer[]))

table 6 : explain UPDATE sbtest6 set c=7 WHERE id IN ( 9196632, 8378217, 5996129, 3347451, 1035551, 6147131, 3935516, 3244200, 3832452, 1657255)
	Update on sbtest6  (cost=0.43..48.53 rows=0 width=0)
	  ->  Index Scan using sbtest6_pkey on sbtest6  (cost=0.43..48.53 rows=10 width=490)
	        Index Cond: (id = ANY ('{9196632,8378217,5996129,3347451,1035551,6147131,3935516,3244200,3832452,1657255}'::integer[]))

table 7 : explain UPDATE sbtest7 set c=7 WHERE id IN ( 9196632, 8378217, 5996129, 3347451, 1035551, 6147131, 3935516, 3244200, 3832452, 1657255)
	Update on sbtest7  (cost=0.43..48.53 rows=0 width=0)
	  ->  Index Scan using sbtest7_pkey on sbtest7  (cost=0.43..48.53 rows=10 width=490)
	        Index Cond: (id = ANY ('{9196632,8378217,5996129,3347451,1035551,6147131,3935516,3244200,3832452,1657255}'::integer[]))

table 8 : explain UPDATE sbtest8 set c=7 WHERE id IN ( 9196632, 8378217, 5996129, 3347451, 1035551, 6147131, 3935516, 3244200, 3832452, 1657255)
	Update on sbtest8  (cost=0.43..48.53 rows=0 width=0)
	  ->  Index Scan using sbtest8_pkey on sbtest8  (cost=0.43..48.53 rows=10 width=490)
	        Index Cond: (id = ANY ('{9196632,8378217,5996129,3347451,1035551,6147131,3935516,3244200,3832452,1657255}'::integer[]))

explain: for update-inlist :: explain UPDATE sbtest%d set c=7 WHERE id IN ( 7415744, 5046748, 5948119, 8085802, 6984365, 5704125, 7232765, 755049, 1425493, 9880538)
explain: for update-inlist :: explain UPDATE sbtest%d set c=7 WHERE id IN ( 4351909, 4459467, 9872805, 540228, 8055392, 4022685, 405467, 6429430, 168373, 199509)
explain: for update-inlist :: explain UPDATE sbtest%d set c=7 WHERE id IN ( 5649109, 5319993, 9221729, 6570746, 6746720, 2144999, 8688292, 791330, 9668546, 8827060)
for update-inlist
table 1 : explain UPDATE sbtest1 set c=7 WHERE id IN ( 6193316, 35147, 4011325, 1838266, 9371611, 4295582, 5553644, 5813895, 2423915, 9130406)
	Update on sbtest1  (cost=0.43..48.53 rows=0 width=0)
	  ->  Index Scan using sbtest1_pkey on sbtest1  (cost=0.43..48.53 rows=10 width=490)
	        Index Cond: (id = ANY ('{6193316,35147,4011325,1838266,9371611,4295582,5553644,5813895,2423915,9130406}'::integer[]))

table 2 : explain UPDATE sbtest2 set c=7 WHERE id IN ( 6193316, 35147, 4011325, 1838266, 9371611, 4295582, 5553644, 5813895, 2423915, 9130406)
	Update on sbtest2  (cost=0.43..48.53 rows=0 width=0)
	  ->  Index Scan using sbtest2_pkey on sbtest2  (cost=0.43..48.53 rows=10 width=490)
	        Index Cond: (id = ANY ('{6193316,35147,4011325,1838266,9371611,4295582,5553644,5813895,2423915,9130406}'::integer[]))

table 3 : explain UPDATE sbtest3 set c=7 WHERE id IN ( 6193316, 35147, 4011325, 1838266, 9371611, 4295582, 5553644, 5813895, 2423915, 9130406)
	Update on sbtest3  (cost=0.43..48.53 rows=0 width=0)
	  ->  Index Scan using sbtest3_pkey on sbtest3  (cost=0.43..48.53 rows=10 width=490)
	        Index Cond: (id = ANY ('{6193316,35147,4011325,1838266,9371611,4295582,5553644,5813895,2423915,9130406}'::integer[]))

table 4 : explain UPDATE sbtest4 set c=7 WHERE id IN ( 6193316, 35147, 4011325, 1838266, 9371611, 4295582, 5553644, 5813895, 2423915, 9130406)
	Update on sbtest4  (cost=0.43..48.53 rows=0 width=0)
	  ->  Index Scan using sbtest4_pkey on sbtest4  (cost=0.43..48.53 rows=10 width=490)
	        Index Cond: (id = ANY ('{6193316,35147,4011325,1838266,9371611,4295582,5553644,5813895,2423915,9130406}'::integer[]))

table 5 : explain UPDATE sbtest5 set c=7 WHERE id IN ( 6193316, 35147, 4011325, 1838266, 9371611, 4295582, 5553644, 5813895, 2423915, 9130406)
	Update on sbtest5  (cost=0.43..48.53 rows=0 width=0)
	  ->  Index Scan using sbtest5_pkey on sbtest5  (cost=0.43..48.53 rows=10 width=490)
	        Index Cond: (id = ANY ('{6193316,35147,4011325,1838266,9371611,4295582,5553644,5813895,2423915,9130406}'::integer[]))

table 6 : explain UPDATE sbtest6 set c=7 WHERE id IN ( 6193316, 35147, 4011325, 1838266, 9371611, 4295582, 5553644, 5813895, 2423915, 9130406)
	Update on sbtest6  (cost=0.43..48.53 rows=0 width=0)
	  ->  Index Scan using sbtest6_pkey on sbtest6  (cost=0.43..48.53 rows=10 width=490)
	        Index Cond: (id = ANY ('{6193316,35147,4011325,1838266,9371611,4295582,5553644,5813895,2423915,9130406}'::integer[]))

table 7 : explain UPDATE sbtest7 set c=7 WHERE id IN ( 6193316, 35147, 4011325, 1838266, 9371611, 4295582, 5553644, 5813895, 2423915, 9130406)
	Update on sbtest7  (cost=0.43..48.53 rows=0 width=0)
	  ->  Index Scan using sbtest7_pkey on sbtest7  (cost=0.43..48.53 rows=10 width=490)
	        Index Cond: (id = ANY ('{6193316,35147,4011325,1838266,9371611,4295582,5553644,5813895,2423915,9130406}'::integer[]))

table 8 : explain UPDATE sbtest8 set c=7 WHERE id IN ( 6193316, 35147, 4011325, 1838266, 9371611, 4295582, 5553644, 5813895, 2423915, 9130406)
	Update on sbtest8  (cost=0.43..48.53 rows=0 width=0)
	  ->  Index Scan using sbtest8_pkey on sbtest8  (cost=0.43..48.53 rows=10 width=490)
	        Index Cond: (id = ANY ('{6193316,35147,4011325,1838266,9371611,4295582,5553644,5813895,2423915,9130406}'::integer[]))

for update-inlist
table 1 : explain UPDATE sbtest1 set c=7 WHERE id IN ( 8567445, 5116691, 2071308, 3563159, 6576380, 270970, 2473582, 1250227, 8090314, 4353990)
	Update on sbtest1  (cost=0.43..48.53 rows=0 width=0)
	  ->  Index Scan using sbtest1_pkey on sbtest1  (cost=0.43..48.53 rows=10 width=490)
	        Index Cond: (id = ANY ('{8567445,5116691,2071308,3563159,6576380,270970,2473582,1250227,8090314,4353990}'::integer[]))

table 2 : explain UPDATE sbtest2 set c=7 WHERE id IN ( 8567445, 5116691, 2071308, 3563159, 6576380, 270970, 2473582, 1250227, 8090314, 4353990)
	Update on sbtest2  (cost=0.43..48.53 rows=0 width=0)
	  ->  Index Scan using sbtest2_pkey on sbtest2  (cost=0.43..48.53 rows=10 width=490)
	        Index Cond: (id = ANY ('{8567445,5116691,2071308,3563159,6576380,270970,2473582,1250227,8090314,4353990}'::integer[]))

table 3 : explain UPDATE sbtest3 set c=7 WHERE id IN ( 8567445, 5116691, 2071308, 3563159, 6576380, 270970, 2473582, 1250227, 8090314, 4353990)
	Update on sbtest3  (cost=0.43..48.53 rows=0 width=0)
	  ->  Index Scan using sbtest3_pkey on sbtest3  (cost=0.43..48.53 rows=10 width=490)
	        Index Cond: (id = ANY ('{8567445,5116691,2071308,3563159,6576380,270970,2473582,1250227,8090314,4353990}'::integer[]))

table 4 : explain UPDATE sbtest4 set c=7 WHERE id IN ( 8567445, 5116691, 2071308, 3563159, 6576380, 270970, 2473582, 1250227, 8090314, 4353990)
	Update on sbtest4  (cost=0.43..48.53 rows=0 width=0)
	  ->  Index Scan using sbtest4_pkey on sbtest4  (cost=0.43..48.53 rows=10 width=490)
	        Index Cond: (id = ANY ('{8567445,5116691,2071308,3563159,6576380,270970,2473582,1250227,8090314,4353990}'::integer[]))

table 5 : explain UPDATE sbtest5 set c=7 WHERE id IN ( 8567445, 5116691, 2071308, 3563159, 6576380, 270970, 2473582, 1250227, 8090314, 4353990)
	Update on sbtest5  (cost=0.43..48.53 rows=0 width=0)
	  ->  Index Scan using sbtest5_pkey on sbtest5  (cost=0.43..48.53 rows=10 width=490)
	        Index Cond: (id = ANY ('{8567445,5116691,2071308,3563159,6576380,270970,2473582,1250227,8090314,4353990}'::integer[]))

table 6 : explain UPDATE sbtest6 set c=7 WHERE id IN ( 8567445, 5116691, 2071308, 3563159, 6576380, 270970, 2473582, 1250227, 8090314, 4353990)
	Update on sbtest6  (cost=0.43..48.53 rows=0 width=0)
	  ->  Index Scan using sbtest6_pkey on sbtest6  (cost=0.43..48.53 rows=10 width=490)
	        Index Cond: (id = ANY ('{8567445,5116691,2071308,3563159,6576380,270970,2473582,1250227,8090314,4353990}'::integer[]))

table 7 : explain UPDATE sbtest7 set c=7 WHERE id IN ( 8567445, 5116691, 2071308, 3563159, 6576380, 270970, 2473582, 1250227, 8090314, 4353990)
	Update on sbtest7  (cost=0.43..48.53 rows=0 width=0)
	  ->  Index Scan using sbtest7_pkey on sbtest7  (cost=0.43..48.53 rows=10 width=490)
	        Index Cond: (id = ANY ('{8567445,5116691,2071308,3563159,6576380,270970,2473582,1250227,8090314,4353990}'::integer[]))

table 8 : explain UPDATE sbtest8 set c=7 WHERE id IN ( 8567445, 5116691, 2071308, 3563159, 6576380, 270970, 2473582, 1250227, 8090314, 4353990)
	Update on sbtest8  (cost=0.43..48.53 rows=0 width=0)
	  ->  Index Scan using sbtest8_pkey on sbtest8  (cost=0.43..48.53 rows=10 width=490)
	        Index Cond: (id = ANY ('{8567445,5116691,2071308,3563159,6576380,270970,2473582,1250227,8090314,4353990}'::integer[]))

explain: for update-inlist :: explain UPDATE sbtest%d set c=7 WHERE id IN ( 8302585, 7002388, 4949771, 3746295, 9922028, 1013470, 8006644, 1361134, 3869672, 8846081)
for update-inlist
table 1 : explain UPDATE sbtest1 set c=7 WHERE id IN ( 9703423, 9145515, 6262924, 6266540, 1676976, 4828220, 3268576, 8853424, 6113565, 4040372)
	Update on sbtest1  (cost=0.43..48.53 rows=0 width=0)
	  ->  Index Scan using sbtest1_pkey on sbtest1  (cost=0.43..48.53 rows=10 width=490)
	        Index Cond: (id = ANY ('{9703423,9145515,6262924,6266540,1676976,4828220,3268576,8853424,6113565,4040372}'::integer[]))

table 2 : explain UPDATE sbtest2 set c=7 WHERE id IN ( 9703423, 9145515, 6262924, 6266540, 1676976, 4828220, 3268576, 8853424, 6113565, 4040372)
	Update on sbtest2  (cost=0.43..48.53 rows=0 width=0)
	  ->  Index Scan using sbtest2_pkey on sbtest2  (cost=0.43..48.53 rows=10 width=490)
	        Index Cond: (id = ANY ('{9703423,9145515,6262924,6266540,1676976,4828220,3268576,8853424,6113565,4040372}'::integer[]))

table 3 : explain UPDATE sbtest3 set c=7 WHERE id IN ( 9703423, 9145515, 6262924, 6266540, 1676976, 4828220, 3268576, 8853424, 6113565, 4040372)
	Update on sbtest3  (cost=0.43..48.53 rows=0 width=0)
	  ->  Index Scan using sbtest3_pkey on sbtest3  (cost=0.43..48.53 rows=10 width=490)
	        Index Cond: (id = ANY ('{9703423,9145515,6262924,6266540,1676976,4828220,3268576,8853424,6113565,4040372}'::integer[]))

table 4 : explain UPDATE sbtest4 set c=7 WHERE id IN ( 9703423, 9145515, 6262924, 6266540, 1676976, 4828220, 3268576, 8853424, 6113565, 4040372)
	Update on sbtest4  (cost=0.43..48.53 rows=0 width=0)
	  ->  Index Scan using sbtest4_pkey on sbtest4  (cost=0.43..48.53 rows=10 width=490)
	        Index Cond: (id = ANY ('{9703423,9145515,6262924,6266540,1676976,4828220,3268576,8853424,6113565,4040372}'::integer[]))

table 5 : explain UPDATE sbtest5 set c=7 WHERE id IN ( 9703423, 9145515, 6262924, 6266540, 1676976, 4828220, 3268576, 8853424, 6113565, 4040372)
	Update on sbtest5  (cost=0.43..48.53 rows=0 width=0)
	  ->  Index Scan using sbtest5_pkey on sbtest5  (cost=0.43..48.53 rows=10 width=490)
	        Index Cond: (id = ANY ('{9703423,9145515,6262924,6266540,1676976,4828220,3268576,8853424,6113565,4040372}'::integer[]))

table 6 : explain UPDATE sbtest6 set c=7 WHERE id IN ( 9703423, 9145515, 6262924, 6266540, 1676976, 4828220, 3268576, 8853424, 6113565, 4040372)
	Update on sbtest6  (cost=0.43..48.53 rows=0 width=0)
	  ->  Index Scan using sbtest6_pkey on sbtest6  (cost=0.43..48.53 rows=10 width=490)
	        Index Cond: (id = ANY ('{9703423,9145515,6262924,6266540,1676976,4828220,3268576,8853424,6113565,4040372}'::integer[]))

table 7 : explain UPDATE sbtest7 set c=7 WHERE id IN ( 9703423, 9145515, 6262924, 6266540, 1676976, 4828220, 3268576, 8853424, 6113565, 4040372)
	Update on sbtest7  (cost=0.43..48.53 rows=0 width=0)
	  ->  Index Scan using sbtest7_pkey on sbtest7  (cost=0.43..48.53 rows=10 width=490)
	        Index Cond: (id = ANY ('{9703423,9145515,6262924,6266540,1676976,4828220,3268576,8853424,6113565,4040372}'::integer[]))

table 8 : explain UPDATE sbtest8 set c=7 WHERE id IN ( 9703423, 9145515, 6262924, 6266540, 1676976, 4828220, 3268576, 8853424, 6113565, 4040372)
	Update on sbtest8  (cost=0.43..48.53 rows=0 width=0)
	  ->  Index Scan using sbtest8_pkey on sbtest8  (cost=0.43..48.53 rows=10 width=490)
	        Index Cond: (id = ANY ('{9703423,9145515,6262924,6266540,1676976,4828220,3268576,8853424,6113565,4040372}'::integer[]))

explain: for update-inlist :: explain UPDATE sbtest%d set c=7 WHERE id IN ( 3016000, 1010037, 344804, 373397, 3570905, 3665828, 9981575, 6306344, 4635992, 5096174)
explain: for update-inlist :: explain UPDATE sbtest%d set c=7 WHERE id IN ( 8690470, 3865094, 3471097, 8706826, 3973243, 7900030, 961908, 4683144, 300794, 5983570)
for update-inlist
table 1 : explain UPDATE sbtest1 set c=7 WHERE id IN ( 5649109, 5319993, 9221729, 6570746, 6746720, 2144999, 8688292, 791330, 9668546, 8827060)
	Update on sbtest1  (cost=0.43..48.53 rows=0 width=0)
	  ->  Index Scan using sbtest1_pkey on sbtest1  (cost=0.43..48.53 rows=10 width=490)
	        Index Cond: (id = ANY ('{5649109,5319993,9221729,6570746,6746720,2144999,8688292,791330,9668546,8827060}'::integer[]))

table 2 : explain UPDATE sbtest2 set c=7 WHERE id IN ( 5649109, 5319993, 9221729, 6570746, 6746720, 2144999, 8688292, 791330, 9668546, 8827060)
	Update on sbtest2  (cost=0.43..48.53 rows=0 width=0)
	  ->  Index Scan using sbtest2_pkey on sbtest2  (cost=0.43..48.53 rows=10 width=490)
	        Index Cond: (id = ANY ('{5649109,5319993,9221729,6570746,6746720,2144999,8688292,791330,9668546,8827060}'::integer[]))

table 3 : explain UPDATE sbtest3 set c=7 WHERE id IN ( 5649109, 5319993, 9221729, 6570746, 6746720, 2144999, 8688292, 791330, 9668546, 8827060)
	Update on sbtest3  (cost=0.43..48.53 rows=0 width=0)
	  ->  Index Scan using sbtest3_pkey on sbtest3  (cost=0.43..48.53 rows=10 width=490)
	        Index Cond: (id = ANY ('{5649109,5319993,9221729,6570746,6746720,2144999,8688292,791330,9668546,8827060}'::integer[]))

table 4 : explain UPDATE sbtest4 set c=7 WHERE id IN ( 5649109, 5319993, 9221729, 6570746, 6746720, 2144999, 8688292, 791330, 9668546, 8827060)
	Update on sbtest4  (cost=0.43..48.53 rows=0 width=0)
	  ->  Index Scan using sbtest4_pkey on sbtest4  (cost=0.43..48.53 rows=10 width=490)
	        Index Cond: (id = ANY ('{5649109,5319993,9221729,6570746,6746720,2144999,8688292,791330,9668546,8827060}'::integer[]))

table 5 : explain UPDATE sbtest5 set c=7 WHERE id IN ( 5649109, 5319993, 9221729, 6570746, 6746720, 2144999, 8688292, 791330, 9668546, 8827060)
	Update on sbtest5  (cost=0.43..48.53 rows=0 width=0)
	  ->  Index Scan using sbtest5_pkey on sbtest5  (cost=0.43..48.53 rows=10 width=490)
	        Index Cond: (id = ANY ('{5649109,5319993,9221729,6570746,6746720,2144999,8688292,791330,9668546,8827060}'::integer[]))

table 6 : explain UPDATE sbtest6 set c=7 WHERE id IN ( 5649109, 5319993, 9221729, 6570746, 6746720, 2144999, 8688292, 791330, 9668546, 8827060)
	Update on sbtest6  (cost=0.43..48.53 rows=0 width=0)
	  ->  Index Scan using sbtest6_pkey on sbtest6  (cost=0.43..48.53 rows=10 width=490)
	        Index Cond: (id = ANY ('{5649109,5319993,9221729,6570746,6746720,2144999,8688292,791330,9668546,8827060}'::integer[]))

table 7 : explain UPDATE sbtest7 set c=7 WHERE id IN ( 5649109, 5319993, 9221729, 6570746, 6746720, 2144999, 8688292, 791330, 9668546, 8827060)
	Update on sbtest7  (cost=0.43..48.53 rows=0 width=0)
	  ->  Index Scan using sbtest7_pkey on sbtest7  (cost=0.43..48.53 rows=10 width=490)
	        Index Cond: (id = ANY ('{5649109,5319993,9221729,6570746,6746720,2144999,8688292,791330,9668546,8827060}'::integer[]))

table 8 : explain UPDATE sbtest8 set c=7 WHERE id IN ( 5649109, 5319993, 9221729, 6570746, 6746720, 2144999, 8688292, 791330, 9668546, 8827060)
	Update on sbtest8  (cost=0.43..48.53 rows=0 width=0)
	  ->  Index Scan using sbtest8_pkey on sbtest8  (cost=0.43..48.53 rows=10 width=490)
	        Index Cond: (id = ANY ('{5649109,5319993,9221729,6570746,6746720,2144999,8688292,791330,9668546,8827060}'::integer[]))

for update-inlist
table 1 : explain UPDATE sbtest1 set c=7 WHERE id IN ( 4351909, 4459467, 9872805, 540228, 8055392, 4022685, 405467, 6429430, 168373, 199509)
	Update on sbtest1  (cost=0.43..48.53 rows=0 width=0)
	  ->  Index Scan using sbtest1_pkey on sbtest1  (cost=0.43..48.53 rows=10 width=490)
	        Index Cond: (id = ANY ('{4351909,4459467,9872805,540228,8055392,4022685,405467,6429430,168373,199509}'::integer[]))

table 2 : explain UPDATE sbtest2 set c=7 WHERE id IN ( 4351909, 4459467, 9872805, 540228, 8055392, 4022685, 405467, 6429430, 168373, 199509)
	Update on sbtest2  (cost=0.43..48.53 rows=0 width=0)
	  ->  Index Scan using sbtest2_pkey on sbtest2  (cost=0.43..48.53 rows=10 width=490)
	        Index Cond: (id = ANY ('{4351909,4459467,9872805,540228,8055392,4022685,405467,6429430,168373,199509}'::integer[]))

table 3 : explain UPDATE sbtest3 set c=7 WHERE id IN ( 4351909, 4459467, 9872805, 540228, 8055392, 4022685, 405467, 6429430, 168373, 199509)
	Update on sbtest3  (cost=0.43..48.53 rows=0 width=0)
	  ->  Index Scan using sbtest3_pkey on sbtest3  (cost=0.43..48.53 rows=10 width=490)
	        Index Cond: (id = ANY ('{4351909,4459467,9872805,540228,8055392,4022685,405467,6429430,168373,199509}'::integer[]))

table 4 : explain UPDATE sbtest4 set c=7 WHERE id IN ( 4351909, 4459467, 9872805, 540228, 8055392, 4022685, 405467, 6429430, 168373, 199509)
	Update on sbtest4  (cost=0.43..48.53 rows=0 width=0)
	  ->  Index Scan using sbtest4_pkey on sbtest4  (cost=0.43..48.53 rows=10 width=490)
	        Index Cond: (id = ANY ('{4351909,4459467,9872805,540228,8055392,4022685,405467,6429430,168373,199509}'::integer[]))

table 5 : explain UPDATE sbtest5 set c=7 WHERE id IN ( 4351909, 4459467, 9872805, 540228, 8055392, 4022685, 405467, 6429430, 168373, 199509)
	Update on sbtest5  (cost=0.43..48.53 rows=0 width=0)
	  ->  Index Scan using sbtest5_pkey on sbtest5  (cost=0.43..48.53 rows=10 width=490)
	        Index Cond: (id = ANY ('{4351909,4459467,9872805,540228,8055392,4022685,405467,6429430,168373,199509}'::integer[]))

table 6 : explain UPDATE sbtest6 set c=7 WHERE id IN ( 4351909, 4459467, 9872805, 540228, 8055392, 4022685, 405467, 6429430, 168373, 199509)
	Update on sbtest6  (cost=0.43..48.53 rows=0 width=0)
	  ->  Index Scan using sbtest6_pkey on sbtest6  (cost=0.43..48.53 rows=10 width=490)
	        Index Cond: (id = ANY ('{4351909,4459467,9872805,540228,8055392,4022685,405467,6429430,168373,199509}'::integer[]))

table 7 : explain UPDATE sbtest7 set c=7 WHERE id IN ( 4351909, 4459467, 9872805, 540228, 8055392, 4022685, 405467, 6429430, 168373, 199509)
	Update on sbtest7  (cost=0.43..48.53 rows=0 width=0)
	  ->  Index Scan using sbtest7_pkey on sbtest7  (cost=0.43..48.53 rows=10 width=490)
	        Index Cond: (id = ANY ('{4351909,4459467,9872805,540228,8055392,4022685,405467,6429430,168373,199509}'::integer[]))

table 8 : explain UPDATE sbtest8 set c=7 WHERE id IN ( 4351909, 4459467, 9872805, 540228, 8055392, 4022685, 405467, 6429430, 168373, 199509)
	Update on sbtest8  (cost=0.43..48.53 rows=0 width=0)
	  ->  Index Scan using sbtest8_pkey on sbtest8  (cost=0.43..48.53 rows=10 width=490)
	        Index Cond: (id = ANY ('{4351909,4459467,9872805,540228,8055392,4022685,405467,6429430,168373,199509}'::integer[]))

for update-inlist
table 1 : explain UPDATE sbtest1 set c=7 WHERE id IN ( 8302585, 7002388, 4949771, 3746295, 9922028, 1013470, 8006644, 1361134, 3869672, 8846081)
	Update on sbtest1  (cost=0.43..48.53 rows=0 width=0)
	  ->  Index Scan using sbtest1_pkey on sbtest1  (cost=0.43..48.53 rows=10 width=490)
	        Index Cond: (id = ANY ('{8302585,7002388,4949771,3746295,9922028,1013470,8006644,1361134,3869672,8846081}'::integer[]))

table 2 : explain UPDATE sbtest2 set c=7 WHERE id IN ( 8302585, 7002388, 4949771, 3746295, 9922028, 1013470, 8006644, 1361134, 3869672, 8846081)
	Update on sbtest2  (cost=0.43..48.53 rows=0 width=0)
	  ->  Index Scan using sbtest2_pkey on sbtest2  (cost=0.43..48.53 rows=10 width=490)
	        Index Cond: (id = ANY ('{8302585,7002388,4949771,3746295,9922028,1013470,8006644,1361134,3869672,8846081}'::integer[]))

table 3 : explain UPDATE sbtest3 set c=7 WHERE id IN ( 8302585, 7002388, 4949771, 3746295, 9922028, 1013470, 8006644, 1361134, 3869672, 8846081)
	Update on sbtest3  (cost=0.43..48.53 rows=0 width=0)
	  ->  Index Scan using sbtest3_pkey on sbtest3  (cost=0.43..48.53 rows=10 width=490)
	        Index Cond: (id = ANY ('{8302585,7002388,4949771,3746295,9922028,1013470,8006644,1361134,3869672,8846081}'::integer[]))

table 4 : explain UPDATE sbtest4 set c=7 WHERE id IN ( 8302585, 7002388, 4949771, 3746295, 9922028, 1013470, 8006644, 1361134, 3869672, 8846081)
	Update on sbtest4  (cost=0.43..48.53 rows=0 width=0)
	  ->  Index Scan using sbtest4_pkey on sbtest4  (cost=0.43..48.53 rows=10 width=490)
	        Index Cond: (id = ANY ('{8302585,7002388,4949771,3746295,9922028,1013470,8006644,1361134,3869672,8846081}'::integer[]))

table 5 : explain UPDATE sbtest5 set c=7 WHERE id IN ( 8302585, 7002388, 4949771, 3746295, 9922028, 1013470, 8006644, 1361134, 3869672, 8846081)
	Update on sbtest5  (cost=0.43..48.53 rows=0 width=0)
	  ->  Index Scan using sbtest5_pkey on sbtest5  (cost=0.43..48.53 rows=10 width=490)
	        Index Cond: (id = ANY ('{8302585,7002388,4949771,3746295,9922028,1013470,8006644,1361134,3869672,8846081}'::integer[]))

table 6 : explain UPDATE sbtest6 set c=7 WHERE id IN ( 8302585, 7002388, 4949771, 3746295, 9922028, 1013470, 8006644, 1361134, 3869672, 8846081)
	Update on sbtest6  (cost=0.43..48.53 rows=0 width=0)
	  ->  Index Scan using sbtest6_pkey on sbtest6  (cost=0.43..48.53 rows=10 width=490)
	        Index Cond: (id = ANY ('{8302585,7002388,4949771,3746295,9922028,1013470,8006644,1361134,3869672,8846081}'::integer[]))

table 7 : explain UPDATE sbtest7 set c=7 WHERE id IN ( 8302585, 7002388, 4949771, 3746295, 9922028, 1013470, 8006644, 1361134, 3869672, 8846081)
	Update on sbtest7  (cost=0.43..48.53 rows=0 width=0)
	  ->  Index Scan using sbtest7_pkey on sbtest7  (cost=0.43..48.53 rows=10 width=490)
	        Index Cond: (id = ANY ('{8302585,7002388,4949771,3746295,9922028,1013470,8006644,1361134,3869672,8846081}'::integer[]))

table 8 : explain UPDATE sbtest8 set c=7 WHERE id IN ( 8302585, 7002388, 4949771, 3746295, 9922028, 1013470, 8006644, 1361134, 3869672, 8846081)
	Update on sbtest8  (cost=0.43..48.53 rows=0 width=0)
	  ->  Index Scan using sbtest8_pkey on sbtest8  (cost=0.43..48.53 rows=10 width=490)
	        Index Cond: (id = ANY ('{8302585,7002388,4949771,3746295,9922028,1013470,8006644,1361134,3869672,8846081}'::integer[]))

explain: for update-inlist :: explain UPDATE sbtest%d set c=7 WHERE id IN ( 3394095, 4232405, 7009450, 6937098, 6423302, 3019127, 7533019, 1190147, 1422080, 4269602)
for update-inlist
table 1 : explain UPDATE sbtest1 set c=7 WHERE id IN ( 3016000, 1010037, 344804, 373397, 3570905, 3665828, 9981575, 6306344, 4635992, 5096174)
	Update on sbtest1  (cost=0.43..48.53 rows=0 width=0)
	  ->  Index Scan using sbtest1_pkey on sbtest1  (cost=0.43..48.53 rows=10 width=490)
	        Index Cond: (id = ANY ('{3016000,1010037,344804,373397,3570905,3665828,9981575,6306344,4635992,5096174}'::integer[]))

table 2 : explain UPDATE sbtest2 set c=7 WHERE id IN ( 3016000, 1010037, 344804, 373397, 3570905, 3665828, 9981575, 6306344, 4635992, 5096174)
	Update on sbtest2  (cost=0.43..48.53 rows=0 width=0)
	  ->  Index Scan using sbtest2_pkey on sbtest2  (cost=0.43..48.53 rows=10 width=490)
	        Index Cond: (id = ANY ('{3016000,1010037,344804,373397,3570905,3665828,9981575,6306344,4635992,5096174}'::integer[]))

table 3 : explain UPDATE sbtest3 set c=7 WHERE id IN ( 3016000, 1010037, 344804, 373397, 3570905, 3665828, 9981575, 6306344, 4635992, 5096174)
	Update on sbtest3  (cost=0.43..48.53 rows=0 width=0)
	  ->  Index Scan using sbtest3_pkey on sbtest3  (cost=0.43..48.53 rows=10 width=490)
	        Index Cond: (id = ANY ('{3016000,1010037,344804,373397,3570905,3665828,9981575,6306344,4635992,5096174}'::integer[]))

table 4 : explain UPDATE sbtest4 set c=7 WHERE id IN ( 3016000, 1010037, 344804, 373397, 3570905, 3665828, 9981575, 6306344, 4635992, 5096174)
	Update on sbtest4  (cost=0.43..48.53 rows=0 width=0)
	  ->  Index Scan using sbtest4_pkey on sbtest4  (cost=0.43..48.53 rows=10 width=490)
	        Index Cond: (id = ANY ('{3016000,1010037,344804,373397,3570905,3665828,9981575,6306344,4635992,5096174}'::integer[]))

table 5 : explain UPDATE sbtest5 set c=7 WHERE id IN ( 3016000, 1010037, 344804, 373397, 3570905, 3665828, 9981575, 6306344, 4635992, 5096174)
	Update on sbtest5  (cost=0.43..48.53 rows=0 width=0)
	  ->  Index Scan using sbtest5_pkey on sbtest5  (cost=0.43..48.53 rows=10 width=490)
	        Index Cond: (id = ANY ('{3016000,1010037,344804,373397,3570905,3665828,9981575,6306344,4635992,5096174}'::integer[]))

table 6 : explain UPDATE sbtest6 set c=7 WHERE id IN ( 3016000, 1010037, 344804, 373397, 3570905, 3665828, 9981575, 6306344, 4635992, 5096174)
	Update on sbtest6  (cost=0.43..48.53 rows=0 width=0)
	  ->  Index Scan using sbtest6_pkey on sbtest6  (cost=0.43..48.53 rows=10 width=490)
	        Index Cond: (id = ANY ('{3016000,1010037,344804,373397,3570905,3665828,9981575,6306344,4635992,5096174}'::integer[]))

table 7 : explain UPDATE sbtest7 set c=7 WHERE id IN ( 3016000, 1010037, 344804, 373397, 3570905, 3665828, 9981575, 6306344, 4635992, 5096174)
	Update on sbtest7  (cost=0.43..48.53 rows=0 width=0)
	  ->  Index Scan using sbtest7_pkey on sbtest7  (cost=0.43..48.53 rows=10 width=490)
	        Index Cond: (id = ANY ('{3016000,1010037,344804,373397,3570905,3665828,9981575,6306344,4635992,5096174}'::integer[]))

table 8 : explain UPDATE sbtest8 set c=7 WHERE id IN ( 3016000, 1010037, 344804, 373397, 3570905, 3665828, 9981575, 6306344, 4635992, 5096174)
	Update on sbtest8  (cost=0.43..48.53 rows=0 width=0)
	  ->  Index Scan using sbtest8_pkey on sbtest8  (cost=0.43..48.53 rows=10 width=490)
	        Index Cond: (id = ANY ('{3016000,1010037,344804,373397,3570905,3665828,9981575,6306344,4635992,5096174}'::integer[]))

explain: for update-inlist :: explain UPDATE sbtest%d set c=7 WHERE id IN ( 2584139, 1769127, 8678141, 7297224, 1970567, 6908449, 6466113, 2615193, 3079088, 7051542)
for update-inlist
table 1 : explain UPDATE sbtest1 set c=7 WHERE id IN ( 4288856, 4071098, 294584, 3916614, 8862909, 2276516, 2025905, 8830214, 9073148, 7471999)
	Update on sbtest1  (cost=0.43..48.53 rows=0 width=0)
	  ->  Index Scan using sbtest1_pkey on sbtest1  (cost=0.43..48.53 rows=10 width=490)
	        Index Cond: (id = ANY ('{4288856,4071098,294584,3916614,8862909,2276516,2025905,8830214,9073148,7471999}'::integer[]))

table 2 : explain UPDATE sbtest2 set c=7 WHERE id IN ( 4288856, 4071098, 294584, 3916614, 8862909, 2276516, 2025905, 8830214, 9073148, 7471999)
	Update on sbtest2  (cost=0.43..48.53 rows=0 width=0)
	  ->  Index Scan using sbtest2_pkey on sbtest2  (cost=0.43..48.53 rows=10 width=490)
	        Index Cond: (id = ANY ('{4288856,4071098,294584,3916614,8862909,2276516,2025905,8830214,9073148,7471999}'::integer[]))

table 3 : explain UPDATE sbtest3 set c=7 WHERE id IN ( 4288856, 4071098, 294584, 3916614, 8862909, 2276516, 2025905, 8830214, 9073148, 7471999)
	Update on sbtest3  (cost=0.43..48.53 rows=0 width=0)
	  ->  Index Scan using sbtest3_pkey on sbtest3  (cost=0.43..48.53 rows=10 width=490)
	        Index Cond: (id = ANY ('{4288856,4071098,294584,3916614,8862909,2276516,2025905,8830214,9073148,7471999}'::integer[]))

table 4 : explain UPDATE sbtest4 set c=7 WHERE id IN ( 4288856, 4071098, 294584, 3916614, 8862909, 2276516, 2025905, 8830214, 9073148, 7471999)
	Update on sbtest4  (cost=0.43..48.53 rows=0 width=0)
	  ->  Index Scan using sbtest4_pkey on sbtest4  (cost=0.43..48.53 rows=10 width=490)
	        Index Cond: (id = ANY ('{4288856,4071098,294584,3916614,8862909,2276516,2025905,8830214,9073148,7471999}'::integer[]))

table 5 : explain UPDATE sbtest5 set c=7 WHERE id IN ( 4288856, 4071098, 294584, 3916614, 8862909, 2276516, 2025905, 8830214, 9073148, 7471999)
	Update on sbtest5  (cost=0.43..48.53 rows=0 width=0)
	  ->  Index Scan using sbtest5_pkey on sbtest5  (cost=0.43..48.53 rows=10 width=490)
	        Index Cond: (id = ANY ('{4288856,4071098,294584,3916614,8862909,2276516,2025905,8830214,9073148,7471999}'::integer[]))

table 6 : explain UPDATE sbtest6 set c=7 WHERE id IN ( 4288856, 4071098, 294584, 3916614, 8862909, 2276516, 2025905, 8830214, 9073148, 7471999)
	Update on sbtest6  (cost=0.43..48.53 rows=0 width=0)
	  ->  Index Scan using sbtest6_pkey on sbtest6  (cost=0.43..48.53 rows=10 width=490)
	        Index Cond: (id = ANY ('{4288856,4071098,294584,3916614,8862909,2276516,2025905,8830214,9073148,7471999}'::integer[]))

table 7 : explain UPDATE sbtest7 set c=7 WHERE id IN ( 4288856, 4071098, 294584, 3916614, 8862909, 2276516, 2025905, 8830214, 9073148, 7471999)
	Update on sbtest7  (cost=0.43..48.53 rows=0 width=0)
	  ->  Index Scan using sbtest7_pkey on sbtest7  (cost=0.43..48.53 rows=10 width=490)
	        Index Cond: (id = ANY ('{4288856,4071098,294584,3916614,8862909,2276516,2025905,8830214,9073148,7471999}'::integer[]))

table 8 : explain UPDATE sbtest8 set c=7 WHERE id IN ( 4288856, 4071098, 294584, 3916614, 8862909, 2276516, 2025905, 8830214, 9073148, 7471999)
	Update on sbtest8  (cost=0.43..48.53 rows=0 width=0)
	  ->  Index Scan using sbtest8_pkey on sbtest8  (cost=0.43..48.53 rows=10 width=490)
	        Index Cond: (id = ANY ('{4288856,4071098,294584,3916614,8862909,2276516,2025905,8830214,9073148,7471999}'::integer[]))

explain: for update-inlist :: explain UPDATE sbtest%d set c=7 WHERE id IN ( 4446341, 338622, 5906553, 6959238, 5549090, 8071408, 4219894, 9475235, 9924287, 2004758)
for update-inlist
table 1 : explain UPDATE sbtest1 set c=7 WHERE id IN ( 7415744, 5046748, 5948119, 8085802, 6984365, 5704125, 7232765, 755049, 1425493, 9880538)
	Update on sbtest1  (cost=0.43..48.53 rows=0 width=0)
	  ->  Index Scan using sbtest1_pkey on sbtest1  (cost=0.43..48.53 rows=10 width=490)
	        Index Cond: (id = ANY ('{7415744,5046748,5948119,8085802,6984365,5704125,7232765,755049,1425493,9880538}'::integer[]))

table 2 : explain UPDATE sbtest2 set c=7 WHERE id IN ( 7415744, 5046748, 5948119, 8085802, 6984365, 5704125, 7232765, 755049, 1425493, 9880538)
	Update on sbtest2  (cost=0.43..48.53 rows=0 width=0)
	  ->  Index Scan using sbtest2_pkey on sbtest2  (cost=0.43..48.53 rows=10 width=490)
	        Index Cond: (id = ANY ('{7415744,5046748,5948119,8085802,6984365,5704125,7232765,755049,1425493,9880538}'::integer[]))

table 3 : explain UPDATE sbtest3 set c=7 WHERE id IN ( 7415744, 5046748, 5948119, 8085802, 6984365, 5704125, 7232765, 755049, 1425493, 9880538)
	Update on sbtest3  (cost=0.43..48.53 rows=0 width=0)
	  ->  Index Scan using sbtest3_pkey on sbtest3  (cost=0.43..48.53 rows=10 width=490)
	        Index Cond: (id = ANY ('{7415744,5046748,5948119,8085802,6984365,5704125,7232765,755049,1425493,9880538}'::integer[]))

table 4 : explain UPDATE sbtest4 set c=7 WHERE id IN ( 7415744, 5046748, 5948119, 8085802, 6984365, 5704125, 7232765, 755049, 1425493, 9880538)
	Update on sbtest4  (cost=0.43..48.53 rows=0 width=0)
	  ->  Index Scan using sbtest4_pkey on sbtest4  (cost=0.43..48.53 rows=10 width=490)
	        Index Cond: (id = ANY ('{7415744,5046748,5948119,8085802,6984365,5704125,7232765,755049,1425493,9880538}'::integer[]))

table 5 : explain UPDATE sbtest5 set c=7 WHERE id IN ( 7415744, 5046748, 5948119, 8085802, 6984365, 5704125, 7232765, 755049, 1425493, 9880538)
	Update on sbtest5  (cost=0.43..48.53 rows=0 width=0)
	  ->  Index Scan using sbtest5_pkey on sbtest5  (cost=0.43..48.53 rows=10 width=490)
	        Index Cond: (id = ANY ('{7415744,5046748,5948119,8085802,6984365,5704125,7232765,755049,1425493,9880538}'::integer[]))

table 6 : explain UPDATE sbtest6 set c=7 WHERE id IN ( 7415744, 5046748, 5948119, 8085802, 6984365, 5704125, 7232765, 755049, 1425493, 9880538)
	Update on sbtest6  (cost=0.43..48.53 rows=0 width=0)
	  ->  Index Scan using sbtest6_pkey on sbtest6  (cost=0.43..48.53 rows=10 width=490)
	        Index Cond: (id = ANY ('{7415744,5046748,5948119,8085802,6984365,5704125,7232765,755049,1425493,9880538}'::integer[]))

table 7 : explain UPDATE sbtest7 set c=7 WHERE id IN ( 7415744, 5046748, 5948119, 8085802, 6984365, 5704125, 7232765, 755049, 1425493, 9880538)
	Update on sbtest7  (cost=0.43..48.53 rows=0 width=0)
	  ->  Index Scan using sbtest7_pkey on sbtest7  (cost=0.43..48.53 rows=10 width=490)
	        Index Cond: (id = ANY ('{7415744,5046748,5948119,8085802,6984365,5704125,7232765,755049,1425493,9880538}'::integer[]))

table 8 : explain UPDATE sbtest8 set c=7 WHERE id IN ( 7415744, 5046748, 5948119, 8085802, 6984365, 5704125, 7232765, 755049, 1425493, 9880538)
	Update on sbtest8  (cost=0.43..48.53 rows=0 width=0)
	  ->  Index Scan using sbtest8_pkey on sbtest8  (cost=0.43..48.53 rows=10 width=490)
	        Index Cond: (id = ANY ('{7415744,5046748,5948119,8085802,6984365,5704125,7232765,755049,1425493,9880538}'::integer[]))

for update-inlist
table 1 : explain UPDATE sbtest1 set c=7 WHERE id IN ( 2784318, 3038338, 7202783, 312945, 7234445, 6658258, 9082619, 1127369, 6339037, 4225191)
	Update on sbtest1  (cost=0.43..48.53 rows=0 width=0)
	  ->  Index Scan using sbtest1_pkey on sbtest1  (cost=0.43..48.53 rows=10 width=490)
	        Index Cond: (id = ANY ('{2784318,3038338,7202783,312945,7234445,6658258,9082619,1127369,6339037,4225191}'::integer[]))

table 2 : explain UPDATE sbtest2 set c=7 WHERE id IN ( 2784318, 3038338, 7202783, 312945, 7234445, 6658258, 9082619, 1127369, 6339037, 4225191)
	Update on sbtest2  (cost=0.43..48.53 rows=0 width=0)
	  ->  Index Scan using sbtest2_pkey on sbtest2  (cost=0.43..48.53 rows=10 width=490)
	        Index Cond: (id = ANY ('{2784318,3038338,7202783,312945,7234445,6658258,9082619,1127369,6339037,4225191}'::integer[]))

table 3 : explain UPDATE sbtest3 set c=7 WHERE id IN ( 2784318, 3038338, 7202783, 312945, 7234445, 6658258, 9082619, 1127369, 6339037, 4225191)
	Update on sbtest3  (cost=0.43..48.53 rows=0 width=0)
	  ->  Index Scan using sbtest3_pkey on sbtest3  (cost=0.43..48.53 rows=10 width=490)
	        Index Cond: (id = ANY ('{2784318,3038338,7202783,312945,7234445,6658258,9082619,1127369,6339037,4225191}'::integer[]))

table 4 : explain UPDATE sbtest4 set c=7 WHERE id IN ( 2784318, 3038338, 7202783, 312945, 7234445, 6658258, 9082619, 1127369, 6339037, 4225191)
	Update on sbtest4  (cost=0.43..48.53 rows=0 width=0)
	  ->  Index Scan using sbtest4_pkey on sbtest4  (cost=0.43..48.53 rows=10 width=490)
	        Index Cond: (id = ANY ('{2784318,3038338,7202783,312945,7234445,6658258,9082619,1127369,6339037,4225191}'::integer[]))

table 5 : explain UPDATE sbtest5 set c=7 WHERE id IN ( 2784318, 3038338, 7202783, 312945, 7234445, 6658258, 9082619, 1127369, 6339037, 4225191)
	Update on sbtest5  (cost=0.43..48.53 rows=0 width=0)
	  ->  Index Scan using sbtest5_pkey on sbtest5  (cost=0.43..48.53 rows=10 width=490)
	        Index Cond: (id = ANY ('{2784318,3038338,7202783,312945,7234445,6658258,9082619,1127369,6339037,4225191}'::integer[]))

table 6 : explain UPDATE sbtest6 set c=7 WHERE id IN ( 2784318, 3038338, 7202783, 312945, 7234445, 6658258, 9082619, 1127369, 6339037, 4225191)
	Update on sbtest6  (cost=0.43..48.53 rows=0 width=0)
	  ->  Index Scan using sbtest6_pkey on sbtest6  (cost=0.43..48.53 rows=10 width=490)
	        Index Cond: (id = ANY ('{2784318,3038338,7202783,312945,7234445,6658258,9082619,1127369,6339037,4225191}'::integer[]))

table 7 : explain UPDATE sbtest7 set c=7 WHERE id IN ( 2784318, 3038338, 7202783, 312945, 7234445, 6658258, 9082619, 1127369, 6339037, 4225191)
	Update on sbtest7  (cost=0.43..48.53 rows=0 width=0)
	  ->  Index Scan using sbtest7_pkey on sbtest7  (cost=0.43..48.53 rows=10 width=490)
	        Index Cond: (id = ANY ('{2784318,3038338,7202783,312945,7234445,6658258,9082619,1127369,6339037,4225191}'::integer[]))

table 8 : explain UPDATE sbtest8 set c=7 WHERE id IN ( 2784318, 3038338, 7202783, 312945, 7234445, 6658258, 9082619, 1127369, 6339037, 4225191)
	Update on sbtest8  (cost=0.43..48.53 rows=0 width=0)
	  ->  Index Scan using sbtest8_pkey on sbtest8  (cost=0.43..48.53 rows=10 width=490)
	        Index Cond: (id = ANY ('{2784318,3038338,7202783,312945,7234445,6658258,9082619,1127369,6339037,4225191}'::integer[]))

for update-inlist
table 1 : explain UPDATE sbtest1 set c=7 WHERE id IN ( 8690470, 3865094, 3471097, 8706826, 3973243, 7900030, 961908, 4683144, 300794, 5983570)
	Update on sbtest1  (cost=0.43..48.53 rows=0 width=0)
	  ->  Index Scan using sbtest1_pkey on sbtest1  (cost=0.43..48.53 rows=10 width=490)
	        Index Cond: (id = ANY ('{8690470,3865094,3471097,8706826,3973243,7900030,961908,4683144,300794,5983570}'::integer[]))

table 2 : explain UPDATE sbtest2 set c=7 WHERE id IN ( 8690470, 3865094, 3471097, 8706826, 3973243, 7900030, 961908, 4683144, 300794, 5983570)
	Update on sbtest2  (cost=0.43..48.53 rows=0 width=0)
	  ->  Index Scan using sbtest2_pkey on sbtest2  (cost=0.43..48.53 rows=10 width=490)
	        Index Cond: (id = ANY ('{8690470,3865094,3471097,8706826,3973243,7900030,961908,4683144,300794,5983570}'::integer[]))

table 3 : explain UPDATE sbtest3 set c=7 WHERE id IN ( 8690470, 3865094, 3471097, 8706826, 3973243, 7900030, 961908, 4683144, 300794, 5983570)
	Update on sbtest3  (cost=0.43..48.53 rows=0 width=0)
	  ->  Index Scan using sbtest3_pkey on sbtest3  (cost=0.43..48.53 rows=10 width=490)
	        Index Cond: (id = ANY ('{8690470,3865094,3471097,8706826,3973243,7900030,961908,4683144,300794,5983570}'::integer[]))

table 4 : explain UPDATE sbtest4 set c=7 WHERE id IN ( 8690470, 3865094, 3471097, 8706826, 3973243, 7900030, 961908, 4683144, 300794, 5983570)
	Update on sbtest4  (cost=0.43..48.53 rows=0 width=0)
	  ->  Index Scan using sbtest4_pkey on sbtest4  (cost=0.43..48.53 rows=10 width=490)
	        Index Cond: (id = ANY ('{8690470,3865094,3471097,8706826,3973243,7900030,961908,4683144,300794,5983570}'::integer[]))

table 5 : explain UPDATE sbtest5 set c=7 WHERE id IN ( 8690470, 3865094, 3471097, 8706826, 3973243, 7900030, 961908, 4683144, 300794, 5983570)
	Update on sbtest5  (cost=0.43..48.53 rows=0 width=0)
	  ->  Index Scan using sbtest5_pkey on sbtest5  (cost=0.43..48.53 rows=10 width=490)
	        Index Cond: (id = ANY ('{8690470,3865094,3471097,8706826,3973243,7900030,961908,4683144,300794,5983570}'::integer[]))

table 6 : explain UPDATE sbtest6 set c=7 WHERE id IN ( 8690470, 3865094, 3471097, 8706826, 3973243, 7900030, 961908, 4683144, 300794, 5983570)
	Update on sbtest6  (cost=0.43..48.53 rows=0 width=0)
	  ->  Index Scan using sbtest6_pkey on sbtest6  (cost=0.43..48.53 rows=10 width=490)
	        Index Cond: (id = ANY ('{8690470,3865094,3471097,8706826,3973243,7900030,961908,4683144,300794,5983570}'::integer[]))

table 7 : explain UPDATE sbtest7 set c=7 WHERE id IN ( 8690470, 3865094, 3471097, 8706826, 3973243, 7900030, 961908, 4683144, 300794, 5983570)
	Update on sbtest7  (cost=0.43..48.53 rows=0 width=0)
	  ->  Index Scan using sbtest7_pkey on sbtest7  (cost=0.43..48.53 rows=10 width=490)
	        Index Cond: (id = ANY ('{8690470,3865094,3471097,8706826,3973243,7900030,961908,4683144,300794,5983570}'::integer[]))

table 8 : explain UPDATE sbtest8 set c=7 WHERE id IN ( 8690470, 3865094, 3471097, 8706826, 3973243, 7900030, 961908, 4683144, 300794, 5983570)
	Update on sbtest8  (cost=0.43..48.53 rows=0 width=0)
	  ->  Index Scan using sbtest8_pkey on sbtest8  (cost=0.43..48.53 rows=10 width=490)
	        Index Cond: (id = ANY ('{8690470,3865094,3471097,8706826,3973243,7900030,961908,4683144,300794,5983570}'::integer[]))

explain: for update-inlist :: explain UPDATE sbtest%d set c=7 WHERE id IN ( 2749517, 8213932, 885538, 6751599, 3666881, 3001913, 775327, 4629569, 4129913, 8517497)
for update-inlist
table 1 : explain UPDATE sbtest1 set c=7 WHERE id IN ( 3394095, 4232405, 7009450, 6937098, 6423302, 3019127, 7533019, 1190147, 1422080, 4269602)
	Update on sbtest1  (cost=0.43..48.53 rows=0 width=0)
	  ->  Index Scan using sbtest1_pkey on sbtest1  (cost=0.43..48.53 rows=10 width=490)
	        Index Cond: (id = ANY ('{3394095,4232405,7009450,6937098,6423302,3019127,7533019,1190147,1422080,4269602}'::integer[]))

table 2 : explain UPDATE sbtest2 set c=7 WHERE id IN ( 3394095, 4232405, 7009450, 6937098, 6423302, 3019127, 7533019, 1190147, 1422080, 4269602)
	Update on sbtest2  (cost=0.43..48.53 rows=0 width=0)
	  ->  Index Scan using sbtest2_pkey on sbtest2  (cost=0.43..48.53 rows=10 width=490)
	        Index Cond: (id = ANY ('{3394095,4232405,7009450,6937098,6423302,3019127,7533019,1190147,1422080,4269602}'::integer[]))

table 3 : explain UPDATE sbtest3 set c=7 WHERE id IN ( 3394095, 4232405, 7009450, 6937098, 6423302, 3019127, 7533019, 1190147, 1422080, 4269602)
	Update on sbtest3  (cost=0.43..48.53 rows=0 width=0)
	  ->  Index Scan using sbtest3_pkey on sbtest3  (cost=0.43..48.53 rows=10 width=490)
	        Index Cond: (id = ANY ('{3394095,4232405,7009450,6937098,6423302,3019127,7533019,1190147,1422080,4269602}'::integer[]))

table 4 : explain UPDATE sbtest4 set c=7 WHERE id IN ( 3394095, 4232405, 7009450, 6937098, 6423302, 3019127, 7533019, 1190147, 1422080, 4269602)
	Update on sbtest4  (cost=0.43..48.53 rows=0 width=0)
	  ->  Index Scan using sbtest4_pkey on sbtest4  (cost=0.43..48.53 rows=10 width=490)
	        Index Cond: (id = ANY ('{3394095,4232405,7009450,6937098,6423302,3019127,7533019,1190147,1422080,4269602}'::integer[]))

table 5 : explain UPDATE sbtest5 set c=7 WHERE id IN ( 3394095, 4232405, 7009450, 6937098, 6423302, 3019127, 7533019, 1190147, 1422080, 4269602)
	Update on sbtest5  (cost=0.43..48.53 rows=0 width=0)
	  ->  Index Scan using sbtest5_pkey on sbtest5  (cost=0.43..48.53 rows=10 width=490)
	        Index Cond: (id = ANY ('{3394095,4232405,7009450,6937098,6423302,3019127,7533019,1190147,1422080,4269602}'::integer[]))

table 6 : explain UPDATE sbtest6 set c=7 WHERE id IN ( 3394095, 4232405, 7009450, 6937098, 6423302, 3019127, 7533019, 1190147, 1422080, 4269602)
	Update on sbtest6  (cost=0.43..48.53 rows=0 width=0)
	  ->  Index Scan using sbtest6_pkey on sbtest6  (cost=0.43..48.53 rows=10 width=490)
	        Index Cond: (id = ANY ('{3394095,4232405,7009450,6937098,6423302,3019127,7533019,1190147,1422080,4269602}'::integer[]))

table 7 : explain UPDATE sbtest7 set c=7 WHERE id IN ( 3394095, 4232405, 7009450, 6937098, 6423302, 3019127, 7533019, 1190147, 1422080, 4269602)
	Update on sbtest7  (cost=0.43..48.53 rows=0 width=0)
	  ->  Index Scan using sbtest7_pkey on sbtest7  (cost=0.43..48.53 rows=10 width=490)
	        Index Cond: (id = ANY ('{3394095,4232405,7009450,6937098,6423302,3019127,7533019,1190147,1422080,4269602}'::integer[]))

table 8 : explain UPDATE sbtest8 set c=7 WHERE id IN ( 3394095, 4232405, 7009450, 6937098, 6423302, 3019127, 7533019, 1190147, 1422080, 4269602)
	Update on sbtest8  (cost=0.43..48.53 rows=0 width=0)
	  ->  Index Scan using sbtest8_pkey on sbtest8  (cost=0.43..48.53 rows=10 width=490)
	        Index Cond: (id = ANY ('{3394095,4232405,7009450,6937098,6423302,3019127,7533019,1190147,1422080,4269602}'::integer[]))

explain: for update-inlist :: explain UPDATE sbtest%d set c=7 WHERE id IN ( 4833893, 6004744, 7245689, 4084618, 325775, 553077, 4060449, 2348709, 5393507, 7537400)
for update-inlist
table 1 : explain UPDATE sbtest1 set c=7 WHERE id IN ( 2584139, 1769127, 8678141, 7297224, 1970567, 6908449, 6466113, 2615193, 3079088, 7051542)
	Update on sbtest1  (cost=0.43..48.53 rows=0 width=0)
	  ->  Index Scan using sbtest1_pkey on sbtest1  (cost=0.43..48.53 rows=10 width=490)
	        Index Cond: (id = ANY ('{2584139,1769127,8678141,7297224,1970567,6908449,6466113,2615193,3079088,7051542}'::integer[]))

table 2 : explain UPDATE sbtest2 set c=7 WHERE id IN ( 2584139, 1769127, 8678141, 7297224, 1970567, 6908449, 6466113, 2615193, 3079088, 7051542)
	Update on sbtest2  (cost=0.43..48.53 rows=0 width=0)
	  ->  Index Scan using sbtest2_pkey on sbtest2  (cost=0.43..48.53 rows=10 width=490)
	        Index Cond: (id = ANY ('{2584139,1769127,8678141,7297224,1970567,6908449,6466113,2615193,3079088,7051542}'::integer[]))

table 3 : explain UPDATE sbtest3 set c=7 WHERE id IN ( 2584139, 1769127, 8678141, 7297224, 1970567, 6908449, 6466113, 2615193, 3079088, 7051542)
	Update on sbtest3  (cost=0.43..48.53 rows=0 width=0)
	  ->  Index Scan using sbtest3_pkey on sbtest3  (cost=0.43..48.53 rows=10 width=490)
	        Index Cond: (id = ANY ('{2584139,1769127,8678141,7297224,1970567,6908449,6466113,2615193,3079088,7051542}'::integer[]))

table 4 : explain UPDATE sbtest4 set c=7 WHERE id IN ( 2584139, 1769127, 8678141, 7297224, 1970567, 6908449, 6466113, 2615193, 3079088, 7051542)
	Update on sbtest4  (cost=0.43..48.53 rows=0 width=0)
	  ->  Index Scan using sbtest4_pkey on sbtest4  (cost=0.43..48.53 rows=10 width=490)
	        Index Cond: (id = ANY ('{2584139,1769127,8678141,7297224,1970567,6908449,6466113,2615193,3079088,7051542}'::integer[]))

table 5 : explain UPDATE sbtest5 set c=7 WHERE id IN ( 2584139, 1769127, 8678141, 7297224, 1970567, 6908449, 6466113, 2615193, 3079088, 7051542)
	Update on sbtest5  (cost=0.43..48.53 rows=0 width=0)
	  ->  Index Scan using sbtest5_pkey on sbtest5  (cost=0.43..48.53 rows=10 width=490)
	        Index Cond: (id = ANY ('{2584139,1769127,8678141,7297224,1970567,6908449,6466113,2615193,3079088,7051542}'::integer[]))

table 6 : explain UPDATE sbtest6 set c=7 WHERE id IN ( 2584139, 1769127, 8678141, 7297224, 1970567, 6908449, 6466113, 2615193, 3079088, 7051542)
	Update on sbtest6  (cost=0.43..48.53 rows=0 width=0)
	  ->  Index Scan using sbtest6_pkey on sbtest6  (cost=0.43..48.53 rows=10 width=490)
	        Index Cond: (id = ANY ('{2584139,1769127,8678141,7297224,1970567,6908449,6466113,2615193,3079088,7051542}'::integer[]))

table 7 : explain UPDATE sbtest7 set c=7 WHERE id IN ( 2584139, 1769127, 8678141, 7297224, 1970567, 6908449, 6466113, 2615193, 3079088, 7051542)
	Update on sbtest7  (cost=0.43..48.53 rows=0 width=0)
	  ->  Index Scan using sbtest7_pkey on sbtest7  (cost=0.43..48.53 rows=10 width=490)
	        Index Cond: (id = ANY ('{2584139,1769127,8678141,7297224,1970567,6908449,6466113,2615193,3079088,7051542}'::integer[]))

table 8 : explain UPDATE sbtest8 set c=7 WHERE id IN ( 2584139, 1769127, 8678141, 7297224, 1970567, 6908449, 6466113, 2615193, 3079088, 7051542)
	Update on sbtest8  (cost=0.43..48.53 rows=0 width=0)
	  ->  Index Scan using sbtest8_pkey on sbtest8  (cost=0.43..48.53 rows=10 width=490)
	        Index Cond: (id = ANY ('{2584139,1769127,8678141,7297224,1970567,6908449,6466113,2615193,3079088,7051542}'::integer[]))

explain: for update-inlist :: explain UPDATE sbtest%d set c=7 WHERE id IN ( 7839716, 5072720, 8935545, 3274918, 1160339, 2652361, 1328801, 4900594, 4795911, 282089)
explain: for update-inlist :: explain UPDATE sbtest%d set c=7 WHERE id IN ( 854064, 7640310, 9852537, 1298621, 4840762, 5874726, 4499657, 6306624, 8078212, 6063851)
explain: for update-inlist :: explain UPDATE sbtest%d set c=7 WHERE id IN ( 249219, 382803, 7807300, 6989845, 1686770, 1872808, 2552226, 5644455, 238584, 9982102)
explain: for update-inlist :: explain UPDATE sbtest%d set c=7 WHERE id IN ( 8425467, 7816030, 6500969, 6863049, 8704305, 441249, 3551883, 8547082, 2687888, 3283335)
explain: for update-inlist :: explain UPDATE sbtest%d set c=7 WHERE id IN ( 8030099, 4251984, 7904897, 5902345, 5505127, 8313241, 2895691, 9498037, 2007582, 5969540)
for update-inlist
table 1 : explain UPDATE sbtest1 set c=7 WHERE id IN ( 4446341, 338622, 5906553, 6959238, 5549090, 8071408, 4219894, 9475235, 9924287, 2004758)
	Update on sbtest1  (cost=0.43..48.53 rows=0 width=0)
	  ->  Index Scan using sbtest1_pkey on sbtest1  (cost=0.43..48.53 rows=10 width=490)
	        Index Cond: (id = ANY ('{4446341,338622,5906553,6959238,5549090,8071408,4219894,9475235,9924287,2004758}'::integer[]))

table 2 : explain UPDATE sbtest2 set c=7 WHERE id IN ( 4446341, 338622, 5906553, 6959238, 5549090, 8071408, 4219894, 9475235, 9924287, 2004758)
	Update on sbtest2  (cost=0.43..48.53 rows=0 width=0)
	  ->  Index Scan using sbtest2_pkey on sbtest2  (cost=0.43..48.53 rows=10 width=490)
	        Index Cond: (id = ANY ('{4446341,338622,5906553,6959238,5549090,8071408,4219894,9475235,9924287,2004758}'::integer[]))

table 3 : explain UPDATE sbtest3 set c=7 WHERE id IN ( 4446341, 338622, 5906553, 6959238, 5549090, 8071408, 4219894, 9475235, 9924287, 2004758)
	Update on sbtest3  (cost=0.43..48.53 rows=0 width=0)
	  ->  Index Scan using sbtest3_pkey on sbtest3  (cost=0.43..48.53 rows=10 width=490)
	        Index Cond: (id = ANY ('{4446341,338622,5906553,6959238,5549090,8071408,4219894,9475235,9924287,2004758}'::integer[]))

table 4 : explain UPDATE sbtest4 set c=7 WHERE id IN ( 4446341, 338622, 5906553, 6959238, 5549090, 8071408, 4219894, 9475235, 9924287, 2004758)
	Update on sbtest4  (cost=0.43..48.53 rows=0 width=0)
	  ->  Index Scan using sbtest4_pkey on sbtest4  (cost=0.43..48.53 rows=10 width=490)
	        Index Cond: (id = ANY ('{4446341,338622,5906553,6959238,5549090,8071408,4219894,9475235,9924287,2004758}'::integer[]))

table 5 : explain UPDATE sbtest5 set c=7 WHERE id IN ( 4446341, 338622, 5906553, 6959238, 5549090, 8071408, 4219894, 9475235, 9924287, 2004758)
	Update on sbtest5  (cost=0.43..48.53 rows=0 width=0)
	  ->  Index Scan using sbtest5_pkey on sbtest5  (cost=0.43..48.53 rows=10 width=490)
	        Index Cond: (id = ANY ('{4446341,338622,5906553,6959238,5549090,8071408,4219894,9475235,9924287,2004758}'::integer[]))

table 6 : explain UPDATE sbtest6 set c=7 WHERE id IN ( 4446341, 338622, 5906553, 6959238, 5549090, 8071408, 4219894, 9475235, 9924287, 2004758)
	Update on sbtest6  (cost=0.43..48.53 rows=0 width=0)
	  ->  Index Scan using sbtest6_pkey on sbtest6  (cost=0.43..48.53 rows=10 width=490)
	        Index Cond: (id = ANY ('{4446341,338622,5906553,6959238,5549090,8071408,4219894,9475235,9924287,2004758}'::integer[]))

table 7 : explain UPDATE sbtest7 set c=7 WHERE id IN ( 4446341, 338622, 5906553, 6959238, 5549090, 8071408, 4219894, 9475235, 9924287, 2004758)
	Update on sbtest7  (cost=0.43..48.53 rows=0 width=0)
	  ->  Index Scan using sbtest7_pkey on sbtest7  (cost=0.43..48.53 rows=10 width=490)
	        Index Cond: (id = ANY ('{4446341,338622,5906553,6959238,5549090,8071408,4219894,9475235,9924287,2004758}'::integer[]))

table 8 : explain UPDATE sbtest8 set c=7 WHERE id IN ( 4446341, 338622, 5906553, 6959238, 5549090, 8071408, 4219894, 9475235, 9924287, 2004758)
	Update on sbtest8  (cost=0.43..48.53 rows=0 width=0)
	  ->  Index Scan using sbtest8_pkey on sbtest8  (cost=0.43..48.53 rows=10 width=490)
	        Index Cond: (id = ANY ('{4446341,338622,5906553,6959238,5549090,8071408,4219894,9475235,9924287,2004758}'::integer[]))

explain: for update-inlist :: explain UPDATE sbtest%d set c=7 WHERE id IN ( 8361203, 3496354, 3417661, 9973548, 8382025, 755706, 8937457, 3049768, 6074164, 1398642)
for update-inlist
table 1 : explain UPDATE sbtest1 set c=7 WHERE id IN ( 2749517, 8213932, 885538, 6751599, 3666881, 3001913, 775327, 4629569, 4129913, 8517497)
	Update on sbtest1  (cost=0.43..48.53 rows=0 width=0)
	  ->  Index Scan using sbtest1_pkey on sbtest1  (cost=0.43..48.53 rows=10 width=490)
	        Index Cond: (id = ANY ('{2749517,8213932,885538,6751599,3666881,3001913,775327,4629569,4129913,8517497}'::integer[]))

table 2 : explain UPDATE sbtest2 set c=7 WHERE id IN ( 2749517, 8213932, 885538, 6751599, 3666881, 3001913, 775327, 4629569, 4129913, 8517497)
	Update on sbtest2  (cost=0.43..48.53 rows=0 width=0)
	  ->  Index Scan using sbtest2_pkey on sbtest2  (cost=0.43..48.53 rows=10 width=490)
	        Index Cond: (id = ANY ('{2749517,8213932,885538,6751599,3666881,3001913,775327,4629569,4129913,8517497}'::integer[]))

table 3 : explain UPDATE sbtest3 set c=7 WHERE id IN ( 2749517, 8213932, 885538, 6751599, 3666881, 3001913, 775327, 4629569, 4129913, 8517497)
	Update on sbtest3  (cost=0.43..48.53 rows=0 width=0)
	  ->  Index Scan using sbtest3_pkey on sbtest3  (cost=0.43..48.53 rows=10 width=490)
	        Index Cond: (id = ANY ('{2749517,8213932,885538,6751599,3666881,3001913,775327,4629569,4129913,8517497}'::integer[]))

table 4 : explain UPDATE sbtest4 set c=7 WHERE id IN ( 2749517, 8213932, 885538, 6751599, 3666881, 3001913, 775327, 4629569, 4129913, 8517497)
	Update on sbtest4  (cost=0.43..48.53 rows=0 width=0)
	  ->  Index Scan using sbtest4_pkey on sbtest4  (cost=0.43..48.53 rows=10 width=490)
	        Index Cond: (id = ANY ('{2749517,8213932,885538,6751599,3666881,3001913,775327,4629569,4129913,8517497}'::integer[]))

table 5 : explain UPDATE sbtest5 set c=7 WHERE id IN ( 2749517, 8213932, 885538, 6751599, 3666881, 3001913, 775327, 4629569, 4129913, 8517497)
	Update on sbtest5  (cost=0.43..48.53 rows=0 width=0)
	  ->  Index Scan using sbtest5_pkey on sbtest5  (cost=0.43..48.53 rows=10 width=490)
	        Index Cond: (id = ANY ('{2749517,8213932,885538,6751599,3666881,3001913,775327,4629569,4129913,8517497}'::integer[]))

table 6 : explain UPDATE sbtest6 set c=7 WHERE id IN ( 2749517, 8213932, 885538, 6751599, 3666881, 3001913, 775327, 4629569, 4129913, 8517497)
	Update on sbtest6  (cost=0.43..48.53 rows=0 width=0)
	  ->  Index Scan using sbtest6_pkey on sbtest6  (cost=0.43..48.53 rows=10 width=490)
	        Index Cond: (id = ANY ('{2749517,8213932,885538,6751599,3666881,3001913,775327,4629569,4129913,8517497}'::integer[]))

table 7 : explain UPDATE sbtest7 set c=7 WHERE id IN ( 2749517, 8213932, 885538, 6751599, 3666881, 3001913, 775327, 4629569, 4129913, 8517497)
	Update on sbtest7  (cost=0.43..48.53 rows=0 width=0)
	  ->  Index Scan using sbtest7_pkey on sbtest7  (cost=0.43..48.53 rows=10 width=490)
	        Index Cond: (id = ANY ('{2749517,8213932,885538,6751599,3666881,3001913,775327,4629569,4129913,8517497}'::integer[]))

table 8 : explain UPDATE sbtest8 set c=7 WHERE id IN ( 2749517, 8213932, 885538, 6751599, 3666881, 3001913, 775327, 4629569, 4129913, 8517497)
	Update on sbtest8  (cost=0.43..48.53 rows=0 width=0)
	  ->  Index Scan using sbtest8_pkey on sbtest8  (cost=0.43..48.53 rows=10 width=490)
	        Index Cond: (id = ANY ('{2749517,8213932,885538,6751599,3666881,3001913,775327,4629569,4129913,8517497}'::integer[]))

for update-inlist
table 1 : explain UPDATE sbtest1 set c=7 WHERE id IN ( 4833893, 6004744, 7245689, 4084618, 325775, 553077, 4060449, 2348709, 5393507, 7537400)
	Update on sbtest1  (cost=0.43..48.53 rows=0 width=0)
	  ->  Index Scan using sbtest1_pkey on sbtest1  (cost=0.43..48.53 rows=10 width=490)
	        Index Cond: (id = ANY ('{4833893,6004744,7245689,4084618,325775,553077,4060449,2348709,5393507,7537400}'::integer[]))

table 2 : explain UPDATE sbtest2 set c=7 WHERE id IN ( 4833893, 6004744, 7245689, 4084618, 325775, 553077, 4060449, 2348709, 5393507, 7537400)
	Update on sbtest2  (cost=0.43..48.53 rows=0 width=0)
	  ->  Index Scan using sbtest2_pkey on sbtest2  (cost=0.43..48.53 rows=10 width=490)
	        Index Cond: (id = ANY ('{4833893,6004744,7245689,4084618,325775,553077,4060449,2348709,5393507,7537400}'::integer[]))

table 3 : explain UPDATE sbtest3 set c=7 WHERE id IN ( 4833893, 6004744, 7245689, 4084618, 325775, 553077, 4060449, 2348709, 5393507, 7537400)
	Update on sbtest3  (cost=0.43..48.53 rows=0 width=0)
	  ->  Index Scan using sbtest3_pkey on sbtest3  (cost=0.43..48.53 rows=10 width=490)
	        Index Cond: (id = ANY ('{4833893,6004744,7245689,4084618,325775,553077,4060449,2348709,5393507,7537400}'::integer[]))

table 4 : explain UPDATE sbtest4 set c=7 WHERE id IN ( 4833893, 6004744, 7245689, 4084618, 325775, 553077, 4060449, 2348709, 5393507, 7537400)
	Update on sbtest4  (cost=0.43..48.53 rows=0 width=0)
	  ->  Index Scan using sbtest4_pkey on sbtest4  (cost=0.43..48.53 rows=10 width=490)
	        Index Cond: (id = ANY ('{4833893,6004744,7245689,4084618,325775,553077,4060449,2348709,5393507,7537400}'::integer[]))

table 5 : explain UPDATE sbtest5 set c=7 WHERE id IN ( 4833893, 6004744, 7245689, 4084618, 325775, 553077, 4060449, 2348709, 5393507, 7537400)
	Update on sbtest5  (cost=0.43..48.53 rows=0 width=0)
	  ->  Index Scan using sbtest5_pkey on sbtest5  (cost=0.43..48.53 rows=10 width=490)
	        Index Cond: (id = ANY ('{4833893,6004744,7245689,4084618,325775,553077,4060449,2348709,5393507,7537400}'::integer[]))

table 6 : explain UPDATE sbtest6 set c=7 WHERE id IN ( 4833893, 6004744, 7245689, 4084618, 325775, 553077, 4060449, 2348709, 5393507, 7537400)
	Update on sbtest6  (cost=0.43..48.53 rows=0 width=0)
	  ->  Index Scan using sbtest6_pkey on sbtest6  (cost=0.43..48.53 rows=10 width=490)
	        Index Cond: (id = ANY ('{4833893,6004744,7245689,4084618,325775,553077,4060449,2348709,5393507,7537400}'::integer[]))

table 7 : explain UPDATE sbtest7 set c=7 WHERE id IN ( 4833893, 6004744, 7245689, 4084618, 325775, 553077, 4060449, 2348709, 5393507, 7537400)
	Update on sbtest7  (cost=0.43..48.53 rows=0 width=0)
	  ->  Index Scan using sbtest7_pkey on sbtest7  (cost=0.43..48.53 rows=10 width=490)
	        Index Cond: (id = ANY ('{4833893,6004744,7245689,4084618,325775,553077,4060449,2348709,5393507,7537400}'::integer[]))

table 8 : explain UPDATE sbtest8 set c=7 WHERE id IN ( 4833893, 6004744, 7245689, 4084618, 325775, 553077, 4060449, 2348709, 5393507, 7537400)
	Update on sbtest8  (cost=0.43..48.53 rows=0 width=0)
	  ->  Index Scan using sbtest8_pkey on sbtest8  (cost=0.43..48.53 rows=10 width=490)
	        Index Cond: (id = ANY ('{4833893,6004744,7245689,4084618,325775,553077,4060449,2348709,5393507,7537400}'::integer[]))

explain: for update-inlist :: explain UPDATE sbtest%d set c=7 WHERE id IN ( 9931868, 331425, 3482690, 8056560, 4998882, 1834979, 9539367, 657028, 5943424, 9575092)
for update-inlist
table 1 : explain UPDATE sbtest1 set c=7 WHERE id IN ( 8030099, 4251984, 7904897, 5902345, 5505127, 8313241, 2895691, 9498037, 2007582, 5969540)
	Update on sbtest1  (cost=0.43..48.53 rows=0 width=0)
	  ->  Index Scan using sbtest1_pkey on sbtest1  (cost=0.43..48.53 rows=10 width=490)
	        Index Cond: (id = ANY ('{8030099,4251984,7904897,5902345,5505127,8313241,2895691,9498037,2007582,5969540}'::integer[]))

table 2 : explain UPDATE sbtest2 set c=7 WHERE id IN ( 8030099, 4251984, 7904897, 5902345, 5505127, 8313241, 2895691, 9498037, 2007582, 5969540)
	Update on sbtest2  (cost=0.43..48.53 rows=0 width=0)
	  ->  Index Scan using sbtest2_pkey on sbtest2  (cost=0.43..48.53 rows=10 width=490)
	        Index Cond: (id = ANY ('{8030099,4251984,7904897,5902345,5505127,8313241,2895691,9498037,2007582,5969540}'::integer[]))

table 3 : explain UPDATE sbtest3 set c=7 WHERE id IN ( 8030099, 4251984, 7904897, 5902345, 5505127, 8313241, 2895691, 9498037, 2007582, 5969540)
	Update on sbtest3  (cost=0.43..48.53 rows=0 width=0)
	  ->  Index Scan using sbtest3_pkey on sbtest3  (cost=0.43..48.53 rows=10 width=490)
	        Index Cond: (id = ANY ('{8030099,4251984,7904897,5902345,5505127,8313241,2895691,9498037,2007582,5969540}'::integer[]))

table 4 : explain UPDATE sbtest4 set c=7 WHERE id IN ( 8030099, 4251984, 7904897, 5902345, 5505127, 8313241, 2895691, 9498037, 2007582, 5969540)
	Update on sbtest4  (cost=0.43..48.53 rows=0 width=0)
	  ->  Index Scan using sbtest4_pkey on sbtest4  (cost=0.43..48.53 rows=10 width=490)
	        Index Cond: (id = ANY ('{8030099,4251984,7904897,5902345,5505127,8313241,2895691,9498037,2007582,5969540}'::integer[]))

table 5 : explain UPDATE sbtest5 set c=7 WHERE id IN ( 8030099, 4251984, 7904897, 5902345, 5505127, 8313241, 2895691, 9498037, 2007582, 5969540)
	Update on sbtest5  (cost=0.43..48.53 rows=0 width=0)
	  ->  Index Scan using sbtest5_pkey on sbtest5  (cost=0.43..48.53 rows=10 width=490)
	        Index Cond: (id = ANY ('{8030099,4251984,7904897,5902345,5505127,8313241,2895691,9498037,2007582,5969540}'::integer[]))

table 6 : explain UPDATE sbtest6 set c=7 WHERE id IN ( 8030099, 4251984, 7904897, 5902345, 5505127, 8313241, 2895691, 9498037, 2007582, 5969540)
	Update on sbtest6  (cost=0.43..48.53 rows=0 width=0)
	  ->  Index Scan using sbtest6_pkey on sbtest6  (cost=0.43..48.53 rows=10 width=490)
	        Index Cond: (id = ANY ('{8030099,4251984,7904897,5902345,5505127,8313241,2895691,9498037,2007582,5969540}'::integer[]))

table 7 : explain UPDATE sbtest7 set c=7 WHERE id IN ( 8030099, 4251984, 7904897, 5902345, 5505127, 8313241, 2895691, 9498037, 2007582, 5969540)
	Update on sbtest7  (cost=0.43..48.53 rows=0 width=0)
	  ->  Index Scan using sbtest7_pkey on sbtest7  (cost=0.43..48.53 rows=10 width=490)
	        Index Cond: (id = ANY ('{8030099,4251984,7904897,5902345,5505127,8313241,2895691,9498037,2007582,5969540}'::integer[]))

table 8 : explain UPDATE sbtest8 set c=7 WHERE id IN ( 8030099, 4251984, 7904897, 5902345, 5505127, 8313241, 2895691, 9498037, 2007582, 5969540)
	Update on sbtest8  (cost=0.43..48.53 rows=0 width=0)
	  ->  Index Scan using sbtest8_pkey on sbtest8  (cost=0.43..48.53 rows=10 width=490)
	        Index Cond: (id = ANY ('{8030099,4251984,7904897,5902345,5505127,8313241,2895691,9498037,2007582,5969540}'::integer[]))

for update-inlist
table 1 : explain UPDATE sbtest1 set c=7 WHERE id IN ( 8361203, 3496354, 3417661, 9973548, 8382025, 755706, 8937457, 3049768, 6074164, 1398642)
	Update on sbtest1  (cost=0.43..48.53 rows=0 width=0)
	  ->  Index Scan using sbtest1_pkey on sbtest1  (cost=0.43..48.53 rows=10 width=490)
	        Index Cond: (id = ANY ('{8361203,3496354,3417661,9973548,8382025,755706,8937457,3049768,6074164,1398642}'::integer[]))

table 2 : explain UPDATE sbtest2 set c=7 WHERE id IN ( 8361203, 3496354, 3417661, 9973548, 8382025, 755706, 8937457, 3049768, 6074164, 1398642)
	Update on sbtest2  (cost=0.43..48.53 rows=0 width=0)
	  ->  Index Scan using sbtest2_pkey on sbtest2  (cost=0.43..48.53 rows=10 width=490)
	        Index Cond: (id = ANY ('{8361203,3496354,3417661,9973548,8382025,755706,8937457,3049768,6074164,1398642}'::integer[]))

table 3 : explain UPDATE sbtest3 set c=7 WHERE id IN ( 8361203, 3496354, 3417661, 9973548, 8382025, 755706, 8937457, 3049768, 6074164, 1398642)
	Update on sbtest3  (cost=0.43..48.53 rows=0 width=0)
	  ->  Index Scan using sbtest3_pkey on sbtest3  (cost=0.43..48.53 rows=10 width=490)
	        Index Cond: (id = ANY ('{8361203,3496354,3417661,9973548,8382025,755706,8937457,3049768,6074164,1398642}'::integer[]))

table 4 : explain UPDATE sbtest4 set c=7 WHERE id IN ( 8361203, 3496354, 3417661, 9973548, 8382025, 755706, 8937457, 3049768, 6074164, 1398642)
	Update on sbtest4  (cost=0.43..48.53 rows=0 width=0)
	  ->  Index Scan using sbtest4_pkey on sbtest4  (cost=0.43..48.53 rows=10 width=490)
	        Index Cond: (id = ANY ('{8361203,3496354,3417661,9973548,8382025,755706,8937457,3049768,6074164,1398642}'::integer[]))

table 5 : explain UPDATE sbtest5 set c=7 WHERE id IN ( 8361203, 3496354, 3417661, 9973548, 8382025, 755706, 8937457, 3049768, 6074164, 1398642)
	Update on sbtest5  (cost=0.43..48.53 rows=0 width=0)
	  ->  Index Scan using sbtest5_pkey on sbtest5  (cost=0.43..48.53 rows=10 width=490)
	        Index Cond: (id = ANY ('{8361203,3496354,3417661,9973548,8382025,755706,8937457,3049768,6074164,1398642}'::integer[]))

table 6 : explain UPDATE sbtest6 set c=7 WHERE id IN ( 8361203, 3496354, 3417661, 9973548, 8382025, 755706, 8937457, 3049768, 6074164, 1398642)
	Update on sbtest6  (cost=0.43..48.53 rows=0 width=0)
	  ->  Index Scan using sbtest6_pkey on sbtest6  (cost=0.43..48.53 rows=10 width=490)
	        Index Cond: (id = ANY ('{8361203,3496354,3417661,9973548,8382025,755706,8937457,3049768,6074164,1398642}'::integer[]))

table 7 : explain UPDATE sbtest7 set c=7 WHERE id IN ( 8361203, 3496354, 3417661, 9973548, 8382025, 755706, 8937457, 3049768, 6074164, 1398642)
	Update on sbtest7  (cost=0.43..48.53 rows=0 width=0)
	  ->  Index Scan using sbtest7_pkey on sbtest7  (cost=0.43..48.53 rows=10 width=490)
	        Index Cond: (id = ANY ('{8361203,3496354,3417661,9973548,8382025,755706,8937457,3049768,6074164,1398642}'::integer[]))

table 8 : explain UPDATE sbtest8 set c=7 WHERE id IN ( 8361203, 3496354, 3417661, 9973548, 8382025, 755706, 8937457, 3049768, 6074164, 1398642)
	Update on sbtest8  (cost=0.43..48.53 rows=0 width=0)
	  ->  Index Scan using sbtest8_pkey on sbtest8  (cost=0.43..48.53 rows=10 width=490)
	        Index Cond: (id = ANY ('{8361203,3496354,3417661,9973548,8382025,755706,8937457,3049768,6074164,1398642}'::integer[]))

for update-inlist
table 1 : explain UPDATE sbtest1 set c=7 WHERE id IN ( 249219, 382803, 7807300, 6989845, 1686770, 1872808, 2552226, 5644455, 238584, 9982102)
	Update on sbtest1  (cost=0.43..48.53 rows=0 width=0)
	  ->  Index Scan using sbtest1_pkey on sbtest1  (cost=0.43..48.53 rows=10 width=490)
	        Index Cond: (id = ANY ('{249219,382803,7807300,6989845,1686770,1872808,2552226,5644455,238584,9982102}'::integer[]))

table 2 : explain UPDATE sbtest2 set c=7 WHERE id IN ( 249219, 382803, 7807300, 6989845, 1686770, 1872808, 2552226, 5644455, 238584, 9982102)
	Update on sbtest2  (cost=0.43..48.53 rows=0 width=0)
	  ->  Index Scan using sbtest2_pkey on sbtest2  (cost=0.43..48.53 rows=10 width=490)
	        Index Cond: (id = ANY ('{249219,382803,7807300,6989845,1686770,1872808,2552226,5644455,238584,9982102}'::integer[]))

table 3 : explain UPDATE sbtest3 set c=7 WHERE id IN ( 249219, 382803, 7807300, 6989845, 1686770, 1872808, 2552226, 5644455, 238584, 9982102)
	Update on sbtest3  (cost=0.43..48.53 rows=0 width=0)
	  ->  Index Scan using sbtest3_pkey on sbtest3  (cost=0.43..48.53 rows=10 width=490)
	        Index Cond: (id = ANY ('{249219,382803,7807300,6989845,1686770,1872808,2552226,5644455,238584,9982102}'::integer[]))

table 4 : explain UPDATE sbtest4 set c=7 WHERE id IN ( 249219, 382803, 7807300, 6989845, 1686770, 1872808, 2552226, 5644455, 238584, 9982102)
	Update on sbtest4  (cost=0.43..48.53 rows=0 width=0)
	  ->  Index Scan using sbtest4_pkey on sbtest4  (cost=0.43..48.53 rows=10 width=490)
	        Index Cond: (id = ANY ('{249219,382803,7807300,6989845,1686770,1872808,2552226,5644455,238584,9982102}'::integer[]))

table 5 : explain UPDATE sbtest5 set c=7 WHERE id IN ( 249219, 382803, 7807300, 6989845, 1686770, 1872808, 2552226, 5644455, 238584, 9982102)
	Update on sbtest5  (cost=0.43..48.53 rows=0 width=0)
	  ->  Index Scan using sbtest5_pkey on sbtest5  (cost=0.43..48.53 rows=10 width=490)
	        Index Cond: (id = ANY ('{249219,382803,7807300,6989845,1686770,1872808,2552226,5644455,238584,9982102}'::integer[]))

table 6 : explain UPDATE sbtest6 set c=7 WHERE id IN ( 249219, 382803, 7807300, 6989845, 1686770, 1872808, 2552226, 5644455, 238584, 9982102)
	Update on sbtest6  (cost=0.43..48.53 rows=0 width=0)
	  ->  Index Scan using sbtest6_pkey on sbtest6  (cost=0.43..48.53 rows=10 width=490)
	        Index Cond: (id = ANY ('{249219,382803,7807300,6989845,1686770,1872808,2552226,5644455,238584,9982102}'::integer[]))

table 7 : explain UPDATE sbtest7 set c=7 WHERE id IN ( 249219, 382803, 7807300, 6989845, 1686770, 1872808, 2552226, 5644455, 238584, 9982102)
	Update on sbtest7  (cost=0.43..48.53 rows=0 width=0)
	  ->  Index Scan using sbtest7_pkey on sbtest7  (cost=0.43..48.53 rows=10 width=490)
	        Index Cond: (id = ANY ('{249219,382803,7807300,6989845,1686770,1872808,2552226,5644455,238584,9982102}'::integer[]))

table 8 : explain UPDATE sbtest8 set c=7 WHERE id IN ( 249219, 382803, 7807300, 6989845, 1686770, 1872808, 2552226, 5644455, 238584, 9982102)
	Update on sbtest8  (cost=0.43..48.53 rows=0 width=0)
	  ->  Index Scan using sbtest8_pkey on sbtest8  (cost=0.43..48.53 rows=10 width=490)
	        Index Cond: (id = ANY ('{249219,382803,7807300,6989845,1686770,1872808,2552226,5644455,238584,9982102}'::integer[]))

for update-inlist
table 1 : explain UPDATE sbtest1 set c=7 WHERE id IN ( 854064, 7640310, 9852537, 1298621, 4840762, 5874726, 4499657, 6306624, 8078212, 6063851)
	Update on sbtest1  (cost=0.43..48.53 rows=0 width=0)
	  ->  Index Scan using sbtest1_pkey on sbtest1  (cost=0.43..48.53 rows=10 width=490)
	        Index Cond: (id = ANY ('{854064,7640310,9852537,1298621,4840762,5874726,4499657,6306624,8078212,6063851}'::integer[]))

table 2 : explain UPDATE sbtest2 set c=7 WHERE id IN ( 854064, 7640310, 9852537, 1298621, 4840762, 5874726, 4499657, 6306624, 8078212, 6063851)
	Update on sbtest2  (cost=0.43..48.53 rows=0 width=0)
	  ->  Index Scan using sbtest2_pkey on sbtest2  (cost=0.43..48.53 rows=10 width=490)
	        Index Cond: (id = ANY ('{854064,7640310,9852537,1298621,4840762,5874726,4499657,6306624,8078212,6063851}'::integer[]))

table 3 : explain UPDATE sbtest3 set c=7 WHERE id IN ( 854064, 7640310, 9852537, 1298621, 4840762, 5874726, 4499657, 6306624, 8078212, 6063851)
	Update on sbtest3  (cost=0.43..48.53 rows=0 width=0)
	  ->  Index Scan using sbtest3_pkey on sbtest3  (cost=0.43..48.53 rows=10 width=490)
	        Index Cond: (id = ANY ('{854064,7640310,9852537,1298621,4840762,5874726,4499657,6306624,8078212,6063851}'::integer[]))

table 4 : explain UPDATE sbtest4 set c=7 WHERE id IN ( 854064, 7640310, 9852537, 1298621, 4840762, 5874726, 4499657, 6306624, 8078212, 6063851)
	Update on sbtest4  (cost=0.43..48.53 rows=0 width=0)
	  ->  Index Scan using sbtest4_pkey on sbtest4  (cost=0.43..48.53 rows=10 width=490)
	        Index Cond: (id = ANY ('{854064,7640310,9852537,1298621,4840762,5874726,4499657,6306624,8078212,6063851}'::integer[]))

table 5 : explain UPDATE sbtest5 set c=7 WHERE id IN ( 854064, 7640310, 9852537, 1298621, 4840762, 5874726, 4499657, 6306624, 8078212, 6063851)
	Update on sbtest5  (cost=0.43..48.53 rows=0 width=0)
	  ->  Index Scan using sbtest5_pkey on sbtest5  (cost=0.43..48.53 rows=10 width=490)
	        Index Cond: (id = ANY ('{854064,7640310,9852537,1298621,4840762,5874726,4499657,6306624,8078212,6063851}'::integer[]))

table 6 : explain UPDATE sbtest6 set c=7 WHERE id IN ( 854064, 7640310, 9852537, 1298621, 4840762, 5874726, 4499657, 6306624, 8078212, 6063851)
	Update on sbtest6  (cost=0.43..48.53 rows=0 width=0)
	  ->  Index Scan using sbtest6_pkey on sbtest6  (cost=0.43..48.53 rows=10 width=490)
	        Index Cond: (id = ANY ('{854064,7640310,9852537,1298621,4840762,5874726,4499657,6306624,8078212,6063851}'::integer[]))

table 7 : explain UPDATE sbtest7 set c=7 WHERE id IN ( 854064, 7640310, 9852537, 1298621, 4840762, 5874726, 4499657, 6306624, 8078212, 6063851)
	Update on sbtest7  (cost=0.43..48.53 rows=0 width=0)
	  ->  Index Scan using sbtest7_pkey on sbtest7  (cost=0.43..48.53 rows=10 width=490)
	        Index Cond: (id = ANY ('{854064,7640310,9852537,1298621,4840762,5874726,4499657,6306624,8078212,6063851}'::integer[]))

table 8 : explain UPDATE sbtest8 set c=7 WHERE id IN ( 854064, 7640310, 9852537, 1298621, 4840762, 5874726, 4499657, 6306624, 8078212, 6063851)
	Update on sbtest8  (cost=0.43..48.53 rows=0 width=0)
	  ->  Index Scan using sbtest8_pkey on sbtest8  (cost=0.43..48.53 rows=10 width=490)
	        Index Cond: (id = ANY ('{854064,7640310,9852537,1298621,4840762,5874726,4499657,6306624,8078212,6063851}'::integer[]))

for update-inlist
table 1 : explain UPDATE sbtest1 set c=7 WHERE id IN ( 8425467, 7816030, 6500969, 6863049, 8704305, 441249, 3551883, 8547082, 2687888, 3283335)
	Update on sbtest1  (cost=0.43..48.53 rows=0 width=0)
	  ->  Index Scan using sbtest1_pkey on sbtest1  (cost=0.43..48.53 rows=10 width=490)
	        Index Cond: (id = ANY ('{8425467,7816030,6500969,6863049,8704305,441249,3551883,8547082,2687888,3283335}'::integer[]))

table 2 : explain UPDATE sbtest2 set c=7 WHERE id IN ( 8425467, 7816030, 6500969, 6863049, 8704305, 441249, 3551883, 8547082, 2687888, 3283335)
	Update on sbtest2  (cost=0.43..48.53 rows=0 width=0)
	  ->  Index Scan using sbtest2_pkey on sbtest2  (cost=0.43..48.53 rows=10 width=490)
	        Index Cond: (id = ANY ('{8425467,7816030,6500969,6863049,8704305,441249,3551883,8547082,2687888,3283335}'::integer[]))

table 3 : explain UPDATE sbtest3 set c=7 WHERE id IN ( 8425467, 7816030, 6500969, 6863049, 8704305, 441249, 3551883, 8547082, 2687888, 3283335)
	Update on sbtest3  (cost=0.43..48.53 rows=0 width=0)
	  ->  Index Scan using sbtest3_pkey on sbtest3  (cost=0.43..48.53 rows=10 width=490)
	        Index Cond: (id = ANY ('{8425467,7816030,6500969,6863049,8704305,441249,3551883,8547082,2687888,3283335}'::integer[]))

table 4 : explain UPDATE sbtest4 set c=7 WHERE id IN ( 8425467, 7816030, 6500969, 6863049, 8704305, 441249, 3551883, 8547082, 2687888, 3283335)
	Update on sbtest4  (cost=0.43..48.53 rows=0 width=0)
	  ->  Index Scan using sbtest4_pkey on sbtest4  (cost=0.43..48.53 rows=10 width=490)
	        Index Cond: (id = ANY ('{8425467,7816030,6500969,6863049,8704305,441249,3551883,8547082,2687888,3283335}'::integer[]))

table 5 : explain UPDATE sbtest5 set c=7 WHERE id IN ( 8425467, 7816030, 6500969, 6863049, 8704305, 441249, 3551883, 8547082, 2687888, 3283335)
	Update on sbtest5  (cost=0.43..48.53 rows=0 width=0)
	  ->  Index Scan using sbtest5_pkey on sbtest5  (cost=0.43..48.53 rows=10 width=490)
	        Index Cond: (id = ANY ('{8425467,7816030,6500969,6863049,8704305,441249,3551883,8547082,2687888,3283335}'::integer[]))

table 6 : explain UPDATE sbtest6 set c=7 WHERE id IN ( 8425467, 7816030, 6500969, 6863049, 8704305, 441249, 3551883, 8547082, 2687888, 3283335)
	Update on sbtest6  (cost=0.43..48.53 rows=0 width=0)
	  ->  Index Scan using sbtest6_pkey on sbtest6  (cost=0.43..48.53 rows=10 width=490)
	        Index Cond: (id = ANY ('{8425467,7816030,6500969,6863049,8704305,441249,3551883,8547082,2687888,3283335}'::integer[]))

table 7 : explain UPDATE sbtest7 set c=7 WHERE id IN ( 8425467, 7816030, 6500969, 6863049, 8704305, 441249, 3551883, 8547082, 2687888, 3283335)
	Update on sbtest7  (cost=0.43..48.53 rows=0 width=0)
	  ->  Index Scan using sbtest7_pkey on sbtest7  (cost=0.43..48.53 rows=10 width=490)
	        Index Cond: (id = ANY ('{8425467,7816030,6500969,6863049,8704305,441249,3551883,8547082,2687888,3283335}'::integer[]))

table 8 : explain UPDATE sbtest8 set c=7 WHERE id IN ( 8425467, 7816030, 6500969, 6863049, 8704305, 441249, 3551883, 8547082, 2687888, 3283335)
	Update on sbtest8  (cost=0.43..48.53 rows=0 width=0)
	  ->  Index Scan using sbtest8_pkey on sbtest8  (cost=0.43..48.53 rows=10 width=490)
	        Index Cond: (id = ANY ('{8425467,7816030,6500969,6863049,8704305,441249,3551883,8547082,2687888,3283335}'::integer[]))

for update-inlist
table 1 : explain UPDATE sbtest1 set c=7 WHERE id IN ( 7839716, 5072720, 8935545, 3274918, 1160339, 2652361, 1328801, 4900594, 4795911, 282089)
	Update on sbtest1  (cost=0.43..48.53 rows=0 width=0)
	  ->  Index Scan using sbtest1_pkey on sbtest1  (cost=0.43..48.53 rows=10 width=490)
	        Index Cond: (id = ANY ('{7839716,5072720,8935545,3274918,1160339,2652361,1328801,4900594,4795911,282089}'::integer[]))

table 2 : explain UPDATE sbtest2 set c=7 WHERE id IN ( 7839716, 5072720, 8935545, 3274918, 1160339, 2652361, 1328801, 4900594, 4795911, 282089)
	Update on sbtest2  (cost=0.43..48.53 rows=0 width=0)
	  ->  Index Scan using sbtest2_pkey on sbtest2  (cost=0.43..48.53 rows=10 width=490)
	        Index Cond: (id = ANY ('{7839716,5072720,8935545,3274918,1160339,2652361,1328801,4900594,4795911,282089}'::integer[]))

table 3 : explain UPDATE sbtest3 set c=7 WHERE id IN ( 7839716, 5072720, 8935545, 3274918, 1160339, 2652361, 1328801, 4900594, 4795911, 282089)
	Update on sbtest3  (cost=0.43..48.53 rows=0 width=0)
	  ->  Index Scan using sbtest3_pkey on sbtest3  (cost=0.43..48.53 rows=10 width=490)
	        Index Cond: (id = ANY ('{7839716,5072720,8935545,3274918,1160339,2652361,1328801,4900594,4795911,282089}'::integer[]))

table 4 : explain UPDATE sbtest4 set c=7 WHERE id IN ( 7839716, 5072720, 8935545, 3274918, 1160339, 2652361, 1328801, 4900594, 4795911, 282089)
	Update on sbtest4  (cost=0.43..48.53 rows=0 width=0)
	  ->  Index Scan using sbtest4_pkey on sbtest4  (cost=0.43..48.53 rows=10 width=490)
	        Index Cond: (id = ANY ('{7839716,5072720,8935545,3274918,1160339,2652361,1328801,4900594,4795911,282089}'::integer[]))

table 5 : explain UPDATE sbtest5 set c=7 WHERE id IN ( 7839716, 5072720, 8935545, 3274918, 1160339, 2652361, 1328801, 4900594, 4795911, 282089)
	Update on sbtest5  (cost=0.43..48.53 rows=0 width=0)
	  ->  Index Scan using sbtest5_pkey on sbtest5  (cost=0.43..48.53 rows=10 width=490)
	        Index Cond: (id = ANY ('{7839716,5072720,8935545,3274918,1160339,2652361,1328801,4900594,4795911,282089}'::integer[]))

table 6 : explain UPDATE sbtest6 set c=7 WHERE id IN ( 7839716, 5072720, 8935545, 3274918, 1160339, 2652361, 1328801, 4900594, 4795911, 282089)
	Update on sbtest6  (cost=0.43..48.53 rows=0 width=0)
	  ->  Index Scan using sbtest6_pkey on sbtest6  (cost=0.43..48.53 rows=10 width=490)
	        Index Cond: (id = ANY ('{7839716,5072720,8935545,3274918,1160339,2652361,1328801,4900594,4795911,282089}'::integer[]))

table 7 : explain UPDATE sbtest7 set c=7 WHERE id IN ( 7839716, 5072720, 8935545, 3274918, 1160339, 2652361, 1328801, 4900594, 4795911, 282089)
	Update on sbtest7  (cost=0.43..48.53 rows=0 width=0)
	  ->  Index Scan using sbtest7_pkey on sbtest7  (cost=0.43..48.53 rows=10 width=490)
	        Index Cond: (id = ANY ('{7839716,5072720,8935545,3274918,1160339,2652361,1328801,4900594,4795911,282089}'::integer[]))

table 8 : explain UPDATE sbtest8 set c=7 WHERE id IN ( 7839716, 5072720, 8935545, 3274918, 1160339, 2652361, 1328801, 4900594, 4795911, 282089)
	Update on sbtest8  (cost=0.43..48.53 rows=0 width=0)
	  ->  Index Scan using sbtest8_pkey on sbtest8  (cost=0.43..48.53 rows=10 width=490)
	        Index Cond: (id = ANY ('{7839716,5072720,8935545,3274918,1160339,2652361,1328801,4900594,4795911,282089}'::integer[]))

for update-inlist
table 1 : explain UPDATE sbtest1 set c=7 WHERE id IN ( 9931868, 331425, 3482690, 8056560, 4998882, 1834979, 9539367, 657028, 5943424, 9575092)
	Update on sbtest1  (cost=0.43..48.53 rows=0 width=0)
	  ->  Index Scan using sbtest1_pkey on sbtest1  (cost=0.43..48.53 rows=10 width=490)
	        Index Cond: (id = ANY ('{9931868,331425,3482690,8056560,4998882,1834979,9539367,657028,5943424,9575092}'::integer[]))

table 2 : explain UPDATE sbtest2 set c=7 WHERE id IN ( 9931868, 331425, 3482690, 8056560, 4998882, 1834979, 9539367, 657028, 5943424, 9575092)
	Update on sbtest2  (cost=0.43..48.53 rows=0 width=0)
	  ->  Index Scan using sbtest2_pkey on sbtest2  (cost=0.43..48.53 rows=10 width=490)
	        Index Cond: (id = ANY ('{9931868,331425,3482690,8056560,4998882,1834979,9539367,657028,5943424,9575092}'::integer[]))

table 3 : explain UPDATE sbtest3 set c=7 WHERE id IN ( 9931868, 331425, 3482690, 8056560, 4998882, 1834979, 9539367, 657028, 5943424, 9575092)
	Update on sbtest3  (cost=0.43..48.53 rows=0 width=0)
	  ->  Index Scan using sbtest3_pkey on sbtest3  (cost=0.43..48.53 rows=10 width=490)
	        Index Cond: (id = ANY ('{9931868,331425,3482690,8056560,4998882,1834979,9539367,657028,5943424,9575092}'::integer[]))

table 4 : explain UPDATE sbtest4 set c=7 WHERE id IN ( 9931868, 331425, 3482690, 8056560, 4998882, 1834979, 9539367, 657028, 5943424, 9575092)
	Update on sbtest4  (cost=0.43..48.53 rows=0 width=0)
	  ->  Index Scan using sbtest4_pkey on sbtest4  (cost=0.43..48.53 rows=10 width=490)
	        Index Cond: (id = ANY ('{9931868,331425,3482690,8056560,4998882,1834979,9539367,657028,5943424,9575092}'::integer[]))

table 5 : explain UPDATE sbtest5 set c=7 WHERE id IN ( 9931868, 331425, 3482690, 8056560, 4998882, 1834979, 9539367, 657028, 5943424, 9575092)
	Update on sbtest5  (cost=0.43..48.53 rows=0 width=0)
	  ->  Index Scan using sbtest5_pkey on sbtest5  (cost=0.43..48.53 rows=10 width=490)
	        Index Cond: (id = ANY ('{9931868,331425,3482690,8056560,4998882,1834979,9539367,657028,5943424,9575092}'::integer[]))

table 6 : explain UPDATE sbtest6 set c=7 WHERE id IN ( 9931868, 331425, 3482690, 8056560, 4998882, 1834979, 9539367, 657028, 5943424, 9575092)
	Update on sbtest6  (cost=0.43..48.53 rows=0 width=0)
	  ->  Index Scan using sbtest6_pkey on sbtest6  (cost=0.43..48.53 rows=10 width=490)
	        Index Cond: (id = ANY ('{9931868,331425,3482690,8056560,4998882,1834979,9539367,657028,5943424,9575092}'::integer[]))

table 7 : explain UPDATE sbtest7 set c=7 WHERE id IN ( 9931868, 331425, 3482690, 8056560, 4998882, 1834979, 9539367, 657028, 5943424, 9575092)
	Update on sbtest7  (cost=0.43..48.53 rows=0 width=0)
	  ->  Index Scan using sbtest7_pkey on sbtest7  (cost=0.43..48.53 rows=10 width=490)
	        Index Cond: (id = ANY ('{9931868,331425,3482690,8056560,4998882,1834979,9539367,657028,5943424,9575092}'::integer[]))

table 8 : explain UPDATE sbtest8 set c=7 WHERE id IN ( 9931868, 331425, 3482690, 8056560, 4998882, 1834979, 9539367, 657028, 5943424, 9575092)
	Update on sbtest8  (cost=0.43..48.53 rows=0 width=0)
	  ->  Index Scan using sbtest8_pkey on sbtest8  (cost=0.43..48.53 rows=10 width=490)
	        Index Cond: (id = ANY ('{9931868,331425,3482690,8056560,4998882,1834979,9539367,657028,5943424,9575092}'::integer[]))

explain: for update-inlist :: explain UPDATE sbtest%d set c=7 WHERE id IN ( 2789216, 3899822, 3380692, 228306, 2351096, 6492887, 9308626, 2686248, 123641, 131800)
explain: for update-inlist :: explain UPDATE sbtest%d set c=7 WHERE id IN ( 5435123, 8211658, 1177706, 702771, 3935700, 1456880, 7781813, 5176734, 5225895, 2341058)
explain: for update-inlist :: explain UPDATE sbtest%d set c=7 WHERE id IN ( 8811318, 5487471, 8358113, 7005157, 7092125, 6265114, 568623, 6899536, 3578056, 3706930)
explain: for update-inlist :: explain UPDATE sbtest%d set c=7 WHERE id IN ( 3413152, 2404875, 5200970, 5169415, 3045018, 5619396, 5168904, 4585532, 2756570, 1368640)
explain: for update-inlist :: explain UPDATE sbtest%d set c=7 WHERE id IN ( 1712800, 5622749, 8190073, 4626634, 9484152, 6974850, 8187303, 2802063, 5709922, 3830267)
for update-inlist
table 1 : explain UPDATE sbtest1 set c=7 WHERE id IN ( 2789216, 3899822, 3380692, 228306, 2351096, 6492887, 9308626, 2686248, 123641, 131800)
	Update on sbtest1  (cost=0.43..48.53 rows=0 width=0)
	  ->  Index Scan using sbtest1_pkey on sbtest1  (cost=0.43..48.53 rows=10 width=490)
	        Index Cond: (id = ANY ('{2789216,3899822,3380692,228306,2351096,6492887,9308626,2686248,123641,131800}'::integer[]))

table 2 : explain UPDATE sbtest2 set c=7 WHERE id IN ( 2789216, 3899822, 3380692, 228306, 2351096, 6492887, 9308626, 2686248, 123641, 131800)
	Update on sbtest2  (cost=0.43..48.53 rows=0 width=0)
	  ->  Index Scan using sbtest2_pkey on sbtest2  (cost=0.43..48.53 rows=10 width=490)
	        Index Cond: (id = ANY ('{2789216,3899822,3380692,228306,2351096,6492887,9308626,2686248,123641,131800}'::integer[]))

table 3 : explain UPDATE sbtest3 set c=7 WHERE id IN ( 2789216, 3899822, 3380692, 228306, 2351096, 6492887, 9308626, 2686248, 123641, 131800)
	Update on sbtest3  (cost=0.43..48.53 rows=0 width=0)
	  ->  Index Scan using sbtest3_pkey on sbtest3  (cost=0.43..48.53 rows=10 width=490)
	        Index Cond: (id = ANY ('{2789216,3899822,3380692,228306,2351096,6492887,9308626,2686248,123641,131800}'::integer[]))

table 4 : explain UPDATE sbtest4 set c=7 WHERE id IN ( 2789216, 3899822, 3380692, 228306, 2351096, 6492887, 9308626, 2686248, 123641, 131800)
	Update on sbtest4  (cost=0.43..48.53 rows=0 width=0)
	  ->  Index Scan using sbtest4_pkey on sbtest4  (cost=0.43..48.53 rows=10 width=490)
	        Index Cond: (id = ANY ('{2789216,3899822,3380692,228306,2351096,6492887,9308626,2686248,123641,131800}'::integer[]))

table 5 : explain UPDATE sbtest5 set c=7 WHERE id IN ( 2789216, 3899822, 3380692, 228306, 2351096, 6492887, 9308626, 2686248, 123641, 131800)
	Update on sbtest5  (cost=0.43..48.53 rows=0 width=0)
	  ->  Index Scan using sbtest5_pkey on sbtest5  (cost=0.43..48.53 rows=10 width=490)
	        Index Cond: (id = ANY ('{2789216,3899822,3380692,228306,2351096,6492887,9308626,2686248,123641,131800}'::integer[]))

table 6 : explain UPDATE sbtest6 set c=7 WHERE id IN ( 2789216, 3899822, 3380692, 228306, 2351096, 6492887, 9308626, 2686248, 123641, 131800)
	Update on sbtest6  (cost=0.43..48.53 rows=0 width=0)
	  ->  Index Scan using sbtest6_pkey on sbtest6  (cost=0.43..48.53 rows=10 width=490)
	        Index Cond: (id = ANY ('{2789216,3899822,3380692,228306,2351096,6492887,9308626,2686248,123641,131800}'::integer[]))

table 7 : explain UPDATE sbtest7 set c=7 WHERE id IN ( 2789216, 3899822, 3380692, 228306, 2351096, 6492887, 9308626, 2686248, 123641, 131800)
	Update on sbtest7  (cost=0.43..48.53 rows=0 width=0)
	  ->  Index Scan using sbtest7_pkey on sbtest7  (cost=0.43..48.53 rows=10 width=490)
	        Index Cond: (id = ANY ('{2789216,3899822,3380692,228306,2351096,6492887,9308626,2686248,123641,131800}'::integer[]))

table 8 : explain UPDATE sbtest8 set c=7 WHERE id IN ( 2789216, 3899822, 3380692, 228306, 2351096, 6492887, 9308626, 2686248, 123641, 131800)
	Update on sbtest8  (cost=0.43..48.53 rows=0 width=0)
	  ->  Index Scan using sbtest8_pkey on sbtest8  (cost=0.43..48.53 rows=10 width=490)
	        Index Cond: (id = ANY ('{2789216,3899822,3380692,228306,2351096,6492887,9308626,2686248,123641,131800}'::integer[]))

for update-inlist
table 1 : explain UPDATE sbtest1 set c=7 WHERE id IN ( 5435123, 8211658, 1177706, 702771, 3935700, 1456880, 7781813, 5176734, 5225895, 2341058)
	Update on sbtest1  (cost=0.43..48.53 rows=0 width=0)
	  ->  Index Scan using sbtest1_pkey on sbtest1  (cost=0.43..48.53 rows=10 width=490)
	        Index Cond: (id = ANY ('{5435123,8211658,1177706,702771,3935700,1456880,7781813,5176734,5225895,2341058}'::integer[]))

table 2 : explain UPDATE sbtest2 set c=7 WHERE id IN ( 5435123, 8211658, 1177706, 702771, 3935700, 1456880, 7781813, 5176734, 5225895, 2341058)
	Update on sbtest2  (cost=0.43..48.53 rows=0 width=0)
	  ->  Index Scan using sbtest2_pkey on sbtest2  (cost=0.43..48.53 rows=10 width=490)
	        Index Cond: (id = ANY ('{5435123,8211658,1177706,702771,3935700,1456880,7781813,5176734,5225895,2341058}'::integer[]))

table 3 : explain UPDATE sbtest3 set c=7 WHERE id IN ( 5435123, 8211658, 1177706, 702771, 3935700, 1456880, 7781813, 5176734, 5225895, 2341058)
	Update on sbtest3  (cost=0.43..48.53 rows=0 width=0)
	  ->  Index Scan using sbtest3_pkey on sbtest3  (cost=0.43..48.53 rows=10 width=490)
	        Index Cond: (id = ANY ('{5435123,8211658,1177706,702771,3935700,1456880,7781813,5176734,5225895,2341058}'::integer[]))

table 4 : explain UPDATE sbtest4 set c=7 WHERE id IN ( 5435123, 8211658, 1177706, 702771, 3935700, 1456880, 7781813, 5176734, 5225895, 2341058)
	Update on sbtest4  (cost=0.43..48.53 rows=0 width=0)
	  ->  Index Scan using sbtest4_pkey on sbtest4  (cost=0.43..48.53 rows=10 width=490)
	        Index Cond: (id = ANY ('{5435123,8211658,1177706,702771,3935700,1456880,7781813,5176734,5225895,2341058}'::integer[]))

table 5 : explain UPDATE sbtest5 set c=7 WHERE id IN ( 5435123, 8211658, 1177706, 702771, 3935700, 1456880, 7781813, 5176734, 5225895, 2341058)
	Update on sbtest5  (cost=0.43..48.53 rows=0 width=0)
	  ->  Index Scan using sbtest5_pkey on sbtest5  (cost=0.43..48.53 rows=10 width=490)
	        Index Cond: (id = ANY ('{5435123,8211658,1177706,702771,3935700,1456880,7781813,5176734,5225895,2341058}'::integer[]))

table 6 : explain UPDATE sbtest6 set c=7 WHERE id IN ( 5435123, 8211658, 1177706, 702771, 3935700, 1456880, 7781813, 5176734, 5225895, 2341058)
	Update on sbtest6  (cost=0.43..48.53 rows=0 width=0)
	  ->  Index Scan using sbtest6_pkey on sbtest6  (cost=0.43..48.53 rows=10 width=490)
	        Index Cond: (id = ANY ('{5435123,8211658,1177706,702771,3935700,1456880,7781813,5176734,5225895,2341058}'::integer[]))

table 7 : explain UPDATE sbtest7 set c=7 WHERE id IN ( 5435123, 8211658, 1177706, 702771, 3935700, 1456880, 7781813, 5176734, 5225895, 2341058)
	Update on sbtest7  (cost=0.43..48.53 rows=0 width=0)
	  ->  Index Scan using sbtest7_pkey on sbtest7  (cost=0.43..48.53 rows=10 width=490)
	        Index Cond: (id = ANY ('{5435123,8211658,1177706,702771,3935700,1456880,7781813,5176734,5225895,2341058}'::integer[]))

table 8 : explain UPDATE sbtest8 set c=7 WHERE id IN ( 5435123, 8211658, 1177706, 702771, 3935700, 1456880, 7781813, 5176734, 5225895, 2341058)
	Update on sbtest8  (cost=0.43..48.53 rows=0 width=0)
	  ->  Index Scan using sbtest8_pkey on sbtest8  (cost=0.43..48.53 rows=10 width=490)
	        Index Cond: (id = ANY ('{5435123,8211658,1177706,702771,3935700,1456880,7781813,5176734,5225895,2341058}'::integer[]))

for update-inlist
table 1 : explain UPDATE sbtest1 set c=7 WHERE id IN ( 8811318, 5487471, 8358113, 7005157, 7092125, 6265114, 568623, 6899536, 3578056, 3706930)
	Update on sbtest1  (cost=0.43..48.53 rows=0 width=0)
	  ->  Index Scan using sbtest1_pkey on sbtest1  (cost=0.43..48.53 rows=10 width=490)
	        Index Cond: (id = ANY ('{8811318,5487471,8358113,7005157,7092125,6265114,568623,6899536,3578056,3706930}'::integer[]))

table 2 : explain UPDATE sbtest2 set c=7 WHERE id IN ( 8811318, 5487471, 8358113, 7005157, 7092125, 6265114, 568623, 6899536, 3578056, 3706930)
	Update on sbtest2  (cost=0.43..48.53 rows=0 width=0)
	  ->  Index Scan using sbtest2_pkey on sbtest2  (cost=0.43..48.53 rows=10 width=490)
	        Index Cond: (id = ANY ('{8811318,5487471,8358113,7005157,7092125,6265114,568623,6899536,3578056,3706930}'::integer[]))

table 3 : explain UPDATE sbtest3 set c=7 WHERE id IN ( 8811318, 5487471, 8358113, 7005157, 7092125, 6265114, 568623, 6899536, 3578056, 3706930)
	Update on sbtest3  (cost=0.43..48.53 rows=0 width=0)
	  ->  Index Scan using sbtest3_pkey on sbtest3  (cost=0.43..48.53 rows=10 width=490)
	        Index Cond: (id = ANY ('{8811318,5487471,8358113,7005157,7092125,6265114,568623,6899536,3578056,3706930}'::integer[]))

table 4 : explain UPDATE sbtest4 set c=7 WHERE id IN ( 8811318, 5487471, 8358113, 7005157, 7092125, 6265114, 568623, 6899536, 3578056, 3706930)
	Update on sbtest4  (cost=0.43..48.53 rows=0 width=0)
	  ->  Index Scan using sbtest4_pkey on sbtest4  (cost=0.43..48.53 rows=10 width=490)
	        Index Cond: (id = ANY ('{8811318,5487471,8358113,7005157,7092125,6265114,568623,6899536,3578056,3706930}'::integer[]))

table 5 : explain UPDATE sbtest5 set c=7 WHERE id IN ( 8811318, 5487471, 8358113, 7005157, 7092125, 6265114, 568623, 6899536, 3578056, 3706930)
	Update on sbtest5  (cost=0.43..48.53 rows=0 width=0)
	  ->  Index Scan using sbtest5_pkey on sbtest5  (cost=0.43..48.53 rows=10 width=490)
	        Index Cond: (id = ANY ('{8811318,5487471,8358113,7005157,7092125,6265114,568623,6899536,3578056,3706930}'::integer[]))

table 6 : explain UPDATE sbtest6 set c=7 WHERE id IN ( 8811318, 5487471, 8358113, 7005157, 7092125, 6265114, 568623, 6899536, 3578056, 3706930)
	Update on sbtest6  (cost=0.43..48.53 rows=0 width=0)
	  ->  Index Scan using sbtest6_pkey on sbtest6  (cost=0.43..48.53 rows=10 width=490)
	        Index Cond: (id = ANY ('{8811318,5487471,8358113,7005157,7092125,6265114,568623,6899536,3578056,3706930}'::integer[]))

table 7 : explain UPDATE sbtest7 set c=7 WHERE id IN ( 8811318, 5487471, 8358113, 7005157, 7092125, 6265114, 568623, 6899536, 3578056, 3706930)
	Update on sbtest7  (cost=0.43..48.53 rows=0 width=0)
	  ->  Index Scan using sbtest7_pkey on sbtest7  (cost=0.43..48.53 rows=10 width=490)
	        Index Cond: (id = ANY ('{8811318,5487471,8358113,7005157,7092125,6265114,568623,6899536,3578056,3706930}'::integer[]))

table 8 : explain UPDATE sbtest8 set c=7 WHERE id IN ( 8811318, 5487471, 8358113, 7005157, 7092125, 6265114, 568623, 6899536, 3578056, 3706930)
	Update on sbtest8  (cost=0.43..48.53 rows=0 width=0)
	  ->  Index Scan using sbtest8_pkey on sbtest8  (cost=0.43..48.53 rows=10 width=490)
	        Index Cond: (id = ANY ('{8811318,5487471,8358113,7005157,7092125,6265114,568623,6899536,3578056,3706930}'::integer[]))

for update-inlist
table 1 : explain UPDATE sbtest1 set c=7 WHERE id IN ( 3413152, 2404875, 5200970, 5169415, 3045018, 5619396, 5168904, 4585532, 2756570, 1368640)
	Update on sbtest1  (cost=0.43..48.53 rows=0 width=0)
	  ->  Index Scan using sbtest1_pkey on sbtest1  (cost=0.43..48.53 rows=10 width=490)
	        Index Cond: (id = ANY ('{3413152,2404875,5200970,5169415,3045018,5619396,5168904,4585532,2756570,1368640}'::integer[]))

table 2 : explain UPDATE sbtest2 set c=7 WHERE id IN ( 3413152, 2404875, 5200970, 5169415, 3045018, 5619396, 5168904, 4585532, 2756570, 1368640)
	Update on sbtest2  (cost=0.43..48.53 rows=0 width=0)
	  ->  Index Scan using sbtest2_pkey on sbtest2  (cost=0.43..48.53 rows=10 width=490)
	        Index Cond: (id = ANY ('{3413152,2404875,5200970,5169415,3045018,5619396,5168904,4585532,2756570,1368640}'::integer[]))

table 3 : explain UPDATE sbtest3 set c=7 WHERE id IN ( 3413152, 2404875, 5200970, 5169415, 3045018, 5619396, 5168904, 4585532, 2756570, 1368640)
	Update on sbtest3  (cost=0.43..48.53 rows=0 width=0)
	  ->  Index Scan using sbtest3_pkey on sbtest3  (cost=0.43..48.53 rows=10 width=490)
	        Index Cond: (id = ANY ('{3413152,2404875,5200970,5169415,3045018,5619396,5168904,4585532,2756570,1368640}'::integer[]))

table 4 : explain UPDATE sbtest4 set c=7 WHERE id IN ( 3413152, 2404875, 5200970, 5169415, 3045018, 5619396, 5168904, 4585532, 2756570, 1368640)
	Update on sbtest4  (cost=0.43..48.53 rows=0 width=0)
	  ->  Index Scan using sbtest4_pkey on sbtest4  (cost=0.43..48.53 rows=10 width=490)
	        Index Cond: (id = ANY ('{3413152,2404875,5200970,5169415,3045018,5619396,5168904,4585532,2756570,1368640}'::integer[]))

table 5 : explain UPDATE sbtest5 set c=7 WHERE id IN ( 3413152, 2404875, 5200970, 5169415, 3045018, 5619396, 5168904, 4585532, 2756570, 1368640)
	Update on sbtest5  (cost=0.43..48.53 rows=0 width=0)
	  ->  Index Scan using sbtest5_pkey on sbtest5  (cost=0.43..48.53 rows=10 width=490)
	        Index Cond: (id = ANY ('{3413152,2404875,5200970,5169415,3045018,5619396,5168904,4585532,2756570,1368640}'::integer[]))

table 6 : explain UPDATE sbtest6 set c=7 WHERE id IN ( 3413152, 2404875, 5200970, 5169415, 3045018, 5619396, 5168904, 4585532, 2756570, 1368640)
	Update on sbtest6  (cost=0.43..48.53 rows=0 width=0)
	  ->  Index Scan using sbtest6_pkey on sbtest6  (cost=0.43..48.53 rows=10 width=490)
	        Index Cond: (id = ANY ('{3413152,2404875,5200970,5169415,3045018,5619396,5168904,4585532,2756570,1368640}'::integer[]))

table 7 : explain UPDATE sbtest7 set c=7 WHERE id IN ( 3413152, 2404875, 5200970, 5169415, 3045018, 5619396, 5168904, 4585532, 2756570, 1368640)
	Update on sbtest7  (cost=0.43..48.53 rows=0 width=0)
	  ->  Index Scan using sbtest7_pkey on sbtest7  (cost=0.43..48.53 rows=10 width=490)
	        Index Cond: (id = ANY ('{3413152,2404875,5200970,5169415,3045018,5619396,5168904,4585532,2756570,1368640}'::integer[]))

table 8 : explain UPDATE sbtest8 set c=7 WHERE id IN ( 3413152, 2404875, 5200970, 5169415, 3045018, 5619396, 5168904, 4585532, 2756570, 1368640)
	Update on sbtest8  (cost=0.43..48.53 rows=0 width=0)
	  ->  Index Scan using sbtest8_pkey on sbtest8  (cost=0.43..48.53 rows=10 width=490)
	        Index Cond: (id = ANY ('{3413152,2404875,5200970,5169415,3045018,5619396,5168904,4585532,2756570,1368640}'::integer[]))

explain: for update-inlist :: explain UPDATE sbtest%d set c=7 WHERE id IN ( 6589932, 7559642, 4497883, 9276264, 6441493, 8797844, 7658914, 6536470, 2655399, 2973296)
explain: for update-inlist :: explain UPDATE sbtest%d set c=7 WHERE id IN ( 1664491, 3515873, 1415374, 9912694, 4224894, 1998598, 4657854, 4777232, 725217, 2153517)
for update-inlist
table 1 : explain UPDATE sbtest1 set c=7 WHERE id IN ( 1712800, 5622749, 8190073, 4626634, 9484152, 6974850, 8187303, 2802063, 5709922, 3830267)
	Update on sbtest1  (cost=0.43..48.53 rows=0 width=0)
	  ->  Index Scan using sbtest1_pkey on sbtest1  (cost=0.43..48.53 rows=10 width=490)
	        Index Cond: (id = ANY ('{1712800,5622749,8190073,4626634,9484152,6974850,8187303,2802063,5709922,3830267}'::integer[]))

table 2 : explain UPDATE sbtest2 set c=7 WHERE id IN ( 1712800, 5622749, 8190073, 4626634, 9484152, 6974850, 8187303, 2802063, 5709922, 3830267)
	Update on sbtest2  (cost=0.43..48.53 rows=0 width=0)
	  ->  Index Scan using sbtest2_pkey on sbtest2  (cost=0.43..48.53 rows=10 width=490)
	        Index Cond: (id = ANY ('{1712800,5622749,8190073,4626634,9484152,6974850,8187303,2802063,5709922,3830267}'::integer[]))

table 3 : explain UPDATE sbtest3 set c=7 WHERE id IN ( 1712800, 5622749, 8190073, 4626634, 9484152, 6974850, 8187303, 2802063, 5709922, 3830267)
	Update on sbtest3  (cost=0.43..48.53 rows=0 width=0)
	  ->  Index Scan using sbtest3_pkey on sbtest3  (cost=0.43..48.53 rows=10 width=490)
	        Index Cond: (id = ANY ('{1712800,5622749,8190073,4626634,9484152,6974850,8187303,2802063,5709922,3830267}'::integer[]))

table 4 : explain UPDATE sbtest4 set c=7 WHERE id IN ( 1712800, 5622749, 8190073, 4626634, 9484152, 6974850, 8187303, 2802063, 5709922, 3830267)
	Update on sbtest4  (cost=0.43..48.53 rows=0 width=0)
	  ->  Index Scan using sbtest4_pkey on sbtest4  (cost=0.43..48.53 rows=10 width=490)
	        Index Cond: (id = ANY ('{1712800,5622749,8190073,4626634,9484152,6974850,8187303,2802063,5709922,3830267}'::integer[]))

table 5 : explain UPDATE sbtest5 set c=7 WHERE id IN ( 1712800, 5622749, 8190073, 4626634, 9484152, 6974850, 8187303, 2802063, 5709922, 3830267)
	Update on sbtest5  (cost=0.43..48.53 rows=0 width=0)
	  ->  Index Scan using sbtest5_pkey on sbtest5  (cost=0.43..48.53 rows=10 width=490)
	        Index Cond: (id = ANY ('{1712800,5622749,8190073,4626634,9484152,6974850,8187303,2802063,5709922,3830267}'::integer[]))

table 6 : explain UPDATE sbtest6 set c=7 WHERE id IN ( 1712800, 5622749, 8190073, 4626634, 9484152, 6974850, 8187303, 2802063, 5709922, 3830267)
	Update on sbtest6  (cost=0.43..48.53 rows=0 width=0)
	  ->  Index Scan using sbtest6_pkey on sbtest6  (cost=0.43..48.53 rows=10 width=490)
	        Index Cond: (id = ANY ('{1712800,5622749,8190073,4626634,9484152,6974850,8187303,2802063,5709922,3830267}'::integer[]))

table 7 : explain UPDATE sbtest7 set c=7 WHERE id IN ( 1712800, 5622749, 8190073, 4626634, 9484152, 6974850, 8187303, 2802063, 5709922, 3830267)
	Update on sbtest7  (cost=0.43..48.53 rows=0 width=0)
	  ->  Index Scan using sbtest7_pkey on sbtest7  (cost=0.43..48.53 rows=10 width=490)
	        Index Cond: (id = ANY ('{1712800,5622749,8190073,4626634,9484152,6974850,8187303,2802063,5709922,3830267}'::integer[]))

table 8 : explain UPDATE sbtest8 set c=7 WHERE id IN ( 1712800, 5622749, 8190073, 4626634, 9484152, 6974850, 8187303, 2802063, 5709922, 3830267)
	Update on sbtest8  (cost=0.43..48.53 rows=0 width=0)
	  ->  Index Scan using sbtest8_pkey on sbtest8  (cost=0.43..48.53 rows=10 width=490)
	        Index Cond: (id = ANY ('{1712800,5622749,8190073,4626634,9484152,6974850,8187303,2802063,5709922,3830267}'::integer[]))

for update-inlist
table 1 : explain UPDATE sbtest1 set c=7 WHERE id IN ( 6589932, 7559642, 4497883, 9276264, 6441493, 8797844, 7658914, 6536470, 2655399, 2973296)
	Update on sbtest1  (cost=0.43..48.53 rows=0 width=0)
	  ->  Index Scan using sbtest1_pkey on sbtest1  (cost=0.43..48.53 rows=10 width=490)
	        Index Cond: (id = ANY ('{6589932,7559642,4497883,9276264,6441493,8797844,7658914,6536470,2655399,2973296}'::integer[]))

table 2 : explain UPDATE sbtest2 set c=7 WHERE id IN ( 6589932, 7559642, 4497883, 9276264, 6441493, 8797844, 7658914, 6536470, 2655399, 2973296)
	Update on sbtest2  (cost=0.43..48.53 rows=0 width=0)
	  ->  Index Scan using sbtest2_pkey on sbtest2  (cost=0.43..48.53 rows=10 width=490)
	        Index Cond: (id = ANY ('{6589932,7559642,4497883,9276264,6441493,8797844,7658914,6536470,2655399,2973296}'::integer[]))

table 3 : explain UPDATE sbtest3 set c=7 WHERE id IN ( 6589932, 7559642, 4497883, 9276264, 6441493, 8797844, 7658914, 6536470, 2655399, 2973296)
	Update on sbtest3  (cost=0.43..48.53 rows=0 width=0)
	  ->  Index Scan using sbtest3_pkey on sbtest3  (cost=0.43..48.53 rows=10 width=490)
	        Index Cond: (id = ANY ('{6589932,7559642,4497883,9276264,6441493,8797844,7658914,6536470,2655399,2973296}'::integer[]))

table 4 : explain UPDATE sbtest4 set c=7 WHERE id IN ( 6589932, 7559642, 4497883, 9276264, 6441493, 8797844, 7658914, 6536470, 2655399, 2973296)
	Update on sbtest4  (cost=0.43..48.53 rows=0 width=0)
	  ->  Index Scan using sbtest4_pkey on sbtest4  (cost=0.43..48.53 rows=10 width=490)
	        Index Cond: (id = ANY ('{6589932,7559642,4497883,9276264,6441493,8797844,7658914,6536470,2655399,2973296}'::integer[]))

table 5 : explain UPDATE sbtest5 set c=7 WHERE id IN ( 6589932, 7559642, 4497883, 9276264, 6441493, 8797844, 7658914, 6536470, 2655399, 2973296)
	Update on sbtest5  (cost=0.43..48.53 rows=0 width=0)
	  ->  Index Scan using sbtest5_pkey on sbtest5  (cost=0.43..48.53 rows=10 width=490)
	        Index Cond: (id = ANY ('{6589932,7559642,4497883,9276264,6441493,8797844,7658914,6536470,2655399,2973296}'::integer[]))

table 6 : explain UPDATE sbtest6 set c=7 WHERE id IN ( 6589932, 7559642, 4497883, 9276264, 6441493, 8797844, 7658914, 6536470, 2655399, 2973296)
	Update on sbtest6  (cost=0.43..48.53 rows=0 width=0)
	  ->  Index Scan using sbtest6_pkey on sbtest6  (cost=0.43..48.53 rows=10 width=490)
	        Index Cond: (id = ANY ('{6589932,7559642,4497883,9276264,6441493,8797844,7658914,6536470,2655399,2973296}'::integer[]))

table 7 : explain UPDATE sbtest7 set c=7 WHERE id IN ( 6589932, 7559642, 4497883, 9276264, 6441493, 8797844, 7658914, 6536470, 2655399, 2973296)
	Update on sbtest7  (cost=0.43..48.53 rows=0 width=0)
	  ->  Index Scan using sbtest7_pkey on sbtest7  (cost=0.43..48.53 rows=10 width=490)
	        Index Cond: (id = ANY ('{6589932,7559642,4497883,9276264,6441493,8797844,7658914,6536470,2655399,2973296}'::integer[]))

table 8 : explain UPDATE sbtest8 set c=7 WHERE id IN ( 6589932, 7559642, 4497883, 9276264, 6441493, 8797844, 7658914, 6536470, 2655399, 2973296)
	Update on sbtest8  (cost=0.43..48.53 rows=0 width=0)
	  ->  Index Scan using sbtest8_pkey on sbtest8  (cost=0.43..48.53 rows=10 width=490)
	        Index Cond: (id = ANY ('{6589932,7559642,4497883,9276264,6441493,8797844,7658914,6536470,2655399,2973296}'::integer[]))

for update-inlist
table 1 : explain UPDATE sbtest1 set c=7 WHERE id IN ( 1664491, 3515873, 1415374, 9912694, 4224894, 1998598, 4657854, 4777232, 725217, 2153517)
	Update on sbtest1  (cost=0.43..48.53 rows=0 width=0)
	  ->  Index Scan using sbtest1_pkey on sbtest1  (cost=0.43..48.53 rows=10 width=490)
	        Index Cond: (id = ANY ('{1664491,3515873,1415374,9912694,4224894,1998598,4657854,4777232,725217,2153517}'::integer[]))

table 2 : explain UPDATE sbtest2 set c=7 WHERE id IN ( 1664491, 3515873, 1415374, 9912694, 4224894, 1998598, 4657854, 4777232, 725217, 2153517)
	Update on sbtest2  (cost=0.43..48.53 rows=0 width=0)
	  ->  Index Scan using sbtest2_pkey on sbtest2  (cost=0.43..48.53 rows=10 width=490)
	        Index Cond: (id = ANY ('{1664491,3515873,1415374,9912694,4224894,1998598,4657854,4777232,725217,2153517}'::integer[]))

table 3 : explain UPDATE sbtest3 set c=7 WHERE id IN ( 1664491, 3515873, 1415374, 9912694, 4224894, 1998598, 4657854, 4777232, 725217, 2153517)
	Update on sbtest3  (cost=0.43..48.53 rows=0 width=0)
	  ->  Index Scan using sbtest3_pkey on sbtest3  (cost=0.43..48.53 rows=10 width=490)
	        Index Cond: (id = ANY ('{1664491,3515873,1415374,9912694,4224894,1998598,4657854,4777232,725217,2153517}'::integer[]))

table 4 : explain UPDATE sbtest4 set c=7 WHERE id IN ( 1664491, 3515873, 1415374, 9912694, 4224894, 1998598, 4657854, 4777232, 725217, 2153517)
	Update on sbtest4  (cost=0.43..48.53 rows=0 width=0)
	  ->  Index Scan using sbtest4_pkey on sbtest4  (cost=0.43..48.53 rows=10 width=490)
	        Index Cond: (id = ANY ('{1664491,3515873,1415374,9912694,4224894,1998598,4657854,4777232,725217,2153517}'::integer[]))

table 5 : explain UPDATE sbtest5 set c=7 WHERE id IN ( 1664491, 3515873, 1415374, 9912694, 4224894, 1998598, 4657854, 4777232, 725217, 2153517)
	Update on sbtest5  (cost=0.43..48.53 rows=0 width=0)
	  ->  Index Scan using sbtest5_pkey on sbtest5  (cost=0.43..48.53 rows=10 width=490)
	        Index Cond: (id = ANY ('{1664491,3515873,1415374,9912694,4224894,1998598,4657854,4777232,725217,2153517}'::integer[]))

table 6 : explain UPDATE sbtest6 set c=7 WHERE id IN ( 1664491, 3515873, 1415374, 9912694, 4224894, 1998598, 4657854, 4777232, 725217, 2153517)
	Update on sbtest6  (cost=0.43..48.53 rows=0 width=0)
	  ->  Index Scan using sbtest6_pkey on sbtest6  (cost=0.43..48.53 rows=10 width=490)
	        Index Cond: (id = ANY ('{1664491,3515873,1415374,9912694,4224894,1998598,4657854,4777232,725217,2153517}'::integer[]))

table 7 : explain UPDATE sbtest7 set c=7 WHERE id IN ( 1664491, 3515873, 1415374, 9912694, 4224894, 1998598, 4657854, 4777232, 725217, 2153517)
	Update on sbtest7  (cost=0.43..48.53 rows=0 width=0)
	  ->  Index Scan using sbtest7_pkey on sbtest7  (cost=0.43..48.53 rows=10 width=490)
	        Index Cond: (id = ANY ('{1664491,3515873,1415374,9912694,4224894,1998598,4657854,4777232,725217,2153517}'::integer[]))

table 8 : explain UPDATE sbtest8 set c=7 WHERE id IN ( 1664491, 3515873, 1415374, 9912694, 4224894, 1998598, 4657854, 4777232, 725217, 2153517)
	Update on sbtest8  (cost=0.43..48.53 rows=0 width=0)
	  ->  Index Scan using sbtest8_pkey on sbtest8  (cost=0.43..48.53 rows=10 width=490)
	        Index Cond: (id = ANY ('{1664491,3515873,1415374,9912694,4224894,1998598,4657854,4777232,725217,2153517}'::integer[]))

Threads started!

Warming up for 5 seconds...

SQL statistics:
    queries performed:
        read:                            0
        write:                           115724720
        other:                           0
        total:                           115724720
    transactions:                        115724720 (124432.99 per sec.)
    queries:                             115724720 (124432.99 per sec.)
    ignored errors:                      0      (0.00 per sec.)
    reconnects:                          0      (0.00 per sec.)

Throughput:
    events/s (eps):                      124432.9929
    time elapsed:                        930.0165s
    total number of events:              115724720

Latency (ms):
         min:                                    0.11
         avg:                                    0.32
         max:                                  244.41
         95th percentile:                        0.49
         sum:                             37124361.01

Threads fairness:
    events (avg/stddev):           2893118.0000/38617.56
    execution time (avg/stddev):   928.1090/0.03

