LUA_PATH=/home/mdcallag/git/mytools/bench/sysbench.lua/lua/?.lua /home/mdcallag/git/mytools/bench/sysbench.lua/lua/sysbench --db-driver=pgsql --range-size=10 --table-size=10000000 --tables=8 --threads=40 --events=0 --warmup-time=5 --time=630 --pgsql_conn_id=true /home/mdcallag/git/mytools/bench/sysbench.lua/lua/oltp_inlist_select.lua run --pgsql-user=root --pgsql-password=pw --pgsql-host=127.0.0.1 --pgsql-db=ib --rand-type=uniform --random-points=10 --skip-trx
48 CPUs
sysbench 1.1.0-9072687 (using bundled LuaJIT 2.1.0-beta3)

Running the test with following options:
Number of threads: 40
Warmup time: 5s
Initializing random number generator from current time


Initializing worker threads...

explain: for select-inlist :: explain SELECT c FROM sbtest%d WHERE id IN ( 9071258, 6963080, 7456480, 5207569, 549596, 8984258, 1899210, 5374588, 3941956, 7021152)
explain: for select-inlist :: explain SELECT c FROM sbtest%d WHERE id IN ( 1338580, 994462, 9500599, 6178700, 8142654, 5093946, 2664115, 4657402, 6159870, 6747875)
explain: for select-inlist :: explain SELECT c FROM sbtest%d WHERE id IN ( 2751948, 9301782, 6236948, 5456254, 1666030, 3507781, 8082648, 5923954, 1501651, 3000086)
explain: for select-inlist :: explain SELECT c FROM sbtest%d WHERE id IN ( 2733157, 6607524, 2389674, 2400794, 3967694, 2324759, 546343, 8956422, 5445226, 8944075)
for select-inlist
table 1 : explain SELECT c FROM sbtest1 WHERE id IN ( 9071258, 6963080, 7456480, 5207569, 549596, 8984258, 1899210, 5374588, 3941956, 7021152)
	Index Scan using sbtest1_pkey on sbtest1  (cost=0.43..84.11 rows=10 width=121)
	  Index Cond: (id = ANY ('{9071258,6963080,7456480,5207569,549596,8984258,1899210,5374588,3941956,7021152}'::integer[]))

table 2 : explain SELECT c FROM sbtest2 WHERE id IN ( 9071258, 6963080, 7456480, 5207569, 549596, 8984258, 1899210, 5374588, 3941956, 7021152)
	Index Scan using sbtest2_pkey on sbtest2  (cost=0.43..84.05 rows=10 width=121)
	  Index Cond: (id = ANY ('{9071258,6963080,7456480,5207569,549596,8984258,1899210,5374588,3941956,7021152}'::integer[]))

table 3 : explain SELECT c FROM sbtest3 WHERE id IN ( 9071258, 6963080, 7456480, 5207569, 549596, 8984258, 1899210, 5374588, 3941956, 7021152)
	Index Scan using sbtest3_pkey on sbtest3  (cost=0.43..83.98 rows=10 width=121)
	  Index Cond: (id = ANY ('{9071258,6963080,7456480,5207569,549596,8984258,1899210,5374588,3941956,7021152}'::integer[]))

table 4 : explain SELECT c FROM sbtest4 WHERE id IN ( 9071258, 6963080, 7456480, 5207569, 549596, 8984258, 1899210, 5374588, 3941956, 7021152)
	Index Scan using sbtest4_pkey on sbtest4  (cost=0.43..83.95 rows=10 width=121)
	  Index Cond: (id = ANY ('{9071258,6963080,7456480,5207569,549596,8984258,1899210,5374588,3941956,7021152}'::integer[]))

table 5 : explain SELECT c FROM sbtest5 WHERE id IN ( 9071258, 6963080, 7456480, 5207569, 549596, 8984258, 1899210, 5374588, 3941956, 7021152)
	Index Scan using sbtest5_pkey on sbtest5  (cost=0.43..83.99 rows=10 width=121)
	  Index Cond: (id = ANY ('{9071258,6963080,7456480,5207569,549596,8984258,1899210,5374588,3941956,7021152}'::integer[]))

table 6 : explain SELECT c FROM sbtest6 WHERE id IN ( 9071258, 6963080, 7456480, 5207569, 549596, 8984258, 1899210, 5374588, 3941956, 7021152)
	Index Scan using sbtest6_pkey on sbtest6  (cost=0.43..83.94 rows=10 width=121)
	  Index Cond: (id = ANY ('{9071258,6963080,7456480,5207569,549596,8984258,1899210,5374588,3941956,7021152}'::integer[]))

table 7 : explain SELECT c FROM sbtest7 WHERE id IN ( 9071258, 6963080, 7456480, 5207569, 549596, 8984258, 1899210, 5374588, 3941956, 7021152)
	Index Scan using sbtest7_pkey on sbtest7  (cost=0.43..83.97 rows=10 width=121)
	  Index Cond: (id = ANY ('{9071258,6963080,7456480,5207569,549596,8984258,1899210,5374588,3941956,7021152}'::integer[]))

table 8 : explain SELECT c FROM sbtest8 WHERE id IN ( 9071258, 6963080, 7456480, 5207569, 549596, 8984258, 1899210, 5374588, 3941956, 7021152)
	Index Scan using sbtest8_pkey on sbtest8  (cost=0.43..83.83 rows=10 width=121)
	  Index Cond: (id = ANY ('{9071258,6963080,7456480,5207569,549596,8984258,1899210,5374588,3941956,7021152}'::integer[]))

for select-inlist
table 1 : explain SELECT c FROM sbtest1 WHERE id IN ( 2733157, 6607524, 2389674, 2400794, 3967694, 2324759, 546343, 8956422, 5445226, 8944075)
	Index Scan using sbtest1_pkey on sbtest1  (cost=0.43..84.11 rows=10 width=121)
	  Index Cond: (id = ANY ('{2733157,6607524,2389674,2400794,3967694,2324759,546343,8956422,5445226,8944075}'::integer[]))

table 2 : explain SELECT c FROM sbtest2 WHERE id IN ( 2733157, 6607524, 2389674, 2400794, 3967694, 2324759, 546343, 8956422, 5445226, 8944075)
	Index Scan using sbtest2_pkey on sbtest2  (cost=0.43..84.05 rows=10 width=121)
	  Index Cond: (id = ANY ('{2733157,6607524,2389674,2400794,3967694,2324759,546343,8956422,5445226,8944075}'::integer[]))

table 3 : explain SELECT c FROM sbtest3 WHERE id IN ( 2733157, 6607524, 2389674, 2400794, 3967694, 2324759, 546343, 8956422, 5445226, 8944075)
	Index Scan using sbtest3_pkey on sbtest3  (cost=0.43..83.98 rows=10 width=121)
	  Index Cond: (id = ANY ('{2733157,6607524,2389674,2400794,3967694,2324759,546343,8956422,5445226,8944075}'::integer[]))

table 4 : explain SELECT c FROM sbtest4 WHERE id IN ( 2733157, 6607524, 2389674, 2400794, 3967694, 2324759, 546343, 8956422, 5445226, 8944075)
	Index Scan using sbtest4_pkey on sbtest4  (cost=0.43..83.95 rows=10 width=121)
	  Index Cond: (id = ANY ('{2733157,6607524,2389674,2400794,3967694,2324759,546343,8956422,5445226,8944075}'::integer[]))

table 5 : explain SELECT c FROM sbtest5 WHERE id IN ( 2733157, 6607524, 2389674, 2400794, 3967694, 2324759, 546343, 8956422, 5445226, 8944075)
	Index Scan using sbtest5_pkey on sbtest5  (cost=0.43..83.99 rows=10 width=121)
	  Index Cond: (id = ANY ('{2733157,6607524,2389674,2400794,3967694,2324759,546343,8956422,5445226,8944075}'::integer[]))

table 6 : explain SELECT c FROM sbtest6 WHERE id IN ( 2733157, 6607524, 2389674, 2400794, 3967694, 2324759, 546343, 8956422, 5445226, 8944075)
	Index Scan using sbtest6_pkey on sbtest6  (cost=0.43..83.94 rows=10 width=121)
	  Index Cond: (id = ANY ('{2733157,6607524,2389674,2400794,3967694,2324759,546343,8956422,5445226,8944075}'::integer[]))

table 7 : explain SELECT c FROM sbtest7 WHERE id IN ( 2733157, 6607524, 2389674, 2400794, 3967694, 2324759, 546343, 8956422, 5445226, 8944075)
	Index Scan using sbtest7_pkey on sbtest7  (cost=0.43..83.97 rows=10 width=121)
	  Index Cond: (id = ANY ('{2733157,6607524,2389674,2400794,3967694,2324759,546343,8956422,5445226,8944075}'::integer[]))

table 8 : explain SELECT c FROM sbtest8 WHERE id IN ( 2733157, 6607524, 2389674, 2400794, 3967694, 2324759, 546343, 8956422, 5445226, 8944075)
	Index Scan using sbtest8_pkey on sbtest8  (cost=0.43..83.83 rows=10 width=121)
	  Index Cond: (id = ANY ('{2733157,6607524,2389674,2400794,3967694,2324759,546343,8956422,5445226,8944075}'::integer[]))

for select-inlist
table 1 : explain SELECT c FROM sbtest1 WHERE id IN ( 1338580, 994462, 9500599, 6178700, 8142654, 5093946, 2664115, 4657402, 6159870, 6747875)
	Index Scan using sbtest1_pkey on sbtest1  (cost=0.43..84.11 rows=10 width=121)
	  Index Cond: (id = ANY ('{1338580,994462,9500599,6178700,8142654,5093946,2664115,4657402,6159870,6747875}'::integer[]))

table 2 : explain SELECT c FROM sbtest2 WHERE id IN ( 1338580, 994462, 9500599, 6178700, 8142654, 5093946, 2664115, 4657402, 6159870, 6747875)
	Index Scan using sbtest2_pkey on sbtest2  (cost=0.43..84.05 rows=10 width=121)
	  Index Cond: (id = ANY ('{1338580,994462,9500599,6178700,8142654,5093946,2664115,4657402,6159870,6747875}'::integer[]))

table 3 : explain SELECT c FROM sbtest3 WHERE id IN ( 1338580, 994462, 9500599, 6178700, 8142654, 5093946, 2664115, 4657402, 6159870, 6747875)
	Index Scan using sbtest3_pkey on sbtest3  (cost=0.43..83.98 rows=10 width=121)
	  Index Cond: (id = ANY ('{1338580,994462,9500599,6178700,8142654,5093946,2664115,4657402,6159870,6747875}'::integer[]))

table 4 : explain SELECT c FROM sbtest4 WHERE id IN ( 1338580, 994462, 9500599, 6178700, 8142654, 5093946, 2664115, 4657402, 6159870, 6747875)
	Index Scan using sbtest4_pkey on sbtest4  (cost=0.43..83.95 rows=10 width=121)
	  Index Cond: (id = ANY ('{1338580,994462,9500599,6178700,8142654,5093946,2664115,4657402,6159870,6747875}'::integer[]))

table 5 : explain SELECT c FROM sbtest5 WHERE id IN ( 1338580, 994462, 9500599, 6178700, 8142654, 5093946, 2664115, 4657402, 6159870, 6747875)
	Index Scan using sbtest5_pkey on sbtest5  (cost=0.43..83.99 rows=10 width=121)
	  Index Cond: (id = ANY ('{1338580,994462,9500599,6178700,8142654,5093946,2664115,4657402,6159870,6747875}'::integer[]))

table 6 : explain SELECT c FROM sbtest6 WHERE id IN ( 1338580, 994462, 9500599, 6178700, 8142654, 5093946, 2664115, 4657402, 6159870, 6747875)
	Index Scan using sbtest6_pkey on sbtest6  (cost=0.43..83.94 rows=10 width=121)
	  Index Cond: (id = ANY ('{1338580,994462,9500599,6178700,8142654,5093946,2664115,4657402,6159870,6747875}'::integer[]))

table 7 : explain SELECT c FROM sbtest7 WHERE id IN ( 1338580, 994462, 9500599, 6178700, 8142654, 5093946, 2664115, 4657402, 6159870, 6747875)
	Index Scan using sbtest7_pkey on sbtest7  (cost=0.43..83.97 rows=10 width=121)
	  Index Cond: (id = ANY ('{1338580,994462,9500599,6178700,8142654,5093946,2664115,4657402,6159870,6747875}'::integer[]))

table 8 : explain SELECT c FROM sbtest8 WHERE id IN ( 1338580, 994462, 9500599, 6178700, 8142654, 5093946, 2664115, 4657402, 6159870, 6747875)
	Index Scan using sbtest8_pkey on sbtest8  (cost=0.43..83.83 rows=10 width=121)
	  Index Cond: (id = ANY ('{1338580,994462,9500599,6178700,8142654,5093946,2664115,4657402,6159870,6747875}'::integer[]))

for select-inlist
table 1 : explain SELECT c FROM sbtest1 WHERE id IN ( 2751948, 9301782, 6236948, 5456254, 1666030, 3507781, 8082648, 5923954, 1501651, 3000086)
	Index Scan using sbtest1_pkey on sbtest1  (cost=0.43..84.11 rows=10 width=121)
	  Index Cond: (id = ANY ('{2751948,9301782,6236948,5456254,1666030,3507781,8082648,5923954,1501651,3000086}'::integer[]))

table 2 : explain SELECT c FROM sbtest2 WHERE id IN ( 2751948, 9301782, 6236948, 5456254, 1666030, 3507781, 8082648, 5923954, 1501651, 3000086)
	Index Scan using sbtest2_pkey on sbtest2  (cost=0.43..84.05 rows=10 width=121)
	  Index Cond: (id = ANY ('{2751948,9301782,6236948,5456254,1666030,3507781,8082648,5923954,1501651,3000086}'::integer[]))

table 3 : explain SELECT c FROM sbtest3 WHERE id IN ( 2751948, 9301782, 6236948, 5456254, 1666030, 3507781, 8082648, 5923954, 1501651, 3000086)
	Index Scan using sbtest3_pkey on sbtest3  (cost=0.43..83.98 rows=10 width=121)
	  Index Cond: (id = ANY ('{2751948,9301782,6236948,5456254,1666030,3507781,8082648,5923954,1501651,3000086}'::integer[]))

table 4 : explain SELECT c FROM sbtest4 WHERE id IN ( 2751948, 9301782, 6236948, 5456254, 1666030, 3507781, 8082648, 5923954, 1501651, 3000086)
	Index Scan using sbtest4_pkey on sbtest4  (cost=0.43..83.95 rows=10 width=121)
	  Index Cond: (id = ANY ('{2751948,9301782,6236948,5456254,1666030,3507781,8082648,5923954,1501651,3000086}'::integer[]))

table 5 : explain SELECT c FROM sbtest5 WHERE id IN ( 2751948, 9301782, 6236948, 5456254, 1666030, 3507781, 8082648, 5923954, 1501651, 3000086)
	Index Scan using sbtest5_pkey on sbtest5  (cost=0.43..83.99 rows=10 width=121)
	  Index Cond: (id = ANY ('{2751948,9301782,6236948,5456254,1666030,3507781,8082648,5923954,1501651,3000086}'::integer[]))

table 6 : explain SELECT c FROM sbtest6 WHERE id IN ( 2751948, 9301782, 6236948, 5456254, 1666030, 3507781, 8082648, 5923954, 1501651, 3000086)
	Index Scan using sbtest6_pkey on sbtest6  (cost=0.43..83.94 rows=10 width=121)
	  Index Cond: (id = ANY ('{2751948,9301782,6236948,5456254,1666030,3507781,8082648,5923954,1501651,3000086}'::integer[]))

table 7 : explain SELECT c FROM sbtest7 WHERE id IN ( 2751948, 9301782, 6236948, 5456254, 1666030, 3507781, 8082648, 5923954, 1501651, 3000086)
	Index Scan using sbtest7_pkey on sbtest7  (cost=0.43..83.97 rows=10 width=121)
	  Index Cond: (id = ANY ('{2751948,9301782,6236948,5456254,1666030,3507781,8082648,5923954,1501651,3000086}'::integer[]))

table 8 : explain SELECT c FROM sbtest8 WHERE id IN ( 2751948, 9301782, 6236948, 5456254, 1666030, 3507781, 8082648, 5923954, 1501651, 3000086)
	Index Scan using sbtest8_pkey on sbtest8  (cost=0.43..83.83 rows=10 width=121)
	  Index Cond: (id = ANY ('{2751948,9301782,6236948,5456254,1666030,3507781,8082648,5923954,1501651,3000086}'::integer[]))

explain: for select-inlist :: explain SELECT c FROM sbtest%d WHERE id IN ( 4987583, 7066940, 5296542, 9259793, 1094659, 3491433, 7291695, 7219890, 504081, 6866332)
for select-inlist
table 1 : explain SELECT c FROM sbtest1 WHERE id IN ( 4987583, 7066940, 5296542, 9259793, 1094659, 3491433, 7291695, 7219890, 504081, 6866332)
	Index Scan using sbtest1_pkey on sbtest1  (cost=0.43..84.11 rows=10 width=121)
	  Index Cond: (id = ANY ('{4987583,7066940,5296542,9259793,1094659,3491433,7291695,7219890,504081,6866332}'::integer[]))

table 2 : explain SELECT c FROM sbtest2 WHERE id IN ( 4987583, 7066940, 5296542, 9259793, 1094659, 3491433, 7291695, 7219890, 504081, 6866332)
	Index Scan using sbtest2_pkey on sbtest2  (cost=0.43..84.05 rows=10 width=121)
	  Index Cond: (id = ANY ('{4987583,7066940,5296542,9259793,1094659,3491433,7291695,7219890,504081,6866332}'::integer[]))

table 3 : explain SELECT c FROM sbtest3 WHERE id IN ( 4987583, 7066940, 5296542, 9259793, 1094659, 3491433, 7291695, 7219890, 504081, 6866332)
	Index Scan using sbtest3_pkey on sbtest3  (cost=0.43..83.98 rows=10 width=121)
	  Index Cond: (id = ANY ('{4987583,7066940,5296542,9259793,1094659,3491433,7291695,7219890,504081,6866332}'::integer[]))

table 4 : explain SELECT c FROM sbtest4 WHERE id IN ( 4987583, 7066940, 5296542, 9259793, 1094659, 3491433, 7291695, 7219890, 504081, 6866332)
	Index Scan using sbtest4_pkey on sbtest4  (cost=0.43..83.95 rows=10 width=121)
	  Index Cond: (id = ANY ('{4987583,7066940,5296542,9259793,1094659,3491433,7291695,7219890,504081,6866332}'::integer[]))

table 5 : explain SELECT c FROM sbtest5 WHERE id IN ( 4987583, 7066940, 5296542, 9259793, 1094659, 3491433, 7291695, 7219890, 504081, 6866332)
	Index Scan using sbtest5_pkey on sbtest5  (cost=0.43..83.99 rows=10 width=121)
	  Index Cond: (id = ANY ('{4987583,7066940,5296542,9259793,1094659,3491433,7291695,7219890,504081,6866332}'::integer[]))

table 6 : explain SELECT c FROM sbtest6 WHERE id IN ( 4987583, 7066940, 5296542, 9259793, 1094659, 3491433, 7291695, 7219890, 504081, 6866332)
	Index Scan using sbtest6_pkey on sbtest6  (cost=0.43..83.94 rows=10 width=121)
	  Index Cond: (id = ANY ('{4987583,7066940,5296542,9259793,1094659,3491433,7291695,7219890,504081,6866332}'::integer[]))

table 7 : explain SELECT c FROM sbtest7 WHERE id IN ( 4987583, 7066940, 5296542, 9259793, 1094659, 3491433, 7291695, 7219890, 504081, 6866332)
	Index Scan using sbtest7_pkey on sbtest7  (cost=0.43..83.97 rows=10 width=121)
	  Index Cond: (id = ANY ('{4987583,7066940,5296542,9259793,1094659,3491433,7291695,7219890,504081,6866332}'::integer[]))

table 8 : explain SELECT c FROM sbtest8 WHERE id IN ( 4987583, 7066940, 5296542, 9259793, 1094659, 3491433, 7291695, 7219890, 504081, 6866332)
	Index Scan using sbtest8_pkey on sbtest8  (cost=0.43..83.83 rows=10 width=121)
	  Index Cond: (id = ANY ('{4987583,7066940,5296542,9259793,1094659,3491433,7291695,7219890,504081,6866332}'::integer[]))

explain: for select-inlist :: explain SELECT c FROM sbtest%d WHERE id IN ( 3417198, 6297169, 4094406, 9257388, 5809650, 5894602, 2025552, 6182374, 199636, 8651922)
explain: for select-inlist :: explain SELECT c FROM sbtest%d WHERE id IN ( 8055086, 2492429, 1942598, 9328706, 9257481, 9439636, 3751202, 6010937, 93104, 2107792)
for select-inlist
table 1 : explain SELECT c FROM sbtest1 WHERE id IN ( 3417198, 6297169, 4094406, 9257388, 5809650, 5894602, 2025552, 6182374, 199636, 8651922)
	Index Scan using sbtest1_pkey on sbtest1  (cost=0.43..84.11 rows=10 width=121)
	  Index Cond: (id = ANY ('{3417198,6297169,4094406,9257388,5809650,5894602,2025552,6182374,199636,8651922}'::integer[]))

table 2 : explain SELECT c FROM sbtest2 WHERE id IN ( 3417198, 6297169, 4094406, 9257388, 5809650, 5894602, 2025552, 6182374, 199636, 8651922)
	Index Scan using sbtest2_pkey on sbtest2  (cost=0.43..84.05 rows=10 width=121)
	  Index Cond: (id = ANY ('{3417198,6297169,4094406,9257388,5809650,5894602,2025552,6182374,199636,8651922}'::integer[]))

table 3 : explain SELECT c FROM sbtest3 WHERE id IN ( 3417198, 6297169, 4094406, 9257388, 5809650, 5894602, 2025552, 6182374, 199636, 8651922)
	Index Scan using sbtest3_pkey on sbtest3  (cost=0.43..83.98 rows=10 width=121)
	  Index Cond: (id = ANY ('{3417198,6297169,4094406,9257388,5809650,5894602,2025552,6182374,199636,8651922}'::integer[]))

table 4 : explain SELECT c FROM sbtest4 WHERE id IN ( 3417198, 6297169, 4094406, 9257388, 5809650, 5894602, 2025552, 6182374, 199636, 8651922)
	Index Scan using sbtest4_pkey on sbtest4  (cost=0.43..83.95 rows=10 width=121)
	  Index Cond: (id = ANY ('{3417198,6297169,4094406,9257388,5809650,5894602,2025552,6182374,199636,8651922}'::integer[]))

table 5 : explain SELECT c FROM sbtest5 WHERE id IN ( 3417198, 6297169, 4094406, 9257388, 5809650, 5894602, 2025552, 6182374, 199636, 8651922)
	Index Scan using sbtest5_pkey on sbtest5  (cost=0.43..83.99 rows=10 width=121)
	  Index Cond: (id = ANY ('{3417198,6297169,4094406,9257388,5809650,5894602,2025552,6182374,199636,8651922}'::integer[]))

table 6 : explain SELECT c FROM sbtest6 WHERE id IN ( 3417198, 6297169, 4094406, 9257388, 5809650, 5894602, 2025552, 6182374, 199636, 8651922)
	Index Scan using sbtest6_pkey on sbtest6  (cost=0.43..83.94 rows=10 width=121)
	  Index Cond: (id = ANY ('{3417198,6297169,4094406,9257388,5809650,5894602,2025552,6182374,199636,8651922}'::integer[]))

table 7 : explain SELECT c FROM sbtest7 WHERE id IN ( 3417198, 6297169, 4094406, 9257388, 5809650, 5894602, 2025552, 6182374, 199636, 8651922)
	Index Scan using sbtest7_pkey on sbtest7  (cost=0.43..83.97 rows=10 width=121)
	  Index Cond: (id = ANY ('{3417198,6297169,4094406,9257388,5809650,5894602,2025552,6182374,199636,8651922}'::integer[]))

table 8 : explain SELECT c FROM sbtest8 WHERE id IN ( 3417198, 6297169, 4094406, 9257388, 5809650, 5894602, 2025552, 6182374, 199636, 8651922)
	Index Scan using sbtest8_pkey on sbtest8  (cost=0.43..83.83 rows=10 width=121)
	  Index Cond: (id = ANY ('{3417198,6297169,4094406,9257388,5809650,5894602,2025552,6182374,199636,8651922}'::integer[]))

for select-inlist
table 1 : explain SELECT c FROM sbtest1 WHERE id IN ( 8055086, 2492429, 1942598, 9328706, 9257481, 9439636, 3751202, 6010937, 93104, 2107792)
	Index Scan using sbtest1_pkey on sbtest1  (cost=0.43..84.11 rows=10 width=121)
	  Index Cond: (id = ANY ('{8055086,2492429,1942598,9328706,9257481,9439636,3751202,6010937,93104,2107792}'::integer[]))

table 2 : explain SELECT c FROM sbtest2 WHERE id IN ( 8055086, 2492429, 1942598, 9328706, 9257481, 9439636, 3751202, 6010937, 93104, 2107792)
	Index Scan using sbtest2_pkey on sbtest2  (cost=0.43..84.05 rows=10 width=121)
	  Index Cond: (id = ANY ('{8055086,2492429,1942598,9328706,9257481,9439636,3751202,6010937,93104,2107792}'::integer[]))

table 3 : explain SELECT c FROM sbtest3 WHERE id IN ( 8055086, 2492429, 1942598, 9328706, 9257481, 9439636, 3751202, 6010937, 93104, 2107792)
	Index Scan using sbtest3_pkey on sbtest3  (cost=0.43..83.98 rows=10 width=121)
	  Index Cond: (id = ANY ('{8055086,2492429,1942598,9328706,9257481,9439636,3751202,6010937,93104,2107792}'::integer[]))

table 4 : explain SELECT c FROM sbtest4 WHERE id IN ( 8055086, 2492429, 1942598, 9328706, 9257481, 9439636, 3751202, 6010937, 93104, 2107792)
	Index Scan using sbtest4_pkey on sbtest4  (cost=0.43..83.95 rows=10 width=121)
	  Index Cond: (id = ANY ('{8055086,2492429,1942598,9328706,9257481,9439636,3751202,6010937,93104,2107792}'::integer[]))

table 5 : explain SELECT c FROM sbtest5 WHERE id IN ( 8055086, 2492429, 1942598, 9328706, 9257481, 9439636, 3751202, 6010937, 93104, 2107792)
	Index Scan using sbtest5_pkey on sbtest5  (cost=0.43..83.99 rows=10 width=121)
	  Index Cond: (id = ANY ('{8055086,2492429,1942598,9328706,9257481,9439636,3751202,6010937,93104,2107792}'::integer[]))

table 6 : explain SELECT c FROM sbtest6 WHERE id IN ( 8055086, 2492429, 1942598, 9328706, 9257481, 9439636, 3751202, 6010937, 93104, 2107792)
	Index Scan using sbtest6_pkey on sbtest6  (cost=0.43..83.94 rows=10 width=121)
	  Index Cond: (id = ANY ('{8055086,2492429,1942598,9328706,9257481,9439636,3751202,6010937,93104,2107792}'::integer[]))

table 7 : explain SELECT c FROM sbtest7 WHERE id IN ( 8055086, 2492429, 1942598, 9328706, 9257481, 9439636, 3751202, 6010937, 93104, 2107792)
	Index Scan using sbtest7_pkey on sbtest7  (cost=0.43..83.97 rows=10 width=121)
	  Index Cond: (id = ANY ('{8055086,2492429,1942598,9328706,9257481,9439636,3751202,6010937,93104,2107792}'::integer[]))

table 8 : explain SELECT c FROM sbtest8 WHERE id IN ( 8055086, 2492429, 1942598, 9328706, 9257481, 9439636, 3751202, 6010937, 93104, 2107792)
	Index Scan using sbtest8_pkey on sbtest8  (cost=0.43..83.83 rows=10 width=121)
	  Index Cond: (id = ANY ('{8055086,2492429,1942598,9328706,9257481,9439636,3751202,6010937,93104,2107792}'::integer[]))

explain: for select-inlist :: explain SELECT c FROM sbtest%d WHERE id IN ( 4013545, 6175790, 1567511, 5924911, 865075, 299948, 3211062, 2930293, 9186934, 3042799)
explain: for select-inlist :: explain SELECT c FROM sbtest%d WHERE id IN ( 190113, 421397, 7450213, 9608550, 3459502, 4991590, 2977313, 2801432, 4548404, 6290489)
explain: for select-inlist :: explain SELECT c FROM sbtest%d WHERE id IN ( 7153635, 3480534, 9045719, 6768436, 4143244, 1815279, 1346583, 4828362, 6986421, 6397079)
for select-inlist
table 1 : explain SELECT c FROM sbtest1 WHERE id IN ( 4013545, 6175790, 1567511, 5924911, 865075, 299948, 3211062, 2930293, 9186934, 3042799)
	Index Scan using sbtest1_pkey on sbtest1  (cost=0.43..84.11 rows=10 width=121)
	  Index Cond: (id = ANY ('{4013545,6175790,1567511,5924911,865075,299948,3211062,2930293,9186934,3042799}'::integer[]))

table 2 : explain SELECT c FROM sbtest2 WHERE id IN ( 4013545, 6175790, 1567511, 5924911, 865075, 299948, 3211062, 2930293, 9186934, 3042799)
	Index Scan using sbtest2_pkey on sbtest2  (cost=0.43..84.05 rows=10 width=121)
	  Index Cond: (id = ANY ('{4013545,6175790,1567511,5924911,865075,299948,3211062,2930293,9186934,3042799}'::integer[]))

table 3 : explain SELECT c FROM sbtest3 WHERE id IN ( 4013545, 6175790, 1567511, 5924911, 865075, 299948, 3211062, 2930293, 9186934, 3042799)
	Index Scan using sbtest3_pkey on sbtest3  (cost=0.43..83.98 rows=10 width=121)
	  Index Cond: (id = ANY ('{4013545,6175790,1567511,5924911,865075,299948,3211062,2930293,9186934,3042799}'::integer[]))

table 4 : explain SELECT c FROM sbtest4 WHERE id IN ( 4013545, 6175790, 1567511, 5924911, 865075, 299948, 3211062, 2930293, 9186934, 3042799)
	Index Scan using sbtest4_pkey on sbtest4  (cost=0.43..83.95 rows=10 width=121)
	  Index Cond: (id = ANY ('{4013545,6175790,1567511,5924911,865075,299948,3211062,2930293,9186934,3042799}'::integer[]))

table 5 : explain SELECT c FROM sbtest5 WHERE id IN ( 4013545, 6175790, 1567511, 5924911, 865075, 299948, 3211062, 2930293, 9186934, 3042799)
	Index Scan using sbtest5_pkey on sbtest5  (cost=0.43..83.99 rows=10 width=121)
	  Index Cond: (id = ANY ('{4013545,6175790,1567511,5924911,865075,299948,3211062,2930293,9186934,3042799}'::integer[]))

table 6 : explain SELECT c FROM sbtest6 WHERE id IN ( 4013545, 6175790, 1567511, 5924911, 865075, 299948, 3211062, 2930293, 9186934, 3042799)
	Index Scan using sbtest6_pkey on sbtest6  (cost=0.43..83.94 rows=10 width=121)
	  Index Cond: (id = ANY ('{4013545,6175790,1567511,5924911,865075,299948,3211062,2930293,9186934,3042799}'::integer[]))

table 7 : explain SELECT c FROM sbtest7 WHERE id IN ( 4013545, 6175790, 1567511, 5924911, 865075, 299948, 3211062, 2930293, 9186934, 3042799)
	Index Scan using sbtest7_pkey on sbtest7  (cost=0.43..83.97 rows=10 width=121)
	  Index Cond: (id = ANY ('{4013545,6175790,1567511,5924911,865075,299948,3211062,2930293,9186934,3042799}'::integer[]))

table 8 : explain SELECT c FROM sbtest8 WHERE id IN ( 4013545, 6175790, 1567511, 5924911, 865075, 299948, 3211062, 2930293, 9186934, 3042799)
	Index Scan using sbtest8_pkey on sbtest8  (cost=0.43..83.83 rows=10 width=121)
	  Index Cond: (id = ANY ('{4013545,6175790,1567511,5924911,865075,299948,3211062,2930293,9186934,3042799}'::integer[]))

for select-inlist
table 1 : explain SELECT c FROM sbtest1 WHERE id IN ( 190113, 421397, 7450213, 9608550, 3459502, 4991590, 2977313, 2801432, 4548404, 6290489)
	Index Scan using sbtest1_pkey on sbtest1  (cost=0.43..84.11 rows=10 width=121)
	  Index Cond: (id = ANY ('{190113,421397,7450213,9608550,3459502,4991590,2977313,2801432,4548404,6290489}'::integer[]))

table 2 : explain SELECT c FROM sbtest2 WHERE id IN ( 190113, 421397, 7450213, 9608550, 3459502, 4991590, 2977313, 2801432, 4548404, 6290489)
	Index Scan using sbtest2_pkey on sbtest2  (cost=0.43..84.05 rows=10 width=121)
	  Index Cond: (id = ANY ('{190113,421397,7450213,9608550,3459502,4991590,2977313,2801432,4548404,6290489}'::integer[]))

table 3 : explain SELECT c FROM sbtest3 WHERE id IN ( 190113, 421397, 7450213, 9608550, 3459502, 4991590, 2977313, 2801432, 4548404, 6290489)
	Index Scan using sbtest3_pkey on sbtest3  (cost=0.43..83.98 rows=10 width=121)
	  Index Cond: (id = ANY ('{190113,421397,7450213,9608550,3459502,4991590,2977313,2801432,4548404,6290489}'::integer[]))

table 4 : explain SELECT c FROM sbtest4 WHERE id IN ( 190113, 421397, 7450213, 9608550, 3459502, 4991590, 2977313, 2801432, 4548404, 6290489)
	Index Scan using sbtest4_pkey on sbtest4  (cost=0.43..83.95 rows=10 width=121)
	  Index Cond: (id = ANY ('{190113,421397,7450213,9608550,3459502,4991590,2977313,2801432,4548404,6290489}'::integer[]))

table 5 : explain SELECT c FROM sbtest5 WHERE id IN ( 190113, 421397, 7450213, 9608550, 3459502, 4991590, 2977313, 2801432, 4548404, 6290489)
	Index Scan using sbtest5_pkey on sbtest5  (cost=0.43..83.99 rows=10 width=121)
	  Index Cond: (id = ANY ('{190113,421397,7450213,9608550,3459502,4991590,2977313,2801432,4548404,6290489}'::integer[]))

table 6 : explain SELECT c FROM sbtest6 WHERE id IN ( 190113, 421397, 7450213, 9608550, 3459502, 4991590, 2977313, 2801432, 4548404, 6290489)
	Index Scan using sbtest6_pkey on sbtest6  (cost=0.43..83.94 rows=10 width=121)
	  Index Cond: (id = ANY ('{190113,421397,7450213,9608550,3459502,4991590,2977313,2801432,4548404,6290489}'::integer[]))

table 7 : explain SELECT c FROM sbtest7 WHERE id IN ( 190113, 421397, 7450213, 9608550, 3459502, 4991590, 2977313, 2801432, 4548404, 6290489)
	Index Scan using sbtest7_pkey on sbtest7  (cost=0.43..83.97 rows=10 width=121)
	  Index Cond: (id = ANY ('{190113,421397,7450213,9608550,3459502,4991590,2977313,2801432,4548404,6290489}'::integer[]))

table 8 : explain SELECT c FROM sbtest8 WHERE id IN ( 190113, 421397, 7450213, 9608550, 3459502, 4991590, 2977313, 2801432, 4548404, 6290489)
	Index Scan using sbtest8_pkey on sbtest8  (cost=0.43..83.83 rows=10 width=121)
	  Index Cond: (id = ANY ('{190113,421397,7450213,9608550,3459502,4991590,2977313,2801432,4548404,6290489}'::integer[]))

explain: for select-inlist :: explain SELECT c FROM sbtest%d WHERE id IN ( 1303044, 9233382, 1473109, 8228906, 8253280, 2183087, 8303113, 4679547, 4825073, 579008)
for select-inlist
table 1 : explain SELECT c FROM sbtest1 WHERE id IN ( 7153635, 3480534, 9045719, 6768436, 4143244, 1815279, 1346583, 4828362, 6986421, 6397079)
	Index Scan using sbtest1_pkey on sbtest1  (cost=0.43..84.11 rows=10 width=121)
	  Index Cond: (id = ANY ('{7153635,3480534,9045719,6768436,4143244,1815279,1346583,4828362,6986421,6397079}'::integer[]))

table 2 : explain SELECT c FROM sbtest2 WHERE id IN ( 7153635, 3480534, 9045719, 6768436, 4143244, 1815279, 1346583, 4828362, 6986421, 6397079)
	Index Scan using sbtest2_pkey on sbtest2  (cost=0.43..84.05 rows=10 width=121)
	  Index Cond: (id = ANY ('{7153635,3480534,9045719,6768436,4143244,1815279,1346583,4828362,6986421,6397079}'::integer[]))

table 3 : explain SELECT c FROM sbtest3 WHERE id IN ( 7153635, 3480534, 9045719, 6768436, 4143244, 1815279, 1346583, 4828362, 6986421, 6397079)
	Index Scan using sbtest3_pkey on sbtest3  (cost=0.43..83.98 rows=10 width=121)
	  Index Cond: (id = ANY ('{7153635,3480534,9045719,6768436,4143244,1815279,1346583,4828362,6986421,6397079}'::integer[]))

table 4 : explain SELECT c FROM sbtest4 WHERE id IN ( 7153635, 3480534, 9045719, 6768436, 4143244, 1815279, 1346583, 4828362, 6986421, 6397079)
	Index Scan using sbtest4_pkey on sbtest4  (cost=0.43..83.95 rows=10 width=121)
	  Index Cond: (id = ANY ('{7153635,3480534,9045719,6768436,4143244,1815279,1346583,4828362,6986421,6397079}'::integer[]))

table 5 : explain SELECT c FROM sbtest5 WHERE id IN ( 7153635, 3480534, 9045719, 6768436, 4143244, 1815279, 1346583, 4828362, 6986421, 6397079)
	Index Scan using sbtest5_pkey on sbtest5  (cost=0.43..83.99 rows=10 width=121)
	  Index Cond: (id = ANY ('{7153635,3480534,9045719,6768436,4143244,1815279,1346583,4828362,6986421,6397079}'::integer[]))

table 6 : explain SELECT c FROM sbtest6 WHERE id IN ( 7153635, 3480534, 9045719, 6768436, 4143244, 1815279, 1346583, 4828362, 6986421, 6397079)
	Index Scan using sbtest6_pkey on sbtest6  (cost=0.43..83.94 rows=10 width=121)
	  Index Cond: (id = ANY ('{7153635,3480534,9045719,6768436,4143244,1815279,1346583,4828362,6986421,6397079}'::integer[]))

table 7 : explain SELECT c FROM sbtest7 WHERE id IN ( 7153635, 3480534, 9045719, 6768436, 4143244, 1815279, 1346583, 4828362, 6986421, 6397079)
	Index Scan using sbtest7_pkey on sbtest7  (cost=0.43..83.97 rows=10 width=121)
	  Index Cond: (id = ANY ('{7153635,3480534,9045719,6768436,4143244,1815279,1346583,4828362,6986421,6397079}'::integer[]))

table 8 : explain SELECT c FROM sbtest8 WHERE id IN ( 7153635, 3480534, 9045719, 6768436, 4143244, 1815279, 1346583, 4828362, 6986421, 6397079)
	Index Scan using sbtest8_pkey on sbtest8  (cost=0.43..83.83 rows=10 width=121)
	  Index Cond: (id = ANY ('{7153635,3480534,9045719,6768436,4143244,1815279,1346583,4828362,6986421,6397079}'::integer[]))

for select-inlist
table 1 : explain SELECT c FROM sbtest1 WHERE id IN ( 1303044, 9233382, 1473109, 8228906, 8253280, 2183087, 8303113, 4679547, 4825073, 579008)
	Index Scan using sbtest1_pkey on sbtest1  (cost=0.43..84.11 rows=10 width=121)
	  Index Cond: (id = ANY ('{1303044,9233382,1473109,8228906,8253280,2183087,8303113,4679547,4825073,579008}'::integer[]))

table 2 : explain SELECT c FROM sbtest2 WHERE id IN ( 1303044, 9233382, 1473109, 8228906, 8253280, 2183087, 8303113, 4679547, 4825073, 579008)
	Index Scan using sbtest2_pkey on sbtest2  (cost=0.43..84.05 rows=10 width=121)
	  Index Cond: (id = ANY ('{1303044,9233382,1473109,8228906,8253280,2183087,8303113,4679547,4825073,579008}'::integer[]))

table 3 : explain SELECT c FROM sbtest3 WHERE id IN ( 1303044, 9233382, 1473109, 8228906, 8253280, 2183087, 8303113, 4679547, 4825073, 579008)
	Index Scan using sbtest3_pkey on sbtest3  (cost=0.43..83.98 rows=10 width=121)
	  Index Cond: (id = ANY ('{1303044,9233382,1473109,8228906,8253280,2183087,8303113,4679547,4825073,579008}'::integer[]))

table 4 : explain SELECT c FROM sbtest4 WHERE id IN ( 1303044, 9233382, 1473109, 8228906, 8253280, 2183087, 8303113, 4679547, 4825073, 579008)
	Index Scan using sbtest4_pkey on sbtest4  (cost=0.43..83.95 rows=10 width=121)
	  Index Cond: (id = ANY ('{1303044,9233382,1473109,8228906,8253280,2183087,8303113,4679547,4825073,579008}'::integer[]))

table 5 : explain SELECT c FROM sbtest5 WHERE id IN ( 1303044, 9233382, 1473109, 8228906, 8253280, 2183087, 8303113, 4679547, 4825073, 579008)
	Index Scan using sbtest5_pkey on sbtest5  (cost=0.43..83.99 rows=10 width=121)
	  Index Cond: (id = ANY ('{1303044,9233382,1473109,8228906,8253280,2183087,8303113,4679547,4825073,579008}'::integer[]))

table 6 : explain SELECT c FROM sbtest6 WHERE id IN ( 1303044, 9233382, 1473109, 8228906, 8253280, 2183087, 8303113, 4679547, 4825073, 579008)
	Index Scan using sbtest6_pkey on sbtest6  (cost=0.43..83.94 rows=10 width=121)
	  Index Cond: (id = ANY ('{1303044,9233382,1473109,8228906,8253280,2183087,8303113,4679547,4825073,579008}'::integer[]))

table 7 : explain SELECT c FROM sbtest7 WHERE id IN ( 1303044, 9233382, 1473109, 8228906, 8253280, 2183087, 8303113, 4679547, 4825073, 579008)
	Index Scan using sbtest7_pkey on sbtest7  (cost=0.43..83.97 rows=10 width=121)
	  Index Cond: (id = ANY ('{1303044,9233382,1473109,8228906,8253280,2183087,8303113,4679547,4825073,579008}'::integer[]))

table 8 : explain SELECT c FROM sbtest8 WHERE id IN ( 1303044, 9233382, 1473109, 8228906, 8253280, 2183087, 8303113, 4679547, 4825073, 579008)
	Index Scan using sbtest8_pkey on sbtest8  (cost=0.43..83.83 rows=10 width=121)
	  Index Cond: (id = ANY ('{1303044,9233382,1473109,8228906,8253280,2183087,8303113,4679547,4825073,579008}'::integer[]))

explain: for select-inlist :: explain SELECT c FROM sbtest%d WHERE id IN ( 6631817, 5956002, 1702669, 9169650, 1714216, 9815893, 2790296, 5111861, 1996641, 4036803)
explain: for select-inlist :: explain SELECT c FROM sbtest%d WHERE id IN ( 3580724, 2176142, 4449692, 8549506, 2221390, 2488738, 6600973, 192674, 3744867, 7939722)
explain: for select-inlist :: explain SELECT c FROM sbtest%d WHERE id IN ( 6572684, 1487590, 7352614, 8881765, 1752709, 5171717, 8280851, 7791923, 5245844, 6703692)
explain: for select-inlist :: explain SELECT c FROM sbtest%d WHERE id IN ( 5411621, 5241654, 228592, 2105052, 8946656, 7339254, 4192735, 3011003, 6935692, 7625734)
for select-inlist
table 1 : explain SELECT c FROM sbtest1 WHERE id IN ( 6572684, 1487590, 7352614, 8881765, 1752709, 5171717, 8280851, 7791923, 5245844, 6703692)
	Index Scan using sbtest1_pkey on sbtest1  (cost=0.43..84.11 rows=10 width=121)
	  Index Cond: (id = ANY ('{6572684,1487590,7352614,8881765,1752709,5171717,8280851,7791923,5245844,6703692}'::integer[]))

table 2 : explain SELECT c FROM sbtest2 WHERE id IN ( 6572684, 1487590, 7352614, 8881765, 1752709, 5171717, 8280851, 7791923, 5245844, 6703692)
	Index Scan using sbtest2_pkey on sbtest2  (cost=0.43..84.05 rows=10 width=121)
	  Index Cond: (id = ANY ('{6572684,1487590,7352614,8881765,1752709,5171717,8280851,7791923,5245844,6703692}'::integer[]))

table 3 : explain SELECT c FROM sbtest3 WHERE id IN ( 6572684, 1487590, 7352614, 8881765, 1752709, 5171717, 8280851, 7791923, 5245844, 6703692)
	Index Scan using sbtest3_pkey on sbtest3  (cost=0.43..83.98 rows=10 width=121)
	  Index Cond: (id = ANY ('{6572684,1487590,7352614,8881765,1752709,5171717,8280851,7791923,5245844,6703692}'::integer[]))

table 4 : explain SELECT c FROM sbtest4 WHERE id IN ( 6572684, 1487590, 7352614, 8881765, 1752709, 5171717, 8280851, 7791923, 5245844, 6703692)
	Index Scan using sbtest4_pkey on sbtest4  (cost=0.43..83.95 rows=10 width=121)
	  Index Cond: (id = ANY ('{6572684,1487590,7352614,8881765,1752709,5171717,8280851,7791923,5245844,6703692}'::integer[]))

table 5 : explain SELECT c FROM sbtest5 WHERE id IN ( 6572684, 1487590, 7352614, 8881765, 1752709, 5171717, 8280851, 7791923, 5245844, 6703692)
	Index Scan using sbtest5_pkey on sbtest5  (cost=0.43..83.99 rows=10 width=121)
	  Index Cond: (id = ANY ('{6572684,1487590,7352614,8881765,1752709,5171717,8280851,7791923,5245844,6703692}'::integer[]))

table 6 : explain SELECT c FROM sbtest6 WHERE id IN ( 6572684, 1487590, 7352614, 8881765, 1752709, 5171717, 8280851, 7791923, 5245844, 6703692)
	Index Scan using sbtest6_pkey on sbtest6  (cost=0.43..83.94 rows=10 width=121)
	  Index Cond: (id = ANY ('{6572684,1487590,7352614,8881765,1752709,5171717,8280851,7791923,5245844,6703692}'::integer[]))

table 7 : explain SELECT c FROM sbtest7 WHERE id IN ( 6572684, 1487590, 7352614, 8881765, 1752709, 5171717, 8280851, 7791923, 5245844, 6703692)
	Index Scan using sbtest7_pkey on sbtest7  (cost=0.43..83.97 rows=10 width=121)
	  Index Cond: (id = ANY ('{6572684,1487590,7352614,8881765,1752709,5171717,8280851,7791923,5245844,6703692}'::integer[]))

table 8 : explain SELECT c FROM sbtest8 WHERE id IN ( 6572684, 1487590, 7352614, 8881765, 1752709, 5171717, 8280851, 7791923, 5245844, 6703692)
	Index Scan using sbtest8_pkey on sbtest8  (cost=0.43..83.83 rows=10 width=121)
	  Index Cond: (id = ANY ('{6572684,1487590,7352614,8881765,1752709,5171717,8280851,7791923,5245844,6703692}'::integer[]))

for select-inlist
table 1 : explain SELECT c FROM sbtest1 WHERE id IN ( 6631817, 5956002, 1702669, 9169650, 1714216, 9815893, 2790296, 5111861, 1996641, 4036803)
	Index Scan using sbtest1_pkey on sbtest1  (cost=0.43..84.11 rows=10 width=121)
	  Index Cond: (id = ANY ('{6631817,5956002,1702669,9169650,1714216,9815893,2790296,5111861,1996641,4036803}'::integer[]))

table 2 : explain SELECT c FROM sbtest2 WHERE id IN ( 6631817, 5956002, 1702669, 9169650, 1714216, 9815893, 2790296, 5111861, 1996641, 4036803)
	Index Scan using sbtest2_pkey on sbtest2  (cost=0.43..84.05 rows=10 width=121)
	  Index Cond: (id = ANY ('{6631817,5956002,1702669,9169650,1714216,9815893,2790296,5111861,1996641,4036803}'::integer[]))

table 3 : explain SELECT c FROM sbtest3 WHERE id IN ( 6631817, 5956002, 1702669, 9169650, 1714216, 9815893, 2790296, 5111861, 1996641, 4036803)
	Index Scan using sbtest3_pkey on sbtest3  (cost=0.43..83.98 rows=10 width=121)
	  Index Cond: (id = ANY ('{6631817,5956002,1702669,9169650,1714216,9815893,2790296,5111861,1996641,4036803}'::integer[]))

table 4 : explain SELECT c FROM sbtest4 WHERE id IN ( 6631817, 5956002, 1702669, 9169650, 1714216, 9815893, 2790296, 5111861, 1996641, 4036803)
	Index Scan using sbtest4_pkey on sbtest4  (cost=0.43..83.95 rows=10 width=121)
	  Index Cond: (id = ANY ('{6631817,5956002,1702669,9169650,1714216,9815893,2790296,5111861,1996641,4036803}'::integer[]))

table 5 : explain SELECT c FROM sbtest5 WHERE id IN ( 6631817, 5956002, 1702669, 9169650, 1714216, 9815893, 2790296, 5111861, 1996641, 4036803)
	Index Scan using sbtest5_pkey on sbtest5  (cost=0.43..83.99 rows=10 width=121)
	  Index Cond: (id = ANY ('{6631817,5956002,1702669,9169650,1714216,9815893,2790296,5111861,1996641,4036803}'::integer[]))

table 6 : explain SELECT c FROM sbtest6 WHERE id IN ( 6631817, 5956002, 1702669, 9169650, 1714216, 9815893, 2790296, 5111861, 1996641, 4036803)
	Index Scan using sbtest6_pkey on sbtest6  (cost=0.43..83.94 rows=10 width=121)
	  Index Cond: (id = ANY ('{6631817,5956002,1702669,9169650,1714216,9815893,2790296,5111861,1996641,4036803}'::integer[]))

table 7 : explain SELECT c FROM sbtest7 WHERE id IN ( 6631817, 5956002, 1702669, 9169650, 1714216, 9815893, 2790296, 5111861, 1996641, 4036803)
	Index Scan using sbtest7_pkey on sbtest7  (cost=0.43..83.97 rows=10 width=121)
	  Index Cond: (id = ANY ('{6631817,5956002,1702669,9169650,1714216,9815893,2790296,5111861,1996641,4036803}'::integer[]))

table 8 : explain SELECT c FROM sbtest8 WHERE id IN ( 6631817, 5956002, 1702669, 9169650, 1714216, 9815893, 2790296, 5111861, 1996641, 4036803)
	Index Scan using sbtest8_pkey on sbtest8  (cost=0.43..83.83 rows=10 width=121)
	  Index Cond: (id = ANY ('{6631817,5956002,1702669,9169650,1714216,9815893,2790296,5111861,1996641,4036803}'::integer[]))

explain: for select-inlist :: explain SELECT c FROM sbtest%d WHERE id IN ( 9847856, 6873603, 7167794, 814953, 2130826, 1147796, 930386, 1749539, 9393930, 1418069)
for select-inlist
table 1 : explain SELECT c FROM sbtest1 WHERE id IN ( 3580724, 2176142, 4449692, 8549506, 2221390, 2488738, 6600973, 192674, 3744867, 7939722)
	Index Scan using sbtest1_pkey on sbtest1  (cost=0.43..84.11 rows=10 width=121)
	  Index Cond: (id = ANY ('{3580724,2176142,4449692,8549506,2221390,2488738,6600973,192674,3744867,7939722}'::integer[]))

table 2 : explain SELECT c FROM sbtest2 WHERE id IN ( 3580724, 2176142, 4449692, 8549506, 2221390, 2488738, 6600973, 192674, 3744867, 7939722)
	Index Scan using sbtest2_pkey on sbtest2  (cost=0.43..84.05 rows=10 width=121)
	  Index Cond: (id = ANY ('{3580724,2176142,4449692,8549506,2221390,2488738,6600973,192674,3744867,7939722}'::integer[]))

table 3 : explain SELECT c FROM sbtest3 WHERE id IN ( 3580724, 2176142, 4449692, 8549506, 2221390, 2488738, 6600973, 192674, 3744867, 7939722)
	Index Scan using sbtest3_pkey on sbtest3  (cost=0.43..83.98 rows=10 width=121)
	  Index Cond: (id = ANY ('{3580724,2176142,4449692,8549506,2221390,2488738,6600973,192674,3744867,7939722}'::integer[]))

table 4 : explain SELECT c FROM sbtest4 WHERE id IN ( 3580724, 2176142, 4449692, 8549506, 2221390, 2488738, 6600973, 192674, 3744867, 7939722)
	Index Scan using sbtest4_pkey on sbtest4  (cost=0.43..83.95 rows=10 width=121)
	  Index Cond: (id = ANY ('{3580724,2176142,4449692,8549506,2221390,2488738,6600973,192674,3744867,7939722}'::integer[]))

table 5 : explain SELECT c FROM sbtest5 WHERE id IN ( 3580724, 2176142, 4449692, 8549506, 2221390, 2488738, 6600973, 192674, 3744867, 7939722)
	Index Scan using sbtest5_pkey on sbtest5  (cost=0.43..83.99 rows=10 width=121)
	  Index Cond: (id = ANY ('{3580724,2176142,4449692,8549506,2221390,2488738,6600973,192674,3744867,7939722}'::integer[]))

table 6 : explain SELECT c FROM sbtest6 WHERE id IN ( 3580724, 2176142, 4449692, 8549506, 2221390, 2488738, 6600973, 192674, 3744867, 7939722)
	Index Scan using sbtest6_pkey on sbtest6  (cost=0.43..83.94 rows=10 width=121)
	  Index Cond: (id = ANY ('{3580724,2176142,4449692,8549506,2221390,2488738,6600973,192674,3744867,7939722}'::integer[]))

table 7 : explain SELECT c FROM sbtest7 WHERE id IN ( 3580724, 2176142, 4449692, 8549506, 2221390, 2488738, 6600973, 192674, 3744867, 7939722)
	Index Scan using sbtest7_pkey on sbtest7  (cost=0.43..83.97 rows=10 width=121)
	  Index Cond: (id = ANY ('{3580724,2176142,4449692,8549506,2221390,2488738,6600973,192674,3744867,7939722}'::integer[]))

table 8 : explain SELECT c FROM sbtest8 WHERE id IN ( 3580724, 2176142, 4449692, 8549506, 2221390, 2488738, 6600973, 192674, 3744867, 7939722)
	Index Scan using sbtest8_pkey on sbtest8  (cost=0.43..83.83 rows=10 width=121)
	  Index Cond: (id = ANY ('{3580724,2176142,4449692,8549506,2221390,2488738,6600973,192674,3744867,7939722}'::integer[]))

explain: for select-inlist :: explain SELECT c FROM sbtest%d WHERE id IN ( 3547285, 4805792, 3682687, 6963707, 8741005, 9746399, 6571037, 4088093, 4135453, 7469851)
explain: for select-inlist :: explain SELECT c FROM sbtest%d WHERE id IN ( 1917070, 1076817, 2673233, 591110, 2497543, 8953495, 7435740, 5751805, 5993960, 4261101)
for select-inlist
table 1 : explain SELECT c FROM sbtest1 WHERE id IN ( 9847856, 6873603, 7167794, 814953, 2130826, 1147796, 930386, 1749539, 9393930, 1418069)
	Index Scan using sbtest1_pkey on sbtest1  (cost=0.43..84.11 rows=10 width=121)
	  Index Cond: (id = ANY ('{9847856,6873603,7167794,814953,2130826,1147796,930386,1749539,9393930,1418069}'::integer[]))

table 2 : explain SELECT c FROM sbtest2 WHERE id IN ( 9847856, 6873603, 7167794, 814953, 2130826, 1147796, 930386, 1749539, 9393930, 1418069)
	Index Scan using sbtest2_pkey on sbtest2  (cost=0.43..84.05 rows=10 width=121)
	  Index Cond: (id = ANY ('{9847856,6873603,7167794,814953,2130826,1147796,930386,1749539,9393930,1418069}'::integer[]))

table 3 : explain SELECT c FROM sbtest3 WHERE id IN ( 9847856, 6873603, 7167794, 814953, 2130826, 1147796, 930386, 1749539, 9393930, 1418069)
	Index Scan using sbtest3_pkey on sbtest3  (cost=0.43..83.98 rows=10 width=121)
	  Index Cond: (id = ANY ('{9847856,6873603,7167794,814953,2130826,1147796,930386,1749539,9393930,1418069}'::integer[]))

table 4 : explain SELECT c FROM sbtest4 WHERE id IN ( 9847856, 6873603, 7167794, 814953, 2130826, 1147796, 930386, 1749539, 9393930, 1418069)
	Index Scan using sbtest4_pkey on sbtest4  (cost=0.43..83.95 rows=10 width=121)
	  Index Cond: (id = ANY ('{9847856,6873603,7167794,814953,2130826,1147796,930386,1749539,9393930,1418069}'::integer[]))

table 5 : explain SELECT c FROM sbtest5 WHERE id IN ( 9847856, 6873603, 7167794, 814953, 2130826, 1147796, 930386, 1749539, 9393930, 1418069)
	Index Scan using sbtest5_pkey on sbtest5  (cost=0.43..83.99 rows=10 width=121)
	  Index Cond: (id = ANY ('{9847856,6873603,7167794,814953,2130826,1147796,930386,1749539,9393930,1418069}'::integer[]))

table 6 : explain SELECT c FROM sbtest6 WHERE id IN ( 9847856, 6873603, 7167794, 814953, 2130826, 1147796, 930386, 1749539, 9393930, 1418069)
	Index Scan using sbtest6_pkey on sbtest6  (cost=0.43..83.94 rows=10 width=121)
	  Index Cond: (id = ANY ('{9847856,6873603,7167794,814953,2130826,1147796,930386,1749539,9393930,1418069}'::integer[]))

table 7 : explain SELECT c FROM sbtest7 WHERE id IN ( 9847856, 6873603, 7167794, 814953, 2130826, 1147796, 930386, 1749539, 9393930, 1418069)
	Index Scan using sbtest7_pkey on sbtest7  (cost=0.43..83.97 rows=10 width=121)
	  Index Cond: (id = ANY ('{9847856,6873603,7167794,814953,2130826,1147796,930386,1749539,9393930,1418069}'::integer[]))

table 8 : explain SELECT c FROM sbtest8 WHERE id IN ( 9847856, 6873603, 7167794, 814953, 2130826, 1147796, 930386, 1749539, 9393930, 1418069)
	Index Scan using sbtest8_pkey on sbtest8  (cost=0.43..83.83 rows=10 width=121)
	  Index Cond: (id = ANY ('{9847856,6873603,7167794,814953,2130826,1147796,930386,1749539,9393930,1418069}'::integer[]))

explain: for select-inlist :: explain SELECT c FROM sbtest%d WHERE id IN ( 6536457, 6765787, 3249898, 999422, 1025651, 9124964, 7905650, 5754421, 3675091, 489536)
for select-inlist
table 1 : explain SELECT c FROM sbtest1 WHERE id IN ( 5411621, 5241654, 228592, 2105052, 8946656, 7339254, 4192735, 3011003, 6935692, 7625734)
	Index Scan using sbtest1_pkey on sbtest1  (cost=0.43..84.11 rows=10 width=121)
	  Index Cond: (id = ANY ('{5411621,5241654,228592,2105052,8946656,7339254,4192735,3011003,6935692,7625734}'::integer[]))

table 2 : explain SELECT c FROM sbtest2 WHERE id IN ( 5411621, 5241654, 228592, 2105052, 8946656, 7339254, 4192735, 3011003, 6935692, 7625734)
	Index Scan using sbtest2_pkey on sbtest2  (cost=0.43..84.05 rows=10 width=121)
	  Index Cond: (id = ANY ('{5411621,5241654,228592,2105052,8946656,7339254,4192735,3011003,6935692,7625734}'::integer[]))

table 3 : explain SELECT c FROM sbtest3 WHERE id IN ( 5411621, 5241654, 228592, 2105052, 8946656, 7339254, 4192735, 3011003, 6935692, 7625734)
	Index Scan using sbtest3_pkey on sbtest3  (cost=0.43..83.98 rows=10 width=121)
	  Index Cond: (id = ANY ('{5411621,5241654,228592,2105052,8946656,7339254,4192735,3011003,6935692,7625734}'::integer[]))

table 4 : explain SELECT c FROM sbtest4 WHERE id IN ( 5411621, 5241654, 228592, 2105052, 8946656, 7339254, 4192735, 3011003, 6935692, 7625734)
	Index Scan using sbtest4_pkey on sbtest4  (cost=0.43..83.95 rows=10 width=121)
	  Index Cond: (id = ANY ('{5411621,5241654,228592,2105052,8946656,7339254,4192735,3011003,6935692,7625734}'::integer[]))

table 5 : explain SELECT c FROM sbtest5 WHERE id IN ( 5411621, 5241654, 228592, 2105052, 8946656, 7339254, 4192735, 3011003, 6935692, 7625734)
	Index Scan using sbtest5_pkey on sbtest5  (cost=0.43..83.99 rows=10 width=121)
	  Index Cond: (id = ANY ('{5411621,5241654,228592,2105052,8946656,7339254,4192735,3011003,6935692,7625734}'::integer[]))

table 6 : explain SELECT c FROM sbtest6 WHERE id IN ( 5411621, 5241654, 228592, 2105052, 8946656, 7339254, 4192735, 3011003, 6935692, 7625734)
	Index Scan using sbtest6_pkey on sbtest6  (cost=0.43..83.94 rows=10 width=121)
	  Index Cond: (id = ANY ('{5411621,5241654,228592,2105052,8946656,7339254,4192735,3011003,6935692,7625734}'::integer[]))

table 7 : explain SELECT c FROM sbtest7 WHERE id IN ( 5411621, 5241654, 228592, 2105052, 8946656, 7339254, 4192735, 3011003, 6935692, 7625734)
	Index Scan using sbtest7_pkey on sbtest7  (cost=0.43..83.97 rows=10 width=121)
	  Index Cond: (id = ANY ('{5411621,5241654,228592,2105052,8946656,7339254,4192735,3011003,6935692,7625734}'::integer[]))

table 8 : explain SELECT c FROM sbtest8 WHERE id IN ( 5411621, 5241654, 228592, 2105052, 8946656, 7339254, 4192735, 3011003, 6935692, 7625734)
	Index Scan using sbtest8_pkey on sbtest8  (cost=0.43..83.83 rows=10 width=121)
	  Index Cond: (id = ANY ('{5411621,5241654,228592,2105052,8946656,7339254,4192735,3011003,6935692,7625734}'::integer[]))

explain: for select-inlist :: explain SELECT c FROM sbtest%d WHERE id IN ( 9373150, 4867105, 5770377, 9460964, 4026551, 3917242, 6088768, 7940939, 7566339, 5546686)
explain: for select-inlist :: explain SELECT c FROM sbtest%d WHERE id IN ( 3944914, 3619583, 2897953, 9533082, 321238, 5169282, 4041094, 4479305, 247918, 7535999)
explain: for select-inlist :: explain SELECT c FROM sbtest%d WHERE id IN ( 4519537, 6607970, 1017117, 888051, 6855125, 4364083, 3386766, 52146, 3677372, 3981934)
explain: for select-inlist :: explain SELECT c FROM sbtest%d WHERE id IN ( 9870659, 2407116, 2898998, 3228633, 4269139, 7289981, 6678186, 7102221, 9277506, 958713)
explain: for select-inlist :: explain SELECT c FROM sbtest%d WHERE id IN ( 9186663, 6181322, 279730, 3181782, 5710812, 5803987, 2548051, 8218830, 6971851, 8900785)
for select-inlist
table 1 : explain SELECT c FROM sbtest1 WHERE id IN ( 9373150, 4867105, 5770377, 9460964, 4026551, 3917242, 6088768, 7940939, 7566339, 5546686)
	Index Scan using sbtest1_pkey on sbtest1  (cost=0.43..84.11 rows=10 width=121)
	  Index Cond: (id = ANY ('{9373150,4867105,5770377,9460964,4026551,3917242,6088768,7940939,7566339,5546686}'::integer[]))

table 2 : explain SELECT c FROM sbtest2 WHERE id IN ( 9373150, 4867105, 5770377, 9460964, 4026551, 3917242, 6088768, 7940939, 7566339, 5546686)
	Index Scan using sbtest2_pkey on sbtest2  (cost=0.43..84.05 rows=10 width=121)
	  Index Cond: (id = ANY ('{9373150,4867105,5770377,9460964,4026551,3917242,6088768,7940939,7566339,5546686}'::integer[]))

table 3 : explain SELECT c FROM sbtest3 WHERE id IN ( 9373150, 4867105, 5770377, 9460964, 4026551, 3917242, 6088768, 7940939, 7566339, 5546686)
	Index Scan using sbtest3_pkey on sbtest3  (cost=0.43..83.98 rows=10 width=121)
	  Index Cond: (id = ANY ('{9373150,4867105,5770377,9460964,4026551,3917242,6088768,7940939,7566339,5546686}'::integer[]))

table 4 : explain SELECT c FROM sbtest4 WHERE id IN ( 9373150, 4867105, 5770377, 9460964, 4026551, 3917242, 6088768, 7940939, 7566339, 5546686)
	Index Scan using sbtest4_pkey on sbtest4  (cost=0.43..83.95 rows=10 width=121)
	  Index Cond: (id = ANY ('{9373150,4867105,5770377,9460964,4026551,3917242,6088768,7940939,7566339,5546686}'::integer[]))

table 5 : explain SELECT c FROM sbtest5 WHERE id IN ( 9373150, 4867105, 5770377, 9460964, 4026551, 3917242, 6088768, 7940939, 7566339, 5546686)
	Index Scan using sbtest5_pkey on sbtest5  (cost=0.43..83.99 rows=10 width=121)
	  Index Cond: (id = ANY ('{9373150,4867105,5770377,9460964,4026551,3917242,6088768,7940939,7566339,5546686}'::integer[]))

table 6 : explain SELECT c FROM sbtest6 WHERE id IN ( 9373150, 4867105, 5770377, 9460964, 4026551, 3917242, 6088768, 7940939, 7566339, 5546686)
	Index Scan using sbtest6_pkey on sbtest6  (cost=0.43..83.94 rows=10 width=121)
	  Index Cond: (id = ANY ('{9373150,4867105,5770377,9460964,4026551,3917242,6088768,7940939,7566339,5546686}'::integer[]))

table 7 : explain SELECT c FROM sbtest7 WHERE id IN ( 9373150, 4867105, 5770377, 9460964, 4026551, 3917242, 6088768, 7940939, 7566339, 5546686)
	Index Scan using sbtest7_pkey on sbtest7  (cost=0.43..83.97 rows=10 width=121)
	  Index Cond: (id = ANY ('{9373150,4867105,5770377,9460964,4026551,3917242,6088768,7940939,7566339,5546686}'::integer[]))

table 8 : explain SELECT c FROM sbtest8 WHERE id IN ( 9373150, 4867105, 5770377, 9460964, 4026551, 3917242, 6088768, 7940939, 7566339, 5546686)
	Index Scan using sbtest8_pkey on sbtest8  (cost=0.43..83.83 rows=10 width=121)
	  Index Cond: (id = ANY ('{9373150,4867105,5770377,9460964,4026551,3917242,6088768,7940939,7566339,5546686}'::integer[]))

explain: for select-inlist :: explain SELECT c FROM sbtest%d WHERE id IN ( 3770263, 294663, 7979216, 5485046, 7976954, 1991934, 5426394, 8941499, 1179737, 3260116)
for select-inlist
table 1 : explain SELECT c FROM sbtest1 WHERE id IN ( 3944914, 3619583, 2897953, 9533082, 321238, 5169282, 4041094, 4479305, 247918, 7535999)
	Index Scan using sbtest1_pkey on sbtest1  (cost=0.43..84.11 rows=10 width=121)
	  Index Cond: (id = ANY ('{3944914,3619583,2897953,9533082,321238,5169282,4041094,4479305,247918,7535999}'::integer[]))

table 2 : explain SELECT c FROM sbtest2 WHERE id IN ( 3944914, 3619583, 2897953, 9533082, 321238, 5169282, 4041094, 4479305, 247918, 7535999)
	Index Scan using sbtest2_pkey on sbtest2  (cost=0.43..84.05 rows=10 width=121)
	  Index Cond: (id = ANY ('{3944914,3619583,2897953,9533082,321238,5169282,4041094,4479305,247918,7535999}'::integer[]))

table 3 : explain SELECT c FROM sbtest3 WHERE id IN ( 3944914, 3619583, 2897953, 9533082, 321238, 5169282, 4041094, 4479305, 247918, 7535999)
	Index Scan using sbtest3_pkey on sbtest3  (cost=0.43..83.98 rows=10 width=121)
	  Index Cond: (id = ANY ('{3944914,3619583,2897953,9533082,321238,5169282,4041094,4479305,247918,7535999}'::integer[]))

table 4 : explain SELECT c FROM sbtest4 WHERE id IN ( 3944914, 3619583, 2897953, 9533082, 321238, 5169282, 4041094, 4479305, 247918, 7535999)
	Index Scan using sbtest4_pkey on sbtest4  (cost=0.43..83.95 rows=10 width=121)
	  Index Cond: (id = ANY ('{3944914,3619583,2897953,9533082,321238,5169282,4041094,4479305,247918,7535999}'::integer[]))

table 5 : explain SELECT c FROM sbtest5 WHERE id IN ( 3944914, 3619583, 2897953, 9533082, 321238, 5169282, 4041094, 4479305, 247918, 7535999)
	Index Scan using sbtest5_pkey on sbtest5  (cost=0.43..83.99 rows=10 width=121)
	  Index Cond: (id = ANY ('{3944914,3619583,2897953,9533082,321238,5169282,4041094,4479305,247918,7535999}'::integer[]))

table 6 : explain SELECT c FROM sbtest6 WHERE id IN ( 3944914, 3619583, 2897953, 9533082, 321238, 5169282, 4041094, 4479305, 247918, 7535999)
	Index Scan using sbtest6_pkey on sbtest6  (cost=0.43..83.94 rows=10 width=121)
	  Index Cond: (id = ANY ('{3944914,3619583,2897953,9533082,321238,5169282,4041094,4479305,247918,7535999}'::integer[]))

table 7 : explain SELECT c FROM sbtest7 WHERE id IN ( 3944914, 3619583, 2897953, 9533082, 321238, 5169282, 4041094, 4479305, 247918, 7535999)
	Index Scan using sbtest7_pkey on sbtest7  (cost=0.43..83.97 rows=10 width=121)
	  Index Cond: (id = ANY ('{3944914,3619583,2897953,9533082,321238,5169282,4041094,4479305,247918,7535999}'::integer[]))

table 8 : explain SELECT c FROM sbtest8 WHERE id IN ( 3944914, 3619583, 2897953, 9533082, 321238, 5169282, 4041094, 4479305, 247918, 7535999)
	Index Scan using sbtest8_pkey on sbtest8  (cost=0.43..83.83 rows=10 width=121)
	  Index Cond: (id = ANY ('{3944914,3619583,2897953,9533082,321238,5169282,4041094,4479305,247918,7535999}'::integer[]))

explain: for select-inlist :: explain SELECT c FROM sbtest%d WHERE id IN ( 2971921, 3302700, 7818292, 6902926, 9473878, 1751578, 7685906, 1893968, 9677737, 5188005)
for select-inlist
table 1 : explain SELECT c FROM sbtest1 WHERE id IN ( 1917070, 1076817, 2673233, 591110, 2497543, 8953495, 7435740, 5751805, 5993960, 4261101)
	Index Scan using sbtest1_pkey on sbtest1  (cost=0.43..84.11 rows=10 width=121)
	  Index Cond: (id = ANY ('{1917070,1076817,2673233,591110,2497543,8953495,7435740,5751805,5993960,4261101}'::integer[]))

table 2 : explain SELECT c FROM sbtest2 WHERE id IN ( 1917070, 1076817, 2673233, 591110, 2497543, 8953495, 7435740, 5751805, 5993960, 4261101)
	Index Scan using sbtest2_pkey on sbtest2  (cost=0.43..84.05 rows=10 width=121)
	  Index Cond: (id = ANY ('{1917070,1076817,2673233,591110,2497543,8953495,7435740,5751805,5993960,4261101}'::integer[]))

table 3 : explain SELECT c FROM sbtest3 WHERE id IN ( 1917070, 1076817, 2673233, 591110, 2497543, 8953495, 7435740, 5751805, 5993960, 4261101)
	Index Scan using sbtest3_pkey on sbtest3  (cost=0.43..83.98 rows=10 width=121)
	  Index Cond: (id = ANY ('{1917070,1076817,2673233,591110,2497543,8953495,7435740,5751805,5993960,4261101}'::integer[]))

table 4 : explain SELECT c FROM sbtest4 WHERE id IN ( 1917070, 1076817, 2673233, 591110, 2497543, 8953495, 7435740, 5751805, 5993960, 4261101)
	Index Scan using sbtest4_pkey on sbtest4  (cost=0.43..83.95 rows=10 width=121)
	  Index Cond: (id = ANY ('{1917070,1076817,2673233,591110,2497543,8953495,7435740,5751805,5993960,4261101}'::integer[]))

table 5 : explain SELECT c FROM sbtest5 WHERE id IN ( 1917070, 1076817, 2673233, 591110, 2497543, 8953495, 7435740, 5751805, 5993960, 4261101)
	Index Scan using sbtest5_pkey on sbtest5  (cost=0.43..83.99 rows=10 width=121)
	  Index Cond: (id = ANY ('{1917070,1076817,2673233,591110,2497543,8953495,7435740,5751805,5993960,4261101}'::integer[]))

table 6 : explain SELECT c FROM sbtest6 WHERE id IN ( 1917070, 1076817, 2673233, 591110, 2497543, 8953495, 7435740, 5751805, 5993960, 4261101)
	Index Scan using sbtest6_pkey on sbtest6  (cost=0.43..83.94 rows=10 width=121)
	  Index Cond: (id = ANY ('{1917070,1076817,2673233,591110,2497543,8953495,7435740,5751805,5993960,4261101}'::integer[]))

table 7 : explain SELECT c FROM sbtest7 WHERE id IN ( 1917070, 1076817, 2673233, 591110, 2497543, 8953495, 7435740, 5751805, 5993960, 4261101)
	Index Scan using sbtest7_pkey on sbtest7  (cost=0.43..83.97 rows=10 width=121)
	  Index Cond: (id = ANY ('{1917070,1076817,2673233,591110,2497543,8953495,7435740,5751805,5993960,4261101}'::integer[]))

table 8 : explain SELECT c FROM sbtest8 WHERE id IN ( 1917070, 1076817, 2673233, 591110, 2497543, 8953495, 7435740, 5751805, 5993960, 4261101)
	Index Scan using sbtest8_pkey on sbtest8  (cost=0.43..83.83 rows=10 width=121)
	  Index Cond: (id = ANY ('{1917070,1076817,2673233,591110,2497543,8953495,7435740,5751805,5993960,4261101}'::integer[]))

for select-inlist
table 1 : explain SELECT c FROM sbtest1 WHERE id IN ( 3547285, 4805792, 3682687, 6963707, 8741005, 9746399, 6571037, 4088093, 4135453, 7469851)
	Index Scan using sbtest1_pkey on sbtest1  (cost=0.43..84.11 rows=10 width=121)
	  Index Cond: (id = ANY ('{3547285,4805792,3682687,6963707,8741005,9746399,6571037,4088093,4135453,7469851}'::integer[]))

table 2 : explain SELECT c FROM sbtest2 WHERE id IN ( 3547285, 4805792, 3682687, 6963707, 8741005, 9746399, 6571037, 4088093, 4135453, 7469851)
	Index Scan using sbtest2_pkey on sbtest2  (cost=0.43..84.05 rows=10 width=121)
	  Index Cond: (id = ANY ('{3547285,4805792,3682687,6963707,8741005,9746399,6571037,4088093,4135453,7469851}'::integer[]))

table 3 : explain SELECT c FROM sbtest3 WHERE id IN ( 3547285, 4805792, 3682687, 6963707, 8741005, 9746399, 6571037, 4088093, 4135453, 7469851)
	Index Scan using sbtest3_pkey on sbtest3  (cost=0.43..83.98 rows=10 width=121)
	  Index Cond: (id = ANY ('{3547285,4805792,3682687,6963707,8741005,9746399,6571037,4088093,4135453,7469851}'::integer[]))

table 4 : explain SELECT c FROM sbtest4 WHERE id IN ( 3547285, 4805792, 3682687, 6963707, 8741005, 9746399, 6571037, 4088093, 4135453, 7469851)
	Index Scan using sbtest4_pkey on sbtest4  (cost=0.43..83.95 rows=10 width=121)
	  Index Cond: (id = ANY ('{3547285,4805792,3682687,6963707,8741005,9746399,6571037,4088093,4135453,7469851}'::integer[]))

table 5 : explain SELECT c FROM sbtest5 WHERE id IN ( 3547285, 4805792, 3682687, 6963707, 8741005, 9746399, 6571037, 4088093, 4135453, 7469851)
	Index Scan using sbtest5_pkey on sbtest5  (cost=0.43..83.99 rows=10 width=121)
	  Index Cond: (id = ANY ('{3547285,4805792,3682687,6963707,8741005,9746399,6571037,4088093,4135453,7469851}'::integer[]))

table 6 : explain SELECT c FROM sbtest6 WHERE id IN ( 3547285, 4805792, 3682687, 6963707, 8741005, 9746399, 6571037, 4088093, 4135453, 7469851)
	Index Scan using sbtest6_pkey on sbtest6  (cost=0.43..83.94 rows=10 width=121)
	  Index Cond: (id = ANY ('{3547285,4805792,3682687,6963707,8741005,9746399,6571037,4088093,4135453,7469851}'::integer[]))

table 7 : explain SELECT c FROM sbtest7 WHERE id IN ( 3547285, 4805792, 3682687, 6963707, 8741005, 9746399, 6571037, 4088093, 4135453, 7469851)
	Index Scan using sbtest7_pkey on sbtest7  (cost=0.43..83.97 rows=10 width=121)
	  Index Cond: (id = ANY ('{3547285,4805792,3682687,6963707,8741005,9746399,6571037,4088093,4135453,7469851}'::integer[]))

table 8 : explain SELECT c FROM sbtest8 WHERE id IN ( 3547285, 4805792, 3682687, 6963707, 8741005, 9746399, 6571037, 4088093, 4135453, 7469851)
	Index Scan using sbtest8_pkey on sbtest8  (cost=0.43..83.83 rows=10 width=121)
	  Index Cond: (id = ANY ('{3547285,4805792,3682687,6963707,8741005,9746399,6571037,4088093,4135453,7469851}'::integer[]))

for select-inlist
table 1 : explain SELECT c FROM sbtest1 WHERE id IN ( 9870659, 2407116, 2898998, 3228633, 4269139, 7289981, 6678186, 7102221, 9277506, 958713)
	Index Scan using sbtest1_pkey on sbtest1  (cost=0.43..84.11 rows=10 width=121)
	  Index Cond: (id = ANY ('{9870659,2407116,2898998,3228633,4269139,7289981,6678186,7102221,9277506,958713}'::integer[]))

table 2 : explain SELECT c FROM sbtest2 WHERE id IN ( 9870659, 2407116, 2898998, 3228633, 4269139, 7289981, 6678186, 7102221, 9277506, 958713)
	Index Scan using sbtest2_pkey on sbtest2  (cost=0.43..84.05 rows=10 width=121)
	  Index Cond: (id = ANY ('{9870659,2407116,2898998,3228633,4269139,7289981,6678186,7102221,9277506,958713}'::integer[]))

table 3 : explain SELECT c FROM sbtest3 WHERE id IN ( 9870659, 2407116, 2898998, 3228633, 4269139, 7289981, 6678186, 7102221, 9277506, 958713)
	Index Scan using sbtest3_pkey on sbtest3  (cost=0.43..83.98 rows=10 width=121)
	  Index Cond: (id = ANY ('{9870659,2407116,2898998,3228633,4269139,7289981,6678186,7102221,9277506,958713}'::integer[]))

table 4 : explain SELECT c FROM sbtest4 WHERE id IN ( 9870659, 2407116, 2898998, 3228633, 4269139, 7289981, 6678186, 7102221, 9277506, 958713)
	Index Scan using sbtest4_pkey on sbtest4  (cost=0.43..83.95 rows=10 width=121)
	  Index Cond: (id = ANY ('{9870659,2407116,2898998,3228633,4269139,7289981,6678186,7102221,9277506,958713}'::integer[]))

table 5 : explain SELECT c FROM sbtest5 WHERE id IN ( 9870659, 2407116, 2898998, 3228633, 4269139, 7289981, 6678186, 7102221, 9277506, 958713)
	Index Scan using sbtest5_pkey on sbtest5  (cost=0.43..83.99 rows=10 width=121)
	  Index Cond: (id = ANY ('{9870659,2407116,2898998,3228633,4269139,7289981,6678186,7102221,9277506,958713}'::integer[]))

table 6 : explain SELECT c FROM sbtest6 WHERE id IN ( 9870659, 2407116, 2898998, 3228633, 4269139, 7289981, 6678186, 7102221, 9277506, 958713)
	Index Scan using sbtest6_pkey on sbtest6  (cost=0.43..83.94 rows=10 width=121)
	  Index Cond: (id = ANY ('{9870659,2407116,2898998,3228633,4269139,7289981,6678186,7102221,9277506,958713}'::integer[]))

table 7 : explain SELECT c FROM sbtest7 WHERE id IN ( 9870659, 2407116, 2898998, 3228633, 4269139, 7289981, 6678186, 7102221, 9277506, 958713)
	Index Scan using sbtest7_pkey on sbtest7  (cost=0.43..83.97 rows=10 width=121)
	  Index Cond: (id = ANY ('{9870659,2407116,2898998,3228633,4269139,7289981,6678186,7102221,9277506,958713}'::integer[]))

table 8 : explain SELECT c FROM sbtest8 WHERE id IN ( 9870659, 2407116, 2898998, 3228633, 4269139, 7289981, 6678186, 7102221, 9277506, 958713)
	Index Scan using sbtest8_pkey on sbtest8  (cost=0.43..83.83 rows=10 width=121)
	  Index Cond: (id = ANY ('{9870659,2407116,2898998,3228633,4269139,7289981,6678186,7102221,9277506,958713}'::integer[]))

explain: for select-inlist :: explain SELECT c FROM sbtest%d WHERE id IN ( 4323198, 6622144, 4693398, 7868729, 5185672, 5620476, 1613012, 4866535, 1002297, 1259559)
explain: for select-inlist :: explain SELECT c FROM sbtest%d WHERE id IN ( 6371571, 4400018, 2043569, 1141144, 9445701, 2276252, 8087698, 2309148, 402797, 9505884)
for select-inlist
table 1 : explain SELECT c FROM sbtest1 WHERE id IN ( 4519537, 6607970, 1017117, 888051, 6855125, 4364083, 3386766, 52146, 3677372, 3981934)
	Index Scan using sbtest1_pkey on sbtest1  (cost=0.43..84.11 rows=10 width=121)
	  Index Cond: (id = ANY ('{4519537,6607970,1017117,888051,6855125,4364083,3386766,52146,3677372,3981934}'::integer[]))

table 2 : explain SELECT c FROM sbtest2 WHERE id IN ( 4519537, 6607970, 1017117, 888051, 6855125, 4364083, 3386766, 52146, 3677372, 3981934)
	Index Scan using sbtest2_pkey on sbtest2  (cost=0.43..84.05 rows=10 width=121)
	  Index Cond: (id = ANY ('{4519537,6607970,1017117,888051,6855125,4364083,3386766,52146,3677372,3981934}'::integer[]))

table 3 : explain SELECT c FROM sbtest3 WHERE id IN ( 4519537, 6607970, 1017117, 888051, 6855125, 4364083, 3386766, 52146, 3677372, 3981934)
	Index Scan using sbtest3_pkey on sbtest3  (cost=0.43..83.98 rows=10 width=121)
	  Index Cond: (id = ANY ('{4519537,6607970,1017117,888051,6855125,4364083,3386766,52146,3677372,3981934}'::integer[]))

table 4 : explain SELECT c FROM sbtest4 WHERE id IN ( 4519537, 6607970, 1017117, 888051, 6855125, 4364083, 3386766, 52146, 3677372, 3981934)
	Index Scan using sbtest4_pkey on sbtest4  (cost=0.43..83.95 rows=10 width=121)
	  Index Cond: (id = ANY ('{4519537,6607970,1017117,888051,6855125,4364083,3386766,52146,3677372,3981934}'::integer[]))

table 5 : explain SELECT c FROM sbtest5 WHERE id IN ( 4519537, 6607970, 1017117, 888051, 6855125, 4364083, 3386766, 52146, 3677372, 3981934)
	Index Scan using sbtest5_pkey on sbtest5  (cost=0.43..83.99 rows=10 width=121)
	  Index Cond: (id = ANY ('{4519537,6607970,1017117,888051,6855125,4364083,3386766,52146,3677372,3981934}'::integer[]))

table 6 : explain SELECT c FROM sbtest6 WHERE id IN ( 4519537, 6607970, 1017117, 888051, 6855125, 4364083, 3386766, 52146, 3677372, 3981934)
	Index Scan using sbtest6_pkey on sbtest6  (cost=0.43..83.94 rows=10 width=121)
	  Index Cond: (id = ANY ('{4519537,6607970,1017117,888051,6855125,4364083,3386766,52146,3677372,3981934}'::integer[]))

table 7 : explain SELECT c FROM sbtest7 WHERE id IN ( 4519537, 6607970, 1017117, 888051, 6855125, 4364083, 3386766, 52146, 3677372, 3981934)
	Index Scan using sbtest7_pkey on sbtest7  (cost=0.43..83.97 rows=10 width=121)
	  Index Cond: (id = ANY ('{4519537,6607970,1017117,888051,6855125,4364083,3386766,52146,3677372,3981934}'::integer[]))

table 8 : explain SELECT c FROM sbtest8 WHERE id IN ( 4519537, 6607970, 1017117, 888051, 6855125, 4364083, 3386766, 52146, 3677372, 3981934)
	Index Scan using sbtest8_pkey on sbtest8  (cost=0.43..83.83 rows=10 width=121)
	  Index Cond: (id = ANY ('{4519537,6607970,1017117,888051,6855125,4364083,3386766,52146,3677372,3981934}'::integer[]))

for select-inlist
table 1 : explain SELECT c FROM sbtest1 WHERE id IN ( 6536457, 6765787, 3249898, 999422, 1025651, 9124964, 7905650, 5754421, 3675091, 489536)
	Index Scan using sbtest1_pkey on sbtest1  (cost=0.43..84.11 rows=10 width=121)
	  Index Cond: (id = ANY ('{6536457,6765787,3249898,999422,1025651,9124964,7905650,5754421,3675091,489536}'::integer[]))

table 2 : explain SELECT c FROM sbtest2 WHERE id IN ( 6536457, 6765787, 3249898, 999422, 1025651, 9124964, 7905650, 5754421, 3675091, 489536)
	Index Scan using sbtest2_pkey on sbtest2  (cost=0.43..84.05 rows=10 width=121)
	  Index Cond: (id = ANY ('{6536457,6765787,3249898,999422,1025651,9124964,7905650,5754421,3675091,489536}'::integer[]))

table 3 : explain SELECT c FROM sbtest3 WHERE id IN ( 6536457, 6765787, 3249898, 999422, 1025651, 9124964, 7905650, 5754421, 3675091, 489536)
	Index Scan using sbtest3_pkey on sbtest3  (cost=0.43..83.98 rows=10 width=121)
	  Index Cond: (id = ANY ('{6536457,6765787,3249898,999422,1025651,9124964,7905650,5754421,3675091,489536}'::integer[]))

table 4 : explain SELECT c FROM sbtest4 WHERE id IN ( 6536457, 6765787, 3249898, 999422, 1025651, 9124964, 7905650, 5754421, 3675091, 489536)
	Index Scan using sbtest4_pkey on sbtest4  (cost=0.43..83.95 rows=10 width=121)
	  Index Cond: (id = ANY ('{6536457,6765787,3249898,999422,1025651,9124964,7905650,5754421,3675091,489536}'::integer[]))

table 5 : explain SELECT c FROM sbtest5 WHERE id IN ( 6536457, 6765787, 3249898, 999422, 1025651, 9124964, 7905650, 5754421, 3675091, 489536)
	Index Scan using sbtest5_pkey on sbtest5  (cost=0.43..83.99 rows=10 width=121)
	  Index Cond: (id = ANY ('{6536457,6765787,3249898,999422,1025651,9124964,7905650,5754421,3675091,489536}'::integer[]))

table 6 : explain SELECT c FROM sbtest6 WHERE id IN ( 6536457, 6765787, 3249898, 999422, 1025651, 9124964, 7905650, 5754421, 3675091, 489536)
	Index Scan using sbtest6_pkey on sbtest6  (cost=0.43..83.94 rows=10 width=121)
	  Index Cond: (id = ANY ('{6536457,6765787,3249898,999422,1025651,9124964,7905650,5754421,3675091,489536}'::integer[]))

table 7 : explain SELECT c FROM sbtest7 WHERE id IN ( 6536457, 6765787, 3249898, 999422, 1025651, 9124964, 7905650, 5754421, 3675091, 489536)
	Index Scan using sbtest7_pkey on sbtest7  (cost=0.43..83.97 rows=10 width=121)
	  Index Cond: (id = ANY ('{6536457,6765787,3249898,999422,1025651,9124964,7905650,5754421,3675091,489536}'::integer[]))

table 8 : explain SELECT c FROM sbtest8 WHERE id IN ( 6536457, 6765787, 3249898, 999422, 1025651, 9124964, 7905650, 5754421, 3675091, 489536)
	Index Scan using sbtest8_pkey on sbtest8  (cost=0.43..83.83 rows=10 width=121)
	  Index Cond: (id = ANY ('{6536457,6765787,3249898,999422,1025651,9124964,7905650,5754421,3675091,489536}'::integer[]))

for select-inlist
table 1 : explain SELECT c FROM sbtest1 WHERE id IN ( 3770263, 294663, 7979216, 5485046, 7976954, 1991934, 5426394, 8941499, 1179737, 3260116)
	Index Scan using sbtest1_pkey on sbtest1  (cost=0.43..84.11 rows=10 width=121)
	  Index Cond: (id = ANY ('{3770263,294663,7979216,5485046,7976954,1991934,5426394,8941499,1179737,3260116}'::integer[]))

table 2 : explain SELECT c FROM sbtest2 WHERE id IN ( 3770263, 294663, 7979216, 5485046, 7976954, 1991934, 5426394, 8941499, 1179737, 3260116)
	Index Scan using sbtest2_pkey on sbtest2  (cost=0.43..84.05 rows=10 width=121)
	  Index Cond: (id = ANY ('{3770263,294663,7979216,5485046,7976954,1991934,5426394,8941499,1179737,3260116}'::integer[]))

table 3 : explain SELECT c FROM sbtest3 WHERE id IN ( 3770263, 294663, 7979216, 5485046, 7976954, 1991934, 5426394, 8941499, 1179737, 3260116)
	Index Scan using sbtest3_pkey on sbtest3  (cost=0.43..83.98 rows=10 width=121)
	  Index Cond: (id = ANY ('{3770263,294663,7979216,5485046,7976954,1991934,5426394,8941499,1179737,3260116}'::integer[]))

table 4 : explain SELECT c FROM sbtest4 WHERE id IN ( 3770263, 294663, 7979216, 5485046, 7976954, 1991934, 5426394, 8941499, 1179737, 3260116)
	Index Scan using sbtest4_pkey on sbtest4  (cost=0.43..83.95 rows=10 width=121)
	  Index Cond: (id = ANY ('{3770263,294663,7979216,5485046,7976954,1991934,5426394,8941499,1179737,3260116}'::integer[]))

table 5 : explain SELECT c FROM sbtest5 WHERE id IN ( 3770263, 294663, 7979216, 5485046, 7976954, 1991934, 5426394, 8941499, 1179737, 3260116)
	Index Scan using sbtest5_pkey on sbtest5  (cost=0.43..83.99 rows=10 width=121)
	  Index Cond: (id = ANY ('{3770263,294663,7979216,5485046,7976954,1991934,5426394,8941499,1179737,3260116}'::integer[]))

table 6 : explain SELECT c FROM sbtest6 WHERE id IN ( 3770263, 294663, 7979216, 5485046, 7976954, 1991934, 5426394, 8941499, 1179737, 3260116)
	Index Scan using sbtest6_pkey on sbtest6  (cost=0.43..83.94 rows=10 width=121)
	  Index Cond: (id = ANY ('{3770263,294663,7979216,5485046,7976954,1991934,5426394,8941499,1179737,3260116}'::integer[]))

table 7 : explain SELECT c FROM sbtest7 WHERE id IN ( 3770263, 294663, 7979216, 5485046, 7976954, 1991934, 5426394, 8941499, 1179737, 3260116)
	Index Scan using sbtest7_pkey on sbtest7  (cost=0.43..83.97 rows=10 width=121)
	  Index Cond: (id = ANY ('{3770263,294663,7979216,5485046,7976954,1991934,5426394,8941499,1179737,3260116}'::integer[]))

table 8 : explain SELECT c FROM sbtest8 WHERE id IN ( 3770263, 294663, 7979216, 5485046, 7976954, 1991934, 5426394, 8941499, 1179737, 3260116)
	Index Scan using sbtest8_pkey on sbtest8  (cost=0.43..83.83 rows=10 width=121)
	  Index Cond: (id = ANY ('{3770263,294663,7979216,5485046,7976954,1991934,5426394,8941499,1179737,3260116}'::integer[]))

for select-inlist
table 1 : explain SELECT c FROM sbtest1 WHERE id IN ( 2971921, 3302700, 7818292, 6902926, 9473878, 1751578, 7685906, 1893968, 9677737, 5188005)
	Index Scan using sbtest1_pkey on sbtest1  (cost=0.43..84.11 rows=10 width=121)
	  Index Cond: (id = ANY ('{2971921,3302700,7818292,6902926,9473878,1751578,7685906,1893968,9677737,5188005}'::integer[]))

table 2 : explain SELECT c FROM sbtest2 WHERE id IN ( 2971921, 3302700, 7818292, 6902926, 9473878, 1751578, 7685906, 1893968, 9677737, 5188005)
	Index Scan using sbtest2_pkey on sbtest2  (cost=0.43..84.05 rows=10 width=121)
	  Index Cond: (id = ANY ('{2971921,3302700,7818292,6902926,9473878,1751578,7685906,1893968,9677737,5188005}'::integer[]))

table 3 : explain SELECT c FROM sbtest3 WHERE id IN ( 2971921, 3302700, 7818292, 6902926, 9473878, 1751578, 7685906, 1893968, 9677737, 5188005)
	Index Scan using sbtest3_pkey on sbtest3  (cost=0.43..83.98 rows=10 width=121)
	  Index Cond: (id = ANY ('{2971921,3302700,7818292,6902926,9473878,1751578,7685906,1893968,9677737,5188005}'::integer[]))

table 4 : explain SELECT c FROM sbtest4 WHERE id IN ( 2971921, 3302700, 7818292, 6902926, 9473878, 1751578, 7685906, 1893968, 9677737, 5188005)
	Index Scan using sbtest4_pkey on sbtest4  (cost=0.43..83.95 rows=10 width=121)
	  Index Cond: (id = ANY ('{2971921,3302700,7818292,6902926,9473878,1751578,7685906,1893968,9677737,5188005}'::integer[]))

table 5 : explain SELECT c FROM sbtest5 WHERE id IN ( 2971921, 3302700, 7818292, 6902926, 9473878, 1751578, 7685906, 1893968, 9677737, 5188005)
	Index Scan using sbtest5_pkey on sbtest5  (cost=0.43..83.99 rows=10 width=121)
	  Index Cond: (id = ANY ('{2971921,3302700,7818292,6902926,9473878,1751578,7685906,1893968,9677737,5188005}'::integer[]))

table 6 : explain SELECT c FROM sbtest6 WHERE id IN ( 2971921, 3302700, 7818292, 6902926, 9473878, 1751578, 7685906, 1893968, 9677737, 5188005)
	Index Scan using sbtest6_pkey on sbtest6  (cost=0.43..83.94 rows=10 width=121)
	  Index Cond: (id = ANY ('{2971921,3302700,7818292,6902926,9473878,1751578,7685906,1893968,9677737,5188005}'::integer[]))

table 7 : explain SELECT c FROM sbtest7 WHERE id IN ( 2971921, 3302700, 7818292, 6902926, 9473878, 1751578, 7685906, 1893968, 9677737, 5188005)
	Index Scan using sbtest7_pkey on sbtest7  (cost=0.43..83.97 rows=10 width=121)
	  Index Cond: (id = ANY ('{2971921,3302700,7818292,6902926,9473878,1751578,7685906,1893968,9677737,5188005}'::integer[]))

table 8 : explain SELECT c FROM sbtest8 WHERE id IN ( 2971921, 3302700, 7818292, 6902926, 9473878, 1751578, 7685906, 1893968, 9677737, 5188005)
	Index Scan using sbtest8_pkey on sbtest8  (cost=0.43..83.83 rows=10 width=121)
	  Index Cond: (id = ANY ('{2971921,3302700,7818292,6902926,9473878,1751578,7685906,1893968,9677737,5188005}'::integer[]))

explain: for select-inlist :: explain SELECT c FROM sbtest%d WHERE id IN ( 1508378, 2929572, 9001327, 4273631, 2617828, 6147771, 3002734, 6004595, 3413801, 4703393)
for select-inlist
table 1 : explain SELECT c FROM sbtest1 WHERE id IN ( 9186663, 6181322, 279730, 3181782, 5710812, 5803987, 2548051, 8218830, 6971851, 8900785)
	Index Scan using sbtest1_pkey on sbtest1  (cost=0.43..84.11 rows=10 width=121)
	  Index Cond: (id = ANY ('{9186663,6181322,279730,3181782,5710812,5803987,2548051,8218830,6971851,8900785}'::integer[]))

table 2 : explain SELECT c FROM sbtest2 WHERE id IN ( 9186663, 6181322, 279730, 3181782, 5710812, 5803987, 2548051, 8218830, 6971851, 8900785)
	Index Scan using sbtest2_pkey on sbtest2  (cost=0.43..84.05 rows=10 width=121)
	  Index Cond: (id = ANY ('{9186663,6181322,279730,3181782,5710812,5803987,2548051,8218830,6971851,8900785}'::integer[]))

table 3 : explain SELECT c FROM sbtest3 WHERE id IN ( 9186663, 6181322, 279730, 3181782, 5710812, 5803987, 2548051, 8218830, 6971851, 8900785)
	Index Scan using sbtest3_pkey on sbtest3  (cost=0.43..83.98 rows=10 width=121)
	  Index Cond: (id = ANY ('{9186663,6181322,279730,3181782,5710812,5803987,2548051,8218830,6971851,8900785}'::integer[]))

table 4 : explain SELECT c FROM sbtest4 WHERE id IN ( 9186663, 6181322, 279730, 3181782, 5710812, 5803987, 2548051, 8218830, 6971851, 8900785)
	Index Scan using sbtest4_pkey on sbtest4  (cost=0.43..83.95 rows=10 width=121)
	  Index Cond: (id = ANY ('{9186663,6181322,279730,3181782,5710812,5803987,2548051,8218830,6971851,8900785}'::integer[]))

table 5 : explain SELECT c FROM sbtest5 WHERE id IN ( 9186663, 6181322, 279730, 3181782, 5710812, 5803987, 2548051, 8218830, 6971851, 8900785)
	Index Scan using sbtest5_pkey on sbtest5  (cost=0.43..83.99 rows=10 width=121)
	  Index Cond: (id = ANY ('{9186663,6181322,279730,3181782,5710812,5803987,2548051,8218830,6971851,8900785}'::integer[]))

table 6 : explain SELECT c FROM sbtest6 WHERE id IN ( 9186663, 6181322, 279730, 3181782, 5710812, 5803987, 2548051, 8218830, 6971851, 8900785)
	Index Scan using sbtest6_pkey on sbtest6  (cost=0.43..83.94 rows=10 width=121)
	  Index Cond: (id = ANY ('{9186663,6181322,279730,3181782,5710812,5803987,2548051,8218830,6971851,8900785}'::integer[]))

table 7 : explain SELECT c FROM sbtest7 WHERE id IN ( 9186663, 6181322, 279730, 3181782, 5710812, 5803987, 2548051, 8218830, 6971851, 8900785)
	Index Scan using sbtest7_pkey on sbtest7  (cost=0.43..83.97 rows=10 width=121)
	  Index Cond: (id = ANY ('{9186663,6181322,279730,3181782,5710812,5803987,2548051,8218830,6971851,8900785}'::integer[]))

table 8 : explain SELECT c FROM sbtest8 WHERE id IN ( 9186663, 6181322, 279730, 3181782, 5710812, 5803987, 2548051, 8218830, 6971851, 8900785)
	Index Scan using sbtest8_pkey on sbtest8  (cost=0.43..83.83 rows=10 width=121)
	  Index Cond: (id = ANY ('{9186663,6181322,279730,3181782,5710812,5803987,2548051,8218830,6971851,8900785}'::integer[]))

explain: for select-inlist :: explain SELECT c FROM sbtest%d WHERE id IN ( 6178572, 4112637, 2010885, 4440274, 8602380, 6761547, 8484616, 3284487, 7639222, 2589008)
for select-inlist
table 1 : explain SELECT c FROM sbtest1 WHERE id IN ( 4323198, 6622144, 4693398, 7868729, 5185672, 5620476, 1613012, 4866535, 1002297, 1259559)
	Index Scan using sbtest1_pkey on sbtest1  (cost=0.43..84.11 rows=10 width=121)
	  Index Cond: (id = ANY ('{4323198,6622144,4693398,7868729,5185672,5620476,1613012,4866535,1002297,1259559}'::integer[]))

table 2 : explain SELECT c FROM sbtest2 WHERE id IN ( 4323198, 6622144, 4693398, 7868729, 5185672, 5620476, 1613012, 4866535, 1002297, 1259559)
	Index Scan using sbtest2_pkey on sbtest2  (cost=0.43..84.05 rows=10 width=121)
	  Index Cond: (id = ANY ('{4323198,6622144,4693398,7868729,5185672,5620476,1613012,4866535,1002297,1259559}'::integer[]))

table 3 : explain SELECT c FROM sbtest3 WHERE id IN ( 4323198, 6622144, 4693398, 7868729, 5185672, 5620476, 1613012, 4866535, 1002297, 1259559)
	Index Scan using sbtest3_pkey on sbtest3  (cost=0.43..83.98 rows=10 width=121)
	  Index Cond: (id = ANY ('{4323198,6622144,4693398,7868729,5185672,5620476,1613012,4866535,1002297,1259559}'::integer[]))

table 4 : explain SELECT c FROM sbtest4 WHERE id IN ( 4323198, 6622144, 4693398, 7868729, 5185672, 5620476, 1613012, 4866535, 1002297, 1259559)
	Index Scan using sbtest4_pkey on sbtest4  (cost=0.43..83.95 rows=10 width=121)
	  Index Cond: (id = ANY ('{4323198,6622144,4693398,7868729,5185672,5620476,1613012,4866535,1002297,1259559}'::integer[]))

table 5 : explain SELECT c FROM sbtest5 WHERE id IN ( 4323198, 6622144, 4693398, 7868729, 5185672, 5620476, 1613012, 4866535, 1002297, 1259559)
	Index Scan using sbtest5_pkey on sbtest5  (cost=0.43..83.99 rows=10 width=121)
	  Index Cond: (id = ANY ('{4323198,6622144,4693398,7868729,5185672,5620476,1613012,4866535,1002297,1259559}'::integer[]))

table 6 : explain SELECT c FROM sbtest6 WHERE id IN ( 4323198, 6622144, 4693398, 7868729, 5185672, 5620476, 1613012, 4866535, 1002297, 1259559)
	Index Scan using sbtest6_pkey on sbtest6  (cost=0.43..83.94 rows=10 width=121)
	  Index Cond: (id = ANY ('{4323198,6622144,4693398,7868729,5185672,5620476,1613012,4866535,1002297,1259559}'::integer[]))

table 7 : explain SELECT c FROM sbtest7 WHERE id IN ( 4323198, 6622144, 4693398, 7868729, 5185672, 5620476, 1613012, 4866535, 1002297, 1259559)
	Index Scan using sbtest7_pkey on sbtest7  (cost=0.43..83.97 rows=10 width=121)
	  Index Cond: (id = ANY ('{4323198,6622144,4693398,7868729,5185672,5620476,1613012,4866535,1002297,1259559}'::integer[]))

table 8 : explain SELECT c FROM sbtest8 WHERE id IN ( 4323198, 6622144, 4693398, 7868729, 5185672, 5620476, 1613012, 4866535, 1002297, 1259559)
	Index Scan using sbtest8_pkey on sbtest8  (cost=0.43..83.83 rows=10 width=121)
	  Index Cond: (id = ANY ('{4323198,6622144,4693398,7868729,5185672,5620476,1613012,4866535,1002297,1259559}'::integer[]))

for select-inlist
table 1 : explain SELECT c FROM sbtest1 WHERE id IN ( 6371571, 4400018, 2043569, 1141144, 9445701, 2276252, 8087698, 2309148, 402797, 9505884)
	Index Scan using sbtest1_pkey on sbtest1  (cost=0.43..84.11 rows=10 width=121)
	  Index Cond: (id = ANY ('{6371571,4400018,2043569,1141144,9445701,2276252,8087698,2309148,402797,9505884}'::integer[]))

table 2 : explain SELECT c FROM sbtest2 WHERE id IN ( 6371571, 4400018, 2043569, 1141144, 9445701, 2276252, 8087698, 2309148, 402797, 9505884)
	Index Scan using sbtest2_pkey on sbtest2  (cost=0.43..84.05 rows=10 width=121)
	  Index Cond: (id = ANY ('{6371571,4400018,2043569,1141144,9445701,2276252,8087698,2309148,402797,9505884}'::integer[]))

table 3 : explain SELECT c FROM sbtest3 WHERE id IN ( 6371571, 4400018, 2043569, 1141144, 9445701, 2276252, 8087698, 2309148, 402797, 9505884)
	Index Scan using sbtest3_pkey on sbtest3  (cost=0.43..83.98 rows=10 width=121)
	  Index Cond: (id = ANY ('{6371571,4400018,2043569,1141144,9445701,2276252,8087698,2309148,402797,9505884}'::integer[]))

table 4 : explain SELECT c FROM sbtest4 WHERE id IN ( 6371571, 4400018, 2043569, 1141144, 9445701, 2276252, 8087698, 2309148, 402797, 9505884)
	Index Scan using sbtest4_pkey on sbtest4  (cost=0.43..83.95 rows=10 width=121)
	  Index Cond: (id = ANY ('{6371571,4400018,2043569,1141144,9445701,2276252,8087698,2309148,402797,9505884}'::integer[]))

table 5 : explain SELECT c FROM sbtest5 WHERE id IN ( 6371571, 4400018, 2043569, 1141144, 9445701, 2276252, 8087698, 2309148, 402797, 9505884)
	Index Scan using sbtest5_pkey on sbtest5  (cost=0.43..83.99 rows=10 width=121)
	  Index Cond: (id = ANY ('{6371571,4400018,2043569,1141144,9445701,2276252,8087698,2309148,402797,9505884}'::integer[]))

table 6 : explain SELECT c FROM sbtest6 WHERE id IN ( 6371571, 4400018, 2043569, 1141144, 9445701, 2276252, 8087698, 2309148, 402797, 9505884)
	Index Scan using sbtest6_pkey on sbtest6  (cost=0.43..83.94 rows=10 width=121)
	  Index Cond: (id = ANY ('{6371571,4400018,2043569,1141144,9445701,2276252,8087698,2309148,402797,9505884}'::integer[]))

table 7 : explain SELECT c FROM sbtest7 WHERE id IN ( 6371571, 4400018, 2043569, 1141144, 9445701, 2276252, 8087698, 2309148, 402797, 9505884)
	Index Scan using sbtest7_pkey on sbtest7  (cost=0.43..83.97 rows=10 width=121)
	  Index Cond: (id = ANY ('{6371571,4400018,2043569,1141144,9445701,2276252,8087698,2309148,402797,9505884}'::integer[]))

table 8 : explain SELECT c FROM sbtest8 WHERE id IN ( 6371571, 4400018, 2043569, 1141144, 9445701, 2276252, 8087698, 2309148, 402797, 9505884)
	Index Scan using sbtest8_pkey on sbtest8  (cost=0.43..83.83 rows=10 width=121)
	  Index Cond: (id = ANY ('{6371571,4400018,2043569,1141144,9445701,2276252,8087698,2309148,402797,9505884}'::integer[]))

explain: for select-inlist :: explain SELECT c FROM sbtest%d WHERE id IN ( 2028057, 885258, 8889119, 2458642, 6067085, 4998670, 1812680, 3197506, 8485474, 7928573)
explain: for select-inlist :: explain SELECT c FROM sbtest%d WHERE id IN ( 3214119, 3682624, 5937987, 96075, 3656193, 9656994, 2986748, 7507638, 7965881, 7049608)
explain: for select-inlist :: explain SELECT c FROM sbtest%d WHERE id IN ( 8326970, 4564770, 1316652, 7458845, 3446721, 1374529, 5221523, 4669568, 7831470, 3704818)
for select-inlist
table 1 : explain SELECT c FROM sbtest1 WHERE id IN ( 6178572, 4112637, 2010885, 4440274, 8602380, 6761547, 8484616, 3284487, 7639222, 2589008)
	Index Scan using sbtest1_pkey on sbtest1  (cost=0.43..84.11 rows=10 width=121)
	  Index Cond: (id = ANY ('{6178572,4112637,2010885,4440274,8602380,6761547,8484616,3284487,7639222,2589008}'::integer[]))

table 2 : explain SELECT c FROM sbtest2 WHERE id IN ( 6178572, 4112637, 2010885, 4440274, 8602380, 6761547, 8484616, 3284487, 7639222, 2589008)
	Index Scan using sbtest2_pkey on sbtest2  (cost=0.43..84.05 rows=10 width=121)
	  Index Cond: (id = ANY ('{6178572,4112637,2010885,4440274,8602380,6761547,8484616,3284487,7639222,2589008}'::integer[]))

table 3 : explain SELECT c FROM sbtest3 WHERE id IN ( 6178572, 4112637, 2010885, 4440274, 8602380, 6761547, 8484616, 3284487, 7639222, 2589008)
	Index Scan using sbtest3_pkey on sbtest3  (cost=0.43..83.98 rows=10 width=121)
	  Index Cond: (id = ANY ('{6178572,4112637,2010885,4440274,8602380,6761547,8484616,3284487,7639222,2589008}'::integer[]))

table 4 : explain SELECT c FROM sbtest4 WHERE id IN ( 6178572, 4112637, 2010885, 4440274, 8602380, 6761547, 8484616, 3284487, 7639222, 2589008)
	Index Scan using sbtest4_pkey on sbtest4  (cost=0.43..83.95 rows=10 width=121)
	  Index Cond: (id = ANY ('{6178572,4112637,2010885,4440274,8602380,6761547,8484616,3284487,7639222,2589008}'::integer[]))

table 5 : explain SELECT c FROM sbtest5 WHERE id IN ( 6178572, 4112637, 2010885, 4440274, 8602380, 6761547, 8484616, 3284487, 7639222, 2589008)
	Index Scan using sbtest5_pkey on sbtest5  (cost=0.43..83.99 rows=10 width=121)
	  Index Cond: (id = ANY ('{6178572,4112637,2010885,4440274,8602380,6761547,8484616,3284487,7639222,2589008}'::integer[]))

table 6 : explain SELECT c FROM sbtest6 WHERE id IN ( 6178572, 4112637, 2010885, 4440274, 8602380, 6761547, 8484616, 3284487, 7639222, 2589008)
	Index Scan using sbtest6_pkey on sbtest6  (cost=0.43..83.94 rows=10 width=121)
	  Index Cond: (id = ANY ('{6178572,4112637,2010885,4440274,8602380,6761547,8484616,3284487,7639222,2589008}'::integer[]))

table 7 : explain SELECT c FROM sbtest7 WHERE id IN ( 6178572, 4112637, 2010885, 4440274, 8602380, 6761547, 8484616, 3284487, 7639222, 2589008)
	Index Scan using sbtest7_pkey on sbtest7  (cost=0.43..83.97 rows=10 width=121)
	  Index Cond: (id = ANY ('{6178572,4112637,2010885,4440274,8602380,6761547,8484616,3284487,7639222,2589008}'::integer[]))

table 8 : explain SELECT c FROM sbtest8 WHERE id IN ( 6178572, 4112637, 2010885, 4440274, 8602380, 6761547, 8484616, 3284487, 7639222, 2589008)
	Index Scan using sbtest8_pkey on sbtest8  (cost=0.43..83.83 rows=10 width=121)
	  Index Cond: (id = ANY ('{6178572,4112637,2010885,4440274,8602380,6761547,8484616,3284487,7639222,2589008}'::integer[]))

explain: for select-inlist :: explain SELECT c FROM sbtest%d WHERE id IN ( 3753723, 4362845, 4801392, 476144, 9964653, 8481471, 7996185, 5980810, 7095679, 6192329)
for select-inlist
table 1 : explain SELECT c FROM sbtest1 WHERE id IN ( 3214119, 3682624, 5937987, 96075, 3656193, 9656994, 2986748, 7507638, 7965881, 7049608)
	Index Scan using sbtest1_pkey on sbtest1  (cost=0.43..84.11 rows=10 width=121)
	  Index Cond: (id = ANY ('{3214119,3682624,5937987,96075,3656193,9656994,2986748,7507638,7965881,7049608}'::integer[]))

table 2 : explain SELECT c FROM sbtest2 WHERE id IN ( 3214119, 3682624, 5937987, 96075, 3656193, 9656994, 2986748, 7507638, 7965881, 7049608)
	Index Scan using sbtest2_pkey on sbtest2  (cost=0.43..84.05 rows=10 width=121)
	  Index Cond: (id = ANY ('{3214119,3682624,5937987,96075,3656193,9656994,2986748,7507638,7965881,7049608}'::integer[]))

table 3 : explain SELECT c FROM sbtest3 WHERE id IN ( 3214119, 3682624, 5937987, 96075, 3656193, 9656994, 2986748, 7507638, 7965881, 7049608)
	Index Scan using sbtest3_pkey on sbtest3  (cost=0.43..83.98 rows=10 width=121)
	  Index Cond: (id = ANY ('{3214119,3682624,5937987,96075,3656193,9656994,2986748,7507638,7965881,7049608}'::integer[]))

table 4 : explain SELECT c FROM sbtest4 WHERE id IN ( 3214119, 3682624, 5937987, 96075, 3656193, 9656994, 2986748, 7507638, 7965881, 7049608)
	Index Scan using sbtest4_pkey on sbtest4  (cost=0.43..83.95 rows=10 width=121)
	  Index Cond: (id = ANY ('{3214119,3682624,5937987,96075,3656193,9656994,2986748,7507638,7965881,7049608}'::integer[]))

table 5 : explain SELECT c FROM sbtest5 WHERE id IN ( 3214119, 3682624, 5937987, 96075, 3656193, 9656994, 2986748, 7507638, 7965881, 7049608)
	Index Scan using sbtest5_pkey on sbtest5  (cost=0.43..83.99 rows=10 width=121)
	  Index Cond: (id = ANY ('{3214119,3682624,5937987,96075,3656193,9656994,2986748,7507638,7965881,7049608}'::integer[]))

table 6 : explain SELECT c FROM sbtest6 WHERE id IN ( 3214119, 3682624, 5937987, 96075, 3656193, 9656994, 2986748, 7507638, 7965881, 7049608)
	Index Scan using sbtest6_pkey on sbtest6  (cost=0.43..83.94 rows=10 width=121)
	  Index Cond: (id = ANY ('{3214119,3682624,5937987,96075,3656193,9656994,2986748,7507638,7965881,7049608}'::integer[]))

table 7 : explain SELECT c FROM sbtest7 WHERE id IN ( 3214119, 3682624, 5937987, 96075, 3656193, 9656994, 2986748, 7507638, 7965881, 7049608)
	Index Scan using sbtest7_pkey on sbtest7  (cost=0.43..83.97 rows=10 width=121)
	  Index Cond: (id = ANY ('{3214119,3682624,5937987,96075,3656193,9656994,2986748,7507638,7965881,7049608}'::integer[]))

table 8 : explain SELECT c FROM sbtest8 WHERE id IN ( 3214119, 3682624, 5937987, 96075, 3656193, 9656994, 2986748, 7507638, 7965881, 7049608)
	Index Scan using sbtest8_pkey on sbtest8  (cost=0.43..83.83 rows=10 width=121)
	  Index Cond: (id = ANY ('{3214119,3682624,5937987,96075,3656193,9656994,2986748,7507638,7965881,7049608}'::integer[]))

for select-inlist
table 1 : explain SELECT c FROM sbtest1 WHERE id IN ( 1508378, 2929572, 9001327, 4273631, 2617828, 6147771, 3002734, 6004595, 3413801, 4703393)
	Index Scan using sbtest1_pkey on sbtest1  (cost=0.43..84.11 rows=10 width=121)
	  Index Cond: (id = ANY ('{1508378,2929572,9001327,4273631,2617828,6147771,3002734,6004595,3413801,4703393}'::integer[]))

table 2 : explain SELECT c FROM sbtest2 WHERE id IN ( 1508378, 2929572, 9001327, 4273631, 2617828, 6147771, 3002734, 6004595, 3413801, 4703393)
	Index Scan using sbtest2_pkey on sbtest2  (cost=0.43..84.05 rows=10 width=121)
	  Index Cond: (id = ANY ('{1508378,2929572,9001327,4273631,2617828,6147771,3002734,6004595,3413801,4703393}'::integer[]))

table 3 : explain SELECT c FROM sbtest3 WHERE id IN ( 1508378, 2929572, 9001327, 4273631, 2617828, 6147771, 3002734, 6004595, 3413801, 4703393)
	Index Scan using sbtest3_pkey on sbtest3  (cost=0.43..83.98 rows=10 width=121)
	  Index Cond: (id = ANY ('{1508378,2929572,9001327,4273631,2617828,6147771,3002734,6004595,3413801,4703393}'::integer[]))

table 4 : explain SELECT c FROM sbtest4 WHERE id IN ( 1508378, 2929572, 9001327, 4273631, 2617828, 6147771, 3002734, 6004595, 3413801, 4703393)
	Index Scan using sbtest4_pkey on sbtest4  (cost=0.43..83.95 rows=10 width=121)
	  Index Cond: (id = ANY ('{1508378,2929572,9001327,4273631,2617828,6147771,3002734,6004595,3413801,4703393}'::integer[]))

table 5 : explain SELECT c FROM sbtest5 WHERE id IN ( 1508378, 2929572, 9001327, 4273631, 2617828, 6147771, 3002734, 6004595, 3413801, 4703393)
	Index Scan using sbtest5_pkey on sbtest5  (cost=0.43..83.99 rows=10 width=121)
	  Index Cond: (id = ANY ('{1508378,2929572,9001327,4273631,2617828,6147771,3002734,6004595,3413801,4703393}'::integer[]))

table 6 : explain SELECT c FROM sbtest6 WHERE id IN ( 1508378, 2929572, 9001327, 4273631, 2617828, 6147771, 3002734, 6004595, 3413801, 4703393)
	Index Scan using sbtest6_pkey on sbtest6  (cost=0.43..83.94 rows=10 width=121)
	  Index Cond: (id = ANY ('{1508378,2929572,9001327,4273631,2617828,6147771,3002734,6004595,3413801,4703393}'::integer[]))

table 7 : explain SELECT c FROM sbtest7 WHERE id IN ( 1508378, 2929572, 9001327, 4273631, 2617828, 6147771, 3002734, 6004595, 3413801, 4703393)
	Index Scan using sbtest7_pkey on sbtest7  (cost=0.43..83.97 rows=10 width=121)
	  Index Cond: (id = ANY ('{1508378,2929572,9001327,4273631,2617828,6147771,3002734,6004595,3413801,4703393}'::integer[]))

table 8 : explain SELECT c FROM sbtest8 WHERE id IN ( 1508378, 2929572, 9001327, 4273631, 2617828, 6147771, 3002734, 6004595, 3413801, 4703393)
	Index Scan using sbtest8_pkey on sbtest8  (cost=0.43..83.83 rows=10 width=121)
	  Index Cond: (id = ANY ('{1508378,2929572,9001327,4273631,2617828,6147771,3002734,6004595,3413801,4703393}'::integer[]))

explain: for select-inlist :: explain SELECT c FROM sbtest%d WHERE id IN ( 9702197, 6818426, 9337736, 8903334, 3306231, 4279218, 4993904, 8538377, 5650405, 2957522)
for select-inlist
table 1 : explain SELECT c FROM sbtest1 WHERE id IN ( 8326970, 4564770, 1316652, 7458845, 3446721, 1374529, 5221523, 4669568, 7831470, 3704818)
	Index Scan using sbtest1_pkey on sbtest1  (cost=0.43..84.11 rows=10 width=121)
	  Index Cond: (id = ANY ('{8326970,4564770,1316652,7458845,3446721,1374529,5221523,4669568,7831470,3704818}'::integer[]))

table 2 : explain SELECT c FROM sbtest2 WHERE id IN ( 8326970, 4564770, 1316652, 7458845, 3446721, 1374529, 5221523, 4669568, 7831470, 3704818)
	Index Scan using sbtest2_pkey on sbtest2  (cost=0.43..84.05 rows=10 width=121)
	  Index Cond: (id = ANY ('{8326970,4564770,1316652,7458845,3446721,1374529,5221523,4669568,7831470,3704818}'::integer[]))

table 3 : explain SELECT c FROM sbtest3 WHERE id IN ( 8326970, 4564770, 1316652, 7458845, 3446721, 1374529, 5221523, 4669568, 7831470, 3704818)
	Index Scan using sbtest3_pkey on sbtest3  (cost=0.43..83.98 rows=10 width=121)
	  Index Cond: (id = ANY ('{8326970,4564770,1316652,7458845,3446721,1374529,5221523,4669568,7831470,3704818}'::integer[]))

table 4 : explain SELECT c FROM sbtest4 WHERE id IN ( 8326970, 4564770, 1316652, 7458845, 3446721, 1374529, 5221523, 4669568, 7831470, 3704818)
	Index Scan using sbtest4_pkey on sbtest4  (cost=0.43..83.95 rows=10 width=121)
	  Index Cond: (id = ANY ('{8326970,4564770,1316652,7458845,3446721,1374529,5221523,4669568,7831470,3704818}'::integer[]))

table 5 : explain SELECT c FROM sbtest5 WHERE id IN ( 8326970, 4564770, 1316652, 7458845, 3446721, 1374529, 5221523, 4669568, 7831470, 3704818)
	Index Scan using sbtest5_pkey on sbtest5  (cost=0.43..83.99 rows=10 width=121)
	  Index Cond: (id = ANY ('{8326970,4564770,1316652,7458845,3446721,1374529,5221523,4669568,7831470,3704818}'::integer[]))

table 6 : explain SELECT c FROM sbtest6 WHERE id IN ( 8326970, 4564770, 1316652, 7458845, 3446721, 1374529, 5221523, 4669568, 7831470, 3704818)
	Index Scan using sbtest6_pkey on sbtest6  (cost=0.43..83.94 rows=10 width=121)
	  Index Cond: (id = ANY ('{8326970,4564770,1316652,7458845,3446721,1374529,5221523,4669568,7831470,3704818}'::integer[]))

table 7 : explain SELECT c FROM sbtest7 WHERE id IN ( 8326970, 4564770, 1316652, 7458845, 3446721, 1374529, 5221523, 4669568, 7831470, 3704818)
	Index Scan using sbtest7_pkey on sbtest7  (cost=0.43..83.97 rows=10 width=121)
	  Index Cond: (id = ANY ('{8326970,4564770,1316652,7458845,3446721,1374529,5221523,4669568,7831470,3704818}'::integer[]))

table 8 : explain SELECT c FROM sbtest8 WHERE id IN ( 8326970, 4564770, 1316652, 7458845, 3446721, 1374529, 5221523, 4669568, 7831470, 3704818)
	Index Scan using sbtest8_pkey on sbtest8  (cost=0.43..83.83 rows=10 width=121)
	  Index Cond: (id = ANY ('{8326970,4564770,1316652,7458845,3446721,1374529,5221523,4669568,7831470,3704818}'::integer[]))

for select-inlist
table 1 : explain SELECT c FROM sbtest1 WHERE id IN ( 3753723, 4362845, 4801392, 476144, 9964653, 8481471, 7996185, 5980810, 7095679, 6192329)
	Index Scan using sbtest1_pkey on sbtest1  (cost=0.43..84.11 rows=10 width=121)
	  Index Cond: (id = ANY ('{3753723,4362845,4801392,476144,9964653,8481471,7996185,5980810,7095679,6192329}'::integer[]))

table 2 : explain SELECT c FROM sbtest2 WHERE id IN ( 3753723, 4362845, 4801392, 476144, 9964653, 8481471, 7996185, 5980810, 7095679, 6192329)
	Index Scan using sbtest2_pkey on sbtest2  (cost=0.43..84.05 rows=10 width=121)
	  Index Cond: (id = ANY ('{3753723,4362845,4801392,476144,9964653,8481471,7996185,5980810,7095679,6192329}'::integer[]))

table 3 : explain SELECT c FROM sbtest3 WHERE id IN ( 3753723, 4362845, 4801392, 476144, 9964653, 8481471, 7996185, 5980810, 7095679, 6192329)
	Index Scan using sbtest3_pkey on sbtest3  (cost=0.43..83.98 rows=10 width=121)
	  Index Cond: (id = ANY ('{3753723,4362845,4801392,476144,9964653,8481471,7996185,5980810,7095679,6192329}'::integer[]))

table 4 : explain SELECT c FROM sbtest4 WHERE id IN ( 3753723, 4362845, 4801392, 476144, 9964653, 8481471, 7996185, 5980810, 7095679, 6192329)
	Index Scan using sbtest4_pkey on sbtest4  (cost=0.43..83.95 rows=10 width=121)
	  Index Cond: (id = ANY ('{3753723,4362845,4801392,476144,9964653,8481471,7996185,5980810,7095679,6192329}'::integer[]))

table 5 : explain SELECT c FROM sbtest5 WHERE id IN ( 3753723, 4362845, 4801392, 476144, 9964653, 8481471, 7996185, 5980810, 7095679, 6192329)
	Index Scan using sbtest5_pkey on sbtest5  (cost=0.43..83.99 rows=10 width=121)
	  Index Cond: (id = ANY ('{3753723,4362845,4801392,476144,9964653,8481471,7996185,5980810,7095679,6192329}'::integer[]))

table 6 : explain SELECT c FROM sbtest6 WHERE id IN ( 3753723, 4362845, 4801392, 476144, 9964653, 8481471, 7996185, 5980810, 7095679, 6192329)
	Index Scan using sbtest6_pkey on sbtest6  (cost=0.43..83.94 rows=10 width=121)
	  Index Cond: (id = ANY ('{3753723,4362845,4801392,476144,9964653,8481471,7996185,5980810,7095679,6192329}'::integer[]))

table 7 : explain SELECT c FROM sbtest7 WHERE id IN ( 3753723, 4362845, 4801392, 476144, 9964653, 8481471, 7996185, 5980810, 7095679, 6192329)
	Index Scan using sbtest7_pkey on sbtest7  (cost=0.43..83.97 rows=10 width=121)
	  Index Cond: (id = ANY ('{3753723,4362845,4801392,476144,9964653,8481471,7996185,5980810,7095679,6192329}'::integer[]))

table 8 : explain SELECT c FROM sbtest8 WHERE id IN ( 3753723, 4362845, 4801392, 476144, 9964653, 8481471, 7996185, 5980810, 7095679, 6192329)
	Index Scan using sbtest8_pkey on sbtest8  (cost=0.43..83.83 rows=10 width=121)
	  Index Cond: (id = ANY ('{3753723,4362845,4801392,476144,9964653,8481471,7996185,5980810,7095679,6192329}'::integer[]))

for select-inlist
table 1 : explain SELECT c FROM sbtest1 WHERE id IN ( 2028057, 885258, 8889119, 2458642, 6067085, 4998670, 1812680, 3197506, 8485474, 7928573)
	Index Scan using sbtest1_pkey on sbtest1  (cost=0.43..84.11 rows=10 width=121)
	  Index Cond: (id = ANY ('{2028057,885258,8889119,2458642,6067085,4998670,1812680,3197506,8485474,7928573}'::integer[]))

table 2 : explain SELECT c FROM sbtest2 WHERE id IN ( 2028057, 885258, 8889119, 2458642, 6067085, 4998670, 1812680, 3197506, 8485474, 7928573)
	Index Scan using sbtest2_pkey on sbtest2  (cost=0.43..84.05 rows=10 width=121)
	  Index Cond: (id = ANY ('{2028057,885258,8889119,2458642,6067085,4998670,1812680,3197506,8485474,7928573}'::integer[]))

table 3 : explain SELECT c FROM sbtest3 WHERE id IN ( 2028057, 885258, 8889119, 2458642, 6067085, 4998670, 1812680, 3197506, 8485474, 7928573)
	Index Scan using sbtest3_pkey on sbtest3  (cost=0.43..83.98 rows=10 width=121)
	  Index Cond: (id = ANY ('{2028057,885258,8889119,2458642,6067085,4998670,1812680,3197506,8485474,7928573}'::integer[]))

table 4 : explain SELECT c FROM sbtest4 WHERE id IN ( 2028057, 885258, 8889119, 2458642, 6067085, 4998670, 1812680, 3197506, 8485474, 7928573)
	Index Scan using sbtest4_pkey on sbtest4  (cost=0.43..83.95 rows=10 width=121)
	  Index Cond: (id = ANY ('{2028057,885258,8889119,2458642,6067085,4998670,1812680,3197506,8485474,7928573}'::integer[]))

table 5 : explain SELECT c FROM sbtest5 WHERE id IN ( 2028057, 885258, 8889119, 2458642, 6067085, 4998670, 1812680, 3197506, 8485474, 7928573)
	Index Scan using sbtest5_pkey on sbtest5  (cost=0.43..83.99 rows=10 width=121)
	  Index Cond: (id = ANY ('{2028057,885258,8889119,2458642,6067085,4998670,1812680,3197506,8485474,7928573}'::integer[]))

table 6 : explain SELECT c FROM sbtest6 WHERE id IN ( 2028057, 885258, 8889119, 2458642, 6067085, 4998670, 1812680, 3197506, 8485474, 7928573)
	Index Scan using sbtest6_pkey on sbtest6  (cost=0.43..83.94 rows=10 width=121)
	  Index Cond: (id = ANY ('{2028057,885258,8889119,2458642,6067085,4998670,1812680,3197506,8485474,7928573}'::integer[]))

table 7 : explain SELECT c FROM sbtest7 WHERE id IN ( 2028057, 885258, 8889119, 2458642, 6067085, 4998670, 1812680, 3197506, 8485474, 7928573)
	Index Scan using sbtest7_pkey on sbtest7  (cost=0.43..83.97 rows=10 width=121)
	  Index Cond: (id = ANY ('{2028057,885258,8889119,2458642,6067085,4998670,1812680,3197506,8485474,7928573}'::integer[]))

table 8 : explain SELECT c FROM sbtest8 WHERE id IN ( 2028057, 885258, 8889119, 2458642, 6067085, 4998670, 1812680, 3197506, 8485474, 7928573)
	Index Scan using sbtest8_pkey on sbtest8  (cost=0.43..83.83 rows=10 width=121)
	  Index Cond: (id = ANY ('{2028057,885258,8889119,2458642,6067085,4998670,1812680,3197506,8485474,7928573}'::integer[]))

explain: for select-inlist :: explain SELECT c FROM sbtest%d WHERE id IN ( 5598327, 3494233, 2531697, 4836295, 7925597, 4807797, 5774126, 4882616, 6164079, 8955498)
for select-inlist
table 1 : explain SELECT c FROM sbtest1 WHERE id IN ( 9702197, 6818426, 9337736, 8903334, 3306231, 4279218, 4993904, 8538377, 5650405, 2957522)
	Index Scan using sbtest1_pkey on sbtest1  (cost=0.43..84.11 rows=10 width=121)
	  Index Cond: (id = ANY ('{9702197,6818426,9337736,8903334,3306231,4279218,4993904,8538377,5650405,2957522}'::integer[]))

table 2 : explain SELECT c FROM sbtest2 WHERE id IN ( 9702197, 6818426, 9337736, 8903334, 3306231, 4279218, 4993904, 8538377, 5650405, 2957522)
	Index Scan using sbtest2_pkey on sbtest2  (cost=0.43..84.05 rows=10 width=121)
	  Index Cond: (id = ANY ('{9702197,6818426,9337736,8903334,3306231,4279218,4993904,8538377,5650405,2957522}'::integer[]))

table 3 : explain SELECT c FROM sbtest3 WHERE id IN ( 9702197, 6818426, 9337736, 8903334, 3306231, 4279218, 4993904, 8538377, 5650405, 2957522)
	Index Scan using sbtest3_pkey on sbtest3  (cost=0.43..83.98 rows=10 width=121)
	  Index Cond: (id = ANY ('{9702197,6818426,9337736,8903334,3306231,4279218,4993904,8538377,5650405,2957522}'::integer[]))

table 4 : explain SELECT c FROM sbtest4 WHERE id IN ( 9702197, 6818426, 9337736, 8903334, 3306231, 4279218, 4993904, 8538377, 5650405, 2957522)
	Index Scan using sbtest4_pkey on sbtest4  (cost=0.43..83.95 rows=10 width=121)
	  Index Cond: (id = ANY ('{9702197,6818426,9337736,8903334,3306231,4279218,4993904,8538377,5650405,2957522}'::integer[]))

table 5 : explain SELECT c FROM sbtest5 WHERE id IN ( 9702197, 6818426, 9337736, 8903334, 3306231, 4279218, 4993904, 8538377, 5650405, 2957522)
	Index Scan using sbtest5_pkey on sbtest5  (cost=0.43..83.99 rows=10 width=121)
	  Index Cond: (id = ANY ('{9702197,6818426,9337736,8903334,3306231,4279218,4993904,8538377,5650405,2957522}'::integer[]))

table 6 : explain SELECT c FROM sbtest6 WHERE id IN ( 9702197, 6818426, 9337736, 8903334, 3306231, 4279218, 4993904, 8538377, 5650405, 2957522)
	Index Scan using sbtest6_pkey on sbtest6  (cost=0.43..83.94 rows=10 width=121)
	  Index Cond: (id = ANY ('{9702197,6818426,9337736,8903334,3306231,4279218,4993904,8538377,5650405,2957522}'::integer[]))

table 7 : explain SELECT c FROM sbtest7 WHERE id IN ( 9702197, 6818426, 9337736, 8903334, 3306231, 4279218, 4993904, 8538377, 5650405, 2957522)
	Index Scan using sbtest7_pkey on sbtest7  (cost=0.43..83.97 rows=10 width=121)
	  Index Cond: (id = ANY ('{9702197,6818426,9337736,8903334,3306231,4279218,4993904,8538377,5650405,2957522}'::integer[]))

table 8 : explain SELECT c FROM sbtest8 WHERE id IN ( 9702197, 6818426, 9337736, 8903334, 3306231, 4279218, 4993904, 8538377, 5650405, 2957522)
	Index Scan using sbtest8_pkey on sbtest8  (cost=0.43..83.83 rows=10 width=121)
	  Index Cond: (id = ANY ('{9702197,6818426,9337736,8903334,3306231,4279218,4993904,8538377,5650405,2957522}'::integer[]))

explain: for select-inlist :: explain SELECT c FROM sbtest%d WHERE id IN ( 2847512, 1464060, 1028370, 8297230, 6733019, 9932229, 9170994, 6903209, 8727160, 4327968)
explain: for select-inlist :: explain SELECT c FROM sbtest%d WHERE id IN ( 3910079, 9752265, 8811891, 4211918, 951750, 4274157, 1511301, 2700443, 3566017, 2763441)
for select-inlist
table 1 : explain SELECT c FROM sbtest1 WHERE id IN ( 5598327, 3494233, 2531697, 4836295, 7925597, 4807797, 5774126, 4882616, 6164079, 8955498)
	Index Scan using sbtest1_pkey on sbtest1  (cost=0.43..84.11 rows=10 width=121)
	  Index Cond: (id = ANY ('{5598327,3494233,2531697,4836295,7925597,4807797,5774126,4882616,6164079,8955498}'::integer[]))

table 2 : explain SELECT c FROM sbtest2 WHERE id IN ( 5598327, 3494233, 2531697, 4836295, 7925597, 4807797, 5774126, 4882616, 6164079, 8955498)
	Index Scan using sbtest2_pkey on sbtest2  (cost=0.43..84.05 rows=10 width=121)
	  Index Cond: (id = ANY ('{5598327,3494233,2531697,4836295,7925597,4807797,5774126,4882616,6164079,8955498}'::integer[]))

table 3 : explain SELECT c FROM sbtest3 WHERE id IN ( 5598327, 3494233, 2531697, 4836295, 7925597, 4807797, 5774126, 4882616, 6164079, 8955498)
	Index Scan using sbtest3_pkey on sbtest3  (cost=0.43..83.98 rows=10 width=121)
	  Index Cond: (id = ANY ('{5598327,3494233,2531697,4836295,7925597,4807797,5774126,4882616,6164079,8955498}'::integer[]))

table 4 : explain SELECT c FROM sbtest4 WHERE id IN ( 5598327, 3494233, 2531697, 4836295, 7925597, 4807797, 5774126, 4882616, 6164079, 8955498)
	Index Scan using sbtest4_pkey on sbtest4  (cost=0.43..83.95 rows=10 width=121)
	  Index Cond: (id = ANY ('{5598327,3494233,2531697,4836295,7925597,4807797,5774126,4882616,6164079,8955498}'::integer[]))

table 5 : explain SELECT c FROM sbtest5 WHERE id IN ( 5598327, 3494233, 2531697, 4836295, 7925597, 4807797, 5774126, 4882616, 6164079, 8955498)
	Index Scan using sbtest5_pkey on sbtest5  (cost=0.43..83.99 rows=10 width=121)
	  Index Cond: (id = ANY ('{5598327,3494233,2531697,4836295,7925597,4807797,5774126,4882616,6164079,8955498}'::integer[]))

table 6 : explain SELECT c FROM sbtest6 WHERE id IN ( 5598327, 3494233, 2531697, 4836295, 7925597, 4807797, 5774126, 4882616, 6164079, 8955498)
	Index Scan using sbtest6_pkey on sbtest6  (cost=0.43..83.94 rows=10 width=121)
	  Index Cond: (id = ANY ('{5598327,3494233,2531697,4836295,7925597,4807797,5774126,4882616,6164079,8955498}'::integer[]))

table 7 : explain SELECT c FROM sbtest7 WHERE id IN ( 5598327, 3494233, 2531697, 4836295, 7925597, 4807797, 5774126, 4882616, 6164079, 8955498)
	Index Scan using sbtest7_pkey on sbtest7  (cost=0.43..83.97 rows=10 width=121)
	  Index Cond: (id = ANY ('{5598327,3494233,2531697,4836295,7925597,4807797,5774126,4882616,6164079,8955498}'::integer[]))

table 8 : explain SELECT c FROM sbtest8 WHERE id IN ( 5598327, 3494233, 2531697, 4836295, 7925597, 4807797, 5774126, 4882616, 6164079, 8955498)
	Index Scan using sbtest8_pkey on sbtest8  (cost=0.43..83.83 rows=10 width=121)
	  Index Cond: (id = ANY ('{5598327,3494233,2531697,4836295,7925597,4807797,5774126,4882616,6164079,8955498}'::integer[]))

explain: for select-inlist :: explain SELECT c FROM sbtest%d WHERE id IN ( 1724379, 7586552, 3115701, 2130832, 9481239, 8406712, 8661493, 4446200, 4887104, 7702006)
for select-inlist
table 1 : explain SELECT c FROM sbtest1 WHERE id IN ( 2847512, 1464060, 1028370, 8297230, 6733019, 9932229, 9170994, 6903209, 8727160, 4327968)
	Index Scan using sbtest1_pkey on sbtest1  (cost=0.43..84.11 rows=10 width=121)
	  Index Cond: (id = ANY ('{2847512,1464060,1028370,8297230,6733019,9932229,9170994,6903209,8727160,4327968}'::integer[]))

table 2 : explain SELECT c FROM sbtest2 WHERE id IN ( 2847512, 1464060, 1028370, 8297230, 6733019, 9932229, 9170994, 6903209, 8727160, 4327968)
	Index Scan using sbtest2_pkey on sbtest2  (cost=0.43..84.05 rows=10 width=121)
	  Index Cond: (id = ANY ('{2847512,1464060,1028370,8297230,6733019,9932229,9170994,6903209,8727160,4327968}'::integer[]))

table 3 : explain SELECT c FROM sbtest3 WHERE id IN ( 2847512, 1464060, 1028370, 8297230, 6733019, 9932229, 9170994, 6903209, 8727160, 4327968)
	Index Scan using sbtest3_pkey on sbtest3  (cost=0.43..83.98 rows=10 width=121)
	  Index Cond: (id = ANY ('{2847512,1464060,1028370,8297230,6733019,9932229,9170994,6903209,8727160,4327968}'::integer[]))

table 4 : explain SELECT c FROM sbtest4 WHERE id IN ( 2847512, 1464060, 1028370, 8297230, 6733019, 9932229, 9170994, 6903209, 8727160, 4327968)
	Index Scan using sbtest4_pkey on sbtest4  (cost=0.43..83.95 rows=10 width=121)
	  Index Cond: (id = ANY ('{2847512,1464060,1028370,8297230,6733019,9932229,9170994,6903209,8727160,4327968}'::integer[]))

table 5 : explain SELECT c FROM sbtest5 WHERE id IN ( 2847512, 1464060, 1028370, 8297230, 6733019, 9932229, 9170994, 6903209, 8727160, 4327968)
	Index Scan using sbtest5_pkey on sbtest5  (cost=0.43..83.99 rows=10 width=121)
	  Index Cond: (id = ANY ('{2847512,1464060,1028370,8297230,6733019,9932229,9170994,6903209,8727160,4327968}'::integer[]))

table 6 : explain SELECT c FROM sbtest6 WHERE id IN ( 2847512, 1464060, 1028370, 8297230, 6733019, 9932229, 9170994, 6903209, 8727160, 4327968)
	Index Scan using sbtest6_pkey on sbtest6  (cost=0.43..83.94 rows=10 width=121)
	  Index Cond: (id = ANY ('{2847512,1464060,1028370,8297230,6733019,9932229,9170994,6903209,8727160,4327968}'::integer[]))

table 7 : explain SELECT c FROM sbtest7 WHERE id IN ( 2847512, 1464060, 1028370, 8297230, 6733019, 9932229, 9170994, 6903209, 8727160, 4327968)
	Index Scan using sbtest7_pkey on sbtest7  (cost=0.43..83.97 rows=10 width=121)
	  Index Cond: (id = ANY ('{2847512,1464060,1028370,8297230,6733019,9932229,9170994,6903209,8727160,4327968}'::integer[]))

table 8 : explain SELECT c FROM sbtest8 WHERE id IN ( 2847512, 1464060, 1028370, 8297230, 6733019, 9932229, 9170994, 6903209, 8727160, 4327968)
	Index Scan using sbtest8_pkey on sbtest8  (cost=0.43..83.83 rows=10 width=121)
	  Index Cond: (id = ANY ('{2847512,1464060,1028370,8297230,6733019,9932229,9170994,6903209,8727160,4327968}'::integer[]))

for select-inlist
table 1 : explain SELECT c FROM sbtest1 WHERE id IN ( 3910079, 9752265, 8811891, 4211918, 951750, 4274157, 1511301, 2700443, 3566017, 2763441)
	Index Scan using sbtest1_pkey on sbtest1  (cost=0.43..84.11 rows=10 width=121)
	  Index Cond: (id = ANY ('{3910079,9752265,8811891,4211918,951750,4274157,1511301,2700443,3566017,2763441}'::integer[]))

table 2 : explain SELECT c FROM sbtest2 WHERE id IN ( 3910079, 9752265, 8811891, 4211918, 951750, 4274157, 1511301, 2700443, 3566017, 2763441)
	Index Scan using sbtest2_pkey on sbtest2  (cost=0.43..84.05 rows=10 width=121)
	  Index Cond: (id = ANY ('{3910079,9752265,8811891,4211918,951750,4274157,1511301,2700443,3566017,2763441}'::integer[]))

table 3 : explain SELECT c FROM sbtest3 WHERE id IN ( 3910079, 9752265, 8811891, 4211918, 951750, 4274157, 1511301, 2700443, 3566017, 2763441)
	Index Scan using sbtest3_pkey on sbtest3  (cost=0.43..83.98 rows=10 width=121)
	  Index Cond: (id = ANY ('{3910079,9752265,8811891,4211918,951750,4274157,1511301,2700443,3566017,2763441}'::integer[]))

table 4 : explain SELECT c FROM sbtest4 WHERE id IN ( 3910079, 9752265, 8811891, 4211918, 951750, 4274157, 1511301, 2700443, 3566017, 2763441)
	Index Scan using sbtest4_pkey on sbtest4  (cost=0.43..83.95 rows=10 width=121)
	  Index Cond: (id = ANY ('{3910079,9752265,8811891,4211918,951750,4274157,1511301,2700443,3566017,2763441}'::integer[]))

table 5 : explain SELECT c FROM sbtest5 WHERE id IN ( 3910079, 9752265, 8811891, 4211918, 951750, 4274157, 1511301, 2700443, 3566017, 2763441)
	Index Scan using sbtest5_pkey on sbtest5  (cost=0.43..83.99 rows=10 width=121)
	  Index Cond: (id = ANY ('{3910079,9752265,8811891,4211918,951750,4274157,1511301,2700443,3566017,2763441}'::integer[]))

table 6 : explain SELECT c FROM sbtest6 WHERE id IN ( 3910079, 9752265, 8811891, 4211918, 951750, 4274157, 1511301, 2700443, 3566017, 2763441)
	Index Scan using sbtest6_pkey on sbtest6  (cost=0.43..83.94 rows=10 width=121)
	  Index Cond: (id = ANY ('{3910079,9752265,8811891,4211918,951750,4274157,1511301,2700443,3566017,2763441}'::integer[]))

table 7 : explain SELECT c FROM sbtest7 WHERE id IN ( 3910079, 9752265, 8811891, 4211918, 951750, 4274157, 1511301, 2700443, 3566017, 2763441)
	Index Scan using sbtest7_pkey on sbtest7  (cost=0.43..83.97 rows=10 width=121)
	  Index Cond: (id = ANY ('{3910079,9752265,8811891,4211918,951750,4274157,1511301,2700443,3566017,2763441}'::integer[]))

table 8 : explain SELECT c FROM sbtest8 WHERE id IN ( 3910079, 9752265, 8811891, 4211918, 951750, 4274157, 1511301, 2700443, 3566017, 2763441)
	Index Scan using sbtest8_pkey on sbtest8  (cost=0.43..83.83 rows=10 width=121)
	  Index Cond: (id = ANY ('{3910079,9752265,8811891,4211918,951750,4274157,1511301,2700443,3566017,2763441}'::integer[]))

for select-inlist
table 1 : explain SELECT c FROM sbtest1 WHERE id IN ( 1724379, 7586552, 3115701, 2130832, 9481239, 8406712, 8661493, 4446200, 4887104, 7702006)
	Index Scan using sbtest1_pkey on sbtest1  (cost=0.43..84.11 rows=10 width=121)
	  Index Cond: (id = ANY ('{1724379,7586552,3115701,2130832,9481239,8406712,8661493,4446200,4887104,7702006}'::integer[]))

table 2 : explain SELECT c FROM sbtest2 WHERE id IN ( 1724379, 7586552, 3115701, 2130832, 9481239, 8406712, 8661493, 4446200, 4887104, 7702006)
	Index Scan using sbtest2_pkey on sbtest2  (cost=0.43..84.05 rows=10 width=121)
	  Index Cond: (id = ANY ('{1724379,7586552,3115701,2130832,9481239,8406712,8661493,4446200,4887104,7702006}'::integer[]))

table 3 : explain SELECT c FROM sbtest3 WHERE id IN ( 1724379, 7586552, 3115701, 2130832, 9481239, 8406712, 8661493, 4446200, 4887104, 7702006)
	Index Scan using sbtest3_pkey on sbtest3  (cost=0.43..83.98 rows=10 width=121)
	  Index Cond: (id = ANY ('{1724379,7586552,3115701,2130832,9481239,8406712,8661493,4446200,4887104,7702006}'::integer[]))

table 4 : explain SELECT c FROM sbtest4 WHERE id IN ( 1724379, 7586552, 3115701, 2130832, 9481239, 8406712, 8661493, 4446200, 4887104, 7702006)
	Index Scan using sbtest4_pkey on sbtest4  (cost=0.43..83.95 rows=10 width=121)
	  Index Cond: (id = ANY ('{1724379,7586552,3115701,2130832,9481239,8406712,8661493,4446200,4887104,7702006}'::integer[]))

table 5 : explain SELECT c FROM sbtest5 WHERE id IN ( 1724379, 7586552, 3115701, 2130832, 9481239, 8406712, 8661493, 4446200, 4887104, 7702006)
	Index Scan using sbtest5_pkey on sbtest5  (cost=0.43..83.99 rows=10 width=121)
	  Index Cond: (id = ANY ('{1724379,7586552,3115701,2130832,9481239,8406712,8661493,4446200,4887104,7702006}'::integer[]))

table 6 : explain SELECT c FROM sbtest6 WHERE id IN ( 1724379, 7586552, 3115701, 2130832, 9481239, 8406712, 8661493, 4446200, 4887104, 7702006)
	Index Scan using sbtest6_pkey on sbtest6  (cost=0.43..83.94 rows=10 width=121)
	  Index Cond: (id = ANY ('{1724379,7586552,3115701,2130832,9481239,8406712,8661493,4446200,4887104,7702006}'::integer[]))

table 7 : explain SELECT c FROM sbtest7 WHERE id IN ( 1724379, 7586552, 3115701, 2130832, 9481239, 8406712, 8661493, 4446200, 4887104, 7702006)
	Index Scan using sbtest7_pkey on sbtest7  (cost=0.43..83.97 rows=10 width=121)
	  Index Cond: (id = ANY ('{1724379,7586552,3115701,2130832,9481239,8406712,8661493,4446200,4887104,7702006}'::integer[]))

table 8 : explain SELECT c FROM sbtest8 WHERE id IN ( 1724379, 7586552, 3115701, 2130832, 9481239, 8406712, 8661493, 4446200, 4887104, 7702006)
	Index Scan using sbtest8_pkey on sbtest8  (cost=0.43..83.83 rows=10 width=121)
	  Index Cond: (id = ANY ('{1724379,7586552,3115701,2130832,9481239,8406712,8661493,4446200,4887104,7702006}'::integer[]))

explain: for select-inlist :: explain SELECT c FROM sbtest%d WHERE id IN ( 7504722, 2853117, 3006, 8064757, 8197884, 6704382, 4953269, 6957317, 4741042, 659910)
for select-inlist
table 1 : explain SELECT c FROM sbtest1 WHERE id IN ( 7504722, 2853117, 3006, 8064757, 8197884, 6704382, 4953269, 6957317, 4741042, 659910)
	Index Scan using sbtest1_pkey on sbtest1  (cost=0.43..84.11 rows=10 width=121)
	  Index Cond: (id = ANY ('{7504722,2853117,3006,8064757,8197884,6704382,4953269,6957317,4741042,659910}'::integer[]))

table 2 : explain SELECT c FROM sbtest2 WHERE id IN ( 7504722, 2853117, 3006, 8064757, 8197884, 6704382, 4953269, 6957317, 4741042, 659910)
	Index Scan using sbtest2_pkey on sbtest2  (cost=0.43..84.05 rows=10 width=121)
	  Index Cond: (id = ANY ('{7504722,2853117,3006,8064757,8197884,6704382,4953269,6957317,4741042,659910}'::integer[]))

table 3 : explain SELECT c FROM sbtest3 WHERE id IN ( 7504722, 2853117, 3006, 8064757, 8197884, 6704382, 4953269, 6957317, 4741042, 659910)
	Index Scan using sbtest3_pkey on sbtest3  (cost=0.43..83.98 rows=10 width=121)
	  Index Cond: (id = ANY ('{7504722,2853117,3006,8064757,8197884,6704382,4953269,6957317,4741042,659910}'::integer[]))

table 4 : explain SELECT c FROM sbtest4 WHERE id IN ( 7504722, 2853117, 3006, 8064757, 8197884, 6704382, 4953269, 6957317, 4741042, 659910)
	Index Scan using sbtest4_pkey on sbtest4  (cost=0.43..83.95 rows=10 width=121)
	  Index Cond: (id = ANY ('{7504722,2853117,3006,8064757,8197884,6704382,4953269,6957317,4741042,659910}'::integer[]))

table 5 : explain SELECT c FROM sbtest5 WHERE id IN ( 7504722, 2853117, 3006, 8064757, 8197884, 6704382, 4953269, 6957317, 4741042, 659910)
	Index Scan using sbtest5_pkey on sbtest5  (cost=0.43..83.99 rows=10 width=121)
	  Index Cond: (id = ANY ('{7504722,2853117,3006,8064757,8197884,6704382,4953269,6957317,4741042,659910}'::integer[]))

table 6 : explain SELECT c FROM sbtest6 WHERE id IN ( 7504722, 2853117, 3006, 8064757, 8197884, 6704382, 4953269, 6957317, 4741042, 659910)
	Index Scan using sbtest6_pkey on sbtest6  (cost=0.43..83.94 rows=10 width=121)
	  Index Cond: (id = ANY ('{7504722,2853117,3006,8064757,8197884,6704382,4953269,6957317,4741042,659910}'::integer[]))

table 7 : explain SELECT c FROM sbtest7 WHERE id IN ( 7504722, 2853117, 3006, 8064757, 8197884, 6704382, 4953269, 6957317, 4741042, 659910)
	Index Scan using sbtest7_pkey on sbtest7  (cost=0.43..83.97 rows=10 width=121)
	  Index Cond: (id = ANY ('{7504722,2853117,3006,8064757,8197884,6704382,4953269,6957317,4741042,659910}'::integer[]))

table 8 : explain SELECT c FROM sbtest8 WHERE id IN ( 7504722, 2853117, 3006, 8064757, 8197884, 6704382, 4953269, 6957317, 4741042, 659910)
	Index Scan using sbtest8_pkey on sbtest8  (cost=0.43..83.83 rows=10 width=121)
	  Index Cond: (id = ANY ('{7504722,2853117,3006,8064757,8197884,6704382,4953269,6957317,4741042,659910}'::integer[]))

Threads started!

Warming up for 5 seconds...

SQL statistics:
    queries performed:
        read:                            297687238
        write:                           0
        other:                           0
        total:                           297687238
    transactions:                        297687238 (472513.44 per sec.)
    queries:                             297687238 (472513.44 per sec.)
    ignored errors:                      0      (0.00 per sec.)
    reconnects:                          0      (0.00 per sec.)

Throughput:
    events/s (eps):                      472513.4359
    time elapsed:                        630.0093s
    total number of events:              297687238

Latency (ms):
         min:                                    0.07
         avg:                                    0.08
         max:                                   16.15
         95th percentile:                        0.09
         sum:                             25029778.04

Threads fairness:
    events (avg/stddev):           7442174.1750/45013.25
    execution time (avg/stddev):   625.7445/0.14

