LUA_PATH=/home/mdcallag/git/mytools/bench/sysbench.lua/lua/?.lua /home/mdcallag/git/mytools/bench/sysbench.lua/lua/sysbench --db-driver=pgsql --range-size=100 --table-size=10000000 --tables=8 --threads=40 --events=0 --warmup-time=5 --time=630 --pgsql_conn_id=true /home/mdcallag/git/mytools/bench/sysbench.lua/lua/oltp_range_covered.lua run --pgsql-user=root --pgsql-password=pw --pgsql-host=127.0.0.1 --pgsql-db=ib --rand-type=uniform --random-points=100 --skip-trx
48 CPUs
sysbench 1.1.0-9072687 (using bundled LuaJIT 2.1.0-beta3)

Running the test with following options:
Number of threads: 40
Warmup time: 5s
Initializing random number generator from current time


Initializing worker threads...

explain: for range-covered :: explain SELECT id FROM sbtest%d WHERE id BETWEEN 5109484 AND 5109584
explain: for range-covered :: explain SELECT id FROM sbtest%d WHERE id BETWEEN 4352996 AND 4353096
for range-covered
table 1 : explain SELECT id FROM sbtest1 WHERE id BETWEEN 5109484 AND 5109584
	Index Only Scan using sbtest1_pkey on sbtest1  (cost=0.43..6.61 rows=109 width=4)
	  Index Cond: ((id >= 5109484) AND (id <= 5109584))

table 2 : explain SELECT id FROM sbtest2 WHERE id BETWEEN 5109484 AND 5109584
	Index Only Scan using sbtest2_pkey on sbtest2  (cost=0.43..6.59 rows=108 width=4)
	  Index Cond: ((id >= 5109484) AND (id <= 5109584))

table 3 : explain SELECT id FROM sbtest3 WHERE id BETWEEN 5109484 AND 5109584
	Index Only Scan using sbtest3_pkey on sbtest3  (cost=0.43..6.59 rows=108 width=4)
	  Index Cond: ((id >= 5109484) AND (id <= 5109584))

table 4 : explain SELECT id FROM sbtest4 WHERE id BETWEEN 5109484 AND 5109584
	Index Only Scan using sbtest4_pkey on sbtest4  (cost=0.43..6.56 rows=106 width=4)
	  Index Cond: ((id >= 5109484) AND (id <= 5109584))

table 5 : explain SELECT id FROM sbtest5 WHERE id BETWEEN 5109484 AND 5109584
	Index Only Scan using sbtest5_pkey on sbtest5  (cost=0.43..6.53 rows=105 width=4)
	  Index Cond: ((id >= 5109484) AND (id <= 5109584))

table 6 : explain SELECT id FROM sbtest6 WHERE id BETWEEN 5109484 AND 5109584
	Index Only Scan using sbtest6_pkey on sbtest6  (cost=0.43..6.59 rows=108 width=4)
	  Index Cond: ((id >= 5109484) AND (id <= 5109584))

table 7 : explain SELECT id FROM sbtest7 WHERE id BETWEEN 5109484 AND 5109584
	Index Only Scan using sbtest7_pkey on sbtest7  (cost=0.43..6.47 rows=102 width=4)
	  Index Cond: ((id >= 5109484) AND (id <= 5109584))

table 8 : explain SELECT id FROM sbtest8 WHERE id BETWEEN 5109484 AND 5109584
	Index Only Scan using sbtest8_pkey on sbtest8  (cost=0.43..6.61 rows=109 width=4)
	  Index Cond: ((id >= 5109484) AND (id <= 5109584))

explain: for range-covered :: explain SELECT id FROM sbtest%d WHERE id BETWEEN 5109484 AND 5109584
explain: for range-covered :: explain SELECT id FROM sbtest%d WHERE id BETWEEN 2200774 AND 2200874
explain: for range-covered :: explain SELECT id FROM sbtest%d WHERE id BETWEEN 4102830 AND 4102930
explain: for range-covered :: explain SELECT id FROM sbtest%d WHERE id BETWEEN 6768204 AND 6768304
explain: for range-covered :: explain SELECT id FROM sbtest%d WHERE id BETWEEN 2605997 AND 2606097
for range-covered
table 1 : explain SELECT id FROM sbtest1 WHERE id BETWEEN 5109484 AND 5109584
	Index Only Scan using sbtest1_pkey on sbtest1  (cost=0.43..6.61 rows=109 width=4)
	  Index Cond: ((id >= 5109484) AND (id <= 5109584))

table 2 : explain SELECT id FROM sbtest2 WHERE id BETWEEN 5109484 AND 5109584
	Index Only Scan using sbtest2_pkey on sbtest2  (cost=0.43..6.59 rows=108 width=4)
	  Index Cond: ((id >= 5109484) AND (id <= 5109584))

table 3 : explain SELECT id FROM sbtest3 WHERE id BETWEEN 5109484 AND 5109584
	Index Only Scan using sbtest3_pkey on sbtest3  (cost=0.43..6.59 rows=108 width=4)
	  Index Cond: ((id >= 5109484) AND (id <= 5109584))

table 4 : explain SELECT id FROM sbtest4 WHERE id BETWEEN 5109484 AND 5109584
	Index Only Scan using sbtest4_pkey on sbtest4  (cost=0.43..6.56 rows=106 width=4)
	  Index Cond: ((id >= 5109484) AND (id <= 5109584))

table 5 : explain SELECT id FROM sbtest5 WHERE id BETWEEN 5109484 AND 5109584
	Index Only Scan using sbtest5_pkey on sbtest5  (cost=0.43..6.53 rows=105 width=4)
	  Index Cond: ((id >= 5109484) AND (id <= 5109584))

table 6 : explain SELECT id FROM sbtest6 WHERE id BETWEEN 5109484 AND 5109584
	Index Only Scan using sbtest6_pkey on sbtest6  (cost=0.43..6.59 rows=108 width=4)
	  Index Cond: ((id >= 5109484) AND (id <= 5109584))

table 7 : explain SELECT id FROM sbtest7 WHERE id BETWEEN 5109484 AND 5109584
	Index Only Scan using sbtest7_pkey on sbtest7  (cost=0.43..6.47 rows=102 width=4)
	  Index Cond: ((id >= 5109484) AND (id <= 5109584))

table 8 : explain SELECT id FROM sbtest8 WHERE id BETWEEN 5109484 AND 5109584
	Index Only Scan using sbtest8_pkey on sbtest8  (cost=0.43..6.61 rows=109 width=4)
	  Index Cond: ((id >= 5109484) AND (id <= 5109584))

explain: for range-covered :: explain SELECT id FROM sbtest%d WHERE id BETWEEN 5109484 AND 5109584
for range-covered
table 1 : explain SELECT id FROM sbtest1 WHERE id BETWEEN 2200774 AND 2200874
	Index Only Scan using sbtest1_pkey on sbtest1  (cost=0.43..6.51 rows=104 width=4)
	  Index Cond: ((id >= 2200774) AND (id <= 2200874))

table 2 : explain SELECT id FROM sbtest2 WHERE id BETWEEN 2200774 AND 2200874
	Index Only Scan using sbtest2_pkey on sbtest2  (cost=0.43..6.42 rows=99 width=4)
	  Index Cond: ((id >= 2200774) AND (id <= 2200874))

table 3 : explain SELECT id FROM sbtest3 WHERE id BETWEEN 2200774 AND 2200874
	Index Only Scan using sbtest3_pkey on sbtest3  (cost=0.43..6.51 rows=104 width=4)
	  Index Cond: ((id >= 2200774) AND (id <= 2200874))

table 4 : explain SELECT id FROM sbtest4 WHERE id BETWEEN 2200774 AND 2200874
	Index Only Scan using sbtest4_pkey on sbtest4  (cost=0.43..6.42 rows=99 width=4)
	  Index Cond: ((id >= 2200774) AND (id <= 2200874))

table 5 : explain SELECT id FROM sbtest5 WHERE id BETWEEN 2200774 AND 2200874
	Index Only Scan using sbtest5_pkey on sbtest5  (cost=0.43..6.63 rows=110 width=4)
	  Index Cond: ((id >= 2200774) AND (id <= 2200874))

table 6 : explain SELECT id FROM sbtest6 WHERE id BETWEEN 2200774 AND 2200874
	Index Only Scan using sbtest6_pkey on sbtest6  (cost=0.43..6.35 rows=96 width=4)
	  Index Cond: ((id >= 2200774) AND (id <= 2200874))

table 7 : explain SELECT id FROM sbtest7 WHERE id BETWEEN 2200774 AND 2200874
	Index Only Scan using sbtest7_pkey on sbtest7  (cost=0.43..6.43 rows=100 width=4)
	  Index Cond: ((id >= 2200774) AND (id <= 2200874))

table 8 : explain SELECT id FROM sbtest8 WHERE id BETWEEN 2200774 AND 2200874
	Index Only Scan using sbtest8_pkey on sbtest8  (cost=0.43..6.51 rows=104 width=4)
	  Index Cond: ((id >= 2200774) AND (id <= 2200874))

explain: for range-covered :: explain SELECT id FROM sbtest%d WHERE id BETWEEN 2200774 AND 2200874
for range-covered
table 1 : explain SELECT id FROM sbtest1 WHERE id BETWEEN 5109484 AND 5109584
	Index Only Scan using sbtest1_pkey on sbtest1  (cost=0.43..6.61 rows=109 width=4)
	  Index Cond: ((id >= 5109484) AND (id <= 5109584))

table 2 : explain SELECT id FROM sbtest2 WHERE id BETWEEN 5109484 AND 5109584
	Index Only Scan using sbtest2_pkey on sbtest2  (cost=0.43..6.59 rows=108 width=4)
	  Index Cond: ((id >= 5109484) AND (id <= 5109584))

table 3 : explain SELECT id FROM sbtest3 WHERE id BETWEEN 5109484 AND 5109584
	Index Only Scan using sbtest3_pkey on sbtest3  (cost=0.43..6.59 rows=108 width=4)
	  Index Cond: ((id >= 5109484) AND (id <= 5109584))

table 4 : explain SELECT id FROM sbtest4 WHERE id BETWEEN 5109484 AND 5109584
	Index Only Scan using sbtest4_pkey on sbtest4  (cost=0.43..6.56 rows=106 width=4)
	  Index Cond: ((id >= 5109484) AND (id <= 5109584))

table 5 : explain SELECT id FROM sbtest5 WHERE id BETWEEN 5109484 AND 5109584
	Index Only Scan using sbtest5_pkey on sbtest5  (cost=0.43..6.53 rows=105 width=4)
	  Index Cond: ((id >= 5109484) AND (id <= 5109584))

table 6 : explain SELECT id FROM sbtest6 WHERE id BETWEEN 5109484 AND 5109584
	Index Only Scan using sbtest6_pkey on sbtest6  (cost=0.43..6.59 rows=108 width=4)
	  Index Cond: ((id >= 5109484) AND (id <= 5109584))

table 7 : explain SELECT id FROM sbtest7 WHERE id BETWEEN 5109484 AND 5109584
	Index Only Scan using sbtest7_pkey on sbtest7  (cost=0.43..6.47 rows=102 width=4)
	  Index Cond: ((id >= 5109484) AND (id <= 5109584))

table 8 : explain SELECT id FROM sbtest8 WHERE id BETWEEN 5109484 AND 5109584
	Index Only Scan using sbtest8_pkey on sbtest8  (cost=0.43..6.61 rows=109 width=4)
	  Index Cond: ((id >= 5109484) AND (id <= 5109584))

explain: for range-covered :: explain SELECT id FROM sbtest%d WHERE id BETWEEN 5109484 AND 5109584
explain: for range-covered :: explain SELECT id FROM sbtest%d WHERE id BETWEEN 5496299 AND 5496399
for range-covered
table 1 : explain SELECT id FROM sbtest1 WHERE id BETWEEN 2605997 AND 2606097
	Index Only Scan using sbtest1_pkey on sbtest1  (cost=0.43..6.42 rows=99 width=4)
	  Index Cond: ((id >= 2605997) AND (id <= 2606097))

table 2 : explain SELECT id FROM sbtest2 WHERE id BETWEEN 2605997 AND 2606097
	Index Only Scan using sbtest2_pkey on sbtest2  (cost=0.43..6.35 rows=96 width=4)
	  Index Cond: ((id >= 2605997) AND (id <= 2606097))

table 3 : explain SELECT id FROM sbtest3 WHERE id BETWEEN 2605997 AND 2606097
	Index Only Scan using sbtest3_pkey on sbtest3  (cost=0.43..6.59 rows=108 width=4)
	  Index Cond: ((id >= 2605997) AND (id <= 2606097))

table 4 : explain SELECT id FROM sbtest4 WHERE id BETWEEN 2605997 AND 2606097
	Index Only Scan using sbtest4_pkey on sbtest4  (cost=0.43..6.42 rows=99 width=4)
	  Index Cond: ((id >= 2605997) AND (id <= 2606097))

table 5 : explain SELECT id FROM sbtest5 WHERE id BETWEEN 2605997 AND 2606097
	Index Only Scan using sbtest5_pkey on sbtest5  (cost=0.43..6.33 rows=95 width=4)
	  Index Cond: ((id >= 2605997) AND (id <= 2606097))

table 6 : explain SELECT id FROM sbtest6 WHERE id BETWEEN 2605997 AND 2606097
	Index Only Scan using sbtest6_pkey on sbtest6  (cost=0.43..6.72 rows=114 width=4)
	  Index Cond: ((id >= 2605997) AND (id <= 2606097))

table 7 : explain SELECT id FROM sbtest7 WHERE id BETWEEN 2605997 AND 2606097
	Index Only Scan using sbtest7_pkey on sbtest7  (cost=0.43..6.53 rows=105 width=4)
	  Index Cond: ((id >= 2605997) AND (id <= 2606097))

table 8 : explain SELECT id FROM sbtest8 WHERE id BETWEEN 2605997 AND 2606097
	Index Only Scan using sbtest8_pkey on sbtest8  (cost=0.43..6.32 rows=94 width=4)
	  Index Cond: ((id >= 2605997) AND (id <= 2606097))

explain: for range-covered :: explain SELECT id FROM sbtest%d WHERE id BETWEEN 2605997 AND 2606097
for range-covered
table 1 : explain SELECT id FROM sbtest1 WHERE id BETWEEN 2200774 AND 2200874
	Index Only Scan using sbtest1_pkey on sbtest1  (cost=0.43..6.51 rows=104 width=4)
	  Index Cond: ((id >= 2200774) AND (id <= 2200874))

table 2 : explain SELECT id FROM sbtest2 WHERE id BETWEEN 2200774 AND 2200874
	Index Only Scan using sbtest2_pkey on sbtest2  (cost=0.43..6.42 rows=99 width=4)
	  Index Cond: ((id >= 2200774) AND (id <= 2200874))

table 3 : explain SELECT id FROM sbtest3 WHERE id BETWEEN 2200774 AND 2200874
	Index Only Scan using sbtest3_pkey on sbtest3  (cost=0.43..6.51 rows=104 width=4)
	  Index Cond: ((id >= 2200774) AND (id <= 2200874))

table 4 : explain SELECT id FROM sbtest4 WHERE id BETWEEN 2200774 AND 2200874
	Index Only Scan using sbtest4_pkey on sbtest4  (cost=0.43..6.42 rows=99 width=4)
	  Index Cond: ((id >= 2200774) AND (id <= 2200874))

table 5 : explain SELECT id FROM sbtest5 WHERE id BETWEEN 2200774 AND 2200874
	Index Only Scan using sbtest5_pkey on sbtest5  (cost=0.43..6.63 rows=110 width=4)
	  Index Cond: ((id >= 2200774) AND (id <= 2200874))

table 6 : explain SELECT id FROM sbtest6 WHERE id BETWEEN 2200774 AND 2200874
	Index Only Scan using sbtest6_pkey on sbtest6  (cost=0.43..6.35 rows=96 width=4)
	  Index Cond: ((id >= 2200774) AND (id <= 2200874))

table 7 : explain SELECT id FROM sbtest7 WHERE id BETWEEN 2200774 AND 2200874
	Index Only Scan using sbtest7_pkey on sbtest7  (cost=0.43..6.43 rows=100 width=4)
	  Index Cond: ((id >= 2200774) AND (id <= 2200874))

table 8 : explain SELECT id FROM sbtest8 WHERE id BETWEEN 2200774 AND 2200874
	Index Only Scan using sbtest8_pkey on sbtest8  (cost=0.43..6.51 rows=104 width=4)
	  Index Cond: ((id >= 2200774) AND (id <= 2200874))

explain: for range-covered :: explain SELECT id FROM sbtest%d WHERE id BETWEEN 2200774 AND 2200874
for range-covered
table 1 : explain SELECT id FROM sbtest1 WHERE id BETWEEN 4352996 AND 4353096
	Index Only Scan using sbtest1_pkey on sbtest1  (cost=0.43..6.25 rows=91 width=4)
	  Index Cond: ((id >= 4352996) AND (id <= 4353096))

table 2 : explain SELECT id FROM sbtest2 WHERE id BETWEEN 4352996 AND 4353096
	Index Only Scan using sbtest2_pkey on sbtest2  (cost=0.43..6.25 rows=91 width=4)
	  Index Cond: ((id >= 4352996) AND (id <= 4353096))

table 3 : explain SELECT id FROM sbtest3 WHERE id BETWEEN 4352996 AND 4353096
	Index Only Scan using sbtest3_pkey on sbtest3  (cost=0.43..6.45 rows=101 width=4)
	  Index Cond: ((id >= 4352996) AND (id <= 4353096))

table 4 : explain SELECT id FROM sbtest4 WHERE id BETWEEN 4352996 AND 4353096
	Index Only Scan using sbtest4_pkey on sbtest4  (cost=0.43..6.47 rows=102 width=4)
	  Index Cond: ((id >= 4352996) AND (id <= 4353096))

table 5 : explain SELECT id FROM sbtest5 WHERE id BETWEEN 4352996 AND 4353096
	Index Only Scan using sbtest5_pkey on sbtest5  (cost=0.43..6.43 rows=100 width=4)
	  Index Cond: ((id >= 4352996) AND (id <= 4353096))

table 6 : explain SELECT id FROM sbtest6 WHERE id BETWEEN 4352996 AND 4353096
	Index Only Scan using sbtest6_pkey on sbtest6  (cost=0.43..6.45 rows=101 width=4)
	  Index Cond: ((id >= 4352996) AND (id <= 4353096))

table 7 : explain SELECT id FROM sbtest7 WHERE id BETWEEN 4352996 AND 4353096
	Index Only Scan using sbtest7_pkey on sbtest7  (cost=0.43..6.40 rows=98 width=4)
	  Index Cond: ((id >= 4352996) AND (id <= 4353096))

table 8 : explain SELECT id FROM sbtest8 WHERE id BETWEEN 4352996 AND 4353096
	Index Only Scan using sbtest8_pkey on sbtest8  (cost=0.43..6.50 rows=103 width=4)
	  Index Cond: ((id >= 4352996) AND (id <= 4353096))

explain: for range-covered :: explain SELECT id FROM sbtest%d WHERE id BETWEEN 4352996 AND 4353096
for range-covered
table 1 : explain SELECT id FROM sbtest1 WHERE id BETWEEN 5109484 AND 5109584
	Index Only Scan using sbtest1_pkey on sbtest1  (cost=0.43..6.61 rows=109 width=4)
	  Index Cond: ((id >= 5109484) AND (id <= 5109584))

table 2 : explain SELECT id FROM sbtest2 WHERE id BETWEEN 5109484 AND 5109584
	Index Only Scan using sbtest2_pkey on sbtest2  (cost=0.43..6.59 rows=108 width=4)
	  Index Cond: ((id >= 5109484) AND (id <= 5109584))

table 3 : explain SELECT id FROM sbtest3 WHERE id BETWEEN 5109484 AND 5109584
	Index Only Scan using sbtest3_pkey on sbtest3  (cost=0.43..6.59 rows=108 width=4)
	  Index Cond: ((id >= 5109484) AND (id <= 5109584))

table 4 : explain SELECT id FROM sbtest4 WHERE id BETWEEN 5109484 AND 5109584
	Index Only Scan using sbtest4_pkey on sbtest4  (cost=0.43..6.56 rows=106 width=4)
	  Index Cond: ((id >= 5109484) AND (id <= 5109584))

table 5 : explain SELECT id FROM sbtest5 WHERE id BETWEEN 5109484 AND 5109584
	Index Only Scan using sbtest5_pkey on sbtest5  (cost=0.43..6.53 rows=105 width=4)
	  Index Cond: ((id >= 5109484) AND (id <= 5109584))

table 6 : explain SELECT id FROM sbtest6 WHERE id BETWEEN 5109484 AND 5109584
	Index Only Scan using sbtest6_pkey on sbtest6  (cost=0.43..6.59 rows=108 width=4)
	  Index Cond: ((id >= 5109484) AND (id <= 5109584))

table 7 : explain SELECT id FROM sbtest7 WHERE id BETWEEN 5109484 AND 5109584
	Index Only Scan using sbtest7_pkey on sbtest7  (cost=0.43..6.47 rows=102 width=4)
	  Index Cond: ((id >= 5109484) AND (id <= 5109584))

table 8 : explain SELECT id FROM sbtest8 WHERE id BETWEEN 5109484 AND 5109584
	Index Only Scan using sbtest8_pkey on sbtest8  (cost=0.43..6.61 rows=109 width=4)
	  Index Cond: ((id >= 5109484) AND (id <= 5109584))

explain: for range-covered :: explain SELECT id FROM sbtest%d WHERE id BETWEEN 5109484 AND 5109584
for range-covered
table 1 : explain SELECT id FROM sbtest1 WHERE id BETWEEN 2605997 AND 2606097
	Index Only Scan using sbtest1_pkey on sbtest1  (cost=0.43..6.42 rows=99 width=4)
	  Index Cond: ((id >= 2605997) AND (id <= 2606097))

table 2 : explain SELECT id FROM sbtest2 WHERE id BETWEEN 2605997 AND 2606097
	Index Only Scan using sbtest2_pkey on sbtest2  (cost=0.43..6.35 rows=96 width=4)
	  Index Cond: ((id >= 2605997) AND (id <= 2606097))

table 3 : explain SELECT id FROM sbtest3 WHERE id BETWEEN 2605997 AND 2606097
	Index Only Scan using sbtest3_pkey on sbtest3  (cost=0.43..6.59 rows=108 width=4)
	  Index Cond: ((id >= 2605997) AND (id <= 2606097))

table 4 : explain SELECT id FROM sbtest4 WHERE id BETWEEN 2605997 AND 2606097
	Index Only Scan using sbtest4_pkey on sbtest4  (cost=0.43..6.42 rows=99 width=4)
	  Index Cond: ((id >= 2605997) AND (id <= 2606097))

table 5 : explain SELECT id FROM sbtest5 WHERE id BETWEEN 2605997 AND 2606097
	Index Only Scan using sbtest5_pkey on sbtest5  (cost=0.43..6.33 rows=95 width=4)
	  Index Cond: ((id >= 2605997) AND (id <= 2606097))

table 6 : explain SELECT id FROM sbtest6 WHERE id BETWEEN 2605997 AND 2606097
	Index Only Scan using sbtest6_pkey on sbtest6  (cost=0.43..6.72 rows=114 width=4)
	  Index Cond: ((id >= 2605997) AND (id <= 2606097))

table 7 : explain SELECT id FROM sbtest7 WHERE id BETWEEN 2605997 AND 2606097
	Index Only Scan using sbtest7_pkey on sbtest7  (cost=0.43..6.53 rows=105 width=4)
	  Index Cond: ((id >= 2605997) AND (id <= 2606097))

table 8 : explain SELECT id FROM sbtest8 WHERE id BETWEEN 2605997 AND 2606097
	Index Only Scan using sbtest8_pkey on sbtest8  (cost=0.43..6.32 rows=94 width=4)
	  Index Cond: ((id >= 2605997) AND (id <= 2606097))

for range-covered
table 1 : explain SELECT id FROM sbtest1 WHERE id BETWEEN 2200774 AND 2200874
	Index Only Scan using sbtest1_pkey on sbtest1  (cost=0.43..6.51 rows=104 width=4)
	  Index Cond: ((id >= 2200774) AND (id <= 2200874))

table 2 : explain SELECT id FROM sbtest2 WHERE id BETWEEN 2200774 AND 2200874
	Index Only Scan using sbtest2_pkey on sbtest2  (cost=0.43..6.42 rows=99 width=4)
	  Index Cond: ((id >= 2200774) AND (id <= 2200874))

table 3 : explain SELECT id FROM sbtest3 WHERE id BETWEEN 2200774 AND 2200874
	Index Only Scan using sbtest3_pkey on sbtest3  (cost=0.43..6.51 rows=104 width=4)
	  Index Cond: ((id >= 2200774) AND (id <= 2200874))

table 4 : explain SELECT id FROM sbtest4 WHERE id BETWEEN 2200774 AND 2200874
	Index Only Scan using sbtest4_pkey on sbtest4  (cost=0.43..6.42 rows=99 width=4)
	  Index Cond: ((id >= 2200774) AND (id <= 2200874))

table 5 : explain SELECT id FROM sbtest5 WHERE id BETWEEN 2200774 AND 2200874
	Index Only Scan using sbtest5_pkey on sbtest5  (cost=0.43..6.63 rows=110 width=4)
	  Index Cond: ((id >= 2200774) AND (id <= 2200874))

table 6 : explain SELECT id FROM sbtest6 WHERE id BETWEEN 2200774 AND 2200874
	Index Only Scan using sbtest6_pkey on sbtest6  (cost=0.43..6.35 rows=96 width=4)
	  Index Cond: ((id >= 2200774) AND (id <= 2200874))

table 7 : explain SELECT id FROM sbtest7 WHERE id BETWEEN 2200774 AND 2200874
	Index Only Scan using sbtest7_pkey on sbtest7  (cost=0.43..6.43 rows=100 width=4)
	  Index Cond: ((id >= 2200774) AND (id <= 2200874))

table 8 : explain SELECT id FROM sbtest8 WHERE id BETWEEN 2200774 AND 2200874
	Index Only Scan using sbtest8_pkey on sbtest8  (cost=0.43..6.51 rows=104 width=4)
	  Index Cond: ((id >= 2200774) AND (id <= 2200874))

explain: for range-covered :: explain SELECT id FROM sbtest%d WHERE id BETWEEN 2605997 AND 2606097
explain: for range-covered :: explain SELECT id FROM sbtest%d WHERE id BETWEEN 2200774 AND 2200874
for range-covered
table 1 : explain SELECT id FROM sbtest1 WHERE id BETWEEN 4352996 AND 4353096
	Index Only Scan using sbtest1_pkey on sbtest1  (cost=0.43..6.25 rows=91 width=4)
	  Index Cond: ((id >= 4352996) AND (id <= 4353096))

table 2 : explain SELECT id FROM sbtest2 WHERE id BETWEEN 4352996 AND 4353096
	Index Only Scan using sbtest2_pkey on sbtest2  (cost=0.43..6.25 rows=91 width=4)
	  Index Cond: ((id >= 4352996) AND (id <= 4353096))

table 3 : explain SELECT id FROM sbtest3 WHERE id BETWEEN 4352996 AND 4353096
	Index Only Scan using sbtest3_pkey on sbtest3  (cost=0.43..6.45 rows=101 width=4)
	  Index Cond: ((id >= 4352996) AND (id <= 4353096))

table 4 : explain SELECT id FROM sbtest4 WHERE id BETWEEN 4352996 AND 4353096
	Index Only Scan using sbtest4_pkey on sbtest4  (cost=0.43..6.47 rows=102 width=4)
	  Index Cond: ((id >= 4352996) AND (id <= 4353096))

table 5 : explain SELECT id FROM sbtest5 WHERE id BETWEEN 4352996 AND 4353096
	Index Only Scan using sbtest5_pkey on sbtest5  (cost=0.43..6.43 rows=100 width=4)
	  Index Cond: ((id >= 4352996) AND (id <= 4353096))

table 6 : explain SELECT id FROM sbtest6 WHERE id BETWEEN 4352996 AND 4353096
	Index Only Scan using sbtest6_pkey on sbtest6  (cost=0.43..6.45 rows=101 width=4)
	  Index Cond: ((id >= 4352996) AND (id <= 4353096))

table 7 : explain SELECT id FROM sbtest7 WHERE id BETWEEN 4352996 AND 4353096
	Index Only Scan using sbtest7_pkey on sbtest7  (cost=0.43..6.40 rows=98 width=4)
	  Index Cond: ((id >= 4352996) AND (id <= 4353096))

table 8 : explain SELECT id FROM sbtest8 WHERE id BETWEEN 4352996 AND 4353096
	Index Only Scan using sbtest8_pkey on sbtest8  (cost=0.43..6.50 rows=103 width=4)
	  Index Cond: ((id >= 4352996) AND (id <= 4353096))

for range-covered
table 1 : explain SELECT id FROM sbtest1 WHERE id BETWEEN 5109484 AND 5109584
	Index Only Scan using sbtest1_pkey on sbtest1  (cost=0.43..6.61 rows=109 width=4)
	  Index Cond: ((id >= 5109484) AND (id <= 5109584))

table 2 : explain SELECT id FROM sbtest2 WHERE id BETWEEN 5109484 AND 5109584
	Index Only Scan using sbtest2_pkey on sbtest2  (cost=0.43..6.59 rows=108 width=4)
	  Index Cond: ((id >= 5109484) AND (id <= 5109584))

table 3 : explain SELECT id FROM sbtest3 WHERE id BETWEEN 5109484 AND 5109584
	Index Only Scan using sbtest3_pkey on sbtest3  (cost=0.43..6.59 rows=108 width=4)
	  Index Cond: ((id >= 5109484) AND (id <= 5109584))

table 4 : explain SELECT id FROM sbtest4 WHERE id BETWEEN 5109484 AND 5109584
	Index Only Scan using sbtest4_pkey on sbtest4  (cost=0.43..6.56 rows=106 width=4)
	  Index Cond: ((id >= 5109484) AND (id <= 5109584))

table 5 : explain SELECT id FROM sbtest5 WHERE id BETWEEN 5109484 AND 5109584
	Index Only Scan using sbtest5_pkey on sbtest5  (cost=0.43..6.53 rows=105 width=4)
	  Index Cond: ((id >= 5109484) AND (id <= 5109584))

table 6 : explain SELECT id FROM sbtest6 WHERE id BETWEEN 5109484 AND 5109584
	Index Only Scan using sbtest6_pkey on sbtest6  (cost=0.43..6.59 rows=108 width=4)
	  Index Cond: ((id >= 5109484) AND (id <= 5109584))

table 7 : explain SELECT id FROM sbtest7 WHERE id BETWEEN 5109484 AND 5109584
	Index Only Scan using sbtest7_pkey on sbtest7  (cost=0.43..6.47 rows=102 width=4)
	  Index Cond: ((id >= 5109484) AND (id <= 5109584))

table 8 : explain SELECT id FROM sbtest8 WHERE id BETWEEN 5109484 AND 5109584
	Index Only Scan using sbtest8_pkey on sbtest8  (cost=0.43..6.61 rows=109 width=4)
	  Index Cond: ((id >= 5109484) AND (id <= 5109584))

explain: for range-covered :: explain SELECT id FROM sbtest%d WHERE id BETWEEN 4352996 AND 4353096
explain: for range-covered :: explain SELECT id FROM sbtest%d WHERE id BETWEEN 5109484 AND 5109584
for range-covered
table 1 : explain SELECT id FROM sbtest1 WHERE id BETWEEN 2200774 AND 2200874
	Index Only Scan using sbtest1_pkey on sbtest1  (cost=0.43..6.51 rows=104 width=4)
	  Index Cond: ((id >= 2200774) AND (id <= 2200874))

table 2 : explain SELECT id FROM sbtest2 WHERE id BETWEEN 2200774 AND 2200874
	Index Only Scan using sbtest2_pkey on sbtest2  (cost=0.43..6.42 rows=99 width=4)
	  Index Cond: ((id >= 2200774) AND (id <= 2200874))

table 3 : explain SELECT id FROM sbtest3 WHERE id BETWEEN 2200774 AND 2200874
	Index Only Scan using sbtest3_pkey on sbtest3  (cost=0.43..6.51 rows=104 width=4)
	  Index Cond: ((id >= 2200774) AND (id <= 2200874))

table 4 : explain SELECT id FROM sbtest4 WHERE id BETWEEN 2200774 AND 2200874
	Index Only Scan using sbtest4_pkey on sbtest4  (cost=0.43..6.42 rows=99 width=4)
	  Index Cond: ((id >= 2200774) AND (id <= 2200874))

table 5 : explain SELECT id FROM sbtest5 WHERE id BETWEEN 2200774 AND 2200874
	Index Only Scan using sbtest5_pkey on sbtest5  (cost=0.43..6.63 rows=110 width=4)
	  Index Cond: ((id >= 2200774) AND (id <= 2200874))

table 6 : explain SELECT id FROM sbtest6 WHERE id BETWEEN 2200774 AND 2200874
	Index Only Scan using sbtest6_pkey on sbtest6  (cost=0.43..6.35 rows=96 width=4)
	  Index Cond: ((id >= 2200774) AND (id <= 2200874))

table 7 : explain SELECT id FROM sbtest7 WHERE id BETWEEN 2200774 AND 2200874
	Index Only Scan using sbtest7_pkey on sbtest7  (cost=0.43..6.43 rows=100 width=4)
	  Index Cond: ((id >= 2200774) AND (id <= 2200874))

table 8 : explain SELECT id FROM sbtest8 WHERE id BETWEEN 2200774 AND 2200874
	Index Only Scan using sbtest8_pkey on sbtest8  (cost=0.43..6.51 rows=104 width=4)
	  Index Cond: ((id >= 2200774) AND (id <= 2200874))

for range-covered
table 1 : explain SELECT id FROM sbtest1 WHERE id BETWEEN 2605997 AND 2606097
	Index Only Scan using sbtest1_pkey on sbtest1  (cost=0.43..6.42 rows=99 width=4)
	  Index Cond: ((id >= 2605997) AND (id <= 2606097))

table 2 : explain SELECT id FROM sbtest2 WHERE id BETWEEN 2605997 AND 2606097
	Index Only Scan using sbtest2_pkey on sbtest2  (cost=0.43..6.35 rows=96 width=4)
	  Index Cond: ((id >= 2605997) AND (id <= 2606097))

table 3 : explain SELECT id FROM sbtest3 WHERE id BETWEEN 2605997 AND 2606097
	Index Only Scan using sbtest3_pkey on sbtest3  (cost=0.43..6.59 rows=108 width=4)
	  Index Cond: ((id >= 2605997) AND (id <= 2606097))

table 4 : explain SELECT id FROM sbtest4 WHERE id BETWEEN 2605997 AND 2606097
	Index Only Scan using sbtest4_pkey on sbtest4  (cost=0.43..6.42 rows=99 width=4)
	  Index Cond: ((id >= 2605997) AND (id <= 2606097))

table 5 : explain SELECT id FROM sbtest5 WHERE id BETWEEN 2605997 AND 2606097
	Index Only Scan using sbtest5_pkey on sbtest5  (cost=0.43..6.33 rows=95 width=4)
	  Index Cond: ((id >= 2605997) AND (id <= 2606097))

table 6 : explain SELECT id FROM sbtest6 WHERE id BETWEEN 2605997 AND 2606097
	Index Only Scan using sbtest6_pkey on sbtest6  (cost=0.43..6.72 rows=114 width=4)
	  Index Cond: ((id >= 2605997) AND (id <= 2606097))

table 7 : explain SELECT id FROM sbtest7 WHERE id BETWEEN 2605997 AND 2606097
	Index Only Scan using sbtest7_pkey on sbtest7  (cost=0.43..6.53 rows=105 width=4)
	  Index Cond: ((id >= 2605997) AND (id <= 2606097))

table 8 : explain SELECT id FROM sbtest8 WHERE id BETWEEN 2605997 AND 2606097
	Index Only Scan using sbtest8_pkey on sbtest8  (cost=0.43..6.32 rows=94 width=4)
	  Index Cond: ((id >= 2605997) AND (id <= 2606097))

explain: for range-covered :: explain SELECT id FROM sbtest%d WHERE id BETWEEN 2200774 AND 2200874
explain: for range-covered :: explain SELECT id FROM sbtest%d WHERE id BETWEEN 2605997 AND 2606097
for range-covered
table 1 : explain SELECT id FROM sbtest1 WHERE id BETWEEN 4352996 AND 4353096
	Index Only Scan using sbtest1_pkey on sbtest1  (cost=0.43..6.25 rows=91 width=4)
	  Index Cond: ((id >= 4352996) AND (id <= 4353096))

table 2 : explain SELECT id FROM sbtest2 WHERE id BETWEEN 4352996 AND 4353096
	Index Only Scan using sbtest2_pkey on sbtest2  (cost=0.43..6.25 rows=91 width=4)
	  Index Cond: ((id >= 4352996) AND (id <= 4353096))

table 3 : explain SELECT id FROM sbtest3 WHERE id BETWEEN 4352996 AND 4353096
	Index Only Scan using sbtest3_pkey on sbtest3  (cost=0.43..6.45 rows=101 width=4)
	  Index Cond: ((id >= 4352996) AND (id <= 4353096))

table 4 : explain SELECT id FROM sbtest4 WHERE id BETWEEN 4352996 AND 4353096
	Index Only Scan using sbtest4_pkey on sbtest4  (cost=0.43..6.47 rows=102 width=4)
	  Index Cond: ((id >= 4352996) AND (id <= 4353096))

table 5 : explain SELECT id FROM sbtest5 WHERE id BETWEEN 4352996 AND 4353096
	Index Only Scan using sbtest5_pkey on sbtest5  (cost=0.43..6.43 rows=100 width=4)
	  Index Cond: ((id >= 4352996) AND (id <= 4353096))

table 6 : explain SELECT id FROM sbtest6 WHERE id BETWEEN 4352996 AND 4353096
	Index Only Scan using sbtest6_pkey on sbtest6  (cost=0.43..6.45 rows=101 width=4)
	  Index Cond: ((id >= 4352996) AND (id <= 4353096))

table 7 : explain SELECT id FROM sbtest7 WHERE id BETWEEN 4352996 AND 4353096
	Index Only Scan using sbtest7_pkey on sbtest7  (cost=0.43..6.40 rows=98 width=4)
	  Index Cond: ((id >= 4352996) AND (id <= 4353096))

table 8 : explain SELECT id FROM sbtest8 WHERE id BETWEEN 4352996 AND 4353096
	Index Only Scan using sbtest8_pkey on sbtest8  (cost=0.43..6.50 rows=103 width=4)
	  Index Cond: ((id >= 4352996) AND (id <= 4353096))

for range-covered
table 1 : explain SELECT id FROM sbtest1 WHERE id BETWEEN 5109484 AND 5109584
	Index Only Scan using sbtest1_pkey on sbtest1  (cost=0.43..6.61 rows=109 width=4)
	  Index Cond: ((id >= 5109484) AND (id <= 5109584))

table 2 : explain SELECT id FROM sbtest2 WHERE id BETWEEN 5109484 AND 5109584
	Index Only Scan using sbtest2_pkey on sbtest2  (cost=0.43..6.59 rows=108 width=4)
	  Index Cond: ((id >= 5109484) AND (id <= 5109584))

table 3 : explain SELECT id FROM sbtest3 WHERE id BETWEEN 5109484 AND 5109584
	Index Only Scan using sbtest3_pkey on sbtest3  (cost=0.43..6.59 rows=108 width=4)
	  Index Cond: ((id >= 5109484) AND (id <= 5109584))

table 4 : explain SELECT id FROM sbtest4 WHERE id BETWEEN 5109484 AND 5109584
	Index Only Scan using sbtest4_pkey on sbtest4  (cost=0.43..6.56 rows=106 width=4)
	  Index Cond: ((id >= 5109484) AND (id <= 5109584))

table 5 : explain SELECT id FROM sbtest5 WHERE id BETWEEN 5109484 AND 5109584
	Index Only Scan using sbtest5_pkey on sbtest5  (cost=0.43..6.53 rows=105 width=4)
	  Index Cond: ((id >= 5109484) AND (id <= 5109584))

table 6 : explain SELECT id FROM sbtest6 WHERE id BETWEEN 5109484 AND 5109584
	Index Only Scan using sbtest6_pkey on sbtest6  (cost=0.43..6.59 rows=108 width=4)
	  Index Cond: ((id >= 5109484) AND (id <= 5109584))

table 7 : explain SELECT id FROM sbtest7 WHERE id BETWEEN 5109484 AND 5109584
	Index Only Scan using sbtest7_pkey on sbtest7  (cost=0.43..6.47 rows=102 width=4)
	  Index Cond: ((id >= 5109484) AND (id <= 5109584))

table 8 : explain SELECT id FROM sbtest8 WHERE id BETWEEN 5109484 AND 5109584
	Index Only Scan using sbtest8_pkey on sbtest8  (cost=0.43..6.61 rows=109 width=4)
	  Index Cond: ((id >= 5109484) AND (id <= 5109584))

explain: for range-covered :: explain SELECT id FROM sbtest%d WHERE id BETWEEN 4352996 AND 4353096
explain: for range-covered :: explain SELECT id FROM sbtest%d WHERE id BETWEEN 5109484 AND 5109584
for range-covered
table 1 : explain SELECT id FROM sbtest1 WHERE id BETWEEN 2200774 AND 2200874
	Index Only Scan using sbtest1_pkey on sbtest1  (cost=0.43..6.51 rows=104 width=4)
	  Index Cond: ((id >= 2200774) AND (id <= 2200874))

table 2 : explain SELECT id FROM sbtest2 WHERE id BETWEEN 2200774 AND 2200874
	Index Only Scan using sbtest2_pkey on sbtest2  (cost=0.43..6.42 rows=99 width=4)
	  Index Cond: ((id >= 2200774) AND (id <= 2200874))

table 3 : explain SELECT id FROM sbtest3 WHERE id BETWEEN 2200774 AND 2200874
	Index Only Scan using sbtest3_pkey on sbtest3  (cost=0.43..6.51 rows=104 width=4)
	  Index Cond: ((id >= 2200774) AND (id <= 2200874))

table 4 : explain SELECT id FROM sbtest4 WHERE id BETWEEN 2200774 AND 2200874
	Index Only Scan using sbtest4_pkey on sbtest4  (cost=0.43..6.42 rows=99 width=4)
	  Index Cond: ((id >= 2200774) AND (id <= 2200874))

table 5 : explain SELECT id FROM sbtest5 WHERE id BETWEEN 2200774 AND 2200874
	Index Only Scan using sbtest5_pkey on sbtest5  (cost=0.43..6.63 rows=110 width=4)
	  Index Cond: ((id >= 2200774) AND (id <= 2200874))

table 6 : explain SELECT id FROM sbtest6 WHERE id BETWEEN 2200774 AND 2200874
	Index Only Scan using sbtest6_pkey on sbtest6  (cost=0.43..6.35 rows=96 width=4)
	  Index Cond: ((id >= 2200774) AND (id <= 2200874))

table 7 : explain SELECT id FROM sbtest7 WHERE id BETWEEN 2200774 AND 2200874
	Index Only Scan using sbtest7_pkey on sbtest7  (cost=0.43..6.43 rows=100 width=4)
	  Index Cond: ((id >= 2200774) AND (id <= 2200874))

table 8 : explain SELECT id FROM sbtest8 WHERE id BETWEEN 2200774 AND 2200874
	Index Only Scan using sbtest8_pkey on sbtest8  (cost=0.43..6.51 rows=104 width=4)
	  Index Cond: ((id >= 2200774) AND (id <= 2200874))

explain: for range-covered :: explain SELECT id FROM sbtest%d WHERE id BETWEEN 2200774 AND 2200874
for range-covered
table 1 : explain SELECT id FROM sbtest1 WHERE id BETWEEN 2605997 AND 2606097
	Index Only Scan using sbtest1_pkey on sbtest1  (cost=0.43..6.42 rows=99 width=4)
	  Index Cond: ((id >= 2605997) AND (id <= 2606097))

table 2 : explain SELECT id FROM sbtest2 WHERE id BETWEEN 2605997 AND 2606097
	Index Only Scan using sbtest2_pkey on sbtest2  (cost=0.43..6.35 rows=96 width=4)
	  Index Cond: ((id >= 2605997) AND (id <= 2606097))

table 3 : explain SELECT id FROM sbtest3 WHERE id BETWEEN 2605997 AND 2606097
	Index Only Scan using sbtest3_pkey on sbtest3  (cost=0.43..6.59 rows=108 width=4)
	  Index Cond: ((id >= 2605997) AND (id <= 2606097))

table 4 : explain SELECT id FROM sbtest4 WHERE id BETWEEN 2605997 AND 2606097
	Index Only Scan using sbtest4_pkey on sbtest4  (cost=0.43..6.42 rows=99 width=4)
	  Index Cond: ((id >= 2605997) AND (id <= 2606097))

table 5 : explain SELECT id FROM sbtest5 WHERE id BETWEEN 2605997 AND 2606097
	Index Only Scan using sbtest5_pkey on sbtest5  (cost=0.43..6.33 rows=95 width=4)
	  Index Cond: ((id >= 2605997) AND (id <= 2606097))

table 6 : explain SELECT id FROM sbtest6 WHERE id BETWEEN 2605997 AND 2606097
	Index Only Scan using sbtest6_pkey on sbtest6  (cost=0.43..6.72 rows=114 width=4)
	  Index Cond: ((id >= 2605997) AND (id <= 2606097))

table 7 : explain SELECT id FROM sbtest7 WHERE id BETWEEN 2605997 AND 2606097
	Index Only Scan using sbtest7_pkey on sbtest7  (cost=0.43..6.53 rows=105 width=4)
	  Index Cond: ((id >= 2605997) AND (id <= 2606097))

table 8 : explain SELECT id FROM sbtest8 WHERE id BETWEEN 2605997 AND 2606097
	Index Only Scan using sbtest8_pkey on sbtest8  (cost=0.43..6.32 rows=94 width=4)
	  Index Cond: ((id >= 2605997) AND (id <= 2606097))

explain: for range-covered :: explain SELECT id FROM sbtest%d WHERE id BETWEEN 2605997 AND 2606097
for range-covered
table 1 : explain SELECT id FROM sbtest1 WHERE id BETWEEN 5109484 AND 5109584
	Index Only Scan using sbtest1_pkey on sbtest1  (cost=0.43..6.61 rows=109 width=4)
	  Index Cond: ((id >= 5109484) AND (id <= 5109584))

table 2 : explain SELECT id FROM sbtest2 WHERE id BETWEEN 5109484 AND 5109584
	Index Only Scan using sbtest2_pkey on sbtest2  (cost=0.43..6.59 rows=108 width=4)
	  Index Cond: ((id >= 5109484) AND (id <= 5109584))

table 3 : explain SELECT id FROM sbtest3 WHERE id BETWEEN 5109484 AND 5109584
	Index Only Scan using sbtest3_pkey on sbtest3  (cost=0.43..6.59 rows=108 width=4)
	  Index Cond: ((id >= 5109484) AND (id <= 5109584))

table 4 : explain SELECT id FROM sbtest4 WHERE id BETWEEN 5109484 AND 5109584
	Index Only Scan using sbtest4_pkey on sbtest4  (cost=0.43..6.56 rows=106 width=4)
	  Index Cond: ((id >= 5109484) AND (id <= 5109584))

table 5 : explain SELECT id FROM sbtest5 WHERE id BETWEEN 5109484 AND 5109584
	Index Only Scan using sbtest5_pkey on sbtest5  (cost=0.43..6.53 rows=105 width=4)
	  Index Cond: ((id >= 5109484) AND (id <= 5109584))

table 6 : explain SELECT id FROM sbtest6 WHERE id BETWEEN 5109484 AND 5109584
	Index Only Scan using sbtest6_pkey on sbtest6  (cost=0.43..6.59 rows=108 width=4)
	  Index Cond: ((id >= 5109484) AND (id <= 5109584))

table 7 : explain SELECT id FROM sbtest7 WHERE id BETWEEN 5109484 AND 5109584
	Index Only Scan using sbtest7_pkey on sbtest7  (cost=0.43..6.47 rows=102 width=4)
	  Index Cond: ((id >= 5109484) AND (id <= 5109584))

table 8 : explain SELECT id FROM sbtest8 WHERE id BETWEEN 5109484 AND 5109584
	Index Only Scan using sbtest8_pkey on sbtest8  (cost=0.43..6.61 rows=109 width=4)
	  Index Cond: ((id >= 5109484) AND (id <= 5109584))

for range-covered
table 1 : explain SELECT id FROM sbtest1 WHERE id BETWEEN 4352996 AND 4353096
	Index Only Scan using sbtest1_pkey on sbtest1  (cost=0.43..6.25 rows=91 width=4)
	  Index Cond: ((id >= 4352996) AND (id <= 4353096))

table 2 : explain SELECT id FROM sbtest2 WHERE id BETWEEN 4352996 AND 4353096
	Index Only Scan using sbtest2_pkey on sbtest2  (cost=0.43..6.25 rows=91 width=4)
	  Index Cond: ((id >= 4352996) AND (id <= 4353096))

table 3 : explain SELECT id FROM sbtest3 WHERE id BETWEEN 4352996 AND 4353096
	Index Only Scan using sbtest3_pkey on sbtest3  (cost=0.43..6.45 rows=101 width=4)
	  Index Cond: ((id >= 4352996) AND (id <= 4353096))

table 4 : explain SELECT id FROM sbtest4 WHERE id BETWEEN 4352996 AND 4353096
	Index Only Scan using sbtest4_pkey on sbtest4  (cost=0.43..6.47 rows=102 width=4)
	  Index Cond: ((id >= 4352996) AND (id <= 4353096))

table 5 : explain SELECT id FROM sbtest5 WHERE id BETWEEN 4352996 AND 4353096
	Index Only Scan using sbtest5_pkey on sbtest5  (cost=0.43..6.43 rows=100 width=4)
	  Index Cond: ((id >= 4352996) AND (id <= 4353096))

table 6 : explain SELECT id FROM sbtest6 WHERE id BETWEEN 4352996 AND 4353096
	Index Only Scan using sbtest6_pkey on sbtest6  (cost=0.43..6.45 rows=101 width=4)
	  Index Cond: ((id >= 4352996) AND (id <= 4353096))

table 7 : explain SELECT id FROM sbtest7 WHERE id BETWEEN 4352996 AND 4353096
	Index Only Scan using sbtest7_pkey on sbtest7  (cost=0.43..6.40 rows=98 width=4)
	  Index Cond: ((id >= 4352996) AND (id <= 4353096))

table 8 : explain SELECT id FROM sbtest8 WHERE id BETWEEN 4352996 AND 4353096
	Index Only Scan using sbtest8_pkey on sbtest8  (cost=0.43..6.50 rows=103 width=4)
	  Index Cond: ((id >= 4352996) AND (id <= 4353096))

explain: for range-covered :: explain SELECT id FROM sbtest%d WHERE id BETWEEN 5109484 AND 5109584
explain: for range-covered :: explain SELECT id FROM sbtest%d WHERE id BETWEEN 4352996 AND 4353096
for range-covered
table 1 : explain SELECT id FROM sbtest1 WHERE id BETWEEN 2200774 AND 2200874
	Index Only Scan using sbtest1_pkey on sbtest1  (cost=0.43..6.51 rows=104 width=4)
	  Index Cond: ((id >= 2200774) AND (id <= 2200874))

table 2 : explain SELECT id FROM sbtest2 WHERE id BETWEEN 2200774 AND 2200874
	Index Only Scan using sbtest2_pkey on sbtest2  (cost=0.43..6.42 rows=99 width=4)
	  Index Cond: ((id >= 2200774) AND (id <= 2200874))

table 3 : explain SELECT id FROM sbtest3 WHERE id BETWEEN 2200774 AND 2200874
	Index Only Scan using sbtest3_pkey on sbtest3  (cost=0.43..6.51 rows=104 width=4)
	  Index Cond: ((id >= 2200774) AND (id <= 2200874))

table 4 : explain SELECT id FROM sbtest4 WHERE id BETWEEN 2200774 AND 2200874
	Index Only Scan using sbtest4_pkey on sbtest4  (cost=0.43..6.42 rows=99 width=4)
	  Index Cond: ((id >= 2200774) AND (id <= 2200874))

table 5 : explain SELECT id FROM sbtest5 WHERE id BETWEEN 2200774 AND 2200874
	Index Only Scan using sbtest5_pkey on sbtest5  (cost=0.43..6.63 rows=110 width=4)
	  Index Cond: ((id >= 2200774) AND (id <= 2200874))

table 6 : explain SELECT id FROM sbtest6 WHERE id BETWEEN 2200774 AND 2200874
	Index Only Scan using sbtest6_pkey on sbtest6  (cost=0.43..6.35 rows=96 width=4)
	  Index Cond: ((id >= 2200774) AND (id <= 2200874))

table 7 : explain SELECT id FROM sbtest7 WHERE id BETWEEN 2200774 AND 2200874
	Index Only Scan using sbtest7_pkey on sbtest7  (cost=0.43..6.43 rows=100 width=4)
	  Index Cond: ((id >= 2200774) AND (id <= 2200874))

table 8 : explain SELECT id FROM sbtest8 WHERE id BETWEEN 2200774 AND 2200874
	Index Only Scan using sbtest8_pkey on sbtest8  (cost=0.43..6.51 rows=104 width=4)
	  Index Cond: ((id >= 2200774) AND (id <= 2200874))

explain: for range-covered :: explain SELECT id FROM sbtest%d WHERE id BETWEEN 2200774 AND 2200874
for range-covered
table 1 : explain SELECT id FROM sbtest1 WHERE id BETWEEN 2605997 AND 2606097
	Index Only Scan using sbtest1_pkey on sbtest1  (cost=0.43..6.42 rows=99 width=4)
	  Index Cond: ((id >= 2605997) AND (id <= 2606097))

table 2 : explain SELECT id FROM sbtest2 WHERE id BETWEEN 2605997 AND 2606097
	Index Only Scan using sbtest2_pkey on sbtest2  (cost=0.43..6.35 rows=96 width=4)
	  Index Cond: ((id >= 2605997) AND (id <= 2606097))

table 3 : explain SELECT id FROM sbtest3 WHERE id BETWEEN 2605997 AND 2606097
	Index Only Scan using sbtest3_pkey on sbtest3  (cost=0.43..6.59 rows=108 width=4)
	  Index Cond: ((id >= 2605997) AND (id <= 2606097))

table 4 : explain SELECT id FROM sbtest4 WHERE id BETWEEN 2605997 AND 2606097
	Index Only Scan using sbtest4_pkey on sbtest4  (cost=0.43..6.42 rows=99 width=4)
	  Index Cond: ((id >= 2605997) AND (id <= 2606097))

table 5 : explain SELECT id FROM sbtest5 WHERE id BETWEEN 2605997 AND 2606097
	Index Only Scan using sbtest5_pkey on sbtest5  (cost=0.43..6.33 rows=95 width=4)
	  Index Cond: ((id >= 2605997) AND (id <= 2606097))

table 6 : explain SELECT id FROM sbtest6 WHERE id BETWEEN 2605997 AND 2606097
	Index Only Scan using sbtest6_pkey on sbtest6  (cost=0.43..6.72 rows=114 width=4)
	  Index Cond: ((id >= 2605997) AND (id <= 2606097))

table 7 : explain SELECT id FROM sbtest7 WHERE id BETWEEN 2605997 AND 2606097
	Index Only Scan using sbtest7_pkey on sbtest7  (cost=0.43..6.53 rows=105 width=4)
	  Index Cond: ((id >= 2605997) AND (id <= 2606097))

table 8 : explain SELECT id FROM sbtest8 WHERE id BETWEEN 2605997 AND 2606097
	Index Only Scan using sbtest8_pkey on sbtest8  (cost=0.43..6.32 rows=94 width=4)
	  Index Cond: ((id >= 2605997) AND (id <= 2606097))

explain: for range-covered :: explain SELECT id FROM sbtest%d WHERE id BETWEEN 2605997 AND 2606097
for range-covered
table 1 : explain SELECT id FROM sbtest1 WHERE id BETWEEN 4352996 AND 4353096
	Index Only Scan using sbtest1_pkey on sbtest1  (cost=0.43..6.25 rows=91 width=4)
	  Index Cond: ((id >= 4352996) AND (id <= 4353096))

table 2 : explain SELECT id FROM sbtest2 WHERE id BETWEEN 4352996 AND 4353096
	Index Only Scan using sbtest2_pkey on sbtest2  (cost=0.43..6.25 rows=91 width=4)
	  Index Cond: ((id >= 4352996) AND (id <= 4353096))

table 3 : explain SELECT id FROM sbtest3 WHERE id BETWEEN 4352996 AND 4353096
	Index Only Scan using sbtest3_pkey on sbtest3  (cost=0.43..6.45 rows=101 width=4)
	  Index Cond: ((id >= 4352996) AND (id <= 4353096))

table 4 : explain SELECT id FROM sbtest4 WHERE id BETWEEN 4352996 AND 4353096
	Index Only Scan using sbtest4_pkey on sbtest4  (cost=0.43..6.47 rows=102 width=4)
	  Index Cond: ((id >= 4352996) AND (id <= 4353096))

table 5 : explain SELECT id FROM sbtest5 WHERE id BETWEEN 4352996 AND 4353096
	Index Only Scan using sbtest5_pkey on sbtest5  (cost=0.43..6.43 rows=100 width=4)
	  Index Cond: ((id >= 4352996) AND (id <= 4353096))

table 6 : explain SELECT id FROM sbtest6 WHERE id BETWEEN 4352996 AND 4353096
	Index Only Scan using sbtest6_pkey on sbtest6  (cost=0.43..6.45 rows=101 width=4)
	  Index Cond: ((id >= 4352996) AND (id <= 4353096))

table 7 : explain SELECT id FROM sbtest7 WHERE id BETWEEN 4352996 AND 4353096
	Index Only Scan using sbtest7_pkey on sbtest7  (cost=0.43..6.40 rows=98 width=4)
	  Index Cond: ((id >= 4352996) AND (id <= 4353096))

table 8 : explain SELECT id FROM sbtest8 WHERE id BETWEEN 4352996 AND 4353096
	Index Only Scan using sbtest8_pkey on sbtest8  (cost=0.43..6.50 rows=103 width=4)
	  Index Cond: ((id >= 4352996) AND (id <= 4353096))

explain: for range-covered :: explain SELECT id FROM sbtest%d WHERE id BETWEEN 4352996 AND 4353096
explain: for range-covered :: explain SELECT id FROM sbtest%d WHERE id BETWEEN 3140587 AND 3140687
for range-covered
table 1 : explain SELECT id FROM sbtest1 WHERE id BETWEEN 2200774 AND 2200874
	Index Only Scan using sbtest1_pkey on sbtest1  (cost=0.43..6.51 rows=104 width=4)
	  Index Cond: ((id >= 2200774) AND (id <= 2200874))

table 2 : explain SELECT id FROM sbtest2 WHERE id BETWEEN 2200774 AND 2200874
	Index Only Scan using sbtest2_pkey on sbtest2  (cost=0.43..6.42 rows=99 width=4)
	  Index Cond: ((id >= 2200774) AND (id <= 2200874))

table 3 : explain SELECT id FROM sbtest3 WHERE id BETWEEN 2200774 AND 2200874
	Index Only Scan using sbtest3_pkey on sbtest3  (cost=0.43..6.51 rows=104 width=4)
	  Index Cond: ((id >= 2200774) AND (id <= 2200874))

table 4 : explain SELECT id FROM sbtest4 WHERE id BETWEEN 2200774 AND 2200874
	Index Only Scan using sbtest4_pkey on sbtest4  (cost=0.43..6.42 rows=99 width=4)
	  Index Cond: ((id >= 2200774) AND (id <= 2200874))

table 5 : explain SELECT id FROM sbtest5 WHERE id BETWEEN 2200774 AND 2200874
	Index Only Scan using sbtest5_pkey on sbtest5  (cost=0.43..6.63 rows=110 width=4)
	  Index Cond: ((id >= 2200774) AND (id <= 2200874))

table 6 : explain SELECT id FROM sbtest6 WHERE id BETWEEN 2200774 AND 2200874
	Index Only Scan using sbtest6_pkey on sbtest6  (cost=0.43..6.35 rows=96 width=4)
	  Index Cond: ((id >= 2200774) AND (id <= 2200874))

table 7 : explain SELECT id FROM sbtest7 WHERE id BETWEEN 2200774 AND 2200874
	Index Only Scan using sbtest7_pkey on sbtest7  (cost=0.43..6.43 rows=100 width=4)
	  Index Cond: ((id >= 2200774) AND (id <= 2200874))

table 8 : explain SELECT id FROM sbtest8 WHERE id BETWEEN 2200774 AND 2200874
	Index Only Scan using sbtest8_pkey on sbtest8  (cost=0.43..6.51 rows=104 width=4)
	  Index Cond: ((id >= 2200774) AND (id <= 2200874))

explain: for range-covered :: explain SELECT id FROM sbtest%d WHERE id BETWEEN 2200774 AND 2200874
for range-covered
table 1 : explain SELECT id FROM sbtest1 WHERE id BETWEEN 2605997 AND 2606097
	Index Only Scan using sbtest1_pkey on sbtest1  (cost=0.43..6.42 rows=99 width=4)
	  Index Cond: ((id >= 2605997) AND (id <= 2606097))

table 2 : explain SELECT id FROM sbtest2 WHERE id BETWEEN 2605997 AND 2606097
	Index Only Scan using sbtest2_pkey on sbtest2  (cost=0.43..6.35 rows=96 width=4)
	  Index Cond: ((id >= 2605997) AND (id <= 2606097))

table 3 : explain SELECT id FROM sbtest3 WHERE id BETWEEN 2605997 AND 2606097
	Index Only Scan using sbtest3_pkey on sbtest3  (cost=0.43..6.59 rows=108 width=4)
	  Index Cond: ((id >= 2605997) AND (id <= 2606097))

table 4 : explain SELECT id FROM sbtest4 WHERE id BETWEEN 2605997 AND 2606097
	Index Only Scan using sbtest4_pkey on sbtest4  (cost=0.43..6.42 rows=99 width=4)
	  Index Cond: ((id >= 2605997) AND (id <= 2606097))

table 5 : explain SELECT id FROM sbtest5 WHERE id BETWEEN 2605997 AND 2606097
	Index Only Scan using sbtest5_pkey on sbtest5  (cost=0.43..6.33 rows=95 width=4)
	  Index Cond: ((id >= 2605997) AND (id <= 2606097))

table 6 : explain SELECT id FROM sbtest6 WHERE id BETWEEN 2605997 AND 2606097
	Index Only Scan using sbtest6_pkey on sbtest6  (cost=0.43..6.72 rows=114 width=4)
	  Index Cond: ((id >= 2605997) AND (id <= 2606097))

table 7 : explain SELECT id FROM sbtest7 WHERE id BETWEEN 2605997 AND 2606097
	Index Only Scan using sbtest7_pkey on sbtest7  (cost=0.43..6.53 rows=105 width=4)
	  Index Cond: ((id >= 2605997) AND (id <= 2606097))

table 8 : explain SELECT id FROM sbtest8 WHERE id BETWEEN 2605997 AND 2606097
	Index Only Scan using sbtest8_pkey on sbtest8  (cost=0.43..6.32 rows=94 width=4)
	  Index Cond: ((id >= 2605997) AND (id <= 2606097))

explain: for range-covered :: explain SELECT id FROM sbtest%d WHERE id BETWEEN 2605997 AND 2606097
explain: for range-covered :: explain SELECT id FROM sbtest%d WHERE id BETWEEN 5188990 AND 5189090
for range-covered
table 1 : explain SELECT id FROM sbtest1 WHERE id BETWEEN 6768204 AND 6768304
	Index Only Scan using sbtest1_pkey on sbtest1  (cost=0.43..6.45 rows=101 width=4)
	  Index Cond: ((id >= 6768204) AND (id <= 6768304))

table 2 : explain SELECT id FROM sbtest2 WHERE id BETWEEN 6768204 AND 6768304
	Index Only Scan using sbtest2_pkey on sbtest2  (cost=0.43..6.29 rows=93 width=4)
	  Index Cond: ((id >= 6768204) AND (id <= 6768304))

table 3 : explain SELECT id FROM sbtest3 WHERE id BETWEEN 6768204 AND 6768304
	Index Only Scan using sbtest3_pkey on sbtest3  (cost=0.43..6.56 rows=106 width=4)
	  Index Cond: ((id >= 6768204) AND (id <= 6768304))

table 4 : explain SELECT id FROM sbtest4 WHERE id BETWEEN 6768204 AND 6768304
	Index Only Scan using sbtest4_pkey on sbtest4  (cost=0.43..6.50 rows=103 width=4)
	  Index Cond: ((id >= 6768204) AND (id <= 6768304))

table 5 : explain SELECT id FROM sbtest5 WHERE id BETWEEN 6768204 AND 6768304
	Index Only Scan using sbtest5_pkey on sbtest5  (cost=0.43..6.40 rows=98 width=4)
	  Index Cond: ((id >= 6768204) AND (id <= 6768304))

table 6 : explain SELECT id FROM sbtest6 WHERE id BETWEEN 6768204 AND 6768304
	Index Only Scan using sbtest6_pkey on sbtest6  (cost=0.43..6.33 rows=95 width=4)
	  Index Cond: ((id >= 6768204) AND (id <= 6768304))

table 7 : explain SELECT id FROM sbtest7 WHERE id BETWEEN 6768204 AND 6768304
	Index Only Scan using sbtest7_pkey on sbtest7  (cost=0.43..6.40 rows=98 width=4)
	  Index Cond: ((id >= 6768204) AND (id <= 6768304))

table 8 : explain SELECT id FROM sbtest8 WHERE id BETWEEN 6768204 AND 6768304
	Index Only Scan using sbtest8_pkey on sbtest8  (cost=0.43..6.40 rows=98 width=4)
	  Index Cond: ((id >= 6768204) AND (id <= 6768304))

for range-covered
table 1 : explain SELECT id FROM sbtest1 WHERE id BETWEEN 4352996 AND 4353096
	Index Only Scan using sbtest1_pkey on sbtest1  (cost=0.43..6.25 rows=91 width=4)
	  Index Cond: ((id >= 4352996) AND (id <= 4353096))

table 2 : explain SELECT id FROM sbtest2 WHERE id BETWEEN 4352996 AND 4353096
	Index Only Scan using sbtest2_pkey on sbtest2  (cost=0.43..6.25 rows=91 width=4)
	  Index Cond: ((id >= 4352996) AND (id <= 4353096))

table 3 : explain SELECT id FROM sbtest3 WHERE id BETWEEN 4352996 AND 4353096
	Index Only Scan using sbtest3_pkey on sbtest3  (cost=0.43..6.45 rows=101 width=4)
	  Index Cond: ((id >= 4352996) AND (id <= 4353096))

table 4 : explain SELECT id FROM sbtest4 WHERE id BETWEEN 4352996 AND 4353096
	Index Only Scan using sbtest4_pkey on sbtest4  (cost=0.43..6.47 rows=102 width=4)
	  Index Cond: ((id >= 4352996) AND (id <= 4353096))

table 5 : explain SELECT id FROM sbtest5 WHERE id BETWEEN 4352996 AND 4353096
	Index Only Scan using sbtest5_pkey on sbtest5  (cost=0.43..6.43 rows=100 width=4)
	  Index Cond: ((id >= 4352996) AND (id <= 4353096))

table 6 : explain SELECT id FROM sbtest6 WHERE id BETWEEN 4352996 AND 4353096
	Index Only Scan using sbtest6_pkey on sbtest6  (cost=0.43..6.45 rows=101 width=4)
	  Index Cond: ((id >= 4352996) AND (id <= 4353096))

table 7 : explain SELECT id FROM sbtest7 WHERE id BETWEEN 4352996 AND 4353096
	Index Only Scan using sbtest7_pkey on sbtest7  (cost=0.43..6.40 rows=98 width=4)
	  Index Cond: ((id >= 4352996) AND (id <= 4353096))

table 8 : explain SELECT id FROM sbtest8 WHERE id BETWEEN 4352996 AND 4353096
	Index Only Scan using sbtest8_pkey on sbtest8  (cost=0.43..6.50 rows=103 width=4)
	  Index Cond: ((id >= 4352996) AND (id <= 4353096))

explain: for range-covered :: explain SELECT id FROM sbtest%d WHERE id BETWEEN 4352996 AND 4353096
explain: for range-covered :: explain SELECT id FROM sbtest%d WHERE id BETWEEN 6768204 AND 6768304
for range-covered
table 1 : explain SELECT id FROM sbtest1 WHERE id BETWEEN 4352996 AND 4353096
	Index Only Scan using sbtest1_pkey on sbtest1  (cost=0.43..6.25 rows=91 width=4)
	  Index Cond: ((id >= 4352996) AND (id <= 4353096))

table 2 : explain SELECT id FROM sbtest2 WHERE id BETWEEN 4352996 AND 4353096
	Index Only Scan using sbtest2_pkey on sbtest2  (cost=0.43..6.25 rows=91 width=4)
	  Index Cond: ((id >= 4352996) AND (id <= 4353096))

table 3 : explain SELECT id FROM sbtest3 WHERE id BETWEEN 4352996 AND 4353096
	Index Only Scan using sbtest3_pkey on sbtest3  (cost=0.43..6.45 rows=101 width=4)
	  Index Cond: ((id >= 4352996) AND (id <= 4353096))

table 4 : explain SELECT id FROM sbtest4 WHERE id BETWEEN 4352996 AND 4353096
	Index Only Scan using sbtest4_pkey on sbtest4  (cost=0.43..6.47 rows=102 width=4)
	  Index Cond: ((id >= 4352996) AND (id <= 4353096))

table 5 : explain SELECT id FROM sbtest5 WHERE id BETWEEN 4352996 AND 4353096
	Index Only Scan using sbtest5_pkey on sbtest5  (cost=0.43..6.43 rows=100 width=4)
	  Index Cond: ((id >= 4352996) AND (id <= 4353096))

table 6 : explain SELECT id FROM sbtest6 WHERE id BETWEEN 4352996 AND 4353096
	Index Only Scan using sbtest6_pkey on sbtest6  (cost=0.43..6.45 rows=101 width=4)
	  Index Cond: ((id >= 4352996) AND (id <= 4353096))

table 7 : explain SELECT id FROM sbtest7 WHERE id BETWEEN 4352996 AND 4353096
	Index Only Scan using sbtest7_pkey on sbtest7  (cost=0.43..6.40 rows=98 width=4)
	  Index Cond: ((id >= 4352996) AND (id <= 4353096))

table 8 : explain SELECT id FROM sbtest8 WHERE id BETWEEN 4352996 AND 4353096
	Index Only Scan using sbtest8_pkey on sbtest8  (cost=0.43..6.50 rows=103 width=4)
	  Index Cond: ((id >= 4352996) AND (id <= 4353096))

explain: for range-covered :: explain SELECT id FROM sbtest%d WHERE id BETWEEN 4352996 AND 4353096
for range-covered
table 1 : explain SELECT id FROM sbtest1 WHERE id BETWEEN 6768204 AND 6768304
	Index Only Scan using sbtest1_pkey on sbtest1  (cost=0.43..6.45 rows=101 width=4)
	  Index Cond: ((id >= 6768204) AND (id <= 6768304))

table 2 : explain SELECT id FROM sbtest2 WHERE id BETWEEN 6768204 AND 6768304
	Index Only Scan using sbtest2_pkey on sbtest2  (cost=0.43..6.29 rows=93 width=4)
	  Index Cond: ((id >= 6768204) AND (id <= 6768304))

table 3 : explain SELECT id FROM sbtest3 WHERE id BETWEEN 6768204 AND 6768304
	Index Only Scan using sbtest3_pkey on sbtest3  (cost=0.43..6.56 rows=106 width=4)
	  Index Cond: ((id >= 6768204) AND (id <= 6768304))

table 4 : explain SELECT id FROM sbtest4 WHERE id BETWEEN 6768204 AND 6768304
	Index Only Scan using sbtest4_pkey on sbtest4  (cost=0.43..6.50 rows=103 width=4)
	  Index Cond: ((id >= 6768204) AND (id <= 6768304))

table 5 : explain SELECT id FROM sbtest5 WHERE id BETWEEN 6768204 AND 6768304
	Index Only Scan using sbtest5_pkey on sbtest5  (cost=0.43..6.40 rows=98 width=4)
	  Index Cond: ((id >= 6768204) AND (id <= 6768304))

table 6 : explain SELECT id FROM sbtest6 WHERE id BETWEEN 6768204 AND 6768304
	Index Only Scan using sbtest6_pkey on sbtest6  (cost=0.43..6.33 rows=95 width=4)
	  Index Cond: ((id >= 6768204) AND (id <= 6768304))

table 7 : explain SELECT id FROM sbtest7 WHERE id BETWEEN 6768204 AND 6768304
	Index Only Scan using sbtest7_pkey on sbtest7  (cost=0.43..6.40 rows=98 width=4)
	  Index Cond: ((id >= 6768204) AND (id <= 6768304))

table 8 : explain SELECT id FROM sbtest8 WHERE id BETWEEN 6768204 AND 6768304
	Index Only Scan using sbtest8_pkey on sbtest8  (cost=0.43..6.40 rows=98 width=4)
	  Index Cond: ((id >= 6768204) AND (id <= 6768304))

explain: for range-covered :: explain SELECT id FROM sbtest%d WHERE id BETWEEN 6768204 AND 6768304
for range-covered
table 1 : explain SELECT id FROM sbtest1 WHERE id BETWEEN 5109484 AND 5109584
	Index Only Scan using sbtest1_pkey on sbtest1  (cost=0.43..6.61 rows=109 width=4)
	  Index Cond: ((id >= 5109484) AND (id <= 5109584))

table 2 : explain SELECT id FROM sbtest2 WHERE id BETWEEN 5109484 AND 5109584
	Index Only Scan using sbtest2_pkey on sbtest2  (cost=0.43..6.59 rows=108 width=4)
	  Index Cond: ((id >= 5109484) AND (id <= 5109584))

table 3 : explain SELECT id FROM sbtest3 WHERE id BETWEEN 5109484 AND 5109584
	Index Only Scan using sbtest3_pkey on sbtest3  (cost=0.43..6.59 rows=108 width=4)
	  Index Cond: ((id >= 5109484) AND (id <= 5109584))

table 4 : explain SELECT id FROM sbtest4 WHERE id BETWEEN 5109484 AND 5109584
	Index Only Scan using sbtest4_pkey on sbtest4  (cost=0.43..6.56 rows=106 width=4)
	  Index Cond: ((id >= 5109484) AND (id <= 5109584))

table 5 : explain SELECT id FROM sbtest5 WHERE id BETWEEN 5109484 AND 5109584
	Index Only Scan using sbtest5_pkey on sbtest5  (cost=0.43..6.53 rows=105 width=4)
	  Index Cond: ((id >= 5109484) AND (id <= 5109584))

table 6 : explain SELECT id FROM sbtest6 WHERE id BETWEEN 5109484 AND 5109584
	Index Only Scan using sbtest6_pkey on sbtest6  (cost=0.43..6.59 rows=108 width=4)
	  Index Cond: ((id >= 5109484) AND (id <= 5109584))

table 7 : explain SELECT id FROM sbtest7 WHERE id BETWEEN 5109484 AND 5109584
	Index Only Scan using sbtest7_pkey on sbtest7  (cost=0.43..6.47 rows=102 width=4)
	  Index Cond: ((id >= 5109484) AND (id <= 5109584))

table 8 : explain SELECT id FROM sbtest8 WHERE id BETWEEN 5109484 AND 5109584
	Index Only Scan using sbtest8_pkey on sbtest8  (cost=0.43..6.61 rows=109 width=4)
	  Index Cond: ((id >= 5109484) AND (id <= 5109584))

for range-covered
table 1 : explain SELECT id FROM sbtest1 WHERE id BETWEEN 4352996 AND 4353096
	Index Only Scan using sbtest1_pkey on sbtest1  (cost=0.43..6.25 rows=91 width=4)
	  Index Cond: ((id >= 4352996) AND (id <= 4353096))

table 2 : explain SELECT id FROM sbtest2 WHERE id BETWEEN 4352996 AND 4353096
	Index Only Scan using sbtest2_pkey on sbtest2  (cost=0.43..6.25 rows=91 width=4)
	  Index Cond: ((id >= 4352996) AND (id <= 4353096))

table 3 : explain SELECT id FROM sbtest3 WHERE id BETWEEN 4352996 AND 4353096
	Index Only Scan using sbtest3_pkey on sbtest3  (cost=0.43..6.45 rows=101 width=4)
	  Index Cond: ((id >= 4352996) AND (id <= 4353096))

table 4 : explain SELECT id FROM sbtest4 WHERE id BETWEEN 4352996 AND 4353096
	Index Only Scan using sbtest4_pkey on sbtest4  (cost=0.43..6.47 rows=102 width=4)
	  Index Cond: ((id >= 4352996) AND (id <= 4353096))

table 5 : explain SELECT id FROM sbtest5 WHERE id BETWEEN 4352996 AND 4353096
	Index Only Scan using sbtest5_pkey on sbtest5  (cost=0.43..6.43 rows=100 width=4)
	  Index Cond: ((id >= 4352996) AND (id <= 4353096))

table 6 : explain SELECT id FROM sbtest6 WHERE id BETWEEN 4352996 AND 4353096
	Index Only Scan using sbtest6_pkey on sbtest6  (cost=0.43..6.45 rows=101 width=4)
	  Index Cond: ((id >= 4352996) AND (id <= 4353096))

table 7 : explain SELECT id FROM sbtest7 WHERE id BETWEEN 4352996 AND 4353096
	Index Only Scan using sbtest7_pkey on sbtest7  (cost=0.43..6.40 rows=98 width=4)
	  Index Cond: ((id >= 4352996) AND (id <= 4353096))

table 8 : explain SELECT id FROM sbtest8 WHERE id BETWEEN 4352996 AND 4353096
	Index Only Scan using sbtest8_pkey on sbtest8  (cost=0.43..6.50 rows=103 width=4)
	  Index Cond: ((id >= 4352996) AND (id <= 4353096))

for range-covered
table 1 : explain SELECT id FROM sbtest1 WHERE id BETWEEN 4102830 AND 4102930
	Index Only Scan using sbtest1_pkey on sbtest1  (cost=0.43..6.51 rows=104 width=4)
	  Index Cond: ((id >= 4102830) AND (id <= 4102930))

table 2 : explain SELECT id FROM sbtest2 WHERE id BETWEEN 4102830 AND 4102930
	Index Only Scan using sbtest2_pkey on sbtest2  (cost=0.43..6.47 rows=102 width=4)
	  Index Cond: ((id >= 4102830) AND (id <= 4102930))

table 3 : explain SELECT id FROM sbtest3 WHERE id BETWEEN 4102830 AND 4102930
	Index Only Scan using sbtest3_pkey on sbtest3  (cost=0.43..6.33 rows=95 width=4)
	  Index Cond: ((id >= 4102830) AND (id <= 4102930))

table 4 : explain SELECT id FROM sbtest4 WHERE id BETWEEN 4102830 AND 4102930
	Index Only Scan using sbtest4_pkey on sbtest4  (cost=0.43..6.58 rows=107 width=4)
	  Index Cond: ((id >= 4102830) AND (id <= 4102930))

table 5 : explain SELECT id FROM sbtest5 WHERE id BETWEEN 4102830 AND 4102930
	Index Only Scan using sbtest5_pkey on sbtest5  (cost=0.43..6.33 rows=95 width=4)
	  Index Cond: ((id >= 4102830) AND (id <= 4102930))

table 6 : explain SELECT id FROM sbtest6 WHERE id BETWEEN 4102830 AND 4102930
	Index Only Scan using sbtest6_pkey on sbtest6  (cost=0.43..6.47 rows=102 width=4)
	  Index Cond: ((id >= 4102830) AND (id <= 4102930))

table 7 : explain SELECT id FROM sbtest7 WHERE id BETWEEN 4102830 AND 4102930
	Index Only Scan using sbtest7_pkey on sbtest7  (cost=0.43..6.42 rows=99 width=4)
	  Index Cond: ((id >= 4102830) AND (id <= 4102930))

table 8 : explain SELECT id FROM sbtest8 WHERE id BETWEEN 4102830 AND 4102930
	Index Only Scan using sbtest8_pkey on sbtest8  (cost=0.43..6.45 rows=101 width=4)
	  Index Cond: ((id >= 4102830) AND (id <= 4102930))

explain: for range-covered :: explain SELECT id FROM sbtest%d WHERE id BETWEEN 4102830 AND 4102930
for range-covered
table 1 : explain SELECT id FROM sbtest1 WHERE id BETWEEN 6768204 AND 6768304
	Index Only Scan using sbtest1_pkey on sbtest1  (cost=0.43..6.45 rows=101 width=4)
	  Index Cond: ((id >= 6768204) AND (id <= 6768304))

table 2 : explain SELECT id FROM sbtest2 WHERE id BETWEEN 6768204 AND 6768304
	Index Only Scan using sbtest2_pkey on sbtest2  (cost=0.43..6.29 rows=93 width=4)
	  Index Cond: ((id >= 6768204) AND (id <= 6768304))

table 3 : explain SELECT id FROM sbtest3 WHERE id BETWEEN 6768204 AND 6768304
	Index Only Scan using sbtest3_pkey on sbtest3  (cost=0.43..6.56 rows=106 width=4)
	  Index Cond: ((id >= 6768204) AND (id <= 6768304))

table 4 : explain SELECT id FROM sbtest4 WHERE id BETWEEN 6768204 AND 6768304
	Index Only Scan using sbtest4_pkey on sbtest4  (cost=0.43..6.50 rows=103 width=4)
	  Index Cond: ((id >= 6768204) AND (id <= 6768304))

table 5 : explain SELECT id FROM sbtest5 WHERE id BETWEEN 6768204 AND 6768304
	Index Only Scan using sbtest5_pkey on sbtest5  (cost=0.43..6.40 rows=98 width=4)
	  Index Cond: ((id >= 6768204) AND (id <= 6768304))

table 6 : explain SELECT id FROM sbtest6 WHERE id BETWEEN 6768204 AND 6768304
	Index Only Scan using sbtest6_pkey on sbtest6  (cost=0.43..6.33 rows=95 width=4)
	  Index Cond: ((id >= 6768204) AND (id <= 6768304))

table 7 : explain SELECT id FROM sbtest7 WHERE id BETWEEN 6768204 AND 6768304
	Index Only Scan using sbtest7_pkey on sbtest7  (cost=0.43..6.40 rows=98 width=4)
	  Index Cond: ((id >= 6768204) AND (id <= 6768304))

table 8 : explain SELECT id FROM sbtest8 WHERE id BETWEEN 6768204 AND 6768304
	Index Only Scan using sbtest8_pkey on sbtest8  (cost=0.43..6.40 rows=98 width=4)
	  Index Cond: ((id >= 6768204) AND (id <= 6768304))

explain: for range-covered :: explain SELECT id FROM sbtest%d WHERE id BETWEEN 6768204 AND 6768304
explain: for range-covered :: explain SELECT id FROM sbtest%d WHERE id BETWEEN 3993813 AND 3993913
for range-covered
table 1 : explain SELECT id FROM sbtest1 WHERE id BETWEEN 4102830 AND 4102930
	Index Only Scan using sbtest1_pkey on sbtest1  (cost=0.43..6.51 rows=104 width=4)
	  Index Cond: ((id >= 4102830) AND (id <= 4102930))

table 2 : explain SELECT id FROM sbtest2 WHERE id BETWEEN 4102830 AND 4102930
	Index Only Scan using sbtest2_pkey on sbtest2  (cost=0.43..6.47 rows=102 width=4)
	  Index Cond: ((id >= 4102830) AND (id <= 4102930))

table 3 : explain SELECT id FROM sbtest3 WHERE id BETWEEN 4102830 AND 4102930
	Index Only Scan using sbtest3_pkey on sbtest3  (cost=0.43..6.33 rows=95 width=4)
	  Index Cond: ((id >= 4102830) AND (id <= 4102930))

table 4 : explain SELECT id FROM sbtest4 WHERE id BETWEEN 4102830 AND 4102930
	Index Only Scan using sbtest4_pkey on sbtest4  (cost=0.43..6.58 rows=107 width=4)
	  Index Cond: ((id >= 4102830) AND (id <= 4102930))

table 5 : explain SELECT id FROM sbtest5 WHERE id BETWEEN 4102830 AND 4102930
	Index Only Scan using sbtest5_pkey on sbtest5  (cost=0.43..6.33 rows=95 width=4)
	  Index Cond: ((id >= 4102830) AND (id <= 4102930))

table 6 : explain SELECT id FROM sbtest6 WHERE id BETWEEN 4102830 AND 4102930
	Index Only Scan using sbtest6_pkey on sbtest6  (cost=0.43..6.47 rows=102 width=4)
	  Index Cond: ((id >= 4102830) AND (id <= 4102930))

table 7 : explain SELECT id FROM sbtest7 WHERE id BETWEEN 4102830 AND 4102930
	Index Only Scan using sbtest7_pkey on sbtest7  (cost=0.43..6.42 rows=99 width=4)
	  Index Cond: ((id >= 4102830) AND (id <= 4102930))

table 8 : explain SELECT id FROM sbtest8 WHERE id BETWEEN 4102830 AND 4102930
	Index Only Scan using sbtest8_pkey on sbtest8  (cost=0.43..6.45 rows=101 width=4)
	  Index Cond: ((id >= 4102830) AND (id <= 4102930))

explain: for range-covered :: explain SELECT id FROM sbtest%d WHERE id BETWEEN 4102830 AND 4102930
for range-covered
table 1 : explain SELECT id FROM sbtest1 WHERE id BETWEEN 6768204 AND 6768304
	Index Only Scan using sbtest1_pkey on sbtest1  (cost=0.43..6.45 rows=101 width=4)
	  Index Cond: ((id >= 6768204) AND (id <= 6768304))

table 2 : explain SELECT id FROM sbtest2 WHERE id BETWEEN 6768204 AND 6768304
	Index Only Scan using sbtest2_pkey on sbtest2  (cost=0.43..6.29 rows=93 width=4)
	  Index Cond: ((id >= 6768204) AND (id <= 6768304))

table 3 : explain SELECT id FROM sbtest3 WHERE id BETWEEN 6768204 AND 6768304
	Index Only Scan using sbtest3_pkey on sbtest3  (cost=0.43..6.56 rows=106 width=4)
	  Index Cond: ((id >= 6768204) AND (id <= 6768304))

table 4 : explain SELECT id FROM sbtest4 WHERE id BETWEEN 6768204 AND 6768304
	Index Only Scan using sbtest4_pkey on sbtest4  (cost=0.43..6.50 rows=103 width=4)
	  Index Cond: ((id >= 6768204) AND (id <= 6768304))

table 5 : explain SELECT id FROM sbtest5 WHERE id BETWEEN 6768204 AND 6768304
	Index Only Scan using sbtest5_pkey on sbtest5  (cost=0.43..6.40 rows=98 width=4)
	  Index Cond: ((id >= 6768204) AND (id <= 6768304))

table 6 : explain SELECT id FROM sbtest6 WHERE id BETWEEN 6768204 AND 6768304
	Index Only Scan using sbtest6_pkey on sbtest6  (cost=0.43..6.33 rows=95 width=4)
	  Index Cond: ((id >= 6768204) AND (id <= 6768304))

table 7 : explain SELECT id FROM sbtest7 WHERE id BETWEEN 6768204 AND 6768304
	Index Only Scan using sbtest7_pkey on sbtest7  (cost=0.43..6.40 rows=98 width=4)
	  Index Cond: ((id >= 6768204) AND (id <= 6768304))

table 8 : explain SELECT id FROM sbtest8 WHERE id BETWEEN 6768204 AND 6768304
	Index Only Scan using sbtest8_pkey on sbtest8  (cost=0.43..6.40 rows=98 width=4)
	  Index Cond: ((id >= 6768204) AND (id <= 6768304))

explain: for range-covered :: explain SELECT id FROM sbtest%d WHERE id BETWEEN 6768204 AND 6768304
for range-covered
table 1 : explain SELECT id FROM sbtest1 WHERE id BETWEEN 2605997 AND 2606097
	Index Only Scan using sbtest1_pkey on sbtest1  (cost=0.43..6.42 rows=99 width=4)
	  Index Cond: ((id >= 2605997) AND (id <= 2606097))

table 2 : explain SELECT id FROM sbtest2 WHERE id BETWEEN 2605997 AND 2606097
	Index Only Scan using sbtest2_pkey on sbtest2  (cost=0.43..6.35 rows=96 width=4)
	  Index Cond: ((id >= 2605997) AND (id <= 2606097))

table 3 : explain SELECT id FROM sbtest3 WHERE id BETWEEN 2605997 AND 2606097
	Index Only Scan using sbtest3_pkey on sbtest3  (cost=0.43..6.59 rows=108 width=4)
	  Index Cond: ((id >= 2605997) AND (id <= 2606097))

table 4 : explain SELECT id FROM sbtest4 WHERE id BETWEEN 2605997 AND 2606097
	Index Only Scan using sbtest4_pkey on sbtest4  (cost=0.43..6.42 rows=99 width=4)
	  Index Cond: ((id >= 2605997) AND (id <= 2606097))

table 5 : explain SELECT id FROM sbtest5 WHERE id BETWEEN 2605997 AND 2606097
	Index Only Scan using sbtest5_pkey on sbtest5  (cost=0.43..6.33 rows=95 width=4)
	  Index Cond: ((id >= 2605997) AND (id <= 2606097))

table 6 : explain SELECT id FROM sbtest6 WHERE id BETWEEN 2605997 AND 2606097
	Index Only Scan using sbtest6_pkey on sbtest6  (cost=0.43..6.72 rows=114 width=4)
	  Index Cond: ((id >= 2605997) AND (id <= 2606097))

table 7 : explain SELECT id FROM sbtest7 WHERE id BETWEEN 2605997 AND 2606097
	Index Only Scan using sbtest7_pkey on sbtest7  (cost=0.43..6.53 rows=105 width=4)
	  Index Cond: ((id >= 2605997) AND (id <= 2606097))

table 8 : explain SELECT id FROM sbtest8 WHERE id BETWEEN 2605997 AND 2606097
	Index Only Scan using sbtest8_pkey on sbtest8  (cost=0.43..6.32 rows=94 width=4)
	  Index Cond: ((id >= 2605997) AND (id <= 2606097))

explain: for range-covered :: explain SELECT id FROM sbtest%d WHERE id BETWEEN 2605997 AND 2606097
for range-covered
table 1 : explain SELECT id FROM sbtest1 WHERE id BETWEEN 2200774 AND 2200874
	Index Only Scan using sbtest1_pkey on sbtest1  (cost=0.43..6.51 rows=104 width=4)
	  Index Cond: ((id >= 2200774) AND (id <= 2200874))

table 2 : explain SELECT id FROM sbtest2 WHERE id BETWEEN 2200774 AND 2200874
	Index Only Scan using sbtest2_pkey on sbtest2  (cost=0.43..6.42 rows=99 width=4)
	  Index Cond: ((id >= 2200774) AND (id <= 2200874))

table 3 : explain SELECT id FROM sbtest3 WHERE id BETWEEN 2200774 AND 2200874
	Index Only Scan using sbtest3_pkey on sbtest3  (cost=0.43..6.51 rows=104 width=4)
	  Index Cond: ((id >= 2200774) AND (id <= 2200874))

table 4 : explain SELECT id FROM sbtest4 WHERE id BETWEEN 2200774 AND 2200874
	Index Only Scan using sbtest4_pkey on sbtest4  (cost=0.43..6.42 rows=99 width=4)
	  Index Cond: ((id >= 2200774) AND (id <= 2200874))

table 5 : explain SELECT id FROM sbtest5 WHERE id BETWEEN 2200774 AND 2200874
	Index Only Scan using sbtest5_pkey on sbtest5  (cost=0.43..6.63 rows=110 width=4)
	  Index Cond: ((id >= 2200774) AND (id <= 2200874))

table 6 : explain SELECT id FROM sbtest6 WHERE id BETWEEN 2200774 AND 2200874
	Index Only Scan using sbtest6_pkey on sbtest6  (cost=0.43..6.35 rows=96 width=4)
	  Index Cond: ((id >= 2200774) AND (id <= 2200874))

table 7 : explain SELECT id FROM sbtest7 WHERE id BETWEEN 2200774 AND 2200874
	Index Only Scan using sbtest7_pkey on sbtest7  (cost=0.43..6.43 rows=100 width=4)
	  Index Cond: ((id >= 2200774) AND (id <= 2200874))

table 8 : explain SELECT id FROM sbtest8 WHERE id BETWEEN 2200774 AND 2200874
	Index Only Scan using sbtest8_pkey on sbtest8  (cost=0.43..6.51 rows=104 width=4)
	  Index Cond: ((id >= 2200774) AND (id <= 2200874))

for range-covered
table 1 : explain SELECT id FROM sbtest1 WHERE id BETWEEN 6768204 AND 6768304
	Index Only Scan using sbtest1_pkey on sbtest1  (cost=0.43..6.45 rows=101 width=4)
	  Index Cond: ((id >= 6768204) AND (id <= 6768304))

table 2 : explain SELECT id FROM sbtest2 WHERE id BETWEEN 6768204 AND 6768304
	Index Only Scan using sbtest2_pkey on sbtest2  (cost=0.43..6.29 rows=93 width=4)
	  Index Cond: ((id >= 6768204) AND (id <= 6768304))

table 3 : explain SELECT id FROM sbtest3 WHERE id BETWEEN 6768204 AND 6768304
	Index Only Scan using sbtest3_pkey on sbtest3  (cost=0.43..6.56 rows=106 width=4)
	  Index Cond: ((id >= 6768204) AND (id <= 6768304))

table 4 : explain SELECT id FROM sbtest4 WHERE id BETWEEN 6768204 AND 6768304
	Index Only Scan using sbtest4_pkey on sbtest4  (cost=0.43..6.50 rows=103 width=4)
	  Index Cond: ((id >= 6768204) AND (id <= 6768304))

table 5 : explain SELECT id FROM sbtest5 WHERE id BETWEEN 6768204 AND 6768304
	Index Only Scan using sbtest5_pkey on sbtest5  (cost=0.43..6.40 rows=98 width=4)
	  Index Cond: ((id >= 6768204) AND (id <= 6768304))

table 6 : explain SELECT id FROM sbtest6 WHERE id BETWEEN 6768204 AND 6768304
	Index Only Scan using sbtest6_pkey on sbtest6  (cost=0.43..6.33 rows=95 width=4)
	  Index Cond: ((id >= 6768204) AND (id <= 6768304))

table 7 : explain SELECT id FROM sbtest7 WHERE id BETWEEN 6768204 AND 6768304
	Index Only Scan using sbtest7_pkey on sbtest7  (cost=0.43..6.40 rows=98 width=4)
	  Index Cond: ((id >= 6768204) AND (id <= 6768304))

table 8 : explain SELECT id FROM sbtest8 WHERE id BETWEEN 6768204 AND 6768304
	Index Only Scan using sbtest8_pkey on sbtest8  (cost=0.43..6.40 rows=98 width=4)
	  Index Cond: ((id >= 6768204) AND (id <= 6768304))

explain: for range-covered :: explain SELECT id FROM sbtest%d WHERE id BETWEEN 6768204 AND 6768304
for range-covered
table 1 : explain SELECT id FROM sbtest1 WHERE id BETWEEN 5496299 AND 5496399
	Index Only Scan using sbtest1_pkey on sbtest1  (cost=0.43..6.35 rows=96 width=4)
	  Index Cond: ((id >= 5496299) AND (id <= 5496399))

table 2 : explain SELECT id FROM sbtest2 WHERE id BETWEEN 5496299 AND 5496399
	Index Only Scan using sbtest2_pkey on sbtest2  (cost=0.43..6.32 rows=94 width=4)
	  Index Cond: ((id >= 5496299) AND (id <= 5496399))

table 3 : explain SELECT id FROM sbtest3 WHERE id BETWEEN 5496299 AND 5496399
	Index Only Scan using sbtest3_pkey on sbtest3  (cost=0.43..6.53 rows=105 width=4)
	  Index Cond: ((id >= 5496299) AND (id <= 5496399))

table 4 : explain SELECT id FROM sbtest4 WHERE id BETWEEN 5496299 AND 5496399
	Index Only Scan using sbtest4_pkey on sbtest4  (cost=0.43..6.69 rows=113 width=4)
	  Index Cond: ((id >= 5496299) AND (id <= 5496399))

table 5 : explain SELECT id FROM sbtest5 WHERE id BETWEEN 5496299 AND 5496399
	Index Only Scan using sbtest5_pkey on sbtest5  (cost=0.43..6.53 rows=105 width=4)
	  Index Cond: ((id >= 5496299) AND (id <= 5496399))

table 6 : explain SELECT id FROM sbtest6 WHERE id BETWEEN 5496299 AND 5496399
	Index Only Scan using sbtest6_pkey on sbtest6  (cost=0.43..6.37 rows=97 width=4)
	  Index Cond: ((id >= 5496299) AND (id <= 5496399))

table 7 : explain SELECT id FROM sbtest7 WHERE id BETWEEN 5496299 AND 5496399
	Index Only Scan using sbtest7_pkey on sbtest7  (cost=0.43..6.50 rows=103 width=4)
	  Index Cond: ((id >= 5496299) AND (id <= 5496399))

table 8 : explain SELECT id FROM sbtest8 WHERE id BETWEEN 5496299 AND 5496399
	Index Only Scan using sbtest8_pkey on sbtest8  (cost=0.43..6.66 rows=111 width=4)
	  Index Cond: ((id >= 5496299) AND (id <= 5496399))

explain: for range-covered :: explain SELECT id FROM sbtest%d WHERE id BETWEEN 5496299 AND 5496399
for range-covered
table 1 : explain SELECT id FROM sbtest1 WHERE id BETWEEN 4102830 AND 4102930
	Index Only Scan using sbtest1_pkey on sbtest1  (cost=0.43..6.51 rows=104 width=4)
	  Index Cond: ((id >= 4102830) AND (id <= 4102930))

table 2 : explain SELECT id FROM sbtest2 WHERE id BETWEEN 4102830 AND 4102930
	Index Only Scan using sbtest2_pkey on sbtest2  (cost=0.43..6.47 rows=102 width=4)
	  Index Cond: ((id >= 4102830) AND (id <= 4102930))

table 3 : explain SELECT id FROM sbtest3 WHERE id BETWEEN 4102830 AND 4102930
	Index Only Scan using sbtest3_pkey on sbtest3  (cost=0.43..6.33 rows=95 width=4)
	  Index Cond: ((id >= 4102830) AND (id <= 4102930))

table 4 : explain SELECT id FROM sbtest4 WHERE id BETWEEN 4102830 AND 4102930
	Index Only Scan using sbtest4_pkey on sbtest4  (cost=0.43..6.58 rows=107 width=4)
	  Index Cond: ((id >= 4102830) AND (id <= 4102930))

table 5 : explain SELECT id FROM sbtest5 WHERE id BETWEEN 4102830 AND 4102930
	Index Only Scan using sbtest5_pkey on sbtest5  (cost=0.43..6.33 rows=95 width=4)
	  Index Cond: ((id >= 4102830) AND (id <= 4102930))

table 6 : explain SELECT id FROM sbtest6 WHERE id BETWEEN 4102830 AND 4102930
	Index Only Scan using sbtest6_pkey on sbtest6  (cost=0.43..6.47 rows=102 width=4)
	  Index Cond: ((id >= 4102830) AND (id <= 4102930))

table 7 : explain SELECT id FROM sbtest7 WHERE id BETWEEN 4102830 AND 4102930
	Index Only Scan using sbtest7_pkey on sbtest7  (cost=0.43..6.42 rows=99 width=4)
	  Index Cond: ((id >= 4102830) AND (id <= 4102930))

table 8 : explain SELECT id FROM sbtest8 WHERE id BETWEEN 4102830 AND 4102930
	Index Only Scan using sbtest8_pkey on sbtest8  (cost=0.43..6.45 rows=101 width=4)
	  Index Cond: ((id >= 4102830) AND (id <= 4102930))

explain: for range-covered :: explain SELECT id FROM sbtest%d WHERE id BETWEEN 4102830 AND 4102930
for range-covered
table 1 : explain SELECT id FROM sbtest1 WHERE id BETWEEN 2605997 AND 2606097
	Index Only Scan using sbtest1_pkey on sbtest1  (cost=0.43..6.42 rows=99 width=4)
	  Index Cond: ((id >= 2605997) AND (id <= 2606097))

table 2 : explain SELECT id FROM sbtest2 WHERE id BETWEEN 2605997 AND 2606097
	Index Only Scan using sbtest2_pkey on sbtest2  (cost=0.43..6.35 rows=96 width=4)
	  Index Cond: ((id >= 2605997) AND (id <= 2606097))

table 3 : explain SELECT id FROM sbtest3 WHERE id BETWEEN 2605997 AND 2606097
	Index Only Scan using sbtest3_pkey on sbtest3  (cost=0.43..6.59 rows=108 width=4)
	  Index Cond: ((id >= 2605997) AND (id <= 2606097))

table 4 : explain SELECT id FROM sbtest4 WHERE id BETWEEN 2605997 AND 2606097
	Index Only Scan using sbtest4_pkey on sbtest4  (cost=0.43..6.42 rows=99 width=4)
	  Index Cond: ((id >= 2605997) AND (id <= 2606097))

table 5 : explain SELECT id FROM sbtest5 WHERE id BETWEEN 2605997 AND 2606097
	Index Only Scan using sbtest5_pkey on sbtest5  (cost=0.43..6.33 rows=95 width=4)
	  Index Cond: ((id >= 2605997) AND (id <= 2606097))

table 6 : explain SELECT id FROM sbtest6 WHERE id BETWEEN 2605997 AND 2606097
	Index Only Scan using sbtest6_pkey on sbtest6  (cost=0.43..6.72 rows=114 width=4)
	  Index Cond: ((id >= 2605997) AND (id <= 2606097))

table 7 : explain SELECT id FROM sbtest7 WHERE id BETWEEN 2605997 AND 2606097
	Index Only Scan using sbtest7_pkey on sbtest7  (cost=0.43..6.53 rows=105 width=4)
	  Index Cond: ((id >= 2605997) AND (id <= 2606097))

table 8 : explain SELECT id FROM sbtest8 WHERE id BETWEEN 2605997 AND 2606097
	Index Only Scan using sbtest8_pkey on sbtest8  (cost=0.43..6.32 rows=94 width=4)
	  Index Cond: ((id >= 2605997) AND (id <= 2606097))

for range-covered
table 1 : explain SELECT id FROM sbtest1 WHERE id BETWEEN 6768204 AND 6768304
	Index Only Scan using sbtest1_pkey on sbtest1  (cost=0.43..6.45 rows=101 width=4)
	  Index Cond: ((id >= 6768204) AND (id <= 6768304))

table 2 : explain SELECT id FROM sbtest2 WHERE id BETWEEN 6768204 AND 6768304
	Index Only Scan using sbtest2_pkey on sbtest2  (cost=0.43..6.29 rows=93 width=4)
	  Index Cond: ((id >= 6768204) AND (id <= 6768304))

table 3 : explain SELECT id FROM sbtest3 WHERE id BETWEEN 6768204 AND 6768304
	Index Only Scan using sbtest3_pkey on sbtest3  (cost=0.43..6.56 rows=106 width=4)
	  Index Cond: ((id >= 6768204) AND (id <= 6768304))

table 4 : explain SELECT id FROM sbtest4 WHERE id BETWEEN 6768204 AND 6768304
	Index Only Scan using sbtest4_pkey on sbtest4  (cost=0.43..6.50 rows=103 width=4)
	  Index Cond: ((id >= 6768204) AND (id <= 6768304))

table 5 : explain SELECT id FROM sbtest5 WHERE id BETWEEN 6768204 AND 6768304
	Index Only Scan using sbtest5_pkey on sbtest5  (cost=0.43..6.40 rows=98 width=4)
	  Index Cond: ((id >= 6768204) AND (id <= 6768304))

table 6 : explain SELECT id FROM sbtest6 WHERE id BETWEEN 6768204 AND 6768304
	Index Only Scan using sbtest6_pkey on sbtest6  (cost=0.43..6.33 rows=95 width=4)
	  Index Cond: ((id >= 6768204) AND (id <= 6768304))

table 7 : explain SELECT id FROM sbtest7 WHERE id BETWEEN 6768204 AND 6768304
	Index Only Scan using sbtest7_pkey on sbtest7  (cost=0.43..6.40 rows=98 width=4)
	  Index Cond: ((id >= 6768204) AND (id <= 6768304))

table 8 : explain SELECT id FROM sbtest8 WHERE id BETWEEN 6768204 AND 6768304
	Index Only Scan using sbtest8_pkey on sbtest8  (cost=0.43..6.40 rows=98 width=4)
	  Index Cond: ((id >= 6768204) AND (id <= 6768304))

explain: for range-covered :: explain SELECT id FROM sbtest%d WHERE id BETWEEN 6768204 AND 6768304
for range-covered
table 1 : explain SELECT id FROM sbtest1 WHERE id BETWEEN 3140587 AND 3140687
	Index Only Scan using sbtest1_pkey on sbtest1  (cost=0.43..6.50 rows=103 width=4)
	  Index Cond: ((id >= 3140587) AND (id <= 3140687))

table 2 : explain SELECT id FROM sbtest2 WHERE id BETWEEN 3140587 AND 3140687
	Index Only Scan using sbtest2_pkey on sbtest2  (cost=0.43..6.47 rows=102 width=4)
	  Index Cond: ((id >= 3140587) AND (id <= 3140687))

table 3 : explain SELECT id FROM sbtest3 WHERE id BETWEEN 3140587 AND 3140687
	Index Only Scan using sbtest3_pkey on sbtest3  (cost=0.43..6.50 rows=103 width=4)
	  Index Cond: ((id >= 3140587) AND (id <= 3140687))

table 4 : explain SELECT id FROM sbtest4 WHERE id BETWEEN 3140587 AND 3140687
	Index Only Scan using sbtest4_pkey on sbtest4  (cost=0.43..6.56 rows=106 width=4)
	  Index Cond: ((id >= 3140587) AND (id <= 3140687))

table 5 : explain SELECT id FROM sbtest5 WHERE id BETWEEN 3140587 AND 3140687
	Index Only Scan using sbtest5_pkey on sbtest5  (cost=0.43..6.42 rows=99 width=4)
	  Index Cond: ((id >= 3140587) AND (id <= 3140687))

table 6 : explain SELECT id FROM sbtest6 WHERE id BETWEEN 3140587 AND 3140687
	Index Only Scan using sbtest6_pkey on sbtest6  (cost=0.43..6.29 rows=93 width=4)
	  Index Cond: ((id >= 3140587) AND (id <= 3140687))

table 7 : explain SELECT id FROM sbtest7 WHERE id BETWEEN 3140587 AND 3140687
	Index Only Scan using sbtest7_pkey on sbtest7  (cost=0.43..6.29 rows=93 width=4)
	  Index Cond: ((id >= 3140587) AND (id <= 3140687))

table 8 : explain SELECT id FROM sbtest8 WHERE id BETWEEN 3140587 AND 3140687
	Index Only Scan using sbtest8_pkey on sbtest8  (cost=0.43..6.42 rows=99 width=4)
	  Index Cond: ((id >= 3140587) AND (id <= 3140687))

for range-covered
table 1 : explain SELECT id FROM sbtest1 WHERE id BETWEEN 4102830 AND 4102930
	Index Only Scan using sbtest1_pkey on sbtest1  (cost=0.43..6.51 rows=104 width=4)
	  Index Cond: ((id >= 4102830) AND (id <= 4102930))

table 2 : explain SELECT id FROM sbtest2 WHERE id BETWEEN 4102830 AND 4102930
	Index Only Scan using sbtest2_pkey on sbtest2  (cost=0.43..6.47 rows=102 width=4)
	  Index Cond: ((id >= 4102830) AND (id <= 4102930))

table 3 : explain SELECT id FROM sbtest3 WHERE id BETWEEN 4102830 AND 4102930
	Index Only Scan using sbtest3_pkey on sbtest3  (cost=0.43..6.33 rows=95 width=4)
	  Index Cond: ((id >= 4102830) AND (id <= 4102930))

table 4 : explain SELECT id FROM sbtest4 WHERE id BETWEEN 4102830 AND 4102930
	Index Only Scan using sbtest4_pkey on sbtest4  (cost=0.43..6.58 rows=107 width=4)
	  Index Cond: ((id >= 4102830) AND (id <= 4102930))

table 5 : explain SELECT id FROM sbtest5 WHERE id BETWEEN 4102830 AND 4102930
	Index Only Scan using sbtest5_pkey on sbtest5  (cost=0.43..6.33 rows=95 width=4)
	  Index Cond: ((id >= 4102830) AND (id <= 4102930))

table 6 : explain SELECT id FROM sbtest6 WHERE id BETWEEN 4102830 AND 4102930
	Index Only Scan using sbtest6_pkey on sbtest6  (cost=0.43..6.47 rows=102 width=4)
	  Index Cond: ((id >= 4102830) AND (id <= 4102930))

table 7 : explain SELECT id FROM sbtest7 WHERE id BETWEEN 4102830 AND 4102930
	Index Only Scan using sbtest7_pkey on sbtest7  (cost=0.43..6.42 rows=99 width=4)
	  Index Cond: ((id >= 4102830) AND (id <= 4102930))

table 8 : explain SELECT id FROM sbtest8 WHERE id BETWEEN 4102830 AND 4102930
	Index Only Scan using sbtest8_pkey on sbtest8  (cost=0.43..6.45 rows=101 width=4)
	  Index Cond: ((id >= 4102830) AND (id <= 4102930))

explain: for range-covered :: explain SELECT id FROM sbtest%d WHERE id BETWEEN 4102830 AND 4102930
explain: for range-covered :: explain SELECT id FROM sbtest%d WHERE id BETWEEN 3140587 AND 3140687
explain: for range-covered :: explain SELECT id FROM sbtest%d WHERE id BETWEEN 247417 AND 247517
explain: for range-covered :: explain SELECT id FROM sbtest%d WHERE id BETWEEN 3961450 AND 3961550
for range-covered
table 1 : explain SELECT id FROM sbtest1 WHERE id BETWEEN 5496299 AND 5496399
	Index Only Scan using sbtest1_pkey on sbtest1  (cost=0.43..6.35 rows=96 width=4)
	  Index Cond: ((id >= 5496299) AND (id <= 5496399))

table 2 : explain SELECT id FROM sbtest2 WHERE id BETWEEN 5496299 AND 5496399
	Index Only Scan using sbtest2_pkey on sbtest2  (cost=0.43..6.32 rows=94 width=4)
	  Index Cond: ((id >= 5496299) AND (id <= 5496399))

table 3 : explain SELECT id FROM sbtest3 WHERE id BETWEEN 5496299 AND 5496399
	Index Only Scan using sbtest3_pkey on sbtest3  (cost=0.43..6.53 rows=105 width=4)
	  Index Cond: ((id >= 5496299) AND (id <= 5496399))

table 4 : explain SELECT id FROM sbtest4 WHERE id BETWEEN 5496299 AND 5496399
	Index Only Scan using sbtest4_pkey on sbtest4  (cost=0.43..6.69 rows=113 width=4)
	  Index Cond: ((id >= 5496299) AND (id <= 5496399))

table 5 : explain SELECT id FROM sbtest5 WHERE id BETWEEN 5496299 AND 5496399
	Index Only Scan using sbtest5_pkey on sbtest5  (cost=0.43..6.53 rows=105 width=4)
	  Index Cond: ((id >= 5496299) AND (id <= 5496399))

table 6 : explain SELECT id FROM sbtest6 WHERE id BETWEEN 5496299 AND 5496399
	Index Only Scan using sbtest6_pkey on sbtest6  (cost=0.43..6.37 rows=97 width=4)
	  Index Cond: ((id >= 5496299) AND (id <= 5496399))

table 7 : explain SELECT id FROM sbtest7 WHERE id BETWEEN 5496299 AND 5496399
	Index Only Scan using sbtest7_pkey on sbtest7  (cost=0.43..6.50 rows=103 width=4)
	  Index Cond: ((id >= 5496299) AND (id <= 5496399))

table 8 : explain SELECT id FROM sbtest8 WHERE id BETWEEN 5496299 AND 5496399
	Index Only Scan using sbtest8_pkey on sbtest8  (cost=0.43..6.66 rows=111 width=4)
	  Index Cond: ((id >= 5496299) AND (id <= 5496399))

explain: for range-covered :: explain SELECT id FROM sbtest%d WHERE id BETWEEN 5496299 AND 5496399
for range-covered
table 1 : explain SELECT id FROM sbtest1 WHERE id BETWEEN 6768204 AND 6768304
	Index Only Scan using sbtest1_pkey on sbtest1  (cost=0.43..6.45 rows=101 width=4)
	  Index Cond: ((id >= 6768204) AND (id <= 6768304))

table 2 : explain SELECT id FROM sbtest2 WHERE id BETWEEN 6768204 AND 6768304
	Index Only Scan using sbtest2_pkey on sbtest2  (cost=0.43..6.29 rows=93 width=4)
	  Index Cond: ((id >= 6768204) AND (id <= 6768304))

table 3 : explain SELECT id FROM sbtest3 WHERE id BETWEEN 6768204 AND 6768304
	Index Only Scan using sbtest3_pkey on sbtest3  (cost=0.43..6.56 rows=106 width=4)
	  Index Cond: ((id >= 6768204) AND (id <= 6768304))

table 4 : explain SELECT id FROM sbtest4 WHERE id BETWEEN 6768204 AND 6768304
	Index Only Scan using sbtest4_pkey on sbtest4  (cost=0.43..6.50 rows=103 width=4)
	  Index Cond: ((id >= 6768204) AND (id <= 6768304))

table 5 : explain SELECT id FROM sbtest5 WHERE id BETWEEN 6768204 AND 6768304
	Index Only Scan using sbtest5_pkey on sbtest5  (cost=0.43..6.40 rows=98 width=4)
	  Index Cond: ((id >= 6768204) AND (id <= 6768304))

table 6 : explain SELECT id FROM sbtest6 WHERE id BETWEEN 6768204 AND 6768304
	Index Only Scan using sbtest6_pkey on sbtest6  (cost=0.43..6.33 rows=95 width=4)
	  Index Cond: ((id >= 6768204) AND (id <= 6768304))

table 7 : explain SELECT id FROM sbtest7 WHERE id BETWEEN 6768204 AND 6768304
	Index Only Scan using sbtest7_pkey on sbtest7  (cost=0.43..6.40 rows=98 width=4)
	  Index Cond: ((id >= 6768204) AND (id <= 6768304))

table 8 : explain SELECT id FROM sbtest8 WHERE id BETWEEN 6768204 AND 6768304
	Index Only Scan using sbtest8_pkey on sbtest8  (cost=0.43..6.40 rows=98 width=4)
	  Index Cond: ((id >= 6768204) AND (id <= 6768304))

explain: for range-covered :: explain SELECT id FROM sbtest%d WHERE id BETWEEN 6768204 AND 6768304
for range-covered
table 1 : explain SELECT id FROM sbtest1 WHERE id BETWEEN 4102830 AND 4102930
	Index Only Scan using sbtest1_pkey on sbtest1  (cost=0.43..6.51 rows=104 width=4)
	  Index Cond: ((id >= 4102830) AND (id <= 4102930))

table 2 : explain SELECT id FROM sbtest2 WHERE id BETWEEN 4102830 AND 4102930
	Index Only Scan using sbtest2_pkey on sbtest2  (cost=0.43..6.47 rows=102 width=4)
	  Index Cond: ((id >= 4102830) AND (id <= 4102930))

table 3 : explain SELECT id FROM sbtest3 WHERE id BETWEEN 4102830 AND 4102930
	Index Only Scan using sbtest3_pkey on sbtest3  (cost=0.43..6.33 rows=95 width=4)
	  Index Cond: ((id >= 4102830) AND (id <= 4102930))

table 4 : explain SELECT id FROM sbtest4 WHERE id BETWEEN 4102830 AND 4102930
	Index Only Scan using sbtest4_pkey on sbtest4  (cost=0.43..6.58 rows=107 width=4)
	  Index Cond: ((id >= 4102830) AND (id <= 4102930))

table 5 : explain SELECT id FROM sbtest5 WHERE id BETWEEN 4102830 AND 4102930
	Index Only Scan using sbtest5_pkey on sbtest5  (cost=0.43..6.33 rows=95 width=4)
	  Index Cond: ((id >= 4102830) AND (id <= 4102930))

table 6 : explain SELECT id FROM sbtest6 WHERE id BETWEEN 4102830 AND 4102930
	Index Only Scan using sbtest6_pkey on sbtest6  (cost=0.43..6.47 rows=102 width=4)
	  Index Cond: ((id >= 4102830) AND (id <= 4102930))

table 7 : explain SELECT id FROM sbtest7 WHERE id BETWEEN 4102830 AND 4102930
	Index Only Scan using sbtest7_pkey on sbtest7  (cost=0.43..6.42 rows=99 width=4)
	  Index Cond: ((id >= 4102830) AND (id <= 4102930))

table 8 : explain SELECT id FROM sbtest8 WHERE id BETWEEN 4102830 AND 4102930
	Index Only Scan using sbtest8_pkey on sbtest8  (cost=0.43..6.45 rows=101 width=4)
	  Index Cond: ((id >= 4102830) AND (id <= 4102930))

explain: for range-covered :: explain SELECT id FROM sbtest%d WHERE id BETWEEN 4102830 AND 4102930
for range-covered
table 1 : explain SELECT id FROM sbtest1 WHERE id BETWEEN 4102830 AND 4102930
	Index Only Scan using sbtest1_pkey on sbtest1  (cost=0.43..6.51 rows=104 width=4)
	  Index Cond: ((id >= 4102830) AND (id <= 4102930))

table 2 : explain SELECT id FROM sbtest2 WHERE id BETWEEN 4102830 AND 4102930
	Index Only Scan using sbtest2_pkey on sbtest2  (cost=0.43..6.47 rows=102 width=4)
	  Index Cond: ((id >= 4102830) AND (id <= 4102930))

table 3 : explain SELECT id FROM sbtest3 WHERE id BETWEEN 4102830 AND 4102930
	Index Only Scan using sbtest3_pkey on sbtest3  (cost=0.43..6.33 rows=95 width=4)
	  Index Cond: ((id >= 4102830) AND (id <= 4102930))

table 4 : explain SELECT id FROM sbtest4 WHERE id BETWEEN 4102830 AND 4102930
	Index Only Scan using sbtest4_pkey on sbtest4  (cost=0.43..6.58 rows=107 width=4)
	  Index Cond: ((id >= 4102830) AND (id <= 4102930))

table 5 : explain SELECT id FROM sbtest5 WHERE id BETWEEN 4102830 AND 4102930
	Index Only Scan using sbtest5_pkey on sbtest5  (cost=0.43..6.33 rows=95 width=4)
	  Index Cond: ((id >= 4102830) AND (id <= 4102930))

table 6 : explain SELECT id FROM sbtest6 WHERE id BETWEEN 4102830 AND 4102930
	Index Only Scan using sbtest6_pkey on sbtest6  (cost=0.43..6.47 rows=102 width=4)
	  Index Cond: ((id >= 4102830) AND (id <= 4102930))

table 7 : explain SELECT id FROM sbtest7 WHERE id BETWEEN 4102830 AND 4102930
	Index Only Scan using sbtest7_pkey on sbtest7  (cost=0.43..6.42 rows=99 width=4)
	  Index Cond: ((id >= 4102830) AND (id <= 4102930))

table 8 : explain SELECT id FROM sbtest8 WHERE id BETWEEN 4102830 AND 4102930
	Index Only Scan using sbtest8_pkey on sbtest8  (cost=0.43..6.45 rows=101 width=4)
	  Index Cond: ((id >= 4102830) AND (id <= 4102930))

explain: for range-covered :: explain SELECT id FROM sbtest%d WHERE id BETWEEN 4102830 AND 4102930
for range-covered
table 1 : explain SELECT id FROM sbtest1 WHERE id BETWEEN 5496299 AND 5496399
	Index Only Scan using sbtest1_pkey on sbtest1  (cost=0.43..6.35 rows=96 width=4)
	  Index Cond: ((id >= 5496299) AND (id <= 5496399))

table 2 : explain SELECT id FROM sbtest2 WHERE id BETWEEN 5496299 AND 5496399
	Index Only Scan using sbtest2_pkey on sbtest2  (cost=0.43..6.32 rows=94 width=4)
	  Index Cond: ((id >= 5496299) AND (id <= 5496399))

table 3 : explain SELECT id FROM sbtest3 WHERE id BETWEEN 5496299 AND 5496399
	Index Only Scan using sbtest3_pkey on sbtest3  (cost=0.43..6.53 rows=105 width=4)
	  Index Cond: ((id >= 5496299) AND (id <= 5496399))

table 4 : explain SELECT id FROM sbtest4 WHERE id BETWEEN 5496299 AND 5496399
	Index Only Scan using sbtest4_pkey on sbtest4  (cost=0.43..6.69 rows=113 width=4)
	  Index Cond: ((id >= 5496299) AND (id <= 5496399))

table 5 : explain SELECT id FROM sbtest5 WHERE id BETWEEN 5496299 AND 5496399
	Index Only Scan using sbtest5_pkey on sbtest5  (cost=0.43..6.53 rows=105 width=4)
	  Index Cond: ((id >= 5496299) AND (id <= 5496399))

table 6 : explain SELECT id FROM sbtest6 WHERE id BETWEEN 5496299 AND 5496399
	Index Only Scan using sbtest6_pkey on sbtest6  (cost=0.43..6.37 rows=97 width=4)
	  Index Cond: ((id >= 5496299) AND (id <= 5496399))

table 7 : explain SELECT id FROM sbtest7 WHERE id BETWEEN 5496299 AND 5496399
	Index Only Scan using sbtest7_pkey on sbtest7  (cost=0.43..6.50 rows=103 width=4)
	  Index Cond: ((id >= 5496299) AND (id <= 5496399))

table 8 : explain SELECT id FROM sbtest8 WHERE id BETWEEN 5496299 AND 5496399
	Index Only Scan using sbtest8_pkey on sbtest8  (cost=0.43..6.66 rows=111 width=4)
	  Index Cond: ((id >= 5496299) AND (id <= 5496399))

explain: for range-covered :: explain SELECT id FROM sbtest%d WHERE id BETWEEN 5496299 AND 5496399
for range-covered
table 1 : explain SELECT id FROM sbtest1 WHERE id BETWEEN 5188990 AND 5189090
	Index Only Scan using sbtest1_pkey on sbtest1  (cost=0.43..6.24 rows=90 width=4)
	  Index Cond: ((id >= 5188990) AND (id <= 5189090))

table 2 : explain SELECT id FROM sbtest2 WHERE id BETWEEN 5188990 AND 5189090
	Index Only Scan using sbtest2_pkey on sbtest2  (cost=0.43..6.29 rows=93 width=4)
	  Index Cond: ((id >= 5188990) AND (id <= 5189090))

table 3 : explain SELECT id FROM sbtest3 WHERE id BETWEEN 5188990 AND 5189090
	Index Only Scan using sbtest3_pkey on sbtest3  (cost=0.43..6.59 rows=108 width=4)
	  Index Cond: ((id >= 5188990) AND (id <= 5189090))

table 4 : explain SELECT id FROM sbtest4 WHERE id BETWEEN 5188990 AND 5189090
	Index Only Scan using sbtest4_pkey on sbtest4  (cost=0.43..6.43 rows=100 width=4)
	  Index Cond: ((id >= 5188990) AND (id <= 5189090))

table 5 : explain SELECT id FROM sbtest5 WHERE id BETWEEN 5188990 AND 5189090
	Index Only Scan using sbtest5_pkey on sbtest5  (cost=0.43..6.47 rows=102 width=4)
	  Index Cond: ((id >= 5188990) AND (id <= 5189090))

table 6 : explain SELECT id FROM sbtest6 WHERE id BETWEEN 5188990 AND 5189090
	Index Only Scan using sbtest6_pkey on sbtest6  (cost=0.43..6.37 rows=97 width=4)
	  Index Cond: ((id >= 5188990) AND (id <= 5189090))

table 7 : explain SELECT id FROM sbtest7 WHERE id BETWEEN 5188990 AND 5189090
	Index Only Scan using sbtest7_pkey on sbtest7  (cost=0.43..6.47 rows=102 width=4)
	  Index Cond: ((id >= 5188990) AND (id <= 5189090))

table 8 : explain SELECT id FROM sbtest8 WHERE id BETWEEN 5188990 AND 5189090
	Index Only Scan using sbtest8_pkey on sbtest8  (cost=0.43..6.27 rows=92 width=4)
	  Index Cond: ((id >= 5188990) AND (id <= 5189090))

for range-covered
table 1 : explain SELECT id FROM sbtest1 WHERE id BETWEEN 4102830 AND 4102930
	Index Only Scan using sbtest1_pkey on sbtest1  (cost=0.43..6.51 rows=104 width=4)
	  Index Cond: ((id >= 4102830) AND (id <= 4102930))

table 2 : explain SELECT id FROM sbtest2 WHERE id BETWEEN 4102830 AND 4102930
	Index Only Scan using sbtest2_pkey on sbtest2  (cost=0.43..6.47 rows=102 width=4)
	  Index Cond: ((id >= 4102830) AND (id <= 4102930))

table 3 : explain SELECT id FROM sbtest3 WHERE id BETWEEN 4102830 AND 4102930
	Index Only Scan using sbtest3_pkey on sbtest3  (cost=0.43..6.33 rows=95 width=4)
	  Index Cond: ((id >= 4102830) AND (id <= 4102930))

table 4 : explain SELECT id FROM sbtest4 WHERE id BETWEEN 4102830 AND 4102930
	Index Only Scan using sbtest4_pkey on sbtest4  (cost=0.43..6.58 rows=107 width=4)
	  Index Cond: ((id >= 4102830) AND (id <= 4102930))

table 5 : explain SELECT id FROM sbtest5 WHERE id BETWEEN 4102830 AND 4102930
	Index Only Scan using sbtest5_pkey on sbtest5  (cost=0.43..6.33 rows=95 width=4)
	  Index Cond: ((id >= 4102830) AND (id <= 4102930))

table 6 : explain SELECT id FROM sbtest6 WHERE id BETWEEN 4102830 AND 4102930
	Index Only Scan using sbtest6_pkey on sbtest6  (cost=0.43..6.47 rows=102 width=4)
	  Index Cond: ((id >= 4102830) AND (id <= 4102930))

table 7 : explain SELECT id FROM sbtest7 WHERE id BETWEEN 4102830 AND 4102930
	Index Only Scan using sbtest7_pkey on sbtest7  (cost=0.43..6.42 rows=99 width=4)
	  Index Cond: ((id >= 4102830) AND (id <= 4102930))

table 8 : explain SELECT id FROM sbtest8 WHERE id BETWEEN 4102830 AND 4102930
	Index Only Scan using sbtest8_pkey on sbtest8  (cost=0.43..6.45 rows=101 width=4)
	  Index Cond: ((id >= 4102830) AND (id <= 4102930))

explain: for range-covered :: explain SELECT id FROM sbtest%d WHERE id BETWEEN 5188990 AND 5189090
explain: for range-covered :: explain SELECT id FROM sbtest%d WHERE id BETWEEN 4102830 AND 4102930
for range-covered
table 1 : explain SELECT id FROM sbtest1 WHERE id BETWEEN 6768204 AND 6768304
	Index Only Scan using sbtest1_pkey on sbtest1  (cost=0.43..6.45 rows=101 width=4)
	  Index Cond: ((id >= 6768204) AND (id <= 6768304))

table 2 : explain SELECT id FROM sbtest2 WHERE id BETWEEN 6768204 AND 6768304
	Index Only Scan using sbtest2_pkey on sbtest2  (cost=0.43..6.29 rows=93 width=4)
	  Index Cond: ((id >= 6768204) AND (id <= 6768304))

table 3 : explain SELECT id FROM sbtest3 WHERE id BETWEEN 6768204 AND 6768304
	Index Only Scan using sbtest3_pkey on sbtest3  (cost=0.43..6.56 rows=106 width=4)
	  Index Cond: ((id >= 6768204) AND (id <= 6768304))

table 4 : explain SELECT id FROM sbtest4 WHERE id BETWEEN 6768204 AND 6768304
	Index Only Scan using sbtest4_pkey on sbtest4  (cost=0.43..6.50 rows=103 width=4)
	  Index Cond: ((id >= 6768204) AND (id <= 6768304))

table 5 : explain SELECT id FROM sbtest5 WHERE id BETWEEN 6768204 AND 6768304
	Index Only Scan using sbtest5_pkey on sbtest5  (cost=0.43..6.40 rows=98 width=4)
	  Index Cond: ((id >= 6768204) AND (id <= 6768304))

table 6 : explain SELECT id FROM sbtest6 WHERE id BETWEEN 6768204 AND 6768304
	Index Only Scan using sbtest6_pkey on sbtest6  (cost=0.43..6.33 rows=95 width=4)
	  Index Cond: ((id >= 6768204) AND (id <= 6768304))

table 7 : explain SELECT id FROM sbtest7 WHERE id BETWEEN 6768204 AND 6768304
	Index Only Scan using sbtest7_pkey on sbtest7  (cost=0.43..6.40 rows=98 width=4)
	  Index Cond: ((id >= 6768204) AND (id <= 6768304))

table 8 : explain SELECT id FROM sbtest8 WHERE id BETWEEN 6768204 AND 6768304
	Index Only Scan using sbtest8_pkey on sbtest8  (cost=0.43..6.40 rows=98 width=4)
	  Index Cond: ((id >= 6768204) AND (id <= 6768304))

for range-covered
table 1 : explain SELECT id FROM sbtest1 WHERE id BETWEEN 3140587 AND 3140687
	Index Only Scan using sbtest1_pkey on sbtest1  (cost=0.43..6.50 rows=103 width=4)
	  Index Cond: ((id >= 3140587) AND (id <= 3140687))

table 2 : explain SELECT id FROM sbtest2 WHERE id BETWEEN 3140587 AND 3140687
	Index Only Scan using sbtest2_pkey on sbtest2  (cost=0.43..6.47 rows=102 width=4)
	  Index Cond: ((id >= 3140587) AND (id <= 3140687))

table 3 : explain SELECT id FROM sbtest3 WHERE id BETWEEN 3140587 AND 3140687
	Index Only Scan using sbtest3_pkey on sbtest3  (cost=0.43..6.50 rows=103 width=4)
	  Index Cond: ((id >= 3140587) AND (id <= 3140687))

table 4 : explain SELECT id FROM sbtest4 WHERE id BETWEEN 3140587 AND 3140687
	Index Only Scan using sbtest4_pkey on sbtest4  (cost=0.43..6.56 rows=106 width=4)
	  Index Cond: ((id >= 3140587) AND (id <= 3140687))

table 5 : explain SELECT id FROM sbtest5 WHERE id BETWEEN 3140587 AND 3140687
	Index Only Scan using sbtest5_pkey on sbtest5  (cost=0.43..6.42 rows=99 width=4)
	  Index Cond: ((id >= 3140587) AND (id <= 3140687))

table 6 : explain SELECT id FROM sbtest6 WHERE id BETWEEN 3140587 AND 3140687
	Index Only Scan using sbtest6_pkey on sbtest6  (cost=0.43..6.29 rows=93 width=4)
	  Index Cond: ((id >= 3140587) AND (id <= 3140687))

table 7 : explain SELECT id FROM sbtest7 WHERE id BETWEEN 3140587 AND 3140687
	Index Only Scan using sbtest7_pkey on sbtest7  (cost=0.43..6.29 rows=93 width=4)
	  Index Cond: ((id >= 3140587) AND (id <= 3140687))

table 8 : explain SELECT id FROM sbtest8 WHERE id BETWEEN 3140587 AND 3140687
	Index Only Scan using sbtest8_pkey on sbtest8  (cost=0.43..6.42 rows=99 width=4)
	  Index Cond: ((id >= 3140587) AND (id <= 3140687))

explain: for range-covered :: explain SELECT id FROM sbtest%d WHERE id BETWEEN 3140587 AND 3140687
for range-covered
table 1 : explain SELECT id FROM sbtest1 WHERE id BETWEEN 5496299 AND 5496399
	Index Only Scan using sbtest1_pkey on sbtest1  (cost=0.43..6.35 rows=96 width=4)
	  Index Cond: ((id >= 5496299) AND (id <= 5496399))

table 2 : explain SELECT id FROM sbtest2 WHERE id BETWEEN 5496299 AND 5496399
	Index Only Scan using sbtest2_pkey on sbtest2  (cost=0.43..6.32 rows=94 width=4)
	  Index Cond: ((id >= 5496299) AND (id <= 5496399))

table 3 : explain SELECT id FROM sbtest3 WHERE id BETWEEN 5496299 AND 5496399
	Index Only Scan using sbtest3_pkey on sbtest3  (cost=0.43..6.53 rows=105 width=4)
	  Index Cond: ((id >= 5496299) AND (id <= 5496399))

table 4 : explain SELECT id FROM sbtest4 WHERE id BETWEEN 5496299 AND 5496399
	Index Only Scan using sbtest4_pkey on sbtest4  (cost=0.43..6.69 rows=113 width=4)
	  Index Cond: ((id >= 5496299) AND (id <= 5496399))

table 5 : explain SELECT id FROM sbtest5 WHERE id BETWEEN 5496299 AND 5496399
	Index Only Scan using sbtest5_pkey on sbtest5  (cost=0.43..6.53 rows=105 width=4)
	  Index Cond: ((id >= 5496299) AND (id <= 5496399))

table 6 : explain SELECT id FROM sbtest6 WHERE id BETWEEN 5496299 AND 5496399
	Index Only Scan using sbtest6_pkey on sbtest6  (cost=0.43..6.37 rows=97 width=4)
	  Index Cond: ((id >= 5496299) AND (id <= 5496399))

table 7 : explain SELECT id FROM sbtest7 WHERE id BETWEEN 5496299 AND 5496399
	Index Only Scan using sbtest7_pkey on sbtest7  (cost=0.43..6.50 rows=103 width=4)
	  Index Cond: ((id >= 5496299) AND (id <= 5496399))

table 8 : explain SELECT id FROM sbtest8 WHERE id BETWEEN 5496299 AND 5496399
	Index Only Scan using sbtest8_pkey on sbtest8  (cost=0.43..6.66 rows=111 width=4)
	  Index Cond: ((id >= 5496299) AND (id <= 5496399))

for range-covered
table 1 : explain SELECT id FROM sbtest1 WHERE id BETWEEN 3993813 AND 3993913
	Index Only Scan using sbtest1_pkey on sbtest1  (cost=0.43..6.63 rows=110 width=4)
	  Index Cond: ((id >= 3993813) AND (id <= 3993913))

table 2 : explain SELECT id FROM sbtest2 WHERE id BETWEEN 3993813 AND 3993913
	Index Only Scan using sbtest2_pkey on sbtest2  (cost=0.43..6.59 rows=108 width=4)
	  Index Cond: ((id >= 3993813) AND (id <= 3993913))

table 3 : explain SELECT id FROM sbtest3 WHERE id BETWEEN 3993813 AND 3993913
	Index Only Scan using sbtest3_pkey on sbtest3  (cost=0.43..6.32 rows=94 width=4)
	  Index Cond: ((id >= 3993813) AND (id <= 3993913))

table 4 : explain SELECT id FROM sbtest4 WHERE id BETWEEN 3993813 AND 3993913
	Index Only Scan using sbtest4_pkey on sbtest4  (cost=0.43..6.40 rows=98 width=4)
	  Index Cond: ((id >= 3993813) AND (id <= 3993913))

table 5 : explain SELECT id FROM sbtest5 WHERE id BETWEEN 3993813 AND 3993913
	Index Only Scan using sbtest5_pkey on sbtest5  (cost=0.43..6.40 rows=98 width=4)
	  Index Cond: ((id >= 3993813) AND (id <= 3993913))

table 6 : explain SELECT id FROM sbtest6 WHERE id BETWEEN 3993813 AND 3993913
	Index Only Scan using sbtest6_pkey on sbtest6  (cost=0.43..6.50 rows=103 width=4)
	  Index Cond: ((id >= 3993813) AND (id <= 3993913))

table 7 : explain SELECT id FROM sbtest7 WHERE id BETWEEN 3993813 AND 3993913
	Index Only Scan using sbtest7_pkey on sbtest7  (cost=0.43..6.33 rows=95 width=4)
	  Index Cond: ((id >= 3993813) AND (id <= 3993913))

table 8 : explain SELECT id FROM sbtest8 WHERE id BETWEEN 3993813 AND 3993913
	Index Only Scan using sbtest8_pkey on sbtest8  (cost=0.43..6.51 rows=104 width=4)
	  Index Cond: ((id >= 3993813) AND (id <= 3993913))

explain: for range-covered :: explain SELECT id FROM sbtest%d WHERE id BETWEEN 5496299 AND 5496399
explain: for range-covered :: explain SELECT id FROM sbtest%d WHERE id BETWEEN 3993813 AND 3993913
for range-covered
table 1 : explain SELECT id FROM sbtest1 WHERE id BETWEEN 3961450 AND 3961550
	Index Only Scan using sbtest1_pkey on sbtest1  (cost=0.43..6.63 rows=110 width=4)
	  Index Cond: ((id >= 3961450) AND (id <= 3961550))

table 2 : explain SELECT id FROM sbtest2 WHERE id BETWEEN 3961450 AND 3961550
	Index Only Scan using sbtest2_pkey on sbtest2  (cost=0.43..6.59 rows=108 width=4)
	  Index Cond: ((id >= 3961450) AND (id <= 3961550))

table 3 : explain SELECT id FROM sbtest3 WHERE id BETWEEN 3961450 AND 3961550
	Index Only Scan using sbtest3_pkey on sbtest3  (cost=0.43..6.32 rows=94 width=4)
	  Index Cond: ((id >= 3961450) AND (id <= 3961550))

table 4 : explain SELECT id FROM sbtest4 WHERE id BETWEEN 3961450 AND 3961550
	Index Only Scan using sbtest4_pkey on sbtest4  (cost=0.43..6.40 rows=98 width=4)
	  Index Cond: ((id >= 3961450) AND (id <= 3961550))

table 5 : explain SELECT id FROM sbtest5 WHERE id BETWEEN 3961450 AND 3961550
	Index Only Scan using sbtest5_pkey on sbtest5  (cost=0.43..6.40 rows=98 width=4)
	  Index Cond: ((id >= 3961450) AND (id <= 3961550))

table 6 : explain SELECT id FROM sbtest6 WHERE id BETWEEN 3961450 AND 3961550
	Index Only Scan using sbtest6_pkey on sbtest6  (cost=0.43..6.50 rows=103 width=4)
	  Index Cond: ((id >= 3961450) AND (id <= 3961550))

table 7 : explain SELECT id FROM sbtest7 WHERE id BETWEEN 3961450 AND 3961550
	Index Only Scan using sbtest7_pkey on sbtest7  (cost=0.43..6.33 rows=95 width=4)
	  Index Cond: ((id >= 3961450) AND (id <= 3961550))

table 8 : explain SELECT id FROM sbtest8 WHERE id BETWEEN 3961450 AND 3961550
	Index Only Scan using sbtest8_pkey on sbtest8  (cost=0.43..6.51 rows=104 width=4)
	  Index Cond: ((id >= 3961450) AND (id <= 3961550))

explain: for range-covered :: explain SELECT id FROM sbtest%d WHERE id BETWEEN 3961450 AND 3961550
for range-covered
table 1 : explain SELECT id FROM sbtest1 WHERE id BETWEEN 3993813 AND 3993913
	Index Only Scan using sbtest1_pkey on sbtest1  (cost=0.43..6.63 rows=110 width=4)
	  Index Cond: ((id >= 3993813) AND (id <= 3993913))

table 2 : explain SELECT id FROM sbtest2 WHERE id BETWEEN 3993813 AND 3993913
	Index Only Scan using sbtest2_pkey on sbtest2  (cost=0.43..6.59 rows=108 width=4)
	  Index Cond: ((id >= 3993813) AND (id <= 3993913))

table 3 : explain SELECT id FROM sbtest3 WHERE id BETWEEN 3993813 AND 3993913
	Index Only Scan using sbtest3_pkey on sbtest3  (cost=0.43..6.32 rows=94 width=4)
	  Index Cond: ((id >= 3993813) AND (id <= 3993913))

table 4 : explain SELECT id FROM sbtest4 WHERE id BETWEEN 3993813 AND 3993913
	Index Only Scan using sbtest4_pkey on sbtest4  (cost=0.43..6.40 rows=98 width=4)
	  Index Cond: ((id >= 3993813) AND (id <= 3993913))

table 5 : explain SELECT id FROM sbtest5 WHERE id BETWEEN 3993813 AND 3993913
	Index Only Scan using sbtest5_pkey on sbtest5  (cost=0.43..6.40 rows=98 width=4)
	  Index Cond: ((id >= 3993813) AND (id <= 3993913))

table 6 : explain SELECT id FROM sbtest6 WHERE id BETWEEN 3993813 AND 3993913
	Index Only Scan using sbtest6_pkey on sbtest6  (cost=0.43..6.50 rows=103 width=4)
	  Index Cond: ((id >= 3993813) AND (id <= 3993913))

table 7 : explain SELECT id FROM sbtest7 WHERE id BETWEEN 3993813 AND 3993913
	Index Only Scan using sbtest7_pkey on sbtest7  (cost=0.43..6.33 rows=95 width=4)
	  Index Cond: ((id >= 3993813) AND (id <= 3993913))

table 8 : explain SELECT id FROM sbtest8 WHERE id BETWEEN 3993813 AND 3993913
	Index Only Scan using sbtest8_pkey on sbtest8  (cost=0.43..6.51 rows=104 width=4)
	  Index Cond: ((id >= 3993813) AND (id <= 3993913))

for range-covered
table 1 : explain SELECT id FROM sbtest1 WHERE id BETWEEN 4102830 AND 4102930
	Index Only Scan using sbtest1_pkey on sbtest1  (cost=0.43..6.51 rows=104 width=4)
	  Index Cond: ((id >= 4102830) AND (id <= 4102930))

table 2 : explain SELECT id FROM sbtest2 WHERE id BETWEEN 4102830 AND 4102930
	Index Only Scan using sbtest2_pkey on sbtest2  (cost=0.43..6.47 rows=102 width=4)
	  Index Cond: ((id >= 4102830) AND (id <= 4102930))

table 3 : explain SELECT id FROM sbtest3 WHERE id BETWEEN 4102830 AND 4102930
	Index Only Scan using sbtest3_pkey on sbtest3  (cost=0.43..6.33 rows=95 width=4)
	  Index Cond: ((id >= 4102830) AND (id <= 4102930))

table 4 : explain SELECT id FROM sbtest4 WHERE id BETWEEN 4102830 AND 4102930
	Index Only Scan using sbtest4_pkey on sbtest4  (cost=0.43..6.58 rows=107 width=4)
	  Index Cond: ((id >= 4102830) AND (id <= 4102930))

table 5 : explain SELECT id FROM sbtest5 WHERE id BETWEEN 4102830 AND 4102930
	Index Only Scan using sbtest5_pkey on sbtest5  (cost=0.43..6.33 rows=95 width=4)
	  Index Cond: ((id >= 4102830) AND (id <= 4102930))

table 6 : explain SELECT id FROM sbtest6 WHERE id BETWEEN 4102830 AND 4102930
	Index Only Scan using sbtest6_pkey on sbtest6  (cost=0.43..6.47 rows=102 width=4)
	  Index Cond: ((id >= 4102830) AND (id <= 4102930))

table 7 : explain SELECT id FROM sbtest7 WHERE id BETWEEN 4102830 AND 4102930
	Index Only Scan using sbtest7_pkey on sbtest7  (cost=0.43..6.42 rows=99 width=4)
	  Index Cond: ((id >= 4102830) AND (id <= 4102930))

table 8 : explain SELECT id FROM sbtest8 WHERE id BETWEEN 4102830 AND 4102930
	Index Only Scan using sbtest8_pkey on sbtest8  (cost=0.43..6.45 rows=101 width=4)
	  Index Cond: ((id >= 4102830) AND (id <= 4102930))

explain: for range-covered :: explain SELECT id FROM sbtest%d WHERE id BETWEEN 3993813 AND 3993913
for range-covered
table 1 : explain SELECT id FROM sbtest1 WHERE id BETWEEN 5496299 AND 5496399
	Index Only Scan using sbtest1_pkey on sbtest1  (cost=0.43..6.35 rows=96 width=4)
	  Index Cond: ((id >= 5496299) AND (id <= 5496399))

table 2 : explain SELECT id FROM sbtest2 WHERE id BETWEEN 5496299 AND 5496399
	Index Only Scan using sbtest2_pkey on sbtest2  (cost=0.43..6.32 rows=94 width=4)
	  Index Cond: ((id >= 5496299) AND (id <= 5496399))

table 3 : explain SELECT id FROM sbtest3 WHERE id BETWEEN 5496299 AND 5496399
	Index Only Scan using sbtest3_pkey on sbtest3  (cost=0.43..6.53 rows=105 width=4)
	  Index Cond: ((id >= 5496299) AND (id <= 5496399))

table 4 : explain SELECT id FROM sbtest4 WHERE id BETWEEN 5496299 AND 5496399
	Index Only Scan using sbtest4_pkey on sbtest4  (cost=0.43..6.69 rows=113 width=4)
	  Index Cond: ((id >= 5496299) AND (id <= 5496399))

table 5 : explain SELECT id FROM sbtest5 WHERE id BETWEEN 5496299 AND 5496399
	Index Only Scan using sbtest5_pkey on sbtest5  (cost=0.43..6.53 rows=105 width=4)
	  Index Cond: ((id >= 5496299) AND (id <= 5496399))

table 6 : explain SELECT id FROM sbtest6 WHERE id BETWEEN 5496299 AND 5496399
	Index Only Scan using sbtest6_pkey on sbtest6  (cost=0.43..6.37 rows=97 width=4)
	  Index Cond: ((id >= 5496299) AND (id <= 5496399))

table 7 : explain SELECT id FROM sbtest7 WHERE id BETWEEN 5496299 AND 5496399
	Index Only Scan using sbtest7_pkey on sbtest7  (cost=0.43..6.50 rows=103 width=4)
	  Index Cond: ((id >= 5496299) AND (id <= 5496399))

table 8 : explain SELECT id FROM sbtest8 WHERE id BETWEEN 5496299 AND 5496399
	Index Only Scan using sbtest8_pkey on sbtest8  (cost=0.43..6.66 rows=111 width=4)
	  Index Cond: ((id >= 5496299) AND (id <= 5496399))

explain: for range-covered :: explain SELECT id FROM sbtest%d WHERE id BETWEEN 5496299 AND 5496399
for range-covered
table 1 : explain SELECT id FROM sbtest1 WHERE id BETWEEN 3961450 AND 3961550
	Index Only Scan using sbtest1_pkey on sbtest1  (cost=0.43..6.63 rows=110 width=4)
	  Index Cond: ((id >= 3961450) AND (id <= 3961550))

table 2 : explain SELECT id FROM sbtest2 WHERE id BETWEEN 3961450 AND 3961550
	Index Only Scan using sbtest2_pkey on sbtest2  (cost=0.43..6.59 rows=108 width=4)
	  Index Cond: ((id >= 3961450) AND (id <= 3961550))

table 3 : explain SELECT id FROM sbtest3 WHERE id BETWEEN 3961450 AND 3961550
	Index Only Scan using sbtest3_pkey on sbtest3  (cost=0.43..6.32 rows=94 width=4)
	  Index Cond: ((id >= 3961450) AND (id <= 3961550))

table 4 : explain SELECT id FROM sbtest4 WHERE id BETWEEN 3961450 AND 3961550
	Index Only Scan using sbtest4_pkey on sbtest4  (cost=0.43..6.40 rows=98 width=4)
	  Index Cond: ((id >= 3961450) AND (id <= 3961550))

table 5 : explain SELECT id FROM sbtest5 WHERE id BETWEEN 3961450 AND 3961550
	Index Only Scan using sbtest5_pkey on sbtest5  (cost=0.43..6.40 rows=98 width=4)
	  Index Cond: ((id >= 3961450) AND (id <= 3961550))

table 6 : explain SELECT id FROM sbtest6 WHERE id BETWEEN 3961450 AND 3961550
	Index Only Scan using sbtest6_pkey on sbtest6  (cost=0.43..6.50 rows=103 width=4)
	  Index Cond: ((id >= 3961450) AND (id <= 3961550))

table 7 : explain SELECT id FROM sbtest7 WHERE id BETWEEN 3961450 AND 3961550
	Index Only Scan using sbtest7_pkey on sbtest7  (cost=0.43..6.33 rows=95 width=4)
	  Index Cond: ((id >= 3961450) AND (id <= 3961550))

table 8 : explain SELECT id FROM sbtest8 WHERE id BETWEEN 3961450 AND 3961550
	Index Only Scan using sbtest8_pkey on sbtest8  (cost=0.43..6.51 rows=104 width=4)
	  Index Cond: ((id >= 3961450) AND (id <= 3961550))

explain: for range-covered :: explain SELECT id FROM sbtest%d WHERE id BETWEEN 3961450 AND 3961550
for range-covered
table 1 : explain SELECT id FROM sbtest1 WHERE id BETWEEN 3993813 AND 3993913
	Index Only Scan using sbtest1_pkey on sbtest1  (cost=0.43..6.63 rows=110 width=4)
	  Index Cond: ((id >= 3993813) AND (id <= 3993913))

table 2 : explain SELECT id FROM sbtest2 WHERE id BETWEEN 3993813 AND 3993913
	Index Only Scan using sbtest2_pkey on sbtest2  (cost=0.43..6.59 rows=108 width=4)
	  Index Cond: ((id >= 3993813) AND (id <= 3993913))

table 3 : explain SELECT id FROM sbtest3 WHERE id BETWEEN 3993813 AND 3993913
	Index Only Scan using sbtest3_pkey on sbtest3  (cost=0.43..6.32 rows=94 width=4)
	  Index Cond: ((id >= 3993813) AND (id <= 3993913))

table 4 : explain SELECT id FROM sbtest4 WHERE id BETWEEN 3993813 AND 3993913
	Index Only Scan using sbtest4_pkey on sbtest4  (cost=0.43..6.40 rows=98 width=4)
	  Index Cond: ((id >= 3993813) AND (id <= 3993913))

table 5 : explain SELECT id FROM sbtest5 WHERE id BETWEEN 3993813 AND 3993913
	Index Only Scan using sbtest5_pkey on sbtest5  (cost=0.43..6.40 rows=98 width=4)
	  Index Cond: ((id >= 3993813) AND (id <= 3993913))

table 6 : explain SELECT id FROM sbtest6 WHERE id BETWEEN 3993813 AND 3993913
	Index Only Scan using sbtest6_pkey on sbtest6  (cost=0.43..6.50 rows=103 width=4)
	  Index Cond: ((id >= 3993813) AND (id <= 3993913))

table 7 : explain SELECT id FROM sbtest7 WHERE id BETWEEN 3993813 AND 3993913
	Index Only Scan using sbtest7_pkey on sbtest7  (cost=0.43..6.33 rows=95 width=4)
	  Index Cond: ((id >= 3993813) AND (id <= 3993913))

table 8 : explain SELECT id FROM sbtest8 WHERE id BETWEEN 3993813 AND 3993913
	Index Only Scan using sbtest8_pkey on sbtest8  (cost=0.43..6.51 rows=104 width=4)
	  Index Cond: ((id >= 3993813) AND (id <= 3993913))

explain: for range-covered :: explain SELECT id FROM sbtest%d WHERE id BETWEEN 3993813 AND 3993913
explain: for range-covered :: explain SELECT id FROM sbtest%d WHERE id BETWEEN 5756561 AND 5756661
for range-covered
table 1 : explain SELECT id FROM sbtest1 WHERE id BETWEEN 5496299 AND 5496399
	Index Only Scan using sbtest1_pkey on sbtest1  (cost=0.43..6.35 rows=96 width=4)
	  Index Cond: ((id >= 5496299) AND (id <= 5496399))

table 2 : explain SELECT id FROM sbtest2 WHERE id BETWEEN 5496299 AND 5496399
	Index Only Scan using sbtest2_pkey on sbtest2  (cost=0.43..6.32 rows=94 width=4)
	  Index Cond: ((id >= 5496299) AND (id <= 5496399))

table 3 : explain SELECT id FROM sbtest3 WHERE id BETWEEN 5496299 AND 5496399
	Index Only Scan using sbtest3_pkey on sbtest3  (cost=0.43..6.53 rows=105 width=4)
	  Index Cond: ((id >= 5496299) AND (id <= 5496399))

table 4 : explain SELECT id FROM sbtest4 WHERE id BETWEEN 5496299 AND 5496399
	Index Only Scan using sbtest4_pkey on sbtest4  (cost=0.43..6.69 rows=113 width=4)
	  Index Cond: ((id >= 5496299) AND (id <= 5496399))

table 5 : explain SELECT id FROM sbtest5 WHERE id BETWEEN 5496299 AND 5496399
	Index Only Scan using sbtest5_pkey on sbtest5  (cost=0.43..6.53 rows=105 width=4)
	  Index Cond: ((id >= 5496299) AND (id <= 5496399))

table 6 : explain SELECT id FROM sbtest6 WHERE id BETWEEN 5496299 AND 5496399
	Index Only Scan using sbtest6_pkey on sbtest6  (cost=0.43..6.37 rows=97 width=4)
	  Index Cond: ((id >= 5496299) AND (id <= 5496399))

table 7 : explain SELECT id FROM sbtest7 WHERE id BETWEEN 5496299 AND 5496399
	Index Only Scan using sbtest7_pkey on sbtest7  (cost=0.43..6.50 rows=103 width=4)
	  Index Cond: ((id >= 5496299) AND (id <= 5496399))

table 8 : explain SELECT id FROM sbtest8 WHERE id BETWEEN 5496299 AND 5496399
	Index Only Scan using sbtest8_pkey on sbtest8  (cost=0.43..6.66 rows=111 width=4)
	  Index Cond: ((id >= 5496299) AND (id <= 5496399))

for range-covered
table 1 : explain SELECT id FROM sbtest1 WHERE id BETWEEN 3961450 AND 3961550
	Index Only Scan using sbtest1_pkey on sbtest1  (cost=0.43..6.63 rows=110 width=4)
	  Index Cond: ((id >= 3961450) AND (id <= 3961550))

table 2 : explain SELECT id FROM sbtest2 WHERE id BETWEEN 3961450 AND 3961550
	Index Only Scan using sbtest2_pkey on sbtest2  (cost=0.43..6.59 rows=108 width=4)
	  Index Cond: ((id >= 3961450) AND (id <= 3961550))

table 3 : explain SELECT id FROM sbtest3 WHERE id BETWEEN 3961450 AND 3961550
	Index Only Scan using sbtest3_pkey on sbtest3  (cost=0.43..6.32 rows=94 width=4)
	  Index Cond: ((id >= 3961450) AND (id <= 3961550))

table 4 : explain SELECT id FROM sbtest4 WHERE id BETWEEN 3961450 AND 3961550
	Index Only Scan using sbtest4_pkey on sbtest4  (cost=0.43..6.40 rows=98 width=4)
	  Index Cond: ((id >= 3961450) AND (id <= 3961550))

table 5 : explain SELECT id FROM sbtest5 WHERE id BETWEEN 3961450 AND 3961550
	Index Only Scan using sbtest5_pkey on sbtest5  (cost=0.43..6.40 rows=98 width=4)
	  Index Cond: ((id >= 3961450) AND (id <= 3961550))

table 6 : explain SELECT id FROM sbtest6 WHERE id BETWEEN 3961450 AND 3961550
	Index Only Scan using sbtest6_pkey on sbtest6  (cost=0.43..6.50 rows=103 width=4)
	  Index Cond: ((id >= 3961450) AND (id <= 3961550))

table 7 : explain SELECT id FROM sbtest7 WHERE id BETWEEN 3961450 AND 3961550
	Index Only Scan using sbtest7_pkey on sbtest7  (cost=0.43..6.33 rows=95 width=4)
	  Index Cond: ((id >= 3961450) AND (id <= 3961550))

table 8 : explain SELECT id FROM sbtest8 WHERE id BETWEEN 3961450 AND 3961550
	Index Only Scan using sbtest8_pkey on sbtest8  (cost=0.43..6.51 rows=104 width=4)
	  Index Cond: ((id >= 3961450) AND (id <= 3961550))

explain: for range-covered :: explain SELECT id FROM sbtest%d WHERE id BETWEEN 5496299 AND 5496399
explain: for range-covered :: explain SELECT id FROM sbtest%d WHERE id BETWEEN 3961450 AND 3961550
explain: for range-covered :: explain SELECT id FROM sbtest%d WHERE id BETWEEN 4580955 AND 4581055
for range-covered
table 1 : explain SELECT id FROM sbtest1 WHERE id BETWEEN 3140587 AND 3140687
	Index Only Scan using sbtest1_pkey on sbtest1  (cost=0.43..6.50 rows=103 width=4)
	  Index Cond: ((id >= 3140587) AND (id <= 3140687))

table 2 : explain SELECT id FROM sbtest2 WHERE id BETWEEN 3140587 AND 3140687
	Index Only Scan using sbtest2_pkey on sbtest2  (cost=0.43..6.47 rows=102 width=4)
	  Index Cond: ((id >= 3140587) AND (id <= 3140687))

table 3 : explain SELECT id FROM sbtest3 WHERE id BETWEEN 3140587 AND 3140687
	Index Only Scan using sbtest3_pkey on sbtest3  (cost=0.43..6.50 rows=103 width=4)
	  Index Cond: ((id >= 3140587) AND (id <= 3140687))

table 4 : explain SELECT id FROM sbtest4 WHERE id BETWEEN 3140587 AND 3140687
	Index Only Scan using sbtest4_pkey on sbtest4  (cost=0.43..6.56 rows=106 width=4)
	  Index Cond: ((id >= 3140587) AND (id <= 3140687))

table 5 : explain SELECT id FROM sbtest5 WHERE id BETWEEN 3140587 AND 3140687
	Index Only Scan using sbtest5_pkey on sbtest5  (cost=0.43..6.42 rows=99 width=4)
	  Index Cond: ((id >= 3140587) AND (id <= 3140687))

table 6 : explain SELECT id FROM sbtest6 WHERE id BETWEEN 3140587 AND 3140687
	Index Only Scan using sbtest6_pkey on sbtest6  (cost=0.43..6.29 rows=93 width=4)
	  Index Cond: ((id >= 3140587) AND (id <= 3140687))

table 7 : explain SELECT id FROM sbtest7 WHERE id BETWEEN 3140587 AND 3140687
	Index Only Scan using sbtest7_pkey on sbtest7  (cost=0.43..6.29 rows=93 width=4)
	  Index Cond: ((id >= 3140587) AND (id <= 3140687))

table 8 : explain SELECT id FROM sbtest8 WHERE id BETWEEN 3140587 AND 3140687
	Index Only Scan using sbtest8_pkey on sbtest8  (cost=0.43..6.42 rows=99 width=4)
	  Index Cond: ((id >= 3140587) AND (id <= 3140687))

for range-covered
table 1 : explain SELECT id FROM sbtest1 WHERE id BETWEEN 3993813 AND 3993913
	Index Only Scan using sbtest1_pkey on sbtest1  (cost=0.43..6.63 rows=110 width=4)
	  Index Cond: ((id >= 3993813) AND (id <= 3993913))

table 2 : explain SELECT id FROM sbtest2 WHERE id BETWEEN 3993813 AND 3993913
	Index Only Scan using sbtest2_pkey on sbtest2  (cost=0.43..6.59 rows=108 width=4)
	  Index Cond: ((id >= 3993813) AND (id <= 3993913))

table 3 : explain SELECT id FROM sbtest3 WHERE id BETWEEN 3993813 AND 3993913
	Index Only Scan using sbtest3_pkey on sbtest3  (cost=0.43..6.32 rows=94 width=4)
	  Index Cond: ((id >= 3993813) AND (id <= 3993913))

table 4 : explain SELECT id FROM sbtest4 WHERE id BETWEEN 3993813 AND 3993913
	Index Only Scan using sbtest4_pkey on sbtest4  (cost=0.43..6.40 rows=98 width=4)
	  Index Cond: ((id >= 3993813) AND (id <= 3993913))

table 5 : explain SELECT id FROM sbtest5 WHERE id BETWEEN 3993813 AND 3993913
	Index Only Scan using sbtest5_pkey on sbtest5  (cost=0.43..6.40 rows=98 width=4)
	  Index Cond: ((id >= 3993813) AND (id <= 3993913))

table 6 : explain SELECT id FROM sbtest6 WHERE id BETWEEN 3993813 AND 3993913
	Index Only Scan using sbtest6_pkey on sbtest6  (cost=0.43..6.50 rows=103 width=4)
	  Index Cond: ((id >= 3993813) AND (id <= 3993913))

table 7 : explain SELECT id FROM sbtest7 WHERE id BETWEEN 3993813 AND 3993913
	Index Only Scan using sbtest7_pkey on sbtest7  (cost=0.43..6.33 rows=95 width=4)
	  Index Cond: ((id >= 3993813) AND (id <= 3993913))

table 8 : explain SELECT id FROM sbtest8 WHERE id BETWEEN 3993813 AND 3993913
	Index Only Scan using sbtest8_pkey on sbtest8  (cost=0.43..6.51 rows=104 width=4)
	  Index Cond: ((id >= 3993813) AND (id <= 3993913))

explain: for range-covered :: explain SELECT id FROM sbtest%d WHERE id BETWEEN 3140587 AND 3140687
explain: for range-covered :: explain SELECT id FROM sbtest%d WHERE id BETWEEN 3993813 AND 3993913
for range-covered
table 1 : explain SELECT id FROM sbtest1 WHERE id BETWEEN 5496299 AND 5496399
	Index Only Scan using sbtest1_pkey on sbtest1  (cost=0.43..6.35 rows=96 width=4)
	  Index Cond: ((id >= 5496299) AND (id <= 5496399))

table 2 : explain SELECT id FROM sbtest2 WHERE id BETWEEN 5496299 AND 5496399
	Index Only Scan using sbtest2_pkey on sbtest2  (cost=0.43..6.32 rows=94 width=4)
	  Index Cond: ((id >= 5496299) AND (id <= 5496399))

table 3 : explain SELECT id FROM sbtest3 WHERE id BETWEEN 5496299 AND 5496399
	Index Only Scan using sbtest3_pkey on sbtest3  (cost=0.43..6.53 rows=105 width=4)
	  Index Cond: ((id >= 5496299) AND (id <= 5496399))

table 4 : explain SELECT id FROM sbtest4 WHERE id BETWEEN 5496299 AND 5496399
	Index Only Scan using sbtest4_pkey on sbtest4  (cost=0.43..6.69 rows=113 width=4)
	  Index Cond: ((id >= 5496299) AND (id <= 5496399))

table 5 : explain SELECT id FROM sbtest5 WHERE id BETWEEN 5496299 AND 5496399
	Index Only Scan using sbtest5_pkey on sbtest5  (cost=0.43..6.53 rows=105 width=4)
	  Index Cond: ((id >= 5496299) AND (id <= 5496399))

table 6 : explain SELECT id FROM sbtest6 WHERE id BETWEEN 5496299 AND 5496399
	Index Only Scan using sbtest6_pkey on sbtest6  (cost=0.43..6.37 rows=97 width=4)
	  Index Cond: ((id >= 5496299) AND (id <= 5496399))

table 7 : explain SELECT id FROM sbtest7 WHERE id BETWEEN 5496299 AND 5496399
	Index Only Scan using sbtest7_pkey on sbtest7  (cost=0.43..6.50 rows=103 width=4)
	  Index Cond: ((id >= 5496299) AND (id <= 5496399))

table 8 : explain SELECT id FROM sbtest8 WHERE id BETWEEN 5496299 AND 5496399
	Index Only Scan using sbtest8_pkey on sbtest8  (cost=0.43..6.66 rows=111 width=4)
	  Index Cond: ((id >= 5496299) AND (id <= 5496399))

explain: for range-covered :: explain SELECT id FROM sbtest%d WHERE id BETWEEN 5496299 AND 5496399
for range-covered
table 1 : explain SELECT id FROM sbtest1 WHERE id BETWEEN 3140587 AND 3140687
	Index Only Scan using sbtest1_pkey on sbtest1  (cost=0.43..6.50 rows=103 width=4)
	  Index Cond: ((id >= 3140587) AND (id <= 3140687))

table 2 : explain SELECT id FROM sbtest2 WHERE id BETWEEN 3140587 AND 3140687
	Index Only Scan using sbtest2_pkey on sbtest2  (cost=0.43..6.47 rows=102 width=4)
	  Index Cond: ((id >= 3140587) AND (id <= 3140687))

table 3 : explain SELECT id FROM sbtest3 WHERE id BETWEEN 3140587 AND 3140687
	Index Only Scan using sbtest3_pkey on sbtest3  (cost=0.43..6.50 rows=103 width=4)
	  Index Cond: ((id >= 3140587) AND (id <= 3140687))

table 4 : explain SELECT id FROM sbtest4 WHERE id BETWEEN 3140587 AND 3140687
	Index Only Scan using sbtest4_pkey on sbtest4  (cost=0.43..6.56 rows=106 width=4)
	  Index Cond: ((id >= 3140587) AND (id <= 3140687))

table 5 : explain SELECT id FROM sbtest5 WHERE id BETWEEN 3140587 AND 3140687
	Index Only Scan using sbtest5_pkey on sbtest5  (cost=0.43..6.42 rows=99 width=4)
	  Index Cond: ((id >= 3140587) AND (id <= 3140687))

table 6 : explain SELECT id FROM sbtest6 WHERE id BETWEEN 3140587 AND 3140687
	Index Only Scan using sbtest6_pkey on sbtest6  (cost=0.43..6.29 rows=93 width=4)
	  Index Cond: ((id >= 3140587) AND (id <= 3140687))

table 7 : explain SELECT id FROM sbtest7 WHERE id BETWEEN 3140587 AND 3140687
	Index Only Scan using sbtest7_pkey on sbtest7  (cost=0.43..6.29 rows=93 width=4)
	  Index Cond: ((id >= 3140587) AND (id <= 3140687))

table 8 : explain SELECT id FROM sbtest8 WHERE id BETWEEN 3140587 AND 3140687
	Index Only Scan using sbtest8_pkey on sbtest8  (cost=0.43..6.42 rows=99 width=4)
	  Index Cond: ((id >= 3140587) AND (id <= 3140687))

for range-covered
table 1 : explain SELECT id FROM sbtest1 WHERE id BETWEEN 3993813 AND 3993913
	Index Only Scan using sbtest1_pkey on sbtest1  (cost=0.43..6.63 rows=110 width=4)
	  Index Cond: ((id >= 3993813) AND (id <= 3993913))

table 2 : explain SELECT id FROM sbtest2 WHERE id BETWEEN 3993813 AND 3993913
	Index Only Scan using sbtest2_pkey on sbtest2  (cost=0.43..6.59 rows=108 width=4)
	  Index Cond: ((id >= 3993813) AND (id <= 3993913))

table 3 : explain SELECT id FROM sbtest3 WHERE id BETWEEN 3993813 AND 3993913
	Index Only Scan using sbtest3_pkey on sbtest3  (cost=0.43..6.32 rows=94 width=4)
	  Index Cond: ((id >= 3993813) AND (id <= 3993913))

table 4 : explain SELECT id FROM sbtest4 WHERE id BETWEEN 3993813 AND 3993913
	Index Only Scan using sbtest4_pkey on sbtest4  (cost=0.43..6.40 rows=98 width=4)
	  Index Cond: ((id >= 3993813) AND (id <= 3993913))

table 5 : explain SELECT id FROM sbtest5 WHERE id BETWEEN 3993813 AND 3993913
	Index Only Scan using sbtest5_pkey on sbtest5  (cost=0.43..6.40 rows=98 width=4)
	  Index Cond: ((id >= 3993813) AND (id <= 3993913))

table 6 : explain SELECT id FROM sbtest6 WHERE id BETWEEN 3993813 AND 3993913
	Index Only Scan using sbtest6_pkey on sbtest6  (cost=0.43..6.50 rows=103 width=4)
	  Index Cond: ((id >= 3993813) AND (id <= 3993913))

table 7 : explain SELECT id FROM sbtest7 WHERE id BETWEEN 3993813 AND 3993913
	Index Only Scan using sbtest7_pkey on sbtest7  (cost=0.43..6.33 rows=95 width=4)
	  Index Cond: ((id >= 3993813) AND (id <= 3993913))

table 8 : explain SELECT id FROM sbtest8 WHERE id BETWEEN 3993813 AND 3993913
	Index Only Scan using sbtest8_pkey on sbtest8  (cost=0.43..6.51 rows=104 width=4)
	  Index Cond: ((id >= 3993813) AND (id <= 3993913))

explain: for range-covered :: explain SELECT id FROM sbtest%d WHERE id BETWEEN 3140587 AND 3140687
explain: for range-covered :: explain SELECT id FROM sbtest%d WHERE id BETWEEN 3993813 AND 3993913
for range-covered
table 1 : explain SELECT id FROM sbtest1 WHERE id BETWEEN 5496299 AND 5496399
	Index Only Scan using sbtest1_pkey on sbtest1  (cost=0.43..6.35 rows=96 width=4)
	  Index Cond: ((id >= 5496299) AND (id <= 5496399))

table 2 : explain SELECT id FROM sbtest2 WHERE id BETWEEN 5496299 AND 5496399
	Index Only Scan using sbtest2_pkey on sbtest2  (cost=0.43..6.32 rows=94 width=4)
	  Index Cond: ((id >= 5496299) AND (id <= 5496399))

table 3 : explain SELECT id FROM sbtest3 WHERE id BETWEEN 5496299 AND 5496399
	Index Only Scan using sbtest3_pkey on sbtest3  (cost=0.43..6.53 rows=105 width=4)
	  Index Cond: ((id >= 5496299) AND (id <= 5496399))

table 4 : explain SELECT id FROM sbtest4 WHERE id BETWEEN 5496299 AND 5496399
	Index Only Scan using sbtest4_pkey on sbtest4  (cost=0.43..6.69 rows=113 width=4)
	  Index Cond: ((id >= 5496299) AND (id <= 5496399))

table 5 : explain SELECT id FROM sbtest5 WHERE id BETWEEN 5496299 AND 5496399
	Index Only Scan using sbtest5_pkey on sbtest5  (cost=0.43..6.53 rows=105 width=4)
	  Index Cond: ((id >= 5496299) AND (id <= 5496399))

table 6 : explain SELECT id FROM sbtest6 WHERE id BETWEEN 5496299 AND 5496399
	Index Only Scan using sbtest6_pkey on sbtest6  (cost=0.43..6.37 rows=97 width=4)
	  Index Cond: ((id >= 5496299) AND (id <= 5496399))

table 7 : explain SELECT id FROM sbtest7 WHERE id BETWEEN 5496299 AND 5496399
	Index Only Scan using sbtest7_pkey on sbtest7  (cost=0.43..6.50 rows=103 width=4)
	  Index Cond: ((id >= 5496299) AND (id <= 5496399))

table 8 : explain SELECT id FROM sbtest8 WHERE id BETWEEN 5496299 AND 5496399
	Index Only Scan using sbtest8_pkey on sbtest8  (cost=0.43..6.66 rows=111 width=4)
	  Index Cond: ((id >= 5496299) AND (id <= 5496399))

for range-covered
table 1 : explain SELECT id FROM sbtest1 WHERE id BETWEEN 5188990 AND 5189090
	Index Only Scan using sbtest1_pkey on sbtest1  (cost=0.43..6.24 rows=90 width=4)
	  Index Cond: ((id >= 5188990) AND (id <= 5189090))

table 2 : explain SELECT id FROM sbtest2 WHERE id BETWEEN 5188990 AND 5189090
	Index Only Scan using sbtest2_pkey on sbtest2  (cost=0.43..6.29 rows=93 width=4)
	  Index Cond: ((id >= 5188990) AND (id <= 5189090))

table 3 : explain SELECT id FROM sbtest3 WHERE id BETWEEN 5188990 AND 5189090
	Index Only Scan using sbtest3_pkey on sbtest3  (cost=0.43..6.59 rows=108 width=4)
	  Index Cond: ((id >= 5188990) AND (id <= 5189090))

table 4 : explain SELECT id FROM sbtest4 WHERE id BETWEEN 5188990 AND 5189090
	Index Only Scan using sbtest4_pkey on sbtest4  (cost=0.43..6.43 rows=100 width=4)
	  Index Cond: ((id >= 5188990) AND (id <= 5189090))

table 5 : explain SELECT id FROM sbtest5 WHERE id BETWEEN 5188990 AND 5189090
	Index Only Scan using sbtest5_pkey on sbtest5  (cost=0.43..6.47 rows=102 width=4)
	  Index Cond: ((id >= 5188990) AND (id <= 5189090))

table 6 : explain SELECT id FROM sbtest6 WHERE id BETWEEN 5188990 AND 5189090
	Index Only Scan using sbtest6_pkey on sbtest6  (cost=0.43..6.37 rows=97 width=4)
	  Index Cond: ((id >= 5188990) AND (id <= 5189090))

table 7 : explain SELECT id FROM sbtest7 WHERE id BETWEEN 5188990 AND 5189090
	Index Only Scan using sbtest7_pkey on sbtest7  (cost=0.43..6.47 rows=102 width=4)
	  Index Cond: ((id >= 5188990) AND (id <= 5189090))

table 8 : explain SELECT id FROM sbtest8 WHERE id BETWEEN 5188990 AND 5189090
	Index Only Scan using sbtest8_pkey on sbtest8  (cost=0.43..6.27 rows=92 width=4)
	  Index Cond: ((id >= 5188990) AND (id <= 5189090))

for range-covered
table 1 : explain SELECT id FROM sbtest1 WHERE id BETWEEN 3993813 AND 3993913
	Index Only Scan using sbtest1_pkey on sbtest1  (cost=0.43..6.63 rows=110 width=4)
	  Index Cond: ((id >= 3993813) AND (id <= 3993913))

table 2 : explain SELECT id FROM sbtest2 WHERE id BETWEEN 3993813 AND 3993913
	Index Only Scan using sbtest2_pkey on sbtest2  (cost=0.43..6.59 rows=108 width=4)
	  Index Cond: ((id >= 3993813) AND (id <= 3993913))

table 3 : explain SELECT id FROM sbtest3 WHERE id BETWEEN 3993813 AND 3993913
	Index Only Scan using sbtest3_pkey on sbtest3  (cost=0.43..6.32 rows=94 width=4)
	  Index Cond: ((id >= 3993813) AND (id <= 3993913))

table 4 : explain SELECT id FROM sbtest4 WHERE id BETWEEN 3993813 AND 3993913
	Index Only Scan using sbtest4_pkey on sbtest4  (cost=0.43..6.40 rows=98 width=4)
	  Index Cond: ((id >= 3993813) AND (id <= 3993913))

table 5 : explain SELECT id FROM sbtest5 WHERE id BETWEEN 3993813 AND 3993913
	Index Only Scan using sbtest5_pkey on sbtest5  (cost=0.43..6.40 rows=98 width=4)
	  Index Cond: ((id >= 3993813) AND (id <= 3993913))

table 6 : explain SELECT id FROM sbtest6 WHERE id BETWEEN 3993813 AND 3993913
	Index Only Scan using sbtest6_pkey on sbtest6  (cost=0.43..6.50 rows=103 width=4)
	  Index Cond: ((id >= 3993813) AND (id <= 3993913))

table 7 : explain SELECT id FROM sbtest7 WHERE id BETWEEN 3993813 AND 3993913
	Index Only Scan using sbtest7_pkey on sbtest7  (cost=0.43..6.33 rows=95 width=4)
	  Index Cond: ((id >= 3993813) AND (id <= 3993913))

table 8 : explain SELECT id FROM sbtest8 WHERE id BETWEEN 3993813 AND 3993913
	Index Only Scan using sbtest8_pkey on sbtest8  (cost=0.43..6.51 rows=104 width=4)
	  Index Cond: ((id >= 3993813) AND (id <= 3993913))

for range-covered
table 1 : explain SELECT id FROM sbtest1 WHERE id BETWEEN 3140587 AND 3140687
	Index Only Scan using sbtest1_pkey on sbtest1  (cost=0.43..6.50 rows=103 width=4)
	  Index Cond: ((id >= 3140587) AND (id <= 3140687))

table 2 : explain SELECT id FROM sbtest2 WHERE id BETWEEN 3140587 AND 3140687
	Index Only Scan using sbtest2_pkey on sbtest2  (cost=0.43..6.47 rows=102 width=4)
	  Index Cond: ((id >= 3140587) AND (id <= 3140687))

table 3 : explain SELECT id FROM sbtest3 WHERE id BETWEEN 3140587 AND 3140687
	Index Only Scan using sbtest3_pkey on sbtest3  (cost=0.43..6.50 rows=103 width=4)
	  Index Cond: ((id >= 3140587) AND (id <= 3140687))

table 4 : explain SELECT id FROM sbtest4 WHERE id BETWEEN 3140587 AND 3140687
	Index Only Scan using sbtest4_pkey on sbtest4  (cost=0.43..6.56 rows=106 width=4)
	  Index Cond: ((id >= 3140587) AND (id <= 3140687))

table 5 : explain SELECT id FROM sbtest5 WHERE id BETWEEN 3140587 AND 3140687
	Index Only Scan using sbtest5_pkey on sbtest5  (cost=0.43..6.42 rows=99 width=4)
	  Index Cond: ((id >= 3140587) AND (id <= 3140687))

table 6 : explain SELECT id FROM sbtest6 WHERE id BETWEEN 3140587 AND 3140687
	Index Only Scan using sbtest6_pkey on sbtest6  (cost=0.43..6.29 rows=93 width=4)
	  Index Cond: ((id >= 3140587) AND (id <= 3140687))

table 7 : explain SELECT id FROM sbtest7 WHERE id BETWEEN 3140587 AND 3140687
	Index Only Scan using sbtest7_pkey on sbtest7  (cost=0.43..6.29 rows=93 width=4)
	  Index Cond: ((id >= 3140587) AND (id <= 3140687))

table 8 : explain SELECT id FROM sbtest8 WHERE id BETWEEN 3140587 AND 3140687
	Index Only Scan using sbtest8_pkey on sbtest8  (cost=0.43..6.42 rows=99 width=4)
	  Index Cond: ((id >= 3140587) AND (id <= 3140687))

explain: for range-covered :: explain SELECT id FROM sbtest%d WHERE id BETWEEN 3993813 AND 3993913
explain: for range-covered :: explain SELECT id FROM sbtest%d WHERE id BETWEEN 3140587 AND 3140687
explain: for range-covered :: explain SELECT id FROM sbtest%d WHERE id BETWEEN 149548 AND 149648
for range-covered
table 1 : explain SELECT id FROM sbtest1 WHERE id BETWEEN 3961450 AND 3961550
	Index Only Scan using sbtest1_pkey on sbtest1  (cost=0.43..6.63 rows=110 width=4)
	  Index Cond: ((id >= 3961450) AND (id <= 3961550))

table 2 : explain SELECT id FROM sbtest2 WHERE id BETWEEN 3961450 AND 3961550
	Index Only Scan using sbtest2_pkey on sbtest2  (cost=0.43..6.59 rows=108 width=4)
	  Index Cond: ((id >= 3961450) AND (id <= 3961550))

table 3 : explain SELECT id FROM sbtest3 WHERE id BETWEEN 3961450 AND 3961550
	Index Only Scan using sbtest3_pkey on sbtest3  (cost=0.43..6.32 rows=94 width=4)
	  Index Cond: ((id >= 3961450) AND (id <= 3961550))

table 4 : explain SELECT id FROM sbtest4 WHERE id BETWEEN 3961450 AND 3961550
	Index Only Scan using sbtest4_pkey on sbtest4  (cost=0.43..6.40 rows=98 width=4)
	  Index Cond: ((id >= 3961450) AND (id <= 3961550))

table 5 : explain SELECT id FROM sbtest5 WHERE id BETWEEN 3961450 AND 3961550
	Index Only Scan using sbtest5_pkey on sbtest5  (cost=0.43..6.40 rows=98 width=4)
	  Index Cond: ((id >= 3961450) AND (id <= 3961550))

table 6 : explain SELECT id FROM sbtest6 WHERE id BETWEEN 3961450 AND 3961550
	Index Only Scan using sbtest6_pkey on sbtest6  (cost=0.43..6.50 rows=103 width=4)
	  Index Cond: ((id >= 3961450) AND (id <= 3961550))

table 7 : explain SELECT id FROM sbtest7 WHERE id BETWEEN 3961450 AND 3961550
	Index Only Scan using sbtest7_pkey on sbtest7  (cost=0.43..6.33 rows=95 width=4)
	  Index Cond: ((id >= 3961450) AND (id <= 3961550))

table 8 : explain SELECT id FROM sbtest8 WHERE id BETWEEN 3961450 AND 3961550
	Index Only Scan using sbtest8_pkey on sbtest8  (cost=0.43..6.51 rows=104 width=4)
	  Index Cond: ((id >= 3961450) AND (id <= 3961550))

explain: for range-covered :: explain SELECT id FROM sbtest%d WHERE id BETWEEN 3961450 AND 3961550
for range-covered
table 1 : explain SELECT id FROM sbtest1 WHERE id BETWEEN 5756561 AND 5756661
	Index Only Scan using sbtest1_pkey on sbtest1  (cost=0.43..6.66 rows=111 width=4)
	  Index Cond: ((id >= 5756561) AND (id <= 5756661))

table 2 : explain SELECT id FROM sbtest2 WHERE id BETWEEN 5756561 AND 5756661
	Index Only Scan using sbtest2_pkey on sbtest2  (cost=0.43..6.37 rows=97 width=4)
	  Index Cond: ((id >= 5756561) AND (id <= 5756661))

table 3 : explain SELECT id FROM sbtest3 WHERE id BETWEEN 5756561 AND 5756661
	Index Only Scan using sbtest3_pkey on sbtest3  (cost=0.43..6.67 rows=112 width=4)
	  Index Cond: ((id >= 5756561) AND (id <= 5756661))

table 4 : explain SELECT id FROM sbtest4 WHERE id BETWEEN 5756561 AND 5756661
	Index Only Scan using sbtest4_pkey on sbtest4  (cost=0.43..6.37 rows=97 width=4)
	  Index Cond: ((id >= 5756561) AND (id <= 5756661))

table 5 : explain SELECT id FROM sbtest5 WHERE id BETWEEN 5756561 AND 5756661
	Index Only Scan using sbtest5_pkey on sbtest5  (cost=0.43..6.45 rows=101 width=4)
	  Index Cond: ((id >= 5756561) AND (id <= 5756661))

table 6 : explain SELECT id FROM sbtest6 WHERE id BETWEEN 5756561 AND 5756661
	Index Only Scan using sbtest6_pkey on sbtest6  (cost=0.43..6.66 rows=111 width=4)
	  Index Cond: ((id >= 5756561) AND (id <= 5756661))

table 7 : explain SELECT id FROM sbtest7 WHERE id BETWEEN 5756561 AND 5756661
	Index Only Scan using sbtest7_pkey on sbtest7  (cost=0.43..6.40 rows=98 width=4)
	  Index Cond: ((id >= 5756561) AND (id <= 5756661))

table 8 : explain SELECT id FROM sbtest8 WHERE id BETWEEN 5756561 AND 5756661
	Index Only Scan using sbtest8_pkey on sbtest8  (cost=0.43..6.45 rows=101 width=4)
	  Index Cond: ((id >= 5756561) AND (id <= 5756661))

explain: for range-covered :: explain SELECT id FROM sbtest%d WHERE id BETWEEN 5756561 AND 5756661
for range-covered
table 1 : explain SELECT id FROM sbtest1 WHERE id BETWEEN 3993813 AND 3993913
	Index Only Scan using sbtest1_pkey on sbtest1  (cost=0.43..6.63 rows=110 width=4)
	  Index Cond: ((id >= 3993813) AND (id <= 3993913))

table 2 : explain SELECT id FROM sbtest2 WHERE id BETWEEN 3993813 AND 3993913
	Index Only Scan using sbtest2_pkey on sbtest2  (cost=0.43..6.59 rows=108 width=4)
	  Index Cond: ((id >= 3993813) AND (id <= 3993913))

table 3 : explain SELECT id FROM sbtest3 WHERE id BETWEEN 3993813 AND 3993913
	Index Only Scan using sbtest3_pkey on sbtest3  (cost=0.43..6.32 rows=94 width=4)
	  Index Cond: ((id >= 3993813) AND (id <= 3993913))

table 4 : explain SELECT id FROM sbtest4 WHERE id BETWEEN 3993813 AND 3993913
	Index Only Scan using sbtest4_pkey on sbtest4  (cost=0.43..6.40 rows=98 width=4)
	  Index Cond: ((id >= 3993813) AND (id <= 3993913))

table 5 : explain SELECT id FROM sbtest5 WHERE id BETWEEN 3993813 AND 3993913
	Index Only Scan using sbtest5_pkey on sbtest5  (cost=0.43..6.40 rows=98 width=4)
	  Index Cond: ((id >= 3993813) AND (id <= 3993913))

table 6 : explain SELECT id FROM sbtest6 WHERE id BETWEEN 3993813 AND 3993913
	Index Only Scan using sbtest6_pkey on sbtest6  (cost=0.43..6.50 rows=103 width=4)
	  Index Cond: ((id >= 3993813) AND (id <= 3993913))

table 7 : explain SELECT id FROM sbtest7 WHERE id BETWEEN 3993813 AND 3993913
	Index Only Scan using sbtest7_pkey on sbtest7  (cost=0.43..6.33 rows=95 width=4)
	  Index Cond: ((id >= 3993813) AND (id <= 3993913))

table 8 : explain SELECT id FROM sbtest8 WHERE id BETWEEN 3993813 AND 3993913
	Index Only Scan using sbtest8_pkey on sbtest8  (cost=0.43..6.51 rows=104 width=4)
	  Index Cond: ((id >= 3993813) AND (id <= 3993913))

explain: for range-covered :: explain SELECT id FROM sbtest%d WHERE id BETWEEN 3993813 AND 3993913
for range-covered
table 1 : explain SELECT id FROM sbtest1 WHERE id BETWEEN 4580955 AND 4581055
	Index Only Scan using sbtest1_pkey on sbtest1  (cost=0.43..6.45 rows=101 width=4)
	  Index Cond: ((id >= 4580955) AND (id <= 4581055))

table 2 : explain SELECT id FROM sbtest2 WHERE id BETWEEN 4580955 AND 4581055
	Index Only Scan using sbtest2_pkey on sbtest2  (cost=0.43..6.61 rows=109 width=4)
	  Index Cond: ((id >= 4580955) AND (id <= 4581055))

table 3 : explain SELECT id FROM sbtest3 WHERE id BETWEEN 4580955 AND 4581055
	Index Only Scan using sbtest3_pkey on sbtest3  (cost=0.43..6.45 rows=101 width=4)
	  Index Cond: ((id >= 4580955) AND (id <= 4581055))

table 4 : explain SELECT id FROM sbtest4 WHERE id BETWEEN 4580955 AND 4581055
	Index Only Scan using sbtest4_pkey on sbtest4  (cost=0.43..6.40 rows=98 width=4)
	  Index Cond: ((id >= 4580955) AND (id <= 4581055))

table 5 : explain SELECT id FROM sbtest5 WHERE id BETWEEN 4580955 AND 4581055
	Index Only Scan using sbtest5_pkey on sbtest5  (cost=0.43..6.35 rows=96 width=4)
	  Index Cond: ((id >= 4580955) AND (id <= 4581055))

table 6 : explain SELECT id FROM sbtest6 WHERE id BETWEEN 4580955 AND 4581055
	Index Only Scan using sbtest6_pkey on sbtest6  (cost=0.43..6.47 rows=102 width=4)
	  Index Cond: ((id >= 4580955) AND (id <= 4581055))

table 7 : explain SELECT id FROM sbtest7 WHERE id BETWEEN 4580955 AND 4581055
	Index Only Scan using sbtest7_pkey on sbtest7  (cost=0.43..6.47 rows=102 width=4)
	  Index Cond: ((id >= 4580955) AND (id <= 4581055))

table 8 : explain SELECT id FROM sbtest8 WHERE id BETWEEN 4580955 AND 4581055
	Index Only Scan using sbtest8_pkey on sbtest8  (cost=0.43..6.51 rows=104 width=4)
	  Index Cond: ((id >= 4580955) AND (id <= 4581055))

for range-covered
table 1 : explain SELECT id FROM sbtest1 WHERE id BETWEEN 3961450 AND 3961550
	Index Only Scan using sbtest1_pkey on sbtest1  (cost=0.43..6.63 rows=110 width=4)
	  Index Cond: ((id >= 3961450) AND (id <= 3961550))

table 2 : explain SELECT id FROM sbtest2 WHERE id BETWEEN 3961450 AND 3961550
	Index Only Scan using sbtest2_pkey on sbtest2  (cost=0.43..6.59 rows=108 width=4)
	  Index Cond: ((id >= 3961450) AND (id <= 3961550))

table 3 : explain SELECT id FROM sbtest3 WHERE id BETWEEN 3961450 AND 3961550
	Index Only Scan using sbtest3_pkey on sbtest3  (cost=0.43..6.32 rows=94 width=4)
	  Index Cond: ((id >= 3961450) AND (id <= 3961550))

table 4 : explain SELECT id FROM sbtest4 WHERE id BETWEEN 3961450 AND 3961550
	Index Only Scan using sbtest4_pkey on sbtest4  (cost=0.43..6.40 rows=98 width=4)
	  Index Cond: ((id >= 3961450) AND (id <= 3961550))

table 5 : explain SELECT id FROM sbtest5 WHERE id BETWEEN 3961450 AND 3961550
	Index Only Scan using sbtest5_pkey on sbtest5  (cost=0.43..6.40 rows=98 width=4)
	  Index Cond: ((id >= 3961450) AND (id <= 3961550))

table 6 : explain SELECT id FROM sbtest6 WHERE id BETWEEN 3961450 AND 3961550
	Index Only Scan using sbtest6_pkey on sbtest6  (cost=0.43..6.50 rows=103 width=4)
	  Index Cond: ((id >= 3961450) AND (id <= 3961550))

table 7 : explain SELECT id FROM sbtest7 WHERE id BETWEEN 3961450 AND 3961550
	Index Only Scan using sbtest7_pkey on sbtest7  (cost=0.43..6.33 rows=95 width=4)
	  Index Cond: ((id >= 3961450) AND (id <= 3961550))

table 8 : explain SELECT id FROM sbtest8 WHERE id BETWEEN 3961450 AND 3961550
	Index Only Scan using sbtest8_pkey on sbtest8  (cost=0.43..6.51 rows=104 width=4)
	  Index Cond: ((id >= 3961450) AND (id <= 3961550))

explain: for range-covered :: explain SELECT id FROM sbtest%d WHERE id BETWEEN 5188990 AND 5189090
for range-covered
table 1 : explain SELECT id FROM sbtest1 WHERE id BETWEEN 3140587 AND 3140687
	Index Only Scan using sbtest1_pkey on sbtest1  (cost=0.43..6.50 rows=103 width=4)
	  Index Cond: ((id >= 3140587) AND (id <= 3140687))

table 2 : explain SELECT id FROM sbtest2 WHERE id BETWEEN 3140587 AND 3140687
	Index Only Scan using sbtest2_pkey on sbtest2  (cost=0.43..6.47 rows=102 width=4)
	  Index Cond: ((id >= 3140587) AND (id <= 3140687))

table 3 : explain SELECT id FROM sbtest3 WHERE id BETWEEN 3140587 AND 3140687
	Index Only Scan using sbtest3_pkey on sbtest3  (cost=0.43..6.50 rows=103 width=4)
	  Index Cond: ((id >= 3140587) AND (id <= 3140687))

table 4 : explain SELECT id FROM sbtest4 WHERE id BETWEEN 3140587 AND 3140687
	Index Only Scan using sbtest4_pkey on sbtest4  (cost=0.43..6.56 rows=106 width=4)
	  Index Cond: ((id >= 3140587) AND (id <= 3140687))

table 5 : explain SELECT id FROM sbtest5 WHERE id BETWEEN 3140587 AND 3140687
	Index Only Scan using sbtest5_pkey on sbtest5  (cost=0.43..6.42 rows=99 width=4)
	  Index Cond: ((id >= 3140587) AND (id <= 3140687))

table 6 : explain SELECT id FROM sbtest6 WHERE id BETWEEN 3140587 AND 3140687
	Index Only Scan using sbtest6_pkey on sbtest6  (cost=0.43..6.29 rows=93 width=4)
	  Index Cond: ((id >= 3140587) AND (id <= 3140687))

table 7 : explain SELECT id FROM sbtest7 WHERE id BETWEEN 3140587 AND 3140687
	Index Only Scan using sbtest7_pkey on sbtest7  (cost=0.43..6.29 rows=93 width=4)
	  Index Cond: ((id >= 3140587) AND (id <= 3140687))

table 8 : explain SELECT id FROM sbtest8 WHERE id BETWEEN 3140587 AND 3140687
	Index Only Scan using sbtest8_pkey on sbtest8  (cost=0.43..6.42 rows=99 width=4)
	  Index Cond: ((id >= 3140587) AND (id <= 3140687))

explain: for range-covered :: explain SELECT id FROM sbtest%d WHERE id BETWEEN 3961450 AND 3961550
explain: for range-covered :: explain SELECT id FROM sbtest%d WHERE id BETWEEN 4580955 AND 4581055
explain: for range-covered :: explain SELECT id FROM sbtest%d WHERE id BETWEEN 3140587 AND 3140687
explain: for range-covered :: explain SELECT id FROM sbtest%d WHERE id BETWEEN 5713756 AND 5713856
for range-covered
table 1 : explain SELECT id FROM sbtest1 WHERE id BETWEEN 5756561 AND 5756661
	Index Only Scan using sbtest1_pkey on sbtest1  (cost=0.43..6.66 rows=111 width=4)
	  Index Cond: ((id >= 5756561) AND (id <= 5756661))

table 2 : explain SELECT id FROM sbtest2 WHERE id BETWEEN 5756561 AND 5756661
	Index Only Scan using sbtest2_pkey on sbtest2  (cost=0.43..6.37 rows=97 width=4)
	  Index Cond: ((id >= 5756561) AND (id <= 5756661))

table 3 : explain SELECT id FROM sbtest3 WHERE id BETWEEN 5756561 AND 5756661
	Index Only Scan using sbtest3_pkey on sbtest3  (cost=0.43..6.67 rows=112 width=4)
	  Index Cond: ((id >= 5756561) AND (id <= 5756661))

table 4 : explain SELECT id FROM sbtest4 WHERE id BETWEEN 5756561 AND 5756661
	Index Only Scan using sbtest4_pkey on sbtest4  (cost=0.43..6.37 rows=97 width=4)
	  Index Cond: ((id >= 5756561) AND (id <= 5756661))

table 5 : explain SELECT id FROM sbtest5 WHERE id BETWEEN 5756561 AND 5756661
	Index Only Scan using sbtest5_pkey on sbtest5  (cost=0.43..6.45 rows=101 width=4)
	  Index Cond: ((id >= 5756561) AND (id <= 5756661))

table 6 : explain SELECT id FROM sbtest6 WHERE id BETWEEN 5756561 AND 5756661
	Index Only Scan using sbtest6_pkey on sbtest6  (cost=0.43..6.66 rows=111 width=4)
	  Index Cond: ((id >= 5756561) AND (id <= 5756661))

table 7 : explain SELECT id FROM sbtest7 WHERE id BETWEEN 5756561 AND 5756661
	Index Only Scan using sbtest7_pkey on sbtest7  (cost=0.43..6.40 rows=98 width=4)
	  Index Cond: ((id >= 5756561) AND (id <= 5756661))

table 8 : explain SELECT id FROM sbtest8 WHERE id BETWEEN 5756561 AND 5756661
	Index Only Scan using sbtest8_pkey on sbtest8  (cost=0.43..6.45 rows=101 width=4)
	  Index Cond: ((id >= 5756561) AND (id <= 5756661))

explain: for range-covered :: explain SELECT id FROM sbtest%d WHERE id BETWEEN 5756561 AND 5756661
for range-covered
table 1 : explain SELECT id FROM sbtest1 WHERE id BETWEEN 3993813 AND 3993913
	Index Only Scan using sbtest1_pkey on sbtest1  (cost=0.43..6.63 rows=110 width=4)
	  Index Cond: ((id >= 3993813) AND (id <= 3993913))

table 2 : explain SELECT id FROM sbtest2 WHERE id BETWEEN 3993813 AND 3993913
	Index Only Scan using sbtest2_pkey on sbtest2  (cost=0.43..6.59 rows=108 width=4)
	  Index Cond: ((id >= 3993813) AND (id <= 3993913))

table 3 : explain SELECT id FROM sbtest3 WHERE id BETWEEN 3993813 AND 3993913
	Index Only Scan using sbtest3_pkey on sbtest3  (cost=0.43..6.32 rows=94 width=4)
	  Index Cond: ((id >= 3993813) AND (id <= 3993913))

table 4 : explain SELECT id FROM sbtest4 WHERE id BETWEEN 3993813 AND 3993913
	Index Only Scan using sbtest4_pkey on sbtest4  (cost=0.43..6.40 rows=98 width=4)
	  Index Cond: ((id >= 3993813) AND (id <= 3993913))

table 5 : explain SELECT id FROM sbtest5 WHERE id BETWEEN 3993813 AND 3993913
	Index Only Scan using sbtest5_pkey on sbtest5  (cost=0.43..6.40 rows=98 width=4)
	  Index Cond: ((id >= 3993813) AND (id <= 3993913))

table 6 : explain SELECT id FROM sbtest6 WHERE id BETWEEN 3993813 AND 3993913
	Index Only Scan using sbtest6_pkey on sbtest6  (cost=0.43..6.50 rows=103 width=4)
	  Index Cond: ((id >= 3993813) AND (id <= 3993913))

table 7 : explain SELECT id FROM sbtest7 WHERE id BETWEEN 3993813 AND 3993913
	Index Only Scan using sbtest7_pkey on sbtest7  (cost=0.43..6.33 rows=95 width=4)
	  Index Cond: ((id >= 3993813) AND (id <= 3993913))

table 8 : explain SELECT id FROM sbtest8 WHERE id BETWEEN 3993813 AND 3993913
	Index Only Scan using sbtest8_pkey on sbtest8  (cost=0.43..6.51 rows=104 width=4)
	  Index Cond: ((id >= 3993813) AND (id <= 3993913))

for range-covered
table 1 : explain SELECT id FROM sbtest1 WHERE id BETWEEN 3961450 AND 3961550
	Index Only Scan using sbtest1_pkey on sbtest1  (cost=0.43..6.63 rows=110 width=4)
	  Index Cond: ((id >= 3961450) AND (id <= 3961550))

table 2 : explain SELECT id FROM sbtest2 WHERE id BETWEEN 3961450 AND 3961550
	Index Only Scan using sbtest2_pkey on sbtest2  (cost=0.43..6.59 rows=108 width=4)
	  Index Cond: ((id >= 3961450) AND (id <= 3961550))

table 3 : explain SELECT id FROM sbtest3 WHERE id BETWEEN 3961450 AND 3961550
	Index Only Scan using sbtest3_pkey on sbtest3  (cost=0.43..6.32 rows=94 width=4)
	  Index Cond: ((id >= 3961450) AND (id <= 3961550))

table 4 : explain SELECT id FROM sbtest4 WHERE id BETWEEN 3961450 AND 3961550
	Index Only Scan using sbtest4_pkey on sbtest4  (cost=0.43..6.40 rows=98 width=4)
	  Index Cond: ((id >= 3961450) AND (id <= 3961550))

table 5 : explain SELECT id FROM sbtest5 WHERE id BETWEEN 3961450 AND 3961550
	Index Only Scan using sbtest5_pkey on sbtest5  (cost=0.43..6.40 rows=98 width=4)
	  Index Cond: ((id >= 3961450) AND (id <= 3961550))

table 6 : explain SELECT id FROM sbtest6 WHERE id BETWEEN 3961450 AND 3961550
	Index Only Scan using sbtest6_pkey on sbtest6  (cost=0.43..6.50 rows=103 width=4)
	  Index Cond: ((id >= 3961450) AND (id <= 3961550))

table 7 : explain SELECT id FROM sbtest7 WHERE id BETWEEN 3961450 AND 3961550
	Index Only Scan using sbtest7_pkey on sbtest7  (cost=0.43..6.33 rows=95 width=4)
	  Index Cond: ((id >= 3961450) AND (id <= 3961550))

table 8 : explain SELECT id FROM sbtest8 WHERE id BETWEEN 3961450 AND 3961550
	Index Only Scan using sbtest8_pkey on sbtest8  (cost=0.43..6.51 rows=104 width=4)
	  Index Cond: ((id >= 3961450) AND (id <= 3961550))

for range-covered
table 1 : explain SELECT id FROM sbtest1 WHERE id BETWEEN 3140587 AND 3140687
	Index Only Scan using sbtest1_pkey on sbtest1  (cost=0.43..6.50 rows=103 width=4)
	  Index Cond: ((id >= 3140587) AND (id <= 3140687))

table 2 : explain SELECT id FROM sbtest2 WHERE id BETWEEN 3140587 AND 3140687
	Index Only Scan using sbtest2_pkey on sbtest2  (cost=0.43..6.47 rows=102 width=4)
	  Index Cond: ((id >= 3140587) AND (id <= 3140687))

table 3 : explain SELECT id FROM sbtest3 WHERE id BETWEEN 3140587 AND 3140687
	Index Only Scan using sbtest3_pkey on sbtest3  (cost=0.43..6.50 rows=103 width=4)
	  Index Cond: ((id >= 3140587) AND (id <= 3140687))

table 4 : explain SELECT id FROM sbtest4 WHERE id BETWEEN 3140587 AND 3140687
	Index Only Scan using sbtest4_pkey on sbtest4  (cost=0.43..6.56 rows=106 width=4)
	  Index Cond: ((id >= 3140587) AND (id <= 3140687))

table 5 : explain SELECT id FROM sbtest5 WHERE id BETWEEN 3140587 AND 3140687
	Index Only Scan using sbtest5_pkey on sbtest5  (cost=0.43..6.42 rows=99 width=4)
	  Index Cond: ((id >= 3140587) AND (id <= 3140687))

table 6 : explain SELECT id FROM sbtest6 WHERE id BETWEEN 3140587 AND 3140687
	Index Only Scan using sbtest6_pkey on sbtest6  (cost=0.43..6.29 rows=93 width=4)
	  Index Cond: ((id >= 3140587) AND (id <= 3140687))

table 7 : explain SELECT id FROM sbtest7 WHERE id BETWEEN 3140587 AND 3140687
	Index Only Scan using sbtest7_pkey on sbtest7  (cost=0.43..6.29 rows=93 width=4)
	  Index Cond: ((id >= 3140587) AND (id <= 3140687))

table 8 : explain SELECT id FROM sbtest8 WHERE id BETWEEN 3140587 AND 3140687
	Index Only Scan using sbtest8_pkey on sbtest8  (cost=0.43..6.42 rows=99 width=4)
	  Index Cond: ((id >= 3140587) AND (id <= 3140687))

for range-covered
table 1 : explain SELECT id FROM sbtest1 WHERE id BETWEEN 4580955 AND 4581055
	Index Only Scan using sbtest1_pkey on sbtest1  (cost=0.43..6.45 rows=101 width=4)
	  Index Cond: ((id >= 4580955) AND (id <= 4581055))

table 2 : explain SELECT id FROM sbtest2 WHERE id BETWEEN 4580955 AND 4581055
	Index Only Scan using sbtest2_pkey on sbtest2  (cost=0.43..6.61 rows=109 width=4)
	  Index Cond: ((id >= 4580955) AND (id <= 4581055))

table 3 : explain SELECT id FROM sbtest3 WHERE id BETWEEN 4580955 AND 4581055
	Index Only Scan using sbtest3_pkey on sbtest3  (cost=0.43..6.45 rows=101 width=4)
	  Index Cond: ((id >= 4580955) AND (id <= 4581055))

table 4 : explain SELECT id FROM sbtest4 WHERE id BETWEEN 4580955 AND 4581055
	Index Only Scan using sbtest4_pkey on sbtest4  (cost=0.43..6.40 rows=98 width=4)
	  Index Cond: ((id >= 4580955) AND (id <= 4581055))

table 5 : explain SELECT id FROM sbtest5 WHERE id BETWEEN 4580955 AND 4581055
	Index Only Scan using sbtest5_pkey on sbtest5  (cost=0.43..6.35 rows=96 width=4)
	  Index Cond: ((id >= 4580955) AND (id <= 4581055))

table 6 : explain SELECT id FROM sbtest6 WHERE id BETWEEN 4580955 AND 4581055
	Index Only Scan using sbtest6_pkey on sbtest6  (cost=0.43..6.47 rows=102 width=4)
	  Index Cond: ((id >= 4580955) AND (id <= 4581055))

table 7 : explain SELECT id FROM sbtest7 WHERE id BETWEEN 4580955 AND 4581055
	Index Only Scan using sbtest7_pkey on sbtest7  (cost=0.43..6.47 rows=102 width=4)
	  Index Cond: ((id >= 4580955) AND (id <= 4581055))

table 8 : explain SELECT id FROM sbtest8 WHERE id BETWEEN 4580955 AND 4581055
	Index Only Scan using sbtest8_pkey on sbtest8  (cost=0.43..6.51 rows=104 width=4)
	  Index Cond: ((id >= 4580955) AND (id <= 4581055))

explain: for range-covered :: explain SELECT id FROM sbtest%d WHERE id BETWEEN 3140587 AND 3140687
for range-covered
table 1 : explain SELECT id FROM sbtest1 WHERE id BETWEEN 5756561 AND 5756661
	Index Only Scan using sbtest1_pkey on sbtest1  (cost=0.43..6.66 rows=111 width=4)
	  Index Cond: ((id >= 5756561) AND (id <= 5756661))

table 2 : explain SELECT id FROM sbtest2 WHERE id BETWEEN 5756561 AND 5756661
	Index Only Scan using sbtest2_pkey on sbtest2  (cost=0.43..6.37 rows=97 width=4)
	  Index Cond: ((id >= 5756561) AND (id <= 5756661))

table 3 : explain SELECT id FROM sbtest3 WHERE id BETWEEN 5756561 AND 5756661
	Index Only Scan using sbtest3_pkey on sbtest3  (cost=0.43..6.67 rows=112 width=4)
	  Index Cond: ((id >= 5756561) AND (id <= 5756661))

table 4 : explain SELECT id FROM sbtest4 WHERE id BETWEEN 5756561 AND 5756661
	Index Only Scan using sbtest4_pkey on sbtest4  (cost=0.43..6.37 rows=97 width=4)
	  Index Cond: ((id >= 5756561) AND (id <= 5756661))

table 5 : explain SELECT id FROM sbtest5 WHERE id BETWEEN 5756561 AND 5756661
	Index Only Scan using sbtest5_pkey on sbtest5  (cost=0.43..6.45 rows=101 width=4)
	  Index Cond: ((id >= 5756561) AND (id <= 5756661))

table 6 : explain SELECT id FROM sbtest6 WHERE id BETWEEN 5756561 AND 5756661
	Index Only Scan using sbtest6_pkey on sbtest6  (cost=0.43..6.66 rows=111 width=4)
	  Index Cond: ((id >= 5756561) AND (id <= 5756661))

table 7 : explain SELECT id FROM sbtest7 WHERE id BETWEEN 5756561 AND 5756661
	Index Only Scan using sbtest7_pkey on sbtest7  (cost=0.43..6.40 rows=98 width=4)
	  Index Cond: ((id >= 5756561) AND (id <= 5756661))

table 8 : explain SELECT id FROM sbtest8 WHERE id BETWEEN 5756561 AND 5756661
	Index Only Scan using sbtest8_pkey on sbtest8  (cost=0.43..6.45 rows=101 width=4)
	  Index Cond: ((id >= 5756561) AND (id <= 5756661))

explain: for range-covered :: explain SELECT id FROM sbtest%d WHERE id BETWEEN 4580955 AND 4581055
explain: for range-covered :: explain SELECT id FROM sbtest%d WHERE id BETWEEN 5756561 AND 5756661
explain: for range-covered :: explain SELECT id FROM sbtest%d WHERE id BETWEEN 7911286 AND 7911386
explain: for range-covered :: explain SELECT id FROM sbtest%d WHERE id BETWEEN 3961450 AND 3961550
for range-covered
table 1 : explain SELECT id FROM sbtest1 WHERE id BETWEEN 4580955 AND 4581055
	Index Only Scan using sbtest1_pkey on sbtest1  (cost=0.43..6.45 rows=101 width=4)
	  Index Cond: ((id >= 4580955) AND (id <= 4581055))

table 2 : explain SELECT id FROM sbtest2 WHERE id BETWEEN 4580955 AND 4581055
	Index Only Scan using sbtest2_pkey on sbtest2  (cost=0.43..6.61 rows=109 width=4)
	  Index Cond: ((id >= 4580955) AND (id <= 4581055))

table 3 : explain SELECT id FROM sbtest3 WHERE id BETWEEN 4580955 AND 4581055
	Index Only Scan using sbtest3_pkey on sbtest3  (cost=0.43..6.45 rows=101 width=4)
	  Index Cond: ((id >= 4580955) AND (id <= 4581055))

table 4 : explain SELECT id FROM sbtest4 WHERE id BETWEEN 4580955 AND 4581055
	Index Only Scan using sbtest4_pkey on sbtest4  (cost=0.43..6.40 rows=98 width=4)
	  Index Cond: ((id >= 4580955) AND (id <= 4581055))

table 5 : explain SELECT id FROM sbtest5 WHERE id BETWEEN 4580955 AND 4581055
	Index Only Scan using sbtest5_pkey on sbtest5  (cost=0.43..6.35 rows=96 width=4)
	  Index Cond: ((id >= 4580955) AND (id <= 4581055))

table 6 : explain SELECT id FROM sbtest6 WHERE id BETWEEN 4580955 AND 4581055
	Index Only Scan using sbtest6_pkey on sbtest6  (cost=0.43..6.47 rows=102 width=4)
	  Index Cond: ((id >= 4580955) AND (id <= 4581055))

table 7 : explain SELECT id FROM sbtest7 WHERE id BETWEEN 4580955 AND 4581055
	Index Only Scan using sbtest7_pkey on sbtest7  (cost=0.43..6.47 rows=102 width=4)
	  Index Cond: ((id >= 4580955) AND (id <= 4581055))

table 8 : explain SELECT id FROM sbtest8 WHERE id BETWEEN 4580955 AND 4581055
	Index Only Scan using sbtest8_pkey on sbtest8  (cost=0.43..6.51 rows=104 width=4)
	  Index Cond: ((id >= 4580955) AND (id <= 4581055))

for range-covered
table 1 : explain SELECT id FROM sbtest1 WHERE id BETWEEN 5756561 AND 5756661
	Index Only Scan using sbtest1_pkey on sbtest1  (cost=0.43..6.66 rows=111 width=4)
	  Index Cond: ((id >= 5756561) AND (id <= 5756661))

table 2 : explain SELECT id FROM sbtest2 WHERE id BETWEEN 5756561 AND 5756661
	Index Only Scan using sbtest2_pkey on sbtest2  (cost=0.43..6.37 rows=97 width=4)
	  Index Cond: ((id >= 5756561) AND (id <= 5756661))

table 3 : explain SELECT id FROM sbtest3 WHERE id BETWEEN 5756561 AND 5756661
	Index Only Scan using sbtest3_pkey on sbtest3  (cost=0.43..6.67 rows=112 width=4)
	  Index Cond: ((id >= 5756561) AND (id <= 5756661))

table 4 : explain SELECT id FROM sbtest4 WHERE id BETWEEN 5756561 AND 5756661
	Index Only Scan using sbtest4_pkey on sbtest4  (cost=0.43..6.37 rows=97 width=4)
	  Index Cond: ((id >= 5756561) AND (id <= 5756661))

table 5 : explain SELECT id FROM sbtest5 WHERE id BETWEEN 5756561 AND 5756661
	Index Only Scan using sbtest5_pkey on sbtest5  (cost=0.43..6.45 rows=101 width=4)
	  Index Cond: ((id >= 5756561) AND (id <= 5756661))

table 6 : explain SELECT id FROM sbtest6 WHERE id BETWEEN 5756561 AND 5756661
	Index Only Scan using sbtest6_pkey on sbtest6  (cost=0.43..6.66 rows=111 width=4)
	  Index Cond: ((id >= 5756561) AND (id <= 5756661))

table 7 : explain SELECT id FROM sbtest7 WHERE id BETWEEN 5756561 AND 5756661
	Index Only Scan using sbtest7_pkey on sbtest7  (cost=0.43..6.40 rows=98 width=4)
	  Index Cond: ((id >= 5756561) AND (id <= 5756661))

table 8 : explain SELECT id FROM sbtest8 WHERE id BETWEEN 5756561 AND 5756661
	Index Only Scan using sbtest8_pkey on sbtest8  (cost=0.43..6.45 rows=101 width=4)
	  Index Cond: ((id >= 5756561) AND (id <= 5756661))

for range-covered
table 1 : explain SELECT id FROM sbtest1 WHERE id BETWEEN 3140587 AND 3140687
	Index Only Scan using sbtest1_pkey on sbtest1  (cost=0.43..6.50 rows=103 width=4)
	  Index Cond: ((id >= 3140587) AND (id <= 3140687))

table 2 : explain SELECT id FROM sbtest2 WHERE id BETWEEN 3140587 AND 3140687
	Index Only Scan using sbtest2_pkey on sbtest2  (cost=0.43..6.47 rows=102 width=4)
	  Index Cond: ((id >= 3140587) AND (id <= 3140687))

table 3 : explain SELECT id FROM sbtest3 WHERE id BETWEEN 3140587 AND 3140687
	Index Only Scan using sbtest3_pkey on sbtest3  (cost=0.43..6.50 rows=103 width=4)
	  Index Cond: ((id >= 3140587) AND (id <= 3140687))

table 4 : explain SELECT id FROM sbtest4 WHERE id BETWEEN 3140587 AND 3140687
	Index Only Scan using sbtest4_pkey on sbtest4  (cost=0.43..6.56 rows=106 width=4)
	  Index Cond: ((id >= 3140587) AND (id <= 3140687))

table 5 : explain SELECT id FROM sbtest5 WHERE id BETWEEN 3140587 AND 3140687
	Index Only Scan using sbtest5_pkey on sbtest5  (cost=0.43..6.42 rows=99 width=4)
	  Index Cond: ((id >= 3140587) AND (id <= 3140687))

table 6 : explain SELECT id FROM sbtest6 WHERE id BETWEEN 3140587 AND 3140687
	Index Only Scan using sbtest6_pkey on sbtest6  (cost=0.43..6.29 rows=93 width=4)
	  Index Cond: ((id >= 3140587) AND (id <= 3140687))

table 7 : explain SELECT id FROM sbtest7 WHERE id BETWEEN 3140587 AND 3140687
	Index Only Scan using sbtest7_pkey on sbtest7  (cost=0.43..6.29 rows=93 width=4)
	  Index Cond: ((id >= 3140587) AND (id <= 3140687))

table 8 : explain SELECT id FROM sbtest8 WHERE id BETWEEN 3140587 AND 3140687
	Index Only Scan using sbtest8_pkey on sbtest8  (cost=0.43..6.42 rows=99 width=4)
	  Index Cond: ((id >= 3140587) AND (id <= 3140687))

explain: for range-covered :: explain SELECT id FROM sbtest%d WHERE id BETWEEN 5756561 AND 5756661
for range-covered
table 1 : explain SELECT id FROM sbtest1 WHERE id BETWEEN 149548 AND 149648
	Index Only Scan using sbtest1_pkey on sbtest1  (cost=0.43..6.35 rows=96 width=4)
	  Index Cond: ((id >= 149548) AND (id <= 149648))

table 2 : explain SELECT id FROM sbtest2 WHERE id BETWEEN 149548 AND 149648
	Index Only Scan using sbtest2_pkey on sbtest2  (cost=0.43..6.43 rows=100 width=4)
	  Index Cond: ((id >= 149548) AND (id <= 149648))

table 3 : explain SELECT id FROM sbtest3 WHERE id BETWEEN 149548 AND 149648
	Index Only Scan using sbtest3_pkey on sbtest3  (cost=0.43..6.37 rows=97 width=4)
	  Index Cond: ((id >= 149548) AND (id <= 149648))

table 4 : explain SELECT id FROM sbtest4 WHERE id BETWEEN 149548 AND 149648
	Index Only Scan using sbtest4_pkey on sbtest4  (cost=0.43..6.53 rows=105 width=4)
	  Index Cond: ((id >= 149548) AND (id <= 149648))

table 5 : explain SELECT id FROM sbtest5 WHERE id BETWEEN 149548 AND 149648
	Index Only Scan using sbtest5_pkey on sbtest5  (cost=0.43..6.51 rows=104 width=4)
	  Index Cond: ((id >= 149548) AND (id <= 149648))

table 6 : explain SELECT id FROM sbtest6 WHERE id BETWEEN 149548 AND 149648
	Index Only Scan using sbtest6_pkey on sbtest6  (cost=0.43..6.50 rows=103 width=4)
	  Index Cond: ((id >= 149548) AND (id <= 149648))

table 7 : explain SELECT id FROM sbtest7 WHERE id BETWEEN 149548 AND 149648
	Index Only Scan using sbtest7_pkey on sbtest7  (cost=0.43..6.42 rows=99 width=4)
	  Index Cond: ((id >= 149548) AND (id <= 149648))

table 8 : explain SELECT id FROM sbtest8 WHERE id BETWEEN 149548 AND 149648
	Index Only Scan using sbtest8_pkey on sbtest8  (cost=0.43..6.37 rows=97 width=4)
	  Index Cond: ((id >= 149548) AND (id <= 149648))

explain: for range-covered :: explain SELECT id FROM sbtest%d WHERE id BETWEEN 4580955 AND 4581055
explain: for range-covered :: explain SELECT id FROM sbtest%d WHERE id BETWEEN 149548 AND 149648
for range-covered
table 1 : explain SELECT id FROM sbtest1 WHERE id BETWEEN 3961450 AND 3961550
	Index Only Scan using sbtest1_pkey on sbtest1  (cost=0.43..6.63 rows=110 width=4)
	  Index Cond: ((id >= 3961450) AND (id <= 3961550))

table 2 : explain SELECT id FROM sbtest2 WHERE id BETWEEN 3961450 AND 3961550
	Index Only Scan using sbtest2_pkey on sbtest2  (cost=0.43..6.59 rows=108 width=4)
	  Index Cond: ((id >= 3961450) AND (id <= 3961550))

table 3 : explain SELECT id FROM sbtest3 WHERE id BETWEEN 3961450 AND 3961550
	Index Only Scan using sbtest3_pkey on sbtest3  (cost=0.43..6.32 rows=94 width=4)
	  Index Cond: ((id >= 3961450) AND (id <= 3961550))

table 4 : explain SELECT id FROM sbtest4 WHERE id BETWEEN 3961450 AND 3961550
	Index Only Scan using sbtest4_pkey on sbtest4  (cost=0.43..6.40 rows=98 width=4)
	  Index Cond: ((id >= 3961450) AND (id <= 3961550))

table 5 : explain SELECT id FROM sbtest5 WHERE id BETWEEN 3961450 AND 3961550
	Index Only Scan using sbtest5_pkey on sbtest5  (cost=0.43..6.40 rows=98 width=4)
	  Index Cond: ((id >= 3961450) AND (id <= 3961550))

table 6 : explain SELECT id FROM sbtest6 WHERE id BETWEEN 3961450 AND 3961550
	Index Only Scan using sbtest6_pkey on sbtest6  (cost=0.43..6.50 rows=103 width=4)
	  Index Cond: ((id >= 3961450) AND (id <= 3961550))

table 7 : explain SELECT id FROM sbtest7 WHERE id BETWEEN 3961450 AND 3961550
	Index Only Scan using sbtest7_pkey on sbtest7  (cost=0.43..6.33 rows=95 width=4)
	  Index Cond: ((id >= 3961450) AND (id <= 3961550))

table 8 : explain SELECT id FROM sbtest8 WHERE id BETWEEN 3961450 AND 3961550
	Index Only Scan using sbtest8_pkey on sbtest8  (cost=0.43..6.51 rows=104 width=4)
	  Index Cond: ((id >= 3961450) AND (id <= 3961550))

explain: for range-covered :: explain SELECT id FROM sbtest%d WHERE id BETWEEN 3961450 AND 3961550
for range-covered
table 1 : explain SELECT id FROM sbtest1 WHERE id BETWEEN 5756561 AND 5756661
	Index Only Scan using sbtest1_pkey on sbtest1  (cost=0.43..6.66 rows=111 width=4)
	  Index Cond: ((id >= 5756561) AND (id <= 5756661))

table 2 : explain SELECT id FROM sbtest2 WHERE id BETWEEN 5756561 AND 5756661
	Index Only Scan using sbtest2_pkey on sbtest2  (cost=0.43..6.37 rows=97 width=4)
	  Index Cond: ((id >= 5756561) AND (id <= 5756661))

table 3 : explain SELECT id FROM sbtest3 WHERE id BETWEEN 5756561 AND 5756661
	Index Only Scan using sbtest3_pkey on sbtest3  (cost=0.43..6.67 rows=112 width=4)
	  Index Cond: ((id >= 5756561) AND (id <= 5756661))

table 4 : explain SELECT id FROM sbtest4 WHERE id BETWEEN 5756561 AND 5756661
	Index Only Scan using sbtest4_pkey on sbtest4  (cost=0.43..6.37 rows=97 width=4)
	  Index Cond: ((id >= 5756561) AND (id <= 5756661))

table 5 : explain SELECT id FROM sbtest5 WHERE id BETWEEN 5756561 AND 5756661
	Index Only Scan using sbtest5_pkey on sbtest5  (cost=0.43..6.45 rows=101 width=4)
	  Index Cond: ((id >= 5756561) AND (id <= 5756661))

table 6 : explain SELECT id FROM sbtest6 WHERE id BETWEEN 5756561 AND 5756661
	Index Only Scan using sbtest6_pkey on sbtest6  (cost=0.43..6.66 rows=111 width=4)
	  Index Cond: ((id >= 5756561) AND (id <= 5756661))

table 7 : explain SELECT id FROM sbtest7 WHERE id BETWEEN 5756561 AND 5756661
	Index Only Scan using sbtest7_pkey on sbtest7  (cost=0.43..6.40 rows=98 width=4)
	  Index Cond: ((id >= 5756561) AND (id <= 5756661))

table 8 : explain SELECT id FROM sbtest8 WHERE id BETWEEN 5756561 AND 5756661
	Index Only Scan using sbtest8_pkey on sbtest8  (cost=0.43..6.45 rows=101 width=4)
	  Index Cond: ((id >= 5756561) AND (id <= 5756661))

for range-covered
table 1 : explain SELECT id FROM sbtest1 WHERE id BETWEEN 4580955 AND 4581055
	Index Only Scan using sbtest1_pkey on sbtest1  (cost=0.43..6.45 rows=101 width=4)
	  Index Cond: ((id >= 4580955) AND (id <= 4581055))

table 2 : explain SELECT id FROM sbtest2 WHERE id BETWEEN 4580955 AND 4581055
	Index Only Scan using sbtest2_pkey on sbtest2  (cost=0.43..6.61 rows=109 width=4)
	  Index Cond: ((id >= 4580955) AND (id <= 4581055))

table 3 : explain SELECT id FROM sbtest3 WHERE id BETWEEN 4580955 AND 4581055
	Index Only Scan using sbtest3_pkey on sbtest3  (cost=0.43..6.45 rows=101 width=4)
	  Index Cond: ((id >= 4580955) AND (id <= 4581055))

table 4 : explain SELECT id FROM sbtest4 WHERE id BETWEEN 4580955 AND 4581055
	Index Only Scan using sbtest4_pkey on sbtest4  (cost=0.43..6.40 rows=98 width=4)
	  Index Cond: ((id >= 4580955) AND (id <= 4581055))

table 5 : explain SELECT id FROM sbtest5 WHERE id BETWEEN 4580955 AND 4581055
	Index Only Scan using sbtest5_pkey on sbtest5  (cost=0.43..6.35 rows=96 width=4)
	  Index Cond: ((id >= 4580955) AND (id <= 4581055))

table 6 : explain SELECT id FROM sbtest6 WHERE id BETWEEN 4580955 AND 4581055
	Index Only Scan using sbtest6_pkey on sbtest6  (cost=0.43..6.47 rows=102 width=4)
	  Index Cond: ((id >= 4580955) AND (id <= 4581055))

table 7 : explain SELECT id FROM sbtest7 WHERE id BETWEEN 4580955 AND 4581055
	Index Only Scan using sbtest7_pkey on sbtest7  (cost=0.43..6.47 rows=102 width=4)
	  Index Cond: ((id >= 4580955) AND (id <= 4581055))

table 8 : explain SELECT id FROM sbtest8 WHERE id BETWEEN 4580955 AND 4581055
	Index Only Scan using sbtest8_pkey on sbtest8  (cost=0.43..6.51 rows=104 width=4)
	  Index Cond: ((id >= 4580955) AND (id <= 4581055))

explain: for range-covered :: explain SELECT id FROM sbtest%d WHERE id BETWEEN 5756561 AND 5756661
explain: for range-covered :: explain SELECT id FROM sbtest%d WHERE id BETWEEN 4580955 AND 4581055
for range-covered
table 1 : explain SELECT id FROM sbtest1 WHERE id BETWEEN 5188990 AND 5189090
	Index Only Scan using sbtest1_pkey on sbtest1  (cost=0.43..6.24 rows=90 width=4)
	  Index Cond: ((id >= 5188990) AND (id <= 5189090))

table 2 : explain SELECT id FROM sbtest2 WHERE id BETWEEN 5188990 AND 5189090
	Index Only Scan using sbtest2_pkey on sbtest2  (cost=0.43..6.29 rows=93 width=4)
	  Index Cond: ((id >= 5188990) AND (id <= 5189090))

table 3 : explain SELECT id FROM sbtest3 WHERE id BETWEEN 5188990 AND 5189090
	Index Only Scan using sbtest3_pkey on sbtest3  (cost=0.43..6.59 rows=108 width=4)
	  Index Cond: ((id >= 5188990) AND (id <= 5189090))

table 4 : explain SELECT id FROM sbtest4 WHERE id BETWEEN 5188990 AND 5189090
	Index Only Scan using sbtest4_pkey on sbtest4  (cost=0.43..6.43 rows=100 width=4)
	  Index Cond: ((id >= 5188990) AND (id <= 5189090))

table 5 : explain SELECT id FROM sbtest5 WHERE id BETWEEN 5188990 AND 5189090
	Index Only Scan using sbtest5_pkey on sbtest5  (cost=0.43..6.47 rows=102 width=4)
	  Index Cond: ((id >= 5188990) AND (id <= 5189090))

table 6 : explain SELECT id FROM sbtest6 WHERE id BETWEEN 5188990 AND 5189090
	Index Only Scan using sbtest6_pkey on sbtest6  (cost=0.43..6.37 rows=97 width=4)
	  Index Cond: ((id >= 5188990) AND (id <= 5189090))

table 7 : explain SELECT id FROM sbtest7 WHERE id BETWEEN 5188990 AND 5189090
	Index Only Scan using sbtest7_pkey on sbtest7  (cost=0.43..6.47 rows=102 width=4)
	  Index Cond: ((id >= 5188990) AND (id <= 5189090))

table 8 : explain SELECT id FROM sbtest8 WHERE id BETWEEN 5188990 AND 5189090
	Index Only Scan using sbtest8_pkey on sbtest8  (cost=0.43..6.27 rows=92 width=4)
	  Index Cond: ((id >= 5188990) AND (id <= 5189090))

for range-covered
table 1 : explain SELECT id FROM sbtest1 WHERE id BETWEEN 149548 AND 149648
	Index Only Scan using sbtest1_pkey on sbtest1  (cost=0.43..6.35 rows=96 width=4)
	  Index Cond: ((id >= 149548) AND (id <= 149648))

table 2 : explain SELECT id FROM sbtest2 WHERE id BETWEEN 149548 AND 149648
	Index Only Scan using sbtest2_pkey on sbtest2  (cost=0.43..6.43 rows=100 width=4)
	  Index Cond: ((id >= 149548) AND (id <= 149648))

table 3 : explain SELECT id FROM sbtest3 WHERE id BETWEEN 149548 AND 149648
	Index Only Scan using sbtest3_pkey on sbtest3  (cost=0.43..6.37 rows=97 width=4)
	  Index Cond: ((id >= 149548) AND (id <= 149648))

table 4 : explain SELECT id FROM sbtest4 WHERE id BETWEEN 149548 AND 149648
	Index Only Scan using sbtest4_pkey on sbtest4  (cost=0.43..6.53 rows=105 width=4)
	  Index Cond: ((id >= 149548) AND (id <= 149648))

table 5 : explain SELECT id FROM sbtest5 WHERE id BETWEEN 149548 AND 149648
	Index Only Scan using sbtest5_pkey on sbtest5  (cost=0.43..6.51 rows=104 width=4)
	  Index Cond: ((id >= 149548) AND (id <= 149648))

table 6 : explain SELECT id FROM sbtest6 WHERE id BETWEEN 149548 AND 149648
	Index Only Scan using sbtest6_pkey on sbtest6  (cost=0.43..6.50 rows=103 width=4)
	  Index Cond: ((id >= 149548) AND (id <= 149648))

table 7 : explain SELECT id FROM sbtest7 WHERE id BETWEEN 149548 AND 149648
	Index Only Scan using sbtest7_pkey on sbtest7  (cost=0.43..6.42 rows=99 width=4)
	  Index Cond: ((id >= 149548) AND (id <= 149648))

table 8 : explain SELECT id FROM sbtest8 WHERE id BETWEEN 149548 AND 149648
	Index Only Scan using sbtest8_pkey on sbtest8  (cost=0.43..6.37 rows=97 width=4)
	  Index Cond: ((id >= 149548) AND (id <= 149648))

explain: for range-covered :: explain SELECT id FROM sbtest%d WHERE id BETWEEN 5188990 AND 5189090
explain: for range-covered :: explain SELECT id FROM sbtest%d WHERE id BETWEEN 149548 AND 149648
for range-covered
table 1 : explain SELECT id FROM sbtest1 WHERE id BETWEEN 5713756 AND 5713856
	Index Only Scan using sbtest1_pkey on sbtest1  (cost=0.43..6.50 rows=103 width=4)
	  Index Cond: ((id >= 5713756) AND (id <= 5713856))

table 2 : explain SELECT id FROM sbtest2 WHERE id BETWEEN 5713756 AND 5713856
	Index Only Scan using sbtest2_pkey on sbtest2  (cost=0.43..6.37 rows=97 width=4)
	  Index Cond: ((id >= 5713756) AND (id <= 5713856))

table 3 : explain SELECT id FROM sbtest3 WHERE id BETWEEN 5713756 AND 5713856
	Index Only Scan using sbtest3_pkey on sbtest3  (cost=0.43..6.67 rows=112 width=4)
	  Index Cond: ((id >= 5713756) AND (id <= 5713856))

table 4 : explain SELECT id FROM sbtest4 WHERE id BETWEEN 5713756 AND 5713856
	Index Only Scan using sbtest4_pkey on sbtest4  (cost=0.43..6.37 rows=97 width=4)
	  Index Cond: ((id >= 5713756) AND (id <= 5713856))

table 5 : explain SELECT id FROM sbtest5 WHERE id BETWEEN 5713756 AND 5713856
	Index Only Scan using sbtest5_pkey on sbtest5  (cost=0.43..6.53 rows=105 width=4)
	  Index Cond: ((id >= 5713756) AND (id <= 5713856))

table 6 : explain SELECT id FROM sbtest6 WHERE id BETWEEN 5713756 AND 5713856
	Index Only Scan using sbtest6_pkey on sbtest6  (cost=0.43..6.66 rows=111 width=4)
	  Index Cond: ((id >= 5713756) AND (id <= 5713856))

table 7 : explain SELECT id FROM sbtest7 WHERE id BETWEEN 5713756 AND 5713856
	Index Only Scan using sbtest7_pkey on sbtest7  (cost=0.43..6.40 rows=98 width=4)
	  Index Cond: ((id >= 5713756) AND (id <= 5713856))

table 8 : explain SELECT id FROM sbtest8 WHERE id BETWEEN 5713756 AND 5713856
	Index Only Scan using sbtest8_pkey on sbtest8  (cost=0.43..6.45 rows=101 width=4)
	  Index Cond: ((id >= 5713756) AND (id <= 5713856))

explain: for range-covered :: explain SELECT id FROM sbtest%d WHERE id BETWEEN 5713756 AND 5713856
for range-covered
table 1 : explain SELECT id FROM sbtest1 WHERE id BETWEEN 5756561 AND 5756661
	Index Only Scan using sbtest1_pkey on sbtest1  (cost=0.43..6.66 rows=111 width=4)
	  Index Cond: ((id >= 5756561) AND (id <= 5756661))

table 2 : explain SELECT id FROM sbtest2 WHERE id BETWEEN 5756561 AND 5756661
	Index Only Scan using sbtest2_pkey on sbtest2  (cost=0.43..6.37 rows=97 width=4)
	  Index Cond: ((id >= 5756561) AND (id <= 5756661))

table 3 : explain SELECT id FROM sbtest3 WHERE id BETWEEN 5756561 AND 5756661
	Index Only Scan using sbtest3_pkey on sbtest3  (cost=0.43..6.67 rows=112 width=4)
	  Index Cond: ((id >= 5756561) AND (id <= 5756661))

table 4 : explain SELECT id FROM sbtest4 WHERE id BETWEEN 5756561 AND 5756661
	Index Only Scan using sbtest4_pkey on sbtest4  (cost=0.43..6.37 rows=97 width=4)
	  Index Cond: ((id >= 5756561) AND (id <= 5756661))

table 5 : explain SELECT id FROM sbtest5 WHERE id BETWEEN 5756561 AND 5756661
	Index Only Scan using sbtest5_pkey on sbtest5  (cost=0.43..6.45 rows=101 width=4)
	  Index Cond: ((id >= 5756561) AND (id <= 5756661))

table 6 : explain SELECT id FROM sbtest6 WHERE id BETWEEN 5756561 AND 5756661
	Index Only Scan using sbtest6_pkey on sbtest6  (cost=0.43..6.66 rows=111 width=4)
	  Index Cond: ((id >= 5756561) AND (id <= 5756661))

table 7 : explain SELECT id FROM sbtest7 WHERE id BETWEEN 5756561 AND 5756661
	Index Only Scan using sbtest7_pkey on sbtest7  (cost=0.43..6.40 rows=98 width=4)
	  Index Cond: ((id >= 5756561) AND (id <= 5756661))

table 8 : explain SELECT id FROM sbtest8 WHERE id BETWEEN 5756561 AND 5756661
	Index Only Scan using sbtest8_pkey on sbtest8  (cost=0.43..6.45 rows=101 width=4)
	  Index Cond: ((id >= 5756561) AND (id <= 5756661))

for range-covered
table 1 : explain SELECT id FROM sbtest1 WHERE id BETWEEN 4580955 AND 4581055
	Index Only Scan using sbtest1_pkey on sbtest1  (cost=0.43..6.45 rows=101 width=4)
	  Index Cond: ((id >= 4580955) AND (id <= 4581055))

table 2 : explain SELECT id FROM sbtest2 WHERE id BETWEEN 4580955 AND 4581055
	Index Only Scan using sbtest2_pkey on sbtest2  (cost=0.43..6.61 rows=109 width=4)
	  Index Cond: ((id >= 4580955) AND (id <= 4581055))

table 3 : explain SELECT id FROM sbtest3 WHERE id BETWEEN 4580955 AND 4581055
	Index Only Scan using sbtest3_pkey on sbtest3  (cost=0.43..6.45 rows=101 width=4)
	  Index Cond: ((id >= 4580955) AND (id <= 4581055))

table 4 : explain SELECT id FROM sbtest4 WHERE id BETWEEN 4580955 AND 4581055
	Index Only Scan using sbtest4_pkey on sbtest4  (cost=0.43..6.40 rows=98 width=4)
	  Index Cond: ((id >= 4580955) AND (id <= 4581055))

table 5 : explain SELECT id FROM sbtest5 WHERE id BETWEEN 4580955 AND 4581055
	Index Only Scan using sbtest5_pkey on sbtest5  (cost=0.43..6.35 rows=96 width=4)
	  Index Cond: ((id >= 4580955) AND (id <= 4581055))

table 6 : explain SELECT id FROM sbtest6 WHERE id BETWEEN 4580955 AND 4581055
	Index Only Scan using sbtest6_pkey on sbtest6  (cost=0.43..6.47 rows=102 width=4)
	  Index Cond: ((id >= 4580955) AND (id <= 4581055))

table 7 : explain SELECT id FROM sbtest7 WHERE id BETWEEN 4580955 AND 4581055
	Index Only Scan using sbtest7_pkey on sbtest7  (cost=0.43..6.47 rows=102 width=4)
	  Index Cond: ((id >= 4580955) AND (id <= 4581055))

table 8 : explain SELECT id FROM sbtest8 WHERE id BETWEEN 4580955 AND 4581055
	Index Only Scan using sbtest8_pkey on sbtest8  (cost=0.43..6.51 rows=104 width=4)
	  Index Cond: ((id >= 4580955) AND (id <= 4581055))

explain: for range-covered :: explain SELECT id FROM sbtest%d WHERE id BETWEEN 5756561 AND 5756661
explain: for range-covered :: explain SELECT id FROM sbtest%d WHERE id BETWEEN 4580955 AND 4581055
for range-covered
table 1 : explain SELECT id FROM sbtest1 WHERE id BETWEEN 5188990 AND 5189090
	Index Only Scan using sbtest1_pkey on sbtest1  (cost=0.43..6.24 rows=90 width=4)
	  Index Cond: ((id >= 5188990) AND (id <= 5189090))

table 2 : explain SELECT id FROM sbtest2 WHERE id BETWEEN 5188990 AND 5189090
	Index Only Scan using sbtest2_pkey on sbtest2  (cost=0.43..6.29 rows=93 width=4)
	  Index Cond: ((id >= 5188990) AND (id <= 5189090))

table 3 : explain SELECT id FROM sbtest3 WHERE id BETWEEN 5188990 AND 5189090
	Index Only Scan using sbtest3_pkey on sbtest3  (cost=0.43..6.59 rows=108 width=4)
	  Index Cond: ((id >= 5188990) AND (id <= 5189090))

table 4 : explain SELECT id FROM sbtest4 WHERE id BETWEEN 5188990 AND 5189090
	Index Only Scan using sbtest4_pkey on sbtest4  (cost=0.43..6.43 rows=100 width=4)
	  Index Cond: ((id >= 5188990) AND (id <= 5189090))

table 5 : explain SELECT id FROM sbtest5 WHERE id BETWEEN 5188990 AND 5189090
	Index Only Scan using sbtest5_pkey on sbtest5  (cost=0.43..6.47 rows=102 width=4)
	  Index Cond: ((id >= 5188990) AND (id <= 5189090))

table 6 : explain SELECT id FROM sbtest6 WHERE id BETWEEN 5188990 AND 5189090
	Index Only Scan using sbtest6_pkey on sbtest6  (cost=0.43..6.37 rows=97 width=4)
	  Index Cond: ((id >= 5188990) AND (id <= 5189090))

table 7 : explain SELECT id FROM sbtest7 WHERE id BETWEEN 5188990 AND 5189090
	Index Only Scan using sbtest7_pkey on sbtest7  (cost=0.43..6.47 rows=102 width=4)
	  Index Cond: ((id >= 5188990) AND (id <= 5189090))

table 8 : explain SELECT id FROM sbtest8 WHERE id BETWEEN 5188990 AND 5189090
	Index Only Scan using sbtest8_pkey on sbtest8  (cost=0.43..6.27 rows=92 width=4)
	  Index Cond: ((id >= 5188990) AND (id <= 5189090))

explain: for range-covered :: explain SELECT id FROM sbtest%d WHERE id BETWEEN 5188990 AND 5189090
for range-covered
table 1 : explain SELECT id FROM sbtest1 WHERE id BETWEEN 149548 AND 149648
	Index Only Scan using sbtest1_pkey on sbtest1  (cost=0.43..6.35 rows=96 width=4)
	  Index Cond: ((id >= 149548) AND (id <= 149648))

table 2 : explain SELECT id FROM sbtest2 WHERE id BETWEEN 149548 AND 149648
	Index Only Scan using sbtest2_pkey on sbtest2  (cost=0.43..6.43 rows=100 width=4)
	  Index Cond: ((id >= 149548) AND (id <= 149648))

table 3 : explain SELECT id FROM sbtest3 WHERE id BETWEEN 149548 AND 149648
	Index Only Scan using sbtest3_pkey on sbtest3  (cost=0.43..6.37 rows=97 width=4)
	  Index Cond: ((id >= 149548) AND (id <= 149648))

table 4 : explain SELECT id FROM sbtest4 WHERE id BETWEEN 149548 AND 149648
	Index Only Scan using sbtest4_pkey on sbtest4  (cost=0.43..6.53 rows=105 width=4)
	  Index Cond: ((id >= 149548) AND (id <= 149648))

table 5 : explain SELECT id FROM sbtest5 WHERE id BETWEEN 149548 AND 149648
	Index Only Scan using sbtest5_pkey on sbtest5  (cost=0.43..6.51 rows=104 width=4)
	  Index Cond: ((id >= 149548) AND (id <= 149648))

table 6 : explain SELECT id FROM sbtest6 WHERE id BETWEEN 149548 AND 149648
	Index Only Scan using sbtest6_pkey on sbtest6  (cost=0.43..6.50 rows=103 width=4)
	  Index Cond: ((id >= 149548) AND (id <= 149648))

table 7 : explain SELECT id FROM sbtest7 WHERE id BETWEEN 149548 AND 149648
	Index Only Scan using sbtest7_pkey on sbtest7  (cost=0.43..6.42 rows=99 width=4)
	  Index Cond: ((id >= 149548) AND (id <= 149648))

table 8 : explain SELECT id FROM sbtest8 WHERE id BETWEEN 149548 AND 149648
	Index Only Scan using sbtest8_pkey on sbtest8  (cost=0.43..6.37 rows=97 width=4)
	  Index Cond: ((id >= 149548) AND (id <= 149648))

explain: for range-covered :: explain SELECT id FROM sbtest%d WHERE id BETWEEN 149548 AND 149648
for range-covered
table 1 : explain SELECT id FROM sbtest1 WHERE id BETWEEN 5713756 AND 5713856
	Index Only Scan using sbtest1_pkey on sbtest1  (cost=0.43..6.50 rows=103 width=4)
	  Index Cond: ((id >= 5713756) AND (id <= 5713856))

table 2 : explain SELECT id FROM sbtest2 WHERE id BETWEEN 5713756 AND 5713856
	Index Only Scan using sbtest2_pkey on sbtest2  (cost=0.43..6.37 rows=97 width=4)
	  Index Cond: ((id >= 5713756) AND (id <= 5713856))

table 3 : explain SELECT id FROM sbtest3 WHERE id BETWEEN 5713756 AND 5713856
	Index Only Scan using sbtest3_pkey on sbtest3  (cost=0.43..6.67 rows=112 width=4)
	  Index Cond: ((id >= 5713756) AND (id <= 5713856))

table 4 : explain SELECT id FROM sbtest4 WHERE id BETWEEN 5713756 AND 5713856
	Index Only Scan using sbtest4_pkey on sbtest4  (cost=0.43..6.37 rows=97 width=4)
	  Index Cond: ((id >= 5713756) AND (id <= 5713856))

table 5 : explain SELECT id FROM sbtest5 WHERE id BETWEEN 5713756 AND 5713856
	Index Only Scan using sbtest5_pkey on sbtest5  (cost=0.43..6.53 rows=105 width=4)
	  Index Cond: ((id >= 5713756) AND (id <= 5713856))

table 6 : explain SELECT id FROM sbtest6 WHERE id BETWEEN 5713756 AND 5713856
	Index Only Scan using sbtest6_pkey on sbtest6  (cost=0.43..6.66 rows=111 width=4)
	  Index Cond: ((id >= 5713756) AND (id <= 5713856))

table 7 : explain SELECT id FROM sbtest7 WHERE id BETWEEN 5713756 AND 5713856
	Index Only Scan using sbtest7_pkey on sbtest7  (cost=0.43..6.40 rows=98 width=4)
	  Index Cond: ((id >= 5713756) AND (id <= 5713856))

table 8 : explain SELECT id FROM sbtest8 WHERE id BETWEEN 5713756 AND 5713856
	Index Only Scan using sbtest8_pkey on sbtest8  (cost=0.43..6.45 rows=101 width=4)
	  Index Cond: ((id >= 5713756) AND (id <= 5713856))

explain: for range-covered :: explain SELECT id FROM sbtest%d WHERE id BETWEEN 5713756 AND 5713856
for range-covered
table 1 : explain SELECT id FROM sbtest1 WHERE id BETWEEN 3961450 AND 3961550
	Index Only Scan using sbtest1_pkey on sbtest1  (cost=0.43..6.63 rows=110 width=4)
	  Index Cond: ((id >= 3961450) AND (id <= 3961550))

table 2 : explain SELECT id FROM sbtest2 WHERE id BETWEEN 3961450 AND 3961550
	Index Only Scan using sbtest2_pkey on sbtest2  (cost=0.43..6.59 rows=108 width=4)
	  Index Cond: ((id >= 3961450) AND (id <= 3961550))

table 3 : explain SELECT id FROM sbtest3 WHERE id BETWEEN 3961450 AND 3961550
	Index Only Scan using sbtest3_pkey on sbtest3  (cost=0.43..6.32 rows=94 width=4)
	  Index Cond: ((id >= 3961450) AND (id <= 3961550))

table 4 : explain SELECT id FROM sbtest4 WHERE id BETWEEN 3961450 AND 3961550
	Index Only Scan using sbtest4_pkey on sbtest4  (cost=0.43..6.40 rows=98 width=4)
	  Index Cond: ((id >= 3961450) AND (id <= 3961550))

table 5 : explain SELECT id FROM sbtest5 WHERE id BETWEEN 3961450 AND 3961550
	Index Only Scan using sbtest5_pkey on sbtest5  (cost=0.43..6.40 rows=98 width=4)
	  Index Cond: ((id >= 3961450) AND (id <= 3961550))

table 6 : explain SELECT id FROM sbtest6 WHERE id BETWEEN 3961450 AND 3961550
	Index Only Scan using sbtest6_pkey on sbtest6  (cost=0.43..6.50 rows=103 width=4)
	  Index Cond: ((id >= 3961450) AND (id <= 3961550))

table 7 : explain SELECT id FROM sbtest7 WHERE id BETWEEN 3961450 AND 3961550
	Index Only Scan using sbtest7_pkey on sbtest7  (cost=0.43..6.33 rows=95 width=4)
	  Index Cond: ((id >= 3961450) AND (id <= 3961550))

table 8 : explain SELECT id FROM sbtest8 WHERE id BETWEEN 3961450 AND 3961550
	Index Only Scan using sbtest8_pkey on sbtest8  (cost=0.43..6.51 rows=104 width=4)
	  Index Cond: ((id >= 3961450) AND (id <= 3961550))

for range-covered
table 1 : explain SELECT id FROM sbtest1 WHERE id BETWEEN 5756561 AND 5756661
	Index Only Scan using sbtest1_pkey on sbtest1  (cost=0.43..6.66 rows=111 width=4)
	  Index Cond: ((id >= 5756561) AND (id <= 5756661))

table 2 : explain SELECT id FROM sbtest2 WHERE id BETWEEN 5756561 AND 5756661
	Index Only Scan using sbtest2_pkey on sbtest2  (cost=0.43..6.37 rows=97 width=4)
	  Index Cond: ((id >= 5756561) AND (id <= 5756661))

table 3 : explain SELECT id FROM sbtest3 WHERE id BETWEEN 5756561 AND 5756661
	Index Only Scan using sbtest3_pkey on sbtest3  (cost=0.43..6.67 rows=112 width=4)
	  Index Cond: ((id >= 5756561) AND (id <= 5756661))

table 4 : explain SELECT id FROM sbtest4 WHERE id BETWEEN 5756561 AND 5756661
	Index Only Scan using sbtest4_pkey on sbtest4  (cost=0.43..6.37 rows=97 width=4)
	  Index Cond: ((id >= 5756561) AND (id <= 5756661))

table 5 : explain SELECT id FROM sbtest5 WHERE id BETWEEN 5756561 AND 5756661
	Index Only Scan using sbtest5_pkey on sbtest5  (cost=0.43..6.45 rows=101 width=4)
	  Index Cond: ((id >= 5756561) AND (id <= 5756661))

table 6 : explain SELECT id FROM sbtest6 WHERE id BETWEEN 5756561 AND 5756661
	Index Only Scan using sbtest6_pkey on sbtest6  (cost=0.43..6.66 rows=111 width=4)
	  Index Cond: ((id >= 5756561) AND (id <= 5756661))

table 7 : explain SELECT id FROM sbtest7 WHERE id BETWEEN 5756561 AND 5756661
	Index Only Scan using sbtest7_pkey on sbtest7  (cost=0.43..6.40 rows=98 width=4)
	  Index Cond: ((id >= 5756561) AND (id <= 5756661))

table 8 : explain SELECT id FROM sbtest8 WHERE id BETWEEN 5756561 AND 5756661
	Index Only Scan using sbtest8_pkey on sbtest8  (cost=0.43..6.45 rows=101 width=4)
	  Index Cond: ((id >= 5756561) AND (id <= 5756661))

explain: for range-covered :: explain SELECT id FROM sbtest%d WHERE id BETWEEN 5756561 AND 5756661
for range-covered
table 1 : explain SELECT id FROM sbtest1 WHERE id BETWEEN 4580955 AND 4581055
	Index Only Scan using sbtest1_pkey on sbtest1  (cost=0.43..6.45 rows=101 width=4)
	  Index Cond: ((id >= 4580955) AND (id <= 4581055))

table 2 : explain SELECT id FROM sbtest2 WHERE id BETWEEN 4580955 AND 4581055
	Index Only Scan using sbtest2_pkey on sbtest2  (cost=0.43..6.61 rows=109 width=4)
	  Index Cond: ((id >= 4580955) AND (id <= 4581055))

table 3 : explain SELECT id FROM sbtest3 WHERE id BETWEEN 4580955 AND 4581055
	Index Only Scan using sbtest3_pkey on sbtest3  (cost=0.43..6.45 rows=101 width=4)
	  Index Cond: ((id >= 4580955) AND (id <= 4581055))

table 4 : explain SELECT id FROM sbtest4 WHERE id BETWEEN 4580955 AND 4581055
	Index Only Scan using sbtest4_pkey on sbtest4  (cost=0.43..6.40 rows=98 width=4)
	  Index Cond: ((id >= 4580955) AND (id <= 4581055))

table 5 : explain SELECT id FROM sbtest5 WHERE id BETWEEN 4580955 AND 4581055
	Index Only Scan using sbtest5_pkey on sbtest5  (cost=0.43..6.35 rows=96 width=4)
	  Index Cond: ((id >= 4580955) AND (id <= 4581055))

table 6 : explain SELECT id FROM sbtest6 WHERE id BETWEEN 4580955 AND 4581055
	Index Only Scan using sbtest6_pkey on sbtest6  (cost=0.43..6.47 rows=102 width=4)
	  Index Cond: ((id >= 4580955) AND (id <= 4581055))

table 7 : explain SELECT id FROM sbtest7 WHERE id BETWEEN 4580955 AND 4581055
	Index Only Scan using sbtest7_pkey on sbtest7  (cost=0.43..6.47 rows=102 width=4)
	  Index Cond: ((id >= 4580955) AND (id <= 4581055))

table 8 : explain SELECT id FROM sbtest8 WHERE id BETWEEN 4580955 AND 4581055
	Index Only Scan using sbtest8_pkey on sbtest8  (cost=0.43..6.51 rows=104 width=4)
	  Index Cond: ((id >= 4580955) AND (id <= 4581055))

for range-covered
table 1 : explain SELECT id FROM sbtest1 WHERE id BETWEEN 5188990 AND 5189090
	Index Only Scan using sbtest1_pkey on sbtest1  (cost=0.43..6.24 rows=90 width=4)
	  Index Cond: ((id >= 5188990) AND (id <= 5189090))

table 2 : explain SELECT id FROM sbtest2 WHERE id BETWEEN 5188990 AND 5189090
	Index Only Scan using sbtest2_pkey on sbtest2  (cost=0.43..6.29 rows=93 width=4)
	  Index Cond: ((id >= 5188990) AND (id <= 5189090))

table 3 : explain SELECT id FROM sbtest3 WHERE id BETWEEN 5188990 AND 5189090
	Index Only Scan using sbtest3_pkey on sbtest3  (cost=0.43..6.59 rows=108 width=4)
	  Index Cond: ((id >= 5188990) AND (id <= 5189090))

table 4 : explain SELECT id FROM sbtest4 WHERE id BETWEEN 5188990 AND 5189090
	Index Only Scan using sbtest4_pkey on sbtest4  (cost=0.43..6.43 rows=100 width=4)
	  Index Cond: ((id >= 5188990) AND (id <= 5189090))

table 5 : explain SELECT id FROM sbtest5 WHERE id BETWEEN 5188990 AND 5189090
	Index Only Scan using sbtest5_pkey on sbtest5  (cost=0.43..6.47 rows=102 width=4)
	  Index Cond: ((id >= 5188990) AND (id <= 5189090))

table 6 : explain SELECT id FROM sbtest6 WHERE id BETWEEN 5188990 AND 5189090
	Index Only Scan using sbtest6_pkey on sbtest6  (cost=0.43..6.37 rows=97 width=4)
	  Index Cond: ((id >= 5188990) AND (id <= 5189090))

table 7 : explain SELECT id FROM sbtest7 WHERE id BETWEEN 5188990 AND 5189090
	Index Only Scan using sbtest7_pkey on sbtest7  (cost=0.43..6.47 rows=102 width=4)
	  Index Cond: ((id >= 5188990) AND (id <= 5189090))

table 8 : explain SELECT id FROM sbtest8 WHERE id BETWEEN 5188990 AND 5189090
	Index Only Scan using sbtest8_pkey on sbtest8  (cost=0.43..6.27 rows=92 width=4)
	  Index Cond: ((id >= 5188990) AND (id <= 5189090))

explain: for range-covered :: explain SELECT id FROM sbtest%d WHERE id BETWEEN 4580955 AND 4581055
explain: for range-covered :: explain SELECT id FROM sbtest%d WHERE id BETWEEN 5188990 AND 5189090
for range-covered
table 1 : explain SELECT id FROM sbtest1 WHERE id BETWEEN 149548 AND 149648
	Index Only Scan using sbtest1_pkey on sbtest1  (cost=0.43..6.35 rows=96 width=4)
	  Index Cond: ((id >= 149548) AND (id <= 149648))

table 2 : explain SELECT id FROM sbtest2 WHERE id BETWEEN 149548 AND 149648
	Index Only Scan using sbtest2_pkey on sbtest2  (cost=0.43..6.43 rows=100 width=4)
	  Index Cond: ((id >= 149548) AND (id <= 149648))

table 3 : explain SELECT id FROM sbtest3 WHERE id BETWEEN 149548 AND 149648
	Index Only Scan using sbtest3_pkey on sbtest3  (cost=0.43..6.37 rows=97 width=4)
	  Index Cond: ((id >= 149548) AND (id <= 149648))

table 4 : explain SELECT id FROM sbtest4 WHERE id BETWEEN 149548 AND 149648
	Index Only Scan using sbtest4_pkey on sbtest4  (cost=0.43..6.53 rows=105 width=4)
	  Index Cond: ((id >= 149548) AND (id <= 149648))

table 5 : explain SELECT id FROM sbtest5 WHERE id BETWEEN 149548 AND 149648
	Index Only Scan using sbtest5_pkey on sbtest5  (cost=0.43..6.51 rows=104 width=4)
	  Index Cond: ((id >= 149548) AND (id <= 149648))

table 6 : explain SELECT id FROM sbtest6 WHERE id BETWEEN 149548 AND 149648
	Index Only Scan using sbtest6_pkey on sbtest6  (cost=0.43..6.50 rows=103 width=4)
	  Index Cond: ((id >= 149548) AND (id <= 149648))

table 7 : explain SELECT id FROM sbtest7 WHERE id BETWEEN 149548 AND 149648
	Index Only Scan using sbtest7_pkey on sbtest7  (cost=0.43..6.42 rows=99 width=4)
	  Index Cond: ((id >= 149548) AND (id <= 149648))

table 8 : explain SELECT id FROM sbtest8 WHERE id BETWEEN 149548 AND 149648
	Index Only Scan using sbtest8_pkey on sbtest8  (cost=0.43..6.37 rows=97 width=4)
	  Index Cond: ((id >= 149548) AND (id <= 149648))

explain: for range-covered :: explain SELECT id FROM sbtest%d WHERE id BETWEEN 149548 AND 149648
for range-covered
table 1 : explain SELECT id FROM sbtest1 WHERE id BETWEEN 5713756 AND 5713856
	Index Only Scan using sbtest1_pkey on sbtest1  (cost=0.43..6.50 rows=103 width=4)
	  Index Cond: ((id >= 5713756) AND (id <= 5713856))

table 2 : explain SELECT id FROM sbtest2 WHERE id BETWEEN 5713756 AND 5713856
	Index Only Scan using sbtest2_pkey on sbtest2  (cost=0.43..6.37 rows=97 width=4)
	  Index Cond: ((id >= 5713756) AND (id <= 5713856))

table 3 : explain SELECT id FROM sbtest3 WHERE id BETWEEN 5713756 AND 5713856
	Index Only Scan using sbtest3_pkey on sbtest3  (cost=0.43..6.67 rows=112 width=4)
	  Index Cond: ((id >= 5713756) AND (id <= 5713856))

table 4 : explain SELECT id FROM sbtest4 WHERE id BETWEEN 5713756 AND 5713856
	Index Only Scan using sbtest4_pkey on sbtest4  (cost=0.43..6.37 rows=97 width=4)
	  Index Cond: ((id >= 5713756) AND (id <= 5713856))

table 5 : explain SELECT id FROM sbtest5 WHERE id BETWEEN 5713756 AND 5713856
	Index Only Scan using sbtest5_pkey on sbtest5  (cost=0.43..6.53 rows=105 width=4)
	  Index Cond: ((id >= 5713756) AND (id <= 5713856))

table 6 : explain SELECT id FROM sbtest6 WHERE id BETWEEN 5713756 AND 5713856
	Index Only Scan using sbtest6_pkey on sbtest6  (cost=0.43..6.66 rows=111 width=4)
	  Index Cond: ((id >= 5713756) AND (id <= 5713856))

table 7 : explain SELECT id FROM sbtest7 WHERE id BETWEEN 5713756 AND 5713856
	Index Only Scan using sbtest7_pkey on sbtest7  (cost=0.43..6.40 rows=98 width=4)
	  Index Cond: ((id >= 5713756) AND (id <= 5713856))

table 8 : explain SELECT id FROM sbtest8 WHERE id BETWEEN 5713756 AND 5713856
	Index Only Scan using sbtest8_pkey on sbtest8  (cost=0.43..6.45 rows=101 width=4)
	  Index Cond: ((id >= 5713756) AND (id <= 5713856))

explain: for range-covered :: explain SELECT id FROM sbtest%d WHERE id BETWEEN 5713756 AND 5713856
explain: for range-covered :: explain SELECT id FROM sbtest%d WHERE id BETWEEN 4846981 AND 4847081
explain: for range-covered :: explain SELECT id FROM sbtest%d WHERE id BETWEEN 3667006 AND 3667106
for range-covered
table 1 : explain SELECT id FROM sbtest1 WHERE id BETWEEN 5756561 AND 5756661
	Index Only Scan using sbtest1_pkey on sbtest1  (cost=0.43..6.66 rows=111 width=4)
	  Index Cond: ((id >= 5756561) AND (id <= 5756661))

table 2 : explain SELECT id FROM sbtest2 WHERE id BETWEEN 5756561 AND 5756661
	Index Only Scan using sbtest2_pkey on sbtest2  (cost=0.43..6.37 rows=97 width=4)
	  Index Cond: ((id >= 5756561) AND (id <= 5756661))

table 3 : explain SELECT id FROM sbtest3 WHERE id BETWEEN 5756561 AND 5756661
	Index Only Scan using sbtest3_pkey on sbtest3  (cost=0.43..6.67 rows=112 width=4)
	  Index Cond: ((id >= 5756561) AND (id <= 5756661))

table 4 : explain SELECT id FROM sbtest4 WHERE id BETWEEN 5756561 AND 5756661
	Index Only Scan using sbtest4_pkey on sbtest4  (cost=0.43..6.37 rows=97 width=4)
	  Index Cond: ((id >= 5756561) AND (id <= 5756661))

table 5 : explain SELECT id FROM sbtest5 WHERE id BETWEEN 5756561 AND 5756661
	Index Only Scan using sbtest5_pkey on sbtest5  (cost=0.43..6.45 rows=101 width=4)
	  Index Cond: ((id >= 5756561) AND (id <= 5756661))

table 6 : explain SELECT id FROM sbtest6 WHERE id BETWEEN 5756561 AND 5756661
	Index Only Scan using sbtest6_pkey on sbtest6  (cost=0.43..6.66 rows=111 width=4)
	  Index Cond: ((id >= 5756561) AND (id <= 5756661))

table 7 : explain SELECT id FROM sbtest7 WHERE id BETWEEN 5756561 AND 5756661
	Index Only Scan using sbtest7_pkey on sbtest7  (cost=0.43..6.40 rows=98 width=4)
	  Index Cond: ((id >= 5756561) AND (id <= 5756661))

table 8 : explain SELECT id FROM sbtest8 WHERE id BETWEEN 5756561 AND 5756661
	Index Only Scan using sbtest8_pkey on sbtest8  (cost=0.43..6.45 rows=101 width=4)
	  Index Cond: ((id >= 5756561) AND (id <= 5756661))

for range-covered
table 1 : explain SELECT id FROM sbtest1 WHERE id BETWEEN 4580955 AND 4581055
	Index Only Scan using sbtest1_pkey on sbtest1  (cost=0.43..6.45 rows=101 width=4)
	  Index Cond: ((id >= 4580955) AND (id <= 4581055))

table 2 : explain SELECT id FROM sbtest2 WHERE id BETWEEN 4580955 AND 4581055
	Index Only Scan using sbtest2_pkey on sbtest2  (cost=0.43..6.61 rows=109 width=4)
	  Index Cond: ((id >= 4580955) AND (id <= 4581055))

table 3 : explain SELECT id FROM sbtest3 WHERE id BETWEEN 4580955 AND 4581055
	Index Only Scan using sbtest3_pkey on sbtest3  (cost=0.43..6.45 rows=101 width=4)
	  Index Cond: ((id >= 4580955) AND (id <= 4581055))

table 4 : explain SELECT id FROM sbtest4 WHERE id BETWEEN 4580955 AND 4581055
	Index Only Scan using sbtest4_pkey on sbtest4  (cost=0.43..6.40 rows=98 width=4)
	  Index Cond: ((id >= 4580955) AND (id <= 4581055))

table 5 : explain SELECT id FROM sbtest5 WHERE id BETWEEN 4580955 AND 4581055
	Index Only Scan using sbtest5_pkey on sbtest5  (cost=0.43..6.35 rows=96 width=4)
	  Index Cond: ((id >= 4580955) AND (id <= 4581055))

table 6 : explain SELECT id FROM sbtest6 WHERE id BETWEEN 4580955 AND 4581055
	Index Only Scan using sbtest6_pkey on sbtest6  (cost=0.43..6.47 rows=102 width=4)
	  Index Cond: ((id >= 4580955) AND (id <= 4581055))

table 7 : explain SELECT id FROM sbtest7 WHERE id BETWEEN 4580955 AND 4581055
	Index Only Scan using sbtest7_pkey on sbtest7  (cost=0.43..6.47 rows=102 width=4)
	  Index Cond: ((id >= 4580955) AND (id <= 4581055))

table 8 : explain SELECT id FROM sbtest8 WHERE id BETWEEN 4580955 AND 4581055
	Index Only Scan using sbtest8_pkey on sbtest8  (cost=0.43..6.51 rows=104 width=4)
	  Index Cond: ((id >= 4580955) AND (id <= 4581055))

for range-covered
table 1 : explain SELECT id FROM sbtest1 WHERE id BETWEEN 5188990 AND 5189090
	Index Only Scan using sbtest1_pkey on sbtest1  (cost=0.43..6.24 rows=90 width=4)
	  Index Cond: ((id >= 5188990) AND (id <= 5189090))

table 2 : explain SELECT id FROM sbtest2 WHERE id BETWEEN 5188990 AND 5189090
	Index Only Scan using sbtest2_pkey on sbtest2  (cost=0.43..6.29 rows=93 width=4)
	  Index Cond: ((id >= 5188990) AND (id <= 5189090))

table 3 : explain SELECT id FROM sbtest3 WHERE id BETWEEN 5188990 AND 5189090
	Index Only Scan using sbtest3_pkey on sbtest3  (cost=0.43..6.59 rows=108 width=4)
	  Index Cond: ((id >= 5188990) AND (id <= 5189090))

table 4 : explain SELECT id FROM sbtest4 WHERE id BETWEEN 5188990 AND 5189090
	Index Only Scan using sbtest4_pkey on sbtest4  (cost=0.43..6.43 rows=100 width=4)
	  Index Cond: ((id >= 5188990) AND (id <= 5189090))

table 5 : explain SELECT id FROM sbtest5 WHERE id BETWEEN 5188990 AND 5189090
	Index Only Scan using sbtest5_pkey on sbtest5  (cost=0.43..6.47 rows=102 width=4)
	  Index Cond: ((id >= 5188990) AND (id <= 5189090))

table 6 : explain SELECT id FROM sbtest6 WHERE id BETWEEN 5188990 AND 5189090
	Index Only Scan using sbtest6_pkey on sbtest6  (cost=0.43..6.37 rows=97 width=4)
	  Index Cond: ((id >= 5188990) AND (id <= 5189090))

table 7 : explain SELECT id FROM sbtest7 WHERE id BETWEEN 5188990 AND 5189090
	Index Only Scan using sbtest7_pkey on sbtest7  (cost=0.43..6.47 rows=102 width=4)
	  Index Cond: ((id >= 5188990) AND (id <= 5189090))

table 8 : explain SELECT id FROM sbtest8 WHERE id BETWEEN 5188990 AND 5189090
	Index Only Scan using sbtest8_pkey on sbtest8  (cost=0.43..6.27 rows=92 width=4)
	  Index Cond: ((id >= 5188990) AND (id <= 5189090))

explain: for range-covered :: explain SELECT id FROM sbtest%d WHERE id BETWEEN 4580955 AND 4581055
for range-covered
table 1 : explain SELECT id FROM sbtest1 WHERE id BETWEEN 149548 AND 149648
	Index Only Scan using sbtest1_pkey on sbtest1  (cost=0.43..6.35 rows=96 width=4)
	  Index Cond: ((id >= 149548) AND (id <= 149648))

table 2 : explain SELECT id FROM sbtest2 WHERE id BETWEEN 149548 AND 149648
	Index Only Scan using sbtest2_pkey on sbtest2  (cost=0.43..6.43 rows=100 width=4)
	  Index Cond: ((id >= 149548) AND (id <= 149648))

table 3 : explain SELECT id FROM sbtest3 WHERE id BETWEEN 149548 AND 149648
	Index Only Scan using sbtest3_pkey on sbtest3  (cost=0.43..6.37 rows=97 width=4)
	  Index Cond: ((id >= 149548) AND (id <= 149648))

table 4 : explain SELECT id FROM sbtest4 WHERE id BETWEEN 149548 AND 149648
	Index Only Scan using sbtest4_pkey on sbtest4  (cost=0.43..6.53 rows=105 width=4)
	  Index Cond: ((id >= 149548) AND (id <= 149648))

table 5 : explain SELECT id FROM sbtest5 WHERE id BETWEEN 149548 AND 149648
	Index Only Scan using sbtest5_pkey on sbtest5  (cost=0.43..6.51 rows=104 width=4)
	  Index Cond: ((id >= 149548) AND (id <= 149648))

table 6 : explain SELECT id FROM sbtest6 WHERE id BETWEEN 149548 AND 149648
	Index Only Scan using sbtest6_pkey on sbtest6  (cost=0.43..6.50 rows=103 width=4)
	  Index Cond: ((id >= 149548) AND (id <= 149648))

table 7 : explain SELECT id FROM sbtest7 WHERE id BETWEEN 149548 AND 149648
	Index Only Scan using sbtest7_pkey on sbtest7  (cost=0.43..6.42 rows=99 width=4)
	  Index Cond: ((id >= 149548) AND (id <= 149648))

table 8 : explain SELECT id FROM sbtest8 WHERE id BETWEEN 149548 AND 149648
	Index Only Scan using sbtest8_pkey on sbtest8  (cost=0.43..6.37 rows=97 width=4)
	  Index Cond: ((id >= 149548) AND (id <= 149648))

explain: for range-covered :: explain SELECT id FROM sbtest%d WHERE id BETWEEN 5188990 AND 5189090
explain: for range-covered :: explain SELECT id FROM sbtest%d WHERE id BETWEEN 149548 AND 149648
for range-covered
table 1 : explain SELECT id FROM sbtest1 WHERE id BETWEEN 5713756 AND 5713856
	Index Only Scan using sbtest1_pkey on sbtest1  (cost=0.43..6.50 rows=103 width=4)
	  Index Cond: ((id >= 5713756) AND (id <= 5713856))

table 2 : explain SELECT id FROM sbtest2 WHERE id BETWEEN 5713756 AND 5713856
	Index Only Scan using sbtest2_pkey on sbtest2  (cost=0.43..6.37 rows=97 width=4)
	  Index Cond: ((id >= 5713756) AND (id <= 5713856))

table 3 : explain SELECT id FROM sbtest3 WHERE id BETWEEN 5713756 AND 5713856
	Index Only Scan using sbtest3_pkey on sbtest3  (cost=0.43..6.67 rows=112 width=4)
	  Index Cond: ((id >= 5713756) AND (id <= 5713856))

table 4 : explain SELECT id FROM sbtest4 WHERE id BETWEEN 5713756 AND 5713856
	Index Only Scan using sbtest4_pkey on sbtest4  (cost=0.43..6.37 rows=97 width=4)
	  Index Cond: ((id >= 5713756) AND (id <= 5713856))

table 5 : explain SELECT id FROM sbtest5 WHERE id BETWEEN 5713756 AND 5713856
	Index Only Scan using sbtest5_pkey on sbtest5  (cost=0.43..6.53 rows=105 width=4)
	  Index Cond: ((id >= 5713756) AND (id <= 5713856))

table 6 : explain SELECT id FROM sbtest6 WHERE id BETWEEN 5713756 AND 5713856
	Index Only Scan using sbtest6_pkey on sbtest6  (cost=0.43..6.66 rows=111 width=4)
	  Index Cond: ((id >= 5713756) AND (id <= 5713856))

table 7 : explain SELECT id FROM sbtest7 WHERE id BETWEEN 5713756 AND 5713856
	Index Only Scan using sbtest7_pkey on sbtest7  (cost=0.43..6.40 rows=98 width=4)
	  Index Cond: ((id >= 5713756) AND (id <= 5713856))

table 8 : explain SELECT id FROM sbtest8 WHERE id BETWEEN 5713756 AND 5713856
	Index Only Scan using sbtest8_pkey on sbtest8  (cost=0.43..6.45 rows=101 width=4)
	  Index Cond: ((id >= 5713756) AND (id <= 5713856))

explain: for range-covered :: explain SELECT id FROM sbtest%d WHERE id BETWEEN 7047149 AND 7047249
explain: for range-covered :: explain SELECT id FROM sbtest%d WHERE id BETWEEN 5713756 AND 5713856
explain: for range-covered :: explain SELECT id FROM sbtest%d WHERE id BETWEEN 3174132 AND 3174232
explain: for range-covered :: explain SELECT id FROM sbtest%d WHERE id BETWEEN 770697 AND 770797
for range-covered
table 1 : explain SELECT id FROM sbtest1 WHERE id BETWEEN 4580955 AND 4581055
	Index Only Scan using sbtest1_pkey on sbtest1  (cost=0.43..6.45 rows=101 width=4)
	  Index Cond: ((id >= 4580955) AND (id <= 4581055))

table 2 : explain SELECT id FROM sbtest2 WHERE id BETWEEN 4580955 AND 4581055
	Index Only Scan using sbtest2_pkey on sbtest2  (cost=0.43..6.61 rows=109 width=4)
	  Index Cond: ((id >= 4580955) AND (id <= 4581055))

table 3 : explain SELECT id FROM sbtest3 WHERE id BETWEEN 4580955 AND 4581055
	Index Only Scan using sbtest3_pkey on sbtest3  (cost=0.43..6.45 rows=101 width=4)
	  Index Cond: ((id >= 4580955) AND (id <= 4581055))

table 4 : explain SELECT id FROM sbtest4 WHERE id BETWEEN 4580955 AND 4581055
	Index Only Scan using sbtest4_pkey on sbtest4  (cost=0.43..6.40 rows=98 width=4)
	  Index Cond: ((id >= 4580955) AND (id <= 4581055))

table 5 : explain SELECT id FROM sbtest5 WHERE id BETWEEN 4580955 AND 4581055
	Index Only Scan using sbtest5_pkey on sbtest5  (cost=0.43..6.35 rows=96 width=4)
	  Index Cond: ((id >= 4580955) AND (id <= 4581055))

table 6 : explain SELECT id FROM sbtest6 WHERE id BETWEEN 4580955 AND 4581055
	Index Only Scan using sbtest6_pkey on sbtest6  (cost=0.43..6.47 rows=102 width=4)
	  Index Cond: ((id >= 4580955) AND (id <= 4581055))

table 7 : explain SELECT id FROM sbtest7 WHERE id BETWEEN 4580955 AND 4581055
	Index Only Scan using sbtest7_pkey on sbtest7  (cost=0.43..6.47 rows=102 width=4)
	  Index Cond: ((id >= 4580955) AND (id <= 4581055))

table 8 : explain SELECT id FROM sbtest8 WHERE id BETWEEN 4580955 AND 4581055
	Index Only Scan using sbtest8_pkey on sbtest8  (cost=0.43..6.51 rows=104 width=4)
	  Index Cond: ((id >= 4580955) AND (id <= 4581055))

for range-covered
table 1 : explain SELECT id FROM sbtest1 WHERE id BETWEEN 149548 AND 149648
	Index Only Scan using sbtest1_pkey on sbtest1  (cost=0.43..6.35 rows=96 width=4)
	  Index Cond: ((id >= 149548) AND (id <= 149648))

table 2 : explain SELECT id FROM sbtest2 WHERE id BETWEEN 149548 AND 149648
	Index Only Scan using sbtest2_pkey on sbtest2  (cost=0.43..6.43 rows=100 width=4)
	  Index Cond: ((id >= 149548) AND (id <= 149648))

table 3 : explain SELECT id FROM sbtest3 WHERE id BETWEEN 149548 AND 149648
	Index Only Scan using sbtest3_pkey on sbtest3  (cost=0.43..6.37 rows=97 width=4)
	  Index Cond: ((id >= 149548) AND (id <= 149648))

table 4 : explain SELECT id FROM sbtest4 WHERE id BETWEEN 149548 AND 149648
	Index Only Scan using sbtest4_pkey on sbtest4  (cost=0.43..6.53 rows=105 width=4)
	  Index Cond: ((id >= 149548) AND (id <= 149648))

table 5 : explain SELECT id FROM sbtest5 WHERE id BETWEEN 149548 AND 149648
	Index Only Scan using sbtest5_pkey on sbtest5  (cost=0.43..6.51 rows=104 width=4)
	  Index Cond: ((id >= 149548) AND (id <= 149648))

table 6 : explain SELECT id FROM sbtest6 WHERE id BETWEEN 149548 AND 149648
	Index Only Scan using sbtest6_pkey on sbtest6  (cost=0.43..6.50 rows=103 width=4)
	  Index Cond: ((id >= 149548) AND (id <= 149648))

table 7 : explain SELECT id FROM sbtest7 WHERE id BETWEEN 149548 AND 149648
	Index Only Scan using sbtest7_pkey on sbtest7  (cost=0.43..6.42 rows=99 width=4)
	  Index Cond: ((id >= 149548) AND (id <= 149648))

table 8 : explain SELECT id FROM sbtest8 WHERE id BETWEEN 149548 AND 149648
	Index Only Scan using sbtest8_pkey on sbtest8  (cost=0.43..6.37 rows=97 width=4)
	  Index Cond: ((id >= 149548) AND (id <= 149648))

explain: for range-covered :: explain SELECT id FROM sbtest%d WHERE id BETWEEN 149548 AND 149648
for range-covered
table 1 : explain SELECT id FROM sbtest1 WHERE id BETWEEN 5713756 AND 5713856
	Index Only Scan using sbtest1_pkey on sbtest1  (cost=0.43..6.50 rows=103 width=4)
	  Index Cond: ((id >= 5713756) AND (id <= 5713856))

table 2 : explain SELECT id FROM sbtest2 WHERE id BETWEEN 5713756 AND 5713856
	Index Only Scan using sbtest2_pkey on sbtest2  (cost=0.43..6.37 rows=97 width=4)
	  Index Cond: ((id >= 5713756) AND (id <= 5713856))

table 3 : explain SELECT id FROM sbtest3 WHERE id BETWEEN 5713756 AND 5713856
	Index Only Scan using sbtest3_pkey on sbtest3  (cost=0.43..6.67 rows=112 width=4)
	  Index Cond: ((id >= 5713756) AND (id <= 5713856))

table 4 : explain SELECT id FROM sbtest4 WHERE id BETWEEN 5713756 AND 5713856
	Index Only Scan using sbtest4_pkey on sbtest4  (cost=0.43..6.37 rows=97 width=4)
	  Index Cond: ((id >= 5713756) AND (id <= 5713856))

table 5 : explain SELECT id FROM sbtest5 WHERE id BETWEEN 5713756 AND 5713856
	Index Only Scan using sbtest5_pkey on sbtest5  (cost=0.43..6.53 rows=105 width=4)
	  Index Cond: ((id >= 5713756) AND (id <= 5713856))

table 6 : explain SELECT id FROM sbtest6 WHERE id BETWEEN 5713756 AND 5713856
	Index Only Scan using sbtest6_pkey on sbtest6  (cost=0.43..6.66 rows=111 width=4)
	  Index Cond: ((id >= 5713756) AND (id <= 5713856))

table 7 : explain SELECT id FROM sbtest7 WHERE id BETWEEN 5713756 AND 5713856
	Index Only Scan using sbtest7_pkey on sbtest7  (cost=0.43..6.40 rows=98 width=4)
	  Index Cond: ((id >= 5713756) AND (id <= 5713856))

table 8 : explain SELECT id FROM sbtest8 WHERE id BETWEEN 5713756 AND 5713856
	Index Only Scan using sbtest8_pkey on sbtest8  (cost=0.43..6.45 rows=101 width=4)
	  Index Cond: ((id >= 5713756) AND (id <= 5713856))

for range-covered
table 1 : explain SELECT id FROM sbtest1 WHERE id BETWEEN 7911286 AND 7911386
	Index Only Scan using sbtest1_pkey on sbtest1  (cost=0.43..6.53 rows=105 width=4)
	  Index Cond: ((id >= 7911286) AND (id <= 7911386))

table 2 : explain SELECT id FROM sbtest2 WHERE id BETWEEN 7911286 AND 7911386
	Index Only Scan using sbtest2_pkey on sbtest2  (cost=0.43..6.43 rows=100 width=4)
	  Index Cond: ((id >= 7911286) AND (id <= 7911386))

table 3 : explain SELECT id FROM sbtest3 WHERE id BETWEEN 7911286 AND 7911386
	Index Only Scan using sbtest3_pkey on sbtest3  (cost=0.43..6.42 rows=99 width=4)
	  Index Cond: ((id >= 7911286) AND (id <= 7911386))

table 4 : explain SELECT id FROM sbtest4 WHERE id BETWEEN 7911286 AND 7911386
	Index Only Scan using sbtest4_pkey on sbtest4  (cost=0.43..6.51 rows=104 width=4)
	  Index Cond: ((id >= 7911286) AND (id <= 7911386))

table 5 : explain SELECT id FROM sbtest5 WHERE id BETWEEN 7911286 AND 7911386
	Index Only Scan using sbtest5_pkey on sbtest5  (cost=0.43..6.29 rows=93 width=4)
	  Index Cond: ((id >= 7911286) AND (id <= 7911386))

table 6 : explain SELECT id FROM sbtest6 WHERE id BETWEEN 7911286 AND 7911386
	Index Only Scan using sbtest6_pkey on sbtest6  (cost=0.43..6.40 rows=98 width=4)
	  Index Cond: ((id >= 7911286) AND (id <= 7911386))

table 7 : explain SELECT id FROM sbtest7 WHERE id BETWEEN 7911286 AND 7911386
	Index Only Scan using sbtest7_pkey on sbtest7  (cost=0.43..6.45 rows=101 width=4)
	  Index Cond: ((id >= 7911286) AND (id <= 7911386))

table 8 : explain SELECT id FROM sbtest8 WHERE id BETWEEN 7911286 AND 7911386
	Index Only Scan using sbtest8_pkey on sbtest8  (cost=0.43..6.61 rows=109 width=4)
	  Index Cond: ((id >= 7911286) AND (id <= 7911386))

explain: for range-covered :: explain SELECT id FROM sbtest%d WHERE id BETWEEN 5713756 AND 5713856
explain: for range-covered :: explain SELECT id FROM sbtest%d WHERE id BETWEEN 7911286 AND 7911386
for range-covered
table 1 : explain SELECT id FROM sbtest1 WHERE id BETWEEN 149548 AND 149648
	Index Only Scan using sbtest1_pkey on sbtest1  (cost=0.43..6.35 rows=96 width=4)
	  Index Cond: ((id >= 149548) AND (id <= 149648))

table 2 : explain SELECT id FROM sbtest2 WHERE id BETWEEN 149548 AND 149648
	Index Only Scan using sbtest2_pkey on sbtest2  (cost=0.43..6.43 rows=100 width=4)
	  Index Cond: ((id >= 149548) AND (id <= 149648))

table 3 : explain SELECT id FROM sbtest3 WHERE id BETWEEN 149548 AND 149648
	Index Only Scan using sbtest3_pkey on sbtest3  (cost=0.43..6.37 rows=97 width=4)
	  Index Cond: ((id >= 149548) AND (id <= 149648))

table 4 : explain SELECT id FROM sbtest4 WHERE id BETWEEN 149548 AND 149648
	Index Only Scan using sbtest4_pkey on sbtest4  (cost=0.43..6.53 rows=105 width=4)
	  Index Cond: ((id >= 149548) AND (id <= 149648))

table 5 : explain SELECT id FROM sbtest5 WHERE id BETWEEN 149548 AND 149648
	Index Only Scan using sbtest5_pkey on sbtest5  (cost=0.43..6.51 rows=104 width=4)
	  Index Cond: ((id >= 149548) AND (id <= 149648))

table 6 : explain SELECT id FROM sbtest6 WHERE id BETWEEN 149548 AND 149648
	Index Only Scan using sbtest6_pkey on sbtest6  (cost=0.43..6.50 rows=103 width=4)
	  Index Cond: ((id >= 149548) AND (id <= 149648))

table 7 : explain SELECT id FROM sbtest7 WHERE id BETWEEN 149548 AND 149648
	Index Only Scan using sbtest7_pkey on sbtest7  (cost=0.43..6.42 rows=99 width=4)
	  Index Cond: ((id >= 149548) AND (id <= 149648))

table 8 : explain SELECT id FROM sbtest8 WHERE id BETWEEN 149548 AND 149648
	Index Only Scan using sbtest8_pkey on sbtest8  (cost=0.43..6.37 rows=97 width=4)
	  Index Cond: ((id >= 149548) AND (id <= 149648))

for range-covered
table 1 : explain SELECT id FROM sbtest1 WHERE id BETWEEN 5188990 AND 5189090
	Index Only Scan using sbtest1_pkey on sbtest1  (cost=0.43..6.24 rows=90 width=4)
	  Index Cond: ((id >= 5188990) AND (id <= 5189090))

table 2 : explain SELECT id FROM sbtest2 WHERE id BETWEEN 5188990 AND 5189090
	Index Only Scan using sbtest2_pkey on sbtest2  (cost=0.43..6.29 rows=93 width=4)
	  Index Cond: ((id >= 5188990) AND (id <= 5189090))

table 3 : explain SELECT id FROM sbtest3 WHERE id BETWEEN 5188990 AND 5189090
	Index Only Scan using sbtest3_pkey on sbtest3  (cost=0.43..6.59 rows=108 width=4)
	  Index Cond: ((id >= 5188990) AND (id <= 5189090))

table 4 : explain SELECT id FROM sbtest4 WHERE id BETWEEN 5188990 AND 5189090
	Index Only Scan using sbtest4_pkey on sbtest4  (cost=0.43..6.43 rows=100 width=4)
	  Index Cond: ((id >= 5188990) AND (id <= 5189090))

table 5 : explain SELECT id FROM sbtest5 WHERE id BETWEEN 5188990 AND 5189090
	Index Only Scan using sbtest5_pkey on sbtest5  (cost=0.43..6.47 rows=102 width=4)
	  Index Cond: ((id >= 5188990) AND (id <= 5189090))

table 6 : explain SELECT id FROM sbtest6 WHERE id BETWEEN 5188990 AND 5189090
	Index Only Scan using sbtest6_pkey on sbtest6  (cost=0.43..6.37 rows=97 width=4)
	  Index Cond: ((id >= 5188990) AND (id <= 5189090))

table 7 : explain SELECT id FROM sbtest7 WHERE id BETWEEN 5188990 AND 5189090
	Index Only Scan using sbtest7_pkey on sbtest7  (cost=0.43..6.47 rows=102 width=4)
	  Index Cond: ((id >= 5188990) AND (id <= 5189090))

table 8 : explain SELECT id FROM sbtest8 WHERE id BETWEEN 5188990 AND 5189090
	Index Only Scan using sbtest8_pkey on sbtest8  (cost=0.43..6.27 rows=92 width=4)
	  Index Cond: ((id >= 5188990) AND (id <= 5189090))

explain: for range-covered :: explain SELECT id FROM sbtest%d WHERE id BETWEEN 149548 AND 149648
explain: for range-covered :: explain SELECT id FROM sbtest%d WHERE id BETWEEN 5188990 AND 5189090
for range-covered
table 1 : explain SELECT id FROM sbtest1 WHERE id BETWEEN 7911286 AND 7911386
	Index Only Scan using sbtest1_pkey on sbtest1  (cost=0.43..6.53 rows=105 width=4)
	  Index Cond: ((id >= 7911286) AND (id <= 7911386))

table 2 : explain SELECT id FROM sbtest2 WHERE id BETWEEN 7911286 AND 7911386
	Index Only Scan using sbtest2_pkey on sbtest2  (cost=0.43..6.43 rows=100 width=4)
	  Index Cond: ((id >= 7911286) AND (id <= 7911386))

table 3 : explain SELECT id FROM sbtest3 WHERE id BETWEEN 7911286 AND 7911386
	Index Only Scan using sbtest3_pkey on sbtest3  (cost=0.43..6.42 rows=99 width=4)
	  Index Cond: ((id >= 7911286) AND (id <= 7911386))

table 4 : explain SELECT id FROM sbtest4 WHERE id BETWEEN 7911286 AND 7911386
	Index Only Scan using sbtest4_pkey on sbtest4  (cost=0.43..6.51 rows=104 width=4)
	  Index Cond: ((id >= 7911286) AND (id <= 7911386))

table 5 : explain SELECT id FROM sbtest5 WHERE id BETWEEN 7911286 AND 7911386
	Index Only Scan using sbtest5_pkey on sbtest5  (cost=0.43..6.29 rows=93 width=4)
	  Index Cond: ((id >= 7911286) AND (id <= 7911386))

table 6 : explain SELECT id FROM sbtest6 WHERE id BETWEEN 7911286 AND 7911386
	Index Only Scan using sbtest6_pkey on sbtest6  (cost=0.43..6.40 rows=98 width=4)
	  Index Cond: ((id >= 7911286) AND (id <= 7911386))

table 7 : explain SELECT id FROM sbtest7 WHERE id BETWEEN 7911286 AND 7911386
	Index Only Scan using sbtest7_pkey on sbtest7  (cost=0.43..6.45 rows=101 width=4)
	  Index Cond: ((id >= 7911286) AND (id <= 7911386))

table 8 : explain SELECT id FROM sbtest8 WHERE id BETWEEN 7911286 AND 7911386
	Index Only Scan using sbtest8_pkey on sbtest8  (cost=0.43..6.61 rows=109 width=4)
	  Index Cond: ((id >= 7911286) AND (id <= 7911386))

explain: for range-covered :: explain SELECT id FROM sbtest%d WHERE id BETWEEN 7911286 AND 7911386
explain: for range-covered :: explain SELECT id FROM sbtest%d WHERE id BETWEEN 8067908 AND 8068008
for range-covered
table 1 : explain SELECT id FROM sbtest1 WHERE id BETWEEN 149548 AND 149648
	Index Only Scan using sbtest1_pkey on sbtest1  (cost=0.43..6.35 rows=96 width=4)
	  Index Cond: ((id >= 149548) AND (id <= 149648))

table 2 : explain SELECT id FROM sbtest2 WHERE id BETWEEN 149548 AND 149648
	Index Only Scan using sbtest2_pkey on sbtest2  (cost=0.43..6.43 rows=100 width=4)
	  Index Cond: ((id >= 149548) AND (id <= 149648))

table 3 : explain SELECT id FROM sbtest3 WHERE id BETWEEN 149548 AND 149648
	Index Only Scan using sbtest3_pkey on sbtest3  (cost=0.43..6.37 rows=97 width=4)
	  Index Cond: ((id >= 149548) AND (id <= 149648))

table 4 : explain SELECT id FROM sbtest4 WHERE id BETWEEN 149548 AND 149648
	Index Only Scan using sbtest4_pkey on sbtest4  (cost=0.43..6.53 rows=105 width=4)
	  Index Cond: ((id >= 149548) AND (id <= 149648))

table 5 : explain SELECT id FROM sbtest5 WHERE id BETWEEN 149548 AND 149648
	Index Only Scan using sbtest5_pkey on sbtest5  (cost=0.43..6.51 rows=104 width=4)
	  Index Cond: ((id >= 149548) AND (id <= 149648))

table 6 : explain SELECT id FROM sbtest6 WHERE id BETWEEN 149548 AND 149648
	Index Only Scan using sbtest6_pkey on sbtest6  (cost=0.43..6.50 rows=103 width=4)
	  Index Cond: ((id >= 149548) AND (id <= 149648))

table 7 : explain SELECT id FROM sbtest7 WHERE id BETWEEN 149548 AND 149648
	Index Only Scan using sbtest7_pkey on sbtest7  (cost=0.43..6.42 rows=99 width=4)
	  Index Cond: ((id >= 149548) AND (id <= 149648))

table 8 : explain SELECT id FROM sbtest8 WHERE id BETWEEN 149548 AND 149648
	Index Only Scan using sbtest8_pkey on sbtest8  (cost=0.43..6.37 rows=97 width=4)
	  Index Cond: ((id >= 149548) AND (id <= 149648))

for range-covered
table 1 : explain SELECT id FROM sbtest1 WHERE id BETWEEN 5188990 AND 5189090
	Index Only Scan using sbtest1_pkey on sbtest1  (cost=0.43..6.24 rows=90 width=4)
	  Index Cond: ((id >= 5188990) AND (id <= 5189090))

table 2 : explain SELECT id FROM sbtest2 WHERE id BETWEEN 5188990 AND 5189090
	Index Only Scan using sbtest2_pkey on sbtest2  (cost=0.43..6.29 rows=93 width=4)
	  Index Cond: ((id >= 5188990) AND (id <= 5189090))

table 3 : explain SELECT id FROM sbtest3 WHERE id BETWEEN 5188990 AND 5189090
	Index Only Scan using sbtest3_pkey on sbtest3  (cost=0.43..6.59 rows=108 width=4)
	  Index Cond: ((id >= 5188990) AND (id <= 5189090))

table 4 : explain SELECT id FROM sbtest4 WHERE id BETWEEN 5188990 AND 5189090
	Index Only Scan using sbtest4_pkey on sbtest4  (cost=0.43..6.43 rows=100 width=4)
	  Index Cond: ((id >= 5188990) AND (id <= 5189090))

table 5 : explain SELECT id FROM sbtest5 WHERE id BETWEEN 5188990 AND 5189090
	Index Only Scan using sbtest5_pkey on sbtest5  (cost=0.43..6.47 rows=102 width=4)
	  Index Cond: ((id >= 5188990) AND (id <= 5189090))

table 6 : explain SELECT id FROM sbtest6 WHERE id BETWEEN 5188990 AND 5189090
	Index Only Scan using sbtest6_pkey on sbtest6  (cost=0.43..6.37 rows=97 width=4)
	  Index Cond: ((id >= 5188990) AND (id <= 5189090))

table 7 : explain SELECT id FROM sbtest7 WHERE id BETWEEN 5188990 AND 5189090
	Index Only Scan using sbtest7_pkey on sbtest7  (cost=0.43..6.47 rows=102 width=4)
	  Index Cond: ((id >= 5188990) AND (id <= 5189090))

table 8 : explain SELECT id FROM sbtest8 WHERE id BETWEEN 5188990 AND 5189090
	Index Only Scan using sbtest8_pkey on sbtest8  (cost=0.43..6.27 rows=92 width=4)
	  Index Cond: ((id >= 5188990) AND (id <= 5189090))

for range-covered
table 1 : explain SELECT id FROM sbtest1 WHERE id BETWEEN 7911286 AND 7911386
	Index Only Scan using sbtest1_pkey on sbtest1  (cost=0.43..6.53 rows=105 width=4)
	  Index Cond: ((id >= 7911286) AND (id <= 7911386))

table 2 : explain SELECT id FROM sbtest2 WHERE id BETWEEN 7911286 AND 7911386
	Index Only Scan using sbtest2_pkey on sbtest2  (cost=0.43..6.43 rows=100 width=4)
	  Index Cond: ((id >= 7911286) AND (id <= 7911386))

table 3 : explain SELECT id FROM sbtest3 WHERE id BETWEEN 7911286 AND 7911386
	Index Only Scan using sbtest3_pkey on sbtest3  (cost=0.43..6.42 rows=99 width=4)
	  Index Cond: ((id >= 7911286) AND (id <= 7911386))

table 4 : explain SELECT id FROM sbtest4 WHERE id BETWEEN 7911286 AND 7911386
	Index Only Scan using sbtest4_pkey on sbtest4  (cost=0.43..6.51 rows=104 width=4)
	  Index Cond: ((id >= 7911286) AND (id <= 7911386))

table 5 : explain SELECT id FROM sbtest5 WHERE id BETWEEN 7911286 AND 7911386
	Index Only Scan using sbtest5_pkey on sbtest5  (cost=0.43..6.29 rows=93 width=4)
	  Index Cond: ((id >= 7911286) AND (id <= 7911386))

table 6 : explain SELECT id FROM sbtest6 WHERE id BETWEEN 7911286 AND 7911386
	Index Only Scan using sbtest6_pkey on sbtest6  (cost=0.43..6.40 rows=98 width=4)
	  Index Cond: ((id >= 7911286) AND (id <= 7911386))

table 7 : explain SELECT id FROM sbtest7 WHERE id BETWEEN 7911286 AND 7911386
	Index Only Scan using sbtest7_pkey on sbtest7  (cost=0.43..6.45 rows=101 width=4)
	  Index Cond: ((id >= 7911286) AND (id <= 7911386))

table 8 : explain SELECT id FROM sbtest8 WHERE id BETWEEN 7911286 AND 7911386
	Index Only Scan using sbtest8_pkey on sbtest8  (cost=0.43..6.61 rows=109 width=4)
	  Index Cond: ((id >= 7911286) AND (id <= 7911386))

explain: for range-covered :: explain SELECT id FROM sbtest%d WHERE id BETWEEN 7911286 AND 7911386
for range-covered
table 1 : explain SELECT id FROM sbtest1 WHERE id BETWEEN 7911286 AND 7911386
	Index Only Scan using sbtest1_pkey on sbtest1  (cost=0.43..6.53 rows=105 width=4)
	  Index Cond: ((id >= 7911286) AND (id <= 7911386))

table 2 : explain SELECT id FROM sbtest2 WHERE id BETWEEN 7911286 AND 7911386
	Index Only Scan using sbtest2_pkey on sbtest2  (cost=0.43..6.43 rows=100 width=4)
	  Index Cond: ((id >= 7911286) AND (id <= 7911386))

table 3 : explain SELECT id FROM sbtest3 WHERE id BETWEEN 7911286 AND 7911386
	Index Only Scan using sbtest3_pkey on sbtest3  (cost=0.43..6.42 rows=99 width=4)
	  Index Cond: ((id >= 7911286) AND (id <= 7911386))

table 4 : explain SELECT id FROM sbtest4 WHERE id BETWEEN 7911286 AND 7911386
	Index Only Scan using sbtest4_pkey on sbtest4  (cost=0.43..6.51 rows=104 width=4)
	  Index Cond: ((id >= 7911286) AND (id <= 7911386))

table 5 : explain SELECT id FROM sbtest5 WHERE id BETWEEN 7911286 AND 7911386
	Index Only Scan using sbtest5_pkey on sbtest5  (cost=0.43..6.29 rows=93 width=4)
	  Index Cond: ((id >= 7911286) AND (id <= 7911386))

table 6 : explain SELECT id FROM sbtest6 WHERE id BETWEEN 7911286 AND 7911386
	Index Only Scan using sbtest6_pkey on sbtest6  (cost=0.43..6.40 rows=98 width=4)
	  Index Cond: ((id >= 7911286) AND (id <= 7911386))

table 7 : explain SELECT id FROM sbtest7 WHERE id BETWEEN 7911286 AND 7911386
	Index Only Scan using sbtest7_pkey on sbtest7  (cost=0.43..6.45 rows=101 width=4)
	  Index Cond: ((id >= 7911286) AND (id <= 7911386))

table 8 : explain SELECT id FROM sbtest8 WHERE id BETWEEN 7911286 AND 7911386
	Index Only Scan using sbtest8_pkey on sbtest8  (cost=0.43..6.61 rows=109 width=4)
	  Index Cond: ((id >= 7911286) AND (id <= 7911386))

explain: for range-covered :: explain SELECT id FROM sbtest%d WHERE id BETWEEN 7911286 AND 7911386
for range-covered
table 1 : explain SELECT id FROM sbtest1 WHERE id BETWEEN 5713756 AND 5713856
	Index Only Scan using sbtest1_pkey on sbtest1  (cost=0.43..6.50 rows=103 width=4)
	  Index Cond: ((id >= 5713756) AND (id <= 5713856))

table 2 : explain SELECT id FROM sbtest2 WHERE id BETWEEN 5713756 AND 5713856
	Index Only Scan using sbtest2_pkey on sbtest2  (cost=0.43..6.37 rows=97 width=4)
	  Index Cond: ((id >= 5713756) AND (id <= 5713856))

table 3 : explain SELECT id FROM sbtest3 WHERE id BETWEEN 5713756 AND 5713856
	Index Only Scan using sbtest3_pkey on sbtest3  (cost=0.43..6.67 rows=112 width=4)
	  Index Cond: ((id >= 5713756) AND (id <= 5713856))

table 4 : explain SELECT id FROM sbtest4 WHERE id BETWEEN 5713756 AND 5713856
	Index Only Scan using sbtest4_pkey on sbtest4  (cost=0.43..6.37 rows=97 width=4)
	  Index Cond: ((id >= 5713756) AND (id <= 5713856))

table 5 : explain SELECT id FROM sbtest5 WHERE id BETWEEN 5713756 AND 5713856
	Index Only Scan using sbtest5_pkey on sbtest5  (cost=0.43..6.53 rows=105 width=4)
	  Index Cond: ((id >= 5713756) AND (id <= 5713856))

table 6 : explain SELECT id FROM sbtest6 WHERE id BETWEEN 5713756 AND 5713856
	Index Only Scan using sbtest6_pkey on sbtest6  (cost=0.43..6.66 rows=111 width=4)
	  Index Cond: ((id >= 5713756) AND (id <= 5713856))

table 7 : explain SELECT id FROM sbtest7 WHERE id BETWEEN 5713756 AND 5713856
	Index Only Scan using sbtest7_pkey on sbtest7  (cost=0.43..6.40 rows=98 width=4)
	  Index Cond: ((id >= 5713756) AND (id <= 5713856))

table 8 : explain SELECT id FROM sbtest8 WHERE id BETWEEN 5713756 AND 5713856
	Index Only Scan using sbtest8_pkey on sbtest8  (cost=0.43..6.45 rows=101 width=4)
	  Index Cond: ((id >= 5713756) AND (id <= 5713856))

for range-covered
table 1 : explain SELECT id FROM sbtest1 WHERE id BETWEEN 7911286 AND 7911386
	Index Only Scan using sbtest1_pkey on sbtest1  (cost=0.43..6.53 rows=105 width=4)
	  Index Cond: ((id >= 7911286) AND (id <= 7911386))

table 2 : explain SELECT id FROM sbtest2 WHERE id BETWEEN 7911286 AND 7911386
	Index Only Scan using sbtest2_pkey on sbtest2  (cost=0.43..6.43 rows=100 width=4)
	  Index Cond: ((id >= 7911286) AND (id <= 7911386))

table 3 : explain SELECT id FROM sbtest3 WHERE id BETWEEN 7911286 AND 7911386
	Index Only Scan using sbtest3_pkey on sbtest3  (cost=0.43..6.42 rows=99 width=4)
	  Index Cond: ((id >= 7911286) AND (id <= 7911386))

table 4 : explain SELECT id FROM sbtest4 WHERE id BETWEEN 7911286 AND 7911386
	Index Only Scan using sbtest4_pkey on sbtest4  (cost=0.43..6.51 rows=104 width=4)
	  Index Cond: ((id >= 7911286) AND (id <= 7911386))

table 5 : explain SELECT id FROM sbtest5 WHERE id BETWEEN 7911286 AND 7911386
	Index Only Scan using sbtest5_pkey on sbtest5  (cost=0.43..6.29 rows=93 width=4)
	  Index Cond: ((id >= 7911286) AND (id <= 7911386))

table 6 : explain SELECT id FROM sbtest6 WHERE id BETWEEN 7911286 AND 7911386
	Index Only Scan using sbtest6_pkey on sbtest6  (cost=0.43..6.40 rows=98 width=4)
	  Index Cond: ((id >= 7911286) AND (id <= 7911386))

table 7 : explain SELECT id FROM sbtest7 WHERE id BETWEEN 7911286 AND 7911386
	Index Only Scan using sbtest7_pkey on sbtest7  (cost=0.43..6.45 rows=101 width=4)
	  Index Cond: ((id >= 7911286) AND (id <= 7911386))

table 8 : explain SELECT id FROM sbtest8 WHERE id BETWEEN 7911286 AND 7911386
	Index Only Scan using sbtest8_pkey on sbtest8  (cost=0.43..6.61 rows=109 width=4)
	  Index Cond: ((id >= 7911286) AND (id <= 7911386))

explain: for range-covered :: explain SELECT id FROM sbtest%d WHERE id BETWEEN 5713756 AND 5713856
explain: for range-covered :: explain SELECT id FROM sbtest%d WHERE id BETWEEN 7911286 AND 7911386
for range-covered
table 1 : explain SELECT id FROM sbtest1 WHERE id BETWEEN 5713756 AND 5713856
	Index Only Scan using sbtest1_pkey on sbtest1  (cost=0.43..6.50 rows=103 width=4)
	  Index Cond: ((id >= 5713756) AND (id <= 5713856))

table 2 : explain SELECT id FROM sbtest2 WHERE id BETWEEN 5713756 AND 5713856
	Index Only Scan using sbtest2_pkey on sbtest2  (cost=0.43..6.37 rows=97 width=4)
	  Index Cond: ((id >= 5713756) AND (id <= 5713856))

table 3 : explain SELECT id FROM sbtest3 WHERE id BETWEEN 5713756 AND 5713856
	Index Only Scan using sbtest3_pkey on sbtest3  (cost=0.43..6.67 rows=112 width=4)
	  Index Cond: ((id >= 5713756) AND (id <= 5713856))

table 4 : explain SELECT id FROM sbtest4 WHERE id BETWEEN 5713756 AND 5713856
	Index Only Scan using sbtest4_pkey on sbtest4  (cost=0.43..6.37 rows=97 width=4)
	  Index Cond: ((id >= 5713756) AND (id <= 5713856))

table 5 : explain SELECT id FROM sbtest5 WHERE id BETWEEN 5713756 AND 5713856
	Index Only Scan using sbtest5_pkey on sbtest5  (cost=0.43..6.53 rows=105 width=4)
	  Index Cond: ((id >= 5713756) AND (id <= 5713856))

table 6 : explain SELECT id FROM sbtest6 WHERE id BETWEEN 5713756 AND 5713856
	Index Only Scan using sbtest6_pkey on sbtest6  (cost=0.43..6.66 rows=111 width=4)
	  Index Cond: ((id >= 5713756) AND (id <= 5713856))

table 7 : explain SELECT id FROM sbtest7 WHERE id BETWEEN 5713756 AND 5713856
	Index Only Scan using sbtest7_pkey on sbtest7  (cost=0.43..6.40 rows=98 width=4)
	  Index Cond: ((id >= 5713756) AND (id <= 5713856))

table 8 : explain SELECT id FROM sbtest8 WHERE id BETWEEN 5713756 AND 5713856
	Index Only Scan using sbtest8_pkey on sbtest8  (cost=0.43..6.45 rows=101 width=4)
	  Index Cond: ((id >= 5713756) AND (id <= 5713856))

for range-covered
table 1 : explain SELECT id FROM sbtest1 WHERE id BETWEEN 7911286 AND 7911386
	Index Only Scan using sbtest1_pkey on sbtest1  (cost=0.43..6.53 rows=105 width=4)
	  Index Cond: ((id >= 7911286) AND (id <= 7911386))

table 2 : explain SELECT id FROM sbtest2 WHERE id BETWEEN 7911286 AND 7911386
	Index Only Scan using sbtest2_pkey on sbtest2  (cost=0.43..6.43 rows=100 width=4)
	  Index Cond: ((id >= 7911286) AND (id <= 7911386))

table 3 : explain SELECT id FROM sbtest3 WHERE id BETWEEN 7911286 AND 7911386
	Index Only Scan using sbtest3_pkey on sbtest3  (cost=0.43..6.42 rows=99 width=4)
	  Index Cond: ((id >= 7911286) AND (id <= 7911386))

table 4 : explain SELECT id FROM sbtest4 WHERE id BETWEEN 7911286 AND 7911386
	Index Only Scan using sbtest4_pkey on sbtest4  (cost=0.43..6.51 rows=104 width=4)
	  Index Cond: ((id >= 7911286) AND (id <= 7911386))

table 5 : explain SELECT id FROM sbtest5 WHERE id BETWEEN 7911286 AND 7911386
	Index Only Scan using sbtest5_pkey on sbtest5  (cost=0.43..6.29 rows=93 width=4)
	  Index Cond: ((id >= 7911286) AND (id <= 7911386))

table 6 : explain SELECT id FROM sbtest6 WHERE id BETWEEN 7911286 AND 7911386
	Index Only Scan using sbtest6_pkey on sbtest6  (cost=0.43..6.40 rows=98 width=4)
	  Index Cond: ((id >= 7911286) AND (id <= 7911386))

table 7 : explain SELECT id FROM sbtest7 WHERE id BETWEEN 7911286 AND 7911386
	Index Only Scan using sbtest7_pkey on sbtest7  (cost=0.43..6.45 rows=101 width=4)
	  Index Cond: ((id >= 7911286) AND (id <= 7911386))

table 8 : explain SELECT id FROM sbtest8 WHERE id BETWEEN 7911286 AND 7911386
	Index Only Scan using sbtest8_pkey on sbtest8  (cost=0.43..6.61 rows=109 width=4)
	  Index Cond: ((id >= 7911286) AND (id <= 7911386))

for range-covered
table 1 : explain SELECT id FROM sbtest1 WHERE id BETWEEN 770697 AND 770797
	Index Only Scan using sbtest1_pkey on sbtest1  (cost=0.43..6.43 rows=100 width=4)
	  Index Cond: ((id >= 770697) AND (id <= 770797))

table 2 : explain SELECT id FROM sbtest2 WHERE id BETWEEN 770697 AND 770797
	Index Only Scan using sbtest2_pkey on sbtest2  (cost=0.43..6.42 rows=99 width=4)
	  Index Cond: ((id >= 770697) AND (id <= 770797))

table 3 : explain SELECT id FROM sbtest3 WHERE id BETWEEN 770697 AND 770797
	Index Only Scan using sbtest3_pkey on sbtest3  (cost=0.43..6.45 rows=101 width=4)
	  Index Cond: ((id >= 770697) AND (id <= 770797))

table 4 : explain SELECT id FROM sbtest4 WHERE id BETWEEN 770697 AND 770797
	Index Only Scan using sbtest4_pkey on sbtest4  (cost=0.43..6.35 rows=96 width=4)
	  Index Cond: ((id >= 770697) AND (id <= 770797))

table 5 : explain SELECT id FROM sbtest5 WHERE id BETWEEN 770697 AND 770797
	Index Only Scan using sbtest5_pkey on sbtest5  (cost=0.43..6.77 rows=117 width=4)
	  Index Cond: ((id >= 770697) AND (id <= 770797))

table 6 : explain SELECT id FROM sbtest6 WHERE id BETWEEN 770697 AND 770797
	Index Only Scan using sbtest6_pkey on sbtest6  (cost=0.43..6.53 rows=105 width=4)
	  Index Cond: ((id >= 770697) AND (id <= 770797))

table 7 : explain SELECT id FROM sbtest7 WHERE id BETWEEN 770697 AND 770797
	Index Only Scan using sbtest7_pkey on sbtest7  (cost=0.43..6.61 rows=109 width=4)
	  Index Cond: ((id >= 770697) AND (id <= 770797))

table 8 : explain SELECT id FROM sbtest8 WHERE id BETWEEN 770697 AND 770797
	Index Only Scan using sbtest8_pkey on sbtest8  (cost=0.43..6.45 rows=101 width=4)
	  Index Cond: ((id >= 770697) AND (id <= 770797))

explain: for range-covered :: explain SELECT id FROM sbtest%d WHERE id BETWEEN 5713756 AND 5713856
explain: for range-covered :: explain SELECT id FROM sbtest%d WHERE id BETWEEN 7911286 AND 7911386
explain: for range-covered :: explain SELECT id FROM sbtest%d WHERE id BETWEEN 770697 AND 770797
for range-covered
table 1 : explain SELECT id FROM sbtest1 WHERE id BETWEEN 7047149 AND 7047249
	Index Only Scan using sbtest1_pkey on sbtest1  (cost=0.43..6.51 rows=104 width=4)
	  Index Cond: ((id >= 7047149) AND (id <= 7047249))

table 2 : explain SELECT id FROM sbtest2 WHERE id BETWEEN 7047149 AND 7047249
	Index Only Scan using sbtest2_pkey on sbtest2  (cost=0.43..6.42 rows=99 width=4)
	  Index Cond: ((id >= 7047149) AND (id <= 7047249))

table 3 : explain SELECT id FROM sbtest3 WHERE id BETWEEN 7047149 AND 7047249
	Index Only Scan using sbtest3_pkey on sbtest3  (cost=0.43..6.45 rows=101 width=4)
	  Index Cond: ((id >= 7047149) AND (id <= 7047249))

table 4 : explain SELECT id FROM sbtest4 WHERE id BETWEEN 7047149 AND 7047249
	Index Only Scan using sbtest4_pkey on sbtest4  (cost=0.43..6.56 rows=106 width=4)
	  Index Cond: ((id >= 7047149) AND (id <= 7047249))

table 5 : explain SELECT id FROM sbtest5 WHERE id BETWEEN 7047149 AND 7047249
	Index Only Scan using sbtest5_pkey on sbtest5  (cost=0.43..6.43 rows=100 width=4)
	  Index Cond: ((id >= 7047149) AND (id <= 7047249))

table 6 : explain SELECT id FROM sbtest6 WHERE id BETWEEN 7047149 AND 7047249
	Index Only Scan using sbtest6_pkey on sbtest6  (cost=0.43..6.33 rows=95 width=4)
	  Index Cond: ((id >= 7047149) AND (id <= 7047249))

table 7 : explain SELECT id FROM sbtest7 WHERE id BETWEEN 7047149 AND 7047249
	Index Only Scan using sbtest7_pkey on sbtest7  (cost=0.43..6.40 rows=98 width=4)
	  Index Cond: ((id >= 7047149) AND (id <= 7047249))

table 8 : explain SELECT id FROM sbtest8 WHERE id BETWEEN 7047149 AND 7047249
	Index Only Scan using sbtest8_pkey on sbtest8  (cost=0.43..6.51 rows=104 width=4)
	  Index Cond: ((id >= 7047149) AND (id <= 7047249))

for range-covered
table 1 : explain SELECT id FROM sbtest1 WHERE id BETWEEN 3667006 AND 3667106
	Index Only Scan using sbtest1_pkey on sbtest1  (cost=0.43..6.43 rows=100 width=4)
	  Index Cond: ((id >= 3667006) AND (id <= 3667106))

table 2 : explain SELECT id FROM sbtest2 WHERE id BETWEEN 3667006 AND 3667106
	Index Only Scan using sbtest2_pkey on sbtest2  (cost=0.43..6.53 rows=105 width=4)
	  Index Cond: ((id >= 3667006) AND (id <= 3667106))

table 3 : explain SELECT id FROM sbtest3 WHERE id BETWEEN 3667006 AND 3667106
	Index Only Scan using sbtest3_pkey on sbtest3  (cost=0.43..6.59 rows=108 width=4)
	  Index Cond: ((id >= 3667006) AND (id <= 3667106))

table 4 : explain SELECT id FROM sbtest4 WHERE id BETWEEN 3667006 AND 3667106
	Index Only Scan using sbtest4_pkey on sbtest4  (cost=0.43..6.42 rows=99 width=4)
	  Index Cond: ((id >= 3667006) AND (id <= 3667106))

table 5 : explain SELECT id FROM sbtest5 WHERE id BETWEEN 3667006 AND 3667106
	Index Only Scan using sbtest5_pkey on sbtest5  (cost=0.43..6.47 rows=102 width=4)
	  Index Cond: ((id >= 3667006) AND (id <= 3667106))

table 6 : explain SELECT id FROM sbtest6 WHERE id BETWEEN 3667006 AND 3667106
	Index Only Scan using sbtest6_pkey on sbtest6  (cost=0.43..6.32 rows=94 width=4)
	  Index Cond: ((id >= 3667006) AND (id <= 3667106))

table 7 : explain SELECT id FROM sbtest7 WHERE id BETWEEN 3667006 AND 3667106
	Index Only Scan using sbtest7_pkey on sbtest7  (cost=0.43..6.51 rows=104 width=4)
	  Index Cond: ((id >= 3667006) AND (id <= 3667106))

table 8 : explain SELECT id FROM sbtest8 WHERE id BETWEEN 3667006 AND 3667106
	Index Only Scan using sbtest8_pkey on sbtest8  (cost=0.43..6.43 rows=100 width=4)
	  Index Cond: ((id >= 3667006) AND (id <= 3667106))

for range-covered
table 1 : explain SELECT id FROM sbtest1 WHERE id BETWEEN 4846981 AND 4847081
	Index Only Scan using sbtest1_pkey on sbtest1  (cost=0.43..6.29 rows=93 width=4)
	  Index Cond: ((id >= 4846981) AND (id <= 4847081))

table 2 : explain SELECT id FROM sbtest2 WHERE id BETWEEN 4846981 AND 4847081
	Index Only Scan using sbtest2_pkey on sbtest2  (cost=0.43..6.27 rows=92 width=4)
	  Index Cond: ((id >= 4846981) AND (id <= 4847081))

table 3 : explain SELECT id FROM sbtest3 WHERE id BETWEEN 4846981 AND 4847081
	Index Only Scan using sbtest3_pkey on sbtest3  (cost=0.43..6.27 rows=92 width=4)
	  Index Cond: ((id >= 4846981) AND (id <= 4847081))

table 4 : explain SELECT id FROM sbtest4 WHERE id BETWEEN 4846981 AND 4847081
	Index Only Scan using sbtest4_pkey on sbtest4  (cost=0.43..6.19 rows=88 width=4)
	  Index Cond: ((id >= 4846981) AND (id <= 4847081))

table 5 : explain SELECT id FROM sbtest5 WHERE id BETWEEN 4846981 AND 4847081
	Index Only Scan using sbtest5_pkey on sbtest5  (cost=0.43..6.43 rows=100 width=4)
	  Index Cond: ((id >= 4846981) AND (id <= 4847081))

table 6 : explain SELECT id FROM sbtest6 WHERE id BETWEEN 4846981 AND 4847081
	Index Only Scan using sbtest6_pkey on sbtest6  (cost=0.43..6.35 rows=96 width=4)
	  Index Cond: ((id >= 4846981) AND (id <= 4847081))

table 7 : explain SELECT id FROM sbtest7 WHERE id BETWEEN 4846981 AND 4847081
	Index Only Scan using sbtest7_pkey on sbtest7  (cost=0.43..6.51 rows=104 width=4)
	  Index Cond: ((id >= 4846981) AND (id <= 4847081))

table 8 : explain SELECT id FROM sbtest8 WHERE id BETWEEN 4846981 AND 4847081
	Index Only Scan using sbtest8_pkey on sbtest8  (cost=0.43..6.19 rows=88 width=4)
	  Index Cond: ((id >= 4846981) AND (id <= 4847081))

for range-covered
table 1 : explain SELECT id FROM sbtest1 WHERE id BETWEEN 3174132 AND 3174232
	Index Only Scan using sbtest1_pkey on sbtest1  (cost=0.43..6.50 rows=103 width=4)
	  Index Cond: ((id >= 3174132) AND (id <= 3174232))

table 2 : explain SELECT id FROM sbtest2 WHERE id BETWEEN 3174132 AND 3174232
	Index Only Scan using sbtest2_pkey on sbtest2  (cost=0.43..6.47 rows=102 width=4)
	  Index Cond: ((id >= 3174132) AND (id <= 3174232))

table 3 : explain SELECT id FROM sbtest3 WHERE id BETWEEN 3174132 AND 3174232
	Index Only Scan using sbtest3_pkey on sbtest3  (cost=0.43..6.50 rows=103 width=4)
	  Index Cond: ((id >= 3174132) AND (id <= 3174232))

table 4 : explain SELECT id FROM sbtest4 WHERE id BETWEEN 3174132 AND 3174232
	Index Only Scan using sbtest4_pkey on sbtest4  (cost=0.43..6.56 rows=106 width=4)
	  Index Cond: ((id >= 3174132) AND (id <= 3174232))

table 5 : explain SELECT id FROM sbtest5 WHERE id BETWEEN 3174132 AND 3174232
	Index Only Scan using sbtest5_pkey on sbtest5  (cost=0.43..6.42 rows=99 width=4)
	  Index Cond: ((id >= 3174132) AND (id <= 3174232))

table 6 : explain SELECT id FROM sbtest6 WHERE id BETWEEN 3174132 AND 3174232
	Index Only Scan using sbtest6_pkey on sbtest6  (cost=0.43..6.29 rows=93 width=4)
	  Index Cond: ((id >= 3174132) AND (id <= 3174232))

table 7 : explain SELECT id FROM sbtest7 WHERE id BETWEEN 3174132 AND 3174232
	Index Only Scan using sbtest7_pkey on sbtest7  (cost=0.43..6.29 rows=93 width=4)
	  Index Cond: ((id >= 3174132) AND (id <= 3174232))

table 8 : explain SELECT id FROM sbtest8 WHERE id BETWEEN 3174132 AND 3174232
	Index Only Scan using sbtest8_pkey on sbtest8  (cost=0.43..6.42 rows=99 width=4)
	  Index Cond: ((id >= 3174132) AND (id <= 3174232))

explain: for range-covered :: explain SELECT id FROM sbtest%d WHERE id BETWEEN 7047149 AND 7047249
explain: for range-covered :: explain SELECT id FROM sbtest%d WHERE id BETWEEN 3667006 AND 3667106
explain: for range-covered :: explain SELECT id FROM sbtest%d WHERE id BETWEEN 5819650 AND 5819750
explain: for range-covered :: explain SELECT id FROM sbtest%d WHERE id BETWEEN 4846981 AND 4847081
for range-covered
table 1 : explain SELECT id FROM sbtest1 WHERE id BETWEEN 7911286 AND 7911386
	Index Only Scan using sbtest1_pkey on sbtest1  (cost=0.43..6.53 rows=105 width=4)
	  Index Cond: ((id >= 7911286) AND (id <= 7911386))

table 2 : explain SELECT id FROM sbtest2 WHERE id BETWEEN 7911286 AND 7911386
	Index Only Scan using sbtest2_pkey on sbtest2  (cost=0.43..6.43 rows=100 width=4)
	  Index Cond: ((id >= 7911286) AND (id <= 7911386))

table 3 : explain SELECT id FROM sbtest3 WHERE id BETWEEN 7911286 AND 7911386
	Index Only Scan using sbtest3_pkey on sbtest3  (cost=0.43..6.42 rows=99 width=4)
	  Index Cond: ((id >= 7911286) AND (id <= 7911386))

table 4 : explain SELECT id FROM sbtest4 WHERE id BETWEEN 7911286 AND 7911386
	Index Only Scan using sbtest4_pkey on sbtest4  (cost=0.43..6.51 rows=104 width=4)
	  Index Cond: ((id >= 7911286) AND (id <= 7911386))

table 5 : explain SELECT id FROM sbtest5 WHERE id BETWEEN 7911286 AND 7911386
	Index Only Scan using sbtest5_pkey on sbtest5  (cost=0.43..6.29 rows=93 width=4)
	  Index Cond: ((id >= 7911286) AND (id <= 7911386))

table 6 : explain SELECT id FROM sbtest6 WHERE id BETWEEN 7911286 AND 7911386
	Index Only Scan using sbtest6_pkey on sbtest6  (cost=0.43..6.40 rows=98 width=4)
	  Index Cond: ((id >= 7911286) AND (id <= 7911386))

table 7 : explain SELECT id FROM sbtest7 WHERE id BETWEEN 7911286 AND 7911386
	Index Only Scan using sbtest7_pkey on sbtest7  (cost=0.43..6.45 rows=101 width=4)
	  Index Cond: ((id >= 7911286) AND (id <= 7911386))

table 8 : explain SELECT id FROM sbtest8 WHERE id BETWEEN 7911286 AND 7911386
	Index Only Scan using sbtest8_pkey on sbtest8  (cost=0.43..6.61 rows=109 width=4)
	  Index Cond: ((id >= 7911286) AND (id <= 7911386))

for range-covered
table 1 : explain SELECT id FROM sbtest1 WHERE id BETWEEN 5713756 AND 5713856
	Index Only Scan using sbtest1_pkey on sbtest1  (cost=0.43..6.50 rows=103 width=4)
	  Index Cond: ((id >= 5713756) AND (id <= 5713856))

table 2 : explain SELECT id FROM sbtest2 WHERE id BETWEEN 5713756 AND 5713856
	Index Only Scan using sbtest2_pkey on sbtest2  (cost=0.43..6.37 rows=97 width=4)
	  Index Cond: ((id >= 5713756) AND (id <= 5713856))

table 3 : explain SELECT id FROM sbtest3 WHERE id BETWEEN 5713756 AND 5713856
	Index Only Scan using sbtest3_pkey on sbtest3  (cost=0.43..6.67 rows=112 width=4)
	  Index Cond: ((id >= 5713756) AND (id <= 5713856))

table 4 : explain SELECT id FROM sbtest4 WHERE id BETWEEN 5713756 AND 5713856
	Index Only Scan using sbtest4_pkey on sbtest4  (cost=0.43..6.37 rows=97 width=4)
	  Index Cond: ((id >= 5713756) AND (id <= 5713856))

table 5 : explain SELECT id FROM sbtest5 WHERE id BETWEEN 5713756 AND 5713856
	Index Only Scan using sbtest5_pkey on sbtest5  (cost=0.43..6.53 rows=105 width=4)
	  Index Cond: ((id >= 5713756) AND (id <= 5713856))

table 6 : explain SELECT id FROM sbtest6 WHERE id BETWEEN 5713756 AND 5713856
	Index Only Scan using sbtest6_pkey on sbtest6  (cost=0.43..6.66 rows=111 width=4)
	  Index Cond: ((id >= 5713756) AND (id <= 5713856))

table 7 : explain SELECT id FROM sbtest7 WHERE id BETWEEN 5713756 AND 5713856
	Index Only Scan using sbtest7_pkey on sbtest7  (cost=0.43..6.40 rows=98 width=4)
	  Index Cond: ((id >= 5713756) AND (id <= 5713856))

table 8 : explain SELECT id FROM sbtest8 WHERE id BETWEEN 5713756 AND 5713856
	Index Only Scan using sbtest8_pkey on sbtest8  (cost=0.43..6.45 rows=101 width=4)
	  Index Cond: ((id >= 5713756) AND (id <= 5713856))

explain: for range-covered :: explain SELECT id FROM sbtest%d WHERE id BETWEEN 3174132 AND 3174232
explain: for range-covered :: explain SELECT id FROM sbtest%d WHERE id BETWEEN 7911286 AND 7911386
for range-covered
table 1 : explain SELECT id FROM sbtest1 WHERE id BETWEEN 770697 AND 770797
	Index Only Scan using sbtest1_pkey on sbtest1  (cost=0.43..6.43 rows=100 width=4)
	  Index Cond: ((id >= 770697) AND (id <= 770797))

table 2 : explain SELECT id FROM sbtest2 WHERE id BETWEEN 770697 AND 770797
	Index Only Scan using sbtest2_pkey on sbtest2  (cost=0.43..6.42 rows=99 width=4)
	  Index Cond: ((id >= 770697) AND (id <= 770797))

table 3 : explain SELECT id FROM sbtest3 WHERE id BETWEEN 770697 AND 770797
	Index Only Scan using sbtest3_pkey on sbtest3  (cost=0.43..6.45 rows=101 width=4)
	  Index Cond: ((id >= 770697) AND (id <= 770797))

table 4 : explain SELECT id FROM sbtest4 WHERE id BETWEEN 770697 AND 770797
	Index Only Scan using sbtest4_pkey on sbtest4  (cost=0.43..6.35 rows=96 width=4)
	  Index Cond: ((id >= 770697) AND (id <= 770797))

table 5 : explain SELECT id FROM sbtest5 WHERE id BETWEEN 770697 AND 770797
	Index Only Scan using sbtest5_pkey on sbtest5  (cost=0.43..6.77 rows=117 width=4)
	  Index Cond: ((id >= 770697) AND (id <= 770797))

table 6 : explain SELECT id FROM sbtest6 WHERE id BETWEEN 770697 AND 770797
	Index Only Scan using sbtest6_pkey on sbtest6  (cost=0.43..6.53 rows=105 width=4)
	  Index Cond: ((id >= 770697) AND (id <= 770797))

table 7 : explain SELECT id FROM sbtest7 WHERE id BETWEEN 770697 AND 770797
	Index Only Scan using sbtest7_pkey on sbtest7  (cost=0.43..6.61 rows=109 width=4)
	  Index Cond: ((id >= 770697) AND (id <= 770797))

table 8 : explain SELECT id FROM sbtest8 WHERE id BETWEEN 770697 AND 770797
	Index Only Scan using sbtest8_pkey on sbtest8  (cost=0.43..6.45 rows=101 width=4)
	  Index Cond: ((id >= 770697) AND (id <= 770797))

for range-covered
table 1 : explain SELECT id FROM sbtest1 WHERE id BETWEEN 7911286 AND 7911386
	Index Only Scan using sbtest1_pkey on sbtest1  (cost=0.43..6.53 rows=105 width=4)
	  Index Cond: ((id >= 7911286) AND (id <= 7911386))

table 2 : explain SELECT id FROM sbtest2 WHERE id BETWEEN 7911286 AND 7911386
	Index Only Scan using sbtest2_pkey on sbtest2  (cost=0.43..6.43 rows=100 width=4)
	  Index Cond: ((id >= 7911286) AND (id <= 7911386))

table 3 : explain SELECT id FROM sbtest3 WHERE id BETWEEN 7911286 AND 7911386
	Index Only Scan using sbtest3_pkey on sbtest3  (cost=0.43..6.42 rows=99 width=4)
	  Index Cond: ((id >= 7911286) AND (id <= 7911386))

table 4 : explain SELECT id FROM sbtest4 WHERE id BETWEEN 7911286 AND 7911386
	Index Only Scan using sbtest4_pkey on sbtest4  (cost=0.43..6.51 rows=104 width=4)
	  Index Cond: ((id >= 7911286) AND (id <= 7911386))

table 5 : explain SELECT id FROM sbtest5 WHERE id BETWEEN 7911286 AND 7911386
	Index Only Scan using sbtest5_pkey on sbtest5  (cost=0.43..6.29 rows=93 width=4)
	  Index Cond: ((id >= 7911286) AND (id <= 7911386))

table 6 : explain SELECT id FROM sbtest6 WHERE id BETWEEN 7911286 AND 7911386
	Index Only Scan using sbtest6_pkey on sbtest6  (cost=0.43..6.40 rows=98 width=4)
	  Index Cond: ((id >= 7911286) AND (id <= 7911386))

table 7 : explain SELECT id FROM sbtest7 WHERE id BETWEEN 7911286 AND 7911386
	Index Only Scan using sbtest7_pkey on sbtest7  (cost=0.43..6.45 rows=101 width=4)
	  Index Cond: ((id >= 7911286) AND (id <= 7911386))

table 8 : explain SELECT id FROM sbtest8 WHERE id BETWEEN 7911286 AND 7911386
	Index Only Scan using sbtest8_pkey on sbtest8  (cost=0.43..6.61 rows=109 width=4)
	  Index Cond: ((id >= 7911286) AND (id <= 7911386))

explain: for range-covered :: explain SELECT id FROM sbtest%d WHERE id BETWEEN 5781107 AND 5781207
explain: for range-covered :: explain SELECT id FROM sbtest%d WHERE id BETWEEN 7839750 AND 7839850
explain: for range-covered :: explain SELECT id FROM sbtest%d WHERE id BETWEEN 770697 AND 770797
for range-covered
table 1 : explain SELECT id FROM sbtest1 WHERE id BETWEEN 7047149 AND 7047249
	Index Only Scan using sbtest1_pkey on sbtest1  (cost=0.43..6.51 rows=104 width=4)
	  Index Cond: ((id >= 7047149) AND (id <= 7047249))

table 2 : explain SELECT id FROM sbtest2 WHERE id BETWEEN 7047149 AND 7047249
	Index Only Scan using sbtest2_pkey on sbtest2  (cost=0.43..6.42 rows=99 width=4)
	  Index Cond: ((id >= 7047149) AND (id <= 7047249))

table 3 : explain SELECT id FROM sbtest3 WHERE id BETWEEN 7047149 AND 7047249
	Index Only Scan using sbtest3_pkey on sbtest3  (cost=0.43..6.45 rows=101 width=4)
	  Index Cond: ((id >= 7047149) AND (id <= 7047249))

table 4 : explain SELECT id FROM sbtest4 WHERE id BETWEEN 7047149 AND 7047249
	Index Only Scan using sbtest4_pkey on sbtest4  (cost=0.43..6.56 rows=106 width=4)
	  Index Cond: ((id >= 7047149) AND (id <= 7047249))

table 5 : explain SELECT id FROM sbtest5 WHERE id BETWEEN 7047149 AND 7047249
	Index Only Scan using sbtest5_pkey on sbtest5  (cost=0.43..6.43 rows=100 width=4)
	  Index Cond: ((id >= 7047149) AND (id <= 7047249))

table 6 : explain SELECT id FROM sbtest6 WHERE id BETWEEN 7047149 AND 7047249
	Index Only Scan using sbtest6_pkey on sbtest6  (cost=0.43..6.33 rows=95 width=4)
	  Index Cond: ((id >= 7047149) AND (id <= 7047249))

table 7 : explain SELECT id FROM sbtest7 WHERE id BETWEEN 7047149 AND 7047249
	Index Only Scan using sbtest7_pkey on sbtest7  (cost=0.43..6.40 rows=98 width=4)
	  Index Cond: ((id >= 7047149) AND (id <= 7047249))

table 8 : explain SELECT id FROM sbtest8 WHERE id BETWEEN 7047149 AND 7047249
	Index Only Scan using sbtest8_pkey on sbtest8  (cost=0.43..6.51 rows=104 width=4)
	  Index Cond: ((id >= 7047149) AND (id <= 7047249))

for range-covered
table 1 : explain SELECT id FROM sbtest1 WHERE id BETWEEN 3174132 AND 3174232
	Index Only Scan using sbtest1_pkey on sbtest1  (cost=0.43..6.50 rows=103 width=4)
	  Index Cond: ((id >= 3174132) AND (id <= 3174232))

table 2 : explain SELECT id FROM sbtest2 WHERE id BETWEEN 3174132 AND 3174232
	Index Only Scan using sbtest2_pkey on sbtest2  (cost=0.43..6.47 rows=102 width=4)
	  Index Cond: ((id >= 3174132) AND (id <= 3174232))

table 3 : explain SELECT id FROM sbtest3 WHERE id BETWEEN 3174132 AND 3174232
	Index Only Scan using sbtest3_pkey on sbtest3  (cost=0.43..6.50 rows=103 width=4)
	  Index Cond: ((id >= 3174132) AND (id <= 3174232))

table 4 : explain SELECT id FROM sbtest4 WHERE id BETWEEN 3174132 AND 3174232
	Index Only Scan using sbtest4_pkey on sbtest4  (cost=0.43..6.56 rows=106 width=4)
	  Index Cond: ((id >= 3174132) AND (id <= 3174232))

table 5 : explain SELECT id FROM sbtest5 WHERE id BETWEEN 3174132 AND 3174232
	Index Only Scan using sbtest5_pkey on sbtest5  (cost=0.43..6.42 rows=99 width=4)
	  Index Cond: ((id >= 3174132) AND (id <= 3174232))

table 6 : explain SELECT id FROM sbtest6 WHERE id BETWEEN 3174132 AND 3174232
	Index Only Scan using sbtest6_pkey on sbtest6  (cost=0.43..6.29 rows=93 width=4)
	  Index Cond: ((id >= 3174132) AND (id <= 3174232))

table 7 : explain SELECT id FROM sbtest7 WHERE id BETWEEN 3174132 AND 3174232
	Index Only Scan using sbtest7_pkey on sbtest7  (cost=0.43..6.29 rows=93 width=4)
	  Index Cond: ((id >= 3174132) AND (id <= 3174232))

table 8 : explain SELECT id FROM sbtest8 WHERE id BETWEEN 3174132 AND 3174232
	Index Only Scan using sbtest8_pkey on sbtest8  (cost=0.43..6.42 rows=99 width=4)
	  Index Cond: ((id >= 3174132) AND (id <= 3174232))
for range-covered
table 1 : explain SELECT id FROM sbtest1 WHERE id BETWEEN 4846981 AND 4847081
	Index Only Scan using sbtest1_pkey on sbtest1  (cost=0.43..6.29 rows=93 width=4)
	  Index Cond: ((id >= 4846981) AND (id <= 4847081))

table 2 : explain SELECT id FROM sbtest2 WHERE id BETWEEN 4846981 AND 4847081
	Index Only Scan using sbtest2_pkey on sbtest2  (cost=0.43..6.27 rows=92 width=4)
	  Index Cond: ((id >= 4846981) AND (id <= 4847081))

table 3 : explain SELECT id FROM sbtest3 WHERE id BETWEEN 4846981 AND 4847081
	Index Only Scan using sbtest3_pkey on sbtest3  (cost=0.43..6.27 rows=92 width=4)
	  Index Cond: ((id >= 4846981) AND (id <= 4847081))

table 4 : explain SELECT id FROM sbtest4 WHERE id BETWEEN 4846981 AND 4847081
	Index Only Scan using sbtest4_pkey on sbtest4  (cost=0.43..6.19 rows=88 width=4)
	  Index Cond: ((id >= 4846981) AND (id <= 4847081))

table 5 : explain SELECT id FROM sbtest5 WHERE id BETWEEN 4846981 AND 4847081
	Index Only Scan using sbtest5_pkey on sbtest5  (cost=0.43..6.43 rows=100 width=4)
	  Index Cond: ((id >= 4846981) AND (id <= 4847081))

table 6 : explain SELECT id FROM sbtest6 WHERE id BETWEEN 4846981 AND 4847081
	Index Only Scan using sbtest6_pkey on sbtest6  (cost=0.43..6.35 rows=96 width=4)
	  Index Cond: ((id >= 4846981) AND (id <= 4847081))

table 7 : explain SELECT id FROM sbtest7 WHERE id BETWEEN 4846981 AND 4847081
	Index Only Scan using sbtest7_pkey on sbtest7  (cost=0.43..6.51 rows=104 width=4)
	  Index Cond: ((id >= 4846981) AND (id <= 4847081))

table 8 : explain SELECT id FROM sbtest8 WHERE id BETWEEN 4846981 AND 4847081
	Index Only Scan using sbtest8_pkey on sbtest8  (cost=0.43..6.19 rows=88 width=4)
	  Index Cond: ((id >= 4846981) AND (id <= 4847081))


for range-covered
table 1 : explain SELECT id FROM sbtest1 WHERE id BETWEEN 3667006 AND 3667106
	Index Only Scan using sbtest1_pkey on sbtest1  (cost=0.43..6.43 rows=100 width=4)
	  Index Cond: ((id >= 3667006) AND (id <= 3667106))

table 2 : explain SELECT id FROM sbtest2 WHERE id BETWEEN 3667006 AND 3667106
	Index Only Scan using sbtest2_pkey on sbtest2  (cost=0.43..6.53 rows=105 width=4)
	  Index Cond: ((id >= 3667006) AND (id <= 3667106))

table 3 : explain SELECT id FROM sbtest3 WHERE id BETWEEN 3667006 AND 3667106
	Index Only Scan using sbtest3_pkey on sbtest3  (cost=0.43..6.59 rows=108 width=4)
	  Index Cond: ((id >= 3667006) AND (id <= 3667106))

table 4 : explain SELECT id FROM sbtest4 WHERE id BETWEEN 3667006 AND 3667106
	Index Only Scan using sbtest4_pkey on sbtest4  (cost=0.43..6.42 rows=99 width=4)
	  Index Cond: ((id >= 3667006) AND (id <= 3667106))

table 5 : explain SELECT id FROM sbtest5 WHERE id BETWEEN 3667006 AND 3667106
	Index Only Scan using sbtest5_pkey on sbtest5  (cost=0.43..6.47 rows=102 width=4)
	  Index Cond: ((id >= 3667006) AND (id <= 3667106))

table 6 : explain SELECT id FROM sbtest6 WHERE id BETWEEN 3667006 AND 3667106
	Index Only Scan using sbtest6_pkey on sbtest6  (cost=0.43..6.32 rows=94 width=4)
	  Index Cond: ((id >= 3667006) AND (id <= 3667106))

table 7 : explain SELECT id FROM sbtest7 WHERE id BETWEEN 3667006 AND 3667106
	Index Only Scan using sbtest7_pkey on sbtest7  (cost=0.43..6.51 rows=104 width=4)
	  Index Cond: ((id >= 3667006) AND (id <= 3667106))

table 8 : explain SELECT id FROM sbtest8 WHERE id BETWEEN 3667006 AND 3667106
	Index Only Scan using sbtest8_pkey on sbtest8  (cost=0.43..6.43 rows=100 width=4)
	  Index Cond: ((id >= 3667006) AND (id <= 3667106))

explain: for range-covered :: explain SELECT id FROM sbtest%d WHERE id BETWEEN 7047149 AND 7047249
explain: for range-covered :: explain SELECT id FROM sbtest%d WHERE id BETWEEN 3174132 AND 3174232
explain: for range-covered :: explain SELECT id FROM sbtest%d WHERE id BETWEEN 4846981 AND 4847081
explain: for range-covered :: explain SELECT id FROM sbtest%d WHERE id BETWEEN 3667006 AND 3667106
explain: for range-covered :: explain SELECT id FROM sbtest%d WHERE id BETWEEN 2571317 AND 2571417
for range-covered
table 1 : explain SELECT id FROM sbtest1 WHERE id BETWEEN 8067908 AND 8068008
	Index Only Scan using sbtest1_pkey on sbtest1  (cost=0.43..6.37 rows=97 width=4)
	  Index Cond: ((id >= 8067908) AND (id <= 8068008))

table 2 : explain SELECT id FROM sbtest2 WHERE id BETWEEN 8067908 AND 8068008
	Index Only Scan using sbtest2_pkey on sbtest2  (cost=0.43..6.45 rows=101 width=4)
	  Index Cond: ((id >= 8067908) AND (id <= 8068008))

table 3 : explain SELECT id FROM sbtest3 WHERE id BETWEEN 8067908 AND 8068008
	Index Only Scan using sbtest3_pkey on sbtest3  (cost=0.43..6.59 rows=108 width=4)
	  Index Cond: ((id >= 8067908) AND (id <= 8068008))

table 4 : explain SELECT id FROM sbtest4 WHERE id BETWEEN 8067908 AND 8068008
	Index Only Scan using sbtest4_pkey on sbtest4  (cost=0.43..6.25 rows=91 width=4)
	  Index Cond: ((id >= 8067908) AND (id <= 8068008))

table 5 : explain SELECT id FROM sbtest5 WHERE id BETWEEN 8067908 AND 8068008
	Index Only Scan using sbtest5_pkey on sbtest5  (cost=0.43..6.51 rows=104 width=4)
	  Index Cond: ((id >= 8067908) AND (id <= 8068008))

table 6 : explain SELECT id FROM sbtest6 WHERE id BETWEEN 8067908 AND 8068008
	Index Only Scan using sbtest6_pkey on sbtest6  (cost=0.43..6.40 rows=98 width=4)
	  Index Cond: ((id >= 8067908) AND (id <= 8068008))

table 7 : explain SELECT id FROM sbtest7 WHERE id BETWEEN 8067908 AND 8068008
	Index Only Scan using sbtest7_pkey on sbtest7  (cost=0.43..6.47 rows=102 width=4)
	  Index Cond: ((id >= 8067908) AND (id <= 8068008))

table 8 : explain SELECT id FROM sbtest8 WHERE id BETWEEN 8067908 AND 8068008
	Index Only Scan using sbtest8_pkey on sbtest8  (cost=0.43..6.56 rows=106 width=4)
	  Index Cond: ((id >= 8067908) AND (id <= 8068008))

for range-covered
table 1 : explain SELECT id FROM sbtest1 WHERE id BETWEEN 770697 AND 770797
	Index Only Scan using sbtest1_pkey on sbtest1  (cost=0.43..6.43 rows=100 width=4)
	  Index Cond: ((id >= 770697) AND (id <= 770797))

table 2 : explain SELECT id FROM sbtest2 WHERE id BETWEEN 770697 AND 770797
	Index Only Scan using sbtest2_pkey on sbtest2  (cost=0.43..6.42 rows=99 width=4)
	  Index Cond: ((id >= 770697) AND (id <= 770797))

table 3 : explain SELECT id FROM sbtest3 WHERE id BETWEEN 770697 AND 770797
	Index Only Scan using sbtest3_pkey on sbtest3  (cost=0.43..6.45 rows=101 width=4)
	  Index Cond: ((id >= 770697) AND (id <= 770797))

table 4 : explain SELECT id FROM sbtest4 WHERE id BETWEEN 770697 AND 770797
	Index Only Scan using sbtest4_pkey on sbtest4  (cost=0.43..6.35 rows=96 width=4)
	  Index Cond: ((id >= 770697) AND (id <= 770797))

table 5 : explain SELECT id FROM sbtest5 WHERE id BETWEEN 770697 AND 770797
	Index Only Scan using sbtest5_pkey on sbtest5  (cost=0.43..6.77 rows=117 width=4)
	  Index Cond: ((id >= 770697) AND (id <= 770797))

table 6 : explain SELECT id FROM sbtest6 WHERE id BETWEEN 770697 AND 770797
	Index Only Scan using sbtest6_pkey on sbtest6  (cost=0.43..6.53 rows=105 width=4)
	  Index Cond: ((id >= 770697) AND (id <= 770797))

table 7 : explain SELECT id FROM sbtest7 WHERE id BETWEEN 770697 AND 770797
	Index Only Scan using sbtest7_pkey on sbtest7  (cost=0.43..6.61 rows=109 width=4)
	  Index Cond: ((id >= 770697) AND (id <= 770797))

table 8 : explain SELECT id FROM sbtest8 WHERE id BETWEEN 770697 AND 770797
	Index Only Scan using sbtest8_pkey on sbtest8  (cost=0.43..6.45 rows=101 width=4)
	  Index Cond: ((id >= 770697) AND (id <= 770797))

explain: for range-covered :: explain SELECT id FROM sbtest%d WHERE id BETWEEN 770697 AND 770797
explain: for range-covered :: explain SELECT id FROM sbtest%d WHERE id BETWEEN 8067908 AND 8068008
for range-covered
table 1 : explain SELECT id FROM sbtest1 WHERE id BETWEEN 4846981 AND 4847081
	Index Only Scan using sbtest1_pkey on sbtest1  (cost=0.43..6.29 rows=93 width=4)
	  Index Cond: ((id >= 4846981) AND (id <= 4847081))

table 2 : explain SELECT id FROM sbtest2 WHERE id BETWEEN 4846981 AND 4847081
	Index Only Scan using sbtest2_pkey on sbtest2  (cost=0.43..6.27 rows=92 width=4)
	  Index Cond: ((id >= 4846981) AND (id <= 4847081))

table 3 : explain SELECT id FROM sbtest3 WHERE id BETWEEN 4846981 AND 4847081
	Index Only Scan using sbtest3_pkey on sbtest3  (cost=0.43..6.27 rows=92 width=4)
	  Index Cond: ((id >= 4846981) AND (id <= 4847081))

table 4 : explain SELECT id FROM sbtest4 WHERE id BETWEEN 4846981 AND 4847081
	Index Only Scan using sbtest4_pkey on sbtest4  (cost=0.43..6.19 rows=88 width=4)
	  Index Cond: ((id >= 4846981) AND (id <= 4847081))

table 5 : explain SELECT id FROM sbtest5 WHERE id BETWEEN 4846981 AND 4847081
	Index Only Scan using sbtest5_pkey on sbtest5  (cost=0.43..6.43 rows=100 width=4)
	  Index Cond: ((id >= 4846981) AND (id <= 4847081))

table 6 : explain SELECT id FROM sbtest6 WHERE id BETWEEN 4846981 AND 4847081
	Index Only Scan using sbtest6_pkey on sbtest6  (cost=0.43..6.35 rows=96 width=4)
	  Index Cond: ((id >= 4846981) AND (id <= 4847081))

table 7 : explain SELECT id FROM sbtest7 WHERE id BETWEEN 4846981 AND 4847081
	Index Only Scan using sbtest7_pkey on sbtest7  (cost=0.43..6.51 rows=104 width=4)
	  Index Cond: ((id >= 4846981) AND (id <= 4847081))

table 8 : explain SELECT id FROM sbtest8 WHERE id BETWEEN 4846981 AND 4847081
	Index Only Scan using sbtest8_pkey on sbtest8  (cost=0.43..6.19 rows=88 width=4)
	  Index Cond: ((id >= 4846981) AND (id <= 4847081))

explain: for range-covered :: explain SELECT id FROM sbtest%d WHERE id BETWEEN 4846981 AND 4847081
for range-covered
table 1 : explain SELECT id FROM sbtest1 WHERE id BETWEEN 7047149 AND 7047249
	Index Only Scan using sbtest1_pkey on sbtest1  (cost=0.43..6.51 rows=104 width=4)
	  Index Cond: ((id >= 7047149) AND (id <= 7047249))

table 2 : explain SELECT id FROM sbtest2 WHERE id BETWEEN 7047149 AND 7047249
	Index Only Scan using sbtest2_pkey on sbtest2  (cost=0.43..6.42 rows=99 width=4)
	  Index Cond: ((id >= 7047149) AND (id <= 7047249))

table 3 : explain SELECT id FROM sbtest3 WHERE id BETWEEN 7047149 AND 7047249
	Index Only Scan using sbtest3_pkey on sbtest3  (cost=0.43..6.45 rows=101 width=4)
	  Index Cond: ((id >= 7047149) AND (id <= 7047249))

table 4 : explain SELECT id FROM sbtest4 WHERE id BETWEEN 7047149 AND 7047249
	Index Only Scan using sbtest4_pkey on sbtest4  (cost=0.43..6.56 rows=106 width=4)
	  Index Cond: ((id >= 7047149) AND (id <= 7047249))

table 5 : explain SELECT id FROM sbtest5 WHERE id BETWEEN 7047149 AND 7047249
	Index Only Scan using sbtest5_pkey on sbtest5  (cost=0.43..6.43 rows=100 width=4)
	  Index Cond: ((id >= 7047149) AND (id <= 7047249))

table 6 : explain SELECT id FROM sbtest6 WHERE id BETWEEN 7047149 AND 7047249
	Index Only Scan using sbtest6_pkey on sbtest6  (cost=0.43..6.33 rows=95 width=4)
	  Index Cond: ((id >= 7047149) AND (id <= 7047249))

table 7 : explain SELECT id FROM sbtest7 WHERE id BETWEEN 7047149 AND 7047249
	Index Only Scan using sbtest7_pkey on sbtest7  (cost=0.43..6.40 rows=98 width=4)
	  Index Cond: ((id >= 7047149) AND (id <= 7047249))

table 8 : explain SELECT id FROM sbtest8 WHERE id BETWEEN 7047149 AND 7047249
	Index Only Scan using sbtest8_pkey on sbtest8  (cost=0.43..6.51 rows=104 width=4)
	  Index Cond: ((id >= 7047149) AND (id <= 7047249))

explain: for range-covered :: explain SELECT id FROM sbtest%d WHERE id BETWEEN 7047149 AND 7047249
explain: for range-covered :: explain SELECT id FROM sbtest%d WHERE id BETWEEN 5678786 AND 5678886
for range-covered
table 1 : explain SELECT id FROM sbtest1 WHERE id BETWEEN 3667006 AND 3667106
	Index Only Scan using sbtest1_pkey on sbtest1  (cost=0.43..6.43 rows=100 width=4)
	  Index Cond: ((id >= 3667006) AND (id <= 3667106))

table 2 : explain SELECT id FROM sbtest2 WHERE id BETWEEN 3667006 AND 3667106
	Index Only Scan using sbtest2_pkey on sbtest2  (cost=0.43..6.53 rows=105 width=4)
	  Index Cond: ((id >= 3667006) AND (id <= 3667106))

table 3 : explain SELECT id FROM sbtest3 WHERE id BETWEEN 3667006 AND 3667106
	Index Only Scan using sbtest3_pkey on sbtest3  (cost=0.43..6.59 rows=108 width=4)
	  Index Cond: ((id >= 3667006) AND (id <= 3667106))

table 4 : explain SELECT id FROM sbtest4 WHERE id BETWEEN 3667006 AND 3667106
	Index Only Scan using sbtest4_pkey on sbtest4  (cost=0.43..6.42 rows=99 width=4)
	  Index Cond: ((id >= 3667006) AND (id <= 3667106))

table 5 : explain SELECT id FROM sbtest5 WHERE id BETWEEN 3667006 AND 3667106
	Index Only Scan using sbtest5_pkey on sbtest5  (cost=0.43..6.47 rows=102 width=4)
	  Index Cond: ((id >= 3667006) AND (id <= 3667106))

table 6 : explain SELECT id FROM sbtest6 WHERE id BETWEEN 3667006 AND 3667106
	Index Only Scan using sbtest6_pkey on sbtest6  (cost=0.43..6.32 rows=94 width=4)
	  Index Cond: ((id >= 3667006) AND (id <= 3667106))

table 7 : explain SELECT id FROM sbtest7 WHERE id BETWEEN 3667006 AND 3667106
	Index Only Scan using sbtest7_pkey on sbtest7  (cost=0.43..6.51 rows=104 width=4)
	  Index Cond: ((id >= 3667006) AND (id <= 3667106))

table 8 : explain SELECT id FROM sbtest8 WHERE id BETWEEN 3667006 AND 3667106
	Index Only Scan using sbtest8_pkey on sbtest8  (cost=0.43..6.43 rows=100 width=4)
	  Index Cond: ((id >= 3667006) AND (id <= 3667106))

explain: for range-covered :: explain SELECT id FROM sbtest%d WHERE id BETWEEN 3667006 AND 3667106
for range-covered
table 1 : explain SELECT id FROM sbtest1 WHERE id BETWEEN 247417 AND 247517
	Index Only Scan using sbtest1_pkey on sbtest1  (cost=0.43..6.43 rows=100 width=4)
	  Index Cond: ((id >= 247417) AND (id <= 247517))

table 2 : explain SELECT id FROM sbtest2 WHERE id BETWEEN 247417 AND 247517
	Index Only Scan using sbtest2_pkey on sbtest2  (cost=0.43..6.58 rows=107 width=4)
	  Index Cond: ((id >= 247417) AND (id <= 247517))

table 3 : explain SELECT id FROM sbtest3 WHERE id BETWEEN 247417 AND 247517
	Index Only Scan using sbtest3_pkey on sbtest3  (cost=0.43..6.33 rows=95 width=4)
	  Index Cond: ((id >= 247417) AND (id <= 247517))

table 4 : explain SELECT id FROM sbtest4 WHERE id BETWEEN 247417 AND 247517
	Index Only Scan using sbtest4_pkey on sbtest4  (cost=0.43..6.21 rows=89 width=4)
	  Index Cond: ((id >= 247417) AND (id <= 247517))

table 5 : explain SELECT id FROM sbtest5 WHERE id BETWEEN 247417 AND 247517
	Index Only Scan using sbtest5_pkey on sbtest5  (cost=0.43..6.25 rows=91 width=4)
	  Index Cond: ((id >= 247417) AND (id <= 247517))

table 6 : explain SELECT id FROM sbtest6 WHERE id BETWEEN 247417 AND 247517
	Index Only Scan using sbtest6_pkey on sbtest6  (cost=0.43..6.58 rows=107 width=4)
	  Index Cond: ((id >= 247417) AND (id <= 247517))

table 7 : explain SELECT id FROM sbtest7 WHERE id BETWEEN 247417 AND 247517
	Index Only Scan using sbtest7_pkey on sbtest7  (cost=0.43..6.69 rows=113 width=4)
	  Index Cond: ((id >= 247417) AND (id <= 247517))

table 8 : explain SELECT id FROM sbtest8 WHERE id BETWEEN 247417 AND 247517
	Index Only Scan using sbtest8_pkey on sbtest8  (cost=0.43..6.47 rows=102 width=4)
	  Index Cond: ((id >= 247417) AND (id <= 247517))

explain: for range-covered :: explain SELECT id FROM sbtest%d WHERE id BETWEEN 247417 AND 247517
for range-covered
table 1 : explain SELECT id FROM sbtest1 WHERE id BETWEEN 770697 AND 770797
	Index Only Scan using sbtest1_pkey on sbtest1  (cost=0.43..6.43 rows=100 width=4)
	  Index Cond: ((id >= 770697) AND (id <= 770797))

table 2 : explain SELECT id FROM sbtest2 WHERE id BETWEEN 770697 AND 770797
	Index Only Scan using sbtest2_pkey on sbtest2  (cost=0.43..6.42 rows=99 width=4)
	  Index Cond: ((id >= 770697) AND (id <= 770797))

table 3 : explain SELECT id FROM sbtest3 WHERE id BETWEEN 770697 AND 770797
	Index Only Scan using sbtest3_pkey on sbtest3  (cost=0.43..6.45 rows=101 width=4)
	  Index Cond: ((id >= 770697) AND (id <= 770797))

table 4 : explain SELECT id FROM sbtest4 WHERE id BETWEEN 770697 AND 770797
	Index Only Scan using sbtest4_pkey on sbtest4  (cost=0.43..6.35 rows=96 width=4)
	  Index Cond: ((id >= 770697) AND (id <= 770797))

table 5 : explain SELECT id FROM sbtest5 WHERE id BETWEEN 770697 AND 770797
	Index Only Scan using sbtest5_pkey on sbtest5  (cost=0.43..6.77 rows=117 width=4)
	  Index Cond: ((id >= 770697) AND (id <= 770797))

table 6 : explain SELECT id FROM sbtest6 WHERE id BETWEEN 770697 AND 770797
	Index Only Scan using sbtest6_pkey on sbtest6  (cost=0.43..6.53 rows=105 width=4)
	  Index Cond: ((id >= 770697) AND (id <= 770797))

table 7 : explain SELECT id FROM sbtest7 WHERE id BETWEEN 770697 AND 770797
	Index Only Scan using sbtest7_pkey on sbtest7  (cost=0.43..6.61 rows=109 width=4)
	  Index Cond: ((id >= 770697) AND (id <= 770797))

table 8 : explain SELECT id FROM sbtest8 WHERE id BETWEEN 770697 AND 770797
	Index Only Scan using sbtest8_pkey on sbtest8  (cost=0.43..6.45 rows=101 width=4)
	  Index Cond: ((id >= 770697) AND (id <= 770797))

for range-covered
table 1 : explain SELECT id FROM sbtest1 WHERE id BETWEEN 3667006 AND 3667106
	Index Only Scan using sbtest1_pkey on sbtest1  (cost=0.43..6.43 rows=100 width=4)
	  Index Cond: ((id >= 3667006) AND (id <= 3667106))

table 2 : explain SELECT id FROM sbtest2 WHERE id BETWEEN 3667006 AND 3667106
	Index Only Scan using sbtest2_pkey on sbtest2  (cost=0.43..6.53 rows=105 width=4)
	  Index Cond: ((id >= 3667006) AND (id <= 3667106))

table 3 : explain SELECT id FROM sbtest3 WHERE id BETWEEN 3667006 AND 3667106
	Index Only Scan using sbtest3_pkey on sbtest3  (cost=0.43..6.59 rows=108 width=4)
	  Index Cond: ((id >= 3667006) AND (id <= 3667106))

table 4 : explain SELECT id FROM sbtest4 WHERE id BETWEEN 3667006 AND 3667106
	Index Only Scan using sbtest4_pkey on sbtest4  (cost=0.43..6.42 rows=99 width=4)
	  Index Cond: ((id >= 3667006) AND (id <= 3667106))

table 5 : explain SELECT id FROM sbtest5 WHERE id BETWEEN 3667006 AND 3667106
	Index Only Scan using sbtest5_pkey on sbtest5  (cost=0.43..6.47 rows=102 width=4)
	  Index Cond: ((id >= 3667006) AND (id <= 3667106))

table 6 : explain SELECT id FROM sbtest6 WHERE id BETWEEN 3667006 AND 3667106
	Index Only Scan using sbtest6_pkey on sbtest6  (cost=0.43..6.32 rows=94 width=4)
	  Index Cond: ((id >= 3667006) AND (id <= 3667106))

table 7 : explain SELECT id FROM sbtest7 WHERE id BETWEEN 3667006 AND 3667106
	Index Only Scan using sbtest7_pkey on sbtest7  (cost=0.43..6.51 rows=104 width=4)
	  Index Cond: ((id >= 3667006) AND (id <= 3667106))

table 8 : explain SELECT id FROM sbtest8 WHERE id BETWEEN 3667006 AND 3667106
	Index Only Scan using sbtest8_pkey on sbtest8  (cost=0.43..6.43 rows=100 width=4)
	  Index Cond: ((id >= 3667006) AND (id <= 3667106))

explain: for range-covered :: explain SELECT id FROM sbtest%d WHERE id BETWEEN 770697 AND 770797
explain: for range-covered :: explain SELECT id FROM sbtest%d WHERE id BETWEEN 3308156 AND 3308256
explain: for range-covered :: explain SELECT id FROM sbtest%d WHERE id BETWEEN 3667006 AND 3667106
for range-covered
table 1 : explain SELECT id FROM sbtest1 WHERE id BETWEEN 247417 AND 247517
	Index Only Scan using sbtest1_pkey on sbtest1  (cost=0.43..6.43 rows=100 width=4)
	  Index Cond: ((id >= 247417) AND (id <= 247517))

table 2 : explain SELECT id FROM sbtest2 WHERE id BETWEEN 247417 AND 247517
	Index Only Scan using sbtest2_pkey on sbtest2  (cost=0.43..6.58 rows=107 width=4)
	  Index Cond: ((id >= 247417) AND (id <= 247517))

table 3 : explain SELECT id FROM sbtest3 WHERE id BETWEEN 247417 AND 247517
	Index Only Scan using sbtest3_pkey on sbtest3  (cost=0.43..6.33 rows=95 width=4)
	  Index Cond: ((id >= 247417) AND (id <= 247517))

table 4 : explain SELECT id FROM sbtest4 WHERE id BETWEEN 247417 AND 247517
	Index Only Scan using sbtest4_pkey on sbtest4  (cost=0.43..6.21 rows=89 width=4)
	  Index Cond: ((id >= 247417) AND (id <= 247517))

table 5 : explain SELECT id FROM sbtest5 WHERE id BETWEEN 247417 AND 247517
	Index Only Scan using sbtest5_pkey on sbtest5  (cost=0.43..6.25 rows=91 width=4)
	  Index Cond: ((id >= 247417) AND (id <= 247517))

table 6 : explain SELECT id FROM sbtest6 WHERE id BETWEEN 247417 AND 247517
	Index Only Scan using sbtest6_pkey on sbtest6  (cost=0.43..6.58 rows=107 width=4)
	  Index Cond: ((id >= 247417) AND (id <= 247517))

table 7 : explain SELECT id FROM sbtest7 WHERE id BETWEEN 247417 AND 247517
	Index Only Scan using sbtest7_pkey on sbtest7  (cost=0.43..6.69 rows=113 width=4)
	  Index Cond: ((id >= 247417) AND (id <= 247517))

table 8 : explain SELECT id FROM sbtest8 WHERE id BETWEEN 247417 AND 247517
	Index Only Scan using sbtest8_pkey on sbtest8  (cost=0.43..6.47 rows=102 width=4)
	  Index Cond: ((id >= 247417) AND (id <= 247517))

explain: for range-covered :: explain SELECT id FROM sbtest%d WHERE id BETWEEN 247417 AND 247517
for range-covered
table 1 : explain SELECT id FROM sbtest1 WHERE id BETWEEN 7839750 AND 7839850
	Index Only Scan using sbtest1_pkey on sbtest1  (cost=0.43..6.35 rows=96 width=4)
	  Index Cond: ((id >= 7839750) AND (id <= 7839850))

table 2 : explain SELECT id FROM sbtest2 WHERE id BETWEEN 7839750 AND 7839850
	Index Only Scan using sbtest2_pkey on sbtest2  (cost=0.43..6.27 rows=92 width=4)
	  Index Cond: ((id >= 7839750) AND (id <= 7839850))

table 3 : explain SELECT id FROM sbtest3 WHERE id BETWEEN 7839750 AND 7839850
	Index Only Scan using sbtest3_pkey on sbtest3  (cost=0.43..6.40 rows=98 width=4)
	  Index Cond: ((id >= 7839750) AND (id <= 7839850))

table 4 : explain SELECT id FROM sbtest4 WHERE id BETWEEN 7839750 AND 7839850
	Index Only Scan using sbtest4_pkey on sbtest4  (cost=0.43..6.51 rows=104 width=4)
	  Index Cond: ((id >= 7839750) AND (id <= 7839850))

table 5 : explain SELECT id FROM sbtest5 WHERE id BETWEEN 7839750 AND 7839850
	Index Only Scan using sbtest5_pkey on sbtest5  (cost=0.43..6.29 rows=93 width=4)
	  Index Cond: ((id >= 7839750) AND (id <= 7839850))

table 6 : explain SELECT id FROM sbtest6 WHERE id BETWEEN 7839750 AND 7839850
	Index Only Scan using sbtest6_pkey on sbtest6  (cost=0.43..6.33 rows=95 width=4)
	  Index Cond: ((id >= 7839750) AND (id <= 7839850))

table 7 : explain SELECT id FROM sbtest7 WHERE id BETWEEN 7839750 AND 7839850
	Index Only Scan using sbtest7_pkey on sbtest7  (cost=0.43..6.53 rows=105 width=4)
	  Index Cond: ((id >= 7839750) AND (id <= 7839850))

table 8 : explain SELECT id FROM sbtest8 WHERE id BETWEEN 7839750 AND 7839850
	Index Only Scan using sbtest8_pkey on sbtest8  (cost=0.43..6.42 rows=99 width=4)
	  Index Cond: ((id >= 7839750) AND (id <= 7839850))

for range-covered
table 1 : explain SELECT id FROM sbtest1 WHERE id BETWEEN 7047149 AND 7047249
	Index Only Scan using sbtest1_pkey on sbtest1  (cost=0.43..6.51 rows=104 width=4)
	  Index Cond: ((id >= 7047149) AND (id <= 7047249))

table 2 : explain SELECT id FROM sbtest2 WHERE id BETWEEN 7047149 AND 7047249
	Index Only Scan using sbtest2_pkey on sbtest2  (cost=0.43..6.42 rows=99 width=4)
	  Index Cond: ((id >= 7047149) AND (id <= 7047249))

table 3 : explain SELECT id FROM sbtest3 WHERE id BETWEEN 7047149 AND 7047249
	Index Only Scan using sbtest3_pkey on sbtest3  (cost=0.43..6.45 rows=101 width=4)
	  Index Cond: ((id >= 7047149) AND (id <= 7047249))

table 4 : explain SELECT id FROM sbtest4 WHERE id BETWEEN 7047149 AND 7047249
	Index Only Scan using sbtest4_pkey on sbtest4  (cost=0.43..6.56 rows=106 width=4)
	  Index Cond: ((id >= 7047149) AND (id <= 7047249))

table 5 : explain SELECT id FROM sbtest5 WHERE id BETWEEN 7047149 AND 7047249
	Index Only Scan using sbtest5_pkey on sbtest5  (cost=0.43..6.43 rows=100 width=4)
	  Index Cond: ((id >= 7047149) AND (id <= 7047249))

table 6 : explain SELECT id FROM sbtest6 WHERE id BETWEEN 7047149 AND 7047249
	Index Only Scan using sbtest6_pkey on sbtest6  (cost=0.43..6.33 rows=95 width=4)
	  Index Cond: ((id >= 7047149) AND (id <= 7047249))

table 7 : explain SELECT id FROM sbtest7 WHERE id BETWEEN 7047149 AND 7047249
	Index Only Scan using sbtest7_pkey on sbtest7  (cost=0.43..6.40 rows=98 width=4)
	  Index Cond: ((id >= 7047149) AND (id <= 7047249))

table 8 : explain SELECT id FROM sbtest8 WHERE id BETWEEN 7047149 AND 7047249
	Index Only Scan using sbtest8_pkey on sbtest8  (cost=0.43..6.51 rows=104 width=4)
	  Index Cond: ((id >= 7047149) AND (id <= 7047249))

for range-covered
table 1 : explain SELECT id FROM sbtest1 WHERE id BETWEEN 3174132 AND 3174232
	Index Only Scan using sbtest1_pkey on sbtest1  (cost=0.43..6.50 rows=103 width=4)
	  Index Cond: ((id >= 3174132) AND (id <= 3174232))

table 2 : explain SELECT id FROM sbtest2 WHERE id BETWEEN 3174132 AND 3174232
	Index Only Scan using sbtest2_pkey on sbtest2  (cost=0.43..6.47 rows=102 width=4)
	  Index Cond: ((id >= 3174132) AND (id <= 3174232))

table 3 : explain SELECT id FROM sbtest3 WHERE id BETWEEN 3174132 AND 3174232
	Index Only Scan using sbtest3_pkey on sbtest3  (cost=0.43..6.50 rows=103 width=4)
	  Index Cond: ((id >= 3174132) AND (id <= 3174232))

table 4 : explain SELECT id FROM sbtest4 WHERE id BETWEEN 3174132 AND 3174232
	Index Only Scan using sbtest4_pkey on sbtest4  (cost=0.43..6.56 rows=106 width=4)
	  Index Cond: ((id >= 3174132) AND (id <= 3174232))

table 5 : explain SELECT id FROM sbtest5 WHERE id BETWEEN 3174132 AND 3174232
	Index Only Scan using sbtest5_pkey on sbtest5  (cost=0.43..6.42 rows=99 width=4)
	  Index Cond: ((id >= 3174132) AND (id <= 3174232))

table 6 : explain SELECT id FROM sbtest6 WHERE id BETWEEN 3174132 AND 3174232
	Index Only Scan using sbtest6_pkey on sbtest6  (cost=0.43..6.29 rows=93 width=4)
	  Index Cond: ((id >= 3174132) AND (id <= 3174232))

table 7 : explain SELECT id FROM sbtest7 WHERE id BETWEEN 3174132 AND 3174232
	Index Only Scan using sbtest7_pkey on sbtest7  (cost=0.43..6.29 rows=93 width=4)
	  Index Cond: ((id >= 3174132) AND (id <= 3174232))

table 8 : explain SELECT id FROM sbtest8 WHERE id BETWEEN 3174132 AND 3174232
	Index Only Scan using sbtest8_pkey on sbtest8  (cost=0.43..6.42 rows=99 width=4)
	  Index Cond: ((id >= 3174132) AND (id <= 3174232))

for range-covered
table 1 : explain SELECT id FROM sbtest1 WHERE id BETWEEN 4846981 AND 4847081
	Index Only Scan using sbtest1_pkey on sbtest1  (cost=0.43..6.29 rows=93 width=4)
	  Index Cond: ((id >= 4846981) AND (id <= 4847081))

table 2 : explain SELECT id FROM sbtest2 WHERE id BETWEEN 4846981 AND 4847081
	Index Only Scan using sbtest2_pkey on sbtest2  (cost=0.43..6.27 rows=92 width=4)
	  Index Cond: ((id >= 4846981) AND (id <= 4847081))

table 3 : explain SELECT id FROM sbtest3 WHERE id BETWEEN 4846981 AND 4847081
	Index Only Scan using sbtest3_pkey on sbtest3  (cost=0.43..6.27 rows=92 width=4)
	  Index Cond: ((id >= 4846981) AND (id <= 4847081))

table 4 : explain SELECT id FROM sbtest4 WHERE id BETWEEN 4846981 AND 4847081
	Index Only Scan using sbtest4_pkey on sbtest4  (cost=0.43..6.19 rows=88 width=4)
	  Index Cond: ((id >= 4846981) AND (id <= 4847081))

table 5 : explain SELECT id FROM sbtest5 WHERE id BETWEEN 4846981 AND 4847081
	Index Only Scan using sbtest5_pkey on sbtest5  (cost=0.43..6.43 rows=100 width=4)
	  Index Cond: ((id >= 4846981) AND (id <= 4847081))

table 6 : explain SELECT id FROM sbtest6 WHERE id BETWEEN 4846981 AND 4847081
	Index Only Scan using sbtest6_pkey on sbtest6  (cost=0.43..6.35 rows=96 width=4)
	  Index Cond: ((id >= 4846981) AND (id <= 4847081))

table 7 : explain SELECT id FROM sbtest7 WHERE id BETWEEN 4846981 AND 4847081
	Index Only Scan using sbtest7_pkey on sbtest7  (cost=0.43..6.51 rows=104 width=4)
	  Index Cond: ((id >= 4846981) AND (id <= 4847081))

table 8 : explain SELECT id FROM sbtest8 WHERE id BETWEEN 4846981 AND 4847081
	Index Only Scan using sbtest8_pkey on sbtest8  (cost=0.43..6.19 rows=88 width=4)
	  Index Cond: ((id >= 4846981) AND (id <= 4847081))

explain: for range-covered :: explain SELECT id FROM sbtest%d WHERE id BETWEEN 7839750 AND 7839850
explain: for range-covered :: explain SELECT id FROM sbtest%d WHERE id BETWEEN 3174132 AND 3174232
explain: for range-covered :: explain SELECT id FROM sbtest%d WHERE id BETWEEN 7047149 AND 7047249
explain: for range-covered :: explain SELECT id FROM sbtest%d WHERE id BETWEEN 4846981 AND 4847081
explain: for range-covered :: explain SELECT id FROM sbtest%d WHERE id BETWEEN 4164183 AND 4164283
explain: for range-covered :: explain SELECT id FROM sbtest%d WHERE id BETWEEN 5452586 AND 5452686
for range-covered
table 1 : explain SELECT id FROM sbtest1 WHERE id BETWEEN 247417 AND 247517
	Index Only Scan using sbtest1_pkey on sbtest1  (cost=0.43..6.43 rows=100 width=4)
	  Index Cond: ((id >= 247417) AND (id <= 247517))

table 2 : explain SELECT id FROM sbtest2 WHERE id BETWEEN 247417 AND 247517
	Index Only Scan using sbtest2_pkey on sbtest2  (cost=0.43..6.58 rows=107 width=4)
	  Index Cond: ((id >= 247417) AND (id <= 247517))

table 3 : explain SELECT id FROM sbtest3 WHERE id BETWEEN 247417 AND 247517
	Index Only Scan using sbtest3_pkey on sbtest3  (cost=0.43..6.33 rows=95 width=4)
	  Index Cond: ((id >= 247417) AND (id <= 247517))

table 4 : explain SELECT id FROM sbtest4 WHERE id BETWEEN 247417 AND 247517
	Index Only Scan using sbtest4_pkey on sbtest4  (cost=0.43..6.21 rows=89 width=4)
	  Index Cond: ((id >= 247417) AND (id <= 247517))

table 5 : explain SELECT id FROM sbtest5 WHERE id BETWEEN 247417 AND 247517
	Index Only Scan using sbtest5_pkey on sbtest5  (cost=0.43..6.25 rows=91 width=4)
	  Index Cond: ((id >= 247417) AND (id <= 247517))

table 6 : explain SELECT id FROM sbtest6 WHERE id BETWEEN 247417 AND 247517
	Index Only Scan using sbtest6_pkey on sbtest6  (cost=0.43..6.58 rows=107 width=4)
	  Index Cond: ((id >= 247417) AND (id <= 247517))

table 7 : explain SELECT id FROM sbtest7 WHERE id BETWEEN 247417 AND 247517
	Index Only Scan using sbtest7_pkey on sbtest7  (cost=0.43..6.69 rows=113 width=4)
	  Index Cond: ((id >= 247417) AND (id <= 247517))

table 8 : explain SELECT id FROM sbtest8 WHERE id BETWEEN 247417 AND 247517
	Index Only Scan using sbtest8_pkey on sbtest8  (cost=0.43..6.47 rows=102 width=4)
	  Index Cond: ((id >= 247417) AND (id <= 247517))

explain: for range-covered :: explain SELECT id FROM sbtest%d WHERE id BETWEEN 247417 AND 247517
for range-covered
table 1 : explain SELECT id FROM sbtest1 WHERE id BETWEEN 3667006 AND 3667106
	Index Only Scan using sbtest1_pkey on sbtest1  (cost=0.43..6.43 rows=100 width=4)
	  Index Cond: ((id >= 3667006) AND (id <= 3667106))

table 2 : explain SELECT id FROM sbtest2 WHERE id BETWEEN 3667006 AND 3667106
	Index Only Scan using sbtest2_pkey on sbtest2  (cost=0.43..6.53 rows=105 width=4)
	  Index Cond: ((id >= 3667006) AND (id <= 3667106))

table 3 : explain SELECT id FROM sbtest3 WHERE id BETWEEN 3667006 AND 3667106
	Index Only Scan using sbtest3_pkey on sbtest3  (cost=0.43..6.59 rows=108 width=4)
	  Index Cond: ((id >= 3667006) AND (id <= 3667106))

table 4 : explain SELECT id FROM sbtest4 WHERE id BETWEEN 3667006 AND 3667106
	Index Only Scan using sbtest4_pkey on sbtest4  (cost=0.43..6.42 rows=99 width=4)
	  Index Cond: ((id >= 3667006) AND (id <= 3667106))

table 5 : explain SELECT id FROM sbtest5 WHERE id BETWEEN 3667006 AND 3667106
	Index Only Scan using sbtest5_pkey on sbtest5  (cost=0.43..6.47 rows=102 width=4)
	  Index Cond: ((id >= 3667006) AND (id <= 3667106))

table 6 : explain SELECT id FROM sbtest6 WHERE id BETWEEN 3667006 AND 3667106
	Index Only Scan using sbtest6_pkey on sbtest6  (cost=0.43..6.32 rows=94 width=4)
	  Index Cond: ((id >= 3667006) AND (id <= 3667106))

table 7 : explain SELECT id FROM sbtest7 WHERE id BETWEEN 3667006 AND 3667106
	Index Only Scan using sbtest7_pkey on sbtest7  (cost=0.43..6.51 rows=104 width=4)
	  Index Cond: ((id >= 3667006) AND (id <= 3667106))

table 8 : explain SELECT id FROM sbtest8 WHERE id BETWEEN 3667006 AND 3667106
	Index Only Scan using sbtest8_pkey on sbtest8  (cost=0.43..6.43 rows=100 width=4)
	  Index Cond: ((id >= 3667006) AND (id <= 3667106))

for range-covered
table 1 : explain SELECT id FROM sbtest1 WHERE id BETWEEN 5678786 AND 5678886
	Index Only Scan using sbtest1_pkey on sbtest1  (cost=0.43..6.50 rows=103 width=4)
	  Index Cond: ((id >= 5678786) AND (id <= 5678886))

table 2 : explain SELECT id FROM sbtest2 WHERE id BETWEEN 5678786 AND 5678886
	Index Only Scan using sbtest2_pkey on sbtest2  (cost=0.43..6.37 rows=97 width=4)
	  Index Cond: ((id >= 5678786) AND (id <= 5678886))

table 3 : explain SELECT id FROM sbtest3 WHERE id BETWEEN 5678786 AND 5678886
	Index Only Scan using sbtest3_pkey on sbtest3  (cost=0.43..6.53 rows=105 width=4)
	  Index Cond: ((id >= 5678786) AND (id <= 5678886))

table 4 : explain SELECT id FROM sbtest4 WHERE id BETWEEN 5678786 AND 5678886
	Index Only Scan using sbtest4_pkey on sbtest4  (cost=0.43..6.63 rows=110 width=4)
	  Index Cond: ((id >= 5678786) AND (id <= 5678886))

table 5 : explain SELECT id FROM sbtest5 WHERE id BETWEEN 5678786 AND 5678886
	Index Only Scan using sbtest5_pkey on sbtest5  (cost=0.43..6.53 rows=105 width=4)
	  Index Cond: ((id >= 5678786) AND (id <= 5678886))

table 6 : explain SELECT id FROM sbtest6 WHERE id BETWEEN 5678786 AND 5678886
	Index Only Scan using sbtest6_pkey on sbtest6  (cost=0.43..6.58 rows=107 width=4)
	  Index Cond: ((id >= 5678786) AND (id <= 5678886))

table 7 : explain SELECT id FROM sbtest7 WHERE id BETWEEN 5678786 AND 5678886
	Index Only Scan using sbtest7_pkey on sbtest7  (cost=0.43..6.47 rows=102 width=4)
	  Index Cond: ((id >= 5678786) AND (id <= 5678886))

table 8 : explain SELECT id FROM sbtest8 WHERE id BETWEEN 5678786 AND 5678886
	Index Only Scan using sbtest8_pkey on sbtest8  (cost=0.43..6.63 rows=110 width=4)
	  Index Cond: ((id >= 5678786) AND (id <= 5678886))

explain: for range-covered :: explain SELECT id FROM sbtest%d WHERE id BETWEEN 5678786 AND 5678886
for range-covered
table 1 : explain SELECT id FROM sbtest1 WHERE id BETWEEN 8067908 AND 8068008
	Index Only Scan using sbtest1_pkey on sbtest1  (cost=0.43..6.37 rows=97 width=4)
	  Index Cond: ((id >= 8067908) AND (id <= 8068008))

table 2 : explain SELECT id FROM sbtest2 WHERE id BETWEEN 8067908 AND 8068008
	Index Only Scan using sbtest2_pkey on sbtest2  (cost=0.43..6.45 rows=101 width=4)
	  Index Cond: ((id >= 8067908) AND (id <= 8068008))

table 3 : explain SELECT id FROM sbtest3 WHERE id BETWEEN 8067908 AND 8068008
	Index Only Scan using sbtest3_pkey on sbtest3  (cost=0.43..6.59 rows=108 width=4)
	  Index Cond: ((id >= 8067908) AND (id <= 8068008))

table 4 : explain SELECT id FROM sbtest4 WHERE id BETWEEN 8067908 AND 8068008
	Index Only Scan using sbtest4_pkey on sbtest4  (cost=0.43..6.25 rows=91 width=4)
	  Index Cond: ((id >= 8067908) AND (id <= 8068008))

table 5 : explain SELECT id FROM sbtest5 WHERE id BETWEEN 8067908 AND 8068008
	Index Only Scan using sbtest5_pkey on sbtest5  (cost=0.43..6.51 rows=104 width=4)
	  Index Cond: ((id >= 8067908) AND (id <= 8068008))

table 6 : explain SELECT id FROM sbtest6 WHERE id BETWEEN 8067908 AND 8068008
	Index Only Scan using sbtest6_pkey on sbtest6  (cost=0.43..6.40 rows=98 width=4)
	  Index Cond: ((id >= 8067908) AND (id <= 8068008))

table 7 : explain SELECT id FROM sbtest7 WHERE id BETWEEN 8067908 AND 8068008
	Index Only Scan using sbtest7_pkey on sbtest7  (cost=0.43..6.47 rows=102 width=4)
	  Index Cond: ((id >= 8067908) AND (id <= 8068008))

table 8 : explain SELECT id FROM sbtest8 WHERE id BETWEEN 8067908 AND 8068008
	Index Only Scan using sbtest8_pkey on sbtest8  (cost=0.43..6.56 rows=106 width=4)
	  Index Cond: ((id >= 8067908) AND (id <= 8068008))

explain: for range-covered :: explain SELECT id FROM sbtest%d WHERE id BETWEEN 3667006 AND 3667106
explain: for range-covered :: explain SELECT id FROM sbtest%d WHERE id BETWEEN 8067908 AND 8068008
explain: for range-covered :: explain SELECT id FROM sbtest%d WHERE id BETWEEN 4939139 AND 4939239
for range-covered
table 1 : explain SELECT id FROM sbtest1 WHERE id BETWEEN 247417 AND 247517
	Index Only Scan using sbtest1_pkey on sbtest1  (cost=0.43..6.43 rows=100 width=4)
	  Index Cond: ((id >= 247417) AND (id <= 247517))

table 2 : explain SELECT id FROM sbtest2 WHERE id BETWEEN 247417 AND 247517
	Index Only Scan using sbtest2_pkey on sbtest2  (cost=0.43..6.58 rows=107 width=4)
	  Index Cond: ((id >= 247417) AND (id <= 247517))

table 3 : explain SELECT id FROM sbtest3 WHERE id BETWEEN 247417 AND 247517
	Index Only Scan using sbtest3_pkey on sbtest3  (cost=0.43..6.33 rows=95 width=4)
	  Index Cond: ((id >= 247417) AND (id <= 247517))

table 4 : explain SELECT id FROM sbtest4 WHERE id BETWEEN 247417 AND 247517
	Index Only Scan using sbtest4_pkey on sbtest4  (cost=0.43..6.21 rows=89 width=4)
	  Index Cond: ((id >= 247417) AND (id <= 247517))

table 5 : explain SELECT id FROM sbtest5 WHERE id BETWEEN 247417 AND 247517
	Index Only Scan using sbtest5_pkey on sbtest5  (cost=0.43..6.25 rows=91 width=4)
	  Index Cond: ((id >= 247417) AND (id <= 247517))

table 6 : explain SELECT id FROM sbtest6 WHERE id BETWEEN 247417 AND 247517
	Index Only Scan using sbtest6_pkey on sbtest6  (cost=0.43..6.58 rows=107 width=4)
	  Index Cond: ((id >= 247417) AND (id <= 247517))

table 7 : explain SELECT id FROM sbtest7 WHERE id BETWEEN 247417 AND 247517
	Index Only Scan using sbtest7_pkey on sbtest7  (cost=0.43..6.69 rows=113 width=4)
	  Index Cond: ((id >= 247417) AND (id <= 247517))

table 8 : explain SELECT id FROM sbtest8 WHERE id BETWEEN 247417 AND 247517
	Index Only Scan using sbtest8_pkey on sbtest8  (cost=0.43..6.47 rows=102 width=4)
	  Index Cond: ((id >= 247417) AND (id <= 247517))

explain: for range-covered :: explain SELECT id FROM sbtest%d WHERE id BETWEEN 247417 AND 247517
for range-covered
table 1 : explain SELECT id FROM sbtest1 WHERE id BETWEEN 7839750 AND 7839850
	Index Only Scan using sbtest1_pkey on sbtest1  (cost=0.43..6.35 rows=96 width=4)
	  Index Cond: ((id >= 7839750) AND (id <= 7839850))

table 2 : explain SELECT id FROM sbtest2 WHERE id BETWEEN 7839750 AND 7839850
	Index Only Scan using sbtest2_pkey on sbtest2  (cost=0.43..6.27 rows=92 width=4)
	  Index Cond: ((id >= 7839750) AND (id <= 7839850))

table 3 : explain SELECT id FROM sbtest3 WHERE id BETWEEN 7839750 AND 7839850
	Index Only Scan using sbtest3_pkey on sbtest3  (cost=0.43..6.40 rows=98 width=4)
	  Index Cond: ((id >= 7839750) AND (id <= 7839850))

table 4 : explain SELECT id FROM sbtest4 WHERE id BETWEEN 7839750 AND 7839850
	Index Only Scan using sbtest4_pkey on sbtest4  (cost=0.43..6.51 rows=104 width=4)
	  Index Cond: ((id >= 7839750) AND (id <= 7839850))

table 5 : explain SELECT id FROM sbtest5 WHERE id BETWEEN 7839750 AND 7839850
	Index Only Scan using sbtest5_pkey on sbtest5  (cost=0.43..6.29 rows=93 width=4)
	  Index Cond: ((id >= 7839750) AND (id <= 7839850))

table 6 : explain SELECT id FROM sbtest6 WHERE id BETWEEN 7839750 AND 7839850
	Index Only Scan using sbtest6_pkey on sbtest6  (cost=0.43..6.33 rows=95 width=4)
	  Index Cond: ((id >= 7839750) AND (id <= 7839850))

table 7 : explain SELECT id FROM sbtest7 WHERE id BETWEEN 7839750 AND 7839850
	Index Only Scan using sbtest7_pkey on sbtest7  (cost=0.43..6.53 rows=105 width=4)
	  Index Cond: ((id >= 7839750) AND (id <= 7839850))

table 8 : explain SELECT id FROM sbtest8 WHERE id BETWEEN 7839750 AND 7839850
	Index Only Scan using sbtest8_pkey on sbtest8  (cost=0.43..6.42 rows=99 width=4)
	  Index Cond: ((id >= 7839750) AND (id <= 7839850))

for range-covered
table 1 : explain SELECT id FROM sbtest1 WHERE id BETWEEN 5819650 AND 5819750
	Index Only Scan using sbtest1_pkey on sbtest1  (cost=0.43..6.66 rows=111 width=4)
	  Index Cond: ((id >= 5819650) AND (id <= 5819750))

table 2 : explain SELECT id FROM sbtest2 WHERE id BETWEEN 5819650 AND 5819750
	Index Only Scan using sbtest2_pkey on sbtest2  (cost=0.43..6.51 rows=104 width=4)
	  Index Cond: ((id >= 5819650) AND (id <= 5819750))

table 3 : explain SELECT id FROM sbtest3 WHERE id BETWEEN 5819650 AND 5819750
	Index Only Scan using sbtest3_pkey on sbtest3  (cost=0.43..6.69 rows=113 width=4)
	  Index Cond: ((id >= 5819650) AND (id <= 5819750))

table 4 : explain SELECT id FROM sbtest4 WHERE id BETWEEN 5819650 AND 5819750
	Index Only Scan using sbtest4_pkey on sbtest4  (cost=0.43..6.25 rows=91 width=4)
	  Index Cond: ((id >= 5819650) AND (id <= 5819750))

table 5 : explain SELECT id FROM sbtest5 WHERE id BETWEEN 5819650 AND 5819750
	Index Only Scan using sbtest5_pkey on sbtest5  (cost=0.43..6.45 rows=101 width=4)
	  Index Cond: ((id >= 5819650) AND (id <= 5819750))

table 6 : explain SELECT id FROM sbtest6 WHERE id BETWEEN 5819650 AND 5819750
	Index Only Scan using sbtest6_pkey on sbtest6  (cost=0.43..6.43 rows=100 width=4)
	  Index Cond: ((id >= 5819650) AND (id <= 5819750))

table 7 : explain SELECT id FROM sbtest7 WHERE id BETWEEN 5819650 AND 5819750
	Index Only Scan using sbtest7_pkey on sbtest7  (cost=0.43..6.50 rows=103 width=4)
	  Index Cond: ((id >= 5819650) AND (id <= 5819750))

table 8 : explain SELECT id FROM sbtest8 WHERE id BETWEEN 5819650 AND 5819750
	Index Only Scan using sbtest8_pkey on sbtest8  (cost=0.43..6.35 rows=96 width=4)
	  Index Cond: ((id >= 5819650) AND (id <= 5819750))

for range-covered
table 1 : explain SELECT id FROM sbtest1 WHERE id BETWEEN 770697 AND 770797
	Index Only Scan using sbtest1_pkey on sbtest1  (cost=0.43..6.43 rows=100 width=4)
	  Index Cond: ((id >= 770697) AND (id <= 770797))

table 2 : explain SELECT id FROM sbtest2 WHERE id BETWEEN 770697 AND 770797
	Index Only Scan using sbtest2_pkey on sbtest2  (cost=0.43..6.42 rows=99 width=4)
	  Index Cond: ((id >= 770697) AND (id <= 770797))

table 3 : explain SELECT id FROM sbtest3 WHERE id BETWEEN 770697 AND 770797
	Index Only Scan using sbtest3_pkey on sbtest3  (cost=0.43..6.45 rows=101 width=4)
	  Index Cond: ((id >= 770697) AND (id <= 770797))

table 4 : explain SELECT id FROM sbtest4 WHERE id BETWEEN 770697 AND 770797
	Index Only Scan using sbtest4_pkey on sbtest4  (cost=0.43..6.35 rows=96 width=4)
	  Index Cond: ((id >= 770697) AND (id <= 770797))

table 5 : explain SELECT id FROM sbtest5 WHERE id BETWEEN 770697 AND 770797
	Index Only Scan using sbtest5_pkey on sbtest5  (cost=0.43..6.77 rows=117 width=4)
	  Index Cond: ((id >= 770697) AND (id <= 770797))

table 6 : explain SELECT id FROM sbtest6 WHERE id BETWEEN 770697 AND 770797
	Index Only Scan using sbtest6_pkey on sbtest6  (cost=0.43..6.53 rows=105 width=4)
	  Index Cond: ((id >= 770697) AND (id <= 770797))

table 7 : explain SELECT id FROM sbtest7 WHERE id BETWEEN 770697 AND 770797
	Index Only Scan using sbtest7_pkey on sbtest7  (cost=0.43..6.61 rows=109 width=4)
	  Index Cond: ((id >= 770697) AND (id <= 770797))

table 8 : explain SELECT id FROM sbtest8 WHERE id BETWEEN 770697 AND 770797
	Index Only Scan using sbtest8_pkey on sbtest8  (cost=0.43..6.45 rows=101 width=4)
	  Index Cond: ((id >= 770697) AND (id <= 770797))

explain: for range-covered :: explain SELECT id FROM sbtest%d WHERE id BETWEEN 7839750 AND 7839850
explain: for range-covered :: explain SELECT id FROM sbtest%d WHERE id BETWEEN 770697 AND 770797
explain: for range-covered :: explain SELECT id FROM sbtest%d WHERE id BETWEEN 5819650 AND 5819750
explain: for range-covered :: explain SELECT id FROM sbtest%d WHERE id BETWEEN 1871196 AND 1871296
for range-covered
table 1 : explain SELECT id FROM sbtest1 WHERE id BETWEEN 247417 AND 247517
	Index Only Scan using sbtest1_pkey on sbtest1  (cost=0.43..6.43 rows=100 width=4)
	  Index Cond: ((id >= 247417) AND (id <= 247517))

table 2 : explain SELECT id FROM sbtest2 WHERE id BETWEEN 247417 AND 247517
	Index Only Scan using sbtest2_pkey on sbtest2  (cost=0.43..6.58 rows=107 width=4)
	  Index Cond: ((id >= 247417) AND (id <= 247517))

table 3 : explain SELECT id FROM sbtest3 WHERE id BETWEEN 247417 AND 247517
	Index Only Scan using sbtest3_pkey on sbtest3  (cost=0.43..6.33 rows=95 width=4)
	  Index Cond: ((id >= 247417) AND (id <= 247517))

table 4 : explain SELECT id FROM sbtest4 WHERE id BETWEEN 247417 AND 247517
	Index Only Scan using sbtest4_pkey on sbtest4  (cost=0.43..6.21 rows=89 width=4)
	  Index Cond: ((id >= 247417) AND (id <= 247517))

table 5 : explain SELECT id FROM sbtest5 WHERE id BETWEEN 247417 AND 247517
	Index Only Scan using sbtest5_pkey on sbtest5  (cost=0.43..6.25 rows=91 width=4)
	  Index Cond: ((id >= 247417) AND (id <= 247517))

table 6 : explain SELECT id FROM sbtest6 WHERE id BETWEEN 247417 AND 247517
	Index Only Scan using sbtest6_pkey on sbtest6  (cost=0.43..6.58 rows=107 width=4)
	  Index Cond: ((id >= 247417) AND (id <= 247517))

table 7 : explain SELECT id FROM sbtest7 WHERE id BETWEEN 247417 AND 247517
	Index Only Scan using sbtest7_pkey on sbtest7  (cost=0.43..6.69 rows=113 width=4)
	  Index Cond: ((id >= 247417) AND (id <= 247517))

table 8 : explain SELECT id FROM sbtest8 WHERE id BETWEEN 247417 AND 247517
	Index Only Scan using sbtest8_pkey on sbtest8  (cost=0.43..6.47 rows=102 width=4)
	  Index Cond: ((id >= 247417) AND (id <= 247517))

explain: for range-covered :: explain SELECT id FROM sbtest%d WHERE id BETWEEN 247417 AND 247517
for range-covered
table 1 : explain SELECT id FROM sbtest1 WHERE id BETWEEN 7839750 AND 7839850
	Index Only Scan using sbtest1_pkey on sbtest1  (cost=0.43..6.35 rows=96 width=4)
	  Index Cond: ((id >= 7839750) AND (id <= 7839850))

table 2 : explain SELECT id FROM sbtest2 WHERE id BETWEEN 7839750 AND 7839850
	Index Only Scan using sbtest2_pkey on sbtest2  (cost=0.43..6.27 rows=92 width=4)
	  Index Cond: ((id >= 7839750) AND (id <= 7839850))

table 3 : explain SELECT id FROM sbtest3 WHERE id BETWEEN 7839750 AND 7839850
	Index Only Scan using sbtest3_pkey on sbtest3  (cost=0.43..6.40 rows=98 width=4)
	  Index Cond: ((id >= 7839750) AND (id <= 7839850))

table 4 : explain SELECT id FROM sbtest4 WHERE id BETWEEN 7839750 AND 7839850
	Index Only Scan using sbtest4_pkey on sbtest4  (cost=0.43..6.51 rows=104 width=4)
	  Index Cond: ((id >= 7839750) AND (id <= 7839850))

table 5 : explain SELECT id FROM sbtest5 WHERE id BETWEEN 7839750 AND 7839850
	Index Only Scan using sbtest5_pkey on sbtest5  (cost=0.43..6.29 rows=93 width=4)
	  Index Cond: ((id >= 7839750) AND (id <= 7839850))

table 6 : explain SELECT id FROM sbtest6 WHERE id BETWEEN 7839750 AND 7839850
	Index Only Scan using sbtest6_pkey on sbtest6  (cost=0.43..6.33 rows=95 width=4)
	  Index Cond: ((id >= 7839750) AND (id <= 7839850))

table 7 : explain SELECT id FROM sbtest7 WHERE id BETWEEN 7839750 AND 7839850
	Index Only Scan using sbtest7_pkey on sbtest7  (cost=0.43..6.53 rows=105 width=4)
	  Index Cond: ((id >= 7839750) AND (id <= 7839850))

table 8 : explain SELECT id FROM sbtest8 WHERE id BETWEEN 7839750 AND 7839850
	Index Only Scan using sbtest8_pkey on sbtest8  (cost=0.43..6.42 rows=99 width=4)
	  Index Cond: ((id >= 7839750) AND (id <= 7839850))

for range-covered
table 1 : explain SELECT id FROM sbtest1 WHERE id BETWEEN 3667006 AND 3667106
	Index Only Scan using sbtest1_pkey on sbtest1  (cost=0.43..6.43 rows=100 width=4)
	  Index Cond: ((id >= 3667006) AND (id <= 3667106))

table 2 : explain SELECT id FROM sbtest2 WHERE id BETWEEN 3667006 AND 3667106
	Index Only Scan using sbtest2_pkey on sbtest2  (cost=0.43..6.53 rows=105 width=4)
	  Index Cond: ((id >= 3667006) AND (id <= 3667106))

table 3 : explain SELECT id FROM sbtest3 WHERE id BETWEEN 3667006 AND 3667106
	Index Only Scan using sbtest3_pkey on sbtest3  (cost=0.43..6.59 rows=108 width=4)
	  Index Cond: ((id >= 3667006) AND (id <= 3667106))

table 4 : explain SELECT id FROM sbtest4 WHERE id BETWEEN 3667006 AND 3667106
	Index Only Scan using sbtest4_pkey on sbtest4  (cost=0.43..6.42 rows=99 width=4)
	  Index Cond: ((id >= 3667006) AND (id <= 3667106))

table 5 : explain SELECT id FROM sbtest5 WHERE id BETWEEN 3667006 AND 3667106
	Index Only Scan using sbtest5_pkey on sbtest5  (cost=0.43..6.47 rows=102 width=4)
	  Index Cond: ((id >= 3667006) AND (id <= 3667106))

table 6 : explain SELECT id FROM sbtest6 WHERE id BETWEEN 3667006 AND 3667106
	Index Only Scan using sbtest6_pkey on sbtest6  (cost=0.43..6.32 rows=94 width=4)
	  Index Cond: ((id >= 3667006) AND (id <= 3667106))

table 7 : explain SELECT id FROM sbtest7 WHERE id BETWEEN 3667006 AND 3667106
	Index Only Scan using sbtest7_pkey on sbtest7  (cost=0.43..6.51 rows=104 width=4)
	  Index Cond: ((id >= 3667006) AND (id <= 3667106))

table 8 : explain SELECT id FROM sbtest8 WHERE id BETWEEN 3667006 AND 3667106
	Index Only Scan using sbtest8_pkey on sbtest8  (cost=0.43..6.43 rows=100 width=4)
	  Index Cond: ((id >= 3667006) AND (id <= 3667106))

explain: for range-covered :: explain SELECT id FROM sbtest%d WHERE id BETWEEN 7839750 AND 7839850
for range-covered
table 1 : explain SELECT id FROM sbtest1 WHERE id BETWEEN 7047149 AND 7047249
	Index Only Scan using sbtest1_pkey on sbtest1  (cost=0.43..6.51 rows=104 width=4)
	  Index Cond: ((id >= 7047149) AND (id <= 7047249))

table 2 : explain SELECT id FROM sbtest2 WHERE id BETWEEN 7047149 AND 7047249
	Index Only Scan using sbtest2_pkey on sbtest2  (cost=0.43..6.42 rows=99 width=4)
	  Index Cond: ((id >= 7047149) AND (id <= 7047249))

table 3 : explain SELECT id FROM sbtest3 WHERE id BETWEEN 7047149 AND 7047249
	Index Only Scan using sbtest3_pkey on sbtest3  (cost=0.43..6.45 rows=101 width=4)
	  Index Cond: ((id >= 7047149) AND (id <= 7047249))

table 4 : explain SELECT id FROM sbtest4 WHERE id BETWEEN 7047149 AND 7047249
	Index Only Scan using sbtest4_pkey on sbtest4  (cost=0.43..6.56 rows=106 width=4)
	  Index Cond: ((id >= 7047149) AND (id <= 7047249))

table 5 : explain SELECT id FROM sbtest5 WHERE id BETWEEN 7047149 AND 7047249
	Index Only Scan using sbtest5_pkey on sbtest5  (cost=0.43..6.43 rows=100 width=4)
	  Index Cond: ((id >= 7047149) AND (id <= 7047249))

table 6 : explain SELECT id FROM sbtest6 WHERE id BETWEEN 7047149 AND 7047249
	Index Only Scan using sbtest6_pkey on sbtest6  (cost=0.43..6.33 rows=95 width=4)
	  Index Cond: ((id >= 7047149) AND (id <= 7047249))

table 7 : explain SELECT id FROM sbtest7 WHERE id BETWEEN 7047149 AND 7047249
	Index Only Scan using sbtest7_pkey on sbtest7  (cost=0.43..6.40 rows=98 width=4)
	  Index Cond: ((id >= 7047149) AND (id <= 7047249))

table 8 : explain SELECT id FROM sbtest8 WHERE id BETWEEN 7047149 AND 7047249
	Index Only Scan using sbtest8_pkey on sbtest8  (cost=0.43..6.51 rows=104 width=4)
	  Index Cond: ((id >= 7047149) AND (id <= 7047249))

explain: for range-covered :: explain SELECT id FROM sbtest%d WHERE id BETWEEN 5679541 AND 5679641
for range-covered
table 1 : explain SELECT id FROM sbtest1 WHERE id BETWEEN 5678786 AND 5678886
	Index Only Scan using sbtest1_pkey on sbtest1  (cost=0.43..6.50 rows=103 width=4)
	  Index Cond: ((id >= 5678786) AND (id <= 5678886))

table 2 : explain SELECT id FROM sbtest2 WHERE id BETWEEN 5678786 AND 5678886
	Index Only Scan using sbtest2_pkey on sbtest2  (cost=0.43..6.37 rows=97 width=4)
	  Index Cond: ((id >= 5678786) AND (id <= 5678886))

table 3 : explain SELECT id FROM sbtest3 WHERE id BETWEEN 5678786 AND 5678886
	Index Only Scan using sbtest3_pkey on sbtest3  (cost=0.43..6.53 rows=105 width=4)
	  Index Cond: ((id >= 5678786) AND (id <= 5678886))

table 4 : explain SELECT id FROM sbtest4 WHERE id BETWEEN 5678786 AND 5678886
	Index Only Scan using sbtest4_pkey on sbtest4  (cost=0.43..6.63 rows=110 width=4)
	  Index Cond: ((id >= 5678786) AND (id <= 5678886))

table 5 : explain SELECT id FROM sbtest5 WHERE id BETWEEN 5678786 AND 5678886
	Index Only Scan using sbtest5_pkey on sbtest5  (cost=0.43..6.53 rows=105 width=4)
	  Index Cond: ((id >= 5678786) AND (id <= 5678886))

table 6 : explain SELECT id FROM sbtest6 WHERE id BETWEEN 5678786 AND 5678886
	Index Only Scan using sbtest6_pkey on sbtest6  (cost=0.43..6.58 rows=107 width=4)
	  Index Cond: ((id >= 5678786) AND (id <= 5678886))

table 7 : explain SELECT id FROM sbtest7 WHERE id BETWEEN 5678786 AND 5678886
	Index Only Scan using sbtest7_pkey on sbtest7  (cost=0.43..6.47 rows=102 width=4)
	  Index Cond: ((id >= 5678786) AND (id <= 5678886))

table 8 : explain SELECT id FROM sbtest8 WHERE id BETWEEN 5678786 AND 5678886
	Index Only Scan using sbtest8_pkey on sbtest8  (cost=0.43..6.63 rows=110 width=4)
	  Index Cond: ((id >= 5678786) AND (id <= 5678886))

explain: for range-covered :: explain SELECT id FROM sbtest%d WHERE id BETWEEN 3667006 AND 3667106
for range-covered
table 1 : explain SELECT id FROM sbtest1 WHERE id BETWEEN 2571317 AND 2571417
	Index Only Scan using sbtest1_pkey on sbtest1  (cost=0.43..6.42 rows=99 width=4)
	  Index Cond: ((id >= 2571317) AND (id <= 2571417))

table 2 : explain SELECT id FROM sbtest2 WHERE id BETWEEN 2571317 AND 2571417
	Index Only Scan using sbtest2_pkey on sbtest2  (cost=0.43..6.35 rows=96 width=4)
	  Index Cond: ((id >= 2571317) AND (id <= 2571417))

table 3 : explain SELECT id FROM sbtest3 WHERE id BETWEEN 2571317 AND 2571417
	Index Only Scan using sbtest3_pkey on sbtest3  (cost=0.43..6.40 rows=98 width=4)
	  Index Cond: ((id >= 2571317) AND (id <= 2571417))

table 4 : explain SELECT id FROM sbtest4 WHERE id BETWEEN 2571317 AND 2571417
	Index Only Scan using sbtest4_pkey on sbtest4  (cost=0.43..6.42 rows=99 width=4)
	  Index Cond: ((id >= 2571317) AND (id <= 2571417))

table 5 : explain SELECT id FROM sbtest5 WHERE id BETWEEN 2571317 AND 2571417
	Index Only Scan using sbtest5_pkey on sbtest5  (cost=0.43..6.33 rows=95 width=4)
	  Index Cond: ((id >= 2571317) AND (id <= 2571417))

table 6 : explain SELECT id FROM sbtest6 WHERE id BETWEEN 2571317 AND 2571417
	Index Only Scan using sbtest6_pkey on sbtest6  (cost=0.43..6.72 rows=114 width=4)
	  Index Cond: ((id >= 2571317) AND (id <= 2571417))

table 7 : explain SELECT id FROM sbtest7 WHERE id BETWEEN 2571317 AND 2571417
	Index Only Scan using sbtest7_pkey on sbtest7  (cost=0.43..6.53 rows=105 width=4)
	  Index Cond: ((id >= 2571317) AND (id <= 2571417))

table 8 : explain SELECT id FROM sbtest8 WHERE id BETWEEN 2571317 AND 2571417
	Index Only Scan using sbtest8_pkey on sbtest8  (cost=0.43..6.32 rows=94 width=4)
	  Index Cond: ((id >= 2571317) AND (id <= 2571417))

explain: for range-covered :: explain SELECT id FROM sbtest%d WHERE id BETWEEN 5678786 AND 5678886
for range-covered
table 1 : explain SELECT id FROM sbtest1 WHERE id BETWEEN 3174132 AND 3174232
	Index Only Scan using sbtest1_pkey on sbtest1  (cost=0.43..6.50 rows=103 width=4)
	  Index Cond: ((id >= 3174132) AND (id <= 3174232))

table 2 : explain SELECT id FROM sbtest2 WHERE id BETWEEN 3174132 AND 3174232
	Index Only Scan using sbtest2_pkey on sbtest2  (cost=0.43..6.47 rows=102 width=4)
	  Index Cond: ((id >= 3174132) AND (id <= 3174232))

table 3 : explain SELECT id FROM sbtest3 WHERE id BETWEEN 3174132 AND 3174232
	Index Only Scan using sbtest3_pkey on sbtest3  (cost=0.43..6.50 rows=103 width=4)
	  Index Cond: ((id >= 3174132) AND (id <= 3174232))

table 4 : explain SELECT id FROM sbtest4 WHERE id BETWEEN 3174132 AND 3174232
	Index Only Scan using sbtest4_pkey on sbtest4  (cost=0.43..6.56 rows=106 width=4)
	  Index Cond: ((id >= 3174132) AND (id <= 3174232))

table 5 : explain SELECT id FROM sbtest5 WHERE id BETWEEN 3174132 AND 3174232
	Index Only Scan using sbtest5_pkey on sbtest5  (cost=0.43..6.42 rows=99 width=4)
	  Index Cond: ((id >= 3174132) AND (id <= 3174232))

table 6 : explain SELECT id FROM sbtest6 WHERE id BETWEEN 3174132 AND 3174232
	Index Only Scan using sbtest6_pkey on sbtest6  (cost=0.43..6.29 rows=93 width=4)
	  Index Cond: ((id >= 3174132) AND (id <= 3174232))

table 7 : explain SELECT id FROM sbtest7 WHERE id BETWEEN 3174132 AND 3174232
	Index Only Scan using sbtest7_pkey on sbtest7  (cost=0.43..6.29 rows=93 width=4)
	  Index Cond: ((id >= 3174132) AND (id <= 3174232))

table 8 : explain SELECT id FROM sbtest8 WHERE id BETWEEN 3174132 AND 3174232
	Index Only Scan using sbtest8_pkey on sbtest8  (cost=0.43..6.42 rows=99 width=4)
	  Index Cond: ((id >= 3174132) AND (id <= 3174232))

explain: for range-covered :: explain SELECT id FROM sbtest%d WHERE id BETWEEN 7047149 AND 7047249
explain: for range-covered :: explain SELECT id FROM sbtest%d WHERE id BETWEEN 3174132 AND 3174232
for range-covered
table 1 : explain SELECT id FROM sbtest1 WHERE id BETWEEN 4846981 AND 4847081
	Index Only Scan using sbtest1_pkey on sbtest1  (cost=0.43..6.29 rows=93 width=4)
	  Index Cond: ((id >= 4846981) AND (id <= 4847081))

table 2 : explain SELECT id FROM sbtest2 WHERE id BETWEEN 4846981 AND 4847081
	Index Only Scan using sbtest2_pkey on sbtest2  (cost=0.43..6.27 rows=92 width=4)
	  Index Cond: ((id >= 4846981) AND (id <= 4847081))

table 3 : explain SELECT id FROM sbtest3 WHERE id BETWEEN 4846981 AND 4847081
	Index Only Scan using sbtest3_pkey on sbtest3  (cost=0.43..6.27 rows=92 width=4)
	  Index Cond: ((id >= 4846981) AND (id <= 4847081))

table 4 : explain SELECT id FROM sbtest4 WHERE id BETWEEN 4846981 AND 4847081
	Index Only Scan using sbtest4_pkey on sbtest4  (cost=0.43..6.19 rows=88 width=4)
	  Index Cond: ((id >= 4846981) AND (id <= 4847081))

table 5 : explain SELECT id FROM sbtest5 WHERE id BETWEEN 4846981 AND 4847081
	Index Only Scan using sbtest5_pkey on sbtest5  (cost=0.43..6.43 rows=100 width=4)
	  Index Cond: ((id >= 4846981) AND (id <= 4847081))

table 6 : explain SELECT id FROM sbtest6 WHERE id BETWEEN 4846981 AND 4847081
	Index Only Scan using sbtest6_pkey on sbtest6  (cost=0.43..6.35 rows=96 width=4)
	  Index Cond: ((id >= 4846981) AND (id <= 4847081))

table 7 : explain SELECT id FROM sbtest7 WHERE id BETWEEN 4846981 AND 4847081
	Index Only Scan using sbtest7_pkey on sbtest7  (cost=0.43..6.51 rows=104 width=4)
	  Index Cond: ((id >= 4846981) AND (id <= 4847081))

table 8 : explain SELECT id FROM sbtest8 WHERE id BETWEEN 4846981 AND 4847081
	Index Only Scan using sbtest8_pkey on sbtest8  (cost=0.43..6.19 rows=88 width=4)
	  Index Cond: ((id >= 4846981) AND (id <= 4847081))

explain: for range-covered :: explain SELECT id FROM sbtest%d WHERE id BETWEEN 2571317 AND 2571417
for range-covered
table 1 : explain SELECT id FROM sbtest1 WHERE id BETWEEN 247417 AND 247517
	Index Only Scan using sbtest1_pkey on sbtest1  (cost=0.43..6.43 rows=100 width=4)
	  Index Cond: ((id >= 247417) AND (id <= 247517))

table 2 : explain SELECT id FROM sbtest2 WHERE id BETWEEN 247417 AND 247517
	Index Only Scan using sbtest2_pkey on sbtest2  (cost=0.43..6.58 rows=107 width=4)
	  Index Cond: ((id >= 247417) AND (id <= 247517))

table 3 : explain SELECT id FROM sbtest3 WHERE id BETWEEN 247417 AND 247517
	Index Only Scan using sbtest3_pkey on sbtest3  (cost=0.43..6.33 rows=95 width=4)
	  Index Cond: ((id >= 247417) AND (id <= 247517))

table 4 : explain SELECT id FROM sbtest4 WHERE id BETWEEN 247417 AND 247517
	Index Only Scan using sbtest4_pkey on sbtest4  (cost=0.43..6.21 rows=89 width=4)
	  Index Cond: ((id >= 247417) AND (id <= 247517))

table 5 : explain SELECT id FROM sbtest5 WHERE id BETWEEN 247417 AND 247517
	Index Only Scan using sbtest5_pkey on sbtest5  (cost=0.43..6.25 rows=91 width=4)
	  Index Cond: ((id >= 247417) AND (id <= 247517))

table 6 : explain SELECT id FROM sbtest6 WHERE id BETWEEN 247417 AND 247517
	Index Only Scan using sbtest6_pkey on sbtest6  (cost=0.43..6.58 rows=107 width=4)
	  Index Cond: ((id >= 247417) AND (id <= 247517))

table 7 : explain SELECT id FROM sbtest7 WHERE id BETWEEN 247417 AND 247517
	Index Only Scan using sbtest7_pkey on sbtest7  (cost=0.43..6.69 rows=113 width=4)
	  Index Cond: ((id >= 247417) AND (id <= 247517))

table 8 : explain SELECT id FROM sbtest8 WHERE id BETWEEN 247417 AND 247517
	Index Only Scan using sbtest8_pkey on sbtest8  (cost=0.43..6.47 rows=102 width=4)
	  Index Cond: ((id >= 247417) AND (id <= 247517))

for range-covered
table 1 : explain SELECT id FROM sbtest1 WHERE id BETWEEN 7839750 AND 7839850
	Index Only Scan using sbtest1_pkey on sbtest1  (cost=0.43..6.35 rows=96 width=4)
	  Index Cond: ((id >= 7839750) AND (id <= 7839850))

table 2 : explain SELECT id FROM sbtest2 WHERE id BETWEEN 7839750 AND 7839850
	Index Only Scan using sbtest2_pkey on sbtest2  (cost=0.43..6.27 rows=92 width=4)
	  Index Cond: ((id >= 7839750) AND (id <= 7839850))

table 3 : explain SELECT id FROM sbtest3 WHERE id BETWEEN 7839750 AND 7839850
	Index Only Scan using sbtest3_pkey on sbtest3  (cost=0.43..6.40 rows=98 width=4)
	  Index Cond: ((id >= 7839750) AND (id <= 7839850))

table 4 : explain SELECT id FROM sbtest4 WHERE id BETWEEN 7839750 AND 7839850
	Index Only Scan using sbtest4_pkey on sbtest4  (cost=0.43..6.51 rows=104 width=4)
	  Index Cond: ((id >= 7839750) AND (id <= 7839850))

table 5 : explain SELECT id FROM sbtest5 WHERE id BETWEEN 7839750 AND 7839850
	Index Only Scan using sbtest5_pkey on sbtest5  (cost=0.43..6.29 rows=93 width=4)
	  Index Cond: ((id >= 7839750) AND (id <= 7839850))

table 6 : explain SELECT id FROM sbtest6 WHERE id BETWEEN 7839750 AND 7839850
	Index Only Scan using sbtest6_pkey on sbtest6  (cost=0.43..6.33 rows=95 width=4)
	  Index Cond: ((id >= 7839750) AND (id <= 7839850))

table 7 : explain SELECT id FROM sbtest7 WHERE id BETWEEN 7839750 AND 7839850
	Index Only Scan using sbtest7_pkey on sbtest7  (cost=0.43..6.53 rows=105 width=4)
	  Index Cond: ((id >= 7839750) AND (id <= 7839850))

table 8 : explain SELECT id FROM sbtest8 WHERE id BETWEEN 7839750 AND 7839850
	Index Only Scan using sbtest8_pkey on sbtest8  (cost=0.43..6.42 rows=99 width=4)
	  Index Cond: ((id >= 7839750) AND (id <= 7839850))

explain: for range-covered :: explain SELECT id FROM sbtest%d WHERE id BETWEEN 247417 AND 247517
explain: for range-covered :: explain SELECT id FROM sbtest%d WHERE id BETWEEN 7839750 AND 7839850
for range-covered
table 1 : explain SELECT id FROM sbtest1 WHERE id BETWEEN 4164183 AND 4164283
	Index Only Scan using sbtest1_pkey on sbtest1  (cost=0.43..6.47 rows=102 width=4)
	  Index Cond: ((id >= 4164183) AND (id <= 4164283))

table 2 : explain SELECT id FROM sbtest2 WHERE id BETWEEN 4164183 AND 4164283
	Index Only Scan using sbtest2_pkey on sbtest2  (cost=0.43..6.47 rows=102 width=4)
	  Index Cond: ((id >= 4164183) AND (id <= 4164283))

table 3 : explain SELECT id FROM sbtest3 WHERE id BETWEEN 4164183 AND 4164283
	Index Only Scan using sbtest3_pkey on sbtest3  (cost=0.43..6.53 rows=105 width=4)
	  Index Cond: ((id >= 4164183) AND (id <= 4164283))

table 4 : explain SELECT id FROM sbtest4 WHERE id BETWEEN 4164183 AND 4164283
	Index Only Scan using sbtest4_pkey on sbtest4  (cost=0.43..6.50 rows=103 width=4)
	  Index Cond: ((id >= 4164183) AND (id <= 4164283))

table 5 : explain SELECT id FROM sbtest5 WHERE id BETWEEN 4164183 AND 4164283
	Index Only Scan using sbtest5_pkey on sbtest5  (cost=0.43..6.53 rows=105 width=4)
	  Index Cond: ((id >= 4164183) AND (id <= 4164283))

table 6 : explain SELECT id FROM sbtest6 WHERE id BETWEEN 4164183 AND 4164283
	Index Only Scan using sbtest6_pkey on sbtest6  (cost=0.43..6.45 rows=101 width=4)
	  Index Cond: ((id >= 4164183) AND (id <= 4164283))

table 7 : explain SELECT id FROM sbtest7 WHERE id BETWEEN 4164183 AND 4164283
	Index Only Scan using sbtest7_pkey on sbtest7  (cost=0.43..6.32 rows=94 width=4)
	  Index Cond: ((id >= 4164183) AND (id <= 4164283))

table 8 : explain SELECT id FROM sbtest8 WHERE id BETWEEN 4164183 AND 4164283
	Index Only Scan using sbtest8_pkey on sbtest8  (cost=0.43..6.35 rows=96 width=4)
	  Index Cond: ((id >= 4164183) AND (id <= 4164283))

for range-covered
table 1 : explain SELECT id FROM sbtest1 WHERE id BETWEEN 8067908 AND 8068008
	Index Only Scan using sbtest1_pkey on sbtest1  (cost=0.43..6.37 rows=97 width=4)
	  Index Cond: ((id >= 8067908) AND (id <= 8068008))

table 2 : explain SELECT id FROM sbtest2 WHERE id BETWEEN 8067908 AND 8068008
	Index Only Scan using sbtest2_pkey on sbtest2  (cost=0.43..6.45 rows=101 width=4)
	  Index Cond: ((id >= 8067908) AND (id <= 8068008))

table 3 : explain SELECT id FROM sbtest3 WHERE id BETWEEN 8067908 AND 8068008
	Index Only Scan using sbtest3_pkey on sbtest3  (cost=0.43..6.59 rows=108 width=4)
	  Index Cond: ((id >= 8067908) AND (id <= 8068008))

table 4 : explain SELECT id FROM sbtest4 WHERE id BETWEEN 8067908 AND 8068008
	Index Only Scan using sbtest4_pkey on sbtest4  (cost=0.43..6.25 rows=91 width=4)
	  Index Cond: ((id >= 8067908) AND (id <= 8068008))

table 5 : explain SELECT id FROM sbtest5 WHERE id BETWEEN 8067908 AND 8068008
	Index Only Scan using sbtest5_pkey on sbtest5  (cost=0.43..6.51 rows=104 width=4)
	  Index Cond: ((id >= 8067908) AND (id <= 8068008))

table 6 : explain SELECT id FROM sbtest6 WHERE id BETWEEN 8067908 AND 8068008
	Index Only Scan using sbtest6_pkey on sbtest6  (cost=0.43..6.40 rows=98 width=4)
	  Index Cond: ((id >= 8067908) AND (id <= 8068008))

table 7 : explain SELECT id FROM sbtest7 WHERE id BETWEEN 8067908 AND 8068008
	Index Only Scan using sbtest7_pkey on sbtest7  (cost=0.43..6.47 rows=102 width=4)
	  Index Cond: ((id >= 8067908) AND (id <= 8068008))

table 8 : explain SELECT id FROM sbtest8 WHERE id BETWEEN 8067908 AND 8068008
	Index Only Scan using sbtest8_pkey on sbtest8  (cost=0.43..6.56 rows=106 width=4)
	  Index Cond: ((id >= 8067908) AND (id <= 8068008))
for range-covered
table 1 : explain SELECT id FROM sbtest1 WHERE id BETWEEN 5678786 AND 5678886
	Index Only Scan using sbtest1_pkey on sbtest1  (cost=0.43..6.50 rows=103 width=4)
	  Index Cond: ((id >= 5678786) AND (id <= 5678886))

table 2 : explain SELECT id FROM sbtest2 WHERE id BETWEEN 5678786 AND 5678886
	Index Only Scan using sbtest2_pkey on sbtest2  (cost=0.43..6.37 rows=97 width=4)
	  Index Cond: ((id >= 5678786) AND (id <= 5678886))

table 3 : explain SELECT id FROM sbtest3 WHERE id BETWEEN 5678786 AND 5678886
	Index Only Scan using sbtest3_pkey on sbtest3  (cost=0.43..6.53 rows=105 width=4)
	  Index Cond: ((id >= 5678786) AND (id <= 5678886))

table 4 : explain SELECT id FROM sbtest4 WHERE id BETWEEN 5678786 AND 5678886
	Index Only Scan using sbtest4_pkey on sbtest4  (cost=0.43..6.63 rows=110 width=4)
	  Index Cond: ((id >= 5678786) AND (id <= 5678886))

table 5 : explain SELECT id FROM sbtest5 WHERE id BETWEEN 5678786 AND 5678886
	Index Only Scan using sbtest5_pkey on sbtest5  (cost=0.43..6.53 rows=105 width=4)
	  Index Cond: ((id >= 5678786) AND (id <= 5678886))

table 6 : explain SELECT id FROM sbtest6 WHERE id BETWEEN 5678786 AND 5678886
	Index Only Scan using sbtest6_pkey on sbtest6  (cost=0.43..6.58 rows=107 width=4)
	  Index Cond: ((id >= 5678786) AND (id <= 5678886))

table 7 : explain SELECT id FROM sbtest7 WHERE id BETWEEN 5678786 AND 5678886
	Index Only Scan using sbtest7_pkey on sbtest7  (cost=0.43..6.47 rows=102 width=4)
	  Index Cond: ((id >= 5678786) AND (id <= 5678886))

table 8 : explain SELECT id FROM sbtest8 WHERE id BETWEEN 5678786 AND 5678886
	Index Only Scan using sbtest8_pkey on sbtest8  (cost=0.43..6.63 rows=110 width=4)
	  Index Cond: ((id >= 5678786) AND (id <= 5678886))


explain: for range-covered :: explain SELECT id FROM sbtest%d WHERE id BETWEEN 4846981 AND 4847081
explain: for range-covered :: explain SELECT id FROM sbtest%d WHERE id BETWEEN 4164183 AND 4164283
explain: for range-covered :: explain SELECT id FROM sbtest%d WHERE id BETWEEN 5678786 AND 5678886
explain: for range-covered :: explain SELECT id FROM sbtest%d WHERE id BETWEEN 8067908 AND 8068008
for range-covered
table 1 : explain SELECT id FROM sbtest1 WHERE id BETWEEN 770697 AND 770797
	Index Only Scan using sbtest1_pkey on sbtest1  (cost=0.43..6.43 rows=100 width=4)
	  Index Cond: ((id >= 770697) AND (id <= 770797))

table 2 : explain SELECT id FROM sbtest2 WHERE id BETWEEN 770697 AND 770797
	Index Only Scan using sbtest2_pkey on sbtest2  (cost=0.43..6.42 rows=99 width=4)
	  Index Cond: ((id >= 770697) AND (id <= 770797))

table 3 : explain SELECT id FROM sbtest3 WHERE id BETWEEN 770697 AND 770797
	Index Only Scan using sbtest3_pkey on sbtest3  (cost=0.43..6.45 rows=101 width=4)
	  Index Cond: ((id >= 770697) AND (id <= 770797))

table 4 : explain SELECT id FROM sbtest4 WHERE id BETWEEN 770697 AND 770797
	Index Only Scan using sbtest4_pkey on sbtest4  (cost=0.43..6.35 rows=96 width=4)
	  Index Cond: ((id >= 770697) AND (id <= 770797))

table 5 : explain SELECT id FROM sbtest5 WHERE id BETWEEN 770697 AND 770797
	Index Only Scan using sbtest5_pkey on sbtest5  (cost=0.43..6.77 rows=117 width=4)
	  Index Cond: ((id >= 770697) AND (id <= 770797))

table 6 : explain SELECT id FROM sbtest6 WHERE id BETWEEN 770697 AND 770797
	Index Only Scan using sbtest6_pkey on sbtest6  (cost=0.43..6.53 rows=105 width=4)
	  Index Cond: ((id >= 770697) AND (id <= 770797))

table 7 : explain SELECT id FROM sbtest7 WHERE id BETWEEN 770697 AND 770797
	Index Only Scan using sbtest7_pkey on sbtest7  (cost=0.43..6.61 rows=109 width=4)
	  Index Cond: ((id >= 770697) AND (id <= 770797))

table 8 : explain SELECT id FROM sbtest8 WHERE id BETWEEN 770697 AND 770797
	Index Only Scan using sbtest8_pkey on sbtest8  (cost=0.43..6.45 rows=101 width=4)
	  Index Cond: ((id >= 770697) AND (id <= 770797))

explain: for range-covered :: explain SELECT id FROM sbtest%d WHERE id BETWEEN 770697 AND 770797
for range-covered
table 1 : explain SELECT id FROM sbtest1 WHERE id BETWEEN 7839750 AND 7839850
	Index Only Scan using sbtest1_pkey on sbtest1  (cost=0.43..6.35 rows=96 width=4)
	  Index Cond: ((id >= 7839750) AND (id <= 7839850))

table 2 : explain SELECT id FROM sbtest2 WHERE id BETWEEN 7839750 AND 7839850
	Index Only Scan using sbtest2_pkey on sbtest2  (cost=0.43..6.27 rows=92 width=4)
	  Index Cond: ((id >= 7839750) AND (id <= 7839850))

table 3 : explain SELECT id FROM sbtest3 WHERE id BETWEEN 7839750 AND 7839850
	Index Only Scan using sbtest3_pkey on sbtest3  (cost=0.43..6.40 rows=98 width=4)
	  Index Cond: ((id >= 7839750) AND (id <= 7839850))

table 4 : explain SELECT id FROM sbtest4 WHERE id BETWEEN 7839750 AND 7839850
	Index Only Scan using sbtest4_pkey on sbtest4  (cost=0.43..6.51 rows=104 width=4)
	  Index Cond: ((id >= 7839750) AND (id <= 7839850))

table 5 : explain SELECT id FROM sbtest5 WHERE id BETWEEN 7839750 AND 7839850
	Index Only Scan using sbtest5_pkey on sbtest5  (cost=0.43..6.29 rows=93 width=4)
	  Index Cond: ((id >= 7839750) AND (id <= 7839850))

table 6 : explain SELECT id FROM sbtest6 WHERE id BETWEEN 7839750 AND 7839850
	Index Only Scan using sbtest6_pkey on sbtest6  (cost=0.43..6.33 rows=95 width=4)
	  Index Cond: ((id >= 7839750) AND (id <= 7839850))

table 7 : explain SELECT id FROM sbtest7 WHERE id BETWEEN 7839750 AND 7839850
	Index Only Scan using sbtest7_pkey on sbtest7  (cost=0.43..6.53 rows=105 width=4)
	  Index Cond: ((id >= 7839750) AND (id <= 7839850))

table 8 : explain SELECT id FROM sbtest8 WHERE id BETWEEN 7839750 AND 7839850
	Index Only Scan using sbtest8_pkey on sbtest8  (cost=0.43..6.42 rows=99 width=4)
	  Index Cond: ((id >= 7839750) AND (id <= 7839850))

for range-covered
table 1 : explain SELECT id FROM sbtest1 WHERE id BETWEEN 247417 AND 247517
	Index Only Scan using sbtest1_pkey on sbtest1  (cost=0.43..6.43 rows=100 width=4)
	  Index Cond: ((id >= 247417) AND (id <= 247517))

table 2 : explain SELECT id FROM sbtest2 WHERE id BETWEEN 247417 AND 247517
	Index Only Scan using sbtest2_pkey on sbtest2  (cost=0.43..6.58 rows=107 width=4)
	  Index Cond: ((id >= 247417) AND (id <= 247517))

table 3 : explain SELECT id FROM sbtest3 WHERE id BETWEEN 247417 AND 247517
	Index Only Scan using sbtest3_pkey on sbtest3  (cost=0.43..6.33 rows=95 width=4)
	  Index Cond: ((id >= 247417) AND (id <= 247517))

table 4 : explain SELECT id FROM sbtest4 WHERE id BETWEEN 247417 AND 247517
	Index Only Scan using sbtest4_pkey on sbtest4  (cost=0.43..6.21 rows=89 width=4)
	  Index Cond: ((id >= 247417) AND (id <= 247517))

table 5 : explain SELECT id FROM sbtest5 WHERE id BETWEEN 247417 AND 247517
	Index Only Scan using sbtest5_pkey on sbtest5  (cost=0.43..6.25 rows=91 width=4)
	  Index Cond: ((id >= 247417) AND (id <= 247517))

table 6 : explain SELECT id FROM sbtest6 WHERE id BETWEEN 247417 AND 247517
	Index Only Scan using sbtest6_pkey on sbtest6  (cost=0.43..6.58 rows=107 width=4)
	  Index Cond: ((id >= 247417) AND (id <= 247517))

table 7 : explain SELECT id FROM sbtest7 WHERE id BETWEEN 247417 AND 247517
	Index Only Scan using sbtest7_pkey on sbtest7  (cost=0.43..6.69 rows=113 width=4)
	  Index Cond: ((id >= 247417) AND (id <= 247517))

table 8 : explain SELECT id FROM sbtest8 WHERE id BETWEEN 247417 AND 247517
	Index Only Scan using sbtest8_pkey on sbtest8  (cost=0.43..6.47 rows=102 width=4)
	  Index Cond: ((id >= 247417) AND (id <= 247517))

explain: for range-covered :: explain SELECT id FROM sbtest%d WHERE id BETWEEN 6562249 AND 6562349
explain: for range-covered :: explain SELECT id FROM sbtest%d WHERE id BETWEEN 7839750 AND 7839850
explain: for range-covered :: explain SELECT id FROM sbtest%d WHERE id BETWEEN 247417 AND 247517
for range-covered
table 1 : explain SELECT id FROM sbtest1 WHERE id BETWEEN 5678786 AND 5678886
	Index Only Scan using sbtest1_pkey on sbtest1  (cost=0.43..6.50 rows=103 width=4)
	  Index Cond: ((id >= 5678786) AND (id <= 5678886))

table 2 : explain SELECT id FROM sbtest2 WHERE id BETWEEN 5678786 AND 5678886
	Index Only Scan using sbtest2_pkey on sbtest2  (cost=0.43..6.37 rows=97 width=4)
	  Index Cond: ((id >= 5678786) AND (id <= 5678886))

table 3 : explain SELECT id FROM sbtest3 WHERE id BETWEEN 5678786 AND 5678886
	Index Only Scan using sbtest3_pkey on sbtest3  (cost=0.43..6.53 rows=105 width=4)
	  Index Cond: ((id >= 5678786) AND (id <= 5678886))

table 4 : explain SELECT id FROM sbtest4 WHERE id BETWEEN 5678786 AND 5678886
	Index Only Scan using sbtest4_pkey on sbtest4  (cost=0.43..6.63 rows=110 width=4)
	  Index Cond: ((id >= 5678786) AND (id <= 5678886))

table 5 : explain SELECT id FROM sbtest5 WHERE id BETWEEN 5678786 AND 5678886
	Index Only Scan using sbtest5_pkey on sbtest5  (cost=0.43..6.53 rows=105 width=4)
	  Index Cond: ((id >= 5678786) AND (id <= 5678886))

table 6 : explain SELECT id FROM sbtest6 WHERE id BETWEEN 5678786 AND 5678886
	Index Only Scan using sbtest6_pkey on sbtest6  (cost=0.43..6.58 rows=107 width=4)
	  Index Cond: ((id >= 5678786) AND (id <= 5678886))

table 7 : explain SELECT id FROM sbtest7 WHERE id BETWEEN 5678786 AND 5678886
	Index Only Scan using sbtest7_pkey on sbtest7  (cost=0.43..6.47 rows=102 width=4)
	  Index Cond: ((id >= 5678786) AND (id <= 5678886))

table 8 : explain SELECT id FROM sbtest8 WHERE id BETWEEN 5678786 AND 5678886
	Index Only Scan using sbtest8_pkey on sbtest8  (cost=0.43..6.63 rows=110 width=4)
	  Index Cond: ((id >= 5678786) AND (id <= 5678886))

explain: for range-covered :: explain SELECT id FROM sbtest%d WHERE id BETWEEN 5678786 AND 5678886
for range-covered
table 1 : explain SELECT id FROM sbtest1 WHERE id BETWEEN 7047149 AND 7047249
	Index Only Scan using sbtest1_pkey on sbtest1  (cost=0.43..6.51 rows=104 width=4)
	  Index Cond: ((id >= 7047149) AND (id <= 7047249))

table 2 : explain SELECT id FROM sbtest2 WHERE id BETWEEN 7047149 AND 7047249
	Index Only Scan using sbtest2_pkey on sbtest2  (cost=0.43..6.42 rows=99 width=4)
	  Index Cond: ((id >= 7047149) AND (id <= 7047249))

table 3 : explain SELECT id FROM sbtest3 WHERE id BETWEEN 7047149 AND 7047249
	Index Only Scan using sbtest3_pkey on sbtest3  (cost=0.43..6.45 rows=101 width=4)
	  Index Cond: ((id >= 7047149) AND (id <= 7047249))

table 4 : explain SELECT id FROM sbtest4 WHERE id BETWEEN 7047149 AND 7047249
	Index Only Scan using sbtest4_pkey on sbtest4  (cost=0.43..6.56 rows=106 width=4)
	  Index Cond: ((id >= 7047149) AND (id <= 7047249))

table 5 : explain SELECT id FROM sbtest5 WHERE id BETWEEN 7047149 AND 7047249
	Index Only Scan using sbtest5_pkey on sbtest5  (cost=0.43..6.43 rows=100 width=4)
	  Index Cond: ((id >= 7047149) AND (id <= 7047249))

table 6 : explain SELECT id FROM sbtest6 WHERE id BETWEEN 7047149 AND 7047249
	Index Only Scan using sbtest6_pkey on sbtest6  (cost=0.43..6.33 rows=95 width=4)
	  Index Cond: ((id >= 7047149) AND (id <= 7047249))

table 7 : explain SELECT id FROM sbtest7 WHERE id BETWEEN 7047149 AND 7047249
	Index Only Scan using sbtest7_pkey on sbtest7  (cost=0.43..6.40 rows=98 width=4)
	  Index Cond: ((id >= 7047149) AND (id <= 7047249))

table 8 : explain SELECT id FROM sbtest8 WHERE id BETWEEN 7047149 AND 7047249
	Index Only Scan using sbtest8_pkey on sbtest8  (cost=0.43..6.51 rows=104 width=4)
	  Index Cond: ((id >= 7047149) AND (id <= 7047249))

for range-covered
table 1 : explain SELECT id FROM sbtest1 WHERE id BETWEEN 4164183 AND 4164283
	Index Only Scan using sbtest1_pkey on sbtest1  (cost=0.43..6.47 rows=102 width=4)
	  Index Cond: ((id >= 4164183) AND (id <= 4164283))

table 2 : explain SELECT id FROM sbtest2 WHERE id BETWEEN 4164183 AND 4164283
	Index Only Scan using sbtest2_pkey on sbtest2  (cost=0.43..6.47 rows=102 width=4)
	  Index Cond: ((id >= 4164183) AND (id <= 4164283))

table 3 : explain SELECT id FROM sbtest3 WHERE id BETWEEN 4164183 AND 4164283
	Index Only Scan using sbtest3_pkey on sbtest3  (cost=0.43..6.53 rows=105 width=4)
	  Index Cond: ((id >= 4164183) AND (id <= 4164283))

table 4 : explain SELECT id FROM sbtest4 WHERE id BETWEEN 4164183 AND 4164283
	Index Only Scan using sbtest4_pkey on sbtest4  (cost=0.43..6.50 rows=103 width=4)
	  Index Cond: ((id >= 4164183) AND (id <= 4164283))

table 5 : explain SELECT id FROM sbtest5 WHERE id BETWEEN 4164183 AND 4164283
	Index Only Scan using sbtest5_pkey on sbtest5  (cost=0.43..6.53 rows=105 width=4)
	  Index Cond: ((id >= 4164183) AND (id <= 4164283))

table 6 : explain SELECT id FROM sbtest6 WHERE id BETWEEN 4164183 AND 4164283
	Index Only Scan using sbtest6_pkey on sbtest6  (cost=0.43..6.45 rows=101 width=4)
	  Index Cond: ((id >= 4164183) AND (id <= 4164283))

table 7 : explain SELECT id FROM sbtest7 WHERE id BETWEEN 4164183 AND 4164283
	Index Only Scan using sbtest7_pkey on sbtest7  (cost=0.43..6.32 rows=94 width=4)
	  Index Cond: ((id >= 4164183) AND (id <= 4164283))

table 8 : explain SELECT id FROM sbtest8 WHERE id BETWEEN 4164183 AND 4164283
	Index Only Scan using sbtest8_pkey on sbtest8  (cost=0.43..6.35 rows=96 width=4)
	  Index Cond: ((id >= 4164183) AND (id <= 4164283))

for range-covered
table 1 : explain SELECT id FROM sbtest1 WHERE id BETWEEN 3174132 AND 3174232
	Index Only Scan using sbtest1_pkey on sbtest1  (cost=0.43..6.50 rows=103 width=4)
	  Index Cond: ((id >= 3174132) AND (id <= 3174232))

table 2 : explain SELECT id FROM sbtest2 WHERE id BETWEEN 3174132 AND 3174232
	Index Only Scan using sbtest2_pkey on sbtest2  (cost=0.43..6.47 rows=102 width=4)
	  Index Cond: ((id >= 3174132) AND (id <= 3174232))

table 3 : explain SELECT id FROM sbtest3 WHERE id BETWEEN 3174132 AND 3174232
	Index Only Scan using sbtest3_pkey on sbtest3  (cost=0.43..6.50 rows=103 width=4)
	  Index Cond: ((id >= 3174132) AND (id <= 3174232))

table 4 : explain SELECT id FROM sbtest4 WHERE id BETWEEN 3174132 AND 3174232
	Index Only Scan using sbtest4_pkey on sbtest4  (cost=0.43..6.56 rows=106 width=4)
	  Index Cond: ((id >= 3174132) AND (id <= 3174232))

table 5 : explain SELECT id FROM sbtest5 WHERE id BETWEEN 3174132 AND 3174232
	Index Only Scan using sbtest5_pkey on sbtest5  (cost=0.43..6.42 rows=99 width=4)
	  Index Cond: ((id >= 3174132) AND (id <= 3174232))

table 6 : explain SELECT id FROM sbtest6 WHERE id BETWEEN 3174132 AND 3174232
	Index Only Scan using sbtest6_pkey on sbtest6  (cost=0.43..6.29 rows=93 width=4)
	  Index Cond: ((id >= 3174132) AND (id <= 3174232))

table 7 : explain SELECT id FROM sbtest7 WHERE id BETWEEN 3174132 AND 3174232
	Index Only Scan using sbtest7_pkey on sbtest7  (cost=0.43..6.29 rows=93 width=4)
	  Index Cond: ((id >= 3174132) AND (id <= 3174232))

table 8 : explain SELECT id FROM sbtest8 WHERE id BETWEEN 3174132 AND 3174232
	Index Only Scan using sbtest8_pkey on sbtest8  (cost=0.43..6.42 rows=99 width=4)
	  Index Cond: ((id >= 3174132) AND (id <= 3174232))

explain: for range-covered :: explain SELECT id FROM sbtest%d WHERE id BETWEEN 4164183 AND 4164283
for range-covered
table 1 : explain SELECT id FROM sbtest1 WHERE id BETWEEN 2571317 AND 2571417
	Index Only Scan using sbtest1_pkey on sbtest1  (cost=0.43..6.42 rows=99 width=4)
	  Index Cond: ((id >= 2571317) AND (id <= 2571417))

table 2 : explain SELECT id FROM sbtest2 WHERE id BETWEEN 2571317 AND 2571417
	Index Only Scan using sbtest2_pkey on sbtest2  (cost=0.43..6.35 rows=96 width=4)
	  Index Cond: ((id >= 2571317) AND (id <= 2571417))

table 3 : explain SELECT id FROM sbtest3 WHERE id BETWEEN 2571317 AND 2571417
	Index Only Scan using sbtest3_pkey on sbtest3  (cost=0.43..6.40 rows=98 width=4)
	  Index Cond: ((id >= 2571317) AND (id <= 2571417))

table 4 : explain SELECT id FROM sbtest4 WHERE id BETWEEN 2571317 AND 2571417
	Index Only Scan using sbtest4_pkey on sbtest4  (cost=0.43..6.42 rows=99 width=4)
	  Index Cond: ((id >= 2571317) AND (id <= 2571417))

table 5 : explain SELECT id FROM sbtest5 WHERE id BETWEEN 2571317 AND 2571417
	Index Only Scan using sbtest5_pkey on sbtest5  (cost=0.43..6.33 rows=95 width=4)
	  Index Cond: ((id >= 2571317) AND (id <= 2571417))

table 6 : explain SELECT id FROM sbtest6 WHERE id BETWEEN 2571317 AND 2571417
	Index Only Scan using sbtest6_pkey on sbtest6  (cost=0.43..6.72 rows=114 width=4)
	  Index Cond: ((id >= 2571317) AND (id <= 2571417))

table 7 : explain SELECT id FROM sbtest7 WHERE id BETWEEN 2571317 AND 2571417
	Index Only Scan using sbtest7_pkey on sbtest7  (cost=0.43..6.53 rows=105 width=4)
	  Index Cond: ((id >= 2571317) AND (id <= 2571417))

table 8 : explain SELECT id FROM sbtest8 WHERE id BETWEEN 2571317 AND 2571417
	Index Only Scan using sbtest8_pkey on sbtest8  (cost=0.43..6.32 rows=94 width=4)
	  Index Cond: ((id >= 2571317) AND (id <= 2571417))

for range-covered
table 1 : explain SELECT id FROM sbtest1 WHERE id BETWEEN 5819650 AND 5819750
	Index Only Scan using sbtest1_pkey on sbtest1  (cost=0.43..6.66 rows=111 width=4)
	  Index Cond: ((id >= 5819650) AND (id <= 5819750))

table 2 : explain SELECT id FROM sbtest2 WHERE id BETWEEN 5819650 AND 5819750
	Index Only Scan using sbtest2_pkey on sbtest2  (cost=0.43..6.51 rows=104 width=4)
	  Index Cond: ((id >= 5819650) AND (id <= 5819750))

table 3 : explain SELECT id FROM sbtest3 WHERE id BETWEEN 5819650 AND 5819750
	Index Only Scan using sbtest3_pkey on sbtest3  (cost=0.43..6.69 rows=113 width=4)
	  Index Cond: ((id >= 5819650) AND (id <= 5819750))

table 4 : explain SELECT id FROM sbtest4 WHERE id BETWEEN 5819650 AND 5819750
	Index Only Scan using sbtest4_pkey on sbtest4  (cost=0.43..6.25 rows=91 width=4)
	  Index Cond: ((id >= 5819650) AND (id <= 5819750))

table 5 : explain SELECT id FROM sbtest5 WHERE id BETWEEN 5819650 AND 5819750
	Index Only Scan using sbtest5_pkey on sbtest5  (cost=0.43..6.45 rows=101 width=4)
	  Index Cond: ((id >= 5819650) AND (id <= 5819750))

table 6 : explain SELECT id FROM sbtest6 WHERE id BETWEEN 5819650 AND 5819750
	Index Only Scan using sbtest6_pkey on sbtest6  (cost=0.43..6.43 rows=100 width=4)
	  Index Cond: ((id >= 5819650) AND (id <= 5819750))

table 7 : explain SELECT id FROM sbtest7 WHERE id BETWEEN 5819650 AND 5819750
	Index Only Scan using sbtest7_pkey on sbtest7  (cost=0.43..6.50 rows=103 width=4)
	  Index Cond: ((id >= 5819650) AND (id <= 5819750))

table 8 : explain SELECT id FROM sbtest8 WHERE id BETWEEN 5819650 AND 5819750
	Index Only Scan using sbtest8_pkey on sbtest8  (cost=0.43..6.35 rows=96 width=4)
	  Index Cond: ((id >= 5819650) AND (id <= 5819750))

for range-covered
table 1 : explain SELECT id FROM sbtest1 WHERE id BETWEEN 4939139 AND 4939239
	Index Only Scan using sbtest1_pkey on sbtest1  (cost=0.43..6.56 rows=106 width=4)
	  Index Cond: ((id >= 4939139) AND (id <= 4939239))

table 2 : explain SELECT id FROM sbtest2 WHERE id BETWEEN 4939139 AND 4939239
	Index Only Scan using sbtest2_pkey on sbtest2  (cost=0.43..6.63 rows=110 width=4)
	  Index Cond: ((id >= 4939139) AND (id <= 4939239))

table 3 : explain SELECT id FROM sbtest3 WHERE id BETWEEN 4939139 AND 4939239
	Index Only Scan using sbtest3_pkey on sbtest3  (cost=0.43..6.42 rows=99 width=4)
	  Index Cond: ((id >= 4939139) AND (id <= 4939239))

table 4 : explain SELECT id FROM sbtest4 WHERE id BETWEEN 4939139 AND 4939239
	Index Only Scan using sbtest4_pkey on sbtest4  (cost=0.43..6.19 rows=88 width=4)
	  Index Cond: ((id >= 4939139) AND (id <= 4939239))

table 5 : explain SELECT id FROM sbtest5 WHERE id BETWEEN 4939139 AND 4939239
	Index Only Scan using sbtest5_pkey on sbtest5  (cost=0.43..6.43 rows=100 width=4)
	  Index Cond: ((id >= 4939139) AND (id <= 4939239))

table 6 : explain SELECT id FROM sbtest6 WHERE id BETWEEN 4939139 AND 4939239
	Index Only Scan using sbtest6_pkey on sbtest6  (cost=0.43..6.43 rows=100 width=4)
	  Index Cond: ((id >= 4939139) AND (id <= 4939239))

table 7 : explain SELECT id FROM sbtest7 WHERE id BETWEEN 4939139 AND 4939239
	Index Only Scan using sbtest7_pkey on sbtest7  (cost=0.43..6.58 rows=107 width=4)
	  Index Cond: ((id >= 4939139) AND (id <= 4939239))

table 8 : explain SELECT id FROM sbtest8 WHERE id BETWEEN 4939139 AND 4939239
	Index Only Scan using sbtest8_pkey on sbtest8  (cost=0.43..6.47 rows=102 width=4)
	  Index Cond: ((id >= 4939139) AND (id <= 4939239))

explain: for range-covered :: explain SELECT id FROM sbtest%d WHERE id BETWEEN 7047149 AND 7047249
for range-covered
table 1 : explain SELECT id FROM sbtest1 WHERE id BETWEEN 5781107 AND 5781207
	Index Only Scan using sbtest1_pkey on sbtest1  (cost=0.43..6.66 rows=111 width=4)
	  Index Cond: ((id >= 5781107) AND (id <= 5781207))

table 2 : explain SELECT id FROM sbtest2 WHERE id BETWEEN 5781107 AND 5781207
	Index Only Scan using sbtest2_pkey on sbtest2  (cost=0.43..6.51 rows=104 width=4)
	  Index Cond: ((id >= 5781107) AND (id <= 5781207))

table 3 : explain SELECT id FROM sbtest3 WHERE id BETWEEN 5781107 AND 5781207
	Index Only Scan using sbtest3_pkey on sbtest3  (cost=0.43..6.69 rows=113 width=4)
	  Index Cond: ((id >= 5781107) AND (id <= 5781207))

table 4 : explain SELECT id FROM sbtest4 WHERE id BETWEEN 5781107 AND 5781207
	Index Only Scan using sbtest4_pkey on sbtest4  (cost=0.43..6.37 rows=97 width=4)
	  Index Cond: ((id >= 5781107) AND (id <= 5781207))

table 5 : explain SELECT id FROM sbtest5 WHERE id BETWEEN 5781107 AND 5781207
	Index Only Scan using sbtest5_pkey on sbtest5  (cost=0.43..6.45 rows=101 width=4)
	  Index Cond: ((id >= 5781107) AND (id <= 5781207))

table 6 : explain SELECT id FROM sbtest6 WHERE id BETWEEN 5781107 AND 5781207
	Index Only Scan using sbtest6_pkey on sbtest6  (cost=0.43..6.66 rows=111 width=4)
	  Index Cond: ((id >= 5781107) AND (id <= 5781207))

table 7 : explain SELECT id FROM sbtest7 WHERE id BETWEEN 5781107 AND 5781207
	Index Only Scan using sbtest7_pkey on sbtest7  (cost=0.43..6.40 rows=98 width=4)
	  Index Cond: ((id >= 5781107) AND (id <= 5781207))

table 8 : explain SELECT id FROM sbtest8 WHERE id BETWEEN 5781107 AND 5781207
	Index Only Scan using sbtest8_pkey on sbtest8  (cost=0.43..6.45 rows=101 width=4)
	  Index Cond: ((id >= 5781107) AND (id <= 5781207))

explain: for range-covered :: explain SELECT id FROM sbtest%d WHERE id BETWEEN 2571317 AND 2571417
explain: for range-covered :: explain SELECT id FROM sbtest%d WHERE id BETWEEN 3174132 AND 3174232
explain: for range-covered :: explain SELECT id FROM sbtest%d WHERE id BETWEEN 5781107 AND 5781207
explain: for range-covered :: explain SELECT id FROM sbtest%d WHERE id BETWEEN 5819650 AND 5819750
for range-covered
table 1 : explain SELECT id FROM sbtest1 WHERE id BETWEEN 7839750 AND 7839850
	Index Only Scan using sbtest1_pkey on sbtest1  (cost=0.43..6.35 rows=96 width=4)
	  Index Cond: ((id >= 7839750) AND (id <= 7839850))

table 2 : explain SELECT id FROM sbtest2 WHERE id BETWEEN 7839750 AND 7839850
	Index Only Scan using sbtest2_pkey on sbtest2  (cost=0.43..6.27 rows=92 width=4)
	  Index Cond: ((id >= 7839750) AND (id <= 7839850))

table 3 : explain SELECT id FROM sbtest3 WHERE id BETWEEN 7839750 AND 7839850
	Index Only Scan using sbtest3_pkey on sbtest3  (cost=0.43..6.40 rows=98 width=4)
	  Index Cond: ((id >= 7839750) AND (id <= 7839850))

table 4 : explain SELECT id FROM sbtest4 WHERE id BETWEEN 7839750 AND 7839850
	Index Only Scan using sbtest4_pkey on sbtest4  (cost=0.43..6.51 rows=104 width=4)
	  Index Cond: ((id >= 7839750) AND (id <= 7839850))

table 5 : explain SELECT id FROM sbtest5 WHERE id BETWEEN 7839750 AND 7839850
	Index Only Scan using sbtest5_pkey on sbtest5  (cost=0.43..6.29 rows=93 width=4)
	  Index Cond: ((id >= 7839750) AND (id <= 7839850))

table 6 : explain SELECT id FROM sbtest6 WHERE id BETWEEN 7839750 AND 7839850
	Index Only Scan using sbtest6_pkey on sbtest6  (cost=0.43..6.33 rows=95 width=4)
	  Index Cond: ((id >= 7839750) AND (id <= 7839850))

table 7 : explain SELECT id FROM sbtest7 WHERE id BETWEEN 7839750 AND 7839850
	Index Only Scan using sbtest7_pkey on sbtest7  (cost=0.43..6.53 rows=105 width=4)
	  Index Cond: ((id >= 7839750) AND (id <= 7839850))

table 8 : explain SELECT id FROM sbtest8 WHERE id BETWEEN 7839750 AND 7839850
	Index Only Scan using sbtest8_pkey on sbtest8  (cost=0.43..6.42 rows=99 width=4)
	  Index Cond: ((id >= 7839750) AND (id <= 7839850))

explain: for range-covered :: explain SELECT id FROM sbtest%d WHERE id BETWEEN 4939139 AND 4939239explain: for range-covered :: explain SELECT id FROM sbtest%d WHERE id BETWEEN 7839750 AND 7839850

for range-covered
table 1 : explain SELECT id FROM sbtest1 WHERE id BETWEEN 247417 AND 247517
	Index Only Scan using sbtest1_pkey on sbtest1  (cost=0.43..6.43 rows=100 width=4)
	  Index Cond: ((id >= 247417) AND (id <= 247517))

table 2 : explain SELECT id FROM sbtest2 WHERE id BETWEEN 247417 AND 247517
	Index Only Scan using sbtest2_pkey on sbtest2  (cost=0.43..6.58 rows=107 width=4)
	  Index Cond: ((id >= 247417) AND (id <= 247517))

table 3 : explain SELECT id FROM sbtest3 WHERE id BETWEEN 247417 AND 247517
	Index Only Scan using sbtest3_pkey on sbtest3  (cost=0.43..6.33 rows=95 width=4)
	  Index Cond: ((id >= 247417) AND (id <= 247517))

table 4 : explain SELECT id FROM sbtest4 WHERE id BETWEEN 247417 AND 247517
	Index Only Scan using sbtest4_pkey on sbtest4  (cost=0.43..6.21 rows=89 width=4)
	  Index Cond: ((id >= 247417) AND (id <= 247517))

table 5 : explain SELECT id FROM sbtest5 WHERE id BETWEEN 247417 AND 247517
	Index Only Scan using sbtest5_pkey on sbtest5  (cost=0.43..6.25 rows=91 width=4)
	  Index Cond: ((id >= 247417) AND (id <= 247517))

table 6 : explain SELECT id FROM sbtest6 WHERE id BETWEEN 247417 AND 247517
	Index Only Scan using sbtest6_pkey on sbtest6  (cost=0.43..6.58 rows=107 width=4)
	  Index Cond: ((id >= 247417) AND (id <= 247517))

table 7 : explain SELECT id FROM sbtest7 WHERE id BETWEEN 247417 AND 247517
	Index Only Scan using sbtest7_pkey on sbtest7  (cost=0.43..6.69 rows=113 width=4)
	  Index Cond: ((id >= 247417) AND (id <= 247517))

table 8 : explain SELECT id FROM sbtest8 WHERE id BETWEEN 247417 AND 247517
	Index Only Scan using sbtest8_pkey on sbtest8  (cost=0.43..6.47 rows=102 width=4)
	  Index Cond: ((id >= 247417) AND (id <= 247517))

for range-covered
table 1 : explain SELECT id FROM sbtest1 WHERE id BETWEEN 5678786 AND 5678886
	Index Only Scan using sbtest1_pkey on sbtest1  (cost=0.43..6.50 rows=103 width=4)
	  Index Cond: ((id >= 5678786) AND (id <= 5678886))

table 2 : explain SELECT id FROM sbtest2 WHERE id BETWEEN 5678786 AND 5678886
	Index Only Scan using sbtest2_pkey on sbtest2  (cost=0.43..6.37 rows=97 width=4)
	  Index Cond: ((id >= 5678786) AND (id <= 5678886))

table 3 : explain SELECT id FROM sbtest3 WHERE id BETWEEN 5678786 AND 5678886
	Index Only Scan using sbtest3_pkey on sbtest3  (cost=0.43..6.53 rows=105 width=4)
	  Index Cond: ((id >= 5678786) AND (id <= 5678886))

table 4 : explain SELECT id FROM sbtest4 WHERE id BETWEEN 5678786 AND 5678886
	Index Only Scan using sbtest4_pkey on sbtest4  (cost=0.43..6.63 rows=110 width=4)
	  Index Cond: ((id >= 5678786) AND (id <= 5678886))

table 5 : explain SELECT id FROM sbtest5 WHERE id BETWEEN 5678786 AND 5678886
	Index Only Scan using sbtest5_pkey on sbtest5  (cost=0.43..6.53 rows=105 width=4)
	  Index Cond: ((id >= 5678786) AND (id <= 5678886))

table 6 : explain SELECT id FROM sbtest6 WHERE id BETWEEN 5678786 AND 5678886
	Index Only Scan using sbtest6_pkey on sbtest6  (cost=0.43..6.58 rows=107 width=4)
	  Index Cond: ((id >= 5678786) AND (id <= 5678886))

table 7 : explain SELECT id FROM sbtest7 WHERE id BETWEEN 5678786 AND 5678886
	Index Only Scan using sbtest7_pkey on sbtest7  (cost=0.43..6.47 rows=102 width=4)
	  Index Cond: ((id >= 5678786) AND (id <= 5678886))

table 8 : explain SELECT id FROM sbtest8 WHERE id BETWEEN 5678786 AND 5678886
	Index Only Scan using sbtest8_pkey on sbtest8  (cost=0.43..6.63 rows=110 width=4)
	  Index Cond: ((id >= 5678786) AND (id <= 5678886))

explain: for range-covered :: explain SELECT id FROM sbtest%d WHERE id BETWEEN 5678786 AND 5678886
explain: for range-covered :: explain SELECT id FROM sbtest%d WHERE id BETWEEN 5438454 AND 5438554
explain: for range-covered :: explain SELECT id FROM sbtest%d WHERE id BETWEEN 1031918 AND 1032018
for range-covered
table 1 : explain SELECT id FROM sbtest1 WHERE id BETWEEN 4164183 AND 4164283
	Index Only Scan using sbtest1_pkey on sbtest1  (cost=0.43..6.47 rows=102 width=4)
	  Index Cond: ((id >= 4164183) AND (id <= 4164283))

table 2 : explain SELECT id FROM sbtest2 WHERE id BETWEEN 4164183 AND 4164283
	Index Only Scan using sbtest2_pkey on sbtest2  (cost=0.43..6.47 rows=102 width=4)
	  Index Cond: ((id >= 4164183) AND (id <= 4164283))

table 3 : explain SELECT id FROM sbtest3 WHERE id BETWEEN 4164183 AND 4164283
	Index Only Scan using sbtest3_pkey on sbtest3  (cost=0.43..6.53 rows=105 width=4)
	  Index Cond: ((id >= 4164183) AND (id <= 4164283))

table 4 : explain SELECT id FROM sbtest4 WHERE id BETWEEN 4164183 AND 4164283
	Index Only Scan using sbtest4_pkey on sbtest4  (cost=0.43..6.50 rows=103 width=4)
	  Index Cond: ((id >= 4164183) AND (id <= 4164283))

table 5 : explain SELECT id FROM sbtest5 WHERE id BETWEEN 4164183 AND 4164283
	Index Only Scan using sbtest5_pkey on sbtest5  (cost=0.43..6.53 rows=105 width=4)
	  Index Cond: ((id >= 4164183) AND (id <= 4164283))

table 6 : explain SELECT id FROM sbtest6 WHERE id BETWEEN 4164183 AND 4164283
	Index Only Scan using sbtest6_pkey on sbtest6  (cost=0.43..6.45 rows=101 width=4)
	  Index Cond: ((id >= 4164183) AND (id <= 4164283))

table 7 : explain SELECT id FROM sbtest7 WHERE id BETWEEN 4164183 AND 4164283
	Index Only Scan using sbtest7_pkey on sbtest7  (cost=0.43..6.32 rows=94 width=4)
	  Index Cond: ((id >= 4164183) AND (id <= 4164283))

table 8 : explain SELECT id FROM sbtest8 WHERE id BETWEEN 4164183 AND 4164283
	Index Only Scan using sbtest8_pkey on sbtest8  (cost=0.43..6.35 rows=96 width=4)
	  Index Cond: ((id >= 4164183) AND (id <= 4164283))

for range-covered
table 1 : explain SELECT id FROM sbtest1 WHERE id BETWEEN 3667006 AND 3667106
	Index Only Scan using sbtest1_pkey on sbtest1  (cost=0.43..6.43 rows=100 width=4)
	  Index Cond: ((id >= 3667006) AND (id <= 3667106))

table 2 : explain SELECT id FROM sbtest2 WHERE id BETWEEN 3667006 AND 3667106
	Index Only Scan using sbtest2_pkey on sbtest2  (cost=0.43..6.53 rows=105 width=4)
	  Index Cond: ((id >= 3667006) AND (id <= 3667106))

table 3 : explain SELECT id FROM sbtest3 WHERE id BETWEEN 3667006 AND 3667106
	Index Only Scan using sbtest3_pkey on sbtest3  (cost=0.43..6.59 rows=108 width=4)
	  Index Cond: ((id >= 3667006) AND (id <= 3667106))

table 4 : explain SELECT id FROM sbtest4 WHERE id BETWEEN 3667006 AND 3667106
	Index Only Scan using sbtest4_pkey on sbtest4  (cost=0.43..6.42 rows=99 width=4)
	  Index Cond: ((id >= 3667006) AND (id <= 3667106))

table 5 : explain SELECT id FROM sbtest5 WHERE id BETWEEN 3667006 AND 3667106
	Index Only Scan using sbtest5_pkey on sbtest5  (cost=0.43..6.47 rows=102 width=4)
	  Index Cond: ((id >= 3667006) AND (id <= 3667106))

table 6 : explain SELECT id FROM sbtest6 WHERE id BETWEEN 3667006 AND 3667106
	Index Only Scan using sbtest6_pkey on sbtest6  (cost=0.43..6.32 rows=94 width=4)
	  Index Cond: ((id >= 3667006) AND (id <= 3667106))

table 7 : explain SELECT id FROM sbtest7 WHERE id BETWEEN 3667006 AND 3667106
	Index Only Scan using sbtest7_pkey on sbtest7  (cost=0.43..6.51 rows=104 width=4)
	  Index Cond: ((id >= 3667006) AND (id <= 3667106))

table 8 : explain SELECT id FROM sbtest8 WHERE id BETWEEN 3667006 AND 3667106
	Index Only Scan using sbtest8_pkey on sbtest8  (cost=0.43..6.43 rows=100 width=4)
	  Index Cond: ((id >= 3667006) AND (id <= 3667106))

explain: for range-covered :: explain SELECT id FROM sbtest%d WHERE id BETWEEN 4164183 AND 4164283
for range-covered
table 1 : explain SELECT id FROM sbtest1 WHERE id BETWEEN 770697 AND 770797
	Index Only Scan using sbtest1_pkey on sbtest1  (cost=0.43..6.43 rows=100 width=4)
	  Index Cond: ((id >= 770697) AND (id <= 770797))

table 2 : explain SELECT id FROM sbtest2 WHERE id BETWEEN 770697 AND 770797
	Index Only Scan using sbtest2_pkey on sbtest2  (cost=0.43..6.42 rows=99 width=4)
	  Index Cond: ((id >= 770697) AND (id <= 770797))

table 3 : explain SELECT id FROM sbtest3 WHERE id BETWEEN 770697 AND 770797
	Index Only Scan using sbtest3_pkey on sbtest3  (cost=0.43..6.45 rows=101 width=4)
	  Index Cond: ((id >= 770697) AND (id <= 770797))

table 4 : explain SELECT id FROM sbtest4 WHERE id BETWEEN 770697 AND 770797
	Index Only Scan using sbtest4_pkey on sbtest4  (cost=0.43..6.35 rows=96 width=4)
	  Index Cond: ((id >= 770697) AND (id <= 770797))

table 5 : explain SELECT id FROM sbtest5 WHERE id BETWEEN 770697 AND 770797
	Index Only Scan using sbtest5_pkey on sbtest5  (cost=0.43..6.77 rows=117 width=4)
	  Index Cond: ((id >= 770697) AND (id <= 770797))

table 6 : explain SELECT id FROM sbtest6 WHERE id BETWEEN 770697 AND 770797
	Index Only Scan using sbtest6_pkey on sbtest6  (cost=0.43..6.53 rows=105 width=4)
	  Index Cond: ((id >= 770697) AND (id <= 770797))

table 7 : explain SELECT id FROM sbtest7 WHERE id BETWEEN 770697 AND 770797
	Index Only Scan using sbtest7_pkey on sbtest7  (cost=0.43..6.61 rows=109 width=4)
	  Index Cond: ((id >= 770697) AND (id <= 770797))

table 8 : explain SELECT id FROM sbtest8 WHERE id BETWEEN 770697 AND 770797
	Index Only Scan using sbtest8_pkey on sbtest8  (cost=0.43..6.45 rows=101 width=4)
	  Index Cond: ((id >= 770697) AND (id <= 770797))

explain: for range-covered :: explain SELECT id FROM sbtest%d WHERE id BETWEEN 3667006 AND 3667106for range-covered
table 1 : explain SELECT id FROM sbtest1 WHERE id BETWEEN 5781107 AND 5781207
	Index Only Scan using sbtest1_pkey on sbtest1  (cost=0.43..6.66 rows=111 width=4)
	  Index Cond: ((id >= 5781107) AND (id <= 5781207))

table 2 : explain SELECT id FROM sbtest2 WHERE id BETWEEN 5781107 AND 5781207
	Index Only Scan using sbtest2_pkey on sbtest2  (cost=0.43..6.51 rows=104 width=4)
	  Index Cond: ((id >= 5781107) AND (id <= 5781207))

table 3 : explain SELECT id FROM sbtest3 WHERE id BETWEEN 5781107 AND 5781207
	Index Only Scan using sbtest3_pkey on sbtest3  (cost=0.43..6.69 rows=113 width=4)
	  Index Cond: ((id >= 5781107) AND (id <= 5781207))

table 4 : explain SELECT id FROM sbtest4 WHERE id BETWEEN 5781107 AND 5781207
	Index Only Scan using sbtest4_pkey on sbtest4  (cost=0.43..6.37 rows=97 width=4)
	  Index Cond: ((id >= 5781107) AND (id <= 5781207))

table 5 : explain SELECT id FROM sbtest5 WHERE id BETWEEN 5781107 AND 5781207
	Index Only Scan using sbtest5_pkey on sbtest5  (cost=0.43..6.45 rows=101 width=4)
	  Index Cond: ((id >= 5781107) AND (id <= 5781207))

table 6 : explain SELECT id FROM sbtest6 WHERE id BETWEEN 5781107 AND 5781207
	Index Only Scan using sbtest6_pkey on sbtest6  (cost=0.43..6.66 rows=111 width=4)
	  Index Cond: ((id >= 5781107) AND (id <= 5781207))

table 7 : explain SELECT id FROM sbtest7 WHERE id BETWEEN 5781107 AND 5781207
	Index Only Scan using sbtest7_pkey on sbtest7  (cost=0.43..6.40 rows=98 width=4)
	  Index Cond: ((id >= 5781107) AND (id <= 5781207))

table 8 : explain SELECT id FROM sbtest8 WHERE id BETWEEN 5781107 AND 5781207
	Index Only Scan using sbtest8_pkey on sbtest8  (cost=0.43..6.45 rows=101 width=4)
	  Index Cond: ((id >= 5781107) AND (id <= 5781207))
explain: for range-covered :: explain SELECT id FROM sbtest%d WHERE id BETWEEN 770697 AND 770797


explain: for range-covered :: explain SELECT id FROM sbtest%d WHERE id BETWEEN 5781107 AND 5781207
for range-covered
table 1 : explain SELECT id FROM sbtest1 WHERE id BETWEEN 8067908 AND 8068008
	Index Only Scan using sbtest1_pkey on sbtest1  (cost=0.43..6.37 rows=97 width=4)
	  Index Cond: ((id >= 8067908) AND (id <= 8068008))

table 2 : explain SELECT id FROM sbtest2 WHERE id BETWEEN 8067908 AND 8068008
	Index Only Scan using sbtest2_pkey on sbtest2  (cost=0.43..6.45 rows=101 width=4)
	  Index Cond: ((id >= 8067908) AND (id <= 8068008))

table 3 : explain SELECT id FROM sbtest3 WHERE id BETWEEN 8067908 AND 8068008
	Index Only Scan using sbtest3_pkey on sbtest3  (cost=0.43..6.59 rows=108 width=4)
	  Index Cond: ((id >= 8067908) AND (id <= 8068008))

table 4 : explain SELECT id FROM sbtest4 WHERE id BETWEEN 8067908 AND 8068008
	Index Only Scan using sbtest4_pkey on sbtest4  (cost=0.43..6.25 rows=91 width=4)
	  Index Cond: ((id >= 8067908) AND (id <= 8068008))

table 5 : explain SELECT id FROM sbtest5 WHERE id BETWEEN 8067908 AND 8068008
	Index Only Scan using sbtest5_pkey on sbtest5  (cost=0.43..6.51 rows=104 width=4)
	  Index Cond: ((id >= 8067908) AND (id <= 8068008))

table 6 : explain SELECT id FROM sbtest6 WHERE id BETWEEN 8067908 AND 8068008
	Index Only Scan using sbtest6_pkey on sbtest6  (cost=0.43..6.40 rows=98 width=4)
	  Index Cond: ((id >= 8067908) AND (id <= 8068008))

table 7 : explain SELECT id FROM sbtest7 WHERE id BETWEEN 8067908 AND 8068008
	Index Only Scan using sbtest7_pkey on sbtest7  (cost=0.43..6.47 rows=102 width=4)
	  Index Cond: ((id >= 8067908) AND (id <= 8068008))

table 8 : explain SELECT id FROM sbtest8 WHERE id BETWEEN 8067908 AND 8068008
	Index Only Scan using sbtest8_pkey on sbtest8  (cost=0.43..6.56 rows=106 width=4)
	  Index Cond: ((id >= 8067908) AND (id <= 8068008))

explain: for range-covered :: explain SELECT id FROM sbtest%d WHERE id BETWEEN 3009146 AND 3009246
for range-covered
table 1 : explain SELECT id FROM sbtest1 WHERE id BETWEEN 7047149 AND 7047249
	Index Only Scan using sbtest1_pkey on sbtest1  (cost=0.43..6.51 rows=104 width=4)
	  Index Cond: ((id >= 7047149) AND (id <= 7047249))

table 2 : explain SELECT id FROM sbtest2 WHERE id BETWEEN 7047149 AND 7047249
	Index Only Scan using sbtest2_pkey on sbtest2  (cost=0.43..6.42 rows=99 width=4)
	  Index Cond: ((id >= 7047149) AND (id <= 7047249))

table 3 : explain SELECT id FROM sbtest3 WHERE id BETWEEN 7047149 AND 7047249
	Index Only Scan using sbtest3_pkey on sbtest3  (cost=0.43..6.45 rows=101 width=4)
	  Index Cond: ((id >= 7047149) AND (id <= 7047249))

table 4 : explain SELECT id FROM sbtest4 WHERE id BETWEEN 7047149 AND 7047249
	Index Only Scan using sbtest4_pkey on sbtest4  (cost=0.43..6.56 rows=106 width=4)
	  Index Cond: ((id >= 7047149) AND (id <= 7047249))

table 5 : explain SELECT id FROM sbtest5 WHERE id BETWEEN 7047149 AND 7047249
	Index Only Scan using sbtest5_pkey on sbtest5  (cost=0.43..6.43 rows=100 width=4)
	  Index Cond: ((id >= 7047149) AND (id <= 7047249))

table 6 : explain SELECT id FROM sbtest6 WHERE id BETWEEN 7047149 AND 7047249
	Index Only Scan using sbtest6_pkey on sbtest6  (cost=0.43..6.33 rows=95 width=4)
	  Index Cond: ((id >= 7047149) AND (id <= 7047249))

table 7 : explain SELECT id FROM sbtest7 WHERE id BETWEEN 7047149 AND 7047249
	Index Only Scan using sbtest7_pkey on sbtest7  (cost=0.43..6.40 rows=98 width=4)
	  Index Cond: ((id >= 7047149) AND (id <= 7047249))

table 8 : explain SELECT id FROM sbtest8 WHERE id BETWEEN 7047149 AND 7047249
	Index Only Scan using sbtest8_pkey on sbtest8  (cost=0.43..6.51 rows=104 width=4)
	  Index Cond: ((id >= 7047149) AND (id <= 7047249))

for range-covered
table 1 : explain SELECT id FROM sbtest1 WHERE id BETWEEN 2571317 AND 2571417
	Index Only Scan using sbtest1_pkey on sbtest1  (cost=0.43..6.42 rows=99 width=4)
	  Index Cond: ((id >= 2571317) AND (id <= 2571417))

table 2 : explain SELECT id FROM sbtest2 WHERE id BETWEEN 2571317 AND 2571417
	Index Only Scan using sbtest2_pkey on sbtest2  (cost=0.43..6.35 rows=96 width=4)
	  Index Cond: ((id >= 2571317) AND (id <= 2571417))

table 3 : explain SELECT id FROM sbtest3 WHERE id BETWEEN 2571317 AND 2571417
	Index Only Scan using sbtest3_pkey on sbtest3  (cost=0.43..6.40 rows=98 width=4)
	  Index Cond: ((id >= 2571317) AND (id <= 2571417))

table 4 : explain SELECT id FROM sbtest4 WHERE id BETWEEN 2571317 AND 2571417
	Index Only Scan using sbtest4_pkey on sbtest4  (cost=0.43..6.42 rows=99 width=4)
	  Index Cond: ((id >= 2571317) AND (id <= 2571417))

table 5 : explain SELECT id FROM sbtest5 WHERE id BETWEEN 2571317 AND 2571417
	Index Only Scan using sbtest5_pkey on sbtest5  (cost=0.43..6.33 rows=95 width=4)
	  Index Cond: ((id >= 2571317) AND (id <= 2571417))

table 6 : explain SELECT id FROM sbtest6 WHERE id BETWEEN 2571317 AND 2571417
	Index Only Scan using sbtest6_pkey on sbtest6  (cost=0.43..6.72 rows=114 width=4)
	  Index Cond: ((id >= 2571317) AND (id <= 2571417))

table 7 : explain SELECT id FROM sbtest7 WHERE id BETWEEN 2571317 AND 2571417
	Index Only Scan using sbtest7_pkey on sbtest7  (cost=0.43..6.53 rows=105 width=4)
	  Index Cond: ((id >= 2571317) AND (id <= 2571417))

table 8 : explain SELECT id FROM sbtest8 WHERE id BETWEEN 2571317 AND 2571417
	Index Only Scan using sbtest8_pkey on sbtest8  (cost=0.43..6.32 rows=94 width=4)
	  Index Cond: ((id >= 2571317) AND (id <= 2571417))

explain: for range-covered :: explain SELECT id FROM sbtest%d WHERE id BETWEEN 8067908 AND 8068008
for range-covered
table 1 : explain SELECT id FROM sbtest1 WHERE id BETWEEN 4846981 AND 4847081
	Index Only Scan using sbtest1_pkey on sbtest1  (cost=0.43..6.29 rows=93 width=4)
	  Index Cond: ((id >= 4846981) AND (id <= 4847081))

table 2 : explain SELECT id FROM sbtest2 WHERE id BETWEEN 4846981 AND 4847081
	Index Only Scan using sbtest2_pkey on sbtest2  (cost=0.43..6.27 rows=92 width=4)
	  Index Cond: ((id >= 4846981) AND (id <= 4847081))

table 3 : explain SELECT id FROM sbtest3 WHERE id BETWEEN 4846981 AND 4847081
	Index Only Scan using sbtest3_pkey on sbtest3  (cost=0.43..6.27 rows=92 width=4)
	  Index Cond: ((id >= 4846981) AND (id <= 4847081))

table 4 : explain SELECT id FROM sbtest4 WHERE id BETWEEN 4846981 AND 4847081
	Index Only Scan using sbtest4_pkey on sbtest4  (cost=0.43..6.19 rows=88 width=4)
	  Index Cond: ((id >= 4846981) AND (id <= 4847081))

table 5 : explain SELECT id FROM sbtest5 WHERE id BETWEEN 4846981 AND 4847081
	Index Only Scan using sbtest5_pkey on sbtest5  (cost=0.43..6.43 rows=100 width=4)
	  Index Cond: ((id >= 4846981) AND (id <= 4847081))

table 6 : explain SELECT id FROM sbtest6 WHERE id BETWEEN 4846981 AND 4847081
	Index Only Scan using sbtest6_pkey on sbtest6  (cost=0.43..6.35 rows=96 width=4)
	  Index Cond: ((id >= 4846981) AND (id <= 4847081))

table 7 : explain SELECT id FROM sbtest7 WHERE id BETWEEN 4846981 AND 4847081
	Index Only Scan using sbtest7_pkey on sbtest7  (cost=0.43..6.51 rows=104 width=4)
	  Index Cond: ((id >= 4846981) AND (id <= 4847081))

table 8 : explain SELECT id FROM sbtest8 WHERE id BETWEEN 4846981 AND 4847081
	Index Only Scan using sbtest8_pkey on sbtest8  (cost=0.43..6.19 rows=88 width=4)
	  Index Cond: ((id >= 4846981) AND (id <= 4847081))

for range-covered
table 1 : explain SELECT id FROM sbtest1 WHERE id BETWEEN 4164183 AND 4164283
	Index Only Scan using sbtest1_pkey on sbtest1  (cost=0.43..6.47 rows=102 width=4)
	  Index Cond: ((id >= 4164183) AND (id <= 4164283))

table 2 : explain SELECT id FROM sbtest2 WHERE id BETWEEN 4164183 AND 4164283
	Index Only Scan using sbtest2_pkey on sbtest2  (cost=0.43..6.47 rows=102 width=4)
	  Index Cond: ((id >= 4164183) AND (id <= 4164283))

table 3 : explain SELECT id FROM sbtest3 WHERE id BETWEEN 4164183 AND 4164283
	Index Only Scan using sbtest3_pkey on sbtest3  (cost=0.43..6.53 rows=105 width=4)
	  Index Cond: ((id >= 4164183) AND (id <= 4164283))

table 4 : explain SELECT id FROM sbtest4 WHERE id BETWEEN 4164183 AND 4164283
	Index Only Scan using sbtest4_pkey on sbtest4  (cost=0.43..6.50 rows=103 width=4)
	  Index Cond: ((id >= 4164183) AND (id <= 4164283))

table 5 : explain SELECT id FROM sbtest5 WHERE id BETWEEN 4164183 AND 4164283
	Index Only Scan using sbtest5_pkey on sbtest5  (cost=0.43..6.53 rows=105 width=4)
	  Index Cond: ((id >= 4164183) AND (id <= 4164283))

table 6 : explain SELECT id FROM sbtest6 WHERE id BETWEEN 4164183 AND 4164283
	Index Only Scan using sbtest6_pkey on sbtest6  (cost=0.43..6.45 rows=101 width=4)
	  Index Cond: ((id >= 4164183) AND (id <= 4164283))

table 7 : explain SELECT id FROM sbtest7 WHERE id BETWEEN 4164183 AND 4164283
	Index Only Scan using sbtest7_pkey on sbtest7  (cost=0.43..6.32 rows=94 width=4)
	  Index Cond: ((id >= 4164183) AND (id <= 4164283))

table 8 : explain SELECT id FROM sbtest8 WHERE id BETWEEN 4164183 AND 4164283
	Index Only Scan using sbtest8_pkey on sbtest8  (cost=0.43..6.35 rows=96 width=4)
	  Index Cond: ((id >= 4164183) AND (id <= 4164283))

explain: for range-covered :: explain SELECT id FROM sbtest%d WHERE id BETWEEN 7047149 AND 7047249
explain: for range-covered :: explain SELECT id FROM sbtest%d WHERE id BETWEEN 4164183 AND 4164283
explain: for range-covered :: explain SELECT id FROM sbtest%d WHERE id BETWEEN 6041285 AND 6041385
for range-covered
table 1 : explain SELECT id FROM sbtest1 WHERE id BETWEEN 3308156 AND 3308256
	Index Only Scan using sbtest1_pkey on sbtest1  (cost=0.43..6.50 rows=103 width=4)
	  Index Cond: ((id >= 3308156) AND (id <= 3308256))

table 2 : explain SELECT id FROM sbtest2 WHERE id BETWEEN 3308156 AND 3308256
	Index Only Scan using sbtest2_pkey on sbtest2  (cost=0.43..6.45 rows=101 width=4)
	  Index Cond: ((id >= 3308156) AND (id <= 3308256))

table 3 : explain SELECT id FROM sbtest3 WHERE id BETWEEN 3308156 AND 3308256
	Index Only Scan using sbtest3_pkey on sbtest3  (cost=0.43..6.75 rows=116 width=4)
	  Index Cond: ((id >= 3308156) AND (id <= 3308256))

table 4 : explain SELECT id FROM sbtest4 WHERE id BETWEEN 3308156 AND 3308256
	Index Only Scan using sbtest4_pkey on sbtest4  (cost=0.43..6.42 rows=99 width=4)
	  Index Cond: ((id >= 3308156) AND (id <= 3308256))

table 5 : explain SELECT id FROM sbtest5 WHERE id BETWEEN 3308156 AND 3308256
	Index Only Scan using sbtest5_pkey on sbtest5  (cost=0.43..6.43 rows=100 width=4)
	  Index Cond: ((id >= 3308156) AND (id <= 3308256))

table 6 : explain SELECT id FROM sbtest6 WHERE id BETWEEN 3308156 AND 3308256
	Index Only Scan using sbtest6_pkey on sbtest6  (cost=0.43..6.35 rows=96 width=4)
	  Index Cond: ((id >= 3308156) AND (id <= 3308256))

table 7 : explain SELECT id FROM sbtest7 WHERE id BETWEEN 3308156 AND 3308256
	Index Only Scan using sbtest7_pkey on sbtest7  (cost=0.43..6.58 rows=107 width=4)
	  Index Cond: ((id >= 3308156) AND (id <= 3308256))

table 8 : explain SELECT id FROM sbtest8 WHERE id BETWEEN 3308156 AND 3308256
	Index Only Scan using sbtest8_pkey on sbtest8  (cost=0.43..6.42 rows=99 width=4)
	  Index Cond: ((id >= 3308156) AND (id <= 3308256))

explain: for range-covered :: explain SELECT id FROM sbtest%d WHERE id BETWEEN 4846981 AND 4847081
explain: for range-covered :: explain SELECT id FROM sbtest%d WHERE id BETWEEN 2571317 AND 2571417
for range-covered
table 1 : explain SELECT id FROM sbtest1 WHERE id BETWEEN 5781107 AND 5781207
	Index Only Scan using sbtest1_pkey on sbtest1  (cost=0.43..6.66 rows=111 width=4)
	  Index Cond: ((id >= 5781107) AND (id <= 5781207))

table 2 : explain SELECT id FROM sbtest2 WHERE id BETWEEN 5781107 AND 5781207
	Index Only Scan using sbtest2_pkey on sbtest2  (cost=0.43..6.51 rows=104 width=4)
	  Index Cond: ((id >= 5781107) AND (id <= 5781207))

table 3 : explain SELECT id FROM sbtest3 WHERE id BETWEEN 5781107 AND 5781207
	Index Only Scan using sbtest3_pkey on sbtest3  (cost=0.43..6.69 rows=113 width=4)
	  Index Cond: ((id >= 5781107) AND (id <= 5781207))

table 4 : explain SELECT id FROM sbtest4 WHERE id BETWEEN 5781107 AND 5781207
	Index Only Scan using sbtest4_pkey on sbtest4  (cost=0.43..6.37 rows=97 width=4)
	  Index Cond: ((id >= 5781107) AND (id <= 5781207))

table 5 : explain SELECT id FROM sbtest5 WHERE id BETWEEN 5781107 AND 5781207
	Index Only Scan using sbtest5_pkey on sbtest5  (cost=0.43..6.45 rows=101 width=4)
	  Index Cond: ((id >= 5781107) AND (id <= 5781207))

table 6 : explain SELECT id FROM sbtest6 WHERE id BETWEEN 5781107 AND 5781207
	Index Only Scan using sbtest6_pkey on sbtest6  (cost=0.43..6.66 rows=111 width=4)
	  Index Cond: ((id >= 5781107) AND (id <= 5781207))

table 7 : explain SELECT id FROM sbtest7 WHERE id BETWEEN 5781107 AND 5781207
	Index Only Scan using sbtest7_pkey on sbtest7  (cost=0.43..6.40 rows=98 width=4)
	  Index Cond: ((id >= 5781107) AND (id <= 5781207))

table 8 : explain SELECT id FROM sbtest8 WHERE id BETWEEN 5781107 AND 5781207
	Index Only Scan using sbtest8_pkey on sbtest8  (cost=0.43..6.45 rows=101 width=4)
	  Index Cond: ((id >= 5781107) AND (id <= 5781207))

for range-covered
table 1 : explain SELECT id FROM sbtest1 WHERE id BETWEEN 4939139 AND 4939239
	Index Only Scan using sbtest1_pkey on sbtest1  (cost=0.43..6.56 rows=106 width=4)
	  Index Cond: ((id >= 4939139) AND (id <= 4939239))

table 2 : explain SELECT id FROM sbtest2 WHERE id BETWEEN 4939139 AND 4939239
	Index Only Scan using sbtest2_pkey on sbtest2  (cost=0.43..6.63 rows=110 width=4)
	  Index Cond: ((id >= 4939139) AND (id <= 4939239))

table 3 : explain SELECT id FROM sbtest3 WHERE id BETWEEN 4939139 AND 4939239
	Index Only Scan using sbtest3_pkey on sbtest3  (cost=0.43..6.42 rows=99 width=4)
	  Index Cond: ((id >= 4939139) AND (id <= 4939239))

table 4 : explain SELECT id FROM sbtest4 WHERE id BETWEEN 4939139 AND 4939239
	Index Only Scan using sbtest4_pkey on sbtest4  (cost=0.43..6.19 rows=88 width=4)
	  Index Cond: ((id >= 4939139) AND (id <= 4939239))

table 5 : explain SELECT id FROM sbtest5 WHERE id BETWEEN 4939139 AND 4939239
	Index Only Scan using sbtest5_pkey on sbtest5  (cost=0.43..6.43 rows=100 width=4)
	  Index Cond: ((id >= 4939139) AND (id <= 4939239))

table 6 : explain SELECT id FROM sbtest6 WHERE id BETWEEN 4939139 AND 4939239
	Index Only Scan using sbtest6_pkey on sbtest6  (cost=0.43..6.43 rows=100 width=4)
	  Index Cond: ((id >= 4939139) AND (id <= 4939239))

table 7 : explain SELECT id FROM sbtest7 WHERE id BETWEEN 4939139 AND 4939239
	Index Only Scan using sbtest7_pkey on sbtest7  (cost=0.43..6.58 rows=107 width=4)
	  Index Cond: ((id >= 4939139) AND (id <= 4939239))

table 8 : explain SELECT id FROM sbtest8 WHERE id BETWEEN 4939139 AND 4939239
	Index Only Scan using sbtest8_pkey on sbtest8  (cost=0.43..6.47 rows=102 width=4)
	  Index Cond: ((id >= 4939139) AND (id <= 4939239))

explain: for range-covered :: explain SELECT id FROM sbtest%d WHERE id BETWEEN 5781107 AND 5781207
explain: for range-covered :: explain SELECT id FROM sbtest%d WHERE id BETWEEN 3308156 AND 3308256
for range-covered
table 1 : explain SELECT id FROM sbtest1 WHERE id BETWEEN 5678786 AND 5678886
	Index Only Scan using sbtest1_pkey on sbtest1  (cost=0.43..6.50 rows=103 width=4)
	  Index Cond: ((id >= 5678786) AND (id <= 5678886))

table 2 : explain SELECT id FROM sbtest2 WHERE id BETWEEN 5678786 AND 5678886
	Index Only Scan using sbtest2_pkey on sbtest2  (cost=0.43..6.37 rows=97 width=4)
	  Index Cond: ((id >= 5678786) AND (id <= 5678886))

table 3 : explain SELECT id FROM sbtest3 WHERE id BETWEEN 5678786 AND 5678886
	Index Only Scan using sbtest3_pkey on sbtest3  (cost=0.43..6.53 rows=105 width=4)
	  Index Cond: ((id >= 5678786) AND (id <= 5678886))

table 4 : explain SELECT id FROM sbtest4 WHERE id BETWEEN 5678786 AND 5678886
	Index Only Scan using sbtest4_pkey on sbtest4  (cost=0.43..6.63 rows=110 width=4)
	  Index Cond: ((id >= 5678786) AND (id <= 5678886))

table 5 : explain SELECT id FROM sbtest5 WHERE id BETWEEN 5678786 AND 5678886
	Index Only Scan using sbtest5_pkey on sbtest5  (cost=0.43..6.53 rows=105 width=4)
	  Index Cond: ((id >= 5678786) AND (id <= 5678886))

table 6 : explain SELECT id FROM sbtest6 WHERE id BETWEEN 5678786 AND 5678886
	Index Only Scan using sbtest6_pkey on sbtest6  (cost=0.43..6.58 rows=107 width=4)
	  Index Cond: ((id >= 5678786) AND (id <= 5678886))

table 7 : explain SELECT id FROM sbtest7 WHERE id BETWEEN 5678786 AND 5678886
	Index Only Scan using sbtest7_pkey on sbtest7  (cost=0.43..6.47 rows=102 width=4)
	  Index Cond: ((id >= 5678786) AND (id <= 5678886))

table 8 : explain SELECT id FROM sbtest8 WHERE id BETWEEN 5678786 AND 5678886
	Index Only Scan using sbtest8_pkey on sbtest8  (cost=0.43..6.63 rows=110 width=4)
	  Index Cond: ((id >= 5678786) AND (id <= 5678886))

for range-covered
table 1 : explain SELECT id FROM sbtest1 WHERE id BETWEEN 5452586 AND 5452686
	Index Only Scan using sbtest1_pkey on sbtest1  (cost=0.43..6.35 rows=96 width=4)
	  Index Cond: ((id >= 5452586) AND (id <= 5452686))

table 2 : explain SELECT id FROM sbtest2 WHERE id BETWEEN 5452586 AND 5452686
	Index Only Scan using sbtest2_pkey on sbtest2  (cost=0.43..6.59 rows=108 width=4)
	  Index Cond: ((id >= 5452586) AND (id <= 5452686))

table 3 : explain SELECT id FROM sbtest3 WHERE id BETWEEN 5452586 AND 5452686
	Index Only Scan using sbtest3_pkey on sbtest3  (cost=0.43..6.58 rows=107 width=4)
	  Index Cond: ((id >= 5452586) AND (id <= 5452686))

table 4 : explain SELECT id FROM sbtest4 WHERE id BETWEEN 5452586 AND 5452686
	Index Only Scan using sbtest4_pkey on sbtest4  (cost=0.43..6.69 rows=113 width=4)
	  Index Cond: ((id >= 5452586) AND (id <= 5452686))

table 5 : explain SELECT id FROM sbtest5 WHERE id BETWEEN 5452586 AND 5452686
	Index Only Scan using sbtest5_pkey on sbtest5  (cost=0.43..6.53 rows=105 width=4)
	  Index Cond: ((id >= 5452586) AND (id <= 5452686))

table 6 : explain SELECT id FROM sbtest6 WHERE id BETWEEN 5452586 AND 5452686
	Index Only Scan using sbtest6_pkey on sbtest6  (cost=0.43..6.37 rows=97 width=4)
	  Index Cond: ((id >= 5452586) AND (id <= 5452686))

table 7 : explain SELECT id FROM sbtest7 WHERE id BETWEEN 5452586 AND 5452686
	Index Only Scan using sbtest7_pkey on sbtest7  (cost=0.43..6.50 rows=103 width=4)
	  Index Cond: ((id >= 5452586) AND (id <= 5452686))

table 8 : explain SELECT id FROM sbtest8 WHERE id BETWEEN 5452586 AND 5452686
	Index Only Scan using sbtest8_pkey on sbtest8  (cost=0.43..6.66 rows=111 width=4)
	  Index Cond: ((id >= 5452586) AND (id <= 5452686))

for range-covered
table 1 : explain SELECT id FROM sbtest1 WHERE id BETWEEN 7839750 AND 7839850
	Index Only Scan using sbtest1_pkey on sbtest1  (cost=0.43..6.35 rows=96 width=4)
	  Index Cond: ((id >= 7839750) AND (id <= 7839850))

table 2 : explain SELECT id FROM sbtest2 WHERE id BETWEEN 7839750 AND 7839850
	Index Only Scan using sbtest2_pkey on sbtest2  (cost=0.43..6.27 rows=92 width=4)
	  Index Cond: ((id >= 7839750) AND (id <= 7839850))

table 3 : explain SELECT id FROM sbtest3 WHERE id BETWEEN 7839750 AND 7839850
	Index Only Scan using sbtest3_pkey on sbtest3  (cost=0.43..6.40 rows=98 width=4)
	  Index Cond: ((id >= 7839750) AND (id <= 7839850))

table 4 : explain SELECT id FROM sbtest4 WHERE id BETWEEN 7839750 AND 7839850
	Index Only Scan using sbtest4_pkey on sbtest4  (cost=0.43..6.51 rows=104 width=4)
	  Index Cond: ((id >= 7839750) AND (id <= 7839850))

table 5 : explain SELECT id FROM sbtest5 WHERE id BETWEEN 7839750 AND 7839850
	Index Only Scan using sbtest5_pkey on sbtest5  (cost=0.43..6.29 rows=93 width=4)
	  Index Cond: ((id >= 7839750) AND (id <= 7839850))

table 6 : explain SELECT id FROM sbtest6 WHERE id BETWEEN 7839750 AND 7839850
	Index Only Scan using sbtest6_pkey on sbtest6  (cost=0.43..6.33 rows=95 width=4)
	  Index Cond: ((id >= 7839750) AND (id <= 7839850))

table 7 : explain SELECT id FROM sbtest7 WHERE id BETWEEN 7839750 AND 7839850
	Index Only Scan using sbtest7_pkey on sbtest7  (cost=0.43..6.53 rows=105 width=4)
	  Index Cond: ((id >= 7839750) AND (id <= 7839850))

table 8 : explain SELECT id FROM sbtest8 WHERE id BETWEEN 7839750 AND 7839850
	Index Only Scan using sbtest8_pkey on sbtest8  (cost=0.43..6.42 rows=99 width=4)
	  Index Cond: ((id >= 7839750) AND (id <= 7839850))

explain: for range-covered :: explain SELECT id FROM sbtest%d WHERE id BETWEEN 5678786 AND 5678886
for range-covered
table 1 : explain SELECT id FROM sbtest1 WHERE id BETWEEN 6562249 AND 6562349
	Index Only Scan using sbtest1_pkey on sbtest1  (cost=0.43..6.35 rows=96 width=4)
	  Index Cond: ((id >= 6562249) AND (id <= 6562349))

table 2 : explain SELECT id FROM sbtest2 WHERE id BETWEEN 6562249 AND 6562349
	Index Only Scan using sbtest2_pkey on sbtest2  (cost=0.43..6.19 rows=88 width=4)
	  Index Cond: ((id >= 6562249) AND (id <= 6562349))

table 3 : explain SELECT id FROM sbtest3 WHERE id BETWEEN 6562249 AND 6562349
	Index Only Scan using sbtest3_pkey on sbtest3  (cost=0.43..6.42 rows=99 width=4)
	  Index Cond: ((id >= 6562249) AND (id <= 6562349))

table 4 : explain SELECT id FROM sbtest4 WHERE id BETWEEN 6562249 AND 6562349
	Index Only Scan using sbtest4_pkey on sbtest4  (cost=0.43..6.69 rows=113 width=4)
	  Index Cond: ((id >= 6562249) AND (id <= 6562349))

table 5 : explain SELECT id FROM sbtest5 WHERE id BETWEEN 6562249 AND 6562349
	Index Only Scan using sbtest5_pkey on sbtest5  (cost=0.43..6.51 rows=104 width=4)
	  Index Cond: ((id >= 6562249) AND (id <= 6562349))

table 6 : explain SELECT id FROM sbtest6 WHERE id BETWEEN 6562249 AND 6562349
	Index Only Scan using sbtest6_pkey on sbtest6  (cost=0.43..6.37 rows=97 width=4)
	  Index Cond: ((id >= 6562249) AND (id <= 6562349))

table 7 : explain SELECT id FROM sbtest7 WHERE id BETWEEN 6562249 AND 6562349
	Index Only Scan using sbtest7_pkey on sbtest7  (cost=0.43..6.27 rows=92 width=4)
	  Index Cond: ((id >= 6562249) AND (id <= 6562349))

table 8 : explain SELECT id FROM sbtest8 WHERE id BETWEEN 6562249 AND 6562349
	Index Only Scan using sbtest8_pkey on sbtest8  (cost=0.43..6.43 rows=100 width=4)
	  Index Cond: ((id >= 6562249) AND (id <= 6562349))

for range-covered
table 1 : explain SELECT id FROM sbtest1 WHERE id BETWEEN 4164183 AND 4164283
	Index Only Scan using sbtest1_pkey on sbtest1  (cost=0.43..6.47 rows=102 width=4)
	  Index Cond: ((id >= 4164183) AND (id <= 4164283))

table 2 : explain SELECT id FROM sbtest2 WHERE id BETWEEN 4164183 AND 4164283
	Index Only Scan using sbtest2_pkey on sbtest2  (cost=0.43..6.47 rows=102 width=4)
	  Index Cond: ((id >= 4164183) AND (id <= 4164283))

table 3 : explain SELECT id FROM sbtest3 WHERE id BETWEEN 4164183 AND 4164283
	Index Only Scan using sbtest3_pkey on sbtest3  (cost=0.43..6.53 rows=105 width=4)
	  Index Cond: ((id >= 4164183) AND (id <= 4164283))

table 4 : explain SELECT id FROM sbtest4 WHERE id BETWEEN 4164183 AND 4164283
	Index Only Scan using sbtest4_pkey on sbtest4  (cost=0.43..6.50 rows=103 width=4)
	  Index Cond: ((id >= 4164183) AND (id <= 4164283))

table 5 : explain SELECT id FROM sbtest5 WHERE id BETWEEN 4164183 AND 4164283
	Index Only Scan using sbtest5_pkey on sbtest5  (cost=0.43..6.53 rows=105 width=4)
	  Index Cond: ((id >= 4164183) AND (id <= 4164283))

table 6 : explain SELECT id FROM sbtest6 WHERE id BETWEEN 4164183 AND 4164283
	Index Only Scan using sbtest6_pkey on sbtest6  (cost=0.43..6.45 rows=101 width=4)
	  Index Cond: ((id >= 4164183) AND (id <= 4164283))

table 7 : explain SELECT id FROM sbtest7 WHERE id BETWEEN 4164183 AND 4164283
	Index Only Scan using sbtest7_pkey on sbtest7  (cost=0.43..6.32 rows=94 width=4)
	  Index Cond: ((id >= 4164183) AND (id <= 4164283))

table 8 : explain SELECT id FROM sbtest8 WHERE id BETWEEN 4164183 AND 4164283
	Index Only Scan using sbtest8_pkey on sbtest8  (cost=0.43..6.35 rows=96 width=4)
	  Index Cond: ((id >= 4164183) AND (id <= 4164283))

explain: for range-covered :: explain SELECT id FROM sbtest%d WHERE id BETWEEN 7839750 AND 7839850
explain: for range-covered :: explain SELECT id FROM sbtest%d WHERE id BETWEEN 4939139 AND 4939239
explain: for range-covered :: explain SELECT id FROM sbtest%d WHERE id BETWEEN 4164183 AND 4164283
explain: for range-covered :: explain SELECT id FROM sbtest%d WHERE id BETWEEN 6562249 AND 6562349
for range-covered
table 1 : explain SELECT id FROM sbtest1 WHERE id BETWEEN 3174132 AND 3174232
	Index Only Scan using sbtest1_pkey on sbtest1  (cost=0.43..6.50 rows=103 width=4)
	  Index Cond: ((id >= 3174132) AND (id <= 3174232))

table 2 : explain SELECT id FROM sbtest2 WHERE id BETWEEN 3174132 AND 3174232
	Index Only Scan using sbtest2_pkey on sbtest2  (cost=0.43..6.47 rows=102 width=4)
	  Index Cond: ((id >= 3174132) AND (id <= 3174232))

table 3 : explain SELECT id FROM sbtest3 WHERE id BETWEEN 3174132 AND 3174232
	Index Only Scan using sbtest3_pkey on sbtest3  (cost=0.43..6.50 rows=103 width=4)
	  Index Cond: ((id >= 3174132) AND (id <= 3174232))

table 4 : explain SELECT id FROM sbtest4 WHERE id BETWEEN 3174132 AND 3174232
	Index Only Scan using sbtest4_pkey on sbtest4  (cost=0.43..6.56 rows=106 width=4)
	  Index Cond: ((id >= 3174132) AND (id <= 3174232))

table 5 : explain SELECT id FROM sbtest5 WHERE id BETWEEN 3174132 AND 3174232
	Index Only Scan using sbtest5_pkey on sbtest5  (cost=0.43..6.42 rows=99 width=4)
	  Index Cond: ((id >= 3174132) AND (id <= 3174232))

table 6 : explain SELECT id FROM sbtest6 WHERE id BETWEEN 3174132 AND 3174232
	Index Only Scan using sbtest6_pkey on sbtest6  (cost=0.43..6.29 rows=93 width=4)
	  Index Cond: ((id >= 3174132) AND (id <= 3174232))

table 7 : explain SELECT id FROM sbtest7 WHERE id BETWEEN 3174132 AND 3174232
	Index Only Scan using sbtest7_pkey on sbtest7  (cost=0.43..6.29 rows=93 width=4)
	  Index Cond: ((id >= 3174132) AND (id <= 3174232))

table 8 : explain SELECT id FROM sbtest8 WHERE id BETWEEN 3174132 AND 3174232
	Index Only Scan using sbtest8_pkey on sbtest8  (cost=0.43..6.42 rows=99 width=4)
	  Index Cond: ((id >= 3174132) AND (id <= 3174232))

explain: for range-covered :: explain SELECT id FROM sbtest%d WHERE id BETWEEN 3174132 AND 3174232
for range-covered
table 1 : explain SELECT id FROM sbtest1 WHERE id BETWEEN 770697 AND 770797
	Index Only Scan using sbtest1_pkey on sbtest1  (cost=0.43..6.43 rows=100 width=4)
	  Index Cond: ((id >= 770697) AND (id <= 770797))

table 2 : explain SELECT id FROM sbtest2 WHERE id BETWEEN 770697 AND 770797
	Index Only Scan using sbtest2_pkey on sbtest2  (cost=0.43..6.42 rows=99 width=4)
	  Index Cond: ((id >= 770697) AND (id <= 770797))

table 3 : explain SELECT id FROM sbtest3 WHERE id BETWEEN 770697 AND 770797
	Index Only Scan using sbtest3_pkey on sbtest3  (cost=0.43..6.45 rows=101 width=4)
	  Index Cond: ((id >= 770697) AND (id <= 770797))

table 4 : explain SELECT id FROM sbtest4 WHERE id BETWEEN 770697 AND 770797
	Index Only Scan using sbtest4_pkey on sbtest4  (cost=0.43..6.35 rows=96 width=4)
	  Index Cond: ((id >= 770697) AND (id <= 770797))

table 5 : explain SELECT id FROM sbtest5 WHERE id BETWEEN 770697 AND 770797
	Index Only Scan using sbtest5_pkey on sbtest5  (cost=0.43..6.77 rows=117 width=4)
	  Index Cond: ((id >= 770697) AND (id <= 770797))

table 6 : explain SELECT id FROM sbtest6 WHERE id BETWEEN 770697 AND 770797
	Index Only Scan using sbtest6_pkey on sbtest6  (cost=0.43..6.53 rows=105 width=4)
	  Index Cond: ((id >= 770697) AND (id <= 770797))

table 7 : explain SELECT id FROM sbtest7 WHERE id BETWEEN 770697 AND 770797
	Index Only Scan using sbtest7_pkey on sbtest7  (cost=0.43..6.61 rows=109 width=4)
	  Index Cond: ((id >= 770697) AND (id <= 770797))

table 8 : explain SELECT id FROM sbtest8 WHERE id BETWEEN 770697 AND 770797
	Index Only Scan using sbtest8_pkey on sbtest8  (cost=0.43..6.45 rows=101 width=4)
	  Index Cond: ((id >= 770697) AND (id <= 770797))

for range-covered
table 1 : explain SELECT id FROM sbtest1 WHERE id BETWEEN 5781107 AND 5781207
	Index Only Scan using sbtest1_pkey on sbtest1  (cost=0.43..6.66 rows=111 width=4)
	  Index Cond: ((id >= 5781107) AND (id <= 5781207))

table 2 : explain SELECT id FROM sbtest2 WHERE id BETWEEN 5781107 AND 5781207
	Index Only Scan using sbtest2_pkey on sbtest2  (cost=0.43..6.51 rows=104 width=4)
	  Index Cond: ((id >= 5781107) AND (id <= 5781207))

table 3 : explain SELECT id FROM sbtest3 WHERE id BETWEEN 5781107 AND 5781207
	Index Only Scan using sbtest3_pkey on sbtest3  (cost=0.43..6.69 rows=113 width=4)
	  Index Cond: ((id >= 5781107) AND (id <= 5781207))

table 4 : explain SELECT id FROM sbtest4 WHERE id BETWEEN 5781107 AND 5781207
	Index Only Scan using sbtest4_pkey on sbtest4  (cost=0.43..6.37 rows=97 width=4)
	  Index Cond: ((id >= 5781107) AND (id <= 5781207))

table 5 : explain SELECT id FROM sbtest5 WHERE id BETWEEN 5781107 AND 5781207
	Index Only Scan using sbtest5_pkey on sbtest5  (cost=0.43..6.45 rows=101 width=4)
	  Index Cond: ((id >= 5781107) AND (id <= 5781207))

table 6 : explain SELECT id FROM sbtest6 WHERE id BETWEEN 5781107 AND 5781207
	Index Only Scan using sbtest6_pkey on sbtest6  (cost=0.43..6.66 rows=111 width=4)
	  Index Cond: ((id >= 5781107) AND (id <= 5781207))

table 7 : explain SELECT id FROM sbtest7 WHERE id BETWEEN 5781107 AND 5781207
	Index Only Scan using sbtest7_pkey on sbtest7  (cost=0.43..6.40 rows=98 width=4)
	  Index Cond: ((id >= 5781107) AND (id <= 5781207))

table 8 : explain SELECT id FROM sbtest8 WHERE id BETWEEN 5781107 AND 5781207
	Index Only Scan using sbtest8_pkey on sbtest8  (cost=0.43..6.45 rows=101 width=4)
	  Index Cond: ((id >= 5781107) AND (id <= 5781207))

for range-covered
table 1 : explain SELECT id FROM sbtest1 WHERE id BETWEEN 5678786 AND 5678886
	Index Only Scan using sbtest1_pkey on sbtest1  (cost=0.43..6.50 rows=103 width=4)
	  Index Cond: ((id >= 5678786) AND (id <= 5678886))

table 2 : explain SELECT id FROM sbtest2 WHERE id BETWEEN 5678786 AND 5678886
	Index Only Scan using sbtest2_pkey on sbtest2  (cost=0.43..6.37 rows=97 width=4)
	  Index Cond: ((id >= 5678786) AND (id <= 5678886))

table 3 : explain SELECT id FROM sbtest3 WHERE id BETWEEN 5678786 AND 5678886
	Index Only Scan using sbtest3_pkey on sbtest3  (cost=0.43..6.53 rows=105 width=4)
	  Index Cond: ((id >= 5678786) AND (id <= 5678886))

table 4 : explain SELECT id FROM sbtest4 WHERE id BETWEEN 5678786 AND 5678886
	Index Only Scan using sbtest4_pkey on sbtest4  (cost=0.43..6.63 rows=110 width=4)
	  Index Cond: ((id >= 5678786) AND (id <= 5678886))

table 5 : explain SELECT id FROM sbtest5 WHERE id BETWEEN 5678786 AND 5678886
	Index Only Scan using sbtest5_pkey on sbtest5  (cost=0.43..6.53 rows=105 width=4)
	  Index Cond: ((id >= 5678786) AND (id <= 5678886))

table 6 : explain SELECT id FROM sbtest6 WHERE id BETWEEN 5678786 AND 5678886
	Index Only Scan using sbtest6_pkey on sbtest6  (cost=0.43..6.58 rows=107 width=4)
	  Index Cond: ((id >= 5678786) AND (id <= 5678886))

table 7 : explain SELECT id FROM sbtest7 WHERE id BETWEEN 5678786 AND 5678886
	Index Only Scan using sbtest7_pkey on sbtest7  (cost=0.43..6.47 rows=102 width=4)
	  Index Cond: ((id >= 5678786) AND (id <= 5678886))

table 8 : explain SELECT id FROM sbtest8 WHERE id BETWEEN 5678786 AND 5678886
	Index Only Scan using sbtest8_pkey on sbtest8  (cost=0.43..6.63 rows=110 width=4)
	  Index Cond: ((id >= 5678786) AND (id <= 5678886))

for range-covered
table 1 : explain SELECT id FROM sbtest1 WHERE id BETWEEN 8067908 AND 8068008
	Index Only Scan using sbtest1_pkey on sbtest1  (cost=0.43..6.37 rows=97 width=4)
	  Index Cond: ((id >= 8067908) AND (id <= 8068008))

table 2 : explain SELECT id FROM sbtest2 WHERE id BETWEEN 8067908 AND 8068008
	Index Only Scan using sbtest2_pkey on sbtest2  (cost=0.43..6.45 rows=101 width=4)
	  Index Cond: ((id >= 8067908) AND (id <= 8068008))

table 3 : explain SELECT id FROM sbtest3 WHERE id BETWEEN 8067908 AND 8068008
	Index Only Scan using sbtest3_pkey on sbtest3  (cost=0.43..6.59 rows=108 width=4)
	  Index Cond: ((id >= 8067908) AND (id <= 8068008))

table 4 : explain SELECT id FROM sbtest4 WHERE id BETWEEN 8067908 AND 8068008
	Index Only Scan using sbtest4_pkey on sbtest4  (cost=0.43..6.25 rows=91 width=4)
	  Index Cond: ((id >= 8067908) AND (id <= 8068008))

table 5 : explain SELECT id FROM sbtest5 WHERE id BETWEEN 8067908 AND 8068008
	Index Only Scan using sbtest5_pkey on sbtest5  (cost=0.43..6.51 rows=104 width=4)
	  Index Cond: ((id >= 8067908) AND (id <= 8068008))

table 6 : explain SELECT id FROM sbtest6 WHERE id BETWEEN 8067908 AND 8068008
	Index Only Scan using sbtest6_pkey on sbtest6  (cost=0.43..6.40 rows=98 width=4)
	  Index Cond: ((id >= 8067908) AND (id <= 8068008))

table 7 : explain SELECT id FROM sbtest7 WHERE id BETWEEN 8067908 AND 8068008
	Index Only Scan using sbtest7_pkey on sbtest7  (cost=0.43..6.47 rows=102 width=4)
	  Index Cond: ((id >= 8067908) AND (id <= 8068008))

table 8 : explain SELECT id FROM sbtest8 WHERE id BETWEEN 8067908 AND 8068008
	Index Only Scan using sbtest8_pkey on sbtest8  (cost=0.43..6.56 rows=106 width=4)
	  Index Cond: ((id >= 8067908) AND (id <= 8068008))

for range-covered
table 1 : explain SELECT id FROM sbtest1 WHERE id BETWEEN 7047149 AND 7047249
	Index Only Scan using sbtest1_pkey on sbtest1  (cost=0.43..6.51 rows=104 width=4)
	  Index Cond: ((id >= 7047149) AND (id <= 7047249))

table 2 : explain SELECT id FROM sbtest2 WHERE id BETWEEN 7047149 AND 7047249
	Index Only Scan using sbtest2_pkey on sbtest2  (cost=0.43..6.42 rows=99 width=4)
	  Index Cond: ((id >= 7047149) AND (id <= 7047249))

table 3 : explain SELECT id FROM sbtest3 WHERE id BETWEEN 7047149 AND 7047249
	Index Only Scan using sbtest3_pkey on sbtest3  (cost=0.43..6.45 rows=101 width=4)
	  Index Cond: ((id >= 7047149) AND (id <= 7047249))

table 4 : explain SELECT id FROM sbtest4 WHERE id BETWEEN 7047149 AND 7047249
	Index Only Scan using sbtest4_pkey on sbtest4  (cost=0.43..6.56 rows=106 width=4)
	  Index Cond: ((id >= 7047149) AND (id <= 7047249))

table 5 : explain SELECT id FROM sbtest5 WHERE id BETWEEN 7047149 AND 7047249
	Index Only Scan using sbtest5_pkey on sbtest5  (cost=0.43..6.43 rows=100 width=4)
	  Index Cond: ((id >= 7047149) AND (id <= 7047249))

table 6 : explain SELECT id FROM sbtest6 WHERE id BETWEEN 7047149 AND 7047249
	Index Only Scan using sbtest6_pkey on sbtest6  (cost=0.43..6.33 rows=95 width=4)
	  Index Cond: ((id >= 7047149) AND (id <= 7047249))

table 7 : explain SELECT id FROM sbtest7 WHERE id BETWEEN 7047149 AND 7047249
	Index Only Scan using sbtest7_pkey on sbtest7  (cost=0.43..6.40 rows=98 width=4)
	  Index Cond: ((id >= 7047149) AND (id <= 7047249))

table 8 : explain SELECT id FROM sbtest8 WHERE id BETWEEN 7047149 AND 7047249
	Index Only Scan using sbtest8_pkey on sbtest8  (cost=0.43..6.51 rows=104 width=4)
	  Index Cond: ((id >= 7047149) AND (id <= 7047249))

explain: for range-covered :: explain SELECT id FROM sbtest%d WHERE id BETWEEN 5678786 AND 5678886
explain: for range-covered :: explain SELECT id FROM sbtest%d WHERE id BETWEEN 5781107 AND 5781207
for range-covered
table 1 : explain SELECT id FROM sbtest1 WHERE id BETWEEN 7839750 AND 7839850
	Index Only Scan using sbtest1_pkey on sbtest1  (cost=0.43..6.35 rows=96 width=4)
	  Index Cond: ((id >= 7839750) AND (id <= 7839850))

table 2 : explain SELECT id FROM sbtest2 WHERE id BETWEEN 7839750 AND 7839850
	Index Only Scan using sbtest2_pkey on sbtest2  (cost=0.43..6.27 rows=92 width=4)
	  Index Cond: ((id >= 7839750) AND (id <= 7839850))

table 3 : explain SELECT id FROM sbtest3 WHERE id BETWEEN 7839750 AND 7839850
	Index Only Scan using sbtest3_pkey on sbtest3  (cost=0.43..6.40 rows=98 width=4)
	  Index Cond: ((id >= 7839750) AND (id <= 7839850))

table 4 : explain SELECT id FROM sbtest4 WHERE id BETWEEN 7839750 AND 7839850
	Index Only Scan using sbtest4_pkey on sbtest4  (cost=0.43..6.51 rows=104 width=4)
	  Index Cond: ((id >= 7839750) AND (id <= 7839850))

table 5 : explain SELECT id FROM sbtest5 WHERE id BETWEEN 7839750 AND 7839850
	Index Only Scan using sbtest5_pkey on sbtest5  (cost=0.43..6.29 rows=93 width=4)
	  Index Cond: ((id >= 7839750) AND (id <= 7839850))

table 6 : explain SELECT id FROM sbtest6 WHERE id BETWEEN 7839750 AND 7839850
	Index Only Scan using sbtest6_pkey on sbtest6  (cost=0.43..6.33 rows=95 width=4)
	  Index Cond: ((id >= 7839750) AND (id <= 7839850))

table 7 : explain SELECT id FROM sbtest7 WHERE id BETWEEN 7839750 AND 7839850
	Index Only Scan using sbtest7_pkey on sbtest7  (cost=0.43..6.53 rows=105 width=4)
	  Index Cond: ((id >= 7839750) AND (id <= 7839850))

table 8 : explain SELECT id FROM sbtest8 WHERE id BETWEEN 7839750 AND 7839850
	Index Only Scan using sbtest8_pkey on sbtest8  (cost=0.43..6.42 rows=99 width=4)
	  Index Cond: ((id >= 7839750) AND (id <= 7839850))

for range-covered
table 1 : explain SELECT id FROM sbtest1 WHERE id BETWEEN 3667006 AND 3667106
	Index Only Scan using sbtest1_pkey on sbtest1  (cost=0.43..6.43 rows=100 width=4)
	  Index Cond: ((id >= 3667006) AND (id <= 3667106))

table 2 : explain SELECT id FROM sbtest2 WHERE id BETWEEN 3667006 AND 3667106
	Index Only Scan using sbtest2_pkey on sbtest2  (cost=0.43..6.53 rows=105 width=4)
	  Index Cond: ((id >= 3667006) AND (id <= 3667106))

table 3 : explain SELECT id FROM sbtest3 WHERE id BETWEEN 3667006 AND 3667106
	Index Only Scan using sbtest3_pkey on sbtest3  (cost=0.43..6.59 rows=108 width=4)
	  Index Cond: ((id >= 3667006) AND (id <= 3667106))

table 4 : explain SELECT id FROM sbtest4 WHERE id BETWEEN 3667006 AND 3667106
	Index Only Scan using sbtest4_pkey on sbtest4  (cost=0.43..6.42 rows=99 width=4)
	  Index Cond: ((id >= 3667006) AND (id <= 3667106))

table 5 : explain SELECT id FROM sbtest5 WHERE id BETWEEN 3667006 AND 3667106
	Index Only Scan using sbtest5_pkey on sbtest5  (cost=0.43..6.47 rows=102 width=4)
	  Index Cond: ((id >= 3667006) AND (id <= 3667106))

table 6 : explain SELECT id FROM sbtest6 WHERE id BETWEEN 3667006 AND 3667106
	Index Only Scan using sbtest6_pkey on sbtest6  (cost=0.43..6.32 rows=94 width=4)
	  Index Cond: ((id >= 3667006) AND (id <= 3667106))

table 7 : explain SELECT id FROM sbtest7 WHERE id BETWEEN 3667006 AND 3667106
	Index Only Scan using sbtest7_pkey on sbtest7  (cost=0.43..6.51 rows=104 width=4)
	  Index Cond: ((id >= 3667006) AND (id <= 3667106))

table 8 : explain SELECT id FROM sbtest8 WHERE id BETWEEN 3667006 AND 3667106
	Index Only Scan using sbtest8_pkey on sbtest8  (cost=0.43..6.43 rows=100 width=4)
	  Index Cond: ((id >= 3667006) AND (id <= 3667106))

for range-covered
table 1 : explain SELECT id FROM sbtest1 WHERE id BETWEEN 4164183 AND 4164283
	Index Only Scan using sbtest1_pkey on sbtest1  (cost=0.43..6.47 rows=102 width=4)
	  Index Cond: ((id >= 4164183) AND (id <= 4164283))

table 2 : explain SELECT id FROM sbtest2 WHERE id BETWEEN 4164183 AND 4164283
	Index Only Scan using sbtest2_pkey on sbtest2  (cost=0.43..6.47 rows=102 width=4)
	  Index Cond: ((id >= 4164183) AND (id <= 4164283))

table 3 : explain SELECT id FROM sbtest3 WHERE id BETWEEN 4164183 AND 4164283
	Index Only Scan using sbtest3_pkey on sbtest3  (cost=0.43..6.53 rows=105 width=4)
	  Index Cond: ((id >= 4164183) AND (id <= 4164283))

table 4 : explain SELECT id FROM sbtest4 WHERE id BETWEEN 4164183 AND 4164283
	Index Only Scan using sbtest4_pkey on sbtest4  (cost=0.43..6.50 rows=103 width=4)
	  Index Cond: ((id >= 4164183) AND (id <= 4164283))

table 5 : explain SELECT id FROM sbtest5 WHERE id BETWEEN 4164183 AND 4164283
	Index Only Scan using sbtest5_pkey on sbtest5  (cost=0.43..6.53 rows=105 width=4)
	  Index Cond: ((id >= 4164183) AND (id <= 4164283))

table 6 : explain SELECT id FROM sbtest6 WHERE id BETWEEN 4164183 AND 4164283
	Index Only Scan using sbtest6_pkey on sbtest6  (cost=0.43..6.45 rows=101 width=4)
	  Index Cond: ((id >= 4164183) AND (id <= 4164283))

table 7 : explain SELECT id FROM sbtest7 WHERE id BETWEEN 4164183 AND 4164283
	Index Only Scan using sbtest7_pkey on sbtest7  (cost=0.43..6.32 rows=94 width=4)
	  Index Cond: ((id >= 4164183) AND (id <= 4164283))

table 8 : explain SELECT id FROM sbtest8 WHERE id BETWEEN 4164183 AND 4164283
	Index Only Scan using sbtest8_pkey on sbtest8  (cost=0.43..6.35 rows=96 width=4)
	  Index Cond: ((id >= 4164183) AND (id <= 4164283))

for range-covered
table 1 : explain SELECT id FROM sbtest1 WHERE id BETWEEN 2571317 AND 2571417
	Index Only Scan using sbtest1_pkey on sbtest1  (cost=0.43..6.42 rows=99 width=4)
	  Index Cond: ((id >= 2571317) AND (id <= 2571417))

table 2 : explain SELECT id FROM sbtest2 WHERE id BETWEEN 2571317 AND 2571417
	Index Only Scan using sbtest2_pkey on sbtest2  (cost=0.43..6.35 rows=96 width=4)
	  Index Cond: ((id >= 2571317) AND (id <= 2571417))

table 3 : explain SELECT id FROM sbtest3 WHERE id BETWEEN 2571317 AND 2571417
	Index Only Scan using sbtest3_pkey on sbtest3  (cost=0.43..6.40 rows=98 width=4)
	  Index Cond: ((id >= 2571317) AND (id <= 2571417))

table 4 : explain SELECT id FROM sbtest4 WHERE id BETWEEN 2571317 AND 2571417
	Index Only Scan using sbtest4_pkey on sbtest4  (cost=0.43..6.42 rows=99 width=4)
	  Index Cond: ((id >= 2571317) AND (id <= 2571417))

table 5 : explain SELECT id FROM sbtest5 WHERE id BETWEEN 2571317 AND 2571417
	Index Only Scan using sbtest5_pkey on sbtest5  (cost=0.43..6.33 rows=95 width=4)
	  Index Cond: ((id >= 2571317) AND (id <= 2571417))

table 6 : explain SELECT id FROM sbtest6 WHERE id BETWEEN 2571317 AND 2571417
	Index Only Scan using sbtest6_pkey on sbtest6  (cost=0.43..6.72 rows=114 width=4)
	  Index Cond: ((id >= 2571317) AND (id <= 2571417))

table 7 : explain SELECT id FROM sbtest7 WHERE id BETWEEN 2571317 AND 2571417
	Index Only Scan using sbtest7_pkey on sbtest7  (cost=0.43..6.53 rows=105 width=4)
	  Index Cond: ((id >= 2571317) AND (id <= 2571417))

table 8 : explain SELECT id FROM sbtest8 WHERE id BETWEEN 2571317 AND 2571417
	Index Only Scan using sbtest8_pkey on sbtest8  (cost=0.43..6.32 rows=94 width=4)
	  Index Cond: ((id >= 2571317) AND (id <= 2571417))

explain: for range-covered :: explain SELECT id FROM sbtest%d WHERE id BETWEEN 4164183 AND 4164283
for range-covered
table 1 : explain SELECT id FROM sbtest1 WHERE id BETWEEN 5438454 AND 5438554
	Index Only Scan using sbtest1_pkey on sbtest1  (cost=0.43..6.35 rows=96 width=4)
	  Index Cond: ((id >= 5438454) AND (id <= 5438554))

table 2 : explain SELECT id FROM sbtest2 WHERE id BETWEEN 5438454 AND 5438554
	Index Only Scan using sbtest2_pkey on sbtest2  (cost=0.43..6.59 rows=108 width=4)
	  Index Cond: ((id >= 5438454) AND (id <= 5438554))

table 3 : explain SELECT id FROM sbtest3 WHERE id BETWEEN 5438454 AND 5438554
	Index Only Scan using sbtest3_pkey on sbtest3  (cost=0.43..6.58 rows=107 width=4)
	  Index Cond: ((id >= 5438454) AND (id <= 5438554))

table 4 : explain SELECT id FROM sbtest4 WHERE id BETWEEN 5438454 AND 5438554
	Index Only Scan using sbtest4_pkey on sbtest4  (cost=0.43..6.69 rows=113 width=4)
	  Index Cond: ((id >= 5438454) AND (id <= 5438554))

table 5 : explain SELECT id FROM sbtest5 WHERE id BETWEEN 5438454 AND 5438554
	Index Only Scan using sbtest5_pkey on sbtest5  (cost=0.43..6.27 rows=92 width=4)
	  Index Cond: ((id >= 5438454) AND (id <= 5438554))

table 6 : explain SELECT id FROM sbtest6 WHERE id BETWEEN 5438454 AND 5438554
	Index Only Scan using sbtest6_pkey on sbtest6  (cost=0.43..6.37 rows=97 width=4)
	  Index Cond: ((id >= 5438454) AND (id <= 5438554))

table 7 : explain SELECT id FROM sbtest7 WHERE id BETWEEN 5438454 AND 5438554
	Index Only Scan using sbtest7_pkey on sbtest7  (cost=0.43..6.50 rows=103 width=4)
	  Index Cond: ((id >= 5438454) AND (id <= 5438554))

table 8 : explain SELECT id FROM sbtest8 WHERE id BETWEEN 5438454 AND 5438554
	Index Only Scan using sbtest8_pkey on sbtest8  (cost=0.43..6.66 rows=111 width=4)
	  Index Cond: ((id >= 5438454) AND (id <= 5438554))

for range-covered
table 1 : explain SELECT id FROM sbtest1 WHERE id BETWEEN 6562249 AND 6562349
	Index Only Scan using sbtest1_pkey on sbtest1  (cost=0.43..6.35 rows=96 width=4)
	  Index Cond: ((id >= 6562249) AND (id <= 6562349))

table 2 : explain SELECT id FROM sbtest2 WHERE id BETWEEN 6562249 AND 6562349
	Index Only Scan using sbtest2_pkey on sbtest2  (cost=0.43..6.19 rows=88 width=4)
	  Index Cond: ((id >= 6562249) AND (id <= 6562349))

table 3 : explain SELECT id FROM sbtest3 WHERE id BETWEEN 6562249 AND 6562349
	Index Only Scan using sbtest3_pkey on sbtest3  (cost=0.43..6.42 rows=99 width=4)
	  Index Cond: ((id >= 6562249) AND (id <= 6562349))

table 4 : explain SELECT id FROM sbtest4 WHERE id BETWEEN 6562249 AND 6562349
	Index Only Scan using sbtest4_pkey on sbtest4  (cost=0.43..6.69 rows=113 width=4)
	  Index Cond: ((id >= 6562249) AND (id <= 6562349))

table 5 : explain SELECT id FROM sbtest5 WHERE id BETWEEN 6562249 AND 6562349
	Index Only Scan using sbtest5_pkey on sbtest5  (cost=0.43..6.51 rows=104 width=4)
	  Index Cond: ((id >= 6562249) AND (id <= 6562349))

table 6 : explain SELECT id FROM sbtest6 WHERE id BETWEEN 6562249 AND 6562349
	Index Only Scan using sbtest6_pkey on sbtest6  (cost=0.43..6.37 rows=97 width=4)
	  Index Cond: ((id >= 6562249) AND (id <= 6562349))

table 7 : explain SELECT id FROM sbtest7 WHERE id BETWEEN 6562249 AND 6562349
	Index Only Scan using sbtest7_pkey on sbtest7  (cost=0.43..6.27 rows=92 width=4)
	  Index Cond: ((id >= 6562249) AND (id <= 6562349))

table 8 : explain SELECT id FROM sbtest8 WHERE id BETWEEN 6562249 AND 6562349
	Index Only Scan using sbtest8_pkey on sbtest8  (cost=0.43..6.43 rows=100 width=4)
	  Index Cond: ((id >= 6562249) AND (id <= 6562349))

for range-covered
table 1 : explain SELECT id FROM sbtest1 WHERE id BETWEEN 1031918 AND 1032018
	Index Only Scan using sbtest1_pkey on sbtest1  (cost=0.43..6.66 rows=111 width=4)
	  Index Cond: ((id >= 1031918) AND (id <= 1032018))

table 2 : explain SELECT id FROM sbtest2 WHERE id BETWEEN 1031918 AND 1032018
	Index Only Scan using sbtest2_pkey on sbtest2  (cost=0.43..6.50 rows=103 width=4)
	  Index Cond: ((id >= 1031918) AND (id <= 1032018))

table 3 : explain SELECT id FROM sbtest3 WHERE id BETWEEN 1031918 AND 1032018
	Index Only Scan using sbtest3_pkey on sbtest3  (cost=0.43..6.32 rows=94 width=4)
	  Index Cond: ((id >= 1031918) AND (id <= 1032018))

table 4 : explain SELECT id FROM sbtest4 WHERE id BETWEEN 1031918 AND 1032018
	Index Only Scan using sbtest4_pkey on sbtest4  (cost=0.43..6.32 rows=94 width=4)
	  Index Cond: ((id >= 1031918) AND (id <= 1032018))

table 5 : explain SELECT id FROM sbtest5 WHERE id BETWEEN 1031918 AND 1032018
	Index Only Scan using sbtest5_pkey on sbtest5  (cost=0.43..6.47 rows=102 width=4)
	  Index Cond: ((id >= 1031918) AND (id <= 1032018))

table 6 : explain SELECT id FROM sbtest6 WHERE id BETWEEN 1031918 AND 1032018
	Index Only Scan using sbtest6_pkey on sbtest6  (cost=0.43..6.42 rows=99 width=4)
	  Index Cond: ((id >= 1031918) AND (id <= 1032018))

table 7 : explain SELECT id FROM sbtest7 WHERE id BETWEEN 1031918 AND 1032018
	Index Only Scan using sbtest7_pkey on sbtest7  (cost=0.43..6.37 rows=97 width=4)
	  Index Cond: ((id >= 1031918) AND (id <= 1032018))

table 8 : explain SELECT id FROM sbtest8 WHERE id BETWEEN 1031918 AND 1032018
	Index Only Scan using sbtest8_pkey on sbtest8  (cost=0.43..6.43 rows=100 width=4)
	  Index Cond: ((id >= 1031918) AND (id <= 1032018))

explain: for range-covered :: explain SELECT id FROM sbtest%d WHERE id BETWEEN 2571317 AND 2571417
explain: for range-covered :: explain SELECT id FROM sbtest%d WHERE id BETWEEN 6562249 AND 6562349
explain: for range-covered :: explain SELECT id FROM sbtest%d WHERE id BETWEEN 5438454 AND 5438554
explain: for range-covered :: explain SELECT id FROM sbtest%d WHERE id BETWEEN 1031918 AND 1032018
explain: for range-covered :: explain SELECT id FROM sbtest%d WHERE id BETWEEN 8067908 AND 8068008
explain: for range-covered :: explain SELECT id FROM sbtest%d WHERE id BETWEEN 5473559 AND 5473659
for range-covered
table 1 : explain SELECT id FROM sbtest1 WHERE id BETWEEN 5678786 AND 5678886
	Index Only Scan using sbtest1_pkey on sbtest1  (cost=0.43..6.50 rows=103 width=4)
	  Index Cond: ((id >= 5678786) AND (id <= 5678886))

table 2 : explain SELECT id FROM sbtest2 WHERE id BETWEEN 5678786 AND 5678886
	Index Only Scan using sbtest2_pkey on sbtest2  (cost=0.43..6.37 rows=97 width=4)
	  Index Cond: ((id >= 5678786) AND (id <= 5678886))

table 3 : explain SELECT id FROM sbtest3 WHERE id BETWEEN 5678786 AND 5678886
	Index Only Scan using sbtest3_pkey on sbtest3  (cost=0.43..6.53 rows=105 width=4)
	  Index Cond: ((id >= 5678786) AND (id <= 5678886))

table 4 : explain SELECT id FROM sbtest4 WHERE id BETWEEN 5678786 AND 5678886
	Index Only Scan using sbtest4_pkey on sbtest4  (cost=0.43..6.63 rows=110 width=4)
	  Index Cond: ((id >= 5678786) AND (id <= 5678886))

table 5 : explain SELECT id FROM sbtest5 WHERE id BETWEEN 5678786 AND 5678886
	Index Only Scan using sbtest5_pkey on sbtest5  (cost=0.43..6.53 rows=105 width=4)
	  Index Cond: ((id >= 5678786) AND (id <= 5678886))

table 6 : explain SELECT id FROM sbtest6 WHERE id BETWEEN 5678786 AND 5678886
	Index Only Scan using sbtest6_pkey on sbtest6  (cost=0.43..6.58 rows=107 width=4)
	  Index Cond: ((id >= 5678786) AND (id <= 5678886))

table 7 : explain SELECT id FROM sbtest7 WHERE id BETWEEN 5678786 AND 5678886
	Index Only Scan using sbtest7_pkey on sbtest7  (cost=0.43..6.47 rows=102 width=4)
	  Index Cond: ((id >= 5678786) AND (id <= 5678886))

table 8 : explain SELECT id FROM sbtest8 WHERE id BETWEEN 5678786 AND 5678886
	Index Only Scan using sbtest8_pkey on sbtest8  (cost=0.43..6.63 rows=110 width=4)
	  Index Cond: ((id >= 5678786) AND (id <= 5678886))

explain: for range-covered :: explain SELECT id FROM sbtest%d WHERE id BETWEEN 5452586 AND 5452686
for range-covered
table 1 : explain SELECT id FROM sbtest1 WHERE id BETWEEN 4846981 AND 4847081
	Index Only Scan using sbtest1_pkey on sbtest1  (cost=0.43..6.29 rows=93 width=4)
	  Index Cond: ((id >= 4846981) AND (id <= 4847081))

table 2 : explain SELECT id FROM sbtest2 WHERE id BETWEEN 4846981 AND 4847081
	Index Only Scan using sbtest2_pkey on sbtest2  (cost=0.43..6.27 rows=92 width=4)
	  Index Cond: ((id >= 4846981) AND (id <= 4847081))

table 3 : explain SELECT id FROM sbtest3 WHERE id BETWEEN 4846981 AND 4847081
	Index Only Scan using sbtest3_pkey on sbtest3  (cost=0.43..6.27 rows=92 width=4)
	  Index Cond: ((id >= 4846981) AND (id <= 4847081))

table 4 : explain SELECT id FROM sbtest4 WHERE id BETWEEN 4846981 AND 4847081
	Index Only Scan using sbtest4_pkey on sbtest4  (cost=0.43..6.19 rows=88 width=4)
	  Index Cond: ((id >= 4846981) AND (id <= 4847081))

table 5 : explain SELECT id FROM sbtest5 WHERE id BETWEEN 4846981 AND 4847081
	Index Only Scan using sbtest5_pkey on sbtest5  (cost=0.43..6.43 rows=100 width=4)
	  Index Cond: ((id >= 4846981) AND (id <= 4847081))

table 6 : explain SELECT id FROM sbtest6 WHERE id BETWEEN 4846981 AND 4847081
	Index Only Scan using sbtest6_pkey on sbtest6  (cost=0.43..6.35 rows=96 width=4)
	  Index Cond: ((id >= 4846981) AND (id <= 4847081))

table 7 : explain SELECT id FROM sbtest7 WHERE id BETWEEN 4846981 AND 4847081
	Index Only Scan using sbtest7_pkey on sbtest7  (cost=0.43..6.51 rows=104 width=4)
	  Index Cond: ((id >= 4846981) AND (id <= 4847081))

table 8 : explain SELECT id FROM sbtest8 WHERE id BETWEEN 4846981 AND 4847081
	Index Only Scan using sbtest8_pkey on sbtest8  (cost=0.43..6.19 rows=88 width=4)
	  Index Cond: ((id >= 4846981) AND (id <= 4847081))

for range-covered
table 1 : explain SELECT id FROM sbtest1 WHERE id BETWEEN 3308156 AND 3308256
	Index Only Scan using sbtest1_pkey on sbtest1  (cost=0.43..6.50 rows=103 width=4)
	  Index Cond: ((id >= 3308156) AND (id <= 3308256))

table 2 : explain SELECT id FROM sbtest2 WHERE id BETWEEN 3308156 AND 3308256
	Index Only Scan using sbtest2_pkey on sbtest2  (cost=0.43..6.45 rows=101 width=4)
	  Index Cond: ((id >= 3308156) AND (id <= 3308256))

table 3 : explain SELECT id FROM sbtest3 WHERE id BETWEEN 3308156 AND 3308256
	Index Only Scan using sbtest3_pkey on sbtest3  (cost=0.43..6.75 rows=116 width=4)
	  Index Cond: ((id >= 3308156) AND (id <= 3308256))

table 4 : explain SELECT id FROM sbtest4 WHERE id BETWEEN 3308156 AND 3308256
	Index Only Scan using sbtest4_pkey on sbtest4  (cost=0.43..6.42 rows=99 width=4)
	  Index Cond: ((id >= 3308156) AND (id <= 3308256))

table 5 : explain SELECT id FROM sbtest5 WHERE id BETWEEN 3308156 AND 3308256
	Index Only Scan using sbtest5_pkey on sbtest5  (cost=0.43..6.43 rows=100 width=4)
	  Index Cond: ((id >= 3308156) AND (id <= 3308256))

table 6 : explain SELECT id FROM sbtest6 WHERE id BETWEEN 3308156 AND 3308256
	Index Only Scan using sbtest6_pkey on sbtest6  (cost=0.43..6.35 rows=96 width=4)
	  Index Cond: ((id >= 3308156) AND (id <= 3308256))

table 7 : explain SELECT id FROM sbtest7 WHERE id BETWEEN 3308156 AND 3308256
	Index Only Scan using sbtest7_pkey on sbtest7  (cost=0.43..6.58 rows=107 width=4)
	  Index Cond: ((id >= 3308156) AND (id <= 3308256))

table 8 : explain SELECT id FROM sbtest8 WHERE id BETWEEN 3308156 AND 3308256
	Index Only Scan using sbtest8_pkey on sbtest8  (cost=0.43..6.42 rows=99 width=4)
	  Index Cond: ((id >= 3308156) AND (id <= 3308256))

for range-covered
table 1 : explain SELECT id FROM sbtest1 WHERE id BETWEEN 4164183 AND 4164283
	Index Only Scan using sbtest1_pkey on sbtest1  (cost=0.43..6.47 rows=102 width=4)
	  Index Cond: ((id >= 4164183) AND (id <= 4164283))

table 2 : explain SELECT id FROM sbtest2 WHERE id BETWEEN 4164183 AND 4164283
	Index Only Scan using sbtest2_pkey on sbtest2  (cost=0.43..6.47 rows=102 width=4)
	  Index Cond: ((id >= 4164183) AND (id <= 4164283))

table 3 : explain SELECT id FROM sbtest3 WHERE id BETWEEN 4164183 AND 4164283
	Index Only Scan using sbtest3_pkey on sbtest3  (cost=0.43..6.53 rows=105 width=4)
	  Index Cond: ((id >= 4164183) AND (id <= 4164283))

table 4 : explain SELECT id FROM sbtest4 WHERE id BETWEEN 4164183 AND 4164283
	Index Only Scan using sbtest4_pkey on sbtest4  (cost=0.43..6.50 rows=103 width=4)
	  Index Cond: ((id >= 4164183) AND (id <= 4164283))

table 5 : explain SELECT id FROM sbtest5 WHERE id BETWEEN 4164183 AND 4164283
	Index Only Scan using sbtest5_pkey on sbtest5  (cost=0.43..6.53 rows=105 width=4)
	  Index Cond: ((id >= 4164183) AND (id <= 4164283))

table 6 : explain SELECT id FROM sbtest6 WHERE id BETWEEN 4164183 AND 4164283
	Index Only Scan using sbtest6_pkey on sbtest6  (cost=0.43..6.45 rows=101 width=4)
	  Index Cond: ((id >= 4164183) AND (id <= 4164283))

table 7 : explain SELECT id FROM sbtest7 WHERE id BETWEEN 4164183 AND 4164283
	Index Only Scan using sbtest7_pkey on sbtest7  (cost=0.43..6.32 rows=94 width=4)
	  Index Cond: ((id >= 4164183) AND (id <= 4164283))

table 8 : explain SELECT id FROM sbtest8 WHERE id BETWEEN 4164183 AND 4164283
	Index Only Scan using sbtest8_pkey on sbtest8  (cost=0.43..6.35 rows=96 width=4)
	  Index Cond: ((id >= 4164183) AND (id <= 4164283))

for range-covered
table 1 : explain SELECT id FROM sbtest1 WHERE id BETWEEN 3009146 AND 3009246
	Index Only Scan using sbtest1_pkey on sbtest1  (cost=0.43..6.63 rows=110 width=4)
	  Index Cond: ((id >= 3009146) AND (id <= 3009246))

table 2 : explain SELECT id FROM sbtest2 WHERE id BETWEEN 3009146 AND 3009246
	Index Only Scan using sbtest2_pkey on sbtest2  (cost=0.43..6.58 rows=107 width=4)
	  Index Cond: ((id >= 3009146) AND (id <= 3009246))

table 3 : explain SELECT id FROM sbtest3 WHERE id BETWEEN 3009146 AND 3009246
	Index Only Scan using sbtest3_pkey on sbtest3  (cost=0.43..6.37 rows=97 width=4)
	  Index Cond: ((id >= 3009146) AND (id <= 3009246))

table 4 : explain SELECT id FROM sbtest4 WHERE id BETWEEN 3009146 AND 3009246
	Index Only Scan using sbtest4_pkey on sbtest4  (cost=0.43..6.37 rows=97 width=4)
	  Index Cond: ((id >= 3009146) AND (id <= 3009246))

table 5 : explain SELECT id FROM sbtest5 WHERE id BETWEEN 3009146 AND 3009246
	Index Only Scan using sbtest5_pkey on sbtest5  (cost=0.43..6.53 rows=105 width=4)
	  Index Cond: ((id >= 3009146) AND (id <= 3009246))

table 6 : explain SELECT id FROM sbtest6 WHERE id BETWEEN 3009146 AND 3009246
	Index Only Scan using sbtest6_pkey on sbtest6  (cost=0.43..6.43 rows=100 width=4)
	  Index Cond: ((id >= 3009146) AND (id <= 3009246))

table 7 : explain SELECT id FROM sbtest7 WHERE id BETWEEN 3009146 AND 3009246
	Index Only Scan using sbtest7_pkey on sbtest7  (cost=0.43..6.66 rows=111 width=4)
	  Index Cond: ((id >= 3009146) AND (id <= 3009246))

table 8 : explain SELECT id FROM sbtest8 WHERE id BETWEEN 3009146 AND 3009246
	Index Only Scan using sbtest8_pkey on sbtest8  (cost=0.43..6.58 rows=107 width=4)
	  Index Cond: ((id >= 3009146) AND (id <= 3009246))

for range-covered
table 1 : explain SELECT id FROM sbtest1 WHERE id BETWEEN 5781107 AND 5781207
	Index Only Scan using sbtest1_pkey on sbtest1  (cost=0.43..6.66 rows=111 width=4)
	  Index Cond: ((id >= 5781107) AND (id <= 5781207))

table 2 : explain SELECT id FROM sbtest2 WHERE id BETWEEN 5781107 AND 5781207
	Index Only Scan using sbtest2_pkey on sbtest2  (cost=0.43..6.51 rows=104 width=4)
	  Index Cond: ((id >= 5781107) AND (id <= 5781207))

table 3 : explain SELECT id FROM sbtest3 WHERE id BETWEEN 5781107 AND 5781207
	Index Only Scan using sbtest3_pkey on sbtest3  (cost=0.43..6.69 rows=113 width=4)
	  Index Cond: ((id >= 5781107) AND (id <= 5781207))

table 4 : explain SELECT id FROM sbtest4 WHERE id BETWEEN 5781107 AND 5781207
	Index Only Scan using sbtest4_pkey on sbtest4  (cost=0.43..6.37 rows=97 width=4)
	  Index Cond: ((id >= 5781107) AND (id <= 5781207))

table 5 : explain SELECT id FROM sbtest5 WHERE id BETWEEN 5781107 AND 5781207
	Index Only Scan using sbtest5_pkey on sbtest5  (cost=0.43..6.45 rows=101 width=4)
	  Index Cond: ((id >= 5781107) AND (id <= 5781207))

table 6 : explain SELECT id FROM sbtest6 WHERE id BETWEEN 5781107 AND 5781207
	Index Only Scan using sbtest6_pkey on sbtest6  (cost=0.43..6.66 rows=111 width=4)
	  Index Cond: ((id >= 5781107) AND (id <= 5781207))

table 7 : explain SELECT id FROM sbtest7 WHERE id BETWEEN 5781107 AND 5781207
	Index Only Scan using sbtest7_pkey on sbtest7  (cost=0.43..6.40 rows=98 width=4)
	  Index Cond: ((id >= 5781107) AND (id <= 5781207))

table 8 : explain SELECT id FROM sbtest8 WHERE id BETWEEN 5781107 AND 5781207
	Index Only Scan using sbtest8_pkey on sbtest8  (cost=0.43..6.45 rows=101 width=4)
	  Index Cond: ((id >= 5781107) AND (id <= 5781207))

explain: for range-covered :: explain SELECT id FROM sbtest%d WHERE id BETWEEN 4164183 AND 4164283
explain: for range-covered :: explain SELECT id FROM sbtest%d WHERE id BETWEEN 5781107 AND 5781207
explain: for range-covered :: explain SELECT id FROM sbtest%d WHERE id BETWEEN 3308156 AND 3308256
explain: for range-covered :: explain SELECT id FROM sbtest%d WHERE id BETWEEN 3009146 AND 3009246
for range-covered
table 1 : explain SELECT id FROM sbtest1 WHERE id BETWEEN 6562249 AND 6562349
	Index Only Scan using sbtest1_pkey on sbtest1  (cost=0.43..6.35 rows=96 width=4)
	  Index Cond: ((id >= 6562249) AND (id <= 6562349))

table 2 : explain SELECT id FROM sbtest2 WHERE id BETWEEN 6562249 AND 6562349
	Index Only Scan using sbtest2_pkey on sbtest2  (cost=0.43..6.19 rows=88 width=4)
	  Index Cond: ((id >= 6562249) AND (id <= 6562349))

table 3 : explain SELECT id FROM sbtest3 WHERE id BETWEEN 6562249 AND 6562349
	Index Only Scan using sbtest3_pkey on sbtest3  (cost=0.43..6.42 rows=99 width=4)
	  Index Cond: ((id >= 6562249) AND (id <= 6562349))

table 4 : explain SELECT id FROM sbtest4 WHERE id BETWEEN 6562249 AND 6562349
	Index Only Scan using sbtest4_pkey on sbtest4  (cost=0.43..6.69 rows=113 width=4)
	  Index Cond: ((id >= 6562249) AND (id <= 6562349))

table 5 : explain SELECT id FROM sbtest5 WHERE id BETWEEN 6562249 AND 6562349
	Index Only Scan using sbtest5_pkey on sbtest5  (cost=0.43..6.51 rows=104 width=4)
	  Index Cond: ((id >= 6562249) AND (id <= 6562349))

table 6 : explain SELECT id FROM sbtest6 WHERE id BETWEEN 6562249 AND 6562349
	Index Only Scan using sbtest6_pkey on sbtest6  (cost=0.43..6.37 rows=97 width=4)
	  Index Cond: ((id >= 6562249) AND (id <= 6562349))

table 7 : explain SELECT id FROM sbtest7 WHERE id BETWEEN 6562249 AND 6562349
	Index Only Scan using sbtest7_pkey on sbtest7  (cost=0.43..6.27 rows=92 width=4)
	  Index Cond: ((id >= 6562249) AND (id <= 6562349))

table 8 : explain SELECT id FROM sbtest8 WHERE id BETWEEN 6562249 AND 6562349
	Index Only Scan using sbtest8_pkey on sbtest8  (cost=0.43..6.43 rows=100 width=4)
	  Index Cond: ((id >= 6562249) AND (id <= 6562349))

explain: for range-covered :: explain SELECT id FROM sbtest%d WHERE id BETWEEN 4846981 AND 4847081
explain: for range-covered :: explain SELECT id FROM sbtest%d WHERE id BETWEEN 6562249 AND 6562349
for range-covered
table 1 : explain SELECT id FROM sbtest1 WHERE id BETWEEN 1031918 AND 1032018
	Index Only Scan using sbtest1_pkey on sbtest1  (cost=0.43..6.66 rows=111 width=4)
	  Index Cond: ((id >= 1031918) AND (id <= 1032018))

table 2 : explain SELECT id FROM sbtest2 WHERE id BETWEEN 1031918 AND 1032018
	Index Only Scan using sbtest2_pkey on sbtest2  (cost=0.43..6.50 rows=103 width=4)
	  Index Cond: ((id >= 1031918) AND (id <= 1032018))

table 3 : explain SELECT id FROM sbtest3 WHERE id BETWEEN 1031918 AND 1032018
	Index Only Scan using sbtest3_pkey on sbtest3  (cost=0.43..6.32 rows=94 width=4)
	  Index Cond: ((id >= 1031918) AND (id <= 1032018))

table 4 : explain SELECT id FROM sbtest4 WHERE id BETWEEN 1031918 AND 1032018
	Index Only Scan using sbtest4_pkey on sbtest4  (cost=0.43..6.32 rows=94 width=4)
	  Index Cond: ((id >= 1031918) AND (id <= 1032018))

table 5 : explain SELECT id FROM sbtest5 WHERE id BETWEEN 1031918 AND 1032018
	Index Only Scan using sbtest5_pkey on sbtest5  (cost=0.43..6.47 rows=102 width=4)
	  Index Cond: ((id >= 1031918) AND (id <= 1032018))

table 6 : explain SELECT id FROM sbtest6 WHERE id BETWEEN 1031918 AND 1032018
	Index Only Scan using sbtest6_pkey on sbtest6  (cost=0.43..6.42 rows=99 width=4)
	  Index Cond: ((id >= 1031918) AND (id <= 1032018))

table 7 : explain SELECT id FROM sbtest7 WHERE id BETWEEN 1031918 AND 1032018
	Index Only Scan using sbtest7_pkey on sbtest7  (cost=0.43..6.37 rows=97 width=4)
	  Index Cond: ((id >= 1031918) AND (id <= 1032018))

table 8 : explain SELECT id FROM sbtest8 WHERE id BETWEEN 1031918 AND 1032018
	Index Only Scan using sbtest8_pkey on sbtest8  (cost=0.43..6.43 rows=100 width=4)
	  Index Cond: ((id >= 1031918) AND (id <= 1032018))

for range-covered
table 1 : explain SELECT id FROM sbtest1 WHERE id BETWEEN 5438454 AND 5438554
	Index Only Scan using sbtest1_pkey on sbtest1  (cost=0.43..6.35 rows=96 width=4)
	  Index Cond: ((id >= 5438454) AND (id <= 5438554))

table 2 : explain SELECT id FROM sbtest2 WHERE id BETWEEN 5438454 AND 5438554
	Index Only Scan using sbtest2_pkey on sbtest2  (cost=0.43..6.59 rows=108 width=4)
	  Index Cond: ((id >= 5438454) AND (id <= 5438554))

table 3 : explain SELECT id FROM sbtest3 WHERE id BETWEEN 5438454 AND 5438554
	Index Only Scan using sbtest3_pkey on sbtest3  (cost=0.43..6.58 rows=107 width=4)
	  Index Cond: ((id >= 5438454) AND (id <= 5438554))

table 4 : explain SELECT id FROM sbtest4 WHERE id BETWEEN 5438454 AND 5438554
	Index Only Scan using sbtest4_pkey on sbtest4  (cost=0.43..6.69 rows=113 width=4)
	  Index Cond: ((id >= 5438454) AND (id <= 5438554))

table 5 : explain SELECT id FROM sbtest5 WHERE id BETWEEN 5438454 AND 5438554
	Index Only Scan using sbtest5_pkey on sbtest5  (cost=0.43..6.27 rows=92 width=4)
	  Index Cond: ((id >= 5438454) AND (id <= 5438554))

table 6 : explain SELECT id FROM sbtest6 WHERE id BETWEEN 5438454 AND 5438554
	Index Only Scan using sbtest6_pkey on sbtest6  (cost=0.43..6.37 rows=97 width=4)
	  Index Cond: ((id >= 5438454) AND (id <= 5438554))

table 7 : explain SELECT id FROM sbtest7 WHERE id BETWEEN 5438454 AND 5438554
	Index Only Scan using sbtest7_pkey on sbtest7  (cost=0.43..6.50 rows=103 width=4)
	  Index Cond: ((id >= 5438454) AND (id <= 5438554))

table 8 : explain SELECT id FROM sbtest8 WHERE id BETWEEN 5438454 AND 5438554
	Index Only Scan using sbtest8_pkey on sbtest8  (cost=0.43..6.66 rows=111 width=4)
	  Index Cond: ((id >= 5438454) AND (id <= 5438554))

explain: for range-covered :: explain SELECT id FROM sbtest%d WHERE id BETWEEN 1031918 AND 1032018
explain: for range-covered :: explain SELECT id FROM sbtest%d WHERE id BETWEEN 5438454 AND 5438554
for range-covered
table 1 : explain SELECT id FROM sbtest1 WHERE id BETWEEN 5819650 AND 5819750
	Index Only Scan using sbtest1_pkey on sbtest1  (cost=0.43..6.66 rows=111 width=4)
	  Index Cond: ((id >= 5819650) AND (id <= 5819750))

table 2 : explain SELECT id FROM sbtest2 WHERE id BETWEEN 5819650 AND 5819750
	Index Only Scan using sbtest2_pkey on sbtest2  (cost=0.43..6.51 rows=104 width=4)
	  Index Cond: ((id >= 5819650) AND (id <= 5819750))

table 3 : explain SELECT id FROM sbtest3 WHERE id BETWEEN 5819650 AND 5819750
	Index Only Scan using sbtest3_pkey on sbtest3  (cost=0.43..6.69 rows=113 width=4)
	  Index Cond: ((id >= 5819650) AND (id <= 5819750))

table 4 : explain SELECT id FROM sbtest4 WHERE id BETWEEN 5819650 AND 5819750
	Index Only Scan using sbtest4_pkey on sbtest4  (cost=0.43..6.25 rows=91 width=4)
	  Index Cond: ((id >= 5819650) AND (id <= 5819750))

table 5 : explain SELECT id FROM sbtest5 WHERE id BETWEEN 5819650 AND 5819750
	Index Only Scan using sbtest5_pkey on sbtest5  (cost=0.43..6.45 rows=101 width=4)
	  Index Cond: ((id >= 5819650) AND (id <= 5819750))

table 6 : explain SELECT id FROM sbtest6 WHERE id BETWEEN 5819650 AND 5819750
	Index Only Scan using sbtest6_pkey on sbtest6  (cost=0.43..6.43 rows=100 width=4)
	  Index Cond: ((id >= 5819650) AND (id <= 5819750))

table 7 : explain SELECT id FROM sbtest7 WHERE id BETWEEN 5819650 AND 5819750
	Index Only Scan using sbtest7_pkey on sbtest7  (cost=0.43..6.50 rows=103 width=4)
	  Index Cond: ((id >= 5819650) AND (id <= 5819750))

table 8 : explain SELECT id FROM sbtest8 WHERE id BETWEEN 5819650 AND 5819750
	Index Only Scan using sbtest8_pkey on sbtest8  (cost=0.43..6.35 rows=96 width=4)
	  Index Cond: ((id >= 5819650) AND (id <= 5819750))

explain: for range-covered :: explain SELECT id FROM sbtest%d WHERE id BETWEEN 5819650 AND 5819750
for range-covered
table 1 : explain SELECT id FROM sbtest1 WHERE id BETWEEN 3174132 AND 3174232
	Index Only Scan using sbtest1_pkey on sbtest1  (cost=0.43..6.50 rows=103 width=4)
	  Index Cond: ((id >= 3174132) AND (id <= 3174232))

table 2 : explain SELECT id FROM sbtest2 WHERE id BETWEEN 3174132 AND 3174232
	Index Only Scan using sbtest2_pkey on sbtest2  (cost=0.43..6.47 rows=102 width=4)
	  Index Cond: ((id >= 3174132) AND (id <= 3174232))

table 3 : explain SELECT id FROM sbtest3 WHERE id BETWEEN 3174132 AND 3174232
	Index Only Scan using sbtest3_pkey on sbtest3  (cost=0.43..6.50 rows=103 width=4)
	  Index Cond: ((id >= 3174132) AND (id <= 3174232))

table 4 : explain SELECT id FROM sbtest4 WHERE id BETWEEN 3174132 AND 3174232
	Index Only Scan using sbtest4_pkey on sbtest4  (cost=0.43..6.56 rows=106 width=4)
	  Index Cond: ((id >= 3174132) AND (id <= 3174232))

table 5 : explain SELECT id FROM sbtest5 WHERE id BETWEEN 3174132 AND 3174232
	Index Only Scan using sbtest5_pkey on sbtest5  (cost=0.43..6.42 rows=99 width=4)
	  Index Cond: ((id >= 3174132) AND (id <= 3174232))

table 6 : explain SELECT id FROM sbtest6 WHERE id BETWEEN 3174132 AND 3174232
	Index Only Scan using sbtest6_pkey on sbtest6  (cost=0.43..6.29 rows=93 width=4)
	  Index Cond: ((id >= 3174132) AND (id <= 3174232))

table 7 : explain SELECT id FROM sbtest7 WHERE id BETWEEN 3174132 AND 3174232
	Index Only Scan using sbtest7_pkey on sbtest7  (cost=0.43..6.29 rows=93 width=4)
	  Index Cond: ((id >= 3174132) AND (id <= 3174232))

table 8 : explain SELECT id FROM sbtest8 WHERE id BETWEEN 3174132 AND 3174232
	Index Only Scan using sbtest8_pkey on sbtest8  (cost=0.43..6.42 rows=99 width=4)
	  Index Cond: ((id >= 3174132) AND (id <= 3174232))

for range-covered
table 1 : explain SELECT id FROM sbtest1 WHERE id BETWEEN 2571317 AND 2571417
	Index Only Scan using sbtest1_pkey on sbtest1  (cost=0.43..6.42 rows=99 width=4)
	  Index Cond: ((id >= 2571317) AND (id <= 2571417))

table 2 : explain SELECT id FROM sbtest2 WHERE id BETWEEN 2571317 AND 2571417
	Index Only Scan using sbtest2_pkey on sbtest2  (cost=0.43..6.35 rows=96 width=4)
	  Index Cond: ((id >= 2571317) AND (id <= 2571417))

table 3 : explain SELECT id FROM sbtest3 WHERE id BETWEEN 2571317 AND 2571417
	Index Only Scan using sbtest3_pkey on sbtest3  (cost=0.43..6.40 rows=98 width=4)
	  Index Cond: ((id >= 2571317) AND (id <= 2571417))

table 4 : explain SELECT id FROM sbtest4 WHERE id BETWEEN 2571317 AND 2571417
	Index Only Scan using sbtest4_pkey on sbtest4  (cost=0.43..6.42 rows=99 width=4)
	  Index Cond: ((id >= 2571317) AND (id <= 2571417))

table 5 : explain SELECT id FROM sbtest5 WHERE id BETWEEN 2571317 AND 2571417
	Index Only Scan using sbtest5_pkey on sbtest5  (cost=0.43..6.33 rows=95 width=4)
	  Index Cond: ((id >= 2571317) AND (id <= 2571417))

table 6 : explain SELECT id FROM sbtest6 WHERE id BETWEEN 2571317 AND 2571417
	Index Only Scan using sbtest6_pkey on sbtest6  (cost=0.43..6.72 rows=114 width=4)
	  Index Cond: ((id >= 2571317) AND (id <= 2571417))

table 7 : explain SELECT id FROM sbtest7 WHERE id BETWEEN 2571317 AND 2571417
	Index Only Scan using sbtest7_pkey on sbtest7  (cost=0.43..6.53 rows=105 width=4)
	  Index Cond: ((id >= 2571317) AND (id <= 2571417))

table 8 : explain SELECT id FROM sbtest8 WHERE id BETWEEN 2571317 AND 2571417
	Index Only Scan using sbtest8_pkey on sbtest8  (cost=0.43..6.32 rows=94 width=4)
	  Index Cond: ((id >= 2571317) AND (id <= 2571417))

explain: for range-covered :: explain SELECT id FROM sbtest%d WHERE id BETWEEN 3174132 AND 3174232
for range-covered
table 1 : explain SELECT id FROM sbtest1 WHERE id BETWEEN 4164183 AND 4164283
	Index Only Scan using sbtest1_pkey on sbtest1  (cost=0.43..6.47 rows=102 width=4)
	  Index Cond: ((id >= 4164183) AND (id <= 4164283))

table 2 : explain SELECT id FROM sbtest2 WHERE id BETWEEN 4164183 AND 4164283
	Index Only Scan using sbtest2_pkey on sbtest2  (cost=0.43..6.47 rows=102 width=4)
	  Index Cond: ((id >= 4164183) AND (id <= 4164283))

table 3 : explain SELECT id FROM sbtest3 WHERE id BETWEEN 4164183 AND 4164283
	Index Only Scan using sbtest3_pkey on sbtest3  (cost=0.43..6.53 rows=105 width=4)
	  Index Cond: ((id >= 4164183) AND (id <= 4164283))

table 4 : explain SELECT id FROM sbtest4 WHERE id BETWEEN 4164183 AND 4164283
	Index Only Scan using sbtest4_pkey on sbtest4  (cost=0.43..6.50 rows=103 width=4)
	  Index Cond: ((id >= 4164183) AND (id <= 4164283))

table 5 : explain SELECT id FROM sbtest5 WHERE id BETWEEN 4164183 AND 4164283
	Index Only Scan using sbtest5_pkey on sbtest5  (cost=0.43..6.53 rows=105 width=4)
	  Index Cond: ((id >= 4164183) AND (id <= 4164283))

table 6 : explain SELECT id FROM sbtest6 WHERE id BETWEEN 4164183 AND 4164283
	Index Only Scan using sbtest6_pkey on sbtest6  (cost=0.43..6.45 rows=101 width=4)
	  Index Cond: ((id >= 4164183) AND (id <= 4164283))

table 7 : explain SELECT id FROM sbtest7 WHERE id BETWEEN 4164183 AND 4164283
	Index Only Scan using sbtest7_pkey on sbtest7  (cost=0.43..6.32 rows=94 width=4)
	  Index Cond: ((id >= 4164183) AND (id <= 4164283))

table 8 : explain SELECT id FROM sbtest8 WHERE id BETWEEN 4164183 AND 4164283
	Index Only Scan using sbtest8_pkey on sbtest8  (cost=0.43..6.35 rows=96 width=4)
	  Index Cond: ((id >= 4164183) AND (id <= 4164283))

explain: for range-covered :: explain SELECT id FROM sbtest%d WHERE id BETWEEN 2571317 AND 2571417
for range-covered
table 1 : explain SELECT id FROM sbtest1 WHERE id BETWEEN 6562249 AND 6562349
	Index Only Scan using sbtest1_pkey on sbtest1  (cost=0.43..6.35 rows=96 width=4)
	  Index Cond: ((id >= 6562249) AND (id <= 6562349))

table 2 : explain SELECT id FROM sbtest2 WHERE id BETWEEN 6562249 AND 6562349
	Index Only Scan using sbtest2_pkey on sbtest2  (cost=0.43..6.19 rows=88 width=4)
	  Index Cond: ((id >= 6562249) AND (id <= 6562349))

table 3 : explain SELECT id FROM sbtest3 WHERE id BETWEEN 6562249 AND 6562349
	Index Only Scan using sbtest3_pkey on sbtest3  (cost=0.43..6.42 rows=99 width=4)
	  Index Cond: ((id >= 6562249) AND (id <= 6562349))

table 4 : explain SELECT id FROM sbtest4 WHERE id BETWEEN 6562249 AND 6562349
	Index Only Scan using sbtest4_pkey on sbtest4  (cost=0.43..6.69 rows=113 width=4)
	  Index Cond: ((id >= 6562249) AND (id <= 6562349))

table 5 : explain SELECT id FROM sbtest5 WHERE id BETWEEN 6562249 AND 6562349
	Index Only Scan using sbtest5_pkey on sbtest5  (cost=0.43..6.51 rows=104 width=4)
	  Index Cond: ((id >= 6562249) AND (id <= 6562349))

table 6 : explain SELECT id FROM sbtest6 WHERE id BETWEEN 6562249 AND 6562349
	Index Only Scan using sbtest6_pkey on sbtest6  (cost=0.43..6.37 rows=97 width=4)
	  Index Cond: ((id >= 6562249) AND (id <= 6562349))

table 7 : explain SELECT id FROM sbtest7 WHERE id BETWEEN 6562249 AND 6562349
	Index Only Scan using sbtest7_pkey on sbtest7  (cost=0.43..6.27 rows=92 width=4)
	  Index Cond: ((id >= 6562249) AND (id <= 6562349))

table 8 : explain SELECT id FROM sbtest8 WHERE id BETWEEN 6562249 AND 6562349
	Index Only Scan using sbtest8_pkey on sbtest8  (cost=0.43..6.43 rows=100 width=4)
	  Index Cond: ((id >= 6562249) AND (id <= 6562349))

for range-covered
table 1 : explain SELECT id FROM sbtest1 WHERE id BETWEEN 3009146 AND 3009246
	Index Only Scan using sbtest1_pkey on sbtest1  (cost=0.43..6.63 rows=110 width=4)
	  Index Cond: ((id >= 3009146) AND (id <= 3009246))

table 2 : explain SELECT id FROM sbtest2 WHERE id BETWEEN 3009146 AND 3009246
	Index Only Scan using sbtest2_pkey on sbtest2  (cost=0.43..6.58 rows=107 width=4)
	  Index Cond: ((id >= 3009146) AND (id <= 3009246))

table 3 : explain SELECT id FROM sbtest3 WHERE id BETWEEN 3009146 AND 3009246
	Index Only Scan using sbtest3_pkey on sbtest3  (cost=0.43..6.37 rows=97 width=4)
	  Index Cond: ((id >= 3009146) AND (id <= 3009246))

table 4 : explain SELECT id FROM sbtest4 WHERE id BETWEEN 3009146 AND 3009246
	Index Only Scan using sbtest4_pkey on sbtest4  (cost=0.43..6.37 rows=97 width=4)
	  Index Cond: ((id >= 3009146) AND (id <= 3009246))

table 5 : explain SELECT id FROM sbtest5 WHERE id BETWEEN 3009146 AND 3009246
	Index Only Scan using sbtest5_pkey on sbtest5  (cost=0.43..6.53 rows=105 width=4)
	  Index Cond: ((id >= 3009146) AND (id <= 3009246))

table 6 : explain SELECT id FROM sbtest6 WHERE id BETWEEN 3009146 AND 3009246
	Index Only Scan using sbtest6_pkey on sbtest6  (cost=0.43..6.43 rows=100 width=4)
	  Index Cond: ((id >= 3009146) AND (id <= 3009246))

table 7 : explain SELECT id FROM sbtest7 WHERE id BETWEEN 3009146 AND 3009246
	Index Only Scan using sbtest7_pkey on sbtest7  (cost=0.43..6.66 rows=111 width=4)
	  Index Cond: ((id >= 3009146) AND (id <= 3009246))

table 8 : explain SELECT id FROM sbtest8 WHERE id BETWEEN 3009146 AND 3009246
	Index Only Scan using sbtest8_pkey on sbtest8  (cost=0.43..6.58 rows=107 width=4)
	  Index Cond: ((id >= 3009146) AND (id <= 3009246))

for range-covered
table 1 : explain SELECT id FROM sbtest1 WHERE id BETWEEN 4846981 AND 4847081
	Index Only Scan using sbtest1_pkey on sbtest1  (cost=0.43..6.29 rows=93 width=4)
	  Index Cond: ((id >= 4846981) AND (id <= 4847081))

table 2 : explain SELECT id FROM sbtest2 WHERE id BETWEEN 4846981 AND 4847081
	Index Only Scan using sbtest2_pkey on sbtest2  (cost=0.43..6.27 rows=92 width=4)
	  Index Cond: ((id >= 4846981) AND (id <= 4847081))

table 3 : explain SELECT id FROM sbtest3 WHERE id BETWEEN 4846981 AND 4847081
	Index Only Scan using sbtest3_pkey on sbtest3  (cost=0.43..6.27 rows=92 width=4)
	  Index Cond: ((id >= 4846981) AND (id <= 4847081))

table 4 : explain SELECT id FROM sbtest4 WHERE id BETWEEN 4846981 AND 4847081
	Index Only Scan using sbtest4_pkey on sbtest4  (cost=0.43..6.19 rows=88 width=4)
	  Index Cond: ((id >= 4846981) AND (id <= 4847081))

table 5 : explain SELECT id FROM sbtest5 WHERE id BETWEEN 4846981 AND 4847081
	Index Only Scan using sbtest5_pkey on sbtest5  (cost=0.43..6.43 rows=100 width=4)
	  Index Cond: ((id >= 4846981) AND (id <= 4847081))

table 6 : explain SELECT id FROM sbtest6 WHERE id BETWEEN 4846981 AND 4847081
	Index Only Scan using sbtest6_pkey on sbtest6  (cost=0.43..6.35 rows=96 width=4)
	  Index Cond: ((id >= 4846981) AND (id <= 4847081))

table 7 : explain SELECT id FROM sbtest7 WHERE id BETWEEN 4846981 AND 4847081
	Index Only Scan using sbtest7_pkey on sbtest7  (cost=0.43..6.51 rows=104 width=4)
	  Index Cond: ((id >= 4846981) AND (id <= 4847081))

table 8 : explain SELECT id FROM sbtest8 WHERE id BETWEEN 4846981 AND 4847081
	Index Only Scan using sbtest8_pkey on sbtest8  (cost=0.43..6.19 rows=88 width=4)
	  Index Cond: ((id >= 4846981) AND (id <= 4847081))

explain: for range-covered :: explain SELECT id FROM sbtest%d WHERE id BETWEEN 6562249 AND 6562349
for range-covered
table 1 : explain SELECT id FROM sbtest1 WHERE id BETWEEN 1031918 AND 1032018
	Index Only Scan using sbtest1_pkey on sbtest1  (cost=0.43..6.66 rows=111 width=4)
	  Index Cond: ((id >= 1031918) AND (id <= 1032018))

table 2 : explain SELECT id FROM sbtest2 WHERE id BETWEEN 1031918 AND 1032018
	Index Only Scan using sbtest2_pkey on sbtest2  (cost=0.43..6.50 rows=103 width=4)
	  Index Cond: ((id >= 1031918) AND (id <= 1032018))

table 3 : explain SELECT id FROM sbtest3 WHERE id BETWEEN 1031918 AND 1032018
	Index Only Scan using sbtest3_pkey on sbtest3  (cost=0.43..6.32 rows=94 width=4)
	  Index Cond: ((id >= 1031918) AND (id <= 1032018))

table 4 : explain SELECT id FROM sbtest4 WHERE id BETWEEN 1031918 AND 1032018
	Index Only Scan using sbtest4_pkey on sbtest4  (cost=0.43..6.32 rows=94 width=4)
	  Index Cond: ((id >= 1031918) AND (id <= 1032018))

table 5 : explain SELECT id FROM sbtest5 WHERE id BETWEEN 1031918 AND 1032018
	Index Only Scan using sbtest5_pkey on sbtest5  (cost=0.43..6.47 rows=102 width=4)
	  Index Cond: ((id >= 1031918) AND (id <= 1032018))

table 6 : explain SELECT id FROM sbtest6 WHERE id BETWEEN 1031918 AND 1032018
	Index Only Scan using sbtest6_pkey on sbtest6  (cost=0.43..6.42 rows=99 width=4)
	  Index Cond: ((id >= 1031918) AND (id <= 1032018))

table 7 : explain SELECT id FROM sbtest7 WHERE id BETWEEN 1031918 AND 1032018
	Index Only Scan using sbtest7_pkey on sbtest7  (cost=0.43..6.37 rows=97 width=4)
	  Index Cond: ((id >= 1031918) AND (id <= 1032018))

table 8 : explain SELECT id FROM sbtest8 WHERE id BETWEEN 1031918 AND 1032018
	Index Only Scan using sbtest8_pkey on sbtest8  (cost=0.43..6.43 rows=100 width=4)
	  Index Cond: ((id >= 1031918) AND (id <= 1032018))

explain: for range-covered :: explain SELECT id FROM sbtest%d WHERE id BETWEEN 3009146 AND 3009246
for range-covered
table 1 : explain SELECT id FROM sbtest1 WHERE id BETWEEN 5438454 AND 5438554
	Index Only Scan using sbtest1_pkey on sbtest1  (cost=0.43..6.35 rows=96 width=4)
	  Index Cond: ((id >= 5438454) AND (id <= 5438554))

table 2 : explain SELECT id FROM sbtest2 WHERE id BETWEEN 5438454 AND 5438554
	Index Only Scan using sbtest2_pkey on sbtest2  (cost=0.43..6.59 rows=108 width=4)
	  Index Cond: ((id >= 5438454) AND (id <= 5438554))

table 3 : explain SELECT id FROM sbtest3 WHERE id BETWEEN 5438454 AND 5438554
	Index Only Scan using sbtest3_pkey on sbtest3  (cost=0.43..6.58 rows=107 width=4)
	  Index Cond: ((id >= 5438454) AND (id <= 5438554))

table 4 : explain SELECT id FROM sbtest4 WHERE id BETWEEN 5438454 AND 5438554
	Index Only Scan using sbtest4_pkey on sbtest4  (cost=0.43..6.69 rows=113 width=4)
	  Index Cond: ((id >= 5438454) AND (id <= 5438554))

table 5 : explain SELECT id FROM sbtest5 WHERE id BETWEEN 5438454 AND 5438554
	Index Only Scan using sbtest5_pkey on sbtest5  (cost=0.43..6.27 rows=92 width=4)
	  Index Cond: ((id >= 5438454) AND (id <= 5438554))

table 6 : explain SELECT id FROM sbtest6 WHERE id BETWEEN 5438454 AND 5438554
	Index Only Scan using sbtest6_pkey on sbtest6  (cost=0.43..6.37 rows=97 width=4)
	  Index Cond: ((id >= 5438454) AND (id <= 5438554))

table 7 : explain SELECT id FROM sbtest7 WHERE id BETWEEN 5438454 AND 5438554
	Index Only Scan using sbtest7_pkey on sbtest7  (cost=0.43..6.50 rows=103 width=4)
	  Index Cond: ((id >= 5438454) AND (id <= 5438554))

table 8 : explain SELECT id FROM sbtest8 WHERE id BETWEEN 5438454 AND 5438554
	Index Only Scan using sbtest8_pkey on sbtest8  (cost=0.43..6.66 rows=111 width=4)
	  Index Cond: ((id >= 5438454) AND (id <= 5438554))

for range-covered
table 1 : explain SELECT id FROM sbtest1 WHERE id BETWEEN 5781107 AND 5781207
	Index Only Scan using sbtest1_pkey on sbtest1  (cost=0.43..6.66 rows=111 width=4)
	  Index Cond: ((id >= 5781107) AND (id <= 5781207))

table 2 : explain SELECT id FROM sbtest2 WHERE id BETWEEN 5781107 AND 5781207
	Index Only Scan using sbtest2_pkey on sbtest2  (cost=0.43..6.51 rows=104 width=4)
	  Index Cond: ((id >= 5781107) AND (id <= 5781207))

table 3 : explain SELECT id FROM sbtest3 WHERE id BETWEEN 5781107 AND 5781207
	Index Only Scan using sbtest3_pkey on sbtest3  (cost=0.43..6.69 rows=113 width=4)
	  Index Cond: ((id >= 5781107) AND (id <= 5781207))

table 4 : explain SELECT id FROM sbtest4 WHERE id BETWEEN 5781107 AND 5781207
	Index Only Scan using sbtest4_pkey on sbtest4  (cost=0.43..6.37 rows=97 width=4)
	  Index Cond: ((id >= 5781107) AND (id <= 5781207))

table 5 : explain SELECT id FROM sbtest5 WHERE id BETWEEN 5781107 AND 5781207
	Index Only Scan using sbtest5_pkey on sbtest5  (cost=0.43..6.45 rows=101 width=4)
	  Index Cond: ((id >= 5781107) AND (id <= 5781207))

table 6 : explain SELECT id FROM sbtest6 WHERE id BETWEEN 5781107 AND 5781207
	Index Only Scan using sbtest6_pkey on sbtest6  (cost=0.43..6.66 rows=111 width=4)
	  Index Cond: ((id >= 5781107) AND (id <= 5781207))

table 7 : explain SELECT id FROM sbtest7 WHERE id BETWEEN 5781107 AND 5781207
	Index Only Scan using sbtest7_pkey on sbtest7  (cost=0.43..6.40 rows=98 width=4)
	  Index Cond: ((id >= 5781107) AND (id <= 5781207))

table 8 : explain SELECT id FROM sbtest8 WHERE id BETWEEN 5781107 AND 5781207
	Index Only Scan using sbtest8_pkey on sbtest8  (cost=0.43..6.45 rows=101 width=4)
	  Index Cond: ((id >= 5781107) AND (id <= 5781207))

explain: for range-covered :: explain SELECT id FROM sbtest%d WHERE id BETWEEN 1031918 AND 1032018
explain: for range-covered :: explain SELECT id FROM sbtest%d WHERE id BETWEEN 5781107 AND 5781207
explain: for range-covered :: explain SELECT id FROM sbtest%d WHERE id BETWEEN 5438454 AND 5438554
for range-covered
table 1 : explain SELECT id FROM sbtest1 WHERE id BETWEEN 5819650 AND 5819750
	Index Only Scan using sbtest1_pkey on sbtest1  (cost=0.43..6.66 rows=111 width=4)
	  Index Cond: ((id >= 5819650) AND (id <= 5819750))

table 2 : explain SELECT id FROM sbtest2 WHERE id BETWEEN 5819650 AND 5819750
	Index Only Scan using sbtest2_pkey on sbtest2  (cost=0.43..6.51 rows=104 width=4)
	  Index Cond: ((id >= 5819650) AND (id <= 5819750))

table 3 : explain SELECT id FROM sbtest3 WHERE id BETWEEN 5819650 AND 5819750
	Index Only Scan using sbtest3_pkey on sbtest3  (cost=0.43..6.69 rows=113 width=4)
	  Index Cond: ((id >= 5819650) AND (id <= 5819750))

table 4 : explain SELECT id FROM sbtest4 WHERE id BETWEEN 5819650 AND 5819750
	Index Only Scan using sbtest4_pkey on sbtest4  (cost=0.43..6.25 rows=91 width=4)
	  Index Cond: ((id >= 5819650) AND (id <= 5819750))

table 5 : explain SELECT id FROM sbtest5 WHERE id BETWEEN 5819650 AND 5819750
	Index Only Scan using sbtest5_pkey on sbtest5  (cost=0.43..6.45 rows=101 width=4)
	  Index Cond: ((id >= 5819650) AND (id <= 5819750))

table 6 : explain SELECT id FROM sbtest6 WHERE id BETWEEN 5819650 AND 5819750
	Index Only Scan using sbtest6_pkey on sbtest6  (cost=0.43..6.43 rows=100 width=4)
	  Index Cond: ((id >= 5819650) AND (id <= 5819750))

table 7 : explain SELECT id FROM sbtest7 WHERE id BETWEEN 5819650 AND 5819750
	Index Only Scan using sbtest7_pkey on sbtest7  (cost=0.43..6.50 rows=103 width=4)
	  Index Cond: ((id >= 5819650) AND (id <= 5819750))

table 8 : explain SELECT id FROM sbtest8 WHERE id BETWEEN 5819650 AND 5819750
	Index Only Scan using sbtest8_pkey on sbtest8  (cost=0.43..6.35 rows=96 width=4)
	  Index Cond: ((id >= 5819650) AND (id <= 5819750))

explain: for range-covered :: explain SELECT id FROM sbtest%d WHERE id BETWEEN 5819650 AND 5819750
for range-covered
table 1 : explain SELECT id FROM sbtest1 WHERE id BETWEEN 3308156 AND 3308256
	Index Only Scan using sbtest1_pkey on sbtest1  (cost=0.43..6.50 rows=103 width=4)
	  Index Cond: ((id >= 3308156) AND (id <= 3308256))

table 2 : explain SELECT id FROM sbtest2 WHERE id BETWEEN 3308156 AND 3308256
	Index Only Scan using sbtest2_pkey on sbtest2  (cost=0.43..6.45 rows=101 width=4)
	  Index Cond: ((id >= 3308156) AND (id <= 3308256))

table 3 : explain SELECT id FROM sbtest3 WHERE id BETWEEN 3308156 AND 3308256
	Index Only Scan using sbtest3_pkey on sbtest3  (cost=0.43..6.75 rows=116 width=4)
	  Index Cond: ((id >= 3308156) AND (id <= 3308256))

table 4 : explain SELECT id FROM sbtest4 WHERE id BETWEEN 3308156 AND 3308256
	Index Only Scan using sbtest4_pkey on sbtest4  (cost=0.43..6.42 rows=99 width=4)
	  Index Cond: ((id >= 3308156) AND (id <= 3308256))

table 5 : explain SELECT id FROM sbtest5 WHERE id BETWEEN 3308156 AND 3308256
	Index Only Scan using sbtest5_pkey on sbtest5  (cost=0.43..6.43 rows=100 width=4)
	  Index Cond: ((id >= 3308156) AND (id <= 3308256))

table 6 : explain SELECT id FROM sbtest6 WHERE id BETWEEN 3308156 AND 3308256
	Index Only Scan using sbtest6_pkey on sbtest6  (cost=0.43..6.35 rows=96 width=4)
	  Index Cond: ((id >= 3308156) AND (id <= 3308256))

table 7 : explain SELECT id FROM sbtest7 WHERE id BETWEEN 3308156 AND 3308256
	Index Only Scan using sbtest7_pkey on sbtest7  (cost=0.43..6.58 rows=107 width=4)
	  Index Cond: ((id >= 3308156) AND (id <= 3308256))

table 8 : explain SELECT id FROM sbtest8 WHERE id BETWEEN 3308156 AND 3308256
	Index Only Scan using sbtest8_pkey on sbtest8  (cost=0.43..6.42 rows=99 width=4)
	  Index Cond: ((id >= 3308156) AND (id <= 3308256))

explain: for range-covered :: explain SELECT id FROM sbtest%d WHERE id BETWEEN 3308156 AND 3308256
for range-covered
table 1 : explain SELECT id FROM sbtest1 WHERE id BETWEEN 8067908 AND 8068008
	Index Only Scan using sbtest1_pkey on sbtest1  (cost=0.43..6.37 rows=97 width=4)
	  Index Cond: ((id >= 8067908) AND (id <= 8068008))

table 2 : explain SELECT id FROM sbtest2 WHERE id BETWEEN 8067908 AND 8068008
	Index Only Scan using sbtest2_pkey on sbtest2  (cost=0.43..6.45 rows=101 width=4)
	  Index Cond: ((id >= 8067908) AND (id <= 8068008))

table 3 : explain SELECT id FROM sbtest3 WHERE id BETWEEN 8067908 AND 8068008
	Index Only Scan using sbtest3_pkey on sbtest3  (cost=0.43..6.59 rows=108 width=4)
	  Index Cond: ((id >= 8067908) AND (id <= 8068008))

table 4 : explain SELECT id FROM sbtest4 WHERE id BETWEEN 8067908 AND 8068008
	Index Only Scan using sbtest4_pkey on sbtest4  (cost=0.43..6.25 rows=91 width=4)
	  Index Cond: ((id >= 8067908) AND (id <= 8068008))

table 5 : explain SELECT id FROM sbtest5 WHERE id BETWEEN 8067908 AND 8068008
	Index Only Scan using sbtest5_pkey on sbtest5  (cost=0.43..6.51 rows=104 width=4)
	  Index Cond: ((id >= 8067908) AND (id <= 8068008))

table 6 : explain SELECT id FROM sbtest6 WHERE id BETWEEN 8067908 AND 8068008
	Index Only Scan using sbtest6_pkey on sbtest6  (cost=0.43..6.40 rows=98 width=4)
	  Index Cond: ((id >= 8067908) AND (id <= 8068008))

table 7 : explain SELECT id FROM sbtest7 WHERE id BETWEEN 8067908 AND 8068008
	Index Only Scan using sbtest7_pkey on sbtest7  (cost=0.43..6.47 rows=102 width=4)
	  Index Cond: ((id >= 8067908) AND (id <= 8068008))

table 8 : explain SELECT id FROM sbtest8 WHERE id BETWEEN 8067908 AND 8068008
	Index Only Scan using sbtest8_pkey on sbtest8  (cost=0.43..6.56 rows=106 width=4)
	  Index Cond: ((id >= 8067908) AND (id <= 8068008))

for range-covered
table 1 : explain SELECT id FROM sbtest1 WHERE id BETWEEN 6562249 AND 6562349
	Index Only Scan using sbtest1_pkey on sbtest1  (cost=0.43..6.35 rows=96 width=4)
	  Index Cond: ((id >= 6562249) AND (id <= 6562349))

table 2 : explain SELECT id FROM sbtest2 WHERE id BETWEEN 6562249 AND 6562349
	Index Only Scan using sbtest2_pkey on sbtest2  (cost=0.43..6.19 rows=88 width=4)
	  Index Cond: ((id >= 6562249) AND (id <= 6562349))

table 3 : explain SELECT id FROM sbtest3 WHERE id BETWEEN 6562249 AND 6562349
	Index Only Scan using sbtest3_pkey on sbtest3  (cost=0.43..6.42 rows=99 width=4)
	  Index Cond: ((id >= 6562249) AND (id <= 6562349))

table 4 : explain SELECT id FROM sbtest4 WHERE id BETWEEN 6562249 AND 6562349
	Index Only Scan using sbtest4_pkey on sbtest4  (cost=0.43..6.69 rows=113 width=4)
	  Index Cond: ((id >= 6562249) AND (id <= 6562349))

table 5 : explain SELECT id FROM sbtest5 WHERE id BETWEEN 6562249 AND 6562349
	Index Only Scan using sbtest5_pkey on sbtest5  (cost=0.43..6.51 rows=104 width=4)
	  Index Cond: ((id >= 6562249) AND (id <= 6562349))

table 6 : explain SELECT id FROM sbtest6 WHERE id BETWEEN 6562249 AND 6562349
	Index Only Scan using sbtest6_pkey on sbtest6  (cost=0.43..6.37 rows=97 width=4)
	  Index Cond: ((id >= 6562249) AND (id <= 6562349))

table 7 : explain SELECT id FROM sbtest7 WHERE id BETWEEN 6562249 AND 6562349
	Index Only Scan using sbtest7_pkey on sbtest7  (cost=0.43..6.27 rows=92 width=4)
	  Index Cond: ((id >= 6562249) AND (id <= 6562349))

table 8 : explain SELECT id FROM sbtest8 WHERE id BETWEEN 6562249 AND 6562349
	Index Only Scan using sbtest8_pkey on sbtest8  (cost=0.43..6.43 rows=100 width=4)
	  Index Cond: ((id >= 6562249) AND (id <= 6562349))

for range-covered
table 1 : explain SELECT id FROM sbtest1 WHERE id BETWEEN 3009146 AND 3009246
	Index Only Scan using sbtest1_pkey on sbtest1  (cost=0.43..6.63 rows=110 width=4)
	  Index Cond: ((id >= 3009146) AND (id <= 3009246))

table 2 : explain SELECT id FROM sbtest2 WHERE id BETWEEN 3009146 AND 3009246
	Index Only Scan using sbtest2_pkey on sbtest2  (cost=0.43..6.58 rows=107 width=4)
	  Index Cond: ((id >= 3009146) AND (id <= 3009246))

table 3 : explain SELECT id FROM sbtest3 WHERE id BETWEEN 3009146 AND 3009246
	Index Only Scan using sbtest3_pkey on sbtest3  (cost=0.43..6.37 rows=97 width=4)
	  Index Cond: ((id >= 3009146) AND (id <= 3009246))

table 4 : explain SELECT id FROM sbtest4 WHERE id BETWEEN 3009146 AND 3009246
	Index Only Scan using sbtest4_pkey on sbtest4  (cost=0.43..6.37 rows=97 width=4)
	  Index Cond: ((id >= 3009146) AND (id <= 3009246))

table 5 : explain SELECT id FROM sbtest5 WHERE id BETWEEN 3009146 AND 3009246
	Index Only Scan using sbtest5_pkey on sbtest5  (cost=0.43..6.53 rows=105 width=4)
	  Index Cond: ((id >= 3009146) AND (id <= 3009246))

table 6 : explain SELECT id FROM sbtest6 WHERE id BETWEEN 3009146 AND 3009246
	Index Only Scan using sbtest6_pkey on sbtest6  (cost=0.43..6.43 rows=100 width=4)
	  Index Cond: ((id >= 3009146) AND (id <= 3009246))

table 7 : explain SELECT id FROM sbtest7 WHERE id BETWEEN 3009146 AND 3009246
	Index Only Scan using sbtest7_pkey on sbtest7  (cost=0.43..6.66 rows=111 width=4)
	  Index Cond: ((id >= 3009146) AND (id <= 3009246))

table 8 : explain SELECT id FROM sbtest8 WHERE id BETWEEN 3009146 AND 3009246
	Index Only Scan using sbtest8_pkey on sbtest8  (cost=0.43..6.58 rows=107 width=4)
	  Index Cond: ((id >= 3009146) AND (id <= 3009246))

explain: for range-covered :: explain SELECT id FROM sbtest%d WHERE id BETWEEN 6562249 AND 6562349
for range-covered
table 1 : explain SELECT id FROM sbtest1 WHERE id BETWEEN 1031918 AND 1032018
	Index Only Scan using sbtest1_pkey on sbtest1  (cost=0.43..6.66 rows=111 width=4)
	  Index Cond: ((id >= 1031918) AND (id <= 1032018))

table 2 : explain SELECT id FROM sbtest2 WHERE id BETWEEN 1031918 AND 1032018
	Index Only Scan using sbtest2_pkey on sbtest2  (cost=0.43..6.50 rows=103 width=4)
	  Index Cond: ((id >= 1031918) AND (id <= 1032018))

table 3 : explain SELECT id FROM sbtest3 WHERE id BETWEEN 1031918 AND 1032018
	Index Only Scan using sbtest3_pkey on sbtest3  (cost=0.43..6.32 rows=94 width=4)
	  Index Cond: ((id >= 1031918) AND (id <= 1032018))

table 4 : explain SELECT id FROM sbtest4 WHERE id BETWEEN 1031918 AND 1032018
	Index Only Scan using sbtest4_pkey on sbtest4  (cost=0.43..6.32 rows=94 width=4)
	  Index Cond: ((id >= 1031918) AND (id <= 1032018))

table 5 : explain SELECT id FROM sbtest5 WHERE id BETWEEN 1031918 AND 1032018
	Index Only Scan using sbtest5_pkey on sbtest5  (cost=0.43..6.47 rows=102 width=4)
	  Index Cond: ((id >= 1031918) AND (id <= 1032018))

table 6 : explain SELECT id FROM sbtest6 WHERE id BETWEEN 1031918 AND 1032018
	Index Only Scan using sbtest6_pkey on sbtest6  (cost=0.43..6.42 rows=99 width=4)
	  Index Cond: ((id >= 1031918) AND (id <= 1032018))

table 7 : explain SELECT id FROM sbtest7 WHERE id BETWEEN 1031918 AND 1032018
	Index Only Scan using sbtest7_pkey on sbtest7  (cost=0.43..6.37 rows=97 width=4)
	  Index Cond: ((id >= 1031918) AND (id <= 1032018))

table 8 : explain SELECT id FROM sbtest8 WHERE id BETWEEN 1031918 AND 1032018
	Index Only Scan using sbtest8_pkey on sbtest8  (cost=0.43..6.43 rows=100 width=4)
	  Index Cond: ((id >= 1031918) AND (id <= 1032018))

explain: for range-covered :: explain SELECT id FROM sbtest%d WHERE id BETWEEN 3009146 AND 3009246
explain: for range-covered :: explain SELECT id FROM sbtest%d WHERE id BETWEEN 8067908 AND 8068008
explain: for range-covered :: explain SELECT id FROM sbtest%d WHERE id BETWEEN 1031918 AND 1032018
for range-covered
table 1 : explain SELECT id FROM sbtest1 WHERE id BETWEEN 5438454 AND 5438554
	Index Only Scan using sbtest1_pkey on sbtest1  (cost=0.43..6.35 rows=96 width=4)
	  Index Cond: ((id >= 5438454) AND (id <= 5438554))

table 2 : explain SELECT id FROM sbtest2 WHERE id BETWEEN 5438454 AND 5438554
	Index Only Scan using sbtest2_pkey on sbtest2  (cost=0.43..6.59 rows=108 width=4)
	  Index Cond: ((id >= 5438454) AND (id <= 5438554))

table 3 : explain SELECT id FROM sbtest3 WHERE id BETWEEN 5438454 AND 5438554
	Index Only Scan using sbtest3_pkey on sbtest3  (cost=0.43..6.58 rows=107 width=4)
	  Index Cond: ((id >= 5438454) AND (id <= 5438554))

table 4 : explain SELECT id FROM sbtest4 WHERE id BETWEEN 5438454 AND 5438554
	Index Only Scan using sbtest4_pkey on sbtest4  (cost=0.43..6.69 rows=113 width=4)
	  Index Cond: ((id >= 5438454) AND (id <= 5438554))

table 5 : explain SELECT id FROM sbtest5 WHERE id BETWEEN 5438454 AND 5438554
	Index Only Scan using sbtest5_pkey on sbtest5  (cost=0.43..6.27 rows=92 width=4)
	  Index Cond: ((id >= 5438454) AND (id <= 5438554))

table 6 : explain SELECT id FROM sbtest6 WHERE id BETWEEN 5438454 AND 5438554
	Index Only Scan using sbtest6_pkey on sbtest6  (cost=0.43..6.37 rows=97 width=4)
	  Index Cond: ((id >= 5438454) AND (id <= 5438554))

table 7 : explain SELECT id FROM sbtest7 WHERE id BETWEEN 5438454 AND 5438554
	Index Only Scan using sbtest7_pkey on sbtest7  (cost=0.43..6.50 rows=103 width=4)
	  Index Cond: ((id >= 5438454) AND (id <= 5438554))

table 8 : explain SELECT id FROM sbtest8 WHERE id BETWEEN 5438454 AND 5438554
	Index Only Scan using sbtest8_pkey on sbtest8  (cost=0.43..6.66 rows=111 width=4)
	  Index Cond: ((id >= 5438454) AND (id <= 5438554))

for range-covered
table 1 : explain SELECT id FROM sbtest1 WHERE id BETWEEN 5819650 AND 5819750
	Index Only Scan using sbtest1_pkey on sbtest1  (cost=0.43..6.66 rows=111 width=4)
	  Index Cond: ((id >= 5819650) AND (id <= 5819750))

table 2 : explain SELECT id FROM sbtest2 WHERE id BETWEEN 5819650 AND 5819750
	Index Only Scan using sbtest2_pkey on sbtest2  (cost=0.43..6.51 rows=104 width=4)
	  Index Cond: ((id >= 5819650) AND (id <= 5819750))

table 3 : explain SELECT id FROM sbtest3 WHERE id BETWEEN 5819650 AND 5819750
	Index Only Scan using sbtest3_pkey on sbtest3  (cost=0.43..6.69 rows=113 width=4)
	  Index Cond: ((id >= 5819650) AND (id <= 5819750))

table 4 : explain SELECT id FROM sbtest4 WHERE id BETWEEN 5819650 AND 5819750
	Index Only Scan using sbtest4_pkey on sbtest4  (cost=0.43..6.25 rows=91 width=4)
	  Index Cond: ((id >= 5819650) AND (id <= 5819750))

table 5 : explain SELECT id FROM sbtest5 WHERE id BETWEEN 5819650 AND 5819750
	Index Only Scan using sbtest5_pkey on sbtest5  (cost=0.43..6.45 rows=101 width=4)
	  Index Cond: ((id >= 5819650) AND (id <= 5819750))

table 6 : explain SELECT id FROM sbtest6 WHERE id BETWEEN 5819650 AND 5819750
	Index Only Scan using sbtest6_pkey on sbtest6  (cost=0.43..6.43 rows=100 width=4)
	  Index Cond: ((id >= 5819650) AND (id <= 5819750))

table 7 : explain SELECT id FROM sbtest7 WHERE id BETWEEN 5819650 AND 5819750
	Index Only Scan using sbtest7_pkey on sbtest7  (cost=0.43..6.50 rows=103 width=4)
	  Index Cond: ((id >= 5819650) AND (id <= 5819750))

table 8 : explain SELECT id FROM sbtest8 WHERE id BETWEEN 5819650 AND 5819750
	Index Only Scan using sbtest8_pkey on sbtest8  (cost=0.43..6.35 rows=96 width=4)
	  Index Cond: ((id >= 5819650) AND (id <= 5819750))

explain: for range-covered :: explain SELECT id FROM sbtest%d WHERE id BETWEEN 5438454 AND 5438554
explain: for range-covered :: explain SELECT id FROM sbtest%d WHERE id BETWEEN 5819650 AND 5819750
for range-covered
table 1 : explain SELECT id FROM sbtest1 WHERE id BETWEEN 5781107 AND 5781207
	Index Only Scan using sbtest1_pkey on sbtest1  (cost=0.43..6.66 rows=111 width=4)
	  Index Cond: ((id >= 5781107) AND (id <= 5781207))

table 2 : explain SELECT id FROM sbtest2 WHERE id BETWEEN 5781107 AND 5781207
	Index Only Scan using sbtest2_pkey on sbtest2  (cost=0.43..6.51 rows=104 width=4)
	  Index Cond: ((id >= 5781107) AND (id <= 5781207))

table 3 : explain SELECT id FROM sbtest3 WHERE id BETWEEN 5781107 AND 5781207
	Index Only Scan using sbtest3_pkey on sbtest3  (cost=0.43..6.69 rows=113 width=4)
	  Index Cond: ((id >= 5781107) AND (id <= 5781207))

table 4 : explain SELECT id FROM sbtest4 WHERE id BETWEEN 5781107 AND 5781207
	Index Only Scan using sbtest4_pkey on sbtest4  (cost=0.43..6.37 rows=97 width=4)
	  Index Cond: ((id >= 5781107) AND (id <= 5781207))

table 5 : explain SELECT id FROM sbtest5 WHERE id BETWEEN 5781107 AND 5781207
	Index Only Scan using sbtest5_pkey on sbtest5  (cost=0.43..6.45 rows=101 width=4)
	  Index Cond: ((id >= 5781107) AND (id <= 5781207))

table 6 : explain SELECT id FROM sbtest6 WHERE id BETWEEN 5781107 AND 5781207
	Index Only Scan using sbtest6_pkey on sbtest6  (cost=0.43..6.66 rows=111 width=4)
	  Index Cond: ((id >= 5781107) AND (id <= 5781207))

table 7 : explain SELECT id FROM sbtest7 WHERE id BETWEEN 5781107 AND 5781207
	Index Only Scan using sbtest7_pkey on sbtest7  (cost=0.43..6.40 rows=98 width=4)
	  Index Cond: ((id >= 5781107) AND (id <= 5781207))

table 8 : explain SELECT id FROM sbtest8 WHERE id BETWEEN 5781107 AND 5781207
	Index Only Scan using sbtest8_pkey on sbtest8  (cost=0.43..6.45 rows=101 width=4)
	  Index Cond: ((id >= 5781107) AND (id <= 5781207))

explain: for range-covered :: explain SELECT id FROM sbtest%d WHERE id BETWEEN 5781107 AND 5781207
for range-covered
table 1 : explain SELECT id FROM sbtest1 WHERE id BETWEEN 2571317 AND 2571417
	Index Only Scan using sbtest1_pkey on sbtest1  (cost=0.43..6.42 rows=99 width=4)
	  Index Cond: ((id >= 2571317) AND (id <= 2571417))

table 2 : explain SELECT id FROM sbtest2 WHERE id BETWEEN 2571317 AND 2571417
	Index Only Scan using sbtest2_pkey on sbtest2  (cost=0.43..6.35 rows=96 width=4)
	  Index Cond: ((id >= 2571317) AND (id <= 2571417))

table 3 : explain SELECT id FROM sbtest3 WHERE id BETWEEN 2571317 AND 2571417
	Index Only Scan using sbtest3_pkey on sbtest3  (cost=0.43..6.40 rows=98 width=4)
	  Index Cond: ((id >= 2571317) AND (id <= 2571417))

table 4 : explain SELECT id FROM sbtest4 WHERE id BETWEEN 2571317 AND 2571417
	Index Only Scan using sbtest4_pkey on sbtest4  (cost=0.43..6.42 rows=99 width=4)
	  Index Cond: ((id >= 2571317) AND (id <= 2571417))

table 5 : explain SELECT id FROM sbtest5 WHERE id BETWEEN 2571317 AND 2571417
	Index Only Scan using sbtest5_pkey on sbtest5  (cost=0.43..6.33 rows=95 width=4)
	  Index Cond: ((id >= 2571317) AND (id <= 2571417))

table 6 : explain SELECT id FROM sbtest6 WHERE id BETWEEN 2571317 AND 2571417
	Index Only Scan using sbtest6_pkey on sbtest6  (cost=0.43..6.72 rows=114 width=4)
	  Index Cond: ((id >= 2571317) AND (id <= 2571417))

table 7 : explain SELECT id FROM sbtest7 WHERE id BETWEEN 2571317 AND 2571417
	Index Only Scan using sbtest7_pkey on sbtest7  (cost=0.43..6.53 rows=105 width=4)
	  Index Cond: ((id >= 2571317) AND (id <= 2571417))

table 8 : explain SELECT id FROM sbtest8 WHERE id BETWEEN 2571317 AND 2571417
	Index Only Scan using sbtest8_pkey on sbtest8  (cost=0.43..6.32 rows=94 width=4)
	  Index Cond: ((id >= 2571317) AND (id <= 2571417))

for range-covered
table 1 : explain SELECT id FROM sbtest1 WHERE id BETWEEN 6562249 AND 6562349
	Index Only Scan using sbtest1_pkey on sbtest1  (cost=0.43..6.35 rows=96 width=4)
	  Index Cond: ((id >= 6562249) AND (id <= 6562349))

table 2 : explain SELECT id FROM sbtest2 WHERE id BETWEEN 6562249 AND 6562349
	Index Only Scan using sbtest2_pkey on sbtest2  (cost=0.43..6.19 rows=88 width=4)
	  Index Cond: ((id >= 6562249) AND (id <= 6562349))

table 3 : explain SELECT id FROM sbtest3 WHERE id BETWEEN 6562249 AND 6562349
	Index Only Scan using sbtest3_pkey on sbtest3  (cost=0.43..6.42 rows=99 width=4)
	  Index Cond: ((id >= 6562249) AND (id <= 6562349))

table 4 : explain SELECT id FROM sbtest4 WHERE id BETWEEN 6562249 AND 6562349
	Index Only Scan using sbtest4_pkey on sbtest4  (cost=0.43..6.69 rows=113 width=4)
	  Index Cond: ((id >= 6562249) AND (id <= 6562349))

table 5 : explain SELECT id FROM sbtest5 WHERE id BETWEEN 6562249 AND 6562349
	Index Only Scan using sbtest5_pkey on sbtest5  (cost=0.43..6.51 rows=104 width=4)
	  Index Cond: ((id >= 6562249) AND (id <= 6562349))

table 6 : explain SELECT id FROM sbtest6 WHERE id BETWEEN 6562249 AND 6562349
	Index Only Scan using sbtest6_pkey on sbtest6  (cost=0.43..6.37 rows=97 width=4)
	  Index Cond: ((id >= 6562249) AND (id <= 6562349))

table 7 : explain SELECT id FROM sbtest7 WHERE id BETWEEN 6562249 AND 6562349
	Index Only Scan using sbtest7_pkey on sbtest7  (cost=0.43..6.27 rows=92 width=4)
	  Index Cond: ((id >= 6562249) AND (id <= 6562349))

table 8 : explain SELECT id FROM sbtest8 WHERE id BETWEEN 6562249 AND 6562349
	Index Only Scan using sbtest8_pkey on sbtest8  (cost=0.43..6.43 rows=100 width=4)
	  Index Cond: ((id >= 6562249) AND (id <= 6562349))

explain: for range-covered :: explain SELECT id FROM sbtest%d WHERE id BETWEEN 2571317 AND 2571417
explain: for range-covered :: explain SELECT id FROM sbtest%d WHERE id BETWEEN 6562249 AND 6562349
for range-covered
table 1 : explain SELECT id FROM sbtest1 WHERE id BETWEEN 1031918 AND 1032018
	Index Only Scan using sbtest1_pkey on sbtest1  (cost=0.43..6.66 rows=111 width=4)
	  Index Cond: ((id >= 1031918) AND (id <= 1032018))

table 2 : explain SELECT id FROM sbtest2 WHERE id BETWEEN 1031918 AND 1032018
	Index Only Scan using sbtest2_pkey on sbtest2  (cost=0.43..6.50 rows=103 width=4)
	  Index Cond: ((id >= 1031918) AND (id <= 1032018))

table 3 : explain SELECT id FROM sbtest3 WHERE id BETWEEN 1031918 AND 1032018
	Index Only Scan using sbtest3_pkey on sbtest3  (cost=0.43..6.32 rows=94 width=4)
	  Index Cond: ((id >= 1031918) AND (id <= 1032018))

table 4 : explain SELECT id FROM sbtest4 WHERE id BETWEEN 1031918 AND 1032018
	Index Only Scan using sbtest4_pkey on sbtest4  (cost=0.43..6.32 rows=94 width=4)
	  Index Cond: ((id >= 1031918) AND (id <= 1032018))

table 5 : explain SELECT id FROM sbtest5 WHERE id BETWEEN 1031918 AND 1032018
	Index Only Scan using sbtest5_pkey on sbtest5  (cost=0.43..6.47 rows=102 width=4)
	  Index Cond: ((id >= 1031918) AND (id <= 1032018))

table 6 : explain SELECT id FROM sbtest6 WHERE id BETWEEN 1031918 AND 1032018
	Index Only Scan using sbtest6_pkey on sbtest6  (cost=0.43..6.42 rows=99 width=4)
	  Index Cond: ((id >= 1031918) AND (id <= 1032018))

table 7 : explain SELECT id FROM sbtest7 WHERE id BETWEEN 1031918 AND 1032018
	Index Only Scan using sbtest7_pkey on sbtest7  (cost=0.43..6.37 rows=97 width=4)
	  Index Cond: ((id >= 1031918) AND (id <= 1032018))

table 8 : explain SELECT id FROM sbtest8 WHERE id BETWEEN 1031918 AND 1032018
	Index Only Scan using sbtest8_pkey on sbtest8  (cost=0.43..6.43 rows=100 width=4)
	  Index Cond: ((id >= 1031918) AND (id <= 1032018))

for range-covered
table 1 : explain SELECT id FROM sbtest1 WHERE id BETWEEN 6041285 AND 6041385
	Index Only Scan using sbtest1_pkey on sbtest1  (cost=0.43..6.45 rows=101 width=4)
	  Index Cond: ((id >= 6041285) AND (id <= 6041385))

table 2 : explain SELECT id FROM sbtest2 WHERE id BETWEEN 6041285 AND 6041385
	Index Only Scan using sbtest2_pkey on sbtest2  (cost=0.43..6.32 rows=94 width=4)
	  Index Cond: ((id >= 6041285) AND (id <= 6041385))

table 3 : explain SELECT id FROM sbtest3 WHERE id BETWEEN 6041285 AND 6041385
	Index Only Scan using sbtest3_pkey on sbtest3  (cost=0.43..6.29 rows=93 width=4)
	  Index Cond: ((id >= 6041285) AND (id <= 6041385))

table 4 : explain SELECT id FROM sbtest4 WHERE id BETWEEN 6041285 AND 6041385
	Index Only Scan using sbtest4_pkey on sbtest4  (cost=0.43..6.33 rows=95 width=4)
	  Index Cond: ((id >= 6041285) AND (id <= 6041385))

table 5 : explain SELECT id FROM sbtest5 WHERE id BETWEEN 6041285 AND 6041385
	Index Only Scan using sbtest5_pkey on sbtest5  (cost=0.43..6.27 rows=92 width=4)
	  Index Cond: ((id >= 6041285) AND (id <= 6041385))

table 6 : explain SELECT id FROM sbtest6 WHERE id BETWEEN 6041285 AND 6041385
	Index Only Scan using sbtest6_pkey on sbtest6  (cost=0.43..6.43 rows=100 width=4)
	  Index Cond: ((id >= 6041285) AND (id <= 6041385))

table 7 : explain SELECT id FROM sbtest7 WHERE id BETWEEN 6041285 AND 6041385
	Index Only Scan using sbtest7_pkey on sbtest7  (cost=0.43..6.40 rows=98 width=4)
	  Index Cond: ((id >= 6041285) AND (id <= 6041385))

table 8 : explain SELECT id FROM sbtest8 WHERE id BETWEEN 6041285 AND 6041385
	Index Only Scan using sbtest8_pkey on sbtest8  (cost=0.43..6.17 rows=87 width=4)
	  Index Cond: ((id >= 6041285) AND (id <= 6041385))

for range-covered
table 1 : explain SELECT id FROM sbtest1 WHERE id BETWEEN 3009146 AND 3009246
	Index Only Scan using sbtest1_pkey on sbtest1  (cost=0.43..6.63 rows=110 width=4)
	  Index Cond: ((id >= 3009146) AND (id <= 3009246))

table 2 : explain SELECT id FROM sbtest2 WHERE id BETWEEN 3009146 AND 3009246
	Index Only Scan using sbtest2_pkey on sbtest2  (cost=0.43..6.58 rows=107 width=4)
	  Index Cond: ((id >= 3009146) AND (id <= 3009246))

table 3 : explain SELECT id FROM sbtest3 WHERE id BETWEEN 3009146 AND 3009246
	Index Only Scan using sbtest3_pkey on sbtest3  (cost=0.43..6.37 rows=97 width=4)
	  Index Cond: ((id >= 3009146) AND (id <= 3009246))

table 4 : explain SELECT id FROM sbtest4 WHERE id BETWEEN 3009146 AND 3009246
	Index Only Scan using sbtest4_pkey on sbtest4  (cost=0.43..6.37 rows=97 width=4)
	  Index Cond: ((id >= 3009146) AND (id <= 3009246))

table 5 : explain SELECT id FROM sbtest5 WHERE id BETWEEN 3009146 AND 3009246
	Index Only Scan using sbtest5_pkey on sbtest5  (cost=0.43..6.53 rows=105 width=4)
	  Index Cond: ((id >= 3009146) AND (id <= 3009246))

table 6 : explain SELECT id FROM sbtest6 WHERE id BETWEEN 3009146 AND 3009246
	Index Only Scan using sbtest6_pkey on sbtest6  (cost=0.43..6.43 rows=100 width=4)
	  Index Cond: ((id >= 3009146) AND (id <= 3009246))

table 7 : explain SELECT id FROM sbtest7 WHERE id BETWEEN 3009146 AND 3009246
	Index Only Scan using sbtest7_pkey on sbtest7  (cost=0.43..6.66 rows=111 width=4)
	  Index Cond: ((id >= 3009146) AND (id <= 3009246))

table 8 : explain SELECT id FROM sbtest8 WHERE id BETWEEN 3009146 AND 3009246
	Index Only Scan using sbtest8_pkey on sbtest8  (cost=0.43..6.58 rows=107 width=4)
	  Index Cond: ((id >= 3009146) AND (id <= 3009246))

explain: for range-covered :: explain SELECT id FROM sbtest%d WHERE id BETWEEN 1031918 AND 1032018
for range-covered
table 1 : explain SELECT id FROM sbtest1 WHERE id BETWEEN 5452586 AND 5452686
	Index Only Scan using sbtest1_pkey on sbtest1  (cost=0.43..6.35 rows=96 width=4)
	  Index Cond: ((id >= 5452586) AND (id <= 5452686))

table 2 : explain SELECT id FROM sbtest2 WHERE id BETWEEN 5452586 AND 5452686
	Index Only Scan using sbtest2_pkey on sbtest2  (cost=0.43..6.59 rows=108 width=4)
	  Index Cond: ((id >= 5452586) AND (id <= 5452686))

table 3 : explain SELECT id FROM sbtest3 WHERE id BETWEEN 5452586 AND 5452686
	Index Only Scan using sbtest3_pkey on sbtest3  (cost=0.43..6.58 rows=107 width=4)
	  Index Cond: ((id >= 5452586) AND (id <= 5452686))

table 4 : explain SELECT id FROM sbtest4 WHERE id BETWEEN 5452586 AND 5452686
	Index Only Scan using sbtest4_pkey on sbtest4  (cost=0.43..6.69 rows=113 width=4)
	  Index Cond: ((id >= 5452586) AND (id <= 5452686))

table 5 : explain SELECT id FROM sbtest5 WHERE id BETWEEN 5452586 AND 5452686
	Index Only Scan using sbtest5_pkey on sbtest5  (cost=0.43..6.53 rows=105 width=4)
	  Index Cond: ((id >= 5452586) AND (id <= 5452686))

table 6 : explain SELECT id FROM sbtest6 WHERE id BETWEEN 5452586 AND 5452686
	Index Only Scan using sbtest6_pkey on sbtest6  (cost=0.43..6.37 rows=97 width=4)
	  Index Cond: ((id >= 5452586) AND (id <= 5452686))

table 7 : explain SELECT id FROM sbtest7 WHERE id BETWEEN 5452586 AND 5452686
	Index Only Scan using sbtest7_pkey on sbtest7  (cost=0.43..6.50 rows=103 width=4)
	  Index Cond: ((id >= 5452586) AND (id <= 5452686))

table 8 : explain SELECT id FROM sbtest8 WHERE id BETWEEN 5452586 AND 5452686
	Index Only Scan using sbtest8_pkey on sbtest8  (cost=0.43..6.66 rows=111 width=4)
	  Index Cond: ((id >= 5452586) AND (id <= 5452686))

explain: for range-covered :: explain SELECT id FROM sbtest%d WHERE id BETWEEN 3009146 AND 3009246
for range-covered
table 1 : explain SELECT id FROM sbtest1 WHERE id BETWEEN 5438454 AND 5438554
	Index Only Scan using sbtest1_pkey on sbtest1  (cost=0.43..6.35 rows=96 width=4)
	  Index Cond: ((id >= 5438454) AND (id <= 5438554))

table 2 : explain SELECT id FROM sbtest2 WHERE id BETWEEN 5438454 AND 5438554
	Index Only Scan using sbtest2_pkey on sbtest2  (cost=0.43..6.59 rows=108 width=4)
	  Index Cond: ((id >= 5438454) AND (id <= 5438554))

table 3 : explain SELECT id FROM sbtest3 WHERE id BETWEEN 5438454 AND 5438554
	Index Only Scan using sbtest3_pkey on sbtest3  (cost=0.43..6.58 rows=107 width=4)
	  Index Cond: ((id >= 5438454) AND (id <= 5438554))

table 4 : explain SELECT id FROM sbtest4 WHERE id BETWEEN 5438454 AND 5438554
	Index Only Scan using sbtest4_pkey on sbtest4  (cost=0.43..6.69 rows=113 width=4)
	  Index Cond: ((id >= 5438454) AND (id <= 5438554))

table 5 : explain SELECT id FROM sbtest5 WHERE id BETWEEN 5438454 AND 5438554
	Index Only Scan using sbtest5_pkey on sbtest5  (cost=0.43..6.27 rows=92 width=4)
	  Index Cond: ((id >= 5438454) AND (id <= 5438554))

table 6 : explain SELECT id FROM sbtest6 WHERE id BETWEEN 5438454 AND 5438554
	Index Only Scan using sbtest6_pkey on sbtest6  (cost=0.43..6.37 rows=97 width=4)
	  Index Cond: ((id >= 5438454) AND (id <= 5438554))

table 7 : explain SELECT id FROM sbtest7 WHERE id BETWEEN 5438454 AND 5438554
	Index Only Scan using sbtest7_pkey on sbtest7  (cost=0.43..6.50 rows=103 width=4)
	  Index Cond: ((id >= 5438454) AND (id <= 5438554))

table 8 : explain SELECT id FROM sbtest8 WHERE id BETWEEN 5438454 AND 5438554
	Index Only Scan using sbtest8_pkey on sbtest8  (cost=0.43..6.66 rows=111 width=4)
	  Index Cond: ((id >= 5438454) AND (id <= 5438554))

for range-covered
table 1 : explain SELECT id FROM sbtest1 WHERE id BETWEEN 5819650 AND 5819750
	Index Only Scan using sbtest1_pkey on sbtest1  (cost=0.43..6.66 rows=111 width=4)
	  Index Cond: ((id >= 5819650) AND (id <= 5819750))

table 2 : explain SELECT id FROM sbtest2 WHERE id BETWEEN 5819650 AND 5819750
	Index Only Scan using sbtest2_pkey on sbtest2  (cost=0.43..6.51 rows=104 width=4)
	  Index Cond: ((id >= 5819650) AND (id <= 5819750))

table 3 : explain SELECT id FROM sbtest3 WHERE id BETWEEN 5819650 AND 5819750
	Index Only Scan using sbtest3_pkey on sbtest3  (cost=0.43..6.69 rows=113 width=4)
	  Index Cond: ((id >= 5819650) AND (id <= 5819750))

table 4 : explain SELECT id FROM sbtest4 WHERE id BETWEEN 5819650 AND 5819750
	Index Only Scan using sbtest4_pkey on sbtest4  (cost=0.43..6.25 rows=91 width=4)
	  Index Cond: ((id >= 5819650) AND (id <= 5819750))

table 5 : explain SELECT id FROM sbtest5 WHERE id BETWEEN 5819650 AND 5819750
	Index Only Scan using sbtest5_pkey on sbtest5  (cost=0.43..6.45 rows=101 width=4)
	  Index Cond: ((id >= 5819650) AND (id <= 5819750))

table 6 : explain SELECT id FROM sbtest6 WHERE id BETWEEN 5819650 AND 5819750
	Index Only Scan using sbtest6_pkey on sbtest6  (cost=0.43..6.43 rows=100 width=4)
	  Index Cond: ((id >= 5819650) AND (id <= 5819750))

table 7 : explain SELECT id FROM sbtest7 WHERE id BETWEEN 5819650 AND 5819750
	Index Only Scan using sbtest7_pkey on sbtest7  (cost=0.43..6.50 rows=103 width=4)
	  Index Cond: ((id >= 5819650) AND (id <= 5819750))

table 8 : explain SELECT id FROM sbtest8 WHERE id BETWEEN 5819650 AND 5819750
	Index Only Scan using sbtest8_pkey on sbtest8  (cost=0.43..6.35 rows=96 width=4)
	  Index Cond: ((id >= 5819650) AND (id <= 5819750))

explain: for range-covered :: explain SELECT id FROM sbtest%d WHERE id BETWEEN 5438454 AND 5438554
explain: for range-covered :: explain SELECT id FROM sbtest%d WHERE id BETWEEN 6041285 AND 6041385
explain: for range-covered :: explain SELECT id FROM sbtest%d WHERE id BETWEEN 5819650 AND 5819750
for range-covered
table 1 : explain SELECT id FROM sbtest1 WHERE id BETWEEN 3174132 AND 3174232
	Index Only Scan using sbtest1_pkey on sbtest1  (cost=0.43..6.50 rows=103 width=4)
	  Index Cond: ((id >= 3174132) AND (id <= 3174232))

table 2 : explain SELECT id FROM sbtest2 WHERE id BETWEEN 3174132 AND 3174232
	Index Only Scan using sbtest2_pkey on sbtest2  (cost=0.43..6.47 rows=102 width=4)
	  Index Cond: ((id >= 3174132) AND (id <= 3174232))

table 3 : explain SELECT id FROM sbtest3 WHERE id BETWEEN 3174132 AND 3174232
	Index Only Scan using sbtest3_pkey on sbtest3  (cost=0.43..6.50 rows=103 width=4)
	  Index Cond: ((id >= 3174132) AND (id <= 3174232))

table 4 : explain SELECT id FROM sbtest4 WHERE id BETWEEN 3174132 AND 3174232
	Index Only Scan using sbtest4_pkey on sbtest4  (cost=0.43..6.56 rows=106 width=4)
	  Index Cond: ((id >= 3174132) AND (id <= 3174232))

table 5 : explain SELECT id FROM sbtest5 WHERE id BETWEEN 3174132 AND 3174232
	Index Only Scan using sbtest5_pkey on sbtest5  (cost=0.43..6.42 rows=99 width=4)
	  Index Cond: ((id >= 3174132) AND (id <= 3174232))

table 6 : explain SELECT id FROM sbtest6 WHERE id BETWEEN 3174132 AND 3174232
	Index Only Scan using sbtest6_pkey on sbtest6  (cost=0.43..6.29 rows=93 width=4)
	  Index Cond: ((id >= 3174132) AND (id <= 3174232))

table 7 : explain SELECT id FROM sbtest7 WHERE id BETWEEN 3174132 AND 3174232
	Index Only Scan using sbtest7_pkey on sbtest7  (cost=0.43..6.29 rows=93 width=4)
	  Index Cond: ((id >= 3174132) AND (id <= 3174232))

table 8 : explain SELECT id FROM sbtest8 WHERE id BETWEEN 3174132 AND 3174232
	Index Only Scan using sbtest8_pkey on sbtest8  (cost=0.43..6.42 rows=99 width=4)
	  Index Cond: ((id >= 3174132) AND (id <= 3174232))

for range-covered
table 1 : explain SELECT id FROM sbtest1 WHERE id BETWEEN 3308156 AND 3308256
	Index Only Scan using sbtest1_pkey on sbtest1  (cost=0.43..6.50 rows=103 width=4)
	  Index Cond: ((id >= 3308156) AND (id <= 3308256))

table 2 : explain SELECT id FROM sbtest2 WHERE id BETWEEN 3308156 AND 3308256
	Index Only Scan using sbtest2_pkey on sbtest2  (cost=0.43..6.45 rows=101 width=4)
	  Index Cond: ((id >= 3308156) AND (id <= 3308256))

table 3 : explain SELECT id FROM sbtest3 WHERE id BETWEEN 3308156 AND 3308256
	Index Only Scan using sbtest3_pkey on sbtest3  (cost=0.43..6.75 rows=116 width=4)
	  Index Cond: ((id >= 3308156) AND (id <= 3308256))

table 4 : explain SELECT id FROM sbtest4 WHERE id BETWEEN 3308156 AND 3308256
	Index Only Scan using sbtest4_pkey on sbtest4  (cost=0.43..6.42 rows=99 width=4)
	  Index Cond: ((id >= 3308156) AND (id <= 3308256))

table 5 : explain SELECT id FROM sbtest5 WHERE id BETWEEN 3308156 AND 3308256
	Index Only Scan using sbtest5_pkey on sbtest5  (cost=0.43..6.43 rows=100 width=4)
	  Index Cond: ((id >= 3308156) AND (id <= 3308256))

table 6 : explain SELECT id FROM sbtest6 WHERE id BETWEEN 3308156 AND 3308256
	Index Only Scan using sbtest6_pkey on sbtest6  (cost=0.43..6.35 rows=96 width=4)
	  Index Cond: ((id >= 3308156) AND (id <= 3308256))

table 7 : explain SELECT id FROM sbtest7 WHERE id BETWEEN 3308156 AND 3308256
	Index Only Scan using sbtest7_pkey on sbtest7  (cost=0.43..6.58 rows=107 width=4)
	  Index Cond: ((id >= 3308156) AND (id <= 3308256))

table 8 : explain SELECT id FROM sbtest8 WHERE id BETWEEN 3308156 AND 3308256
	Index Only Scan using sbtest8_pkey on sbtest8  (cost=0.43..6.42 rows=99 width=4)
	  Index Cond: ((id >= 3308156) AND (id <= 3308256))

explain: for range-covered :: explain SELECT id FROM sbtest%d WHERE id BETWEEN 5452586 AND 5452686
explain: for range-covered :: explain SELECT id FROM sbtest%d WHERE id BETWEEN 3308156 AND 3308256
for range-covered
table 1 : explain SELECT id FROM sbtest1 WHERE id BETWEEN 6562249 AND 6562349
	Index Only Scan using sbtest1_pkey on sbtest1  (cost=0.43..6.35 rows=96 width=4)
	  Index Cond: ((id >= 6562249) AND (id <= 6562349))

table 2 : explain SELECT id FROM sbtest2 WHERE id BETWEEN 6562249 AND 6562349
	Index Only Scan using sbtest2_pkey on sbtest2  (cost=0.43..6.19 rows=88 width=4)
	  Index Cond: ((id >= 6562249) AND (id <= 6562349))

table 3 : explain SELECT id FROM sbtest3 WHERE id BETWEEN 6562249 AND 6562349
	Index Only Scan using sbtest3_pkey on sbtest3  (cost=0.43..6.42 rows=99 width=4)
	  Index Cond: ((id >= 6562249) AND (id <= 6562349))

table 4 : explain SELECT id FROM sbtest4 WHERE id BETWEEN 6562249 AND 6562349
	Index Only Scan using sbtest4_pkey on sbtest4  (cost=0.43..6.69 rows=113 width=4)
	  Index Cond: ((id >= 6562249) AND (id <= 6562349))

table 5 : explain SELECT id FROM sbtest5 WHERE id BETWEEN 6562249 AND 6562349
	Index Only Scan using sbtest5_pkey on sbtest5  (cost=0.43..6.51 rows=104 width=4)
	  Index Cond: ((id >= 6562249) AND (id <= 6562349))

table 6 : explain SELECT id FROM sbtest6 WHERE id BETWEEN 6562249 AND 6562349
	Index Only Scan using sbtest6_pkey on sbtest6  (cost=0.43..6.37 rows=97 width=4)
	  Index Cond: ((id >= 6562249) AND (id <= 6562349))

table 7 : explain SELECT id FROM sbtest7 WHERE id BETWEEN 6562249 AND 6562349
	Index Only Scan using sbtest7_pkey on sbtest7  (cost=0.43..6.27 rows=92 width=4)
	  Index Cond: ((id >= 6562249) AND (id <= 6562349))

table 8 : explain SELECT id FROM sbtest8 WHERE id BETWEEN 6562249 AND 6562349
	Index Only Scan using sbtest8_pkey on sbtest8  (cost=0.43..6.43 rows=100 width=4)
	  Index Cond: ((id >= 6562249) AND (id <= 6562349))

explain: for range-covered :: explain SELECT id FROM sbtest%d WHERE id BETWEEN 6562249 AND 6562349
for range-covered
table 1 : explain SELECT id FROM sbtest1 WHERE id BETWEEN 5781107 AND 5781207
	Index Only Scan using sbtest1_pkey on sbtest1  (cost=0.43..6.66 rows=111 width=4)
	  Index Cond: ((id >= 5781107) AND (id <= 5781207))

table 2 : explain SELECT id FROM sbtest2 WHERE id BETWEEN 5781107 AND 5781207
	Index Only Scan using sbtest2_pkey on sbtest2  (cost=0.43..6.51 rows=104 width=4)
	  Index Cond: ((id >= 5781107) AND (id <= 5781207))

table 3 : explain SELECT id FROM sbtest3 WHERE id BETWEEN 5781107 AND 5781207
	Index Only Scan using sbtest3_pkey on sbtest3  (cost=0.43..6.69 rows=113 width=4)
	  Index Cond: ((id >= 5781107) AND (id <= 5781207))

table 4 : explain SELECT id FROM sbtest4 WHERE id BETWEEN 5781107 AND 5781207
	Index Only Scan using sbtest4_pkey on sbtest4  (cost=0.43..6.37 rows=97 width=4)
	  Index Cond: ((id >= 5781107) AND (id <= 5781207))

table 5 : explain SELECT id FROM sbtest5 WHERE id BETWEEN 5781107 AND 5781207
	Index Only Scan using sbtest5_pkey on sbtest5  (cost=0.43..6.45 rows=101 width=4)
	  Index Cond: ((id >= 5781107) AND (id <= 5781207))

table 6 : explain SELECT id FROM sbtest6 WHERE id BETWEEN 5781107 AND 5781207
	Index Only Scan using sbtest6_pkey on sbtest6  (cost=0.43..6.66 rows=111 width=4)
	  Index Cond: ((id >= 5781107) AND (id <= 5781207))

table 7 : explain SELECT id FROM sbtest7 WHERE id BETWEEN 5781107 AND 5781207
	Index Only Scan using sbtest7_pkey on sbtest7  (cost=0.43..6.40 rows=98 width=4)
	  Index Cond: ((id >= 5781107) AND (id <= 5781207))

table 8 : explain SELECT id FROM sbtest8 WHERE id BETWEEN 5781107 AND 5781207
	Index Only Scan using sbtest8_pkey on sbtest8  (cost=0.43..6.45 rows=101 width=4)
	  Index Cond: ((id >= 5781107) AND (id <= 5781207))

for range-covered
table 1 : explain SELECT id FROM sbtest1 WHERE id BETWEEN 1031918 AND 1032018
	Index Only Scan using sbtest1_pkey on sbtest1  (cost=0.43..6.66 rows=111 width=4)
	  Index Cond: ((id >= 1031918) AND (id <= 1032018))

table 2 : explain SELECT id FROM sbtest2 WHERE id BETWEEN 1031918 AND 1032018
	Index Only Scan using sbtest2_pkey on sbtest2  (cost=0.43..6.50 rows=103 width=4)
	  Index Cond: ((id >= 1031918) AND (id <= 1032018))

table 3 : explain SELECT id FROM sbtest3 WHERE id BETWEEN 1031918 AND 1032018
	Index Only Scan using sbtest3_pkey on sbtest3  (cost=0.43..6.32 rows=94 width=4)
	  Index Cond: ((id >= 1031918) AND (id <= 1032018))

table 4 : explain SELECT id FROM sbtest4 WHERE id BETWEEN 1031918 AND 1032018
	Index Only Scan using sbtest4_pkey on sbtest4  (cost=0.43..6.32 rows=94 width=4)
	  Index Cond: ((id >= 1031918) AND (id <= 1032018))

table 5 : explain SELECT id FROM sbtest5 WHERE id BETWEEN 1031918 AND 1032018
	Index Only Scan using sbtest5_pkey on sbtest5  (cost=0.43..6.47 rows=102 width=4)
	  Index Cond: ((id >= 1031918) AND (id <= 1032018))

table 6 : explain SELECT id FROM sbtest6 WHERE id BETWEEN 1031918 AND 1032018
	Index Only Scan using sbtest6_pkey on sbtest6  (cost=0.43..6.42 rows=99 width=4)
	  Index Cond: ((id >= 1031918) AND (id <= 1032018))

table 7 : explain SELECT id FROM sbtest7 WHERE id BETWEEN 1031918 AND 1032018
	Index Only Scan using sbtest7_pkey on sbtest7  (cost=0.43..6.37 rows=97 width=4)
	  Index Cond: ((id >= 1031918) AND (id <= 1032018))

table 8 : explain SELECT id FROM sbtest8 WHERE id BETWEEN 1031918 AND 1032018
	Index Only Scan using sbtest8_pkey on sbtest8  (cost=0.43..6.43 rows=100 width=4)
	  Index Cond: ((id >= 1031918) AND (id <= 1032018))

for range-covered
table 1 : explain SELECT id FROM sbtest1 WHERE id BETWEEN 3009146 AND 3009246
	Index Only Scan using sbtest1_pkey on sbtest1  (cost=0.43..6.63 rows=110 width=4)
	  Index Cond: ((id >= 3009146) AND (id <= 3009246))

table 2 : explain SELECT id FROM sbtest2 WHERE id BETWEEN 3009146 AND 3009246
	Index Only Scan using sbtest2_pkey on sbtest2  (cost=0.43..6.58 rows=107 width=4)
	  Index Cond: ((id >= 3009146) AND (id <= 3009246))

table 3 : explain SELECT id FROM sbtest3 WHERE id BETWEEN 3009146 AND 3009246
	Index Only Scan using sbtest3_pkey on sbtest3  (cost=0.43..6.37 rows=97 width=4)
	  Index Cond: ((id >= 3009146) AND (id <= 3009246))

table 4 : explain SELECT id FROM sbtest4 WHERE id BETWEEN 3009146 AND 3009246
	Index Only Scan using sbtest4_pkey on sbtest4  (cost=0.43..6.37 rows=97 width=4)
	  Index Cond: ((id >= 3009146) AND (id <= 3009246))

table 5 : explain SELECT id FROM sbtest5 WHERE id BETWEEN 3009146 AND 3009246
	Index Only Scan using sbtest5_pkey on sbtest5  (cost=0.43..6.53 rows=105 width=4)
	  Index Cond: ((id >= 3009146) AND (id <= 3009246))

table 6 : explain SELECT id FROM sbtest6 WHERE id BETWEEN 3009146 AND 3009246
	Index Only Scan using sbtest6_pkey on sbtest6  (cost=0.43..6.43 rows=100 width=4)
	  Index Cond: ((id >= 3009146) AND (id <= 3009246))

table 7 : explain SELECT id FROM sbtest7 WHERE id BETWEEN 3009146 AND 3009246
	Index Only Scan using sbtest7_pkey on sbtest7  (cost=0.43..6.66 rows=111 width=4)
	  Index Cond: ((id >= 3009146) AND (id <= 3009246))

table 8 : explain SELECT id FROM sbtest8 WHERE id BETWEEN 3009146 AND 3009246
	Index Only Scan using sbtest8_pkey on sbtest8  (cost=0.43..6.58 rows=107 width=4)
	  Index Cond: ((id >= 3009146) AND (id <= 3009246))

explain: for range-covered :: explain SELECT id FROM sbtest%d WHERE id BETWEEN 1031918 AND 1032018
explain: for range-covered :: explain SELECT id FROM sbtest%d WHERE id BETWEEN 3009146 AND 3009246
for range-covered
table 1 : explain SELECT id FROM sbtest1 WHERE id BETWEEN 5438454 AND 5438554
	Index Only Scan using sbtest1_pkey on sbtest1  (cost=0.43..6.35 rows=96 width=4)
	  Index Cond: ((id >= 5438454) AND (id <= 5438554))

table 2 : explain SELECT id FROM sbtest2 WHERE id BETWEEN 5438454 AND 5438554
	Index Only Scan using sbtest2_pkey on sbtest2  (cost=0.43..6.59 rows=108 width=4)
	  Index Cond: ((id >= 5438454) AND (id <= 5438554))

table 3 : explain SELECT id FROM sbtest3 WHERE id BETWEEN 5438454 AND 5438554
	Index Only Scan using sbtest3_pkey on sbtest3  (cost=0.43..6.58 rows=107 width=4)
	  Index Cond: ((id >= 5438454) AND (id <= 5438554))

table 4 : explain SELECT id FROM sbtest4 WHERE id BETWEEN 5438454 AND 5438554
	Index Only Scan using sbtest4_pkey on sbtest4  (cost=0.43..6.69 rows=113 width=4)
	  Index Cond: ((id >= 5438454) AND (id <= 5438554))

table 5 : explain SELECT id FROM sbtest5 WHERE id BETWEEN 5438454 AND 5438554
	Index Only Scan using sbtest5_pkey on sbtest5  (cost=0.43..6.27 rows=92 width=4)
	  Index Cond: ((id >= 5438454) AND (id <= 5438554))

table 6 : explain SELECT id FROM sbtest6 WHERE id BETWEEN 5438454 AND 5438554
	Index Only Scan using sbtest6_pkey on sbtest6  (cost=0.43..6.37 rows=97 width=4)
	  Index Cond: ((id >= 5438454) AND (id <= 5438554))

table 7 : explain SELECT id FROM sbtest7 WHERE id BETWEEN 5438454 AND 5438554
	Index Only Scan using sbtest7_pkey on sbtest7  (cost=0.43..6.50 rows=103 width=4)
	  Index Cond: ((id >= 5438454) AND (id <= 5438554))

table 8 : explain SELECT id FROM sbtest8 WHERE id BETWEEN 5438454 AND 5438554
	Index Only Scan using sbtest8_pkey on sbtest8  (cost=0.43..6.66 rows=111 width=4)
	  Index Cond: ((id >= 5438454) AND (id <= 5438554))

explain: for range-covered :: explain SELECT id FROM sbtest%d WHERE id BETWEEN 5438454 AND 5438554
for range-covered
table 1 : explain SELECT id FROM sbtest1 WHERE id BETWEEN 8067908 AND 8068008
	Index Only Scan using sbtest1_pkey on sbtest1  (cost=0.43..6.37 rows=97 width=4)
	  Index Cond: ((id >= 8067908) AND (id <= 8068008))

table 2 : explain SELECT id FROM sbtest2 WHERE id BETWEEN 8067908 AND 8068008
	Index Only Scan using sbtest2_pkey on sbtest2  (cost=0.43..6.45 rows=101 width=4)
	  Index Cond: ((id >= 8067908) AND (id <= 8068008))

table 3 : explain SELECT id FROM sbtest3 WHERE id BETWEEN 8067908 AND 8068008
	Index Only Scan using sbtest3_pkey on sbtest3  (cost=0.43..6.59 rows=108 width=4)
	  Index Cond: ((id >= 8067908) AND (id <= 8068008))

table 4 : explain SELECT id FROM sbtest4 WHERE id BETWEEN 8067908 AND 8068008
	Index Only Scan using sbtest4_pkey on sbtest4  (cost=0.43..6.25 rows=91 width=4)
	  Index Cond: ((id >= 8067908) AND (id <= 8068008))

table 5 : explain SELECT id FROM sbtest5 WHERE id BETWEEN 8067908 AND 8068008
	Index Only Scan using sbtest5_pkey on sbtest5  (cost=0.43..6.51 rows=104 width=4)
	  Index Cond: ((id >= 8067908) AND (id <= 8068008))

table 6 : explain SELECT id FROM sbtest6 WHERE id BETWEEN 8067908 AND 8068008
	Index Only Scan using sbtest6_pkey on sbtest6  (cost=0.43..6.40 rows=98 width=4)
	  Index Cond: ((id >= 8067908) AND (id <= 8068008))

table 7 : explain SELECT id FROM sbtest7 WHERE id BETWEEN 8067908 AND 8068008
	Index Only Scan using sbtest7_pkey on sbtest7  (cost=0.43..6.47 rows=102 width=4)
	  Index Cond: ((id >= 8067908) AND (id <= 8068008))

table 8 : explain SELECT id FROM sbtest8 WHERE id BETWEEN 8067908 AND 8068008
	Index Only Scan using sbtest8_pkey on sbtest8  (cost=0.43..6.56 rows=106 width=4)
	  Index Cond: ((id >= 8067908) AND (id <= 8068008))

for range-covered
table 1 : explain SELECT id FROM sbtest1 WHERE id BETWEEN 2571317 AND 2571417
	Index Only Scan using sbtest1_pkey on sbtest1  (cost=0.43..6.42 rows=99 width=4)
	  Index Cond: ((id >= 2571317) AND (id <= 2571417))

table 2 : explain SELECT id FROM sbtest2 WHERE id BETWEEN 2571317 AND 2571417
	Index Only Scan using sbtest2_pkey on sbtest2  (cost=0.43..6.35 rows=96 width=4)
	  Index Cond: ((id >= 2571317) AND (id <= 2571417))

table 3 : explain SELECT id FROM sbtest3 WHERE id BETWEEN 2571317 AND 2571417
	Index Only Scan using sbtest3_pkey on sbtest3  (cost=0.43..6.40 rows=98 width=4)
	  Index Cond: ((id >= 2571317) AND (id <= 2571417))

table 4 : explain SELECT id FROM sbtest4 WHERE id BETWEEN 2571317 AND 2571417
	Index Only Scan using sbtest4_pkey on sbtest4  (cost=0.43..6.42 rows=99 width=4)
	  Index Cond: ((id >= 2571317) AND (id <= 2571417))

table 5 : explain SELECT id FROM sbtest5 WHERE id BETWEEN 2571317 AND 2571417
	Index Only Scan using sbtest5_pkey on sbtest5  (cost=0.43..6.33 rows=95 width=4)
	  Index Cond: ((id >= 2571317) AND (id <= 2571417))

table 6 : explain SELECT id FROM sbtest6 WHERE id BETWEEN 2571317 AND 2571417
	Index Only Scan using sbtest6_pkey on sbtest6  (cost=0.43..6.72 rows=114 width=4)
	  Index Cond: ((id >= 2571317) AND (id <= 2571417))

table 7 : explain SELECT id FROM sbtest7 WHERE id BETWEEN 2571317 AND 2571417
	Index Only Scan using sbtest7_pkey on sbtest7  (cost=0.43..6.53 rows=105 width=4)
	  Index Cond: ((id >= 2571317) AND (id <= 2571417))

table 8 : explain SELECT id FROM sbtest8 WHERE id BETWEEN 2571317 AND 2571417
	Index Only Scan using sbtest8_pkey on sbtest8  (cost=0.43..6.32 rows=94 width=4)
	  Index Cond: ((id >= 2571317) AND (id <= 2571417))

for range-covered
table 1 : explain SELECT id FROM sbtest1 WHERE id BETWEEN 1871196 AND 1871296
	Index Only Scan using sbtest1_pkey on sbtest1  (cost=0.43..6.29 rows=93 width=4)
	  Index Cond: ((id >= 1871196) AND (id <= 1871296))

table 2 : explain SELECT id FROM sbtest2 WHERE id BETWEEN 1871196 AND 1871296
	Index Only Scan using sbtest2_pkey on sbtest2  (cost=0.43..6.27 rows=92 width=4)
	  Index Cond: ((id >= 1871196) AND (id <= 1871296))

table 3 : explain SELECT id FROM sbtest3 WHERE id BETWEEN 1871196 AND 1871296
	Index Only Scan using sbtest3_pkey on sbtest3  (cost=0.43..6.66 rows=111 width=4)
	  Index Cond: ((id >= 1871196) AND (id <= 1871296))

table 4 : explain SELECT id FROM sbtest4 WHERE id BETWEEN 1871196 AND 1871296
	Index Only Scan using sbtest4_pkey on sbtest4  (cost=0.43..6.29 rows=93 width=4)
	  Index Cond: ((id >= 1871196) AND (id <= 1871296))

table 5 : explain SELECT id FROM sbtest5 WHERE id BETWEEN 1871196 AND 1871296
	Index Only Scan using sbtest5_pkey on sbtest5  (cost=0.43..6.43 rows=100 width=4)
	  Index Cond: ((id >= 1871196) AND (id <= 1871296))

table 6 : explain SELECT id FROM sbtest6 WHERE id BETWEEN 1871196 AND 1871296
	Index Only Scan using sbtest6_pkey on sbtest6  (cost=0.43..6.43 rows=100 width=4)
	  Index Cond: ((id >= 1871196) AND (id <= 1871296))

table 7 : explain SELECT id FROM sbtest7 WHERE id BETWEEN 1871196 AND 1871296
	Index Only Scan using sbtest7_pkey on sbtest7  (cost=0.43..6.37 rows=97 width=4)
	  Index Cond: ((id >= 1871196) AND (id <= 1871296))

table 8 : explain SELECT id FROM sbtest8 WHERE id BETWEEN 1871196 AND 1871296
	Index Only Scan using sbtest8_pkey on sbtest8  (cost=0.43..6.47 rows=102 width=4)
	  Index Cond: ((id >= 1871196) AND (id <= 1871296))

explain: for range-covered :: explain SELECT id FROM sbtest%d WHERE id BETWEEN 8067908 AND 8068008
explain: for range-covered :: explain SELECT id FROM sbtest%d WHERE id BETWEEN 1871196 AND 1871296
for range-covered
table 1 : explain SELECT id FROM sbtest1 WHERE id BETWEEN 6562249 AND 6562349
	Index Only Scan using sbtest1_pkey on sbtest1  (cost=0.43..6.35 rows=96 width=4)
	  Index Cond: ((id >= 6562249) AND (id <= 6562349))

table 2 : explain SELECT id FROM sbtest2 WHERE id BETWEEN 6562249 AND 6562349
	Index Only Scan using sbtest2_pkey on sbtest2  (cost=0.43..6.19 rows=88 width=4)
	  Index Cond: ((id >= 6562249) AND (id <= 6562349))

table 3 : explain SELECT id FROM sbtest3 WHERE id BETWEEN 6562249 AND 6562349
	Index Only Scan using sbtest3_pkey on sbtest3  (cost=0.43..6.42 rows=99 width=4)
	  Index Cond: ((id >= 6562249) AND (id <= 6562349))

table 4 : explain SELECT id FROM sbtest4 WHERE id BETWEEN 6562249 AND 6562349
	Index Only Scan using sbtest4_pkey on sbtest4  (cost=0.43..6.69 rows=113 width=4)
	  Index Cond: ((id >= 6562249) AND (id <= 6562349))

table 5 : explain SELECT id FROM sbtest5 WHERE id BETWEEN 6562249 AND 6562349
	Index Only Scan using sbtest5_pkey on sbtest5  (cost=0.43..6.51 rows=104 width=4)
	  Index Cond: ((id >= 6562249) AND (id <= 6562349))

table 6 : explain SELECT id FROM sbtest6 WHERE id BETWEEN 6562249 AND 6562349
	Index Only Scan using sbtest6_pkey on sbtest6  (cost=0.43..6.37 rows=97 width=4)
	  Index Cond: ((id >= 6562249) AND (id <= 6562349))

table 7 : explain SELECT id FROM sbtest7 WHERE id BETWEEN 6562249 AND 6562349
	Index Only Scan using sbtest7_pkey on sbtest7  (cost=0.43..6.27 rows=92 width=4)
	  Index Cond: ((id >= 6562249) AND (id <= 6562349))

table 8 : explain SELECT id FROM sbtest8 WHERE id BETWEEN 6562249 AND 6562349
	Index Only Scan using sbtest8_pkey on sbtest8  (cost=0.43..6.43 rows=100 width=4)
	  Index Cond: ((id >= 6562249) AND (id <= 6562349))

explain: for range-covered :: explain SELECT id FROM sbtest%d WHERE id BETWEEN 2571317 AND 2571417
for range-covered
table 1 : explain SELECT id FROM sbtest1 WHERE id BETWEEN 1031918 AND 1032018
	Index Only Scan using sbtest1_pkey on sbtest1  (cost=0.43..6.66 rows=111 width=4)
	  Index Cond: ((id >= 1031918) AND (id <= 1032018))

table 2 : explain SELECT id FROM sbtest2 WHERE id BETWEEN 1031918 AND 1032018
	Index Only Scan using sbtest2_pkey on sbtest2  (cost=0.43..6.50 rows=103 width=4)
	  Index Cond: ((id >= 1031918) AND (id <= 1032018))

table 3 : explain SELECT id FROM sbtest3 WHERE id BETWEEN 1031918 AND 1032018
	Index Only Scan using sbtest3_pkey on sbtest3  (cost=0.43..6.32 rows=94 width=4)
	  Index Cond: ((id >= 1031918) AND (id <= 1032018))

table 4 : explain SELECT id FROM sbtest4 WHERE id BETWEEN 1031918 AND 1032018
	Index Only Scan using sbtest4_pkey on sbtest4  (cost=0.43..6.32 rows=94 width=4)
	  Index Cond: ((id >= 1031918) AND (id <= 1032018))

table 5 : explain SELECT id FROM sbtest5 WHERE id BETWEEN 1031918 AND 1032018
	Index Only Scan using sbtest5_pkey on sbtest5  (cost=0.43..6.47 rows=102 width=4)
	  Index Cond: ((id >= 1031918) AND (id <= 1032018))

table 6 : explain SELECT id FROM sbtest6 WHERE id BETWEEN 1031918 AND 1032018
	Index Only Scan using sbtest6_pkey on sbtest6  (cost=0.43..6.42 rows=99 width=4)
	  Index Cond: ((id >= 1031918) AND (id <= 1032018))

table 7 : explain SELECT id FROM sbtest7 WHERE id BETWEEN 1031918 AND 1032018
	Index Only Scan using sbtest7_pkey on sbtest7  (cost=0.43..6.37 rows=97 width=4)
	  Index Cond: ((id >= 1031918) AND (id <= 1032018))

table 8 : explain SELECT id FROM sbtest8 WHERE id BETWEEN 1031918 AND 1032018
	Index Only Scan using sbtest8_pkey on sbtest8  (cost=0.43..6.43 rows=100 width=4)
	  Index Cond: ((id >= 1031918) AND (id <= 1032018))

for range-covered
table 1 : explain SELECT id FROM sbtest1 WHERE id BETWEEN 6041285 AND 6041385
	Index Only Scan using sbtest1_pkey on sbtest1  (cost=0.43..6.45 rows=101 width=4)
	  Index Cond: ((id >= 6041285) AND (id <= 6041385))

table 2 : explain SELECT id FROM sbtest2 WHERE id BETWEEN 6041285 AND 6041385
	Index Only Scan using sbtest2_pkey on sbtest2  (cost=0.43..6.32 rows=94 width=4)
	  Index Cond: ((id >= 6041285) AND (id <= 6041385))

table 3 : explain SELECT id FROM sbtest3 WHERE id BETWEEN 6041285 AND 6041385
	Index Only Scan using sbtest3_pkey on sbtest3  (cost=0.43..6.29 rows=93 width=4)
	  Index Cond: ((id >= 6041285) AND (id <= 6041385))

table 4 : explain SELECT id FROM sbtest4 WHERE id BETWEEN 6041285 AND 6041385
	Index Only Scan using sbtest4_pkey on sbtest4  (cost=0.43..6.33 rows=95 width=4)
	  Index Cond: ((id >= 6041285) AND (id <= 6041385))

table 5 : explain SELECT id FROM sbtest5 WHERE id BETWEEN 6041285 AND 6041385
	Index Only Scan using sbtest5_pkey on sbtest5  (cost=0.43..6.27 rows=92 width=4)
	  Index Cond: ((id >= 6041285) AND (id <= 6041385))

table 6 : explain SELECT id FROM sbtest6 WHERE id BETWEEN 6041285 AND 6041385
	Index Only Scan using sbtest6_pkey on sbtest6  (cost=0.43..6.43 rows=100 width=4)
	  Index Cond: ((id >= 6041285) AND (id <= 6041385))

table 7 : explain SELECT id FROM sbtest7 WHERE id BETWEEN 6041285 AND 6041385
	Index Only Scan using sbtest7_pkey on sbtest7  (cost=0.43..6.40 rows=98 width=4)
	  Index Cond: ((id >= 6041285) AND (id <= 6041385))

table 8 : explain SELECT id FROM sbtest8 WHERE id BETWEEN 6041285 AND 6041385
	Index Only Scan using sbtest8_pkey on sbtest8  (cost=0.43..6.17 rows=87 width=4)
	  Index Cond: ((id >= 6041285) AND (id <= 6041385))

explain: for range-covered :: explain SELECT id FROM sbtest%d WHERE id BETWEEN 1031918 AND 1032018
for range-covered
table 1 : explain SELECT id FROM sbtest1 WHERE id BETWEEN 3009146 AND 3009246
	Index Only Scan using sbtest1_pkey on sbtest1  (cost=0.43..6.63 rows=110 width=4)
	  Index Cond: ((id >= 3009146) AND (id <= 3009246))

table 2 : explain SELECT id FROM sbtest2 WHERE id BETWEEN 3009146 AND 3009246
	Index Only Scan using sbtest2_pkey on sbtest2  (cost=0.43..6.58 rows=107 width=4)
	  Index Cond: ((id >= 3009146) AND (id <= 3009246))

table 3 : explain SELECT id FROM sbtest3 WHERE id BETWEEN 3009146 AND 3009246
	Index Only Scan using sbtest3_pkey on sbtest3  (cost=0.43..6.37 rows=97 width=4)
	  Index Cond: ((id >= 3009146) AND (id <= 3009246))

table 4 : explain SELECT id FROM sbtest4 WHERE id BETWEEN 3009146 AND 3009246
	Index Only Scan using sbtest4_pkey on sbtest4  (cost=0.43..6.37 rows=97 width=4)
	  Index Cond: ((id >= 3009146) AND (id <= 3009246))

table 5 : explain SELECT id FROM sbtest5 WHERE id BETWEEN 3009146 AND 3009246
	Index Only Scan using sbtest5_pkey on sbtest5  (cost=0.43..6.53 rows=105 width=4)
	  Index Cond: ((id >= 3009146) AND (id <= 3009246))

table 6 : explain SELECT id FROM sbtest6 WHERE id BETWEEN 3009146 AND 3009246
	Index Only Scan using sbtest6_pkey on sbtest6  (cost=0.43..6.43 rows=100 width=4)
	  Index Cond: ((id >= 3009146) AND (id <= 3009246))

table 7 : explain SELECT id FROM sbtest7 WHERE id BETWEEN 3009146 AND 3009246
	Index Only Scan using sbtest7_pkey on sbtest7  (cost=0.43..6.66 rows=111 width=4)
	  Index Cond: ((id >= 3009146) AND (id <= 3009246))

table 8 : explain SELECT id FROM sbtest8 WHERE id BETWEEN 3009146 AND 3009246
	Index Only Scan using sbtest8_pkey on sbtest8  (cost=0.43..6.58 rows=107 width=4)
	  Index Cond: ((id >= 3009146) AND (id <= 3009246))

for range-covered
table 1 : explain SELECT id FROM sbtest1 WHERE id BETWEEN 5819650 AND 5819750
	Index Only Scan using sbtest1_pkey on sbtest1  (cost=0.43..6.66 rows=111 width=4)
	  Index Cond: ((id >= 5819650) AND (id <= 5819750))

table 2 : explain SELECT id FROM sbtest2 WHERE id BETWEEN 5819650 AND 5819750
	Index Only Scan using sbtest2_pkey on sbtest2  (cost=0.43..6.51 rows=104 width=4)
	  Index Cond: ((id >= 5819650) AND (id <= 5819750))

table 3 : explain SELECT id FROM sbtest3 WHERE id BETWEEN 5819650 AND 5819750
	Index Only Scan using sbtest3_pkey on sbtest3  (cost=0.43..6.69 rows=113 width=4)
	  Index Cond: ((id >= 5819650) AND (id <= 5819750))

table 4 : explain SELECT id FROM sbtest4 WHERE id BETWEEN 5819650 AND 5819750
	Index Only Scan using sbtest4_pkey on sbtest4  (cost=0.43..6.25 rows=91 width=4)
	  Index Cond: ((id >= 5819650) AND (id <= 5819750))

table 5 : explain SELECT id FROM sbtest5 WHERE id BETWEEN 5819650 AND 5819750
	Index Only Scan using sbtest5_pkey on sbtest5  (cost=0.43..6.45 rows=101 width=4)
	  Index Cond: ((id >= 5819650) AND (id <= 5819750))

table 6 : explain SELECT id FROM sbtest6 WHERE id BETWEEN 5819650 AND 5819750
	Index Only Scan using sbtest6_pkey on sbtest6  (cost=0.43..6.43 rows=100 width=4)
	  Index Cond: ((id >= 5819650) AND (id <= 5819750))

table 7 : explain SELECT id FROM sbtest7 WHERE id BETWEEN 5819650 AND 5819750
	Index Only Scan using sbtest7_pkey on sbtest7  (cost=0.43..6.50 rows=103 width=4)
	  Index Cond: ((id >= 5819650) AND (id <= 5819750))

table 8 : explain SELECT id FROM sbtest8 WHERE id BETWEEN 5819650 AND 5819750
	Index Only Scan using sbtest8_pkey on sbtest8  (cost=0.43..6.35 rows=96 width=4)
	  Index Cond: ((id >= 5819650) AND (id <= 5819750))

explain: for range-covered :: explain SELECT id FROM sbtest%d WHERE id BETWEEN 6041285 AND 6041385
explain: for range-covered :: explain SELECT id FROM sbtest%d WHERE id BETWEEN 3009146 AND 3009246
explain: for range-covered :: explain SELECT id FROM sbtest%d WHERE id BETWEEN 5819650 AND 5819750
for range-covered
table 1 : explain SELECT id FROM sbtest1 WHERE id BETWEEN 5438454 AND 5438554
	Index Only Scan using sbtest1_pkey on sbtest1  (cost=0.43..6.35 rows=96 width=4)
	  Index Cond: ((id >= 5438454) AND (id <= 5438554))

table 2 : explain SELECT id FROM sbtest2 WHERE id BETWEEN 5438454 AND 5438554
	Index Only Scan using sbtest2_pkey on sbtest2  (cost=0.43..6.59 rows=108 width=4)
	  Index Cond: ((id >= 5438454) AND (id <= 5438554))

table 3 : explain SELECT id FROM sbtest3 WHERE id BETWEEN 5438454 AND 5438554
	Index Only Scan using sbtest3_pkey on sbtest3  (cost=0.43..6.58 rows=107 width=4)
	  Index Cond: ((id >= 5438454) AND (id <= 5438554))

table 4 : explain SELECT id FROM sbtest4 WHERE id BETWEEN 5438454 AND 5438554
	Index Only Scan using sbtest4_pkey on sbtest4  (cost=0.43..6.69 rows=113 width=4)
	  Index Cond: ((id >= 5438454) AND (id <= 5438554))

table 5 : explain SELECT id FROM sbtest5 WHERE id BETWEEN 5438454 AND 5438554
	Index Only Scan using sbtest5_pkey on sbtest5  (cost=0.43..6.27 rows=92 width=4)
	  Index Cond: ((id >= 5438454) AND (id <= 5438554))

table 6 : explain SELECT id FROM sbtest6 WHERE id BETWEEN 5438454 AND 5438554
	Index Only Scan using sbtest6_pkey on sbtest6  (cost=0.43..6.37 rows=97 width=4)
	  Index Cond: ((id >= 5438454) AND (id <= 5438554))

table 7 : explain SELECT id FROM sbtest7 WHERE id BETWEEN 5438454 AND 5438554
	Index Only Scan using sbtest7_pkey on sbtest7  (cost=0.43..6.50 rows=103 width=4)
	  Index Cond: ((id >= 5438454) AND (id <= 5438554))

table 8 : explain SELECT id FROM sbtest8 WHERE id BETWEEN 5438454 AND 5438554
	Index Only Scan using sbtest8_pkey on sbtest8  (cost=0.43..6.66 rows=111 width=4)
	  Index Cond: ((id >= 5438454) AND (id <= 5438554))

for range-covered
table 1 : explain SELECT id FROM sbtest1 WHERE id BETWEEN 5452586 AND 5452686
	Index Only Scan using sbtest1_pkey on sbtest1  (cost=0.43..6.35 rows=96 width=4)
	  Index Cond: ((id >= 5452586) AND (id <= 5452686))

table 2 : explain SELECT id FROM sbtest2 WHERE id BETWEEN 5452586 AND 5452686
	Index Only Scan using sbtest2_pkey on sbtest2  (cost=0.43..6.59 rows=108 width=4)
	  Index Cond: ((id >= 5452586) AND (id <= 5452686))

table 3 : explain SELECT id FROM sbtest3 WHERE id BETWEEN 5452586 AND 5452686
	Index Only Scan using sbtest3_pkey on sbtest3  (cost=0.43..6.58 rows=107 width=4)
	  Index Cond: ((id >= 5452586) AND (id <= 5452686))

table 4 : explain SELECT id FROM sbtest4 WHERE id BETWEEN 5452586 AND 5452686
	Index Only Scan using sbtest4_pkey on sbtest4  (cost=0.43..6.69 rows=113 width=4)
	  Index Cond: ((id >= 5452586) AND (id <= 5452686))

table 5 : explain SELECT id FROM sbtest5 WHERE id BETWEEN 5452586 AND 5452686
	Index Only Scan using sbtest5_pkey on sbtest5  (cost=0.43..6.53 rows=105 width=4)
	  Index Cond: ((id >= 5452586) AND (id <= 5452686))

table 6 : explain SELECT id FROM sbtest6 WHERE id BETWEEN 5452586 AND 5452686
	Index Only Scan using sbtest6_pkey on sbtest6  (cost=0.43..6.37 rows=97 width=4)
	  Index Cond: ((id >= 5452586) AND (id <= 5452686))

table 7 : explain SELECT id FROM sbtest7 WHERE id BETWEEN 5452586 AND 5452686
	Index Only Scan using sbtest7_pkey on sbtest7  (cost=0.43..6.50 rows=103 width=4)
	  Index Cond: ((id >= 5452586) AND (id <= 5452686))

table 8 : explain SELECT id FROM sbtest8 WHERE id BETWEEN 5452586 AND 5452686
	Index Only Scan using sbtest8_pkey on sbtest8  (cost=0.43..6.66 rows=111 width=4)
	  Index Cond: ((id >= 5452586) AND (id <= 5452686))

explain: for range-covered :: explain SELECT id FROM sbtest%d WHERE id BETWEEN 5438454 AND 5438554
explain: for range-covered :: explain SELECT id FROM sbtest%d WHERE id BETWEEN 5452586 AND 5452686
for range-covered
table 1 : explain SELECT id FROM sbtest1 WHERE id BETWEEN 3308156 AND 3308256
	Index Only Scan using sbtest1_pkey on sbtest1  (cost=0.43..6.50 rows=103 width=4)
	  Index Cond: ((id >= 3308156) AND (id <= 3308256))

table 2 : explain SELECT id FROM sbtest2 WHERE id BETWEEN 3308156 AND 3308256
	Index Only Scan using sbtest2_pkey on sbtest2  (cost=0.43..6.45 rows=101 width=4)
	  Index Cond: ((id >= 3308156) AND (id <= 3308256))

table 3 : explain SELECT id FROM sbtest3 WHERE id BETWEEN 3308156 AND 3308256
	Index Only Scan using sbtest3_pkey on sbtest3  (cost=0.43..6.75 rows=116 width=4)
	  Index Cond: ((id >= 3308156) AND (id <= 3308256))

table 4 : explain SELECT id FROM sbtest4 WHERE id BETWEEN 3308156 AND 3308256
	Index Only Scan using sbtest4_pkey on sbtest4  (cost=0.43..6.42 rows=99 width=4)
	  Index Cond: ((id >= 3308156) AND (id <= 3308256))

table 5 : explain SELECT id FROM sbtest5 WHERE id BETWEEN 3308156 AND 3308256
	Index Only Scan using sbtest5_pkey on sbtest5  (cost=0.43..6.43 rows=100 width=4)
	  Index Cond: ((id >= 3308156) AND (id <= 3308256))

table 6 : explain SELECT id FROM sbtest6 WHERE id BETWEEN 3308156 AND 3308256
	Index Only Scan using sbtest6_pkey on sbtest6  (cost=0.43..6.35 rows=96 width=4)
	  Index Cond: ((id >= 3308156) AND (id <= 3308256))

table 7 : explain SELECT id FROM sbtest7 WHERE id BETWEEN 3308156 AND 3308256
	Index Only Scan using sbtest7_pkey on sbtest7  (cost=0.43..6.58 rows=107 width=4)
	  Index Cond: ((id >= 3308156) AND (id <= 3308256))

table 8 : explain SELECT id FROM sbtest8 WHERE id BETWEEN 3308156 AND 3308256
	Index Only Scan using sbtest8_pkey on sbtest8  (cost=0.43..6.42 rows=99 width=4)
	  Index Cond: ((id >= 3308156) AND (id <= 3308256))

explain: for range-covered :: explain SELECT id FROM sbtest%d WHERE id BETWEEN 3308156 AND 3308256
for range-covered
table 1 : explain SELECT id FROM sbtest1 WHERE id BETWEEN 1871196 AND 1871296
	Index Only Scan using sbtest1_pkey on sbtest1  (cost=0.43..6.29 rows=93 width=4)
	  Index Cond: ((id >= 1871196) AND (id <= 1871296))

table 2 : explain SELECT id FROM sbtest2 WHERE id BETWEEN 1871196 AND 1871296
	Index Only Scan using sbtest2_pkey on sbtest2  (cost=0.43..6.27 rows=92 width=4)
	  Index Cond: ((id >= 1871196) AND (id <= 1871296))

table 3 : explain SELECT id FROM sbtest3 WHERE id BETWEEN 1871196 AND 1871296
	Index Only Scan using sbtest3_pkey on sbtest3  (cost=0.43..6.66 rows=111 width=4)
	  Index Cond: ((id >= 1871196) AND (id <= 1871296))

table 4 : explain SELECT id FROM sbtest4 WHERE id BETWEEN 1871196 AND 1871296
	Index Only Scan using sbtest4_pkey on sbtest4  (cost=0.43..6.29 rows=93 width=4)
	  Index Cond: ((id >= 1871196) AND (id <= 1871296))

table 5 : explain SELECT id FROM sbtest5 WHERE id BETWEEN 1871196 AND 1871296
	Index Only Scan using sbtest5_pkey on sbtest5  (cost=0.43..6.43 rows=100 width=4)
	  Index Cond: ((id >= 1871196) AND (id <= 1871296))

table 6 : explain SELECT id FROM sbtest6 WHERE id BETWEEN 1871196 AND 1871296
	Index Only Scan using sbtest6_pkey on sbtest6  (cost=0.43..6.43 rows=100 width=4)
	  Index Cond: ((id >= 1871196) AND (id <= 1871296))

table 7 : explain SELECT id FROM sbtest7 WHERE id BETWEEN 1871196 AND 1871296
	Index Only Scan using sbtest7_pkey on sbtest7  (cost=0.43..6.37 rows=97 width=4)
	  Index Cond: ((id >= 1871196) AND (id <= 1871296))

table 8 : explain SELECT id FROM sbtest8 WHERE id BETWEEN 1871196 AND 1871296
	Index Only Scan using sbtest8_pkey on sbtest8  (cost=0.43..6.47 rows=102 width=4)
	  Index Cond: ((id >= 1871196) AND (id <= 1871296))

for range-covered
table 1 : explain SELECT id FROM sbtest1 WHERE id BETWEEN 5679541 AND 5679641
	Index Only Scan using sbtest1_pkey on sbtest1  (cost=0.43..6.50 rows=103 width=4)
	  Index Cond: ((id >= 5679541) AND (id <= 5679641))

table 2 : explain SELECT id FROM sbtest2 WHERE id BETWEEN 5679541 AND 5679641
	Index Only Scan using sbtest2_pkey on sbtest2  (cost=0.43..6.37 rows=97 width=4)
	  Index Cond: ((id >= 5679541) AND (id <= 5679641))

table 3 : explain SELECT id FROM sbtest3 WHERE id BETWEEN 5679541 AND 5679641
	Index Only Scan using sbtest3_pkey on sbtest3  (cost=0.43..6.53 rows=105 width=4)
	  Index Cond: ((id >= 5679541) AND (id <= 5679641))

table 4 : explain SELECT id FROM sbtest4 WHERE id BETWEEN 5679541 AND 5679641
	Index Only Scan using sbtest4_pkey on sbtest4  (cost=0.43..6.63 rows=110 width=4)
	  Index Cond: ((id >= 5679541) AND (id <= 5679641))

table 5 : explain SELECT id FROM sbtest5 WHERE id BETWEEN 5679541 AND 5679641
	Index Only Scan using sbtest5_pkey on sbtest5  (cost=0.43..6.53 rows=105 width=4)
	  Index Cond: ((id >= 5679541) AND (id <= 5679641))

table 6 : explain SELECT id FROM sbtest6 WHERE id BETWEEN 5679541 AND 5679641
	Index Only Scan using sbtest6_pkey on sbtest6  (cost=0.43..6.58 rows=107 width=4)
	  Index Cond: ((id >= 5679541) AND (id <= 5679641))

table 7 : explain SELECT id FROM sbtest7 WHERE id BETWEEN 5679541 AND 5679641
	Index Only Scan using sbtest7_pkey on sbtest7  (cost=0.43..6.47 rows=102 width=4)
	  Index Cond: ((id >= 5679541) AND (id <= 5679641))

table 8 : explain SELECT id FROM sbtest8 WHERE id BETWEEN 5679541 AND 5679641
	Index Only Scan using sbtest8_pkey on sbtest8  (cost=0.43..6.63 rows=110 width=4)
	  Index Cond: ((id >= 5679541) AND (id <= 5679641))

explain: for range-covered :: explain SELECT id FROM sbtest%d WHERE id BETWEEN 1871196 AND 1871296
for range-covered
table 1 : explain SELECT id FROM sbtest1 WHERE id BETWEEN 1031918 AND 1032018
	Index Only Scan using sbtest1_pkey on sbtest1  (cost=0.43..6.66 rows=111 width=4)
	  Index Cond: ((id >= 1031918) AND (id <= 1032018))

table 2 : explain SELECT id FROM sbtest2 WHERE id BETWEEN 1031918 AND 1032018
	Index Only Scan using sbtest2_pkey on sbtest2  (cost=0.43..6.50 rows=103 width=4)
	  Index Cond: ((id >= 1031918) AND (id <= 1032018))

table 3 : explain SELECT id FROM sbtest3 WHERE id BETWEEN 1031918 AND 1032018
	Index Only Scan using sbtest3_pkey on sbtest3  (cost=0.43..6.32 rows=94 width=4)
	  Index Cond: ((id >= 1031918) AND (id <= 1032018))

table 4 : explain SELECT id FROM sbtest4 WHERE id BETWEEN 1031918 AND 1032018
	Index Only Scan using sbtest4_pkey on sbtest4  (cost=0.43..6.32 rows=94 width=4)
	  Index Cond: ((id >= 1031918) AND (id <= 1032018))

table 5 : explain SELECT id FROM sbtest5 WHERE id BETWEEN 1031918 AND 1032018
	Index Only Scan using sbtest5_pkey on sbtest5  (cost=0.43..6.47 rows=102 width=4)
	  Index Cond: ((id >= 1031918) AND (id <= 1032018))

table 6 : explain SELECT id FROM sbtest6 WHERE id BETWEEN 1031918 AND 1032018
	Index Only Scan using sbtest6_pkey on sbtest6  (cost=0.43..6.42 rows=99 width=4)
	  Index Cond: ((id >= 1031918) AND (id <= 1032018))

table 7 : explain SELECT id FROM sbtest7 WHERE id BETWEEN 1031918 AND 1032018
	Index Only Scan using sbtest7_pkey on sbtest7  (cost=0.43..6.37 rows=97 width=4)
	  Index Cond: ((id >= 1031918) AND (id <= 1032018))

table 8 : explain SELECT id FROM sbtest8 WHERE id BETWEEN 1031918 AND 1032018
	Index Only Scan using sbtest8_pkey on sbtest8  (cost=0.43..6.43 rows=100 width=4)
	  Index Cond: ((id >= 1031918) AND (id <= 1032018))

for range-covered
table 1 : explain SELECT id FROM sbtest1 WHERE id BETWEEN 3009146 AND 3009246
	Index Only Scan using sbtest1_pkey on sbtest1  (cost=0.43..6.63 rows=110 width=4)
	  Index Cond: ((id >= 3009146) AND (id <= 3009246))

table 2 : explain SELECT id FROM sbtest2 WHERE id BETWEEN 3009146 AND 3009246
	Index Only Scan using sbtest2_pkey on sbtest2  (cost=0.43..6.58 rows=107 width=4)
	  Index Cond: ((id >= 3009146) AND (id <= 3009246))

table 3 : explain SELECT id FROM sbtest3 WHERE id BETWEEN 3009146 AND 3009246
	Index Only Scan using sbtest3_pkey on sbtest3  (cost=0.43..6.37 rows=97 width=4)
	  Index Cond: ((id >= 3009146) AND (id <= 3009246))

table 4 : explain SELECT id FROM sbtest4 WHERE id BETWEEN 3009146 AND 3009246
	Index Only Scan using sbtest4_pkey on sbtest4  (cost=0.43..6.37 rows=97 width=4)
	  Index Cond: ((id >= 3009146) AND (id <= 3009246))

table 5 : explain SELECT id FROM sbtest5 WHERE id BETWEEN 3009146 AND 3009246
	Index Only Scan using sbtest5_pkey on sbtest5  (cost=0.43..6.53 rows=105 width=4)
	  Index Cond: ((id >= 3009146) AND (id <= 3009246))

table 6 : explain SELECT id FROM sbtest6 WHERE id BETWEEN 3009146 AND 3009246
	Index Only Scan using sbtest6_pkey on sbtest6  (cost=0.43..6.43 rows=100 width=4)
	  Index Cond: ((id >= 3009146) AND (id <= 3009246))

table 7 : explain SELECT id FROM sbtest7 WHERE id BETWEEN 3009146 AND 3009246
	Index Only Scan using sbtest7_pkey on sbtest7  (cost=0.43..6.66 rows=111 width=4)
	  Index Cond: ((id >= 3009146) AND (id <= 3009246))

table 8 : explain SELECT id FROM sbtest8 WHERE id BETWEEN 3009146 AND 3009246
	Index Only Scan using sbtest8_pkey on sbtest8  (cost=0.43..6.58 rows=107 width=4)
	  Index Cond: ((id >= 3009146) AND (id <= 3009246))

for range-covered
table 1 : explain SELECT id FROM sbtest1 WHERE id BETWEEN 5819650 AND 5819750
	Index Only Scan using sbtest1_pkey on sbtest1  (cost=0.43..6.66 rows=111 width=4)
	  Index Cond: ((id >= 5819650) AND (id <= 5819750))

table 2 : explain SELECT id FROM sbtest2 WHERE id BETWEEN 5819650 AND 5819750
	Index Only Scan using sbtest2_pkey on sbtest2  (cost=0.43..6.51 rows=104 width=4)
	  Index Cond: ((id >= 5819650) AND (id <= 5819750))

table 3 : explain SELECT id FROM sbtest3 WHERE id BETWEEN 5819650 AND 5819750
	Index Only Scan using sbtest3_pkey on sbtest3  (cost=0.43..6.69 rows=113 width=4)
	  Index Cond: ((id >= 5819650) AND (id <= 5819750))

table 4 : explain SELECT id FROM sbtest4 WHERE id BETWEEN 5819650 AND 5819750
	Index Only Scan using sbtest4_pkey on sbtest4  (cost=0.43..6.25 rows=91 width=4)
	  Index Cond: ((id >= 5819650) AND (id <= 5819750))

table 5 : explain SELECT id FROM sbtest5 WHERE id BETWEEN 5819650 AND 5819750
	Index Only Scan using sbtest5_pkey on sbtest5  (cost=0.43..6.45 rows=101 width=4)
	  Index Cond: ((id >= 5819650) AND (id <= 5819750))

table 6 : explain SELECT id FROM sbtest6 WHERE id BETWEEN 5819650 AND 5819750
	Index Only Scan using sbtest6_pkey on sbtest6  (cost=0.43..6.43 rows=100 width=4)
	  Index Cond: ((id >= 5819650) AND (id <= 5819750))

table 7 : explain SELECT id FROM sbtest7 WHERE id BETWEEN 5819650 AND 5819750
	Index Only Scan using sbtest7_pkey on sbtest7  (cost=0.43..6.50 rows=103 width=4)
	  Index Cond: ((id >= 5819650) AND (id <= 5819750))

table 8 : explain SELECT id FROM sbtest8 WHERE id BETWEEN 5819650 AND 5819750
	Index Only Scan using sbtest8_pkey on sbtest8  (cost=0.43..6.35 rows=96 width=4)
	  Index Cond: ((id >= 5819650) AND (id <= 5819750))

explain: for range-covered :: explain SELECT id FROM sbtest%d WHERE id BETWEEN 3009146 AND 3009246
for range-covered
table 1 : explain SELECT id FROM sbtest1 WHERE id BETWEEN 4939139 AND 4939239
	Index Only Scan using sbtest1_pkey on sbtest1  (cost=0.43..6.56 rows=106 width=4)
	  Index Cond: ((id >= 4939139) AND (id <= 4939239))

table 2 : explain SELECT id FROM sbtest2 WHERE id BETWEEN 4939139 AND 4939239
	Index Only Scan using sbtest2_pkey on sbtest2  (cost=0.43..6.63 rows=110 width=4)
	  Index Cond: ((id >= 4939139) AND (id <= 4939239))

table 3 : explain SELECT id FROM sbtest3 WHERE id BETWEEN 4939139 AND 4939239
	Index Only Scan using sbtest3_pkey on sbtest3  (cost=0.43..6.42 rows=99 width=4)
	  Index Cond: ((id >= 4939139) AND (id <= 4939239))

table 4 : explain SELECT id FROM sbtest4 WHERE id BETWEEN 4939139 AND 4939239
	Index Only Scan using sbtest4_pkey on sbtest4  (cost=0.43..6.19 rows=88 width=4)
	  Index Cond: ((id >= 4939139) AND (id <= 4939239))

table 5 : explain SELECT id FROM sbtest5 WHERE id BETWEEN 4939139 AND 4939239
	Index Only Scan using sbtest5_pkey on sbtest5  (cost=0.43..6.43 rows=100 width=4)
	  Index Cond: ((id >= 4939139) AND (id <= 4939239))

table 6 : explain SELECT id FROM sbtest6 WHERE id BETWEEN 4939139 AND 4939239
	Index Only Scan using sbtest6_pkey on sbtest6  (cost=0.43..6.43 rows=100 width=4)
	  Index Cond: ((id >= 4939139) AND (id <= 4939239))

table 7 : explain SELECT id FROM sbtest7 WHERE id BETWEEN 4939139 AND 4939239
	Index Only Scan using sbtest7_pkey on sbtest7  (cost=0.43..6.58 rows=107 width=4)
	  Index Cond: ((id >= 4939139) AND (id <= 4939239))

table 8 : explain SELECT id FROM sbtest8 WHERE id BETWEEN 4939139 AND 4939239
	Index Only Scan using sbtest8_pkey on sbtest8  (cost=0.43..6.47 rows=102 width=4)
	  Index Cond: ((id >= 4939139) AND (id <= 4939239))

explain: for range-covered :: explain SELECT id FROM sbtest%d WHERE id BETWEEN 4939139 AND 4939239
explain: for range-covered :: explain SELECT id FROM sbtest%d WHERE id BETWEEN 5679541 AND 5679641
for range-covered
table 1 : explain SELECT id FROM sbtest1 WHERE id BETWEEN 5438454 AND 5438554
	Index Only Scan using sbtest1_pkey on sbtest1  (cost=0.43..6.35 rows=96 width=4)
	  Index Cond: ((id >= 5438454) AND (id <= 5438554))

table 2 : explain SELECT id FROM sbtest2 WHERE id BETWEEN 5438454 AND 5438554
	Index Only Scan using sbtest2_pkey on sbtest2  (cost=0.43..6.59 rows=108 width=4)
	  Index Cond: ((id >= 5438454) AND (id <= 5438554))

table 3 : explain SELECT id FROM sbtest3 WHERE id BETWEEN 5438454 AND 5438554
	Index Only Scan using sbtest3_pkey on sbtest3  (cost=0.43..6.58 rows=107 width=4)
	  Index Cond: ((id >= 5438454) AND (id <= 5438554))

table 4 : explain SELECT id FROM sbtest4 WHERE id BETWEEN 5438454 AND 5438554
	Index Only Scan using sbtest4_pkey on sbtest4  (cost=0.43..6.69 rows=113 width=4)
	  Index Cond: ((id >= 5438454) AND (id <= 5438554))

table 5 : explain SELECT id FROM sbtest5 WHERE id BETWEEN 5438454 AND 5438554
	Index Only Scan using sbtest5_pkey on sbtest5  (cost=0.43..6.27 rows=92 width=4)
	  Index Cond: ((id >= 5438454) AND (id <= 5438554))

table 6 : explain SELECT id FROM sbtest6 WHERE id BETWEEN 5438454 AND 5438554
	Index Only Scan using sbtest6_pkey on sbtest6  (cost=0.43..6.37 rows=97 width=4)
	  Index Cond: ((id >= 5438454) AND (id <= 5438554))

table 7 : explain SELECT id FROM sbtest7 WHERE id BETWEEN 5438454 AND 5438554
	Index Only Scan using sbtest7_pkey on sbtest7  (cost=0.43..6.50 rows=103 width=4)
	  Index Cond: ((id >= 5438454) AND (id <= 5438554))

table 8 : explain SELECT id FROM sbtest8 WHERE id BETWEEN 5438454 AND 5438554
	Index Only Scan using sbtest8_pkey on sbtest8  (cost=0.43..6.66 rows=111 width=4)
	  Index Cond: ((id >= 5438454) AND (id <= 5438554))

for range-covered
table 1 : explain SELECT id FROM sbtest1 WHERE id BETWEEN 8067908 AND 8068008
	Index Only Scan using sbtest1_pkey on sbtest1  (cost=0.43..6.37 rows=97 width=4)
	  Index Cond: ((id >= 8067908) AND (id <= 8068008))

table 2 : explain SELECT id FROM sbtest2 WHERE id BETWEEN 8067908 AND 8068008
	Index Only Scan using sbtest2_pkey on sbtest2  (cost=0.43..6.45 rows=101 width=4)
	  Index Cond: ((id >= 8067908) AND (id <= 8068008))

table 3 : explain SELECT id FROM sbtest3 WHERE id BETWEEN 8067908 AND 8068008
	Index Only Scan using sbtest3_pkey on sbtest3  (cost=0.43..6.59 rows=108 width=4)
	  Index Cond: ((id >= 8067908) AND (id <= 8068008))

table 4 : explain SELECT id FROM sbtest4 WHERE id BETWEEN 8067908 AND 8068008
	Index Only Scan using sbtest4_pkey on sbtest4  (cost=0.43..6.25 rows=91 width=4)
	  Index Cond: ((id >= 8067908) AND (id <= 8068008))

table 5 : explain SELECT id FROM sbtest5 WHERE id BETWEEN 8067908 AND 8068008
	Index Only Scan using sbtest5_pkey on sbtest5  (cost=0.43..6.51 rows=104 width=4)
	  Index Cond: ((id >= 8067908) AND (id <= 8068008))

table 6 : explain SELECT id FROM sbtest6 WHERE id BETWEEN 8067908 AND 8068008
	Index Only Scan using sbtest6_pkey on sbtest6  (cost=0.43..6.40 rows=98 width=4)
	  Index Cond: ((id >= 8067908) AND (id <= 8068008))

table 7 : explain SELECT id FROM sbtest7 WHERE id BETWEEN 8067908 AND 8068008
	Index Only Scan using sbtest7_pkey on sbtest7  (cost=0.43..6.47 rows=102 width=4)
	  Index Cond: ((id >= 8067908) AND (id <= 8068008))

table 8 : explain SELECT id FROM sbtest8 WHERE id BETWEEN 8067908 AND 8068008
	Index Only Scan using sbtest8_pkey on sbtest8  (cost=0.43..6.56 rows=106 width=4)
	  Index Cond: ((id >= 8067908) AND (id <= 8068008))

for range-covered
table 1 : explain SELECT id FROM sbtest1 WHERE id BETWEEN 6041285 AND 6041385
	Index Only Scan using sbtest1_pkey on sbtest1  (cost=0.43..6.45 rows=101 width=4)
	  Index Cond: ((id >= 6041285) AND (id <= 6041385))

table 2 : explain SELECT id FROM sbtest2 WHERE id BETWEEN 6041285 AND 6041385
	Index Only Scan using sbtest2_pkey on sbtest2  (cost=0.43..6.32 rows=94 width=4)
	  Index Cond: ((id >= 6041285) AND (id <= 6041385))

table 3 : explain SELECT id FROM sbtest3 WHERE id BETWEEN 6041285 AND 6041385
	Index Only Scan using sbtest3_pkey on sbtest3  (cost=0.43..6.29 rows=93 width=4)
	  Index Cond: ((id >= 6041285) AND (id <= 6041385))

table 4 : explain SELECT id FROM sbtest4 WHERE id BETWEEN 6041285 AND 6041385
	Index Only Scan using sbtest4_pkey on sbtest4  (cost=0.43..6.33 rows=95 width=4)
	  Index Cond: ((id >= 6041285) AND (id <= 6041385))

table 5 : explain SELECT id FROM sbtest5 WHERE id BETWEEN 6041285 AND 6041385
	Index Only Scan using sbtest5_pkey on sbtest5  (cost=0.43..6.27 rows=92 width=4)
	  Index Cond: ((id >= 6041285) AND (id <= 6041385))

table 6 : explain SELECT id FROM sbtest6 WHERE id BETWEEN 6041285 AND 6041385
	Index Only Scan using sbtest6_pkey on sbtest6  (cost=0.43..6.43 rows=100 width=4)
	  Index Cond: ((id >= 6041285) AND (id <= 6041385))

table 7 : explain SELECT id FROM sbtest7 WHERE id BETWEEN 6041285 AND 6041385
	Index Only Scan using sbtest7_pkey on sbtest7  (cost=0.43..6.40 rows=98 width=4)
	  Index Cond: ((id >= 6041285) AND (id <= 6041385))

table 8 : explain SELECT id FROM sbtest8 WHERE id BETWEEN 6041285 AND 6041385
	Index Only Scan using sbtest8_pkey on sbtest8  (cost=0.43..6.17 rows=87 width=4)
	  Index Cond: ((id >= 6041285) AND (id <= 6041385))

for range-covered
table 1 : explain SELECT id FROM sbtest1 WHERE id BETWEEN 2571317 AND 2571417
	Index Only Scan using sbtest1_pkey on sbtest1  (cost=0.43..6.42 rows=99 width=4)
	  Index Cond: ((id >= 2571317) AND (id <= 2571417))

table 2 : explain SELECT id FROM sbtest2 WHERE id BETWEEN 2571317 AND 2571417
	Index Only Scan using sbtest2_pkey on sbtest2  (cost=0.43..6.35 rows=96 width=4)
	  Index Cond: ((id >= 2571317) AND (id <= 2571417))

table 3 : explain SELECT id FROM sbtest3 WHERE id BETWEEN 2571317 AND 2571417
	Index Only Scan using sbtest3_pkey on sbtest3  (cost=0.43..6.40 rows=98 width=4)
	  Index Cond: ((id >= 2571317) AND (id <= 2571417))

table 4 : explain SELECT id FROM sbtest4 WHERE id BETWEEN 2571317 AND 2571417
	Index Only Scan using sbtest4_pkey on sbtest4  (cost=0.43..6.42 rows=99 width=4)
	  Index Cond: ((id >= 2571317) AND (id <= 2571417))

table 5 : explain SELECT id FROM sbtest5 WHERE id BETWEEN 2571317 AND 2571417
	Index Only Scan using sbtest5_pkey on sbtest5  (cost=0.43..6.33 rows=95 width=4)
	  Index Cond: ((id >= 2571317) AND (id <= 2571417))

table 6 : explain SELECT id FROM sbtest6 WHERE id BETWEEN 2571317 AND 2571417
	Index Only Scan using sbtest6_pkey on sbtest6  (cost=0.43..6.72 rows=114 width=4)
	  Index Cond: ((id >= 2571317) AND (id <= 2571417))

table 7 : explain SELECT id FROM sbtest7 WHERE id BETWEEN 2571317 AND 2571417
	Index Only Scan using sbtest7_pkey on sbtest7  (cost=0.43..6.53 rows=105 width=4)
	  Index Cond: ((id >= 2571317) AND (id <= 2571417))

table 8 : explain SELECT id FROM sbtest8 WHERE id BETWEEN 2571317 AND 2571417
	Index Only Scan using sbtest8_pkey on sbtest8  (cost=0.43..6.32 rows=94 width=4)
	  Index Cond: ((id >= 2571317) AND (id <= 2571417))

explain: for range-covered :: explain SELECT id FROM sbtest%d WHERE id BETWEEN 6041285 AND 6041385
for range-covered
table 1 : explain SELECT id FROM sbtest1 WHERE id BETWEEN 5452586 AND 5452686
	Index Only Scan using sbtest1_pkey on sbtest1  (cost=0.43..6.35 rows=96 width=4)
	  Index Cond: ((id >= 5452586) AND (id <= 5452686))

table 2 : explain SELECT id FROM sbtest2 WHERE id BETWEEN 5452586 AND 5452686
	Index Only Scan using sbtest2_pkey on sbtest2  (cost=0.43..6.59 rows=108 width=4)
	  Index Cond: ((id >= 5452586) AND (id <= 5452686))

table 3 : explain SELECT id FROM sbtest3 WHERE id BETWEEN 5452586 AND 5452686
	Index Only Scan using sbtest3_pkey on sbtest3  (cost=0.43..6.58 rows=107 width=4)
	  Index Cond: ((id >= 5452586) AND (id <= 5452686))

table 4 : explain SELECT id FROM sbtest4 WHERE id BETWEEN 5452586 AND 5452686
	Index Only Scan using sbtest4_pkey on sbtest4  (cost=0.43..6.69 rows=113 width=4)
	  Index Cond: ((id >= 5452586) AND (id <= 5452686))

table 5 : explain SELECT id FROM sbtest5 WHERE id BETWEEN 5452586 AND 5452686
	Index Only Scan using sbtest5_pkey on sbtest5  (cost=0.43..6.53 rows=105 width=4)
	  Index Cond: ((id >= 5452586) AND (id <= 5452686))

table 6 : explain SELECT id FROM sbtest6 WHERE id BETWEEN 5452586 AND 5452686
	Index Only Scan using sbtest6_pkey on sbtest6  (cost=0.43..6.37 rows=97 width=4)
	  Index Cond: ((id >= 5452586) AND (id <= 5452686))

table 7 : explain SELECT id FROM sbtest7 WHERE id BETWEEN 5452586 AND 5452686
	Index Only Scan using sbtest7_pkey on sbtest7  (cost=0.43..6.50 rows=103 width=4)
	  Index Cond: ((id >= 5452586) AND (id <= 5452686))

table 8 : explain SELECT id FROM sbtest8 WHERE id BETWEEN 5452586 AND 5452686
	Index Only Scan using sbtest8_pkey on sbtest8  (cost=0.43..6.66 rows=111 width=4)
	  Index Cond: ((id >= 5452586) AND (id <= 5452686))

for range-covered
table 1 : explain SELECT id FROM sbtest1 WHERE id BETWEEN 3009146 AND 3009246
	Index Only Scan using sbtest1_pkey on sbtest1  (cost=0.43..6.63 rows=110 width=4)
	  Index Cond: ((id >= 3009146) AND (id <= 3009246))

table 2 : explain SELECT id FROM sbtest2 WHERE id BETWEEN 3009146 AND 3009246
	Index Only Scan using sbtest2_pkey on sbtest2  (cost=0.43..6.58 rows=107 width=4)
	  Index Cond: ((id >= 3009146) AND (id <= 3009246))

table 3 : explain SELECT id FROM sbtest3 WHERE id BETWEEN 3009146 AND 3009246
	Index Only Scan using sbtest3_pkey on sbtest3  (cost=0.43..6.37 rows=97 width=4)
	  Index Cond: ((id >= 3009146) AND (id <= 3009246))

table 4 : explain SELECT id FROM sbtest4 WHERE id BETWEEN 3009146 AND 3009246
	Index Only Scan using sbtest4_pkey on sbtest4  (cost=0.43..6.37 rows=97 width=4)
	  Index Cond: ((id >= 3009146) AND (id <= 3009246))

table 5 : explain SELECT id FROM sbtest5 WHERE id BETWEEN 3009146 AND 3009246
	Index Only Scan using sbtest5_pkey on sbtest5  (cost=0.43..6.53 rows=105 width=4)
	  Index Cond: ((id >= 3009146) AND (id <= 3009246))

table 6 : explain SELECT id FROM sbtest6 WHERE id BETWEEN 3009146 AND 3009246
	Index Only Scan using sbtest6_pkey on sbtest6  (cost=0.43..6.43 rows=100 width=4)
	  Index Cond: ((id >= 3009146) AND (id <= 3009246))

table 7 : explain SELECT id FROM sbtest7 WHERE id BETWEEN 3009146 AND 3009246
	Index Only Scan using sbtest7_pkey on sbtest7  (cost=0.43..6.66 rows=111 width=4)
	  Index Cond: ((id >= 3009146) AND (id <= 3009246))

table 8 : explain SELECT id FROM sbtest8 WHERE id BETWEEN 3009146 AND 3009246
	Index Only Scan using sbtest8_pkey on sbtest8  (cost=0.43..6.58 rows=107 width=4)
	  Index Cond: ((id >= 3009146) AND (id <= 3009246))

for range-covered
table 1 : explain SELECT id FROM sbtest1 WHERE id BETWEEN 4939139 AND 4939239
	Index Only Scan using sbtest1_pkey on sbtest1  (cost=0.43..6.56 rows=106 width=4)
	  Index Cond: ((id >= 4939139) AND (id <= 4939239))

table 2 : explain SELECT id FROM sbtest2 WHERE id BETWEEN 4939139 AND 4939239
	Index Only Scan using sbtest2_pkey on sbtest2  (cost=0.43..6.63 rows=110 width=4)
	  Index Cond: ((id >= 4939139) AND (id <= 4939239))

table 3 : explain SELECT id FROM sbtest3 WHERE id BETWEEN 4939139 AND 4939239
	Index Only Scan using sbtest3_pkey on sbtest3  (cost=0.43..6.42 rows=99 width=4)
	  Index Cond: ((id >= 4939139) AND (id <= 4939239))

table 4 : explain SELECT id FROM sbtest4 WHERE id BETWEEN 4939139 AND 4939239
	Index Only Scan using sbtest4_pkey on sbtest4  (cost=0.43..6.19 rows=88 width=4)
	  Index Cond: ((id >= 4939139) AND (id <= 4939239))

table 5 : explain SELECT id FROM sbtest5 WHERE id BETWEEN 4939139 AND 4939239
	Index Only Scan using sbtest5_pkey on sbtest5  (cost=0.43..6.43 rows=100 width=4)
	  Index Cond: ((id >= 4939139) AND (id <= 4939239))

table 6 : explain SELECT id FROM sbtest6 WHERE id BETWEEN 4939139 AND 4939239
	Index Only Scan using sbtest6_pkey on sbtest6  (cost=0.43..6.43 rows=100 width=4)
	  Index Cond: ((id >= 4939139) AND (id <= 4939239))

table 7 : explain SELECT id FROM sbtest7 WHERE id BETWEEN 4939139 AND 4939239
	Index Only Scan using sbtest7_pkey on sbtest7  (cost=0.43..6.58 rows=107 width=4)
	  Index Cond: ((id >= 4939139) AND (id <= 4939239))

table 8 : explain SELECT id FROM sbtest8 WHERE id BETWEEN 4939139 AND 4939239
	Index Only Scan using sbtest8_pkey on sbtest8  (cost=0.43..6.47 rows=102 width=4)
	  Index Cond: ((id >= 4939139) AND (id <= 4939239))

explain: for range-covered :: explain SELECT id FROM sbtest%d WHERE id BETWEEN 5452586 AND 5452686
explain: for range-covered :: explain SELECT id FROM sbtest%d WHERE id BETWEEN 4939139 AND 4939239
for range-covered
table 1 : explain SELECT id FROM sbtest1 WHERE id BETWEEN 1871196 AND 1871296
	Index Only Scan using sbtest1_pkey on sbtest1  (cost=0.43..6.29 rows=93 width=4)
	  Index Cond: ((id >= 1871196) AND (id <= 1871296))

table 2 : explain SELECT id FROM sbtest2 WHERE id BETWEEN 1871196 AND 1871296
	Index Only Scan using sbtest2_pkey on sbtest2  (cost=0.43..6.27 rows=92 width=4)
	  Index Cond: ((id >= 1871196) AND (id <= 1871296))

table 3 : explain SELECT id FROM sbtest3 WHERE id BETWEEN 1871196 AND 1871296
	Index Only Scan using sbtest3_pkey on sbtest3  (cost=0.43..6.66 rows=111 width=4)
	  Index Cond: ((id >= 1871196) AND (id <= 1871296))

table 4 : explain SELECT id FROM sbtest4 WHERE id BETWEEN 1871196 AND 1871296
	Index Only Scan using sbtest4_pkey on sbtest4  (cost=0.43..6.29 rows=93 width=4)
	  Index Cond: ((id >= 1871196) AND (id <= 1871296))

table 5 : explain SELECT id FROM sbtest5 WHERE id BETWEEN 1871196 AND 1871296
	Index Only Scan using sbtest5_pkey on sbtest5  (cost=0.43..6.43 rows=100 width=4)
	  Index Cond: ((id >= 1871196) AND (id <= 1871296))

table 6 : explain SELECT id FROM sbtest6 WHERE id BETWEEN 1871196 AND 1871296
	Index Only Scan using sbtest6_pkey on sbtest6  (cost=0.43..6.43 rows=100 width=4)
	  Index Cond: ((id >= 1871196) AND (id <= 1871296))

table 7 : explain SELECT id FROM sbtest7 WHERE id BETWEEN 1871196 AND 1871296
	Index Only Scan using sbtest7_pkey on sbtest7  (cost=0.43..6.37 rows=97 width=4)
	  Index Cond: ((id >= 1871196) AND (id <= 1871296))

table 8 : explain SELECT id FROM sbtest8 WHERE id BETWEEN 1871196 AND 1871296
	Index Only Scan using sbtest8_pkey on sbtest8  (cost=0.43..6.47 rows=102 width=4)
	  Index Cond: ((id >= 1871196) AND (id <= 1871296))

for range-covered
table 1 : explain SELECT id FROM sbtest1 WHERE id BETWEEN 3308156 AND 3308256
	Index Only Scan using sbtest1_pkey on sbtest1  (cost=0.43..6.50 rows=103 width=4)
	  Index Cond: ((id >= 3308156) AND (id <= 3308256))

table 2 : explain SELECT id FROM sbtest2 WHERE id BETWEEN 3308156 AND 3308256
	Index Only Scan using sbtest2_pkey on sbtest2  (cost=0.43..6.45 rows=101 width=4)
	  Index Cond: ((id >= 3308156) AND (id <= 3308256))

table 3 : explain SELECT id FROM sbtest3 WHERE id BETWEEN 3308156 AND 3308256
	Index Only Scan using sbtest3_pkey on sbtest3  (cost=0.43..6.75 rows=116 width=4)
	  Index Cond: ((id >= 3308156) AND (id <= 3308256))

table 4 : explain SELECT id FROM sbtest4 WHERE id BETWEEN 3308156 AND 3308256
	Index Only Scan using sbtest4_pkey on sbtest4  (cost=0.43..6.42 rows=99 width=4)
	  Index Cond: ((id >= 3308156) AND (id <= 3308256))

table 5 : explain SELECT id FROM sbtest5 WHERE id BETWEEN 3308156 AND 3308256
	Index Only Scan using sbtest5_pkey on sbtest5  (cost=0.43..6.43 rows=100 width=4)
	  Index Cond: ((id >= 3308156) AND (id <= 3308256))

table 6 : explain SELECT id FROM sbtest6 WHERE id BETWEEN 3308156 AND 3308256
	Index Only Scan using sbtest6_pkey on sbtest6  (cost=0.43..6.35 rows=96 width=4)
	  Index Cond: ((id >= 3308156) AND (id <= 3308256))

table 7 : explain SELECT id FROM sbtest7 WHERE id BETWEEN 3308156 AND 3308256
	Index Only Scan using sbtest7_pkey on sbtest7  (cost=0.43..6.58 rows=107 width=4)
	  Index Cond: ((id >= 3308156) AND (id <= 3308256))

table 8 : explain SELECT id FROM sbtest8 WHERE id BETWEEN 3308156 AND 3308256
	Index Only Scan using sbtest8_pkey on sbtest8  (cost=0.43..6.42 rows=99 width=4)
	  Index Cond: ((id >= 3308156) AND (id <= 3308256))

explain: for range-covered :: explain SELECT id FROM sbtest%d WHERE id BETWEEN 1871196 AND 1871296
explain: for range-covered :: explain SELECT id FROM sbtest%d WHERE id BETWEEN 3308156 AND 3308256
for range-covered
table 1 : explain SELECT id FROM sbtest1 WHERE id BETWEEN 5679541 AND 5679641
	Index Only Scan using sbtest1_pkey on sbtest1  (cost=0.43..6.50 rows=103 width=4)
	  Index Cond: ((id >= 5679541) AND (id <= 5679641))

table 2 : explain SELECT id FROM sbtest2 WHERE id BETWEEN 5679541 AND 5679641
	Index Only Scan using sbtest2_pkey on sbtest2  (cost=0.43..6.37 rows=97 width=4)
	  Index Cond: ((id >= 5679541) AND (id <= 5679641))

table 3 : explain SELECT id FROM sbtest3 WHERE id BETWEEN 5679541 AND 5679641
	Index Only Scan using sbtest3_pkey on sbtest3  (cost=0.43..6.53 rows=105 width=4)
	  Index Cond: ((id >= 5679541) AND (id <= 5679641))

table 4 : explain SELECT id FROM sbtest4 WHERE id BETWEEN 5679541 AND 5679641
	Index Only Scan using sbtest4_pkey on sbtest4  (cost=0.43..6.63 rows=110 width=4)
	  Index Cond: ((id >= 5679541) AND (id <= 5679641))

table 5 : explain SELECT id FROM sbtest5 WHERE id BETWEEN 5679541 AND 5679641
	Index Only Scan using sbtest5_pkey on sbtest5  (cost=0.43..6.53 rows=105 width=4)
	  Index Cond: ((id >= 5679541) AND (id <= 5679641))

table 6 : explain SELECT id FROM sbtest6 WHERE id BETWEEN 5679541 AND 5679641
	Index Only Scan using sbtest6_pkey on sbtest6  (cost=0.43..6.58 rows=107 width=4)
	  Index Cond: ((id >= 5679541) AND (id <= 5679641))

table 7 : explain SELECT id FROM sbtest7 WHERE id BETWEEN 5679541 AND 5679641
	Index Only Scan using sbtest7_pkey on sbtest7  (cost=0.43..6.47 rows=102 width=4)
	  Index Cond: ((id >= 5679541) AND (id <= 5679641))

table 8 : explain SELECT id FROM sbtest8 WHERE id BETWEEN 5679541 AND 5679641
	Index Only Scan using sbtest8_pkey on sbtest8  (cost=0.43..6.63 rows=110 width=4)
	  Index Cond: ((id >= 5679541) AND (id <= 5679641))

explain: for range-covered :: explain SELECT id FROM sbtest%d WHERE id BETWEEN 5679541 AND 5679641
for range-covered
table 1 : explain SELECT id FROM sbtest1 WHERE id BETWEEN 4939139 AND 4939239
	Index Only Scan using sbtest1_pkey on sbtest1  (cost=0.43..6.56 rows=106 width=4)
	  Index Cond: ((id >= 4939139) AND (id <= 4939239))

table 2 : explain SELECT id FROM sbtest2 WHERE id BETWEEN 4939139 AND 4939239
	Index Only Scan using sbtest2_pkey on sbtest2  (cost=0.43..6.63 rows=110 width=4)
	  Index Cond: ((id >= 4939139) AND (id <= 4939239))

table 3 : explain SELECT id FROM sbtest3 WHERE id BETWEEN 4939139 AND 4939239
	Index Only Scan using sbtest3_pkey on sbtest3  (cost=0.43..6.42 rows=99 width=4)
	  Index Cond: ((id >= 4939139) AND (id <= 4939239))

table 4 : explain SELECT id FROM sbtest4 WHERE id BETWEEN 4939139 AND 4939239
	Index Only Scan using sbtest4_pkey on sbtest4  (cost=0.43..6.19 rows=88 width=4)
	  Index Cond: ((id >= 4939139) AND (id <= 4939239))

table 5 : explain SELECT id FROM sbtest5 WHERE id BETWEEN 4939139 AND 4939239
	Index Only Scan using sbtest5_pkey on sbtest5  (cost=0.43..6.43 rows=100 width=4)
	  Index Cond: ((id >= 4939139) AND (id <= 4939239))

table 6 : explain SELECT id FROM sbtest6 WHERE id BETWEEN 4939139 AND 4939239
	Index Only Scan using sbtest6_pkey on sbtest6  (cost=0.43..6.43 rows=100 width=4)
	  Index Cond: ((id >= 4939139) AND (id <= 4939239))

table 7 : explain SELECT id FROM sbtest7 WHERE id BETWEEN 4939139 AND 4939239
	Index Only Scan using sbtest7_pkey on sbtest7  (cost=0.43..6.58 rows=107 width=4)
	  Index Cond: ((id >= 4939139) AND (id <= 4939239))

table 8 : explain SELECT id FROM sbtest8 WHERE id BETWEEN 4939139 AND 4939239
	Index Only Scan using sbtest8_pkey on sbtest8  (cost=0.43..6.47 rows=102 width=4)
	  Index Cond: ((id >= 4939139) AND (id <= 4939239))

explain: for range-covered :: explain SELECT id FROM sbtest%d WHERE id BETWEEN 4939139 AND 4939239
for range-covered
table 1 : explain SELECT id FROM sbtest1 WHERE id BETWEEN 6041285 AND 6041385
	Index Only Scan using sbtest1_pkey on sbtest1  (cost=0.43..6.45 rows=101 width=4)
	  Index Cond: ((id >= 6041285) AND (id <= 6041385))

table 2 : explain SELECT id FROM sbtest2 WHERE id BETWEEN 6041285 AND 6041385
	Index Only Scan using sbtest2_pkey on sbtest2  (cost=0.43..6.32 rows=94 width=4)
	  Index Cond: ((id >= 6041285) AND (id <= 6041385))

table 3 : explain SELECT id FROM sbtest3 WHERE id BETWEEN 6041285 AND 6041385
	Index Only Scan using sbtest3_pkey on sbtest3  (cost=0.43..6.29 rows=93 width=4)
	  Index Cond: ((id >= 6041285) AND (id <= 6041385))

table 4 : explain SELECT id FROM sbtest4 WHERE id BETWEEN 6041285 AND 6041385
	Index Only Scan using sbtest4_pkey on sbtest4  (cost=0.43..6.33 rows=95 width=4)
	  Index Cond: ((id >= 6041285) AND (id <= 6041385))

table 5 : explain SELECT id FROM sbtest5 WHERE id BETWEEN 6041285 AND 6041385
	Index Only Scan using sbtest5_pkey on sbtest5  (cost=0.43..6.27 rows=92 width=4)
	  Index Cond: ((id >= 6041285) AND (id <= 6041385))

table 6 : explain SELECT id FROM sbtest6 WHERE id BETWEEN 6041285 AND 6041385
	Index Only Scan using sbtest6_pkey on sbtest6  (cost=0.43..6.43 rows=100 width=4)
	  Index Cond: ((id >= 6041285) AND (id <= 6041385))

table 7 : explain SELECT id FROM sbtest7 WHERE id BETWEEN 6041285 AND 6041385
	Index Only Scan using sbtest7_pkey on sbtest7  (cost=0.43..6.40 rows=98 width=4)
	  Index Cond: ((id >= 6041285) AND (id <= 6041385))

table 8 : explain SELECT id FROM sbtest8 WHERE id BETWEEN 6041285 AND 6041385
	Index Only Scan using sbtest8_pkey on sbtest8  (cost=0.43..6.17 rows=87 width=4)
	  Index Cond: ((id >= 6041285) AND (id <= 6041385))

for range-covered
table 1 : explain SELECT id FROM sbtest1 WHERE id BETWEEN 1871196 AND 1871296
	Index Only Scan using sbtest1_pkey on sbtest1  (cost=0.43..6.29 rows=93 width=4)
	  Index Cond: ((id >= 1871196) AND (id <= 1871296))

table 2 : explain SELECT id FROM sbtest2 WHERE id BETWEEN 1871196 AND 1871296
	Index Only Scan using sbtest2_pkey on sbtest2  (cost=0.43..6.27 rows=92 width=4)
	  Index Cond: ((id >= 1871196) AND (id <= 1871296))

table 3 : explain SELECT id FROM sbtest3 WHERE id BETWEEN 1871196 AND 1871296
	Index Only Scan using sbtest3_pkey on sbtest3  (cost=0.43..6.66 rows=111 width=4)
	  Index Cond: ((id >= 1871196) AND (id <= 1871296))

table 4 : explain SELECT id FROM sbtest4 WHERE id BETWEEN 1871196 AND 1871296
	Index Only Scan using sbtest4_pkey on sbtest4  (cost=0.43..6.29 rows=93 width=4)
	  Index Cond: ((id >= 1871196) AND (id <= 1871296))

table 5 : explain SELECT id FROM sbtest5 WHERE id BETWEEN 1871196 AND 1871296
	Index Only Scan using sbtest5_pkey on sbtest5  (cost=0.43..6.43 rows=100 width=4)
	  Index Cond: ((id >= 1871196) AND (id <= 1871296))

table 6 : explain SELECT id FROM sbtest6 WHERE id BETWEEN 1871196 AND 1871296
	Index Only Scan using sbtest6_pkey on sbtest6  (cost=0.43..6.43 rows=100 width=4)
	  Index Cond: ((id >= 1871196) AND (id <= 1871296))

table 7 : explain SELECT id FROM sbtest7 WHERE id BETWEEN 1871196 AND 1871296
	Index Only Scan using sbtest7_pkey on sbtest7  (cost=0.43..6.37 rows=97 width=4)
	  Index Cond: ((id >= 1871196) AND (id <= 1871296))

table 8 : explain SELECT id FROM sbtest8 WHERE id BETWEEN 1871196 AND 1871296
	Index Only Scan using sbtest8_pkey on sbtest8  (cost=0.43..6.47 rows=102 width=4)
	  Index Cond: ((id >= 1871196) AND (id <= 1871296))

for range-covered
table 1 : explain SELECT id FROM sbtest1 WHERE id BETWEEN 3308156 AND 3308256
	Index Only Scan using sbtest1_pkey on sbtest1  (cost=0.43..6.50 rows=103 width=4)
	  Index Cond: ((id >= 3308156) AND (id <= 3308256))

table 2 : explain SELECT id FROM sbtest2 WHERE id BETWEEN 3308156 AND 3308256
	Index Only Scan using sbtest2_pkey on sbtest2  (cost=0.43..6.45 rows=101 width=4)
	  Index Cond: ((id >= 3308156) AND (id <= 3308256))

table 3 : explain SELECT id FROM sbtest3 WHERE id BETWEEN 3308156 AND 3308256
	Index Only Scan using sbtest3_pkey on sbtest3  (cost=0.43..6.75 rows=116 width=4)
	  Index Cond: ((id >= 3308156) AND (id <= 3308256))

table 4 : explain SELECT id FROM sbtest4 WHERE id BETWEEN 3308156 AND 3308256
	Index Only Scan using sbtest4_pkey on sbtest4  (cost=0.43..6.42 rows=99 width=4)
	  Index Cond: ((id >= 3308156) AND (id <= 3308256))

table 5 : explain SELECT id FROM sbtest5 WHERE id BETWEEN 3308156 AND 3308256
	Index Only Scan using sbtest5_pkey on sbtest5  (cost=0.43..6.43 rows=100 width=4)
	  Index Cond: ((id >= 3308156) AND (id <= 3308256))

table 6 : explain SELECT id FROM sbtest6 WHERE id BETWEEN 3308156 AND 3308256
	Index Only Scan using sbtest6_pkey on sbtest6  (cost=0.43..6.35 rows=96 width=4)
	  Index Cond: ((id >= 3308156) AND (id <= 3308256))

table 7 : explain SELECT id FROM sbtest7 WHERE id BETWEEN 3308156 AND 3308256
	Index Only Scan using sbtest7_pkey on sbtest7  (cost=0.43..6.58 rows=107 width=4)
	  Index Cond: ((id >= 3308156) AND (id <= 3308256))

table 8 : explain SELECT id FROM sbtest8 WHERE id BETWEEN 3308156 AND 3308256
	Index Only Scan using sbtest8_pkey on sbtest8  (cost=0.43..6.42 rows=99 width=4)
	  Index Cond: ((id >= 3308156) AND (id <= 3308256))

explain: for range-covered :: explain SELECT id FROM sbtest%d WHERE id BETWEEN 3308156 AND 3308256
for range-covered
table 1 : explain SELECT id FROM sbtest1 WHERE id BETWEEN 5679541 AND 5679641
	Index Only Scan using sbtest1_pkey on sbtest1  (cost=0.43..6.50 rows=103 width=4)
	  Index Cond: ((id >= 5679541) AND (id <= 5679641))

table 2 : explain SELECT id FROM sbtest2 WHERE id BETWEEN 5679541 AND 5679641
	Index Only Scan using sbtest2_pkey on sbtest2  (cost=0.43..6.37 rows=97 width=4)
	  Index Cond: ((id >= 5679541) AND (id <= 5679641))

table 3 : explain SELECT id FROM sbtest3 WHERE id BETWEEN 5679541 AND 5679641
	Index Only Scan using sbtest3_pkey on sbtest3  (cost=0.43..6.53 rows=105 width=4)
	  Index Cond: ((id >= 5679541) AND (id <= 5679641))

table 4 : explain SELECT id FROM sbtest4 WHERE id BETWEEN 5679541 AND 5679641
	Index Only Scan using sbtest4_pkey on sbtest4  (cost=0.43..6.63 rows=110 width=4)
	  Index Cond: ((id >= 5679541) AND (id <= 5679641))

table 5 : explain SELECT id FROM sbtest5 WHERE id BETWEEN 5679541 AND 5679641
	Index Only Scan using sbtest5_pkey on sbtest5  (cost=0.43..6.53 rows=105 width=4)
	  Index Cond: ((id >= 5679541) AND (id <= 5679641))

table 6 : explain SELECT id FROM sbtest6 WHERE id BETWEEN 5679541 AND 5679641
	Index Only Scan using sbtest6_pkey on sbtest6  (cost=0.43..6.58 rows=107 width=4)
	  Index Cond: ((id >= 5679541) AND (id <= 5679641))

table 7 : explain SELECT id FROM sbtest7 WHERE id BETWEEN 5679541 AND 5679641
	Index Only Scan using sbtest7_pkey on sbtest7  (cost=0.43..6.47 rows=102 width=4)
	  Index Cond: ((id >= 5679541) AND (id <= 5679641))

table 8 : explain SELECT id FROM sbtest8 WHERE id BETWEEN 5679541 AND 5679641
	Index Only Scan using sbtest8_pkey on sbtest8  (cost=0.43..6.63 rows=110 width=4)
	  Index Cond: ((id >= 5679541) AND (id <= 5679641))

explain: for range-covered :: explain SELECT id FROM sbtest%d WHERE id BETWEEN 6041285 AND 6041385
explain: for range-covered :: explain SELECT id FROM sbtest%d WHERE id BETWEEN 5679541 AND 5679641
for range-covered
table 1 : explain SELECT id FROM sbtest1 WHERE id BETWEEN 5452586 AND 5452686
	Index Only Scan using sbtest1_pkey on sbtest1  (cost=0.43..6.35 rows=96 width=4)
	  Index Cond: ((id >= 5452586) AND (id <= 5452686))

table 2 : explain SELECT id FROM sbtest2 WHERE id BETWEEN 5452586 AND 5452686
	Index Only Scan using sbtest2_pkey on sbtest2  (cost=0.43..6.59 rows=108 width=4)
	  Index Cond: ((id >= 5452586) AND (id <= 5452686))

table 3 : explain SELECT id FROM sbtest3 WHERE id BETWEEN 5452586 AND 5452686
	Index Only Scan using sbtest3_pkey on sbtest3  (cost=0.43..6.58 rows=107 width=4)
	  Index Cond: ((id >= 5452586) AND (id <= 5452686))

table 4 : explain SELECT id FROM sbtest4 WHERE id BETWEEN 5452586 AND 5452686
	Index Only Scan using sbtest4_pkey on sbtest4  (cost=0.43..6.69 rows=113 width=4)
	  Index Cond: ((id >= 5452586) AND (id <= 5452686))

table 5 : explain SELECT id FROM sbtest5 WHERE id BETWEEN 5452586 AND 5452686
	Index Only Scan using sbtest5_pkey on sbtest5  (cost=0.43..6.53 rows=105 width=4)
	  Index Cond: ((id >= 5452586) AND (id <= 5452686))

table 6 : explain SELECT id FROM sbtest6 WHERE id BETWEEN 5452586 AND 5452686
	Index Only Scan using sbtest6_pkey on sbtest6  (cost=0.43..6.37 rows=97 width=4)
	  Index Cond: ((id >= 5452586) AND (id <= 5452686))

table 7 : explain SELECT id FROM sbtest7 WHERE id BETWEEN 5452586 AND 5452686
	Index Only Scan using sbtest7_pkey on sbtest7  (cost=0.43..6.50 rows=103 width=4)
	  Index Cond: ((id >= 5452586) AND (id <= 5452686))

table 8 : explain SELECT id FROM sbtest8 WHERE id BETWEEN 5452586 AND 5452686
	Index Only Scan using sbtest8_pkey on sbtest8  (cost=0.43..6.66 rows=111 width=4)
	  Index Cond: ((id >= 5452586) AND (id <= 5452686))

explain: for range-covered :: explain SELECT id FROM sbtest%d WHERE id BETWEEN 1871196 AND 1871296
explain: for range-covered :: explain SELECT id FROM sbtest%d WHERE id BETWEEN 5452586 AND 5452686
for range-covered
table 1 : explain SELECT id FROM sbtest1 WHERE id BETWEEN 4939139 AND 4939239
	Index Only Scan using sbtest1_pkey on sbtest1  (cost=0.43..6.56 rows=106 width=4)
	  Index Cond: ((id >= 4939139) AND (id <= 4939239))

table 2 : explain SELECT id FROM sbtest2 WHERE id BETWEEN 4939139 AND 4939239
	Index Only Scan using sbtest2_pkey on sbtest2  (cost=0.43..6.63 rows=110 width=4)
	  Index Cond: ((id >= 4939139) AND (id <= 4939239))

table 3 : explain SELECT id FROM sbtest3 WHERE id BETWEEN 4939139 AND 4939239
	Index Only Scan using sbtest3_pkey on sbtest3  (cost=0.43..6.42 rows=99 width=4)
	  Index Cond: ((id >= 4939139) AND (id <= 4939239))

table 4 : explain SELECT id FROM sbtest4 WHERE id BETWEEN 4939139 AND 4939239
	Index Only Scan using sbtest4_pkey on sbtest4  (cost=0.43..6.19 rows=88 width=4)
	  Index Cond: ((id >= 4939139) AND (id <= 4939239))

table 5 : explain SELECT id FROM sbtest5 WHERE id BETWEEN 4939139 AND 4939239
	Index Only Scan using sbtest5_pkey on sbtest5  (cost=0.43..6.43 rows=100 width=4)
	  Index Cond: ((id >= 4939139) AND (id <= 4939239))

table 6 : explain SELECT id FROM sbtest6 WHERE id BETWEEN 4939139 AND 4939239
	Index Only Scan using sbtest6_pkey on sbtest6  (cost=0.43..6.43 rows=100 width=4)
	  Index Cond: ((id >= 4939139) AND (id <= 4939239))

table 7 : explain SELECT id FROM sbtest7 WHERE id BETWEEN 4939139 AND 4939239
	Index Only Scan using sbtest7_pkey on sbtest7  (cost=0.43..6.58 rows=107 width=4)
	  Index Cond: ((id >= 4939139) AND (id <= 4939239))

table 8 : explain SELECT id FROM sbtest8 WHERE id BETWEEN 4939139 AND 4939239
	Index Only Scan using sbtest8_pkey on sbtest8  (cost=0.43..6.47 rows=102 width=4)
	  Index Cond: ((id >= 4939139) AND (id <= 4939239))

explain: for range-covered :: explain SELECT id FROM sbtest%d WHERE id BETWEEN 4939139 AND 4939239
for range-covered
table 1 : explain SELECT id FROM sbtest1 WHERE id BETWEEN 3308156 AND 3308256
	Index Only Scan using sbtest1_pkey on sbtest1  (cost=0.43..6.50 rows=103 width=4)
	  Index Cond: ((id >= 3308156) AND (id <= 3308256))

table 2 : explain SELECT id FROM sbtest2 WHERE id BETWEEN 3308156 AND 3308256
	Index Only Scan using sbtest2_pkey on sbtest2  (cost=0.43..6.45 rows=101 width=4)
	  Index Cond: ((id >= 3308156) AND (id <= 3308256))

table 3 : explain SELECT id FROM sbtest3 WHERE id BETWEEN 3308156 AND 3308256
	Index Only Scan using sbtest3_pkey on sbtest3  (cost=0.43..6.75 rows=116 width=4)
	  Index Cond: ((id >= 3308156) AND (id <= 3308256))

table 4 : explain SELECT id FROM sbtest4 WHERE id BETWEEN 3308156 AND 3308256
	Index Only Scan using sbtest4_pkey on sbtest4  (cost=0.43..6.42 rows=99 width=4)
	  Index Cond: ((id >= 3308156) AND (id <= 3308256))

table 5 : explain SELECT id FROM sbtest5 WHERE id BETWEEN 3308156 AND 3308256
	Index Only Scan using sbtest5_pkey on sbtest5  (cost=0.43..6.43 rows=100 width=4)
	  Index Cond: ((id >= 3308156) AND (id <= 3308256))

table 6 : explain SELECT id FROM sbtest6 WHERE id BETWEEN 3308156 AND 3308256
	Index Only Scan using sbtest6_pkey on sbtest6  (cost=0.43..6.35 rows=96 width=4)
	  Index Cond: ((id >= 3308156) AND (id <= 3308256))

table 7 : explain SELECT id FROM sbtest7 WHERE id BETWEEN 3308156 AND 3308256
	Index Only Scan using sbtest7_pkey on sbtest7  (cost=0.43..6.58 rows=107 width=4)
	  Index Cond: ((id >= 3308156) AND (id <= 3308256))

table 8 : explain SELECT id FROM sbtest8 WHERE id BETWEEN 3308156 AND 3308256
	Index Only Scan using sbtest8_pkey on sbtest8  (cost=0.43..6.42 rows=99 width=4)
	  Index Cond: ((id >= 3308156) AND (id <= 3308256))

for range-covered
table 1 : explain SELECT id FROM sbtest1 WHERE id BETWEEN 5679541 AND 5679641
	Index Only Scan using sbtest1_pkey on sbtest1  (cost=0.43..6.50 rows=103 width=4)
	  Index Cond: ((id >= 5679541) AND (id <= 5679641))

table 2 : explain SELECT id FROM sbtest2 WHERE id BETWEEN 5679541 AND 5679641
	Index Only Scan using sbtest2_pkey on sbtest2  (cost=0.43..6.37 rows=97 width=4)
	  Index Cond: ((id >= 5679541) AND (id <= 5679641))

table 3 : explain SELECT id FROM sbtest3 WHERE id BETWEEN 5679541 AND 5679641
	Index Only Scan using sbtest3_pkey on sbtest3  (cost=0.43..6.53 rows=105 width=4)
	  Index Cond: ((id >= 5679541) AND (id <= 5679641))

table 4 : explain SELECT id FROM sbtest4 WHERE id BETWEEN 5679541 AND 5679641
	Index Only Scan using sbtest4_pkey on sbtest4  (cost=0.43..6.63 rows=110 width=4)
	  Index Cond: ((id >= 5679541) AND (id <= 5679641))

table 5 : explain SELECT id FROM sbtest5 WHERE id BETWEEN 5679541 AND 5679641
	Index Only Scan using sbtest5_pkey on sbtest5  (cost=0.43..6.53 rows=105 width=4)
	  Index Cond: ((id >= 5679541) AND (id <= 5679641))

table 6 : explain SELECT id FROM sbtest6 WHERE id BETWEEN 5679541 AND 5679641
	Index Only Scan using sbtest6_pkey on sbtest6  (cost=0.43..6.58 rows=107 width=4)
	  Index Cond: ((id >= 5679541) AND (id <= 5679641))

table 7 : explain SELECT id FROM sbtest7 WHERE id BETWEEN 5679541 AND 5679641
	Index Only Scan using sbtest7_pkey on sbtest7  (cost=0.43..6.47 rows=102 width=4)
	  Index Cond: ((id >= 5679541) AND (id <= 5679641))

table 8 : explain SELECT id FROM sbtest8 WHERE id BETWEEN 5679541 AND 5679641
	Index Only Scan using sbtest8_pkey on sbtest8  (cost=0.43..6.63 rows=110 width=4)
	  Index Cond: ((id >= 5679541) AND (id <= 5679641))

explain: for range-covered :: explain SELECT id FROM sbtest%d WHERE id BETWEEN 5679541 AND 5679641
for range-covered
table 1 : explain SELECT id FROM sbtest1 WHERE id BETWEEN 1871196 AND 1871296
	Index Only Scan using sbtest1_pkey on sbtest1  (cost=0.43..6.29 rows=93 width=4)
	  Index Cond: ((id >= 1871196) AND (id <= 1871296))

table 2 : explain SELECT id FROM sbtest2 WHERE id BETWEEN 1871196 AND 1871296
	Index Only Scan using sbtest2_pkey on sbtest2  (cost=0.43..6.27 rows=92 width=4)
	  Index Cond: ((id >= 1871196) AND (id <= 1871296))

table 3 : explain SELECT id FROM sbtest3 WHERE id BETWEEN 1871196 AND 1871296
	Index Only Scan using sbtest3_pkey on sbtest3  (cost=0.43..6.66 rows=111 width=4)
	  Index Cond: ((id >= 1871196) AND (id <= 1871296))

table 4 : explain SELECT id FROM sbtest4 WHERE id BETWEEN 1871196 AND 1871296
	Index Only Scan using sbtest4_pkey on sbtest4  (cost=0.43..6.29 rows=93 width=4)
	  Index Cond: ((id >= 1871196) AND (id <= 1871296))

table 5 : explain SELECT id FROM sbtest5 WHERE id BETWEEN 1871196 AND 1871296
	Index Only Scan using sbtest5_pkey on sbtest5  (cost=0.43..6.43 rows=100 width=4)
	  Index Cond: ((id >= 1871196) AND (id <= 1871296))

table 6 : explain SELECT id FROM sbtest6 WHERE id BETWEEN 1871196 AND 1871296
	Index Only Scan using sbtest6_pkey on sbtest6  (cost=0.43..6.43 rows=100 width=4)
	  Index Cond: ((id >= 1871196) AND (id <= 1871296))

table 7 : explain SELECT id FROM sbtest7 WHERE id BETWEEN 1871196 AND 1871296
	Index Only Scan using sbtest7_pkey on sbtest7  (cost=0.43..6.37 rows=97 width=4)
	  Index Cond: ((id >= 1871196) AND (id <= 1871296))

table 8 : explain SELECT id FROM sbtest8 WHERE id BETWEEN 1871196 AND 1871296
	Index Only Scan using sbtest8_pkey on sbtest8  (cost=0.43..6.47 rows=102 width=4)
	  Index Cond: ((id >= 1871196) AND (id <= 1871296))

explain: for range-covered :: explain SELECT id FROM sbtest%d WHERE id BETWEEN 1871196 AND 1871296
for range-covered
table 1 : explain SELECT id FROM sbtest1 WHERE id BETWEEN 4939139 AND 4939239
	Index Only Scan using sbtest1_pkey on sbtest1  (cost=0.43..6.56 rows=106 width=4)
	  Index Cond: ((id >= 4939139) AND (id <= 4939239))

table 2 : explain SELECT id FROM sbtest2 WHERE id BETWEEN 4939139 AND 4939239
	Index Only Scan using sbtest2_pkey on sbtest2  (cost=0.43..6.63 rows=110 width=4)
	  Index Cond: ((id >= 4939139) AND (id <= 4939239))

table 3 : explain SELECT id FROM sbtest3 WHERE id BETWEEN 4939139 AND 4939239
	Index Only Scan using sbtest3_pkey on sbtest3  (cost=0.43..6.42 rows=99 width=4)
	  Index Cond: ((id >= 4939139) AND (id <= 4939239))

table 4 : explain SELECT id FROM sbtest4 WHERE id BETWEEN 4939139 AND 4939239
	Index Only Scan using sbtest4_pkey on sbtest4  (cost=0.43..6.19 rows=88 width=4)
	  Index Cond: ((id >= 4939139) AND (id <= 4939239))

table 5 : explain SELECT id FROM sbtest5 WHERE id BETWEEN 4939139 AND 4939239
	Index Only Scan using sbtest5_pkey on sbtest5  (cost=0.43..6.43 rows=100 width=4)
	  Index Cond: ((id >= 4939139) AND (id <= 4939239))

table 6 : explain SELECT id FROM sbtest6 WHERE id BETWEEN 4939139 AND 4939239
	Index Only Scan using sbtest6_pkey on sbtest6  (cost=0.43..6.43 rows=100 width=4)
	  Index Cond: ((id >= 4939139) AND (id <= 4939239))

table 7 : explain SELECT id FROM sbtest7 WHERE id BETWEEN 4939139 AND 4939239
	Index Only Scan using sbtest7_pkey on sbtest7  (cost=0.43..6.58 rows=107 width=4)
	  Index Cond: ((id >= 4939139) AND (id <= 4939239))

table 8 : explain SELECT id FROM sbtest8 WHERE id BETWEEN 4939139 AND 4939239
	Index Only Scan using sbtest8_pkey on sbtest8  (cost=0.43..6.47 rows=102 width=4)
	  Index Cond: ((id >= 4939139) AND (id <= 4939239))

explain: for range-covered :: explain SELECT id FROM sbtest%d WHERE id BETWEEN 4939139 AND 4939239
for range-covered
table 1 : explain SELECT id FROM sbtest1 WHERE id BETWEEN 6041285 AND 6041385
	Index Only Scan using sbtest1_pkey on sbtest1  (cost=0.43..6.45 rows=101 width=4)
	  Index Cond: ((id >= 6041285) AND (id <= 6041385))

table 2 : explain SELECT id FROM sbtest2 WHERE id BETWEEN 6041285 AND 6041385
	Index Only Scan using sbtest2_pkey on sbtest2  (cost=0.43..6.32 rows=94 width=4)
	  Index Cond: ((id >= 6041285) AND (id <= 6041385))

table 3 : explain SELECT id FROM sbtest3 WHERE id BETWEEN 6041285 AND 6041385
	Index Only Scan using sbtest3_pkey on sbtest3  (cost=0.43..6.29 rows=93 width=4)
	  Index Cond: ((id >= 6041285) AND (id <= 6041385))

table 4 : explain SELECT id FROM sbtest4 WHERE id BETWEEN 6041285 AND 6041385
	Index Only Scan using sbtest4_pkey on sbtest4  (cost=0.43..6.33 rows=95 width=4)
	  Index Cond: ((id >= 6041285) AND (id <= 6041385))

table 5 : explain SELECT id FROM sbtest5 WHERE id BETWEEN 6041285 AND 6041385
	Index Only Scan using sbtest5_pkey on sbtest5  (cost=0.43..6.27 rows=92 width=4)
	  Index Cond: ((id >= 6041285) AND (id <= 6041385))

table 6 : explain SELECT id FROM sbtest6 WHERE id BETWEEN 6041285 AND 6041385
	Index Only Scan using sbtest6_pkey on sbtest6  (cost=0.43..6.43 rows=100 width=4)
	  Index Cond: ((id >= 6041285) AND (id <= 6041385))

table 7 : explain SELECT id FROM sbtest7 WHERE id BETWEEN 6041285 AND 6041385
	Index Only Scan using sbtest7_pkey on sbtest7  (cost=0.43..6.40 rows=98 width=4)
	  Index Cond: ((id >= 6041285) AND (id <= 6041385))

table 8 : explain SELECT id FROM sbtest8 WHERE id BETWEEN 6041285 AND 6041385
	Index Only Scan using sbtest8_pkey on sbtest8  (cost=0.43..6.17 rows=87 width=4)
	  Index Cond: ((id >= 6041285) AND (id <= 6041385))

explain: for range-covered :: explain SELECT id FROM sbtest%d WHERE id BETWEEN 6041285 AND 6041385
for range-covered
table 1 : explain SELECT id FROM sbtest1 WHERE id BETWEEN 5452586 AND 5452686
	Index Only Scan using sbtest1_pkey on sbtest1  (cost=0.43..6.35 rows=96 width=4)
	  Index Cond: ((id >= 5452586) AND (id <= 5452686))

table 2 : explain SELECT id FROM sbtest2 WHERE id BETWEEN 5452586 AND 5452686
	Index Only Scan using sbtest2_pkey on sbtest2  (cost=0.43..6.59 rows=108 width=4)
	  Index Cond: ((id >= 5452586) AND (id <= 5452686))

table 3 : explain SELECT id FROM sbtest3 WHERE id BETWEEN 5452586 AND 5452686
	Index Only Scan using sbtest3_pkey on sbtest3  (cost=0.43..6.58 rows=107 width=4)
	  Index Cond: ((id >= 5452586) AND (id <= 5452686))

table 4 : explain SELECT id FROM sbtest4 WHERE id BETWEEN 5452586 AND 5452686
	Index Only Scan using sbtest4_pkey on sbtest4  (cost=0.43..6.69 rows=113 width=4)
	  Index Cond: ((id >= 5452586) AND (id <= 5452686))

table 5 : explain SELECT id FROM sbtest5 WHERE id BETWEEN 5452586 AND 5452686
	Index Only Scan using sbtest5_pkey on sbtest5  (cost=0.43..6.53 rows=105 width=4)
	  Index Cond: ((id >= 5452586) AND (id <= 5452686))

table 6 : explain SELECT id FROM sbtest6 WHERE id BETWEEN 5452586 AND 5452686
	Index Only Scan using sbtest6_pkey on sbtest6  (cost=0.43..6.37 rows=97 width=4)
	  Index Cond: ((id >= 5452586) AND (id <= 5452686))

table 7 : explain SELECT id FROM sbtest7 WHERE id BETWEEN 5452586 AND 5452686
	Index Only Scan using sbtest7_pkey on sbtest7  (cost=0.43..6.50 rows=103 width=4)
	  Index Cond: ((id >= 5452586) AND (id <= 5452686))

table 8 : explain SELECT id FROM sbtest8 WHERE id BETWEEN 5452586 AND 5452686
	Index Only Scan using sbtest8_pkey on sbtest8  (cost=0.43..6.66 rows=111 width=4)
	  Index Cond: ((id >= 5452586) AND (id <= 5452686))

for range-covered
table 1 : explain SELECT id FROM sbtest1 WHERE id BETWEEN 5679541 AND 5679641
	Index Only Scan using sbtest1_pkey on sbtest1  (cost=0.43..6.50 rows=103 width=4)
	  Index Cond: ((id >= 5679541) AND (id <= 5679641))

table 2 : explain SELECT id FROM sbtest2 WHERE id BETWEEN 5679541 AND 5679641
	Index Only Scan using sbtest2_pkey on sbtest2  (cost=0.43..6.37 rows=97 width=4)
	  Index Cond: ((id >= 5679541) AND (id <= 5679641))

table 3 : explain SELECT id FROM sbtest3 WHERE id BETWEEN 5679541 AND 5679641
	Index Only Scan using sbtest3_pkey on sbtest3  (cost=0.43..6.53 rows=105 width=4)
	  Index Cond: ((id >= 5679541) AND (id <= 5679641))

table 4 : explain SELECT id FROM sbtest4 WHERE id BETWEEN 5679541 AND 5679641
	Index Only Scan using sbtest4_pkey on sbtest4  (cost=0.43..6.63 rows=110 width=4)
	  Index Cond: ((id >= 5679541) AND (id <= 5679641))

table 5 : explain SELECT id FROM sbtest5 WHERE id BETWEEN 5679541 AND 5679641
	Index Only Scan using sbtest5_pkey on sbtest5  (cost=0.43..6.53 rows=105 width=4)
	  Index Cond: ((id >= 5679541) AND (id <= 5679641))

table 6 : explain SELECT id FROM sbtest6 WHERE id BETWEEN 5679541 AND 5679641
	Index Only Scan using sbtest6_pkey on sbtest6  (cost=0.43..6.58 rows=107 width=4)
	  Index Cond: ((id >= 5679541) AND (id <= 5679641))

table 7 : explain SELECT id FROM sbtest7 WHERE id BETWEEN 5679541 AND 5679641
	Index Only Scan using sbtest7_pkey on sbtest7  (cost=0.43..6.47 rows=102 width=4)
	  Index Cond: ((id >= 5679541) AND (id <= 5679641))

table 8 : explain SELECT id FROM sbtest8 WHERE id BETWEEN 5679541 AND 5679641
	Index Only Scan using sbtest8_pkey on sbtest8  (cost=0.43..6.63 rows=110 width=4)
	  Index Cond: ((id >= 5679541) AND (id <= 5679641))

explain: for range-covered :: explain SELECT id FROM sbtest%d WHERE id BETWEEN 5679541 AND 5679641
explain: for range-covered :: explain SELECT id FROM sbtest%d WHERE id BETWEEN 5452586 AND 5452686
for range-covered
table 1 : explain SELECT id FROM sbtest1 WHERE id BETWEEN 1871196 AND 1871296
	Index Only Scan using sbtest1_pkey on sbtest1  (cost=0.43..6.29 rows=93 width=4)
	  Index Cond: ((id >= 1871196) AND (id <= 1871296))

table 2 : explain SELECT id FROM sbtest2 WHERE id BETWEEN 1871196 AND 1871296
	Index Only Scan using sbtest2_pkey on sbtest2  (cost=0.43..6.27 rows=92 width=4)
	  Index Cond: ((id >= 1871196) AND (id <= 1871296))

table 3 : explain SELECT id FROM sbtest3 WHERE id BETWEEN 1871196 AND 1871296
	Index Only Scan using sbtest3_pkey on sbtest3  (cost=0.43..6.66 rows=111 width=4)
	  Index Cond: ((id >= 1871196) AND (id <= 1871296))

table 4 : explain SELECT id FROM sbtest4 WHERE id BETWEEN 1871196 AND 1871296
	Index Only Scan using sbtest4_pkey on sbtest4  (cost=0.43..6.29 rows=93 width=4)
	  Index Cond: ((id >= 1871196) AND (id <= 1871296))

table 5 : explain SELECT id FROM sbtest5 WHERE id BETWEEN 1871196 AND 1871296
	Index Only Scan using sbtest5_pkey on sbtest5  (cost=0.43..6.43 rows=100 width=4)
	  Index Cond: ((id >= 1871196) AND (id <= 1871296))

table 6 : explain SELECT id FROM sbtest6 WHERE id BETWEEN 1871196 AND 1871296
	Index Only Scan using sbtest6_pkey on sbtest6  (cost=0.43..6.43 rows=100 width=4)
	  Index Cond: ((id >= 1871196) AND (id <= 1871296))

table 7 : explain SELECT id FROM sbtest7 WHERE id BETWEEN 1871196 AND 1871296
	Index Only Scan using sbtest7_pkey on sbtest7  (cost=0.43..6.37 rows=97 width=4)
	  Index Cond: ((id >= 1871196) AND (id <= 1871296))

table 8 : explain SELECT id FROM sbtest8 WHERE id BETWEEN 1871196 AND 1871296
	Index Only Scan using sbtest8_pkey on sbtest8  (cost=0.43..6.47 rows=102 width=4)
	  Index Cond: ((id >= 1871196) AND (id <= 1871296))

explain: for range-covered :: explain SELECT id FROM sbtest%d WHERE id BETWEEN 1871196 AND 1871296
for range-covered
table 1 : explain SELECT id FROM sbtest1 WHERE id BETWEEN 4939139 AND 4939239
	Index Only Scan using sbtest1_pkey on sbtest1  (cost=0.43..6.56 rows=106 width=4)
	  Index Cond: ((id >= 4939139) AND (id <= 4939239))

table 2 : explain SELECT id FROM sbtest2 WHERE id BETWEEN 4939139 AND 4939239
	Index Only Scan using sbtest2_pkey on sbtest2  (cost=0.43..6.63 rows=110 width=4)
	  Index Cond: ((id >= 4939139) AND (id <= 4939239))

table 3 : explain SELECT id FROM sbtest3 WHERE id BETWEEN 4939139 AND 4939239
	Index Only Scan using sbtest3_pkey on sbtest3  (cost=0.43..6.42 rows=99 width=4)
	  Index Cond: ((id >= 4939139) AND (id <= 4939239))

table 4 : explain SELECT id FROM sbtest4 WHERE id BETWEEN 4939139 AND 4939239
	Index Only Scan using sbtest4_pkey on sbtest4  (cost=0.43..6.19 rows=88 width=4)
	  Index Cond: ((id >= 4939139) AND (id <= 4939239))

table 5 : explain SELECT id FROM sbtest5 WHERE id BETWEEN 4939139 AND 4939239
	Index Only Scan using sbtest5_pkey on sbtest5  (cost=0.43..6.43 rows=100 width=4)
	  Index Cond: ((id >= 4939139) AND (id <= 4939239))

table 6 : explain SELECT id FROM sbtest6 WHERE id BETWEEN 4939139 AND 4939239
	Index Only Scan using sbtest6_pkey on sbtest6  (cost=0.43..6.43 rows=100 width=4)
	  Index Cond: ((id >= 4939139) AND (id <= 4939239))

table 7 : explain SELECT id FROM sbtest7 WHERE id BETWEEN 4939139 AND 4939239
	Index Only Scan using sbtest7_pkey on sbtest7  (cost=0.43..6.58 rows=107 width=4)
	  Index Cond: ((id >= 4939139) AND (id <= 4939239))

table 8 : explain SELECT id FROM sbtest8 WHERE id BETWEEN 4939139 AND 4939239
	Index Only Scan using sbtest8_pkey on sbtest8  (cost=0.43..6.47 rows=102 width=4)
	  Index Cond: ((id >= 4939139) AND (id <= 4939239))

for range-covered
table 1 : explain SELECT id FROM sbtest1 WHERE id BETWEEN 5473559 AND 5473659
	Index Only Scan using sbtest1_pkey on sbtest1  (cost=0.43..6.35 rows=96 width=4)
	  Index Cond: ((id >= 5473559) AND (id <= 5473659))

table 2 : explain SELECT id FROM sbtest2 WHERE id BETWEEN 5473559 AND 5473659
	Index Only Scan using sbtest2_pkey on sbtest2  (cost=0.43..6.32 rows=94 width=4)
	  Index Cond: ((id >= 5473559) AND (id <= 5473659))

table 3 : explain SELECT id FROM sbtest3 WHERE id BETWEEN 5473559 AND 5473659
	Index Only Scan using sbtest3_pkey on sbtest3  (cost=0.43..6.58 rows=107 width=4)
	  Index Cond: ((id >= 5473559) AND (id <= 5473659))

table 4 : explain SELECT id FROM sbtest4 WHERE id BETWEEN 5473559 AND 5473659
	Index Only Scan using sbtest4_pkey on sbtest4  (cost=0.43..6.69 rows=113 width=4)
	  Index Cond: ((id >= 5473559) AND (id <= 5473659))

table 5 : explain SELECT id FROM sbtest5 WHERE id BETWEEN 5473559 AND 5473659
	Index Only Scan using sbtest5_pkey on sbtest5  (cost=0.43..6.53 rows=105 width=4)
	  Index Cond: ((id >= 5473559) AND (id <= 5473659))

table 6 : explain SELECT id FROM sbtest6 WHERE id BETWEEN 5473559 AND 5473659
	Index Only Scan using sbtest6_pkey on sbtest6  (cost=0.43..6.37 rows=97 width=4)
	  Index Cond: ((id >= 5473559) AND (id <= 5473659))

table 7 : explain SELECT id FROM sbtest7 WHERE id BETWEEN 5473559 AND 5473659
	Index Only Scan using sbtest7_pkey on sbtest7  (cost=0.43..6.50 rows=103 width=4)
	  Index Cond: ((id >= 5473559) AND (id <= 5473659))

table 8 : explain SELECT id FROM sbtest8 WHERE id BETWEEN 5473559 AND 5473659
	Index Only Scan using sbtest8_pkey on sbtest8  (cost=0.43..6.66 rows=111 width=4)
	  Index Cond: ((id >= 5473559) AND (id <= 5473659))

explain: for range-covered :: explain SELECT id FROM sbtest%d WHERE id BETWEEN 5473559 AND 5473659
for range-covered
table 1 : explain SELECT id FROM sbtest1 WHERE id BETWEEN 5679541 AND 5679641
	Index Only Scan using sbtest1_pkey on sbtest1  (cost=0.43..6.50 rows=103 width=4)
	  Index Cond: ((id >= 5679541) AND (id <= 5679641))

table 2 : explain SELECT id FROM sbtest2 WHERE id BETWEEN 5679541 AND 5679641
	Index Only Scan using sbtest2_pkey on sbtest2  (cost=0.43..6.37 rows=97 width=4)
	  Index Cond: ((id >= 5679541) AND (id <= 5679641))

table 3 : explain SELECT id FROM sbtest3 WHERE id BETWEEN 5679541 AND 5679641
	Index Only Scan using sbtest3_pkey on sbtest3  (cost=0.43..6.53 rows=105 width=4)
	  Index Cond: ((id >= 5679541) AND (id <= 5679641))

table 4 : explain SELECT id FROM sbtest4 WHERE id BETWEEN 5679541 AND 5679641
	Index Only Scan using sbtest4_pkey on sbtest4  (cost=0.43..6.63 rows=110 width=4)
	  Index Cond: ((id >= 5679541) AND (id <= 5679641))

table 5 : explain SELECT id FROM sbtest5 WHERE id BETWEEN 5679541 AND 5679641
	Index Only Scan using sbtest5_pkey on sbtest5  (cost=0.43..6.53 rows=105 width=4)
	  Index Cond: ((id >= 5679541) AND (id <= 5679641))

table 6 : explain SELECT id FROM sbtest6 WHERE id BETWEEN 5679541 AND 5679641
	Index Only Scan using sbtest6_pkey on sbtest6  (cost=0.43..6.58 rows=107 width=4)
	  Index Cond: ((id >= 5679541) AND (id <= 5679641))

table 7 : explain SELECT id FROM sbtest7 WHERE id BETWEEN 5679541 AND 5679641
	Index Only Scan using sbtest7_pkey on sbtest7  (cost=0.43..6.47 rows=102 width=4)
	  Index Cond: ((id >= 5679541) AND (id <= 5679641))

table 8 : explain SELECT id FROM sbtest8 WHERE id BETWEEN 5679541 AND 5679641
	Index Only Scan using sbtest8_pkey on sbtest8  (cost=0.43..6.63 rows=110 width=4)
	  Index Cond: ((id >= 5679541) AND (id <= 5679641))

explain: for range-covered :: explain SELECT id FROM sbtest%d WHERE id BETWEEN 5679541 AND 5679641
for range-covered
table 1 : explain SELECT id FROM sbtest1 WHERE id BETWEEN 1871196 AND 1871296
	Index Only Scan using sbtest1_pkey on sbtest1  (cost=0.43..6.29 rows=93 width=4)
	  Index Cond: ((id >= 1871196) AND (id <= 1871296))

table 2 : explain SELECT id FROM sbtest2 WHERE id BETWEEN 1871196 AND 1871296
	Index Only Scan using sbtest2_pkey on sbtest2  (cost=0.43..6.27 rows=92 width=4)
	  Index Cond: ((id >= 1871196) AND (id <= 1871296))

table 3 : explain SELECT id FROM sbtest3 WHERE id BETWEEN 1871196 AND 1871296
	Index Only Scan using sbtest3_pkey on sbtest3  (cost=0.43..6.66 rows=111 width=4)
	  Index Cond: ((id >= 1871196) AND (id <= 1871296))

table 4 : explain SELECT id FROM sbtest4 WHERE id BETWEEN 1871196 AND 1871296
	Index Only Scan using sbtest4_pkey on sbtest4  (cost=0.43..6.29 rows=93 width=4)
	  Index Cond: ((id >= 1871196) AND (id <= 1871296))

table 5 : explain SELECT id FROM sbtest5 WHERE id BETWEEN 1871196 AND 1871296
	Index Only Scan using sbtest5_pkey on sbtest5  (cost=0.43..6.43 rows=100 width=4)
	  Index Cond: ((id >= 1871196) AND (id <= 1871296))

table 6 : explain SELECT id FROM sbtest6 WHERE id BETWEEN 1871196 AND 1871296
	Index Only Scan using sbtest6_pkey on sbtest6  (cost=0.43..6.43 rows=100 width=4)
	  Index Cond: ((id >= 1871196) AND (id <= 1871296))

table 7 : explain SELECT id FROM sbtest7 WHERE id BETWEEN 1871196 AND 1871296
	Index Only Scan using sbtest7_pkey on sbtest7  (cost=0.43..6.37 rows=97 width=4)
	  Index Cond: ((id >= 1871196) AND (id <= 1871296))

table 8 : explain SELECT id FROM sbtest8 WHERE id BETWEEN 1871196 AND 1871296
	Index Only Scan using sbtest8_pkey on sbtest8  (cost=0.43..6.47 rows=102 width=4)
	  Index Cond: ((id >= 1871196) AND (id <= 1871296))

explain: for range-covered :: explain SELECT id FROM sbtest%d WHERE id BETWEEN 1871196 AND 1871296
for range-covered
table 1 : explain SELECT id FROM sbtest1 WHERE id BETWEEN 6041285 AND 6041385
	Index Only Scan using sbtest1_pkey on sbtest1  (cost=0.43..6.45 rows=101 width=4)
	  Index Cond: ((id >= 6041285) AND (id <= 6041385))

table 2 : explain SELECT id FROM sbtest2 WHERE id BETWEEN 6041285 AND 6041385
	Index Only Scan using sbtest2_pkey on sbtest2  (cost=0.43..6.32 rows=94 width=4)
	  Index Cond: ((id >= 6041285) AND (id <= 6041385))

table 3 : explain SELECT id FROM sbtest3 WHERE id BETWEEN 6041285 AND 6041385
	Index Only Scan using sbtest3_pkey on sbtest3  (cost=0.43..6.29 rows=93 width=4)
	  Index Cond: ((id >= 6041285) AND (id <= 6041385))

table 4 : explain SELECT id FROM sbtest4 WHERE id BETWEEN 6041285 AND 6041385
	Index Only Scan using sbtest4_pkey on sbtest4  (cost=0.43..6.33 rows=95 width=4)
	  Index Cond: ((id >= 6041285) AND (id <= 6041385))

table 5 : explain SELECT id FROM sbtest5 WHERE id BETWEEN 6041285 AND 6041385
	Index Only Scan using sbtest5_pkey on sbtest5  (cost=0.43..6.27 rows=92 width=4)
	  Index Cond: ((id >= 6041285) AND (id <= 6041385))

table 6 : explain SELECT id FROM sbtest6 WHERE id BETWEEN 6041285 AND 6041385
	Index Only Scan using sbtest6_pkey on sbtest6  (cost=0.43..6.43 rows=100 width=4)
	  Index Cond: ((id >= 6041285) AND (id <= 6041385))

table 7 : explain SELECT id FROM sbtest7 WHERE id BETWEEN 6041285 AND 6041385
	Index Only Scan using sbtest7_pkey on sbtest7  (cost=0.43..6.40 rows=98 width=4)
	  Index Cond: ((id >= 6041285) AND (id <= 6041385))

table 8 : explain SELECT id FROM sbtest8 WHERE id BETWEEN 6041285 AND 6041385
	Index Only Scan using sbtest8_pkey on sbtest8  (cost=0.43..6.17 rows=87 width=4)
	  Index Cond: ((id >= 6041285) AND (id <= 6041385))

explain: for range-covered :: explain SELECT id FROM sbtest%d WHERE id BETWEEN 6041285 AND 6041385
for range-covered
table 1 : explain SELECT id FROM sbtest1 WHERE id BETWEEN 5473559 AND 5473659
	Index Only Scan using sbtest1_pkey on sbtest1  (cost=0.43..6.35 rows=96 width=4)
	  Index Cond: ((id >= 5473559) AND (id <= 5473659))

table 2 : explain SELECT id FROM sbtest2 WHERE id BETWEEN 5473559 AND 5473659
	Index Only Scan using sbtest2_pkey on sbtest2  (cost=0.43..6.32 rows=94 width=4)
	  Index Cond: ((id >= 5473559) AND (id <= 5473659))

table 3 : explain SELECT id FROM sbtest3 WHERE id BETWEEN 5473559 AND 5473659
	Index Only Scan using sbtest3_pkey on sbtest3  (cost=0.43..6.58 rows=107 width=4)
	  Index Cond: ((id >= 5473559) AND (id <= 5473659))

table 4 : explain SELECT id FROM sbtest4 WHERE id BETWEEN 5473559 AND 5473659
	Index Only Scan using sbtest4_pkey on sbtest4  (cost=0.43..6.69 rows=113 width=4)
	  Index Cond: ((id >= 5473559) AND (id <= 5473659))

table 5 : explain SELECT id FROM sbtest5 WHERE id BETWEEN 5473559 AND 5473659
	Index Only Scan using sbtest5_pkey on sbtest5  (cost=0.43..6.53 rows=105 width=4)
	  Index Cond: ((id >= 5473559) AND (id <= 5473659))

table 6 : explain SELECT id FROM sbtest6 WHERE id BETWEEN 5473559 AND 5473659
	Index Only Scan using sbtest6_pkey on sbtest6  (cost=0.43..6.37 rows=97 width=4)
	  Index Cond: ((id >= 5473559) AND (id <= 5473659))

table 7 : explain SELECT id FROM sbtest7 WHERE id BETWEEN 5473559 AND 5473659
	Index Only Scan using sbtest7_pkey on sbtest7  (cost=0.43..6.50 rows=103 width=4)
	  Index Cond: ((id >= 5473559) AND (id <= 5473659))

table 8 : explain SELECT id FROM sbtest8 WHERE id BETWEEN 5473559 AND 5473659
	Index Only Scan using sbtest8_pkey on sbtest8  (cost=0.43..6.66 rows=111 width=4)
	  Index Cond: ((id >= 5473559) AND (id <= 5473659))

for range-covered
table 1 : explain SELECT id FROM sbtest1 WHERE id BETWEEN 5452586 AND 5452686
	Index Only Scan using sbtest1_pkey on sbtest1  (cost=0.43..6.35 rows=96 width=4)
	  Index Cond: ((id >= 5452586) AND (id <= 5452686))

table 2 : explain SELECT id FROM sbtest2 WHERE id BETWEEN 5452586 AND 5452686
	Index Only Scan using sbtest2_pkey on sbtest2  (cost=0.43..6.59 rows=108 width=4)
	  Index Cond: ((id >= 5452586) AND (id <= 5452686))

table 3 : explain SELECT id FROM sbtest3 WHERE id BETWEEN 5452586 AND 5452686
	Index Only Scan using sbtest3_pkey on sbtest3  (cost=0.43..6.58 rows=107 width=4)
	  Index Cond: ((id >= 5452586) AND (id <= 5452686))

table 4 : explain SELECT id FROM sbtest4 WHERE id BETWEEN 5452586 AND 5452686
	Index Only Scan using sbtest4_pkey on sbtest4  (cost=0.43..6.69 rows=113 width=4)
	  Index Cond: ((id >= 5452586) AND (id <= 5452686))

table 5 : explain SELECT id FROM sbtest5 WHERE id BETWEEN 5452586 AND 5452686
	Index Only Scan using sbtest5_pkey on sbtest5  (cost=0.43..6.53 rows=105 width=4)
	  Index Cond: ((id >= 5452586) AND (id <= 5452686))

table 6 : explain SELECT id FROM sbtest6 WHERE id BETWEEN 5452586 AND 5452686
	Index Only Scan using sbtest6_pkey on sbtest6  (cost=0.43..6.37 rows=97 width=4)
	  Index Cond: ((id >= 5452586) AND (id <= 5452686))

table 7 : explain SELECT id FROM sbtest7 WHERE id BETWEEN 5452586 AND 5452686
	Index Only Scan using sbtest7_pkey on sbtest7  (cost=0.43..6.50 rows=103 width=4)
	  Index Cond: ((id >= 5452586) AND (id <= 5452686))

table 8 : explain SELECT id FROM sbtest8 WHERE id BETWEEN 5452586 AND 5452686
	Index Only Scan using sbtest8_pkey on sbtest8  (cost=0.43..6.66 rows=111 width=4)
	  Index Cond: ((id >= 5452586) AND (id <= 5452686))

explain: for range-covered :: explain SELECT id FROM sbtest%d WHERE id BETWEEN 5473559 AND 5473659
explain: for range-covered :: explain SELECT id FROM sbtest%d WHERE id BETWEEN 5452586 AND 5452686
for range-covered
table 1 : explain SELECT id FROM sbtest1 WHERE id BETWEEN 5679541 AND 5679641
	Index Only Scan using sbtest1_pkey on sbtest1  (cost=0.43..6.50 rows=103 width=4)
	  Index Cond: ((id >= 5679541) AND (id <= 5679641))

table 2 : explain SELECT id FROM sbtest2 WHERE id BETWEEN 5679541 AND 5679641
	Index Only Scan using sbtest2_pkey on sbtest2  (cost=0.43..6.37 rows=97 width=4)
	  Index Cond: ((id >= 5679541) AND (id <= 5679641))

table 3 : explain SELECT id FROM sbtest3 WHERE id BETWEEN 5679541 AND 5679641
	Index Only Scan using sbtest3_pkey on sbtest3  (cost=0.43..6.53 rows=105 width=4)
	  Index Cond: ((id >= 5679541) AND (id <= 5679641))

table 4 : explain SELECT id FROM sbtest4 WHERE id BETWEEN 5679541 AND 5679641
	Index Only Scan using sbtest4_pkey on sbtest4  (cost=0.43..6.63 rows=110 width=4)
	  Index Cond: ((id >= 5679541) AND (id <= 5679641))

table 5 : explain SELECT id FROM sbtest5 WHERE id BETWEEN 5679541 AND 5679641
	Index Only Scan using sbtest5_pkey on sbtest5  (cost=0.43..6.53 rows=105 width=4)
	  Index Cond: ((id >= 5679541) AND (id <= 5679641))

table 6 : explain SELECT id FROM sbtest6 WHERE id BETWEEN 5679541 AND 5679641
	Index Only Scan using sbtest6_pkey on sbtest6  (cost=0.43..6.58 rows=107 width=4)
	  Index Cond: ((id >= 5679541) AND (id <= 5679641))

table 7 : explain SELECT id FROM sbtest7 WHERE id BETWEEN 5679541 AND 5679641
	Index Only Scan using sbtest7_pkey on sbtest7  (cost=0.43..6.47 rows=102 width=4)
	  Index Cond: ((id >= 5679541) AND (id <= 5679641))

table 8 : explain SELECT id FROM sbtest8 WHERE id BETWEEN 5679541 AND 5679641
	Index Only Scan using sbtest8_pkey on sbtest8  (cost=0.43..6.63 rows=110 width=4)
	  Index Cond: ((id >= 5679541) AND (id <= 5679641))

explain: for range-covered :: explain SELECT id FROM sbtest%d WHERE id BETWEEN 5679541 AND 5679641
for range-covered
table 1 : explain SELECT id FROM sbtest1 WHERE id BETWEEN 1871196 AND 1871296
	Index Only Scan using sbtest1_pkey on sbtest1  (cost=0.43..6.29 rows=93 width=4)
	  Index Cond: ((id >= 1871196) AND (id <= 1871296))

table 2 : explain SELECT id FROM sbtest2 WHERE id BETWEEN 1871196 AND 1871296
	Index Only Scan using sbtest2_pkey on sbtest2  (cost=0.43..6.27 rows=92 width=4)
	  Index Cond: ((id >= 1871196) AND (id <= 1871296))

table 3 : explain SELECT id FROM sbtest3 WHERE id BETWEEN 1871196 AND 1871296
	Index Only Scan using sbtest3_pkey on sbtest3  (cost=0.43..6.66 rows=111 width=4)
	  Index Cond: ((id >= 1871196) AND (id <= 1871296))

table 4 : explain SELECT id FROM sbtest4 WHERE id BETWEEN 1871196 AND 1871296
	Index Only Scan using sbtest4_pkey on sbtest4  (cost=0.43..6.29 rows=93 width=4)
	  Index Cond: ((id >= 1871196) AND (id <= 1871296))

table 5 : explain SELECT id FROM sbtest5 WHERE id BETWEEN 1871196 AND 1871296
	Index Only Scan using sbtest5_pkey on sbtest5  (cost=0.43..6.43 rows=100 width=4)
	  Index Cond: ((id >= 1871196) AND (id <= 1871296))

table 6 : explain SELECT id FROM sbtest6 WHERE id BETWEEN 1871196 AND 1871296
	Index Only Scan using sbtest6_pkey on sbtest6  (cost=0.43..6.43 rows=100 width=4)
	  Index Cond: ((id >= 1871196) AND (id <= 1871296))

table 7 : explain SELECT id FROM sbtest7 WHERE id BETWEEN 1871196 AND 1871296
	Index Only Scan using sbtest7_pkey on sbtest7  (cost=0.43..6.37 rows=97 width=4)
	  Index Cond: ((id >= 1871196) AND (id <= 1871296))

table 8 : explain SELECT id FROM sbtest8 WHERE id BETWEEN 1871196 AND 1871296
	Index Only Scan using sbtest8_pkey on sbtest8  (cost=0.43..6.47 rows=102 width=4)
	  Index Cond: ((id >= 1871196) AND (id <= 1871296))

for range-covered
table 1 : explain SELECT id FROM sbtest1 WHERE id BETWEEN 5473559 AND 5473659
	Index Only Scan using sbtest1_pkey on sbtest1  (cost=0.43..6.35 rows=96 width=4)
	  Index Cond: ((id >= 5473559) AND (id <= 5473659))

table 2 : explain SELECT id FROM sbtest2 WHERE id BETWEEN 5473559 AND 5473659
	Index Only Scan using sbtest2_pkey on sbtest2  (cost=0.43..6.32 rows=94 width=4)
	  Index Cond: ((id >= 5473559) AND (id <= 5473659))

table 3 : explain SELECT id FROM sbtest3 WHERE id BETWEEN 5473559 AND 5473659
	Index Only Scan using sbtest3_pkey on sbtest3  (cost=0.43..6.58 rows=107 width=4)
	  Index Cond: ((id >= 5473559) AND (id <= 5473659))

table 4 : explain SELECT id FROM sbtest4 WHERE id BETWEEN 5473559 AND 5473659
	Index Only Scan using sbtest4_pkey on sbtest4  (cost=0.43..6.69 rows=113 width=4)
	  Index Cond: ((id >= 5473559) AND (id <= 5473659))

table 5 : explain SELECT id FROM sbtest5 WHERE id BETWEEN 5473559 AND 5473659
	Index Only Scan using sbtest5_pkey on sbtest5  (cost=0.43..6.53 rows=105 width=4)
	  Index Cond: ((id >= 5473559) AND (id <= 5473659))

table 6 : explain SELECT id FROM sbtest6 WHERE id BETWEEN 5473559 AND 5473659
	Index Only Scan using sbtest6_pkey on sbtest6  (cost=0.43..6.37 rows=97 width=4)
	  Index Cond: ((id >= 5473559) AND (id <= 5473659))

table 7 : explain SELECT id FROM sbtest7 WHERE id BETWEEN 5473559 AND 5473659
	Index Only Scan using sbtest7_pkey on sbtest7  (cost=0.43..6.50 rows=103 width=4)
	  Index Cond: ((id >= 5473559) AND (id <= 5473659))

table 8 : explain SELECT id FROM sbtest8 WHERE id BETWEEN 5473559 AND 5473659
	Index Only Scan using sbtest8_pkey on sbtest8  (cost=0.43..6.66 rows=111 width=4)
	  Index Cond: ((id >= 5473559) AND (id <= 5473659))

explain: for range-covered :: explain SELECT id FROM sbtest%d WHERE id BETWEEN 5473559 AND 5473659
for range-covered
table 1 : explain SELECT id FROM sbtest1 WHERE id BETWEEN 5679541 AND 5679641
	Index Only Scan using sbtest1_pkey on sbtest1  (cost=0.43..6.50 rows=103 width=4)
	  Index Cond: ((id >= 5679541) AND (id <= 5679641))

table 2 : explain SELECT id FROM sbtest2 WHERE id BETWEEN 5679541 AND 5679641
	Index Only Scan using sbtest2_pkey on sbtest2  (cost=0.43..6.37 rows=97 width=4)
	  Index Cond: ((id >= 5679541) AND (id <= 5679641))

table 3 : explain SELECT id FROM sbtest3 WHERE id BETWEEN 5679541 AND 5679641
	Index Only Scan using sbtest3_pkey on sbtest3  (cost=0.43..6.53 rows=105 width=4)
	  Index Cond: ((id >= 5679541) AND (id <= 5679641))

table 4 : explain SELECT id FROM sbtest4 WHERE id BETWEEN 5679541 AND 5679641
	Index Only Scan using sbtest4_pkey on sbtest4  (cost=0.43..6.63 rows=110 width=4)
	  Index Cond: ((id >= 5679541) AND (id <= 5679641))

table 5 : explain SELECT id FROM sbtest5 WHERE id BETWEEN 5679541 AND 5679641
	Index Only Scan using sbtest5_pkey on sbtest5  (cost=0.43..6.53 rows=105 width=4)
	  Index Cond: ((id >= 5679541) AND (id <= 5679641))

table 6 : explain SELECT id FROM sbtest6 WHERE id BETWEEN 5679541 AND 5679641
	Index Only Scan using sbtest6_pkey on sbtest6  (cost=0.43..6.58 rows=107 width=4)
	  Index Cond: ((id >= 5679541) AND (id <= 5679641))

table 7 : explain SELECT id FROM sbtest7 WHERE id BETWEEN 5679541 AND 5679641
	Index Only Scan using sbtest7_pkey on sbtest7  (cost=0.43..6.47 rows=102 width=4)
	  Index Cond: ((id >= 5679541) AND (id <= 5679641))

table 8 : explain SELECT id FROM sbtest8 WHERE id BETWEEN 5679541 AND 5679641
	Index Only Scan using sbtest8_pkey on sbtest8  (cost=0.43..6.63 rows=110 width=4)
	  Index Cond: ((id >= 5679541) AND (id <= 5679641))

for range-covered
table 1 : explain SELECT id FROM sbtest1 WHERE id BETWEEN 6041285 AND 6041385
	Index Only Scan using sbtest1_pkey on sbtest1  (cost=0.43..6.45 rows=101 width=4)
	  Index Cond: ((id >= 6041285) AND (id <= 6041385))

table 2 : explain SELECT id FROM sbtest2 WHERE id BETWEEN 6041285 AND 6041385
	Index Only Scan using sbtest2_pkey on sbtest2  (cost=0.43..6.32 rows=94 width=4)
	  Index Cond: ((id >= 6041285) AND (id <= 6041385))

table 3 : explain SELECT id FROM sbtest3 WHERE id BETWEEN 6041285 AND 6041385
	Index Only Scan using sbtest3_pkey on sbtest3  (cost=0.43..6.29 rows=93 width=4)
	  Index Cond: ((id >= 6041285) AND (id <= 6041385))

table 4 : explain SELECT id FROM sbtest4 WHERE id BETWEEN 6041285 AND 6041385
	Index Only Scan using sbtest4_pkey on sbtest4  (cost=0.43..6.33 rows=95 width=4)
	  Index Cond: ((id >= 6041285) AND (id <= 6041385))

table 5 : explain SELECT id FROM sbtest5 WHERE id BETWEEN 6041285 AND 6041385
	Index Only Scan using sbtest5_pkey on sbtest5  (cost=0.43..6.27 rows=92 width=4)
	  Index Cond: ((id >= 6041285) AND (id <= 6041385))

table 6 : explain SELECT id FROM sbtest6 WHERE id BETWEEN 6041285 AND 6041385
	Index Only Scan using sbtest6_pkey on sbtest6  (cost=0.43..6.43 rows=100 width=4)
	  Index Cond: ((id >= 6041285) AND (id <= 6041385))

table 7 : explain SELECT id FROM sbtest7 WHERE id BETWEEN 6041285 AND 6041385
	Index Only Scan using sbtest7_pkey on sbtest7  (cost=0.43..6.40 rows=98 width=4)
	  Index Cond: ((id >= 6041285) AND (id <= 6041385))

table 8 : explain SELECT id FROM sbtest8 WHERE id BETWEEN 6041285 AND 6041385
	Index Only Scan using sbtest8_pkey on sbtest8  (cost=0.43..6.17 rows=87 width=4)
	  Index Cond: ((id >= 6041285) AND (id <= 6041385))

explain: for range-covered :: explain SELECT id FROM sbtest%d WHERE id BETWEEN 6041285 AND 6041385
for range-covered
table 1 : explain SELECT id FROM sbtest1 WHERE id BETWEEN 5452586 AND 5452686
	Index Only Scan using sbtest1_pkey on sbtest1  (cost=0.43..6.35 rows=96 width=4)
	  Index Cond: ((id >= 5452586) AND (id <= 5452686))

table 2 : explain SELECT id FROM sbtest2 WHERE id BETWEEN 5452586 AND 5452686
	Index Only Scan using sbtest2_pkey on sbtest2  (cost=0.43..6.59 rows=108 width=4)
	  Index Cond: ((id >= 5452586) AND (id <= 5452686))

table 3 : explain SELECT id FROM sbtest3 WHERE id BETWEEN 5452586 AND 5452686
	Index Only Scan using sbtest3_pkey on sbtest3  (cost=0.43..6.58 rows=107 width=4)
	  Index Cond: ((id >= 5452586) AND (id <= 5452686))

table 4 : explain SELECT id FROM sbtest4 WHERE id BETWEEN 5452586 AND 5452686
	Index Only Scan using sbtest4_pkey on sbtest4  (cost=0.43..6.69 rows=113 width=4)
	  Index Cond: ((id >= 5452586) AND (id <= 5452686))

table 5 : explain SELECT id FROM sbtest5 WHERE id BETWEEN 5452586 AND 5452686
	Index Only Scan using sbtest5_pkey on sbtest5  (cost=0.43..6.53 rows=105 width=4)
	  Index Cond: ((id >= 5452586) AND (id <= 5452686))

table 6 : explain SELECT id FROM sbtest6 WHERE id BETWEEN 5452586 AND 5452686
	Index Only Scan using sbtest6_pkey on sbtest6  (cost=0.43..6.37 rows=97 width=4)
	  Index Cond: ((id >= 5452586) AND (id <= 5452686))

table 7 : explain SELECT id FROM sbtest7 WHERE id BETWEEN 5452586 AND 5452686
	Index Only Scan using sbtest7_pkey on sbtest7  (cost=0.43..6.50 rows=103 width=4)
	  Index Cond: ((id >= 5452586) AND (id <= 5452686))

table 8 : explain SELECT id FROM sbtest8 WHERE id BETWEEN 5452586 AND 5452686
	Index Only Scan using sbtest8_pkey on sbtest8  (cost=0.43..6.66 rows=111 width=4)
	  Index Cond: ((id >= 5452586) AND (id <= 5452686))

for range-covered
table 1 : explain SELECT id FROM sbtest1 WHERE id BETWEEN 5473559 AND 5473659
	Index Only Scan using sbtest1_pkey on sbtest1  (cost=0.43..6.35 rows=96 width=4)
	  Index Cond: ((id >= 5473559) AND (id <= 5473659))

table 2 : explain SELECT id FROM sbtest2 WHERE id BETWEEN 5473559 AND 5473659
	Index Only Scan using sbtest2_pkey on sbtest2  (cost=0.43..6.32 rows=94 width=4)
	  Index Cond: ((id >= 5473559) AND (id <= 5473659))

table 3 : explain SELECT id FROM sbtest3 WHERE id BETWEEN 5473559 AND 5473659
	Index Only Scan using sbtest3_pkey on sbtest3  (cost=0.43..6.58 rows=107 width=4)
	  Index Cond: ((id >= 5473559) AND (id <= 5473659))

table 4 : explain SELECT id FROM sbtest4 WHERE id BETWEEN 5473559 AND 5473659
	Index Only Scan using sbtest4_pkey on sbtest4  (cost=0.43..6.69 rows=113 width=4)
	  Index Cond: ((id >= 5473559) AND (id <= 5473659))

table 5 : explain SELECT id FROM sbtest5 WHERE id BETWEEN 5473559 AND 5473659
	Index Only Scan using sbtest5_pkey on sbtest5  (cost=0.43..6.53 rows=105 width=4)
	  Index Cond: ((id >= 5473559) AND (id <= 5473659))

table 6 : explain SELECT id FROM sbtest6 WHERE id BETWEEN 5473559 AND 5473659
	Index Only Scan using sbtest6_pkey on sbtest6  (cost=0.43..6.37 rows=97 width=4)
	  Index Cond: ((id >= 5473559) AND (id <= 5473659))

table 7 : explain SELECT id FROM sbtest7 WHERE id BETWEEN 5473559 AND 5473659
	Index Only Scan using sbtest7_pkey on sbtest7  (cost=0.43..6.50 rows=103 width=4)
	  Index Cond: ((id >= 5473559) AND (id <= 5473659))

table 8 : explain SELECT id FROM sbtest8 WHERE id BETWEEN 5473559 AND 5473659
	Index Only Scan using sbtest8_pkey on sbtest8  (cost=0.43..6.66 rows=111 width=4)
	  Index Cond: ((id >= 5473559) AND (id <= 5473659))

explain: for range-covered :: explain SELECT id FROM sbtest%d WHERE id BETWEEN 5473559 AND 5473659
for range-covered
table 1 : explain SELECT id FROM sbtest1 WHERE id BETWEEN 6041285 AND 6041385
	Index Only Scan using sbtest1_pkey on sbtest1  (cost=0.43..6.45 rows=101 width=4)
	  Index Cond: ((id >= 6041285) AND (id <= 6041385))

table 2 : explain SELECT id FROM sbtest2 WHERE id BETWEEN 6041285 AND 6041385
	Index Only Scan using sbtest2_pkey on sbtest2  (cost=0.43..6.32 rows=94 width=4)
	  Index Cond: ((id >= 6041285) AND (id <= 6041385))

table 3 : explain SELECT id FROM sbtest3 WHERE id BETWEEN 6041285 AND 6041385
	Index Only Scan using sbtest3_pkey on sbtest3  (cost=0.43..6.29 rows=93 width=4)
	  Index Cond: ((id >= 6041285) AND (id <= 6041385))

table 4 : explain SELECT id FROM sbtest4 WHERE id BETWEEN 6041285 AND 6041385
	Index Only Scan using sbtest4_pkey on sbtest4  (cost=0.43..6.33 rows=95 width=4)
	  Index Cond: ((id >= 6041285) AND (id <= 6041385))

table 5 : explain SELECT id FROM sbtest5 WHERE id BETWEEN 6041285 AND 6041385
	Index Only Scan using sbtest5_pkey on sbtest5  (cost=0.43..6.27 rows=92 width=4)
	  Index Cond: ((id >= 6041285) AND (id <= 6041385))

table 6 : explain SELECT id FROM sbtest6 WHERE id BETWEEN 6041285 AND 6041385
	Index Only Scan using sbtest6_pkey on sbtest6  (cost=0.43..6.43 rows=100 width=4)
	  Index Cond: ((id >= 6041285) AND (id <= 6041385))

table 7 : explain SELECT id FROM sbtest7 WHERE id BETWEEN 6041285 AND 6041385
	Index Only Scan using sbtest7_pkey on sbtest7  (cost=0.43..6.40 rows=98 width=4)
	  Index Cond: ((id >= 6041285) AND (id <= 6041385))

table 8 : explain SELECT id FROM sbtest8 WHERE id BETWEEN 6041285 AND 6041385
	Index Only Scan using sbtest8_pkey on sbtest8  (cost=0.43..6.17 rows=87 width=4)
	  Index Cond: ((id >= 6041285) AND (id <= 6041385))

for range-covered
table 1 : explain SELECT id FROM sbtest1 WHERE id BETWEEN 5473559 AND 5473659
	Index Only Scan using sbtest1_pkey on sbtest1  (cost=0.43..6.35 rows=96 width=4)
	  Index Cond: ((id >= 5473559) AND (id <= 5473659))

table 2 : explain SELECT id FROM sbtest2 WHERE id BETWEEN 5473559 AND 5473659
	Index Only Scan using sbtest2_pkey on sbtest2  (cost=0.43..6.32 rows=94 width=4)
	  Index Cond: ((id >= 5473559) AND (id <= 5473659))

table 3 : explain SELECT id FROM sbtest3 WHERE id BETWEEN 5473559 AND 5473659
	Index Only Scan using sbtest3_pkey on sbtest3  (cost=0.43..6.58 rows=107 width=4)
	  Index Cond: ((id >= 5473559) AND (id <= 5473659))

table 4 : explain SELECT id FROM sbtest4 WHERE id BETWEEN 5473559 AND 5473659
	Index Only Scan using sbtest4_pkey on sbtest4  (cost=0.43..6.69 rows=113 width=4)
	  Index Cond: ((id >= 5473559) AND (id <= 5473659))

table 5 : explain SELECT id FROM sbtest5 WHERE id BETWEEN 5473559 AND 5473659
	Index Only Scan using sbtest5_pkey on sbtest5  (cost=0.43..6.53 rows=105 width=4)
	  Index Cond: ((id >= 5473559) AND (id <= 5473659))

table 6 : explain SELECT id FROM sbtest6 WHERE id BETWEEN 5473559 AND 5473659
	Index Only Scan using sbtest6_pkey on sbtest6  (cost=0.43..6.37 rows=97 width=4)
	  Index Cond: ((id >= 5473559) AND (id <= 5473659))

table 7 : explain SELECT id FROM sbtest7 WHERE id BETWEEN 5473559 AND 5473659
	Index Only Scan using sbtest7_pkey on sbtest7  (cost=0.43..6.50 rows=103 width=4)
	  Index Cond: ((id >= 5473559) AND (id <= 5473659))

table 8 : explain SELECT id FROM sbtest8 WHERE id BETWEEN 5473559 AND 5473659
	Index Only Scan using sbtest8_pkey on sbtest8  (cost=0.43..6.66 rows=111 width=4)
	  Index Cond: ((id >= 5473559) AND (id <= 5473659))

explain: for range-covered :: explain SELECT id FROM sbtest%d WHERE id BETWEEN 5473559 AND 5473659
for range-covered
table 1 : explain SELECT id FROM sbtest1 WHERE id BETWEEN 5473559 AND 5473659
	Index Only Scan using sbtest1_pkey on sbtest1  (cost=0.43..6.35 rows=96 width=4)
	  Index Cond: ((id >= 5473559) AND (id <= 5473659))

table 2 : explain SELECT id FROM sbtest2 WHERE id BETWEEN 5473559 AND 5473659
	Index Only Scan using sbtest2_pkey on sbtest2  (cost=0.43..6.32 rows=94 width=4)
	  Index Cond: ((id >= 5473559) AND (id <= 5473659))

table 3 : explain SELECT id FROM sbtest3 WHERE id BETWEEN 5473559 AND 5473659
	Index Only Scan using sbtest3_pkey on sbtest3  (cost=0.43..6.58 rows=107 width=4)
	  Index Cond: ((id >= 5473559) AND (id <= 5473659))

table 4 : explain SELECT id FROM sbtest4 WHERE id BETWEEN 5473559 AND 5473659
	Index Only Scan using sbtest4_pkey on sbtest4  (cost=0.43..6.69 rows=113 width=4)
	  Index Cond: ((id >= 5473559) AND (id <= 5473659))

table 5 : explain SELECT id FROM sbtest5 WHERE id BETWEEN 5473559 AND 5473659
	Index Only Scan using sbtest5_pkey on sbtest5  (cost=0.43..6.53 rows=105 width=4)
	  Index Cond: ((id >= 5473559) AND (id <= 5473659))

table 6 : explain SELECT id FROM sbtest6 WHERE id BETWEEN 5473559 AND 5473659
	Index Only Scan using sbtest6_pkey on sbtest6  (cost=0.43..6.37 rows=97 width=4)
	  Index Cond: ((id >= 5473559) AND (id <= 5473659))

table 7 : explain SELECT id FROM sbtest7 WHERE id BETWEEN 5473559 AND 5473659
	Index Only Scan using sbtest7_pkey on sbtest7  (cost=0.43..6.50 rows=103 width=4)
	  Index Cond: ((id >= 5473559) AND (id <= 5473659))

table 8 : explain SELECT id FROM sbtest8 WHERE id BETWEEN 5473559 AND 5473659
	Index Only Scan using sbtest8_pkey on sbtest8  (cost=0.43..6.66 rows=111 width=4)
	  Index Cond: ((id >= 5473559) AND (id <= 5473659))

explain: for range-covered :: explain SELECT id FROM sbtest%d WHERE id BETWEEN 5473559 AND 5473659
for range-covered
table 1 : explain SELECT id FROM sbtest1 WHERE id BETWEEN 5473559 AND 5473659
	Index Only Scan using sbtest1_pkey on sbtest1  (cost=0.43..6.35 rows=96 width=4)
	  Index Cond: ((id >= 5473559) AND (id <= 5473659))

table 2 : explain SELECT id FROM sbtest2 WHERE id BETWEEN 5473559 AND 5473659
	Index Only Scan using sbtest2_pkey on sbtest2  (cost=0.43..6.32 rows=94 width=4)
	  Index Cond: ((id >= 5473559) AND (id <= 5473659))

table 3 : explain SELECT id FROM sbtest3 WHERE id BETWEEN 5473559 AND 5473659
	Index Only Scan using sbtest3_pkey on sbtest3  (cost=0.43..6.58 rows=107 width=4)
	  Index Cond: ((id >= 5473559) AND (id <= 5473659))

table 4 : explain SELECT id FROM sbtest4 WHERE id BETWEEN 5473559 AND 5473659
	Index Only Scan using sbtest4_pkey on sbtest4  (cost=0.43..6.69 rows=113 width=4)
	  Index Cond: ((id >= 5473559) AND (id <= 5473659))

table 5 : explain SELECT id FROM sbtest5 WHERE id BETWEEN 5473559 AND 5473659
	Index Only Scan using sbtest5_pkey on sbtest5  (cost=0.43..6.53 rows=105 width=4)
	  Index Cond: ((id >= 5473559) AND (id <= 5473659))

table 6 : explain SELECT id FROM sbtest6 WHERE id BETWEEN 5473559 AND 5473659
	Index Only Scan using sbtest6_pkey on sbtest6  (cost=0.43..6.37 rows=97 width=4)
	  Index Cond: ((id >= 5473559) AND (id <= 5473659))

table 7 : explain SELECT id FROM sbtest7 WHERE id BETWEEN 5473559 AND 5473659
	Index Only Scan using sbtest7_pkey on sbtest7  (cost=0.43..6.50 rows=103 width=4)
	  Index Cond: ((id >= 5473559) AND (id <= 5473659))

table 8 : explain SELECT id FROM sbtest8 WHERE id BETWEEN 5473559 AND 5473659
	Index Only Scan using sbtest8_pkey on sbtest8  (cost=0.43..6.66 rows=111 width=4)
	  Index Cond: ((id >= 5473559) AND (id <= 5473659))

explain: for range-covered :: explain SELECT id FROM sbtest%d WHERE id BETWEEN 5473559 AND 5473659
for range-covered
table 1 : explain SELECT id FROM sbtest1 WHERE id BETWEEN 5473559 AND 5473659
	Index Only Scan using sbtest1_pkey on sbtest1  (cost=0.43..6.35 rows=96 width=4)
	  Index Cond: ((id >= 5473559) AND (id <= 5473659))

table 2 : explain SELECT id FROM sbtest2 WHERE id BETWEEN 5473559 AND 5473659
	Index Only Scan using sbtest2_pkey on sbtest2  (cost=0.43..6.32 rows=94 width=4)
	  Index Cond: ((id >= 5473559) AND (id <= 5473659))

table 3 : explain SELECT id FROM sbtest3 WHERE id BETWEEN 5473559 AND 5473659
	Index Only Scan using sbtest3_pkey on sbtest3  (cost=0.43..6.58 rows=107 width=4)
	  Index Cond: ((id >= 5473559) AND (id <= 5473659))

table 4 : explain SELECT id FROM sbtest4 WHERE id BETWEEN 5473559 AND 5473659
	Index Only Scan using sbtest4_pkey on sbtest4  (cost=0.43..6.69 rows=113 width=4)
	  Index Cond: ((id >= 5473559) AND (id <= 5473659))

table 5 : explain SELECT id FROM sbtest5 WHERE id BETWEEN 5473559 AND 5473659
	Index Only Scan using sbtest5_pkey on sbtest5  (cost=0.43..6.53 rows=105 width=4)
	  Index Cond: ((id >= 5473559) AND (id <= 5473659))

table 6 : explain SELECT id FROM sbtest6 WHERE id BETWEEN 5473559 AND 5473659
	Index Only Scan using sbtest6_pkey on sbtest6  (cost=0.43..6.37 rows=97 width=4)
	  Index Cond: ((id >= 5473559) AND (id <= 5473659))

table 7 : explain SELECT id FROM sbtest7 WHERE id BETWEEN 5473559 AND 5473659
	Index Only Scan using sbtest7_pkey on sbtest7  (cost=0.43..6.50 rows=103 width=4)
	  Index Cond: ((id >= 5473559) AND (id <= 5473659))

table 8 : explain SELECT id FROM sbtest8 WHERE id BETWEEN 5473559 AND 5473659
	Index Only Scan using sbtest8_pkey on sbtest8  (cost=0.43..6.66 rows=111 width=4)
	  Index Cond: ((id >= 5473559) AND (id <= 5473659))

Threads started!

Warming up for 5 seconds...

SQL statistics:
    queries performed:
        read:                            255598393
        write:                           0
        other:                           0
        total:                           255598393
    transactions:                        255598393 (405698.43 per sec.)
    queries:                             255598393 (405698.43 per sec.)
    ignored errors:                      0      (0.00 per sec.)
    reconnects:                          0      (0.00 per sec.)

Throughput:
    events/s (eps):                      405698.4318
    time elapsed:                        630.0208s
    total number of events:              255598393

Latency (ms):
         min:                                    0.06
         avg:                                    0.10
         max:                                   16.12
         95th percentile:                        0.11
         sum:                             25118294.42

Threads fairness:
    events (avg/stddev):           6389954.0250/32431.65
    execution time (avg/stddev):   627.9574/0.05

