LUA_PATH=/home/mdcallag/git/mytools/bench/sysbench.lua/lua/?.lua /home/mdcallag/git/mytools/bench/sysbench.lua/lua/sysbench --db-driver=pgsql --range-size=100 --table-size=10000000 --tables=8 --threads=40 --events=0 --warmup-time=5 --time=630 --pgsql_conn_id=true /home/mdcallag/git/mytools/bench/sysbench.lua/lua/oltp_range_covered.lua run --pgsql-user=root --pgsql-password=pw --pgsql-host=127.0.0.1 --pgsql-db=ib --rand-type=uniform --random-points=100 --skip-trx --covered=false
48 CPUs
sysbench 1.1.0-9072687 (using bundled LuaJIT 2.1.0-beta3)

Running the test with following options:
Number of threads: 40
Warmup time: 5s
Initializing random number generator from current time


Initializing worker threads...

explain: for range-notcovered :: explain SELECT id, c FROM sbtest%d WHERE id BETWEEN 3056215 AND 3056315
explain: for range-notcovered :: explain SELECT id, c FROM sbtest%d WHERE id BETWEEN 5853226 AND 5853326
explain: for range-notcovered :: explain SELECT id, c FROM sbtest%d WHERE id BETWEEN 5212593 AND 5212693
for range-notcovered
table 1 : explain SELECT id, c FROM sbtest1 WHERE id BETWEEN 3056215 AND 3056315
	Index Scan using sbtest1_pkey on sbtest1  (cost=0.43..465.51 rows=116 width=125)
	  Index Cond: ((id >= 3056215) AND (id <= 3056315))

table 2 : explain SELECT id, c FROM sbtest2 WHERE id BETWEEN 3056215 AND 3056315
	Index Scan using sbtest2_pkey on sbtest2  (cost=0.43..421.09 rows=105 width=125)
	  Index Cond: ((id >= 3056215) AND (id <= 3056315))

table 3 : explain SELECT id, c FROM sbtest3 WHERE id BETWEEN 3056215 AND 3056315
	Index Scan using sbtest3_pkey on sbtest3  (cost=0.43..388.55 rows=97 width=125)
	  Index Cond: ((id >= 3056215) AND (id <= 3056315))

table 4 : explain SELECT id, c FROM sbtest4 WHERE id BETWEEN 3056215 AND 3056315
	Index Scan using sbtest4_pkey on sbtest4  (cost=0.43..388.25 rows=97 width=125)
	  Index Cond: ((id >= 3056215) AND (id <= 3056315))

table 5 : explain SELECT id, c FROM sbtest5 WHERE id BETWEEN 3056215 AND 3056315
	Index Scan using sbtest5_pkey on sbtest5  (cost=0.43..412.47 rows=103 width=125)
	  Index Cond: ((id >= 3056215) AND (id <= 3056315))

table 6 : explain SELECT id, c FROM sbtest6 WHERE id BETWEEN 3056215 AND 3056315
	Index Scan using sbtest6_pkey on sbtest6  (cost=0.43..388.15 rows=97 width=125)
	  Index Cond: ((id >= 3056215) AND (id <= 3056315))

table 7 : explain SELECT id, c FROM sbtest7 WHERE id BETWEEN 3056215 AND 3056315
	Index Scan using sbtest7_pkey on sbtest7  (cost=0.43..443.89 rows=111 width=125)
	  Index Cond: ((id >= 3056215) AND (id <= 3056315))

table 8 : explain SELECT id, c FROM sbtest8 WHERE id BETWEEN 3056215 AND 3056315
	Index Scan using sbtest8_pkey on sbtest8  (cost=0.43..426.48 rows=107 width=125)
	  Index Cond: ((id >= 3056215) AND (id <= 3056315))

explain: for range-notcovered :: explain SELECT id, c FROM sbtest%d WHERE id BETWEEN 3056215 AND 3056315
for range-notcovered
table 1 : explain SELECT id, c FROM sbtest1 WHERE id BETWEEN 3056215 AND 3056315
	Index Scan using sbtest1_pkey on sbtest1  (cost=0.43..465.51 rows=116 width=125)
	  Index Cond: ((id >= 3056215) AND (id <= 3056315))

table 2 : explain SELECT id, c FROM sbtest2 WHERE id BETWEEN 3056215 AND 3056315
	Index Scan using sbtest2_pkey on sbtest2  (cost=0.43..421.09 rows=105 width=125)
	  Index Cond: ((id >= 3056215) AND (id <= 3056315))

table 3 : explain SELECT id, c FROM sbtest3 WHERE id BETWEEN 3056215 AND 3056315
	Index Scan using sbtest3_pkey on sbtest3  (cost=0.43..388.55 rows=97 width=125)
	  Index Cond: ((id >= 3056215) AND (id <= 3056315))

table 4 : explain SELECT id, c FROM sbtest4 WHERE id BETWEEN 3056215 AND 3056315
	Index Scan using sbtest4_pkey on sbtest4  (cost=0.43..388.25 rows=97 width=125)
	  Index Cond: ((id >= 3056215) AND (id <= 3056315))

table 5 : explain SELECT id, c FROM sbtest5 WHERE id BETWEEN 3056215 AND 3056315
	Index Scan using sbtest5_pkey on sbtest5  (cost=0.43..412.47 rows=103 width=125)
	  Index Cond: ((id >= 3056215) AND (id <= 3056315))

table 6 : explain SELECT id, c FROM sbtest6 WHERE id BETWEEN 3056215 AND 3056315
	Index Scan using sbtest6_pkey on sbtest6  (cost=0.43..388.15 rows=97 width=125)
	  Index Cond: ((id >= 3056215) AND (id <= 3056315))

table 7 : explain SELECT id, c FROM sbtest7 WHERE id BETWEEN 3056215 AND 3056315
	Index Scan using sbtest7_pkey on sbtest7  (cost=0.43..443.89 rows=111 width=125)
	  Index Cond: ((id >= 3056215) AND (id <= 3056315))

table 8 : explain SELECT id, c FROM sbtest8 WHERE id BETWEEN 3056215 AND 3056315
	Index Scan using sbtest8_pkey on sbtest8  (cost=0.43..426.48 rows=107 width=125)
	  Index Cond: ((id >= 3056215) AND (id <= 3056315))

explain: for range-notcovered :: explain SELECT id, c FROM sbtest%d WHERE id BETWEEN 3056215 AND 3056315
for range-notcovered
table 1 : explain SELECT id, c FROM sbtest1 WHERE id BETWEEN 5853226 AND 5853326
	Index Scan using sbtest1_pkey on sbtest1  (cost=0.43..429.74 rows=107 width=125)
	  Index Cond: ((id >= 5853226) AND (id <= 5853326))

table 2 : explain SELECT id, c FROM sbtest2 WHERE id BETWEEN 5853226 AND 5853326
	Index Scan using sbtest2_pkey on sbtest2  (cost=0.43..417.12 rows=104 width=125)
	  Index Cond: ((id >= 5853226) AND (id <= 5853326))

table 3 : explain SELECT id, c FROM sbtest3 WHERE id BETWEEN 5853226 AND 5853326
	Index Scan using sbtest3_pkey on sbtest3  (cost=0.43..451.91 rows=113 width=125)
	  Index Cond: ((id >= 5853226) AND (id <= 5853326))

table 4 : explain SELECT id, c FROM sbtest4 WHERE id BETWEEN 5853226 AND 5853326
	Index Scan using sbtest4_pkey on sbtest4  (cost=0.43..364.51 rows=91 width=125)
	  Index Cond: ((id >= 5853226) AND (id <= 5853326))

table 5 : explain SELECT id, c FROM sbtest5 WHERE id BETWEEN 5853226 AND 5853326
	Index Scan using sbtest5_pkey on sbtest5  (cost=0.43..384.73 rows=96 width=125)
	  Index Cond: ((id >= 5853226) AND (id <= 5853326))

table 6 : explain SELECT id, c FROM sbtest6 WHERE id BETWEEN 5853226 AND 5853326
	Index Scan using sbtest6_pkey on sbtest6  (cost=0.43..400.03 rows=100 width=125)
	  Index Cond: ((id >= 5853226) AND (id <= 5853326))

table 7 : explain SELECT id, c FROM sbtest7 WHERE id BETWEEN 5853226 AND 5853326
	Index Scan using sbtest7_pkey on sbtest7  (cost=0.43..412.22 rows=103 width=125)
	  Index Cond: ((id >= 5853226) AND (id <= 5853326))

table 8 : explain SELECT id, c FROM sbtest8 WHERE id BETWEEN 5853226 AND 5853326
	Index Scan using sbtest8_pkey on sbtest8  (cost=0.43..383.08 rows=96 width=125)
	  Index Cond: ((id >= 5853226) AND (id <= 5853326))

explain: for range-notcovered :: explain SELECT id, c FROM sbtest%d WHERE id BETWEEN 5853226 AND 5853326
for range-notcovered
table 1 : explain SELECT id, c FROM sbtest1 WHERE id BETWEEN 3056215 AND 3056315
	Index Scan using sbtest1_pkey on sbtest1  (cost=0.43..465.51 rows=116 width=125)
	  Index Cond: ((id >= 3056215) AND (id <= 3056315))

table 2 : explain SELECT id, c FROM sbtest2 WHERE id BETWEEN 3056215 AND 3056315
	Index Scan using sbtest2_pkey on sbtest2  (cost=0.43..421.09 rows=105 width=125)
	  Index Cond: ((id >= 3056215) AND (id <= 3056315))

table 3 : explain SELECT id, c FROM sbtest3 WHERE id BETWEEN 3056215 AND 3056315
	Index Scan using sbtest3_pkey on sbtest3  (cost=0.43..388.55 rows=97 width=125)
	  Index Cond: ((id >= 3056215) AND (id <= 3056315))

table 4 : explain SELECT id, c FROM sbtest4 WHERE id BETWEEN 3056215 AND 3056315
	Index Scan using sbtest4_pkey on sbtest4  (cost=0.43..388.25 rows=97 width=125)
	  Index Cond: ((id >= 3056215) AND (id <= 3056315))

table 5 : explain SELECT id, c FROM sbtest5 WHERE id BETWEEN 3056215 AND 3056315
	Index Scan using sbtest5_pkey on sbtest5  (cost=0.43..412.47 rows=103 width=125)
	  Index Cond: ((id >= 3056215) AND (id <= 3056315))

table 6 : explain SELECT id, c FROM sbtest6 WHERE id BETWEEN 3056215 AND 3056315
	Index Scan using sbtest6_pkey on sbtest6  (cost=0.43..388.15 rows=97 width=125)
	  Index Cond: ((id >= 3056215) AND (id <= 3056315))

table 7 : explain SELECT id, c FROM sbtest7 WHERE id BETWEEN 3056215 AND 3056315
	Index Scan using sbtest7_pkey on sbtest7  (cost=0.43..443.89 rows=111 width=125)
	  Index Cond: ((id >= 3056215) AND (id <= 3056315))

table 8 : explain SELECT id, c FROM sbtest8 WHERE id BETWEEN 3056215 AND 3056315
	Index Scan using sbtest8_pkey on sbtest8  (cost=0.43..426.48 rows=107 width=125)
	  Index Cond: ((id >= 3056215) AND (id <= 3056315))

explain: for range-notcovered :: explain SELECT id, c FROM sbtest%d WHERE id BETWEEN 3056215 AND 3056315
explain: for range-notcovered :: explain SELECT id, c FROM sbtest%d WHERE id BETWEEN 6149441 AND 6149541
explain: for range-notcovered :: explain SELECT id, c FROM sbtest%d WHERE id BETWEEN 3739386 AND 3739486
for range-notcovered
table 1 : explain SELECT id, c FROM sbtest1 WHERE id BETWEEN 5853226 AND 5853326
	Index Scan using sbtest1_pkey on sbtest1  (cost=0.43..429.74 rows=107 width=125)
	  Index Cond: ((id >= 5853226) AND (id <= 5853326))

table 2 : explain SELECT id, c FROM sbtest2 WHERE id BETWEEN 5853226 AND 5853326
	Index Scan using sbtest2_pkey on sbtest2  (cost=0.43..417.12 rows=104 width=125)
	  Index Cond: ((id >= 5853226) AND (id <= 5853326))

table 3 : explain SELECT id, c FROM sbtest3 WHERE id BETWEEN 5853226 AND 5853326
	Index Scan using sbtest3_pkey on sbtest3  (cost=0.43..451.91 rows=113 width=125)
	  Index Cond: ((id >= 5853226) AND (id <= 5853326))

table 4 : explain SELECT id, c FROM sbtest4 WHERE id BETWEEN 5853226 AND 5853326
	Index Scan using sbtest4_pkey on sbtest4  (cost=0.43..364.51 rows=91 width=125)
	  Index Cond: ((id >= 5853226) AND (id <= 5853326))

table 5 : explain SELECT id, c FROM sbtest5 WHERE id BETWEEN 5853226 AND 5853326
	Index Scan using sbtest5_pkey on sbtest5  (cost=0.43..384.73 rows=96 width=125)
	  Index Cond: ((id >= 5853226) AND (id <= 5853326))

table 6 : explain SELECT id, c FROM sbtest6 WHERE id BETWEEN 5853226 AND 5853326
	Index Scan using sbtest6_pkey on sbtest6  (cost=0.43..400.03 rows=100 width=125)
	  Index Cond: ((id >= 5853226) AND (id <= 5853326))

table 7 : explain SELECT id, c FROM sbtest7 WHERE id BETWEEN 5853226 AND 5853326
	Index Scan using sbtest7_pkey on sbtest7  (cost=0.43..412.22 rows=103 width=125)
	  Index Cond: ((id >= 5853226) AND (id <= 5853326))

table 8 : explain SELECT id, c FROM sbtest8 WHERE id BETWEEN 5853226 AND 5853326
	Index Scan using sbtest8_pkey on sbtest8  (cost=0.43..383.08 rows=96 width=125)
	  Index Cond: ((id >= 5853226) AND (id <= 5853326))

explain: for range-notcovered :: explain SELECT id, c FROM sbtest%d WHERE id BETWEEN 8915763 AND 8915863
explain: for range-notcovered :: explain SELECT id, c FROM sbtest%d WHERE id BETWEEN 5853226 AND 5853326
for range-notcovered
table 1 : explain SELECT id, c FROM sbtest1 WHERE id BETWEEN 3056215 AND 3056315
	Index Scan using sbtest1_pkey on sbtest1  (cost=0.43..465.51 rows=116 width=125)
	  Index Cond: ((id >= 3056215) AND (id <= 3056315))

table 2 : explain SELECT id, c FROM sbtest2 WHERE id BETWEEN 3056215 AND 3056315
	Index Scan using sbtest2_pkey on sbtest2  (cost=0.43..421.09 rows=105 width=125)
	  Index Cond: ((id >= 3056215) AND (id <= 3056315))

table 3 : explain SELECT id, c FROM sbtest3 WHERE id BETWEEN 3056215 AND 3056315
	Index Scan using sbtest3_pkey on sbtest3  (cost=0.43..388.55 rows=97 width=125)
	  Index Cond: ((id >= 3056215) AND (id <= 3056315))

table 4 : explain SELECT id, c FROM sbtest4 WHERE id BETWEEN 3056215 AND 3056315
	Index Scan using sbtest4_pkey on sbtest4  (cost=0.43..388.25 rows=97 width=125)
	  Index Cond: ((id >= 3056215) AND (id <= 3056315))

table 5 : explain SELECT id, c FROM sbtest5 WHERE id BETWEEN 3056215 AND 3056315
	Index Scan using sbtest5_pkey on sbtest5  (cost=0.43..412.47 rows=103 width=125)
	  Index Cond: ((id >= 3056215) AND (id <= 3056315))

table 6 : explain SELECT id, c FROM sbtest6 WHERE id BETWEEN 3056215 AND 3056315
	Index Scan using sbtest6_pkey on sbtest6  (cost=0.43..388.15 rows=97 width=125)
	  Index Cond: ((id >= 3056215) AND (id <= 3056315))

table 7 : explain SELECT id, c FROM sbtest7 WHERE id BETWEEN 3056215 AND 3056315
	Index Scan using sbtest7_pkey on sbtest7  (cost=0.43..443.89 rows=111 width=125)
	  Index Cond: ((id >= 3056215) AND (id <= 3056315))

table 8 : explain SELECT id, c FROM sbtest8 WHERE id BETWEEN 3056215 AND 3056315
	Index Scan using sbtest8_pkey on sbtest8  (cost=0.43..426.48 rows=107 width=125)
	  Index Cond: ((id >= 3056215) AND (id <= 3056315))

explain: for range-notcovered :: explain SELECT id, c FROM sbtest%d WHERE id BETWEEN 3056215 AND 3056315
for range-notcovered
table 1 : explain SELECT id, c FROM sbtest1 WHERE id BETWEEN 5212593 AND 5212693
	Index Scan using sbtest1_pkey on sbtest1  (cost=0.43..362.17 rows=90 width=125)
	  Index Cond: ((id >= 5212593) AND (id <= 5212693))

table 2 : explain SELECT id, c FROM sbtest2 WHERE id BETWEEN 5212593 AND 5212693
	Index Scan using sbtest2_pkey on sbtest2  (cost=0.43..373.47 rows=93 width=125)
	  Index Cond: ((id >= 5212593) AND (id <= 5212693))

table 3 : explain SELECT id, c FROM sbtest3 WHERE id BETWEEN 5212593 AND 5212693
	Index Scan using sbtest3_pkey on sbtest3  (cost=0.43..412.32 rows=103 width=125)
	  Index Cond: ((id >= 5212593) AND (id <= 5212693))

table 4 : explain SELECT id, c FROM sbtest4 WHERE id BETWEEN 5212593 AND 5212693
	Index Scan using sbtest4_pkey on sbtest4  (cost=0.43..400.13 rows=100 width=125)
	  Index Cond: ((id >= 5212593) AND (id <= 5212693))

table 5 : explain SELECT id, c FROM sbtest5 WHERE id BETWEEN 5212593 AND 5212693
	Index Scan using sbtest5_pkey on sbtest5  (cost=0.43..408.51 rows=102 width=125)
	  Index Cond: ((id >= 5212593) AND (id <= 5212693))

table 6 : explain SELECT id, c FROM sbtest6 WHERE id BETWEEN 5212593 AND 5212693
	Index Scan using sbtest6_pkey on sbtest6  (cost=0.43..388.15 rows=97 width=125)
	  Index Cond: ((id >= 5212593) AND (id <= 5212693))

table 7 : explain SELECT id, c FROM sbtest7 WHERE id BETWEEN 5212593 AND 5212693
	Index Scan using sbtest7_pkey on sbtest7  (cost=0.43..420.14 rows=105 width=125)
	  Index Cond: ((id >= 5212593) AND (id <= 5212693))

table 8 : explain SELECT id, c FROM sbtest8 WHERE id BETWEEN 5212593 AND 5212693
	Index Scan using sbtest8_pkey on sbtest8  (cost=0.43..367.31 rows=92 width=125)
	  Index Cond: ((id >= 5212593) AND (id <= 5212693))

explain: for range-notcovered :: explain SELECT id, c FROM sbtest%d WHERE id BETWEEN 5212593 AND 5212693
for range-notcovered
table 1 : explain SELECT id, c FROM sbtest1 WHERE id BETWEEN 5853226 AND 5853326
	Index Scan using sbtest1_pkey on sbtest1  (cost=0.43..429.74 rows=107 width=125)
	  Index Cond: ((id >= 5853226) AND (id <= 5853326))

table 2 : explain SELECT id, c FROM sbtest2 WHERE id BETWEEN 5853226 AND 5853326
	Index Scan using sbtest2_pkey on sbtest2  (cost=0.43..417.12 rows=104 width=125)
	  Index Cond: ((id >= 5853226) AND (id <= 5853326))

table 3 : explain SELECT id, c FROM sbtest3 WHERE id BETWEEN 5853226 AND 5853326
	Index Scan using sbtest3_pkey on sbtest3  (cost=0.43..451.91 rows=113 width=125)
	  Index Cond: ((id >= 5853226) AND (id <= 5853326))

table 4 : explain SELECT id, c FROM sbtest4 WHERE id BETWEEN 5853226 AND 5853326
	Index Scan using sbtest4_pkey on sbtest4  (cost=0.43..364.51 rows=91 width=125)
	  Index Cond: ((id >= 5853226) AND (id <= 5853326))

table 5 : explain SELECT id, c FROM sbtest5 WHERE id BETWEEN 5853226 AND 5853326
	Index Scan using sbtest5_pkey on sbtest5  (cost=0.43..384.73 rows=96 width=125)
	  Index Cond: ((id >= 5853226) AND (id <= 5853326))

table 6 : explain SELECT id, c FROM sbtest6 WHERE id BETWEEN 5853226 AND 5853326
	Index Scan using sbtest6_pkey on sbtest6  (cost=0.43..400.03 rows=100 width=125)
	  Index Cond: ((id >= 5853226) AND (id <= 5853326))

table 7 : explain SELECT id, c FROM sbtest7 WHERE id BETWEEN 5853226 AND 5853326
	Index Scan using sbtest7_pkey on sbtest7  (cost=0.43..412.22 rows=103 width=125)
	  Index Cond: ((id >= 5853226) AND (id <= 5853326))

table 8 : explain SELECT id, c FROM sbtest8 WHERE id BETWEEN 5853226 AND 5853326
	Index Scan using sbtest8_pkey on sbtest8  (cost=0.43..383.08 rows=96 width=125)
	  Index Cond: ((id >= 5853226) AND (id <= 5853326))

explain: for range-notcovered :: explain SELECT id, c FROM sbtest%d WHERE id BETWEEN 5853226 AND 5853326
explain: for range-notcovered :: explain SELECT id, c FROM sbtest%d WHERE id BETWEEN 2778329 AND 2778429
for range-notcovered
table 1 : explain SELECT id, c FROM sbtest1 WHERE id BETWEEN 3056215 AND 3056315
	Index Scan using sbtest1_pkey on sbtest1  (cost=0.43..465.51 rows=116 width=125)
	  Index Cond: ((id >= 3056215) AND (id <= 3056315))

table 2 : explain SELECT id, c FROM sbtest2 WHERE id BETWEEN 3056215 AND 3056315
	Index Scan using sbtest2_pkey on sbtest2  (cost=0.43..421.09 rows=105 width=125)
	  Index Cond: ((id >= 3056215) AND (id <= 3056315))

table 3 : explain SELECT id, c FROM sbtest3 WHERE id BETWEEN 3056215 AND 3056315
	Index Scan using sbtest3_pkey on sbtest3  (cost=0.43..388.55 rows=97 width=125)
	  Index Cond: ((id >= 3056215) AND (id <= 3056315))

table 4 : explain SELECT id, c FROM sbtest4 WHERE id BETWEEN 3056215 AND 3056315
	Index Scan using sbtest4_pkey on sbtest4  (cost=0.43..388.25 rows=97 width=125)
	  Index Cond: ((id >= 3056215) AND (id <= 3056315))

table 5 : explain SELECT id, c FROM sbtest5 WHERE id BETWEEN 3056215 AND 3056315
	Index Scan using sbtest5_pkey on sbtest5  (cost=0.43..412.47 rows=103 width=125)
	  Index Cond: ((id >= 3056215) AND (id <= 3056315))

table 6 : explain SELECT id, c FROM sbtest6 WHERE id BETWEEN 3056215 AND 3056315
	Index Scan using sbtest6_pkey on sbtest6  (cost=0.43..388.15 rows=97 width=125)
	  Index Cond: ((id >= 3056215) AND (id <= 3056315))

table 7 : explain SELECT id, c FROM sbtest7 WHERE id BETWEEN 3056215 AND 3056315
	Index Scan using sbtest7_pkey on sbtest7  (cost=0.43..443.89 rows=111 width=125)
	  Index Cond: ((id >= 3056215) AND (id <= 3056315))

table 8 : explain SELECT id, c FROM sbtest8 WHERE id BETWEEN 3056215 AND 3056315
	Index Scan using sbtest8_pkey on sbtest8  (cost=0.43..426.48 rows=107 width=125)
	  Index Cond: ((id >= 3056215) AND (id <= 3056315))

explain: for range-notcovered :: explain SELECT id, c FROM sbtest%d WHERE id BETWEEN 3056215 AND 3056315
for range-notcovered
table 1 : explain SELECT id, c FROM sbtest1 WHERE id BETWEEN 5212593 AND 5212693
	Index Scan using sbtest1_pkey on sbtest1  (cost=0.43..362.17 rows=90 width=125)
	  Index Cond: ((id >= 5212593) AND (id <= 5212693))

table 2 : explain SELECT id, c FROM sbtest2 WHERE id BETWEEN 5212593 AND 5212693
	Index Scan using sbtest2_pkey on sbtest2  (cost=0.43..373.47 rows=93 width=125)
	  Index Cond: ((id >= 5212593) AND (id <= 5212693))

table 3 : explain SELECT id, c FROM sbtest3 WHERE id BETWEEN 5212593 AND 5212693
	Index Scan using sbtest3_pkey on sbtest3  (cost=0.43..412.32 rows=103 width=125)
	  Index Cond: ((id >= 5212593) AND (id <= 5212693))

table 4 : explain SELECT id, c FROM sbtest4 WHERE id BETWEEN 5212593 AND 5212693
	Index Scan using sbtest4_pkey on sbtest4  (cost=0.43..400.13 rows=100 width=125)
	  Index Cond: ((id >= 5212593) AND (id <= 5212693))

table 5 : explain SELECT id, c FROM sbtest5 WHERE id BETWEEN 5212593 AND 5212693
	Index Scan using sbtest5_pkey on sbtest5  (cost=0.43..408.51 rows=102 width=125)
	  Index Cond: ((id >= 5212593) AND (id <= 5212693))

table 6 : explain SELECT id, c FROM sbtest6 WHERE id BETWEEN 5212593 AND 5212693
	Index Scan using sbtest6_pkey on sbtest6  (cost=0.43..388.15 rows=97 width=125)
	  Index Cond: ((id >= 5212593) AND (id <= 5212693))

table 7 : explain SELECT id, c FROM sbtest7 WHERE id BETWEEN 5212593 AND 5212693
	Index Scan using sbtest7_pkey on sbtest7  (cost=0.43..420.14 rows=105 width=125)
	  Index Cond: ((id >= 5212593) AND (id <= 5212693))

table 8 : explain SELECT id, c FROM sbtest8 WHERE id BETWEEN 5212593 AND 5212693
	Index Scan using sbtest8_pkey on sbtest8  (cost=0.43..367.31 rows=92 width=125)
	  Index Cond: ((id >= 5212593) AND (id <= 5212693))

explain: for range-notcovered :: explain SELECT id, c FROM sbtest%d WHERE id BETWEEN 5212593 AND 5212693
for range-notcovered
table 1 : explain SELECT id, c FROM sbtest1 WHERE id BETWEEN 5853226 AND 5853326
	Index Scan using sbtest1_pkey on sbtest1  (cost=0.43..429.74 rows=107 width=125)
	  Index Cond: ((id >= 5853226) AND (id <= 5853326))

table 2 : explain SELECT id, c FROM sbtest2 WHERE id BETWEEN 5853226 AND 5853326
	Index Scan using sbtest2_pkey on sbtest2  (cost=0.43..417.12 rows=104 width=125)
	  Index Cond: ((id >= 5853226) AND (id <= 5853326))

table 3 : explain SELECT id, c FROM sbtest3 WHERE id BETWEEN 5853226 AND 5853326
	Index Scan using sbtest3_pkey on sbtest3  (cost=0.43..451.91 rows=113 width=125)
	  Index Cond: ((id >= 5853226) AND (id <= 5853326))

table 4 : explain SELECT id, c FROM sbtest4 WHERE id BETWEEN 5853226 AND 5853326
	Index Scan using sbtest4_pkey on sbtest4  (cost=0.43..364.51 rows=91 width=125)
	  Index Cond: ((id >= 5853226) AND (id <= 5853326))

table 5 : explain SELECT id, c FROM sbtest5 WHERE id BETWEEN 5853226 AND 5853326
	Index Scan using sbtest5_pkey on sbtest5  (cost=0.43..384.73 rows=96 width=125)
	  Index Cond: ((id >= 5853226) AND (id <= 5853326))

table 6 : explain SELECT id, c FROM sbtest6 WHERE id BETWEEN 5853226 AND 5853326
	Index Scan using sbtest6_pkey on sbtest6  (cost=0.43..400.03 rows=100 width=125)
	  Index Cond: ((id >= 5853226) AND (id <= 5853326))

table 7 : explain SELECT id, c FROM sbtest7 WHERE id BETWEEN 5853226 AND 5853326
	Index Scan using sbtest7_pkey on sbtest7  (cost=0.43..412.22 rows=103 width=125)
	  Index Cond: ((id >= 5853226) AND (id <= 5853326))

table 8 : explain SELECT id, c FROM sbtest8 WHERE id BETWEEN 5853226 AND 5853326
	Index Scan using sbtest8_pkey on sbtest8  (cost=0.43..383.08 rows=96 width=125)
	  Index Cond: ((id >= 5853226) AND (id <= 5853326))

explain: for range-notcovered :: explain SELECT id, c FROM sbtest%d WHERE id BETWEEN 5853226 AND 5853326
for range-notcovered
table 1 : explain SELECT id, c FROM sbtest1 WHERE id BETWEEN 3056215 AND 3056315
	Index Scan using sbtest1_pkey on sbtest1  (cost=0.43..465.51 rows=116 width=125)
	  Index Cond: ((id >= 3056215) AND (id <= 3056315))

table 2 : explain SELECT id, c FROM sbtest2 WHERE id BETWEEN 3056215 AND 3056315
	Index Scan using sbtest2_pkey on sbtest2  (cost=0.43..421.09 rows=105 width=125)
	  Index Cond: ((id >= 3056215) AND (id <= 3056315))

table 3 : explain SELECT id, c FROM sbtest3 WHERE id BETWEEN 3056215 AND 3056315
	Index Scan using sbtest3_pkey on sbtest3  (cost=0.43..388.55 rows=97 width=125)
	  Index Cond: ((id >= 3056215) AND (id <= 3056315))

table 4 : explain SELECT id, c FROM sbtest4 WHERE id BETWEEN 3056215 AND 3056315
	Index Scan using sbtest4_pkey on sbtest4  (cost=0.43..388.25 rows=97 width=125)
	  Index Cond: ((id >= 3056215) AND (id <= 3056315))

table 5 : explain SELECT id, c FROM sbtest5 WHERE id BETWEEN 3056215 AND 3056315
	Index Scan using sbtest5_pkey on sbtest5  (cost=0.43..412.47 rows=103 width=125)
	  Index Cond: ((id >= 3056215) AND (id <= 3056315))

table 6 : explain SELECT id, c FROM sbtest6 WHERE id BETWEEN 3056215 AND 3056315
	Index Scan using sbtest6_pkey on sbtest6  (cost=0.43..388.15 rows=97 width=125)
	  Index Cond: ((id >= 3056215) AND (id <= 3056315))

table 7 : explain SELECT id, c FROM sbtest7 WHERE id BETWEEN 3056215 AND 3056315
	Index Scan using sbtest7_pkey on sbtest7  (cost=0.43..443.89 rows=111 width=125)
	  Index Cond: ((id >= 3056215) AND (id <= 3056315))

table 8 : explain SELECT id, c FROM sbtest8 WHERE id BETWEEN 3056215 AND 3056315
	Index Scan using sbtest8_pkey on sbtest8  (cost=0.43..426.48 rows=107 width=125)
	  Index Cond: ((id >= 3056215) AND (id <= 3056315))

explain: for range-notcovered :: explain SELECT id, c FROM sbtest%d WHERE id BETWEEN 3056215 AND 3056315
for range-notcovered
table 1 : explain SELECT id, c FROM sbtest1 WHERE id BETWEEN 3056215 AND 3056315
	Index Scan using sbtest1_pkey on sbtest1  (cost=0.43..465.51 rows=116 width=125)
	  Index Cond: ((id >= 3056215) AND (id <= 3056315))

table 2 : explain SELECT id, c FROM sbtest2 WHERE id BETWEEN 3056215 AND 3056315
	Index Scan using sbtest2_pkey on sbtest2  (cost=0.43..421.09 rows=105 width=125)
	  Index Cond: ((id >= 3056215) AND (id <= 3056315))

table 3 : explain SELECT id, c FROM sbtest3 WHERE id BETWEEN 3056215 AND 3056315
	Index Scan using sbtest3_pkey on sbtest3  (cost=0.43..388.55 rows=97 width=125)
	  Index Cond: ((id >= 3056215) AND (id <= 3056315))

table 4 : explain SELECT id, c FROM sbtest4 WHERE id BETWEEN 3056215 AND 3056315
	Index Scan using sbtest4_pkey on sbtest4  (cost=0.43..388.25 rows=97 width=125)
	  Index Cond: ((id >= 3056215) AND (id <= 3056315))

table 5 : explain SELECT id, c FROM sbtest5 WHERE id BETWEEN 3056215 AND 3056315
	Index Scan using sbtest5_pkey on sbtest5  (cost=0.43..412.47 rows=103 width=125)
	  Index Cond: ((id >= 3056215) AND (id <= 3056315))

table 6 : explain SELECT id, c FROM sbtest6 WHERE id BETWEEN 3056215 AND 3056315
	Index Scan using sbtest6_pkey on sbtest6  (cost=0.43..388.15 rows=97 width=125)
	  Index Cond: ((id >= 3056215) AND (id <= 3056315))

table 7 : explain SELECT id, c FROM sbtest7 WHERE id BETWEEN 3056215 AND 3056315
	Index Scan using sbtest7_pkey on sbtest7  (cost=0.43..443.89 rows=111 width=125)
	  Index Cond: ((id >= 3056215) AND (id <= 3056315))

table 8 : explain SELECT id, c FROM sbtest8 WHERE id BETWEEN 3056215 AND 3056315
	Index Scan using sbtest8_pkey on sbtest8  (cost=0.43..426.48 rows=107 width=125)
	  Index Cond: ((id >= 3056215) AND (id <= 3056315))

for range-notcovered
table 1 : explain SELECT id, c FROM sbtest1 WHERE id BETWEEN 5212593 AND 5212693
	Index Scan using sbtest1_pkey on sbtest1  (cost=0.43..362.17 rows=90 width=125)
	  Index Cond: ((id >= 5212593) AND (id <= 5212693))

table 2 : explain SELECT id, c FROM sbtest2 WHERE id BETWEEN 5212593 AND 5212693
	Index Scan using sbtest2_pkey on sbtest2  (cost=0.43..373.47 rows=93 width=125)
	  Index Cond: ((id >= 5212593) AND (id <= 5212693))

table 3 : explain SELECT id, c FROM sbtest3 WHERE id BETWEEN 5212593 AND 5212693
	Index Scan using sbtest3_pkey on sbtest3  (cost=0.43..412.32 rows=103 width=125)
	  Index Cond: ((id >= 5212593) AND (id <= 5212693))

table 4 : explain SELECT id, c FROM sbtest4 WHERE id BETWEEN 5212593 AND 5212693
	Index Scan using sbtest4_pkey on sbtest4  (cost=0.43..400.13 rows=100 width=125)
	  Index Cond: ((id >= 5212593) AND (id <= 5212693))

table 5 : explain SELECT id, c FROM sbtest5 WHERE id BETWEEN 5212593 AND 5212693
	Index Scan using sbtest5_pkey on sbtest5  (cost=0.43..408.51 rows=102 width=125)
	  Index Cond: ((id >= 5212593) AND (id <= 5212693))

table 6 : explain SELECT id, c FROM sbtest6 WHERE id BETWEEN 5212593 AND 5212693
	Index Scan using sbtest6_pkey on sbtest6  (cost=0.43..388.15 rows=97 width=125)
	  Index Cond: ((id >= 5212593) AND (id <= 5212693))

table 7 : explain SELECT id, c FROM sbtest7 WHERE id BETWEEN 5212593 AND 5212693
	Index Scan using sbtest7_pkey on sbtest7  (cost=0.43..420.14 rows=105 width=125)
	  Index Cond: ((id >= 5212593) AND (id <= 5212693))

table 8 : explain SELECT id, c FROM sbtest8 WHERE id BETWEEN 5212593 AND 5212693
	Index Scan using sbtest8_pkey on sbtest8  (cost=0.43..367.31 rows=92 width=125)
	  Index Cond: ((id >= 5212593) AND (id <= 5212693))

explain: for range-notcovered :: explain SELECT id, c FROM sbtest%d WHERE id BETWEEN 3056215 AND 3056315
explain: for range-notcovered :: explain SELECT id, c FROM sbtest%d WHERE id BETWEEN 5212593 AND 5212693
for range-notcovered
table 1 : explain SELECT id, c FROM sbtest1 WHERE id BETWEEN 5853226 AND 5853326
	Index Scan using sbtest1_pkey on sbtest1  (cost=0.43..429.74 rows=107 width=125)
	  Index Cond: ((id >= 5853226) AND (id <= 5853326))

table 2 : explain SELECT id, c FROM sbtest2 WHERE id BETWEEN 5853226 AND 5853326
	Index Scan using sbtest2_pkey on sbtest2  (cost=0.43..417.12 rows=104 width=125)
	  Index Cond: ((id >= 5853226) AND (id <= 5853326))

table 3 : explain SELECT id, c FROM sbtest3 WHERE id BETWEEN 5853226 AND 5853326
	Index Scan using sbtest3_pkey on sbtest3  (cost=0.43..451.91 rows=113 width=125)
	  Index Cond: ((id >= 5853226) AND (id <= 5853326))

table 4 : explain SELECT id, c FROM sbtest4 WHERE id BETWEEN 5853226 AND 5853326
	Index Scan using sbtest4_pkey on sbtest4  (cost=0.43..364.51 rows=91 width=125)
	  Index Cond: ((id >= 5853226) AND (id <= 5853326))

table 5 : explain SELECT id, c FROM sbtest5 WHERE id BETWEEN 5853226 AND 5853326
	Index Scan using sbtest5_pkey on sbtest5  (cost=0.43..384.73 rows=96 width=125)
	  Index Cond: ((id >= 5853226) AND (id <= 5853326))

table 6 : explain SELECT id, c FROM sbtest6 WHERE id BETWEEN 5853226 AND 5853326
	Index Scan using sbtest6_pkey on sbtest6  (cost=0.43..400.03 rows=100 width=125)
	  Index Cond: ((id >= 5853226) AND (id <= 5853326))

table 7 : explain SELECT id, c FROM sbtest7 WHERE id BETWEEN 5853226 AND 5853326
	Index Scan using sbtest7_pkey on sbtest7  (cost=0.43..412.22 rows=103 width=125)
	  Index Cond: ((id >= 5853226) AND (id <= 5853326))

table 8 : explain SELECT id, c FROM sbtest8 WHERE id BETWEEN 5853226 AND 5853326
	Index Scan using sbtest8_pkey on sbtest8  (cost=0.43..383.08 rows=96 width=125)
	  Index Cond: ((id >= 5853226) AND (id <= 5853326))

explain: for range-notcovered :: explain SELECT id, c FROM sbtest%d WHERE id BETWEEN 5853226 AND 5853326
for range-notcovered
table 1 : explain SELECT id, c FROM sbtest1 WHERE id BETWEEN 6149441 AND 6149541
	Index Scan using sbtest1_pkey on sbtest1  (cost=0.43..405.90 rows=101 width=125)
	  Index Cond: ((id >= 6149441) AND (id <= 6149541))

table 2 : explain SELECT id, c FROM sbtest2 WHERE id BETWEEN 6149441 AND 6149541
	Index Scan using sbtest2_pkey on sbtest2  (cost=0.43..413.15 rows=103 width=125)
	  Index Cond: ((id >= 6149441) AND (id <= 6149541))

table 3 : explain SELECT id, c FROM sbtest3 WHERE id BETWEEN 6149441 AND 6149541
	Index Scan using sbtest3_pkey on sbtest3  (cost=0.43..392.51 rows=98 width=125)
	  Index Cond: ((id >= 6149441) AND (id <= 6149541))

table 4 : explain SELECT id, c FROM sbtest4 WHERE id BETWEEN 6149441 AND 6149541
	Index Scan using sbtest4_pkey on sbtest4  (cost=0.43..447.60 rows=112 width=125)
	  Index Cond: ((id >= 6149441) AND (id <= 6149541))

table 5 : explain SELECT id, c FROM sbtest5 WHERE id BETWEEN 6149441 AND 6149541
	Index Scan using sbtest5_pkey on sbtest5  (cost=0.43..420.39 rows=105 width=125)
	  Index Cond: ((id >= 6149441) AND (id <= 6149541))

table 6 : explain SELECT id, c FROM sbtest6 WHERE id BETWEEN 6149441 AND 6149541
	Index Scan using sbtest6_pkey on sbtest6  (cost=0.43..443.53 rows=111 width=125)
	  Index Cond: ((id >= 6149441) AND (id <= 6149541))

table 7 : explain SELECT id, c FROM sbtest7 WHERE id BETWEEN 6149441 AND 6149541
	Index Scan using sbtest7_pkey on sbtest7  (cost=0.43..368.67 rows=92 width=125)
	  Index Cond: ((id >= 6149441) AND (id <= 6149541))

table 8 : explain SELECT id, c FROM sbtest8 WHERE id BETWEEN 6149441 AND 6149541
	Index Scan using sbtest8_pkey on sbtest8  (cost=0.43..359.42 rows=90 width=125)
	  Index Cond: ((id >= 6149441) AND (id <= 6149541))

explain: for range-notcovered :: explain SELECT id, c FROM sbtest%d WHERE id BETWEEN 6149441 AND 6149541
for range-notcovered
table 1 : explain SELECT id, c FROM sbtest1 WHERE id BETWEEN 5212593 AND 5212693
	Index Scan using sbtest1_pkey on sbtest1  (cost=0.43..362.17 rows=90 width=125)
	  Index Cond: ((id >= 5212593) AND (id <= 5212693))

table 2 : explain SELECT id, c FROM sbtest2 WHERE id BETWEEN 5212593 AND 5212693
	Index Scan using sbtest2_pkey on sbtest2  (cost=0.43..373.47 rows=93 width=125)
	  Index Cond: ((id >= 5212593) AND (id <= 5212693))

table 3 : explain SELECT id, c FROM sbtest3 WHERE id BETWEEN 5212593 AND 5212693
	Index Scan using sbtest3_pkey on sbtest3  (cost=0.43..412.32 rows=103 width=125)
	  Index Cond: ((id >= 5212593) AND (id <= 5212693))

table 4 : explain SELECT id, c FROM sbtest4 WHERE id BETWEEN 5212593 AND 5212693
	Index Scan using sbtest4_pkey on sbtest4  (cost=0.43..400.13 rows=100 width=125)
	  Index Cond: ((id >= 5212593) AND (id <= 5212693))

table 5 : explain SELECT id, c FROM sbtest5 WHERE id BETWEEN 5212593 AND 5212693
	Index Scan using sbtest5_pkey on sbtest5  (cost=0.43..408.51 rows=102 width=125)
	  Index Cond: ((id >= 5212593) AND (id <= 5212693))

table 6 : explain SELECT id, c FROM sbtest6 WHERE id BETWEEN 5212593 AND 5212693
	Index Scan using sbtest6_pkey on sbtest6  (cost=0.43..388.15 rows=97 width=125)
	  Index Cond: ((id >= 5212593) AND (id <= 5212693))

table 7 : explain SELECT id, c FROM sbtest7 WHERE id BETWEEN 5212593 AND 5212693
	Index Scan using sbtest7_pkey on sbtest7  (cost=0.43..420.14 rows=105 width=125)
	  Index Cond: ((id >= 5212593) AND (id <= 5212693))

table 8 : explain SELECT id, c FROM sbtest8 WHERE id BETWEEN 5212593 AND 5212693
	Index Scan using sbtest8_pkey on sbtest8  (cost=0.43..367.31 rows=92 width=125)
	  Index Cond: ((id >= 5212593) AND (id <= 5212693))

explain: for range-notcovered :: explain SELECT id, c FROM sbtest%d WHERE id BETWEEN 5212593 AND 5212693
for range-notcovered
table 1 : explain SELECT id, c FROM sbtest1 WHERE id BETWEEN 6149441 AND 6149541
	Index Scan using sbtest1_pkey on sbtest1  (cost=0.43..405.90 rows=101 width=125)
	  Index Cond: ((id >= 6149441) AND (id <= 6149541))

table 2 : explain SELECT id, c FROM sbtest2 WHERE id BETWEEN 6149441 AND 6149541
	Index Scan using sbtest2_pkey on sbtest2  (cost=0.43..413.15 rows=103 width=125)
	  Index Cond: ((id >= 6149441) AND (id <= 6149541))

table 3 : explain SELECT id, c FROM sbtest3 WHERE id BETWEEN 6149441 AND 6149541
	Index Scan using sbtest3_pkey on sbtest3  (cost=0.43..392.51 rows=98 width=125)
	  Index Cond: ((id >= 6149441) AND (id <= 6149541))

table 4 : explain SELECT id, c FROM sbtest4 WHERE id BETWEEN 6149441 AND 6149541
	Index Scan using sbtest4_pkey on sbtest4  (cost=0.43..447.60 rows=112 width=125)
	  Index Cond: ((id >= 6149441) AND (id <= 6149541))

table 5 : explain SELECT id, c FROM sbtest5 WHERE id BETWEEN 6149441 AND 6149541
	Index Scan using sbtest5_pkey on sbtest5  (cost=0.43..420.39 rows=105 width=125)
	  Index Cond: ((id >= 6149441) AND (id <= 6149541))

table 6 : explain SELECT id, c FROM sbtest6 WHERE id BETWEEN 6149441 AND 6149541
	Index Scan using sbtest6_pkey on sbtest6  (cost=0.43..443.53 rows=111 width=125)
	  Index Cond: ((id >= 6149441) AND (id <= 6149541))

table 7 : explain SELECT id, c FROM sbtest7 WHERE id BETWEEN 6149441 AND 6149541
	Index Scan using sbtest7_pkey on sbtest7  (cost=0.43..368.67 rows=92 width=125)
	  Index Cond: ((id >= 6149441) AND (id <= 6149541))

table 8 : explain SELECT id, c FROM sbtest8 WHERE id BETWEEN 6149441 AND 6149541
	Index Scan using sbtest8_pkey on sbtest8  (cost=0.43..359.42 rows=90 width=125)
	  Index Cond: ((id >= 6149441) AND (id <= 6149541))

explain: for range-notcovered :: explain SELECT id, c FROM sbtest%d WHERE id BETWEEN 6149441 AND 6149541
for range-notcovered
table 1 : explain SELECT id, c FROM sbtest1 WHERE id BETWEEN 3056215 AND 3056315
	Index Scan using sbtest1_pkey on sbtest1  (cost=0.43..465.51 rows=116 width=125)
	  Index Cond: ((id >= 3056215) AND (id <= 3056315))

table 2 : explain SELECT id, c FROM sbtest2 WHERE id BETWEEN 3056215 AND 3056315
	Index Scan using sbtest2_pkey on sbtest2  (cost=0.43..421.09 rows=105 width=125)
	  Index Cond: ((id >= 3056215) AND (id <= 3056315))

table 3 : explain SELECT id, c FROM sbtest3 WHERE id BETWEEN 3056215 AND 3056315
	Index Scan using sbtest3_pkey on sbtest3  (cost=0.43..388.55 rows=97 width=125)
	  Index Cond: ((id >= 3056215) AND (id <= 3056315))

table 4 : explain SELECT id, c FROM sbtest4 WHERE id BETWEEN 3056215 AND 3056315
	Index Scan using sbtest4_pkey on sbtest4  (cost=0.43..388.25 rows=97 width=125)
	  Index Cond: ((id >= 3056215) AND (id <= 3056315))

table 5 : explain SELECT id, c FROM sbtest5 WHERE id BETWEEN 3056215 AND 3056315
	Index Scan using sbtest5_pkey on sbtest5  (cost=0.43..412.47 rows=103 width=125)
	  Index Cond: ((id >= 3056215) AND (id <= 3056315))

table 6 : explain SELECT id, c FROM sbtest6 WHERE id BETWEEN 3056215 AND 3056315
	Index Scan using sbtest6_pkey on sbtest6  (cost=0.43..388.15 rows=97 width=125)
	  Index Cond: ((id >= 3056215) AND (id <= 3056315))

table 7 : explain SELECT id, c FROM sbtest7 WHERE id BETWEEN 3056215 AND 3056315
	Index Scan using sbtest7_pkey on sbtest7  (cost=0.43..443.89 rows=111 width=125)
	  Index Cond: ((id >= 3056215) AND (id <= 3056315))

table 8 : explain SELECT id, c FROM sbtest8 WHERE id BETWEEN 3056215 AND 3056315
	Index Scan using sbtest8_pkey on sbtest8  (cost=0.43..426.48 rows=107 width=125)
	  Index Cond: ((id >= 3056215) AND (id <= 3056315))

for range-notcovered
table 1 : explain SELECT id, c FROM sbtest1 WHERE id BETWEEN 5853226 AND 5853326
	Index Scan using sbtest1_pkey on sbtest1  (cost=0.43..429.74 rows=107 width=125)
	  Index Cond: ((id >= 5853226) AND (id <= 5853326))

table 2 : explain SELECT id, c FROM sbtest2 WHERE id BETWEEN 5853226 AND 5853326
	Index Scan using sbtest2_pkey on sbtest2  (cost=0.43..417.12 rows=104 width=125)
	  Index Cond: ((id >= 5853226) AND (id <= 5853326))

table 3 : explain SELECT id, c FROM sbtest3 WHERE id BETWEEN 5853226 AND 5853326
	Index Scan using sbtest3_pkey on sbtest3  (cost=0.43..451.91 rows=113 width=125)
	  Index Cond: ((id >= 5853226) AND (id <= 5853326))

table 4 : explain SELECT id, c FROM sbtest4 WHERE id BETWEEN 5853226 AND 5853326
	Index Scan using sbtest4_pkey on sbtest4  (cost=0.43..364.51 rows=91 width=125)
	  Index Cond: ((id >= 5853226) AND (id <= 5853326))

table 5 : explain SELECT id, c FROM sbtest5 WHERE id BETWEEN 5853226 AND 5853326
	Index Scan using sbtest5_pkey on sbtest5  (cost=0.43..384.73 rows=96 width=125)
	  Index Cond: ((id >= 5853226) AND (id <= 5853326))

table 6 : explain SELECT id, c FROM sbtest6 WHERE id BETWEEN 5853226 AND 5853326
	Index Scan using sbtest6_pkey on sbtest6  (cost=0.43..400.03 rows=100 width=125)
	  Index Cond: ((id >= 5853226) AND (id <= 5853326))

table 7 : explain SELECT id, c FROM sbtest7 WHERE id BETWEEN 5853226 AND 5853326
	Index Scan using sbtest7_pkey on sbtest7  (cost=0.43..412.22 rows=103 width=125)
	  Index Cond: ((id >= 5853226) AND (id <= 5853326))

table 8 : explain SELECT id, c FROM sbtest8 WHERE id BETWEEN 5853226 AND 5853326
	Index Scan using sbtest8_pkey on sbtest8  (cost=0.43..383.08 rows=96 width=125)
	  Index Cond: ((id >= 5853226) AND (id <= 5853326))

explain: for range-notcovered :: explain SELECT id, c FROM sbtest%d WHERE id BETWEEN 5853226 AND 5853326
for range-notcovered
table 1 : explain SELECT id, c FROM sbtest1 WHERE id BETWEEN 6149441 AND 6149541
	Index Scan using sbtest1_pkey on sbtest1  (cost=0.43..405.90 rows=101 width=125)
	  Index Cond: ((id >= 6149441) AND (id <= 6149541))

table 2 : explain SELECT id, c FROM sbtest2 WHERE id BETWEEN 6149441 AND 6149541
	Index Scan using sbtest2_pkey on sbtest2  (cost=0.43..413.15 rows=103 width=125)
	  Index Cond: ((id >= 6149441) AND (id <= 6149541))

table 3 : explain SELECT id, c FROM sbtest3 WHERE id BETWEEN 6149441 AND 6149541
	Index Scan using sbtest3_pkey on sbtest3  (cost=0.43..392.51 rows=98 width=125)
	  Index Cond: ((id >= 6149441) AND (id <= 6149541))

table 4 : explain SELECT id, c FROM sbtest4 WHERE id BETWEEN 6149441 AND 6149541
	Index Scan using sbtest4_pkey on sbtest4  (cost=0.43..447.60 rows=112 width=125)
	  Index Cond: ((id >= 6149441) AND (id <= 6149541))

table 5 : explain SELECT id, c FROM sbtest5 WHERE id BETWEEN 6149441 AND 6149541
	Index Scan using sbtest5_pkey on sbtest5  (cost=0.43..420.39 rows=105 width=125)
	  Index Cond: ((id >= 6149441) AND (id <= 6149541))

table 6 : explain SELECT id, c FROM sbtest6 WHERE id BETWEEN 6149441 AND 6149541
	Index Scan using sbtest6_pkey on sbtest6  (cost=0.43..443.53 rows=111 width=125)
	  Index Cond: ((id >= 6149441) AND (id <= 6149541))

table 7 : explain SELECT id, c FROM sbtest7 WHERE id BETWEEN 6149441 AND 6149541
	Index Scan using sbtest7_pkey on sbtest7  (cost=0.43..368.67 rows=92 width=125)
	  Index Cond: ((id >= 6149441) AND (id <= 6149541))

table 8 : explain SELECT id, c FROM sbtest8 WHERE id BETWEEN 6149441 AND 6149541
	Index Scan using sbtest8_pkey on sbtest8  (cost=0.43..359.42 rows=90 width=125)
	  Index Cond: ((id >= 6149441) AND (id <= 6149541))

explain: for range-notcovered :: explain SELECT id, c FROM sbtest%d WHERE id BETWEEN 6149441 AND 6149541
for range-notcovered
table 1 : explain SELECT id, c FROM sbtest1 WHERE id BETWEEN 3739386 AND 3739486
	Index Scan using sbtest1_pkey on sbtest1  (cost=0.43..409.87 rows=102 width=125)
	  Index Cond: ((id >= 3739386) AND (id <= 3739486))

table 2 : explain SELECT id, c FROM sbtest2 WHERE id BETWEEN 3739386 AND 3739486
	Index Scan using sbtest2_pkey on sbtest2  (cost=0.43..413.15 rows=103 width=125)
	  Index Cond: ((id >= 3739386) AND (id <= 3739486))

table 3 : explain SELECT id, c FROM sbtest3 WHERE id BETWEEN 3739386 AND 3739486
	Index Scan using sbtest3_pkey on sbtest3  (cost=0.43..408.36 rows=102 width=125)
	  Index Cond: ((id >= 3739386) AND (id <= 3739486))

table 4 : explain SELECT id, c FROM sbtest4 WHERE id BETWEEN 3739386 AND 3739486
	Index Scan using sbtest4_pkey on sbtest4  (cost=0.43..384.29 rows=96 width=125)
	  Index Cond: ((id >= 3739386) AND (id <= 3739486))

table 5 : explain SELECT id, c FROM sbtest5 WHERE id BETWEEN 3739386 AND 3739486
	Index Scan using sbtest5_pkey on sbtest5  (cost=0.43..392.66 rows=98 width=125)
	  Index Cond: ((id >= 3739386) AND (id <= 3739486))

table 6 : explain SELECT id, c FROM sbtest6 WHERE id BETWEEN 3739386 AND 3739486
	Index Scan using sbtest6_pkey on sbtest6  (cost=0.43..419.80 rows=105 width=125)
	  Index Cond: ((id >= 3739386) AND (id <= 3739486))

table 7 : explain SELECT id, c FROM sbtest7 WHERE id BETWEEN 3739386 AND 3739486
	Index Scan using sbtest7_pkey on sbtest7  (cost=0.43..408.26 rows=102 width=125)
	  Index Cond: ((id >= 3739386) AND (id <= 3739486))

table 8 : explain SELECT id, c FROM sbtest8 WHERE id BETWEEN 3739386 AND 3739486
	Index Scan using sbtest8_pkey on sbtest8  (cost=0.43..438.31 rows=110 width=125)
	  Index Cond: ((id >= 3739386) AND (id <= 3739486))

explain: for range-notcovered :: explain SELECT id, c FROM sbtest%d WHERE id BETWEEN 3739386 AND 3739486
for range-notcovered
table 1 : explain SELECT id, c FROM sbtest1 WHERE id BETWEEN 6149441 AND 6149541
	Index Scan using sbtest1_pkey on sbtest1  (cost=0.43..405.90 rows=101 width=125)
	  Index Cond: ((id >= 6149441) AND (id <= 6149541))

table 2 : explain SELECT id, c FROM sbtest2 WHERE id BETWEEN 6149441 AND 6149541
	Index Scan using sbtest2_pkey on sbtest2  (cost=0.43..413.15 rows=103 width=125)
	  Index Cond: ((id >= 6149441) AND (id <= 6149541))

table 3 : explain SELECT id, c FROM sbtest3 WHERE id BETWEEN 6149441 AND 6149541
	Index Scan using sbtest3_pkey on sbtest3  (cost=0.43..392.51 rows=98 width=125)
	  Index Cond: ((id >= 6149441) AND (id <= 6149541))

table 4 : explain SELECT id, c FROM sbtest4 WHERE id BETWEEN 6149441 AND 6149541
	Index Scan using sbtest4_pkey on sbtest4  (cost=0.43..447.60 rows=112 width=125)
	  Index Cond: ((id >= 6149441) AND (id <= 6149541))

table 5 : explain SELECT id, c FROM sbtest5 WHERE id BETWEEN 6149441 AND 6149541
	Index Scan using sbtest5_pkey on sbtest5  (cost=0.43..420.39 rows=105 width=125)
	  Index Cond: ((id >= 6149441) AND (id <= 6149541))

table 6 : explain SELECT id, c FROM sbtest6 WHERE id BETWEEN 6149441 AND 6149541
	Index Scan using sbtest6_pkey on sbtest6  (cost=0.43..443.53 rows=111 width=125)
	  Index Cond: ((id >= 6149441) AND (id <= 6149541))

table 7 : explain SELECT id, c FROM sbtest7 WHERE id BETWEEN 6149441 AND 6149541
	Index Scan using sbtest7_pkey on sbtest7  (cost=0.43..368.67 rows=92 width=125)
	  Index Cond: ((id >= 6149441) AND (id <= 6149541))

table 8 : explain SELECT id, c FROM sbtest8 WHERE id BETWEEN 6149441 AND 6149541
	Index Scan using sbtest8_pkey on sbtest8  (cost=0.43..359.42 rows=90 width=125)
	  Index Cond: ((id >= 6149441) AND (id <= 6149541))

explain: for range-notcovered :: explain SELECT id, c FROM sbtest%d WHERE id BETWEEN 6149441 AND 6149541
for range-notcovered
table 1 : explain SELECT id, c FROM sbtest1 WHERE id BETWEEN 8915763 AND 8915863
	Index Scan using sbtest1_pkey on sbtest1  (cost=0.43..405.88 rows=101 width=125)
	  Index Cond: ((id >= 8915763) AND (id <= 8915863))

table 2 : explain SELECT id, c FROM sbtest2 WHERE id BETWEEN 8915763 AND 8915863
	Index Scan using sbtest2_pkey on sbtest2  (cost=0.43..385.37 rows=96 width=125)
	  Index Cond: ((id >= 8915763) AND (id <= 8915863))

table 3 : explain SELECT id, c FROM sbtest3 WHERE id BETWEEN 8915763 AND 8915863
	Index Scan using sbtest3_pkey on sbtest3  (cost=0.43..400.44 rows=100 width=125)
	  Index Cond: ((id >= 8915763) AND (id <= 8915863))

table 4 : explain SELECT id, c FROM sbtest4 WHERE id BETWEEN 8915763 AND 8915863
	Index Scan using sbtest4_pkey on sbtest4  (cost=0.43..412.00 rows=103 width=125)
	  Index Cond: ((id >= 8915763) AND (id <= 8915863))

table 5 : explain SELECT id, c FROM sbtest5 WHERE id BETWEEN 8915763 AND 8915863
	Index Scan using sbtest5_pkey on sbtest5  (cost=0.43..400.58 rows=100 width=125)
	  Index Cond: ((id >= 8915763) AND (id <= 8915863))

table 6 : explain SELECT id, c FROM sbtest6 WHERE id BETWEEN 8915763 AND 8915863
	Index Scan using sbtest6_pkey on sbtest6  (cost=0.43..407.94 rows=102 width=125)
	  Index Cond: ((id >= 8915763) AND (id <= 8915863))

table 7 : explain SELECT id, c FROM sbtest7 WHERE id BETWEEN 8915763 AND 8915863
	Index Scan using sbtest7_pkey on sbtest7  (cost=0.43..432.01 rows=108 width=125)
	  Index Cond: ((id >= 8915763) AND (id <= 8915863))

table 8 : explain SELECT id, c FROM sbtest8 WHERE id BETWEEN 8915763 AND 8915863
	Index Scan using sbtest8_pkey on sbtest8  (cost=0.43..414.65 rows=104 width=125)
	  Index Cond: ((id >= 8915763) AND (id <= 8915863))

for range-notcovered
table 1 : explain SELECT id, c FROM sbtest1 WHERE id BETWEEN 6149441 AND 6149541
	Index Scan using sbtest1_pkey on sbtest1  (cost=0.43..405.90 rows=101 width=125)
	  Index Cond: ((id >= 6149441) AND (id <= 6149541))

table 2 : explain SELECT id, c FROM sbtest2 WHERE id BETWEEN 6149441 AND 6149541
	Index Scan using sbtest2_pkey on sbtest2  (cost=0.43..413.15 rows=103 width=125)
	  Index Cond: ((id >= 6149441) AND (id <= 6149541))

table 3 : explain SELECT id, c FROM sbtest3 WHERE id BETWEEN 6149441 AND 6149541
	Index Scan using sbtest3_pkey on sbtest3  (cost=0.43..392.51 rows=98 width=125)
	  Index Cond: ((id >= 6149441) AND (id <= 6149541))

table 4 : explain SELECT id, c FROM sbtest4 WHERE id BETWEEN 6149441 AND 6149541
	Index Scan using sbtest4_pkey on sbtest4  (cost=0.43..447.60 rows=112 width=125)
	  Index Cond: ((id >= 6149441) AND (id <= 6149541))

table 5 : explain SELECT id, c FROM sbtest5 WHERE id BETWEEN 6149441 AND 6149541
	Index Scan using sbtest5_pkey on sbtest5  (cost=0.43..420.39 rows=105 width=125)
	  Index Cond: ((id >= 6149441) AND (id <= 6149541))

table 6 : explain SELECT id, c FROM sbtest6 WHERE id BETWEEN 6149441 AND 6149541
	Index Scan using sbtest6_pkey on sbtest6  (cost=0.43..443.53 rows=111 width=125)
	  Index Cond: ((id >= 6149441) AND (id <= 6149541))

table 7 : explain SELECT id, c FROM sbtest7 WHERE id BETWEEN 6149441 AND 6149541
	Index Scan using sbtest7_pkey on sbtest7  (cost=0.43..368.67 rows=92 width=125)
	  Index Cond: ((id >= 6149441) AND (id <= 6149541))

table 8 : explain SELECT id, c FROM sbtest8 WHERE id BETWEEN 6149441 AND 6149541
	Index Scan using sbtest8_pkey on sbtest8  (cost=0.43..359.42 rows=90 width=125)
	  Index Cond: ((id >= 6149441) AND (id <= 6149541))

explain: for range-notcovered :: explain SELECT id, c FROM sbtest%d WHERE id BETWEEN 6149441 AND 6149541
explain: for range-notcovered :: explain SELECT id, c FROM sbtest%d WHERE id BETWEEN 8915763 AND 8915863
for range-notcovered
table 1 : explain SELECT id, c FROM sbtest1 WHERE id BETWEEN 5853226 AND 5853326
	Index Scan using sbtest1_pkey on sbtest1  (cost=0.43..429.74 rows=107 width=125)
	  Index Cond: ((id >= 5853226) AND (id <= 5853326))

table 2 : explain SELECT id, c FROM sbtest2 WHERE id BETWEEN 5853226 AND 5853326
	Index Scan using sbtest2_pkey on sbtest2  (cost=0.43..417.12 rows=104 width=125)
	  Index Cond: ((id >= 5853226) AND (id <= 5853326))

table 3 : explain SELECT id, c FROM sbtest3 WHERE id BETWEEN 5853226 AND 5853326
	Index Scan using sbtest3_pkey on sbtest3  (cost=0.43..451.91 rows=113 width=125)
	  Index Cond: ((id >= 5853226) AND (id <= 5853326))

table 4 : explain SELECT id, c FROM sbtest4 WHERE id BETWEEN 5853226 AND 5853326
	Index Scan using sbtest4_pkey on sbtest4  (cost=0.43..364.51 rows=91 width=125)
	  Index Cond: ((id >= 5853226) AND (id <= 5853326))

table 5 : explain SELECT id, c FROM sbtest5 WHERE id BETWEEN 5853226 AND 5853326
	Index Scan using sbtest5_pkey on sbtest5  (cost=0.43..384.73 rows=96 width=125)
	  Index Cond: ((id >= 5853226) AND (id <= 5853326))

table 6 : explain SELECT id, c FROM sbtest6 WHERE id BETWEEN 5853226 AND 5853326
	Index Scan using sbtest6_pkey on sbtest6  (cost=0.43..400.03 rows=100 width=125)
	  Index Cond: ((id >= 5853226) AND (id <= 5853326))

table 7 : explain SELECT id, c FROM sbtest7 WHERE id BETWEEN 5853226 AND 5853326
	Index Scan using sbtest7_pkey on sbtest7  (cost=0.43..412.22 rows=103 width=125)
	  Index Cond: ((id >= 5853226) AND (id <= 5853326))

table 8 : explain SELECT id, c FROM sbtest8 WHERE id BETWEEN 5853226 AND 5853326
	Index Scan using sbtest8_pkey on sbtest8  (cost=0.43..383.08 rows=96 width=125)
	  Index Cond: ((id >= 5853226) AND (id <= 5853326))

explain: for range-notcovered :: explain SELECT id, c FROM sbtest%d WHERE id BETWEEN 279089 AND 279189
explain: for range-notcovered :: explain SELECT id, c FROM sbtest%d WHERE id BETWEEN 5853226 AND 5853326
for range-notcovered
table 1 : explain SELECT id, c FROM sbtest1 WHERE id BETWEEN 5212593 AND 5212693
	Index Scan using sbtest1_pkey on sbtest1  (cost=0.43..362.17 rows=90 width=125)
	  Index Cond: ((id >= 5212593) AND (id <= 5212693))

table 2 : explain SELECT id, c FROM sbtest2 WHERE id BETWEEN 5212593 AND 5212693
	Index Scan using sbtest2_pkey on sbtest2  (cost=0.43..373.47 rows=93 width=125)
	  Index Cond: ((id >= 5212593) AND (id <= 5212693))

table 3 : explain SELECT id, c FROM sbtest3 WHERE id BETWEEN 5212593 AND 5212693
	Index Scan using sbtest3_pkey on sbtest3  (cost=0.43..412.32 rows=103 width=125)
	  Index Cond: ((id >= 5212593) AND (id <= 5212693))

table 4 : explain SELECT id, c FROM sbtest4 WHERE id BETWEEN 5212593 AND 5212693
	Index Scan using sbtest4_pkey on sbtest4  (cost=0.43..400.13 rows=100 width=125)
	  Index Cond: ((id >= 5212593) AND (id <= 5212693))

table 5 : explain SELECT id, c FROM sbtest5 WHERE id BETWEEN 5212593 AND 5212693
	Index Scan using sbtest5_pkey on sbtest5  (cost=0.43..408.51 rows=102 width=125)
	  Index Cond: ((id >= 5212593) AND (id <= 5212693))

table 6 : explain SELECT id, c FROM sbtest6 WHERE id BETWEEN 5212593 AND 5212693
	Index Scan using sbtest6_pkey on sbtest6  (cost=0.43..388.15 rows=97 width=125)
	  Index Cond: ((id >= 5212593) AND (id <= 5212693))

table 7 : explain SELECT id, c FROM sbtest7 WHERE id BETWEEN 5212593 AND 5212693
	Index Scan using sbtest7_pkey on sbtest7  (cost=0.43..420.14 rows=105 width=125)
	  Index Cond: ((id >= 5212593) AND (id <= 5212693))

table 8 : explain SELECT id, c FROM sbtest8 WHERE id BETWEEN 5212593 AND 5212693
	Index Scan using sbtest8_pkey on sbtest8  (cost=0.43..367.31 rows=92 width=125)
	  Index Cond: ((id >= 5212593) AND (id <= 5212693))

explain: for range-notcovered :: explain SELECT id, c FROM sbtest%d WHERE id BETWEEN 5212593 AND 5212693
explain: for range-notcovered :: explain SELECT id, c FROM sbtest%d WHERE id BETWEEN 4873647 AND 4873747
for range-notcovered
table 1 : explain SELECT id, c FROM sbtest1 WHERE id BETWEEN 8915763 AND 8915863
	Index Scan using sbtest1_pkey on sbtest1  (cost=0.43..405.88 rows=101 width=125)
	  Index Cond: ((id >= 8915763) AND (id <= 8915863))

table 2 : explain SELECT id, c FROM sbtest2 WHERE id BETWEEN 8915763 AND 8915863
	Index Scan using sbtest2_pkey on sbtest2  (cost=0.43..385.37 rows=96 width=125)
	  Index Cond: ((id >= 8915763) AND (id <= 8915863))

table 3 : explain SELECT id, c FROM sbtest3 WHERE id BETWEEN 8915763 AND 8915863
	Index Scan using sbtest3_pkey on sbtest3  (cost=0.43..400.44 rows=100 width=125)
	  Index Cond: ((id >= 8915763) AND (id <= 8915863))

table 4 : explain SELECT id, c FROM sbtest4 WHERE id BETWEEN 8915763 AND 8915863
	Index Scan using sbtest4_pkey on sbtest4  (cost=0.43..412.00 rows=103 width=125)
	  Index Cond: ((id >= 8915763) AND (id <= 8915863))

table 5 : explain SELECT id, c FROM sbtest5 WHERE id BETWEEN 8915763 AND 8915863
	Index Scan using sbtest5_pkey on sbtest5  (cost=0.43..400.58 rows=100 width=125)
	  Index Cond: ((id >= 8915763) AND (id <= 8915863))

table 6 : explain SELECT id, c FROM sbtest6 WHERE id BETWEEN 8915763 AND 8915863
	Index Scan using sbtest6_pkey on sbtest6  (cost=0.43..407.94 rows=102 width=125)
	  Index Cond: ((id >= 8915763) AND (id <= 8915863))

table 7 : explain SELECT id, c FROM sbtest7 WHERE id BETWEEN 8915763 AND 8915863
	Index Scan using sbtest7_pkey on sbtest7  (cost=0.43..432.01 rows=108 width=125)
	  Index Cond: ((id >= 8915763) AND (id <= 8915863))

table 8 : explain SELECT id, c FROM sbtest8 WHERE id BETWEEN 8915763 AND 8915863
	Index Scan using sbtest8_pkey on sbtest8  (cost=0.43..414.65 rows=104 width=125)
	  Index Cond: ((id >= 8915763) AND (id <= 8915863))

explain: for range-notcovered :: explain SELECT id, c FROM sbtest%d WHERE id BETWEEN 3493077 AND 3493177
for range-notcovered
table 1 : explain SELECT id, c FROM sbtest1 WHERE id BETWEEN 3739386 AND 3739486
	Index Scan using sbtest1_pkey on sbtest1  (cost=0.43..409.87 rows=102 width=125)
	  Index Cond: ((id >= 3739386) AND (id <= 3739486))

table 2 : explain SELECT id, c FROM sbtest2 WHERE id BETWEEN 3739386 AND 3739486
	Index Scan using sbtest2_pkey on sbtest2  (cost=0.43..413.15 rows=103 width=125)
	  Index Cond: ((id >= 3739386) AND (id <= 3739486))

table 3 : explain SELECT id, c FROM sbtest3 WHERE id BETWEEN 3739386 AND 3739486
	Index Scan using sbtest3_pkey on sbtest3  (cost=0.43..408.36 rows=102 width=125)
	  Index Cond: ((id >= 3739386) AND (id <= 3739486))

table 4 : explain SELECT id, c FROM sbtest4 WHERE id BETWEEN 3739386 AND 3739486
	Index Scan using sbtest4_pkey on sbtest4  (cost=0.43..384.29 rows=96 width=125)
	  Index Cond: ((id >= 3739386) AND (id <= 3739486))

table 5 : explain SELECT id, c FROM sbtest5 WHERE id BETWEEN 3739386 AND 3739486
	Index Scan using sbtest5_pkey on sbtest5  (cost=0.43..392.66 rows=98 width=125)
	  Index Cond: ((id >= 3739386) AND (id <= 3739486))

table 6 : explain SELECT id, c FROM sbtest6 WHERE id BETWEEN 3739386 AND 3739486
	Index Scan using sbtest6_pkey on sbtest6  (cost=0.43..419.80 rows=105 width=125)
	  Index Cond: ((id >= 3739386) AND (id <= 3739486))

table 7 : explain SELECT id, c FROM sbtest7 WHERE id BETWEEN 3739386 AND 3739486
	Index Scan using sbtest7_pkey on sbtest7  (cost=0.43..408.26 rows=102 width=125)
	  Index Cond: ((id >= 3739386) AND (id <= 3739486))

table 8 : explain SELECT id, c FROM sbtest8 WHERE id BETWEEN 3739386 AND 3739486
	Index Scan using sbtest8_pkey on sbtest8  (cost=0.43..438.31 rows=110 width=125)
	  Index Cond: ((id >= 3739386) AND (id <= 3739486))

explain: for range-notcovered :: explain SELECT id, c FROM sbtest%d WHERE id BETWEEN 8915763 AND 8915863
for range-notcovered
table 1 : explain SELECT id, c FROM sbtest1 WHERE id BETWEEN 6149441 AND 6149541
	Index Scan using sbtest1_pkey on sbtest1  (cost=0.43..405.90 rows=101 width=125)
	  Index Cond: ((id >= 6149441) AND (id <= 6149541))

table 2 : explain SELECT id, c FROM sbtest2 WHERE id BETWEEN 6149441 AND 6149541
	Index Scan using sbtest2_pkey on sbtest2  (cost=0.43..413.15 rows=103 width=125)
	  Index Cond: ((id >= 6149441) AND (id <= 6149541))

table 3 : explain SELECT id, c FROM sbtest3 WHERE id BETWEEN 6149441 AND 6149541
	Index Scan using sbtest3_pkey on sbtest3  (cost=0.43..392.51 rows=98 width=125)
	  Index Cond: ((id >= 6149441) AND (id <= 6149541))

table 4 : explain SELECT id, c FROM sbtest4 WHERE id BETWEEN 6149441 AND 6149541
	Index Scan using sbtest4_pkey on sbtest4  (cost=0.43..447.60 rows=112 width=125)
	  Index Cond: ((id >= 6149441) AND (id <= 6149541))

table 5 : explain SELECT id, c FROM sbtest5 WHERE id BETWEEN 6149441 AND 6149541
	Index Scan using sbtest5_pkey on sbtest5  (cost=0.43..420.39 rows=105 width=125)
	  Index Cond: ((id >= 6149441) AND (id <= 6149541))

table 6 : explain SELECT id, c FROM sbtest6 WHERE id BETWEEN 6149441 AND 6149541
	Index Scan using sbtest6_pkey on sbtest6  (cost=0.43..443.53 rows=111 width=125)
	  Index Cond: ((id >= 6149441) AND (id <= 6149541))

table 7 : explain SELECT id, c FROM sbtest7 WHERE id BETWEEN 6149441 AND 6149541
	Index Scan using sbtest7_pkey on sbtest7  (cost=0.43..368.67 rows=92 width=125)
	  Index Cond: ((id >= 6149441) AND (id <= 6149541))

table 8 : explain SELECT id, c FROM sbtest8 WHERE id BETWEEN 6149441 AND 6149541
	Index Scan using sbtest8_pkey on sbtest8  (cost=0.43..359.42 rows=90 width=125)
	  Index Cond: ((id >= 6149441) AND (id <= 6149541))

explain: for range-notcovered :: explain SELECT id, c FROM sbtest%d WHERE id BETWEEN 6149441 AND 6149541
for range-notcovered
table 1 : explain SELECT id, c FROM sbtest1 WHERE id BETWEEN 8915763 AND 8915863
	Index Scan using sbtest1_pkey on sbtest1  (cost=0.43..405.88 rows=101 width=125)
	  Index Cond: ((id >= 8915763) AND (id <= 8915863))

table 2 : explain SELECT id, c FROM sbtest2 WHERE id BETWEEN 8915763 AND 8915863
	Index Scan using sbtest2_pkey on sbtest2  (cost=0.43..385.37 rows=96 width=125)
	  Index Cond: ((id >= 8915763) AND (id <= 8915863))

table 3 : explain SELECT id, c FROM sbtest3 WHERE id BETWEEN 8915763 AND 8915863
	Index Scan using sbtest3_pkey on sbtest3  (cost=0.43..400.44 rows=100 width=125)
	  Index Cond: ((id >= 8915763) AND (id <= 8915863))

table 4 : explain SELECT id, c FROM sbtest4 WHERE id BETWEEN 8915763 AND 8915863
	Index Scan using sbtest4_pkey on sbtest4  (cost=0.43..412.00 rows=103 width=125)
	  Index Cond: ((id >= 8915763) AND (id <= 8915863))

table 5 : explain SELECT id, c FROM sbtest5 WHERE id BETWEEN 8915763 AND 8915863
	Index Scan using sbtest5_pkey on sbtest5  (cost=0.43..400.58 rows=100 width=125)
	  Index Cond: ((id >= 8915763) AND (id <= 8915863))

table 6 : explain SELECT id, c FROM sbtest6 WHERE id BETWEEN 8915763 AND 8915863
	Index Scan using sbtest6_pkey on sbtest6  (cost=0.43..407.94 rows=102 width=125)
	  Index Cond: ((id >= 8915763) AND (id <= 8915863))

table 7 : explain SELECT id, c FROM sbtest7 WHERE id BETWEEN 8915763 AND 8915863
	Index Scan using sbtest7_pkey on sbtest7  (cost=0.43..432.01 rows=108 width=125)
	  Index Cond: ((id >= 8915763) AND (id <= 8915863))

table 8 : explain SELECT id, c FROM sbtest8 WHERE id BETWEEN 8915763 AND 8915863
	Index Scan using sbtest8_pkey on sbtest8  (cost=0.43..414.65 rows=104 width=125)
	  Index Cond: ((id >= 8915763) AND (id <= 8915863))

explain: for range-notcovered :: explain SELECT id, c FROM sbtest%d WHERE id BETWEEN 3739386 AND 3739486
explain: for range-notcovered :: explain SELECT id, c FROM sbtest%d WHERE id BETWEEN 8915763 AND 8915863
for range-notcovered
table 1 : explain SELECT id, c FROM sbtest1 WHERE id BETWEEN 5853226 AND 5853326
	Index Scan using sbtest1_pkey on sbtest1  (cost=0.43..429.74 rows=107 width=125)
	  Index Cond: ((id >= 5853226) AND (id <= 5853326))

table 2 : explain SELECT id, c FROM sbtest2 WHERE id BETWEEN 5853226 AND 5853326
	Index Scan using sbtest2_pkey on sbtest2  (cost=0.43..417.12 rows=104 width=125)
	  Index Cond: ((id >= 5853226) AND (id <= 5853326))

table 3 : explain SELECT id, c FROM sbtest3 WHERE id BETWEEN 5853226 AND 5853326
	Index Scan using sbtest3_pkey on sbtest3  (cost=0.43..451.91 rows=113 width=125)
	  Index Cond: ((id >= 5853226) AND (id <= 5853326))

table 4 : explain SELECT id, c FROM sbtest4 WHERE id BETWEEN 5853226 AND 5853326
	Index Scan using sbtest4_pkey on sbtest4  (cost=0.43..364.51 rows=91 width=125)
	  Index Cond: ((id >= 5853226) AND (id <= 5853326))

table 5 : explain SELECT id, c FROM sbtest5 WHERE id BETWEEN 5853226 AND 5853326
	Index Scan using sbtest5_pkey on sbtest5  (cost=0.43..384.73 rows=96 width=125)
	  Index Cond: ((id >= 5853226) AND (id <= 5853326))

table 6 : explain SELECT id, c FROM sbtest6 WHERE id BETWEEN 5853226 AND 5853326
	Index Scan using sbtest6_pkey on sbtest6  (cost=0.43..400.03 rows=100 width=125)
	  Index Cond: ((id >= 5853226) AND (id <= 5853326))

table 7 : explain SELECT id, c FROM sbtest7 WHERE id BETWEEN 5853226 AND 5853326
	Index Scan using sbtest7_pkey on sbtest7  (cost=0.43..412.22 rows=103 width=125)
	  Index Cond: ((id >= 5853226) AND (id <= 5853326))

table 8 : explain SELECT id, c FROM sbtest8 WHERE id BETWEEN 5853226 AND 5853326
	Index Scan using sbtest8_pkey on sbtest8  (cost=0.43..383.08 rows=96 width=125)
	  Index Cond: ((id >= 5853226) AND (id <= 5853326))

for range-notcovered
table 1 : explain SELECT id, c FROM sbtest1 WHERE id BETWEEN 6149441 AND 6149541
	Index Scan using sbtest1_pkey on sbtest1  (cost=0.43..405.90 rows=101 width=125)
	  Index Cond: ((id >= 6149441) AND (id <= 6149541))

table 2 : explain SELECT id, c FROM sbtest2 WHERE id BETWEEN 6149441 AND 6149541
	Index Scan using sbtest2_pkey on sbtest2  (cost=0.43..413.15 rows=103 width=125)
	  Index Cond: ((id >= 6149441) AND (id <= 6149541))

table 3 : explain SELECT id, c FROM sbtest3 WHERE id BETWEEN 6149441 AND 6149541
	Index Scan using sbtest3_pkey on sbtest3  (cost=0.43..392.51 rows=98 width=125)
	  Index Cond: ((id >= 6149441) AND (id <= 6149541))

table 4 : explain SELECT id, c FROM sbtest4 WHERE id BETWEEN 6149441 AND 6149541
	Index Scan using sbtest4_pkey on sbtest4  (cost=0.43..447.60 rows=112 width=125)
	  Index Cond: ((id >= 6149441) AND (id <= 6149541))

table 5 : explain SELECT id, c FROM sbtest5 WHERE id BETWEEN 6149441 AND 6149541
	Index Scan using sbtest5_pkey on sbtest5  (cost=0.43..420.39 rows=105 width=125)
	  Index Cond: ((id >= 6149441) AND (id <= 6149541))

table 6 : explain SELECT id, c FROM sbtest6 WHERE id BETWEEN 6149441 AND 6149541
	Index Scan using sbtest6_pkey on sbtest6  (cost=0.43..443.53 rows=111 width=125)
	  Index Cond: ((id >= 6149441) AND (id <= 6149541))

table 7 : explain SELECT id, c FROM sbtest7 WHERE id BETWEEN 6149441 AND 6149541
	Index Scan using sbtest7_pkey on sbtest7  (cost=0.43..368.67 rows=92 width=125)
	  Index Cond: ((id >= 6149441) AND (id <= 6149541))

table 8 : explain SELECT id, c FROM sbtest8 WHERE id BETWEEN 6149441 AND 6149541
	Index Scan using sbtest8_pkey on sbtest8  (cost=0.43..359.42 rows=90 width=125)
	  Index Cond: ((id >= 6149441) AND (id <= 6149541))

explain: for range-notcovered :: explain SELECT id, c FROM sbtest%d WHERE id BETWEEN 6149441 AND 6149541
for range-notcovered
table 1 : explain SELECT id, c FROM sbtest1 WHERE id BETWEEN 5212593 AND 5212693
	Index Scan using sbtest1_pkey on sbtest1  (cost=0.43..362.17 rows=90 width=125)
	  Index Cond: ((id >= 5212593) AND (id <= 5212693))

table 2 : explain SELECT id, c FROM sbtest2 WHERE id BETWEEN 5212593 AND 5212693
	Index Scan using sbtest2_pkey on sbtest2  (cost=0.43..373.47 rows=93 width=125)
	  Index Cond: ((id >= 5212593) AND (id <= 5212693))

table 3 : explain SELECT id, c FROM sbtest3 WHERE id BETWEEN 5212593 AND 5212693
	Index Scan using sbtest3_pkey on sbtest3  (cost=0.43..412.32 rows=103 width=125)
	  Index Cond: ((id >= 5212593) AND (id <= 5212693))

table 4 : explain SELECT id, c FROM sbtest4 WHERE id BETWEEN 5212593 AND 5212693
	Index Scan using sbtest4_pkey on sbtest4  (cost=0.43..400.13 rows=100 width=125)
	  Index Cond: ((id >= 5212593) AND (id <= 5212693))

table 5 : explain SELECT id, c FROM sbtest5 WHERE id BETWEEN 5212593 AND 5212693
	Index Scan using sbtest5_pkey on sbtest5  (cost=0.43..408.51 rows=102 width=125)
	  Index Cond: ((id >= 5212593) AND (id <= 5212693))

table 6 : explain SELECT id, c FROM sbtest6 WHERE id BETWEEN 5212593 AND 5212693
	Index Scan using sbtest6_pkey on sbtest6  (cost=0.43..388.15 rows=97 width=125)
	  Index Cond: ((id >= 5212593) AND (id <= 5212693))

table 7 : explain SELECT id, c FROM sbtest7 WHERE id BETWEEN 5212593 AND 5212693
	Index Scan using sbtest7_pkey on sbtest7  (cost=0.43..420.14 rows=105 width=125)
	  Index Cond: ((id >= 5212593) AND (id <= 5212693))

table 8 : explain SELECT id, c FROM sbtest8 WHERE id BETWEEN 5212593 AND 5212693
	Index Scan using sbtest8_pkey on sbtest8  (cost=0.43..367.31 rows=92 width=125)
	  Index Cond: ((id >= 5212593) AND (id <= 5212693))

explain: for range-notcovered :: explain SELECT id, c FROM sbtest%d WHERE id BETWEEN 5212593 AND 5212693
for range-notcovered
table 1 : explain SELECT id, c FROM sbtest1 WHERE id BETWEEN 279089 AND 279189
	Index Scan using sbtest1_pkey on sbtest1  (cost=0.43..401.91 rows=100 width=125)
	  Index Cond: ((id >= 279089) AND (id <= 279189))

table 2 : explain SELECT id, c FROM sbtest2 WHERE id BETWEEN 279089 AND 279189
	Index Scan using sbtest2_pkey on sbtest2  (cost=0.43..429.02 rows=107 width=125)
	  Index Cond: ((id >= 279089) AND (id <= 279189))

table 3 : explain SELECT id, c FROM sbtest3 WHERE id BETWEEN 279089 AND 279189
	Index Scan using sbtest3_pkey on sbtest3  (cost=0.43..380.63 rows=95 width=125)
	  Index Cond: ((id >= 279089) AND (id <= 279189))

table 4 : explain SELECT id, c FROM sbtest4 WHERE id BETWEEN 279089 AND 279189
	Index Scan using sbtest4_pkey on sbtest4  (cost=0.43..356.60 rows=89 width=125)
	  Index Cond: ((id >= 279089) AND (id <= 279189))

table 5 : explain SELECT id, c FROM sbtest5 WHERE id BETWEEN 279089 AND 279189
	Index Scan using sbtest5_pkey on sbtest5  (cost=0.43..364.93 rows=91 width=125)
	  Index Cond: ((id >= 279089) AND (id <= 279189))

table 6 : explain SELECT id, c FROM sbtest6 WHERE id BETWEEN 279089 AND 279189
	Index Scan using sbtest6_pkey on sbtest6  (cost=0.43..427.71 rows=107 width=125)
	  Index Cond: ((id >= 279089) AND (id <= 279189))

table 7 : explain SELECT id, c FROM sbtest7 WHERE id BETWEEN 279089 AND 279189
	Index Scan using sbtest7_pkey on sbtest7  (cost=0.43..451.80 rows=113 width=125)
	  Index Cond: ((id >= 279089) AND (id <= 279189))

table 8 : explain SELECT id, c FROM sbtest8 WHERE id BETWEEN 279089 AND 279189
	Index Scan using sbtest8_pkey on sbtest8  (cost=0.43..406.76 rows=102 width=125)
	  Index Cond: ((id >= 279089) AND (id <= 279189))

explain: for range-notcovered :: explain SELECT id, c FROM sbtest%d WHERE id BETWEEN 279089 AND 279189
for range-notcovered
table 1 : explain SELECT id, c FROM sbtest1 WHERE id BETWEEN 6149441 AND 6149541
	Index Scan using sbtest1_pkey on sbtest1  (cost=0.43..405.90 rows=101 width=125)
	  Index Cond: ((id >= 6149441) AND (id <= 6149541))

table 2 : explain SELECT id, c FROM sbtest2 WHERE id BETWEEN 6149441 AND 6149541
	Index Scan using sbtest2_pkey on sbtest2  (cost=0.43..413.15 rows=103 width=125)
	  Index Cond: ((id >= 6149441) AND (id <= 6149541))

table 3 : explain SELECT id, c FROM sbtest3 WHERE id BETWEEN 6149441 AND 6149541
	Index Scan using sbtest3_pkey on sbtest3  (cost=0.43..392.51 rows=98 width=125)
	  Index Cond: ((id >= 6149441) AND (id <= 6149541))

table 4 : explain SELECT id, c FROM sbtest4 WHERE id BETWEEN 6149441 AND 6149541
	Index Scan using sbtest4_pkey on sbtest4  (cost=0.43..447.60 rows=112 width=125)
	  Index Cond: ((id >= 6149441) AND (id <= 6149541))

table 5 : explain SELECT id, c FROM sbtest5 WHERE id BETWEEN 6149441 AND 6149541
	Index Scan using sbtest5_pkey on sbtest5  (cost=0.43..420.39 rows=105 width=125)
	  Index Cond: ((id >= 6149441) AND (id <= 6149541))

table 6 : explain SELECT id, c FROM sbtest6 WHERE id BETWEEN 6149441 AND 6149541
	Index Scan using sbtest6_pkey on sbtest6  (cost=0.43..443.53 rows=111 width=125)
	  Index Cond: ((id >= 6149441) AND (id <= 6149541))

table 7 : explain SELECT id, c FROM sbtest7 WHERE id BETWEEN 6149441 AND 6149541
	Index Scan using sbtest7_pkey on sbtest7  (cost=0.43..368.67 rows=92 width=125)
	  Index Cond: ((id >= 6149441) AND (id <= 6149541))

table 8 : explain SELECT id, c FROM sbtest8 WHERE id BETWEEN 6149441 AND 6149541
	Index Scan using sbtest8_pkey on sbtest8  (cost=0.43..359.42 rows=90 width=125)
	  Index Cond: ((id >= 6149441) AND (id <= 6149541))

for range-notcovered
table 1 : explain SELECT id, c FROM sbtest1 WHERE id BETWEEN 2778329 AND 2778429
	Index Scan using sbtest1_pkey on sbtest1  (cost=0.43..425.77 rows=106 width=125)
	  Index Cond: ((id >= 2778329) AND (id <= 2778429))

table 2 : explain SELECT id, c FROM sbtest2 WHERE id BETWEEN 2778329 AND 2778429
	Index Scan using sbtest2_pkey on sbtest2  (cost=0.43..448.86 rows=112 width=125)
	  Index Cond: ((id >= 2778329) AND (id <= 2778429))

table 3 : explain SELECT id, c FROM sbtest3 WHERE id BETWEEN 2778329 AND 2778429
	Index Scan using sbtest3_pkey on sbtest3  (cost=0.43..408.36 rows=102 width=125)
	  Index Cond: ((id >= 2778329) AND (id <= 2778429))

table 4 : explain SELECT id, c FROM sbtest4 WHERE id BETWEEN 2778329 AND 2778429
	Index Scan using sbtest4_pkey on sbtest4  (cost=0.43..431.78 rows=108 width=125)
	  Index Cond: ((id >= 2778329) AND (id <= 2778429))

table 5 : explain SELECT id, c FROM sbtest5 WHERE id BETWEEN 2778329 AND 2778429
	Index Scan using sbtest5_pkey on sbtest5  (cost=0.43..400.58 rows=100 width=125)
	  Index Cond: ((id >= 2778329) AND (id <= 2778429))

table 6 : explain SELECT id, c FROM sbtest6 WHERE id BETWEEN 2778329 AND 2778429
	Index Scan using sbtest6_pkey on sbtest6  (cost=0.43..400.03 rows=100 width=125)
	  Index Cond: ((id >= 2778329) AND (id <= 2778429))

table 7 : explain SELECT id, c FROM sbtest7 WHERE id BETWEEN 2778329 AND 2778429
	Index Scan using sbtest7_pkey on sbtest7  (cost=0.43..408.26 rows=102 width=125)
	  Index Cond: ((id >= 2778329) AND (id <= 2778429))

table 8 : explain SELECT id, c FROM sbtest8 WHERE id BETWEEN 2778329 AND 2778429
	Index Scan using sbtest8_pkey on sbtest8  (cost=0.43..434.36 rows=109 width=125)
	  Index Cond: ((id >= 2778329) AND (id <= 2778429))

for range-notcovered
table 1 : explain SELECT id, c FROM sbtest1 WHERE id BETWEEN 8915763 AND 8915863
	Index Scan using sbtest1_pkey on sbtest1  (cost=0.43..405.88 rows=101 width=125)
	  Index Cond: ((id >= 8915763) AND (id <= 8915863))

table 2 : explain SELECT id, c FROM sbtest2 WHERE id BETWEEN 8915763 AND 8915863
	Index Scan using sbtest2_pkey on sbtest2  (cost=0.43..385.37 rows=96 width=125)
	  Index Cond: ((id >= 8915763) AND (id <= 8915863))

table 3 : explain SELECT id, c FROM sbtest3 WHERE id BETWEEN 8915763 AND 8915863
	Index Scan using sbtest3_pkey on sbtest3  (cost=0.43..400.44 rows=100 width=125)
	  Index Cond: ((id >= 8915763) AND (id <= 8915863))

table 4 : explain SELECT id, c FROM sbtest4 WHERE id BETWEEN 8915763 AND 8915863
	Index Scan using sbtest4_pkey on sbtest4  (cost=0.43..412.00 rows=103 width=125)
	  Index Cond: ((id >= 8915763) AND (id <= 8915863))

table 5 : explain SELECT id, c FROM sbtest5 WHERE id BETWEEN 8915763 AND 8915863
	Index Scan using sbtest5_pkey on sbtest5  (cost=0.43..400.58 rows=100 width=125)
	  Index Cond: ((id >= 8915763) AND (id <= 8915863))

table 6 : explain SELECT id, c FROM sbtest6 WHERE id BETWEEN 8915763 AND 8915863
	Index Scan using sbtest6_pkey on sbtest6  (cost=0.43..407.94 rows=102 width=125)
	  Index Cond: ((id >= 8915763) AND (id <= 8915863))

table 7 : explain SELECT id, c FROM sbtest7 WHERE id BETWEEN 8915763 AND 8915863
	Index Scan using sbtest7_pkey on sbtest7  (cost=0.43..432.01 rows=108 width=125)
	  Index Cond: ((id >= 8915763) AND (id <= 8915863))

table 8 : explain SELECT id, c FROM sbtest8 WHERE id BETWEEN 8915763 AND 8915863
	Index Scan using sbtest8_pkey on sbtest8  (cost=0.43..414.65 rows=104 width=125)
	  Index Cond: ((id >= 8915763) AND (id <= 8915863))

for range-notcovered
table 1 : explain SELECT id, c FROM sbtest1 WHERE id BETWEEN 5212593 AND 5212693
	Index Scan using sbtest1_pkey on sbtest1  (cost=0.43..362.17 rows=90 width=125)
	  Index Cond: ((id >= 5212593) AND (id <= 5212693))

table 2 : explain SELECT id, c FROM sbtest2 WHERE id BETWEEN 5212593 AND 5212693
	Index Scan using sbtest2_pkey on sbtest2  (cost=0.43..373.47 rows=93 width=125)
	  Index Cond: ((id >= 5212593) AND (id <= 5212693))

table 3 : explain SELECT id, c FROM sbtest3 WHERE id BETWEEN 5212593 AND 5212693
	Index Scan using sbtest3_pkey on sbtest3  (cost=0.43..412.32 rows=103 width=125)
	  Index Cond: ((id >= 5212593) AND (id <= 5212693))

table 4 : explain SELECT id, c FROM sbtest4 WHERE id BETWEEN 5212593 AND 5212693
	Index Scan using sbtest4_pkey on sbtest4  (cost=0.43..400.13 rows=100 width=125)
	  Index Cond: ((id >= 5212593) AND (id <= 5212693))

table 5 : explain SELECT id, c FROM sbtest5 WHERE id BETWEEN 5212593 AND 5212693
	Index Scan using sbtest5_pkey on sbtest5  (cost=0.43..408.51 rows=102 width=125)
	  Index Cond: ((id >= 5212593) AND (id <= 5212693))

table 6 : explain SELECT id, c FROM sbtest6 WHERE id BETWEEN 5212593 AND 5212693
	Index Scan using sbtest6_pkey on sbtest6  (cost=0.43..388.15 rows=97 width=125)
	  Index Cond: ((id >= 5212593) AND (id <= 5212693))

table 7 : explain SELECT id, c FROM sbtest7 WHERE id BETWEEN 5212593 AND 5212693
	Index Scan using sbtest7_pkey on sbtest7  (cost=0.43..420.14 rows=105 width=125)
	  Index Cond: ((id >= 5212593) AND (id <= 5212693))

table 8 : explain SELECT id, c FROM sbtest8 WHERE id BETWEEN 5212593 AND 5212693
	Index Scan using sbtest8_pkey on sbtest8  (cost=0.43..367.31 rows=92 width=125)
	  Index Cond: ((id >= 5212593) AND (id <= 5212693))

explain: for range-notcovered :: explain SELECT id, c FROM sbtest%d WHERE id BETWEEN 8915763 AND 8915863
explain: for range-notcovered :: explain SELECT id, c FROM sbtest%d WHERE id BETWEEN 5212593 AND 5212693
for range-notcovered
table 1 : explain SELECT id, c FROM sbtest1 WHERE id BETWEEN 3739386 AND 3739486
	Index Scan using sbtest1_pkey on sbtest1  (cost=0.43..409.87 rows=102 width=125)
	  Index Cond: ((id >= 3739386) AND (id <= 3739486))

table 2 : explain SELECT id, c FROM sbtest2 WHERE id BETWEEN 3739386 AND 3739486
	Index Scan using sbtest2_pkey on sbtest2  (cost=0.43..413.15 rows=103 width=125)
	  Index Cond: ((id >= 3739386) AND (id <= 3739486))

table 3 : explain SELECT id, c FROM sbtest3 WHERE id BETWEEN 3739386 AND 3739486
	Index Scan using sbtest3_pkey on sbtest3  (cost=0.43..408.36 rows=102 width=125)
	  Index Cond: ((id >= 3739386) AND (id <= 3739486))

table 4 : explain SELECT id, c FROM sbtest4 WHERE id BETWEEN 3739386 AND 3739486
	Index Scan using sbtest4_pkey on sbtest4  (cost=0.43..384.29 rows=96 width=125)
	  Index Cond: ((id >= 3739386) AND (id <= 3739486))

table 5 : explain SELECT id, c FROM sbtest5 WHERE id BETWEEN 3739386 AND 3739486
	Index Scan using sbtest5_pkey on sbtest5  (cost=0.43..392.66 rows=98 width=125)
	  Index Cond: ((id >= 3739386) AND (id <= 3739486))

table 6 : explain SELECT id, c FROM sbtest6 WHERE id BETWEEN 3739386 AND 3739486
	Index Scan using sbtest6_pkey on sbtest6  (cost=0.43..419.80 rows=105 width=125)
	  Index Cond: ((id >= 3739386) AND (id <= 3739486))

table 7 : explain SELECT id, c FROM sbtest7 WHERE id BETWEEN 3739386 AND 3739486
	Index Scan using sbtest7_pkey on sbtest7  (cost=0.43..408.26 rows=102 width=125)
	  Index Cond: ((id >= 3739386) AND (id <= 3739486))

table 8 : explain SELECT id, c FROM sbtest8 WHERE id BETWEEN 3739386 AND 3739486
	Index Scan using sbtest8_pkey on sbtest8  (cost=0.43..438.31 rows=110 width=125)
	  Index Cond: ((id >= 3739386) AND (id <= 3739486))

explain: for range-notcovered :: explain SELECT id, c FROM sbtest%d WHERE id BETWEEN 3739386 AND 3739486
for range-notcovered
table 1 : explain SELECT id, c FROM sbtest1 WHERE id BETWEEN 279089 AND 279189
	Index Scan using sbtest1_pkey on sbtest1  (cost=0.43..401.91 rows=100 width=125)
	  Index Cond: ((id >= 279089) AND (id <= 279189))

table 2 : explain SELECT id, c FROM sbtest2 WHERE id BETWEEN 279089 AND 279189
	Index Scan using sbtest2_pkey on sbtest2  (cost=0.43..429.02 rows=107 width=125)
	  Index Cond: ((id >= 279089) AND (id <= 279189))

table 3 : explain SELECT id, c FROM sbtest3 WHERE id BETWEEN 279089 AND 279189
	Index Scan using sbtest3_pkey on sbtest3  (cost=0.43..380.63 rows=95 width=125)
	  Index Cond: ((id >= 279089) AND (id <= 279189))

table 4 : explain SELECT id, c FROM sbtest4 WHERE id BETWEEN 279089 AND 279189
	Index Scan using sbtest4_pkey on sbtest4  (cost=0.43..356.60 rows=89 width=125)
	  Index Cond: ((id >= 279089) AND (id <= 279189))

table 5 : explain SELECT id, c FROM sbtest5 WHERE id BETWEEN 279089 AND 279189
	Index Scan using sbtest5_pkey on sbtest5  (cost=0.43..364.93 rows=91 width=125)
	  Index Cond: ((id >= 279089) AND (id <= 279189))

table 6 : explain SELECT id, c FROM sbtest6 WHERE id BETWEEN 279089 AND 279189
	Index Scan using sbtest6_pkey on sbtest6  (cost=0.43..427.71 rows=107 width=125)
	  Index Cond: ((id >= 279089) AND (id <= 279189))

table 7 : explain SELECT id, c FROM sbtest7 WHERE id BETWEEN 279089 AND 279189
	Index Scan using sbtest7_pkey on sbtest7  (cost=0.43..451.80 rows=113 width=125)
	  Index Cond: ((id >= 279089) AND (id <= 279189))

table 8 : explain SELECT id, c FROM sbtest8 WHERE id BETWEEN 279089 AND 279189
	Index Scan using sbtest8_pkey on sbtest8  (cost=0.43..406.76 rows=102 width=125)
	  Index Cond: ((id >= 279089) AND (id <= 279189))

explain: for range-notcovered :: explain SELECT id, c FROM sbtest%d WHERE id BETWEEN 279089 AND 279189
for range-notcovered
table 1 : explain SELECT id, c FROM sbtest1 WHERE id BETWEEN 4873647 AND 4873747
	Index Scan using sbtest1_pkey on sbtest1  (cost=0.43..374.09 rows=93 width=125)
	  Index Cond: ((id >= 4873647) AND (id <= 4873747))

table 2 : explain SELECT id, c FROM sbtest2 WHERE id BETWEEN 4873647 AND 4873747
	Index Scan using sbtest2_pkey on sbtest2  (cost=0.43..440.92 rows=110 width=125)
	  Index Cond: ((id >= 4873647) AND (id <= 4873747))

table 3 : explain SELECT id, c FROM sbtest3 WHERE id BETWEEN 4873647 AND 4873747
	Index Scan using sbtest3_pkey on sbtest3  (cost=0.43..368.75 rows=92 width=125)
	  Index Cond: ((id >= 4873647) AND (id <= 4873747))

table 4 : explain SELECT id, c FROM sbtest4 WHERE id BETWEEN 4873647 AND 4873747
	Index Scan using sbtest4_pkey on sbtest4  (cost=0.43..352.64 rows=88 width=125)
	  Index Cond: ((id >= 4873647) AND (id <= 4873747))

table 5 : explain SELECT id, c FROM sbtest5 WHERE id BETWEEN 4873647 AND 4873747
	Index Scan using sbtest5_pkey on sbtest5  (cost=0.43..400.58 rows=100 width=125)
	  Index Cond: ((id >= 4873647) AND (id <= 4873747))

table 6 : explain SELECT id, c FROM sbtest6 WHERE id BETWEEN 4873647 AND 4873747
	Index Scan using sbtest6_pkey on sbtest6  (cost=0.43..384.19 rows=96 width=125)
	  Index Cond: ((id >= 4873647) AND (id <= 4873747))

table 7 : explain SELECT id, c FROM sbtest7 WHERE id BETWEEN 4873647 AND 4873747
	Index Scan using sbtest7_pkey on sbtest7  (cost=0.43..416.18 rows=104 width=125)
	  Index Cond: ((id >= 4873647) AND (id <= 4873747))

table 8 : explain SELECT id, c FROM sbtest8 WHERE id BETWEEN 4873647 AND 4873747
	Index Scan using sbtest8_pkey on sbtest8  (cost=0.43..351.54 rows=88 width=125)
	  Index Cond: ((id >= 4873647) AND (id <= 4873747))

explain: for range-notcovered :: explain SELECT id, c FROM sbtest%d WHERE id BETWEEN 2778329 AND 2778429
explain: for range-notcovered :: explain SELECT id, c FROM sbtest%d WHERE id BETWEEN 4873647 AND 4873747
for range-notcovered
table 1 : explain SELECT id, c FROM sbtest1 WHERE id BETWEEN 8915763 AND 8915863
	Index Scan using sbtest1_pkey on sbtest1  (cost=0.43..405.88 rows=101 width=125)
	  Index Cond: ((id >= 8915763) AND (id <= 8915863))

table 2 : explain SELECT id, c FROM sbtest2 WHERE id BETWEEN 8915763 AND 8915863
	Index Scan using sbtest2_pkey on sbtest2  (cost=0.43..385.37 rows=96 width=125)
	  Index Cond: ((id >= 8915763) AND (id <= 8915863))

table 3 : explain SELECT id, c FROM sbtest3 WHERE id BETWEEN 8915763 AND 8915863
	Index Scan using sbtest3_pkey on sbtest3  (cost=0.43..400.44 rows=100 width=125)
	  Index Cond: ((id >= 8915763) AND (id <= 8915863))

table 4 : explain SELECT id, c FROM sbtest4 WHERE id BETWEEN 8915763 AND 8915863
	Index Scan using sbtest4_pkey on sbtest4  (cost=0.43..412.00 rows=103 width=125)
	  Index Cond: ((id >= 8915763) AND (id <= 8915863))

table 5 : explain SELECT id, c FROM sbtest5 WHERE id BETWEEN 8915763 AND 8915863
	Index Scan using sbtest5_pkey on sbtest5  (cost=0.43..400.58 rows=100 width=125)
	  Index Cond: ((id >= 8915763) AND (id <= 8915863))

table 6 : explain SELECT id, c FROM sbtest6 WHERE id BETWEEN 8915763 AND 8915863
	Index Scan using sbtest6_pkey on sbtest6  (cost=0.43..407.94 rows=102 width=125)
	  Index Cond: ((id >= 8915763) AND (id <= 8915863))

table 7 : explain SELECT id, c FROM sbtest7 WHERE id BETWEEN 8915763 AND 8915863
	Index Scan using sbtest7_pkey on sbtest7  (cost=0.43..432.01 rows=108 width=125)
	  Index Cond: ((id >= 8915763) AND (id <= 8915863))

table 8 : explain SELECT id, c FROM sbtest8 WHERE id BETWEEN 8915763 AND 8915863
	Index Scan using sbtest8_pkey on sbtest8  (cost=0.43..414.65 rows=104 width=125)
	  Index Cond: ((id >= 8915763) AND (id <= 8915863))

for range-notcovered
table 1 : explain SELECT id, c FROM sbtest1 WHERE id BETWEEN 5212593 AND 5212693
	Index Scan using sbtest1_pkey on sbtest1  (cost=0.43..362.17 rows=90 width=125)
	  Index Cond: ((id >= 5212593) AND (id <= 5212693))

table 2 : explain SELECT id, c FROM sbtest2 WHERE id BETWEEN 5212593 AND 5212693
	Index Scan using sbtest2_pkey on sbtest2  (cost=0.43..373.47 rows=93 width=125)
	  Index Cond: ((id >= 5212593) AND (id <= 5212693))

table 3 : explain SELECT id, c FROM sbtest3 WHERE id BETWEEN 5212593 AND 5212693
	Index Scan using sbtest3_pkey on sbtest3  (cost=0.43..412.32 rows=103 width=125)
	  Index Cond: ((id >= 5212593) AND (id <= 5212693))

table 4 : explain SELECT id, c FROM sbtest4 WHERE id BETWEEN 5212593 AND 5212693
	Index Scan using sbtest4_pkey on sbtest4  (cost=0.43..400.13 rows=100 width=125)
	  Index Cond: ((id >= 5212593) AND (id <= 5212693))

table 5 : explain SELECT id, c FROM sbtest5 WHERE id BETWEEN 5212593 AND 5212693
	Index Scan using sbtest5_pkey on sbtest5  (cost=0.43..408.51 rows=102 width=125)
	  Index Cond: ((id >= 5212593) AND (id <= 5212693))

table 6 : explain SELECT id, c FROM sbtest6 WHERE id BETWEEN 5212593 AND 5212693
	Index Scan using sbtest6_pkey on sbtest6  (cost=0.43..388.15 rows=97 width=125)
	  Index Cond: ((id >= 5212593) AND (id <= 5212693))

table 7 : explain SELECT id, c FROM sbtest7 WHERE id BETWEEN 5212593 AND 5212693
	Index Scan using sbtest7_pkey on sbtest7  (cost=0.43..420.14 rows=105 width=125)
	  Index Cond: ((id >= 5212593) AND (id <= 5212693))

table 8 : explain SELECT id, c FROM sbtest8 WHERE id BETWEEN 5212593 AND 5212693
	Index Scan using sbtest8_pkey on sbtest8  (cost=0.43..367.31 rows=92 width=125)
	  Index Cond: ((id >= 5212593) AND (id <= 5212693))

explain: for range-notcovered :: explain SELECT id, c FROM sbtest%d WHERE id BETWEEN 8915763 AND 8915863
for range-notcovered
table 1 : explain SELECT id, c FROM sbtest1 WHERE id BETWEEN 3493077 AND 3493177
	Index Scan using sbtest1_pkey on sbtest1  (cost=0.43..374.09 rows=93 width=125)
	  Index Cond: ((id >= 3493077) AND (id <= 3493177))

table 2 : explain SELECT id, c FROM sbtest2 WHERE id BETWEEN 3493077 AND 3493177
	Index Scan using sbtest2_pkey on sbtest2  (cost=0.43..409.19 rows=102 width=125)
	  Index Cond: ((id >= 3493077) AND (id <= 3493177))

table 3 : explain SELECT id, c FROM sbtest3 WHERE id BETWEEN 3493077 AND 3493177
	Index Scan using sbtest3_pkey on sbtest3  (cost=0.43..368.75 rows=92 width=125)
	  Index Cond: ((id >= 3493077) AND (id <= 3493177))

table 4 : explain SELECT id, c FROM sbtest4 WHERE id BETWEEN 3493077 AND 3493177
	Index Scan using sbtest4_pkey on sbtest4  (cost=0.43..380.33 rows=95 width=125)
	  Index Cond: ((id >= 3493077) AND (id <= 3493177))

table 5 : explain SELECT id, c FROM sbtest5 WHERE id BETWEEN 3493077 AND 3493177
	Index Scan using sbtest5_pkey on sbtest5  (cost=0.43..364.93 rows=91 width=125)
	  Index Cond: ((id >= 3493077) AND (id <= 3493177))

table 6 : explain SELECT id, c FROM sbtest6 WHERE id BETWEEN 3493077 AND 3493177
	Index Scan using sbtest6_pkey on sbtest6  (cost=0.43..392.12 rows=98 width=125)
	  Index Cond: ((id >= 3493077) AND (id <= 3493177))

table 7 : explain SELECT id, c FROM sbtest7 WHERE id BETWEEN 3493077 AND 3493177
	Index Scan using sbtest7_pkey on sbtest7  (cost=0.43..348.88 rows=87 width=125)
	  Index Cond: ((id >= 3493077) AND (id <= 3493177))

table 8 : explain SELECT id, c FROM sbtest8 WHERE id BETWEEN 3493077 AND 3493177
	Index Scan using sbtest8_pkey on sbtest8  (cost=0.43..410.70 rows=103 width=125)
	  Index Cond: ((id >= 3493077) AND (id <= 3493177))

explain: for range-notcovered :: explain SELECT id, c FROM sbtest%d WHERE id BETWEEN 8032551 AND 8032651
explain: for range-notcovered :: explain SELECT id, c FROM sbtest%d WHERE id BETWEEN 3493077 AND 3493177
for range-notcovered
table 1 : explain SELECT id, c FROM sbtest1 WHERE id BETWEEN 279089 AND 279189
	Index Scan using sbtest1_pkey on sbtest1  (cost=0.43..401.91 rows=100 width=125)
	  Index Cond: ((id >= 279089) AND (id <= 279189))

table 2 : explain SELECT id, c FROM sbtest2 WHERE id BETWEEN 279089 AND 279189
	Index Scan using sbtest2_pkey on sbtest2  (cost=0.43..429.02 rows=107 width=125)
	  Index Cond: ((id >= 279089) AND (id <= 279189))

table 3 : explain SELECT id, c FROM sbtest3 WHERE id BETWEEN 279089 AND 279189
	Index Scan using sbtest3_pkey on sbtest3  (cost=0.43..380.63 rows=95 width=125)
	  Index Cond: ((id >= 279089) AND (id <= 279189))

table 4 : explain SELECT id, c FROM sbtest4 WHERE id BETWEEN 279089 AND 279189
	Index Scan using sbtest4_pkey on sbtest4  (cost=0.43..356.60 rows=89 width=125)
	  Index Cond: ((id >= 279089) AND (id <= 279189))

table 5 : explain SELECT id, c FROM sbtest5 WHERE id BETWEEN 279089 AND 279189
	Index Scan using sbtest5_pkey on sbtest5  (cost=0.43..364.93 rows=91 width=125)
	  Index Cond: ((id >= 279089) AND (id <= 279189))

table 6 : explain SELECT id, c FROM sbtest6 WHERE id BETWEEN 279089 AND 279189
	Index Scan using sbtest6_pkey on sbtest6  (cost=0.43..427.71 rows=107 width=125)
	  Index Cond: ((id >= 279089) AND (id <= 279189))

table 7 : explain SELECT id, c FROM sbtest7 WHERE id BETWEEN 279089 AND 279189
	Index Scan using sbtest7_pkey on sbtest7  (cost=0.43..451.80 rows=113 width=125)
	  Index Cond: ((id >= 279089) AND (id <= 279189))

table 8 : explain SELECT id, c FROM sbtest8 WHERE id BETWEEN 279089 AND 279189
	Index Scan using sbtest8_pkey on sbtest8  (cost=0.43..406.76 rows=102 width=125)
	  Index Cond: ((id >= 279089) AND (id <= 279189))

explain: for range-notcovered :: explain SELECT id, c FROM sbtest%d WHERE id BETWEEN 279089 AND 279189
for range-notcovered
table 1 : explain SELECT id, c FROM sbtest1 WHERE id BETWEEN 4873647 AND 4873747
	Index Scan using sbtest1_pkey on sbtest1  (cost=0.43..374.09 rows=93 width=125)
	  Index Cond: ((id >= 4873647) AND (id <= 4873747))

table 2 : explain SELECT id, c FROM sbtest2 WHERE id BETWEEN 4873647 AND 4873747
	Index Scan using sbtest2_pkey on sbtest2  (cost=0.43..440.92 rows=110 width=125)
	  Index Cond: ((id >= 4873647) AND (id <= 4873747))

table 3 : explain SELECT id, c FROM sbtest3 WHERE id BETWEEN 4873647 AND 4873747
	Index Scan using sbtest3_pkey on sbtest3  (cost=0.43..368.75 rows=92 width=125)
	  Index Cond: ((id >= 4873647) AND (id <= 4873747))

table 4 : explain SELECT id, c FROM sbtest4 WHERE id BETWEEN 4873647 AND 4873747
	Index Scan using sbtest4_pkey on sbtest4  (cost=0.43..352.64 rows=88 width=125)
	  Index Cond: ((id >= 4873647) AND (id <= 4873747))

table 5 : explain SELECT id, c FROM sbtest5 WHERE id BETWEEN 4873647 AND 4873747
	Index Scan using sbtest5_pkey on sbtest5  (cost=0.43..400.58 rows=100 width=125)
	  Index Cond: ((id >= 4873647) AND (id <= 4873747))

table 6 : explain SELECT id, c FROM sbtest6 WHERE id BETWEEN 4873647 AND 4873747
	Index Scan using sbtest6_pkey on sbtest6  (cost=0.43..384.19 rows=96 width=125)
	  Index Cond: ((id >= 4873647) AND (id <= 4873747))

table 7 : explain SELECT id, c FROM sbtest7 WHERE id BETWEEN 4873647 AND 4873747
	Index Scan using sbtest7_pkey on sbtest7  (cost=0.43..416.18 rows=104 width=125)
	  Index Cond: ((id >= 4873647) AND (id <= 4873747))

table 8 : explain SELECT id, c FROM sbtest8 WHERE id BETWEEN 4873647 AND 4873747
	Index Scan using sbtest8_pkey on sbtest8  (cost=0.43..351.54 rows=88 width=125)
	  Index Cond: ((id >= 4873647) AND (id <= 4873747))

explain: for range-notcovered :: explain SELECT id, c FROM sbtest%d WHERE id BETWEEN 4873647 AND 4873747
for range-notcovered
table 1 : explain SELECT id, c FROM sbtest1 WHERE id BETWEEN 3739386 AND 3739486
	Index Scan using sbtest1_pkey on sbtest1  (cost=0.43..409.87 rows=102 width=125)
	  Index Cond: ((id >= 3739386) AND (id <= 3739486))

table 2 : explain SELECT id, c FROM sbtest2 WHERE id BETWEEN 3739386 AND 3739486
	Index Scan using sbtest2_pkey on sbtest2  (cost=0.43..413.15 rows=103 width=125)
	  Index Cond: ((id >= 3739386) AND (id <= 3739486))

table 3 : explain SELECT id, c FROM sbtest3 WHERE id BETWEEN 3739386 AND 3739486
	Index Scan using sbtest3_pkey on sbtest3  (cost=0.43..408.36 rows=102 width=125)
	  Index Cond: ((id >= 3739386) AND (id <= 3739486))

table 4 : explain SELECT id, c FROM sbtest4 WHERE id BETWEEN 3739386 AND 3739486
	Index Scan using sbtest4_pkey on sbtest4  (cost=0.43..384.29 rows=96 width=125)
	  Index Cond: ((id >= 3739386) AND (id <= 3739486))

table 5 : explain SELECT id, c FROM sbtest5 WHERE id BETWEEN 3739386 AND 3739486
	Index Scan using sbtest5_pkey on sbtest5  (cost=0.43..392.66 rows=98 width=125)
	  Index Cond: ((id >= 3739386) AND (id <= 3739486))

table 6 : explain SELECT id, c FROM sbtest6 WHERE id BETWEEN 3739386 AND 3739486
	Index Scan using sbtest6_pkey on sbtest6  (cost=0.43..419.80 rows=105 width=125)
	  Index Cond: ((id >= 3739386) AND (id <= 3739486))

table 7 : explain SELECT id, c FROM sbtest7 WHERE id BETWEEN 3739386 AND 3739486
	Index Scan using sbtest7_pkey on sbtest7  (cost=0.43..408.26 rows=102 width=125)
	  Index Cond: ((id >= 3739386) AND (id <= 3739486))

table 8 : explain SELECT id, c FROM sbtest8 WHERE id BETWEEN 3739386 AND 3739486
	Index Scan using sbtest8_pkey on sbtest8  (cost=0.43..438.31 rows=110 width=125)
	  Index Cond: ((id >= 3739386) AND (id <= 3739486))

for range-notcovered
table 1 : explain SELECT id, c FROM sbtest1 WHERE id BETWEEN 8915763 AND 8915863
	Index Scan using sbtest1_pkey on sbtest1  (cost=0.43..405.88 rows=101 width=125)
	  Index Cond: ((id >= 8915763) AND (id <= 8915863))

table 2 : explain SELECT id, c FROM sbtest2 WHERE id BETWEEN 8915763 AND 8915863
	Index Scan using sbtest2_pkey on sbtest2  (cost=0.43..385.37 rows=96 width=125)
	  Index Cond: ((id >= 8915763) AND (id <= 8915863))

table 3 : explain SELECT id, c FROM sbtest3 WHERE id BETWEEN 8915763 AND 8915863
	Index Scan using sbtest3_pkey on sbtest3  (cost=0.43..400.44 rows=100 width=125)
	  Index Cond: ((id >= 8915763) AND (id <= 8915863))

table 4 : explain SELECT id, c FROM sbtest4 WHERE id BETWEEN 8915763 AND 8915863
	Index Scan using sbtest4_pkey on sbtest4  (cost=0.43..412.00 rows=103 width=125)
	  Index Cond: ((id >= 8915763) AND (id <= 8915863))

table 5 : explain SELECT id, c FROM sbtest5 WHERE id BETWEEN 8915763 AND 8915863
	Index Scan using sbtest5_pkey on sbtest5  (cost=0.43..400.58 rows=100 width=125)
	  Index Cond: ((id >= 8915763) AND (id <= 8915863))

table 6 : explain SELECT id, c FROM sbtest6 WHERE id BETWEEN 8915763 AND 8915863
	Index Scan using sbtest6_pkey on sbtest6  (cost=0.43..407.94 rows=102 width=125)
	  Index Cond: ((id >= 8915763) AND (id <= 8915863))

table 7 : explain SELECT id, c FROM sbtest7 WHERE id BETWEEN 8915763 AND 8915863
	Index Scan using sbtest7_pkey on sbtest7  (cost=0.43..432.01 rows=108 width=125)
	  Index Cond: ((id >= 8915763) AND (id <= 8915863))

table 8 : explain SELECT id, c FROM sbtest8 WHERE id BETWEEN 8915763 AND 8915863
	Index Scan using sbtest8_pkey on sbtest8  (cost=0.43..414.65 rows=104 width=125)
	  Index Cond: ((id >= 8915763) AND (id <= 8915863))

explain: for range-notcovered :: explain SELECT id, c FROM sbtest%d WHERE id BETWEEN 8915763 AND 8915863
for range-notcovered
table 1 : explain SELECT id, c FROM sbtest1 WHERE id BETWEEN 3493077 AND 3493177
	Index Scan using sbtest1_pkey on sbtest1  (cost=0.43..374.09 rows=93 width=125)
	  Index Cond: ((id >= 3493077) AND (id <= 3493177))

table 2 : explain SELECT id, c FROM sbtest2 WHERE id BETWEEN 3493077 AND 3493177
	Index Scan using sbtest2_pkey on sbtest2  (cost=0.43..409.19 rows=102 width=125)
	  Index Cond: ((id >= 3493077) AND (id <= 3493177))

table 3 : explain SELECT id, c FROM sbtest3 WHERE id BETWEEN 3493077 AND 3493177
	Index Scan using sbtest3_pkey on sbtest3  (cost=0.43..368.75 rows=92 width=125)
	  Index Cond: ((id >= 3493077) AND (id <= 3493177))

table 4 : explain SELECT id, c FROM sbtest4 WHERE id BETWEEN 3493077 AND 3493177
	Index Scan using sbtest4_pkey on sbtest4  (cost=0.43..380.33 rows=95 width=125)
	  Index Cond: ((id >= 3493077) AND (id <= 3493177))

table 5 : explain SELECT id, c FROM sbtest5 WHERE id BETWEEN 3493077 AND 3493177
	Index Scan using sbtest5_pkey on sbtest5  (cost=0.43..364.93 rows=91 width=125)
	  Index Cond: ((id >= 3493077) AND (id <= 3493177))

table 6 : explain SELECT id, c FROM sbtest6 WHERE id BETWEEN 3493077 AND 3493177
	Index Scan using sbtest6_pkey on sbtest6  (cost=0.43..392.12 rows=98 width=125)
	  Index Cond: ((id >= 3493077) AND (id <= 3493177))

table 7 : explain SELECT id, c FROM sbtest7 WHERE id BETWEEN 3493077 AND 3493177
	Index Scan using sbtest7_pkey on sbtest7  (cost=0.43..348.88 rows=87 width=125)
	  Index Cond: ((id >= 3493077) AND (id <= 3493177))

table 8 : explain SELECT id, c FROM sbtest8 WHERE id BETWEEN 3493077 AND 3493177
	Index Scan using sbtest8_pkey on sbtest8  (cost=0.43..410.70 rows=103 width=125)
	  Index Cond: ((id >= 3493077) AND (id <= 3493177))

explain: for range-notcovered :: explain SELECT id, c FROM sbtest%d WHERE id BETWEEN 3739386 AND 3739486
explain: for range-notcovered :: explain SELECT id, c FROM sbtest%d WHERE id BETWEEN 3493077 AND 3493177
for range-notcovered
table 1 : explain SELECT id, c FROM sbtest1 WHERE id BETWEEN 2778329 AND 2778429
	Index Scan using sbtest1_pkey on sbtest1  (cost=0.43..425.77 rows=106 width=125)
	  Index Cond: ((id >= 2778329) AND (id <= 2778429))

table 2 : explain SELECT id, c FROM sbtest2 WHERE id BETWEEN 2778329 AND 2778429
	Index Scan using sbtest2_pkey on sbtest2  (cost=0.43..448.86 rows=112 width=125)
	  Index Cond: ((id >= 2778329) AND (id <= 2778429))

table 3 : explain SELECT id, c FROM sbtest3 WHERE id BETWEEN 2778329 AND 2778429
	Index Scan using sbtest3_pkey on sbtest3  (cost=0.43..408.36 rows=102 width=125)
	  Index Cond: ((id >= 2778329) AND (id <= 2778429))

table 4 : explain SELECT id, c FROM sbtest4 WHERE id BETWEEN 2778329 AND 2778429
	Index Scan using sbtest4_pkey on sbtest4  (cost=0.43..431.78 rows=108 width=125)
	  Index Cond: ((id >= 2778329) AND (id <= 2778429))

table 5 : explain SELECT id, c FROM sbtest5 WHERE id BETWEEN 2778329 AND 2778429
	Index Scan using sbtest5_pkey on sbtest5  (cost=0.43..400.58 rows=100 width=125)
	  Index Cond: ((id >= 2778329) AND (id <= 2778429))

table 6 : explain SELECT id, c FROM sbtest6 WHERE id BETWEEN 2778329 AND 2778429
	Index Scan using sbtest6_pkey on sbtest6  (cost=0.43..400.03 rows=100 width=125)
	  Index Cond: ((id >= 2778329) AND (id <= 2778429))

table 7 : explain SELECT id, c FROM sbtest7 WHERE id BETWEEN 2778329 AND 2778429
	Index Scan using sbtest7_pkey on sbtest7  (cost=0.43..408.26 rows=102 width=125)
	  Index Cond: ((id >= 2778329) AND (id <= 2778429))

table 8 : explain SELECT id, c FROM sbtest8 WHERE id BETWEEN 2778329 AND 2778429
	Index Scan using sbtest8_pkey on sbtest8  (cost=0.43..434.36 rows=109 width=125)
	  Index Cond: ((id >= 2778329) AND (id <= 2778429))

for range-notcovered
table 1 : explain SELECT id, c FROM sbtest1 WHERE id BETWEEN 279089 AND 279189
	Index Scan using sbtest1_pkey on sbtest1  (cost=0.43..401.91 rows=100 width=125)
	  Index Cond: ((id >= 279089) AND (id <= 279189))

table 2 : explain SELECT id, c FROM sbtest2 WHERE id BETWEEN 279089 AND 279189
	Index Scan using sbtest2_pkey on sbtest2  (cost=0.43..429.02 rows=107 width=125)
	  Index Cond: ((id >= 279089) AND (id <= 279189))

table 3 : explain SELECT id, c FROM sbtest3 WHERE id BETWEEN 279089 AND 279189
	Index Scan using sbtest3_pkey on sbtest3  (cost=0.43..380.63 rows=95 width=125)
	  Index Cond: ((id >= 279089) AND (id <= 279189))

table 4 : explain SELECT id, c FROM sbtest4 WHERE id BETWEEN 279089 AND 279189
	Index Scan using sbtest4_pkey on sbtest4  (cost=0.43..356.60 rows=89 width=125)
	  Index Cond: ((id >= 279089) AND (id <= 279189))

table 5 : explain SELECT id, c FROM sbtest5 WHERE id BETWEEN 279089 AND 279189
	Index Scan using sbtest5_pkey on sbtest5  (cost=0.43..364.93 rows=91 width=125)
	  Index Cond: ((id >= 279089) AND (id <= 279189))

table 6 : explain SELECT id, c FROM sbtest6 WHERE id BETWEEN 279089 AND 279189
	Index Scan using sbtest6_pkey on sbtest6  (cost=0.43..427.71 rows=107 width=125)
	  Index Cond: ((id >= 279089) AND (id <= 279189))

table 7 : explain SELECT id, c FROM sbtest7 WHERE id BETWEEN 279089 AND 279189
	Index Scan using sbtest7_pkey on sbtest7  (cost=0.43..451.80 rows=113 width=125)
	  Index Cond: ((id >= 279089) AND (id <= 279189))

table 8 : explain SELECT id, c FROM sbtest8 WHERE id BETWEEN 279089 AND 279189
	Index Scan using sbtest8_pkey on sbtest8  (cost=0.43..406.76 rows=102 width=125)
	  Index Cond: ((id >= 279089) AND (id <= 279189))

explain: for range-notcovered :: explain SELECT id, c FROM sbtest%d WHERE id BETWEEN 279089 AND 279189
for range-notcovered
table 1 : explain SELECT id, c FROM sbtest1 WHERE id BETWEEN 4873647 AND 4873747
	Index Scan using sbtest1_pkey on sbtest1  (cost=0.43..374.09 rows=93 width=125)
	  Index Cond: ((id >= 4873647) AND (id <= 4873747))

table 2 : explain SELECT id, c FROM sbtest2 WHERE id BETWEEN 4873647 AND 4873747
	Index Scan using sbtest2_pkey on sbtest2  (cost=0.43..440.92 rows=110 width=125)
	  Index Cond: ((id >= 4873647) AND (id <= 4873747))

table 3 : explain SELECT id, c FROM sbtest3 WHERE id BETWEEN 4873647 AND 4873747
	Index Scan using sbtest3_pkey on sbtest3  (cost=0.43..368.75 rows=92 width=125)
	  Index Cond: ((id >= 4873647) AND (id <= 4873747))

table 4 : explain SELECT id, c FROM sbtest4 WHERE id BETWEEN 4873647 AND 4873747
	Index Scan using sbtest4_pkey on sbtest4  (cost=0.43..352.64 rows=88 width=125)
	  Index Cond: ((id >= 4873647) AND (id <= 4873747))

table 5 : explain SELECT id, c FROM sbtest5 WHERE id BETWEEN 4873647 AND 4873747
	Index Scan using sbtest5_pkey on sbtest5  (cost=0.43..400.58 rows=100 width=125)
	  Index Cond: ((id >= 4873647) AND (id <= 4873747))

table 6 : explain SELECT id, c FROM sbtest6 WHERE id BETWEEN 4873647 AND 4873747
	Index Scan using sbtest6_pkey on sbtest6  (cost=0.43..384.19 rows=96 width=125)
	  Index Cond: ((id >= 4873647) AND (id <= 4873747))

table 7 : explain SELECT id, c FROM sbtest7 WHERE id BETWEEN 4873647 AND 4873747
	Index Scan using sbtest7_pkey on sbtest7  (cost=0.43..416.18 rows=104 width=125)
	  Index Cond: ((id >= 4873647) AND (id <= 4873747))

table 8 : explain SELECT id, c FROM sbtest8 WHERE id BETWEEN 4873647 AND 4873747
	Index Scan using sbtest8_pkey on sbtest8  (cost=0.43..351.54 rows=88 width=125)
	  Index Cond: ((id >= 4873647) AND (id <= 4873747))

explain: for range-notcovered :: explain SELECT id, c FROM sbtest%d WHERE id BETWEEN 2778329 AND 2778429
explain: for range-notcovered :: explain SELECT id, c FROM sbtest%d WHERE id BETWEEN 4873647 AND 4873747
explain: for range-notcovered :: explain SELECT id, c FROM sbtest%d WHERE id BETWEEN 369880 AND 369980
for range-notcovered
table 1 : explain SELECT id, c FROM sbtest1 WHERE id BETWEEN 8915763 AND 8915863
	Index Scan using sbtest1_pkey on sbtest1  (cost=0.43..405.88 rows=101 width=125)
	  Index Cond: ((id >= 8915763) AND (id <= 8915863))

table 2 : explain SELECT id, c FROM sbtest2 WHERE id BETWEEN 8915763 AND 8915863
	Index Scan using sbtest2_pkey on sbtest2  (cost=0.43..385.37 rows=96 width=125)
	  Index Cond: ((id >= 8915763) AND (id <= 8915863))

table 3 : explain SELECT id, c FROM sbtest3 WHERE id BETWEEN 8915763 AND 8915863
	Index Scan using sbtest3_pkey on sbtest3  (cost=0.43..400.44 rows=100 width=125)
	  Index Cond: ((id >= 8915763) AND (id <= 8915863))

table 4 : explain SELECT id, c FROM sbtest4 WHERE id BETWEEN 8915763 AND 8915863
	Index Scan using sbtest4_pkey on sbtest4  (cost=0.43..412.00 rows=103 width=125)
	  Index Cond: ((id >= 8915763) AND (id <= 8915863))

table 5 : explain SELECT id, c FROM sbtest5 WHERE id BETWEEN 8915763 AND 8915863
	Index Scan using sbtest5_pkey on sbtest5  (cost=0.43..400.58 rows=100 width=125)
	  Index Cond: ((id >= 8915763) AND (id <= 8915863))

table 6 : explain SELECT id, c FROM sbtest6 WHERE id BETWEEN 8915763 AND 8915863
	Index Scan using sbtest6_pkey on sbtest6  (cost=0.43..407.94 rows=102 width=125)
	  Index Cond: ((id >= 8915763) AND (id <= 8915863))

table 7 : explain SELECT id, c FROM sbtest7 WHERE id BETWEEN 8915763 AND 8915863
	Index Scan using sbtest7_pkey on sbtest7  (cost=0.43..432.01 rows=108 width=125)
	  Index Cond: ((id >= 8915763) AND (id <= 8915863))

table 8 : explain SELECT id, c FROM sbtest8 WHERE id BETWEEN 8915763 AND 8915863
	Index Scan using sbtest8_pkey on sbtest8  (cost=0.43..414.65 rows=104 width=125)
	  Index Cond: ((id >= 8915763) AND (id <= 8915863))

explain: for range-notcovered :: explain SELECT id, c FROM sbtest%d WHERE id BETWEEN 8915763 AND 8915863
for range-notcovered
table 1 : explain SELECT id, c FROM sbtest1 WHERE id BETWEEN 3493077 AND 3493177
	Index Scan using sbtest1_pkey on sbtest1  (cost=0.43..374.09 rows=93 width=125)
	  Index Cond: ((id >= 3493077) AND (id <= 3493177))

table 2 : explain SELECT id, c FROM sbtest2 WHERE id BETWEEN 3493077 AND 3493177
	Index Scan using sbtest2_pkey on sbtest2  (cost=0.43..409.19 rows=102 width=125)
	  Index Cond: ((id >= 3493077) AND (id <= 3493177))

table 3 : explain SELECT id, c FROM sbtest3 WHERE id BETWEEN 3493077 AND 3493177
	Index Scan using sbtest3_pkey on sbtest3  (cost=0.43..368.75 rows=92 width=125)
	  Index Cond: ((id >= 3493077) AND (id <= 3493177))

table 4 : explain SELECT id, c FROM sbtest4 WHERE id BETWEEN 3493077 AND 3493177
	Index Scan using sbtest4_pkey on sbtest4  (cost=0.43..380.33 rows=95 width=125)
	  Index Cond: ((id >= 3493077) AND (id <= 3493177))

table 5 : explain SELECT id, c FROM sbtest5 WHERE id BETWEEN 3493077 AND 3493177
	Index Scan using sbtest5_pkey on sbtest5  (cost=0.43..364.93 rows=91 width=125)
	  Index Cond: ((id >= 3493077) AND (id <= 3493177))

table 6 : explain SELECT id, c FROM sbtest6 WHERE id BETWEEN 3493077 AND 3493177
	Index Scan using sbtest6_pkey on sbtest6  (cost=0.43..392.12 rows=98 width=125)
	  Index Cond: ((id >= 3493077) AND (id <= 3493177))

table 7 : explain SELECT id, c FROM sbtest7 WHERE id BETWEEN 3493077 AND 3493177
	Index Scan using sbtest7_pkey on sbtest7  (cost=0.43..348.88 rows=87 width=125)
	  Index Cond: ((id >= 3493077) AND (id <= 3493177))

table 8 : explain SELECT id, c FROM sbtest8 WHERE id BETWEEN 3493077 AND 3493177
	Index Scan using sbtest8_pkey on sbtest8  (cost=0.43..410.70 rows=103 width=125)
	  Index Cond: ((id >= 3493077) AND (id <= 3493177))

explain: for range-notcovered :: explain SELECT id, c FROM sbtest%d WHERE id BETWEEN 3493077 AND 3493177
for range-notcovered
table 1 : explain SELECT id, c FROM sbtest1 WHERE id BETWEEN 279089 AND 279189
	Index Scan using sbtest1_pkey on sbtest1  (cost=0.43..401.91 rows=100 width=125)
	  Index Cond: ((id >= 279089) AND (id <= 279189))

table 2 : explain SELECT id, c FROM sbtest2 WHERE id BETWEEN 279089 AND 279189
	Index Scan using sbtest2_pkey on sbtest2  (cost=0.43..429.02 rows=107 width=125)
	  Index Cond: ((id >= 279089) AND (id <= 279189))

table 3 : explain SELECT id, c FROM sbtest3 WHERE id BETWEEN 279089 AND 279189
	Index Scan using sbtest3_pkey on sbtest3  (cost=0.43..380.63 rows=95 width=125)
	  Index Cond: ((id >= 279089) AND (id <= 279189))

table 4 : explain SELECT id, c FROM sbtest4 WHERE id BETWEEN 279089 AND 279189
	Index Scan using sbtest4_pkey on sbtest4  (cost=0.43..356.60 rows=89 width=125)
	  Index Cond: ((id >= 279089) AND (id <= 279189))

table 5 : explain SELECT id, c FROM sbtest5 WHERE id BETWEEN 279089 AND 279189
	Index Scan using sbtest5_pkey on sbtest5  (cost=0.43..364.93 rows=91 width=125)
	  Index Cond: ((id >= 279089) AND (id <= 279189))

table 6 : explain SELECT id, c FROM sbtest6 WHERE id BETWEEN 279089 AND 279189
	Index Scan using sbtest6_pkey on sbtest6  (cost=0.43..427.71 rows=107 width=125)
	  Index Cond: ((id >= 279089) AND (id <= 279189))

table 7 : explain SELECT id, c FROM sbtest7 WHERE id BETWEEN 279089 AND 279189
	Index Scan using sbtest7_pkey on sbtest7  (cost=0.43..451.80 rows=113 width=125)
	  Index Cond: ((id >= 279089) AND (id <= 279189))

table 8 : explain SELECT id, c FROM sbtest8 WHERE id BETWEEN 279089 AND 279189
	Index Scan using sbtest8_pkey on sbtest8  (cost=0.43..406.76 rows=102 width=125)
	  Index Cond: ((id >= 279089) AND (id <= 279189))

explain: for range-notcovered :: explain SELECT id, c FROM sbtest%d WHERE id BETWEEN 279089 AND 279189
for range-notcovered
table 1 : explain SELECT id, c FROM sbtest1 WHERE id BETWEEN 4873647 AND 4873747
	Index Scan using sbtest1_pkey on sbtest1  (cost=0.43..374.09 rows=93 width=125)
	  Index Cond: ((id >= 4873647) AND (id <= 4873747))

table 2 : explain SELECT id, c FROM sbtest2 WHERE id BETWEEN 4873647 AND 4873747
	Index Scan using sbtest2_pkey on sbtest2  (cost=0.43..440.92 rows=110 width=125)
	  Index Cond: ((id >= 4873647) AND (id <= 4873747))

table 3 : explain SELECT id, c FROM sbtest3 WHERE id BETWEEN 4873647 AND 4873747
	Index Scan using sbtest3_pkey on sbtest3  (cost=0.43..368.75 rows=92 width=125)
	  Index Cond: ((id >= 4873647) AND (id <= 4873747))

table 4 : explain SELECT id, c FROM sbtest4 WHERE id BETWEEN 4873647 AND 4873747
	Index Scan using sbtest4_pkey on sbtest4  (cost=0.43..352.64 rows=88 width=125)
	  Index Cond: ((id >= 4873647) AND (id <= 4873747))

table 5 : explain SELECT id, c FROM sbtest5 WHERE id BETWEEN 4873647 AND 4873747
	Index Scan using sbtest5_pkey on sbtest5  (cost=0.43..400.58 rows=100 width=125)
	  Index Cond: ((id >= 4873647) AND (id <= 4873747))

table 6 : explain SELECT id, c FROM sbtest6 WHERE id BETWEEN 4873647 AND 4873747
	Index Scan using sbtest6_pkey on sbtest6  (cost=0.43..384.19 rows=96 width=125)
	  Index Cond: ((id >= 4873647) AND (id <= 4873747))

table 7 : explain SELECT id, c FROM sbtest7 WHERE id BETWEEN 4873647 AND 4873747
	Index Scan using sbtest7_pkey on sbtest7  (cost=0.43..416.18 rows=104 width=125)
	  Index Cond: ((id >= 4873647) AND (id <= 4873747))

table 8 : explain SELECT id, c FROM sbtest8 WHERE id BETWEEN 4873647 AND 4873747
	Index Scan using sbtest8_pkey on sbtest8  (cost=0.43..351.54 rows=88 width=125)
	  Index Cond: ((id >= 4873647) AND (id <= 4873747))

explain: for range-notcovered :: explain SELECT id, c FROM sbtest%d WHERE id BETWEEN 4873647 AND 4873747
for range-notcovered
table 1 : explain SELECT id, c FROM sbtest1 WHERE id BETWEEN 3739386 AND 3739486
	Index Scan using sbtest1_pkey on sbtest1  (cost=0.43..409.87 rows=102 width=125)
	  Index Cond: ((id >= 3739386) AND (id <= 3739486))

table 2 : explain SELECT id, c FROM sbtest2 WHERE id BETWEEN 3739386 AND 3739486
	Index Scan using sbtest2_pkey on sbtest2  (cost=0.43..413.15 rows=103 width=125)
	  Index Cond: ((id >= 3739386) AND (id <= 3739486))

table 3 : explain SELECT id, c FROM sbtest3 WHERE id BETWEEN 3739386 AND 3739486
	Index Scan using sbtest3_pkey on sbtest3  (cost=0.43..408.36 rows=102 width=125)
	  Index Cond: ((id >= 3739386) AND (id <= 3739486))

table 4 : explain SELECT id, c FROM sbtest4 WHERE id BETWEEN 3739386 AND 3739486
	Index Scan using sbtest4_pkey on sbtest4  (cost=0.43..384.29 rows=96 width=125)
	  Index Cond: ((id >= 3739386) AND (id <= 3739486))

table 5 : explain SELECT id, c FROM sbtest5 WHERE id BETWEEN 3739386 AND 3739486
	Index Scan using sbtest5_pkey on sbtest5  (cost=0.43..392.66 rows=98 width=125)
	  Index Cond: ((id >= 3739386) AND (id <= 3739486))

table 6 : explain SELECT id, c FROM sbtest6 WHERE id BETWEEN 3739386 AND 3739486
	Index Scan using sbtest6_pkey on sbtest6  (cost=0.43..419.80 rows=105 width=125)
	  Index Cond: ((id >= 3739386) AND (id <= 3739486))

table 7 : explain SELECT id, c FROM sbtest7 WHERE id BETWEEN 3739386 AND 3739486
	Index Scan using sbtest7_pkey on sbtest7  (cost=0.43..408.26 rows=102 width=125)
	  Index Cond: ((id >= 3739386) AND (id <= 3739486))

table 8 : explain SELECT id, c FROM sbtest8 WHERE id BETWEEN 3739386 AND 3739486
	Index Scan using sbtest8_pkey on sbtest8  (cost=0.43..438.31 rows=110 width=125)
	  Index Cond: ((id >= 3739386) AND (id <= 3739486))

for range-notcovered
table 1 : explain SELECT id, c FROM sbtest1 WHERE id BETWEEN 8915763 AND 8915863
	Index Scan using sbtest1_pkey on sbtest1  (cost=0.43..405.88 rows=101 width=125)
	  Index Cond: ((id >= 8915763) AND (id <= 8915863))

table 2 : explain SELECT id, c FROM sbtest2 WHERE id BETWEEN 8915763 AND 8915863
	Index Scan using sbtest2_pkey on sbtest2  (cost=0.43..385.37 rows=96 width=125)
	  Index Cond: ((id >= 8915763) AND (id <= 8915863))

table 3 : explain SELECT id, c FROM sbtest3 WHERE id BETWEEN 8915763 AND 8915863
	Index Scan using sbtest3_pkey on sbtest3  (cost=0.43..400.44 rows=100 width=125)
	  Index Cond: ((id >= 8915763) AND (id <= 8915863))

table 4 : explain SELECT id, c FROM sbtest4 WHERE id BETWEEN 8915763 AND 8915863
	Index Scan using sbtest4_pkey on sbtest4  (cost=0.43..412.00 rows=103 width=125)
	  Index Cond: ((id >= 8915763) AND (id <= 8915863))

table 5 : explain SELECT id, c FROM sbtest5 WHERE id BETWEEN 8915763 AND 8915863
	Index Scan using sbtest5_pkey on sbtest5  (cost=0.43..400.58 rows=100 width=125)
	  Index Cond: ((id >= 8915763) AND (id <= 8915863))

table 6 : explain SELECT id, c FROM sbtest6 WHERE id BETWEEN 8915763 AND 8915863
	Index Scan using sbtest6_pkey on sbtest6  (cost=0.43..407.94 rows=102 width=125)
	  Index Cond: ((id >= 8915763) AND (id <= 8915863))

table 7 : explain SELECT id, c FROM sbtest7 WHERE id BETWEEN 8915763 AND 8915863
	Index Scan using sbtest7_pkey on sbtest7  (cost=0.43..432.01 rows=108 width=125)
	  Index Cond: ((id >= 8915763) AND (id <= 8915863))

table 8 : explain SELECT id, c FROM sbtest8 WHERE id BETWEEN 8915763 AND 8915863
	Index Scan using sbtest8_pkey on sbtest8  (cost=0.43..414.65 rows=104 width=125)
	  Index Cond: ((id >= 8915763) AND (id <= 8915863))

for range-notcovered
table 1 : explain SELECT id, c FROM sbtest1 WHERE id BETWEEN 3493077 AND 3493177
	Index Scan using sbtest1_pkey on sbtest1  (cost=0.43..374.09 rows=93 width=125)
	  Index Cond: ((id >= 3493077) AND (id <= 3493177))

table 2 : explain SELECT id, c FROM sbtest2 WHERE id BETWEEN 3493077 AND 3493177
	Index Scan using sbtest2_pkey on sbtest2  (cost=0.43..409.19 rows=102 width=125)
	  Index Cond: ((id >= 3493077) AND (id <= 3493177))

table 3 : explain SELECT id, c FROM sbtest3 WHERE id BETWEEN 3493077 AND 3493177
	Index Scan using sbtest3_pkey on sbtest3  (cost=0.43..368.75 rows=92 width=125)
	  Index Cond: ((id >= 3493077) AND (id <= 3493177))

table 4 : explain SELECT id, c FROM sbtest4 WHERE id BETWEEN 3493077 AND 3493177
	Index Scan using sbtest4_pkey on sbtest4  (cost=0.43..380.33 rows=95 width=125)
	  Index Cond: ((id >= 3493077) AND (id <= 3493177))

table 5 : explain SELECT id, c FROM sbtest5 WHERE id BETWEEN 3493077 AND 3493177
	Index Scan using sbtest5_pkey on sbtest5  (cost=0.43..364.93 rows=91 width=125)
	  Index Cond: ((id >= 3493077) AND (id <= 3493177))

table 6 : explain SELECT id, c FROM sbtest6 WHERE id BETWEEN 3493077 AND 3493177
	Index Scan using sbtest6_pkey on sbtest6  (cost=0.43..392.12 rows=98 width=125)
	  Index Cond: ((id >= 3493077) AND (id <= 3493177))

table 7 : explain SELECT id, c FROM sbtest7 WHERE id BETWEEN 3493077 AND 3493177
	Index Scan using sbtest7_pkey on sbtest7  (cost=0.43..348.88 rows=87 width=125)
	  Index Cond: ((id >= 3493077) AND (id <= 3493177))

table 8 : explain SELECT id, c FROM sbtest8 WHERE id BETWEEN 3493077 AND 3493177
	Index Scan using sbtest8_pkey on sbtest8  (cost=0.43..410.70 rows=103 width=125)
	  Index Cond: ((id >= 3493077) AND (id <= 3493177))

explain: for range-notcovered :: explain SELECT id, c FROM sbtest%d WHERE id BETWEEN 3493077 AND 3493177
explain: for range-notcovered :: explain SELECT id, c FROM sbtest%d WHERE id BETWEEN 3739386 AND 3739486
for range-notcovered
table 1 : explain SELECT id, c FROM sbtest1 WHERE id BETWEEN 279089 AND 279189
	Index Scan using sbtest1_pkey on sbtest1  (cost=0.43..401.91 rows=100 width=125)
	  Index Cond: ((id >= 279089) AND (id <= 279189))

table 2 : explain SELECT id, c FROM sbtest2 WHERE id BETWEEN 279089 AND 279189
	Index Scan using sbtest2_pkey on sbtest2  (cost=0.43..429.02 rows=107 width=125)
	  Index Cond: ((id >= 279089) AND (id <= 279189))

table 3 : explain SELECT id, c FROM sbtest3 WHERE id BETWEEN 279089 AND 279189
	Index Scan using sbtest3_pkey on sbtest3  (cost=0.43..380.63 rows=95 width=125)
	  Index Cond: ((id >= 279089) AND (id <= 279189))

table 4 : explain SELECT id, c FROM sbtest4 WHERE id BETWEEN 279089 AND 279189
	Index Scan using sbtest4_pkey on sbtest4  (cost=0.43..356.60 rows=89 width=125)
	  Index Cond: ((id >= 279089) AND (id <= 279189))

table 5 : explain SELECT id, c FROM sbtest5 WHERE id BETWEEN 279089 AND 279189
	Index Scan using sbtest5_pkey on sbtest5  (cost=0.43..364.93 rows=91 width=125)
	  Index Cond: ((id >= 279089) AND (id <= 279189))

table 6 : explain SELECT id, c FROM sbtest6 WHERE id BETWEEN 279089 AND 279189
	Index Scan using sbtest6_pkey on sbtest6  (cost=0.43..427.71 rows=107 width=125)
	  Index Cond: ((id >= 279089) AND (id <= 279189))

table 7 : explain SELECT id, c FROM sbtest7 WHERE id BETWEEN 279089 AND 279189
	Index Scan using sbtest7_pkey on sbtest7  (cost=0.43..451.80 rows=113 width=125)
	  Index Cond: ((id >= 279089) AND (id <= 279189))

table 8 : explain SELECT id, c FROM sbtest8 WHERE id BETWEEN 279089 AND 279189
	Index Scan using sbtest8_pkey on sbtest8  (cost=0.43..406.76 rows=102 width=125)
	  Index Cond: ((id >= 279089) AND (id <= 279189))

for range-notcovered
table 1 : explain SELECT id, c FROM sbtest1 WHERE id BETWEEN 2778329 AND 2778429
	Index Scan using sbtest1_pkey on sbtest1  (cost=0.43..425.77 rows=106 width=125)
	  Index Cond: ((id >= 2778329) AND (id <= 2778429))

table 2 : explain SELECT id, c FROM sbtest2 WHERE id BETWEEN 2778329 AND 2778429
	Index Scan using sbtest2_pkey on sbtest2  (cost=0.43..448.86 rows=112 width=125)
	  Index Cond: ((id >= 2778329) AND (id <= 2778429))

table 3 : explain SELECT id, c FROM sbtest3 WHERE id BETWEEN 2778329 AND 2778429
	Index Scan using sbtest3_pkey on sbtest3  (cost=0.43..408.36 rows=102 width=125)
	  Index Cond: ((id >= 2778329) AND (id <= 2778429))

table 4 : explain SELECT id, c FROM sbtest4 WHERE id BETWEEN 2778329 AND 2778429
	Index Scan using sbtest4_pkey on sbtest4  (cost=0.43..431.78 rows=108 width=125)
	  Index Cond: ((id >= 2778329) AND (id <= 2778429))

table 5 : explain SELECT id, c FROM sbtest5 WHERE id BETWEEN 2778329 AND 2778429
	Index Scan using sbtest5_pkey on sbtest5  (cost=0.43..400.58 rows=100 width=125)
	  Index Cond: ((id >= 2778329) AND (id <= 2778429))

table 6 : explain SELECT id, c FROM sbtest6 WHERE id BETWEEN 2778329 AND 2778429
	Index Scan using sbtest6_pkey on sbtest6  (cost=0.43..400.03 rows=100 width=125)
	  Index Cond: ((id >= 2778329) AND (id <= 2778429))

table 7 : explain SELECT id, c FROM sbtest7 WHERE id BETWEEN 2778329 AND 2778429
	Index Scan using sbtest7_pkey on sbtest7  (cost=0.43..408.26 rows=102 width=125)
	  Index Cond: ((id >= 2778329) AND (id <= 2778429))

table 8 : explain SELECT id, c FROM sbtest8 WHERE id BETWEEN 2778329 AND 2778429
	Index Scan using sbtest8_pkey on sbtest8  (cost=0.43..434.36 rows=109 width=125)
	  Index Cond: ((id >= 2778329) AND (id <= 2778429))

explain: for range-notcovered :: explain SELECT id, c FROM sbtest%d WHERE id BETWEEN 5603878 AND 5603978
explain: for range-notcovered :: explain SELECT id, c FROM sbtest%d WHERE id BETWEEN 279089 AND 279189
explain: for range-notcovered :: explain SELECT id, c FROM sbtest%d WHERE id BETWEEN 2778329 AND 2778429
for range-notcovered
table 1 : explain SELECT id, c FROM sbtest1 WHERE id BETWEEN 4873647 AND 4873747
	Index Scan using sbtest1_pkey on sbtest1  (cost=0.43..374.09 rows=93 width=125)
	  Index Cond: ((id >= 4873647) AND (id <= 4873747))

table 2 : explain SELECT id, c FROM sbtest2 WHERE id BETWEEN 4873647 AND 4873747
	Index Scan using sbtest2_pkey on sbtest2  (cost=0.43..440.92 rows=110 width=125)
	  Index Cond: ((id >= 4873647) AND (id <= 4873747))

table 3 : explain SELECT id, c FROM sbtest3 WHERE id BETWEEN 4873647 AND 4873747
	Index Scan using sbtest3_pkey on sbtest3  (cost=0.43..368.75 rows=92 width=125)
	  Index Cond: ((id >= 4873647) AND (id <= 4873747))

table 4 : explain SELECT id, c FROM sbtest4 WHERE id BETWEEN 4873647 AND 4873747
	Index Scan using sbtest4_pkey on sbtest4  (cost=0.43..352.64 rows=88 width=125)
	  Index Cond: ((id >= 4873647) AND (id <= 4873747))

table 5 : explain SELECT id, c FROM sbtest5 WHERE id BETWEEN 4873647 AND 4873747
	Index Scan using sbtest5_pkey on sbtest5  (cost=0.43..400.58 rows=100 width=125)
	  Index Cond: ((id >= 4873647) AND (id <= 4873747))

table 6 : explain SELECT id, c FROM sbtest6 WHERE id BETWEEN 4873647 AND 4873747
	Index Scan using sbtest6_pkey on sbtest6  (cost=0.43..384.19 rows=96 width=125)
	  Index Cond: ((id >= 4873647) AND (id <= 4873747))

table 7 : explain SELECT id, c FROM sbtest7 WHERE id BETWEEN 4873647 AND 4873747
	Index Scan using sbtest7_pkey on sbtest7  (cost=0.43..416.18 rows=104 width=125)
	  Index Cond: ((id >= 4873647) AND (id <= 4873747))

table 8 : explain SELECT id, c FROM sbtest8 WHERE id BETWEEN 4873647 AND 4873747
	Index Scan using sbtest8_pkey on sbtest8  (cost=0.43..351.54 rows=88 width=125)
	  Index Cond: ((id >= 4873647) AND (id <= 4873747))

for range-notcovered
table 1 : explain SELECT id, c FROM sbtest1 WHERE id BETWEEN 8032551 AND 8032651
	Index Scan using sbtest1_pkey on sbtest1  (cost=0.43..389.99 rows=97 width=125)
	  Index Cond: ((id >= 8032551) AND (id <= 8032651))

table 2 : explain SELECT id, c FROM sbtest2 WHERE id BETWEEN 8032551 AND 8032651
	Index Scan using sbtest2_pkey on sbtest2  (cost=0.43..405.22 rows=101 width=125)
	  Index Cond: ((id >= 8032551) AND (id <= 8032651))

table 3 : explain SELECT id, c FROM sbtest3 WHERE id BETWEEN 8032551 AND 8032651
	Index Scan using sbtest3_pkey on sbtest3  (cost=0.43..432.11 rows=108 width=125)
	  Index Cond: ((id >= 8032551) AND (id <= 8032651))

table 4 : explain SELECT id, c FROM sbtest4 WHERE id BETWEEN 8032551 AND 8032651
	Index Scan using sbtest4_pkey on sbtest4  (cost=0.43..364.51 rows=91 width=125)
	  Index Cond: ((id >= 8032551) AND (id <= 8032651))

table 5 : explain SELECT id, c FROM sbtest5 WHERE id BETWEEN 8032551 AND 8032651
	Index Scan using sbtest5_pkey on sbtest5  (cost=0.43..416.43 rows=104 width=125)
	  Index Cond: ((id >= 8032551) AND (id <= 8032651))

table 6 : explain SELECT id, c FROM sbtest6 WHERE id BETWEEN 8032551 AND 8032651
	Index Scan using sbtest6_pkey on sbtest6  (cost=0.43..392.12 rows=98 width=125)
	  Index Cond: ((id >= 8032551) AND (id <= 8032651))

table 7 : explain SELECT id, c FROM sbtest7 WHERE id BETWEEN 8032551 AND 8032651
	Index Scan using sbtest7_pkey on sbtest7  (cost=0.43..388.47 rows=97 width=125)
	  Index Cond: ((id >= 8032551) AND (id <= 8032651))

table 8 : explain SELECT id, c FROM sbtest8 WHERE id BETWEEN 8032551 AND 8032651
	Index Scan using sbtest8_pkey on sbtest8  (cost=0.43..375.20 rows=94 width=125)
	  Index Cond: ((id >= 8032551) AND (id <= 8032651))

for range-notcovered
table 1 : explain SELECT id, c FROM sbtest1 WHERE id BETWEEN 3493077 AND 3493177
	Index Scan using sbtest1_pkey on sbtest1  (cost=0.43..374.09 rows=93 width=125)
	  Index Cond: ((id >= 3493077) AND (id <= 3493177))

table 2 : explain SELECT id, c FROM sbtest2 WHERE id BETWEEN 3493077 AND 3493177
	Index Scan using sbtest2_pkey on sbtest2  (cost=0.43..409.19 rows=102 width=125)
	  Index Cond: ((id >= 3493077) AND (id <= 3493177))

table 3 : explain SELECT id, c FROM sbtest3 WHERE id BETWEEN 3493077 AND 3493177
	Index Scan using sbtest3_pkey on sbtest3  (cost=0.43..368.75 rows=92 width=125)
	  Index Cond: ((id >= 3493077) AND (id <= 3493177))

table 4 : explain SELECT id, c FROM sbtest4 WHERE id BETWEEN 3493077 AND 3493177
	Index Scan using sbtest4_pkey on sbtest4  (cost=0.43..380.33 rows=95 width=125)
	  Index Cond: ((id >= 3493077) AND (id <= 3493177))

table 5 : explain SELECT id, c FROM sbtest5 WHERE id BETWEEN 3493077 AND 3493177
	Index Scan using sbtest5_pkey on sbtest5  (cost=0.43..364.93 rows=91 width=125)
	  Index Cond: ((id >= 3493077) AND (id <= 3493177))

table 6 : explain SELECT id, c FROM sbtest6 WHERE id BETWEEN 3493077 AND 3493177
	Index Scan using sbtest6_pkey on sbtest6  (cost=0.43..392.12 rows=98 width=125)
	  Index Cond: ((id >= 3493077) AND (id <= 3493177))

table 7 : explain SELECT id, c FROM sbtest7 WHERE id BETWEEN 3493077 AND 3493177
	Index Scan using sbtest7_pkey on sbtest7  (cost=0.43..348.88 rows=87 width=125)
	  Index Cond: ((id >= 3493077) AND (id <= 3493177))

table 8 : explain SELECT id, c FROM sbtest8 WHERE id BETWEEN 3493077 AND 3493177
	Index Scan using sbtest8_pkey on sbtest8  (cost=0.43..410.70 rows=103 width=125)
	  Index Cond: ((id >= 3493077) AND (id <= 3493177))

explain: for range-notcovered :: explain SELECT id, c FROM sbtest%d WHERE id BETWEEN 8032551 AND 8032651
explain: for range-notcovered :: explain SELECT id, c FROM sbtest%d WHERE id BETWEEN 3493077 AND 3493177
for range-notcovered
table 1 : explain SELECT id, c FROM sbtest1 WHERE id BETWEEN 279089 AND 279189
	Index Scan using sbtest1_pkey on sbtest1  (cost=0.43..401.91 rows=100 width=125)
	  Index Cond: ((id >= 279089) AND (id <= 279189))

table 2 : explain SELECT id, c FROM sbtest2 WHERE id BETWEEN 279089 AND 279189
	Index Scan using sbtest2_pkey on sbtest2  (cost=0.43..429.02 rows=107 width=125)
	  Index Cond: ((id >= 279089) AND (id <= 279189))

table 3 : explain SELECT id, c FROM sbtest3 WHERE id BETWEEN 279089 AND 279189
	Index Scan using sbtest3_pkey on sbtest3  (cost=0.43..380.63 rows=95 width=125)
	  Index Cond: ((id >= 279089) AND (id <= 279189))

table 4 : explain SELECT id, c FROM sbtest4 WHERE id BETWEEN 279089 AND 279189
	Index Scan using sbtest4_pkey on sbtest4  (cost=0.43..356.60 rows=89 width=125)
	  Index Cond: ((id >= 279089) AND (id <= 279189))

table 5 : explain SELECT id, c FROM sbtest5 WHERE id BETWEEN 279089 AND 279189
	Index Scan using sbtest5_pkey on sbtest5  (cost=0.43..364.93 rows=91 width=125)
	  Index Cond: ((id >= 279089) AND (id <= 279189))

table 6 : explain SELECT id, c FROM sbtest6 WHERE id BETWEEN 279089 AND 279189
	Index Scan using sbtest6_pkey on sbtest6  (cost=0.43..427.71 rows=107 width=125)
	  Index Cond: ((id >= 279089) AND (id <= 279189))

table 7 : explain SELECT id, c FROM sbtest7 WHERE id BETWEEN 279089 AND 279189
	Index Scan using sbtest7_pkey on sbtest7  (cost=0.43..451.80 rows=113 width=125)
	  Index Cond: ((id >= 279089) AND (id <= 279189))

table 8 : explain SELECT id, c FROM sbtest8 WHERE id BETWEEN 279089 AND 279189
	Index Scan using sbtest8_pkey on sbtest8  (cost=0.43..406.76 rows=102 width=125)
	  Index Cond: ((id >= 279089) AND (id <= 279189))

explain: for range-notcovered :: explain SELECT id, c FROM sbtest%d WHERE id BETWEEN 279089 AND 279189
explain: for range-notcovered :: explain SELECT id, c FROM sbtest%d WHERE id BETWEEN 4873647 AND 4873747
for range-notcovered
table 1 : explain SELECT id, c FROM sbtest1 WHERE id BETWEEN 3739386 AND 3739486
	Index Scan using sbtest1_pkey on sbtest1  (cost=0.43..409.87 rows=102 width=125)
	  Index Cond: ((id >= 3739386) AND (id <= 3739486))

table 2 : explain SELECT id, c FROM sbtest2 WHERE id BETWEEN 3739386 AND 3739486
	Index Scan using sbtest2_pkey on sbtest2  (cost=0.43..413.15 rows=103 width=125)
	  Index Cond: ((id >= 3739386) AND (id <= 3739486))

table 3 : explain SELECT id, c FROM sbtest3 WHERE id BETWEEN 3739386 AND 3739486
	Index Scan using sbtest3_pkey on sbtest3  (cost=0.43..408.36 rows=102 width=125)
	  Index Cond: ((id >= 3739386) AND (id <= 3739486))

table 4 : explain SELECT id, c FROM sbtest4 WHERE id BETWEEN 3739386 AND 3739486
	Index Scan using sbtest4_pkey on sbtest4  (cost=0.43..384.29 rows=96 width=125)
	  Index Cond: ((id >= 3739386) AND (id <= 3739486))

table 5 : explain SELECT id, c FROM sbtest5 WHERE id BETWEEN 3739386 AND 3739486
	Index Scan using sbtest5_pkey on sbtest5  (cost=0.43..392.66 rows=98 width=125)
	  Index Cond: ((id >= 3739386) AND (id <= 3739486))

table 6 : explain SELECT id, c FROM sbtest6 WHERE id BETWEEN 3739386 AND 3739486
	Index Scan using sbtest6_pkey on sbtest6  (cost=0.43..419.80 rows=105 width=125)
	  Index Cond: ((id >= 3739386) AND (id <= 3739486))

table 7 : explain SELECT id, c FROM sbtest7 WHERE id BETWEEN 3739386 AND 3739486
	Index Scan using sbtest7_pkey on sbtest7  (cost=0.43..408.26 rows=102 width=125)
	  Index Cond: ((id >= 3739386) AND (id <= 3739486))

table 8 : explain SELECT id, c FROM sbtest8 WHERE id BETWEEN 3739386 AND 3739486
	Index Scan using sbtest8_pkey on sbtest8  (cost=0.43..438.31 rows=110 width=125)
	  Index Cond: ((id >= 3739386) AND (id <= 3739486))

for range-notcovered
table 1 : explain SELECT id, c FROM sbtest1 WHERE id BETWEEN 3493077 AND 3493177
	Index Scan using sbtest1_pkey on sbtest1  (cost=0.43..374.09 rows=93 width=125)
	  Index Cond: ((id >= 3493077) AND (id <= 3493177))

table 2 : explain SELECT id, c FROM sbtest2 WHERE id BETWEEN 3493077 AND 3493177
	Index Scan using sbtest2_pkey on sbtest2  (cost=0.43..409.19 rows=102 width=125)
	  Index Cond: ((id >= 3493077) AND (id <= 3493177))

table 3 : explain SELECT id, c FROM sbtest3 WHERE id BETWEEN 3493077 AND 3493177
	Index Scan using sbtest3_pkey on sbtest3  (cost=0.43..368.75 rows=92 width=125)
	  Index Cond: ((id >= 3493077) AND (id <= 3493177))

table 4 : explain SELECT id, c FROM sbtest4 WHERE id BETWEEN 3493077 AND 3493177
	Index Scan using sbtest4_pkey on sbtest4  (cost=0.43..380.33 rows=95 width=125)
	  Index Cond: ((id >= 3493077) AND (id <= 3493177))

table 5 : explain SELECT id, c FROM sbtest5 WHERE id BETWEEN 3493077 AND 3493177
	Index Scan using sbtest5_pkey on sbtest5  (cost=0.43..364.93 rows=91 width=125)
	  Index Cond: ((id >= 3493077) AND (id <= 3493177))

table 6 : explain SELECT id, c FROM sbtest6 WHERE id BETWEEN 3493077 AND 3493177
	Index Scan using sbtest6_pkey on sbtest6  (cost=0.43..392.12 rows=98 width=125)
	  Index Cond: ((id >= 3493077) AND (id <= 3493177))

table 7 : explain SELECT id, c FROM sbtest7 WHERE id BETWEEN 3493077 AND 3493177
	Index Scan using sbtest7_pkey on sbtest7  (cost=0.43..348.88 rows=87 width=125)
	  Index Cond: ((id >= 3493077) AND (id <= 3493177))

table 8 : explain SELECT id, c FROM sbtest8 WHERE id BETWEEN 3493077 AND 3493177
	Index Scan using sbtest8_pkey on sbtest8  (cost=0.43..410.70 rows=103 width=125)
	  Index Cond: ((id >= 3493077) AND (id <= 3493177))

for range-notcovered
table 1 : explain SELECT id, c FROM sbtest1 WHERE id BETWEEN 8032551 AND 8032651
	Index Scan using sbtest1_pkey on sbtest1  (cost=0.43..389.99 rows=97 width=125)
	  Index Cond: ((id >= 8032551) AND (id <= 8032651))

table 2 : explain SELECT id, c FROM sbtest2 WHERE id BETWEEN 8032551 AND 8032651
	Index Scan using sbtest2_pkey on sbtest2  (cost=0.43..405.22 rows=101 width=125)
	  Index Cond: ((id >= 8032551) AND (id <= 8032651))

table 3 : explain SELECT id, c FROM sbtest3 WHERE id BETWEEN 8032551 AND 8032651
	Index Scan using sbtest3_pkey on sbtest3  (cost=0.43..432.11 rows=108 width=125)
	  Index Cond: ((id >= 8032551) AND (id <= 8032651))

table 4 : explain SELECT id, c FROM sbtest4 WHERE id BETWEEN 8032551 AND 8032651
	Index Scan using sbtest4_pkey on sbtest4  (cost=0.43..364.51 rows=91 width=125)
	  Index Cond: ((id >= 8032551) AND (id <= 8032651))

table 5 : explain SELECT id, c FROM sbtest5 WHERE id BETWEEN 8032551 AND 8032651
	Index Scan using sbtest5_pkey on sbtest5  (cost=0.43..416.43 rows=104 width=125)
	  Index Cond: ((id >= 8032551) AND (id <= 8032651))

table 6 : explain SELECT id, c FROM sbtest6 WHERE id BETWEEN 8032551 AND 8032651
	Index Scan using sbtest6_pkey on sbtest6  (cost=0.43..392.12 rows=98 width=125)
	  Index Cond: ((id >= 8032551) AND (id <= 8032651))

table 7 : explain SELECT id, c FROM sbtest7 WHERE id BETWEEN 8032551 AND 8032651
	Index Scan using sbtest7_pkey on sbtest7  (cost=0.43..388.47 rows=97 width=125)
	  Index Cond: ((id >= 8032551) AND (id <= 8032651))

table 8 : explain SELECT id, c FROM sbtest8 WHERE id BETWEEN 8032551 AND 8032651
	Index Scan using sbtest8_pkey on sbtest8  (cost=0.43..375.20 rows=94 width=125)
	  Index Cond: ((id >= 8032551) AND (id <= 8032651))

explain: for range-notcovered :: explain SELECT id, c FROM sbtest%d WHERE id BETWEEN 3493077 AND 3493177
explain: for range-notcovered :: explain SELECT id, c FROM sbtest%d WHERE id BETWEEN 8032551 AND 8032651
explain: for range-notcovered :: explain SELECT id, c FROM sbtest%d WHERE id BETWEEN 3739386 AND 3739486
for range-notcovered
table 1 : explain SELECT id, c FROM sbtest1 WHERE id BETWEEN 2778329 AND 2778429
	Index Scan using sbtest1_pkey on sbtest1  (cost=0.43..425.77 rows=106 width=125)
	  Index Cond: ((id >= 2778329) AND (id <= 2778429))

table 2 : explain SELECT id, c FROM sbtest2 WHERE id BETWEEN 2778329 AND 2778429
	Index Scan using sbtest2_pkey on sbtest2  (cost=0.43..448.86 rows=112 width=125)
	  Index Cond: ((id >= 2778329) AND (id <= 2778429))

table 3 : explain SELECT id, c FROM sbtest3 WHERE id BETWEEN 2778329 AND 2778429
	Index Scan using sbtest3_pkey on sbtest3  (cost=0.43..408.36 rows=102 width=125)
	  Index Cond: ((id >= 2778329) AND (id <= 2778429))

table 4 : explain SELECT id, c FROM sbtest4 WHERE id BETWEEN 2778329 AND 2778429
	Index Scan using sbtest4_pkey on sbtest4  (cost=0.43..431.78 rows=108 width=125)
	  Index Cond: ((id >= 2778329) AND (id <= 2778429))

table 5 : explain SELECT id, c FROM sbtest5 WHERE id BETWEEN 2778329 AND 2778429
	Index Scan using sbtest5_pkey on sbtest5  (cost=0.43..400.58 rows=100 width=125)
	  Index Cond: ((id >= 2778329) AND (id <= 2778429))

table 6 : explain SELECT id, c FROM sbtest6 WHERE id BETWEEN 2778329 AND 2778429
	Index Scan using sbtest6_pkey on sbtest6  (cost=0.43..400.03 rows=100 width=125)
	  Index Cond: ((id >= 2778329) AND (id <= 2778429))

table 7 : explain SELECT id, c FROM sbtest7 WHERE id BETWEEN 2778329 AND 2778429
	Index Scan using sbtest7_pkey on sbtest7  (cost=0.43..408.26 rows=102 width=125)
	  Index Cond: ((id >= 2778329) AND (id <= 2778429))

table 8 : explain SELECT id, c FROM sbtest8 WHERE id BETWEEN 2778329 AND 2778429
	Index Scan using sbtest8_pkey on sbtest8  (cost=0.43..434.36 rows=109 width=125)
	  Index Cond: ((id >= 2778329) AND (id <= 2778429))

for range-notcovered
table 1 : explain SELECT id, c FROM sbtest1 WHERE id BETWEEN 279089 AND 279189
	Index Scan using sbtest1_pkey on sbtest1  (cost=0.43..401.91 rows=100 width=125)
	  Index Cond: ((id >= 279089) AND (id <= 279189))

table 2 : explain SELECT id, c FROM sbtest2 WHERE id BETWEEN 279089 AND 279189
	Index Scan using sbtest2_pkey on sbtest2  (cost=0.43..429.02 rows=107 width=125)
	  Index Cond: ((id >= 279089) AND (id <= 279189))

table 3 : explain SELECT id, c FROM sbtest3 WHERE id BETWEEN 279089 AND 279189
	Index Scan using sbtest3_pkey on sbtest3  (cost=0.43..380.63 rows=95 width=125)
	  Index Cond: ((id >= 279089) AND (id <= 279189))

table 4 : explain SELECT id, c FROM sbtest4 WHERE id BETWEEN 279089 AND 279189
	Index Scan using sbtest4_pkey on sbtest4  (cost=0.43..356.60 rows=89 width=125)
	  Index Cond: ((id >= 279089) AND (id <= 279189))

table 5 : explain SELECT id, c FROM sbtest5 WHERE id BETWEEN 279089 AND 279189
	Index Scan using sbtest5_pkey on sbtest5  (cost=0.43..364.93 rows=91 width=125)
	  Index Cond: ((id >= 279089) AND (id <= 279189))

table 6 : explain SELECT id, c FROM sbtest6 WHERE id BETWEEN 279089 AND 279189
	Index Scan using sbtest6_pkey on sbtest6  (cost=0.43..427.71 rows=107 width=125)
	  Index Cond: ((id >= 279089) AND (id <= 279189))

table 7 : explain SELECT id, c FROM sbtest7 WHERE id BETWEEN 279089 AND 279189
	Index Scan using sbtest7_pkey on sbtest7  (cost=0.43..451.80 rows=113 width=125)
	  Index Cond: ((id >= 279089) AND (id <= 279189))

table 8 : explain SELECT id, c FROM sbtest8 WHERE id BETWEEN 279089 AND 279189
	Index Scan using sbtest8_pkey on sbtest8  (cost=0.43..406.76 rows=102 width=125)
	  Index Cond: ((id >= 279089) AND (id <= 279189))

for range-notcovered
table 1 : explain SELECT id, c FROM sbtest1 WHERE id BETWEEN 369880 AND 369980
	Index Scan using sbtest1_pkey on sbtest1  (cost=0.43..374.09 rows=93 width=125)
	  Index Cond: ((id >= 369880) AND (id <= 369980))

table 2 : explain SELECT id, c FROM sbtest2 WHERE id BETWEEN 369880 AND 369980
	Index Scan using sbtest2_pkey on sbtest2  (cost=0.43..429.02 rows=107 width=125)
	  Index Cond: ((id >= 369880) AND (id <= 369980))

table 3 : explain SELECT id, c FROM sbtest3 WHERE id BETWEEN 369880 AND 369980
	Index Scan using sbtest3_pkey on sbtest3  (cost=0.43..368.75 rows=92 width=125)
	  Index Cond: ((id >= 369880) AND (id <= 369980))

table 4 : explain SELECT id, c FROM sbtest4 WHERE id BETWEEN 369880 AND 369980
	Index Scan using sbtest4_pkey on sbtest4  (cost=0.43..419.91 rows=105 width=125)
	  Index Cond: ((id >= 369880) AND (id <= 369980))

table 5 : explain SELECT id, c FROM sbtest5 WHERE id BETWEEN 369880 AND 369980
	Index Scan using sbtest5_pkey on sbtest5  (cost=0.43..440.19 rows=110 width=125)
	  Index Cond: ((id >= 369880) AND (id <= 369980))

table 6 : explain SELECT id, c FROM sbtest6 WHERE id BETWEEN 369880 AND 369980
	Index Scan using sbtest6_pkey on sbtest6  (cost=0.43..411.89 rows=103 width=125)
	  Index Cond: ((id >= 369880) AND (id <= 369980))

table 7 : explain SELECT id, c FROM sbtest7 WHERE id BETWEEN 369880 AND 369980
	Index Scan using sbtest7_pkey on sbtest7  (cost=0.43..412.22 rows=103 width=125)
	  Index Cond: ((id >= 369880) AND (id <= 369980))

table 8 : explain SELECT id, c FROM sbtest8 WHERE id BETWEEN 369880 AND 369980
	Index Scan using sbtest8_pkey on sbtest8  (cost=0.43..371.25 rows=93 width=125)
	  Index Cond: ((id >= 369880) AND (id <= 369980))

explain: for range-notcovered :: explain SELECT id, c FROM sbtest%d WHERE id BETWEEN 369880 AND 369980
explain: for range-notcovered :: explain SELECT id, c FROM sbtest%d WHERE id BETWEEN 2778329 AND 2778429
for range-notcovered
table 1 : explain SELECT id, c FROM sbtest1 WHERE id BETWEEN 3493077 AND 3493177
	Index Scan using sbtest1_pkey on sbtest1  (cost=0.43..374.09 rows=93 width=125)
	  Index Cond: ((id >= 3493077) AND (id <= 3493177))

table 2 : explain SELECT id, c FROM sbtest2 WHERE id BETWEEN 3493077 AND 3493177
	Index Scan using sbtest2_pkey on sbtest2  (cost=0.43..409.19 rows=102 width=125)
	  Index Cond: ((id >= 3493077) AND (id <= 3493177))

table 3 : explain SELECT id, c FROM sbtest3 WHERE id BETWEEN 3493077 AND 3493177
	Index Scan using sbtest3_pkey on sbtest3  (cost=0.43..368.75 rows=92 width=125)
	  Index Cond: ((id >= 3493077) AND (id <= 3493177))

table 4 : explain SELECT id, c FROM sbtest4 WHERE id BETWEEN 3493077 AND 3493177
	Index Scan using sbtest4_pkey on sbtest4  (cost=0.43..380.33 rows=95 width=125)
	  Index Cond: ((id >= 3493077) AND (id <= 3493177))

table 5 : explain SELECT id, c FROM sbtest5 WHERE id BETWEEN 3493077 AND 3493177
	Index Scan using sbtest5_pkey on sbtest5  (cost=0.43..364.93 rows=91 width=125)
	  Index Cond: ((id >= 3493077) AND (id <= 3493177))

table 6 : explain SELECT id, c FROM sbtest6 WHERE id BETWEEN 3493077 AND 3493177
	Index Scan using sbtest6_pkey on sbtest6  (cost=0.43..392.12 rows=98 width=125)
	  Index Cond: ((id >= 3493077) AND (id <= 3493177))

table 7 : explain SELECT id, c FROM sbtest7 WHERE id BETWEEN 3493077 AND 3493177
	Index Scan using sbtest7_pkey on sbtest7  (cost=0.43..348.88 rows=87 width=125)
	  Index Cond: ((id >= 3493077) AND (id <= 3493177))

table 8 : explain SELECT id, c FROM sbtest8 WHERE id BETWEEN 3493077 AND 3493177
	Index Scan using sbtest8_pkey on sbtest8  (cost=0.43..410.70 rows=103 width=125)
	  Index Cond: ((id >= 3493077) AND (id <= 3493177))

for range-notcovered
table 1 : explain SELECT id, c FROM sbtest1 WHERE id BETWEEN 8032551 AND 8032651
	Index Scan using sbtest1_pkey on sbtest1  (cost=0.43..389.99 rows=97 width=125)
	  Index Cond: ((id >= 8032551) AND (id <= 8032651))

table 2 : explain SELECT id, c FROM sbtest2 WHERE id BETWEEN 8032551 AND 8032651
	Index Scan using sbtest2_pkey on sbtest2  (cost=0.43..405.22 rows=101 width=125)
	  Index Cond: ((id >= 8032551) AND (id <= 8032651))

table 3 : explain SELECT id, c FROM sbtest3 WHERE id BETWEEN 8032551 AND 8032651
	Index Scan using sbtest3_pkey on sbtest3  (cost=0.43..432.11 rows=108 width=125)
	  Index Cond: ((id >= 8032551) AND (id <= 8032651))

table 4 : explain SELECT id, c FROM sbtest4 WHERE id BETWEEN 8032551 AND 8032651
	Index Scan using sbtest4_pkey on sbtest4  (cost=0.43..364.51 rows=91 width=125)
	  Index Cond: ((id >= 8032551) AND (id <= 8032651))

table 5 : explain SELECT id, c FROM sbtest5 WHERE id BETWEEN 8032551 AND 8032651
	Index Scan using sbtest5_pkey on sbtest5  (cost=0.43..416.43 rows=104 width=125)
	  Index Cond: ((id >= 8032551) AND (id <= 8032651))

table 6 : explain SELECT id, c FROM sbtest6 WHERE id BETWEEN 8032551 AND 8032651
	Index Scan using sbtest6_pkey on sbtest6  (cost=0.43..392.12 rows=98 width=125)
	  Index Cond: ((id >= 8032551) AND (id <= 8032651))

table 7 : explain SELECT id, c FROM sbtest7 WHERE id BETWEEN 8032551 AND 8032651
	Index Scan using sbtest7_pkey on sbtest7  (cost=0.43..388.47 rows=97 width=125)
	  Index Cond: ((id >= 8032551) AND (id <= 8032651))

table 8 : explain SELECT id, c FROM sbtest8 WHERE id BETWEEN 8032551 AND 8032651
	Index Scan using sbtest8_pkey on sbtest8  (cost=0.43..375.20 rows=94 width=125)
	  Index Cond: ((id >= 8032551) AND (id <= 8032651))

explain: for range-notcovered :: explain SELECT id, c FROM sbtest%d WHERE id BETWEEN 3493077 AND 3493177
explain: for range-notcovered :: explain SELECT id, c FROM sbtest%d WHERE id BETWEEN 8032551 AND 8032651
for range-notcovered
table 1 : explain SELECT id, c FROM sbtest1 WHERE id BETWEEN 8032551 AND 8032651
	Index Scan using sbtest1_pkey on sbtest1  (cost=0.43..389.99 rows=97 width=125)
	  Index Cond: ((id >= 8032551) AND (id <= 8032651))

table 2 : explain SELECT id, c FROM sbtest2 WHERE id BETWEEN 8032551 AND 8032651
	Index Scan using sbtest2_pkey on sbtest2  (cost=0.43..405.22 rows=101 width=125)
	  Index Cond: ((id >= 8032551) AND (id <= 8032651))

table 3 : explain SELECT id, c FROM sbtest3 WHERE id BETWEEN 8032551 AND 8032651
	Index Scan using sbtest3_pkey on sbtest3  (cost=0.43..432.11 rows=108 width=125)
	  Index Cond: ((id >= 8032551) AND (id <= 8032651))

table 4 : explain SELECT id, c FROM sbtest4 WHERE id BETWEEN 8032551 AND 8032651
	Index Scan using sbtest4_pkey on sbtest4  (cost=0.43..364.51 rows=91 width=125)
	  Index Cond: ((id >= 8032551) AND (id <= 8032651))

table 5 : explain SELECT id, c FROM sbtest5 WHERE id BETWEEN 8032551 AND 8032651
	Index Scan using sbtest5_pkey on sbtest5  (cost=0.43..416.43 rows=104 width=125)
	  Index Cond: ((id >= 8032551) AND (id <= 8032651))

table 6 : explain SELECT id, c FROM sbtest6 WHERE id BETWEEN 8032551 AND 8032651
	Index Scan using sbtest6_pkey on sbtest6  (cost=0.43..392.12 rows=98 width=125)
	  Index Cond: ((id >= 8032551) AND (id <= 8032651))

table 7 : explain SELECT id, c FROM sbtest7 WHERE id BETWEEN 8032551 AND 8032651
	Index Scan using sbtest7_pkey on sbtest7  (cost=0.43..388.47 rows=97 width=125)
	  Index Cond: ((id >= 8032551) AND (id <= 8032651))

table 8 : explain SELECT id, c FROM sbtest8 WHERE id BETWEEN 8032551 AND 8032651
	Index Scan using sbtest8_pkey on sbtest8  (cost=0.43..375.20 rows=94 width=125)
	  Index Cond: ((id >= 8032551) AND (id <= 8032651))

for range-notcovered
table 1 : explain SELECT id, c FROM sbtest1 WHERE id BETWEEN 3493077 AND 3493177
	Index Scan using sbtest1_pkey on sbtest1  (cost=0.43..374.09 rows=93 width=125)
	  Index Cond: ((id >= 3493077) AND (id <= 3493177))

table 2 : explain SELECT id, c FROM sbtest2 WHERE id BETWEEN 3493077 AND 3493177
	Index Scan using sbtest2_pkey on sbtest2  (cost=0.43..409.19 rows=102 width=125)
	  Index Cond: ((id >= 3493077) AND (id <= 3493177))

table 3 : explain SELECT id, c FROM sbtest3 WHERE id BETWEEN 3493077 AND 3493177
	Index Scan using sbtest3_pkey on sbtest3  (cost=0.43..368.75 rows=92 width=125)
	  Index Cond: ((id >= 3493077) AND (id <= 3493177))

table 4 : explain SELECT id, c FROM sbtest4 WHERE id BETWEEN 3493077 AND 3493177
	Index Scan using sbtest4_pkey on sbtest4  (cost=0.43..380.33 rows=95 width=125)
	  Index Cond: ((id >= 3493077) AND (id <= 3493177))

table 5 : explain SELECT id, c FROM sbtest5 WHERE id BETWEEN 3493077 AND 3493177
	Index Scan using sbtest5_pkey on sbtest5  (cost=0.43..364.93 rows=91 width=125)
	  Index Cond: ((id >= 3493077) AND (id <= 3493177))

table 6 : explain SELECT id, c FROM sbtest6 WHERE id BETWEEN 3493077 AND 3493177
	Index Scan using sbtest6_pkey on sbtest6  (cost=0.43..392.12 rows=98 width=125)
	  Index Cond: ((id >= 3493077) AND (id <= 3493177))

table 7 : explain SELECT id, c FROM sbtest7 WHERE id BETWEEN 3493077 AND 3493177
	Index Scan using sbtest7_pkey on sbtest7  (cost=0.43..348.88 rows=87 width=125)
	  Index Cond: ((id >= 3493077) AND (id <= 3493177))

table 8 : explain SELECT id, c FROM sbtest8 WHERE id BETWEEN 3493077 AND 3493177
	Index Scan using sbtest8_pkey on sbtest8  (cost=0.43..410.70 rows=103 width=125)
	  Index Cond: ((id >= 3493077) AND (id <= 3493177))

for range-notcovered
table 1 : explain SELECT id, c FROM sbtest1 WHERE id BETWEEN 3739386 AND 3739486
	Index Scan using sbtest1_pkey on sbtest1  (cost=0.43..409.87 rows=102 width=125)
	  Index Cond: ((id >= 3739386) AND (id <= 3739486))

table 2 : explain SELECT id, c FROM sbtest2 WHERE id BETWEEN 3739386 AND 3739486
	Index Scan using sbtest2_pkey on sbtest2  (cost=0.43..413.15 rows=103 width=125)
	  Index Cond: ((id >= 3739386) AND (id <= 3739486))

table 3 : explain SELECT id, c FROM sbtest3 WHERE id BETWEEN 3739386 AND 3739486
	Index Scan using sbtest3_pkey on sbtest3  (cost=0.43..408.36 rows=102 width=125)
	  Index Cond: ((id >= 3739386) AND (id <= 3739486))

table 4 : explain SELECT id, c FROM sbtest4 WHERE id BETWEEN 3739386 AND 3739486
	Index Scan using sbtest4_pkey on sbtest4  (cost=0.43..384.29 rows=96 width=125)
	  Index Cond: ((id >= 3739386) AND (id <= 3739486))

table 5 : explain SELECT id, c FROM sbtest5 WHERE id BETWEEN 3739386 AND 3739486
	Index Scan using sbtest5_pkey on sbtest5  (cost=0.43..392.66 rows=98 width=125)
	  Index Cond: ((id >= 3739386) AND (id <= 3739486))

table 6 : explain SELECT id, c FROM sbtest6 WHERE id BETWEEN 3739386 AND 3739486
	Index Scan using sbtest6_pkey on sbtest6  (cost=0.43..419.80 rows=105 width=125)
	  Index Cond: ((id >= 3739386) AND (id <= 3739486))

table 7 : explain SELECT id, c FROM sbtest7 WHERE id BETWEEN 3739386 AND 3739486
	Index Scan using sbtest7_pkey on sbtest7  (cost=0.43..408.26 rows=102 width=125)
	  Index Cond: ((id >= 3739386) AND (id <= 3739486))

table 8 : explain SELECT id, c FROM sbtest8 WHERE id BETWEEN 3739386 AND 3739486
	Index Scan using sbtest8_pkey on sbtest8  (cost=0.43..438.31 rows=110 width=125)
	  Index Cond: ((id >= 3739386) AND (id <= 3739486))

explain: for range-notcovered :: explain SELECT id, c FROM sbtest%d WHERE id BETWEEN 8032551 AND 8032651
for range-notcovered
table 1 : explain SELECT id, c FROM sbtest1 WHERE id BETWEEN 2778329 AND 2778429
	Index Scan using sbtest1_pkey on sbtest1  (cost=0.43..425.77 rows=106 width=125)
	  Index Cond: ((id >= 2778329) AND (id <= 2778429))

table 2 : explain SELECT id, c FROM sbtest2 WHERE id BETWEEN 2778329 AND 2778429
	Index Scan using sbtest2_pkey on sbtest2  (cost=0.43..448.86 rows=112 width=125)
	  Index Cond: ((id >= 2778329) AND (id <= 2778429))

table 3 : explain SELECT id, c FROM sbtest3 WHERE id BETWEEN 2778329 AND 2778429
	Index Scan using sbtest3_pkey on sbtest3  (cost=0.43..408.36 rows=102 width=125)
	  Index Cond: ((id >= 2778329) AND (id <= 2778429))

table 4 : explain SELECT id, c FROM sbtest4 WHERE id BETWEEN 2778329 AND 2778429
	Index Scan using sbtest4_pkey on sbtest4  (cost=0.43..431.78 rows=108 width=125)
	  Index Cond: ((id >= 2778329) AND (id <= 2778429))

table 5 : explain SELECT id, c FROM sbtest5 WHERE id BETWEEN 2778329 AND 2778429
	Index Scan using sbtest5_pkey on sbtest5  (cost=0.43..400.58 rows=100 width=125)
	  Index Cond: ((id >= 2778329) AND (id <= 2778429))

table 6 : explain SELECT id, c FROM sbtest6 WHERE id BETWEEN 2778329 AND 2778429
	Index Scan using sbtest6_pkey on sbtest6  (cost=0.43..400.03 rows=100 width=125)
	  Index Cond: ((id >= 2778329) AND (id <= 2778429))

table 7 : explain SELECT id, c FROM sbtest7 WHERE id BETWEEN 2778329 AND 2778429
	Index Scan using sbtest7_pkey on sbtest7  (cost=0.43..408.26 rows=102 width=125)
	  Index Cond: ((id >= 2778329) AND (id <= 2778429))

table 8 : explain SELECT id, c FROM sbtest8 WHERE id BETWEEN 2778329 AND 2778429
	Index Scan using sbtest8_pkey on sbtest8  (cost=0.43..434.36 rows=109 width=125)
	  Index Cond: ((id >= 2778329) AND (id <= 2778429))

explain: for range-notcovered :: explain SELECT id, c FROM sbtest%d WHERE id BETWEEN 7585742 AND 7585842
explain: for range-notcovered :: explain SELECT id, c FROM sbtest%d WHERE id BETWEEN 3739386 AND 3739486
for range-notcovered
table 1 : explain SELECT id, c FROM sbtest1 WHERE id BETWEEN 5603878 AND 5603978
	Index Scan using sbtest1_pkey on sbtest1  (cost=0.43..382.04 rows=95 width=125)
	  Index Cond: ((id >= 5603878) AND (id <= 5603978))

table 2 : explain SELECT id, c FROM sbtest2 WHERE id BETWEEN 5603878 AND 5603978
	Index Scan using sbtest2_pkey on sbtest2  (cost=0.43..417.12 rows=104 width=125)
	  Index Cond: ((id >= 5603878) AND (id <= 5603978))

table 3 : explain SELECT id, c FROM sbtest3 WHERE id BETWEEN 5603878 AND 5603978
	Index Scan using sbtest3_pkey on sbtest3  (cost=0.43..420.23 rows=105 width=125)
	  Index Cond: ((id >= 5603878) AND (id <= 5603978))

table 4 : explain SELECT id, c FROM sbtest4 WHERE id BETWEEN 5603878 AND 5603978
	Index Scan using sbtest4_pkey on sbtest4  (cost=0.43..412.00 rows=103 width=125)
	  Index Cond: ((id >= 5603878) AND (id <= 5603978))

table 5 : explain SELECT id, c FROM sbtest5 WHERE id BETWEEN 5603878 AND 5603978
	Index Scan using sbtest5_pkey on sbtest5  (cost=0.43..412.47 rows=103 width=125)
	  Index Cond: ((id >= 5603878) AND (id <= 5603978))

table 6 : explain SELECT id, c FROM sbtest6 WHERE id BETWEEN 5603878 AND 5603978
	Index Scan using sbtest6_pkey on sbtest6  (cost=0.43..411.89 rows=103 width=125)
	  Index Cond: ((id >= 5603878) AND (id <= 5603978))

table 7 : explain SELECT id, c FROM sbtest7 WHERE id BETWEEN 5603878 AND 5603978
	Index Scan using sbtest7_pkey on sbtest7  (cost=0.43..408.26 rows=102 width=125)
	  Index Cond: ((id >= 5603878) AND (id <= 5603978))

table 8 : explain SELECT id, c FROM sbtest8 WHERE id BETWEEN 5603878 AND 5603978
	Index Scan using sbtest8_pkey on sbtest8  (cost=0.43..390.99 rows=98 width=125)
	  Index Cond: ((id >= 5603878) AND (id <= 5603978))

explain: for range-notcovered :: explain SELECT id, c FROM sbtest%d WHERE id BETWEEN 5603878 AND 5603978
explain: for range-notcovered :: explain SELECT id, c FROM sbtest%d WHERE id BETWEEN 2778329 AND 2778429
for range-notcovered
table 1 : explain SELECT id, c FROM sbtest1 WHERE id BETWEEN 8032551 AND 8032651
	Index Scan using sbtest1_pkey on sbtest1  (cost=0.43..389.99 rows=97 width=125)
	  Index Cond: ((id >= 8032551) AND (id <= 8032651))

table 2 : explain SELECT id, c FROM sbtest2 WHERE id BETWEEN 8032551 AND 8032651
	Index Scan using sbtest2_pkey on sbtest2  (cost=0.43..405.22 rows=101 width=125)
	  Index Cond: ((id >= 8032551) AND (id <= 8032651))

table 3 : explain SELECT id, c FROM sbtest3 WHERE id BETWEEN 8032551 AND 8032651
	Index Scan using sbtest3_pkey on sbtest3  (cost=0.43..432.11 rows=108 width=125)
	  Index Cond: ((id >= 8032551) AND (id <= 8032651))

table 4 : explain SELECT id, c FROM sbtest4 WHERE id BETWEEN 8032551 AND 8032651
	Index Scan using sbtest4_pkey on sbtest4  (cost=0.43..364.51 rows=91 width=125)
	  Index Cond: ((id >= 8032551) AND (id <= 8032651))

table 5 : explain SELECT id, c FROM sbtest5 WHERE id BETWEEN 8032551 AND 8032651
	Index Scan using sbtest5_pkey on sbtest5  (cost=0.43..416.43 rows=104 width=125)
	  Index Cond: ((id >= 8032551) AND (id <= 8032651))

table 6 : explain SELECT id, c FROM sbtest6 WHERE id BETWEEN 8032551 AND 8032651
	Index Scan using sbtest6_pkey on sbtest6  (cost=0.43..392.12 rows=98 width=125)
	  Index Cond: ((id >= 8032551) AND (id <= 8032651))

table 7 : explain SELECT id, c FROM sbtest7 WHERE id BETWEEN 8032551 AND 8032651
	Index Scan using sbtest7_pkey on sbtest7  (cost=0.43..388.47 rows=97 width=125)
	  Index Cond: ((id >= 8032551) AND (id <= 8032651))

table 8 : explain SELECT id, c FROM sbtest8 WHERE id BETWEEN 8032551 AND 8032651
	Index Scan using sbtest8_pkey on sbtest8  (cost=0.43..375.20 rows=94 width=125)
	  Index Cond: ((id >= 8032551) AND (id <= 8032651))

explain: for range-notcovered :: explain SELECT id, c FROM sbtest%d WHERE id BETWEEN 8032551 AND 8032651
for range-notcovered
table 1 : explain SELECT id, c FROM sbtest1 WHERE id BETWEEN 4873647 AND 4873747
	Index Scan using sbtest1_pkey on sbtest1  (cost=0.43..374.09 rows=93 width=125)
	  Index Cond: ((id >= 4873647) AND (id <= 4873747))

table 2 : explain SELECT id, c FROM sbtest2 WHERE id BETWEEN 4873647 AND 4873747
	Index Scan using sbtest2_pkey on sbtest2  (cost=0.43..440.92 rows=110 width=125)
	  Index Cond: ((id >= 4873647) AND (id <= 4873747))

table 3 : explain SELECT id, c FROM sbtest3 WHERE id BETWEEN 4873647 AND 4873747
	Index Scan using sbtest3_pkey on sbtest3  (cost=0.43..368.75 rows=92 width=125)
	  Index Cond: ((id >= 4873647) AND (id <= 4873747))

table 4 : explain SELECT id, c FROM sbtest4 WHERE id BETWEEN 4873647 AND 4873747
	Index Scan using sbtest4_pkey on sbtest4  (cost=0.43..352.64 rows=88 width=125)
	  Index Cond: ((id >= 4873647) AND (id <= 4873747))

table 5 : explain SELECT id, c FROM sbtest5 WHERE id BETWEEN 4873647 AND 4873747
	Index Scan using sbtest5_pkey on sbtest5  (cost=0.43..400.58 rows=100 width=125)
	  Index Cond: ((id >= 4873647) AND (id <= 4873747))

table 6 : explain SELECT id, c FROM sbtest6 WHERE id BETWEEN 4873647 AND 4873747
	Index Scan using sbtest6_pkey on sbtest6  (cost=0.43..384.19 rows=96 width=125)
	  Index Cond: ((id >= 4873647) AND (id <= 4873747))

table 7 : explain SELECT id, c FROM sbtest7 WHERE id BETWEEN 4873647 AND 4873747
	Index Scan using sbtest7_pkey on sbtest7  (cost=0.43..416.18 rows=104 width=125)
	  Index Cond: ((id >= 4873647) AND (id <= 4873747))

table 8 : explain SELECT id, c FROM sbtest8 WHERE id BETWEEN 4873647 AND 4873747
	Index Scan using sbtest8_pkey on sbtest8  (cost=0.43..351.54 rows=88 width=125)
	  Index Cond: ((id >= 4873647) AND (id <= 4873747))

explain: for range-notcovered :: explain SELECT id, c FROM sbtest%d WHERE id BETWEEN 4873647 AND 4873747
for range-notcovered
table 1 : explain SELECT id, c FROM sbtest1 WHERE id BETWEEN 369880 AND 369980
	Index Scan using sbtest1_pkey on sbtest1  (cost=0.43..374.09 rows=93 width=125)
	  Index Cond: ((id >= 369880) AND (id <= 369980))

table 2 : explain SELECT id, c FROM sbtest2 WHERE id BETWEEN 369880 AND 369980
	Index Scan using sbtest2_pkey on sbtest2  (cost=0.43..429.02 rows=107 width=125)
	  Index Cond: ((id >= 369880) AND (id <= 369980))

table 3 : explain SELECT id, c FROM sbtest3 WHERE id BETWEEN 369880 AND 369980
	Index Scan using sbtest3_pkey on sbtest3  (cost=0.43..368.75 rows=92 width=125)
	  Index Cond: ((id >= 369880) AND (id <= 369980))

table 4 : explain SELECT id, c FROM sbtest4 WHERE id BETWEEN 369880 AND 369980
	Index Scan using sbtest4_pkey on sbtest4  (cost=0.43..419.91 rows=105 width=125)
	  Index Cond: ((id >= 369880) AND (id <= 369980))

table 5 : explain SELECT id, c FROM sbtest5 WHERE id BETWEEN 369880 AND 369980
	Index Scan using sbtest5_pkey on sbtest5  (cost=0.43..440.19 rows=110 width=125)
	  Index Cond: ((id >= 369880) AND (id <= 369980))

table 6 : explain SELECT id, c FROM sbtest6 WHERE id BETWEEN 369880 AND 369980
	Index Scan using sbtest6_pkey on sbtest6  (cost=0.43..411.89 rows=103 width=125)
	  Index Cond: ((id >= 369880) AND (id <= 369980))

table 7 : explain SELECT id, c FROM sbtest7 WHERE id BETWEEN 369880 AND 369980
	Index Scan using sbtest7_pkey on sbtest7  (cost=0.43..412.22 rows=103 width=125)
	  Index Cond: ((id >= 369880) AND (id <= 369980))

table 8 : explain SELECT id, c FROM sbtest8 WHERE id BETWEEN 369880 AND 369980
	Index Scan using sbtest8_pkey on sbtest8  (cost=0.43..371.25 rows=93 width=125)
	  Index Cond: ((id >= 369880) AND (id <= 369980))

explain: for range-notcovered :: explain SELECT id, c FROM sbtest%d WHERE id BETWEEN 369880 AND 369980
for range-notcovered
table 1 : explain SELECT id, c FROM sbtest1 WHERE id BETWEEN 8032551 AND 8032651
	Index Scan using sbtest1_pkey on sbtest1  (cost=0.43..389.99 rows=97 width=125)
	  Index Cond: ((id >= 8032551) AND (id <= 8032651))

table 2 : explain SELECT id, c FROM sbtest2 WHERE id BETWEEN 8032551 AND 8032651
	Index Scan using sbtest2_pkey on sbtest2  (cost=0.43..405.22 rows=101 width=125)
	  Index Cond: ((id >= 8032551) AND (id <= 8032651))

table 3 : explain SELECT id, c FROM sbtest3 WHERE id BETWEEN 8032551 AND 8032651
	Index Scan using sbtest3_pkey on sbtest3  (cost=0.43..432.11 rows=108 width=125)
	  Index Cond: ((id >= 8032551) AND (id <= 8032651))

table 4 : explain SELECT id, c FROM sbtest4 WHERE id BETWEEN 8032551 AND 8032651
	Index Scan using sbtest4_pkey on sbtest4  (cost=0.43..364.51 rows=91 width=125)
	  Index Cond: ((id >= 8032551) AND (id <= 8032651))

table 5 : explain SELECT id, c FROM sbtest5 WHERE id BETWEEN 8032551 AND 8032651
	Index Scan using sbtest5_pkey on sbtest5  (cost=0.43..416.43 rows=104 width=125)
	  Index Cond: ((id >= 8032551) AND (id <= 8032651))

table 6 : explain SELECT id, c FROM sbtest6 WHERE id BETWEEN 8032551 AND 8032651
	Index Scan using sbtest6_pkey on sbtest6  (cost=0.43..392.12 rows=98 width=125)
	  Index Cond: ((id >= 8032551) AND (id <= 8032651))

table 7 : explain SELECT id, c FROM sbtest7 WHERE id BETWEEN 8032551 AND 8032651
	Index Scan using sbtest7_pkey on sbtest7  (cost=0.43..388.47 rows=97 width=125)
	  Index Cond: ((id >= 8032551) AND (id <= 8032651))

table 8 : explain SELECT id, c FROM sbtest8 WHERE id BETWEEN 8032551 AND 8032651
	Index Scan using sbtest8_pkey on sbtest8  (cost=0.43..375.20 rows=94 width=125)
	  Index Cond: ((id >= 8032551) AND (id <= 8032651))

explain: for range-notcovered :: explain SELECT id, c FROM sbtest%d WHERE id BETWEEN 8032551 AND 8032651
for range-notcovered
table 1 : explain SELECT id, c FROM sbtest1 WHERE id BETWEEN 3739386 AND 3739486
	Index Scan using sbtest1_pkey on sbtest1  (cost=0.43..409.87 rows=102 width=125)
	  Index Cond: ((id >= 3739386) AND (id <= 3739486))

table 2 : explain SELECT id, c FROM sbtest2 WHERE id BETWEEN 3739386 AND 3739486
	Index Scan using sbtest2_pkey on sbtest2  (cost=0.43..413.15 rows=103 width=125)
	  Index Cond: ((id >= 3739386) AND (id <= 3739486))

table 3 : explain SELECT id, c FROM sbtest3 WHERE id BETWEEN 3739386 AND 3739486
	Index Scan using sbtest3_pkey on sbtest3  (cost=0.43..408.36 rows=102 width=125)
	  Index Cond: ((id >= 3739386) AND (id <= 3739486))

table 4 : explain SELECT id, c FROM sbtest4 WHERE id BETWEEN 3739386 AND 3739486
	Index Scan using sbtest4_pkey on sbtest4  (cost=0.43..384.29 rows=96 width=125)
	  Index Cond: ((id >= 3739386) AND (id <= 3739486))

table 5 : explain SELECT id, c FROM sbtest5 WHERE id BETWEEN 3739386 AND 3739486
	Index Scan using sbtest5_pkey on sbtest5  (cost=0.43..392.66 rows=98 width=125)
	  Index Cond: ((id >= 3739386) AND (id <= 3739486))

table 6 : explain SELECT id, c FROM sbtest6 WHERE id BETWEEN 3739386 AND 3739486
	Index Scan using sbtest6_pkey on sbtest6  (cost=0.43..419.80 rows=105 width=125)
	  Index Cond: ((id >= 3739386) AND (id <= 3739486))

table 7 : explain SELECT id, c FROM sbtest7 WHERE id BETWEEN 3739386 AND 3739486
	Index Scan using sbtest7_pkey on sbtest7  (cost=0.43..408.26 rows=102 width=125)
	  Index Cond: ((id >= 3739386) AND (id <= 3739486))

table 8 : explain SELECT id, c FROM sbtest8 WHERE id BETWEEN 3739386 AND 3739486
	Index Scan using sbtest8_pkey on sbtest8  (cost=0.43..438.31 rows=110 width=125)
	  Index Cond: ((id >= 3739386) AND (id <= 3739486))

for range-notcovered
table 1 : explain SELECT id, c FROM sbtest1 WHERE id BETWEEN 2778329 AND 2778429
	Index Scan using sbtest1_pkey on sbtest1  (cost=0.43..425.77 rows=106 width=125)
	  Index Cond: ((id >= 2778329) AND (id <= 2778429))

table 2 : explain SELECT id, c FROM sbtest2 WHERE id BETWEEN 2778329 AND 2778429
	Index Scan using sbtest2_pkey on sbtest2  (cost=0.43..448.86 rows=112 width=125)
	  Index Cond: ((id >= 2778329) AND (id <= 2778429))

table 3 : explain SELECT id, c FROM sbtest3 WHERE id BETWEEN 2778329 AND 2778429
	Index Scan using sbtest3_pkey on sbtest3  (cost=0.43..408.36 rows=102 width=125)
	  Index Cond: ((id >= 2778329) AND (id <= 2778429))

table 4 : explain SELECT id, c FROM sbtest4 WHERE id BETWEEN 2778329 AND 2778429
	Index Scan using sbtest4_pkey on sbtest4  (cost=0.43..431.78 rows=108 width=125)
	  Index Cond: ((id >= 2778329) AND (id <= 2778429))

table 5 : explain SELECT id, c FROM sbtest5 WHERE id BETWEEN 2778329 AND 2778429
	Index Scan using sbtest5_pkey on sbtest5  (cost=0.43..400.58 rows=100 width=125)
	  Index Cond: ((id >= 2778329) AND (id <= 2778429))

table 6 : explain SELECT id, c FROM sbtest6 WHERE id BETWEEN 2778329 AND 2778429
	Index Scan using sbtest6_pkey on sbtest6  (cost=0.43..400.03 rows=100 width=125)
	  Index Cond: ((id >= 2778329) AND (id <= 2778429))

table 7 : explain SELECT id, c FROM sbtest7 WHERE id BETWEEN 2778329 AND 2778429
	Index Scan using sbtest7_pkey on sbtest7  (cost=0.43..408.26 rows=102 width=125)
	  Index Cond: ((id >= 2778329) AND (id <= 2778429))

table 8 : explain SELECT id, c FROM sbtest8 WHERE id BETWEEN 2778329 AND 2778429
	Index Scan using sbtest8_pkey on sbtest8  (cost=0.43..434.36 rows=109 width=125)
	  Index Cond: ((id >= 2778329) AND (id <= 2778429))

explain: for range-notcovered :: explain SELECT id, c FROM sbtest%d WHERE id BETWEEN 5226550 AND 5226650
for range-notcovered
table 1 : explain SELECT id, c FROM sbtest1 WHERE id BETWEEN 4873647 AND 4873747
	Index Scan using sbtest1_pkey on sbtest1  (cost=0.43..374.09 rows=93 width=125)
	  Index Cond: ((id >= 4873647) AND (id <= 4873747))

table 2 : explain SELECT id, c FROM sbtest2 WHERE id BETWEEN 4873647 AND 4873747
	Index Scan using sbtest2_pkey on sbtest2  (cost=0.43..440.92 rows=110 width=125)
	  Index Cond: ((id >= 4873647) AND (id <= 4873747))

table 3 : explain SELECT id, c FROM sbtest3 WHERE id BETWEEN 4873647 AND 4873747
	Index Scan using sbtest3_pkey on sbtest3  (cost=0.43..368.75 rows=92 width=125)
	  Index Cond: ((id >= 4873647) AND (id <= 4873747))

table 4 : explain SELECT id, c FROM sbtest4 WHERE id BETWEEN 4873647 AND 4873747
	Index Scan using sbtest4_pkey on sbtest4  (cost=0.43..352.64 rows=88 width=125)
	  Index Cond: ((id >= 4873647) AND (id <= 4873747))

table 5 : explain SELECT id, c FROM sbtest5 WHERE id BETWEEN 4873647 AND 4873747
	Index Scan using sbtest5_pkey on sbtest5  (cost=0.43..400.58 rows=100 width=125)
	  Index Cond: ((id >= 4873647) AND (id <= 4873747))

table 6 : explain SELECT id, c FROM sbtest6 WHERE id BETWEEN 4873647 AND 4873747
	Index Scan using sbtest6_pkey on sbtest6  (cost=0.43..384.19 rows=96 width=125)
	  Index Cond: ((id >= 4873647) AND (id <= 4873747))

table 7 : explain SELECT id, c FROM sbtest7 WHERE id BETWEEN 4873647 AND 4873747
	Index Scan using sbtest7_pkey on sbtest7  (cost=0.43..416.18 rows=104 width=125)
	  Index Cond: ((id >= 4873647) AND (id <= 4873747))

table 8 : explain SELECT id, c FROM sbtest8 WHERE id BETWEEN 4873647 AND 4873747
	Index Scan using sbtest8_pkey on sbtest8  (cost=0.43..351.54 rows=88 width=125)
	  Index Cond: ((id >= 4873647) AND (id <= 4873747))

explain: for range-notcovered :: explain SELECT id, c FROM sbtest%d WHERE id BETWEEN 4873647 AND 4873747
for range-notcovered
table 1 : explain SELECT id, c FROM sbtest1 WHERE id BETWEEN 369880 AND 369980
	Index Scan using sbtest1_pkey on sbtest1  (cost=0.43..374.09 rows=93 width=125)
	  Index Cond: ((id >= 369880) AND (id <= 369980))

table 2 : explain SELECT id, c FROM sbtest2 WHERE id BETWEEN 369880 AND 369980
	Index Scan using sbtest2_pkey on sbtest2  (cost=0.43..429.02 rows=107 width=125)
	  Index Cond: ((id >= 369880) AND (id <= 369980))

table 3 : explain SELECT id, c FROM sbtest3 WHERE id BETWEEN 369880 AND 369980
	Index Scan using sbtest3_pkey on sbtest3  (cost=0.43..368.75 rows=92 width=125)
	  Index Cond: ((id >= 369880) AND (id <= 369980))

table 4 : explain SELECT id, c FROM sbtest4 WHERE id BETWEEN 369880 AND 369980
	Index Scan using sbtest4_pkey on sbtest4  (cost=0.43..419.91 rows=105 width=125)
	  Index Cond: ((id >= 369880) AND (id <= 369980))

table 5 : explain SELECT id, c FROM sbtest5 WHERE id BETWEEN 369880 AND 369980
	Index Scan using sbtest5_pkey on sbtest5  (cost=0.43..440.19 rows=110 width=125)
	  Index Cond: ((id >= 369880) AND (id <= 369980))

table 6 : explain SELECT id, c FROM sbtest6 WHERE id BETWEEN 369880 AND 369980
	Index Scan using sbtest6_pkey on sbtest6  (cost=0.43..411.89 rows=103 width=125)
	  Index Cond: ((id >= 369880) AND (id <= 369980))

table 7 : explain SELECT id, c FROM sbtest7 WHERE id BETWEEN 369880 AND 369980
	Index Scan using sbtest7_pkey on sbtest7  (cost=0.43..412.22 rows=103 width=125)
	  Index Cond: ((id >= 369880) AND (id <= 369980))

table 8 : explain SELECT id, c FROM sbtest8 WHERE id BETWEEN 369880 AND 369980
	Index Scan using sbtest8_pkey on sbtest8  (cost=0.43..371.25 rows=93 width=125)
	  Index Cond: ((id >= 369880) AND (id <= 369980))

explain: for range-notcovered :: explain SELECT id, c FROM sbtest%d WHERE id BETWEEN 2778329 AND 2778429
explain: for range-notcovered :: explain SELECT id, c FROM sbtest%d WHERE id BETWEEN 369880 AND 369980
for range-notcovered
table 1 : explain SELECT id, c FROM sbtest1 WHERE id BETWEEN 8032551 AND 8032651
	Index Scan using sbtest1_pkey on sbtest1  (cost=0.43..389.99 rows=97 width=125)
	  Index Cond: ((id >= 8032551) AND (id <= 8032651))

table 2 : explain SELECT id, c FROM sbtest2 WHERE id BETWEEN 8032551 AND 8032651
	Index Scan using sbtest2_pkey on sbtest2  (cost=0.43..405.22 rows=101 width=125)
	  Index Cond: ((id >= 8032551) AND (id <= 8032651))

table 3 : explain SELECT id, c FROM sbtest3 WHERE id BETWEEN 8032551 AND 8032651
	Index Scan using sbtest3_pkey on sbtest3  (cost=0.43..432.11 rows=108 width=125)
	  Index Cond: ((id >= 8032551) AND (id <= 8032651))

table 4 : explain SELECT id, c FROM sbtest4 WHERE id BETWEEN 8032551 AND 8032651
	Index Scan using sbtest4_pkey on sbtest4  (cost=0.43..364.51 rows=91 width=125)
	  Index Cond: ((id >= 8032551) AND (id <= 8032651))

table 5 : explain SELECT id, c FROM sbtest5 WHERE id BETWEEN 8032551 AND 8032651
	Index Scan using sbtest5_pkey on sbtest5  (cost=0.43..416.43 rows=104 width=125)
	  Index Cond: ((id >= 8032551) AND (id <= 8032651))

table 6 : explain SELECT id, c FROM sbtest6 WHERE id BETWEEN 8032551 AND 8032651
	Index Scan using sbtest6_pkey on sbtest6  (cost=0.43..392.12 rows=98 width=125)
	  Index Cond: ((id >= 8032551) AND (id <= 8032651))

table 7 : explain SELECT id, c FROM sbtest7 WHERE id BETWEEN 8032551 AND 8032651
	Index Scan using sbtest7_pkey on sbtest7  (cost=0.43..388.47 rows=97 width=125)
	  Index Cond: ((id >= 8032551) AND (id <= 8032651))

table 8 : explain SELECT id, c FROM sbtest8 WHERE id BETWEEN 8032551 AND 8032651
	Index Scan using sbtest8_pkey on sbtest8  (cost=0.43..375.20 rows=94 width=125)
	  Index Cond: ((id >= 8032551) AND (id <= 8032651))

explain: for range-notcovered :: explain SELECT id, c FROM sbtest%d WHERE id BETWEEN 8032551 AND 8032651
for range-notcovered
table 1 : explain SELECT id, c FROM sbtest1 WHERE id BETWEEN 4873647 AND 4873747
	Index Scan using sbtest1_pkey on sbtest1  (cost=0.43..374.09 rows=93 width=125)
	  Index Cond: ((id >= 4873647) AND (id <= 4873747))

table 2 : explain SELECT id, c FROM sbtest2 WHERE id BETWEEN 4873647 AND 4873747
	Index Scan using sbtest2_pkey on sbtest2  (cost=0.43..440.92 rows=110 width=125)
	  Index Cond: ((id >= 4873647) AND (id <= 4873747))

table 3 : explain SELECT id, c FROM sbtest3 WHERE id BETWEEN 4873647 AND 4873747
	Index Scan using sbtest3_pkey on sbtest3  (cost=0.43..368.75 rows=92 width=125)
	  Index Cond: ((id >= 4873647) AND (id <= 4873747))

table 4 : explain SELECT id, c FROM sbtest4 WHERE id BETWEEN 4873647 AND 4873747
	Index Scan using sbtest4_pkey on sbtest4  (cost=0.43..352.64 rows=88 width=125)
	  Index Cond: ((id >= 4873647) AND (id <= 4873747))

table 5 : explain SELECT id, c FROM sbtest5 WHERE id BETWEEN 4873647 AND 4873747
	Index Scan using sbtest5_pkey on sbtest5  (cost=0.43..400.58 rows=100 width=125)
	  Index Cond: ((id >= 4873647) AND (id <= 4873747))

table 6 : explain SELECT id, c FROM sbtest6 WHERE id BETWEEN 4873647 AND 4873747
	Index Scan using sbtest6_pkey on sbtest6  (cost=0.43..384.19 rows=96 width=125)
	  Index Cond: ((id >= 4873647) AND (id <= 4873747))

table 7 : explain SELECT id, c FROM sbtest7 WHERE id BETWEEN 4873647 AND 4873747
	Index Scan using sbtest7_pkey on sbtest7  (cost=0.43..416.18 rows=104 width=125)
	  Index Cond: ((id >= 4873647) AND (id <= 4873747))

table 8 : explain SELECT id, c FROM sbtest8 WHERE id BETWEEN 4873647 AND 4873747
	Index Scan using sbtest8_pkey on sbtest8  (cost=0.43..351.54 rows=88 width=125)
	  Index Cond: ((id >= 4873647) AND (id <= 4873747))

for range-notcovered
table 1 : explain SELECT id, c FROM sbtest1 WHERE id BETWEEN 2778329 AND 2778429
	Index Scan using sbtest1_pkey on sbtest1  (cost=0.43..425.77 rows=106 width=125)
	  Index Cond: ((id >= 2778329) AND (id <= 2778429))

table 2 : explain SELECT id, c FROM sbtest2 WHERE id BETWEEN 2778329 AND 2778429
	Index Scan using sbtest2_pkey on sbtest2  (cost=0.43..448.86 rows=112 width=125)
	  Index Cond: ((id >= 2778329) AND (id <= 2778429))

table 3 : explain SELECT id, c FROM sbtest3 WHERE id BETWEEN 2778329 AND 2778429
	Index Scan using sbtest3_pkey on sbtest3  (cost=0.43..408.36 rows=102 width=125)
	  Index Cond: ((id >= 2778329) AND (id <= 2778429))

table 4 : explain SELECT id, c FROM sbtest4 WHERE id BETWEEN 2778329 AND 2778429
	Index Scan using sbtest4_pkey on sbtest4  (cost=0.43..431.78 rows=108 width=125)
	  Index Cond: ((id >= 2778329) AND (id <= 2778429))

table 5 : explain SELECT id, c FROM sbtest5 WHERE id BETWEEN 2778329 AND 2778429
	Index Scan using sbtest5_pkey on sbtest5  (cost=0.43..400.58 rows=100 width=125)
	  Index Cond: ((id >= 2778329) AND (id <= 2778429))

table 6 : explain SELECT id, c FROM sbtest6 WHERE id BETWEEN 2778329 AND 2778429
	Index Scan using sbtest6_pkey on sbtest6  (cost=0.43..400.03 rows=100 width=125)
	  Index Cond: ((id >= 2778329) AND (id <= 2778429))

table 7 : explain SELECT id, c FROM sbtest7 WHERE id BETWEEN 2778329 AND 2778429
	Index Scan using sbtest7_pkey on sbtest7  (cost=0.43..408.26 rows=102 width=125)
	  Index Cond: ((id >= 2778329) AND (id <= 2778429))

table 8 : explain SELECT id, c FROM sbtest8 WHERE id BETWEEN 2778329 AND 2778429
	Index Scan using sbtest8_pkey on sbtest8  (cost=0.43..434.36 rows=109 width=125)
	  Index Cond: ((id >= 2778329) AND (id <= 2778429))

for range-notcovered
table 1 : explain SELECT id, c FROM sbtest1 WHERE id BETWEEN 369880 AND 369980
	Index Scan using sbtest1_pkey on sbtest1  (cost=0.43..374.09 rows=93 width=125)
	  Index Cond: ((id >= 369880) AND (id <= 369980))

table 2 : explain SELECT id, c FROM sbtest2 WHERE id BETWEEN 369880 AND 369980
	Index Scan using sbtest2_pkey on sbtest2  (cost=0.43..429.02 rows=107 width=125)
	  Index Cond: ((id >= 369880) AND (id <= 369980))

table 3 : explain SELECT id, c FROM sbtest3 WHERE id BETWEEN 369880 AND 369980
	Index Scan using sbtest3_pkey on sbtest3  (cost=0.43..368.75 rows=92 width=125)
	  Index Cond: ((id >= 369880) AND (id <= 369980))

table 4 : explain SELECT id, c FROM sbtest4 WHERE id BETWEEN 369880 AND 369980
	Index Scan using sbtest4_pkey on sbtest4  (cost=0.43..419.91 rows=105 width=125)
	  Index Cond: ((id >= 369880) AND (id <= 369980))

table 5 : explain SELECT id, c FROM sbtest5 WHERE id BETWEEN 369880 AND 369980
	Index Scan using sbtest5_pkey on sbtest5  (cost=0.43..440.19 rows=110 width=125)
	  Index Cond: ((id >= 369880) AND (id <= 369980))

table 6 : explain SELECT id, c FROM sbtest6 WHERE id BETWEEN 369880 AND 369980
	Index Scan using sbtest6_pkey on sbtest6  (cost=0.43..411.89 rows=103 width=125)
	  Index Cond: ((id >= 369880) AND (id <= 369980))

table 7 : explain SELECT id, c FROM sbtest7 WHERE id BETWEEN 369880 AND 369980
	Index Scan using sbtest7_pkey on sbtest7  (cost=0.43..412.22 rows=103 width=125)
	  Index Cond: ((id >= 369880) AND (id <= 369980))

table 8 : explain SELECT id, c FROM sbtest8 WHERE id BETWEEN 369880 AND 369980
	Index Scan using sbtest8_pkey on sbtest8  (cost=0.43..371.25 rows=93 width=125)
	  Index Cond: ((id >= 369880) AND (id <= 369980))

explain: for range-notcovered :: explain SELECT id, c FROM sbtest%d WHERE id BETWEEN 2778329 AND 2778429
explain: for range-notcovered :: explain SELECT id, c FROM sbtest%d WHERE id BETWEEN 369880 AND 369980
for range-notcovered
table 1 : explain SELECT id, c FROM sbtest1 WHERE id BETWEEN 8032551 AND 8032651
	Index Scan using sbtest1_pkey on sbtest1  (cost=0.43..389.99 rows=97 width=125)
	  Index Cond: ((id >= 8032551) AND (id <= 8032651))

table 2 : explain SELECT id, c FROM sbtest2 WHERE id BETWEEN 8032551 AND 8032651
	Index Scan using sbtest2_pkey on sbtest2  (cost=0.43..405.22 rows=101 width=125)
	  Index Cond: ((id >= 8032551) AND (id <= 8032651))

table 3 : explain SELECT id, c FROM sbtest3 WHERE id BETWEEN 8032551 AND 8032651
	Index Scan using sbtest3_pkey on sbtest3  (cost=0.43..432.11 rows=108 width=125)
	  Index Cond: ((id >= 8032551) AND (id <= 8032651))

table 4 : explain SELECT id, c FROM sbtest4 WHERE id BETWEEN 8032551 AND 8032651
	Index Scan using sbtest4_pkey on sbtest4  (cost=0.43..364.51 rows=91 width=125)
	  Index Cond: ((id >= 8032551) AND (id <= 8032651))

table 5 : explain SELECT id, c FROM sbtest5 WHERE id BETWEEN 8032551 AND 8032651
	Index Scan using sbtest5_pkey on sbtest5  (cost=0.43..416.43 rows=104 width=125)
	  Index Cond: ((id >= 8032551) AND (id <= 8032651))

table 6 : explain SELECT id, c FROM sbtest6 WHERE id BETWEEN 8032551 AND 8032651
	Index Scan using sbtest6_pkey on sbtest6  (cost=0.43..392.12 rows=98 width=125)
	  Index Cond: ((id >= 8032551) AND (id <= 8032651))

table 7 : explain SELECT id, c FROM sbtest7 WHERE id BETWEEN 8032551 AND 8032651
	Index Scan using sbtest7_pkey on sbtest7  (cost=0.43..388.47 rows=97 width=125)
	  Index Cond: ((id >= 8032551) AND (id <= 8032651))

table 8 : explain SELECT id, c FROM sbtest8 WHERE id BETWEEN 8032551 AND 8032651
	Index Scan using sbtest8_pkey on sbtest8  (cost=0.43..375.20 rows=94 width=125)
	  Index Cond: ((id >= 8032551) AND (id <= 8032651))

for range-notcovered
table 1 : explain SELECT id, c FROM sbtest1 WHERE id BETWEEN 5603878 AND 5603978
	Index Scan using sbtest1_pkey on sbtest1  (cost=0.43..382.04 rows=95 width=125)
	  Index Cond: ((id >= 5603878) AND (id <= 5603978))

table 2 : explain SELECT id, c FROM sbtest2 WHERE id BETWEEN 5603878 AND 5603978
	Index Scan using sbtest2_pkey on sbtest2  (cost=0.43..417.12 rows=104 width=125)
	  Index Cond: ((id >= 5603878) AND (id <= 5603978))

table 3 : explain SELECT id, c FROM sbtest3 WHERE id BETWEEN 5603878 AND 5603978
	Index Scan using sbtest3_pkey on sbtest3  (cost=0.43..420.23 rows=105 width=125)
	  Index Cond: ((id >= 5603878) AND (id <= 5603978))

table 4 : explain SELECT id, c FROM sbtest4 WHERE id BETWEEN 5603878 AND 5603978
	Index Scan using sbtest4_pkey on sbtest4  (cost=0.43..412.00 rows=103 width=125)
	  Index Cond: ((id >= 5603878) AND (id <= 5603978))

table 5 : explain SELECT id, c FROM sbtest5 WHERE id BETWEEN 5603878 AND 5603978
	Index Scan using sbtest5_pkey on sbtest5  (cost=0.43..412.47 rows=103 width=125)
	  Index Cond: ((id >= 5603878) AND (id <= 5603978))

table 6 : explain SELECT id, c FROM sbtest6 WHERE id BETWEEN 5603878 AND 5603978
	Index Scan using sbtest6_pkey on sbtest6  (cost=0.43..411.89 rows=103 width=125)
	  Index Cond: ((id >= 5603878) AND (id <= 5603978))

table 7 : explain SELECT id, c FROM sbtest7 WHERE id BETWEEN 5603878 AND 5603978
	Index Scan using sbtest7_pkey on sbtest7  (cost=0.43..408.26 rows=102 width=125)
	  Index Cond: ((id >= 5603878) AND (id <= 5603978))

table 8 : explain SELECT id, c FROM sbtest8 WHERE id BETWEEN 5603878 AND 5603978
	Index Scan using sbtest8_pkey on sbtest8  (cost=0.43..390.99 rows=98 width=125)
	  Index Cond: ((id >= 5603878) AND (id <= 5603978))

for range-notcovered
table 1 : explain SELECT id, c FROM sbtest1 WHERE id BETWEEN 7585742 AND 7585842
	Index Scan using sbtest1_pkey on sbtest1  (cost=0.43..405.88 rows=101 width=125)
	  Index Cond: ((id >= 7585742) AND (id <= 7585842))

table 2 : explain SELECT id, c FROM sbtest2 WHERE id BETWEEN 7585742 AND 7585842
	Index Scan using sbtest2_pkey on sbtest2  (cost=0.43..444.89 rows=111 width=125)
	  Index Cond: ((id >= 7585742) AND (id <= 7585842))

table 3 : explain SELECT id, c FROM sbtest3 WHERE id BETWEEN 7585742 AND 7585842
	Index Scan using sbtest3_pkey on sbtest3  (cost=0.43..412.32 rows=103 width=125)
	  Index Cond: ((id >= 7585742) AND (id <= 7585842))

table 4 : explain SELECT id, c FROM sbtest4 WHERE id BETWEEN 7585742 AND 7585842
	Index Scan using sbtest4_pkey on sbtest4  (cost=0.43..408.04 rows=102 width=125)
	  Index Cond: ((id >= 7585742) AND (id <= 7585842))

table 5 : explain SELECT id, c FROM sbtest5 WHERE id BETWEEN 7585742 AND 7585842
	Index Scan using sbtest5_pkey on sbtest5  (cost=0.43..424.35 rows=106 width=125)
	  Index Cond: ((id >= 7585742) AND (id <= 7585842))

table 6 : explain SELECT id, c FROM sbtest6 WHERE id BETWEEN 7585742 AND 7585842
	Index Scan using sbtest6_pkey on sbtest6  (cost=0.43..403.98 rows=101 width=125)
	  Index Cond: ((id >= 7585742) AND (id <= 7585842))

table 7 : explain SELECT id, c FROM sbtest7 WHERE id BETWEEN 7585742 AND 7585842
	Index Scan using sbtest7_pkey on sbtest7  (cost=0.43..424.10 rows=106 width=125)
	  Index Cond: ((id >= 7585742) AND (id <= 7585842))

table 8 : explain SELECT id, c FROM sbtest8 WHERE id BETWEEN 7585742 AND 7585842
	Index Scan using sbtest8_pkey on sbtest8  (cost=0.43..390.99 rows=98 width=125)
	  Index Cond: ((id >= 7585742) AND (id <= 7585842))

explain: for range-notcovered :: explain SELECT id, c FROM sbtest%d WHERE id BETWEEN 5603878 AND 5603978
explain: for range-notcovered :: explain SELECT id, c FROM sbtest%d WHERE id BETWEEN 7585742 AND 7585842
for range-notcovered
table 1 : explain SELECT id, c FROM sbtest1 WHERE id BETWEEN 369880 AND 369980
	Index Scan using sbtest1_pkey on sbtest1  (cost=0.43..374.09 rows=93 width=125)
	  Index Cond: ((id >= 369880) AND (id <= 369980))

table 2 : explain SELECT id, c FROM sbtest2 WHERE id BETWEEN 369880 AND 369980
	Index Scan using sbtest2_pkey on sbtest2  (cost=0.43..429.02 rows=107 width=125)
	  Index Cond: ((id >= 369880) AND (id <= 369980))

table 3 : explain SELECT id, c FROM sbtest3 WHERE id BETWEEN 369880 AND 369980
	Index Scan using sbtest3_pkey on sbtest3  (cost=0.43..368.75 rows=92 width=125)
	  Index Cond: ((id >= 369880) AND (id <= 369980))

table 4 : explain SELECT id, c FROM sbtest4 WHERE id BETWEEN 369880 AND 369980
	Index Scan using sbtest4_pkey on sbtest4  (cost=0.43..419.91 rows=105 width=125)
	  Index Cond: ((id >= 369880) AND (id <= 369980))

table 5 : explain SELECT id, c FROM sbtest5 WHERE id BETWEEN 369880 AND 369980
	Index Scan using sbtest5_pkey on sbtest5  (cost=0.43..440.19 rows=110 width=125)
	  Index Cond: ((id >= 369880) AND (id <= 369980))

table 6 : explain SELECT id, c FROM sbtest6 WHERE id BETWEEN 369880 AND 369980
	Index Scan using sbtest6_pkey on sbtest6  (cost=0.43..411.89 rows=103 width=125)
	  Index Cond: ((id >= 369880) AND (id <= 369980))

table 7 : explain SELECT id, c FROM sbtest7 WHERE id BETWEEN 369880 AND 369980
	Index Scan using sbtest7_pkey on sbtest7  (cost=0.43..412.22 rows=103 width=125)
	  Index Cond: ((id >= 369880) AND (id <= 369980))

table 8 : explain SELECT id, c FROM sbtest8 WHERE id BETWEEN 369880 AND 369980
	Index Scan using sbtest8_pkey on sbtest8  (cost=0.43..371.25 rows=93 width=125)
	  Index Cond: ((id >= 369880) AND (id <= 369980))

for range-notcovered
table 1 : explain SELECT id, c FROM sbtest1 WHERE id BETWEEN 2778329 AND 2778429
	Index Scan using sbtest1_pkey on sbtest1  (cost=0.43..425.77 rows=106 width=125)
	  Index Cond: ((id >= 2778329) AND (id <= 2778429))

table 2 : explain SELECT id, c FROM sbtest2 WHERE id BETWEEN 2778329 AND 2778429
	Index Scan using sbtest2_pkey on sbtest2  (cost=0.43..448.86 rows=112 width=125)
	  Index Cond: ((id >= 2778329) AND (id <= 2778429))

table 3 : explain SELECT id, c FROM sbtest3 WHERE id BETWEEN 2778329 AND 2778429
	Index Scan using sbtest3_pkey on sbtest3  (cost=0.43..408.36 rows=102 width=125)
	  Index Cond: ((id >= 2778329) AND (id <= 2778429))

table 4 : explain SELECT id, c FROM sbtest4 WHERE id BETWEEN 2778329 AND 2778429
	Index Scan using sbtest4_pkey on sbtest4  (cost=0.43..431.78 rows=108 width=125)
	  Index Cond: ((id >= 2778329) AND (id <= 2778429))

table 5 : explain SELECT id, c FROM sbtest5 WHERE id BETWEEN 2778329 AND 2778429
	Index Scan using sbtest5_pkey on sbtest5  (cost=0.43..400.58 rows=100 width=125)
	  Index Cond: ((id >= 2778329) AND (id <= 2778429))

table 6 : explain SELECT id, c FROM sbtest6 WHERE id BETWEEN 2778329 AND 2778429
	Index Scan using sbtest6_pkey on sbtest6  (cost=0.43..400.03 rows=100 width=125)
	  Index Cond: ((id >= 2778329) AND (id <= 2778429))

table 7 : explain SELECT id, c FROM sbtest7 WHERE id BETWEEN 2778329 AND 2778429
	Index Scan using sbtest7_pkey on sbtest7  (cost=0.43..408.26 rows=102 width=125)
	  Index Cond: ((id >= 2778329) AND (id <= 2778429))

table 8 : explain SELECT id, c FROM sbtest8 WHERE id BETWEEN 2778329 AND 2778429
	Index Scan using sbtest8_pkey on sbtest8  (cost=0.43..434.36 rows=109 width=125)
	  Index Cond: ((id >= 2778329) AND (id <= 2778429))

explain: for range-notcovered :: explain SELECT id, c FROM sbtest%d WHERE id BETWEEN 369880 AND 369980
for range-notcovered
table 1 : explain SELECT id, c FROM sbtest1 WHERE id BETWEEN 5603878 AND 5603978
	Index Scan using sbtest1_pkey on sbtest1  (cost=0.43..382.04 rows=95 width=125)
	  Index Cond: ((id >= 5603878) AND (id <= 5603978))

table 2 : explain SELECT id, c FROM sbtest2 WHERE id BETWEEN 5603878 AND 5603978
	Index Scan using sbtest2_pkey on sbtest2  (cost=0.43..417.12 rows=104 width=125)
	  Index Cond: ((id >= 5603878) AND (id <= 5603978))

table 3 : explain SELECT id, c FROM sbtest3 WHERE id BETWEEN 5603878 AND 5603978
	Index Scan using sbtest3_pkey on sbtest3  (cost=0.43..420.23 rows=105 width=125)
	  Index Cond: ((id >= 5603878) AND (id <= 5603978))

table 4 : explain SELECT id, c FROM sbtest4 WHERE id BETWEEN 5603878 AND 5603978
	Index Scan using sbtest4_pkey on sbtest4  (cost=0.43..412.00 rows=103 width=125)
	  Index Cond: ((id >= 5603878) AND (id <= 5603978))

table 5 : explain SELECT id, c FROM sbtest5 WHERE id BETWEEN 5603878 AND 5603978
	Index Scan using sbtest5_pkey on sbtest5  (cost=0.43..412.47 rows=103 width=125)
	  Index Cond: ((id >= 5603878) AND (id <= 5603978))

table 6 : explain SELECT id, c FROM sbtest6 WHERE id BETWEEN 5603878 AND 5603978
	Index Scan using sbtest6_pkey on sbtest6  (cost=0.43..411.89 rows=103 width=125)
	  Index Cond: ((id >= 5603878) AND (id <= 5603978))

table 7 : explain SELECT id, c FROM sbtest7 WHERE id BETWEEN 5603878 AND 5603978
	Index Scan using sbtest7_pkey on sbtest7  (cost=0.43..408.26 rows=102 width=125)
	  Index Cond: ((id >= 5603878) AND (id <= 5603978))

table 8 : explain SELECT id, c FROM sbtest8 WHERE id BETWEEN 5603878 AND 5603978
	Index Scan using sbtest8_pkey on sbtest8  (cost=0.43..390.99 rows=98 width=125)
	  Index Cond: ((id >= 5603878) AND (id <= 5603978))

explain: for range-notcovered :: explain SELECT id, c FROM sbtest%d WHERE id BETWEEN 4078454 AND 4078554
explain: for range-notcovered :: explain SELECT id, c FROM sbtest%d WHERE id BETWEEN 5603878 AND 5603978
for range-notcovered
table 1 : explain SELECT id, c FROM sbtest1 WHERE id BETWEEN 7585742 AND 7585842
	Index Scan using sbtest1_pkey on sbtest1  (cost=0.43..405.88 rows=101 width=125)
	  Index Cond: ((id >= 7585742) AND (id <= 7585842))

table 2 : explain SELECT id, c FROM sbtest2 WHERE id BETWEEN 7585742 AND 7585842
	Index Scan using sbtest2_pkey on sbtest2  (cost=0.43..444.89 rows=111 width=125)
	  Index Cond: ((id >= 7585742) AND (id <= 7585842))

table 3 : explain SELECT id, c FROM sbtest3 WHERE id BETWEEN 7585742 AND 7585842
	Index Scan using sbtest3_pkey on sbtest3  (cost=0.43..412.32 rows=103 width=125)
	  Index Cond: ((id >= 7585742) AND (id <= 7585842))

table 4 : explain SELECT id, c FROM sbtest4 WHERE id BETWEEN 7585742 AND 7585842
	Index Scan using sbtest4_pkey on sbtest4  (cost=0.43..408.04 rows=102 width=125)
	  Index Cond: ((id >= 7585742) AND (id <= 7585842))

table 5 : explain SELECT id, c FROM sbtest5 WHERE id BETWEEN 7585742 AND 7585842
	Index Scan using sbtest5_pkey on sbtest5  (cost=0.43..424.35 rows=106 width=125)
	  Index Cond: ((id >= 7585742) AND (id <= 7585842))

table 6 : explain SELECT id, c FROM sbtest6 WHERE id BETWEEN 7585742 AND 7585842
	Index Scan using sbtest6_pkey on sbtest6  (cost=0.43..403.98 rows=101 width=125)
	  Index Cond: ((id >= 7585742) AND (id <= 7585842))

table 7 : explain SELECT id, c FROM sbtest7 WHERE id BETWEEN 7585742 AND 7585842
	Index Scan using sbtest7_pkey on sbtest7  (cost=0.43..424.10 rows=106 width=125)
	  Index Cond: ((id >= 7585742) AND (id <= 7585842))

table 8 : explain SELECT id, c FROM sbtest8 WHERE id BETWEEN 7585742 AND 7585842
	Index Scan using sbtest8_pkey on sbtest8  (cost=0.43..390.99 rows=98 width=125)
	  Index Cond: ((id >= 7585742) AND (id <= 7585842))

explain: for range-notcovered :: explain SELECT id, c FROM sbtest%d WHERE id BETWEEN 7585742 AND 7585842
for range-notcovered
table 1 : explain SELECT id, c FROM sbtest1 WHERE id BETWEEN 369880 AND 369980
	Index Scan using sbtest1_pkey on sbtest1  (cost=0.43..374.09 rows=93 width=125)
	  Index Cond: ((id >= 369880) AND (id <= 369980))

table 2 : explain SELECT id, c FROM sbtest2 WHERE id BETWEEN 369880 AND 369980
	Index Scan using sbtest2_pkey on sbtest2  (cost=0.43..429.02 rows=107 width=125)
	  Index Cond: ((id >= 369880) AND (id <= 369980))

table 3 : explain SELECT id, c FROM sbtest3 WHERE id BETWEEN 369880 AND 369980
	Index Scan using sbtest3_pkey on sbtest3  (cost=0.43..368.75 rows=92 width=125)
	  Index Cond: ((id >= 369880) AND (id <= 369980))

table 4 : explain SELECT id, c FROM sbtest4 WHERE id BETWEEN 369880 AND 369980
	Index Scan using sbtest4_pkey on sbtest4  (cost=0.43..419.91 rows=105 width=125)
	  Index Cond: ((id >= 369880) AND (id <= 369980))

table 5 : explain SELECT id, c FROM sbtest5 WHERE id BETWEEN 369880 AND 369980
	Index Scan using sbtest5_pkey on sbtest5  (cost=0.43..440.19 rows=110 width=125)
	  Index Cond: ((id >= 369880) AND (id <= 369980))

table 6 : explain SELECT id, c FROM sbtest6 WHERE id BETWEEN 369880 AND 369980
	Index Scan using sbtest6_pkey on sbtest6  (cost=0.43..411.89 rows=103 width=125)
	  Index Cond: ((id >= 369880) AND (id <= 369980))

table 7 : explain SELECT id, c FROM sbtest7 WHERE id BETWEEN 369880 AND 369980
	Index Scan using sbtest7_pkey on sbtest7  (cost=0.43..412.22 rows=103 width=125)
	  Index Cond: ((id >= 369880) AND (id <= 369980))

table 8 : explain SELECT id, c FROM sbtest8 WHERE id BETWEEN 369880 AND 369980
	Index Scan using sbtest8_pkey on sbtest8  (cost=0.43..371.25 rows=93 width=125)
	  Index Cond: ((id >= 369880) AND (id <= 369980))

explain: for range-notcovered :: explain SELECT id, c FROM sbtest%d WHERE id BETWEEN 369880 AND 369980
explain: for range-notcovered :: explain SELECT id, c FROM sbtest%d WHERE id BETWEEN 5218895 AND 5218995for range-notcovered
table 1 : explain SELECT id, c FROM sbtest1 WHERE id BETWEEN 369880 AND 369980
	Index Scan using sbtest1_pkey on sbtest1  (cost=0.43..374.09 rows=93 width=125)
	  Index Cond: ((id >= 369880) AND (id <= 369980))

table 2 : explain SELECT id, c FROM sbtest2 WHERE id BETWEEN 369880 AND 369980
	Index Scan using sbtest2_pkey on sbtest2  (cost=0.43..429.02 rows=107 width=125)
	  Index Cond: ((id >= 369880) AND (id <= 369980))

table 3 : explain SELECT id, c FROM sbtest3 WHERE id BETWEEN 369880 AND 369980
	Index Scan using sbtest3_pkey on sbtest3  (cost=0.43..368.75 rows=92 width=125)
	  Index Cond: ((id >= 369880) AND (id <= 369980))

table 4 : explain SELECT id, c FROM sbtest4 WHERE id BETWEEN 369880 AND 369980
	Index Scan using sbtest4_pkey on sbtest4  (cost=0.43..419.91 rows=105 width=125)
	  Index Cond: ((id >= 369880) AND (id <= 369980))

table 5 : explain SELECT id, c FROM sbtest5 WHERE id BETWEEN 369880 AND 369980
	Index Scan using sbtest5_pkey on sbtest5  (cost=0.43..440.19 rows=110 width=125)
	  Index Cond: ((id >= 369880) AND (id <= 369980))

table 6 : explain SELECT id, c FROM sbtest6 WHERE id BETWEEN 369880 AND 369980
	Index Scan using sbtest6_pkey on sbtest6  (cost=0.43..411.89 rows=103 width=125)
	  Index Cond: ((id >= 369880) AND (id <= 369980))

table 7 : explain SELECT id, c FROM sbtest7 WHERE id BETWEEN 369880 AND 369980
	Index Scan using sbtest7_pkey on sbtest7  (cost=0.43..412.22 rows=103 width=125)
	  Index Cond: ((id >= 369880) AND (id <= 369980))

table 8 : explain SELECT id, c FROM sbtest8 WHERE id BETWEEN 369880 AND 369980
	Index Scan using sbtest8_pkey on sbtest8  (cost=0.43..371.25 rows=93 width=125)
	  Index Cond: ((id >= 369880) AND (id <= 369980))


explain: for range-notcovered :: explain SELECT id, c FROM sbtest%d WHERE id BETWEEN 369880 AND 369980
for range-notcovered
table 1 : explain SELECT id, c FROM sbtest1 WHERE id BETWEEN 369880 AND 369980
	Index Scan using sbtest1_pkey on sbtest1  (cost=0.43..374.09 rows=93 width=125)
	  Index Cond: ((id >= 369880) AND (id <= 369980))

table 2 : explain SELECT id, c FROM sbtest2 WHERE id BETWEEN 369880 AND 369980
	Index Scan using sbtest2_pkey on sbtest2  (cost=0.43..429.02 rows=107 width=125)
	  Index Cond: ((id >= 369880) AND (id <= 369980))

table 3 : explain SELECT id, c FROM sbtest3 WHERE id BETWEEN 369880 AND 369980
	Index Scan using sbtest3_pkey on sbtest3  (cost=0.43..368.75 rows=92 width=125)
	  Index Cond: ((id >= 369880) AND (id <= 369980))

table 4 : explain SELECT id, c FROM sbtest4 WHERE id BETWEEN 369880 AND 369980
	Index Scan using sbtest4_pkey on sbtest4  (cost=0.43..419.91 rows=105 width=125)
	  Index Cond: ((id >= 369880) AND (id <= 369980))

table 5 : explain SELECT id, c FROM sbtest5 WHERE id BETWEEN 369880 AND 369980
	Index Scan using sbtest5_pkey on sbtest5  (cost=0.43..440.19 rows=110 width=125)
	  Index Cond: ((id >= 369880) AND (id <= 369980))

table 6 : explain SELECT id, c FROM sbtest6 WHERE id BETWEEN 369880 AND 369980
	Index Scan using sbtest6_pkey on sbtest6  (cost=0.43..411.89 rows=103 width=125)
	  Index Cond: ((id >= 369880) AND (id <= 369980))

table 7 : explain SELECT id, c FROM sbtest7 WHERE id BETWEEN 369880 AND 369980
	Index Scan using sbtest7_pkey on sbtest7  (cost=0.43..412.22 rows=103 width=125)
	  Index Cond: ((id >= 369880) AND (id <= 369980))

table 8 : explain SELECT id, c FROM sbtest8 WHERE id BETWEEN 369880 AND 369980
	Index Scan using sbtest8_pkey on sbtest8  (cost=0.43..371.25 rows=93 width=125)
	  Index Cond: ((id >= 369880) AND (id <= 369980))

for range-notcovered
table 1 : explain SELECT id, c FROM sbtest1 WHERE id BETWEEN 5226550 AND 5226650
	Index Scan using sbtest1_pkey on sbtest1  (cost=0.43..362.17 rows=90 width=125)
	  Index Cond: ((id >= 5226550) AND (id <= 5226650))

table 2 : explain SELECT id, c FROM sbtest2 WHERE id BETWEEN 5226550 AND 5226650
	Index Scan using sbtest2_pkey on sbtest2  (cost=0.43..373.47 rows=93 width=125)
	  Index Cond: ((id >= 5226550) AND (id <= 5226650))

table 3 : explain SELECT id, c FROM sbtest3 WHERE id BETWEEN 5226550 AND 5226650
	Index Scan using sbtest3_pkey on sbtest3  (cost=0.43..412.32 rows=103 width=125)
	  Index Cond: ((id >= 5226550) AND (id <= 5226650))

table 4 : explain SELECT id, c FROM sbtest4 WHERE id BETWEEN 5226550 AND 5226650
	Index Scan using sbtest4_pkey on sbtest4  (cost=0.43..400.13 rows=100 width=125)
	  Index Cond: ((id >= 5226550) AND (id <= 5226650))

table 5 : explain SELECT id, c FROM sbtest5 WHERE id BETWEEN 5226550 AND 5226650
	Index Scan using sbtest5_pkey on sbtest5  (cost=0.43..408.51 rows=102 width=125)
	  Index Cond: ((id >= 5226550) AND (id <= 5226650))

table 6 : explain SELECT id, c FROM sbtest6 WHERE id BETWEEN 5226550 AND 5226650
	Index Scan using sbtest6_pkey on sbtest6  (cost=0.43..423.76 rows=106 width=125)
	  Index Cond: ((id >= 5226550) AND (id <= 5226650))

table 7 : explain SELECT id, c FROM sbtest7 WHERE id BETWEEN 5226550 AND 5226650
	Index Scan using sbtest7_pkey on sbtest7  (cost=0.43..420.14 rows=105 width=125)
	  Index Cond: ((id >= 5226550) AND (id <= 5226650))

table 8 : explain SELECT id, c FROM sbtest8 WHERE id BETWEEN 5226550 AND 5226650
	Index Scan using sbtest8_pkey on sbtest8  (cost=0.43..422.53 rows=106 width=125)
	  Index Cond: ((id >= 5226550) AND (id <= 5226650))

explain: for range-notcovered :: explain SELECT id, c FROM sbtest%d WHERE id BETWEEN 4942920 AND 4943020
explain: for range-notcovered :: explain SELECT id, c FROM sbtest%d WHERE id BETWEEN 5226550 AND 5226650
explain: for range-notcovered :: explain SELECT id, c FROM sbtest%d WHERE id BETWEEN 5586001 AND 5586101
for range-notcovered
table 1 : explain SELECT id, c FROM sbtest1 WHERE id BETWEEN 5603878 AND 5603978
	Index Scan using sbtest1_pkey on sbtest1  (cost=0.43..382.04 rows=95 width=125)
	  Index Cond: ((id >= 5603878) AND (id <= 5603978))

table 2 : explain SELECT id, c FROM sbtest2 WHERE id BETWEEN 5603878 AND 5603978
	Index Scan using sbtest2_pkey on sbtest2  (cost=0.43..417.12 rows=104 width=125)
	  Index Cond: ((id >= 5603878) AND (id <= 5603978))

table 3 : explain SELECT id, c FROM sbtest3 WHERE id BETWEEN 5603878 AND 5603978
	Index Scan using sbtest3_pkey on sbtest3  (cost=0.43..420.23 rows=105 width=125)
	  Index Cond: ((id >= 5603878) AND (id <= 5603978))

table 4 : explain SELECT id, c FROM sbtest4 WHERE id BETWEEN 5603878 AND 5603978
	Index Scan using sbtest4_pkey on sbtest4  (cost=0.43..412.00 rows=103 width=125)
	  Index Cond: ((id >= 5603878) AND (id <= 5603978))

table 5 : explain SELECT id, c FROM sbtest5 WHERE id BETWEEN 5603878 AND 5603978
	Index Scan using sbtest5_pkey on sbtest5  (cost=0.43..412.47 rows=103 width=125)
	  Index Cond: ((id >= 5603878) AND (id <= 5603978))

table 6 : explain SELECT id, c FROM sbtest6 WHERE id BETWEEN 5603878 AND 5603978
	Index Scan using sbtest6_pkey on sbtest6  (cost=0.43..411.89 rows=103 width=125)
	  Index Cond: ((id >= 5603878) AND (id <= 5603978))

table 7 : explain SELECT id, c FROM sbtest7 WHERE id BETWEEN 5603878 AND 5603978
	Index Scan using sbtest7_pkey on sbtest7  (cost=0.43..408.26 rows=102 width=125)
	  Index Cond: ((id >= 5603878) AND (id <= 5603978))

table 8 : explain SELECT id, c FROM sbtest8 WHERE id BETWEEN 5603878 AND 5603978
	Index Scan using sbtest8_pkey on sbtest8  (cost=0.43..390.99 rows=98 width=125)
	  Index Cond: ((id >= 5603878) AND (id <= 5603978))

explain: for range-notcovered :: explain SELECT id, c FROM sbtest%d WHERE id BETWEEN 5603878 AND 5603978
for range-notcovered
table 1 : explain SELECT id, c FROM sbtest1 WHERE id BETWEEN 5226550 AND 5226650
	Index Scan using sbtest1_pkey on sbtest1  (cost=0.43..362.17 rows=90 width=125)
	  Index Cond: ((id >= 5226550) AND (id <= 5226650))

table 2 : explain SELECT id, c FROM sbtest2 WHERE id BETWEEN 5226550 AND 5226650
	Index Scan using sbtest2_pkey on sbtest2  (cost=0.43..373.47 rows=93 width=125)
	  Index Cond: ((id >= 5226550) AND (id <= 5226650))

table 3 : explain SELECT id, c FROM sbtest3 WHERE id BETWEEN 5226550 AND 5226650
	Index Scan using sbtest3_pkey on sbtest3  (cost=0.43..412.32 rows=103 width=125)
	  Index Cond: ((id >= 5226550) AND (id <= 5226650))

table 4 : explain SELECT id, c FROM sbtest4 WHERE id BETWEEN 5226550 AND 5226650
	Index Scan using sbtest4_pkey on sbtest4  (cost=0.43..400.13 rows=100 width=125)
	  Index Cond: ((id >= 5226550) AND (id <= 5226650))

table 5 : explain SELECT id, c FROM sbtest5 WHERE id BETWEEN 5226550 AND 5226650
	Index Scan using sbtest5_pkey on sbtest5  (cost=0.43..408.51 rows=102 width=125)
	  Index Cond: ((id >= 5226550) AND (id <= 5226650))

table 6 : explain SELECT id, c FROM sbtest6 WHERE id BETWEEN 5226550 AND 5226650
	Index Scan using sbtest6_pkey on sbtest6  (cost=0.43..423.76 rows=106 width=125)
	  Index Cond: ((id >= 5226550) AND (id <= 5226650))

table 7 : explain SELECT id, c FROM sbtest7 WHERE id BETWEEN 5226550 AND 5226650
	Index Scan using sbtest7_pkey on sbtest7  (cost=0.43..420.14 rows=105 width=125)
	  Index Cond: ((id >= 5226550) AND (id <= 5226650))

table 8 : explain SELECT id, c FROM sbtest8 WHERE id BETWEEN 5226550 AND 5226650
	Index Scan using sbtest8_pkey on sbtest8  (cost=0.43..422.53 rows=106 width=125)
	  Index Cond: ((id >= 5226550) AND (id <= 5226650))

explain: for range-notcovered :: explain SELECT id, c FROM sbtest%d WHERE id BETWEEN 5226550 AND 5226650
explain: for range-notcovered :: explain SELECT id, c FROM sbtest%d WHERE id BETWEEN 4198139 AND 4198239
for range-notcovered
table 1 : explain SELECT id, c FROM sbtest1 WHERE id BETWEEN 7585742 AND 7585842
	Index Scan using sbtest1_pkey on sbtest1  (cost=0.43..405.88 rows=101 width=125)
	  Index Cond: ((id >= 7585742) AND (id <= 7585842))

table 2 : explain SELECT id, c FROM sbtest2 WHERE id BETWEEN 7585742 AND 7585842
	Index Scan using sbtest2_pkey on sbtest2  (cost=0.43..444.89 rows=111 width=125)
	  Index Cond: ((id >= 7585742) AND (id <= 7585842))

table 3 : explain SELECT id, c FROM sbtest3 WHERE id BETWEEN 7585742 AND 7585842
	Index Scan using sbtest3_pkey on sbtest3  (cost=0.43..412.32 rows=103 width=125)
	  Index Cond: ((id >= 7585742) AND (id <= 7585842))

table 4 : explain SELECT id, c FROM sbtest4 WHERE id BETWEEN 7585742 AND 7585842
	Index Scan using sbtest4_pkey on sbtest4  (cost=0.43..408.04 rows=102 width=125)
	  Index Cond: ((id >= 7585742) AND (id <= 7585842))

table 5 : explain SELECT id, c FROM sbtest5 WHERE id BETWEEN 7585742 AND 7585842
	Index Scan using sbtest5_pkey on sbtest5  (cost=0.43..424.35 rows=106 width=125)
	  Index Cond: ((id >= 7585742) AND (id <= 7585842))

table 6 : explain SELECT id, c FROM sbtest6 WHERE id BETWEEN 7585742 AND 7585842
	Index Scan using sbtest6_pkey on sbtest6  (cost=0.43..403.98 rows=101 width=125)
	  Index Cond: ((id >= 7585742) AND (id <= 7585842))

table 7 : explain SELECT id, c FROM sbtest7 WHERE id BETWEEN 7585742 AND 7585842
	Index Scan using sbtest7_pkey on sbtest7  (cost=0.43..424.10 rows=106 width=125)
	  Index Cond: ((id >= 7585742) AND (id <= 7585842))

table 8 : explain SELECT id, c FROM sbtest8 WHERE id BETWEEN 7585742 AND 7585842
	Index Scan using sbtest8_pkey on sbtest8  (cost=0.43..390.99 rows=98 width=125)
	  Index Cond: ((id >= 7585742) AND (id <= 7585842))

explain: for range-notcovered :: explain SELECT id, c FROM sbtest%d WHERE id BETWEEN 7585742 AND 7585842
for range-notcovered
table 1 : explain SELECT id, c FROM sbtest1 WHERE id BETWEEN 5603878 AND 5603978
	Index Scan using sbtest1_pkey on sbtest1  (cost=0.43..382.04 rows=95 width=125)
	  Index Cond: ((id >= 5603878) AND (id <= 5603978))

table 2 : explain SELECT id, c FROM sbtest2 WHERE id BETWEEN 5603878 AND 5603978
	Index Scan using sbtest2_pkey on sbtest2  (cost=0.43..417.12 rows=104 width=125)
	  Index Cond: ((id >= 5603878) AND (id <= 5603978))

table 3 : explain SELECT id, c FROM sbtest3 WHERE id BETWEEN 5603878 AND 5603978
	Index Scan using sbtest3_pkey on sbtest3  (cost=0.43..420.23 rows=105 width=125)
	  Index Cond: ((id >= 5603878) AND (id <= 5603978))

table 4 : explain SELECT id, c FROM sbtest4 WHERE id BETWEEN 5603878 AND 5603978
	Index Scan using sbtest4_pkey on sbtest4  (cost=0.43..412.00 rows=103 width=125)
	  Index Cond: ((id >= 5603878) AND (id <= 5603978))

table 5 : explain SELECT id, c FROM sbtest5 WHERE id BETWEEN 5603878 AND 5603978
	Index Scan using sbtest5_pkey on sbtest5  (cost=0.43..412.47 rows=103 width=125)
	  Index Cond: ((id >= 5603878) AND (id <= 5603978))

table 6 : explain SELECT id, c FROM sbtest6 WHERE id BETWEEN 5603878 AND 5603978
	Index Scan using sbtest6_pkey on sbtest6  (cost=0.43..411.89 rows=103 width=125)
	  Index Cond: ((id >= 5603878) AND (id <= 5603978))

table 7 : explain SELECT id, c FROM sbtest7 WHERE id BETWEEN 5603878 AND 5603978
	Index Scan using sbtest7_pkey on sbtest7  (cost=0.43..408.26 rows=102 width=125)
	  Index Cond: ((id >= 5603878) AND (id <= 5603978))

table 8 : explain SELECT id, c FROM sbtest8 WHERE id BETWEEN 5603878 AND 5603978
	Index Scan using sbtest8_pkey on sbtest8  (cost=0.43..390.99 rows=98 width=125)
	  Index Cond: ((id >= 5603878) AND (id <= 5603978))

explain: for range-notcovered :: explain SELECT id, c FROM sbtest%d WHERE id BETWEEN 5603878 AND 5603978
for range-notcovered
table 1 : explain SELECT id, c FROM sbtest1 WHERE id BETWEEN 5226550 AND 5226650
	Index Scan using sbtest1_pkey on sbtest1  (cost=0.43..362.17 rows=90 width=125)
	  Index Cond: ((id >= 5226550) AND (id <= 5226650))

table 2 : explain SELECT id, c FROM sbtest2 WHERE id BETWEEN 5226550 AND 5226650
	Index Scan using sbtest2_pkey on sbtest2  (cost=0.43..373.47 rows=93 width=125)
	  Index Cond: ((id >= 5226550) AND (id <= 5226650))

table 3 : explain SELECT id, c FROM sbtest3 WHERE id BETWEEN 5226550 AND 5226650
	Index Scan using sbtest3_pkey on sbtest3  (cost=0.43..412.32 rows=103 width=125)
	  Index Cond: ((id >= 5226550) AND (id <= 5226650))

table 4 : explain SELECT id, c FROM sbtest4 WHERE id BETWEEN 5226550 AND 5226650
	Index Scan using sbtest4_pkey on sbtest4  (cost=0.43..400.13 rows=100 width=125)
	  Index Cond: ((id >= 5226550) AND (id <= 5226650))

table 5 : explain SELECT id, c FROM sbtest5 WHERE id BETWEEN 5226550 AND 5226650
	Index Scan using sbtest5_pkey on sbtest5  (cost=0.43..408.51 rows=102 width=125)
	  Index Cond: ((id >= 5226550) AND (id <= 5226650))

table 6 : explain SELECT id, c FROM sbtest6 WHERE id BETWEEN 5226550 AND 5226650
	Index Scan using sbtest6_pkey on sbtest6  (cost=0.43..423.76 rows=106 width=125)
	  Index Cond: ((id >= 5226550) AND (id <= 5226650))

table 7 : explain SELECT id, c FROM sbtest7 WHERE id BETWEEN 5226550 AND 5226650
	Index Scan using sbtest7_pkey on sbtest7  (cost=0.43..420.14 rows=105 width=125)
	  Index Cond: ((id >= 5226550) AND (id <= 5226650))

table 8 : explain SELECT id, c FROM sbtest8 WHERE id BETWEEN 5226550 AND 5226650
	Index Scan using sbtest8_pkey on sbtest8  (cost=0.43..422.53 rows=106 width=125)
	  Index Cond: ((id >= 5226550) AND (id <= 5226650))

explain: for range-notcovered :: explain SELECT id, c FROM sbtest%d WHERE id BETWEEN 4595115 AND 4595215
explain: for range-notcovered :: explain SELECT id, c FROM sbtest%d WHERE id BETWEEN 5226550 AND 5226650
for range-notcovered
table 1 : explain SELECT id, c FROM sbtest1 WHERE id BETWEEN 5603878 AND 5603978
	Index Scan using sbtest1_pkey on sbtest1  (cost=0.43..382.04 rows=95 width=125)
	  Index Cond: ((id >= 5603878) AND (id <= 5603978))

table 2 : explain SELECT id, c FROM sbtest2 WHERE id BETWEEN 5603878 AND 5603978
	Index Scan using sbtest2_pkey on sbtest2  (cost=0.43..417.12 rows=104 width=125)
	  Index Cond: ((id >= 5603878) AND (id <= 5603978))

table 3 : explain SELECT id, c FROM sbtest3 WHERE id BETWEEN 5603878 AND 5603978
	Index Scan using sbtest3_pkey on sbtest3  (cost=0.43..420.23 rows=105 width=125)
	  Index Cond: ((id >= 5603878) AND (id <= 5603978))

table 4 : explain SELECT id, c FROM sbtest4 WHERE id BETWEEN 5603878 AND 5603978
	Index Scan using sbtest4_pkey on sbtest4  (cost=0.43..412.00 rows=103 width=125)
	  Index Cond: ((id >= 5603878) AND (id <= 5603978))

table 5 : explain SELECT id, c FROM sbtest5 WHERE id BETWEEN 5603878 AND 5603978
	Index Scan using sbtest5_pkey on sbtest5  (cost=0.43..412.47 rows=103 width=125)
	  Index Cond: ((id >= 5603878) AND (id <= 5603978))

table 6 : explain SELECT id, c FROM sbtest6 WHERE id BETWEEN 5603878 AND 5603978
	Index Scan using sbtest6_pkey on sbtest6  (cost=0.43..411.89 rows=103 width=125)
	  Index Cond: ((id >= 5603878) AND (id <= 5603978))

table 7 : explain SELECT id, c FROM sbtest7 WHERE id BETWEEN 5603878 AND 5603978
	Index Scan using sbtest7_pkey on sbtest7  (cost=0.43..408.26 rows=102 width=125)
	  Index Cond: ((id >= 5603878) AND (id <= 5603978))

table 8 : explain SELECT id, c FROM sbtest8 WHERE id BETWEEN 5603878 AND 5603978
	Index Scan using sbtest8_pkey on sbtest8  (cost=0.43..390.99 rows=98 width=125)
	  Index Cond: ((id >= 5603878) AND (id <= 5603978))

explain: for range-notcovered :: explain SELECT id, c FROM sbtest%d WHERE id BETWEEN 4108379 AND 4108479
explain: for range-notcovered :: explain SELECT id, c FROM sbtest%d WHERE id BETWEEN 5603878 AND 5603978
for range-notcovered
table 1 : explain SELECT id, c FROM sbtest1 WHERE id BETWEEN 5226550 AND 5226650
	Index Scan using sbtest1_pkey on sbtest1  (cost=0.43..362.17 rows=90 width=125)
	  Index Cond: ((id >= 5226550) AND (id <= 5226650))

table 2 : explain SELECT id, c FROM sbtest2 WHERE id BETWEEN 5226550 AND 5226650
	Index Scan using sbtest2_pkey on sbtest2  (cost=0.43..373.47 rows=93 width=125)
	  Index Cond: ((id >= 5226550) AND (id <= 5226650))

table 3 : explain SELECT id, c FROM sbtest3 WHERE id BETWEEN 5226550 AND 5226650
	Index Scan using sbtest3_pkey on sbtest3  (cost=0.43..412.32 rows=103 width=125)
	  Index Cond: ((id >= 5226550) AND (id <= 5226650))

table 4 : explain SELECT id, c FROM sbtest4 WHERE id BETWEEN 5226550 AND 5226650
	Index Scan using sbtest4_pkey on sbtest4  (cost=0.43..400.13 rows=100 width=125)
	  Index Cond: ((id >= 5226550) AND (id <= 5226650))

table 5 : explain SELECT id, c FROM sbtest5 WHERE id BETWEEN 5226550 AND 5226650
	Index Scan using sbtest5_pkey on sbtest5  (cost=0.43..408.51 rows=102 width=125)
	  Index Cond: ((id >= 5226550) AND (id <= 5226650))

table 6 : explain SELECT id, c FROM sbtest6 WHERE id BETWEEN 5226550 AND 5226650
	Index Scan using sbtest6_pkey on sbtest6  (cost=0.43..423.76 rows=106 width=125)
	  Index Cond: ((id >= 5226550) AND (id <= 5226650))

table 7 : explain SELECT id, c FROM sbtest7 WHERE id BETWEEN 5226550 AND 5226650
	Index Scan using sbtest7_pkey on sbtest7  (cost=0.43..420.14 rows=105 width=125)
	  Index Cond: ((id >= 5226550) AND (id <= 5226650))

table 8 : explain SELECT id, c FROM sbtest8 WHERE id BETWEEN 5226550 AND 5226650
	Index Scan using sbtest8_pkey on sbtest8  (cost=0.43..422.53 rows=106 width=125)
	  Index Cond: ((id >= 5226550) AND (id <= 5226650))

explain: for range-notcovered :: explain SELECT id, c FROM sbtest%d WHERE id BETWEEN 5226550 AND 5226650
for range-notcovered
table 1 : explain SELECT id, c FROM sbtest1 WHERE id BETWEEN 4078454 AND 4078554
	Index Scan using sbtest1_pkey on sbtest1  (cost=0.43..417.82 rows=104 width=125)
	  Index Cond: ((id >= 4078454) AND (id <= 4078554))

table 2 : explain SELECT id, c FROM sbtest2 WHERE id BETWEEN 4078454 AND 4078554
	Index Scan using sbtest2_pkey on sbtest2  (cost=0.43..409.19 rows=102 width=125)
	  Index Cond: ((id >= 4078454) AND (id <= 4078554))

table 3 : explain SELECT id, c FROM sbtest3 WHERE id BETWEEN 4078454 AND 4078554
	Index Scan using sbtest3_pkey on sbtest3  (cost=0.43..380.63 rows=95 width=125)
	  Index Cond: ((id >= 4078454) AND (id <= 4078554))

table 4 : explain SELECT id, c FROM sbtest4 WHERE id BETWEEN 4078454 AND 4078554
	Index Scan using sbtest4_pkey on sbtest4  (cost=0.43..427.82 rows=107 width=125)
	  Index Cond: ((id >= 4078454) AND (id <= 4078554))

table 5 : explain SELECT id, c FROM sbtest5 WHERE id BETWEEN 4078454 AND 4078554
	Index Scan using sbtest5_pkey on sbtest5  (cost=0.43..380.77 rows=95 width=125)
	  Index Cond: ((id >= 4078454) AND (id <= 4078554))

table 6 : explain SELECT id, c FROM sbtest6 WHERE id BETWEEN 4078454 AND 4078554
	Index Scan using sbtest6_pkey on sbtest6  (cost=0.43..407.94 rows=102 width=125)
	  Index Cond: ((id >= 4078454) AND (id <= 4078554))

table 7 : explain SELECT id, c FROM sbtest7 WHERE id BETWEEN 4078454 AND 4078554
	Index Scan using sbtest7_pkey on sbtest7  (cost=0.43..396.39 rows=99 width=125)
	  Index Cond: ((id >= 4078454) AND (id <= 4078554))

table 8 : explain SELECT id, c FROM sbtest8 WHERE id BETWEEN 4078454 AND 4078554
	Index Scan using sbtest8_pkey on sbtest8  (cost=0.43..402.82 rows=101 width=125)
	  Index Cond: ((id >= 4078454) AND (id <= 4078554))

explain: for range-notcovered :: explain SELECT id, c FROM sbtest%d WHERE id BETWEEN 4078454 AND 4078554
for range-notcovered
table 1 : explain SELECT id, c FROM sbtest1 WHERE id BETWEEN 5226550 AND 5226650
	Index Scan using sbtest1_pkey on sbtest1  (cost=0.43..362.17 rows=90 width=125)
	  Index Cond: ((id >= 5226550) AND (id <= 5226650))

table 2 : explain SELECT id, c FROM sbtest2 WHERE id BETWEEN 5226550 AND 5226650
	Index Scan using sbtest2_pkey on sbtest2  (cost=0.43..373.47 rows=93 width=125)
	  Index Cond: ((id >= 5226550) AND (id <= 5226650))

table 3 : explain SELECT id, c FROM sbtest3 WHERE id BETWEEN 5226550 AND 5226650
	Index Scan using sbtest3_pkey on sbtest3  (cost=0.43..412.32 rows=103 width=125)
	  Index Cond: ((id >= 5226550) AND (id <= 5226650))

table 4 : explain SELECT id, c FROM sbtest4 WHERE id BETWEEN 5226550 AND 5226650
	Index Scan using sbtest4_pkey on sbtest4  (cost=0.43..400.13 rows=100 width=125)
	  Index Cond: ((id >= 5226550) AND (id <= 5226650))

table 5 : explain SELECT id, c FROM sbtest5 WHERE id BETWEEN 5226550 AND 5226650
	Index Scan using sbtest5_pkey on sbtest5  (cost=0.43..408.51 rows=102 width=125)
	  Index Cond: ((id >= 5226550) AND (id <= 5226650))

table 6 : explain SELECT id, c FROM sbtest6 WHERE id BETWEEN 5226550 AND 5226650
	Index Scan using sbtest6_pkey on sbtest6  (cost=0.43..423.76 rows=106 width=125)
	  Index Cond: ((id >= 5226550) AND (id <= 5226650))

table 7 : explain SELECT id, c FROM sbtest7 WHERE id BETWEEN 5226550 AND 5226650
	Index Scan using sbtest7_pkey on sbtest7  (cost=0.43..420.14 rows=105 width=125)
	  Index Cond: ((id >= 5226550) AND (id <= 5226650))

table 8 : explain SELECT id, c FROM sbtest8 WHERE id BETWEEN 5226550 AND 5226650
	Index Scan using sbtest8_pkey on sbtest8  (cost=0.43..422.53 rows=106 width=125)
	  Index Cond: ((id >= 5226550) AND (id <= 5226650))

explain: for range-notcovered :: explain SELECT id, c FROM sbtest%d WHERE id BETWEEN 7811644 AND 7811744
explain: for range-notcovered :: explain SELECT id, c FROM sbtest%d WHERE id BETWEEN 5226550 AND 5226650
for range-notcovered
table 1 : explain SELECT id, c FROM sbtest1 WHERE id BETWEEN 4942920 AND 4943020
	Index Scan using sbtest1_pkey on sbtest1  (cost=0.43..425.77 rows=106 width=125)
	  Index Cond: ((id >= 4942920) AND (id <= 4943020))

table 2 : explain SELECT id, c FROM sbtest2 WHERE id BETWEEN 4942920 AND 4943020
	Index Scan using sbtest2_pkey on sbtest2  (cost=0.43..440.92 rows=110 width=125)
	  Index Cond: ((id >= 4942920) AND (id <= 4943020))

table 3 : explain SELECT id, c FROM sbtest3 WHERE id BETWEEN 4942920 AND 4943020
	Index Scan using sbtest3_pkey on sbtest3  (cost=0.43..396.47 rows=99 width=125)
	  Index Cond: ((id >= 4942920) AND (id <= 4943020))

table 4 : explain SELECT id, c FROM sbtest4 WHERE id BETWEEN 4942920 AND 4943020
	Index Scan using sbtest4_pkey on sbtest4  (cost=0.43..427.82 rows=107 width=125)
	  Index Cond: ((id >= 4942920) AND (id <= 4943020))

table 5 : explain SELECT id, c FROM sbtest5 WHERE id BETWEEN 4942920 AND 4943020
	Index Scan using sbtest5_pkey on sbtest5  (cost=0.43..404.54 rows=101 width=125)
	  Index Cond: ((id >= 4942920) AND (id <= 4943020))

table 6 : explain SELECT id, c FROM sbtest6 WHERE id BETWEEN 4942920 AND 4943020
	Index Scan using sbtest6_pkey on sbtest6  (cost=0.43..400.03 rows=100 width=125)
	  Index Cond: ((id >= 4942920) AND (id <= 4943020))

table 7 : explain SELECT id, c FROM sbtest7 WHERE id BETWEEN 4942920 AND 4943020
	Index Scan using sbtest7_pkey on sbtest7  (cost=0.43..428.05 rows=107 width=125)
	  Index Cond: ((id >= 4942920) AND (id <= 4943020))

table 8 : explain SELECT id, c FROM sbtest8 WHERE id BETWEEN 4942920 AND 4943020
	Index Scan using sbtest8_pkey on sbtest8  (cost=0.43..406.76 rows=102 width=125)
	  Index Cond: ((id >= 4942920) AND (id <= 4943020))

explain: for range-notcovered :: explain SELECT id, c FROM sbtest%d WHERE id BETWEEN 4942920 AND 4943020
for range-notcovered
table 1 : explain SELECT id, c FROM sbtest1 WHERE id BETWEEN 4078454 AND 4078554
	Index Scan using sbtest1_pkey on sbtest1  (cost=0.43..417.82 rows=104 width=125)
	  Index Cond: ((id >= 4078454) AND (id <= 4078554))

table 2 : explain SELECT id, c FROM sbtest2 WHERE id BETWEEN 4078454 AND 4078554
	Index Scan using sbtest2_pkey on sbtest2  (cost=0.43..409.19 rows=102 width=125)
	  Index Cond: ((id >= 4078454) AND (id <= 4078554))

table 3 : explain SELECT id, c FROM sbtest3 WHERE id BETWEEN 4078454 AND 4078554
	Index Scan using sbtest3_pkey on sbtest3  (cost=0.43..380.63 rows=95 width=125)
	  Index Cond: ((id >= 4078454) AND (id <= 4078554))

table 4 : explain SELECT id, c FROM sbtest4 WHERE id BETWEEN 4078454 AND 4078554
	Index Scan using sbtest4_pkey on sbtest4  (cost=0.43..427.82 rows=107 width=125)
	  Index Cond: ((id >= 4078454) AND (id <= 4078554))

table 5 : explain SELECT id, c FROM sbtest5 WHERE id BETWEEN 4078454 AND 4078554
	Index Scan using sbtest5_pkey on sbtest5  (cost=0.43..380.77 rows=95 width=125)
	  Index Cond: ((id >= 4078454) AND (id <= 4078554))

table 6 : explain SELECT id, c FROM sbtest6 WHERE id BETWEEN 4078454 AND 4078554
	Index Scan using sbtest6_pkey on sbtest6  (cost=0.43..407.94 rows=102 width=125)
	  Index Cond: ((id >= 4078454) AND (id <= 4078554))

table 7 : explain SELECT id, c FROM sbtest7 WHERE id BETWEEN 4078454 AND 4078554
	Index Scan using sbtest7_pkey on sbtest7  (cost=0.43..396.39 rows=99 width=125)
	  Index Cond: ((id >= 4078454) AND (id <= 4078554))

table 8 : explain SELECT id, c FROM sbtest8 WHERE id BETWEEN 4078454 AND 4078554
	Index Scan using sbtest8_pkey on sbtest8  (cost=0.43..402.82 rows=101 width=125)
	  Index Cond: ((id >= 4078454) AND (id <= 4078554))

explain: for range-notcovered :: explain SELECT id, c FROM sbtest%d WHERE id BETWEEN 4078454 AND 4078554
for range-notcovered
table 1 : explain SELECT id, c FROM sbtest1 WHERE id BETWEEN 7585742 AND 7585842
	Index Scan using sbtest1_pkey on sbtest1  (cost=0.43..405.88 rows=101 width=125)
	  Index Cond: ((id >= 7585742) AND (id <= 7585842))

table 2 : explain SELECT id, c FROM sbtest2 WHERE id BETWEEN 7585742 AND 7585842
	Index Scan using sbtest2_pkey on sbtest2  (cost=0.43..444.89 rows=111 width=125)
	  Index Cond: ((id >= 7585742) AND (id <= 7585842))

table 3 : explain SELECT id, c FROM sbtest3 WHERE id BETWEEN 7585742 AND 7585842
	Index Scan using sbtest3_pkey on sbtest3  (cost=0.43..412.32 rows=103 width=125)
	  Index Cond: ((id >= 7585742) AND (id <= 7585842))

table 4 : explain SELECT id, c FROM sbtest4 WHERE id BETWEEN 7585742 AND 7585842
	Index Scan using sbtest4_pkey on sbtest4  (cost=0.43..408.04 rows=102 width=125)
	  Index Cond: ((id >= 7585742) AND (id <= 7585842))

table 5 : explain SELECT id, c FROM sbtest5 WHERE id BETWEEN 7585742 AND 7585842
	Index Scan using sbtest5_pkey on sbtest5  (cost=0.43..424.35 rows=106 width=125)
	  Index Cond: ((id >= 7585742) AND (id <= 7585842))

table 6 : explain SELECT id, c FROM sbtest6 WHERE id BETWEEN 7585742 AND 7585842
	Index Scan using sbtest6_pkey on sbtest6  (cost=0.43..403.98 rows=101 width=125)
	  Index Cond: ((id >= 7585742) AND (id <= 7585842))

table 7 : explain SELECT id, c FROM sbtest7 WHERE id BETWEEN 7585742 AND 7585842
	Index Scan using sbtest7_pkey on sbtest7  (cost=0.43..424.10 rows=106 width=125)
	  Index Cond: ((id >= 7585742) AND (id <= 7585842))

table 8 : explain SELECT id, c FROM sbtest8 WHERE id BETWEEN 7585742 AND 7585842
	Index Scan using sbtest8_pkey on sbtest8  (cost=0.43..390.99 rows=98 width=125)
	  Index Cond: ((id >= 7585742) AND (id <= 7585842))

for range-notcovered
table 1 : explain SELECT id, c FROM sbtest1 WHERE id BETWEEN 5603878 AND 5603978
	Index Scan using sbtest1_pkey on sbtest1  (cost=0.43..382.04 rows=95 width=125)
	  Index Cond: ((id >= 5603878) AND (id <= 5603978))

table 2 : explain SELECT id, c FROM sbtest2 WHERE id BETWEEN 5603878 AND 5603978
	Index Scan using sbtest2_pkey on sbtest2  (cost=0.43..417.12 rows=104 width=125)
	  Index Cond: ((id >= 5603878) AND (id <= 5603978))

table 3 : explain SELECT id, c FROM sbtest3 WHERE id BETWEEN 5603878 AND 5603978
	Index Scan using sbtest3_pkey on sbtest3  (cost=0.43..420.23 rows=105 width=125)
	  Index Cond: ((id >= 5603878) AND (id <= 5603978))

table 4 : explain SELECT id, c FROM sbtest4 WHERE id BETWEEN 5603878 AND 5603978
	Index Scan using sbtest4_pkey on sbtest4  (cost=0.43..412.00 rows=103 width=125)
	  Index Cond: ((id >= 5603878) AND (id <= 5603978))

table 5 : explain SELECT id, c FROM sbtest5 WHERE id BETWEEN 5603878 AND 5603978
	Index Scan using sbtest5_pkey on sbtest5  (cost=0.43..412.47 rows=103 width=125)
	  Index Cond: ((id >= 5603878) AND (id <= 5603978))

table 6 : explain SELECT id, c FROM sbtest6 WHERE id BETWEEN 5603878 AND 5603978
	Index Scan using sbtest6_pkey on sbtest6  (cost=0.43..411.89 rows=103 width=125)
	  Index Cond: ((id >= 5603878) AND (id <= 5603978))

table 7 : explain SELECT id, c FROM sbtest7 WHERE id BETWEEN 5603878 AND 5603978
	Index Scan using sbtest7_pkey on sbtest7  (cost=0.43..408.26 rows=102 width=125)
	  Index Cond: ((id >= 5603878) AND (id <= 5603978))

table 8 : explain SELECT id, c FROM sbtest8 WHERE id BETWEEN 5603878 AND 5603978
	Index Scan using sbtest8_pkey on sbtest8  (cost=0.43..390.99 rows=98 width=125)
	  Index Cond: ((id >= 5603878) AND (id <= 5603978))

explain: for range-notcovered :: explain SELECT id, c FROM sbtest%d WHERE id BETWEEN 7585742 AND 7585842
explain: for range-notcovered :: explain SELECT id, c FROM sbtest%d WHERE id BETWEEN 5603878 AND 5603978
for range-notcovered
table 1 : explain SELECT id, c FROM sbtest1 WHERE id BETWEEN 5226550 AND 5226650
	Index Scan using sbtest1_pkey on sbtest1  (cost=0.43..362.17 rows=90 width=125)
	  Index Cond: ((id >= 5226550) AND (id <= 5226650))

table 2 : explain SELECT id, c FROM sbtest2 WHERE id BETWEEN 5226550 AND 5226650
	Index Scan using sbtest2_pkey on sbtest2  (cost=0.43..373.47 rows=93 width=125)
	  Index Cond: ((id >= 5226550) AND (id <= 5226650))

table 3 : explain SELECT id, c FROM sbtest3 WHERE id BETWEEN 5226550 AND 5226650
	Index Scan using sbtest3_pkey on sbtest3  (cost=0.43..412.32 rows=103 width=125)
	  Index Cond: ((id >= 5226550) AND (id <= 5226650))

table 4 : explain SELECT id, c FROM sbtest4 WHERE id BETWEEN 5226550 AND 5226650
	Index Scan using sbtest4_pkey on sbtest4  (cost=0.43..400.13 rows=100 width=125)
	  Index Cond: ((id >= 5226550) AND (id <= 5226650))

table 5 : explain SELECT id, c FROM sbtest5 WHERE id BETWEEN 5226550 AND 5226650
	Index Scan using sbtest5_pkey on sbtest5  (cost=0.43..408.51 rows=102 width=125)
	  Index Cond: ((id >= 5226550) AND (id <= 5226650))

table 6 : explain SELECT id, c FROM sbtest6 WHERE id BETWEEN 5226550 AND 5226650
	Index Scan using sbtest6_pkey on sbtest6  (cost=0.43..423.76 rows=106 width=125)
	  Index Cond: ((id >= 5226550) AND (id <= 5226650))

table 7 : explain SELECT id, c FROM sbtest7 WHERE id BETWEEN 5226550 AND 5226650
	Index Scan using sbtest7_pkey on sbtest7  (cost=0.43..420.14 rows=105 width=125)
	  Index Cond: ((id >= 5226550) AND (id <= 5226650))

table 8 : explain SELECT id, c FROM sbtest8 WHERE id BETWEEN 5226550 AND 5226650
	Index Scan using sbtest8_pkey on sbtest8  (cost=0.43..422.53 rows=106 width=125)
	  Index Cond: ((id >= 5226550) AND (id <= 5226650))

explain: for range-notcovered :: explain SELECT id, c FROM sbtest%d WHERE id BETWEEN 5226550 AND 5226650
for range-notcovered
table 1 : explain SELECT id, c FROM sbtest1 WHERE id BETWEEN 4078454 AND 4078554
	Index Scan using sbtest1_pkey on sbtest1  (cost=0.43..417.82 rows=104 width=125)
	  Index Cond: ((id >= 4078454) AND (id <= 4078554))

table 2 : explain SELECT id, c FROM sbtest2 WHERE id BETWEEN 4078454 AND 4078554
	Index Scan using sbtest2_pkey on sbtest2  (cost=0.43..409.19 rows=102 width=125)
	  Index Cond: ((id >= 4078454) AND (id <= 4078554))

table 3 : explain SELECT id, c FROM sbtest3 WHERE id BETWEEN 4078454 AND 4078554
	Index Scan using sbtest3_pkey on sbtest3  (cost=0.43..380.63 rows=95 width=125)
	  Index Cond: ((id >= 4078454) AND (id <= 4078554))

table 4 : explain SELECT id, c FROM sbtest4 WHERE id BETWEEN 4078454 AND 4078554
	Index Scan using sbtest4_pkey on sbtest4  (cost=0.43..427.82 rows=107 width=125)
	  Index Cond: ((id >= 4078454) AND (id <= 4078554))

table 5 : explain SELECT id, c FROM sbtest5 WHERE id BETWEEN 4078454 AND 4078554
	Index Scan using sbtest5_pkey on sbtest5  (cost=0.43..380.77 rows=95 width=125)
	  Index Cond: ((id >= 4078454) AND (id <= 4078554))

table 6 : explain SELECT id, c FROM sbtest6 WHERE id BETWEEN 4078454 AND 4078554
	Index Scan using sbtest6_pkey on sbtest6  (cost=0.43..407.94 rows=102 width=125)
	  Index Cond: ((id >= 4078454) AND (id <= 4078554))

table 7 : explain SELECT id, c FROM sbtest7 WHERE id BETWEEN 4078454 AND 4078554
	Index Scan using sbtest7_pkey on sbtest7  (cost=0.43..396.39 rows=99 width=125)
	  Index Cond: ((id >= 4078454) AND (id <= 4078554))

table 8 : explain SELECT id, c FROM sbtest8 WHERE id BETWEEN 4078454 AND 4078554
	Index Scan using sbtest8_pkey on sbtest8  (cost=0.43..402.82 rows=101 width=125)
	  Index Cond: ((id >= 4078454) AND (id <= 4078554))

for range-notcovered
table 1 : explain SELECT id, c FROM sbtest1 WHERE id BETWEEN 4942920 AND 4943020
	Index Scan using sbtest1_pkey on sbtest1  (cost=0.43..425.77 rows=106 width=125)
	  Index Cond: ((id >= 4942920) AND (id <= 4943020))

table 2 : explain SELECT id, c FROM sbtest2 WHERE id BETWEEN 4942920 AND 4943020
	Index Scan using sbtest2_pkey on sbtest2  (cost=0.43..440.92 rows=110 width=125)
	  Index Cond: ((id >= 4942920) AND (id <= 4943020))

table 3 : explain SELECT id, c FROM sbtest3 WHERE id BETWEEN 4942920 AND 4943020
	Index Scan using sbtest3_pkey on sbtest3  (cost=0.43..396.47 rows=99 width=125)
	  Index Cond: ((id >= 4942920) AND (id <= 4943020))

table 4 : explain SELECT id, c FROM sbtest4 WHERE id BETWEEN 4942920 AND 4943020
	Index Scan using sbtest4_pkey on sbtest4  (cost=0.43..427.82 rows=107 width=125)
	  Index Cond: ((id >= 4942920) AND (id <= 4943020))

table 5 : explain SELECT id, c FROM sbtest5 WHERE id BETWEEN 4942920 AND 4943020
	Index Scan using sbtest5_pkey on sbtest5  (cost=0.43..404.54 rows=101 width=125)
	  Index Cond: ((id >= 4942920) AND (id <= 4943020))

table 6 : explain SELECT id, c FROM sbtest6 WHERE id BETWEEN 4942920 AND 4943020
	Index Scan using sbtest6_pkey on sbtest6  (cost=0.43..400.03 rows=100 width=125)
	  Index Cond: ((id >= 4942920) AND (id <= 4943020))

table 7 : explain SELECT id, c FROM sbtest7 WHERE id BETWEEN 4942920 AND 4943020
	Index Scan using sbtest7_pkey on sbtest7  (cost=0.43..428.05 rows=107 width=125)
	  Index Cond: ((id >= 4942920) AND (id <= 4943020))

table 8 : explain SELECT id, c FROM sbtest8 WHERE id BETWEEN 4942920 AND 4943020
	Index Scan using sbtest8_pkey on sbtest8  (cost=0.43..406.76 rows=102 width=125)
	  Index Cond: ((id >= 4942920) AND (id <= 4943020))

explain: for range-notcovered :: explain SELECT id, c FROM sbtest%d WHERE id BETWEEN 4078454 AND 4078554
for range-notcovered
table 1 : explain SELECT id, c FROM sbtest1 WHERE id BETWEEN 5603878 AND 5603978
	Index Scan using sbtest1_pkey on sbtest1  (cost=0.43..382.04 rows=95 width=125)
	  Index Cond: ((id >= 5603878) AND (id <= 5603978))

table 2 : explain SELECT id, c FROM sbtest2 WHERE id BETWEEN 5603878 AND 5603978
	Index Scan using sbtest2_pkey on sbtest2  (cost=0.43..417.12 rows=104 width=125)
	  Index Cond: ((id >= 5603878) AND (id <= 5603978))

table 3 : explain SELECT id, c FROM sbtest3 WHERE id BETWEEN 5603878 AND 5603978
	Index Scan using sbtest3_pkey on sbtest3  (cost=0.43..420.23 rows=105 width=125)
	  Index Cond: ((id >= 5603878) AND (id <= 5603978))

table 4 : explain SELECT id, c FROM sbtest4 WHERE id BETWEEN 5603878 AND 5603978
	Index Scan using sbtest4_pkey on sbtest4  (cost=0.43..412.00 rows=103 width=125)
	  Index Cond: ((id >= 5603878) AND (id <= 5603978))

table 5 : explain SELECT id, c FROM sbtest5 WHERE id BETWEEN 5603878 AND 5603978
	Index Scan using sbtest5_pkey on sbtest5  (cost=0.43..412.47 rows=103 width=125)
	  Index Cond: ((id >= 5603878) AND (id <= 5603978))

table 6 : explain SELECT id, c FROM sbtest6 WHERE id BETWEEN 5603878 AND 5603978
	Index Scan using sbtest6_pkey on sbtest6  (cost=0.43..411.89 rows=103 width=125)
	  Index Cond: ((id >= 5603878) AND (id <= 5603978))

table 7 : explain SELECT id, c FROM sbtest7 WHERE id BETWEEN 5603878 AND 5603978
	Index Scan using sbtest7_pkey on sbtest7  (cost=0.43..408.26 rows=102 width=125)
	  Index Cond: ((id >= 5603878) AND (id <= 5603978))

table 8 : explain SELECT id, c FROM sbtest8 WHERE id BETWEEN 5603878 AND 5603978
	Index Scan using sbtest8_pkey on sbtest8  (cost=0.43..390.99 rows=98 width=125)
	  Index Cond: ((id >= 5603878) AND (id <= 5603978))

for range-notcovered
table 1 : explain SELECT id, c FROM sbtest1 WHERE id BETWEEN 5226550 AND 5226650
	Index Scan using sbtest1_pkey on sbtest1  (cost=0.43..362.17 rows=90 width=125)
	  Index Cond: ((id >= 5226550) AND (id <= 5226650))

table 2 : explain SELECT id, c FROM sbtest2 WHERE id BETWEEN 5226550 AND 5226650
	Index Scan using sbtest2_pkey on sbtest2  (cost=0.43..373.47 rows=93 width=125)
	  Index Cond: ((id >= 5226550) AND (id <= 5226650))

table 3 : explain SELECT id, c FROM sbtest3 WHERE id BETWEEN 5226550 AND 5226650
	Index Scan using sbtest3_pkey on sbtest3  (cost=0.43..412.32 rows=103 width=125)
	  Index Cond: ((id >= 5226550) AND (id <= 5226650))

table 4 : explain SELECT id, c FROM sbtest4 WHERE id BETWEEN 5226550 AND 5226650
	Index Scan using sbtest4_pkey on sbtest4  (cost=0.43..400.13 rows=100 width=125)
	  Index Cond: ((id >= 5226550) AND (id <= 5226650))

table 5 : explain SELECT id, c FROM sbtest5 WHERE id BETWEEN 5226550 AND 5226650
	Index Scan using sbtest5_pkey on sbtest5  (cost=0.43..408.51 rows=102 width=125)
	  Index Cond: ((id >= 5226550) AND (id <= 5226650))

table 6 : explain SELECT id, c FROM sbtest6 WHERE id BETWEEN 5226550 AND 5226650
	Index Scan using sbtest6_pkey on sbtest6  (cost=0.43..423.76 rows=106 width=125)
	  Index Cond: ((id >= 5226550) AND (id <= 5226650))

table 7 : explain SELECT id, c FROM sbtest7 WHERE id BETWEEN 5226550 AND 5226650
	Index Scan using sbtest7_pkey on sbtest7  (cost=0.43..420.14 rows=105 width=125)
	  Index Cond: ((id >= 5226550) AND (id <= 5226650))

table 8 : explain SELECT id, c FROM sbtest8 WHERE id BETWEEN 5226550 AND 5226650
	Index Scan using sbtest8_pkey on sbtest8  (cost=0.43..422.53 rows=106 width=125)
	  Index Cond: ((id >= 5226550) AND (id <= 5226650))

explain: for range-notcovered :: explain SELECT id, c FROM sbtest%d WHERE id BETWEEN 5226550 AND 5226650
explain: for range-notcovered :: explain SELECT id, c FROM sbtest%d WHERE id BETWEEN 8083042 AND 8083142
for range-notcovered
table 1 : explain SELECT id, c FROM sbtest1 WHERE id BETWEEN 4595115 AND 4595215
	Index Scan using sbtest1_pkey on sbtest1  (cost=0.43..405.88 rows=101 width=125)
	  Index Cond: ((id >= 4595115) AND (id <= 4595215))

table 2 : explain SELECT id, c FROM sbtest2 WHERE id BETWEEN 4595115 AND 4595215
	Index Scan using sbtest2_pkey on sbtest2  (cost=0.43..436.96 rows=109 width=125)
	  Index Cond: ((id >= 4595115) AND (id <= 4595215))

table 3 : explain SELECT id, c FROM sbtest3 WHERE id BETWEEN 4595115 AND 4595215
	Index Scan using sbtest3_pkey on sbtest3  (cost=0.43..436.07 rows=109 width=125)
	  Index Cond: ((id >= 4595115) AND (id <= 4595215))

table 4 : explain SELECT id, c FROM sbtest4 WHERE id BETWEEN 4595115 AND 4595215
	Index Scan using sbtest4_pkey on sbtest4  (cost=0.43..392.22 rows=98 width=125)
	  Index Cond: ((id >= 4595115) AND (id <= 4595215))

table 5 : explain SELECT id, c FROM sbtest5 WHERE id BETWEEN 4595115 AND 4595215
	Index Scan using sbtest5_pkey on sbtest5  (cost=0.43..384.73 rows=96 width=125)
	  Index Cond: ((id >= 4595115) AND (id <= 4595215))

table 6 : explain SELECT id, c FROM sbtest6 WHERE id BETWEEN 4595115 AND 4595215
	Index Scan using sbtest6_pkey on sbtest6  (cost=0.43..407.94 rows=102 width=125)
	  Index Cond: ((id >= 4595115) AND (id <= 4595215))

table 7 : explain SELECT id, c FROM sbtest7 WHERE id BETWEEN 4595115 AND 4595215
	Index Scan using sbtest7_pkey on sbtest7  (cost=0.43..408.26 rows=102 width=125)
	  Index Cond: ((id >= 4595115) AND (id <= 4595215))

table 8 : explain SELECT id, c FROM sbtest8 WHERE id BETWEEN 4595115 AND 4595215
	Index Scan using sbtest8_pkey on sbtest8  (cost=0.43..414.65 rows=104 width=125)
	  Index Cond: ((id >= 4595115) AND (id <= 4595215))

explain: for range-notcovered :: explain SELECT id, c FROM sbtest%d WHERE id BETWEEN 4595115 AND 4595215
explain: for range-notcovered :: explain SELECT id, c FROM sbtest%d WHERE id BETWEEN 4184817 AND 4184917
for range-notcovered
table 1 : explain SELECT id, c FROM sbtest1 WHERE id BETWEEN 4108379 AND 4108479
	Index Scan using sbtest1_pkey on sbtest1  (cost=0.43..417.82 rows=104 width=125)
	  Index Cond: ((id >= 4108379) AND (id <= 4108479))

table 2 : explain SELECT id, c FROM sbtest2 WHERE id BETWEEN 4108379 AND 4108479
	Index Scan using sbtest2_pkey on sbtest2  (cost=0.43..409.19 rows=102 width=125)
	  Index Cond: ((id >= 4108379) AND (id <= 4108479))

table 3 : explain SELECT id, c FROM sbtest3 WHERE id BETWEEN 4108379 AND 4108479
	Index Scan using sbtest3_pkey on sbtest3  (cost=0.43..420.23 rows=105 width=125)
	  Index Cond: ((id >= 4108379) AND (id <= 4108479))

table 4 : explain SELECT id, c FROM sbtest4 WHERE id BETWEEN 4108379 AND 4108479
	Index Scan using sbtest4_pkey on sbtest4  (cost=0.43..412.00 rows=103 width=125)
	  Index Cond: ((id >= 4108379) AND (id <= 4108479))

table 5 : explain SELECT id, c FROM sbtest5 WHERE id BETWEEN 4108379 AND 4108479
	Index Scan using sbtest5_pkey on sbtest5  (cost=0.43..380.77 rows=95 width=125)
	  Index Cond: ((id >= 4108379) AND (id <= 4108479))

table 6 : explain SELECT id, c FROM sbtest6 WHERE id BETWEEN 4108379 AND 4108479
	Index Scan using sbtest6_pkey on sbtest6  (cost=0.43..407.94 rows=102 width=125)
	  Index Cond: ((id >= 4108379) AND (id <= 4108479))

table 7 : explain SELECT id, c FROM sbtest7 WHERE id BETWEEN 4108379 AND 4108479
	Index Scan using sbtest7_pkey on sbtest7  (cost=0.43..376.58 rows=94 width=125)
	  Index Cond: ((id >= 4108379) AND (id <= 4108479))

table 8 : explain SELECT id, c FROM sbtest8 WHERE id BETWEEN 4108379 AND 4108479
	Index Scan using sbtest8_pkey on sbtest8  (cost=0.43..383.08 rows=96 width=125)
	  Index Cond: ((id >= 4108379) AND (id <= 4108479))

explain: for range-notcovered :: explain SELECT id, c FROM sbtest%d WHERE id BETWEEN 4108379 AND 4108479
for range-notcovered
table 1 : explain SELECT id, c FROM sbtest1 WHERE id BETWEEN 5226550 AND 5226650
	Index Scan using sbtest1_pkey on sbtest1  (cost=0.43..362.17 rows=90 width=125)
	  Index Cond: ((id >= 5226550) AND (id <= 5226650))

table 2 : explain SELECT id, c FROM sbtest2 WHERE id BETWEEN 5226550 AND 5226650
	Index Scan using sbtest2_pkey on sbtest2  (cost=0.43..373.47 rows=93 width=125)
	  Index Cond: ((id >= 5226550) AND (id <= 5226650))

table 3 : explain SELECT id, c FROM sbtest3 WHERE id BETWEEN 5226550 AND 5226650
	Index Scan using sbtest3_pkey on sbtest3  (cost=0.43..412.32 rows=103 width=125)
	  Index Cond: ((id >= 5226550) AND (id <= 5226650))

table 4 : explain SELECT id, c FROM sbtest4 WHERE id BETWEEN 5226550 AND 5226650
	Index Scan using sbtest4_pkey on sbtest4  (cost=0.43..400.13 rows=100 width=125)
	  Index Cond: ((id >= 5226550) AND (id <= 5226650))

table 5 : explain SELECT id, c FROM sbtest5 WHERE id BETWEEN 5226550 AND 5226650
	Index Scan using sbtest5_pkey on sbtest5  (cost=0.43..408.51 rows=102 width=125)
	  Index Cond: ((id >= 5226550) AND (id <= 5226650))

table 6 : explain SELECT id, c FROM sbtest6 WHERE id BETWEEN 5226550 AND 5226650
	Index Scan using sbtest6_pkey on sbtest6  (cost=0.43..423.76 rows=106 width=125)
	  Index Cond: ((id >= 5226550) AND (id <= 5226650))

table 7 : explain SELECT id, c FROM sbtest7 WHERE id BETWEEN 5226550 AND 5226650
	Index Scan using sbtest7_pkey on sbtest7  (cost=0.43..420.14 rows=105 width=125)
	  Index Cond: ((id >= 5226550) AND (id <= 5226650))

table 8 : explain SELECT id, c FROM sbtest8 WHERE id BETWEEN 5226550 AND 5226650
	Index Scan using sbtest8_pkey on sbtest8  (cost=0.43..422.53 rows=106 width=125)
	  Index Cond: ((id >= 5226550) AND (id <= 5226650))

explain: for range-notcovered :: explain SELECT id, c FROM sbtest%d WHERE id BETWEEN 1635458 AND 1635558
for range-notcovered
table 1 : explain SELECT id, c FROM sbtest1 WHERE id BETWEEN 4595115 AND 4595215
	Index Scan using sbtest1_pkey on sbtest1  (cost=0.43..405.88 rows=101 width=125)
	  Index Cond: ((id >= 4595115) AND (id <= 4595215))

table 2 : explain SELECT id, c FROM sbtest2 WHERE id BETWEEN 4595115 AND 4595215
	Index Scan using sbtest2_pkey on sbtest2  (cost=0.43..436.96 rows=109 width=125)
	  Index Cond: ((id >= 4595115) AND (id <= 4595215))

table 3 : explain SELECT id, c FROM sbtest3 WHERE id BETWEEN 4595115 AND 4595215
	Index Scan using sbtest3_pkey on sbtest3  (cost=0.43..436.07 rows=109 width=125)
	  Index Cond: ((id >= 4595115) AND (id <= 4595215))

table 4 : explain SELECT id, c FROM sbtest4 WHERE id BETWEEN 4595115 AND 4595215
	Index Scan using sbtest4_pkey on sbtest4  (cost=0.43..392.22 rows=98 width=125)
	  Index Cond: ((id >= 4595115) AND (id <= 4595215))

table 5 : explain SELECT id, c FROM sbtest5 WHERE id BETWEEN 4595115 AND 4595215
	Index Scan using sbtest5_pkey on sbtest5  (cost=0.43..384.73 rows=96 width=125)
	  Index Cond: ((id >= 4595115) AND (id <= 4595215))

table 6 : explain SELECT id, c FROM sbtest6 WHERE id BETWEEN 4595115 AND 4595215
	Index Scan using sbtest6_pkey on sbtest6  (cost=0.43..407.94 rows=102 width=125)
	  Index Cond: ((id >= 4595115) AND (id <= 4595215))

table 7 : explain SELECT id, c FROM sbtest7 WHERE id BETWEEN 4595115 AND 4595215
	Index Scan using sbtest7_pkey on sbtest7  (cost=0.43..408.26 rows=102 width=125)
	  Index Cond: ((id >= 4595115) AND (id <= 4595215))

table 8 : explain SELECT id, c FROM sbtest8 WHERE id BETWEEN 4595115 AND 4595215
	Index Scan using sbtest8_pkey on sbtest8  (cost=0.43..414.65 rows=104 width=125)
	  Index Cond: ((id >= 4595115) AND (id <= 4595215))

explain: for range-notcovered :: explain SELECT id, c FROM sbtest%d WHERE id BETWEEN 4595115 AND 4595215
for range-notcovered
table 1 : explain SELECT id, c FROM sbtest1 WHERE id BETWEEN 4108379 AND 4108479
	Index Scan using sbtest1_pkey on sbtest1  (cost=0.43..417.82 rows=104 width=125)
	  Index Cond: ((id >= 4108379) AND (id <= 4108479))

table 2 : explain SELECT id, c FROM sbtest2 WHERE id BETWEEN 4108379 AND 4108479
	Index Scan using sbtest2_pkey on sbtest2  (cost=0.43..409.19 rows=102 width=125)
	  Index Cond: ((id >= 4108379) AND (id <= 4108479))

table 3 : explain SELECT id, c FROM sbtest3 WHERE id BETWEEN 4108379 AND 4108479
	Index Scan using sbtest3_pkey on sbtest3  (cost=0.43..420.23 rows=105 width=125)
	  Index Cond: ((id >= 4108379) AND (id <= 4108479))

table 4 : explain SELECT id, c FROM sbtest4 WHERE id BETWEEN 4108379 AND 4108479
	Index Scan using sbtest4_pkey on sbtest4  (cost=0.43..412.00 rows=103 width=125)
	  Index Cond: ((id >= 4108379) AND (id <= 4108479))

table 5 : explain SELECT id, c FROM sbtest5 WHERE id BETWEEN 4108379 AND 4108479
	Index Scan using sbtest5_pkey on sbtest5  (cost=0.43..380.77 rows=95 width=125)
	  Index Cond: ((id >= 4108379) AND (id <= 4108479))

table 6 : explain SELECT id, c FROM sbtest6 WHERE id BETWEEN 4108379 AND 4108479
	Index Scan using sbtest6_pkey on sbtest6  (cost=0.43..407.94 rows=102 width=125)
	  Index Cond: ((id >= 4108379) AND (id <= 4108479))

table 7 : explain SELECT id, c FROM sbtest7 WHERE id BETWEEN 4108379 AND 4108479
	Index Scan using sbtest7_pkey on sbtest7  (cost=0.43..376.58 rows=94 width=125)
	  Index Cond: ((id >= 4108379) AND (id <= 4108479))

table 8 : explain SELECT id, c FROM sbtest8 WHERE id BETWEEN 4108379 AND 4108479
	Index Scan using sbtest8_pkey on sbtest8  (cost=0.43..383.08 rows=96 width=125)
	  Index Cond: ((id >= 4108379) AND (id <= 4108479))

explain: for range-notcovered :: explain SELECT id, c FROM sbtest%d WHERE id BETWEEN 4108379 AND 4108479
explain: for range-notcovered :: explain SELECT id, c FROM sbtest%d WHERE id BETWEEN 4942920 AND 4943020
for range-notcovered
table 1 : explain SELECT id, c FROM sbtest1 WHERE id BETWEEN 7585742 AND 7585842
	Index Scan using sbtest1_pkey on sbtest1  (cost=0.43..405.88 rows=101 width=125)
	  Index Cond: ((id >= 7585742) AND (id <= 7585842))

table 2 : explain SELECT id, c FROM sbtest2 WHERE id BETWEEN 7585742 AND 7585842
	Index Scan using sbtest2_pkey on sbtest2  (cost=0.43..444.89 rows=111 width=125)
	  Index Cond: ((id >= 7585742) AND (id <= 7585842))

table 3 : explain SELECT id, c FROM sbtest3 WHERE id BETWEEN 7585742 AND 7585842
	Index Scan using sbtest3_pkey on sbtest3  (cost=0.43..412.32 rows=103 width=125)
	  Index Cond: ((id >= 7585742) AND (id <= 7585842))

table 4 : explain SELECT id, c FROM sbtest4 WHERE id BETWEEN 7585742 AND 7585842
	Index Scan using sbtest4_pkey on sbtest4  (cost=0.43..408.04 rows=102 width=125)
	  Index Cond: ((id >= 7585742) AND (id <= 7585842))

table 5 : explain SELECT id, c FROM sbtest5 WHERE id BETWEEN 7585742 AND 7585842
	Index Scan using sbtest5_pkey on sbtest5  (cost=0.43..424.35 rows=106 width=125)
	  Index Cond: ((id >= 7585742) AND (id <= 7585842))

table 6 : explain SELECT id, c FROM sbtest6 WHERE id BETWEEN 7585742 AND 7585842
	Index Scan using sbtest6_pkey on sbtest6  (cost=0.43..403.98 rows=101 width=125)
	  Index Cond: ((id >= 7585742) AND (id <= 7585842))

table 7 : explain SELECT id, c FROM sbtest7 WHERE id BETWEEN 7585742 AND 7585842
	Index Scan using sbtest7_pkey on sbtest7  (cost=0.43..424.10 rows=106 width=125)
	  Index Cond: ((id >= 7585742) AND (id <= 7585842))

table 8 : explain SELECT id, c FROM sbtest8 WHERE id BETWEEN 7585742 AND 7585842
	Index Scan using sbtest8_pkey on sbtest8  (cost=0.43..390.99 rows=98 width=125)
	  Index Cond: ((id >= 7585742) AND (id <= 7585842))

explain: for range-notcovered :: explain SELECT id, c FROM sbtest%d WHERE id BETWEEN 7585742 AND 7585842
for range-notcovered
table 1 : explain SELECT id, c FROM sbtest1 WHERE id BETWEEN 4078454 AND 4078554
	Index Scan using sbtest1_pkey on sbtest1  (cost=0.43..417.82 rows=104 width=125)
	  Index Cond: ((id >= 4078454) AND (id <= 4078554))

table 2 : explain SELECT id, c FROM sbtest2 WHERE id BETWEEN 4078454 AND 4078554
	Index Scan using sbtest2_pkey on sbtest2  (cost=0.43..409.19 rows=102 width=125)
	  Index Cond: ((id >= 4078454) AND (id <= 4078554))

table 3 : explain SELECT id, c FROM sbtest3 WHERE id BETWEEN 4078454 AND 4078554
	Index Scan using sbtest3_pkey on sbtest3  (cost=0.43..380.63 rows=95 width=125)
	  Index Cond: ((id >= 4078454) AND (id <= 4078554))

table 4 : explain SELECT id, c FROM sbtest4 WHERE id BETWEEN 4078454 AND 4078554
	Index Scan using sbtest4_pkey on sbtest4  (cost=0.43..427.82 rows=107 width=125)
	  Index Cond: ((id >= 4078454) AND (id <= 4078554))

table 5 : explain SELECT id, c FROM sbtest5 WHERE id BETWEEN 4078454 AND 4078554
	Index Scan using sbtest5_pkey on sbtest5  (cost=0.43..380.77 rows=95 width=125)
	  Index Cond: ((id >= 4078454) AND (id <= 4078554))

table 6 : explain SELECT id, c FROM sbtest6 WHERE id BETWEEN 4078454 AND 4078554
	Index Scan using sbtest6_pkey on sbtest6  (cost=0.43..407.94 rows=102 width=125)
	  Index Cond: ((id >= 4078454) AND (id <= 4078554))

table 7 : explain SELECT id, c FROM sbtest7 WHERE id BETWEEN 4078454 AND 4078554
	Index Scan using sbtest7_pkey on sbtest7  (cost=0.43..396.39 rows=99 width=125)
	  Index Cond: ((id >= 4078454) AND (id <= 4078554))

table 8 : explain SELECT id, c FROM sbtest8 WHERE id BETWEEN 4078454 AND 4078554
	Index Scan using sbtest8_pkey on sbtest8  (cost=0.43..402.82 rows=101 width=125)
	  Index Cond: ((id >= 4078454) AND (id <= 4078554))

explain: for range-notcovered :: explain SELECT id, c FROM sbtest%d WHERE id BETWEEN 4078454 AND 4078554
for range-notcovered
table 1 : explain SELECT id, c FROM sbtest1 WHERE id BETWEEN 4595115 AND 4595215
	Index Scan using sbtest1_pkey on sbtest1  (cost=0.43..405.88 rows=101 width=125)
	  Index Cond: ((id >= 4595115) AND (id <= 4595215))

table 2 : explain SELECT id, c FROM sbtest2 WHERE id BETWEEN 4595115 AND 4595215
	Index Scan using sbtest2_pkey on sbtest2  (cost=0.43..436.96 rows=109 width=125)
	  Index Cond: ((id >= 4595115) AND (id <= 4595215))

table 3 : explain SELECT id, c FROM sbtest3 WHERE id BETWEEN 4595115 AND 4595215
	Index Scan using sbtest3_pkey on sbtest3  (cost=0.43..436.07 rows=109 width=125)
	  Index Cond: ((id >= 4595115) AND (id <= 4595215))

table 4 : explain SELECT id, c FROM sbtest4 WHERE id BETWEEN 4595115 AND 4595215
	Index Scan using sbtest4_pkey on sbtest4  (cost=0.43..392.22 rows=98 width=125)
	  Index Cond: ((id >= 4595115) AND (id <= 4595215))

table 5 : explain SELECT id, c FROM sbtest5 WHERE id BETWEEN 4595115 AND 4595215
	Index Scan using sbtest5_pkey on sbtest5  (cost=0.43..384.73 rows=96 width=125)
	  Index Cond: ((id >= 4595115) AND (id <= 4595215))

table 6 : explain SELECT id, c FROM sbtest6 WHERE id BETWEEN 4595115 AND 4595215
	Index Scan using sbtest6_pkey on sbtest6  (cost=0.43..407.94 rows=102 width=125)
	  Index Cond: ((id >= 4595115) AND (id <= 4595215))

table 7 : explain SELECT id, c FROM sbtest7 WHERE id BETWEEN 4595115 AND 4595215
	Index Scan using sbtest7_pkey on sbtest7  (cost=0.43..408.26 rows=102 width=125)
	  Index Cond: ((id >= 4595115) AND (id <= 4595215))

table 8 : explain SELECT id, c FROM sbtest8 WHERE id BETWEEN 4595115 AND 4595215
	Index Scan using sbtest8_pkey on sbtest8  (cost=0.43..414.65 rows=104 width=125)
	  Index Cond: ((id >= 4595115) AND (id <= 4595215))

explain: for range-notcovered :: explain SELECT id, c FROM sbtest%d WHERE id BETWEEN 4595115 AND 4595215
for range-notcovered
table 1 : explain SELECT id, c FROM sbtest1 WHERE id BETWEEN 4942920 AND 4943020
	Index Scan using sbtest1_pkey on sbtest1  (cost=0.43..425.77 rows=106 width=125)
	  Index Cond: ((id >= 4942920) AND (id <= 4943020))

table 2 : explain SELECT id, c FROM sbtest2 WHERE id BETWEEN 4942920 AND 4943020
	Index Scan using sbtest2_pkey on sbtest2  (cost=0.43..440.92 rows=110 width=125)
	  Index Cond: ((id >= 4942920) AND (id <= 4943020))

table 3 : explain SELECT id, c FROM sbtest3 WHERE id BETWEEN 4942920 AND 4943020
	Index Scan using sbtest3_pkey on sbtest3  (cost=0.43..396.47 rows=99 width=125)
	  Index Cond: ((id >= 4942920) AND (id <= 4943020))

table 4 : explain SELECT id, c FROM sbtest4 WHERE id BETWEEN 4942920 AND 4943020
	Index Scan using sbtest4_pkey on sbtest4  (cost=0.43..427.82 rows=107 width=125)
	  Index Cond: ((id >= 4942920) AND (id <= 4943020))

table 5 : explain SELECT id, c FROM sbtest5 WHERE id BETWEEN 4942920 AND 4943020
	Index Scan using sbtest5_pkey on sbtest5  (cost=0.43..404.54 rows=101 width=125)
	  Index Cond: ((id >= 4942920) AND (id <= 4943020))

table 6 : explain SELECT id, c FROM sbtest6 WHERE id BETWEEN 4942920 AND 4943020
	Index Scan using sbtest6_pkey on sbtest6  (cost=0.43..400.03 rows=100 width=125)
	  Index Cond: ((id >= 4942920) AND (id <= 4943020))

table 7 : explain SELECT id, c FROM sbtest7 WHERE id BETWEEN 4942920 AND 4943020
	Index Scan using sbtest7_pkey on sbtest7  (cost=0.43..428.05 rows=107 width=125)
	  Index Cond: ((id >= 4942920) AND (id <= 4943020))

table 8 : explain SELECT id, c FROM sbtest8 WHERE id BETWEEN 4942920 AND 4943020
	Index Scan using sbtest8_pkey on sbtest8  (cost=0.43..406.76 rows=102 width=125)
	  Index Cond: ((id >= 4942920) AND (id <= 4943020))

explain: for range-notcovered :: explain SELECT id, c FROM sbtest%d WHERE id BETWEEN 4942920 AND 4943020
for range-notcovered
table 1 : explain SELECT id, c FROM sbtest1 WHERE id BETWEEN 7585742 AND 7585842
	Index Scan using sbtest1_pkey on sbtest1  (cost=0.43..405.88 rows=101 width=125)
	  Index Cond: ((id >= 7585742) AND (id <= 7585842))

table 2 : explain SELECT id, c FROM sbtest2 WHERE id BETWEEN 7585742 AND 7585842
	Index Scan using sbtest2_pkey on sbtest2  (cost=0.43..444.89 rows=111 width=125)
	  Index Cond: ((id >= 7585742) AND (id <= 7585842))

table 3 : explain SELECT id, c FROM sbtest3 WHERE id BETWEEN 7585742 AND 7585842
	Index Scan using sbtest3_pkey on sbtest3  (cost=0.43..412.32 rows=103 width=125)
	  Index Cond: ((id >= 7585742) AND (id <= 7585842))

table 4 : explain SELECT id, c FROM sbtest4 WHERE id BETWEEN 7585742 AND 7585842
	Index Scan using sbtest4_pkey on sbtest4  (cost=0.43..408.04 rows=102 width=125)
	  Index Cond: ((id >= 7585742) AND (id <= 7585842))

table 5 : explain SELECT id, c FROM sbtest5 WHERE id BETWEEN 7585742 AND 7585842
	Index Scan using sbtest5_pkey on sbtest5  (cost=0.43..424.35 rows=106 width=125)
	  Index Cond: ((id >= 7585742) AND (id <= 7585842))

table 6 : explain SELECT id, c FROM sbtest6 WHERE id BETWEEN 7585742 AND 7585842
	Index Scan using sbtest6_pkey on sbtest6  (cost=0.43..403.98 rows=101 width=125)
	  Index Cond: ((id >= 7585742) AND (id <= 7585842))

table 7 : explain SELECT id, c FROM sbtest7 WHERE id BETWEEN 7585742 AND 7585842
	Index Scan using sbtest7_pkey on sbtest7  (cost=0.43..424.10 rows=106 width=125)
	  Index Cond: ((id >= 7585742) AND (id <= 7585842))

table 8 : explain SELECT id, c FROM sbtest8 WHERE id BETWEEN 7585742 AND 7585842
	Index Scan using sbtest8_pkey on sbtest8  (cost=0.43..390.99 rows=98 width=125)
	  Index Cond: ((id >= 7585742) AND (id <= 7585842))

for range-notcovered
table 1 : explain SELECT id, c FROM sbtest1 WHERE id BETWEEN 4078454 AND 4078554
	Index Scan using sbtest1_pkey on sbtest1  (cost=0.43..417.82 rows=104 width=125)
	  Index Cond: ((id >= 4078454) AND (id <= 4078554))

table 2 : explain SELECT id, c FROM sbtest2 WHERE id BETWEEN 4078454 AND 4078554
	Index Scan using sbtest2_pkey on sbtest2  (cost=0.43..409.19 rows=102 width=125)
	  Index Cond: ((id >= 4078454) AND (id <= 4078554))

table 3 : explain SELECT id, c FROM sbtest3 WHERE id BETWEEN 4078454 AND 4078554
	Index Scan using sbtest3_pkey on sbtest3  (cost=0.43..380.63 rows=95 width=125)
	  Index Cond: ((id >= 4078454) AND (id <= 4078554))

table 4 : explain SELECT id, c FROM sbtest4 WHERE id BETWEEN 4078454 AND 4078554
	Index Scan using sbtest4_pkey on sbtest4  (cost=0.43..427.82 rows=107 width=125)
	  Index Cond: ((id >= 4078454) AND (id <= 4078554))

table 5 : explain SELECT id, c FROM sbtest5 WHERE id BETWEEN 4078454 AND 4078554
	Index Scan using sbtest5_pkey on sbtest5  (cost=0.43..380.77 rows=95 width=125)
	  Index Cond: ((id >= 4078454) AND (id <= 4078554))

table 6 : explain SELECT id, c FROM sbtest6 WHERE id BETWEEN 4078454 AND 4078554
	Index Scan using sbtest6_pkey on sbtest6  (cost=0.43..407.94 rows=102 width=125)
	  Index Cond: ((id >= 4078454) AND (id <= 4078554))

table 7 : explain SELECT id, c FROM sbtest7 WHERE id BETWEEN 4078454 AND 4078554
	Index Scan using sbtest7_pkey on sbtest7  (cost=0.43..396.39 rows=99 width=125)
	  Index Cond: ((id >= 4078454) AND (id <= 4078554))

table 8 : explain SELECT id, c FROM sbtest8 WHERE id BETWEEN 4078454 AND 4078554
	Index Scan using sbtest8_pkey on sbtest8  (cost=0.43..402.82 rows=101 width=125)
	  Index Cond: ((id >= 4078454) AND (id <= 4078554))

explain: for range-notcovered :: explain SELECT id, c FROM sbtest%d WHERE id BETWEEN 7585742 AND 7585842
explain: for range-notcovered :: explain SELECT id, c FROM sbtest%d WHERE id BETWEEN 4078454 AND 4078554
for range-notcovered
table 1 : explain SELECT id, c FROM sbtest1 WHERE id BETWEEN 4595115 AND 4595215
	Index Scan using sbtest1_pkey on sbtest1  (cost=0.43..405.88 rows=101 width=125)
	  Index Cond: ((id >= 4595115) AND (id <= 4595215))

table 2 : explain SELECT id, c FROM sbtest2 WHERE id BETWEEN 4595115 AND 4595215
	Index Scan using sbtest2_pkey on sbtest2  (cost=0.43..436.96 rows=109 width=125)
	  Index Cond: ((id >= 4595115) AND (id <= 4595215))

table 3 : explain SELECT id, c FROM sbtest3 WHERE id BETWEEN 4595115 AND 4595215
	Index Scan using sbtest3_pkey on sbtest3  (cost=0.43..436.07 rows=109 width=125)
	  Index Cond: ((id >= 4595115) AND (id <= 4595215))

table 4 : explain SELECT id, c FROM sbtest4 WHERE id BETWEEN 4595115 AND 4595215
	Index Scan using sbtest4_pkey on sbtest4  (cost=0.43..392.22 rows=98 width=125)
	  Index Cond: ((id >= 4595115) AND (id <= 4595215))

table 5 : explain SELECT id, c FROM sbtest5 WHERE id BETWEEN 4595115 AND 4595215
	Index Scan using sbtest5_pkey on sbtest5  (cost=0.43..384.73 rows=96 width=125)
	  Index Cond: ((id >= 4595115) AND (id <= 4595215))

table 6 : explain SELECT id, c FROM sbtest6 WHERE id BETWEEN 4595115 AND 4595215
	Index Scan using sbtest6_pkey on sbtest6  (cost=0.43..407.94 rows=102 width=125)
	  Index Cond: ((id >= 4595115) AND (id <= 4595215))

table 7 : explain SELECT id, c FROM sbtest7 WHERE id BETWEEN 4595115 AND 4595215
	Index Scan using sbtest7_pkey on sbtest7  (cost=0.43..408.26 rows=102 width=125)
	  Index Cond: ((id >= 4595115) AND (id <= 4595215))

table 8 : explain SELECT id, c FROM sbtest8 WHERE id BETWEEN 4595115 AND 4595215
	Index Scan using sbtest8_pkey on sbtest8  (cost=0.43..414.65 rows=104 width=125)
	  Index Cond: ((id >= 4595115) AND (id <= 4595215))

explain: for range-notcovered :: explain SELECT id, c FROM sbtest%d WHERE id BETWEEN 4595115 AND 4595215
for range-notcovered
table 1 : explain SELECT id, c FROM sbtest1 WHERE id BETWEEN 4942920 AND 4943020
	Index Scan using sbtest1_pkey on sbtest1  (cost=0.43..425.77 rows=106 width=125)
	  Index Cond: ((id >= 4942920) AND (id <= 4943020))

table 2 : explain SELECT id, c FROM sbtest2 WHERE id BETWEEN 4942920 AND 4943020
	Index Scan using sbtest2_pkey on sbtest2  (cost=0.43..440.92 rows=110 width=125)
	  Index Cond: ((id >= 4942920) AND (id <= 4943020))

table 3 : explain SELECT id, c FROM sbtest3 WHERE id BETWEEN 4942920 AND 4943020
	Index Scan using sbtest3_pkey on sbtest3  (cost=0.43..396.47 rows=99 width=125)
	  Index Cond: ((id >= 4942920) AND (id <= 4943020))

table 4 : explain SELECT id, c FROM sbtest4 WHERE id BETWEEN 4942920 AND 4943020
	Index Scan using sbtest4_pkey on sbtest4  (cost=0.43..427.82 rows=107 width=125)
	  Index Cond: ((id >= 4942920) AND (id <= 4943020))

table 5 : explain SELECT id, c FROM sbtest5 WHERE id BETWEEN 4942920 AND 4943020
	Index Scan using sbtest5_pkey on sbtest5  (cost=0.43..404.54 rows=101 width=125)
	  Index Cond: ((id >= 4942920) AND (id <= 4943020))

table 6 : explain SELECT id, c FROM sbtest6 WHERE id BETWEEN 4942920 AND 4943020
	Index Scan using sbtest6_pkey on sbtest6  (cost=0.43..400.03 rows=100 width=125)
	  Index Cond: ((id >= 4942920) AND (id <= 4943020))

table 7 : explain SELECT id, c FROM sbtest7 WHERE id BETWEEN 4942920 AND 4943020
	Index Scan using sbtest7_pkey on sbtest7  (cost=0.43..428.05 rows=107 width=125)
	  Index Cond: ((id >= 4942920) AND (id <= 4943020))

table 8 : explain SELECT id, c FROM sbtest8 WHERE id BETWEEN 4942920 AND 4943020
	Index Scan using sbtest8_pkey on sbtest8  (cost=0.43..406.76 rows=102 width=125)
	  Index Cond: ((id >= 4942920) AND (id <= 4943020))

explain: for range-notcovered :: explain SELECT id, c FROM sbtest%d WHERE id BETWEEN 4942920 AND 4943020
explain: for range-notcovered :: explain SELECT id, c FROM sbtest%d WHERE id BETWEEN 5569473 AND 5569573
for range-notcovered
table 1 : explain SELECT id, c FROM sbtest1 WHERE id BETWEEN 4078454 AND 4078554
	Index Scan using sbtest1_pkey on sbtest1  (cost=0.43..417.82 rows=104 width=125)
	  Index Cond: ((id >= 4078454) AND (id <= 4078554))

table 2 : explain SELECT id, c FROM sbtest2 WHERE id BETWEEN 4078454 AND 4078554
	Index Scan using sbtest2_pkey on sbtest2  (cost=0.43..409.19 rows=102 width=125)
	  Index Cond: ((id >= 4078454) AND (id <= 4078554))

table 3 : explain SELECT id, c FROM sbtest3 WHERE id BETWEEN 4078454 AND 4078554
	Index Scan using sbtest3_pkey on sbtest3  (cost=0.43..380.63 rows=95 width=125)
	  Index Cond: ((id >= 4078454) AND (id <= 4078554))

table 4 : explain SELECT id, c FROM sbtest4 WHERE id BETWEEN 4078454 AND 4078554
	Index Scan using sbtest4_pkey on sbtest4  (cost=0.43..427.82 rows=107 width=125)
	  Index Cond: ((id >= 4078454) AND (id <= 4078554))

table 5 : explain SELECT id, c FROM sbtest5 WHERE id BETWEEN 4078454 AND 4078554
	Index Scan using sbtest5_pkey on sbtest5  (cost=0.43..380.77 rows=95 width=125)
	  Index Cond: ((id >= 4078454) AND (id <= 4078554))

table 6 : explain SELECT id, c FROM sbtest6 WHERE id BETWEEN 4078454 AND 4078554
	Index Scan using sbtest6_pkey on sbtest6  (cost=0.43..407.94 rows=102 width=125)
	  Index Cond: ((id >= 4078454) AND (id <= 4078554))

table 7 : explain SELECT id, c FROM sbtest7 WHERE id BETWEEN 4078454 AND 4078554
	Index Scan using sbtest7_pkey on sbtest7  (cost=0.43..396.39 rows=99 width=125)
	  Index Cond: ((id >= 4078454) AND (id <= 4078554))

table 8 : explain SELECT id, c FROM sbtest8 WHERE id BETWEEN 4078454 AND 4078554
	Index Scan using sbtest8_pkey on sbtest8  (cost=0.43..402.82 rows=101 width=125)
	  Index Cond: ((id >= 4078454) AND (id <= 4078554))

explain: for range-notcovered :: explain SELECT id, c FROM sbtest%d WHERE id BETWEEN 4078454 AND 4078554
for range-notcovered
table 1 : explain SELECT id, c FROM sbtest1 WHERE id BETWEEN 4595115 AND 4595215
	Index Scan using sbtest1_pkey on sbtest1  (cost=0.43..405.88 rows=101 width=125)
	  Index Cond: ((id >= 4595115) AND (id <= 4595215))

table 2 : explain SELECT id, c FROM sbtest2 WHERE id BETWEEN 4595115 AND 4595215
	Index Scan using sbtest2_pkey on sbtest2  (cost=0.43..436.96 rows=109 width=125)
	  Index Cond: ((id >= 4595115) AND (id <= 4595215))

table 3 : explain SELECT id, c FROM sbtest3 WHERE id BETWEEN 4595115 AND 4595215
	Index Scan using sbtest3_pkey on sbtest3  (cost=0.43..436.07 rows=109 width=125)
	  Index Cond: ((id >= 4595115) AND (id <= 4595215))

table 4 : explain SELECT id, c FROM sbtest4 WHERE id BETWEEN 4595115 AND 4595215
	Index Scan using sbtest4_pkey on sbtest4  (cost=0.43..392.22 rows=98 width=125)
	  Index Cond: ((id >= 4595115) AND (id <= 4595215))

table 5 : explain SELECT id, c FROM sbtest5 WHERE id BETWEEN 4595115 AND 4595215
	Index Scan using sbtest5_pkey on sbtest5  (cost=0.43..384.73 rows=96 width=125)
	  Index Cond: ((id >= 4595115) AND (id <= 4595215))

table 6 : explain SELECT id, c FROM sbtest6 WHERE id BETWEEN 4595115 AND 4595215
	Index Scan using sbtest6_pkey on sbtest6  (cost=0.43..407.94 rows=102 width=125)
	  Index Cond: ((id >= 4595115) AND (id <= 4595215))

table 7 : explain SELECT id, c FROM sbtest7 WHERE id BETWEEN 4595115 AND 4595215
	Index Scan using sbtest7_pkey on sbtest7  (cost=0.43..408.26 rows=102 width=125)
	  Index Cond: ((id >= 4595115) AND (id <= 4595215))

table 8 : explain SELECT id, c FROM sbtest8 WHERE id BETWEEN 4595115 AND 4595215
	Index Scan using sbtest8_pkey on sbtest8  (cost=0.43..414.65 rows=104 width=125)
	  Index Cond: ((id >= 4595115) AND (id <= 4595215))

explain: for range-notcovered :: explain SELECT id, c FROM sbtest%d WHERE id BETWEEN 4595115 AND 4595215
for range-notcovered
table 1 : explain SELECT id, c FROM sbtest1 WHERE id BETWEEN 4184817 AND 4184917
	Index Scan using sbtest1_pkey on sbtest1  (cost=0.43..409.87 rows=102 width=125)
	  Index Cond: ((id >= 4184817) AND (id <= 4184917))

table 2 : explain SELECT id, c FROM sbtest2 WHERE id BETWEEN 4184817 AND 4184917
	Index Scan using sbtest2_pkey on sbtest2  (cost=0.43..409.19 rows=102 width=125)
	  Index Cond: ((id >= 4184817) AND (id <= 4184917))

table 3 : explain SELECT id, c FROM sbtest3 WHERE id BETWEEN 4184817 AND 4184917
	Index Scan using sbtest3_pkey on sbtest3  (cost=0.43..420.23 rows=105 width=125)
	  Index Cond: ((id >= 4184817) AND (id <= 4184917))

table 4 : explain SELECT id, c FROM sbtest4 WHERE id BETWEEN 4184817 AND 4184917
	Index Scan using sbtest4_pkey on sbtest4  (cost=0.43..412.00 rows=103 width=125)
	  Index Cond: ((id >= 4184817) AND (id <= 4184917))

table 5 : explain SELECT id, c FROM sbtest5 WHERE id BETWEEN 4184817 AND 4184917
	Index Scan using sbtest5_pkey on sbtest5  (cost=0.43..420.39 rows=105 width=125)
	  Index Cond: ((id >= 4184817) AND (id <= 4184917))

table 6 : explain SELECT id, c FROM sbtest6 WHERE id BETWEEN 4184817 AND 4184917
	Index Scan using sbtest6_pkey on sbtest6  (cost=0.43..403.98 rows=101 width=125)
	  Index Cond: ((id >= 4184817) AND (id <= 4184917))

table 7 : explain SELECT id, c FROM sbtest7 WHERE id BETWEEN 4184817 AND 4184917
	Index Scan using sbtest7_pkey on sbtest7  (cost=0.43..376.58 rows=94 width=125)
	  Index Cond: ((id >= 4184817) AND (id <= 4184917))

table 8 : explain SELECT id, c FROM sbtest8 WHERE id BETWEEN 4184817 AND 4184917
	Index Scan using sbtest8_pkey on sbtest8  (cost=0.43..383.08 rows=96 width=125)
	  Index Cond: ((id >= 4184817) AND (id <= 4184917))

explain: for range-notcovered :: explain SELECT id, c FROM sbtest%d WHERE id BETWEEN 4184817 AND 4184917
explain: for range-notcovered :: explain SELECT id, c FROM sbtest%d WHERE id BETWEEN 5416942 AND 5417042
for range-notcovered
table 1 : explain SELECT id, c FROM sbtest1 WHERE id BETWEEN 5218895 AND 5218995
	Index Scan using sbtest1_pkey on sbtest1  (cost=0.43..362.17 rows=90 width=125)
	  Index Cond: ((id >= 5218895) AND (id <= 5218995))

table 2 : explain SELECT id, c FROM sbtest2 WHERE id BETWEEN 5218895 AND 5218995
	Index Scan using sbtest2_pkey on sbtest2  (cost=0.43..373.47 rows=93 width=125)
	  Index Cond: ((id >= 5218895) AND (id <= 5218995))

table 3 : explain SELECT id, c FROM sbtest3 WHERE id BETWEEN 5218895 AND 5218995
	Index Scan using sbtest3_pkey on sbtest3  (cost=0.43..412.32 rows=103 width=125)
	  Index Cond: ((id >= 5218895) AND (id <= 5218995))

table 4 : explain SELECT id, c FROM sbtest4 WHERE id BETWEEN 5218895 AND 5218995
	Index Scan using sbtest4_pkey on sbtest4  (cost=0.43..400.13 rows=100 width=125)
	  Index Cond: ((id >= 5218895) AND (id <= 5218995))

table 5 : explain SELECT id, c FROM sbtest5 WHERE id BETWEEN 5218895 AND 5218995
	Index Scan using sbtest5_pkey on sbtest5  (cost=0.43..408.51 rows=102 width=125)
	  Index Cond: ((id >= 5218895) AND (id <= 5218995))

table 6 : explain SELECT id, c FROM sbtest6 WHERE id BETWEEN 5218895 AND 5218995
	Index Scan using sbtest6_pkey on sbtest6  (cost=0.43..388.15 rows=97 width=125)
	  Index Cond: ((id >= 5218895) AND (id <= 5218995))

table 7 : explain SELECT id, c FROM sbtest7 WHERE id BETWEEN 5218895 AND 5218995
	Index Scan using sbtest7_pkey on sbtest7  (cost=0.43..420.14 rows=105 width=125)
	  Index Cond: ((id >= 5218895) AND (id <= 5218995))

table 8 : explain SELECT id, c FROM sbtest8 WHERE id BETWEEN 5218895 AND 5218995
	Index Scan using sbtest8_pkey on sbtest8  (cost=0.43..367.31 rows=92 width=125)
	  Index Cond: ((id >= 5218895) AND (id <= 5218995))

for range-notcovered
table 1 : explain SELECT id, c FROM sbtest1 WHERE id BETWEEN 4942920 AND 4943020
	Index Scan using sbtest1_pkey on sbtest1  (cost=0.43..425.77 rows=106 width=125)
	  Index Cond: ((id >= 4942920) AND (id <= 4943020))

table 2 : explain SELECT id, c FROM sbtest2 WHERE id BETWEEN 4942920 AND 4943020
	Index Scan using sbtest2_pkey on sbtest2  (cost=0.43..440.92 rows=110 width=125)
	  Index Cond: ((id >= 4942920) AND (id <= 4943020))

table 3 : explain SELECT id, c FROM sbtest3 WHERE id BETWEEN 4942920 AND 4943020
	Index Scan using sbtest3_pkey on sbtest3  (cost=0.43..396.47 rows=99 width=125)
	  Index Cond: ((id >= 4942920) AND (id <= 4943020))

table 4 : explain SELECT id, c FROM sbtest4 WHERE id BETWEEN 4942920 AND 4943020
	Index Scan using sbtest4_pkey on sbtest4  (cost=0.43..427.82 rows=107 width=125)
	  Index Cond: ((id >= 4942920) AND (id <= 4943020))

table 5 : explain SELECT id, c FROM sbtest5 WHERE id BETWEEN 4942920 AND 4943020
	Index Scan using sbtest5_pkey on sbtest5  (cost=0.43..404.54 rows=101 width=125)
	  Index Cond: ((id >= 4942920) AND (id <= 4943020))

table 6 : explain SELECT id, c FROM sbtest6 WHERE id BETWEEN 4942920 AND 4943020
	Index Scan using sbtest6_pkey on sbtest6  (cost=0.43..400.03 rows=100 width=125)
	  Index Cond: ((id >= 4942920) AND (id <= 4943020))

table 7 : explain SELECT id, c FROM sbtest7 WHERE id BETWEEN 4942920 AND 4943020
	Index Scan using sbtest7_pkey on sbtest7  (cost=0.43..428.05 rows=107 width=125)
	  Index Cond: ((id >= 4942920) AND (id <= 4943020))

table 8 : explain SELECT id, c FROM sbtest8 WHERE id BETWEEN 4942920 AND 4943020
	Index Scan using sbtest8_pkey on sbtest8  (cost=0.43..406.76 rows=102 width=125)
	  Index Cond: ((id >= 4942920) AND (id <= 4943020))

explain: for range-notcovered :: explain SELECT id, c FROM sbtest%d WHERE id BETWEEN 4942920 AND 4943020
explain: for range-notcovered :: explain SELECT id, c FROM sbtest%d WHERE id BETWEEN 9121698 AND 9121798
for range-notcovered
table 1 : explain SELECT id, c FROM sbtest1 WHERE id BETWEEN 4078454 AND 4078554
	Index Scan using sbtest1_pkey on sbtest1  (cost=0.43..417.82 rows=104 width=125)
	  Index Cond: ((id >= 4078454) AND (id <= 4078554))

table 2 : explain SELECT id, c FROM sbtest2 WHERE id BETWEEN 4078454 AND 4078554
	Index Scan using sbtest2_pkey on sbtest2  (cost=0.43..409.19 rows=102 width=125)
	  Index Cond: ((id >= 4078454) AND (id <= 4078554))

table 3 : explain SELECT id, c FROM sbtest3 WHERE id BETWEEN 4078454 AND 4078554
	Index Scan using sbtest3_pkey on sbtest3  (cost=0.43..380.63 rows=95 width=125)
	  Index Cond: ((id >= 4078454) AND (id <= 4078554))

table 4 : explain SELECT id, c FROM sbtest4 WHERE id BETWEEN 4078454 AND 4078554
	Index Scan using sbtest4_pkey on sbtest4  (cost=0.43..427.82 rows=107 width=125)
	  Index Cond: ((id >= 4078454) AND (id <= 4078554))

table 5 : explain SELECT id, c FROM sbtest5 WHERE id BETWEEN 4078454 AND 4078554
	Index Scan using sbtest5_pkey on sbtest5  (cost=0.43..380.77 rows=95 width=125)
	  Index Cond: ((id >= 4078454) AND (id <= 4078554))

table 6 : explain SELECT id, c FROM sbtest6 WHERE id BETWEEN 4078454 AND 4078554
	Index Scan using sbtest6_pkey on sbtest6  (cost=0.43..407.94 rows=102 width=125)
	  Index Cond: ((id >= 4078454) AND (id <= 4078554))

table 7 : explain SELECT id, c FROM sbtest7 WHERE id BETWEEN 4078454 AND 4078554
	Index Scan using sbtest7_pkey on sbtest7  (cost=0.43..396.39 rows=99 width=125)
	  Index Cond: ((id >= 4078454) AND (id <= 4078554))

table 8 : explain SELECT id, c FROM sbtest8 WHERE id BETWEEN 4078454 AND 4078554
	Index Scan using sbtest8_pkey on sbtest8  (cost=0.43..402.82 rows=101 width=125)
	  Index Cond: ((id >= 4078454) AND (id <= 4078554))

explain: for range-notcovered :: explain SELECT id, c FROM sbtest%d WHERE id BETWEEN 3491802 AND 3491902
for range-notcovered
table 1 : explain SELECT id, c FROM sbtest1 WHERE id BETWEEN 1635458 AND 1635558
	Index Scan using sbtest1_pkey on sbtest1  (cost=0.43..374.09 rows=93 width=125)
	  Index Cond: ((id >= 1635458) AND (id <= 1635558))

table 2 : explain SELECT id, c FROM sbtest2 WHERE id BETWEEN 1635458 AND 1635558
	Index Scan using sbtest2_pkey on sbtest2  (cost=0.43..409.19 rows=102 width=125)
	  Index Cond: ((id >= 1635458) AND (id <= 1635558))

table 3 : explain SELECT id, c FROM sbtest3 WHERE id BETWEEN 1635458 AND 1635558
	Index Scan using sbtest3_pkey on sbtest3  (cost=0.43..400.44 rows=100 width=125)
	  Index Cond: ((id >= 1635458) AND (id <= 1635558))

table 4 : explain SELECT id, c FROM sbtest4 WHERE id BETWEEN 1635458 AND 1635558
	Index Scan using sbtest4_pkey on sbtest4  (cost=0.43..364.51 rows=91 width=125)
	  Index Cond: ((id >= 1635458) AND (id <= 1635558))

table 5 : explain SELECT id, c FROM sbtest5 WHERE id BETWEEN 1635458 AND 1635558
	Index Scan using sbtest5_pkey on sbtest5  (cost=0.43..452.07 rows=113 width=125)
	  Index Cond: ((id >= 1635458) AND (id <= 1635558))

table 6 : explain SELECT id, c FROM sbtest6 WHERE id BETWEEN 1635458 AND 1635558
	Index Scan using sbtest6_pkey on sbtest6  (cost=0.43..380.24 rows=95 width=125)
	  Index Cond: ((id >= 1635458) AND (id <= 1635558))

table 7 : explain SELECT id, c FROM sbtest7 WHERE id BETWEEN 1635458 AND 1635558
	Index Scan using sbtest7_pkey on sbtest7  (cost=0.43..404.31 rows=101 width=125)
	  Index Cond: ((id >= 1635458) AND (id <= 1635558))

table 8 : explain SELECT id, c FROM sbtest8 WHERE id BETWEEN 1635458 AND 1635558
	Index Scan using sbtest8_pkey on sbtest8  (cost=0.43..414.65 rows=104 width=125)
	  Index Cond: ((id >= 1635458) AND (id <= 1635558))

for range-notcovered
table 1 : explain SELECT id, c FROM sbtest1 WHERE id BETWEEN 7585742 AND 7585842
	Index Scan using sbtest1_pkey on sbtest1  (cost=0.43..405.88 rows=101 width=125)
	  Index Cond: ((id >= 7585742) AND (id <= 7585842))

table 2 : explain SELECT id, c FROM sbtest2 WHERE id BETWEEN 7585742 AND 7585842
	Index Scan using sbtest2_pkey on sbtest2  (cost=0.43..444.89 rows=111 width=125)
	  Index Cond: ((id >= 7585742) AND (id <= 7585842))

table 3 : explain SELECT id, c FROM sbtest3 WHERE id BETWEEN 7585742 AND 7585842
	Index Scan using sbtest3_pkey on sbtest3  (cost=0.43..412.32 rows=103 width=125)
	  Index Cond: ((id >= 7585742) AND (id <= 7585842))

table 4 : explain SELECT id, c FROM sbtest4 WHERE id BETWEEN 7585742 AND 7585842
	Index Scan using sbtest4_pkey on sbtest4  (cost=0.43..408.04 rows=102 width=125)
	  Index Cond: ((id >= 7585742) AND (id <= 7585842))

table 5 : explain SELECT id, c FROM sbtest5 WHERE id BETWEEN 7585742 AND 7585842
	Index Scan using sbtest5_pkey on sbtest5  (cost=0.43..424.35 rows=106 width=125)
	  Index Cond: ((id >= 7585742) AND (id <= 7585842))

table 6 : explain SELECT id, c FROM sbtest6 WHERE id BETWEEN 7585742 AND 7585842
	Index Scan using sbtest6_pkey on sbtest6  (cost=0.43..403.98 rows=101 width=125)
	  Index Cond: ((id >= 7585742) AND (id <= 7585842))

table 7 : explain SELECT id, c FROM sbtest7 WHERE id BETWEEN 7585742 AND 7585842
	Index Scan using sbtest7_pkey on sbtest7  (cost=0.43..424.10 rows=106 width=125)
	  Index Cond: ((id >= 7585742) AND (id <= 7585842))

table 8 : explain SELECT id, c FROM sbtest8 WHERE id BETWEEN 7585742 AND 7585842
	Index Scan using sbtest8_pkey on sbtest8  (cost=0.43..390.99 rows=98 width=125)
	  Index Cond: ((id >= 7585742) AND (id <= 7585842))

explain: for range-notcovered :: explain SELECT id, c FROM sbtest%d WHERE id BETWEEN 7585742 AND 7585842
explain: for range-notcovered :: explain SELECT id, c FROM sbtest%d WHERE id BETWEEN 1635458 AND 1635558
for range-notcovered
table 1 : explain SELECT id, c FROM sbtest1 WHERE id BETWEEN 4595115 AND 4595215
	Index Scan using sbtest1_pkey on sbtest1  (cost=0.43..405.88 rows=101 width=125)
	  Index Cond: ((id >= 4595115) AND (id <= 4595215))

table 2 : explain SELECT id, c FROM sbtest2 WHERE id BETWEEN 4595115 AND 4595215
	Index Scan using sbtest2_pkey on sbtest2  (cost=0.43..436.96 rows=109 width=125)
	  Index Cond: ((id >= 4595115) AND (id <= 4595215))

table 3 : explain SELECT id, c FROM sbtest3 WHERE id BETWEEN 4595115 AND 4595215
	Index Scan using sbtest3_pkey on sbtest3  (cost=0.43..436.07 rows=109 width=125)
	  Index Cond: ((id >= 4595115) AND (id <= 4595215))

table 4 : explain SELECT id, c FROM sbtest4 WHERE id BETWEEN 4595115 AND 4595215
	Index Scan using sbtest4_pkey on sbtest4  (cost=0.43..392.22 rows=98 width=125)
	  Index Cond: ((id >= 4595115) AND (id <= 4595215))

table 5 : explain SELECT id, c FROM sbtest5 WHERE id BETWEEN 4595115 AND 4595215
	Index Scan using sbtest5_pkey on sbtest5  (cost=0.43..384.73 rows=96 width=125)
	  Index Cond: ((id >= 4595115) AND (id <= 4595215))

table 6 : explain SELECT id, c FROM sbtest6 WHERE id BETWEEN 4595115 AND 4595215
	Index Scan using sbtest6_pkey on sbtest6  (cost=0.43..407.94 rows=102 width=125)
	  Index Cond: ((id >= 4595115) AND (id <= 4595215))

table 7 : explain SELECT id, c FROM sbtest7 WHERE id BETWEEN 4595115 AND 4595215
	Index Scan using sbtest7_pkey on sbtest7  (cost=0.43..408.26 rows=102 width=125)
	  Index Cond: ((id >= 4595115) AND (id <= 4595215))

table 8 : explain SELECT id, c FROM sbtest8 WHERE id BETWEEN 4595115 AND 4595215
	Index Scan using sbtest8_pkey on sbtest8  (cost=0.43..414.65 rows=104 width=125)
	  Index Cond: ((id >= 4595115) AND (id <= 4595215))

explain: for range-notcovered :: explain SELECT id, c FROM sbtest%d WHERE id BETWEEN 4595115 AND 4595215
explain: for range-notcovered :: explain SELECT id, c FROM sbtest%d WHERE id BETWEEN 5218895 AND 5218995
for range-notcovered
table 1 : explain SELECT id, c FROM sbtest1 WHERE id BETWEEN 4184817 AND 4184917
	Index Scan using sbtest1_pkey on sbtest1  (cost=0.43..409.87 rows=102 width=125)
	  Index Cond: ((id >= 4184817) AND (id <= 4184917))

table 2 : explain SELECT id, c FROM sbtest2 WHERE id BETWEEN 4184817 AND 4184917
	Index Scan using sbtest2_pkey on sbtest2  (cost=0.43..409.19 rows=102 width=125)
	  Index Cond: ((id >= 4184817) AND (id <= 4184917))

table 3 : explain SELECT id, c FROM sbtest3 WHERE id BETWEEN 4184817 AND 4184917
	Index Scan using sbtest3_pkey on sbtest3  (cost=0.43..420.23 rows=105 width=125)
	  Index Cond: ((id >= 4184817) AND (id <= 4184917))

table 4 : explain SELECT id, c FROM sbtest4 WHERE id BETWEEN 4184817 AND 4184917
	Index Scan using sbtest4_pkey on sbtest4  (cost=0.43..412.00 rows=103 width=125)
	  Index Cond: ((id >= 4184817) AND (id <= 4184917))

table 5 : explain SELECT id, c FROM sbtest5 WHERE id BETWEEN 4184817 AND 4184917
	Index Scan using sbtest5_pkey on sbtest5  (cost=0.43..420.39 rows=105 width=125)
	  Index Cond: ((id >= 4184817) AND (id <= 4184917))

table 6 : explain SELECT id, c FROM sbtest6 WHERE id BETWEEN 4184817 AND 4184917
	Index Scan using sbtest6_pkey on sbtest6  (cost=0.43..403.98 rows=101 width=125)
	  Index Cond: ((id >= 4184817) AND (id <= 4184917))

table 7 : explain SELECT id, c FROM sbtest7 WHERE id BETWEEN 4184817 AND 4184917
	Index Scan using sbtest7_pkey on sbtest7  (cost=0.43..376.58 rows=94 width=125)
	  Index Cond: ((id >= 4184817) AND (id <= 4184917))

table 8 : explain SELECT id, c FROM sbtest8 WHERE id BETWEEN 4184817 AND 4184917
	Index Scan using sbtest8_pkey on sbtest8  (cost=0.43..383.08 rows=96 width=125)
	  Index Cond: ((id >= 4184817) AND (id <= 4184917))

explain: for range-notcovered :: explain SELECT id, c FROM sbtest%d WHERE id BETWEEN 8067886 AND 8067986
for range-notcovered
table 1 : explain SELECT id, c FROM sbtest1 WHERE id BETWEEN 4108379 AND 4108479
	Index Scan using sbtest1_pkey on sbtest1  (cost=0.43..417.82 rows=104 width=125)
	  Index Cond: ((id >= 4108379) AND (id <= 4108479))

table 2 : explain SELECT id, c FROM sbtest2 WHERE id BETWEEN 4108379 AND 4108479
	Index Scan using sbtest2_pkey on sbtest2  (cost=0.43..409.19 rows=102 width=125)
	  Index Cond: ((id >= 4108379) AND (id <= 4108479))

table 3 : explain SELECT id, c FROM sbtest3 WHERE id BETWEEN 4108379 AND 4108479
	Index Scan using sbtest3_pkey on sbtest3  (cost=0.43..420.23 rows=105 width=125)
	  Index Cond: ((id >= 4108379) AND (id <= 4108479))

table 4 : explain SELECT id, c FROM sbtest4 WHERE id BETWEEN 4108379 AND 4108479
	Index Scan using sbtest4_pkey on sbtest4  (cost=0.43..412.00 rows=103 width=125)
	  Index Cond: ((id >= 4108379) AND (id <= 4108479))

table 5 : explain SELECT id, c FROM sbtest5 WHERE id BETWEEN 4108379 AND 4108479
	Index Scan using sbtest5_pkey on sbtest5  (cost=0.43..380.77 rows=95 width=125)
	  Index Cond: ((id >= 4108379) AND (id <= 4108479))

table 6 : explain SELECT id, c FROM sbtest6 WHERE id BETWEEN 4108379 AND 4108479
	Index Scan using sbtest6_pkey on sbtest6  (cost=0.43..407.94 rows=102 width=125)
	  Index Cond: ((id >= 4108379) AND (id <= 4108479))

table 7 : explain SELECT id, c FROM sbtest7 WHERE id BETWEEN 4108379 AND 4108479
	Index Scan using sbtest7_pkey on sbtest7  (cost=0.43..376.58 rows=94 width=125)
	  Index Cond: ((id >= 4108379) AND (id <= 4108479))

table 8 : explain SELECT id, c FROM sbtest8 WHERE id BETWEEN 4108379 AND 4108479
	Index Scan using sbtest8_pkey on sbtest8  (cost=0.43..383.08 rows=96 width=125)
	  Index Cond: ((id >= 4108379) AND (id <= 4108479))

explain: for range-notcovered :: explain SELECT id, c FROM sbtest%d WHERE id BETWEEN 4184817 AND 4184917
explain: for range-notcovered :: explain SELECT id, c FROM sbtest%d WHERE id BETWEEN 8371058 AND 8371158
for range-notcovered
table 1 : explain SELECT id, c FROM sbtest1 WHERE id BETWEEN 4942920 AND 4943020
	Index Scan using sbtest1_pkey on sbtest1  (cost=0.43..425.77 rows=106 width=125)
	  Index Cond: ((id >= 4942920) AND (id <= 4943020))

table 2 : explain SELECT id, c FROM sbtest2 WHERE id BETWEEN 4942920 AND 4943020
	Index Scan using sbtest2_pkey on sbtest2  (cost=0.43..440.92 rows=110 width=125)
	  Index Cond: ((id >= 4942920) AND (id <= 4943020))

table 3 : explain SELECT id, c FROM sbtest3 WHERE id BETWEEN 4942920 AND 4943020
	Index Scan using sbtest3_pkey on sbtest3  (cost=0.43..396.47 rows=99 width=125)
	  Index Cond: ((id >= 4942920) AND (id <= 4943020))

table 4 : explain SELECT id, c FROM sbtest4 WHERE id BETWEEN 4942920 AND 4943020
	Index Scan using sbtest4_pkey on sbtest4  (cost=0.43..427.82 rows=107 width=125)
	  Index Cond: ((id >= 4942920) AND (id <= 4943020))

table 5 : explain SELECT id, c FROM sbtest5 WHERE id BETWEEN 4942920 AND 4943020
	Index Scan using sbtest5_pkey on sbtest5  (cost=0.43..404.54 rows=101 width=125)
	  Index Cond: ((id >= 4942920) AND (id <= 4943020))

table 6 : explain SELECT id, c FROM sbtest6 WHERE id BETWEEN 4942920 AND 4943020
	Index Scan using sbtest6_pkey on sbtest6  (cost=0.43..400.03 rows=100 width=125)
	  Index Cond: ((id >= 4942920) AND (id <= 4943020))

table 7 : explain SELECT id, c FROM sbtest7 WHERE id BETWEEN 4942920 AND 4943020
	Index Scan using sbtest7_pkey on sbtest7  (cost=0.43..428.05 rows=107 width=125)
	  Index Cond: ((id >= 4942920) AND (id <= 4943020))

table 8 : explain SELECT id, c FROM sbtest8 WHERE id BETWEEN 4942920 AND 4943020
	Index Scan using sbtest8_pkey on sbtest8  (cost=0.43..406.76 rows=102 width=125)
	  Index Cond: ((id >= 4942920) AND (id <= 4943020))

explain: for range-notcovered :: explain SELECT id, c FROM sbtest%d WHERE id BETWEEN 4108379 AND 4108479
explain: for range-notcovered :: explain SELECT id, c FROM sbtest%d WHERE id BETWEEN 4942920 AND 4943020
for range-notcovered
table 1 : explain SELECT id, c FROM sbtest1 WHERE id BETWEEN 5586001 AND 5586101
	Index Scan using sbtest1_pkey on sbtest1  (cost=0.43..382.04 rows=95 width=125)
	  Index Cond: ((id >= 5586001) AND (id <= 5586101))

table 2 : explain SELECT id, c FROM sbtest2 WHERE id BETWEEN 5586001 AND 5586101
	Index Scan using sbtest2_pkey on sbtest2  (cost=0.43..417.12 rows=104 width=125)
	  Index Cond: ((id >= 5586001) AND (id <= 5586101))

table 3 : explain SELECT id, c FROM sbtest3 WHERE id BETWEEN 5586001 AND 5586101
	Index Scan using sbtest3_pkey on sbtest3  (cost=0.43..420.23 rows=105 width=125)
	  Index Cond: ((id >= 5586001) AND (id <= 5586101))

table 4 : explain SELECT id, c FROM sbtest4 WHERE id BETWEEN 5586001 AND 5586101
	Index Scan using sbtest4_pkey on sbtest4  (cost=0.43..412.00 rows=103 width=125)
	  Index Cond: ((id >= 5586001) AND (id <= 5586101))

table 5 : explain SELECT id, c FROM sbtest5 WHERE id BETWEEN 5586001 AND 5586101
	Index Scan using sbtest5_pkey on sbtest5  (cost=0.43..412.47 rows=103 width=125)
	  Index Cond: ((id >= 5586001) AND (id <= 5586101))

table 6 : explain SELECT id, c FROM sbtest6 WHERE id BETWEEN 5586001 AND 5586101
	Index Scan using sbtest6_pkey on sbtest6  (cost=0.43..411.89 rows=103 width=125)
	  Index Cond: ((id >= 5586001) AND (id <= 5586101))

table 7 : explain SELECT id, c FROM sbtest7 WHERE id BETWEEN 5586001 AND 5586101
	Index Scan using sbtest7_pkey on sbtest7  (cost=0.43..416.18 rows=104 width=125)
	  Index Cond: ((id >= 5586001) AND (id <= 5586101))

table 8 : explain SELECT id, c FROM sbtest8 WHERE id BETWEEN 5586001 AND 5586101
	Index Scan using sbtest8_pkey on sbtest8  (cost=0.43..390.99 rows=98 width=125)
	  Index Cond: ((id >= 5586001) AND (id <= 5586101))

for range-notcovered
table 1 : explain SELECT id, c FROM sbtest1 WHERE id BETWEEN 4595115 AND 4595215
	Index Scan using sbtest1_pkey on sbtest1  (cost=0.43..405.88 rows=101 width=125)
	  Index Cond: ((id >= 4595115) AND (id <= 4595215))

table 2 : explain SELECT id, c FROM sbtest2 WHERE id BETWEEN 4595115 AND 4595215
	Index Scan using sbtest2_pkey on sbtest2  (cost=0.43..436.96 rows=109 width=125)
	  Index Cond: ((id >= 4595115) AND (id <= 4595215))

table 3 : explain SELECT id, c FROM sbtest3 WHERE id BETWEEN 4595115 AND 4595215
	Index Scan using sbtest3_pkey on sbtest3  (cost=0.43..436.07 rows=109 width=125)
	  Index Cond: ((id >= 4595115) AND (id <= 4595215))

table 4 : explain SELECT id, c FROM sbtest4 WHERE id BETWEEN 4595115 AND 4595215
	Index Scan using sbtest4_pkey on sbtest4  (cost=0.43..392.22 rows=98 width=125)
	  Index Cond: ((id >= 4595115) AND (id <= 4595215))

table 5 : explain SELECT id, c FROM sbtest5 WHERE id BETWEEN 4595115 AND 4595215
	Index Scan using sbtest5_pkey on sbtest5  (cost=0.43..384.73 rows=96 width=125)
	  Index Cond: ((id >= 4595115) AND (id <= 4595215))

table 6 : explain SELECT id, c FROM sbtest6 WHERE id BETWEEN 4595115 AND 4595215
	Index Scan using sbtest6_pkey on sbtest6  (cost=0.43..407.94 rows=102 width=125)
	  Index Cond: ((id >= 4595115) AND (id <= 4595215))

table 7 : explain SELECT id, c FROM sbtest7 WHERE id BETWEEN 4595115 AND 4595215
	Index Scan using sbtest7_pkey on sbtest7  (cost=0.43..408.26 rows=102 width=125)
	  Index Cond: ((id >= 4595115) AND (id <= 4595215))

table 8 : explain SELECT id, c FROM sbtest8 WHERE id BETWEEN 4595115 AND 4595215
	Index Scan using sbtest8_pkey on sbtest8  (cost=0.43..414.65 rows=104 width=125)
	  Index Cond: ((id >= 4595115) AND (id <= 4595215))

explain: for range-notcovered :: explain SELECT id, c FROM sbtest%d WHERE id BETWEEN 4595115 AND 4595215
for range-notcovered
table 1 : explain SELECT id, c FROM sbtest1 WHERE id BETWEEN 7811644 AND 7811744
	Index Scan using sbtest1_pkey on sbtest1  (cost=0.43..386.01 rows=96 width=125)
	  Index Cond: ((id >= 7811644) AND (id <= 7811744))

table 2 : explain SELECT id, c FROM sbtest2 WHERE id BETWEEN 7811644 AND 7811744
	Index Scan using sbtest2_pkey on sbtest2  (cost=0.43..369.50 rows=92 width=125)
	  Index Cond: ((id >= 7811644) AND (id <= 7811744))

table 3 : explain SELECT id, c FROM sbtest3 WHERE id BETWEEN 7811644 AND 7811744
	Index Scan using sbtest3_pkey on sbtest3  (cost=0.43..392.51 rows=98 width=125)
	  Index Cond: ((id >= 7811644) AND (id <= 7811744))

table 4 : explain SELECT id, c FROM sbtest4 WHERE id BETWEEN 7811644 AND 7811744
	Index Scan using sbtest4_pkey on sbtest4  (cost=0.43..380.33 rows=95 width=125)
	  Index Cond: ((id >= 7811644) AND (id <= 7811744))

table 5 : explain SELECT id, c FROM sbtest5 WHERE id BETWEEN 7811644 AND 7811744
	Index Scan using sbtest5_pkey on sbtest5  (cost=0.43..408.51 rows=102 width=125)
	  Index Cond: ((id >= 7811644) AND (id <= 7811744))

table 6 : explain SELECT id, c FROM sbtest6 WHERE id BETWEEN 7811644 AND 7811744
	Index Scan using sbtest6_pkey on sbtest6  (cost=0.43..380.24 rows=95 width=125)
	  Index Cond: ((id >= 7811644) AND (id <= 7811744))

table 7 : explain SELECT id, c FROM sbtest7 WHERE id BETWEEN 7811644 AND 7811744
	Index Scan using sbtest7_pkey on sbtest7  (cost=0.43..420.14 rows=105 width=125)
	  Index Cond: ((id >= 7811644) AND (id <= 7811744))

table 8 : explain SELECT id, c FROM sbtest8 WHERE id BETWEEN 7811644 AND 7811744
	Index Scan using sbtest8_pkey on sbtest8  (cost=0.43..394.93 rows=99 width=125)
	  Index Cond: ((id >= 7811644) AND (id <= 7811744))

for range-notcovered
table 1 : explain SELECT id, c FROM sbtest1 WHERE id BETWEEN 1635458 AND 1635558
	Index Scan using sbtest1_pkey on sbtest1  (cost=0.43..374.09 rows=93 width=125)
	  Index Cond: ((id >= 1635458) AND (id <= 1635558))

table 2 : explain SELECT id, c FROM sbtest2 WHERE id BETWEEN 1635458 AND 1635558
	Index Scan using sbtest2_pkey on sbtest2  (cost=0.43..409.19 rows=102 width=125)
	  Index Cond: ((id >= 1635458) AND (id <= 1635558))

table 3 : explain SELECT id, c FROM sbtest3 WHERE id BETWEEN 1635458 AND 1635558
	Index Scan using sbtest3_pkey on sbtest3  (cost=0.43..400.44 rows=100 width=125)
	  Index Cond: ((id >= 1635458) AND (id <= 1635558))

table 4 : explain SELECT id, c FROM sbtest4 WHERE id BETWEEN 1635458 AND 1635558
	Index Scan using sbtest4_pkey on sbtest4  (cost=0.43..364.51 rows=91 width=125)
	  Index Cond: ((id >= 1635458) AND (id <= 1635558))

table 5 : explain SELECT id, c FROM sbtest5 WHERE id BETWEEN 1635458 AND 1635558
	Index Scan using sbtest5_pkey on sbtest5  (cost=0.43..452.07 rows=113 width=125)
	  Index Cond: ((id >= 1635458) AND (id <= 1635558))

table 6 : explain SELECT id, c FROM sbtest6 WHERE id BETWEEN 1635458 AND 1635558
	Index Scan using sbtest6_pkey on sbtest6  (cost=0.43..380.24 rows=95 width=125)
	  Index Cond: ((id >= 1635458) AND (id <= 1635558))

table 7 : explain SELECT id, c FROM sbtest7 WHERE id BETWEEN 1635458 AND 1635558
	Index Scan using sbtest7_pkey on sbtest7  (cost=0.43..404.31 rows=101 width=125)
	  Index Cond: ((id >= 1635458) AND (id <= 1635558))

table 8 : explain SELECT id, c FROM sbtest8 WHERE id BETWEEN 1635458 AND 1635558
	Index Scan using sbtest8_pkey on sbtest8  (cost=0.43..414.65 rows=104 width=125)
	  Index Cond: ((id >= 1635458) AND (id <= 1635558))

explain: for range-notcovered :: explain SELECT id, c FROM sbtest%d WHERE id BETWEEN 5586001 AND 5586101
explain: for range-notcovered :: explain SELECT id, c FROM sbtest%d WHERE id BETWEEN 1635458 AND 1635558
explain: for range-notcovered :: explain SELECT id, c FROM sbtest%d WHERE id BETWEEN 903922 AND 904022
explain: for range-notcovered :: explain SELECT id, c FROM sbtest%d WHERE id BETWEEN 7811644 AND 7811744
explain: for range-notcovered :: explain SELECT id, c FROM sbtest%d WHERE id BETWEEN 6309518 AND 6309618
for range-notcovered
table 1 : explain SELECT id, c FROM sbtest1 WHERE id BETWEEN 4184817 AND 4184917
	Index Scan using sbtest1_pkey on sbtest1  (cost=0.43..409.87 rows=102 width=125)
	  Index Cond: ((id >= 4184817) AND (id <= 4184917))

table 2 : explain SELECT id, c FROM sbtest2 WHERE id BETWEEN 4184817 AND 4184917
	Index Scan using sbtest2_pkey on sbtest2  (cost=0.43..409.19 rows=102 width=125)
	  Index Cond: ((id >= 4184817) AND (id <= 4184917))

table 3 : explain SELECT id, c FROM sbtest3 WHERE id BETWEEN 4184817 AND 4184917
	Index Scan using sbtest3_pkey on sbtest3  (cost=0.43..420.23 rows=105 width=125)
	  Index Cond: ((id >= 4184817) AND (id <= 4184917))

table 4 : explain SELECT id, c FROM sbtest4 WHERE id BETWEEN 4184817 AND 4184917
	Index Scan using sbtest4_pkey on sbtest4  (cost=0.43..412.00 rows=103 width=125)
	  Index Cond: ((id >= 4184817) AND (id <= 4184917))

table 5 : explain SELECT id, c FROM sbtest5 WHERE id BETWEEN 4184817 AND 4184917
	Index Scan using sbtest5_pkey on sbtest5  (cost=0.43..420.39 rows=105 width=125)
	  Index Cond: ((id >= 4184817) AND (id <= 4184917))

table 6 : explain SELECT id, c FROM sbtest6 WHERE id BETWEEN 4184817 AND 4184917
	Index Scan using sbtest6_pkey on sbtest6  (cost=0.43..403.98 rows=101 width=125)
	  Index Cond: ((id >= 4184817) AND (id <= 4184917))

table 7 : explain SELECT id, c FROM sbtest7 WHERE id BETWEEN 4184817 AND 4184917
	Index Scan using sbtest7_pkey on sbtest7  (cost=0.43..376.58 rows=94 width=125)
	  Index Cond: ((id >= 4184817) AND (id <= 4184917))

table 8 : explain SELECT id, c FROM sbtest8 WHERE id BETWEEN 4184817 AND 4184917
	Index Scan using sbtest8_pkey on sbtest8  (cost=0.43..383.08 rows=96 width=125)
	  Index Cond: ((id >= 4184817) AND (id <= 4184917))

explain: for range-notcovered :: explain SELECT id, c FROM sbtest%d WHERE id BETWEEN 4184817 AND 4184917
for range-notcovered
table 1 : explain SELECT id, c FROM sbtest1 WHERE id BETWEEN 7585742 AND 7585842
	Index Scan using sbtest1_pkey on sbtest1  (cost=0.43..405.88 rows=101 width=125)
	  Index Cond: ((id >= 7585742) AND (id <= 7585842))

table 2 : explain SELECT id, c FROM sbtest2 WHERE id BETWEEN 7585742 AND 7585842
	Index Scan using sbtest2_pkey on sbtest2  (cost=0.43..444.89 rows=111 width=125)
	  Index Cond: ((id >= 7585742) AND (id <= 7585842))

table 3 : explain SELECT id, c FROM sbtest3 WHERE id BETWEEN 7585742 AND 7585842
	Index Scan using sbtest3_pkey on sbtest3  (cost=0.43..412.32 rows=103 width=125)
	  Index Cond: ((id >= 7585742) AND (id <= 7585842))

table 4 : explain SELECT id, c FROM sbtest4 WHERE id BETWEEN 7585742 AND 7585842
	Index Scan using sbtest4_pkey on sbtest4  (cost=0.43..408.04 rows=102 width=125)
	  Index Cond: ((id >= 7585742) AND (id <= 7585842))

table 5 : explain SELECT id, c FROM sbtest5 WHERE id BETWEEN 7585742 AND 7585842
	Index Scan using sbtest5_pkey on sbtest5  (cost=0.43..424.35 rows=106 width=125)
	  Index Cond: ((id >= 7585742) AND (id <= 7585842))

table 6 : explain SELECT id, c FROM sbtest6 WHERE id BETWEEN 7585742 AND 7585842
	Index Scan using sbtest6_pkey on sbtest6  (cost=0.43..403.98 rows=101 width=125)
	  Index Cond: ((id >= 7585742) AND (id <= 7585842))

table 7 : explain SELECT id, c FROM sbtest7 WHERE id BETWEEN 7585742 AND 7585842
	Index Scan using sbtest7_pkey on sbtest7  (cost=0.43..424.10 rows=106 width=125)
	  Index Cond: ((id >= 7585742) AND (id <= 7585842))

table 8 : explain SELECT id, c FROM sbtest8 WHERE id BETWEEN 7585742 AND 7585842
	Index Scan using sbtest8_pkey on sbtest8  (cost=0.43..390.99 rows=98 width=125)
	  Index Cond: ((id >= 7585742) AND (id <= 7585842))

explain: for range-notcovered :: explain SELECT id, c FROM sbtest%d WHERE id BETWEEN 5263101 AND 5263201
for range-notcovered
table 1 : explain SELECT id, c FROM sbtest1 WHERE id BETWEEN 4595115 AND 4595215
	Index Scan using sbtest1_pkey on sbtest1  (cost=0.43..405.88 rows=101 width=125)
	  Index Cond: ((id >= 4595115) AND (id <= 4595215))

table 2 : explain SELECT id, c FROM sbtest2 WHERE id BETWEEN 4595115 AND 4595215
	Index Scan using sbtest2_pkey on sbtest2  (cost=0.43..436.96 rows=109 width=125)
	  Index Cond: ((id >= 4595115) AND (id <= 4595215))

table 3 : explain SELECT id, c FROM sbtest3 WHERE id BETWEEN 4595115 AND 4595215
	Index Scan using sbtest3_pkey on sbtest3  (cost=0.43..436.07 rows=109 width=125)
	  Index Cond: ((id >= 4595115) AND (id <= 4595215))

table 4 : explain SELECT id, c FROM sbtest4 WHERE id BETWEEN 4595115 AND 4595215
	Index Scan using sbtest4_pkey on sbtest4  (cost=0.43..392.22 rows=98 width=125)
	  Index Cond: ((id >= 4595115) AND (id <= 4595215))

table 5 : explain SELECT id, c FROM sbtest5 WHERE id BETWEEN 4595115 AND 4595215
	Index Scan using sbtest5_pkey on sbtest5  (cost=0.43..384.73 rows=96 width=125)
	  Index Cond: ((id >= 4595115) AND (id <= 4595215))

table 6 : explain SELECT id, c FROM sbtest6 WHERE id BETWEEN 4595115 AND 4595215
	Index Scan using sbtest6_pkey on sbtest6  (cost=0.43..407.94 rows=102 width=125)
	  Index Cond: ((id >= 4595115) AND (id <= 4595215))

table 7 : explain SELECT id, c FROM sbtest7 WHERE id BETWEEN 4595115 AND 4595215
	Index Scan using sbtest7_pkey on sbtest7  (cost=0.43..408.26 rows=102 width=125)
	  Index Cond: ((id >= 4595115) AND (id <= 4595215))

table 8 : explain SELECT id, c FROM sbtest8 WHERE id BETWEEN 4595115 AND 4595215
	Index Scan using sbtest8_pkey on sbtest8  (cost=0.43..414.65 rows=104 width=125)
	  Index Cond: ((id >= 4595115) AND (id <= 4595215))

for range-notcovered
table 1 : explain SELECT id, c FROM sbtest1 WHERE id BETWEEN 1635458 AND 1635558
	Index Scan using sbtest1_pkey on sbtest1  (cost=0.43..374.09 rows=93 width=125)
	  Index Cond: ((id >= 1635458) AND (id <= 1635558))

table 2 : explain SELECT id, c FROM sbtest2 WHERE id BETWEEN 1635458 AND 1635558
	Index Scan using sbtest2_pkey on sbtest2  (cost=0.43..409.19 rows=102 width=125)
	  Index Cond: ((id >= 1635458) AND (id <= 1635558))

table 3 : explain SELECT id, c FROM sbtest3 WHERE id BETWEEN 1635458 AND 1635558
	Index Scan using sbtest3_pkey on sbtest3  (cost=0.43..400.44 rows=100 width=125)
	  Index Cond: ((id >= 1635458) AND (id <= 1635558))

table 4 : explain SELECT id, c FROM sbtest4 WHERE id BETWEEN 1635458 AND 1635558
	Index Scan using sbtest4_pkey on sbtest4  (cost=0.43..364.51 rows=91 width=125)
	  Index Cond: ((id >= 1635458) AND (id <= 1635558))

table 5 : explain SELECT id, c FROM sbtest5 WHERE id BETWEEN 1635458 AND 1635558
	Index Scan using sbtest5_pkey on sbtest5  (cost=0.43..452.07 rows=113 width=125)
	  Index Cond: ((id >= 1635458) AND (id <= 1635558))

table 6 : explain SELECT id, c FROM sbtest6 WHERE id BETWEEN 1635458 AND 1635558
	Index Scan using sbtest6_pkey on sbtest6  (cost=0.43..380.24 rows=95 width=125)
	  Index Cond: ((id >= 1635458) AND (id <= 1635558))

table 7 : explain SELECT id, c FROM sbtest7 WHERE id BETWEEN 1635458 AND 1635558
	Index Scan using sbtest7_pkey on sbtest7  (cost=0.43..404.31 rows=101 width=125)
	  Index Cond: ((id >= 1635458) AND (id <= 1635558))

table 8 : explain SELECT id, c FROM sbtest8 WHERE id BETWEEN 1635458 AND 1635558
	Index Scan using sbtest8_pkey on sbtest8  (cost=0.43..414.65 rows=104 width=125)
	  Index Cond: ((id >= 1635458) AND (id <= 1635558))

for range-notcovered
table 1 : explain SELECT id, c FROM sbtest1 WHERE id BETWEEN 5586001 AND 5586101
	Index Scan using sbtest1_pkey on sbtest1  (cost=0.43..382.04 rows=95 width=125)
	  Index Cond: ((id >= 5586001) AND (id <= 5586101))

table 2 : explain SELECT id, c FROM sbtest2 WHERE id BETWEEN 5586001 AND 5586101
	Index Scan using sbtest2_pkey on sbtest2  (cost=0.43..417.12 rows=104 width=125)
	  Index Cond: ((id >= 5586001) AND (id <= 5586101))

table 3 : explain SELECT id, c FROM sbtest3 WHERE id BETWEEN 5586001 AND 5586101
	Index Scan using sbtest3_pkey on sbtest3  (cost=0.43..420.23 rows=105 width=125)
	  Index Cond: ((id >= 5586001) AND (id <= 5586101))

table 4 : explain SELECT id, c FROM sbtest4 WHERE id BETWEEN 5586001 AND 5586101
	Index Scan using sbtest4_pkey on sbtest4  (cost=0.43..412.00 rows=103 width=125)
	  Index Cond: ((id >= 5586001) AND (id <= 5586101))

table 5 : explain SELECT id, c FROM sbtest5 WHERE id BETWEEN 5586001 AND 5586101
	Index Scan using sbtest5_pkey on sbtest5  (cost=0.43..412.47 rows=103 width=125)
	  Index Cond: ((id >= 5586001) AND (id <= 5586101))

table 6 : explain SELECT id, c FROM sbtest6 WHERE id BETWEEN 5586001 AND 5586101
	Index Scan using sbtest6_pkey on sbtest6  (cost=0.43..411.89 rows=103 width=125)
	  Index Cond: ((id >= 5586001) AND (id <= 5586101))

table 7 : explain SELECT id, c FROM sbtest7 WHERE id BETWEEN 5586001 AND 5586101
	Index Scan using sbtest7_pkey on sbtest7  (cost=0.43..416.18 rows=104 width=125)
	  Index Cond: ((id >= 5586001) AND (id <= 5586101))

table 8 : explain SELECT id, c FROM sbtest8 WHERE id BETWEEN 5586001 AND 5586101
	Index Scan using sbtest8_pkey on sbtest8  (cost=0.43..390.99 rows=98 width=125)
	  Index Cond: ((id >= 5586001) AND (id <= 5586101))

explain: for range-notcovered :: explain SELECT id, c FROM sbtest%d WHERE id BETWEEN 1635458 AND 1635558for range-notcovered
table 1 : explain SELECT id, c FROM sbtest1 WHERE id BETWEEN 5218895 AND 5218995
	Index Scan using sbtest1_pkey on sbtest1  (cost=0.43..362.17 rows=90 width=125)
	  Index Cond: ((id >= 5218895) AND (id <= 5218995))

table 2 : explain SELECT id, c FROM sbtest2 WHERE id BETWEEN 5218895 AND 5218995
	Index Scan using sbtest2_pkey on sbtest2  (cost=0.43..373.47 rows=93 width=125)
	  Index Cond: ((id >= 5218895) AND (id <= 5218995))

table 3 : explain SELECT id, c FROM sbtest3 WHERE id BETWEEN 5218895 AND 5218995
	Index Scan using sbtest3_pkey on sbtest3  (cost=0.43..412.32 rows=103 width=125)
	  Index Cond: ((id >= 5218895) AND (id <= 5218995))

table 4 : explain SELECT id, c FROM sbtest4 WHERE id BETWEEN 5218895 AND 5218995
	Index Scan using sbtest4_pkey on sbtest4  (cost=0.43..400.13 rows=100 width=125)
	  Index Cond: ((id >= 5218895) AND (id <= 5218995))

table 5 : explain SELECT id, c FROM sbtest5 WHERE id BETWEEN 5218895 AND 5218995
	Index Scan using sbtest5_pkey on sbtest5  (cost=0.43..408.51 rows=102 width=125)
	  Index Cond: ((id >= 5218895) AND (id <= 5218995))

table 6 : explain SELECT id, c FROM sbtest6 WHERE id BETWEEN 5218895 AND 5218995
	Index Scan using sbtest6_pkey on sbtest6  (cost=0.43..388.15 rows=97 width=125)
	  Index Cond: ((id >= 5218895) AND (id <= 5218995))

table 7 : explain SELECT id, c FROM sbtest7 WHERE id BETWEEN 5218895 AND 5218995
	Index Scan using sbtest7_pkey on sbtest7  (cost=0.43..420.14 rows=105 width=125)
	  Index Cond: ((id >= 5218895) AND (id <= 5218995))

table 8 : explain SELECT id, c FROM sbtest8 WHERE id BETWEEN 5218895 AND 5218995
	Index Scan using sbtest8_pkey on sbtest8  (cost=0.43..367.31 rows=92 width=125)
	  Index Cond: ((id >= 5218895) AND (id <= 5218995))


explain: for range-notcovered :: explain SELECT id, c FROM sbtest%d WHERE id BETWEEN 5586001 AND 5586101
explain: for range-notcovered :: explain SELECT id, c FROM sbtest%d WHERE id BETWEEN 5218895 AND 5218995
for range-notcovered
table 1 : explain SELECT id, c FROM sbtest1 WHERE id BETWEEN 5569473 AND 5569573
	Index Scan using sbtest1_pkey on sbtest1  (cost=0.43..382.04 rows=95 width=125)
	  Index Cond: ((id >= 5569473) AND (id <= 5569573))

table 2 : explain SELECT id, c FROM sbtest2 WHERE id BETWEEN 5569473 AND 5569573
	Index Scan using sbtest2_pkey on sbtest2  (cost=0.43..417.12 rows=104 width=125)
	  Index Cond: ((id >= 5569473) AND (id <= 5569573))

table 3 : explain SELECT id, c FROM sbtest3 WHERE id BETWEEN 5569473 AND 5569573
	Index Scan using sbtest3_pkey on sbtest3  (cost=0.43..420.23 rows=105 width=125)
	  Index Cond: ((id >= 5569473) AND (id <= 5569573))

table 4 : explain SELECT id, c FROM sbtest4 WHERE id BETWEEN 5569473 AND 5569573
	Index Scan using sbtest4_pkey on sbtest4  (cost=0.43..412.00 rows=103 width=125)
	  Index Cond: ((id >= 5569473) AND (id <= 5569573))

table 5 : explain SELECT id, c FROM sbtest5 WHERE id BETWEEN 5569473 AND 5569573
	Index Scan using sbtest5_pkey on sbtest5  (cost=0.43..412.47 rows=103 width=125)
	  Index Cond: ((id >= 5569473) AND (id <= 5569573))

table 6 : explain SELECT id, c FROM sbtest6 WHERE id BETWEEN 5569473 AND 5569573
	Index Scan using sbtest6_pkey on sbtest6  (cost=0.43..411.89 rows=103 width=125)
	  Index Cond: ((id >= 5569473) AND (id <= 5569573))

table 7 : explain SELECT id, c FROM sbtest7 WHERE id BETWEEN 5569473 AND 5569573
	Index Scan using sbtest7_pkey on sbtest7  (cost=0.43..416.18 rows=104 width=125)
	  Index Cond: ((id >= 5569473) AND (id <= 5569573))

table 8 : explain SELECT id, c FROM sbtest8 WHERE id BETWEEN 5569473 AND 5569573
	Index Scan using sbtest8_pkey on sbtest8  (cost=0.43..390.99 rows=98 width=125)
	  Index Cond: ((id >= 5569473) AND (id <= 5569573))

for range-notcovered
table 1 : explain SELECT id, c FROM sbtest1 WHERE id BETWEEN 4184817 AND 4184917
	Index Scan using sbtest1_pkey on sbtest1  (cost=0.43..409.87 rows=102 width=125)
	  Index Cond: ((id >= 4184817) AND (id <= 4184917))

table 2 : explain SELECT id, c FROM sbtest2 WHERE id BETWEEN 4184817 AND 4184917
	Index Scan using sbtest2_pkey on sbtest2  (cost=0.43..409.19 rows=102 width=125)
	  Index Cond: ((id >= 4184817) AND (id <= 4184917))

table 3 : explain SELECT id, c FROM sbtest3 WHERE id BETWEEN 4184817 AND 4184917
	Index Scan using sbtest3_pkey on sbtest3  (cost=0.43..420.23 rows=105 width=125)
	  Index Cond: ((id >= 4184817) AND (id <= 4184917))

table 4 : explain SELECT id, c FROM sbtest4 WHERE id BETWEEN 4184817 AND 4184917
	Index Scan using sbtest4_pkey on sbtest4  (cost=0.43..412.00 rows=103 width=125)
	  Index Cond: ((id >= 4184817) AND (id <= 4184917))

table 5 : explain SELECT id, c FROM sbtest5 WHERE id BETWEEN 4184817 AND 4184917
	Index Scan using sbtest5_pkey on sbtest5  (cost=0.43..420.39 rows=105 width=125)
	  Index Cond: ((id >= 4184817) AND (id <= 4184917))

table 6 : explain SELECT id, c FROM sbtest6 WHERE id BETWEEN 4184817 AND 4184917
	Index Scan using sbtest6_pkey on sbtest6  (cost=0.43..403.98 rows=101 width=125)
	  Index Cond: ((id >= 4184817) AND (id <= 4184917))

table 7 : explain SELECT id, c FROM sbtest7 WHERE id BETWEEN 4184817 AND 4184917
	Index Scan using sbtest7_pkey on sbtest7  (cost=0.43..376.58 rows=94 width=125)
	  Index Cond: ((id >= 4184817) AND (id <= 4184917))

table 8 : explain SELECT id, c FROM sbtest8 WHERE id BETWEEN 4184817 AND 4184917
	Index Scan using sbtest8_pkey on sbtest8  (cost=0.43..383.08 rows=96 width=125)
	  Index Cond: ((id >= 4184817) AND (id <= 4184917))

for range-notcovered
table 1 : explain SELECT id, c FROM sbtest1 WHERE id BETWEEN 4942920 AND 4943020
	Index Scan using sbtest1_pkey on sbtest1  (cost=0.43..425.77 rows=106 width=125)
	  Index Cond: ((id >= 4942920) AND (id <= 4943020))

table 2 : explain SELECT id, c FROM sbtest2 WHERE id BETWEEN 4942920 AND 4943020
	Index Scan using sbtest2_pkey on sbtest2  (cost=0.43..440.92 rows=110 width=125)
	  Index Cond: ((id >= 4942920) AND (id <= 4943020))

table 3 : explain SELECT id, c FROM sbtest3 WHERE id BETWEEN 4942920 AND 4943020
	Index Scan using sbtest3_pkey on sbtest3  (cost=0.43..396.47 rows=99 width=125)
	  Index Cond: ((id >= 4942920) AND (id <= 4943020))

table 4 : explain SELECT id, c FROM sbtest4 WHERE id BETWEEN 4942920 AND 4943020
	Index Scan using sbtest4_pkey on sbtest4  (cost=0.43..427.82 rows=107 width=125)
	  Index Cond: ((id >= 4942920) AND (id <= 4943020))

table 5 : explain SELECT id, c FROM sbtest5 WHERE id BETWEEN 4942920 AND 4943020
	Index Scan using sbtest5_pkey on sbtest5  (cost=0.43..404.54 rows=101 width=125)
	  Index Cond: ((id >= 4942920) AND (id <= 4943020))

table 6 : explain SELECT id, c FROM sbtest6 WHERE id BETWEEN 4942920 AND 4943020
	Index Scan using sbtest6_pkey on sbtest6  (cost=0.43..400.03 rows=100 width=125)
	  Index Cond: ((id >= 4942920) AND (id <= 4943020))

table 7 : explain SELECT id, c FROM sbtest7 WHERE id BETWEEN 4942920 AND 4943020
	Index Scan using sbtest7_pkey on sbtest7  (cost=0.43..428.05 rows=107 width=125)
	  Index Cond: ((id >= 4942920) AND (id <= 4943020))

table 8 : explain SELECT id, c FROM sbtest8 WHERE id BETWEEN 4942920 AND 4943020
	Index Scan using sbtest8_pkey on sbtest8  (cost=0.43..406.76 rows=102 width=125)
	  Index Cond: ((id >= 4942920) AND (id <= 4943020))

explain: for range-notcovered :: explain SELECT id, c FROM sbtest%d WHERE id BETWEEN 4184817 AND 4184917
explain: for range-notcovered :: explain SELECT id, c FROM sbtest%d WHERE id BETWEEN 5569473 AND 5569573
explain: for range-notcovered :: explain SELECT id, c FROM sbtest%d WHERE id BETWEEN 4942920 AND 4943020
for range-notcovered
table 1 : explain SELECT id, c FROM sbtest1 WHERE id BETWEEN 5586001 AND 5586101
	Index Scan using sbtest1_pkey on sbtest1  (cost=0.43..382.04 rows=95 width=125)
	  Index Cond: ((id >= 5586001) AND (id <= 5586101))

table 2 : explain SELECT id, c FROM sbtest2 WHERE id BETWEEN 5586001 AND 5586101
	Index Scan using sbtest2_pkey on sbtest2  (cost=0.43..417.12 rows=104 width=125)
	  Index Cond: ((id >= 5586001) AND (id <= 5586101))

table 3 : explain SELECT id, c FROM sbtest3 WHERE id BETWEEN 5586001 AND 5586101
	Index Scan using sbtest3_pkey on sbtest3  (cost=0.43..420.23 rows=105 width=125)
	  Index Cond: ((id >= 5586001) AND (id <= 5586101))

table 4 : explain SELECT id, c FROM sbtest4 WHERE id BETWEEN 5586001 AND 5586101
	Index Scan using sbtest4_pkey on sbtest4  (cost=0.43..412.00 rows=103 width=125)
	  Index Cond: ((id >= 5586001) AND (id <= 5586101))

table 5 : explain SELECT id, c FROM sbtest5 WHERE id BETWEEN 5586001 AND 5586101
	Index Scan using sbtest5_pkey on sbtest5  (cost=0.43..412.47 rows=103 width=125)
	  Index Cond: ((id >= 5586001) AND (id <= 5586101))

table 6 : explain SELECT id, c FROM sbtest6 WHERE id BETWEEN 5586001 AND 5586101
	Index Scan using sbtest6_pkey on sbtest6  (cost=0.43..411.89 rows=103 width=125)
	  Index Cond: ((id >= 5586001) AND (id <= 5586101))

table 7 : explain SELECT id, c FROM sbtest7 WHERE id BETWEEN 5586001 AND 5586101
	Index Scan using sbtest7_pkey on sbtest7  (cost=0.43..416.18 rows=104 width=125)
	  Index Cond: ((id >= 5586001) AND (id <= 5586101))

table 8 : explain SELECT id, c FROM sbtest8 WHERE id BETWEEN 5586001 AND 5586101
	Index Scan using sbtest8_pkey on sbtest8  (cost=0.43..390.99 rows=98 width=125)
	  Index Cond: ((id >= 5586001) AND (id <= 5586101))

for range-notcovered
table 1 : explain SELECT id, c FROM sbtest1 WHERE id BETWEEN 1635458 AND 1635558
	Index Scan using sbtest1_pkey on sbtest1  (cost=0.43..374.09 rows=93 width=125)
	  Index Cond: ((id >= 1635458) AND (id <= 1635558))

table 2 : explain SELECT id, c FROM sbtest2 WHERE id BETWEEN 1635458 AND 1635558
	Index Scan using sbtest2_pkey on sbtest2  (cost=0.43..409.19 rows=102 width=125)
	  Index Cond: ((id >= 1635458) AND (id <= 1635558))

table 3 : explain SELECT id, c FROM sbtest3 WHERE id BETWEEN 1635458 AND 1635558
	Index Scan using sbtest3_pkey on sbtest3  (cost=0.43..400.44 rows=100 width=125)
	  Index Cond: ((id >= 1635458) AND (id <= 1635558))

table 4 : explain SELECT id, c FROM sbtest4 WHERE id BETWEEN 1635458 AND 1635558
	Index Scan using sbtest4_pkey on sbtest4  (cost=0.43..364.51 rows=91 width=125)
	  Index Cond: ((id >= 1635458) AND (id <= 1635558))

table 5 : explain SELECT id, c FROM sbtest5 WHERE id BETWEEN 1635458 AND 1635558
	Index Scan using sbtest5_pkey on sbtest5  (cost=0.43..452.07 rows=113 width=125)
	  Index Cond: ((id >= 1635458) AND (id <= 1635558))

table 6 : explain SELECT id, c FROM sbtest6 WHERE id BETWEEN 1635458 AND 1635558
	Index Scan using sbtest6_pkey on sbtest6  (cost=0.43..380.24 rows=95 width=125)
	  Index Cond: ((id >= 1635458) AND (id <= 1635558))

table 7 : explain SELECT id, c FROM sbtest7 WHERE id BETWEEN 1635458 AND 1635558
	Index Scan using sbtest7_pkey on sbtest7  (cost=0.43..404.31 rows=101 width=125)
	  Index Cond: ((id >= 1635458) AND (id <= 1635558))

table 8 : explain SELECT id, c FROM sbtest8 WHERE id BETWEEN 1635458 AND 1635558
	Index Scan using sbtest8_pkey on sbtest8  (cost=0.43..414.65 rows=104 width=125)
	  Index Cond: ((id >= 1635458) AND (id <= 1635558))

for range-notcovered
table 1 : explain SELECT id, c FROM sbtest1 WHERE id BETWEEN 5218895 AND 5218995
	Index Scan using sbtest1_pkey on sbtest1  (cost=0.43..362.17 rows=90 width=125)
	  Index Cond: ((id >= 5218895) AND (id <= 5218995))

table 2 : explain SELECT id, c FROM sbtest2 WHERE id BETWEEN 5218895 AND 5218995
	Index Scan using sbtest2_pkey on sbtest2  (cost=0.43..373.47 rows=93 width=125)
	  Index Cond: ((id >= 5218895) AND (id <= 5218995))

table 3 : explain SELECT id, c FROM sbtest3 WHERE id BETWEEN 5218895 AND 5218995
	Index Scan using sbtest3_pkey on sbtest3  (cost=0.43..412.32 rows=103 width=125)
	  Index Cond: ((id >= 5218895) AND (id <= 5218995))

table 4 : explain SELECT id, c FROM sbtest4 WHERE id BETWEEN 5218895 AND 5218995
	Index Scan using sbtest4_pkey on sbtest4  (cost=0.43..400.13 rows=100 width=125)
	  Index Cond: ((id >= 5218895) AND (id <= 5218995))

table 5 : explain SELECT id, c FROM sbtest5 WHERE id BETWEEN 5218895 AND 5218995
	Index Scan using sbtest5_pkey on sbtest5  (cost=0.43..408.51 rows=102 width=125)
	  Index Cond: ((id >= 5218895) AND (id <= 5218995))

table 6 : explain SELECT id, c FROM sbtest6 WHERE id BETWEEN 5218895 AND 5218995
	Index Scan using sbtest6_pkey on sbtest6  (cost=0.43..388.15 rows=97 width=125)
	  Index Cond: ((id >= 5218895) AND (id <= 5218995))

table 7 : explain SELECT id, c FROM sbtest7 WHERE id BETWEEN 5218895 AND 5218995
	Index Scan using sbtest7_pkey on sbtest7  (cost=0.43..420.14 rows=105 width=125)
	  Index Cond: ((id >= 5218895) AND (id <= 5218995))

table 8 : explain SELECT id, c FROM sbtest8 WHERE id BETWEEN 5218895 AND 5218995
	Index Scan using sbtest8_pkey on sbtest8  (cost=0.43..367.31 rows=92 width=125)
	  Index Cond: ((id >= 5218895) AND (id <= 5218995))

explain: for range-notcovered :: explain SELECT id, c FROM sbtest%d WHERE id BETWEEN 5586001 AND 5586101
explain: for range-notcovered :: explain SELECT id, c FROM sbtest%d WHERE id BETWEEN 1635458 AND 1635558
explain: for range-notcovered :: explain SELECT id, c FROM sbtest%d WHERE id BETWEEN 5218895 AND 5218995
for range-notcovered
table 1 : explain SELECT id, c FROM sbtest1 WHERE id BETWEEN 5416942 AND 5417042
	Index Scan using sbtest1_pkey on sbtest1  (cost=0.43..413.84 rows=103 width=125)
	  Index Cond: ((id >= 5416942) AND (id <= 5417042))

table 2 : explain SELECT id, c FROM sbtest2 WHERE id BETWEEN 5416942 AND 5417042
	Index Scan using sbtest2_pkey on sbtest2  (cost=0.43..432.99 rows=108 width=125)
	  Index Cond: ((id >= 5416942) AND (id <= 5417042))

table 3 : explain SELECT id, c FROM sbtest3 WHERE id BETWEEN 5416942 AND 5417042
	Index Scan using sbtest3_pkey on sbtest3  (cost=0.43..428.15 rows=107 width=125)
	  Index Cond: ((id >= 5416942) AND (id <= 5417042))

table 4 : explain SELECT id, c FROM sbtest4 WHERE id BETWEEN 5416942 AND 5417042
	Index Scan using sbtest4_pkey on sbtest4  (cost=0.43..415.95 rows=104 width=125)
	  Index Cond: ((id >= 5416942) AND (id <= 5417042))

table 5 : explain SELECT id, c FROM sbtest5 WHERE id BETWEEN 5416942 AND 5417042
	Index Scan using sbtest5_pkey on sbtest5  (cost=0.43..368.89 rows=92 width=125)
	  Index Cond: ((id >= 5416942) AND (id <= 5417042))

table 6 : explain SELECT id, c FROM sbtest6 WHERE id BETWEEN 5416942 AND 5417042
	Index Scan using sbtest6_pkey on sbtest6  (cost=0.43..411.89 rows=103 width=125)
	  Index Cond: ((id >= 5416942) AND (id <= 5417042))

table 7 : explain SELECT id, c FROM sbtest7 WHERE id BETWEEN 5416942 AND 5417042
	Index Scan using sbtest7_pkey on sbtest7  (cost=0.43..412.22 rows=103 width=125)
	  Index Cond: ((id >= 5416942) AND (id <= 5417042))

table 8 : explain SELECT id, c FROM sbtest8 WHERE id BETWEEN 5416942 AND 5417042
	Index Scan using sbtest8_pkey on sbtest8  (cost=0.43..394.93 rows=99 width=125)
	  Index Cond: ((id >= 5416942) AND (id <= 5417042))

for range-notcovered
table 1 : explain SELECT id, c FROM sbtest1 WHERE id BETWEEN 3491802 AND 3491902
	Index Scan using sbtest1_pkey on sbtest1  (cost=0.43..374.09 rows=93 width=125)
	  Index Cond: ((id >= 3491802) AND (id <= 3491902))

table 2 : explain SELECT id, c FROM sbtest2 WHERE id BETWEEN 3491802 AND 3491902
	Index Scan using sbtest2_pkey on sbtest2  (cost=0.43..409.19 rows=102 width=125)
	  Index Cond: ((id >= 3491802) AND (id <= 3491902))

table 3 : explain SELECT id, c FROM sbtest3 WHERE id BETWEEN 3491802 AND 3491902
	Index Scan using sbtest3_pkey on sbtest3  (cost=0.43..368.75 rows=92 width=125)
	  Index Cond: ((id >= 3491802) AND (id <= 3491902))

table 4 : explain SELECT id, c FROM sbtest4 WHERE id BETWEEN 3491802 AND 3491902
	Index Scan using sbtest4_pkey on sbtest4  (cost=0.43..380.33 rows=95 width=125)
	  Index Cond: ((id >= 3491802) AND (id <= 3491902))

table 5 : explain SELECT id, c FROM sbtest5 WHERE id BETWEEN 3491802 AND 3491902
	Index Scan using sbtest5_pkey on sbtest5  (cost=0.43..364.93 rows=91 width=125)
	  Index Cond: ((id >= 3491802) AND (id <= 3491902))

table 6 : explain SELECT id, c FROM sbtest6 WHERE id BETWEEN 3491802 AND 3491902
	Index Scan using sbtest6_pkey on sbtest6  (cost=0.43..392.12 rows=98 width=125)
	  Index Cond: ((id >= 3491802) AND (id <= 3491902))

table 7 : explain SELECT id, c FROM sbtest7 WHERE id BETWEEN 3491802 AND 3491902
	Index Scan using sbtest7_pkey on sbtest7  (cost=0.43..348.88 rows=87 width=125)
	  Index Cond: ((id >= 3491802) AND (id <= 3491902))

table 8 : explain SELECT id, c FROM sbtest8 WHERE id BETWEEN 3491802 AND 3491902
	Index Scan using sbtest8_pkey on sbtest8  (cost=0.43..410.70 rows=103 width=125)
	  Index Cond: ((id >= 3491802) AND (id <= 3491902))

for range-notcovered
table 1 : explain SELECT id, c FROM sbtest1 WHERE id BETWEEN 4184817 AND 4184917
	Index Scan using sbtest1_pkey on sbtest1  (cost=0.43..409.87 rows=102 width=125)
	  Index Cond: ((id >= 4184817) AND (id <= 4184917))

table 2 : explain SELECT id, c FROM sbtest2 WHERE id BETWEEN 4184817 AND 4184917
	Index Scan using sbtest2_pkey on sbtest2  (cost=0.43..409.19 rows=102 width=125)
	  Index Cond: ((id >= 4184817) AND (id <= 4184917))

table 3 : explain SELECT id, c FROM sbtest3 WHERE id BETWEEN 4184817 AND 4184917
	Index Scan using sbtest3_pkey on sbtest3  (cost=0.43..420.23 rows=105 width=125)
	  Index Cond: ((id >= 4184817) AND (id <= 4184917))

table 4 : explain SELECT id, c FROM sbtest4 WHERE id BETWEEN 4184817 AND 4184917
	Index Scan using sbtest4_pkey on sbtest4  (cost=0.43..412.00 rows=103 width=125)
	  Index Cond: ((id >= 4184817) AND (id <= 4184917))

table 5 : explain SELECT id, c FROM sbtest5 WHERE id BETWEEN 4184817 AND 4184917
	Index Scan using sbtest5_pkey on sbtest5  (cost=0.43..420.39 rows=105 width=125)
	  Index Cond: ((id >= 4184817) AND (id <= 4184917))

table 6 : explain SELECT id, c FROM sbtest6 WHERE id BETWEEN 4184817 AND 4184917
	Index Scan using sbtest6_pkey on sbtest6  (cost=0.43..403.98 rows=101 width=125)
	  Index Cond: ((id >= 4184817) AND (id <= 4184917))

table 7 : explain SELECT id, c FROM sbtest7 WHERE id BETWEEN 4184817 AND 4184917
	Index Scan using sbtest7_pkey on sbtest7  (cost=0.43..376.58 rows=94 width=125)
	  Index Cond: ((id >= 4184817) AND (id <= 4184917))

table 8 : explain SELECT id, c FROM sbtest8 WHERE id BETWEEN 4184817 AND 4184917
	Index Scan using sbtest8_pkey on sbtest8  (cost=0.43..383.08 rows=96 width=125)
	  Index Cond: ((id >= 4184817) AND (id <= 4184917))

explain: for range-notcovered :: explain SELECT id, c FROM sbtest%d WHERE id BETWEEN 5416942 AND 5417042
explain: for range-notcovered :: explain SELECT id, c FROM sbtest%d WHERE id BETWEEN 4184817 AND 4184917
for range-notcovered
table 1 : explain SELECT id, c FROM sbtest1 WHERE id BETWEEN 5569473 AND 5569573
	Index Scan using sbtest1_pkey on sbtest1  (cost=0.43..382.04 rows=95 width=125)
	  Index Cond: ((id >= 5569473) AND (id <= 5569573))

table 2 : explain SELECT id, c FROM sbtest2 WHERE id BETWEEN 5569473 AND 5569573
	Index Scan using sbtest2_pkey on sbtest2  (cost=0.43..417.12 rows=104 width=125)
	  Index Cond: ((id >= 5569473) AND (id <= 5569573))

table 3 : explain SELECT id, c FROM sbtest3 WHERE id BETWEEN 5569473 AND 5569573
	Index Scan using sbtest3_pkey on sbtest3  (cost=0.43..420.23 rows=105 width=125)
	  Index Cond: ((id >= 5569473) AND (id <= 5569573))

table 4 : explain SELECT id, c FROM sbtest4 WHERE id BETWEEN 5569473 AND 5569573
	Index Scan using sbtest4_pkey on sbtest4  (cost=0.43..412.00 rows=103 width=125)
	  Index Cond: ((id >= 5569473) AND (id <= 5569573))

table 5 : explain SELECT id, c FROM sbtest5 WHERE id BETWEEN 5569473 AND 5569573
	Index Scan using sbtest5_pkey on sbtest5  (cost=0.43..412.47 rows=103 width=125)
	  Index Cond: ((id >= 5569473) AND (id <= 5569573))

table 6 : explain SELECT id, c FROM sbtest6 WHERE id BETWEEN 5569473 AND 5569573
	Index Scan using sbtest6_pkey on sbtest6  (cost=0.43..411.89 rows=103 width=125)
	  Index Cond: ((id >= 5569473) AND (id <= 5569573))

table 7 : explain SELECT id, c FROM sbtest7 WHERE id BETWEEN 5569473 AND 5569573
	Index Scan using sbtest7_pkey on sbtest7  (cost=0.43..416.18 rows=104 width=125)
	  Index Cond: ((id >= 5569473) AND (id <= 5569573))

table 8 : explain SELECT id, c FROM sbtest8 WHERE id BETWEEN 5569473 AND 5569573
	Index Scan using sbtest8_pkey on sbtest8  (cost=0.43..390.99 rows=98 width=125)
	  Index Cond: ((id >= 5569473) AND (id <= 5569573))

for range-notcovered
table 1 : explain SELECT id, c FROM sbtest1 WHERE id BETWEEN 7811644 AND 7811744
	Index Scan using sbtest1_pkey on sbtest1  (cost=0.43..386.01 rows=96 width=125)
	  Index Cond: ((id >= 7811644) AND (id <= 7811744))

table 2 : explain SELECT id, c FROM sbtest2 WHERE id BETWEEN 7811644 AND 7811744
	Index Scan using sbtest2_pkey on sbtest2  (cost=0.43..369.50 rows=92 width=125)
	  Index Cond: ((id >= 7811644) AND (id <= 7811744))

table 3 : explain SELECT id, c FROM sbtest3 WHERE id BETWEEN 7811644 AND 7811744
	Index Scan using sbtest3_pkey on sbtest3  (cost=0.43..392.51 rows=98 width=125)
	  Index Cond: ((id >= 7811644) AND (id <= 7811744))

table 4 : explain SELECT id, c FROM sbtest4 WHERE id BETWEEN 7811644 AND 7811744
	Index Scan using sbtest4_pkey on sbtest4  (cost=0.43..380.33 rows=95 width=125)
	  Index Cond: ((id >= 7811644) AND (id <= 7811744))

table 5 : explain SELECT id, c FROM sbtest5 WHERE id BETWEEN 7811644 AND 7811744
	Index Scan using sbtest5_pkey on sbtest5  (cost=0.43..408.51 rows=102 width=125)
	  Index Cond: ((id >= 7811644) AND (id <= 7811744))

table 6 : explain SELECT id, c FROM sbtest6 WHERE id BETWEEN 7811644 AND 7811744
	Index Scan using sbtest6_pkey on sbtest6  (cost=0.43..380.24 rows=95 width=125)
	  Index Cond: ((id >= 7811644) AND (id <= 7811744))

table 7 : explain SELECT id, c FROM sbtest7 WHERE id BETWEEN 7811644 AND 7811744
	Index Scan using sbtest7_pkey on sbtest7  (cost=0.43..420.14 rows=105 width=125)
	  Index Cond: ((id >= 7811644) AND (id <= 7811744))

table 8 : explain SELECT id, c FROM sbtest8 WHERE id BETWEEN 7811644 AND 7811744
	Index Scan using sbtest8_pkey on sbtest8  (cost=0.43..394.93 rows=99 width=125)
	  Index Cond: ((id >= 7811644) AND (id <= 7811744))

explain: for range-notcovered :: explain SELECT id, c FROM sbtest%d WHERE id BETWEEN 3491802 AND 3491902
for range-notcovered
table 1 : explain SELECT id, c FROM sbtest1 WHERE id BETWEEN 9121698 AND 9121798
	Index Scan using sbtest1_pkey on sbtest1  (cost=0.43..429.74 rows=107 width=125)
	  Index Cond: ((id >= 9121698) AND (id <= 9121798))

table 2 : explain SELECT id, c FROM sbtest2 WHERE id BETWEEN 9121698 AND 9121798
	Index Scan using sbtest2_pkey on sbtest2  (cost=0.43..417.12 rows=104 width=125)
	  Index Cond: ((id >= 9121698) AND (id <= 9121798))

table 3 : explain SELECT id, c FROM sbtest3 WHERE id BETWEEN 9121698 AND 9121798
	Index Scan using sbtest3_pkey on sbtest3  (cost=0.43..396.47 rows=99 width=125)
	  Index Cond: ((id >= 9121698) AND (id <= 9121798))

table 4 : explain SELECT id, c FROM sbtest4 WHERE id BETWEEN 9121698 AND 9121798
	Index Scan using sbtest4_pkey on sbtest4  (cost=0.43..408.04 rows=102 width=125)
	  Index Cond: ((id >= 9121698) AND (id <= 9121798))

table 5 : explain SELECT id, c FROM sbtest5 WHERE id BETWEEN 9121698 AND 9121798
	Index Scan using sbtest5_pkey on sbtest5  (cost=0.43..388.69 rows=97 width=125)
	  Index Cond: ((id >= 9121698) AND (id <= 9121798))

table 6 : explain SELECT id, c FROM sbtest6 WHERE id BETWEEN 9121698 AND 9121798
	Index Scan using sbtest6_pkey on sbtest6  (cost=0.43..415.85 rows=104 width=125)
	  Index Cond: ((id >= 9121698) AND (id <= 9121798))

table 7 : explain SELECT id, c FROM sbtest7 WHERE id BETWEEN 9121698 AND 9121798
	Index Scan using sbtest7_pkey on sbtest7  (cost=0.43..384.50 rows=96 width=125)
	  Index Cond: ((id >= 9121698) AND (id <= 9121798))

table 8 : explain SELECT id, c FROM sbtest8 WHERE id BETWEEN 9121698 AND 9121798
	Index Scan using sbtest8_pkey on sbtest8  (cost=0.43..442.25 rows=111 width=125)
	  Index Cond: ((id >= 9121698) AND (id <= 9121798))

for range-notcovered
table 1 : explain SELECT id, c FROM sbtest1 WHERE id BETWEEN 8083042 AND 8083142
	Index Scan using sbtest1_pkey on sbtest1  (cost=0.43..389.99 rows=97 width=125)
	  Index Cond: ((id >= 8083042) AND (id <= 8083142))

table 2 : explain SELECT id, c FROM sbtest2 WHERE id BETWEEN 8083042 AND 8083142
	Index Scan using sbtest2_pkey on sbtest2  (cost=0.43..405.22 rows=101 width=125)
	  Index Cond: ((id >= 8083042) AND (id <= 8083142))

table 3 : explain SELECT id, c FROM sbtest3 WHERE id BETWEEN 8083042 AND 8083142
	Index Scan using sbtest3_pkey on sbtest3  (cost=0.43..432.11 rows=108 width=125)
	  Index Cond: ((id >= 8083042) AND (id <= 8083142))

table 4 : explain SELECT id, c FROM sbtest4 WHERE id BETWEEN 8083042 AND 8083142
	Index Scan using sbtest4_pkey on sbtest4  (cost=0.43..364.51 rows=91 width=125)
	  Index Cond: ((id >= 8083042) AND (id <= 8083142))

table 5 : explain SELECT id, c FROM sbtest5 WHERE id BETWEEN 8083042 AND 8083142
	Index Scan using sbtest5_pkey on sbtest5  (cost=0.43..416.43 rows=104 width=125)
	  Index Cond: ((id >= 8083042) AND (id <= 8083142))

table 6 : explain SELECT id, c FROM sbtest6 WHERE id BETWEEN 8083042 AND 8083142
	Index Scan using sbtest6_pkey on sbtest6  (cost=0.43..392.12 rows=98 width=125)
	  Index Cond: ((id >= 8083042) AND (id <= 8083142))

table 7 : explain SELECT id, c FROM sbtest7 WHERE id BETWEEN 8083042 AND 8083142
	Index Scan using sbtest7_pkey on sbtest7  (cost=0.43..408.26 rows=102 width=125)
	  Index Cond: ((id >= 8083042) AND (id <= 8083142))

table 8 : explain SELECT id, c FROM sbtest8 WHERE id BETWEEN 8083042 AND 8083142
	Index Scan using sbtest8_pkey on sbtest8  (cost=0.43..422.53 rows=106 width=125)
	  Index Cond: ((id >= 8083042) AND (id <= 8083142))
explain: for range-notcovered :: explain SELECT id, c FROM sbtest%d WHERE id BETWEEN 7811644 AND 7811744explain: for range-notcovered :: explain SELECT id, c FROM sbtest%d WHERE id BETWEEN 5569473 AND 5569573


explain: for range-notcovered :: explain SELECT id, c FROM sbtest%d WHERE id BETWEEN 9121698 AND 9121798
explain: for range-notcovered :: explain SELECT id, c FROM sbtest%d WHERE id BETWEEN 8083042 AND 8083142
explain: for range-notcovered :: explain SELECT id, c FROM sbtest%d WHERE id BETWEEN 6354377 AND 6354477
explain: for range-notcovered :: explain SELECT id, c FROM sbtest%d WHERE id BETWEEN 7583003 AND 7583103
for range-notcovered
table 1 : explain SELECT id, c FROM sbtest1 WHERE id BETWEEN 5586001 AND 5586101
	Index Scan using sbtest1_pkey on sbtest1  (cost=0.43..382.04 rows=95 width=125)
	  Index Cond: ((id >= 5586001) AND (id <= 5586101))

table 2 : explain SELECT id, c FROM sbtest2 WHERE id BETWEEN 5586001 AND 5586101
	Index Scan using sbtest2_pkey on sbtest2  (cost=0.43..417.12 rows=104 width=125)
	  Index Cond: ((id >= 5586001) AND (id <= 5586101))

table 3 : explain SELECT id, c FROM sbtest3 WHERE id BETWEEN 5586001 AND 5586101
	Index Scan using sbtest3_pkey on sbtest3  (cost=0.43..420.23 rows=105 width=125)
	  Index Cond: ((id >= 5586001) AND (id <= 5586101))

table 4 : explain SELECT id, c FROM sbtest4 WHERE id BETWEEN 5586001 AND 5586101
	Index Scan using sbtest4_pkey on sbtest4  (cost=0.43..412.00 rows=103 width=125)
	  Index Cond: ((id >= 5586001) AND (id <= 5586101))

table 5 : explain SELECT id, c FROM sbtest5 WHERE id BETWEEN 5586001 AND 5586101
	Index Scan using sbtest5_pkey on sbtest5  (cost=0.43..412.47 rows=103 width=125)
	  Index Cond: ((id >= 5586001) AND (id <= 5586101))

table 6 : explain SELECT id, c FROM sbtest6 WHERE id BETWEEN 5586001 AND 5586101
	Index Scan using sbtest6_pkey on sbtest6  (cost=0.43..411.89 rows=103 width=125)
	  Index Cond: ((id >= 5586001) AND (id <= 5586101))

table 7 : explain SELECT id, c FROM sbtest7 WHERE id BETWEEN 5586001 AND 5586101
	Index Scan using sbtest7_pkey on sbtest7  (cost=0.43..416.18 rows=104 width=125)
	  Index Cond: ((id >= 5586001) AND (id <= 5586101))

table 8 : explain SELECT id, c FROM sbtest8 WHERE id BETWEEN 5586001 AND 5586101
	Index Scan using sbtest8_pkey on sbtest8  (cost=0.43..390.99 rows=98 width=125)
	  Index Cond: ((id >= 5586001) AND (id <= 5586101))

for range-notcovered
table 1 : explain SELECT id, c FROM sbtest1 WHERE id BETWEEN 1635458 AND 1635558
	Index Scan using sbtest1_pkey on sbtest1  (cost=0.43..374.09 rows=93 width=125)
	  Index Cond: ((id >= 1635458) AND (id <= 1635558))

table 2 : explain SELECT id, c FROM sbtest2 WHERE id BETWEEN 1635458 AND 1635558
	Index Scan using sbtest2_pkey on sbtest2  (cost=0.43..409.19 rows=102 width=125)
	  Index Cond: ((id >= 1635458) AND (id <= 1635558))

table 3 : explain SELECT id, c FROM sbtest3 WHERE id BETWEEN 1635458 AND 1635558
	Index Scan using sbtest3_pkey on sbtest3  (cost=0.43..400.44 rows=100 width=125)
	  Index Cond: ((id >= 1635458) AND (id <= 1635558))

table 4 : explain SELECT id, c FROM sbtest4 WHERE id BETWEEN 1635458 AND 1635558
	Index Scan using sbtest4_pkey on sbtest4  (cost=0.43..364.51 rows=91 width=125)
	  Index Cond: ((id >= 1635458) AND (id <= 1635558))

table 5 : explain SELECT id, c FROM sbtest5 WHERE id BETWEEN 1635458 AND 1635558
	Index Scan using sbtest5_pkey on sbtest5  (cost=0.43..452.07 rows=113 width=125)
	  Index Cond: ((id >= 1635458) AND (id <= 1635558))

table 6 : explain SELECT id, c FROM sbtest6 WHERE id BETWEEN 1635458 AND 1635558
	Index Scan using sbtest6_pkey on sbtest6  (cost=0.43..380.24 rows=95 width=125)
	  Index Cond: ((id >= 1635458) AND (id <= 1635558))

table 7 : explain SELECT id, c FROM sbtest7 WHERE id BETWEEN 1635458 AND 1635558
	Index Scan using sbtest7_pkey on sbtest7  (cost=0.43..404.31 rows=101 width=125)
	  Index Cond: ((id >= 1635458) AND (id <= 1635558))

table 8 : explain SELECT id, c FROM sbtest8 WHERE id BETWEEN 1635458 AND 1635558
	Index Scan using sbtest8_pkey on sbtest8  (cost=0.43..414.65 rows=104 width=125)
	  Index Cond: ((id >= 1635458) AND (id <= 1635558))

for range-notcovered
table 1 : explain SELECT id, c FROM sbtest1 WHERE id BETWEEN 5218895 AND 5218995
	Index Scan using sbtest1_pkey on sbtest1  (cost=0.43..362.17 rows=90 width=125)
	  Index Cond: ((id >= 5218895) AND (id <= 5218995))

table 2 : explain SELECT id, c FROM sbtest2 WHERE id BETWEEN 5218895 AND 5218995
	Index Scan using sbtest2_pkey on sbtest2  (cost=0.43..373.47 rows=93 width=125)
	  Index Cond: ((id >= 5218895) AND (id <= 5218995))

table 3 : explain SELECT id, c FROM sbtest3 WHERE id BETWEEN 5218895 AND 5218995
	Index Scan using sbtest3_pkey on sbtest3  (cost=0.43..412.32 rows=103 width=125)
	  Index Cond: ((id >= 5218895) AND (id <= 5218995))

table 4 : explain SELECT id, c FROM sbtest4 WHERE id BETWEEN 5218895 AND 5218995
	Index Scan using sbtest4_pkey on sbtest4  (cost=0.43..400.13 rows=100 width=125)
	  Index Cond: ((id >= 5218895) AND (id <= 5218995))

table 5 : explain SELECT id, c FROM sbtest5 WHERE id BETWEEN 5218895 AND 5218995
	Index Scan using sbtest5_pkey on sbtest5  (cost=0.43..408.51 rows=102 width=125)
	  Index Cond: ((id >= 5218895) AND (id <= 5218995))

table 6 : explain SELECT id, c FROM sbtest6 WHERE id BETWEEN 5218895 AND 5218995
	Index Scan using sbtest6_pkey on sbtest6  (cost=0.43..388.15 rows=97 width=125)
	  Index Cond: ((id >= 5218895) AND (id <= 5218995))

table 7 : explain SELECT id, c FROM sbtest7 WHERE id BETWEEN 5218895 AND 5218995
	Index Scan using sbtest7_pkey on sbtest7  (cost=0.43..420.14 rows=105 width=125)
	  Index Cond: ((id >= 5218895) AND (id <= 5218995))

table 8 : explain SELECT id, c FROM sbtest8 WHERE id BETWEEN 5218895 AND 5218995
	Index Scan using sbtest8_pkey on sbtest8  (cost=0.43..367.31 rows=92 width=125)
	  Index Cond: ((id >= 5218895) AND (id <= 5218995))

for range-notcovered
table 1 : explain SELECT id, c FROM sbtest1 WHERE id BETWEEN 8067886 AND 8067986
	Index Scan using sbtest1_pkey on sbtest1  (cost=0.43..389.99 rows=97 width=125)
	  Index Cond: ((id >= 8067886) AND (id <= 8067986))

table 2 : explain SELECT id, c FROM sbtest2 WHERE id BETWEEN 8067886 AND 8067986
	Index Scan using sbtest2_pkey on sbtest2  (cost=0.43..405.22 rows=101 width=125)
	  Index Cond: ((id >= 8067886) AND (id <= 8067986))

table 3 : explain SELECT id, c FROM sbtest3 WHERE id BETWEEN 8067886 AND 8067986
	Index Scan using sbtest3_pkey on sbtest3  (cost=0.43..432.11 rows=108 width=125)
	  Index Cond: ((id >= 8067886) AND (id <= 8067986))

table 4 : explain SELECT id, c FROM sbtest4 WHERE id BETWEEN 8067886 AND 8067986
	Index Scan using sbtest4_pkey on sbtest4  (cost=0.43..364.51 rows=91 width=125)
	  Index Cond: ((id >= 8067886) AND (id <= 8067986))

table 5 : explain SELECT id, c FROM sbtest5 WHERE id BETWEEN 8067886 AND 8067986
	Index Scan using sbtest5_pkey on sbtest5  (cost=0.43..416.43 rows=104 width=125)
	  Index Cond: ((id >= 8067886) AND (id <= 8067986))

table 6 : explain SELECT id, c FROM sbtest6 WHERE id BETWEEN 8067886 AND 8067986
	Index Scan using sbtest6_pkey on sbtest6  (cost=0.43..392.12 rows=98 width=125)
	  Index Cond: ((id >= 8067886) AND (id <= 8067986))

table 7 : explain SELECT id, c FROM sbtest7 WHERE id BETWEEN 8067886 AND 8067986
	Index Scan using sbtest7_pkey on sbtest7  (cost=0.43..408.26 rows=102 width=125)
	  Index Cond: ((id >= 8067886) AND (id <= 8067986))

table 8 : explain SELECT id, c FROM sbtest8 WHERE id BETWEEN 8067886 AND 8067986
	Index Scan using sbtest8_pkey on sbtest8  (cost=0.43..422.53 rows=106 width=125)
	  Index Cond: ((id >= 8067886) AND (id <= 8067986))

explain: for range-notcovered :: explain SELECT id, c FROM sbtest%d WHERE id BETWEEN 5586001 AND 5586101
explain: for range-notcovered :: explain SELECT id, c FROM sbtest%d WHERE id BETWEEN 1635458 AND 1635558
explain: for range-notcovered :: explain SELECT id, c FROM sbtest%d WHERE id BETWEEN 5218895 AND 5218995
explain: for range-notcovered :: explain SELECT id, c FROM sbtest%d WHERE id BETWEEN 8067886 AND 8067986
for range-notcovered
table 1 : explain SELECT id, c FROM sbtest1 WHERE id BETWEEN 5416942 AND 5417042
	Index Scan using sbtest1_pkey on sbtest1  (cost=0.43..413.84 rows=103 width=125)
	  Index Cond: ((id >= 5416942) AND (id <= 5417042))

table 2 : explain SELECT id, c FROM sbtest2 WHERE id BETWEEN 5416942 AND 5417042
	Index Scan using sbtest2_pkey on sbtest2  (cost=0.43..432.99 rows=108 width=125)
	  Index Cond: ((id >= 5416942) AND (id <= 5417042))

table 3 : explain SELECT id, c FROM sbtest3 WHERE id BETWEEN 5416942 AND 5417042
	Index Scan using sbtest3_pkey on sbtest3  (cost=0.43..428.15 rows=107 width=125)
	  Index Cond: ((id >= 5416942) AND (id <= 5417042))

table 4 : explain SELECT id, c FROM sbtest4 WHERE id BETWEEN 5416942 AND 5417042
	Index Scan using sbtest4_pkey on sbtest4  (cost=0.43..415.95 rows=104 width=125)
	  Index Cond: ((id >= 5416942) AND (id <= 5417042))

table 5 : explain SELECT id, c FROM sbtest5 WHERE id BETWEEN 5416942 AND 5417042
	Index Scan using sbtest5_pkey on sbtest5  (cost=0.43..368.89 rows=92 width=125)
	  Index Cond: ((id >= 5416942) AND (id <= 5417042))

table 6 : explain SELECT id, c FROM sbtest6 WHERE id BETWEEN 5416942 AND 5417042
	Index Scan using sbtest6_pkey on sbtest6  (cost=0.43..411.89 rows=103 width=125)
	  Index Cond: ((id >= 5416942) AND (id <= 5417042))

table 7 : explain SELECT id, c FROM sbtest7 WHERE id BETWEEN 5416942 AND 5417042
	Index Scan using sbtest7_pkey on sbtest7  (cost=0.43..412.22 rows=103 width=125)
	  Index Cond: ((id >= 5416942) AND (id <= 5417042))

table 8 : explain SELECT id, c FROM sbtest8 WHERE id BETWEEN 5416942 AND 5417042
	Index Scan using sbtest8_pkey on sbtest8  (cost=0.43..394.93 rows=99 width=125)
	  Index Cond: ((id >= 5416942) AND (id <= 5417042))

for range-notcovered
table 1 : explain SELECT id, c FROM sbtest1 WHERE id BETWEEN 4942920 AND 4943020
	Index Scan using sbtest1_pkey on sbtest1  (cost=0.43..425.77 rows=106 width=125)
	  Index Cond: ((id >= 4942920) AND (id <= 4943020))

table 2 : explain SELECT id, c FROM sbtest2 WHERE id BETWEEN 4942920 AND 4943020
	Index Scan using sbtest2_pkey on sbtest2  (cost=0.43..440.92 rows=110 width=125)
	  Index Cond: ((id >= 4942920) AND (id <= 4943020))

table 3 : explain SELECT id, c FROM sbtest3 WHERE id BETWEEN 4942920 AND 4943020
	Index Scan using sbtest3_pkey on sbtest3  (cost=0.43..396.47 rows=99 width=125)
	  Index Cond: ((id >= 4942920) AND (id <= 4943020))

table 4 : explain SELECT id, c FROM sbtest4 WHERE id BETWEEN 4942920 AND 4943020
	Index Scan using sbtest4_pkey on sbtest4  (cost=0.43..427.82 rows=107 width=125)
	  Index Cond: ((id >= 4942920) AND (id <= 4943020))

table 5 : explain SELECT id, c FROM sbtest5 WHERE id BETWEEN 4942920 AND 4943020
	Index Scan using sbtest5_pkey on sbtest5  (cost=0.43..404.54 rows=101 width=125)
	  Index Cond: ((id >= 4942920) AND (id <= 4943020))

table 6 : explain SELECT id, c FROM sbtest6 WHERE id BETWEEN 4942920 AND 4943020
	Index Scan using sbtest6_pkey on sbtest6  (cost=0.43..400.03 rows=100 width=125)
	  Index Cond: ((id >= 4942920) AND (id <= 4943020))

table 7 : explain SELECT id, c FROM sbtest7 WHERE id BETWEEN 4942920 AND 4943020
	Index Scan using sbtest7_pkey on sbtest7  (cost=0.43..428.05 rows=107 width=125)
	  Index Cond: ((id >= 4942920) AND (id <= 4943020))

table 8 : explain SELECT id, c FROM sbtest8 WHERE id BETWEEN 4942920 AND 4943020
	Index Scan using sbtest8_pkey on sbtest8  (cost=0.43..406.76 rows=102 width=125)
	  Index Cond: ((id >= 4942920) AND (id <= 4943020))

for range-notcovered
table 1 : explain SELECT id, c FROM sbtest1 WHERE id BETWEEN 4184817 AND 4184917
	Index Scan using sbtest1_pkey on sbtest1  (cost=0.43..409.87 rows=102 width=125)
	  Index Cond: ((id >= 4184817) AND (id <= 4184917))

table 2 : explain SELECT id, c FROM sbtest2 WHERE id BETWEEN 4184817 AND 4184917
	Index Scan using sbtest2_pkey on sbtest2  (cost=0.43..409.19 rows=102 width=125)
	  Index Cond: ((id >= 4184817) AND (id <= 4184917))

table 3 : explain SELECT id, c FROM sbtest3 WHERE id BETWEEN 4184817 AND 4184917
	Index Scan using sbtest3_pkey on sbtest3  (cost=0.43..420.23 rows=105 width=125)
	  Index Cond: ((id >= 4184817) AND (id <= 4184917))

table 4 : explain SELECT id, c FROM sbtest4 WHERE id BETWEEN 4184817 AND 4184917
	Index Scan using sbtest4_pkey on sbtest4  (cost=0.43..412.00 rows=103 width=125)
	  Index Cond: ((id >= 4184817) AND (id <= 4184917))

table 5 : explain SELECT id, c FROM sbtest5 WHERE id BETWEEN 4184817 AND 4184917
	Index Scan using sbtest5_pkey on sbtest5  (cost=0.43..420.39 rows=105 width=125)
	  Index Cond: ((id >= 4184817) AND (id <= 4184917))

table 6 : explain SELECT id, c FROM sbtest6 WHERE id BETWEEN 4184817 AND 4184917
	Index Scan using sbtest6_pkey on sbtest6  (cost=0.43..403.98 rows=101 width=125)
	  Index Cond: ((id >= 4184817) AND (id <= 4184917))

table 7 : explain SELECT id, c FROM sbtest7 WHERE id BETWEEN 4184817 AND 4184917
	Index Scan using sbtest7_pkey on sbtest7  (cost=0.43..376.58 rows=94 width=125)
	  Index Cond: ((id >= 4184817) AND (id <= 4184917))

table 8 : explain SELECT id, c FROM sbtest8 WHERE id BETWEEN 4184817 AND 4184917
	Index Scan using sbtest8_pkey on sbtest8  (cost=0.43..383.08 rows=96 width=125)
	  Index Cond: ((id >= 4184817) AND (id <= 4184917))

for range-notcovered
table 1 : explain SELECT id, c FROM sbtest1 WHERE id BETWEEN 3491802 AND 3491902
	Index Scan using sbtest1_pkey on sbtest1  (cost=0.43..374.09 rows=93 width=125)
	  Index Cond: ((id >= 3491802) AND (id <= 3491902))

table 2 : explain SELECT id, c FROM sbtest2 WHERE id BETWEEN 3491802 AND 3491902
	Index Scan using sbtest2_pkey on sbtest2  (cost=0.43..409.19 rows=102 width=125)
	  Index Cond: ((id >= 3491802) AND (id <= 3491902))

table 3 : explain SELECT id, c FROM sbtest3 WHERE id BETWEEN 3491802 AND 3491902
	Index Scan using sbtest3_pkey on sbtest3  (cost=0.43..368.75 rows=92 width=125)
	  Index Cond: ((id >= 3491802) AND (id <= 3491902))

table 4 : explain SELECT id, c FROM sbtest4 WHERE id BETWEEN 3491802 AND 3491902
	Index Scan using sbtest4_pkey on sbtest4  (cost=0.43..380.33 rows=95 width=125)
	  Index Cond: ((id >= 3491802) AND (id <= 3491902))

table 5 : explain SELECT id, c FROM sbtest5 WHERE id BETWEEN 3491802 AND 3491902
	Index Scan using sbtest5_pkey on sbtest5  (cost=0.43..364.93 rows=91 width=125)
	  Index Cond: ((id >= 3491802) AND (id <= 3491902))

table 6 : explain SELECT id, c FROM sbtest6 WHERE id BETWEEN 3491802 AND 3491902
	Index Scan using sbtest6_pkey on sbtest6  (cost=0.43..392.12 rows=98 width=125)
	  Index Cond: ((id >= 3491802) AND (id <= 3491902))

table 7 : explain SELECT id, c FROM sbtest7 WHERE id BETWEEN 3491802 AND 3491902
	Index Scan using sbtest7_pkey on sbtest7  (cost=0.43..348.88 rows=87 width=125)
	  Index Cond: ((id >= 3491802) AND (id <= 3491902))

table 8 : explain SELECT id, c FROM sbtest8 WHERE id BETWEEN 3491802 AND 3491902
	Index Scan using sbtest8_pkey on sbtest8  (cost=0.43..410.70 rows=103 width=125)
	  Index Cond: ((id >= 3491802) AND (id <= 3491902))
explain: for range-notcovered :: explain SELECT id, c FROM sbtest%d WHERE id BETWEEN 5416942 AND 5417042for range-notcovered
table 1 : explain SELECT id, c FROM sbtest1 WHERE id BETWEEN 5569473 AND 5569573
	Index Scan using sbtest1_pkey on sbtest1  (cost=0.43..382.04 rows=95 width=125)
	  Index Cond: ((id >= 5569473) AND (id <= 5569573))

table 2 : explain SELECT id, c FROM sbtest2 WHERE id BETWEEN 5569473 AND 5569573
	Index Scan using sbtest2_pkey on sbtest2  (cost=0.43..417.12 rows=104 width=125)
	  Index Cond: ((id >= 5569473) AND (id <= 5569573))

table 3 : explain SELECT id, c FROM sbtest3 WHERE id BETWEEN 5569473 AND 5569573
	Index Scan using sbtest3_pkey on sbtest3  (cost=0.43..420.23 rows=105 width=125)
	  Index Cond: ((id >= 5569473) AND (id <= 5569573))

table 4 : explain SELECT id, c FROM sbtest4 WHERE id BETWEEN 5569473 AND 5569573
	Index Scan using sbtest4_pkey on sbtest4  (cost=0.43..412.00 rows=103 width=125)
	  Index Cond: ((id >= 5569473) AND (id <= 5569573))

table 5 : explain SELECT id, c FROM sbtest5 WHERE id BETWEEN 5569473 AND 5569573
	Index Scan using sbtest5_pkey on sbtest5  (cost=0.43..412.47 rows=103 width=125)
	  Index Cond: ((id >= 5569473) AND (id <= 5569573))

table 6 : explain SELECT id, c FROM sbtest6 WHERE id BETWEEN 5569473 AND 5569573
	Index Scan using sbtest6_pkey on sbtest6  (cost=0.43..411.89 rows=103 width=125)
	  Index Cond: ((id >= 5569473) AND (id <= 5569573))

table 7 : explain SELECT id, c FROM sbtest7 WHERE id BETWEEN 5569473 AND 5569573
	Index Scan using sbtest7_pkey on sbtest7  (cost=0.43..416.18 rows=104 width=125)
	  Index Cond: ((id >= 5569473) AND (id <= 5569573))

table 8 : explain SELECT id, c FROM sbtest8 WHERE id BETWEEN 5569473 AND 5569573
	Index Scan using sbtest8_pkey on sbtest8  (cost=0.43..390.99 rows=98 width=125)
	  Index Cond: ((id >= 5569473) AND (id <= 5569573))



explain: for range-notcovered :: explain SELECT id, c FROM sbtest%d WHERE id BETWEEN 4184817 AND 4184917
explain: for range-notcovered :: explain SELECT id, c FROM sbtest%d WHERE id BETWEEN 5569473 AND 5569573
for range-notcovered
table 1 : explain SELECT id, c FROM sbtest1 WHERE id BETWEEN 9121698 AND 9121798
	Index Scan using sbtest1_pkey on sbtest1  (cost=0.43..429.74 rows=107 width=125)
	  Index Cond: ((id >= 9121698) AND (id <= 9121798))

table 2 : explain SELECT id, c FROM sbtest2 WHERE id BETWEEN 9121698 AND 9121798
	Index Scan using sbtest2_pkey on sbtest2  (cost=0.43..417.12 rows=104 width=125)
	  Index Cond: ((id >= 9121698) AND (id <= 9121798))

table 3 : explain SELECT id, c FROM sbtest3 WHERE id BETWEEN 9121698 AND 9121798
	Index Scan using sbtest3_pkey on sbtest3  (cost=0.43..396.47 rows=99 width=125)
	  Index Cond: ((id >= 9121698) AND (id <= 9121798))

table 4 : explain SELECT id, c FROM sbtest4 WHERE id BETWEEN 9121698 AND 9121798
	Index Scan using sbtest4_pkey on sbtest4  (cost=0.43..408.04 rows=102 width=125)
	  Index Cond: ((id >= 9121698) AND (id <= 9121798))

table 5 : explain SELECT id, c FROM sbtest5 WHERE id BETWEEN 9121698 AND 9121798
	Index Scan using sbtest5_pkey on sbtest5  (cost=0.43..388.69 rows=97 width=125)
	  Index Cond: ((id >= 9121698) AND (id <= 9121798))

table 6 : explain SELECT id, c FROM sbtest6 WHERE id BETWEEN 9121698 AND 9121798
	Index Scan using sbtest6_pkey on sbtest6  (cost=0.43..415.85 rows=104 width=125)
	  Index Cond: ((id >= 9121698) AND (id <= 9121798))

table 7 : explain SELECT id, c FROM sbtest7 WHERE id BETWEEN 9121698 AND 9121798
	Index Scan using sbtest7_pkey on sbtest7  (cost=0.43..384.50 rows=96 width=125)
	  Index Cond: ((id >= 9121698) AND (id <= 9121798))

table 8 : explain SELECT id, c FROM sbtest8 WHERE id BETWEEN 9121698 AND 9121798
	Index Scan using sbtest8_pkey on sbtest8  (cost=0.43..442.25 rows=111 width=125)
	  Index Cond: ((id >= 9121698) AND (id <= 9121798))

explain: for range-notcovered :: explain SELECT id, c FROM sbtest%d WHERE id BETWEEN 3491802 AND 3491902
for range-notcovered
table 1 : explain SELECT id, c FROM sbtest1 WHERE id BETWEEN 8083042 AND 8083142
	Index Scan using sbtest1_pkey on sbtest1  (cost=0.43..389.99 rows=97 width=125)
	  Index Cond: ((id >= 8083042) AND (id <= 8083142))

table 2 : explain SELECT id, c FROM sbtest2 WHERE id BETWEEN 8083042 AND 8083142
	Index Scan using sbtest2_pkey on sbtest2  (cost=0.43..405.22 rows=101 width=125)
	  Index Cond: ((id >= 8083042) AND (id <= 8083142))

table 3 : explain SELECT id, c FROM sbtest3 WHERE id BETWEEN 8083042 AND 8083142
	Index Scan using sbtest3_pkey on sbtest3  (cost=0.43..432.11 rows=108 width=125)
	  Index Cond: ((id >= 8083042) AND (id <= 8083142))

table 4 : explain SELECT id, c FROM sbtest4 WHERE id BETWEEN 8083042 AND 8083142
	Index Scan using sbtest4_pkey on sbtest4  (cost=0.43..364.51 rows=91 width=125)
	  Index Cond: ((id >= 8083042) AND (id <= 8083142))

table 5 : explain SELECT id, c FROM sbtest5 WHERE id BETWEEN 8083042 AND 8083142
	Index Scan using sbtest5_pkey on sbtest5  (cost=0.43..416.43 rows=104 width=125)
	  Index Cond: ((id >= 8083042) AND (id <= 8083142))

table 6 : explain SELECT id, c FROM sbtest6 WHERE id BETWEEN 8083042 AND 8083142
	Index Scan using sbtest6_pkey on sbtest6  (cost=0.43..392.12 rows=98 width=125)
	  Index Cond: ((id >= 8083042) AND (id <= 8083142))

table 7 : explain SELECT id, c FROM sbtest7 WHERE id BETWEEN 8083042 AND 8083142
	Index Scan using sbtest7_pkey on sbtest7  (cost=0.43..408.26 rows=102 width=125)
	  Index Cond: ((id >= 8083042) AND (id <= 8083142))

table 8 : explain SELECT id, c FROM sbtest8 WHERE id BETWEEN 8083042 AND 8083142
	Index Scan using sbtest8_pkey on sbtest8  (cost=0.43..422.53 rows=106 width=125)
	  Index Cond: ((id >= 8083042) AND (id <= 8083142))

explain: for range-notcovered :: explain SELECT id, c FROM sbtest%d WHERE id BETWEEN 9121698 AND 9121798
explain: for range-notcovered :: explain SELECT id, c FROM sbtest%d WHERE id BETWEEN 8083042 AND 8083142
for range-notcovered
table 1 : explain SELECT id, c FROM sbtest1 WHERE id BETWEEN 7811644 AND 7811744
	Index Scan using sbtest1_pkey on sbtest1  (cost=0.43..386.01 rows=96 width=125)
	  Index Cond: ((id >= 7811644) AND (id <= 7811744))

table 2 : explain SELECT id, c FROM sbtest2 WHERE id BETWEEN 7811644 AND 7811744
	Index Scan using sbtest2_pkey on sbtest2  (cost=0.43..369.50 rows=92 width=125)
	  Index Cond: ((id >= 7811644) AND (id <= 7811744))

table 3 : explain SELECT id, c FROM sbtest3 WHERE id BETWEEN 7811644 AND 7811744
	Index Scan using sbtest3_pkey on sbtest3  (cost=0.43..392.51 rows=98 width=125)
	  Index Cond: ((id >= 7811644) AND (id <= 7811744))

table 4 : explain SELECT id, c FROM sbtest4 WHERE id BETWEEN 7811644 AND 7811744
	Index Scan using sbtest4_pkey on sbtest4  (cost=0.43..380.33 rows=95 width=125)
	  Index Cond: ((id >= 7811644) AND (id <= 7811744))

table 5 : explain SELECT id, c FROM sbtest5 WHERE id BETWEEN 7811644 AND 7811744
	Index Scan using sbtest5_pkey on sbtest5  (cost=0.43..408.51 rows=102 width=125)
	  Index Cond: ((id >= 7811644) AND (id <= 7811744))

table 6 : explain SELECT id, c FROM sbtest6 WHERE id BETWEEN 7811644 AND 7811744
	Index Scan using sbtest6_pkey on sbtest6  (cost=0.43..380.24 rows=95 width=125)
	  Index Cond: ((id >= 7811644) AND (id <= 7811744))

table 7 : explain SELECT id, c FROM sbtest7 WHERE id BETWEEN 7811644 AND 7811744
	Index Scan using sbtest7_pkey on sbtest7  (cost=0.43..420.14 rows=105 width=125)
	  Index Cond: ((id >= 7811644) AND (id <= 7811744))

table 8 : explain SELECT id, c FROM sbtest8 WHERE id BETWEEN 7811644 AND 7811744
	Index Scan using sbtest8_pkey on sbtest8  (cost=0.43..394.93 rows=99 width=125)
	  Index Cond: ((id >= 7811644) AND (id <= 7811744))

for range-notcovered
table 1 : explain SELECT id, c FROM sbtest1 WHERE id BETWEEN 4108379 AND 4108479
	Index Scan using sbtest1_pkey on sbtest1  (cost=0.43..417.82 rows=104 width=125)
	  Index Cond: ((id >= 4108379) AND (id <= 4108479))

table 2 : explain SELECT id, c FROM sbtest2 WHERE id BETWEEN 4108379 AND 4108479
	Index Scan using sbtest2_pkey on sbtest2  (cost=0.43..409.19 rows=102 width=125)
	  Index Cond: ((id >= 4108379) AND (id <= 4108479))

table 3 : explain SELECT id, c FROM sbtest3 WHERE id BETWEEN 4108379 AND 4108479
	Index Scan using sbtest3_pkey on sbtest3  (cost=0.43..420.23 rows=105 width=125)
	  Index Cond: ((id >= 4108379) AND (id <= 4108479))

table 4 : explain SELECT id, c FROM sbtest4 WHERE id BETWEEN 4108379 AND 4108479
	Index Scan using sbtest4_pkey on sbtest4  (cost=0.43..412.00 rows=103 width=125)
	  Index Cond: ((id >= 4108379) AND (id <= 4108479))

table 5 : explain SELECT id, c FROM sbtest5 WHERE id BETWEEN 4108379 AND 4108479
	Index Scan using sbtest5_pkey on sbtest5  (cost=0.43..380.77 rows=95 width=125)
	  Index Cond: ((id >= 4108379) AND (id <= 4108479))

table 6 : explain SELECT id, c FROM sbtest6 WHERE id BETWEEN 4108379 AND 4108479
	Index Scan using sbtest6_pkey on sbtest6  (cost=0.43..407.94 rows=102 width=125)
	  Index Cond: ((id >= 4108379) AND (id <= 4108479))

table 7 : explain SELECT id, c FROM sbtest7 WHERE id BETWEEN 4108379 AND 4108479
	Index Scan using sbtest7_pkey on sbtest7  (cost=0.43..376.58 rows=94 width=125)
	  Index Cond: ((id >= 4108379) AND (id <= 4108479))

table 8 : explain SELECT id, c FROM sbtest8 WHERE id BETWEEN 4108379 AND 4108479
	Index Scan using sbtest8_pkey on sbtest8  (cost=0.43..383.08 rows=96 width=125)
	  Index Cond: ((id >= 4108379) AND (id <= 4108479))

for range-notcovered
table 1 : explain SELECT id, c FROM sbtest1 WHERE id BETWEEN 6309518 AND 6309618
	Index Scan using sbtest1_pkey on sbtest1  (cost=0.43..425.77 rows=106 width=125)
	  Index Cond: ((id >= 6309518) AND (id <= 6309618))

table 2 : explain SELECT id, c FROM sbtest2 WHERE id BETWEEN 6309518 AND 6309618
	Index Scan using sbtest2_pkey on sbtest2  (cost=0.43..413.15 rows=103 width=125)
	  Index Cond: ((id >= 6309518) AND (id <= 6309618))

table 3 : explain SELECT id, c FROM sbtest3 WHERE id BETWEEN 6309518 AND 6309618
	Index Scan using sbtest3_pkey on sbtest3  (cost=0.43..384.59 rows=96 width=125)
	  Index Cond: ((id >= 6309518) AND (id <= 6309618))

table 4 : explain SELECT id, c FROM sbtest4 WHERE id BETWEEN 6309518 AND 6309618
	Index Scan using sbtest4_pkey on sbtest4  (cost=0.43..380.33 rows=95 width=125)
	  Index Cond: ((id >= 6309518) AND (id <= 6309618))

table 5 : explain SELECT id, c FROM sbtest5 WHERE id BETWEEN 6309518 AND 6309618
	Index Scan using sbtest5_pkey on sbtest5  (cost=0.43..452.07 rows=113 width=125)
	  Index Cond: ((id >= 6309518) AND (id <= 6309618))

table 6 : explain SELECT id, c FROM sbtest6 WHERE id BETWEEN 6309518 AND 6309618
	Index Scan using sbtest6_pkey on sbtest6  (cost=0.43..403.98 rows=101 width=125)
	  Index Cond: ((id >= 6309518) AND (id <= 6309618))

table 7 : explain SELECT id, c FROM sbtest7 WHERE id BETWEEN 6309518 AND 6309618
	Index Scan using sbtest7_pkey on sbtest7  (cost=0.43..388.47 rows=97 width=125)
	  Index Cond: ((id >= 6309518) AND (id <= 6309618))

table 8 : explain SELECT id, c FROM sbtest8 WHERE id BETWEEN 6309518 AND 6309618
	Index Scan using sbtest8_pkey on sbtest8  (cost=0.43..426.48 rows=107 width=125)
	  Index Cond: ((id >= 6309518) AND (id <= 6309618))

for range-notcovered
table 1 : explain SELECT id, c FROM sbtest1 WHERE id BETWEEN 5218895 AND 5218995
	Index Scan using sbtest1_pkey on sbtest1  (cost=0.43..362.17 rows=90 width=125)
	  Index Cond: ((id >= 5218895) AND (id <= 5218995))

table 2 : explain SELECT id, c FROM sbtest2 WHERE id BETWEEN 5218895 AND 5218995
	Index Scan using sbtest2_pkey on sbtest2  (cost=0.43..373.47 rows=93 width=125)
	  Index Cond: ((id >= 5218895) AND (id <= 5218995))

table 3 : explain SELECT id, c FROM sbtest3 WHERE id BETWEEN 5218895 AND 5218995
	Index Scan using sbtest3_pkey on sbtest3  (cost=0.43..412.32 rows=103 width=125)
	  Index Cond: ((id >= 5218895) AND (id <= 5218995))

table 4 : explain SELECT id, c FROM sbtest4 WHERE id BETWEEN 5218895 AND 5218995
	Index Scan using sbtest4_pkey on sbtest4  (cost=0.43..400.13 rows=100 width=125)
	  Index Cond: ((id >= 5218895) AND (id <= 5218995))

table 5 : explain SELECT id, c FROM sbtest5 WHERE id BETWEEN 5218895 AND 5218995
	Index Scan using sbtest5_pkey on sbtest5  (cost=0.43..408.51 rows=102 width=125)
	  Index Cond: ((id >= 5218895) AND (id <= 5218995))

table 6 : explain SELECT id, c FROM sbtest6 WHERE id BETWEEN 5218895 AND 5218995
	Index Scan using sbtest6_pkey on sbtest6  (cost=0.43..388.15 rows=97 width=125)
	  Index Cond: ((id >= 5218895) AND (id <= 5218995))

table 7 : explain SELECT id, c FROM sbtest7 WHERE id BETWEEN 5218895 AND 5218995
	Index Scan using sbtest7_pkey on sbtest7  (cost=0.43..420.14 rows=105 width=125)
	  Index Cond: ((id >= 5218895) AND (id <= 5218995))

table 8 : explain SELECT id, c FROM sbtest8 WHERE id BETWEEN 5218895 AND 5218995
	Index Scan using sbtest8_pkey on sbtest8  (cost=0.43..367.31 rows=92 width=125)
	  Index Cond: ((id >= 5218895) AND (id <= 5218995))

explain: for range-notcovered :: explain SELECT id, c FROM sbtest%d WHERE id BETWEEN 4108379 AND 4108479
explain: for range-notcovered :: explain SELECT id, c FROM sbtest%d WHERE id BETWEEN 6309518 AND 6309618
explain: for range-notcovered :: explain SELECT id, c FROM sbtest%d WHERE id BETWEEN 5218895 AND 5218995
for range-notcovered
table 1 : explain SELECT id, c FROM sbtest1 WHERE id BETWEEN 8067886 AND 8067986
	Index Scan using sbtest1_pkey on sbtest1  (cost=0.43..389.99 rows=97 width=125)
	  Index Cond: ((id >= 8067886) AND (id <= 8067986))

table 2 : explain SELECT id, c FROM sbtest2 WHERE id BETWEEN 8067886 AND 8067986
	Index Scan using sbtest2_pkey on sbtest2  (cost=0.43..405.22 rows=101 width=125)
	  Index Cond: ((id >= 8067886) AND (id <= 8067986))

table 3 : explain SELECT id, c FROM sbtest3 WHERE id BETWEEN 8067886 AND 8067986
	Index Scan using sbtest3_pkey on sbtest3  (cost=0.43..432.11 rows=108 width=125)
	  Index Cond: ((id >= 8067886) AND (id <= 8067986))

table 4 : explain SELECT id, c FROM sbtest4 WHERE id BETWEEN 8067886 AND 8067986
	Index Scan using sbtest4_pkey on sbtest4  (cost=0.43..364.51 rows=91 width=125)
	  Index Cond: ((id >= 8067886) AND (id <= 8067986))

table 5 : explain SELECT id, c FROM sbtest5 WHERE id BETWEEN 8067886 AND 8067986
	Index Scan using sbtest5_pkey on sbtest5  (cost=0.43..416.43 rows=104 width=125)
	  Index Cond: ((id >= 8067886) AND (id <= 8067986))

table 6 : explain SELECT id, c FROM sbtest6 WHERE id BETWEEN 8067886 AND 8067986
	Index Scan using sbtest6_pkey on sbtest6  (cost=0.43..392.12 rows=98 width=125)
	  Index Cond: ((id >= 8067886) AND (id <= 8067986))

table 7 : explain SELECT id, c FROM sbtest7 WHERE id BETWEEN 8067886 AND 8067986
	Index Scan using sbtest7_pkey on sbtest7  (cost=0.43..408.26 rows=102 width=125)
	  Index Cond: ((id >= 8067886) AND (id <= 8067986))

table 8 : explain SELECT id, c FROM sbtest8 WHERE id BETWEEN 8067886 AND 8067986
	Index Scan using sbtest8_pkey on sbtest8  (cost=0.43..422.53 rows=106 width=125)
	  Index Cond: ((id >= 8067886) AND (id <= 8067986))

for range-notcovered
table 1 : explain SELECT id, c FROM sbtest1 WHERE id BETWEEN 1635458 AND 1635558
	Index Scan using sbtest1_pkey on sbtest1  (cost=0.43..374.09 rows=93 width=125)
	  Index Cond: ((id >= 1635458) AND (id <= 1635558))

table 2 : explain SELECT id, c FROM sbtest2 WHERE id BETWEEN 1635458 AND 1635558
	Index Scan using sbtest2_pkey on sbtest2  (cost=0.43..409.19 rows=102 width=125)
	  Index Cond: ((id >= 1635458) AND (id <= 1635558))

table 3 : explain SELECT id, c FROM sbtest3 WHERE id BETWEEN 1635458 AND 1635558
	Index Scan using sbtest3_pkey on sbtest3  (cost=0.43..400.44 rows=100 width=125)
	  Index Cond: ((id >= 1635458) AND (id <= 1635558))

table 4 : explain SELECT id, c FROM sbtest4 WHERE id BETWEEN 1635458 AND 1635558
	Index Scan using sbtest4_pkey on sbtest4  (cost=0.43..364.51 rows=91 width=125)
	  Index Cond: ((id >= 1635458) AND (id <= 1635558))

table 5 : explain SELECT id, c FROM sbtest5 WHERE id BETWEEN 1635458 AND 1635558
	Index Scan using sbtest5_pkey on sbtest5  (cost=0.43..452.07 rows=113 width=125)
	  Index Cond: ((id >= 1635458) AND (id <= 1635558))

table 6 : explain SELECT id, c FROM sbtest6 WHERE id BETWEEN 1635458 AND 1635558
	Index Scan using sbtest6_pkey on sbtest6  (cost=0.43..380.24 rows=95 width=125)
	  Index Cond: ((id >= 1635458) AND (id <= 1635558))

table 7 : explain SELECT id, c FROM sbtest7 WHERE id BETWEEN 1635458 AND 1635558
	Index Scan using sbtest7_pkey on sbtest7  (cost=0.43..404.31 rows=101 width=125)
	  Index Cond: ((id >= 1635458) AND (id <= 1635558))

table 8 : explain SELECT id, c FROM sbtest8 WHERE id BETWEEN 1635458 AND 1635558
	Index Scan using sbtest8_pkey on sbtest8  (cost=0.43..414.65 rows=104 width=125)
	  Index Cond: ((id >= 1635458) AND (id <= 1635558))

explain: for range-notcovered :: explain SELECT id, c FROM sbtest%d WHERE id BETWEEN 8067886 AND 8067986
explain: for range-notcovered :: explain SELECT id, c FROM sbtest%d WHERE id BETWEEN 1635458 AND 1635558
for range-notcovered
table 1 : explain SELECT id, c FROM sbtest1 WHERE id BETWEEN 5416942 AND 5417042
	Index Scan using sbtest1_pkey on sbtest1  (cost=0.43..413.84 rows=103 width=125)
	  Index Cond: ((id >= 5416942) AND (id <= 5417042))

table 2 : explain SELECT id, c FROM sbtest2 WHERE id BETWEEN 5416942 AND 5417042
	Index Scan using sbtest2_pkey on sbtest2  (cost=0.43..432.99 rows=108 width=125)
	  Index Cond: ((id >= 5416942) AND (id <= 5417042))

table 3 : explain SELECT id, c FROM sbtest3 WHERE id BETWEEN 5416942 AND 5417042
	Index Scan using sbtest3_pkey on sbtest3  (cost=0.43..428.15 rows=107 width=125)
	  Index Cond: ((id >= 5416942) AND (id <= 5417042))

table 4 : explain SELECT id, c FROM sbtest4 WHERE id BETWEEN 5416942 AND 5417042
	Index Scan using sbtest4_pkey on sbtest4  (cost=0.43..415.95 rows=104 width=125)
	  Index Cond: ((id >= 5416942) AND (id <= 5417042))

table 5 : explain SELECT id, c FROM sbtest5 WHERE id BETWEEN 5416942 AND 5417042
	Index Scan using sbtest5_pkey on sbtest5  (cost=0.43..368.89 rows=92 width=125)
	  Index Cond: ((id >= 5416942) AND (id <= 5417042))

table 6 : explain SELECT id, c FROM sbtest6 WHERE id BETWEEN 5416942 AND 5417042
	Index Scan using sbtest6_pkey on sbtest6  (cost=0.43..411.89 rows=103 width=125)
	  Index Cond: ((id >= 5416942) AND (id <= 5417042))

table 7 : explain SELECT id, c FROM sbtest7 WHERE id BETWEEN 5416942 AND 5417042
	Index Scan using sbtest7_pkey on sbtest7  (cost=0.43..412.22 rows=103 width=125)
	  Index Cond: ((id >= 5416942) AND (id <= 5417042))

table 8 : explain SELECT id, c FROM sbtest8 WHERE id BETWEEN 5416942 AND 5417042
	Index Scan using sbtest8_pkey on sbtest8  (cost=0.43..394.93 rows=99 width=125)
	  Index Cond: ((id >= 5416942) AND (id <= 5417042))

for range-notcovered
table 1 : explain SELECT id, c FROM sbtest1 WHERE id BETWEEN 8371058 AND 8371158
	Index Scan using sbtest1_pkey on sbtest1  (cost=0.43..393.96 rows=98 width=125)
	  Index Cond: ((id >= 8371058) AND (id <= 8371158))

table 2 : explain SELECT id, c FROM sbtest2 WHERE id BETWEEN 8371058 AND 8371158
	Index Scan using sbtest2_pkey on sbtest2  (cost=0.43..385.37 rows=96 width=125)
	  Index Cond: ((id >= 8371058) AND (id <= 8371158))

table 3 : explain SELECT id, c FROM sbtest3 WHERE id BETWEEN 8371058 AND 8371158
	Index Scan using sbtest3_pkey on sbtest3  (cost=0.43..404.40 rows=101 width=125)
	  Index Cond: ((id >= 8371058) AND (id <= 8371158))

table 4 : explain SELECT id, c FROM sbtest4 WHERE id BETWEEN 8371058 AND 8371158
	Index Scan using sbtest4_pkey on sbtest4  (cost=0.43..384.29 rows=96 width=125)
	  Index Cond: ((id >= 8371058) AND (id <= 8371158))

table 5 : explain SELECT id, c FROM sbtest5 WHERE id BETWEEN 8371058 AND 8371158
	Index Scan using sbtest5_pkey on sbtest5  (cost=0.43..408.51 rows=102 width=125)
	  Index Cond: ((id >= 8371058) AND (id <= 8371158))

table 6 : explain SELECT id, c FROM sbtest6 WHERE id BETWEEN 8371058 AND 8371158
	Index Scan using sbtest6_pkey on sbtest6  (cost=0.43..396.07 rows=99 width=125)
	  Index Cond: ((id >= 8371058) AND (id <= 8371158))

table 7 : explain SELECT id, c FROM sbtest7 WHERE id BETWEEN 8371058 AND 8371158
	Index Scan using sbtest7_pkey on sbtest7  (cost=0.43..428.05 rows=107 width=125)
	  Index Cond: ((id >= 8371058) AND (id <= 8371158))

table 8 : explain SELECT id, c FROM sbtest8 WHERE id BETWEEN 8371058 AND 8371158
	Index Scan using sbtest8_pkey on sbtest8  (cost=0.43..406.76 rows=102 width=125)
	  Index Cond: ((id >= 8371058) AND (id <= 8371158))

for range-notcovered
table 1 : explain SELECT id, c FROM sbtest1 WHERE id BETWEEN 4184817 AND 4184917
	Index Scan using sbtest1_pkey on sbtest1  (cost=0.43..409.87 rows=102 width=125)
	  Index Cond: ((id >= 4184817) AND (id <= 4184917))

table 2 : explain SELECT id, c FROM sbtest2 WHERE id BETWEEN 4184817 AND 4184917
	Index Scan using sbtest2_pkey on sbtest2  (cost=0.43..409.19 rows=102 width=125)
	  Index Cond: ((id >= 4184817) AND (id <= 4184917))

table 3 : explain SELECT id, c FROM sbtest3 WHERE id BETWEEN 4184817 AND 4184917
	Index Scan using sbtest3_pkey on sbtest3  (cost=0.43..420.23 rows=105 width=125)
	  Index Cond: ((id >= 4184817) AND (id <= 4184917))

table 4 : explain SELECT id, c FROM sbtest4 WHERE id BETWEEN 4184817 AND 4184917
	Index Scan using sbtest4_pkey on sbtest4  (cost=0.43..412.00 rows=103 width=125)
	  Index Cond: ((id >= 4184817) AND (id <= 4184917))

table 5 : explain SELECT id, c FROM sbtest5 WHERE id BETWEEN 4184817 AND 4184917
	Index Scan using sbtest5_pkey on sbtest5  (cost=0.43..420.39 rows=105 width=125)
	  Index Cond: ((id >= 4184817) AND (id <= 4184917))

table 6 : explain SELECT id, c FROM sbtest6 WHERE id BETWEEN 4184817 AND 4184917
	Index Scan using sbtest6_pkey on sbtest6  (cost=0.43..403.98 rows=101 width=125)
	  Index Cond: ((id >= 4184817) AND (id <= 4184917))

table 7 : explain SELECT id, c FROM sbtest7 WHERE id BETWEEN 4184817 AND 4184917
	Index Scan using sbtest7_pkey on sbtest7  (cost=0.43..376.58 rows=94 width=125)
	  Index Cond: ((id >= 4184817) AND (id <= 4184917))

table 8 : explain SELECT id, c FROM sbtest8 WHERE id BETWEEN 4184817 AND 4184917
	Index Scan using sbtest8_pkey on sbtest8  (cost=0.43..383.08 rows=96 width=125)
	  Index Cond: ((id >= 4184817) AND (id <= 4184917))

for range-notcovered
table 1 : explain SELECT id, c FROM sbtest1 WHERE id BETWEEN 5569473 AND 5569573
	Index Scan using sbtest1_pkey on sbtest1  (cost=0.43..382.04 rows=95 width=125)
	  Index Cond: ((id >= 5569473) AND (id <= 5569573))

table 2 : explain SELECT id, c FROM sbtest2 WHERE id BETWEEN 5569473 AND 5569573
	Index Scan using sbtest2_pkey on sbtest2  (cost=0.43..417.12 rows=104 width=125)
	  Index Cond: ((id >= 5569473) AND (id <= 5569573))

table 3 : explain SELECT id, c FROM sbtest3 WHERE id BETWEEN 5569473 AND 5569573
	Index Scan using sbtest3_pkey on sbtest3  (cost=0.43..420.23 rows=105 width=125)
	  Index Cond: ((id >= 5569473) AND (id <= 5569573))

table 4 : explain SELECT id, c FROM sbtest4 WHERE id BETWEEN 5569473 AND 5569573
	Index Scan using sbtest4_pkey on sbtest4  (cost=0.43..412.00 rows=103 width=125)
	  Index Cond: ((id >= 5569473) AND (id <= 5569573))

table 5 : explain SELECT id, c FROM sbtest5 WHERE id BETWEEN 5569473 AND 5569573
	Index Scan using sbtest5_pkey on sbtest5  (cost=0.43..412.47 rows=103 width=125)
	  Index Cond: ((id >= 5569473) AND (id <= 5569573))

table 6 : explain SELECT id, c FROM sbtest6 WHERE id BETWEEN 5569473 AND 5569573
	Index Scan using sbtest6_pkey on sbtest6  (cost=0.43..411.89 rows=103 width=125)
	  Index Cond: ((id >= 5569473) AND (id <= 5569573))

table 7 : explain SELECT id, c FROM sbtest7 WHERE id BETWEEN 5569473 AND 5569573
	Index Scan using sbtest7_pkey on sbtest7  (cost=0.43..416.18 rows=104 width=125)
	  Index Cond: ((id >= 5569473) AND (id <= 5569573))

table 8 : explain SELECT id, c FROM sbtest8 WHERE id BETWEEN 5569473 AND 5569573
	Index Scan using sbtest8_pkey on sbtest8  (cost=0.43..390.99 rows=98 width=125)
	  Index Cond: ((id >= 5569473) AND (id <= 5569573))

explain: for range-notcovered :: explain SELECT id, c FROM sbtest%d WHERE id BETWEEN 5416942 AND 5417042for range-notcovered
table 1 : explain SELECT id, c FROM sbtest1 WHERE id BETWEEN 3491802 AND 3491902
	Index Scan using sbtest1_pkey on sbtest1  (cost=0.43..374.09 rows=93 width=125)
	  Index Cond: ((id >= 3491802) AND (id <= 3491902))

table 2 : explain SELECT id, c FROM sbtest2 WHERE id BETWEEN 3491802 AND 3491902
	Index Scan using sbtest2_pkey on sbtest2  (cost=0.43..409.19 rows=102 width=125)
	  Index Cond: ((id >= 3491802) AND (id <= 3491902))

table 3 : explain SELECT id, c FROM sbtest3 WHERE id BETWEEN 3491802 AND 3491902
	Index Scan using sbtest3_pkey on sbtest3  (cost=0.43..368.75 rows=92 width=125)
	  Index Cond: ((id >= 3491802) AND (id <= 3491902))

table 4 : explain SELECT id, c FROM sbtest4 WHERE id BETWEEN 3491802 AND 3491902
	Index Scan using sbtest4_pkey on sbtest4  (cost=0.43..380.33 rows=95 width=125)
	  Index Cond: ((id >= 3491802) AND (id <= 3491902))

table 5 : explain SELECT id, c FROM sbtest5 WHERE id BETWEEN 3491802 AND 3491902
	Index Scan using sbtest5_pkey on sbtest5  (cost=0.43..364.93 rows=91 width=125)
	  Index Cond: ((id >= 3491802) AND (id <= 3491902))

table 6 : explain SELECT id, c FROM sbtest6 WHERE id BETWEEN 3491802 AND 3491902
	Index Scan using sbtest6_pkey on sbtest6  (cost=0.43..392.12 rows=98 width=125)
	  Index Cond: ((id >= 3491802) AND (id <= 3491902))

table 7 : explain SELECT id, c FROM sbtest7 WHERE id BETWEEN 3491802 AND 3491902
	Index Scan using sbtest7_pkey on sbtest7  (cost=0.43..348.88 rows=87 width=125)
	  Index Cond: ((id >= 3491802) AND (id <= 3491902))

table 8 : explain SELECT id, c FROM sbtest8 WHERE id BETWEEN 3491802 AND 3491902
	Index Scan using sbtest8_pkey on sbtest8  (cost=0.43..410.70 rows=103 width=125)
	  Index Cond: ((id >= 3491802) AND (id <= 3491902))


explain: for range-notcovered :: explain SELECT id, c FROM sbtest%d WHERE id BETWEEN 4184817 AND 4184917explain: for range-notcovered :: explain SELECT id, c FROM sbtest%d WHERE id BETWEEN 7811644 AND 7811744explain: for range-notcovered :: explain SELECT id, c FROM sbtest%d WHERE id BETWEEN 8371058 AND 8371158

for range-notcovered
table 1 : explain SELECT id, c FROM sbtest1 WHERE id BETWEEN 9121698 AND 9121798
	Index Scan using sbtest1_pkey on sbtest1  (cost=0.43..429.74 rows=107 width=125)
	  Index Cond: ((id >= 9121698) AND (id <= 9121798))

table 2 : explain SELECT id, c FROM sbtest2 WHERE id BETWEEN 9121698 AND 9121798
	Index Scan using sbtest2_pkey on sbtest2  (cost=0.43..417.12 rows=104 width=125)
	  Index Cond: ((id >= 9121698) AND (id <= 9121798))

table 3 : explain SELECT id, c FROM sbtest3 WHERE id BETWEEN 9121698 AND 9121798
	Index Scan using sbtest3_pkey on sbtest3  (cost=0.43..396.47 rows=99 width=125)
	  Index Cond: ((id >= 9121698) AND (id <= 9121798))

table 4 : explain SELECT id, c FROM sbtest4 WHERE id BETWEEN 9121698 AND 9121798
	Index Scan using sbtest4_pkey on sbtest4  (cost=0.43..408.04 rows=102 width=125)
	  Index Cond: ((id >= 9121698) AND (id <= 9121798))

table 5 : explain SELECT id, c FROM sbtest5 WHERE id BETWEEN 9121698 AND 9121798
	Index Scan using sbtest5_pkey on sbtest5  (cost=0.43..388.69 rows=97 width=125)
	  Index Cond: ((id >= 9121698) AND (id <= 9121798))

table 6 : explain SELECT id, c FROM sbtest6 WHERE id BETWEEN 9121698 AND 9121798
	Index Scan using sbtest6_pkey on sbtest6  (cost=0.43..415.85 rows=104 width=125)
	  Index Cond: ((id >= 9121698) AND (id <= 9121798))

table 7 : explain SELECT id, c FROM sbtest7 WHERE id BETWEEN 9121698 AND 9121798
	Index Scan using sbtest7_pkey on sbtest7  (cost=0.43..384.50 rows=96 width=125)
	  Index Cond: ((id >= 9121698) AND (id <= 9121798))

table 8 : explain SELECT id, c FROM sbtest8 WHERE id BETWEEN 9121698 AND 9121798
	Index Scan using sbtest8_pkey on sbtest8  (cost=0.43..442.25 rows=111 width=125)
	  Index Cond: ((id >= 9121698) AND (id <= 9121798))

explain: for range-notcovered :: explain SELECT id, c FROM sbtest%d WHERE id BETWEEN 5569473 AND 5569573

for range-notcovered
table 1 : explain SELECT id, c FROM sbtest1 WHERE id BETWEEN 8083042 AND 8083142
	Index Scan using sbtest1_pkey on sbtest1  (cost=0.43..389.99 rows=97 width=125)
	  Index Cond: ((id >= 8083042) AND (id <= 8083142))

table 2 : explain SELECT id, c FROM sbtest2 WHERE id BETWEEN 8083042 AND 8083142
	Index Scan using sbtest2_pkey on sbtest2  (cost=0.43..405.22 rows=101 width=125)
	  Index Cond: ((id >= 8083042) AND (id <= 8083142))

table 3 : explain SELECT id, c FROM sbtest3 WHERE id BETWEEN 8083042 AND 8083142
	Index Scan using sbtest3_pkey on sbtest3  (cost=0.43..432.11 rows=108 width=125)
	  Index Cond: ((id >= 8083042) AND (id <= 8083142))

table 4 : explain SELECT id, c FROM sbtest4 WHERE id BETWEEN 8083042 AND 8083142
	Index Scan using sbtest4_pkey on sbtest4  (cost=0.43..364.51 rows=91 width=125)
	  Index Cond: ((id >= 8083042) AND (id <= 8083142))

table 5 : explain SELECT id, c FROM sbtest5 WHERE id BETWEEN 8083042 AND 8083142
	Index Scan using sbtest5_pkey on sbtest5  (cost=0.43..416.43 rows=104 width=125)
	  Index Cond: ((id >= 8083042) AND (id <= 8083142))

table 6 : explain SELECT id, c FROM sbtest6 WHERE id BETWEEN 8083042 AND 8083142
	Index Scan using sbtest6_pkey on sbtest6  (cost=0.43..392.12 rows=98 width=125)
	  Index Cond: ((id >= 8083042) AND (id <= 8083142))

table 7 : explain SELECT id, c FROM sbtest7 WHERE id BETWEEN 8083042 AND 8083142
	Index Scan using sbtest7_pkey on sbtest7  (cost=0.43..408.26 rows=102 width=125)
	  Index Cond: ((id >= 8083042) AND (id <= 8083142))

table 8 : explain SELECT id, c FROM sbtest8 WHERE id BETWEEN 8083042 AND 8083142
	Index Scan using sbtest8_pkey on sbtest8  (cost=0.43..422.53 rows=106 width=125)
	  Index Cond: ((id >= 8083042) AND (id <= 8083142))

explain: for range-notcovered :: explain SELECT id, c FROM sbtest%d WHERE id BETWEEN 3491802 AND 3491902
explain: for range-notcovered :: explain SELECT id, c FROM sbtest%d WHERE id BETWEEN 8083042 AND 8083142
explain: for range-notcovered :: explain SELECT id, c FROM sbtest%d WHERE id BETWEEN 9121698 AND 9121798
explain: for range-notcovered :: explain SELECT id, c FROM sbtest%d WHERE id BETWEEN 7057860 AND 7057960
for range-notcovered
table 1 : explain SELECT id, c FROM sbtest1 WHERE id BETWEEN 8067886 AND 8067986
	Index Scan using sbtest1_pkey on sbtest1  (cost=0.43..389.99 rows=97 width=125)
	  Index Cond: ((id >= 8067886) AND (id <= 8067986))

table 2 : explain SELECT id, c FROM sbtest2 WHERE id BETWEEN 8067886 AND 8067986
	Index Scan using sbtest2_pkey on sbtest2  (cost=0.43..405.22 rows=101 width=125)
	  Index Cond: ((id >= 8067886) AND (id <= 8067986))

table 3 : explain SELECT id, c FROM sbtest3 WHERE id BETWEEN 8067886 AND 8067986
	Index Scan using sbtest3_pkey on sbtest3  (cost=0.43..432.11 rows=108 width=125)
	  Index Cond: ((id >= 8067886) AND (id <= 8067986))

table 4 : explain SELECT id, c FROM sbtest4 WHERE id BETWEEN 8067886 AND 8067986
	Index Scan using sbtest4_pkey on sbtest4  (cost=0.43..364.51 rows=91 width=125)
	  Index Cond: ((id >= 8067886) AND (id <= 8067986))

table 5 : explain SELECT id, c FROM sbtest5 WHERE id BETWEEN 8067886 AND 8067986
	Index Scan using sbtest5_pkey on sbtest5  (cost=0.43..416.43 rows=104 width=125)
	  Index Cond: ((id >= 8067886) AND (id <= 8067986))

table 6 : explain SELECT id, c FROM sbtest6 WHERE id BETWEEN 8067886 AND 8067986
	Index Scan using sbtest6_pkey on sbtest6  (cost=0.43..392.12 rows=98 width=125)
	  Index Cond: ((id >= 8067886) AND (id <= 8067986))

table 7 : explain SELECT id, c FROM sbtest7 WHERE id BETWEEN 8067886 AND 8067986
	Index Scan using sbtest7_pkey on sbtest7  (cost=0.43..408.26 rows=102 width=125)
	  Index Cond: ((id >= 8067886) AND (id <= 8067986))

table 8 : explain SELECT id, c FROM sbtest8 WHERE id BETWEEN 8067886 AND 8067986
	Index Scan using sbtest8_pkey on sbtest8  (cost=0.43..422.53 rows=106 width=125)
	  Index Cond: ((id >= 8067886) AND (id <= 8067986))

for range-notcovered
table 1 : explain SELECT id, c FROM sbtest1 WHERE id BETWEEN 1635458 AND 1635558
	Index Scan using sbtest1_pkey on sbtest1  (cost=0.43..374.09 rows=93 width=125)
	  Index Cond: ((id >= 1635458) AND (id <= 1635558))

table 2 : explain SELECT id, c FROM sbtest2 WHERE id BETWEEN 1635458 AND 1635558
	Index Scan using sbtest2_pkey on sbtest2  (cost=0.43..409.19 rows=102 width=125)
	  Index Cond: ((id >= 1635458) AND (id <= 1635558))

table 3 : explain SELECT id, c FROM sbtest3 WHERE id BETWEEN 1635458 AND 1635558
	Index Scan using sbtest3_pkey on sbtest3  (cost=0.43..400.44 rows=100 width=125)
	  Index Cond: ((id >= 1635458) AND (id <= 1635558))

table 4 : explain SELECT id, c FROM sbtest4 WHERE id BETWEEN 1635458 AND 1635558
	Index Scan using sbtest4_pkey on sbtest4  (cost=0.43..364.51 rows=91 width=125)
	  Index Cond: ((id >= 1635458) AND (id <= 1635558))

table 5 : explain SELECT id, c FROM sbtest5 WHERE id BETWEEN 1635458 AND 1635558
	Index Scan using sbtest5_pkey on sbtest5  (cost=0.43..452.07 rows=113 width=125)
	  Index Cond: ((id >= 1635458) AND (id <= 1635558))

table 6 : explain SELECT id, c FROM sbtest6 WHERE id BETWEEN 1635458 AND 1635558
	Index Scan using sbtest6_pkey on sbtest6  (cost=0.43..380.24 rows=95 width=125)
	  Index Cond: ((id >= 1635458) AND (id <= 1635558))

table 7 : explain SELECT id, c FROM sbtest7 WHERE id BETWEEN 1635458 AND 1635558
	Index Scan using sbtest7_pkey on sbtest7  (cost=0.43..404.31 rows=101 width=125)
	  Index Cond: ((id >= 1635458) AND (id <= 1635558))

table 8 : explain SELECT id, c FROM sbtest8 WHERE id BETWEEN 1635458 AND 1635558
	Index Scan using sbtest8_pkey on sbtest8  (cost=0.43..414.65 rows=104 width=125)
	  Index Cond: ((id >= 1635458) AND (id <= 1635558))

explain: for range-notcovered :: explain SELECT id, c FROM sbtest%d WHERE id BETWEEN 8067886 AND 8067986
for range-notcovered
table 1 : explain SELECT id, c FROM sbtest1 WHERE id BETWEEN 5218895 AND 5218995
	Index Scan using sbtest1_pkey on sbtest1  (cost=0.43..362.17 rows=90 width=125)
	  Index Cond: ((id >= 5218895) AND (id <= 5218995))

table 2 : explain SELECT id, c FROM sbtest2 WHERE id BETWEEN 5218895 AND 5218995
	Index Scan using sbtest2_pkey on sbtest2  (cost=0.43..373.47 rows=93 width=125)
	  Index Cond: ((id >= 5218895) AND (id <= 5218995))

table 3 : explain SELECT id, c FROM sbtest3 WHERE id BETWEEN 5218895 AND 5218995
	Index Scan using sbtest3_pkey on sbtest3  (cost=0.43..412.32 rows=103 width=125)
	  Index Cond: ((id >= 5218895) AND (id <= 5218995))

table 4 : explain SELECT id, c FROM sbtest4 WHERE id BETWEEN 5218895 AND 5218995
	Index Scan using sbtest4_pkey on sbtest4  (cost=0.43..400.13 rows=100 width=125)
	  Index Cond: ((id >= 5218895) AND (id <= 5218995))

table 5 : explain SELECT id, c FROM sbtest5 WHERE id BETWEEN 5218895 AND 5218995
	Index Scan using sbtest5_pkey on sbtest5  (cost=0.43..408.51 rows=102 width=125)
	  Index Cond: ((id >= 5218895) AND (id <= 5218995))

table 6 : explain SELECT id, c FROM sbtest6 WHERE id BETWEEN 5218895 AND 5218995
	Index Scan using sbtest6_pkey on sbtest6  (cost=0.43..388.15 rows=97 width=125)
	  Index Cond: ((id >= 5218895) AND (id <= 5218995))

table 7 : explain SELECT id, c FROM sbtest7 WHERE id BETWEEN 5218895 AND 5218995
	Index Scan using sbtest7_pkey on sbtest7  (cost=0.43..420.14 rows=105 width=125)
	  Index Cond: ((id >= 5218895) AND (id <= 5218995))

table 8 : explain SELECT id, c FROM sbtest8 WHERE id BETWEEN 5218895 AND 5218995
	Index Scan using sbtest8_pkey on sbtest8  (cost=0.43..367.31 rows=92 width=125)
	  Index Cond: ((id >= 5218895) AND (id <= 5218995))

explain: for range-notcovered :: explain SELECT id, c FROM sbtest%d WHERE id BETWEEN 1635458 AND 1635558
explain: for range-notcovered :: explain SELECT id, c FROM sbtest%d WHERE id BETWEEN 5218895 AND 5218995
for range-notcovered
table 1 : explain SELECT id, c FROM sbtest1 WHERE id BETWEEN 5416942 AND 5417042
	Index Scan using sbtest1_pkey on sbtest1  (cost=0.43..413.84 rows=103 width=125)
	  Index Cond: ((id >= 5416942) AND (id <= 5417042))

table 2 : explain SELECT id, c FROM sbtest2 WHERE id BETWEEN 5416942 AND 5417042
	Index Scan using sbtest2_pkey on sbtest2  (cost=0.43..432.99 rows=108 width=125)
	  Index Cond: ((id >= 5416942) AND (id <= 5417042))

table 3 : explain SELECT id, c FROM sbtest3 WHERE id BETWEEN 5416942 AND 5417042
	Index Scan using sbtest3_pkey on sbtest3  (cost=0.43..428.15 rows=107 width=125)
	  Index Cond: ((id >= 5416942) AND (id <= 5417042))

table 4 : explain SELECT id, c FROM sbtest4 WHERE id BETWEEN 5416942 AND 5417042
	Index Scan using sbtest4_pkey on sbtest4  (cost=0.43..415.95 rows=104 width=125)
	  Index Cond: ((id >= 5416942) AND (id <= 5417042))

table 5 : explain SELECT id, c FROM sbtest5 WHERE id BETWEEN 5416942 AND 5417042
	Index Scan using sbtest5_pkey on sbtest5  (cost=0.43..368.89 rows=92 width=125)
	  Index Cond: ((id >= 5416942) AND (id <= 5417042))

table 6 : explain SELECT id, c FROM sbtest6 WHERE id BETWEEN 5416942 AND 5417042
	Index Scan using sbtest6_pkey on sbtest6  (cost=0.43..411.89 rows=103 width=125)
	  Index Cond: ((id >= 5416942) AND (id <= 5417042))

table 7 : explain SELECT id, c FROM sbtest7 WHERE id BETWEEN 5416942 AND 5417042
	Index Scan using sbtest7_pkey on sbtest7  (cost=0.43..412.22 rows=103 width=125)
	  Index Cond: ((id >= 5416942) AND (id <= 5417042))

table 8 : explain SELECT id, c FROM sbtest8 WHERE id BETWEEN 5416942 AND 5417042
	Index Scan using sbtest8_pkey on sbtest8  (cost=0.43..394.93 rows=99 width=125)
	  Index Cond: ((id >= 5416942) AND (id <= 5417042))

for range-notcovered
table 1 : explain SELECT id, c FROM sbtest1 WHERE id BETWEEN 5569473 AND 5569573
	Index Scan using sbtest1_pkey on sbtest1  (cost=0.43..382.04 rows=95 width=125)
	  Index Cond: ((id >= 5569473) AND (id <= 5569573))

table 2 : explain SELECT id, c FROM sbtest2 WHERE id BETWEEN 5569473 AND 5569573
	Index Scan using sbtest2_pkey on sbtest2  (cost=0.43..417.12 rows=104 width=125)
	  Index Cond: ((id >= 5569473) AND (id <= 5569573))

table 3 : explain SELECT id, c FROM sbtest3 WHERE id BETWEEN 5569473 AND 5569573
	Index Scan using sbtest3_pkey on sbtest3  (cost=0.43..420.23 rows=105 width=125)
	  Index Cond: ((id >= 5569473) AND (id <= 5569573))

table 4 : explain SELECT id, c FROM sbtest4 WHERE id BETWEEN 5569473 AND 5569573
	Index Scan using sbtest4_pkey on sbtest4  (cost=0.43..412.00 rows=103 width=125)
	  Index Cond: ((id >= 5569473) AND (id <= 5569573))

table 5 : explain SELECT id, c FROM sbtest5 WHERE id BETWEEN 5569473 AND 5569573
	Index Scan using sbtest5_pkey on sbtest5  (cost=0.43..412.47 rows=103 width=125)
	  Index Cond: ((id >= 5569473) AND (id <= 5569573))

table 6 : explain SELECT id, c FROM sbtest6 WHERE id BETWEEN 5569473 AND 5569573
	Index Scan using sbtest6_pkey on sbtest6  (cost=0.43..411.89 rows=103 width=125)
	  Index Cond: ((id >= 5569473) AND (id <= 5569573))

table 7 : explain SELECT id, c FROM sbtest7 WHERE id BETWEEN 5569473 AND 5569573
	Index Scan using sbtest7_pkey on sbtest7  (cost=0.43..416.18 rows=104 width=125)
	  Index Cond: ((id >= 5569473) AND (id <= 5569573))

table 8 : explain SELECT id, c FROM sbtest8 WHERE id BETWEEN 5569473 AND 5569573
	Index Scan using sbtest8_pkey on sbtest8  (cost=0.43..390.99 rows=98 width=125)
	  Index Cond: ((id >= 5569473) AND (id <= 5569573))

for range-notcovered
table 1 : explain SELECT id, c FROM sbtest1 WHERE id BETWEEN 4184817 AND 4184917
	Index Scan using sbtest1_pkey on sbtest1  (cost=0.43..409.87 rows=102 width=125)
	  Index Cond: ((id >= 4184817) AND (id <= 4184917))

table 2 : explain SELECT id, c FROM sbtest2 WHERE id BETWEEN 4184817 AND 4184917
	Index Scan using sbtest2_pkey on sbtest2  (cost=0.43..409.19 rows=102 width=125)
	  Index Cond: ((id >= 4184817) AND (id <= 4184917))

table 3 : explain SELECT id, c FROM sbtest3 WHERE id BETWEEN 4184817 AND 4184917
	Index Scan using sbtest3_pkey on sbtest3  (cost=0.43..420.23 rows=105 width=125)
	  Index Cond: ((id >= 4184817) AND (id <= 4184917))

table 4 : explain SELECT id, c FROM sbtest4 WHERE id BETWEEN 4184817 AND 4184917
	Index Scan using sbtest4_pkey on sbtest4  (cost=0.43..412.00 rows=103 width=125)
	  Index Cond: ((id >= 4184817) AND (id <= 4184917))

table 5 : explain SELECT id, c FROM sbtest5 WHERE id BETWEEN 4184817 AND 4184917
	Index Scan using sbtest5_pkey on sbtest5  (cost=0.43..420.39 rows=105 width=125)
	  Index Cond: ((id >= 4184817) AND (id <= 4184917))

table 6 : explain SELECT id, c FROM sbtest6 WHERE id BETWEEN 4184817 AND 4184917
	Index Scan using sbtest6_pkey on sbtest6  (cost=0.43..403.98 rows=101 width=125)
	  Index Cond: ((id >= 4184817) AND (id <= 4184917))

table 7 : explain SELECT id, c FROM sbtest7 WHERE id BETWEEN 4184817 AND 4184917
	Index Scan using sbtest7_pkey on sbtest7  (cost=0.43..376.58 rows=94 width=125)
	  Index Cond: ((id >= 4184817) AND (id <= 4184917))

table 8 : explain SELECT id, c FROM sbtest8 WHERE id BETWEEN 4184817 AND 4184917
	Index Scan using sbtest8_pkey on sbtest8  (cost=0.43..383.08 rows=96 width=125)
	  Index Cond: ((id >= 4184817) AND (id <= 4184917))

explain: for range-notcovered :: explain SELECT id, c FROM sbtest%d WHERE id BETWEEN 5416942 AND 5417042
explain: for range-notcovered :: explain SELECT id, c FROM sbtest%d WHERE id BETWEEN 5569473 AND 5569573
for range-notcovered
table 1 : explain SELECT id, c FROM sbtest1 WHERE id BETWEEN 8083042 AND 8083142
	Index Scan using sbtest1_pkey on sbtest1  (cost=0.43..389.99 rows=97 width=125)
	  Index Cond: ((id >= 8083042) AND (id <= 8083142))

table 2 : explain SELECT id, c FROM sbtest2 WHERE id BETWEEN 8083042 AND 8083142
	Index Scan using sbtest2_pkey on sbtest2  (cost=0.43..405.22 rows=101 width=125)
	  Index Cond: ((id >= 8083042) AND (id <= 8083142))

table 3 : explain SELECT id, c FROM sbtest3 WHERE id BETWEEN 8083042 AND 8083142
	Index Scan using sbtest3_pkey on sbtest3  (cost=0.43..432.11 rows=108 width=125)
	  Index Cond: ((id >= 8083042) AND (id <= 8083142))

table 4 : explain SELECT id, c FROM sbtest4 WHERE id BETWEEN 8083042 AND 8083142
	Index Scan using sbtest4_pkey on sbtest4  (cost=0.43..364.51 rows=91 width=125)
	  Index Cond: ((id >= 8083042) AND (id <= 8083142))

table 5 : explain SELECT id, c FROM sbtest5 WHERE id BETWEEN 8083042 AND 8083142
	Index Scan using sbtest5_pkey on sbtest5  (cost=0.43..416.43 rows=104 width=125)
	  Index Cond: ((id >= 8083042) AND (id <= 8083142))

table 6 : explain SELECT id, c FROM sbtest6 WHERE id BETWEEN 8083042 AND 8083142
	Index Scan using sbtest6_pkey on sbtest6  (cost=0.43..392.12 rows=98 width=125)
	  Index Cond: ((id >= 8083042) AND (id <= 8083142))

table 7 : explain SELECT id, c FROM sbtest7 WHERE id BETWEEN 8083042 AND 8083142
	Index Scan using sbtest7_pkey on sbtest7  (cost=0.43..408.26 rows=102 width=125)
	  Index Cond: ((id >= 8083042) AND (id <= 8083142))

table 8 : explain SELECT id, c FROM sbtest8 WHERE id BETWEEN 8083042 AND 8083142
	Index Scan using sbtest8_pkey on sbtest8  (cost=0.43..422.53 rows=106 width=125)
	  Index Cond: ((id >= 8083042) AND (id <= 8083142))

for range-notcovered
table 1 : explain SELECT id, c FROM sbtest1 WHERE id BETWEEN 8371058 AND 8371158
	Index Scan using sbtest1_pkey on sbtest1  (cost=0.43..393.96 rows=98 width=125)
	  Index Cond: ((id >= 8371058) AND (id <= 8371158))

table 2 : explain SELECT id, c FROM sbtest2 WHERE id BETWEEN 8371058 AND 8371158
	Index Scan using sbtest2_pkey on sbtest2  (cost=0.43..385.37 rows=96 width=125)
	  Index Cond: ((id >= 8371058) AND (id <= 8371158))

table 3 : explain SELECT id, c FROM sbtest3 WHERE id BETWEEN 8371058 AND 8371158
	Index Scan using sbtest3_pkey on sbtest3  (cost=0.43..404.40 rows=101 width=125)
	  Index Cond: ((id >= 8371058) AND (id <= 8371158))

table 4 : explain SELECT id, c FROM sbtest4 WHERE id BETWEEN 8371058 AND 8371158
	Index Scan using sbtest4_pkey on sbtest4  (cost=0.43..384.29 rows=96 width=125)
	  Index Cond: ((id >= 8371058) AND (id <= 8371158))

table 5 : explain SELECT id, c FROM sbtest5 WHERE id BETWEEN 8371058 AND 8371158
	Index Scan using sbtest5_pkey on sbtest5  (cost=0.43..408.51 rows=102 width=125)
	  Index Cond: ((id >= 8371058) AND (id <= 8371158))

table 6 : explain SELECT id, c FROM sbtest6 WHERE id BETWEEN 8371058 AND 8371158
	Index Scan using sbtest6_pkey on sbtest6  (cost=0.43..396.07 rows=99 width=125)
	  Index Cond: ((id >= 8371058) AND (id <= 8371158))

table 7 : explain SELECT id, c FROM sbtest7 WHERE id BETWEEN 8371058 AND 8371158
	Index Scan using sbtest7_pkey on sbtest7  (cost=0.43..428.05 rows=107 width=125)
	  Index Cond: ((id >= 8371058) AND (id <= 8371158))

table 8 : explain SELECT id, c FROM sbtest8 WHERE id BETWEEN 8371058 AND 8371158
	Index Scan using sbtest8_pkey on sbtest8  (cost=0.43..406.76 rows=102 width=125)
	  Index Cond: ((id >= 8371058) AND (id <= 8371158))

for range-notcovered
table 1 : explain SELECT id, c FROM sbtest1 WHERE id BETWEEN 3491802 AND 3491902
	Index Scan using sbtest1_pkey on sbtest1  (cost=0.43..374.09 rows=93 width=125)
	  Index Cond: ((id >= 3491802) AND (id <= 3491902))

table 2 : explain SELECT id, c FROM sbtest2 WHERE id BETWEEN 3491802 AND 3491902
	Index Scan using sbtest2_pkey on sbtest2  (cost=0.43..409.19 rows=102 width=125)
	  Index Cond: ((id >= 3491802) AND (id <= 3491902))

table 3 : explain SELECT id, c FROM sbtest3 WHERE id BETWEEN 3491802 AND 3491902
	Index Scan using sbtest3_pkey on sbtest3  (cost=0.43..368.75 rows=92 width=125)
	  Index Cond: ((id >= 3491802) AND (id <= 3491902))

table 4 : explain SELECT id, c FROM sbtest4 WHERE id BETWEEN 3491802 AND 3491902
	Index Scan using sbtest4_pkey on sbtest4  (cost=0.43..380.33 rows=95 width=125)
	  Index Cond: ((id >= 3491802) AND (id <= 3491902))

table 5 : explain SELECT id, c FROM sbtest5 WHERE id BETWEEN 3491802 AND 3491902
	Index Scan using sbtest5_pkey on sbtest5  (cost=0.43..364.93 rows=91 width=125)
	  Index Cond: ((id >= 3491802) AND (id <= 3491902))

table 6 : explain SELECT id, c FROM sbtest6 WHERE id BETWEEN 3491802 AND 3491902
	Index Scan using sbtest6_pkey on sbtest6  (cost=0.43..392.12 rows=98 width=125)
	  Index Cond: ((id >= 3491802) AND (id <= 3491902))

table 7 : explain SELECT id, c FROM sbtest7 WHERE id BETWEEN 3491802 AND 3491902
	Index Scan using sbtest7_pkey on sbtest7  (cost=0.43..348.88 rows=87 width=125)
	  Index Cond: ((id >= 3491802) AND (id <= 3491902))

table 8 : explain SELECT id, c FROM sbtest8 WHERE id BETWEEN 3491802 AND 3491902
	Index Scan using sbtest8_pkey on sbtest8  (cost=0.43..410.70 rows=103 width=125)
	  Index Cond: ((id >= 3491802) AND (id <= 3491902))

explain: for range-notcovered :: explain SELECT id, c FROM sbtest%d WHERE id BETWEEN 8083042 AND 8083142
explain: for range-notcovered :: explain SELECT id, c FROM sbtest%d WHERE id BETWEEN 8371058 AND 8371158
explain: for range-notcovered :: explain SELECT id, c FROM sbtest%d WHERE id BETWEEN 3491802 AND 3491902
for range-notcovered
table 1 : explain SELECT id, c FROM sbtest1 WHERE id BETWEEN 7811644 AND 7811744
	Index Scan using sbtest1_pkey on sbtest1  (cost=0.43..386.01 rows=96 width=125)
	  Index Cond: ((id >= 7811644) AND (id <= 7811744))

table 2 : explain SELECT id, c FROM sbtest2 WHERE id BETWEEN 7811644 AND 7811744
	Index Scan using sbtest2_pkey on sbtest2  (cost=0.43..369.50 rows=92 width=125)
	  Index Cond: ((id >= 7811644) AND (id <= 7811744))

table 3 : explain SELECT id, c FROM sbtest3 WHERE id BETWEEN 7811644 AND 7811744
	Index Scan using sbtest3_pkey on sbtest3  (cost=0.43..392.51 rows=98 width=125)
	  Index Cond: ((id >= 7811644) AND (id <= 7811744))

table 4 : explain SELECT id, c FROM sbtest4 WHERE id BETWEEN 7811644 AND 7811744
	Index Scan using sbtest4_pkey on sbtest4  (cost=0.43..380.33 rows=95 width=125)
	  Index Cond: ((id >= 7811644) AND (id <= 7811744))

table 5 : explain SELECT id, c FROM sbtest5 WHERE id BETWEEN 7811644 AND 7811744
	Index Scan using sbtest5_pkey on sbtest5  (cost=0.43..408.51 rows=102 width=125)
	  Index Cond: ((id >= 7811644) AND (id <= 7811744))

table 6 : explain SELECT id, c FROM sbtest6 WHERE id BETWEEN 7811644 AND 7811744
	Index Scan using sbtest6_pkey on sbtest6  (cost=0.43..380.24 rows=95 width=125)
	  Index Cond: ((id >= 7811644) AND (id <= 7811744))

table 7 : explain SELECT id, c FROM sbtest7 WHERE id BETWEEN 7811644 AND 7811744
	Index Scan using sbtest7_pkey on sbtest7  (cost=0.43..420.14 rows=105 width=125)
	  Index Cond: ((id >= 7811644) AND (id <= 7811744))

table 8 : explain SELECT id, c FROM sbtest8 WHERE id BETWEEN 7811644 AND 7811744
	Index Scan using sbtest8_pkey on sbtest8  (cost=0.43..394.93 rows=99 width=125)
	  Index Cond: ((id >= 7811644) AND (id <= 7811744))

explain: for range-notcovered :: explain SELECT id, c FROM sbtest%d WHERE id BETWEEN 7811644 AND 7811744
for range-notcovered
table 1 : explain SELECT id, c FROM sbtest1 WHERE id BETWEEN 8067886 AND 8067986
	Index Scan using sbtest1_pkey on sbtest1  (cost=0.43..389.99 rows=97 width=125)
	  Index Cond: ((id >= 8067886) AND (id <= 8067986))

table 2 : explain SELECT id, c FROM sbtest2 WHERE id BETWEEN 8067886 AND 8067986
	Index Scan using sbtest2_pkey on sbtest2  (cost=0.43..405.22 rows=101 width=125)
	  Index Cond: ((id >= 8067886) AND (id <= 8067986))

table 3 : explain SELECT id, c FROM sbtest3 WHERE id BETWEEN 8067886 AND 8067986
	Index Scan using sbtest3_pkey on sbtest3  (cost=0.43..432.11 rows=108 width=125)
	  Index Cond: ((id >= 8067886) AND (id <= 8067986))

table 4 : explain SELECT id, c FROM sbtest4 WHERE id BETWEEN 8067886 AND 8067986
	Index Scan using sbtest4_pkey on sbtest4  (cost=0.43..364.51 rows=91 width=125)
	  Index Cond: ((id >= 8067886) AND (id <= 8067986))

table 5 : explain SELECT id, c FROM sbtest5 WHERE id BETWEEN 8067886 AND 8067986
	Index Scan using sbtest5_pkey on sbtest5  (cost=0.43..416.43 rows=104 width=125)
	  Index Cond: ((id >= 8067886) AND (id <= 8067986))

table 6 : explain SELECT id, c FROM sbtest6 WHERE id BETWEEN 8067886 AND 8067986
	Index Scan using sbtest6_pkey on sbtest6  (cost=0.43..392.12 rows=98 width=125)
	  Index Cond: ((id >= 8067886) AND (id <= 8067986))

table 7 : explain SELECT id, c FROM sbtest7 WHERE id BETWEEN 8067886 AND 8067986
	Index Scan using sbtest7_pkey on sbtest7  (cost=0.43..408.26 rows=102 width=125)
	  Index Cond: ((id >= 8067886) AND (id <= 8067986))

table 8 : explain SELECT id, c FROM sbtest8 WHERE id BETWEEN 8067886 AND 8067986
	Index Scan using sbtest8_pkey on sbtest8  (cost=0.43..422.53 rows=106 width=125)
	  Index Cond: ((id >= 8067886) AND (id <= 8067986))

for range-notcovered
table 1 : explain SELECT id, c FROM sbtest1 WHERE id BETWEEN 9121698 AND 9121798
	Index Scan using sbtest1_pkey on sbtest1  (cost=0.43..429.74 rows=107 width=125)
	  Index Cond: ((id >= 9121698) AND (id <= 9121798))

table 2 : explain SELECT id, c FROM sbtest2 WHERE id BETWEEN 9121698 AND 9121798
	Index Scan using sbtest2_pkey on sbtest2  (cost=0.43..417.12 rows=104 width=125)
	  Index Cond: ((id >= 9121698) AND (id <= 9121798))

table 3 : explain SELECT id, c FROM sbtest3 WHERE id BETWEEN 9121698 AND 9121798
	Index Scan using sbtest3_pkey on sbtest3  (cost=0.43..396.47 rows=99 width=125)
	  Index Cond: ((id >= 9121698) AND (id <= 9121798))

table 4 : explain SELECT id, c FROM sbtest4 WHERE id BETWEEN 9121698 AND 9121798
	Index Scan using sbtest4_pkey on sbtest4  (cost=0.43..408.04 rows=102 width=125)
	  Index Cond: ((id >= 9121698) AND (id <= 9121798))

table 5 : explain SELECT id, c FROM sbtest5 WHERE id BETWEEN 9121698 AND 9121798
	Index Scan using sbtest5_pkey on sbtest5  (cost=0.43..388.69 rows=97 width=125)
	  Index Cond: ((id >= 9121698) AND (id <= 9121798))

table 6 : explain SELECT id, c FROM sbtest6 WHERE id BETWEEN 9121698 AND 9121798
	Index Scan using sbtest6_pkey on sbtest6  (cost=0.43..415.85 rows=104 width=125)
	  Index Cond: ((id >= 9121698) AND (id <= 9121798))

table 7 : explain SELECT id, c FROM sbtest7 WHERE id BETWEEN 9121698 AND 9121798
	Index Scan using sbtest7_pkey on sbtest7  (cost=0.43..384.50 rows=96 width=125)
	  Index Cond: ((id >= 9121698) AND (id <= 9121798))

table 8 : explain SELECT id, c FROM sbtest8 WHERE id BETWEEN 9121698 AND 9121798
	Index Scan using sbtest8_pkey on sbtest8  (cost=0.43..442.25 rows=111 width=125)
	  Index Cond: ((id >= 9121698) AND (id <= 9121798))

explain: for range-notcovered :: explain SELECT id, c FROM sbtest%d WHERE id BETWEEN 8067886 AND 8067986
explain: for range-notcovered :: explain SELECT id, c FROM sbtest%d WHERE id BETWEEN 1645906 AND 1646006
explain: for range-notcovered :: explain SELECT id, c FROM sbtest%d WHERE id BETWEEN 9121698 AND 9121798for range-notcovered
table 1 : explain SELECT id, c FROM sbtest1 WHERE id BETWEEN 1635458 AND 1635558
	Index Scan using sbtest1_pkey on sbtest1  (cost=0.43..374.09 rows=93 width=125)
	  Index Cond: ((id >= 1635458) AND (id <= 1635558))

table 2 : explain SELECT id, c FROM sbtest2 WHERE id BETWEEN 1635458 AND 1635558
	Index Scan using sbtest2_pkey on sbtest2  (cost=0.43..409.19 rows=102 width=125)
	  Index Cond: ((id >= 1635458) AND (id <= 1635558))

table 3 : explain SELECT id, c FROM sbtest3 WHERE id BETWEEN 1635458 AND 1635558
	Index Scan using sbtest3_pkey on sbtest3  (cost=0.43..400.44 rows=100 width=125)
	  Index Cond: ((id >= 1635458) AND (id <= 1635558))

table 4 : explain SELECT id, c FROM sbtest4 WHERE id BETWEEN 1635458 AND 1635558
	Index Scan using sbtest4_pkey on sbtest4  (cost=0.43..364.51 rows=91 width=125)
	  Index Cond: ((id >= 1635458) AND (id <= 1635558))

table 5 : explain SELECT id, c FROM sbtest5 WHERE id BETWEEN 1635458 AND 1635558
	Index Scan using sbtest5_pkey on sbtest5  (cost=0.43..452.07 rows=113 width=125)
	  Index Cond: ((id >= 1635458) AND (id <= 1635558))

table 6 : explain SELECT id, c FROM sbtest6 WHERE id BETWEEN 1635458 AND 1635558
	Index Scan using sbtest6_pkey on sbtest6  (cost=0.43..380.24 rows=95 width=125)
	  Index Cond: ((id >= 1635458) AND (id <= 1635558))

table 7 : explain SELECT id, c FROM sbtest7 WHERE id BETWEEN 1635458 AND 1635558
	Index Scan using sbtest7_pkey on sbtest7  (cost=0.43..404.31 rows=101 width=125)
	  Index Cond: ((id >= 1635458) AND (id <= 1635558))

table 8 : explain SELECT id, c FROM sbtest8 WHERE id BETWEEN 1635458 AND 1635558
	Index Scan using sbtest8_pkey on sbtest8  (cost=0.43..414.65 rows=104 width=125)
	  Index Cond: ((id >= 1635458) AND (id <= 1635558))


for range-notcovered
table 1 : explain SELECT id, c FROM sbtest1 WHERE id BETWEEN 4108379 AND 4108479
	Index Scan using sbtest1_pkey on sbtest1  (cost=0.43..417.82 rows=104 width=125)
	  Index Cond: ((id >= 4108379) AND (id <= 4108479))

table 2 : explain SELECT id, c FROM sbtest2 WHERE id BETWEEN 4108379 AND 4108479
	Index Scan using sbtest2_pkey on sbtest2  (cost=0.43..409.19 rows=102 width=125)
	  Index Cond: ((id >= 4108379) AND (id <= 4108479))

table 3 : explain SELECT id, c FROM sbtest3 WHERE id BETWEEN 4108379 AND 4108479
	Index Scan using sbtest3_pkey on sbtest3  (cost=0.43..420.23 rows=105 width=125)
	  Index Cond: ((id >= 4108379) AND (id <= 4108479))

table 4 : explain SELECT id, c FROM sbtest4 WHERE id BETWEEN 4108379 AND 4108479
	Index Scan using sbtest4_pkey on sbtest4  (cost=0.43..412.00 rows=103 width=125)
	  Index Cond: ((id >= 4108379) AND (id <= 4108479))

table 5 : explain SELECT id, c FROM sbtest5 WHERE id BETWEEN 4108379 AND 4108479
	Index Scan using sbtest5_pkey on sbtest5  (cost=0.43..380.77 rows=95 width=125)
	  Index Cond: ((id >= 4108379) AND (id <= 4108479))

table 6 : explain SELECT id, c FROM sbtest6 WHERE id BETWEEN 4108379 AND 4108479
	Index Scan using sbtest6_pkey on sbtest6  (cost=0.43..407.94 rows=102 width=125)
	  Index Cond: ((id >= 4108379) AND (id <= 4108479))

table 7 : explain SELECT id, c FROM sbtest7 WHERE id BETWEEN 4108379 AND 4108479
	Index Scan using sbtest7_pkey on sbtest7  (cost=0.43..376.58 rows=94 width=125)
	  Index Cond: ((id >= 4108379) AND (id <= 4108479))

table 8 : explain SELECT id, c FROM sbtest8 WHERE id BETWEEN 4108379 AND 4108479
	Index Scan using sbtest8_pkey on sbtest8  (cost=0.43..383.08 rows=96 width=125)
	  Index Cond: ((id >= 4108379) AND (id <= 4108479))

for range-notcovered
table 1 : explain SELECT id, c FROM sbtest1 WHERE id BETWEEN 5218895 AND 5218995
	Index Scan using sbtest1_pkey on sbtest1  (cost=0.43..362.17 rows=90 width=125)
	  Index Cond: ((id >= 5218895) AND (id <= 5218995))

table 2 : explain SELECT id, c FROM sbtest2 WHERE id BETWEEN 5218895 AND 5218995
	Index Scan using sbtest2_pkey on sbtest2  (cost=0.43..373.47 rows=93 width=125)
	  Index Cond: ((id >= 5218895) AND (id <= 5218995))

table 3 : explain SELECT id, c FROM sbtest3 WHERE id BETWEEN 5218895 AND 5218995
	Index Scan using sbtest3_pkey on sbtest3  (cost=0.43..412.32 rows=103 width=125)
	  Index Cond: ((id >= 5218895) AND (id <= 5218995))

table 4 : explain SELECT id, c FROM sbtest4 WHERE id BETWEEN 5218895 AND 5218995
	Index Scan using sbtest4_pkey on sbtest4  (cost=0.43..400.13 rows=100 width=125)
	  Index Cond: ((id >= 5218895) AND (id <= 5218995))

table 5 : explain SELECT id, c FROM sbtest5 WHERE id BETWEEN 5218895 AND 5218995
	Index Scan using sbtest5_pkey on sbtest5  (cost=0.43..408.51 rows=102 width=125)
	  Index Cond: ((id >= 5218895) AND (id <= 5218995))

table 6 : explain SELECT id, c FROM sbtest6 WHERE id BETWEEN 5218895 AND 5218995
	Index Scan using sbtest6_pkey on sbtest6  (cost=0.43..388.15 rows=97 width=125)
	  Index Cond: ((id >= 5218895) AND (id <= 5218995))

table 7 : explain SELECT id, c FROM sbtest7 WHERE id BETWEEN 5218895 AND 5218995
	Index Scan using sbtest7_pkey on sbtest7  (cost=0.43..420.14 rows=105 width=125)
	  Index Cond: ((id >= 5218895) AND (id <= 5218995))

table 8 : explain SELECT id, c FROM sbtest8 WHERE id BETWEEN 5218895 AND 5218995
	Index Scan using sbtest8_pkey on sbtest8  (cost=0.43..367.31 rows=92 width=125)
	  Index Cond: ((id >= 5218895) AND (id <= 5218995))

for range-notcovered
table 1 : explain SELECT id, c FROM sbtest1 WHERE id BETWEEN 5416942 AND 5417042
	Index Scan using sbtest1_pkey on sbtest1  (cost=0.43..413.84 rows=103 width=125)
	  Index Cond: ((id >= 5416942) AND (id <= 5417042))

table 2 : explain SELECT id, c FROM sbtest2 WHERE id BETWEEN 5416942 AND 5417042
	Index Scan using sbtest2_pkey on sbtest2  (cost=0.43..432.99 rows=108 width=125)
	  Index Cond: ((id >= 5416942) AND (id <= 5417042))

table 3 : explain SELECT id, c FROM sbtest3 WHERE id BETWEEN 5416942 AND 5417042
	Index Scan using sbtest3_pkey on sbtest3  (cost=0.43..428.15 rows=107 width=125)
	  Index Cond: ((id >= 5416942) AND (id <= 5417042))

table 4 : explain SELECT id, c FROM sbtest4 WHERE id BETWEEN 5416942 AND 5417042
	Index Scan using sbtest4_pkey on sbtest4  (cost=0.43..415.95 rows=104 width=125)
	  Index Cond: ((id >= 5416942) AND (id <= 5417042))

table 5 : explain SELECT id, c FROM sbtest5 WHERE id BETWEEN 5416942 AND 5417042
	Index Scan using sbtest5_pkey on sbtest5  (cost=0.43..368.89 rows=92 width=125)
	  Index Cond: ((id >= 5416942) AND (id <= 5417042))

table 6 : explain SELECT id, c FROM sbtest6 WHERE id BETWEEN 5416942 AND 5417042
	Index Scan using sbtest6_pkey on sbtest6  (cost=0.43..411.89 rows=103 width=125)
	  Index Cond: ((id >= 5416942) AND (id <= 5417042))

table 7 : explain SELECT id, c FROM sbtest7 WHERE id BETWEEN 5416942 AND 5417042
	Index Scan using sbtest7_pkey on sbtest7  (cost=0.43..412.22 rows=103 width=125)
	  Index Cond: ((id >= 5416942) AND (id <= 5417042))

table 8 : explain SELECT id, c FROM sbtest8 WHERE id BETWEEN 5416942 AND 5417042
	Index Scan using sbtest8_pkey on sbtest8  (cost=0.43..394.93 rows=99 width=125)
	  Index Cond: ((id >= 5416942) AND (id <= 5417042))

explain: for range-notcovered :: explain SELECT id, c FROM sbtest%d WHERE id BETWEEN 4108379 AND 4108479
explain: for range-notcovered :: explain SELECT id, c FROM sbtest%d WHERE id BETWEEN 5218895 AND 5218995
for range-notcovered
table 1 : explain SELECT id, c FROM sbtest1 WHERE id BETWEEN 5569473 AND 5569573
	Index Scan using sbtest1_pkey on sbtest1  (cost=0.43..382.04 rows=95 width=125)
	  Index Cond: ((id >= 5569473) AND (id <= 5569573))

table 2 : explain SELECT id, c FROM sbtest2 WHERE id BETWEEN 5569473 AND 5569573
	Index Scan using sbtest2_pkey on sbtest2  (cost=0.43..417.12 rows=104 width=125)
	  Index Cond: ((id >= 5569473) AND (id <= 5569573))

table 3 : explain SELECT id, c FROM sbtest3 WHERE id BETWEEN 5569473 AND 5569573
	Index Scan using sbtest3_pkey on sbtest3  (cost=0.43..420.23 rows=105 width=125)
	  Index Cond: ((id >= 5569473) AND (id <= 5569573))

table 4 : explain SELECT id, c FROM sbtest4 WHERE id BETWEEN 5569473 AND 5569573
	Index Scan using sbtest4_pkey on sbtest4  (cost=0.43..412.00 rows=103 width=125)
	  Index Cond: ((id >= 5569473) AND (id <= 5569573))

table 5 : explain SELECT id, c FROM sbtest5 WHERE id BETWEEN 5569473 AND 5569573
	Index Scan using sbtest5_pkey on sbtest5  (cost=0.43..412.47 rows=103 width=125)
	  Index Cond: ((id >= 5569473) AND (id <= 5569573))

table 6 : explain SELECT id, c FROM sbtest6 WHERE id BETWEEN 5569473 AND 5569573
	Index Scan using sbtest6_pkey on sbtest6  (cost=0.43..411.89 rows=103 width=125)
	  Index Cond: ((id >= 5569473) AND (id <= 5569573))

table 7 : explain SELECT id, c FROM sbtest7 WHERE id BETWEEN 5569473 AND 5569573
	Index Scan using sbtest7_pkey on sbtest7  (cost=0.43..416.18 rows=104 width=125)
	  Index Cond: ((id >= 5569473) AND (id <= 5569573))

table 8 : explain SELECT id, c FROM sbtest8 WHERE id BETWEEN 5569473 AND 5569573
	Index Scan using sbtest8_pkey on sbtest8  (cost=0.43..390.99 rows=98 width=125)
	  Index Cond: ((id >= 5569473) AND (id <= 5569573))

explain: for range-notcovered :: explain SELECT id, c FROM sbtest%d WHERE id BETWEEN 5416942 AND 5417042for range-notcovered
table 1 : explain SELECT id, c FROM sbtest1 WHERE id BETWEEN 8083042 AND 8083142
	Index Scan using sbtest1_pkey on sbtest1  (cost=0.43..389.99 rows=97 width=125)
	  Index Cond: ((id >= 8083042) AND (id <= 8083142))

table 2 : explain SELECT id, c FROM sbtest2 WHERE id BETWEEN 8083042 AND 8083142
	Index Scan using sbtest2_pkey on sbtest2  (cost=0.43..405.22 rows=101 width=125)
	  Index Cond: ((id >= 8083042) AND (id <= 8083142))

table 3 : explain SELECT id, c FROM sbtest3 WHERE id BETWEEN 8083042 AND 8083142
	Index Scan using sbtest3_pkey on sbtest3  (cost=0.43..432.11 rows=108 width=125)
	  Index Cond: ((id >= 8083042) AND (id <= 8083142))

table 4 : explain SELECT id, c FROM sbtest4 WHERE id BETWEEN 8083042 AND 8083142
	Index Scan using sbtest4_pkey on sbtest4  (cost=0.43..364.51 rows=91 width=125)
	  Index Cond: ((id >= 8083042) AND (id <= 8083142))

table 5 : explain SELECT id, c FROM sbtest5 WHERE id BETWEEN 8083042 AND 8083142
	Index Scan using sbtest5_pkey on sbtest5  (cost=0.43..416.43 rows=104 width=125)
	  Index Cond: ((id >= 8083042) AND (id <= 8083142))

table 6 : explain SELECT id, c FROM sbtest6 WHERE id BETWEEN 8083042 AND 8083142
	Index Scan using sbtest6_pkey on sbtest6  (cost=0.43..392.12 rows=98 width=125)
	  Index Cond: ((id >= 8083042) AND (id <= 8083142))

table 7 : explain SELECT id, c FROM sbtest7 WHERE id BETWEEN 8083042 AND 8083142
	Index Scan using sbtest7_pkey on sbtest7  (cost=0.43..408.26 rows=102 width=125)
	  Index Cond: ((id >= 8083042) AND (id <= 8083142))

table 8 : explain SELECT id, c FROM sbtest8 WHERE id BETWEEN 8083042 AND 8083142
	Index Scan using sbtest8_pkey on sbtest8  (cost=0.43..422.53 rows=106 width=125)
	  Index Cond: ((id >= 8083042) AND (id <= 8083142))


for range-notcovered
table 1 : explain SELECT id, c FROM sbtest1 WHERE id BETWEEN 8371058 AND 8371158
	Index Scan using sbtest1_pkey on sbtest1  (cost=0.43..393.96 rows=98 width=125)
	  Index Cond: ((id >= 8371058) AND (id <= 8371158))

table 2 : explain SELECT id, c FROM sbtest2 WHERE id BETWEEN 8371058 AND 8371158
	Index Scan using sbtest2_pkey on sbtest2  (cost=0.43..385.37 rows=96 width=125)
	  Index Cond: ((id >= 8371058) AND (id <= 8371158))

table 3 : explain SELECT id, c FROM sbtest3 WHERE id BETWEEN 8371058 AND 8371158
	Index Scan using sbtest3_pkey on sbtest3  (cost=0.43..404.40 rows=101 width=125)
	  Index Cond: ((id >= 8371058) AND (id <= 8371158))

table 4 : explain SELECT id, c FROM sbtest4 WHERE id BETWEEN 8371058 AND 8371158
	Index Scan using sbtest4_pkey on sbtest4  (cost=0.43..384.29 rows=96 width=125)
	  Index Cond: ((id >= 8371058) AND (id <= 8371158))

table 5 : explain SELECT id, c FROM sbtest5 WHERE id BETWEEN 8371058 AND 8371158
	Index Scan using sbtest5_pkey on sbtest5  (cost=0.43..408.51 rows=102 width=125)
	  Index Cond: ((id >= 8371058) AND (id <= 8371158))

table 6 : explain SELECT id, c FROM sbtest6 WHERE id BETWEEN 8371058 AND 8371158
	Index Scan using sbtest6_pkey on sbtest6  (cost=0.43..396.07 rows=99 width=125)
	  Index Cond: ((id >= 8371058) AND (id <= 8371158))

table 7 : explain SELECT id, c FROM sbtest7 WHERE id BETWEEN 8371058 AND 8371158
	Index Scan using sbtest7_pkey on sbtest7  (cost=0.43..428.05 rows=107 width=125)
	  Index Cond: ((id >= 8371058) AND (id <= 8371158))

table 8 : explain SELECT id, c FROM sbtest8 WHERE id BETWEEN 8371058 AND 8371158
	Index Scan using sbtest8_pkey on sbtest8  (cost=0.43..406.76 rows=102 width=125)
	  Index Cond: ((id >= 8371058) AND (id <= 8371158))

explain: for range-notcovered :: explain SELECT id, c FROM sbtest%d WHERE id BETWEEN 5569473 AND 5569573
for range-notcovered
table 1 : explain SELECT id, c FROM sbtest1 WHERE id BETWEEN 7583003 AND 7583103
	Index Scan using sbtest1_pkey on sbtest1  (cost=0.43..405.88 rows=101 width=125)
	  Index Cond: ((id >= 7583003) AND (id <= 7583103))

table 2 : explain SELECT id, c FROM sbtest2 WHERE id BETWEEN 7583003 AND 7583103
	Index Scan using sbtest2_pkey on sbtest2  (cost=0.43..444.89 rows=111 width=125)
	  Index Cond: ((id >= 7583003) AND (id <= 7583103))

table 3 : explain SELECT id, c FROM sbtest3 WHERE id BETWEEN 7583003 AND 7583103
	Index Scan using sbtest3_pkey on sbtest3  (cost=0.43..412.32 rows=103 width=125)
	  Index Cond: ((id >= 7583003) AND (id <= 7583103))

table 4 : explain SELECT id, c FROM sbtest4 WHERE id BETWEEN 7583003 AND 7583103
	Index Scan using sbtest4_pkey on sbtest4  (cost=0.43..408.04 rows=102 width=125)
	  Index Cond: ((id >= 7583003) AND (id <= 7583103))

table 5 : explain SELECT id, c FROM sbtest5 WHERE id BETWEEN 7583003 AND 7583103
	Index Scan using sbtest5_pkey on sbtest5  (cost=0.43..424.35 rows=106 width=125)
	  Index Cond: ((id >= 7583003) AND (id <= 7583103))

table 6 : explain SELECT id, c FROM sbtest6 WHERE id BETWEEN 7583003 AND 7583103
	Index Scan using sbtest6_pkey on sbtest6  (cost=0.43..423.76 rows=106 width=125)
	  Index Cond: ((id >= 7583003) AND (id <= 7583103))

table 7 : explain SELECT id, c FROM sbtest7 WHERE id BETWEEN 7583003 AND 7583103
	Index Scan using sbtest7_pkey on sbtest7  (cost=0.43..424.10 rows=106 width=125)
	  Index Cond: ((id >= 7583003) AND (id <= 7583103))

table 8 : explain SELECT id, c FROM sbtest8 WHERE id BETWEEN 7583003 AND 7583103
	Index Scan using sbtest8_pkey on sbtest8  (cost=0.43..390.99 rows=98 width=125)
	  Index Cond: ((id >= 7583003) AND (id <= 7583103))

explain: for range-notcovered :: explain SELECT id, c FROM sbtest%d WHERE id BETWEEN 8083042 AND 8083142
for range-notcovered
table 1 : explain SELECT id, c FROM sbtest1 WHERE id BETWEEN 3491802 AND 3491902
	Index Scan using sbtest1_pkey on sbtest1  (cost=0.43..374.09 rows=93 width=125)
	  Index Cond: ((id >= 3491802) AND (id <= 3491902))

table 2 : explain SELECT id, c FROM sbtest2 WHERE id BETWEEN 3491802 AND 3491902
	Index Scan using sbtest2_pkey on sbtest2  (cost=0.43..409.19 rows=102 width=125)
	  Index Cond: ((id >= 3491802) AND (id <= 3491902))

table 3 : explain SELECT id, c FROM sbtest3 WHERE id BETWEEN 3491802 AND 3491902
	Index Scan using sbtest3_pkey on sbtest3  (cost=0.43..368.75 rows=92 width=125)
	  Index Cond: ((id >= 3491802) AND (id <= 3491902))

table 4 : explain SELECT id, c FROM sbtest4 WHERE id BETWEEN 3491802 AND 3491902
	Index Scan using sbtest4_pkey on sbtest4  (cost=0.43..380.33 rows=95 width=125)
	  Index Cond: ((id >= 3491802) AND (id <= 3491902))

table 5 : explain SELECT id, c FROM sbtest5 WHERE id BETWEEN 3491802 AND 3491902
	Index Scan using sbtest5_pkey on sbtest5  (cost=0.43..364.93 rows=91 width=125)
	  Index Cond: ((id >= 3491802) AND (id <= 3491902))

table 6 : explain SELECT id, c FROM sbtest6 WHERE id BETWEEN 3491802 AND 3491902
	Index Scan using sbtest6_pkey on sbtest6  (cost=0.43..392.12 rows=98 width=125)
	  Index Cond: ((id >= 3491802) AND (id <= 3491902))

table 7 : explain SELECT id, c FROM sbtest7 WHERE id BETWEEN 3491802 AND 3491902
	Index Scan using sbtest7_pkey on sbtest7  (cost=0.43..348.88 rows=87 width=125)
	  Index Cond: ((id >= 3491802) AND (id <= 3491902))

table 8 : explain SELECT id, c FROM sbtest8 WHERE id BETWEEN 3491802 AND 3491902
	Index Scan using sbtest8_pkey on sbtest8  (cost=0.43..410.70 rows=103 width=125)
	  Index Cond: ((id >= 3491802) AND (id <= 3491902))

explain: for range-notcovered :: explain SELECT id, c FROM sbtest%d WHERE id BETWEEN 8371058 AND 8371158
explain: for range-notcovered :: explain SELECT id, c FROM sbtest%d WHERE id BETWEEN 7583003 AND 7583103
explain: for range-notcovered :: explain SELECT id, c FROM sbtest%d WHERE id BETWEEN 3491802 AND 3491902
for range-notcovered
table 1 : explain SELECT id, c FROM sbtest1 WHERE id BETWEEN 6354377 AND 6354477
	Index Scan using sbtest1_pkey on sbtest1  (cost=0.43..405.90 rows=101 width=125)
	  Index Cond: ((id >= 6354377) AND (id <= 6354477))

table 2 : explain SELECT id, c FROM sbtest2 WHERE id BETWEEN 6354377 AND 6354477
	Index Scan using sbtest2_pkey on sbtest2  (cost=0.43..413.15 rows=103 width=125)
	  Index Cond: ((id >= 6354377) AND (id <= 6354477))

table 3 : explain SELECT id, c FROM sbtest3 WHERE id BETWEEN 6354377 AND 6354477
	Index Scan using sbtest3_pkey on sbtest3  (cost=0.43..384.59 rows=96 width=125)
	  Index Cond: ((id >= 6354377) AND (id <= 6354477))

table 4 : explain SELECT id, c FROM sbtest4 WHERE id BETWEEN 6354377 AND 6354477
	Index Scan using sbtest4_pkey on sbtest4  (cost=0.43..396.17 rows=99 width=125)
	  Index Cond: ((id >= 6354377) AND (id <= 6354477))

table 5 : explain SELECT id, c FROM sbtest5 WHERE id BETWEEN 6354377 AND 6354477
	Index Scan using sbtest5_pkey on sbtest5  (cost=0.43..388.69 rows=97 width=125)
	  Index Cond: ((id >= 6354377) AND (id <= 6354477))

table 6 : explain SELECT id, c FROM sbtest6 WHERE id BETWEEN 6354377 AND 6354477
	Index Scan using sbtest6_pkey on sbtest6  (cost=0.43..403.98 rows=101 width=125)
	  Index Cond: ((id >= 6354377) AND (id <= 6354477))

table 7 : explain SELECT id, c FROM sbtest7 WHERE id BETWEEN 6354377 AND 6354477
	Index Scan using sbtest7_pkey on sbtest7  (cost=0.43..372.63 rows=93 width=125)
	  Index Cond: ((id >= 6354377) AND (id <= 6354477))

table 8 : explain SELECT id, c FROM sbtest8 WHERE id BETWEEN 6354377 AND 6354477
	Index Scan using sbtest8_pkey on sbtest8  (cost=0.43..426.48 rows=107 width=125)
	  Index Cond: ((id >= 6354377) AND (id <= 6354477))

explain: for range-notcovered :: explain SELECT id, c FROM sbtest%d WHERE id BETWEEN 6354377 AND 6354477
for range-notcovered
table 1 : explain SELECT id, c FROM sbtest1 WHERE id BETWEEN 8067886 AND 8067986
	Index Scan using sbtest1_pkey on sbtest1  (cost=0.43..389.99 rows=97 width=125)
	  Index Cond: ((id >= 8067886) AND (id <= 8067986))

table 2 : explain SELECT id, c FROM sbtest2 WHERE id BETWEEN 8067886 AND 8067986
	Index Scan using sbtest2_pkey on sbtest2  (cost=0.43..405.22 rows=101 width=125)
	  Index Cond: ((id >= 8067886) AND (id <= 8067986))

table 3 : explain SELECT id, c FROM sbtest3 WHERE id BETWEEN 8067886 AND 8067986
	Index Scan using sbtest3_pkey on sbtest3  (cost=0.43..432.11 rows=108 width=125)
	  Index Cond: ((id >= 8067886) AND (id <= 8067986))

table 4 : explain SELECT id, c FROM sbtest4 WHERE id BETWEEN 8067886 AND 8067986
	Index Scan using sbtest4_pkey on sbtest4  (cost=0.43..364.51 rows=91 width=125)
	  Index Cond: ((id >= 8067886) AND (id <= 8067986))

table 5 : explain SELECT id, c FROM sbtest5 WHERE id BETWEEN 8067886 AND 8067986
	Index Scan using sbtest5_pkey on sbtest5  (cost=0.43..416.43 rows=104 width=125)
	  Index Cond: ((id >= 8067886) AND (id <= 8067986))

table 6 : explain SELECT id, c FROM sbtest6 WHERE id BETWEEN 8067886 AND 8067986
	Index Scan using sbtest6_pkey on sbtest6  (cost=0.43..392.12 rows=98 width=125)
	  Index Cond: ((id >= 8067886) AND (id <= 8067986))

table 7 : explain SELECT id, c FROM sbtest7 WHERE id BETWEEN 8067886 AND 8067986
	Index Scan using sbtest7_pkey on sbtest7  (cost=0.43..408.26 rows=102 width=125)
	  Index Cond: ((id >= 8067886) AND (id <= 8067986))

table 8 : explain SELECT id, c FROM sbtest8 WHERE id BETWEEN 8067886 AND 8067986
	Index Scan using sbtest8_pkey on sbtest8  (cost=0.43..422.53 rows=106 width=125)
	  Index Cond: ((id >= 8067886) AND (id <= 8067986))

explain: for range-notcovered :: explain SELECT id, c FROM sbtest%d WHERE id BETWEEN 8067886 AND 8067986
explain: for range-notcovered :: explain SELECT id, c FROM sbtest%d WHERE id BETWEEN 6307383 AND 6307483
for range-notcovered
table 1 : explain SELECT id, c FROM sbtest1 WHERE id BETWEEN 4108379 AND 4108479
	Index Scan using sbtest1_pkey on sbtest1  (cost=0.43..417.82 rows=104 width=125)
	  Index Cond: ((id >= 4108379) AND (id <= 4108479))

table 2 : explain SELECT id, c FROM sbtest2 WHERE id BETWEEN 4108379 AND 4108479
	Index Scan using sbtest2_pkey on sbtest2  (cost=0.43..409.19 rows=102 width=125)
	  Index Cond: ((id >= 4108379) AND (id <= 4108479))

table 3 : explain SELECT id, c FROM sbtest3 WHERE id BETWEEN 4108379 AND 4108479
	Index Scan using sbtest3_pkey on sbtest3  (cost=0.43..420.23 rows=105 width=125)
	  Index Cond: ((id >= 4108379) AND (id <= 4108479))

table 4 : explain SELECT id, c FROM sbtest4 WHERE id BETWEEN 4108379 AND 4108479
	Index Scan using sbtest4_pkey on sbtest4  (cost=0.43..412.00 rows=103 width=125)
	  Index Cond: ((id >= 4108379) AND (id <= 4108479))

table 5 : explain SELECT id, c FROM sbtest5 WHERE id BETWEEN 4108379 AND 4108479
	Index Scan using sbtest5_pkey on sbtest5  (cost=0.43..380.77 rows=95 width=125)
	  Index Cond: ((id >= 4108379) AND (id <= 4108479))

table 6 : explain SELECT id, c FROM sbtest6 WHERE id BETWEEN 4108379 AND 4108479
	Index Scan using sbtest6_pkey on sbtest6  (cost=0.43..407.94 rows=102 width=125)
	  Index Cond: ((id >= 4108379) AND (id <= 4108479))

table 7 : explain SELECT id, c FROM sbtest7 WHERE id BETWEEN 4108379 AND 4108479
	Index Scan using sbtest7_pkey on sbtest7  (cost=0.43..376.58 rows=94 width=125)
	  Index Cond: ((id >= 4108379) AND (id <= 4108479))

table 8 : explain SELECT id, c FROM sbtest8 WHERE id BETWEEN 4108379 AND 4108479
	Index Scan using sbtest8_pkey on sbtest8  (cost=0.43..383.08 rows=96 width=125)
	  Index Cond: ((id >= 4108379) AND (id <= 4108479))

for range-notcovered
table 1 : explain SELECT id, c FROM sbtest1 WHERE id BETWEEN 5218895 AND 5218995
	Index Scan using sbtest1_pkey on sbtest1  (cost=0.43..362.17 rows=90 width=125)
	  Index Cond: ((id >= 5218895) AND (id <= 5218995))

table 2 : explain SELECT id, c FROM sbtest2 WHERE id BETWEEN 5218895 AND 5218995
	Index Scan using sbtest2_pkey on sbtest2  (cost=0.43..373.47 rows=93 width=125)
	  Index Cond: ((id >= 5218895) AND (id <= 5218995))

table 3 : explain SELECT id, c FROM sbtest3 WHERE id BETWEEN 5218895 AND 5218995
	Index Scan using sbtest3_pkey on sbtest3  (cost=0.43..412.32 rows=103 width=125)
	  Index Cond: ((id >= 5218895) AND (id <= 5218995))

table 4 : explain SELECT id, c FROM sbtest4 WHERE id BETWEEN 5218895 AND 5218995
	Index Scan using sbtest4_pkey on sbtest4  (cost=0.43..400.13 rows=100 width=125)
	  Index Cond: ((id >= 5218895) AND (id <= 5218995))

table 5 : explain SELECT id, c FROM sbtest5 WHERE id BETWEEN 5218895 AND 5218995
	Index Scan using sbtest5_pkey on sbtest5  (cost=0.43..408.51 rows=102 width=125)
	  Index Cond: ((id >= 5218895) AND (id <= 5218995))

table 6 : explain SELECT id, c FROM sbtest6 WHERE id BETWEEN 5218895 AND 5218995
	Index Scan using sbtest6_pkey on sbtest6  (cost=0.43..388.15 rows=97 width=125)
	  Index Cond: ((id >= 5218895) AND (id <= 5218995))

table 7 : explain SELECT id, c FROM sbtest7 WHERE id BETWEEN 5218895 AND 5218995
	Index Scan using sbtest7_pkey on sbtest7  (cost=0.43..420.14 rows=105 width=125)
	  Index Cond: ((id >= 5218895) AND (id <= 5218995))

table 8 : explain SELECT id, c FROM sbtest8 WHERE id BETWEEN 5218895 AND 5218995
	Index Scan using sbtest8_pkey on sbtest8  (cost=0.43..367.31 rows=92 width=125)
	  Index Cond: ((id >= 5218895) AND (id <= 5218995))

for range-notcovered
table 1 : explain SELECT id, c FROM sbtest1 WHERE id BETWEEN 5416942 AND 5417042
	Index Scan using sbtest1_pkey on sbtest1  (cost=0.43..413.84 rows=103 width=125)
	  Index Cond: ((id >= 5416942) AND (id <= 5417042))

table 2 : explain SELECT id, c FROM sbtest2 WHERE id BETWEEN 5416942 AND 5417042
	Index Scan using sbtest2_pkey on sbtest2  (cost=0.43..432.99 rows=108 width=125)
	  Index Cond: ((id >= 5416942) AND (id <= 5417042))

table 3 : explain SELECT id, c FROM sbtest3 WHERE id BETWEEN 5416942 AND 5417042
	Index Scan using sbtest3_pkey on sbtest3  (cost=0.43..428.15 rows=107 width=125)
	  Index Cond: ((id >= 5416942) AND (id <= 5417042))

table 4 : explain SELECT id, c FROM sbtest4 WHERE id BETWEEN 5416942 AND 5417042
	Index Scan using sbtest4_pkey on sbtest4  (cost=0.43..415.95 rows=104 width=125)
	  Index Cond: ((id >= 5416942) AND (id <= 5417042))

table 5 : explain SELECT id, c FROM sbtest5 WHERE id BETWEEN 5416942 AND 5417042
	Index Scan using sbtest5_pkey on sbtest5  (cost=0.43..368.89 rows=92 width=125)
	  Index Cond: ((id >= 5416942) AND (id <= 5417042))

table 6 : explain SELECT id, c FROM sbtest6 WHERE id BETWEEN 5416942 AND 5417042
	Index Scan using sbtest6_pkey on sbtest6  (cost=0.43..411.89 rows=103 width=125)
	  Index Cond: ((id >= 5416942) AND (id <= 5417042))

table 7 : explain SELECT id, c FROM sbtest7 WHERE id BETWEEN 5416942 AND 5417042
	Index Scan using sbtest7_pkey on sbtest7  (cost=0.43..412.22 rows=103 width=125)
	  Index Cond: ((id >= 5416942) AND (id <= 5417042))

table 8 : explain SELECT id, c FROM sbtest8 WHERE id BETWEEN 5416942 AND 5417042
	Index Scan using sbtest8_pkey on sbtest8  (cost=0.43..394.93 rows=99 width=125)
	  Index Cond: ((id >= 5416942) AND (id <= 5417042))

explain: for range-notcovered :: explain SELECT id, c FROM sbtest%d WHERE id BETWEEN 4108379 AND 4108479
for range-notcovered
table 1 : explain SELECT id, c FROM sbtest1 WHERE id BETWEEN 5569473 AND 5569573
	Index Scan using sbtest1_pkey on sbtest1  (cost=0.43..382.04 rows=95 width=125)
	  Index Cond: ((id >= 5569473) AND (id <= 5569573))

table 2 : explain SELECT id, c FROM sbtest2 WHERE id BETWEEN 5569473 AND 5569573
	Index Scan using sbtest2_pkey on sbtest2  (cost=0.43..417.12 rows=104 width=125)
	  Index Cond: ((id >= 5569473) AND (id <= 5569573))

table 3 : explain SELECT id, c FROM sbtest3 WHERE id BETWEEN 5569473 AND 5569573
	Index Scan using sbtest3_pkey on sbtest3  (cost=0.43..420.23 rows=105 width=125)
	  Index Cond: ((id >= 5569473) AND (id <= 5569573))

table 4 : explain SELECT id, c FROM sbtest4 WHERE id BETWEEN 5569473 AND 5569573
	Index Scan using sbtest4_pkey on sbtest4  (cost=0.43..412.00 rows=103 width=125)
	  Index Cond: ((id >= 5569473) AND (id <= 5569573))

table 5 : explain SELECT id, c FROM sbtest5 WHERE id BETWEEN 5569473 AND 5569573
	Index Scan using sbtest5_pkey on sbtest5  (cost=0.43..412.47 rows=103 width=125)
	  Index Cond: ((id >= 5569473) AND (id <= 5569573))

table 6 : explain SELECT id, c FROM sbtest6 WHERE id BETWEEN 5569473 AND 5569573
	Index Scan using sbtest6_pkey on sbtest6  (cost=0.43..411.89 rows=103 width=125)
	  Index Cond: ((id >= 5569473) AND (id <= 5569573))

table 7 : explain SELECT id, c FROM sbtest7 WHERE id BETWEEN 5569473 AND 5569573
	Index Scan using sbtest7_pkey on sbtest7  (cost=0.43..416.18 rows=104 width=125)
	  Index Cond: ((id >= 5569473) AND (id <= 5569573))

table 8 : explain SELECT id, c FROM sbtest8 WHERE id BETWEEN 5569473 AND 5569573
	Index Scan using sbtest8_pkey on sbtest8  (cost=0.43..390.99 rows=98 width=125)
	  Index Cond: ((id >= 5569473) AND (id <= 5569573))

for range-notcovered
table 1 : explain SELECT id, c FROM sbtest1 WHERE id BETWEEN 8083042 AND 8083142
	Index Scan using sbtest1_pkey on sbtest1  (cost=0.43..389.99 rows=97 width=125)
	  Index Cond: ((id >= 8083042) AND (id <= 8083142))

table 2 : explain SELECT id, c FROM sbtest2 WHERE id BETWEEN 8083042 AND 8083142
	Index Scan using sbtest2_pkey on sbtest2  (cost=0.43..405.22 rows=101 width=125)
	  Index Cond: ((id >= 8083042) AND (id <= 8083142))

table 3 : explain SELECT id, c FROM sbtest3 WHERE id BETWEEN 8083042 AND 8083142
	Index Scan using sbtest3_pkey on sbtest3  (cost=0.43..432.11 rows=108 width=125)
	  Index Cond: ((id >= 8083042) AND (id <= 8083142))

table 4 : explain SELECT id, c FROM sbtest4 WHERE id BETWEEN 8083042 AND 8083142
	Index Scan using sbtest4_pkey on sbtest4  (cost=0.43..364.51 rows=91 width=125)
	  Index Cond: ((id >= 8083042) AND (id <= 8083142))

table 5 : explain SELECT id, c FROM sbtest5 WHERE id BETWEEN 8083042 AND 8083142
	Index Scan using sbtest5_pkey on sbtest5  (cost=0.43..416.43 rows=104 width=125)
	  Index Cond: ((id >= 8083042) AND (id <= 8083142))

table 6 : explain SELECT id, c FROM sbtest6 WHERE id BETWEEN 8083042 AND 8083142
	Index Scan using sbtest6_pkey on sbtest6  (cost=0.43..392.12 rows=98 width=125)
	  Index Cond: ((id >= 8083042) AND (id <= 8083142))

table 7 : explain SELECT id, c FROM sbtest7 WHERE id BETWEEN 8083042 AND 8083142
	Index Scan using sbtest7_pkey on sbtest7  (cost=0.43..408.26 rows=102 width=125)
	  Index Cond: ((id >= 8083042) AND (id <= 8083142))

table 8 : explain SELECT id, c FROM sbtest8 WHERE id BETWEEN 8083042 AND 8083142
	Index Scan using sbtest8_pkey on sbtest8  (cost=0.43..422.53 rows=106 width=125)
	  Index Cond: ((id >= 8083042) AND (id <= 8083142))

for range-notcovered
table 1 : explain SELECT id, c FROM sbtest1 WHERE id BETWEEN 8371058 AND 8371158
	Index Scan using sbtest1_pkey on sbtest1  (cost=0.43..393.96 rows=98 width=125)
	  Index Cond: ((id >= 8371058) AND (id <= 8371158))

table 2 : explain SELECT id, c FROM sbtest2 WHERE id BETWEEN 8371058 AND 8371158
	Index Scan using sbtest2_pkey on sbtest2  (cost=0.43..385.37 rows=96 width=125)
	  Index Cond: ((id >= 8371058) AND (id <= 8371158))

table 3 : explain SELECT id, c FROM sbtest3 WHERE id BETWEEN 8371058 AND 8371158
	Index Scan using sbtest3_pkey on sbtest3  (cost=0.43..404.40 rows=101 width=125)
	  Index Cond: ((id >= 8371058) AND (id <= 8371158))

table 4 : explain SELECT id, c FROM sbtest4 WHERE id BETWEEN 8371058 AND 8371158
	Index Scan using sbtest4_pkey on sbtest4  (cost=0.43..384.29 rows=96 width=125)
	  Index Cond: ((id >= 8371058) AND (id <= 8371158))

table 5 : explain SELECT id, c FROM sbtest5 WHERE id BETWEEN 8371058 AND 8371158
	Index Scan using sbtest5_pkey on sbtest5  (cost=0.43..408.51 rows=102 width=125)
	  Index Cond: ((id >= 8371058) AND (id <= 8371158))

table 6 : explain SELECT id, c FROM sbtest6 WHERE id BETWEEN 8371058 AND 8371158
	Index Scan using sbtest6_pkey on sbtest6  (cost=0.43..396.07 rows=99 width=125)
	  Index Cond: ((id >= 8371058) AND (id <= 8371158))

table 7 : explain SELECT id, c FROM sbtest7 WHERE id BETWEEN 8371058 AND 8371158
	Index Scan using sbtest7_pkey on sbtest7  (cost=0.43..428.05 rows=107 width=125)
	  Index Cond: ((id >= 8371058) AND (id <= 8371158))

table 8 : explain SELECT id, c FROM sbtest8 WHERE id BETWEEN 8371058 AND 8371158
	Index Scan using sbtest8_pkey on sbtest8  (cost=0.43..406.76 rows=102 width=125)
	  Index Cond: ((id >= 8371058) AND (id <= 8371158))

explain: for range-notcovered :: explain SELECT id, c FROM sbtest%d WHERE id BETWEEN 5416942 AND 5417042
explain: for range-notcovered :: explain SELECT id, c FROM sbtest%d WHERE id BETWEEN 5569473 AND 5569573
explain: for range-notcovered :: explain SELECT id, c FROM sbtest%d WHERE id BETWEEN 8083042 AND 8083142
explain: for range-notcovered :: explain SELECT id, c FROM sbtest%d WHERE id BETWEEN 8371058 AND 8371158
for range-notcovered
table 1 : explain SELECT id, c FROM sbtest1 WHERE id BETWEEN 3491802 AND 3491902
	Index Scan using sbtest1_pkey on sbtest1  (cost=0.43..374.09 rows=93 width=125)
	  Index Cond: ((id >= 3491802) AND (id <= 3491902))

table 2 : explain SELECT id, c FROM sbtest2 WHERE id BETWEEN 3491802 AND 3491902
	Index Scan using sbtest2_pkey on sbtest2  (cost=0.43..409.19 rows=102 width=125)
	  Index Cond: ((id >= 3491802) AND (id <= 3491902))

table 3 : explain SELECT id, c FROM sbtest3 WHERE id BETWEEN 3491802 AND 3491902
	Index Scan using sbtest3_pkey on sbtest3  (cost=0.43..368.75 rows=92 width=125)
	  Index Cond: ((id >= 3491802) AND (id <= 3491902))

table 4 : explain SELECT id, c FROM sbtest4 WHERE id BETWEEN 3491802 AND 3491902
	Index Scan using sbtest4_pkey on sbtest4  (cost=0.43..380.33 rows=95 width=125)
	  Index Cond: ((id >= 3491802) AND (id <= 3491902))

table 5 : explain SELECT id, c FROM sbtest5 WHERE id BETWEEN 3491802 AND 3491902
	Index Scan using sbtest5_pkey on sbtest5  (cost=0.43..364.93 rows=91 width=125)
	  Index Cond: ((id >= 3491802) AND (id <= 3491902))

table 6 : explain SELECT id, c FROM sbtest6 WHERE id BETWEEN 3491802 AND 3491902
	Index Scan using sbtest6_pkey on sbtest6  (cost=0.43..392.12 rows=98 width=125)
	  Index Cond: ((id >= 3491802) AND (id <= 3491902))

table 7 : explain SELECT id, c FROM sbtest7 WHERE id BETWEEN 3491802 AND 3491902
	Index Scan using sbtest7_pkey on sbtest7  (cost=0.43..348.88 rows=87 width=125)
	  Index Cond: ((id >= 3491802) AND (id <= 3491902))

table 8 : explain SELECT id, c FROM sbtest8 WHERE id BETWEEN 3491802 AND 3491902
	Index Scan using sbtest8_pkey on sbtest8  (cost=0.43..410.70 rows=103 width=125)
	  Index Cond: ((id >= 3491802) AND (id <= 3491902))

for range-notcovered
table 1 : explain SELECT id, c FROM sbtest1 WHERE id BETWEEN 7811644 AND 7811744
	Index Scan using sbtest1_pkey on sbtest1  (cost=0.43..386.01 rows=96 width=125)
	  Index Cond: ((id >= 7811644) AND (id <= 7811744))

table 2 : explain SELECT id, c FROM sbtest2 WHERE id BETWEEN 7811644 AND 7811744
	Index Scan using sbtest2_pkey on sbtest2  (cost=0.43..369.50 rows=92 width=125)
	  Index Cond: ((id >= 7811644) AND (id <= 7811744))

table 3 : explain SELECT id, c FROM sbtest3 WHERE id BETWEEN 7811644 AND 7811744
	Index Scan using sbtest3_pkey on sbtest3  (cost=0.43..392.51 rows=98 width=125)
	  Index Cond: ((id >= 7811644) AND (id <= 7811744))

table 4 : explain SELECT id, c FROM sbtest4 WHERE id BETWEEN 7811644 AND 7811744
	Index Scan using sbtest4_pkey on sbtest4  (cost=0.43..380.33 rows=95 width=125)
	  Index Cond: ((id >= 7811644) AND (id <= 7811744))

table 5 : explain SELECT id, c FROM sbtest5 WHERE id BETWEEN 7811644 AND 7811744
	Index Scan using sbtest5_pkey on sbtest5  (cost=0.43..408.51 rows=102 width=125)
	  Index Cond: ((id >= 7811644) AND (id <= 7811744))

table 6 : explain SELECT id, c FROM sbtest6 WHERE id BETWEEN 7811644 AND 7811744
	Index Scan using sbtest6_pkey on sbtest6  (cost=0.43..380.24 rows=95 width=125)
	  Index Cond: ((id >= 7811644) AND (id <= 7811744))

table 7 : explain SELECT id, c FROM sbtest7 WHERE id BETWEEN 7811644 AND 7811744
	Index Scan using sbtest7_pkey on sbtest7  (cost=0.43..420.14 rows=105 width=125)
	  Index Cond: ((id >= 7811644) AND (id <= 7811744))

table 8 : explain SELECT id, c FROM sbtest8 WHERE id BETWEEN 7811644 AND 7811744
	Index Scan using sbtest8_pkey on sbtest8  (cost=0.43..394.93 rows=99 width=125)
	  Index Cond: ((id >= 7811644) AND (id <= 7811744))

for range-notcovered
table 1 : explain SELECT id, c FROM sbtest1 WHERE id BETWEEN 7583003 AND 7583103
	Index Scan using sbtest1_pkey on sbtest1  (cost=0.43..405.88 rows=101 width=125)
	  Index Cond: ((id >= 7583003) AND (id <= 7583103))

table 2 : explain SELECT id, c FROM sbtest2 WHERE id BETWEEN 7583003 AND 7583103
	Index Scan using sbtest2_pkey on sbtest2  (cost=0.43..444.89 rows=111 width=125)
	  Index Cond: ((id >= 7583003) AND (id <= 7583103))

table 3 : explain SELECT id, c FROM sbtest3 WHERE id BETWEEN 7583003 AND 7583103
	Index Scan using sbtest3_pkey on sbtest3  (cost=0.43..412.32 rows=103 width=125)
	  Index Cond: ((id >= 7583003) AND (id <= 7583103))

table 4 : explain SELECT id, c FROM sbtest4 WHERE id BETWEEN 7583003 AND 7583103
	Index Scan using sbtest4_pkey on sbtest4  (cost=0.43..408.04 rows=102 width=125)
	  Index Cond: ((id >= 7583003) AND (id <= 7583103))

table 5 : explain SELECT id, c FROM sbtest5 WHERE id BETWEEN 7583003 AND 7583103
	Index Scan using sbtest5_pkey on sbtest5  (cost=0.43..424.35 rows=106 width=125)
	  Index Cond: ((id >= 7583003) AND (id <= 7583103))

table 6 : explain SELECT id, c FROM sbtest6 WHERE id BETWEEN 7583003 AND 7583103
	Index Scan using sbtest6_pkey on sbtest6  (cost=0.43..423.76 rows=106 width=125)
	  Index Cond: ((id >= 7583003) AND (id <= 7583103))

table 7 : explain SELECT id, c FROM sbtest7 WHERE id BETWEEN 7583003 AND 7583103
	Index Scan using sbtest7_pkey on sbtest7  (cost=0.43..424.10 rows=106 width=125)
	  Index Cond: ((id >= 7583003) AND (id <= 7583103))

table 8 : explain SELECT id, c FROM sbtest8 WHERE id BETWEEN 7583003 AND 7583103
	Index Scan using sbtest8_pkey on sbtest8  (cost=0.43..390.99 rows=98 width=125)
	  Index Cond: ((id >= 7583003) AND (id <= 7583103))

explain: for range-notcovered :: explain SELECT id, c FROM sbtest%d WHERE id BETWEEN 3491802 AND 3491902
explain: for range-notcovered :: explain SELECT id, c FROM sbtest%d WHERE id BETWEEN 7811644 AND 7811744
explain: for range-notcovered :: explain SELECT id, c FROM sbtest%d WHERE id BETWEEN 7583003 AND 7583103
for range-notcovered
table 1 : explain SELECT id, c FROM sbtest1 WHERE id BETWEEN 6354377 AND 6354477
	Index Scan using sbtest1_pkey on sbtest1  (cost=0.43..405.90 rows=101 width=125)
	  Index Cond: ((id >= 6354377) AND (id <= 6354477))

table 2 : explain SELECT id, c FROM sbtest2 WHERE id BETWEEN 6354377 AND 6354477
	Index Scan using sbtest2_pkey on sbtest2  (cost=0.43..413.15 rows=103 width=125)
	  Index Cond: ((id >= 6354377) AND (id <= 6354477))

table 3 : explain SELECT id, c FROM sbtest3 WHERE id BETWEEN 6354377 AND 6354477
	Index Scan using sbtest3_pkey on sbtest3  (cost=0.43..384.59 rows=96 width=125)
	  Index Cond: ((id >= 6354377) AND (id <= 6354477))

table 4 : explain SELECT id, c FROM sbtest4 WHERE id BETWEEN 6354377 AND 6354477
	Index Scan using sbtest4_pkey on sbtest4  (cost=0.43..396.17 rows=99 width=125)
	  Index Cond: ((id >= 6354377) AND (id <= 6354477))

table 5 : explain SELECT id, c FROM sbtest5 WHERE id BETWEEN 6354377 AND 6354477
	Index Scan using sbtest5_pkey on sbtest5  (cost=0.43..388.69 rows=97 width=125)
	  Index Cond: ((id >= 6354377) AND (id <= 6354477))

table 6 : explain SELECT id, c FROM sbtest6 WHERE id BETWEEN 6354377 AND 6354477
	Index Scan using sbtest6_pkey on sbtest6  (cost=0.43..403.98 rows=101 width=125)
	  Index Cond: ((id >= 6354377) AND (id <= 6354477))

table 7 : explain SELECT id, c FROM sbtest7 WHERE id BETWEEN 6354377 AND 6354477
	Index Scan using sbtest7_pkey on sbtest7  (cost=0.43..372.63 rows=93 width=125)
	  Index Cond: ((id >= 6354377) AND (id <= 6354477))

table 8 : explain SELECT id, c FROM sbtest8 WHERE id BETWEEN 6354377 AND 6354477
	Index Scan using sbtest8_pkey on sbtest8  (cost=0.43..426.48 rows=107 width=125)
	  Index Cond: ((id >= 6354377) AND (id <= 6354477))

explain: for range-notcovered :: explain SELECT id, c FROM sbtest%d WHERE id BETWEEN 6354377 AND 6354477
for range-notcovered
table 1 : explain SELECT id, c FROM sbtest1 WHERE id BETWEEN 9121698 AND 9121798
	Index Scan using sbtest1_pkey on sbtest1  (cost=0.43..429.74 rows=107 width=125)
	  Index Cond: ((id >= 9121698) AND (id <= 9121798))

table 2 : explain SELECT id, c FROM sbtest2 WHERE id BETWEEN 9121698 AND 9121798
	Index Scan using sbtest2_pkey on sbtest2  (cost=0.43..417.12 rows=104 width=125)
	  Index Cond: ((id >= 9121698) AND (id <= 9121798))

table 3 : explain SELECT id, c FROM sbtest3 WHERE id BETWEEN 9121698 AND 9121798
	Index Scan using sbtest3_pkey on sbtest3  (cost=0.43..396.47 rows=99 width=125)
	  Index Cond: ((id >= 9121698) AND (id <= 9121798))

table 4 : explain SELECT id, c FROM sbtest4 WHERE id BETWEEN 9121698 AND 9121798
	Index Scan using sbtest4_pkey on sbtest4  (cost=0.43..408.04 rows=102 width=125)
	  Index Cond: ((id >= 9121698) AND (id <= 9121798))

table 5 : explain SELECT id, c FROM sbtest5 WHERE id BETWEEN 9121698 AND 9121798
	Index Scan using sbtest5_pkey on sbtest5  (cost=0.43..388.69 rows=97 width=125)
	  Index Cond: ((id >= 9121698) AND (id <= 9121798))

table 6 : explain SELECT id, c FROM sbtest6 WHERE id BETWEEN 9121698 AND 9121798
	Index Scan using sbtest6_pkey on sbtest6  (cost=0.43..415.85 rows=104 width=125)
	  Index Cond: ((id >= 9121698) AND (id <= 9121798))

table 7 : explain SELECT id, c FROM sbtest7 WHERE id BETWEEN 9121698 AND 9121798
	Index Scan using sbtest7_pkey on sbtest7  (cost=0.43..384.50 rows=96 width=125)
	  Index Cond: ((id >= 9121698) AND (id <= 9121798))

table 8 : explain SELECT id, c FROM sbtest8 WHERE id BETWEEN 9121698 AND 9121798
	Index Scan using sbtest8_pkey on sbtest8  (cost=0.43..442.25 rows=111 width=125)
	  Index Cond: ((id >= 9121698) AND (id <= 9121798))

explain: for range-notcovered :: explain SELECT id, c FROM sbtest%d WHERE id BETWEEN 9121698 AND 9121798
for range-notcovered
table 1 : explain SELECT id, c FROM sbtest1 WHERE id BETWEEN 8067886 AND 8067986
	Index Scan using sbtest1_pkey on sbtest1  (cost=0.43..389.99 rows=97 width=125)
	  Index Cond: ((id >= 8067886) AND (id <= 8067986))

table 2 : explain SELECT id, c FROM sbtest2 WHERE id BETWEEN 8067886 AND 8067986
	Index Scan using sbtest2_pkey on sbtest2  (cost=0.43..405.22 rows=101 width=125)
	  Index Cond: ((id >= 8067886) AND (id <= 8067986))

table 3 : explain SELECT id, c FROM sbtest3 WHERE id BETWEEN 8067886 AND 8067986
	Index Scan using sbtest3_pkey on sbtest3  (cost=0.43..432.11 rows=108 width=125)
	  Index Cond: ((id >= 8067886) AND (id <= 8067986))

table 4 : explain SELECT id, c FROM sbtest4 WHERE id BETWEEN 8067886 AND 8067986
	Index Scan using sbtest4_pkey on sbtest4  (cost=0.43..364.51 rows=91 width=125)
	  Index Cond: ((id >= 8067886) AND (id <= 8067986))

table 5 : explain SELECT id, c FROM sbtest5 WHERE id BETWEEN 8067886 AND 8067986
	Index Scan using sbtest5_pkey on sbtest5  (cost=0.43..416.43 rows=104 width=125)
	  Index Cond: ((id >= 8067886) AND (id <= 8067986))

table 6 : explain SELECT id, c FROM sbtest6 WHERE id BETWEEN 8067886 AND 8067986
	Index Scan using sbtest6_pkey on sbtest6  (cost=0.43..392.12 rows=98 width=125)
	  Index Cond: ((id >= 8067886) AND (id <= 8067986))

table 7 : explain SELECT id, c FROM sbtest7 WHERE id BETWEEN 8067886 AND 8067986
	Index Scan using sbtest7_pkey on sbtest7  (cost=0.43..408.26 rows=102 width=125)
	  Index Cond: ((id >= 8067886) AND (id <= 8067986))

table 8 : explain SELECT id, c FROM sbtest8 WHERE id BETWEEN 8067886 AND 8067986
	Index Scan using sbtest8_pkey on sbtest8  (cost=0.43..422.53 rows=106 width=125)
	  Index Cond: ((id >= 8067886) AND (id <= 8067986))

explain: for range-notcovered :: explain SELECT id, c FROM sbtest%d WHERE id BETWEEN 8067886 AND 8067986
for range-notcovered
table 1 : explain SELECT id, c FROM sbtest1 WHERE id BETWEEN 4108379 AND 4108479
	Index Scan using sbtest1_pkey on sbtest1  (cost=0.43..417.82 rows=104 width=125)
	  Index Cond: ((id >= 4108379) AND (id <= 4108479))

table 2 : explain SELECT id, c FROM sbtest2 WHERE id BETWEEN 4108379 AND 4108479
	Index Scan using sbtest2_pkey on sbtest2  (cost=0.43..409.19 rows=102 width=125)
	  Index Cond: ((id >= 4108379) AND (id <= 4108479))

table 3 : explain SELECT id, c FROM sbtest3 WHERE id BETWEEN 4108379 AND 4108479
	Index Scan using sbtest3_pkey on sbtest3  (cost=0.43..420.23 rows=105 width=125)
	  Index Cond: ((id >= 4108379) AND (id <= 4108479))

table 4 : explain SELECT id, c FROM sbtest4 WHERE id BETWEEN 4108379 AND 4108479
	Index Scan using sbtest4_pkey on sbtest4  (cost=0.43..412.00 rows=103 width=125)
	  Index Cond: ((id >= 4108379) AND (id <= 4108479))

table 5 : explain SELECT id, c FROM sbtest5 WHERE id BETWEEN 4108379 AND 4108479
	Index Scan using sbtest5_pkey on sbtest5  (cost=0.43..380.77 rows=95 width=125)
	  Index Cond: ((id >= 4108379) AND (id <= 4108479))

table 6 : explain SELECT id, c FROM sbtest6 WHERE id BETWEEN 4108379 AND 4108479
	Index Scan using sbtest6_pkey on sbtest6  (cost=0.43..407.94 rows=102 width=125)
	  Index Cond: ((id >= 4108379) AND (id <= 4108479))

table 7 : explain SELECT id, c FROM sbtest7 WHERE id BETWEEN 4108379 AND 4108479
	Index Scan using sbtest7_pkey on sbtest7  (cost=0.43..376.58 rows=94 width=125)
	  Index Cond: ((id >= 4108379) AND (id <= 4108479))

table 8 : explain SELECT id, c FROM sbtest8 WHERE id BETWEEN 4108379 AND 4108479
	Index Scan using sbtest8_pkey on sbtest8  (cost=0.43..383.08 rows=96 width=125)
	  Index Cond: ((id >= 4108379) AND (id <= 4108479))

for range-notcovered
table 1 : explain SELECT id, c FROM sbtest1 WHERE id BETWEEN 5416942 AND 5417042
	Index Scan using sbtest1_pkey on sbtest1  (cost=0.43..413.84 rows=103 width=125)
	  Index Cond: ((id >= 5416942) AND (id <= 5417042))

table 2 : explain SELECT id, c FROM sbtest2 WHERE id BETWEEN 5416942 AND 5417042
	Index Scan using sbtest2_pkey on sbtest2  (cost=0.43..432.99 rows=108 width=125)
	  Index Cond: ((id >= 5416942) AND (id <= 5417042))

table 3 : explain SELECT id, c FROM sbtest3 WHERE id BETWEEN 5416942 AND 5417042
	Index Scan using sbtest3_pkey on sbtest3  (cost=0.43..428.15 rows=107 width=125)
	  Index Cond: ((id >= 5416942) AND (id <= 5417042))

table 4 : explain SELECT id, c FROM sbtest4 WHERE id BETWEEN 5416942 AND 5417042
	Index Scan using sbtest4_pkey on sbtest4  (cost=0.43..415.95 rows=104 width=125)
	  Index Cond: ((id >= 5416942) AND (id <= 5417042))

table 5 : explain SELECT id, c FROM sbtest5 WHERE id BETWEEN 5416942 AND 5417042
	Index Scan using sbtest5_pkey on sbtest5  (cost=0.43..368.89 rows=92 width=125)
	  Index Cond: ((id >= 5416942) AND (id <= 5417042))

table 6 : explain SELECT id, c FROM sbtest6 WHERE id BETWEEN 5416942 AND 5417042
	Index Scan using sbtest6_pkey on sbtest6  (cost=0.43..411.89 rows=103 width=125)
	  Index Cond: ((id >= 5416942) AND (id <= 5417042))

table 7 : explain SELECT id, c FROM sbtest7 WHERE id BETWEEN 5416942 AND 5417042
	Index Scan using sbtest7_pkey on sbtest7  (cost=0.43..412.22 rows=103 width=125)
	  Index Cond: ((id >= 5416942) AND (id <= 5417042))

table 8 : explain SELECT id, c FROM sbtest8 WHERE id BETWEEN 5416942 AND 5417042
	Index Scan using sbtest8_pkey on sbtest8  (cost=0.43..394.93 rows=99 width=125)
	  Index Cond: ((id >= 5416942) AND (id <= 5417042))

explain: for range-notcovered :: explain SELECT id, c FROM sbtest%d WHERE id BETWEEN 4108379 AND 4108479
for range-notcovered
table 1 : explain SELECT id, c FROM sbtest1 WHERE id BETWEEN 8083042 AND 8083142
	Index Scan using sbtest1_pkey on sbtest1  (cost=0.43..389.99 rows=97 width=125)
	  Index Cond: ((id >= 8083042) AND (id <= 8083142))

table 2 : explain SELECT id, c FROM sbtest2 WHERE id BETWEEN 8083042 AND 8083142
	Index Scan using sbtest2_pkey on sbtest2  (cost=0.43..405.22 rows=101 width=125)
	  Index Cond: ((id >= 8083042) AND (id <= 8083142))

table 3 : explain SELECT id, c FROM sbtest3 WHERE id BETWEEN 8083042 AND 8083142
	Index Scan using sbtest3_pkey on sbtest3  (cost=0.43..432.11 rows=108 width=125)
	  Index Cond: ((id >= 8083042) AND (id <= 8083142))

table 4 : explain SELECT id, c FROM sbtest4 WHERE id BETWEEN 8083042 AND 8083142
	Index Scan using sbtest4_pkey on sbtest4  (cost=0.43..364.51 rows=91 width=125)
	  Index Cond: ((id >= 8083042) AND (id <= 8083142))

table 5 : explain SELECT id, c FROM sbtest5 WHERE id BETWEEN 8083042 AND 8083142
	Index Scan using sbtest5_pkey on sbtest5  (cost=0.43..416.43 rows=104 width=125)
	  Index Cond: ((id >= 8083042) AND (id <= 8083142))

table 6 : explain SELECT id, c FROM sbtest6 WHERE id BETWEEN 8083042 AND 8083142
	Index Scan using sbtest6_pkey on sbtest6  (cost=0.43..392.12 rows=98 width=125)
	  Index Cond: ((id >= 8083042) AND (id <= 8083142))

table 7 : explain SELECT id, c FROM sbtest7 WHERE id BETWEEN 8083042 AND 8083142
	Index Scan using sbtest7_pkey on sbtest7  (cost=0.43..408.26 rows=102 width=125)
	  Index Cond: ((id >= 8083042) AND (id <= 8083142))

table 8 : explain SELECT id, c FROM sbtest8 WHERE id BETWEEN 8083042 AND 8083142
	Index Scan using sbtest8_pkey on sbtest8  (cost=0.43..422.53 rows=106 width=125)
	  Index Cond: ((id >= 8083042) AND (id <= 8083142))
for range-notcovered
table 1 : explain SELECT id, c FROM sbtest1 WHERE id BETWEEN 5569473 AND 5569573
	Index Scan using sbtest1_pkey on sbtest1  (cost=0.43..382.04 rows=95 width=125)
	  Index Cond: ((id >= 5569473) AND (id <= 5569573))

table 2 : explain SELECT id, c FROM sbtest2 WHERE id BETWEEN 5569473 AND 5569573
	Index Scan using sbtest2_pkey on sbtest2  (cost=0.43..417.12 rows=104 width=125)
	  Index Cond: ((id >= 5569473) AND (id <= 5569573))

table 3 : explain SELECT id, c FROM sbtest3 WHERE id BETWEEN 5569473 AND 5569573
	Index Scan using sbtest3_pkey on sbtest3  (cost=0.43..420.23 rows=105 width=125)
	  Index Cond: ((id >= 5569473) AND (id <= 5569573))

table 4 : explain SELECT id, c FROM sbtest4 WHERE id BETWEEN 5569473 AND 5569573
	Index Scan using sbtest4_pkey on sbtest4  (cost=0.43..412.00 rows=103 width=125)
	  Index Cond: ((id >= 5569473) AND (id <= 5569573))

table 5 : explain SELECT id, c FROM sbtest5 WHERE id BETWEEN 5569473 AND 5569573
	Index Scan using sbtest5_pkey on sbtest5  (cost=0.43..412.47 rows=103 width=125)
	  Index Cond: ((id >= 5569473) AND (id <= 5569573))

table 6 : explain SELECT id, c FROM sbtest6 WHERE id BETWEEN 5569473 AND 5569573
	Index Scan using sbtest6_pkey on sbtest6  (cost=0.43..411.89 rows=103 width=125)
	  Index Cond: ((id >= 5569473) AND (id <= 5569573))

table 7 : explain SELECT id, c FROM sbtest7 WHERE id BETWEEN 5569473 AND 5569573
	Index Scan using sbtest7_pkey on sbtest7  (cost=0.43..416.18 rows=104 width=125)
	  Index Cond: ((id >= 5569473) AND (id <= 5569573))

table 8 : explain SELECT id, c FROM sbtest8 WHERE id BETWEEN 5569473 AND 5569573
	Index Scan using sbtest8_pkey on sbtest8  (cost=0.43..390.99 rows=98 width=125)
	  Index Cond: ((id >= 5569473) AND (id <= 5569573))

for range-notcovered
table 1 : explain SELECT id, c FROM sbtest1 WHERE id BETWEEN 5586001 AND 5586101
	Index Scan using sbtest1_pkey on sbtest1  (cost=0.43..382.04 rows=95 width=125)
	  Index Cond: ((id >= 5586001) AND (id <= 5586101))

table 2 : explain SELECT id, c FROM sbtest2 WHERE id BETWEEN 5586001 AND 5586101
	Index Scan using sbtest2_pkey on sbtest2  (cost=0.43..417.12 rows=104 width=125)
	  Index Cond: ((id >= 5586001) AND (id <= 5586101))

table 3 : explain SELECT id, c FROM sbtest3 WHERE id BETWEEN 5586001 AND 5586101
	Index Scan using sbtest3_pkey on sbtest3  (cost=0.43..420.23 rows=105 width=125)
	  Index Cond: ((id >= 5586001) AND (id <= 5586101))

table 4 : explain SELECT id, c FROM sbtest4 WHERE id BETWEEN 5586001 AND 5586101
	Index Scan using sbtest4_pkey on sbtest4  (cost=0.43..412.00 rows=103 width=125)
	  Index Cond: ((id >= 5586001) AND (id <= 5586101))

table 5 : explain SELECT id, c FROM sbtest5 WHERE id BETWEEN 5586001 AND 5586101
	Index Scan using sbtest5_pkey on sbtest5  (cost=0.43..412.47 rows=103 width=125)
	  Index Cond: ((id >= 5586001) AND (id <= 5586101))

table 6 : explain SELECT id, c FROM sbtest6 WHERE id BETWEEN 5586001 AND 5586101
	Index Scan using sbtest6_pkey on sbtest6  (cost=0.43..411.89 rows=103 width=125)
	  Index Cond: ((id >= 5586001) AND (id <= 5586101))

table 7 : explain SELECT id, c FROM sbtest7 WHERE id BETWEEN 5586001 AND 5586101
	Index Scan using sbtest7_pkey on sbtest7  (cost=0.43..416.18 rows=104 width=125)
	  Index Cond: ((id >= 5586001) AND (id <= 5586101))

table 8 : explain SELECT id, c FROM sbtest8 WHERE id BETWEEN 5586001 AND 5586101
	Index Scan using sbtest8_pkey on sbtest8  (cost=0.43..390.99 rows=98 width=125)
	  Index Cond: ((id >= 5586001) AND (id <= 5586101))
explain: for range-notcovered :: explain SELECT id, c FROM sbtest%d WHERE id BETWEEN 5416942 AND 5417042
for range-notcovered
table 1 : explain SELECT id, c FROM sbtest1 WHERE id BETWEEN 8371058 AND 8371158
	Index Scan using sbtest1_pkey on sbtest1  (cost=0.43..393.96 rows=98 width=125)
	  Index Cond: ((id >= 8371058) AND (id <= 8371158))

table 2 : explain SELECT id, c FROM sbtest2 WHERE id BETWEEN 8371058 AND 8371158
	Index Scan using sbtest2_pkey on sbtest2  (cost=0.43..385.37 rows=96 width=125)
	  Index Cond: ((id >= 8371058) AND (id <= 8371158))

table 3 : explain SELECT id, c FROM sbtest3 WHERE id BETWEEN 8371058 AND 8371158
	Index Scan using sbtest3_pkey on sbtest3  (cost=0.43..404.40 rows=101 width=125)
	  Index Cond: ((id >= 8371058) AND (id <= 8371158))

table 4 : explain SELECT id, c FROM sbtest4 WHERE id BETWEEN 8371058 AND 8371158
	Index Scan using sbtest4_pkey on sbtest4  (cost=0.43..384.29 rows=96 width=125)
	  Index Cond: ((id >= 8371058) AND (id <= 8371158))

table 5 : explain SELECT id, c FROM sbtest5 WHERE id BETWEEN 8371058 AND 8371158
	Index Scan using sbtest5_pkey on sbtest5  (cost=0.43..408.51 rows=102 width=125)
	  Index Cond: ((id >= 8371058) AND (id <= 8371158))

table 6 : explain SELECT id, c FROM sbtest6 WHERE id BETWEEN 8371058 AND 8371158
	Index Scan using sbtest6_pkey on sbtest6  (cost=0.43..396.07 rows=99 width=125)
	  Index Cond: ((id >= 8371058) AND (id <= 8371158))

table 7 : explain SELECT id, c FROM sbtest7 WHERE id BETWEEN 8371058 AND 8371158
	Index Scan using sbtest7_pkey on sbtest7  (cost=0.43..428.05 rows=107 width=125)
	  Index Cond: ((id >= 8371058) AND (id <= 8371158))

table 8 : explain SELECT id, c FROM sbtest8 WHERE id BETWEEN 8371058 AND 8371158
	Index Scan using sbtest8_pkey on sbtest8  (cost=0.43..406.76 rows=102 width=125)
	  Index Cond: ((id >= 8371058) AND (id <= 8371158))



for range-notcovered
table 1 : explain SELECT id, c FROM sbtest1 WHERE id BETWEEN 3491802 AND 3491902
	Index Scan using sbtest1_pkey on sbtest1  (cost=0.43..374.09 rows=93 width=125)
	  Index Cond: ((id >= 3491802) AND (id <= 3491902))

table 2 : explain SELECT id, c FROM sbtest2 WHERE id BETWEEN 3491802 AND 3491902
	Index Scan using sbtest2_pkey on sbtest2  (cost=0.43..409.19 rows=102 width=125)
	  Index Cond: ((id >= 3491802) AND (id <= 3491902))

table 3 : explain SELECT id, c FROM sbtest3 WHERE id BETWEEN 3491802 AND 3491902
	Index Scan using sbtest3_pkey on sbtest3  (cost=0.43..368.75 rows=92 width=125)
	  Index Cond: ((id >= 3491802) AND (id <= 3491902))

table 4 : explain SELECT id, c FROM sbtest4 WHERE id BETWEEN 3491802 AND 3491902
	Index Scan using sbtest4_pkey on sbtest4  (cost=0.43..380.33 rows=95 width=125)
	  Index Cond: ((id >= 3491802) AND (id <= 3491902))

table 5 : explain SELECT id, c FROM sbtest5 WHERE id BETWEEN 3491802 AND 3491902
	Index Scan using sbtest5_pkey on sbtest5  (cost=0.43..364.93 rows=91 width=125)
	  Index Cond: ((id >= 3491802) AND (id <= 3491902))

table 6 : explain SELECT id, c FROM sbtest6 WHERE id BETWEEN 3491802 AND 3491902
	Index Scan using sbtest6_pkey on sbtest6  (cost=0.43..392.12 rows=98 width=125)
	  Index Cond: ((id >= 3491802) AND (id <= 3491902))

table 7 : explain SELECT id, c FROM sbtest7 WHERE id BETWEEN 3491802 AND 3491902
	Index Scan using sbtest7_pkey on sbtest7  (cost=0.43..348.88 rows=87 width=125)
	  Index Cond: ((id >= 3491802) AND (id <= 3491902))

table 8 : explain SELECT id, c FROM sbtest8 WHERE id BETWEEN 3491802 AND 3491902
	Index Scan using sbtest8_pkey on sbtest8  (cost=0.43..410.70 rows=103 width=125)
	  Index Cond: ((id >= 3491802) AND (id <= 3491902))

for range-notcovered
table 1 : explain SELECT id, c FROM sbtest1 WHERE id BETWEEN 7583003 AND 7583103
	Index Scan using sbtest1_pkey on sbtest1  (cost=0.43..405.88 rows=101 width=125)
	  Index Cond: ((id >= 7583003) AND (id <= 7583103))

table 2 : explain SELECT id, c FROM sbtest2 WHERE id BETWEEN 7583003 AND 7583103
	Index Scan using sbtest2_pkey on sbtest2  (cost=0.43..444.89 rows=111 width=125)
	  Index Cond: ((id >= 7583003) AND (id <= 7583103))

table 3 : explain SELECT id, c FROM sbtest3 WHERE id BETWEEN 7583003 AND 7583103
	Index Scan using sbtest3_pkey on sbtest3  (cost=0.43..412.32 rows=103 width=125)
	  Index Cond: ((id >= 7583003) AND (id <= 7583103))

table 4 : explain SELECT id, c FROM sbtest4 WHERE id BETWEEN 7583003 AND 7583103
	Index Scan using sbtest4_pkey on sbtest4  (cost=0.43..408.04 rows=102 width=125)
	  Index Cond: ((id >= 7583003) AND (id <= 7583103))

table 5 : explain SELECT id, c FROM sbtest5 WHERE id BETWEEN 7583003 AND 7583103
	Index Scan using sbtest5_pkey on sbtest5  (cost=0.43..424.35 rows=106 width=125)
	  Index Cond: ((id >= 7583003) AND (id <= 7583103))

table 6 : explain SELECT id, c FROM sbtest6 WHERE id BETWEEN 7583003 AND 7583103
	Index Scan using sbtest6_pkey on sbtest6  (cost=0.43..423.76 rows=106 width=125)
	  Index Cond: ((id >= 7583003) AND (id <= 7583103))

table 7 : explain SELECT id, c FROM sbtest7 WHERE id BETWEEN 7583003 AND 7583103
	Index Scan using sbtest7_pkey on sbtest7  (cost=0.43..424.10 rows=106 width=125)
	  Index Cond: ((id >= 7583003) AND (id <= 7583103))

table 8 : explain SELECT id, c FROM sbtest8 WHERE id BETWEEN 7583003 AND 7583103
	Index Scan using sbtest8_pkey on sbtest8  (cost=0.43..390.99 rows=98 width=125)
	  Index Cond: ((id >= 7583003) AND (id <= 7583103))
explain: for range-notcovered :: explain SELECT id, c FROM sbtest%d WHERE id BETWEEN 8371058 AND 8371158

explain: for range-notcovered :: explain SELECT id, c FROM sbtest%d WHERE id BETWEEN 8083042 AND 8083142
explain: for range-notcovered :: explain SELECT id, c FROM sbtest%d WHERE id BETWEEN 3491802 AND 3491902
explain: for range-notcovered :: explain SELECT id, c FROM sbtest%d WHERE id BETWEEN 7583003 AND 7583103
for range-notcovered
table 1 : explain SELECT id, c FROM sbtest1 WHERE id BETWEEN 5263101 AND 5263201
	Index Scan using sbtest1_pkey on sbtest1  (cost=0.43..421.79 rows=105 width=125)
	  Index Cond: ((id >= 5263101) AND (id <= 5263201))

table 2 : explain SELECT id, c FROM sbtest2 WHERE id BETWEEN 5263101 AND 5263201
	Index Scan using sbtest2_pkey on sbtest2  (cost=0.43..373.47 rows=93 width=125)
	  Index Cond: ((id >= 5263101) AND (id <= 5263201))

table 3 : explain SELECT id, c FROM sbtest3 WHERE id BETWEEN 5263101 AND 5263201
	Index Scan using sbtest3_pkey on sbtest3  (cost=0.43..412.32 rows=103 width=125)
	  Index Cond: ((id >= 5263101) AND (id <= 5263201))

table 4 : explain SELECT id, c FROM sbtest4 WHERE id BETWEEN 5263101 AND 5263201
	Index Scan using sbtest4_pkey on sbtest4  (cost=0.43..431.78 rows=108 width=125)
	  Index Cond: ((id >= 5263101) AND (id <= 5263201))

table 5 : explain SELECT id, c FROM sbtest5 WHERE id BETWEEN 5263101 AND 5263201
	Index Scan using sbtest5_pkey on sbtest5  (cost=0.43..384.73 rows=96 width=125)
	  Index Cond: ((id >= 5263101) AND (id <= 5263201))

table 6 : explain SELECT id, c FROM sbtest6 WHERE id BETWEEN 5263101 AND 5263201
	Index Scan using sbtest6_pkey on sbtest6  (cost=0.43..423.76 rows=106 width=125)
	  Index Cond: ((id >= 5263101) AND (id <= 5263201))

table 7 : explain SELECT id, c FROM sbtest7 WHERE id BETWEEN 5263101 AND 5263201
	Index Scan using sbtest7_pkey on sbtest7  (cost=0.43..420.14 rows=105 width=125)
	  Index Cond: ((id >= 5263101) AND (id <= 5263201))

table 8 : explain SELECT id, c FROM sbtest8 WHERE id BETWEEN 5263101 AND 5263201
	Index Scan using sbtest8_pkey on sbtest8  (cost=0.43..422.53 rows=106 width=125)
	  Index Cond: ((id >= 5263101) AND (id <= 5263201))

for range-notcovered
table 1 : explain SELECT id, c FROM sbtest1 WHERE id BETWEEN 6354377 AND 6354477
	Index Scan using sbtest1_pkey on sbtest1  (cost=0.43..405.90 rows=101 width=125)
	  Index Cond: ((id >= 6354377) AND (id <= 6354477))

table 2 : explain SELECT id, c FROM sbtest2 WHERE id BETWEEN 6354377 AND 6354477
	Index Scan using sbtest2_pkey on sbtest2  (cost=0.43..413.15 rows=103 width=125)
	  Index Cond: ((id >= 6354377) AND (id <= 6354477))

table 3 : explain SELECT id, c FROM sbtest3 WHERE id BETWEEN 6354377 AND 6354477
	Index Scan using sbtest3_pkey on sbtest3  (cost=0.43..384.59 rows=96 width=125)
	  Index Cond: ((id >= 6354377) AND (id <= 6354477))

table 4 : explain SELECT id, c FROM sbtest4 WHERE id BETWEEN 6354377 AND 6354477
	Index Scan using sbtest4_pkey on sbtest4  (cost=0.43..396.17 rows=99 width=125)
	  Index Cond: ((id >= 6354377) AND (id <= 6354477))

table 5 : explain SELECT id, c FROM sbtest5 WHERE id BETWEEN 6354377 AND 6354477
	Index Scan using sbtest5_pkey on sbtest5  (cost=0.43..388.69 rows=97 width=125)
	  Index Cond: ((id >= 6354377) AND (id <= 6354477))

table 6 : explain SELECT id, c FROM sbtest6 WHERE id BETWEEN 6354377 AND 6354477
	Index Scan using sbtest6_pkey on sbtest6  (cost=0.43..403.98 rows=101 width=125)
	  Index Cond: ((id >= 6354377) AND (id <= 6354477))

table 7 : explain SELECT id, c FROM sbtest7 WHERE id BETWEEN 6354377 AND 6354477
	Index Scan using sbtest7_pkey on sbtest7  (cost=0.43..372.63 rows=93 width=125)
	  Index Cond: ((id >= 6354377) AND (id <= 6354477))

table 8 : explain SELECT id, c FROM sbtest8 WHERE id BETWEEN 6354377 AND 6354477
	Index Scan using sbtest8_pkey on sbtest8  (cost=0.43..426.48 rows=107 width=125)
	  Index Cond: ((id >= 6354377) AND (id <= 6354477))

explain: for range-notcovered :: explain SELECT id, c FROM sbtest%d WHERE id BETWEEN 6354377 AND 6354477
for range-notcovered
table 1 : explain SELECT id, c FROM sbtest1 WHERE id BETWEEN 9121698 AND 9121798
	Index Scan using sbtest1_pkey on sbtest1  (cost=0.43..429.74 rows=107 width=125)
	  Index Cond: ((id >= 9121698) AND (id <= 9121798))

table 2 : explain SELECT id, c FROM sbtest2 WHERE id BETWEEN 9121698 AND 9121798
	Index Scan using sbtest2_pkey on sbtest2  (cost=0.43..417.12 rows=104 width=125)
	  Index Cond: ((id >= 9121698) AND (id <= 9121798))

table 3 : explain SELECT id, c FROM sbtest3 WHERE id BETWEEN 9121698 AND 9121798
	Index Scan using sbtest3_pkey on sbtest3  (cost=0.43..396.47 rows=99 width=125)
	  Index Cond: ((id >= 9121698) AND (id <= 9121798))

table 4 : explain SELECT id, c FROM sbtest4 WHERE id BETWEEN 9121698 AND 9121798
	Index Scan using sbtest4_pkey on sbtest4  (cost=0.43..408.04 rows=102 width=125)
	  Index Cond: ((id >= 9121698) AND (id <= 9121798))

table 5 : explain SELECT id, c FROM sbtest5 WHERE id BETWEEN 9121698 AND 9121798
	Index Scan using sbtest5_pkey on sbtest5  (cost=0.43..388.69 rows=97 width=125)
	  Index Cond: ((id >= 9121698) AND (id <= 9121798))

table 6 : explain SELECT id, c FROM sbtest6 WHERE id BETWEEN 9121698 AND 9121798
	Index Scan using sbtest6_pkey on sbtest6  (cost=0.43..415.85 rows=104 width=125)
	  Index Cond: ((id >= 9121698) AND (id <= 9121798))

table 7 : explain SELECT id, c FROM sbtest7 WHERE id BETWEEN 9121698 AND 9121798
	Index Scan using sbtest7_pkey on sbtest7  (cost=0.43..384.50 rows=96 width=125)
	  Index Cond: ((id >= 9121698) AND (id <= 9121798))

table 8 : explain SELECT id, c FROM sbtest8 WHERE id BETWEEN 9121698 AND 9121798
	Index Scan using sbtest8_pkey on sbtest8  (cost=0.43..442.25 rows=111 width=125)
	  Index Cond: ((id >= 9121698) AND (id <= 9121798))

explain: for range-notcovered :: explain SELECT id, c FROM sbtest%d WHERE id BETWEEN 5586001 AND 5586101
explain: for range-notcovered :: explain SELECT id, c FROM sbtest%d WHERE id BETWEEN 5263101 AND 5263201
for range-notcovered
table 1 : explain SELECT id, c FROM sbtest1 WHERE id BETWEEN 8067886 AND 8067986
	Index Scan using sbtest1_pkey on sbtest1  (cost=0.43..389.99 rows=97 width=125)
	  Index Cond: ((id >= 8067886) AND (id <= 8067986))

table 2 : explain SELECT id, c FROM sbtest2 WHERE id BETWEEN 8067886 AND 8067986
	Index Scan using sbtest2_pkey on sbtest2  (cost=0.43..405.22 rows=101 width=125)
	  Index Cond: ((id >= 8067886) AND (id <= 8067986))

table 3 : explain SELECT id, c FROM sbtest3 WHERE id BETWEEN 8067886 AND 8067986
	Index Scan using sbtest3_pkey on sbtest3  (cost=0.43..432.11 rows=108 width=125)
	  Index Cond: ((id >= 8067886) AND (id <= 8067986))

table 4 : explain SELECT id, c FROM sbtest4 WHERE id BETWEEN 8067886 AND 8067986
	Index Scan using sbtest4_pkey on sbtest4  (cost=0.43..364.51 rows=91 width=125)
	  Index Cond: ((id >= 8067886) AND (id <= 8067986))

table 5 : explain SELECT id, c FROM sbtest5 WHERE id BETWEEN 8067886 AND 8067986
	Index Scan using sbtest5_pkey on sbtest5  (cost=0.43..416.43 rows=104 width=125)
	  Index Cond: ((id >= 8067886) AND (id <= 8067986))

table 6 : explain SELECT id, c FROM sbtest6 WHERE id BETWEEN 8067886 AND 8067986
	Index Scan using sbtest6_pkey on sbtest6  (cost=0.43..392.12 rows=98 width=125)
	  Index Cond: ((id >= 8067886) AND (id <= 8067986))

table 7 : explain SELECT id, c FROM sbtest7 WHERE id BETWEEN 8067886 AND 8067986
	Index Scan using sbtest7_pkey on sbtest7  (cost=0.43..408.26 rows=102 width=125)
	  Index Cond: ((id >= 8067886) AND (id <= 8067986))

table 8 : explain SELECT id, c FROM sbtest8 WHERE id BETWEEN 8067886 AND 8067986
	Index Scan using sbtest8_pkey on sbtest8  (cost=0.43..422.53 rows=106 width=125)
	  Index Cond: ((id >= 8067886) AND (id <= 8067986))

for range-notcovered
table 1 : explain SELECT id, c FROM sbtest1 WHERE id BETWEEN 7057860 AND 7057960
	Index Scan using sbtest1_pkey on sbtest1  (cost=0.43..417.82 rows=104 width=125)
	  Index Cond: ((id >= 7057860) AND (id <= 7057960))

table 2 : explain SELECT id, c FROM sbtest2 WHERE id BETWEEN 7057860 AND 7057960
	Index Scan using sbtest2_pkey on sbtest2  (cost=0.43..397.27 rows=99 width=125)
	  Index Cond: ((id >= 7057860) AND (id <= 7057960))

table 3 : explain SELECT id, c FROM sbtest3 WHERE id BETWEEN 7057860 AND 7057960
	Index Scan using sbtest3_pkey on sbtest3  (cost=0.43..404.40 rows=101 width=125)
	  Index Cond: ((id >= 7057860) AND (id <= 7057960))

table 4 : explain SELECT id, c FROM sbtest4 WHERE id BETWEEN 7057860 AND 7057960
	Index Scan using sbtest4_pkey on sbtest4  (cost=0.43..423.86 rows=106 width=125)
	  Index Cond: ((id >= 7057860) AND (id <= 7057960))

table 5 : explain SELECT id, c FROM sbtest5 WHERE id BETWEEN 7057860 AND 7057960
	Index Scan using sbtest5_pkey on sbtest5  (cost=0.43..400.58 rows=100 width=125)
	  Index Cond: ((id >= 7057860) AND (id <= 7057960))

table 6 : explain SELECT id, c FROM sbtest6 WHERE id BETWEEN 7057860 AND 7057960
	Index Scan using sbtest6_pkey on sbtest6  (cost=0.43..380.24 rows=95 width=125)
	  Index Cond: ((id >= 7057860) AND (id <= 7057960))

table 7 : explain SELECT id, c FROM sbtest7 WHERE id BETWEEN 7057860 AND 7057960
	Index Scan using sbtest7_pkey on sbtest7  (cost=0.43..424.10 rows=106 width=125)
	  Index Cond: ((id >= 7057860) AND (id <= 7057960))

table 8 : explain SELECT id, c FROM sbtest8 WHERE id BETWEEN 7057860 AND 7057960
	Index Scan using sbtest8_pkey on sbtest8  (cost=0.43..414.65 rows=104 width=125)
	  Index Cond: ((id >= 7057860) AND (id <= 7057960))

explain: for range-notcovered :: explain SELECT id, c FROM sbtest%d WHERE id BETWEEN 9121698 AND 9121798
explain: for range-notcovered :: explain SELECT id, c FROM sbtest%d WHERE id BETWEEN 8067886 AND 8067986
explain: for range-notcovered :: explain SELECT id, c FROM sbtest%d WHERE id BETWEEN 7057860 AND 7057960
for range-notcovered
table 1 : explain SELECT id, c FROM sbtest1 WHERE id BETWEEN 903922 AND 904022
	Index Scan using sbtest1_pkey on sbtest1  (cost=0.43..366.14 rows=91 width=125)
	  Index Cond: ((id >= 903922) AND (id <= 904022))

table 2 : explain SELECT id, c FROM sbtest2 WHERE id BETWEEN 903922 AND 904022
	Index Scan using sbtest2_pkey on sbtest2  (cost=0.43..377.44 rows=94 width=125)
	  Index Cond: ((id >= 903922) AND (id <= 904022))

table 3 : explain SELECT id, c FROM sbtest3 WHERE id BETWEEN 903922 AND 904022
	Index Scan using sbtest3_pkey on sbtest3  (cost=0.43..420.23 rows=105 width=125)
	  Index Cond: ((id >= 903922) AND (id <= 904022))

table 4 : explain SELECT id, c FROM sbtest4 WHERE id BETWEEN 903922 AND 904022
	Index Scan using sbtest4_pkey on sbtest4  (cost=0.43..427.82 rows=107 width=125)
	  Index Cond: ((id >= 903922) AND (id <= 904022))

table 5 : explain SELECT id, c FROM sbtest5 WHERE id BETWEEN 903922 AND 904022
	Index Scan using sbtest5_pkey on sbtest5  (cost=0.43..368.89 rows=92 width=125)
	  Index Cond: ((id >= 903922) AND (id <= 904022))

table 6 : explain SELECT id, c FROM sbtest6 WHERE id BETWEEN 903922 AND 904022
	Index Scan using sbtest6_pkey on sbtest6  (cost=0.43..403.98 rows=101 width=125)
	  Index Cond: ((id >= 903922) AND (id <= 904022))

table 7 : explain SELECT id, c FROM sbtest7 WHERE id BETWEEN 903922 AND 904022
	Index Scan using sbtest7_pkey on sbtest7  (cost=0.43..360.75 rows=90 width=125)
	  Index Cond: ((id >= 903922) AND (id <= 904022))

table 8 : explain SELECT id, c FROM sbtest8 WHERE id BETWEEN 903922 AND 904022
	Index Scan using sbtest8_pkey on sbtest8  (cost=0.43..454.08 rows=114 width=125)
	  Index Cond: ((id >= 903922) AND (id <= 904022))

for range-notcovered
table 1 : explain SELECT id, c FROM sbtest1 WHERE id BETWEEN 4108379 AND 4108479
	Index Scan using sbtest1_pkey on sbtest1  (cost=0.43..417.82 rows=104 width=125)
	  Index Cond: ((id >= 4108379) AND (id <= 4108479))

table 2 : explain SELECT id, c FROM sbtest2 WHERE id BETWEEN 4108379 AND 4108479
	Index Scan using sbtest2_pkey on sbtest2  (cost=0.43..409.19 rows=102 width=125)
	  Index Cond: ((id >= 4108379) AND (id <= 4108479))

table 3 : explain SELECT id, c FROM sbtest3 WHERE id BETWEEN 4108379 AND 4108479
	Index Scan using sbtest3_pkey on sbtest3  (cost=0.43..420.23 rows=105 width=125)
	  Index Cond: ((id >= 4108379) AND (id <= 4108479))

table 4 : explain SELECT id, c FROM sbtest4 WHERE id BETWEEN 4108379 AND 4108479
	Index Scan using sbtest4_pkey on sbtest4  (cost=0.43..412.00 rows=103 width=125)
	  Index Cond: ((id >= 4108379) AND (id <= 4108479))

table 5 : explain SELECT id, c FROM sbtest5 WHERE id BETWEEN 4108379 AND 4108479
	Index Scan using sbtest5_pkey on sbtest5  (cost=0.43..380.77 rows=95 width=125)
	  Index Cond: ((id >= 4108379) AND (id <= 4108479))

table 6 : explain SELECT id, c FROM sbtest6 WHERE id BETWEEN 4108379 AND 4108479
	Index Scan using sbtest6_pkey on sbtest6  (cost=0.43..407.94 rows=102 width=125)
	  Index Cond: ((id >= 4108379) AND (id <= 4108479))

table 7 : explain SELECT id, c FROM sbtest7 WHERE id BETWEEN 4108379 AND 4108479
	Index Scan using sbtest7_pkey on sbtest7  (cost=0.43..376.58 rows=94 width=125)
	  Index Cond: ((id >= 4108379) AND (id <= 4108479))

table 8 : explain SELECT id, c FROM sbtest8 WHERE id BETWEEN 4108379 AND 4108479
	Index Scan using sbtest8_pkey on sbtest8  (cost=0.43..383.08 rows=96 width=125)
	  Index Cond: ((id >= 4108379) AND (id <= 4108479))

for range-notcovered
table 1 : explain SELECT id, c FROM sbtest1 WHERE id BETWEEN 5416942 AND 5417042
	Index Scan using sbtest1_pkey on sbtest1  (cost=0.43..413.84 rows=103 width=125)
	  Index Cond: ((id >= 5416942) AND (id <= 5417042))

table 2 : explain SELECT id, c FROM sbtest2 WHERE id BETWEEN 5416942 AND 5417042
	Index Scan using sbtest2_pkey on sbtest2  (cost=0.43..432.99 rows=108 width=125)
	  Index Cond: ((id >= 5416942) AND (id <= 5417042))

table 3 : explain SELECT id, c FROM sbtest3 WHERE id BETWEEN 5416942 AND 5417042
	Index Scan using sbtest3_pkey on sbtest3  (cost=0.43..428.15 rows=107 width=125)
	  Index Cond: ((id >= 5416942) AND (id <= 5417042))

table 4 : explain SELECT id, c FROM sbtest4 WHERE id BETWEEN 5416942 AND 5417042
	Index Scan using sbtest4_pkey on sbtest4  (cost=0.43..415.95 rows=104 width=125)
	  Index Cond: ((id >= 5416942) AND (id <= 5417042))

table 5 : explain SELECT id, c FROM sbtest5 WHERE id BETWEEN 5416942 AND 5417042
	Index Scan using sbtest5_pkey on sbtest5  (cost=0.43..368.89 rows=92 width=125)
	  Index Cond: ((id >= 5416942) AND (id <= 5417042))

table 6 : explain SELECT id, c FROM sbtest6 WHERE id BETWEEN 5416942 AND 5417042
	Index Scan using sbtest6_pkey on sbtest6  (cost=0.43..411.89 rows=103 width=125)
	  Index Cond: ((id >= 5416942) AND (id <= 5417042))

table 7 : explain SELECT id, c FROM sbtest7 WHERE id BETWEEN 5416942 AND 5417042
	Index Scan using sbtest7_pkey on sbtest7  (cost=0.43..412.22 rows=103 width=125)
	  Index Cond: ((id >= 5416942) AND (id <= 5417042))

table 8 : explain SELECT id, c FROM sbtest8 WHERE id BETWEEN 5416942 AND 5417042
	Index Scan using sbtest8_pkey on sbtest8  (cost=0.43..394.93 rows=99 width=125)
	  Index Cond: ((id >= 5416942) AND (id <= 5417042))

for range-notcovered
table 1 : explain SELECT id, c FROM sbtest1 WHERE id BETWEEN 8371058 AND 8371158
	Index Scan using sbtest1_pkey on sbtest1  (cost=0.43..393.96 rows=98 width=125)
	  Index Cond: ((id >= 8371058) AND (id <= 8371158))

table 2 : explain SELECT id, c FROM sbtest2 WHERE id BETWEEN 8371058 AND 8371158
	Index Scan using sbtest2_pkey on sbtest2  (cost=0.43..385.37 rows=96 width=125)
	  Index Cond: ((id >= 8371058) AND (id <= 8371158))

table 3 : explain SELECT id, c FROM sbtest3 WHERE id BETWEEN 8371058 AND 8371158
	Index Scan using sbtest3_pkey on sbtest3  (cost=0.43..404.40 rows=101 width=125)
	  Index Cond: ((id >= 8371058) AND (id <= 8371158))

table 4 : explain SELECT id, c FROM sbtest4 WHERE id BETWEEN 8371058 AND 8371158
	Index Scan using sbtest4_pkey on sbtest4  (cost=0.43..384.29 rows=96 width=125)
	  Index Cond: ((id >= 8371058) AND (id <= 8371158))

table 5 : explain SELECT id, c FROM sbtest5 WHERE id BETWEEN 8371058 AND 8371158
	Index Scan using sbtest5_pkey on sbtest5  (cost=0.43..408.51 rows=102 width=125)
	  Index Cond: ((id >= 8371058) AND (id <= 8371158))

table 6 : explain SELECT id, c FROM sbtest6 WHERE id BETWEEN 8371058 AND 8371158
	Index Scan using sbtest6_pkey on sbtest6  (cost=0.43..396.07 rows=99 width=125)
	  Index Cond: ((id >= 8371058) AND (id <= 8371158))

table 7 : explain SELECT id, c FROM sbtest7 WHERE id BETWEEN 8371058 AND 8371158
	Index Scan using sbtest7_pkey on sbtest7  (cost=0.43..428.05 rows=107 width=125)
	  Index Cond: ((id >= 8371058) AND (id <= 8371158))

table 8 : explain SELECT id, c FROM sbtest8 WHERE id BETWEEN 8371058 AND 8371158
	Index Scan using sbtest8_pkey on sbtest8  (cost=0.43..406.76 rows=102 width=125)
	  Index Cond: ((id >= 8371058) AND (id <= 8371158))

for range-notcovered
table 1 : explain SELECT id, c FROM sbtest1 WHERE id BETWEEN 7811644 AND 7811744
	Index Scan using sbtest1_pkey on sbtest1  (cost=0.43..386.01 rows=96 width=125)
	  Index Cond: ((id >= 7811644) AND (id <= 7811744))

table 2 : explain SELECT id, c FROM sbtest2 WHERE id BETWEEN 7811644 AND 7811744
	Index Scan using sbtest2_pkey on sbtest2  (cost=0.43..369.50 rows=92 width=125)
	  Index Cond: ((id >= 7811644) AND (id <= 7811744))

table 3 : explain SELECT id, c FROM sbtest3 WHERE id BETWEEN 7811644 AND 7811744
	Index Scan using sbtest3_pkey on sbtest3  (cost=0.43..392.51 rows=98 width=125)
	  Index Cond: ((id >= 7811644) AND (id <= 7811744))

table 4 : explain SELECT id, c FROM sbtest4 WHERE id BETWEEN 7811644 AND 7811744
	Index Scan using sbtest4_pkey on sbtest4  (cost=0.43..380.33 rows=95 width=125)
	  Index Cond: ((id >= 7811644) AND (id <= 7811744))

table 5 : explain SELECT id, c FROM sbtest5 WHERE id BETWEEN 7811644 AND 7811744
	Index Scan using sbtest5_pkey on sbtest5  (cost=0.43..408.51 rows=102 width=125)
	  Index Cond: ((id >= 7811644) AND (id <= 7811744))

table 6 : explain SELECT id, c FROM sbtest6 WHERE id BETWEEN 7811644 AND 7811744
	Index Scan using sbtest6_pkey on sbtest6  (cost=0.43..380.24 rows=95 width=125)
	  Index Cond: ((id >= 7811644) AND (id <= 7811744))

table 7 : explain SELECT id, c FROM sbtest7 WHERE id BETWEEN 7811644 AND 7811744
	Index Scan using sbtest7_pkey on sbtest7  (cost=0.43..420.14 rows=105 width=125)
	  Index Cond: ((id >= 7811644) AND (id <= 7811744))

table 8 : explain SELECT id, c FROM sbtest8 WHERE id BETWEEN 7811644 AND 7811744
	Index Scan using sbtest8_pkey on sbtest8  (cost=0.43..394.93 rows=99 width=125)
	  Index Cond: ((id >= 7811644) AND (id <= 7811744))

for range-notcovered
table 1 : explain SELECT id, c FROM sbtest1 WHERE id BETWEEN 7583003 AND 7583103
	Index Scan using sbtest1_pkey on sbtest1  (cost=0.43..405.88 rows=101 width=125)
	  Index Cond: ((id >= 7583003) AND (id <= 7583103))

table 2 : explain SELECT id, c FROM sbtest2 WHERE id BETWEEN 7583003 AND 7583103
	Index Scan using sbtest2_pkey on sbtest2  (cost=0.43..444.89 rows=111 width=125)
	  Index Cond: ((id >= 7583003) AND (id <= 7583103))

table 3 : explain SELECT id, c FROM sbtest3 WHERE id BETWEEN 7583003 AND 7583103
	Index Scan using sbtest3_pkey on sbtest3  (cost=0.43..412.32 rows=103 width=125)
	  Index Cond: ((id >= 7583003) AND (id <= 7583103))

table 4 : explain SELECT id, c FROM sbtest4 WHERE id BETWEEN 7583003 AND 7583103
	Index Scan using sbtest4_pkey on sbtest4  (cost=0.43..408.04 rows=102 width=125)
	  Index Cond: ((id >= 7583003) AND (id <= 7583103))

table 5 : explain SELECT id, c FROM sbtest5 WHERE id BETWEEN 7583003 AND 7583103
	Index Scan using sbtest5_pkey on sbtest5  (cost=0.43..424.35 rows=106 width=125)
	  Index Cond: ((id >= 7583003) AND (id <= 7583103))

table 6 : explain SELECT id, c FROM sbtest6 WHERE id BETWEEN 7583003 AND 7583103
	Index Scan using sbtest6_pkey on sbtest6  (cost=0.43..423.76 rows=106 width=125)
	  Index Cond: ((id >= 7583003) AND (id <= 7583103))

table 7 : explain SELECT id, c FROM sbtest7 WHERE id BETWEEN 7583003 AND 7583103
	Index Scan using sbtest7_pkey on sbtest7  (cost=0.43..424.10 rows=106 width=125)
	  Index Cond: ((id >= 7583003) AND (id <= 7583103))

table 8 : explain SELECT id, c FROM sbtest8 WHERE id BETWEEN 7583003 AND 7583103
	Index Scan using sbtest8_pkey on sbtest8  (cost=0.43..390.99 rows=98 width=125)
	  Index Cond: ((id >= 7583003) AND (id <= 7583103))

explain: for range-notcovered :: explain SELECT id, c FROM sbtest%d WHERE id BETWEEN 8371058 AND 8371158
explain: for range-notcovered :: explain SELECT id, c FROM sbtest%d WHERE id BETWEEN 7811644 AND 7811744
for range-notcovered
table 1 : explain SELECT id, c FROM sbtest1 WHERE id BETWEEN 6354377 AND 6354477
	Index Scan using sbtest1_pkey on sbtest1  (cost=0.43..405.90 rows=101 width=125)
	  Index Cond: ((id >= 6354377) AND (id <= 6354477))

table 2 : explain SELECT id, c FROM sbtest2 WHERE id BETWEEN 6354377 AND 6354477
	Index Scan using sbtest2_pkey on sbtest2  (cost=0.43..413.15 rows=103 width=125)
	  Index Cond: ((id >= 6354377) AND (id <= 6354477))

table 3 : explain SELECT id, c FROM sbtest3 WHERE id BETWEEN 6354377 AND 6354477
	Index Scan using sbtest3_pkey on sbtest3  (cost=0.43..384.59 rows=96 width=125)
	  Index Cond: ((id >= 6354377) AND (id <= 6354477))

table 4 : explain SELECT id, c FROM sbtest4 WHERE id BETWEEN 6354377 AND 6354477
	Index Scan using sbtest4_pkey on sbtest4  (cost=0.43..396.17 rows=99 width=125)
	  Index Cond: ((id >= 6354377) AND (id <= 6354477))

table 5 : explain SELECT id, c FROM sbtest5 WHERE id BETWEEN 6354377 AND 6354477
	Index Scan using sbtest5_pkey on sbtest5  (cost=0.43..388.69 rows=97 width=125)
	  Index Cond: ((id >= 6354377) AND (id <= 6354477))

table 6 : explain SELECT id, c FROM sbtest6 WHERE id BETWEEN 6354377 AND 6354477
	Index Scan using sbtest6_pkey on sbtest6  (cost=0.43..403.98 rows=101 width=125)
	  Index Cond: ((id >= 6354377) AND (id <= 6354477))

table 7 : explain SELECT id, c FROM sbtest7 WHERE id BETWEEN 6354377 AND 6354477
	Index Scan using sbtest7_pkey on sbtest7  (cost=0.43..372.63 rows=93 width=125)
	  Index Cond: ((id >= 6354377) AND (id <= 6354477))

table 8 : explain SELECT id, c FROM sbtest8 WHERE id BETWEEN 6354377 AND 6354477
	Index Scan using sbtest8_pkey on sbtest8  (cost=0.43..426.48 rows=107 width=125)
	  Index Cond: ((id >= 6354377) AND (id <= 6354477))

for range-notcovered
table 1 : explain SELECT id, c FROM sbtest1 WHERE id BETWEEN 3491802 AND 3491902
	Index Scan using sbtest1_pkey on sbtest1  (cost=0.43..374.09 rows=93 width=125)
	  Index Cond: ((id >= 3491802) AND (id <= 3491902))

table 2 : explain SELECT id, c FROM sbtest2 WHERE id BETWEEN 3491802 AND 3491902
	Index Scan using sbtest2_pkey on sbtest2  (cost=0.43..409.19 rows=102 width=125)
	  Index Cond: ((id >= 3491802) AND (id <= 3491902))

table 3 : explain SELECT id, c FROM sbtest3 WHERE id BETWEEN 3491802 AND 3491902
	Index Scan using sbtest3_pkey on sbtest3  (cost=0.43..368.75 rows=92 width=125)
	  Index Cond: ((id >= 3491802) AND (id <= 3491902))

table 4 : explain SELECT id, c FROM sbtest4 WHERE id BETWEEN 3491802 AND 3491902
	Index Scan using sbtest4_pkey on sbtest4  (cost=0.43..380.33 rows=95 width=125)
	  Index Cond: ((id >= 3491802) AND (id <= 3491902))

table 5 : explain SELECT id, c FROM sbtest5 WHERE id BETWEEN 3491802 AND 3491902
	Index Scan using sbtest5_pkey on sbtest5  (cost=0.43..364.93 rows=91 width=125)
	  Index Cond: ((id >= 3491802) AND (id <= 3491902))

table 6 : explain SELECT id, c FROM sbtest6 WHERE id BETWEEN 3491802 AND 3491902
	Index Scan using sbtest6_pkey on sbtest6  (cost=0.43..392.12 rows=98 width=125)
	  Index Cond: ((id >= 3491802) AND (id <= 3491902))

table 7 : explain SELECT id, c FROM sbtest7 WHERE id BETWEEN 3491802 AND 3491902
	Index Scan using sbtest7_pkey on sbtest7  (cost=0.43..348.88 rows=87 width=125)
	  Index Cond: ((id >= 3491802) AND (id <= 3491902))

table 8 : explain SELECT id, c FROM sbtest8 WHERE id BETWEEN 3491802 AND 3491902
	Index Scan using sbtest8_pkey on sbtest8  (cost=0.43..410.70 rows=103 width=125)
	  Index Cond: ((id >= 3491802) AND (id <= 3491902))

explain: for range-notcovered :: explain SELECT id, c FROM sbtest%d WHERE id BETWEEN 7583003 AND 7583103
explain: for range-notcovered :: explain SELECT id, c FROM sbtest%d WHERE id BETWEEN 6354377 AND 6354477
for range-notcovered
table 1 : explain SELECT id, c FROM sbtest1 WHERE id BETWEEN 8083042 AND 8083142
	Index Scan using sbtest1_pkey on sbtest1  (cost=0.43..389.99 rows=97 width=125)
	  Index Cond: ((id >= 8083042) AND (id <= 8083142))

table 2 : explain SELECT id, c FROM sbtest2 WHERE id BETWEEN 8083042 AND 8083142
	Index Scan using sbtest2_pkey on sbtest2  (cost=0.43..405.22 rows=101 width=125)
	  Index Cond: ((id >= 8083042) AND (id <= 8083142))

table 3 : explain SELECT id, c FROM sbtest3 WHERE id BETWEEN 8083042 AND 8083142
	Index Scan using sbtest3_pkey on sbtest3  (cost=0.43..432.11 rows=108 width=125)
	  Index Cond: ((id >= 8083042) AND (id <= 8083142))

table 4 : explain SELECT id, c FROM sbtest4 WHERE id BETWEEN 8083042 AND 8083142
	Index Scan using sbtest4_pkey on sbtest4  (cost=0.43..364.51 rows=91 width=125)
	  Index Cond: ((id >= 8083042) AND (id <= 8083142))

table 5 : explain SELECT id, c FROM sbtest5 WHERE id BETWEEN 8083042 AND 8083142
	Index Scan using sbtest5_pkey on sbtest5  (cost=0.43..416.43 rows=104 width=125)
	  Index Cond: ((id >= 8083042) AND (id <= 8083142))

table 6 : explain SELECT id, c FROM sbtest6 WHERE id BETWEEN 8083042 AND 8083142
	Index Scan using sbtest6_pkey on sbtest6  (cost=0.43..392.12 rows=98 width=125)
	  Index Cond: ((id >= 8083042) AND (id <= 8083142))

table 7 : explain SELECT id, c FROM sbtest7 WHERE id BETWEEN 8083042 AND 8083142
	Index Scan using sbtest7_pkey on sbtest7  (cost=0.43..408.26 rows=102 width=125)
	  Index Cond: ((id >= 8083042) AND (id <= 8083142))

table 8 : explain SELECT id, c FROM sbtest8 WHERE id BETWEEN 8083042 AND 8083142
	Index Scan using sbtest8_pkey on sbtest8  (cost=0.43..422.53 rows=106 width=125)
	  Index Cond: ((id >= 8083042) AND (id <= 8083142))

explain: for range-notcovered :: explain SELECT id, c FROM sbtest%d WHERE id BETWEEN 903922 AND 904022
for range-notcovered
table 1 : explain SELECT id, c FROM sbtest1 WHERE id BETWEEN 9121698 AND 9121798
	Index Scan using sbtest1_pkey on sbtest1  (cost=0.43..429.74 rows=107 width=125)
	  Index Cond: ((id >= 9121698) AND (id <= 9121798))

table 2 : explain SELECT id, c FROM sbtest2 WHERE id BETWEEN 9121698 AND 9121798
	Index Scan using sbtest2_pkey on sbtest2  (cost=0.43..417.12 rows=104 width=125)
	  Index Cond: ((id >= 9121698) AND (id <= 9121798))

table 3 : explain SELECT id, c FROM sbtest3 WHERE id BETWEEN 9121698 AND 9121798
	Index Scan using sbtest3_pkey on sbtest3  (cost=0.43..396.47 rows=99 width=125)
	  Index Cond: ((id >= 9121698) AND (id <= 9121798))

table 4 : explain SELECT id, c FROM sbtest4 WHERE id BETWEEN 9121698 AND 9121798
	Index Scan using sbtest4_pkey on sbtest4  (cost=0.43..408.04 rows=102 width=125)
	  Index Cond: ((id >= 9121698) AND (id <= 9121798))

table 5 : explain SELECT id, c FROM sbtest5 WHERE id BETWEEN 9121698 AND 9121798
	Index Scan using sbtest5_pkey on sbtest5  (cost=0.43..388.69 rows=97 width=125)
	  Index Cond: ((id >= 9121698) AND (id <= 9121798))

table 6 : explain SELECT id, c FROM sbtest6 WHERE id BETWEEN 9121698 AND 9121798
	Index Scan using sbtest6_pkey on sbtest6  (cost=0.43..415.85 rows=104 width=125)
	  Index Cond: ((id >= 9121698) AND (id <= 9121798))

table 7 : explain SELECT id, c FROM sbtest7 WHERE id BETWEEN 9121698 AND 9121798
	Index Scan using sbtest7_pkey on sbtest7  (cost=0.43..384.50 rows=96 width=125)
	  Index Cond: ((id >= 9121698) AND (id <= 9121798))

table 8 : explain SELECT id, c FROM sbtest8 WHERE id BETWEEN 9121698 AND 9121798
	Index Scan using sbtest8_pkey on sbtest8  (cost=0.43..442.25 rows=111 width=125)
	  Index Cond: ((id >= 9121698) AND (id <= 9121798))

explain: for range-notcovered :: explain SELECT id, c FROM sbtest%d WHERE id BETWEEN 9121698 AND 9121798
for range-notcovered
table 1 : explain SELECT id, c FROM sbtest1 WHERE id BETWEEN 8067886 AND 8067986
	Index Scan using sbtest1_pkey on sbtest1  (cost=0.43..389.99 rows=97 width=125)
	  Index Cond: ((id >= 8067886) AND (id <= 8067986))

table 2 : explain SELECT id, c FROM sbtest2 WHERE id BETWEEN 8067886 AND 8067986
	Index Scan using sbtest2_pkey on sbtest2  (cost=0.43..405.22 rows=101 width=125)
	  Index Cond: ((id >= 8067886) AND (id <= 8067986))

table 3 : explain SELECT id, c FROM sbtest3 WHERE id BETWEEN 8067886 AND 8067986
	Index Scan using sbtest3_pkey on sbtest3  (cost=0.43..432.11 rows=108 width=125)
	  Index Cond: ((id >= 8067886) AND (id <= 8067986))

table 4 : explain SELECT id, c FROM sbtest4 WHERE id BETWEEN 8067886 AND 8067986
	Index Scan using sbtest4_pkey on sbtest4  (cost=0.43..364.51 rows=91 width=125)
	  Index Cond: ((id >= 8067886) AND (id <= 8067986))

table 5 : explain SELECT id, c FROM sbtest5 WHERE id BETWEEN 8067886 AND 8067986
	Index Scan using sbtest5_pkey on sbtest5  (cost=0.43..416.43 rows=104 width=125)
	  Index Cond: ((id >= 8067886) AND (id <= 8067986))

table 6 : explain SELECT id, c FROM sbtest6 WHERE id BETWEEN 8067886 AND 8067986
	Index Scan using sbtest6_pkey on sbtest6  (cost=0.43..392.12 rows=98 width=125)
	  Index Cond: ((id >= 8067886) AND (id <= 8067986))

table 7 : explain SELECT id, c FROM sbtest7 WHERE id BETWEEN 8067886 AND 8067986
	Index Scan using sbtest7_pkey on sbtest7  (cost=0.43..408.26 rows=102 width=125)
	  Index Cond: ((id >= 8067886) AND (id <= 8067986))

table 8 : explain SELECT id, c FROM sbtest8 WHERE id BETWEEN 8067886 AND 8067986
	Index Scan using sbtest8_pkey on sbtest8  (cost=0.43..422.53 rows=106 width=125)
	  Index Cond: ((id >= 8067886) AND (id <= 8067986))

for range-notcovered
table 1 : explain SELECT id, c FROM sbtest1 WHERE id BETWEEN 1645906 AND 1646006
	Index Scan using sbtest1_pkey on sbtest1  (cost=0.43..374.09 rows=93 width=125)
	  Index Cond: ((id >= 1645906) AND (id <= 1646006))

table 2 : explain SELECT id, c FROM sbtest2 WHERE id BETWEEN 1645906 AND 1646006
	Index Scan using sbtest2_pkey on sbtest2  (cost=0.43..409.19 rows=102 width=125)
	  Index Cond: ((id >= 1645906) AND (id <= 1646006))

table 3 : explain SELECT id, c FROM sbtest3 WHERE id BETWEEN 1645906 AND 1646006
	Index Scan using sbtest3_pkey on sbtest3  (cost=0.43..400.44 rows=100 width=125)
	  Index Cond: ((id >= 1645906) AND (id <= 1646006))

table 4 : explain SELECT id, c FROM sbtest4 WHERE id BETWEEN 1645906 AND 1646006
	Index Scan using sbtest4_pkey on sbtest4  (cost=0.43..364.51 rows=91 width=125)
	  Index Cond: ((id >= 1645906) AND (id <= 1646006))

table 5 : explain SELECT id, c FROM sbtest5 WHERE id BETWEEN 1645906 AND 1646006
	Index Scan using sbtest5_pkey on sbtest5  (cost=0.43..452.07 rows=113 width=125)
	  Index Cond: ((id >= 1645906) AND (id <= 1646006))

table 6 : explain SELECT id, c FROM sbtest6 WHERE id BETWEEN 1645906 AND 1646006
	Index Scan using sbtest6_pkey on sbtest6  (cost=0.43..380.24 rows=95 width=125)
	  Index Cond: ((id >= 1645906) AND (id <= 1646006))

table 7 : explain SELECT id, c FROM sbtest7 WHERE id BETWEEN 1645906 AND 1646006
	Index Scan using sbtest7_pkey on sbtest7  (cost=0.43..404.31 rows=101 width=125)
	  Index Cond: ((id >= 1645906) AND (id <= 1646006))

table 8 : explain SELECT id, c FROM sbtest8 WHERE id BETWEEN 1645906 AND 1646006
	Index Scan using sbtest8_pkey on sbtest8  (cost=0.43..414.65 rows=104 width=125)
	  Index Cond: ((id >= 1645906) AND (id <= 1646006))

for range-notcovered
table 1 : explain SELECT id, c FROM sbtest1 WHERE id BETWEEN 7057860 AND 7057960
	Index Scan using sbtest1_pkey on sbtest1  (cost=0.43..417.82 rows=104 width=125)
	  Index Cond: ((id >= 7057860) AND (id <= 7057960))

table 2 : explain SELECT id, c FROM sbtest2 WHERE id BETWEEN 7057860 AND 7057960
	Index Scan using sbtest2_pkey on sbtest2  (cost=0.43..397.27 rows=99 width=125)
	  Index Cond: ((id >= 7057860) AND (id <= 7057960))

table 3 : explain SELECT id, c FROM sbtest3 WHERE id BETWEEN 7057860 AND 7057960
	Index Scan using sbtest3_pkey on sbtest3  (cost=0.43..404.40 rows=101 width=125)
	  Index Cond: ((id >= 7057860) AND (id <= 7057960))

table 4 : explain SELECT id, c FROM sbtest4 WHERE id BETWEEN 7057860 AND 7057960
	Index Scan using sbtest4_pkey on sbtest4  (cost=0.43..423.86 rows=106 width=125)
	  Index Cond: ((id >= 7057860) AND (id <= 7057960))

table 5 : explain SELECT id, c FROM sbtest5 WHERE id BETWEEN 7057860 AND 7057960
	Index Scan using sbtest5_pkey on sbtest5  (cost=0.43..400.58 rows=100 width=125)
	  Index Cond: ((id >= 7057860) AND (id <= 7057960))

table 6 : explain SELECT id, c FROM sbtest6 WHERE id BETWEEN 7057860 AND 7057960
	Index Scan using sbtest6_pkey on sbtest6  (cost=0.43..380.24 rows=95 width=125)
	  Index Cond: ((id >= 7057860) AND (id <= 7057960))

table 7 : explain SELECT id, c FROM sbtest7 WHERE id BETWEEN 7057860 AND 7057960
	Index Scan using sbtest7_pkey on sbtest7  (cost=0.43..424.10 rows=106 width=125)
	  Index Cond: ((id >= 7057860) AND (id <= 7057960))

table 8 : explain SELECT id, c FROM sbtest8 WHERE id BETWEEN 7057860 AND 7057960
	Index Scan using sbtest8_pkey on sbtest8  (cost=0.43..414.65 rows=104 width=125)
	  Index Cond: ((id >= 7057860) AND (id <= 7057960))

explain: for range-notcovered :: explain SELECT id, c FROM sbtest%d WHERE id BETWEEN 1645906 AND 1646006
explain: for range-notcovered :: explain SELECT id, c FROM sbtest%d WHERE id BETWEEN 7057860 AND 7057960
for range-notcovered
table 1 : explain SELECT id, c FROM sbtest1 WHERE id BETWEEN 8371058 AND 8371158
	Index Scan using sbtest1_pkey on sbtest1  (cost=0.43..393.96 rows=98 width=125)
	  Index Cond: ((id >= 8371058) AND (id <= 8371158))

table 2 : explain SELECT id, c FROM sbtest2 WHERE id BETWEEN 8371058 AND 8371158
	Index Scan using sbtest2_pkey on sbtest2  (cost=0.43..385.37 rows=96 width=125)
	  Index Cond: ((id >= 8371058) AND (id <= 8371158))

table 3 : explain SELECT id, c FROM sbtest3 WHERE id BETWEEN 8371058 AND 8371158
	Index Scan using sbtest3_pkey on sbtest3  (cost=0.43..404.40 rows=101 width=125)
	  Index Cond: ((id >= 8371058) AND (id <= 8371158))

table 4 : explain SELECT id, c FROM sbtest4 WHERE id BETWEEN 8371058 AND 8371158
	Index Scan using sbtest4_pkey on sbtest4  (cost=0.43..384.29 rows=96 width=125)
	  Index Cond: ((id >= 8371058) AND (id <= 8371158))

table 5 : explain SELECT id, c FROM sbtest5 WHERE id BETWEEN 8371058 AND 8371158
	Index Scan using sbtest5_pkey on sbtest5  (cost=0.43..408.51 rows=102 width=125)
	  Index Cond: ((id >= 8371058) AND (id <= 8371158))

table 6 : explain SELECT id, c FROM sbtest6 WHERE id BETWEEN 8371058 AND 8371158
	Index Scan using sbtest6_pkey on sbtest6  (cost=0.43..396.07 rows=99 width=125)
	  Index Cond: ((id >= 8371058) AND (id <= 8371158))

table 7 : explain SELECT id, c FROM sbtest7 WHERE id BETWEEN 8371058 AND 8371158
	Index Scan using sbtest7_pkey on sbtest7  (cost=0.43..428.05 rows=107 width=125)
	  Index Cond: ((id >= 8371058) AND (id <= 8371158))

table 8 : explain SELECT id, c FROM sbtest8 WHERE id BETWEEN 8371058 AND 8371158
	Index Scan using sbtest8_pkey on sbtest8  (cost=0.43..406.76 rows=102 width=125)
	  Index Cond: ((id >= 8371058) AND (id <= 8371158))

for range-notcovered
table 1 : explain SELECT id, c FROM sbtest1 WHERE id BETWEEN 7583003 AND 7583103
	Index Scan using sbtest1_pkey on sbtest1  (cost=0.43..405.88 rows=101 width=125)
	  Index Cond: ((id >= 7583003) AND (id <= 7583103))

table 2 : explain SELECT id, c FROM sbtest2 WHERE id BETWEEN 7583003 AND 7583103
	Index Scan using sbtest2_pkey on sbtest2  (cost=0.43..444.89 rows=111 width=125)
	  Index Cond: ((id >= 7583003) AND (id <= 7583103))

table 3 : explain SELECT id, c FROM sbtest3 WHERE id BETWEEN 7583003 AND 7583103
	Index Scan using sbtest3_pkey on sbtest3  (cost=0.43..412.32 rows=103 width=125)
	  Index Cond: ((id >= 7583003) AND (id <= 7583103))

table 4 : explain SELECT id, c FROM sbtest4 WHERE id BETWEEN 7583003 AND 7583103
	Index Scan using sbtest4_pkey on sbtest4  (cost=0.43..408.04 rows=102 width=125)
	  Index Cond: ((id >= 7583003) AND (id <= 7583103))

table 5 : explain SELECT id, c FROM sbtest5 WHERE id BETWEEN 7583003 AND 7583103
	Index Scan using sbtest5_pkey on sbtest5  (cost=0.43..424.35 rows=106 width=125)
	  Index Cond: ((id >= 7583003) AND (id <= 7583103))

table 6 : explain SELECT id, c FROM sbtest6 WHERE id BETWEEN 7583003 AND 7583103
	Index Scan using sbtest6_pkey on sbtest6  (cost=0.43..423.76 rows=106 width=125)
	  Index Cond: ((id >= 7583003) AND (id <= 7583103))

table 7 : explain SELECT id, c FROM sbtest7 WHERE id BETWEEN 7583003 AND 7583103
	Index Scan using sbtest7_pkey on sbtest7  (cost=0.43..424.10 rows=106 width=125)
	  Index Cond: ((id >= 7583003) AND (id <= 7583103))

table 8 : explain SELECT id, c FROM sbtest8 WHERE id BETWEEN 7583003 AND 7583103
	Index Scan using sbtest8_pkey on sbtest8  (cost=0.43..390.99 rows=98 width=125)
	  Index Cond: ((id >= 7583003) AND (id <= 7583103))

for range-notcovered
table 1 : explain SELECT id, c FROM sbtest1 WHERE id BETWEEN 5586001 AND 5586101
	Index Scan using sbtest1_pkey on sbtest1  (cost=0.43..382.04 rows=95 width=125)
	  Index Cond: ((id >= 5586001) AND (id <= 5586101))

table 2 : explain SELECT id, c FROM sbtest2 WHERE id BETWEEN 5586001 AND 5586101
	Index Scan using sbtest2_pkey on sbtest2  (cost=0.43..417.12 rows=104 width=125)
	  Index Cond: ((id >= 5586001) AND (id <= 5586101))

table 3 : explain SELECT id, c FROM sbtest3 WHERE id BETWEEN 5586001 AND 5586101
	Index Scan using sbtest3_pkey on sbtest3  (cost=0.43..420.23 rows=105 width=125)
	  Index Cond: ((id >= 5586001) AND (id <= 5586101))

table 4 : explain SELECT id, c FROM sbtest4 WHERE id BETWEEN 5586001 AND 5586101
	Index Scan using sbtest4_pkey on sbtest4  (cost=0.43..412.00 rows=103 width=125)
	  Index Cond: ((id >= 5586001) AND (id <= 5586101))

table 5 : explain SELECT id, c FROM sbtest5 WHERE id BETWEEN 5586001 AND 5586101
	Index Scan using sbtest5_pkey on sbtest5  (cost=0.43..412.47 rows=103 width=125)
	  Index Cond: ((id >= 5586001) AND (id <= 5586101))

table 6 : explain SELECT id, c FROM sbtest6 WHERE id BETWEEN 5586001 AND 5586101
	Index Scan using sbtest6_pkey on sbtest6  (cost=0.43..411.89 rows=103 width=125)
	  Index Cond: ((id >= 5586001) AND (id <= 5586101))

table 7 : explain SELECT id, c FROM sbtest7 WHERE id BETWEEN 5586001 AND 5586101
	Index Scan using sbtest7_pkey on sbtest7  (cost=0.43..416.18 rows=104 width=125)
	  Index Cond: ((id >= 5586001) AND (id <= 5586101))

table 8 : explain SELECT id, c FROM sbtest8 WHERE id BETWEEN 5586001 AND 5586101
	Index Scan using sbtest8_pkey on sbtest8  (cost=0.43..390.99 rows=98 width=125)
	  Index Cond: ((id >= 5586001) AND (id <= 5586101))

explain: for range-notcovered :: explain SELECT id, c FROM sbtest%d WHERE id BETWEEN 8371058 AND 8371158
explain: for range-notcovered :: explain SELECT id, c FROM sbtest%d WHERE id BETWEEN 7583003 AND 7583103
for range-notcovered
table 1 : explain SELECT id, c FROM sbtest1 WHERE id BETWEEN 5263101 AND 5263201
	Index Scan using sbtest1_pkey on sbtest1  (cost=0.43..421.79 rows=105 width=125)
	  Index Cond: ((id >= 5263101) AND (id <= 5263201))

table 2 : explain SELECT id, c FROM sbtest2 WHERE id BETWEEN 5263101 AND 5263201
	Index Scan using sbtest2_pkey on sbtest2  (cost=0.43..373.47 rows=93 width=125)
	  Index Cond: ((id >= 5263101) AND (id <= 5263201))

table 3 : explain SELECT id, c FROM sbtest3 WHERE id BETWEEN 5263101 AND 5263201
	Index Scan using sbtest3_pkey on sbtest3  (cost=0.43..412.32 rows=103 width=125)
	  Index Cond: ((id >= 5263101) AND (id <= 5263201))

table 4 : explain SELECT id, c FROM sbtest4 WHERE id BETWEEN 5263101 AND 5263201
	Index Scan using sbtest4_pkey on sbtest4  (cost=0.43..431.78 rows=108 width=125)
	  Index Cond: ((id >= 5263101) AND (id <= 5263201))

table 5 : explain SELECT id, c FROM sbtest5 WHERE id BETWEEN 5263101 AND 5263201
	Index Scan using sbtest5_pkey on sbtest5  (cost=0.43..384.73 rows=96 width=125)
	  Index Cond: ((id >= 5263101) AND (id <= 5263201))

table 6 : explain SELECT id, c FROM sbtest6 WHERE id BETWEEN 5263101 AND 5263201
	Index Scan using sbtest6_pkey on sbtest6  (cost=0.43..423.76 rows=106 width=125)
	  Index Cond: ((id >= 5263101) AND (id <= 5263201))

table 7 : explain SELECT id, c FROM sbtest7 WHERE id BETWEEN 5263101 AND 5263201
	Index Scan using sbtest7_pkey on sbtest7  (cost=0.43..420.14 rows=105 width=125)
	  Index Cond: ((id >= 5263101) AND (id <= 5263201))

table 8 : explain SELECT id, c FROM sbtest8 WHERE id BETWEEN 5263101 AND 5263201
	Index Scan using sbtest8_pkey on sbtest8  (cost=0.43..422.53 rows=106 width=125)
	  Index Cond: ((id >= 5263101) AND (id <= 5263201))

explain: for range-notcovered :: explain SELECT id, c FROM sbtest%d WHERE id BETWEEN 5586001 AND 5586101
explain: for range-notcovered :: explain SELECT id, c FROM sbtest%d WHERE id BETWEEN 5263101 AND 5263201
for range-notcovered
table 1 : explain SELECT id, c FROM sbtest1 WHERE id BETWEEN 9121698 AND 9121798
	Index Scan using sbtest1_pkey on sbtest1  (cost=0.43..429.74 rows=107 width=125)
	  Index Cond: ((id >= 9121698) AND (id <= 9121798))

table 2 : explain SELECT id, c FROM sbtest2 WHERE id BETWEEN 9121698 AND 9121798
	Index Scan using sbtest2_pkey on sbtest2  (cost=0.43..417.12 rows=104 width=125)
	  Index Cond: ((id >= 9121698) AND (id <= 9121798))

table 3 : explain SELECT id, c FROM sbtest3 WHERE id BETWEEN 9121698 AND 9121798
	Index Scan using sbtest3_pkey on sbtest3  (cost=0.43..396.47 rows=99 width=125)
	  Index Cond: ((id >= 9121698) AND (id <= 9121798))

table 4 : explain SELECT id, c FROM sbtest4 WHERE id BETWEEN 9121698 AND 9121798
	Index Scan using sbtest4_pkey on sbtest4  (cost=0.43..408.04 rows=102 width=125)
	  Index Cond: ((id >= 9121698) AND (id <= 9121798))

table 5 : explain SELECT id, c FROM sbtest5 WHERE id BETWEEN 9121698 AND 9121798
	Index Scan using sbtest5_pkey on sbtest5  (cost=0.43..388.69 rows=97 width=125)
	  Index Cond: ((id >= 9121698) AND (id <= 9121798))

table 6 : explain SELECT id, c FROM sbtest6 WHERE id BETWEEN 9121698 AND 9121798
	Index Scan using sbtest6_pkey on sbtest6  (cost=0.43..415.85 rows=104 width=125)
	  Index Cond: ((id >= 9121698) AND (id <= 9121798))

table 7 : explain SELECT id, c FROM sbtest7 WHERE id BETWEEN 9121698 AND 9121798
	Index Scan using sbtest7_pkey on sbtest7  (cost=0.43..384.50 rows=96 width=125)
	  Index Cond: ((id >= 9121698) AND (id <= 9121798))

table 8 : explain SELECT id, c FROM sbtest8 WHERE id BETWEEN 9121698 AND 9121798
	Index Scan using sbtest8_pkey on sbtest8  (cost=0.43..442.25 rows=111 width=125)
	  Index Cond: ((id >= 9121698) AND (id <= 9121798))

for range-notcovered
table 1 : explain SELECT id, c FROM sbtest1 WHERE id BETWEEN 6307383 AND 6307483
	Index Scan using sbtest1_pkey on sbtest1  (cost=0.43..425.77 rows=106 width=125)
	  Index Cond: ((id >= 6307383) AND (id <= 6307483))

table 2 : explain SELECT id, c FROM sbtest2 WHERE id BETWEEN 6307383 AND 6307483
	Index Scan using sbtest2_pkey on sbtest2  (cost=0.43..413.15 rows=103 width=125)
	  Index Cond: ((id >= 6307383) AND (id <= 6307483))

table 3 : explain SELECT id, c FROM sbtest3 WHERE id BETWEEN 6307383 AND 6307483
	Index Scan using sbtest3_pkey on sbtest3  (cost=0.43..384.59 rows=96 width=125)
	  Index Cond: ((id >= 6307383) AND (id <= 6307483))

table 4 : explain SELECT id, c FROM sbtest4 WHERE id BETWEEN 6307383 AND 6307483
	Index Scan using sbtest4_pkey on sbtest4  (cost=0.43..380.33 rows=95 width=125)
	  Index Cond: ((id >= 6307383) AND (id <= 6307483))

table 5 : explain SELECT id, c FROM sbtest5 WHERE id BETWEEN 6307383 AND 6307483
	Index Scan using sbtest5_pkey on sbtest5  (cost=0.43..452.07 rows=113 width=125)
	  Index Cond: ((id >= 6307383) AND (id <= 6307483))

table 6 : explain SELECT id, c FROM sbtest6 WHERE id BETWEEN 6307383 AND 6307483
	Index Scan using sbtest6_pkey on sbtest6  (cost=0.43..403.98 rows=101 width=125)
	  Index Cond: ((id >= 6307383) AND (id <= 6307483))

table 7 : explain SELECT id, c FROM sbtest7 WHERE id BETWEEN 6307383 AND 6307483
	Index Scan using sbtest7_pkey on sbtest7  (cost=0.43..388.47 rows=97 width=125)
	  Index Cond: ((id >= 6307383) AND (id <= 6307483))

table 8 : explain SELECT id, c FROM sbtest8 WHERE id BETWEEN 6307383 AND 6307483
	Index Scan using sbtest8_pkey on sbtest8  (cost=0.43..426.48 rows=107 width=125)
	  Index Cond: ((id >= 6307383) AND (id <= 6307483))

for range-notcovered
table 1 : explain SELECT id, c FROM sbtest1 WHERE id BETWEEN 7057860 AND 7057960
	Index Scan using sbtest1_pkey on sbtest1  (cost=0.43..417.82 rows=104 width=125)
	  Index Cond: ((id >= 7057860) AND (id <= 7057960))

table 2 : explain SELECT id, c FROM sbtest2 WHERE id BETWEEN 7057860 AND 7057960
	Index Scan using sbtest2_pkey on sbtest2  (cost=0.43..397.27 rows=99 width=125)
	  Index Cond: ((id >= 7057860) AND (id <= 7057960))

table 3 : explain SELECT id, c FROM sbtest3 WHERE id BETWEEN 7057860 AND 7057960
	Index Scan using sbtest3_pkey on sbtest3  (cost=0.43..404.40 rows=101 width=125)
	  Index Cond: ((id >= 7057860) AND (id <= 7057960))

table 4 : explain SELECT id, c FROM sbtest4 WHERE id BETWEEN 7057860 AND 7057960
	Index Scan using sbtest4_pkey on sbtest4  (cost=0.43..423.86 rows=106 width=125)
	  Index Cond: ((id >= 7057860) AND (id <= 7057960))

table 5 : explain SELECT id, c FROM sbtest5 WHERE id BETWEEN 7057860 AND 7057960
	Index Scan using sbtest5_pkey on sbtest5  (cost=0.43..400.58 rows=100 width=125)
	  Index Cond: ((id >= 7057860) AND (id <= 7057960))

table 6 : explain SELECT id, c FROM sbtest6 WHERE id BETWEEN 7057860 AND 7057960
	Index Scan using sbtest6_pkey on sbtest6  (cost=0.43..380.24 rows=95 width=125)
	  Index Cond: ((id >= 7057860) AND (id <= 7057960))

table 7 : explain SELECT id, c FROM sbtest7 WHERE id BETWEEN 7057860 AND 7057960
	Index Scan using sbtest7_pkey on sbtest7  (cost=0.43..424.10 rows=106 width=125)
	  Index Cond: ((id >= 7057860) AND (id <= 7057960))

table 8 : explain SELECT id, c FROM sbtest8 WHERE id BETWEEN 7057860 AND 7057960
	Index Scan using sbtest8_pkey on sbtest8  (cost=0.43..414.65 rows=104 width=125)
	  Index Cond: ((id >= 7057860) AND (id <= 7057960))

explain: for range-notcovered :: explain SELECT id, c FROM sbtest%d WHERE id BETWEEN 6307383 AND 6307483
for range-notcovered
table 1 : explain SELECT id, c FROM sbtest1 WHERE id BETWEEN 6354377 AND 6354477
	Index Scan using sbtest1_pkey on sbtest1  (cost=0.43..405.90 rows=101 width=125)
	  Index Cond: ((id >= 6354377) AND (id <= 6354477))

table 2 : explain SELECT id, c FROM sbtest2 WHERE id BETWEEN 6354377 AND 6354477
	Index Scan using sbtest2_pkey on sbtest2  (cost=0.43..413.15 rows=103 width=125)
	  Index Cond: ((id >= 6354377) AND (id <= 6354477))

table 3 : explain SELECT id, c FROM sbtest3 WHERE id BETWEEN 6354377 AND 6354477
	Index Scan using sbtest3_pkey on sbtest3  (cost=0.43..384.59 rows=96 width=125)
	  Index Cond: ((id >= 6354377) AND (id <= 6354477))

table 4 : explain SELECT id, c FROM sbtest4 WHERE id BETWEEN 6354377 AND 6354477
	Index Scan using sbtest4_pkey on sbtest4  (cost=0.43..396.17 rows=99 width=125)
	  Index Cond: ((id >= 6354377) AND (id <= 6354477))

table 5 : explain SELECT id, c FROM sbtest5 WHERE id BETWEEN 6354377 AND 6354477
	Index Scan using sbtest5_pkey on sbtest5  (cost=0.43..388.69 rows=97 width=125)
	  Index Cond: ((id >= 6354377) AND (id <= 6354477))

table 6 : explain SELECT id, c FROM sbtest6 WHERE id BETWEEN 6354377 AND 6354477
	Index Scan using sbtest6_pkey on sbtest6  (cost=0.43..403.98 rows=101 width=125)
	  Index Cond: ((id >= 6354377) AND (id <= 6354477))

table 7 : explain SELECT id, c FROM sbtest7 WHERE id BETWEEN 6354377 AND 6354477
	Index Scan using sbtest7_pkey on sbtest7  (cost=0.43..372.63 rows=93 width=125)
	  Index Cond: ((id >= 6354377) AND (id <= 6354477))

table 8 : explain SELECT id, c FROM sbtest8 WHERE id BETWEEN 6354377 AND 6354477
	Index Scan using sbtest8_pkey on sbtest8  (cost=0.43..426.48 rows=107 width=125)
	  Index Cond: ((id >= 6354377) AND (id <= 6354477))

for range-notcovered
table 1 : explain SELECT id, c FROM sbtest1 WHERE id BETWEEN 1645906 AND 1646006
	Index Scan using sbtest1_pkey on sbtest1  (cost=0.43..374.09 rows=93 width=125)
	  Index Cond: ((id >= 1645906) AND (id <= 1646006))

table 2 : explain SELECT id, c FROM sbtest2 WHERE id BETWEEN 1645906 AND 1646006
	Index Scan using sbtest2_pkey on sbtest2  (cost=0.43..409.19 rows=102 width=125)
	  Index Cond: ((id >= 1645906) AND (id <= 1646006))

table 3 : explain SELECT id, c FROM sbtest3 WHERE id BETWEEN 1645906 AND 1646006
	Index Scan using sbtest3_pkey on sbtest3  (cost=0.43..400.44 rows=100 width=125)
	  Index Cond: ((id >= 1645906) AND (id <= 1646006))

table 4 : explain SELECT id, c FROM sbtest4 WHERE id BETWEEN 1645906 AND 1646006
	Index Scan using sbtest4_pkey on sbtest4  (cost=0.43..364.51 rows=91 width=125)
	  Index Cond: ((id >= 1645906) AND (id <= 1646006))

table 5 : explain SELECT id, c FROM sbtest5 WHERE id BETWEEN 1645906 AND 1646006
	Index Scan using sbtest5_pkey on sbtest5  (cost=0.43..452.07 rows=113 width=125)
	  Index Cond: ((id >= 1645906) AND (id <= 1646006))

table 6 : explain SELECT id, c FROM sbtest6 WHERE id BETWEEN 1645906 AND 1646006
	Index Scan using sbtest6_pkey on sbtest6  (cost=0.43..380.24 rows=95 width=125)
	  Index Cond: ((id >= 1645906) AND (id <= 1646006))

table 7 : explain SELECT id, c FROM sbtest7 WHERE id BETWEEN 1645906 AND 1646006
	Index Scan using sbtest7_pkey on sbtest7  (cost=0.43..404.31 rows=101 width=125)
	  Index Cond: ((id >= 1645906) AND (id <= 1646006))

table 8 : explain SELECT id, c FROM sbtest8 WHERE id BETWEEN 1645906 AND 1646006
	Index Scan using sbtest8_pkey on sbtest8  (cost=0.43..414.65 rows=104 width=125)
	  Index Cond: ((id >= 1645906) AND (id <= 1646006))

explain: for range-notcovered :: explain SELECT id, c FROM sbtest%d WHERE id BETWEEN 6354377 AND 6354477
explain: for range-notcovered :: explain SELECT id, c FROM sbtest%d WHERE id BETWEEN 7057860 AND 7057960
explain: for range-notcovered :: explain SELECT id, c FROM sbtest%d WHERE id BETWEEN 1645906 AND 1646006
for range-notcovered
table 1 : explain SELECT id, c FROM sbtest1 WHERE id BETWEEN 7811644 AND 7811744
	Index Scan using sbtest1_pkey on sbtest1  (cost=0.43..386.01 rows=96 width=125)
	  Index Cond: ((id >= 7811644) AND (id <= 7811744))

table 2 : explain SELECT id, c FROM sbtest2 WHERE id BETWEEN 7811644 AND 7811744
	Index Scan using sbtest2_pkey on sbtest2  (cost=0.43..369.50 rows=92 width=125)
	  Index Cond: ((id >= 7811644) AND (id <= 7811744))

table 3 : explain SELECT id, c FROM sbtest3 WHERE id BETWEEN 7811644 AND 7811744
	Index Scan using sbtest3_pkey on sbtest3  (cost=0.43..392.51 rows=98 width=125)
	  Index Cond: ((id >= 7811644) AND (id <= 7811744))

table 4 : explain SELECT id, c FROM sbtest4 WHERE id BETWEEN 7811644 AND 7811744
	Index Scan using sbtest4_pkey on sbtest4  (cost=0.43..380.33 rows=95 width=125)
	  Index Cond: ((id >= 7811644) AND (id <= 7811744))

table 5 : explain SELECT id, c FROM sbtest5 WHERE id BETWEEN 7811644 AND 7811744
	Index Scan using sbtest5_pkey on sbtest5  (cost=0.43..408.51 rows=102 width=125)
	  Index Cond: ((id >= 7811644) AND (id <= 7811744))

table 6 : explain SELECT id, c FROM sbtest6 WHERE id BETWEEN 7811644 AND 7811744
	Index Scan using sbtest6_pkey on sbtest6  (cost=0.43..380.24 rows=95 width=125)
	  Index Cond: ((id >= 7811644) AND (id <= 7811744))

table 7 : explain SELECT id, c FROM sbtest7 WHERE id BETWEEN 7811644 AND 7811744
	Index Scan using sbtest7_pkey on sbtest7  (cost=0.43..420.14 rows=105 width=125)
	  Index Cond: ((id >= 7811644) AND (id <= 7811744))

table 8 : explain SELECT id, c FROM sbtest8 WHERE id BETWEEN 7811644 AND 7811744
	Index Scan using sbtest8_pkey on sbtest8  (cost=0.43..394.93 rows=99 width=125)
	  Index Cond: ((id >= 7811644) AND (id <= 7811744))

for range-notcovered
table 1 : explain SELECT id, c FROM sbtest1 WHERE id BETWEEN 8371058 AND 8371158
	Index Scan using sbtest1_pkey on sbtest1  (cost=0.43..393.96 rows=98 width=125)
	  Index Cond: ((id >= 8371058) AND (id <= 8371158))

table 2 : explain SELECT id, c FROM sbtest2 WHERE id BETWEEN 8371058 AND 8371158
	Index Scan using sbtest2_pkey on sbtest2  (cost=0.43..385.37 rows=96 width=125)
	  Index Cond: ((id >= 8371058) AND (id <= 8371158))

table 3 : explain SELECT id, c FROM sbtest3 WHERE id BETWEEN 8371058 AND 8371158
	Index Scan using sbtest3_pkey on sbtest3  (cost=0.43..404.40 rows=101 width=125)
	  Index Cond: ((id >= 8371058) AND (id <= 8371158))

table 4 : explain SELECT id, c FROM sbtest4 WHERE id BETWEEN 8371058 AND 8371158
	Index Scan using sbtest4_pkey on sbtest4  (cost=0.43..384.29 rows=96 width=125)
	  Index Cond: ((id >= 8371058) AND (id <= 8371158))

table 5 : explain SELECT id, c FROM sbtest5 WHERE id BETWEEN 8371058 AND 8371158
	Index Scan using sbtest5_pkey on sbtest5  (cost=0.43..408.51 rows=102 width=125)
	  Index Cond: ((id >= 8371058) AND (id <= 8371158))

table 6 : explain SELECT id, c FROM sbtest6 WHERE id BETWEEN 8371058 AND 8371158
	Index Scan using sbtest6_pkey on sbtest6  (cost=0.43..396.07 rows=99 width=125)
	  Index Cond: ((id >= 8371058) AND (id <= 8371158))

table 7 : explain SELECT id, c FROM sbtest7 WHERE id BETWEEN 8371058 AND 8371158
	Index Scan using sbtest7_pkey on sbtest7  (cost=0.43..428.05 rows=107 width=125)
	  Index Cond: ((id >= 8371058) AND (id <= 8371158))

table 8 : explain SELECT id, c FROM sbtest8 WHERE id BETWEEN 8371058 AND 8371158
	Index Scan using sbtest8_pkey on sbtest8  (cost=0.43..406.76 rows=102 width=125)
	  Index Cond: ((id >= 8371058) AND (id <= 8371158))

for range-notcovered
table 1 : explain SELECT id, c FROM sbtest1 WHERE id BETWEEN 7583003 AND 7583103
	Index Scan using sbtest1_pkey on sbtest1  (cost=0.43..405.88 rows=101 width=125)
	  Index Cond: ((id >= 7583003) AND (id <= 7583103))

table 2 : explain SELECT id, c FROM sbtest2 WHERE id BETWEEN 7583003 AND 7583103
	Index Scan using sbtest2_pkey on sbtest2  (cost=0.43..444.89 rows=111 width=125)
	  Index Cond: ((id >= 7583003) AND (id <= 7583103))

table 3 : explain SELECT id, c FROM sbtest3 WHERE id BETWEEN 7583003 AND 7583103
	Index Scan using sbtest3_pkey on sbtest3  (cost=0.43..412.32 rows=103 width=125)
	  Index Cond: ((id >= 7583003) AND (id <= 7583103))

table 4 : explain SELECT id, c FROM sbtest4 WHERE id BETWEEN 7583003 AND 7583103
	Index Scan using sbtest4_pkey on sbtest4  (cost=0.43..408.04 rows=102 width=125)
	  Index Cond: ((id >= 7583003) AND (id <= 7583103))

table 5 : explain SELECT id, c FROM sbtest5 WHERE id BETWEEN 7583003 AND 7583103
	Index Scan using sbtest5_pkey on sbtest5  (cost=0.43..424.35 rows=106 width=125)
	  Index Cond: ((id >= 7583003) AND (id <= 7583103))

table 6 : explain SELECT id, c FROM sbtest6 WHERE id BETWEEN 7583003 AND 7583103
	Index Scan using sbtest6_pkey on sbtest6  (cost=0.43..423.76 rows=106 width=125)
	  Index Cond: ((id >= 7583003) AND (id <= 7583103))

table 7 : explain SELECT id, c FROM sbtest7 WHERE id BETWEEN 7583003 AND 7583103
	Index Scan using sbtest7_pkey on sbtest7  (cost=0.43..424.10 rows=106 width=125)
	  Index Cond: ((id >= 7583003) AND (id <= 7583103))

table 8 : explain SELECT id, c FROM sbtest8 WHERE id BETWEEN 7583003 AND 7583103
	Index Scan using sbtest8_pkey on sbtest8  (cost=0.43..390.99 rows=98 width=125)
	  Index Cond: ((id >= 7583003) AND (id <= 7583103))

explain: for range-notcovered :: explain SELECT id, c FROM sbtest%d WHERE id BETWEEN 7811644 AND 7811744
explain: for range-notcovered :: explain SELECT id, c FROM sbtest%d WHERE id BETWEEN 7583003 AND 7583103
for range-notcovered
table 1 : explain SELECT id, c FROM sbtest1 WHERE id BETWEEN 903922 AND 904022
	Index Scan using sbtest1_pkey on sbtest1  (cost=0.43..366.14 rows=91 width=125)
	  Index Cond: ((id >= 903922) AND (id <= 904022))

table 2 : explain SELECT id, c FROM sbtest2 WHERE id BETWEEN 903922 AND 904022
	Index Scan using sbtest2_pkey on sbtest2  (cost=0.43..377.44 rows=94 width=125)
	  Index Cond: ((id >= 903922) AND (id <= 904022))

table 3 : explain SELECT id, c FROM sbtest3 WHERE id BETWEEN 903922 AND 904022
	Index Scan using sbtest3_pkey on sbtest3  (cost=0.43..420.23 rows=105 width=125)
	  Index Cond: ((id >= 903922) AND (id <= 904022))

table 4 : explain SELECT id, c FROM sbtest4 WHERE id BETWEEN 903922 AND 904022
	Index Scan using sbtest4_pkey on sbtest4  (cost=0.43..427.82 rows=107 width=125)
	  Index Cond: ((id >= 903922) AND (id <= 904022))

table 5 : explain SELECT id, c FROM sbtest5 WHERE id BETWEEN 903922 AND 904022
	Index Scan using sbtest5_pkey on sbtest5  (cost=0.43..368.89 rows=92 width=125)
	  Index Cond: ((id >= 903922) AND (id <= 904022))

table 6 : explain SELECT id, c FROM sbtest6 WHERE id BETWEEN 903922 AND 904022
	Index Scan using sbtest6_pkey on sbtest6  (cost=0.43..403.98 rows=101 width=125)
	  Index Cond: ((id >= 903922) AND (id <= 904022))

table 7 : explain SELECT id, c FROM sbtest7 WHERE id BETWEEN 903922 AND 904022
	Index Scan using sbtest7_pkey on sbtest7  (cost=0.43..360.75 rows=90 width=125)
	  Index Cond: ((id >= 903922) AND (id <= 904022))

table 8 : explain SELECT id, c FROM sbtest8 WHERE id BETWEEN 903922 AND 904022
	Index Scan using sbtest8_pkey on sbtest8  (cost=0.43..454.08 rows=114 width=125)
	  Index Cond: ((id >= 903922) AND (id <= 904022))

explain: for range-notcovered :: explain SELECT id, c FROM sbtest%d WHERE id BETWEEN 903922 AND 904022
for range-notcovered
table 1 : explain SELECT id, c FROM sbtest1 WHERE id BETWEEN 6307383 AND 6307483
	Index Scan using sbtest1_pkey on sbtest1  (cost=0.43..425.77 rows=106 width=125)
	  Index Cond: ((id >= 6307383) AND (id <= 6307483))

table 2 : explain SELECT id, c FROM sbtest2 WHERE id BETWEEN 6307383 AND 6307483
	Index Scan using sbtest2_pkey on sbtest2  (cost=0.43..413.15 rows=103 width=125)
	  Index Cond: ((id >= 6307383) AND (id <= 6307483))

table 3 : explain SELECT id, c FROM sbtest3 WHERE id BETWEEN 6307383 AND 6307483
	Index Scan using sbtest3_pkey on sbtest3  (cost=0.43..384.59 rows=96 width=125)
	  Index Cond: ((id >= 6307383) AND (id <= 6307483))

table 4 : explain SELECT id, c FROM sbtest4 WHERE id BETWEEN 6307383 AND 6307483
	Index Scan using sbtest4_pkey on sbtest4  (cost=0.43..380.33 rows=95 width=125)
	  Index Cond: ((id >= 6307383) AND (id <= 6307483))

table 5 : explain SELECT id, c FROM sbtest5 WHERE id BETWEEN 6307383 AND 6307483
	Index Scan using sbtest5_pkey on sbtest5  (cost=0.43..452.07 rows=113 width=125)
	  Index Cond: ((id >= 6307383) AND (id <= 6307483))

table 6 : explain SELECT id, c FROM sbtest6 WHERE id BETWEEN 6307383 AND 6307483
	Index Scan using sbtest6_pkey on sbtest6  (cost=0.43..403.98 rows=101 width=125)
	  Index Cond: ((id >= 6307383) AND (id <= 6307483))

table 7 : explain SELECT id, c FROM sbtest7 WHERE id BETWEEN 6307383 AND 6307483
	Index Scan using sbtest7_pkey on sbtest7  (cost=0.43..388.47 rows=97 width=125)
	  Index Cond: ((id >= 6307383) AND (id <= 6307483))

table 8 : explain SELECT id, c FROM sbtest8 WHERE id BETWEEN 6307383 AND 6307483
	Index Scan using sbtest8_pkey on sbtest8  (cost=0.43..426.48 rows=107 width=125)
	  Index Cond: ((id >= 6307383) AND (id <= 6307483))

explain: for range-notcovered :: explain SELECT id, c FROM sbtest%d WHERE id BETWEEN 6307383 AND 6307483
for range-notcovered
table 1 : explain SELECT id, c FROM sbtest1 WHERE id BETWEEN 6354377 AND 6354477
	Index Scan using sbtest1_pkey on sbtest1  (cost=0.43..405.90 rows=101 width=125)
	  Index Cond: ((id >= 6354377) AND (id <= 6354477))

table 2 : explain SELECT id, c FROM sbtest2 WHERE id BETWEEN 6354377 AND 6354477
	Index Scan using sbtest2_pkey on sbtest2  (cost=0.43..413.15 rows=103 width=125)
	  Index Cond: ((id >= 6354377) AND (id <= 6354477))

table 3 : explain SELECT id, c FROM sbtest3 WHERE id BETWEEN 6354377 AND 6354477
	Index Scan using sbtest3_pkey on sbtest3  (cost=0.43..384.59 rows=96 width=125)
	  Index Cond: ((id >= 6354377) AND (id <= 6354477))

table 4 : explain SELECT id, c FROM sbtest4 WHERE id BETWEEN 6354377 AND 6354477
	Index Scan using sbtest4_pkey on sbtest4  (cost=0.43..396.17 rows=99 width=125)
	  Index Cond: ((id >= 6354377) AND (id <= 6354477))

table 5 : explain SELECT id, c FROM sbtest5 WHERE id BETWEEN 6354377 AND 6354477
	Index Scan using sbtest5_pkey on sbtest5  (cost=0.43..388.69 rows=97 width=125)
	  Index Cond: ((id >= 6354377) AND (id <= 6354477))

table 6 : explain SELECT id, c FROM sbtest6 WHERE id BETWEEN 6354377 AND 6354477
	Index Scan using sbtest6_pkey on sbtest6  (cost=0.43..403.98 rows=101 width=125)
	  Index Cond: ((id >= 6354377) AND (id <= 6354477))

table 7 : explain SELECT id, c FROM sbtest7 WHERE id BETWEEN 6354377 AND 6354477
	Index Scan using sbtest7_pkey on sbtest7  (cost=0.43..372.63 rows=93 width=125)
	  Index Cond: ((id >= 6354377) AND (id <= 6354477))

table 8 : explain SELECT id, c FROM sbtest8 WHERE id BETWEEN 6354377 AND 6354477
	Index Scan using sbtest8_pkey on sbtest8  (cost=0.43..426.48 rows=107 width=125)
	  Index Cond: ((id >= 6354377) AND (id <= 6354477))

for range-notcovered
table 1 : explain SELECT id, c FROM sbtest1 WHERE id BETWEEN 1645906 AND 1646006
	Index Scan using sbtest1_pkey on sbtest1  (cost=0.43..374.09 rows=93 width=125)
	  Index Cond: ((id >= 1645906) AND (id <= 1646006))

table 2 : explain SELECT id, c FROM sbtest2 WHERE id BETWEEN 1645906 AND 1646006
	Index Scan using sbtest2_pkey on sbtest2  (cost=0.43..409.19 rows=102 width=125)
	  Index Cond: ((id >= 1645906) AND (id <= 1646006))

table 3 : explain SELECT id, c FROM sbtest3 WHERE id BETWEEN 1645906 AND 1646006
	Index Scan using sbtest3_pkey on sbtest3  (cost=0.43..400.44 rows=100 width=125)
	  Index Cond: ((id >= 1645906) AND (id <= 1646006))

table 4 : explain SELECT id, c FROM sbtest4 WHERE id BETWEEN 1645906 AND 1646006
	Index Scan using sbtest4_pkey on sbtest4  (cost=0.43..364.51 rows=91 width=125)
	  Index Cond: ((id >= 1645906) AND (id <= 1646006))

table 5 : explain SELECT id, c FROM sbtest5 WHERE id BETWEEN 1645906 AND 1646006
	Index Scan using sbtest5_pkey on sbtest5  (cost=0.43..452.07 rows=113 width=125)
	  Index Cond: ((id >= 1645906) AND (id <= 1646006))

table 6 : explain SELECT id, c FROM sbtest6 WHERE id BETWEEN 1645906 AND 1646006
	Index Scan using sbtest6_pkey on sbtest6  (cost=0.43..380.24 rows=95 width=125)
	  Index Cond: ((id >= 1645906) AND (id <= 1646006))

table 7 : explain SELECT id, c FROM sbtest7 WHERE id BETWEEN 1645906 AND 1646006
	Index Scan using sbtest7_pkey on sbtest7  (cost=0.43..404.31 rows=101 width=125)
	  Index Cond: ((id >= 1645906) AND (id <= 1646006))

table 8 : explain SELECT id, c FROM sbtest8 WHERE id BETWEEN 1645906 AND 1646006
	Index Scan using sbtest8_pkey on sbtest8  (cost=0.43..414.65 rows=104 width=125)
	  Index Cond: ((id >= 1645906) AND (id <= 1646006))

explain: for range-notcovered :: explain SELECT id, c FROM sbtest%d WHERE id BETWEEN 6354377 AND 6354477
for range-notcovered
table 1 : explain SELECT id, c FROM sbtest1 WHERE id BETWEEN 5586001 AND 5586101
	Index Scan using sbtest1_pkey on sbtest1  (cost=0.43..382.04 rows=95 width=125)
	  Index Cond: ((id >= 5586001) AND (id <= 5586101))

table 2 : explain SELECT id, c FROM sbtest2 WHERE id BETWEEN 5586001 AND 5586101
	Index Scan using sbtest2_pkey on sbtest2  (cost=0.43..417.12 rows=104 width=125)
	  Index Cond: ((id >= 5586001) AND (id <= 5586101))

table 3 : explain SELECT id, c FROM sbtest3 WHERE id BETWEEN 5586001 AND 5586101
	Index Scan using sbtest3_pkey on sbtest3  (cost=0.43..420.23 rows=105 width=125)
	  Index Cond: ((id >= 5586001) AND (id <= 5586101))

table 4 : explain SELECT id, c FROM sbtest4 WHERE id BETWEEN 5586001 AND 5586101
	Index Scan using sbtest4_pkey on sbtest4  (cost=0.43..412.00 rows=103 width=125)
	  Index Cond: ((id >= 5586001) AND (id <= 5586101))

table 5 : explain SELECT id, c FROM sbtest5 WHERE id BETWEEN 5586001 AND 5586101
	Index Scan using sbtest5_pkey on sbtest5  (cost=0.43..412.47 rows=103 width=125)
	  Index Cond: ((id >= 5586001) AND (id <= 5586101))

table 6 : explain SELECT id, c FROM sbtest6 WHERE id BETWEEN 5586001 AND 5586101
	Index Scan using sbtest6_pkey on sbtest6  (cost=0.43..411.89 rows=103 width=125)
	  Index Cond: ((id >= 5586001) AND (id <= 5586101))

table 7 : explain SELECT id, c FROM sbtest7 WHERE id BETWEEN 5586001 AND 5586101
	Index Scan using sbtest7_pkey on sbtest7  (cost=0.43..416.18 rows=104 width=125)
	  Index Cond: ((id >= 5586001) AND (id <= 5586101))

table 8 : explain SELECT id, c FROM sbtest8 WHERE id BETWEEN 5586001 AND 5586101
	Index Scan using sbtest8_pkey on sbtest8  (cost=0.43..390.99 rows=98 width=125)
	  Index Cond: ((id >= 5586001) AND (id <= 5586101))

explain: for range-notcovered :: explain SELECT id, c FROM sbtest%d WHERE id BETWEEN 1645906 AND 1646006
for range-notcovered
table 1 : explain SELECT id, c FROM sbtest1 WHERE id BETWEEN 5263101 AND 5263201
	Index Scan using sbtest1_pkey on sbtest1  (cost=0.43..421.79 rows=105 width=125)
	  Index Cond: ((id >= 5263101) AND (id <= 5263201))

table 2 : explain SELECT id, c FROM sbtest2 WHERE id BETWEEN 5263101 AND 5263201
	Index Scan using sbtest2_pkey on sbtest2  (cost=0.43..373.47 rows=93 width=125)
	  Index Cond: ((id >= 5263101) AND (id <= 5263201))

table 3 : explain SELECT id, c FROM sbtest3 WHERE id BETWEEN 5263101 AND 5263201
	Index Scan using sbtest3_pkey on sbtest3  (cost=0.43..412.32 rows=103 width=125)
	  Index Cond: ((id >= 5263101) AND (id <= 5263201))

table 4 : explain SELECT id, c FROM sbtest4 WHERE id BETWEEN 5263101 AND 5263201
	Index Scan using sbtest4_pkey on sbtest4  (cost=0.43..431.78 rows=108 width=125)
	  Index Cond: ((id >= 5263101) AND (id <= 5263201))

table 5 : explain SELECT id, c FROM sbtest5 WHERE id BETWEEN 5263101 AND 5263201
	Index Scan using sbtest5_pkey on sbtest5  (cost=0.43..384.73 rows=96 width=125)
	  Index Cond: ((id >= 5263101) AND (id <= 5263201))

table 6 : explain SELECT id, c FROM sbtest6 WHERE id BETWEEN 5263101 AND 5263201
	Index Scan using sbtest6_pkey on sbtest6  (cost=0.43..423.76 rows=106 width=125)
	  Index Cond: ((id >= 5263101) AND (id <= 5263201))

table 7 : explain SELECT id, c FROM sbtest7 WHERE id BETWEEN 5263101 AND 5263201
	Index Scan using sbtest7_pkey on sbtest7  (cost=0.43..420.14 rows=105 width=125)
	  Index Cond: ((id >= 5263101) AND (id <= 5263201))

table 8 : explain SELECT id, c FROM sbtest8 WHERE id BETWEEN 5263101 AND 5263201
	Index Scan using sbtest8_pkey on sbtest8  (cost=0.43..422.53 rows=106 width=125)
	  Index Cond: ((id >= 5263101) AND (id <= 5263201))

explain: for range-notcovered :: explain SELECT id, c FROM sbtest%d WHERE id BETWEEN 5586001 AND 5586101
for range-notcovered
table 1 : explain SELECT id, c FROM sbtest1 WHERE id BETWEEN 7583003 AND 7583103
	Index Scan using sbtest1_pkey on sbtest1  (cost=0.43..405.88 rows=101 width=125)
	  Index Cond: ((id >= 7583003) AND (id <= 7583103))

table 2 : explain SELECT id, c FROM sbtest2 WHERE id BETWEEN 7583003 AND 7583103
	Index Scan using sbtest2_pkey on sbtest2  (cost=0.43..444.89 rows=111 width=125)
	  Index Cond: ((id >= 7583003) AND (id <= 7583103))

table 3 : explain SELECT id, c FROM sbtest3 WHERE id BETWEEN 7583003 AND 7583103
	Index Scan using sbtest3_pkey on sbtest3  (cost=0.43..412.32 rows=103 width=125)
	  Index Cond: ((id >= 7583003) AND (id <= 7583103))

table 4 : explain SELECT id, c FROM sbtest4 WHERE id BETWEEN 7583003 AND 7583103
	Index Scan using sbtest4_pkey on sbtest4  (cost=0.43..408.04 rows=102 width=125)
	  Index Cond: ((id >= 7583003) AND (id <= 7583103))

table 5 : explain SELECT id, c FROM sbtest5 WHERE id BETWEEN 7583003 AND 7583103
	Index Scan using sbtest5_pkey on sbtest5  (cost=0.43..424.35 rows=106 width=125)
	  Index Cond: ((id >= 7583003) AND (id <= 7583103))

table 6 : explain SELECT id, c FROM sbtest6 WHERE id BETWEEN 7583003 AND 7583103
	Index Scan using sbtest6_pkey on sbtest6  (cost=0.43..423.76 rows=106 width=125)
	  Index Cond: ((id >= 7583003) AND (id <= 7583103))

table 7 : explain SELECT id, c FROM sbtest7 WHERE id BETWEEN 7583003 AND 7583103
	Index Scan using sbtest7_pkey on sbtest7  (cost=0.43..424.10 rows=106 width=125)
	  Index Cond: ((id >= 7583003) AND (id <= 7583103))

table 8 : explain SELECT id, c FROM sbtest8 WHERE id BETWEEN 7583003 AND 7583103
	Index Scan using sbtest8_pkey on sbtest8  (cost=0.43..390.99 rows=98 width=125)
	  Index Cond: ((id >= 7583003) AND (id <= 7583103))

explain: for range-notcovered :: explain SELECT id, c FROM sbtest%d WHERE id BETWEEN 5263101 AND 5263201
explain: for range-notcovered :: explain SELECT id, c FROM sbtest%d WHERE id BETWEEN 7583003 AND 7583103
for range-notcovered
table 1 : explain SELECT id, c FROM sbtest1 WHERE id BETWEEN 7057860 AND 7057960
	Index Scan using sbtest1_pkey on sbtest1  (cost=0.43..417.82 rows=104 width=125)
	  Index Cond: ((id >= 7057860) AND (id <= 7057960))

table 2 : explain SELECT id, c FROM sbtest2 WHERE id BETWEEN 7057860 AND 7057960
	Index Scan using sbtest2_pkey on sbtest2  (cost=0.43..397.27 rows=99 width=125)
	  Index Cond: ((id >= 7057860) AND (id <= 7057960))

table 3 : explain SELECT id, c FROM sbtest3 WHERE id BETWEEN 7057860 AND 7057960
	Index Scan using sbtest3_pkey on sbtest3  (cost=0.43..404.40 rows=101 width=125)
	  Index Cond: ((id >= 7057860) AND (id <= 7057960))

table 4 : explain SELECT id, c FROM sbtest4 WHERE id BETWEEN 7057860 AND 7057960
	Index Scan using sbtest4_pkey on sbtest4  (cost=0.43..423.86 rows=106 width=125)
	  Index Cond: ((id >= 7057860) AND (id <= 7057960))

table 5 : explain SELECT id, c FROM sbtest5 WHERE id BETWEEN 7057860 AND 7057960
	Index Scan using sbtest5_pkey on sbtest5  (cost=0.43..400.58 rows=100 width=125)
	  Index Cond: ((id >= 7057860) AND (id <= 7057960))

table 6 : explain SELECT id, c FROM sbtest6 WHERE id BETWEEN 7057860 AND 7057960
	Index Scan using sbtest6_pkey on sbtest6  (cost=0.43..380.24 rows=95 width=125)
	  Index Cond: ((id >= 7057860) AND (id <= 7057960))

table 7 : explain SELECT id, c FROM sbtest7 WHERE id BETWEEN 7057860 AND 7057960
	Index Scan using sbtest7_pkey on sbtest7  (cost=0.43..424.10 rows=106 width=125)
	  Index Cond: ((id >= 7057860) AND (id <= 7057960))

table 8 : explain SELECT id, c FROM sbtest8 WHERE id BETWEEN 7057860 AND 7057960
	Index Scan using sbtest8_pkey on sbtest8  (cost=0.43..414.65 rows=104 width=125)
	  Index Cond: ((id >= 7057860) AND (id <= 7057960))

explain: for range-notcovered :: explain SELECT id, c FROM sbtest%d WHERE id BETWEEN 7057860 AND 7057960
for range-notcovered
table 1 : explain SELECT id, c FROM sbtest1 WHERE id BETWEEN 6307383 AND 6307483
	Index Scan using sbtest1_pkey on sbtest1  (cost=0.43..425.77 rows=106 width=125)
	  Index Cond: ((id >= 6307383) AND (id <= 6307483))

table 2 : explain SELECT id, c FROM sbtest2 WHERE id BETWEEN 6307383 AND 6307483
	Index Scan using sbtest2_pkey on sbtest2  (cost=0.43..413.15 rows=103 width=125)
	  Index Cond: ((id >= 6307383) AND (id <= 6307483))

table 3 : explain SELECT id, c FROM sbtest3 WHERE id BETWEEN 6307383 AND 6307483
	Index Scan using sbtest3_pkey on sbtest3  (cost=0.43..384.59 rows=96 width=125)
	  Index Cond: ((id >= 6307383) AND (id <= 6307483))

table 4 : explain SELECT id, c FROM sbtest4 WHERE id BETWEEN 6307383 AND 6307483
	Index Scan using sbtest4_pkey on sbtest4  (cost=0.43..380.33 rows=95 width=125)
	  Index Cond: ((id >= 6307383) AND (id <= 6307483))

table 5 : explain SELECT id, c FROM sbtest5 WHERE id BETWEEN 6307383 AND 6307483
	Index Scan using sbtest5_pkey on sbtest5  (cost=0.43..452.07 rows=113 width=125)
	  Index Cond: ((id >= 6307383) AND (id <= 6307483))

table 6 : explain SELECT id, c FROM sbtest6 WHERE id BETWEEN 6307383 AND 6307483
	Index Scan using sbtest6_pkey on sbtest6  (cost=0.43..403.98 rows=101 width=125)
	  Index Cond: ((id >= 6307383) AND (id <= 6307483))

table 7 : explain SELECT id, c FROM sbtest7 WHERE id BETWEEN 6307383 AND 6307483
	Index Scan using sbtest7_pkey on sbtest7  (cost=0.43..388.47 rows=97 width=125)
	  Index Cond: ((id >= 6307383) AND (id <= 6307483))

table 8 : explain SELECT id, c FROM sbtest8 WHERE id BETWEEN 6307383 AND 6307483
	Index Scan using sbtest8_pkey on sbtest8  (cost=0.43..426.48 rows=107 width=125)
	  Index Cond: ((id >= 6307383) AND (id <= 6307483))

explain: for range-notcovered :: explain SELECT id, c FROM sbtest%d WHERE id BETWEEN 6307383 AND 6307483
for range-notcovered
table 1 : explain SELECT id, c FROM sbtest1 WHERE id BETWEEN 6354377 AND 6354477
	Index Scan using sbtest1_pkey on sbtest1  (cost=0.43..405.90 rows=101 width=125)
	  Index Cond: ((id >= 6354377) AND (id <= 6354477))

table 2 : explain SELECT id, c FROM sbtest2 WHERE id BETWEEN 6354377 AND 6354477
	Index Scan using sbtest2_pkey on sbtest2  (cost=0.43..413.15 rows=103 width=125)
	  Index Cond: ((id >= 6354377) AND (id <= 6354477))

table 3 : explain SELECT id, c FROM sbtest3 WHERE id BETWEEN 6354377 AND 6354477
	Index Scan using sbtest3_pkey on sbtest3  (cost=0.43..384.59 rows=96 width=125)
	  Index Cond: ((id >= 6354377) AND (id <= 6354477))

table 4 : explain SELECT id, c FROM sbtest4 WHERE id BETWEEN 6354377 AND 6354477
	Index Scan using sbtest4_pkey on sbtest4  (cost=0.43..396.17 rows=99 width=125)
	  Index Cond: ((id >= 6354377) AND (id <= 6354477))

table 5 : explain SELECT id, c FROM sbtest5 WHERE id BETWEEN 6354377 AND 6354477
	Index Scan using sbtest5_pkey on sbtest5  (cost=0.43..388.69 rows=97 width=125)
	  Index Cond: ((id >= 6354377) AND (id <= 6354477))

table 6 : explain SELECT id, c FROM sbtest6 WHERE id BETWEEN 6354377 AND 6354477
	Index Scan using sbtest6_pkey on sbtest6  (cost=0.43..403.98 rows=101 width=125)
	  Index Cond: ((id >= 6354377) AND (id <= 6354477))

table 7 : explain SELECT id, c FROM sbtest7 WHERE id BETWEEN 6354377 AND 6354477
	Index Scan using sbtest7_pkey on sbtest7  (cost=0.43..372.63 rows=93 width=125)
	  Index Cond: ((id >= 6354377) AND (id <= 6354477))

table 8 : explain SELECT id, c FROM sbtest8 WHERE id BETWEEN 6354377 AND 6354477
	Index Scan using sbtest8_pkey on sbtest8  (cost=0.43..426.48 rows=107 width=125)
	  Index Cond: ((id >= 6354377) AND (id <= 6354477))

for range-notcovered
table 1 : explain SELECT id, c FROM sbtest1 WHERE id BETWEEN 1645906 AND 1646006
	Index Scan using sbtest1_pkey on sbtest1  (cost=0.43..374.09 rows=93 width=125)
	  Index Cond: ((id >= 1645906) AND (id <= 1646006))

table 2 : explain SELECT id, c FROM sbtest2 WHERE id BETWEEN 1645906 AND 1646006
	Index Scan using sbtest2_pkey on sbtest2  (cost=0.43..409.19 rows=102 width=125)
	  Index Cond: ((id >= 1645906) AND (id <= 1646006))

table 3 : explain SELECT id, c FROM sbtest3 WHERE id BETWEEN 1645906 AND 1646006
	Index Scan using sbtest3_pkey on sbtest3  (cost=0.43..400.44 rows=100 width=125)
	  Index Cond: ((id >= 1645906) AND (id <= 1646006))

table 4 : explain SELECT id, c FROM sbtest4 WHERE id BETWEEN 1645906 AND 1646006
	Index Scan using sbtest4_pkey on sbtest4  (cost=0.43..364.51 rows=91 width=125)
	  Index Cond: ((id >= 1645906) AND (id <= 1646006))

table 5 : explain SELECT id, c FROM sbtest5 WHERE id BETWEEN 1645906 AND 1646006
	Index Scan using sbtest5_pkey on sbtest5  (cost=0.43..452.07 rows=113 width=125)
	  Index Cond: ((id >= 1645906) AND (id <= 1646006))

table 6 : explain SELECT id, c FROM sbtest6 WHERE id BETWEEN 1645906 AND 1646006
	Index Scan using sbtest6_pkey on sbtest6  (cost=0.43..380.24 rows=95 width=125)
	  Index Cond: ((id >= 1645906) AND (id <= 1646006))

table 7 : explain SELECT id, c FROM sbtest7 WHERE id BETWEEN 1645906 AND 1646006
	Index Scan using sbtest7_pkey on sbtest7  (cost=0.43..404.31 rows=101 width=125)
	  Index Cond: ((id >= 1645906) AND (id <= 1646006))

table 8 : explain SELECT id, c FROM sbtest8 WHERE id BETWEEN 1645906 AND 1646006
	Index Scan using sbtest8_pkey on sbtest8  (cost=0.43..414.65 rows=104 width=125)
	  Index Cond: ((id >= 1645906) AND (id <= 1646006))

explain: for range-notcovered :: explain SELECT id, c FROM sbtest%d WHERE id BETWEEN 4078454 AND 4078554
explain: for range-notcovered :: explain SELECT id, c FROM sbtest%d WHERE id BETWEEN 6354377 AND 6354477
explain: for range-notcovered :: explain SELECT id, c FROM sbtest%d WHERE id BETWEEN 1645906 AND 1646006
for range-notcovered
table 1 : explain SELECT id, c FROM sbtest1 WHERE id BETWEEN 7811644 AND 7811744
	Index Scan using sbtest1_pkey on sbtest1  (cost=0.43..386.01 rows=96 width=125)
	  Index Cond: ((id >= 7811644) AND (id <= 7811744))

table 2 : explain SELECT id, c FROM sbtest2 WHERE id BETWEEN 7811644 AND 7811744
	Index Scan using sbtest2_pkey on sbtest2  (cost=0.43..369.50 rows=92 width=125)
	  Index Cond: ((id >= 7811644) AND (id <= 7811744))

table 3 : explain SELECT id, c FROM sbtest3 WHERE id BETWEEN 7811644 AND 7811744
	Index Scan using sbtest3_pkey on sbtest3  (cost=0.43..392.51 rows=98 width=125)
	  Index Cond: ((id >= 7811644) AND (id <= 7811744))

table 4 : explain SELECT id, c FROM sbtest4 WHERE id BETWEEN 7811644 AND 7811744
	Index Scan using sbtest4_pkey on sbtest4  (cost=0.43..380.33 rows=95 width=125)
	  Index Cond: ((id >= 7811644) AND (id <= 7811744))

table 5 : explain SELECT id, c FROM sbtest5 WHERE id BETWEEN 7811644 AND 7811744
	Index Scan using sbtest5_pkey on sbtest5  (cost=0.43..408.51 rows=102 width=125)
	  Index Cond: ((id >= 7811644) AND (id <= 7811744))

table 6 : explain SELECT id, c FROM sbtest6 WHERE id BETWEEN 7811644 AND 7811744
	Index Scan using sbtest6_pkey on sbtest6  (cost=0.43..380.24 rows=95 width=125)
	  Index Cond: ((id >= 7811644) AND (id <= 7811744))

table 7 : explain SELECT id, c FROM sbtest7 WHERE id BETWEEN 7811644 AND 7811744
	Index Scan using sbtest7_pkey on sbtest7  (cost=0.43..420.14 rows=105 width=125)
	  Index Cond: ((id >= 7811644) AND (id <= 7811744))

table 8 : explain SELECT id, c FROM sbtest8 WHERE id BETWEEN 7811644 AND 7811744
	Index Scan using sbtest8_pkey on sbtest8  (cost=0.43..394.93 rows=99 width=125)
	  Index Cond: ((id >= 7811644) AND (id <= 7811744))

for range-notcovered
table 1 : explain SELECT id, c FROM sbtest1 WHERE id BETWEEN 7583003 AND 7583103
	Index Scan using sbtest1_pkey on sbtest1  (cost=0.43..405.88 rows=101 width=125)
	  Index Cond: ((id >= 7583003) AND (id <= 7583103))

table 2 : explain SELECT id, c FROM sbtest2 WHERE id BETWEEN 7583003 AND 7583103
	Index Scan using sbtest2_pkey on sbtest2  (cost=0.43..444.89 rows=111 width=125)
	  Index Cond: ((id >= 7583003) AND (id <= 7583103))

table 3 : explain SELECT id, c FROM sbtest3 WHERE id BETWEEN 7583003 AND 7583103
	Index Scan using sbtest3_pkey on sbtest3  (cost=0.43..412.32 rows=103 width=125)
	  Index Cond: ((id >= 7583003) AND (id <= 7583103))

table 4 : explain SELECT id, c FROM sbtest4 WHERE id BETWEEN 7583003 AND 7583103
	Index Scan using sbtest4_pkey on sbtest4  (cost=0.43..408.04 rows=102 width=125)
	  Index Cond: ((id >= 7583003) AND (id <= 7583103))

table 5 : explain SELECT id, c FROM sbtest5 WHERE id BETWEEN 7583003 AND 7583103
	Index Scan using sbtest5_pkey on sbtest5  (cost=0.43..424.35 rows=106 width=125)
	  Index Cond: ((id >= 7583003) AND (id <= 7583103))

table 6 : explain SELECT id, c FROM sbtest6 WHERE id BETWEEN 7583003 AND 7583103
	Index Scan using sbtest6_pkey on sbtest6  (cost=0.43..423.76 rows=106 width=125)
	  Index Cond: ((id >= 7583003) AND (id <= 7583103))

table 7 : explain SELECT id, c FROM sbtest7 WHERE id BETWEEN 7583003 AND 7583103
	Index Scan using sbtest7_pkey on sbtest7  (cost=0.43..424.10 rows=106 width=125)
	  Index Cond: ((id >= 7583003) AND (id <= 7583103))

table 8 : explain SELECT id, c FROM sbtest8 WHERE id BETWEEN 7583003 AND 7583103
	Index Scan using sbtest8_pkey on sbtest8  (cost=0.43..390.99 rows=98 width=125)
	  Index Cond: ((id >= 7583003) AND (id <= 7583103))

for range-notcovered
table 1 : explain SELECT id, c FROM sbtest1 WHERE id BETWEEN 903922 AND 904022
	Index Scan using sbtest1_pkey on sbtest1  (cost=0.43..366.14 rows=91 width=125)
	  Index Cond: ((id >= 903922) AND (id <= 904022))

table 2 : explain SELECT id, c FROM sbtest2 WHERE id BETWEEN 903922 AND 904022
	Index Scan using sbtest2_pkey on sbtest2  (cost=0.43..377.44 rows=94 width=125)
	  Index Cond: ((id >= 903922) AND (id <= 904022))

table 3 : explain SELECT id, c FROM sbtest3 WHERE id BETWEEN 903922 AND 904022
	Index Scan using sbtest3_pkey on sbtest3  (cost=0.43..420.23 rows=105 width=125)
	  Index Cond: ((id >= 903922) AND (id <= 904022))

table 4 : explain SELECT id, c FROM sbtest4 WHERE id BETWEEN 903922 AND 904022
	Index Scan using sbtest4_pkey on sbtest4  (cost=0.43..427.82 rows=107 width=125)
	  Index Cond: ((id >= 903922) AND (id <= 904022))

table 5 : explain SELECT id, c FROM sbtest5 WHERE id BETWEEN 903922 AND 904022
	Index Scan using sbtest5_pkey on sbtest5  (cost=0.43..368.89 rows=92 width=125)
	  Index Cond: ((id >= 903922) AND (id <= 904022))

table 6 : explain SELECT id, c FROM sbtest6 WHERE id BETWEEN 903922 AND 904022
	Index Scan using sbtest6_pkey on sbtest6  (cost=0.43..403.98 rows=101 width=125)
	  Index Cond: ((id >= 903922) AND (id <= 904022))

table 7 : explain SELECT id, c FROM sbtest7 WHERE id BETWEEN 903922 AND 904022
	Index Scan using sbtest7_pkey on sbtest7  (cost=0.43..360.75 rows=90 width=125)
	  Index Cond: ((id >= 903922) AND (id <= 904022))

table 8 : explain SELECT id, c FROM sbtest8 WHERE id BETWEEN 903922 AND 904022
	Index Scan using sbtest8_pkey on sbtest8  (cost=0.43..454.08 rows=114 width=125)
	  Index Cond: ((id >= 903922) AND (id <= 904022))

for range-notcovered
table 1 : explain SELECT id, c FROM sbtest1 WHERE id BETWEEN 6307383 AND 6307483
	Index Scan using sbtest1_pkey on sbtest1  (cost=0.43..425.77 rows=106 width=125)
	  Index Cond: ((id >= 6307383) AND (id <= 6307483))

table 2 : explain SELECT id, c FROM sbtest2 WHERE id BETWEEN 6307383 AND 6307483
	Index Scan using sbtest2_pkey on sbtest2  (cost=0.43..413.15 rows=103 width=125)
	  Index Cond: ((id >= 6307383) AND (id <= 6307483))

table 3 : explain SELECT id, c FROM sbtest3 WHERE id BETWEEN 6307383 AND 6307483
	Index Scan using sbtest3_pkey on sbtest3  (cost=0.43..384.59 rows=96 width=125)
	  Index Cond: ((id >= 6307383) AND (id <= 6307483))

table 4 : explain SELECT id, c FROM sbtest4 WHERE id BETWEEN 6307383 AND 6307483
	Index Scan using sbtest4_pkey on sbtest4  (cost=0.43..380.33 rows=95 width=125)
	  Index Cond: ((id >= 6307383) AND (id <= 6307483))

table 5 : explain SELECT id, c FROM sbtest5 WHERE id BETWEEN 6307383 AND 6307483
	Index Scan using sbtest5_pkey on sbtest5  (cost=0.43..452.07 rows=113 width=125)
	  Index Cond: ((id >= 6307383) AND (id <= 6307483))

table 6 : explain SELECT id, c FROM sbtest6 WHERE id BETWEEN 6307383 AND 6307483
	Index Scan using sbtest6_pkey on sbtest6  (cost=0.43..403.98 rows=101 width=125)
	  Index Cond: ((id >= 6307383) AND (id <= 6307483))

table 7 : explain SELECT id, c FROM sbtest7 WHERE id BETWEEN 6307383 AND 6307483
	Index Scan using sbtest7_pkey on sbtest7  (cost=0.43..388.47 rows=97 width=125)
	  Index Cond: ((id >= 6307383) AND (id <= 6307483))

table 8 : explain SELECT id, c FROM sbtest8 WHERE id BETWEEN 6307383 AND 6307483
	Index Scan using sbtest8_pkey on sbtest8  (cost=0.43..426.48 rows=107 width=125)
	  Index Cond: ((id >= 6307383) AND (id <= 6307483))

explain: for range-notcovered :: explain SELECT id, c FROM sbtest%d WHERE id BETWEEN 6307383 AND 6307483
for range-notcovered
table 1 : explain SELECT id, c FROM sbtest1 WHERE id BETWEEN 7057860 AND 7057960
	Index Scan using sbtest1_pkey on sbtest1  (cost=0.43..417.82 rows=104 width=125)
	  Index Cond: ((id >= 7057860) AND (id <= 7057960))

table 2 : explain SELECT id, c FROM sbtest2 WHERE id BETWEEN 7057860 AND 7057960
	Index Scan using sbtest2_pkey on sbtest2  (cost=0.43..397.27 rows=99 width=125)
	  Index Cond: ((id >= 7057860) AND (id <= 7057960))

table 3 : explain SELECT id, c FROM sbtest3 WHERE id BETWEEN 7057860 AND 7057960
	Index Scan using sbtest3_pkey on sbtest3  (cost=0.43..404.40 rows=101 width=125)
	  Index Cond: ((id >= 7057860) AND (id <= 7057960))

table 4 : explain SELECT id, c FROM sbtest4 WHERE id BETWEEN 7057860 AND 7057960
	Index Scan using sbtest4_pkey on sbtest4  (cost=0.43..423.86 rows=106 width=125)
	  Index Cond: ((id >= 7057860) AND (id <= 7057960))

table 5 : explain SELECT id, c FROM sbtest5 WHERE id BETWEEN 7057860 AND 7057960
	Index Scan using sbtest5_pkey on sbtest5  (cost=0.43..400.58 rows=100 width=125)
	  Index Cond: ((id >= 7057860) AND (id <= 7057960))

table 6 : explain SELECT id, c FROM sbtest6 WHERE id BETWEEN 7057860 AND 7057960
	Index Scan using sbtest6_pkey on sbtest6  (cost=0.43..380.24 rows=95 width=125)
	  Index Cond: ((id >= 7057860) AND (id <= 7057960))

table 7 : explain SELECT id, c FROM sbtest7 WHERE id BETWEEN 7057860 AND 7057960
	Index Scan using sbtest7_pkey on sbtest7  (cost=0.43..424.10 rows=106 width=125)
	  Index Cond: ((id >= 7057860) AND (id <= 7057960))

table 8 : explain SELECT id, c FROM sbtest8 WHERE id BETWEEN 7057860 AND 7057960
	Index Scan using sbtest8_pkey on sbtest8  (cost=0.43..414.65 rows=104 width=125)
	  Index Cond: ((id >= 7057860) AND (id <= 7057960))

for range-notcovered
table 1 : explain SELECT id, c FROM sbtest1 WHERE id BETWEEN 1645906 AND 1646006
	Index Scan using sbtest1_pkey on sbtest1  (cost=0.43..374.09 rows=93 width=125)
	  Index Cond: ((id >= 1645906) AND (id <= 1646006))

table 2 : explain SELECT id, c FROM sbtest2 WHERE id BETWEEN 1645906 AND 1646006
	Index Scan using sbtest2_pkey on sbtest2  (cost=0.43..409.19 rows=102 width=125)
	  Index Cond: ((id >= 1645906) AND (id <= 1646006))

table 3 : explain SELECT id, c FROM sbtest3 WHERE id BETWEEN 1645906 AND 1646006
	Index Scan using sbtest3_pkey on sbtest3  (cost=0.43..400.44 rows=100 width=125)
	  Index Cond: ((id >= 1645906) AND (id <= 1646006))

table 4 : explain SELECT id, c FROM sbtest4 WHERE id BETWEEN 1645906 AND 1646006
	Index Scan using sbtest4_pkey on sbtest4  (cost=0.43..364.51 rows=91 width=125)
	  Index Cond: ((id >= 1645906) AND (id <= 1646006))

table 5 : explain SELECT id, c FROM sbtest5 WHERE id BETWEEN 1645906 AND 1646006
	Index Scan using sbtest5_pkey on sbtest5  (cost=0.43..452.07 rows=113 width=125)
	  Index Cond: ((id >= 1645906) AND (id <= 1646006))

table 6 : explain SELECT id, c FROM sbtest6 WHERE id BETWEEN 1645906 AND 1646006
	Index Scan using sbtest6_pkey on sbtest6  (cost=0.43..380.24 rows=95 width=125)
	  Index Cond: ((id >= 1645906) AND (id <= 1646006))

table 7 : explain SELECT id, c FROM sbtest7 WHERE id BETWEEN 1645906 AND 1646006
	Index Scan using sbtest7_pkey on sbtest7  (cost=0.43..404.31 rows=101 width=125)
	  Index Cond: ((id >= 1645906) AND (id <= 1646006))

table 8 : explain SELECT id, c FROM sbtest8 WHERE id BETWEEN 1645906 AND 1646006
	Index Scan using sbtest8_pkey on sbtest8  (cost=0.43..414.65 rows=104 width=125)
	  Index Cond: ((id >= 1645906) AND (id <= 1646006))

explain: for range-notcovered :: explain SELECT id, c FROM sbtest%d WHERE id BETWEEN 903922 AND 904022
explain: for range-notcovered :: explain SELECT id, c FROM sbtest%d WHERE id BETWEEN 7057860 AND 7057960
explain: for range-notcovered :: explain SELECT id, c FROM sbtest%d WHERE id BETWEEN 1645906 AND 1646006
for range-notcovered
table 1 : explain SELECT id, c FROM sbtest1 WHERE id BETWEEN 4078454 AND 4078554
	Index Scan using sbtest1_pkey on sbtest1  (cost=0.43..417.82 rows=104 width=125)
	  Index Cond: ((id >= 4078454) AND (id <= 4078554))

table 2 : explain SELECT id, c FROM sbtest2 WHERE id BETWEEN 4078454 AND 4078554
	Index Scan using sbtest2_pkey on sbtest2  (cost=0.43..409.19 rows=102 width=125)
	  Index Cond: ((id >= 4078454) AND (id <= 4078554))

table 3 : explain SELECT id, c FROM sbtest3 WHERE id BETWEEN 4078454 AND 4078554
	Index Scan using sbtest3_pkey on sbtest3  (cost=0.43..380.63 rows=95 width=125)
	  Index Cond: ((id >= 4078454) AND (id <= 4078554))

table 4 : explain SELECT id, c FROM sbtest4 WHERE id BETWEEN 4078454 AND 4078554
	Index Scan using sbtest4_pkey on sbtest4  (cost=0.43..427.82 rows=107 width=125)
	  Index Cond: ((id >= 4078454) AND (id <= 4078554))

table 5 : explain SELECT id, c FROM sbtest5 WHERE id BETWEEN 4078454 AND 4078554
	Index Scan using sbtest5_pkey on sbtest5  (cost=0.43..380.77 rows=95 width=125)
	  Index Cond: ((id >= 4078454) AND (id <= 4078554))

table 6 : explain SELECT id, c FROM sbtest6 WHERE id BETWEEN 4078454 AND 4078554
	Index Scan using sbtest6_pkey on sbtest6  (cost=0.43..407.94 rows=102 width=125)
	  Index Cond: ((id >= 4078454) AND (id <= 4078554))

table 7 : explain SELECT id, c FROM sbtest7 WHERE id BETWEEN 4078454 AND 4078554
	Index Scan using sbtest7_pkey on sbtest7  (cost=0.43..396.39 rows=99 width=125)
	  Index Cond: ((id >= 4078454) AND (id <= 4078554))

table 8 : explain SELECT id, c FROM sbtest8 WHERE id BETWEEN 4078454 AND 4078554
	Index Scan using sbtest8_pkey on sbtest8  (cost=0.43..402.82 rows=101 width=125)
	  Index Cond: ((id >= 4078454) AND (id <= 4078554))

for range-notcovered
table 1 : explain SELECT id, c FROM sbtest1 WHERE id BETWEEN 5263101 AND 5263201
	Index Scan using sbtest1_pkey on sbtest1  (cost=0.43..421.79 rows=105 width=125)
	  Index Cond: ((id >= 5263101) AND (id <= 5263201))

table 2 : explain SELECT id, c FROM sbtest2 WHERE id BETWEEN 5263101 AND 5263201
	Index Scan using sbtest2_pkey on sbtest2  (cost=0.43..373.47 rows=93 width=125)
	  Index Cond: ((id >= 5263101) AND (id <= 5263201))

table 3 : explain SELECT id, c FROM sbtest3 WHERE id BETWEEN 5263101 AND 5263201
	Index Scan using sbtest3_pkey on sbtest3  (cost=0.43..412.32 rows=103 width=125)
	  Index Cond: ((id >= 5263101) AND (id <= 5263201))

table 4 : explain SELECT id, c FROM sbtest4 WHERE id BETWEEN 5263101 AND 5263201
	Index Scan using sbtest4_pkey on sbtest4  (cost=0.43..431.78 rows=108 width=125)
	  Index Cond: ((id >= 5263101) AND (id <= 5263201))

table 5 : explain SELECT id, c FROM sbtest5 WHERE id BETWEEN 5263101 AND 5263201
	Index Scan using sbtest5_pkey on sbtest5  (cost=0.43..384.73 rows=96 width=125)
	  Index Cond: ((id >= 5263101) AND (id <= 5263201))

table 6 : explain SELECT id, c FROM sbtest6 WHERE id BETWEEN 5263101 AND 5263201
	Index Scan using sbtest6_pkey on sbtest6  (cost=0.43..423.76 rows=106 width=125)
	  Index Cond: ((id >= 5263101) AND (id <= 5263201))

table 7 : explain SELECT id, c FROM sbtest7 WHERE id BETWEEN 5263101 AND 5263201
	Index Scan using sbtest7_pkey on sbtest7  (cost=0.43..420.14 rows=105 width=125)
	  Index Cond: ((id >= 5263101) AND (id <= 5263201))

table 8 : explain SELECT id, c FROM sbtest8 WHERE id BETWEEN 5263101 AND 5263201
	Index Scan using sbtest8_pkey on sbtest8  (cost=0.43..422.53 rows=106 width=125)
	  Index Cond: ((id >= 5263101) AND (id <= 5263201))

for range-notcovered
table 1 : explain SELECT id, c FROM sbtest1 WHERE id BETWEEN 4198139 AND 4198239
	Index Scan using sbtest1_pkey on sbtest1  (cost=0.43..409.87 rows=102 width=125)
	  Index Cond: ((id >= 4198139) AND (id <= 4198239))

table 2 : explain SELECT id, c FROM sbtest2 WHERE id BETWEEN 4198139 AND 4198239
	Index Scan using sbtest2_pkey on sbtest2  (cost=0.43..409.19 rows=102 width=125)
	  Index Cond: ((id >= 4198139) AND (id <= 4198239))

table 3 : explain SELECT id, c FROM sbtest3 WHERE id BETWEEN 4198139 AND 4198239
	Index Scan using sbtest3_pkey on sbtest3  (cost=0.43..420.23 rows=105 width=125)
	  Index Cond: ((id >= 4198139) AND (id <= 4198239))

table 4 : explain SELECT id, c FROM sbtest4 WHERE id BETWEEN 4198139 AND 4198239
	Index Scan using sbtest4_pkey on sbtest4  (cost=0.43..412.00 rows=103 width=125)
	  Index Cond: ((id >= 4198139) AND (id <= 4198239))

table 5 : explain SELECT id, c FROM sbtest5 WHERE id BETWEEN 4198139 AND 4198239
	Index Scan using sbtest5_pkey on sbtest5  (cost=0.43..420.39 rows=105 width=125)
	  Index Cond: ((id >= 4198139) AND (id <= 4198239))

table 6 : explain SELECT id, c FROM sbtest6 WHERE id BETWEEN 4198139 AND 4198239
	Index Scan using sbtest6_pkey on sbtest6  (cost=0.43..403.98 rows=101 width=125)
	  Index Cond: ((id >= 4198139) AND (id <= 4198239))

table 7 : explain SELECT id, c FROM sbtest7 WHERE id BETWEEN 4198139 AND 4198239
	Index Scan using sbtest7_pkey on sbtest7  (cost=0.43..376.58 rows=94 width=125)
	  Index Cond: ((id >= 4198139) AND (id <= 4198239))

table 8 : explain SELECT id, c FROM sbtest8 WHERE id BETWEEN 4198139 AND 4198239
	Index Scan using sbtest8_pkey on sbtest8  (cost=0.43..383.08 rows=96 width=125)
	  Index Cond: ((id >= 4198139) AND (id <= 4198239))

explain: for range-notcovered :: explain SELECT id, c FROM sbtest%d WHERE id BETWEEN 5263101 AND 5263201
explain: for range-notcovered :: explain SELECT id, c FROM sbtest%d WHERE id BETWEEN 4198139 AND 4198239
for range-notcovered
table 1 : explain SELECT id, c FROM sbtest1 WHERE id BETWEEN 6307383 AND 6307483
	Index Scan using sbtest1_pkey on sbtest1  (cost=0.43..425.77 rows=106 width=125)
	  Index Cond: ((id >= 6307383) AND (id <= 6307483))

table 2 : explain SELECT id, c FROM sbtest2 WHERE id BETWEEN 6307383 AND 6307483
	Index Scan using sbtest2_pkey on sbtest2  (cost=0.43..413.15 rows=103 width=125)
	  Index Cond: ((id >= 6307383) AND (id <= 6307483))

table 3 : explain SELECT id, c FROM sbtest3 WHERE id BETWEEN 6307383 AND 6307483
	Index Scan using sbtest3_pkey on sbtest3  (cost=0.43..384.59 rows=96 width=125)
	  Index Cond: ((id >= 6307383) AND (id <= 6307483))

table 4 : explain SELECT id, c FROM sbtest4 WHERE id BETWEEN 6307383 AND 6307483
	Index Scan using sbtest4_pkey on sbtest4  (cost=0.43..380.33 rows=95 width=125)
	  Index Cond: ((id >= 6307383) AND (id <= 6307483))

table 5 : explain SELECT id, c FROM sbtest5 WHERE id BETWEEN 6307383 AND 6307483
	Index Scan using sbtest5_pkey on sbtest5  (cost=0.43..452.07 rows=113 width=125)
	  Index Cond: ((id >= 6307383) AND (id <= 6307483))

table 6 : explain SELECT id, c FROM sbtest6 WHERE id BETWEEN 6307383 AND 6307483
	Index Scan using sbtest6_pkey on sbtest6  (cost=0.43..403.98 rows=101 width=125)
	  Index Cond: ((id >= 6307383) AND (id <= 6307483))

table 7 : explain SELECT id, c FROM sbtest7 WHERE id BETWEEN 6307383 AND 6307483
	Index Scan using sbtest7_pkey on sbtest7  (cost=0.43..388.47 rows=97 width=125)
	  Index Cond: ((id >= 6307383) AND (id <= 6307483))

table 8 : explain SELECT id, c FROM sbtest8 WHERE id BETWEEN 6307383 AND 6307483
	Index Scan using sbtest8_pkey on sbtest8  (cost=0.43..426.48 rows=107 width=125)
	  Index Cond: ((id >= 6307383) AND (id <= 6307483))

explain: for range-notcovered :: explain SELECT id, c FROM sbtest%d WHERE id BETWEEN 6307383 AND 6307483
for range-notcovered
table 1 : explain SELECT id, c FROM sbtest1 WHERE id BETWEEN 903922 AND 904022
	Index Scan using sbtest1_pkey on sbtest1  (cost=0.43..366.14 rows=91 width=125)
	  Index Cond: ((id >= 903922) AND (id <= 904022))

table 2 : explain SELECT id, c FROM sbtest2 WHERE id BETWEEN 903922 AND 904022
	Index Scan using sbtest2_pkey on sbtest2  (cost=0.43..377.44 rows=94 width=125)
	  Index Cond: ((id >= 903922) AND (id <= 904022))

table 3 : explain SELECT id, c FROM sbtest3 WHERE id BETWEEN 903922 AND 904022
	Index Scan using sbtest3_pkey on sbtest3  (cost=0.43..420.23 rows=105 width=125)
	  Index Cond: ((id >= 903922) AND (id <= 904022))

table 4 : explain SELECT id, c FROM sbtest4 WHERE id BETWEEN 903922 AND 904022
	Index Scan using sbtest4_pkey on sbtest4  (cost=0.43..427.82 rows=107 width=125)
	  Index Cond: ((id >= 903922) AND (id <= 904022))

table 5 : explain SELECT id, c FROM sbtest5 WHERE id BETWEEN 903922 AND 904022
	Index Scan using sbtest5_pkey on sbtest5  (cost=0.43..368.89 rows=92 width=125)
	  Index Cond: ((id >= 903922) AND (id <= 904022))

table 6 : explain SELECT id, c FROM sbtest6 WHERE id BETWEEN 903922 AND 904022
	Index Scan using sbtest6_pkey on sbtest6  (cost=0.43..403.98 rows=101 width=125)
	  Index Cond: ((id >= 903922) AND (id <= 904022))

table 7 : explain SELECT id, c FROM sbtest7 WHERE id BETWEEN 903922 AND 904022
	Index Scan using sbtest7_pkey on sbtest7  (cost=0.43..360.75 rows=90 width=125)
	  Index Cond: ((id >= 903922) AND (id <= 904022))

table 8 : explain SELECT id, c FROM sbtest8 WHERE id BETWEEN 903922 AND 904022
	Index Scan using sbtest8_pkey on sbtest8  (cost=0.43..454.08 rows=114 width=125)
	  Index Cond: ((id >= 903922) AND (id <= 904022))

for range-notcovered
table 1 : explain SELECT id, c FROM sbtest1 WHERE id BETWEEN 7057860 AND 7057960
	Index Scan using sbtest1_pkey on sbtest1  (cost=0.43..417.82 rows=104 width=125)
	  Index Cond: ((id >= 7057860) AND (id <= 7057960))

table 2 : explain SELECT id, c FROM sbtest2 WHERE id BETWEEN 7057860 AND 7057960
	Index Scan using sbtest2_pkey on sbtest2  (cost=0.43..397.27 rows=99 width=125)
	  Index Cond: ((id >= 7057860) AND (id <= 7057960))

table 3 : explain SELECT id, c FROM sbtest3 WHERE id BETWEEN 7057860 AND 7057960
	Index Scan using sbtest3_pkey on sbtest3  (cost=0.43..404.40 rows=101 width=125)
	  Index Cond: ((id >= 7057860) AND (id <= 7057960))

table 4 : explain SELECT id, c FROM sbtest4 WHERE id BETWEEN 7057860 AND 7057960
	Index Scan using sbtest4_pkey on sbtest4  (cost=0.43..423.86 rows=106 width=125)
	  Index Cond: ((id >= 7057860) AND (id <= 7057960))

table 5 : explain SELECT id, c FROM sbtest5 WHERE id BETWEEN 7057860 AND 7057960
	Index Scan using sbtest5_pkey on sbtest5  (cost=0.43..400.58 rows=100 width=125)
	  Index Cond: ((id >= 7057860) AND (id <= 7057960))

table 6 : explain SELECT id, c FROM sbtest6 WHERE id BETWEEN 7057860 AND 7057960
	Index Scan using sbtest6_pkey on sbtest6  (cost=0.43..380.24 rows=95 width=125)
	  Index Cond: ((id >= 7057860) AND (id <= 7057960))

table 7 : explain SELECT id, c FROM sbtest7 WHERE id BETWEEN 7057860 AND 7057960
	Index Scan using sbtest7_pkey on sbtest7  (cost=0.43..424.10 rows=106 width=125)
	  Index Cond: ((id >= 7057860) AND (id <= 7057960))

table 8 : explain SELECT id, c FROM sbtest8 WHERE id BETWEEN 7057860 AND 7057960
	Index Scan using sbtest8_pkey on sbtest8  (cost=0.43..414.65 rows=104 width=125)
	  Index Cond: ((id >= 7057860) AND (id <= 7057960))

for range-notcovered
table 1 : explain SELECT id, c FROM sbtest1 WHERE id BETWEEN 1645906 AND 1646006
	Index Scan using sbtest1_pkey on sbtest1  (cost=0.43..374.09 rows=93 width=125)
	  Index Cond: ((id >= 1645906) AND (id <= 1646006))

table 2 : explain SELECT id, c FROM sbtest2 WHERE id BETWEEN 1645906 AND 1646006
	Index Scan using sbtest2_pkey on sbtest2  (cost=0.43..409.19 rows=102 width=125)
	  Index Cond: ((id >= 1645906) AND (id <= 1646006))

table 3 : explain SELECT id, c FROM sbtest3 WHERE id BETWEEN 1645906 AND 1646006
	Index Scan using sbtest3_pkey on sbtest3  (cost=0.43..400.44 rows=100 width=125)
	  Index Cond: ((id >= 1645906) AND (id <= 1646006))

table 4 : explain SELECT id, c FROM sbtest4 WHERE id BETWEEN 1645906 AND 1646006
	Index Scan using sbtest4_pkey on sbtest4  (cost=0.43..364.51 rows=91 width=125)
	  Index Cond: ((id >= 1645906) AND (id <= 1646006))

table 5 : explain SELECT id, c FROM sbtest5 WHERE id BETWEEN 1645906 AND 1646006
	Index Scan using sbtest5_pkey on sbtest5  (cost=0.43..452.07 rows=113 width=125)
	  Index Cond: ((id >= 1645906) AND (id <= 1646006))

table 6 : explain SELECT id, c FROM sbtest6 WHERE id BETWEEN 1645906 AND 1646006
	Index Scan using sbtest6_pkey on sbtest6  (cost=0.43..380.24 rows=95 width=125)
	  Index Cond: ((id >= 1645906) AND (id <= 1646006))

table 7 : explain SELECT id, c FROM sbtest7 WHERE id BETWEEN 1645906 AND 1646006
	Index Scan using sbtest7_pkey on sbtest7  (cost=0.43..404.31 rows=101 width=125)
	  Index Cond: ((id >= 1645906) AND (id <= 1646006))

table 8 : explain SELECT id, c FROM sbtest8 WHERE id BETWEEN 1645906 AND 1646006
	Index Scan using sbtest8_pkey on sbtest8  (cost=0.43..414.65 rows=104 width=125)
	  Index Cond: ((id >= 1645906) AND (id <= 1646006))

explain: for range-notcovered :: explain SELECT id, c FROM sbtest%d WHERE id BETWEEN 7057860 AND 7057960
explain: for range-notcovered :: explain SELECT id, c FROM sbtest%d WHERE id BETWEEN 903922 AND 904022
explain: for range-notcovered :: explain SELECT id, c FROM sbtest%d WHERE id BETWEEN 1645906 AND 1646006
for range-notcovered
table 1 : explain SELECT id, c FROM sbtest1 WHERE id BETWEEN 5263101 AND 5263201
	Index Scan using sbtest1_pkey on sbtest1  (cost=0.43..421.79 rows=105 width=125)
	  Index Cond: ((id >= 5263101) AND (id <= 5263201))

table 2 : explain SELECT id, c FROM sbtest2 WHERE id BETWEEN 5263101 AND 5263201
	Index Scan using sbtest2_pkey on sbtest2  (cost=0.43..373.47 rows=93 width=125)
	  Index Cond: ((id >= 5263101) AND (id <= 5263201))

table 3 : explain SELECT id, c FROM sbtest3 WHERE id BETWEEN 5263101 AND 5263201
	Index Scan using sbtest3_pkey on sbtest3  (cost=0.43..412.32 rows=103 width=125)
	  Index Cond: ((id >= 5263101) AND (id <= 5263201))

table 4 : explain SELECT id, c FROM sbtest4 WHERE id BETWEEN 5263101 AND 5263201
	Index Scan using sbtest4_pkey on sbtest4  (cost=0.43..431.78 rows=108 width=125)
	  Index Cond: ((id >= 5263101) AND (id <= 5263201))

table 5 : explain SELECT id, c FROM sbtest5 WHERE id BETWEEN 5263101 AND 5263201
	Index Scan using sbtest5_pkey on sbtest5  (cost=0.43..384.73 rows=96 width=125)
	  Index Cond: ((id >= 5263101) AND (id <= 5263201))

table 6 : explain SELECT id, c FROM sbtest6 WHERE id BETWEEN 5263101 AND 5263201
	Index Scan using sbtest6_pkey on sbtest6  (cost=0.43..423.76 rows=106 width=125)
	  Index Cond: ((id >= 5263101) AND (id <= 5263201))

table 7 : explain SELECT id, c FROM sbtest7 WHERE id BETWEEN 5263101 AND 5263201
	Index Scan using sbtest7_pkey on sbtest7  (cost=0.43..420.14 rows=105 width=125)
	  Index Cond: ((id >= 5263101) AND (id <= 5263201))

table 8 : explain SELECT id, c FROM sbtest8 WHERE id BETWEEN 5263101 AND 5263201
	Index Scan using sbtest8_pkey on sbtest8  (cost=0.43..422.53 rows=106 width=125)
	  Index Cond: ((id >= 5263101) AND (id <= 5263201))

explain: for range-notcovered :: explain SELECT id, c FROM sbtest%d WHERE id BETWEEN 5263101 AND 5263201
for range-notcovered
table 1 : explain SELECT id, c FROM sbtest1 WHERE id BETWEEN 4198139 AND 4198239
	Index Scan using sbtest1_pkey on sbtest1  (cost=0.43..409.87 rows=102 width=125)
	  Index Cond: ((id >= 4198139) AND (id <= 4198239))

table 2 : explain SELECT id, c FROM sbtest2 WHERE id BETWEEN 4198139 AND 4198239
	Index Scan using sbtest2_pkey on sbtest2  (cost=0.43..409.19 rows=102 width=125)
	  Index Cond: ((id >= 4198139) AND (id <= 4198239))

table 3 : explain SELECT id, c FROM sbtest3 WHERE id BETWEEN 4198139 AND 4198239
	Index Scan using sbtest3_pkey on sbtest3  (cost=0.43..420.23 rows=105 width=125)
	  Index Cond: ((id >= 4198139) AND (id <= 4198239))

table 4 : explain SELECT id, c FROM sbtest4 WHERE id BETWEEN 4198139 AND 4198239
	Index Scan using sbtest4_pkey on sbtest4  (cost=0.43..412.00 rows=103 width=125)
	  Index Cond: ((id >= 4198139) AND (id <= 4198239))

table 5 : explain SELECT id, c FROM sbtest5 WHERE id BETWEEN 4198139 AND 4198239
	Index Scan using sbtest5_pkey on sbtest5  (cost=0.43..420.39 rows=105 width=125)
	  Index Cond: ((id >= 4198139) AND (id <= 4198239))

table 6 : explain SELECT id, c FROM sbtest6 WHERE id BETWEEN 4198139 AND 4198239
	Index Scan using sbtest6_pkey on sbtest6  (cost=0.43..403.98 rows=101 width=125)
	  Index Cond: ((id >= 4198139) AND (id <= 4198239))

table 7 : explain SELECT id, c FROM sbtest7 WHERE id BETWEEN 4198139 AND 4198239
	Index Scan using sbtest7_pkey on sbtest7  (cost=0.43..376.58 rows=94 width=125)
	  Index Cond: ((id >= 4198139) AND (id <= 4198239))

table 8 : explain SELECT id, c FROM sbtest8 WHERE id BETWEEN 4198139 AND 4198239
	Index Scan using sbtest8_pkey on sbtest8  (cost=0.43..383.08 rows=96 width=125)
	  Index Cond: ((id >= 4198139) AND (id <= 4198239))

explain: for range-notcovered :: explain SELECT id, c FROM sbtest%d WHERE id BETWEEN 4198139 AND 4198239
for range-notcovered
table 1 : explain SELECT id, c FROM sbtest1 WHERE id BETWEEN 6307383 AND 6307483
	Index Scan using sbtest1_pkey on sbtest1  (cost=0.43..425.77 rows=106 width=125)
	  Index Cond: ((id >= 6307383) AND (id <= 6307483))

table 2 : explain SELECT id, c FROM sbtest2 WHERE id BETWEEN 6307383 AND 6307483
	Index Scan using sbtest2_pkey on sbtest2  (cost=0.43..413.15 rows=103 width=125)
	  Index Cond: ((id >= 6307383) AND (id <= 6307483))

table 3 : explain SELECT id, c FROM sbtest3 WHERE id BETWEEN 6307383 AND 6307483
	Index Scan using sbtest3_pkey on sbtest3  (cost=0.43..384.59 rows=96 width=125)
	  Index Cond: ((id >= 6307383) AND (id <= 6307483))

table 4 : explain SELECT id, c FROM sbtest4 WHERE id BETWEEN 6307383 AND 6307483
	Index Scan using sbtest4_pkey on sbtest4  (cost=0.43..380.33 rows=95 width=125)
	  Index Cond: ((id >= 6307383) AND (id <= 6307483))

table 5 : explain SELECT id, c FROM sbtest5 WHERE id BETWEEN 6307383 AND 6307483
	Index Scan using sbtest5_pkey on sbtest5  (cost=0.43..452.07 rows=113 width=125)
	  Index Cond: ((id >= 6307383) AND (id <= 6307483))

table 6 : explain SELECT id, c FROM sbtest6 WHERE id BETWEEN 6307383 AND 6307483
	Index Scan using sbtest6_pkey on sbtest6  (cost=0.43..403.98 rows=101 width=125)
	  Index Cond: ((id >= 6307383) AND (id <= 6307483))

table 7 : explain SELECT id, c FROM sbtest7 WHERE id BETWEEN 6307383 AND 6307483
	Index Scan using sbtest7_pkey on sbtest7  (cost=0.43..388.47 rows=97 width=125)
	  Index Cond: ((id >= 6307383) AND (id <= 6307483))

table 8 : explain SELECT id, c FROM sbtest8 WHERE id BETWEEN 6307383 AND 6307483
	Index Scan using sbtest8_pkey on sbtest8  (cost=0.43..426.48 rows=107 width=125)
	  Index Cond: ((id >= 6307383) AND (id <= 6307483))

explain: for range-notcovered :: explain SELECT id, c FROM sbtest%d WHERE id BETWEEN 6307383 AND 6307483
for range-notcovered
table 1 : explain SELECT id, c FROM sbtest1 WHERE id BETWEEN 7057860 AND 7057960
	Index Scan using sbtest1_pkey on sbtest1  (cost=0.43..417.82 rows=104 width=125)
	  Index Cond: ((id >= 7057860) AND (id <= 7057960))

table 2 : explain SELECT id, c FROM sbtest2 WHERE id BETWEEN 7057860 AND 7057960
	Index Scan using sbtest2_pkey on sbtest2  (cost=0.43..397.27 rows=99 width=125)
	  Index Cond: ((id >= 7057860) AND (id <= 7057960))

table 3 : explain SELECT id, c FROM sbtest3 WHERE id BETWEEN 7057860 AND 7057960
	Index Scan using sbtest3_pkey on sbtest3  (cost=0.43..404.40 rows=101 width=125)
	  Index Cond: ((id >= 7057860) AND (id <= 7057960))

table 4 : explain SELECT id, c FROM sbtest4 WHERE id BETWEEN 7057860 AND 7057960
	Index Scan using sbtest4_pkey on sbtest4  (cost=0.43..423.86 rows=106 width=125)
	  Index Cond: ((id >= 7057860) AND (id <= 7057960))

table 5 : explain SELECT id, c FROM sbtest5 WHERE id BETWEEN 7057860 AND 7057960
	Index Scan using sbtest5_pkey on sbtest5  (cost=0.43..400.58 rows=100 width=125)
	  Index Cond: ((id >= 7057860) AND (id <= 7057960))

table 6 : explain SELECT id, c FROM sbtest6 WHERE id BETWEEN 7057860 AND 7057960
	Index Scan using sbtest6_pkey on sbtest6  (cost=0.43..380.24 rows=95 width=125)
	  Index Cond: ((id >= 7057860) AND (id <= 7057960))

table 7 : explain SELECT id, c FROM sbtest7 WHERE id BETWEEN 7057860 AND 7057960
	Index Scan using sbtest7_pkey on sbtest7  (cost=0.43..424.10 rows=106 width=125)
	  Index Cond: ((id >= 7057860) AND (id <= 7057960))

table 8 : explain SELECT id, c FROM sbtest8 WHERE id BETWEEN 7057860 AND 7057960
	Index Scan using sbtest8_pkey on sbtest8  (cost=0.43..414.65 rows=104 width=125)
	  Index Cond: ((id >= 7057860) AND (id <= 7057960))

explain: for range-notcovered :: explain SELECT id, c FROM sbtest%d WHERE id BETWEEN 7057860 AND 7057960
for range-notcovered
table 1 : explain SELECT id, c FROM sbtest1 WHERE id BETWEEN 1645906 AND 1646006
	Index Scan using sbtest1_pkey on sbtest1  (cost=0.43..374.09 rows=93 width=125)
	  Index Cond: ((id >= 1645906) AND (id <= 1646006))

table 2 : explain SELECT id, c FROM sbtest2 WHERE id BETWEEN 1645906 AND 1646006
	Index Scan using sbtest2_pkey on sbtest2  (cost=0.43..409.19 rows=102 width=125)
	  Index Cond: ((id >= 1645906) AND (id <= 1646006))

table 3 : explain SELECT id, c FROM sbtest3 WHERE id BETWEEN 1645906 AND 1646006
	Index Scan using sbtest3_pkey on sbtest3  (cost=0.43..400.44 rows=100 width=125)
	  Index Cond: ((id >= 1645906) AND (id <= 1646006))

table 4 : explain SELECT id, c FROM sbtest4 WHERE id BETWEEN 1645906 AND 1646006
	Index Scan using sbtest4_pkey on sbtest4  (cost=0.43..364.51 rows=91 width=125)
	  Index Cond: ((id >= 1645906) AND (id <= 1646006))

table 5 : explain SELECT id, c FROM sbtest5 WHERE id BETWEEN 1645906 AND 1646006
	Index Scan using sbtest5_pkey on sbtest5  (cost=0.43..452.07 rows=113 width=125)
	  Index Cond: ((id >= 1645906) AND (id <= 1646006))

table 6 : explain SELECT id, c FROM sbtest6 WHERE id BETWEEN 1645906 AND 1646006
	Index Scan using sbtest6_pkey on sbtest6  (cost=0.43..380.24 rows=95 width=125)
	  Index Cond: ((id >= 1645906) AND (id <= 1646006))

table 7 : explain SELECT id, c FROM sbtest7 WHERE id BETWEEN 1645906 AND 1646006
	Index Scan using sbtest7_pkey on sbtest7  (cost=0.43..404.31 rows=101 width=125)
	  Index Cond: ((id >= 1645906) AND (id <= 1646006))

table 8 : explain SELECT id, c FROM sbtest8 WHERE id BETWEEN 1645906 AND 1646006
	Index Scan using sbtest8_pkey on sbtest8  (cost=0.43..414.65 rows=104 width=125)
	  Index Cond: ((id >= 1645906) AND (id <= 1646006))

explain: for range-notcovered :: explain SELECT id, c FROM sbtest%d WHERE id BETWEEN 1645906 AND 1646006
for range-notcovered
table 1 : explain SELECT id, c FROM sbtest1 WHERE id BETWEEN 6309518 AND 6309618
	Index Scan using sbtest1_pkey on sbtest1  (cost=0.43..425.77 rows=106 width=125)
	  Index Cond: ((id >= 6309518) AND (id <= 6309618))

table 2 : explain SELECT id, c FROM sbtest2 WHERE id BETWEEN 6309518 AND 6309618
	Index Scan using sbtest2_pkey on sbtest2  (cost=0.43..413.15 rows=103 width=125)
	  Index Cond: ((id >= 6309518) AND (id <= 6309618))

table 3 : explain SELECT id, c FROM sbtest3 WHERE id BETWEEN 6309518 AND 6309618
	Index Scan using sbtest3_pkey on sbtest3  (cost=0.43..384.59 rows=96 width=125)
	  Index Cond: ((id >= 6309518) AND (id <= 6309618))

table 4 : explain SELECT id, c FROM sbtest4 WHERE id BETWEEN 6309518 AND 6309618
	Index Scan using sbtest4_pkey on sbtest4  (cost=0.43..380.33 rows=95 width=125)
	  Index Cond: ((id >= 6309518) AND (id <= 6309618))

table 5 : explain SELECT id, c FROM sbtest5 WHERE id BETWEEN 6309518 AND 6309618
	Index Scan using sbtest5_pkey on sbtest5  (cost=0.43..452.07 rows=113 width=125)
	  Index Cond: ((id >= 6309518) AND (id <= 6309618))

table 6 : explain SELECT id, c FROM sbtest6 WHERE id BETWEEN 6309518 AND 6309618
	Index Scan using sbtest6_pkey on sbtest6  (cost=0.43..403.98 rows=101 width=125)
	  Index Cond: ((id >= 6309518) AND (id <= 6309618))

table 7 : explain SELECT id, c FROM sbtest7 WHERE id BETWEEN 6309518 AND 6309618
	Index Scan using sbtest7_pkey on sbtest7  (cost=0.43..388.47 rows=97 width=125)
	  Index Cond: ((id >= 6309518) AND (id <= 6309618))

table 8 : explain SELECT id, c FROM sbtest8 WHERE id BETWEEN 6309518 AND 6309618
	Index Scan using sbtest8_pkey on sbtest8  (cost=0.43..426.48 rows=107 width=125)
	  Index Cond: ((id >= 6309518) AND (id <= 6309618))

explain: for range-notcovered :: explain SELECT id, c FROM sbtest%d WHERE id BETWEEN 6309518 AND 6309618
for range-notcovered
table 1 : explain SELECT id, c FROM sbtest1 WHERE id BETWEEN 5263101 AND 5263201
	Index Scan using sbtest1_pkey on sbtest1  (cost=0.43..421.79 rows=105 width=125)
	  Index Cond: ((id >= 5263101) AND (id <= 5263201))

table 2 : explain SELECT id, c FROM sbtest2 WHERE id BETWEEN 5263101 AND 5263201
	Index Scan using sbtest2_pkey on sbtest2  (cost=0.43..373.47 rows=93 width=125)
	  Index Cond: ((id >= 5263101) AND (id <= 5263201))

table 3 : explain SELECT id, c FROM sbtest3 WHERE id BETWEEN 5263101 AND 5263201
	Index Scan using sbtest3_pkey on sbtest3  (cost=0.43..412.32 rows=103 width=125)
	  Index Cond: ((id >= 5263101) AND (id <= 5263201))

table 4 : explain SELECT id, c FROM sbtest4 WHERE id BETWEEN 5263101 AND 5263201
	Index Scan using sbtest4_pkey on sbtest4  (cost=0.43..431.78 rows=108 width=125)
	  Index Cond: ((id >= 5263101) AND (id <= 5263201))

table 5 : explain SELECT id, c FROM sbtest5 WHERE id BETWEEN 5263101 AND 5263201
	Index Scan using sbtest5_pkey on sbtest5  (cost=0.43..384.73 rows=96 width=125)
	  Index Cond: ((id >= 5263101) AND (id <= 5263201))

table 6 : explain SELECT id, c FROM sbtest6 WHERE id BETWEEN 5263101 AND 5263201
	Index Scan using sbtest6_pkey on sbtest6  (cost=0.43..423.76 rows=106 width=125)
	  Index Cond: ((id >= 5263101) AND (id <= 5263201))

table 7 : explain SELECT id, c FROM sbtest7 WHERE id BETWEEN 5263101 AND 5263201
	Index Scan using sbtest7_pkey on sbtest7  (cost=0.43..420.14 rows=105 width=125)
	  Index Cond: ((id >= 5263101) AND (id <= 5263201))

table 8 : explain SELECT id, c FROM sbtest8 WHERE id BETWEEN 5263101 AND 5263201
	Index Scan using sbtest8_pkey on sbtest8  (cost=0.43..422.53 rows=106 width=125)
	  Index Cond: ((id >= 5263101) AND (id <= 5263201))

explain: for range-notcovered :: explain SELECT id, c FROM sbtest%d WHERE id BETWEEN 5263101 AND 5263201
for range-notcovered
table 1 : explain SELECT id, c FROM sbtest1 WHERE id BETWEEN 4198139 AND 4198239
	Index Scan using sbtest1_pkey on sbtest1  (cost=0.43..409.87 rows=102 width=125)
	  Index Cond: ((id >= 4198139) AND (id <= 4198239))

table 2 : explain SELECT id, c FROM sbtest2 WHERE id BETWEEN 4198139 AND 4198239
	Index Scan using sbtest2_pkey on sbtest2  (cost=0.43..409.19 rows=102 width=125)
	  Index Cond: ((id >= 4198139) AND (id <= 4198239))

table 3 : explain SELECT id, c FROM sbtest3 WHERE id BETWEEN 4198139 AND 4198239
	Index Scan using sbtest3_pkey on sbtest3  (cost=0.43..420.23 rows=105 width=125)
	  Index Cond: ((id >= 4198139) AND (id <= 4198239))

table 4 : explain SELECT id, c FROM sbtest4 WHERE id BETWEEN 4198139 AND 4198239
	Index Scan using sbtest4_pkey on sbtest4  (cost=0.43..412.00 rows=103 width=125)
	  Index Cond: ((id >= 4198139) AND (id <= 4198239))

table 5 : explain SELECT id, c FROM sbtest5 WHERE id BETWEEN 4198139 AND 4198239
	Index Scan using sbtest5_pkey on sbtest5  (cost=0.43..420.39 rows=105 width=125)
	  Index Cond: ((id >= 4198139) AND (id <= 4198239))

table 6 : explain SELECT id, c FROM sbtest6 WHERE id BETWEEN 4198139 AND 4198239
	Index Scan using sbtest6_pkey on sbtest6  (cost=0.43..403.98 rows=101 width=125)
	  Index Cond: ((id >= 4198139) AND (id <= 4198239))

table 7 : explain SELECT id, c FROM sbtest7 WHERE id BETWEEN 4198139 AND 4198239
	Index Scan using sbtest7_pkey on sbtest7  (cost=0.43..376.58 rows=94 width=125)
	  Index Cond: ((id >= 4198139) AND (id <= 4198239))

table 8 : explain SELECT id, c FROM sbtest8 WHERE id BETWEEN 4198139 AND 4198239
	Index Scan using sbtest8_pkey on sbtest8  (cost=0.43..383.08 rows=96 width=125)
	  Index Cond: ((id >= 4198139) AND (id <= 4198239))

explain: for range-notcovered :: explain SELECT id, c FROM sbtest%d WHERE id BETWEEN 4198139 AND 4198239
for range-notcovered
table 1 : explain SELECT id, c FROM sbtest1 WHERE id BETWEEN 6307383 AND 6307483
	Index Scan using sbtest1_pkey on sbtest1  (cost=0.43..425.77 rows=106 width=125)
	  Index Cond: ((id >= 6307383) AND (id <= 6307483))

table 2 : explain SELECT id, c FROM sbtest2 WHERE id BETWEEN 6307383 AND 6307483
	Index Scan using sbtest2_pkey on sbtest2  (cost=0.43..413.15 rows=103 width=125)
	  Index Cond: ((id >= 6307383) AND (id <= 6307483))

table 3 : explain SELECT id, c FROM sbtest3 WHERE id BETWEEN 6307383 AND 6307483
	Index Scan using sbtest3_pkey on sbtest3  (cost=0.43..384.59 rows=96 width=125)
	  Index Cond: ((id >= 6307383) AND (id <= 6307483))

table 4 : explain SELECT id, c FROM sbtest4 WHERE id BETWEEN 6307383 AND 6307483
	Index Scan using sbtest4_pkey on sbtest4  (cost=0.43..380.33 rows=95 width=125)
	  Index Cond: ((id >= 6307383) AND (id <= 6307483))

table 5 : explain SELECT id, c FROM sbtest5 WHERE id BETWEEN 6307383 AND 6307483
	Index Scan using sbtest5_pkey on sbtest5  (cost=0.43..452.07 rows=113 width=125)
	  Index Cond: ((id >= 6307383) AND (id <= 6307483))

table 6 : explain SELECT id, c FROM sbtest6 WHERE id BETWEEN 6307383 AND 6307483
	Index Scan using sbtest6_pkey on sbtest6  (cost=0.43..403.98 rows=101 width=125)
	  Index Cond: ((id >= 6307383) AND (id <= 6307483))

table 7 : explain SELECT id, c FROM sbtest7 WHERE id BETWEEN 6307383 AND 6307483
	Index Scan using sbtest7_pkey on sbtest7  (cost=0.43..388.47 rows=97 width=125)
	  Index Cond: ((id >= 6307383) AND (id <= 6307483))

table 8 : explain SELECT id, c FROM sbtest8 WHERE id BETWEEN 6307383 AND 6307483
	Index Scan using sbtest8_pkey on sbtest8  (cost=0.43..426.48 rows=107 width=125)
	  Index Cond: ((id >= 6307383) AND (id <= 6307483))

explain: for range-notcovered :: explain SELECT id, c FROM sbtest%d WHERE id BETWEEN 6307383 AND 6307483
for range-notcovered
table 1 : explain SELECT id, c FROM sbtest1 WHERE id BETWEEN 7057860 AND 7057960
	Index Scan using sbtest1_pkey on sbtest1  (cost=0.43..417.82 rows=104 width=125)
	  Index Cond: ((id >= 7057860) AND (id <= 7057960))

table 2 : explain SELECT id, c FROM sbtest2 WHERE id BETWEEN 7057860 AND 7057960
	Index Scan using sbtest2_pkey on sbtest2  (cost=0.43..397.27 rows=99 width=125)
	  Index Cond: ((id >= 7057860) AND (id <= 7057960))

table 3 : explain SELECT id, c FROM sbtest3 WHERE id BETWEEN 7057860 AND 7057960
	Index Scan using sbtest3_pkey on sbtest3  (cost=0.43..404.40 rows=101 width=125)
	  Index Cond: ((id >= 7057860) AND (id <= 7057960))

table 4 : explain SELECT id, c FROM sbtest4 WHERE id BETWEEN 7057860 AND 7057960
	Index Scan using sbtest4_pkey on sbtest4  (cost=0.43..423.86 rows=106 width=125)
	  Index Cond: ((id >= 7057860) AND (id <= 7057960))

table 5 : explain SELECT id, c FROM sbtest5 WHERE id BETWEEN 7057860 AND 7057960
	Index Scan using sbtest5_pkey on sbtest5  (cost=0.43..400.58 rows=100 width=125)
	  Index Cond: ((id >= 7057860) AND (id <= 7057960))

table 6 : explain SELECT id, c FROM sbtest6 WHERE id BETWEEN 7057860 AND 7057960
	Index Scan using sbtest6_pkey on sbtest6  (cost=0.43..380.24 rows=95 width=125)
	  Index Cond: ((id >= 7057860) AND (id <= 7057960))

table 7 : explain SELECT id, c FROM sbtest7 WHERE id BETWEEN 7057860 AND 7057960
	Index Scan using sbtest7_pkey on sbtest7  (cost=0.43..424.10 rows=106 width=125)
	  Index Cond: ((id >= 7057860) AND (id <= 7057960))

table 8 : explain SELECT id, c FROM sbtest8 WHERE id BETWEEN 7057860 AND 7057960
	Index Scan using sbtest8_pkey on sbtest8  (cost=0.43..414.65 rows=104 width=125)
	  Index Cond: ((id >= 7057860) AND (id <= 7057960))

for range-notcovered
table 1 : explain SELECT id, c FROM sbtest1 WHERE id BETWEEN 1645906 AND 1646006
	Index Scan using sbtest1_pkey on sbtest1  (cost=0.43..374.09 rows=93 width=125)
	  Index Cond: ((id >= 1645906) AND (id <= 1646006))

table 2 : explain SELECT id, c FROM sbtest2 WHERE id BETWEEN 1645906 AND 1646006
	Index Scan using sbtest2_pkey on sbtest2  (cost=0.43..409.19 rows=102 width=125)
	  Index Cond: ((id >= 1645906) AND (id <= 1646006))

table 3 : explain SELECT id, c FROM sbtest3 WHERE id BETWEEN 1645906 AND 1646006
	Index Scan using sbtest3_pkey on sbtest3  (cost=0.43..400.44 rows=100 width=125)
	  Index Cond: ((id >= 1645906) AND (id <= 1646006))

table 4 : explain SELECT id, c FROM sbtest4 WHERE id BETWEEN 1645906 AND 1646006
	Index Scan using sbtest4_pkey on sbtest4  (cost=0.43..364.51 rows=91 width=125)
	  Index Cond: ((id >= 1645906) AND (id <= 1646006))

table 5 : explain SELECT id, c FROM sbtest5 WHERE id BETWEEN 1645906 AND 1646006
	Index Scan using sbtest5_pkey on sbtest5  (cost=0.43..452.07 rows=113 width=125)
	  Index Cond: ((id >= 1645906) AND (id <= 1646006))

table 6 : explain SELECT id, c FROM sbtest6 WHERE id BETWEEN 1645906 AND 1646006
	Index Scan using sbtest6_pkey on sbtest6  (cost=0.43..380.24 rows=95 width=125)
	  Index Cond: ((id >= 1645906) AND (id <= 1646006))

table 7 : explain SELECT id, c FROM sbtest7 WHERE id BETWEEN 1645906 AND 1646006
	Index Scan using sbtest7_pkey on sbtest7  (cost=0.43..404.31 rows=101 width=125)
	  Index Cond: ((id >= 1645906) AND (id <= 1646006))

table 8 : explain SELECT id, c FROM sbtest8 WHERE id BETWEEN 1645906 AND 1646006
	Index Scan using sbtest8_pkey on sbtest8  (cost=0.43..414.65 rows=104 width=125)
	  Index Cond: ((id >= 1645906) AND (id <= 1646006))

for range-notcovered
table 1 : explain SELECT id, c FROM sbtest1 WHERE id BETWEEN 6309518 AND 6309618
	Index Scan using sbtest1_pkey on sbtest1  (cost=0.43..425.77 rows=106 width=125)
	  Index Cond: ((id >= 6309518) AND (id <= 6309618))

table 2 : explain SELECT id, c FROM sbtest2 WHERE id BETWEEN 6309518 AND 6309618
	Index Scan using sbtest2_pkey on sbtest2  (cost=0.43..413.15 rows=103 width=125)
	  Index Cond: ((id >= 6309518) AND (id <= 6309618))

table 3 : explain SELECT id, c FROM sbtest3 WHERE id BETWEEN 6309518 AND 6309618
	Index Scan using sbtest3_pkey on sbtest3  (cost=0.43..384.59 rows=96 width=125)
	  Index Cond: ((id >= 6309518) AND (id <= 6309618))

table 4 : explain SELECT id, c FROM sbtest4 WHERE id BETWEEN 6309518 AND 6309618
	Index Scan using sbtest4_pkey on sbtest4  (cost=0.43..380.33 rows=95 width=125)
	  Index Cond: ((id >= 6309518) AND (id <= 6309618))

table 5 : explain SELECT id, c FROM sbtest5 WHERE id BETWEEN 6309518 AND 6309618
	Index Scan using sbtest5_pkey on sbtest5  (cost=0.43..452.07 rows=113 width=125)
	  Index Cond: ((id >= 6309518) AND (id <= 6309618))

table 6 : explain SELECT id, c FROM sbtest6 WHERE id BETWEEN 6309518 AND 6309618
	Index Scan using sbtest6_pkey on sbtest6  (cost=0.43..403.98 rows=101 width=125)
	  Index Cond: ((id >= 6309518) AND (id <= 6309618))

table 7 : explain SELECT id, c FROM sbtest7 WHERE id BETWEEN 6309518 AND 6309618
	Index Scan using sbtest7_pkey on sbtest7  (cost=0.43..388.47 rows=97 width=125)
	  Index Cond: ((id >= 6309518) AND (id <= 6309618))

table 8 : explain SELECT id, c FROM sbtest8 WHERE id BETWEEN 6309518 AND 6309618
	Index Scan using sbtest8_pkey on sbtest8  (cost=0.43..426.48 rows=107 width=125)
	  Index Cond: ((id >= 6309518) AND (id <= 6309618))

explain: for range-notcovered :: explain SELECT id, c FROM sbtest%d WHERE id BETWEEN 6309518 AND 6309618
for range-notcovered
table 1 : explain SELECT id, c FROM sbtest1 WHERE id BETWEEN 5263101 AND 5263201
	Index Scan using sbtest1_pkey on sbtest1  (cost=0.43..421.79 rows=105 width=125)
	  Index Cond: ((id >= 5263101) AND (id <= 5263201))

table 2 : explain SELECT id, c FROM sbtest2 WHERE id BETWEEN 5263101 AND 5263201
	Index Scan using sbtest2_pkey on sbtest2  (cost=0.43..373.47 rows=93 width=125)
	  Index Cond: ((id >= 5263101) AND (id <= 5263201))

table 3 : explain SELECT id, c FROM sbtest3 WHERE id BETWEEN 5263101 AND 5263201
	Index Scan using sbtest3_pkey on sbtest3  (cost=0.43..412.32 rows=103 width=125)
	  Index Cond: ((id >= 5263101) AND (id <= 5263201))

table 4 : explain SELECT id, c FROM sbtest4 WHERE id BETWEEN 5263101 AND 5263201
	Index Scan using sbtest4_pkey on sbtest4  (cost=0.43..431.78 rows=108 width=125)
	  Index Cond: ((id >= 5263101) AND (id <= 5263201))

table 5 : explain SELECT id, c FROM sbtest5 WHERE id BETWEEN 5263101 AND 5263201
	Index Scan using sbtest5_pkey on sbtest5  (cost=0.43..384.73 rows=96 width=125)
	  Index Cond: ((id >= 5263101) AND (id <= 5263201))

table 6 : explain SELECT id, c FROM sbtest6 WHERE id BETWEEN 5263101 AND 5263201
	Index Scan using sbtest6_pkey on sbtest6  (cost=0.43..423.76 rows=106 width=125)
	  Index Cond: ((id >= 5263101) AND (id <= 5263201))

table 7 : explain SELECT id, c FROM sbtest7 WHERE id BETWEEN 5263101 AND 5263201
	Index Scan using sbtest7_pkey on sbtest7  (cost=0.43..420.14 rows=105 width=125)
	  Index Cond: ((id >= 5263101) AND (id <= 5263201))

table 8 : explain SELECT id, c FROM sbtest8 WHERE id BETWEEN 5263101 AND 5263201
	Index Scan using sbtest8_pkey on sbtest8  (cost=0.43..422.53 rows=106 width=125)
	  Index Cond: ((id >= 5263101) AND (id <= 5263201))

explain: for range-notcovered :: explain SELECT id, c FROM sbtest%d WHERE id BETWEEN 5263101 AND 5263201
for range-notcovered
table 1 : explain SELECT id, c FROM sbtest1 WHERE id BETWEEN 4198139 AND 4198239
	Index Scan using sbtest1_pkey on sbtest1  (cost=0.43..409.87 rows=102 width=125)
	  Index Cond: ((id >= 4198139) AND (id <= 4198239))

table 2 : explain SELECT id, c FROM sbtest2 WHERE id BETWEEN 4198139 AND 4198239
	Index Scan using sbtest2_pkey on sbtest2  (cost=0.43..409.19 rows=102 width=125)
	  Index Cond: ((id >= 4198139) AND (id <= 4198239))

table 3 : explain SELECT id, c FROM sbtest3 WHERE id BETWEEN 4198139 AND 4198239
	Index Scan using sbtest3_pkey on sbtest3  (cost=0.43..420.23 rows=105 width=125)
	  Index Cond: ((id >= 4198139) AND (id <= 4198239))

table 4 : explain SELECT id, c FROM sbtest4 WHERE id BETWEEN 4198139 AND 4198239
	Index Scan using sbtest4_pkey on sbtest4  (cost=0.43..412.00 rows=103 width=125)
	  Index Cond: ((id >= 4198139) AND (id <= 4198239))

table 5 : explain SELECT id, c FROM sbtest5 WHERE id BETWEEN 4198139 AND 4198239
	Index Scan using sbtest5_pkey on sbtest5  (cost=0.43..420.39 rows=105 width=125)
	  Index Cond: ((id >= 4198139) AND (id <= 4198239))

table 6 : explain SELECT id, c FROM sbtest6 WHERE id BETWEEN 4198139 AND 4198239
	Index Scan using sbtest6_pkey on sbtest6  (cost=0.43..403.98 rows=101 width=125)
	  Index Cond: ((id >= 4198139) AND (id <= 4198239))

table 7 : explain SELECT id, c FROM sbtest7 WHERE id BETWEEN 4198139 AND 4198239
	Index Scan using sbtest7_pkey on sbtest7  (cost=0.43..376.58 rows=94 width=125)
	  Index Cond: ((id >= 4198139) AND (id <= 4198239))

table 8 : explain SELECT id, c FROM sbtest8 WHERE id BETWEEN 4198139 AND 4198239
	Index Scan using sbtest8_pkey on sbtest8  (cost=0.43..383.08 rows=96 width=125)
	  Index Cond: ((id >= 4198139) AND (id <= 4198239))

explain: for range-notcovered :: explain SELECT id, c FROM sbtest%d WHERE id BETWEEN 4198139 AND 4198239
for range-notcovered
table 1 : explain SELECT id, c FROM sbtest1 WHERE id BETWEEN 6307383 AND 6307483
	Index Scan using sbtest1_pkey on sbtest1  (cost=0.43..425.77 rows=106 width=125)
	  Index Cond: ((id >= 6307383) AND (id <= 6307483))

table 2 : explain SELECT id, c FROM sbtest2 WHERE id BETWEEN 6307383 AND 6307483
	Index Scan using sbtest2_pkey on sbtest2  (cost=0.43..413.15 rows=103 width=125)
	  Index Cond: ((id >= 6307383) AND (id <= 6307483))

table 3 : explain SELECT id, c FROM sbtest3 WHERE id BETWEEN 6307383 AND 6307483
	Index Scan using sbtest3_pkey on sbtest3  (cost=0.43..384.59 rows=96 width=125)
	  Index Cond: ((id >= 6307383) AND (id <= 6307483))

table 4 : explain SELECT id, c FROM sbtest4 WHERE id BETWEEN 6307383 AND 6307483
	Index Scan using sbtest4_pkey on sbtest4  (cost=0.43..380.33 rows=95 width=125)
	  Index Cond: ((id >= 6307383) AND (id <= 6307483))

table 5 : explain SELECT id, c FROM sbtest5 WHERE id BETWEEN 6307383 AND 6307483
	Index Scan using sbtest5_pkey on sbtest5  (cost=0.43..452.07 rows=113 width=125)
	  Index Cond: ((id >= 6307383) AND (id <= 6307483))

table 6 : explain SELECT id, c FROM sbtest6 WHERE id BETWEEN 6307383 AND 6307483
	Index Scan using sbtest6_pkey on sbtest6  (cost=0.43..403.98 rows=101 width=125)
	  Index Cond: ((id >= 6307383) AND (id <= 6307483))

table 7 : explain SELECT id, c FROM sbtest7 WHERE id BETWEEN 6307383 AND 6307483
	Index Scan using sbtest7_pkey on sbtest7  (cost=0.43..388.47 rows=97 width=125)
	  Index Cond: ((id >= 6307383) AND (id <= 6307483))

table 8 : explain SELECT id, c FROM sbtest8 WHERE id BETWEEN 6307383 AND 6307483
	Index Scan using sbtest8_pkey on sbtest8  (cost=0.43..426.48 rows=107 width=125)
	  Index Cond: ((id >= 6307383) AND (id <= 6307483))

for range-notcovered
table 1 : explain SELECT id, c FROM sbtest1 WHERE id BETWEEN 6309518 AND 6309618
	Index Scan using sbtest1_pkey on sbtest1  (cost=0.43..425.77 rows=106 width=125)
	  Index Cond: ((id >= 6309518) AND (id <= 6309618))

table 2 : explain SELECT id, c FROM sbtest2 WHERE id BETWEEN 6309518 AND 6309618
	Index Scan using sbtest2_pkey on sbtest2  (cost=0.43..413.15 rows=103 width=125)
	  Index Cond: ((id >= 6309518) AND (id <= 6309618))

table 3 : explain SELECT id, c FROM sbtest3 WHERE id BETWEEN 6309518 AND 6309618
	Index Scan using sbtest3_pkey on sbtest3  (cost=0.43..384.59 rows=96 width=125)
	  Index Cond: ((id >= 6309518) AND (id <= 6309618))

table 4 : explain SELECT id, c FROM sbtest4 WHERE id BETWEEN 6309518 AND 6309618
	Index Scan using sbtest4_pkey on sbtest4  (cost=0.43..380.33 rows=95 width=125)
	  Index Cond: ((id >= 6309518) AND (id <= 6309618))

table 5 : explain SELECT id, c FROM sbtest5 WHERE id BETWEEN 6309518 AND 6309618
	Index Scan using sbtest5_pkey on sbtest5  (cost=0.43..452.07 rows=113 width=125)
	  Index Cond: ((id >= 6309518) AND (id <= 6309618))

table 6 : explain SELECT id, c FROM sbtest6 WHERE id BETWEEN 6309518 AND 6309618
	Index Scan using sbtest6_pkey on sbtest6  (cost=0.43..403.98 rows=101 width=125)
	  Index Cond: ((id >= 6309518) AND (id <= 6309618))

table 7 : explain SELECT id, c FROM sbtest7 WHERE id BETWEEN 6309518 AND 6309618
	Index Scan using sbtest7_pkey on sbtest7  (cost=0.43..388.47 rows=97 width=125)
	  Index Cond: ((id >= 6309518) AND (id <= 6309618))

table 8 : explain SELECT id, c FROM sbtest8 WHERE id BETWEEN 6309518 AND 6309618
	Index Scan using sbtest8_pkey on sbtest8  (cost=0.43..426.48 rows=107 width=125)
	  Index Cond: ((id >= 6309518) AND (id <= 6309618))

explain: for range-notcovered :: explain SELECT id, c FROM sbtest%d WHERE id BETWEEN 6309518 AND 6309618
for range-notcovered
table 1 : explain SELECT id, c FROM sbtest1 WHERE id BETWEEN 5263101 AND 5263201
	Index Scan using sbtest1_pkey on sbtest1  (cost=0.43..421.79 rows=105 width=125)
	  Index Cond: ((id >= 5263101) AND (id <= 5263201))

table 2 : explain SELECT id, c FROM sbtest2 WHERE id BETWEEN 5263101 AND 5263201
	Index Scan using sbtest2_pkey on sbtest2  (cost=0.43..373.47 rows=93 width=125)
	  Index Cond: ((id >= 5263101) AND (id <= 5263201))

table 3 : explain SELECT id, c FROM sbtest3 WHERE id BETWEEN 5263101 AND 5263201
	Index Scan using sbtest3_pkey on sbtest3  (cost=0.43..412.32 rows=103 width=125)
	  Index Cond: ((id >= 5263101) AND (id <= 5263201))

table 4 : explain SELECT id, c FROM sbtest4 WHERE id BETWEEN 5263101 AND 5263201
	Index Scan using sbtest4_pkey on sbtest4  (cost=0.43..431.78 rows=108 width=125)
	  Index Cond: ((id >= 5263101) AND (id <= 5263201))

table 5 : explain SELECT id, c FROM sbtest5 WHERE id BETWEEN 5263101 AND 5263201
	Index Scan using sbtest5_pkey on sbtest5  (cost=0.43..384.73 rows=96 width=125)
	  Index Cond: ((id >= 5263101) AND (id <= 5263201))

table 6 : explain SELECT id, c FROM sbtest6 WHERE id BETWEEN 5263101 AND 5263201
	Index Scan using sbtest6_pkey on sbtest6  (cost=0.43..423.76 rows=106 width=125)
	  Index Cond: ((id >= 5263101) AND (id <= 5263201))

table 7 : explain SELECT id, c FROM sbtest7 WHERE id BETWEEN 5263101 AND 5263201
	Index Scan using sbtest7_pkey on sbtest7  (cost=0.43..420.14 rows=105 width=125)
	  Index Cond: ((id >= 5263101) AND (id <= 5263201))

table 8 : explain SELECT id, c FROM sbtest8 WHERE id BETWEEN 5263101 AND 5263201
	Index Scan using sbtest8_pkey on sbtest8  (cost=0.43..422.53 rows=106 width=125)
	  Index Cond: ((id >= 5263101) AND (id <= 5263201))

for range-notcovered
table 1 : explain SELECT id, c FROM sbtest1 WHERE id BETWEEN 4198139 AND 4198239
	Index Scan using sbtest1_pkey on sbtest1  (cost=0.43..409.87 rows=102 width=125)
	  Index Cond: ((id >= 4198139) AND (id <= 4198239))

table 2 : explain SELECT id, c FROM sbtest2 WHERE id BETWEEN 4198139 AND 4198239
	Index Scan using sbtest2_pkey on sbtest2  (cost=0.43..409.19 rows=102 width=125)
	  Index Cond: ((id >= 4198139) AND (id <= 4198239))

table 3 : explain SELECT id, c FROM sbtest3 WHERE id BETWEEN 4198139 AND 4198239
	Index Scan using sbtest3_pkey on sbtest3  (cost=0.43..420.23 rows=105 width=125)
	  Index Cond: ((id >= 4198139) AND (id <= 4198239))

table 4 : explain SELECT id, c FROM sbtest4 WHERE id BETWEEN 4198139 AND 4198239
	Index Scan using sbtest4_pkey on sbtest4  (cost=0.43..412.00 rows=103 width=125)
	  Index Cond: ((id >= 4198139) AND (id <= 4198239))

table 5 : explain SELECT id, c FROM sbtest5 WHERE id BETWEEN 4198139 AND 4198239
	Index Scan using sbtest5_pkey on sbtest5  (cost=0.43..420.39 rows=105 width=125)
	  Index Cond: ((id >= 4198139) AND (id <= 4198239))

table 6 : explain SELECT id, c FROM sbtest6 WHERE id BETWEEN 4198139 AND 4198239
	Index Scan using sbtest6_pkey on sbtest6  (cost=0.43..403.98 rows=101 width=125)
	  Index Cond: ((id >= 4198139) AND (id <= 4198239))

table 7 : explain SELECT id, c FROM sbtest7 WHERE id BETWEEN 4198139 AND 4198239
	Index Scan using sbtest7_pkey on sbtest7  (cost=0.43..376.58 rows=94 width=125)
	  Index Cond: ((id >= 4198139) AND (id <= 4198239))

table 8 : explain SELECT id, c FROM sbtest8 WHERE id BETWEEN 4198139 AND 4198239
	Index Scan using sbtest8_pkey on sbtest8  (cost=0.43..383.08 rows=96 width=125)
	  Index Cond: ((id >= 4198139) AND (id <= 4198239))

for range-notcovered
table 1 : explain SELECT id, c FROM sbtest1 WHERE id BETWEEN 903922 AND 904022
	Index Scan using sbtest1_pkey on sbtest1  (cost=0.43..366.14 rows=91 width=125)
	  Index Cond: ((id >= 903922) AND (id <= 904022))

table 2 : explain SELECT id, c FROM sbtest2 WHERE id BETWEEN 903922 AND 904022
	Index Scan using sbtest2_pkey on sbtest2  (cost=0.43..377.44 rows=94 width=125)
	  Index Cond: ((id >= 903922) AND (id <= 904022))

table 3 : explain SELECT id, c FROM sbtest3 WHERE id BETWEEN 903922 AND 904022
	Index Scan using sbtest3_pkey on sbtest3  (cost=0.43..420.23 rows=105 width=125)
	  Index Cond: ((id >= 903922) AND (id <= 904022))

table 4 : explain SELECT id, c FROM sbtest4 WHERE id BETWEEN 903922 AND 904022
	Index Scan using sbtest4_pkey on sbtest4  (cost=0.43..427.82 rows=107 width=125)
	  Index Cond: ((id >= 903922) AND (id <= 904022))

table 5 : explain SELECT id, c FROM sbtest5 WHERE id BETWEEN 903922 AND 904022
	Index Scan using sbtest5_pkey on sbtest5  (cost=0.43..368.89 rows=92 width=125)
	  Index Cond: ((id >= 903922) AND (id <= 904022))

table 6 : explain SELECT id, c FROM sbtest6 WHERE id BETWEEN 903922 AND 904022
	Index Scan using sbtest6_pkey on sbtest6  (cost=0.43..403.98 rows=101 width=125)
	  Index Cond: ((id >= 903922) AND (id <= 904022))

table 7 : explain SELECT id, c FROM sbtest7 WHERE id BETWEEN 903922 AND 904022
	Index Scan using sbtest7_pkey on sbtest7  (cost=0.43..360.75 rows=90 width=125)
	  Index Cond: ((id >= 903922) AND (id <= 904022))

table 8 : explain SELECT id, c FROM sbtest8 WHERE id BETWEEN 903922 AND 904022
	Index Scan using sbtest8_pkey on sbtest8  (cost=0.43..454.08 rows=114 width=125)
	  Index Cond: ((id >= 903922) AND (id <= 904022))

explain: for range-notcovered :: explain SELECT id, c FROM sbtest%d WHERE id BETWEEN 4198139 AND 4198239
explain: for range-notcovered :: explain SELECT id, c FROM sbtest%d WHERE id BETWEEN 903922 AND 904022
for range-notcovered
table 1 : explain SELECT id, c FROM sbtest1 WHERE id BETWEEN 6309518 AND 6309618
	Index Scan using sbtest1_pkey on sbtest1  (cost=0.43..425.77 rows=106 width=125)
	  Index Cond: ((id >= 6309518) AND (id <= 6309618))

table 2 : explain SELECT id, c FROM sbtest2 WHERE id BETWEEN 6309518 AND 6309618
	Index Scan using sbtest2_pkey on sbtest2  (cost=0.43..413.15 rows=103 width=125)
	  Index Cond: ((id >= 6309518) AND (id <= 6309618))

table 3 : explain SELECT id, c FROM sbtest3 WHERE id BETWEEN 6309518 AND 6309618
	Index Scan using sbtest3_pkey on sbtest3  (cost=0.43..384.59 rows=96 width=125)
	  Index Cond: ((id >= 6309518) AND (id <= 6309618))

table 4 : explain SELECT id, c FROM sbtest4 WHERE id BETWEEN 6309518 AND 6309618
	Index Scan using sbtest4_pkey on sbtest4  (cost=0.43..380.33 rows=95 width=125)
	  Index Cond: ((id >= 6309518) AND (id <= 6309618))

table 5 : explain SELECT id, c FROM sbtest5 WHERE id BETWEEN 6309518 AND 6309618
	Index Scan using sbtest5_pkey on sbtest5  (cost=0.43..452.07 rows=113 width=125)
	  Index Cond: ((id >= 6309518) AND (id <= 6309618))

table 6 : explain SELECT id, c FROM sbtest6 WHERE id BETWEEN 6309518 AND 6309618
	Index Scan using sbtest6_pkey on sbtest6  (cost=0.43..403.98 rows=101 width=125)
	  Index Cond: ((id >= 6309518) AND (id <= 6309618))

table 7 : explain SELECT id, c FROM sbtest7 WHERE id BETWEEN 6309518 AND 6309618
	Index Scan using sbtest7_pkey on sbtest7  (cost=0.43..388.47 rows=97 width=125)
	  Index Cond: ((id >= 6309518) AND (id <= 6309618))

table 8 : explain SELECT id, c FROM sbtest8 WHERE id BETWEEN 6309518 AND 6309618
	Index Scan using sbtest8_pkey on sbtest8  (cost=0.43..426.48 rows=107 width=125)
	  Index Cond: ((id >= 6309518) AND (id <= 6309618))

explain: for range-notcovered :: explain SELECT id, c FROM sbtest%d WHERE id BETWEEN 6309518 AND 6309618
for range-notcovered
table 1 : explain SELECT id, c FROM sbtest1 WHERE id BETWEEN 4198139 AND 4198239
	Index Scan using sbtest1_pkey on sbtest1  (cost=0.43..409.87 rows=102 width=125)
	  Index Cond: ((id >= 4198139) AND (id <= 4198239))

table 2 : explain SELECT id, c FROM sbtest2 WHERE id BETWEEN 4198139 AND 4198239
	Index Scan using sbtest2_pkey on sbtest2  (cost=0.43..409.19 rows=102 width=125)
	  Index Cond: ((id >= 4198139) AND (id <= 4198239))

table 3 : explain SELECT id, c FROM sbtest3 WHERE id BETWEEN 4198139 AND 4198239
	Index Scan using sbtest3_pkey on sbtest3  (cost=0.43..420.23 rows=105 width=125)
	  Index Cond: ((id >= 4198139) AND (id <= 4198239))

table 4 : explain SELECT id, c FROM sbtest4 WHERE id BETWEEN 4198139 AND 4198239
	Index Scan using sbtest4_pkey on sbtest4  (cost=0.43..412.00 rows=103 width=125)
	  Index Cond: ((id >= 4198139) AND (id <= 4198239))

table 5 : explain SELECT id, c FROM sbtest5 WHERE id BETWEEN 4198139 AND 4198239
	Index Scan using sbtest5_pkey on sbtest5  (cost=0.43..420.39 rows=105 width=125)
	  Index Cond: ((id >= 4198139) AND (id <= 4198239))

table 6 : explain SELECT id, c FROM sbtest6 WHERE id BETWEEN 4198139 AND 4198239
	Index Scan using sbtest6_pkey on sbtest6  (cost=0.43..403.98 rows=101 width=125)
	  Index Cond: ((id >= 4198139) AND (id <= 4198239))

table 7 : explain SELECT id, c FROM sbtest7 WHERE id BETWEEN 4198139 AND 4198239
	Index Scan using sbtest7_pkey on sbtest7  (cost=0.43..376.58 rows=94 width=125)
	  Index Cond: ((id >= 4198139) AND (id <= 4198239))

table 8 : explain SELECT id, c FROM sbtest8 WHERE id BETWEEN 4198139 AND 4198239
	Index Scan using sbtest8_pkey on sbtest8  (cost=0.43..383.08 rows=96 width=125)
	  Index Cond: ((id >= 4198139) AND (id <= 4198239))

for range-notcovered
table 1 : explain SELECT id, c FROM sbtest1 WHERE id BETWEEN 903922 AND 904022
	Index Scan using sbtest1_pkey on sbtest1  (cost=0.43..366.14 rows=91 width=125)
	  Index Cond: ((id >= 903922) AND (id <= 904022))

table 2 : explain SELECT id, c FROM sbtest2 WHERE id BETWEEN 903922 AND 904022
	Index Scan using sbtest2_pkey on sbtest2  (cost=0.43..377.44 rows=94 width=125)
	  Index Cond: ((id >= 903922) AND (id <= 904022))

table 3 : explain SELECT id, c FROM sbtest3 WHERE id BETWEEN 903922 AND 904022
	Index Scan using sbtest3_pkey on sbtest3  (cost=0.43..420.23 rows=105 width=125)
	  Index Cond: ((id >= 903922) AND (id <= 904022))

table 4 : explain SELECT id, c FROM sbtest4 WHERE id BETWEEN 903922 AND 904022
	Index Scan using sbtest4_pkey on sbtest4  (cost=0.43..427.82 rows=107 width=125)
	  Index Cond: ((id >= 903922) AND (id <= 904022))

table 5 : explain SELECT id, c FROM sbtest5 WHERE id BETWEEN 903922 AND 904022
	Index Scan using sbtest5_pkey on sbtest5  (cost=0.43..368.89 rows=92 width=125)
	  Index Cond: ((id >= 903922) AND (id <= 904022))

table 6 : explain SELECT id, c FROM sbtest6 WHERE id BETWEEN 903922 AND 904022
	Index Scan using sbtest6_pkey on sbtest6  (cost=0.43..403.98 rows=101 width=125)
	  Index Cond: ((id >= 903922) AND (id <= 904022))

table 7 : explain SELECT id, c FROM sbtest7 WHERE id BETWEEN 903922 AND 904022
	Index Scan using sbtest7_pkey on sbtest7  (cost=0.43..360.75 rows=90 width=125)
	  Index Cond: ((id >= 903922) AND (id <= 904022))

table 8 : explain SELECT id, c FROM sbtest8 WHERE id BETWEEN 903922 AND 904022
	Index Scan using sbtest8_pkey on sbtest8  (cost=0.43..454.08 rows=114 width=125)
	  Index Cond: ((id >= 903922) AND (id <= 904022))

explain: for range-notcovered :: explain SELECT id, c FROM sbtest%d WHERE id BETWEEN 4198139 AND 4198239
explain: for range-notcovered :: explain SELECT id, c FROM sbtest%d WHERE id BETWEEN 903922 AND 904022
for range-notcovered
table 1 : explain SELECT id, c FROM sbtest1 WHERE id BETWEEN 6309518 AND 6309618
	Index Scan using sbtest1_pkey on sbtest1  (cost=0.43..425.77 rows=106 width=125)
	  Index Cond: ((id >= 6309518) AND (id <= 6309618))

table 2 : explain SELECT id, c FROM sbtest2 WHERE id BETWEEN 6309518 AND 6309618
	Index Scan using sbtest2_pkey on sbtest2  (cost=0.43..413.15 rows=103 width=125)
	  Index Cond: ((id >= 6309518) AND (id <= 6309618))

table 3 : explain SELECT id, c FROM sbtest3 WHERE id BETWEEN 6309518 AND 6309618
	Index Scan using sbtest3_pkey on sbtest3  (cost=0.43..384.59 rows=96 width=125)
	  Index Cond: ((id >= 6309518) AND (id <= 6309618))

table 4 : explain SELECT id, c FROM sbtest4 WHERE id BETWEEN 6309518 AND 6309618
	Index Scan using sbtest4_pkey on sbtest4  (cost=0.43..380.33 rows=95 width=125)
	  Index Cond: ((id >= 6309518) AND (id <= 6309618))

table 5 : explain SELECT id, c FROM sbtest5 WHERE id BETWEEN 6309518 AND 6309618
	Index Scan using sbtest5_pkey on sbtest5  (cost=0.43..452.07 rows=113 width=125)
	  Index Cond: ((id >= 6309518) AND (id <= 6309618))

table 6 : explain SELECT id, c FROM sbtest6 WHERE id BETWEEN 6309518 AND 6309618
	Index Scan using sbtest6_pkey on sbtest6  (cost=0.43..403.98 rows=101 width=125)
	  Index Cond: ((id >= 6309518) AND (id <= 6309618))

table 7 : explain SELECT id, c FROM sbtest7 WHERE id BETWEEN 6309518 AND 6309618
	Index Scan using sbtest7_pkey on sbtest7  (cost=0.43..388.47 rows=97 width=125)
	  Index Cond: ((id >= 6309518) AND (id <= 6309618))

table 8 : explain SELECT id, c FROM sbtest8 WHERE id BETWEEN 6309518 AND 6309618
	Index Scan using sbtest8_pkey on sbtest8  (cost=0.43..426.48 rows=107 width=125)
	  Index Cond: ((id >= 6309518) AND (id <= 6309618))

explain: for range-notcovered :: explain SELECT id, c FROM sbtest%d WHERE id BETWEEN 6309518 AND 6309618
for range-notcovered
table 1 : explain SELECT id, c FROM sbtest1 WHERE id BETWEEN 4198139 AND 4198239
	Index Scan using sbtest1_pkey on sbtest1  (cost=0.43..409.87 rows=102 width=125)
	  Index Cond: ((id >= 4198139) AND (id <= 4198239))

table 2 : explain SELECT id, c FROM sbtest2 WHERE id BETWEEN 4198139 AND 4198239
	Index Scan using sbtest2_pkey on sbtest2  (cost=0.43..409.19 rows=102 width=125)
	  Index Cond: ((id >= 4198139) AND (id <= 4198239))

table 3 : explain SELECT id, c FROM sbtest3 WHERE id BETWEEN 4198139 AND 4198239
	Index Scan using sbtest3_pkey on sbtest3  (cost=0.43..420.23 rows=105 width=125)
	  Index Cond: ((id >= 4198139) AND (id <= 4198239))

table 4 : explain SELECT id, c FROM sbtest4 WHERE id BETWEEN 4198139 AND 4198239
	Index Scan using sbtest4_pkey on sbtest4  (cost=0.43..412.00 rows=103 width=125)
	  Index Cond: ((id >= 4198139) AND (id <= 4198239))

table 5 : explain SELECT id, c FROM sbtest5 WHERE id BETWEEN 4198139 AND 4198239
	Index Scan using sbtest5_pkey on sbtest5  (cost=0.43..420.39 rows=105 width=125)
	  Index Cond: ((id >= 4198139) AND (id <= 4198239))

table 6 : explain SELECT id, c FROM sbtest6 WHERE id BETWEEN 4198139 AND 4198239
	Index Scan using sbtest6_pkey on sbtest6  (cost=0.43..403.98 rows=101 width=125)
	  Index Cond: ((id >= 4198139) AND (id <= 4198239))

table 7 : explain SELECT id, c FROM sbtest7 WHERE id BETWEEN 4198139 AND 4198239
	Index Scan using sbtest7_pkey on sbtest7  (cost=0.43..376.58 rows=94 width=125)
	  Index Cond: ((id >= 4198139) AND (id <= 4198239))

table 8 : explain SELECT id, c FROM sbtest8 WHERE id BETWEEN 4198139 AND 4198239
	Index Scan using sbtest8_pkey on sbtest8  (cost=0.43..383.08 rows=96 width=125)
	  Index Cond: ((id >= 4198139) AND (id <= 4198239))

for range-notcovered
table 1 : explain SELECT id, c FROM sbtest1 WHERE id BETWEEN 903922 AND 904022
	Index Scan using sbtest1_pkey on sbtest1  (cost=0.43..366.14 rows=91 width=125)
	  Index Cond: ((id >= 903922) AND (id <= 904022))

table 2 : explain SELECT id, c FROM sbtest2 WHERE id BETWEEN 903922 AND 904022
	Index Scan using sbtest2_pkey on sbtest2  (cost=0.43..377.44 rows=94 width=125)
	  Index Cond: ((id >= 903922) AND (id <= 904022))

table 3 : explain SELECT id, c FROM sbtest3 WHERE id BETWEEN 903922 AND 904022
	Index Scan using sbtest3_pkey on sbtest3  (cost=0.43..420.23 rows=105 width=125)
	  Index Cond: ((id >= 903922) AND (id <= 904022))

table 4 : explain SELECT id, c FROM sbtest4 WHERE id BETWEEN 903922 AND 904022
	Index Scan using sbtest4_pkey on sbtest4  (cost=0.43..427.82 rows=107 width=125)
	  Index Cond: ((id >= 903922) AND (id <= 904022))

table 5 : explain SELECT id, c FROM sbtest5 WHERE id BETWEEN 903922 AND 904022
	Index Scan using sbtest5_pkey on sbtest5  (cost=0.43..368.89 rows=92 width=125)
	  Index Cond: ((id >= 903922) AND (id <= 904022))

table 6 : explain SELECT id, c FROM sbtest6 WHERE id BETWEEN 903922 AND 904022
	Index Scan using sbtest6_pkey on sbtest6  (cost=0.43..403.98 rows=101 width=125)
	  Index Cond: ((id >= 903922) AND (id <= 904022))

table 7 : explain SELECT id, c FROM sbtest7 WHERE id BETWEEN 903922 AND 904022
	Index Scan using sbtest7_pkey on sbtest7  (cost=0.43..360.75 rows=90 width=125)
	  Index Cond: ((id >= 903922) AND (id <= 904022))

table 8 : explain SELECT id, c FROM sbtest8 WHERE id BETWEEN 903922 AND 904022
	Index Scan using sbtest8_pkey on sbtest8  (cost=0.43..454.08 rows=114 width=125)
	  Index Cond: ((id >= 903922) AND (id <= 904022))

explain: for range-notcovered :: explain SELECT id, c FROM sbtest%d WHERE id BETWEEN 4198139 AND 4198239
explain: for range-notcovered :: explain SELECT id, c FROM sbtest%d WHERE id BETWEEN 903922 AND 904022
for range-notcovered
table 1 : explain SELECT id, c FROM sbtest1 WHERE id BETWEEN 6309518 AND 6309618
	Index Scan using sbtest1_pkey on sbtest1  (cost=0.43..425.77 rows=106 width=125)
	  Index Cond: ((id >= 6309518) AND (id <= 6309618))

table 2 : explain SELECT id, c FROM sbtest2 WHERE id BETWEEN 6309518 AND 6309618
	Index Scan using sbtest2_pkey on sbtest2  (cost=0.43..413.15 rows=103 width=125)
	  Index Cond: ((id >= 6309518) AND (id <= 6309618))

table 3 : explain SELECT id, c FROM sbtest3 WHERE id BETWEEN 6309518 AND 6309618
	Index Scan using sbtest3_pkey on sbtest3  (cost=0.43..384.59 rows=96 width=125)
	  Index Cond: ((id >= 6309518) AND (id <= 6309618))

table 4 : explain SELECT id, c FROM sbtest4 WHERE id BETWEEN 6309518 AND 6309618
	Index Scan using sbtest4_pkey on sbtest4  (cost=0.43..380.33 rows=95 width=125)
	  Index Cond: ((id >= 6309518) AND (id <= 6309618))

table 5 : explain SELECT id, c FROM sbtest5 WHERE id BETWEEN 6309518 AND 6309618
	Index Scan using sbtest5_pkey on sbtest5  (cost=0.43..452.07 rows=113 width=125)
	  Index Cond: ((id >= 6309518) AND (id <= 6309618))

table 6 : explain SELECT id, c FROM sbtest6 WHERE id BETWEEN 6309518 AND 6309618
	Index Scan using sbtest6_pkey on sbtest6  (cost=0.43..403.98 rows=101 width=125)
	  Index Cond: ((id >= 6309518) AND (id <= 6309618))

table 7 : explain SELECT id, c FROM sbtest7 WHERE id BETWEEN 6309518 AND 6309618
	Index Scan using sbtest7_pkey on sbtest7  (cost=0.43..388.47 rows=97 width=125)
	  Index Cond: ((id >= 6309518) AND (id <= 6309618))

table 8 : explain SELECT id, c FROM sbtest8 WHERE id BETWEEN 6309518 AND 6309618
	Index Scan using sbtest8_pkey on sbtest8  (cost=0.43..426.48 rows=107 width=125)
	  Index Cond: ((id >= 6309518) AND (id <= 6309618))

explain: for range-notcovered :: explain SELECT id, c FROM sbtest%d WHERE id BETWEEN 6309518 AND 6309618
for range-notcovered
table 1 : explain SELECT id, c FROM sbtest1 WHERE id BETWEEN 4198139 AND 4198239
	Index Scan using sbtest1_pkey on sbtest1  (cost=0.43..409.87 rows=102 width=125)
	  Index Cond: ((id >= 4198139) AND (id <= 4198239))

table 2 : explain SELECT id, c FROM sbtest2 WHERE id BETWEEN 4198139 AND 4198239
	Index Scan using sbtest2_pkey on sbtest2  (cost=0.43..409.19 rows=102 width=125)
	  Index Cond: ((id >= 4198139) AND (id <= 4198239))

table 3 : explain SELECT id, c FROM sbtest3 WHERE id BETWEEN 4198139 AND 4198239
	Index Scan using sbtest3_pkey on sbtest3  (cost=0.43..420.23 rows=105 width=125)
	  Index Cond: ((id >= 4198139) AND (id <= 4198239))

table 4 : explain SELECT id, c FROM sbtest4 WHERE id BETWEEN 4198139 AND 4198239
	Index Scan using sbtest4_pkey on sbtest4  (cost=0.43..412.00 rows=103 width=125)
	  Index Cond: ((id >= 4198139) AND (id <= 4198239))

table 5 : explain SELECT id, c FROM sbtest5 WHERE id BETWEEN 4198139 AND 4198239
	Index Scan using sbtest5_pkey on sbtest5  (cost=0.43..420.39 rows=105 width=125)
	  Index Cond: ((id >= 4198139) AND (id <= 4198239))

table 6 : explain SELECT id, c FROM sbtest6 WHERE id BETWEEN 4198139 AND 4198239
	Index Scan using sbtest6_pkey on sbtest6  (cost=0.43..403.98 rows=101 width=125)
	  Index Cond: ((id >= 4198139) AND (id <= 4198239))

table 7 : explain SELECT id, c FROM sbtest7 WHERE id BETWEEN 4198139 AND 4198239
	Index Scan using sbtest7_pkey on sbtest7  (cost=0.43..376.58 rows=94 width=125)
	  Index Cond: ((id >= 4198139) AND (id <= 4198239))

table 8 : explain SELECT id, c FROM sbtest8 WHERE id BETWEEN 4198139 AND 4198239
	Index Scan using sbtest8_pkey on sbtest8  (cost=0.43..383.08 rows=96 width=125)
	  Index Cond: ((id >= 4198139) AND (id <= 4198239))

for range-notcovered
table 1 : explain SELECT id, c FROM sbtest1 WHERE id BETWEEN 903922 AND 904022
	Index Scan using sbtest1_pkey on sbtest1  (cost=0.43..366.14 rows=91 width=125)
	  Index Cond: ((id >= 903922) AND (id <= 904022))

table 2 : explain SELECT id, c FROM sbtest2 WHERE id BETWEEN 903922 AND 904022
	Index Scan using sbtest2_pkey on sbtest2  (cost=0.43..377.44 rows=94 width=125)
	  Index Cond: ((id >= 903922) AND (id <= 904022))

table 3 : explain SELECT id, c FROM sbtest3 WHERE id BETWEEN 903922 AND 904022
	Index Scan using sbtest3_pkey on sbtest3  (cost=0.43..420.23 rows=105 width=125)
	  Index Cond: ((id >= 903922) AND (id <= 904022))

table 4 : explain SELECT id, c FROM sbtest4 WHERE id BETWEEN 903922 AND 904022
	Index Scan using sbtest4_pkey on sbtest4  (cost=0.43..427.82 rows=107 width=125)
	  Index Cond: ((id >= 903922) AND (id <= 904022))

table 5 : explain SELECT id, c FROM sbtest5 WHERE id BETWEEN 903922 AND 904022
	Index Scan using sbtest5_pkey on sbtest5  (cost=0.43..368.89 rows=92 width=125)
	  Index Cond: ((id >= 903922) AND (id <= 904022))

table 6 : explain SELECT id, c FROM sbtest6 WHERE id BETWEEN 903922 AND 904022
	Index Scan using sbtest6_pkey on sbtest6  (cost=0.43..403.98 rows=101 width=125)
	  Index Cond: ((id >= 903922) AND (id <= 904022))

table 7 : explain SELECT id, c FROM sbtest7 WHERE id BETWEEN 903922 AND 904022
	Index Scan using sbtest7_pkey on sbtest7  (cost=0.43..360.75 rows=90 width=125)
	  Index Cond: ((id >= 903922) AND (id <= 904022))

table 8 : explain SELECT id, c FROM sbtest8 WHERE id BETWEEN 903922 AND 904022
	Index Scan using sbtest8_pkey on sbtest8  (cost=0.43..454.08 rows=114 width=125)
	  Index Cond: ((id >= 903922) AND (id <= 904022))

for range-notcovered
table 1 : explain SELECT id, c FROM sbtest1 WHERE id BETWEEN 6309518 AND 6309618
	Index Scan using sbtest1_pkey on sbtest1  (cost=0.43..425.77 rows=106 width=125)
	  Index Cond: ((id >= 6309518) AND (id <= 6309618))

table 2 : explain SELECT id, c FROM sbtest2 WHERE id BETWEEN 6309518 AND 6309618
	Index Scan using sbtest2_pkey on sbtest2  (cost=0.43..413.15 rows=103 width=125)
	  Index Cond: ((id >= 6309518) AND (id <= 6309618))

table 3 : explain SELECT id, c FROM sbtest3 WHERE id BETWEEN 6309518 AND 6309618
	Index Scan using sbtest3_pkey on sbtest3  (cost=0.43..384.59 rows=96 width=125)
	  Index Cond: ((id >= 6309518) AND (id <= 6309618))

table 4 : explain SELECT id, c FROM sbtest4 WHERE id BETWEEN 6309518 AND 6309618
	Index Scan using sbtest4_pkey on sbtest4  (cost=0.43..380.33 rows=95 width=125)
	  Index Cond: ((id >= 6309518) AND (id <= 6309618))

table 5 : explain SELECT id, c FROM sbtest5 WHERE id BETWEEN 6309518 AND 6309618
	Index Scan using sbtest5_pkey on sbtest5  (cost=0.43..452.07 rows=113 width=125)
	  Index Cond: ((id >= 6309518) AND (id <= 6309618))

table 6 : explain SELECT id, c FROM sbtest6 WHERE id BETWEEN 6309518 AND 6309618
	Index Scan using sbtest6_pkey on sbtest6  (cost=0.43..403.98 rows=101 width=125)
	  Index Cond: ((id >= 6309518) AND (id <= 6309618))

table 7 : explain SELECT id, c FROM sbtest7 WHERE id BETWEEN 6309518 AND 6309618
	Index Scan using sbtest7_pkey on sbtest7  (cost=0.43..388.47 rows=97 width=125)
	  Index Cond: ((id >= 6309518) AND (id <= 6309618))

table 8 : explain SELECT id, c FROM sbtest8 WHERE id BETWEEN 6309518 AND 6309618
	Index Scan using sbtest8_pkey on sbtest8  (cost=0.43..426.48 rows=107 width=125)
	  Index Cond: ((id >= 6309518) AND (id <= 6309618))

for range-notcovered
table 1 : explain SELECT id, c FROM sbtest1 WHERE id BETWEEN 5586001 AND 5586101
	Index Scan using sbtest1_pkey on sbtest1  (cost=0.43..382.04 rows=95 width=125)
	  Index Cond: ((id >= 5586001) AND (id <= 5586101))

table 2 : explain SELECT id, c FROM sbtest2 WHERE id BETWEEN 5586001 AND 5586101
	Index Scan using sbtest2_pkey on sbtest2  (cost=0.43..417.12 rows=104 width=125)
	  Index Cond: ((id >= 5586001) AND (id <= 5586101))

table 3 : explain SELECT id, c FROM sbtest3 WHERE id BETWEEN 5586001 AND 5586101
	Index Scan using sbtest3_pkey on sbtest3  (cost=0.43..420.23 rows=105 width=125)
	  Index Cond: ((id >= 5586001) AND (id <= 5586101))

table 4 : explain SELECT id, c FROM sbtest4 WHERE id BETWEEN 5586001 AND 5586101
	Index Scan using sbtest4_pkey on sbtest4  (cost=0.43..412.00 rows=103 width=125)
	  Index Cond: ((id >= 5586001) AND (id <= 5586101))

table 5 : explain SELECT id, c FROM sbtest5 WHERE id BETWEEN 5586001 AND 5586101
	Index Scan using sbtest5_pkey on sbtest5  (cost=0.43..412.47 rows=103 width=125)
	  Index Cond: ((id >= 5586001) AND (id <= 5586101))

table 6 : explain SELECT id, c FROM sbtest6 WHERE id BETWEEN 5586001 AND 5586101
	Index Scan using sbtest6_pkey on sbtest6  (cost=0.43..411.89 rows=103 width=125)
	  Index Cond: ((id >= 5586001) AND (id <= 5586101))

table 7 : explain SELECT id, c FROM sbtest7 WHERE id BETWEEN 5586001 AND 5586101
	Index Scan using sbtest7_pkey on sbtest7  (cost=0.43..416.18 rows=104 width=125)
	  Index Cond: ((id >= 5586001) AND (id <= 5586101))

table 8 : explain SELECT id, c FROM sbtest8 WHERE id BETWEEN 5586001 AND 5586101
	Index Scan using sbtest8_pkey on sbtest8  (cost=0.43..390.99 rows=98 width=125)
	  Index Cond: ((id >= 5586001) AND (id <= 5586101))

for range-notcovered
table 1 : explain SELECT id, c FROM sbtest1 WHERE id BETWEEN 6354377 AND 6354477
	Index Scan using sbtest1_pkey on sbtest1  (cost=0.43..405.90 rows=101 width=125)
	  Index Cond: ((id >= 6354377) AND (id <= 6354477))

table 2 : explain SELECT id, c FROM sbtest2 WHERE id BETWEEN 6354377 AND 6354477
	Index Scan using sbtest2_pkey on sbtest2  (cost=0.43..413.15 rows=103 width=125)
	  Index Cond: ((id >= 6354377) AND (id <= 6354477))

table 3 : explain SELECT id, c FROM sbtest3 WHERE id BETWEEN 6354377 AND 6354477
	Index Scan using sbtest3_pkey on sbtest3  (cost=0.43..384.59 rows=96 width=125)
	  Index Cond: ((id >= 6354377) AND (id <= 6354477))

table 4 : explain SELECT id, c FROM sbtest4 WHERE id BETWEEN 6354377 AND 6354477
	Index Scan using sbtest4_pkey on sbtest4  (cost=0.43..396.17 rows=99 width=125)
	  Index Cond: ((id >= 6354377) AND (id <= 6354477))

table 5 : explain SELECT id, c FROM sbtest5 WHERE id BETWEEN 6354377 AND 6354477
	Index Scan using sbtest5_pkey on sbtest5  (cost=0.43..388.69 rows=97 width=125)
	  Index Cond: ((id >= 6354377) AND (id <= 6354477))

table 6 : explain SELECT id, c FROM sbtest6 WHERE id BETWEEN 6354377 AND 6354477
	Index Scan using sbtest6_pkey on sbtest6  (cost=0.43..403.98 rows=101 width=125)
	  Index Cond: ((id >= 6354377) AND (id <= 6354477))

table 7 : explain SELECT id, c FROM sbtest7 WHERE id BETWEEN 6354377 AND 6354477
	Index Scan using sbtest7_pkey on sbtest7  (cost=0.43..372.63 rows=93 width=125)
	  Index Cond: ((id >= 6354377) AND (id <= 6354477))

table 8 : explain SELECT id, c FROM sbtest8 WHERE id BETWEEN 6354377 AND 6354477
	Index Scan using sbtest8_pkey on sbtest8  (cost=0.43..426.48 rows=107 width=125)
	  Index Cond: ((id >= 6354377) AND (id <= 6354477))

Threads started!

Warming up for 5 seconds...

SQL statistics:
    queries performed:
        read:                            118961494
        write:                           0
        other:                           0
        total:                           118961494
    transactions:                        118961494 (188825.87 per sec.)
    queries:                             118961494 (188825.87 per sec.)
    ignored errors:                      0      (0.00 per sec.)
    reconnects:                          0      (0.00 per sec.)

Throughput:
    events/s (eps):                      188825.8724
    time elapsed:                        630.0064s
    total number of events:              118961494

Latency (ms):
         min:                                    0.07
         avg:                                    0.21
         max:                                    8.40
         95th percentile:                        0.23
         sum:                             25150155.79

Threads fairness:
    events (avg/stddev):           2974033.1000/8710.42
    execution time (avg/stddev):   628.7539/0.03

