LUA_PATH=/home/mdcallag/git/mytools/bench/sysbench.lua/lua/?.lua /home/mdcallag/git/mytools/bench/sysbench.lua/lua/sysbench --db-driver=pgsql --range-size=1000 --table-size=10000000 --tables=8 --threads=40 --events=0 --warmup-time=5 --time=630 --pgsql_conn_id=true /home/mdcallag/git/mytools/bench/sysbench.lua/lua/oltp_read_only.lua run --pgsql-user=root --pgsql-password=pw --pgsql-host=127.0.0.1 --pgsql-db=ib --rand-type=uniform --simple-ranges=0 --sum-ranges=1 --order-ranges=0 --distinct-ranges=0
48 CPUs
sysbench 1.1.0-9072687 (using bundled LuaJIT 2.1.0-beta3)

Running the test with following options:
Number of threads: 40
Warmup time: 5s
Initializing random number generator from current time


Initializing worker threads...

explain: for point_selects :: explain SELECT c FROM sbtest%u WHERE id=%u
explain: for point_selects :: explain SELECT c FROM sbtest%u WHERE id=%u
explain: for point_selects :: explain SELECT c FROM sbtest%u WHERE id=%u
explain: for point_selects :: explain SELECT c FROM sbtest%u WHERE id=%u
explain: for point_selects :: explain SELECT c FROM sbtest%u WHERE id=%u
explain: for point_selects :: explain SELECT c FROM sbtest%u WHERE id=%u
for point_selects
table 1 : explain SELECT c FROM sbtest1 WHERE id=6370098
	Index Scan using sbtest1_pkey on sbtest1  (cost=0.43..8.45 rows=1 width=121)
	  Index Cond: (id = 6370098)

table 2 : explain SELECT c FROM sbtest2 WHERE id=1180298
	Index Scan using sbtest2_pkey on sbtest2  (cost=0.43..8.45 rows=1 width=121)
	  Index Cond: (id = 1180298)

table 3 : explain SELECT c FROM sbtest3 WHERE id=7250429
	Index Scan using sbtest3_pkey on sbtest3  (cost=0.43..8.45 rows=1 width=121)
	  Index Cond: (id = 7250429)

table 4 : explain SELECT c FROM sbtest4 WHERE id=3113037
	Index Scan using sbtest4_pkey on sbtest4  (cost=0.43..8.45 rows=1 width=121)
	  Index Cond: (id = 3113037)

table 5 : explain SELECT c FROM sbtest5 WHERE id=9664041
	Index Scan using sbtest5_pkey on sbtest5  (cost=0.43..8.45 rows=1 width=121)
	  Index Cond: (id = 9664041)

table 6 : explain SELECT c FROM sbtest6 WHERE id=318885
	Index Scan using sbtest6_pkey on sbtest6  (cost=0.43..8.45 rows=1 width=121)
	  Index Cond: (id = 318885)

table 7 : explain SELECT c FROM sbtest7 WHERE id=6098569
	Index Scan using sbtest7_pkey on sbtest7  (cost=0.43..8.45 rows=1 width=121)
	  Index Cond: (id = 6098569)

table 8 : explain SELECT c FROM sbtest8 WHERE id=3319320
	Index Scan using sbtest8_pkey on sbtest8  (cost=0.43..8.45 rows=1 width=121)
	  Index Cond: (id = 3319320)

for point_selects
table 1 : explain SELECT c FROM sbtest1 WHERE id=6011997
	Index Scan using sbtest1_pkey on sbtest1  (cost=0.43..8.45 rows=1 width=121)
	  Index Cond: (id = 6011997)

table 2 : explain SELECT c FROM sbtest2 WHERE id=7500790
	Index Scan using sbtest2_pkey on sbtest2  (cost=0.43..8.45 rows=1 width=121)
	  Index Cond: (id = 7500790)

table 3 : explain SELECT c FROM sbtest3 WHERE id=9708346
	Index Scan using sbtest3_pkey on sbtest3  (cost=0.43..8.45 rows=1 width=121)
	  Index Cond: (id = 9708346)

table 4 : explain SELECT c FROM sbtest4 WHERE id=9854516
	Index Scan using sbtest4_pkey on sbtest4  (cost=0.43..8.45 rows=1 width=121)
	  Index Cond: (id = 9854516)

table 5 : explain SELECT c FROM sbtest5 WHERE id=808480
	Index Scan using sbtest5_pkey on sbtest5  (cost=0.43..8.45 rows=1 width=121)
	  Index Cond: (id = 808480)

table 6 : explain SELECT c FROM sbtest6 WHERE id=1468188
	Index Scan using sbtest6_pkey on sbtest6  (cost=0.43..8.45 rows=1 width=121)
	  Index Cond: (id = 1468188)

table 7 : explain SELECT c FROM sbtest7 WHERE id=2351402
	Index Scan using sbtest7_pkey on sbtest7  (cost=0.43..8.45 rows=1 width=121)
	  Index Cond: (id = 2351402)

table 8 : explain SELECT c FROM sbtest8 WHERE id=3029954
	Index Scan using sbtest8_pkey on sbtest8  (cost=0.43..8.45 rows=1 width=121)
	  Index Cond: (id = 3029954)
for point_selects
table 1 : explain SELECT c FROM sbtest1 WHERE id=8666091
	Index Scan using sbtest1_pkey on sbtest1  (cost=0.43..8.45 rows=1 width=121)
	  Index Cond: (id = 8666091)

table 2 : explain SELECT c FROM sbtest2 WHERE id=1415502
	Index Scan using sbtest2_pkey on sbtest2  (cost=0.43..8.45 rows=1 width=121)
	  Index Cond: (id = 1415502)

table 3 : explain SELECT c FROM sbtest3 WHERE id=9687303
	Index Scan using sbtest3_pkey on sbtest3  (cost=0.43..8.45 rows=1 width=121)
	  Index Cond: (id = 9687303)

table 4 : explain SELECT c FROM sbtest4 WHERE id=5806907
	Index Scan using sbtest4_pkey on sbtest4  (cost=0.43..8.45 rows=1 width=121)
	  Index Cond: (id = 5806907)

table 5 : explain SELECT c FROM sbtest5 WHERE id=6118751
	Index Scan using sbtest5_pkey on sbtest5  (cost=0.43..8.45 rows=1 width=121)
	  Index Cond: (id = 6118751)

table 6 : explain SELECT c FROM sbtest6 WHERE id=6468147
	Index Scan using sbtest6_pkey on sbtest6  (cost=0.43..8.45 rows=1 width=121)
	  Index Cond: (id = 6468147)

table 7 : explain SELECT c FROM sbtest7 WHERE id=4463657
	Index Scan using sbtest7_pkey on sbtest7  (cost=0.43..8.45 rows=1 width=121)
	  Index Cond: (id = 4463657)

table 8 : explain SELECT c FROM sbtest8 WHERE id=3403943
	Index Scan using sbtest8_pkey on sbtest8  (cost=0.43..8.45 rows=1 width=121)
	  Index Cond: (id = 3403943)


for point_selects
table 1 : explain SELECT c FROM sbtest1 WHERE id=2433867
	Index Scan using sbtest1_pkey on sbtest1  (cost=0.43..8.45 rows=1 width=121)
	  Index Cond: (id = 2433867)

table 2 : explain SELECT c FROM sbtest2 WHERE id=9424215
	Index Scan using sbtest2_pkey on sbtest2  (cost=0.43..8.45 rows=1 width=121)
	  Index Cond: (id = 9424215)

table 3 : explain SELECT c FROM sbtest3 WHERE id=6817648
	Index Scan using sbtest3_pkey on sbtest3  (cost=0.43..8.45 rows=1 width=121)
	  Index Cond: (id = 6817648)

table 4 : explain SELECT c FROM sbtest4 WHERE id=5385484
	Index Scan using sbtest4_pkey on sbtest4  (cost=0.43..8.45 rows=1 width=121)
	  Index Cond: (id = 5385484)

table 5 : explain SELECT c FROM sbtest5 WHERE id=754886
	Index Scan using sbtest5_pkey on sbtest5  (cost=0.43..8.45 rows=1 width=121)
	  Index Cond: (id = 754886)

table 6 : explain SELECT c FROM sbtest6 WHERE id=8001756
	Index Scan using sbtest6_pkey on sbtest6  (cost=0.43..8.45 rows=1 width=121)
	  Index Cond: (id = 8001756)

table 7 : explain SELECT c FROM sbtest7 WHERE id=3527131
	Index Scan using sbtest7_pkey on sbtest7  (cost=0.43..8.45 rows=1 width=121)
	  Index Cond: (id = 3527131)

table 8 : explain SELECT c FROM sbtest8 WHERE id=63708
	Index Scan using sbtest8_pkey on sbtest8  (cost=0.43..8.45 rows=1 width=121)
	  Index Cond: (id = 63708)

for point_selects
table 1 : explain SELECT c FROM sbtest1 WHERE id=9006855
	Index Scan using sbtest1_pkey on sbtest1  (cost=0.43..8.45 rows=1 width=121)
	  Index Cond: (id = 9006855)

table 2 : explain SELECT c FROM sbtest2 WHERE id=6200643
	Index Scan using sbtest2_pkey on sbtest2  (cost=0.43..8.45 rows=1 width=121)
	  Index Cond: (id = 6200643)

table 3 : explain SELECT c FROM sbtest3 WHERE id=1923221
	Index Scan using sbtest3_pkey on sbtest3  (cost=0.43..8.45 rows=1 width=121)
	  Index Cond: (id = 1923221)

table 4 : explain SELECT c FROM sbtest4 WHERE id=7269109
	Index Scan using sbtest4_pkey on sbtest4  (cost=0.43..8.45 rows=1 width=121)
	  Index Cond: (id = 7269109)

table 5 : explain SELECT c FROM sbtest5 WHERE id=3654881
	Index Scan using sbtest5_pkey on sbtest5  (cost=0.43..8.45 rows=1 width=121)
	  Index Cond: (id = 3654881)

table 6 : explain SELECT c FROM sbtest6 WHERE id=7170387
	Index Scan using sbtest6_pkey on sbtest6  (cost=0.43..8.45 rows=1 width=121)
	  Index Cond: (id = 7170387)

table 7 : explain SELECT c FROM sbtest7 WHERE id=4796113
	Index Scan using sbtest7_pkey on sbtest7  (cost=0.43..8.45 rows=1 width=121)
	  Index Cond: (id = 4796113)

table 8 : explain SELECT c FROM sbtest8 WHERE id=5884746
	Index Scan using sbtest8_pkey on sbtest8  (cost=0.43..8.45 rows=1 width=121)
	  Index Cond: (id = 5884746)

for point_selects
table 1 : explain SELECT c FROM sbtest1 WHERE id=3192220
	Index Scan using sbtest1_pkey on sbtest1  (cost=0.43..8.45 rows=1 width=121)
	  Index Cond: (id = 3192220)

table 2 : explain SELECT c FROM sbtest2 WHERE id=1077040
	Index Scan using sbtest2_pkey on sbtest2  (cost=0.43..8.45 rows=1 width=121)
	  Index Cond: (id = 1077040)

table 3 : explain SELECT c FROM sbtest3 WHERE id=4708642
	Index Scan using sbtest3_pkey on sbtest3  (cost=0.43..8.45 rows=1 width=121)
	  Index Cond: (id = 4708642)

table 4 : explain SELECT c FROM sbtest4 WHERE id=3302898
	Index Scan using sbtest4_pkey on sbtest4  (cost=0.43..8.45 rows=1 width=121)
	  Index Cond: (id = 3302898)

table 5 : explain SELECT c FROM sbtest5 WHERE id=3657806
	Index Scan using sbtest5_pkey on sbtest5  (cost=0.43..8.45 rows=1 width=121)
	  Index Cond: (id = 3657806)

table 6 : explain SELECT c FROM sbtest6 WHERE id=5048035
	Index Scan using sbtest6_pkey on sbtest6  (cost=0.43..8.45 rows=1 width=121)
	  Index Cond: (id = 5048035)

table 7 : explain SELECT c FROM sbtest7 WHERE id=8652211
	Index Scan using sbtest7_pkey on sbtest7  (cost=0.43..8.45 rows=1 width=121)
	  Index Cond: (id = 8652211)

table 8 : explain SELECT c FROM sbtest8 WHERE id=5693266
	Index Scan using sbtest8_pkey on sbtest8  (cost=0.43..8.45 rows=1 width=121)
	  Index Cond: (id = 5693266)

for: simple_ranges
table 1 : explain SELECT c FROM sbtest1 WHERE id BETWEEN 3663520 AND 3664519
	Bitmap Heap Scan on sbtest1  (cost=22.55..3811.03 rows=987 width=121)
	  Recheck Cond: ((id >= 3663520) AND (id <= 3664519))
	  ->  Bitmap Index Scan on sbtest1_pkey  (cost=0.00..22.30 rows=987 width=0)
	        Index Cond: ((id >= 3663520) AND (id <= 3664519))

table 2 : explain SELECT c FROM sbtest2 WHERE id BETWEEN 502371 AND 503370
	Bitmap Heap Scan on sbtest2  (cost=28.21..4421.18 rows=1149 width=121)
	  Recheck Cond: ((id >= 502371) AND (id <= 503370))
	  ->  Bitmap Index Scan on sbtest2_pkey  (cost=0.00..27.93 rows=1149 width=0)
	        Index Cond: ((id >= 502371) AND (id <= 503370))

table 3 : explain SELECT c FROM sbtest3 WHERE id BETWEEN 5416412 AND 5417411
	Bitmap Heap Scan on sbtest3  (cost=23.32..4094.53 rows=1062 width=121)
	  Recheck Cond: ((id >= 5416412) AND (id <= 5417411))
	  ->  Bitmap Index Scan on sbtest3_pkey  (cost=0.00..23.05 rows=1062 width=0)
	        Index Cond: ((id >= 5416412) AND (id <= 5417411))

table 4 : explain SELECT c FROM sbtest4 WHERE id BETWEEN 6926819 AND 6927818
	Bitmap Heap Scan on sbtest4  (cost=22.18..3677.56 rows=951 width=121)
	  Recheck Cond: ((id >= 6926819) AND (id <= 6927818))
	  ->  Bitmap Index Scan on sbtest4_pkey  (cost=0.00..21.94 rows=951 width=0)
	        Index Cond: ((id >= 6926819) AND (id <= 6927818))

table 5 : explain SELECT c FROM sbtest5 WHERE id BETWEEN 3283264 AND 3284263
	Bitmap Heap Scan on sbtest5  (cost=22.56..3817.22 rows=988 width=121)
	  Recheck Cond: ((id >= 3283264) AND (id <= 3284263))
	  ->  Bitmap Index Scan on sbtest5_pkey  (cost=0.00..22.32 rows=988 width=0)
	        Index Cond: ((id >= 3283264) AND (id <= 3284263))

table 6 : explain SELECT c FROM sbtest6 WHERE id BETWEEN 7514327 AND 7515326
	Bitmap Heap Scan on sbtest6  (cost=23.16..4035.66 rows=1046 width=121)
	  Recheck Cond: ((id >= 7514327) AND (id <= 7515326))
	  ->  Bitmap Index Scan on sbtest6_pkey  (cost=0.00..22.89 rows=1046 width=0)
	        Index Cond: ((id >= 7514327) AND (id <= 7515326))

table 7 : explain SELECT c FROM sbtest7 WHERE id BETWEEN 803838 AND 804837
	Bitmap Heap Scan on sbtest7  (cost=22.83..3916.38 rows=1014 width=121)
	  Recheck Cond: ((id >= 803838) AND (id <= 804837))
	  ->  Bitmap Index Scan on sbtest7_pkey  (cost=0.00..22.57 rows=1014 width=0)
	        Index Cond: ((id >= 803838) AND (id <= 804837))

table 8 : explain SELECT c FROM sbtest8 WHERE id BETWEEN 2716920 AND 2717919
	Bitmap Heap Scan on sbtest8  (cost=27.55..4183.75 rows=1084 width=121)
	  Recheck Cond: ((id >= 2716920) AND (id <= 2717919))
	  ->  Bitmap Index Scan on sbtest8_pkey  (cost=0.00..27.27 rows=1084 width=0)
	        Index Cond: ((id >= 2716920) AND (id <= 2717919))

for: simple_ranges
table 1 : explain SELECT c FROM sbtest1 WHERE id BETWEEN 120638 AND 121637
	Bitmap Heap Scan on sbtest1  (cost=22.16..3667.82 rows=949 width=121)
	  Recheck Cond: ((id >= 120638) AND (id <= 121637))
	  ->  Bitmap Index Scan on sbtest1_pkey  (cost=0.00..21.93 rows=949 width=0)
	        Index Cond: ((id >= 120638) AND (id <= 121637))

table 2 : explain SELECT c FROM sbtest2 WHERE id BETWEEN 4635618 AND 4636617
	Bitmap Heap Scan on sbtest2  (cost=23.49..4158.28 rows=1079 width=121)
	  Recheck Cond: ((id >= 4635618) AND (id <= 4636617))
	  ->  Bitmap Index Scan on sbtest2_pkey  (cost=0.00..23.22 rows=1079 width=0)
	        Index Cond: ((id >= 4635618) AND (id <= 4636617))

table 3 : explain SELECT c FROM sbtest3 WHERE id BETWEEN 3650517 AND 3651516
	Bitmap Heap Scan on sbtest3  (cost=23.40..4124.60 rows=1070 width=121)
	  Recheck Cond: ((id >= 3650517) AND (id <= 3651516))
	  ->  Bitmap Index Scan on sbtest3_pkey  (cost=0.00..23.14 rows=1070 width=0)
	        Index Cond: ((id >= 3650517) AND (id <= 3651516))

table 4 : explain SELECT c FROM sbtest4 WHERE id BETWEEN 942454 AND 943453
	Bitmap Heap Scan on sbtest4  (cost=22.71..3869.88 rows=1002 width=121)
	  Recheck Cond: ((id >= 942454) AND (id <= 943453))
	  ->  Bitmap Index Scan on sbtest4_pkey  (cost=0.00..22.45 rows=1002 width=0)
	        Index Cond: ((id >= 942454) AND (id <= 943453))

table 5 : explain SELECT c FROM sbtest5 WHERE id BETWEEN 7367572 AND 7368571
	Bitmap Heap Scan on sbtest5  (cost=27.61..4205.06 rows=1090 width=121)
	  Recheck Cond: ((id >= 7367572) AND (id <= 7368571))
	  ->  Bitmap Index Scan on sbtest5_pkey  (cost=0.00..27.33 rows=1090 width=0)
	        Index Cond: ((id >= 7367572) AND (id <= 7368571))

table 6 : explain SELECT c FROM sbtest6 WHERE id BETWEEN 8942349 AND 8943348
	Bitmap Heap Scan on sbtest6  (cost=22.75..3885.07 rows=1006 width=121)
	  Recheck Cond: ((id >= 8942349) AND (id <= 8943348))
	  ->  Bitmap Index Scan on sbtest6_pkey  (cost=0.00..22.50 rows=1006 width=0)
	        Index Cond: ((id >= 8942349) AND (id <= 8943348))

table 7 : explain SELECT c FROM sbtest7 WHERE id BETWEEN 1056102 AND 1057101
	Bitmap Heap Scan on sbtest7  (cost=22.26..3708.94 rows=959 width=121)
	  Recheck Cond: ((id >= 1056102) AND (id <= 1057101))
	  ->  Bitmap Index Scan on sbtest7_pkey  (cost=0.00..22.02 rows=959 width=0)
	        Index Cond: ((id >= 1056102) AND (id <= 1057101))

table 8 : explain SELECT c FROM sbtest8 WHERE id BETWEEN 6455071 AND 6456070
	Bitmap Heap Scan on sbtest8  (cost=22.47..3784.34 rows=979 width=121)
	  Recheck Cond: ((id >= 6455071) AND (id <= 6456070))
	  ->  Bitmap Index Scan on sbtest8_pkey  (cost=0.00..22.22 rows=979 width=0)
	        Index Cond: ((id >= 6455071) AND (id <= 6456070))

for: simple_ranges
table 1 : explain SELECT c FROM sbtest1 WHERE id BETWEEN 7881705 AND 7882704
	Bitmap Heap Scan on sbtest1  (cost=22.19..3679.14 rows=952 width=121)
	  Recheck Cond: ((id >= 7881705) AND (id <= 7882704))
	  ->  Bitmap Index Scan on sbtest1_pkey  (cost=0.00..21.95 rows=952 width=0)
	        Index Cond: ((id >= 7881705) AND (id <= 7882704))

table 2 : explain SELECT c FROM sbtest2 WHERE id BETWEEN 2927331 AND 2928330
	Bitmap Heap Scan on sbtest2  (cost=23.31..4090.65 rows=1061 width=121)
	  Recheck Cond: ((id >= 2927331) AND (id <= 2928330))
	  ->  Bitmap Index Scan on sbtest2_pkey  (cost=0.00..23.04 rows=1061 width=0)
	        Index Cond: ((id >= 2927331) AND (id <= 2928330))

table 3 : explain SELECT c FROM sbtest3 WHERE id BETWEEN 8955374 AND 8956373
	Bitmap Heap Scan on sbtest3  (cost=22.62..3838.67 rows=994 width=121)
	  Recheck Cond: ((id >= 8955374) AND (id <= 8956373))
	  ->  Bitmap Index Scan on sbtest3_pkey  (cost=0.00..22.37 rows=994 width=0)
	        Index Cond: ((id >= 8955374) AND (id <= 8956373))

table 4 : explain SELECT c FROM sbtest4 WHERE id BETWEEN 4707091 AND 4708090
	Bitmap Heap Scan on sbtest4  (cost=21.89..3568.04 rows=922 width=121)
	  Recheck Cond: ((id >= 4707091) AND (id <= 4708090))
	  ->  Bitmap Index Scan on sbtest4_pkey  (cost=0.00..21.65 rows=922 width=0)
	        Index Cond: ((id >= 4707091) AND (id <= 4708090))

table 5 : explain SELECT c FROM sbtest5 WHERE id BETWEEN 9965524 AND 9966523
	Bitmap Heap Scan on sbtest5  (cost=23.05..3998.01 rows=1036 width=121)
	  Recheck Cond: ((id >= 9965524) AND (id <= 9966523))
	  ->  Bitmap Index Scan on sbtest5_pkey  (cost=0.00..22.79 rows=1036 width=0)
	        Index Cond: ((id >= 9965524) AND (id <= 9966523))

table 6 : explain SELECT c FROM sbtest6 WHERE id BETWEEN 2650011 AND 2651010
	Bitmap Heap Scan on sbtest6  (cost=22.31..3722.95 rows=963 width=121)
	  Recheck Cond: ((id >= 2650011) AND (id <= 2651010))
	  ->  Bitmap Index Scan on sbtest6_pkey  (cost=0.00..22.07 rows=963 width=0)
	        Index Cond: ((id >= 2650011) AND (id <= 2651010))

table 7 : explain SELECT c FROM sbtest7 WHERE id BETWEEN 2044349 AND 2045348
	Bitmap Heap Scan on sbtest7  (cost=22.63..3844.77 rows=995 width=121)
	  Recheck Cond: ((id >= 2044349) AND (id <= 2045348))
	  ->  Bitmap Index Scan on sbtest7_pkey  (cost=0.00..22.39 rows=995 width=0)
	        Index Cond: ((id >= 2044349) AND (id <= 2045348))

table 8 : explain SELECT c FROM sbtest8 WHERE id BETWEEN 4374251 AND 4375250
	Bitmap Heap Scan on sbtest8  (cost=26.91..3950.44 rows=1022 width=121)
	  Recheck Cond: ((id >= 4374251) AND (id <= 4375250))
	  ->  Bitmap Index Scan on sbtest8_pkey  (cost=0.00..26.65 rows=1022 width=0)
	        Index Cond: ((id >= 4374251) AND (id <= 4375250))

for: simple_ranges
table 1 : explain SELECT c FROM sbtest1 WHERE id BETWEEN 8693036 AND 8694035
	Bitmap Heap Scan on sbtest1  (cost=22.73..3875.04 rows=1004 width=121)
	  Recheck Cond: ((id >= 8693036) AND (id <= 8694035))
	  ->  Bitmap Index Scan on sbtest1_pkey  (cost=0.00..22.47 rows=1004 width=0)
	        Index Cond: ((id >= 8693036) AND (id <= 8694035))

table 2 : explain SELECT c FROM sbtest2 WHERE id BETWEEN 6844359 AND 6845358
	Bitmap Heap Scan on sbtest2  (cost=23.18..4041.78 rows=1048 width=121)
	  Recheck Cond: ((id >= 6844359) AND (id <= 6845358))
	  ->  Bitmap Index Scan on sbtest2_pkey  (cost=0.00..22.91 rows=1048 width=0)
	        Index Cond: ((id >= 6844359) AND (id <= 6845358))

table 3 : explain SELECT c FROM sbtest3 WHERE id BETWEEN 8532824 AND 8533823
	Bitmap Heap Scan on sbtest3  (cost=23.28..4079.50 rows=1058 width=121)
	  Recheck Cond: ((id >= 8532824) AND (id <= 8533823))
	  ->  Bitmap Index Scan on sbtest3_pkey  (cost=0.00..23.01 rows=1058 width=0)
	        Index Cond: ((id >= 8532824) AND (id <= 8533823))

table 4 : explain SELECT c FROM sbtest4 WHERE id BETWEEN 3837611 AND 3838610
	Bitmap Heap Scan on sbtest4  (cost=23.12..4020.49 rows=1042 width=121)
	  Recheck Cond: ((id >= 3837611) AND (id <= 3838610))
	  ->  Bitmap Index Scan on sbtest4_pkey  (cost=0.00..22.86 rows=1042 width=0)
	        Index Cond: ((id >= 3837611) AND (id <= 3838610))

table 5 : explain SELECT c FROM sbtest5 WHERE id BETWEEN 1913952 AND 1914951
	Bitmap Heap Scan on sbtest5  (cost=22.56..3817.22 rows=988 width=121)
	  Recheck Cond: ((id >= 1913952) AND (id <= 1914951))
	  ->  Bitmap Index Scan on sbtest5_pkey  (cost=0.00..22.32 rows=988 width=0)
	        Index Cond: ((id >= 1913952) AND (id <= 1914951))

table 6 : explain SELECT c FROM sbtest6 WHERE id BETWEEN 8455321 AND 8456320
	Bitmap Heap Scan on sbtest6  (cost=22.43..3768.22 rows=975 width=121)
	  Recheck Cond: ((id >= 8455321) AND (id <= 8456320))
	  ->  Bitmap Index Scan on sbtest6_pkey  (cost=0.00..22.18 rows=975 width=0)
	        Index Cond: ((id >= 8455321) AND (id <= 8456320))

table 7 : explain SELECT c FROM sbtest7 WHERE id BETWEEN 8819264 AND 8820263
	Bitmap Heap Scan on sbtest7  (cost=22.83..3916.38 rows=1014 width=121)
	  Recheck Cond: ((id >= 8819264) AND (id <= 8820263))
	  ->  Bitmap Index Scan on sbtest7_pkey  (cost=0.00..22.57 rows=1014 width=0)
	        Index Cond: ((id >= 8819264) AND (id <= 8820263))

table 8 : explain SELECT c FROM sbtest8 WHERE id BETWEEN 8148866 AND 8149865
	Bitmap Heap Scan on sbtest8  (cost=27.76..4262.67 rows=1105 width=121)
	  Recheck Cond: ((id >= 8148866) AND (id <= 8149865))
	  ->  Bitmap Index Scan on sbtest8_pkey  (cost=0.00..27.48 rows=1105 width=0)
	        Index Cond: ((id >= 8148866) AND (id <= 8149865))

for: simple_ranges
table 1 : explain SELECT c FROM sbtest1 WHERE id BETWEEN 6246321 AND 6247320
	Bitmap Heap Scan on sbtest1  (cost=23.16..4033.01 rows=1046 width=121)
	  Recheck Cond: ((id >= 6246321) AND (id <= 6247320))
	  ->  Bitmap Index Scan on sbtest1_pkey  (cost=0.00..22.89 rows=1046 width=0)
	        Index Cond: ((id >= 6246321) AND (id <= 6247320))

table 2 : explain SELECT c FROM sbtest2 WHERE id BETWEEN 8875327 AND 8876326
	Bitmap Heap Scan on sbtest2  (cost=22.83..3913.86 rows=1014 width=121)
	  Recheck Cond: ((id >= 8875327) AND (id <= 8876326))
	  ->  Bitmap Index Scan on sbtest2_pkey  (cost=0.00..22.57 rows=1014 width=0)
	        Index Cond: ((id >= 8875327) AND (id <= 8876326))

table 3 : explain SELECT c FROM sbtest3 WHERE id BETWEEN 334137 AND 335136
	Bitmap Heap Scan on sbtest3  (cost=21.74..3514.20 rows=908 width=121)
	  Recheck Cond: ((id >= 334137) AND (id <= 335136))
	  ->  Bitmap Index Scan on sbtest3_pkey  (cost=0.00..21.51 rows=908 width=0)
	        Index Cond: ((id >= 334137) AND (id <= 335136))

table 4 : explain SELECT c FROM sbtest4 WHERE id BETWEEN 5990201 AND 5991200
	Bitmap Heap Scan on sbtest4  (cost=22.02..3617.15 rows=935 width=121)
	  Recheck Cond: ((id >= 5990201) AND (id <= 5991200))
	  ->  Bitmap Index Scan on sbtest4_pkey  (cost=0.00..21.79 rows=935 width=0)
	        Index Cond: ((id >= 5990201) AND (id <= 5991200))

table 5 : explain SELECT c FROM sbtest5 WHERE id BETWEEN 6206049 AND 6207048
	Bitmap Heap Scan on sbtest5  (cost=22.31..3722.93 rows=963 width=121)
	  Recheck Cond: ((id >= 6206049) AND (id <= 6207048))
	  ->  Bitmap Index Scan on sbtest5_pkey  (cost=0.00..22.07 rows=963 width=0)
	        Index Cond: ((id >= 6206049) AND (id <= 6207048))

table 6 : explain SELECT c FROM sbtest6 WHERE id BETWEEN 1768250 AND 1769249
	Bitmap Heap Scan on sbtest6  (cost=22.64..3847.39 rows=996 width=121)
	  Recheck Cond: ((id >= 1768250) AND (id <= 1769249))
	  ->  Bitmap Index Scan on sbtest6_pkey  (cost=0.00..22.39 rows=996 width=0)
	        Index Cond: ((id >= 1768250) AND (id <= 1769249))

table 7 : explain SELECT c FROM sbtest7 WHERE id BETWEEN 5476488 AND 5477487
	Bitmap Heap Scan on sbtest7  (cost=22.93..3954.06 rows=1024 width=121)
	  Recheck Cond: ((id >= 5476488) AND (id <= 5477487))
	  ->  Bitmap Index Scan on sbtest7_pkey  (cost=0.00..22.68 rows=1024 width=0)
	        Index Cond: ((id >= 5476488) AND (id <= 5477487))

table 8 : explain SELECT c FROM sbtest8 WHERE id BETWEEN 3534074 AND 3535073
	Bitmap Heap Scan on sbtest8  (cost=21.98..3603.11 rows=931 width=121)
	  Recheck Cond: ((id >= 3534074) AND (id <= 3535073))
	  ->  Bitmap Index Scan on sbtest8_pkey  (cost=0.00..21.75 rows=931 width=0)
	        Index Cond: ((id >= 3534074) AND (id <= 3535073))

for: simple_ranges
table 1 : explain SELECT c FROM sbtest1 WHERE id BETWEEN 8673038 AND 8674037
	Bitmap Heap Scan on sbtest1  (cost=22.73..3875.04 rows=1004 width=121)
	  Recheck Cond: ((id >= 8673038) AND (id <= 8674037))
	  ->  Bitmap Index Scan on sbtest1_pkey  (cost=0.00..22.47 rows=1004 width=0)
	        Index Cond: ((id >= 8673038) AND (id <= 8674037))

table 2 : explain SELECT c FROM sbtest2 WHERE id BETWEEN 840742 AND 841741
	Bitmap Heap Scan on sbtest2  (cost=21.97..3597.19 rows=930 width=121)
	  Recheck Cond: ((id >= 840742) AND (id <= 841741))
	  ->  Bitmap Index Scan on sbtest2_pkey  (cost=0.00..21.73 rows=930 width=0)
	        Index Cond: ((id >= 840742) AND (id <= 841741))

table 3 : explain SELECT c FROM sbtest3 WHERE id BETWEEN 5549222 AND 5550221
	Bitmap Heap Scan on sbtest3  (cost=23.05..3996.77 rows=1036 width=121)
	  Recheck Cond: ((id >= 5549222) AND (id <= 5550221))
	  ->  Bitmap Index Scan on sbtest3_pkey  (cost=0.00..22.79 rows=1036 width=0)
	        Index Cond: ((id >= 5549222) AND (id <= 5550221))

table 4 : explain SELECT c FROM sbtest4 WHERE id BETWEEN 6073631 AND 6074630
	Bitmap Heap Scan on sbtest4  (cost=22.07..3636.03 rows=940 width=121)
	  Recheck Cond: ((id >= 6073631) AND (id <= 6074630))
	  ->  Bitmap Index Scan on sbtest4_pkey  (cost=0.00..21.83 rows=940 width=0)
	        Index Cond: ((id >= 6073631) AND (id <= 6074630))

table 5 : explain SELECT c FROM sbtest5 WHERE id BETWEEN 1024886 AND 1025885
	Bitmap Heap Scan on sbtest5  (cost=22.80..3903.88 rows=1011 width=121)
	  Recheck Cond: ((id >= 1024886) AND (id <= 1025885))
	  ->  Bitmap Index Scan on sbtest5_pkey  (cost=0.00..22.54 rows=1011 width=0)
	        Index Cond: ((id >= 1024886) AND (id <= 1025885))

table 6 : explain SELECT c FROM sbtest6 WHERE id BETWEEN 7380699 AND 7381698
	Bitmap Heap Scan on sbtest6  (cost=23.07..4005.56 rows=1038 width=121)
	  Recheck Cond: ((id >= 7380699) AND (id <= 7381698))
	  ->  Bitmap Index Scan on sbtest6_pkey  (cost=0.00..22.82 rows=1038 width=0)
	        Index Cond: ((id >= 7380699) AND (id <= 7381698))

table 7 : explain SELECT c FROM sbtest7 WHERE id BETWEEN 1903970 AND 1904969
	Bitmap Heap Scan on sbtest7  (cost=22.30..3720.27 rows=962 width=121)
	  Recheck Cond: ((id >= 1903970) AND (id <= 1904969))
	  ->  Bitmap Index Scan on sbtest7_pkey  (cost=0.00..22.05 rows=962 width=0)
	        Index Cond: ((id >= 1903970) AND (id <= 1904969))

table 8 : explain SELECT c FROM sbtest8 WHERE id BETWEEN 1529774 AND 1530773
	Bitmap Heap Scan on sbtest8  (cost=22.37..3746.61 rows=969 width=121)
	  Recheck Cond: ((id >= 1529774) AND (id <= 1530773))
	  ->  Bitmap Index Scan on sbtest8_pkey  (cost=0.00..22.12 rows=969 width=0)
	        Index Cond: ((id >= 1529774) AND (id <= 1530773))

explain: for point_selects :: explain SELECT c FROM sbtest%u WHERE id=%u
explain: for point_selects :: explain SELECT c FROM sbtest%u WHERE id=%u
explain: for point_selects :: explain SELECT c FROM sbtest%u WHERE id=%u
explain: for point_selects :: explain SELECT c FROM sbtest%u WHERE id=%u
explain: for point_selects :: explain SELECT c FROM sbtest%u WHERE id=%u
explain: for point_selects :: explain SELECT c FROM sbtest%u WHERE id=%u
for point_selects
table 1 : explain SELECT c FROM sbtest1 WHERE id=1543982
	Index Scan using sbtest1_pkey on sbtest1  (cost=0.43..8.45 rows=1 width=121)
	  Index Cond: (id = 1543982)

table 2 : explain SELECT c FROM sbtest2 WHERE id=9289395
	Index Scan using sbtest2_pkey on sbtest2  (cost=0.43..8.45 rows=1 width=121)
	  Index Cond: (id = 9289395)

table 3 : explain SELECT c FROM sbtest3 WHERE id=6063611
	Index Scan using sbtest3_pkey on sbtest3  (cost=0.43..8.45 rows=1 width=121)
	  Index Cond: (id = 6063611)

table 4 : explain SELECT c FROM sbtest4 WHERE id=8670964
	Index Scan using sbtest4_pkey on sbtest4  (cost=0.43..8.45 rows=1 width=121)
	  Index Cond: (id = 8670964)

table 5 : explain SELECT c FROM sbtest5 WHERE id=7821229
	Index Scan using sbtest5_pkey on sbtest5  (cost=0.43..8.45 rows=1 width=121)
	  Index Cond: (id = 7821229)

table 6 : explain SELECT c FROM sbtest6 WHERE id=7802250
	Index Scan using sbtest6_pkey on sbtest6  (cost=0.43..8.45 rows=1 width=121)
	  Index Cond: (id = 7802250)

table 7 : explain SELECT c FROM sbtest7 WHERE id=8628382
	Index Scan using sbtest7_pkey on sbtest7  (cost=0.43..8.45 rows=1 width=121)
	  Index Cond: (id = 8628382)

table 8 : explain SELECT c FROM sbtest8 WHERE id=2778861
	Index Scan using sbtest8_pkey on sbtest8  (cost=0.43..8.45 rows=1 width=121)
	  Index Cond: (id = 2778861)

for point_selects
table 1 : explain SELECT c FROM sbtest1 WHERE id=3582291
	Index Scan using sbtest1_pkey on sbtest1  (cost=0.43..8.45 rows=1 width=121)
	  Index Cond: (id = 3582291)

table 2 : explain SELECT c FROM sbtest2 WHERE id=1145562
	Index Scan using sbtest2_pkey on sbtest2  (cost=0.43..8.45 rows=1 width=121)
	  Index Cond: (id = 1145562)

table 3 : explain SELECT c FROM sbtest3 WHERE id=5777711
	Index Scan using sbtest3_pkey on sbtest3  (cost=0.43..8.45 rows=1 width=121)
	  Index Cond: (id = 5777711)

table 4 : explain SELECT c FROM sbtest4 WHERE id=1149176
	Index Scan using sbtest4_pkey on sbtest4  (cost=0.43..8.45 rows=1 width=121)
	  Index Cond: (id = 1149176)

table 5 : explain SELECT c FROM sbtest5 WHERE id=922566
	Index Scan using sbtest5_pkey on sbtest5  (cost=0.43..8.45 rows=1 width=121)
	  Index Cond: (id = 922566)

table 6 : explain SELECT c FROM sbtest6 WHERE id=9112645
	Index Scan using sbtest6_pkey on sbtest6  (cost=0.43..8.45 rows=1 width=121)
	  Index Cond: (id = 9112645)

table 7 : explain SELECT c FROM sbtest7 WHERE id=9883309
	Index Scan using sbtest7_pkey on sbtest7  (cost=0.43..8.45 rows=1 width=121)
	  Index Cond: (id = 9883309)

table 8 : explain SELECT c FROM sbtest8 WHERE id=7191370
	Index Scan using sbtest8_pkey on sbtest8  (cost=0.43..8.45 rows=1 width=121)
	  Index Cond: (id = 7191370)

explain: for point_selects :: explain SELECT c FROM sbtest%u WHERE id=%u
for: simple_ranges
table 1 : explain SELECT c FROM sbtest1 WHERE id BETWEEN 4793613 AND 4794612
	Bitmap Heap Scan on sbtest1  (cost=22.63..3841.16 rows=995 width=121)
	  Recheck Cond: ((id >= 4793613) AND (id <= 4794612))
	  ->  Bitmap Index Scan on sbtest1_pkey  (cost=0.00..22.39 rows=995 width=0)
	        Index Cond: ((id >= 4793613) AND (id <= 4794612))

table 2 : explain SELECT c FROM sbtest2 WHERE id BETWEEN 1713297 AND 1714296
	Bitmap Heap Scan on sbtest2  (cost=21.58..3453.63 rows=892 width=121)
	  Recheck Cond: ((id >= 1713297) AND (id <= 1714296))
	  ->  Bitmap Index Scan on sbtest2_pkey  (cost=0.00..21.36 rows=892 width=0)
	        Index Cond: ((id >= 1713297) AND (id <= 1714296))

table 3 : explain SELECT c FROM sbtest3 WHERE id BETWEEN 5583497 AND 5584496
	Bitmap Heap Scan on sbtest3  (cost=23.05..3996.77 rows=1036 width=121)
	  Recheck Cond: ((id >= 5583497) AND (id <= 5584496))
	  ->  Bitmap Index Scan on sbtest3_pkey  (cost=0.00..22.79 rows=1036 width=0)
	        Index Cond: ((id >= 5583497) AND (id <= 5584496))

table 4 : explain SELECT c FROM sbtest4 WHERE id BETWEEN 7872463 AND 7873462
	Bitmap Heap Scan on sbtest4  (cost=23.00..3979.09 rows=1031 width=121)
	  Recheck Cond: ((id >= 7872463) AND (id <= 7873462))
	  ->  Bitmap Index Scan on sbtest4_pkey  (cost=0.00..22.75 rows=1031 width=0)
	        Index Cond: ((id >= 7872463) AND (id <= 7873462))

table 5 : explain SELECT c FROM sbtest5 WHERE id BETWEEN 1026688 AND 1027687
	Bitmap Heap Scan on sbtest5  (cost=22.80..3903.88 rows=1011 width=121)
	  Recheck Cond: ((id >= 1026688) AND (id <= 1027687))
	  ->  Bitmap Index Scan on sbtest5_pkey  (cost=0.00..22.54 rows=1011 width=0)
	        Index Cond: ((id >= 1026688) AND (id <= 1027687))

table 6 : explain SELECT c FROM sbtest6 WHERE id BETWEEN 702677 AND 703676
	Bitmap Heap Scan on sbtest6  (cost=22.05..3628.59 rows=938 width=121)
	  Recheck Cond: ((id >= 702677) AND (id <= 703676))
	  ->  Bitmap Index Scan on sbtest6_pkey  (cost=0.00..21.82 rows=938 width=0)
	        Index Cond: ((id >= 702677) AND (id <= 703676))

table 7 : explain SELECT c FROM sbtest7 WHERE id BETWEEN 1262716 AND 1263715
	Bitmap Heap Scan on sbtest7  (cost=22.91..3946.52 rows=1022 width=121)
	  Recheck Cond: ((id >= 1262716) AND (id <= 1263715))
	  ->  Bitmap Index Scan on sbtest7_pkey  (cost=0.00..22.65 rows=1022 width=0)
	        Index Cond: ((id >= 1262716) AND (id <= 1263715))

table 8 : explain SELECT c FROM sbtest8 WHERE id BETWEEN 8769413 AND 8770412
	Bitmap Heap Scan on sbtest8  (cost=26.91..3950.44 rows=1022 width=121)
	  Recheck Cond: ((id >= 8769413) AND (id <= 8770412))
	  ->  Bitmap Index Scan on sbtest8_pkey  (cost=0.00..26.65 rows=1022 width=0)
	        Index Cond: ((id >= 8769413) AND (id <= 8770412))

for: simple_ranges
table 1 : explain SELECT c FROM sbtest1 WHERE id BETWEEN 8315473 AND 8316472
	Bitmap Heap Scan on sbtest1  (cost=22.36..3739.45 rows=968 width=121)
	  Recheck Cond: ((id >= 8315473) AND (id <= 8316472))
	  ->  Bitmap Index Scan on sbtest1_pkey  (cost=0.00..22.11 rows=968 width=0)
	        Index Cond: ((id >= 8315473) AND (id <= 8316472))

table 2 : explain SELECT c FROM sbtest2 WHERE id BETWEEN 2326057 AND 2327056
	Bitmap Heap Scan on sbtest2  (cost=23.33..4098.16 rows=1063 width=121)
	  Recheck Cond: ((id >= 2326057) AND (id <= 2327056))
	  ->  Bitmap Index Scan on sbtest2_pkey  (cost=0.00..23.07 rows=1063 width=0)
	        Index Cond: ((id >= 2326057) AND (id <= 2327056))

table 3 : explain SELECT c FROM sbtest3 WHERE id BETWEEN 4099095 AND 4100094
	Bitmap Heap Scan on sbtest3  (cost=22.03..3619.95 rows=936 width=121)
	  Recheck Cond: ((id >= 4099095) AND (id <= 4100094))
	  ->  Bitmap Index Scan on sbtest3_pkey  (cost=0.00..21.79 rows=936 width=0)
	        Index Cond: ((id >= 4099095) AND (id <= 4100094))

table 4 : explain SELECT c FROM sbtest4 WHERE id BETWEEN 9371888 AND 9372887
	Bitmap Heap Scan on sbtest4  (cost=21.98..3602.04 rows=931 width=121)
	  Recheck Cond: ((id >= 9371888) AND (id <= 9372887))
	  ->  Bitmap Index Scan on sbtest4_pkey  (cost=0.00..21.75 rows=931 width=0)
	        Index Cond: ((id >= 9371888) AND (id <= 9372887))

table 5 : explain SELECT c FROM sbtest5 WHERE id BETWEEN 1856628 AND 1857627
	Bitmap Heap Scan on sbtest5  (cost=22.56..3817.22 rows=988 width=121)
	  Recheck Cond: ((id >= 1856628) AND (id <= 1857627))
	  ->  Bitmap Index Scan on sbtest5_pkey  (cost=0.00..22.32 rows=988 width=0)
	        Index Cond: ((id >= 1856628) AND (id <= 1857627))

table 6 : explain SELECT c FROM sbtest6 WHERE id BETWEEN 3887127 AND 3888126
	Bitmap Heap Scan on sbtest6  (cost=28.04..4359.03 rows=1132 width=121)
	  Recheck Cond: ((id >= 3887127) AND (id <= 3888126))
	  ->  Bitmap Index Scan on sbtest6_pkey  (cost=0.00..27.75 rows=1132 width=0)
	        Index Cond: ((id >= 3887127) AND (id <= 3888126))

table 7 : explain SELECT c FROM sbtest7 WHERE id BETWEEN 2475228 AND 2476227
	Bitmap Heap Scan on sbtest7  (cost=27.44..4146.24 rows=1074 width=121)
	  Recheck Cond: ((id >= 2475228) AND (id <= 2476227))
	  ->  Bitmap Index Scan on sbtest7_pkey  (cost=0.00..27.18 rows=1074 width=0)
	        Index Cond: ((id >= 2475228) AND (id <= 2476227))

table 8 : explain SELECT c FROM sbtest8 WHERE id BETWEEN 3484647 AND 3485646
	Bitmap Heap Scan on sbtest8  (cost=26.88..3939.14 rows=1019 width=121)
	  Recheck Cond: ((id >= 3484647) AND (id <= 3485646))
	  ->  Bitmap Index Scan on sbtest8_pkey  (cost=0.00..26.62 rows=1019 width=0)
	        Index Cond: ((id >= 3484647) AND (id <= 3485646))

explain: for point_selects :: explain SELECT c FROM sbtest%u WHERE id=%u
explain: for point_selects :: explain SELECT c FROM sbtest%u WHERE id=%u
for point_selects
table 1 : explain SELECT c FROM sbtest1 WHERE id=8672191
	Index Scan using sbtest1_pkey on sbtest1  (cost=0.43..8.45 rows=1 width=121)
	  Index Cond: (id = 8672191)

table 2 : explain SELECT c FROM sbtest2 WHERE id=5431963
	Index Scan using sbtest2_pkey on sbtest2  (cost=0.43..8.45 rows=1 width=121)
	  Index Cond: (id = 5431963)

table 3 : explain SELECT c FROM sbtest3 WHERE id=3534111
	Index Scan using sbtest3_pkey on sbtest3  (cost=0.43..8.45 rows=1 width=121)
	  Index Cond: (id = 3534111)

table 4 : explain SELECT c FROM sbtest4 WHERE id=2002729
	Index Scan using sbtest4_pkey on sbtest4  (cost=0.43..8.45 rows=1 width=121)
	  Index Cond: (id = 2002729)

table 5 : explain SELECT c FROM sbtest5 WHERE id=2910256
	Index Scan using sbtest5_pkey on sbtest5  (cost=0.43..8.45 rows=1 width=121)
	  Index Cond: (id = 2910256)

table 6 : explain SELECT c FROM sbtest6 WHERE id=4545192
	Index Scan using sbtest6_pkey on sbtest6  (cost=0.43..8.45 rows=1 width=121)
	  Index Cond: (id = 4545192)

table 7 : explain SELECT c FROM sbtest7 WHERE id=7134818
	Index Scan using sbtest7_pkey on sbtest7  (cost=0.43..8.45 rows=1 width=121)
	  Index Cond: (id = 7134818)

table 8 : explain SELECT c FROM sbtest8 WHERE id=6097005
	Index Scan using sbtest8_pkey on sbtest8  (cost=0.43..8.45 rows=1 width=121)
	  Index Cond: (id = 6097005)

for point_selects
table 1 : explain SELECT c FROM sbtest1 WHERE id=5491999
	Index Scan using sbtest1_pkey on sbtest1  (cost=0.43..8.45 rows=1 width=121)
	  Index Cond: (id = 5491999)

table 2 : explain SELECT c FROM sbtest2 WHERE id=1573510
	Index Scan using sbtest2_pkey on sbtest2  (cost=0.43..8.45 rows=1 width=121)
	  Index Cond: (id = 1573510)

table 3 : explain SELECT c FROM sbtest3 WHERE id=5074799
	Index Scan using sbtest3_pkey on sbtest3  (cost=0.43..8.45 rows=1 width=121)
	  Index Cond: (id = 5074799)

table 4 : explain SELECT c FROM sbtest4 WHERE id=4734692
	Index Scan using sbtest4_pkey on sbtest4  (cost=0.43..8.45 rows=1 width=121)
	  Index Cond: (id = 4734692)

table 5 : explain SELECT c FROM sbtest5 WHERE id=4149089
	Index Scan using sbtest5_pkey on sbtest5  (cost=0.43..8.45 rows=1 width=121)
	  Index Cond: (id = 4149089)

table 6 : explain SELECT c FROM sbtest6 WHERE id=8467664
	Index Scan using sbtest6_pkey on sbtest6  (cost=0.43..8.45 rows=1 width=121)
	  Index Cond: (id = 8467664)

table 7 : explain SELECT c FROM sbtest7 WHERE id=9940172
	Index Scan using sbtest7_pkey on sbtest7  (cost=0.43..8.45 rows=1 width=121)
	  Index Cond: (id = 9940172)

table 8 : explain SELECT c FROM sbtest8 WHERE id=8184673
	Index Scan using sbtest8_pkey on sbtest8  (cost=0.43..8.45 rows=1 width=121)
	  Index Cond: (id = 8184673)

for: sum_ranges
table 1 : explain SELECT SUM(k) FROM sbtest1 WHERE id BETWEEN 5744957 AND 5745956
	Aggregate  (cost=4235.05..4235.06 rows=1 width=8)
	  ->  Bitmap Heap Scan on sbtest1  (cost=27.70..4232.30 rows=1099 width=4)
	        Recheck Cond: ((id >= 5744957) AND (id <= 5745956))
	        ->  Bitmap Index Scan on sbtest1_pkey  (cost=0.00..27.43 rows=1099 width=0)
	              Index Cond: ((id >= 5744957) AND (id <= 5745956))

table 2 : explain SELECT SUM(k) FROM sbtest2 WHERE id BETWEEN 936673 AND 937672
	Aggregate  (cost=4555.24..4555.25 rows=1 width=8)
	  ->  Bitmap Heap Scan on sbtest2  (cost=28.57..4552.28 rows=1184 width=4)
	        Recheck Cond: ((id >= 936673) AND (id <= 937672))
	        ->  Bitmap Index Scan on sbtest2_pkey  (cost=0.00..28.27 rows=1184 width=0)
	              Index Cond: ((id >= 936673) AND (id <= 937672))

table 3 : explain SELECT SUM(k) FROM sbtest3 WHERE id BETWEEN 9093697 AND 9094696
	Aggregate  (cost=3554.28..3554.29 rows=1 width=8)
	  ->  Bitmap Heap Scan on sbtest3  (cost=21.84..3551.98 rows=918 width=4)
	        Recheck Cond: ((id >= 9093697) AND (id <= 9094696))
	        ->  Bitmap Index Scan on sbtest3_pkey  (cost=0.00..21.61 rows=918 width=0)
	              Index Cond: ((id >= 9093697) AND (id <= 9094696))

table 4 : explain SELECT SUM(k) FROM sbtest4 WHERE id BETWEEN 6613807 AND 6614806
	Aggregate  (cost=3698.82..3698.83 rows=1 width=8)
	  ->  Bitmap Heap Scan on sbtest4  (cost=22.23..3696.43 rows=956 width=4)
	        Recheck Cond: ((id >= 6613807) AND (id <= 6614806))
	        ->  Bitmap Index Scan on sbtest4_pkey  (cost=0.00..22.00 rows=956 width=0)
	              Index Cond: ((id >= 6613807) AND (id <= 6614806))

table 5 : explain SELECT SUM(k) FROM sbtest5 WHERE id BETWEEN 5096419 AND 5097418
	Aggregate  (cost=4023.20..4023.21 rows=1 width=8)
	  ->  Bitmap Heap Scan on sbtest5  (cost=23.12..4020.59 rows=1042 width=4)
	        Recheck Cond: ((id >= 5096419) AND (id <= 5097418))
	        ->  Bitmap Index Scan on sbtest5_pkey  (cost=0.00..22.86 rows=1042 width=0)
	              Index Cond: ((id >= 5096419) AND (id <= 5097418))

table 6 : explain SELECT SUM(k) FROM sbtest6 WHERE id BETWEEN 1229585 AND 1230584
	Aggregate  (cost=3763.11..3763.12 rows=1 width=8)
	  ->  Bitmap Heap Scan on sbtest6  (cost=22.41..3760.67 rows=973 width=4)
	        Recheck Cond: ((id >= 1229585) AND (id <= 1230584))
	        ->  Bitmap Index Scan on sbtest6_pkey  (cost=0.00..22.16 rows=973 width=0)
	              Index Cond: ((id >= 1229585) AND (id <= 1230584))

table 7 : explain SELECT SUM(k) FROM sbtest7 WHERE id BETWEEN 4674761 AND 4675760
	Aggregate  (cost=3734.01..3734.02 rows=1 width=8)
	  ->  Bitmap Heap Scan on sbtest7  (cost=22.33..3731.59 rows=965 width=4)
	        Recheck Cond: ((id >= 4674761) AND (id <= 4675760))
	        ->  Bitmap Index Scan on sbtest7_pkey  (cost=0.00..22.08 rows=965 width=0)
	              Index Cond: ((id >= 4674761) AND (id <= 4675760))

table 8 : explain SELECT SUM(k) FROM sbtest8 WHERE id BETWEEN 8039775 AND 8040774
	Aggregate  (cost=3620.56..3620.57 rows=1 width=8)
	  ->  Bitmap Heap Scan on sbtest8  (cost=22.02..3618.23 rows=935 width=4)
	        Recheck Cond: ((id >= 8039775) AND (id <= 8040774))
	        ->  Bitmap Index Scan on sbtest8_pkey  (cost=0.00..21.79 rows=935 width=0)
	              Index Cond: ((id >= 8039775) AND (id <= 8040774))

for point_selects
table 1 : explain SELECT c FROM sbtest1 WHERE id=4574862
	Index Scan using sbtest1_pkey on sbtest1  (cost=0.43..8.45 rows=1 width=121)
	  Index Cond: (id = 4574862)

table 2 : explain SELECT c FROM sbtest2 WHERE id=3049193
	Index Scan using sbtest2_pkey on sbtest2  (cost=0.43..8.45 rows=1 width=121)
	  Index Cond: (id = 3049193)

table 3 : explain SELECT c FROM sbtest3 WHERE id=6267961
	Index Scan using sbtest3_pkey on sbtest3  (cost=0.43..8.45 rows=1 width=121)
	  Index Cond: (id = 6267961)

table 4 : explain SELECT c FROM sbtest4 WHERE id=7413118
	Index Scan using sbtest4_pkey on sbtest4  (cost=0.43..8.45 rows=1 width=121)
	  Index Cond: (id = 7413118)

table 5 : explain SELECT c FROM sbtest5 WHERE id=7360126
	Index Scan using sbtest5_pkey on sbtest5  (cost=0.43..8.45 rows=1 width=121)
	  Index Cond: (id = 7360126)

table 6 : explain SELECT c FROM sbtest6 WHERE id=6901418
	Index Scan using sbtest6_pkey on sbtest6  (cost=0.43..8.45 rows=1 width=121)
	  Index Cond: (id = 6901418)

table 7 : explain SELECT c FROM sbtest7 WHERE id=9076093
	Index Scan using sbtest7_pkey on sbtest7  (cost=0.43..8.45 rows=1 width=121)
	  Index Cond: (id = 9076093)

table 8 : explain SELECT c FROM sbtest8 WHERE id=557544
	Index Scan using sbtest8_pkey on sbtest8  (cost=0.43..8.45 rows=1 width=121)
	  Index Cond: (id = 557544)

for: sum_ranges
table 1 : explain SELECT SUM(k) FROM sbtest1 WHERE id BETWEEN 108063 AND 109062
	Aggregate  (cost=3670.20..3670.21 rows=1 width=8)
	  ->  Bitmap Heap Scan on sbtest1  (cost=22.16..3667.82 rows=949 width=4)
	        Recheck Cond: ((id >= 108063) AND (id <= 109062))
	        ->  Bitmap Index Scan on sbtest1_pkey  (cost=0.00..21.93 rows=949 width=0)
	              Index Cond: ((id >= 108063) AND (id <= 109062))

table 2 : explain SELECT SUM(k) FROM sbtest2 WHERE id BETWEEN 2282003 AND 2283002
	Aggregate  (cost=4100.82..4100.83 rows=1 width=8)
	  ->  Bitmap Heap Scan on sbtest2  (cost=23.33..4098.16 rows=1063 width=4)
	        Recheck Cond: ((id >= 2282003) AND (id <= 2283002))
	        ->  Bitmap Index Scan on sbtest2_pkey  (cost=0.00..23.07 rows=1063 width=0)
	              Index Cond: ((id >= 2282003) AND (id <= 2283002))

table 3 : explain SELECT SUM(k) FROM sbtest3 WHERE id BETWEEN 475382 AND 476381
	Aggregate  (cost=3976.77..3976.78 rows=1 width=8)
	  ->  Bitmap Heap Scan on sbtest3  (cost=22.99..3974.20 rows=1030 width=4)
	        Recheck Cond: ((id >= 475382) AND (id <= 476381))
	        ->  Bitmap Index Scan on sbtest3_pkey  (cost=0.00..22.73 rows=1030 width=0)
	              Index Cond: ((id >= 475382) AND (id <= 476381))

table 4 : explain SELECT SUM(k) FROM sbtest4 WHERE id BETWEEN 9245498 AND 9246497
	Aggregate  (cost=3713.92..3713.93 rows=1 width=8)
	  ->  Bitmap Heap Scan on sbtest4  (cost=22.27..3711.52 rows=960 width=4)
	        Recheck Cond: ((id >= 9245498) AND (id <= 9246497))
	        ->  Bitmap Index Scan on sbtest4_pkey  (cost=0.00..22.04 rows=960 width=0)
	              Index Cond: ((id >= 9245498) AND (id <= 9246497))

table 5 : explain SELECT SUM(k) FROM sbtest5 WHERE id BETWEEN 4373343 AND 4374342
	Aggregate  (cost=3838.55..3838.56 rows=1 width=8)
	  ->  Bitmap Heap Scan on sbtest5  (cost=22.61..3836.06 rows=993 width=4)
	        Recheck Cond: ((id >= 4373343) AND (id <= 4374342))
	        ->  Bitmap Index Scan on sbtest5_pkey  (cost=0.00..22.36 rows=993 width=0)
	              Index Cond: ((id >= 4373343) AND (id <= 4374342))

table 6 : explain SELECT SUM(k) FROM sbtest6 WHERE id BETWEEN 95799 AND 96798
	Aggregate  (cost=3672.49..3672.50 rows=1 width=8)
	  ->  Bitmap Heap Scan on sbtest6  (cost=22.16..3670.12 rows=949 width=4)
	        Recheck Cond: ((id >= 95799) AND (id <= 96798))
	        ->  Bitmap Index Scan on sbtest6_pkey  (cost=0.00..21.93 rows=949 width=0)
	              Index Cond: ((id >= 95799) AND (id <= 96798))

table 7 : explain SELECT SUM(k) FROM sbtest7 WHERE id BETWEEN 6207155 AND 6208154
	Aggregate  (cost=3510.94..3510.95 rows=1 width=8)
	  ->  Bitmap Heap Scan on sbtest7  (cost=21.72..3508.67 rows=906 width=4)
	        Recheck Cond: ((id >= 6207155) AND (id <= 6208154))
	        ->  Bitmap Index Scan on sbtest7_pkey  (cost=0.00..21.50 rows=906 width=0)
	              Index Cond: ((id >= 6207155) AND (id <= 6208154))

table 8 : explain SELECT SUM(k) FROM sbtest8 WHERE id BETWEEN 1495467 AND 1496466
	Aggregate  (cost=4250.39..4250.40 rows=1 width=8)
	  ->  Bitmap Heap Scan on sbtest8  (cost=27.72..4247.64 rows=1101 width=4)
	        Recheck Cond: ((id >= 1495467) AND (id <= 1496466))
	        ->  Bitmap Index Scan on sbtest8_pkey  (cost=0.00..27.44 rows=1101 width=0)
	              Index Cond: ((id >= 1495467) AND (id <= 1496466))

for point_selects
table 1 : explain SELECT c FROM sbtest1 WHERE id=4295171
	Index Scan using sbtest1_pkey on sbtest1  (cost=0.43..8.45 rows=1 width=121)
	  Index Cond: (id = 4295171)

table 2 : explain SELECT c FROM sbtest2 WHERE id=317180
	Index Scan using sbtest2_pkey on sbtest2  (cost=0.43..8.45 rows=1 width=121)
	  Index Cond: (id = 317180)

table 3 : explain SELECT c FROM sbtest3 WHERE id=3631631
	Index Scan using sbtest3_pkey on sbtest3  (cost=0.43..8.45 rows=1 width=121)
	  Index Cond: (id = 3631631)

table 4 : explain SELECT c FROM sbtest4 WHERE id=9544224
	Index Scan using sbtest4_pkey on sbtest4  (cost=0.43..8.45 rows=1 width=121)
	  Index Cond: (id = 9544224)

table 5 : explain SELECT c FROM sbtest5 WHERE id=158613
	Index Scan using sbtest5_pkey on sbtest5  (cost=0.43..8.45 rows=1 width=121)
	  Index Cond: (id = 158613)

table 6 : explain SELECT c FROM sbtest6 WHERE id=762290
	Index Scan using sbtest6_pkey on sbtest6  (cost=0.43..8.45 rows=1 width=121)
	  Index Cond: (id = 762290)

table 7 : explain SELECT c FROM sbtest7 WHERE id=2013886
	Index Scan using sbtest7_pkey on sbtest7  (cost=0.43..8.45 rows=1 width=121)
	  Index Cond: (id = 2013886)

table 8 : explain SELECT c FROM sbtest8 WHERE id=5339388
	Index Scan using sbtest8_pkey on sbtest8  (cost=0.43..8.45 rows=1 width=121)
	  Index Cond: (id = 5339388)

for: simple_ranges
table 1 : explain SELECT c FROM sbtest1 WHERE id BETWEEN 8404295 AND 8405294
	Bitmap Heap Scan on sbtest1  (cost=22.36..3739.45 rows=968 width=121)
	  Recheck Cond: ((id >= 8404295) AND (id <= 8405294))
	  ->  Bitmap Index Scan on sbtest1_pkey  (cost=0.00..22.11 rows=968 width=0)
	        Index Cond: ((id >= 8404295) AND (id <= 8405294))

table 2 : explain SELECT c FROM sbtest2 WHERE id BETWEEN 6369572 AND 6370571
	Bitmap Heap Scan on sbtest2  (cost=22.94..3955.26 rows=1025 width=121)
	  Recheck Cond: ((id >= 6369572) AND (id <= 6370571))
	  ->  Bitmap Index Scan on sbtest2_pkey  (cost=0.00..22.68 rows=1025 width=0)
	        Index Cond: ((id >= 6369572) AND (id <= 6370571))

table 3 : explain SELECT c FROM sbtest3 WHERE id BETWEEN 3587275 AND 3588274
	Bitmap Heap Scan on sbtest3  (cost=21.75..3517.98 rows=909 width=121)
	  Recheck Cond: ((id >= 3587275) AND (id <= 3588274))
	  ->  Bitmap Index Scan on sbtest3_pkey  (cost=0.00..21.52 rows=909 width=0)
	        Index Cond: ((id >= 3587275) AND (id <= 3588274))

table 4 : explain SELECT c FROM sbtest4 WHERE id BETWEEN 7639813 AND 7640812
	Bitmap Heap Scan on sbtest4  (cost=22.10..3647.36 rows=943 width=121)
	  Recheck Cond: ((id >= 7639813) AND (id <= 7640812))
	  ->  Bitmap Index Scan on sbtest4_pkey  (cost=0.00..21.86 rows=943 width=0)
	        Index Cond: ((id >= 7639813) AND (id <= 7640812))

table 5 : explain SELECT c FROM sbtest5 WHERE id BETWEEN 1855044 AND 1856043
	Bitmap Heap Scan on sbtest5  (cost=22.56..3817.22 rows=988 width=121)
	  Recheck Cond: ((id >= 1855044) AND (id <= 1856043))
	  ->  Bitmap Index Scan on sbtest5_pkey  (cost=0.00..22.32 rows=988 width=0)
	        Index Cond: ((id >= 1855044) AND (id <= 1856043))

table 6 : explain SELECT c FROM sbtest6 WHERE id BETWEEN 3506228 AND 3507227
	Bitmap Heap Scan on sbtest6  (cost=22.40..3756.90 rows=972 width=121)
	  Recheck Cond: ((id >= 3506228) AND (id <= 3507227))
	  ->  Bitmap Index Scan on sbtest6_pkey  (cost=0.00..22.15 rows=972 width=0)
	        Index Cond: ((id >= 3506228) AND (id <= 3507227))

table 7 : explain SELECT c FROM sbtest7 WHERE id BETWEEN 387418 AND 388417
	Bitmap Heap Scan on sbtest7  (cost=22.89..3938.99 rows=1020 width=121)
	  Recheck Cond: ((id >= 387418) AND (id <= 388417))
	  ->  Bitmap Index Scan on sbtest7_pkey  (cost=0.00..22.64 rows=1020 width=0)
	        Index Cond: ((id >= 387418) AND (id <= 388417))

table 8 : explain SELECT c FROM sbtest8 WHERE id BETWEEN 7893914 AND 7894913
	Bitmap Heap Scan on sbtest8  (cost=27.49..4164.95 rows=1079 width=121)
	  Recheck Cond: ((id >= 7893914) AND (id <= 7894913))
	  ->  Bitmap Index Scan on sbtest8_pkey  (cost=0.00..27.22 rows=1079 width=0)
	        Index Cond: ((id >= 7893914) AND (id <= 7894913))

for: simple_ranges
table 1 : explain SELECT c FROM sbtest1 WHERE id BETWEEN 7524976 AND 7525975
	Bitmap Heap Scan on sbtest1  (cost=22.67..3856.22 rows=999 width=121)
	  Recheck Cond: ((id >= 7524976) AND (id <= 7525975))
	  ->  Bitmap Index Scan on sbtest1_pkey  (cost=0.00..22.43 rows=999 width=0)
	        Index Cond: ((id >= 7524976) AND (id <= 7525975))

table 2 : explain SELECT c FROM sbtest2 WHERE id BETWEEN 3250856 AND 3251855
	Bitmap Heap Scan on sbtest2  (cost=22.74..3879.98 rows=1005 width=121)
	  Recheck Cond: ((id >= 3250856) AND (id <= 3251855))
	  ->  Bitmap Index Scan on sbtest2_pkey  (cost=0.00..22.48 rows=1005 width=0)
	        Index Cond: ((id >= 3250856) AND (id <= 3251855))

table 3 : explain SELECT c FROM sbtest3 WHERE id BETWEEN 7334017 AND 7335016
	Bitmap Heap Scan on sbtest3  (cost=22.73..3876.33 rows=1004 width=121)
	  Recheck Cond: ((id >= 7334017) AND (id <= 7335016))
	  ->  Bitmap Index Scan on sbtest3_pkey  (cost=0.00..22.47 rows=1004 width=0)
	        Index Cond: ((id >= 7334017) AND (id <= 7335016))

table 4 : explain SELECT c FROM sbtest4 WHERE id BETWEEN 6923799 AND 6924798
	Bitmap Heap Scan on sbtest4  (cost=22.18..3677.56 rows=951 width=121)
	  Recheck Cond: ((id >= 6923799) AND (id <= 6924798))
	  ->  Bitmap Index Scan on sbtest4_pkey  (cost=0.00..21.94 rows=951 width=0)
	        Index Cond: ((id >= 6923799) AND (id <= 6924798))

table 5 : explain SELECT c FROM sbtest5 WHERE id BETWEEN 1997923 AND 1998922
	Bitmap Heap Scan on sbtest5  (cost=22.57..3820.99 rows=989 width=121)
	  Recheck Cond: ((id >= 1997923) AND (id <= 1998922))
	  ->  Bitmap Index Scan on sbtest5_pkey  (cost=0.00..22.32 rows=989 width=0)
	        Index Cond: ((id >= 1997923) AND (id <= 1998922))

table 6 : explain SELECT c FROM sbtest6 WHERE id BETWEEN 9340097 AND 9341096
	Bitmap Heap Scan on sbtest6  (cost=22.88..3934.03 rows=1019 width=121)
	  Recheck Cond: ((id >= 9340097) AND (id <= 9341096))
	  ->  Bitmap Index Scan on sbtest6_pkey  (cost=0.00..22.62 rows=1019 width=0)
	        Index Cond: ((id >= 9340097) AND (id <= 9341096))

table 7 : explain SELECT c FROM sbtest7 WHERE id BETWEEN 7831111 AND 7832110
	Bitmap Heap Scan on sbtest7  (cost=23.07..4006.78 rows=1038 width=121)
	  Recheck Cond: ((id >= 7831111) AND (id <= 7832110))
	  ->  Bitmap Index Scan on sbtest7_pkey  (cost=0.00..22.82 rows=1038 width=0)
	        Index Cond: ((id >= 7831111) AND (id <= 7832110))

table 8 : explain SELECT c FROM sbtest8 WHERE id BETWEEN 6691008 AND 6692007
	Bitmap Heap Scan on sbtest8  (cost=27.14..4033.28 rows=1044 width=121)
	  Recheck Cond: ((id >= 6691008) AND (id <= 6692007))
	  ->  Bitmap Index Scan on sbtest8_pkey  (cost=0.00..26.87 rows=1044 width=0)
	        Index Cond: ((id >= 6691008) AND (id <= 6692007))

for point_selects
table 1 : explain SELECT c FROM sbtest1 WHERE id=6850979
	Index Scan using sbtest1_pkey on sbtest1  (cost=0.43..8.45 rows=1 width=121)
	  Index Cond: (id = 6850979)

table 2 : explain SELECT c FROM sbtest2 WHERE id=6753030
	Index Scan using sbtest2_pkey on sbtest2  (cost=0.43..8.45 rows=1 width=121)
	  Index Cond: (id = 6753030)

table 3 : explain SELECT c FROM sbtest3 WHERE id=1799003
	Index Scan using sbtest3_pkey on sbtest3  (cost=0.43..8.45 rows=1 width=121)
	  Index Cond: (id = 1799003)

table 4 : explain SELECT c FROM sbtest4 WHERE id=9545580
	Index Scan using sbtest4_pkey on sbtest4  (cost=0.43..8.45 rows=1 width=121)
	  Index Cond: (id = 9545580)

table 5 : explain SELECT c FROM sbtest5 WHERE id=4741761
	Index Scan using sbtest5_pkey on sbtest5  (cost=0.43..8.45 rows=1 width=121)
	  Index Cond: (id = 4741761)

table 6 : explain SELECT c FROM sbtest6 WHERE id=1855264
	Index Scan using sbtest6_pkey on sbtest6  (cost=0.43..8.45 rows=1 width=121)
	  Index Cond: (id = 1855264)

table 7 : explain SELECT c FROM sbtest7 WHERE id=7658481
	Index Scan using sbtest7_pkey on sbtest7  (cost=0.43..8.45 rows=1 width=121)
	  Index Cond: (id = 7658481)

table 8 : explain SELECT c FROM sbtest8 WHERE id=5563740
	Index Scan using sbtest8_pkey on sbtest8  (cost=0.43..8.45 rows=1 width=121)
	  Index Cond: (id = 5563740)

for point_selects
table 1 : explain SELECT c FROM sbtest1 WHERE id=6182327
	Index Scan using sbtest1_pkey on sbtest1  (cost=0.43..8.45 rows=1 width=121)
	  Index Cond: (id = 6182327)

table 2 : explain SELECT c FROM sbtest2 WHERE id=1012853
	Index Scan using sbtest2_pkey on sbtest2  (cost=0.43..8.45 rows=1 width=121)
	  Index Cond: (id = 1012853)

table 3 : explain SELECT c FROM sbtest3 WHERE id=6821830
	Index Scan using sbtest3_pkey on sbtest3  (cost=0.43..8.45 rows=1 width=121)
	  Index Cond: (id = 6821830)

table 4 : explain SELECT c FROM sbtest4 WHERE id=8904441
	Index Scan using sbtest4_pkey on sbtest4  (cost=0.43..8.45 rows=1 width=121)
	  Index Cond: (id = 8904441)

table 5 : explain SELECT c FROM sbtest5 WHERE id=2038229
	Index Scan using sbtest5_pkey on sbtest5  (cost=0.43..8.45 rows=1 width=121)
	  Index Cond: (id = 2038229)

table 6 : explain SELECT c FROM sbtest6 WHERE id=6597851
	Index Scan using sbtest6_pkey on sbtest6  (cost=0.43..8.45 rows=1 width=121)
	  Index Cond: (id = 6597851)

table 7 : explain SELECT c FROM sbtest7 WHERE id=6238426
	Index Scan using sbtest7_pkey on sbtest7  (cost=0.43..8.45 rows=1 width=121)
	  Index Cond: (id = 6238426)

table 8 : explain SELECT c FROM sbtest8 WHERE id=353558
	Index Scan using sbtest8_pkey on sbtest8  (cost=0.43..8.45 rows=1 width=121)
	  Index Cond: (id = 353558)

for: sum_ranges
table 1 : explain SELECT SUM(k) FROM sbtest1 WHERE id BETWEEN 4857342 AND 4858341
	Aggregate  (cost=3564.48..3564.49 rows=1 width=8)
	  ->  Bitmap Heap Scan on sbtest1  (cost=21.88..3562.18 rows=921 width=4)
	        Recheck Cond: ((id >= 4857342) AND (id <= 4858341))
	        ->  Bitmap Index Scan on sbtest1_pkey  (cost=0.00..21.64 rows=921 width=0)
	              Index Cond: ((id >= 4857342) AND (id <= 4858341))

table 2 : explain SELECT SUM(k) FROM sbtest2 WHERE id BETWEEN 9315691 AND 9316690
	Aggregate  (cost=4051.92..4051.93 rows=1 width=8)
	  ->  Bitmap Heap Scan on sbtest2  (cost=23.20..4049.30 rows=1050 width=4)
	        Recheck Cond: ((id >= 9315691) AND (id <= 9316690))
	        ->  Bitmap Index Scan on sbtest2_pkey  (cost=0.00..22.93 rows=1050 width=0)
	              Index Cond: ((id >= 9315691) AND (id <= 9316690))

table 3 : explain SELECT SUM(k) FROM sbtest3 WHERE id BETWEEN 3166943 AND 3167942
	Aggregate  (cost=3927.82..3927.83 rows=1 width=8)
	  ->  Bitmap Heap Scan on sbtest3  (cost=22.86..3925.28 rows=1017 width=4)
	        Recheck Cond: ((id >= 3166943) AND (id <= 3167942))
	        ->  Bitmap Index Scan on sbtest3_pkey  (cost=0.00..22.61 rows=1017 width=0)
	              Index Cond: ((id >= 3166943) AND (id <= 3167942))

table 4 : explain SELECT SUM(k) FROM sbtest4 WHERE id BETWEEN 8597815 AND 8598814
	Aggregate  (cost=3778.09..3778.10 rows=1 width=8)
	  ->  Bitmap Heap Scan on sbtest4  (cost=22.45..3775.65 rows=977 width=4)
	        Recheck Cond: ((id >= 8597815) AND (id <= 8598814))
	        ->  Bitmap Index Scan on sbtest4_pkey  (cost=0.00..22.20 rows=977 width=0)
	              Index Cond: ((id >= 8597815) AND (id <= 8598814))

table 5 : explain SELECT SUM(k) FROM sbtest5 WHERE id BETWEEN 6014327 AND 6015326
	Aggregate  (cost=3509.93..3509.94 rows=1 width=8)
	  ->  Bitmap Heap Scan on sbtest5  (cost=21.72..3507.66 rows=906 width=4)
	        Recheck Cond: ((id >= 6014327) AND (id <= 6015326))
	        ->  Bitmap Index Scan on sbtest5_pkey  (cost=0.00..21.50 rows=906 width=0)
	              Index Cond: ((id >= 6014327) AND (id <= 6015326))

table 6 : explain SELECT SUM(k) FROM sbtest6 WHERE id BETWEEN 3038547 AND 3039546
	Aggregate  (cost=3717.81..3717.82 rows=1 width=8)
	  ->  Bitmap Heap Scan on sbtest6  (cost=22.29..3715.40 rows=961 width=4)
	        Recheck Cond: ((id >= 3038547) AND (id <= 3039546))
	        ->  Bitmap Index Scan on sbtest6_pkey  (cost=0.00..22.04 rows=961 width=0)
	              Index Cond: ((id >= 3038547) AND (id <= 3039546))

table 7 : explain SELECT SUM(k) FROM sbtest7 WHERE id BETWEEN 2623903 AND 2624902
	Aggregate  (cost=4069.64..4069.65 rows=1 width=8)
	  ->  Bitmap Heap Scan on sbtest7  (cost=23.24..4067.01 rows=1054 width=4)
	        Recheck Cond: ((id >= 2623903) AND (id <= 2624902))
	        ->  Bitmap Index Scan on sbtest7_pkey  (cost=0.00..22.97 rows=1054 width=0)
	              Index Cond: ((id >= 2623903) AND (id <= 2624902))

table 8 : explain SELECT SUM(k) FROM sbtest8 WHERE id BETWEEN 9578646 AND 9579645
	Aggregate  (cost=3952.99..3953.00 rows=1 width=8)
	  ->  Bitmap Heap Scan on sbtest8  (cost=26.91..3950.44 rows=1022 width=4)
	        Recheck Cond: ((id >= 9578646) AND (id <= 9579645))
	        ->  Bitmap Index Scan on sbtest8_pkey  (cost=0.00..26.65 rows=1022 width=0)
	              Index Cond: ((id >= 9578646) AND (id <= 9579645))

explain: for point_selects :: explain SELECT c FROM sbtest%u WHERE id=%u
for: sum_ranges
table 1 : explain SELECT SUM(k) FROM sbtest1 WHERE id BETWEEN 7073459 AND 7074458
	Aggregate  (cost=3994.24..3994.25 rows=1 width=8)
	  ->  Bitmap Heap Scan on sbtest1  (cost=23.04..3991.66 rows=1035 width=4)
	        Recheck Cond: ((id >= 7073459) AND (id <= 7074458))
	        ->  Bitmap Index Scan on sbtest1_pkey  (cost=0.00..22.79 rows=1035 width=0)
	              Index Cond: ((id >= 7073459) AND (id <= 7074458))

table 2 : explain SELECT SUM(k) FROM sbtest2 WHERE id BETWEEN 5779654 AND 5780653
	Aggregate  (cost=3961.59..3961.60 rows=1 width=8)
	  ->  Bitmap Heap Scan on sbtest2  (cost=22.95..3959.02 rows=1026 width=4)
	        Recheck Cond: ((id >= 5779654) AND (id <= 5780653))
	        ->  Bitmap Index Scan on sbtest2_pkey  (cost=0.00..22.69 rows=1026 width=0)
	              Index Cond: ((id >= 5779654) AND (id <= 5780653))

table 3 : explain SELECT SUM(k) FROM sbtest3 WHERE id BETWEEN 3058060 AND 3059059
	Aggregate  (cost=3709.13..3709.14 rows=1 width=8)
	  ->  Bitmap Heap Scan on sbtest3  (cost=22.26..3706.74 rows=959 width=4)
	        Recheck Cond: ((id >= 3058060) AND (id <= 3059059))
	        ->  Bitmap Index Scan on sbtest3_pkey  (cost=0.00..22.02 rows=959 width=0)
	              Index Cond: ((id >= 3058060) AND (id <= 3059059))

table 4 : explain SELECT SUM(k) FROM sbtest4 WHERE id BETWEEN 8733017 AND 8734016
	Aggregate  (cost=4260.29..4260.30 rows=1 width=8)
	  ->  Bitmap Heap Scan on sbtest4  (cost=27.75..4257.53 rows=1104 width=4)
	        Recheck Cond: ((id >= 8733017) AND (id <= 8734016))
	        ->  Bitmap Index Scan on sbtest4_pkey  (cost=0.00..27.47 rows=1104 width=0)
	              Index Cond: ((id >= 8733017) AND (id <= 8734016))

table 5 : explain SELECT SUM(k) FROM sbtest5 WHERE id BETWEEN 3612499 AND 3613498
	Aggregate  (cost=3853.63..3853.64 rows=1 width=8)
	  ->  Bitmap Heap Scan on sbtest5  (cost=22.65..3851.14 rows=997 width=4)
	        Recheck Cond: ((id >= 3612499) AND (id <= 3613498))
	        ->  Bitmap Index Scan on sbtest5_pkey  (cost=0.00..22.40 rows=997 width=0)
	              Index Cond: ((id >= 3612499) AND (id <= 3613498))

table 6 : explain SELECT SUM(k) FROM sbtest6 WHERE id BETWEEN 3527111 AND 3528110
	Aggregate  (cost=3759.33..3759.34 rows=1 width=8)
	  ->  Bitmap Heap Scan on sbtest6  (cost=22.40..3756.90 rows=972 width=4)
	        Recheck Cond: ((id >= 3527111) AND (id <= 3528110))
	        ->  Bitmap Index Scan on sbtest6_pkey  (cost=0.00..22.15 rows=972 width=0)
	              Index Cond: ((id >= 3527111) AND (id <= 3528110))

table 7 : explain SELECT SUM(k) FROM sbtest7 WHERE id BETWEEN 4984833 AND 4985832
	Aggregate  (cost=4088.47..4088.48 rows=1 width=8)
	  ->  Bitmap Heap Scan on sbtest7  (cost=23.29..4085.82 rows=1059 width=4)
	        Recheck Cond: ((id >= 4984833) AND (id <= 4985832))
	        ->  Bitmap Index Scan on sbtest7_pkey  (cost=0.00..23.02 rows=1059 width=0)
	              Index Cond: ((id >= 4984833) AND (id <= 4985832))

table 8 : explain SELECT SUM(k) FROM sbtest8 WHERE id BETWEEN 2093285 AND 2094284
	Aggregate  (cost=3979.38..3979.39 rows=1 width=8)
	  ->  Bitmap Heap Scan on sbtest8  (cost=26.98..3976.80 rows=1029 width=4)
	        Recheck Cond: ((id >= 2093285) AND (id <= 2094284))
	        ->  Bitmap Index Scan on sbtest8_pkey  (cost=0.00..26.72 rows=1029 width=0)
	              Index Cond: ((id >= 2093285) AND (id <= 2094284))

for: simple_ranges
table 1 : explain SELECT c FROM sbtest1 WHERE id BETWEEN 6949856 AND 6950855
	Bitmap Heap Scan on sbtest1  (cost=22.98..3969.09 rows=1029 width=121)
	  Recheck Cond: ((id >= 6949856) AND (id <= 6950855))
	  ->  Bitmap Index Scan on sbtest1_pkey  (cost=0.00..22.72 rows=1029 width=0)
	        Index Cond: ((id >= 6949856) AND (id <= 6950855))

table 2 : explain SELECT c FROM sbtest2 WHERE id BETWEEN 9289162 AND 9290161
	Bitmap Heap Scan on sbtest2  (cost=22.27..3710.40 rows=960 width=121)
	  Recheck Cond: ((id >= 9289162) AND (id <= 9290161))
	  ->  Bitmap Index Scan on sbtest2_pkey  (cost=0.00..22.04 rows=960 width=0)
	        Index Cond: ((id >= 9289162) AND (id <= 9290161))

table 3 : explain SELECT c FROM sbtest3 WHERE id BETWEEN 1358155 AND 1359154
	Bitmap Heap Scan on sbtest3  (cost=22.58..3823.60 rows=990 width=121)
	  Recheck Cond: ((id >= 1358155) AND (id <= 1359154))
	  ->  Bitmap Index Scan on sbtest3_pkey  (cost=0.00..22.33 rows=990 width=0)
	        Index Cond: ((id >= 1358155) AND (id <= 1359154))

table 4 : explain SELECT c FROM sbtest4 WHERE id BETWEEN 7244088 AND 7245087
	Bitmap Heap Scan on sbtest4  (cost=22.40..3756.79 rows=972 width=121)
	  Recheck Cond: ((id >= 7244088) AND (id <= 7245087))
	  ->  Bitmap Index Scan on sbtest4_pkey  (cost=0.00..22.15 rows=972 width=0)
	        Index Cond: ((id >= 7244088) AND (id <= 7245087))

table 5 : explain SELECT c FROM sbtest5 WHERE id BETWEEN 385492 AND 386491
	Bitmap Heap Scan on sbtest5  (cost=27.62..4208.82 rows=1091 width=121)
	  Recheck Cond: ((id >= 385492) AND (id <= 386491))
	  ->  Bitmap Index Scan on sbtest5_pkey  (cost=0.00..27.34 rows=1091 width=0)
	        Index Cond: ((id >= 385492) AND (id <= 386491))

table 6 : explain SELECT c FROM sbtest6 WHERE id BETWEEN 7597745 AND 7598744
	Bitmap Heap Scan on sbtest6  (cost=22.65..3851.16 rows=997 width=121)
	  Recheck Cond: ((id >= 7597745) AND (id <= 7598744))
	  ->  Bitmap Index Scan on sbtest6_pkey  (cost=0.00..22.40 rows=997 width=0)
	        Index Cond: ((id >= 7597745) AND (id <= 7598744))

table 7 : explain SELECT c FROM sbtest7 WHERE id BETWEEN 6381613 AND 6382612
	Bitmap Heap Scan on sbtest7  (cost=21.82..3546.49 rows=916 width=121)
	  Recheck Cond: ((id >= 6381613) AND (id <= 6382612))
	  ->  Bitmap Index Scan on sbtest7_pkey  (cost=0.00..21.59 rows=916 width=0)
	        Index Cond: ((id >= 6381613) AND (id <= 6382612))

table 8 : explain SELECT c FROM sbtest8 WHERE id BETWEEN 6757335 AND 6758334
	Bitmap Heap Scan on sbtest8  (cost=22.35..3739.06 rows=967 width=121)
	  Recheck Cond: ((id >= 6757335) AND (id <= 6758334))
	  ->  Bitmap Index Scan on sbtest8_pkey  (cost=0.00..22.11 rows=967 width=0)
	        Index Cond: ((id >= 6757335) AND (id <= 6758334))

for: sum_ranges
table 1 : explain SELECT SUM(k) FROM sbtest1 WHERE id BETWEEN 2720371 AND 2721370
	Aggregate  (cost=4140.88..4140.89 rows=1 width=8)
	  ->  Bitmap Heap Scan on sbtest1  (cost=23.44..4138.20 rows=1074 width=4)
	        Recheck Cond: ((id >= 2720371) AND (id <= 2721370))
	        ->  Bitmap Index Scan on sbtest1_pkey  (cost=0.00..23.18 rows=1074 width=0)
	              Index Cond: ((id >= 2720371) AND (id <= 2721370))

table 2 : explain SELECT SUM(k) FROM sbtest2 WHERE id BETWEEN 5191871 AND 5192870
	Aggregate  (cost=3561.73..3561.74 rows=1 width=8)
	  ->  Bitmap Heap Scan on sbtest2  (cost=21.87..3559.43 rows=920 width=4)
	        Recheck Cond: ((id >= 5191871) AND (id <= 5192870))
	        ->  Bitmap Index Scan on sbtest2_pkey  (cost=0.00..21.64 rows=920 width=0)
	              Index Cond: ((id >= 5191871) AND (id <= 5192870))

table 3 : explain SELECT SUM(k) FROM sbtest3 WHERE id BETWEEN 7086036 AND 7087035
	Aggregate  (cost=3878.84..3878.85 rows=1 width=8)
	  ->  Bitmap Heap Scan on sbtest3  (cost=22.73..3876.33 rows=1004 width=4)
	        Recheck Cond: ((id >= 7086036) AND (id <= 7087035))
	        ->  Bitmap Index Scan on sbtest3_pkey  (cost=0.00..22.47 rows=1004 width=0)
	              Index Cond: ((id >= 7086036) AND (id <= 7087035))

table 4 : explain SELECT SUM(k) FROM sbtest4 WHERE id BETWEEN 9898592 AND 9899591
	Aggregate  (cost=4098.60..4098.61 rows=1 width=8)
	  ->  Bitmap Heap Scan on sbtest4  (cost=27.31..4095.95 rows=1061 width=4)
	        Recheck Cond: ((id >= 9898592) AND (id <= 9899591))
	        ->  Bitmap Index Scan on sbtest4_pkey  (cost=0.00..27.04 rows=1061 width=0)
	              Index Cond: ((id >= 9898592) AND (id <= 9899591))

table 5 : explain SELECT SUM(k) FROM sbtest5 WHERE id BETWEEN 4341241 AND 4342240
	Aggregate  (cost=3755.54..3755.55 rows=1 width=8)
	  ->  Bitmap Heap Scan on sbtest5  (cost=22.39..3753.11 rows=971 width=4)
	        Recheck Cond: ((id >= 4341241) AND (id <= 4342240))
	        ->  Bitmap Index Scan on sbtest5_pkey  (cost=0.00..22.14 rows=971 width=0)
	              Index Cond: ((id >= 4341241) AND (id <= 4342240))

table 6 : explain SELECT SUM(k) FROM sbtest6 WHERE id BETWEEN 471420 AND 472419
	Aggregate  (cost=4049.81..4049.82 rows=1 width=8)
	  ->  Bitmap Heap Scan on sbtest6  (cost=27.18..4047.19 rows=1048 width=4)
	        Recheck Cond: ((id >= 471420) AND (id <= 472419))
	        ->  Bitmap Index Scan on sbtest6_pkey  (cost=0.00..26.91 rows=1048 width=0)
	              Index Cond: ((id >= 471420) AND (id <= 472419))

table 7 : explain SELECT SUM(k) FROM sbtest7 WHERE id BETWEEN 3619760 AND 3620759
	Aggregate  (cost=3990.54..3990.55 rows=1 width=8)
	  ->  Bitmap Heap Scan on sbtest7  (cost=23.02..3987.96 rows=1033 width=4)
	        Recheck Cond: ((id >= 3619760) AND (id <= 3620759))
	        ->  Bitmap Index Scan on sbtest7_pkey  (cost=0.00..22.76 rows=1033 width=0)
	              Index Cond: ((id >= 3619760) AND (id <= 3620759))

table 8 : explain SELECT SUM(k) FROM sbtest8 WHERE id BETWEEN 3040850 AND 3041849
	Aggregate  (cost=4077.32..4077.33 rows=1 width=8)
	  ->  Bitmap Heap Scan on sbtest8  (cost=27.25..4074.68 rows=1055 width=4)
	        Recheck Cond: ((id >= 3040850) AND (id <= 3041849))
	        ->  Bitmap Index Scan on sbtest8_pkey  (cost=0.00..26.98 rows=1055 width=0)
	              Index Cond: ((id >= 3040850) AND (id <= 3041849))

for: sum_ranges
table 1 : explain SELECT SUM(k) FROM sbtest1 WHERE id BETWEEN 1273989 AND 1274988
	Aggregate  (cost=3606.02..3606.03 rows=1 width=8)
	  ->  Bitmap Heap Scan on sbtest1  (cost=21.99..3603.69 rows=932 width=4)
	        Recheck Cond: ((id >= 1273989) AND (id <= 1274988))
	        ->  Bitmap Index Scan on sbtest1_pkey  (cost=0.00..21.75 rows=932 width=0)
	              Index Cond: ((id >= 1273989) AND (id <= 1274988))

table 2 : explain SELECT SUM(k) FROM sbtest2 WHERE id BETWEEN 7581217 AND 7582216
	Aggregate  (cost=4232.61..4232.62 rows=1 width=8)
	  ->  Bitmap Heap Scan on sbtest2  (cost=27.68..4229.87 rows=1097 width=4)
	        Recheck Cond: ((id >= 7581217) AND (id <= 7582216))
	        ->  Bitmap Index Scan on sbtest2_pkey  (cost=0.00..27.40 rows=1097 width=0)
	              Index Cond: ((id >= 7581217) AND (id <= 7582216))

table 3 : explain SELECT SUM(k) FROM sbtest3 WHERE id BETWEEN 5029578 AND 5030577
	Aggregate  (cost=3788.36..3788.37 rows=1 width=8)
	  ->  Bitmap Heap Scan on sbtest3  (cost=22.48..3785.91 rows=980 width=4)
	        Recheck Cond: ((id >= 5029578) AND (id <= 5030577))
	        ->  Bitmap Index Scan on sbtest3_pkey  (cost=0.00..22.23 rows=980 width=0)
	              Index Cond: ((id >= 5029578) AND (id <= 5030577))

table 4 : explain SELECT SUM(k) FROM sbtest4 WHERE id BETWEEN 343889 AND 344888
	Aggregate  (cost=4026.86..4026.87 rows=1 width=8)
	  ->  Bitmap Heap Scan on sbtest4  (cost=23.13..4024.25 rows=1043 width=4)
	        Recheck Cond: ((id >= 343889) AND (id <= 344888))
	        ->  Bitmap Index Scan on sbtest4_pkey  (cost=0.00..22.86 rows=1043 width=0)
	              Index Cond: ((id >= 343889) AND (id <= 344888))

table 5 : explain SELECT SUM(k) FROM sbtest5 WHERE id BETWEEN 7652846 AND 7653845
	Aggregate  (cost=3974.24..3974.25 rows=1 width=8)
	  ->  Bitmap Heap Scan on sbtest5  (cost=22.98..3971.66 rows=1029 width=4)
	        Recheck Cond: ((id >= 7652846) AND (id <= 7653845))
	        ->  Bitmap Index Scan on sbtest5_pkey  (cost=0.00..22.72 rows=1029 width=0)
	              Index Cond: ((id >= 7652846) AND (id <= 7653845))

table 6 : explain SELECT SUM(k) FROM sbtest6 WHERE id BETWEEN 3575604 AND 3576603
	Aggregate  (cost=4271.70..4271.71 rows=1 width=8)
	  ->  Bitmap Heap Scan on sbtest6  (cost=27.78..4268.93 rows=1107 width=4)
	        Recheck Cond: ((id >= 3575604) AND (id <= 3576603))
	        ->  Bitmap Index Scan on sbtest6_pkey  (cost=0.00..27.50 rows=1107 width=0)
	              Index Cond: ((id >= 3575604) AND (id <= 3576603))

table 7 : explain SELECT SUM(k) FROM sbtest7 WHERE id BETWEEN 740440 AND 741439
	Aggregate  (cost=4182.79..4182.80 rows=1 width=8)
	  ->  Bitmap Heap Scan on sbtest7  (cost=27.54..4180.08 rows=1083 width=4)
	        Recheck Cond: ((id >= 740440) AND (id <= 741439))
	        ->  Bitmap Index Scan on sbtest7_pkey  (cost=0.00..27.26 rows=1083 width=0)
	              Index Cond: ((id >= 740440) AND (id <= 741439))

table 8 : explain SELECT SUM(k) FROM sbtest8 WHERE id BETWEEN 2126782 AND 2127781
	Aggregate  (cost=3986.91..3986.92 rows=1 width=8)
	  ->  Bitmap Heap Scan on sbtest8  (cost=27.00..3984.34 rows=1031 width=4)
	        Recheck Cond: ((id >= 2126782) AND (id <= 2127781))
	        ->  Bitmap Index Scan on sbtest8_pkey  (cost=0.00..26.75 rows=1031 width=0)
	              Index Cond: ((id >= 2126782) AND (id <= 2127781))

for: simple_ranges
table 1 : explain SELECT c FROM sbtest1 WHERE id BETWEEN 6773536 AND 6774535
	Bitmap Heap Scan on sbtest1  (cost=22.73..3875.04 rows=1004 width=121)
	  Recheck Cond: ((id >= 6773536) AND (id <= 6774535))
	  ->  Bitmap Index Scan on sbtest1_pkey  (cost=0.00..22.47 rows=1004 width=0)
	        Index Cond: ((id >= 6773536) AND (id <= 6774535))

table 2 : explain SELECT c FROM sbtest2 WHERE id BETWEEN 6805142 AND 6806141
	Bitmap Heap Scan on sbtest2  (cost=23.18..4041.78 rows=1048 width=121)
	  Recheck Cond: ((id >= 6805142) AND (id <= 6806141))
	  ->  Bitmap Index Scan on sbtest2_pkey  (cost=0.00..22.91 rows=1048 width=0)
	        Index Cond: ((id >= 6805142) AND (id <= 6806141))

table 3 : explain SELECT c FROM sbtest3 WHERE id BETWEEN 1337728 AND 1338727
	Bitmap Heap Scan on sbtest3  (cost=22.58..3823.60 rows=990 width=121)
	  Recheck Cond: ((id >= 1337728) AND (id <= 1338727))
	  ->  Bitmap Index Scan on sbtest3_pkey  (cost=0.00..22.33 rows=990 width=0)
	        Index Cond: ((id >= 1337728) AND (id <= 1338727))

table 4 : explain SELECT c FROM sbtest4 WHERE id BETWEEN 2267319 AND 2268318
	Bitmap Heap Scan on sbtest4  (cost=28.00..4343.88 rows=1128 width=121)
	  Recheck Cond: ((id >= 2267319) AND (id <= 2268318))
	  ->  Bitmap Index Scan on sbtest4_pkey  (cost=0.00..27.71 rows=1128 width=0)
	        Index Cond: ((id >= 2267319) AND (id <= 2268318))

table 5 : explain SELECT c FROM sbtest5 WHERE id BETWEEN 1729975 AND 1730974
	Bitmap Heap Scan on sbtest5  (cost=22.37..3745.57 rows=969 width=121)
	  Recheck Cond: ((id >= 1729975) AND (id <= 1730974))
	  ->  Bitmap Index Scan on sbtest5_pkey  (cost=0.00..22.12 rows=969 width=0)
	        Index Cond: ((id >= 1729975) AND (id <= 1730974))

table 6 : explain SELECT c FROM sbtest6 WHERE id BETWEEN 480662 AND 481661
	Bitmap Heap Scan on sbtest6  (cost=27.18..4047.19 rows=1048 width=121)
	  Recheck Cond: ((id >= 480662) AND (id <= 481661))
	  ->  Bitmap Index Scan on sbtest6_pkey  (cost=0.00..26.91 rows=1048 width=0)
	        Index Cond: ((id >= 480662) AND (id <= 481661))

table 7 : explain SELECT c FROM sbtest7 WHERE id BETWEEN 8625979 AND 8626978
	Bitmap Heap Scan on sbtest7  (cost=23.29..4085.82 rows=1059 width=121)
	  Recheck Cond: ((id >= 8625979) AND (id <= 8626978))
	  ->  Bitmap Index Scan on sbtest7_pkey  (cost=0.00..23.02 rows=1059 width=0)
	        Index Cond: ((id >= 8625979) AND (id <= 8626978))

table 8 : explain SELECT c FROM sbtest8 WHERE id BETWEEN 7688465 AND 7689464
	Bitmap Heap Scan on sbtest8  (cost=27.01..3988.10 rows=1032 width=121)
	  Recheck Cond: ((id >= 7688465) AND (id <= 7689464))
	  ->  Bitmap Index Scan on sbtest8_pkey  (cost=0.00..26.75 rows=1032 width=0)
	        Index Cond: ((id >= 7688465) AND (id <= 7689464))

for: sum_ranges
table 1 : explain SELECT SUM(k) FROM sbtest1 WHERE id BETWEEN 3618761 AND 3619760
	Aggregate  (cost=3994.24..3994.25 rows=1 width=8)
	  ->  Bitmap Heap Scan on sbtest1  (cost=23.04..3991.66 rows=1035 width=4)
	        Recheck Cond: ((id >= 3618761) AND (id <= 3619760))
	        ->  Bitmap Index Scan on sbtest1_pkey  (cost=0.00..22.79 rows=1035 width=0)
	              Index Cond: ((id >= 3618761) AND (id <= 3619760))

table 2 : explain SELECT SUM(k) FROM sbtest2 WHERE id BETWEEN 7309518 AND 7310517
	Aggregate  (cost=3912.63..3912.64 rows=1 width=8)
	  ->  Bitmap Heap Scan on sbtest2  (cost=22.82..3910.10 rows=1013 width=4)
	        Recheck Cond: ((id >= 7309518) AND (id <= 7310517))
	        ->  Bitmap Index Scan on sbtest2_pkey  (cost=0.00..22.57 rows=1013 width=0)
	              Index Cond: ((id >= 7309518) AND (id <= 7310517))

table 3 : explain SELECT SUM(k) FROM sbtest3 WHERE id BETWEEN 2088879 AND 2089878
	Aggregate  (cost=3792.13..3792.14 rows=1 width=8)
	  ->  Bitmap Heap Scan on sbtest3  (cost=22.49..3789.68 rows=981 width=4)
	        Recheck Cond: ((id >= 2088879) AND (id <= 2089878))
	        ->  Bitmap Index Scan on sbtest3_pkey  (cost=0.00..22.25 rows=981 width=0)
	              Index Cond: ((id >= 2088879) AND (id <= 2089878))

table 4 : explain SELECT SUM(k) FROM sbtest4 WHERE id BETWEEN 7627710 AND 7628709
	Aggregate  (cost=3649.71..3649.72 rows=1 width=8)
	  ->  Bitmap Heap Scan on sbtest4  (cost=22.10..3647.36 rows=943 width=4)
	        Recheck Cond: ((id >= 7627710) AND (id <= 7628709))
	        ->  Bitmap Index Scan on sbtest4_pkey  (cost=0.00..21.86 rows=943 width=0)
	              Index Cond: ((id >= 7627710) AND (id <= 7628709))

table 5 : explain SELECT SUM(k) FROM sbtest5 WHERE id BETWEEN 3998170 AND 3999169
	Aggregate  (cost=3763.09..3763.10 rows=1 width=8)
	  ->  Bitmap Heap Scan on sbtest5  (cost=22.41..3760.66 rows=973 width=4)
	        Recheck Cond: ((id >= 3998170) AND (id <= 3999169))
	        ->  Bitmap Index Scan on sbtest5_pkey  (cost=0.00..22.16 rows=973 width=0)
	              Index Cond: ((id >= 3998170) AND (id <= 3999169))

table 6 : explain SELECT SUM(k) FROM sbtest6 WHERE id BETWEEN 3317955 AND 3318954
	Aggregate  (cost=3672.49..3672.50 rows=1 width=8)
	  ->  Bitmap Heap Scan on sbtest6  (cost=22.16..3670.12 rows=949 width=4)
	        Recheck Cond: ((id >= 3317955) AND (id <= 3318954))
	        ->  Bitmap Index Scan on sbtest6_pkey  (cost=0.00..21.93 rows=949 width=0)
	              Index Cond: ((id >= 3317955) AND (id <= 3318954))

table 7 : explain SELECT SUM(k) FROM sbtest7 WHERE id BETWEEN 9160798 AND 9161797
	Aggregate  (cost=3673.56..3673.57 rows=1 width=8)
	  ->  Bitmap Heap Scan on sbtest7  (cost=22.16..3671.19 rows=949 width=4)
	        Recheck Cond: ((id >= 9160798) AND (id <= 9161797))
	        ->  Bitmap Index Scan on sbtest7_pkey  (cost=0.00..21.93 rows=949 width=0)
	              Index Cond: ((id >= 9160798) AND (id <= 9161797))

table 8 : explain SELECT SUM(k) FROM sbtest8 WHERE id BETWEEN 3538827 AND 3539826
	Aggregate  (cost=3605.44..3605.45 rows=1 width=8)
	  ->  Bitmap Heap Scan on sbtest8  (cost=21.98..3603.11 rows=931 width=4)
	        Recheck Cond: ((id >= 3538827) AND (id <= 3539826))
	        ->  Bitmap Index Scan on sbtest8_pkey  (cost=0.00..21.75 rows=931 width=0)
	              Index Cond: ((id >= 3538827) AND (id <= 3539826))

for: sum_ranges
table 1 : explain SELECT SUM(k) FROM sbtest1 WHERE id BETWEEN 1019435 AND 1020434
	Aggregate  (cost=3609.80..3609.81 rows=1 width=8)
	  ->  Bitmap Heap Scan on sbtest1  (cost=22.00..3607.47 rows=933 width=4)
	        Recheck Cond: ((id >= 1019435) AND (id <= 1020434))
	        ->  Bitmap Index Scan on sbtest1_pkey  (cost=0.00..21.76 rows=933 width=0)
	              Index Cond: ((id >= 1019435) AND (id <= 1020434))

table 2 : explain SELECT SUM(k) FROM sbtest2 WHERE id BETWEEN 4047333 AND 4048332
	Aggregate  (cost=4145.94..4145.95 rows=1 width=8)
	  ->  Bitmap Heap Scan on sbtest2  (cost=23.45..4143.25 rows=1075 width=4)
	        Recheck Cond: ((id >= 4047333) AND (id <= 4048332))
	        ->  Bitmap Index Scan on sbtest2_pkey  (cost=0.00..23.18 rows=1075 width=0)
	              Index Cond: ((id >= 4047333) AND (id <= 4048332))

table 3 : explain SELECT SUM(k) FROM sbtest3 WHERE id BETWEEN 6222719 AND 6223718
	Aggregate  (cost=3508.91..3508.92 rows=1 width=8)
	  ->  Bitmap Heap Scan on sbtest3  (cost=21.72..3506.65 rows=906 width=4)
	        Recheck Cond: ((id >= 6222719) AND (id <= 6223718))
	        ->  Bitmap Index Scan on sbtest3_pkey  (cost=0.00..21.50 rows=906 width=0)
	              Index Cond: ((id >= 6222719) AND (id <= 6223718))

table 4 : explain SELECT SUM(k) FROM sbtest4 WHERE id BETWEEN 2292795 AND 2293794
	Aggregate  (cost=4346.70..4346.71 rows=1 width=8)
	  ->  Bitmap Heap Scan on sbtest4  (cost=28.00..4343.88 rows=1128 width=4)
	        Recheck Cond: ((id >= 2292795) AND (id <= 2293794))
	        ->  Bitmap Index Scan on sbtest4_pkey  (cost=0.00..27.71 rows=1128 width=0)
	              Index Cond: ((id >= 2292795) AND (id <= 2293794))

table 5 : explain SELECT SUM(k) FROM sbtest5 WHERE id BETWEEN 2967540 AND 2968539
	Aggregate  (cost=4000.60..4000.61 rows=1 width=8)
	  ->  Bitmap Heap Scan on sbtest5  (cost=23.05..3998.01 rows=1036 width=4)
	        Recheck Cond: ((id >= 2967540) AND (id <= 2968539))
	        ->  Bitmap Index Scan on sbtest5_pkey  (cost=0.00..22.79 rows=1036 width=0)
	              Index Cond: ((id >= 2967540) AND (id <= 2968539))

table 6 : explain SELECT SUM(k) FROM sbtest6 WHERE id BETWEEN 8725118 AND 8726117
	Aggregate  (cost=3981.79..3981.80 rows=1 width=8)
	  ->  Bitmap Heap Scan on sbtest6  (cost=23.00..3979.21 rows=1031 width=4)
	        Recheck Cond: ((id >= 8725118) AND (id <= 8726117))
	        ->  Bitmap Index Scan on sbtest6_pkey  (cost=0.00..22.75 rows=1031 width=0)
	              Index Cond: ((id >= 8725118) AND (id <= 8726117))

table 7 : explain SELECT SUM(k) FROM sbtest7 WHERE id BETWEEN 4332205 AND 4333204
	Aggregate  (cost=3749.11..3749.12 rows=1 width=8)
	  ->  Bitmap Heap Scan on sbtest7  (cost=22.37..3746.69 rows=969 width=4)
	        Recheck Cond: ((id >= 4332205) AND (id <= 4333204))
	        ->  Bitmap Index Scan on sbtest7_pkey  (cost=0.00..22.12 rows=969 width=0)
	              Index Cond: ((id >= 4332205) AND (id <= 4333204))

table 8 : explain SELECT SUM(k) FROM sbtest8 WHERE id BETWEEN 5937358 AND 5938357
	Aggregate  (cost=3718.82..3718.83 rows=1 width=8)
	  ->  Bitmap Heap Scan on sbtest8  (cost=22.29..3716.42 rows=961 width=4)
	        Recheck Cond: ((id >= 5937358) AND (id <= 5938357))
	        ->  Bitmap Index Scan on sbtest8_pkey  (cost=0.00..22.04 rows=961 width=0)
	              Index Cond: ((id >= 5937358) AND (id <= 5938357))

explain: for point_selects :: explain SELECT c FROM sbtest%u WHERE id=%u
for: simple_ranges
table 1 : explain SELECT c FROM sbtest1 WHERE id BETWEEN 926628 AND 927627
	Bitmap Heap Scan on sbtest1  (cost=22.00..3607.47 rows=933 width=121)
	  Recheck Cond: ((id >= 926628) AND (id <= 927627))
	  ->  Bitmap Index Scan on sbtest1_pkey  (cost=0.00..21.76 rows=933 width=0)
	        Index Cond: ((id >= 926628) AND (id <= 927627))

table 2 : explain SELECT c FROM sbtest2 WHERE id BETWEEN 2331223 AND 2332222
	Bitmap Heap Scan on sbtest2  (cost=23.33..4098.16 rows=1063 width=121)
	  Recheck Cond: ((id >= 2331223) AND (id <= 2332222))
	  ->  Bitmap Index Scan on sbtest2_pkey  (cost=0.00..23.07 rows=1063 width=0)
	        Index Cond: ((id >= 2331223) AND (id <= 2332222))

table 3 : explain SELECT c FROM sbtest3 WHERE id BETWEEN 1485086 AND 1486085
	Bitmap Heap Scan on sbtest3  (cost=22.75..3883.86 rows=1006 width=121)
	  Recheck Cond: ((id >= 1485086) AND (id <= 1486085))
	  ->  Bitmap Index Scan on sbtest3_pkey  (cost=0.00..22.50 rows=1006 width=0)
	        Index Cond: ((id >= 1485086) AND (id <= 1486085))

table 4 : explain SELECT c FROM sbtest4 WHERE id BETWEEN 1064794 AND 1065793
	Bitmap Heap Scan on sbtest4  (cost=21.98..3602.04 rows=931 width=121)
	  Recheck Cond: ((id >= 1064794) AND (id <= 1065793))
	  ->  Bitmap Index Scan on sbtest4_pkey  (cost=0.00..21.75 rows=931 width=0)
	        Index Cond: ((id >= 1064794) AND (id <= 1065793))

table 5 : explain SELECT c FROM sbtest5 WHERE id BETWEEN 8463685 AND 8464684
	Bitmap Heap Scan on sbtest5  (cost=23.11..4016.83 rows=1041 width=121)
	  Recheck Cond: ((id >= 8463685) AND (id <= 8464684))
	  ->  Bitmap Index Scan on sbtest5_pkey  (cost=0.00..22.84 rows=1041 width=0)
	        Index Cond: ((id >= 8463685) AND (id <= 8464684))

table 6 : explain SELECT c FROM sbtest6 WHERE id BETWEEN 8118455 AND 8119454
	Bitmap Heap Scan on sbtest6  (cost=22.34..3734.27 rows=966 width=121)
	  Recheck Cond: ((id >= 8118455) AND (id <= 8119454))
	  ->  Bitmap Index Scan on sbtest6_pkey  (cost=0.00..22.09 rows=966 width=0)
	        Index Cond: ((id >= 8118455) AND (id <= 8119454))

table 7 : explain SELECT c FROM sbtest7 WHERE id BETWEEN 946622 AND 947621
	Bitmap Heap Scan on sbtest7  (cost=21.60..3463.28 rows=894 width=121)
	  Recheck Cond: ((id >= 946622) AND (id <= 947621))
	  ->  Bitmap Index Scan on sbtest7_pkey  (cost=0.00..21.37 rows=894 width=0)
	        Index Cond: ((id >= 946622) AND (id <= 947621))

table 8 : explain SELECT c FROM sbtest8 WHERE id BETWEEN 6153545 AND 6154544
	Bitmap Heap Scan on sbtest8  (cost=21.61..3466.99 rows=895 width=121)
	  Recheck Cond: ((id >= 6153545) AND (id <= 6154544))
	  ->  Bitmap Index Scan on sbtest8_pkey  (cost=0.00..21.39 rows=895 width=0)
	        Index Cond: ((id >= 6153545) AND (id <= 6154544))

for: order_ranges
table 1 : explain SELECT c FROM sbtest1 WHERE id BETWEEN 6246863 AND 6247862 ORDER BY c
	Sort  (cost=4085.47..4088.08 rows=1046 width=121)
	  Sort Key: c
	  ->  Bitmap Heap Scan on sbtest1  (cost=23.16..4033.01 rows=1046 width=121)
	        Recheck Cond: ((id >= 6246863) AND (id <= 6247862))
	        ->  Bitmap Index Scan on sbtest1_pkey  (cost=0.00..22.89 rows=1046 width=0)
	              Index Cond: ((id >= 6246863) AND (id <= 6247862))

table 2 : explain SELECT c FROM sbtest2 WHERE id BETWEEN 1592272 AND 1593271 ORDER BY c
	Sort  (cost=3738.81..3741.19 rows=955 width=121)
	  Sort Key: c
	  ->  Bitmap Heap Scan on sbtest2  (cost=22.22..3691.54 rows=955 width=121)
	        Recheck Cond: ((id >= 1592272) AND (id <= 1593271))
	        ->  Bitmap Index Scan on sbtest2_pkey  (cost=0.00..21.98 rows=955 width=0)
	              Index Cond: ((id >= 1592272) AND (id <= 1593271))

table 3 : explain SELECT c FROM sbtest3 WHERE id BETWEEN 9586741 AND 9587740 ORDER BY c
	Sort  (cost=3704.45..3706.82 rows=946 width=121)
	  Sort Key: c
	  ->  Bitmap Heap Scan on sbtest3  (cost=22.13..3657.69 rows=946 width=121)
	        Recheck Cond: ((id >= 9586741) AND (id <= 9587740))
	        ->  Bitmap Index Scan on sbtest3_pkey  (cost=0.00..21.89 rows=946 width=0)
	              Index Cond: ((id >= 9586741) AND (id <= 9587740))

table 4 : explain SELECT c FROM sbtest4 WHERE id BETWEEN 4234922 AND 4235921 ORDER BY c
	Sort  (cost=3682.45..3684.80 rows=940 width=121)
	  Sort Key: c
	  ->  Bitmap Heap Scan on sbtest4  (cost=22.07..3636.03 rows=940 width=121)
	        Recheck Cond: ((id >= 4234922) AND (id <= 4235921))
	        ->  Bitmap Index Scan on sbtest4_pkey  (cost=0.00..21.83 rows=940 width=0)
	              Index Cond: ((id >= 4234922) AND (id <= 4235921))

table 5 : explain SELECT c FROM sbtest5 WHERE id BETWEEN 7406401 AND 7407400 ORDER BY c
	Sort  (cost=4260.05..4262.78 rows=1090 width=121)
	  Sort Key: c
	  ->  Bitmap Heap Scan on sbtest5  (cost=27.61..4205.06 rows=1090 width=121)
	        Recheck Cond: ((id >= 7406401) AND (id <= 7407400))
	        ->  Bitmap Index Scan on sbtest5_pkey  (cost=0.00..27.33 rows=1090 width=0)
	              Index Cond: ((id >= 7406401) AND (id <= 7407400))

table 6 : explain SELECT c FROM sbtest6 WHERE id BETWEEN 4634983 AND 4635982 ORDER BY c
	Sort  (cost=3958.18..3960.71 rows=1012 width=121)
	  Sort Key: c
	  ->  Bitmap Heap Scan on sbtest6  (cost=22.81..3907.67 rows=1012 width=121)
	        Recheck Cond: ((id >= 4634983) AND (id <= 4635982))
	        ->  Bitmap Index Scan on sbtest6_pkey  (cost=0.00..22.55 rows=1012 width=0)
	              Index Cond: ((id >= 4634983) AND (id <= 4635982))

table 7 : explain SELECT c FROM sbtest7 WHERE id BETWEEN 2166002 AND 2167001 ORDER BY c
	Sort  (cost=3894.31..3896.80 rows=995 width=121)
	  Sort Key: c
	  ->  Bitmap Heap Scan on sbtest7  (cost=22.63..3844.77 rows=995 width=121)
	        Recheck Cond: ((id >= 2166002) AND (id <= 2167001))
	        ->  Bitmap Index Scan on sbtest7_pkey  (cost=0.00..22.39 rows=995 width=0)
	              Index Cond: ((id >= 2166002) AND (id <= 2167001))

table 8 : explain SELECT c FROM sbtest8 WHERE id BETWEEN 2632869 AND 2633868 ORDER BY c
	Sort  (cost=4085.63..4088.24 rows=1044 width=121)
	  Sort Key: c
	  ->  Bitmap Heap Scan on sbtest8  (cost=27.14..4033.28 rows=1044 width=121)
	        Recheck Cond: ((id >= 2632869) AND (id <= 2633868))
	        ->  Bitmap Index Scan on sbtest8_pkey  (cost=0.00..26.87 rows=1044 width=0)
	              Index Cond: ((id >= 2632869) AND (id <= 2633868))

for: simple_ranges
table 1 : explain SELECT c FROM sbtest1 WHERE id BETWEEN 7230073 AND 7231072
	Bitmap Heap Scan on sbtest1  (cost=23.05..3995.42 rows=1036 width=121)
	  Recheck Cond: ((id >= 7230073) AND (id <= 7231072))
	  ->  Bitmap Index Scan on sbtest1_pkey  (cost=0.00..22.79 rows=1036 width=0)
	        Index Cond: ((id >= 7230073) AND (id <= 7231072))

table 2 : explain SELECT c FROM sbtest2 WHERE id BETWEEN 914849 AND 915848
	Bitmap Heap Scan on sbtest2  (cost=28.57..4552.28 rows=1184 width=121)
	  Recheck Cond: ((id >= 914849) AND (id <= 915848))
	  ->  Bitmap Index Scan on sbtest2_pkey  (cost=0.00..28.27 rows=1184 width=0)
	        Index Cond: ((id >= 914849) AND (id <= 915848))

table 3 : explain SELECT c FROM sbtest3 WHERE id BETWEEN 8200748 AND 8201747
	Bitmap Heap Scan on sbtest3  (cost=23.07..4004.30 rows=1038 width=121)
	  Recheck Cond: ((id >= 8200748) AND (id <= 8201747))
	  ->  Bitmap Index Scan on sbtest3_pkey  (cost=0.00..22.82 rows=1038 width=0)
	        Index Cond: ((id >= 8200748) AND (id <= 8201747))

table 4 : explain SELECT c FROM sbtest4 WHERE id BETWEEN 9438336 AND 9439335
	Bitmap Heap Scan on sbtest4  (cost=23.07..4005.43 rows=1038 width=121)
	  Recheck Cond: ((id >= 9438336) AND (id <= 9439335))
	  ->  Bitmap Index Scan on sbtest4_pkey  (cost=0.00..22.82 rows=1038 width=0)
	        Index Cond: ((id >= 9438336) AND (id <= 9439335))

table 5 : explain SELECT c FROM sbtest5 WHERE id BETWEEN 3808277 AND 3809276
	Bitmap Heap Scan on sbtest5  (cost=22.37..3745.57 rows=969 width=121)
	  Recheck Cond: ((id >= 3808277) AND (id <= 3809276))
	  ->  Bitmap Index Scan on sbtest5_pkey  (cost=0.00..22.12 rows=969 width=0)
	        Index Cond: ((id >= 3808277) AND (id <= 3809276))

table 6 : explain SELECT c FROM sbtest6 WHERE id BETWEEN 5330 AND 6329
	Bitmap Heap Scan on sbtest6  (cost=22.16..3670.12 rows=949 width=121)
	  Recheck Cond: ((id >= 5330) AND (id <= 6329))
	  ->  Bitmap Index Scan on sbtest6_pkey  (cost=0.00..21.93 rows=949 width=0)
	        Index Cond: ((id >= 5330) AND (id <= 6329))

table 7 : explain SELECT c FROM sbtest7 WHERE id BETWEEN 7579323 AND 7580322
	Bitmap Heap Scan on sbtest7  (cost=23.17..4040.66 rows=1047 width=121)
	  Recheck Cond: ((id >= 7579323) AND (id <= 7580322))
	  ->  Bitmap Index Scan on sbtest7_pkey  (cost=0.00..22.90 rows=1047 width=0)
	        Index Cond: ((id >= 7579323) AND (id <= 7580322))

table 8 : explain SELECT c FROM sbtest8 WHERE id BETWEEN 5322070 AND 5323069
	Bitmap Heap Scan on sbtest8  (cost=22.48..3788.11 rows=980 width=121)
	  Recheck Cond: ((id >= 5322070) AND (id <= 5323069))
	  ->  Bitmap Index Scan on sbtest8_pkey  (cost=0.00..22.23 rows=980 width=0)
	        Index Cond: ((id >= 5322070) AND (id <= 5323069))

for: sum_ranges
table 1 : explain SELECT SUM(k) FROM sbtest1 WHERE id BETWEEN 5549843 AND 5550842
	Aggregate  (cost=3647.55..3647.56 rows=1 width=8)
	  ->  Bitmap Heap Scan on sbtest1  (cost=22.10..3645.19 rows=943 width=4)
	        Recheck Cond: ((id >= 5549843) AND (id <= 5550842))
	        ->  Bitmap Index Scan on sbtest1_pkey  (cost=0.00..21.86 rows=943 width=0)
	              Index Cond: ((id >= 5549843) AND (id <= 5550842))

table 2 : explain SELECT SUM(k) FROM sbtest2 WHERE id BETWEEN 3108436 AND 3109435
	Aggregate  (cost=3999.24..3999.25 rows=1 width=8)
	  ->  Bitmap Heap Scan on sbtest2  (cost=23.05..3996.65 rows=1036 width=4)
	        Recheck Cond: ((id >= 3108436) AND (id <= 3109435))
	        ->  Bitmap Index Scan on sbtest2_pkey  (cost=0.00..22.79 rows=1036 width=0)
	              Index Cond: ((id >= 3108436) AND (id <= 3109435))

table 3 : explain SELECT SUM(k) FROM sbtest3 WHERE id BETWEEN 7288594 AND 7289593
	Aggregate  (cost=3886.38..3886.39 rows=1 width=8)
	  ->  Bitmap Heap Scan on sbtest3  (cost=22.75..3883.86 rows=1006 width=4)
	        Recheck Cond: ((id >= 7288594) AND (id <= 7289593))
	        ->  Bitmap Index Scan on sbtest3_pkey  (cost=0.00..22.50 rows=1006 width=0)
	              Index Cond: ((id >= 7288594) AND (id <= 7289593))

table 4 : explain SELECT SUM(k) FROM sbtest4 WHERE id BETWEEN 7827855 AND 7828854
	Aggregate  (cost=3981.67..3981.68 rows=1 width=8)
	  ->  Bitmap Heap Scan on sbtest4  (cost=23.00..3979.09 rows=1031 width=4)
	        Recheck Cond: ((id >= 7827855) AND (id <= 7828854))
	        ->  Bitmap Index Scan on sbtest4_pkey  (cost=0.00..22.75 rows=1031 width=0)
	              Index Cond: ((id >= 7827855) AND (id <= 7828854))

table 5 : explain SELECT SUM(k) FROM sbtest5 WHERE id BETWEEN 6805958 AND 6806957
	Aggregate  (cost=3755.54..3755.55 rows=1 width=8)
	  ->  Bitmap Heap Scan on sbtest5  (cost=22.39..3753.11 rows=971 width=4)
	        Recheck Cond: ((id >= 6805958) AND (id <= 6806957))
	        ->  Bitmap Index Scan on sbtest5_pkey  (cost=0.00..22.14 rows=971 width=0)
	              Index Cond: ((id >= 6805958) AND (id <= 6806957))

table 6 : explain SELECT SUM(k) FROM sbtest6 WHERE id BETWEEN 4645636 AND 4646635
	Aggregate  (cost=3910.20..3910.21 rows=1 width=8)
	  ->  Bitmap Heap Scan on sbtest6  (cost=22.81..3907.67 rows=1012 width=4)
	        Recheck Cond: ((id >= 4645636) AND (id <= 4646635))
	        ->  Bitmap Index Scan on sbtest6_pkey  (cost=0.00..22.55 rows=1012 width=0)
	              Index Cond: ((id >= 4645636) AND (id <= 4646635))

table 7 : explain SELECT SUM(k) FROM sbtest7 WHERE id BETWEEN 2900285 AND 2901284
	Aggregate  (cost=3926.46..3926.47 rows=1 width=8)
	  ->  Bitmap Heap Scan on sbtest7  (cost=22.85..3923.92 rows=1016 width=4)
	        Recheck Cond: ((id >= 2900285) AND (id <= 2901284))
	        ->  Bitmap Index Scan on sbtest7_pkey  (cost=0.00..22.59 rows=1016 width=0)
	              Index Cond: ((id >= 2900285) AND (id <= 2901284))

table 8 : explain SELECT SUM(k) FROM sbtest8 WHERE id BETWEEN 799521 AND 800520
	Aggregate  (cost=3866.26..3866.27 rows=1 width=8)
	  ->  Bitmap Heap Scan on sbtest8  (cost=26.67..3863.76 rows=999 width=4)
	        Recheck Cond: ((id >= 799521) AND (id <= 800520))
	        ->  Bitmap Index Scan on sbtest8_pkey  (cost=0.00..26.43 rows=999 width=0)
	              Index Cond: ((id >= 799521) AND (id <= 800520))

for point_selects
table 1 : explain SELECT c FROM sbtest1 WHERE id=1792620
	Index Scan using sbtest1_pkey on sbtest1  (cost=0.43..8.45 rows=1 width=121)
	  Index Cond: (id = 1792620)

table 2 : explain SELECT c FROM sbtest2 WHERE id=950901
	Index Scan using sbtest2_pkey on sbtest2  (cost=0.43..8.45 rows=1 width=121)
	  Index Cond: (id = 950901)

table 3 : explain SELECT c FROM sbtest3 WHERE id=4165812
	Index Scan using sbtest3_pkey on sbtest3  (cost=0.43..8.45 rows=1 width=121)
	  Index Cond: (id = 4165812)

table 4 : explain SELECT c FROM sbtest4 WHERE id=2959309
	Index Scan using sbtest4_pkey on sbtest4  (cost=0.43..8.45 rows=1 width=121)
	  Index Cond: (id = 2959309)

table 5 : explain SELECT c FROM sbtest5 WHERE id=2602246
	Index Scan using sbtest5_pkey on sbtest5  (cost=0.43..8.45 rows=1 width=121)
	  Index Cond: (id = 2602246)

table 6 : explain SELECT c FROM sbtest6 WHERE id=8769257
	Index Scan using sbtest6_pkey on sbtest6  (cost=0.43..8.45 rows=1 width=121)
	  Index Cond: (id = 8769257)

table 7 : explain SELECT c FROM sbtest7 WHERE id=116979
	Index Scan using sbtest7_pkey on sbtest7  (cost=0.43..8.45 rows=1 width=121)
	  Index Cond: (id = 116979)

table 8 : explain SELECT c FROM sbtest8 WHERE id=8041268
	Index Scan using sbtest8_pkey on sbtest8  (cost=0.43..8.45 rows=1 width=121)
	  Index Cond: (id = 8041268)

for: order_ranges
table 1 : explain SELECT c FROM sbtest1 WHERE id BETWEEN 4927510 AND 4928509 ORDER BY c
	Sort  (cost=3607.52..3609.83 rows=921 width=121)
	  Sort Key: c
	  ->  Bitmap Heap Scan on sbtest1  (cost=21.88..3562.18 rows=921 width=121)
	        Recheck Cond: ((id >= 4927510) AND (id <= 4928509))
	        ->  Bitmap Index Scan on sbtest1_pkey  (cost=0.00..21.64 rows=921 width=0)
	              Index Cond: ((id >= 4927510) AND (id <= 4928509))

table 2 : explain SELECT c FROM sbtest2 WHERE id BETWEEN 6193145 AND 6194144 ORDER BY c
	Sort  (cost=3956.85..3959.38 rows=1012 width=121)
	  Sort Key: c
	  ->  Bitmap Heap Scan on sbtest2  (cost=22.81..3906.33 rows=1012 width=121)
	        Recheck Cond: ((id >= 6193145) AND (id <= 6194144))
	        ->  Bitmap Index Scan on sbtest2_pkey  (cost=0.00..22.55 rows=1012 width=0)
	              Index Cond: ((id >= 6193145) AND (id <= 6194144))

table 3 : explain SELECT c FROM sbtest3 WHERE id BETWEEN 1961338 AND 1962337 ORDER BY c
	Sort  (cost=3842.25..3844.71 rows=982 width=121)
	  Sort Key: c
	  ->  Bitmap Heap Scan on sbtest3  (cost=22.50..3793.45 rows=982 width=121)
	        Recheck Cond: ((id >= 1961338) AND (id <= 1962337))
	        ->  Bitmap Index Scan on sbtest3_pkey  (cost=0.00..22.25 rows=982 width=0)
	              Index Cond: ((id >= 1961338) AND (id <= 1962337))

table 4 : explain SELECT c FROM sbtest4 WHERE id BETWEEN 7993557 AND 7994556 ORDER BY c
	Sort  (cost=3935.12..3937.63 rows=1006 width=121)
	  Sort Key: c
	  ->  Bitmap Heap Scan on sbtest4  (cost=22.75..3884.95 rows=1006 width=121)
	        Recheck Cond: ((id >= 7993557) AND (id <= 7994556))
	        ->  Bitmap Index Scan on sbtest4_pkey  (cost=0.00..22.50 rows=1006 width=0)
	              Index Cond: ((id >= 7993557) AND (id <= 7994556))

table 5 : explain SELECT c FROM sbtest5 WHERE id BETWEEN 8722657 AND 8723656 ORDER BY c
	Sort  (cost=3843.40..3845.85 rows=982 width=121)
	  Sort Key: c
	  ->  Bitmap Heap Scan on sbtest5  (cost=22.50..3794.60 rows=982 width=121)
	        Recheck Cond: ((id >= 8722657) AND (id <= 8723656))
	        ->  Bitmap Index Scan on sbtest5_pkey  (cost=0.00..22.25 rows=982 width=0)
	              Index Cond: ((id >= 8722657) AND (id <= 8723656))

table 6 : explain SELECT c FROM sbtest6 WHERE id BETWEEN 3694201 AND 3695200 ORDER BY c
	Sort  (cost=3651.89..3654.22 rows=932 width=121)
	  Sort Key: c
	  ->  Bitmap Heap Scan on sbtest6  (cost=21.99..3605.93 rows=932 width=121)
	        Recheck Cond: ((id >= 3694201) AND (id <= 3695200))
	        ->  Bitmap Index Scan on sbtest6_pkey  (cost=0.00..21.75 rows=932 width=0)
	              Index Cond: ((id >= 3694201) AND (id <= 3695200))

table 7 : explain SELECT c FROM sbtest7 WHERE id BETWEEN 1544480 AND 1545479 ORDER BY c
	Sort  (cost=3691.28..3693.63 rows=942 width=121)
	  Sort Key: c
	  ->  Bitmap Heap Scan on sbtest7  (cost=22.09..3644.75 rows=942 width=121)
	        Recheck Cond: ((id >= 1544480) AND (id <= 1545479))
	        ->  Bitmap Index Scan on sbtest7_pkey  (cost=0.00..21.86 rows=942 width=0)
	              Index Cond: ((id >= 1544480) AND (id <= 1545479))

table 8 : explain SELECT c FROM sbtest8 WHERE id BETWEEN 7170081 AND 7171080 ORDER BY c
	Sort  (cost=3725.70..3728.08 rows=951 width=121)
	  Sort Key: c
	  ->  Bitmap Heap Scan on sbtest8  (cost=22.18..3678.66 rows=951 width=121)
	        Recheck Cond: ((id >= 7170081) AND (id <= 7171080))
	        ->  Bitmap Index Scan on sbtest8_pkey  (cost=0.00..21.94 rows=951 width=0)
	              Index Cond: ((id >= 7170081) AND (id <= 7171080))

for: distinct_ranges
table 1 : explain SELECT DISTINCT c FROM sbtest1 WHERE id BETWEEN 1398808 AND 1399807 ORDER BY c
	Unique  (cost=3726.24..3731.00 rows=952 width=121)
	  ->  Sort  (cost=3726.24..3728.62 rows=952 width=121)
	        Sort Key: c
	        ->  Bitmap Heap Scan on sbtest1  (cost=22.19..3679.14 rows=952 width=121)
	              Recheck Cond: ((id >= 1398808) AND (id <= 1399807))
	              ->  Bitmap Index Scan on sbtest1_pkey  (cost=0.00..21.95 rows=952 width=0)
	                    Index Cond: ((id >= 1398808) AND (id <= 1399807))

table 2 : explain SELECT DISTINCT c FROM sbtest2 WHERE id BETWEEN 5215751 AND 5216750 ORDER BY c
	Unique  (cost=3604.72..3609.32 rows=920 width=121)
	  ->  Sort  (cost=3604.72..3607.02 rows=920 width=121)
	        Sort Key: c
	        ->  Bitmap Heap Scan on sbtest2  (cost=21.87..3559.43 rows=920 width=121)
	              Recheck Cond: ((id >= 5215751) AND (id <= 5216750))
	              ->  Bitmap Index Scan on sbtest2_pkey  (cost=0.00..21.64 rows=920 width=0)
	                    Index Cond: ((id >= 5215751) AND (id <= 5216750))

table 3 : explain SELECT DISTINCT c FROM sbtest3 WHERE id BETWEEN 3291307 AND 3292306 ORDER BY c
	Unique  (cost=3849.91..3854.83 rows=984 width=121)
	  ->  Sort  (cost=3849.91..3852.37 rows=984 width=121)
	        Sort Key: c
	        ->  Bitmap Heap Scan on sbtest3  (cost=22.52..3800.99 rows=984 width=121)
	              Recheck Cond: ((id >= 3291307) AND (id <= 3292306))
	              ->  Bitmap Index Scan on sbtest3_pkey  (cost=0.00..22.27 rows=984 width=0)
	                    Index Cond: ((id >= 3291307) AND (id <= 3292306))

table 4 : explain SELECT DISTINCT c FROM sbtest4 WHERE id BETWEEN 3142931 AND 3143930 ORDER BY c
	Unique  (cost=4114.91..4120.17 rows=1052 width=121)
	  ->  Sort  (cost=4114.91..4117.54 rows=1052 width=121)
	        Sort Key: c
	        ->  Bitmap Heap Scan on sbtest4  (cost=27.22..4062.11 rows=1052 width=121)
	              Recheck Cond: ((id >= 3142931) AND (id <= 3143930))
	              ->  Bitmap Index Scan on sbtest4_pkey  (cost=0.00..26.95 rows=1052 width=0)
	                    Index Cond: ((id >= 3142931) AND (id <= 3143930))

table 5 : explain SELECT DISTINCT c FROM sbtest5 WHERE id BETWEEN 187598 AND 188597 ORDER BY c
	Unique  (cost=4042.26..4047.43 rows=1034 width=121)
	  ->  Sort  (cost=4042.26..4044.84 rows=1034 width=121)
	        Sort Key: c
	        ->  Bitmap Heap Scan on sbtest5  (cost=23.03..3990.49 rows=1034 width=121)
	              Recheck Cond: ((id >= 187598) AND (id <= 188597))
	              ->  Bitmap Index Scan on sbtest5_pkey  (cost=0.00..22.77 rows=1034 width=0)
	                    Index Cond: ((id >= 187598) AND (id <= 188597))

table 6 : explain SELECT DISTINCT c FROM sbtest6 WHERE id BETWEEN 7378750 AND 7379749 ORDER BY c
	Unique  (cost=4057.56..4062.75 rows=1038 width=121)
	  ->  Sort  (cost=4057.56..4060.15 rows=1038 width=121)
	        Sort Key: c
	        ->  Bitmap Heap Scan on sbtest6  (cost=23.07..4005.56 rows=1038 width=121)
	              Recheck Cond: ((id >= 7378750) AND (id <= 7379749))
	              ->  Bitmap Index Scan on sbtest6_pkey  (cost=0.00..22.82 rows=1038 width=0)
	                    Index Cond: ((id >= 7378750) AND (id <= 7379749))

table 7 : explain SELECT DISTINCT c FROM sbtest7 WHERE id BETWEEN 1803235 AND 1804234 ORDER BY c
	Unique  (cost=4089.36..4094.59 rows=1046 width=121)
	  ->  Sort  (cost=4089.36..4091.97 rows=1046 width=121)
	        Sort Key: c
	        ->  Bitmap Heap Scan on sbtest7  (cost=23.16..4036.90 rows=1046 width=121)
	              Recheck Cond: ((id >= 1803235) AND (id <= 1804234))
	              ->  Bitmap Index Scan on sbtest7_pkey  (cost=0.00..22.89 rows=1046 width=0)
	                    Index Cond: ((id >= 1803235) AND (id <= 1804234))

table 8 : explain SELECT DISTINCT c FROM sbtest8 WHERE id BETWEEN 3469784 AND 3470783 ORDER BY c
	Unique  (cost=3990.05..3995.15 rows=1019 width=121)
	  ->  Sort  (cost=3990.05..3992.60 rows=1019 width=121)
	        Sort Key: c
	        ->  Bitmap Heap Scan on sbtest8  (cost=26.88..3939.14 rows=1019 width=121)
	              Recheck Cond: ((id >= 3469784) AND (id <= 3470783))
	              ->  Bitmap Index Scan on sbtest8_pkey  (cost=0.00..26.62 rows=1019 width=0)
	                    Index Cond: ((id >= 3469784) AND (id <= 3470783))

for: order_ranges
table 1 : explain SELECT c FROM sbtest1 WHERE id BETWEEN 574900 AND 575899 ORDER BY c
	Sort  (cost=4192.27..4194.95 rows=1074 width=121)
	  Sort Key: c
	  ->  Bitmap Heap Scan on sbtest1  (cost=23.44..4138.20 rows=1074 width=121)
	        Recheck Cond: ((id >= 574900) AND (id <= 575899))
	        ->  Bitmap Index Scan on sbtest1_pkey  (cost=0.00..23.18 rows=1074 width=0)
	              Index Cond: ((id >= 574900) AND (id <= 575899))

table 2 : explain SELECT c FROM sbtest2 WHERE id BETWEEN 5950549 AND 5951548 ORDER BY c
	Sort  (cost=4178.31..4180.98 rows=1070 width=121)
	  Sort Key: c
	  ->  Bitmap Heap Scan on sbtest2  (cost=23.40..4124.47 rows=1070 width=121)
	        Recheck Cond: ((id >= 5950549) AND (id <= 5951548))
	        ->  Bitmap Index Scan on sbtest2_pkey  (cost=0.00..23.14 rows=1070 width=0)
	              Index Cond: ((id >= 5950549) AND (id <= 5951548))

table 3 : explain SELECT c FROM sbtest3 WHERE id BETWEEN 3237800 AND 3238799 ORDER BY c
	Sort  (cost=3849.91..3852.37 rows=984 width=121)
	  Sort Key: c
	  ->  Bitmap Heap Scan on sbtest3  (cost=22.52..3800.99 rows=984 width=121)
	        Recheck Cond: ((id >= 3237800) AND (id <= 3238799))
	        ->  Bitmap Index Scan on sbtest3_pkey  (cost=0.00..22.27 rows=984 width=0)
	              Index Cond: ((id >= 3237800) AND (id <= 3238799))

table 4 : explain SELECT c FROM sbtest4 WHERE id BETWEEN 1676879 AND 1677878 ORDER BY c
	Sort  (cost=3532.89..3535.14 rows=901 width=121)
	  Sort Key: c
	  ->  Bitmap Heap Scan on sbtest4  (cost=21.67..3488.67 rows=901 width=121)
	        Recheck Cond: ((id >= 1676879) AND (id <= 1677878))
	        ->  Bitmap Index Scan on sbtest4_pkey  (cost=0.00..21.44 rows=901 width=0)
	              Index Cond: ((id >= 1676879) AND (id <= 1677878))

table 5 : explain SELECT c FROM sbtest5 WHERE id BETWEEN 8525654 AND 8526653 ORDER BY c
	Sort  (cost=4069.00..4071.60 rows=1041 width=121)
	  Sort Key: c
	  ->  Bitmap Heap Scan on sbtest5  (cost=23.11..4016.83 rows=1041 width=121)
	        Recheck Cond: ((id >= 8525654) AND (id <= 8526653))
	        ->  Bitmap Index Scan on sbtest5_pkey  (cost=0.00..22.84 rows=1041 width=0)
	              Index Cond: ((id >= 8525654) AND (id <= 8526653))

table 6 : explain SELECT c FROM sbtest6 WHERE id BETWEEN 2787958 AND 2788957 ORDER BY c
	Sort  (cost=3885.51..3887.99 rows=993 width=121)
	  Sort Key: c
	  ->  Bitmap Heap Scan on sbtest6  (cost=22.61..3836.08 rows=993 width=121)
	        Recheck Cond: ((id >= 2787958) AND (id <= 2788957))
	        ->  Bitmap Index Scan on sbtest6_pkey  (cost=0.00..22.36 rows=993 width=0)
	              Index Cond: ((id >= 2787958) AND (id <= 2788957))

table 7 : explain SELECT c FROM sbtest7 WHERE id BETWEEN 1927504 AND 1928503 ORDER BY c
	Sort  (cost=3989.96..3992.51 rows=1020 width=121)
	  Sort Key: c
	  ->  Bitmap Heap Scan on sbtest7  (cost=22.89..3938.99 rows=1020 width=121)
	        Recheck Cond: ((id >= 1927504) AND (id <= 1928503))
	        ->  Bitmap Index Scan on sbtest7_pkey  (cost=0.00..22.64 rows=1020 width=0)
	              Index Cond: ((id >= 1927504) AND (id <= 1928503))

table 8 : explain SELECT c FROM sbtest8 WHERE id BETWEEN 3210282 AND 3211281 ORDER BY c
	Sort  (cost=4158.22..4160.87 rows=1063 width=121)
	  Sort Key: c
	  ->  Bitmap Heap Scan on sbtest8  (cost=27.33..4104.78 rows=1063 width=121)
	        Recheck Cond: ((id >= 3210282) AND (id <= 3211281))
	        ->  Bitmap Index Scan on sbtest8_pkey  (cost=0.00..27.07 rows=1063 width=0)
	              Index Cond: ((id >= 3210282) AND (id <= 3211281))

for point_selects
table 1 : explain SELECT c FROM sbtest1 WHERE id=6970567
	Index Scan using sbtest1_pkey on sbtest1  (cost=0.43..8.45 rows=1 width=121)
	  Index Cond: (id = 6970567)

table 2 : explain SELECT c FROM sbtest2 WHERE id=350535
	Index Scan using sbtest2_pkey on sbtest2  (cost=0.43..8.45 rows=1 width=121)
	  Index Cond: (id = 350535)

table 3 : explain SELECT c FROM sbtest3 WHERE id=4980957
	Index Scan using sbtest3_pkey on sbtest3  (cost=0.43..8.45 rows=1 width=121)
	  Index Cond: (id = 4980957)

table 4 : explain SELECT c FROM sbtest4 WHERE id=319295
	Index Scan using sbtest4_pkey on sbtest4  (cost=0.43..8.45 rows=1 width=121)
	  Index Cond: (id = 319295)

table 5 : explain SELECT c FROM sbtest5 WHERE id=5038933
	Index Scan using sbtest5_pkey on sbtest5  (cost=0.43..8.45 rows=1 width=121)
	  Index Cond: (id = 5038933)

table 6 : explain SELECT c FROM sbtest6 WHERE id=7409729
	Index Scan using sbtest6_pkey on sbtest6  (cost=0.43..8.45 rows=1 width=121)
	  Index Cond: (id = 7409729)

table 7 : explain SELECT c FROM sbtest7 WHERE id=7107821
	Index Scan using sbtest7_pkey on sbtest7  (cost=0.43..8.45 rows=1 width=121)
	  Index Cond: (id = 7107821)

table 8 : explain SELECT c FROM sbtest8 WHERE id=4767259
	Index Scan using sbtest8_pkey on sbtest8  (cost=0.43..8.45 rows=1 width=121)
	  Index Cond: (id = 4767259)

explain: for point_selects :: explain SELECT c FROM sbtest%u WHERE id=%u
for: sum_ranges
table 1 : explain SELECT SUM(k) FROM sbtest1 WHERE id BETWEEN 1057803 AND 1058802
	Aggregate  (cost=4253.82..4253.83 rows=1 width=8)
	  ->  Bitmap Heap Scan on sbtest1  (cost=27.75..4251.06 rows=1104 width=4)
	        Recheck Cond: ((id >= 1057803) AND (id <= 1058802))
	        ->  Bitmap Index Scan on sbtest1_pkey  (cost=0.00..27.47 rows=1104 width=0)
	              Index Cond: ((id >= 1057803) AND (id <= 1058802))

table 2 : explain SELECT SUM(k) FROM sbtest2 WHERE id BETWEEN 3721268 AND 3722267
	Aggregate  (cost=3935.23..3935.24 rows=1 width=8)
	  ->  Bitmap Heap Scan on sbtest2  (cost=22.88..3932.68 rows=1019 width=4)
	        Recheck Cond: ((id >= 3721268) AND (id <= 3722267))
	        ->  Bitmap Index Scan on sbtest2_pkey  (cost=0.00..22.62 rows=1019 width=0)
	              Index Cond: ((id >= 3721268) AND (id <= 3722267))

table 3 : explain SELECT SUM(k) FROM sbtest3 WHERE id BETWEEN 1340632 AND 1341631
	Aggregate  (cost=3826.07..3826.08 rows=1 width=8)
	  ->  Bitmap Heap Scan on sbtest3  (cost=22.58..3823.60 rows=990 width=4)
	        Recheck Cond: ((id >= 1340632) AND (id <= 1341631))
	        ->  Bitmap Index Scan on sbtest3_pkey  (cost=0.00..22.33 rows=990 width=0)
	              Index Cond: ((id >= 1340632) AND (id <= 1341631))

table 4 : explain SELECT SUM(k) FROM sbtest4 WHERE id BETWEEN 6013072 AND 6014071
	Aggregate  (cost=3619.49..3619.50 rows=1 width=8)
	  ->  Bitmap Heap Scan on sbtest4  (cost=22.02..3617.15 rows=935 width=4)
	        Recheck Cond: ((id >= 6013072) AND (id <= 6014071))
	        ->  Bitmap Index Scan on sbtest4_pkey  (cost=0.00..21.79 rows=935 width=0)
	              Index Cond: ((id >= 6013072) AND (id <= 6014071))

table 5 : explain SELECT SUM(k) FROM sbtest5 WHERE id BETWEEN 6182564 AND 6183563
	Aggregate  (cost=3725.34..3725.35 rows=1 width=8)
	  ->  Bitmap Heap Scan on sbtest5  (cost=22.31..3722.93 rows=963 width=4)
	        Recheck Cond: ((id >= 6182564) AND (id <= 6183563))
	        ->  Bitmap Index Scan on sbtest5_pkey  (cost=0.00..22.07 rows=963 width=0)
	              Index Cond: ((id >= 6182564) AND (id <= 6183563))

table 6 : explain SELECT SUM(k) FROM sbtest6 WHERE id BETWEEN 74570 AND 75569
	Aggregate  (cost=3672.49..3672.50 rows=1 width=8)
	  ->  Bitmap Heap Scan on sbtest6  (cost=22.16..3670.12 rows=949 width=4)
	        Recheck Cond: ((id >= 74570) AND (id <= 75569))
	        ->  Bitmap Index Scan on sbtest6_pkey  (cost=0.00..21.93 rows=949 width=0)
	              Index Cond: ((id >= 74570) AND (id <= 75569))

table 7 : explain SELECT SUM(k) FROM sbtest7 WHERE id BETWEEN 2252734 AND 2253733
	Aggregate  (cost=3590.39..3590.40 rows=1 width=8)
	  ->  Bitmap Heap Scan on sbtest7  (cost=21.94..3588.07 rows=927 width=4)
	        Recheck Cond: ((id >= 2252734) AND (id <= 2253733))
	        ->  Bitmap Index Scan on sbtest7_pkey  (cost=0.00..21.70 rows=927 width=0)
	              Index Cond: ((id >= 2252734) AND (id <= 2253733))

table 8 : explain SELECT SUM(k) FROM sbtest8 WHERE id BETWEEN 1953220 AND 1954219
	Aggregate  (cost=3813.21..3813.22 rows=1 width=8)
	  ->  Bitmap Heap Scan on sbtest8  (cost=22.54..3810.75 rows=986 width=4)
	        Recheck Cond: ((id >= 1953220) AND (id <= 1954219))
	        ->  Bitmap Index Scan on sbtest8_pkey  (cost=0.00..22.29 rows=986 width=0)
	              Index Cond: ((id >= 1953220) AND (id <= 1954219))

for: simple_ranges
table 1 : explain SELECT c FROM sbtest1 WHERE id BETWEEN 3336779 AND 3337778
	Bitmap Heap Scan on sbtest1  (cost=28.02..4348.55 rows=1130 width=121)
	  Recheck Cond: ((id >= 3336779) AND (id <= 3337778))
	  ->  Bitmap Index Scan on sbtest1_pkey  (cost=0.00..27.73 rows=1130 width=0)
	        Index Cond: ((id >= 3336779) AND (id <= 3337778))

table 2 : explain SELECT c FROM sbtest2 WHERE id BETWEEN 6568741 AND 6569740
	Bitmap Heap Scan on sbtest2  (cost=21.34..3366.64 rows=869 width=121)
	  Recheck Cond: ((id >= 6568741) AND (id <= 6569740))
	  ->  Bitmap Index Scan on sbtest2_pkey  (cost=0.00..21.12 rows=869 width=0)
	        Index Cond: ((id >= 6568741) AND (id <= 6569740))

table 3 : explain SELECT c FROM sbtest3 WHERE id BETWEEN 9683470 AND 9684469
	Bitmap Heap Scan on sbtest3  (cost=22.77..3891.39 rows=1008 width=121)
	  Recheck Cond: ((id >= 9683470) AND (id <= 9684469))
	  ->  Bitmap Index Scan on sbtest3_pkey  (cost=0.00..22.51 rows=1008 width=0)
	        Index Cond: ((id >= 9683470) AND (id <= 9684469))

table 4 : explain SELECT c FROM sbtest4 WHERE id BETWEEN 8950547 AND 8951546
	Bitmap Heap Scan on sbtest4  (cost=27.30..4092.19 rows=1060 width=121)
	  Recheck Cond: ((id >= 8950547) AND (id <= 8951546))
	  ->  Bitmap Index Scan on sbtest4_pkey  (cost=0.00..27.04 rows=1060 width=0)
	        Index Cond: ((id >= 8950547) AND (id <= 8951546))

table 5 : explain SELECT c FROM sbtest5 WHERE id BETWEEN 1985844 AND 1986843
	Bitmap Heap Scan on sbtest5  (cost=22.57..3820.99 rows=989 width=121)
	  Recheck Cond: ((id >= 1985844) AND (id <= 1986843))
	  ->  Bitmap Index Scan on sbtest5_pkey  (cost=0.00..22.32 rows=989 width=0)
	        Index Cond: ((id >= 1985844) AND (id <= 1986843))

table 6 : explain SELECT c FROM sbtest6 WHERE id BETWEEN 1480036 AND 1481035
	Bitmap Heap Scan on sbtest6  (cost=22.18..3677.67 rows=951 width=121)
	  Recheck Cond: ((id >= 1480036) AND (id <= 1481035))
	  ->  Bitmap Index Scan on sbtest6_pkey  (cost=0.00..21.94 rows=951 width=0)
	        Index Cond: ((id >= 1480036) AND (id <= 1481035))

table 7 : explain SELECT c FROM sbtest7 WHERE id BETWEEN 7838340 AND 7839339
	Bitmap Heap Scan on sbtest7  (cost=23.07..4006.78 rows=1038 width=121)
	  Recheck Cond: ((id >= 7838340) AND (id <= 7839339))
	  ->  Bitmap Index Scan on sbtest7_pkey  (cost=0.00..22.82 rows=1038 width=0)
	        Index Cond: ((id >= 7838340) AND (id <= 7839339))

table 8 : explain SELECT c FROM sbtest8 WHERE id BETWEEN 4496647 AND 4497646
	Bitmap Heap Scan on sbtest8  (cost=27.23..4067.15 rows=1053 width=121)
	  Recheck Cond: ((id >= 4496647) AND (id <= 4497646))
	  ->  Bitmap Index Scan on sbtest8_pkey  (cost=0.00..26.96 rows=1053 width=0)
	        Index Cond: ((id >= 4496647) AND (id <= 4497646))

for: order_ranges
table 1 : explain SELECT c FROM sbtest1 WHERE id BETWEEN 6249486 AND 6250485 ORDER BY c
	Sort  (cost=4085.47..4088.08 rows=1046 width=121)
	  Sort Key: c
	  ->  Bitmap Heap Scan on sbtest1  (cost=23.16..4033.01 rows=1046 width=121)
	        Recheck Cond: ((id >= 6249486) AND (id <= 6250485))
	        ->  Bitmap Index Scan on sbtest1_pkey  (cost=0.00..22.89 rows=1046 width=0)
	              Index Cond: ((id >= 6249486) AND (id <= 6250485))

table 2 : explain SELECT c FROM sbtest2 WHERE id BETWEEN 5893901 AND 5894900 ORDER BY c
	Sort  (cost=4178.31..4180.98 rows=1070 width=121)
	  Sort Key: c
	  ->  Bitmap Heap Scan on sbtest2  (cost=23.40..4124.47 rows=1070 width=121)
	        Recheck Cond: ((id >= 5893901) AND (id <= 5894900))
	        ->  Bitmap Index Scan on sbtest2_pkey  (cost=0.00..23.14 rows=1070 width=0)
	              Index Cond: ((id >= 5893901) AND (id <= 5894900))

table 3 : explain SELECT c FROM sbtest3 WHERE id BETWEEN 506908 AND 507907 ORDER BY c
	Sort  (cost=4025.74..4028.32 rows=1030 width=121)
	  Sort Key: c
	  ->  Bitmap Heap Scan on sbtest3  (cost=22.99..3974.20 rows=1030 width=121)
	        Recheck Cond: ((id >= 506908) AND (id <= 507907))
	        ->  Bitmap Index Scan on sbtest3_pkey  (cost=0.00..22.73 rows=1030 width=0)
	              Index Cond: ((id >= 506908) AND (id <= 507907))

table 4 : explain SELECT c FROM sbtest4 WHERE id BETWEEN 1519492 AND 1520491 ORDER BY c
	Sort  (cost=3870.09..3872.56 rows=989 width=121)
	  Sort Key: c
	  ->  Bitmap Heap Scan on sbtest4  (cost=22.57..3820.89 rows=989 width=121)
	        Recheck Cond: ((id >= 1519492) AND (id <= 1520491))
	        ->  Bitmap Index Scan on sbtest4_pkey  (cost=0.00..22.32 rows=989 width=0)
	              Index Cond: ((id >= 1519492) AND (id <= 1520491))

table 5 : explain SELECT c FROM sbtest5 WHERE id BETWEEN 276083 AND 277082 ORDER BY c
	Sort  (cost=3525.30..3527.55 rows=899 width=121)
	  Sort Key: c
	  ->  Bitmap Heap Scan on sbtest5  (cost=21.65..3481.19 rows=899 width=121)
	        Recheck Cond: ((id >= 276083) AND (id <= 277082))
	        ->  Bitmap Index Scan on sbtest5_pkey  (cost=0.00..21.43 rows=899 width=0)
	              Index Cond: ((id >= 276083) AND (id <= 277082))

table 6 : explain SELECT c FROM sbtest6 WHERE id BETWEEN 6295787 AND 6296786 ORDER BY c
	Sort  (cost=3900.81..3903.31 rows=997 width=121)
	  Sort Key: c
	  ->  Bitmap Heap Scan on sbtest6  (cost=22.65..3851.16 rows=997 width=121)
	        Recheck Cond: ((id >= 6295787) AND (id <= 6296786))
	        ->  Bitmap Index Scan on sbtest6_pkey  (cost=0.00..22.40 rows=997 width=0)
	              Index Cond: ((id >= 6295787) AND (id <= 6296786))

table 7 : explain SELECT c FROM sbtest7 WHERE id BETWEEN 3073970 AND 3074969 ORDER BY c
	Sort  (cost=4280.47..4283.21 rows=1095 width=121)
	  Sort Key: c
	  ->  Bitmap Heap Scan on sbtest7  (cost=27.66..4225.19 rows=1095 width=121)
	        Recheck Cond: ((id >= 3073970) AND (id <= 3074969))
	        ->  Bitmap Index Scan on sbtest7_pkey  (cost=0.00..27.39 rows=1095 width=0)
	              Index Cond: ((id >= 3073970) AND (id <= 3074969))

table 8 : explain SELECT c FROM sbtest8 WHERE id BETWEEN 4677903 AND 4678902 ORDER BY c
	Sort  (cost=3802.34..3804.76 rows=971 width=121)
	  Sort Key: c
	  ->  Bitmap Heap Scan on sbtest8  (cost=22.39..3754.16 rows=971 width=121)
	        Recheck Cond: ((id >= 4677903) AND (id <= 4678902))
	        ->  Bitmap Index Scan on sbtest8_pkey  (cost=0.00..22.14 rows=971 width=0)
	              Index Cond: ((id >= 4677903) AND (id <= 4678902))

for: order_ranges
table 1 : explain SELECT c FROM sbtest1 WHERE id BETWEEN 4988869 AND 4989868 ORDER BY c
	Sort  (cost=4115.99..4118.63 rows=1054 width=121)
	  Sort Key: c
	  ->  Bitmap Heap Scan on sbtest1  (cost=23.24..4063.07 rows=1054 width=121)
	        Recheck Cond: ((id >= 4988869) AND (id <= 4989868))
	        ->  Bitmap Index Scan on sbtest1_pkey  (cost=0.00..22.97 rows=1054 width=0)
	              Index Cond: ((id >= 4988869) AND (id <= 4989868))

table 2 : explain SELECT c FROM sbtest2 WHERE id BETWEEN 5219556 AND 5220555 ORDER BY c
	Sort  (cost=3604.72..3607.02 rows=920 width=121)
	  Sort Key: c
	  ->  Bitmap Heap Scan on sbtest2  (cost=21.87..3559.43 rows=920 width=121)
	        Recheck Cond: ((id >= 5219556) AND (id <= 5220555))
	        ->  Bitmap Index Scan on sbtest2_pkey  (cost=0.00..21.64 rows=920 width=0)
	              Index Cond: ((id >= 5219556) AND (id <= 5220555))

table 3 : explain SELECT c FROM sbtest3 WHERE id BETWEEN 1103952 AND 1104951 ORDER BY c
	Sort  (cost=3639.32..3641.64 rows=929 width=121)
	  Sort Key: c
	  ->  Bitmap Heap Scan on sbtest3  (cost=21.96..3593.52 rows=929 width=121)
	        Recheck Cond: ((id >= 1103952) AND (id <= 1104951))
	        ->  Bitmap Index Scan on sbtest3_pkey  (cost=0.00..21.72 rows=929 width=0)
	              Index Cond: ((id >= 1103952) AND (id <= 1104951))

table 4 : explain SELECT c FROM sbtest4 WHERE id BETWEEN 998593 AND 999592 ORDER BY c
	Sort  (cost=3919.82..3922.33 rows=1002 width=121)
	  Sort Key: c
	  ->  Bitmap Heap Scan on sbtest4  (cost=22.71..3869.88 rows=1002 width=121)
	        Recheck Cond: ((id >= 998593) AND (id <= 999592))
	        ->  Bitmap Index Scan on sbtest4_pkey  (cost=0.00..22.45 rows=1002 width=0)
	              Index Cond: ((id >= 998593) AND (id <= 999592))

table 5 : explain SELECT c FROM sbtest5 WHERE id BETWEEN 667439 AND 668438 ORDER BY c
	Sort  (cost=3452.36..3454.56 rows=880 width=121)
	  Sort Key: c
	  ->  Bitmap Heap Scan on sbtest5  (cost=21.45..3409.32 rows=880 width=121)
	        Recheck Cond: ((id >= 667439) AND (id <= 668438))
	        ->  Bitmap Index Scan on sbtest5_pkey  (cost=0.00..21.23 rows=880 width=0)
	              Index Cond: ((id >= 667439) AND (id <= 668438))

table 6 : explain SELECT c FROM sbtest6 WHERE id BETWEEN 7098812 AND 7099811 ORDER BY c
	Sort  (cost=3686.39..3688.74 rows=941 width=121)
	  Sort Key: c
	  ->  Bitmap Heap Scan on sbtest6  (cost=22.08..3639.91 rows=941 width=121)
	        Recheck Cond: ((id >= 7098812) AND (id <= 7099811))
	        ->  Bitmap Index Scan on sbtest6_pkey  (cost=0.00..21.84 rows=941 width=0)
	              Index Cond: ((id >= 7098812) AND (id <= 7099811))

table 7 : explain SELECT c FROM sbtest7 WHERE id BETWEEN 6732861 AND 6733860 ORDER BY c
	Sort  (cost=4581.64..4584.58 rows=1175 width=121)
	  Sort Key: c
	  ->  Bitmap Heap Scan on sbtest7  (cost=28.48..4521.72 rows=1175 width=121)
	        Recheck Cond: ((id >= 6732861) AND (id <= 6733860))
	        ->  Bitmap Index Scan on sbtest7_pkey  (cost=0.00..28.18 rows=1175 width=0)
	              Index Cond: ((id >= 6732861) AND (id <= 6733860))

table 8 : explain SELECT c FROM sbtest8 WHERE id BETWEEN 1632703 AND 1633702 ORDER BY c
	Sort  (cost=4028.29..4030.86 rows=1029 width=121)
	  Sort Key: c
	  ->  Bitmap Heap Scan on sbtest8  (cost=26.98..3976.80 rows=1029 width=121)
	        Recheck Cond: ((id >= 1632703) AND (id <= 1633702))
	        ->  Bitmap Index Scan on sbtest8_pkey  (cost=0.00..26.72 rows=1029 width=0)
	              Index Cond: ((id >= 1632703) AND (id <= 1633702))

for: order_ranges
table 1 : explain SELECT c FROM sbtest1 WHERE id BETWEEN 2433395 AND 2434394 ORDER BY c
	Sort  (cost=3783.63..3786.05 rows=967 width=121)
	  Sort Key: c
	  ->  Bitmap Heap Scan on sbtest1  (cost=22.35..3735.68 rows=967 width=121)
	        Recheck Cond: ((id >= 2433395) AND (id <= 2434394))
	        ->  Bitmap Index Scan on sbtest1_pkey  (cost=0.00..22.11 rows=967 width=0)
	              Index Cond: ((id >= 2433395) AND (id <= 2434394))

table 2 : explain SELECT c FROM sbtest2 WHERE id BETWEEN 7893882 AND 7894881 ORDER BY c
	Sort  (cost=3868.91..3871.39 rows=989 width=121)
	  Sort Key: c
	  ->  Bitmap Heap Scan on sbtest2  (cost=22.57..3819.71 rows=989 width=121)
	        Recheck Cond: ((id >= 7893882) AND (id <= 7894881))
	        ->  Bitmap Index Scan on sbtest2_pkey  (cost=0.00..22.32 rows=989 width=0)
	              Index Cond: ((id >= 7893882) AND (id <= 7894881))

table 3 : explain SELECT c FROM sbtest3 WHERE id BETWEEN 1346321 AND 1347320 ORDER BY c
	Sort  (cost=3872.86..3875.33 rows=990 width=121)
	  Sort Key: c
	  ->  Bitmap Heap Scan on sbtest3  (cost=22.58..3823.60 rows=990 width=121)
	        Recheck Cond: ((id >= 1346321) AND (id <= 1347320))
	        ->  Bitmap Index Scan on sbtest3_pkey  (cost=0.00..22.33 rows=990 width=0)
	              Index Cond: ((id >= 1346321) AND (id <= 1347320))

table 4 : explain SELECT c FROM sbtest4 WHERE id BETWEEN 3671089 AND 3672088 ORDER BY c
	Sort  (cost=3850.96..3853.42 rows=984 width=121)
	  Sort Key: c
	  ->  Bitmap Heap Scan on sbtest4  (cost=22.52..3802.04 rows=984 width=121)
	        Recheck Cond: ((id >= 3671089) AND (id <= 3672088))
	        ->  Bitmap Index Scan on sbtest4_pkey  (cost=0.00..22.27 rows=984 width=0)
	              Index Cond: ((id >= 3671089) AND (id <= 3672088))

table 5 : explain SELECT c FROM sbtest5 WHERE id BETWEEN 8305851 AND 8306850 ORDER BY c
	Sort  (cost=3950.52..3953.04 rows=1010 width=121)
	  Sort Key: c
	  ->  Bitmap Heap Scan on sbtest5  (cost=22.79..3900.12 rows=1010 width=121)
	        Recheck Cond: ((id >= 8305851) AND (id <= 8306850))
	        ->  Bitmap Index Scan on sbtest5_pkey  (cost=0.00..22.54 rows=1010 width=0)
	              Index Cond: ((id >= 8305851) AND (id <= 8306850))

table 6 : explain SELECT c FROM sbtest6 WHERE id BETWEEN 5192539 AND 5193538 ORDER BY c
	Sort  (cost=3774.50..3776.91 rows=964 width=121)
	  Sort Key: c
	  ->  Bitmap Heap Scan on sbtest6  (cost=22.32..3726.72 rows=964 width=121)
	        Recheck Cond: ((id >= 5192539) AND (id <= 5193538))
	        ->  Bitmap Index Scan on sbtest6_pkey  (cost=0.00..22.07 rows=964 width=0)
	              Index Cond: ((id >= 5192539) AND (id <= 5193538))

table 7 : explain SELECT c FROM sbtest7 WHERE id BETWEEN 3804266 AND 3805265 ORDER BY c
	Sort  (cost=4192.68..4195.36 rows=1072 width=121)
	  Sort Key: c
	  ->  Bitmap Heap Scan on sbtest7  (cost=27.42..4138.72 rows=1072 width=121)
	        Recheck Cond: ((id >= 3804266) AND (id <= 3805265))
	        ->  Bitmap Index Scan on sbtest7_pkey  (cost=0.00..27.15 rows=1072 width=0)
	              Index Cond: ((id >= 3804266) AND (id <= 3805265))

table 8 : explain SELECT c FROM sbtest8 WHERE id BETWEEN 226857 AND 227856 ORDER BY c
	Sort  (cost=3955.63..3958.15 rows=1010 width=121)
	  Sort Key: c
	  ->  Bitmap Heap Scan on sbtest8  (cost=26.79..3905.23 rows=1010 width=121)
	        Recheck Cond: ((id >= 226857) AND (id <= 227856))
	        ->  Bitmap Index Scan on sbtest8_pkey  (cost=0.00..26.54 rows=1010 width=0)
	              Index Cond: ((id >= 226857) AND (id <= 227856))

for: distinct_ranges
table 1 : explain SELECT DISTINCT c FROM sbtest1 WHERE id BETWEEN 7566873 AND 7567872 ORDER BY c
	Unique  (cost=3905.99..3910.98 rows=999 width=121)
	  ->  Sort  (cost=3905.99..3908.49 rows=999 width=121)
	        Sort Key: c
	        ->  Bitmap Heap Scan on sbtest1  (cost=22.67..3856.22 rows=999 width=121)
	              Recheck Cond: ((id >= 7566873) AND (id <= 7567872))
	              ->  Bitmap Index Scan on sbtest1_pkey  (cost=0.00..22.43 rows=999 width=0)
	                    Index Cond: ((id >= 7566873) AND (id <= 7567872))

table 2 : explain SELECT DISTINCT c FROM sbtest2 WHERE id BETWEEN 6058991 AND 6059990 ORDER BY c
	Unique  (cost=3635.38..3640.02 rows=928 width=121)
	  ->  Sort  (cost=3635.38..3637.70 rows=928 width=121)
	        Sort Key: c
	        ->  Bitmap Heap Scan on sbtest2  (cost=21.95..3589.64 rows=928 width=121)
	              Recheck Cond: ((id >= 6058991) AND (id <= 6059990))
	              ->  Bitmap Index Scan on sbtest2_pkey  (cost=0.00..21.71 rows=928 width=0)
	                    Index Cond: ((id >= 6058991) AND (id <= 6059990))

table 3 : explain SELECT DISTINCT c FROM sbtest3 WHERE id BETWEEN 8092972 AND 8093971 ORDER BY c
	Unique  (cost=4159.36..4164.69 rows=1065 width=121)
	  ->  Sort  (cost=4159.36..4162.02 rows=1065 width=121)
	        Sort Key: c
	        ->  Bitmap Heap Scan on sbtest3  (cost=23.35..4105.81 rows=1065 width=121)
	              Recheck Cond: ((id >= 8092972) AND (id <= 8093971))
	              ->  Bitmap Index Scan on sbtest3_pkey  (cost=0.00..23.08 rows=1065 width=0)
	                    Index Cond: ((id >= 8092972) AND (id <= 8093971))

table 4 : explain SELECT DISTINCT c FROM sbtest4 WHERE id BETWEEN 5197925 AND 5198924 ORDER BY c
	Unique  (cost=3877.74..3882.70 rows=991 width=121)
	  ->  Sort  (cost=3877.74..3880.22 rows=991 width=121)
	        Sort Key: c
	        ->  Bitmap Heap Scan on sbtest4  (cost=22.59..3828.43 rows=991 width=121)
	              Recheck Cond: ((id >= 5197925) AND (id <= 5198924))
	              ->  Bitmap Index Scan on sbtest4_pkey  (cost=0.00..22.34 rows=991 width=0)
	                    Index Cond: ((id >= 5197925) AND (id <= 5198924))

table 5 : explain SELECT DISTINCT c FROM sbtest5 WHERE id BETWEEN 5115569 AND 5116568 ORDER BY c
	Unique  (cost=4072.82..4078.03 rows=1042 width=121)
	  ->  Sort  (cost=4072.82..4075.43 rows=1042 width=121)
	        Sort Key: c
	        ->  Bitmap Heap Scan on sbtest5  (cost=23.12..4020.59 rows=1042 width=121)
	              Recheck Cond: ((id >= 5115569) AND (id <= 5116568))
	              ->  Bitmap Index Scan on sbtest5_pkey  (cost=0.00..22.86 rows=1042 width=0)
	                    Index Cond: ((id >= 5115569) AND (id <= 5116568))

table 6 : explain SELECT DISTINCT c FROM sbtest6 WHERE id BETWEEN 514020 AND 515019 ORDER BY c
	Unique  (cost=3394.76..3399.08 rows=865 width=121)
	  ->  Sort  (cost=3394.76..3396.92 rows=865 width=121)
	        Sort Key: c
	        ->  Bitmap Heap Scan on sbtest6  (cost=21.30..3352.56 rows=865 width=121)
	              Recheck Cond: ((id >= 514020) AND (id <= 515019))
	              ->  Bitmap Index Scan on sbtest6_pkey  (cost=0.00..21.08 rows=865 width=0)
	                    Index Cond: ((id >= 514020) AND (id <= 515019))

table 7 : explain SELECT DISTINCT c FROM sbtest7 WHERE id BETWEEN 6809087 AND 6810086 ORDER BY c
	Unique  (cost=3787.09..3791.93 rows=967 width=121)
	  ->  Sort  (cost=3787.09..3789.51 rows=967 width=121)
	        Sort Key: c
	        ->  Bitmap Heap Scan on sbtest7  (cost=22.35..3739.14 rows=967 width=121)
	              Recheck Cond: ((id >= 6809087) AND (id <= 6810086))
	              ->  Bitmap Index Scan on sbtest7_pkey  (cost=0.00..22.11 rows=967 width=0)
	                    Index Cond: ((id >= 6809087) AND (id <= 6810086))

table 8 : explain SELECT DISTINCT c FROM sbtest8 WHERE id BETWEEN 8711121 AND 8712120 ORDER BY c
	Unique  (cost=3683.54..3688.24 rows=940 width=121)
	  ->  Sort  (cost=3683.54..3685.89 rows=940 width=121)
	        Sort Key: c
	        ->  Bitmap Heap Scan on sbtest8  (cost=22.07..3637.12 rows=940 width=121)
	              Recheck Cond: ((id >= 8711121) AND (id <= 8712120))
	              ->  Bitmap Index Scan on sbtest8_pkey  (cost=0.00..21.83 rows=940 width=0)
	                    Index Cond: ((id >= 8711121) AND (id <= 8712120))

for: sum_ranges
table 1 : explain SELECT SUM(k) FROM sbtest1 WHERE id BETWEEN 9831882 AND 9832881
	Aggregate  (cost=3719.24..3719.25 rows=1 width=8)
	  ->  Bitmap Heap Scan on sbtest1  (cost=22.30..3716.84 rows=962 width=4)
	        Recheck Cond: ((id >= 9831882) AND (id <= 9832881))
	        ->  Bitmap Index Scan on sbtest1_pkey  (cost=0.00..22.05 rows=962 width=0)
	              Index Cond: ((id >= 9831882) AND (id <= 9832881))

table 2 : explain SELECT SUM(k) FROM sbtest2 WHERE id BETWEEN 6133912 AND 6134911
	Aggregate  (cost=3931.46..3931.47 rows=1 width=8)
	  ->  Bitmap Heap Scan on sbtest2  (cost=22.87..3928.92 rows=1018 width=4)
	        Recheck Cond: ((id >= 6133912) AND (id <= 6134911))
	        ->  Bitmap Index Scan on sbtest2_pkey  (cost=0.00..22.61 rows=1018 width=0)
	              Index Cond: ((id >= 6133912) AND (id <= 6134911))

table 3 : explain SELECT SUM(k) FROM sbtest3 WHERE id BETWEEN 9172156 AND 9173155
	Aggregate  (cost=3777.05..3777.06 rows=1 width=8)
	  ->  Bitmap Heap Scan on sbtest3  (cost=22.45..3774.61 rows=977 width=4)
	        Recheck Cond: ((id >= 9172156) AND (id <= 9173155))
	        ->  Bitmap Index Scan on sbtest3_pkey  (cost=0.00..22.20 rows=977 width=0)
	              Index Cond: ((id >= 9172156) AND (id <= 9173155))

table 4 : explain SELECT SUM(k) FROM sbtest4 WHERE id BETWEEN 5868760 AND 5869759
	Aggregate  (cost=3472.00..3472.01 rows=1 width=8)
	  ->  Bitmap Heap Scan on sbtest4  (cost=21.62..3469.76 rows=896 width=4)
	        Recheck Cond: ((id >= 5868760) AND (id <= 5869759))
	        ->  Bitmap Index Scan on sbtest4_pkey  (cost=0.00..21.39 rows=896 width=0)
	              Index Cond: ((id >= 5868760) AND (id <= 5869759))

table 5 : explain SELECT SUM(k) FROM sbtest5 WHERE id BETWEEN 3801956 AND 3802955
	Aggregate  (cost=3747.99..3748.00 rows=1 width=8)
	  ->  Bitmap Heap Scan on sbtest5  (cost=22.37..3745.57 rows=969 width=4)
	        Recheck Cond: ((id >= 3801956) AND (id <= 3802955))
	        ->  Bitmap Index Scan on sbtest5_pkey  (cost=0.00..22.12 rows=969 width=0)
	              Index Cond: ((id >= 3801956) AND (id <= 3802955))

table 6 : explain SELECT SUM(k) FROM sbtest6 WHERE id BETWEEN 1092706 AND 1093705
	Aggregate  (cost=3781.97..3781.98 rows=1 width=8)
	  ->  Bitmap Heap Scan on sbtest6  (cost=22.46..3779.53 rows=978 width=4)
	        Recheck Cond: ((id >= 1092706) AND (id <= 1093705))
	        ->  Bitmap Index Scan on sbtest6_pkey  (cost=0.00..22.21 rows=978 width=0)
	              Index Cond: ((id >= 1092706) AND (id <= 1093705))

table 7 : explain SELECT SUM(k) FROM sbtest7 WHERE id BETWEEN 5582968 AND 5583967
	Aggregate  (cost=3986.77..3986.78 rows=1 width=8)
	  ->  Bitmap Heap Scan on sbtest7  (cost=23.01..3984.19 rows=1032 width=4)
	        Recheck Cond: ((id >= 5582968) AND (id <= 5583967))
	        ->  Bitmap Index Scan on sbtest7_pkey  (cost=0.00..22.75 rows=1032 width=0)
	              Index Cond: ((id >= 5582968) AND (id <= 5583967))

table 8 : explain SELECT SUM(k) FROM sbtest8 WHERE id BETWEEN 7196455 AND 7197454
	Aggregate  (cost=3681.04..3681.05 rows=1 width=8)
	  ->  Bitmap Heap Scan on sbtest8  (cost=22.18..3678.66 rows=951 width=4)
	        Recheck Cond: ((id >= 7196455) AND (id <= 7197454))
	        ->  Bitmap Index Scan on sbtest8_pkey  (cost=0.00..21.94 rows=951 width=0)
	              Index Cond: ((id >= 7196455) AND (id <= 7197454))

for: sum_ranges
table 1 : explain SELECT SUM(k) FROM sbtest1 WHERE id BETWEEN 2822769 AND 2823768
	Aggregate  (cost=4054.43..4054.44 rows=1 width=8)
	  ->  Bitmap Heap Scan on sbtest1  (cost=23.21..4051.80 rows=1051 width=4)
	        Recheck Cond: ((id >= 2822769) AND (id <= 2823768))
	        ->  Bitmap Index Scan on sbtest1_pkey  (cost=0.00..22.94 rows=1051 width=0)
	              Index Cond: ((id >= 2822769) AND (id <= 2823768))

table 2 : explain SELECT SUM(k) FROM sbtest2 WHERE id BETWEEN 234985 AND 235984
	Aggregate  (cost=4085.78..4085.79 rows=1 width=8)
	  ->  Bitmap Heap Scan on sbtest2  (cost=23.29..4083.13 rows=1059 width=4)
	        Recheck Cond: ((id >= 234985) AND (id <= 235984))
	        ->  Bitmap Index Scan on sbtest2_pkey  (cost=0.00..23.02 rows=1059 width=0)
	              Index Cond: ((id >= 234985) AND (id <= 235984))

table 3 : explain SELECT SUM(k) FROM sbtest3 WHERE id BETWEEN 3947240 AND 3948239
	Aggregate  (cost=3584.51..3584.52 rows=1 width=8)
	  ->  Bitmap Heap Scan on sbtest3  (cost=21.93..3582.20 rows=926 width=4)
	        Recheck Cond: ((id >= 3947240) AND (id <= 3948239))
	        ->  Bitmap Index Scan on sbtest3_pkey  (cost=0.00..21.69 rows=926 width=0)
	              Index Cond: ((id >= 3947240) AND (id <= 3948239))

table 4 : explain SELECT SUM(k) FROM sbtest4 WHERE id BETWEEN 3806503 AND 3807502
	Aggregate  (cost=3687.49..3687.50 rows=1 width=8)
	  ->  Bitmap Heap Scan on sbtest4  (cost=22.20..3685.10 rows=953 width=4)
	        Recheck Cond: ((id >= 3806503) AND (id <= 3807502))
	        ->  Bitmap Index Scan on sbtest4_pkey  (cost=0.00..21.96 rows=953 width=0)
	              Index Cond: ((id >= 3806503) AND (id <= 3807502))

table 5 : explain SELECT SUM(k) FROM sbtest5 WHERE id BETWEEN 7236617 AND 7237616
	Aggregate  (cost=4204.03..4204.04 rows=1 width=8)
	  ->  Bitmap Heap Scan on sbtest5  (cost=27.60..4201.30 rows=1089 width=4)
	        Recheck Cond: ((id >= 7236617) AND (id <= 7237616))
	        ->  Bitmap Index Scan on sbtest5_pkey  (cost=0.00..27.32 rows=1089 width=0)
	              Index Cond: ((id >= 7236617) AND (id <= 7237616))

table 6 : explain SELECT SUM(k) FROM sbtest6 WHERE id BETWEEN 820574 AND 821573
	Aggregate  (cost=4249.15..4249.16 rows=1 width=8)
	  ->  Bitmap Heap Scan on sbtest6  (cost=27.72..4246.40 rows=1101 width=4)
	        Recheck Cond: ((id >= 820574) AND (id <= 821573))
	        ->  Bitmap Index Scan on sbtest6_pkey  (cost=0.00..27.44 rows=1101 width=0)
	              Index Cond: ((id >= 820574) AND (id <= 821573))

table 7 : explain SELECT SUM(k) FROM sbtest7 WHERE id BETWEEN 8450632 AND 8451631
	Aggregate  (cost=3851.03..3851.04 rows=1 width=8)
	  ->  Bitmap Heap Scan on sbtest7  (cost=22.64..3848.54 rows=996 width=4)
	        Recheck Cond: ((id >= 8450632) AND (id <= 8451631))
	        ->  Bitmap Index Scan on sbtest7_pkey  (cost=0.00..22.39 rows=996 width=0)
	              Index Cond: ((id >= 8450632) AND (id <= 8451631))

table 8 : explain SELECT SUM(k) FROM sbtest8 WHERE id BETWEEN 913230 AND 914229
	Aggregate  (cost=3306.30..3306.31 rows=1 width=8)
	  ->  Bitmap Heap Scan on sbtest8  (cost=21.17..3304.17 rows=852 width=4)
	        Recheck Cond: ((id >= 913230) AND (id <= 914229))
	        ->  Bitmap Index Scan on sbtest8_pkey  (cost=0.00..20.95 rows=852 width=0)
	              Index Cond: ((id >= 913230) AND (id <= 914229))

for: distinct_ranges
table 1 : explain SELECT DISTINCT c FROM sbtest1 WHERE id BETWEEN 3707718 AND 3708717 ORDER BY c
	Unique  (cost=3860.12..3865.06 rows=987 width=121)
	  ->  Sort  (cost=3860.12..3862.59 rows=987 width=121)
	        Sort Key: c
	        ->  Bitmap Heap Scan on sbtest1  (cost=22.55..3811.03 rows=987 width=121)
	              Recheck Cond: ((id >= 3707718) AND (id <= 3708717))
	              ->  Bitmap Index Scan on sbtest1_pkey  (cost=0.00..22.30 rows=987 width=0)
	                    Index Cond: ((id >= 3707718) AND (id <= 3708717))

table 2 : explain SELECT DISTINCT c FROM sbtest2 WHERE id BETWEEN 6178049 AND 6179048 ORDER BY c
	Unique  (cost=3956.85..3961.91 rows=1012 width=121)
	  ->  Sort  (cost=3956.85..3959.38 rows=1012 width=121)
	        Sort Key: c
	        ->  Bitmap Heap Scan on sbtest2  (cost=22.81..3906.33 rows=1012 width=121)
	              Recheck Cond: ((id >= 6178049) AND (id <= 6179048))
	              ->  Bitmap Index Scan on sbtest2_pkey  (cost=0.00..22.55 rows=1012 width=0)
	                    Index Cond: ((id >= 6178049) AND (id <= 6179048))

table 3 : explain SELECT DISTINCT c FROM sbtest3 WHERE id BETWEEN 2196405 AND 2197404 ORDER BY c
	Unique  (cost=4056.30..4061.49 rows=1038 width=121)
	  ->  Sort  (cost=4056.30..4058.89 rows=1038 width=121)
	        Sort Key: c
	        ->  Bitmap Heap Scan on sbtest3  (cost=23.07..4004.30 rows=1038 width=121)
	              Recheck Cond: ((id >= 2196405) AND (id <= 2197404))
	              ->  Bitmap Index Scan on sbtest3_pkey  (cost=0.00..22.82 rows=1038 width=0)
	                    Index Cond: ((id >= 2196405) AND (id <= 2197404))

table 4 : explain SELECT DISTINCT c FROM sbtest4 WHERE id BETWEEN 5192937 AND 5193936 ORDER BY c
	Unique  (cost=3877.74..3882.70 rows=991 width=121)
	  ->  Sort  (cost=3877.74..3880.22 rows=991 width=121)
	        Sort Key: c
	        ->  Bitmap Heap Scan on sbtest4  (cost=22.59..3828.43 rows=991 width=121)
	              Recheck Cond: ((id >= 5192937) AND (id <= 5193936))
	              ->  Bitmap Index Scan on sbtest4_pkey  (cost=0.00..22.34 rows=991 width=0)
	                    Index Cond: ((id >= 5192937) AND (id <= 5193936))

table 5 : explain SELECT DISTINCT c FROM sbtest5 WHERE id BETWEEN 1552655 AND 1553654 ORDER BY c
	Unique  (cost=3935.22..3940.25 rows=1006 width=121)
	  ->  Sort  (cost=3935.22..3937.74 rows=1006 width=121)
	        Sort Key: c
	        ->  Bitmap Heap Scan on sbtest5  (cost=22.75..3885.05 rows=1006 width=121)
	              Recheck Cond: ((id >= 1552655) AND (id <= 1553654))
	              ->  Bitmap Index Scan on sbtest5_pkey  (cost=0.00..22.50 rows=1006 width=0)
	                    Index Cond: ((id >= 1552655) AND (id <= 1553654))

table 6 : explain SELECT DISTINCT c FROM sbtest6 WHERE id BETWEEN 8526782 AND 8527781 ORDER BY c
	Unique  (cost=4260.07..4265.52 rows=1090 width=121)
	  ->  Sort  (cost=4260.07..4262.80 rows=1090 width=121)
	        Sort Key: c
	        ->  Bitmap Heap Scan on sbtest6  (cost=27.61..4205.08 rows=1090 width=121)
	              Recheck Cond: ((id >= 8526782) AND (id <= 8527781))
	              ->  Bitmap Index Scan on sbtest6_pkey  (cost=0.00..27.33 rows=1090 width=0)
	                    Index Cond: ((id >= 8526782) AND (id <= 8527781))

table 7 : explain SELECT DISTINCT c FROM sbtest7 WHERE id BETWEEN 1570177 AND 1571176 ORDER BY c
	Unique  (cost=3691.28..3695.99 rows=942 width=121)
	  ->  Sort  (cost=3691.28..3693.63 rows=942 width=121)
	        Sort Key: c
	        ->  Bitmap Heap Scan on sbtest7  (cost=22.09..3644.75 rows=942 width=121)
	              Recheck Cond: ((id >= 1570177) AND (id <= 1571176))
	              ->  Bitmap Index Scan on sbtest7_pkey  (cost=0.00..21.86 rows=942 width=0)
	                    Index Cond: ((id >= 1570177) AND (id <= 1571176))

table 8 : explain SELECT DISTINCT c FROM sbtest8 WHERE id BETWEEN 8996951 AND 8997950 ORDER BY c
	Unique  (cost=4062.70..4067.89 rows=1038 width=121)
	  ->  Sort  (cost=4062.70..4065.29 rows=1038 width=121)
	        Sort Key: c
	        ->  Bitmap Heap Scan on sbtest8  (cost=27.07..4010.69 rows=1038 width=121)
	              Recheck Cond: ((id >= 8996951) AND (id <= 8997950))
	              ->  Bitmap Index Scan on sbtest8_pkey  (cost=0.00..26.82 rows=1038 width=0)
	                    Index Cond: ((id >= 8996951) AND (id <= 8997950))

for: order_ranges
table 1 : explain SELECT c FROM sbtest1 WHERE id BETWEEN 5259922 AND 5260921 ORDER BY c
	Sort  (cost=4054.94..4057.53 rows=1038 width=121)
	  Sort Key: c
	  ->  Bitmap Heap Scan on sbtest1  (cost=23.07..4002.94 rows=1038 width=121)
	        Recheck Cond: ((id >= 5259922) AND (id <= 5260921))
	        ->  Bitmap Index Scan on sbtest1_pkey  (cost=0.00..22.82 rows=1038 width=0)
	              Index Cond: ((id >= 5259922) AND (id <= 5260921))

table 2 : explain SELECT c FROM sbtest2 WHERE id BETWEEN 9946981 AND 9947980 ORDER BY c
	Sort  (cost=3865.09..3867.56 rows=988 width=121)
	  Sort Key: c
	  ->  Bitmap Heap Scan on sbtest2  (cost=22.56..3815.94 rows=988 width=121)
	        Recheck Cond: ((id >= 9946981) AND (id <= 9947980))
	        ->  Bitmap Index Scan on sbtest2_pkey  (cost=0.00..22.32 rows=988 width=0)
	              Index Cond: ((id >= 9946981) AND (id <= 9947980))

table 3 : explain SELECT c FROM sbtest3 WHERE id BETWEEN 8489770 AND 8490769 ORDER BY c
	Sort  (cost=3784.86..3787.27 rows=967 width=121)
	  Sort Key: c
	  ->  Bitmap Heap Scan on sbtest3  (cost=22.35..3736.91 rows=967 width=121)
	        Recheck Cond: ((id >= 8489770) AND (id <= 8490769))
	        ->  Bitmap Index Scan on sbtest3_pkey  (cost=0.00..22.11 rows=967 width=0)
	              Index Cond: ((id >= 8489770) AND (id <= 8490769))

table 4 : explain SELECT c FROM sbtest4 WHERE id BETWEEN 2963807 AND 2964806 ORDER BY c
	Sort  (cost=4217.97..4220.67 rows=1079 width=121)
	  Sort Key: c
	  ->  Bitmap Heap Scan on sbtest4  (cost=27.49..4163.62 rows=1079 width=121)
	        Recheck Cond: ((id >= 2963807) AND (id <= 2964806))
	        ->  Bitmap Index Scan on sbtest4_pkey  (cost=0.00..27.22 rows=1079 width=0)
	              Index Cond: ((id >= 2963807) AND (id <= 2964806))

table 5 : explain SELECT c FROM sbtest5 WHERE id BETWEEN 2734581 AND 2735580 ORDER BY c
	Sort  (cost=3877.84..3880.32 rows=991 width=121)
	  Sort Key: c
	  ->  Bitmap Heap Scan on sbtest5  (cost=22.59..3828.52 rows=991 width=121)
	        Recheck Cond: ((id >= 2734581) AND (id <= 2735580))
	        ->  Bitmap Index Scan on sbtest5_pkey  (cost=0.00..22.34 rows=991 width=0)
	              Index Cond: ((id >= 2734581) AND (id <= 2735580))

table 6 : explain SELECT c FROM sbtest6 WHERE id BETWEEN 4903295 AND 4904294 ORDER BY c
	Sort  (cost=3736.20..3738.59 rows=954 width=121)
	  Sort Key: c
	  ->  Bitmap Heap Scan on sbtest6  (cost=22.21..3688.99 rows=954 width=121)
	        Recheck Cond: ((id >= 4903295) AND (id <= 4904294))
	        ->  Bitmap Index Scan on sbtest6_pkey  (cost=0.00..21.97 rows=954 width=0)
	              Index Cond: ((id >= 4903295) AND (id <= 4904294))

table 7 : explain SELECT c FROM sbtest7 WHERE id BETWEEN 4392044 AND 4393043 ORDER BY c
	Sort  (cost=3794.75..3797.18 rows=969 width=121)
	  Sort Key: c
	  ->  Bitmap Heap Scan on sbtest7  (cost=22.37..3746.69 rows=969 width=121)
	        Recheck Cond: ((id >= 4392044) AND (id <= 4393043))
	        ->  Bitmap Index Scan on sbtest7_pkey  (cost=0.00..22.12 rows=969 width=0)
	              Index Cond: ((id >= 4392044) AND (id <= 4393043))

table 8 : explain SELECT c FROM sbtest8 WHERE id BETWEEN 3541751 AND 3542750 ORDER BY c
	Sort  (cost=3649.02..3651.35 rows=931 width=121)
	  Sort Key: c
	  ->  Bitmap Heap Scan on sbtest8  (cost=21.98..3603.11 rows=931 width=121)
	        Recheck Cond: ((id >= 3541751) AND (id <= 3542750))
	        ->  Bitmap Index Scan on sbtest8_pkey  (cost=0.00..21.75 rows=931 width=0)
	              Index Cond: ((id >= 3541751) AND (id <= 3542750))

for: distinct_ranges
table 1 : explain SELECT DISTINCT c FROM sbtest1 WHERE id BETWEEN 9961928 AND 9962927 ORDER BY c
	Unique  (cost=4062.57..4067.77 rows=1040 width=121)
	  ->  Sort  (cost=4062.57..4065.17 rows=1040 width=121)
	        Sort Key: c
	        ->  Bitmap Heap Scan on sbtest1  (cost=23.09..4010.45 rows=1040 width=121)
	              Recheck Cond: ((id >= 9961928) AND (id <= 9962927))
	              ->  Bitmap Index Scan on sbtest1_pkey  (cost=0.00..22.83 rows=1040 width=0)
	                    Index Cond: ((id >= 9961928) AND (id <= 9962927))

table 2 : explain SELECT DISTINCT c FROM sbtest2 WHERE id BETWEEN 4232961 AND 4233960 ORDER BY c
	Unique  (cost=3953.02..3958.08 rows=1011 width=121)
	  ->  Sort  (cost=3953.02..3955.55 rows=1011 width=121)
	        Sort Key: c
	        ->  Bitmap Heap Scan on sbtest2  (cost=22.80..3902.57 rows=1011 width=121)
	              Recheck Cond: ((id >= 4232961) AND (id <= 4233960))
	              ->  Bitmap Index Scan on sbtest2_pkey  (cost=0.00..22.54 rows=1011 width=0)
	                    Index Cond: ((id >= 4232961) AND (id <= 4233960))

table 3 : explain SELECT DISTINCT c FROM sbtest3 WHERE id BETWEEN 8618118 AND 8619117 ORDER BY c
	Unique  (cost=4079.21..4084.43 rows=1044 width=121)
	  ->  Sort  (cost=4079.21..4081.82 rows=1044 width=121)
	        Sort Key: c
	        ->  Bitmap Heap Scan on sbtest3  (cost=23.14..4026.86 rows=1044 width=121)
	              Recheck Cond: ((id >= 8618118) AND (id <= 8619117))
	              ->  Bitmap Index Scan on sbtest3_pkey  (cost=0.00..22.87 rows=1044 width=0)
	                    Index Cond: ((id >= 8618118) AND (id <= 8619117))

table 4 : explain SELECT DISTINCT c FROM sbtest4 WHERE id BETWEEN 8111671 AND 8112670 ORDER BY c
	Unique  (cost=3544.40..3548.92 rows=904 width=121)
	  ->  Sort  (cost=3544.40..3546.66 rows=904 width=121)
	        Sort Key: c
	        ->  Bitmap Heap Scan on sbtest4  (cost=21.70..3500.01 rows=904 width=121)
	              Recheck Cond: ((id >= 8111671) AND (id <= 8112670))
	              ->  Bitmap Index Scan on sbtest4_pkey  (cost=0.00..21.47 rows=904 width=0)
	                    Index Cond: ((id >= 8111671) AND (id <= 8112670))

table 5 : explain SELECT DISTINCT c FROM sbtest5 WHERE id BETWEEN 8152127 AND 8153126 ORDER BY c
	Unique  (cost=3778.32..3783.14 rows=965 width=121)
	  ->  Sort  (cost=3778.32..3780.73 rows=965 width=121)
	        Sort Key: c
	        ->  Bitmap Heap Scan on sbtest5  (cost=22.33..3730.48 rows=965 width=121)
	              Recheck Cond: ((id >= 8152127) AND (id <= 8153126))
	              ->  Bitmap Index Scan on sbtest5_pkey  (cost=0.00..22.08 rows=965 width=0)
	                    Index Cond: ((id >= 8152127) AND (id <= 8153126))

table 6 : explain SELECT DISTINCT c FROM sbtest6 WHERE id BETWEEN 5354219 AND 5355218 ORDER BY c
	Unique  (cost=3973.48..3978.56 rows=1016 width=121)
	  ->  Sort  (cost=3973.48..3976.02 rows=1016 width=121)
	        Sort Key: c
	        ->  Bitmap Heap Scan on sbtest6  (cost=22.85..3922.73 rows=1016 width=121)
	              Recheck Cond: ((id >= 5354219) AND (id <= 5355218))
	              ->  Bitmap Index Scan on sbtest6_pkey  (cost=0.00..22.59 rows=1016 width=0)
	                    Index Cond: ((id >= 5354219) AND (id <= 5355218))

table 7 : explain SELECT DISTINCT c FROM sbtest7 WHERE id BETWEEN 2721202 AND 2722201 ORDER BY c
	Unique  (cost=3932.58..3937.60 rows=1005 width=121)
	  ->  Sort  (cost=3932.58..3935.09 rows=1005 width=121)
	        Sort Key: c
	        ->  Bitmap Heap Scan on sbtest7  (cost=22.74..3882.47 rows=1005 width=121)
	              Recheck Cond: ((id >= 2721202) AND (id <= 2722201))
	              ->  Bitmap Index Scan on sbtest7_pkey  (cost=0.00..22.48 rows=1005 width=0)
	                    Index Cond: ((id >= 2721202) AND (id <= 2722201))

table 8 : explain SELECT DISTINCT c FROM sbtest8 WHERE id BETWEEN 9404997 AND 9405996 ORDER BY c
	Unique  (cost=4089.45..4094.67 rows=1045 width=121)
	  ->  Sort  (cost=4089.45..4092.06 rows=1045 width=121)
	        Sort Key: c
	        ->  Bitmap Heap Scan on sbtest8  (cost=27.15..4037.05 rows=1045 width=121)
	              Recheck Cond: ((id >= 9404997) AND (id <= 9405996))
	              ->  Bitmap Index Scan on sbtest8_pkey  (cost=0.00..26.89 rows=1045 width=0)
	                    Index Cond: ((id >= 9404997) AND (id <= 9405996))

for: distinct_ranges
table 1 : explain SELECT DISTINCT c FROM sbtest1 WHERE id BETWEEN 8897699 AND 8898698 ORDER BY c
	Unique  (cost=3921.27..3926.29 rows=1003 width=121)
	  ->  Sort  (cost=3921.27..3923.78 rows=1003 width=121)
	        Sort Key: c
	        ->  Bitmap Heap Scan on sbtest1  (cost=22.72..3871.27 rows=1003 width=121)
	              Recheck Cond: ((id >= 8897699) AND (id <= 8898698))
	              ->  Bitmap Index Scan on sbtest1_pkey  (cost=0.00..22.46 rows=1003 width=0)
	                    Index Cond: ((id >= 8897699) AND (id <= 8898698))

table 2 : explain SELECT DISTINCT c FROM sbtest2 WHERE id BETWEEN 550328 AND 551327 ORDER BY c
	Unique  (cost=4479.59..4485.33 rows=1149 width=121)
	  ->  Sort  (cost=4479.59..4482.46 rows=1149 width=121)
	        Sort Key: c
	        ->  Bitmap Heap Scan on sbtest2  (cost=28.21..4421.18 rows=1149 width=121)
	              Recheck Cond: ((id >= 550328) AND (id <= 551327))
	              ->  Bitmap Index Scan on sbtest2_pkey  (cost=0.00..27.93 rows=1149 width=0)
	                    Index Cond: ((id >= 550328) AND (id <= 551327))

table 3 : explain SELECT DISTINCT c FROM sbtest3 WHERE id BETWEEN 4811825 AND 4812824 ORDER BY c
	Unique  (cost=3566.49..3571.04 rows=910 width=121)
	  ->  Sort  (cost=3566.49..3568.76 rows=910 width=121)
	        Sort Key: c
	        ->  Bitmap Heap Scan on sbtest3  (cost=21.76..3521.76 rows=910 width=121)
	              Recheck Cond: ((id >= 4811825) AND (id <= 4812824))
	              ->  Bitmap Index Scan on sbtest3_pkey  (cost=0.00..21.54 rows=910 width=0)
	                    Index Cond: ((id >= 4811825) AND (id <= 4812824))

table 4 : explain SELECT DISTINCT c FROM sbtest4 WHERE id BETWEEN 1879040 AND 1880039 ORDER BY c
	Unique  (cost=3613.45..3618.06 rows=922 width=121)
	  ->  Sort  (cost=3613.45..3615.75 rows=922 width=121)
	        Sort Key: c
	        ->  Bitmap Heap Scan on sbtest4  (cost=21.89..3568.04 rows=922 width=121)
	              Recheck Cond: ((id >= 1879040) AND (id <= 1880039))
	              ->  Bitmap Index Scan on sbtest4_pkey  (cost=0.00..21.65 rows=922 width=0)
	                    Index Cond: ((id >= 1879040) AND (id <= 1880039))

table 5 : explain SELECT DISTINCT c FROM sbtest5 WHERE id BETWEEN 8245311 AND 8246310 ORDER BY c
	Unique  (cost=3950.52..3955.57 rows=1010 width=121)
	  ->  Sort  (cost=3950.52..3953.04 rows=1010 width=121)
	        Sort Key: c
	        ->  Bitmap Heap Scan on sbtest5  (cost=22.79..3900.12 rows=1010 width=121)
	              Recheck Cond: ((id >= 8245311) AND (id <= 8246310))
	              ->  Bitmap Index Scan on sbtest5_pkey  (cost=0.00..22.54 rows=1010 width=0)
	                    Index Cond: ((id >= 8245311) AND (id <= 8246310))

table 6 : explain SELECT DISTINCT c FROM sbtest6 WHERE id BETWEEN 3175819 AND 3176818 ORDER BY c
	Unique  (cost=3605.88..3610.48 rows=920 width=121)
	  ->  Sort  (cost=3605.88..3608.18 rows=920 width=121)
	        Sort Key: c
	        ->  Bitmap Heap Scan on sbtest6  (cost=21.87..3560.59 rows=920 width=121)
	              Recheck Cond: ((id >= 3175819) AND (id <= 3176818))
	              ->  Bitmap Index Scan on sbtest6_pkey  (cost=0.00..21.64 rows=920 width=0)
	                    Index Cond: ((id >= 3175819) AND (id <= 3176818))

table 7 : explain SELECT DISTINCT c FROM sbtest7 WHERE id BETWEEN 976137 AND 977136 ORDER BY c
	Unique  (cost=3507.10..3511.57 rows=894 width=121)
	  ->  Sort  (cost=3507.10..3509.34 rows=894 width=121)
	        Sort Key: c
	        ->  Bitmap Heap Scan on sbtest7  (cost=21.60..3463.28 rows=894 width=121)
	              Recheck Cond: ((id >= 976137) AND (id <= 977136))
	              ->  Bitmap Index Scan on sbtest7_pkey  (cost=0.00..21.37 rows=894 width=0)
	                    Index Cond: ((id >= 976137) AND (id <= 977136))

table 8 : explain SELECT DISTINCT c FROM sbtest8 WHERE id BETWEEN 9160333 AND 9161332 ORDER BY c
	Unique  (cost=4024.47..4029.61 rows=1028 width=121)
	  ->  Sort  (cost=4024.47..4027.04 rows=1028 width=121)
	        Sort Key: c
	        ->  Bitmap Heap Scan on sbtest8  (cost=26.97..3973.04 rows=1028 width=121)
	              Recheck Cond: ((id >= 9160333) AND (id <= 9161332))
	              ->  Bitmap Index Scan on sbtest8_pkey  (cost=0.00..26.71 rows=1028 width=0)
	                    Index Cond: ((id >= 9160333) AND (id <= 9161332))

for: order_ranges
table 1 : explain SELECT c FROM sbtest1 WHERE id BETWEEN 311984 AND 312983 ORDER BY c
	Sort  (cost=3588.36..3590.65 rows=916 width=121)
	  Sort Key: c
	  ->  Bitmap Heap Scan on sbtest1  (cost=21.82..3543.30 rows=916 width=121)
	        Recheck Cond: ((id >= 311984) AND (id <= 312983))
	        ->  Bitmap Index Scan on sbtest1_pkey  (cost=0.00..21.59 rows=916 width=0)
	              Index Cond: ((id >= 311984) AND (id <= 312983))

table 2 : explain SELECT c FROM sbtest2 WHERE id BETWEEN 5722023 AND 5723022 ORDER BY c
	Sort  (cost=3769.43..3771.84 rows=963 width=121)
	  Sort Key: c
	  ->  Bitmap Heap Scan on sbtest2  (cost=22.31..3721.71 rows=963 width=121)
	        Recheck Cond: ((id >= 5722023) AND (id <= 5723022))
	        ->  Bitmap Index Scan on sbtest2_pkey  (cost=0.00..22.07 rows=963 width=0)
	              Index Cond: ((id >= 5722023) AND (id <= 5723022))

table 3 : explain SELECT c FROM sbtest3 WHERE id BETWEEN 6684895 AND 6685894 ORDER BY c
	Sort  (cost=4109.75..4112.38 rows=1052 width=121)
	  Sort Key: c
	  ->  Bitmap Heap Scan on sbtest3  (cost=23.22..4056.94 rows=1052 width=121)
	        Recheck Cond: ((id >= 6684895) AND (id <= 6685894))
	        ->  Bitmap Index Scan on sbtest3_pkey  (cost=0.00..22.95 rows=1052 width=0)
	              Index Cond: ((id >= 6684895) AND (id <= 6685894))

table 4 : explain SELECT c FROM sbtest4 WHERE id BETWEEN 847703 AND 848702 ORDER BY c
	Sort  (cost=4153.09..4155.75 rows=1062 width=121)
	  Sort Key: c
	  ->  Bitmap Heap Scan on sbtest4  (cost=27.32..4099.71 rows=1062 width=121)
	        Recheck Cond: ((id >= 847703) AND (id <= 848702))
	        ->  Bitmap Index Scan on sbtest4_pkey  (cost=0.00..27.05 rows=1062 width=0)
	              Index Cond: ((id >= 847703) AND (id <= 848702))

table 5 : explain SELECT c FROM sbtest5 WHERE id BETWEEN 2570193 AND 2571192 ORDER BY c
	Sort  (cost=3690.21..3692.56 rows=942 width=121)
	  Sort Key: c
	  ->  Bitmap Heap Scan on sbtest5  (cost=22.09..3643.67 rows=942 width=121)
	        Recheck Cond: ((id >= 2570193) AND (id <= 2571192))
	        ->  Bitmap Index Scan on sbtest5_pkey  (cost=0.00..21.86 rows=942 width=0)
	              Index Cond: ((id >= 2570193) AND (id <= 2571192))

table 6 : explain SELECT c FROM sbtest6 WHERE id BETWEEN 5164317 AND 5165316 ORDER BY c
	Sort  (cost=3774.50..3776.91 rows=964 width=121)
	  Sort Key: c
	  ->  Bitmap Heap Scan on sbtest6  (cost=22.32..3726.72 rows=964 width=121)
	        Recheck Cond: ((id >= 5164317) AND (id <= 5165316))
	        ->  Bitmap Index Scan on sbtest6_pkey  (cost=0.00..22.07 rows=964 width=0)
	              Index Cond: ((id >= 5164317) AND (id <= 5165316))

table 7 : explain SELECT c FROM sbtest7 WHERE id BETWEEN 3278927 AND 3279926 ORDER BY c
	Sort  (cost=4314.81..4317.57 rows=1104 width=121)
	  Sort Key: c
	  ->  Bitmap Heap Scan on sbtest7  (cost=27.75..4259.01 rows=1104 width=121)
	        Recheck Cond: ((id >= 3278927) AND (id <= 3279926))
	        ->  Bitmap Index Scan on sbtest7_pkey  (cost=0.00..27.47 rows=1104 width=0)
	              Index Cond: ((id >= 3278927) AND (id <= 3279926))

table 8 : explain SELECT c FROM sbtest8 WHERE id BETWEEN 8665420 AND 8666419 ORDER BY c
	Sort  (cost=3683.54..3685.89 rows=940 width=121)
	  Sort Key: c
	  ->  Bitmap Heap Scan on sbtest8  (cost=22.07..3637.12 rows=940 width=121)
	        Recheck Cond: ((id >= 8665420) AND (id <= 8666419))
	        ->  Bitmap Index Scan on sbtest8_pkey  (cost=0.00..21.83 rows=940 width=0)
	              Index Cond: ((id >= 8665420) AND (id <= 8666419))

for: order_ranges
table 1 : explain SELECT c FROM sbtest1 WHERE id BETWEEN 6068453 AND 6069452 ORDER BY c
	Sort  (cost=3890.70..3893.19 rows=995 width=121)
	  Sort Key: c
	  ->  Bitmap Heap Scan on sbtest1  (cost=22.63..3841.16 rows=995 width=121)
	        Recheck Cond: ((id >= 6068453) AND (id <= 6069452))
	        ->  Bitmap Index Scan on sbtest1_pkey  (cost=0.00..22.39 rows=995 width=0)
	              Index Cond: ((id >= 6068453) AND (id <= 6069452))

table 2 : explain SELECT c FROM sbtest2 WHERE id BETWEEN 4260883 AND 4261882 ORDER BY c
	Sort  (cost=3953.02..3955.55 rows=1011 width=121)
	  Sort Key: c
	  ->  Bitmap Heap Scan on sbtest2  (cost=22.80..3902.57 rows=1011 width=121)
	        Recheck Cond: ((id >= 4260883) AND (id <= 4261882))
	        ->  Bitmap Index Scan on sbtest2_pkey  (cost=0.00..22.54 rows=1011 width=0)
	              Index Cond: ((id >= 4260883) AND (id <= 4261882))

table 3 : explain SELECT c FROM sbtest3 WHERE id BETWEEN 4678925 AND 4679924 ORDER BY c
	Sort  (cost=4232.02..4234.73 rows=1083 width=121)
	  Sort Key: c
	  ->  Bitmap Heap Scan on sbtest3  (cost=27.54..4177.43 rows=1083 width=121)
	        Recheck Cond: ((id >= 4678925) AND (id <= 4679924))
	        ->  Bitmap Index Scan on sbtest3_pkey  (cost=0.00..27.26 rows=1083 width=0)
	              Index Cond: ((id >= 4678925) AND (id <= 4679924))

table 4 : explain SELECT c FROM sbtest4 WHERE id BETWEEN 9279237 AND 9280236 ORDER BY c
	Sort  (cost=3759.07..3761.47 rows=960 width=121)
	  Sort Key: c
	  ->  Bitmap Heap Scan on sbtest4  (cost=22.27..3711.52 rows=960 width=121)
	        Recheck Cond: ((id >= 9279237) AND (id <= 9280236))
	        ->  Bitmap Index Scan on sbtest4_pkey  (cost=0.00..22.04 rows=960 width=0)
	              Index Cond: ((id >= 9279237) AND (id <= 9280236))

table 5 : explain SELECT c FROM sbtest5 WHERE id BETWEEN 6592160 AND 6593159 ORDER BY c
	Sort  (cost=4007.86..4010.43 rows=1025 width=121)
	  Sort Key: c
	  ->  Bitmap Heap Scan on sbtest5  (cost=22.94..3956.61 rows=1025 width=121)
	        Recheck Cond: ((id >= 6592160) AND (id <= 6593159))
	        ->  Bitmap Index Scan on sbtest5_pkey  (cost=0.00..22.68 rows=1025 width=0)
	              Index Cond: ((id >= 6592160) AND (id <= 6593159))

table 6 : explain SELECT c FROM sbtest6 WHERE id BETWEEN 106377 AND 107376 ORDER BY c
	Sort  (cost=3981.12..3983.67 rows=1018 width=121)
	  Sort Key: c
	  ->  Bitmap Heap Scan on sbtest6  (cost=22.87..3930.27 rows=1018 width=121)
	        Recheck Cond: ((id >= 106377) AND (id <= 107376))
	        ->  Bitmap Index Scan on sbtest6_pkey  (cost=0.00..22.61 rows=1018 width=0)
	              Index Cond: ((id >= 106377) AND (id <= 107376))

table 7 : explain SELECT c FROM sbtest7 WHERE id BETWEEN 6744848 AND 6745847 ORDER BY c
	Sort  (cost=3787.09..3789.51 rows=967 width=121)
	  Sort Key: c
	  ->  Bitmap Heap Scan on sbtest7  (cost=22.35..3739.14 rows=967 width=121)
	        Recheck Cond: ((id >= 6744848) AND (id <= 6745847))
	        ->  Bitmap Index Scan on sbtest7_pkey  (cost=0.00..22.11 rows=967 width=0)
	              Index Cond: ((id >= 6744848) AND (id <= 6745847))

table 8 : explain SELECT c FROM sbtest8 WHERE id BETWEEN 8880948 AND 8881947 ORDER BY c
	Sort  (cost=4016.82..4019.39 rows=1026 width=121)
	  Sort Key: c
	  ->  Bitmap Heap Scan on sbtest8  (cost=26.95..3965.51 rows=1026 width=121)
	        Recheck Cond: ((id >= 8880948) AND (id <= 8881947))
	        ->  Bitmap Index Scan on sbtest8_pkey  (cost=0.00..26.69 rows=1026 width=0)
	              Index Cond: ((id >= 8880948) AND (id <= 8881947))

for: distinct_ranges
table 1 : explain SELECT DISTINCT c FROM sbtest1 WHERE id BETWEEN 4656449 AND 4657448 ORDER BY c
	Unique  (cost=3760.68..3765.48 rows=961 width=121)
	  ->  Sort  (cost=3760.68..3763.08 rows=961 width=121)
	        Sort Key: c
	        ->  Bitmap Heap Scan on sbtest1  (cost=22.29..3713.07 rows=961 width=121)
	              Recheck Cond: ((id >= 4656449) AND (id <= 4657448))
	              ->  Bitmap Index Scan on sbtest1_pkey  (cost=0.00..22.04 rows=961 width=0)
	                    Index Cond: ((id >= 4656449) AND (id <= 4657448))

table 2 : explain SELECT DISTINCT c FROM sbtest2 WHERE id BETWEEN 4369431 AND 4370430 ORDER BY c
	Unique  (cost=3535.70..3540.21 rows=902 width=121)
	  ->  Sort  (cost=3535.70..3537.96 rows=902 width=121)
	        Sort Key: c
	        ->  Bitmap Heap Scan on sbtest2  (cost=21.68..3491.43 rows=902 width=121)
	              Recheck Cond: ((id >= 4369431) AND (id <= 4370430))
	              ->  Bitmap Index Scan on sbtest2_pkey  (cost=0.00..21.45 rows=902 width=0)
	                    Index Cond: ((id >= 4369431) AND (id <= 4370430))

table 3 : explain SELECT DISTINCT c FROM sbtest3 WHERE id BETWEEN 674013 AND 675012 ORDER BY c
	Unique  (cost=3876.68..3881.64 rows=991 width=121)
	  ->  Sort  (cost=3876.68..3879.16 rows=991 width=121)
	        Sort Key: c
	        ->  Bitmap Heap Scan on sbtest3  (cost=22.59..3827.36 rows=991 width=121)
	              Recheck Cond: ((id >= 674013) AND (id <= 675012))
	              ->  Bitmap Index Scan on sbtest3_pkey  (cost=0.00..22.34 rows=991 width=0)
	                    Index Cond: ((id >= 674013) AND (id <= 675012))

table 4 : explain SELECT DISTINCT c FROM sbtest4 WHERE id BETWEEN 8894683 AND 8895682 ORDER BY c
	Unique  (cost=3988.65..3993.75 rows=1020 width=121)
	  ->  Sort  (cost=3988.65..3991.20 rows=1020 width=121)
	        Sort Key: c
	        ->  Bitmap Heap Scan on sbtest4  (cost=22.89..3937.68 rows=1020 width=121)
	              Recheck Cond: ((id >= 8894683) AND (id <= 8895682))
	              ->  Bitmap Index Scan on sbtest4_pkey  (cost=0.00..22.64 rows=1020 width=0)
	                    Index Cond: ((id >= 8894683) AND (id <= 8895682))

table 5 : explain SELECT DISTINCT c FROM sbtest5 WHERE id BETWEEN 3480759 AND 3481758 ORDER BY c
	Unique  (cost=3525.30..3529.79 rows=899 width=121)
	  ->  Sort  (cost=3525.30..3527.55 rows=899 width=121)
	        Sort Key: c
	        ->  Bitmap Heap Scan on sbtest5  (cost=21.65..3481.19 rows=899 width=121)
	              Recheck Cond: ((id >= 3480759) AND (id <= 3481758))
	              ->  Bitmap Index Scan on sbtest5_pkey  (cost=0.00..21.43 rows=899 width=0)
	                    Index Cond: ((id >= 3480759) AND (id <= 3481758))

table 6 : explain SELECT DISTINCT c FROM sbtest6 WHERE id BETWEEN 5390557 AND 5391556 ORDER BY c
	Unique  (cost=3973.48..3978.56 rows=1016 width=121)
	  ->  Sort  (cost=3973.48..3976.02 rows=1016 width=121)
	        Sort Key: c
	        ->  Bitmap Heap Scan on sbtest6  (cost=22.85..3922.73 rows=1016 width=121)
	              Recheck Cond: ((id >= 5390557) AND (id <= 5391556))
	              ->  Bitmap Index Scan on sbtest6_pkey  (cost=0.00..22.59 rows=1016 width=0)
	                    Index Cond: ((id >= 5390557) AND (id <= 5391556))

table 7 : explain SELECT DISTINCT c FROM sbtest7 WHERE id BETWEEN 3441876 AND 3442875 ORDER BY c
	Unique  (cost=3641.43..3646.07 rows=929 width=121)
	  ->  Sort  (cost=3641.43..3643.75 rows=929 width=121)
	        Sort Key: c
	        ->  Bitmap Heap Scan on sbtest7  (cost=21.96..3595.63 rows=929 width=121)
	              Recheck Cond: ((id >= 3441876) AND (id <= 3442875))
	              ->  Bitmap Index Scan on sbtest7_pkey  (cost=0.00..21.72 rows=929 width=0)
	                    Index Cond: ((id >= 3441876) AND (id <= 3442875))

table 8 : explain SELECT DISTINCT c FROM sbtest8 WHERE id BETWEEN 3442445 AND 3443444 ORDER BY c
	Unique  (cost=3990.05..3995.15 rows=1019 width=121)
	  ->  Sort  (cost=3990.05..3992.60 rows=1019 width=121)
	        Sort Key: c
	        ->  Bitmap Heap Scan on sbtest8  (cost=26.88..3939.14 rows=1019 width=121)
	              Recheck Cond: ((id >= 3442445) AND (id <= 3443444))
	              ->  Bitmap Index Scan on sbtest8_pkey  (cost=0.00..26.62 rows=1019 width=0)
	                    Index Cond: ((id >= 3442445) AND (id <= 3443444))

for point_selects
table 1 : explain SELECT c FROM sbtest1 WHERE id=4695851
	Index Scan using sbtest1_pkey on sbtest1  (cost=0.43..8.45 rows=1 width=121)
	  Index Cond: (id = 4695851)

table 2 : explain SELECT c FROM sbtest2 WHERE id=4041073
	Index Scan using sbtest2_pkey on sbtest2  (cost=0.43..8.45 rows=1 width=121)
	  Index Cond: (id = 4041073)

table 3 : explain SELECT c FROM sbtest3 WHERE id=3996325
	Index Scan using sbtest3_pkey on sbtest3  (cost=0.43..8.45 rows=1 width=121)
	  Index Cond: (id = 3996325)

table 4 : explain SELECT c FROM sbtest4 WHERE id=8841738
	Index Scan using sbtest4_pkey on sbtest4  (cost=0.43..8.45 rows=1 width=121)
	  Index Cond: (id = 8841738)

table 5 : explain SELECT c FROM sbtest5 WHERE id=3348794
	Index Scan using sbtest5_pkey on sbtest5  (cost=0.43..8.45 rows=1 width=121)
	  Index Cond: (id = 3348794)

table 6 : explain SELECT c FROM sbtest6 WHERE id=628251
	Index Scan using sbtest6_pkey on sbtest6  (cost=0.43..8.45 rows=1 width=121)
	  Index Cond: (id = 628251)

table 7 : explain SELECT c FROM sbtest7 WHERE id=3721488
	Index Scan using sbtest7_pkey on sbtest7  (cost=0.43..8.45 rows=1 width=121)
	  Index Cond: (id = 3721488)

table 8 : explain SELECT c FROM sbtest8 WHERE id=2479092
	Index Scan using sbtest8_pkey on sbtest8  (cost=0.43..8.45 rows=1 width=121)
	  Index Cond: (id = 2479092)

for: sum_ranges
table 1 : explain SELECT SUM(k) FROM sbtest1 WHERE id BETWEEN 1254059 AND 1255058
	Aggregate  (cost=3606.02..3606.03 rows=1 width=8)
	  ->  Bitmap Heap Scan on sbtest1  (cost=21.99..3603.69 rows=932 width=4)
	        Recheck Cond: ((id >= 1254059) AND (id <= 1255058))
	        ->  Bitmap Index Scan on sbtest1_pkey  (cost=0.00..21.75 rows=932 width=0)
	              Index Cond: ((id >= 1254059) AND (id <= 1255058))

table 2 : explain SELECT SUM(k) FROM sbtest2 WHERE id BETWEEN 3503317 AND 3504316
	Aggregate  (cost=4104.58..4104.59 rows=1 width=8)
	  ->  Bitmap Heap Scan on sbtest2  (cost=23.34..4101.92 rows=1064 width=4)
	        Recheck Cond: ((id >= 3503317) AND (id <= 3504316))
	        ->  Bitmap Index Scan on sbtest2_pkey  (cost=0.00..23.07 rows=1064 width=0)
	              Index Cond: ((id >= 3503317) AND (id <= 3504316))

table 3 : explain SELECT SUM(k) FROM sbtest3 WHERE id BETWEEN 3830370 AND 3831369
	Aggregate  (cost=3916.52..3916.53 rows=1 width=8)
	  ->  Bitmap Heap Scan on sbtest3  (cost=22.83..3913.98 rows=1014 width=4)
	        Recheck Cond: ((id >= 3830370) AND (id <= 3831369))
	        ->  Bitmap Index Scan on sbtest3_pkey  (cost=0.00..22.57 rows=1014 width=0)
	              Index Cond: ((id >= 3830370) AND (id <= 3831369))

table 4 : explain SELECT SUM(k) FROM sbtest4 WHERE id BETWEEN 5675448 AND 5676447
	Aggregate  (cost=4226.47..4226.48 rows=1 width=8)
	  ->  Bitmap Heap Scan on sbtest4  (cost=27.66..4223.73 rows=1095 width=4)
	        Recheck Cond: ((id >= 5675448) AND (id <= 5676447))
	        ->  Bitmap Index Scan on sbtest4_pkey  (cost=0.00..27.39 rows=1095 width=0)
	              Index Cond: ((id >= 5675448) AND (id <= 5676447))

table 5 : explain SELECT SUM(k) FROM sbtest5 WHERE id BETWEEN 1857800 AND 1858799
	Aggregate  (cost=3819.69..3819.70 rows=1 width=8)
	  ->  Bitmap Heap Scan on sbtest5  (cost=22.56..3817.22 rows=988 width=4)
	        Recheck Cond: ((id >= 1857800) AND (id <= 1858799))
	        ->  Bitmap Index Scan on sbtest5_pkey  (cost=0.00..22.32 rows=988 width=0)
	              Index Cond: ((id >= 1857800) AND (id <= 1858799))

table 6 : explain SELECT SUM(k) FROM sbtest6 WHERE id BETWEEN 8559678 AND 8560677
	Aggregate  (cost=4207.81..4207.82 rows=1 width=8)
	  ->  Bitmap Heap Scan on sbtest6  (cost=27.61..4205.08 rows=1090 width=4)
	        Recheck Cond: ((id >= 8559678) AND (id <= 8560677))
	        ->  Bitmap Index Scan on sbtest6_pkey  (cost=0.00..27.33 rows=1090 width=0)
	              Index Cond: ((id >= 8559678) AND (id <= 8560677))

table 7 : explain SELECT SUM(k) FROM sbtest7 WHERE id BETWEEN 3909380 AND 3910379
	Aggregate  (cost=3628.20..3628.21 rows=1 width=8)
	  ->  Bitmap Heap Scan on sbtest7  (cost=22.04..3625.86 rows=937 width=4)
	        Recheck Cond: ((id >= 3909380) AND (id <= 3910379))
	        ->  Bitmap Index Scan on sbtest7_pkey  (cost=0.00..21.80 rows=937 width=0)
	              Index Cond: ((id >= 3909380) AND (id <= 3910379))

table 8 : explain SELECT SUM(k) FROM sbtest8 WHERE id BETWEEN 5328415 AND 5329414
	Aggregate  (cost=3790.56..3790.57 rows=1 width=8)
	  ->  Bitmap Heap Scan on sbtest8  (cost=22.48..3788.11 rows=980 width=4)
	        Recheck Cond: ((id >= 5328415) AND (id <= 5329414))
	        ->  Bitmap Index Scan on sbtest8_pkey  (cost=0.00..22.23 rows=980 width=0)
	              Index Cond: ((id >= 5328415) AND (id <= 5329414))

for: sum_ranges
table 1 : explain SELECT SUM(k) FROM sbtest1 WHERE id BETWEEN 2774051 AND 2775050
	Aggregate  (cost=4054.43..4054.44 rows=1 width=8)
	  ->  Bitmap Heap Scan on sbtest1  (cost=23.21..4051.80 rows=1051 width=4)
	        Recheck Cond: ((id >= 2774051) AND (id <= 2775050))
	        ->  Bitmap Index Scan on sbtest1_pkey  (cost=0.00..22.94 rows=1051 width=0)
	              Index Cond: ((id >= 2774051) AND (id <= 2775050))

table 2 : explain SELECT SUM(k) FROM sbtest2 WHERE id BETWEEN 5792806 AND 5793805
	Aggregate  (cost=3961.59..3961.60 rows=1 width=8)
	  ->  Bitmap Heap Scan on sbtest2  (cost=22.95..3959.02 rows=1026 width=4)
	        Recheck Cond: ((id >= 5792806) AND (id <= 5793805))
	        ->  Bitmap Index Scan on sbtest2_pkey  (cost=0.00..22.69 rows=1026 width=0)
	              Index Cond: ((id >= 5792806) AND (id <= 5793805))

table 3 : explain SELECT SUM(k) FROM sbtest3 WHERE id BETWEEN 6010772 AND 6011771
	Aggregate  (cost=3546.72..3546.73 rows=1 width=8)
	  ->  Bitmap Heap Scan on sbtest3  (cost=21.82..3544.43 rows=916 width=4)
	        Recheck Cond: ((id >= 6010772) AND (id <= 6011771))
	        ->  Bitmap Index Scan on sbtest3_pkey  (cost=0.00..21.59 rows=916 width=0)
	              Index Cond: ((id >= 6010772) AND (id <= 6011771))

table 4 : explain SELECT SUM(k) FROM sbtest4 WHERE id BETWEEN 6246574 AND 6247573
	Aggregate  (cost=3627.04..3627.05 rows=1 width=8)
	  ->  Bitmap Heap Scan on sbtest4  (cost=22.04..3624.70 rows=937 width=4)
	        Recheck Cond: ((id >= 6246574) AND (id <= 6247573))
	        ->  Bitmap Index Scan on sbtest4_pkey  (cost=0.00..21.80 rows=937 width=0)
	              Index Cond: ((id >= 6246574) AND (id <= 6247573))

table 5 : explain SELECT SUM(k) FROM sbtest5 WHERE id BETWEEN 7632538 AND 7633537
	Aggregate  (cost=3996.84..3996.85 rows=1 width=8)
	  ->  Bitmap Heap Scan on sbtest5  (cost=23.04..3994.25 rows=1035 width=4)
	        Recheck Cond: ((id >= 7632538) AND (id <= 7633537))
	        ->  Bitmap Index Scan on sbtest5_pkey  (cost=0.00..22.79 rows=1035 width=0)
	              Index Cond: ((id >= 7632538) AND (id <= 7633537))

table 6 : explain SELECT SUM(k) FROM sbtest6 WHERE id BETWEEN 1867254 AND 1868253
	Aggregate  (cost=3812.16..3812.17 rows=1 width=8)
	  ->  Bitmap Heap Scan on sbtest6  (cost=22.54..3809.69 rows=986 width=4)
	        Recheck Cond: ((id >= 1867254) AND (id <= 1868253))
	        ->  Bitmap Index Scan on sbtest6_pkey  (cost=0.00..22.29 rows=986 width=0)
	              Index Cond: ((id >= 1867254) AND (id <= 1868253))

table 7 : explain SELECT SUM(k) FROM sbtest7 WHERE id BETWEEN 4246810 AND 4247809
	Aggregate  (cost=3658.44..3658.45 rows=1 width=8)
	  ->  Bitmap Heap Scan on sbtest7  (cost=22.12..3656.08 rows=945 width=4)
	        Recheck Cond: ((id >= 4246810) AND (id <= 4247809))
	        ->  Bitmap Index Scan on sbtest7_pkey  (cost=0.00..21.89 rows=945 width=0)
	              Index Cond: ((id >= 4246810) AND (id <= 4247809))

table 8 : explain SELECT SUM(k) FROM sbtest8 WHERE id BETWEEN 8311286 AND 8312285
	Aggregate  (cost=3836.08..3836.09 rows=1 width=8)
	  ->  Bitmap Heap Scan on sbtest8  (cost=26.59..3833.60 rows=991 width=4)
	        Recheck Cond: ((id >= 8311286) AND (id <= 8312285))
	        ->  Bitmap Index Scan on sbtest8_pkey  (cost=0.00..26.34 rows=991 width=0)
	              Index Cond: ((id >= 8311286) AND (id <= 8312285))

for: sum_ranges
table 1 : explain SELECT SUM(k) FROM sbtest1 WHERE id BETWEEN 9588505 AND 9589504
	Aggregate  (cost=3466.22..3466.23 rows=1 width=8)
	  ->  Bitmap Heap Scan on sbtest1  (cost=21.61..3463.98 rows=895 width=4)
	        Recheck Cond: ((id >= 9588505) AND (id <= 9589504))
	        ->  Bitmap Index Scan on sbtest1_pkey  (cost=0.00..21.39 rows=895 width=0)
	              Index Cond: ((id >= 9588505) AND (id <= 9589504))

table 2 : explain SELECT SUM(k) FROM sbtest2 WHERE id BETWEEN 8226500 AND 8227499
	Aggregate  (cost=3795.79..3795.80 rows=1 width=8)
	  ->  Bitmap Heap Scan on sbtest2  (cost=22.50..3793.34 rows=982 width=4)
	        Recheck Cond: ((id >= 8226500) AND (id <= 8227499))
	        ->  Bitmap Index Scan on sbtest2_pkey  (cost=0.00..22.25 rows=982 width=0)
	              Index Cond: ((id >= 8226500) AND (id <= 8227499))

table 3 : explain SELECT SUM(k) FROM sbtest3 WHERE id BETWEEN 2683019 AND 2684018
	Aggregate  (cost=4112.23..4112.24 rows=1 width=8)
	  ->  Bitmap Heap Scan on sbtest3  (cost=23.36..4109.57 rows=1066 width=4)
	        Recheck Cond: ((id >= 2683019) AND (id <= 2684018))
	        ->  Bitmap Index Scan on sbtest3_pkey  (cost=0.00..23.09 rows=1066 width=0)
	              Index Cond: ((id >= 2683019) AND (id <= 2684018))

table 4 : explain SELECT SUM(k) FROM sbtest4 WHERE id BETWEEN 8124340 AND 8125339
	Aggregate  (cost=4132.46..4132.47 rows=1 width=8)
	  ->  Bitmap Heap Scan on sbtest4  (cost=27.40..4129.79 rows=1070 width=4)
	        Recheck Cond: ((id >= 8124340) AND (id <= 8125339))
	        ->  Bitmap Index Scan on sbtest4_pkey  (cost=0.00..27.14 rows=1070 width=0)
	              Index Cond: ((id >= 8124340) AND (id <= 8125339))

table 5 : explain SELECT SUM(k) FROM sbtest5 WHERE id BETWEEN 1933609 AND 1934608
	Aggregate  (cost=3823.46..3823.47 rows=1 width=8)
	  ->  Bitmap Heap Scan on sbtest5  (cost=22.57..3820.99 rows=989 width=4)
	        Recheck Cond: ((id >= 1933609) AND (id <= 1934608))
	        ->  Bitmap Index Scan on sbtest5_pkey  (cost=0.00..22.32 rows=989 width=0)
	              Index Cond: ((id >= 1933609) AND (id <= 1934608))

table 6 : explain SELECT SUM(k) FROM sbtest6 WHERE id BETWEEN 797019 AND 798018
	Aggregate  (cost=4026.98..4026.99 rows=1 width=8)
	  ->  Bitmap Heap Scan on sbtest6  (cost=23.13..4024.37 rows=1043 width=4)
	        Recheck Cond: ((id >= 797019) AND (id <= 798018))
	        ->  Bitmap Index Scan on sbtest6_pkey  (cost=0.00..22.86 rows=1043 width=0)
	              Index Cond: ((id >= 797019) AND (id <= 798018))

table 7 : explain SELECT SUM(k) FROM sbtest7 WHERE id BETWEEN 2791503 AND 2792502
	Aggregate  (cost=3884.98..3884.99 rows=1 width=8)
	  ->  Bitmap Heap Scan on sbtest7  (cost=22.74..3882.47 rows=1005 width=4)
	        Recheck Cond: ((id >= 2791503) AND (id <= 2792502))
	        ->  Bitmap Index Scan on sbtest7_pkey  (cost=0.00..22.48 rows=1005 width=0)
	              Index Cond: ((id >= 2791503) AND (id <= 2792502))

table 8 : explain SELECT SUM(k) FROM sbtest8 WHERE id BETWEEN 1767693 AND 1768692
	Aggregate  (cost=4148.84..4148.85 rows=1 width=8)
	  ->  Bitmap Heap Scan on sbtest8  (cost=27.44..4146.15 rows=1074 width=4)
	        Recheck Cond: ((id >= 1767693) AND (id <= 1768692))
	        ->  Bitmap Index Scan on sbtest8_pkey  (cost=0.00..27.18 rows=1074 width=0)
	              Index Cond: ((id >= 1767693) AND (id <= 1768692))

for: order_ranges
table 1 : explain SELECT c FROM sbtest1 WHERE id BETWEEN 8239479 AND 8240478 ORDER BY c
	Sort  (cost=3733.89..3736.28 rows=954 width=121)
	  Sort Key: c
	  ->  Bitmap Heap Scan on sbtest1  (cost=22.21..3686.68 rows=954 width=121)
	        Recheck Cond: ((id >= 8239479) AND (id <= 8240478))
	        ->  Bitmap Index Scan on sbtest1_pkey  (cost=0.00..21.97 rows=954 width=0)
	              Index Cond: ((id >= 8239479) AND (id <= 8240478))

table 2 : explain SELECT c FROM sbtest2 WHERE id BETWEEN 6170889 AND 6171888 ORDER BY c
	Sort  (cost=3956.85..3959.38 rows=1012 width=121)
	  Sort Key: c
	  ->  Bitmap Heap Scan on sbtest2  (cost=22.81..3906.33 rows=1012 width=121)
	        Recheck Cond: ((id >= 6170889) AND (id <= 6171888))
	        ->  Bitmap Index Scan on sbtest2_pkey  (cost=0.00..22.55 rows=1012 width=0)
	              Index Cond: ((id >= 6170889) AND (id <= 6171888))

table 3 : explain SELECT c FROM sbtest3 WHERE id BETWEEN 907592 AND 908591 ORDER BY c
	Sort  (cost=3960.79..3963.32 rows=1013 width=121)
	  Sort Key: c
	  ->  Bitmap Heap Scan on sbtest3  (cost=22.82..3910.22 rows=1013 width=121)
	        Recheck Cond: ((id >= 907592) AND (id <= 908591))
	        ->  Bitmap Index Scan on sbtest3_pkey  (cost=0.00..22.57 rows=1013 width=0)
	              Index Cond: ((id >= 907592) AND (id <= 908591))

table 4 : explain SELECT c FROM sbtest4 WHERE id BETWEEN 1543113 AND 1544112 ORDER BY c
	Sort  (cost=3870.09..3872.56 rows=989 width=121)
	  Sort Key: c
	  ->  Bitmap Heap Scan on sbtest4  (cost=22.57..3820.89 rows=989 width=121)
	        Recheck Cond: ((id >= 1543113) AND (id <= 1544112))
	        ->  Bitmap Index Scan on sbtest4_pkey  (cost=0.00..22.32 rows=989 width=0)
	              Index Cond: ((id >= 1543113) AND (id <= 1544112))

table 5 : explain SELECT c FROM sbtest5 WHERE id BETWEEN 5918315 AND 5919314 ORDER BY c
	Sort  (cost=3740.02..3742.40 rows=955 width=121)
	  Sort Key: c
	  ->  Bitmap Heap Scan on sbtest5  (cost=22.22..3692.75 rows=955 width=121)
	        Recheck Cond: ((id >= 5918315) AND (id <= 5919314))
	        ->  Bitmap Index Scan on sbtest5_pkey  (cost=0.00..21.98 rows=955 width=0)
	              Index Cond: ((id >= 5918315) AND (id <= 5919314))

table 6 : explain SELECT c FROM sbtest6 WHERE id BETWEEN 711245 AND 712244 ORDER BY c
	Sort  (cost=3774.50..3776.91 rows=964 width=121)
	  Sort Key: c
	  ->  Bitmap Heap Scan on sbtest6  (cost=22.32..3726.72 rows=964 width=121)
	        Recheck Cond: ((id >= 711245) AND (id <= 712244))
	        ->  Bitmap Index Scan on sbtest6_pkey  (cost=0.00..22.07 rows=964 width=0)
	              Index Cond: ((id >= 711245) AND (id <= 712244))

table 7 : explain SELECT c FROM sbtest7 WHERE id BETWEEN 8477150 AND 8478149 ORDER BY c
	Sort  (cost=3898.14..3900.63 rows=996 width=121)
	  Sort Key: c
	  ->  Bitmap Heap Scan on sbtest7  (cost=22.64..3848.54 rows=996 width=121)
	        Recheck Cond: ((id >= 8477150) AND (id <= 8478149))
	        ->  Bitmap Index Scan on sbtest7_pkey  (cost=0.00..22.39 rows=996 width=0)
	              Index Cond: ((id >= 8477150) AND (id <= 8478149))

table 8 : explain SELECT c FROM sbtest8 WHERE id BETWEEN 8350100 AND 8351099 ORDER BY c
	Sort  (cost=3940.32..3942.84 rows=1006 width=121)
	  Sort Key: c
	  ->  Bitmap Heap Scan on sbtest8  (cost=26.75..3890.15 rows=1006 width=121)
	        Recheck Cond: ((id >= 8350100) AND (id <= 8351099))
	        ->  Bitmap Index Scan on sbtest8_pkey  (cost=0.00..26.50 rows=1006 width=0)
	              Index Cond: ((id >= 8350100) AND (id <= 8351099))

for: distinct_ranges
table 1 : explain SELECT DISTINCT c FROM sbtest1 WHERE id BETWEEN 7130672 AND 7131671 ORDER BY c
	Unique  (cost=4093.10..4098.34 rows=1048 width=121)
	  ->  Sort  (cost=4093.10..4095.72 rows=1048 width=121)
	        Sort Key: c
	        ->  Bitmap Heap Scan on sbtest1  (cost=23.18..4040.52 rows=1048 width=121)
	              Recheck Cond: ((id >= 7130672) AND (id <= 7131671))
	              ->  Bitmap Index Scan on sbtest1_pkey  (cost=0.00..22.91 rows=1048 width=0)
	                    Index Cond: ((id >= 7130672) AND (id <= 7131671))

table 2 : explain SELECT DISTINCT c FROM sbtest2 WHERE id BETWEEN 3918982 AND 3919981 ORDER BY c
	Unique  (cost=4182.12..4187.48 rows=1071 width=121)
	  ->  Sort  (cost=4182.12..4184.80 rows=1071 width=121)
	        Sort Key: c
	        ->  Bitmap Heap Scan on sbtest2  (cost=23.41..4128.22 rows=1071 width=121)
	              Recheck Cond: ((id >= 3918982) AND (id <= 3919981))
	              ->  Bitmap Index Scan on sbtest2_pkey  (cost=0.00..23.14 rows=1071 width=0)
	                    Index Cond: ((id >= 3918982) AND (id <= 3919981))

table 3 : explain SELECT DISTINCT c FROM sbtest3 WHERE id BETWEEN 1802711 AND 1803710 ORDER BY c
	Unique  (cost=3888.15..3893.12 rows=994 width=121)
	  ->  Sort  (cost=3888.15..3890.64 rows=994 width=121)
	        Sort Key: c
	        ->  Bitmap Heap Scan on sbtest3  (cost=22.62..3838.67 rows=994 width=121)
	              Recheck Cond: ((id >= 1802711) AND (id <= 1803710))
	              ->  Bitmap Index Scan on sbtest3_pkey  (cost=0.00..22.37 rows=994 width=0)
	                    Index Cond: ((id >= 1802711) AND (id <= 1803710))

table 4 : explain SELECT DISTINCT c FROM sbtest4 WHERE id BETWEEN 701562 AND 702561 ORDER BY c
	Unique  (cost=3847.13..3852.04 rows=983 width=121)
	  ->  Sort  (cost=3847.13..3849.59 rows=983 width=121)
	        Sort Key: c
	        ->  Bitmap Heap Scan on sbtest4  (cost=22.51..3798.27 rows=983 width=121)
	              Recheck Cond: ((id >= 701562) AND (id <= 702561))
	              ->  Bitmap Index Scan on sbtest4_pkey  (cost=0.00..22.26 rows=983 width=0)
	                    Index Cond: ((id >= 701562) AND (id <= 702561))

table 5 : explain SELECT DISTINCT c FROM sbtest5 WHERE id BETWEEN 5119577 AND 5120576 ORDER BY c
	Unique  (cost=4072.82..4078.03 rows=1042 width=121)
	  ->  Sort  (cost=4072.82..4075.43 rows=1042 width=121)
	        Sort Key: c
	        ->  Bitmap Heap Scan on sbtest5  (cost=23.12..4020.59 rows=1042 width=121)
	              Recheck Cond: ((id >= 5119577) AND (id <= 5120576))
	              ->  Bitmap Index Scan on sbtest5_pkey  (cost=0.00..22.86 rows=1042 width=0)
	                    Index Cond: ((id >= 5119577) AND (id <= 5120576))

table 6 : explain SELECT DISTINCT c FROM sbtest6 WHERE id BETWEEN 8984664 AND 8985663 ORDER BY c
	Unique  (cost=3935.24..3940.27 rows=1006 width=121)
	  ->  Sort  (cost=3935.24..3937.75 rows=1006 width=121)
	        Sort Key: c
	        ->  Bitmap Heap Scan on sbtest6  (cost=22.75..3885.07 rows=1006 width=121)
	              Recheck Cond: ((id >= 8984664) AND (id <= 8985663))
	              ->  Bitmap Index Scan on sbtest6_pkey  (cost=0.00..22.50 rows=1006 width=0)
	                    Index Cond: ((id >= 8984664) AND (id <= 8985663))

table 7 : explain SELECT DISTINCT c FROM sbtest7 WHERE id BETWEEN 6197052 AND 6198051 ORDER BY c
	Unique  (cost=3553.17..3557.70 rows=906 width=121)
	  ->  Sort  (cost=3553.17..3555.44 rows=906 width=121)
	        Sort Key: c
	        ->  Bitmap Heap Scan on sbtest7  (cost=21.72..3508.67 rows=906 width=121)
	              Recheck Cond: ((id >= 6197052) AND (id <= 6198051))
	              ->  Bitmap Index Scan on sbtest7_pkey  (cost=0.00..21.50 rows=906 width=0)
	                    Index Cond: ((id >= 6197052) AND (id <= 6198051))

table 8 : explain SELECT DISTINCT c FROM sbtest8 WHERE id BETWEEN 101257 AND 102256 ORDER BY c
	Unique  (cost=3606.83..3611.43 rows=920 width=121)
	  ->  Sort  (cost=3606.83..3609.13 rows=920 width=121)
	        Sort Key: c
	        ->  Bitmap Heap Scan on sbtest8  (cost=21.87..3561.54 rows=920 width=121)
	              Recheck Cond: ((id >= 101257) AND (id <= 102256))
	              ->  Bitmap Index Scan on sbtest8_pkey  (cost=0.00..21.64 rows=920 width=0)
	                    Index Cond: ((id >= 101257) AND (id <= 102256))

for: distinct_ranges
table 1 : explain SELECT DISTINCT c FROM sbtest1 WHERE id BETWEEN 4485108 AND 4486107 ORDER BY c
	Unique  (cost=4058.75..4063.95 rows=1039 width=121)
	  ->  Sort  (cost=4058.75..4061.35 rows=1039 width=121)
	        Sort Key: c
	        ->  Bitmap Heap Scan on sbtest1  (cost=23.08..4006.70 rows=1039 width=121)
	              Recheck Cond: ((id >= 4485108) AND (id <= 4486107))
	              ->  Bitmap Index Scan on sbtest1_pkey  (cost=0.00..22.82 rows=1039 width=0)
	                    Index Cond: ((id >= 4485108) AND (id <= 4486107))

table 2 : explain SELECT DISTINCT c FROM sbtest2 WHERE id BETWEEN 4449242 AND 4450241 ORDER BY c
	Unique  (cost=4327.27..4332.81 rows=1109 width=121)
	  ->  Sort  (cost=4327.27..4330.04 rows=1109 width=121)
	        Sort Key: c
	        ->  Bitmap Heap Scan on sbtest2  (cost=27.80..4271.18 rows=1109 width=121)
	              Recheck Cond: ((id >= 4449242) AND (id <= 4450241))
	              ->  Bitmap Index Scan on sbtest2_pkey  (cost=0.00..27.52 rows=1109 width=0)
	                    Index Cond: ((id >= 4449242) AND (id <= 4450241))

table 3 : explain SELECT DISTINCT c FROM sbtest3 WHERE id BETWEEN 5114695 AND 5115694 ORDER BY c
	Unique  (cost=4182.25..4187.61 rows=1071 width=121)
	  ->  Sort  (cost=4182.25..4184.93 rows=1071 width=121)
	        Sort Key: c
	        ->  Bitmap Heap Scan on sbtest3  (cost=23.41..4128.36 rows=1071 width=121)
	              Recheck Cond: ((id >= 5114695) AND (id <= 5115694))
	              ->  Bitmap Index Scan on sbtest3_pkey  (cost=0.00..23.14 rows=1071 width=0)
	                    Index Cond: ((id >= 5114695) AND (id <= 5115694))

table 4 : explain SELECT DISTINCT c FROM sbtest4 WHERE id BETWEEN 1118235 AND 1119234 ORDER BY c
	Unique  (cost=3747.58..3752.37 rows=957 width=121)
	  ->  Sort  (cost=3747.58..3749.98 rows=957 width=121)
	        Sort Key: c
	        ->  Bitmap Heap Scan on sbtest4  (cost=22.24..3700.20 rows=957 width=121)
	              Recheck Cond: ((id >= 1118235) AND (id <= 1119234))
	              ->  Bitmap Index Scan on sbtest4_pkey  (cost=0.00..22.00 rows=957 width=0)
	                    Index Cond: ((id >= 1118235) AND (id <= 1119234))

table 5 : explain SELECT DISTINCT c FROM sbtest5 WHERE id BETWEEN 7571806 AND 7572805 ORDER BY c
	Unique  (cost=4095.74..4100.98 rows=1048 width=121)
	  ->  Sort  (cost=4095.74..4098.36 rows=1048 width=121)
	        Sort Key: c
	        ->  Bitmap Heap Scan on sbtest5  (cost=23.18..4043.17 rows=1048 width=121)
	              Recheck Cond: ((id >= 7571806) AND (id <= 7572805))
	              ->  Bitmap Index Scan on sbtest5_pkey  (cost=0.00..22.91 rows=1048 width=0)
	                    Index Cond: ((id >= 7571806) AND (id <= 7572805))

table 6 : explain SELECT DISTINCT c FROM sbtest6 WHERE id BETWEEN 6980338 AND 6981337 ORDER BY c
	Unique  (cost=4007.88..4013.01 rows=1025 width=121)
	  ->  Sort  (cost=4007.88..4010.44 rows=1025 width=121)
	        Sort Key: c
	        ->  Bitmap Heap Scan on sbtest6  (cost=22.94..3956.62 rows=1025 width=121)
	              Recheck Cond: ((id >= 6980338) AND (id <= 6981337))
	              ->  Bitmap Index Scan on sbtest6_pkey  (cost=0.00..22.68 rows=1025 width=0)
	                    Index Cond: ((id >= 6980338) AND (id <= 6981337))

table 7 : explain SELECT DISTINCT c FROM sbtest7 WHERE id BETWEEN 5639687 AND 5640686 ORDER BY c
	Unique  (cost=3967.01..3972.08 rows=1014 width=121)
	  ->  Sort  (cost=3967.01..3969.55 rows=1014 width=121)
	        Sort Key: c
	        ->  Bitmap Heap Scan on sbtest7  (cost=22.83..3916.38 rows=1014 width=121)
	              Recheck Cond: ((id >= 5639687) AND (id <= 5640686))
	              ->  Bitmap Index Scan on sbtest7_pkey  (cost=0.00..22.57 rows=1014 width=0)
	                    Index Cond: ((id >= 5639687) AND (id <= 5640686))

table 8 : explain SELECT DISTINCT c FROM sbtest8 WHERE id BETWEEN 7644880 AND 7645879 ORDER BY c
	Unique  (cost=4039.76..4044.92 rows=1032 width=121)
	  ->  Sort  (cost=4039.76..4042.34 rows=1032 width=121)
	        Sort Key: c
	        ->  Bitmap Heap Scan on sbtest8  (cost=27.01..3988.10 rows=1032 width=121)
	              Recheck Cond: ((id >= 7644880) AND (id <= 7645879))
	              ->  Bitmap Index Scan on sbtest8_pkey  (cost=0.00..26.75 rows=1032 width=0)
	                    Index Cond: ((id >= 7644880) AND (id <= 7645879))

for: order_ranges
table 1 : explain SELECT c FROM sbtest1 WHERE id BETWEEN 576175 AND 577174 ORDER BY c
	Sort  (cost=4192.27..4194.95 rows=1074 width=121)
	  Sort Key: c
	  ->  Bitmap Heap Scan on sbtest1  (cost=23.44..4138.20 rows=1074 width=121)
	        Recheck Cond: ((id >= 576175) AND (id <= 577174))
	        ->  Bitmap Index Scan on sbtest1_pkey  (cost=0.00..23.18 rows=1074 width=0)
	              Index Cond: ((id >= 576175) AND (id <= 577174))

table 2 : explain SELECT c FROM sbtest2 WHERE id BETWEEN 4253435 AND 4254434 ORDER BY c
	Sort  (cost=3953.02..3955.55 rows=1011 width=121)
	  Sort Key: c
	  ->  Bitmap Heap Scan on sbtest2  (cost=22.80..3902.57 rows=1011 width=121)
	        Recheck Cond: ((id >= 4253435) AND (id <= 4254434))
	        ->  Bitmap Index Scan on sbtest2_pkey  (cost=0.00..22.54 rows=1011 width=0)
	              Index Cond: ((id >= 4253435) AND (id <= 4254434))

table 3 : explain SELECT c FROM sbtest3 WHERE id BETWEEN 6093410 AND 6094409 ORDER BY c
	Sort  (cost=3803.99..3806.42 rows=972 width=121)
	  Sort Key: c
	  ->  Bitmap Heap Scan on sbtest3  (cost=22.40..3755.76 rows=972 width=121)
	        Recheck Cond: ((id >= 6093410) AND (id <= 6094409))
	        ->  Bitmap Index Scan on sbtest3_pkey  (cost=0.00..22.15 rows=972 width=0)
	              Index Cond: ((id >= 6093410) AND (id <= 6094409))

table 4 : explain SELECT c FROM sbtest4 WHERE id BETWEEN 7076233 AND 7077232 ORDER BY c
	Sort  (cost=4099.45..4102.08 rows=1049 width=121)
	  Sort Key: c
	  ->  Bitmap Heap Scan on sbtest4  (cost=23.19..4046.82 rows=1049 width=121)
	        Recheck Cond: ((id >= 7076233) AND (id <= 7077232))
	        ->  Bitmap Index Scan on sbtest4_pkey  (cost=0.00..22.93 rows=1049 width=0)
	              Index Cond: ((id >= 7076233) AND (id <= 7077232))

table 5 : explain SELECT c FROM sbtest5 WHERE id BETWEEN 5189824 AND 5190823 ORDER BY c
	Sort  (cost=3942.87..3945.39 rows=1008 width=121)
	  Sort Key: c
	  ->  Bitmap Heap Scan on sbtest5  (cost=22.77..3892.58 rows=1008 width=121)
	        Recheck Cond: ((id >= 5189824) AND (id <= 5190823))
	        ->  Bitmap Index Scan on sbtest5_pkey  (cost=0.00..22.51 rows=1008 width=0)
	              Index Cond: ((id >= 5189824) AND (id <= 5190823))

table 6 : explain SELECT c FROM sbtest6 WHERE id BETWEEN 6474214 AND 6475213 ORDER BY c
	Sort  (cost=4076.66..4079.27 rows=1043 width=121)
	  Sort Key: c
	  ->  Bitmap Heap Scan on sbtest6  (cost=23.13..4024.37 rows=1043 width=121)
	        Recheck Cond: ((id >= 6474214) AND (id <= 6475213))
	        ->  Bitmap Index Scan on sbtest6_pkey  (cost=0.00..22.86 rows=1043 width=0)
	              Index Cond: ((id >= 6474214) AND (id <= 6475213))

table 7 : explain SELECT c FROM sbtest7 WHERE id BETWEEN 5785953 AND 5786952 ORDER BY c
	Sort  (cost=3794.75..3797.18 rows=969 width=121)
	  Sort Key: c
	  ->  Bitmap Heap Scan on sbtest7  (cost=22.37..3746.69 rows=969 width=121)
	        Recheck Cond: ((id >= 5785953) AND (id <= 5786952))
	        ->  Bitmap Index Scan on sbtest7_pkey  (cost=0.00..22.12 rows=969 width=0)
	              Index Cond: ((id >= 5785953) AND (id <= 5786952))

table 8 : explain SELECT c FROM sbtest8 WHERE id BETWEEN 8339889 AND 8340888 ORDER BY c
	Sort  (cost=3940.32..3942.84 rows=1006 width=121)
	  Sort Key: c
	  ->  Bitmap Heap Scan on sbtest8  (cost=26.75..3890.15 rows=1006 width=121)
	        Recheck Cond: ((id >= 8339889) AND (id <= 8340888))
	        ->  Bitmap Index Scan on sbtest8_pkey  (cost=0.00..26.50 rows=1006 width=0)
	              Index Cond: ((id >= 8339889) AND (id <= 8340888))

for: order_ranges
table 1 : explain SELECT c FROM sbtest1 WHERE id BETWEEN 9256889 AND 9257888 ORDER BY c
	Sort  (cost=4070.20..4072.81 rows=1042 width=121)
	  Sort Key: c
	  ->  Bitmap Heap Scan on sbtest1  (cost=23.12..4017.97 rows=1042 width=121)
	        Recheck Cond: ((id >= 9256889) AND (id <= 9257888))
	        ->  Bitmap Index Scan on sbtest1_pkey  (cost=0.00..22.86 rows=1042 width=0)
	              Index Cond: ((id >= 9256889) AND (id <= 9257888))

table 2 : explain SELECT c FROM sbtest2 WHERE id BETWEEN 7331021 AND 7332020 ORDER BY c
	Sort  (cost=3960.67..3963.20 rows=1013 width=121)
	  Sort Key: c
	  ->  Bitmap Heap Scan on sbtest2  (cost=22.82..3910.10 rows=1013 width=121)
	        Recheck Cond: ((id >= 7331021) AND (id <= 7332020))
	        ->  Bitmap Index Scan on sbtest2_pkey  (cost=0.00..22.57 rows=1013 width=0)
	              Index Cond: ((id >= 7331021) AND (id <= 7332020))

table 3 : explain SELECT c FROM sbtest3 WHERE id BETWEEN 1855675 AND 1856674 ORDER BY c
	Sort  (cost=4300.73..4303.48 rows=1102 width=121)
	  Sort Key: c
	  ->  Bitmap Heap Scan on sbtest3  (cost=27.73..4245.04 rows=1102 width=121)
	        Recheck Cond: ((id >= 1855675) AND (id <= 1856674))
	        ->  Bitmap Index Scan on sbtest3_pkey  (cost=0.00..27.45 rows=1102 width=0)
	              Index Cond: ((id >= 1855675) AND (id <= 1856674))

table 4 : explain SELECT c FROM sbtest4 WHERE id BETWEEN 5200226 AND 5201225 ORDER BY c
	Sort  (cost=3877.74..3880.22 rows=991 width=121)
	  Sort Key: c
	  ->  Bitmap Heap Scan on sbtest4  (cost=22.59..3828.43 rows=991 width=121)
	        Recheck Cond: ((id >= 5200226) AND (id <= 5201225))
	        ->  Bitmap Index Scan on sbtest4_pkey  (cost=0.00..22.34 rows=991 width=0)
	              Index Cond: ((id >= 5200226) AND (id <= 5201225))

table 5 : explain SELECT c FROM sbtest5 WHERE id BETWEEN 2225262 AND 2226261 ORDER BY c
	Sort  (cost=3743.85..3746.24 rows=956 width=121)
	  Sort Key: c
	  ->  Bitmap Heap Scan on sbtest5  (cost=22.23..3696.52 rows=956 width=121)
	        Recheck Cond: ((id >= 2225262) AND (id <= 2226261))
	        ->  Bitmap Index Scan on sbtest5_pkey  (cost=0.00..22.00 rows=956 width=0)
	              Index Cond: ((id >= 2225262) AND (id <= 2226261))

table 6 : explain SELECT c FROM sbtest6 WHERE id BETWEEN 7284159 AND 7285158 ORDER BY c
	Sort  (cost=3969.65..3972.19 rows=1015 width=121)
	  Sort Key: c
	  ->  Bitmap Heap Scan on sbtest6  (cost=22.84..3918.97 rows=1015 width=121)
	        Recheck Cond: ((id >= 7284159) AND (id <= 7285158))
	        ->  Bitmap Index Scan on sbtest6_pkey  (cost=0.00..22.58 rows=1015 width=0)
	              Index Cond: ((id >= 7284159) AND (id <= 7285158))

table 7 : explain SELECT c FROM sbtest7 WHERE id BETWEEN 1388155 AND 1389154 ORDER BY c
	Sort  (cost=3813.91..3816.34 rows=974 width=121)
	  Sort Key: c
	  ->  Bitmap Heap Scan on sbtest7  (cost=22.42..3765.56 rows=974 width=121)
	        Recheck Cond: ((id >= 1388155) AND (id <= 1389154))
	        ->  Bitmap Index Scan on sbtest7_pkey  (cost=0.00..22.18 rows=974 width=0)
	              Index Cond: ((id >= 1388155) AND (id <= 1389154))

table 8 : explain SELECT c FROM sbtest8 WHERE id BETWEEN 2764466 AND 2765465 ORDER BY c
	Sort  (cost=4238.40..4241.11 rows=1084 width=121)
	  Sort Key: c
	  ->  Bitmap Heap Scan on sbtest8  (cost=27.55..4183.75 rows=1084 width=121)
	        Recheck Cond: ((id >= 2764466) AND (id <= 2765465))
	        ->  Bitmap Index Scan on sbtest8_pkey  (cost=0.00..27.27 rows=1084 width=0)
	              Index Cond: ((id >= 2764466) AND (id <= 2765465))

for: simple_ranges
table 1 : explain SELECT c FROM sbtest1 WHERE id BETWEEN 5783066 AND 5784065
	Bitmap Heap Scan on sbtest1  (cost=27.70..4232.30 rows=1099 width=121)
	  Recheck Cond: ((id >= 5783066) AND (id <= 5784065))
	  ->  Bitmap Index Scan on sbtest1_pkey  (cost=0.00..27.43 rows=1099 width=0)
	        Index Cond: ((id >= 5783066) AND (id <= 5784065))

table 2 : explain SELECT c FROM sbtest2 WHERE id BETWEEN 9243583 AND 9244582
	Bitmap Heap Scan on sbtest2  (cost=22.27..3710.40 rows=960 width=121)
	  Recheck Cond: ((id >= 9243583) AND (id <= 9244582))
	  ->  Bitmap Index Scan on sbtest2_pkey  (cost=0.00..22.04 rows=960 width=0)
	        Index Cond: ((id >= 9243583) AND (id <= 9244582))

table 3 : explain SELECT c FROM sbtest3 WHERE id BETWEEN 3153299 AND 3154298
	Bitmap Heap Scan on sbtest3  (cost=22.86..3925.28 rows=1017 width=121)
	  Recheck Cond: ((id >= 3153299) AND (id <= 3154298))
	  ->  Bitmap Index Scan on sbtest3_pkey  (cost=0.00..22.61 rows=1017 width=0)
	        Index Cond: ((id >= 3153299) AND (id <= 3154298))

table 4 : explain SELECT c FROM sbtest4 WHERE id BETWEEN 7132801 AND 7133800
	Bitmap Heap Scan on sbtest4  (cost=22.70..3866.11 rows=1001 width=121)
	  Recheck Cond: ((id >= 7132801) AND (id <= 7133800))
	  ->  Bitmap Index Scan on sbtest4_pkey  (cost=0.00..22.44 rows=1001 width=0)
	        Index Cond: ((id >= 7132801) AND (id <= 7133800))

table 5 : explain SELECT c FROM sbtest5 WHERE id BETWEEN 373830 AND 374829
	Bitmap Heap Scan on sbtest5  (cost=27.62..4208.82 rows=1091 width=121)
	  Recheck Cond: ((id >= 373830) AND (id <= 374829))
	  ->  Bitmap Index Scan on sbtest5_pkey  (cost=0.00..27.34 rows=1091 width=0)
	        Index Cond: ((id >= 373830) AND (id <= 374829))

table 6 : explain SELECT c FROM sbtest6 WHERE id BETWEEN 873185 AND 874184
	Bitmap Heap Scan on sbtest6  (cost=27.72..4246.40 rows=1101 width=121)
	  Recheck Cond: ((id >= 873185) AND (id <= 874184))
	  ->  Bitmap Index Scan on sbtest6_pkey  (cost=0.00..27.44 rows=1101 width=0)
	        Index Cond: ((id >= 873185) AND (id <= 874184))

table 7 : explain SELECT c FROM sbtest7 WHERE id BETWEEN 9122762 AND 9123761
	Bitmap Heap Scan on sbtest7  (cost=22.16..3671.19 rows=949 width=121)
	  Recheck Cond: ((id >= 9122762) AND (id <= 9123761))
	  ->  Bitmap Index Scan on sbtest7_pkey  (cost=0.00..21.93 rows=949 width=0)
	        Index Cond: ((id >= 9122762) AND (id <= 9123761))

table 8 : explain SELECT c FROM sbtest8 WHERE id BETWEEN 2570556 AND 2571555
	Bitmap Heap Scan on sbtest8  (cost=22.00..3610.67 rows=933 width=121)
	  Recheck Cond: ((id >= 2570556) AND (id <= 2571555))
	  ->  Bitmap Index Scan on sbtest8_pkey  (cost=0.00..21.76 rows=933 width=0)
	        Index Cond: ((id >= 2570556) AND (id <= 2571555))

explain: for point_selects :: explain SELECT c FROM sbtest%u WHERE id=%u
explain: for point_selects :: explain SELECT c FROM sbtest%u WHERE id=%u
for: order_ranges
table 1 : explain SELECT c FROM sbtest1 WHERE id BETWEEN 6431900 AND 6432899 ORDER BY c
	Sort  (cost=3883.06..3885.54 rows=993 width=121)
	  Sort Key: c
	  ->  Bitmap Heap Scan on sbtest1  (cost=22.61..3833.63 rows=993 width=121)
	        Recheck Cond: ((id >= 6431900) AND (id <= 6432899))
	        ->  Bitmap Index Scan on sbtest1_pkey  (cost=0.00..22.36 rows=993 width=0)
	              Index Cond: ((id >= 6431900) AND (id <= 6432899))

table 2 : explain SELECT c FROM sbtest2 WHERE id BETWEEN 2713019 AND 2714018 ORDER BY c
	Sort  (cost=3761.78..3764.18 rows=961 width=121)
	  Sort Key: c
	  ->  Bitmap Heap Scan on sbtest2  (cost=22.29..3714.17 rows=961 width=121)
	        Recheck Cond: ((id >= 2713019) AND (id <= 2714018))
	        ->  Bitmap Index Scan on sbtest2_pkey  (cost=0.00..22.04 rows=961 width=0)
	              Index Cond: ((id >= 2713019) AND (id <= 2714018))

table 3 : explain SELECT c FROM sbtest3 WHERE id BETWEEN 4656399 AND 4657398 ORDER BY c
	Sort  (cost=4232.02..4234.73 rows=1083 width=121)
	  Sort Key: c
	  ->  Bitmap Heap Scan on sbtest3  (cost=27.54..4177.43 rows=1083 width=121)
	        Recheck Cond: ((id >= 4656399) AND (id <= 4657398))
	        ->  Bitmap Index Scan on sbtest3_pkey  (cost=0.00..27.26 rows=1083 width=0)
	              Index Cond: ((id >= 4656399) AND (id <= 4657398))

table 4 : explain SELECT c FROM sbtest4 WHERE id BETWEEN 1142273 AND 1143272 ORDER BY c
	Sort  (cost=3747.58..3749.98 rows=957 width=121)
	  Sort Key: c
	  ->  Bitmap Heap Scan on sbtest4  (cost=22.24..3700.20 rows=957 width=121)
	        Recheck Cond: ((id >= 1142273) AND (id <= 1143272))
	        ->  Bitmap Index Scan on sbtest4_pkey  (cost=0.00..22.00 rows=957 width=0)
	              Index Cond: ((id >= 1142273) AND (id <= 1143272))

table 5 : explain SELECT c FROM sbtest5 WHERE id BETWEEN 8221300 AND 8222299 ORDER BY c
	Sort  (cost=3778.32..3780.73 rows=965 width=121)
	  Sort Key: c
	  ->  Bitmap Heap Scan on sbtest5  (cost=22.33..3730.48 rows=965 width=121)
	        Recheck Cond: ((id >= 8221300) AND (id <= 8222299))
	        ->  Bitmap Index Scan on sbtest5_pkey  (cost=0.00..22.08 rows=965 width=0)
	              Index Cond: ((id >= 8221300) AND (id <= 8222299))

table 6 : explain SELECT c FROM sbtest6 WHERE id BETWEEN 8014862 AND 8015861 ORDER BY c
	Sort  (cost=3789.82..3792.24 rows=968 width=121)
	  Sort Key: c
	  ->  Bitmap Heap Scan on sbtest6  (cost=22.36..3741.81 rows=968 width=121)
	        Recheck Cond: ((id >= 8014862) AND (id <= 8015861))
	        ->  Bitmap Index Scan on sbtest6_pkey  (cost=0.00..22.11 rows=968 width=0)
	              Index Cond: ((id >= 8014862) AND (id <= 8015861))

table 7 : explain SELECT c FROM sbtest7 WHERE id BETWEEN 7511005 AND 7512004 ORDER BY c
	Sort  (cost=3767.94..3770.34 rows=962 width=121)
	  Sort Key: c
	  ->  Bitmap Heap Scan on sbtest7  (cost=22.30..3720.27 rows=962 width=121)
	        Recheck Cond: ((id >= 7511005) AND (id <= 7512004))
	        ->  Bitmap Index Scan on sbtest7_pkey  (cost=0.00..22.05 rows=962 width=0)
	              Index Cond: ((id >= 7511005) AND (id <= 7512004))

table 8 : explain SELECT c FROM sbtest8 WHERE id BETWEEN 3691107 AND 3692106 ORDER BY c
	Sort  (cost=3863.60..3866.07 rows=987 width=121)
	  Sort Key: c
	  ->  Bitmap Heap Scan on sbtest8  (cost=22.55..3814.52 rows=987 width=121)
	        Recheck Cond: ((id >= 3691107) AND (id <= 3692106))
	        ->  Bitmap Index Scan on sbtest8_pkey  (cost=0.00..22.30 rows=987 width=0)
	              Index Cond: ((id >= 3691107) AND (id <= 3692106))

for: distinct_ranges
table 1 : explain SELECT DISTINCT c FROM sbtest1 WHERE id BETWEEN 5631058 AND 5632057 ORDER BY c
	Unique  (cost=3691.78..3696.50 rows=943 width=121)
	  ->  Sort  (cost=3691.78..3694.14 rows=943 width=121)
	        Sort Key: c
	        ->  Bitmap Heap Scan on sbtest1  (cost=22.10..3645.19 rows=943 width=121)
	              Recheck Cond: ((id >= 5631058) AND (id <= 5632057))
	              ->  Bitmap Index Scan on sbtest1_pkey  (cost=0.00..21.86 rows=943 width=0)
	                    Index Cond: ((id >= 5631058) AND (id <= 5632057))

table 2 : explain SELECT DISTINCT c FROM sbtest2 WHERE id BETWEEN 2581099 AND 2582098 ORDER BY c
	Unique  (cost=3738.81..3743.58 rows=955 width=121)
	  ->  Sort  (cost=3738.81..3741.19 rows=955 width=121)
	        Sort Key: c
	        ->  Bitmap Heap Scan on sbtest2  (cost=22.22..3691.54 rows=955 width=121)
	              Recheck Cond: ((id >= 2581099) AND (id <= 2582098))
	              ->  Bitmap Index Scan on sbtest2_pkey  (cost=0.00..21.98 rows=955 width=0)
	                    Index Cond: ((id >= 2581099) AND (id <= 2582098))

table 3 : explain SELECT DISTINCT c FROM sbtest3 WHERE id BETWEEN 439508 AND 440507 ORDER BY c
	Unique  (cost=4025.74..4030.89 rows=1030 width=121)
	  ->  Sort  (cost=4025.74..4028.32 rows=1030 width=121)
	        Sort Key: c
	        ->  Bitmap Heap Scan on sbtest3  (cost=22.99..3974.20 rows=1030 width=121)
	              Recheck Cond: ((id >= 439508) AND (id <= 440507))
	              ->  Bitmap Index Scan on sbtest3_pkey  (cost=0.00..22.73 rows=1030 width=0)
	                    Index Cond: ((id >= 439508) AND (id <= 440507))

table 4 : explain SELECT DISTINCT c FROM sbtest4 WHERE id BETWEEN 3709306 AND 3710305 ORDER BY c
	Unique  (cost=3732.26..3737.03 rows=953 width=121)
	  ->  Sort  (cost=3732.26..3734.64 rows=953 width=121)
	        Sort Key: c
	        ->  Bitmap Heap Scan on sbtest4  (cost=22.20..3685.10 rows=953 width=121)
	              Recheck Cond: ((id >= 3709306) AND (id <= 3710305))
	              ->  Bitmap Index Scan on sbtest4_pkey  (cost=0.00..21.96 rows=953 width=0)
	                    Index Cond: ((id >= 3709306) AND (id <= 3710305))

table 5 : explain SELECT DISTINCT c FROM sbtest5 WHERE id BETWEEN 4227558 AND 4228557 ORDER BY c
	Unique  (cost=4069.00..4074.21 rows=1041 width=121)
	  ->  Sort  (cost=4069.00..4071.60 rows=1041 width=121)
	        Sort Key: c
	        ->  Bitmap Heap Scan on sbtest5  (cost=23.11..4016.83 rows=1041 width=121)
	              Recheck Cond: ((id >= 4227558) AND (id <= 4228557))
	              ->  Bitmap Index Scan on sbtest5_pkey  (cost=0.00..22.84 rows=1041 width=0)
	                    Index Cond: ((id >= 4227558) AND (id <= 4228557))

table 6 : explain SELECT DISTINCT c FROM sbtest6 WHERE id BETWEEN 8804584 AND 8805583 ORDER BY c
	Unique  (cost=3636.56..3641.20 rows=928 width=121)
	  ->  Sort  (cost=3636.56..3638.88 rows=928 width=121)
	        Sort Key: c
	        ->  Bitmap Heap Scan on sbtest6  (cost=21.95..3590.82 rows=928 width=121)
	              Recheck Cond: ((id >= 8804584) AND (id <= 8805583))
	              ->  Bitmap Index Scan on sbtest6_pkey  (cost=0.00..21.71 rows=928 width=0)
	                    Index Cond: ((id >= 8804584) AND (id <= 8805583))

table 7 : explain SELECT DISTINCT c FROM sbtest7 WHERE id BETWEEN 4185010 AND 4186009 ORDER BY c
	Unique  (cost=3649.10..3653.75 rows=931 width=121)
	  ->  Sort  (cost=3649.10..3651.43 rows=931 width=121)
	        Sort Key: c
	        ->  Bitmap Heap Scan on sbtest7  (cost=21.98..3603.19 rows=931 width=121)
	              Recheck Cond: ((id >= 4185010) AND (id <= 4186009))
	              ->  Bitmap Index Scan on sbtest7_pkey  (cost=0.00..21.75 rows=931 width=0)
	                    Index Cond: ((id >= 4185010) AND (id <= 4186009))

table 8 : explain SELECT DISTINCT c FROM sbtest8 WHERE id BETWEEN 3582003 AND 3583002 ORDER BY c
	Unique  (cost=3649.02..3653.68 rows=931 width=121)
	  ->  Sort  (cost=3649.02..3651.35 rows=931 width=121)
	        Sort Key: c
	        ->  Bitmap Heap Scan on sbtest8  (cost=21.98..3603.11 rows=931 width=121)
	              Recheck Cond: ((id >= 3582003) AND (id <= 3583002))
	              ->  Bitmap Index Scan on sbtest8_pkey  (cost=0.00..21.75 rows=931 width=0)
	                    Index Cond: ((id >= 3582003) AND (id <= 3583002))

for: order_ranges
table 1 : explain SELECT c FROM sbtest1 WHERE id BETWEEN 9337502 AND 9338501 ORDER BY c
	Sort  (cost=4303.05..4305.81 rows=1103 width=121)
	  Sort Key: c
	  ->  Bitmap Heap Scan on sbtest1  (cost=27.74..4247.31 rows=1103 width=121)
	        Recheck Cond: ((id >= 9337502) AND (id <= 9338501))
	        ->  Bitmap Index Scan on sbtest1_pkey  (cost=0.00..27.46 rows=1103 width=0)
	              Index Cond: ((id >= 9337502) AND (id <= 9338501))

table 2 : explain SELECT c FROM sbtest2 WHERE id BETWEEN 8510772 AND 8511771 ORDER BY c
	Sort  (cost=3937.74..3940.25 rows=1007 width=121)
	  Sort Key: c
	  ->  Bitmap Heap Scan on sbtest2  (cost=22.76..3887.51 rows=1007 width=121)
	        Recheck Cond: ((id >= 8510772) AND (id <= 8511771))
	        ->  Bitmap Index Scan on sbtest2_pkey  (cost=0.00..22.50 rows=1007 width=0)
	              Index Cond: ((id >= 8510772) AND (id <= 8511771))

table 3 : explain SELECT c FROM sbtest3 WHERE id BETWEEN 7034904 AND 7035903 ORDER BY c
	Sort  (cost=3926.39..3928.90 rows=1004 width=121)
	  Sort Key: c
	  ->  Bitmap Heap Scan on sbtest3  (cost=22.73..3876.33 rows=1004 width=121)
	        Recheck Cond: ((id >= 7034904) AND (id <= 7035903))
	        ->  Bitmap Index Scan on sbtest3_pkey  (cost=0.00..22.47 rows=1004 width=0)
	              Index Cond: ((id >= 7034904) AND (id <= 7035903))

table 4 : explain SELECT c FROM sbtest4 WHERE id BETWEEN 315077 AND 316076 ORDER BY c
	Sort  (cost=4076.54..4079.14 rows=1043 width=121)
	  Sort Key: c
	  ->  Bitmap Heap Scan on sbtest4  (cost=23.13..4024.25 rows=1043 width=121)
	        Recheck Cond: ((id >= 315077) AND (id <= 316076))
	        ->  Bitmap Index Scan on sbtest4_pkey  (cost=0.00..22.86 rows=1043 width=0)
	              Index Cond: ((id >= 315077) AND (id <= 316076))

table 5 : explain SELECT c FROM sbtest5 WHERE id BETWEEN 4080993 AND 4081992 ORDER BY c
	Sort  (cost=3686.37..3688.73 rows=941 width=121)
	  Sort Key: c
	  ->  Bitmap Heap Scan on sbtest5  (cost=22.08..3639.90 rows=941 width=121)
	        Recheck Cond: ((id >= 4080993) AND (id <= 4081992))
	        ->  Bitmap Index Scan on sbtest5_pkey  (cost=0.00..21.84 rows=941 width=0)
	              Index Cond: ((id >= 4080993) AND (id <= 4081992))

table 6 : explain SELECT c FROM sbtest6 WHERE id BETWEEN 5650944 AND 5651943 ORDER BY c
	Sort  (cost=4137.95..4140.59 rows=1058 width=121)
	  Sort Key: c
	  ->  Bitmap Heap Scan on sbtest6  (cost=27.28..4084.80 rows=1058 width=121)
	        Recheck Cond: ((id >= 5650944) AND (id <= 5651943))
	        ->  Bitmap Index Scan on sbtest6_pkey  (cost=0.00..27.01 rows=1058 width=0)
	              Index Cond: ((id >= 5650944) AND (id <= 5651943))

table 7 : explain SELECT c FROM sbtest7 WHERE id BETWEEN 8539112 AND 8540111 ORDER BY c
	Sort  (cost=3898.14..3900.63 rows=996 width=121)
	  Sort Key: c
	  ->  Bitmap Heap Scan on sbtest7  (cost=22.64..3848.54 rows=996 width=121)
	        Recheck Cond: ((id >= 8539112) AND (id <= 8540111))
	        ->  Bitmap Index Scan on sbtest7_pkey  (cost=0.00..22.39 rows=996 width=0)
	              Index Cond: ((id >= 8539112) AND (id <= 8540111))

table 8 : explain SELECT c FROM sbtest8 WHERE id BETWEEN 8140959 AND 8141958 ORDER BY c
	Sort  (cost=4318.52..4321.29 rows=1105 width=121)
	  Sort Key: c
	  ->  Bitmap Heap Scan on sbtest8  (cost=27.76..4262.67 rows=1105 width=121)
	        Recheck Cond: ((id >= 8140959) AND (id <= 8141958))
	        ->  Bitmap Index Scan on sbtest8_pkey  (cost=0.00..27.48 rows=1105 width=0)
	              Index Cond: ((id >= 8140959) AND (id <= 8141958))

for: distinct_ranges
table 1 : explain SELECT DISTINCT c FROM sbtest1 WHERE id BETWEEN 6776937 AND 6777936 ORDER BY c
	Unique  (cost=3925.09..3930.11 rows=1004 width=121)
	  ->  Sort  (cost=3925.09..3927.60 rows=1004 width=121)
	        Sort Key: c
	        ->  Bitmap Heap Scan on sbtest1  (cost=22.73..3875.04 rows=1004 width=121)
	              Recheck Cond: ((id >= 6776937) AND (id <= 6777936))
	              ->  Bitmap Index Scan on sbtest1_pkey  (cost=0.00..22.47 rows=1004 width=0)
	                    Index Cond: ((id >= 6776937) AND (id <= 6777936))

table 2 : explain SELECT DISTINCT c FROM sbtest2 WHERE id BETWEEN 8303256 AND 8304255 ORDER BY c
	Unique  (cost=3734.98..3739.75 rows=954 width=121)
	  ->  Sort  (cost=3734.98..3737.36 rows=954 width=121)
	        Sort Key: c
	        ->  Bitmap Heap Scan on sbtest2  (cost=22.21..3687.76 rows=954 width=121)
	              Recheck Cond: ((id >= 8303256) AND (id <= 8304255))
	              ->  Bitmap Index Scan on sbtest2_pkey  (cost=0.00..21.97 rows=954 width=0)
	                    Index Cond: ((id >= 8303256) AND (id <= 8304255))

table 3 : explain SELECT DISTINCT c FROM sbtest3 WHERE id BETWEEN 9942914 AND 9943913 ORDER BY c
	Unique  (cost=3999.00..4004.12 rows=1023 width=121)
	  ->  Sort  (cost=3999.00..4001.56 rows=1023 width=121)
	        Sort Key: c
	        ->  Bitmap Heap Scan on sbtest3  (cost=22.92..3947.86 rows=1023 width=121)
	              Recheck Cond: ((id >= 9942914) AND (id <= 9943913))
	              ->  Bitmap Index Scan on sbtest3_pkey  (cost=0.00..22.66 rows=1023 width=0)
	                    Index Cond: ((id >= 9942914) AND (id <= 9943913))

table 4 : explain SELECT DISTINCT c FROM sbtest4 WHERE id BETWEEN 1048444 AND 1049443 ORDER BY c
	Unique  (cost=3647.95..3652.61 rows=931 width=121)
	  ->  Sort  (cost=3647.95..3650.28 rows=931 width=121)
	        Sort Key: c
	        ->  Bitmap Heap Scan on sbtest4  (cost=21.98..3602.04 rows=931 width=121)
	              Recheck Cond: ((id >= 1048444) AND (id <= 1049443))
	              ->  Bitmap Index Scan on sbtest4_pkey  (cost=0.00..21.75 rows=931 width=0)
	                    Index Cond: ((id >= 1048444) AND (id <= 1049443))

table 5 : explain SELECT DISTINCT c FROM sbtest5 WHERE id BETWEEN 9820665 AND 9821664 ORDER BY c
	Unique  (cost=4141.57..4146.87 rows=1060 width=121)
	  ->  Sort  (cost=4141.57..4144.22 rows=1060 width=121)
	        Sort Key: c
	        ->  Bitmap Heap Scan on sbtest5  (cost=23.30..4088.30 rows=1060 width=121)
	              Recheck Cond: ((id >= 9820665) AND (id <= 9821664))
	              ->  Bitmap Index Scan on sbtest5_pkey  (cost=0.00..23.04 rows=1060 width=0)
	                    Index Cond: ((id >= 9820665) AND (id <= 9821664))

table 6 : explain SELECT DISTINCT c FROM sbtest6 WHERE id BETWEEN 850864 AND 851863 ORDER BY c
	Unique  (cost=4302.02..4307.53 rows=1101 width=121)
	  ->  Sort  (cost=4302.02..4304.78 rows=1101 width=121)
	        Sort Key: c
	        ->  Bitmap Heap Scan on sbtest6  (cost=27.72..4246.40 rows=1101 width=121)
	              Recheck Cond: ((id >= 850864) AND (id <= 851863))
	              ->  Bitmap Index Scan on sbtest6_pkey  (cost=0.00..27.44 rows=1101 width=0)
	                    Index Cond: ((id >= 850864) AND (id <= 851863))

table 7 : explain SELECT DISTINCT c FROM sbtest7 WHERE id BETWEEN 3366184 AND 3367183 ORDER BY c
	Unique  (cost=4146.67..4151.97 rows=1061 width=121)
	  ->  Sort  (cost=4146.67..4149.32 rows=1061 width=121)
	        Sort Key: c
	        ->  Bitmap Heap Scan on sbtest7  (cost=23.31..4093.35 rows=1061 width=121)
	              Recheck Cond: ((id >= 3366184) AND (id <= 3367183))
	              ->  Bitmap Index Scan on sbtest7_pkey  (cost=0.00..23.04 rows=1061 width=0)
	                    Index Cond: ((id >= 3366184) AND (id <= 3367183))

table 8 : explain SELECT DISTINCT c FROM sbtest8 WHERE id BETWEEN 185061 AND 186060 ORDER BY c
	Unique  (cost=3771.69..3776.50 rows=963 width=121)
	  ->  Sort  (cost=3771.69..3774.10 rows=963 width=121)
	        Sort Key: c
	        ->  Bitmap Heap Scan on sbtest8  (cost=22.31..3723.97 rows=963 width=121)
	              Recheck Cond: ((id >= 185061) AND (id <= 186060))
	              ->  Bitmap Index Scan on sbtest8_pkey  (cost=0.00..22.07 rows=963 width=0)
	                    Index Cond: ((id >= 185061) AND (id <= 186060))

for: distinct_ranges
table 1 : explain SELECT DISTINCT c FROM sbtest1 WHERE id BETWEEN 4068559 AND 4069558 ORDER BY c
	Unique  (cost=4039.67..4044.84 rows=1034 width=121)
	  ->  Sort  (cost=4039.67..4042.25 rows=1034 width=121)
	        Sort Key: c
	        ->  Bitmap Heap Scan on sbtest1  (cost=23.03..3987.90 rows=1034 width=121)
	              Recheck Cond: ((id >= 4068559) AND (id <= 4069558))
	              ->  Bitmap Index Scan on sbtest1_pkey  (cost=0.00..22.77 rows=1034 width=0)
	                    Index Cond: ((id >= 4068559) AND (id <= 4069558))

table 2 : explain SELECT DISTINCT c FROM sbtest2 WHERE id BETWEEN 2099271 AND 2100270 ORDER BY c
	Unique  (cost=3589.39..3593.97 rows=916 width=121)
	  ->  Sort  (cost=3589.39..3591.68 rows=916 width=121)
	        Sort Key: c
	        ->  Bitmap Heap Scan on sbtest2  (cost=21.82..3544.32 rows=916 width=121)
	              Recheck Cond: ((id >= 2099271) AND (id <= 2100270))
	              ->  Bitmap Index Scan on sbtest2_pkey  (cost=0.00..21.59 rows=916 width=0)
	                    Index Cond: ((id >= 2099271) AND (id <= 2100270))

table 3 : explain SELECT DISTINCT c FROM sbtest3 WHERE id BETWEEN 4970885 AND 4971884 ORDER BY c
	Unique  (cost=3846.08..3851.00 rows=983 width=121)
	  ->  Sort  (cost=3846.08..3848.54 rows=983 width=121)
	        Sort Key: c
	        ->  Bitmap Heap Scan on sbtest3  (cost=22.51..3797.22 rows=983 width=121)
	              Recheck Cond: ((id >= 4970885) AND (id <= 4971884))
	              ->  Bitmap Index Scan on sbtest3_pkey  (cost=0.00..22.26 rows=983 width=0)
	                    Index Cond: ((id >= 4970885) AND (id <= 4971884))

table 4 : explain SELECT DISTINCT c FROM sbtest4 WHERE id BETWEEN 7249642 AND 7250641 ORDER BY c
	Unique  (cost=3805.02..3809.88 rows=972 width=121)
	  ->  Sort  (cost=3805.02..3807.45 rows=972 width=121)
	        Sort Key: c
	        ->  Bitmap Heap Scan on sbtest4  (cost=22.40..3756.79 rows=972 width=121)
	              Recheck Cond: ((id >= 7249642) AND (id <= 7250641))
	              ->  Bitmap Index Scan on sbtest4_pkey  (cost=0.00..22.15 rows=972 width=0)
	                    Index Cond: ((id >= 7249642) AND (id <= 7250641))

table 5 : explain SELECT DISTINCT c FROM sbtest5 WHERE id BETWEEN 4193764 AND 4194763 ORDER BY c
	Unique  (cost=4069.00..4074.21 rows=1041 width=121)
	  ->  Sort  (cost=4069.00..4071.60 rows=1041 width=121)
	        Sort Key: c
	        ->  Bitmap Heap Scan on sbtest5  (cost=23.11..4016.83 rows=1041 width=121)
	              Recheck Cond: ((id >= 4193764) AND (id <= 4194763))
	              ->  Bitmap Index Scan on sbtest5_pkey  (cost=0.00..22.84 rows=1041 width=0)
	                    Index Cond: ((id >= 4193764) AND (id <= 4194763))

table 6 : explain SELECT DISTINCT c FROM sbtest6 WHERE id BETWEEN 7953924 AND 7954923 ORDER BY c
	Unique  (cost=3805.14..3810.00 rows=972 width=121)
	  ->  Sort  (cost=3805.14..3807.57 rows=972 width=121)
	        Sort Key: c
	        ->  Bitmap Heap Scan on sbtest6  (cost=22.40..3756.90 rows=972 width=121)
	              Recheck Cond: ((id >= 7953924) AND (id <= 7954923))
	              ->  Bitmap Index Scan on sbtest6_pkey  (cost=0.00..22.15 rows=972 width=0)
	                    Index Cond: ((id >= 7953924) AND (id <= 7954923))

table 7 : explain SELECT DISTINCT c FROM sbtest7 WHERE id BETWEEN 425306 AND 426305 ORDER BY c
	Unique  (cost=3798.58..3803.43 rows=970 width=121)
	  ->  Sort  (cost=3798.58..3801.01 rows=970 width=121)
	        Sort Key: c
	        ->  Bitmap Heap Scan on sbtest7  (cost=22.38..3750.46 rows=970 width=121)
	              Recheck Cond: ((id >= 425306) AND (id <= 426305))
	              ->  Bitmap Index Scan on sbtest7_pkey  (cost=0.00..22.14 rows=970 width=0)
	                    Index Cond: ((id >= 425306) AND (id <= 426305))

table 8 : explain SELECT DISTINCT c FROM sbtest8 WHERE id BETWEEN 1889741 AND 1890740 ORDER BY c
	Unique  (cost=3967.10..3972.17 rows=1013 width=121)
	  ->  Sort  (cost=3967.10..3969.63 rows=1013 width=121)
	        Sort Key: c
	        ->  Bitmap Heap Scan on sbtest8  (cost=26.82..3916.53 rows=1013 width=121)
	              Recheck Cond: ((id >= 1889741) AND (id <= 1890740))
	              ->  Bitmap Index Scan on sbtest8_pkey  (cost=0.00..26.57 rows=1013 width=0)
	                    Index Cond: ((id >= 1889741) AND (id <= 1890740))

for: distinct_ranges
table 1 : explain SELECT DISTINCT c FROM sbtest1 WHERE id BETWEEN 6859315 AND 6860314 ORDER BY c
	Unique  (cost=4679.59..4685.60 rows=1202 width=121)
	  ->  Sort  (cost=4679.59..4682.60 rows=1202 width=121)
	        Sort Key: c
	        ->  Bitmap Heap Scan on sbtest1  (cost=28.76..4618.10 rows=1202 width=121)
	              Recheck Cond: ((id >= 6859315) AND (id <= 6860314))
	              ->  Bitmap Index Scan on sbtest1_pkey  (cost=0.00..28.45 rows=1202 width=0)
	                    Index Cond: ((id >= 6859315) AND (id <= 6860314))

table 2 : explain SELECT DISTINCT c FROM sbtest2 WHERE id BETWEEN 5117024 AND 5118023 ORDER BY c
	Unique  (cost=4193.56..4198.93 rows=1074 width=121)
	  ->  Sort  (cost=4193.56..4196.25 rows=1074 width=121)
	        Sort Key: c
	        ->  Bitmap Heap Scan on sbtest2  (cost=23.44..4139.49 rows=1074 width=121)
	              Recheck Cond: ((id >= 5117024) AND (id <= 5118023))
	              ->  Bitmap Index Scan on sbtest2_pkey  (cost=0.00..23.18 rows=1074 width=0)
	                    Index Cond: ((id >= 5117024) AND (id <= 5118023))

table 3 : explain SELECT DISTINCT c FROM sbtest3 WHERE id BETWEEN 7800692 AND 7801691 ORDER BY c
	Unique  (cost=4125.02..4130.30 rows=1056 width=121)
	  ->  Sort  (cost=4125.02..4127.66 rows=1056 width=121)
	        Sort Key: c
	        ->  Bitmap Heap Scan on sbtest3  (cost=23.26..4071.98 rows=1056 width=121)
	              Recheck Cond: ((id >= 7800692) AND (id <= 7801691))
	              ->  Bitmap Index Scan on sbtest3_pkey  (cost=0.00..23.00 rows=1056 width=0)
	                    Index Cond: ((id >= 7800692) AND (id <= 7801691))

table 4 : explain SELECT DISTINCT c FROM sbtest4 WHERE id BETWEEN 5275832 AND 5276831 ORDER BY c
	Unique  (cost=4191.26..4196.62 rows=1072 width=121)
	  ->  Sort  (cost=4191.26..4193.94 rows=1072 width=121)
	        Sort Key: c
	        ->  Bitmap Heap Scan on sbtest4  (cost=27.42..4137.31 rows=1072 width=121)
	              Recheck Cond: ((id >= 5275832) AND (id <= 5276831))
	              ->  Bitmap Index Scan on sbtest4_pkey  (cost=0.00..27.15 rows=1072 width=0)
	                    Index Cond: ((id >= 5275832) AND (id <= 5276831))

table 5 : explain SELECT DISTINCT c FROM sbtest5 WHERE id BETWEEN 557739 AND 558738 ORDER BY c
	Unique  (cost=3889.32..3894.29 rows=994 width=121)
	  ->  Sort  (cost=3889.32..3891.80 rows=994 width=121)
	        Sort Key: c
	        ->  Bitmap Heap Scan on sbtest5  (cost=22.62..3839.83 rows=994 width=121)
	              Recheck Cond: ((id >= 557739) AND (id <= 558738))
	              ->  Bitmap Index Scan on sbtest5_pkey  (cost=0.00..22.37 rows=994 width=0)
	                    Index Cond: ((id >= 557739) AND (id <= 558738))

table 6 : explain SELECT DISTINCT c FROM sbtest6 WHERE id BETWEEN 7340853 AND 7341852 ORDER BY c
	Unique  (cost=4057.56..4062.75 rows=1038 width=121)
	  ->  Sort  (cost=4057.56..4060.15 rows=1038 width=121)
	        Sort Key: c
	        ->  Bitmap Heap Scan on sbtest6  (cost=23.07..4005.56 rows=1038 width=121)
	              Recheck Cond: ((id >= 7340853) AND (id <= 7341852))
	              ->  Bitmap Index Scan on sbtest6_pkey  (cost=0.00..22.82 rows=1038 width=0)
	                    Index Cond: ((id >= 7340853) AND (id <= 7341852))

table 7 : explain SELECT DISTINCT c FROM sbtest7 WHERE id BETWEEN 5744981 AND 5745980 ORDER BY c
	Unique  (cost=3794.75..3799.60 rows=969 width=121)
	  ->  Sort  (cost=3794.75..3797.18 rows=969 width=121)
	        Sort Key: c
	        ->  Bitmap Heap Scan on sbtest7  (cost=22.37..3746.69 rows=969 width=121)
	              Recheck Cond: ((id >= 5744981) AND (id <= 5745980))
	              ->  Bitmap Index Scan on sbtest7_pkey  (cost=0.00..22.12 rows=969 width=0)
	                    Index Cond: ((id >= 5744981) AND (id <= 5745980))

table 8 : explain SELECT DISTINCT c FROM sbtest8 WHERE id BETWEEN 8629189 AND 8630188 ORDER BY c
	Unique  (cost=3787.01..3791.85 rows=967 width=121)
	  ->  Sort  (cost=3787.01..3789.43 rows=967 width=121)
	        Sort Key: c
	        ->  Bitmap Heap Scan on sbtest8  (cost=22.35..3739.06 rows=967 width=121)
	              Recheck Cond: ((id >= 8629189) AND (id <= 8630188))
	              ->  Bitmap Index Scan on sbtest8_pkey  (cost=0.00..22.11 rows=967 width=0)
	                    Index Cond: ((id >= 8629189) AND (id <= 8630188))

for: sum_ranges
table 1 : explain SELECT SUM(k) FROM sbtest1 WHERE id BETWEEN 2238421 AND 2239420
	Aggregate  (cost=3986.72..3986.73 rows=1 width=8)
	  ->  Bitmap Heap Scan on sbtest1  (cost=23.02..3984.14 rows=1033 width=4)
	        Recheck Cond: ((id >= 2238421) AND (id <= 2239420))
	        ->  Bitmap Index Scan on sbtest1_pkey  (cost=0.00..22.76 rows=1033 width=0)
	              Index Cond: ((id >= 2238421) AND (id <= 2239420))

table 2 : explain SELECT SUM(k) FROM sbtest2 WHERE id BETWEEN 2661566 AND 2662565
	Aggregate  (cost=3716.57..3716.58 rows=1 width=8)
	  ->  Bitmap Heap Scan on sbtest2  (cost=22.29..3714.17 rows=961 width=4)
	        Recheck Cond: ((id >= 2661566) AND (id <= 2662565))
	        ->  Bitmap Index Scan on sbtest2_pkey  (cost=0.00..22.04 rows=961 width=0)
	              Index Cond: ((id >= 2661566) AND (id <= 2662565))

table 3 : explain SELECT SUM(k) FROM sbtest3 WHERE id BETWEEN 8503908 AND 8504907
	Aggregate  (cost=3739.32..3739.33 rows=1 width=8)
	  ->  Bitmap Heap Scan on sbtest3  (cost=22.35..3736.91 rows=967 width=4)
	        Recheck Cond: ((id >= 8503908) AND (id <= 8504907))
	        ->  Bitmap Index Scan on sbtest3_pkey  (cost=0.00..22.11 rows=967 width=0)
	              Index Cond: ((id >= 8503908) AND (id <= 8504907))

table 4 : explain SELECT SUM(k) FROM sbtest4 WHERE id BETWEEN 2612732 AND 2613731
	Aggregate  (cost=3710.14..3710.15 rows=1 width=8)
	  ->  Bitmap Heap Scan on sbtest4  (cost=22.26..3707.75 rows=959 width=4)
	        Recheck Cond: ((id >= 2612732) AND (id <= 2613731))
	        ->  Bitmap Index Scan on sbtest4_pkey  (cost=0.00..22.02 rows=959 width=0)
	              Index Cond: ((id >= 2612732) AND (id <= 2613731))

table 5 : explain SELECT SUM(k) FROM sbtest5 WHERE id BETWEEN 4884313 AND 4885312
	Aggregate  (cost=3827.23..3827.24 rows=1 width=8)
	  ->  Bitmap Heap Scan on sbtest5  (cost=22.58..3824.76 rows=990 width=4)
	        Recheck Cond: ((id >= 4884313) AND (id <= 4885312))
	        ->  Bitmap Index Scan on sbtest5_pkey  (cost=0.00..22.33 rows=990 width=0)
	              Index Cond: ((id >= 4884313) AND (id <= 4885312))

table 6 : explain SELECT SUM(k) FROM sbtest6 WHERE id BETWEEN 2478349 AND 2479348
	Aggregate  (cost=3993.09..3993.10 rows=1 width=8)
	  ->  Bitmap Heap Scan on sbtest6  (cost=23.03..3990.50 rows=1034 width=4)
	        Recheck Cond: ((id >= 2478349) AND (id <= 2479348))
	        ->  Bitmap Index Scan on sbtest6_pkey  (cost=0.00..22.77 rows=1034 width=0)
	              Index Cond: ((id >= 2478349) AND (id <= 2479348))

table 7 : explain SELECT SUM(k) FROM sbtest7 WHERE id BETWEEN 970295 AND 971294
	Aggregate  (cost=3465.51..3465.52 rows=1 width=8)
	  ->  Bitmap Heap Scan on sbtest7  (cost=21.60..3463.28 rows=894 width=4)
	        Recheck Cond: ((id >= 970295) AND (id <= 971294))
	        ->  Bitmap Index Scan on sbtest7_pkey  (cost=0.00..21.37 rows=894 width=0)
	              Index Cond: ((id >= 970295) AND (id <= 971294))

table 8 : explain SELECT SUM(k) FROM sbtest8 WHERE id BETWEEN 6290652 AND 6291651
	Aggregate  (cost=4092.38..4092.39 rows=1 width=8)
	  ->  Bitmap Heap Scan on sbtest8  (cost=27.29..4089.73 rows=1059 width=4)
	        Recheck Cond: ((id >= 6290652) AND (id <= 6291651))
	        ->  Bitmap Index Scan on sbtest8_pkey  (cost=0.00..27.02 rows=1059 width=0)
	              Index Cond: ((id >= 6290652) AND (id <= 6291651))

for: distinct_ranges
table 1 : explain SELECT DISTINCT c FROM sbtest1 WHERE id BETWEEN 7463465 AND 7464464 ORDER BY c
	Unique  (cost=3932.74..3937.77 rows=1006 width=121)
	  ->  Sort  (cost=3932.74..3935.25 rows=1006 width=121)
	        Sort Key: c
	        ->  Bitmap Heap Scan on sbtest1  (cost=22.75..3882.57 rows=1006 width=121)
	              Recheck Cond: ((id >= 7463465) AND (id <= 7464464))
	              ->  Bitmap Index Scan on sbtest1_pkey  (cost=0.00..22.50 rows=1006 width=0)
	                    Index Cond: ((id >= 7463465) AND (id <= 7464464))

table 2 : explain SELECT DISTINCT c FROM sbtest2 WHERE id BETWEEN 161202 AND 162201 ORDER BY c
	Unique  (cost=3857.44..3862.37 rows=986 width=121)
	  ->  Sort  (cost=3857.44..3859.90 rows=986 width=121)
	        Sort Key: c
	        ->  Bitmap Heap Scan on sbtest2  (cost=22.54..3808.41 rows=986 width=121)
	              Recheck Cond: ((id >= 161202) AND (id <= 162201))
	              ->  Bitmap Index Scan on sbtest2_pkey  (cost=0.00..22.29 rows=986 width=0)
	                    Index Cond: ((id >= 161202) AND (id <= 162201))

table 3 : explain SELECT DISTINCT c FROM sbtest3 WHERE id BETWEEN 6004833 AND 6005832 ORDER BY c
	Unique  (cost=3589.49..3594.07 rows=916 width=121)
	  ->  Sort  (cost=3589.49..3591.78 rows=916 width=121)
	        Sort Key: c
	        ->  Bitmap Heap Scan on sbtest3  (cost=21.82..3544.43 rows=916 width=121)
	              Recheck Cond: ((id >= 6004833) AND (id <= 6005832))
	              ->  Bitmap Index Scan on sbtest3_pkey  (cost=0.00..21.59 rows=916 width=0)
	                    Index Cond: ((id >= 6004833) AND (id <= 6005832))

table 4 : explain SELECT DISTINCT c FROM sbtest4 WHERE id BETWEEN 618353 AND 619352 ORDER BY c
	Unique  (cost=3847.13..3852.04 rows=983 width=121)
	  ->  Sort  (cost=3847.13..3849.59 rows=983 width=121)
	        Sort Key: c
	        ->  Bitmap Heap Scan on sbtest4  (cost=22.51..3798.27 rows=983 width=121)
	              Recheck Cond: ((id >= 618353) AND (id <= 619352))
	              ->  Bitmap Index Scan on sbtest4_pkey  (cost=0.00..22.26 rows=983 width=0)
	                    Index Cond: ((id >= 618353) AND (id <= 619352))

table 5 : explain SELECT DISTINCT c FROM sbtest5 WHERE id BETWEEN 555498 AND 556497 ORDER BY c
	Unique  (cost=3889.32..3894.29 rows=994 width=121)
	  ->  Sort  (cost=3889.32..3891.80 rows=994 width=121)
	        Sort Key: c
	        ->  Bitmap Heap Scan on sbtest5  (cost=22.62..3839.83 rows=994 width=121)
	              Recheck Cond: ((id >= 555498) AND (id <= 556497))
	              ->  Bitmap Index Scan on sbtest5_pkey  (cost=0.00..22.37 rows=994 width=0)
	                    Index Cond: ((id >= 555498) AND (id <= 556497))

table 6 : explain SELECT DISTINCT c FROM sbtest6 WHERE id BETWEEN 498179 AND 499178 ORDER BY c
	Unique  (cost=3394.76..3399.08 rows=865 width=121)
	  ->  Sort  (cost=3394.76..3396.92 rows=865 width=121)
	        Sort Key: c
	        ->  Bitmap Heap Scan on sbtest6  (cost=21.30..3352.56 rows=865 width=121)
	              Recheck Cond: ((id >= 498179) AND (id <= 499178))
	              ->  Bitmap Index Scan on sbtest6_pkey  (cost=0.00..21.08 rows=865 width=0)
	                    Index Cond: ((id >= 498179) AND (id <= 499178))

table 7 : explain SELECT DISTINCT c FROM sbtest7 WHERE id BETWEEN 4676460 AND 4677459 ORDER BY c
	Unique  (cost=3779.43..3784.25 rows=965 width=121)
	  ->  Sort  (cost=3779.43..3781.84 rows=965 width=121)
	        Sort Key: c
	        ->  Bitmap Heap Scan on sbtest7  (cost=22.33..3731.59 rows=965 width=121)
	              Recheck Cond: ((id >= 4676460) AND (id <= 4677459))
	              ->  Bitmap Index Scan on sbtest7_pkey  (cost=0.00..22.08 rows=965 width=0)
	                    Index Cond: ((id >= 4676460) AND (id <= 4677459))

table 8 : explain SELECT DISTINCT c FROM sbtest8 WHERE id BETWEEN 7387694 AND 7388693 ORDER BY c
	Unique  (cost=3798.50..3803.35 rows=970 width=121)
	  ->  Sort  (cost=3798.50..3800.93 rows=970 width=121)
	        Sort Key: c
	        ->  Bitmap Heap Scan on sbtest8  (cost=22.38..3750.38 rows=970 width=121)
	              Recheck Cond: ((id >= 7387694) AND (id <= 7388693))
	              ->  Bitmap Index Scan on sbtest8_pkey  (cost=0.00..22.14 rows=970 width=0)
	                    Index Cond: ((id >= 7387694) AND (id <= 7388693))

for: distinct_ranges
table 1 : explain SELECT DISTINCT c FROM sbtest1 WHERE id BETWEEN 829386 AND 830385 ORDER BY c
	Unique  (cost=3530.87..3535.37 rows=901 width=121)
	  ->  Sort  (cost=3530.87..3533.12 rows=901 width=121)
	        Sort Key: c
	        ->  Bitmap Heap Scan on sbtest1  (cost=21.67..3486.65 rows=901 width=121)
	              Recheck Cond: ((id >= 829386) AND (id <= 830385))
	              ->  Bitmap Index Scan on sbtest1_pkey  (cost=0.00..21.44 rows=901 width=0)
	                    Index Cond: ((id >= 829386) AND (id <= 830385))

table 2 : explain SELECT DISTINCT c FROM sbtest2 WHERE id BETWEEN 8806153 AND 8807152 ORDER BY c
	Unique  (cost=3964.49..3969.56 rows=1014 width=121)
	  ->  Sort  (cost=3964.49..3967.02 rows=1014 width=121)
	        Sort Key: c
	        ->  Bitmap Heap Scan on sbtest2  (cost=22.83..3913.86 rows=1014 width=121)
	              Recheck Cond: ((id >= 8806153) AND (id <= 8807152))
	              ->  Bitmap Index Scan on sbtest2_pkey  (cost=0.00..22.57 rows=1014 width=0)
	                    Index Cond: ((id >= 8806153) AND (id <= 8807152))

table 3 : explain SELECT DISTINCT c FROM sbtest3 WHERE id BETWEEN 1279194 AND 1280193 ORDER BY c
	Unique  (cost=4243.46..4248.89 rows=1086 width=121)
	  ->  Sort  (cost=4243.46..4246.18 rows=1086 width=121)
	        Sort Key: c
	        ->  Bitmap Heap Scan on sbtest3  (cost=27.57..4188.70 rows=1086 width=121)
	              Recheck Cond: ((id >= 1279194) AND (id <= 1280193))
	              ->  Bitmap Index Scan on sbtest3_pkey  (cost=0.00..27.29 rows=1086 width=0)
	                    Index Cond: ((id >= 1279194) AND (id <= 1280193))

table 4 : explain SELECT DISTINCT c FROM sbtest4 WHERE id BETWEEN 8222667 AND 8223666 ORDER BY c
	Unique  (cost=3835.65..3840.55 rows=980 width=121)
	  ->  Sort  (cost=3835.65..3838.10 rows=980 width=121)
	        Sort Key: c
	        ->  Bitmap Heap Scan on sbtest4  (cost=22.48..3786.96 rows=980 width=121)
	              Recheck Cond: ((id >= 8222667) AND (id <= 8223666))
	              ->  Bitmap Index Scan on sbtest4_pkey  (cost=0.00..22.23 rows=980 width=0)
	                    Index Cond: ((id >= 8222667) AND (id <= 8223666))

table 5 : explain SELECT DISTINCT c FROM sbtest5 WHERE id BETWEEN 7375848 AND 7376847 ORDER BY c
	Unique  (cost=4260.05..4265.50 rows=1090 width=121)
	  ->  Sort  (cost=4260.05..4262.78 rows=1090 width=121)
	        Sort Key: c
	        ->  Bitmap Heap Scan on sbtest5  (cost=27.61..4205.06 rows=1090 width=121)
	              Recheck Cond: ((id >= 7375848) AND (id <= 7376847))
	              ->  Bitmap Index Scan on sbtest5_pkey  (cost=0.00..27.33 rows=1090 width=0)
	                    Index Cond: ((id >= 7375848) AND (id <= 7376847))

table 6 : explain SELECT DISTINCT c FROM sbtest6 WHERE id BETWEEN 8318196 AND 8319195 ORDER BY c
	Unique  (cost=3843.42..3848.33 rows=982 width=121)
	  ->  Sort  (cost=3843.42..3845.87 rows=982 width=121)
	        Sort Key: c
	        ->  Bitmap Heap Scan on sbtest6  (cost=22.50..3794.61 rows=982 width=121)
	              Recheck Cond: ((id >= 8318196) AND (id <= 8319195))
	              ->  Bitmap Index Scan on sbtest6_pkey  (cost=0.00..22.25 rows=982 width=0)
	                    Index Cond: ((id >= 8318196) AND (id <= 8319195))

table 7 : explain SELECT DISTINCT c FROM sbtest7 WHERE id BETWEEN 2287720 AND 2288719 ORDER BY c
	Unique  (cost=3633.76..3638.39 rows=927 width=121)
	  ->  Sort  (cost=3633.76..3636.07 rows=927 width=121)
	        Sort Key: c
	        ->  Bitmap Heap Scan on sbtest7  (cost=21.94..3588.07 rows=927 width=121)
	              Recheck Cond: ((id >= 2287720) AND (id <= 2288719))
	              ->  Bitmap Index Scan on sbtest7_pkey  (cost=0.00..21.70 rows=927 width=0)
	                    Index Cond: ((id >= 2287720) AND (id <= 2288719))

table 8 : explain SELECT DISTINCT c FROM sbtest8 WHERE id BETWEEN 9195595 AND 9196594 ORDER BY c
	Unique  (cost=4024.47..4029.61 rows=1028 width=121)
	  ->  Sort  (cost=4024.47..4027.04 rows=1028 width=121)
	        Sort Key: c
	        ->  Bitmap Heap Scan on sbtest8  (cost=26.97..3973.04 rows=1028 width=121)
	              Recheck Cond: ((id >= 9195595) AND (id <= 9196594))
	              ->  Bitmap Index Scan on sbtest8_pkey  (cost=0.00..26.71 rows=1028 width=0)
	                    Index Cond: ((id >= 9195595) AND (id <= 9196594))

for: order_ranges
table 1 : explain SELECT c FROM sbtest1 WHERE id BETWEEN 821320 AND 822319 ORDER BY c
	Sort  (cost=3530.87..3533.12 rows=901 width=121)
	  Sort Key: c
	  ->  Bitmap Heap Scan on sbtest1  (cost=21.67..3486.65 rows=901 width=121)
	        Recheck Cond: ((id >= 821320) AND (id <= 822319))
	        ->  Bitmap Index Scan on sbtest1_pkey  (cost=0.00..21.44 rows=901 width=0)
	              Index Cond: ((id >= 821320) AND (id <= 822319))

table 2 : explain SELECT c FROM sbtest2 WHERE id BETWEEN 3276438 AND 3277437 ORDER BY c
	Sort  (cost=3930.09..3932.60 rows=1005 width=121)
	  Sort Key: c
	  ->  Bitmap Heap Scan on sbtest2  (cost=22.74..3879.98 rows=1005 width=121)
	        Recheck Cond: ((id >= 3276438) AND (id <= 3277437))
	        ->  Bitmap Index Scan on sbtest2_pkey  (cost=0.00..22.48 rows=1005 width=0)
	              Index Cond: ((id >= 3276438) AND (id <= 3277437))

table 3 : explain SELECT c FROM sbtest3 WHERE id BETWEEN 1521695 AND 1522694 ORDER BY c
	Sort  (cost=3907.27..3909.77 rows=999 width=121)
	  Sort Key: c
	  ->  Bitmap Heap Scan on sbtest3  (cost=22.67..3857.50 rows=999 width=121)
	        Recheck Cond: ((id >= 1521695) AND (id <= 1522694))
	        ->  Bitmap Index Scan on sbtest3_pkey  (cost=0.00..22.43 rows=999 width=0)
	              Index Cond: ((id >= 1521695) AND (id <= 1522694))

table 4 : explain SELECT c FROM sbtest4 WHERE id BETWEEN 1082368 AND 1083367 ORDER BY c
	Sort  (cost=3647.95..3650.28 rows=931 width=121)
	  Sort Key: c
	  ->  Bitmap Heap Scan on sbtest4  (cost=21.98..3602.04 rows=931 width=121)
	        Recheck Cond: ((id >= 1082368) AND (id <= 1083367))
	        ->  Bitmap Index Scan on sbtest4_pkey  (cost=0.00..21.75 rows=931 width=0)
	              Index Cond: ((id >= 1082368) AND (id <= 1083367))

table 5 : explain SELECT c FROM sbtest5 WHERE id BETWEEN 9924295 AND 9925294 ORDER BY c
	Sort  (cost=4049.90..4052.49 rows=1036 width=121)
	  Sort Key: c
	  ->  Bitmap Heap Scan on sbtest5  (cost=23.05..3998.01 rows=1036 width=121)
	        Recheck Cond: ((id >= 9924295) AND (id <= 9925294))
	        ->  Bitmap Index Scan on sbtest5_pkey  (cost=0.00..22.79 rows=1036 width=0)
	              Index Cond: ((id >= 9924295) AND (id <= 9925294))

table 6 : explain SELECT c FROM sbtest6 WHERE id BETWEEN 3972296 AND 3973295 ORDER BY c
	Sort  (cost=3992.59..3995.14 rows=1021 width=121)
	  Sort Key: c
	  ->  Bitmap Heap Scan on sbtest6  (cost=22.90..3941.56 rows=1021 width=121)
	        Recheck Cond: ((id >= 3972296) AND (id <= 3973295))
	        ->  Bitmap Index Scan on sbtest6_pkey  (cost=0.00..22.64 rows=1021 width=0)
	              Index Cond: ((id >= 3972296) AND (id <= 3973295))

table 7 : explain SELECT c FROM sbtest7 WHERE id BETWEEN 9066300 AND 9067299 ORDER BY c
	Sort  (cost=4345.32..4348.10 rows=1112 width=121)
	  Sort Key: c
	  ->  Bitmap Heap Scan on sbtest7  (cost=27.83..4289.06 rows=1112 width=121)
	        Recheck Cond: ((id >= 9066300) AND (id <= 9067299))
	        ->  Bitmap Index Scan on sbtest7_pkey  (cost=0.00..27.55 rows=1112 width=0)
	              Index Cond: ((id >= 9066300) AND (id <= 9067299))

table 8 : explain SELECT c FROM sbtest8 WHERE id BETWEEN 4595223 AND 4596222 ORDER BY c
	Sort  (cost=4032.11..4034.69 rows=1030 width=121)
	  Sort Key: c
	  ->  Bitmap Heap Scan on sbtest8  (cost=26.99..3980.57 rows=1030 width=121)
	        Recheck Cond: ((id >= 4595223) AND (id <= 4596222))
	        ->  Bitmap Index Scan on sbtest8_pkey  (cost=0.00..26.73 rows=1030 width=0)
	              Index Cond: ((id >= 4595223) AND (id <= 4596222))

for point_selects
table 1 : explain SELECT c FROM sbtest1 WHERE id=3789454
	Index Scan using sbtest1_pkey on sbtest1  (cost=0.43..8.45 rows=1 width=121)
	  Index Cond: (id = 3789454)

table 2 : explain SELECT c FROM sbtest2 WHERE id=9148607
	Index Scan using sbtest2_pkey on sbtest2  (cost=0.43..8.45 rows=1 width=121)
	  Index Cond: (id = 9148607)

table 3 : explain SELECT c FROM sbtest3 WHERE id=553134
	Index Scan using sbtest3_pkey on sbtest3  (cost=0.43..8.45 rows=1 width=121)
	  Index Cond: (id = 553134)

table 4 : explain SELECT c FROM sbtest4 WHERE id=2201988
	Index Scan using sbtest4_pkey on sbtest4  (cost=0.43..8.45 rows=1 width=121)
	  Index Cond: (id = 2201988)

table 5 : explain SELECT c FROM sbtest5 WHERE id=2309232
	Index Scan using sbtest5_pkey on sbtest5  (cost=0.43..8.45 rows=1 width=121)
	  Index Cond: (id = 2309232)

table 6 : explain SELECT c FROM sbtest6 WHERE id=9860759
	Index Scan using sbtest6_pkey on sbtest6  (cost=0.43..8.45 rows=1 width=121)
	  Index Cond: (id = 9860759)

table 7 : explain SELECT c FROM sbtest7 WHERE id=3828338
	Index Scan using sbtest7_pkey on sbtest7  (cost=0.43..8.45 rows=1 width=121)
	  Index Cond: (id = 3828338)

table 8 : explain SELECT c FROM sbtest8 WHERE id=9754329
	Index Scan using sbtest8_pkey on sbtest8  (cost=0.43..8.45 rows=1 width=121)
	  Index Cond: (id = 9754329)

for: simple_ranges
table 1 : explain SELECT c FROM sbtest1 WHERE id BETWEEN 4117294 AND 4118293
	Bitmap Heap Scan on sbtest1  (cost=22.81..3905.14 rows=1012 width=121)
	  Recheck Cond: ((id >= 4117294) AND (id <= 4118293))
	  ->  Bitmap Index Scan on sbtest1_pkey  (cost=0.00..22.55 rows=1012 width=0)
	        Index Cond: ((id >= 4117294) AND (id <= 4118293))

table 2 : explain SELECT c FROM sbtest2 WHERE id BETWEEN 9293286 AND 9294285
	Bitmap Heap Scan on sbtest2  (cost=22.27..3710.40 rows=960 width=121)
	  Recheck Cond: ((id >= 9293286) AND (id <= 9294285))
	  ->  Bitmap Index Scan on sbtest2_pkey  (cost=0.00..22.04 rows=960 width=0)
	        Index Cond: ((id >= 9293286) AND (id <= 9294285))

table 3 : explain SELECT c FROM sbtest3 WHERE id BETWEEN 61390 AND 62389
	Bitmap Heap Scan on sbtest3  (cost=23.25..4068.22 rows=1055 width=121)
	  Recheck Cond: ((id >= 61390) AND (id <= 62389))
	  ->  Bitmap Index Scan on sbtest3_pkey  (cost=0.00..22.98 rows=1055 width=0)
	        Index Cond: ((id >= 61390) AND (id <= 62389))

table 4 : explain SELECT c FROM sbtest4 WHERE id BETWEEN 1483874 AND 1484873
	Bitmap Heap Scan on sbtest4  (cost=27.97..4332.63 rows=1125 width=121)
	  Recheck Cond: ((id >= 1483874) AND (id <= 1484873))
	  ->  Bitmap Index Scan on sbtest4_pkey  (cost=0.00..27.68 rows=1125 width=0)
	        Index Cond: ((id >= 1483874) AND (id <= 1484873))

table 5 : explain SELECT c FROM sbtest5 WHERE id BETWEEN 6510124 AND 6511123
	Bitmap Heap Scan on sbtest5  (cost=23.02..3986.72 rows=1033 width=121)
	  Recheck Cond: ((id >= 6510124) AND (id <= 6511123))
	  ->  Bitmap Index Scan on sbtest5_pkey  (cost=0.00..22.76 rows=1033 width=0)
	        Index Cond: ((id >= 6510124) AND (id <= 6511123))

table 6 : explain SELECT c FROM sbtest6 WHERE id BETWEEN 8012169 AND 8013168
	Bitmap Heap Scan on sbtest6  (cost=22.36..3741.81 rows=968 width=121)
	  Recheck Cond: ((id >= 8012169) AND (id <= 8013168))
	  ->  Bitmap Index Scan on sbtest6_pkey  (cost=0.00..22.11 rows=968 width=0)
	        Index Cond: ((id >= 8012169) AND (id <= 8013168))

table 7 : explain SELECT c FROM sbtest7 WHERE id BETWEEN 9220213 AND 9221212
	Bitmap Heap Scan on sbtest7  (cost=22.16..3671.19 rows=949 width=121)
	  Recheck Cond: ((id >= 9220213) AND (id <= 9221212))
	  ->  Bitmap Index Scan on sbtest7_pkey  (cost=0.00..21.93 rows=949 width=0)
	        Index Cond: ((id >= 9220213) AND (id <= 9221212))

table 8 : explain SELECT c FROM sbtest8 WHERE id BETWEEN 7981567 AND 7982566
	Bitmap Heap Scan on sbtest8  (cost=22.02..3618.23 rows=935 width=121)
	  Recheck Cond: ((id >= 7981567) AND (id <= 7982566))
	  ->  Bitmap Index Scan on sbtest8_pkey  (cost=0.00..21.79 rows=935 width=0)
	        Index Cond: ((id >= 7981567) AND (id <= 7982566))

explain: for point_selects :: explain SELECT c FROM sbtest%u WHERE id=%u
for point_selects
table 1 : explain SELECT c FROM sbtest1 WHERE id=8979167
	Index Scan using sbtest1_pkey on sbtest1  (cost=0.43..8.45 rows=1 width=121)
	  Index Cond: (id = 8979167)

table 2 : explain SELECT c FROM sbtest2 WHERE id=5136052
	Index Scan using sbtest2_pkey on sbtest2  (cost=0.43..8.45 rows=1 width=121)
	  Index Cond: (id = 5136052)

table 3 : explain SELECT c FROM sbtest3 WHERE id=1727435
	Index Scan using sbtest3_pkey on sbtest3  (cost=0.43..8.45 rows=1 width=121)
	  Index Cond: (id = 1727435)

table 4 : explain SELECT c FROM sbtest4 WHERE id=8701562
	Index Scan using sbtest4_pkey on sbtest4  (cost=0.43..8.45 rows=1 width=121)
	  Index Cond: (id = 8701562)

table 5 : explain SELECT c FROM sbtest5 WHERE id=954970
	Index Scan using sbtest5_pkey on sbtest5  (cost=0.43..8.45 rows=1 width=121)
	  Index Cond: (id = 954970)

table 6 : explain SELECT c FROM sbtest6 WHERE id=2341890
	Index Scan using sbtest6_pkey on sbtest6  (cost=0.43..8.45 rows=1 width=121)
	  Index Cond: (id = 2341890)

table 7 : explain SELECT c FROM sbtest7 WHERE id=6632148
	Index Scan using sbtest7_pkey on sbtest7  (cost=0.43..8.45 rows=1 width=121)
	  Index Cond: (id = 6632148)

table 8 : explain SELECT c FROM sbtest8 WHERE id=2398054
	Index Scan using sbtest8_pkey on sbtest8  (cost=0.43..8.45 rows=1 width=121)
	  Index Cond: (id = 2398054)

explain: for point_selects :: explain SELECT c FROM sbtest%u WHERE id=%u
for point_selects
table 1 : explain SELECT c FROM sbtest1 WHERE id=4024559
	Index Scan using sbtest1_pkey on sbtest1  (cost=0.43..8.45 rows=1 width=121)
	  Index Cond: (id = 4024559)

table 2 : explain SELECT c FROM sbtest2 WHERE id=6178988
	Index Scan using sbtest2_pkey on sbtest2  (cost=0.43..8.45 rows=1 width=121)
	  Index Cond: (id = 6178988)

table 3 : explain SELECT c FROM sbtest3 WHERE id=8835190
	Index Scan using sbtest3_pkey on sbtest3  (cost=0.43..8.45 rows=1 width=121)
	  Index Cond: (id = 8835190)

table 4 : explain SELECT c FROM sbtest4 WHERE id=9007699
	Index Scan using sbtest4_pkey on sbtest4  (cost=0.43..8.45 rows=1 width=121)
	  Index Cond: (id = 9007699)

table 5 : explain SELECT c FROM sbtest5 WHERE id=577505
	Index Scan using sbtest5_pkey on sbtest5  (cost=0.43..8.45 rows=1 width=121)
	  Index Cond: (id = 577505)

table 6 : explain SELECT c FROM sbtest6 WHERE id=7133846
	Index Scan using sbtest6_pkey on sbtest6  (cost=0.43..8.45 rows=1 width=121)
	  Index Cond: (id = 7133846)

table 7 : explain SELECT c FROM sbtest7 WHERE id=1115324
	Index Scan using sbtest7_pkey on sbtest7  (cost=0.43..8.45 rows=1 width=121)
	  Index Cond: (id = 1115324)

table 8 : explain SELECT c FROM sbtest8 WHERE id=3845515
	Index Scan using sbtest8_pkey on sbtest8  (cost=0.43..8.45 rows=1 width=121)
	  Index Cond: (id = 3845515)

for: distinct_ranges
table 1 : explain SELECT DISTINCT c FROM sbtest1 WHERE id BETWEEN 4414558 AND 4415557 ORDER BY c
	Unique  (cost=3538.54..3543.05 rows=903 width=121)
	  ->  Sort  (cost=3538.54..3540.79 rows=903 width=121)
	        Sort Key: c
	        ->  Bitmap Heap Scan on sbtest1  (cost=21.69..3494.21 rows=903 width=121)
	              Recheck Cond: ((id >= 4414558) AND (id <= 4415557))
	              ->  Bitmap Index Scan on sbtest1_pkey  (cost=0.00..21.46 rows=903 width=0)
	                    Index Cond: ((id >= 4414558) AND (id <= 4415557))

table 2 : explain SELECT DISTINCT c FROM sbtest2 WHERE id BETWEEN 3384374 AND 3385373 ORDER BY c
	Unique  (cost=4411.06..4416.72 rows=1131 width=121)
	  ->  Sort  (cost=4411.06..4413.89 rows=1131 width=121)
	        Sort Key: c
	        ->  Bitmap Heap Scan on sbtest2  (cost=28.03..4353.70 rows=1131 width=121)
	              Recheck Cond: ((id >= 3384374) AND (id <= 3385373))
	              ->  Bitmap Index Scan on sbtest2_pkey  (cost=0.00..27.75 rows=1131 width=0)
	                    Index Cond: ((id >= 3384374) AND (id <= 3385373))

table 3 : explain SELECT DISTINCT c FROM sbtest3 WHERE id BETWEEN 9470340 AND 9471339 ORDER BY c
	Unique  (cost=3635.49..3640.13 rows=928 width=121)
	  ->  Sort  (cost=3635.49..3637.81 rows=928 width=121)
	        Sort Key: c
	        ->  Bitmap Heap Scan on sbtest3  (cost=21.95..3589.75 rows=928 width=121)
	              Recheck Cond: ((id >= 9470340) AND (id <= 9471339))
	              ->  Bitmap Index Scan on sbtest3_pkey  (cost=0.00..21.71 rows=928 width=0)
	                    Index Cond: ((id >= 9470340) AND (id <= 9471339))

table 4 : explain SELECT DISTINCT c FROM sbtest4 WHERE id BETWEEN 3578975 AND 3579974 ORDER BY c
	Unique  (cost=4034.51..4039.67 rows=1032 width=121)
	  ->  Sort  (cost=4034.51..4037.09 rows=1032 width=121)
	        Sort Key: c
	        ->  Bitmap Heap Scan on sbtest4  (cost=23.01..3982.85 rows=1032 width=121)
	              Recheck Cond: ((id >= 3578975) AND (id <= 3579974))
	              ->  Bitmap Index Scan on sbtest4_pkey  (cost=0.00..22.75 rows=1032 width=0)
	                    Index Cond: ((id >= 3578975) AND (id <= 3579974))

table 5 : explain SELECT DISTINCT c FROM sbtest5 WHERE id BETWEEN 2822937 AND 2823936 ORDER BY c
	Unique  (cost=3877.84..3882.80 rows=991 width=121)
	  ->  Sort  (cost=3877.84..3880.32 rows=991 width=121)
	        Sort Key: c
	        ->  Bitmap Heap Scan on sbtest5  (cost=22.59..3828.52 rows=991 width=121)
	              Recheck Cond: ((id >= 2822937) AND (id <= 2823936))
	              ->  Bitmap Index Scan on sbtest5_pkey  (cost=0.00..22.34 rows=991 width=0)
	                    Index Cond: ((id >= 2822937) AND (id <= 2823936))

table 6 : explain SELECT DISTINCT c FROM sbtest6 WHERE id BETWEEN 1099211 AND 1100210 ORDER BY c
	Unique  (cost=3759.18..3763.98 rows=960 width=121)
	  ->  Sort  (cost=3759.18..3761.58 rows=960 width=121)
	        Sort Key: c
	        ->  Bitmap Heap Scan on sbtest6  (cost=22.27..3711.63 rows=960 width=121)
	              Recheck Cond: ((id >= 1099211) AND (id <= 1100210))
	              ->  Bitmap Index Scan on sbtest6_pkey  (cost=0.00..22.04 rows=960 width=0)
	                    Index Cond: ((id >= 1099211) AND (id <= 1100210))

table 7 : explain SELECT DISTINCT c FROM sbtest7 WHERE id BETWEEN 4331332 AND 4332331 ORDER BY c
	Unique  (cost=3794.75..3799.60 rows=969 width=121)
	  ->  Sort  (cost=3794.75..3797.18 rows=969 width=121)
	        Sort Key: c
	        ->  Bitmap Heap Scan on sbtest7  (cost=22.37..3746.69 rows=969 width=121)
	              Recheck Cond: ((id >= 4331332) AND (id <= 4332331))
	              ->  Bitmap Index Scan on sbtest7_pkey  (cost=0.00..22.12 rows=969 width=0)
	                    Index Cond: ((id >= 4331332) AND (id <= 4332331))

table 8 : explain SELECT DISTINCT c FROM sbtest8 WHERE id BETWEEN 7681137 AND 7682136 ORDER BY c
	Unique  (cost=4039.76..4044.92 rows=1032 width=121)
	  ->  Sort  (cost=4039.76..4042.34 rows=1032 width=121)
	        Sort Key: c
	        ->  Bitmap Heap Scan on sbtest8  (cost=27.01..3988.10 rows=1032 width=121)
	              Recheck Cond: ((id >= 7681137) AND (id <= 7682136))
	              ->  Bitmap Index Scan on sbtest8_pkey  (cost=0.00..26.75 rows=1032 width=0)
	                    Index Cond: ((id >= 7681137) AND (id <= 7682136))

for: order_ranges
table 1 : explain SELECT c FROM sbtest1 WHERE id BETWEEN 4053561 AND 4054560 ORDER BY c
	Sort  (cost=4039.67..4042.25 rows=1034 width=121)
	  Sort Key: c
	  ->  Bitmap Heap Scan on sbtest1  (cost=23.03..3987.90 rows=1034 width=121)
	        Recheck Cond: ((id >= 4053561) AND (id <= 4054560))
	        ->  Bitmap Index Scan on sbtest1_pkey  (cost=0.00..22.77 rows=1034 width=0)
	              Index Cond: ((id >= 4053561) AND (id <= 4054560))

table 2 : explain SELECT c FROM sbtest2 WHERE id BETWEEN 5818891 AND 5819890 ORDER BY c
	Sort  (cost=4010.34..4012.90 rows=1026 width=121)
	  Sort Key: c
	  ->  Bitmap Heap Scan on sbtest2  (cost=22.95..3959.02 rows=1026 width=121)
	        Recheck Cond: ((id >= 5818891) AND (id <= 5819890))
	        ->  Bitmap Index Scan on sbtest2_pkey  (cost=0.00..22.69 rows=1026 width=0)
	              Index Cond: ((id >= 5818891) AND (id <= 5819890))

table 3 : explain SELECT c FROM sbtest3 WHERE id BETWEEN 4289128 AND 4290127 ORDER BY c
	Sort  (cost=4262.53..4265.25 rows=1091 width=121)
	  Sort Key: c
	  ->  Bitmap Heap Scan on sbtest3  (cost=27.62..4207.48 rows=1091 width=121)
	        Recheck Cond: ((id >= 4289128) AND (id <= 4290127))
	        ->  Bitmap Index Scan on sbtest3_pkey  (cost=0.00..27.34 rows=1091 width=0)
	              Index Cond: ((id >= 4289128) AND (id <= 4290127))

table 4 : explain SELECT c FROM sbtest4 WHERE id BETWEEN 7881039 AND 7882038 ORDER BY c
	Sort  (cost=4030.69..4033.27 rows=1031 width=121)
	  Sort Key: c
	  ->  Bitmap Heap Scan on sbtest4  (cost=23.00..3979.09 rows=1031 width=121)
	        Recheck Cond: ((id >= 7881039) AND (id <= 7882038))
	        ->  Bitmap Index Scan on sbtest4_pkey  (cost=0.00..22.75 rows=1031 width=0)
	              Index Cond: ((id >= 7881039) AND (id <= 7882038))

table 5 : explain SELECT c FROM sbtest5 WHERE id BETWEEN 7463617 AND 7464616 ORDER BY c
	Sort  (cost=4248.61..4251.33 rows=1087 width=121)
	  Sort Key: c
	  ->  Bitmap Heap Scan on sbtest5  (cost=27.58..4193.79 rows=1087 width=121)
	        Recheck Cond: ((id >= 7463617) AND (id <= 7464616))
	        ->  Bitmap Index Scan on sbtest5_pkey  (cost=0.00..27.30 rows=1087 width=0)
	              Index Cond: ((id >= 7463617) AND (id <= 7464616))

table 6 : explain SELECT c FROM sbtest6 WHERE id BETWEEN 3744602 AND 3745601 ORDER BY c
	Sort  (cost=4049.92..4052.51 rows=1036 width=121)
	  Sort Key: c
	  ->  Bitmap Heap Scan on sbtest6  (cost=23.05..3998.03 rows=1036 width=121)
	        Recheck Cond: ((id >= 3744602) AND (id <= 3745601))
	        ->  Bitmap Index Scan on sbtest6_pkey  (cost=0.00..22.79 rows=1036 width=0)
	              Index Cond: ((id >= 3744602) AND (id <= 3745601))

table 7 : explain SELECT c FROM sbtest7 WHERE id BETWEEN 9801687 AND 9802686 ORDER BY c
	Sort  (cost=3875.17..3877.65 rows=990 width=121)
	  Sort Key: c
	  ->  Bitmap Heap Scan on sbtest7  (cost=22.58..3825.91 rows=990 width=121)
	        Recheck Cond: ((id >= 9801687) AND (id <= 9802686))
	        ->  Bitmap Index Scan on sbtest7_pkey  (cost=0.00..22.33 rows=990 width=0)
	              Index Cond: ((id >= 9801687) AND (id <= 9802686))

table 8 : explain SELECT c FROM sbtest8 WHERE id BETWEEN 6439921 AND 6440920 ORDER BY c
	Sort  (cost=3832.97..3835.42 rows=979 width=121)
	  Sort Key: c
	  ->  Bitmap Heap Scan on sbtest8  (cost=22.47..3784.34 rows=979 width=121)
	        Recheck Cond: ((id >= 6439921) AND (id <= 6440920))
	        ->  Bitmap Index Scan on sbtest8_pkey  (cost=0.00..22.22 rows=979 width=0)
	              Index Cond: ((id >= 6439921) AND (id <= 6440920))

for: simple_ranges
table 1 : explain SELECT c FROM sbtest1 WHERE id BETWEEN 3003653 AND 3004652
	Bitmap Heap Scan on sbtest1  (cost=23.56..4179.49 rows=1085 width=121)
	  Recheck Cond: ((id >= 3003653) AND (id <= 3004652))
	  ->  Bitmap Index Scan on sbtest1_pkey  (cost=0.00..23.29 rows=1085 width=0)
	        Index Cond: ((id >= 3003653) AND (id <= 3004652))

table 2 : explain SELECT c FROM sbtest2 WHERE id BETWEEN 7142681 AND 7143680
	Bitmap Heap Scan on sbtest2  (cost=23.60..4195.83 rows=1089 width=121)
	  Recheck Cond: ((id >= 7142681) AND (id <= 7143680))
	  ->  Bitmap Index Scan on sbtest2_pkey  (cost=0.00..23.32 rows=1089 width=0)
	        Index Cond: ((id >= 7142681) AND (id <= 7143680))

table 3 : explain SELECT c FROM sbtest3 WHERE id BETWEEN 2287555 AND 2288554
	Bitmap Heap Scan on sbtest3  (cost=22.95..3959.15 rows=1026 width=121)
	  Recheck Cond: ((id >= 2287555) AND (id <= 2288554))
	  ->  Bitmap Index Scan on sbtest3_pkey  (cost=0.00..22.69 rows=1026 width=0)
	        Index Cond: ((id >= 2287555) AND (id <= 2288554))

table 4 : explain SELECT c FROM sbtest4 WHERE id BETWEEN 8347167 AND 8348166
	Bitmap Heap Scan on sbtest4  (cost=22.20..3685.10 rows=953 width=121)
	  Recheck Cond: ((id >= 8347167) AND (id <= 8348166))
	  ->  Bitmap Index Scan on sbtest4_pkey  (cost=0.00..21.96 rows=953 width=0)
	        Index Cond: ((id >= 8347167) AND (id <= 8348166))

table 5 : explain SELECT c FROM sbtest5 WHERE id BETWEEN 9243346 AND 9244345
	Bitmap Heap Scan on sbtest5  (cost=27.90..4310.23 rows=1119 width=121)
	  Recheck Cond: ((id >= 9243346) AND (id <= 9244345))
	  ->  Bitmap Index Scan on sbtest5_pkey  (cost=0.00..27.62 rows=1119 width=0)
	        Index Cond: ((id >= 9243346) AND (id <= 9244345))

table 6 : explain SELECT c FROM sbtest6 WHERE id BETWEEN 2025890 AND 2026889
	Bitmap Heap Scan on sbtest6  (cost=22.01..3613.48 rows=934 width=121)
	  Recheck Cond: ((id >= 2025890) AND (id <= 2026889))
	  ->  Bitmap Index Scan on sbtest6_pkey  (cost=0.00..21.77 rows=934 width=0)
	        Index Cond: ((id >= 2025890) AND (id <= 2026889))

table 7 : explain SELECT c FROM sbtest7 WHERE id BETWEEN 7127544 AND 7128543
	Bitmap Heap Scan on sbtest7  (cost=23.19..4048.19 rows=1049 width=121)
	  Recheck Cond: ((id >= 7127544) AND (id <= 7128543))
	  ->  Bitmap Index Scan on sbtest7_pkey  (cost=0.00..22.93 rows=1049 width=0)
	        Index Cond: ((id >= 7127544) AND (id <= 7128543))

table 8 : explain SELECT c FROM sbtest8 WHERE id BETWEEN 4166600 AND 4167599
	Bitmap Heap Scan on sbtest8  (cost=22.16..3671.11 rows=949 width=121)
	  Recheck Cond: ((id >= 4166600) AND (id <= 4167599))
	  ->  Bitmap Index Scan on sbtest8_pkey  (cost=0.00..21.93 rows=949 width=0)
	        Index Cond: ((id >= 4166600) AND (id <= 4167599))

for: simple_ranges
table 1 : explain SELECT c FROM sbtest1 WHERE id BETWEEN 7355904 AND 7356903
	Bitmap Heap Scan on sbtest1  (cost=22.78..3893.86 rows=1009 width=121)
	  Recheck Cond: ((id >= 7355904) AND (id <= 7356903))
	  ->  Bitmap Index Scan on sbtest1_pkey  (cost=0.00..22.52 rows=1009 width=0)
	        Index Cond: ((id >= 7355904) AND (id <= 7356903))

table 2 : explain SELECT c FROM sbtest2 WHERE id BETWEEN 1506033 AND 1507032
	Bitmap Heap Scan on sbtest2  (cost=22.22..3691.54 rows=955 width=121)
	  Recheck Cond: ((id >= 1506033) AND (id <= 1507032))
	  ->  Bitmap Index Scan on sbtest2_pkey  (cost=0.00..21.98 rows=955 width=0)
	        Index Cond: ((id >= 1506033) AND (id <= 1507032))

table 3 : explain SELECT c FROM sbtest3 WHERE id BETWEEN 5219655 AND 5220654
	Bitmap Heap Scan on sbtest3  (cost=22.88..3932.80 rows=1019 width=121)
	  Recheck Cond: ((id >= 5219655) AND (id <= 5220654))
	  ->  Bitmap Index Scan on sbtest3_pkey  (cost=0.00..22.62 rows=1019 width=0)
	        Index Cond: ((id >= 5219655) AND (id <= 5220654))

table 4 : explain SELECT c FROM sbtest4 WHERE id BETWEEN 674685 AND 675684
	Bitmap Heap Scan on sbtest4  (cost=22.51..3798.27 rows=983 width=121)
	  Recheck Cond: ((id >= 674685) AND (id <= 675684))
	  ->  Bitmap Index Scan on sbtest4_pkey  (cost=0.00..22.26 rows=983 width=0)
	        Index Cond: ((id >= 674685) AND (id <= 675684))

table 5 : explain SELECT c FROM sbtest5 WHERE id BETWEEN 9317041 AND 9318040
	Bitmap Heap Scan on sbtest5  (cost=23.24..4065.74 rows=1054 width=121)
	  Recheck Cond: ((id >= 9317041) AND (id <= 9318040))
	  ->  Bitmap Index Scan on sbtest5_pkey  (cost=0.00..22.97 rows=1054 width=0)
	        Index Cond: ((id >= 9317041) AND (id <= 9318040))

table 6 : explain SELECT c FROM sbtest6 WHERE id BETWEEN 3897901 AND 3898900
	Bitmap Heap Scan on sbtest6  (cost=28.04..4359.03 rows=1132 width=121)
	  Recheck Cond: ((id >= 3897901) AND (id <= 3898900))
	  ->  Bitmap Index Scan on sbtest6_pkey  (cost=0.00..27.75 rows=1132 width=0)
	        Index Cond: ((id >= 3897901) AND (id <= 3898900))

table 7 : explain SELECT c FROM sbtest7 WHERE id BETWEEN 1576136 AND 1577135
	Bitmap Heap Scan on sbtest7  (cost=22.09..3644.75 rows=942 width=121)
	  Recheck Cond: ((id >= 1576136) AND (id <= 1577135))
	  ->  Bitmap Index Scan on sbtest7_pkey  (cost=0.00..21.86 rows=942 width=0)
	        Index Cond: ((id >= 1576136) AND (id <= 1577135))

table 8 : explain SELECT c FROM sbtest8 WHERE id BETWEEN 3244590 AND 3245589
	Bitmap Heap Scan on sbtest8  (cost=27.33..4104.78 rows=1063 width=121)
	  Recheck Cond: ((id >= 3244590) AND (id <= 3245589))
	  ->  Bitmap Index Scan on sbtest8_pkey  (cost=0.00..27.07 rows=1063 width=0)
	        Index Cond: ((id >= 3244590) AND (id <= 3245589))

for: sum_ranges
table 1 : explain SELECT SUM(k) FROM sbtest1 WHERE id BETWEEN 4481756 AND 4482755
	Aggregate  (cost=4009.29..4009.30 rows=1 width=8)
	  ->  Bitmap Heap Scan on sbtest1  (cost=23.08..4006.70 rows=1039 width=4)
	        Recheck Cond: ((id >= 4481756) AND (id <= 4482755))
	        ->  Bitmap Index Scan on sbtest1_pkey  (cost=0.00..22.82 rows=1039 width=0)
	              Index Cond: ((id >= 4481756) AND (id <= 4482755))

table 2 : explain SELECT SUM(k) FROM sbtest2 WHERE id BETWEEN 5572266 AND 5573265
	Aggregate  (cost=3995.47..3995.48 rows=1 width=8)
	  ->  Bitmap Heap Scan on sbtest2  (cost=23.04..3992.89 rows=1035 width=4)
	        Recheck Cond: ((id >= 5572266) AND (id <= 5573265))
	        ->  Bitmap Index Scan on sbtest2_pkey  (cost=0.00..22.79 rows=1035 width=0)
	              Index Cond: ((id >= 5572266) AND (id <= 5573265))

table 3 : explain SELECT SUM(k) FROM sbtest3 WHERE id BETWEEN 5261831 AND 5262830
	Aggregate  (cost=3935.35..3935.36 rows=1 width=8)
	  ->  Bitmap Heap Scan on sbtest3  (cost=22.88..3932.80 rows=1019 width=4)
	        Recheck Cond: ((id >= 5261831) AND (id <= 5262830))
	        ->  Bitmap Index Scan on sbtest3_pkey  (cost=0.00..22.62 rows=1019 width=0)
	              Index Cond: ((id >= 5261831) AND (id <= 5262830))

table 4 : explain SELECT SUM(k) FROM sbtest4 WHERE id BETWEEN 9430428 AND 9431427
	Aggregate  (cost=4008.03..4008.04 rows=1 width=8)
	  ->  Bitmap Heap Scan on sbtest4  (cost=23.07..4005.43 rows=1038 width=4)
	        Recheck Cond: ((id >= 9430428) AND (id <= 9431427))
	        ->  Bitmap Index Scan on sbtest4_pkey  (cost=0.00..22.82 rows=1038 width=0)
	              Index Cond: ((id >= 9430428) AND (id <= 9431427))

table 5 : explain SELECT SUM(k) FROM sbtest5 WHERE id BETWEEN 5919374 AND 5920373
	Aggregate  (cost=3695.13..3695.14 rows=1 width=8)
	  ->  Bitmap Heap Scan on sbtest5  (cost=22.22..3692.75 rows=955 width=4)
	        Recheck Cond: ((id >= 5919374) AND (id <= 5920373))
	        ->  Bitmap Index Scan on sbtest5_pkey  (cost=0.00..21.98 rows=955 width=0)
	              Index Cond: ((id >= 5919374) AND (id <= 5920373))

table 6 : explain SELECT SUM(k) FROM sbtest6 WHERE id BETWEEN 2021469 AND 2022468
	Aggregate  (cost=3748.01..3748.02 rows=1 width=8)
	  ->  Bitmap Heap Scan on sbtest6  (cost=22.37..3745.59 rows=969 width=4)
	        Recheck Cond: ((id >= 2021469) AND (id <= 2022468))
	        ->  Bitmap Index Scan on sbtest6_pkey  (cost=0.00..22.12 rows=969 width=0)
	              Index Cond: ((id >= 2021469) AND (id <= 2022468))

table 7 : explain SELECT SUM(k) FROM sbtest7 WHERE id BETWEEN 5546017 AND 5547016
	Aggregate  (cost=3986.77..3986.78 rows=1 width=8)
	  ->  Bitmap Heap Scan on sbtest7  (cost=23.01..3984.19 rows=1032 width=4)
	        Recheck Cond: ((id >= 5546017) AND (id <= 5547016))
	        ->  Bitmap Index Scan on sbtest7_pkey  (cost=0.00..22.75 rows=1032 width=0)
	              Index Cond: ((id >= 5546017) AND (id <= 5547016))

table 8 : explain SELECT SUM(k) FROM sbtest8 WHERE id BETWEEN 5198911 AND 5199910
	Aggregate  (cost=3510.87..3510.88 rows=1 width=8)
	  ->  Bitmap Heap Scan on sbtest8  (cost=21.72..3508.60 rows=906 width=4)
	        Recheck Cond: ((id >= 5198911) AND (id <= 5199910))
	        ->  Bitmap Index Scan on sbtest8_pkey  (cost=0.00..21.50 rows=906 width=0)
	              Index Cond: ((id >= 5198911) AND (id <= 5199910))

for: simple_ranges
table 1 : explain SELECT c FROM sbtest1 WHERE id BETWEEN 3734249 AND 3735248
	Bitmap Heap Scan on sbtest1  (cost=22.83..3912.67 rows=1014 width=121)
	  Recheck Cond: ((id >= 3734249) AND (id <= 3735248))
	  ->  Bitmap Index Scan on sbtest1_pkey  (cost=0.00..22.57 rows=1014 width=0)
	        Index Cond: ((id >= 3734249) AND (id <= 3735248))

table 2 : explain SELECT c FROM sbtest2 WHERE id BETWEEN 8511926 AND 8512925
	Bitmap Heap Scan on sbtest2  (cost=22.76..3887.51 rows=1007 width=121)
	  Recheck Cond: ((id >= 8511926) AND (id <= 8512925))
	  ->  Bitmap Index Scan on sbtest2_pkey  (cost=0.00..22.50 rows=1007 width=0)
	        Index Cond: ((id >= 8511926) AND (id <= 8512925))

table 3 : explain SELECT c FROM sbtest3 WHERE id BETWEEN 6319245 AND 6320244
	Bitmap Heap Scan on sbtest3  (cost=22.18..3676.56 rows=951 width=121)
	  Recheck Cond: ((id >= 6319245) AND (id <= 6320244))
	  ->  Bitmap Index Scan on sbtest3_pkey  (cost=0.00..21.94 rows=951 width=0)
	        Index Cond: ((id >= 6319245) AND (id <= 6320244))

table 4 : explain SELECT c FROM sbtest4 WHERE id BETWEEN 3457380 AND 3458379
	Bitmap Heap Scan on sbtest4  (cost=22.12..3654.91 rows=945 width=121)
	  Recheck Cond: ((id >= 3457380) AND (id <= 3458379))
	  ->  Bitmap Index Scan on sbtest4_pkey  (cost=0.00..21.89 rows=945 width=0)
	        Index Cond: ((id >= 3457380) AND (id <= 3458379))

table 5 : explain SELECT c FROM sbtest5 WHERE id BETWEEN 4062856 AND 4063855
	Bitmap Heap Scan on sbtest5  (cost=22.08..3639.90 rows=941 width=121)
	  Recheck Cond: ((id >= 4062856) AND (id <= 4063855))
	  ->  Bitmap Index Scan on sbtest5_pkey  (cost=0.00..21.84 rows=941 width=0)
	        Index Cond: ((id >= 4062856) AND (id <= 4063855))

table 6 : explain SELECT c FROM sbtest6 WHERE id BETWEEN 6928833 AND 6929832
	Bitmap Heap Scan on sbtest6  (cost=22.94..3956.62 rows=1025 width=121)
	  Recheck Cond: ((id >= 6928833) AND (id <= 6929832))
	  ->  Bitmap Index Scan on sbtest6_pkey  (cost=0.00..22.68 rows=1025 width=0)
	        Index Cond: ((id >= 6928833) AND (id <= 6929832))

table 7 : explain SELECT c FROM sbtest7 WHERE id BETWEEN 9993639 AND 9994638
	Bitmap Heap Scan on sbtest7  (cost=22.52..3803.28 rows=984 width=121)
	  Recheck Cond: ((id >= 9993639) AND (id <= 9994638))
	  ->  Bitmap Index Scan on sbtest7_pkey  (cost=0.00..22.27 rows=984 width=0)
	        Index Cond: ((id >= 9993639) AND (id <= 9994638))

table 8 : explain SELECT c FROM sbtest8 WHERE id BETWEEN 6674957 AND 6675956
	Bitmap Heap Scan on sbtest8  (cost=27.14..4033.28 rows=1044 width=121)
	  Recheck Cond: ((id >= 6674957) AND (id <= 6675956))
	  ->  Bitmap Index Scan on sbtest8_pkey  (cost=0.00..26.87 rows=1044 width=0)
	        Index Cond: ((id >= 6674957) AND (id <= 6675956))

for point_selects
table 1 : explain SELECT c FROM sbtest1 WHERE id=7931369
	Index Scan using sbtest1_pkey on sbtest1  (cost=0.43..8.45 rows=1 width=121)
	  Index Cond: (id = 7931369)

table 2 : explain SELECT c FROM sbtest2 WHERE id=9428643
	Index Scan using sbtest2_pkey on sbtest2  (cost=0.43..8.45 rows=1 width=121)
	  Index Cond: (id = 9428643)

table 3 : explain SELECT c FROM sbtest3 WHERE id=8475883
	Index Scan using sbtest3_pkey on sbtest3  (cost=0.43..8.45 rows=1 width=121)
	  Index Cond: (id = 8475883)

table 4 : explain SELECT c FROM sbtest4 WHERE id=2709490
	Index Scan using sbtest4_pkey on sbtest4  (cost=0.43..8.45 rows=1 width=121)
	  Index Cond: (id = 2709490)

table 5 : explain SELECT c FROM sbtest5 WHERE id=9158112
	Index Scan using sbtest5_pkey on sbtest5  (cost=0.43..8.45 rows=1 width=121)
	  Index Cond: (id = 9158112)

table 6 : explain SELECT c FROM sbtest6 WHERE id=1753468
	Index Scan using sbtest6_pkey on sbtest6  (cost=0.43..8.45 rows=1 width=121)
	  Index Cond: (id = 1753468)

table 7 : explain SELECT c FROM sbtest7 WHERE id=428953
	Index Scan using sbtest7_pkey on sbtest7  (cost=0.43..8.45 rows=1 width=121)
	  Index Cond: (id = 428953)

table 8 : explain SELECT c FROM sbtest8 WHERE id=6802347
	Index Scan using sbtest8_pkey on sbtest8  (cost=0.43..8.45 rows=1 width=121)
	  Index Cond: (id = 6802347)

for: distinct_ranges
table 1 : explain SELECT DISTINCT c FROM sbtest1 WHERE id BETWEEN 4093125 AND 4094124 ORDER BY c
	Unique  (cost=4039.67..4044.84 rows=1034 width=121)
	  ->  Sort  (cost=4039.67..4042.25 rows=1034 width=121)
	        Sort Key: c
	        ->  Bitmap Heap Scan on sbtest1  (cost=23.03..3987.90 rows=1034 width=121)
	              Recheck Cond: ((id >= 4093125) AND (id <= 4094124))
	              ->  Bitmap Index Scan on sbtest1_pkey  (cost=0.00..22.77 rows=1034 width=0)
	                    Index Cond: ((id >= 4093125) AND (id <= 4094124))

table 2 : explain SELECT DISTINCT c FROM sbtest2 WHERE id BETWEEN 2855545 AND 2856544 ORDER BY c
	Unique  (cost=4285.26..4290.75 rows=1097 width=121)
	  ->  Sort  (cost=4285.26..4288.00 rows=1097 width=121)
	        Sort Key: c
	        ->  Bitmap Heap Scan on sbtest2  (cost=27.68..4229.87 rows=1097 width=121)
	              Recheck Cond: ((id >= 2855545) AND (id <= 2856544))
	              ->  Bitmap Index Scan on sbtest2_pkey  (cost=0.00..27.40 rows=1097 width=0)
	                    Index Cond: ((id >= 2855545) AND (id <= 2856544))

table 3 : explain SELECT DISTINCT c FROM sbtest3 WHERE id BETWEEN 8188669 AND 8189668 ORDER BY c
	Unique  (cost=4056.30..4061.49 rows=1038 width=121)
	  ->  Sort  (cost=4056.30..4058.89 rows=1038 width=121)
	        Sort Key: c
	        ->  Bitmap Heap Scan on sbtest3  (cost=23.07..4004.30 rows=1038 width=121)
	              Recheck Cond: ((id >= 8188669) AND (id <= 8189668))
	              ->  Bitmap Index Scan on sbtest3_pkey  (cost=0.00..22.82 rows=1038 width=0)
	                    Index Cond: ((id >= 8188669) AND (id <= 8189668))

table 4 : explain SELECT DISTINCT c FROM sbtest4 WHERE id BETWEEN 6724340 AND 6725339 ORDER BY c
	Unique  (cost=3981.00..3986.09 rows=1018 width=121)
	  ->  Sort  (cost=3981.00..3983.55 rows=1018 width=121)
	        Sort Key: c
	        ->  Bitmap Heap Scan on sbtest4  (cost=22.87..3930.15 rows=1018 width=121)
	              Recheck Cond: ((id >= 6724340) AND (id <= 6725339))
	              ->  Bitmap Index Scan on sbtest4_pkey  (cost=0.00..22.61 rows=1018 width=0)
	                    Index Cond: ((id >= 6724340) AND (id <= 6725339))

table 5 : explain SELECT DISTINCT c FROM sbtest5 WHERE id BETWEEN 7924496 AND 7925495 ORDER BY c
	Unique  (cost=3594.36..3598.94 rows=917 width=121)
	  ->  Sort  (cost=3594.36..3596.65 rows=917 width=121)
	        Sort Key: c
	        ->  Bitmap Heap Scan on sbtest5  (cost=21.83..3549.24 rows=917 width=121)
	              Recheck Cond: ((id >= 7924496) AND (id <= 7925495))
	              ->  Bitmap Index Scan on sbtest5_pkey  (cost=0.00..21.61 rows=917 width=0)
	                    Index Cond: ((id >= 7924496) AND (id <= 7925495))

table 6 : explain SELECT DISTINCT c FROM sbtest6 WHERE id BETWEEN 6023258 AND 6024257 ORDER BY c
	Unique  (cost=3866.38..3871.32 rows=988 width=121)
	  ->  Sort  (cost=3866.38..3868.85 rows=988 width=121)
	        Sort Key: c
	        ->  Bitmap Heap Scan on sbtest6  (cost=22.56..3817.23 rows=988 width=121)
	              Recheck Cond: ((id >= 6023258) AND (id <= 6024257))
	              ->  Bitmap Index Scan on sbtest6_pkey  (cost=0.00..22.32 rows=988 width=0)
	                    Index Cond: ((id >= 6023258) AND (id <= 6024257))

table 7 : explain SELECT DISTINCT c FROM sbtest7 WHERE id BETWEEN 948816 AND 949815 ORDER BY c
	Unique  (cost=3507.10..3511.57 rows=894 width=121)
	  ->  Sort  (cost=3507.10..3509.34 rows=894 width=121)
	        Sort Key: c
	        ->  Bitmap Heap Scan on sbtest7  (cost=21.60..3463.28 rows=894 width=121)
	              Recheck Cond: ((id >= 948816) AND (id <= 949815))
	              ->  Bitmap Index Scan on sbtest7_pkey  (cost=0.00..21.37 rows=894 width=0)
	                    Index Cond: ((id >= 948816) AND (id <= 949815))

table 8 : explain SELECT DISTINCT c FROM sbtest8 WHERE id BETWEEN 4246397 AND 4247396 ORDER BY c
	Unique  (cost=3556.94..3561.48 rows=907 width=121)
	  ->  Sort  (cost=3556.94..3559.21 rows=907 width=121)
	        Sort Key: c
	        ->  Bitmap Heap Scan on sbtest8  (cost=21.73..3512.38 rows=907 width=121)
	              Recheck Cond: ((id >= 4246397) AND (id <= 4247396))
	              ->  Bitmap Index Scan on sbtest8_pkey  (cost=0.00..21.50 rows=907 width=0)
	                    Index Cond: ((id >= 4246397) AND (id <= 4247396))

for: sum_ranges
table 1 : explain SELECT SUM(k) FROM sbtest1 WHERE id BETWEEN 6855782 AND 6856781
	Aggregate  (cost=4621.11..4621.12 rows=1 width=8)
	  ->  Bitmap Heap Scan on sbtest1  (cost=28.76..4618.10 rows=1202 width=4)
	        Recheck Cond: ((id >= 6855782) AND (id <= 6856781))
	        ->  Bitmap Index Scan on sbtest1_pkey  (cost=0.00..28.45 rows=1202 width=0)
	              Index Cond: ((id >= 6855782) AND (id <= 6856781))

table 2 : explain SELECT SUM(k) FROM sbtest2 WHERE id BETWEEN 948317 AND 949316
	Aggregate  (cost=4555.24..4555.25 rows=1 width=8)
	  ->  Bitmap Heap Scan on sbtest2  (cost=28.57..4552.28 rows=1184 width=4)
	        Recheck Cond: ((id >= 948317) AND (id <= 949316))
	        ->  Bitmap Index Scan on sbtest2_pkey  (cost=0.00..28.27 rows=1184 width=0)
	              Index Cond: ((id >= 948317) AND (id <= 949316))

table 3 : explain SELECT SUM(k) FROM sbtest3 WHERE id BETWEEN 9121223 AND 9122222
	Aggregate  (cost=3777.05..3777.06 rows=1 width=8)
	  ->  Bitmap Heap Scan on sbtest3  (cost=22.45..3774.61 rows=977 width=4)
	        Recheck Cond: ((id >= 9121223) AND (id <= 9122222))
	        ->  Bitmap Index Scan on sbtest3_pkey  (cost=0.00..22.20 rows=977 width=0)
	              Index Cond: ((id >= 9121223) AND (id <= 9122222))

table 4 : explain SELECT SUM(k) FROM sbtest4 WHERE id BETWEEN 2840745 AND 2841744
	Aggregate  (cost=3834.67..3834.68 rows=1 width=8)
	  ->  Bitmap Heap Scan on sbtest4  (cost=22.60..3832.19 rows=992 width=4)
	        Recheck Cond: ((id >= 2840745) AND (id <= 2841744))
	        ->  Bitmap Index Scan on sbtest4_pkey  (cost=0.00..22.36 rows=992 width=0)
	              Index Cond: ((id >= 2840745) AND (id <= 2841744))

table 5 : explain SELECT SUM(k) FROM sbtest5 WHERE id BETWEEN 4371350 AND 4372349
	Aggregate  (cost=3838.55..3838.56 rows=1 width=8)
	  ->  Bitmap Heap Scan on sbtest5  (cost=22.61..3836.06 rows=993 width=4)
	        Recheck Cond: ((id >= 4371350) AND (id <= 4372349))
	        ->  Bitmap Index Scan on sbtest5_pkey  (cost=0.00..22.36 rows=993 width=0)
	              Index Cond: ((id >= 4371350) AND (id <= 4372349))

table 6 : explain SELECT SUM(k) FROM sbtest6 WHERE id BETWEEN 4602017 AND 4603016
	Aggregate  (cost=3898.89..3898.90 rows=1 width=8)
	  ->  Bitmap Heap Scan on sbtest6  (cost=22.78..3896.37 rows=1009 width=4)
	        Recheck Cond: ((id >= 4602017) AND (id <= 4603016))
	        ->  Bitmap Index Scan on sbtest6_pkey  (cost=0.00..22.52 rows=1009 width=0)
	              Index Cond: ((id >= 4602017) AND (id <= 4603016))

table 7 : explain SELECT SUM(k) FROM sbtest7 WHERE id BETWEEN 8289553 AND 8290552
	Aggregate  (cost=4175.27..4175.28 rows=1 width=8)
	  ->  Bitmap Heap Scan on sbtest7  (cost=27.52..4172.57 rows=1081 width=4)
	        Recheck Cond: ((id >= 8289553) AND (id <= 8290552))
	        ->  Bitmap Index Scan on sbtest7_pkey  (cost=0.00..27.25 rows=1081 width=0)
	              Index Cond: ((id >= 8289553) AND (id <= 8290552))

table 8 : explain SELECT SUM(k) FROM sbtest8 WHERE id BETWEEN 8958538 AND 8959537
	Aggregate  (cost=4013.29..4013.30 rows=1 width=8)
	  ->  Bitmap Heap Scan on sbtest8  (cost=27.07..4010.69 rows=1038 width=4)
	        Recheck Cond: ((id >= 8958538) AND (id <= 8959537))
	        ->  Bitmap Index Scan on sbtest8_pkey  (cost=0.00..26.82 rows=1038 width=0)
	              Index Cond: ((id >= 8958538) AND (id <= 8959537))

for: order_ranges
table 1 : explain SELECT c FROM sbtest1 WHERE id BETWEEN 8457943 AND 8458942 ORDER BY c
	Sort  (cost=4016.76..4019.33 rows=1028 width=121)
	  Sort Key: c
	  ->  Bitmap Heap Scan on sbtest1  (cost=22.97..3965.33 rows=1028 width=121)
	        Recheck Cond: ((id >= 8457943) AND (id <= 8458942))
	        ->  Bitmap Index Scan on sbtest1_pkey  (cost=0.00..22.71 rows=1028 width=0)
	              Index Cond: ((id >= 8457943) AND (id <= 8458942))

table 2 : explain SELECT c FROM sbtest2 WHERE id BETWEEN 6976120 AND 6977119 ORDER BY c
	Sort  (cost=3838.31..3840.77 rows=981 width=121)
	  Sort Key: c
	  ->  Bitmap Heap Scan on sbtest2  (cost=22.49..3789.57 rows=981 width=121)
	        Recheck Cond: ((id >= 6976120) AND (id <= 6977119))
	        ->  Bitmap Index Scan on sbtest2_pkey  (cost=0.00..22.25 rows=981 width=0)
	              Index Cond: ((id >= 6976120) AND (id <= 6977119))

table 3 : explain SELECT c FROM sbtest3 WHERE id BETWEEN 5610503 AND 5611502 ORDER BY c
	Sort  (cost=4067.75..4070.36 rows=1041 width=121)
	  Sort Key: c
	  ->  Bitmap Heap Scan on sbtest3  (cost=23.11..4015.58 rows=1041 width=121)
	        Recheck Cond: ((id >= 5610503) AND (id <= 5611502))
	        ->  Bitmap Index Scan on sbtest3_pkey  (cost=0.00..22.84 rows=1041 width=0)
	              Index Cond: ((id >= 5610503) AND (id <= 5611502))

table 4 : explain SELECT c FROM sbtest4 WHERE id BETWEEN 9411312 AND 9412311 ORDER BY c
	Sort  (cost=3647.95..3650.28 rows=931 width=121)
	  Sort Key: c
	  ->  Bitmap Heap Scan on sbtest4  (cost=21.98..3602.04 rows=931 width=121)
	        Recheck Cond: ((id >= 9411312) AND (id <= 9412311))
	        ->  Bitmap Index Scan on sbtest4_pkey  (cost=0.00..21.75 rows=931 width=0)
	              Index Cond: ((id >= 9411312) AND (id <= 9412311))

table 5 : explain SELECT c FROM sbtest5 WHERE id BETWEEN 1737713 AND 1738712 ORDER BY c
	Sort  (cost=3793.63..3796.06 rows=969 width=121)
	  Sort Key: c
	  ->  Bitmap Heap Scan on sbtest5  (cost=22.37..3745.57 rows=969 width=121)
	        Recheck Cond: ((id >= 1737713) AND (id <= 1738712))
	        ->  Bitmap Index Scan on sbtest5_pkey  (cost=0.00..22.12 rows=969 width=0)
	              Index Cond: ((id >= 1737713) AND (id <= 1738712))

table 6 : explain SELECT c FROM sbtest6 WHERE id BETWEEN 514786 AND 515785 ORDER BY c
	Sort  (cost=3394.76..3396.92 rows=865 width=121)
	  Sort Key: c
	  ->  Bitmap Heap Scan on sbtest6  (cost=21.30..3352.56 rows=865 width=121)
	        Recheck Cond: ((id >= 514786) AND (id <= 515785))
	        ->  Bitmap Index Scan on sbtest6_pkey  (cost=0.00..21.08 rows=865 width=0)
	              Index Cond: ((id >= 514786) AND (id <= 515785))

table 7 : explain SELECT c FROM sbtest7 WHERE id BETWEEN 1045936 AND 1046935 ORDER BY c
	Sort  (cost=3756.44..3758.84 rows=959 width=121)
	  Sort Key: c
	  ->  Bitmap Heap Scan on sbtest7  (cost=22.26..3708.94 rows=959 width=121)
	        Recheck Cond: ((id >= 1045936) AND (id <= 1046935))
	        ->  Bitmap Index Scan on sbtest7_pkey  (cost=0.00..22.02 rows=959 width=0)
	              Index Cond: ((id >= 1045936) AND (id <= 1046935))

table 8 : explain SELECT c FROM sbtest8 WHERE id BETWEEN 1385856 AND 1386855 ORDER BY c
	Sort  (cost=3925.02..3927.52 rows=1002 width=121)
	  Sort Key: c
	  ->  Bitmap Heap Scan on sbtest8  (cost=26.71..3875.07 rows=1002 width=121)
	        Recheck Cond: ((id >= 1385856) AND (id <= 1386855))
	        ->  Bitmap Index Scan on sbtest8_pkey  (cost=0.00..26.45 rows=1002 width=0)
	              Index Cond: ((id >= 1385856) AND (id <= 1386855))

for: sum_ranges
table 1 : explain SELECT SUM(k) FROM sbtest1 WHERE id BETWEEN 2254331 AND 2255330
	Aggregate  (cost=3809.73..3809.74 rows=1 width=8)
	  ->  Bitmap Heap Scan on sbtest1  (cost=22.54..3807.27 rows=986 width=4)
	        Recheck Cond: ((id >= 2254331) AND (id <= 2255330))
	        ->  Bitmap Index Scan on sbtest1_pkey  (cost=0.00..22.29 rows=986 width=0)
	              Index Cond: ((id >= 2254331) AND (id <= 2255330))

table 2 : explain SELECT SUM(k) FROM sbtest2 WHERE id BETWEEN 2032660 AND 2033659
	Aggregate  (cost=3546.61..3546.62 rows=1 width=8)
	  ->  Bitmap Heap Scan on sbtest2  (cost=21.82..3544.32 rows=916 width=4)
	        Recheck Cond: ((id >= 2032660) AND (id <= 2033659))
	        ->  Bitmap Index Scan on sbtest2_pkey  (cost=0.00..21.59 rows=916 width=0)
	              Index Cond: ((id >= 2032660) AND (id <= 2033659))

table 3 : explain SELECT SUM(k) FROM sbtest3 WHERE id BETWEEN 5312243 AND 5313242
	Aggregate  (cost=3641.18..3641.19 rows=1 width=8)
	  ->  Bitmap Heap Scan on sbtest3  (cost=22.08..3638.82 rows=941 width=4)
	        Recheck Cond: ((id >= 5312243) AND (id <= 5313242))
	        ->  Bitmap Index Scan on sbtest3_pkey  (cost=0.00..21.84 rows=941 width=0)
	              Index Cond: ((id >= 5312243) AND (id <= 5313242))

table 4 : explain SELECT SUM(k) FROM sbtest4 WHERE id BETWEEN 1022970 AND 1023969
	Aggregate  (cost=3604.37..3604.38 rows=1 width=8)
	  ->  Bitmap Heap Scan on sbtest4  (cost=21.98..3602.04 rows=931 width=4)
	        Recheck Cond: ((id >= 1022970) AND (id <= 1023969))
	        ->  Bitmap Index Scan on sbtest4_pkey  (cost=0.00..21.75 rows=931 width=0)
	              Index Cond: ((id >= 1022970) AND (id <= 1023969))

table 5 : explain SELECT SUM(k) FROM sbtest5 WHERE id BETWEEN 6960856 AND 6961855
	Aggregate  (cost=3812.14..3812.15 rows=1 width=8)
	  ->  Bitmap Heap Scan on sbtest5  (cost=22.54..3809.68 rows=986 width=4)
	        Recheck Cond: ((id >= 6960856) AND (id <= 6961855))
	        ->  Bitmap Index Scan on sbtest5_pkey  (cost=0.00..22.29 rows=986 width=0)
	              Index Cond: ((id >= 6960856) AND (id <= 6961855))

table 6 : explain SELECT SUM(k) FROM sbtest6 WHERE id BETWEEN 1621232 AND 1622231
	Aggregate  (cost=3630.93..3630.94 rows=1 width=8)
	  ->  Bitmap Heap Scan on sbtest6  (cost=22.05..3628.59 rows=938 width=4)
	        Recheck Cond: ((id >= 1621232) AND (id <= 1622231))
	        ->  Bitmap Index Scan on sbtest6_pkey  (cost=0.00..21.82 rows=938 width=0)
	              Index Cond: ((id >= 1621232) AND (id <= 1622231))

table 7 : explain SELECT SUM(k) FROM sbtest7 WHERE id BETWEEN 3675412 AND 3676411
	Aggregate  (cost=3990.54..3990.55 rows=1 width=8)
	  ->  Bitmap Heap Scan on sbtest7  (cost=23.02..3987.96 rows=1033 width=4)
	        Recheck Cond: ((id >= 3675412) AND (id <= 3676411))
	        ->  Bitmap Index Scan on sbtest7_pkey  (cost=0.00..22.76 rows=1033 width=0)
	              Index Cond: ((id >= 3675412) AND (id <= 3676411))

table 8 : explain SELECT SUM(k) FROM sbtest8 WHERE id BETWEEN 4423194 AND 4424193
	Aggregate  (cost=4069.79..4069.80 rows=1 width=8)
	  ->  Bitmap Heap Scan on sbtest8  (cost=27.23..4067.15 rows=1053 width=4)
	        Recheck Cond: ((id >= 4423194) AND (id <= 4424193))
	        ->  Bitmap Index Scan on sbtest8_pkey  (cost=0.00..26.96 rows=1053 width=0)
	              Index Cond: ((id >= 4423194) AND (id <= 4424193))

for: sum_ranges
table 1 : explain SELECT SUM(k) FROM sbtest1 WHERE id BETWEEN 9711444 AND 9712443
	Aggregate  (cost=3896.38..3896.39 rows=1 width=8)
	  ->  Bitmap Heap Scan on sbtest1  (cost=22.78..3893.86 rows=1009 width=4)
	        Recheck Cond: ((id >= 9711444) AND (id <= 9712443))
	        ->  Bitmap Index Scan on sbtest1_pkey  (cost=0.00..22.52 rows=1009 width=0)
	              Index Cond: ((id >= 9711444) AND (id <= 9712443))

table 2 : explain SELECT SUM(k) FROM sbtest2 WHERE id BETWEEN 7796904 AND 7797903
	Aggregate  (cost=3516.37..3516.38 rows=1 width=8)
	  ->  Bitmap Heap Scan on sbtest2  (cost=21.74..3514.10 rows=908 width=4)
	        Recheck Cond: ((id >= 7796904) AND (id <= 7797903))
	        ->  Bitmap Index Scan on sbtest2_pkey  (cost=0.00..21.51 rows=908 width=0)
	              Index Cond: ((id >= 7796904) AND (id <= 7797903))

table 3 : explain SELECT SUM(k) FROM sbtest3 WHERE id BETWEEN 3120429 AND 3121428
	Aggregate  (cost=3927.82..3927.83 rows=1 width=8)
	  ->  Bitmap Heap Scan on sbtest3  (cost=22.86..3925.28 rows=1017 width=4)
	        Recheck Cond: ((id >= 3120429) AND (id <= 3121428))
	        ->  Bitmap Index Scan on sbtest3_pkey  (cost=0.00..22.61 rows=1017 width=0)
	              Index Cond: ((id >= 3120429) AND (id <= 3121428))

table 4 : explain SELECT SUM(k) FROM sbtest4 WHERE id BETWEEN 5016278 AND 5017277
	Aggregate  (cost=4083.55..4083.56 rows=1 width=8)
	  ->  Bitmap Heap Scan on sbtest4  (cost=27.27..4080.91 rows=1057 width=4)
	        Recheck Cond: ((id >= 5016278) AND (id <= 5017277))
	        ->  Bitmap Index Scan on sbtest4_pkey  (cost=0.00..27.00 rows=1057 width=0)
	              Index Cond: ((id >= 5016278) AND (id <= 5017277))

table 5 : explain SELECT SUM(k) FROM sbtest5 WHERE id BETWEEN 2414048 AND 2415047
	Aggregate  (cost=3793.28..3793.29 rows=1 width=8)
	  ->  Bitmap Heap Scan on sbtest5  (cost=22.49..3790.82 rows=981 width=4)
	        Recheck Cond: ((id >= 2414048) AND (id <= 2415047))
	        ->  Bitmap Index Scan on sbtest5_pkey  (cost=0.00..22.25 rows=981 width=0)
	              Index Cond: ((id >= 2414048) AND (id <= 2415047))

table 6 : explain SELECT SUM(k) FROM sbtest6 WHERE id BETWEEN 7028665 AND 7029664
	Aggregate  (cost=3642.27..3642.28 rows=1 width=8)
	  ->  Bitmap Heap Scan on sbtest6  (cost=22.08..3639.91 rows=941 width=4)
	        Recheck Cond: ((id >= 7028665) AND (id <= 7029664))
	        ->  Bitmap Index Scan on sbtest6_pkey  (cost=0.00..21.84 rows=941 width=0)
	              Index Cond: ((id >= 7028665) AND (id <= 7029664))

table 7 : explain SELECT SUM(k) FROM sbtest7 WHERE id BETWEEN 1356558 AND 1357557
	Aggregate  (cost=3767.99..3768.00 rows=1 width=8)
	  ->  Bitmap Heap Scan on sbtest7  (cost=22.42..3765.56 rows=974 width=4)
	        Recheck Cond: ((id >= 1356558) AND (id <= 1357557))
	        ->  Bitmap Index Scan on sbtest7_pkey  (cost=0.00..22.18 rows=974 width=0)
	              Index Cond: ((id >= 1356558) AND (id <= 1357557))

table 8 : explain SELECT SUM(k) FROM sbtest8 WHERE id BETWEEN 4112263 AND 4113262
	Aggregate  (cost=3673.48..3673.49 rows=1 width=8)
	  ->  Bitmap Heap Scan on sbtest8  (cost=22.16..3671.11 rows=949 width=4)
	        Recheck Cond: ((id >= 4112263) AND (id <= 4113262))
	        ->  Bitmap Index Scan on sbtest8_pkey  (cost=0.00..21.93 rows=949 width=0)
	              Index Cond: ((id >= 4112263) AND (id <= 4113262))

explain: for point_selects :: explain SELECT c FROM sbtest%u WHERE id=%u
for: simple_ranges
table 1 : explain SELECT c FROM sbtest1 WHERE id BETWEEN 8132575 AND 8133574
	Bitmap Heap Scan on sbtest1  (cost=21.78..3528.20 rows=912 width=121)
	  Recheck Cond: ((id >= 8132575) AND (id <= 8133574))
	  ->  Bitmap Index Scan on sbtest1_pkey  (cost=0.00..21.55 rows=912 width=0)
	        Index Cond: ((id >= 8132575) AND (id <= 8133574))

table 2 : explain SELECT c FROM sbtest2 WHERE id BETWEEN 1926696 AND 1927695
	Bitmap Heap Scan on sbtest2  (cost=21.92..3578.31 rows=925 width=121)
	  Recheck Cond: ((id >= 1926696) AND (id <= 1927695))
	  ->  Bitmap Index Scan on sbtest2_pkey  (cost=0.00..21.68 rows=925 width=0)
	        Index Cond: ((id >= 1926696) AND (id <= 1927695))

table 3 : explain SELECT c FROM sbtest3 WHERE id BETWEEN 5359731 AND 5360730
	Bitmap Heap Scan on sbtest3  (cost=22.08..3638.82 rows=941 width=121)
	  Recheck Cond: ((id >= 5359731) AND (id <= 5360730))
	  ->  Bitmap Index Scan on sbtest3_pkey  (cost=0.00..21.84 rows=941 width=0)
	        Index Cond: ((id >= 5359731) AND (id <= 5360730))

table 4 : explain SELECT c FROM sbtest4 WHERE id BETWEEN 9889931 AND 9890930
	Bitmap Heap Scan on sbtest4  (cost=27.31..4095.95 rows=1061 width=121)
	  Recheck Cond: ((id >= 9889931) AND (id <= 9890930))
	  ->  Bitmap Index Scan on sbtest4_pkey  (cost=0.00..27.04 rows=1061 width=0)
	        Index Cond: ((id >= 9889931) AND (id <= 9890930))

table 5 : explain SELECT c FROM sbtest5 WHERE id BETWEEN 3037037 AND 3038036
	Bitmap Heap Scan on sbtest5  (cost=22.88..3934.01 rows=1019 width=121)
	  Recheck Cond: ((id >= 3037037) AND (id <= 3038036))
	  ->  Bitmap Index Scan on sbtest5_pkey  (cost=0.00..22.62 rows=1019 width=0)
	        Index Cond: ((id >= 3037037) AND (id <= 3038036))

table 6 : explain SELECT c FROM sbtest6 WHERE id BETWEEN 4801453 AND 4802452
	Bitmap Heap Scan on sbtest6  (cost=22.55..3813.46 rows=987 width=121)
	  Recheck Cond: ((id >= 4801453) AND (id <= 4802452))
	  ->  Bitmap Index Scan on sbtest6_pkey  (cost=0.00..22.30 rows=987 width=0)
	        Index Cond: ((id >= 4801453) AND (id <= 4802452))

table 7 : explain SELECT c FROM sbtest7 WHERE id BETWEEN 7170089 AND 7171088
	Bitmap Heap Scan on sbtest7  (cost=22.36..3742.92 rows=968 width=121)
	  Recheck Cond: ((id >= 7170089) AND (id <= 7171088))
	  ->  Bitmap Index Scan on sbtest7_pkey  (cost=0.00..22.11 rows=968 width=0)
	        Index Cond: ((id >= 7170089) AND (id <= 7171088))

table 8 : explain SELECT c FROM sbtest8 WHERE id BETWEEN 3528998 AND 3529997
	Bitmap Heap Scan on sbtest8  (cost=21.98..3603.11 rows=931 width=121)
	  Recheck Cond: ((id >= 3528998) AND (id <= 3529997))
	  ->  Bitmap Index Scan on sbtest8_pkey  (cost=0.00..21.75 rows=931 width=0)
	        Index Cond: ((id >= 3528998) AND (id <= 3529997))

for: distinct_ranges
table 1 : explain SELECT DISTINCT c FROM sbtest1 WHERE id BETWEEN 9643478 AND 9644477 ORDER BY c
	Unique  (cost=3684.13..3688.83 rows=941 width=121)
	  ->  Sort  (cost=3684.13..3686.48 rows=941 width=121)
	        Sort Key: c
	        ->  Bitmap Heap Scan on sbtest1  (cost=22.08..3637.65 rows=941 width=121)
	              Recheck Cond: ((id >= 9643478) AND (id <= 9644477))
	              ->  Bitmap Index Scan on sbtest1_pkey  (cost=0.00..21.84 rows=941 width=0)
	                    Index Cond: ((id >= 9643478) AND (id <= 9644477))

table 2 : explain SELECT DISTINCT c FROM sbtest2 WHERE id BETWEEN 9597271 AND 9598270 ORDER BY c
	Unique  (cost=3673.70..3678.39 rows=938 width=121)
	  ->  Sort  (cost=3673.70..3676.04 rows=938 width=121)
	        Sort Key: c
	        ->  Bitmap Heap Scan on sbtest2  (cost=22.05..3627.39 rows=938 width=121)
	              Recheck Cond: ((id >= 9597271) AND (id <= 9598270))
	              ->  Bitmap Index Scan on sbtest2_pkey  (cost=0.00..21.82 rows=938 width=0)
	                    Index Cond: ((id >= 9597271) AND (id <= 9598270))

table 3 : explain SELECT DISTINCT c FROM sbtest3 WHERE id BETWEEN 6869747 AND 6870746 ORDER BY c
	Unique  (cost=3589.49..3594.07 rows=916 width=121)
	  ->  Sort  (cost=3589.49..3591.78 rows=916 width=121)
	        Sort Key: c
	        ->  Bitmap Heap Scan on sbtest3  (cost=21.82..3544.43 rows=916 width=121)
	              Recheck Cond: ((id >= 6869747) AND (id <= 6870746))
	              ->  Bitmap Index Scan on sbtest3_pkey  (cost=0.00..21.59 rows=916 width=0)
	                    Index Cond: ((id >= 6869747) AND (id <= 6870746))

table 4 : explain SELECT DISTINCT c FROM sbtest4 WHERE id BETWEEN 3591363 AND 3592362 ORDER BY c
	Unique  (cost=4034.51..4039.67 rows=1032 width=121)
	  ->  Sort  (cost=4034.51..4037.09 rows=1032 width=121)
	        Sort Key: c
	        ->  Bitmap Heap Scan on sbtest4  (cost=23.01..3982.85 rows=1032 width=121)
	              Recheck Cond: ((id >= 3591363) AND (id <= 3592362))
	              ->  Bitmap Index Scan on sbtest4_pkey  (cost=0.00..22.75 rows=1032 width=0)
	                    Index Cond: ((id >= 3591363) AND (id <= 3592362))

table 5 : explain SELECT DISTINCT c FROM sbtest5 WHERE id BETWEEN 5512982 AND 5513981 ORDER BY c
	Unique  (cost=4061.36..4066.56 rows=1039 width=121)
	  ->  Sort  (cost=4061.36..4063.96 rows=1039 width=121)
	        Sort Key: c
	        ->  Bitmap Heap Scan on sbtest5  (cost=23.08..4009.30 rows=1039 width=121)
	              Recheck Cond: ((id >= 5512982) AND (id <= 5513981))
	              ->  Bitmap Index Scan on sbtest5_pkey  (cost=0.00..22.82 rows=1039 width=0)
	                    Index Cond: ((id >= 5512982) AND (id <= 5513981))

table 6 : explain SELECT DISTINCT c FROM sbtest6 WHERE id BETWEEN 1935588 AND 1936587 ORDER BY c
	Unique  (cost=3793.65..3798.49 rows=969 width=121)
	  ->  Sort  (cost=3793.65..3796.07 rows=969 width=121)
	        Sort Key: c
	        ->  Bitmap Heap Scan on sbtest6  (cost=22.37..3745.59 rows=969 width=121)
	              Recheck Cond: ((id >= 1935588) AND (id <= 1936587))
	              ->  Bitmap Index Scan on sbtest6_pkey  (cost=0.00..22.12 rows=969 width=0)
	                    Index Cond: ((id >= 1935588) AND (id <= 1936587))

table 7 : explain SELECT DISTINCT c FROM sbtest7 WHERE id BETWEEN 4313784 AND 4314783 ORDER BY c
	Unique  (cost=3702.78..3707.51 rows=945 width=121)
	  ->  Sort  (cost=3702.78..3705.14 rows=945 width=121)
	        Sort Key: c
	        ->  Bitmap Heap Scan on sbtest7  (cost=22.12..3656.08 rows=945 width=121)
	              Recheck Cond: ((id >= 4313784) AND (id <= 4314783))
	              ->  Bitmap Index Scan on sbtest7_pkey  (cost=0.00..21.89 rows=945 width=0)
	                    Index Cond: ((id >= 4313784) AND (id <= 4314783))

table 8 : explain SELECT DISTINCT c FROM sbtest8 WHERE id BETWEEN 92599 AND 93598 ORDER BY c
	Unique  (cost=3606.83..3611.43 rows=920 width=121)
	  ->  Sort  (cost=3606.83..3609.13 rows=920 width=121)
	        Sort Key: c
	        ->  Bitmap Heap Scan on sbtest8  (cost=21.87..3561.54 rows=920 width=121)
	              Recheck Cond: ((id >= 92599) AND (id <= 93598))
	              ->  Bitmap Index Scan on sbtest8_pkey  (cost=0.00..21.64 rows=920 width=0)
	                    Index Cond: ((id >= 92599) AND (id <= 93598))

for: order_ranges
table 1 : explain SELECT c FROM sbtest1 WHERE id BETWEEN 3565335 AND 3566334 ORDER BY c
	Sort  (cost=4043.49..4046.07 rows=1035 width=121)
	  Sort Key: c
	  ->  Bitmap Heap Scan on sbtest1  (cost=23.04..3991.66 rows=1035 width=121)
	        Recheck Cond: ((id >= 3565335) AND (id <= 3566334))
	        ->  Bitmap Index Scan on sbtest1_pkey  (cost=0.00..22.79 rows=1035 width=0)
	              Index Cond: ((id >= 3565335) AND (id <= 3566334))

table 2 : explain SELECT c FROM sbtest2 WHERE id BETWEEN 2969388 AND 2970387 ORDER BY c
	Sort  (cost=4143.97..4146.62 rows=1061 width=121)
	  Sort Key: c
	  ->  Bitmap Heap Scan on sbtest2  (cost=23.31..4090.65 rows=1061 width=121)
	        Recheck Cond: ((id >= 2969388) AND (id <= 2970387))
	        ->  Bitmap Index Scan on sbtest2_pkey  (cost=0.00..23.04 rows=1061 width=0)
	              Index Cond: ((id >= 2969388) AND (id <= 2970387))

table 3 : explain SELECT c FROM sbtest3 WHERE id BETWEEN 5209241 AND 5210240 ORDER BY c
	Sort  (cost=3983.72..3986.27 rows=1019 width=121)
	  Sort Key: c
	  ->  Bitmap Heap Scan on sbtest3  (cost=22.88..3932.80 rows=1019 width=121)
	        Recheck Cond: ((id >= 5209241) AND (id <= 5210240))
	        ->  Bitmap Index Scan on sbtest3_pkey  (cost=0.00..22.62 rows=1019 width=0)
	              Index Cond: ((id >= 5209241) AND (id <= 5210240))

table 4 : explain SELECT c FROM sbtest4 WHERE id BETWEEN 9328482 AND 9329481 ORDER BY c
	Sort  (cost=3647.95..3650.28 rows=931 width=121)
	  Sort Key: c
	  ->  Bitmap Heap Scan on sbtest4  (cost=21.98..3602.04 rows=931 width=121)
	        Recheck Cond: ((id >= 9328482) AND (id <= 9329481))
	        ->  Bitmap Index Scan on sbtest4_pkey  (cost=0.00..21.75 rows=931 width=0)
	              Index Cond: ((id >= 9328482) AND (id <= 9329481))

table 5 : explain SELECT c FROM sbtest5 WHERE id BETWEEN 8707183 AND 8708182 ORDER BY c
	Sort  (cost=3843.40..3845.85 rows=982 width=121)
	  Sort Key: c
	  ->  Bitmap Heap Scan on sbtest5  (cost=22.50..3794.60 rows=982 width=121)
	        Recheck Cond: ((id >= 8707183) AND (id <= 8708182))
	        ->  Bitmap Index Scan on sbtest5_pkey  (cost=0.00..22.25 rows=982 width=0)
	              Index Cond: ((id >= 8707183) AND (id <= 8708182))

table 6 : explain SELECT c FROM sbtest6 WHERE id BETWEEN 566785 AND 567784 ORDER BY c
	Sort  (cost=3394.76..3396.92 rows=865 width=121)
	  Sort Key: c
	  ->  Bitmap Heap Scan on sbtest6  (cost=21.30..3352.56 rows=865 width=121)
	        Recheck Cond: ((id >= 566785) AND (id <= 567784))
	        ->  Bitmap Index Scan on sbtest6_pkey  (cost=0.00..21.08 rows=865 width=0)
	              Index Cond: ((id >= 566785) AND (id <= 567784))

table 7 : explain SELECT c FROM sbtest7 WHERE id BETWEEN 7737752 AND 7738751 ORDER BY c
	Sort  (cost=3794.75..3797.18 rows=969 width=121)
	  Sort Key: c
	  ->  Bitmap Heap Scan on sbtest7  (cost=22.37..3746.69 rows=969 width=121)
	        Recheck Cond: ((id >= 7737752) AND (id <= 7738751))
	        ->  Bitmap Index Scan on sbtest7_pkey  (cost=0.00..22.12 rows=969 width=0)
	              Index Cond: ((id >= 7737752) AND (id <= 7738751))

table 8 : explain SELECT c FROM sbtest8 WHERE id BETWEEN 5184348 AND 5185347 ORDER BY c
	Sort  (cost=3553.10..3555.37 rows=906 width=121)
	  Sort Key: c
	  ->  Bitmap Heap Scan on sbtest8  (cost=21.72..3508.60 rows=906 width=121)
	        Recheck Cond: ((id >= 5184348) AND (id <= 5185347))
	        ->  Bitmap Index Scan on sbtest8_pkey  (cost=0.00..21.50 rows=906 width=0)
	              Index Cond: ((id >= 5184348) AND (id <= 5185347))

for: order_ranges
table 1 : explain SELECT c FROM sbtest1 WHERE id BETWEEN 5498626 AND 5499625 ORDER BY c
	Sort  (cost=3707.10..3709.46 rows=947 width=121)
	  Sort Key: c
	  ->  Bitmap Heap Scan on sbtest1  (cost=22.14..3660.28 rows=947 width=121)
	        Recheck Cond: ((id >= 5498626) AND (id <= 5499625))
	        ->  Bitmap Index Scan on sbtest1_pkey  (cost=0.00..21.90 rows=947 width=0)
	              Index Cond: ((id >= 5498626) AND (id <= 5499625))

table 2 : explain SELECT c FROM sbtest2 WHERE id BETWEEN 6171497 AND 6172496 ORDER BY c
	Sort  (cost=3956.85..3959.38 rows=1012 width=121)
	  Sort Key: c
	  ->  Bitmap Heap Scan on sbtest2  (cost=22.81..3906.33 rows=1012 width=121)
	        Recheck Cond: ((id >= 6171497) AND (id <= 6172496))
	        ->  Bitmap Index Scan on sbtest2_pkey  (cost=0.00..22.55 rows=1012 width=0)
	              Index Cond: ((id >= 6171497) AND (id <= 6172496))

table 3 : explain SELECT c FROM sbtest3 WHERE id BETWEEN 9469536 AND 9470535 ORDER BY c
	Sort  (cost=3635.49..3637.81 rows=928 width=121)
	  Sort Key: c
	  ->  Bitmap Heap Scan on sbtest3  (cost=21.95..3589.75 rows=928 width=121)
	        Recheck Cond: ((id >= 9469536) AND (id <= 9470535))
	        ->  Bitmap Index Scan on sbtest3_pkey  (cost=0.00..21.71 rows=928 width=0)
	              Index Cond: ((id >= 9469536) AND (id <= 9470535))

table 4 : explain SELECT c FROM sbtest4 WHERE id BETWEEN 854844 AND 855843 ORDER BY c
	Sort  (cost=4153.09..4155.75 rows=1062 width=121)
	  Sort Key: c
	  ->  Bitmap Heap Scan on sbtest4  (cost=27.32..4099.71 rows=1062 width=121)
	        Recheck Cond: ((id >= 854844) AND (id <= 855843))
	        ->  Bitmap Index Scan on sbtest4_pkey  (cost=0.00..27.05 rows=1062 width=0)
	              Index Cond: ((id >= 854844) AND (id <= 855843))

table 5 : explain SELECT c FROM sbtest5 WHERE id BETWEEN 9432445 AND 9433444 ORDER BY c
	Sort  (cost=3793.63..3796.06 rows=969 width=121)
	  Sort Key: c
	  ->  Bitmap Heap Scan on sbtest5  (cost=22.37..3745.57 rows=969 width=121)
	        Recheck Cond: ((id >= 9432445) AND (id <= 9433444))
	        ->  Bitmap Index Scan on sbtest5_pkey  (cost=0.00..22.12 rows=969 width=0)
	              Index Cond: ((id >= 9432445) AND (id <= 9433444))

table 6 : explain SELECT c FROM sbtest6 WHERE id BETWEEN 3345768 AND 3346767 ORDER BY c
	Sort  (cost=3992.59..3995.14 rows=1021 width=121)
	  Sort Key: c
	  ->  Bitmap Heap Scan on sbtest6  (cost=22.90..3941.56 rows=1021 width=121)
	        Recheck Cond: ((id >= 3345768) AND (id <= 3346767))
	        ->  Bitmap Index Scan on sbtest6_pkey  (cost=0.00..22.64 rows=1021 width=0)
	              Index Cond: ((id >= 3345768) AND (id <= 3346767))

table 7 : explain SELECT c FROM sbtest7 WHERE id BETWEEN 7870875 AND 7871874 ORDER BY c
	Sort  (cost=3905.79..3908.29 rows=998 width=121)
	  Sort Key: c
	  ->  Bitmap Heap Scan on sbtest7  (cost=22.66..3856.08 rows=998 width=121)
	        Recheck Cond: ((id >= 7870875) AND (id <= 7871874))
	        ->  Bitmap Index Scan on sbtest7_pkey  (cost=0.00..22.41 rows=998 width=0)
	              Index Cond: ((id >= 7870875) AND (id <= 7871874))

table 8 : explain SELECT c FROM sbtest8 WHERE id BETWEEN 7361503 AND 7362502 ORDER BY c
	Sort  (cost=3798.50..3800.93 rows=970 width=121)
	  Sort Key: c
	  ->  Bitmap Heap Scan on sbtest8  (cost=22.38..3750.38 rows=970 width=121)
	        Recheck Cond: ((id >= 7361503) AND (id <= 7362502))
	        ->  Bitmap Index Scan on sbtest8_pkey  (cost=0.00..22.14 rows=970 width=0)
	              Index Cond: ((id >= 7361503) AND (id <= 7362502))

explain: for point_selects :: explain SELECT c FROM sbtest%u WHERE id=%u
for point_selects
table 1 : explain SELECT c FROM sbtest1 WHERE id=2198323
	Index Scan using sbtest1_pkey on sbtest1  (cost=0.43..8.45 rows=1 width=121)
	  Index Cond: (id = 2198323)

table 2 : explain SELECT c FROM sbtest2 WHERE id=4037015
	Index Scan using sbtest2_pkey on sbtest2  (cost=0.43..8.45 rows=1 width=121)
	  Index Cond: (id = 4037015)

table 3 : explain SELECT c FROM sbtest3 WHERE id=9768254
	Index Scan using sbtest3_pkey on sbtest3  (cost=0.43..8.45 rows=1 width=121)
	  Index Cond: (id = 9768254)

table 4 : explain SELECT c FROM sbtest4 WHERE id=6910250
	Index Scan using sbtest4_pkey on sbtest4  (cost=0.43..8.45 rows=1 width=121)
	  Index Cond: (id = 6910250)

table 5 : explain SELECT c FROM sbtest5 WHERE id=22309
	Index Scan using sbtest5_pkey on sbtest5  (cost=0.43..8.45 rows=1 width=121)
	  Index Cond: (id = 22309)

table 6 : explain SELECT c FROM sbtest6 WHERE id=285955
	Index Scan using sbtest6_pkey on sbtest6  (cost=0.43..8.45 rows=1 width=121)
	  Index Cond: (id = 285955)

table 7 : explain SELECT c FROM sbtest7 WHERE id=7085076
	Index Scan using sbtest7_pkey on sbtest7  (cost=0.43..8.45 rows=1 width=121)
	  Index Cond: (id = 7085076)

table 8 : explain SELECT c FROM sbtest8 WHERE id=796844
	Index Scan using sbtest8_pkey on sbtest8  (cost=0.43..8.45 rows=1 width=121)
	  Index Cond: (id = 796844)

for: sum_ranges
table 1 : explain SELECT SUM(k) FROM sbtest1 WHERE id BETWEEN 4694200 AND 4695199
	Aggregate  (cost=3715.47..3715.48 rows=1 width=8)
	  ->  Bitmap Heap Scan on sbtest1  (cost=22.29..3713.07 rows=961 width=4)
	        Recheck Cond: ((id >= 4694200) AND (id <= 4695199))
	        ->  Bitmap Index Scan on sbtest1_pkey  (cost=0.00..22.04 rows=961 width=0)
	              Index Cond: ((id >= 4694200) AND (id <= 4695199))

table 2 : explain SELECT SUM(k) FROM sbtest2 WHERE id BETWEEN 263474 AND 264473
	Aggregate  (cost=4085.78..4085.79 rows=1 width=8)
	  ->  Bitmap Heap Scan on sbtest2  (cost=23.29..4083.13 rows=1059 width=4)
	        Recheck Cond: ((id >= 263474) AND (id <= 264473))
	        ->  Bitmap Index Scan on sbtest2_pkey  (cost=0.00..23.02 rows=1059 width=0)
	              Index Cond: ((id >= 263474) AND (id <= 264473))

table 3 : explain SELECT SUM(k) FROM sbtest3 WHERE id BETWEEN 3784278 AND 3785277
	Aggregate  (cost=3890.15..3890.16 rows=1 width=8)
	  ->  Bitmap Heap Scan on sbtest3  (cost=22.76..3887.63 rows=1007 width=4)
	        Recheck Cond: ((id >= 3784278) AND (id <= 3785277))
	        ->  Bitmap Index Scan on sbtest3_pkey  (cost=0.00..22.50 rows=1007 width=0)
	              Index Cond: ((id >= 3784278) AND (id <= 3785277))

table 4 : explain SELECT SUM(k) FROM sbtest4 WHERE id BETWEEN 212146 AND 213145
	Aggregate  (cost=3403.87..3403.88 rows=1 width=8)
	  ->  Bitmap Heap Scan on sbtest4  (cost=21.43..3401.67 rows=878 width=4)
	        Recheck Cond: ((id >= 212146) AND (id <= 213145))
	        ->  Bitmap Index Scan on sbtest4_pkey  (cost=0.00..21.21 rows=878 width=0)
	              Index Cond: ((id >= 212146) AND (id <= 213145))

table 5 : explain SELECT SUM(k) FROM sbtest5 WHERE id BETWEEN 3085220 AND 3086219
	Aggregate  (cost=3936.56..3936.57 rows=1 width=8)
	  ->  Bitmap Heap Scan on sbtest5  (cost=22.88..3934.01 rows=1019 width=4)
	        Recheck Cond: ((id >= 3085220) AND (id <= 3086219))
	        ->  Bitmap Index Scan on sbtest5_pkey  (cost=0.00..22.62 rows=1019 width=0)
	              Index Cond: ((id >= 3085220) AND (id <= 3086219))

table 6 : explain SELECT SUM(k) FROM sbtest6 WHERE id BETWEEN 1153928 AND 1154927
	Aggregate  (cost=3642.27..3642.28 rows=1 width=8)
	  ->  Bitmap Heap Scan on sbtest6  (cost=22.08..3639.91 rows=941 width=4)
	        Recheck Cond: ((id >= 1153928) AND (id <= 1154927))
	        ->  Bitmap Index Scan on sbtest6_pkey  (cost=0.00..21.84 rows=941 width=0)
	              Index Cond: ((id >= 1153928) AND (id <= 1154927))

table 7 : explain SELECT SUM(k) FROM sbtest7 WHERE id BETWEEN 7509242 AND 7510241
	Aggregate  (cost=3722.67..3722.68 rows=1 width=8)
	  ->  Bitmap Heap Scan on sbtest7  (cost=22.30..3720.27 rows=962 width=4)
	        Recheck Cond: ((id >= 7509242) AND (id <= 7510241))
	        ->  Bitmap Index Scan on sbtest7_pkey  (cost=0.00..22.05 rows=962 width=0)
	              Index Cond: ((id >= 7509242) AND (id <= 7510241))

table 8 : explain SELECT SUM(k) FROM sbtest8 WHERE id BETWEEN 8674738 AND 8675737
	Aggregate  (cost=3639.47..3639.48 rows=1 width=8)
	  ->  Bitmap Heap Scan on sbtest8  (cost=22.07..3637.12 rows=940 width=4)
	        Recheck Cond: ((id >= 8674738) AND (id <= 8675737))
	        ->  Bitmap Index Scan on sbtest8_pkey  (cost=0.00..21.83 rows=940 width=0)
	              Index Cond: ((id >= 8674738) AND (id <= 8675737))

for point_selects
table 1 : explain SELECT c FROM sbtest1 WHERE id=970459
	Index Scan using sbtest1_pkey on sbtest1  (cost=0.43..8.45 rows=1 width=121)
	  Index Cond: (id = 970459)

table 2 : explain SELECT c FROM sbtest2 WHERE id=5510605
	Index Scan using sbtest2_pkey on sbtest2  (cost=0.43..8.45 rows=1 width=121)
	  Index Cond: (id = 5510605)

table 3 : explain SELECT c FROM sbtest3 WHERE id=9523974
	Index Scan using sbtest3_pkey on sbtest3  (cost=0.43..8.45 rows=1 width=121)
	  Index Cond: (id = 9523974)

table 4 : explain SELECT c FROM sbtest4 WHERE id=3683281
	Index Scan using sbtest4_pkey on sbtest4  (cost=0.43..8.45 rows=1 width=121)
	  Index Cond: (id = 3683281)

table 5 : explain SELECT c FROM sbtest5 WHERE id=160322
	Index Scan using sbtest5_pkey on sbtest5  (cost=0.43..8.45 rows=1 width=121)
	  Index Cond: (id = 160322)

table 6 : explain SELECT c FROM sbtest6 WHERE id=8048566
	Index Scan using sbtest6_pkey on sbtest6  (cost=0.43..8.45 rows=1 width=121)
	  Index Cond: (id = 8048566)

table 7 : explain SELECT c FROM sbtest7 WHERE id=5319339
	Index Scan using sbtest7_pkey on sbtest7  (cost=0.43..8.45 rows=1 width=121)
	  Index Cond: (id = 5319339)

table 8 : explain SELECT c FROM sbtest8 WHERE id=8333216
	Index Scan using sbtest8_pkey on sbtest8  (cost=0.43..8.45 rows=1 width=121)
	  Index Cond: (id = 8333216)

explain: for point_selects :: explain SELECT c FROM sbtest%u WHERE id=%u
for: distinct_ranges
table 1 : explain SELECT DISTINCT c FROM sbtest1 WHERE id BETWEEN 9326015 AND 9327014 ORDER BY c
	Unique  (cost=4303.05..4308.57 rows=1103 width=121)
	  ->  Sort  (cost=4303.05..4305.81 rows=1103 width=121)
	        Sort Key: c
	        ->  Bitmap Heap Scan on sbtest1  (cost=27.74..4247.31 rows=1103 width=121)
	              Recheck Cond: ((id >= 9326015) AND (id <= 9327014))
	              ->  Bitmap Index Scan on sbtest1_pkey  (cost=0.00..27.46 rows=1103 width=0)
	                    Index Cond: ((id >= 9326015) AND (id <= 9327014))

table 2 : explain SELECT DISTINCT c FROM sbtest2 WHERE id BETWEEN 3973151 AND 3974150 ORDER BY c
	Unique  (cost=4182.12..4187.48 rows=1071 width=121)
	  ->  Sort  (cost=4182.12..4184.80 rows=1071 width=121)
	        Sort Key: c
	        ->  Bitmap Heap Scan on sbtest2  (cost=23.41..4128.22 rows=1071 width=121)
	              Recheck Cond: ((id >= 3973151) AND (id <= 3974150))
	              ->  Bitmap Index Scan on sbtest2_pkey  (cost=0.00..23.14 rows=1071 width=0)
	                    Index Cond: ((id >= 3973151) AND (id <= 3974150))

table 3 : explain SELECT DISTINCT c FROM sbtest3 WHERE id BETWEEN 3070614 AND 3071613 ORDER BY c
	Unique  (cost=3754.23..3759.03 rows=959 width=121)
	  ->  Sort  (cost=3754.23..3756.63 rows=959 width=121)
	        Sort Key: c
	        ->  Bitmap Heap Scan on sbtest3  (cost=22.26..3706.74 rows=959 width=121)
	              Recheck Cond: ((id >= 3070614) AND (id <= 3071613))
	              ->  Bitmap Index Scan on sbtest3_pkey  (cost=0.00..22.02 rows=959 width=0)
	                    Index Cond: ((id >= 3070614) AND (id <= 3071613))

table 4 : explain SELECT DISTINCT c FROM sbtest4 WHERE id BETWEEN 1654796 AND 1655795 ORDER BY c
	Unique  (cost=3532.89..3537.39 rows=901 width=121)
	  ->  Sort  (cost=3532.89..3535.14 rows=901 width=121)
	        Sort Key: c
	        ->  Bitmap Heap Scan on sbtest4  (cost=21.67..3488.67 rows=901 width=121)
	              Recheck Cond: ((id >= 1654796) AND (id <= 1655795))
	              ->  Bitmap Index Scan on sbtest4_pkey  (cost=0.00..21.44 rows=901 width=0)
	                    Index Cond: ((id >= 1654796) AND (id <= 1655795))

table 5 : explain SELECT DISTINCT c FROM sbtest5 WHERE id BETWEEN 2747643 AND 2748642 ORDER BY c
	Unique  (cost=3877.84..3882.80 rows=991 width=121)
	  ->  Sort  (cost=3877.84..3880.32 rows=991 width=121)
	        Sort Key: c
	        ->  Bitmap Heap Scan on sbtest5  (cost=22.59..3828.52 rows=991 width=121)
	              Recheck Cond: ((id >= 2747643) AND (id <= 2748642))
	              ->  Bitmap Index Scan on sbtest5_pkey  (cost=0.00..22.34 rows=991 width=0)
	                    Index Cond: ((id >= 2747643) AND (id <= 2748642))

table 6 : explain SELECT DISTINCT c FROM sbtest6 WHERE id BETWEEN 9649582 AND 9650581 ORDER BY c
	Unique  (cost=3694.05..3698.77 rows=943 width=121)
	  ->  Sort  (cost=3694.05..3696.41 rows=943 width=121)
	        Sort Key: c
	        ->  Bitmap Heap Scan on sbtest6  (cost=22.10..3647.46 rows=943 width=121)
	              Recheck Cond: ((id >= 9649582) AND (id <= 9650581))
	              ->  Bitmap Index Scan on sbtest6_pkey  (cost=0.00..21.86 rows=943 width=0)
	                    Index Cond: ((id >= 9649582) AND (id <= 9650581))

table 7 : explain SELECT DISTINCT c FROM sbtest7 WHERE id BETWEEN 3525836 AND 3526835 ORDER BY c
	Unique  (cost=3391.84..3396.16 rows=864 width=121)
	  ->  Sort  (cost=3391.84..3394.00 rows=864 width=121)
	        Sort Key: c
	        ->  Bitmap Heap Scan on sbtest7  (cost=21.29..3349.70 rows=864 width=121)
	              Recheck Cond: ((id >= 3525836) AND (id <= 3526835))
	              ->  Bitmap Index Scan on sbtest7_pkey  (cost=0.00..21.07 rows=864 width=0)
	                    Index Cond: ((id >= 3525836) AND (id <= 3526835))

table 8 : explain SELECT DISTINCT c FROM sbtest8 WHERE id BETWEEN 6699920 AND 6700919 ORDER BY c
	Unique  (cost=4085.63..4090.85 rows=1044 width=121)
	  ->  Sort  (cost=4085.63..4088.24 rows=1044 width=121)
	        Sort Key: c
	        ->  Bitmap Heap Scan on sbtest8  (cost=27.14..4033.28 rows=1044 width=121)
	              Recheck Cond: ((id >= 6699920) AND (id <= 6700919))
	              ->  Bitmap Index Scan on sbtest8_pkey  (cost=0.00..26.87 rows=1044 width=0)
	                    Index Cond: ((id >= 6699920) AND (id <= 6700919))

for: order_ranges
table 1 : explain SELECT c FROM sbtest1 WHERE id BETWEEN 8771922 AND 8772921 ORDER BY c
	Sort  (cost=3768.33..3770.74 rows=963 width=121)
	  Sort Key: c
	  ->  Bitmap Heap Scan on sbtest1  (cost=22.31..3720.61 rows=963 width=121)
	        Recheck Cond: ((id >= 8771922) AND (id <= 8772921))
	        ->  Bitmap Index Scan on sbtest1_pkey  (cost=0.00..22.07 rows=963 width=0)
	              Index Cond: ((id >= 8771922) AND (id <= 8772921))

table 2 : explain SELECT c FROM sbtest2 WHERE id BETWEEN 4947781 AND 4948780 ORDER BY c
	Sort  (cost=4246.95..4249.67 rows=1088 width=121)
	  Sort Key: c
	  ->  Bitmap Heap Scan on sbtest2  (cost=23.59..4192.08 rows=1088 width=121)
	        Recheck Cond: ((id >= 4947781) AND (id <= 4948780))
	        ->  Bitmap Index Scan on sbtest2_pkey  (cost=0.00..23.32 rows=1088 width=0)
	              Index Cond: ((id >= 4947781) AND (id <= 4948780))

table 3 : explain SELECT c FROM sbtest3 WHERE id BETWEEN 3598663 AND 3599662 ORDER BY c
	Sort  (cost=4178.44..4181.11 rows=1070 width=121)
	  Sort Key: c
	  ->  Bitmap Heap Scan on sbtest3  (cost=23.40..4124.60 rows=1070 width=121)
	        Recheck Cond: ((id >= 3598663) AND (id <= 3599662))
	        ->  Bitmap Index Scan on sbtest3_pkey  (cost=0.00..23.14 rows=1070 width=0)
	              Index Cond: ((id >= 3598663) AND (id <= 3599662))

table 4 : explain SELECT c FROM sbtest4 WHERE id BETWEEN 2597114 AND 2598113 ORDER BY c
	Sort  (cost=3827.99..3830.44 rows=978 width=121)
	  Sort Key: c
	  ->  Bitmap Heap Scan on sbtest4  (cost=22.46..3779.42 rows=978 width=121)
	        Recheck Cond: ((id >= 2597114) AND (id <= 2598113))
	        ->  Bitmap Index Scan on sbtest4_pkey  (cost=0.00..22.21 rows=978 width=0)
	              Index Cond: ((id >= 2597114) AND (id <= 2598113))

table 5 : explain SELECT c FROM sbtest5 WHERE id BETWEEN 7459712 AND 7460711 ORDER BY c
	Sort  (cost=4248.61..4251.33 rows=1087 width=121)
	  Sort Key: c
	  ->  Bitmap Heap Scan on sbtest5  (cost=27.58..4193.79 rows=1087 width=121)
	        Recheck Cond: ((id >= 7459712) AND (id <= 7460711))
	        ->  Bitmap Index Scan on sbtest5_pkey  (cost=0.00..27.30 rows=1087 width=0)
	              Index Cond: ((id >= 7459712) AND (id <= 7460711))

table 6 : explain SELECT c FROM sbtest6 WHERE id BETWEEN 4752839 AND 4753838 ORDER BY c
	Sort  (cost=3862.55..3865.02 rows=987 width=121)
	  Sort Key: c
	  ->  Bitmap Heap Scan on sbtest6  (cost=22.55..3813.46 rows=987 width=121)
	        Recheck Cond: ((id >= 4752839) AND (id <= 4753838))
	        ->  Bitmap Index Scan on sbtest6_pkey  (cost=0.00..22.30 rows=987 width=0)
	              Index Cond: ((id >= 4752839) AND (id <= 4753838))

table 7 : explain SELECT c FROM sbtest7 WHERE id BETWEEN 2341916 AND 2342915 ORDER BY c
	Sort  (cost=3921.10..3923.61 rows=1002 width=121)
	  Sort Key: c
	  ->  Bitmap Heap Scan on sbtest7  (cost=22.71..3871.16 rows=1002 width=121)
	        Recheck Cond: ((id >= 2341916) AND (id <= 2342915))
	        ->  Bitmap Index Scan on sbtest7_pkey  (cost=0.00..22.45 rows=1002 width=0)
	              Index Cond: ((id >= 2341916) AND (id <= 2342915))

table 8 : explain SELECT c FROM sbtest8 WHERE id BETWEEN 3839581 AND 3840580 ORDER BY c
	Sort  (cost=3549.26..3551.53 rows=905 width=121)
	  Sort Key: c
	  ->  Bitmap Heap Scan on sbtest8  (cost=21.71..3504.82 rows=905 width=121)
	        Recheck Cond: ((id >= 3839581) AND (id <= 3840580))
	        ->  Bitmap Index Scan on sbtest8_pkey  (cost=0.00..21.48 rows=905 width=0)
	              Index Cond: ((id >= 3839581) AND (id <= 3840580))

for: order_ranges
table 1 : explain SELECT c FROM sbtest1 WHERE id BETWEEN 3601832 AND 3602831 ORDER BY c
	Sort  (cost=4043.49..4046.07 rows=1035 width=121)
	  Sort Key: c
	  ->  Bitmap Heap Scan on sbtest1  (cost=23.04..3991.66 rows=1035 width=121)
	        Recheck Cond: ((id >= 3601832) AND (id <= 3602831))
	        ->  Bitmap Index Scan on sbtest1_pkey  (cost=0.00..22.79 rows=1035 width=0)
	              Index Cond: ((id >= 3601832) AND (id <= 3602831))

table 2 : explain SELECT c FROM sbtest2 WHERE id BETWEEN 241440 AND 242439 ORDER BY c
	Sort  (cost=4136.34..4138.98 rows=1059 width=121)
	  Sort Key: c
	  ->  Bitmap Heap Scan on sbtest2  (cost=23.29..4083.13 rows=1059 width=121)
	        Recheck Cond: ((id >= 241440) AND (id <= 242439))
	        ->  Bitmap Index Scan on sbtest2_pkey  (cost=0.00..23.02 rows=1059 width=0)
	              Index Cond: ((id >= 241440) AND (id <= 242439))

table 3 : explain SELECT c FROM sbtest3 WHERE id BETWEEN 7861088 AND 7862087 ORDER BY c
	Sort  (cost=3788.68..3791.10 rows=968 width=121)
	  Sort Key: c
	  ->  Bitmap Heap Scan on sbtest3  (cost=22.36..3740.68 rows=968 width=121)
	        Recheck Cond: ((id >= 7861088) AND (id <= 7862087))
	        ->  Bitmap Index Scan on sbtest3_pkey  (cost=0.00..22.11 rows=968 width=0)
	              Index Cond: ((id >= 7861088) AND (id <= 7862087))

table 4 : explain SELECT c FROM sbtest4 WHERE id BETWEEN 3793051 AND 3794050 ORDER BY c
	Sort  (cost=3732.26..3734.64 rows=953 width=121)
	  Sort Key: c
	  ->  Bitmap Heap Scan on sbtest4  (cost=22.20..3685.10 rows=953 width=121)
	        Recheck Cond: ((id >= 3793051) AND (id <= 3794050))
	        ->  Bitmap Index Scan on sbtest4_pkey  (cost=0.00..21.96 rows=953 width=0)
	              Index Cond: ((id >= 3793051) AND (id <= 3794050))

table 5 : explain SELECT c FROM sbtest5 WHERE id BETWEEN 1010647 AND 1011646 ORDER BY c
	Sort  (cost=3954.34..3956.87 rows=1011 width=121)
	  Sort Key: c
	  ->  Bitmap Heap Scan on sbtest5  (cost=22.80..3903.88 rows=1011 width=121)
	        Recheck Cond: ((id >= 1010647) AND (id <= 1011646))
	        ->  Bitmap Index Scan on sbtest5_pkey  (cost=0.00..22.54 rows=1011 width=0)
	              Index Cond: ((id >= 1010647) AND (id <= 1011646))

table 6 : explain SELECT c FROM sbtest6 WHERE id BETWEEN 7879374 AND 7880373 ORDER BY c
	Sort  (cost=3690.22..3692.58 rows=942 width=121)
	  Sort Key: c
	  ->  Bitmap Heap Scan on sbtest6  (cost=22.09..3643.69 rows=942 width=121)
	        Recheck Cond: ((id >= 7879374) AND (id <= 7880373))
	        ->  Bitmap Index Scan on sbtest6_pkey  (cost=0.00..21.86 rows=942 width=0)
	              Index Cond: ((id >= 7879374) AND (id <= 7880373))

table 7 : explain SELECT c FROM sbtest7 WHERE id BETWEEN 1671207 AND 1672206 ORDER BY c
	Sort  (cost=3921.10..3923.61 rows=1002 width=121)
	  Sort Key: c
	  ->  Bitmap Heap Scan on sbtest7  (cost=22.71..3871.16 rows=1002 width=121)
	        Recheck Cond: ((id >= 1671207) AND (id <= 1672206))
	        ->  Bitmap Index Scan on sbtest7_pkey  (cost=0.00..22.45 rows=1002 width=0)
	              Index Cond: ((id >= 1671207) AND (id <= 1672206))

table 8 : explain SELECT c FROM sbtest8 WHERE id BETWEEN 3101334 AND 3102333 ORDER BY c
	Sort  (cost=3825.31..3827.76 rows=977 width=121)
	  Sort Key: c
	  ->  Bitmap Heap Scan on sbtest8  (cost=22.45..3776.80 rows=977 width=121)
	        Recheck Cond: ((id >= 3101334) AND (id <= 3102333))
	        ->  Bitmap Index Scan on sbtest8_pkey  (cost=0.00..22.20 rows=977 width=0)
	              Index Cond: ((id >= 3101334) AND (id <= 3102333))

for: simple_ranges
table 1 : explain SELECT c FROM sbtest1 WHERE id BETWEEN 8831158 AND 8832157
	Bitmap Heap Scan on sbtest1  (cost=22.72..3871.27 rows=1003 width=121)
	  Recheck Cond: ((id >= 8831158) AND (id <= 8832157))
	  ->  Bitmap Index Scan on sbtest1_pkey  (cost=0.00..22.46 rows=1003 width=0)
	        Index Cond: ((id >= 8831158) AND (id <= 8832157))

table 2 : explain SELECT c FROM sbtest2 WHERE id BETWEEN 2169558 AND 2170557
	Bitmap Heap Scan on sbtest2  (cost=22.51..3797.10 rows=983 width=121)
	  Recheck Cond: ((id >= 2169558) AND (id <= 2170557))
	  ->  Bitmap Index Scan on sbtest2_pkey  (cost=0.00..22.26 rows=983 width=0)
	        Index Cond: ((id >= 2169558) AND (id <= 2170557))

table 3 : explain SELECT c FROM sbtest3 WHERE id BETWEEN 8097388 AND 8098387
	Bitmap Heap Scan on sbtest3  (cost=23.35..4105.81 rows=1065 width=121)
	  Recheck Cond: ((id >= 8097388) AND (id <= 8098387))
	  ->  Bitmap Index Scan on sbtest3_pkey  (cost=0.00..23.08 rows=1065 width=0)
	        Index Cond: ((id >= 8097388) AND (id <= 8098387))

table 4 : explain SELECT c FROM sbtest4 WHERE id BETWEEN 1952001 AND 1953000
	Bitmap Heap Scan on sbtest4  (cost=27.94..4321.37 rows=1122 width=121)
	  Recheck Cond: ((id >= 1952001) AND (id <= 1953000))
	  ->  Bitmap Index Scan on sbtest4_pkey  (cost=0.00..27.65 rows=1122 width=0)
	        Index Cond: ((id >= 1952001) AND (id <= 1953000))

table 5 : explain SELECT c FROM sbtest5 WHERE id BETWEEN 9987576 AND 9988575
	Bitmap Heap Scan on sbtest5  (cost=23.05..3998.01 rows=1036 width=121)
	  Recheck Cond: ((id >= 9987576) AND (id <= 9988575))
	  ->  Bitmap Index Scan on sbtest5_pkey  (cost=0.00..22.79 rows=1036 width=0)
	        Index Cond: ((id >= 9987576) AND (id <= 9988575))

table 6 : explain SELECT c FROM sbtest6 WHERE id BETWEEN 8783180 AND 8784179
	Bitmap Heap Scan on sbtest6  (cost=23.00..3979.21 rows=1031 width=121)
	  Recheck Cond: ((id >= 8783180) AND (id <= 8784179))
	  ->  Bitmap Index Scan on sbtest6_pkey  (cost=0.00..22.75 rows=1031 width=0)
	        Index Cond: ((id >= 8783180) AND (id <= 8784179))

table 7 : explain SELECT c FROM sbtest7 WHERE id BETWEEN 9246148 AND 9247147
	Bitmap Heap Scan on sbtest7  (cost=22.80..3905.08 rows=1011 width=121)
	  Recheck Cond: ((id >= 9246148) AND (id <= 9247147))
	  ->  Bitmap Index Scan on sbtest7_pkey  (cost=0.00..22.54 rows=1011 width=0)
	        Index Cond: ((id >= 9246148) AND (id <= 9247147))

table 8 : explain SELECT c FROM sbtest8 WHERE id BETWEEN 7665938 AND 7666937
	Bitmap Heap Scan on sbtest8  (cost=27.01..3988.10 rows=1032 width=121)
	  Recheck Cond: ((id >= 7665938) AND (id <= 7666937))
	  ->  Bitmap Index Scan on sbtest8_pkey  (cost=0.00..26.75 rows=1032 width=0)
	        Index Cond: ((id >= 7665938) AND (id <= 7666937))

for: simple_ranges
table 1 : explain SELECT c FROM sbtest1 WHERE id BETWEEN 1033304 AND 1034303
	Bitmap Heap Scan on sbtest1  (cost=27.75..4251.06 rows=1104 width=121)
	  Recheck Cond: ((id >= 1033304) AND (id <= 1034303))
	  ->  Bitmap Index Scan on sbtest1_pkey  (cost=0.00..27.47 rows=1104 width=0)
	        Index Cond: ((id >= 1033304) AND (id <= 1034303))

table 2 : explain SELECT c FROM sbtest2 WHERE id BETWEEN 1936751 AND 1937750
	Bitmap Heap Scan on sbtest2  (cost=21.92..3578.31 rows=925 width=121)
	  Recheck Cond: ((id >= 1936751) AND (id <= 1937750))
	  ->  Bitmap Index Scan on sbtest2_pkey  (cost=0.00..21.68 rows=925 width=0)
	        Index Cond: ((id >= 1936751) AND (id <= 1937750))

table 3 : explain SELECT c FROM sbtest3 WHERE id BETWEEN 1830282 AND 1831281
	Bitmap Heap Scan on sbtest3  (cost=27.73..4245.04 rows=1102 width=121)
	  Recheck Cond: ((id >= 1830282) AND (id <= 1831281))
	  ->  Bitmap Index Scan on sbtest3_pkey  (cost=0.00..27.45 rows=1102 width=0)
	        Index Cond: ((id >= 1830282) AND (id <= 1831281))

table 4 : explain SELECT c FROM sbtest4 WHERE id BETWEEN 3659433 AND 3660432
	Bitmap Heap Scan on sbtest4  (cost=22.52..3802.04 rows=984 width=121)
	  Recheck Cond: ((id >= 3659433) AND (id <= 3660432))
	  ->  Bitmap Index Scan on sbtest4_pkey  (cost=0.00..22.27 rows=984 width=0)
	        Index Cond: ((id >= 3659433) AND (id <= 3660432))

table 5 : explain SELECT c FROM sbtest5 WHERE id BETWEEN 6335800 AND 6336799
	Bitmap Heap Scan on sbtest5  (cost=27.90..4310.23 rows=1119 width=121)
	  Recheck Cond: ((id >= 6335800) AND (id <= 6336799))
	  ->  Bitmap Index Scan on sbtest5_pkey  (cost=0.00..27.62 rows=1119 width=0)
	        Index Cond: ((id >= 6335800) AND (id <= 6336799))

table 6 : explain SELECT c FROM sbtest6 WHERE id BETWEEN 9296634 AND 9297633
	Bitmap Heap Scan on sbtest6  (cost=21.90..3571.93 rows=923 width=121)
	  Recheck Cond: ((id >= 9296634) AND (id <= 9297633))
	  ->  Bitmap Index Scan on sbtest6_pkey  (cost=0.00..21.66 rows=923 width=0)
	        Index Cond: ((id >= 9296634) AND (id <= 9297633))

table 7 : explain SELECT c FROM sbtest7 WHERE id BETWEEN 1678118 AND 1679117
	Bitmap Heap Scan on sbtest7  (cost=22.71..3871.16 rows=1002 width=121)
	  Recheck Cond: ((id >= 1678118) AND (id <= 1679117))
	  ->  Bitmap Index Scan on sbtest7_pkey  (cost=0.00..22.45 rows=1002 width=0)
	        Index Cond: ((id >= 1678118) AND (id <= 1679117))

table 8 : explain SELECT c FROM sbtest8 WHERE id BETWEEN 13587 AND 14586
	Bitmap Heap Scan on sbtest8  (cost=21.87..3561.54 rows=920 width=121)
	  Recheck Cond: ((id >= 13587) AND (id <= 14586))
	  ->  Bitmap Index Scan on sbtest8_pkey  (cost=0.00..21.64 rows=920 width=0)
	        Index Cond: ((id >= 13587) AND (id <= 14586))

for point_selects
table 1 : explain SELECT c FROM sbtest1 WHERE id=1915555
	Index Scan using sbtest1_pkey on sbtest1  (cost=0.43..8.45 rows=1 width=121)
	  Index Cond: (id = 1915555)

table 2 : explain SELECT c FROM sbtest2 WHERE id=5477887
	Index Scan using sbtest2_pkey on sbtest2  (cost=0.43..8.45 rows=1 width=121)
	  Index Cond: (id = 5477887)

table 3 : explain SELECT c FROM sbtest3 WHERE id=8228546
	Index Scan using sbtest3_pkey on sbtest3  (cost=0.43..8.45 rows=1 width=121)
	  Index Cond: (id = 8228546)

table 4 : explain SELECT c FROM sbtest4 WHERE id=7822006
	Index Scan using sbtest4_pkey on sbtest4  (cost=0.43..8.45 rows=1 width=121)
	  Index Cond: (id = 7822006)

table 5 : explain SELECT c FROM sbtest5 WHERE id=3875400
	Index Scan using sbtest5_pkey on sbtest5  (cost=0.43..8.45 rows=1 width=121)
	  Index Cond: (id = 3875400)

table 6 : explain SELECT c FROM sbtest6 WHERE id=1783622
	Index Scan using sbtest6_pkey on sbtest6  (cost=0.43..8.45 rows=1 width=121)
	  Index Cond: (id = 1783622)

table 7 : explain SELECT c FROM sbtest7 WHERE id=1198952
	Index Scan using sbtest7_pkey on sbtest7  (cost=0.43..8.45 rows=1 width=121)
	  Index Cond: (id = 1198952)

table 8 : explain SELECT c FROM sbtest8 WHERE id=7755452
	Index Scan using sbtest8_pkey on sbtest8  (cost=0.43..8.45 rows=1 width=121)
	  Index Cond: (id = 7755452)

for: distinct_ranges
table 1 : explain SELECT DISTINCT c FROM sbtest1 WHERE id BETWEEN 6462536 AND 6463535 ORDER BY c
	Unique  (cost=3883.06..3888.02 rows=993 width=121)
	  ->  Sort  (cost=3883.06..3885.54 rows=993 width=121)
	        Sort Key: c
	        ->  Bitmap Heap Scan on sbtest1  (cost=22.61..3833.63 rows=993 width=121)
	              Recheck Cond: ((id >= 6462536) AND (id <= 6463535))
	              ->  Bitmap Index Scan on sbtest1_pkey  (cost=0.00..22.36 rows=993 width=0)
	                    Index Cond: ((id >= 6462536) AND (id <= 6463535))

table 2 : explain SELECT DISTINCT c FROM sbtest2 WHERE id BETWEEN 7754400 AND 7755399 ORDER BY c
	Unique  (cost=3447.45..3451.85 rows=879 width=121)
	  ->  Sort  (cost=3447.45..3449.65 rows=879 width=121)
	        Sort Key: c
	        ->  Bitmap Heap Scan on sbtest2  (cost=21.44..3404.47 rows=879 width=121)
	              Recheck Cond: ((id >= 7754400) AND (id <= 7755399))
	              ->  Bitmap Index Scan on sbtest2_pkey  (cost=0.00..21.22 rows=879 width=0)
	                    Index Cond: ((id >= 7754400) AND (id <= 7755399))

table 3 : explain SELECT DISTINCT c FROM sbtest3 WHERE id BETWEEN 7571797 AND 7572796 ORDER BY c
	Unique  (cost=3968.43..3973.51 rows=1015 width=121)
	  ->  Sort  (cost=3968.43..3970.97 rows=1015 width=121)
	        Sort Key: c
	        ->  Bitmap Heap Scan on sbtest3  (cost=22.84..3917.75 rows=1015 width=121)
	              Recheck Cond: ((id >= 7571797) AND (id <= 7572796))
	              ->  Bitmap Index Scan on sbtest3_pkey  (cost=0.00..22.58 rows=1015 width=0)
	                    Index Cond: ((id >= 7571797) AND (id <= 7572796))

table 4 : explain SELECT DISTINCT c FROM sbtest4 WHERE id BETWEEN 6148568 AND 6149567 ORDER BY c
	Unique  (cost=4321.04..4326.57 rows=1107 width=121)
	  ->  Sort  (cost=4321.04..4323.80 rows=1107 width=121)
	        Sort Key: c
	        ->  Bitmap Heap Scan on sbtest4  (cost=27.78..4265.06 rows=1107 width=121)
	              Recheck Cond: ((id >= 6148568) AND (id <= 6149567))
	              ->  Bitmap Index Scan on sbtest4_pkey  (cost=0.00..27.50 rows=1107 width=0)
	                    Index Cond: ((id >= 6148568) AND (id <= 6149567))

table 5 : explain SELECT DISTINCT c FROM sbtest5 WHERE id BETWEEN 8223274 AND 8224273 ORDER BY c
	Unique  (cost=3778.32..3783.14 rows=965 width=121)
	  ->  Sort  (cost=3778.32..3780.73 rows=965 width=121)
	        Sort Key: c
	        ->  Bitmap Heap Scan on sbtest5  (cost=22.33..3730.48 rows=965 width=121)
	              Recheck Cond: ((id >= 8223274) AND (id <= 8224273))
	              ->  Bitmap Index Scan on sbtest5_pkey  (cost=0.00..22.08 rows=965 width=0)
	                    Index Cond: ((id >= 8223274) AND (id <= 8224273))

table 6 : explain SELECT DISTINCT c FROM sbtest6 WHERE id BETWEEN 5417744 AND 5418743 ORDER BY c
	Unique  (cost=3763.01..3767.82 rows=961 width=121)
	  ->  Sort  (cost=3763.01..3765.42 rows=961 width=121)
	        Sort Key: c
	        ->  Bitmap Heap Scan on sbtest6  (cost=22.29..3715.40 rows=961 width=121)
	              Recheck Cond: ((id >= 5417744) AND (id <= 5418743))
	              ->  Bitmap Index Scan on sbtest6_pkey  (cost=0.00..22.04 rows=961 width=0)
	                    Index Cond: ((id >= 5417744) AND (id <= 5418743))

table 7 : explain SELECT DISTINCT c FROM sbtest7 WHERE id BETWEEN 8510437 AND 8511436 ORDER BY c
	Unique  (cost=3898.14..3903.12 rows=996 width=121)
	  ->  Sort  (cost=3898.14..3900.63 rows=996 width=121)
	        Sort Key: c
	        ->  Bitmap Heap Scan on sbtest7  (cost=22.64..3848.54 rows=996 width=121)
	              Recheck Cond: ((id >= 8510437) AND (id <= 8511436))
	              ->  Bitmap Index Scan on sbtest7_pkey  (cost=0.00..22.39 rows=996 width=0)
	                    Index Cond: ((id >= 8510437) AND (id <= 8511436))

table 8 : explain SELECT DISTINCT c FROM sbtest8 WHERE id BETWEEN 3555477 AND 3556476 ORDER BY c
	Unique  (cost=3649.02..3653.68 rows=931 width=121)
	  ->  Sort  (cost=3649.02..3651.35 rows=931 width=121)
	        Sort Key: c
	        ->  Bitmap Heap Scan on sbtest8  (cost=21.98..3603.11 rows=931 width=121)
	              Recheck Cond: ((id >= 3555477) AND (id <= 3556476))
	              ->  Bitmap Index Scan on sbtest8_pkey  (cost=0.00..21.75 rows=931 width=0)
	                    Index Cond: ((id >= 3555477) AND (id <= 3556476))

explain: for point_selects :: explain SELECT c FROM sbtest%u WHERE id=%u
explain: for point_selects :: explain SELECT c FROM sbtest%u WHERE id=%u
for: distinct_ranges
table 1 : explain SELECT DISTINCT c FROM sbtest1 WHERE id BETWEEN 2651956 AND 2652955 ORDER BY c
	Unique  (cost=3841.00..3845.91 rows=982 width=121)
	  ->  Sort  (cost=3841.00..3843.46 rows=982 width=121)
	        Sort Key: c
	        ->  Bitmap Heap Scan on sbtest1  (cost=22.50..3792.20 rows=982 width=121)
	              Recheck Cond: ((id >= 2651956) AND (id <= 2652955))
	              ->  Bitmap Index Scan on sbtest1_pkey  (cost=0.00..22.25 rows=982 width=0)
	                    Index Cond: ((id >= 2651956) AND (id <= 2652955))

table 2 : explain SELECT DISTINCT c FROM sbtest2 WHERE id BETWEEN 2151046 AND 2152045 ORDER BY c
	Unique  (cost=3845.96..3850.88 rows=983 width=121)
	  ->  Sort  (cost=3845.96..3848.42 rows=983 width=121)
	        Sort Key: c
	        ->  Bitmap Heap Scan on sbtest2  (cost=22.51..3797.10 rows=983 width=121)
	              Recheck Cond: ((id >= 2151046) AND (id <= 2152045))
	              ->  Bitmap Index Scan on sbtest2_pkey  (cost=0.00..22.26 rows=983 width=0)
	                    Index Cond: ((id >= 2151046) AND (id <= 2152045))

table 3 : explain SELECT DISTINCT c FROM sbtest3 WHERE id BETWEEN 1483446 AND 1484445 ORDER BY c
	Unique  (cost=3934.03..3939.06 rows=1006 width=121)
	  ->  Sort  (cost=3934.03..3936.55 rows=1006 width=121)
	        Sort Key: c
	        ->  Bitmap Heap Scan on sbtest3  (cost=22.75..3883.86 rows=1006 width=121)
	              Recheck Cond: ((id >= 1483446) AND (id <= 1484445))
	              ->  Bitmap Index Scan on sbtest3_pkey  (cost=0.00..22.50 rows=1006 width=0)
	                    Index Cond: ((id >= 1483446) AND (id <= 1484445))

table 4 : explain SELECT DISTINCT c FROM sbtest4 WHERE id BETWEEN 4195255 AND 4196254 ORDER BY c
	Unique  (cost=3984.83..3989.92 rows=1019 width=121)
	  ->  Sort  (cost=3984.83..3987.37 rows=1019 width=121)
	        Sort Key: c
	        ->  Bitmap Heap Scan on sbtest4  (cost=22.88..3933.91 rows=1019 width=121)
	              Recheck Cond: ((id >= 4195255) AND (id <= 4196254))
	              ->  Bitmap Index Scan on sbtest4_pkey  (cost=0.00..22.62 rows=1019 width=0)
	                    Index Cond: ((id >= 4195255) AND (id <= 4196254))

table 5 : explain SELECT DISTINCT c FROM sbtest5 WHERE id BETWEEN 8554869 AND 8555868 ORDER BY c
	Unique  (cost=3720.86..3725.61 rows=950 width=121)
	  ->  Sort  (cost=3720.86..3723.24 rows=950 width=121)
	        Sort Key: c
	        ->  Bitmap Heap Scan on sbtest5  (cost=22.17..3673.87 rows=950 width=121)
	              Recheck Cond: ((id >= 8554869) AND (id <= 8555868))
	              ->  Bitmap Index Scan on sbtest5_pkey  (cost=0.00..21.93 rows=950 width=0)
	                    Index Cond: ((id >= 8554869) AND (id <= 8555868))

table 6 : explain SELECT DISTINCT c FROM sbtest6 WHERE id BETWEEN 5516758 AND 5517757 ORDER BY c
	Unique  (cost=3763.01..3767.82 rows=961 width=121)
	  ->  Sort  (cost=3763.01..3765.42 rows=961 width=121)
	        Sort Key: c
	        ->  Bitmap Heap Scan on sbtest6  (cost=22.29..3715.40 rows=961 width=121)
	              Recheck Cond: ((id >= 5516758) AND (id <= 5517757))
	              ->  Bitmap Index Scan on sbtest6_pkey  (cost=0.00..22.04 rows=961 width=0)
	                    Index Cond: ((id >= 5516758) AND (id <= 5517757))

table 7 : explain SELECT DISTINCT c FROM sbtest7 WHERE id BETWEEN 358472 AND 359471 ORDER BY c
	Unique  (cost=3989.96..3995.06 rows=1020 width=121)
	  ->  Sort  (cost=3989.96..3992.51 rows=1020 width=121)
	        Sort Key: c
	        ->  Bitmap Heap Scan on sbtest7  (cost=22.89..3938.99 rows=1020 width=121)
	              Recheck Cond: ((id >= 358472) AND (id <= 359471))
	              ->  Bitmap Index Scan on sbtest7_pkey  (cost=0.00..22.64 rows=1020 width=0)
	                    Index Cond: ((id >= 358472) AND (id <= 359471))

table 8 : explain SELECT DISTINCT c FROM sbtest8 WHERE id BETWEEN 6623970 AND 6624969 ORDER BY c
	Unique  (cost=3863.60..3868.54 rows=987 width=121)
	  ->  Sort  (cost=3863.60..3866.07 rows=987 width=121)
	        Sort Key: c
	        ->  Bitmap Heap Scan on sbtest8  (cost=22.55..3814.52 rows=987 width=121)
	              Recheck Cond: ((id >= 6623970) AND (id <= 6624969))
	              ->  Bitmap Index Scan on sbtest8_pkey  (cost=0.00..22.30 rows=987 width=0)
	                    Index Cond: ((id >= 6623970) AND (id <= 6624969))

explain: for point_selects :: explain SELECT c FROM sbtest%u WHERE id=%u
for: distinct_ranges
table 1 : explain SELECT DISTINCT c FROM sbtest1 WHERE id BETWEEN 8541839 AND 8542838 ORDER BY c
	Unique  (cost=3990.03..3995.14 rows=1021 width=121)
	  ->  Sort  (cost=3990.03..3992.59 rows=1021 width=121)
	        Sort Key: c
	        ->  Bitmap Heap Scan on sbtest1  (cost=22.90..3939.01 rows=1021 width=121)
	              Recheck Cond: ((id >= 8541839) AND (id <= 8542838))
	              ->  Bitmap Index Scan on sbtest1_pkey  (cost=0.00..22.64 rows=1021 width=0)
	                    Index Cond: ((id >= 8541839) AND (id <= 8542838))

table 2 : explain SELECT DISTINCT c FROM sbtest2 WHERE id BETWEEN 6267036 AND 6268035 ORDER BY c
	Unique  (cost=4002.70..4007.82 rows=1024 width=121)
	  ->  Sort  (cost=4002.70..4005.26 rows=1024 width=121)
	        Sort Key: c
	        ->  Bitmap Heap Scan on sbtest2  (cost=22.93..3951.50 rows=1024 width=121)
	              Recheck Cond: ((id >= 6267036) AND (id <= 6268035))
	              ->  Bitmap Index Scan on sbtest2_pkey  (cost=0.00..22.68 rows=1024 width=0)
	                    Index Cond: ((id >= 6267036) AND (id <= 6268035))

table 3 : explain SELECT DISTINCT c FROM sbtest3 WHERE id BETWEEN 9576146 AND 9577145 ORDER BY c
	Unique  (cost=3704.45..3709.18 rows=946 width=121)
	  ->  Sort  (cost=3704.45..3706.82 rows=946 width=121)
	        Sort Key: c
	        ->  Bitmap Heap Scan on sbtest3  (cost=22.13..3657.69 rows=946 width=121)
	              Recheck Cond: ((id >= 9576146) AND (id <= 9577145))
	              ->  Bitmap Index Scan on sbtest3_pkey  (cost=0.00..21.89 rows=946 width=0)
	                    Index Cond: ((id >= 9576146) AND (id <= 9577145))

table 4 : explain SELECT DISTINCT c FROM sbtest4 WHERE id BETWEEN 5136448 AND 5137447 ORDER BY c
	Unique  (cost=3877.74..3882.70 rows=991 width=121)
	  ->  Sort  (cost=3877.74..3880.22 rows=991 width=121)
	        Sort Key: c
	        ->  Bitmap Heap Scan on sbtest4  (cost=22.59..3828.43 rows=991 width=121)
	              Recheck Cond: ((id >= 5136448) AND (id <= 5137447))
	              ->  Bitmap Index Scan on sbtest4_pkey  (cost=0.00..22.34 rows=991 width=0)
	                    Index Cond: ((id >= 5136448) AND (id <= 5137447))

table 5 : explain SELECT DISTINCT c FROM sbtest5 WHERE id BETWEEN 2954357 AND 2955356 ORDER BY c
	Unique  (cost=4049.90..4055.08 rows=1036 width=121)
	  ->  Sort  (cost=4049.90..4052.49 rows=1036 width=121)
	        Sort Key: c
	        ->  Bitmap Heap Scan on sbtest5  (cost=23.05..3998.01 rows=1036 width=121)
	              Recheck Cond: ((id >= 2954357) AND (id <= 2955356))
	              ->  Bitmap Index Scan on sbtest5_pkey  (cost=0.00..22.79 rows=1036 width=0)
	                    Index Cond: ((id >= 2954357) AND (id <= 2955356))

table 6 : explain SELECT DISTINCT c FROM sbtest6 WHERE id BETWEEN 7299594 AND 7300593 ORDER BY c
	Unique  (cost=4057.56..4062.75 rows=1038 width=121)
	  ->  Sort  (cost=4057.56..4060.15 rows=1038 width=121)
	        Sort Key: c
	        ->  Bitmap Heap Scan on sbtest6  (cost=23.07..4005.56 rows=1038 width=121)
	              Recheck Cond: ((id >= 7299594) AND (id <= 7300593))
	              ->  Bitmap Index Scan on sbtest6_pkey  (cost=0.00..22.82 rows=1038 width=0)
	                    Index Cond: ((id >= 7299594) AND (id <= 7300593))

table 7 : explain SELECT DISTINCT c FROM sbtest7 WHERE id BETWEEN 3533506 AND 3534505 ORDER BY c
	Unique  (cost=3391.84..3396.16 rows=864 width=121)
	  ->  Sort  (cost=3391.84..3394.00 rows=864 width=121)
	        Sort Key: c
	        ->  Bitmap Heap Scan on sbtest7  (cost=21.29..3349.70 rows=864 width=121)
	              Recheck Cond: ((id >= 3533506) AND (id <= 3534505))
	              ->  Bitmap Index Scan on sbtest7_pkey  (cost=0.00..21.07 rows=864 width=0)
	                    Index Cond: ((id >= 3533506) AND (id <= 3534505))

table 8 : explain SELECT DISTINCT c FROM sbtest8 WHERE id BETWEEN 753130 AND 754129 ORDER BY c
	Unique  (cost=3913.54..3918.53 rows=999 width=121)
	  ->  Sort  (cost=3913.54..3916.03 rows=999 width=121)
	        Sort Key: c
	        ->  Bitmap Heap Scan on sbtest8  (cost=26.67..3863.76 rows=999 width=121)
	              Recheck Cond: ((id >= 753130) AND (id <= 754129))
	              ->  Bitmap Index Scan on sbtest8_pkey  (cost=0.00..26.43 rows=999 width=0)
	                    Index Cond: ((id >= 753130) AND (id <= 754129))

for point_selects
table 1 : explain SELECT c FROM sbtest1 WHERE id=3084795
	Index Scan using sbtest1_pkey on sbtest1  (cost=0.43..8.45 rows=1 width=121)
	  Index Cond: (id = 3084795)

table 2 : explain SELECT c FROM sbtest2 WHERE id=4810965
	Index Scan using sbtest2_pkey on sbtest2  (cost=0.43..8.45 rows=1 width=121)
	  Index Cond: (id = 4810965)

table 3 : explain SELECT c FROM sbtest3 WHERE id=9225635
	Index Scan using sbtest3_pkey on sbtest3  (cost=0.43..8.45 rows=1 width=121)
	  Index Cond: (id = 9225635)

table 4 : explain SELECT c FROM sbtest4 WHERE id=8248171
	Index Scan using sbtest4_pkey on sbtest4  (cost=0.43..8.45 rows=1 width=121)
	  Index Cond: (id = 8248171)

table 5 : explain SELECT c FROM sbtest5 WHERE id=3413806
	Index Scan using sbtest5_pkey on sbtest5  (cost=0.43..8.45 rows=1 width=121)
	  Index Cond: (id = 3413806)

table 6 : explain SELECT c FROM sbtest6 WHERE id=78061
	Index Scan using sbtest6_pkey on sbtest6  (cost=0.43..8.45 rows=1 width=121)
	  Index Cond: (id = 78061)

table 7 : explain SELECT c FROM sbtest7 WHERE id=4001853
	Index Scan using sbtest7_pkey on sbtest7  (cost=0.43..8.45 rows=1 width=121)
	  Index Cond: (id = 4001853)

table 8 : explain SELECT c FROM sbtest8 WHERE id=4917342
	Index Scan using sbtest8_pkey on sbtest8  (cost=0.43..8.45 rows=1 width=121)
	  Index Cond: (id = 4917342)

explain: for point_selects :: explain SELECT c FROM sbtest%u WHERE id=%u
for: sum_ranges
table 1 : explain SELECT SUM(k) FROM sbtest1 WHERE id BETWEEN 510033 AND 511032
	Aggregate  (cost=3870.01..3870.02 rows=1 width=8)
	  ->  Bitmap Heap Scan on sbtest1  (cost=22.71..3867.51 rows=1002 width=4)
	        Recheck Cond: ((id >= 510033) AND (id <= 511032))
	        ->  Bitmap Index Scan on sbtest1_pkey  (cost=0.00..22.45 rows=1002 width=0)
	              Index Cond: ((id >= 510033) AND (id <= 511032))

table 2 : explain SELECT SUM(k) FROM sbtest2 WHERE id BETWEEN 8819922 AND 8820921
	Aggregate  (cost=3916.40..3916.41 rows=1 width=8)
	  ->  Bitmap Heap Scan on sbtest2  (cost=22.83..3913.86 rows=1014 width=4)
	        Recheck Cond: ((id >= 8819922) AND (id <= 8820921))
	        ->  Bitmap Index Scan on sbtest2_pkey  (cost=0.00..22.57 rows=1014 width=0)
	              Index Cond: ((id >= 8819922) AND (id <= 8820921))

table 3 : explain SELECT SUM(k) FROM sbtest3 WHERE id BETWEEN 701508 AND 702507
	Aggregate  (cost=3829.84..3829.85 rows=1 width=8)
	  ->  Bitmap Heap Scan on sbtest3  (cost=22.59..3827.36 rows=991 width=4)
	        Recheck Cond: ((id >= 701508) AND (id <= 702507))
	        ->  Bitmap Index Scan on sbtest3_pkey  (cost=0.00..22.34 rows=991 width=0)
	              Index Cond: ((id >= 701508) AND (id <= 702507))

table 4 : explain SELECT SUM(k) FROM sbtest4 WHERE id BETWEEN 9175027 AND 9176026
	Aggregate  (cost=3910.08..3910.09 rows=1 width=8)
	  ->  Bitmap Heap Scan on sbtest4  (cost=22.81..3907.55 rows=1012 width=4)
	        Recheck Cond: ((id >= 9175027) AND (id <= 9176026))
	        ->  Bitmap Index Scan on sbtest4_pkey  (cost=0.00..22.55 rows=1012 width=0)
	              Index Cond: ((id >= 9175027) AND (id <= 9176026))

table 5 : explain SELECT SUM(k) FROM sbtest5 WHERE id BETWEEN 609183 AND 610182
	Aggregate  (cost=3411.52..3411.53 rows=1 width=8)
	  ->  Bitmap Heap Scan on sbtest5  (cost=21.45..3409.32 rows=880 width=4)
	        Recheck Cond: ((id >= 609183) AND (id <= 610182))
	        ->  Bitmap Index Scan on sbtest5_pkey  (cost=0.00..21.23 rows=880 width=0)
	              Index Cond: ((id >= 609183) AND (id <= 610182))

table 6 : explain SELECT SUM(k) FROM sbtest6 WHERE id BETWEEN 8074341 AND 8075340
	Aggregate  (cost=3744.23..3744.24 rows=1 width=8)
	  ->  Bitmap Heap Scan on sbtest6  (cost=22.36..3741.81 rows=968 width=4)
	        Recheck Cond: ((id >= 8074341) AND (id <= 8075340))
	        ->  Bitmap Index Scan on sbtest6_pkey  (cost=0.00..22.11 rows=968 width=0)
	              Index Cond: ((id >= 8074341) AND (id <= 8075340))

table 7 : explain SELECT SUM(k) FROM sbtest7 WHERE id BETWEEN 3418623 AND 3419622
	Aggregate  (cost=3597.95..3597.96 rows=1 width=8)
	  ->  Bitmap Heap Scan on sbtest7  (cost=21.96..3595.63 rows=929 width=4)
	        Recheck Cond: ((id >= 3418623) AND (id <= 3419622))
	        ->  Bitmap Index Scan on sbtest7_pkey  (cost=0.00..21.72 rows=929 width=0)
	              Index Cond: ((id >= 3418623) AND (id <= 3419622))

table 8 : explain SELECT SUM(k) FROM sbtest8 WHERE id BETWEEN 9020451 AND 9021450
	Aggregate  (cost=4013.29..4013.30 rows=1 width=8)
	  ->  Bitmap Heap Scan on sbtest8  (cost=27.07..4010.69 rows=1038 width=4)
	        Recheck Cond: ((id >= 9020451) AND (id <= 9021450))
	        ->  Bitmap Index Scan on sbtest8_pkey  (cost=0.00..26.82 rows=1038 width=0)
	              Index Cond: ((id >= 9020451) AND (id <= 9021450))

for: simple_ranges
table 1 : explain SELECT c FROM sbtest1 WHERE id BETWEEN 5987022 AND 5988021
	Bitmap Heap Scan on sbtest1  (cost=22.98..3969.09 rows=1029 width=121)
	  Recheck Cond: ((id >= 5987022) AND (id <= 5988021))
	  ->  Bitmap Index Scan on sbtest1_pkey  (cost=0.00..22.72 rows=1029 width=0)
	        Index Cond: ((id >= 5987022) AND (id <= 5988021))

table 2 : explain SELECT c FROM sbtest2 WHERE id BETWEEN 5856882 AND 5857881
	Bitmap Heap Scan on sbtest2  (cost=22.95..3959.02 rows=1026 width=121)
	  Recheck Cond: ((id >= 5856882) AND (id <= 5857881))
	  ->  Bitmap Index Scan on sbtest2_pkey  (cost=0.00..22.69 rows=1026 width=0)
	        Index Cond: ((id >= 5856882) AND (id <= 5857881))

table 3 : explain SELECT c FROM sbtest3 WHERE id BETWEEN 8321242 AND 8322241
	Bitmap Heap Scan on sbtest3  (cost=22.68..3861.27 rows=1000 width=121)
	  Recheck Cond: ((id >= 8321242) AND (id <= 8322241))
	  ->  Bitmap Index Scan on sbtest3_pkey  (cost=0.00..22.43 rows=1000 width=0)
	        Index Cond: ((id >= 8321242) AND (id <= 8322241))

table 4 : explain SELECT c FROM sbtest4 WHERE id BETWEEN 7877110 AND 7878109
	Bitmap Heap Scan on sbtest4  (cost=23.00..3979.09 rows=1031 width=121)
	  Recheck Cond: ((id >= 7877110) AND (id <= 7878109))
	  ->  Bitmap Index Scan on sbtest4_pkey  (cost=0.00..22.75 rows=1031 width=0)
	        Index Cond: ((id >= 7877110) AND (id <= 7878109))

table 5 : explain SELECT c FROM sbtest5 WHERE id BETWEEN 2126889 AND 2127888
	Bitmap Heap Scan on sbtest5  (cost=27.58..4193.79 rows=1087 width=121)
	  Recheck Cond: ((id >= 2126889) AND (id <= 2127888))
	  ->  Bitmap Index Scan on sbtest5_pkey  (cost=0.00..27.30 rows=1087 width=0)
	        Index Cond: ((id >= 2126889) AND (id <= 2127888))

table 6 : explain SELECT c FROM sbtest6 WHERE id BETWEEN 5546835 AND 5547834
	Bitmap Heap Scan on sbtest6  (cost=22.84..3918.97 rows=1015 width=121)
	  Recheck Cond: ((id >= 5546835) AND (id <= 5547834))
	  ->  Bitmap Index Scan on sbtest6_pkey  (cost=0.00..22.58 rows=1015 width=0)
	        Index Cond: ((id >= 5546835) AND (id <= 5547834))

table 7 : explain SELECT c FROM sbtest7 WHERE id BETWEEN 6013757 AND 6014756
	Bitmap Heap Scan on sbtest7  (cost=21.60..3463.28 rows=894 width=121)
	  Recheck Cond: ((id >= 6013757) AND (id <= 6014756))
	  ->  Bitmap Index Scan on sbtest7_pkey  (cost=0.00..21.37 rows=894 width=0)
	        Index Cond: ((id >= 6013757) AND (id <= 6014756))

table 8 : explain SELECT c FROM sbtest8 WHERE id BETWEEN 1192515 AND 1193514
	Bitmap Heap Scan on sbtest8  (cost=22.36..3742.84 rows=968 width=121)
	  Recheck Cond: ((id >= 1192515) AND (id <= 1193514))
	  ->  Bitmap Index Scan on sbtest8_pkey  (cost=0.00..22.11 rows=968 width=0)
	        Index Cond: ((id >= 1192515) AND (id <= 1193514))

explain: for point_selects :: explain SELECT c FROM sbtest%u WHERE id=%u
explain: for point_selects :: explain SELECT c FROM sbtest%u WHERE id=%u
for point_selects
table 1 : explain SELECT c FROM sbtest1 WHERE id=8466244
	Index Scan using sbtest1_pkey on sbtest1  (cost=0.43..8.45 rows=1 width=121)
	  Index Cond: (id = 8466244)

table 2 : explain SELECT c FROM sbtest2 WHERE id=8255783
	Index Scan using sbtest2_pkey on sbtest2  (cost=0.43..8.45 rows=1 width=121)
	  Index Cond: (id = 8255783)

table 3 : explain SELECT c FROM sbtest3 WHERE id=9473001
	Index Scan using sbtest3_pkey on sbtest3  (cost=0.43..8.45 rows=1 width=121)
	  Index Cond: (id = 9473001)

table 4 : explain SELECT c FROM sbtest4 WHERE id=1755563
	Index Scan using sbtest4_pkey on sbtest4  (cost=0.43..8.45 rows=1 width=121)
	  Index Cond: (id = 1755563)

table 5 : explain SELECT c FROM sbtest5 WHERE id=1146022
	Index Scan using sbtest5_pkey on sbtest5  (cost=0.43..8.45 rows=1 width=121)
	  Index Cond: (id = 1146022)

table 6 : explain SELECT c FROM sbtest6 WHERE id=9818961
	Index Scan using sbtest6_pkey on sbtest6  (cost=0.43..8.45 rows=1 width=121)
	  Index Cond: (id = 9818961)

table 7 : explain SELECT c FROM sbtest7 WHERE id=5793409
	Index Scan using sbtest7_pkey on sbtest7  (cost=0.43..8.45 rows=1 width=121)
	  Index Cond: (id = 5793409)

table 8 : explain SELECT c FROM sbtest8 WHERE id=269181
	Index Scan using sbtest8_pkey on sbtest8  (cost=0.43..8.45 rows=1 width=121)
	  Index Cond: (id = 269181)

for point_selects
table 1 : explain SELECT c FROM sbtest1 WHERE id=6173771
	Index Scan using sbtest1_pkey on sbtest1  (cost=0.43..8.45 rows=1 width=121)
	  Index Cond: (id = 6173771)

table 2 : explain SELECT c FROM sbtest2 WHERE id=3652632
	Index Scan using sbtest2_pkey on sbtest2  (cost=0.43..8.45 rows=1 width=121)
	  Index Cond: (id = 3652632)

table 3 : explain SELECT c FROM sbtest3 WHERE id=3519112
	Index Scan using sbtest3_pkey on sbtest3  (cost=0.43..8.45 rows=1 width=121)
	  Index Cond: (id = 3519112)

table 4 : explain SELECT c FROM sbtest4 WHERE id=9694274
	Index Scan using sbtest4_pkey on sbtest4  (cost=0.43..8.45 rows=1 width=121)
	  Index Cond: (id = 9694274)

table 5 : explain SELECT c FROM sbtest5 WHERE id=4420501
	Index Scan using sbtest5_pkey on sbtest5  (cost=0.43..8.45 rows=1 width=121)
	  Index Cond: (id = 4420501)

table 6 : explain SELECT c FROM sbtest6 WHERE id=1120287
	Index Scan using sbtest6_pkey on sbtest6  (cost=0.43..8.45 rows=1 width=121)
	  Index Cond: (id = 1120287)

table 7 : explain SELECT c FROM sbtest7 WHERE id=4240253
	Index Scan using sbtest7_pkey on sbtest7  (cost=0.43..8.45 rows=1 width=121)
	  Index Cond: (id = 4240253)

table 8 : explain SELECT c FROM sbtest8 WHERE id=5027774
	Index Scan using sbtest8_pkey on sbtest8  (cost=0.43..8.45 rows=1 width=121)
	  Index Cond: (id = 5027774)

for: order_ranges
table 1 : explain SELECT c FROM sbtest1 WHERE id BETWEEN 3146035 AND 3147034 ORDER BY c
	Sort  (cost=4001.49..4004.05 rows=1024 width=121)
	  Sort Key: c
	  ->  Bitmap Heap Scan on sbtest1  (cost=22.93..3950.29 rows=1024 width=121)
	        Recheck Cond: ((id >= 3146035) AND (id <= 3147034))
	        ->  Bitmap Index Scan on sbtest1_pkey  (cost=0.00..22.68 rows=1024 width=0)
	              Index Cond: ((id >= 3146035) AND (id <= 3147034))

table 2 : explain SELECT c FROM sbtest2 WHERE id BETWEEN 711447 AND 712446 ORDER BY c
	Sort  (cost=3823.01..3825.45 rows=977 width=121)
	  Sort Key: c
	  ->  Bitmap Heap Scan on sbtest2  (cost=22.45..3774.49 rows=977 width=121)
	        Recheck Cond: ((id >= 711447) AND (id <= 712446))
	        ->  Bitmap Index Scan on sbtest2_pkey  (cost=0.00..22.20 rows=977 width=0)
	              Index Cond: ((id >= 711447) AND (id <= 712446))

table 3 : explain SELECT c FROM sbtest3 WHERE id BETWEEN 6872616 AND 6873615 ORDER BY c
	Sort  (cost=3589.49..3591.78 rows=916 width=121)
	  Sort Key: c
	  ->  Bitmap Heap Scan on sbtest3  (cost=21.82..3544.43 rows=916 width=121)
	        Recheck Cond: ((id >= 6872616) AND (id <= 6873615))
	        ->  Bitmap Index Scan on sbtest3_pkey  (cost=0.00..21.59 rows=916 width=0)
	              Index Cond: ((id >= 6872616) AND (id <= 6873615))

table 4 : explain SELECT c FROM sbtest4 WHERE id BETWEEN 6381520 AND 6382519 ORDER BY c
	Sort  (cost=3835.65..3838.10 rows=980 width=121)
	  Sort Key: c
	  ->  Bitmap Heap Scan on sbtest4  (cost=22.48..3786.96 rows=980 width=121)
	        Recheck Cond: ((id >= 6381520) AND (id <= 6382519))
	        ->  Bitmap Index Scan on sbtest4_pkey  (cost=0.00..22.23 rows=980 width=0)
	              Index Cond: ((id >= 6381520) AND (id <= 6382519))

table 5 : explain SELECT c FROM sbtest5 WHERE id BETWEEN 1247922 AND 1248921 ORDER BY c
	Sort  (cost=3916.10..3918.60 rows=1001 width=121)
	  Sort Key: c
	  ->  Bitmap Heap Scan on sbtest5  (cost=22.70..3866.21 rows=1001 width=121)
	        Recheck Cond: ((id >= 1247922) AND (id <= 1248921))
	        ->  Bitmap Index Scan on sbtest5_pkey  (cost=0.00..22.44 rows=1001 width=0)
	              Index Cond: ((id >= 1247922) AND (id <= 1248921))

table 6 : explain SELECT c FROM sbtest6 WHERE id BETWEEN 4921358 AND 4922357 ORDER BY c
	Sort  (cost=3736.20..3738.59 rows=954 width=121)
	  Sort Key: c
	  ->  Bitmap Heap Scan on sbtest6  (cost=22.21..3688.99 rows=954 width=121)
	        Recheck Cond: ((id >= 4921358) AND (id <= 4922357))
	        ->  Bitmap Index Scan on sbtest6_pkey  (cost=0.00..21.97 rows=954 width=0)
	              Index Cond: ((id >= 4921358) AND (id <= 4922357))

table 7 : explain SELECT c FROM sbtest7 WHERE id BETWEEN 4111347 AND 4112346 ORDER BY c
	Sort  (cost=3649.10..3651.43 rows=931 width=121)
	  Sort Key: c
	  ->  Bitmap Heap Scan on sbtest7  (cost=21.98..3603.19 rows=931 width=121)
	        Recheck Cond: ((id >= 4111347) AND (id <= 4112346))
	        ->  Bitmap Index Scan on sbtest7_pkey  (cost=0.00..21.75 rows=931 width=0)
	              Index Cond: ((id >= 4111347) AND (id <= 4112346))

table 8 : explain SELECT c FROM sbtest8 WHERE id BETWEEN 7559993 AND 7560992 ORDER BY c
	Sort  (cost=3802.34..3804.76 rows=971 width=121)
	  Sort Key: c
	  ->  Bitmap Heap Scan on sbtest8  (cost=22.39..3754.16 rows=971 width=121)
	        Recheck Cond: ((id >= 7559993) AND (id <= 7560992))
	        ->  Bitmap Index Scan on sbtest8_pkey  (cost=0.00..22.14 rows=971 width=0)
	              Index Cond: ((id >= 7559993) AND (id <= 7560992))

for point_selects
table 1 : explain SELECT c FROM sbtest1 WHERE id=9584671
	Index Scan using sbtest1_pkey on sbtest1  (cost=0.43..8.45 rows=1 width=121)
	  Index Cond: (id = 9584671)

table 2 : explain SELECT c FROM sbtest2 WHERE id=3377421
	Index Scan using sbtest2_pkey on sbtest2  (cost=0.43..8.45 rows=1 width=121)
	  Index Cond: (id = 3377421)

table 3 : explain SELECT c FROM sbtest3 WHERE id=1434133
	Index Scan using sbtest3_pkey on sbtest3  (cost=0.43..8.45 rows=1 width=121)
	  Index Cond: (id = 1434133)

table 4 : explain SELECT c FROM sbtest4 WHERE id=1390315
	Index Scan using sbtest4_pkey on sbtest4  (cost=0.43..8.45 rows=1 width=121)
	  Index Cond: (id = 1390315)

table 5 : explain SELECT c FROM sbtest5 WHERE id=5387605
	Index Scan using sbtest5_pkey on sbtest5  (cost=0.43..8.45 rows=1 width=121)
	  Index Cond: (id = 5387605)

table 6 : explain SELECT c FROM sbtest6 WHERE id=3684273
	Index Scan using sbtest6_pkey on sbtest6  (cost=0.43..8.45 rows=1 width=121)
	  Index Cond: (id = 3684273)

table 7 : explain SELECT c FROM sbtest7 WHERE id=8531989
	Index Scan using sbtest7_pkey on sbtest7  (cost=0.43..8.45 rows=1 width=121)
	  Index Cond: (id = 8531989)

table 8 : explain SELECT c FROM sbtest8 WHERE id=7328448
	Index Scan using sbtest8_pkey on sbtest8  (cost=0.43..8.45 rows=1 width=121)
	  Index Cond: (id = 7328448)

for: sum_ranges
table 1 : explain SELECT SUM(k) FROM sbtest1 WHERE id BETWEEN 211734 AND 212733
	Aggregate  (cost=3836.11..3836.12 rows=1 width=8)
	  ->  Bitmap Heap Scan on sbtest1  (cost=22.61..3833.63 rows=993 width=4)
	        Recheck Cond: ((id >= 211734) AND (id <= 212733))
	        ->  Bitmap Index Scan on sbtest1_pkey  (cost=0.00..22.36 rows=993 width=0)
	              Index Cond: ((id >= 211734) AND (id <= 212733))

table 2 : explain SELECT SUM(k) FROM sbtest2 WHERE id BETWEEN 3699791 AND 3700790
	Aggregate  (cost=3935.23..3935.24 rows=1 width=8)
	  ->  Bitmap Heap Scan on sbtest2  (cost=22.88..3932.68 rows=1019 width=4)
	        Recheck Cond: ((id >= 3699791) AND (id <= 3700790))
	        ->  Bitmap Index Scan on sbtest2_pkey  (cost=0.00..22.62 rows=1019 width=0)
	              Index Cond: ((id >= 3699791) AND (id <= 3700790))

table 3 : explain SELECT SUM(k) FROM sbtest3 WHERE id BETWEEN 4027364 AND 4028363
	Aggregate  (cost=3622.29..3622.30 rows=1 width=8)
	  ->  Bitmap Heap Scan on sbtest3  (cost=22.03..3619.95 rows=936 width=4)
	        Recheck Cond: ((id >= 4027364) AND (id <= 4028363))
	        ->  Bitmap Index Scan on sbtest3_pkey  (cost=0.00..21.79 rows=936 width=0)
	              Index Cond: ((id >= 4027364) AND (id <= 4028363))

table 4 : explain SELECT SUM(k) FROM sbtest4 WHERE id BETWEEN 9767254 AND 9768253
	Aggregate  (cost=3917.62..3917.63 rows=1 width=8)
	  ->  Bitmap Heap Scan on sbtest4  (cost=22.83..3915.08 rows=1014 width=4)
	        Recheck Cond: ((id >= 9767254) AND (id <= 9768253))
	        ->  Bitmap Index Scan on sbtest4_pkey  (cost=0.00..22.57 rows=1014 width=0)
	              Index Cond: ((id >= 9767254) AND (id <= 9768253))

table 5 : explain SELECT SUM(k) FROM sbtest5 WHERE id BETWEEN 6465328 AND 6466327
	Aggregate  (cost=3989.30..3989.31 rows=1 width=8)
	  ->  Bitmap Heap Scan on sbtest5  (cost=23.02..3986.72 rows=1033 width=4)
	        Recheck Cond: ((id >= 6465328) AND (id <= 6466327))
	        ->  Bitmap Index Scan on sbtest5_pkey  (cost=0.00..22.76 rows=1033 width=0)
	              Index Cond: ((id >= 6465328) AND (id <= 6466327))

table 6 : explain SELECT SUM(k) FROM sbtest6 WHERE id BETWEEN 6388104 AND 6389103
	Aggregate  (cost=3853.65..3853.66 rows=1 width=8)
	  ->  Bitmap Heap Scan on sbtest6  (cost=22.65..3851.16 rows=997 width=4)
	        Recheck Cond: ((id >= 6388104) AND (id <= 6389103))
	        ->  Bitmap Index Scan on sbtest6_pkey  (cost=0.00..22.40 rows=997 width=0)
	              Index Cond: ((id >= 6388104) AND (id <= 6389103))

table 7 : explain SELECT SUM(k) FROM sbtest7 WHERE id BETWEEN 8564803 AND 8565802
	Aggregate  (cost=4088.47..4088.48 rows=1 width=8)
	  ->  Bitmap Heap Scan on sbtest7  (cost=23.29..4085.82 rows=1059 width=4)
	        Recheck Cond: ((id >= 8564803) AND (id <= 8565802))
	        ->  Bitmap Index Scan on sbtest7_pkey  (cost=0.00..23.02 rows=1059 width=0)
	              Index Cond: ((id >= 8564803) AND (id <= 8565802))

table 8 : explain SELECT SUM(k) FROM sbtest8 WHERE id BETWEEN 5037813 AND 5038812
	Aggregate  (cost=4182.70..4182.71 rows=1 width=8)
	  ->  Bitmap Heap Scan on sbtest8  (cost=27.54..4179.99 rows=1083 width=4)
	        Recheck Cond: ((id >= 5037813) AND (id <= 5038812))
	        ->  Bitmap Index Scan on sbtest8_pkey  (cost=0.00..27.26 rows=1083 width=0)
	              Index Cond: ((id >= 5037813) AND (id <= 5038812))

explain: for point_selects :: explain SELECT c FROM sbtest%u WHERE id=%u
for: simple_ranges
table 1 : explain SELECT c FROM sbtest1 WHERE id BETWEEN 8820692 AND 8821691
	Bitmap Heap Scan on sbtest1  (cost=22.72..3871.27 rows=1003 width=121)
	  Recheck Cond: ((id >= 8820692) AND (id <= 8821691))
	  ->  Bitmap Index Scan on sbtest1_pkey  (cost=0.00..22.46 rows=1003 width=0)
	        Index Cond: ((id >= 8820692) AND (id <= 8821691))

table 2 : explain SELECT c FROM sbtest2 WHERE id BETWEEN 4786644 AND 4787643
	Bitmap Heap Scan on sbtest2  (cost=21.79..3532.99 rows=913 width=121)
	  Recheck Cond: ((id >= 4786644) AND (id <= 4787643))
	  ->  Bitmap Index Scan on sbtest2_pkey  (cost=0.00..21.57 rows=913 width=0)
	        Index Cond: ((id >= 4786644) AND (id <= 4787643))

table 3 : explain SELECT c FROM sbtest3 WHERE id BETWEEN 770103 AND 771102
	Bitmap Heap Scan on sbtest3  (cost=22.70..3865.03 rows=1001 width=121)
	  Recheck Cond: ((id >= 770103) AND (id <= 771102))
	  ->  Bitmap Index Scan on sbtest3_pkey  (cost=0.00..22.44 rows=1001 width=0)
	        Index Cond: ((id >= 770103) AND (id <= 771102))

table 4 : explain SELECT c FROM sbtest4 WHERE id BETWEEN 2433591 AND 2434590
	Bitmap Heap Scan on sbtest4  (cost=22.54..3809.58 rows=986 width=121)
	  Recheck Cond: ((id >= 2433591) AND (id <= 2434590))
	  ->  Bitmap Index Scan on sbtest4_pkey  (cost=0.00..22.29 rows=986 width=0)
	        Index Cond: ((id >= 2433591) AND (id <= 2434590))

table 5 : explain SELECT c FROM sbtest5 WHERE id BETWEEN 3770965 AND 3771964
	Bitmap Heap Scan on sbtest5  (cost=22.37..3745.57 rows=969 width=121)
	  Recheck Cond: ((id >= 3770965) AND (id <= 3771964))
	  ->  Bitmap Index Scan on sbtest5_pkey  (cost=0.00..22.12 rows=969 width=0)
	        Index Cond: ((id >= 3770965) AND (id <= 3771964))

table 6 : explain SELECT c FROM sbtest6 WHERE id BETWEEN 2537280 AND 2538279
	Bitmap Heap Scan on sbtest6  (cost=28.07..4370.29 rows=1135 width=121)
	  Recheck Cond: ((id >= 2537280) AND (id <= 2538279))
	  ->  Bitmap Index Scan on sbtest6_pkey  (cost=0.00..27.79 rows=1135 width=0)
	        Index Cond: ((id >= 2537280) AND (id <= 2538279))

table 7 : explain SELECT c FROM sbtest7 WHERE id BETWEEN 2662972 AND 2663971
	Bitmap Heap Scan on sbtest7  (cost=23.24..4067.01 rows=1054 width=121)
	  Recheck Cond: ((id >= 2662972) AND (id <= 2663971))
	  ->  Bitmap Index Scan on sbtest7_pkey  (cost=0.00..22.97 rows=1054 width=0)
	        Index Cond: ((id >= 2662972) AND (id <= 2663971))

table 8 : explain SELECT c FROM sbtest8 WHERE id BETWEEN 5089462 AND 5090461
	Bitmap Heap Scan on sbtest8  (cost=27.54..4179.99 rows=1083 width=121)
	  Recheck Cond: ((id >= 5089462) AND (id <= 5090461))
	  ->  Bitmap Index Scan on sbtest8_pkey  (cost=0.00..27.26 rows=1083 width=0)
	        Index Cond: ((id >= 5089462) AND (id <= 5090461))

for: simple_ranges
table 1 : explain SELECT c FROM sbtest1 WHERE id BETWEEN 3005915 AND 3006914
	Bitmap Heap Scan on sbtest1  (cost=23.56..4179.49 rows=1085 width=121)
	  Recheck Cond: ((id >= 3005915) AND (id <= 3006914))
	  ->  Bitmap Index Scan on sbtest1_pkey  (cost=0.00..23.29 rows=1085 width=0)
	        Index Cond: ((id >= 3005915) AND (id <= 3006914))

table 2 : explain SELECT c FROM sbtest2 WHERE id BETWEEN 6919653 AND 6920652
	Bitmap Heap Scan on sbtest2  (cost=23.53..4169.54 rows=1082 width=121)
	  Recheck Cond: ((id >= 6919653) AND (id <= 6920652))
	  ->  Bitmap Index Scan on sbtest2_pkey  (cost=0.00..23.25 rows=1082 width=0)
	        Index Cond: ((id >= 6919653) AND (id <= 6920652))

table 3 : explain SELECT c FROM sbtest3 WHERE id BETWEEN 3958994 AND 3959993
	Bitmap Heap Scan on sbtest3  (cost=21.93..3582.20 rows=926 width=121)
	  Recheck Cond: ((id >= 3958994) AND (id <= 3959993))
	  ->  Bitmap Index Scan on sbtest3_pkey  (cost=0.00..21.69 rows=926 width=0)
	        Index Cond: ((id >= 3958994) AND (id <= 3959993))

table 4 : explain SELECT c FROM sbtest4 WHERE id BETWEEN 9172928 AND 9173927
	Bitmap Heap Scan on sbtest4  (cost=22.81..3907.55 rows=1012 width=121)
	  Recheck Cond: ((id >= 9172928) AND (id <= 9173927))
	  ->  Bitmap Index Scan on sbtest4_pkey  (cost=0.00..22.55 rows=1012 width=0)
	        Index Cond: ((id >= 9172928) AND (id <= 9173927))

table 5 : explain SELECT c FROM sbtest5 WHERE id BETWEEN 212014 AND 213013
	Bitmap Heap Scan on sbtest5  (cost=21.65..3481.19 rows=899 width=121)
	  Recheck Cond: ((id >= 212014) AND (id <= 213013))
	  ->  Bitmap Index Scan on sbtest5_pkey  (cost=0.00..21.43 rows=899 width=0)
	        Index Cond: ((id >= 212014) AND (id <= 213013))

table 6 : explain SELECT c FROM sbtest6 WHERE id BETWEEN 6474285 AND 6475284
	Bitmap Heap Scan on sbtest6  (cost=23.13..4024.37 rows=1043 width=121)
	  Recheck Cond: ((id >= 6474285) AND (id <= 6475284))
	  ->  Bitmap Index Scan on sbtest6_pkey  (cost=0.00..22.86 rows=1043 width=0)
	        Index Cond: ((id >= 6474285) AND (id <= 6475284))

table 7 : explain SELECT c FROM sbtest7 WHERE id BETWEEN 7173451 AND 7174450
	Bitmap Heap Scan on sbtest7  (cost=22.36..3742.92 rows=968 width=121)
	  Recheck Cond: ((id >= 7173451) AND (id <= 7174450))
	  ->  Bitmap Index Scan on sbtest7_pkey  (cost=0.00..22.11 rows=968 width=0)
	        Index Cond: ((id >= 7173451) AND (id <= 7174450))

table 8 : explain SELECT c FROM sbtest8 WHERE id BETWEEN 7689671 AND 7690670
	Bitmap Heap Scan on sbtest8  (cost=27.01..3988.10 rows=1032 width=121)
	  Recheck Cond: ((id >= 7689671) AND (id <= 7690670))
	  ->  Bitmap Index Scan on sbtest8_pkey  (cost=0.00..26.75 rows=1032 width=0)
	        Index Cond: ((id >= 7689671) AND (id <= 7690670))

for point_selects
table 1 : explain SELECT c FROM sbtest1 WHERE id=1637764
	Index Scan using sbtest1_pkey on sbtest1  (cost=0.43..8.45 rows=1 width=121)
	  Index Cond: (id = 1637764)

table 2 : explain SELECT c FROM sbtest2 WHERE id=6815970
	Index Scan using sbtest2_pkey on sbtest2  (cost=0.43..8.45 rows=1 width=121)
	  Index Cond: (id = 6815970)

table 3 : explain SELECT c FROM sbtest3 WHERE id=4512020
	Index Scan using sbtest3_pkey on sbtest3  (cost=0.43..8.45 rows=1 width=121)
	  Index Cond: (id = 4512020)

table 4 : explain SELECT c FROM sbtest4 WHERE id=2791324
	Index Scan using sbtest4_pkey on sbtest4  (cost=0.43..8.45 rows=1 width=121)
	  Index Cond: (id = 2791324)

table 5 : explain SELECT c FROM sbtest5 WHERE id=674617
	Index Scan using sbtest5_pkey on sbtest5  (cost=0.43..8.45 rows=1 width=121)
	  Index Cond: (id = 674617)

table 6 : explain SELECT c FROM sbtest6 WHERE id=7567655
	Index Scan using sbtest6_pkey on sbtest6  (cost=0.43..8.45 rows=1 width=121)
	  Index Cond: (id = 7567655)

table 7 : explain SELECT c FROM sbtest7 WHERE id=3365915
	Index Scan using sbtest7_pkey on sbtest7  (cost=0.43..8.45 rows=1 width=121)
	  Index Cond: (id = 3365915)

table 8 : explain SELECT c FROM sbtest8 WHERE id=6658608
	Index Scan using sbtest8_pkey on sbtest8  (cost=0.43..8.45 rows=1 width=121)
	  Index Cond: (id = 6658608)

for: simple_ranges
table 1 : explain SELECT c FROM sbtest1 WHERE id BETWEEN 5214193 AND 5215192
	Bitmap Heap Scan on sbtest1  (cost=21.52..3429.97 rows=886 width=121)
	  Recheck Cond: ((id >= 5214193) AND (id <= 5215192))
	  ->  Bitmap Index Scan on sbtest1_pkey  (cost=0.00..21.29 rows=886 width=0)
	        Index Cond: ((id >= 5214193) AND (id <= 5215192))

table 2 : explain SELECT c FROM sbtest2 WHERE id BETWEEN 7367422 AND 7368421
	Bitmap Heap Scan on sbtest2  (cost=22.82..3910.10 rows=1013 width=121)
	  Recheck Cond: ((id >= 7367422) AND (id <= 7368421))
	  ->  Bitmap Index Scan on sbtest2_pkey  (cost=0.00..22.57 rows=1013 width=0)
	        Index Cond: ((id >= 7367422) AND (id <= 7368421))

table 3 : explain SELECT c FROM sbtest3 WHERE id BETWEEN 4960695 AND 4961694
	Bitmap Heap Scan on sbtest3  (cost=22.51..3797.22 rows=983 width=121)
	  Recheck Cond: ((id >= 4960695) AND (id <= 4961694))
	  ->  Bitmap Index Scan on sbtest3_pkey  (cost=0.00..22.26 rows=983 width=0)
	        Index Cond: ((id >= 4960695) AND (id <= 4961694))

table 4 : explain SELECT c FROM sbtest4 WHERE id BETWEEN 8404602 AND 8405601
	Bitmap Heap Scan on sbtest4  (cost=22.20..3685.10 rows=953 width=121)
	  Recheck Cond: ((id >= 8404602) AND (id <= 8405601))
	  ->  Bitmap Index Scan on sbtest4_pkey  (cost=0.00..21.96 rows=953 width=0)
	        Index Cond: ((id >= 8404602) AND (id <= 8405601))

table 5 : explain SELECT c FROM sbtest5 WHERE id BETWEEN 255971 AND 256970
	Bitmap Heap Scan on sbtest5  (cost=21.65..3481.19 rows=899 width=121)
	  Recheck Cond: ((id >= 255971) AND (id <= 256970))
	  ->  Bitmap Index Scan on sbtest5_pkey  (cost=0.00..21.43 rows=899 width=0)
	        Index Cond: ((id >= 255971) AND (id <= 256970))

table 6 : explain SELECT c FROM sbtest6 WHERE id BETWEEN 370793 AND 371792
	Bitmap Heap Scan on sbtest6  (cost=22.92..3949.09 rows=1023 width=121)
	  Recheck Cond: ((id >= 370793) AND (id <= 371792))
	  ->  Bitmap Index Scan on sbtest6_pkey  (cost=0.00..22.66 rows=1023 width=0)
	        Index Cond: ((id >= 370793) AND (id <= 371792))

table 7 : explain SELECT c FROM sbtest7 WHERE id BETWEEN 5024810 AND 5025809
	Bitmap Heap Scan on sbtest7  (cost=22.76..3890.00 rows=1007 width=121)
	  Recheck Cond: ((id >= 5024810) AND (id <= 5025809))
	  ->  Bitmap Index Scan on sbtest7_pkey  (cost=0.00..22.50 rows=1007 width=0)
	        Index Cond: ((id >= 5024810) AND (id <= 5025809))

table 8 : explain SELECT c FROM sbtest8 WHERE id BETWEEN 7245015 AND 7246014
	Bitmap Heap Scan on sbtest8  (cost=26.89..3942.90 rows=1020 width=121)
	  Recheck Cond: ((id >= 7245015) AND (id <= 7246014))
	  ->  Bitmap Index Scan on sbtest8_pkey  (cost=0.00..26.64 rows=1020 width=0)
	        Index Cond: ((id >= 7245015) AND (id <= 7246014))

for: distinct_ranges
table 1 : explain SELECT DISTINCT c FROM sbtest1 WHERE id BETWEEN 3688911 AND 3689910 ORDER BY c
	Unique  (cost=3860.12..3865.06 rows=987 width=121)
	  ->  Sort  (cost=3860.12..3862.59 rows=987 width=121)
	        Sort Key: c
	        ->  Bitmap Heap Scan on sbtest1  (cost=22.55..3811.03 rows=987 width=121)
	              Recheck Cond: ((id >= 3688911) AND (id <= 3689910))
	              ->  Bitmap Index Scan on sbtest1_pkey  (cost=0.00..22.30 rows=987 width=0)
	                    Index Cond: ((id >= 3688911) AND (id <= 3689910))

table 2 : explain SELECT DISTINCT c FROM sbtest2 WHERE id BETWEEN 8741678 AND 8742677 ORDER BY c
	Unique  (cost=4312.02..4317.55 rows=1105 width=121)
	  ->  Sort  (cost=4312.02..4314.79 rows=1105 width=121)
	        Sort Key: c
	        ->  Bitmap Heap Scan on sbtest2  (cost=27.76..4256.17 rows=1105 width=121)
	              Recheck Cond: ((id >= 8741678) AND (id <= 8742677))
	              ->  Bitmap Index Scan on sbtest2_pkey  (cost=0.00..27.48 rows=1105 width=0)
	                    Index Cond: ((id >= 8741678) AND (id <= 8742677))

table 3 : explain SELECT DISTINCT c FROM sbtest3 WHERE id BETWEEN 7720900 AND 7721899 ORDER BY c
	Unique  (cost=4125.02..4130.30 rows=1056 width=121)
	  ->  Sort  (cost=4125.02..4127.66 rows=1056 width=121)
	        Sort Key: c
	        ->  Bitmap Heap Scan on sbtest3  (cost=23.26..4071.98 rows=1056 width=121)
	              Recheck Cond: ((id >= 7720900) AND (id <= 7721899))
	              ->  Bitmap Index Scan on sbtest3_pkey  (cost=0.00..23.00 rows=1056 width=0)
	                    Index Cond: ((id >= 7720900) AND (id <= 7721899))

table 4 : explain SELECT DISTINCT c FROM sbtest4 WHERE id BETWEEN 6244734 AND 6245733 ORDER BY c
	Unique  (cost=3670.95..3675.64 rows=937 width=121)
	  ->  Sort  (cost=3670.95..3673.29 rows=937 width=121)
	        Sort Key: c
	        ->  Bitmap Heap Scan on sbtest4  (cost=22.04..3624.70 rows=937 width=121)
	              Recheck Cond: ((id >= 6244734) AND (id <= 6245733))
	              ->  Bitmap Index Scan on sbtest4_pkey  (cost=0.00..21.80 rows=937 width=0)
	                    Index Cond: ((id >= 6244734) AND (id <= 6245733))

table 5 : explain SELECT DISTINCT c FROM sbtest5 WHERE id BETWEEN 2312673 AND 2313672 ORDER BY c
	Unique  (cost=3785.97..3790.81 rows=967 width=121)
	  ->  Sort  (cost=3785.97..3788.39 rows=967 width=121)
	        Sort Key: c
	        ->  Bitmap Heap Scan on sbtest5  (cost=22.35..3738.02 rows=967 width=121)
	              Recheck Cond: ((id >= 2312673) AND (id <= 2313672))
	              ->  Bitmap Index Scan on sbtest5_pkey  (cost=0.00..22.11 rows=967 width=0)
	                    Index Cond: ((id >= 2312673) AND (id <= 2313672))

table 6 : explain SELECT DISTINCT c FROM sbtest6 WHERE id BETWEEN 6991683 AND 6992682 ORDER BY c
	Unique  (cost=4007.88..4013.01 rows=1025 width=121)
	  ->  Sort  (cost=4007.88..4010.44 rows=1025 width=121)
	        Sort Key: c
	        ->  Bitmap Heap Scan on sbtest6  (cost=22.94..3956.62 rows=1025 width=121)
	              Recheck Cond: ((id >= 6991683) AND (id <= 6992682))
	              ->  Bitmap Index Scan on sbtest6_pkey  (cost=0.00..22.68 rows=1025 width=0)
	                    Index Cond: ((id >= 6991683) AND (id <= 6992682))

table 7 : explain SELECT DISTINCT c FROM sbtest7 WHERE id BETWEEN 3197783 AND 3198782 ORDER BY c
	Unique  (cost=4020.55..4025.69 rows=1028 width=121)
	  ->  Sort  (cost=4020.55..4023.12 rows=1028 width=121)
	        Sort Key: c
	        ->  Bitmap Heap Scan on sbtest7  (cost=22.97..3969.12 rows=1028 width=121)
	              Recheck Cond: ((id >= 3197783) AND (id <= 3198782))
	              ->  Bitmap Index Scan on sbtest7_pkey  (cost=0.00..22.71 rows=1028 width=0)
	                    Index Cond: ((id >= 3197783) AND (id <= 3198782))

table 8 : explain SELECT DISTINCT c FROM sbtest8 WHERE id BETWEEN 3484975 AND 3485974 ORDER BY c
	Unique  (cost=3990.05..3995.15 rows=1019 width=121)
	  ->  Sort  (cost=3990.05..3992.60 rows=1019 width=121)
	        Sort Key: c
	        ->  Bitmap Heap Scan on sbtest8  (cost=26.88..3939.14 rows=1019 width=121)
	              Recheck Cond: ((id >= 3484975) AND (id <= 3485974))
	              ->  Bitmap Index Scan on sbtest8_pkey  (cost=0.00..26.62 rows=1019 width=0)
	                    Index Cond: ((id >= 3484975) AND (id <= 3485974))

for point_selects
table 1 : explain SELECT c FROM sbtest1 WHERE id=8963094
	Index Scan using sbtest1_pkey on sbtest1  (cost=0.43..8.45 rows=1 width=121)
	  Index Cond: (id = 8963094)

table 2 : explain SELECT c FROM sbtest2 WHERE id=1537220
	Index Scan using sbtest2_pkey on sbtest2  (cost=0.43..8.45 rows=1 width=121)
	  Index Cond: (id = 1537220)

table 3 : explain SELECT c FROM sbtest3 WHERE id=4193363
	Index Scan using sbtest3_pkey on sbtest3  (cost=0.43..8.45 rows=1 width=121)
	  Index Cond: (id = 4193363)

table 4 : explain SELECT c FROM sbtest4 WHERE id=3194660
	Index Scan using sbtest4_pkey on sbtest4  (cost=0.43..8.45 rows=1 width=121)
	  Index Cond: (id = 3194660)

table 5 : explain SELECT c FROM sbtest5 WHERE id=5853659
	Index Scan using sbtest5_pkey on sbtest5  (cost=0.43..8.45 rows=1 width=121)
	  Index Cond: (id = 5853659)

table 6 : explain SELECT c FROM sbtest6 WHERE id=5872098
	Index Scan using sbtest6_pkey on sbtest6  (cost=0.43..8.45 rows=1 width=121)
	  Index Cond: (id = 5872098)

table 7 : explain SELECT c FROM sbtest7 WHERE id=321320
	Index Scan using sbtest7_pkey on sbtest7  (cost=0.43..8.45 rows=1 width=121)
	  Index Cond: (id = 321320)

table 8 : explain SELECT c FROM sbtest8 WHERE id=6602917
	Index Scan using sbtest8_pkey on sbtest8  (cost=0.43..8.45 rows=1 width=121)
	  Index Cond: (id = 6602917)

for: simple_ranges
table 1 : explain SELECT c FROM sbtest1 WHERE id BETWEEN 5466624 AND 5467623
	Bitmap Heap Scan on sbtest1  (cost=22.14..3660.28 rows=947 width=121)
	  Recheck Cond: ((id >= 5466624) AND (id <= 5467623))
	  ->  Bitmap Index Scan on sbtest1_pkey  (cost=0.00..21.90 rows=947 width=0)
	        Index Cond: ((id >= 5466624) AND (id <= 5467623))

table 2 : explain SELECT c FROM sbtest2 WHERE id BETWEEN 1710342 AND 1711341
	Bitmap Heap Scan on sbtest2  (cost=21.58..3453.63 rows=892 width=121)
	  Recheck Cond: ((id >= 1710342) AND (id <= 1711341))
	  ->  Bitmap Index Scan on sbtest2_pkey  (cost=0.00..21.36 rows=892 width=0)
	        Index Cond: ((id >= 1710342) AND (id <= 1711341))

table 3 : explain SELECT c FROM sbtest3 WHERE id BETWEEN 7267872 AND 7268871
	Bitmap Heap Scan on sbtest3  (cost=22.75..3883.86 rows=1006 width=121)
	  Recheck Cond: ((id >= 7267872) AND (id <= 7268871))
	  ->  Bitmap Index Scan on sbtest3_pkey  (cost=0.00..22.50 rows=1006 width=0)
	        Index Cond: ((id >= 7267872) AND (id <= 7268871))

table 4 : explain SELECT c FROM sbtest4 WHERE id BETWEEN 3212466 AND 3213465
	Bitmap Heap Scan on sbtest4  (cost=22.44..3771.87 rows=976 width=121)
	  Recheck Cond: ((id >= 3212466) AND (id <= 3213465))
	  ->  Bitmap Index Scan on sbtest4_pkey  (cost=0.00..22.19 rows=976 width=0)
	        Index Cond: ((id >= 3212466) AND (id <= 3213465))

table 5 : explain SELECT c FROM sbtest5 WHERE id BETWEEN 9882873 AND 9883872
	Bitmap Heap Scan on sbtest5  (cost=23.30..4088.30 rows=1060 width=121)
	  Recheck Cond: ((id >= 9882873) AND (id <= 9883872))
	  ->  Bitmap Index Scan on sbtest5_pkey  (cost=0.00..23.04 rows=1060 width=0)
	        Index Cond: ((id >= 9882873) AND (id <= 9883872))

table 6 : explain SELECT c FROM sbtest6 WHERE id BETWEEN 2214947 AND 2215946
	Bitmap Heap Scan on sbtest6  (cost=22.16..3670.12 rows=949 width=121)
	  Recheck Cond: ((id >= 2214947) AND (id <= 2215946))
	  ->  Bitmap Index Scan on sbtest6_pkey  (cost=0.00..21.93 rows=949 width=0)
	        Index Cond: ((id >= 2214947) AND (id <= 2215946))

table 7 : explain SELECT c FROM sbtest7 WHERE id BETWEEN 3755320 AND 3756319
	Bitmap Heap Scan on sbtest7  (cost=22.77..3893.77 rows=1008 width=121)
	  Recheck Cond: ((id >= 3755320) AND (id <= 3756319))
	  ->  Bitmap Index Scan on sbtest7_pkey  (cost=0.00..22.51 rows=1008 width=0)
	        Index Cond: ((id >= 3755320) AND (id <= 3756319))

table 8 : explain SELECT c FROM sbtest8 WHERE id BETWEEN 8977023 AND 8978022
	Bitmap Heap Scan on sbtest8  (cost=27.07..4010.69 rows=1038 width=121)
	  Recheck Cond: ((id >= 8977023) AND (id <= 8978022))
	  ->  Bitmap Index Scan on sbtest8_pkey  (cost=0.00..26.82 rows=1038 width=0)
	        Index Cond: ((id >= 8977023) AND (id <= 8978022))

for point_selects
table 1 : explain SELECT c FROM sbtest1 WHERE id=6371884
	Index Scan using sbtest1_pkey on sbtest1  (cost=0.43..8.45 rows=1 width=121)
	  Index Cond: (id = 6371884)

table 2 : explain SELECT c FROM sbtest2 WHERE id=2231512
	Index Scan using sbtest2_pkey on sbtest2  (cost=0.43..8.45 rows=1 width=121)
	  Index Cond: (id = 2231512)

table 3 : explain SELECT c FROM sbtest3 WHERE id=6588326
	Index Scan using sbtest3_pkey on sbtest3  (cost=0.43..8.45 rows=1 width=121)
	  Index Cond: (id = 6588326)

table 4 : explain SELECT c FROM sbtest4 WHERE id=5019183
	Index Scan using sbtest4_pkey on sbtest4  (cost=0.43..8.45 rows=1 width=121)
	  Index Cond: (id = 5019183)

table 5 : explain SELECT c FROM sbtest5 WHERE id=5092174
	Index Scan using sbtest5_pkey on sbtest5  (cost=0.43..8.45 rows=1 width=121)
	  Index Cond: (id = 5092174)

table 6 : explain SELECT c FROM sbtest6 WHERE id=6927334
	Index Scan using sbtest6_pkey on sbtest6  (cost=0.43..8.45 rows=1 width=121)
	  Index Cond: (id = 6927334)

table 7 : explain SELECT c FROM sbtest7 WHERE id=9572121
	Index Scan using sbtest7_pkey on sbtest7  (cost=0.43..8.45 rows=1 width=121)
	  Index Cond: (id = 9572121)

table 8 : explain SELECT c FROM sbtest8 WHERE id=4895446
	Index Scan using sbtest8_pkey on sbtest8  (cost=0.43..8.45 rows=1 width=121)
	  Index Cond: (id = 4895446)

for: sum_ranges
table 1 : explain SELECT SUM(k) FROM sbtest1 WHERE id BETWEEN 2393857 AND 2394856
	Aggregate  (cost=3738.10..3738.11 rows=1 width=8)
	  ->  Bitmap Heap Scan on sbtest1  (cost=22.35..3735.68 rows=967 width=4)
	        Recheck Cond: ((id >= 2393857) AND (id <= 2394856))
	        ->  Bitmap Index Scan on sbtest1_pkey  (cost=0.00..22.11 rows=967 width=0)
	              Index Cond: ((id >= 2393857) AND (id <= 2394856))

table 2 : explain SELECT SUM(k) FROM sbtest2 WHERE id BETWEEN 8804555 AND 8805554
	Aggregate  (cost=3916.40..3916.41 rows=1 width=8)
	  ->  Bitmap Heap Scan on sbtest2  (cost=22.83..3913.86 rows=1014 width=4)
	        Recheck Cond: ((id >= 8804555) AND (id <= 8805554))
	        ->  Bitmap Index Scan on sbtest2_pkey  (cost=0.00..22.57 rows=1014 width=0)
	              Index Cond: ((id >= 8804555) AND (id <= 8805554))

table 3 : explain SELECT SUM(k) FROM sbtest3 WHERE id BETWEEN 4259782 AND 4260781
	Aggregate  (cost=4210.20..4210.21 rows=1 width=8)
	  ->  Bitmap Heap Scan on sbtest3  (cost=27.62..4207.48 rows=1091 width=4)
	        Recheck Cond: ((id >= 4259782) AND (id <= 4260781))
	        ->  Bitmap Index Scan on sbtest3_pkey  (cost=0.00..27.34 rows=1091 width=0)
	              Index Cond: ((id >= 4259782) AND (id <= 4260781))

table 4 : explain SELECT SUM(k) FROM sbtest4 WHERE id BETWEEN 2559656 AND 2560655
	Aggregate  (cost=3781.86..3781.87 rows=1 width=8)
	  ->  Bitmap Heap Scan on sbtest4  (cost=22.46..3779.42 rows=978 width=4)
	        Recheck Cond: ((id >= 2559656) AND (id <= 2560655))
	        ->  Bitmap Index Scan on sbtest4_pkey  (cost=0.00..22.21 rows=978 width=0)
	              Index Cond: ((id >= 2559656) AND (id <= 2560655))

table 5 : explain SELECT SUM(k) FROM sbtest5 WHERE id BETWEEN 4985998 AND 4986997
	Aggregate  (cost=3876.25..3876.26 rows=1 width=8)
	  ->  Bitmap Heap Scan on sbtest5  (cost=22.72..3873.75 rows=1003 width=4)
	        Recheck Cond: ((id >= 4985998) AND (id <= 4986997))
	        ->  Bitmap Index Scan on sbtest5_pkey  (cost=0.00..22.46 rows=1003 width=0)
	              Index Cond: ((id >= 4985998) AND (id <= 4986997))

table 6 : explain SELECT SUM(k) FROM sbtest6 WHERE id BETWEEN 7119983 AND 7120982
	Aggregate  (cost=4185.25..4185.26 rows=1 width=8)
	  ->  Bitmap Heap Scan on sbtest6  (cost=27.55..4182.54 rows=1084 width=4)
	        Recheck Cond: ((id >= 7119983) AND (id <= 7120982))
	        ->  Bitmap Index Scan on sbtest6_pkey  (cost=0.00..27.27 rows=1084 width=0)
	              Index Cond: ((id >= 7119983) AND (id <= 7120982))

table 7 : explain SELECT SUM(k) FROM sbtest7 WHERE id BETWEEN 4703682 AND 4704681
	Aggregate  (cost=3734.01..3734.02 rows=1 width=8)
	  ->  Bitmap Heap Scan on sbtest7  (cost=22.33..3731.59 rows=965 width=4)
	        Recheck Cond: ((id >= 4703682) AND (id <= 4704681))
	        ->  Bitmap Index Scan on sbtest7_pkey  (cost=0.00..22.08 rows=965 width=0)
	              Index Cond: ((id >= 4703682) AND (id <= 4704681))

table 8 : explain SELECT SUM(k) FROM sbtest8 WHERE id BETWEEN 1177520 AND 1178519
	Aggregate  (cost=3745.26..3745.27 rows=1 width=8)
	  ->  Bitmap Heap Scan on sbtest8  (cost=22.36..3742.84 rows=968 width=4)
	        Recheck Cond: ((id >= 1177520) AND (id <= 1178519))
	        ->  Bitmap Index Scan on sbtest8_pkey  (cost=0.00..22.11 rows=968 width=0)
	              Index Cond: ((id >= 1177520) AND (id <= 1178519))

explain: for point_selects :: explain SELECT c FROM sbtest%u WHERE id=%u
for: order_ranges
table 1 : explain SELECT c FROM sbtest1 WHERE id BETWEEN 1637009 AND 1638008 ORDER BY c
	Sort  (cost=3615.19..3617.49 rows=923 width=121)
	  Sort Key: c
	  ->  Bitmap Heap Scan on sbtest1  (cost=21.90..3569.73 rows=923 width=121)
	        Recheck Cond: ((id >= 1637009) AND (id <= 1638008))
	        ->  Bitmap Index Scan on sbtest1_pkey  (cost=0.00..21.66 rows=923 width=0)
	              Index Cond: ((id >= 1637009) AND (id <= 1638008))

table 2 : explain SELECT c FROM sbtest2 WHERE id BETWEEN 7610064 AND 7611063 ORDER BY c
	Sort  (cost=4285.26..4288.00 rows=1097 width=121)
	  Sort Key: c
	  ->  Bitmap Heap Scan on sbtest2  (cost=27.68..4229.87 rows=1097 width=121)
	        Recheck Cond: ((id >= 7610064) AND (id <= 7611063))
	        ->  Bitmap Index Scan on sbtest2_pkey  (cost=0.00..27.40 rows=1097 width=0)
	              Index Cond: ((id >= 7610064) AND (id <= 7611063))

table 3 : explain SELECT c FROM sbtest3 WHERE id BETWEEN 6894133 AND 6895132 ORDER BY c
	Sort  (cost=3589.49..3591.78 rows=916 width=121)
	  Sort Key: c
	  ->  Bitmap Heap Scan on sbtest3  (cost=21.82..3544.43 rows=916 width=121)
	        Recheck Cond: ((id >= 6894133) AND (id <= 6895132))
	        ->  Bitmap Index Scan on sbtest3_pkey  (cost=0.00..21.59 rows=916 width=0)
	              Index Cond: ((id >= 6894133) AND (id <= 6895132))

table 4 : explain SELECT c FROM sbtest4 WHERE id BETWEEN 7166799 AND 7167798 ORDER BY c
	Sort  (cost=3916.00..3918.50 rows=1001 width=121)
	  Sort Key: c
	  ->  Bitmap Heap Scan on sbtest4  (cost=22.70..3866.11 rows=1001 width=121)
	        Recheck Cond: ((id >= 7166799) AND (id <= 7167798))
	        ->  Bitmap Index Scan on sbtest4_pkey  (cost=0.00..22.44 rows=1001 width=0)
	              Index Cond: ((id >= 7166799) AND (id <= 7167798))

table 5 : explain SELECT c FROM sbtest5 WHERE id BETWEEN 7268564 AND 7269563 ORDER BY c
	Sort  (cost=3751.51..3753.90 rows=958 width=121)
	  Sort Key: c
	  ->  Bitmap Heap Scan on sbtest5  (cost=22.25..3704.07 rows=958 width=121)
	        Recheck Cond: ((id >= 7268564) AND (id <= 7269563))
	        ->  Bitmap Index Scan on sbtest5_pkey  (cost=0.00..22.01 rows=958 width=0)
	              Index Cond: ((id >= 7268564) AND (id <= 7269563))

table 6 : explain SELECT c FROM sbtest6 WHERE id BETWEEN 5013485 AND 5014484 ORDER BY c
	Sort  (cost=3858.72..3861.19 rows=986 width=121)
	  Sort Key: c
	  ->  Bitmap Heap Scan on sbtest6  (cost=22.54..3809.69 rows=986 width=121)
	        Recheck Cond: ((id >= 5013485) AND (id <= 5014484))
	        ->  Bitmap Index Scan on sbtest6_pkey  (cost=0.00..22.29 rows=986 width=0)
	              Index Cond: ((id >= 5013485) AND (id <= 5014484))

table 7 : explain SELECT c FROM sbtest7 WHERE id BETWEEN 6579149 AND 6580148 ORDER BY c
	Sort  (cost=3557.01..3559.28 rows=907 width=121)
	  Sort Key: c
	  ->  Bitmap Heap Scan on sbtest7  (cost=21.73..3512.46 rows=907 width=121)
	        Recheck Cond: ((id >= 6579149) AND (id <= 6580148))
	        ->  Bitmap Index Scan on sbtest7_pkey  (cost=0.00..21.50 rows=907 width=0)
	              Index Cond: ((id >= 6579149) AND (id <= 6580148))

table 8 : explain SELECT c FROM sbtest8 WHERE id BETWEEN 8213885 AND 8214884 ORDER BY c
	Sort  (cost=4318.52..4321.29 rows=1105 width=121)
	  Sort Key: c
	  ->  Bitmap Heap Scan on sbtest8  (cost=27.76..4262.67 rows=1105 width=121)
	        Recheck Cond: ((id >= 8213885) AND (id <= 8214884))
	        ->  Bitmap Index Scan on sbtest8_pkey  (cost=0.00..27.48 rows=1105 width=0)
	              Index Cond: ((id >= 8213885) AND (id <= 8214884))

for: sum_ranges
table 1 : explain SELECT SUM(k) FROM sbtest1 WHERE id BETWEEN 1169984 AND 1170983
	Aggregate  (cost=3885.08..3885.09 rows=1 width=8)
	  ->  Bitmap Heap Scan on sbtest1  (cost=22.75..3882.57 rows=1006 width=4)
	        Recheck Cond: ((id >= 1169984) AND (id <= 1170983))
	        ->  Bitmap Index Scan on sbtest1_pkey  (cost=0.00..22.50 rows=1006 width=0)
	              Index Cond: ((id >= 1169984) AND (id <= 1170983))

table 2 : explain SELECT SUM(k) FROM sbtest2 WHERE id BETWEEN 4509615 AND 4510614
	Aggregate  (cost=3735.44..3735.45 rows=1 width=8)
	  ->  Bitmap Heap Scan on sbtest2  (cost=22.34..3733.02 rows=966 width=4)
	        Recheck Cond: ((id >= 4509615) AND (id <= 4510614))
	        ->  Bitmap Index Scan on sbtest2_pkey  (cost=0.00..22.09 rows=966 width=0)
	              Index Cond: ((id >= 4509615) AND (id <= 4510614))

table 3 : explain SELECT SUM(k) FROM sbtest3 WHERE id BETWEEN 750758 AND 751757
	Aggregate  (cost=3867.54..3867.55 rows=1 width=8)
	  ->  Bitmap Heap Scan on sbtest3  (cost=22.70..3865.03 rows=1001 width=4)
	        Recheck Cond: ((id >= 750758) AND (id <= 751757))
	        ->  Bitmap Index Scan on sbtest3_pkey  (cost=0.00..22.44 rows=1001 width=0)
	              Index Cond: ((id >= 750758) AND (id <= 751757))

table 4 : explain SELECT SUM(k) FROM sbtest4 WHERE id BETWEEN 2315049 AND 2316048
	Aggregate  (cost=3849.76..3849.77 rows=1 width=8)
	  ->  Bitmap Heap Scan on sbtest4  (cost=22.64..3847.27 rows=996 width=4)
	        Recheck Cond: ((id >= 2315049) AND (id <= 2316048))
	        ->  Bitmap Index Scan on sbtest4_pkey  (cost=0.00..22.39 rows=996 width=0)
	              Index Cond: ((id >= 2315049) AND (id <= 2316048))

table 5 : explain SELECT SUM(k) FROM sbtest5 WHERE id BETWEEN 8699116 AND 8700115
	Aggregate  (cost=3797.05..3797.06 rows=1 width=8)
	  ->  Bitmap Heap Scan on sbtest5  (cost=22.50..3794.60 rows=982 width=4)
	        Recheck Cond: ((id >= 8699116) AND (id <= 8700115))
	        ->  Bitmap Index Scan on sbtest5_pkey  (cost=0.00..22.25 rows=982 width=0)
	              Index Cond: ((id >= 8699116) AND (id <= 8700115))

table 6 : explain SELECT SUM(k) FROM sbtest6 WHERE id BETWEEN 7080374 AND 7081373
	Aggregate  (cost=3642.27..3642.28 rows=1 width=8)
	  ->  Bitmap Heap Scan on sbtest6  (cost=22.08..3639.91 rows=941 width=4)
	        Recheck Cond: ((id >= 7080374) AND (id <= 7081373))
	        ->  Bitmap Index Scan on sbtest6_pkey  (cost=0.00..21.84 rows=941 width=0)
	              Index Cond: ((id >= 7080374) AND (id <= 7081373))

table 7 : explain SELECT SUM(k) FROM sbtest7 WHERE id BETWEEN 9882127 AND 9883126
	Aggregate  (cost=3828.39..3828.40 rows=1 width=8)
	  ->  Bitmap Heap Scan on sbtest7  (cost=22.58..3825.91 rows=990 width=4)
	        Recheck Cond: ((id >= 9882127) AND (id <= 9883126))
	        ->  Bitmap Index Scan on sbtest7_pkey  (cost=0.00..22.33 rows=990 width=0)
	              Index Cond: ((id >= 9882127) AND (id <= 9883126))

table 8 : explain SELECT SUM(k) FROM sbtest8 WHERE id BETWEEN 8923649 AND 8924648
	Aggregate  (cost=3968.07..3968.08 rows=1 width=8)
	  ->  Bitmap Heap Scan on sbtest8  (cost=26.95..3965.51 rows=1026 width=4)
	        Recheck Cond: ((id >= 8923649) AND (id <= 8924648))
	        ->  Bitmap Index Scan on sbtest8_pkey  (cost=0.00..26.69 rows=1026 width=0)
	              Index Cond: ((id >= 8923649) AND (id <= 8924648))

for: sum_ranges
table 1 : explain SELECT SUM(k) FROM sbtest1 WHERE id BETWEEN 742699 AND 743698
	Aggregate  (cost=3824.81..3824.82 rows=1 width=8)
	  ->  Bitmap Heap Scan on sbtest1  (cost=22.58..3822.33 rows=990 width=4)
	        Recheck Cond: ((id >= 742699) AND (id <= 743698))
	        ->  Bitmap Index Scan on sbtest1_pkey  (cost=0.00..22.33 rows=990 width=0)
	              Index Cond: ((id >= 742699) AND (id <= 743698))

table 2 : explain SELECT SUM(k) FROM sbtest2 WHERE id BETWEEN 5009804 AND 5010803
	Aggregate  (cost=3795.79..3795.80 rows=1 width=8)
	  ->  Bitmap Heap Scan on sbtest2  (cost=22.50..3793.34 rows=982 width=4)
	        Recheck Cond: ((id >= 5009804) AND (id <= 5010803))
	        ->  Bitmap Index Scan on sbtest2_pkey  (cost=0.00..22.25 rows=982 width=0)
	              Index Cond: ((id >= 5009804) AND (id <= 5010803))

table 3 : explain SELECT SUM(k) FROM sbtest3 WHERE id BETWEEN 7419374 AND 7420373
	Aggregate  (cost=3731.78..3731.79 rows=1 width=8)
	  ->  Bitmap Heap Scan on sbtest3  (cost=22.33..3729.36 rows=965 width=4)
	        Recheck Cond: ((id >= 7419374) AND (id <= 7420373))
	        ->  Bitmap Index Scan on sbtest3_pkey  (cost=0.00..22.08 rows=965 width=0)
	              Index Cond: ((id >= 7419374) AND (id <= 7420373))

table 4 : explain SELECT SUM(k) FROM sbtest4 WHERE id BETWEEN 3830396 AND 3831395
	Aggregate  (cost=4023.09..4023.10 rows=1 width=8)
	  ->  Bitmap Heap Scan on sbtest4  (cost=23.12..4020.49 rows=1042 width=4)
	        Recheck Cond: ((id >= 3830396) AND (id <= 3831395))
	        ->  Bitmap Index Scan on sbtest4_pkey  (cost=0.00..22.86 rows=1042 width=0)
	              Index Cond: ((id >= 3830396) AND (id <= 3831395))

table 5 : explain SELECT SUM(k) FROM sbtest5 WHERE id BETWEEN 887800 AND 888799
	Aggregate  (cost=4173.71..4173.72 rows=1 width=8)
	  ->  Bitmap Heap Scan on sbtest5  (cost=23.53..4171.00 rows=1082 width=4)
	        Recheck Cond: ((id >= 887800) AND (id <= 888799))
	        ->  Bitmap Index Scan on sbtest5_pkey  (cost=0.00..23.25 rows=1082 width=0)
	              Index Cond: ((id >= 887800) AND (id <= 888799))

table 6 : explain SELECT SUM(k) FROM sbtest6 WHERE id BETWEEN 9843497 AND 9844496
	Aggregate  (cost=3778.20..3778.21 rows=1 width=8)
	  ->  Bitmap Heap Scan on sbtest6  (cost=22.45..3775.76 rows=977 width=4)
	        Recheck Cond: ((id >= 9843497) AND (id <= 9844496))
	        ->  Bitmap Index Scan on sbtest6_pkey  (cost=0.00..22.20 rows=977 width=0)
	              Index Cond: ((id >= 9843497) AND (id <= 9844496))

table 7 : explain SELECT SUM(k) FROM sbtest7 WHERE id BETWEEN 7719639 AND 7720638
	Aggregate  (cost=3749.11..3749.12 rows=1 width=8)
	  ->  Bitmap Heap Scan on sbtest7  (cost=22.37..3746.69 rows=969 width=4)
	        Recheck Cond: ((id >= 7719639) AND (id <= 7720638))
	        ->  Bitmap Index Scan on sbtest7_pkey  (cost=0.00..22.12 rows=969 width=0)
	              Index Cond: ((id >= 7719639) AND (id <= 7720638))

table 8 : explain SELECT SUM(k) FROM sbtest8 WHERE id BETWEEN 3501555 AND 3502554
	Aggregate  (cost=3605.44..3605.45 rows=1 width=8)
	  ->  Bitmap Heap Scan on sbtest8  (cost=21.98..3603.11 rows=931 width=4)
	        Recheck Cond: ((id >= 3501555) AND (id <= 3502554))
	        ->  Bitmap Index Scan on sbtest8_pkey  (cost=0.00..21.75 rows=931 width=0)
	              Index Cond: ((id >= 3501555) AND (id <= 3502554))

for: sum_ranges
table 1 : explain SELECT SUM(k) FROM sbtest1 WHERE id BETWEEN 4644582 AND 4645581
	Aggregate  (cost=3715.47..3715.48 rows=1 width=8)
	  ->  Bitmap Heap Scan on sbtest1  (cost=22.29..3713.07 rows=961 width=4)
	        Recheck Cond: ((id >= 4644582) AND (id <= 4645581))
	        ->  Bitmap Index Scan on sbtest1_pkey  (cost=0.00..22.04 rows=961 width=0)
	              Index Cond: ((id >= 4644582) AND (id <= 4645581))

table 2 : explain SELECT SUM(k) FROM sbtest2 WHERE id BETWEEN 4593377 AND 4594376
	Aggregate  (cost=4160.97..4160.98 rows=1 width=8)
	  ->  Bitmap Heap Scan on sbtest2  (cost=23.49..4158.28 rows=1079 width=4)
	        Recheck Cond: ((id >= 4593377) AND (id <= 4594376))
	        ->  Bitmap Index Scan on sbtest2_pkey  (cost=0.00..23.22 rows=1079 width=0)
	              Index Cond: ((id >= 4593377) AND (id <= 4594376))

table 3 : explain SELECT SUM(k) FROM sbtest3 WHERE id BETWEEN 2531764 AND 2532763
	Aggregate  (cost=3750.64..3750.65 rows=1 width=8)
	  ->  Bitmap Heap Scan on sbtest3  (cost=22.38..3748.22 rows=970 width=4)
	        Recheck Cond: ((id >= 2531764) AND (id <= 2532763))
	        ->  Bitmap Index Scan on sbtest3_pkey  (cost=0.00..22.14 rows=970 width=0)
	              Index Cond: ((id >= 2531764) AND (id <= 2532763))

table 4 : explain SELECT SUM(k) FROM sbtest4 WHERE id BETWEEN 8879372 AND 8880371
	Aggregate  (cost=3940.23..3940.24 rows=1 width=8)
	  ->  Bitmap Heap Scan on sbtest4  (cost=22.89..3937.68 rows=1020 width=4)
	        Recheck Cond: ((id >= 8879372) AND (id <= 8880371))
	        ->  Bitmap Index Scan on sbtest4_pkey  (cost=0.00..22.64 rows=1020 width=0)
	              Index Cond: ((id >= 8879372) AND (id <= 8880371))

table 5 : explain SELECT SUM(k) FROM sbtest5 WHERE id BETWEEN 7980308 AND 7981307
	Aggregate  (cost=3966.70..3966.71 rows=1 width=8)
	  ->  Bitmap Heap Scan on sbtest5  (cost=22.96..3964.14 rows=1027 width=4)
	        Recheck Cond: ((id >= 7980308) AND (id <= 7981307))
	        ->  Bitmap Index Scan on sbtest5_pkey  (cost=0.00..22.70 rows=1027 width=0)
	              Index Cond: ((id >= 7980308) AND (id <= 7981307))

table 6 : explain SELECT SUM(k) FROM sbtest6 WHERE id BETWEEN 2677481 AND 2678480
	Aggregate  (cost=3725.36..3725.37 rows=1 width=8)
	  ->  Bitmap Heap Scan on sbtest6  (cost=22.31..3722.95 rows=963 width=4)
	        Recheck Cond: ((id >= 2677481) AND (id <= 2678480))
	        ->  Bitmap Index Scan on sbtest6_pkey  (cost=0.00..22.07 rows=963 width=0)
	              Index Cond: ((id >= 2677481) AND (id <= 2678480))

table 7 : explain SELECT SUM(k) FROM sbtest7 WHERE id BETWEEN 8191923 AND 8192922
	Aggregate  (cost=4130.11..4130.12 rows=1 width=8)
	  ->  Bitmap Heap Scan on sbtest7  (cost=27.39..4127.44 rows=1069 width=4)
	        Recheck Cond: ((id >= 8191923) AND (id <= 8192922))
	        ->  Bitmap Index Scan on sbtest7_pkey  (cost=0.00..27.12 rows=1069 width=0)
	              Index Cond: ((id >= 8191923) AND (id <= 8192922))

table 8 : explain SELECT SUM(k) FROM sbtest8 WHERE id BETWEEN 9344885 AND 9345884
	Aggregate  (cost=4039.66..4039.67 rows=1 width=8)
	  ->  Bitmap Heap Scan on sbtest8  (cost=27.15..4037.05 rows=1045 width=4)
	        Recheck Cond: ((id >= 9344885) AND (id <= 9345884))
	        ->  Bitmap Index Scan on sbtest8_pkey  (cost=0.00..26.89 rows=1045 width=0)
	              Index Cond: ((id >= 9344885) AND (id <= 9345884))

for: sum_ranges
table 1 : explain SELECT SUM(k) FROM sbtest1 WHERE id BETWEEN 9426189 AND 9427188
	Aggregate  (cost=4103.30..4103.31 rows=1 width=8)
	  ->  Bitmap Heap Scan on sbtest1  (cost=23.34..4100.64 rows=1064 width=4)
	        Recheck Cond: ((id >= 9426189) AND (id <= 9427188))
	        ->  Bitmap Index Scan on sbtest1_pkey  (cost=0.00..23.07 rows=1064 width=0)
	              Index Cond: ((id >= 9426189) AND (id <= 9427188))

table 2 : explain SELECT SUM(k) FROM sbtest2 WHERE id BETWEEN 664655 AND 665654
	Aggregate  (cost=3554.17..3554.18 rows=1 width=8)
	  ->  Bitmap Heap Scan on sbtest2  (cost=21.84..3551.88 rows=918 width=4)
	        Recheck Cond: ((id >= 664655) AND (id <= 665654))
	        ->  Bitmap Index Scan on sbtest2_pkey  (cost=0.00..21.61 rows=918 width=0)
	              Index Cond: ((id >= 664655) AND (id <= 665654))

table 3 : explain SELECT SUM(k) FROM sbtest3 WHERE id BETWEEN 4075910 AND 4076909
	Aggregate  (cost=3622.29..3622.30 rows=1 width=8)
	  ->  Bitmap Heap Scan on sbtest3  (cost=22.03..3619.95 rows=936 width=4)
	        Recheck Cond: ((id >= 4075910) AND (id <= 4076909))
	        ->  Bitmap Index Scan on sbtest3_pkey  (cost=0.00..21.79 rows=936 width=0)
	              Index Cond: ((id >= 4075910) AND (id <= 4076909))

table 4 : explain SELECT SUM(k) FROM sbtest4 WHERE id BETWEEN 2224204 AND 2225203
	Aggregate  (cost=4346.70..4346.71 rows=1 width=8)
	  ->  Bitmap Heap Scan on sbtest4  (cost=28.00..4343.88 rows=1128 width=4)
	        Recheck Cond: ((id >= 2224204) AND (id <= 2225203))
	        ->  Bitmap Index Scan on sbtest4_pkey  (cost=0.00..27.71 rows=1128 width=0)
	              Index Cond: ((id >= 2224204) AND (id <= 2225203))

table 5 : explain SELECT SUM(k) FROM sbtest5 WHERE id BETWEEN 8928681 AND 8929680
	Aggregate  (cost=4026.96..4026.97 rows=1 width=8)
	  ->  Bitmap Heap Scan on sbtest5  (cost=23.13..4024.35 rows=1043 width=4)
	        Recheck Cond: ((id >= 8928681) AND (id <= 8929680))
	        ->  Bitmap Index Scan on sbtest5_pkey  (cost=0.00..22.86 rows=1043 width=0)
	              Index Cond: ((id >= 8928681) AND (id <= 8929680))

table 6 : explain SELECT SUM(k) FROM sbtest6 WHERE id BETWEEN 7658799 AND 7659798
	Aggregate  (cost=3853.65..3853.66 rows=1 width=8)
	  ->  Bitmap Heap Scan on sbtest6  (cost=22.65..3851.16 rows=997 width=4)
	        Recheck Cond: ((id >= 7658799) AND (id <= 7659798))
	        ->  Bitmap Index Scan on sbtest6_pkey  (cost=0.00..22.40 rows=997 width=0)
	              Index Cond: ((id >= 7658799) AND (id <= 7659798))

table 7 : explain SELECT SUM(k) FROM sbtest7 WHERE id BETWEEN 2158463 AND 2159462
	Aggregate  (cost=3847.25..3847.26 rows=1 width=8)
	  ->  Bitmap Heap Scan on sbtest7  (cost=22.63..3844.77 rows=995 width=4)
	        Recheck Cond: ((id >= 2158463) AND (id <= 2159462))
	        ->  Bitmap Index Scan on sbtest7_pkey  (cost=0.00..22.39 rows=995 width=0)
	              Index Cond: ((id >= 2158463) AND (id <= 2159462))

table 8 : explain SELECT SUM(k) FROM sbtest8 WHERE id BETWEEN 305487 AND 306486
	Aggregate  (cost=3907.75..3907.76 rows=1 width=8)
	  ->  Bitmap Heap Scan on sbtest8  (cost=26.79..3905.23 rows=1010 width=4)
	        Recheck Cond: ((id >= 305487) AND (id <= 306486))
	        ->  Bitmap Index Scan on sbtest8_pkey  (cost=0.00..26.54 rows=1010 width=0)
	              Index Cond: ((id >= 305487) AND (id <= 306486))

for point_selects
table 1 : explain SELECT c FROM sbtest1 WHERE id=4399717
	Index Scan using sbtest1_pkey on sbtest1  (cost=0.43..8.45 rows=1 width=121)
	  Index Cond: (id = 4399717)

table 2 : explain SELECT c FROM sbtest2 WHERE id=5805307
	Index Scan using sbtest2_pkey on sbtest2  (cost=0.43..8.45 rows=1 width=121)
	  Index Cond: (id = 5805307)

table 3 : explain SELECT c FROM sbtest3 WHERE id=5208655
	Index Scan using sbtest3_pkey on sbtest3  (cost=0.43..8.45 rows=1 width=121)
	  Index Cond: (id = 5208655)

table 4 : explain SELECT c FROM sbtest4 WHERE id=2843084
	Index Scan using sbtest4_pkey on sbtest4  (cost=0.43..8.45 rows=1 width=121)
	  Index Cond: (id = 2843084)

table 5 : explain SELECT c FROM sbtest5 WHERE id=8455165
	Index Scan using sbtest5_pkey on sbtest5  (cost=0.43..8.45 rows=1 width=121)
	  Index Cond: (id = 8455165)

table 6 : explain SELECT c FROM sbtest6 WHERE id=6826888
	Index Scan using sbtest6_pkey on sbtest6  (cost=0.43..8.45 rows=1 width=121)
	  Index Cond: (id = 6826888)

table 7 : explain SELECT c FROM sbtest7 WHERE id=5949541
	Index Scan using sbtest7_pkey on sbtest7  (cost=0.43..8.45 rows=1 width=121)
	  Index Cond: (id = 5949541)

table 8 : explain SELECT c FROM sbtest8 WHERE id=7699540
	Index Scan using sbtest8_pkey on sbtest8  (cost=0.43..8.45 rows=1 width=121)
	  Index Cond: (id = 7699540)

for: distinct_ranges
table 1 : explain SELECT DISTINCT c FROM sbtest1 WHERE id BETWEEN 6598064 AND 6599063 ORDER BY c
	Unique  (cost=3726.24..3731.00 rows=952 width=121)
	  ->  Sort  (cost=3726.24..3728.62 rows=952 width=121)
	        Sort Key: c
	        ->  Bitmap Heap Scan on sbtest1  (cost=22.19..3679.14 rows=952 width=121)
	              Recheck Cond: ((id >= 6598064) AND (id <= 6599063))
	              ->  Bitmap Index Scan on sbtest1_pkey  (cost=0.00..21.95 rows=952 width=0)
	                    Index Cond: ((id >= 6598064) AND (id <= 6599063))

table 2 : explain SELECT DISTINCT c FROM sbtest2 WHERE id BETWEEN 3730491 AND 3731490 ORDER BY c
	Unique  (cost=3983.60..3988.69 rows=1019 width=121)
	  ->  Sort  (cost=3983.60..3986.14 rows=1019 width=121)
	        Sort Key: c
	        ->  Bitmap Heap Scan on sbtest2  (cost=22.88..3932.68 rows=1019 width=121)
	              Recheck Cond: ((id >= 3730491) AND (id <= 3731490))
	              ->  Bitmap Index Scan on sbtest2_pkey  (cost=0.00..22.62 rows=1019 width=0)
	                    Index Cond: ((id >= 3730491) AND (id <= 3731490))

table 3 : explain SELECT DISTINCT c FROM sbtest3 WHERE id BETWEEN 3163361 AND 3164360 ORDER BY c
	Unique  (cost=3976.08..3981.16 rows=1017 width=121)
	  ->  Sort  (cost=3976.08..3978.62 rows=1017 width=121)
	        Sort Key: c
	        ->  Bitmap Heap Scan on sbtest3  (cost=22.86..3925.28 rows=1017 width=121)
	              Recheck Cond: ((id >= 3163361) AND (id <= 3164360))
	              ->  Bitmap Index Scan on sbtest3_pkey  (cost=0.00..22.61 rows=1017 width=0)
	                    Index Cond: ((id >= 3163361) AND (id <= 3164360))

table 4 : explain SELECT DISTINCT c FROM sbtest4 WHERE id BETWEEN 7202301 AND 7203300 ORDER BY c
	Unique  (cost=3893.05..3898.02 rows=995 width=121)
	  ->  Sort  (cost=3893.05..3895.53 rows=995 width=121)
	        Sort Key: c
	        ->  Bitmap Heap Scan on sbtest4  (cost=22.63..3843.50 rows=995 width=121)
	              Recheck Cond: ((id >= 7202301) AND (id <= 7203300))
	              ->  Bitmap Index Scan on sbtest4_pkey  (cost=0.00..22.39 rows=995 width=0)
	                    Index Cond: ((id >= 7202301) AND (id <= 7203300))

table 5 : explain SELECT DISTINCT c FROM sbtest5 WHERE id BETWEEN 7855209 AND 7856208 ORDER BY c
	Unique  (cost=3594.36..3598.94 rows=917 width=121)
	  ->  Sort  (cost=3594.36..3596.65 rows=917 width=121)
	        Sort Key: c
	        ->  Bitmap Heap Scan on sbtest5  (cost=21.83..3549.24 rows=917 width=121)
	              Recheck Cond: ((id >= 7855209) AND (id <= 7856208))
	              ->  Bitmap Index Scan on sbtest5_pkey  (cost=0.00..21.61 rows=917 width=0)
	                    Index Cond: ((id >= 7855209) AND (id <= 7856208))

table 6 : explain SELECT DISTINCT c FROM sbtest6 WHERE id BETWEEN 6054691 AND 6055690 ORDER BY c
	Unique  (cost=3866.38..3871.32 rows=988 width=121)
	  ->  Sort  (cost=3866.38..3868.85 rows=988 width=121)
	        Sort Key: c
	        ->  Bitmap Heap Scan on sbtest6  (cost=22.56..3817.23 rows=988 width=121)
	              Recheck Cond: ((id >= 6054691) AND (id <= 6055690))
	              ->  Bitmap Index Scan on sbtest6_pkey  (cost=0.00..22.32 rows=988 width=0)
	                    Index Cond: ((id >= 6054691) AND (id <= 6055690))

table 7 : explain SELECT DISTINCT c FROM sbtest7 WHERE id BETWEEN 9667805 AND 9668804 ORDER BY c
	Unique  (cost=4516.91..4522.70 rows=1158 width=121)
	  ->  Sort  (cost=4516.91..4519.80 rows=1158 width=121)
	        Sort Key: c
	        ->  Bitmap Heap Scan on sbtest7  (cost=28.30..4457.98 rows=1158 width=121)
	              Recheck Cond: ((id >= 9667805) AND (id <= 9668804))
	              ->  Bitmap Index Scan on sbtest7_pkey  (cost=0.00..28.01 rows=1158 width=0)
	                    Index Cond: ((id >= 9667805) AND (id <= 9668804))

table 8 : explain SELECT DISTINCT c FROM sbtest8 WHERE id BETWEEN 2867096 AND 2868095 ORDER BY c
	Unique  (cost=3951.80..3956.85 rows=1009 width=121)
	  ->  Sort  (cost=3951.80..3954.32 rows=1009 width=121)
	        Sort Key: c
	        ->  Bitmap Heap Scan on sbtest8  (cost=26.78..3901.46 rows=1009 width=121)
	              Recheck Cond: ((id >= 2867096) AND (id <= 2868095))
	              ->  Bitmap Index Scan on sbtest8_pkey  (cost=0.00..26.52 rows=1009 width=0)
	                    Index Cond: ((id >= 2867096) AND (id <= 2868095))

for: simple_ranges
table 1 : explain SELECT c FROM sbtest1 WHERE id BETWEEN 5292320 AND 5293319
	Bitmap Heap Scan on sbtest1  (cost=23.07..4002.94 rows=1038 width=121)
	  Recheck Cond: ((id >= 5292320) AND (id <= 5293319))
	  ->  Bitmap Index Scan on sbtest1_pkey  (cost=0.00..22.82 rows=1038 width=0)
	        Index Cond: ((id >= 5292320) AND (id <= 5293319))

table 2 : explain SELECT c FROM sbtest2 WHERE id BETWEEN 2068875 AND 2069874
	Bitmap Heap Scan on sbtest2  (cost=21.82..3544.32 rows=916 width=121)
	  Recheck Cond: ((id >= 2068875) AND (id <= 2069874))
	  ->  Bitmap Index Scan on sbtest2_pkey  (cost=0.00..21.59 rows=916 width=0)
	        Index Cond: ((id >= 2068875) AND (id <= 2069874))

table 3 : explain SELECT c FROM sbtest3 WHERE id BETWEEN 8858257 AND 8859256
	Bitmap Heap Scan on sbtest3  (cost=28.07..4368.85 rows=1135 width=121)
	  Recheck Cond: ((id >= 8858257) AND (id <= 8859256))
	  ->  Bitmap Index Scan on sbtest3_pkey  (cost=0.00..27.79 rows=1135 width=0)
	        Index Cond: ((id >= 8858257) AND (id <= 8859256))

table 4 : explain SELECT c FROM sbtest4 WHERE id BETWEEN 7867684 AND 7868683
	Bitmap Heap Scan on sbtest4  (cost=23.00..3979.09 rows=1031 width=121)
	  Recheck Cond: ((id >= 7867684) AND (id <= 7868683))
	  ->  Bitmap Index Scan on sbtest4_pkey  (cost=0.00..22.75 rows=1031 width=0)
	        Index Cond: ((id >= 7867684) AND (id <= 7868683))

table 5 : explain SELECT c FROM sbtest5 WHERE id BETWEEN 2289798 AND 2290797
	Bitmap Heap Scan on sbtest5  (cost=22.23..3696.52 rows=956 width=121)
	  Recheck Cond: ((id >= 2289798) AND (id <= 2290797))
	  ->  Bitmap Index Scan on sbtest5_pkey  (cost=0.00..22.00 rows=956 width=0)
	        Index Cond: ((id >= 2289798) AND (id <= 2290797))

table 6 : explain SELECT c FROM sbtest6 WHERE id BETWEEN 3838082 AND 3839081
	Bitmap Heap Scan on sbtest6  (cost=28.04..4359.03 rows=1132 width=121)
	  Recheck Cond: ((id >= 3838082) AND (id <= 3839081))
	  ->  Bitmap Index Scan on sbtest6_pkey  (cost=0.00..27.75 rows=1132 width=0)
	        Index Cond: ((id >= 3838082) AND (id <= 3839081))

table 7 : explain SELECT c FROM sbtest7 WHERE id BETWEEN 8304810 AND 8305809
	Bitmap Heap Scan on sbtest7  (cost=27.52..4172.57 rows=1081 width=121)
	  Recheck Cond: ((id >= 8304810) AND (id <= 8305809))
	  ->  Bitmap Index Scan on sbtest7_pkey  (cost=0.00..27.25 rows=1081 width=0)
	        Index Cond: ((id >= 8304810) AND (id <= 8305809))

table 8 : explain SELECT c FROM sbtest8 WHERE id BETWEEN 3870121 AND 3871120
	Bitmap Heap Scan on sbtest8  (cost=21.71..3504.82 rows=905 width=121)
	  Recheck Cond: ((id >= 3870121) AND (id <= 3871120))
	  ->  Bitmap Index Scan on sbtest8_pkey  (cost=0.00..21.48 rows=905 width=0)
	        Index Cond: ((id >= 3870121) AND (id <= 3871120))

explain: for point_selects :: explain SELECT c FROM sbtest%u WHERE id=%u
for: simple_ranges
table 1 : explain SELECT c FROM sbtest1 WHERE id BETWEEN 8662172 AND 8663171
	Bitmap Heap Scan on sbtest1  (cost=22.73..3875.04 rows=1004 width=121)
	  Recheck Cond: ((id >= 8662172) AND (id <= 8663171))
	  ->  Bitmap Index Scan on sbtest1_pkey  (cost=0.00..22.47 rows=1004 width=0)
	        Index Cond: ((id >= 8662172) AND (id <= 8663171))

table 2 : explain SELECT c FROM sbtest2 WHERE id BETWEEN 5821687 AND 5822686
	Bitmap Heap Scan on sbtest2  (cost=22.95..3959.02 rows=1026 width=121)
	  Recheck Cond: ((id >= 5821687) AND (id <= 5822686))
	  ->  Bitmap Index Scan on sbtest2_pkey  (cost=0.00..22.69 rows=1026 width=0)
	        Index Cond: ((id >= 5821687) AND (id <= 5822686))

table 3 : explain SELECT c FROM sbtest3 WHERE id BETWEEN 5849609 AND 5850608
	Bitmap Heap Scan on sbtest3  (cost=27.88..4301.33 rows=1117 width=121)
	  Recheck Cond: ((id >= 5849609) AND (id <= 5850608))
	  ->  Bitmap Index Scan on sbtest3_pkey  (cost=0.00..27.61 rows=1117 width=0)
	        Index Cond: ((id >= 5849609) AND (id <= 5850608))

table 4 : explain SELECT c FROM sbtest4 WHERE id BETWEEN 1532165 AND 1533164
	Bitmap Heap Scan on sbtest4  (cost=22.57..3820.89 rows=989 width=121)
	  Recheck Cond: ((id >= 1532165) AND (id <= 1533164))
	  ->  Bitmap Index Scan on sbtest4_pkey  (cost=0.00..22.32 rows=989 width=0)
	        Index Cond: ((id >= 1532165) AND (id <= 1533164))

table 5 : explain SELECT c FROM sbtest5 WHERE id BETWEEN 372877 AND 373876
	Bitmap Heap Scan on sbtest5  (cost=27.62..4208.82 rows=1091 width=121)
	  Recheck Cond: ((id >= 372877) AND (id <= 373876))
	  ->  Bitmap Index Scan on sbtest5_pkey  (cost=0.00..27.34 rows=1091 width=0)
	        Index Cond: ((id >= 372877) AND (id <= 373876))

table 6 : explain SELECT c FROM sbtest6 WHERE id BETWEEN 4655486 AND 4656485
	Bitmap Heap Scan on sbtest6  (cost=22.81..3907.67 rows=1012 width=121)
	  Recheck Cond: ((id >= 4655486) AND (id <= 4656485))
	  ->  Bitmap Index Scan on sbtest6_pkey  (cost=0.00..22.55 rows=1012 width=0)
	        Index Cond: ((id >= 4655486) AND (id <= 4656485))

table 7 : explain SELECT c FROM sbtest7 WHERE id BETWEEN 3068800 AND 3069799
	Bitmap Heap Scan on sbtest7  (cost=27.66..4225.19 rows=1095 width=121)
	  Recheck Cond: ((id >= 3068800) AND (id <= 3069799))
	  ->  Bitmap Index Scan on sbtest7_pkey  (cost=0.00..27.39 rows=1095 width=0)
	        Index Cond: ((id >= 3068800) AND (id <= 3069799))

table 8 : explain SELECT c FROM sbtest8 WHERE id BETWEEN 6100375 AND 6101374
	Bitmap Heap Scan on sbtest8  (cost=21.23..3326.91 rows=858 width=121)
	  Recheck Cond: ((id >= 6100375) AND (id <= 6101374))
	  ->  Bitmap Index Scan on sbtest8_pkey  (cost=0.00..21.01 rows=858 width=0)
	        Index Cond: ((id >= 6100375) AND (id <= 6101374))

for point_selects
table 1 : explain SELECT c FROM sbtest1 WHERE id=1549319
	Index Scan using sbtest1_pkey on sbtest1  (cost=0.43..8.45 rows=1 width=121)
	  Index Cond: (id = 1549319)

table 2 : explain SELECT c FROM sbtest2 WHERE id=8898471
	Index Scan using sbtest2_pkey on sbtest2  (cost=0.43..8.45 rows=1 width=121)
	  Index Cond: (id = 8898471)

table 3 : explain SELECT c FROM sbtest3 WHERE id=7119353
	Index Scan using sbtest3_pkey on sbtest3  (cost=0.43..8.45 rows=1 width=121)
	  Index Cond: (id = 7119353)

table 4 : explain SELECT c FROM sbtest4 WHERE id=7548681
	Index Scan using sbtest4_pkey on sbtest4  (cost=0.43..8.45 rows=1 width=121)
	  Index Cond: (id = 7548681)

table 5 : explain SELECT c FROM sbtest5 WHERE id=728562
	Index Scan using sbtest5_pkey on sbtest5  (cost=0.43..8.45 rows=1 width=121)
	  Index Cond: (id = 728562)

table 6 : explain SELECT c FROM sbtest6 WHERE id=7951445
	Index Scan using sbtest6_pkey on sbtest6  (cost=0.43..8.45 rows=1 width=121)
	  Index Cond: (id = 7951445)

table 7 : explain SELECT c FROM sbtest7 WHERE id=7031308
	Index Scan using sbtest7_pkey on sbtest7  (cost=0.43..8.45 rows=1 width=121)
	  Index Cond: (id = 7031308)

table 8 : explain SELECT c FROM sbtest8 WHERE id=9160451
	Index Scan using sbtest8_pkey on sbtest8  (cost=0.43..8.45 rows=1 width=121)
	  Index Cond: (id = 9160451)

for: order_ranges
table 1 : explain SELECT c FROM sbtest1 WHERE id BETWEEN 4281773 AND 4282772 ORDER BY c
	Sort  (cost=4077.84..4080.45 rows=1044 width=121)
	  Sort Key: c
	  ->  Bitmap Heap Scan on sbtest1  (cost=23.14..4025.49 rows=1044 width=121)
	        Recheck Cond: ((id >= 4281773) AND (id <= 4282772))
	        ->  Bitmap Index Scan on sbtest1_pkey  (cost=0.00..22.87 rows=1044 width=0)
	              Index Cond: ((id >= 4281773) AND (id <= 4282772))

table 2 : explain SELECT c FROM sbtest2 WHERE id BETWEEN 7372029 AND 7373028 ORDER BY c
	Sort  (cost=3922.45..3924.95 rows=1003 width=121)
	  Sort Key: c
	  ->  Bitmap Heap Scan on sbtest2  (cost=22.72..3872.45 rows=1003 width=121)
	        Recheck Cond: ((id >= 7372029) AND (id <= 7373028))
	        ->  Bitmap Index Scan on sbtest2_pkey  (cost=0.00..22.46 rows=1003 width=0)
	              Index Cond: ((id >= 7372029) AND (id <= 7373028))

table 3 : explain SELECT c FROM sbtest3 WHERE id BETWEEN 9641930 AND 9642929 ORDER BY c
	Sort  (cost=3941.68..3944.20 rows=1008 width=121)
	  Sort Key: c
	  ->  Bitmap Heap Scan on sbtest3  (cost=22.77..3891.39 rows=1008 width=121)
	        Recheck Cond: ((id >= 9641930) AND (id <= 9642929))
	        ->  Bitmap Index Scan on sbtest3_pkey  (cost=0.00..22.51 rows=1008 width=0)
	              Index Cond: ((id >= 9641930) AND (id <= 9642929))

table 4 : explain SELECT c FROM sbtest4 WHERE id BETWEEN 8413644 AND 8414643 ORDER BY c
	Sort  (cost=3732.26..3734.64 rows=953 width=121)
	  Sort Key: c
	  ->  Bitmap Heap Scan on sbtest4  (cost=22.20..3685.10 rows=953 width=121)
	        Recheck Cond: ((id >= 8413644) AND (id <= 8414643))
	        ->  Bitmap Index Scan on sbtest4_pkey  (cost=0.00..21.96 rows=953 width=0)
	              Index Cond: ((id >= 8413644) AND (id <= 8414643))

table 5 : explain SELECT c FROM sbtest5 WHERE id BETWEEN 9337570 AND 9338569 ORDER BY c
	Sort  (cost=4118.66..4121.29 rows=1054 width=121)
	  Sort Key: c
	  ->  Bitmap Heap Scan on sbtest5  (cost=23.24..4065.74 rows=1054 width=121)
	        Recheck Cond: ((id >= 9337570) AND (id <= 9338569))
	        ->  Bitmap Index Scan on sbtest5_pkey  (cost=0.00..22.97 rows=1054 width=0)
	              Index Cond: ((id >= 9337570) AND (id <= 9338569))

table 6 : explain SELECT c FROM sbtest6 WHERE id BETWEEN 6855606 AND 6856605 ORDER BY c
	Sort  (cost=4309.65..4312.41 rows=1103 width=121)
	  Sort Key: c
	  ->  Bitmap Heap Scan on sbtest6  (cost=27.74..4253.91 rows=1103 width=121)
	        Recheck Cond: ((id >= 6855606) AND (id <= 6856605))
	        ->  Bitmap Index Scan on sbtest6_pkey  (cost=0.00..27.46 rows=1103 width=0)
	              Index Cond: ((id >= 6855606) AND (id <= 6856605))

table 7 : explain SELECT c FROM sbtest7 WHERE id BETWEEN 9363108 AND 9364107 ORDER BY c
	Sort  (cost=4455.95..4458.81 rows=1142 width=121)
	  Sort Key: c
	  ->  Bitmap Heap Scan on sbtest7  (cost=28.14..4397.96 rows=1142 width=121)
	        Recheck Cond: ((id >= 9363108) AND (id <= 9364107))
	        ->  Bitmap Index Scan on sbtest7_pkey  (cost=0.00..27.86 rows=1142 width=0)
	              Index Cond: ((id >= 9363108) AND (id <= 9364107))

table 8 : explain SELECT c FROM sbtest8 WHERE id BETWEEN 2610516 AND 2611515 ORDER BY c
	Sort  (cost=3656.69..3659.03 rows=933 width=121)
	  Sort Key: c
	  ->  Bitmap Heap Scan on sbtest8  (cost=22.00..3610.67 rows=933 width=121)
	        Recheck Cond: ((id >= 2610516) AND (id <= 2611515))
	        ->  Bitmap Index Scan on sbtest8_pkey  (cost=0.00..21.76 rows=933 width=0)
	              Index Cond: ((id >= 2610516) AND (id <= 2611515))

for: order_ranges
table 1 : explain SELECT c FROM sbtest1 WHERE id BETWEEN 3868039 AND 3869038 ORDER BY c
	Sort  (cost=4016.76..4019.33 rows=1028 width=121)
	  Sort Key: c
	  ->  Bitmap Heap Scan on sbtest1  (cost=22.97..3965.33 rows=1028 width=121)
	        Recheck Cond: ((id >= 3868039) AND (id <= 3869038))
	        ->  Bitmap Index Scan on sbtest1_pkey  (cost=0.00..22.71 rows=1028 width=0)
	              Index Cond: ((id >= 3868039) AND (id <= 3869038))

table 2 : explain SELECT c FROM sbtest2 WHERE id BETWEEN 2616810 AND 2617809 ORDER BY c
	Sort  (cost=3738.81..3741.19 rows=955 width=121)
	  Sort Key: c
	  ->  Bitmap Heap Scan on sbtest2  (cost=22.22..3691.54 rows=955 width=121)
	        Recheck Cond: ((id >= 2616810) AND (id <= 2617809))
	        ->  Bitmap Index Scan on sbtest2_pkey  (cost=0.00..21.98 rows=955 width=0)
	              Index Cond: ((id >= 2616810) AND (id <= 2617809))

table 3 : explain SELECT c FROM sbtest3 WHERE id BETWEEN 6421461 AND 6422460 ORDER BY c
	Sort  (cost=3723.60..3725.98 rows=951 width=121)
	  Sort Key: c
	  ->  Bitmap Heap Scan on sbtest3  (cost=22.18..3676.56 rows=951 width=121)
	        Recheck Cond: ((id >= 6421461) AND (id <= 6422460))
	        ->  Bitmap Index Scan on sbtest3_pkey  (cost=0.00..21.94 rows=951 width=0)
	              Index Cond: ((id >= 6421461) AND (id <= 6422460))

table 4 : explain SELECT c FROM sbtest4 WHERE id BETWEEN 8725341 AND 8726340 ORDER BY c
	Sort  (cost=3912.17..3914.67 rows=1000 width=121)
	  Sort Key: c
	  ->  Bitmap Heap Scan on sbtest4  (cost=22.68..3862.34 rows=1000 width=121)
	        Recheck Cond: ((id >= 8725341) AND (id <= 8726340))
	        ->  Bitmap Index Scan on sbtest4_pkey  (cost=0.00..22.43 rows=1000 width=0)
	              Index Cond: ((id >= 8725341) AND (id <= 8726340))

table 5 : explain SELECT c FROM sbtest5 WHERE id BETWEEN 3070996 AND 3071995 ORDER BY c
	Sort  (cost=3984.93..3987.48 rows=1019 width=121)
	  Sort Key: c
	  ->  Bitmap Heap Scan on sbtest5  (cost=22.88..3934.01 rows=1019 width=121)
	        Recheck Cond: ((id >= 3070996) AND (id <= 3071995))
	        ->  Bitmap Index Scan on sbtest5_pkey  (cost=0.00..22.62 rows=1019 width=0)
	              Index Cond: ((id >= 3070996) AND (id <= 3071995))

table 6 : explain SELECT c FROM sbtest6 WHERE id BETWEEN 5002778 AND 5003777 ORDER BY c
	Sort  (cost=3858.72..3861.19 rows=986 width=121)
	  Sort Key: c
	  ->  Bitmap Heap Scan on sbtest6  (cost=22.54..3809.69 rows=986 width=121)
	        Recheck Cond: ((id >= 5002778) AND (id <= 5003777))
	        ->  Bitmap Index Scan on sbtest6_pkey  (cost=0.00..22.29 rows=986 width=0)
	              Index Cond: ((id >= 5002778) AND (id <= 5003777))

table 7 : explain SELECT c FROM sbtest7 WHERE id BETWEEN 366545 AND 367544 ORDER BY c
	Sort  (cost=3989.96..3992.51 rows=1020 width=121)
	  Sort Key: c
	  ->  Bitmap Heap Scan on sbtest7  (cost=22.89..3938.99 rows=1020 width=121)
	        Recheck Cond: ((id >= 366545) AND (id <= 367544))
	        ->  Bitmap Index Scan on sbtest7_pkey  (cost=0.00..22.64 rows=1020 width=0)
	              Index Cond: ((id >= 366545) AND (id <= 367544))

table 8 : explain SELECT c FROM sbtest8 WHERE id BETWEEN 7621795 AND 7622794 ORDER BY c
	Sort  (cost=3802.34..3804.76 rows=971 width=121)
	  Sort Key: c
	  ->  Bitmap Heap Scan on sbtest8  (cost=22.39..3754.16 rows=971 width=121)
	        Recheck Cond: ((id >= 7621795) AND (id <= 7622794))
	        ->  Bitmap Index Scan on sbtest8_pkey  (cost=0.00..22.14 rows=971 width=0)
	              Index Cond: ((id >= 7621795) AND (id <= 7622794))

for: simple_ranges
table 1 : explain SELECT c FROM sbtest1 WHERE id BETWEEN 8560531 AND 8561530
	Bitmap Heap Scan on sbtest1  (cost=22.90..3939.01 rows=1021 width=121)
	  Recheck Cond: ((id >= 8560531) AND (id <= 8561530))
	  ->  Bitmap Index Scan on sbtest1_pkey  (cost=0.00..22.64 rows=1021 width=0)
	        Index Cond: ((id >= 8560531) AND (id <= 8561530))

table 2 : explain SELECT c FROM sbtest2 WHERE id BETWEEN 9081998 AND 9082997
	Bitmap Heap Scan on sbtest2  (cost=23.19..4045.54 rows=1049 width=121)
	  Recheck Cond: ((id >= 9081998) AND (id <= 9082997))
	  ->  Bitmap Index Scan on sbtest2_pkey  (cost=0.00..22.93 rows=1049 width=0)
	        Index Cond: ((id >= 9081998) AND (id <= 9082997))

table 3 : explain SELECT c FROM sbtest3 WHERE id BETWEEN 5575401 AND 5576400
	Bitmap Heap Scan on sbtest3  (cost=23.05..3996.77 rows=1036 width=121)
	  Recheck Cond: ((id >= 5575401) AND (id <= 5576400))
	  ->  Bitmap Index Scan on sbtest3_pkey  (cost=0.00..22.79 rows=1036 width=0)
	        Index Cond: ((id >= 5575401) AND (id <= 5576400))

table 4 : explain SELECT c FROM sbtest4 WHERE id BETWEEN 9644791 AND 9645790
	Bitmap Heap Scan on sbtest4  (cost=22.78..3896.25 rows=1009 width=121)
	  Recheck Cond: ((id >= 9644791) AND (id <= 9645790))
	  ->  Bitmap Index Scan on sbtest4_pkey  (cost=0.00..22.52 rows=1009 width=0)
	        Index Cond: ((id >= 9644791) AND (id <= 9645790))

table 5 : explain SELECT c FROM sbtest5 WHERE id BETWEEN 4264841 AND 4265840
	Bitmap Heap Scan on sbtest5  (cost=22.25..3704.07 rows=958 width=121)
	  Recheck Cond: ((id >= 4264841) AND (id <= 4265840))
	  ->  Bitmap Index Scan on sbtest5_pkey  (cost=0.00..22.01 rows=958 width=0)
	        Index Cond: ((id >= 4264841) AND (id <= 4265840))

table 6 : explain SELECT c FROM sbtest6 WHERE id BETWEEN 6115274 AND 6116273
	Bitmap Heap Scan on sbtest6  (cost=27.73..4250.15 rows=1102 width=121)
	  Recheck Cond: ((id >= 6115274) AND (id <= 6116273))
	  ->  Bitmap Index Scan on sbtest6_pkey  (cost=0.00..27.45 rows=1102 width=0)
	        Index Cond: ((id >= 6115274) AND (id <= 6116273))

table 7 : explain SELECT c FROM sbtest7 WHERE id BETWEEN 6575850 AND 6576849
	Bitmap Heap Scan on sbtest7  (cost=21.73..3512.46 rows=907 width=121)
	  Recheck Cond: ((id >= 6575850) AND (id <= 6576849))
	  ->  Bitmap Index Scan on sbtest7_pkey  (cost=0.00..21.50 rows=907 width=0)
	        Index Cond: ((id >= 6575850) AND (id <= 6576849))

table 8 : explain SELECT c FROM sbtest8 WHERE id BETWEEN 4596652 AND 4597651
	Bitmap Heap Scan on sbtest8  (cost=26.99..3980.57 rows=1030 width=121)
	  Recheck Cond: ((id >= 4596652) AND (id <= 4597651))
	  ->  Bitmap Index Scan on sbtest8_pkey  (cost=0.00..26.73 rows=1030 width=0)
	        Index Cond: ((id >= 4596652) AND (id <= 4597651))

for: order_ranges
table 1 : explain SELECT c FROM sbtest1 WHERE id BETWEEN 3101305 AND 3102304 ORDER BY c
	Sort  (cost=4462.93..4465.80 rows=1145 width=121)
	  Sort Key: c
	  ->  Bitmap Heap Scan on sbtest1  (cost=28.17..4404.76 rows=1145 width=121)
	        Recheck Cond: ((id >= 3101305) AND (id <= 3102304))
	        ->  Bitmap Index Scan on sbtest1_pkey  (cost=0.00..27.89 rows=1145 width=0)
	              Index Cond: ((id >= 3101305) AND (id <= 3102304))

table 2 : explain SELECT c FROM sbtest2 WHERE id BETWEEN 4845853 AND 4846852 ORDER BY c
	Sort  (cost=3577.89..3580.17 rows=913 width=121)
	  Sort Key: c
	  ->  Bitmap Heap Scan on sbtest2  (cost=21.79..3532.99 rows=913 width=121)
	        Recheck Cond: ((id >= 4845853) AND (id <= 4846852))
	        ->  Bitmap Index Scan on sbtest2_pkey  (cost=0.00..21.57 rows=913 width=0)
	              Index Cond: ((id >= 4845853) AND (id <= 4846852))

table 3 : explain SELECT c FROM sbtest3 WHERE id BETWEEN 4202356 AND 4203355 ORDER BY c
	Sort  (cost=4262.53..4265.25 rows=1091 width=121)
	  Sort Key: c
	  ->  Bitmap Heap Scan on sbtest3  (cost=27.62..4207.48 rows=1091 width=121)
	        Recheck Cond: ((id >= 4202356) AND (id <= 4203355))
	        ->  Bitmap Index Scan on sbtest3_pkey  (cost=0.00..27.34 rows=1091 width=0)
	              Index Cond: ((id >= 4202356) AND (id <= 4203355))

table 4 : explain SELECT c FROM sbtest4 WHERE id BETWEEN 4141978 AND 4142977 ORDER BY c
	Sort  (cost=3984.83..3987.37 rows=1019 width=121)
	  Sort Key: c
	  ->  Bitmap Heap Scan on sbtest4  (cost=22.88..3933.91 rows=1019 width=121)
	        Recheck Cond: ((id >= 4141978) AND (id <= 4142977))
	        ->  Bitmap Index Scan on sbtest4_pkey  (cost=0.00..22.62 rows=1019 width=0)
	              Index Cond: ((id >= 4141978) AND (id <= 4142977))

table 5 : explain SELECT c FROM sbtest5 WHERE id BETWEEN 2594153 AND 2595152 ORDER BY c
	Sort  (cost=3690.21..3692.56 rows=942 width=121)
	  Sort Key: c
	  ->  Bitmap Heap Scan on sbtest5  (cost=22.09..3643.67 rows=942 width=121)
	        Recheck Cond: ((id >= 2594153) AND (id <= 2595152))
	        ->  Bitmap Index Scan on sbtest5_pkey  (cost=0.00..21.86 rows=942 width=0)
	              Index Cond: ((id >= 2594153) AND (id <= 2595152))

table 6 : explain SELECT c FROM sbtest6 WHERE id BETWEEN 7551609 AND 7552608 ORDER BY c
	Sort  (cost=4088.12..4090.74 rows=1046 width=121)
	  Sort Key: c
	  ->  Bitmap Heap Scan on sbtest6  (cost=23.16..4035.66 rows=1046 width=121)
	        Recheck Cond: ((id >= 7551609) AND (id <= 7552608))
	        ->  Bitmap Index Scan on sbtest6_pkey  (cost=0.00..22.89 rows=1046 width=0)
	              Index Cond: ((id >= 7551609) AND (id <= 7552608))

table 7 : explain SELECT c FROM sbtest7 WHERE id BETWEEN 2381849 AND 2382848 ORDER BY c
	Sort  (cost=3921.10..3923.61 rows=1002 width=121)
	  Sort Key: c
	  ->  Bitmap Heap Scan on sbtest7  (cost=22.71..3871.16 rows=1002 width=121)
	        Recheck Cond: ((id >= 2381849) AND (id <= 2382848))
	        ->  Bitmap Index Scan on sbtest7_pkey  (cost=0.00..22.45 rows=1002 width=0)
	              Index Cond: ((id >= 2381849) AND (id <= 2382848))

table 8 : explain SELECT c FROM sbtest8 WHERE id BETWEEN 4511465 AND 4512464 ORDER BY c
	Sort  (cost=4062.70..4065.29 rows=1038 width=121)
	  Sort Key: c
	  ->  Bitmap Heap Scan on sbtest8  (cost=27.07..4010.69 rows=1038 width=121)
	        Recheck Cond: ((id >= 4511465) AND (id <= 4512464))
	        ->  Bitmap Index Scan on sbtest8_pkey  (cost=0.00..26.82 rows=1038 width=0)
	              Index Cond: ((id >= 4511465) AND (id <= 4512464))

for: order_ranges
table 1 : explain SELECT c FROM sbtest1 WHERE id BETWEEN 6274569 AND 6275568 ORDER BY c
	Sort  (cost=4085.47..4088.08 rows=1046 width=121)
	  Sort Key: c
	  ->  Bitmap Heap Scan on sbtest1  (cost=23.16..4033.01 rows=1046 width=121)
	        Recheck Cond: ((id >= 6274569) AND (id <= 6275568))
	        ->  Bitmap Index Scan on sbtest1_pkey  (cost=0.00..22.89 rows=1046 width=0)
	              Index Cond: ((id >= 6274569) AND (id <= 6275568))

table 2 : explain SELECT c FROM sbtest2 WHERE id BETWEEN 3335687 AND 3336686 ORDER BY c
	Sort  (cost=4411.06..4413.89 rows=1131 width=121)
	  Sort Key: c
	  ->  Bitmap Heap Scan on sbtest2  (cost=28.03..4353.70 rows=1131 width=121)
	        Recheck Cond: ((id >= 3335687) AND (id <= 3336686))
	        ->  Bitmap Index Scan on sbtest2_pkey  (cost=0.00..27.75 rows=1131 width=0)
	              Index Cond: ((id >= 3335687) AND (id <= 3336686))

table 3 : explain SELECT c FROM sbtest3 WHERE id BETWEEN 4468685 AND 4469684 ORDER BY c
	Sort  (cost=3926.39..3928.90 rows=1004 width=121)
	  Sort Key: c
	  ->  Bitmap Heap Scan on sbtest3  (cost=22.73..3876.33 rows=1004 width=121)
	        Recheck Cond: ((id >= 4468685) AND (id <= 4469684))
	        ->  Bitmap Index Scan on sbtest3_pkey  (cost=0.00..22.47 rows=1004 width=0)
	              Index Cond: ((id >= 4468685) AND (id <= 4469684))

table 4 : explain SELECT c FROM sbtest4 WHERE id BETWEEN 4073376 AND 4074375 ORDER BY c
	Sort  (cost=4145.46..4148.11 rows=1060 width=121)
	  Sort Key: c
	  ->  Bitmap Heap Scan on sbtest4  (cost=27.30..4092.19 rows=1060 width=121)
	        Recheck Cond: ((id >= 4073376) AND (id <= 4074375))
	        ->  Bitmap Index Scan on sbtest4_pkey  (cost=0.00..27.04 rows=1060 width=0)
	              Index Cond: ((id >= 4073376) AND (id <= 4074375))

table 5 : explain SELECT c FROM sbtest5 WHERE id BETWEEN 5186044 AND 5187043 ORDER BY c
	Sort  (cost=3942.87..3945.39 rows=1008 width=121)
	  Sort Key: c
	  ->  Bitmap Heap Scan on sbtest5  (cost=22.77..3892.58 rows=1008 width=121)
	        Recheck Cond: ((id >= 5186044) AND (id <= 5187043))
	        ->  Bitmap Index Scan on sbtest5_pkey  (cost=0.00..22.51 rows=1008 width=0)
	              Index Cond: ((id >= 5186044) AND (id <= 5187043))

table 6 : explain SELECT c FROM sbtest6 WHERE id BETWEEN 6551609 AND 6552608 ORDER BY c
	Sort  (cost=3743.86..3746.25 rows=956 width=121)
	  Sort Key: c
	  ->  Bitmap Heap Scan on sbtest6  (cost=22.23..3696.54 rows=956 width=121)
	        Recheck Cond: ((id >= 6551609) AND (id <= 6552608))
	        ->  Bitmap Index Scan on sbtest6_pkey  (cost=0.00..22.00 rows=956 width=0)
	              Index Cond: ((id >= 6551609) AND (id <= 6552608))

table 7 : explain SELECT c FROM sbtest7 WHERE id BETWEEN 334460 AND 335459 ORDER BY c
	Sort  (cost=3989.96..3992.51 rows=1020 width=121)
	  Sort Key: c
	  ->  Bitmap Heap Scan on sbtest7  (cost=22.89..3938.99 rows=1020 width=121)
	        Recheck Cond: ((id >= 334460) AND (id <= 335459))
	        ->  Bitmap Index Scan on sbtest7_pkey  (cost=0.00..22.64 rows=1020 width=0)
	              Index Cond: ((id >= 334460) AND (id <= 335459))

table 8 : explain SELECT c FROM sbtest8 WHERE id BETWEEN 6533512 AND 6534511 ORDER BY c
	Sort  (cost=3832.97..3835.42 rows=979 width=121)
	  Sort Key: c
	  ->  Bitmap Heap Scan on sbtest8  (cost=22.47..3784.34 rows=979 width=121)
	        Recheck Cond: ((id >= 6533512) AND (id <= 6534511))
	        ->  Bitmap Index Scan on sbtest8_pkey  (cost=0.00..22.22 rows=979 width=0)
	              Index Cond: ((id >= 6533512) AND (id <= 6534511))

for: simple_ranges
table 1 : explain SELECT c FROM sbtest1 WHERE id BETWEEN 895190 AND 896189
	Bitmap Heap Scan on sbtest1  (cost=21.67..3486.65 rows=901 width=121)
	  Recheck Cond: ((id >= 895190) AND (id <= 896189))
	  ->  Bitmap Index Scan on sbtest1_pkey  (cost=0.00..21.44 rows=901 width=0)
	        Index Cond: ((id >= 895190) AND (id <= 896189))

table 2 : explain SELECT c FROM sbtest2 WHERE id BETWEEN 6605460 AND 6606459
	Bitmap Heap Scan on sbtest2  (cost=22.82..3910.10 rows=1013 width=121)
	  Recheck Cond: ((id >= 6605460) AND (id <= 6606459))
	  ->  Bitmap Index Scan on sbtest2_pkey  (cost=0.00..22.57 rows=1013 width=0)
	        Index Cond: ((id >= 6605460) AND (id <= 6606459))

table 3 : explain SELECT c FROM sbtest3 WHERE id BETWEEN 7258144 AND 7259143
	Bitmap Heap Scan on sbtest3  (cost=22.75..3883.86 rows=1006 width=121)
	  Recheck Cond: ((id >= 7258144) AND (id <= 7259143))
	  ->  Bitmap Index Scan on sbtest3_pkey  (cost=0.00..22.50 rows=1006 width=0)
	        Index Cond: ((id >= 7258144) AND (id <= 7259143))

table 4 : explain SELECT c FROM sbtest4 WHERE id BETWEEN 5866394 AND 5867393
	Bitmap Heap Scan on sbtest4  (cost=21.62..3469.76 rows=896 width=121)
	  Recheck Cond: ((id >= 5866394) AND (id <= 5867393))
	  ->  Bitmap Index Scan on sbtest4_pkey  (cost=0.00..21.39 rows=896 width=0)
	        Index Cond: ((id >= 5866394) AND (id <= 5867393))

table 5 : explain SELECT c FROM sbtest5 WHERE id BETWEEN 9940527 AND 9941526
	Bitmap Heap Scan on sbtest5  (cost=23.05..3998.01 rows=1036 width=121)
	  Recheck Cond: ((id >= 9940527) AND (id <= 9941526))
	  ->  Bitmap Index Scan on sbtest5_pkey  (cost=0.00..22.79 rows=1036 width=0)
	        Index Cond: ((id >= 9940527) AND (id <= 9941526))

table 6 : explain SELECT c FROM sbtest6 WHERE id BETWEEN 4941072 AND 4942071
	Bitmap Heap Scan on sbtest6  (cost=22.54..3809.69 rows=986 width=121)
	  Recheck Cond: ((id >= 4941072) AND (id <= 4942071))
	  ->  Bitmap Index Scan on sbtest6_pkey  (cost=0.00..22.29 rows=986 width=0)
	        Index Cond: ((id >= 4941072) AND (id <= 4942071))

table 7 : explain SELECT c FROM sbtest7 WHERE id BETWEEN 597772 AND 598771
	Bitmap Heap Scan on sbtest7  (cost=22.98..3972.89 rows=1029 width=121)
	  Recheck Cond: ((id >= 597772) AND (id <= 598771))
	  ->  Bitmap Index Scan on sbtest7_pkey  (cost=0.00..22.72 rows=1029 width=0)
	        Index Cond: ((id >= 597772) AND (id <= 598771))

table 8 : explain SELECT c FROM sbtest8 WHERE id BETWEEN 5427672 AND 5428671
	Bitmap Heap Scan on sbtest8  (cost=27.67..4228.85 rows=1096 width=121)
	  Recheck Cond: ((id >= 5427672) AND (id <= 5428671))
	  ->  Bitmap Index Scan on sbtest8_pkey  (cost=0.00..27.39 rows=1096 width=0)
	        Index Cond: ((id >= 5427672) AND (id <= 5428671))

for: simple_ranges
table 1 : explain SELECT c FROM sbtest1 WHERE id BETWEEN 7595923 AND 7596922
	Bitmap Heap Scan on sbtest1  (cost=22.47..3780.90 rows=979 width=121)
	  Recheck Cond: ((id >= 7595923) AND (id <= 7596922))
	  ->  Bitmap Index Scan on sbtest1_pkey  (cost=0.00..22.22 rows=979 width=0)
	        Index Cond: ((id >= 7595923) AND (id <= 7596922))

table 2 : explain SELECT c FROM sbtest2 WHERE id BETWEEN 8179828 AND 8180827
	Bitmap Heap Scan on sbtest2  (cost=23.21..4053.06 rows=1051 width=121)
	  Recheck Cond: ((id >= 8179828) AND (id <= 8180827))
	  ->  Bitmap Index Scan on sbtest2_pkey  (cost=0.00..22.94 rows=1051 width=0)
	        Index Cond: ((id >= 8179828) AND (id <= 8180827))

table 3 : explain SELECT c FROM sbtest3 WHERE id BETWEEN 4954516 AND 4955515
	Bitmap Heap Scan on sbtest3  (cost=22.51..3797.22 rows=983 width=121)
	  Recheck Cond: ((id >= 4954516) AND (id <= 4955515))
	  ->  Bitmap Index Scan on sbtest3_pkey  (cost=0.00..22.26 rows=983 width=0)
	        Index Cond: ((id >= 4954516) AND (id <= 4955515))

table 4 : explain SELECT c FROM sbtest4 WHERE id BETWEEN 1280810 AND 1281809
	Bitmap Heap Scan on sbtest4  (cost=27.40..4129.79 rows=1070 width=121)
	  Recheck Cond: ((id >= 1280810) AND (id <= 1281809))
	  ->  Bitmap Index Scan on sbtest4_pkey  (cost=0.00..27.14 rows=1070 width=0)
	        Index Cond: ((id >= 1280810) AND (id <= 1281809))

table 5 : explain SELECT c FROM sbtest5 WHERE id BETWEEN 1305551 AND 1306550
	Bitmap Heap Scan on sbtest5  (cost=22.70..3866.21 rows=1001 width=121)
	  Recheck Cond: ((id >= 1305551) AND (id <= 1306550))
	  ->  Bitmap Index Scan on sbtest5_pkey  (cost=0.00..22.44 rows=1001 width=0)
	        Index Cond: ((id >= 1305551) AND (id <= 1306550))

table 6 : explain SELECT c FROM sbtest6 WHERE id BETWEEN 5423357 AND 5424356
	Bitmap Heap Scan on sbtest6  (cost=22.29..3715.40 rows=961 width=121)
	  Recheck Cond: ((id >= 5423357) AND (id <= 5424356))
	  ->  Bitmap Index Scan on sbtest6_pkey  (cost=0.00..22.04 rows=961 width=0)
	        Index Cond: ((id >= 5423357) AND (id <= 5424356))

table 7 : explain SELECT c FROM sbtest7 WHERE id BETWEEN 3170465 AND 3171464
	Bitmap Heap Scan on sbtest7  (cost=21.87..3561.61 rows=920 width=121)
	  Recheck Cond: ((id >= 3170465) AND (id <= 3171464))
	  ->  Bitmap Index Scan on sbtest7_pkey  (cost=0.00..21.64 rows=920 width=0)
	        Index Cond: ((id >= 3170465) AND (id <= 3171464))

table 8 : explain SELECT c FROM sbtest8 WHERE id BETWEEN 518231 AND 519230
	Bitmap Heap Scan on sbtest8  (cost=22.21..3689.99 rows=954 width=121)
	  Recheck Cond: ((id >= 518231) AND (id <= 519230))
	  ->  Bitmap Index Scan on sbtest8_pkey  (cost=0.00..21.97 rows=954 width=0)
	        Index Cond: ((id >= 518231) AND (id <= 519230))

for: distinct_ranges
table 1 : explain SELECT DISTINCT c FROM sbtest1 WHERE id BETWEEN 9665798 AND 9666797 ORDER BY c
	Unique  (cost=3684.13..3688.83 rows=941 width=121)
	  ->  Sort  (cost=3684.13..3686.48 rows=941 width=121)
	        Sort Key: c
	        ->  Bitmap Heap Scan on sbtest1  (cost=22.08..3637.65 rows=941 width=121)
	              Recheck Cond: ((id >= 9665798) AND (id <= 9666797))
	              ->  Bitmap Index Scan on sbtest1_pkey  (cost=0.00..21.84 rows=941 width=0)
	                    Index Cond: ((id >= 9665798) AND (id <= 9666797))

table 2 : explain SELECT DISTINCT c FROM sbtest2 WHERE id BETWEEN 6885615 AND 6886614 ORDER BY c
	Unique  (cost=4224.07..4229.48 rows=1082 width=121)
	  ->  Sort  (cost=4224.07..4226.78 rows=1082 width=121)
	        Sort Key: c
	        ->  Bitmap Heap Scan on sbtest2  (cost=23.53..4169.54 rows=1082 width=121)
	              Recheck Cond: ((id >= 6885615) AND (id <= 6886614))
	              ->  Bitmap Index Scan on sbtest2_pkey  (cost=0.00..23.25 rows=1082 width=0)
	                    Index Cond: ((id >= 6885615) AND (id <= 6886614))

table 3 : explain SELECT DISTINCT c FROM sbtest3 WHERE id BETWEEN 2250893 AND 2251892 ORDER BY c
	Unique  (cost=4010.46..4015.59 rows=1026 width=121)
	  ->  Sort  (cost=4010.46..4013.03 rows=1026 width=121)
	        Sort Key: c
	        ->  Bitmap Heap Scan on sbtest3  (cost=22.95..3959.15 rows=1026 width=121)
	              Recheck Cond: ((id >= 2250893) AND (id <= 2251892))
	              ->  Bitmap Index Scan on sbtest3_pkey  (cost=0.00..22.69 rows=1026 width=0)
	                    Index Cond: ((id >= 2250893) AND (id <= 2251892))

table 4 : explain SELECT DISTINCT c FROM sbtest4 WHERE id BETWEEN 4379680 AND 4380679 ORDER BY c
	Unique  (cost=3965.71..3970.78 rows=1014 width=121)
	  ->  Sort  (cost=3965.71..3968.25 rows=1014 width=121)
	        Sort Key: c
	        ->  Bitmap Heap Scan on sbtest4  (cost=22.83..3915.08 rows=1014 width=121)
	              Recheck Cond: ((id >= 4379680) AND (id <= 4380679))
	              ->  Bitmap Index Scan on sbtest4_pkey  (cost=0.00..22.57 rows=1014 width=0)
	                    Index Cond: ((id >= 4379680) AND (id <= 4380679))

table 5 : explain SELECT DISTINCT c FROM sbtest5 WHERE id BETWEEN 7409906 AND 7410905 ORDER BY c
	Unique  (cost=4260.05..4265.50 rows=1090 width=121)
	  ->  Sort  (cost=4260.05..4262.78 rows=1090 width=121)
	        Sort Key: c
	        ->  Bitmap Heap Scan on sbtest5  (cost=27.61..4205.06 rows=1090 width=121)
	              Recheck Cond: ((id >= 7409906) AND (id <= 7410905))
	              ->  Bitmap Index Scan on sbtest5_pkey  (cost=0.00..27.33 rows=1090 width=0)
	                    Index Cond: ((id >= 7409906) AND (id <= 7410905))

table 6 : explain SELECT DISTINCT c FROM sbtest6 WHERE id BETWEEN 5072598 AND 5073597 ORDER BY c
	Unique  (cost=4183.76..4189.11 rows=1070 width=121)
	  ->  Sort  (cost=4183.76..4186.43 rows=1070 width=121)
	        Sort Key: c
	        ->  Bitmap Heap Scan on sbtest6  (cost=27.40..4129.92 rows=1070 width=121)
	              Recheck Cond: ((id >= 5072598) AND (id <= 5073597))
	              ->  Bitmap Index Scan on sbtest6_pkey  (cost=0.00..27.14 rows=1070 width=0)
	                    Index Cond: ((id >= 5072598) AND (id <= 5073597))

table 7 : explain SELECT DISTINCT c FROM sbtest7 WHERE id BETWEEN 646815 AND 647814 ORDER BY c
	Unique  (cost=4024.38..4029.52 rows=1029 width=121)
	  ->  Sort  (cost=4024.38..4026.95 rows=1029 width=121)
	        Sort Key: c
	        ->  Bitmap Heap Scan on sbtest7  (cost=22.98..3972.89 rows=1029 width=121)
	              Recheck Cond: ((id >= 646815) AND (id <= 647814))
	              ->  Bitmap Index Scan on sbtest7_pkey  (cost=0.00..22.72 rows=1029 width=0)
	                    Index Cond: ((id >= 646815) AND (id <= 647814))

table 8 : explain SELECT DISTINCT c FROM sbtest8 WHERE id BETWEEN 1200247 AND 1201246 ORDER BY c
	Unique  (cost=3790.84..3795.68 rows=968 width=121)
	  ->  Sort  (cost=3790.84..3793.26 rows=968 width=121)
	        Sort Key: c
	        ->  Bitmap Heap Scan on sbtest8  (cost=22.36..3742.84 rows=968 width=121)
	              Recheck Cond: ((id >= 1200247) AND (id <= 1201246))
	              ->  Bitmap Index Scan on sbtest8_pkey  (cost=0.00..22.11 rows=968 width=0)
	                    Index Cond: ((id >= 1200247) AND (id <= 1201246))

for: distinct_ranges
table 1 : explain SELECT DISTINCT c FROM sbtest1 WHERE id BETWEEN 9182755 AND 9183754 ORDER BY c
	Unique  (cost=4123.62..4128.90 rows=1056 width=121)
	  ->  Sort  (cost=4123.62..4126.26 rows=1056 width=121)
	        Sort Key: c
	        ->  Bitmap Heap Scan on sbtest1  (cost=23.26..4070.59 rows=1056 width=121)
	              Recheck Cond: ((id >= 9182755) AND (id <= 9183754))
	              ->  Bitmap Index Scan on sbtest1_pkey  (cost=0.00..23.00 rows=1056 width=0)
	                    Index Cond: ((id >= 9182755) AND (id <= 9183754))

table 2 : explain SELECT DISTINCT c FROM sbtest2 WHERE id BETWEEN 8434206 AND 8435205 ORDER BY c
	Unique  (cost=3627.72..3632.35 rows=926 width=121)
	  ->  Sort  (cost=3627.72..3630.03 rows=926 width=121)
	        Sort Key: c
	        ->  Bitmap Heap Scan on sbtest2  (cost=21.93..3582.09 rows=926 width=121)
	              Recheck Cond: ((id >= 8434206) AND (id <= 8435205))
	              ->  Bitmap Index Scan on sbtest2_pkey  (cost=0.00..21.69 rows=926 width=0)
	                    Index Cond: ((id >= 8434206) AND (id <= 8435205))

table 3 : explain SELECT DISTINCT c FROM sbtest3 WHERE id BETWEEN 2413438 AND 2414437 ORDER BY c
	Unique  (cost=3846.08..3851.00 rows=983 width=121)
	  ->  Sort  (cost=3846.08..3848.54 rows=983 width=121)
	        Sort Key: c
	        ->  Bitmap Heap Scan on sbtest3  (cost=22.51..3797.22 rows=983 width=121)
	              Recheck Cond: ((id >= 2413438) AND (id <= 2414437))
	              ->  Bitmap Index Scan on sbtest3_pkey  (cost=0.00..22.26 rows=983 width=0)
	                    Index Cond: ((id >= 2413438) AND (id <= 2414437))

table 4 : explain SELECT DISTINCT c FROM sbtest4 WHERE id BETWEEN 8527088 AND 8528087 ORDER BY c
	Unique  (cost=3709.27..3714.01 rows=947 width=121)
	  ->  Sort  (cost=3709.27..3711.64 rows=947 width=121)
	        Sort Key: c
	        ->  Bitmap Heap Scan on sbtest4  (cost=22.14..3662.46 rows=947 width=121)
	              Recheck Cond: ((id >= 8527088) AND (id <= 8528087))
	              ->  Bitmap Index Scan on sbtest4_pkey  (cost=0.00..21.90 rows=947 width=0)
	                    Index Cond: ((id >= 8527088) AND (id <= 8528087))

table 5 : explain SELECT DISTINCT c FROM sbtest5 WHERE id BETWEEN 1255887 AND 1256886 ORDER BY c
	Unique  (cost=3916.10..3921.10 rows=1001 width=121)
	  ->  Sort  (cost=3916.10..3918.60 rows=1001 width=121)
	        Sort Key: c
	        ->  Bitmap Heap Scan on sbtest5  (cost=22.70..3866.21 rows=1001 width=121)
	              Recheck Cond: ((id >= 1255887) AND (id <= 1256886))
	              ->  Bitmap Index Scan on sbtest5_pkey  (cost=0.00..22.44 rows=1001 width=0)
	                    Index Cond: ((id >= 1255887) AND (id <= 1256886))

table 6 : explain SELECT DISTINCT c FROM sbtest6 WHERE id BETWEEN 6935974 AND 6936973 ORDER BY c
	Unique  (cost=4007.88..4013.01 rows=1025 width=121)
	  ->  Sort  (cost=4007.88..4010.44 rows=1025 width=121)
	        Sort Key: c
	        ->  Bitmap Heap Scan on sbtest6  (cost=22.94..3956.62 rows=1025 width=121)
	              Recheck Cond: ((id >= 6935974) AND (id <= 6936973))
	              ->  Bitmap Index Scan on sbtest6_pkey  (cost=0.00..22.68 rows=1025 width=0)
	                    Index Cond: ((id >= 6935974) AND (id <= 6936973))

table 7 : explain SELECT DISTINCT c FROM sbtest7 WHERE id BETWEEN 3245700 AND 3246699 ORDER BY c
	Unique  (cost=4314.81..4320.33 rows=1104 width=121)
	  ->  Sort  (cost=4314.81..4317.57 rows=1104 width=121)
	        Sort Key: c
	        ->  Bitmap Heap Scan on sbtest7  (cost=27.75..4259.01 rows=1104 width=121)
	              Recheck Cond: ((id >= 3245700) AND (id <= 3246699))
	              ->  Bitmap Index Scan on sbtest7_pkey  (cost=0.00..27.47 rows=1104 width=0)
	                    Index Cond: ((id >= 3245700) AND (id <= 3246699))

table 8 : explain SELECT DISTINCT c FROM sbtest8 WHERE id BETWEEN 7712543 AND 7713542 ORDER BY c
	Unique  (cost=4039.76..4044.92 rows=1032 width=121)
	  ->  Sort  (cost=4039.76..4042.34 rows=1032 width=121)
	        Sort Key: c
	        ->  Bitmap Heap Scan on sbtest8  (cost=27.01..3988.10 rows=1032 width=121)
	              Recheck Cond: ((id >= 7712543) AND (id <= 7713542))
	              ->  Bitmap Index Scan on sbtest8_pkey  (cost=0.00..26.75 rows=1032 width=0)
	                    Index Cond: ((id >= 7712543) AND (id <= 7713542))

for: distinct_ranges
table 1 : explain SELECT DISTINCT c FROM sbtest1 WHERE id BETWEEN 3455925 AND 3456924 ORDER BY c
	Unique  (cost=3607.52..3612.13 rows=921 width=121)
	  ->  Sort  (cost=3607.52..3609.83 rows=921 width=121)
	        Sort Key: c
	        ->  Bitmap Heap Scan on sbtest1  (cost=21.88..3562.18 rows=921 width=121)
	              Recheck Cond: ((id >= 3455925) AND (id <= 3456924))
	              ->  Bitmap Index Scan on sbtest1_pkey  (cost=0.00..21.64 rows=921 width=0)
	                    Index Cond: ((id >= 3455925) AND (id <= 3456924))

table 2 : explain SELECT DISTINCT c FROM sbtest2 WHERE id BETWEEN 3813905 AND 3814904 ORDER BY c
	Unique  (cost=4197.38..4202.75 rows=1075 width=121)
	  ->  Sort  (cost=4197.38..4200.07 rows=1075 width=121)
	        Sort Key: c
	        ->  Bitmap Heap Scan on sbtest2  (cost=23.45..4143.25 rows=1075 width=121)
	              Recheck Cond: ((id >= 3813905) AND (id <= 3814904))
	              ->  Bitmap Index Scan on sbtest2_pkey  (cost=0.00..23.18 rows=1075 width=0)
	                    Index Cond: ((id >= 3813905) AND (id <= 3814904))

table 3 : explain SELECT DISTINCT c FROM sbtest3 WHERE id BETWEEN 2122064 AND 2123063 ORDER BY c
	Unique  (cost=4056.30..4061.49 rows=1038 width=121)
	  ->  Sort  (cost=4056.30..4058.89 rows=1038 width=121)
	        Sort Key: c
	        ->  Bitmap Heap Scan on sbtest3  (cost=23.07..4004.30 rows=1038 width=121)
	              Recheck Cond: ((id >= 2122064) AND (id <= 2123063))
	              ->  Bitmap Index Scan on sbtest3_pkey  (cost=0.00..22.82 rows=1038 width=0)
	                    Index Cond: ((id >= 2122064) AND (id <= 2123063))

table 4 : explain SELECT DISTINCT c FROM sbtest4 WHERE id BETWEEN 8072166 AND 8073165 ORDER BY c
	Unique  (cost=3544.40..3548.92 rows=904 width=121)
	  ->  Sort  (cost=3544.40..3546.66 rows=904 width=121)
	        Sort Key: c
	        ->  Bitmap Heap Scan on sbtest4  (cost=21.70..3500.01 rows=904 width=121)
	              Recheck Cond: ((id >= 8072166) AND (id <= 8073165))
	              ->  Bitmap Index Scan on sbtest4_pkey  (cost=0.00..21.47 rows=904 width=0)
	                    Index Cond: ((id >= 8072166) AND (id <= 8073165))

table 5 : explain SELECT DISTINCT c FROM sbtest5 WHERE id BETWEEN 2668277 AND 2669276 ORDER BY c
	Unique  (cost=3640.37..3645.02 rows=929 width=121)
	  ->  Sort  (cost=3640.37..3642.70 rows=929 width=121)
	        Sort Key: c
	        ->  Bitmap Heap Scan on sbtest5  (cost=21.96..3594.58 rows=929 width=121)
	              Recheck Cond: ((id >= 2668277) AND (id <= 2669276))
	              ->  Bitmap Index Scan on sbtest5_pkey  (cost=0.00..21.72 rows=929 width=0)
	                    Index Cond: ((id >= 2668277) AND (id <= 2669276))

table 6 : explain SELECT DISTINCT c FROM sbtest6 WHERE id BETWEEN 8814731 AND 8815730 ORDER BY c
	Unique  (cost=3636.56..3641.20 rows=928 width=121)
	  ->  Sort  (cost=3636.56..3638.88 rows=928 width=121)
	        Sort Key: c
	        ->  Bitmap Heap Scan on sbtest6  (cost=21.95..3590.82 rows=928 width=121)
	              Recheck Cond: ((id >= 8814731) AND (id <= 8815730))
	              ->  Bitmap Index Scan on sbtest6_pkey  (cost=0.00..21.71 rows=928 width=0)
	                    Index Cond: ((id >= 8814731) AND (id <= 8815730))

table 7 : explain SELECT DISTINCT c FROM sbtest7 WHERE id BETWEEN 1132462 AND 1133461 ORDER BY c
	Unique  (cost=3553.17..3557.70 rows=906 width=121)
	  ->  Sort  (cost=3553.17..3555.44 rows=906 width=121)
	        Sort Key: c
	        ->  Bitmap Heap Scan on sbtest7  (cost=21.72..3508.67 rows=906 width=121)
	              Recheck Cond: ((id >= 1132462) AND (id <= 1133461))
	              ->  Bitmap Index Scan on sbtest7_pkey  (cost=0.00..21.50 rows=906 width=0)
	                    Index Cond: ((id >= 1132462) AND (id <= 1133461))

table 8 : explain SELECT DISTINCT c FROM sbtest8 WHERE id BETWEEN 1008463 AND 1009462 ORDER BY c
	Unique  (cost=3345.64..3349.90 rows=852 width=121)
	  ->  Sort  (cost=3345.64..3347.77 rows=852 width=121)
	        Sort Key: c
	        ->  Bitmap Heap Scan on sbtest8  (cost=21.17..3304.17 rows=852 width=121)
	              Recheck Cond: ((id >= 1008463) AND (id <= 1009462))
	              ->  Bitmap Index Scan on sbtest8_pkey  (cost=0.00..20.95 rows=852 width=0)
	                    Index Cond: ((id >= 1008463) AND (id <= 1009462))

for: order_ranges
table 1 : explain SELECT c FROM sbtest1 WHERE id BETWEEN 8798476 AND 8799475 ORDER BY c
	Sort  (cost=3768.33..3770.74 rows=963 width=121)
	  Sort Key: c
	  ->  Bitmap Heap Scan on sbtest1  (cost=22.31..3720.61 rows=963 width=121)
	        Recheck Cond: ((id >= 8798476) AND (id <= 8799475))
	        ->  Bitmap Index Scan on sbtest1_pkey  (cost=0.00..22.07 rows=963 width=0)
	              Index Cond: ((id >= 8798476) AND (id <= 8799475))

table 2 : explain SELECT c FROM sbtest2 WHERE id BETWEEN 2143161 AND 2144160 ORDER BY c
	Sort  (cost=3845.96..3848.42 rows=983 width=121)
	  Sort Key: c
	  ->  Bitmap Heap Scan on sbtest2  (cost=22.51..3797.10 rows=983 width=121)
	        Recheck Cond: ((id >= 2143161) AND (id <= 2144160))
	        ->  Bitmap Index Scan on sbtest2_pkey  (cost=0.00..22.26 rows=983 width=0)
	              Index Cond: ((id >= 2143161) AND (id <= 2144160))

table 3 : explain SELECT c FROM sbtest3 WHERE id BETWEEN 6274378 AND 6275377 ORDER BY c
	Sort  (cost=3551.15..3553.41 rows=906 width=121)
	  Sort Key: c
	  ->  Bitmap Heap Scan on sbtest3  (cost=21.72..3506.65 rows=906 width=121)
	        Recheck Cond: ((id >= 6274378) AND (id <= 6275377))
	        ->  Bitmap Index Scan on sbtest3_pkey  (cost=0.00..21.50 rows=906 width=0)
	              Index Cond: ((id >= 6274378) AND (id <= 6275377))

table 4 : explain SELECT c FROM sbtest4 WHERE id BETWEEN 6366402 AND 6367401 ORDER BY c
	Sort  (cost=3835.65..3838.10 rows=980 width=121)
	  Sort Key: c
	  ->  Bitmap Heap Scan on sbtest4  (cost=22.48..3786.96 rows=980 width=121)
	        Recheck Cond: ((id >= 6366402) AND (id <= 6367401))
	        ->  Bitmap Index Scan on sbtest4_pkey  (cost=0.00..22.23 rows=980 width=0)
	              Index Cond: ((id >= 6366402) AND (id <= 6367401))

table 5 : explain SELECT c FROM sbtest5 WHERE id BETWEEN 327492 AND 328491 ORDER BY c
	Sort  (cost=4263.87..4266.59 rows=1091 width=121)
	  Sort Key: c
	  ->  Bitmap Heap Scan on sbtest5  (cost=27.62..4208.82 rows=1091 width=121)
	        Recheck Cond: ((id >= 327492) AND (id <= 328491))
	        ->  Bitmap Index Scan on sbtest5_pkey  (cost=0.00..27.34 rows=1091 width=0)
	              Index Cond: ((id >= 327492) AND (id <= 328491))

table 6 : explain SELECT c FROM sbtest6 WHERE id BETWEEN 2536103 AND 2537102 ORDER BY c
	Sort  (cost=4427.88..4430.72 rows=1135 width=121)
	  Sort Key: c
	  ->  Bitmap Heap Scan on sbtest6  (cost=28.07..4370.29 rows=1135 width=121)
	        Recheck Cond: ((id >= 2536103) AND (id <= 2537102))
	        ->  Bitmap Index Scan on sbtest6_pkey  (cost=0.00..27.79 rows=1135 width=0)
	              Index Cond: ((id >= 2536103) AND (id <= 2537102))

table 7 : explain SELECT c FROM sbtest7 WHERE id BETWEEN 2414074 AND 2415073 ORDER BY c
	Sort  (cost=3921.10..3923.61 rows=1002 width=121)
	  Sort Key: c
	  ->  Bitmap Heap Scan on sbtest7  (cost=22.71..3871.16 rows=1002 width=121)
	        Recheck Cond: ((id >= 2414074) AND (id <= 2415073))
	        ->  Bitmap Index Scan on sbtest7_pkey  (cost=0.00..22.45 rows=1002 width=0)
	              Index Cond: ((id >= 2414074) AND (id <= 2415073))

table 8 : explain SELECT c FROM sbtest8 WHERE id BETWEEN 3979327 AND 3980326 ORDER BY c
	Sort  (cost=4016.82..4019.39 rows=1026 width=121)
	  Sort Key: c
	  ->  Bitmap Heap Scan on sbtest8  (cost=26.95..3965.51 rows=1026 width=121)
	        Recheck Cond: ((id >= 3979327) AND (id <= 3980326))
	        ->  Bitmap Index Scan on sbtest8_pkey  (cost=0.00..26.69 rows=1026 width=0)
	              Index Cond: ((id >= 3979327) AND (id <= 3980326))

explain: for point_selects :: explain SELECT c FROM sbtest%u WHERE id=%u
for point_selects
table 1 : explain SELECT c FROM sbtest1 WHERE id=666235
	Index Scan using sbtest1_pkey on sbtest1  (cost=0.43..8.45 rows=1 width=121)
	  Index Cond: (id = 666235)

table 2 : explain SELECT c FROM sbtest2 WHERE id=3327243
	Index Scan using sbtest2_pkey on sbtest2  (cost=0.43..8.45 rows=1 width=121)
	  Index Cond: (id = 3327243)

table 3 : explain SELECT c FROM sbtest3 WHERE id=6277077
	Index Scan using sbtest3_pkey on sbtest3  (cost=0.43..8.45 rows=1 width=121)
	  Index Cond: (id = 6277077)

table 4 : explain SELECT c FROM sbtest4 WHERE id=3770789
	Index Scan using sbtest4_pkey on sbtest4  (cost=0.43..8.45 rows=1 width=121)
	  Index Cond: (id = 3770789)

table 5 : explain SELECT c FROM sbtest5 WHERE id=8356730
	Index Scan using sbtest5_pkey on sbtest5  (cost=0.43..8.45 rows=1 width=121)
	  Index Cond: (id = 8356730)

table 6 : explain SELECT c FROM sbtest6 WHERE id=7746022
	Index Scan using sbtest6_pkey on sbtest6  (cost=0.43..8.45 rows=1 width=121)
	  Index Cond: (id = 7746022)

table 7 : explain SELECT c FROM sbtest7 WHERE id=3005099
	Index Scan using sbtest7_pkey on sbtest7  (cost=0.43..8.45 rows=1 width=121)
	  Index Cond: (id = 3005099)

table 8 : explain SELECT c FROM sbtest8 WHERE id=1861482
	Index Scan using sbtest8_pkey on sbtest8  (cost=0.43..8.45 rows=1 width=121)
	  Index Cond: (id = 1861482)

for: sum_ranges
table 1 : explain SELECT SUM(k) FROM sbtest1 WHERE id BETWEEN 2654017 AND 2655016
	Aggregate  (cost=3794.65..3794.66 rows=1 width=8)
	  ->  Bitmap Heap Scan on sbtest1  (cost=22.50..3792.20 rows=982 width=4)
	        Recheck Cond: ((id >= 2654017) AND (id <= 2655016))
	        ->  Bitmap Index Scan on sbtest1_pkey  (cost=0.00..22.25 rows=982 width=0)
	              Index Cond: ((id >= 2654017) AND (id <= 2655016))

table 2 : explain SELECT SUM(k) FROM sbtest2 WHERE id BETWEEN 6914683 AND 6915682
	Aggregate  (cost=4172.25..4172.26 rows=1 width=8)
	  ->  Bitmap Heap Scan on sbtest2  (cost=23.53..4169.54 rows=1082 width=4)
	        Recheck Cond: ((id >= 6914683) AND (id <= 6915682))
	        ->  Bitmap Index Scan on sbtest2_pkey  (cost=0.00..23.25 rows=1082 width=0)
	              Index Cond: ((id >= 6914683) AND (id <= 6915682))

table 3 : explain SELECT SUM(k) FROM sbtest3 WHERE id BETWEEN 8366937 AND 8367936
	Aggregate  (cost=3863.77..3863.78 rows=1 width=8)
	  ->  Bitmap Heap Scan on sbtest3  (cost=22.68..3861.27 rows=1000 width=4)
	        Recheck Cond: ((id >= 8366937) AND (id <= 8367936))
	        ->  Bitmap Index Scan on sbtest3_pkey  (cost=0.00..22.43 rows=1000 width=0)
	              Index Cond: ((id >= 8366937) AND (id <= 8367936))

table 4 : explain SELECT SUM(k) FROM sbtest4 WHERE id BETWEEN 9689765 AND 9690764
	Aggregate  (cost=3898.77..3898.78 rows=1 width=8)
	  ->  Bitmap Heap Scan on sbtest4  (cost=22.78..3896.25 rows=1009 width=4)
	        Recheck Cond: ((id >= 9689765) AND (id <= 9690764))
	        ->  Bitmap Index Scan on sbtest4_pkey  (cost=0.00..22.52 rows=1009 width=0)
	              Index Cond: ((id >= 9689765) AND (id <= 9690764))

table 5 : explain SELECT SUM(k) FROM sbtest5 WHERE id BETWEEN 5795786 AND 5796785
	Aggregate  (cost=3849.86..3849.87 rows=1 width=8)
	  ->  Bitmap Heap Scan on sbtest5  (cost=22.64..3847.37 rows=996 width=4)
	        Recheck Cond: ((id >= 5795786) AND (id <= 5796785))
	        ->  Bitmap Index Scan on sbtest5_pkey  (cost=0.00..22.39 rows=996 width=0)
	              Index Cond: ((id >= 5795786) AND (id <= 5796785))

table 6 : explain SELECT SUM(k) FROM sbtest6 WHERE id BETWEEN 9273146 AND 9274145
	Aggregate  (cost=3574.23..3574.24 rows=1 width=8)
	  ->  Bitmap Heap Scan on sbtest6  (cost=21.90..3571.93 rows=923 width=4)
	        Recheck Cond: ((id >= 9273146) AND (id <= 9274145))
	        ->  Bitmap Index Scan on sbtest6_pkey  (cost=0.00..21.66 rows=923 width=0)
	              Index Cond: ((id >= 9273146) AND (id <= 9274145))

table 7 : explain SELECT SUM(k) FROM sbtest7 WHERE id BETWEEN 5172207 AND 5173206
	Aggregate  (cost=3907.61..3907.62 rows=1 width=8)
	  ->  Bitmap Heap Scan on sbtest7  (cost=22.80..3905.08 rows=1011 width=4)
	        Recheck Cond: ((id >= 5172207) AND (id <= 5173206))
	        ->  Bitmap Index Scan on sbtest7_pkey  (cost=0.00..22.54 rows=1011 width=0)
	              Index Cond: ((id >= 5172207) AND (id <= 5173206))

table 8 : explain SELECT SUM(k) FROM sbtest8 WHERE id BETWEEN 6146520 AND 6147519
	Aggregate  (cost=3469.23..3469.24 rows=1 width=8)
	  ->  Bitmap Heap Scan on sbtest8  (cost=21.61..3466.99 rows=895 width=4)
	        Recheck Cond: ((id >= 6146520) AND (id <= 6147519))
	        ->  Bitmap Index Scan on sbtest8_pkey  (cost=0.00..21.39 rows=895 width=0)
	              Index Cond: ((id >= 6146520) AND (id <= 6147519))

for: sum_ranges
table 1 : explain SELECT SUM(k) FROM sbtest1 WHERE id BETWEEN 1057659 AND 1058658
	Aggregate  (cost=4253.82..4253.83 rows=1 width=8)
	  ->  Bitmap Heap Scan on sbtest1  (cost=27.75..4251.06 rows=1104 width=4)
	        Recheck Cond: ((id >= 1057659) AND (id <= 1058658))
	        ->  Bitmap Index Scan on sbtest1_pkey  (cost=0.00..27.47 rows=1104 width=0)
	              Index Cond: ((id >= 1057659) AND (id <= 1058658))

table 2 : explain SELECT SUM(k) FROM sbtest2 WHERE id BETWEEN 6683387 AND 6684386
	Aggregate  (cost=3561.73..3561.74 rows=1 width=8)
	  ->  Bitmap Heap Scan on sbtest2  (cost=21.87..3559.43 rows=920 width=4)
	        Recheck Cond: ((id >= 6683387) AND (id <= 6684386))
	        ->  Bitmap Index Scan on sbtest2_pkey  (cost=0.00..21.64 rows=920 width=0)
	              Index Cond: ((id >= 6683387) AND (id <= 6684386))

table 3 : explain SELECT SUM(k) FROM sbtest3 WHERE id BETWEEN 8252168 AND 8253167
	Aggregate  (cost=3818.53..3818.54 rows=1 width=8)
	  ->  Bitmap Heap Scan on sbtest3  (cost=22.56..3816.06 rows=988 width=4)
	        Recheck Cond: ((id >= 8252168) AND (id <= 8253167))
	        ->  Bitmap Index Scan on sbtest3_pkey  (cost=0.00..22.32 rows=988 width=0)
	              Index Cond: ((id >= 8252168) AND (id <= 8253167))

table 4 : explain SELECT SUM(k) FROM sbtest4 WHERE id BETWEEN 9221168 AND 9222167
	Aggregate  (cost=3713.92..3713.93 rows=1 width=8)
	  ->  Bitmap Heap Scan on sbtest4  (cost=22.27..3711.52 rows=960 width=4)
	        Recheck Cond: ((id >= 9221168) AND (id <= 9222167))
	        ->  Bitmap Index Scan on sbtest4_pkey  (cost=0.00..22.04 rows=960 width=0)
	              Index Cond: ((id >= 9221168) AND (id <= 9222167))

table 5 : explain SELECT SUM(k) FROM sbtest5 WHERE id BETWEEN 8088251 AND 8089250
	Aggregate  (cost=3962.94..3962.95 rows=1 width=8)
	  ->  Bitmap Heap Scan on sbtest5  (cost=22.95..3960.37 rows=1026 width=4)
	        Recheck Cond: ((id >= 8088251) AND (id <= 8089250))
	        ->  Bitmap Index Scan on sbtest5_pkey  (cost=0.00..22.69 rows=1026 width=0)
	              Index Cond: ((id >= 8088251) AND (id <= 8089250))

table 6 : explain SELECT SUM(k) FROM sbtest6 WHERE id BETWEEN 9489651 AND 9490650
	Aggregate  (cost=3872.50..3872.51 rows=1 width=8)
	  ->  Bitmap Heap Scan on sbtest6  (cost=22.71..3870.00 rows=1002 width=4)
	        Recheck Cond: ((id >= 9489651) AND (id <= 9490650))
	        ->  Bitmap Index Scan on sbtest6_pkey  (cost=0.00..22.45 rows=1002 width=0)
	              Index Cond: ((id >= 9489651) AND (id <= 9490650))

table 7 : explain SELECT SUM(k) FROM sbtest7 WHERE id BETWEEN 8700006 AND 8701005
	Aggregate  (cost=3783.09..3783.10 rows=1 width=8)
	  ->  Bitmap Heap Scan on sbtest7  (cost=22.46..3780.65 rows=978 width=4)
	        Recheck Cond: ((id >= 8700006) AND (id <= 8701005))
	        ->  Bitmap Index Scan on sbtest7_pkey  (cost=0.00..22.21 rows=978 width=0)
	              Index Cond: ((id >= 8700006) AND (id <= 8701005))

table 8 : explain SELECT SUM(k) FROM sbtest8 WHERE id BETWEEN 8124097 AND 8125096
	Aggregate  (cost=4066.02..4066.03 rows=1 width=8)
	  ->  Bitmap Heap Scan on sbtest8  (cost=27.22..4063.39 rows=1052 width=4)
	        Recheck Cond: ((id >= 8124097) AND (id <= 8125096))
	        ->  Bitmap Index Scan on sbtest8_pkey  (cost=0.00..26.95 rows=1052 width=0)
	              Index Cond: ((id >= 8124097) AND (id <= 8125096))

explain: for point_selects :: explain SELECT c FROM sbtest%u WHERE id=%uexplain: for point_selects :: explain SELECT c FROM sbtest%u WHERE id=%u

explain: for point_selects :: explain SELECT c FROM sbtest%u WHERE id=%u
for: sum_ranges
table 1 : explain SELECT SUM(k) FROM sbtest1 WHERE id BETWEEN 7151715 AND 7152714
	Aggregate  (cost=4043.14..4043.15 rows=1 width=8)
	  ->  Bitmap Heap Scan on sbtest1  (cost=23.18..4040.52 rows=1048 width=4)
	        Recheck Cond: ((id >= 7151715) AND (id <= 7152714))
	        ->  Bitmap Index Scan on sbtest1_pkey  (cost=0.00..22.91 rows=1048 width=0)
	              Index Cond: ((id >= 7151715) AND (id <= 7152714))

table 2 : explain SELECT SUM(k) FROM sbtest2 WHERE id BETWEEN 4741756 AND 4742755
	Aggregate  (cost=4070.73..4070.74 rows=1 width=8)
	  ->  Bitmap Heap Scan on sbtest2  (cost=23.25..4068.09 rows=1055 width=4)
	        Recheck Cond: ((id >= 4741756) AND (id <= 4742755))
	        ->  Bitmap Index Scan on sbtest2_pkey  (cost=0.00..22.98 rows=1055 width=0)
	              Index Cond: ((id >= 4741756) AND (id <= 4742755))

table 3 : explain SELECT SUM(k) FROM sbtest3 WHERE id BETWEEN 7401851 AND 7402850
	Aggregate  (cost=3878.84..3878.85 rows=1 width=8)
	  ->  Bitmap Heap Scan on sbtest3  (cost=22.73..3876.33 rows=1004 width=4)
	        Recheck Cond: ((id >= 7401851) AND (id <= 7402850))
	        ->  Bitmap Index Scan on sbtest3_pkey  (cost=0.00..22.47 rows=1004 width=0)
	              Index Cond: ((id >= 7401851) AND (id <= 7402850))

table 4 : explain SELECT SUM(k) FROM sbtest4 WHERE id BETWEEN 1683414 AND 1684413
	Aggregate  (cost=3490.92..3490.93 rows=1 width=8)
	  ->  Bitmap Heap Scan on sbtest4  (cost=21.67..3488.67 rows=901 width=4)
	        Recheck Cond: ((id >= 1683414) AND (id <= 1684413))
	        ->  Bitmap Index Scan on sbtest4_pkey  (cost=0.00..21.44 rows=901 width=0)
	              Index Cond: ((id >= 1683414) AND (id <= 1684413))

table 5 : explain SELECT SUM(k) FROM sbtest5 WHERE id BETWEEN 9453578 AND 9454577
	Aggregate  (cost=3747.99..3748.00 rows=1 width=8)
	  ->  Bitmap Heap Scan on sbtest5  (cost=22.37..3745.57 rows=969 width=4)
	        Recheck Cond: ((id >= 9453578) AND (id <= 9454577))
	        ->  Bitmap Index Scan on sbtest5_pkey  (cost=0.00..22.12 rows=969 width=0)
	              Index Cond: ((id >= 9453578) AND (id <= 9454577))

table 6 : explain SELECT SUM(k) FROM sbtest6 WHERE id BETWEEN 3984016 AND 3985015
	Aggregate  (cost=3944.12..3944.13 rows=1 width=8)
	  ->  Bitmap Heap Scan on sbtest6  (cost=22.90..3941.56 rows=1021 width=4)
	        Recheck Cond: ((id >= 3984016) AND (id <= 3985015))
	        ->  Bitmap Index Scan on sbtest6_pkey  (cost=0.00..22.64 rows=1021 width=0)
	              Index Cond: ((id >= 3984016) AND (id <= 3985015))

table 7 : explain SELECT SUM(k) FROM sbtest7 WHERE id BETWEEN 6898069 AND 6899068
	Aggregate  (cost=3832.16..3832.17 rows=1 width=8)
	  ->  Bitmap Heap Scan on sbtest7  (cost=22.59..3829.68 rows=991 width=4)
	        Recheck Cond: ((id >= 6898069) AND (id <= 6899068))
	        ->  Bitmap Index Scan on sbtest7_pkey  (cost=0.00..22.34 rows=991 width=0)
	              Index Cond: ((id >= 6898069) AND (id <= 6899068))

table 8 : explain SELECT SUM(k) FROM sbtest8 WHERE id BETWEEN 3522658 AND 3523657
	Aggregate  (cost=3605.44..3605.45 rows=1 width=8)
	  ->  Bitmap Heap Scan on sbtest8  (cost=21.98..3603.11 rows=931 width=4)
	        Recheck Cond: ((id >= 3522658) AND (id <= 3523657))
	        ->  Bitmap Index Scan on sbtest8_pkey  (cost=0.00..21.75 rows=931 width=0)
	              Index Cond: ((id >= 3522658) AND (id <= 3523657))

for: distinct_ranges
table 1 : explain SELECT DISTINCT c FROM sbtest1 WHERE id BETWEEN 9217057 AND 9218056 ORDER BY c
	Unique  (cost=4070.20..4075.41 rows=1042 width=121)
	  ->  Sort  (cost=4070.20..4072.81 rows=1042 width=121)
	        Sort Key: c
	        ->  Bitmap Heap Scan on sbtest1  (cost=23.12..4017.97 rows=1042 width=121)
	              Recheck Cond: ((id >= 9217057) AND (id <= 9218056))
	              ->  Bitmap Index Scan on sbtest1_pkey  (cost=0.00..22.86 rows=1042 width=0)
	                    Index Cond: ((id >= 9217057) AND (id <= 9218056))

table 2 : explain SELECT DISTINCT c FROM sbtest2 WHERE id BETWEEN 4241178 AND 4242177 ORDER BY c
	Unique  (cost=3953.02..3958.08 rows=1011 width=121)
	  ->  Sort  (cost=3953.02..3955.55 rows=1011 width=121)
	        Sort Key: c
	        ->  Bitmap Heap Scan on sbtest2  (cost=22.80..3902.57 rows=1011 width=121)
	              Recheck Cond: ((id >= 4241178) AND (id <= 4242177))
	              ->  Bitmap Index Scan on sbtest2_pkey  (cost=0.00..22.54 rows=1011 width=0)
	                    Index Cond: ((id >= 4241178) AND (id <= 4242177))

table 3 : explain SELECT DISTINCT c FROM sbtest3 WHERE id BETWEEN 4278523 AND 4279522 ORDER BY c
	Unique  (cost=4262.53..4267.98 rows=1091 width=121)
	  ->  Sort  (cost=4262.53..4265.25 rows=1091 width=121)
	        Sort Key: c
	        ->  Bitmap Heap Scan on sbtest3  (cost=27.62..4207.48 rows=1091 width=121)
	              Recheck Cond: ((id >= 4278523) AND (id <= 4279522))
	              ->  Bitmap Index Scan on sbtest3_pkey  (cost=0.00..27.34 rows=1091 width=0)
	                    Index Cond: ((id >= 4278523) AND (id <= 4279522))

table 4 : explain SELECT DISTINCT c FROM sbtest4 WHERE id BETWEEN 1633902 AND 1634901 ORDER BY c
	Unique  (cost=3532.89..3537.39 rows=901 width=121)
	  ->  Sort  (cost=3532.89..3535.14 rows=901 width=121)
	        Sort Key: c
	        ->  Bitmap Heap Scan on sbtest4  (cost=21.67..3488.67 rows=901 width=121)
	              Recheck Cond: ((id >= 1633902) AND (id <= 1634901))
	              ->  Bitmap Index Scan on sbtest4_pkey  (cost=0.00..21.44 rows=901 width=0)
	                    Index Cond: ((id >= 1633902) AND (id <= 1634901))

table 5 : explain SELECT DISTINCT c FROM sbtest5 WHERE id BETWEEN 1727559 AND 1728558 ORDER BY c
	Unique  (cost=3793.63..3798.48 rows=969 width=121)
	  ->  Sort  (cost=3793.63..3796.06 rows=969 width=121)
	        Sort Key: c
	        ->  Bitmap Heap Scan on sbtest5  (cost=22.37..3745.57 rows=969 width=121)
	              Recheck Cond: ((id >= 1727559) AND (id <= 1728558))
	              ->  Bitmap Index Scan on sbtest5_pkey  (cost=0.00..22.12 rows=969 width=0)
	                    Index Cond: ((id >= 1727559) AND (id <= 1728558))

table 6 : explain SELECT DISTINCT c FROM sbtest6 WHERE id BETWEEN 2267025 AND 2268024 ORDER BY c
	Unique  (cost=3728.54..3733.30 rows=952 width=121)
	  ->  Sort  (cost=3728.54..3730.92 rows=952 width=121)
	        Sort Key: c
	        ->  Bitmap Heap Scan on sbtest6  (cost=22.19..3681.44 rows=952 width=121)
	              Recheck Cond: ((id >= 2267025) AND (id <= 2268024))
	              ->  Bitmap Index Scan on sbtest6_pkey  (cost=0.00..21.95 rows=952 width=0)
	                    Index Cond: ((id >= 2267025) AND (id <= 2268024))

table 7 : explain SELECT DISTINCT c FROM sbtest7 WHERE id BETWEEN 569689 AND 570688 ORDER BY c
	Unique  (cost=4269.02..4274.48 rows=1092 width=121)
	  ->  Sort  (cost=4269.02..4271.75 rows=1092 width=121)
	        Sort Key: c
	        ->  Bitmap Heap Scan on sbtest7  (cost=27.63..4213.92 rows=1092 width=121)
	              Recheck Cond: ((id >= 569689) AND (id <= 570688))
	              ->  Bitmap Index Scan on sbtest7_pkey  (cost=0.00..27.36 rows=1092 width=0)
	                    Index Cond: ((id >= 569689) AND (id <= 570688))

table 8 : explain SELECT DISTINCT c FROM sbtest8 WHERE id BETWEEN 250778 AND 251777 ORDER BY c
	Unique  (cost=3955.63..3960.68 rows=1010 width=121)
	  ->  Sort  (cost=3955.63..3958.15 rows=1010 width=121)
	        Sort Key: c
	        ->  Bitmap Heap Scan on sbtest8  (cost=26.79..3905.23 rows=1010 width=121)
	              Recheck Cond: ((id >= 250778) AND (id <= 251777))
	              ->  Bitmap Index Scan on sbtest8_pkey  (cost=0.00..26.54 rows=1010 width=0)
	                    Index Cond: ((id >= 250778) AND (id <= 251777))

for: sum_ranges
table 1 : explain SELECT SUM(k) FROM sbtest1 WHERE id BETWEEN 8475998 AND 8476997
	Aggregate  (cost=3967.90..3967.91 rows=1 width=8)
	  ->  Bitmap Heap Scan on sbtest1  (cost=22.97..3965.33 rows=1028 width=4)
	        Recheck Cond: ((id >= 8475998) AND (id <= 8476997))
	        ->  Bitmap Index Scan on sbtest1_pkey  (cost=0.00..22.71 rows=1028 width=0)
	              Index Cond: ((id >= 8475998) AND (id <= 8476997))

table 2 : explain SELECT SUM(k) FROM sbtest2 WHERE id BETWEEN 3199750 AND 3200749
	Aggregate  (cost=3912.63..3912.64 rows=1 width=8)
	  ->  Bitmap Heap Scan on sbtest2  (cost=22.82..3910.10 rows=1013 width=4)
	        Recheck Cond: ((id >= 3199750) AND (id <= 3200749))
	        ->  Bitmap Index Scan on sbtest2_pkey  (cost=0.00..22.57 rows=1013 width=0)
	              Index Cond: ((id >= 3199750) AND (id <= 3200749))

table 3 : explain SELECT SUM(k) FROM sbtest3 WHERE id BETWEEN 2182056 AND 2183055
	Aggregate  (cost=4006.89..4006.90 rows=1 width=8)
	  ->  Bitmap Heap Scan on sbtest3  (cost=23.07..4004.30 rows=1038 width=4)
	        Recheck Cond: ((id >= 2182056) AND (id <= 2183055))
	        ->  Bitmap Index Scan on sbtest3_pkey  (cost=0.00..22.82 rows=1038 width=0)
	              Index Cond: ((id >= 2182056) AND (id <= 2183055))

table 4 : explain SELECT SUM(k) FROM sbtest4 WHERE id BETWEEN 431038 AND 432037
	Aggregate  (cost=3895.00..3895.01 rows=1 width=8)
	  ->  Bitmap Heap Scan on sbtest4  (cost=22.77..3892.48 rows=1008 width=4)
	        Recheck Cond: ((id >= 431038) AND (id <= 432037))
	        ->  Bitmap Index Scan on sbtest4_pkey  (cost=0.00..22.51 rows=1008 width=0)
	              Index Cond: ((id >= 431038) AND (id <= 432037))

table 5 : explain SELECT SUM(k) FROM sbtest5 WHERE id BETWEEN 1903245 AND 1904244
	Aggregate  (cost=3819.69..3819.70 rows=1 width=8)
	  ->  Bitmap Heap Scan on sbtest5  (cost=22.56..3817.22 rows=988 width=4)
	        Recheck Cond: ((id >= 1903245) AND (id <= 1904244))
	        ->  Bitmap Index Scan on sbtest5_pkey  (cost=0.00..22.32 rows=988 width=0)
	              Index Cond: ((id >= 1903245) AND (id <= 1904244))

table 6 : explain SELECT SUM(k) FROM sbtest6 WHERE id BETWEEN 6085192 AND 6086191
	Aggregate  (cost=3819.70..3819.71 rows=1 width=8)
	  ->  Bitmap Heap Scan on sbtest6  (cost=22.56..3817.23 rows=988 width=4)
	        Recheck Cond: ((id >= 6085192) AND (id <= 6086191))
	        ->  Bitmap Index Scan on sbtest6_pkey  (cost=0.00..22.32 rows=988 width=0)
	              Index Cond: ((id >= 6085192) AND (id <= 6086191))

table 7 : explain SELECT SUM(k) FROM sbtest7 WHERE id BETWEEN 1312500 AND 1313499
	Aggregate  (cost=3767.99..3768.00 rows=1 width=8)
	  ->  Bitmap Heap Scan on sbtest7  (cost=22.42..3765.56 rows=974 width=4)
	        Recheck Cond: ((id >= 1312500) AND (id <= 1313499))
	        ->  Bitmap Index Scan on sbtest7_pkey  (cost=0.00..22.18 rows=974 width=0)
	              Index Cond: ((id >= 1312500) AND (id <= 1313499))

table 8 : explain SELECT SUM(k) FROM sbtest8 WHERE id BETWEEN 7286637 AND 7287636
	Aggregate  (cost=3945.45..3945.46 rows=1 width=8)
	  ->  Bitmap Heap Scan on sbtest8  (cost=26.89..3942.90 rows=1020 width=4)
	        Recheck Cond: ((id >= 7286637) AND (id <= 7287636))
	        ->  Bitmap Index Scan on sbtest8_pkey  (cost=0.00..26.64 rows=1020 width=0)
	              Index Cond: ((id >= 7286637) AND (id <= 7287636))

for: distinct_ranges
table 1 : explain SELECT DISTINCT c FROM sbtest1 WHERE id BETWEEN 2894995 AND 2895994 ORDER BY c
	Unique  (cost=3592.20..3596.78 rows=917 width=121)
	  ->  Sort  (cost=3592.20..3594.49 rows=917 width=121)
	        Sort Key: c
	        ->  Bitmap Heap Scan on sbtest1  (cost=21.83..3547.08 rows=917 width=121)
	              Recheck Cond: ((id >= 2894995) AND (id <= 2895994))
	              ->  Bitmap Index Scan on sbtest1_pkey  (cost=0.00..21.61 rows=917 width=0)
	                    Index Cond: ((id >= 2894995) AND (id <= 2895994))

table 2 : explain SELECT DISTINCT c FROM sbtest2 WHERE id BETWEEN 8530165 AND 8531164 ORDER BY c
	Unique  (cost=3937.74..3942.77 rows=1007 width=121)
	  ->  Sort  (cost=3937.74..3940.25 rows=1007 width=121)
	        Sort Key: c
	        ->  Bitmap Heap Scan on sbtest2  (cost=22.76..3887.51 rows=1007 width=121)
	              Recheck Cond: ((id >= 8530165) AND (id <= 8531164))
	              ->  Bitmap Index Scan on sbtest2_pkey  (cost=0.00..22.50 rows=1007 width=0)
	                    Index Cond: ((id >= 8530165) AND (id <= 8531164))

table 3 : explain SELECT DISTINCT c FROM sbtest3 WHERE id BETWEEN 5430728 AND 5431727 ORDER BY c
	Unique  (cost=4147.91..4153.22 rows=1062 width=121)
	  ->  Sort  (cost=4147.91..4150.57 rows=1062 width=121)
	        Sort Key: c
	        ->  Bitmap Heap Scan on sbtest3  (cost=23.32..4094.53 rows=1062 width=121)
	              Recheck Cond: ((id >= 5430728) AND (id <= 5431727))
	              ->  Bitmap Index Scan on sbtest3_pkey  (cost=0.00..23.05 rows=1062 width=0)
	                    Index Cond: ((id >= 5430728) AND (id <= 5431727))

table 4 : explain SELECT DISTINCT c FROM sbtest4 WHERE id BETWEEN 4176326 AND 4177325 ORDER BY c
	Unique  (cost=3984.83..3989.92 rows=1019 width=121)
	  ->  Sort  (cost=3984.83..3987.37 rows=1019 width=121)
	        Sort Key: c
	        ->  Bitmap Heap Scan on sbtest4  (cost=22.88..3933.91 rows=1019 width=121)
	              Recheck Cond: ((id >= 4176326) AND (id <= 4177325))
	              ->  Bitmap Index Scan on sbtest4_pkey  (cost=0.00..22.62 rows=1019 width=0)
	                    Index Cond: ((id >= 4176326) AND (id <= 4177325))

table 5 : explain SELECT DISTINCT c FROM sbtest5 WHERE id BETWEEN 8075023 AND 8076022 ORDER BY c
	Unique  (cost=4011.69..4016.82 rows=1026 width=121)
	  ->  Sort  (cost=4011.69..4014.25 rows=1026 width=121)
	        Sort Key: c
	        ->  Bitmap Heap Scan on sbtest5  (cost=22.95..3960.37 rows=1026 width=121)
	              Recheck Cond: ((id >= 8075023) AND (id <= 8076022))
	              ->  Bitmap Index Scan on sbtest5_pkey  (cost=0.00..22.69 rows=1026 width=0)
	                    Index Cond: ((id >= 8075023) AND (id <= 8076022))

table 6 : explain SELECT DISTINCT c FROM sbtest6 WHERE id BETWEEN 6310813 AND 6311812 ORDER BY c
	Unique  (cost=3900.81..3905.80 rows=997 width=121)
	  ->  Sort  (cost=3900.81..3903.31 rows=997 width=121)
	        Sort Key: c
	        ->  Bitmap Heap Scan on sbtest6  (cost=22.65..3851.16 rows=997 width=121)
	              Recheck Cond: ((id >= 6310813) AND (id <= 6311812))
	              ->  Bitmap Index Scan on sbtest6_pkey  (cost=0.00..22.40 rows=997 width=0)
	                    Index Cond: ((id >= 6310813) AND (id <= 6311812))

table 7 : explain SELECT DISTINCT c FROM sbtest7 WHERE id BETWEEN 4606567 AND 4607566 ORDER BY c
	Unique  (cost=3936.41..3941.44 rows=1006 width=121)
	  ->  Sort  (cost=3936.41..3938.92 rows=1006 width=121)
	        Sort Key: c
	        ->  Bitmap Heap Scan on sbtest7  (cost=22.75..3886.23 rows=1006 width=121)
	              Recheck Cond: ((id >= 4606567) AND (id <= 4607566))
	              ->  Bitmap Index Scan on sbtest7_pkey  (cost=0.00..22.50 rows=1006 width=0)
	                    Index Cond: ((id >= 4606567) AND (id <= 4607566))

table 8 : explain SELECT DISTINCT c FROM sbtest8 WHERE id BETWEEN 2171164 AND 2172163 ORDER BY c
	Unique  (cost=4035.94..4041.09 rows=1031 width=121)
	  ->  Sort  (cost=4035.94..4038.51 rows=1031 width=121)
	        Sort Key: c
	        ->  Bitmap Heap Scan on sbtest8  (cost=27.00..3984.34 rows=1031 width=121)
	              Recheck Cond: ((id >= 2171164) AND (id <= 2172163))
	              ->  Bitmap Index Scan on sbtest8_pkey  (cost=0.00..26.75 rows=1031 width=0)
	                    Index Cond: ((id >= 2171164) AND (id <= 2172163))

for: simple_ranges
table 1 : explain SELECT c FROM sbtest1 WHERE id BETWEEN 9762692 AND 9763691
	Bitmap Heap Scan on sbtest1  (cost=22.78..3893.86 rows=1009 width=121)
	  Recheck Cond: ((id >= 9762692) AND (id <= 9763691))
	  ->  Bitmap Index Scan on sbtest1_pkey  (cost=0.00..22.52 rows=1009 width=0)
	        Index Cond: ((id >= 9762692) AND (id <= 9763691))

table 2 : explain SELECT c FROM sbtest2 WHERE id BETWEEN 1520406 AND 1521405
	Bitmap Heap Scan on sbtest2  (cost=22.22..3691.54 rows=955 width=121)
	  Recheck Cond: ((id >= 1520406) AND (id <= 1521405))
	  ->  Bitmap Index Scan on sbtest2_pkey  (cost=0.00..21.98 rows=955 width=0)
	        Index Cond: ((id >= 1520406) AND (id <= 1521405))

table 3 : explain SELECT c FROM sbtest3 WHERE id BETWEEN 8846199 AND 8847198
	Bitmap Heap Scan on sbtest3  (cost=28.07..4368.85 rows=1135 width=121)
	  Recheck Cond: ((id >= 8846199) AND (id <= 8847198))
	  ->  Bitmap Index Scan on sbtest3_pkey  (cost=0.00..27.79 rows=1135 width=0)
	        Index Cond: ((id >= 8846199) AND (id <= 8847198))

table 4 : explain SELECT c FROM sbtest4 WHERE id BETWEEN 3657008 AND 3658007
	Bitmap Heap Scan on sbtest4  (cost=22.52..3802.04 rows=984 width=121)
	  Recheck Cond: ((id >= 3657008) AND (id <= 3658007))
	  ->  Bitmap Index Scan on sbtest4_pkey  (cost=0.00..22.27 rows=984 width=0)
	        Index Cond: ((id >= 3657008) AND (id <= 3658007))

table 5 : explain SELECT c FROM sbtest5 WHERE id BETWEEN 9916297 AND 9917296
	Bitmap Heap Scan on sbtest5  (cost=23.05..3998.01 rows=1036 width=121)
	  Recheck Cond: ((id >= 9916297) AND (id <= 9917296))
	  ->  Bitmap Index Scan on sbtest5_pkey  (cost=0.00..22.79 rows=1036 width=0)
	        Index Cond: ((id >= 9916297) AND (id <= 9917296))

table 6 : explain SELECT c FROM sbtest6 WHERE id BETWEEN 2492671 AND 2493670
	Bitmap Heap Scan on sbtest6  (cost=23.03..3990.50 rows=1034 width=121)
	  Recheck Cond: ((id >= 2492671) AND (id <= 2493670))
	  ->  Bitmap Index Scan on sbtest6_pkey  (cost=0.00..22.77 rows=1034 width=0)
	        Index Cond: ((id >= 2492671) AND (id <= 2493670))

table 7 : explain SELECT c FROM sbtest7 WHERE id BETWEEN 902337 AND 903336
	Bitmap Heap Scan on sbtest7  (cost=21.60..3463.28 rows=894 width=121)
	  Recheck Cond: ((id >= 902337) AND (id <= 903336))
	  ->  Bitmap Index Scan on sbtest7_pkey  (cost=0.00..21.37 rows=894 width=0)
	        Index Cond: ((id >= 902337) AND (id <= 903336))

table 8 : explain SELECT c FROM sbtest8 WHERE id BETWEEN 6927803 AND 6928802
	Bitmap Heap Scan on sbtest8  (cost=22.25..3705.09 rows=958 width=121)
	  Recheck Cond: ((id >= 6927803) AND (id <= 6928802))
	  ->  Bitmap Index Scan on sbtest8_pkey  (cost=0.00..22.01 rows=958 width=0)
	        Index Cond: ((id >= 6927803) AND (id <= 6928802))

for: sum_ranges
table 1 : explain SELECT SUM(k) FROM sbtest1 WHERE id BETWEEN 1688526 AND 1689525
	Aggregate  (cost=3572.03..3572.04 rows=1 width=8)
	  ->  Bitmap Heap Scan on sbtest1  (cost=21.90..3569.73 rows=923 width=4)
	        Recheck Cond: ((id >= 1688526) AND (id <= 1689525))
	        ->  Bitmap Index Scan on sbtest1_pkey  (cost=0.00..21.66 rows=923 width=0)
	              Index Cond: ((id >= 1688526) AND (id <= 1689525))

table 2 : explain SELECT SUM(k) FROM sbtest2 WHERE id BETWEEN 1248980 AND 1249979
	Aggregate  (cost=4100.82..4100.83 rows=1 width=8)
	  ->  Bitmap Heap Scan on sbtest2  (cost=23.33..4098.16 rows=1063 width=4)
	        Recheck Cond: ((id >= 1248980) AND (id <= 1249979))
	        ->  Bitmap Index Scan on sbtest2_pkey  (cost=0.00..23.07 rows=1063 width=0)
	              Index Cond: ((id >= 1248980) AND (id <= 1249979))

table 3 : explain SELECT SUM(k) FROM sbtest3 WHERE id BETWEEN 1039818 AND 1040817
	Aggregate  (cost=3595.85..3595.86 rows=1 width=8)
	  ->  Bitmap Heap Scan on sbtest3  (cost=21.96..3593.52 rows=929 width=4)
	        Recheck Cond: ((id >= 1039818) AND (id <= 1040817))
	        ->  Bitmap Index Scan on sbtest3_pkey  (cost=0.00..21.72 rows=929 width=0)
	              Index Cond: ((id >= 1039818) AND (id <= 1040817))

table 4 : explain SELECT SUM(k) FROM sbtest4 WHERE id BETWEEN 3049870 AND 3050869
	Aggregate  (cost=3702.59..3702.60 rows=1 width=8)
	  ->  Bitmap Heap Scan on sbtest4  (cost=22.24..3700.20 rows=957 width=4)
	        Recheck Cond: ((id >= 3049870) AND (id <= 3050869))
	        ->  Bitmap Index Scan on sbtest4_pkey  (cost=0.00..22.00 rows=957 width=0)
	              Index Cond: ((id >= 3049870) AND (id <= 3050869))

table 5 : explain SELECT SUM(k) FROM sbtest5 WHERE id BETWEEN 8211657 AND 8212656
	Aggregate  (cost=3732.89..3732.90 rows=1 width=8)
	  ->  Bitmap Heap Scan on sbtest5  (cost=22.33..3730.48 rows=965 width=4)
	        Recheck Cond: ((id >= 8211657) AND (id <= 8212656))
	        ->  Bitmap Index Scan on sbtest5_pkey  (cost=0.00..22.08 rows=965 width=0)
	              Index Cond: ((id >= 8211657) AND (id <= 8212656))

table 6 : explain SELECT SUM(k) FROM sbtest6 WHERE id BETWEEN 5999770 AND 6000769
	Aggregate  (cost=3819.70..3819.71 rows=1 width=8)
	  ->  Bitmap Heap Scan on sbtest6  (cost=22.56..3817.23 rows=988 width=4)
	        Recheck Cond: ((id >= 5999770) AND (id <= 6000769))
	        ->  Bitmap Index Scan on sbtest6_pkey  (cost=0.00..22.32 rows=988 width=0)
	              Index Cond: ((id >= 5999770) AND (id <= 6000769))

table 7 : explain SELECT SUM(k) FROM sbtest7 WHERE id BETWEEN 8059443 AND 8060442
	Aggregate  (cost=3703.79..3703.80 rows=1 width=8)
	  ->  Bitmap Heap Scan on sbtest7  (cost=22.24..3701.39 rows=957 width=4)
	        Recheck Cond: ((id >= 8059443) AND (id <= 8060442))
	        ->  Bitmap Index Scan on sbtest7_pkey  (cost=0.00..22.00 rows=957 width=0)
	              Index Cond: ((id >= 8059443) AND (id <= 8060442))

table 8 : explain SELECT SUM(k) FROM sbtest8 WHERE id BETWEEN 7572357 AND 7573356
	Aggregate  (cost=3756.58..3756.59 rows=1 width=8)
	  ->  Bitmap Heap Scan on sbtest8  (cost=22.39..3754.16 rows=971 width=4)
	        Recheck Cond: ((id >= 7572357) AND (id <= 7573356))
	        ->  Bitmap Index Scan on sbtest8_pkey  (cost=0.00..22.14 rows=971 width=0)
	              Index Cond: ((id >= 7572357) AND (id <= 7573356))

for: order_ranges
table 1 : explain SELECT c FROM sbtest1 WHERE id BETWEEN 3914387 AND 3915386 ORDER BY c
	Sort  (cost=4016.76..4019.33 rows=1028 width=121)
	  Sort Key: c
	  ->  Bitmap Heap Scan on sbtest1  (cost=22.97..3965.33 rows=1028 width=121)
	        Recheck Cond: ((id >= 3914387) AND (id <= 3915386))
	        ->  Bitmap Index Scan on sbtest1_pkey  (cost=0.00..22.71 rows=1028 width=0)
	              Index Cond: ((id >= 3914387) AND (id <= 3915386))

table 2 : explain SELECT c FROM sbtest2 WHERE id BETWEEN 6204513 AND 6205512 ORDER BY c
	Sort  (cost=3956.85..3959.38 rows=1012 width=121)
	  Sort Key: c
	  ->  Bitmap Heap Scan on sbtest2  (cost=22.81..3906.33 rows=1012 width=121)
	        Recheck Cond: ((id >= 6204513) AND (id <= 6205512))
	        ->  Bitmap Index Scan on sbtest2_pkey  (cost=0.00..22.55 rows=1012 width=0)
	              Index Cond: ((id >= 6204513) AND (id <= 6205512))

table 3 : explain SELECT c FROM sbtest3 WHERE id BETWEEN 5363799 AND 5364798 ORDER BY c
	Sort  (cost=3685.30..3687.65 rows=941 width=121)
	  Sort Key: c
	  ->  Bitmap Heap Scan on sbtest3  (cost=22.08..3638.82 rows=941 width=121)
	        Recheck Cond: ((id >= 5363799) AND (id <= 5364798))
	        ->  Bitmap Index Scan on sbtest3_pkey  (cost=0.00..21.84 rows=941 width=0)
	              Index Cond: ((id >= 5363799) AND (id <= 5364798))

table 4 : explain SELECT c FROM sbtest4 WHERE id BETWEEN 2686149 AND 2687148 ORDER BY c
	Sort  (cost=3755.24..3757.64 rows=959 width=121)
	  Sort Key: c
	  ->  Bitmap Heap Scan on sbtest4  (cost=22.26..3707.75 rows=959 width=121)
	        Recheck Cond: ((id >= 2686149) AND (id <= 2687148))
	        ->  Bitmap Index Scan on sbtest4_pkey  (cost=0.00..22.02 rows=959 width=0)
	              Index Cond: ((id >= 2686149) AND (id <= 2687148))

table 5 : explain SELECT c FROM sbtest5 WHERE id BETWEEN 1460134 AND 1461133 ORDER BY c
	Sort  (cost=3701.70..3704.06 rows=945 width=121)
	  Sort Key: c
	  ->  Bitmap Heap Scan on sbtest5  (cost=22.12..3655.00 rows=945 width=121)
	        Recheck Cond: ((id >= 1460134) AND (id <= 1461133))
	        ->  Bitmap Index Scan on sbtest5_pkey  (cost=0.00..21.89 rows=945 width=0)
	              Index Cond: ((id >= 1460134) AND (id <= 1461133))

table 6 : explain SELECT c FROM sbtest6 WHERE id BETWEEN 7263207 AND 7264206 ORDER BY c
	Sort  (cost=3969.65..3972.19 rows=1015 width=121)
	  Sort Key: c
	  ->  Bitmap Heap Scan on sbtest6  (cost=22.84..3918.97 rows=1015 width=121)
	        Recheck Cond: ((id >= 7263207) AND (id <= 7264206))
	        ->  Bitmap Index Scan on sbtest6_pkey  (cost=0.00..22.58 rows=1015 width=0)
	              Index Cond: ((id >= 7263207) AND (id <= 7264206))

table 7 : explain SELECT c FROM sbtest7 WHERE id BETWEEN 2640658 AND 2641657 ORDER BY c
	Sort  (cost=4119.93..4122.56 rows=1054 width=121)
	  Sort Key: c
	  ->  Bitmap Heap Scan on sbtest7  (cost=23.24..4067.01 rows=1054 width=121)
	        Recheck Cond: ((id >= 2640658) AND (id <= 2641657))
	        ->  Bitmap Index Scan on sbtest7_pkey  (cost=0.00..22.97 rows=1054 width=0)
	              Index Cond: ((id >= 2640658) AND (id <= 2641657))

table 8 : explain SELECT c FROM sbtest8 WHERE id BETWEEN 9520256 AND 9521255 ORDER BY c
	Sort  (cost=3970.93..3973.46 rows=1014 width=121)
	  Sort Key: c
	  ->  Bitmap Heap Scan on sbtest8  (cost=26.83..3920.30 rows=1014 width=121)
	        Recheck Cond: ((id >= 9520256) AND (id <= 9521255))
	        ->  Bitmap Index Scan on sbtest8_pkey  (cost=0.00..26.57 rows=1014 width=0)
	              Index Cond: ((id >= 9520256) AND (id <= 9521255))

for point_selects
table 1 : explain SELECT c FROM sbtest1 WHERE id=7741153
	Index Scan using sbtest1_pkey on sbtest1  (cost=0.43..8.45 rows=1 width=121)
	  Index Cond: (id = 7741153)

table 2 : explain SELECT c FROM sbtest2 WHERE id=1019359
	Index Scan using sbtest2_pkey on sbtest2  (cost=0.43..8.45 rows=1 width=121)
	  Index Cond: (id = 1019359)

table 3 : explain SELECT c FROM sbtest3 WHERE id=1925798
	Index Scan using sbtest3_pkey on sbtest3  (cost=0.43..8.45 rows=1 width=121)
	  Index Cond: (id = 1925798)

table 4 : explain SELECT c FROM sbtest4 WHERE id=1740434
	Index Scan using sbtest4_pkey on sbtest4  (cost=0.43..8.45 rows=1 width=121)
	  Index Cond: (id = 1740434)

table 5 : explain SELECT c FROM sbtest5 WHERE id=3881074
	Index Scan using sbtest5_pkey on sbtest5  (cost=0.43..8.45 rows=1 width=121)
	  Index Cond: (id = 3881074)

table 6 : explain SELECT c FROM sbtest6 WHERE id=9154519
	Index Scan using sbtest6_pkey on sbtest6  (cost=0.43..8.45 rows=1 width=121)
	  Index Cond: (id = 9154519)

table 7 : explain SELECT c FROM sbtest7 WHERE id=6334903
	Index Scan using sbtest7_pkey on sbtest7  (cost=0.43..8.45 rows=1 width=121)
	  Index Cond: (id = 6334903)

table 8 : explain SELECT c FROM sbtest8 WHERE id=5654809
	Index Scan using sbtest8_pkey on sbtest8  (cost=0.43..8.45 rows=1 width=121)
	  Index Cond: (id = 5654809)

for: order_ranges
table 1 : explain SELECT c FROM sbtest1 WHERE id BETWEEN 9720642 AND 9721641 ORDER BY c
	Sort  (cost=3944.20..3946.72 rows=1009 width=121)
	  Sort Key: c
	  ->  Bitmap Heap Scan on sbtest1  (cost=22.78..3893.86 rows=1009 width=121)
	        Recheck Cond: ((id >= 9720642) AND (id <= 9721641))
	        ->  Bitmap Index Scan on sbtest1_pkey  (cost=0.00..22.52 rows=1009 width=0)
	              Index Cond: ((id >= 9720642) AND (id <= 9721641))

table 2 : explain SELECT c FROM sbtest2 WHERE id BETWEEN 9256165 AND 9257164 ORDER BY c
	Sort  (cost=3757.95..3760.35 rows=960 width=121)
	  Sort Key: c
	  ->  Bitmap Heap Scan on sbtest2  (cost=22.27..3710.40 rows=960 width=121)
	        Recheck Cond: ((id >= 9256165) AND (id <= 9257164))
	        ->  Bitmap Index Scan on sbtest2_pkey  (cost=0.00..22.04 rows=960 width=0)
	              Index Cond: ((id >= 9256165) AND (id <= 9257164))

table 3 : explain SELECT c FROM sbtest3 WHERE id BETWEEN 5345057 AND 5346056 ORDER BY c
	Sort  (cost=3685.30..3687.65 rows=941 width=121)
	  Sort Key: c
	  ->  Bitmap Heap Scan on sbtest3  (cost=22.08..3638.82 rows=941 width=121)
	        Recheck Cond: ((id >= 5345057) AND (id <= 5346056))
	        ->  Bitmap Index Scan on sbtest3_pkey  (cost=0.00..21.84 rows=941 width=0)
	              Index Cond: ((id >= 5345057) AND (id <= 5346056))

table 4 : explain SELECT c FROM sbtest4 WHERE id BETWEEN 8907571 AND 8908570 ORDER BY c
	Sort  (cost=3988.65..3991.20 rows=1020 width=121)
	  Sort Key: c
	  ->  Bitmap Heap Scan on sbtest4  (cost=22.89..3937.68 rows=1020 width=121)
	        Recheck Cond: ((id >= 8907571) AND (id <= 8908570))
	        ->  Bitmap Index Scan on sbtest4_pkey  (cost=0.00..22.64 rows=1020 width=0)
	              Index Cond: ((id >= 8907571) AND (id <= 8908570))

table 5 : explain SELECT c FROM sbtest5 WHERE id BETWEEN 9620762 AND 9621761 ORDER BY c
	Sort  (cost=4004.04..4006.60 rows=1024 width=121)
	  Sort Key: c
	  ->  Bitmap Heap Scan on sbtest5  (cost=22.93..3952.84 rows=1024 width=121)
	        Recheck Cond: ((id >= 9620762) AND (id <= 9621761))
	        ->  Bitmap Index Scan on sbtest5_pkey  (cost=0.00..22.68 rows=1024 width=0)
	              Index Cond: ((id >= 9620762) AND (id <= 9621761))

table 6 : explain SELECT c FROM sbtest6 WHERE id BETWEEN 8314417 AND 8315416 ORDER BY c
	Sort  (cost=3843.42..3845.87 rows=982 width=121)
	  Sort Key: c
	  ->  Bitmap Heap Scan on sbtest6  (cost=22.50..3794.61 rows=982 width=121)
	        Recheck Cond: ((id >= 8314417) AND (id <= 8315416))
	        ->  Bitmap Index Scan on sbtest6_pkey  (cost=0.00..22.25 rows=982 width=0)
	              Index Cond: ((id >= 8314417) AND (id <= 8315416))

table 7 : explain SELECT c FROM sbtest7 WHERE id BETWEEN 89229 AND 90228 ORDER BY c
	Sort  (cost=3637.59..3639.91 rows=928 width=121)
	  Sort Key: c
	  ->  Bitmap Heap Scan on sbtest7  (cost=21.95..3591.85 rows=928 width=121)
	        Recheck Cond: ((id >= 89229) AND (id <= 90228))
	        ->  Bitmap Index Scan on sbtest7_pkey  (cost=0.00..21.71 rows=928 width=0)
	              Index Cond: ((id >= 89229) AND (id <= 90228))

table 8 : explain SELECT c FROM sbtest8 WHERE id BETWEEN 8641899 AND 8642898 ORDER BY c
	Sort  (cost=3683.54..3685.89 rows=940 width=121)
	  Sort Key: c
	  ->  Bitmap Heap Scan on sbtest8  (cost=22.07..3637.12 rows=940 width=121)
	        Recheck Cond: ((id >= 8641899) AND (id <= 8642898))
	        ->  Bitmap Index Scan on sbtest8_pkey  (cost=0.00..21.83 rows=940 width=0)
	              Index Cond: ((id >= 8641899) AND (id <= 8642898))

for point_selects
table 1 : explain SELECT c FROM sbtest1 WHERE id=2636418
	Index Scan using sbtest1_pkey on sbtest1  (cost=0.43..8.45 rows=1 width=121)
	  Index Cond: (id = 2636418)

table 2 : explain SELECT c FROM sbtest2 WHERE id=7204077
	Index Scan using sbtest2_pkey on sbtest2  (cost=0.43..8.45 rows=1 width=121)
	  Index Cond: (id = 7204077)

table 3 : explain SELECT c FROM sbtest3 WHERE id=8977591
	Index Scan using sbtest3_pkey on sbtest3  (cost=0.43..8.45 rows=1 width=121)
	  Index Cond: (id = 8977591)

table 4 : explain SELECT c FROM sbtest4 WHERE id=1025078
	Index Scan using sbtest4_pkey on sbtest4  (cost=0.43..8.45 rows=1 width=121)
	  Index Cond: (id = 1025078)

table 5 : explain SELECT c FROM sbtest5 WHERE id=289385
	Index Scan using sbtest5_pkey on sbtest5  (cost=0.43..8.45 rows=1 width=121)
	  Index Cond: (id = 289385)

table 6 : explain SELECT c FROM sbtest6 WHERE id=8705012
	Index Scan using sbtest6_pkey on sbtest6  (cost=0.43..8.45 rows=1 width=121)
	  Index Cond: (id = 8705012)

table 7 : explain SELECT c FROM sbtest7 WHERE id=299073
	Index Scan using sbtest7_pkey on sbtest7  (cost=0.43..8.45 rows=1 width=121)
	  Index Cond: (id = 299073)

table 8 : explain SELECT c FROM sbtest8 WHERE id=8045325
	Index Scan using sbtest8_pkey on sbtest8  (cost=0.43..8.45 rows=1 width=121)
	  Index Cond: (id = 8045325)

for point_selects
table 1 : explain SELECT c FROM sbtest1 WHERE id=9063017
	Index Scan using sbtest1_pkey on sbtest1  (cost=0.43..8.45 rows=1 width=121)
	  Index Cond: (id = 9063017)

table 2 : explain SELECT c FROM sbtest2 WHERE id=7697439
	Index Scan using sbtest2_pkey on sbtest2  (cost=0.43..8.45 rows=1 width=121)
	  Index Cond: (id = 7697439)

table 3 : explain SELECT c FROM sbtest3 WHERE id=7196957
	Index Scan using sbtest3_pkey on sbtest3  (cost=0.43..8.45 rows=1 width=121)
	  Index Cond: (id = 7196957)

table 4 : explain SELECT c FROM sbtest4 WHERE id=2043068
	Index Scan using sbtest4_pkey on sbtest4  (cost=0.43..8.45 rows=1 width=121)
	  Index Cond: (id = 2043068)

table 5 : explain SELECT c FROM sbtest5 WHERE id=5474850
	Index Scan using sbtest5_pkey on sbtest5  (cost=0.43..8.45 rows=1 width=121)
	  Index Cond: (id = 5474850)

table 6 : explain SELECT c FROM sbtest6 WHERE id=5406999
	Index Scan using sbtest6_pkey on sbtest6  (cost=0.43..8.45 rows=1 width=121)
	  Index Cond: (id = 5406999)

table 7 : explain SELECT c FROM sbtest7 WHERE id=6254999
	Index Scan using sbtest7_pkey on sbtest7  (cost=0.43..8.45 rows=1 width=121)
	  Index Cond: (id = 6254999)

table 8 : explain SELECT c FROM sbtest8 WHERE id=6176320
	Index Scan using sbtest8_pkey on sbtest8  (cost=0.43..8.45 rows=1 width=121)
	  Index Cond: (id = 6176320)

for point_selects
table 1 : explain SELECT c FROM sbtest1 WHERE id=5776150
	Index Scan using sbtest1_pkey on sbtest1  (cost=0.43..8.45 rows=1 width=121)
	  Index Cond: (id = 5776150)

table 2 : explain SELECT c FROM sbtest2 WHERE id=965012
	Index Scan using sbtest2_pkey on sbtest2  (cost=0.43..8.45 rows=1 width=121)
	  Index Cond: (id = 965012)

table 3 : explain SELECT c FROM sbtest3 WHERE id=1812345
	Index Scan using sbtest3_pkey on sbtest3  (cost=0.43..8.45 rows=1 width=121)
	  Index Cond: (id = 1812345)

table 4 : explain SELECT c FROM sbtest4 WHERE id=8418098
	Index Scan using sbtest4_pkey on sbtest4  (cost=0.43..8.45 rows=1 width=121)
	  Index Cond: (id = 8418098)

table 5 : explain SELECT c FROM sbtest5 WHERE id=1199075
	Index Scan using sbtest5_pkey on sbtest5  (cost=0.43..8.45 rows=1 width=121)
	  Index Cond: (id = 1199075)

table 6 : explain SELECT c FROM sbtest6 WHERE id=4854199
	Index Scan using sbtest6_pkey on sbtest6  (cost=0.43..8.45 rows=1 width=121)
	  Index Cond: (id = 4854199)

table 7 : explain SELECT c FROM sbtest7 WHERE id=7242967
	Index Scan using sbtest7_pkey on sbtest7  (cost=0.43..8.45 rows=1 width=121)
	  Index Cond: (id = 7242967)

table 8 : explain SELECT c FROM sbtest8 WHERE id=1407872
	Index Scan using sbtest8_pkey on sbtest8  (cost=0.43..8.45 rows=1 width=121)
	  Index Cond: (id = 1407872)

for: sum_ranges
table 1 : explain SELECT SUM(k) FROM sbtest1 WHERE id BETWEEN 8527905 AND 8528904
	Aggregate  (cost=3941.56..3941.57 rows=1 width=8)
	  ->  Bitmap Heap Scan on sbtest1  (cost=22.90..3939.01 rows=1021 width=4)
	        Recheck Cond: ((id >= 8527905) AND (id <= 8528904))
	        ->  Bitmap Index Scan on sbtest1_pkey  (cost=0.00..22.64 rows=1021 width=0)
	              Index Cond: ((id >= 8527905) AND (id <= 8528904))

table 2 : explain SELECT SUM(k) FROM sbtest2 WHERE id BETWEEN 5687292 AND 5688291
	Aggregate  (cost=3724.12..3724.13 rows=1 width=8)
	  ->  Bitmap Heap Scan on sbtest2  (cost=22.31..3721.71 rows=963 width=4)
	        Recheck Cond: ((id >= 5687292) AND (id <= 5688291))
	        ->  Bitmap Index Scan on sbtest2_pkey  (cost=0.00..22.07 rows=963 width=0)
	              Index Cond: ((id >= 5687292) AND (id <= 5688291))

table 3 : explain SELECT SUM(k) FROM sbtest3 WHERE id BETWEEN 4499802 AND 4500801
	Aggregate  (cost=3852.46..3852.47 rows=1 width=8)
	  ->  Bitmap Heap Scan on sbtest3  (cost=22.65..3849.97 rows=997 width=4)
	        Recheck Cond: ((id >= 4499802) AND (id <= 4500801))
	        ->  Bitmap Index Scan on sbtest3_pkey  (cost=0.00..22.40 rows=997 width=0)
	              Index Cond: ((id >= 4499802) AND (id <= 4500801))

table 4 : explain SELECT SUM(k) FROM sbtest4 WHERE id BETWEEN 5561005 AND 5562004
	Aggregate  (cost=3928.92..3928.93 rows=1 width=8)
	  ->  Bitmap Heap Scan on sbtest4  (cost=22.86..3926.38 rows=1017 width=4)
	        Recheck Cond: ((id >= 5561005) AND (id <= 5562004))
	        ->  Bitmap Index Scan on sbtest4_pkey  (cost=0.00..22.61 rows=1017 width=0)
	              Index Cond: ((id >= 5561005) AND (id <= 5562004))

table 5 : explain SELECT SUM(k) FROM sbtest5 WHERE id BETWEEN 8661223 AND 8662222
	Aggregate  (cost=3797.05..3797.06 rows=1 width=8)
	  ->  Bitmap Heap Scan on sbtest5  (cost=22.50..3794.60 rows=982 width=4)
	        Recheck Cond: ((id >= 8661223) AND (id <= 8662222))
	        ->  Bitmap Index Scan on sbtest5_pkey  (cost=0.00..22.25 rows=982 width=0)
	              Index Cond: ((id >= 8661223) AND (id <= 8662222))

table 6 : explain SELECT SUM(k) FROM sbtest6 WHERE id BETWEEN 8595029 AND 8596028
	Aggregate  (cost=4207.81..4207.82 rows=1 width=8)
	  ->  Bitmap Heap Scan on sbtest6  (cost=27.61..4205.08 rows=1090 width=4)
	        Recheck Cond: ((id >= 8595029) AND (id <= 8596028))
	        ->  Bitmap Index Scan on sbtest6_pkey  (cost=0.00..27.33 rows=1090 width=0)
	              Index Cond: ((id >= 8595029) AND (id <= 8596028))

table 7 : explain SELECT SUM(k) FROM sbtest7 WHERE id BETWEEN 5373681 AND 5374680
	Aggregate  (cost=3794.42..3794.43 rows=1 width=8)
	  ->  Bitmap Heap Scan on sbtest7  (cost=22.49..3791.97 rows=981 width=4)
	        Recheck Cond: ((id >= 5373681) AND (id <= 5374680))
	        ->  Bitmap Index Scan on sbtest7_pkey  (cost=0.00..22.25 rows=981 width=0)
	              Index Cond: ((id >= 5373681) AND (id <= 5374680))

table 8 : explain SELECT SUM(k) FROM sbtest8 WHERE id BETWEEN 5789007 AND 5790006
	Aggregate  (cost=3885.12..3885.13 rows=1 width=8)
	  ->  Bitmap Heap Scan on sbtest8  (cost=26.73..3882.61 rows=1004 width=4)
	        Recheck Cond: ((id >= 5789007) AND (id <= 5790006))
	        ->  Bitmap Index Scan on sbtest8_pkey  (cost=0.00..26.47 rows=1004 width=0)
	              Index Cond: ((id >= 5789007) AND (id <= 5790006))

for: order_ranges
table 1 : explain SELECT c FROM sbtest1 WHERE id BETWEEN 6772068 AND 6773067 ORDER BY c
	Sort  (cost=3925.09..3927.60 rows=1004 width=121)
	  Sort Key: c
	  ->  Bitmap Heap Scan on sbtest1  (cost=22.73..3875.04 rows=1004 width=121)
	        Recheck Cond: ((id >= 6772068) AND (id <= 6773067))
	        ->  Bitmap Index Scan on sbtest1_pkey  (cost=0.00..22.47 rows=1004 width=0)
	              Index Cond: ((id >= 6772068) AND (id <= 6773067))

table 2 : explain SELECT c FROM sbtest2 WHERE id BETWEEN 1566919 AND 1567918 ORDER BY c
	Sort  (cost=3738.81..3741.19 rows=955 width=121)
	  Sort Key: c
	  ->  Bitmap Heap Scan on sbtest2  (cost=22.22..3691.54 rows=955 width=121)
	        Recheck Cond: ((id >= 1566919) AND (id <= 1567918))
	        ->  Bitmap Index Scan on sbtest2_pkey  (cost=0.00..21.98 rows=955 width=0)
	              Index Cond: ((id >= 1566919) AND (id <= 1567918))

table 3 : explain SELECT c FROM sbtest3 WHERE id BETWEEN 3936841 AND 3937840 ORDER BY c
	Sort  (cost=3627.82..3630.14 rows=926 width=121)
	  Sort Key: c
	  ->  Bitmap Heap Scan on sbtest3  (cost=21.93..3582.20 rows=926 width=121)
	        Recheck Cond: ((id >= 3936841) AND (id <= 3937840))
	        ->  Bitmap Index Scan on sbtest3_pkey  (cost=0.00..21.69 rows=926 width=0)
	              Index Cond: ((id >= 3936841) AND (id <= 3937840))

table 4 : explain SELECT c FROM sbtest4 WHERE id BETWEEN 9380261 AND 9381260 ORDER BY c
	Sort  (cost=3647.95..3650.28 rows=931 width=121)
	  Sort Key: c
	  ->  Bitmap Heap Scan on sbtest4  (cost=21.98..3602.04 rows=931 width=121)
	        Recheck Cond: ((id >= 9380261) AND (id <= 9381260))
	        ->  Bitmap Index Scan on sbtest4_pkey  (cost=0.00..21.75 rows=931 width=0)
	              Index Cond: ((id >= 9380261) AND (id <= 9381260))

table 5 : explain SELECT c FROM sbtest5 WHERE id BETWEEN 5378780 AND 5379779 ORDER BY c
	Sort  (cost=3582.85..3585.14 rows=914 width=121)
	  Sort Key: c
	  ->  Bitmap Heap Scan on sbtest5  (cost=21.80..3537.90 rows=914 width=121)
	        Recheck Cond: ((id >= 5378780) AND (id <= 5379779))
	        ->  Bitmap Index Scan on sbtest5_pkey  (cost=0.00..21.57 rows=914 width=0)
	              Index Cond: ((id >= 5378780) AND (id <= 5379779))

table 6 : explain SELECT c FROM sbtest6 WHERE id BETWEEN 9945686 AND 9946685 ORDER BY c
	Sort  (cost=4015.53..4018.09 rows=1027 width=121)
	  Sort Key: c
	  ->  Bitmap Heap Scan on sbtest6  (cost=22.96..3964.15 rows=1027 width=121)
	        Recheck Cond: ((id >= 9945686) AND (id <= 9946685))
	        ->  Bitmap Index Scan on sbtest6_pkey  (cost=0.00..22.70 rows=1027 width=0)
	              Index Cond: ((id >= 9945686) AND (id <= 9946685))

table 7 : explain SELECT c FROM sbtest7 WHERE id BETWEEN 8298330 AND 8299329 ORDER BY c
	Sort  (cost=4227.04..4229.74 rows=1081 width=121)
	  Sort Key: c
	  ->  Bitmap Heap Scan on sbtest7  (cost=27.52..4172.57 rows=1081 width=121)
	        Recheck Cond: ((id >= 8298330) AND (id <= 8299329))
	        ->  Bitmap Index Scan on sbtest7_pkey  (cost=0.00..27.25 rows=1081 width=0)
	              Index Cond: ((id >= 8298330) AND (id <= 8299329))

table 8 : explain SELECT c FROM sbtest8 WHERE id BETWEEN 1608270 AND 1609269 ORDER BY c
	Sort  (cost=3794.67..3797.10 rows=969 width=121)
	  Sort Key: c
	  ->  Bitmap Heap Scan on sbtest8  (cost=22.37..3746.61 rows=969 width=121)
	        Recheck Cond: ((id >= 1608270) AND (id <= 1609269))
	        ->  Bitmap Index Scan on sbtest8_pkey  (cost=0.00..22.12 rows=969 width=0)
	              Index Cond: ((id >= 1608270) AND (id <= 1609269))

explain: for point_selects :: explain SELECT c FROM sbtest%u WHERE id=%u
explain: for point_selects :: explain SELECT c FROM sbtest%u WHERE id=%u
for: distinct_ranges
table 1 : explain SELECT DISTINCT c FROM sbtest1 WHERE id BETWEEN 5991989 AND 5992988 ORDER BY c
	Unique  (cost=4020.58..4025.73 rows=1029 width=121)
	  ->  Sort  (cost=4020.58..4023.15 rows=1029 width=121)
	        Sort Key: c
	        ->  Bitmap Heap Scan on sbtest1  (cost=22.98..3969.09 rows=1029 width=121)
	              Recheck Cond: ((id >= 5991989) AND (id <= 5992988))
	              ->  Bitmap Index Scan on sbtest1_pkey  (cost=0.00..22.72 rows=1029 width=0)
	                    Index Cond: ((id >= 5991989) AND (id <= 5992988))

table 2 : explain SELECT DISTINCT c FROM sbtest2 WHERE id BETWEEN 6211347 AND 6212346 ORDER BY c
	Unique  (cost=3956.85..3961.91 rows=1012 width=121)
	  ->  Sort  (cost=3956.85..3959.38 rows=1012 width=121)
	        Sort Key: c
	        ->  Bitmap Heap Scan on sbtest2  (cost=22.81..3906.33 rows=1012 width=121)
	              Recheck Cond: ((id >= 6211347) AND (id <= 6212346))
	              ->  Bitmap Index Scan on sbtest2_pkey  (cost=0.00..22.55 rows=1012 width=0)
	                    Index Cond: ((id >= 6211347) AND (id <= 6212346))

table 3 : explain SELECT DISTINCT c FROM sbtest3 WHERE id BETWEEN 9842877 AND 9843876 ORDER BY c
	Unique  (cost=4151.73..4157.04 rows=1063 width=121)
	  ->  Sort  (cost=4151.73..4154.39 rows=1063 width=121)
	        Sort Key: c
	        ->  Bitmap Heap Scan on sbtest3  (cost=23.33..4098.29 rows=1063 width=121)
	              Recheck Cond: ((id >= 9842877) AND (id <= 9843876))
	              ->  Bitmap Index Scan on sbtest3_pkey  (cost=0.00..23.07 rows=1063 width=0)
	                    Index Cond: ((id >= 9842877) AND (id <= 9843876))

table 4 : explain SELECT DISTINCT c FROM sbtest4 WHERE id BETWEEN 2264617 AND 2265616 ORDER BY c
	Unique  (cost=4401.07..4406.71 rows=1128 width=121)
	  ->  Sort  (cost=4401.07..4403.89 rows=1128 width=121)
	        Sort Key: c
	        ->  Bitmap Heap Scan on sbtest4  (cost=28.00..4343.88 rows=1128 width=121)
	              Recheck Cond: ((id >= 2264617) AND (id <= 2265616))
	              ->  Bitmap Index Scan on sbtest4_pkey  (cost=0.00..27.71 rows=1128 width=0)
	                    Index Cond: ((id >= 2264617) AND (id <= 2265616))

table 5 : explain SELECT DISTINCT c FROM sbtest5 WHERE id BETWEEN 3739460 AND 3740459 ORDER BY c
	Unique  (cost=3793.63..3798.48 rows=969 width=121)
	  ->  Sort  (cost=3793.63..3796.06 rows=969 width=121)
	        Sort Key: c
	        ->  Bitmap Heap Scan on sbtest5  (cost=22.37..3745.57 rows=969 width=121)
	              Recheck Cond: ((id >= 3739460) AND (id <= 3740459))
	              ->  Bitmap Index Scan on sbtest5_pkey  (cost=0.00..22.12 rows=969 width=0)
	                    Index Cond: ((id >= 3739460) AND (id <= 3740459))

table 6 : explain SELECT DISTINCT c FROM sbtest6 WHERE id BETWEEN 1307082 AND 1308081 ORDER BY c
	Unique  (cost=3808.96..3813.83 rows=973 width=121)
	  ->  Sort  (cost=3808.96..3811.40 rows=973 width=121)
	        Sort Key: c
	        ->  Bitmap Heap Scan on sbtest6  (cost=22.41..3760.67 rows=973 width=121)
	              Recheck Cond: ((id >= 1307082) AND (id <= 1308081))
	              ->  Bitmap Index Scan on sbtest6_pkey  (cost=0.00..22.16 rows=973 width=0)
	                    Index Cond: ((id >= 1307082) AND (id <= 1308081))

table 7 : explain SELECT DISTINCT c FROM sbtest7 WHERE id BETWEEN 9323799 AND 9324798 ORDER BY c
	Unique  (cost=3955.54..3960.59 rows=1011 width=121)
	  ->  Sort  (cost=3955.54..3958.06 rows=1011 width=121)
	        Sort Key: c
	        ->  Bitmap Heap Scan on sbtest7  (cost=22.80..3905.08 rows=1011 width=121)
	              Recheck Cond: ((id >= 9323799) AND (id <= 9324798))
	              ->  Bitmap Index Scan on sbtest7_pkey  (cost=0.00..22.54 rows=1011 width=0)
	                    Index Cond: ((id >= 9323799) AND (id <= 9324798))

table 8 : explain SELECT DISTINCT c FROM sbtest8 WHERE id BETWEEN 4403413 AND 4404412 ORDER BY c
	Unique  (cost=4001.52..4006.63 rows=1022 width=121)
	  ->  Sort  (cost=4001.52..4004.08 rows=1022 width=121)
	        Sort Key: c
	        ->  Bitmap Heap Scan on sbtest8  (cost=26.91..3950.44 rows=1022 width=121)
	              Recheck Cond: ((id >= 4403413) AND (id <= 4404412))
	              ->  Bitmap Index Scan on sbtest8_pkey  (cost=0.00..26.65 rows=1022 width=0)
	                    Index Cond: ((id >= 4403413) AND (id <= 4404412))

for: simple_ranges
table 1 : explain SELECT c FROM sbtest1 WHERE id BETWEEN 8391859 AND 8392858
	Bitmap Heap Scan on sbtest1  (cost=22.36..3739.45 rows=968 width=121)
	  Recheck Cond: ((id >= 8391859) AND (id <= 8392858))
	  ->  Bitmap Index Scan on sbtest1_pkey  (cost=0.00..22.11 rows=968 width=0)
	        Index Cond: ((id >= 8391859) AND (id <= 8392858))

table 2 : explain SELECT c FROM sbtest2 WHERE id BETWEEN 8492907 AND 8493906
	Bitmap Heap Scan on sbtest2  (cost=21.93..3582.09 rows=926 width=121)
	  Recheck Cond: ((id >= 8492907) AND (id <= 8493906))
	  ->  Bitmap Index Scan on sbtest2_pkey  (cost=0.00..21.69 rows=926 width=0)
	        Index Cond: ((id >= 8492907) AND (id <= 8493906))

table 3 : explain SELECT c FROM sbtest3 WHERE id BETWEEN 6381436 AND 6382435
	Bitmap Heap Scan on sbtest3  (cost=22.18..3676.56 rows=951 width=121)
	  Recheck Cond: ((id >= 6381436) AND (id <= 6382435))
	  ->  Bitmap Index Scan on sbtest3_pkey  (cost=0.00..21.94 rows=951 width=0)
	        Index Cond: ((id >= 6381436) AND (id <= 6382435))

table 4 : explain SELECT c FROM sbtest4 WHERE id BETWEEN 5621332 AND 5622331
	Bitmap Heap Scan on sbtest4  (cost=27.66..4223.73 rows=1095 width=121)
	  Recheck Cond: ((id >= 5621332) AND (id <= 5622331))
	  ->  Bitmap Index Scan on sbtest4_pkey  (cost=0.00..27.39 rows=1095 width=0)
	        Index Cond: ((id >= 5621332) AND (id <= 5622331))

table 5 : explain SELECT c FROM sbtest5 WHERE id BETWEEN 1872253 AND 1873252
	Bitmap Heap Scan on sbtest5  (cost=22.56..3817.22 rows=988 width=121)
	  Recheck Cond: ((id >= 1872253) AND (id <= 1873252))
	  ->  Bitmap Index Scan on sbtest5_pkey  (cost=0.00..22.32 rows=988 width=0)
	        Index Cond: ((id >= 1872253) AND (id <= 1873252))

table 6 : explain SELECT c FROM sbtest6 WHERE id BETWEEN 7056064 AND 7057063
	Bitmap Heap Scan on sbtest6  (cost=22.08..3639.91 rows=941 width=121)
	  Recheck Cond: ((id >= 7056064) AND (id <= 7057063))
	  ->  Bitmap Index Scan on sbtest6_pkey  (cost=0.00..21.84 rows=941 width=0)
	        Index Cond: ((id >= 7056064) AND (id <= 7057063))

table 7 : explain SELECT c FROM sbtest7 WHERE id BETWEEN 4381510 AND 4382509
	Bitmap Heap Scan on sbtest7  (cost=22.37..3746.69 rows=969 width=121)
	  Recheck Cond: ((id >= 4381510) AND (id <= 4382509))
	  ->  Bitmap Index Scan on sbtest7_pkey  (cost=0.00..22.12 rows=969 width=0)
	        Index Cond: ((id >= 4381510) AND (id <= 4382509))

table 8 : explain SELECT c FROM sbtest8 WHERE id BETWEEN 4870679 AND 4871678
	Bitmap Heap Scan on sbtest8  (cost=21.37..3379.93 rows=872 width=121)
	  Recheck Cond: ((id >= 4870679) AND (id <= 4871678))
	  ->  Bitmap Index Scan on sbtest8_pkey  (cost=0.00..21.15 rows=872 width=0)
	        Index Cond: ((id >= 4870679) AND (id <= 4871678))

for: order_ranges
table 1 : explain SELECT c FROM sbtest1 WHERE id BETWEEN 7910378 AND 7911377 ORDER BY c
	Sort  (cost=4051.12..4053.71 rows=1037 width=121)
	  Sort Key: c
	  ->  Bitmap Heap Scan on sbtest1  (cost=23.06..3999.18 rows=1037 width=121)
	        Recheck Cond: ((id >= 7910378) AND (id <= 7911377))
	        ->  Bitmap Index Scan on sbtest1_pkey  (cost=0.00..22.80 rows=1037 width=0)
	              Index Cond: ((id >= 7910378) AND (id <= 7911377))

table 2 : explain SELECT c FROM sbtest2 WHERE id BETWEEN 5943789 AND 5944788 ORDER BY c
	Sort  (cost=4178.31..4180.98 rows=1070 width=121)
	  Sort Key: c
	  ->  Bitmap Heap Scan on sbtest2  (cost=23.40..4124.47 rows=1070 width=121)
	        Recheck Cond: ((id >= 5943789) AND (id <= 5944788))
	        ->  Bitmap Index Scan on sbtest2_pkey  (cost=0.00..23.14 rows=1070 width=0)
	              Index Cond: ((id >= 5943789) AND (id <= 5944788))

table 3 : explain SELECT c FROM sbtest3 WHERE id BETWEEN 7104453 AND 7105452 ORDER BY c
	Sort  (cost=3926.39..3928.90 rows=1004 width=121)
	  Sort Key: c
	  ->  Bitmap Heap Scan on sbtest3  (cost=22.73..3876.33 rows=1004 width=121)
	        Recheck Cond: ((id >= 7104453) AND (id <= 7105452))
	        ->  Bitmap Index Scan on sbtest3_pkey  (cost=0.00..22.47 rows=1004 width=0)
	              Index Cond: ((id >= 7104453) AND (id <= 7105452))

table 4 : explain SELECT c FROM sbtest4 WHERE id BETWEEN 9629703 AND 9630702 ORDER BY c
	Sort  (cost=3946.59..3949.11 rows=1009 width=121)
	  Sort Key: c
	  ->  Bitmap Heap Scan on sbtest4  (cost=22.78..3896.25 rows=1009 width=121)
	        Recheck Cond: ((id >= 9629703) AND (id <= 9630702))
	        ->  Bitmap Index Scan on sbtest4_pkey  (cost=0.00..22.52 rows=1009 width=0)
	              Index Cond: ((id >= 9629703) AND (id <= 9630702))

table 5 : explain SELECT c FROM sbtest5 WHERE id BETWEEN 5248882 AND 5249881 ORDER BY c
	Sort  (cost=3709.37..3711.73 rows=947 width=121)
	  Sort Key: c
	  ->  Bitmap Heap Scan on sbtest5  (cost=22.14..3662.55 rows=947 width=121)
	        Recheck Cond: ((id >= 5248882) AND (id <= 5249881))
	        ->  Bitmap Index Scan on sbtest5_pkey  (cost=0.00..21.90 rows=947 width=0)
	              Index Cond: ((id >= 5248882) AND (id <= 5249881))

table 6 : explain SELECT c FROM sbtest6 WHERE id BETWEEN 3384773 AND 3385772 ORDER BY c
	Sort  (cost=3992.59..3995.14 rows=1021 width=121)
	  Sort Key: c
	  ->  Bitmap Heap Scan on sbtest6  (cost=22.90..3941.56 rows=1021 width=121)
	        Recheck Cond: ((id >= 3384773) AND (id <= 3385772))
	        ->  Bitmap Index Scan on sbtest6_pkey  (cost=0.00..22.64 rows=1021 width=0)
	              Index Cond: ((id >= 3384773) AND (id <= 3385772))

table 7 : explain SELECT c FROM sbtest7 WHERE id BETWEEN 4982891 AND 4983890 ORDER BY c
	Sort  (cost=4139.03..4141.68 rows=1059 width=121)
	  Sort Key: c
	  ->  Bitmap Heap Scan on sbtest7  (cost=23.29..4085.82 rows=1059 width=121)
	        Recheck Cond: ((id >= 4982891) AND (id <= 4983890))
	        ->  Bitmap Index Scan on sbtest7_pkey  (cost=0.00..23.02 rows=1059 width=0)
	              Index Cond: ((id >= 4982891) AND (id <= 4983890))

table 8 : explain SELECT c FROM sbtest8 WHERE id BETWEEN 2412102 AND 2413101 ORDER BY c
	Sort  (cost=3744.87..3747.26 rows=956 width=121)
	  Sort Key: c
	  ->  Bitmap Heap Scan on sbtest8  (cost=22.23..3697.54 rows=956 width=121)
	        Recheck Cond: ((id >= 2412102) AND (id <= 2413101))
	        ->  Bitmap Index Scan on sbtest8_pkey  (cost=0.00..22.00 rows=956 width=0)
	              Index Cond: ((id >= 2412102) AND (id <= 2413101))

for: order_ranges
table 1 : explain SELECT c FROM sbtest1 WHERE id BETWEEN 2373028 AND 2374027 ORDER BY c
	Sort  (cost=3783.63..3786.05 rows=967 width=121)
	  Sort Key: c
	  ->  Bitmap Heap Scan on sbtest1  (cost=22.35..3735.68 rows=967 width=121)
	        Recheck Cond: ((id >= 2373028) AND (id <= 2374027))
	        ->  Bitmap Index Scan on sbtest1_pkey  (cost=0.00..22.11 rows=967 width=0)
	              Index Cond: ((id >= 2373028) AND (id <= 2374027))

table 2 : explain SELECT c FROM sbtest2 WHERE id BETWEEN 3596650 AND 3597649 ORDER BY c
	Sort  (cost=4075.26..4077.87 rows=1043 width=121)
	  Sort Key: c
	  ->  Bitmap Heap Scan on sbtest2  (cost=23.13..4022.97 rows=1043 width=121)
	        Recheck Cond: ((id >= 3596650) AND (id <= 3597649))
	        ->  Bitmap Index Scan on sbtest2_pkey  (cost=0.00..22.86 rows=1043 width=0)
	              Index Cond: ((id >= 3596650) AND (id <= 3597649))

table 3 : explain SELECT c FROM sbtest3 WHERE id BETWEEN 8672581 AND 8673580 ORDER BY c
	Sort  (cost=4079.21..4081.82 rows=1044 width=121)
	  Sort Key: c
	  ->  Bitmap Heap Scan on sbtest3  (cost=23.14..4026.86 rows=1044 width=121)
	        Recheck Cond: ((id >= 8672581) AND (id <= 8673580))
	        ->  Bitmap Index Scan on sbtest3_pkey  (cost=0.00..22.87 rows=1044 width=0)
	              Index Cond: ((id >= 8672581) AND (id <= 8673580))

table 4 : explain SELECT c FROM sbtest4 WHERE id BETWEEN 5161370 AND 5162369 ORDER BY c
	Sort  (cost=3877.74..3880.22 rows=991 width=121)
	  Sort Key: c
	  ->  Bitmap Heap Scan on sbtest4  (cost=22.59..3828.43 rows=991 width=121)
	        Recheck Cond: ((id >= 5161370) AND (id <= 5162369))
	        ->  Bitmap Index Scan on sbtest4_pkey  (cost=0.00..22.34 rows=991 width=0)
	              Index Cond: ((id >= 5161370) AND (id <= 5162369))

table 5 : explain SELECT c FROM sbtest5 WHERE id BETWEEN 215433 AND 216432 ORDER BY c
	Sort  (cost=3525.30..3527.55 rows=899 width=121)
	  Sort Key: c
	  ->  Bitmap Heap Scan on sbtest5  (cost=21.65..3481.19 rows=899 width=121)
	        Recheck Cond: ((id >= 215433) AND (id <= 216432))
	        ->  Bitmap Index Scan on sbtest5_pkey  (cost=0.00..21.43 rows=899 width=0)
	              Index Cond: ((id >= 215433) AND (id <= 216432))

table 6 : explain SELECT c FROM sbtest6 WHERE id BETWEEN 5161774 AND 5162773 ORDER BY c
	Sort  (cost=3774.50..3776.91 rows=964 width=121)
	  Sort Key: c
	  ->  Bitmap Heap Scan on sbtest6  (cost=22.32..3726.72 rows=964 width=121)
	        Recheck Cond: ((id >= 5161774) AND (id <= 5162773))
	        ->  Bitmap Index Scan on sbtest6_pkey  (cost=0.00..22.07 rows=964 width=0)
	              Index Cond: ((id >= 5161774) AND (id <= 5162773))

table 7 : explain SELECT c FROM sbtest7 WHERE id BETWEEN 4878710 AND 4879709 ORDER BY c
	Sort  (cost=4009.08..4011.65 rows=1025 width=121)
	  Sort Key: c
	  ->  Bitmap Heap Scan on sbtest7  (cost=22.94..3957.83 rows=1025 width=121)
	        Recheck Cond: ((id >= 4878710) AND (id <= 4879709))
	        ->  Bitmap Index Scan on sbtest7_pkey  (cost=0.00..22.68 rows=1025 width=0)
	              Index Cond: ((id >= 4878710) AND (id <= 4879709))

table 8 : explain SELECT c FROM sbtest8 WHERE id BETWEEN 9040359 AND 9041358 ORDER BY c
	Sort  (cost=4299.45..4302.20 rows=1100 width=121)
	  Sort Key: c
	  ->  Bitmap Heap Scan on sbtest8  (cost=27.71..4243.88 rows=1100 width=121)
	        Recheck Cond: ((id >= 9040359) AND (id <= 9041358))
	        ->  Bitmap Index Scan on sbtest8_pkey  (cost=0.00..27.43 rows=1100 width=0)
	              Index Cond: ((id >= 9040359) AND (id <= 9041358))

for: simple_ranges
table 1 : explain SELECT c FROM sbtest1 WHERE id BETWEEN 2857628 AND 2858627
	Bitmap Heap Scan on sbtest1  (cost=21.83..3547.08 rows=917 width=121)
	  Recheck Cond: ((id >= 2857628) AND (id <= 2858627))
	  ->  Bitmap Index Scan on sbtest1_pkey  (cost=0.00..21.61 rows=917 width=0)
	        Index Cond: ((id >= 2857628) AND (id <= 2858627))

table 2 : explain SELECT c FROM sbtest2 WHERE id BETWEEN 8775080 AND 8776079
	Bitmap Heap Scan on sbtest2  (cost=27.76..4256.17 rows=1105 width=121)
	  Recheck Cond: ((id >= 8775080) AND (id <= 8776079))
	  ->  Bitmap Index Scan on sbtest2_pkey  (cost=0.00..27.48 rows=1105 width=0)
	        Index Cond: ((id >= 8775080) AND (id <= 8776079))

table 3 : explain SELECT c FROM sbtest3 WHERE id BETWEEN 5080815 AND 5081814
	Bitmap Heap Scan on sbtest3  (cost=22.48..3785.91 rows=980 width=121)
	  Recheck Cond: ((id >= 5080815) AND (id <= 5081814))
	  ->  Bitmap Index Scan on sbtest3_pkey  (cost=0.00..22.23 rows=980 width=0)
	        Index Cond: ((id >= 5080815) AND (id <= 5081814))

table 4 : explain SELECT c FROM sbtest4 WHERE id BETWEEN 1757899 AND 1758898
	Bitmap Heap Scan on sbtest4  (cost=22.20..3685.10 rows=953 width=121)
	  Recheck Cond: ((id >= 1757899) AND (id <= 1758898))
	  ->  Bitmap Index Scan on sbtest4_pkey  (cost=0.00..21.96 rows=953 width=0)
	        Index Cond: ((id >= 1757899) AND (id <= 1758898))

table 5 : explain SELECT c FROM sbtest5 WHERE id BETWEEN 7880526 AND 7881525
	Bitmap Heap Scan on sbtest5  (cost=21.83..3549.24 rows=917 width=121)
	  Recheck Cond: ((id >= 7880526) AND (id <= 7881525))
	  ->  Bitmap Index Scan on sbtest5_pkey  (cost=0.00..21.61 rows=917 width=0)
	        Index Cond: ((id >= 7880526) AND (id <= 7881525))

table 6 : explain SELECT c FROM sbtest6 WHERE id BETWEEN 3446974 AND 3447973
	Bitmap Heap Scan on sbtest6  (cost=22.40..3756.90 rows=972 width=121)
	  Recheck Cond: ((id >= 3446974) AND (id <= 3447973))
	  ->  Bitmap Index Scan on sbtest6_pkey  (cost=0.00..22.15 rows=972 width=0)
	        Index Cond: ((id >= 3446974) AND (id <= 3447973))

table 7 : explain SELECT c FROM sbtest7 WHERE id BETWEEN 1180094 AND 1181093
	Bitmap Heap Scan on sbtest7  (cost=21.72..3508.67 rows=906 width=121)
	  Recheck Cond: ((id >= 1180094) AND (id <= 1181093))
	  ->  Bitmap Index Scan on sbtest7_pkey  (cost=0.00..21.50 rows=906 width=0)
	        Index Cond: ((id >= 1180094) AND (id <= 1181093))

table 8 : explain SELECT c FROM sbtest8 WHERE id BETWEEN 6450486 AND 6451485
	Bitmap Heap Scan on sbtest8  (cost=22.47..3784.34 rows=979 width=121)
	  Recheck Cond: ((id >= 6450486) AND (id <= 6451485))
	  ->  Bitmap Index Scan on sbtest8_pkey  (cost=0.00..22.22 rows=979 width=0)
	        Index Cond: ((id >= 6450486) AND (id <= 6451485))

for: simple_ranges
table 1 : explain SELECT c FROM sbtest1 WHERE id BETWEEN 2055563 AND 2056562
	Bitmap Heap Scan on sbtest1  (cost=22.32..3724.38 rows=964 width=121)
	  Recheck Cond: ((id >= 2055563) AND (id <= 2056562))
	  ->  Bitmap Index Scan on sbtest1_pkey  (cost=0.00..22.07 rows=964 width=0)
	        Index Cond: ((id >= 2055563) AND (id <= 2056562))

table 2 : explain SELECT c FROM sbtest2 WHERE id BETWEEN 8624884 AND 8625883
	Bitmap Heap Scan on sbtest2  (cost=22.00..3608.52 rows=933 width=121)
	  Recheck Cond: ((id >= 8624884) AND (id <= 8625883))
	  ->  Bitmap Index Scan on sbtest2_pkey  (cost=0.00..21.76 rows=933 width=0)
	        Index Cond: ((id >= 8624884) AND (id <= 8625883))

table 3 : explain SELECT c FROM sbtest3 WHERE id BETWEEN 9219275 AND 9220274
	Bitmap Heap Scan on sbtest3  (cost=22.96..3962.91 rows=1027 width=121)
	  Recheck Cond: ((id >= 9219275) AND (id <= 9220274))
	  ->  Bitmap Index Scan on sbtest3_pkey  (cost=0.00..22.70 rows=1027 width=0)
	        Index Cond: ((id >= 9219275) AND (id <= 9220274))

table 4 : explain SELECT c FROM sbtest4 WHERE id BETWEEN 4281010 AND 4282009
	Bitmap Heap Scan on sbtest4  (cost=22.07..3636.03 rows=940 width=121)
	  Recheck Cond: ((id >= 4281010) AND (id <= 4282009))
	  ->  Bitmap Index Scan on sbtest4_pkey  (cost=0.00..21.83 rows=940 width=0)
	        Index Cond: ((id >= 4281010) AND (id <= 4282009))

table 5 : explain SELECT c FROM sbtest5 WHERE id BETWEEN 8408381 AND 8409380
	Bitmap Heap Scan on sbtest5  (cost=22.77..3892.58 rows=1008 width=121)
	  Recheck Cond: ((id >= 8408381) AND (id <= 8409380))
	  ->  Bitmap Index Scan on sbtest5_pkey  (cost=0.00..22.51 rows=1008 width=0)
	        Index Cond: ((id >= 8408381) AND (id <= 8409380))

table 6 : explain SELECT c FROM sbtest6 WHERE id BETWEEN 7233672 AND 7234671
	Bitmap Heap Scan on sbtest6  (cost=22.84..3918.97 rows=1015 width=121)
	  Recheck Cond: ((id >= 7233672) AND (id <= 7234671))
	  ->  Bitmap Index Scan on sbtest6_pkey  (cost=0.00..22.58 rows=1015 width=0)
	        Index Cond: ((id >= 7233672) AND (id <= 7234671))

table 7 : explain SELECT c FROM sbtest7 WHERE id BETWEEN 3025343 AND 3026342
	Bitmap Heap Scan on sbtest7  (cost=27.66..4225.19 rows=1095 width=121)
	  Recheck Cond: ((id >= 3025343) AND (id <= 3026342))
	  ->  Bitmap Index Scan on sbtest7_pkey  (cost=0.00..27.39 rows=1095 width=0)
	        Index Cond: ((id >= 3025343) AND (id <= 3026342))

table 8 : explain SELECT c FROM sbtest8 WHERE id BETWEEN 1914829 AND 1915828
	Bitmap Heap Scan on sbtest8  (cost=26.82..3916.53 rows=1013 width=121)
	  Recheck Cond: ((id >= 1914829) AND (id <= 1915828))
	  ->  Bitmap Index Scan on sbtest8_pkey  (cost=0.00..26.57 rows=1013 width=0)
	        Index Cond: ((id >= 1914829) AND (id <= 1915828))

for: simple_ranges
table 1 : explain SELECT c FROM sbtest1 WHERE id BETWEEN 2584788 AND 2585787
	Bitmap Heap Scan on sbtest1  (cost=22.50..3792.20 rows=982 width=121)
	  Recheck Cond: ((id >= 2584788) AND (id <= 2585787))
	  ->  Bitmap Index Scan on sbtest1_pkey  (cost=0.00..22.25 rows=982 width=0)
	        Index Cond: ((id >= 2584788) AND (id <= 2585787))

table 2 : explain SELECT c FROM sbtest2 WHERE id BETWEEN 4216362 AND 4217361
	Bitmap Heap Scan on sbtest2  (cost=22.80..3902.57 rows=1011 width=121)
	  Recheck Cond: ((id >= 4216362) AND (id <= 4217361))
	  ->  Bitmap Index Scan on sbtest2_pkey  (cost=0.00..22.54 rows=1011 width=0)
	        Index Cond: ((id >= 4216362) AND (id <= 4217361))

table 3 : explain SELECT c FROM sbtest3 WHERE id BETWEEN 5716184 AND 5717183
	Bitmap Heap Scan on sbtest3  (cost=27.78..4263.81 rows=1107 width=121)
	  Recheck Cond: ((id >= 5716184) AND (id <= 5717183))
	  ->  Bitmap Index Scan on sbtest3_pkey  (cost=0.00..27.50 rows=1107 width=0)
	        Index Cond: ((id >= 5716184) AND (id <= 5717183))

table 4 : explain SELECT c FROM sbtest4 WHERE id BETWEEN 9381756 AND 9382755
	Bitmap Heap Scan on sbtest4  (cost=21.98..3602.04 rows=931 width=121)
	  Recheck Cond: ((id >= 9381756) AND (id <= 9382755))
	  ->  Bitmap Index Scan on sbtest4_pkey  (cost=0.00..21.75 rows=931 width=0)
	        Index Cond: ((id >= 9381756) AND (id <= 9382755))

table 5 : explain SELECT c FROM sbtest5 WHERE id BETWEEN 7755211 AND 7756210
	Bitmap Heap Scan on sbtest5  (cost=22.83..3915.18 rows=1014 width=121)
	  Recheck Cond: ((id >= 7755211) AND (id <= 7756210))
	  ->  Bitmap Index Scan on sbtest5_pkey  (cost=0.00..22.57 rows=1014 width=0)
	        Index Cond: ((id >= 7755211) AND (id <= 7756210))

table 6 : explain SELECT c FROM sbtest6 WHERE id BETWEEN 4649736 AND 4650735
	Bitmap Heap Scan on sbtest6  (cost=22.81..3907.67 rows=1012 width=121)
	  Recheck Cond: ((id >= 4649736) AND (id <= 4650735))
	  ->  Bitmap Index Scan on sbtest6_pkey  (cost=0.00..22.55 rows=1012 width=0)
	        Index Cond: ((id >= 4649736) AND (id <= 4650735))

table 7 : explain SELECT c FROM sbtest7 WHERE id BETWEEN 5093574 AND 5094573
	Bitmap Heap Scan on sbtest7  (cost=22.76..3890.00 rows=1007 width=121)
	  Recheck Cond: ((id >= 5093574) AND (id <= 5094573))
	  ->  Bitmap Index Scan on sbtest7_pkey  (cost=0.00..22.50 rows=1007 width=0)
	        Index Cond: ((id >= 5093574) AND (id <= 5094573))

table 8 : explain SELECT c FROM sbtest8 WHERE id BETWEEN 832044 AND 833043
	Bitmap Heap Scan on sbtest8  (cost=28.02..4352.82 rows=1130 width=121)
	  Recheck Cond: ((id >= 832044) AND (id <= 833043))
	  ->  Bitmap Index Scan on sbtest8_pkey  (cost=0.00..27.73 rows=1130 width=0)
	        Index Cond: ((id >= 832044) AND (id <= 833043))

for: distinct_ranges
table 1 : explain SELECT DISTINCT c FROM sbtest1 WHERE id BETWEEN 3847997 AND 3848996 ORDER BY c
	Unique  (cost=4016.76..4021.90 rows=1028 width=121)
	  ->  Sort  (cost=4016.76..4019.33 rows=1028 width=121)
	        Sort Key: c
	        ->  Bitmap Heap Scan on sbtest1  (cost=22.97..3965.33 rows=1028 width=121)
	              Recheck Cond: ((id >= 3847997) AND (id <= 3848996))
	              ->  Bitmap Index Scan on sbtest1_pkey  (cost=0.00..22.71 rows=1028 width=0)
	                    Index Cond: ((id >= 3847997) AND (id <= 3848996))

table 2 : explain SELECT DISTINCT c FROM sbtest2 WHERE id BETWEEN 5367433 AND 5368432 ORDER BY c
	Unique  (cost=4113.44..4118.70 rows=1053 width=121)
	  ->  Sort  (cost=4113.44..4116.07 rows=1053 width=121)
	        Sort Key: c
	        ->  Bitmap Heap Scan on sbtest2  (cost=23.23..4060.57 rows=1053 width=121)
	              Recheck Cond: ((id >= 5367433) AND (id <= 5368432))
	              ->  Bitmap Index Scan on sbtest2_pkey  (cost=0.00..22.96 rows=1053 width=0)
	                    Index Cond: ((id >= 5367433) AND (id <= 5368432))

table 3 : explain SELECT DISTINCT c FROM sbtest3 WHERE id BETWEEN 2538303 AND 2539302 ORDER BY c
	Unique  (cost=3796.34..3801.19 rows=970 width=121)
	  ->  Sort  (cost=3796.34..3798.76 rows=970 width=121)
	        Sort Key: c
	        ->  Bitmap Heap Scan on sbtest3  (cost=22.38..3748.22 rows=970 width=121)
	              Recheck Cond: ((id >= 2538303) AND (id <= 2539302))
	              ->  Bitmap Index Scan on sbtest3_pkey  (cost=0.00..22.14 rows=970 width=0)
	                    Index Cond: ((id >= 2538303) AND (id <= 2539302))

table 4 : explain SELECT DISTINCT c FROM sbtest4 WHERE id BETWEEN 5834027 AND 5835026 ORDER BY c
	Unique  (cost=3513.70..3518.18 rows=896 width=121)
	  ->  Sort  (cost=3513.70..3515.94 rows=896 width=121)
	        Sort Key: c
	        ->  Bitmap Heap Scan on sbtest4  (cost=21.62..3469.76 rows=896 width=121)
	              Recheck Cond: ((id >= 5834027) AND (id <= 5835026))
	              ->  Bitmap Index Scan on sbtest4_pkey  (cost=0.00..21.39 rows=896 width=0)
	                    Index Cond: ((id >= 5834027) AND (id <= 5835026))

table 5 : explain SELECT DISTINCT c FROM sbtest5 WHERE id BETWEEN 242627 AND 243626 ORDER BY c
	Unique  (cost=3525.30..3529.79 rows=899 width=121)
	  ->  Sort  (cost=3525.30..3527.55 rows=899 width=121)
	        Sort Key: c
	        ->  Bitmap Heap Scan on sbtest5  (cost=21.65..3481.19 rows=899 width=121)
	              Recheck Cond: ((id >= 242627) AND (id <= 243626))
	              ->  Bitmap Index Scan on sbtest5_pkey  (cost=0.00..21.43 rows=899 width=0)
	                    Index Cond: ((id >= 242627) AND (id <= 243626))

table 6 : explain SELECT DISTINCT c FROM sbtest6 WHERE id BETWEEN 4162060 AND 4163059 ORDER BY c
	Unique  (cost=3900.81..3905.80 rows=997 width=121)
	  ->  Sort  (cost=3900.81..3903.31 rows=997 width=121)
	        Sort Key: c
	        ->  Bitmap Heap Scan on sbtest6  (cost=22.65..3851.16 rows=997 width=121)
	              Recheck Cond: ((id >= 4162060) AND (id <= 4163059))
	              ->  Bitmap Index Scan on sbtest6_pkey  (cost=0.00..22.40 rows=997 width=0)
	                    Index Cond: ((id >= 4162060) AND (id <= 4163059))

table 7 : explain SELECT DISTINCT c FROM sbtest7 WHERE id BETWEEN 311078 AND 312077 ORDER BY c
	Unique  (cost=3989.96..3995.06 rows=1020 width=121)
	  ->  Sort  (cost=3989.96..3992.51 rows=1020 width=121)
	        Sort Key: c
	        ->  Bitmap Heap Scan on sbtest7  (cost=22.89..3938.99 rows=1020 width=121)
	              Recheck Cond: ((id >= 311078) AND (id <= 312077))
	              ->  Bitmap Index Scan on sbtest7_pkey  (cost=0.00..22.64 rows=1020 width=0)
	                    Index Cond: ((id >= 311078) AND (id <= 312077))

table 8 : explain SELECT DISTINCT c FROM sbtest8 WHERE id BETWEEN 9454809 AND 9455808 ORDER BY c
	Unique  (cost=3970.93..3976.00 rows=1014 width=121)
	  ->  Sort  (cost=3970.93..3973.46 rows=1014 width=121)
	        Sort Key: c
	        ->  Bitmap Heap Scan on sbtest8  (cost=26.83..3920.30 rows=1014 width=121)
	              Recheck Cond: ((id >= 9454809) AND (id <= 9455808))
	              ->  Bitmap Index Scan on sbtest8_pkey  (cost=0.00..26.57 rows=1014 width=0)
	                    Index Cond: ((id >= 9454809) AND (id <= 9455808))

for: order_ranges
table 1 : explain SELECT c FROM sbtest1 WHERE id BETWEEN 6028911 AND 6029910 ORDER BY c
	Sort  (cost=3890.70..3893.19 rows=995 width=121)
	  Sort Key: c
	  ->  Bitmap Heap Scan on sbtest1  (cost=22.63..3841.16 rows=995 width=121)
	        Recheck Cond: ((id >= 6028911) AND (id <= 6029910))
	        ->  Bitmap Index Scan on sbtest1_pkey  (cost=0.00..22.39 rows=995 width=0)
	              Index Cond: ((id >= 6028911) AND (id <= 6029910))

table 2 : explain SELECT c FROM sbtest2 WHERE id BETWEEN 7853823 AND 7854822 ORDER BY c
	Sort  (cost=3558.71..3560.98 rows=908 width=121)
	  Sort Key: c
	  ->  Bitmap Heap Scan on sbtest2  (cost=21.74..3514.10 rows=908 width=121)
	        Recheck Cond: ((id >= 7853823) AND (id <= 7854822))
	        ->  Bitmap Index Scan on sbtest2_pkey  (cost=0.00..21.51 rows=908 width=0)
	              Index Cond: ((id >= 7853823) AND (id <= 7854822))

table 3 : explain SELECT c FROM sbtest3 WHERE id BETWEEN 2074803 AND 2075802 ORDER BY c
	Sort  (cost=3838.43..3840.88 rows=981 width=121)
	  Sort Key: c
	  ->  Bitmap Heap Scan on sbtest3  (cost=22.49..3789.68 rows=981 width=121)
	        Recheck Cond: ((id >= 2074803) AND (id <= 2075802))
	        ->  Bitmap Index Scan on sbtest3_pkey  (cost=0.00..22.25 rows=981 width=0)
	              Index Cond: ((id >= 2074803) AND (id <= 2075802))

table 4 : explain SELECT c FROM sbtest4 WHERE id BETWEEN 3500386 AND 3501385 ORDER BY c
	Sort  (cost=3701.61..3703.97 rows=945 width=121)
	  Sort Key: c
	  ->  Bitmap Heap Scan on sbtest4  (cost=22.12..3654.91 rows=945 width=121)
	        Recheck Cond: ((id >= 3500386) AND (id <= 3501385))
	        ->  Bitmap Index Scan on sbtest4_pkey  (cost=0.00..21.89 rows=945 width=0)
	              Index Cond: ((id >= 3500386) AND (id <= 3501385))

table 5 : explain SELECT c FROM sbtest5 WHERE id BETWEEN 8012910 AND 8013909 ORDER BY c
	Sort  (cost=4015.51..4018.07 rows=1027 width=121)
	  Sort Key: c
	  ->  Bitmap Heap Scan on sbtest5  (cost=22.96..3964.14 rows=1027 width=121)
	        Recheck Cond: ((id >= 8012910) AND (id <= 8013909))
	        ->  Bitmap Index Scan on sbtest5_pkey  (cost=0.00..22.70 rows=1027 width=0)
	              Index Cond: ((id >= 8012910) AND (id <= 8013909))

table 6 : explain SELECT c FROM sbtest6 WHERE id BETWEEN 4247788 AND 4248787 ORDER BY c
	Sort  (cost=3824.28..3826.72 rows=977 width=121)
	  Sort Key: c
	  ->  Bitmap Heap Scan on sbtest6  (cost=22.45..3775.76 rows=977 width=121)
	        Recheck Cond: ((id >= 4247788) AND (id <= 4248787))
	        ->  Bitmap Index Scan on sbtest6_pkey  (cost=0.00..22.20 rows=977 width=0)
	              Index Cond: ((id >= 4247788) AND (id <= 4248787))

table 7 : explain SELECT c FROM sbtest7 WHERE id BETWEEN 2628080 AND 2629079 ORDER BY c
	Sort  (cost=4119.93..4122.56 rows=1054 width=121)
	  Sort Key: c
	  ->  Bitmap Heap Scan on sbtest7  (cost=23.24..4067.01 rows=1054 width=121)
	        Recheck Cond: ((id >= 2628080) AND (id <= 2629079))
	        ->  Bitmap Index Scan on sbtest7_pkey  (cost=0.00..22.97 rows=1054 width=0)
	              Index Cond: ((id >= 2628080) AND (id <= 2629079))

table 8 : explain SELECT c FROM sbtest8 WHERE id BETWEEN 5388807 AND 5389806 ORDER BY c
	Sort  (cost=3836.80..3839.25 rows=980 width=121)
	  Sort Key: c
	  ->  Bitmap Heap Scan on sbtest8  (cost=22.48..3788.11 rows=980 width=121)
	        Recheck Cond: ((id >= 5388807) AND (id <= 5389806))
	        ->  Bitmap Index Scan on sbtest8_pkey  (cost=0.00..22.23 rows=980 width=0)
	              Index Cond: ((id >= 5388807) AND (id <= 5389806))

for: sum_ranges
table 1 : explain SELECT SUM(k) FROM sbtest1 WHERE id BETWEEN 7400944 AND 7401943
	Aggregate  (cost=3885.08..3885.09 rows=1 width=8)
	  ->  Bitmap Heap Scan on sbtest1  (cost=22.75..3882.57 rows=1006 width=4)
	        Recheck Cond: ((id >= 7400944) AND (id <= 7401943))
	        ->  Bitmap Index Scan on sbtest1_pkey  (cost=0.00..22.50 rows=1006 width=0)
	              Index Cond: ((id >= 7400944) AND (id <= 7401943))

table 2 : explain SELECT SUM(k) FROM sbtest2 WHERE id BETWEEN 9041161 AND 9042160
	Aggregate  (cost=4048.16..4048.17 rows=1 width=8)
	  ->  Bitmap Heap Scan on sbtest2  (cost=23.19..4045.54 rows=1049 width=4)
	        Recheck Cond: ((id >= 9041161) AND (id <= 9042160))
	        ->  Bitmap Index Scan on sbtest2_pkey  (cost=0.00..22.93 rows=1049 width=0)
	              Index Cond: ((id >= 9041161) AND (id <= 9042160))

table 3 : explain SELECT SUM(k) FROM sbtest3 WHERE id BETWEEN 2156437 AND 2157436
	Aggregate  (cost=4006.89..4006.90 rows=1 width=8)
	  ->  Bitmap Heap Scan on sbtest3  (cost=23.07..4004.30 rows=1038 width=4)
	        Recheck Cond: ((id >= 2156437) AND (id <= 2157436))
	        ->  Bitmap Index Scan on sbtest3_pkey  (cost=0.00..22.82 rows=1038 width=0)
	              Index Cond: ((id >= 2156437) AND (id <= 2157436))

table 4 : explain SELECT SUM(k) FROM sbtest4 WHERE id BETWEEN 5856509 AND 5857508
	Aggregate  (cost=3472.00..3472.01 rows=1 width=8)
	  ->  Bitmap Heap Scan on sbtest4  (cost=21.62..3469.76 rows=896 width=4)
	        Recheck Cond: ((id >= 5856509) AND (id <= 5857508))
	        ->  Bitmap Index Scan on sbtest4_pkey  (cost=0.00..21.39 rows=896 width=0)
	              Index Cond: ((id >= 5856509) AND (id <= 5857508))

table 5 : explain SELECT SUM(k) FROM sbtest5 WHERE id BETWEEN 7213570 AND 7214569
	Aggregate  (cost=4204.03..4204.04 rows=1 width=8)
	  ->  Bitmap Heap Scan on sbtest5  (cost=27.60..4201.30 rows=1089 width=4)
	        Recheck Cond: ((id >= 7213570) AND (id <= 7214569))
	        ->  Bitmap Index Scan on sbtest5_pkey  (cost=0.00..27.32 rows=1089 width=0)
	              Index Cond: ((id >= 7213570) AND (id <= 7214569))

table 6 : explain SELECT SUM(k) FROM sbtest6 WHERE id BETWEEN 9872462 AND 9873461
	Aggregate  (cost=3778.20..3778.21 rows=1 width=8)
	  ->  Bitmap Heap Scan on sbtest6  (cost=22.45..3775.76 rows=977 width=4)
	        Recheck Cond: ((id >= 9872462) AND (id <= 9873461))
	        ->  Bitmap Index Scan on sbtest6_pkey  (cost=0.00..22.20 rows=977 width=0)
	              Index Cond: ((id >= 9872462) AND (id <= 9873461))

table 7 : explain SELECT SUM(k) FROM sbtest7 WHERE id BETWEEN 4500923 AND 4501922
	Aggregate  (cost=4175.27..4175.28 rows=1 width=8)
	  ->  Bitmap Heap Scan on sbtest7  (cost=27.52..4172.57 rows=1081 width=4)
	        Recheck Cond: ((id >= 4500923) AND (id <= 4501922))
	        ->  Bitmap Index Scan on sbtest7_pkey  (cost=0.00..27.25 rows=1081 width=0)
	              Index Cond: ((id >= 4500923) AND (id <= 4501922))

table 8 : explain SELECT SUM(k) FROM sbtest8 WHERE id BETWEEN 6306724 AND 6307723
	Aggregate  (cost=4092.38..4092.39 rows=1 width=8)
	  ->  Bitmap Heap Scan on sbtest8  (cost=27.29..4089.73 rows=1059 width=4)
	        Recheck Cond: ((id >= 6306724) AND (id <= 6307723))
	        ->  Bitmap Index Scan on sbtest8_pkey  (cost=0.00..27.02 rows=1059 width=0)
	              Index Cond: ((id >= 6306724) AND (id <= 6307723))

for: distinct_ranges
table 1 : explain SELECT DISTINCT c FROM sbtest1 WHERE id BETWEEN 3450678 AND 3451677 ORDER BY c
	Unique  (cost=3607.52..3612.13 rows=921 width=121)
	  ->  Sort  (cost=3607.52..3609.83 rows=921 width=121)
	        Sort Key: c
	        ->  Bitmap Heap Scan on sbtest1  (cost=21.88..3562.18 rows=921 width=121)
	              Recheck Cond: ((id >= 3450678) AND (id <= 3451677))
	              ->  Bitmap Index Scan on sbtest1_pkey  (cost=0.00..21.64 rows=921 width=0)
	                    Index Cond: ((id >= 3450678) AND (id <= 3451677))

table 2 : explain SELECT DISTINCT c FROM sbtest2 WHERE id BETWEEN 9535179 AND 9536178 ORDER BY c
	Unique  (cost=4132.52..4137.81 rows=1058 width=121)
	  ->  Sort  (cost=4132.52..4135.16 rows=1058 width=121)
	        Sort Key: c
	        ->  Bitmap Heap Scan on sbtest2  (cost=23.28..4079.37 rows=1058 width=121)
	              Recheck Cond: ((id >= 9535179) AND (id <= 9536178))
	              ->  Bitmap Index Scan on sbtest2_pkey  (cost=0.00..23.01 rows=1058 width=0)
	                    Index Cond: ((id >= 9535179) AND (id <= 9536178))

table 3 : explain SELECT DISTINCT c FROM sbtest3 WHERE id BETWEEN 9832414 AND 9833413 ORDER BY c
	Unique  (cost=4151.73..4157.04 rows=1063 width=121)
	  ->  Sort  (cost=4151.73..4154.39 rows=1063 width=121)
	        Sort Key: c
	        ->  Bitmap Heap Scan on sbtest3  (cost=23.33..4098.29 rows=1063 width=121)
	              Recheck Cond: ((id >= 9832414) AND (id <= 9833413))
	              ->  Bitmap Index Scan on sbtest3_pkey  (cost=0.00..23.07 rows=1063 width=0)
	                    Index Cond: ((id >= 9832414) AND (id <= 9833413))

table 4 : explain SELECT DISTINCT c FROM sbtest4 WHERE id BETWEEN 5462944 AND 5463943 ORDER BY c
	Unique  (cost=4374.40..4380.00 rows=1121 width=121)
	  ->  Sort  (cost=4374.40..4377.20 rows=1121 width=121)
	        Sort Key: c
	        ->  Bitmap Heap Scan on sbtest4  (cost=27.93..4317.62 rows=1121 width=121)
	              Recheck Cond: ((id >= 5462944) AND (id <= 5463943))
	              ->  Bitmap Index Scan on sbtest4_pkey  (cost=0.00..27.64 rows=1121 width=0)
	                    Index Cond: ((id >= 5462944) AND (id <= 5463943))

table 5 : explain SELECT DISTINCT c FROM sbtest5 WHERE id BETWEEN 9401311 AND 9402310 ORDER BY c
	Unique  (cost=4118.66..4123.93 rows=1054 width=121)
	  ->  Sort  (cost=4118.66..4121.29 rows=1054 width=121)
	        Sort Key: c
	        ->  Bitmap Heap Scan on sbtest5  (cost=23.24..4065.74 rows=1054 width=121)
	              Recheck Cond: ((id >= 9401311) AND (id <= 9402310))
	              ->  Bitmap Index Scan on sbtest5_pkey  (cost=0.00..22.97 rows=1054 width=0)
	                    Index Cond: ((id >= 9401311) AND (id <= 9402310))

table 6 : explain SELECT DISTINCT c FROM sbtest6 WHERE id BETWEEN 510517 AND 511516 ORDER BY c
	Unique  (cost=3394.76..3399.08 rows=865 width=121)
	  ->  Sort  (cost=3394.76..3396.92 rows=865 width=121)
	        Sort Key: c
	        ->  Bitmap Heap Scan on sbtest6  (cost=21.30..3352.56 rows=865 width=121)
	              Recheck Cond: ((id >= 510517) AND (id <= 511516))
	              ->  Bitmap Index Scan on sbtest6_pkey  (cost=0.00..21.08 rows=865 width=0)
	                    Index Cond: ((id >= 510517) AND (id <= 511516))

table 7 : explain SELECT DISTINCT c FROM sbtest7 WHERE id BETWEEN 9997623 AND 9998622 ORDER BY c
	Unique  (cost=3852.20..3857.12 rows=984 width=121)
	  ->  Sort  (cost=3852.20..3854.66 rows=984 width=121)
	        Sort Key: c
	        ->  Bitmap Heap Scan on sbtest7  (cost=22.52..3803.28 rows=984 width=121)
	              Recheck Cond: ((id >= 9997623) AND (id <= 9998622))
	              ->  Bitmap Index Scan on sbtest7_pkey  (cost=0.00..22.27 rows=984 width=0)
	                    Index Cond: ((id >= 9997623) AND (id <= 9998622))

table 8 : explain SELECT DISTINCT c FROM sbtest8 WHERE id BETWEEN 8910604 AND 8911603 ORDER BY c
	Unique  (cost=4016.82..4021.95 rows=1026 width=121)
	  ->  Sort  (cost=4016.82..4019.39 rows=1026 width=121)
	        Sort Key: c
	        ->  Bitmap Heap Scan on sbtest8  (cost=26.95..3965.51 rows=1026 width=121)
	              Recheck Cond: ((id >= 8910604) AND (id <= 8911603))
	              ->  Bitmap Index Scan on sbtest8_pkey  (cost=0.00..26.69 rows=1026 width=0)
	                    Index Cond: ((id >= 8910604) AND (id <= 8911603))

for point_selects
table 1 : explain SELECT c FROM sbtest1 WHERE id=2330325
	Index Scan using sbtest1_pkey on sbtest1  (cost=0.43..8.45 rows=1 width=121)
	  Index Cond: (id = 2330325)

table 2 : explain SELECT c FROM sbtest2 WHERE id=6412808
	Index Scan using sbtest2_pkey on sbtest2  (cost=0.43..8.45 rows=1 width=121)
	  Index Cond: (id = 6412808)

table 3 : explain SELECT c FROM sbtest3 WHERE id=3307013
	Index Scan using sbtest3_pkey on sbtest3  (cost=0.43..8.45 rows=1 width=121)
	  Index Cond: (id = 3307013)

table 4 : explain SELECT c FROM sbtest4 WHERE id=7504370
	Index Scan using sbtest4_pkey on sbtest4  (cost=0.43..8.45 rows=1 width=121)
	  Index Cond: (id = 7504370)

table 5 : explain SELECT c FROM sbtest5 WHERE id=7031889
	Index Scan using sbtest5_pkey on sbtest5  (cost=0.43..8.45 rows=1 width=121)
	  Index Cond: (id = 7031889)

table 6 : explain SELECT c FROM sbtest6 WHERE id=3263998
	Index Scan using sbtest6_pkey on sbtest6  (cost=0.43..8.45 rows=1 width=121)
	  Index Cond: (id = 3263998)

table 7 : explain SELECT c FROM sbtest7 WHERE id=8355901
	Index Scan using sbtest7_pkey on sbtest7  (cost=0.43..8.45 rows=1 width=121)
	  Index Cond: (id = 8355901)

table 8 : explain SELECT c FROM sbtest8 WHERE id=9156075
	Index Scan using sbtest8_pkey on sbtest8  (cost=0.43..8.45 rows=1 width=121)
	  Index Cond: (id = 9156075)

for: sum_ranges
table 1 : explain SELECT SUM(k) FROM sbtest1 WHERE id BETWEEN 8646921 AND 8647920
	Aggregate  (cost=3877.55..3877.56 rows=1 width=8)
	  ->  Bitmap Heap Scan on sbtest1  (cost=22.73..3875.04 rows=1004 width=4)
	        Recheck Cond: ((id >= 8646921) AND (id <= 8647920))
	        ->  Bitmap Index Scan on sbtest1_pkey  (cost=0.00..22.47 rows=1004 width=0)
	              Index Cond: ((id >= 8646921) AND (id <= 8647920))

table 2 : explain SELECT SUM(k) FROM sbtest2 WHERE id BETWEEN 6378700 AND 6379699
	Aggregate  (cost=3957.82..3957.83 rows=1 width=8)
	  ->  Bitmap Heap Scan on sbtest2  (cost=22.94..3955.26 rows=1025 width=4)
	        Recheck Cond: ((id >= 6378700) AND (id <= 6379699))
	        ->  Bitmap Index Scan on sbtest2_pkey  (cost=0.00..22.68 rows=1025 width=0)
	              Index Cond: ((id >= 6378700) AND (id <= 6379699))

table 3 : explain SELECT SUM(k) FROM sbtest3 WHERE id BETWEEN 7717240 AND 7718239
	Aggregate  (cost=4074.62..4074.63 rows=1 width=8)
	  ->  Bitmap Heap Scan on sbtest3  (cost=23.26..4071.98 rows=1056 width=4)
	        Recheck Cond: ((id >= 7717240) AND (id <= 7718239))
	        ->  Bitmap Index Scan on sbtest3_pkey  (cost=0.00..23.00 rows=1056 width=0)
	              Index Cond: ((id >= 7717240) AND (id <= 7718239))

table 4 : explain SELECT SUM(k) FROM sbtest4 WHERE id BETWEEN 4443007 AND 4444006
	Aggregate  (cost=3661.05..3661.06 rows=1 width=8)
	  ->  Bitmap Heap Scan on sbtest4  (cost=22.13..3658.68 rows=946 width=4)
	        Recheck Cond: ((id >= 4443007) AND (id <= 4444006))
	        ->  Bitmap Index Scan on sbtest4_pkey  (cost=0.00..21.89 rows=946 width=0)
	              Index Cond: ((id >= 4443007) AND (id <= 4444006))

table 5 : explain SELECT SUM(k) FROM sbtest5 WHERE id BETWEEN 9285691 AND 9286690
	Aggregate  (cost=4313.03..4313.04 rows=1 width=8)
	  ->  Bitmap Heap Scan on sbtest5  (cost=27.90..4310.23 rows=1119 width=4)
	        Recheck Cond: ((id >= 9285691) AND (id <= 9286690))
	        ->  Bitmap Index Scan on sbtest5_pkey  (cost=0.00..27.62 rows=1119 width=0)
	              Index Cond: ((id >= 9285691) AND (id <= 9286690))

table 6 : explain SELECT SUM(k) FROM sbtest6 WHERE id BETWEEN 8420799 AND 8421798
	Aggregate  (cost=3770.65..3770.66 rows=1 width=8)
	  ->  Bitmap Heap Scan on sbtest6  (cost=22.43..3768.22 rows=975 width=4)
	        Recheck Cond: ((id >= 8420799) AND (id <= 8421798))
	        ->  Bitmap Index Scan on sbtest6_pkey  (cost=0.00..22.18 rows=975 width=0)
	              Index Cond: ((id >= 8420799) AND (id <= 8421798))

table 7 : explain SELECT SUM(k) FROM sbtest7 WHERE id BETWEEN 5424067 AND 5425066
	Aggregate  (cost=3956.62..3956.63 rows=1 width=8)
	  ->  Bitmap Heap Scan on sbtest7  (cost=22.93..3954.06 rows=1024 width=4)
	        Recheck Cond: ((id >= 5424067) AND (id <= 5425066))
	        ->  Bitmap Index Scan on sbtest7_pkey  (cost=0.00..22.68 rows=1024 width=0)
	              Index Cond: ((id >= 5424067) AND (id <= 5425066))

table 8 : explain SELECT SUM(k) FROM sbtest8 WHERE id BETWEEN 3463446 AND 3464445
	Aggregate  (cost=3941.68..3941.69 rows=1 width=8)
	  ->  Bitmap Heap Scan on sbtest8  (cost=26.88..3939.14 rows=1019 width=4)
	        Recheck Cond: ((id >= 3463446) AND (id <= 3464445))
	        ->  Bitmap Index Scan on sbtest8_pkey  (cost=0.00..26.62 rows=1019 width=0)
	              Index Cond: ((id >= 3463446) AND (id <= 3464445))

for: distinct_ranges
table 1 : explain SELECT DISTINCT c FROM sbtest1 WHERE id BETWEEN 2956793 AND 2957792 ORDER BY c
	Unique  (cost=3592.20..3596.78 rows=917 width=121)
	  ->  Sort  (cost=3592.20..3594.49 rows=917 width=121)
	        Sort Key: c
	        ->  Bitmap Heap Scan on sbtest1  (cost=21.83..3547.08 rows=917 width=121)
	              Recheck Cond: ((id >= 2956793) AND (id <= 2957792))
	              ->  Bitmap Index Scan on sbtest1_pkey  (cost=0.00..21.61 rows=917 width=0)
	                    Index Cond: ((id >= 2956793) AND (id <= 2957792))

table 2 : explain SELECT DISTINCT c FROM sbtest2 WHERE id BETWEEN 8480784 AND 8481783 ORDER BY c
	Unique  (cost=3627.72..3632.35 rows=926 width=121)
	  ->  Sort  (cost=3627.72..3630.03 rows=926 width=121)
	        Sort Key: c
	        ->  Bitmap Heap Scan on sbtest2  (cost=21.93..3582.09 rows=926 width=121)
	              Recheck Cond: ((id >= 8480784) AND (id <= 8481783))
	              ->  Bitmap Index Scan on sbtest2_pkey  (cost=0.00..21.69 rows=926 width=0)
	                    Index Cond: ((id >= 8480784) AND (id <= 8481783))

table 3 : explain SELECT DISTINCT c FROM sbtest3 WHERE id BETWEEN 9283135 AND 9284134 ORDER BY c
	Unique  (cost=4014.28..4019.42 rows=1027 width=121)
	  ->  Sort  (cost=4014.28..4016.85 rows=1027 width=121)
	        Sort Key: c
	        ->  Bitmap Heap Scan on sbtest3  (cost=22.96..3962.91 rows=1027 width=121)
	              Recheck Cond: ((id >= 9283135) AND (id <= 9284134))
	              ->  Bitmap Index Scan on sbtest3_pkey  (cost=0.00..22.70 rows=1027 width=0)
	                    Index Cond: ((id >= 9283135) AND (id <= 9284134))

table 4 : explain SELECT DISTINCT c FROM sbtest4 WHERE id BETWEEN 7392835 AND 7393834 ORDER BY c
	Unique  (cost=3919.82..3924.83 rows=1002 width=121)
	  ->  Sort  (cost=3919.82..3922.33 rows=1002 width=121)
	        Sort Key: c
	        ->  Bitmap Heap Scan on sbtest4  (cost=22.71..3869.88 rows=1002 width=121)
	              Recheck Cond: ((id >= 7392835) AND (id <= 7393834))
	              ->  Bitmap Index Scan on sbtest4_pkey  (cost=0.00..22.45 rows=1002 width=0)
	                    Index Cond: ((id >= 7392835) AND (id <= 7393834))

table 5 : explain SELECT DISTINCT c FROM sbtest5 WHERE id BETWEEN 5863472 AND 5864471 ORDER BY c
	Unique  (cost=3740.02..3744.79 rows=955 width=121)
	  ->  Sort  (cost=3740.02..3742.40 rows=955 width=121)
	        Sort Key: c
	        ->  Bitmap Heap Scan on sbtest5  (cost=22.22..3692.75 rows=955 width=121)
	              Recheck Cond: ((id >= 5863472) AND (id <= 5864471))
	              ->  Bitmap Index Scan on sbtest5_pkey  (cost=0.00..21.98 rows=955 width=0)
	                    Index Cond: ((id >= 5863472) AND (id <= 5864471))

table 6 : explain SELECT DISTINCT c FROM sbtest6 WHERE id BETWEEN 7181170 AND 7182169 ORDER BY c
	Unique  (cost=4237.18..4242.60 rows=1084 width=121)
	  ->  Sort  (cost=4237.18..4239.89 rows=1084 width=121)
	        Sort Key: c
	        ->  Bitmap Heap Scan on sbtest6  (cost=27.55..4182.54 rows=1084 width=121)
	              Recheck Cond: ((id >= 7181170) AND (id <= 7182169))
	              ->  Bitmap Index Scan on sbtest6_pkey  (cost=0.00..27.27 rows=1084 width=0)
	                    Index Cond: ((id >= 7181170) AND (id <= 7182169))

table 7 : explain SELECT DISTINCT c FROM sbtest7 WHERE id BETWEEN 7469160 AND 7470159 ORDER BY c
	Unique  (cost=3767.94..3772.75 rows=962 width=121)
	  ->  Sort  (cost=3767.94..3770.34 rows=962 width=121)
	        Sort Key: c
	        ->  Bitmap Heap Scan on sbtest7  (cost=22.30..3720.27 rows=962 width=121)
	              Recheck Cond: ((id >= 7469160) AND (id <= 7470159))
	              ->  Bitmap Index Scan on sbtest7_pkey  (cost=0.00..22.05 rows=962 width=0)
	                    Index Cond: ((id >= 7469160) AND (id <= 7470159))

table 8 : explain SELECT DISTINCT c FROM sbtest8 WHERE id BETWEEN 1417741 AND 1418740 ORDER BY c
	Unique  (cost=3925.02..3930.03 rows=1002 width=121)
	  ->  Sort  (cost=3925.02..3927.52 rows=1002 width=121)
	        Sort Key: c
	        ->  Bitmap Heap Scan on sbtest8  (cost=26.71..3875.07 rows=1002 width=121)
	              Recheck Cond: ((id >= 1417741) AND (id <= 1418740))
	              ->  Bitmap Index Scan on sbtest8_pkey  (cost=0.00..26.45 rows=1002 width=0)
	                    Index Cond: ((id >= 1417741) AND (id <= 1418740))

for: sum_ranges
table 1 : explain SELECT SUM(k) FROM sbtest1 WHERE id BETWEEN 1177700 AND 1178699
	Aggregate  (cost=3885.08..3885.09 rows=1 width=8)
	  ->  Bitmap Heap Scan on sbtest1  (cost=22.75..3882.57 rows=1006 width=4)
	        Recheck Cond: ((id >= 1177700) AND (id <= 1178699))
	        ->  Bitmap Index Scan on sbtest1_pkey  (cost=0.00..22.50 rows=1006 width=0)
	              Index Cond: ((id >= 1177700) AND (id <= 1178699))

table 2 : explain SELECT SUM(k) FROM sbtest2 WHERE id BETWEEN 2385987 AND 2386986
	Aggregate  (cost=3878.72..3878.73 rows=1 width=8)
	  ->  Bitmap Heap Scan on sbtest2  (cost=22.73..3876.21 rows=1004 width=4)
	        Recheck Cond: ((id >= 2385987) AND (id <= 2386986))
	        ->  Bitmap Index Scan on sbtest2_pkey  (cost=0.00..22.47 rows=1004 width=0)
	              Index Cond: ((id >= 2385987) AND (id <= 2386986))

table 3 : explain SELECT SUM(k) FROM sbtest3 WHERE id BETWEEN 3454708 AND 3455707
	Aggregate  (cost=3920.29..3920.30 rows=1 width=8)
	  ->  Bitmap Heap Scan on sbtest3  (cost=22.84..3917.75 rows=1015 width=4)
	        Recheck Cond: ((id >= 3454708) AND (id <= 3455707))
	        ->  Bitmap Index Scan on sbtest3_pkey  (cost=0.00..22.58 rows=1015 width=0)
	              Index Cond: ((id >= 3454708) AND (id <= 3455707))

table 4 : explain SELECT SUM(k) FROM sbtest4 WHERE id BETWEEN 8547241 AND 8548240
	Aggregate  (cost=3778.09..3778.10 rows=1 width=8)
	  ->  Bitmap Heap Scan on sbtest4  (cost=22.45..3775.65 rows=977 width=4)
	        Recheck Cond: ((id >= 8547241) AND (id <= 8548240))
	        ->  Bitmap Index Scan on sbtest4_pkey  (cost=0.00..22.20 rows=977 width=0)
	              Index Cond: ((id >= 8547241) AND (id <= 8548240))

table 5 : explain SELECT SUM(k) FROM sbtest5 WHERE id BETWEEN 105046 AND 106045
	Aggregate  (cost=3993.07..3993.08 rows=1 width=8)
	  ->  Bitmap Heap Scan on sbtest5  (cost=23.03..3990.49 rows=1034 width=4)
	        Recheck Cond: ((id >= 105046) AND (id <= 106045))
	        ->  Bitmap Index Scan on sbtest5_pkey  (cost=0.00..22.77 rows=1034 width=0)
	              Index Cond: ((id >= 105046) AND (id <= 106045))

table 6 : explain SELECT SUM(k) FROM sbtest6 WHERE id BETWEEN 8206282 AND 8207281
	Aggregate  (cost=3664.93..3664.94 rows=1 width=8)
	  ->  Bitmap Heap Scan on sbtest6  (cost=22.14..3662.57 rows=947 width=4)
	        Recheck Cond: ((id >= 8206282) AND (id <= 8207281))
	        ->  Bitmap Index Scan on sbtest6_pkey  (cost=0.00..21.90 rows=947 width=0)
	              Index Cond: ((id >= 8206282) AND (id <= 8207281))

table 7 : explain SELECT SUM(k) FROM sbtest7 WHERE id BETWEEN 698889 AND 699888
	Aggregate  (cost=4182.79..4182.80 rows=1 width=8)
	  ->  Bitmap Heap Scan on sbtest7  (cost=27.54..4180.08 rows=1083 width=4)
	        Recheck Cond: ((id >= 698889) AND (id <= 699888))
	        ->  Bitmap Index Scan on sbtest7_pkey  (cost=0.00..27.26 rows=1083 width=0)
	              Index Cond: ((id >= 698889) AND (id <= 699888))

table 8 : explain SELECT SUM(k) FROM sbtest8 WHERE id BETWEEN 3857937 AND 3858936
	Aggregate  (cost=3507.08..3507.09 rows=1 width=8)
	  ->  Bitmap Heap Scan on sbtest8  (cost=21.71..3504.82 rows=905 width=4)
	        Recheck Cond: ((id >= 3857937) AND (id <= 3858936))
	        ->  Bitmap Index Scan on sbtest8_pkey  (cost=0.00..21.48 rows=905 width=0)
	              Index Cond: ((id >= 3857937) AND (id <= 3858936))

for: sum_ranges
table 1 : explain SELECT SUM(k) FROM sbtest1 WHERE id BETWEEN 4519817 AND 4520816
	Aggregate  (cost=3847.41..3847.42 rows=1 width=8)
	  ->  Bitmap Heap Scan on sbtest1  (cost=22.64..3844.92 rows=996 width=4)
	        Recheck Cond: ((id >= 4519817) AND (id <= 4520816))
	        ->  Bitmap Index Scan on sbtest1_pkey  (cost=0.00..22.39 rows=996 width=0)
	              Index Cond: ((id >= 4519817) AND (id <= 4520816))

table 2 : explain SELECT SUM(k) FROM sbtest2 WHERE id BETWEEN 6976970 AND 6977969
	Aggregate  (cost=3792.02..3792.03 rows=1 width=8)
	  ->  Bitmap Heap Scan on sbtest2  (cost=22.49..3789.57 rows=981 width=4)
	        Recheck Cond: ((id >= 6976970) AND (id <= 6977969))
	        ->  Bitmap Index Scan on sbtest2_pkey  (cost=0.00..22.25 rows=981 width=0)
	              Index Cond: ((id >= 6976970) AND (id <= 6977969))

table 3 : explain SELECT SUM(k) FROM sbtest3 WHERE id BETWEEN 6840115 AND 6841114
	Aggregate  (cost=3546.72..3546.73 rows=1 width=8)
	  ->  Bitmap Heap Scan on sbtest3  (cost=21.82..3544.43 rows=916 width=4)
	        Recheck Cond: ((id >= 6840115) AND (id <= 6841114))
	        ->  Bitmap Index Scan on sbtest3_pkey  (cost=0.00..21.59 rows=916 width=0)
	              Index Cond: ((id >= 6840115) AND (id <= 6841114))

table 4 : explain SELECT SUM(k) FROM sbtest4 WHERE id BETWEEN 1451059 AND 1452058
	Aggregate  (cost=4335.44..4335.45 rows=1 width=8)
	  ->  Bitmap Heap Scan on sbtest4  (cost=27.97..4332.63 rows=1125 width=4)
	        Recheck Cond: ((id >= 1451059) AND (id <= 1452058))
	        ->  Bitmap Index Scan on sbtest4_pkey  (cost=0.00..27.68 rows=1125 width=0)
	              Index Cond: ((id >= 1451059) AND (id <= 1452058))

table 5 : explain SELECT SUM(k) FROM sbtest5 WHERE id BETWEEN 2527642 AND 2528641
	Aggregate  (cost=3646.03..3646.04 rows=1 width=8)
	  ->  Bitmap Heap Scan on sbtest5  (cost=22.09..3643.67 rows=942 width=4)
	        Recheck Cond: ((id >= 2527642) AND (id <= 2528641))
	        ->  Bitmap Index Scan on sbtest5_pkey  (cost=0.00..21.86 rows=942 width=0)
	              Index Cond: ((id >= 2527642) AND (id <= 2528641))

table 6 : explain SELECT SUM(k) FROM sbtest6 WHERE id BETWEEN 4413975 AND 4414974
	Aggregate  (cost=3883.81..3883.82 rows=1 width=8)
	  ->  Bitmap Heap Scan on sbtest6  (cost=22.74..3881.30 rows=1005 width=4)
	        Recheck Cond: ((id >= 4413975) AND (id <= 4414974))
	        ->  Bitmap Index Scan on sbtest6_pkey  (cost=0.00..22.48 rows=1005 width=0)
	              Index Cond: ((id >= 4413975) AND (id <= 4414974))

table 7 : explain SELECT SUM(k) FROM sbtest7 WHERE id BETWEEN 7361272 AND 7362271
	Aggregate  (cost=3843.48..3843.49 rows=1 width=8)
	  ->  Bitmap Heap Scan on sbtest7  (cost=22.62..3841.00 rows=994 width=4)
	        Recheck Cond: ((id >= 7361272) AND (id <= 7362271))
	        ->  Bitmap Index Scan on sbtest7_pkey  (cost=0.00..22.37 rows=994 width=0)
	              Index Cond: ((id >= 7361272) AND (id <= 7362271))

table 8 : explain SELECT SUM(k) FROM sbtest8 WHERE id BETWEEN 1632319 AND 1633318
	Aggregate  (cost=3979.38..3979.39 rows=1 width=8)
	  ->  Bitmap Heap Scan on sbtest8  (cost=26.98..3976.80 rows=1029 width=4)
	        Recheck Cond: ((id >= 1632319) AND (id <= 1633318))
	        ->  Bitmap Index Scan on sbtest8_pkey  (cost=0.00..26.72 rows=1029 width=0)
	              Index Cond: ((id >= 1632319) AND (id <= 1633318))

for: distinct_ranges
table 1 : explain SELECT DISTINCT c FROM sbtest1 WHERE id BETWEEN 8949436 AND 8950435 ORDER BY c
	Unique  (cost=3898.34..3903.33 rows=997 width=121)
	  ->  Sort  (cost=3898.34..3900.84 rows=997 width=121)
	        Sort Key: c
	        ->  Bitmap Heap Scan on sbtest1  (cost=22.65..3848.69 rows=997 width=121)
	              Recheck Cond: ((id >= 8949436) AND (id <= 8950435))
	              ->  Bitmap Index Scan on sbtest1_pkey  (cost=0.00..22.40 rows=997 width=0)
	                    Index Cond: ((id >= 8949436) AND (id <= 8950435))

table 2 : explain SELECT DISTINCT c FROM sbtest2 WHERE id BETWEEN 3140394 AND 3141393 ORDER BY c
	Unique  (cost=3960.67..3965.73 rows=1013 width=121)
	  ->  Sort  (cost=3960.67..3963.20 rows=1013 width=121)
	        Sort Key: c
	        ->  Bitmap Heap Scan on sbtest2  (cost=22.82..3910.10 rows=1013 width=121)
	              Recheck Cond: ((id >= 3140394) AND (id <= 3141393))
	              ->  Bitmap Index Scan on sbtest2_pkey  (cost=0.00..22.57 rows=1013 width=0)
	                    Index Cond: ((id >= 3140394) AND (id <= 3141393))

table 3 : explain SELECT DISTINCT c FROM sbtest3 WHERE id BETWEEN 1844755 AND 1845754 ORDER BY c
	Unique  (cost=4300.73..4306.24 rows=1102 width=121)
	  ->  Sort  (cost=4300.73..4303.48 rows=1102 width=121)
	        Sort Key: c
	        ->  Bitmap Heap Scan on sbtest3  (cost=27.73..4245.04 rows=1102 width=121)
	              Recheck Cond: ((id >= 1844755) AND (id <= 1845754))
	              ->  Bitmap Index Scan on sbtest3_pkey  (cost=0.00..27.45 rows=1102 width=0)
	                    Index Cond: ((id >= 1844755) AND (id <= 1845754))

table 4 : explain SELECT DISTINCT c FROM sbtest4 WHERE id BETWEEN 5899371 AND 5900370 ORDER BY c
	Unique  (cost=3513.70..3518.18 rows=896 width=121)
	  ->  Sort  (cost=3513.70..3515.94 rows=896 width=121)
	        Sort Key: c
	        ->  Bitmap Heap Scan on sbtest4  (cost=21.62..3469.76 rows=896 width=121)
	              Recheck Cond: ((id >= 5899371) AND (id <= 5900370))
	              ->  Bitmap Index Scan on sbtest4_pkey  (cost=0.00..21.39 rows=896 width=0)
	                    Index Cond: ((id >= 5899371) AND (id <= 5900370))

table 5 : explain SELECT DISTINCT c FROM sbtest5 WHERE id BETWEEN 9680999 AND 9681998 ORDER BY c
	Unique  (cost=4004.04..4009.16 rows=1024 width=121)
	  ->  Sort  (cost=4004.04..4006.60 rows=1024 width=121)
	        Sort Key: c
	        ->  Bitmap Heap Scan on sbtest5  (cost=22.93..3952.84 rows=1024 width=121)
	              Recheck Cond: ((id >= 9680999) AND (id <= 9681998))
	              ->  Bitmap Index Scan on sbtest5_pkey  (cost=0.00..22.68 rows=1024 width=0)
	                    Index Cond: ((id >= 9680999) AND (id <= 9681998))

table 6 : explain SELECT DISTINCT c FROM sbtest6 WHERE id BETWEEN 6842176 AND 6843175 ORDER BY c
	Unique  (cost=4309.65..4315.17 rows=1103 width=121)
	  ->  Sort  (cost=4309.65..4312.41 rows=1103 width=121)
	        Sort Key: c
	        ->  Bitmap Heap Scan on sbtest6  (cost=27.74..4253.91 rows=1103 width=121)
	              Recheck Cond: ((id >= 6842176) AND (id <= 6843175))
	              ->  Bitmap Index Scan on sbtest6_pkey  (cost=0.00..27.46 rows=1103 width=0)
	                    Index Cond: ((id >= 6842176) AND (id <= 6843175))

table 7 : explain SELECT DISTINCT c FROM sbtest7 WHERE id BETWEEN 9057018 AND 9058017 ORDER BY c
	Unique  (cost=4345.32..4350.88 rows=1112 width=121)
	  ->  Sort  (cost=4345.32..4348.10 rows=1112 width=121)
	        Sort Key: c
	        ->  Bitmap Heap Scan on sbtest7  (cost=27.83..4289.06 rows=1112 width=121)
	              Recheck Cond: ((id >= 9057018) AND (id <= 9058017))
	              ->  Bitmap Index Scan on sbtest7_pkey  (cost=0.00..27.55 rows=1112 width=0)
	                    Index Cond: ((id >= 9057018) AND (id <= 9058017))

table 8 : explain SELECT DISTINCT c FROM sbtest8 WHERE id BETWEEN 4192591 AND 4193590 ORDER BY c
	Unique  (cost=3718.04..3722.78 rows=949 width=121)
	  ->  Sort  (cost=3718.04..3720.41 rows=949 width=121)
	        Sort Key: c
	        ->  Bitmap Heap Scan on sbtest8  (cost=22.16..3671.11 rows=949 width=121)
	              Recheck Cond: ((id >= 4192591) AND (id <= 4193590))
	              ->  Bitmap Index Scan on sbtest8_pkey  (cost=0.00..21.93 rows=949 width=0)
	                    Index Cond: ((id >= 4192591) AND (id <= 4193590))

for: distinct_ranges
table 1 : explain SELECT DISTINCT c FROM sbtest1 WHERE id BETWEEN 8323181 AND 8324180 ORDER BY c
	Unique  (cost=3787.46..3792.30 rows=968 width=121)
	  ->  Sort  (cost=3787.46..3789.88 rows=968 width=121)
	        Sort Key: c
	        ->  Bitmap Heap Scan on sbtest1  (cost=22.36..3739.45 rows=968 width=121)
	              Recheck Cond: ((id >= 8323181) AND (id <= 8324180))
	              ->  Bitmap Index Scan on sbtest1_pkey  (cost=0.00..22.11 rows=968 width=0)
	                    Index Cond: ((id >= 8323181) AND (id <= 8324180))

table 2 : explain SELECT DISTINCT c FROM sbtest2 WHERE id BETWEEN 8865250 AND 8866249 ORDER BY c
	Unique  (cost=3964.49..3969.56 rows=1014 width=121)
	  ->  Sort  (cost=3964.49..3967.02 rows=1014 width=121)
	        Sort Key: c
	        ->  Bitmap Heap Scan on sbtest2  (cost=22.83..3913.86 rows=1014 width=121)
	              Recheck Cond: ((id >= 8865250) AND (id <= 8866249))
	              ->  Bitmap Index Scan on sbtest2_pkey  (cost=0.00..22.57 rows=1014 width=0)
	                    Index Cond: ((id >= 8865250) AND (id <= 8866249))

table 3 : explain SELECT DISTINCT c FROM sbtest3 WHERE id BETWEEN 599538 AND 600537 ORDER BY c
	Unique  (cost=4189.88..4195.25 rows=1073 width=121)
	  ->  Sort  (cost=4189.88..4192.56 rows=1073 width=121)
	        Sort Key: c
	        ->  Bitmap Heap Scan on sbtest3  (cost=23.43..4135.87 rows=1073 width=121)
	              Recheck Cond: ((id >= 599538) AND (id <= 600537))
	              ->  Bitmap Index Scan on sbtest3_pkey  (cost=0.00..23.16 rows=1073 width=0)
	                    Index Cond: ((id >= 599538) AND (id <= 600537))

table 4 : explain SELECT DISTINCT c FROM sbtest4 WHERE id BETWEEN 3458152 AND 3459151 ORDER BY c
	Unique  (cost=3701.61..3706.34 rows=945 width=121)
	  ->  Sort  (cost=3701.61..3703.97 rows=945 width=121)
	        Sort Key: c
	        ->  Bitmap Heap Scan on sbtest4  (cost=22.12..3654.91 rows=945 width=121)
	              Recheck Cond: ((id >= 3458152) AND (id <= 3459151))
	              ->  Bitmap Index Scan on sbtest4_pkey  (cost=0.00..21.89 rows=945 width=0)
	                    Index Cond: ((id >= 3458152) AND (id <= 3459151))

table 5 : explain SELECT DISTINCT c FROM sbtest5 WHERE id BETWEEN 3158646 AND 3159645 ORDER BY c
	Unique  (cost=3843.40..3848.31 rows=982 width=121)
	  ->  Sort  (cost=3843.40..3845.85 rows=982 width=121)
	        Sort Key: c
	        ->  Bitmap Heap Scan on sbtest5  (cost=22.50..3794.60 rows=982 width=121)
	              Recheck Cond: ((id >= 3158646) AND (id <= 3159645))
	              ->  Bitmap Index Scan on sbtest5_pkey  (cost=0.00..22.25 rows=982 width=0)
	                    Index Cond: ((id >= 3158646) AND (id <= 3159645))

table 6 : explain SELECT DISTINCT c FROM sbtest6 WHERE id BETWEEN 2395857 AND 2396856 ORDER BY c
	Unique  (cost=4244.81..4250.24 rows=1086 width=121)
	  ->  Sort  (cost=4244.81..4247.53 rows=1086 width=121)
	        Sort Key: c
	        ->  Bitmap Heap Scan on sbtest6  (cost=27.57..4190.05 rows=1086 width=121)
	              Recheck Cond: ((id >= 2395857) AND (id <= 2396856))
	              ->  Bitmap Index Scan on sbtest6_pkey  (cost=0.00..27.29 rows=1086 width=0)
	                    Index Cond: ((id >= 2395857) AND (id <= 2396856))

table 7 : explain SELECT DISTINCT c FROM sbtest7 WHERE id BETWEEN 3672650 AND 3673649 ORDER BY c
	Unique  (cost=4039.67..4044.84 rows=1033 width=121)
	  ->  Sort  (cost=4039.67..4042.25 rows=1033 width=121)
	        Sort Key: c
	        ->  Bitmap Heap Scan on sbtest7  (cost=23.02..3987.96 rows=1033 width=121)
	              Recheck Cond: ((id >= 3672650) AND (id <= 3673649))
	              ->  Bitmap Index Scan on sbtest7_pkey  (cost=0.00..22.76 rows=1033 width=0)
	                    Index Cond: ((id >= 3672650) AND (id <= 3673649))

table 8 : explain SELECT DISTINCT c FROM sbtest8 WHERE id BETWEEN 7490736 AND 7491735 ORDER BY c
	Unique  (cost=4058.87..4064.06 rows=1037 width=121)
	  ->  Sort  (cost=4058.87..4061.47 rows=1037 width=121)
	        Sort Key: c
	        ->  Bitmap Heap Scan on sbtest8  (cost=27.06..4006.93 rows=1037 width=121)
	              Recheck Cond: ((id >= 7490736) AND (id <= 7491735))
	              ->  Bitmap Index Scan on sbtest8_pkey  (cost=0.00..26.80 rows=1037 width=0)
	                    Index Cond: ((id >= 7490736) AND (id <= 7491735))

for: order_ranges
table 1 : explain SELECT c FROM sbtest1 WHERE id BETWEEN 1955942 AND 1956941 ORDER BY c
	Sort  (cost=3863.94..3866.41 rows=988 width=121)
	  Sort Key: c
	  ->  Bitmap Heap Scan on sbtest1  (cost=22.56..3814.80 rows=988 width=121)
	        Recheck Cond: ((id >= 1955942) AND (id <= 1956941))
	        ->  Bitmap Index Scan on sbtest1_pkey  (cost=0.00..22.32 rows=988 width=0)
	              Index Cond: ((id >= 1955942) AND (id <= 1956941))

table 2 : explain SELECT c FROM sbtest2 WHERE id BETWEEN 3548957 AND 3549956 ORDER BY c
	Sort  (cost=4155.41..4158.07 rows=1064 width=121)
	  Sort Key: c
	  ->  Bitmap Heap Scan on sbtest2  (cost=23.34..4101.92 rows=1064 width=121)
	        Recheck Cond: ((id >= 3548957) AND (id <= 3549956))
	        ->  Bitmap Index Scan on sbtest2_pkey  (cost=0.00..23.07 rows=1064 width=0)
	              Index Cond: ((id >= 3548957) AND (id <= 3549956))

table 3 : explain SELECT c FROM sbtest3 WHERE id BETWEEN 6452873 AND 6453872 ORDER BY c
	Sort  (cost=3723.60..3725.98 rows=951 width=121)
	  Sort Key: c
	  ->  Bitmap Heap Scan on sbtest3  (cost=22.18..3676.56 rows=951 width=121)
	        Recheck Cond: ((id >= 6452873) AND (id <= 6453872))
	        ->  Bitmap Index Scan on sbtest3_pkey  (cost=0.00..21.94 rows=951 width=0)
	              Index Cond: ((id >= 6452873) AND (id <= 6453872))

table 4 : explain SELECT c FROM sbtest4 WHERE id BETWEEN 4636959 AND 4637958 ORDER BY c
	Sort  (cost=3613.45..3615.75 rows=922 width=121)
	  Sort Key: c
	  ->  Bitmap Heap Scan on sbtest4  (cost=21.89..3568.04 rows=922 width=121)
	        Recheck Cond: ((id >= 4636959) AND (id <= 4637958))
	        ->  Bitmap Index Scan on sbtest4_pkey  (cost=0.00..21.65 rows=922 width=0)
	              Index Cond: ((id >= 4636959) AND (id <= 4637958))

table 5 : explain SELECT c FROM sbtest5 WHERE id BETWEEN 9491311 AND 9492310 ORDER BY c
	Sort  (cost=3793.63..3796.06 rows=969 width=121)
	  Sort Key: c
	  ->  Bitmap Heap Scan on sbtest5  (cost=22.37..3745.57 rows=969 width=121)
	        Recheck Cond: ((id >= 9491311) AND (id <= 9492310))
	        ->  Bitmap Index Scan on sbtest5_pkey  (cost=0.00..22.12 rows=969 width=0)
	              Index Cond: ((id >= 9491311) AND (id <= 9492310))

table 6 : explain SELECT c FROM sbtest6 WHERE id BETWEEN 2149294 AND 2150293 ORDER BY c
	Sort  (cost=3717.05..3719.42 rows=949 width=121)
	  Sort Key: c
	  ->  Bitmap Heap Scan on sbtest6  (cost=22.16..3670.12 rows=949 width=121)
	        Recheck Cond: ((id >= 2149294) AND (id <= 2150293))
	        ->  Bitmap Index Scan on sbtest6_pkey  (cost=0.00..21.93 rows=949 width=0)
	              Index Cond: ((id >= 2149294) AND (id <= 2150293))

table 7 : explain SELECT c FROM sbtest7 WHERE id BETWEEN 722937 AND 723936 ORDER BY c
	Sort  (cost=4234.67..4237.38 rows=1083 width=121)
	  Sort Key: c
	  ->  Bitmap Heap Scan on sbtest7  (cost=27.54..4180.08 rows=1083 width=121)
	        Recheck Cond: ((id >= 722937) AND (id <= 723936))
	        ->  Bitmap Index Scan on sbtest7_pkey  (cost=0.00..27.26 rows=1083 width=0)
	              Index Cond: ((id >= 722937) AND (id <= 723936))

table 8 : explain SELECT c FROM sbtest8 WHERE id BETWEEN 2330133 AND 2331132 ORDER BY c
	Sort  (cost=4120.02..4122.65 rows=1053 width=121)
	  Sort Key: c
	  ->  Bitmap Heap Scan on sbtest8  (cost=27.23..4067.15 rows=1053 width=121)
	        Recheck Cond: ((id >= 2330133) AND (id <= 2331132))
	        ->  Bitmap Index Scan on sbtest8_pkey  (cost=0.00..26.96 rows=1053 width=0)
	              Index Cond: ((id >= 2330133) AND (id <= 2331132))

for: simple_ranges
table 1 : explain SELECT c FROM sbtest1 WHERE id BETWEEN 9552655 AND 9553654
	Bitmap Heap Scan on sbtest1  (cost=21.61..3463.98 rows=895 width=121)
	  Recheck Cond: ((id >= 9552655) AND (id <= 9553654))
	  ->  Bitmap Index Scan on sbtest1_pkey  (cost=0.00..21.39 rows=895 width=0)
	        Index Cond: ((id >= 9552655) AND (id <= 9553654))

table 2 : explain SELECT c FROM sbtest2 WHERE id BETWEEN 9921422 AND 9922421
	Bitmap Heap Scan on sbtest2  (cost=22.56..3815.94 rows=988 width=121)
	  Recheck Cond: ((id >= 9921422) AND (id <= 9922421))
	  ->  Bitmap Index Scan on sbtest2_pkey  (cost=0.00..22.32 rows=988 width=0)
	        Index Cond: ((id >= 9921422) AND (id <= 9922421))

table 3 : explain SELECT c FROM sbtest3 WHERE id BETWEEN 5862971 AND 5863970
	Bitmap Heap Scan on sbtest3  (cost=23.18..4041.90 rows=1048 width=121)
	  Recheck Cond: ((id >= 5862971) AND (id <= 5863970))
	  ->  Bitmap Index Scan on sbtest3_pkey  (cost=0.00..22.91 rows=1048 width=0)
	        Index Cond: ((id >= 5862971) AND (id <= 5863970))

table 4 : explain SELECT c FROM sbtest4 WHERE id BETWEEN 7415376 AND 7416375
	Bitmap Heap Scan on sbtest4  (cost=22.66..3854.81 rows=998 width=121)
	  Recheck Cond: ((id >= 7415376) AND (id <= 7416375))
	  ->  Bitmap Index Scan on sbtest4_pkey  (cost=0.00..22.41 rows=998 width=0)
	        Index Cond: ((id >= 7415376) AND (id <= 7416375))

table 5 : explain SELECT c FROM sbtest5 WHERE id BETWEEN 1035010 AND 1036009
	Bitmap Heap Scan on sbtest5  (cost=22.80..3903.88 rows=1011 width=121)
	  Recheck Cond: ((id >= 1035010) AND (id <= 1036009))
	  ->  Bitmap Index Scan on sbtest5_pkey  (cost=0.00..22.54 rows=1011 width=0)
	        Index Cond: ((id >= 1035010) AND (id <= 1036009))

table 6 : explain SELECT c FROM sbtest6 WHERE id BETWEEN 8555920 AND 8556919
	Bitmap Heap Scan on sbtest6  (cost=27.61..4205.08 rows=1090 width=121)
	  Recheck Cond: ((id >= 8555920) AND (id <= 8556919))
	  ->  Bitmap Index Scan on sbtest6_pkey  (cost=0.00..27.33 rows=1090 width=0)
	        Index Cond: ((id >= 8555920) AND (id <= 8556919))

table 7 : explain SELECT c FROM sbtest7 WHERE id BETWEEN 4222111 AND 4223110
	Bitmap Heap Scan on sbtest7  (cost=22.12..3656.08 rows=945 width=121)
	  Recheck Cond: ((id >= 4222111) AND (id <= 4223110))
	  ->  Bitmap Index Scan on sbtest7_pkey  (cost=0.00..21.89 rows=945 width=0)
	        Index Cond: ((id >= 4222111) AND (id <= 4223110))

table 8 : explain SELECT c FROM sbtest8 WHERE id BETWEEN 7709791 AND 7710790
	Bitmap Heap Scan on sbtest8  (cost=27.01..3988.10 rows=1032 width=121)
	  Recheck Cond: ((id >= 7709791) AND (id <= 7710790))
	  ->  Bitmap Index Scan on sbtest8_pkey  (cost=0.00..26.75 rows=1032 width=0)
	        Index Cond: ((id >= 7709791) AND (id <= 7710790))

for point_selects
table 1 : explain SELECT c FROM sbtest1 WHERE id=5128182
	Index Scan using sbtest1_pkey on sbtest1  (cost=0.43..8.45 rows=1 width=121)
	  Index Cond: (id = 5128182)

table 2 : explain SELECT c FROM sbtest2 WHERE id=5310066
	Index Scan using sbtest2_pkey on sbtest2  (cost=0.43..8.45 rows=1 width=121)
	  Index Cond: (id = 5310066)

table 3 : explain SELECT c FROM sbtest3 WHERE id=7268686
	Index Scan using sbtest3_pkey on sbtest3  (cost=0.43..8.45 rows=1 width=121)
	  Index Cond: (id = 7268686)

table 4 : explain SELECT c FROM sbtest4 WHERE id=5308423
	Index Scan using sbtest4_pkey on sbtest4  (cost=0.43..8.45 rows=1 width=121)
	  Index Cond: (id = 5308423)

table 5 : explain SELECT c FROM sbtest5 WHERE id=6935910
	Index Scan using sbtest5_pkey on sbtest5  (cost=0.43..8.45 rows=1 width=121)
	  Index Cond: (id = 6935910)

table 6 : explain SELECT c FROM sbtest6 WHERE id=8219073
	Index Scan using sbtest6_pkey on sbtest6  (cost=0.43..8.45 rows=1 width=121)
	  Index Cond: (id = 8219073)

table 7 : explain SELECT c FROM sbtest7 WHERE id=5962118
	Index Scan using sbtest7_pkey on sbtest7  (cost=0.43..8.45 rows=1 width=121)
	  Index Cond: (id = 5962118)

table 8 : explain SELECT c FROM sbtest8 WHERE id=2699268
	Index Scan using sbtest8_pkey on sbtest8  (cost=0.43..8.45 rows=1 width=121)
	  Index Cond: (id = 2699268)

for: order_ranges
table 1 : explain SELECT c FROM sbtest1 WHERE id BETWEEN 7093924 AND 7094923 ORDER BY c
	Sort  (cost=4043.49..4046.07 rows=1035 width=121)
	  Sort Key: c
	  ->  Bitmap Heap Scan on sbtest1  (cost=23.04..3991.66 rows=1035 width=121)
	        Recheck Cond: ((id >= 7093924) AND (id <= 7094923))
	        ->  Bitmap Index Scan on sbtest1_pkey  (cost=0.00..22.79 rows=1035 width=0)
	              Index Cond: ((id >= 7093924) AND (id <= 7094923))

table 2 : explain SELECT c FROM sbtest2 WHERE id BETWEEN 2238765 AND 2239764 ORDER BY c
	Sort  (cost=4151.60..4154.26 rows=1063 width=121)
	  Sort Key: c
	  ->  Bitmap Heap Scan on sbtest2  (cost=23.33..4098.16 rows=1063 width=121)
	        Recheck Cond: ((id >= 2238765) AND (id <= 2239764))
	        ->  Bitmap Index Scan on sbtest2_pkey  (cost=0.00..23.07 rows=1063 width=0)
	              Index Cond: ((id >= 2238765) AND (id <= 2239764))

table 3 : explain SELECT c FROM sbtest3 WHERE id BETWEEN 3096871 AND 3097870 ORDER BY c
	Sort  (cost=3754.23..3756.63 rows=959 width=121)
	  Sort Key: c
	  ->  Bitmap Heap Scan on sbtest3  (cost=22.26..3706.74 rows=959 width=121)
	        Recheck Cond: ((id >= 3096871) AND (id <= 3097870))
	        ->  Bitmap Index Scan on sbtest3_pkey  (cost=0.00..22.02 rows=959 width=0)
	              Index Cond: ((id >= 3096871) AND (id <= 3097870))

table 4 : explain SELECT c FROM sbtest4 WHERE id BETWEEN 7817045 AND 7818044 ORDER BY c
	Sort  (cost=4030.69..4033.27 rows=1031 width=121)
	  Sort Key: c
	  ->  Bitmap Heap Scan on sbtest4  (cost=23.00..3979.09 rows=1031 width=121)
	        Recheck Cond: ((id >= 7817045) AND (id <= 7818044))
	        ->  Bitmap Index Scan on sbtest4_pkey  (cost=0.00..22.75 rows=1031 width=0)
	              Index Cond: ((id >= 7817045) AND (id <= 7818044))

table 5 : explain SELECT c FROM sbtest5 WHERE id BETWEEN 3034804 AND 3035803 ORDER BY c
	Sort  (cost=4007.86..4010.43 rows=1025 width=121)
	  Sort Key: c
	  ->  Bitmap Heap Scan on sbtest5  (cost=22.94..3956.61 rows=1025 width=121)
	        Recheck Cond: ((id >= 3034804) AND (id <= 3035803))
	        ->  Bitmap Index Scan on sbtest5_pkey  (cost=0.00..22.68 rows=1025 width=0)
	              Index Cond: ((id >= 3034804) AND (id <= 3035803))

table 6 : explain SELECT c FROM sbtest6 WHERE id BETWEEN 1567703 AND 1568702 ORDER BY c
	Sort  (cost=3992.59..3995.14 rows=1021 width=121)
	  Sort Key: c
	  ->  Bitmap Heap Scan on sbtest6  (cost=22.90..3941.56 rows=1021 width=121)
	        Recheck Cond: ((id >= 1567703) AND (id <= 1568702))
	        ->  Bitmap Index Scan on sbtest6_pkey  (cost=0.00..22.64 rows=1021 width=0)
	              Index Cond: ((id >= 1567703) AND (id <= 1568702))

table 7 : explain SELECT c FROM sbtest7 WHERE id BETWEEN 9520140 AND 9521139 ORDER BY c
	Sort  (cost=3913.45..3915.95 rows=1000 width=121)
	  Sort Key: c
	  ->  Bitmap Heap Scan on sbtest7  (cost=22.68..3863.62 rows=1000 width=121)
	        Recheck Cond: ((id >= 9520140) AND (id <= 9521139))
	        ->  Bitmap Index Scan on sbtest7_pkey  (cost=0.00..22.43 rows=1000 width=0)
	              Index Cond: ((id >= 9520140) AND (id <= 9521139))

table 8 : explain SELECT c FROM sbtest8 WHERE id BETWEEN 7528708 AND 7529707 ORDER BY c
	Sort  (cost=4058.87..4061.47 rows=1037 width=121)
	  Sort Key: c
	  ->  Bitmap Heap Scan on sbtest8  (cost=27.06..4006.93 rows=1037 width=121)
	        Recheck Cond: ((id >= 7528708) AND (id <= 7529707))
	        ->  Bitmap Index Scan on sbtest8_pkey  (cost=0.00..26.80 rows=1037 width=0)
	              Index Cond: ((id >= 7528708) AND (id <= 7529707))

for: distinct_ranges
table 1 : explain SELECT DISTINCT c FROM sbtest1 WHERE id BETWEEN 5671205 AND 5672204 ORDER BY c
	Unique  (cost=3993.85..3998.96 rows=1022 width=121)
	  ->  Sort  (cost=3993.85..3996.41 rows=1022 width=121)
	        Sort Key: c
	        ->  Bitmap Heap Scan on sbtest1  (cost=22.91..3942.77 rows=1022 width=121)
	              Recheck Cond: ((id >= 5671205) AND (id <= 5672204))
	              ->  Bitmap Index Scan on sbtest1_pkey  (cost=0.00..22.65 rows=1022 width=0)
	                    Index Cond: ((id >= 5671205) AND (id <= 5672204))

table 2 : explain SELECT DISTINCT c FROM sbtest2 WHERE id BETWEEN 3163703 AND 3164702 ORDER BY c
	Unique  (cost=3960.67..3965.73 rows=1013 width=121)
	  ->  Sort  (cost=3960.67..3963.20 rows=1013 width=121)
	        Sort Key: c
	        ->  Bitmap Heap Scan on sbtest2  (cost=22.82..3910.10 rows=1013 width=121)
	              Recheck Cond: ((id >= 3163703) AND (id <= 3164702))
	              ->  Bitmap Index Scan on sbtest2_pkey  (cost=0.00..22.57 rows=1013 width=0)
	                    Index Cond: ((id >= 3163703) AND (id <= 3164702))

table 3 : explain SELECT DISTINCT c FROM sbtest3 WHERE id BETWEEN 3383774 AND 3384773 ORDER BY c
	Unique  (cost=4479.73..4485.48 rows=1149 width=121)
	  ->  Sort  (cost=4479.73..4482.61 rows=1149 width=121)
	        Sort Key: c
	        ->  Bitmap Heap Scan on sbtest3  (cost=28.21..4421.33 rows=1149 width=121)
	              Recheck Cond: ((id >= 3383774) AND (id <= 3384773))
	              ->  Bitmap Index Scan on sbtest3_pkey  (cost=0.00..27.93 rows=1149 width=0)
	                    Index Cond: ((id >= 3383774) AND (id <= 3384773))

table 4 : explain SELECT DISTINCT c FROM sbtest4 WHERE id BETWEEN 1670784 AND 1671783 ORDER BY c
	Unique  (cost=3532.89..3537.39 rows=901 width=121)
	  ->  Sort  (cost=3532.89..3535.14 rows=901 width=121)
	        Sort Key: c
	        ->  Bitmap Heap Scan on sbtest4  (cost=21.67..3488.67 rows=901 width=121)
	              Recheck Cond: ((id >= 1670784) AND (id <= 1671783))
	              ->  Bitmap Index Scan on sbtest4_pkey  (cost=0.00..21.44 rows=901 width=0)
	                    Index Cond: ((id >= 1670784) AND (id <= 1671783))

table 5 : explain SELECT DISTINCT c FROM sbtest5 WHERE id BETWEEN 2222972 AND 2223971 ORDER BY c
	Unique  (cost=3743.85..3748.63 rows=956 width=121)
	  ->  Sort  (cost=3743.85..3746.24 rows=956 width=121)
	        Sort Key: c
	        ->  Bitmap Heap Scan on sbtest5  (cost=22.23..3696.52 rows=956 width=121)
	              Recheck Cond: ((id >= 2222972) AND (id <= 2223971))
	              ->  Bitmap Index Scan on sbtest5_pkey  (cost=0.00..22.00 rows=956 width=0)
	                    Index Cond: ((id >= 2222972) AND (id <= 2223971))

table 6 : explain SELECT DISTINCT c FROM sbtest6 WHERE id BETWEEN 3566831 AND 3567830 ORDER BY c
	Unique  (cost=4324.90..4330.44 rows=1107 width=121)
	  ->  Sort  (cost=4324.90..4327.67 rows=1107 width=121)
	        Sort Key: c
	        ->  Bitmap Heap Scan on sbtest6  (cost=27.78..4268.93 rows=1107 width=121)
	              Recheck Cond: ((id >= 3566831) AND (id <= 3567830))
	              ->  Bitmap Index Scan on sbtest6_pkey  (cost=0.00..27.50 rows=1107 width=0)
	                    Index Cond: ((id >= 3566831) AND (id <= 3567830))

table 7 : explain SELECT DISTINCT c FROM sbtest7 WHERE id BETWEEN 2171411 AND 2172410 ORDER BY c
	Unique  (cost=3894.31..3899.29 rows=995 width=121)
	  ->  Sort  (cost=3894.31..3896.80 rows=995 width=121)
	        Sort Key: c
	        ->  Bitmap Heap Scan on sbtest7  (cost=22.63..3844.77 rows=995 width=121)
	              Recheck Cond: ((id >= 2171411) AND (id <= 2172410))
	              ->  Bitmap Index Scan on sbtest7_pkey  (cost=0.00..22.39 rows=995 width=0)
	                    Index Cond: ((id >= 2171411) AND (id <= 2172410))

table 8 : explain SELECT DISTINCT c FROM sbtest8 WHERE id BETWEEN 5623202 AND 5624201 ORDER BY c
	Unique  (cost=4257.48..4262.92 rows=1089 width=121)
	  ->  Sort  (cost=4257.48..4260.20 rows=1089 width=121)
	        Sort Key: c
	        ->  Bitmap Heap Scan on sbtest8  (cost=27.60..4202.54 rows=1089 width=121)
	              Recheck Cond: ((id >= 5623202) AND (id <= 5624201))
	              ->  Bitmap Index Scan on sbtest8_pkey  (cost=0.00..27.32 rows=1089 width=0)
	                    Index Cond: ((id >= 5623202) AND (id <= 5624201))

for: simple_ranges
table 1 : explain SELECT c FROM sbtest1 WHERE id BETWEEN 9941546 AND 9942545
	Bitmap Heap Scan on sbtest1  (cost=23.09..4010.45 rows=1040 width=121)
	  Recheck Cond: ((id >= 9941546) AND (id <= 9942545))
	  ->  Bitmap Index Scan on sbtest1_pkey  (cost=0.00..22.83 rows=1040 width=0)
	        Index Cond: ((id >= 9941546) AND (id <= 9942545))

table 2 : explain SELECT c FROM sbtest2 WHERE id BETWEEN 5574883 AND 5575882
	Bitmap Heap Scan on sbtest2  (cost=23.04..3992.89 rows=1035 width=121)
	  Recheck Cond: ((id >= 5574883) AND (id <= 5575882))
	  ->  Bitmap Index Scan on sbtest2_pkey  (cost=0.00..22.79 rows=1035 width=0)
	        Index Cond: ((id >= 5574883) AND (id <= 5575882))

table 3 : explain SELECT c FROM sbtest3 WHERE id BETWEEN 1054435 AND 1055434
	Bitmap Heap Scan on sbtest3  (cost=21.96..3593.52 rows=929 width=121)
	  Recheck Cond: ((id >= 1054435) AND (id <= 1055434))
	  ->  Bitmap Index Scan on sbtest3_pkey  (cost=0.00..21.72 rows=929 width=0)
	        Index Cond: ((id >= 1054435) AND (id <= 1055434))

table 4 : explain SELECT c FROM sbtest4 WHERE id BETWEEN 7099414 AND 7100413
	Bitmap Heap Scan on sbtest4  (cost=23.19..4046.82 rows=1049 width=121)
	  Recheck Cond: ((id >= 7099414) AND (id <= 7100413))
	  ->  Bitmap Index Scan on sbtest4_pkey  (cost=0.00..22.93 rows=1049 width=0)
	        Index Cond: ((id >= 7099414) AND (id <= 7100413))

table 5 : explain SELECT c FROM sbtest5 WHERE id BETWEEN 8389015 AND 8390014
	Bitmap Heap Scan on sbtest5  (cost=22.77..3892.58 rows=1008 width=121)
	  Recheck Cond: ((id >= 8389015) AND (id <= 8390014))
	  ->  Bitmap Index Scan on sbtest5_pkey  (cost=0.00..22.51 rows=1008 width=0)
	        Index Cond: ((id >= 8389015) AND (id <= 8390014))

table 6 : explain SELECT c FROM sbtest6 WHERE id BETWEEN 6863922 AND 6864921
	Bitmap Heap Scan on sbtest6  (cost=27.74..4253.91 rows=1103 width=121)
	  Recheck Cond: ((id >= 6863922) AND (id <= 6864921))
	  ->  Bitmap Index Scan on sbtest6_pkey  (cost=0.00..27.46 rows=1103 width=0)
	        Index Cond: ((id >= 6863922) AND (id <= 6864921))

table 7 : explain SELECT c FROM sbtest7 WHERE id BETWEEN 5792182 AND 5793181
	Bitmap Heap Scan on sbtest7  (cost=22.37..3746.69 rows=969 width=121)
	  Recheck Cond: ((id >= 5792182) AND (id <= 5793181))
	  ->  Bitmap Index Scan on sbtest7_pkey  (cost=0.00..22.12 rows=969 width=0)
	        Index Cond: ((id >= 5792182) AND (id <= 5793181))

table 8 : explain SELECT c FROM sbtest8 WHERE id BETWEEN 1569568 AND 1570567
	Bitmap Heap Scan on sbtest8  (cost=22.37..3746.61 rows=969 width=121)
	  Recheck Cond: ((id >= 1569568) AND (id <= 1570567))
	  ->  Bitmap Index Scan on sbtest8_pkey  (cost=0.00..22.12 rows=969 width=0)
	        Index Cond: ((id >= 1569568) AND (id <= 1570567))

for: distinct_ranges
table 1 : explain SELECT DISTINCT c FROM sbtest1 WHERE id BETWEEN 1455954 AND 1456953 ORDER BY c
	Unique  (cost=3982.40..3987.49 rows=1019 width=121)
	  ->  Sort  (cost=3982.40..3984.94 rows=1019 width=121)
	        Sort Key: c
	        ->  Bitmap Heap Scan on sbtest1  (cost=22.88..3931.48 rows=1019 width=121)
	              Recheck Cond: ((id >= 1455954) AND (id <= 1456953))
	              ->  Bitmap Index Scan on sbtest1_pkey  (cost=0.00..22.62 rows=1019 width=0)
	                    Index Cond: ((id >= 1455954) AND (id <= 1456953))

table 2 : explain SELECT DISTINCT c FROM sbtest2 WHERE id BETWEEN 9758123 AND 9759122 ORDER BY c
	Unique  (cost=3891.86..3896.83 rows=995 width=121)
	  ->  Sort  (cost=3891.86..3894.35 rows=995 width=121)
	        Sort Key: c
	        ->  Bitmap Heap Scan on sbtest2  (cost=22.63..3842.31 rows=995 width=121)
	              Recheck Cond: ((id >= 9758123) AND (id <= 9759122))
	              ->  Bitmap Index Scan on sbtest2_pkey  (cost=0.00..22.39 rows=995 width=0)
	                    Index Cond: ((id >= 9758123) AND (id <= 9759122))

table 3 : explain SELECT DISTINCT c FROM sbtest3 WHERE id BETWEEN 547078 AND 548077 ORDER BY c
	Unique  (cost=4189.88..4195.25 rows=1073 width=121)
	  ->  Sort  (cost=4189.88..4192.56 rows=1073 width=121)
	        Sort Key: c
	        ->  Bitmap Heap Scan on sbtest3  (cost=23.43..4135.87 rows=1073 width=121)
	              Recheck Cond: ((id >= 547078) AND (id <= 548077))
	              ->  Bitmap Index Scan on sbtest3_pkey  (cost=0.00..23.16 rows=1073 width=0)
	                    Index Cond: ((id >= 547078) AND (id <= 548077))

table 4 : explain SELECT DISTINCT c FROM sbtest4 WHERE id BETWEEN 1493897 AND 1494896 ORDER BY c
	Unique  (cost=4389.64..4395.27 rows=1125 width=121)
	  ->  Sort  (cost=4389.64..4392.45 rows=1125 width=121)
	        Sort Key: c
	        ->  Bitmap Heap Scan on sbtest4  (cost=27.97..4332.63 rows=1125 width=121)
	              Recheck Cond: ((id >= 1493897) AND (id <= 1494896))
	              ->  Bitmap Index Scan on sbtest4_pkey  (cost=0.00..27.68 rows=1125 width=0)
	                    Index Cond: ((id >= 1493897) AND (id <= 1494896))

table 5 : explain SELECT DISTINCT c FROM sbtest5 WHERE id BETWEEN 5874947 AND 5875946 ORDER BY c
	Unique  (cost=3740.02..3744.79 rows=955 width=121)
	  ->  Sort  (cost=3740.02..3742.40 rows=955 width=121)
	        Sort Key: c
	        ->  Bitmap Heap Scan on sbtest5  (cost=22.22..3692.75 rows=955 width=121)
	              Recheck Cond: ((id >= 5874947) AND (id <= 5875946))
	              ->  Bitmap Index Scan on sbtest5_pkey  (cost=0.00..21.98 rows=955 width=0)
	                    Index Cond: ((id >= 5874947) AND (id <= 5875946))

table 6 : explain SELECT DISTINCT c FROM sbtest6 WHERE id BETWEEN 1193027 AND 1194026 ORDER BY c
	Unique  (cost=3686.39..3691.09 rows=941 width=121)
	  ->  Sort  (cost=3686.39..3688.74 rows=941 width=121)
	        Sort Key: c
	        ->  Bitmap Heap Scan on sbtest6  (cost=22.08..3639.91 rows=941 width=121)
	              Recheck Cond: ((id >= 1193027) AND (id <= 1194026))
	              ->  Bitmap Index Scan on sbtest6_pkey  (cost=0.00..21.84 rows=941 width=0)
	                    Index Cond: ((id >= 1193027) AND (id <= 1194026))

table 7 : explain SELECT DISTINCT c FROM sbtest7 WHERE id BETWEEN 4552930 AND 4553929 ORDER BY c
	Unique  (cost=3936.41..3941.44 rows=1006 width=121)
	  ->  Sort  (cost=3936.41..3938.92 rows=1006 width=121)
	        Sort Key: c
	        ->  Bitmap Heap Scan on sbtest7  (cost=22.75..3886.23 rows=1006 width=121)
	              Recheck Cond: ((id >= 4552930) AND (id <= 4553929))
	              ->  Bitmap Index Scan on sbtest7_pkey  (cost=0.00..22.50 rows=1006 width=0)
	                    Index Cond: ((id >= 4552930) AND (id <= 4553929))

table 8 : explain SELECT DISTINCT c FROM sbtest8 WHERE id BETWEEN 590220 AND 591219 ORDER BY c
	Unique  (cost=3737.20..3741.97 rows=954 width=121)
	  ->  Sort  (cost=3737.20..3739.59 rows=954 width=121)
	        Sort Key: c
	        ->  Bitmap Heap Scan on sbtest8  (cost=22.21..3689.99 rows=954 width=121)
	              Recheck Cond: ((id >= 590220) AND (id <= 591219))
	              ->  Bitmap Index Scan on sbtest8_pkey  (cost=0.00..21.97 rows=954 width=0)
	                    Index Cond: ((id >= 590220) AND (id <= 591219))

for: sum_ranges
table 1 : explain SELECT SUM(k) FROM sbtest1 WHERE id BETWEEN 4698025 AND 4699024
	Aggregate  (cost=3715.47..3715.48 rows=1 width=8)
	  ->  Bitmap Heap Scan on sbtest1  (cost=22.29..3713.07 rows=961 width=4)
	        Recheck Cond: ((id >= 4698025) AND (id <= 4699024))
	        ->  Bitmap Index Scan on sbtest1_pkey  (cost=0.00..22.04 rows=961 width=0)
	              Index Cond: ((id >= 4698025) AND (id <= 4699024))

table 2 : explain SELECT SUM(k) FROM sbtest2 WHERE id BETWEEN 8851766 AND 8852765
	Aggregate  (cost=3916.40..3916.41 rows=1 width=8)
	  ->  Bitmap Heap Scan on sbtest2  (cost=22.83..3913.86 rows=1014 width=4)
	        Recheck Cond: ((id >= 8851766) AND (id <= 8852765))
	        ->  Bitmap Index Scan on sbtest2_pkey  (cost=0.00..22.57 rows=1014 width=0)
	              Index Cond: ((id >= 8851766) AND (id <= 8852765))

table 3 : explain SELECT SUM(k) FROM sbtest3 WHERE id BETWEEN 6118844 AND 6119843
	Aggregate  (cost=3758.19..3758.20 rows=1 width=8)
	  ->  Bitmap Heap Scan on sbtest3  (cost=22.40..3755.76 rows=972 width=4)
	        Recheck Cond: ((id >= 6118844) AND (id <= 6119843))
	        ->  Bitmap Index Scan on sbtest3_pkey  (cost=0.00..22.15 rows=972 width=0)
	              Index Cond: ((id >= 6118844) AND (id <= 6119843))

table 4 : explain SELECT SUM(k) FROM sbtest4 WHERE id BETWEEN 6483196 AND 6484195
	Aggregate  (cost=4192.63..4192.64 rows=1 width=8)
	  ->  Bitmap Heap Scan on sbtest4  (cost=27.57..4189.92 rows=1086 width=4)
	        Recheck Cond: ((id >= 6483196) AND (id <= 6484195))
	        ->  Bitmap Index Scan on sbtest4_pkey  (cost=0.00..27.29 rows=1086 width=0)
	              Index Cond: ((id >= 6483196) AND (id <= 6484195))

table 5 : explain SELECT SUM(k) FROM sbtest5 WHERE id BETWEEN 6696410 AND 6697409
	Aggregate  (cost=3672.47..3672.48 rows=1 width=8)
	  ->  Bitmap Heap Scan on sbtest5  (cost=22.16..3670.10 rows=949 width=4)
	        Recheck Cond: ((id >= 6696410) AND (id <= 6697409))
	        ->  Bitmap Index Scan on sbtest5_pkey  (cost=0.00..21.93 rows=949 width=0)
	              Index Cond: ((id >= 6696410) AND (id <= 6697409))

table 6 : explain SELECT SUM(k) FROM sbtest6 WHERE id BETWEEN 1025647 AND 1026646
	Aggregate  (cost=3781.97..3781.98 rows=1 width=8)
	  ->  Bitmap Heap Scan on sbtest6  (cost=22.46..3779.53 rows=978 width=4)
	        Recheck Cond: ((id >= 1025647) AND (id <= 1026646))
	        ->  Bitmap Index Scan on sbtest6_pkey  (cost=0.00..22.21 rows=978 width=0)
	              Index Cond: ((id >= 1025647) AND (id <= 1026646))

table 7 : explain SELECT SUM(k) FROM sbtest7 WHERE id BETWEEN 7535540 AND 7536539
	Aggregate  (cost=3722.67..3722.68 rows=1 width=8)
	  ->  Bitmap Heap Scan on sbtest7  (cost=22.30..3720.27 rows=962 width=4)
	        Recheck Cond: ((id >= 7535540) AND (id <= 7536539))
	        ->  Bitmap Index Scan on sbtest7_pkey  (cost=0.00..22.05 rows=962 width=0)
	              Index Cond: ((id >= 7535540) AND (id <= 7536539))

table 8 : explain SELECT SUM(k) FROM sbtest8 WHERE id BETWEEN 9130740 AND 9131739
	Aggregate  (cost=3975.61..3975.62 rows=1 width=8)
	  ->  Bitmap Heap Scan on sbtest8  (cost=26.97..3973.04 rows=1028 width=4)
	        Recheck Cond: ((id >= 9130740) AND (id <= 9131739))
	        ->  Bitmap Index Scan on sbtest8_pkey  (cost=0.00..26.71 rows=1028 width=0)
	              Index Cond: ((id >= 9130740) AND (id <= 9131739))

for: order_ranges
table 1 : explain SELECT c FROM sbtest1 WHERE id BETWEEN 4372318 AND 4373317 ORDER BY c
	Sort  (cost=3538.54..3540.79 rows=903 width=121)
	  Sort Key: c
	  ->  Bitmap Heap Scan on sbtest1  (cost=21.69..3494.21 rows=903 width=121)
	        Recheck Cond: ((id >= 4372318) AND (id <= 4373317))
	        ->  Bitmap Index Scan on sbtest1_pkey  (cost=0.00..21.46 rows=903 width=0)
	              Index Cond: ((id >= 4372318) AND (id <= 4373317))

table 2 : explain SELECT c FROM sbtest2 WHERE id BETWEEN 4196499 AND 4197498 ORDER BY c
	Sort  (cost=3953.02..3955.55 rows=1011 width=121)
	  Sort Key: c
	  ->  Bitmap Heap Scan on sbtest2  (cost=22.80..3902.57 rows=1011 width=121)
	        Recheck Cond: ((id >= 4196499) AND (id <= 4197498))
	        ->  Bitmap Index Scan on sbtest2_pkey  (cost=0.00..22.54 rows=1011 width=0)
	              Index Cond: ((id >= 4196499) AND (id <= 4197498))

table 3 : explain SELECT c FROM sbtest3 WHERE id BETWEEN 9882654 AND 9883653 ORDER BY c
	Sort  (cost=4151.73..4154.39 rows=1063 width=121)
	  Sort Key: c
	  ->  Bitmap Heap Scan on sbtest3  (cost=23.33..4098.29 rows=1063 width=121)
	        Recheck Cond: ((id >= 9882654) AND (id <= 9883653))
	        ->  Bitmap Index Scan on sbtest3_pkey  (cost=0.00..23.07 rows=1063 width=0)
	              Index Cond: ((id >= 9882654) AND (id <= 9883653))

table 4 : explain SELECT c FROM sbtest4 WHERE id BETWEEN 8921153 AND 8922152 ORDER BY c
	Sort  (cost=4145.46..4148.11 rows=1060 width=121)
	  Sort Key: c
	  ->  Bitmap Heap Scan on sbtest4  (cost=27.30..4092.19 rows=1060 width=121)
	        Recheck Cond: ((id >= 8921153) AND (id <= 8922152))
	        ->  Bitmap Index Scan on sbtest4_pkey  (cost=0.00..27.04 rows=1060 width=0)
	              Index Cond: ((id >= 8921153) AND (id <= 8922152))

table 5 : explain SELECT c FROM sbtest5 WHERE id BETWEEN 6443629 AND 6444628 ORDER BY c
	Sort  (cost=3743.85..3746.24 rows=956 width=121)
	  Sort Key: c
	  ->  Bitmap Heap Scan on sbtest5  (cost=22.23..3696.52 rows=956 width=121)
	        Recheck Cond: ((id >= 6443629) AND (id <= 6444628))
	        ->  Bitmap Index Scan on sbtest5_pkey  (cost=0.00..22.00 rows=956 width=0)
	              Index Cond: ((id >= 6443629) AND (id <= 6444628))

table 6 : explain SELECT c FROM sbtest6 WHERE id BETWEEN 1632494 AND 1633493 ORDER BY c
	Sort  (cost=3674.89..3677.24 rows=938 width=121)
	  Sort Key: c
	  ->  Bitmap Heap Scan on sbtest6  (cost=22.05..3628.59 rows=938 width=121)
	        Recheck Cond: ((id >= 1632494) AND (id <= 1633493))
	        ->  Bitmap Index Scan on sbtest6_pkey  (cost=0.00..21.82 rows=938 width=0)
	              Index Cond: ((id >= 1632494) AND (id <= 1633493))

table 7 : explain SELECT c FROM sbtest7 WHERE id BETWEEN 2715279 AND 2716278 ORDER BY c
	Sort  (cost=3932.58..3935.09 rows=1005 width=121)
	  Sort Key: c
	  ->  Bitmap Heap Scan on sbtest7  (cost=22.74..3882.47 rows=1005 width=121)
	        Recheck Cond: ((id >= 2715279) AND (id <= 2716278))
	        ->  Bitmap Index Scan on sbtest7_pkey  (cost=0.00..22.48 rows=1005 width=0)
	              Index Cond: ((id >= 2715279) AND (id <= 2716278))

table 8 : explain SELECT c FROM sbtest8 WHERE id BETWEEN 2025889 AND 2026888 ORDER BY c
	Sort  (cost=4028.29..4030.86 rows=1029 width=121)
	  Sort Key: c
	  ->  Bitmap Heap Scan on sbtest8  (cost=26.98..3976.80 rows=1029 width=121)
	        Recheck Cond: ((id >= 2025889) AND (id <= 2026888))
	        ->  Bitmap Index Scan on sbtest8_pkey  (cost=0.00..26.72 rows=1029 width=0)
	              Index Cond: ((id >= 2025889) AND (id <= 2026888))

for: sum_ranges
table 1 : explain SELECT SUM(k) FROM sbtest1 WHERE id BETWEEN 7962643 AND 7963642
	Aggregate  (cost=4001.77..4001.78 rows=1 width=8)
	  ->  Bitmap Heap Scan on sbtest1  (cost=23.06..3999.18 rows=1037 width=4)
	        Recheck Cond: ((id >= 7962643) AND (id <= 7963642))
	        ->  Bitmap Index Scan on sbtest1_pkey  (cost=0.00..22.80 rows=1037 width=0)
	              Index Cond: ((id >= 7962643) AND (id <= 7963642))

table 2 : explain SELECT SUM(k) FROM sbtest2 WHERE id BETWEEN 8111313 AND 8112312
	Aggregate  (cost=4055.68..4055.69 rows=1 width=8)
	  ->  Bitmap Heap Scan on sbtest2  (cost=23.21..4053.06 rows=1051 width=4)
	        Recheck Cond: ((id >= 8111313) AND (id <= 8112312))
	        ->  Bitmap Index Scan on sbtest2_pkey  (cost=0.00..22.94 rows=1051 width=0)
	              Index Cond: ((id >= 8111313) AND (id <= 8112312))

table 3 : explain SELECT SUM(k) FROM sbtest3 WHERE id BETWEEN 3927376 AND 3928375
	Aggregate  (cost=3584.51..3584.52 rows=1 width=8)
	  ->  Bitmap Heap Scan on sbtest3  (cost=21.93..3582.20 rows=926 width=4)
	        Recheck Cond: ((id >= 3927376) AND (id <= 3928375))
	        ->  Bitmap Index Scan on sbtest3_pkey  (cost=0.00..21.69 rows=926 width=0)
	              Index Cond: ((id >= 3927376) AND (id <= 3928375))

table 4 : explain SELECT SUM(k) FROM sbtest4 WHERE id BETWEEN 2196070 AND 2197069
	Aggregate  (cost=3800.73..3800.74 rows=1 width=8)
	  ->  Bitmap Heap Scan on sbtest4  (cost=22.51..3798.27 rows=983 width=4)
	        Recheck Cond: ((id >= 2196070) AND (id <= 2197069))
	        ->  Bitmap Index Scan on sbtest4_pkey  (cost=0.00..22.26 rows=983 width=0)
	              Index Cond: ((id >= 2196070) AND (id <= 2197069))

table 5 : explain SELECT SUM(k) FROM sbtest5 WHERE id BETWEEN 1062925 AND 1063924
	Aggregate  (cost=3906.41..3906.42 rows=1 width=8)
	  ->  Bitmap Heap Scan on sbtest5  (cost=22.80..3903.88 rows=1011 width=4)
	        Recheck Cond: ((id >= 1062925) AND (id <= 1063924))
	        ->  Bitmap Index Scan on sbtest5_pkey  (cost=0.00..22.54 rows=1011 width=0)
	              Index Cond: ((id >= 1062925) AND (id <= 1063924))

table 6 : explain SELECT SUM(k) FROM sbtest6 WHERE id BETWEEN 1063377 AND 1064376
	Aggregate  (cost=3781.97..3781.98 rows=1 width=8)
	  ->  Bitmap Heap Scan on sbtest6  (cost=22.46..3779.53 rows=978 width=4)
	        Recheck Cond: ((id >= 1063377) AND (id <= 1064376))
	        ->  Bitmap Index Scan on sbtest6_pkey  (cost=0.00..22.21 rows=978 width=0)
	              Index Cond: ((id >= 1063377) AND (id <= 1064376))

table 7 : explain SELECT SUM(k) FROM sbtest7 WHERE id BETWEEN 6546035 AND 6547034
	Aggregate  (cost=3639.54..3639.55 rows=1 width=8)
	  ->  Bitmap Heap Scan on sbtest7  (cost=22.07..3637.19 rows=940 width=4)
	        Recheck Cond: ((id >= 6546035) AND (id <= 6547034))
	        ->  Bitmap Index Scan on sbtest7_pkey  (cost=0.00..21.83 rows=940 width=0)
	              Index Cond: ((id >= 6546035) AND (id <= 6547034))

table 8 : explain SELECT SUM(k) FROM sbtest8 WHERE id BETWEEN 2575227 AND 2576226
	Aggregate  (cost=3613.00..3613.01 rows=1 width=8)
	  ->  Bitmap Heap Scan on sbtest8  (cost=22.00..3610.67 rows=933 width=4)
	        Recheck Cond: ((id >= 2575227) AND (id <= 2576226))
	        ->  Bitmap Index Scan on sbtest8_pkey  (cost=0.00..21.76 rows=933 width=0)
	              Index Cond: ((id >= 2575227) AND (id <= 2576226))

for: distinct_ranges
table 1 : explain SELECT DISTINCT c FROM sbtest1 WHERE id BETWEEN 2604810 AND 2605809 ORDER BY c
	Unique  (cost=3841.00..3845.91 rows=982 width=121)
	  ->  Sort  (cost=3841.00..3843.46 rows=982 width=121)
	        Sort Key: c
	        ->  Bitmap Heap Scan on sbtest1  (cost=22.50..3792.20 rows=982 width=121)
	              Recheck Cond: ((id >= 2604810) AND (id <= 2605809))
	              ->  Bitmap Index Scan on sbtest1_pkey  (cost=0.00..22.25 rows=982 width=0)
	                    Index Cond: ((id >= 2604810) AND (id <= 2605809))

table 2 : explain SELECT DISTINCT c FROM sbtest2 WHERE id BETWEEN 9415140 AND 9416139 ORDER BY c
	Unique  (cost=4289.07..4294.56 rows=1098 width=121)
	  ->  Sort  (cost=4289.07..4291.82 rows=1098 width=121)
	        Sort Key: c
	        ->  Bitmap Heap Scan on sbtest2  (cost=27.69..4233.62 rows=1098 width=121)
	              Recheck Cond: ((id >= 9415140) AND (id <= 9416139))
	              ->  Bitmap Index Scan on sbtest2_pkey  (cost=0.00..27.41 rows=1098 width=0)
	                    Index Cond: ((id >= 9415140) AND (id <= 9416139))

table 3 : explain SELECT DISTINCT c FROM sbtest3 WHERE id BETWEEN 3129092 AND 3130091 ORDER BY c
	Unique  (cost=3976.08..3981.16 rows=1017 width=121)
	  ->  Sort  (cost=3976.08..3978.62 rows=1017 width=121)
	        Sort Key: c
	        ->  Bitmap Heap Scan on sbtest3  (cost=22.86..3925.28 rows=1017 width=121)
	              Recheck Cond: ((id >= 3129092) AND (id <= 3130091))
	              ->  Bitmap Index Scan on sbtest3_pkey  (cost=0.00..22.61 rows=1017 width=0)
	                    Index Cond: ((id >= 3129092) AND (id <= 3130091))

table 4 : explain SELECT DISTINCT c FROM sbtest4 WHERE id BETWEEN 7904418 AND 7905417 ORDER BY c
	Unique  (cost=4030.69..4035.84 rows=1031 width=121)
	  ->  Sort  (cost=4030.69..4033.27 rows=1031 width=121)
	        Sort Key: c
	        ->  Bitmap Heap Scan on sbtest4  (cost=23.00..3979.09 rows=1031 width=121)
	              Recheck Cond: ((id >= 7904418) AND (id <= 7905417))
	              ->  Bitmap Index Scan on sbtest4_pkey  (cost=0.00..22.75 rows=1031 width=0)
	                    Index Cond: ((id >= 7904418) AND (id <= 7905417))

table 5 : explain SELECT DISTINCT c FROM sbtest5 WHERE id BETWEEN 3917229 AND 3918228 ORDER BY c
	Unique  (cost=4061.36..4066.56 rows=1039 width=121)
	  ->  Sort  (cost=4061.36..4063.96 rows=1039 width=121)
	        Sort Key: c
	        ->  Bitmap Heap Scan on sbtest5  (cost=23.08..4009.30 rows=1039 width=121)
	              Recheck Cond: ((id >= 3917229) AND (id <= 3918228))
	              ->  Bitmap Index Scan on sbtest5_pkey  (cost=0.00..22.82 rows=1039 width=0)
	                    Index Cond: ((id >= 3917229) AND (id <= 3918228))

table 6 : explain SELECT DISTINCT c FROM sbtest6 WHERE id BETWEEN 3022455 AND 3023454 ORDER BY c
	Unique  (cost=3858.72..3863.65 rows=986 width=121)
	  ->  Sort  (cost=3858.72..3861.19 rows=986 width=121)
	        Sort Key: c
	        ->  Bitmap Heap Scan on sbtest6  (cost=22.54..3809.69 rows=986 width=121)
	              Recheck Cond: ((id >= 3022455) AND (id <= 3023454))
	              ->  Bitmap Index Scan on sbtest6_pkey  (cost=0.00..22.29 rows=986 width=0)
	                    Index Cond: ((id >= 3022455) AND (id <= 3023454))

table 7 : explain SELECT DISTINCT c FROM sbtest7 WHERE id BETWEEN 7413110 AND 7414109 ORDER BY c
	Unique  (cost=3890.48..3895.45 rows=994 width=121)
	  ->  Sort  (cost=3890.48..3892.97 rows=994 width=121)
	        Sort Key: c
	        ->  Bitmap Heap Scan on sbtest7  (cost=22.62..3841.00 rows=994 width=121)
	              Recheck Cond: ((id >= 7413110) AND (id <= 7414109))
	              ->  Bitmap Index Scan on sbtest7_pkey  (cost=0.00..22.37 rows=994 width=0)
	                    Index Cond: ((id >= 7413110) AND (id <= 7414109))

table 8 : explain SELECT DISTINCT c FROM sbtest8 WHERE id BETWEEN 7511852 AND 7512851 ORDER BY c
	Unique  (cost=4058.87..4064.06 rows=1037 width=121)
	  ->  Sort  (cost=4058.87..4061.47 rows=1037 width=121)
	        Sort Key: c
	        ->  Bitmap Heap Scan on sbtest8  (cost=27.06..4006.93 rows=1037 width=121)
	              Recheck Cond: ((id >= 7511852) AND (id <= 7512851))
	              ->  Bitmap Index Scan on sbtest8_pkey  (cost=0.00..26.80 rows=1037 width=0)
	                    Index Cond: ((id >= 7511852) AND (id <= 7512851))

for: order_ranges
table 1 : explain SELECT c FROM sbtest1 WHERE id BETWEEN 145175 AND 146174 ORDER BY c
	Sort  (cost=3714.75..3717.13 rows=949 width=121)
	  Sort Key: c
	  ->  Bitmap Heap Scan on sbtest1  (cost=22.16..3667.82 rows=949 width=121)
	        Recheck Cond: ((id >= 145175) AND (id <= 146174))
	        ->  Bitmap Index Scan on sbtest1_pkey  (cost=0.00..21.93 rows=949 width=0)
	              Index Cond: ((id >= 145175) AND (id <= 146174))

table 2 : explain SELECT c FROM sbtest2 WHERE id BETWEEN 2760867 AND 2761866 ORDER BY c
	Sort  (cost=4312.02..4314.79 rows=1105 width=121)
	  Sort Key: c
	  ->  Bitmap Heap Scan on sbtest2  (cost=27.76..4256.17 rows=1105 width=121)
	        Recheck Cond: ((id >= 2760867) AND (id <= 2761866))
	        ->  Bitmap Index Scan on sbtest2_pkey  (cost=0.00..27.48 rows=1105 width=0)
	              Index Cond: ((id >= 2760867) AND (id <= 2761866))

table 3 : explain SELECT c FROM sbtest3 WHERE id BETWEEN 5590260 AND 5591259 ORDER BY c
	Sort  (cost=4067.75..4070.36 rows=1041 width=121)
	  Sort Key: c
	  ->  Bitmap Heap Scan on sbtest3  (cost=23.11..4015.58 rows=1041 width=121)
	        Recheck Cond: ((id >= 5590260) AND (id <= 5591259))
	        ->  Bitmap Index Scan on sbtest3_pkey  (cost=0.00..22.84 rows=1041 width=0)
	              Index Cond: ((id >= 5590260) AND (id <= 5591259))

table 4 : explain SELECT c FROM sbtest4 WHERE id BETWEEN 9817882 AND 9818881 ORDER BY c
	Sort  (cost=4149.27..4151.93 rows=1061 width=121)
	  Sort Key: c
	  ->  Bitmap Heap Scan on sbtest4  (cost=27.31..4095.95 rows=1061 width=121)
	        Recheck Cond: ((id >= 9817882) AND (id <= 9818881))
	        ->  Bitmap Index Scan on sbtest4_pkey  (cost=0.00..27.04 rows=1061 width=0)
	              Index Cond: ((id >= 9817882) AND (id <= 9818881))

table 5 : explain SELECT c FROM sbtest5 WHERE id BETWEEN 6760436 AND 6761435 ORDER BY c
	Sort  (cost=3801.29..3803.72 rows=971 width=121)
	  Sort Key: c
	  ->  Bitmap Heap Scan on sbtest5  (cost=22.39..3753.11 rows=971 width=121)
	        Recheck Cond: ((id >= 6760436) AND (id <= 6761435))
	        ->  Bitmap Index Scan on sbtest5_pkey  (cost=0.00..22.14 rows=971 width=0)
	              Index Cond: ((id >= 6760436) AND (id <= 6761435))

table 6 : explain SELECT c FROM sbtest6 WHERE id BETWEEN 1189015 AND 1190014 ORDER BY c
	Sort  (cost=3686.39..3688.74 rows=941 width=121)
	  Sort Key: c
	  ->  Bitmap Heap Scan on sbtest6  (cost=22.08..3639.91 rows=941 width=121)
	        Recheck Cond: ((id >= 1189015) AND (id <= 1190014))
	        ->  Bitmap Index Scan on sbtest6_pkey  (cost=0.00..21.84 rows=941 width=0)
	              Index Cond: ((id >= 1189015) AND (id <= 1190014))

table 7 : explain SELECT c FROM sbtest7 WHERE id BETWEEN 3117571 AND 3118570 ORDER BY c
	Sort  (cost=3606.90..3609.20 rows=920 width=121)
	  Sort Key: c
	  ->  Bitmap Heap Scan on sbtest7  (cost=21.87..3561.61 rows=920 width=121)
	        Recheck Cond: ((id >= 3117571) AND (id <= 3118570))
	        ->  Bitmap Index Scan on sbtest7_pkey  (cost=0.00..21.64 rows=920 width=0)
	              Index Cond: ((id >= 3117571) AND (id <= 3118570))

table 8 : explain SELECT c FROM sbtest8 WHERE id BETWEEN 4052239 AND 4053238 ORDER BY c
	Sort  (cost=3917.36..3919.86 rows=1000 width=121)
	  Sort Key: c
	  ->  Bitmap Heap Scan on sbtest8  (cost=26.68..3867.53 rows=1000 width=121)
	        Recheck Cond: ((id >= 4052239) AND (id <= 4053238))
	        ->  Bitmap Index Scan on sbtest8_pkey  (cost=0.00..26.43 rows=1000 width=0)
	              Index Cond: ((id >= 4052239) AND (id <= 4053238))

for: order_ranges
table 1 : explain SELECT c FROM sbtest1 WHERE id BETWEEN 1274247 AND 1275246 ORDER BY c
	Sort  (cost=3649.66..3651.99 rows=932 width=121)
	  Sort Key: c
	  ->  Bitmap Heap Scan on sbtest1  (cost=21.99..3603.69 rows=932 width=121)
	        Recheck Cond: ((id >= 1274247) AND (id <= 1275246))
	        ->  Bitmap Index Scan on sbtest1_pkey  (cost=0.00..21.75 rows=932 width=0)
	              Index Cond: ((id >= 1274247) AND (id <= 1275246))

table 2 : explain SELECT c FROM sbtest2 WHERE id BETWEEN 7357346 AND 7358345 ORDER BY c
	Sort  (cost=3960.67..3963.20 rows=1013 width=121)
	  Sort Key: c
	  ->  Bitmap Heap Scan on sbtest2  (cost=22.82..3910.10 rows=1013 width=121)
	        Recheck Cond: ((id >= 7357346) AND (id <= 7358345))
	        ->  Bitmap Index Scan on sbtest2_pkey  (cost=0.00..22.57 rows=1013 width=0)
	              Index Cond: ((id >= 7357346) AND (id <= 7358345))

table 3 : explain SELECT c FROM sbtest3 WHERE id BETWEEN 6342256 AND 6343255 ORDER BY c
	Sort  (cost=3723.60..3725.98 rows=951 width=121)
	  Sort Key: c
	  ->  Bitmap Heap Scan on sbtest3  (cost=22.18..3676.56 rows=951 width=121)
	        Recheck Cond: ((id >= 6342256) AND (id <= 6343255))
	        ->  Bitmap Index Scan on sbtest3_pkey  (cost=0.00..21.94 rows=951 width=0)
	              Index Cond: ((id >= 6342256) AND (id <= 6343255))

table 4 : explain SELECT c FROM sbtest4 WHERE id BETWEEN 998958 AND 999957 ORDER BY c
	Sort  (cost=3919.82..3922.33 rows=1002 width=121)
	  Sort Key: c
	  ->  Bitmap Heap Scan on sbtest4  (cost=22.71..3869.88 rows=1002 width=121)
	        Recheck Cond: ((id >= 998958) AND (id <= 999957))
	        ->  Bitmap Index Scan on sbtest4_pkey  (cost=0.00..22.45 rows=1002 width=0)
	              Index Cond: ((id >= 998958) AND (id <= 999957))

table 5 : explain SELECT c FROM sbtest5 WHERE id BETWEEN 8064900 AND 8065899 ORDER BY c
	Sort  (cost=4011.69..4014.25 rows=1026 width=121)
	  Sort Key: c
	  ->  Bitmap Heap Scan on sbtest5  (cost=22.95..3960.37 rows=1026 width=121)
	        Recheck Cond: ((id >= 8064900) AND (id <= 8065899))
	        ->  Bitmap Index Scan on sbtest5_pkey  (cost=0.00..22.69 rows=1026 width=0)
	              Index Cond: ((id >= 8064900) AND (id <= 8065899))

table 6 : explain SELECT c FROM sbtest6 WHERE id BETWEEN 9926710 AND 9927709 ORDER BY c
	Sort  (cost=4015.53..4018.09 rows=1027 width=121)
	  Sort Key: c
	  ->  Bitmap Heap Scan on sbtest6  (cost=22.96..3964.15 rows=1027 width=121)
	        Recheck Cond: ((id >= 9926710) AND (id <= 9927709))
	        ->  Bitmap Index Scan on sbtest6_pkey  (cost=0.00..22.70 rows=1027 width=0)
	              Index Cond: ((id >= 9926710) AND (id <= 9927709))

table 7 : explain SELECT c FROM sbtest7 WHERE id BETWEEN 499879 AND 500878 ORDER BY c
	Sort  (cost=3921.10..3923.61 rows=1002 width=121)
	  Sort Key: c
	  ->  Bitmap Heap Scan on sbtest7  (cost=22.71..3871.16 rows=1002 width=121)
	        Recheck Cond: ((id >= 499879) AND (id <= 500878))
	        ->  Bitmap Index Scan on sbtest7_pkey  (cost=0.00..22.45 rows=1002 width=0)
	              Index Cond: ((id >= 499879) AND (id <= 500878))

table 8 : explain SELECT c FROM sbtest8 WHERE id BETWEEN 7191548 AND 7192547 ORDER BY c
	Sort  (cost=3725.70..3728.08 rows=951 width=121)
	  Sort Key: c
	  ->  Bitmap Heap Scan on sbtest8  (cost=22.18..3678.66 rows=951 width=121)
	        Recheck Cond: ((id >= 7191548) AND (id <= 7192547))
	        ->  Bitmap Index Scan on sbtest8_pkey  (cost=0.00..21.94 rows=951 width=0)
	              Index Cond: ((id >= 7191548) AND (id <= 7192547))

for: distinct_ranges
table 1 : explain SELECT DISTINCT c FROM sbtest1 WHERE id BETWEEN 6871312 AND 6872311 ORDER BY c
	Unique  (cost=4679.59..4685.60 rows=1202 width=121)
	  ->  Sort  (cost=4679.59..4682.60 rows=1202 width=121)
	        Sort Key: c
	        ->  Bitmap Heap Scan on sbtest1  (cost=28.76..4618.10 rows=1202 width=121)
	              Recheck Cond: ((id >= 6871312) AND (id <= 6872311))
	              ->  Bitmap Index Scan on sbtest1_pkey  (cost=0.00..28.45 rows=1202 width=0)
	                    Index Cond: ((id >= 6871312) AND (id <= 6872311))

table 2 : explain SELECT DISTINCT c FROM sbtest2 WHERE id BETWEEN 5640450 AND 5641449 ORDER BY c
	Unique  (cost=4044.71..4049.89 rows=1035 width=121)
	  ->  Sort  (cost=4044.71..4047.30 rows=1035 width=121)
	        Sort Key: c
	        ->  Bitmap Heap Scan on sbtest2  (cost=23.04..3992.89 rows=1035 width=121)
	              Recheck Cond: ((id >= 5640450) AND (id <= 5641449))
	              ->  Bitmap Index Scan on sbtest2_pkey  (cost=0.00..22.79 rows=1035 width=0)
	                    Index Cond: ((id >= 5640450) AND (id <= 5641449))

table 3 : explain SELECT DISTINCT c FROM sbtest3 WHERE id BETWEEN 1446516 AND 1447515 ORDER BY c
	Unique  (cost=3934.03..3939.06 rows=1006 width=121)
	  ->  Sort  (cost=3934.03..3936.55 rows=1006 width=121)
	        Sort Key: c
	        ->  Bitmap Heap Scan on sbtest3  (cost=22.75..3883.86 rows=1006 width=121)
	              Recheck Cond: ((id >= 1446516) AND (id <= 1447515))
	              ->  Bitmap Index Scan on sbtest3_pkey  (cost=0.00..22.50 rows=1006 width=0)
	                    Index Cond: ((id >= 1446516) AND (id <= 1447515))

table 4 : explain SELECT DISTINCT c FROM sbtest4 WHERE id BETWEEN 5219021 AND 5220020 ORDER BY c
	Unique  (cost=3877.74..3882.70 rows=991 width=121)
	  ->  Sort  (cost=3877.74..3880.22 rows=991 width=121)
	        Sort Key: c
	        ->  Bitmap Heap Scan on sbtest4  (cost=22.59..3828.43 rows=991 width=121)
	              Recheck Cond: ((id >= 5219021) AND (id <= 5220020))
	              ->  Bitmap Index Scan on sbtest4_pkey  (cost=0.00..22.34 rows=991 width=0)
	                    Index Cond: ((id >= 5219021) AND (id <= 5220020))

table 5 : explain SELECT DISTINCT c FROM sbtest5 WHERE id BETWEEN 1879019 AND 1880018 ORDER BY c
	Unique  (cost=3866.36..3871.30 rows=988 width=121)
	  ->  Sort  (cost=3866.36..3868.83 rows=988 width=121)
	        Sort Key: c
	        ->  Bitmap Heap Scan on sbtest5  (cost=22.56..3817.22 rows=988 width=121)
	              Recheck Cond: ((id >= 1879019) AND (id <= 1880018))
	              ->  Bitmap Index Scan on sbtest5_pkey  (cost=0.00..22.32 rows=988 width=0)
	                    Index Cond: ((id >= 1879019) AND (id <= 1880018))

table 6 : explain SELECT DISTINCT c FROM sbtest6 WHERE id BETWEEN 4711386 AND 4712385 ORDER BY c
	Unique  (cost=3958.18..3963.24 rows=1012 width=121)
	  ->  Sort  (cost=3958.18..3960.71 rows=1012 width=121)
	        Sort Key: c
	        ->  Bitmap Heap Scan on sbtest6  (cost=22.81..3907.67 rows=1012 width=121)
	              Recheck Cond: ((id >= 4711386) AND (id <= 4712385))
	              ->  Bitmap Index Scan on sbtest6_pkey  (cost=0.00..22.55 rows=1012 width=0)
	                    Index Cond: ((id >= 4711386) AND (id <= 4712385))

table 7 : explain SELECT DISTINCT c FROM sbtest7 WHERE id BETWEEN 5570329 AND 5571328 ORDER BY c
	Unique  (cost=4035.85..4041.01 rows=1032 width=121)
	  ->  Sort  (cost=4035.85..4038.43 rows=1032 width=121)
	        Sort Key: c
	        ->  Bitmap Heap Scan on sbtest7  (cost=23.01..3984.19 rows=1032 width=121)
	              Recheck Cond: ((id >= 5570329) AND (id <= 5571328))
	              ->  Bitmap Index Scan on sbtest7_pkey  (cost=0.00..22.75 rows=1032 width=0)
	                    Index Cond: ((id >= 5570329) AND (id <= 5571328))

table 8 : explain SELECT DISTINCT c FROM sbtest8 WHERE id BETWEEN 8372533 AND 8373532 ORDER BY c
	Unique  (cost=3940.32..3945.35 rows=1006 width=121)
	  ->  Sort  (cost=3940.32..3942.84 rows=1006 width=121)
	        Sort Key: c
	        ->  Bitmap Heap Scan on sbtest8  (cost=26.75..3890.15 rows=1006 width=121)
	              Recheck Cond: ((id >= 8372533) AND (id <= 8373532))
	              ->  Bitmap Index Scan on sbtest8_pkey  (cost=0.00..26.50 rows=1006 width=0)
	                    Index Cond: ((id >= 8372533) AND (id <= 8373532))

for: distinct_ranges
table 1 : explain SELECT DISTINCT c FROM sbtest1 WHERE id BETWEEN 9124653 AND 9125652 ORDER BY c
	Unique  (cost=4123.62..4128.90 rows=1056 width=121)
	  ->  Sort  (cost=4123.62..4126.26 rows=1056 width=121)
	        Sort Key: c
	        ->  Bitmap Heap Scan on sbtest1  (cost=23.26..4070.59 rows=1056 width=121)
	              Recheck Cond: ((id >= 9124653) AND (id <= 9125652))
	              ->  Bitmap Index Scan on sbtest1_pkey  (cost=0.00..23.00 rows=1056 width=0)
	                    Index Cond: ((id >= 9124653) AND (id <= 9125652))

table 2 : explain SELECT DISTINCT c FROM sbtest2 WHERE id BETWEEN 7202048 AND 7203047 ORDER BY c
	Unique  (cost=3754.12..3758.92 rows=959 width=121)
	  ->  Sort  (cost=3754.12..3756.52 rows=959 width=121)
	        Sort Key: c
	        ->  Bitmap Heap Scan on sbtest2  (cost=22.26..3706.62 rows=959 width=121)
	              Recheck Cond: ((id >= 7202048) AND (id <= 7203047))
	              ->  Bitmap Index Scan on sbtest2_pkey  (cost=0.00..22.02 rows=959 width=0)
	                    Index Cond: ((id >= 7202048) AND (id <= 7203047))

table 3 : explain SELECT DISTINCT c FROM sbtest3 WHERE id BETWEEN 5288625 AND 5289624 ORDER BY c
	Unique  (cost=3983.72..3988.81 rows=1019 width=121)
	  ->  Sort  (cost=3983.72..3986.27 rows=1019 width=121)
	        Sort Key: c
	        ->  Bitmap Heap Scan on sbtest3  (cost=22.88..3932.80 rows=1019 width=121)
	              Recheck Cond: ((id >= 5288625) AND (id <= 5289624))
	              ->  Bitmap Index Scan on sbtest3_pkey  (cost=0.00..22.62 rows=1019 width=0)
	                    Index Cond: ((id >= 5288625) AND (id <= 5289624))

table 4 : explain SELECT DISTINCT c FROM sbtest4 WHERE id BETWEEN 6785770 AND 6786769 ORDER BY c
	Unique  (cost=3981.00..3986.09 rows=1018 width=121)
	  ->  Sort  (cost=3981.00..3983.55 rows=1018 width=121)
	        Sort Key: c
	        ->  Bitmap Heap Scan on sbtest4  (cost=22.87..3930.15 rows=1018 width=121)
	              Recheck Cond: ((id >= 6785770) AND (id <= 6786769))
	              ->  Bitmap Index Scan on sbtest4_pkey  (cost=0.00..22.61 rows=1018 width=0)
	                    Index Cond: ((id >= 6785770) AND (id <= 6786769))

table 5 : explain SELECT DISTINCT c FROM sbtest5 WHERE id BETWEEN 2243777 AND 2244776 ORDER BY c
	Unique  (cost=3743.85..3748.63 rows=956 width=121)
	  ->  Sort  (cost=3743.85..3746.24 rows=956 width=121)
	        Sort Key: c
	        ->  Bitmap Heap Scan on sbtest5  (cost=22.23..3696.52 rows=956 width=121)
	              Recheck Cond: ((id >= 2243777) AND (id <= 2244776))
	              ->  Bitmap Index Scan on sbtest5_pkey  (cost=0.00..22.00 rows=956 width=0)
	                    Index Cond: ((id >= 2243777) AND (id <= 2244776))

table 6 : explain SELECT DISTINCT c FROM sbtest6 WHERE id BETWEEN 4285396 AND 4286395 ORDER BY c
	Unique  (cost=3824.28..3829.16 rows=977 width=121)
	  ->  Sort  (cost=3824.28..3826.72 rows=977 width=121)
	        Sort Key: c
	        ->  Bitmap Heap Scan on sbtest6  (cost=22.45..3775.76 rows=977 width=121)
	              Recheck Cond: ((id >= 4285396) AND (id <= 4286395))
	              ->  Bitmap Index Scan on sbtest6_pkey  (cost=0.00..22.20 rows=977 width=0)
	                    Index Cond: ((id >= 4285396) AND (id <= 4286395))

table 7 : explain SELECT DISTINCT c FROM sbtest7 WHERE id BETWEEN 714976 AND 715975 ORDER BY c
	Unique  (cost=4234.67..4240.09 rows=1083 width=121)
	  ->  Sort  (cost=4234.67..4237.38 rows=1083 width=121)
	        Sort Key: c
	        ->  Bitmap Heap Scan on sbtest7  (cost=27.54..4180.08 rows=1083 width=121)
	              Recheck Cond: ((id >= 714976) AND (id <= 715975))
	              ->  Bitmap Index Scan on sbtest7_pkey  (cost=0.00..27.26 rows=1083 width=0)
	                    Index Cond: ((id >= 714976) AND (id <= 715975))

table 8 : explain SELECT DISTINCT c FROM sbtest8 WHERE id BETWEEN 2809393 AND 2810392 ORDER BY c
	Unique  (cost=3951.80..3956.85 rows=1009 width=121)
	  ->  Sort  (cost=3951.80..3954.32 rows=1009 width=121)
	        Sort Key: c
	        ->  Bitmap Heap Scan on sbtest8  (cost=26.78..3901.46 rows=1009 width=121)
	              Recheck Cond: ((id >= 2809393) AND (id <= 2810392))
	              ->  Bitmap Index Scan on sbtest8_pkey  (cost=0.00..26.52 rows=1009 width=0)
	                    Index Cond: ((id >= 2809393) AND (id <= 2810392))

for: order_ranges
table 1 : explain SELECT c FROM sbtest1 WHERE id BETWEEN 851267 AND 852266 ORDER BY c
	Sort  (cost=3530.87..3533.12 rows=901 width=121)
	  Sort Key: c
	  ->  Bitmap Heap Scan on sbtest1  (cost=21.67..3486.65 rows=901 width=121)
	        Recheck Cond: ((id >= 851267) AND (id <= 852266))
	        ->  Bitmap Index Scan on sbtest1_pkey  (cost=0.00..21.44 rows=901 width=0)
	              Index Cond: ((id >= 851267) AND (id <= 852266))

table 2 : explain SELECT c FROM sbtest2 WHERE id BETWEEN 5791510 AND 5792509 ORDER BY c
	Sort  (cost=4010.34..4012.90 rows=1026 width=121)
	  Sort Key: c
	  ->  Bitmap Heap Scan on sbtest2  (cost=22.95..3959.02 rows=1026 width=121)
	        Recheck Cond: ((id >= 5791510) AND (id <= 5792509))
	        ->  Bitmap Index Scan on sbtest2_pkey  (cost=0.00..22.69 rows=1026 width=0)
	              Index Cond: ((id >= 5791510) AND (id <= 5792509))

table 3 : explain SELECT c FROM sbtest3 WHERE id BETWEEN 1499981 AND 1500980 ORDER BY c
	Sort  (cost=3934.03..3936.55 rows=1006 width=121)
	  Sort Key: c
	  ->  Bitmap Heap Scan on sbtest3  (cost=22.75..3883.86 rows=1006 width=121)
	        Recheck Cond: ((id >= 1499981) AND (id <= 1500980))
	        ->  Bitmap Index Scan on sbtest3_pkey  (cost=0.00..22.50 rows=1006 width=0)
	              Index Cond: ((id >= 1499981) AND (id <= 1500980))

table 4 : explain SELECT c FROM sbtest4 WHERE id BETWEEN 3686539 AND 3687538 ORDER BY c
	Sort  (cost=3850.96..3853.42 rows=984 width=121)
	  Sort Key: c
	  ->  Bitmap Heap Scan on sbtest4  (cost=22.52..3802.04 rows=984 width=121)
	        Recheck Cond: ((id >= 3686539) AND (id <= 3687538))
	        ->  Bitmap Index Scan on sbtest4_pkey  (cost=0.00..22.27 rows=984 width=0)
	              Index Cond: ((id >= 3686539) AND (id <= 3687538))

table 5 : explain SELECT c FROM sbtest5 WHERE id BETWEEN 4097878 AND 4098877 ORDER BY c
	Sort  (cost=3686.37..3688.73 rows=941 width=121)
	  Sort Key: c
	  ->  Bitmap Heap Scan on sbtest5  (cost=22.08..3639.90 rows=941 width=121)
	        Recheck Cond: ((id >= 4097878) AND (id <= 4098877))
	        ->  Bitmap Index Scan on sbtest5_pkey  (cost=0.00..21.84 rows=941 width=0)
	              Index Cond: ((id >= 4097878) AND (id <= 4098877))

table 6 : explain SELECT c FROM sbtest6 WHERE id BETWEEN 8601359 AND 8602358 ORDER BY c
	Sort  (cost=3713.21..3715.58 rows=948 width=121)
	  Sort Key: c
	  ->  Bitmap Heap Scan on sbtest6  (cost=22.15..3666.34 rows=948 width=121)
	        Recheck Cond: ((id >= 8601359) AND (id <= 8602358))
	        ->  Bitmap Index Scan on sbtest6_pkey  (cost=0.00..21.91 rows=948 width=0)
	              Index Cond: ((id >= 8601359) AND (id <= 8602358))

table 7 : explain SELECT c FROM sbtest7 WHERE id BETWEEN 5553586 AND 5554585 ORDER BY c
	Sort  (cost=4035.85..4038.43 rows=1032 width=121)
	  Sort Key: c
	  ->  Bitmap Heap Scan on sbtest7  (cost=23.01..3984.19 rows=1032 width=121)
	        Recheck Cond: ((id >= 5553586) AND (id <= 5554585))
	        ->  Bitmap Index Scan on sbtest7_pkey  (cost=0.00..22.75 rows=1032 width=0)
	              Index Cond: ((id >= 5553586) AND (id <= 5554585))

table 8 : explain SELECT c FROM sbtest8 WHERE id BETWEEN 3682074 AND 3683073 ORDER BY c
	Sort  (cost=3863.60..3866.07 rows=987 width=121)
	  Sort Key: c
	  ->  Bitmap Heap Scan on sbtest8  (cost=22.55..3814.52 rows=987 width=121)
	        Recheck Cond: ((id >= 3682074) AND (id <= 3683073))
	        ->  Bitmap Index Scan on sbtest8_pkey  (cost=0.00..22.30 rows=987 width=0)
	              Index Cond: ((id >= 3682074) AND (id <= 3683073))

for: distinct_ranges
table 1 : explain SELECT DISTINCT c FROM sbtest1 WHERE id BETWEEN 1526533 AND 1527532 ORDER BY c
	Unique  (cost=4039.67..4044.84 rows=1034 width=121)
	  ->  Sort  (cost=4039.67..4042.25 rows=1034 width=121)
	        Sort Key: c
	        ->  Bitmap Heap Scan on sbtest1  (cost=23.03..3987.90 rows=1034 width=121)
	              Recheck Cond: ((id >= 1526533) AND (id <= 1527532))
	              ->  Bitmap Index Scan on sbtest1_pkey  (cost=0.00..22.77 rows=1034 width=0)
	                    Index Cond: ((id >= 1526533) AND (id <= 1527532))

table 2 : explain SELECT DISTINCT c FROM sbtest2 WHERE id BETWEEN 4749155 AND 4750154 ORDER BY c
	Unique  (cost=4121.07..4126.35 rows=1055 width=121)
	  ->  Sort  (cost=4121.07..4123.71 rows=1055 width=121)
	        Sort Key: c
	        ->  Bitmap Heap Scan on sbtest2  (cost=23.25..4068.09 rows=1055 width=121)
	              Recheck Cond: ((id >= 4749155) AND (id <= 4750154))
	              ->  Bitmap Index Scan on sbtest2_pkey  (cost=0.00..22.98 rows=1055 width=0)
	                    Index Cond: ((id >= 4749155) AND (id <= 4750154))

table 3 : explain SELECT DISTINCT c FROM sbtest3 WHERE id BETWEEN 5109333 AND 5110332 ORDER BY c
	Unique  (cost=4182.25..4187.61 rows=1071 width=121)
	  ->  Sort  (cost=4182.25..4184.93 rows=1071 width=121)
	        Sort Key: c
	        ->  Bitmap Heap Scan on sbtest3  (cost=23.41..4128.36 rows=1071 width=121)
	              Recheck Cond: ((id >= 5109333) AND (id <= 5110332))
	              ->  Bitmap Index Scan on sbtest3_pkey  (cost=0.00..23.14 rows=1071 width=0)
	                    Index Cond: ((id >= 5109333) AND (id <= 5110332))

table 4 : explain SELECT DISTINCT c FROM sbtest4 WHERE id BETWEEN 767133 AND 768132 ORDER BY c
	Unique  (cost=3724.60..3729.35 rows=951 width=121)
	  ->  Sort  (cost=3724.60..3726.98 rows=951 width=121)
	        Sort Key: c
	        ->  Bitmap Heap Scan on sbtest4  (cost=22.18..3677.56 rows=951 width=121)
	              Recheck Cond: ((id >= 767133) AND (id <= 768132))
	              ->  Bitmap Index Scan on sbtest4_pkey  (cost=0.00..21.94 rows=951 width=0)
	                    Index Cond: ((id >= 767133) AND (id <= 768132))

table 5 : explain SELECT DISTINCT c FROM sbtest5 WHERE id BETWEEN 4256382 AND 4257381 ORDER BY c
	Unique  (cost=3751.51..3756.30 rows=958 width=121)
	  ->  Sort  (cost=3751.51..3753.90 rows=958 width=121)
	        Sort Key: c
	        ->  Bitmap Heap Scan on sbtest5  (cost=22.25..3704.07 rows=958 width=121)
	              Recheck Cond: ((id >= 4256382) AND (id <= 4257381))
	              ->  Bitmap Index Scan on sbtest5_pkey  (cost=0.00..22.01 rows=958 width=0)
	                    Index Cond: ((id >= 4256382) AND (id <= 4257381))

table 6 : explain SELECT DISTINCT c FROM sbtest6 WHERE id BETWEEN 3811987 AND 3812986 ORDER BY c
	Unique  (cost=4049.92..4055.10 rows=1036 width=121)
	  ->  Sort  (cost=4049.92..4052.51 rows=1036 width=121)
	        Sort Key: c
	        ->  Bitmap Heap Scan on sbtest6  (cost=23.05..3998.03 rows=1036 width=121)
	              Recheck Cond: ((id >= 3811987) AND (id <= 3812986))
	              ->  Bitmap Index Scan on sbtest6_pkey  (cost=0.00..22.79 rows=1036 width=0)
	                    Index Cond: ((id >= 3811987) AND (id <= 3812986))

table 7 : explain SELECT DISTINCT c FROM sbtest7 WHERE id BETWEEN 8601081 AND 8602080 ORDER BY c
	Unique  (cost=4139.03..4144.32 rows=1059 width=121)
	  ->  Sort  (cost=4139.03..4141.68 rows=1059 width=121)
	        Sort Key: c
	        ->  Bitmap Heap Scan on sbtest7  (cost=23.29..4085.82 rows=1059 width=121)
	              Recheck Cond: ((id >= 8601081) AND (id <= 8602080))
	              ->  Bitmap Index Scan on sbtest7_pkey  (cost=0.00..23.02 rows=1059 width=0)
	                    Index Cond: ((id >= 8601081) AND (id <= 8602080))

table 8 : explain SELECT DISTINCT c FROM sbtest8 WHERE id BETWEEN 219967 AND 220966 ORDER BY c
	Unique  (cost=3955.63..3960.68 rows=1010 width=121)
	  ->  Sort  (cost=3955.63..3958.15 rows=1010 width=121)
	        Sort Key: c
	        ->  Bitmap Heap Scan on sbtest8  (cost=26.79..3905.23 rows=1010 width=121)
	              Recheck Cond: ((id >= 219967) AND (id <= 220966))
	              ->  Bitmap Index Scan on sbtest8_pkey  (cost=0.00..26.54 rows=1010 width=0)
	                    Index Cond: ((id >= 219967) AND (id <= 220966))

Threads started!

Warming up for 5 seconds...

SQL statistics:
    queries performed:
        read:                            159385597
        write:                           0
        other:                           28979227
        total:                           188364824
    transactions:                        14489633 (22999.14 per sec.)
    queries:                             188364824 (298988.20 per sec.)
    ignored errors:                      0      (0.00 per sec.)
    reconnects:                          0      (0.00 per sec.)

Throughput:
    events/s (eps):                      22999.1418
    time elapsed:                        630.0076s
    total number of events:              14489633

Latency (ms):
         min:                                    0.48
         avg:                                    1.74
         max:                                   17.77
         95th percentile:                        1.82
         sum:                             25186352.14

Threads fairness:
    events (avg/stddev):           362240.4500/1958.00
    execution time (avg/stddev):   629.6588/0.01

