LUA_PATH=/home/mdcallag/git/mytools/bench/sysbench.lua/lua/?.lua /home/mdcallag/git/mytools/bench/sysbench.lua/lua/sysbench --db-driver=pgsql --range-size=100 --table-size=10000000 --tables=8 --threads=40 --events=0 --warmup-time=5 --time=930 --pgsql_conn_id=true /home/mdcallag/git/mytools/bench/sysbench.lua/lua/oltp_read_write.lua run --pgsql-user=root --pgsql-password=pw --pgsql-host=127.0.0.1 --pgsql-db=ib --rand-type=uniform
48 CPUs
sysbench 1.1.0-9072687 (using bundled LuaJIT 2.1.0-beta3)

Running the test with following options:
Number of threads: 40
Warmup time: 5s
Initializing random number generator from current time


Initializing worker threads...

explain: for point_selects :: explain SELECT c FROM sbtest%u WHERE id=%u
explain: for point_selects :: explain SELECT c FROM sbtest%u WHERE id=%u
explain: for point_selects :: explain SELECT c FROM sbtest%u WHERE id=%u
for point_selects
table 1 : explain SELECT c FROM sbtest1 WHERE id=629533
	Index Scan using sbtest1_pkey on sbtest1  (cost=0.43..8.45 rows=1 width=121)
	  Index Cond: (id = 629533)

table 2 : explain SELECT c FROM sbtest2 WHERE id=225440
	Index Scan using sbtest2_pkey on sbtest2  (cost=0.43..8.45 rows=1 width=121)
	  Index Cond: (id = 225440)

table 3 : explain SELECT c FROM sbtest3 WHERE id=7053328
	Index Scan using sbtest3_pkey on sbtest3  (cost=0.43..8.45 rows=1 width=121)
	  Index Cond: (id = 7053328)

table 4 : explain SELECT c FROM sbtest4 WHERE id=3459892
	Index Scan using sbtest4_pkey on sbtest4  (cost=0.43..8.45 rows=1 width=121)
	  Index Cond: (id = 3459892)

table 5 : explain SELECT c FROM sbtest5 WHERE id=1693609
	Index Scan using sbtest5_pkey on sbtest5  (cost=0.43..8.45 rows=1 width=121)
	  Index Cond: (id = 1693609)

table 6 : explain SELECT c FROM sbtest6 WHERE id=3692658
	Index Scan using sbtest6_pkey on sbtest6  (cost=0.43..8.45 rows=1 width=121)
	  Index Cond: (id = 3692658)

table 7 : explain SELECT c FROM sbtest7 WHERE id=3062604
	Index Scan using sbtest7_pkey on sbtest7  (cost=0.43..8.45 rows=1 width=121)
	  Index Cond: (id = 3062604)

table 8 : explain SELECT c FROM sbtest8 WHERE id=7075081
	Index Scan using sbtest8_pkey on sbtest8  (cost=0.43..8.45 rows=1 width=121)
	  Index Cond: (id = 7075081)

explain: for point_selects :: explain SELECT c FROM sbtest%u WHERE id=%u
for: simple_ranges
table 1 : explain SELECT c FROM sbtest1 WHERE id BETWEEN 5352413 AND 5352512
	Index Scan using sbtest1_pkey on sbtest1  (cost=0.43..429.01 rows=109 width=121)
	  Index Cond: ((id >= 5352413) AND (id <= 5352512))

table 2 : explain SELECT c FROM sbtest2 WHERE id BETWEEN 2620871 AND 2620970
	Index Scan using sbtest2_pkey on sbtest2  (cost=0.43..366.68 rows=93 width=121)
	  Index Cond: ((id >= 2620871) AND (id <= 2620970))

table 3 : explain SELECT c FROM sbtest3 WHERE id BETWEEN 2416191 AND 2416290
	Index Scan using sbtest3_pkey on sbtest3  (cost=0.43..392.65 rows=100 width=121)
	  Index Cond: ((id >= 2416191) AND (id <= 2416290))

table 4 : explain SELECT c FROM sbtest4 WHERE id BETWEEN 5784926 AND 5785025
	Index Scan using sbtest4_pkey on sbtest4  (cost=0.43..427.20 rows=109 width=121)
	  Index Cond: ((id >= 5784926) AND (id <= 5785025))

table 5 : explain SELECT c FROM sbtest5 WHERE id BETWEEN 8912190 AND 8912289
	Index Scan using sbtest5_pkey on sbtest5  (cost=0.43..368.19 rows=94 width=121)
	  Index Cond: ((id >= 8912190) AND (id <= 8912289))

table 6 : explain SELECT c FROM sbtest6 WHERE id BETWEEN 8854258 AND 8854357
	Index Scan using sbtest6_pkey on sbtest6  (cost=0.43..365.76 rows=93 width=121)
	  Index Cond: ((id >= 8854258) AND (id <= 8854357))

table 7 : explain SELECT c FROM sbtest7 WHERE id BETWEEN 8198769 AND 8198868
	Index Scan using sbtest7_pkey on sbtest7  (cost=0.43..421.48 rows=108 width=121)
	  Index Cond: ((id >= 8198769) AND (id <= 8198868))

table 8 : explain SELECT c FROM sbtest8 WHERE id BETWEEN 2187278 AND 2187377
	Index Scan using sbtest8_pkey on sbtest8  (cost=0.43..404.59 rows=104 width=121)
	  Index Cond: ((id >= 2187278) AND (id <= 2187377))

for point_selects
table 1 : explain SELECT c FROM sbtest1 WHERE id=3129523
	Index Scan using sbtest1_pkey on sbtest1  (cost=0.43..8.45 rows=1 width=121)
	  Index Cond: (id = 3129523)

table 2 : explain SELECT c FROM sbtest2 WHERE id=866571
	Index Scan using sbtest2_pkey on sbtest2  (cost=0.43..8.45 rows=1 width=121)
	  Index Cond: (id = 866571)

table 3 : explain SELECT c FROM sbtest3 WHERE id=2939904
	Index Scan using sbtest3_pkey on sbtest3  (cost=0.43..8.45 rows=1 width=121)
	  Index Cond: (id = 2939904)

table 4 : explain SELECT c FROM sbtest4 WHERE id=3512140
	Index Scan using sbtest4_pkey on sbtest4  (cost=0.43..8.45 rows=1 width=121)
	  Index Cond: (id = 3512140)

table 5 : explain SELECT c FROM sbtest5 WHERE id=1838520
	Index Scan using sbtest5_pkey on sbtest5  (cost=0.43..8.45 rows=1 width=121)
	  Index Cond: (id = 1838520)

table 6 : explain SELECT c FROM sbtest6 WHERE id=2473502
	Index Scan using sbtest6_pkey on sbtest6  (cost=0.43..8.45 rows=1 width=121)
	  Index Cond: (id = 2473502)

table 7 : explain SELECT c FROM sbtest7 WHERE id=1460162
	Index Scan using sbtest7_pkey on sbtest7  (cost=0.43..8.45 rows=1 width=121)
	  Index Cond: (id = 1460162)

table 8 : explain SELECT c FROM sbtest8 WHERE id=4649910
	Index Scan using sbtest8_pkey on sbtest8  (cost=0.43..8.45 rows=1 width=121)
	  Index Cond: (id = 4649910)

for point_selects
table 1 : explain SELECT c FROM sbtest1 WHERE id=1226880
	Index Scan using sbtest1_pkey on sbtest1  (cost=0.43..8.45 rows=1 width=121)
	  Index Cond: (id = 1226880)

table 2 : explain SELECT c FROM sbtest2 WHERE id=9660257
	Index Scan using sbtest2_pkey on sbtest2  (cost=0.43..8.45 rows=1 width=121)
	  Index Cond: (id = 9660257)

table 3 : explain SELECT c FROM sbtest3 WHERE id=8081934
	Index Scan using sbtest3_pkey on sbtest3  (cost=0.43..8.45 rows=1 width=121)
	  Index Cond: (id = 8081934)

table 4 : explain SELECT c FROM sbtest4 WHERE id=9311681
	Index Scan using sbtest4_pkey on sbtest4  (cost=0.43..8.45 rows=1 width=121)
	  Index Cond: (id = 9311681)

table 5 : explain SELECT c FROM sbtest5 WHERE id=5546891
	Index Scan using sbtest5_pkey on sbtest5  (cost=0.43..8.45 rows=1 width=121)
	  Index Cond: (id = 5546891)

table 6 : explain SELECT c FROM sbtest6 WHERE id=9807013
	Index Scan using sbtest6_pkey on sbtest6  (cost=0.43..8.45 rows=1 width=121)
	  Index Cond: (id = 9807013)

table 7 : explain SELECT c FROM sbtest7 WHERE id=3589207
	Index Scan using sbtest7_pkey on sbtest7  (cost=0.43..8.45 rows=1 width=121)
	  Index Cond: (id = 3589207)

table 8 : explain SELECT c FROM sbtest8 WHERE id=7124924
	Index Scan using sbtest8_pkey on sbtest8  (cost=0.43..8.45 rows=1 width=121)
	  Index Cond: (id = 7124924)

explain: for point_selects :: explain SELECT c FROM sbtest%u WHERE id=%u
for: simple_ranges
table 1 : explain SELECT c FROM sbtest1 WHERE id BETWEEN 2866091 AND 2866190
	Index Scan using sbtest1_pkey on sbtest1  (cost=0.43..405.65 rows=103 width=121)
	  Index Cond: ((id >= 2866091) AND (id <= 2866190))

table 2 : explain SELECT c FROM sbtest2 WHERE id BETWEEN 8175984 AND 8176083
	Index Scan using sbtest2_pkey on sbtest2  (cost=0.43..358.89 rows=91 width=121)
	  Index Cond: ((id >= 8175984) AND (id <= 8176083))

table 3 : explain SELECT c FROM sbtest3 WHERE id BETWEEN 4501770 AND 4501869
	Index Scan using sbtest3_pkey on sbtest3  (cost=0.43..377.09 rows=96 width=121)
	  Index Cond: ((id >= 4501770) AND (id <= 4501869))

table 4 : explain SELECT c FROM sbtest4 WHERE id BETWEEN 3413901 AND 3414000
	Index Scan using sbtest4_pkey on sbtest4  (cost=0.43..400.07 rows=102 width=121)
	  Index Cond: ((id >= 3413901) AND (id <= 3414000))

table 5 : explain SELECT c FROM sbtest5 WHERE id BETWEEN 9282772 AND 9282871
	Index Scan using sbtest5_pkey on sbtest5  (cost=0.43..360.46 rows=92 width=121)
	  Index Cond: ((id >= 9282772) AND (id <= 9282871))

table 6 : explain SELECT c FROM sbtest6 WHERE id BETWEEN 5385118 AND 5385217
	Index Scan using sbtest6_pkey on sbtest6  (cost=0.43..377.41 rows=96 width=121)
	  Index Cond: ((id >= 5385118) AND (id <= 5385217))

table 7 : explain SELECT c FROM sbtest7 WHERE id BETWEEN 6768564 AND 6768663
	Index Scan using sbtest7_pkey on sbtest7  (cost=0.43..375.13 rows=96 width=121)
	  Index Cond: ((id >= 6768564) AND (id <= 6768663))

table 8 : explain SELECT c FROM sbtest8 WHERE id BETWEEN 5688331 AND 5688430
	Index Scan using sbtest8_pkey on sbtest8  (cost=0.43..396.90 rows=102 width=121)
	  Index Cond: ((id >= 5688331) AND (id <= 5688430))

for: simple_ranges
table 1 : explain SELECT c FROM sbtest1 WHERE id BETWEEN 224157 AND 224256
	Index Scan using sbtest1_pkey on sbtest1  (cost=0.43..374.48 rows=95 width=121)
	  Index Cond: ((id >= 224157) AND (id <= 224256))

table 2 : explain SELECT c FROM sbtest2 WHERE id BETWEEN 1424580 AND 1424679
	Index Scan using sbtest2_pkey on sbtest2  (cost=0.43..409.53 rows=104 width=121)
	  Index Cond: ((id >= 1424580) AND (id <= 1424679))

table 3 : explain SELECT c FROM sbtest3 WHERE id BETWEEN 8031845 AND 8031944
	Index Scan using sbtest3_pkey on sbtest3  (cost=0.43..408.16 rows=104 width=121)
	  Index Cond: ((id >= 8031845) AND (id <= 8031944))

table 4 : explain SELECT c FROM sbtest4 WHERE id BETWEEN 5907389 AND 5907488
	Index Scan using sbtest4_pkey on sbtest4  (cost=0.43..407.82 rows=104 width=121)
	  Index Cond: ((id >= 5907389) AND (id <= 5907488))

table 5 : explain SELECT c FROM sbtest5 WHERE id BETWEEN 6662486 AND 6662585
	Index Scan using sbtest5_pkey on sbtest5  (cost=0.43..391.43 rows=100 width=121)
	  Index Cond: ((id >= 6662486) AND (id <= 6662585))

table 6 : explain SELECT c FROM sbtest6 WHERE id BETWEEN 3571849 AND 3571948
	Index Scan using sbtest6_pkey on sbtest6  (cost=0.43..373.53 rows=95 width=121)
	  Index Cond: ((id >= 3571849) AND (id <= 3571948))

table 7 : explain SELECT c FROM sbtest7 WHERE id BETWEEN 2406661 AND 2406760
	Index Scan using sbtest7_pkey on sbtest7  (cost=0.43..402.18 rows=103 width=121)
	  Index Cond: ((id >= 2406661) AND (id <= 2406760))

table 8 : explain SELECT c FROM sbtest8 WHERE id BETWEEN 3766847 AND 3766946
	Index Scan using sbtest8_pkey on sbtest8  (cost=0.43..350.72 rows=90 width=121)
	  Index Cond: ((id >= 3766847) AND (id <= 3766946))

explain: for point_selects :: explain SELECT c FROM sbtest%u WHERE id=%u
for: sum_ranges
table 1 : explain SELECT SUM(k) FROM sbtest1 WHERE id BETWEEN 4894865 AND 4894964
	Aggregate  (cost=405.91..405.92 rows=1 width=8)
	  ->  Index Scan using sbtest1_pkey on sbtest1  (cost=0.43..405.65 rows=103 width=4)
	        Index Cond: ((id >= 4894865) AND (id <= 4894964))

table 2 : explain SELECT SUM(k) FROM sbtest2 WHERE id BETWEEN 9227679 AND 9227778
	Aggregate  (cost=405.90..405.91 rows=1 width=8)
	  ->  Index Scan using sbtest2_pkey on sbtest2  (cost=0.43..405.64 rows=103 width=4)
	        Index Cond: ((id >= 9227679) AND (id <= 9227778))

table 3 : explain SELECT SUM(k) FROM sbtest3 WHERE id BETWEEN 4641771 AND 4641870
	Aggregate  (cost=369.57..369.58 rows=1 width=8)
	  ->  Index Scan using sbtest3_pkey on sbtest3  (cost=0.43..369.33 rows=94 width=4)
	        Index Cond: ((id >= 4641771) AND (id <= 4641870))

table 4 : explain SELECT SUM(k) FROM sbtest4 WHERE id BETWEEN 8449716 AND 8449815
	Aggregate  (cost=373.13..373.14 rows=1 width=8)
	  ->  Index Scan using sbtest4_pkey on sbtest4  (cost=0.43..372.90 rows=95 width=4)
	        Index Cond: ((id >= 8449716) AND (id <= 8449815))

table 5 : explain SELECT SUM(k) FROM sbtest5 WHERE id BETWEEN 2509722 AND 2509821
	Aggregate  (cost=418.77..418.78 rows=1 width=8)
	  ->  Index Scan using sbtest5_pkey on sbtest5  (cost=0.43..418.50 rows=107 width=4)
	        Index Cond: ((id >= 2509722) AND (id <= 2509821))

table 6 : explain SELECT SUM(k) FROM sbtest6 WHERE id BETWEEN 8721040 AND 8721139
	Aggregate  (cost=362.11..362.12 rows=1 width=8)
	  ->  Index Scan using sbtest6_pkey on sbtest6  (cost=0.43..361.88 rows=92 width=4)
	        Index Cond: ((id >= 8721040) AND (id <= 8721139))

table 7 : explain SELECT SUM(k) FROM sbtest7 WHERE id BETWEEN 9521893 AND 9521992
	Aggregate  (cost=336.76..336.77 rows=1 width=8)
	  ->  Index Scan using sbtest7_pkey on sbtest7  (cost=0.43..336.54 rows=86 width=4)
	        Index Cond: ((id >= 9521893) AND (id <= 9521992))

table 8 : explain SELECT SUM(k) FROM sbtest8 WHERE id BETWEEN 1941644 AND 1941743
	Aggregate  (cost=377.92..377.93 rows=1 width=8)
	  ->  Index Scan using sbtest8_pkey on sbtest8  (cost=0.43..377.67 rows=97 width=4)
	        Index Cond: ((id >= 1941644) AND (id <= 1941743))

explain: for point_selects :: explain SELECT c FROM sbtest%u WHERE id=%u
for point_selects
table 1 : explain SELECT c FROM sbtest1 WHERE id=9255735
	Index Scan using sbtest1_pkey on sbtest1  (cost=0.43..8.45 rows=1 width=121)
	  Index Cond: (id = 9255735)

table 2 : explain SELECT c FROM sbtest2 WHERE id=4101646
	Index Scan using sbtest2_pkey on sbtest2  (cost=0.43..8.45 rows=1 width=121)
	  Index Cond: (id = 4101646)

table 3 : explain SELECT c FROM sbtest3 WHERE id=3012952
	Index Scan using sbtest3_pkey on sbtest3  (cost=0.43..8.45 rows=1 width=121)
	  Index Cond: (id = 3012952)

table 4 : explain SELECT c FROM sbtest4 WHERE id=2509900
	Index Scan using sbtest4_pkey on sbtest4  (cost=0.43..8.45 rows=1 width=121)
	  Index Cond: (id = 2509900)

table 5 : explain SELECT c FROM sbtest5 WHERE id=8501537
	Index Scan using sbtest5_pkey on sbtest5  (cost=0.43..8.45 rows=1 width=121)
	  Index Cond: (id = 8501537)

table 6 : explain SELECT c FROM sbtest6 WHERE id=8767072
	Index Scan using sbtest6_pkey on sbtest6  (cost=0.43..8.45 rows=1 width=121)
	  Index Cond: (id = 8767072)

table 7 : explain SELECT c FROM sbtest7 WHERE id=7863134
	Index Scan using sbtest7_pkey on sbtest7  (cost=0.43..8.45 rows=1 width=121)
	  Index Cond: (id = 7863134)

table 8 : explain SELECT c FROM sbtest8 WHERE id=8602229
	Index Scan using sbtest8_pkey on sbtest8  (cost=0.43..8.45 rows=1 width=121)
	  Index Cond: (id = 8602229)

for point_selects
table 1 : explain SELECT c FROM sbtest1 WHERE id=5149451
	Index Scan using sbtest1_pkey on sbtest1  (cost=0.43..8.45 rows=1 width=121)
	  Index Cond: (id = 5149451)

table 2 : explain SELECT c FROM sbtest2 WHERE id=8793179
	Index Scan using sbtest2_pkey on sbtest2  (cost=0.43..8.45 rows=1 width=121)
	  Index Cond: (id = 8793179)

table 3 : explain SELECT c FROM sbtest3 WHERE id=8863716
	Index Scan using sbtest3_pkey on sbtest3  (cost=0.43..8.45 rows=1 width=121)
	  Index Cond: (id = 8863716)

table 4 : explain SELECT c FROM sbtest4 WHERE id=3728311
	Index Scan using sbtest4_pkey on sbtest4  (cost=0.43..8.45 rows=1 width=121)
	  Index Cond: (id = 3728311)

table 5 : explain SELECT c FROM sbtest5 WHERE id=297948
	Index Scan using sbtest5_pkey on sbtest5  (cost=0.43..8.45 rows=1 width=121)
	  Index Cond: (id = 297948)

table 6 : explain SELECT c FROM sbtest6 WHERE id=8138554
	Index Scan using sbtest6_pkey on sbtest6  (cost=0.43..8.45 rows=1 width=121)
	  Index Cond: (id = 8138554)

table 7 : explain SELECT c FROM sbtest7 WHERE id=9924248
	Index Scan using sbtest7_pkey on sbtest7  (cost=0.43..8.45 rows=1 width=121)
	  Index Cond: (id = 9924248)

table 8 : explain SELECT c FROM sbtest8 WHERE id=2809084
	Index Scan using sbtest8_pkey on sbtest8  (cost=0.43..8.45 rows=1 width=121)
	  Index Cond: (id = 2809084)

for point_selects
table 1 : explain SELECT c FROM sbtest1 WHERE id=1972563
	Index Scan using sbtest1_pkey on sbtest1  (cost=0.43..8.45 rows=1 width=121)
	  Index Cond: (id = 1972563)

table 2 : explain SELECT c FROM sbtest2 WHERE id=8021436
	Index Scan using sbtest2_pkey on sbtest2  (cost=0.43..8.45 rows=1 width=121)
	  Index Cond: (id = 8021436)

table 3 : explain SELECT c FROM sbtest3 WHERE id=2284026
	Index Scan using sbtest3_pkey on sbtest3  (cost=0.43..8.45 rows=1 width=121)
	  Index Cond: (id = 2284026)

table 4 : explain SELECT c FROM sbtest4 WHERE id=3381240
	Index Scan using sbtest4_pkey on sbtest4  (cost=0.43..8.45 rows=1 width=121)
	  Index Cond: (id = 3381240)

table 5 : explain SELECT c FROM sbtest5 WHERE id=4516592
	Index Scan using sbtest5_pkey on sbtest5  (cost=0.43..8.45 rows=1 width=121)
	  Index Cond: (id = 4516592)

table 6 : explain SELECT c FROM sbtest6 WHERE id=419332
	Index Scan using sbtest6_pkey on sbtest6  (cost=0.43..8.45 rows=1 width=121)
	  Index Cond: (id = 419332)

table 7 : explain SELECT c FROM sbtest7 WHERE id=7616519
	Index Scan using sbtest7_pkey on sbtest7  (cost=0.43..8.45 rows=1 width=121)
	  Index Cond: (id = 7616519)

table 8 : explain SELECT c FROM sbtest8 WHERE id=1945152
	Index Scan using sbtest8_pkey on sbtest8  (cost=0.43..8.45 rows=1 width=121)
	  Index Cond: (id = 1945152)

for: simple_ranges
table 1 : explain SELECT c FROM sbtest1 WHERE id BETWEEN 3002723 AND 3002822
	Index Scan using sbtest1_pkey on sbtest1  (cost=0.43..366.69 rows=93 width=121)
	  Index Cond: ((id >= 3002723) AND (id <= 3002822))

table 2 : explain SELECT c FROM sbtest2 WHERE id BETWEEN 7854597 AND 7854696
	Index Scan using sbtest2_pkey on sbtest2  (cost=0.43..401.74 rows=102 width=121)
	  Index Cond: ((id >= 7854597) AND (id <= 7854696))

table 3 : explain SELECT c FROM sbtest3 WHERE id BETWEEN 3233641 AND 3233740
	Index Scan using sbtest3_pkey on sbtest3  (cost=0.43..396.53 rows=101 width=121)
	  Index Cond: ((id >= 3233641) AND (id <= 3233740))

table 4 : explain SELECT c FROM sbtest4 WHERE id BETWEEN 6836697 AND 6836796
	Index Scan using sbtest4_pkey on sbtest4  (cost=0.43..388.44 rows=99 width=121)
	  Index Cond: ((id >= 6836697) AND (id <= 6836796))

table 5 : explain SELECT c FROM sbtest5 WHERE id BETWEEN 479329 AND 479428
	Index Scan using sbtest5_pkey on sbtest5  (cost=0.43..383.70 rows=98 width=121)
	  Index Cond: ((id >= 479329) AND (id <= 479428))

table 6 : explain SELECT c FROM sbtest6 WHERE id BETWEEN 3273874 AND 3273973
	Index Scan using sbtest6_pkey on sbtest6  (cost=0.43..369.65 rows=94 width=121)
	  Index Cond: ((id >= 3273874) AND (id <= 3273973))

table 7 : explain SELECT c FROM sbtest7 WHERE id BETWEEN 2854907 AND 2855006
	Index Scan using sbtest7_pkey on sbtest7  (cost=0.43..340.40 rows=87 width=121)
	  Index Cond: ((id >= 2854907) AND (id <= 2855006))

table 8 : explain SELECT c FROM sbtest8 WHERE id BETWEEN 126828 AND 126927
	Index Scan using sbtest8_pkey on sbtest8  (cost=0.43..366.10 rows=94 width=121)
	  Index Cond: ((id >= 126828) AND (id <= 126927))

for point_selects
table 1 : explain SELECT c FROM sbtest1 WHERE id=6764906
	Index Scan using sbtest1_pkey on sbtest1  (cost=0.43..8.45 rows=1 width=121)
	  Index Cond: (id = 6764906)

table 2 : explain SELECT c FROM sbtest2 WHERE id=5689504
	Index Scan using sbtest2_pkey on sbtest2  (cost=0.43..8.45 rows=1 width=121)
	  Index Cond: (id = 5689504)

table 3 : explain SELECT c FROM sbtest3 WHERE id=9688810
	Index Scan using sbtest3_pkey on sbtest3  (cost=0.43..8.45 rows=1 width=121)
	  Index Cond: (id = 9688810)

table 4 : explain SELECT c FROM sbtest4 WHERE id=1821210
	Index Scan using sbtest4_pkey on sbtest4  (cost=0.43..8.45 rows=1 width=121)
	  Index Cond: (id = 1821210)

table 5 : explain SELECT c FROM sbtest5 WHERE id=3530613
	Index Scan using sbtest5_pkey on sbtest5  (cost=0.43..8.45 rows=1 width=121)
	  Index Cond: (id = 3530613)

table 6 : explain SELECT c FROM sbtest6 WHERE id=6108705
	Index Scan using sbtest6_pkey on sbtest6  (cost=0.43..8.45 rows=1 width=121)
	  Index Cond: (id = 6108705)

table 7 : explain SELECT c FROM sbtest7 WHERE id=2971015
	Index Scan using sbtest7_pkey on sbtest7  (cost=0.43..8.45 rows=1 width=121)
	  Index Cond: (id = 2971015)

table 8 : explain SELECT c FROM sbtest8 WHERE id=5874902
	Index Scan using sbtest8_pkey on sbtest8  (cost=0.43..8.45 rows=1 width=121)
	  Index Cond: (id = 5874902)

for: simple_ranges
table 1 : explain SELECT c FROM sbtest1 WHERE id BETWEEN 733755 AND 733854
	Index Scan using sbtest1_pkey on sbtest1  (cost=0.43..432.91 rows=110 width=121)
	  Index Cond: ((id >= 733755) AND (id <= 733854))

table 2 : explain SELECT c FROM sbtest2 WHERE id BETWEEN 6231085 AND 6231184
	Index Scan using sbtest2_pkey on sbtest2  (cost=0.43..397.85 rows=101 width=121)
	  Index Cond: ((id >= 6231085) AND (id <= 6231184))

table 3 : explain SELECT c FROM sbtest3 WHERE id BETWEEN 3379208 AND 3379307
	Index Scan using sbtest3_pkey on sbtest3  (cost=0.43..415.92 rows=106 width=121)
	  Index Cond: ((id >= 3379208) AND (id <= 3379307))

table 4 : explain SELECT c FROM sbtest4 WHERE id BETWEEN 8591009 AND 8591108
	Index Scan using sbtest4_pkey on sbtest4  (cost=0.43..388.44 rows=99 width=121)
	  Index Cond: ((id >= 8591009) AND (id <= 8591108))

table 5 : explain SELECT c FROM sbtest5 WHERE id BETWEEN 5706271 AND 5706370
	Index Scan using sbtest5_pkey on sbtest5  (cost=0.43..406.90 rows=104 width=121)
	  Index Cond: ((id >= 5706271) AND (id <= 5706370))

table 6 : explain SELECT c FROM sbtest6 WHERE id BETWEEN 3774612 AND 3774711
	Index Scan using sbtest6_pkey on sbtest6  (cost=0.43..385.18 rows=98 width=121)
	  Index Cond: ((id >= 3774612) AND (id <= 3774711))

table 7 : explain SELECT c FROM sbtest7 WHERE id BETWEEN 9118355 AND 9118454
	Index Scan using sbtest7_pkey on sbtest7  (cost=0.43..390.61 rows=100 width=121)
	  Index Cond: ((id >= 9118355) AND (id <= 9118454))

table 8 : explain SELECT c FROM sbtest8 WHERE id BETWEEN 3574139 AND 3574238
	Index Scan using sbtest8_pkey on sbtest8  (cost=0.43..431.50 rows=111 width=121)
	  Index Cond: ((id >= 3574139) AND (id <= 3574238))

for: simple_ranges
table 1 : explain SELECT c FROM sbtest1 WHERE id BETWEEN 7866369 AND 7866468
	Index Scan using sbtest1_pkey on sbtest1  (cost=0.43..390.05 rows=99 width=121)
	  Index Cond: ((id >= 7866369) AND (id <= 7866468))

table 2 : explain SELECT c FROM sbtest2 WHERE id BETWEEN 6191730 AND 6191829
	Index Scan using sbtest2_pkey on sbtest2  (cost=0.43..397.85 rows=101 width=121)
	  Index Cond: ((id >= 6191730) AND (id <= 6191829))

table 3 : explain SELECT c FROM sbtest3 WHERE id BETWEEN 3575021 AND 3575120
	Index Scan using sbtest3_pkey on sbtest3  (cost=0.43..392.65 rows=100 width=121)
	  Index Cond: ((id >= 3575021) AND (id <= 3575120))

table 4 : explain SELECT c FROM sbtest4 WHERE id BETWEEN 5507597 AND 5507696
	Index Scan using sbtest4_pkey on sbtest4  (cost=0.43..403.94 rows=103 width=121)
	  Index Cond: ((id >= 5507597) AND (id <= 5507696))

table 5 : explain SELECT c FROM sbtest5 WHERE id BETWEEN 536659 AND 536758
	Index Scan using sbtest5_pkey on sbtest5  (cost=0.43..372.06 rows=95 width=121)
	  Index Cond: ((id >= 536659) AND (id <= 536758))

table 6 : explain SELECT c FROM sbtest6 WHERE id BETWEEN 8566570 AND 8566669
	Index Scan using sbtest6_pkey on sbtest6  (cost=0.43..377.41 rows=96 width=121)
	  Index Cond: ((id >= 8566570) AND (id <= 8566669))

table 7 : explain SELECT c FROM sbtest7 WHERE id BETWEEN 3364583 AND 3364682
	Index Scan using sbtest7_pkey on sbtest7  (cost=0.43..398.33 rows=102 width=121)
	  Index Cond: ((id >= 3364583) AND (id <= 3364682))

table 8 : explain SELECT c FROM sbtest8 WHERE id BETWEEN 6087649 AND 6087748
	Index Scan using sbtest8_pkey on sbtest8  (cost=0.43..396.90 rows=102 width=121)
	  Index Cond: ((id >= 6087649) AND (id <= 6087748))

for: sum_ranges
table 1 : explain SELECT SUM(k) FROM sbtest1 WHERE id BETWEEN 7903138 AND 7903237
	Aggregate  (cost=378.61..378.62 rows=1 width=8)
	  ->  Index Scan using sbtest1_pkey on sbtest1  (cost=0.43..378.37 rows=96 width=4)
	        Index Cond: ((id >= 7903138) AND (id <= 7903237))

table 2 : explain SELECT SUM(k) FROM sbtest2 WHERE id BETWEEN 7165684 AND 7165783
	Aggregate  (cost=402.00..402.01 rows=1 width=8)
	  ->  Index Scan using sbtest2_pkey on sbtest2  (cost=0.43..401.74 rows=102 width=4)
	        Index Cond: ((id >= 7165684) AND (id <= 7165783))

table 3 : explain SELECT SUM(k) FROM sbtest3 WHERE id BETWEEN 3609206 AND 3609305
	Aggregate  (cost=365.69..365.70 rows=1 width=8)
	  ->  Index Scan using sbtest3_pkey on sbtest3  (cost=0.43..365.45 rows=93 width=4)
	        Index Cond: ((id >= 3609206) AND (id <= 3609305))

table 4 : explain SELECT SUM(k) FROM sbtest4 WHERE id BETWEEN 383985 AND 384084
	Aggregate  (cost=380.89..380.90 rows=1 width=8)
	  ->  Index Scan using sbtest4_pkey on sbtest4  (cost=0.43..380.65 rows=97 width=4)
	        Index Cond: ((id >= 383985) AND (id <= 384084))

table 5 : explain SELECT SUM(k) FROM sbtest5 WHERE id BETWEEN 5880655 AND 5880754
	Aggregate  (cost=399.42..399.43 rows=1 width=8)
	  ->  Index Scan using sbtest5_pkey on sbtest5  (cost=0.43..399.17 rows=102 width=4)
	        Index Cond: ((id >= 5880655) AND (id <= 5880754))

table 6 : explain SELECT SUM(k) FROM sbtest6 WHERE id BETWEEN 4966854 AND 4966953
	Aggregate  (cost=377.65..377.66 rows=1 width=8)
	  ->  Index Scan using sbtest6_pkey on sbtest6  (cost=0.43..377.41 rows=96 width=4)
	        Index Cond: ((id >= 4966854) AND (id <= 4966953))

table 7 : explain SELECT SUM(k) FROM sbtest7 WHERE id BETWEEN 5935794 AND 5935893
	Aggregate  (cost=414.03..414.04 rows=1 width=8)
	  ->  Index Scan using sbtest7_pkey on sbtest7  (cost=0.43..413.76 rows=106 width=4)
	        Index Cond: ((id >= 5935794) AND (id <= 5935893))

table 8 : explain SELECT SUM(k) FROM sbtest8 WHERE id BETWEEN 9740404 AND 9740503
	Aggregate  (cost=377.92..377.93 rows=1 width=8)
	  ->  Index Scan using sbtest8_pkey on sbtest8  (cost=0.43..377.67 rows=97 width=4)
	        Index Cond: ((id >= 9740404) AND (id <= 9740503))

for: simple_ranges
table 1 : explain SELECT c FROM sbtest1 WHERE id BETWEEN 119861 AND 119960
	Index Scan using sbtest1_pkey on sbtest1  (cost=0.43..390.05 rows=99 width=121)
	  Index Cond: ((id >= 119861) AND (id <= 119960))

table 2 : explain SELECT c FROM sbtest2 WHERE id BETWEEN 2442378 AND 2442477
	Index Scan using sbtest2_pkey on sbtest2  (cost=0.43..374.46 rows=95 width=121)
	  Index Cond: ((id >= 2442378) AND (id <= 2442477))

table 3 : explain SELECT c FROM sbtest3 WHERE id BETWEEN 252227 AND 252326
	Index Scan using sbtest3_pkey on sbtest3  (cost=0.43..408.16 rows=104 width=121)
	  Index Cond: ((id >= 252227) AND (id <= 252326))

table 4 : explain SELECT c FROM sbtest4 WHERE id BETWEEN 7484052 AND 7484151
	Index Scan using sbtest4_pkey on sbtest4  (cost=0.43..400.07 rows=102 width=121)
	  Index Cond: ((id >= 7484052) AND (id <= 7484151))

table 5 : explain SELECT c FROM sbtest5 WHERE id BETWEEN 6479225 AND 6479324
	Index Scan using sbtest5_pkey on sbtest5  (cost=0.43..383.70 rows=98 width=121)
	  Index Cond: ((id >= 6479225) AND (id <= 6479324))

table 6 : explain SELECT c FROM sbtest6 WHERE id BETWEEN 9516796 AND 9516895
	Index Scan using sbtest6_pkey on sbtest6  (cost=0.43..385.21 rows=98 width=121)
	  Index Cond: ((id >= 9516796) AND (id <= 9516895))

table 7 : explain SELECT c FROM sbtest7 WHERE id BETWEEN 222561 AND 222660
	Index Scan using sbtest7_pkey on sbtest7  (cost=0.43..413.76 rows=106 width=121)
	  Index Cond: ((id >= 222561) AND (id <= 222660))

table 8 : explain SELECT c FROM sbtest8 WHERE id BETWEEN 8922360 AND 8922459
	Index Scan using sbtest8_pkey on sbtest8  (cost=0.43..400.74 rows=103 width=121)
	  Index Cond: ((id >= 8922360) AND (id <= 8922459))

explain: for point_selects :: explain SELECT c FROM sbtest%u WHERE id=%u
for: order_ranges
table 1 : explain SELECT c FROM sbtest1 WHERE id BETWEEN 132887 AND 132986 ORDER BY c
	Sort  (cost=393.33..393.58 rows=99 width=121)
	  Sort Key: c
	  ->  Index Scan using sbtest1_pkey on sbtest1  (cost=0.43..390.05 rows=99 width=121)
	        Index Cond: ((id >= 132887) AND (id <= 132986))

table 2 : explain SELECT c FROM sbtest2 WHERE id BETWEEN 7984722 AND 7984821 ORDER BY c
	Sort  (cost=393.32..393.56 rows=99 width=121)
	  Sort Key: c
	  ->  Index Scan using sbtest2_pkey on sbtest2  (cost=0.43..390.03 rows=99 width=121)
	        Index Cond: ((id >= 7984722) AND (id <= 7984821))

table 3 : explain SELECT c FROM sbtest3 WHERE id BETWEEN 6031061 AND 6031160 ORDER BY c
	Sort  (cost=403.81..404.06 rows=102 width=121)
	  Sort Key: c
	  ->  Index Scan using sbtest3_pkey on sbtest3  (cost=0.43..400.41 rows=102 width=121)
	        Index Cond: ((id >= 6031061) AND (id <= 6031160))

table 4 : explain SELECT c FROM sbtest4 WHERE id BETWEEN 146102 AND 146201 ORDER BY c
	Sort  (cost=411.30..411.56 rows=104 width=121)
	  Sort Key: c
	  ->  Index Scan using sbtest4_pkey on sbtest4  (cost=0.43..407.82 rows=104 width=121)
	        Index Cond: ((id >= 146102) AND (id <= 146201))

table 5 : explain SELECT c FROM sbtest5 WHERE id BETWEEN 5940626 AND 5940725 ORDER BY c
	Sort  (cost=402.57..402.82 rows=102 width=121)
	  Sort Key: c
	  ->  Index Scan using sbtest5_pkey on sbtest5  (cost=0.43..399.17 rows=102 width=121)
	        Index Cond: ((id >= 5940626) AND (id <= 5940725))

table 6 : explain SELECT c FROM sbtest6 WHERE id BETWEEN 1778212 AND 1778311 ORDER BY c
	Sort  (cost=360.96..361.18 rows=91 width=121)
	  Sort Key: c
	  ->  Index Scan using sbtest6_pkey on sbtest6  (cost=0.43..358.00 rows=91 width=121)
	        Index Cond: ((id >= 1778212) AND (id <= 1778311))

table 7 : explain SELECT c FROM sbtest7 WHERE id BETWEEN 4612999 AND 4613098 ORDER BY c
	Sort  (cost=378.29..378.53 rows=96 width=121)
	  Sort Key: c
	  ->  Index Scan using sbtest7_pkey on sbtest7  (cost=0.43..375.13 rows=96 width=121)
	        Index Cond: ((id >= 4612999) AND (id <= 4613098))

table 8 : explain SELECT c FROM sbtest8 WHERE id BETWEEN 7178564 AND 7178663 ORDER BY c
	Sort  (cost=380.88..381.12 rows=97 width=121)
	  Sort Key: c
	  ->  Index Scan using sbtest8_pkey on sbtest8  (cost=0.43..377.67 rows=97 width=121)
	        Index Cond: ((id >= 7178564) AND (id <= 7178663))

for: sum_ranges
table 1 : explain SELECT SUM(k) FROM sbtest1 WHERE id BETWEEN 9385723 AND 9385822
	Aggregate  (cost=413.70..413.71 rows=1 width=8)
	  ->  Index Scan using sbtest1_pkey on sbtest1  (cost=0.43..413.44 rows=105 width=4)
	        Index Cond: ((id >= 9385723) AND (id <= 9385822))

table 2 : explain SELECT SUM(k) FROM sbtest2 WHERE id BETWEEN 7599775 AND 7599874
	Aggregate  (cost=417.58..417.59 rows=1 width=8)
	  ->  Index Scan using sbtest2_pkey on sbtest2  (cost=0.43..417.32 rows=106 width=4)
	        Index Cond: ((id >= 7599775) AND (id <= 7599874))

table 3 : explain SELECT SUM(k) FROM sbtest3 WHERE id BETWEEN 2302367 AND 2302466
	Aggregate  (cost=412.31..412.32 rows=1 width=8)
	  ->  Index Scan using sbtest3_pkey on sbtest3  (cost=0.43..412.04 rows=105 width=4)
	        Index Cond: ((id >= 2302367) AND (id <= 2302466))

table 4 : explain SELECT SUM(k) FROM sbtest4 WHERE id BETWEEN 8027819 AND 8027918
	Aggregate  (cost=392.56..392.57 rows=1 width=8)
	  ->  Index Scan using sbtest4_pkey on sbtest4  (cost=0.43..392.31 rows=100 width=4)
	        Index Cond: ((id >= 8027819) AND (id <= 8027918))

table 5 : explain SELECT SUM(k) FROM sbtest5 WHERE id BETWEEN 7586188 AND 7586287
	Aggregate  (cost=364.55..364.56 rows=1 width=8)
	  ->  Index Scan using sbtest5_pkey on sbtest5  (cost=0.43..364.32 rows=93 width=4)
	        Index Cond: ((id >= 7586188) AND (id <= 7586287))

table 6 : explain SELECT SUM(k) FROM sbtest6 WHERE id BETWEEN 6378327 AND 6378426
	Aggregate  (cost=424.31..424.32 rows=1 width=8)
	  ->  Index Scan using sbtest6_pkey on sbtest6  (cost=0.43..424.04 rows=108 width=4)
	        Index Cond: ((id >= 6378327) AND (id <= 6378426))

table 7 : explain SELECT SUM(k) FROM sbtest7 WHERE id BETWEEN 1633708 AND 1633807
	Aggregate  (cost=390.86..390.87 rows=1 width=8)
	  ->  Index Scan using sbtest7_pkey on sbtest7  (cost=0.43..390.61 rows=100 width=4)
	        Index Cond: ((id >= 1633708) AND (id <= 1633807))

table 8 : explain SELECT SUM(k) FROM sbtest8 WHERE id BETWEEN 2079758 AND 2079857
	Aggregate  (cost=408.69..408.70 rows=1 width=8)
	  ->  Index Scan using sbtest8_pkey on sbtest8  (cost=0.43..408.43 rows=105 width=4)
	        Index Cond: ((id >= 2079758) AND (id <= 2079857))

for: sum_ranges
table 1 : explain SELECT SUM(k) FROM sbtest1 WHERE id BETWEEN 3607609 AND 3607708
	Aggregate  (cost=409.81..409.82 rows=1 width=8)
	  ->  Index Scan using sbtest1_pkey on sbtest1  (cost=0.43..409.55 rows=104 width=4)
	        Index Cond: ((id >= 3607609) AND (id <= 3607708))

table 2 : explain SELECT SUM(k) FROM sbtest2 WHERE id BETWEEN 9880063 AND 9880162
	Aggregate  (cost=370.80..370.81 rows=1 width=8)
	  ->  Index Scan using sbtest2_pkey on sbtest2  (cost=0.43..370.57 rows=94 width=4)
	        Index Cond: ((id >= 9880063) AND (id <= 9880162))

table 3 : explain SELECT SUM(k) FROM sbtest3 WHERE id BETWEEN 4731436 AND 4731535
	Aggregate  (cost=404.54..404.55 rows=1 width=8)
	  ->  Index Scan using sbtest3_pkey on sbtest3  (cost=0.43..404.28 rows=103 width=4)
	        Index Cond: ((id >= 4731436) AND (id <= 4731535))

table 4 : explain SELECT SUM(k) FROM sbtest4 WHERE id BETWEEN 4417813 AND 4417912
	Aggregate  (cost=353.74..353.75 rows=1 width=8)
	  ->  Index Scan using sbtest4_pkey on sbtest4  (cost=0.43..353.51 rows=90 width=4)
	        Index Cond: ((id >= 4417813) AND (id <= 4417912))

table 5 : explain SELECT SUM(k) FROM sbtest5 WHERE id BETWEEN 8185116 AND 8185215
	Aggregate  (cost=380.03..380.04 rows=1 width=8)
	  ->  Index Scan using sbtest5_pkey on sbtest5  (cost=0.43..379.79 rows=97 width=4)
	        Index Cond: ((id >= 8185116) AND (id <= 8185215))

table 6 : explain SELECT SUM(k) FROM sbtest6 WHERE id BETWEEN 3158820 AND 3158919
	Aggregate  (cost=416.54..416.55 rows=1 width=8)
	  ->  Index Scan using sbtest6_pkey on sbtest6  (cost=0.43..416.28 rows=106 width=4)
	        Index Cond: ((id >= 3158820) AND (id <= 3158919))

table 7 : explain SELECT SUM(k) FROM sbtest7 WHERE id BETWEEN 511118 AND 511217
	Aggregate  (cost=398.58..398.59 rows=1 width=8)
	  ->  Index Scan using sbtest7_pkey on sbtest7  (cost=0.43..398.33 rows=102 width=4)
	        Index Cond: ((id >= 511118) AND (id <= 511217))

table 8 : explain SELECT SUM(k) FROM sbtest8 WHERE id BETWEEN 6904442 AND 6904541
	Aggregate  (cost=389.46..389.47 rows=1 width=8)
	  ->  Index Scan using sbtest8_pkey on sbtest8  (cost=0.43..389.21 rows=100 width=4)
	        Index Cond: ((id >= 6904442) AND (id <= 6904541))

for: sum_ranges
table 1 : explain SELECT SUM(k) FROM sbtest1 WHERE id BETWEEN 8969564 AND 8969663
	Aggregate  (cost=386.40..386.41 rows=1 width=8)
	  ->  Index Scan using sbtest1_pkey on sbtest1  (cost=0.43..386.16 rows=98 width=4)
	        Index Cond: ((id >= 8969564) AND (id <= 8969663))

table 2 : explain SELECT SUM(k) FROM sbtest2 WHERE id BETWEEN 5135783 AND 5135882
	Aggregate  (cost=347.43..347.44 rows=1 width=8)
	  ->  Index Scan using sbtest2_pkey on sbtest2  (cost=0.43..347.21 rows=88 width=4)
	        Index Cond: ((id >= 5135783) AND (id <= 5135882))

table 3 : explain SELECT SUM(k) FROM sbtest3 WHERE id BETWEEN 8297439 AND 8297538
	Aggregate  (cost=369.57..369.58 rows=1 width=8)
	  ->  Index Scan using sbtest3_pkey on sbtest3  (cost=0.43..369.33 rows=94 width=4)
	        Index Cond: ((id >= 8297439) AND (id <= 8297538))

table 4 : explain SELECT SUM(k) FROM sbtest4 WHERE id BETWEEN 6522988 AND 6523087
	Aggregate  (cost=396.44..396.45 rows=1 width=8)
	  ->  Index Scan using sbtest4_pkey on sbtest4  (cost=0.43..396.19 rows=101 width=4)
	        Index Cond: ((id >= 6522988) AND (id <= 6523087))

table 5 : explain SELECT SUM(k) FROM sbtest5 WHERE id BETWEEN 7226271 AND 7226370
	Aggregate  (cost=387.81..387.82 rows=1 width=8)
	  ->  Index Scan using sbtest5_pkey on sbtest5  (cost=0.43..387.56 rows=99 width=4)
	        Index Cond: ((id >= 7226271) AND (id <= 7226370))

table 6 : explain SELECT SUM(k) FROM sbtest6 WHERE id BETWEEN 5963137 AND 5963236
	Aggregate  (cost=385.46..385.47 rows=1 width=8)
	  ->  Index Scan using sbtest6_pkey on sbtest6  (cost=0.43..385.21 rows=98 width=4)
	        Index Cond: ((id >= 5963137) AND (id <= 5963236))

table 7 : explain SELECT SUM(k) FROM sbtest7 WHERE id BETWEEN 3670508 AND 3670607
	Aggregate  (cost=406.30..406.31 rows=1 width=8)
	  ->  Index Scan using sbtest7_pkey on sbtest7  (cost=0.43..406.04 rows=104 width=4)
	        Index Cond: ((id >= 3670508) AND (id <= 3670607))

table 8 : explain SELECT SUM(k) FROM sbtest8 WHERE id BETWEEN 1411554 AND 1411653
	Aggregate  (cost=404.85..404.86 rows=1 width=8)
	  ->  Index Scan using sbtest8_pkey on sbtest8  (cost=0.43..404.59 rows=104 width=4)
	        Index Cond: ((id >= 1411554) AND (id <= 1411653))

for point_selects
table 1 : explain SELECT c FROM sbtest1 WHERE id=2676946
	Index Scan using sbtest1_pkey on sbtest1  (cost=0.43..8.45 rows=1 width=121)
	  Index Cond: (id = 2676946)

table 2 : explain SELECT c FROM sbtest2 WHERE id=1516477
	Index Scan using sbtest2_pkey on sbtest2  (cost=0.43..8.45 rows=1 width=121)
	  Index Cond: (id = 1516477)

table 3 : explain SELECT c FROM sbtest3 WHERE id=7667555
	Index Scan using sbtest3_pkey on sbtest3  (cost=0.43..8.45 rows=1 width=121)
	  Index Cond: (id = 7667555)

table 4 : explain SELECT c FROM sbtest4 WHERE id=6339572
	Index Scan using sbtest4_pkey on sbtest4  (cost=0.43..8.45 rows=1 width=121)
	  Index Cond: (id = 6339572)

table 5 : explain SELECT c FROM sbtest5 WHERE id=270368
	Index Scan using sbtest5_pkey on sbtest5  (cost=0.43..8.45 rows=1 width=121)
	  Index Cond: (id = 270368)

table 6 : explain SELECT c FROM sbtest6 WHERE id=1397166
	Index Scan using sbtest6_pkey on sbtest6  (cost=0.43..8.45 rows=1 width=121)
	  Index Cond: (id = 1397166)

table 7 : explain SELECT c FROM sbtest7 WHERE id=8710063
	Index Scan using sbtest7_pkey on sbtest7  (cost=0.43..8.45 rows=1 width=121)
	  Index Cond: (id = 8710063)

table 8 : explain SELECT c FROM sbtest8 WHERE id=2069042
	Index Scan using sbtest8_pkey on sbtest8  (cost=0.43..8.45 rows=1 width=121)
	  Index Cond: (id = 2069042)

explain: for point_selects :: explain SELECT c FROM sbtest%u WHERE id=%u
for: distinct_ranges
table 1 : explain SELECT DISTINCT c FROM sbtest1 WHERE id BETWEEN 1422254 AND 1422353 ORDER BY c
	Unique  (cost=444.51..445.07 rows=112 width=121)
	  ->  Sort  (cost=444.51..444.79 rows=112 width=121)
	        Sort Key: c
	        ->  Index Scan using sbtest1_pkey on sbtest1  (cost=0.43..440.69 rows=112 width=121)
	              Index Cond: ((id >= 1422254) AND (id <= 1422353))

table 2 : explain SELECT DISTINCT c FROM sbtest2 WHERE id BETWEEN 6226984 AND 6227083 ORDER BY c
	Unique  (cost=401.21..401.72 rows=101 width=121)
	  ->  Sort  (cost=401.21..401.47 rows=101 width=121)
	        Sort Key: c
	        ->  Index Scan using sbtest2_pkey on sbtest2  (cost=0.43..397.85 rows=101 width=121)
	              Index Cond: ((id >= 6226984) AND (id <= 6227083))

table 3 : explain SELECT DISTINCT c FROM sbtest3 WHERE id BETWEEN 3793939 AND 3794038 ORDER BY c
	Unique  (cost=395.97..396.47 rows=100 width=121)
	  ->  Sort  (cost=395.97..396.22 rows=100 width=121)
	        Sort Key: c
	        ->  Index Scan using sbtest3_pkey on sbtest3  (cost=0.43..392.65 rows=100 width=121)
	              Index Cond: ((id >= 3793939) AND (id <= 3794038))

table 4 : explain SELECT DISTINCT c FROM sbtest4 WHERE id BETWEEN 2725297 AND 2725396 ORDER BY c
	Unique  (cost=376.02..376.49 rows=95 width=121)
	  ->  Sort  (cost=376.02..376.25 rows=95 width=121)
	        Sort Key: c
	        ->  Index Scan using sbtest4_pkey on sbtest4  (cost=0.43..372.90 rows=95 width=121)
	              Index Cond: ((id >= 2725297) AND (id <= 2725396))

table 5 : explain SELECT DISTINCT c FROM sbtest5 WHERE id BETWEEN 7178529 AND 7178628 ORDER BY c
	Unique  (cost=390.85..391.34 rows=99 width=121)
	  ->  Sort  (cost=390.85..391.09 rows=99 width=121)
	        Sort Key: c
	        ->  Index Scan using sbtest5_pkey on sbtest5  (cost=0.43..387.56 rows=99 width=121)
	              Index Cond: ((id >= 7178529) AND (id <= 7178628))

table 6 : explain SELECT DISTINCT c FROM sbtest6 WHERE id BETWEEN 4178244 AND 4178343 ORDER BY c
	Unique  (cost=411.99..412.51 rows=104 width=121)
	  ->  Sort  (cost=411.99..412.25 rows=104 width=121)
	        Sort Key: c
	        ->  Index Scan using sbtest6_pkey on sbtest6  (cost=0.43..408.51 rows=104 width=121)
	              Index Cond: ((id >= 4178244) AND (id <= 4178343))

table 7 : explain SELECT DISTINCT c FROM sbtest7 WHERE id BETWEEN 23588 AND 23687 ORDER BY c
	Unique  (cost=401.73..402.24 rows=102 width=121)
	  ->  Sort  (cost=401.73..401.98 rows=102 width=121)
	        Sort Key: c
	        ->  Index Scan using sbtest7_pkey on sbtest7  (cost=0.43..398.33 rows=102 width=121)
	              Index Cond: ((id >= 23588) AND (id <= 23687))

table 8 : explain SELECT DISTINCT c FROM sbtest8 WHERE id BETWEEN 7764524 AND 7764623 ORDER BY c
	Unique  (cost=396.42..396.92 rows=101 width=121)
	  ->  Sort  (cost=396.42..396.67 rows=101 width=121)
	        Sort Key: c
	        ->  Index Scan using sbtest8_pkey on sbtest8  (cost=0.43..393.05 rows=101 width=121)
	              Index Cond: ((id >= 7764524) AND (id <= 7764623))

explain: for index_updates :: explain UPDATE sbtest%u SET k=k+1 WHERE id=%u
for: simple_ranges
table 1 : explain SELECT c FROM sbtest1 WHERE id BETWEEN 7356995 AND 7357094
	Index Scan using sbtest1_pkey on sbtest1  (cost=0.43..366.69 rows=93 width=121)
	  Index Cond: ((id >= 7356995) AND (id <= 7357094))

table 2 : explain SELECT c FROM sbtest2 WHERE id BETWEEN 247193 AND 247292
	Index Scan using sbtest2_pkey on sbtest2  (cost=0.43..390.03 rows=99 width=121)
	  Index Cond: ((id >= 247193) AND (id <= 247292))

table 3 : explain SELECT c FROM sbtest3 WHERE id BETWEEN 4341167 AND 4341266
	Index Scan using sbtest3_pkey on sbtest3  (cost=0.43..380.97 rows=97 width=121)
	  Index Cond: ((id >= 4341167) AND (id <= 4341266))

table 4 : explain SELECT c FROM sbtest4 WHERE id BETWEEN 3680624 AND 3680723
	Index Scan using sbtest4_pkey on sbtest4  (cost=0.43..353.51 rows=90 width=121)
	  Index Cond: ((id >= 3680624) AND (id <= 3680723))

table 5 : explain SELECT c FROM sbtest5 WHERE id BETWEEN 783738 AND 783837
	Index Scan using sbtest5_pkey on sbtest5  (cost=0.43..383.66 rows=98 width=121)
	  Index Cond: ((id >= 783738) AND (id <= 783837))

table 6 : explain SELECT c FROM sbtest6 WHERE id BETWEEN 6870750 AND 6870849
	Index Scan using sbtest6_pkey on sbtest6  (cost=0.43..389.09 rows=99 width=121)
	  Index Cond: ((id >= 6870750) AND (id <= 6870849))

table 7 : explain SELECT c FROM sbtest7 WHERE id BETWEEN 3921862 AND 3921961
	Index Scan using sbtest7_pkey on sbtest7  (cost=0.43..402.18 rows=103 width=121)
	  Index Cond: ((id >= 3921862) AND (id <= 3921961))

table 8 : explain SELECT c FROM sbtest8 WHERE id BETWEEN 5620316 AND 5620415
	Index Scan using sbtest8_pkey on sbtest8  (cost=0.43..396.90 rows=102 width=121)
	  Index Cond: ((id >= 5620316) AND (id <= 5620415))

for: order_ranges
table 1 : explain SELECT c FROM sbtest1 WHERE id BETWEEN 3840229 AND 3840328 ORDER BY c
	Sort  (cost=385.46..385.71 rows=97 width=121)
	  Sort Key: c
	  ->  Index Scan using sbtest1_pkey on sbtest1  (cost=0.43..382.26 rows=97 width=121)
	        Index Cond: ((id >= 3840229) AND (id <= 3840328))

table 2 : explain SELECT c FROM sbtest2 WHERE id BETWEEN 4845531 AND 4845630 ORDER BY c
	Sort  (cost=405.15..405.40 rows=102 width=121)
	  Sort Key: c
	  ->  Index Scan using sbtest2_pkey on sbtest2  (cost=0.43..401.74 rows=102 width=121)
	        Index Cond: ((id >= 4845531) AND (id <= 4845630))

table 3 : explain SELECT c FROM sbtest3 WHERE id BETWEEN 4269607 AND 4269706 ORDER BY c
	Sort  (cost=380.25..380.49 rows=96 width=121)
	  Sort Key: c
	  ->  Index Scan using sbtest3_pkey on sbtest3  (cost=0.43..377.09 rows=96 width=121)
	        Index Cond: ((id >= 4269607) AND (id <= 4269706))

table 4 : explain SELECT c FROM sbtest4 WHERE id BETWEEN 6613699 AND 6613798 ORDER BY c
	Sort  (cost=395.63..395.88 rows=100 width=121)
	  Sort Key: c
	  ->  Index Scan using sbtest4_pkey on sbtest4  (cost=0.43..392.31 rows=100 width=121)
	        Index Cond: ((id >= 6613699) AND (id <= 6613798))

table 5 : explain SELECT c FROM sbtest5 WHERE id BETWEEN 4011273 AND 4011372 ORDER BY c
	Sort  (cost=359.55..359.78 rows=91 width=121)
	  Sort Key: c
	  ->  Index Scan using sbtest5_pkey on sbtest5  (cost=0.43..356.59 rows=91 width=121)
	        Index Cond: ((id >= 4011273) AND (id <= 4011372))

table 6 : explain SELECT c FROM sbtest6 WHERE id BETWEEN 8568737 AND 8568836 ORDER BY c
	Sort  (cost=380.57..380.81 rows=96 width=121)
	  Sort Key: c
	  ->  Index Scan using sbtest6_pkey on sbtest6  (cost=0.43..377.41 rows=96 width=121)
	        Index Cond: ((id >= 8568737) AND (id <= 8568836))

table 7 : explain SELECT c FROM sbtest7 WHERE id BETWEEN 638738 AND 638837 ORDER BY c
	Sort  (cost=390.03..390.28 rows=99 width=121)
	  Sort Key: c
	  ->  Index Scan using sbtest7_pkey on sbtest7  (cost=0.43..386.75 rows=99 width=121)
	        Index Cond: ((id >= 638738) AND (id <= 638837))

table 8 : explain SELECT c FROM sbtest8 WHERE id BETWEEN 4783540 AND 4783639 ORDER BY c
	Sort  (cost=384.76..385.01 rows=98 width=121)
	  Sort Key: c
	  ->  Index Scan using sbtest8_pkey on sbtest8  (cost=0.43..381.52 rows=98 width=121)
	        Index Cond: ((id >= 4783540) AND (id <= 4783639))

for index_updates
table 1 : explain UPDATE sbtest1 SET k=k+1 WHERE id=2672891
	Update on sbtest1  (cost=0.43..8.46 rows=0 width=0)
	  ->  Index Scan using sbtest1_pkey on sbtest1  (cost=0.43..8.46 rows=1 width=10)
	        Index Cond: (id = 2672891)

table 2 : explain UPDATE sbtest2 SET k=k+1 WHERE id=2094813
	Update on sbtest2  (cost=0.43..8.46 rows=0 width=0)
	  ->  Index Scan using sbtest2_pkey on sbtest2  (cost=0.43..8.46 rows=1 width=10)
	        Index Cond: (id = 2094813)

table 3 : explain UPDATE sbtest3 SET k=k+1 WHERE id=224355
	Update on sbtest3  (cost=0.43..8.46 rows=0 width=0)
	  ->  Index Scan using sbtest3_pkey on sbtest3  (cost=0.43..8.46 rows=1 width=10)
	        Index Cond: (id = 224355)

table 4 : explain UPDATE sbtest4 SET k=k+1 WHERE id=1045650
	Update on sbtest4  (cost=0.43..8.46 rows=0 width=0)
	  ->  Index Scan using sbtest4_pkey on sbtest4  (cost=0.43..8.46 rows=1 width=10)
	        Index Cond: (id = 1045650)

table 5 : explain UPDATE sbtest5 SET k=k+1 WHERE id=8850798
	Update on sbtest5  (cost=0.43..8.46 rows=0 width=0)
	  ->  Index Scan using sbtest5_pkey on sbtest5  (cost=0.43..8.46 rows=1 width=10)
	        Index Cond: (id = 8850798)

table 6 : explain UPDATE sbtest6 SET k=k+1 WHERE id=955667
	Update on sbtest6  (cost=0.43..8.46 rows=0 width=0)
	  ->  Index Scan using sbtest6_pkey on sbtest6  (cost=0.43..8.46 rows=1 width=10)
	        Index Cond: (id = 955667)

table 7 : explain UPDATE sbtest7 SET k=k+1 WHERE id=9903965
	Update on sbtest7  (cost=0.43..8.46 rows=0 width=0)
	  ->  Index Scan using sbtest7_pkey on sbtest7  (cost=0.43..8.46 rows=1 width=10)
	        Index Cond: (id = 9903965)

table 8 : explain UPDATE sbtest8 SET k=k+1 WHERE id=3179130
	Update on sbtest8  (cost=0.43..8.46 rows=0 width=0)
	  ->  Index Scan using sbtest8_pkey on sbtest8  (cost=0.43..8.46 rows=1 width=10)
	        Index Cond: (id = 3179130)

for: sum_ranges
table 1 : explain SELECT SUM(k) FROM sbtest1 WHERE id BETWEEN 4560215 AND 4560314
	Aggregate  (cost=370.82..370.83 rows=1 width=8)
	  ->  Index Scan using sbtest1_pkey on sbtest1  (cost=0.43..370.58 rows=94 width=4)
	        Index Cond: ((id >= 4560215) AND (id <= 4560314))

table 2 : explain SELECT SUM(k) FROM sbtest2 WHERE id BETWEEN 1778548 AND 1778647
	Aggregate  (cost=386.39..386.40 rows=1 width=8)
	  ->  Index Scan using sbtest2_pkey on sbtest2  (cost=0.43..386.14 rows=98 width=4)
	        Index Cond: ((id >= 1778548) AND (id <= 1778647))

table 3 : explain SELECT SUM(k) FROM sbtest3 WHERE id BETWEEN 4108222 AND 4108321
	Aggregate  (cost=392.90..392.91 rows=1 width=8)
	  ->  Index Scan using sbtest3_pkey on sbtest3  (cost=0.43..392.65 rows=100 width=4)
	        Index Cond: ((id >= 4108222) AND (id <= 4108321))

table 4 : explain SELECT SUM(k) FROM sbtest4 WHERE id BETWEEN 4797186 AND 4797285
	Aggregate  (cost=423.59..423.60 rows=1 width=8)
	  ->  Index Scan using sbtest4_pkey on sbtest4  (cost=0.43..423.32 rows=108 width=4)
	        Index Cond: ((id >= 4797186) AND (id <= 4797285))

table 5 : explain SELECT SUM(k) FROM sbtest5 WHERE id BETWEEN 8146089 AND 8146188
	Aggregate  (cost=407.16..407.17 rows=1 width=8)
	  ->  Index Scan using sbtest5_pkey on sbtest5  (cost=0.43..406.90 rows=104 width=4)
	        Index Cond: ((id >= 8146089) AND (id <= 8146188))

table 6 : explain SELECT SUM(k) FROM sbtest6 WHERE id BETWEEN 9072825 AND 9072924
	Aggregate  (cost=443.74..443.75 rows=1 width=8)
	  ->  Index Scan using sbtest6_pkey on sbtest6  (cost=0.43..443.46 rows=113 width=4)
	        Index Cond: ((id >= 9072825) AND (id <= 9072924))

table 7 : explain SELECT SUM(k) FROM sbtest7 WHERE id BETWEEN 7860816 AND 7860915
	Aggregate  (cost=429.47..429.48 rows=1 width=8)
	  ->  Index Scan using sbtest7_pkey on sbtest7  (cost=0.43..429.20 rows=110 width=4)
	        Index Cond: ((id >= 7860816) AND (id <= 7860915))

table 8 : explain SELECT SUM(k) FROM sbtest8 WHERE id BETWEEN 8263622 AND 8263721
	Aggregate  (cost=370.18..370.19 rows=1 width=8)
	  ->  Index Scan using sbtest8_pkey on sbtest8  (cost=0.43..369.94 rows=95 width=4)
	        Index Cond: ((id >= 8263622) AND (id <= 8263721))

for: order_ranges
table 1 : explain SELECT c FROM sbtest1 WHERE id BETWEEN 802384 AND 802483 ORDER BY c
	Sort  (cost=436.64..436.91 rows=110 width=121)
	  Sort Key: c
	  ->  Index Scan using sbtest1_pkey on sbtest1  (cost=0.43..432.91 rows=110 width=121)
	        Index Cond: ((id >= 802384) AND (id <= 802483))

table 2 : explain SELECT c FROM sbtest2 WHERE id BETWEEN 618925 AND 619024 ORDER BY c
	Sort  (cost=405.15..405.40 rows=102 width=121)
	  Sort Key: c
	  ->  Index Scan using sbtest2_pkey on sbtest2  (cost=0.43..401.74 rows=102 width=121)
	        Index Cond: ((id >= 618925) AND (id <= 619024))

table 3 : explain SELECT c FROM sbtest3 WHERE id BETWEEN 8459948 AND 8460047 ORDER BY c
	Sort  (cost=403.81..404.06 rows=102 width=121)
	  Sort Key: c
	  ->  Index Scan using sbtest3_pkey on sbtest3  (cost=0.43..400.41 rows=102 width=121)
	        Index Cond: ((id >= 8459948) AND (id <= 8460047))

table 4 : explain SELECT c FROM sbtest4 WHERE id BETWEEN 6281208 AND 6281307 ORDER BY c
	Sort  (cost=372.10..372.33 rows=94 width=121)
	  Sort Key: c
	  ->  Index Scan using sbtest4_pkey on sbtest4  (cost=0.43..369.02 rows=94 width=121)
	        Index Cond: ((id >= 6281208) AND (id <= 6281307))

table 5 : explain SELECT c FROM sbtest5 WHERE id BETWEEN 4856548 AND 4856647 ORDER BY c
	Sort  (cost=406.48..406.73 rows=103 width=121)
	  Sort Key: c
	  ->  Index Scan using sbtest5_pkey on sbtest5  (cost=0.43..403.03 rows=103 width=121)
	        Index Cond: ((id >= 4856548) AND (id <= 4856647))

table 6 : explain SELECT c FROM sbtest6 WHERE id BETWEEN 572912 AND 573011 ORDER BY c
	Sort  (cost=357.03..357.26 rows=90 width=121)
	  Sort Key: c
	  ->  Index Scan using sbtest6_pkey on sbtest6  (cost=0.43..354.11 rows=90 width=121)
	        Index Cond: ((id >= 572912) AND (id <= 573011))

table 7 : explain SELECT c FROM sbtest7 WHERE id BETWEEN 6333479 AND 6333578 ORDER BY c
	Sort  (cost=409.53..409.79 rows=104 width=121)
	  Sort Key: c
	  ->  Index Scan using sbtest7_pkey on sbtest7  (cost=0.43..406.04 rows=104 width=121)
	        Index Cond: ((id >= 6333479) AND (id <= 6333578))

table 8 : explain SELECT c FROM sbtest8 WHERE id BETWEEN 7083542 AND 7083641 ORDER BY c
	Sort  (cost=373.06..373.30 rows=95 width=121)
	  Sort Key: c
	  ->  Index Scan using sbtest8_pkey on sbtest8  (cost=0.43..369.94 rows=95 width=121)
	        Index Cond: ((id >= 7083542) AND (id <= 7083641))

for: sum_ranges
table 1 : explain SELECT SUM(k) FROM sbtest1 WHERE id BETWEEN 8974497 AND 8974596
	Aggregate  (cost=386.40..386.41 rows=1 width=8)
	  ->  Index Scan using sbtest1_pkey on sbtest1  (cost=0.43..386.16 rows=98 width=4)
	        Index Cond: ((id >= 8974497) AND (id <= 8974596))

table 2 : explain SELECT SUM(k) FROM sbtest2 WHERE id BETWEEN 2219111 AND 2219210
	Aggregate  (cost=425.37..425.38 rows=1 width=8)
	  ->  Index Scan using sbtest2_pkey on sbtest2  (cost=0.43..425.10 rows=108 width=4)
	        Index Cond: ((id >= 2219111) AND (id <= 2219210))

table 3 : explain SELECT SUM(k) FROM sbtest3 WHERE id BETWEEN 6547809 AND 6547908
	Aggregate  (cost=404.54..404.55 rows=1 width=8)
	  ->  Index Scan using sbtest3_pkey on sbtest3  (cost=0.43..404.28 rows=103 width=4)
	        Index Cond: ((id >= 6547809) AND (id <= 6547908))

table 4 : explain SELECT SUM(k) FROM sbtest4 WHERE id BETWEEN 9806689 AND 9806788
	Aggregate  (cost=369.25..369.26 rows=1 width=8)
	  ->  Index Scan using sbtest4_pkey on sbtest4  (cost=0.43..369.02 rows=94 width=4)
	        Index Cond: ((id >= 9806689) AND (id <= 9806788))

table 5 : explain SELECT SUM(k) FROM sbtest5 WHERE id BETWEEN 7955738 AND 7955837
	Aggregate  (cost=372.29..372.30 rows=1 width=8)
	  ->  Index Scan using sbtest5_pkey on sbtest5  (cost=0.43..372.06 rows=95 width=4)
	        Index Cond: ((id >= 7955738) AND (id <= 7955837))

table 6 : explain SELECT SUM(k) FROM sbtest6 WHERE id BETWEEN 334867 AND 334966
	Aggregate  (cost=408.77..408.78 rows=1 width=8)
	  ->  Index Scan using sbtest6_pkey on sbtest6  (cost=0.43..408.51 rows=104 width=4)
	        Index Cond: ((id >= 334867) AND (id <= 334966))

table 7 : explain SELECT SUM(k) FROM sbtest7 WHERE id BETWEEN 4950799 AND 4950898
	Aggregate  (cost=390.86..390.87 rows=1 width=8)
	  ->  Index Scan using sbtest7_pkey on sbtest7  (cost=0.43..390.61 rows=100 width=4)
	        Index Cond: ((id >= 4950799) AND (id <= 4950898))

table 8 : explain SELECT SUM(k) FROM sbtest8 WHERE id BETWEEN 3176496 AND 3176595
	Aggregate  (cost=374.03..374.04 rows=1 width=8)
	  ->  Index Scan using sbtest8_pkey on sbtest8  (cost=0.43..373.79 rows=96 width=4)
	        Index Cond: ((id >= 3176496) AND (id <= 3176595))

explain: for point_selects :: explain SELECT c FROM sbtest%u WHERE id=%u
for: order_ranges
table 1 : explain SELECT c FROM sbtest1 WHERE id BETWEEN 5724142 AND 5724241 ORDER BY c
	Sort  (cost=436.64..436.91 rows=110 width=121)
	  Sort Key: c
	  ->  Index Scan using sbtest1_pkey on sbtest1  (cost=0.43..432.91 rows=110 width=121)
	        Index Cond: ((id >= 5724142) AND (id <= 5724241))

table 2 : explain SELECT c FROM sbtest2 WHERE id BETWEEN 6045840 AND 6045939 ORDER BY c
	Sort  (cost=424.82..425.08 rows=107 width=121)
	  Sort Key: c
	  ->  Index Scan using sbtest2_pkey on sbtest2  (cost=0.43..421.21 rows=107 width=121)
	        Index Cond: ((id >= 6045840) AND (id <= 6045939))

table 3 : explain SELECT c FROM sbtest3 WHERE id BETWEEN 1177633 AND 1177732 ORDER BY c
	Sort  (cost=356.74..356.96 rows=90 width=121)
	  Sort Key: c
	  ->  Index Scan using sbtest3_pkey on sbtest3  (cost=0.43..353.81 rows=90 width=121)
	        Index Cond: ((id >= 1177633) AND (id <= 1177732))

table 4 : explain SELECT c FROM sbtest4 WHERE id BETWEEN 3697773 AND 3697872 ORDER BY c
	Sort  (cost=356.44..356.66 rows=90 width=121)
	  Sort Key: c
	  ->  Index Scan using sbtest4_pkey on sbtest4  (cost=0.43..353.51 rows=90 width=121)
	        Index Cond: ((id >= 3697773) AND (id <= 3697872))

table 5 : explain SELECT c FROM sbtest5 WHERE id BETWEEN 1556502 AND 1556601 ORDER BY c
	Sort  (cost=406.48..406.73 rows=103 width=121)
	  Sort Key: c
	  ->  Index Scan using sbtest5_pkey on sbtest5  (cost=0.43..403.03 rows=103 width=121)
	        Index Cond: ((id >= 1556502) AND (id <= 1556601))

table 6 : explain SELECT c FROM sbtest6 WHERE id BETWEEN 1951797 AND 1951896 ORDER BY c
	Sort  (cost=408.07..408.33 rows=103 width=121)
	  Sort Key: c
	  ->  Index Scan using sbtest6_pkey on sbtest6  (cost=0.43..404.63 rows=103 width=121)
	        Index Cond: ((id >= 1951797) AND (id <= 1951896))

table 7 : explain SELECT c FROM sbtest7 WHERE id BETWEEN 3118384 AND 3118483 ORDER BY c
	Sort  (cost=421.23..421.49 rows=107 width=121)
	  Sort Key: c
	  ->  Index Scan using sbtest7_pkey on sbtest7  (cost=0.43..417.62 rows=107 width=121)
	        Index Cond: ((id >= 3118384) AND (id <= 3118483))

table 8 : explain SELECT c FROM sbtest8 WHERE id BETWEEN 1449088 AND 1449187 ORDER BY c
	Sort  (cost=408.07..408.33 rows=104 width=121)
	  Sort Key: c
	  ->  Index Scan using sbtest8_pkey on sbtest8  (cost=0.43..404.59 rows=104 width=121)
	        Index Cond: ((id >= 1449088) AND (id <= 1449187))

for point_selects
table 1 : explain SELECT c FROM sbtest1 WHERE id=4343390
	Index Scan using sbtest1_pkey on sbtest1  (cost=0.43..8.45 rows=1 width=121)
	  Index Cond: (id = 4343390)

table 2 : explain SELECT c FROM sbtest2 WHERE id=4830817
	Index Scan using sbtest2_pkey on sbtest2  (cost=0.43..8.45 rows=1 width=121)
	  Index Cond: (id = 4830817)

table 3 : explain SELECT c FROM sbtest3 WHERE id=4149729
	Index Scan using sbtest3_pkey on sbtest3  (cost=0.43..8.45 rows=1 width=121)
	  Index Cond: (id = 4149729)

table 4 : explain SELECT c FROM sbtest4 WHERE id=2993605
	Index Scan using sbtest4_pkey on sbtest4  (cost=0.43..8.45 rows=1 width=121)
	  Index Cond: (id = 2993605)

table 5 : explain SELECT c FROM sbtest5 WHERE id=8322628
	Index Scan using sbtest5_pkey on sbtest5  (cost=0.43..8.45 rows=1 width=121)
	  Index Cond: (id = 8322628)

table 6 : explain SELECT c FROM sbtest6 WHERE id=3521573
	Index Scan using sbtest6_pkey on sbtest6  (cost=0.43..8.45 rows=1 width=121)
	  Index Cond: (id = 3521573)

table 7 : explain SELECT c FROM sbtest7 WHERE id=6239029
	Index Scan using sbtest7_pkey on sbtest7  (cost=0.43..8.45 rows=1 width=121)
	  Index Cond: (id = 6239029)

table 8 : explain SELECT c FROM sbtest8 WHERE id=598700
	Index Scan using sbtest8_pkey on sbtest8  (cost=0.43..8.45 rows=1 width=121)
	  Index Cond: (id = 598700)

explain: for point_selects :: explain SELECT c FROM sbtest%u WHERE id=%u
explain: for point_selects :: explain SELECT c FROM sbtest%u WHERE id=%u
explain: for point_selects :: explain SELECT c FROM sbtest%u WHERE id=%u
for: order_ranges
table 1 : explain SELECT c FROM sbtest1 WHERE id BETWEEN 198362 AND 198461 ORDER BY c
	Sort  (cost=377.60..377.84 rows=95 width=121)
	  Sort Key: c
	  ->  Index Scan using sbtest1_pkey on sbtest1  (cost=0.43..374.48 rows=95 width=121)
	        Index Cond: ((id >= 198362) AND (id <= 198461))

table 2 : explain SELECT c FROM sbtest2 WHERE id BETWEEN 767546 AND 767645 ORDER BY c
	Sort  (cost=389.38..389.63 rows=98 width=121)
	  Sort Key: c
	  ->  Index Scan using sbtest2_pkey on sbtest2  (cost=0.43..386.14 rows=98 width=121)
	        Index Cond: ((id >= 767546) AND (id <= 767645))

table 3 : explain SELECT c FROM sbtest3 WHERE id BETWEEN 8862829 AND 8862928 ORDER BY c
	Sort  (cost=415.57..415.83 rows=105 width=121)
	  Sort Key: c
	  ->  Index Scan using sbtest3_pkey on sbtest3  (cost=0.43..412.04 rows=105 width=121)
	        Index Cond: ((id >= 8862829) AND (id <= 8862928))

table 4 : explain SELECT c FROM sbtest4 WHERE id BETWEEN 7785394 AND 7785493 ORDER BY c
	Sort  (cost=403.47..403.72 rows=102 width=121)
	  Sort Key: c
	  ->  Index Scan using sbtest4_pkey on sbtest4  (cost=0.43..400.07 rows=102 width=121)
	        Index Cond: ((id >= 7785394) AND (id <= 7785493))

table 5 : explain SELECT c FROM sbtest5 WHERE id BETWEEN 876533 AND 876632 ORDER BY c
	Sort  (cost=386.90..387.15 rows=98 width=121)
	  Sort Key: c
	  ->  Index Scan using sbtest5_pkey on sbtest5  (cost=0.43..383.66 rows=98 width=121)
	        Index Cond: ((id >= 876533) AND (id <= 876632))

table 6 : explain SELECT c FROM sbtest6 WHERE id BETWEEN 4743339 AND 4743438 ORDER BY c
	Sort  (cost=404.15..404.40 rows=102 width=121)
	  Sort Key: c
	  ->  Index Scan using sbtest6_pkey on sbtest6  (cost=0.43..400.74 rows=102 width=121)
	        Index Cond: ((id >= 4743339) AND (id <= 4743438))

table 7 : explain SELECT c FROM sbtest7 WHERE id BETWEEN 3594471 AND 3594570 ORDER BY c
	Sort  (cost=386.13..386.38 rows=98 width=121)
	  Sort Key: c
	  ->  Index Scan using sbtest7_pkey on sbtest7  (cost=0.43..382.89 rows=98 width=121)
	        Index Cond: ((id >= 3594471) AND (id <= 3594570))

table 8 : explain SELECT c FROM sbtest8 WHERE id BETWEEN 1099090 AND 1099189 ORDER BY c
	Sort  (cost=392.53..392.78 rows=100 width=121)
	  Sort Key: c
	  ->  Index Scan using sbtest8_pkey on sbtest8  (cost=0.43..389.21 rows=100 width=121)
	        Index Cond: ((id >= 1099090) AND (id <= 1099189))

explain: for non_index_updates :: explain UPDATE sbtest%u SET c='foobar' WHERE id=%u
for: simple_ranges
table 1 : explain SELECT c FROM sbtest1 WHERE id BETWEEN 3456258 AND 3456357
	Index Scan using sbtest1_pkey on sbtest1  (cost=0.43..397.87 rows=101 width=121)
	  Index Cond: ((id >= 3456258) AND (id <= 3456357))

table 2 : explain SELECT c FROM sbtest2 WHERE id BETWEEN 709641 AND 709740
	Index Scan using sbtest2_pkey on sbtest2  (cost=0.43..386.14 rows=98 width=121)
	  Index Cond: ((id >= 709641) AND (id <= 709740))

table 3 : explain SELECT c FROM sbtest3 WHERE id BETWEEN 2414286 AND 2414385
	Index Scan using sbtest3_pkey on sbtest3  (cost=0.43..392.65 rows=100 width=121)
	  Index Cond: ((id >= 2414286) AND (id <= 2414385))

table 4 : explain SELECT c FROM sbtest4 WHERE id BETWEEN 9324757 AND 9324856
	Index Scan using sbtest4_pkey on sbtest4  (cost=0.43..396.19 rows=101 width=121)
	  Index Cond: ((id >= 9324757) AND (id <= 9324856))

table 5 : explain SELECT c FROM sbtest5 WHERE id BETWEEN 4325244 AND 4325343
	Index Scan using sbtest5_pkey on sbtest5  (cost=0.43..364.32 rows=93 width=121)
	  Index Cond: ((id >= 4325244) AND (id <= 4325343))

table 6 : explain SELECT c FROM sbtest6 WHERE id BETWEEN 5127323 AND 5127422
	Index Scan using sbtest6_pkey on sbtest6  (cost=0.43..416.28 rows=106 width=121)
	  Index Cond: ((id >= 5127323) AND (id <= 5127422))

table 7 : explain SELECT c FROM sbtest7 WHERE id BETWEEN 3511499 AND 3511598
	Index Scan using sbtest7_pkey on sbtest7  (cost=0.43..394.47 rows=101 width=121)
	  Index Cond: ((id >= 3511499) AND (id <= 3511598))

table 8 : explain SELECT c FROM sbtest8 WHERE id BETWEEN 3912584 AND 3912683
	Index Scan using sbtest8_pkey on sbtest8  (cost=0.43..369.94 rows=95 width=121)
	  Index Cond: ((id >= 3912584) AND (id <= 3912683))

for: sum_ranges
table 1 : explain SELECT SUM(k) FROM sbtest1 WHERE id BETWEEN 4563275 AND 4563374
	Aggregate  (cost=370.82..370.83 rows=1 width=8)
	  ->  Index Scan using sbtest1_pkey on sbtest1  (cost=0.43..370.58 rows=94 width=4)
	        Index Cond: ((id >= 4563275) AND (id <= 4563374))

table 2 : explain SELECT SUM(k) FROM sbtest2 WHERE id BETWEEN 670837 AND 670936
	Aggregate  (cost=402.00..402.01 rows=1 width=8)
	  ->  Index Scan using sbtest2_pkey on sbtest2  (cost=0.43..401.74 rows=102 width=4)
	        Index Cond: ((id >= 670837) AND (id <= 670936))

table 3 : explain SELECT SUM(k) FROM sbtest3 WHERE id BETWEEN 6802934 AND 6803033
	Aggregate  (cost=381.21..381.22 rows=1 width=8)
	  ->  Index Scan using sbtest3_pkey on sbtest3  (cost=0.43..380.97 rows=97 width=4)
	        Index Cond: ((id >= 6802934) AND (id <= 6803033))

table 4 : explain SELECT SUM(k) FROM sbtest4 WHERE id BETWEEN 5141066 AND 5141165
	Aggregate  (cost=377.01..377.02 rows=1 width=8)
	  ->  Index Scan using sbtest4_pkey on sbtest4  (cost=0.43..376.77 rows=96 width=4)
	        Index Cond: ((id >= 5141066) AND (id <= 5141165))

table 5 : explain SELECT SUM(k) FROM sbtest5 WHERE id BETWEEN 9760302 AND 9760401
	Aggregate  (cost=387.81..387.82 rows=1 width=8)
	  ->  Index Scan using sbtest5_pkey on sbtest5  (cost=0.43..387.56 rows=99 width=4)
	        Index Cond: ((id >= 9760302) AND (id <= 9760401))

table 6 : explain SELECT SUM(k) FROM sbtest6 WHERE id BETWEEN 8421841 AND 8421940
	Aggregate  (cost=334.91..334.92 rows=1 width=8)
	  ->  Index Scan using sbtest6_pkey on sbtest6  (cost=0.43..334.70 rows=85 width=4)
	        Index Cond: ((id >= 8421841) AND (id <= 8421940))

table 7 : explain SELECT SUM(k) FROM sbtest7 WHERE id BETWEEN 7626462 AND 7626561
	Aggregate  (cost=414.03..414.04 rows=1 width=8)
	  ->  Index Scan using sbtest7_pkey on sbtest7  (cost=0.43..413.76 rows=106 width=4)
	        Index Cond: ((id >= 7626462) AND (id <= 7626561))

table 8 : explain SELECT SUM(k) FROM sbtest8 WHERE id BETWEEN 4442165 AND 4442264
	Aggregate  (cost=385.61..385.62 rows=1 width=8)
	  ->  Index Scan using sbtest8_pkey on sbtest8  (cost=0.43..385.36 rows=99 width=4)
	        Index Cond: ((id >= 4442165) AND (id <= 4442264))

explain: for point_selects :: explain SELECT c FROM sbtest%u WHERE id=%u
for non_index_updates
table 1 : explain UPDATE sbtest1 SET c='foobar' WHERE id=8020417
	Update on sbtest1  (cost=0.43..8.45 rows=0 width=0)
	  ->  Index Scan using sbtest1_pkey on sbtest1  (cost=0.43..8.45 rows=1 width=490)
	        Index Cond: (id = 8020417)

table 2 : explain UPDATE sbtest2 SET c='foobar' WHERE id=6682283
	Update on sbtest2  (cost=0.43..8.45 rows=0 width=0)
	  ->  Index Scan using sbtest2_pkey on sbtest2  (cost=0.43..8.45 rows=1 width=490)
	        Index Cond: (id = 6682283)

table 3 : explain UPDATE sbtest3 SET c='foobar' WHERE id=8532715
	Update on sbtest3  (cost=0.43..8.45 rows=0 width=0)
	  ->  Index Scan using sbtest3_pkey on sbtest3  (cost=0.43..8.45 rows=1 width=490)
	        Index Cond: (id = 8532715)

table 4 : explain UPDATE sbtest4 SET c='foobar' WHERE id=4891424
	Update on sbtest4  (cost=0.43..8.45 rows=0 width=0)
	  ->  Index Scan using sbtest4_pkey on sbtest4  (cost=0.43..8.45 rows=1 width=490)
	        Index Cond: (id = 4891424)

table 5 : explain UPDATE sbtest5 SET c='foobar' WHERE id=582136
	Update on sbtest5  (cost=0.43..8.45 rows=0 width=0)
	  ->  Index Scan using sbtest5_pkey on sbtest5  (cost=0.43..8.45 rows=1 width=490)
	        Index Cond: (id = 582136)

table 6 : explain UPDATE sbtest6 SET c='foobar' WHERE id=89515
	Update on sbtest6  (cost=0.43..8.45 rows=0 width=0)
	  ->  Index Scan using sbtest6_pkey on sbtest6  (cost=0.43..8.45 rows=1 width=490)
	        Index Cond: (id = 89515)

table 7 : explain UPDATE sbtest7 SET c='foobar' WHERE id=2213672
	Update on sbtest7  (cost=0.43..8.45 rows=0 width=0)
	  ->  Index Scan using sbtest7_pkey on sbtest7  (cost=0.43..8.45 rows=1 width=490)
	        Index Cond: (id = 2213672)

table 8 : explain UPDATE sbtest8 SET c='foobar' WHERE id=6057261
	Update on sbtest8  (cost=0.43..8.45 rows=0 width=0)
	  ->  Index Scan using sbtest8_pkey on sbtest8  (cost=0.43..8.45 rows=1 width=490)
	        Index Cond: (id = 6057261)

for: order_ranges
table 1 : explain SELECT c FROM sbtest1 WHERE id BETWEEN 9874099 AND 9874198 ORDER BY c
	Sort  (cost=405.16..405.42 rows=102 width=121)
	  Sort Key: c
	  ->  Index Scan using sbtest1_pkey on sbtest1  (cost=0.43..401.76 rows=102 width=121)
	        Index Cond: ((id >= 9874099) AND (id <= 9874198))

table 2 : explain SELECT c FROM sbtest2 WHERE id BETWEEN 7357093 AND 7357192 ORDER BY c
	Sort  (cost=397.28..397.53 rows=100 width=121)
	  Sort Key: c
	  ->  Index Scan using sbtest2_pkey on sbtest2  (cost=0.43..393.96 rows=100 width=121)
	        Index Cond: ((id >= 7357093) AND (id <= 7357192))

table 3 : explain SELECT c FROM sbtest3 WHERE id BETWEEN 1551613 AND 1551712 ORDER BY c
	Sort  (cost=411.65..411.91 rows=104 width=121)
	  Sort Key: c
	  ->  Index Scan using sbtest3_pkey on sbtest3  (cost=0.43..408.16 rows=104 width=121)
	        Index Cond: ((id >= 1551613) AND (id <= 1551712))

table 4 : explain SELECT c FROM sbtest4 WHERE id BETWEEN 2358245 AND 2358344 ORDER BY c
	Sort  (cost=376.02..376.25 rows=95 width=121)
	  Sort Key: c
	  ->  Index Scan using sbtest4_pkey on sbtest4  (cost=0.43..372.90 rows=95 width=121)
	        Index Cond: ((id >= 2358245) AND (id <= 2358344))

table 5 : explain SELECT c FROM sbtest5 WHERE id BETWEEN 8175832 AND 8175931 ORDER BY c
	Sort  (cost=410.39..410.65 rows=104 width=121)
	  Sort Key: c
	  ->  Index Scan using sbtest5_pkey on sbtest5  (cost=0.43..406.90 rows=104 width=121)
	        Index Cond: ((id >= 8175832) AND (id <= 8175931))

table 6 : explain SELECT c FROM sbtest6 WHERE id BETWEEN 1098191 AND 1098290 ORDER BY c
	Sort  (cost=396.30..396.55 rows=100 width=121)
	  Sort Key: c
	  ->  Index Scan using sbtest6_pkey on sbtest6  (cost=0.43..392.98 rows=100 width=121)
	        Index Cond: ((id >= 1098191) AND (id <= 1098290))

table 7 : explain SELECT c FROM sbtest7 WHERE id BETWEEN 7376211 AND 7376310 ORDER BY c
	Sort  (cost=378.29..378.53 rows=96 width=121)
	  Sort Key: c
	  ->  Index Scan using sbtest7_pkey on sbtest7  (cost=0.43..375.13 rows=96 width=121)
	        Index Cond: ((id >= 7376211) AND (id <= 7376310))

table 8 : explain SELECT c FROM sbtest8 WHERE id BETWEEN 932473 AND 932572 ORDER BY c
	Sort  (cost=419.73..420.00 rows=107 width=121)
	  Sort Key: c
	  ->  Index Scan using sbtest8_pkey on sbtest8  (cost=0.43..416.12 rows=107 width=121)
	        Index Cond: ((id >= 932473) AND (id <= 932572))

explain: for point_selects :: explain SELECT c FROM sbtest%u WHERE id=%u
explain: for deletes :: explain DELETE FROM sbtest%u WHERE id=%u
for: order_ranges
table 1 : explain SELECT c FROM sbtest1 WHERE id BETWEEN 3224853 AND 3224952 ORDER BY c
	Sort  (cost=361.87..362.09 rows=91 width=121)
	  Sort Key: c
	  ->  Index Scan using sbtest1_pkey on sbtest1  (cost=0.43..358.90 rows=91 width=121)
	        Index Cond: ((id >= 3224853) AND (id <= 3224952))

table 2 : explain SELECT c FROM sbtest2 WHERE id BETWEEN 7384013 AND 7384112 ORDER BY c
	Sort  (cost=397.28..397.53 rows=100 width=121)
	  Sort Key: c
	  ->  Index Scan using sbtest2_pkey on sbtest2  (cost=0.43..393.96 rows=100 width=121)
	        Index Cond: ((id >= 7384013) AND (id <= 7384112))

table 3 : explain SELECT c FROM sbtest3 WHERE id BETWEEN 9703339 AND 9703438 ORDER BY c
	Sort  (cost=403.81..404.06 rows=102 width=121)
	  Sort Key: c
	  ->  Index Scan using sbtest3_pkey on sbtest3  (cost=0.43..400.41 rows=102 width=121)
	        Index Cond: ((id >= 9703339) AND (id <= 9703438))

table 4 : explain SELECT c FROM sbtest4 WHERE id BETWEEN 8550781 AND 8550880 ORDER BY c
	Sort  (cost=387.80..388.05 rows=98 width=121)
	  Sort Key: c
	  ->  Index Scan using sbtest4_pkey on sbtest4  (cost=0.43..384.56 rows=98 width=121)
	        Index Cond: ((id >= 8550781) AND (id <= 8550880))

table 5 : explain SELECT c FROM sbtest5 WHERE id BETWEEN 8251057 AND 8251156 ORDER BY c
	Sort  (cost=382.99..383.24 rows=97 width=121)
	  Sort Key: c
	  ->  Index Scan using sbtest5_pkey on sbtest5  (cost=0.43..379.79 rows=97 width=121)
	        Index Cond: ((id >= 8251057) AND (id <= 8251156))

table 6 : explain SELECT c FROM sbtest6 WHERE id BETWEEN 6274818 AND 6274917 ORDER BY c
	Sort  (cost=388.45..388.70 rows=98 width=121)
	  Sort Key: c
	  ->  Index Scan using sbtest6_pkey on sbtest6  (cost=0.43..385.21 rows=98 width=121)
	        Index Cond: ((id >= 6274818) AND (id <= 6274917))

table 7 : explain SELECT c FROM sbtest7 WHERE id BETWEEN 6634570 AND 6634669 ORDER BY c
	Sort  (cost=362.70..362.93 rows=92 width=121)
	  Sort Key: c
	  ->  Index Scan using sbtest7_pkey on sbtest7  (cost=0.43..359.70 rows=92 width=121)
	        Index Cond: ((id >= 6634570) AND (id <= 6634669))

table 8 : explain SELECT c FROM sbtest8 WHERE id BETWEEN 1395021 AND 1395120 ORDER BY c
	Sort  (cost=408.07..408.33 rows=104 width=121)
	  Sort Key: c
	  ->  Index Scan using sbtest8_pkey on sbtest8  (cost=0.43..404.59 rows=104 width=121)
	        Index Cond: ((id >= 1395021) AND (id <= 1395120))

for deletes
table 1 : explain DELETE FROM sbtest1 WHERE id=7097789
	Delete on sbtest1  (cost=0.43..8.45 rows=0 width=0)
	  ->  Index Scan using sbtest1_pkey on sbtest1  (cost=0.43..8.45 rows=1 width=6)
	        Index Cond: (id = 7097789)

table 2 : explain DELETE FROM sbtest2 WHERE id=5894141
	Delete on sbtest2  (cost=0.43..8.45 rows=0 width=0)
	  ->  Index Scan using sbtest2_pkey on sbtest2  (cost=0.43..8.45 rows=1 width=6)
	        Index Cond: (id = 5894141)

table 3 : explain DELETE FROM sbtest3 WHERE id=2033251
	Delete on sbtest3  (cost=0.43..8.45 rows=0 width=0)
	  ->  Index Scan using sbtest3_pkey on sbtest3  (cost=0.43..8.45 rows=1 width=6)
	        Index Cond: (id = 2033251)

table 4 : explain DELETE FROM sbtest4 WHERE id=2629151
	Delete on sbtest4  (cost=0.43..8.45 rows=0 width=0)
	  ->  Index Scan using sbtest4_pkey on sbtest4  (cost=0.43..8.45 rows=1 width=6)
	        Index Cond: (id = 2629151)

table 5 : explain DELETE FROM sbtest5 WHERE id=6514704
	Delete on sbtest5  (cost=0.43..8.45 rows=0 width=0)
	  ->  Index Scan using sbtest5_pkey on sbtest5  (cost=0.43..8.45 rows=1 width=6)
	        Index Cond: (id = 6514704)

table 6 : explain DELETE FROM sbtest6 WHERE id=5442931
	Delete on sbtest6  (cost=0.43..8.45 rows=0 width=0)
	  ->  Index Scan using sbtest6_pkey on sbtest6  (cost=0.43..8.45 rows=1 width=6)
	        Index Cond: (id = 5442931)

table 7 : explain DELETE FROM sbtest7 WHERE id=7493974
	Delete on sbtest7  (cost=0.43..8.45 rows=0 width=0)
	  ->  Index Scan using sbtest7_pkey on sbtest7  (cost=0.43..8.45 rows=1 width=6)
	        Index Cond: (id = 7493974)

table 8 : explain DELETE FROM sbtest8 WHERE id=4856476
	Delete on sbtest8  (cost=0.43..8.45 rows=0 width=0)
	  ->  Index Scan using sbtest8_pkey on sbtest8  (cost=0.43..8.45 rows=1 width=6)
	        Index Cond: (id = 4856476)

for: distinct_ranges
table 1 : explain SELECT DISTINCT c FROM sbtest1 WHERE id BETWEEN 1874021 AND 1874120 ORDER BY c
	Unique  (cost=416.97..417.49 rows=105 width=121)
	  ->  Sort  (cost=416.97..417.23 rows=105 width=121)
	        Sort Key: c
	        ->  Index Scan using sbtest1_pkey on sbtest1  (cost=0.43..413.44 rows=105 width=121)
	              Index Cond: ((id >= 1874021) AND (id <= 1874120))

table 2 : explain SELECT DISTINCT c FROM sbtest2 WHERE id BETWEEN 8080822 AND 8080921 ORDER BY c
	Unique  (cost=361.85..362.31 rows=91 width=121)
	  ->  Sort  (cost=361.85..362.08 rows=91 width=121)
	        Sort Key: c
	        ->  Index Scan using sbtest2_pkey on sbtest2  (cost=0.43..358.89 rows=91 width=121)
	              Index Cond: ((id >= 8080822) AND (id <= 8080921))

table 3 : explain SELECT DISTINCT c FROM sbtest3 WHERE id BETWEEN 3790242 AND 3790341 ORDER BY c
	Unique  (cost=395.97..396.47 rows=100 width=121)
	  ->  Sort  (cost=395.97..396.22 rows=100 width=121)
	        Sort Key: c
	        ->  Index Scan using sbtest3_pkey on sbtest3  (cost=0.43..392.65 rows=100 width=121)
	              Index Cond: ((id >= 3790242) AND (id <= 3790341))

table 4 : explain SELECT DISTINCT c FROM sbtest4 WHERE id BETWEEN 4534772 AND 4534871 ORDER BY c
	Unique  (cost=407.38..407.90 rows=103 width=121)
	  ->  Sort  (cost=407.38..407.64 rows=103 width=121)
	        Sort Key: c
	        ->  Index Scan using sbtest4_pkey on sbtest4  (cost=0.43..403.94 rows=103 width=121)
	              Index Cond: ((id >= 4534772) AND (id <= 4534871))

table 5 : explain SELECT DISTINCT c FROM sbtest5 WHERE id BETWEEN 1189884 AND 1189983 ORDER BY c
	Unique  (cost=371.27..371.74 rows=94 width=121)
	  ->  Sort  (cost=371.27..371.51 rows=94 width=121)
	        Sort Key: c
	        ->  Index Scan using sbtest5_pkey on sbtest5  (cost=0.43..368.19 rows=94 width=121)
	              Index Cond: ((id >= 1189884) AND (id <= 1189983))

table 6 : explain SELECT DISTINCT c FROM sbtest6 WHERE id BETWEEN 6077868 AND 6077967 ORDER BY c
	Unique  (cost=447.31..447.88 rows=113 width=121)
	  ->  Sort  (cost=447.31..447.59 rows=113 width=121)
	        Sort Key: c
	        ->  Index Scan using sbtest6_pkey on sbtest6  (cost=0.43..443.46 rows=113 width=121)
	              Index Cond: ((id >= 6077868) AND (id <= 6077967))

table 7 : explain SELECT DISTINCT c FROM sbtest7 WHERE id BETWEEN 90866 AND 90965 ORDER BY c
	Unique  (cost=401.73..402.24 rows=102 width=121)
	  ->  Sort  (cost=401.73..401.98 rows=102 width=121)
	        Sort Key: c
	        ->  Index Scan using sbtest7_pkey on sbtest7  (cost=0.43..398.33 rows=102 width=121)
	              Index Cond: ((id >= 90866) AND (id <= 90965))

table 8 : explain SELECT DISTINCT c FROM sbtest8 WHERE id BETWEEN 5494219 AND 5494318 ORDER BY c
	Unique  (cost=392.53..393.03 rows=100 width=121)
	  ->  Sort  (cost=392.53..392.78 rows=100 width=121)
	        Sort Key: c
	        ->  Index Scan using sbtest8_pkey on sbtest8  (cost=0.43..389.21 rows=100 width=121)
	              Index Cond: ((id >= 5494219) AND (id <= 5494318))

for: distinct_ranges
table 1 : explain SELECT DISTINCT c FROM sbtest1 WHERE id BETWEEN 1689513 AND 1689612 ORDER BY c
	Unique  (cost=381.53..382.01 rows=96 width=121)
	  ->  Sort  (cost=381.53..381.77 rows=96 width=121)
	        Sort Key: c
	        ->  Index Scan using sbtest1_pkey on sbtest1  (cost=0.43..378.37 rows=96 width=121)
	              Index Cond: ((id >= 1689513) AND (id <= 1689612))

table 2 : explain SELECT DISTINCT c FROM sbtest2 WHERE id BETWEEN 2329838 AND 2329937 ORDER BY c
	Unique  (cost=405.15..405.66 rows=102 width=121)
	  ->  Sort  (cost=405.15..405.40 rows=102 width=121)
	        Sort Key: c
	        ->  Index Scan using sbtest2_pkey on sbtest2  (cost=0.43..401.74 rows=102 width=121)
	              Index Cond: ((id >= 2329838) AND (id <= 2329937))

table 3 : explain SELECT DISTINCT c FROM sbtest3 WHERE id BETWEEN 5001749 AND 5001848 ORDER BY c
	Unique  (cost=443.01..443.57 rows=112 width=121)
	  ->  Sort  (cost=443.01..443.29 rows=112 width=121)
	        Sort Key: c
	        ->  Index Scan using sbtest3_pkey on sbtest3  (cost=0.43..439.20 rows=112 width=121)
	              Index Cond: ((id >= 5001749) AND (id <= 5001848))

table 4 : explain SELECT DISTINCT c FROM sbtest4 WHERE id BETWEEN 274950 AND 275049 ORDER BY c
	Unique  (cost=415.22..415.74 rows=105 width=121)
	  ->  Sort  (cost=415.22..415.48 rows=105 width=121)
	        Sort Key: c
	        ->  Index Scan using sbtest4_pkey on sbtest4  (cost=0.43..411.69 rows=105 width=121)
	              Index Cond: ((id >= 274950) AND (id <= 275049))

table 5 : explain SELECT DISTINCT c FROM sbtest5 WHERE id BETWEEN 8879800 AND 8879899 ORDER BY c
	Unique  (cost=347.83..348.27 rows=88 width=121)
	  ->  Sort  (cost=347.83..348.05 rows=88 width=121)
	        Sort Key: c
	        ->  Index Scan using sbtest5_pkey on sbtest5  (cost=0.43..344.99 rows=88 width=121)
	              Index Cond: ((id >= 8879800) AND (id <= 8879899))

table 6 : explain SELECT DISTINCT c FROM sbtest6 WHERE id BETWEEN 574475 AND 574574 ORDER BY c
	Unique  (cost=357.03..357.48 rows=90 width=121)
	  ->  Sort  (cost=357.03..357.26 rows=90 width=121)
	        Sort Key: c
	        ->  Index Scan using sbtest6_pkey on sbtest6  (cost=0.43..354.11 rows=90 width=121)
	              Index Cond: ((id >= 574475) AND (id <= 574574))

table 7 : explain SELECT DISTINCT c FROM sbtest7 WHERE id BETWEEN 4258772 AND 4258871 ORDER BY c
	Unique  (cost=366.60..367.06 rows=93 width=121)
	  ->  Sort  (cost=366.60..366.83 rows=93 width=121)
	        Sort Key: c
	        ->  Index Scan using sbtest7_pkey on sbtest7  (cost=0.43..363.56 rows=93 width=121)
	              Index Cond: ((id >= 4258772) AND (id <= 4258871))

table 8 : explain SELECT DISTINCT c FROM sbtest8 WHERE id BETWEEN 746555 AND 746654 ORDER BY c
	Unique  (cost=396.42..396.92 rows=101 width=121)
	  ->  Sort  (cost=396.42..396.67 rows=101 width=121)
	        Sort Key: c
	        ->  Index Scan using sbtest8_pkey on sbtest8  (cost=0.43..393.05 rows=101 width=121)
	              Index Cond: ((id >= 746555) AND (id <= 746654))

explain: for index_updates :: explain UPDATE sbtest%u SET k=k+1 WHERE id=%u
for: order_ranges
table 1 : explain SELECT c FROM sbtest1 WHERE id BETWEEN 756451 AND 756550 ORDER BY c
	Sort  (cost=436.64..436.91 rows=110 width=121)
	  Sort Key: c
	  ->  Index Scan using sbtest1_pkey on sbtest1  (cost=0.43..432.91 rows=110 width=121)
	        Index Cond: ((id >= 756451) AND (id <= 756550))

table 2 : explain SELECT c FROM sbtest2 WHERE id BETWEEN 7811033 AND 7811132 ORDER BY c
	Sort  (cost=405.15..405.40 rows=102 width=121)
	  Sort Key: c
	  ->  Index Scan using sbtest2_pkey on sbtest2  (cost=0.43..401.74 rows=102 width=121)
	        Index Cond: ((id >= 7811033) AND (id <= 7811132))

table 3 : explain SELECT c FROM sbtest3 WHERE id BETWEEN 2249412 AND 2249511 ORDER BY c
	Sort  (cost=415.57..415.83 rows=105 width=121)
	  Sort Key: c
	  ->  Index Scan using sbtest3_pkey on sbtest3  (cost=0.43..412.04 rows=105 width=121)
	        Index Cond: ((id >= 2249412) AND (id <= 2249511))

table 4 : explain SELECT c FROM sbtest4 WHERE id BETWEEN 1924445 AND 1924544 ORDER BY c
	Sort  (cost=356.44..356.66 rows=90 width=121)
	  Sort Key: c
	  ->  Index Scan using sbtest4_pkey on sbtest4  (cost=0.43..353.51 rows=90 width=121)
	        Index Cond: ((id >= 1924445) AND (id <= 1924544))

table 5 : explain SELECT c FROM sbtest5 WHERE id BETWEEN 3303186 AND 3303285 ORDER BY c
	Sort  (cost=394.75..395.00 rows=100 width=121)
	  Sort Key: c
	  ->  Index Scan using sbtest5_pkey on sbtest5  (cost=0.43..391.43 rows=100 width=121)
	        Index Cond: ((id >= 3303186) AND (id <= 3303285))

table 6 : explain SELECT c FROM sbtest6 WHERE id BETWEEN 3538787 AND 3538886 ORDER BY c
	Sort  (cost=408.07..408.33 rows=103 width=121)
	  Sort Key: c
	  ->  Index Scan using sbtest6_pkey on sbtest6  (cost=0.43..404.63 rows=103 width=121)
	        Index Cond: ((id >= 3538787) AND (id <= 3538886))

table 7 : explain SELECT c FROM sbtest7 WHERE id BETWEEN 9421597 AND 9421696 ORDER BY c
	Sort  (cost=382.19..382.43 rows=97 width=121)
	  Sort Key: c
	  ->  Index Scan using sbtest7_pkey on sbtest7  (cost=0.43..378.99 rows=97 width=121)
	        Index Cond: ((id >= 9421597) AND (id <= 9421696))

table 8 : explain SELECT c FROM sbtest8 WHERE id BETWEEN 5457630 AND 5457729 ORDER BY c
	Sort  (cost=392.53..392.78 rows=100 width=121)
	  Sort Key: c
	  ->  Index Scan using sbtest8_pkey on sbtest8  (cost=0.43..389.21 rows=100 width=121)
	        Index Cond: ((id >= 5457630) AND (id <= 5457729))

explain: for index_updates :: explain UPDATE sbtest%u SET k=k+1 WHERE id=%u
for point_selects
table 1 : explain SELECT c FROM sbtest1 WHERE id=6427837
	Index Scan using sbtest1_pkey on sbtest1  (cost=0.43..8.45 rows=1 width=121)
	  Index Cond: (id = 6427837)

table 2 : explain SELECT c FROM sbtest2 WHERE id=6626516
	Index Scan using sbtest2_pkey on sbtest2  (cost=0.43..8.45 rows=1 width=121)
	  Index Cond: (id = 6626516)

table 3 : explain SELECT c FROM sbtest3 WHERE id=9940842
	Index Scan using sbtest3_pkey on sbtest3  (cost=0.43..8.45 rows=1 width=121)
	  Index Cond: (id = 9940842)

table 4 : explain SELECT c FROM sbtest4 WHERE id=298965
	Index Scan using sbtest4_pkey on sbtest4  (cost=0.43..8.45 rows=1 width=121)
	  Index Cond: (id = 298965)

table 5 : explain SELECT c FROM sbtest5 WHERE id=9921028
	Index Scan using sbtest5_pkey on sbtest5  (cost=0.43..8.45 rows=1 width=121)
	  Index Cond: (id = 9921028)

table 6 : explain SELECT c FROM sbtest6 WHERE id=5377119
	Index Scan using sbtest6_pkey on sbtest6  (cost=0.43..8.45 rows=1 width=121)
	  Index Cond: (id = 5377119)

table 7 : explain SELECT c FROM sbtest7 WHERE id=553396
	Index Scan using sbtest7_pkey on sbtest7  (cost=0.43..8.45 rows=1 width=121)
	  Index Cond: (id = 553396)

table 8 : explain SELECT c FROM sbtest8 WHERE id=8500301
	Index Scan using sbtest8_pkey on sbtest8  (cost=0.43..8.45 rows=1 width=121)
	  Index Cond: (id = 8500301)

for index_updates
table 1 : explain UPDATE sbtest1 SET k=k+1 WHERE id=4985774
	Update on sbtest1  (cost=0.43..8.46 rows=0 width=0)
	  ->  Index Scan using sbtest1_pkey on sbtest1  (cost=0.43..8.46 rows=1 width=10)
	        Index Cond: (id = 4985774)

table 2 : explain UPDATE sbtest2 SET k=k+1 WHERE id=4224488
	Update on sbtest2  (cost=0.43..8.46 rows=0 width=0)
	  ->  Index Scan using sbtest2_pkey on sbtest2  (cost=0.43..8.46 rows=1 width=10)
	        Index Cond: (id = 4224488)

table 3 : explain UPDATE sbtest3 SET k=k+1 WHERE id=4939260
	Update on sbtest3  (cost=0.43..8.46 rows=0 width=0)
	  ->  Index Scan using sbtest3_pkey on sbtest3  (cost=0.43..8.46 rows=1 width=10)
	        Index Cond: (id = 4939260)

table 4 : explain UPDATE sbtest4 SET k=k+1 WHERE id=8804610
	Update on sbtest4  (cost=0.43..8.46 rows=0 width=0)
	  ->  Index Scan using sbtest4_pkey on sbtest4  (cost=0.43..8.46 rows=1 width=10)
	        Index Cond: (id = 8804610)

table 5 : explain UPDATE sbtest5 SET k=k+1 WHERE id=2967677
	Update on sbtest5  (cost=0.43..8.46 rows=0 width=0)
	  ->  Index Scan using sbtest5_pkey on sbtest5  (cost=0.43..8.46 rows=1 width=10)
	        Index Cond: (id = 2967677)

table 6 : explain UPDATE sbtest6 SET k=k+1 WHERE id=6662476
	Update on sbtest6  (cost=0.43..8.46 rows=0 width=0)
	  ->  Index Scan using sbtest6_pkey on sbtest6  (cost=0.43..8.46 rows=1 width=10)
	        Index Cond: (id = 6662476)

table 7 : explain UPDATE sbtest7 SET k=k+1 WHERE id=9301776
	Update on sbtest7  (cost=0.43..8.46 rows=0 width=0)
	  ->  Index Scan using sbtest7_pkey on sbtest7  (cost=0.43..8.46 rows=1 width=10)
	        Index Cond: (id = 9301776)

table 8 : explain UPDATE sbtest8 SET k=k+1 WHERE id=3096627
	Update on sbtest8  (cost=0.43..8.46 rows=0 width=0)
	  ->  Index Scan using sbtest8_pkey on sbtest8  (cost=0.43..8.46 rows=1 width=10)
	        Index Cond: (id = 3096627)

for: distinct_ranges
table 1 : explain SELECT DISTINCT c FROM sbtest1 WHERE id BETWEEN 593090 AND 593189 ORDER BY c
	Unique  (cost=389.40..389.89 rows=98 width=121)
	  ->  Sort  (cost=389.40..389.64 rows=98 width=121)
	        Sort Key: c
	        ->  Index Scan using sbtest1_pkey on sbtest1  (cost=0.43..386.16 rows=98 width=121)
	              Index Cond: ((id >= 593090) AND (id <= 593189))

table 2 : explain SELECT DISTINCT c FROM sbtest2 WHERE id BETWEEN 9511100 AND 9511199 ORDER BY c
	Unique  (cost=373.65..374.12 rows=94 width=121)
	  ->  Sort  (cost=373.65..373.88 rows=94 width=121)
	        Sort Key: c
	        ->  Index Scan using sbtest2_pkey on sbtest2  (cost=0.43..370.57 rows=94 width=121)
	              Index Cond: ((id >= 9511100) AND (id <= 9511199))

table 3 : explain SELECT DISTINCT c FROM sbtest3 WHERE id BETWEEN 4362569 AND 4362668 ORDER BY c
	Unique  (cost=384.17..384.66 rows=97 width=121)
	  ->  Sort  (cost=384.17..384.42 rows=97 width=121)
	        Sort Key: c
	        ->  Index Scan using sbtest3_pkey on sbtest3  (cost=0.43..380.97 rows=97 width=121)
	              Index Cond: ((id >= 4362569) AND (id <= 4362668))

table 4 : explain SELECT DISTINCT c FROM sbtest4 WHERE id BETWEEN 2939006 AND 2939105 ORDER BY c
	Unique  (cost=399.55..400.06 rows=101 width=121)
	  ->  Sort  (cost=399.55..399.80 rows=101 width=121)
	        Sort Key: c
	        ->  Index Scan using sbtest4_pkey on sbtest4  (cost=0.43..396.19 rows=101 width=121)
	              Index Cond: ((id >= 2939006) AND (id <= 2939105))

table 5 : explain SELECT DISTINCT c FROM sbtest5 WHERE id BETWEEN 4301073 AND 4301172 ORDER BY c
	Unique  (cost=367.36..367.83 rows=93 width=121)
	  ->  Sort  (cost=367.36..367.60 rows=93 width=121)
	        Sort Key: c
	        ->  Index Scan using sbtest5_pkey on sbtest5  (cost=0.43..364.32 rows=93 width=121)
	              Index Cond: ((id >= 4301073) AND (id <= 4301172))

table 6 : explain SELECT DISTINCT c FROM sbtest6 WHERE id BETWEEN 1313784 AND 1313883 ORDER BY c
	Unique  (cost=380.57..381.05 rows=96 width=121)
	  ->  Sort  (cost=380.57..380.81 rows=96 width=121)
	        Sort Key: c
	        ->  Index Scan using sbtest6_pkey on sbtest6  (cost=0.43..377.41 rows=96 width=121)
	              Index Cond: ((id >= 1313784) AND (id <= 1313883))

table 7 : explain SELECT DISTINCT c FROM sbtest7 WHERE id BETWEEN 4771085 AND 4771184 ORDER BY c
	Unique  (cost=378.29..378.77 rows=96 width=121)
	  ->  Sort  (cost=378.29..378.53 rows=96 width=121)
	        Sort Key: c
	        ->  Index Scan using sbtest7_pkey on sbtest7  (cost=0.43..375.13 rows=96 width=121)
	              Index Cond: ((id >= 4771085) AND (id <= 4771184))

table 8 : explain SELECT DISTINCT c FROM sbtest8 WHERE id BETWEEN 6903316 AND 6903415 ORDER BY c
	Unique  (cost=392.53..393.03 rows=100 width=121)
	  ->  Sort  (cost=392.53..392.78 rows=100 width=121)
	        Sort Key: c
	        ->  Index Scan using sbtest8_pkey on sbtest8  (cost=0.43..389.21 rows=100 width=121)
	              Index Cond: ((id >= 6903316) AND (id <= 6903415))

for: distinct_ranges
table 1 : explain SELECT DISTINCT c FROM sbtest1 WHERE id BETWEEN 2315455 AND 2315554 ORDER BY c
	Unique  (cost=393.33..393.83 rows=99 width=121)
	  ->  Sort  (cost=393.33..393.58 rows=99 width=121)
	        Sort Key: c
	        ->  Index Scan using sbtest1_pkey on sbtest1  (cost=0.43..390.05 rows=99 width=121)
	              Index Cond: ((id >= 2315455) AND (id <= 2315554))

table 2 : explain SELECT DISTINCT c FROM sbtest2 WHERE id BETWEEN 527869 AND 527968 ORDER BY c
	Unique  (cost=405.15..405.66 rows=102 width=121)
	  ->  Sort  (cost=405.15..405.40 rows=102 width=121)
	        Sort Key: c
	        ->  Index Scan using sbtest2_pkey on sbtest2  (cost=0.43..401.74 rows=102 width=121)
	              Index Cond: ((id >= 527869) AND (id <= 527968))

table 3 : explain SELECT DISTINCT c FROM sbtest3 WHERE id BETWEEN 9500288 AND 9500387 ORDER BY c
	Unique  (cost=384.17..384.66 rows=97 width=121)
	  ->  Sort  (cost=384.17..384.42 rows=97 width=121)
	        Sort Key: c
	        ->  Index Scan using sbtest3_pkey on sbtest3  (cost=0.43..380.97 rows=97 width=121)
	              Index Cond: ((id >= 9500288) AND (id <= 9500387))

table 4 : explain SELECT DISTINCT c FROM sbtest4 WHERE id BETWEEN 9092134 AND 9092233 ORDER BY c
	Unique  (cost=426.97..427.51 rows=108 width=121)
	  ->  Sort  (cost=426.97..427.24 rows=108 width=121)
	        Sort Key: c
	        ->  Index Scan using sbtest4_pkey on sbtest4  (cost=0.43..423.32 rows=108 width=121)
	              Index Cond: ((id >= 9092134) AND (id <= 9092233))

table 5 : explain SELECT DISTINCT c FROM sbtest5 WHERE id BETWEEN 3393016 AND 3393115 ORDER BY c
	Unique  (cost=414.29..414.82 rows=105 width=121)
	  ->  Sort  (cost=414.29..414.56 rows=105 width=121)
	        Sort Key: c
	        ->  Index Scan using sbtest5_pkey on sbtest5  (cost=0.43..410.77 rows=105 width=121)
	              Index Cond: ((id >= 3393016) AND (id <= 3393115))

table 6 : explain SELECT DISTINCT c FROM sbtest6 WHERE id BETWEEN 4315524 AND 4315623 ORDER BY c
	Unique  (cost=431.61..432.16 rows=109 width=121)
	  ->  Sort  (cost=431.61..431.89 rows=109 width=121)
	        Sort Key: c
	        ->  Index Scan using sbtest6_pkey on sbtest6  (cost=0.43..427.93 rows=109 width=121)
	              Index Cond: ((id >= 4315524) AND (id <= 4315623))

table 7 : explain SELECT DISTINCT c FROM sbtest7 WHERE id BETWEEN 8053348 AND 8053447 ORDER BY c
	Unique  (cost=413.43..413.95 rows=105 width=121)
	  ->  Sort  (cost=413.43..413.69 rows=105 width=121)
	        Sort Key: c
	        ->  Index Scan using sbtest7_pkey on sbtest7  (cost=0.43..409.90 rows=105 width=121)
	              Index Cond: ((id >= 8053348) AND (id <= 8053447))

table 8 : explain SELECT DISTINCT c FROM sbtest8 WHERE id BETWEEN 6127008 AND 6127107 ORDER BY c
	Unique  (cost=404.19..404.70 rows=103 width=121)
	  ->  Sort  (cost=404.19..404.44 rows=103 width=121)
	        Sort Key: c
	        ->  Index Scan using sbtest8_pkey on sbtest8  (cost=0.43..400.74 rows=103 width=121)
	              Index Cond: ((id >= 6127008) AND (id <= 6127107))

for index_updates
table 1 : explain UPDATE sbtest1 SET k=k+1 WHERE id=1303276
	Update on sbtest1  (cost=0.43..8.46 rows=0 width=0)
	  ->  Index Scan using sbtest1_pkey on sbtest1  (cost=0.43..8.46 rows=1 width=10)
	        Index Cond: (id = 1303276)

table 2 : explain UPDATE sbtest2 SET k=k+1 WHERE id=6476008
	Update on sbtest2  (cost=0.43..8.46 rows=0 width=0)
	  ->  Index Scan using sbtest2_pkey on sbtest2  (cost=0.43..8.46 rows=1 width=10)
	        Index Cond: (id = 6476008)

table 3 : explain UPDATE sbtest3 SET k=k+1 WHERE id=4949947
	Update on sbtest3  (cost=0.43..8.46 rows=0 width=0)
	  ->  Index Scan using sbtest3_pkey on sbtest3  (cost=0.43..8.46 rows=1 width=10)
	        Index Cond: (id = 4949947)

table 4 : explain UPDATE sbtest4 SET k=k+1 WHERE id=9542998
	Update on sbtest4  (cost=0.43..8.46 rows=0 width=0)
	  ->  Index Scan using sbtest4_pkey on sbtest4  (cost=0.43..8.46 rows=1 width=10)
	        Index Cond: (id = 9542998)

table 5 : explain UPDATE sbtest5 SET k=k+1 WHERE id=5924161
	Update on sbtest5  (cost=0.43..8.46 rows=0 width=0)
	  ->  Index Scan using sbtest5_pkey on sbtest5  (cost=0.43..8.46 rows=1 width=10)
	        Index Cond: (id = 5924161)

table 6 : explain UPDATE sbtest6 SET k=k+1 WHERE id=2545343
	Update on sbtest6  (cost=0.43..8.46 rows=0 width=0)
	  ->  Index Scan using sbtest6_pkey on sbtest6  (cost=0.43..8.46 rows=1 width=10)
	        Index Cond: (id = 2545343)

table 7 : explain UPDATE sbtest7 SET k=k+1 WHERE id=6747511
	Update on sbtest7  (cost=0.43..8.46 rows=0 width=0)
	  ->  Index Scan using sbtest7_pkey on sbtest7  (cost=0.43..8.46 rows=1 width=10)
	        Index Cond: (id = 6747511)

table 8 : explain UPDATE sbtest8 SET k=k+1 WHERE id=6415102
	Update on sbtest8  (cost=0.43..8.46 rows=0 width=0)
	  ->  Index Scan using sbtest8_pkey on sbtest8  (cost=0.43..8.46 rows=1 width=10)
	        Index Cond: (id = 6415102)

explain: for non_index_updates :: explain UPDATE sbtest%u SET c='foobar' WHERE id=%u
explain: for index_updates :: explain UPDATE sbtest%u SET k=k+1 WHERE id=%u
for: distinct_ranges
table 1 : explain SELECT DISTINCT c FROM sbtest1 WHERE id BETWEEN 285938 AND 286037 ORDER BY c
	Unique  (cost=377.60..378.07 rows=95 width=121)
	  ->  Sort  (cost=377.60..377.84 rows=95 width=121)
	        Sort Key: c
	        ->  Index Scan using sbtest1_pkey on sbtest1  (cost=0.43..374.48 rows=95 width=121)
	              Index Cond: ((id >= 285938) AND (id <= 286037))

table 2 : explain SELECT DISTINCT c FROM sbtest2 WHERE id BETWEEN 4903401 AND 4903500 ORDER BY c
	Unique  (cost=405.15..405.66 rows=102 width=121)
	  ->  Sort  (cost=405.15..405.40 rows=102 width=121)
	        Sort Key: c
	        ->  Index Scan using sbtest2_pkey on sbtest2  (cost=0.43..401.74 rows=102 width=121)
	              Index Cond: ((id >= 4903401) AND (id <= 4903500))

table 3 : explain SELECT DISTINCT c FROM sbtest3 WHERE id BETWEEN 7831235 AND 7831334 ORDER BY c
	Unique  (cost=348.90..349.34 rows=88 width=121)
	  ->  Sort  (cost=348.90..349.12 rows=88 width=121)
	        Sort Key: c
	        ->  Index Scan using sbtest3_pkey on sbtest3  (cost=0.43..346.06 rows=88 width=121)
	              Index Cond: ((id >= 7831235) AND (id <= 7831334))

table 4 : explain SELECT DISTINCT c FROM sbtest4 WHERE id BETWEEN 2887880 AND 2887979 ORDER BY c
	Unique  (cost=430.89..431.43 rows=109 width=121)
	  ->  Sort  (cost=430.89..431.16 rows=109 width=121)
	        Sort Key: c
	        ->  Index Scan using sbtest4_pkey on sbtest4  (cost=0.43..427.20 rows=109 width=121)
	              Index Cond: ((id >= 2887880) AND (id <= 2887979))

table 5 : explain SELECT DISTINCT c FROM sbtest5 WHERE id BETWEEN 755635 AND 755734 ORDER BY c
	Unique  (cost=386.90..387.39 rows=98 width=121)
	  ->  Sort  (cost=386.90..387.15 rows=98 width=121)
	        Sort Key: c
	        ->  Index Scan using sbtest5_pkey on sbtest5  (cost=0.43..383.66 rows=98 width=121)
	              Index Cond: ((id >= 755635) AND (id <= 755734))

table 6 : explain SELECT DISTINCT c FROM sbtest6 WHERE id BETWEEN 8997697 AND 8997796 ORDER BY c
	Unique  (cost=372.73..373.20 rows=94 width=121)
	  ->  Sort  (cost=372.73..372.96 rows=94 width=121)
	        Sort Key: c
	        ->  Index Scan using sbtest6_pkey on sbtest6  (cost=0.43..369.65 rows=94 width=121)
	              Index Cond: ((id >= 8997697) AND (id <= 8997796))

table 7 : explain SELECT DISTINCT c FROM sbtest7 WHERE id BETWEEN 5888688 AND 5888787 ORDER BY c
	Unique  (cost=405.63..406.14 rows=103 width=121)
	  ->  Sort  (cost=405.63..405.89 rows=103 width=121)
	        Sort Key: c
	        ->  Index Scan using sbtest7_pkey on sbtest7  (cost=0.43..402.18 rows=103 width=121)
	              Index Cond: ((id >= 5888688) AND (id <= 5888787))

table 8 : explain SELECT DISTINCT c FROM sbtest8 WHERE id BETWEEN 2877623 AND 2877722 ORDER BY c
	Unique  (cost=435.27..435.83 rows=111 width=121)
	  ->  Sort  (cost=435.27..435.55 rows=111 width=121)
	        Sort Key: c
	        ->  Index Scan using sbtest8_pkey on sbtest8  (cost=0.43..431.50 rows=111 width=121)
	              Index Cond: ((id >= 2877623) AND (id <= 2877722))

for point_selects
table 1 : explain SELECT c FROM sbtest1 WHERE id=6055224
	Index Scan using sbtest1_pkey on sbtest1  (cost=0.43..8.45 rows=1 width=121)
	  Index Cond: (id = 6055224)

table 2 : explain SELECT c FROM sbtest2 WHERE id=326112
	Index Scan using sbtest2_pkey on sbtest2  (cost=0.43..8.45 rows=1 width=121)
	  Index Cond: (id = 326112)

table 3 : explain SELECT c FROM sbtest3 WHERE id=4524201
	Index Scan using sbtest3_pkey on sbtest3  (cost=0.43..8.45 rows=1 width=121)
	  Index Cond: (id = 4524201)

table 4 : explain SELECT c FROM sbtest4 WHERE id=3427516
	Index Scan using sbtest4_pkey on sbtest4  (cost=0.43..8.45 rows=1 width=121)
	  Index Cond: (id = 3427516)

table 5 : explain SELECT c FROM sbtest5 WHERE id=728315
	Index Scan using sbtest5_pkey on sbtest5  (cost=0.43..8.45 rows=1 width=121)
	  Index Cond: (id = 728315)

table 6 : explain SELECT c FROM sbtest6 WHERE id=6093425
	Index Scan using sbtest6_pkey on sbtest6  (cost=0.43..8.45 rows=1 width=121)
	  Index Cond: (id = 6093425)

table 7 : explain SELECT c FROM sbtest7 WHERE id=2889380
	Index Scan using sbtest7_pkey on sbtest7  (cost=0.43..8.45 rows=1 width=121)
	  Index Cond: (id = 2889380)

table 8 : explain SELECT c FROM sbtest8 WHERE id=2335675
	Index Scan using sbtest8_pkey on sbtest8  (cost=0.43..8.45 rows=1 width=121)
	  Index Cond: (id = 2335675)

explain: for non_index_updates :: explain UPDATE sbtest%u SET c='foobar' WHERE id=%u
for: simple_ranges
table 1 : explain SELECT c FROM sbtest1 WHERE id BETWEEN 5269092 AND 5269191
	Index Scan using sbtest1_pkey on sbtest1  (cost=0.43..386.16 rows=98 width=121)
	  Index Cond: ((id >= 5269092) AND (id <= 5269191))

table 2 : explain SELECT c FROM sbtest2 WHERE id BETWEEN 7514744 AND 7514843
	Index Scan using sbtest2_pkey on sbtest2  (cost=0.43..351.10 rows=89 width=121)
	  Index Cond: ((id >= 7514744) AND (id <= 7514843))

table 3 : explain SELECT c FROM sbtest3 WHERE id BETWEEN 6933280 AND 6933379
	Index Scan using sbtest3_pkey on sbtest3  (cost=0.43..419.80 rows=107 width=121)
	  Index Cond: ((id >= 6933280) AND (id <= 6933379))

table 4 : explain SELECT c FROM sbtest4 WHERE id BETWEEN 2984841 AND 2984940
	Index Scan using sbtest4_pkey on sbtest4  (cost=0.43..396.19 rows=101 width=121)
	  Index Cond: ((id >= 2984841) AND (id <= 2984940))

table 5 : explain SELECT c FROM sbtest5 WHERE id BETWEEN 7827047 AND 7827146
	Index Scan using sbtest5_pkey on sbtest5  (cost=0.43..403.03 rows=103 width=121)
	  Index Cond: ((id >= 7827047) AND (id <= 7827146))

table 6 : explain SELECT c FROM sbtest6 WHERE id BETWEEN 4081287 AND 4081386
	Index Scan using sbtest6_pkey on sbtest6  (cost=0.43..431.81 rows=110 width=121)
	  Index Cond: ((id >= 4081287) AND (id <= 4081386))

table 7 : explain SELECT c FROM sbtest7 WHERE id BETWEEN 6427102 AND 6427201
	Index Scan using sbtest7_pkey on sbtest7  (cost=0.43..390.61 rows=100 width=121)
	  Index Cond: ((id >= 6427102) AND (id <= 6427201))

table 8 : explain SELECT c FROM sbtest8 WHERE id BETWEEN 1159061 AND 1159160
	Index Scan using sbtest8_pkey on sbtest8  (cost=0.43..400.74 rows=103 width=121)
	  Index Cond: ((id >= 1159061) AND (id <= 1159160))

for non_index_updates
table 1 : explain UPDATE sbtest1 SET c='foobar' WHERE id=7034222
	Update on sbtest1  (cost=0.43..8.45 rows=0 width=0)
	  ->  Index Scan using sbtest1_pkey on sbtest1  (cost=0.43..8.45 rows=1 width=490)
	        Index Cond: (id = 7034222)

table 2 : explain UPDATE sbtest2 SET c='foobar' WHERE id=4515641
	Update on sbtest2  (cost=0.43..8.45 rows=0 width=0)
	  ->  Index Scan using sbtest2_pkey on sbtest2  (cost=0.43..8.45 rows=1 width=490)
	        Index Cond: (id = 4515641)

table 3 : explain UPDATE sbtest3 SET c='foobar' WHERE id=920593
	Update on sbtest3  (cost=0.43..8.45 rows=0 width=0)
	  ->  Index Scan using sbtest3_pkey on sbtest3  (cost=0.43..8.45 rows=1 width=490)
	        Index Cond: (id = 920593)

table 4 : explain UPDATE sbtest4 SET c='foobar' WHERE id=6516942
	Update on sbtest4  (cost=0.43..8.45 rows=0 width=0)
	  ->  Index Scan using sbtest4_pkey on sbtest4  (cost=0.43..8.45 rows=1 width=490)
	        Index Cond: (id = 6516942)

table 5 : explain UPDATE sbtest5 SET c='foobar' WHERE id=8650672
	Update on sbtest5  (cost=0.43..8.45 rows=0 width=0)
	  ->  Index Scan using sbtest5_pkey on sbtest5  (cost=0.43..8.45 rows=1 width=490)
	        Index Cond: (id = 8650672)

table 6 : explain UPDATE sbtest6 SET c='foobar' WHERE id=4117982
	Update on sbtest6  (cost=0.43..8.45 rows=0 width=0)
	  ->  Index Scan using sbtest6_pkey on sbtest6  (cost=0.43..8.45 rows=1 width=490)
	        Index Cond: (id = 4117982)

table 7 : explain UPDATE sbtest7 SET c='foobar' WHERE id=1170988
	Update on sbtest7  (cost=0.43..8.45 rows=0 width=0)
	  ->  Index Scan using sbtest7_pkey on sbtest7  (cost=0.43..8.45 rows=1 width=490)
	        Index Cond: (id = 1170988)

table 8 : explain UPDATE sbtest8 SET c='foobar' WHERE id=6176455
	Update on sbtest8  (cost=0.43..8.45 rows=0 width=0)
	  ->  Index Scan using sbtest8_pkey on sbtest8  (cost=0.43..8.45 rows=1 width=490)
	        Index Cond: (id = 6176455)

explain: for index_updates :: explain UPDATE sbtest%u SET k=k+1 WHERE id=%u
for: distinct_ranges
table 1 : explain SELECT DISTINCT c FROM sbtest1 WHERE id BETWEEN 3649954 AND 3650053 ORDER BY c
	Unique  (cost=413.03..413.55 rows=104 width=121)
	  ->  Sort  (cost=413.03..413.29 rows=104 width=121)
	        Sort Key: c
	        ->  Index Scan using sbtest1_pkey on sbtest1  (cost=0.43..409.55 rows=104 width=121)
	              Index Cond: ((id >= 3649954) AND (id <= 3650053))

table 2 : explain SELECT DISTINCT c FROM sbtest2 WHERE id BETWEEN 8560712 AND 8560811 ORDER BY c
	Unique  (cost=381.52..382.00 rows=96 width=121)
	  ->  Sort  (cost=381.52..381.76 rows=96 width=121)
	        Sort Key: c
	        ->  Index Scan using sbtest2_pkey on sbtest2  (cost=0.43..378.35 rows=96 width=121)
	              Index Cond: ((id >= 8560712) AND (id <= 8560811))

table 3 : explain SELECT DISTINCT c FROM sbtest3 WHERE id BETWEEN 5108329 AND 5108428 ORDER BY c
	Unique  (cost=392.01..392.51 rows=99 width=121)
	  ->  Sort  (cost=392.01..392.26 rows=99 width=121)
	        Sort Key: c
	        ->  Index Scan using sbtest3_pkey on sbtest3  (cost=0.43..388.73 rows=99 width=121)
	              Index Cond: ((id >= 5108329) AND (id <= 5108428))

table 4 : explain SELECT DISTINCT c FROM sbtest4 WHERE id BETWEEN 178427 AND 178526 ORDER BY c
	Unique  (cost=411.30..411.82 rows=104 width=121)
	  ->  Sort  (cost=411.30..411.56 rows=104 width=121)
	        Sort Key: c
	        ->  Index Scan using sbtest4_pkey on sbtest4  (cost=0.43..407.82 rows=104 width=121)
	              Index Cond: ((id >= 178427) AND (id <= 178526))

table 5 : explain SELECT DISTINCT c FROM sbtest5 WHERE id BETWEEN 6727930 AND 6728029 ORDER BY c
	Unique  (cost=410.39..410.91 rows=104 width=121)
	  ->  Sort  (cost=410.39..410.65 rows=104 width=121)
	        Sort Key: c
	        ->  Index Scan using sbtest5_pkey on sbtest5  (cost=0.43..406.90 rows=104 width=121)
	              Index Cond: ((id >= 6727930) AND (id <= 6728029))

table 6 : explain SELECT DISTINCT c FROM sbtest6 WHERE id BETWEEN 2656741 AND 2656840 ORDER BY c
	Unique  (cost=384.50..384.98 rows=97 width=121)
	  ->  Sort  (cost=384.50..384.74 rows=97 width=121)
	        Sort Key: c
	        ->  Index Scan using sbtest6_pkey on sbtest6  (cost=0.43..381.29 rows=97 width=121)
	              Index Cond: ((id >= 2656741) AND (id <= 2656840))

table 7 : explain SELECT DISTINCT c FROM sbtest7 WHERE id BETWEEN 6473635 AND 6473734 ORDER BY c
	Unique  (cost=393.93..394.43 rows=100 width=121)
	  ->  Sort  (cost=393.93..394.18 rows=100 width=121)
	        Sort Key: c
	        ->  Index Scan using sbtest7_pkey on sbtest7  (cost=0.43..390.61 rows=100 width=121)
	              Index Cond: ((id >= 6473635) AND (id <= 6473734))

table 8 : explain SELECT DISTINCT c FROM sbtest8 WHERE id BETWEEN 2712770 AND 2712869 ORDER BY c
	Unique  (cost=415.84..416.37 rows=106 width=121)
	  ->  Sort  (cost=415.84..416.11 rows=106 width=121)
	        Sort Key: c
	        ->  Index Scan using sbtest8_pkey on sbtest8  (cost=0.43..412.28 rows=106 width=121)
	              Index Cond: ((id >= 2712770) AND (id <= 2712869))

explain: for deletes :: explain DELETE FROM sbtest%u WHERE id=%u
for non_index_updates
table 1 : explain UPDATE sbtest1 SET c='foobar' WHERE id=5725647
	Update on sbtest1  (cost=0.43..8.45 rows=0 width=0)
	  ->  Index Scan using sbtest1_pkey on sbtest1  (cost=0.43..8.45 rows=1 width=490)
	        Index Cond: (id = 5725647)

table 2 : explain UPDATE sbtest2 SET c='foobar' WHERE id=8336016
	Update on sbtest2  (cost=0.43..8.45 rows=0 width=0)
	  ->  Index Scan using sbtest2_pkey on sbtest2  (cost=0.43..8.45 rows=1 width=490)
	        Index Cond: (id = 8336016)

table 3 : explain UPDATE sbtest3 SET c='foobar' WHERE id=941106
	Update on sbtest3  (cost=0.43..8.45 rows=0 width=0)
	  ->  Index Scan using sbtest3_pkey on sbtest3  (cost=0.43..8.45 rows=1 width=490)
	        Index Cond: (id = 941106)

table 4 : explain UPDATE sbtest4 SET c='foobar' WHERE id=4479674
	Update on sbtest4  (cost=0.43..8.45 rows=0 width=0)
	  ->  Index Scan using sbtest4_pkey on sbtest4  (cost=0.43..8.45 rows=1 width=490)
	        Index Cond: (id = 4479674)

table 5 : explain UPDATE sbtest5 SET c='foobar' WHERE id=8491749
	Update on sbtest5  (cost=0.43..8.45 rows=0 width=0)
	  ->  Index Scan using sbtest5_pkey on sbtest5  (cost=0.43..8.45 rows=1 width=490)
	        Index Cond: (id = 8491749)

table 6 : explain UPDATE sbtest6 SET c='foobar' WHERE id=1184906
	Update on sbtest6  (cost=0.43..8.45 rows=0 width=0)
	  ->  Index Scan using sbtest6_pkey on sbtest6  (cost=0.43..8.45 rows=1 width=490)
	        Index Cond: (id = 1184906)

table 7 : explain UPDATE sbtest7 SET c='foobar' WHERE id=2614180
	Update on sbtest7  (cost=0.43..8.45 rows=0 width=0)
	  ->  Index Scan using sbtest7_pkey on sbtest7  (cost=0.43..8.45 rows=1 width=490)
	        Index Cond: (id = 2614180)

table 8 : explain UPDATE sbtest8 SET c='foobar' WHERE id=5813447
	Update on sbtest8  (cost=0.43..8.45 rows=0 width=0)
	  ->  Index Scan using sbtest8_pkey on sbtest8  (cost=0.43..8.45 rows=1 width=490)
	        Index Cond: (id = 5813447)

explain: for index_updates :: explain UPDATE sbtest%u SET k=k+1 WHERE id=%u
explain: for index_updates :: explain UPDATE sbtest%u SET k=k+1 WHERE id=%u
explain: for inserts :: explain INSERT INTO sbtest%u (id, k, c, pad) VALUES (%u, 13, 'foobar', 'foobar')
explain: for deletes :: explain DELETE FROM sbtest%u WHERE id=%u
for deletes
table 1 : explain DELETE FROM sbtest1 WHERE id=4456961
	Delete on sbtest1  (cost=0.43..8.45 rows=0 width=0)
	  ->  Index Scan using sbtest1_pkey on sbtest1  (cost=0.43..8.45 rows=1 width=6)
	        Index Cond: (id = 4456961)

table 2 : explain DELETE FROM sbtest2 WHERE id=7465399
	Delete on sbtest2  (cost=0.43..8.45 rows=0 width=0)
	  ->  Index Scan using sbtest2_pkey on sbtest2  (cost=0.43..8.45 rows=1 width=6)
	        Index Cond: (id = 7465399)

table 3 : explain DELETE FROM sbtest3 WHERE id=9950024
	Delete on sbtest3  (cost=0.43..8.45 rows=0 width=0)
	  ->  Index Scan using sbtest3_pkey on sbtest3  (cost=0.43..8.45 rows=1 width=6)
	        Index Cond: (id = 9950024)

table 4 : explain DELETE FROM sbtest4 WHERE id=6496005
	Delete on sbtest4  (cost=0.43..8.45 rows=0 width=0)
	  ->  Index Scan using sbtest4_pkey on sbtest4  (cost=0.43..8.45 rows=1 width=6)
	        Index Cond: (id = 6496005)

table 5 : explain DELETE FROM sbtest5 WHERE id=5978554
	Delete on sbtest5  (cost=0.43..8.45 rows=0 width=0)
	  ->  Index Scan using sbtest5_pkey on sbtest5  (cost=0.43..8.45 rows=1 width=6)
	        Index Cond: (id = 5978554)

table 6 : explain DELETE FROM sbtest6 WHERE id=3029033
	Delete on sbtest6  (cost=0.43..8.45 rows=0 width=0)
	  ->  Index Scan using sbtest6_pkey on sbtest6  (cost=0.43..8.45 rows=1 width=6)
	        Index Cond: (id = 3029033)

table 7 : explain DELETE FROM sbtest7 WHERE id=9408260
	Delete on sbtest7  (cost=0.43..8.45 rows=0 width=0)
	  ->  Index Scan using sbtest7_pkey on sbtest7  (cost=0.43..8.45 rows=1 width=6)
	        Index Cond: (id = 9408260)

table 8 : explain DELETE FROM sbtest8 WHERE id=5174474
	Delete on sbtest8  (cost=0.43..8.45 rows=0 width=0)
	  ->  Index Scan using sbtest8_pkey on sbtest8  (cost=0.43..8.45 rows=1 width=6)
	        Index Cond: (id = 5174474)

explain: for point_selects :: explain SELECT c FROM sbtest%u WHERE id=%u
for index_updates
table 1 : explain UPDATE sbtest1 SET k=k+1 WHERE id=5310017
	Update on sbtest1  (cost=0.43..8.46 rows=0 width=0)
	  ->  Index Scan using sbtest1_pkey on sbtest1  (cost=0.43..8.46 rows=1 width=10)
	        Index Cond: (id = 5310017)

table 2 : explain UPDATE sbtest2 SET k=k+1 WHERE id=7344679
	Update on sbtest2  (cost=0.43..8.46 rows=0 width=0)
	  ->  Index Scan using sbtest2_pkey on sbtest2  (cost=0.43..8.46 rows=1 width=10)
	        Index Cond: (id = 7344679)

table 3 : explain UPDATE sbtest3 SET k=k+1 WHERE id=5781964
	Update on sbtest3  (cost=0.43..8.46 rows=0 width=0)
	  ->  Index Scan using sbtest3_pkey on sbtest3  (cost=0.43..8.46 rows=1 width=10)
	        Index Cond: (id = 5781964)

table 4 : explain UPDATE sbtest4 SET k=k+1 WHERE id=4676728
	Update on sbtest4  (cost=0.43..8.46 rows=0 width=0)
	  ->  Index Scan using sbtest4_pkey on sbtest4  (cost=0.43..8.46 rows=1 width=10)
	        Index Cond: (id = 4676728)

table 5 : explain UPDATE sbtest5 SET k=k+1 WHERE id=829632
	Update on sbtest5  (cost=0.43..8.46 rows=0 width=0)
	  ->  Index Scan using sbtest5_pkey on sbtest5  (cost=0.43..8.46 rows=1 width=10)
	        Index Cond: (id = 829632)

table 6 : explain UPDATE sbtest6 SET k=k+1 WHERE id=2793866
	Update on sbtest6  (cost=0.43..8.46 rows=0 width=0)
	  ->  Index Scan using sbtest6_pkey on sbtest6  (cost=0.43..8.46 rows=1 width=10)
	        Index Cond: (id = 2793866)

table 7 : explain UPDATE sbtest7 SET k=k+1 WHERE id=8332256
	Update on sbtest7  (cost=0.43..8.46 rows=0 width=0)
	  ->  Index Scan using sbtest7_pkey on sbtest7  (cost=0.43..8.46 rows=1 width=10)
	        Index Cond: (id = 8332256)

table 8 : explain UPDATE sbtest8 SET k=k+1 WHERE id=9083630
	Update on sbtest8  (cost=0.43..8.46 rows=0 width=0)
	  ->  Index Scan using sbtest8_pkey on sbtest8  (cost=0.43..8.46 rows=1 width=10)
	        Index Cond: (id = 9083630)

for: sum_ranges
table 1 : explain SELECT SUM(k) FROM sbtest1 WHERE id BETWEEN 8697629 AND 8697728
	Aggregate  (cost=386.40..386.41 rows=1 width=8)
	  ->  Index Scan using sbtest1_pkey on sbtest1  (cost=0.43..386.16 rows=98 width=4)
	        Index Cond: ((id >= 8697629) AND (id <= 8697728))

table 2 : explain SELECT SUM(k) FROM sbtest2 WHERE id BETWEEN 2471579 AND 2471678
	Aggregate  (cost=394.21..394.22 rows=1 width=8)
	  ->  Index Scan using sbtest2_pkey on sbtest2  (cost=0.43..393.96 rows=100 width=4)
	        Index Cond: ((id >= 2471579) AND (id <= 2471678))

table 3 : explain SELECT SUM(k) FROM sbtest3 WHERE id BETWEEN 479147 AND 479246
	Aggregate  (cost=388.98..388.99 rows=1 width=8)
	  ->  Index Scan using sbtest3_pkey on sbtest3  (cost=0.43..388.73 rows=99 width=4)
	        Index Cond: ((id >= 479147) AND (id <= 479246))

table 4 : explain SELECT SUM(k) FROM sbtest4 WHERE id BETWEEN 8470988 AND 8471087
	Aggregate  (cost=373.13..373.14 rows=1 width=8)
	  ->  Index Scan using sbtest4_pkey on sbtest4  (cost=0.43..372.90 rows=95 width=4)
	        Index Cond: ((id >= 8470988) AND (id <= 8471087))

table 5 : explain SELECT SUM(k) FROM sbtest5 WHERE id BETWEEN 4767975 AND 4768074
	Aggregate  (cost=407.16..407.17 rows=1 width=8)
	  ->  Index Scan using sbtest5_pkey on sbtest5  (cost=0.43..406.90 rows=104 width=4)
	        Index Cond: ((id >= 4767975) AND (id <= 4768074))

table 6 : explain SELECT SUM(k) FROM sbtest6 WHERE id BETWEEN 6661752 AND 6661851
	Aggregate  (cost=377.65..377.66 rows=1 width=8)
	  ->  Index Scan using sbtest6_pkey on sbtest6  (cost=0.43..377.41 rows=96 width=4)
	        Index Cond: ((id >= 6661752) AND (id <= 6661851))

table 7 : explain SELECT SUM(k) FROM sbtest7 WHERE id BETWEEN 5776092 AND 5776191
	Aggregate  (cost=402.44..402.45 rows=1 width=8)
	  ->  Index Scan using sbtest7_pkey on sbtest7  (cost=0.43..402.18 rows=103 width=4)
	        Index Cond: ((id >= 5776092) AND (id <= 5776191))

table 8 : explain SELECT SUM(k) FROM sbtest8 WHERE id BETWEEN 8565131 AND 8565230
	Aggregate  (cost=424.08..424.09 rows=1 width=8)
	  ->  Index Scan using sbtest8_pkey on sbtest8  (cost=0.43..423.81 rows=109 width=4)
	        Index Cond: ((id >= 8565131) AND (id <= 8565230))

for deletes
table 1 : explain DELETE FROM sbtest1 WHERE id=8859123
	Delete on sbtest1  (cost=0.43..8.45 rows=0 width=0)
	  ->  Index Scan using sbtest1_pkey on sbtest1  (cost=0.43..8.45 rows=1 width=6)
	        Index Cond: (id = 8859123)

table 2 : explain DELETE FROM sbtest2 WHERE id=5948705
	Delete on sbtest2  (cost=0.43..8.45 rows=0 width=0)
	  ->  Index Scan using sbtest2_pkey on sbtest2  (cost=0.43..8.45 rows=1 width=6)
	        Index Cond: (id = 5948705)

table 3 : explain DELETE FROM sbtest3 WHERE id=7567989
	Delete on sbtest3  (cost=0.43..8.45 rows=0 width=0)
	  ->  Index Scan using sbtest3_pkey on sbtest3  (cost=0.43..8.45 rows=1 width=6)
	        Index Cond: (id = 7567989)

table 4 : explain DELETE FROM sbtest4 WHERE id=4712106
	Delete on sbtest4  (cost=0.43..8.45 rows=0 width=0)
	  ->  Index Scan using sbtest4_pkey on sbtest4  (cost=0.43..8.45 rows=1 width=6)
	        Index Cond: (id = 4712106)

table 5 : explain DELETE FROM sbtest5 WHERE id=8875488
	Delete on sbtest5  (cost=0.43..8.45 rows=0 width=0)
	  ->  Index Scan using sbtest5_pkey on sbtest5  (cost=0.43..8.45 rows=1 width=6)
	        Index Cond: (id = 8875488)

table 6 : explain DELETE FROM sbtest6 WHERE id=8198467
	Delete on sbtest6  (cost=0.43..8.45 rows=0 width=0)
	  ->  Index Scan using sbtest6_pkey on sbtest6  (cost=0.43..8.45 rows=1 width=6)
	        Index Cond: (id = 8198467)

table 7 : explain DELETE FROM sbtest7 WHERE id=3109680
	Delete on sbtest7  (cost=0.43..8.45 rows=0 width=0)
	  ->  Index Scan using sbtest7_pkey on sbtest7  (cost=0.43..8.45 rows=1 width=6)
	        Index Cond: (id = 3109680)

table 8 : explain DELETE FROM sbtest8 WHERE id=8520690
	Delete on sbtest8  (cost=0.43..8.45 rows=0 width=0)
	  ->  Index Scan using sbtest8_pkey on sbtest8  (cost=0.43..8.45 rows=1 width=6)
	        Index Cond: (id = 8520690)

for index_updates
table 1 : explain UPDATE sbtest1 SET k=k+1 WHERE id=8400364
	Update on sbtest1  (cost=0.43..8.46 rows=0 width=0)
	  ->  Index Scan using sbtest1_pkey on sbtest1  (cost=0.43..8.46 rows=1 width=10)
	        Index Cond: (id = 8400364)

table 2 : explain UPDATE sbtest2 SET k=k+1 WHERE id=7297360
	Update on sbtest2  (cost=0.43..8.46 rows=0 width=0)
	  ->  Index Scan using sbtest2_pkey on sbtest2  (cost=0.43..8.46 rows=1 width=10)
	        Index Cond: (id = 7297360)

table 3 : explain UPDATE sbtest3 SET k=k+1 WHERE id=7795045
	Update on sbtest3  (cost=0.43..8.46 rows=0 width=0)
	  ->  Index Scan using sbtest3_pkey on sbtest3  (cost=0.43..8.46 rows=1 width=10)
	        Index Cond: (id = 7795045)

table 4 : explain UPDATE sbtest4 SET k=k+1 WHERE id=8282072
	Update on sbtest4  (cost=0.43..8.46 rows=0 width=0)
	  ->  Index Scan using sbtest4_pkey on sbtest4  (cost=0.43..8.46 rows=1 width=10)
	        Index Cond: (id = 8282072)

table 5 : explain UPDATE sbtest5 SET k=k+1 WHERE id=6547150
	Update on sbtest5  (cost=0.43..8.46 rows=0 width=0)
	  ->  Index Scan using sbtest5_pkey on sbtest5  (cost=0.43..8.46 rows=1 width=10)
	        Index Cond: (id = 6547150)

table 6 : explain UPDATE sbtest6 SET k=k+1 WHERE id=6679863
	Update on sbtest6  (cost=0.43..8.46 rows=0 width=0)
	  ->  Index Scan using sbtest6_pkey on sbtest6  (cost=0.43..8.46 rows=1 width=10)
	        Index Cond: (id = 6679863)

table 7 : explain UPDATE sbtest7 SET k=k+1 WHERE id=6727782
	Update on sbtest7  (cost=0.43..8.46 rows=0 width=0)
	  ->  Index Scan using sbtest7_pkey on sbtest7  (cost=0.43..8.46 rows=1 width=10)
	        Index Cond: (id = 6727782)

table 8 : explain UPDATE sbtest8 SET k=k+1 WHERE id=342167
	Update on sbtest8  (cost=0.43..8.46 rows=0 width=0)
	  ->  Index Scan using sbtest8_pkey on sbtest8  (cost=0.43..8.46 rows=1 width=10)
	        Index Cond: (id = 342167)

for point_selects
table 1 : explain SELECT c FROM sbtest1 WHERE id=3810597
	Index Scan using sbtest1_pkey on sbtest1  (cost=0.43..8.45 rows=1 width=121)
	  Index Cond: (id = 3810597)

table 2 : explain SELECT c FROM sbtest2 WHERE id=2474787
	Index Scan using sbtest2_pkey on sbtest2  (cost=0.43..8.45 rows=1 width=121)
	  Index Cond: (id = 2474787)

table 3 : explain SELECT c FROM sbtest3 WHERE id=8086641
	Index Scan using sbtest3_pkey on sbtest3  (cost=0.43..8.45 rows=1 width=121)
	  Index Cond: (id = 8086641)

table 4 : explain SELECT c FROM sbtest4 WHERE id=1603951
	Index Scan using sbtest4_pkey on sbtest4  (cost=0.43..8.45 rows=1 width=121)
	  Index Cond: (id = 1603951)

table 5 : explain SELECT c FROM sbtest5 WHERE id=2131485
	Index Scan using sbtest5_pkey on sbtest5  (cost=0.43..8.45 rows=1 width=121)
	  Index Cond: (id = 2131485)

table 6 : explain SELECT c FROM sbtest6 WHERE id=5453688
	Index Scan using sbtest6_pkey on sbtest6  (cost=0.43..8.45 rows=1 width=121)
	  Index Cond: (id = 5453688)

table 7 : explain SELECT c FROM sbtest7 WHERE id=2700263
	Index Scan using sbtest7_pkey on sbtest7  (cost=0.43..8.45 rows=1 width=121)
	  Index Cond: (id = 2700263)

table 8 : explain SELECT c FROM sbtest8 WHERE id=9951552
	Index Scan using sbtest8_pkey on sbtest8  (cost=0.43..8.45 rows=1 width=121)
	  Index Cond: (id = 9951552)

explain: for inserts :: explain INSERT INTO sbtest%u (id, k, c, pad) VALUES (%u, 13, 'foobar', 'foobar')
for index_updates
table 1 : explain UPDATE sbtest1 SET k=k+1 WHERE id=5579252
	Update on sbtest1  (cost=0.43..8.46 rows=0 width=0)
	  ->  Index Scan using sbtest1_pkey on sbtest1  (cost=0.43..8.46 rows=1 width=10)
	        Index Cond: (id = 5579252)

table 2 : explain UPDATE sbtest2 SET k=k+1 WHERE id=9614552
	Update on sbtest2  (cost=0.43..8.46 rows=0 width=0)
	  ->  Index Scan using sbtest2_pkey on sbtest2  (cost=0.43..8.46 rows=1 width=10)
	        Index Cond: (id = 9614552)

table 3 : explain UPDATE sbtest3 SET k=k+1 WHERE id=4956559
	Update on sbtest3  (cost=0.43..8.46 rows=0 width=0)
	  ->  Index Scan using sbtest3_pkey on sbtest3  (cost=0.43..8.46 rows=1 width=10)
	        Index Cond: (id = 4956559)

table 4 : explain UPDATE sbtest4 SET k=k+1 WHERE id=2312800
	Update on sbtest4  (cost=0.43..8.46 rows=0 width=0)
	  ->  Index Scan using sbtest4_pkey on sbtest4  (cost=0.43..8.46 rows=1 width=10)
	        Index Cond: (id = 2312800)

table 5 : explain UPDATE sbtest5 SET k=k+1 WHERE id=1064375
	Update on sbtest5  (cost=0.43..8.46 rows=0 width=0)
	  ->  Index Scan using sbtest5_pkey on sbtest5  (cost=0.43..8.46 rows=1 width=10)
	        Index Cond: (id = 1064375)

table 6 : explain UPDATE sbtest6 SET k=k+1 WHERE id=3973641
	Update on sbtest6  (cost=0.43..8.46 rows=0 width=0)
	  ->  Index Scan using sbtest6_pkey on sbtest6  (cost=0.43..8.46 rows=1 width=10)
	        Index Cond: (id = 3973641)

table 7 : explain UPDATE sbtest7 SET k=k+1 WHERE id=659370
	Update on sbtest7  (cost=0.43..8.46 rows=0 width=0)
	  ->  Index Scan using sbtest7_pkey on sbtest7  (cost=0.43..8.46 rows=1 width=10)
	        Index Cond: (id = 659370)

table 8 : explain UPDATE sbtest8 SET k=k+1 WHERE id=4973743
	Update on sbtest8  (cost=0.43..8.46 rows=0 width=0)
	  ->  Index Scan using sbtest8_pkey on sbtest8  (cost=0.43..8.46 rows=1 width=10)
	        Index Cond: (id = 4973743)

for inserts
table 1 : explain INSERT INTO sbtest1 (id, k, c, pad) VALUES (8124822, 13, 'foobar', 'foobar')
	Insert on sbtest1  (cost=0.00..0.01 rows=0 width=0)
	  ->  Result  (cost=0.00..0.01 rows=1 width=736)

table 2 : explain INSERT INTO sbtest2 (id, k, c, pad) VALUES (7999147, 13, 'foobar', 'foobar')
	Insert on sbtest2  (cost=0.00..0.01 rows=0 width=0)
	  ->  Result  (cost=0.00..0.01 rows=1 width=736)

table 3 : explain INSERT INTO sbtest3 (id, k, c, pad) VALUES (175301, 13, 'foobar', 'foobar')
	Insert on sbtest3  (cost=0.00..0.01 rows=0 width=0)
	  ->  Result  (cost=0.00..0.01 rows=1 width=736)

table 4 : explain INSERT INTO sbtest4 (id, k, c, pad) VALUES (7666749, 13, 'foobar', 'foobar')
	Insert on sbtest4  (cost=0.00..0.01 rows=0 width=0)
	  ->  Result  (cost=0.00..0.01 rows=1 width=736)

table 5 : explain INSERT INTO sbtest5 (id, k, c, pad) VALUES (4065430, 13, 'foobar', 'foobar')
	Insert on sbtest5  (cost=0.00..0.01 rows=0 width=0)
	  ->  Result  (cost=0.00..0.01 rows=1 width=736)

table 6 : explain INSERT INTO sbtest6 (id, k, c, pad) VALUES (603377, 13, 'foobar', 'foobar')
	Insert on sbtest6  (cost=0.00..0.01 rows=0 width=0)
	  ->  Result  (cost=0.00..0.01 rows=1 width=736)

table 7 : explain INSERT INTO sbtest7 (id, k, c, pad) VALUES (6815893, 13, 'foobar', 'foobar')
	Insert on sbtest7  (cost=0.00..0.01 rows=0 width=0)
	  ->  Result  (cost=0.00..0.01 rows=1 width=736)

table 8 : explain INSERT INTO sbtest8 (id, k, c, pad) VALUES (666163, 13, 'foobar', 'foobar')
	Insert on sbtest8  (cost=0.00..0.01 rows=0 width=0)
	  ->  Result  (cost=0.00..0.01 rows=1 width=736)

explain: for non_index_updates :: explain UPDATE sbtest%u SET c='foobar' WHERE id=%u
explain: for inserts :: explain INSERT INTO sbtest%u (id, k, c, pad) VALUES (%u, 13, 'foobar', 'foobar')
for: simple_ranges
table 1 : explain SELECT c FROM sbtest1 WHERE id BETWEEN 3687874 AND 3687973
	Index Scan using sbtest1_pkey on sbtest1  (cost=0.43..409.55 rows=104 width=121)
	  Index Cond: ((id >= 3687874) AND (id <= 3687973))

table 2 : explain SELECT c FROM sbtest2 WHERE id BETWEEN 8938355 AND 8938454
	Index Scan using sbtest2_pkey on sbtest2  (cost=0.43..390.03 rows=99 width=121)
	  Index Cond: ((id >= 8938355) AND (id <= 8938454))

table 3 : explain SELECT c FROM sbtest3 WHERE id BETWEEN 3112036 AND 3112135
	Index Scan using sbtest3_pkey on sbtest3  (cost=0.43..396.53 rows=101 width=121)
	  Index Cond: ((id >= 3112036) AND (id <= 3112135))

table 4 : explain SELECT c FROM sbtest4 WHERE id BETWEEN 2792631 AND 2792730
	Index Scan using sbtest4_pkey on sbtest4  (cost=0.43..372.90 rows=95 width=121)
	  Index Cond: ((id >= 2792631) AND (id <= 2792730))

table 5 : explain SELECT c FROM sbtest5 WHERE id BETWEEN 6224869 AND 6224968
	Index Scan using sbtest5_pkey on sbtest5  (cost=0.43..414.64 rows=106 width=121)
	  Index Cond: ((id >= 6224869) AND (id <= 6224968))

table 6 : explain SELECT c FROM sbtest6 WHERE id BETWEEN 1641974 AND 1642073
	Index Scan using sbtest6_pkey on sbtest6  (cost=0.43..396.86 rows=101 width=121)
	  Index Cond: ((id >= 1641974) AND (id <= 1642073))

table 7 : explain SELECT c FROM sbtest7 WHERE id BETWEEN 1748763 AND 1748862
	Index Scan using sbtest7_pkey on sbtest7  (cost=0.43..429.20 rows=110 width=121)
	  Index Cond: ((id >= 1748763) AND (id <= 1748862))

table 8 : explain SELECT c FROM sbtest8 WHERE id BETWEEN 6980844 AND 6980943
	Index Scan using sbtest8_pkey on sbtest8  (cost=0.43..396.90 rows=102 width=121)
	  Index Cond: ((id >= 6980844) AND (id <= 6980943))

for index_updates
table 1 : explain UPDATE sbtest1 SET k=k+1 WHERE id=9630578
	Update on sbtest1  (cost=0.43..8.46 rows=0 width=0)
	  ->  Index Scan using sbtest1_pkey on sbtest1  (cost=0.43..8.46 rows=1 width=10)
	        Index Cond: (id = 9630578)

table 2 : explain UPDATE sbtest2 SET k=k+1 WHERE id=2976613
	Update on sbtest2  (cost=0.43..8.46 rows=0 width=0)
	  ->  Index Scan using sbtest2_pkey on sbtest2  (cost=0.43..8.46 rows=1 width=10)
	        Index Cond: (id = 2976613)

table 3 : explain UPDATE sbtest3 SET k=k+1 WHERE id=4310726
	Update on sbtest3  (cost=0.43..8.46 rows=0 width=0)
	  ->  Index Scan using sbtest3_pkey on sbtest3  (cost=0.43..8.46 rows=1 width=10)
	        Index Cond: (id = 4310726)

table 4 : explain UPDATE sbtest4 SET k=k+1 WHERE id=6994175
	Update on sbtest4  (cost=0.43..8.46 rows=0 width=0)
	  ->  Index Scan using sbtest4_pkey on sbtest4  (cost=0.43..8.46 rows=1 width=10)
	        Index Cond: (id = 6994175)

table 5 : explain UPDATE sbtest5 SET k=k+1 WHERE id=8380028
	Update on sbtest5  (cost=0.43..8.46 rows=0 width=0)
	  ->  Index Scan using sbtest5_pkey on sbtest5  (cost=0.43..8.46 rows=1 width=10)
	        Index Cond: (id = 8380028)

table 6 : explain UPDATE sbtest6 SET k=k+1 WHERE id=4323329
	Update on sbtest6  (cost=0.43..8.46 rows=0 width=0)
	  ->  Index Scan using sbtest6_pkey on sbtest6  (cost=0.43..8.46 rows=1 width=10)
	        Index Cond: (id = 4323329)

table 7 : explain UPDATE sbtest7 SET k=k+1 WHERE id=9143578
	Update on sbtest7  (cost=0.43..8.46 rows=0 width=0)
	  ->  Index Scan using sbtest7_pkey on sbtest7  (cost=0.43..8.46 rows=1 width=10)
	        Index Cond: (id = 9143578)

table 8 : explain UPDATE sbtest8 SET k=k+1 WHERE id=4212402
	Update on sbtest8  (cost=0.43..8.46 rows=0 width=0)
	  ->  Index Scan using sbtest8_pkey on sbtest8  (cost=0.43..8.46 rows=1 width=10)
	        Index Cond: (id = 4212402)

for inserts
table 1 : explain INSERT INTO sbtest1 (id, k, c, pad) VALUES (2373429, 13, 'foobar', 'foobar')
	Insert on sbtest1  (cost=0.00..0.01 rows=0 width=0)
	  ->  Result  (cost=0.00..0.01 rows=1 width=736)

table 2 : explain INSERT INTO sbtest2 (id, k, c, pad) VALUES (9568995, 13, 'foobar', 'foobar')
	Insert on sbtest2  (cost=0.00..0.01 rows=0 width=0)
	  ->  Result  (cost=0.00..0.01 rows=1 width=736)

table 3 : explain INSERT INTO sbtest3 (id, k, c, pad) VALUES (8872434, 13, 'foobar', 'foobar')
	Insert on sbtest3  (cost=0.00..0.01 rows=0 width=0)
	  ->  Result  (cost=0.00..0.01 rows=1 width=736)

table 4 : explain INSERT INTO sbtest4 (id, k, c, pad) VALUES (2798651, 13, 'foobar', 'foobar')
	Insert on sbtest4  (cost=0.00..0.01 rows=0 width=0)
	  ->  Result  (cost=0.00..0.01 rows=1 width=736)

table 5 : explain INSERT INTO sbtest5 (id, k, c, pad) VALUES (8160144, 13, 'foobar', 'foobar')
	Insert on sbtest5  (cost=0.00..0.01 rows=0 width=0)
	  ->  Result  (cost=0.00..0.01 rows=1 width=736)

table 6 : explain INSERT INTO sbtest6 (id, k, c, pad) VALUES (1343103, 13, 'foobar', 'foobar')
	Insert on sbtest6  (cost=0.00..0.01 rows=0 width=0)
	  ->  Result  (cost=0.00..0.01 rows=1 width=736)

table 7 : explain INSERT INTO sbtest7 (id, k, c, pad) VALUES (3064897, 13, 'foobar', 'foobar')
	Insert on sbtest7  (cost=0.00..0.01 rows=0 width=0)
	  ->  Result  (cost=0.00..0.01 rows=1 width=736)

table 8 : explain INSERT INTO sbtest8 (id, k, c, pad) VALUES (9827168, 13, 'foobar', 'foobar')
	Insert on sbtest8  (cost=0.00..0.01 rows=0 width=0)
	  ->  Result  (cost=0.00..0.01 rows=1 width=736)

explain: for non_index_updates :: explain UPDATE sbtest%u SET c='foobar' WHERE id=%u
for inserts
table 1 : explain INSERT INTO sbtest1 (id, k, c, pad) VALUES (3725707, 13, 'foobar', 'foobar')
	Insert on sbtest1  (cost=0.00..0.01 rows=0 width=0)
	  ->  Result  (cost=0.00..0.01 rows=1 width=736)

table 2 : explain INSERT INTO sbtest2 (id, k, c, pad) VALUES (5778164, 13, 'foobar', 'foobar')
	Insert on sbtest2  (cost=0.00..0.01 rows=0 width=0)
	  ->  Result  (cost=0.00..0.01 rows=1 width=736)

table 3 : explain INSERT INTO sbtest3 (id, k, c, pad) VALUES (9251939, 13, 'foobar', 'foobar')
	Insert on sbtest3  (cost=0.00..0.01 rows=0 width=0)
	  ->  Result  (cost=0.00..0.01 rows=1 width=736)

table 4 : explain INSERT INTO sbtest4 (id, k, c, pad) VALUES (2237969, 13, 'foobar', 'foobar')
	Insert on sbtest4  (cost=0.00..0.01 rows=0 width=0)
	  ->  Result  (cost=0.00..0.01 rows=1 width=736)

table 5 : explain INSERT INTO sbtest5 (id, k, c, pad) VALUES (8440588, 13, 'foobar', 'foobar')
	Insert on sbtest5  (cost=0.00..0.01 rows=0 width=0)
	  ->  Result  (cost=0.00..0.01 rows=1 width=736)

table 6 : explain INSERT INTO sbtest6 (id, k, c, pad) VALUES (2495137, 13, 'foobar', 'foobar')
	Insert on sbtest6  (cost=0.00..0.01 rows=0 width=0)
	  ->  Result  (cost=0.00..0.01 rows=1 width=736)

table 7 : explain INSERT INTO sbtest7 (id, k, c, pad) VALUES (6412329, 13, 'foobar', 'foobar')
	Insert on sbtest7  (cost=0.00..0.01 rows=0 width=0)
	  ->  Result  (cost=0.00..0.01 rows=1 width=736)

table 8 : explain INSERT INTO sbtest8 (id, k, c, pad) VALUES (2570847, 13, 'foobar', 'foobar')
	Insert on sbtest8  (cost=0.00..0.01 rows=0 width=0)
	  ->  Result  (cost=0.00..0.01 rows=1 width=736)

for: order_ranges
table 1 : explain SELECT c FROM sbtest1 WHERE id BETWEEN 8255724 AND 8255823 ORDER BY c
	Sort  (cost=416.97..417.23 rows=105 width=121)
	  Sort Key: c
	  ->  Index Scan using sbtest1_pkey on sbtest1  (cost=0.43..413.44 rows=105 width=121)
	        Index Cond: ((id >= 8255724) AND (id <= 8255823))

table 2 : explain SELECT c FROM sbtest2 WHERE id BETWEEN 1188402 AND 1188501 ORDER BY c
	Sort  (cost=424.82..425.08 rows=107 width=121)
	  Sort Key: c
	  ->  Index Scan using sbtest2_pkey on sbtest2  (cost=0.43..421.21 rows=107 width=121)
	        Index Cond: ((id >= 1188402) AND (id <= 1188501))

table 3 : explain SELECT c FROM sbtest3 WHERE id BETWEEN 8997252 AND 8997351 ORDER BY c
	Sort  (cost=399.89..400.14 rows=101 width=121)
	  Sort Key: c
	  ->  Index Scan using sbtest3_pkey on sbtest3  (cost=0.43..396.53 rows=101 width=121)
	        Index Cond: ((id >= 8997252) AND (id <= 8997351))

table 4 : explain SELECT c FROM sbtest4 WHERE id BETWEEN 2902787 AND 2902886 ORDER BY c
	Sort  (cost=399.55..399.80 rows=101 width=121)
	  Sort Key: c
	  ->  Index Scan using sbtest4_pkey on sbtest4  (cost=0.43..396.19 rows=101 width=121)
	        Index Cond: ((id >= 2902787) AND (id <= 2902886))

table 5 : explain SELECT c FROM sbtest5 WHERE id BETWEEN 7232637 AND 7232736 ORDER BY c
	Sort  (cost=390.85..391.09 rows=99 width=121)
	  Sort Key: c
	  ->  Index Scan using sbtest5_pkey on sbtest5  (cost=0.43..387.56 rows=99 width=121)
	        Index Cond: ((id >= 7232637) AND (id <= 7232736))

table 6 : explain SELECT c FROM sbtest6 WHERE id BETWEEN 2053336 AND 2053435 ORDER BY c
	Sort  (cost=404.15..404.40 rows=102 width=121)
	  Sort Key: c
	  ->  Index Scan using sbtest6_pkey on sbtest6  (cost=0.43..400.74 rows=102 width=121)
	        Index Cond: ((id >= 2053336) AND (id <= 2053435))

table 7 : explain SELECT c FROM sbtest7 WHERE id BETWEEN 501532 AND 501631 ORDER BY c
	Sort  (cost=401.73..401.98 rows=102 width=121)
	  Sort Key: c
	  ->  Index Scan using sbtest7_pkey on sbtest7  (cost=0.43..398.33 rows=102 width=121)
	        Index Cond: ((id >= 501532) AND (id <= 501631))

table 8 : explain SELECT c FROM sbtest8 WHERE id BETWEEN 7859164 AND 7859263 ORDER BY c
	Sort  (cost=396.42..396.67 rows=101 width=121)
	  Sort Key: c
	  ->  Index Scan using sbtest8_pkey on sbtest8  (cost=0.43..393.05 rows=101 width=121)
	        Index Cond: ((id >= 7859164) AND (id <= 7859263))

for non_index_updates
table 1 : explain UPDATE sbtest1 SET c='foobar' WHERE id=7739732
	Update on sbtest1  (cost=0.43..8.45 rows=0 width=0)
	  ->  Index Scan using sbtest1_pkey on sbtest1  (cost=0.43..8.45 rows=1 width=490)
	        Index Cond: (id = 7739732)

table 2 : explain UPDATE sbtest2 SET c='foobar' WHERE id=3272519
	Update on sbtest2  (cost=0.43..8.45 rows=0 width=0)
	  ->  Index Scan using sbtest2_pkey on sbtest2  (cost=0.43..8.45 rows=1 width=490)
	        Index Cond: (id = 3272519)

table 3 : explain UPDATE sbtest3 SET c='foobar' WHERE id=5641047
	Update on sbtest3  (cost=0.43..8.45 rows=0 width=0)
	  ->  Index Scan using sbtest3_pkey on sbtest3  (cost=0.43..8.45 rows=1 width=490)
	        Index Cond: (id = 5641047)

table 4 : explain UPDATE sbtest4 SET c='foobar' WHERE id=3448146
	Update on sbtest4  (cost=0.43..8.45 rows=0 width=0)
	  ->  Index Scan using sbtest4_pkey on sbtest4  (cost=0.43..8.45 rows=1 width=490)
	        Index Cond: (id = 3448146)

table 5 : explain UPDATE sbtest5 SET c='foobar' WHERE id=3925182
	Update on sbtest5  (cost=0.43..8.45 rows=0 width=0)
	  ->  Index Scan using sbtest5_pkey on sbtest5  (cost=0.43..8.45 rows=1 width=490)
	        Index Cond: (id = 3925182)

table 6 : explain UPDATE sbtest6 SET c='foobar' WHERE id=3602046
	Update on sbtest6  (cost=0.43..8.45 rows=0 width=0)
	  ->  Index Scan using sbtest6_pkey on sbtest6  (cost=0.43..8.45 rows=1 width=490)
	        Index Cond: (id = 3602046)

table 7 : explain UPDATE sbtest7 SET c='foobar' WHERE id=6650271
	Update on sbtest7  (cost=0.43..8.45 rows=0 width=0)
	  ->  Index Scan using sbtest7_pkey on sbtest7  (cost=0.43..8.45 rows=1 width=490)
	        Index Cond: (id = 6650271)

table 8 : explain UPDATE sbtest8 SET c='foobar' WHERE id=248057
	Update on sbtest8  (cost=0.43..8.45 rows=0 width=0)
	  ->  Index Scan using sbtest8_pkey on sbtest8  (cost=0.43..8.45 rows=1 width=490)
	        Index Cond: (id = 248057)

explain: for non_index_updates :: explain UPDATE sbtest%u SET c='foobar' WHERE id=%u
for non_index_updates
table 1 : explain UPDATE sbtest1 SET c='foobar' WHERE id=71619
	Update on sbtest1  (cost=0.43..8.45 rows=0 width=0)
	  ->  Index Scan using sbtest1_pkey on sbtest1  (cost=0.43..8.45 rows=1 width=490)
	        Index Cond: (id = 71619)

table 2 : explain UPDATE sbtest2 SET c='foobar' WHERE id=4310131
	Update on sbtest2  (cost=0.43..8.45 rows=0 width=0)
	  ->  Index Scan using sbtest2_pkey on sbtest2  (cost=0.43..8.45 rows=1 width=490)
	        Index Cond: (id = 4310131)

table 3 : explain UPDATE sbtest3 SET c='foobar' WHERE id=9259010
	Update on sbtest3  (cost=0.43..8.45 rows=0 width=0)
	  ->  Index Scan using sbtest3_pkey on sbtest3  (cost=0.43..8.45 rows=1 width=490)
	        Index Cond: (id = 9259010)

table 4 : explain UPDATE sbtest4 SET c='foobar' WHERE id=829403
	Update on sbtest4  (cost=0.43..8.45 rows=0 width=0)
	  ->  Index Scan using sbtest4_pkey on sbtest4  (cost=0.43..8.45 rows=1 width=490)
	        Index Cond: (id = 829403)

table 5 : explain UPDATE sbtest5 SET c='foobar' WHERE id=3396703
	Update on sbtest5  (cost=0.43..8.45 rows=0 width=0)
	  ->  Index Scan using sbtest5_pkey on sbtest5  (cost=0.43..8.45 rows=1 width=490)
	        Index Cond: (id = 3396703)

table 6 : explain UPDATE sbtest6 SET c='foobar' WHERE id=4075735
	Update on sbtest6  (cost=0.43..8.45 rows=0 width=0)
	  ->  Index Scan using sbtest6_pkey on sbtest6  (cost=0.43..8.45 rows=1 width=490)
	        Index Cond: (id = 4075735)

table 7 : explain UPDATE sbtest7 SET c='foobar' WHERE id=1599289
	Update on sbtest7  (cost=0.43..8.45 rows=0 width=0)
	  ->  Index Scan using sbtest7_pkey on sbtest7  (cost=0.43..8.45 rows=1 width=490)
	        Index Cond: (id = 1599289)

table 8 : explain UPDATE sbtest8 SET c='foobar' WHERE id=1493770
	Update on sbtest8  (cost=0.43..8.45 rows=0 width=0)
	  ->  Index Scan using sbtest8_pkey on sbtest8  (cost=0.43..8.45 rows=1 width=490)
	        Index Cond: (id = 1493770)

explain: for deletes :: explain DELETE FROM sbtest%u WHERE id=%u
explain: for non_index_updates :: explain UPDATE sbtest%u SET c='foobar' WHERE id=%u
explain: for deletes :: explain DELETE FROM sbtest%u WHERE id=%u
for deletes
table 1 : explain DELETE FROM sbtest1 WHERE id=1126304
	Delete on sbtest1  (cost=0.43..8.45 rows=0 width=0)
	  ->  Index Scan using sbtest1_pkey on sbtest1  (cost=0.43..8.45 rows=1 width=6)
	        Index Cond: (id = 1126304)

table 2 : explain DELETE FROM sbtest2 WHERE id=9575550
	Delete on sbtest2  (cost=0.43..8.45 rows=0 width=0)
	  ->  Index Scan using sbtest2_pkey on sbtest2  (cost=0.43..8.45 rows=1 width=6)
	        Index Cond: (id = 9575550)

table 3 : explain DELETE FROM sbtest3 WHERE id=1003715
	Delete on sbtest3  (cost=0.43..8.45 rows=0 width=0)
	  ->  Index Scan using sbtest3_pkey on sbtest3  (cost=0.43..8.45 rows=1 width=6)
	        Index Cond: (id = 1003715)

table 4 : explain DELETE FROM sbtest4 WHERE id=4610747
	Delete on sbtest4  (cost=0.43..8.45 rows=0 width=0)
	  ->  Index Scan using sbtest4_pkey on sbtest4  (cost=0.43..8.45 rows=1 width=6)
	        Index Cond: (id = 4610747)

table 5 : explain DELETE FROM sbtest5 WHERE id=1320768
	Delete on sbtest5  (cost=0.43..8.45 rows=0 width=0)
	  ->  Index Scan using sbtest5_pkey on sbtest5  (cost=0.43..8.45 rows=1 width=6)
	        Index Cond: (id = 1320768)

table 6 : explain DELETE FROM sbtest6 WHERE id=2630578
	Delete on sbtest6  (cost=0.43..8.45 rows=0 width=0)
	  ->  Index Scan using sbtest6_pkey on sbtest6  (cost=0.43..8.45 rows=1 width=6)
	        Index Cond: (id = 2630578)

table 7 : explain DELETE FROM sbtest7 WHERE id=1057529
	Delete on sbtest7  (cost=0.43..8.45 rows=0 width=0)
	  ->  Index Scan using sbtest7_pkey on sbtest7  (cost=0.43..8.45 rows=1 width=6)
	        Index Cond: (id = 1057529)

table 8 : explain DELETE FROM sbtest8 WHERE id=8479214
	Delete on sbtest8  (cost=0.43..8.45 rows=0 width=0)
	  ->  Index Scan using sbtest8_pkey on sbtest8  (cost=0.43..8.45 rows=1 width=6)
	        Index Cond: (id = 8479214)

for point_selects
table 1 : explain SELECT c FROM sbtest1 WHERE id=2752083
	Index Scan using sbtest1_pkey on sbtest1  (cost=0.43..8.45 rows=1 width=121)
	  Index Cond: (id = 2752083)

table 2 : explain SELECT c FROM sbtest2 WHERE id=9343896
	Index Scan using sbtest2_pkey on sbtest2  (cost=0.43..8.45 rows=1 width=121)
	  Index Cond: (id = 9343896)

table 3 : explain SELECT c FROM sbtest3 WHERE id=5041016
	Index Scan using sbtest3_pkey on sbtest3  (cost=0.43..8.45 rows=1 width=121)
	  Index Cond: (id = 5041016)

table 4 : explain SELECT c FROM sbtest4 WHERE id=1395510
	Index Scan using sbtest4_pkey on sbtest4  (cost=0.43..8.45 rows=1 width=121)
	  Index Cond: (id = 1395510)

table 5 : explain SELECT c FROM sbtest5 WHERE id=5643181
	Index Scan using sbtest5_pkey on sbtest5  (cost=0.43..8.45 rows=1 width=121)
	  Index Cond: (id = 5643181)

table 6 : explain SELECT c FROM sbtest6 WHERE id=6800704
	Index Scan using sbtest6_pkey on sbtest6  (cost=0.43..8.45 rows=1 width=121)
	  Index Cond: (id = 6800704)

table 7 : explain SELECT c FROM sbtest7 WHERE id=5406810
	Index Scan using sbtest7_pkey on sbtest7  (cost=0.43..8.45 rows=1 width=121)
	  Index Cond: (id = 5406810)

table 8 : explain SELECT c FROM sbtest8 WHERE id=2104869
	Index Scan using sbtest8_pkey on sbtest8  (cost=0.43..8.45 rows=1 width=121)
	  Index Cond: (id = 2104869)

for: simple_ranges
table 1 : explain SELECT c FROM sbtest1 WHERE id BETWEEN 8576988 AND 8577087
	Index Scan using sbtest1_pkey on sbtest1  (cost=0.43..397.84 rows=101 width=121)
	  Index Cond: ((id >= 8576988) AND (id <= 8577087))

table 2 : explain SELECT c FROM sbtest2 WHERE id BETWEEN 4375821 AND 4375920
	Index Scan using sbtest2_pkey on sbtest2  (cost=0.43..417.32 rows=106 width=121)
	  Index Cond: ((id >= 4375821) AND (id <= 4375920))

table 3 : explain SELECT c FROM sbtest3 WHERE id BETWEEN 5907970 AND 5908069
	Index Scan using sbtest3_pkey on sbtest3  (cost=0.43..392.65 rows=100 width=121)
	  Index Cond: ((id >= 5907970) AND (id <= 5908069))

table 4 : explain SELECT c FROM sbtest4 WHERE id BETWEEN 6556071 AND 6556170
	Index Scan using sbtest4_pkey on sbtest4  (cost=0.43..396.19 rows=101 width=121)
	  Index Cond: ((id >= 6556071) AND (id <= 6556170))

table 5 : explain SELECT c FROM sbtest5 WHERE id BETWEEN 9865017 AND 9865116
	Index Scan using sbtest5_pkey on sbtest5  (cost=0.43..375.92 rows=96 width=121)
	  Index Cond: ((id >= 9865017) AND (id <= 9865116))

table 6 : explain SELECT c FROM sbtest6 WHERE id BETWEEN 1042617 AND 1042716
	Index Scan using sbtest6_pkey on sbtest6  (cost=0.43..389.09 rows=99 width=121)
	  Index Cond: ((id >= 1042617) AND (id <= 1042716))

table 7 : explain SELECT c FROM sbtest7 WHERE id BETWEEN 5718303 AND 5718402
	Index Scan using sbtest7_pkey on sbtest7  (cost=0.43..402.18 rows=103 width=121)
	  Index Cond: ((id >= 5718303) AND (id <= 5718402))

table 8 : explain SELECT c FROM sbtest8 WHERE id BETWEEN 6065521 AND 6065620
	Index Scan using sbtest8_pkey on sbtest8  (cost=0.43..396.90 rows=102 width=121)
	  Index Cond: ((id >= 6065521) AND (id <= 6065620))

for deletes
table 1 : explain DELETE FROM sbtest1 WHERE id=8123517
	Delete on sbtest1  (cost=0.43..8.45 rows=0 width=0)
	  ->  Index Scan using sbtest1_pkey on sbtest1  (cost=0.43..8.45 rows=1 width=6)
	        Index Cond: (id = 8123517)

table 2 : explain DELETE FROM sbtest2 WHERE id=8243265
	Delete on sbtest2  (cost=0.43..8.45 rows=0 width=0)
	  ->  Index Scan using sbtest2_pkey on sbtest2  (cost=0.43..8.45 rows=1 width=6)
	        Index Cond: (id = 8243265)

table 3 : explain DELETE FROM sbtest3 WHERE id=4582390
	Delete on sbtest3  (cost=0.43..8.45 rows=0 width=0)
	  ->  Index Scan using sbtest3_pkey on sbtest3  (cost=0.43..8.45 rows=1 width=6)
	        Index Cond: (id = 4582390)

table 4 : explain DELETE FROM sbtest4 WHERE id=5973848
	Delete on sbtest4  (cost=0.43..8.45 rows=0 width=0)
	  ->  Index Scan using sbtest4_pkey on sbtest4  (cost=0.43..8.45 rows=1 width=6)
	        Index Cond: (id = 5973848)

table 5 : explain DELETE FROM sbtest5 WHERE id=6057607
	Delete on sbtest5  (cost=0.43..8.45 rows=0 width=0)
	  ->  Index Scan using sbtest5_pkey on sbtest5  (cost=0.43..8.45 rows=1 width=6)
	        Index Cond: (id = 6057607)

table 6 : explain DELETE FROM sbtest6 WHERE id=5642799
	Delete on sbtest6  (cost=0.43..8.45 rows=0 width=0)
	  ->  Index Scan using sbtest6_pkey on sbtest6  (cost=0.43..8.45 rows=1 width=6)
	        Index Cond: (id = 5642799)

table 7 : explain DELETE FROM sbtest7 WHERE id=9293191
	Delete on sbtest7  (cost=0.43..8.45 rows=0 width=0)
	  ->  Index Scan using sbtest7_pkey on sbtest7  (cost=0.43..8.45 rows=1 width=6)
	        Index Cond: (id = 9293191)

table 8 : explain DELETE FROM sbtest8 WHERE id=1625561
	Delete on sbtest8  (cost=0.43..8.45 rows=0 width=0)
	  ->  Index Scan using sbtest8_pkey on sbtest8  (cost=0.43..8.45 rows=1 width=6)
	        Index Cond: (id = 1625561)

explain: for inserts :: explain INSERT INTO sbtest%u (id, k, c, pad) VALUES (%u, 13, 'foobar', 'foobar')
for: sum_ranges
table 1 : explain SELECT SUM(k) FROM sbtest1 WHERE id BETWEEN 9104639 AND 9104738
	Aggregate  (cost=363.03..363.04 rows=1 width=8)
	  ->  Index Scan using sbtest1_pkey on sbtest1  (cost=0.43..362.80 rows=92 width=4)
	        Index Cond: ((id >= 9104639) AND (id <= 9104738))

table 2 : explain SELECT SUM(k) FROM sbtest2 WHERE id BETWEEN 2223841 AND 2223940
	Aggregate  (cost=425.37..425.38 rows=1 width=8)
	  ->  Index Scan using sbtest2_pkey on sbtest2  (cost=0.43..425.10 rows=108 width=4)
	        Index Cond: ((id >= 2223841) AND (id <= 2223940))

table 3 : explain SELECT SUM(k) FROM sbtest3 WHERE id BETWEEN 1902484 AND 1902583
	Aggregate  (cost=388.98..388.99 rows=1 width=8)
	  ->  Index Scan using sbtest3_pkey on sbtest3  (cost=0.43..388.73 rows=99 width=4)
	        Index Cond: ((id >= 1902484) AND (id <= 1902583))

table 4 : explain SELECT SUM(k) FROM sbtest4 WHERE id BETWEEN 7121211 AND 7121310
	Aggregate  (cost=427.47..427.48 rows=1 width=8)
	  ->  Index Scan using sbtest4_pkey on sbtest4  (cost=0.43..427.20 rows=109 width=4)
	        Index Cond: ((id >= 7121211) AND (id <= 7121310))

table 5 : explain SELECT SUM(k) FROM sbtest5 WHERE id BETWEEN 790136 AND 790235
	Aggregate  (cost=383.90..383.91 rows=1 width=8)
	  ->  Index Scan using sbtest5_pkey on sbtest5  (cost=0.43..383.66 rows=98 width=4)
	        Index Cond: ((id >= 790136) AND (id <= 790235))

table 6 : explain SELECT SUM(k) FROM sbtest6 WHERE id BETWEEN 226004 AND 226103
	Aggregate  (cost=412.66..412.67 rows=1 width=8)
	  ->  Index Scan using sbtest6_pkey on sbtest6  (cost=0.43..412.39 rows=105 width=4)
	        Index Cond: ((id >= 226004) AND (id <= 226103))

table 7 : explain SELECT SUM(k) FROM sbtest7 WHERE id BETWEEN 1433598 AND 1433697
	Aggregate  (cost=425.61..425.62 rows=1 width=8)
	  ->  Index Scan using sbtest7_pkey on sbtest7  (cost=0.43..425.34 rows=109 width=4)
	        Index Cond: ((id >= 1433598) AND (id <= 1433697))

table 8 : explain SELECT SUM(k) FROM sbtest8 WHERE id BETWEEN 1039605 AND 1039704
	Aggregate  (cost=389.46..389.47 rows=1 width=8)
	  ->  Index Scan using sbtest8_pkey on sbtest8  (cost=0.43..389.21 rows=100 width=4)
	        Index Cond: ((id >= 1039605) AND (id <= 1039704))

for non_index_updates
table 1 : explain UPDATE sbtest1 SET c='foobar' WHERE id=7880645
	Update on sbtest1  (cost=0.43..8.45 rows=0 width=0)
	  ->  Index Scan using sbtest1_pkey on sbtest1  (cost=0.43..8.45 rows=1 width=490)
	        Index Cond: (id = 7880645)

table 2 : explain UPDATE sbtest2 SET c='foobar' WHERE id=2408395
	Update on sbtest2  (cost=0.43..8.45 rows=0 width=0)
	  ->  Index Scan using sbtest2_pkey on sbtest2  (cost=0.43..8.45 rows=1 width=490)
	        Index Cond: (id = 2408395)

table 3 : explain UPDATE sbtest3 SET c='foobar' WHERE id=9605766
	Update on sbtest3  (cost=0.43..8.45 rows=0 width=0)
	  ->  Index Scan using sbtest3_pkey on sbtest3  (cost=0.43..8.45 rows=1 width=490)
	        Index Cond: (id = 9605766)

table 4 : explain UPDATE sbtest4 SET c='foobar' WHERE id=8716296
	Update on sbtest4  (cost=0.43..8.45 rows=0 width=0)
	  ->  Index Scan using sbtest4_pkey on sbtest4  (cost=0.43..8.45 rows=1 width=490)
	        Index Cond: (id = 8716296)

table 5 : explain UPDATE sbtest5 SET c='foobar' WHERE id=5286687
	Update on sbtest5  (cost=0.43..8.45 rows=0 width=0)
	  ->  Index Scan using sbtest5_pkey on sbtest5  (cost=0.43..8.45 rows=1 width=490)
	        Index Cond: (id = 5286687)

table 6 : explain UPDATE sbtest6 SET c='foobar' WHERE id=7747897
	Update on sbtest6  (cost=0.43..8.45 rows=0 width=0)
	  ->  Index Scan using sbtest6_pkey on sbtest6  (cost=0.43..8.45 rows=1 width=490)
	        Index Cond: (id = 7747897)

table 7 : explain UPDATE sbtest7 SET c='foobar' WHERE id=5908773
	Update on sbtest7  (cost=0.43..8.45 rows=0 width=0)
	  ->  Index Scan using sbtest7_pkey on sbtest7  (cost=0.43..8.45 rows=1 width=490)
	        Index Cond: (id = 5908773)

table 8 : explain UPDATE sbtest8 SET c='foobar' WHERE id=3510181
	Update on sbtest8  (cost=0.43..8.45 rows=0 width=0)
	  ->  Index Scan using sbtest8_pkey on sbtest8  (cost=0.43..8.45 rows=1 width=490)
	        Index Cond: (id = 3510181)

for non_index_updates
table 1 : explain UPDATE sbtest1 SET c='foobar' WHERE id=3234117
	Update on sbtest1  (cost=0.43..8.45 rows=0 width=0)
	  ->  Index Scan using sbtest1_pkey on sbtest1  (cost=0.43..8.45 rows=1 width=490)
	        Index Cond: (id = 3234117)

table 2 : explain UPDATE sbtest2 SET c='foobar' WHERE id=6047413
	Update on sbtest2  (cost=0.43..8.45 rows=0 width=0)
	  ->  Index Scan using sbtest2_pkey on sbtest2  (cost=0.43..8.45 rows=1 width=490)
	        Index Cond: (id = 6047413)

table 3 : explain UPDATE sbtest3 SET c='foobar' WHERE id=5229489
	Update on sbtest3  (cost=0.43..8.45 rows=0 width=0)
	  ->  Index Scan using sbtest3_pkey on sbtest3  (cost=0.43..8.45 rows=1 width=490)
	        Index Cond: (id = 5229489)

table 4 : explain UPDATE sbtest4 SET c='foobar' WHERE id=3326795
	Update on sbtest4  (cost=0.43..8.45 rows=0 width=0)
	  ->  Index Scan using sbtest4_pkey on sbtest4  (cost=0.43..8.45 rows=1 width=490)
	        Index Cond: (id = 3326795)

table 5 : explain UPDATE sbtest5 SET c='foobar' WHERE id=3922745
	Update on sbtest5  (cost=0.43..8.45 rows=0 width=0)
	  ->  Index Scan using sbtest5_pkey on sbtest5  (cost=0.43..8.45 rows=1 width=490)
	        Index Cond: (id = 3922745)

table 6 : explain UPDATE sbtest6 SET c='foobar' WHERE id=9788157
	Update on sbtest6  (cost=0.43..8.45 rows=0 width=0)
	  ->  Index Scan using sbtest6_pkey on sbtest6  (cost=0.43..8.45 rows=1 width=490)
	        Index Cond: (id = 9788157)

table 7 : explain UPDATE sbtest7 SET c='foobar' WHERE id=1644179
	Update on sbtest7  (cost=0.43..8.45 rows=0 width=0)
	  ->  Index Scan using sbtest7_pkey on sbtest7  (cost=0.43..8.45 rows=1 width=490)
	        Index Cond: (id = 1644179)

table 8 : explain UPDATE sbtest8 SET c='foobar' WHERE id=8244488
	Update on sbtest8  (cost=0.43..8.45 rows=0 width=0)
	  ->  Index Scan using sbtest8_pkey on sbtest8  (cost=0.43..8.45 rows=1 width=490)
	        Index Cond: (id = 8244488)

explain: for inserts :: explain INSERT INTO sbtest%u (id, k, c, pad) VALUES (%u, 13, 'foobar', 'foobar')
for inserts
table 1 : explain INSERT INTO sbtest1 (id, k, c, pad) VALUES (6699731, 13, 'foobar', 'foobar')
	Insert on sbtest1  (cost=0.00..0.01 rows=0 width=0)
	  ->  Result  (cost=0.00..0.01 rows=1 width=736)

table 2 : explain INSERT INTO sbtest2 (id, k, c, pad) VALUES (3961115, 13, 'foobar', 'foobar')
	Insert on sbtest2  (cost=0.00..0.01 rows=0 width=0)
	  ->  Result  (cost=0.00..0.01 rows=1 width=736)

table 3 : explain INSERT INTO sbtest3 (id, k, c, pad) VALUES (6172907, 13, 'foobar', 'foobar')
	Insert on sbtest3  (cost=0.00..0.01 rows=0 width=0)
	  ->  Result  (cost=0.00..0.01 rows=1 width=736)

table 4 : explain INSERT INTO sbtest4 (id, k, c, pad) VALUES (3527947, 13, 'foobar', 'foobar')
	Insert on sbtest4  (cost=0.00..0.01 rows=0 width=0)
	  ->  Result  (cost=0.00..0.01 rows=1 width=736)

table 5 : explain INSERT INTO sbtest5 (id, k, c, pad) VALUES (6762960, 13, 'foobar', 'foobar')
	Insert on sbtest5  (cost=0.00..0.01 rows=0 width=0)
	  ->  Result  (cost=0.00..0.01 rows=1 width=736)

table 6 : explain INSERT INTO sbtest6 (id, k, c, pad) VALUES (6797815, 13, 'foobar', 'foobar')
	Insert on sbtest6  (cost=0.00..0.01 rows=0 width=0)
	  ->  Result  (cost=0.00..0.01 rows=1 width=736)

table 7 : explain INSERT INTO sbtest7 (id, k, c, pad) VALUES (6900762, 13, 'foobar', 'foobar')
	Insert on sbtest7  (cost=0.00..0.01 rows=0 width=0)
	  ->  Result  (cost=0.00..0.01 rows=1 width=736)

table 8 : explain INSERT INTO sbtest8 (id, k, c, pad) VALUES (8578302, 13, 'foobar', 'foobar')
	Insert on sbtest8  (cost=0.00..0.01 rows=0 width=0)
	  ->  Result  (cost=0.00..0.01 rows=1 width=736)

for: simple_ranges
table 1 : explain SELECT c FROM sbtest1 WHERE id BETWEEN 5871380 AND 5871479
	Index Scan using sbtest1_pkey on sbtest1  (cost=0.43..358.90 rows=91 width=121)
	  Index Cond: ((id >= 5871380) AND (id <= 5871479))

table 2 : explain SELECT c FROM sbtest2 WHERE id BETWEEN 2080006 AND 2080105
	Index Scan using sbtest2_pkey on sbtest2  (cost=0.43..405.64 rows=103 width=121)
	  Index Cond: ((id >= 2080006) AND (id <= 2080105))

table 3 : explain SELECT c FROM sbtest3 WHERE id BETWEEN 8504542 AND 8504641
	Index Scan using sbtest3_pkey on sbtest3  (cost=0.43..415.92 rows=106 width=121)
	  Index Cond: ((id >= 8504542) AND (id <= 8504641))

table 4 : explain SELECT c FROM sbtest4 WHERE id BETWEEN 1754900 AND 1754999
	Index Scan using sbtest4_pkey on sbtest4  (cost=0.43..400.07 rows=102 width=121)
	  Index Cond: ((id >= 1754900) AND (id <= 1754999))

table 5 : explain SELECT c FROM sbtest5 WHERE id BETWEEN 3233771 AND 3233870
	Index Scan using sbtest5_pkey on sbtest5  (cost=0.43..399.17 rows=102 width=121)
	  Index Cond: ((id >= 3233771) AND (id <= 3233870))

table 6 : explain SELECT c FROM sbtest6 WHERE id BETWEEN 3602743 AND 3602842
	Index Scan using sbtest6_pkey on sbtest6  (cost=0.43..373.53 rows=95 width=121)
	  Index Cond: ((id >= 3602743) AND (id <= 3602842))

table 7 : explain SELECT c FROM sbtest7 WHERE id BETWEEN 2142112 AND 2142211
	Index Scan using sbtest7_pkey on sbtest7  (cost=0.43..402.18 rows=103 width=121)
	  Index Cond: ((id >= 2142112) AND (id <= 2142211))

table 8 : explain SELECT c FROM sbtest8 WHERE id BETWEEN 3552820 AND 3552919
	Index Scan using sbtest8_pkey on sbtest8  (cost=0.43..431.50 rows=111 width=121)
	  Index Cond: ((id >= 3552820) AND (id <= 3552919))

explain: for point_selects :: explain SELECT c FROM sbtest%u WHERE id=%u
for inserts
table 1 : explain INSERT INTO sbtest1 (id, k, c, pad) VALUES (6344700, 13, 'foobar', 'foobar')
	Insert on sbtest1  (cost=0.00..0.01 rows=0 width=0)
	  ->  Result  (cost=0.00..0.01 rows=1 width=736)

table 2 : explain INSERT INTO sbtest2 (id, k, c, pad) VALUES (4601448, 13, 'foobar', 'foobar')
	Insert on sbtest2  (cost=0.00..0.01 rows=0 width=0)
	  ->  Result  (cost=0.00..0.01 rows=1 width=736)

table 3 : explain INSERT INTO sbtest3 (id, k, c, pad) VALUES (5055203, 13, 'foobar', 'foobar')
	Insert on sbtest3  (cost=0.00..0.01 rows=0 width=0)
	  ->  Result  (cost=0.00..0.01 rows=1 width=736)

table 4 : explain INSERT INTO sbtest4 (id, k, c, pad) VALUES (3749179, 13, 'foobar', 'foobar')
	Insert on sbtest4  (cost=0.00..0.01 rows=0 width=0)
	  ->  Result  (cost=0.00..0.01 rows=1 width=736)

table 5 : explain INSERT INTO sbtest5 (id, k, c, pad) VALUES (844902, 13, 'foobar', 'foobar')
	Insert on sbtest5  (cost=0.00..0.01 rows=0 width=0)
	  ->  Result  (cost=0.00..0.01 rows=1 width=736)

table 6 : explain INSERT INTO sbtest6 (id, k, c, pad) VALUES (9472773, 13, 'foobar', 'foobar')
	Insert on sbtest6  (cost=0.00..0.01 rows=0 width=0)
	  ->  Result  (cost=0.00..0.01 rows=1 width=736)

table 7 : explain INSERT INTO sbtest7 (id, k, c, pad) VALUES (1251059, 13, 'foobar', 'foobar')
	Insert on sbtest7  (cost=0.00..0.01 rows=0 width=0)
	  ->  Result  (cost=0.00..0.01 rows=1 width=736)

table 8 : explain INSERT INTO sbtest8 (id, k, c, pad) VALUES (483359, 13, 'foobar', 'foobar')
	Insert on sbtest8  (cost=0.00..0.01 rows=0 width=0)
	  ->  Result  (cost=0.00..0.01 rows=1 width=736)
explain: for deletes :: explain DELETE FROM sbtest%u WHERE id=%u

for: sum_ranges
table 1 : explain SELECT SUM(k) FROM sbtest1 WHERE id BETWEEN 9753497 AND 9753596
	Aggregate  (cost=402.02..402.03 rows=1 width=8)
	  ->  Index Scan using sbtest1_pkey on sbtest1  (cost=0.43..401.76 rows=102 width=4)
	        Index Cond: ((id >= 9753497) AND (id <= 9753596))

table 2 : explain SELECT SUM(k) FROM sbtest2 WHERE id BETWEEN 9921900 AND 9921999
	Aggregate  (cost=398.10..398.11 rows=1 width=8)
	  ->  Index Scan using sbtest2_pkey on sbtest2  (cost=0.43..397.85 rows=101 width=4)
	        Index Cond: ((id >= 9921900) AND (id <= 9921999))

table 3 : explain SELECT SUM(k) FROM sbtest3 WHERE id BETWEEN 1188856 AND 1188955
	Aggregate  (cost=354.04..354.05 rows=1 width=8)
	  ->  Index Scan using sbtest3_pkey on sbtest3  (cost=0.43..353.81 rows=90 width=4)
	        Index Cond: ((id >= 1188856) AND (id <= 1188955))

table 4 : explain SELECT SUM(k) FROM sbtest4 WHERE id BETWEEN 5871548 AND 5871647
	Aggregate  (cost=369.25..369.26 rows=1 width=8)
	  ->  Index Scan using sbtest4_pkey on sbtest4  (cost=0.43..369.02 rows=94 width=4)
	        Index Cond: ((id >= 5871548) AND (id <= 5871647))

table 5 : explain SELECT SUM(k) FROM sbtest5 WHERE id BETWEEN 2577654 AND 2577753
	Aggregate  (cost=414.90..414.91 rows=1 width=8)
	  ->  Index Scan using sbtest5_pkey on sbtest5  (cost=0.43..414.64 rows=106 width=4)
	        Index Cond: ((id >= 2577654) AND (id <= 2577753))

table 6 : explain SELECT SUM(k) FROM sbtest6 WHERE id BETWEEN 1353463 AND 1353562
	Aggregate  (cost=377.65..377.66 rows=1 width=8)
	  ->  Index Scan using sbtest6_pkey on sbtest6  (cost=0.43..377.41 rows=96 width=4)
	        Index Cond: ((id >= 1353463) AND (id <= 1353562))

table 7 : explain SELECT SUM(k) FROM sbtest7 WHERE id BETWEEN 5982820 AND 5982919
	Aggregate  (cost=414.03..414.04 rows=1 width=8)
	  ->  Index Scan using sbtest7_pkey on sbtest7  (cost=0.43..413.76 rows=106 width=4)
	        Index Cond: ((id >= 5982820) AND (id <= 5982919))

table 8 : explain SELECT SUM(k) FROM sbtest8 WHERE id BETWEEN 2979382 AND 2979481
	Aggregate  (cost=374.03..374.04 rows=1 width=8)
	  ->  Index Scan using sbtest8_pkey on sbtest8  (cost=0.43..373.79 rows=96 width=4)
	        Index Cond: ((id >= 2979382) AND (id <= 2979481))

explain: for deletes :: explain DELETE FROM sbtest%u WHERE id=%u
for point_selects
table 1 : explain SELECT c FROM sbtest1 WHERE id=4794068
	Index Scan using sbtest1_pkey on sbtest1  (cost=0.43..8.45 rows=1 width=121)
	  Index Cond: (id = 4794068)

table 2 : explain SELECT c FROM sbtest2 WHERE id=5472632
	Index Scan using sbtest2_pkey on sbtest2  (cost=0.43..8.45 rows=1 width=121)
	  Index Cond: (id = 5472632)

table 3 : explain SELECT c FROM sbtest3 WHERE id=5144428
	Index Scan using sbtest3_pkey on sbtest3  (cost=0.43..8.45 rows=1 width=121)
	  Index Cond: (id = 5144428)

table 4 : explain SELECT c FROM sbtest4 WHERE id=2606900
	Index Scan using sbtest4_pkey on sbtest4  (cost=0.43..8.45 rows=1 width=121)
	  Index Cond: (id = 2606900)

table 5 : explain SELECT c FROM sbtest5 WHERE id=9706403
	Index Scan using sbtest5_pkey on sbtest5  (cost=0.43..8.45 rows=1 width=121)
	  Index Cond: (id = 9706403)

table 6 : explain SELECT c FROM sbtest6 WHERE id=9297700
	Index Scan using sbtest6_pkey on sbtest6  (cost=0.43..8.45 rows=1 width=121)
	  Index Cond: (id = 9297700)

table 7 : explain SELECT c FROM sbtest7 WHERE id=1789333
	Index Scan using sbtest7_pkey on sbtest7  (cost=0.43..8.45 rows=1 width=121)
	  Index Cond: (id = 1789333)

table 8 : explain SELECT c FROM sbtest8 WHERE id=7642255
	Index Scan using sbtest8_pkey on sbtest8  (cost=0.43..8.45 rows=1 width=121)
	  Index Cond: (id = 7642255)

for point_selects
table 1 : explain SELECT c FROM sbtest1 WHERE id=7392660
	Index Scan using sbtest1_pkey on sbtest1  (cost=0.43..8.45 rows=1 width=121)
	  Index Cond: (id = 7392660)

table 2 : explain SELECT c FROM sbtest2 WHERE id=556697
	Index Scan using sbtest2_pkey on sbtest2  (cost=0.43..8.45 rows=1 width=121)
	  Index Cond: (id = 556697)

table 3 : explain SELECT c FROM sbtest3 WHERE id=7971698
	Index Scan using sbtest3_pkey on sbtest3  (cost=0.43..8.45 rows=1 width=121)
	  Index Cond: (id = 7971698)

table 4 : explain SELECT c FROM sbtest4 WHERE id=5567875
	Index Scan using sbtest4_pkey on sbtest4  (cost=0.43..8.45 rows=1 width=121)
	  Index Cond: (id = 5567875)

table 5 : explain SELECT c FROM sbtest5 WHERE id=2866634
	Index Scan using sbtest5_pkey on sbtest5  (cost=0.43..8.45 rows=1 width=121)
	  Index Cond: (id = 2866634)

table 6 : explain SELECT c FROM sbtest6 WHERE id=60049
	Index Scan using sbtest6_pkey on sbtest6  (cost=0.43..8.45 rows=1 width=121)
	  Index Cond: (id = 60049)

table 7 : explain SELECT c FROM sbtest7 WHERE id=5522859
	Index Scan using sbtest7_pkey on sbtest7  (cost=0.43..8.45 rows=1 width=121)
	  Index Cond: (id = 5522859)

table 8 : explain SELECT c FROM sbtest8 WHERE id=7799822
	Index Scan using sbtest8_pkey on sbtest8  (cost=0.43..8.45 rows=1 width=121)
	  Index Cond: (id = 7799822)

for deletes
table 1 : explain DELETE FROM sbtest1 WHERE id=5727750
	Delete on sbtest1  (cost=0.43..8.45 rows=0 width=0)
	  ->  Index Scan using sbtest1_pkey on sbtest1  (cost=0.43..8.45 rows=1 width=6)
	        Index Cond: (id = 5727750)

table 2 : explain DELETE FROM sbtest2 WHERE id=9284944
	Delete on sbtest2  (cost=0.43..8.45 rows=0 width=0)
	  ->  Index Scan using sbtest2_pkey on sbtest2  (cost=0.43..8.45 rows=1 width=6)
	        Index Cond: (id = 9284944)

table 3 : explain DELETE FROM sbtest3 WHERE id=3531018
	Delete on sbtest3  (cost=0.43..8.45 rows=0 width=0)
	  ->  Index Scan using sbtest3_pkey on sbtest3  (cost=0.43..8.45 rows=1 width=6)
	        Index Cond: (id = 3531018)

table 4 : explain DELETE FROM sbtest4 WHERE id=8019929
	Delete on sbtest4  (cost=0.43..8.45 rows=0 width=0)
	  ->  Index Scan using sbtest4_pkey on sbtest4  (cost=0.43..8.45 rows=1 width=6)
	        Index Cond: (id = 8019929)

table 5 : explain DELETE FROM sbtest5 WHERE id=9298861
	Delete on sbtest5  (cost=0.43..8.45 rows=0 width=0)
	  ->  Index Scan using sbtest5_pkey on sbtest5  (cost=0.43..8.45 rows=1 width=6)
	        Index Cond: (id = 9298861)

table 6 : explain DELETE FROM sbtest6 WHERE id=7953638
	Delete on sbtest6  (cost=0.43..8.45 rows=0 width=0)
	  ->  Index Scan using sbtest6_pkey on sbtest6  (cost=0.43..8.45 rows=1 width=6)
	        Index Cond: (id = 7953638)

table 7 : explain DELETE FROM sbtest7 WHERE id=8246861
	Delete on sbtest7  (cost=0.43..8.45 rows=0 width=0)
	  ->  Index Scan using sbtest7_pkey on sbtest7  (cost=0.43..8.45 rows=1 width=6)
	        Index Cond: (id = 8246861)

table 8 : explain DELETE FROM sbtest8 WHERE id=5524313
	Delete on sbtest8  (cost=0.43..8.45 rows=0 width=0)
	  ->  Index Scan using sbtest8_pkey on sbtest8  (cost=0.43..8.45 rows=1 width=6)
	        Index Cond: (id = 5524313)

for: sum_ranges
table 1 : explain SELECT SUM(k) FROM sbtest1 WHERE id BETWEEN 9709446 AND 9709545
	Aggregate  (cost=417.60..417.61 rows=1 width=8)
	  ->  Index Scan using sbtest1_pkey on sbtest1  (cost=0.43..417.33 rows=106 width=4)
	        Index Cond: ((id >= 9709446) AND (id <= 9709545))

table 2 : explain SELECT SUM(k) FROM sbtest2 WHERE id BETWEEN 5359048 AND 5359147
	Aggregate  (cost=359.12..359.13 rows=1 width=8)
	  ->  Index Scan using sbtest2_pkey on sbtest2  (cost=0.43..358.89 rows=91 width=4)
	        Index Cond: ((id >= 5359048) AND (id <= 5359147))

table 3 : explain SELECT SUM(k) FROM sbtest3 WHERE id BETWEEN 3253406 AND 3253505
	Aggregate  (cost=396.78..396.79 rows=1 width=8)
	  ->  Index Scan using sbtest3_pkey on sbtest3  (cost=0.43..396.53 rows=101 width=4)
	        Index Cond: ((id >= 3253406) AND (id <= 3253505))

table 4 : explain SELECT SUM(k) FROM sbtest4 WHERE id BETWEEN 9357527 AND 9357626
	Aggregate  (cost=396.44..396.45 rows=1 width=8)
	  ->  Index Scan using sbtest4_pkey on sbtest4  (cost=0.43..396.19 rows=101 width=4)
	        Index Cond: ((id >= 9357527) AND (id <= 9357626))

table 5 : explain SELECT SUM(k) FROM sbtest5 WHERE id BETWEEN 4534452 AND 4534551
	Aggregate  (cost=380.03..380.04 rows=1 width=8)
	  ->  Index Scan using sbtest5_pkey on sbtest5  (cost=0.43..379.79 rows=97 width=4)
	        Index Cond: ((id >= 4534452) AND (id <= 4534551))

table 6 : explain SELECT SUM(k) FROM sbtest6 WHERE id BETWEEN 5574891 AND 5574990
	Aggregate  (cost=397.11..397.12 rows=1 width=8)
	  ->  Index Scan using sbtest6_pkey on sbtest6  (cost=0.43..396.86 rows=101 width=4)
	        Index Cond: ((id >= 5574891) AND (id <= 5574990))

table 7 : explain SELECT SUM(k) FROM sbtest7 WHERE id BETWEEN 7954748 AND 7954847
	Aggregate  (cost=379.27..379.28 rows=1 width=8)
	  ->  Index Scan using sbtest7_pkey on sbtest7  (cost=0.43..379.03 rows=97 width=4)
	        Index Cond: ((id >= 7954748) AND (id <= 7954847))

table 8 : explain SELECT SUM(k) FROM sbtest8 WHERE id BETWEEN 5020530 AND 5020629
	Aggregate  (cost=354.79..354.80 rows=1 width=8)
	  ->  Index Scan using sbtest8_pkey on sbtest8  (cost=0.43..354.56 rows=91 width=4)
	        Index Cond: ((id >= 5020530) AND (id <= 5020629))

for deletes
table 1 : explain DELETE FROM sbtest1 WHERE id=3196751
	Delete on sbtest1  (cost=0.43..8.45 rows=0 width=0)
	  ->  Index Scan using sbtest1_pkey on sbtest1  (cost=0.43..8.45 rows=1 width=6)
	        Index Cond: (id = 3196751)

table 2 : explain DELETE FROM sbtest2 WHERE id=8292137
	Delete on sbtest2  (cost=0.43..8.45 rows=0 width=0)
	  ->  Index Scan using sbtest2_pkey on sbtest2  (cost=0.43..8.45 rows=1 width=6)
	        Index Cond: (id = 8292137)

table 3 : explain DELETE FROM sbtest3 WHERE id=5318367
	Delete on sbtest3  (cost=0.43..8.45 rows=0 width=0)
	  ->  Index Scan using sbtest3_pkey on sbtest3  (cost=0.43..8.45 rows=1 width=6)
	        Index Cond: (id = 5318367)

table 4 : explain DELETE FROM sbtest4 WHERE id=6903728
	Delete on sbtest4  (cost=0.43..8.45 rows=0 width=0)
	  ->  Index Scan using sbtest4_pkey on sbtest4  (cost=0.43..8.45 rows=1 width=6)
	        Index Cond: (id = 6903728)

table 5 : explain DELETE FROM sbtest5 WHERE id=8385647
	Delete on sbtest5  (cost=0.43..8.45 rows=0 width=0)
	  ->  Index Scan using sbtest5_pkey on sbtest5  (cost=0.43..8.45 rows=1 width=6)
	        Index Cond: (id = 8385647)

table 6 : explain DELETE FROM sbtest6 WHERE id=2872303
	Delete on sbtest6  (cost=0.43..8.45 rows=0 width=0)
	  ->  Index Scan using sbtest6_pkey on sbtest6  (cost=0.43..8.45 rows=1 width=6)
	        Index Cond: (id = 2872303)

table 7 : explain DELETE FROM sbtest7 WHERE id=1894182
	Delete on sbtest7  (cost=0.43..8.45 rows=0 width=0)
	  ->  Index Scan using sbtest7_pkey on sbtest7  (cost=0.43..8.45 rows=1 width=6)
	        Index Cond: (id = 1894182)

table 8 : explain DELETE FROM sbtest8 WHERE id=9748791
	Delete on sbtest8  (cost=0.43..8.45 rows=0 width=0)
	  ->  Index Scan using sbtest8_pkey on sbtest8  (cost=0.43..8.45 rows=1 width=6)
	        Index Cond: (id = 9748791)

for: order_ranges
table 1 : explain SELECT c FROM sbtest1 WHERE id BETWEEN 7012874 AND 7012973 ORDER BY c
	Sort  (cost=420.90..421.17 rows=106 width=121)
	  Sort Key: c
	  ->  Index Scan using sbtest1_pkey on sbtest1  (cost=0.43..417.33 rows=106 width=121)
	        Index Cond: ((id >= 7012874) AND (id <= 7012973))

table 2 : explain SELECT c FROM sbtest2 WHERE id BETWEEN 355940 AND 356039 ORDER BY c
	Sort  (cost=409.08..409.34 rows=103 width=121)
	  Sort Key: c
	  ->  Index Scan using sbtest2_pkey on sbtest2  (cost=0.43..405.64 rows=103 width=121)
	        Index Cond: ((id >= 355940) AND (id <= 356039))

table 3 : explain SELECT c FROM sbtest3 WHERE id BETWEEN 7759367 AND 7759466 ORDER BY c
	Sort  (cost=411.65..411.91 rows=104 width=121)
	  Sort Key: c
	  ->  Index Scan using sbtest3_pkey on sbtest3  (cost=0.43..408.16 rows=104 width=121)
	        Index Cond: ((id >= 7759367) AND (id <= 7759466))

table 4 : explain SELECT c FROM sbtest4 WHERE id BETWEEN 7635097 AND 7635196 ORDER BY c
	Sort  (cost=419.14..419.40 rows=106 width=121)
	  Sort Key: c
	  ->  Index Scan using sbtest4_pkey on sbtest4  (cost=0.43..415.57 rows=106 width=121)
	        Index Cond: ((id >= 7635097) AND (id <= 7635196))

table 5 : explain SELECT c FROM sbtest5 WHERE id BETWEEN 9066190 AND 9066289 ORDER BY c
	Sort  (cost=426.02..426.29 rows=108 width=121)
	  Sort Key: c
	  ->  Index Scan using sbtest5_pkey on sbtest5  (cost=0.43..422.37 rows=108 width=121)
	        Index Cond: ((id >= 9066190) AND (id <= 9066289))

table 6 : explain SELECT c FROM sbtest6 WHERE id BETWEEN 7830711 AND 7830810 ORDER BY c
	Sort  (cost=372.73..372.96 rows=94 width=121)
	  Sort Key: c
	  ->  Index Scan using sbtest6_pkey on sbtest6  (cost=0.43..369.65 rows=94 width=121)
	        Index Cond: ((id >= 7830711) AND (id <= 7830810))

table 7 : explain SELECT c FROM sbtest7 WHERE id BETWEEN 5301658 AND 5301757 ORDER BY c
	Sort  (cost=382.23..382.47 rows=97 width=121)
	  Sort Key: c
	  ->  Index Scan using sbtest7_pkey on sbtest7  (cost=0.43..379.03 rows=97 width=121)
	        Index Cond: ((id >= 5301658) AND (id <= 5301757))

table 8 : explain SELECT c FROM sbtest8 WHERE id BETWEEN 1331957 AND 1332056 ORDER BY c
	Sort  (cost=408.07..408.33 rows=104 width=121)
	  Sort Key: c
	  ->  Index Scan using sbtest8_pkey on sbtest8  (cost=0.43..404.59 rows=104 width=121)
	        Index Cond: ((id >= 1331957) AND (id <= 1332056))

for: simple_ranges
table 1 : explain SELECT c FROM sbtest1 WHERE id BETWEEN 2585805 AND 2585904
	Index Scan using sbtest1_pkey on sbtest1  (cost=0.43..417.33 rows=106 width=121)
	  Index Cond: ((id >= 2585805) AND (id <= 2585904))

table 2 : explain SELECT c FROM sbtest2 WHERE id BETWEEN 4079513 AND 4079612
	Index Scan using sbtest2_pkey on sbtest2  (cost=0.43..405.64 rows=103 width=121)
	  Index Cond: ((id >= 4079513) AND (id <= 4079612))

table 3 : explain SELECT c FROM sbtest3 WHERE id BETWEEN 5291202 AND 5291301
	Index Scan using sbtest3_pkey on sbtest3  (cost=0.43..419.80 rows=107 width=121)
	  Index Cond: ((id >= 5291202) AND (id <= 5291301))

table 4 : explain SELECT c FROM sbtest4 WHERE id BETWEEN 6001975 AND 6002074
	Index Scan using sbtest4_pkey on sbtest4  (cost=0.43..403.94 rows=103 width=121)
	  Index Cond: ((id >= 6001975) AND (id <= 6002074))

table 5 : explain SELECT c FROM sbtest5 WHERE id BETWEEN 1205892 AND 1205991
	Index Scan using sbtest5_pkey on sbtest5  (cost=0.43..368.19 rows=94 width=121)
	  Index Cond: ((id >= 1205892) AND (id <= 1205991))

table 6 : explain SELECT c FROM sbtest6 WHERE id BETWEEN 8341194 AND 8341293
	Index Scan using sbtest6_pkey on sbtest6  (cost=0.43..400.74 rows=102 width=121)
	  Index Cond: ((id >= 8341194) AND (id <= 8341293))

table 7 : explain SELECT c FROM sbtest7 WHERE id BETWEEN 9963384 AND 9963483
	Index Scan using sbtest7_pkey on sbtest7  (cost=0.43..363.56 rows=93 width=121)
	  Index Cond: ((id >= 9963384) AND (id <= 9963483))

table 8 : explain SELECT c FROM sbtest8 WHERE id BETWEEN 9148757 AND 9148856
	Index Scan using sbtest8_pkey on sbtest8  (cost=0.43..381.52 rows=98 width=121)
	  Index Cond: ((id >= 9148757) AND (id <= 9148856))

for: order_ranges
table 1 : explain SELECT c FROM sbtest1 WHERE id BETWEEN 5907415 AND 5907514 ORDER BY c
	Sort  (cost=361.87..362.09 rows=91 width=121)
	  Sort Key: c
	  ->  Index Scan using sbtest1_pkey on sbtest1  (cost=0.43..358.90 rows=91 width=121)
	        Index Cond: ((id >= 5907415) AND (id <= 5907514))

table 2 : explain SELECT c FROM sbtest2 WHERE id BETWEEN 642277 AND 642376 ORDER BY c
	Sort  (cost=405.15..405.40 rows=102 width=121)
	  Sort Key: c
	  ->  Index Scan using sbtest2_pkey on sbtest2  (cost=0.43..401.74 rows=102 width=121)
	        Index Cond: ((id >= 642277) AND (id <= 642376))

table 3 : explain SELECT c FROM sbtest3 WHERE id BETWEEN 7318409 AND 7318508 ORDER BY c
	Sort  (cost=427.33..427.60 rows=108 width=121)
	  Sort Key: c
	  ->  Index Scan using sbtest3_pkey on sbtest3  (cost=0.43..423.68 rows=108 width=121)
	        Index Cond: ((id >= 7318409) AND (id <= 7318508))

table 4 : explain SELECT c FROM sbtest4 WHERE id BETWEEN 4452843 AND 4452942 ORDER BY c
	Sort  (cost=356.44..356.66 rows=90 width=121)
	  Sort Key: c
	  ->  Index Scan using sbtest4_pkey on sbtest4  (cost=0.43..353.51 rows=90 width=121)
	        Index Cond: ((id >= 4452843) AND (id <= 4452942))

table 5 : explain SELECT c FROM sbtest5 WHERE id BETWEEN 8157074 AND 8157173 ORDER BY c
	Sort  (cost=410.39..410.65 rows=104 width=121)
	  Sort Key: c
	  ->  Index Scan using sbtest5_pkey on sbtest5  (cost=0.43..406.90 rows=104 width=121)
	        Index Cond: ((id >= 8157074) AND (id <= 8157173))

table 6 : explain SELECT c FROM sbtest6 WHERE id BETWEEN 3996500 AND 3996599 ORDER BY c
	Sort  (cost=408.07..408.33 rows=103 width=121)
	  Sort Key: c
	  ->  Index Scan using sbtest6_pkey on sbtest6  (cost=0.43..404.63 rows=103 width=121)
	        Index Cond: ((id >= 3996500) AND (id <= 3996599))

table 7 : explain SELECT c FROM sbtest7 WHERE id BETWEEN 8081913 AND 8082012 ORDER BY c
	Sort  (cost=413.43..413.69 rows=105 width=121)
	  Sort Key: c
	  ->  Index Scan using sbtest7_pkey on sbtest7  (cost=0.43..409.90 rows=105 width=121)
	        Index Cond: ((id >= 8081913) AND (id <= 8082012))

table 8 : explain SELECT c FROM sbtest8 WHERE id BETWEEN 9581213 AND 9581312 ORDER BY c
	Sort  (cost=384.76..385.01 rows=98 width=121)
	  Sort Key: c
	  ->  Index Scan using sbtest8_pkey on sbtest8  (cost=0.43..381.52 rows=98 width=121)
	        Index Cond: ((id >= 9581213) AND (id <= 9581312))

explain: for inserts :: explain INSERT INTO sbtest%u (id, k, c, pad) VALUES (%u, 13, 'foobar', 'foobar')
for: order_ranges
table 1 : explain SELECT c FROM sbtest1 WHERE id BETWEEN 9386111 AND 9386210 ORDER BY c
	Sort  (cost=416.97..417.23 rows=105 width=121)
	  Sort Key: c
	  ->  Index Scan using sbtest1_pkey on sbtest1  (cost=0.43..413.44 rows=105 width=121)
	        Index Cond: ((id >= 9386111) AND (id <= 9386210))

table 2 : explain SELECT c FROM sbtest2 WHERE id BETWEEN 8637993 AND 8638092 ORDER BY c
	Sort  (cost=409.08..409.34 rows=103 width=121)
	  Sort Key: c
	  ->  Index Scan using sbtest2_pkey on sbtest2  (cost=0.43..405.64 rows=103 width=121)
	        Index Cond: ((id >= 8637993) AND (id <= 8638092))

table 3 : explain SELECT c FROM sbtest3 WHERE id BETWEEN 1807673 AND 1807772 ORDER BY c
	Sort  (cost=372.41..372.65 rows=94 width=121)
	  Sort Key: c
	  ->  Index Scan using sbtest3_pkey on sbtest3  (cost=0.43..369.33 rows=94 width=121)
	        Index Cond: ((id >= 1807673) AND (id <= 1807772))

table 4 : explain SELECT c FROM sbtest4 WHERE id BETWEEN 1651184 AND 1651283 ORDER BY c
	Sort  (cost=383.85..384.09 rows=97 width=121)
	  Sort Key: c
	  ->  Index Scan using sbtest4_pkey on sbtest4  (cost=0.43..380.65 rows=97 width=121)
	        Index Cond: ((id >= 1651184) AND (id <= 1651283))

table 5 : explain SELECT c FROM sbtest5 WHERE id BETWEEN 9941156 AND 9941255 ORDER BY c
	Sort  (cost=371.27..371.51 rows=94 width=121)
	  Sort Key: c
	  ->  Index Scan using sbtest5_pkey on sbtest5  (cost=0.43..368.19 rows=94 width=121)
	        Index Cond: ((id >= 9941156) AND (id <= 9941255))

table 6 : explain SELECT c FROM sbtest6 WHERE id BETWEEN 1225347 AND 1225446 ORDER BY c
	Sort  (cost=372.73..372.96 rows=94 width=121)
	  Sort Key: c
	  ->  Index Scan using sbtest6_pkey on sbtest6  (cost=0.43..369.65 rows=94 width=121)
	        Index Cond: ((id >= 1225347) AND (id <= 1225446))

table 7 : explain SELECT c FROM sbtest7 WHERE id BETWEEN 2527128 AND 2527227 ORDER BY c
	Sort  (cost=386.13..386.38 rows=98 width=121)
	  Sort Key: c
	  ->  Index Scan using sbtest7_pkey on sbtest7  (cost=0.43..382.89 rows=98 width=121)
	        Index Cond: ((id >= 2527128) AND (id <= 2527227))

table 8 : explain SELECT c FROM sbtest8 WHERE id BETWEEN 4973681 AND 4973780 ORDER BY c
	Sort  (cost=384.76..385.01 rows=98 width=121)
	  Sort Key: c
	  ->  Index Scan using sbtest8_pkey on sbtest8  (cost=0.43..381.52 rows=98 width=121)
	        Index Cond: ((id >= 4973681) AND (id <= 4973780))

for: distinct_ranges
table 1 : explain SELECT DISTINCT c FROM sbtest1 WHERE id BETWEEN 3234051 AND 3234150 ORDER BY c
	Unique  (cost=361.87..362.32 rows=91 width=121)
	  ->  Sort  (cost=361.87..362.09 rows=91 width=121)
	        Sort Key: c
	        ->  Index Scan using sbtest1_pkey on sbtest1  (cost=0.43..358.90 rows=91 width=121)
	              Index Cond: ((id >= 3234051) AND (id <= 3234150))

table 2 : explain SELECT DISTINCT c FROM sbtest2 WHERE id BETWEEN 6134724 AND 6134823 ORDER BY c
	Unique  (cost=428.75..429.29 rows=108 width=121)
	  ->  Sort  (cost=428.75..429.02 rows=108 width=121)
	        Sort Key: c
	        ->  Index Scan using sbtest2_pkey on sbtest2  (cost=0.43..425.10 rows=108 width=121)
	              Index Cond: ((id >= 6134724) AND (id <= 6134823))

table 3 : explain SELECT DISTINCT c FROM sbtest3 WHERE id BETWEEN 6776978 AND 6777077 ORDER BY c
	Unique  (cost=384.17..384.66 rows=97 width=121)
	  ->  Sort  (cost=384.17..384.42 rows=97 width=121)
	        Sort Key: c
	        ->  Index Scan using sbtest3_pkey on sbtest3  (cost=0.43..380.97 rows=97 width=121)
	              Index Cond: ((id >= 6776978) AND (id <= 6777077))

table 4 : explain SELECT DISTINCT c FROM sbtest4 WHERE id BETWEEN 2832988 AND 2833087 ORDER BY c
	Unique  (cost=430.89..431.43 rows=109 width=121)
	  ->  Sort  (cost=430.89..431.16 rows=109 width=121)
	        Sort Key: c
	        ->  Index Scan using sbtest4_pkey on sbtest4  (cost=0.43..427.20 rows=109 width=121)
	              Index Cond: ((id >= 2832988) AND (id <= 2833087))

table 5 : explain SELECT DISTINCT c FROM sbtest5 WHERE id BETWEEN 3958295 AND 3958394 ORDER BY c
	Unique  (cost=418.20..418.73 rows=106 width=121)
	  ->  Sort  (cost=418.20..418.47 rows=106 width=121)
	        Sort Key: c
	        ->  Index Scan using sbtest5_pkey on sbtest5  (cost=0.43..414.64 rows=106 width=121)
	              Index Cond: ((id >= 3958295) AND (id <= 3958394))

table 6 : explain SELECT DISTINCT c FROM sbtest6 WHERE id BETWEEN 5929520 AND 5929619 ORDER BY c
	Unique  (cost=411.99..412.51 rows=104 width=121)
	  ->  Sort  (cost=411.99..412.25 rows=104 width=121)
	        Sort Key: c
	        ->  Index Scan using sbtest6_pkey on sbtest6  (cost=0.43..408.51 rows=104 width=121)
	              Index Cond: ((id >= 5929520) AND (id <= 5929619))

table 7 : explain SELECT DISTINCT c FROM sbtest7 WHERE id BETWEEN 3878468 AND 3878567 ORDER BY c
	Unique  (cost=405.63..406.14 rows=103 width=121)
	  ->  Sort  (cost=405.63..405.89 rows=103 width=121)
	        Sort Key: c
	        ->  Index Scan using sbtest7_pkey on sbtest7  (cost=0.43..402.18 rows=103 width=121)
	              Index Cond: ((id >= 3878468) AND (id <= 3878567))

table 8 : explain SELECT DISTINCT c FROM sbtest8 WHERE id BETWEEN 8198491 AND 8198590 ORDER BY c
	Unique  (cost=373.06..373.54 rows=95 width=121)
	  ->  Sort  (cost=373.06..373.30 rows=95 width=121)
	        Sort Key: c
	        ->  Index Scan using sbtest8_pkey on sbtest8  (cost=0.43..369.94 rows=95 width=121)
	              Index Cond: ((id >= 8198491) AND (id <= 8198590))

explain: for inserts :: explain INSERT INTO sbtest%u (id, k, c, pad) VALUES (%u, 13, 'foobar', 'foobar')
for: sum_ranges
table 1 : explain SELECT SUM(k) FROM sbtest1 WHERE id BETWEEN 5123490 AND 5123589
	Aggregate  (cost=370.82..370.83 rows=1 width=8)
	  ->  Index Scan using sbtest1_pkey on sbtest1  (cost=0.43..370.58 rows=94 width=4)
	        Index Cond: ((id >= 5123490) AND (id <= 5123589))

table 2 : explain SELECT SUM(k) FROM sbtest2 WHERE id BETWEEN 6856597 AND 6856696
	Aggregate  (cost=398.10..398.11 rows=1 width=8)
	  ->  Index Scan using sbtest2_pkey on sbtest2  (cost=0.43..397.85 rows=101 width=4)
	        Index Cond: ((id >= 6856597) AND (id <= 6856696))

table 3 : explain SELECT SUM(k) FROM sbtest3 WHERE id BETWEEN 9234994 AND 9235093
	Aggregate  (cost=377.33..377.34 rows=1 width=8)
	  ->  Index Scan using sbtest3_pkey on sbtest3  (cost=0.43..377.09 rows=96 width=4)
	        Index Cond: ((id >= 9234994) AND (id <= 9235093))

table 4 : explain SELECT SUM(k) FROM sbtest4 WHERE id BETWEEN 8508661 AND 8508760
	Aggregate  (cost=384.81..384.82 rows=1 width=8)
	  ->  Index Scan using sbtest4_pkey on sbtest4  (cost=0.43..384.56 rows=98 width=4)
	        Index Cond: ((id >= 8508661) AND (id <= 8508760))

table 5 : explain SELECT SUM(k) FROM sbtest5 WHERE id BETWEEN 9248245 AND 9248344
	Aggregate  (cost=360.69..360.70 rows=1 width=8)
	  ->  Index Scan using sbtest5_pkey on sbtest5  (cost=0.43..360.46 rows=92 width=4)
	        Index Cond: ((id >= 9248245) AND (id <= 9248344))

table 6 : explain SELECT SUM(k) FROM sbtest6 WHERE id BETWEEN 4514475 AND 4514574
	Aggregate  (cost=377.65..377.66 rows=1 width=8)
	  ->  Index Scan using sbtest6_pkey on sbtest6  (cost=0.43..377.41 rows=96 width=4)
	        Index Cond: ((id >= 4514475) AND (id <= 4514574))

table 7 : explain SELECT SUM(k) FROM sbtest7 WHERE id BETWEEN 2543267 AND 2543366
	Aggregate  (cost=383.13..383.14 rows=1 width=8)
	  ->  Index Scan using sbtest7_pkey on sbtest7  (cost=0.43..382.89 rows=98 width=4)
	        Index Cond: ((id >= 2543267) AND (id <= 2543366))

table 8 : explain SELECT SUM(k) FROM sbtest8 WHERE id BETWEEN 6498842 AND 6498941
	Aggregate  (cost=381.76..381.77 rows=1 width=8)
	  ->  Index Scan using sbtest8_pkey on sbtest8  (cost=0.43..381.52 rows=98 width=4)
	        Index Cond: ((id >= 6498842) AND (id <= 6498941))

explain: for index_updates :: explain UPDATE sbtest%u SET k=k+1 WHERE id=%u
explain: for point_selects :: explain SELECT c FROM sbtest%u WHERE id=%u
explain: for point_selects :: explain SELECT c FROM sbtest%u WHERE id=%u
explain: for point_selects :: explain SELECT c FROM sbtest%u WHERE id=%u
for index_updates
table 1 : explain UPDATE sbtest1 SET k=k+1 WHERE id=9289916
	Update on sbtest1  (cost=0.43..8.46 rows=0 width=0)
	  ->  Index Scan using sbtest1_pkey on sbtest1  (cost=0.43..8.46 rows=1 width=10)
	        Index Cond: (id = 9289916)

table 2 : explain UPDATE sbtest2 SET k=k+1 WHERE id=7449089
	Update on sbtest2  (cost=0.43..8.46 rows=0 width=0)
	  ->  Index Scan using sbtest2_pkey on sbtest2  (cost=0.43..8.46 rows=1 width=10)
	        Index Cond: (id = 7449089)

table 3 : explain UPDATE sbtest3 SET k=k+1 WHERE id=3882840
	Update on sbtest3  (cost=0.43..8.46 rows=0 width=0)
	  ->  Index Scan using sbtest3_pkey on sbtest3  (cost=0.43..8.46 rows=1 width=10)
	        Index Cond: (id = 3882840)

table 4 : explain UPDATE sbtest4 SET k=k+1 WHERE id=263038
	Update on sbtest4  (cost=0.43..8.46 rows=0 width=0)
	  ->  Index Scan using sbtest4_pkey on sbtest4  (cost=0.43..8.46 rows=1 width=10)
	        Index Cond: (id = 263038)

table 5 : explain UPDATE sbtest5 SET k=k+1 WHERE id=5051420
	Update on sbtest5  (cost=0.43..8.46 rows=0 width=0)
	  ->  Index Scan using sbtest5_pkey on sbtest5  (cost=0.43..8.46 rows=1 width=10)
	        Index Cond: (id = 5051420)

table 6 : explain UPDATE sbtest6 SET k=k+1 WHERE id=6843580
	Update on sbtest6  (cost=0.43..8.46 rows=0 width=0)
	  ->  Index Scan using sbtest6_pkey on sbtest6  (cost=0.43..8.46 rows=1 width=10)
	        Index Cond: (id = 6843580)

table 7 : explain UPDATE sbtest7 SET k=k+1 WHERE id=6492630
	Update on sbtest7  (cost=0.43..8.46 rows=0 width=0)
	  ->  Index Scan using sbtest7_pkey on sbtest7  (cost=0.43..8.46 rows=1 width=10)
	        Index Cond: (id = 6492630)

table 8 : explain UPDATE sbtest8 SET k=k+1 WHERE id=7720394
	Update on sbtest8  (cost=0.43..8.46 rows=0 width=0)
	  ->  Index Scan using sbtest8_pkey on sbtest8  (cost=0.43..8.46 rows=1 width=10)
	        Index Cond: (id = 7720394)

for: distinct_ranges
table 1 : explain SELECT DISTINCT c FROM sbtest1 WHERE id BETWEEN 2456949 AND 2457048 ORDER BY c
	Unique  (cost=413.03..413.55 rows=104 width=121)
	  ->  Sort  (cost=413.03..413.29 rows=104 width=121)
	        Sort Key: c
	        ->  Index Scan using sbtest1_pkey on sbtest1  (cost=0.43..409.55 rows=104 width=121)
	              Index Cond: ((id >= 2456949) AND (id <= 2457048))

table 2 : explain SELECT DISTINCT c FROM sbtest2 WHERE id BETWEEN 586014 AND 586113 ORDER BY c
	Unique  (cost=405.15..405.66 rows=102 width=121)
	  ->  Sort  (cost=405.15..405.40 rows=102 width=121)
	        Sort Key: c
	        ->  Index Scan using sbtest2_pkey on sbtest2  (cost=0.43..401.74 rows=102 width=121)
	              Index Cond: ((id >= 586014) AND (id <= 586113))

table 3 : explain SELECT DISTINCT c FROM sbtest3 WHERE id BETWEEN 7750782 AND 7750881 ORDER BY c
	Unique  (cost=411.65..412.17 rows=104 width=121)
	  ->  Sort  (cost=411.65..411.91 rows=104 width=121)
	        Sort Key: c
	        ->  Index Scan using sbtest3_pkey on sbtest3  (cost=0.43..408.16 rows=104 width=121)
	              Index Cond: ((id >= 7750782) AND (id <= 7750881))

table 4 : explain SELECT DISTINCT c FROM sbtest4 WHERE id BETWEEN 5703641 AND 5703740 ORDER BY c
	Unique  (cost=430.89..431.43 rows=109 width=121)
	  ->  Sort  (cost=430.89..431.16 rows=109 width=121)
	        Sort Key: c
	        ->  Index Scan using sbtest4_pkey on sbtest4  (cost=0.43..427.20 rows=109 width=121)
	              Index Cond: ((id >= 5703641) AND (id <= 5703740))

table 5 : explain SELECT DISTINCT c FROM sbtest5 WHERE id BETWEEN 8495641 AND 8495740 ORDER BY c
	Unique  (cost=398.66..399.17 rows=101 width=121)
	  ->  Sort  (cost=398.66..398.91 rows=101 width=121)
	        Sort Key: c
	        ->  Index Scan using sbtest5_pkey on sbtest5  (cost=0.43..395.30 rows=101 width=121)
	              Index Cond: ((id >= 8495641) AND (id <= 8495740))

table 6 : explain SELECT DISTINCT c FROM sbtest6 WHERE id BETWEEN 9227661 AND 9227760 ORDER BY c
	Unique  (cost=408.07..408.59 rows=103 width=121)
	  ->  Sort  (cost=408.07..408.33 rows=103 width=121)
	        Sort Key: c
	        ->  Index Scan using sbtest6_pkey on sbtest6  (cost=0.43..404.63 rows=103 width=121)
	              Index Cond: ((id >= 9227661) AND (id <= 9227760))

table 7 : explain SELECT DISTINCT c FROM sbtest7 WHERE id BETWEEN 5721704 AND 5721803 ORDER BY c
	Unique  (cost=405.63..406.14 rows=103 width=121)
	  ->  Sort  (cost=405.63..405.89 rows=103 width=121)
	        Sort Key: c
	        ->  Index Scan using sbtest7_pkey on sbtest7  (cost=0.43..402.18 rows=103 width=121)
	              Index Cond: ((id >= 5721704) AND (id <= 5721803))

table 8 : explain SELECT DISTINCT c FROM sbtest8 WHERE id BETWEEN 3630322 AND 3630421 ORDER BY c
	Unique  (cost=373.06..373.54 rows=95 width=121)
	  ->  Sort  (cost=373.06..373.30 rows=95 width=121)
	        Sort Key: c
	        ->  Index Scan using sbtest8_pkey on sbtest8  (cost=0.43..369.94 rows=95 width=121)
	              Index Cond: ((id >= 3630322) AND (id <= 3630421))

for inserts
table 1 : explain INSERT INTO sbtest1 (id, k, c, pad) VALUES (6537838, 13, 'foobar', 'foobar')
	Insert on sbtest1  (cost=0.00..0.01 rows=0 width=0)
	  ->  Result  (cost=0.00..0.01 rows=1 width=736)

table 2 : explain INSERT INTO sbtest2 (id, k, c, pad) VALUES (8197269, 13, 'foobar', 'foobar')
	Insert on sbtest2  (cost=0.00..0.01 rows=0 width=0)
	  ->  Result  (cost=0.00..0.01 rows=1 width=736)

table 3 : explain INSERT INTO sbtest3 (id, k, c, pad) VALUES (4595342, 13, 'foobar', 'foobar')
	Insert on sbtest3  (cost=0.00..0.01 rows=0 width=0)
	  ->  Result  (cost=0.00..0.01 rows=1 width=736)

table 4 : explain INSERT INTO sbtest4 (id, k, c, pad) VALUES (3764318, 13, 'foobar', 'foobar')
	Insert on sbtest4  (cost=0.00..0.01 rows=0 width=0)
	  ->  Result  (cost=0.00..0.01 rows=1 width=736)

table 5 : explain INSERT INTO sbtest5 (id, k, c, pad) VALUES (8555590, 13, 'foobar', 'foobar')
	Insert on sbtest5  (cost=0.00..0.01 rows=0 width=0)
	  ->  Result  (cost=0.00..0.01 rows=1 width=736)

table 6 : explain INSERT INTO sbtest6 (id, k, c, pad) VALUES (5825035, 13, 'foobar', 'foobar')
	Insert on sbtest6  (cost=0.00..0.01 rows=0 width=0)
	  ->  Result  (cost=0.00..0.01 rows=1 width=736)

table 7 : explain INSERT INTO sbtest7 (id, k, c, pad) VALUES (1276943, 13, 'foobar', 'foobar')
	Insert on sbtest7  (cost=0.00..0.01 rows=0 width=0)
	  ->  Result  (cost=0.00..0.01 rows=1 width=736)

table 8 : explain INSERT INTO sbtest8 (id, k, c, pad) VALUES (4174291, 13, 'foobar', 'foobar')
	Insert on sbtest8  (cost=0.00..0.01 rows=0 width=0)
	  ->  Result  (cost=0.00..0.01 rows=1 width=736)

for: simple_ranges
table 1 : explain SELECT c FROM sbtest1 WHERE id BETWEEN 5801028 AND 5801127
	Index Scan using sbtest1_pkey on sbtest1  (cost=0.43..358.90 rows=91 width=121)
	  Index Cond: ((id >= 5801028) AND (id <= 5801127))

table 2 : explain SELECT c FROM sbtest2 WHERE id BETWEEN 85900 AND 85999
	Index Scan using sbtest2_pkey on sbtest2  (cost=0.43..397.85 rows=101 width=121)
	  Index Cond: ((id >= 85900) AND (id <= 85999))

table 3 : explain SELECT c FROM sbtest3 WHERE id BETWEEN 5279989 AND 5280088
	Index Scan using sbtest3_pkey on sbtest3  (cost=0.43..419.80 rows=107 width=121)
	  Index Cond: ((id >= 5279989) AND (id <= 5280088))

table 4 : explain SELECT c FROM sbtest4 WHERE id BETWEEN 3298787 AND 3298886
	Index Scan using sbtest4_pkey on sbtest4  (cost=0.43..392.31 rows=100 width=121)
	  Index Cond: ((id >= 3298787) AND (id <= 3298886))

table 5 : explain SELECT c FROM sbtest5 WHERE id BETWEEN 7498806 AND 7498905
	Index Scan using sbtest5_pkey on sbtest5  (cost=0.43..364.32 rows=93 width=121)
	  Index Cond: ((id >= 7498806) AND (id <= 7498905))

table 6 : explain SELECT c FROM sbtest6 WHERE id BETWEEN 1279394 AND 1279493
	Index Scan using sbtest6_pkey on sbtest6  (cost=0.43..369.65 rows=94 width=121)
	  Index Cond: ((id >= 1279394) AND (id <= 1279493))

table 7 : explain SELECT c FROM sbtest7 WHERE id BETWEEN 3096179 AND 3096278
	Index Scan using sbtest7_pkey on sbtest7  (cost=0.43..417.62 rows=107 width=121)
	  Index Cond: ((id >= 3096179) AND (id <= 3096278))

table 8 : explain SELECT c FROM sbtest8 WHERE id BETWEEN 2152211 AND 2152310
	Index Scan using sbtest8_pkey on sbtest8  (cost=0.43..404.59 rows=104 width=121)
	  Index Cond: ((id >= 2152211) AND (id <= 2152310))

for: distinct_ranges
table 1 : explain SELECT DISTINCT c FROM sbtest1 WHERE id BETWEEN 655201 AND 655300 ORDER BY c
	Unique  (cost=361.87..362.32 rows=91 width=121)
	  ->  Sort  (cost=361.87..362.09 rows=91 width=121)
	        Sort Key: c
	        ->  Index Scan using sbtest1_pkey on sbtest1  (cost=0.43..358.90 rows=91 width=121)
	              Index Cond: ((id >= 655201) AND (id <= 655300))

table 2 : explain SELECT DISTINCT c FROM sbtest2 WHERE id BETWEEN 6401588 AND 6401687 ORDER BY c
	Unique  (cost=405.15..405.66 rows=102 width=121)
	  ->  Sort  (cost=405.15..405.40 rows=102 width=121)
	        Sort Key: c
	        ->  Index Scan using sbtest2_pkey on sbtest2  (cost=0.43..401.74 rows=102 width=121)
	              Index Cond: ((id >= 6401588) AND (id <= 6401687))

table 3 : explain SELECT DISTINCT c FROM sbtest3 WHERE id BETWEEN 6199003 AND 6199102 ORDER BY c
	Unique  (cost=372.41..372.88 rows=94 width=121)
	  ->  Sort  (cost=372.41..372.65 rows=94 width=121)
	        Sort Key: c
	        ->  Index Scan using sbtest3_pkey on sbtest3  (cost=0.43..369.33 rows=94 width=121)
	              Index Cond: ((id >= 6199003) AND (id <= 6199102))

table 4 : explain SELECT DISTINCT c FROM sbtest4 WHERE id BETWEEN 6872502 AND 6872601 ORDER BY c
	Unique  (cost=391.72..392.21 rows=99 width=121)
	  ->  Sort  (cost=391.72..391.97 rows=99 width=121)
	        Sort Key: c
	        ->  Index Scan using sbtest4_pkey on sbtest4  (cost=0.43..388.44 rows=99 width=121)
	              Index Cond: ((id >= 6872502) AND (id <= 6872601))

table 5 : explain SELECT DISTINCT c FROM sbtest5 WHERE id BETWEEN 9328214 AND 9328313 ORDER BY c
	Unique  (cost=398.66..399.17 rows=101 width=121)
	  ->  Sort  (cost=398.66..398.91 rows=101 width=121)
	        Sort Key: c
	        ->  Index Scan using sbtest5_pkey on sbtest5  (cost=0.43..395.30 rows=101 width=121)
	              Index Cond: ((id >= 9328214) AND (id <= 9328313))

table 6 : explain SELECT DISTINCT c FROM sbtest6 WHERE id BETWEEN 2427157 AND 2427256 ORDER BY c
	Unique  (cost=427.69..428.23 rows=108 width=121)
	  ->  Sort  (cost=427.69..427.96 rows=108 width=121)
	        Sort Key: c
	        ->  Index Scan using sbtest6_pkey on sbtest6  (cost=0.43..424.04 rows=108 width=121)
	              Index Cond: ((id >= 2427157) AND (id <= 2427256))

table 7 : explain SELECT DISTINCT c FROM sbtest7 WHERE id BETWEEN 2180258 AND 2180357 ORDER BY c
	Unique  (cost=390.03..390.53 rows=99 width=121)
	  ->  Sort  (cost=390.03..390.28 rows=99 width=121)
	        Sort Key: c
	        ->  Index Scan using sbtest7_pkey on sbtest7  (cost=0.43..386.75 rows=99 width=121)
	              Index Cond: ((id >= 2180258) AND (id <= 2180357))

table 8 : explain SELECT DISTINCT c FROM sbtest8 WHERE id BETWEEN 2656793 AND 2656892 ORDER BY c
	Unique  (cost=392.53..393.03 rows=100 width=121)
	  ->  Sort  (cost=392.53..392.78 rows=100 width=121)
	        Sort Key: c
	        ->  Index Scan using sbtest8_pkey on sbtest8  (cost=0.43..389.21 rows=100 width=121)
	              Index Cond: ((id >= 2656793) AND (id <= 2656892))

for inserts
table 1 : explain INSERT INTO sbtest1 (id, k, c, pad) VALUES (6309134, 13, 'foobar', 'foobar')
	Insert on sbtest1  (cost=0.00..0.01 rows=0 width=0)
	  ->  Result  (cost=0.00..0.01 rows=1 width=736)

table 2 : explain INSERT INTO sbtest2 (id, k, c, pad) VALUES (5755550, 13, 'foobar', 'foobar')
	Insert on sbtest2  (cost=0.00..0.01 rows=0 width=0)
	  ->  Result  (cost=0.00..0.01 rows=1 width=736)

table 3 : explain INSERT INTO sbtest3 (id, k, c, pad) VALUES (4268243, 13, 'foobar', 'foobar')
	Insert on sbtest3  (cost=0.00..0.01 rows=0 width=0)
	  ->  Result  (cost=0.00..0.01 rows=1 width=736)

table 4 : explain INSERT INTO sbtest4 (id, k, c, pad) VALUES (1086802, 13, 'foobar', 'foobar')
	Insert on sbtest4  (cost=0.00..0.01 rows=0 width=0)
	  ->  Result  (cost=0.00..0.01 rows=1 width=736)

table 5 : explain INSERT INTO sbtest5 (id, k, c, pad) VALUES (6524965, 13, 'foobar', 'foobar')
	Insert on sbtest5  (cost=0.00..0.01 rows=0 width=0)
	  ->  Result  (cost=0.00..0.01 rows=1 width=736)

table 6 : explain INSERT INTO sbtest6 (id, k, c, pad) VALUES (6979648, 13, 'foobar', 'foobar')
	Insert on sbtest6  (cost=0.00..0.01 rows=0 width=0)
	  ->  Result  (cost=0.00..0.01 rows=1 width=736)

table 7 : explain INSERT INTO sbtest7 (id, k, c, pad) VALUES (1916560, 13, 'foobar', 'foobar')
	Insert on sbtest7  (cost=0.00..0.01 rows=0 width=0)
	  ->  Result  (cost=0.00..0.01 rows=1 width=736)

table 8 : explain INSERT INTO sbtest8 (id, k, c, pad) VALUES (8074022, 13, 'foobar', 'foobar')
	Insert on sbtest8  (cost=0.00..0.01 rows=0 width=0)
	  ->  Result  (cost=0.00..0.01 rows=1 width=736)

for: order_ranges
table 1 : explain SELECT c FROM sbtest1 WHERE id BETWEEN 5473594 AND 5473693 ORDER BY c
	Sort  (cost=432.70..432.97 rows=109 width=121)
	  Sort Key: c
	  ->  Index Scan using sbtest1_pkey on sbtest1  (cost=0.43..429.01 rows=109 width=121)
	        Index Cond: ((id >= 5473594) AND (id <= 5473693))

table 2 : explain SELECT c FROM sbtest2 WHERE id BETWEEN 6973155 AND 6973254 ORDER BY c
	Sort  (cost=389.38..389.63 rows=98 width=121)
	  Sort Key: c
	  ->  Index Scan using sbtest2_pkey on sbtest2  (cost=0.43..386.14 rows=98 width=121)
	        Index Cond: ((id >= 6973155) AND (id <= 6973254))

table 3 : explain SELECT c FROM sbtest3 WHERE id BETWEEN 682899 AND 682998 ORDER BY c
	Sort  (cost=384.17..384.42 rows=97 width=121)
	  Sort Key: c
	  ->  Index Scan using sbtest3_pkey on sbtest3  (cost=0.43..380.97 rows=97 width=121)
	        Index Cond: ((id >= 682899) AND (id <= 682998))

table 4 : explain SELECT c FROM sbtest4 WHERE id BETWEEN 7715857 AND 7715956 ORDER BY c
	Sort  (cost=399.55..399.80 rows=101 width=121)
	  Sort Key: c
	  ->  Index Scan using sbtest4_pkey on sbtest4  (cost=0.43..396.19 rows=101 width=121)
	        Index Cond: ((id >= 7715857) AND (id <= 7715956))

table 5 : explain SELECT c FROM sbtest5 WHERE id BETWEEN 4830916 AND 4831015 ORDER BY c
	Sort  (cost=406.48..406.73 rows=103 width=121)
	  Sort Key: c
	  ->  Index Scan using sbtest5_pkey on sbtest5  (cost=0.43..403.03 rows=103 width=121)
	        Index Cond: ((id >= 4830916) AND (id <= 4831015))

table 6 : explain SELECT c FROM sbtest6 WHERE id BETWEEN 4281908 AND 4282007 ORDER BY c
	Sort  (cost=431.61..431.89 rows=109 width=121)
	  Sort Key: c
	  ->  Index Scan using sbtest6_pkey on sbtest6  (cost=0.43..427.93 rows=109 width=121)
	        Index Cond: ((id >= 4281908) AND (id <= 4282007))

table 7 : explain SELECT c FROM sbtest7 WHERE id BETWEEN 5251599 AND 5251698 ORDER BY c
	Sort  (cost=405.63..405.89 rows=103 width=121)
	  Sort Key: c
	  ->  Index Scan using sbtest7_pkey on sbtest7  (cost=0.43..402.18 rows=103 width=121)
	        Index Cond: ((id >= 5251599) AND (id <= 5251698))

table 8 : explain SELECT c FROM sbtest8 WHERE id BETWEEN 6759011 AND 6759110 ORDER BY c
	Sort  (cost=415.84..416.11 rows=106 width=121)
	  Sort Key: c
	  ->  Index Scan using sbtest8_pkey on sbtest8  (cost=0.43..412.28 rows=106 width=121)
	        Index Cond: ((id >= 6759011) AND (id <= 6759110))

explain: for index_updates :: explain UPDATE sbtest%u SET k=k+1 WHERE id=%u
explain: for non_index_updates :: explain UPDATE sbtest%u SET c='foobar' WHERE id=%u
explain: for index_updates :: explain UPDATE sbtest%u SET k=k+1 WHERE id=%u
for: distinct_ranges
table 1 : explain SELECT DISTINCT c FROM sbtest1 WHERE id BETWEEN 8351354 AND 8351453 ORDER BY c
	Unique  (cost=432.70..433.25 rows=109 width=121)
	  ->  Sort  (cost=432.70..432.97 rows=109 width=121)
	        Sort Key: c
	        ->  Index Scan using sbtest1_pkey on sbtest1  (cost=0.43..429.01 rows=109 width=121)
	              Index Cond: ((id >= 8351354) AND (id <= 8351453))

table 2 : explain SELECT DISTINCT c FROM sbtest2 WHERE id BETWEEN 2871627 AND 2871726 ORDER BY c
	Unique  (cost=393.32..393.81 rows=99 width=121)
	  ->  Sort  (cost=393.32..393.56 rows=99 width=121)
	        Sort Key: c
	        ->  Index Scan using sbtest2_pkey on sbtest2  (cost=0.43..390.03 rows=99 width=121)
	              Index Cond: ((id >= 2871627) AND (id <= 2871726))

table 3 : explain SELECT DISTINCT c FROM sbtest3 WHERE id BETWEEN 3597178 AND 3597277 ORDER BY c
	Unique  (cost=368.49..368.96 rows=93 width=121)
	  ->  Sort  (cost=368.49..368.73 rows=93 width=121)
	        Sort Key: c
	        ->  Index Scan using sbtest3_pkey on sbtest3  (cost=0.43..365.45 rows=93 width=121)
	              Index Cond: ((id >= 3597178) AND (id <= 3597277))

table 4 : explain SELECT DISTINCT c FROM sbtest4 WHERE id BETWEEN 7179245 AND 7179344 ORDER BY c
	Unique  (cost=360.35..360.81 rows=91 width=121)
	  ->  Sort  (cost=360.35..360.58 rows=91 width=121)
	        Sort Key: c
	        ->  Index Scan using sbtest4_pkey on sbtest4  (cost=0.43..357.39 rows=91 width=121)
	              Index Cond: ((id >= 7179245) AND (id <= 7179344))

table 5 : explain SELECT DISTINCT c FROM sbtest5 WHERE id BETWEEN 1957646 AND 1957745 ORDER BY c
	Unique  (cost=398.66..399.17 rows=101 width=121)
	  ->  Sort  (cost=398.66..398.91 rows=101 width=121)
	        Sort Key: c
	        ->  Index Scan using sbtest5_pkey on sbtest5  (cost=0.43..395.30 rows=101 width=121)
	              Index Cond: ((id >= 1957646) AND (id <= 1957745))

table 6 : explain SELECT DISTINCT c FROM sbtest6 WHERE id BETWEEN 8649111 AND 8649210 ORDER BY c
	Unique  (cost=353.11..353.56 rows=89 width=121)
	  ->  Sort  (cost=353.11..353.33 rows=89 width=121)
	        Sort Key: c
	        ->  Index Scan using sbtest6_pkey on sbtest6  (cost=0.43..350.23 rows=89 width=121)
	              Index Cond: ((id >= 8649111) AND (id <= 8649210))

table 7 : explain SELECT DISTINCT c FROM sbtest7 WHERE id BETWEEN 3931929 AND 3932028 ORDER BY c
	Unique  (cost=405.63..406.14 rows=103 width=121)
	  ->  Sort  (cost=405.63..405.89 rows=103 width=121)
	        Sort Key: c
	        ->  Index Scan using sbtest7_pkey on sbtest7  (cost=0.43..402.18 rows=103 width=121)
	              Index Cond: ((id >= 3931929) AND (id <= 3932028))

table 8 : explain SELECT DISTINCT c FROM sbtest8 WHERE id BETWEEN 770500 AND 770599 ORDER BY c
	Unique  (cost=396.42..396.92 rows=101 width=121)
	  ->  Sort  (cost=396.42..396.67 rows=101 width=121)
	        Sort Key: c
	        ->  Index Scan using sbtest8_pkey on sbtest8  (cost=0.43..393.05 rows=101 width=121)
	              Index Cond: ((id >= 770500) AND (id <= 770599))

for non_index_updates
table 1 : explain UPDATE sbtest1 SET c='foobar' WHERE id=8958431
	Update on sbtest1  (cost=0.43..8.45 rows=0 width=0)
	  ->  Index Scan using sbtest1_pkey on sbtest1  (cost=0.43..8.45 rows=1 width=490)
	        Index Cond: (id = 8958431)

table 2 : explain UPDATE sbtest2 SET c='foobar' WHERE id=7395373
	Update on sbtest2  (cost=0.43..8.45 rows=0 width=0)
	  ->  Index Scan using sbtest2_pkey on sbtest2  (cost=0.43..8.45 rows=1 width=490)
	        Index Cond: (id = 7395373)

table 3 : explain UPDATE sbtest3 SET c='foobar' WHERE id=5590362
	Update on sbtest3  (cost=0.43..8.45 rows=0 width=0)
	  ->  Index Scan using sbtest3_pkey on sbtest3  (cost=0.43..8.45 rows=1 width=490)
	        Index Cond: (id = 5590362)

table 4 : explain UPDATE sbtest4 SET c='foobar' WHERE id=89709
	Update on sbtest4  (cost=0.43..8.45 rows=0 width=0)
	  ->  Index Scan using sbtest4_pkey on sbtest4  (cost=0.43..8.45 rows=1 width=490)
	        Index Cond: (id = 89709)

table 5 : explain UPDATE sbtest5 SET c='foobar' WHERE id=6555727
	Update on sbtest5  (cost=0.43..8.45 rows=0 width=0)
	  ->  Index Scan using sbtest5_pkey on sbtest5  (cost=0.43..8.45 rows=1 width=490)
	        Index Cond: (id = 6555727)

table 6 : explain UPDATE sbtest6 SET c='foobar' WHERE id=1161849
	Update on sbtest6  (cost=0.43..8.45 rows=0 width=0)
	  ->  Index Scan using sbtest6_pkey on sbtest6  (cost=0.43..8.45 rows=1 width=490)
	        Index Cond: (id = 1161849)

table 7 : explain UPDATE sbtest7 SET c='foobar' WHERE id=6304322
	Update on sbtest7  (cost=0.43..8.45 rows=0 width=0)
	  ->  Index Scan using sbtest7_pkey on sbtest7  (cost=0.43..8.45 rows=1 width=490)
	        Index Cond: (id = 6304322)

table 8 : explain UPDATE sbtest8 SET c='foobar' WHERE id=5435362
	Update on sbtest8  (cost=0.43..8.45 rows=0 width=0)
	  ->  Index Scan using sbtest8_pkey on sbtest8  (cost=0.43..8.45 rows=1 width=490)
	        Index Cond: (id = 5435362)

for index_updates
table 1 : explain UPDATE sbtest1 SET k=k+1 WHERE id=3582012
	Update on sbtest1  (cost=0.43..8.46 rows=0 width=0)
	  ->  Index Scan using sbtest1_pkey on sbtest1  (cost=0.43..8.46 rows=1 width=10)
	        Index Cond: (id = 3582012)

table 2 : explain UPDATE sbtest2 SET k=k+1 WHERE id=9915570
	Update on sbtest2  (cost=0.43..8.46 rows=0 width=0)
	  ->  Index Scan using sbtest2_pkey on sbtest2  (cost=0.43..8.46 rows=1 width=10)
	        Index Cond: (id = 9915570)

table 3 : explain UPDATE sbtest3 SET k=k+1 WHERE id=535751
	Update on sbtest3  (cost=0.43..8.46 rows=0 width=0)
	  ->  Index Scan using sbtest3_pkey on sbtest3  (cost=0.43..8.46 rows=1 width=10)
	        Index Cond: (id = 535751)

table 4 : explain UPDATE sbtest4 SET k=k+1 WHERE id=3434663
	Update on sbtest4  (cost=0.43..8.46 rows=0 width=0)
	  ->  Index Scan using sbtest4_pkey on sbtest4  (cost=0.43..8.46 rows=1 width=10)
	        Index Cond: (id = 3434663)

table 5 : explain UPDATE sbtest5 SET k=k+1 WHERE id=4045066
	Update on sbtest5  (cost=0.43..8.46 rows=0 width=0)
	  ->  Index Scan using sbtest5_pkey on sbtest5  (cost=0.43..8.46 rows=1 width=10)
	        Index Cond: (id = 4045066)

table 6 : explain UPDATE sbtest6 SET k=k+1 WHERE id=1106947
	Update on sbtest6  (cost=0.43..8.46 rows=0 width=0)
	  ->  Index Scan using sbtest6_pkey on sbtest6  (cost=0.43..8.46 rows=1 width=10)
	        Index Cond: (id = 1106947)

table 7 : explain UPDATE sbtest7 SET k=k+1 WHERE id=702041
	Update on sbtest7  (cost=0.43..8.46 rows=0 width=0)
	  ->  Index Scan using sbtest7_pkey on sbtest7  (cost=0.43..8.46 rows=1 width=10)
	        Index Cond: (id = 702041)

table 8 : explain UPDATE sbtest8 SET k=k+1 WHERE id=4463525
	Update on sbtest8  (cost=0.43..8.46 rows=0 width=0)
	  ->  Index Scan using sbtest8_pkey on sbtest8  (cost=0.43..8.46 rows=1 width=10)
	        Index Cond: (id = 4463525)

explain: for deletes :: explain DELETE FROM sbtest%u WHERE id=%u
explain: for index_updates :: explain UPDATE sbtest%u SET k=k+1 WHERE id=%u
for: distinct_ranges
table 1 : explain SELECT DISTINCT c FROM sbtest1 WHERE id BETWEEN 6571622 AND 6571721 ORDER BY c
	Unique  (cost=397.27..397.77 rows=100 width=121)
	  ->  Sort  (cost=397.27..397.52 rows=100 width=121)
	        Sort Key: c
	        ->  Index Scan using sbtest1_pkey on sbtest1  (cost=0.43..393.94 rows=100 width=121)
	              Index Cond: ((id >= 6571622) AND (id <= 6571721))

table 2 : explain SELECT DISTINCT c FROM sbtest2 WHERE id BETWEEN 7081187 AND 7081286 ORDER BY c
	Unique  (cost=432.68..433.23 rows=109 width=121)
	  ->  Sort  (cost=432.68..432.96 rows=109 width=121)
	        Sort Key: c
	        ->  Index Scan using sbtest2_pkey on sbtest2  (cost=0.43..429.00 rows=109 width=121)
	              Index Cond: ((id >= 7081187) AND (id <= 7081286))

table 3 : explain SELECT DISTINCT c FROM sbtest3 WHERE id BETWEEN 7026611 AND 7026710 ORDER BY c
	Unique  (cost=454.78..455.35 rows=115 width=121)
	  ->  Sort  (cost=454.78..455.06 rows=115 width=121)
	        Sort Key: c
	        ->  Index Scan using sbtest3_pkey on sbtest3  (cost=0.43..450.84 rows=115 width=121)
	              Index Cond: ((id >= 7026611) AND (id <= 7026710))

table 4 : explain SELECT DISTINCT c FROM sbtest4 WHERE id BETWEEN 3159595 AND 3159694 ORDER BY c
	Unique  (cost=419.14..419.67 rows=106 width=121)
	  ->  Sort  (cost=419.14..419.40 rows=106 width=121)
	        Sort Key: c
	        ->  Index Scan using sbtest4_pkey on sbtest4  (cost=0.43..415.57 rows=106 width=121)
	              Index Cond: ((id >= 3159595) AND (id <= 3159694))

table 5 : explain SELECT DISTINCT c FROM sbtest5 WHERE id BETWEEN 5314752 AND 5314851 ORDER BY c
	Unique  (cost=394.75..395.25 rows=100 width=121)
	  ->  Sort  (cost=394.75..395.00 rows=100 width=121)
	        Sort Key: c
	        ->  Index Scan using sbtest5_pkey on sbtest5  (cost=0.43..391.43 rows=100 width=121)
	              Index Cond: ((id >= 5314752) AND (id <= 5314851))

table 6 : explain SELECT DISTINCT c FROM sbtest6 WHERE id BETWEEN 4458975 AND 4459074 ORDER BY c
	Unique  (cost=380.57..381.05 rows=96 width=121)
	  ->  Sort  (cost=380.57..380.81 rows=96 width=121)
	        Sort Key: c
	        ->  Index Scan using sbtest6_pkey on sbtest6  (cost=0.43..377.41 rows=96 width=121)
	              Index Cond: ((id >= 4458975) AND (id <= 4459074))

table 7 : explain SELECT DISTINCT c FROM sbtest7 WHERE id BETWEEN 7238915 AND 7239014 ORDER BY c
	Unique  (cost=378.29..378.77 rows=96 width=121)
	  ->  Sort  (cost=378.29..378.53 rows=96 width=121)
	        Sort Key: c
	        ->  Index Scan using sbtest7_pkey on sbtest7  (cost=0.43..375.13 rows=96 width=121)
	              Index Cond: ((id >= 7238915) AND (id <= 7239014))

table 8 : explain SELECT DISTINCT c FROM sbtest8 WHERE id BETWEEN 8440722 AND 8440821 ORDER BY c
	Unique  (cost=365.29..365.76 rows=93 width=121)
	  ->  Sort  (cost=365.29..365.53 rows=93 width=121)
	        Sort Key: c
	        ->  Index Scan using sbtest8_pkey on sbtest8  (cost=0.43..362.25 rows=93 width=121)
	              Index Cond: ((id >= 8440722) AND (id <= 8440821))

explain: for non_index_updates :: explain UPDATE sbtest%u SET c='foobar' WHERE id=%u
for point_selects
table 1 : explain SELECT c FROM sbtest1 WHERE id=1689204
	Index Scan using sbtest1_pkey on sbtest1  (cost=0.43..8.45 rows=1 width=121)
	  Index Cond: (id = 1689204)

table 2 : explain SELECT c FROM sbtest2 WHERE id=5087875
	Index Scan using sbtest2_pkey on sbtest2  (cost=0.43..8.45 rows=1 width=121)
	  Index Cond: (id = 5087875)

table 3 : explain SELECT c FROM sbtest3 WHERE id=7195406
	Index Scan using sbtest3_pkey on sbtest3  (cost=0.43..8.45 rows=1 width=121)
	  Index Cond: (id = 7195406)

table 4 : explain SELECT c FROM sbtest4 WHERE id=6118987
	Index Scan using sbtest4_pkey on sbtest4  (cost=0.43..8.45 rows=1 width=121)
	  Index Cond: (id = 6118987)

table 5 : explain SELECT c FROM sbtest5 WHERE id=6445320
	Index Scan using sbtest5_pkey on sbtest5  (cost=0.43..8.45 rows=1 width=121)
	  Index Cond: (id = 6445320)

table 6 : explain SELECT c FROM sbtest6 WHERE id=212102
	Index Scan using sbtest6_pkey on sbtest6  (cost=0.43..8.45 rows=1 width=121)
	  Index Cond: (id = 212102)

table 7 : explain SELECT c FROM sbtest7 WHERE id=3482826
	Index Scan using sbtest7_pkey on sbtest7  (cost=0.43..8.45 rows=1 width=121)
	  Index Cond: (id = 3482826)

table 8 : explain SELECT c FROM sbtest8 WHERE id=3504233
	Index Scan using sbtest8_pkey on sbtest8  (cost=0.43..8.45 rows=1 width=121)
	  Index Cond: (id = 3504233)

for deletes
table 1 : explain DELETE FROM sbtest1 WHERE id=4200852
	Delete on sbtest1  (cost=0.43..8.45 rows=0 width=0)
	  ->  Index Scan using sbtest1_pkey on sbtest1  (cost=0.43..8.45 rows=1 width=6)
	        Index Cond: (id = 4200852)

table 2 : explain DELETE FROM sbtest2 WHERE id=8309931
	Delete on sbtest2  (cost=0.43..8.45 rows=0 width=0)
	  ->  Index Scan using sbtest2_pkey on sbtest2  (cost=0.43..8.45 rows=1 width=6)
	        Index Cond: (id = 8309931)

table 3 : explain DELETE FROM sbtest3 WHERE id=9611993
	Delete on sbtest3  (cost=0.43..8.45 rows=0 width=0)
	  ->  Index Scan using sbtest3_pkey on sbtest3  (cost=0.43..8.45 rows=1 width=6)
	        Index Cond: (id = 9611993)

table 4 : explain DELETE FROM sbtest4 WHERE id=6868823
	Delete on sbtest4  (cost=0.43..8.45 rows=0 width=0)
	  ->  Index Scan using sbtest4_pkey on sbtest4  (cost=0.43..8.45 rows=1 width=6)
	        Index Cond: (id = 6868823)

table 5 : explain DELETE FROM sbtest5 WHERE id=4850000
	Delete on sbtest5  (cost=0.43..8.45 rows=0 width=0)
	  ->  Index Scan using sbtest5_pkey on sbtest5  (cost=0.43..8.45 rows=1 width=6)
	        Index Cond: (id = 4850000)

table 6 : explain DELETE FROM sbtest6 WHERE id=2904678
	Delete on sbtest6  (cost=0.43..8.45 rows=0 width=0)
	  ->  Index Scan using sbtest6_pkey on sbtest6  (cost=0.43..8.45 rows=1 width=6)
	        Index Cond: (id = 2904678)

table 7 : explain DELETE FROM sbtest7 WHERE id=5597981
	Delete on sbtest7  (cost=0.43..8.45 rows=0 width=0)
	  ->  Index Scan using sbtest7_pkey on sbtest7  (cost=0.43..8.45 rows=1 width=6)
	        Index Cond: (id = 5597981)

table 8 : explain DELETE FROM sbtest8 WHERE id=2029648
	Delete on sbtest8  (cost=0.43..8.45 rows=0 width=0)
	  ->  Index Scan using sbtest8_pkey on sbtest8  (cost=0.43..8.45 rows=1 width=6)
	        Index Cond: (id = 2029648)

for index_updates
table 1 : explain UPDATE sbtest1 SET k=k+1 WHERE id=7979031
	Update on sbtest1  (cost=0.43..8.46 rows=0 width=0)
	  ->  Index Scan using sbtest1_pkey on sbtest1  (cost=0.43..8.46 rows=1 width=10)
	        Index Cond: (id = 7979031)

table 2 : explain UPDATE sbtest2 SET k=k+1 WHERE id=2989894
	Update on sbtest2  (cost=0.43..8.46 rows=0 width=0)
	  ->  Index Scan using sbtest2_pkey on sbtest2  (cost=0.43..8.46 rows=1 width=10)
	        Index Cond: (id = 2989894)

table 3 : explain UPDATE sbtest3 SET k=k+1 WHERE id=4692693
	Update on sbtest3  (cost=0.43..8.46 rows=0 width=0)
	  ->  Index Scan using sbtest3_pkey on sbtest3  (cost=0.43..8.46 rows=1 width=10)
	        Index Cond: (id = 4692693)

table 4 : explain UPDATE sbtest4 SET k=k+1 WHERE id=543738
	Update on sbtest4  (cost=0.43..8.46 rows=0 width=0)
	  ->  Index Scan using sbtest4_pkey on sbtest4  (cost=0.43..8.46 rows=1 width=10)
	        Index Cond: (id = 543738)

table 5 : explain UPDATE sbtest5 SET k=k+1 WHERE id=2269903
	Update on sbtest5  (cost=0.43..8.46 rows=0 width=0)
	  ->  Index Scan using sbtest5_pkey on sbtest5  (cost=0.43..8.46 rows=1 width=10)
	        Index Cond: (id = 2269903)

table 6 : explain UPDATE sbtest6 SET k=k+1 WHERE id=713916
	Update on sbtest6  (cost=0.43..8.46 rows=0 width=0)
	  ->  Index Scan using sbtest6_pkey on sbtest6  (cost=0.43..8.46 rows=1 width=10)
	        Index Cond: (id = 713916)

table 7 : explain UPDATE sbtest7 SET k=k+1 WHERE id=5030770
	Update on sbtest7  (cost=0.43..8.46 rows=0 width=0)
	  ->  Index Scan using sbtest7_pkey on sbtest7  (cost=0.43..8.46 rows=1 width=10)
	        Index Cond: (id = 5030770)

table 8 : explain UPDATE sbtest8 SET k=k+1 WHERE id=6612493
	Update on sbtest8  (cost=0.43..8.46 rows=0 width=0)
	  ->  Index Scan using sbtest8_pkey on sbtest8  (cost=0.43..8.46 rows=1 width=10)
	        Index Cond: (id = 6612493)

explain: for inserts :: explain INSERT INTO sbtest%u (id, k, c, pad) VALUES (%u, 13, 'foobar', 'foobar')
explain: for index_updates :: explain UPDATE sbtest%u SET k=k+1 WHERE id=%u
explain: for non_index_updates :: explain UPDATE sbtest%u SET c='foobar' WHERE id=%u
for index_updates
table 1 : explain UPDATE sbtest1 SET k=k+1 WHERE id=5360775
	Update on sbtest1  (cost=0.43..8.46 rows=0 width=0)
	  ->  Index Scan using sbtest1_pkey on sbtest1  (cost=0.43..8.46 rows=1 width=10)
	        Index Cond: (id = 5360775)

table 2 : explain UPDATE sbtest2 SET k=k+1 WHERE id=6825827
	Update on sbtest2  (cost=0.43..8.46 rows=0 width=0)
	  ->  Index Scan using sbtest2_pkey on sbtest2  (cost=0.43..8.46 rows=1 width=10)
	        Index Cond: (id = 6825827)

table 3 : explain UPDATE sbtest3 SET k=k+1 WHERE id=6449060
	Update on sbtest3  (cost=0.43..8.46 rows=0 width=0)
	  ->  Index Scan using sbtest3_pkey on sbtest3  (cost=0.43..8.46 rows=1 width=10)
	        Index Cond: (id = 6449060)

table 4 : explain UPDATE sbtest4 SET k=k+1 WHERE id=5314100
	Update on sbtest4  (cost=0.43..8.46 rows=0 width=0)
	  ->  Index Scan using sbtest4_pkey on sbtest4  (cost=0.43..8.46 rows=1 width=10)
	        Index Cond: (id = 5314100)

table 5 : explain UPDATE sbtest5 SET k=k+1 WHERE id=2122048
	Update on sbtest5  (cost=0.43..8.46 rows=0 width=0)
	  ->  Index Scan using sbtest5_pkey on sbtest5  (cost=0.43..8.46 rows=1 width=10)
	        Index Cond: (id = 2122048)

table 6 : explain UPDATE sbtest6 SET k=k+1 WHERE id=4838523
	Update on sbtest6  (cost=0.43..8.46 rows=0 width=0)
	  ->  Index Scan using sbtest6_pkey on sbtest6  (cost=0.43..8.46 rows=1 width=10)
	        Index Cond: (id = 4838523)

table 7 : explain UPDATE sbtest7 SET k=k+1 WHERE id=44288
	Update on sbtest7  (cost=0.43..8.46 rows=0 width=0)
	  ->  Index Scan using sbtest7_pkey on sbtest7  (cost=0.43..8.46 rows=1 width=10)
	        Index Cond: (id = 44288)

table 8 : explain UPDATE sbtest8 SET k=k+1 WHERE id=9882441
	Update on sbtest8  (cost=0.43..8.46 rows=0 width=0)
	  ->  Index Scan using sbtest8_pkey on sbtest8  (cost=0.43..8.46 rows=1 width=10)
	        Index Cond: (id = 9882441)

for inserts
table 1 : explain INSERT INTO sbtest1 (id, k, c, pad) VALUES (3066811, 13, 'foobar', 'foobar')
	Insert on sbtest1  (cost=0.00..0.01 rows=0 width=0)
	  ->  Result  (cost=0.00..0.01 rows=1 width=736)

table 2 : explain INSERT INTO sbtest2 (id, k, c, pad) VALUES (2044626, 13, 'foobar', 'foobar')
	Insert on sbtest2  (cost=0.00..0.01 rows=0 width=0)
	  ->  Result  (cost=0.00..0.01 rows=1 width=736)

table 3 : explain INSERT INTO sbtest3 (id, k, c, pad) VALUES (29657, 13, 'foobar', 'foobar')
	Insert on sbtest3  (cost=0.00..0.01 rows=0 width=0)
	  ->  Result  (cost=0.00..0.01 rows=1 width=736)

table 4 : explain INSERT INTO sbtest4 (id, k, c, pad) VALUES (4950205, 13, 'foobar', 'foobar')
	Insert on sbtest4  (cost=0.00..0.01 rows=0 width=0)
	  ->  Result  (cost=0.00..0.01 rows=1 width=736)

table 5 : explain INSERT INTO sbtest5 (id, k, c, pad) VALUES (9364368, 13, 'foobar', 'foobar')
	Insert on sbtest5  (cost=0.00..0.01 rows=0 width=0)
	  ->  Result  (cost=0.00..0.01 rows=1 width=736)

table 6 : explain INSERT INTO sbtest6 (id, k, c, pad) VALUES (7424142, 13, 'foobar', 'foobar')
	Insert on sbtest6  (cost=0.00..0.01 rows=0 width=0)
	  ->  Result  (cost=0.00..0.01 rows=1 width=736)

table 7 : explain INSERT INTO sbtest7 (id, k, c, pad) VALUES (1238522, 13, 'foobar', 'foobar')
	Insert on sbtest7  (cost=0.00..0.01 rows=0 width=0)
	  ->  Result  (cost=0.00..0.01 rows=1 width=736)

table 8 : explain INSERT INTO sbtest8 (id, k, c, pad) VALUES (2632822, 13, 'foobar', 'foobar')
	Insert on sbtest8  (cost=0.00..0.01 rows=0 width=0)
	  ->  Result  (cost=0.00..0.01 rows=1 width=736)

for: simple_ranges
table 1 : explain SELECT c FROM sbtest1 WHERE id BETWEEN 6939694 AND 6939793
	Index Scan using sbtest1_pkey on sbtest1  (cost=0.43..401.76 rows=102 width=121)
	  Index Cond: ((id >= 6939694) AND (id <= 6939793))

table 2 : explain SELECT c FROM sbtest2 WHERE id BETWEEN 8931540 AND 8931639
	Index Scan using sbtest2_pkey on sbtest2  (cost=0.43..390.03 rows=99 width=121)
	  Index Cond: ((id >= 8931540) AND (id <= 8931639))

table 3 : explain SELECT c FROM sbtest3 WHERE id BETWEEN 9956942 AND 9957041
	Index Scan using sbtest3_pkey on sbtest3  (cost=0.43..384.85 rows=98 width=121)
	  Index Cond: ((id >= 9956942) AND (id <= 9957041))

table 4 : explain SELECT c FROM sbtest4 WHERE id BETWEEN 8944776 AND 8944875
	Index Scan using sbtest4_pkey on sbtest4  (cost=0.43..411.69 rows=105 width=121)
	  Index Cond: ((id >= 8944776) AND (id <= 8944875))

table 5 : explain SELECT c FROM sbtest5 WHERE id BETWEEN 7301220 AND 7301319
	Index Scan using sbtest5_pkey on sbtest5  (cost=0.43..383.70 rows=98 width=121)
	  Index Cond: ((id >= 7301220) AND (id <= 7301319))

table 6 : explain SELECT c FROM sbtest6 WHERE id BETWEEN 7884932 AND 7885031
	Index Scan using sbtest6_pkey on sbtest6  (cost=0.43..400.74 rows=102 width=121)
	  Index Cond: ((id >= 7884932) AND (id <= 7885031))

table 7 : explain SELECT c FROM sbtest7 WHERE id BETWEEN 7771961 AND 7772060
	Index Scan using sbtest7_pkey on sbtest7  (cost=0.43..394.47 rows=101 width=121)
	  Index Cond: ((id >= 7771961) AND (id <= 7772060))

table 8 : explain SELECT c FROM sbtest8 WHERE id BETWEEN 7325320 AND 7325419
	Index Scan using sbtest8_pkey on sbtest8  (cost=0.43..400.74 rows=103 width=121)
	  Index Cond: ((id >= 7325320) AND (id <= 7325419))

for index_updates
table 1 : explain UPDATE sbtest1 SET k=k+1 WHERE id=1532763
	Update on sbtest1  (cost=0.43..8.46 rows=0 width=0)
	  ->  Index Scan using sbtest1_pkey on sbtest1  (cost=0.43..8.46 rows=1 width=10)
	        Index Cond: (id = 1532763)

table 2 : explain UPDATE sbtest2 SET k=k+1 WHERE id=2467162
	Update on sbtest2  (cost=0.43..8.46 rows=0 width=0)
	  ->  Index Scan using sbtest2_pkey on sbtest2  (cost=0.43..8.46 rows=1 width=10)
	        Index Cond: (id = 2467162)

table 3 : explain UPDATE sbtest3 SET k=k+1 WHERE id=9451792
	Update on sbtest3  (cost=0.43..8.46 rows=0 width=0)
	  ->  Index Scan using sbtest3_pkey on sbtest3  (cost=0.43..8.46 rows=1 width=10)
	        Index Cond: (id = 9451792)

table 4 : explain UPDATE sbtest4 SET k=k+1 WHERE id=1658797
	Update on sbtest4  (cost=0.43..8.46 rows=0 width=0)
	  ->  Index Scan using sbtest4_pkey on sbtest4  (cost=0.43..8.46 rows=1 width=10)
	        Index Cond: (id = 1658797)

table 5 : explain UPDATE sbtest5 SET k=k+1 WHERE id=3976356
	Update on sbtest5  (cost=0.43..8.46 rows=0 width=0)
	  ->  Index Scan using sbtest5_pkey on sbtest5  (cost=0.43..8.46 rows=1 width=10)
	        Index Cond: (id = 3976356)

table 6 : explain UPDATE sbtest6 SET k=k+1 WHERE id=4063193
	Update on sbtest6  (cost=0.43..8.46 rows=0 width=0)
	  ->  Index Scan using sbtest6_pkey on sbtest6  (cost=0.43..8.46 rows=1 width=10)
	        Index Cond: (id = 4063193)

table 7 : explain UPDATE sbtest7 SET k=k+1 WHERE id=5367176
	Update on sbtest7  (cost=0.43..8.46 rows=0 width=0)
	  ->  Index Scan using sbtest7_pkey on sbtest7  (cost=0.43..8.46 rows=1 width=10)
	        Index Cond: (id = 5367176)

table 8 : explain UPDATE sbtest8 SET k=k+1 WHERE id=306613
	Update on sbtest8  (cost=0.43..8.46 rows=0 width=0)
	  ->  Index Scan using sbtest8_pkey on sbtest8  (cost=0.43..8.46 rows=1 width=10)
	        Index Cond: (id = 306613)

for non_index_updates
table 1 : explain UPDATE sbtest1 SET c='foobar' WHERE id=7033471
	Update on sbtest1  (cost=0.43..8.45 rows=0 width=0)
	  ->  Index Scan using sbtest1_pkey on sbtest1  (cost=0.43..8.45 rows=1 width=490)
	        Index Cond: (id = 7033471)

table 2 : explain UPDATE sbtest2 SET c='foobar' WHERE id=9484995
	Update on sbtest2  (cost=0.43..8.45 rows=0 width=0)
	  ->  Index Scan using sbtest2_pkey on sbtest2  (cost=0.43..8.45 rows=1 width=490)
	        Index Cond: (id = 9484995)

table 3 : explain UPDATE sbtest3 SET c='foobar' WHERE id=8116630
	Update on sbtest3  (cost=0.43..8.45 rows=0 width=0)
	  ->  Index Scan using sbtest3_pkey on sbtest3  (cost=0.43..8.45 rows=1 width=490)
	        Index Cond: (id = 8116630)

table 4 : explain UPDATE sbtest4 SET c='foobar' WHERE id=1688064
	Update on sbtest4  (cost=0.43..8.45 rows=0 width=0)
	  ->  Index Scan using sbtest4_pkey on sbtest4  (cost=0.43..8.45 rows=1 width=490)
	        Index Cond: (id = 1688064)

table 5 : explain UPDATE sbtest5 SET c='foobar' WHERE id=208671
	Update on sbtest5  (cost=0.43..8.45 rows=0 width=0)
	  ->  Index Scan using sbtest5_pkey on sbtest5  (cost=0.43..8.45 rows=1 width=490)
	        Index Cond: (id = 208671)

table 6 : explain UPDATE sbtest6 SET c='foobar' WHERE id=6340160
	Update on sbtest6  (cost=0.43..8.45 rows=0 width=0)
	  ->  Index Scan using sbtest6_pkey on sbtest6  (cost=0.43..8.45 rows=1 width=490)
	        Index Cond: (id = 6340160)

table 7 : explain UPDATE sbtest7 SET c='foobar' WHERE id=4720291
	Update on sbtest7  (cost=0.43..8.45 rows=0 width=0)
	  ->  Index Scan using sbtest7_pkey on sbtest7  (cost=0.43..8.45 rows=1 width=490)
	        Index Cond: (id = 4720291)

table 8 : explain UPDATE sbtest8 SET c='foobar' WHERE id=4165505
	Update on sbtest8  (cost=0.43..8.45 rows=0 width=0)
	  ->  Index Scan using sbtest8_pkey on sbtest8  (cost=0.43..8.45 rows=1 width=490)
	        Index Cond: (id = 4165505)

explain: for non_index_updates :: explain UPDATE sbtest%u SET c='foobar' WHERE id=%u
for: distinct_ranges
table 1 : explain SELECT DISTINCT c FROM sbtest1 WHERE id BETWEEN 8088481 AND 8088580 ORDER BY c
	Unique  (cost=373.66..374.13 rows=94 width=121)
	  ->  Sort  (cost=373.66..373.90 rows=94 width=121)
	        Sort Key: c
	        ->  Index Scan using sbtest1_pkey on sbtest1  (cost=0.43..370.58 rows=94 width=121)
	              Index Cond: ((id >= 8088481) AND (id <= 8088580))

table 2 : explain SELECT DISTINCT c FROM sbtest2 WHERE id BETWEEN 4789539 AND 4789638 ORDER BY c
	Unique  (cost=393.32..393.81 rows=99 width=121)
	  ->  Sort  (cost=393.32..393.56 rows=99 width=121)
	        Sort Key: c
	        ->  Index Scan using sbtest2_pkey on sbtest2  (cost=0.43..390.03 rows=99 width=121)
	              Index Cond: ((id >= 4789539) AND (id <= 4789638))

table 3 : explain SELECT DISTINCT c FROM sbtest3 WHERE id BETWEEN 2638924 AND 2639023 ORDER BY c
	Unique  (cost=384.17..384.66 rows=97 width=121)
	  ->  Sort  (cost=384.17..384.42 rows=97 width=121)
	        Sort Key: c
	        ->  Index Scan using sbtest3_pkey on sbtest3  (cost=0.43..380.97 rows=97 width=121)
	              Index Cond: ((id >= 2638924) AND (id <= 2639023))

table 4 : explain SELECT DISTINCT c FROM sbtest4 WHERE id BETWEEN 2714947 AND 2715046 ORDER BY c
	Unique  (cost=376.02..376.49 rows=95 width=121)
	  ->  Sort  (cost=376.02..376.25 rows=95 width=121)
	        Sort Key: c
	        ->  Index Scan using sbtest4_pkey on sbtest4  (cost=0.43..372.90 rows=95 width=121)
	              Index Cond: ((id >= 2714947) AND (id <= 2715046))

table 5 : explain SELECT DISTINCT c FROM sbtest5 WHERE id BETWEEN 2714050 AND 2714149 ORDER BY c
	Unique  (cost=379.09..379.57 rows=96 width=121)
	  ->  Sort  (cost=379.09..379.33 rows=96 width=121)
	        Sort Key: c
	        ->  Index Scan using sbtest5_pkey on sbtest5  (cost=0.43..375.92 rows=96 width=121)
	              Index Cond: ((id >= 2714050) AND (id <= 2714149))

table 6 : explain SELECT DISTINCT c FROM sbtest6 WHERE id BETWEEN 5449604 AND 5449703 ORDER BY c
	Unique  (cost=396.30..396.80 rows=100 width=121)
	  ->  Sort  (cost=396.30..396.55 rows=100 width=121)
	        Sort Key: c
	        ->  Index Scan using sbtest6_pkey on sbtest6  (cost=0.43..392.98 rows=100 width=121)
	              Index Cond: ((id >= 5449604) AND (id <= 5449703))

table 7 : explain SELECT DISTINCT c FROM sbtest7 WHERE id BETWEEN 3696743 AND 3696842 ORDER BY c
	Unique  (cost=409.53..410.05 rows=104 width=121)
	  ->  Sort  (cost=409.53..409.79 rows=104 width=121)
	        Sort Key: c
	        ->  Index Scan using sbtest7_pkey on sbtest7  (cost=0.43..406.04 rows=104 width=121)
	              Index Cond: ((id >= 3696743) AND (id <= 3696842))

table 8 : explain SELECT DISTINCT c FROM sbtest8 WHERE id BETWEEN 4779816 AND 4779915 ORDER BY c
	Unique  (cost=384.76..385.25 rows=98 width=121)
	  ->  Sort  (cost=384.76..385.01 rows=98 width=121)
	        Sort Key: c
	        ->  Index Scan using sbtest8_pkey on sbtest8  (cost=0.43..381.52 rows=98 width=121)
	              Index Cond: ((id >= 4779816) AND (id <= 4779915))

explain: for non_index_updates :: explain UPDATE sbtest%u SET c='foobar' WHERE id=%u
for point_selects
table 1 : explain SELECT c FROM sbtest1 WHERE id=3783054
	Index Scan using sbtest1_pkey on sbtest1  (cost=0.43..8.45 rows=1 width=121)
	  Index Cond: (id = 3783054)

table 2 : explain SELECT c FROM sbtest2 WHERE id=5939387
	Index Scan using sbtest2_pkey on sbtest2  (cost=0.43..8.45 rows=1 width=121)
	  Index Cond: (id = 5939387)

table 3 : explain SELECT c FROM sbtest3 WHERE id=5015264
	Index Scan using sbtest3_pkey on sbtest3  (cost=0.43..8.45 rows=1 width=121)
	  Index Cond: (id = 5015264)

table 4 : explain SELECT c FROM sbtest4 WHERE id=4684039
	Index Scan using sbtest4_pkey on sbtest4  (cost=0.43..8.45 rows=1 width=121)
	  Index Cond: (id = 4684039)

table 5 : explain SELECT c FROM sbtest5 WHERE id=8743627
	Index Scan using sbtest5_pkey on sbtest5  (cost=0.43..8.45 rows=1 width=121)
	  Index Cond: (id = 8743627)

table 6 : explain SELECT c FROM sbtest6 WHERE id=4100189
	Index Scan using sbtest6_pkey on sbtest6  (cost=0.43..8.45 rows=1 width=121)
	  Index Cond: (id = 4100189)

table 7 : explain SELECT c FROM sbtest7 WHERE id=8799655
	Index Scan using sbtest7_pkey on sbtest7  (cost=0.43..8.45 rows=1 width=121)
	  Index Cond: (id = 8799655)

table 8 : explain SELECT c FROM sbtest8 WHERE id=6000105
	Index Scan using sbtest8_pkey on sbtest8  (cost=0.43..8.45 rows=1 width=121)
	  Index Cond: (id = 6000105)

explain: for deletes :: explain DELETE FROM sbtest%u WHERE id=%u
for: sum_ranges
table 1 : explain SELECT SUM(k) FROM sbtest1 WHERE id BETWEEN 449268 AND 449367
	Aggregate  (cost=382.51..382.52 rows=1 width=8)
	  ->  Index Scan using sbtest1_pkey on sbtest1  (cost=0.43..382.26 rows=97 width=4)
	        Index Cond: ((id >= 449268) AND (id <= 449367))

table 2 : explain SELECT SUM(k) FROM sbtest2 WHERE id BETWEEN 4616795 AND 4616894
	Aggregate  (cost=413.69..413.70 rows=1 width=8)
	  ->  Index Scan using sbtest2_pkey on sbtest2  (cost=0.43..413.42 rows=105 width=4)
	        Index Cond: ((id >= 4616795) AND (id <= 4616894))

table 3 : explain SELECT SUM(k) FROM sbtest3 WHERE id BETWEEN 2818436 AND 2818535
	Aggregate  (cost=408.42..408.43 rows=1 width=8)
	  ->  Index Scan using sbtest3_pkey on sbtest3  (cost=0.43..408.16 rows=104 width=4)
	        Index Cond: ((id >= 2818436) AND (id <= 2818535))

table 4 : explain SELECT SUM(k) FROM sbtest4 WHERE id BETWEEN 6245563 AND 6245662
	Aggregate  (cost=404.20..404.21 rows=1 width=8)
	  ->  Index Scan using sbtest4_pkey on sbtest4  (cost=0.43..403.94 rows=103 width=4)
	        Index Cond: ((id >= 6245563) AND (id <= 6245662))

table 5 : explain SELECT SUM(k) FROM sbtest5 WHERE id BETWEEN 2995813 AND 2995912
	Aggregate  (cost=399.42..399.43 rows=1 width=8)
	  ->  Index Scan using sbtest5_pkey on sbtest5  (cost=0.43..399.17 rows=102 width=4)
	        Index Cond: ((id >= 2995813) AND (id <= 2995912))

table 6 : explain SELECT SUM(k) FROM sbtest6 WHERE id BETWEEN 8970719 AND 8970818
	Aggregate  (cost=369.88..369.89 rows=1 width=8)
	  ->  Index Scan using sbtest6_pkey on sbtest6  (cost=0.43..369.65 rows=94 width=4)
	        Index Cond: ((id >= 8970719) AND (id <= 8970818))

table 7 : explain SELECT SUM(k) FROM sbtest7 WHERE id BETWEEN 2433027 AND 2433126
	Aggregate  (cost=402.44..402.45 rows=1 width=8)
	  ->  Index Scan using sbtest7_pkey on sbtest7  (cost=0.43..402.18 rows=103 width=4)
	        Index Cond: ((id >= 2433027) AND (id <= 2433126))

table 8 : explain SELECT SUM(k) FROM sbtest8 WHERE id BETWEEN 7179195 AND 7179294
	Aggregate  (cost=377.92..377.93 rows=1 width=8)
	  ->  Index Scan using sbtest8_pkey on sbtest8  (cost=0.43..377.67 rows=97 width=4)
	        Index Cond: ((id >= 7179195) AND (id <= 7179294))

for non_index_updates
table 1 : explain UPDATE sbtest1 SET c='foobar' WHERE id=1466363
	Update on sbtest1  (cost=0.43..8.45 rows=0 width=0)
	  ->  Index Scan using sbtest1_pkey on sbtest1  (cost=0.43..8.45 rows=1 width=490)
	        Index Cond: (id = 1466363)

table 2 : explain UPDATE sbtest2 SET c='foobar' WHERE id=9102688
	Update on sbtest2  (cost=0.43..8.45 rows=0 width=0)
	  ->  Index Scan using sbtest2_pkey on sbtest2  (cost=0.43..8.45 rows=1 width=490)
	        Index Cond: (id = 9102688)

table 3 : explain UPDATE sbtest3 SET c='foobar' WHERE id=6919400
	Update on sbtest3  (cost=0.43..8.45 rows=0 width=0)
	  ->  Index Scan using sbtest3_pkey on sbtest3  (cost=0.43..8.45 rows=1 width=490)
	        Index Cond: (id = 6919400)

table 4 : explain UPDATE sbtest4 SET c='foobar' WHERE id=9898088
	Update on sbtest4  (cost=0.43..8.45 rows=0 width=0)
	  ->  Index Scan using sbtest4_pkey on sbtest4  (cost=0.43..8.45 rows=1 width=490)
	        Index Cond: (id = 9898088)

table 5 : explain UPDATE sbtest5 SET c='foobar' WHERE id=6628620
	Update on sbtest5  (cost=0.43..8.45 rows=0 width=0)
	  ->  Index Scan using sbtest5_pkey on sbtest5  (cost=0.43..8.45 rows=1 width=490)
	        Index Cond: (id = 6628620)

table 6 : explain UPDATE sbtest6 SET c='foobar' WHERE id=9304941
	Update on sbtest6  (cost=0.43..8.45 rows=0 width=0)
	  ->  Index Scan using sbtest6_pkey on sbtest6  (cost=0.43..8.45 rows=1 width=490)
	        Index Cond: (id = 9304941)

table 7 : explain UPDATE sbtest7 SET c='foobar' WHERE id=8115290
	Update on sbtest7  (cost=0.43..8.45 rows=0 width=0)
	  ->  Index Scan using sbtest7_pkey on sbtest7  (cost=0.43..8.45 rows=1 width=490)
	        Index Cond: (id = 8115290)

table 8 : explain UPDATE sbtest8 SET c='foobar' WHERE id=3794797
	Update on sbtest8  (cost=0.43..8.45 rows=0 width=0)
	  ->  Index Scan using sbtest8_pkey on sbtest8  (cost=0.43..8.45 rows=1 width=490)
	        Index Cond: (id = 3794797)

for: sum_ranges
table 1 : explain SELECT SUM(k) FROM sbtest1 WHERE id BETWEEN 2337085 AND 2337184
	Aggregate  (cost=390.30..390.31 rows=1 width=8)
	  ->  Index Scan using sbtest1_pkey on sbtest1  (cost=0.43..390.05 rows=99 width=4)
	        Index Cond: ((id >= 2337085) AND (id <= 2337184))

table 2 : explain SELECT SUM(k) FROM sbtest2 WHERE id BETWEEN 2285104 AND 2285203
	Aggregate  (cost=402.00..402.01 rows=1 width=8)
	  ->  Index Scan using sbtest2_pkey on sbtest2  (cost=0.43..401.74 rows=102 width=4)
	        Index Cond: ((id >= 2285104) AND (id <= 2285203))

table 3 : explain SELECT SUM(k) FROM sbtest3 WHERE id BETWEEN 5911637 AND 5911736
	Aggregate  (cost=392.90..392.91 rows=1 width=8)
	  ->  Index Scan using sbtest3_pkey on sbtest3  (cost=0.43..392.65 rows=100 width=4)
	        Index Cond: ((id >= 5911637) AND (id <= 5911736))

table 4 : explain SELECT SUM(k) FROM sbtest4 WHERE id BETWEEN 938412 AND 938511
	Aggregate  (cost=411.96..411.97 rows=1 width=8)
	  ->  Index Scan using sbtest4_pkey on sbtest4  (cost=0.43..411.69 rows=105 width=4)
	        Index Cond: ((id >= 938412) AND (id <= 938511))

table 5 : explain SELECT SUM(k) FROM sbtest5 WHERE id BETWEEN 7589050 AND 7589149
	Aggregate  (cost=364.55..364.56 rows=1 width=8)
	  ->  Index Scan using sbtest5_pkey on sbtest5  (cost=0.43..364.32 rows=93 width=4)
	        Index Cond: ((id >= 7589050) AND (id <= 7589149))

table 6 : explain SELECT SUM(k) FROM sbtest6 WHERE id BETWEEN 1590132 AND 1590231
	Aggregate  (cost=373.77..373.78 rows=1 width=8)
	  ->  Index Scan using sbtest6_pkey on sbtest6  (cost=0.43..373.53 rows=95 width=4)
	        Index Cond: ((id >= 1590132) AND (id <= 1590231))

table 7 : explain SELECT SUM(k) FROM sbtest7 WHERE id BETWEEN 9265543 AND 9265642
	Aggregate  (cost=379.27..379.28 rows=1 width=8)
	  ->  Index Scan using sbtest7_pkey on sbtest7  (cost=0.43..379.03 rows=97 width=4)
	        Index Cond: ((id >= 9265543) AND (id <= 9265642))

table 8 : explain SELECT SUM(k) FROM sbtest8 WHERE id BETWEEN 95084 AND 95183
	Aggregate  (cost=370.18..370.19 rows=1 width=8)
	  ->  Index Scan using sbtest8_pkey on sbtest8  (cost=0.43..369.94 rows=95 width=4)
	        Index Cond: ((id >= 95084) AND (id <= 95183))

for point_selects
table 1 : explain SELECT c FROM sbtest1 WHERE id=9551623
	Index Scan using sbtest1_pkey on sbtest1  (cost=0.43..8.45 rows=1 width=121)
	  Index Cond: (id = 9551623)

table 2 : explain SELECT c FROM sbtest2 WHERE id=6159756
	Index Scan using sbtest2_pkey on sbtest2  (cost=0.43..8.45 rows=1 width=121)
	  Index Cond: (id = 6159756)

table 3 : explain SELECT c FROM sbtest3 WHERE id=9354601
	Index Scan using sbtest3_pkey on sbtest3  (cost=0.43..8.45 rows=1 width=121)
	  Index Cond: (id = 9354601)

table 4 : explain SELECT c FROM sbtest4 WHERE id=3867134
	Index Scan using sbtest4_pkey on sbtest4  (cost=0.43..8.45 rows=1 width=121)
	  Index Cond: (id = 3867134)

table 5 : explain SELECT c FROM sbtest5 WHERE id=7792223
	Index Scan using sbtest5_pkey on sbtest5  (cost=0.43..8.45 rows=1 width=121)
	  Index Cond: (id = 7792223)

table 6 : explain SELECT c FROM sbtest6 WHERE id=8170944
	Index Scan using sbtest6_pkey on sbtest6  (cost=0.43..8.45 rows=1 width=121)
	  Index Cond: (id = 8170944)

table 7 : explain SELECT c FROM sbtest7 WHERE id=6805356
	Index Scan using sbtest7_pkey on sbtest7  (cost=0.43..8.45 rows=1 width=121)
	  Index Cond: (id = 6805356)

table 8 : explain SELECT c FROM sbtest8 WHERE id=1933228
	Index Scan using sbtest8_pkey on sbtest8  (cost=0.43..8.45 rows=1 width=121)
	  Index Cond: (id = 1933228)

for non_index_updates
table 1 : explain UPDATE sbtest1 SET c='foobar' WHERE id=1035879
	Update on sbtest1  (cost=0.43..8.45 rows=0 width=0)
	  ->  Index Scan using sbtest1_pkey on sbtest1  (cost=0.43..8.45 rows=1 width=490)
	        Index Cond: (id = 1035879)

table 2 : explain UPDATE sbtest2 SET c='foobar' WHERE id=6440710
	Update on sbtest2  (cost=0.43..8.45 rows=0 width=0)
	  ->  Index Scan using sbtest2_pkey on sbtest2  (cost=0.43..8.45 rows=1 width=490)
	        Index Cond: (id = 6440710)

table 3 : explain UPDATE sbtest3 SET c='foobar' WHERE id=3134842
	Update on sbtest3  (cost=0.43..8.45 rows=0 width=0)
	  ->  Index Scan using sbtest3_pkey on sbtest3  (cost=0.43..8.45 rows=1 width=490)
	        Index Cond: (id = 3134842)

table 4 : explain UPDATE sbtest4 SET c='foobar' WHERE id=7000085
	Update on sbtest4  (cost=0.43..8.45 rows=0 width=0)
	  ->  Index Scan using sbtest4_pkey on sbtest4  (cost=0.43..8.45 rows=1 width=490)
	        Index Cond: (id = 7000085)

table 5 : explain UPDATE sbtest5 SET c='foobar' WHERE id=2415088
	Update on sbtest5  (cost=0.43..8.45 rows=0 width=0)
	  ->  Index Scan using sbtest5_pkey on sbtest5  (cost=0.43..8.45 rows=1 width=490)
	        Index Cond: (id = 2415088)

table 6 : explain UPDATE sbtest6 SET c='foobar' WHERE id=6660708
	Update on sbtest6  (cost=0.43..8.45 rows=0 width=0)
	  ->  Index Scan using sbtest6_pkey on sbtest6  (cost=0.43..8.45 rows=1 width=490)
	        Index Cond: (id = 6660708)

table 7 : explain UPDATE sbtest7 SET c='foobar' WHERE id=1180061
	Update on sbtest7  (cost=0.43..8.45 rows=0 width=0)
	  ->  Index Scan using sbtest7_pkey on sbtest7  (cost=0.43..8.45 rows=1 width=490)
	        Index Cond: (id = 1180061)

table 8 : explain UPDATE sbtest8 SET c='foobar' WHERE id=3599624
	Update on sbtest8  (cost=0.43..8.45 rows=0 width=0)
	  ->  Index Scan using sbtest8_pkey on sbtest8  (cost=0.43..8.45 rows=1 width=490)
	        Index Cond: (id = 3599624)

explain: for index_updates :: explain UPDATE sbtest%u SET k=k+1 WHERE id=%u
for: sum_ranges
table 1 : explain SELECT SUM(k) FROM sbtest1 WHERE id BETWEEN 8593882 AND 8593981
	Aggregate  (cost=398.09..398.10 rows=1 width=8)
	  ->  Index Scan using sbtest1_pkey on sbtest1  (cost=0.43..397.84 rows=101 width=4)
	        Index Cond: ((id >= 8593882) AND (id <= 8593981))

table 2 : explain SELECT SUM(k) FROM sbtest2 WHERE id BETWEEN 4385713 AND 4385812
	Aggregate  (cost=417.58..417.59 rows=1 width=8)
	  ->  Index Scan using sbtest2_pkey on sbtest2  (cost=0.43..417.32 rows=106 width=4)
	        Index Cond: ((id >= 4385713) AND (id <= 4385812))

table 3 : explain SELECT SUM(k) FROM sbtest3 WHERE id BETWEEN 5476772 AND 5476871
	Aggregate  (cost=373.45..373.46 rows=1 width=8)
	  ->  Index Scan using sbtest3_pkey on sbtest3  (cost=0.43..373.21 rows=95 width=4)
	        Index Cond: ((id >= 5476772) AND (id <= 5476871))

table 4 : explain SELECT SUM(k) FROM sbtest4 WHERE id BETWEEN 9617556 AND 9617655
	Aggregate  (cost=353.74..353.75 rows=1 width=8)
	  ->  Index Scan using sbtest4_pkey on sbtest4  (cost=0.43..353.51 rows=90 width=4)
	        Index Cond: ((id >= 9617556) AND (id <= 9617655))

table 5 : explain SELECT SUM(k) FROM sbtest5 WHERE id BETWEEN 8266113 AND 8266212
	Aggregate  (cost=380.03..380.04 rows=1 width=8)
	  ->  Index Scan using sbtest5_pkey on sbtest5  (cost=0.43..379.79 rows=97 width=4)
	        Index Cond: ((id >= 8266113) AND (id <= 8266212))

table 6 : explain SELECT SUM(k) FROM sbtest6 WHERE id BETWEEN 761170 AND 761269
	Aggregate  (cost=443.74..443.75 rows=1 width=8)
	  ->  Index Scan using sbtest6_pkey on sbtest6  (cost=0.43..443.46 rows=113 width=4)
	        Index Cond: ((id >= 761170) AND (id <= 761269))

table 7 : explain SELECT SUM(k) FROM sbtest7 WHERE id BETWEEN 4291565 AND 4291664
	Aggregate  (cost=410.16..410.17 rows=1 width=8)
	  ->  Index Scan using sbtest7_pkey on sbtest7  (cost=0.43..409.90 rows=105 width=4)
	        Index Cond: ((id >= 4291565) AND (id <= 4291664))

table 8 : explain SELECT SUM(k) FROM sbtest8 WHERE id BETWEEN 3617643 AND 3617742
	Aggregate  (cost=370.18..370.19 rows=1 width=8)
	  ->  Index Scan using sbtest8_pkey on sbtest8  (cost=0.43..369.94 rows=95 width=4)
	        Index Cond: ((id >= 3617643) AND (id <= 3617742))

explain: for deletes :: explain DELETE FROM sbtest%u WHERE id=%u
explain: for deletes :: explain DELETE FROM sbtest%u WHERE id=%u
for deletes
table 1 : explain DELETE FROM sbtest1 WHERE id=377108
	Delete on sbtest1  (cost=0.43..8.45 rows=0 width=0)
	  ->  Index Scan using sbtest1_pkey on sbtest1  (cost=0.43..8.45 rows=1 width=6)
	        Index Cond: (id = 377108)

table 2 : explain DELETE FROM sbtest2 WHERE id=3805607
	Delete on sbtest2  (cost=0.43..8.45 rows=0 width=0)
	  ->  Index Scan using sbtest2_pkey on sbtest2  (cost=0.43..8.45 rows=1 width=6)
	        Index Cond: (id = 3805607)

table 3 : explain DELETE FROM sbtest3 WHERE id=6274501
	Delete on sbtest3  (cost=0.43..8.45 rows=0 width=0)
	  ->  Index Scan using sbtest3_pkey on sbtest3  (cost=0.43..8.45 rows=1 width=6)
	        Index Cond: (id = 6274501)

table 4 : explain DELETE FROM sbtest4 WHERE id=7379210
	Delete on sbtest4  (cost=0.43..8.45 rows=0 width=0)
	  ->  Index Scan using sbtest4_pkey on sbtest4  (cost=0.43..8.45 rows=1 width=6)
	        Index Cond: (id = 7379210)

table 5 : explain DELETE FROM sbtest5 WHERE id=2024529
	Delete on sbtest5  (cost=0.43..8.45 rows=0 width=0)
	  ->  Index Scan using sbtest5_pkey on sbtest5  (cost=0.43..8.45 rows=1 width=6)
	        Index Cond: (id = 2024529)

table 6 : explain DELETE FROM sbtest6 WHERE id=9258588
	Delete on sbtest6  (cost=0.43..8.45 rows=0 width=0)
	  ->  Index Scan using sbtest6_pkey on sbtest6  (cost=0.43..8.45 rows=1 width=6)
	        Index Cond: (id = 9258588)

table 7 : explain DELETE FROM sbtest7 WHERE id=7360875
	Delete on sbtest7  (cost=0.43..8.45 rows=0 width=0)
	  ->  Index Scan using sbtest7_pkey on sbtest7  (cost=0.43..8.45 rows=1 width=6)
	        Index Cond: (id = 7360875)

table 8 : explain DELETE FROM sbtest8 WHERE id=3489037
	Delete on sbtest8  (cost=0.43..8.45 rows=0 width=0)
	  ->  Index Scan using sbtest8_pkey on sbtest8  (cost=0.43..8.45 rows=1 width=6)
	        Index Cond: (id = 3489037)

for deletes
table 1 : explain DELETE FROM sbtest1 WHERE id=2875910
	Delete on sbtest1  (cost=0.43..8.45 rows=0 width=0)
	  ->  Index Scan using sbtest1_pkey on sbtest1  (cost=0.43..8.45 rows=1 width=6)
	        Index Cond: (id = 2875910)

table 2 : explain DELETE FROM sbtest2 WHERE id=6160142
	Delete on sbtest2  (cost=0.43..8.45 rows=0 width=0)
	  ->  Index Scan using sbtest2_pkey on sbtest2  (cost=0.43..8.45 rows=1 width=6)
	        Index Cond: (id = 6160142)

table 3 : explain DELETE FROM sbtest3 WHERE id=6815476
	Delete on sbtest3  (cost=0.43..8.45 rows=0 width=0)
	  ->  Index Scan using sbtest3_pkey on sbtest3  (cost=0.43..8.45 rows=1 width=6)
	        Index Cond: (id = 6815476)

table 4 : explain DELETE FROM sbtest4 WHERE id=5957017
	Delete on sbtest4  (cost=0.43..8.45 rows=0 width=0)
	  ->  Index Scan using sbtest4_pkey on sbtest4  (cost=0.43..8.45 rows=1 width=6)
	        Index Cond: (id = 5957017)

table 5 : explain DELETE FROM sbtest5 WHERE id=4139965
	Delete on sbtest5  (cost=0.43..8.45 rows=0 width=0)
	  ->  Index Scan using sbtest5_pkey on sbtest5  (cost=0.43..8.45 rows=1 width=6)
	        Index Cond: (id = 4139965)

table 6 : explain DELETE FROM sbtest6 WHERE id=7701204
	Delete on sbtest6  (cost=0.43..8.45 rows=0 width=0)
	  ->  Index Scan using sbtest6_pkey on sbtest6  (cost=0.43..8.45 rows=1 width=6)
	        Index Cond: (id = 7701204)

table 7 : explain DELETE FROM sbtest7 WHERE id=422911
	Delete on sbtest7  (cost=0.43..8.45 rows=0 width=0)
	  ->  Index Scan using sbtest7_pkey on sbtest7  (cost=0.43..8.45 rows=1 width=6)
	        Index Cond: (id = 422911)

table 8 : explain DELETE FROM sbtest8 WHERE id=1466334
	Delete on sbtest8  (cost=0.43..8.45 rows=0 width=0)
	  ->  Index Scan using sbtest8_pkey on sbtest8  (cost=0.43..8.45 rows=1 width=6)
	        Index Cond: (id = 1466334)

for non_index_updates
table 1 : explain UPDATE sbtest1 SET c='foobar' WHERE id=8940983
	Update on sbtest1  (cost=0.43..8.45 rows=0 width=0)
	  ->  Index Scan using sbtest1_pkey on sbtest1  (cost=0.43..8.45 rows=1 width=490)
	        Index Cond: (id = 8940983)

table 2 : explain UPDATE sbtest2 SET c='foobar' WHERE id=951255
	Update on sbtest2  (cost=0.43..8.45 rows=0 width=0)
	  ->  Index Scan using sbtest2_pkey on sbtest2  (cost=0.43..8.45 rows=1 width=490)
	        Index Cond: (id = 951255)

table 3 : explain UPDATE sbtest3 SET c='foobar' WHERE id=4498042
	Update on sbtest3  (cost=0.43..8.45 rows=0 width=0)
	  ->  Index Scan using sbtest3_pkey on sbtest3  (cost=0.43..8.45 rows=1 width=490)
	        Index Cond: (id = 4498042)

table 4 : explain UPDATE sbtest4 SET c='foobar' WHERE id=7048607
	Update on sbtest4  (cost=0.43..8.45 rows=0 width=0)
	  ->  Index Scan using sbtest4_pkey on sbtest4  (cost=0.43..8.45 rows=1 width=490)
	        Index Cond: (id = 7048607)

table 5 : explain UPDATE sbtest5 SET c='foobar' WHERE id=7343525
	Update on sbtest5  (cost=0.43..8.45 rows=0 width=0)
	  ->  Index Scan using sbtest5_pkey on sbtest5  (cost=0.43..8.45 rows=1 width=490)
	        Index Cond: (id = 7343525)

table 6 : explain UPDATE sbtest6 SET c='foobar' WHERE id=4205523
	Update on sbtest6  (cost=0.43..8.45 rows=0 width=0)
	  ->  Index Scan using sbtest6_pkey on sbtest6  (cost=0.43..8.45 rows=1 width=490)
	        Index Cond: (id = 4205523)

table 7 : explain UPDATE sbtest7 SET c='foobar' WHERE id=1072936
	Update on sbtest7  (cost=0.43..8.45 rows=0 width=0)
	  ->  Index Scan using sbtest7_pkey on sbtest7  (cost=0.43..8.45 rows=1 width=490)
	        Index Cond: (id = 1072936)

table 8 : explain UPDATE sbtest8 SET c='foobar' WHERE id=8304776
	Update on sbtest8  (cost=0.43..8.45 rows=0 width=0)
	  ->  Index Scan using sbtest8_pkey on sbtest8  (cost=0.43..8.45 rows=1 width=490)
	        Index Cond: (id = 8304776)

for: order_ranges
table 1 : explain SELECT c FROM sbtest1 WHERE id BETWEEN 6394139 AND 6394238 ORDER BY c
	Sort  (cost=416.97..417.23 rows=105 width=121)
	  Sort Key: c
	  ->  Index Scan using sbtest1_pkey on sbtest1  (cost=0.43..413.44 rows=105 width=121)
	        Index Cond: ((id >= 6394139) AND (id <= 6394238))

table 2 : explain SELECT c FROM sbtest2 WHERE id BETWEEN 8644981 AND 8645080 ORDER BY c
	Sort  (cost=409.08..409.34 rows=103 width=121)
	  Sort Key: c
	  ->  Index Scan using sbtest2_pkey on sbtest2  (cost=0.43..405.64 rows=103 width=121)
	        Index Cond: ((id >= 8644981) AND (id <= 8645080))

table 3 : explain SELECT c FROM sbtest3 WHERE id BETWEEN 2159904 AND 2160003 ORDER BY c
	Sort  (cost=407.73..407.99 rows=103 width=121)
	  Sort Key: c
	  ->  Index Scan using sbtest3_pkey on sbtest3  (cost=0.43..404.28 rows=103 width=121)
	        Index Cond: ((id >= 2159904) AND (id <= 2160003))

table 4 : explain SELECT c FROM sbtest4 WHERE id BETWEEN 2782471 AND 2782570 ORDER BY c
	Sort  (cost=376.02..376.25 rows=95 width=121)
	  Sort Key: c
	  ->  Index Scan using sbtest4_pkey on sbtest4  (cost=0.43..372.90 rows=95 width=121)
	        Index Cond: ((id >= 2782471) AND (id <= 2782570))

table 5 : explain SELECT c FROM sbtest5 WHERE id BETWEEN 7733408 AND 7733507 ORDER BY c
	Sort  (cost=386.90..387.15 rows=98 width=121)
	  Sort Key: c
	  ->  Index Scan using sbtest5_pkey on sbtest5  (cost=0.43..383.66 rows=98 width=121)
	        Index Cond: ((id >= 7733408) AND (id <= 7733507))

table 6 : explain SELECT c FROM sbtest6 WHERE id BETWEEN 5459622 AND 5459721 ORDER BY c
	Sort  (cost=396.30..396.55 rows=100 width=121)
	  Sort Key: c
	  ->  Index Scan using sbtest6_pkey on sbtest6  (cost=0.43..392.98 rows=100 width=121)
	        Index Cond: ((id >= 5459622) AND (id <= 5459721))

table 7 : explain SELECT c FROM sbtest7 WHERE id BETWEEN 7908698 AND 7908797 ORDER BY c
	Sort  (cost=382.23..382.47 rows=97 width=121)
	  Sort Key: c
	  ->  Index Scan using sbtest7_pkey on sbtest7  (cost=0.43..379.03 rows=97 width=121)
	        Index Cond: ((id >= 7908698) AND (id <= 7908797))

table 8 : explain SELECT c FROM sbtest8 WHERE id BETWEEN 5990857 AND 5990956 ORDER BY c
	Sort  (cost=411.96..412.22 rows=105 width=121)
	  Sort Key: c
	  ->  Index Scan using sbtest8_pkey on sbtest8  (cost=0.43..408.43 rows=105 width=121)
	        Index Cond: ((id >= 5990857) AND (id <= 5990956))

explain: for deletes :: explain DELETE FROM sbtest%u WHERE id=%u
for: order_ranges
table 1 : explain SELECT c FROM sbtest1 WHERE id BETWEEN 8963761 AND 8963860 ORDER BY c
	Sort  (cost=389.40..389.64 rows=98 width=121)
	  Sort Key: c
	  ->  Index Scan using sbtest1_pkey on sbtest1  (cost=0.43..386.16 rows=98 width=121)
	        Index Cond: ((id >= 8963761) AND (id <= 8963860))

table 2 : explain SELECT c FROM sbtest2 WHERE id BETWEEN 9813559 AND 9813658 ORDER BY c
	Sort  (cost=373.65..373.88 rows=94 width=121)
	  Sort Key: c
	  ->  Index Scan using sbtest2_pkey on sbtest2  (cost=0.43..370.57 rows=94 width=121)
	        Index Cond: ((id >= 9813559) AND (id <= 9813658))

table 3 : explain SELECT c FROM sbtest3 WHERE id BETWEEN 9270284 AND 9270383 ORDER BY c
	Sort  (cost=380.25..380.49 rows=96 width=121)
	  Sort Key: c
	  ->  Index Scan using sbtest3_pkey on sbtest3  (cost=0.43..377.09 rows=96 width=121)
	        Index Cond: ((id >= 9270284) AND (id <= 9270383))

table 4 : explain SELECT c FROM sbtest4 WHERE id BETWEEN 1999709 AND 1999808 ORDER BY c
	Sort  (cost=356.44..356.66 rows=90 width=121)
	  Sort Key: c
	  ->  Index Scan using sbtest4_pkey on sbtest4  (cost=0.43..353.51 rows=90 width=121)
	        Index Cond: ((id >= 1999709) AND (id <= 1999808))

table 5 : explain SELECT c FROM sbtest5 WHERE id BETWEEN 5194307 AND 5194406 ORDER BY c
	Sort  (cost=386.90..387.15 rows=98 width=121)
	  Sort Key: c
	  ->  Index Scan using sbtest5_pkey on sbtest5  (cost=0.43..383.66 rows=98 width=121)
	        Index Cond: ((id >= 5194307) AND (id <= 5194406))

table 6 : explain SELECT c FROM sbtest6 WHERE id BETWEEN 1930931 AND 1931030 ORDER BY c
	Sort  (cost=408.07..408.33 rows=103 width=121)
	  Sort Key: c
	  ->  Index Scan using sbtest6_pkey on sbtest6  (cost=0.43..404.63 rows=103 width=121)
	        Index Cond: ((id >= 1930931) AND (id <= 1931030))

table 7 : explain SELECT c FROM sbtest7 WHERE id BETWEEN 2613663 AND 2613762 ORDER BY c
	Sort  (cost=405.63..405.89 rows=103 width=121)
	  Sort Key: c
	  ->  Index Scan using sbtest7_pkey on sbtest7  (cost=0.43..402.18 rows=103 width=121)
	        Index Cond: ((id >= 2613663) AND (id <= 2613762))

table 8 : explain SELECT c FROM sbtest8 WHERE id BETWEEN 6726656 AND 6726755 ORDER BY c
	Sort  (cost=415.84..416.11 rows=106 width=121)
	  Sort Key: c
	  ->  Index Scan using sbtest8_pkey on sbtest8  (cost=0.43..412.28 rows=106 width=121)
	        Index Cond: ((id >= 6726656) AND (id <= 6726755))

explain: for inserts :: explain INSERT INTO sbtest%u (id, k, c, pad) VALUES (%u, 13, 'foobar', 'foobar')
for index_updates
table 1 : explain UPDATE sbtest1 SET k=k+1 WHERE id=325114
	Update on sbtest1  (cost=0.43..8.46 rows=0 width=0)
	  ->  Index Scan using sbtest1_pkey on sbtest1  (cost=0.43..8.46 rows=1 width=10)
	        Index Cond: (id = 325114)

table 2 : explain UPDATE sbtest2 SET k=k+1 WHERE id=1838388
	Update on sbtest2  (cost=0.43..8.46 rows=0 width=0)
	  ->  Index Scan using sbtest2_pkey on sbtest2  (cost=0.43..8.46 rows=1 width=10)
	        Index Cond: (id = 1838388)

table 3 : explain UPDATE sbtest3 SET k=k+1 WHERE id=39151
	Update on sbtest3  (cost=0.43..8.46 rows=0 width=0)
	  ->  Index Scan using sbtest3_pkey on sbtest3  (cost=0.43..8.46 rows=1 width=10)
	        Index Cond: (id = 39151)

table 4 : explain UPDATE sbtest4 SET k=k+1 WHERE id=3098575
	Update on sbtest4  (cost=0.43..8.46 rows=0 width=0)
	  ->  Index Scan using sbtest4_pkey on sbtest4  (cost=0.43..8.46 rows=1 width=10)
	        Index Cond: (id = 3098575)

table 5 : explain UPDATE sbtest5 SET k=k+1 WHERE id=4630055
	Update on sbtest5  (cost=0.43..8.46 rows=0 width=0)
	  ->  Index Scan using sbtest5_pkey on sbtest5  (cost=0.43..8.46 rows=1 width=10)
	        Index Cond: (id = 4630055)

table 6 : explain UPDATE sbtest6 SET k=k+1 WHERE id=7979533
	Update on sbtest6  (cost=0.43..8.46 rows=0 width=0)
	  ->  Index Scan using sbtest6_pkey on sbtest6  (cost=0.43..8.46 rows=1 width=10)
	        Index Cond: (id = 7979533)

table 7 : explain UPDATE sbtest7 SET k=k+1 WHERE id=7520196
	Update on sbtest7  (cost=0.43..8.46 rows=0 width=0)
	  ->  Index Scan using sbtest7_pkey on sbtest7  (cost=0.43..8.46 rows=1 width=10)
	        Index Cond: (id = 7520196)

table 8 : explain UPDATE sbtest8 SET k=k+1 WHERE id=4778351
	Update on sbtest8  (cost=0.43..8.46 rows=0 width=0)
	  ->  Index Scan using sbtest8_pkey on sbtest8  (cost=0.43..8.46 rows=1 width=10)
	        Index Cond: (id = 4778351)

explain: for inserts :: explain INSERT INTO sbtest%u (id, k, c, pad) VALUES (%u, 13, 'foobar', 'foobar')
for inserts
table 1 : explain INSERT INTO sbtest1 (id, k, c, pad) VALUES (9826870, 13, 'foobar', 'foobar')
	Insert on sbtest1  (cost=0.00..0.01 rows=0 width=0)
	  ->  Result  (cost=0.00..0.01 rows=1 width=736)

table 2 : explain INSERT INTO sbtest2 (id, k, c, pad) VALUES (8080291, 13, 'foobar', 'foobar')
	Insert on sbtest2  (cost=0.00..0.01 rows=0 width=0)
	  ->  Result  (cost=0.00..0.01 rows=1 width=736)

table 3 : explain INSERT INTO sbtest3 (id, k, c, pad) VALUES (5361611, 13, 'foobar', 'foobar')
	Insert on sbtest3  (cost=0.00..0.01 rows=0 width=0)
	  ->  Result  (cost=0.00..0.01 rows=1 width=736)

table 4 : explain INSERT INTO sbtest4 (id, k, c, pad) VALUES (4099872, 13, 'foobar', 'foobar')
	Insert on sbtest4  (cost=0.00..0.01 rows=0 width=0)
	  ->  Result  (cost=0.00..0.01 rows=1 width=736)

table 5 : explain INSERT INTO sbtest5 (id, k, c, pad) VALUES (3703314, 13, 'foobar', 'foobar')
	Insert on sbtest5  (cost=0.00..0.01 rows=0 width=0)
	  ->  Result  (cost=0.00..0.01 rows=1 width=736)

table 6 : explain INSERT INTO sbtest6 (id, k, c, pad) VALUES (3552933, 13, 'foobar', 'foobar')
	Insert on sbtest6  (cost=0.00..0.01 rows=0 width=0)
	  ->  Result  (cost=0.00..0.01 rows=1 width=736)

table 7 : explain INSERT INTO sbtest7 (id, k, c, pad) VALUES (6198217, 13, 'foobar', 'foobar')
	Insert on sbtest7  (cost=0.00..0.01 rows=0 width=0)
	  ->  Result  (cost=0.00..0.01 rows=1 width=736)

table 8 : explain INSERT INTO sbtest8 (id, k, c, pad) VALUES (9006562, 13, 'foobar', 'foobar')
	Insert on sbtest8  (cost=0.00..0.01 rows=0 width=0)
	  ->  Result  (cost=0.00..0.01 rows=1 width=736)

explain: for point_selects :: explain SELECT c FROM sbtest%u WHERE id=%u
explain: for point_selects :: explain SELECT c FROM sbtest%u WHERE id=%u
for deletes
table 1 : explain DELETE FROM sbtest1 WHERE id=1370422
	Delete on sbtest1  (cost=0.43..8.45 rows=0 width=0)
	  ->  Index Scan using sbtest1_pkey on sbtest1  (cost=0.43..8.45 rows=1 width=6)
	        Index Cond: (id = 1370422)

table 2 : explain DELETE FROM sbtest2 WHERE id=540619
	Delete on sbtest2  (cost=0.43..8.45 rows=0 width=0)
	  ->  Index Scan using sbtest2_pkey on sbtest2  (cost=0.43..8.45 rows=1 width=6)
	        Index Cond: (id = 540619)

table 3 : explain DELETE FROM sbtest3 WHERE id=9158848
	Delete on sbtest3  (cost=0.43..8.45 rows=0 width=0)
	  ->  Index Scan using sbtest3_pkey on sbtest3  (cost=0.43..8.45 rows=1 width=6)
	        Index Cond: (id = 9158848)

table 4 : explain DELETE FROM sbtest4 WHERE id=7517505
	Delete on sbtest4  (cost=0.43..8.45 rows=0 width=0)
	  ->  Index Scan using sbtest4_pkey on sbtest4  (cost=0.43..8.45 rows=1 width=6)
	        Index Cond: (id = 7517505)

table 5 : explain DELETE FROM sbtest5 WHERE id=5220547
	Delete on sbtest5  (cost=0.43..8.45 rows=0 width=0)
	  ->  Index Scan using sbtest5_pkey on sbtest5  (cost=0.43..8.45 rows=1 width=6)
	        Index Cond: (id = 5220547)

table 6 : explain DELETE FROM sbtest6 WHERE id=1206596
	Delete on sbtest6  (cost=0.43..8.45 rows=0 width=0)
	  ->  Index Scan using sbtest6_pkey on sbtest6  (cost=0.43..8.45 rows=1 width=6)
	        Index Cond: (id = 1206596)

table 7 : explain DELETE FROM sbtest7 WHERE id=4315052
	Delete on sbtest7  (cost=0.43..8.45 rows=0 width=0)
	  ->  Index Scan using sbtest7_pkey on sbtest7  (cost=0.43..8.45 rows=1 width=6)
	        Index Cond: (id = 4315052)

table 8 : explain DELETE FROM sbtest8 WHERE id=8062312
	Delete on sbtest8  (cost=0.43..8.45 rows=0 width=0)
	  ->  Index Scan using sbtest8_pkey on sbtest8  (cost=0.43..8.45 rows=1 width=6)
	        Index Cond: (id = 8062312)

for: distinct_ranges
table 1 : explain SELECT DISTINCT c FROM sbtest1 WHERE id BETWEEN 1435233 AND 1435332 ORDER BY c
	Unique  (cost=444.51..445.07 rows=112 width=121)
	  ->  Sort  (cost=444.51..444.79 rows=112 width=121)
	        Sort Key: c
	        ->  Index Scan using sbtest1_pkey on sbtest1  (cost=0.43..440.69 rows=112 width=121)
	              Index Cond: ((id >= 1435233) AND (id <= 1435332))

table 2 : explain SELECT DISTINCT c FROM sbtest2 WHERE id BETWEEN 6347984 AND 6348083 ORDER BY c
	Unique  (cost=424.82..425.35 rows=107 width=121)
	  ->  Sort  (cost=424.82..425.08 rows=107 width=121)
	        Sort Key: c
	        ->  Index Scan using sbtest2_pkey on sbtest2  (cost=0.43..421.21 rows=107 width=121)
	              Index Cond: ((id >= 6347984) AND (id <= 6348083))

table 3 : explain SELECT DISTINCT c FROM sbtest3 WHERE id BETWEEN 8508521 AND 8508620 ORDER BY c
	Unique  (cost=419.49..420.02 rows=106 width=121)
	  ->  Sort  (cost=419.49..419.75 rows=106 width=121)
	        Sort Key: c
	        ->  Index Scan using sbtest3_pkey on sbtest3  (cost=0.43..415.92 rows=106 width=121)
	              Index Cond: ((id >= 8508521) AND (id <= 8508620))

table 4 : explain SELECT DISTINCT c FROM sbtest4 WHERE id BETWEEN 6969331 AND 6969430 ORDER BY c
	Unique  (cost=383.85..384.33 rows=97 width=121)
	  ->  Sort  (cost=383.85..384.09 rows=97 width=121)
	        Sort Key: c
	        ->  Index Scan using sbtest4_pkey on sbtest4  (cost=0.43..380.65 rows=97 width=121)
	              Index Cond: ((id >= 6969331) AND (id <= 6969430))

table 5 : explain SELECT DISTINCT c FROM sbtest5 WHERE id BETWEEN 6383171 AND 6383270 ORDER BY c
	Unique  (cost=410.39..410.91 rows=104 width=121)
	  ->  Sort  (cost=410.39..410.65 rows=104 width=121)
	        Sort Key: c
	        ->  Index Scan using sbtest5_pkey on sbtest5  (cost=0.43..406.90 rows=104 width=121)
	              Index Cond: ((id >= 6383171) AND (id <= 6383270))

table 6 : explain SELECT DISTINCT c FROM sbtest6 WHERE id BETWEEN 8599140 AND 8599239 ORDER BY c
	Unique  (cost=353.11..353.56 rows=89 width=121)
	  ->  Sort  (cost=353.11..353.33 rows=89 width=121)
	        Sort Key: c
	        ->  Index Scan using sbtest6_pkey on sbtest6  (cost=0.43..350.23 rows=89 width=121)
	              Index Cond: ((id >= 8599140) AND (id <= 8599239))

table 7 : explain SELECT DISTINCT c FROM sbtest7 WHERE id BETWEEN 673613 AND 673712 ORDER BY c
	Unique  (cost=390.03..390.53 rows=99 width=121)
	  ->  Sort  (cost=390.03..390.28 rows=99 width=121)
	        Sort Key: c
	        ->  Index Scan using sbtest7_pkey on sbtest7  (cost=0.43..386.75 rows=99 width=121)
	              Index Cond: ((id >= 673613) AND (id <= 673712))

table 8 : explain SELECT DISTINCT c FROM sbtest8 WHERE id BETWEEN 1405770 AND 1405869 ORDER BY c
	Unique  (cost=408.07..408.59 rows=104 width=121)
	  ->  Sort  (cost=408.07..408.33 rows=104 width=121)
	        Sort Key: c
	        ->  Index Scan using sbtest8_pkey on sbtest8  (cost=0.43..404.59 rows=104 width=121)
	              Index Cond: ((id >= 1405770) AND (id <= 1405869))

for inserts
table 1 : explain INSERT INTO sbtest1 (id, k, c, pad) VALUES (1643862, 13, 'foobar', 'foobar')
	Insert on sbtest1  (cost=0.00..0.01 rows=0 width=0)
	  ->  Result  (cost=0.00..0.01 rows=1 width=736)

table 2 : explain INSERT INTO sbtest2 (id, k, c, pad) VALUES (7780479, 13, 'foobar', 'foobar')
	Insert on sbtest2  (cost=0.00..0.01 rows=0 width=0)
	  ->  Result  (cost=0.00..0.01 rows=1 width=736)

table 3 : explain INSERT INTO sbtest3 (id, k, c, pad) VALUES (2109784, 13, 'foobar', 'foobar')
	Insert on sbtest3  (cost=0.00..0.01 rows=0 width=0)
	  ->  Result  (cost=0.00..0.01 rows=1 width=736)

table 4 : explain INSERT INTO sbtest4 (id, k, c, pad) VALUES (2612639, 13, 'foobar', 'foobar')
	Insert on sbtest4  (cost=0.00..0.01 rows=0 width=0)
	  ->  Result  (cost=0.00..0.01 rows=1 width=736)

table 5 : explain INSERT INTO sbtest5 (id, k, c, pad) VALUES (8138681, 13, 'foobar', 'foobar')
	Insert on sbtest5  (cost=0.00..0.01 rows=0 width=0)
	  ->  Result  (cost=0.00..0.01 rows=1 width=736)

table 6 : explain INSERT INTO sbtest6 (id, k, c, pad) VALUES (7552626, 13, 'foobar', 'foobar')
	Insert on sbtest6  (cost=0.00..0.01 rows=0 width=0)
	  ->  Result  (cost=0.00..0.01 rows=1 width=736)

table 7 : explain INSERT INTO sbtest7 (id, k, c, pad) VALUES (9631975, 13, 'foobar', 'foobar')
	Insert on sbtest7  (cost=0.00..0.01 rows=0 width=0)
	  ->  Result  (cost=0.00..0.01 rows=1 width=736)

table 8 : explain INSERT INTO sbtest8 (id, k, c, pad) VALUES (9707471, 13, 'foobar', 'foobar')
	Insert on sbtest8  (cost=0.00..0.01 rows=0 width=0)
	  ->  Result  (cost=0.00..0.01 rows=1 width=736)

explain: for non_index_updates :: explain UPDATE sbtest%u SET c='foobar' WHERE id=%u
explain: for index_updates :: explain UPDATE sbtest%u SET k=k+1 WHERE id=%u
explain: for point_selects :: explain SELECT c FROM sbtest%u WHERE id=%u
explain: for inserts :: explain INSERT INTO sbtest%u (id, k, c, pad) VALUES (%u, 13, 'foobar', 'foobar')
for: distinct_ranges
table 1 : explain SELECT DISTINCT c FROM sbtest1 WHERE id BETWEEN 4906292 AND 4906391 ORDER BY c
	Unique  (cost=409.10..409.61 rows=103 width=121)
	  ->  Sort  (cost=409.10..409.36 rows=103 width=121)
	        Sort Key: c
	        ->  Index Scan using sbtest1_pkey on sbtest1  (cost=0.43..405.65 rows=103 width=121)
	              Index Cond: ((id >= 4906292) AND (id <= 4906391))

table 2 : explain SELECT DISTINCT c FROM sbtest2 WHERE id BETWEEN 9429330 AND 9429429 ORDER BY c
	Unique  (cost=416.95..417.47 rows=105 width=121)
	  ->  Sort  (cost=416.95..417.21 rows=105 width=121)
	        Sort Key: c
	        ->  Index Scan using sbtest2_pkey on sbtest2  (cost=0.43..413.42 rows=105 width=121)
	              Index Cond: ((id >= 9429330) AND (id <= 9429429))

table 3 : explain SELECT DISTINCT c FROM sbtest3 WHERE id BETWEEN 7837088 AND 7837187 ORDER BY c
	Unique  (cost=348.90..349.34 rows=88 width=121)
	  ->  Sort  (cost=348.90..349.12 rows=88 width=121)
	        Sort Key: c
	        ->  Index Scan using sbtest3_pkey on sbtest3  (cost=0.43..346.06 rows=88 width=121)
	              Index Cond: ((id >= 7837088) AND (id <= 7837187))

table 4 : explain SELECT DISTINCT c FROM sbtest4 WHERE id BETWEEN 114957 AND 115056 ORDER BY c
	Unique  (cost=411.30..411.82 rows=104 width=121)
	  ->  Sort  (cost=411.30..411.56 rows=104 width=121)
	        Sort Key: c
	        ->  Index Scan using sbtest4_pkey on sbtest4  (cost=0.43..407.82 rows=104 width=121)
	              Index Cond: ((id >= 114957) AND (id <= 115056))

table 5 : explain SELECT DISTINCT c FROM sbtest5 WHERE id BETWEEN 1879278 AND 1879377 ORDER BY c
	Unique  (cost=375.18..375.65 rows=95 width=121)
	  ->  Sort  (cost=375.18..375.42 rows=95 width=121)
	        Sort Key: c
	        ->  Index Scan using sbtest5_pkey on sbtest5  (cost=0.43..372.06 rows=95 width=121)
	              Index Cond: ((id >= 1879278) AND (id <= 1879377))

table 6 : explain SELECT DISTINCT c FROM sbtest6 WHERE id BETWEEN 3897505 AND 3897604 ORDER BY c
	Unique  (cost=411.99..412.51 rows=104 width=121)
	  ->  Sort  (cost=411.99..412.25 rows=104 width=121)
	        Sort Key: c
	        ->  Index Scan using sbtest6_pkey on sbtest6  (cost=0.43..408.51 rows=104 width=121)
	              Index Cond: ((id >= 3897505) AND (id <= 3897604))

table 7 : explain SELECT DISTINCT c FROM sbtest7 WHERE id BETWEEN 9326032 AND 9326131 ORDER BY c
	Unique  (cost=397.83..398.33 rows=101 width=121)
	  ->  Sort  (cost=397.83..398.08 rows=101 width=121)
	        Sort Key: c
	        ->  Index Scan using sbtest7_pkey on sbtest7  (cost=0.43..394.47 rows=101 width=121)
	              Index Cond: ((id >= 9326032) AND (id <= 9326131))

table 8 : explain SELECT DISTINCT c FROM sbtest8 WHERE id BETWEEN 7739945 AND 7740044 ORDER BY c
	Unique  (cost=396.42..396.92 rows=101 width=121)
	  ->  Sort  (cost=396.42..396.67 rows=101 width=121)
	        Sort Key: c
	        ->  Index Scan using sbtest8_pkey on sbtest8  (cost=0.43..393.05 rows=101 width=121)
	              Index Cond: ((id >= 7739945) AND (id <= 7740044))

for non_index_updates
table 1 : explain UPDATE sbtest1 SET c='foobar' WHERE id=1399013
	Update on sbtest1  (cost=0.43..8.45 rows=0 width=0)
	  ->  Index Scan using sbtest1_pkey on sbtest1  (cost=0.43..8.45 rows=1 width=490)
	        Index Cond: (id = 1399013)

table 2 : explain UPDATE sbtest2 SET c='foobar' WHERE id=1025337
	Update on sbtest2  (cost=0.43..8.45 rows=0 width=0)
	  ->  Index Scan using sbtest2_pkey on sbtest2  (cost=0.43..8.45 rows=1 width=490)
	        Index Cond: (id = 1025337)

table 3 : explain UPDATE sbtest3 SET c='foobar' WHERE id=9574812
	Update on sbtest3  (cost=0.43..8.45 rows=0 width=0)
	  ->  Index Scan using sbtest3_pkey on sbtest3  (cost=0.43..8.45 rows=1 width=490)
	        Index Cond: (id = 9574812)

table 4 : explain UPDATE sbtest4 SET c='foobar' WHERE id=2444060
	Update on sbtest4  (cost=0.43..8.45 rows=0 width=0)
	  ->  Index Scan using sbtest4_pkey on sbtest4  (cost=0.43..8.45 rows=1 width=490)
	        Index Cond: (id = 2444060)

table 5 : explain UPDATE sbtest5 SET c='foobar' WHERE id=3597079
	Update on sbtest5  (cost=0.43..8.45 rows=0 width=0)
	  ->  Index Scan using sbtest5_pkey on sbtest5  (cost=0.43..8.45 rows=1 width=490)
	        Index Cond: (id = 3597079)

table 6 : explain UPDATE sbtest6 SET c='foobar' WHERE id=5609756
	Update on sbtest6  (cost=0.43..8.45 rows=0 width=0)
	  ->  Index Scan using sbtest6_pkey on sbtest6  (cost=0.43..8.45 rows=1 width=490)
	        Index Cond: (id = 5609756)

table 7 : explain UPDATE sbtest7 SET c='foobar' WHERE id=6356262
	Update on sbtest7  (cost=0.43..8.45 rows=0 width=0)
	  ->  Index Scan using sbtest7_pkey on sbtest7  (cost=0.43..8.45 rows=1 width=490)
	        Index Cond: (id = 6356262)

table 8 : explain UPDATE sbtest8 SET c='foobar' WHERE id=2386823
	Update on sbtest8  (cost=0.43..8.45 rows=0 width=0)
	  ->  Index Scan using sbtest8_pkey on sbtest8  (cost=0.43..8.45 rows=1 width=490)
	        Index Cond: (id = 2386823)

for deletes
table 1 : explain DELETE FROM sbtest1 WHERE id=5390659
	Delete on sbtest1  (cost=0.43..8.45 rows=0 width=0)
	  ->  Index Scan using sbtest1_pkey on sbtest1  (cost=0.43..8.45 rows=1 width=6)
	        Index Cond: (id = 5390659)

table 2 : explain DELETE FROM sbtest2 WHERE id=2754311
	Delete on sbtest2  (cost=0.43..8.45 rows=0 width=0)
	  ->  Index Scan using sbtest2_pkey on sbtest2  (cost=0.43..8.45 rows=1 width=6)
	        Index Cond: (id = 2754311)

table 3 : explain DELETE FROM sbtest3 WHERE id=9801104
	Delete on sbtest3  (cost=0.43..8.45 rows=0 width=0)
	  ->  Index Scan using sbtest3_pkey on sbtest3  (cost=0.43..8.45 rows=1 width=6)
	        Index Cond: (id = 9801104)

table 4 : explain DELETE FROM sbtest4 WHERE id=9650467
	Delete on sbtest4  (cost=0.43..8.45 rows=0 width=0)
	  ->  Index Scan using sbtest4_pkey on sbtest4  (cost=0.43..8.45 rows=1 width=6)
	        Index Cond: (id = 9650467)

table 5 : explain DELETE FROM sbtest5 WHERE id=7456224
	Delete on sbtest5  (cost=0.43..8.45 rows=0 width=0)
	  ->  Index Scan using sbtest5_pkey on sbtest5  (cost=0.43..8.45 rows=1 width=6)
	        Index Cond: (id = 7456224)

table 6 : explain DELETE FROM sbtest6 WHERE id=9267190
	Delete on sbtest6  (cost=0.43..8.45 rows=0 width=0)
	  ->  Index Scan using sbtest6_pkey on sbtest6  (cost=0.43..8.45 rows=1 width=6)
	        Index Cond: (id = 9267190)

table 7 : explain DELETE FROM sbtest7 WHERE id=9628495
	Delete on sbtest7  (cost=0.43..8.45 rows=0 width=0)
	  ->  Index Scan using sbtest7_pkey on sbtest7  (cost=0.43..8.45 rows=1 width=6)
	        Index Cond: (id = 9628495)

table 8 : explain DELETE FROM sbtest8 WHERE id=9693010
	Delete on sbtest8  (cost=0.43..8.45 rows=0 width=0)
	  ->  Index Scan using sbtest8_pkey on sbtest8  (cost=0.43..8.45 rows=1 width=6)
	        Index Cond: (id = 9693010)

explain: for point_selects :: explain SELECT c FROM sbtest%u WHERE id=%u
for: simple_ranges
table 1 : explain SELECT c FROM sbtest1 WHERE id BETWEEN 9485173 AND 9485272
	Index Scan using sbtest1_pkey on sbtest1  (cost=0.43..370.58 rows=94 width=121)
	  Index Cond: ((id >= 9485173) AND (id <= 9485272))

table 2 : explain SELECT c FROM sbtest2 WHERE id BETWEEN 521430 AND 521529
	Index Scan using sbtest2_pkey on sbtest2  (cost=0.43..401.74 rows=102 width=121)
	  Index Cond: ((id >= 521430) AND (id <= 521529))

table 3 : explain SELECT c FROM sbtest3 WHERE id BETWEEN 7415595 AND 7415694
	Index Scan using sbtest3_pkey on sbtest3  (cost=0.43..412.04 rows=105 width=121)
	  Index Cond: ((id >= 7415595) AND (id <= 7415694))

table 4 : explain SELECT c FROM sbtest4 WHERE id BETWEEN 4525717 AND 4525816
	Index Scan using sbtest4_pkey on sbtest4  (cost=0.43..403.94 rows=103 width=121)
	  Index Cond: ((id >= 4525717) AND (id <= 4525816))

table 5 : explain SELECT c FROM sbtest5 WHERE id BETWEEN 3892583 AND 3892682
	Index Scan using sbtest5_pkey on sbtest5  (cost=0.43..414.64 rows=106 width=121)
	  Index Cond: ((id >= 3892583) AND (id <= 3892682))

table 6 : explain SELECT c FROM sbtest6 WHERE id BETWEEN 9156117 AND 9156216
	Index Scan using sbtest6_pkey on sbtest6  (cost=0.43..389.09 rows=99 width=121)
	  Index Cond: ((id >= 9156117) AND (id <= 9156216))

table 7 : explain SELECT c FROM sbtest7 WHERE id BETWEEN 4170929 AND 4171028
	Index Scan using sbtest7_pkey on sbtest7  (cost=0.43..359.70 rows=92 width=121)
	  Index Cond: ((id >= 4170929) AND (id <= 4171028))

table 8 : explain SELECT c FROM sbtest8 WHERE id BETWEEN 6548970 AND 6549069
	Index Scan using sbtest8_pkey on sbtest8  (cost=0.43..389.21 rows=100 width=121)
	  Index Cond: ((id >= 6548970) AND (id <= 6549069))

explain: for deletes :: explain DELETE FROM sbtest%u WHERE id=%u
explain: for index_updates :: explain UPDATE sbtest%u SET k=k+1 WHERE id=%u
for: simple_ranges
table 1 : explain SELECT c FROM sbtest1 WHERE id BETWEEN 474922 AND 475021
	Index Scan using sbtest1_pkey on sbtest1  (cost=0.43..382.26 rows=97 width=121)
	  Index Cond: ((id >= 474922) AND (id <= 475021))

table 2 : explain SELECT c FROM sbtest2 WHERE id BETWEEN 4603202 AND 4603301
	Index Scan using sbtest2_pkey on sbtest2  (cost=0.43..413.42 rows=105 width=121)
	  Index Cond: ((id >= 4603202) AND (id <= 4603301))

table 3 : explain SELECT c FROM sbtest3 WHERE id BETWEEN 2730542 AND 2730641
	Index Scan using sbtest3_pkey on sbtest3  (cost=0.43..427.56 rows=109 width=121)
	  Index Cond: ((id >= 2730542) AND (id <= 2730641))

table 4 : explain SELECT c FROM sbtest4 WHERE id BETWEEN 2420805 AND 2420904
	Index Scan using sbtest4_pkey on sbtest4  (cost=0.43..380.65 rows=97 width=121)
	  Index Cond: ((id >= 2420805) AND (id <= 2420904))

table 5 : explain SELECT c FROM sbtest5 WHERE id BETWEEN 3149049 AND 3149148
	Index Scan using sbtest5_pkey on sbtest5  (cost=0.43..406.90 rows=104 width=121)
	  Index Cond: ((id >= 3149049) AND (id <= 3149148))

table 6 : explain SELECT c FROM sbtest6 WHERE id BETWEEN 1151104 AND 1151203
	Index Scan using sbtest6_pkey on sbtest6  (cost=0.43..392.98 rows=100 width=121)
	  Index Cond: ((id >= 1151104) AND (id <= 1151203))

table 7 : explain SELECT c FROM sbtest7 WHERE id BETWEEN 9988188 AND 9988287
	Index Scan using sbtest7_pkey on sbtest7  (cost=0.43..363.56 rows=93 width=121)
	  Index Cond: ((id >= 9988188) AND (id <= 9988287))

table 8 : explain SELECT c FROM sbtest8 WHERE id BETWEEN 8696031 AND 8696130
	Index Scan using sbtest8_pkey on sbtest8  (cost=0.43..396.90 rows=102 width=121)
	  Index Cond: ((id >= 8696031) AND (id <= 8696130))

for: order_ranges
table 1 : explain SELECT c FROM sbtest1 WHERE id BETWEEN 2381303 AND 2381402 ORDER BY c
	Sort  (cost=393.33..393.58 rows=99 width=121)
	  Sort Key: c
	  ->  Index Scan using sbtest1_pkey on sbtest1  (cost=0.43..390.05 rows=99 width=121)
	        Index Cond: ((id >= 2381303) AND (id <= 2381402))

table 2 : explain SELECT c FROM sbtest2 WHERE id BETWEEN 3423499 AND 3423598 ORDER BY c
	Sort  (cost=432.68..432.96 rows=109 width=121)
	  Sort Key: c
	  ->  Index Scan using sbtest2_pkey on sbtest2  (cost=0.43..429.00 rows=109 width=121)
	        Index Cond: ((id >= 3423499) AND (id <= 3423598))

table 3 : explain SELECT c FROM sbtest3 WHERE id BETWEEN 3468856 AND 3468955 ORDER BY c
	Sort  (cost=427.33..427.60 rows=108 width=121)
	  Sort Key: c
	  ->  Index Scan using sbtest3_pkey on sbtest3  (cost=0.43..423.68 rows=108 width=121)
	        Index Cond: ((id >= 3468856) AND (id <= 3468955))

table 4 : explain SELECT c FROM sbtest4 WHERE id BETWEEN 9699075 AND 9699174 ORDER BY c
	Sort  (cost=387.77..388.01 rows=98 width=121)
	  Sort Key: c
	  ->  Index Scan using sbtest4_pkey on sbtest4  (cost=0.43..384.52 rows=98 width=121)
	        Index Cond: ((id >= 9699075) AND (id <= 9699174))

table 5 : explain SELECT c FROM sbtest5 WHERE id BETWEEN 2780224 AND 2780323 ORDER BY c
	Sort  (cost=402.57..402.82 rows=102 width=121)
	  Sort Key: c
	  ->  Index Scan using sbtest5_pkey on sbtest5  (cost=0.43..399.17 rows=102 width=121)
	        Index Cond: ((id >= 2780224) AND (id <= 2780323))

table 6 : explain SELECT c FROM sbtest6 WHERE id BETWEEN 787009 AND 787108 ORDER BY c
	Sort  (cost=384.50..384.74 rows=97 width=121)
	  Sort Key: c
	  ->  Index Scan using sbtest6_pkey on sbtest6  (cost=0.43..381.29 rows=97 width=121)
	        Index Cond: ((id >= 787009) AND (id <= 787108))

table 7 : explain SELECT c FROM sbtest7 WHERE id BETWEEN 1825657 AND 1825756 ORDER BY c
	Sort  (cost=390.03..390.28 rows=99 width=121)
	  Sort Key: c
	  ->  Index Scan using sbtest7_pkey on sbtest7  (cost=0.43..386.75 rows=99 width=121)
	        Index Cond: ((id >= 1825657) AND (id <= 1825756))

table 8 : explain SELECT c FROM sbtest8 WHERE id BETWEEN 422723 AND 422822 ORDER BY c
	Sort  (cost=396.42..396.67 rows=101 width=121)
	  Sort Key: c
	  ->  Index Scan using sbtest8_pkey on sbtest8  (cost=0.43..393.05 rows=101 width=121)
	        Index Cond: ((id >= 422723) AND (id <= 422822))

for deletes
table 1 : explain DELETE FROM sbtest1 WHERE id=7678038
	Delete on sbtest1  (cost=0.43..8.45 rows=0 width=0)
	  ->  Index Scan using sbtest1_pkey on sbtest1  (cost=0.43..8.45 rows=1 width=6)
	        Index Cond: (id = 7678038)

table 2 : explain DELETE FROM sbtest2 WHERE id=4648254
	Delete on sbtest2  (cost=0.43..8.45 rows=0 width=0)
	  ->  Index Scan using sbtest2_pkey on sbtest2  (cost=0.43..8.45 rows=1 width=6)
	        Index Cond: (id = 4648254)

table 3 : explain DELETE FROM sbtest3 WHERE id=6238221
	Delete on sbtest3  (cost=0.43..8.45 rows=0 width=0)
	  ->  Index Scan using sbtest3_pkey on sbtest3  (cost=0.43..8.45 rows=1 width=6)
	        Index Cond: (id = 6238221)

table 4 : explain DELETE FROM sbtest4 WHERE id=6230762
	Delete on sbtest4  (cost=0.43..8.45 rows=0 width=0)
	  ->  Index Scan using sbtest4_pkey on sbtest4  (cost=0.43..8.45 rows=1 width=6)
	        Index Cond: (id = 6230762)

table 5 : explain DELETE FROM sbtest5 WHERE id=2082516
	Delete on sbtest5  (cost=0.43..8.45 rows=0 width=0)
	  ->  Index Scan using sbtest5_pkey on sbtest5  (cost=0.43..8.45 rows=1 width=6)
	        Index Cond: (id = 2082516)

table 6 : explain DELETE FROM sbtest6 WHERE id=5507508
	Delete on sbtest6  (cost=0.43..8.45 rows=0 width=0)
	  ->  Index Scan using sbtest6_pkey on sbtest6  (cost=0.43..8.45 rows=1 width=6)
	        Index Cond: (id = 5507508)

table 7 : explain DELETE FROM sbtest7 WHERE id=3893673
	Delete on sbtest7  (cost=0.43..8.45 rows=0 width=0)
	  ->  Index Scan using sbtest7_pkey on sbtest7  (cost=0.43..8.45 rows=1 width=6)
	        Index Cond: (id = 3893673)

table 8 : explain DELETE FROM sbtest8 WHERE id=6854693
	Delete on sbtest8  (cost=0.43..8.45 rows=0 width=0)
	  ->  Index Scan using sbtest8_pkey on sbtest8  (cost=0.43..8.45 rows=1 width=6)
	        Index Cond: (id = 6854693)

explain: for point_selects :: explain SELECT c FROM sbtest%u WHERE id=%u
explain: for inserts :: explain INSERT INTO sbtest%u (id, k, c, pad) VALUES (%u, 13, 'foobar', 'foobar')
for point_selects
table 1 : explain SELECT c FROM sbtest1 WHERE id=6249633
	Index Scan using sbtest1_pkey on sbtest1  (cost=0.43..8.45 rows=1 width=121)
	  Index Cond: (id = 6249633)

table 2 : explain SELECT c FROM sbtest2 WHERE id=2578900
	Index Scan using sbtest2_pkey on sbtest2  (cost=0.43..8.45 rows=1 width=121)
	  Index Cond: (id = 2578900)

table 3 : explain SELECT c FROM sbtest3 WHERE id=1078013
	Index Scan using sbtest3_pkey on sbtest3  (cost=0.43..8.45 rows=1 width=121)
	  Index Cond: (id = 1078013)

table 4 : explain SELECT c FROM sbtest4 WHERE id=4316049
	Index Scan using sbtest4_pkey on sbtest4  (cost=0.43..8.45 rows=1 width=121)
	  Index Cond: (id = 4316049)

table 5 : explain SELECT c FROM sbtest5 WHERE id=4719232
	Index Scan using sbtest5_pkey on sbtest5  (cost=0.43..8.45 rows=1 width=121)
	  Index Cond: (id = 4719232)

table 6 : explain SELECT c FROM sbtest6 WHERE id=7817831
	Index Scan using sbtest6_pkey on sbtest6  (cost=0.43..8.45 rows=1 width=121)
	  Index Cond: (id = 7817831)

table 7 : explain SELECT c FROM sbtest7 WHERE id=3663378
	Index Scan using sbtest7_pkey on sbtest7  (cost=0.43..8.45 rows=1 width=121)
	  Index Cond: (id = 3663378)

table 8 : explain SELECT c FROM sbtest8 WHERE id=5973488
	Index Scan using sbtest8_pkey on sbtest8  (cost=0.43..8.45 rows=1 width=121)
	  Index Cond: (id = 5973488)

for index_updates
table 1 : explain UPDATE sbtest1 SET k=k+1 WHERE id=4291424
	Update on sbtest1  (cost=0.43..8.46 rows=0 width=0)
	  ->  Index Scan using sbtest1_pkey on sbtest1  (cost=0.43..8.46 rows=1 width=10)
	        Index Cond: (id = 4291424)

table 2 : explain UPDATE sbtest2 SET k=k+1 WHERE id=4919954
	Update on sbtest2  (cost=0.43..8.46 rows=0 width=0)
	  ->  Index Scan using sbtest2_pkey on sbtest2  (cost=0.43..8.46 rows=1 width=10)
	        Index Cond: (id = 4919954)

table 3 : explain UPDATE sbtest3 SET k=k+1 WHERE id=5233336
	Update on sbtest3  (cost=0.43..8.46 rows=0 width=0)
	  ->  Index Scan using sbtest3_pkey on sbtest3  (cost=0.43..8.46 rows=1 width=10)
	        Index Cond: (id = 5233336)

table 4 : explain UPDATE sbtest4 SET k=k+1 WHERE id=2723933
	Update on sbtest4  (cost=0.43..8.46 rows=0 width=0)
	  ->  Index Scan using sbtest4_pkey on sbtest4  (cost=0.43..8.46 rows=1 width=10)
	        Index Cond: (id = 2723933)

table 5 : explain UPDATE sbtest5 SET k=k+1 WHERE id=6187754
	Update on sbtest5  (cost=0.43..8.46 rows=0 width=0)
	  ->  Index Scan using sbtest5_pkey on sbtest5  (cost=0.43..8.46 rows=1 width=10)
	        Index Cond: (id = 6187754)

table 6 : explain UPDATE sbtest6 SET k=k+1 WHERE id=5007299
	Update on sbtest6  (cost=0.43..8.46 rows=0 width=0)
	  ->  Index Scan using sbtest6_pkey on sbtest6  (cost=0.43..8.46 rows=1 width=10)
	        Index Cond: (id = 5007299)

table 7 : explain UPDATE sbtest7 SET k=k+1 WHERE id=294215
	Update on sbtest7  (cost=0.43..8.46 rows=0 width=0)
	  ->  Index Scan using sbtest7_pkey on sbtest7  (cost=0.43..8.46 rows=1 width=10)
	        Index Cond: (id = 294215)

table 8 : explain UPDATE sbtest8 SET k=k+1 WHERE id=3455279
	Update on sbtest8  (cost=0.43..8.46 rows=0 width=0)
	  ->  Index Scan using sbtest8_pkey on sbtest8  (cost=0.43..8.46 rows=1 width=10)
	        Index Cond: (id = 3455279)

for inserts
table 1 : explain INSERT INTO sbtest1 (id, k, c, pad) VALUES (7039520, 13, 'foobar', 'foobar')
	Insert on sbtest1  (cost=0.00..0.01 rows=0 width=0)
	  ->  Result  (cost=0.00..0.01 rows=1 width=736)

table 2 : explain INSERT INTO sbtest2 (id, k, c, pad) VALUES (2582145, 13, 'foobar', 'foobar')
	Insert on sbtest2  (cost=0.00..0.01 rows=0 width=0)
	  ->  Result  (cost=0.00..0.01 rows=1 width=736)

table 3 : explain INSERT INTO sbtest3 (id, k, c, pad) VALUES (7879835, 13, 'foobar', 'foobar')
	Insert on sbtest3  (cost=0.00..0.01 rows=0 width=0)
	  ->  Result  (cost=0.00..0.01 rows=1 width=736)

table 4 : explain INSERT INTO sbtest4 (id, k, c, pad) VALUES (3318968, 13, 'foobar', 'foobar')
	Insert on sbtest4  (cost=0.00..0.01 rows=0 width=0)
	  ->  Result  (cost=0.00..0.01 rows=1 width=736)

table 5 : explain INSERT INTO sbtest5 (id, k, c, pad) VALUES (9183262, 13, 'foobar', 'foobar')
	Insert on sbtest5  (cost=0.00..0.01 rows=0 width=0)
	  ->  Result  (cost=0.00..0.01 rows=1 width=736)

table 6 : explain INSERT INTO sbtest6 (id, k, c, pad) VALUES (3501732, 13, 'foobar', 'foobar')
	Insert on sbtest6  (cost=0.00..0.01 rows=0 width=0)
	  ->  Result  (cost=0.00..0.01 rows=1 width=736)

table 7 : explain INSERT INTO sbtest7 (id, k, c, pad) VALUES (9333956, 13, 'foobar', 'foobar')
	Insert on sbtest7  (cost=0.00..0.01 rows=0 width=0)
	  ->  Result  (cost=0.00..0.01 rows=1 width=736)

table 8 : explain INSERT INTO sbtest8 (id, k, c, pad) VALUES (9384002, 13, 'foobar', 'foobar')
	Insert on sbtest8  (cost=0.00..0.01 rows=0 width=0)
	  ->  Result  (cost=0.00..0.01 rows=1 width=736)

for point_selects
table 1 : explain SELECT c FROM sbtest1 WHERE id=4125601
	Index Scan using sbtest1_pkey on sbtest1  (cost=0.43..8.45 rows=1 width=121)
	  Index Cond: (id = 4125601)

table 2 : explain SELECT c FROM sbtest2 WHERE id=19625
	Index Scan using sbtest2_pkey on sbtest2  (cost=0.43..8.45 rows=1 width=121)
	  Index Cond: (id = 19625)

table 3 : explain SELECT c FROM sbtest3 WHERE id=3164603
	Index Scan using sbtest3_pkey on sbtest3  (cost=0.43..8.45 rows=1 width=121)
	  Index Cond: (id = 3164603)

table 4 : explain SELECT c FROM sbtest4 WHERE id=5308099
	Index Scan using sbtest4_pkey on sbtest4  (cost=0.43..8.45 rows=1 width=121)
	  Index Cond: (id = 5308099)

table 5 : explain SELECT c FROM sbtest5 WHERE id=3197352
	Index Scan using sbtest5_pkey on sbtest5  (cost=0.43..8.45 rows=1 width=121)
	  Index Cond: (id = 3197352)

table 6 : explain SELECT c FROM sbtest6 WHERE id=2045321
	Index Scan using sbtest6_pkey on sbtest6  (cost=0.43..8.45 rows=1 width=121)
	  Index Cond: (id = 2045321)

table 7 : explain SELECT c FROM sbtest7 WHERE id=7742509
	Index Scan using sbtest7_pkey on sbtest7  (cost=0.43..8.45 rows=1 width=121)
	  Index Cond: (id = 7742509)

table 8 : explain SELECT c FROM sbtest8 WHERE id=554707
	Index Scan using sbtest8_pkey on sbtest8  (cost=0.43..8.45 rows=1 width=121)
	  Index Cond: (id = 554707)

explain: for inserts :: explain INSERT INTO sbtest%u (id, k, c, pad) VALUES (%u, 13, 'foobar', 'foobar')
explain: for non_index_updates :: explain UPDATE sbtest%u SET c='foobar' WHERE id=%u
for inserts
table 1 : explain INSERT INTO sbtest1 (id, k, c, pad) VALUES (144799, 13, 'foobar', 'foobar')
	Insert on sbtest1  (cost=0.00..0.01 rows=0 width=0)
	  ->  Result  (cost=0.00..0.01 rows=1 width=736)

table 2 : explain INSERT INTO sbtest2 (id, k, c, pad) VALUES (7270033, 13, 'foobar', 'foobar')
	Insert on sbtest2  (cost=0.00..0.01 rows=0 width=0)
	  ->  Result  (cost=0.00..0.01 rows=1 width=736)

table 3 : explain INSERT INTO sbtest3 (id, k, c, pad) VALUES (754493, 13, 'foobar', 'foobar')
	Insert on sbtest3  (cost=0.00..0.01 rows=0 width=0)
	  ->  Result  (cost=0.00..0.01 rows=1 width=736)

table 4 : explain INSERT INTO sbtest4 (id, k, c, pad) VALUES (9000504, 13, 'foobar', 'foobar')
	Insert on sbtest4  (cost=0.00..0.01 rows=0 width=0)
	  ->  Result  (cost=0.00..0.01 rows=1 width=736)

table 5 : explain INSERT INTO sbtest5 (id, k, c, pad) VALUES (6804162, 13, 'foobar', 'foobar')
	Insert on sbtest5  (cost=0.00..0.01 rows=0 width=0)
	  ->  Result  (cost=0.00..0.01 rows=1 width=736)

table 6 : explain INSERT INTO sbtest6 (id, k, c, pad) VALUES (2255956, 13, 'foobar', 'foobar')
	Insert on sbtest6  (cost=0.00..0.01 rows=0 width=0)
	  ->  Result  (cost=0.00..0.01 rows=1 width=736)

table 7 : explain INSERT INTO sbtest7 (id, k, c, pad) VALUES (2283093, 13, 'foobar', 'foobar')
	Insert on sbtest7  (cost=0.00..0.01 rows=0 width=0)
	  ->  Result  (cost=0.00..0.01 rows=1 width=736)

table 8 : explain INSERT INTO sbtest8 (id, k, c, pad) VALUES (7597577, 13, 'foobar', 'foobar')
	Insert on sbtest8  (cost=0.00..0.01 rows=0 width=0)
	  ->  Result  (cost=0.00..0.01 rows=1 width=736)

explain: for point_selects :: explain SELECT c FROM sbtest%u WHERE id=%u
for inserts
table 1 : explain INSERT INTO sbtest1 (id, k, c, pad) VALUES (8469336, 13, 'foobar', 'foobar')
	Insert on sbtest1  (cost=0.00..0.01 rows=0 width=0)
	  ->  Result  (cost=0.00..0.01 rows=1 width=736)

table 2 : explain INSERT INTO sbtest2 (id, k, c, pad) VALUES (3395729, 13, 'foobar', 'foobar')
	Insert on sbtest2  (cost=0.00..0.01 rows=0 width=0)
	  ->  Result  (cost=0.00..0.01 rows=1 width=736)

table 3 : explain INSERT INTO sbtest3 (id, k, c, pad) VALUES (3548519, 13, 'foobar', 'foobar')
	Insert on sbtest3  (cost=0.00..0.01 rows=0 width=0)
	  ->  Result  (cost=0.00..0.01 rows=1 width=736)

table 4 : explain INSERT INTO sbtest4 (id, k, c, pad) VALUES (3833124, 13, 'foobar', 'foobar')
	Insert on sbtest4  (cost=0.00..0.01 rows=0 width=0)
	  ->  Result  (cost=0.00..0.01 rows=1 width=736)

table 5 : explain INSERT INTO sbtest5 (id, k, c, pad) VALUES (5507862, 13, 'foobar', 'foobar')
	Insert on sbtest5  (cost=0.00..0.01 rows=0 width=0)
	  ->  Result  (cost=0.00..0.01 rows=1 width=736)

table 6 : explain INSERT INTO sbtest6 (id, k, c, pad) VALUES (415463, 13, 'foobar', 'foobar')
	Insert on sbtest6  (cost=0.00..0.01 rows=0 width=0)
	  ->  Result  (cost=0.00..0.01 rows=1 width=736)

table 7 : explain INSERT INTO sbtest7 (id, k, c, pad) VALUES (7066025, 13, 'foobar', 'foobar')
	Insert on sbtest7  (cost=0.00..0.01 rows=0 width=0)
	  ->  Result  (cost=0.00..0.01 rows=1 width=736)

table 8 : explain INSERT INTO sbtest8 (id, k, c, pad) VALUES (4716615, 13, 'foobar', 'foobar')
	Insert on sbtest8  (cost=0.00..0.01 rows=0 width=0)
	  ->  Result  (cost=0.00..0.01 rows=1 width=736)

for point_selects
table 1 : explain SELECT c FROM sbtest1 WHERE id=951771
	Index Scan using sbtest1_pkey on sbtest1  (cost=0.43..8.45 rows=1 width=121)
	  Index Cond: (id = 951771)

table 2 : explain SELECT c FROM sbtest2 WHERE id=2478843
	Index Scan using sbtest2_pkey on sbtest2  (cost=0.43..8.45 rows=1 width=121)
	  Index Cond: (id = 2478843)

table 3 : explain SELECT c FROM sbtest3 WHERE id=8822765
	Index Scan using sbtest3_pkey on sbtest3  (cost=0.43..8.45 rows=1 width=121)
	  Index Cond: (id = 8822765)

table 4 : explain SELECT c FROM sbtest4 WHERE id=4069528
	Index Scan using sbtest4_pkey on sbtest4  (cost=0.43..8.45 rows=1 width=121)
	  Index Cond: (id = 4069528)

table 5 : explain SELECT c FROM sbtest5 WHERE id=4315216
	Index Scan using sbtest5_pkey on sbtest5  (cost=0.43..8.45 rows=1 width=121)
	  Index Cond: (id = 4315216)

table 6 : explain SELECT c FROM sbtest6 WHERE id=818808
	Index Scan using sbtest6_pkey on sbtest6  (cost=0.43..8.45 rows=1 width=121)
	  Index Cond: (id = 818808)

table 7 : explain SELECT c FROM sbtest7 WHERE id=1887457
	Index Scan using sbtest7_pkey on sbtest7  (cost=0.43..8.45 rows=1 width=121)
	  Index Cond: (id = 1887457)

table 8 : explain SELECT c FROM sbtest8 WHERE id=5481758
	Index Scan using sbtest8_pkey on sbtest8  (cost=0.43..8.45 rows=1 width=121)
	  Index Cond: (id = 5481758)

for point_selects
table 1 : explain SELECT c FROM sbtest1 WHERE id=7823750
	Index Scan using sbtest1_pkey on sbtest1  (cost=0.43..8.45 rows=1 width=121)
	  Index Cond: (id = 7823750)

table 2 : explain SELECT c FROM sbtest2 WHERE id=521165
	Index Scan using sbtest2_pkey on sbtest2  (cost=0.43..8.45 rows=1 width=121)
	  Index Cond: (id = 521165)

table 3 : explain SELECT c FROM sbtest3 WHERE id=4160411
	Index Scan using sbtest3_pkey on sbtest3  (cost=0.43..8.45 rows=1 width=121)
	  Index Cond: (id = 4160411)

table 4 : explain SELECT c FROM sbtest4 WHERE id=811683
	Index Scan using sbtest4_pkey on sbtest4  (cost=0.43..8.45 rows=1 width=121)
	  Index Cond: (id = 811683)

table 5 : explain SELECT c FROM sbtest5 WHERE id=3783555
	Index Scan using sbtest5_pkey on sbtest5  (cost=0.43..8.45 rows=1 width=121)
	  Index Cond: (id = 3783555)

table 6 : explain SELECT c FROM sbtest6 WHERE id=9188896
	Index Scan using sbtest6_pkey on sbtest6  (cost=0.43..8.45 rows=1 width=121)
	  Index Cond: (id = 9188896)

table 7 : explain SELECT c FROM sbtest7 WHERE id=4252291
	Index Scan using sbtest7_pkey on sbtest7  (cost=0.43..8.45 rows=1 width=121)
	  Index Cond: (id = 4252291)

table 8 : explain SELECT c FROM sbtest8 WHERE id=8123859
	Index Scan using sbtest8_pkey on sbtest8  (cost=0.43..8.45 rows=1 width=121)
	  Index Cond: (id = 8123859)

for: distinct_ranges
table 1 : explain SELECT DISTINCT c FROM sbtest1 WHERE id BETWEEN 848922 AND 849021 ORDER BY c
	Unique  (cost=432.70..433.25 rows=109 width=121)
	  ->  Sort  (cost=432.70..432.97 rows=109 width=121)
	        Sort Key: c
	        ->  Index Scan using sbtest1_pkey on sbtest1  (cost=0.43..429.01 rows=109 width=121)
	              Index Cond: ((id >= 848922) AND (id <= 849021))

table 2 : explain SELECT DISTINCT c FROM sbtest2 WHERE id BETWEEN 25011 AND 25110 ORDER BY c
	Unique  (cost=401.21..401.72 rows=101 width=121)
	  ->  Sort  (cost=401.21..401.47 rows=101 width=121)
	        Sort Key: c
	        ->  Index Scan using sbtest2_pkey on sbtest2  (cost=0.43..397.85 rows=101 width=121)
	              Index Cond: ((id >= 25011) AND (id <= 25110))

table 3 : explain SELECT DISTINCT c FROM sbtest3 WHERE id BETWEEN 7630006 AND 7630105 ORDER BY c
	Unique  (cost=435.17..435.72 rows=110 width=121)
	  ->  Sort  (cost=435.17..435.45 rows=110 width=121)
	        Sort Key: c
	        ->  Index Scan using sbtest3_pkey on sbtest3  (cost=0.43..431.44 rows=110 width=121)
	              Index Cond: ((id >= 7630006) AND (id <= 7630105))

table 4 : explain SELECT DISTINCT c FROM sbtest4 WHERE id BETWEEN 6958713 AND 6958812 ORDER BY c
	Unique  (cost=383.85..384.33 rows=97 width=121)
	  ->  Sort  (cost=383.85..384.09 rows=97 width=121)
	        Sort Key: c
	        ->  Index Scan using sbtest4_pkey on sbtest4  (cost=0.43..380.65 rows=97 width=121)
	              Index Cond: ((id >= 6958713) AND (id <= 6958812))

table 5 : explain SELECT DISTINCT c FROM sbtest5 WHERE id BETWEEN 6930519 AND 6930618 ORDER BY c
	Unique  (cost=382.99..383.48 rows=97 width=121)
	  ->  Sort  (cost=382.99..383.24 rows=97 width=121)
	        Sort Key: c
	        ->  Index Scan using sbtest5_pkey on sbtest5  (cost=0.43..379.79 rows=97 width=121)
	              Index Cond: ((id >= 6930519) AND (id <= 6930618))

table 6 : explain SELECT DISTINCT c FROM sbtest6 WHERE id BETWEEN 2955152 AND 2955251 ORDER BY c
	Unique  (cost=396.30..396.80 rows=100 width=121)
	  ->  Sort  (cost=396.30..396.55 rows=100 width=121)
	        Sort Key: c
	        ->  Index Scan using sbtest6_pkey on sbtest6  (cost=0.43..392.98 rows=100 width=121)
	              Index Cond: ((id >= 2955152) AND (id <= 2955251))

table 7 : explain SELECT DISTINCT c FROM sbtest7 WHERE id BETWEEN 4097114 AND 4097213 ORDER BY c
	Unique  (cost=362.70..363.16 rows=92 width=121)
	  ->  Sort  (cost=362.70..362.93 rows=92 width=121)
	        Sort Key: c
	        ->  Index Scan using sbtest7_pkey on sbtest7  (cost=0.43..359.70 rows=92 width=121)
	              Index Cond: ((id >= 4097114) AND (id <= 4097213))

table 8 : explain SELECT DISTINCT c FROM sbtest8 WHERE id BETWEEN 5442187 AND 5442286 ORDER BY c
	Unique  (cost=392.53..393.03 rows=100 width=121)
	  ->  Sort  (cost=392.53..392.78 rows=100 width=121)
	        Sort Key: c
	        ->  Index Scan using sbtest8_pkey on sbtest8  (cost=0.43..389.21 rows=100 width=121)
	              Index Cond: ((id >= 5442187) AND (id <= 5442286))

for: simple_ranges
table 1 : explain SELECT c FROM sbtest1 WHERE id BETWEEN 8974967 AND 8975066
	Index Scan using sbtest1_pkey on sbtest1  (cost=0.43..386.16 rows=98 width=121)
	  Index Cond: ((id >= 8974967) AND (id <= 8975066))

table 2 : explain SELECT c FROM sbtest2 WHERE id BETWEEN 2373244 AND 2373343
	Index Scan using sbtest2_pkey on sbtest2  (cost=0.43..374.46 rows=95 width=121)
	  Index Cond: ((id >= 2373244) AND (id <= 2373343))

table 3 : explain SELECT c FROM sbtest3 WHERE id BETWEEN 503518 AND 503617
	Index Scan using sbtest3_pkey on sbtest3  (cost=0.43..412.04 rows=105 width=121)
	  Index Cond: ((id >= 503518) AND (id <= 503617))

table 4 : explain SELECT c FROM sbtest4 WHERE id BETWEEN 8227036 AND 8227135
	Index Scan using sbtest4_pkey on sbtest4  (cost=0.43..380.65 rows=97 width=121)
	  Index Cond: ((id >= 8227036) AND (id <= 8227135))

table 5 : explain SELECT c FROM sbtest5 WHERE id BETWEEN 7369752 AND 7369851
	Index Scan using sbtest5_pkey on sbtest5  (cost=0.43..383.70 rows=98 width=121)
	  Index Cond: ((id >= 7369752) AND (id <= 7369851))

table 6 : explain SELECT c FROM sbtest6 WHERE id BETWEEN 7762647 AND 7762746
	Index Scan using sbtest6_pkey on sbtest6  (cost=0.43..369.65 rows=94 width=121)
	  Index Cond: ((id >= 7762647) AND (id <= 7762746))

table 7 : explain SELECT c FROM sbtest7 WHERE id BETWEEN 5494623 AND 5494722
	Index Scan using sbtest7_pkey on sbtest7  (cost=0.43..386.75 rows=99 width=121)
	  Index Cond: ((id >= 5494623) AND (id <= 5494722))

table 8 : explain SELECT c FROM sbtest8 WHERE id BETWEEN 1424943 AND 1425042
	Index Scan using sbtest8_pkey on sbtest8  (cost=0.43..404.59 rows=104 width=121)
	  Index Cond: ((id >= 1424943) AND (id <= 1425042))

for non_index_updates
table 1 : explain UPDATE sbtest1 SET c='foobar' WHERE id=4530561
	Update on sbtest1  (cost=0.43..8.45 rows=0 width=0)
	  ->  Index Scan using sbtest1_pkey on sbtest1  (cost=0.43..8.45 rows=1 width=490)
	        Index Cond: (id = 4530561)

table 2 : explain UPDATE sbtest2 SET c='foobar' WHERE id=9830126
	Update on sbtest2  (cost=0.43..8.45 rows=0 width=0)
	  ->  Index Scan using sbtest2_pkey on sbtest2  (cost=0.43..8.45 rows=1 width=490)
	        Index Cond: (id = 9830126)

table 3 : explain UPDATE sbtest3 SET c='foobar' WHERE id=8982390
	Update on sbtest3  (cost=0.43..8.45 rows=0 width=0)
	  ->  Index Scan using sbtest3_pkey on sbtest3  (cost=0.43..8.45 rows=1 width=490)
	        Index Cond: (id = 8982390)

table 4 : explain UPDATE sbtest4 SET c='foobar' WHERE id=5041270
	Update on sbtest4  (cost=0.43..8.45 rows=0 width=0)
	  ->  Index Scan using sbtest4_pkey on sbtest4  (cost=0.43..8.45 rows=1 width=490)
	        Index Cond: (id = 5041270)

table 5 : explain UPDATE sbtest5 SET c='foobar' WHERE id=4327544
	Update on sbtest5  (cost=0.43..8.45 rows=0 width=0)
	  ->  Index Scan using sbtest5_pkey on sbtest5  (cost=0.43..8.45 rows=1 width=490)
	        Index Cond: (id = 4327544)

table 6 : explain UPDATE sbtest6 SET c='foobar' WHERE id=3692648
	Update on sbtest6  (cost=0.43..8.45 rows=0 width=0)
	  ->  Index Scan using sbtest6_pkey on sbtest6  (cost=0.43..8.45 rows=1 width=490)
	        Index Cond: (id = 3692648)

table 7 : explain UPDATE sbtest7 SET c='foobar' WHERE id=5446891
	Update on sbtest7  (cost=0.43..8.45 rows=0 width=0)
	  ->  Index Scan using sbtest7_pkey on sbtest7  (cost=0.43..8.45 rows=1 width=490)
	        Index Cond: (id = 5446891)

table 8 : explain UPDATE sbtest8 SET c='foobar' WHERE id=8596205
	Update on sbtest8  (cost=0.43..8.45 rows=0 width=0)
	  ->  Index Scan using sbtest8_pkey on sbtest8  (cost=0.43..8.45 rows=1 width=490)
	        Index Cond: (id = 8596205)

explain: for point_selects :: explain SELECT c FROM sbtest%u WHERE id=%u
for: simple_ranges
table 1 : explain SELECT c FROM sbtest1 WHERE id BETWEEN 4487766 AND 4487865
	Index Scan using sbtest1_pkey on sbtest1  (cost=0.43..405.65 rows=103 width=121)
	  Index Cond: ((id >= 4487766) AND (id <= 4487865))

table 2 : explain SELECT c FROM sbtest2 WHERE id BETWEEN 2393844 AND 2393943
	Index Scan using sbtest2_pkey on sbtest2  (cost=0.43..374.46 rows=95 width=121)
	  Index Cond: ((id >= 2393844) AND (id <= 2393943))

table 3 : explain SELECT c FROM sbtest3 WHERE id BETWEEN 6022895 AND 6022994
	Index Scan using sbtest3_pkey on sbtest3  (cost=0.43..392.65 rows=100 width=121)
	  Index Cond: ((id >= 6022895) AND (id <= 6022994))

table 4 : explain SELECT c FROM sbtest4 WHERE id BETWEEN 9494254 AND 9494353
	Index Scan using sbtest4_pkey on sbtest4  (cost=0.43..400.07 rows=102 width=121)
	  Index Cond: ((id >= 9494254) AND (id <= 9494353))

table 5 : explain SELECT c FROM sbtest5 WHERE id BETWEEN 1091495 AND 1091594
	Index Scan using sbtest5_pkey on sbtest5  (cost=0.43..410.77 rows=105 width=121)
	  Index Cond: ((id >= 1091495) AND (id <= 1091594))

table 6 : explain SELECT c FROM sbtest6 WHERE id BETWEEN 6979030 AND 6979129
	Index Scan using sbtest6_pkey on sbtest6  (cost=0.43..392.98 rows=100 width=121)
	  Index Cond: ((id >= 6979030) AND (id <= 6979129))

table 7 : explain SELECT c FROM sbtest7 WHERE id BETWEEN 3379634 AND 3379733
	Index Scan using sbtest7_pkey on sbtest7  (cost=0.43..398.33 rows=102 width=121)
	  Index Cond: ((id >= 3379634) AND (id <= 3379733))

table 8 : explain SELECT c FROM sbtest8 WHERE id BETWEEN 5607625 AND 5607724
	Index Scan using sbtest8_pkey on sbtest8  (cost=0.43..385.36 rows=99 width=121)
	  Index Cond: ((id >= 5607625) AND (id <= 5607724))

explain: for deletes :: explain DELETE FROM sbtest%u WHERE id=%u
for point_selects
table 1 : explain SELECT c FROM sbtest1 WHERE id=9044215
	Index Scan using sbtest1_pkey on sbtest1  (cost=0.43..8.45 rows=1 width=121)
	  Index Cond: (id = 9044215)

table 2 : explain SELECT c FROM sbtest2 WHERE id=3512227
	Index Scan using sbtest2_pkey on sbtest2  (cost=0.43..8.45 rows=1 width=121)
	  Index Cond: (id = 3512227)

table 3 : explain SELECT c FROM sbtest3 WHERE id=4929132
	Index Scan using sbtest3_pkey on sbtest3  (cost=0.43..8.45 rows=1 width=121)
	  Index Cond: (id = 4929132)

table 4 : explain SELECT c FROM sbtest4 WHERE id=3788923
	Index Scan using sbtest4_pkey on sbtest4  (cost=0.43..8.45 rows=1 width=121)
	  Index Cond: (id = 3788923)

table 5 : explain SELECT c FROM sbtest5 WHERE id=207010
	Index Scan using sbtest5_pkey on sbtest5  (cost=0.43..8.45 rows=1 width=121)
	  Index Cond: (id = 207010)

table 6 : explain SELECT c FROM sbtest6 WHERE id=8404611
	Index Scan using sbtest6_pkey on sbtest6  (cost=0.43..8.45 rows=1 width=121)
	  Index Cond: (id = 8404611)

table 7 : explain SELECT c FROM sbtest7 WHERE id=7498839
	Index Scan using sbtest7_pkey on sbtest7  (cost=0.43..8.45 rows=1 width=121)
	  Index Cond: (id = 7498839)

table 8 : explain SELECT c FROM sbtest8 WHERE id=5673559
	Index Scan using sbtest8_pkey on sbtest8  (cost=0.43..8.45 rows=1 width=121)
	  Index Cond: (id = 5673559)

explain: for index_updates :: explain UPDATE sbtest%u SET k=k+1 WHERE id=%u
explain: for point_selects :: explain SELECT c FROM sbtest%u WHERE id=%u
for: sum_ranges
table 1 : explain SELECT SUM(k) FROM sbtest1 WHERE id BETWEEN 1845318 AND 1845417
	Aggregate  (cost=413.70..413.71 rows=1 width=8)
	  ->  Index Scan using sbtest1_pkey on sbtest1  (cost=0.43..413.44 rows=105 width=4)
	        Index Cond: ((id >= 1845318) AND (id <= 1845417))

table 2 : explain SELECT SUM(k) FROM sbtest2 WHERE id BETWEEN 3411721 AND 3411820
	Aggregate  (cost=429.27..429.28 rows=1 width=8)
	  ->  Index Scan using sbtest2_pkey on sbtest2  (cost=0.43..429.00 rows=109 width=4)
	        Index Cond: ((id >= 3411721) AND (id <= 3411820))

table 3 : explain SELECT SUM(k) FROM sbtest3 WHERE id BETWEEN 9052092 AND 9052191
	Aggregate  (cost=396.78..396.79 rows=1 width=8)
	  ->  Index Scan using sbtest3_pkey on sbtest3  (cost=0.43..396.53 rows=101 width=4)
	        Index Cond: ((id >= 9052092) AND (id <= 9052191))

table 4 : explain SELECT SUM(k) FROM sbtest4 WHERE id BETWEEN 1946195 AND 1946294
	Aggregate  (cost=353.74..353.75 rows=1 width=8)
	  ->  Index Scan using sbtest4_pkey on sbtest4  (cost=0.43..353.51 rows=90 width=4)
	        Index Cond: ((id >= 1946195) AND (id <= 1946294))

table 5 : explain SELECT SUM(k) FROM sbtest5 WHERE id BETWEEN 3516518 AND 3516617
	Aggregate  (cost=356.82..356.83 rows=1 width=8)
	  ->  Index Scan using sbtest5_pkey on sbtest5  (cost=0.43..356.59 rows=91 width=4)
	        Index Cond: ((id >= 3516518) AND (id <= 3516617))

table 6 : explain SELECT SUM(k) FROM sbtest6 WHERE id BETWEEN 333598 AND 333697
	Aggregate  (cost=408.77..408.78 rows=1 width=8)
	  ->  Index Scan using sbtest6_pkey on sbtest6  (cost=0.43..408.51 rows=104 width=4)
	        Index Cond: ((id >= 333598) AND (id <= 333697))

table 7 : explain SELECT SUM(k) FROM sbtest7 WHERE id BETWEEN 3218435 AND 3218534
	Aggregate  (cost=363.79..363.80 rows=1 width=8)
	  ->  Index Scan using sbtest7_pkey on sbtest7  (cost=0.43..363.56 rows=93 width=4)
	        Index Cond: ((id >= 3218435) AND (id <= 3218534))

table 8 : explain SELECT SUM(k) FROM sbtest8 WHERE id BETWEEN 3361842 AND 3361941
	Aggregate  (cost=366.33..366.34 rows=1 width=8)
	  ->  Index Scan using sbtest8_pkey on sbtest8  (cost=0.43..366.10 rows=94 width=4)
	        Index Cond: ((id >= 3361842) AND (id <= 3361941))

for deletes
table 1 : explain DELETE FROM sbtest1 WHERE id=752503
	Delete on sbtest1  (cost=0.43..8.45 rows=0 width=0)
	  ->  Index Scan using sbtest1_pkey on sbtest1  (cost=0.43..8.45 rows=1 width=6)
	        Index Cond: (id = 752503)

table 2 : explain DELETE FROM sbtest2 WHERE id=6239704
	Delete on sbtest2  (cost=0.43..8.45 rows=0 width=0)
	  ->  Index Scan using sbtest2_pkey on sbtest2  (cost=0.43..8.45 rows=1 width=6)
	        Index Cond: (id = 6239704)

table 3 : explain DELETE FROM sbtest3 WHERE id=3702890
	Delete on sbtest3  (cost=0.43..8.45 rows=0 width=0)
	  ->  Index Scan using sbtest3_pkey on sbtest3  (cost=0.43..8.45 rows=1 width=6)
	        Index Cond: (id = 3702890)

table 4 : explain DELETE FROM sbtest4 WHERE id=1030840
	Delete on sbtest4  (cost=0.43..8.45 rows=0 width=0)
	  ->  Index Scan using sbtest4_pkey on sbtest4  (cost=0.43..8.45 rows=1 width=6)
	        Index Cond: (id = 1030840)

table 5 : explain DELETE FROM sbtest5 WHERE id=2345133
	Delete on sbtest5  (cost=0.43..8.45 rows=0 width=0)
	  ->  Index Scan using sbtest5_pkey on sbtest5  (cost=0.43..8.45 rows=1 width=6)
	        Index Cond: (id = 2345133)

table 6 : explain DELETE FROM sbtest6 WHERE id=1052218
	Delete on sbtest6  (cost=0.43..8.45 rows=0 width=0)
	  ->  Index Scan using sbtest6_pkey on sbtest6  (cost=0.43..8.45 rows=1 width=6)
	        Index Cond: (id = 1052218)

table 7 : explain DELETE FROM sbtest7 WHERE id=5968985
	Delete on sbtest7  (cost=0.43..8.45 rows=0 width=0)
	  ->  Index Scan using sbtest7_pkey on sbtest7  (cost=0.43..8.45 rows=1 width=6)
	        Index Cond: (id = 5968985)

table 8 : explain DELETE FROM sbtest8 WHERE id=7913679
	Delete on sbtest8  (cost=0.43..8.45 rows=0 width=0)
	  ->  Index Scan using sbtest8_pkey on sbtest8  (cost=0.43..8.45 rows=1 width=6)
	        Index Cond: (id = 7913679)

for point_selects
table 1 : explain SELECT c FROM sbtest1 WHERE id=5111922
	Index Scan using sbtest1_pkey on sbtest1  (cost=0.43..8.45 rows=1 width=121)
	  Index Cond: (id = 5111922)

table 2 : explain SELECT c FROM sbtest2 WHERE id=6891065
	Index Scan using sbtest2_pkey on sbtest2  (cost=0.43..8.45 rows=1 width=121)
	  Index Cond: (id = 6891065)

table 3 : explain SELECT c FROM sbtest3 WHERE id=9052981
	Index Scan using sbtest3_pkey on sbtest3  (cost=0.43..8.45 rows=1 width=121)
	  Index Cond: (id = 9052981)

table 4 : explain SELECT c FROM sbtest4 WHERE id=2641822
	Index Scan using sbtest4_pkey on sbtest4  (cost=0.43..8.45 rows=1 width=121)
	  Index Cond: (id = 2641822)

table 5 : explain SELECT c FROM sbtest5 WHERE id=4759257
	Index Scan using sbtest5_pkey on sbtest5  (cost=0.43..8.45 rows=1 width=121)
	  Index Cond: (id = 4759257)

table 6 : explain SELECT c FROM sbtest6 WHERE id=2913110
	Index Scan using sbtest6_pkey on sbtest6  (cost=0.43..8.45 rows=1 width=121)
	  Index Cond: (id = 2913110)

table 7 : explain SELECT c FROM sbtest7 WHERE id=7322178
	Index Scan using sbtest7_pkey on sbtest7  (cost=0.43..8.45 rows=1 width=121)
	  Index Cond: (id = 7322178)

table 8 : explain SELECT c FROM sbtest8 WHERE id=4798921
	Index Scan using sbtest8_pkey on sbtest8  (cost=0.43..8.45 rows=1 width=121)
	  Index Cond: (id = 4798921)

for: simple_ranges
table 1 : explain SELECT c FROM sbtest1 WHERE id BETWEEN 4398483 AND 4398582
	Index Scan using sbtest1_pkey on sbtest1  (cost=0.43..405.65 rows=103 width=121)
	  Index Cond: ((id >= 4398483) AND (id <= 4398582))

table 2 : explain SELECT c FROM sbtest2 WHERE id BETWEEN 8299142 AND 8299241
	Index Scan using sbtest2_pkey on sbtest2  (cost=0.43..386.14 rows=98 width=121)
	  Index Cond: ((id >= 8299142) AND (id <= 8299241))

table 3 : explain SELECT c FROM sbtest3 WHERE id BETWEEN 422905 AND 423004
	Index Scan using sbtest3_pkey on sbtest3  (cost=0.43..388.73 rows=99 width=121)
	  Index Cond: ((id >= 422905) AND (id <= 423004))

table 4 : explain SELECT c FROM sbtest4 WHERE id BETWEEN 6087387 AND 6087486
	Index Scan using sbtest4_pkey on sbtest4  (cost=0.43..403.94 rows=103 width=121)
	  Index Cond: ((id >= 6087387) AND (id <= 6087486))

table 5 : explain SELECT c FROM sbtest5 WHERE id BETWEEN 5030355 AND 5030454
	Index Scan using sbtest5_pkey on sbtest5  (cost=0.43..418.50 rows=107 width=121)
	  Index Cond: ((id >= 5030355) AND (id <= 5030454))

table 6 : explain SELECT c FROM sbtest6 WHERE id BETWEEN 3954459 AND 3954558
	Index Scan using sbtest6_pkey on sbtest6  (cost=0.43..408.51 rows=104 width=121)
	  Index Cond: ((id >= 3954459) AND (id <= 3954558))

table 7 : explain SELECT c FROM sbtest7 WHERE id BETWEEN 4008125 AND 4008224
	Index Scan using sbtest7_pkey on sbtest7  (cost=0.43..386.75 rows=99 width=121)
	  Index Cond: ((id >= 4008125) AND (id <= 4008224))

table 8 : explain SELECT c FROM sbtest8 WHERE id BETWEEN 7167978 AND 7168077
	Index Scan using sbtest8_pkey on sbtest8  (cost=0.43..369.94 rows=95 width=121)
	  Index Cond: ((id >= 7167978) AND (id <= 7168077))

for: sum_ranges
table 1 : explain SELECT SUM(k) FROM sbtest1 WHERE id BETWEEN 834621 AND 834720
	Aggregate  (cost=429.29..429.30 rows=1 width=8)
	  ->  Index Scan using sbtest1_pkey on sbtest1  (cost=0.43..429.01 rows=109 width=4)
	        Index Cond: ((id >= 834621) AND (id <= 834720))

table 2 : explain SELECT SUM(k) FROM sbtest2 WHERE id BETWEEN 772541 AND 772640
	Aggregate  (cost=386.39..386.40 rows=1 width=8)
	  ->  Index Scan using sbtest2_pkey on sbtest2  (cost=0.43..386.14 rows=98 width=4)
	        Index Cond: ((id >= 772541) AND (id <= 772640))

table 3 : explain SELECT SUM(k) FROM sbtest3 WHERE id BETWEEN 9109954 AND 9110053
	Aggregate  (cost=377.33..377.34 rows=1 width=8)
	  ->  Index Scan using sbtest3_pkey on sbtest3  (cost=0.43..377.09 rows=96 width=4)
	        Index Cond: ((id >= 9109954) AND (id <= 9110053))

table 4 : explain SELECT SUM(k) FROM sbtest4 WHERE id BETWEEN 3853142 AND 3853241
	Aggregate  (cost=361.50..361.51 rows=1 width=8)
	  ->  Index Scan using sbtest4_pkey on sbtest4  (cost=0.43..361.27 rows=92 width=4)
	        Index Cond: ((id >= 3853142) AND (id <= 3853241))

table 5 : explain SELECT SUM(k) FROM sbtest5 WHERE id BETWEEN 7838476 AND 7838575
	Aggregate  (cost=403.29..403.30 rows=1 width=8)
	  ->  Index Scan using sbtest5_pkey on sbtest5  (cost=0.43..403.03 rows=103 width=4)
	        Index Cond: ((id >= 7838476) AND (id <= 7838575))

table 6 : explain SELECT SUM(k) FROM sbtest6 WHERE id BETWEEN 5194994 AND 5195093
	Aggregate  (cost=401.00..401.01 rows=1 width=8)
	  ->  Index Scan using sbtest6_pkey on sbtest6  (cost=0.43..400.74 rows=102 width=4)
	        Index Cond: ((id >= 5194994) AND (id <= 5195093))

table 7 : explain SELECT SUM(k) FROM sbtest7 WHERE id BETWEEN 3628478 AND 3628577
	Aggregate  (cost=383.13..383.14 rows=1 width=8)
	  ->  Index Scan using sbtest7_pkey on sbtest7  (cost=0.43..382.89 rows=98 width=4)
	        Index Cond: ((id >= 3628478) AND (id <= 3628577))

table 8 : explain SELECT SUM(k) FROM sbtest8 WHERE id BETWEEN 4569326 AND 4569425
	Aggregate  (cost=420.24..420.25 rows=1 width=8)
	  ->  Index Scan using sbtest8_pkey on sbtest8  (cost=0.43..419.97 rows=108 width=4)
	        Index Cond: ((id >= 4569326) AND (id <= 4569425))

explain: for point_selects :: explain SELECT c FROM sbtest%u WHERE id=%u
explain: for point_selects :: explain SELECT c FROM sbtest%u WHERE id=%u
explain: for point_selects :: explain SELECT c FROM sbtest%u WHERE id=%u
for index_updates
table 1 : explain UPDATE sbtest1 SET k=k+1 WHERE id=7923487
	Update on sbtest1  (cost=0.43..8.46 rows=0 width=0)
	  ->  Index Scan using sbtest1_pkey on sbtest1  (cost=0.43..8.46 rows=1 width=10)
	        Index Cond: (id = 7923487)

table 2 : explain UPDATE sbtest2 SET k=k+1 WHERE id=2501035
	Update on sbtest2  (cost=0.43..8.46 rows=0 width=0)
	  ->  Index Scan using sbtest2_pkey on sbtest2  (cost=0.43..8.46 rows=1 width=10)
	        Index Cond: (id = 2501035)

table 3 : explain UPDATE sbtest3 SET k=k+1 WHERE id=6651990
	Update on sbtest3  (cost=0.43..8.46 rows=0 width=0)
	  ->  Index Scan using sbtest3_pkey on sbtest3  (cost=0.43..8.46 rows=1 width=10)
	        Index Cond: (id = 6651990)

table 4 : explain UPDATE sbtest4 SET k=k+1 WHERE id=7724517
	Update on sbtest4  (cost=0.43..8.46 rows=0 width=0)
	  ->  Index Scan using sbtest4_pkey on sbtest4  (cost=0.43..8.46 rows=1 width=10)
	        Index Cond: (id = 7724517)

table 5 : explain UPDATE sbtest5 SET k=k+1 WHERE id=2799959
	Update on sbtest5  (cost=0.43..8.46 rows=0 width=0)
	  ->  Index Scan using sbtest5_pkey on sbtest5  (cost=0.43..8.46 rows=1 width=10)
	        Index Cond: (id = 2799959)

table 6 : explain UPDATE sbtest6 SET k=k+1 WHERE id=6835594
	Update on sbtest6  (cost=0.43..8.46 rows=0 width=0)
	  ->  Index Scan using sbtest6_pkey on sbtest6  (cost=0.43..8.46 rows=1 width=10)
	        Index Cond: (id = 6835594)

table 7 : explain UPDATE sbtest7 SET k=k+1 WHERE id=1462445
	Update on sbtest7  (cost=0.43..8.46 rows=0 width=0)
	  ->  Index Scan using sbtest7_pkey on sbtest7  (cost=0.43..8.46 rows=1 width=10)
	        Index Cond: (id = 1462445)

table 8 : explain UPDATE sbtest8 SET k=k+1 WHERE id=9457057
	Update on sbtest8  (cost=0.43..8.46 rows=0 width=0)
	  ->  Index Scan using sbtest8_pkey on sbtest8  (cost=0.43..8.46 rows=1 width=10)
	        Index Cond: (id = 9457057)

for: simple_ranges
table 1 : explain SELECT c FROM sbtest1 WHERE id BETWEEN 3026808 AND 3026907
	Index Scan using sbtest1_pkey on sbtest1  (cost=0.43..417.33 rows=106 width=121)
	  Index Cond: ((id >= 3026808) AND (id <= 3026907))

table 2 : explain SELECT c FROM sbtest2 WHERE id BETWEEN 5370139 AND 5370238
	Index Scan using sbtest2_pkey on sbtest2  (cost=0.43..358.89 rows=91 width=121)
	  Index Cond: ((id >= 5370139) AND (id <= 5370238))

table 3 : explain SELECT c FROM sbtest3 WHERE id BETWEEN 8153777 AND 8153876
	Index Scan using sbtest3_pkey on sbtest3  (cost=0.43..412.04 rows=105 width=121)
	  Index Cond: ((id >= 8153777) AND (id <= 8153876))

table 4 : explain SELECT c FROM sbtest4 WHERE id BETWEEN 6049074 AND 6049173
	Index Scan using sbtest4_pkey on sbtest4  (cost=0.43..403.94 rows=103 width=121)
	  Index Cond: ((id >= 6049074) AND (id <= 6049173))

table 5 : explain SELECT c FROM sbtest5 WHERE id BETWEEN 7184702 AND 7184801
	Index Scan using sbtest5_pkey on sbtest5  (cost=0.43..387.56 rows=99 width=121)
	  Index Cond: ((id >= 7184702) AND (id <= 7184801))

table 6 : explain SELECT c FROM sbtest6 WHERE id BETWEEN 3084664 AND 3084763
	Index Scan using sbtest6_pkey on sbtest6  (cost=0.43..416.28 rows=106 width=121)
	  Index Cond: ((id >= 3084664) AND (id <= 3084763))

table 7 : explain SELECT c FROM sbtest7 WHERE id BETWEEN 9198436 AND 9198535
	Index Scan using sbtest7_pkey on sbtest7  (cost=0.43..379.03 rows=97 width=121)
	  Index Cond: ((id >= 9198436) AND (id <= 9198535))

table 8 : explain SELECT c FROM sbtest8 WHERE id BETWEEN 8631269 AND 8631368
	Index Scan using sbtest8_pkey on sbtest8  (cost=0.43..377.67 rows=97 width=121)
	  Index Cond: ((id >= 8631269) AND (id <= 8631368))

explain: for inserts :: explain INSERT INTO sbtest%u (id, k, c, pad) VALUES (%u, 13, 'foobar', 'foobar')
for: sum_ranges
table 1 : explain SELECT SUM(k) FROM sbtest1 WHERE id BETWEEN 9488742 AND 9488841
	Aggregate  (cost=370.82..370.83 rows=1 width=8)
	  ->  Index Scan using sbtest1_pkey on sbtest1  (cost=0.43..370.58 rows=94 width=4)
	        Index Cond: ((id >= 9488742) AND (id <= 9488841))

table 2 : explain SELECT SUM(k) FROM sbtest2 WHERE id BETWEEN 6562481 AND 6562580
	Aggregate  (cost=359.12..359.13 rows=1 width=8)
	  ->  Index Scan using sbtest2_pkey on sbtest2  (cost=0.43..358.89 rows=91 width=4)
	        Index Cond: ((id >= 6562481) AND (id <= 6562580))

table 3 : explain SELECT SUM(k) FROM sbtest3 WHERE id BETWEEN 9653935 AND 9654034
	Aggregate  (cost=381.21..381.22 rows=1 width=8)
	  ->  Index Scan using sbtest3_pkey on sbtest3  (cost=0.43..380.97 rows=97 width=4)
	        Index Cond: ((id >= 9653935) AND (id <= 9654034))

table 4 : explain SELECT SUM(k) FROM sbtest4 WHERE id BETWEEN 4398893 AND 4398992
	Aggregate  (cost=423.59..423.60 rows=1 width=8)
	  ->  Index Scan using sbtest4_pkey on sbtest4  (cost=0.43..423.32 rows=108 width=4)
	        Index Cond: ((id >= 4398893) AND (id <= 4398992))

table 5 : explain SELECT SUM(k) FROM sbtest5 WHERE id BETWEEN 1582506 AND 1582605
	Aggregate  (cost=403.29..403.30 rows=1 width=8)
	  ->  Index Scan using sbtest5_pkey on sbtest5  (cost=0.43..403.03 rows=103 width=4)
	        Index Cond: ((id >= 1582506) AND (id <= 1582605))

table 6 : explain SELECT SUM(k) FROM sbtest6 WHERE id BETWEEN 1541295 AND 1541394
	Aggregate  (cost=373.77..373.78 rows=1 width=8)
	  ->  Index Scan using sbtest6_pkey on sbtest6  (cost=0.43..373.53 rows=95 width=4)
	        Index Cond: ((id >= 1541295) AND (id <= 1541394))

table 7 : explain SELECT SUM(k) FROM sbtest7 WHERE id BETWEEN 5036604 AND 5036703
	Aggregate  (cost=406.30..406.31 rows=1 width=8)
	  ->  Index Scan using sbtest7_pkey on sbtest7  (cost=0.43..406.04 rows=104 width=4)
	        Index Cond: ((id >= 5036604) AND (id <= 5036703))

table 8 : explain SELECT SUM(k) FROM sbtest8 WHERE id BETWEEN 2373000 AND 2373099
	Aggregate  (cost=408.69..408.70 rows=1 width=8)
	  ->  Index Scan using sbtest8_pkey on sbtest8  (cost=0.43..408.43 rows=105 width=4)
	        Index Cond: ((id >= 2373000) AND (id <= 2373099))

explain: for non_index_updates :: explain UPDATE sbtest%u SET c='foobar' WHERE id=%u
explain: for point_selects :: explain SELECT c FROM sbtest%u WHERE id=%u
for: sum_ranges
table 1 : explain SELECT SUM(k) FROM sbtest1 WHERE id BETWEEN 1214148 AND 1214247
	Aggregate  (cost=429.29..429.30 rows=1 width=8)
	  ->  Index Scan using sbtest1_pkey on sbtest1  (cost=0.43..429.01 rows=109 width=4)
	        Index Cond: ((id >= 1214148) AND (id <= 1214247))

table 2 : explain SELECT SUM(k) FROM sbtest2 WHERE id BETWEEN 3043498 AND 3043597
	Aggregate  (cost=425.37..425.38 rows=1 width=8)
	  ->  Index Scan using sbtest2_pkey on sbtest2  (cost=0.43..425.10 rows=108 width=4)
	        Index Cond: ((id >= 3043498) AND (id <= 3043597))

table 3 : explain SELECT SUM(k) FROM sbtest3 WHERE id BETWEEN 7624414 AND 7624513
	Aggregate  (cost=431.72..431.73 rows=1 width=8)
	  ->  Index Scan using sbtest3_pkey on sbtest3  (cost=0.43..431.44 rows=110 width=4)
	        Index Cond: ((id >= 7624414) AND (id <= 7624513))

table 4 : explain SELECT SUM(k) FROM sbtest4 WHERE id BETWEEN 9576278 AND 9576377
	Aggregate  (cost=400.32..400.33 rows=1 width=8)
	  ->  Index Scan using sbtest4_pkey on sbtest4  (cost=0.43..400.07 rows=102 width=4)
	        Index Cond: ((id >= 9576278) AND (id <= 9576377))

table 5 : explain SELECT SUM(k) FROM sbtest5 WHERE id BETWEEN 6070558 AND 6070657
	Aggregate  (cost=391.68..391.69 rows=1 width=8)
	  ->  Index Scan using sbtest5_pkey on sbtest5  (cost=0.43..391.43 rows=100 width=4)
	        Index Cond: ((id >= 6070558) AND (id <= 6070657))

table 6 : explain SELECT SUM(k) FROM sbtest6 WHERE id BETWEEN 4941844 AND 4941943
	Aggregate  (cost=365.99..366.00 rows=1 width=8)
	  ->  Index Scan using sbtest6_pkey on sbtest6  (cost=0.43..365.76 rows=93 width=4)
	        Index Cond: ((id >= 4941844) AND (id <= 4941943))

table 7 : explain SELECT SUM(k) FROM sbtest7 WHERE id BETWEEN 7236214 AND 7236313
	Aggregate  (cost=375.37..375.38 rows=1 width=8)
	  ->  Index Scan using sbtest7_pkey on sbtest7  (cost=0.43..375.13 rows=96 width=4)
	        Index Cond: ((id >= 7236214) AND (id <= 7236313))

table 8 : explain SELECT SUM(k) FROM sbtest8 WHERE id BETWEEN 33286 AND 33385
	Aggregate  (cost=370.18..370.19 rows=1 width=8)
	  ->  Index Scan using sbtest8_pkey on sbtest8  (cost=0.43..369.94 rows=95 width=4)
	        Index Cond: ((id >= 33286) AND (id <= 33385))

for point_selects
table 1 : explain SELECT c FROM sbtest1 WHERE id=1302620
	Index Scan using sbtest1_pkey on sbtest1  (cost=0.43..8.45 rows=1 width=121)
	  Index Cond: (id = 1302620)

table 2 : explain SELECT c FROM sbtest2 WHERE id=9595422
	Index Scan using sbtest2_pkey on sbtest2  (cost=0.43..8.45 rows=1 width=121)
	  Index Cond: (id = 9595422)

table 3 : explain SELECT c FROM sbtest3 WHERE id=2385051
	Index Scan using sbtest3_pkey on sbtest3  (cost=0.43..8.45 rows=1 width=121)
	  Index Cond: (id = 2385051)

table 4 : explain SELECT c FROM sbtest4 WHERE id=648605
	Index Scan using sbtest4_pkey on sbtest4  (cost=0.43..8.45 rows=1 width=121)
	  Index Cond: (id = 648605)

table 5 : explain SELECT c FROM sbtest5 WHERE id=8321678
	Index Scan using sbtest5_pkey on sbtest5  (cost=0.43..8.45 rows=1 width=121)
	  Index Cond: (id = 8321678)

table 6 : explain SELECT c FROM sbtest6 WHERE id=1739027
	Index Scan using sbtest6_pkey on sbtest6  (cost=0.43..8.45 rows=1 width=121)
	  Index Cond: (id = 1739027)

table 7 : explain SELECT c FROM sbtest7 WHERE id=2143646
	Index Scan using sbtest7_pkey on sbtest7  (cost=0.43..8.45 rows=1 width=121)
	  Index Cond: (id = 2143646)

table 8 : explain SELECT c FROM sbtest8 WHERE id=7130975
	Index Scan using sbtest8_pkey on sbtest8  (cost=0.43..8.45 rows=1 width=121)
	  Index Cond: (id = 7130975)

for: simple_ranges
table 1 : explain SELECT c FROM sbtest1 WHERE id BETWEEN 2033739 AND 2033838
	Index Scan using sbtest1_pkey on sbtest1  (cost=0.43..374.48 rows=95 width=121)
	  Index Cond: ((id >= 2033739) AND (id <= 2033838))

table 2 : explain SELECT c FROM sbtest2 WHERE id BETWEEN 3469683 AND 3469782
	Index Scan using sbtest2_pkey on sbtest2  (cost=0.43..429.00 rows=109 width=121)
	  Index Cond: ((id >= 3469683) AND (id <= 3469782))

table 3 : explain SELECT c FROM sbtest3 WHERE id BETWEEN 9277352 AND 9277451
	Index Scan using sbtest3_pkey on sbtest3  (cost=0.43..377.09 rows=96 width=121)
	  Index Cond: ((id >= 9277352) AND (id <= 9277451))

table 4 : explain SELECT c FROM sbtest4 WHERE id BETWEEN 6838024 AND 6838123
	Index Scan using sbtest4_pkey on sbtest4  (cost=0.43..388.44 rows=99 width=121)
	  Index Cond: ((id >= 6838024) AND (id <= 6838123))

table 5 : explain SELECT c FROM sbtest5 WHERE id BETWEEN 41656 AND 41755
	Index Scan using sbtest5_pkey on sbtest5  (cost=0.43..375.92 rows=96 width=121)
	  Index Cond: ((id >= 41656) AND (id <= 41755))

table 6 : explain SELECT c FROM sbtest6 WHERE id BETWEEN 4394573 AND 4394672
	Index Scan using sbtest6_pkey on sbtest6  (cost=0.43..400.74 rows=102 width=121)
	  Index Cond: ((id >= 4394573) AND (id <= 4394672))

table 7 : explain SELECT c FROM sbtest7 WHERE id BETWEEN 4030478 AND 4030577
	Index Scan using sbtest7_pkey on sbtest7  (cost=0.43..386.75 rows=99 width=121)
	  Index Cond: ((id >= 4030478) AND (id <= 4030577))

table 8 : explain SELECT c FROM sbtest8 WHERE id BETWEEN 7945058 AND 7945157
	Index Scan using sbtest8_pkey on sbtest8  (cost=0.43..366.10 rows=94 width=121)
	  Index Cond: ((id >= 7945058) AND (id <= 7945157))

for inserts
table 1 : explain INSERT INTO sbtest1 (id, k, c, pad) VALUES (4660196, 13, 'foobar', 'foobar')
	Insert on sbtest1  (cost=0.00..0.01 rows=0 width=0)
	  ->  Result  (cost=0.00..0.01 rows=1 width=736)

table 2 : explain INSERT INTO sbtest2 (id, k, c, pad) VALUES (8596500, 13, 'foobar', 'foobar')
	Insert on sbtest2  (cost=0.00..0.01 rows=0 width=0)
	  ->  Result  (cost=0.00..0.01 rows=1 width=736)

table 3 : explain INSERT INTO sbtest3 (id, k, c, pad) VALUES (6915579, 13, 'foobar', 'foobar')
	Insert on sbtest3  (cost=0.00..0.01 rows=0 width=0)
	  ->  Result  (cost=0.00..0.01 rows=1 width=736)

table 4 : explain INSERT INTO sbtest4 (id, k, c, pad) VALUES (5047417, 13, 'foobar', 'foobar')
	Insert on sbtest4  (cost=0.00..0.01 rows=0 width=0)
	  ->  Result  (cost=0.00..0.01 rows=1 width=736)

table 5 : explain INSERT INTO sbtest5 (id, k, c, pad) VALUES (3687450, 13, 'foobar', 'foobar')
	Insert on sbtest5  (cost=0.00..0.01 rows=0 width=0)
	  ->  Result  (cost=0.00..0.01 rows=1 width=736)

table 6 : explain INSERT INTO sbtest6 (id, k, c, pad) VALUES (189269, 13, 'foobar', 'foobar')
	Insert on sbtest6  (cost=0.00..0.01 rows=0 width=0)
	  ->  Result  (cost=0.00..0.01 rows=1 width=736)

table 7 : explain INSERT INTO sbtest7 (id, k, c, pad) VALUES (9013836, 13, 'foobar', 'foobar')
	Insert on sbtest7  (cost=0.00..0.01 rows=0 width=0)
	  ->  Result  (cost=0.00..0.01 rows=1 width=736)

table 8 : explain INSERT INTO sbtest8 (id, k, c, pad) VALUES (5502290, 13, 'foobar', 'foobar')
	Insert on sbtest8  (cost=0.00..0.01 rows=0 width=0)
	  ->  Result  (cost=0.00..0.01 rows=1 width=736)

for: simple_ranges
table 1 : explain SELECT c FROM sbtest1 WHERE id BETWEEN 1872012 AND 1872111
	Index Scan using sbtest1_pkey on sbtest1  (cost=0.43..413.44 rows=105 width=121)
	  Index Cond: ((id >= 1872012) AND (id <= 1872111))

table 2 : explain SELECT c FROM sbtest2 WHERE id BETWEEN 4725279 AND 4725378
	Index Scan using sbtest2_pkey on sbtest2  (cost=0.43..425.10 rows=108 width=121)
	  Index Cond: ((id >= 4725279) AND (id <= 4725378))

table 3 : explain SELECT c FROM sbtest3 WHERE id BETWEEN 6409971 AND 6410070
	Index Scan using sbtest3_pkey on sbtest3  (cost=0.43..396.53 rows=101 width=121)
	  Index Cond: ((id >= 6409971) AND (id <= 6410070))

table 4 : explain SELECT c FROM sbtest4 WHERE id BETWEEN 8832206 AND 8832305
	Index Scan using sbtest4_pkey on sbtest4  (cost=0.43..419.45 rows=107 width=121)
	  Index Cond: ((id >= 8832206) AND (id <= 8832305))

table 5 : explain SELECT c FROM sbtest5 WHERE id BETWEEN 4522765 AND 4522864
	Index Scan using sbtest5_pkey on sbtest5  (cost=0.43..379.79 rows=97 width=121)
	  Index Cond: ((id >= 4522765) AND (id <= 4522864))

table 6 : explain SELECT c FROM sbtest6 WHERE id BETWEEN 8045415 AND 8045514
	Index Scan using sbtest6_pkey on sbtest6  (cost=0.43..381.29 rows=97 width=121)
	  Index Cond: ((id >= 8045415) AND (id <= 8045514))

table 7 : explain SELECT c FROM sbtest7 WHERE id BETWEEN 9497541 AND 9497640
	Index Scan using sbtest7_pkey on sbtest7  (cost=0.43..336.54 rows=86 width=121)
	  Index Cond: ((id >= 9497541) AND (id <= 9497640))

table 8 : explain SELECT c FROM sbtest8 WHERE id BETWEEN 1373630 AND 1373729
	Index Scan using sbtest8_pkey on sbtest8  (cost=0.43..404.59 rows=104 width=121)
	  Index Cond: ((id >= 1373630) AND (id <= 1373729))

for point_selects
table 1 : explain SELECT c FROM sbtest1 WHERE id=8814180
	Index Scan using sbtest1_pkey on sbtest1  (cost=0.43..8.45 rows=1 width=121)
	  Index Cond: (id = 8814180)

table 2 : explain SELECT c FROM sbtest2 WHERE id=313485
	Index Scan using sbtest2_pkey on sbtest2  (cost=0.43..8.45 rows=1 width=121)
	  Index Cond: (id = 313485)

table 3 : explain SELECT c FROM sbtest3 WHERE id=5968202
	Index Scan using sbtest3_pkey on sbtest3  (cost=0.43..8.45 rows=1 width=121)
	  Index Cond: (id = 5968202)

table 4 : explain SELECT c FROM sbtest4 WHERE id=644063
	Index Scan using sbtest4_pkey on sbtest4  (cost=0.43..8.45 rows=1 width=121)
	  Index Cond: (id = 644063)

table 5 : explain SELECT c FROM sbtest5 WHERE id=593344
	Index Scan using sbtest5_pkey on sbtest5  (cost=0.43..8.45 rows=1 width=121)
	  Index Cond: (id = 593344)

table 6 : explain SELECT c FROM sbtest6 WHERE id=2583424
	Index Scan using sbtest6_pkey on sbtest6  (cost=0.43..8.45 rows=1 width=121)
	  Index Cond: (id = 2583424)

table 7 : explain SELECT c FROM sbtest7 WHERE id=5634845
	Index Scan using sbtest7_pkey on sbtest7  (cost=0.43..8.45 rows=1 width=121)
	  Index Cond: (id = 5634845)

table 8 : explain SELECT c FROM sbtest8 WHERE id=2106062
	Index Scan using sbtest8_pkey on sbtest8  (cost=0.43..8.45 rows=1 width=121)
	  Index Cond: (id = 2106062)

for: sum_ranges
table 1 : explain SELECT SUM(k) FROM sbtest1 WHERE id BETWEEN 1743157 AND 1743256
	Aggregate  (cost=382.51..382.52 rows=1 width=8)
	  ->  Index Scan using sbtest1_pkey on sbtest1  (cost=0.43..382.26 rows=97 width=4)
	        Index Cond: ((id >= 1743157) AND (id <= 1743256))

table 2 : explain SELECT SUM(k) FROM sbtest2 WHERE id BETWEEN 3814194 AND 3814293
	Aggregate  (cost=386.39..386.40 rows=1 width=8)
	  ->  Index Scan using sbtest2_pkey on sbtest2  (cost=0.43..386.14 rows=98 width=4)
	        Index Cond: ((id >= 3814194) AND (id <= 3814293))

table 3 : explain SELECT SUM(k) FROM sbtest3 WHERE id BETWEEN 7152693 AND 7152792
	Aggregate  (cost=404.54..404.55 rows=1 width=8)
	  ->  Index Scan using sbtest3_pkey on sbtest3  (cost=0.43..404.28 rows=103 width=4)
	        Index Cond: ((id >= 7152693) AND (id <= 7152792))

table 4 : explain SELECT SUM(k) FROM sbtest4 WHERE id BETWEEN 2884269 AND 2884368
	Aggregate  (cost=427.47..427.48 rows=1 width=8)
	  ->  Index Scan using sbtest4_pkey on sbtest4  (cost=0.43..427.20 rows=109 width=4)
	        Index Cond: ((id >= 2884269) AND (id <= 2884368))

table 5 : explain SELECT SUM(k) FROM sbtest5 WHERE id BETWEEN 3377303 AND 3377402
	Aggregate  (cost=411.03..411.04 rows=1 width=8)
	  ->  Index Scan using sbtest5_pkey on sbtest5  (cost=0.43..410.77 rows=105 width=4)
	        Index Cond: ((id >= 3377303) AND (id <= 3377402))

table 6 : explain SELECT SUM(k) FROM sbtest6 WHERE id BETWEEN 6560490 AND 6560589
	Aggregate  (cost=408.77..408.78 rows=1 width=8)
	  ->  Index Scan using sbtest6_pkey on sbtest6  (cost=0.43..408.51 rows=104 width=4)
	        Index Cond: ((id >= 6560490) AND (id <= 6560589))

table 7 : explain SELECT SUM(k) FROM sbtest7 WHERE id BETWEEN 4801024 AND 4801123
	Aggregate  (cost=363.79..363.80 rows=1 width=8)
	  ->  Index Scan using sbtest7_pkey on sbtest7  (cost=0.43..363.56 rows=93 width=4)
	        Index Cond: ((id >= 4801024) AND (id <= 4801123))

table 8 : explain SELECT SUM(k) FROM sbtest8 WHERE id BETWEEN 8221294 AND 8221393
	Aggregate  (cost=370.18..370.19 rows=1 width=8)
	  ->  Index Scan using sbtest8_pkey on sbtest8  (cost=0.43..369.94 rows=95 width=4)
	        Index Cond: ((id >= 8221294) AND (id <= 8221393))

for non_index_updates
table 1 : explain UPDATE sbtest1 SET c='foobar' WHERE id=7605410
	Update on sbtest1  (cost=0.43..8.45 rows=0 width=0)
	  ->  Index Scan using sbtest1_pkey on sbtest1  (cost=0.43..8.45 rows=1 width=490)
	        Index Cond: (id = 7605410)

table 2 : explain UPDATE sbtest2 SET c='foobar' WHERE id=6266156
	Update on sbtest2  (cost=0.43..8.45 rows=0 width=0)
	  ->  Index Scan using sbtest2_pkey on sbtest2  (cost=0.43..8.45 rows=1 width=490)
	        Index Cond: (id = 6266156)

table 3 : explain UPDATE sbtest3 SET c='foobar' WHERE id=5631085
	Update on sbtest3  (cost=0.43..8.45 rows=0 width=0)
	  ->  Index Scan using sbtest3_pkey on sbtest3  (cost=0.43..8.45 rows=1 width=490)
	        Index Cond: (id = 5631085)

table 4 : explain UPDATE sbtest4 SET c='foobar' WHERE id=5737555
	Update on sbtest4  (cost=0.43..8.45 rows=0 width=0)
	  ->  Index Scan using sbtest4_pkey on sbtest4  (cost=0.43..8.45 rows=1 width=490)
	        Index Cond: (id = 5737555)

table 5 : explain UPDATE sbtest5 SET c='foobar' WHERE id=3100217
	Update on sbtest5  (cost=0.43..8.45 rows=0 width=0)
	  ->  Index Scan using sbtest5_pkey on sbtest5  (cost=0.43..8.45 rows=1 width=490)
	        Index Cond: (id = 3100217)

table 6 : explain UPDATE sbtest6 SET c='foobar' WHERE id=8525050
	Update on sbtest6  (cost=0.43..8.45 rows=0 width=0)
	  ->  Index Scan using sbtest6_pkey on sbtest6  (cost=0.43..8.45 rows=1 width=490)
	        Index Cond: (id = 8525050)

table 7 : explain UPDATE sbtest7 SET c='foobar' WHERE id=7014869
	Update on sbtest7  (cost=0.43..8.45 rows=0 width=0)
	  ->  Index Scan using sbtest7_pkey on sbtest7  (cost=0.43..8.45 rows=1 width=490)
	        Index Cond: (id = 7014869)

table 8 : explain UPDATE sbtest8 SET c='foobar' WHERE id=8094959
	Update on sbtest8  (cost=0.43..8.45 rows=0 width=0)
	  ->  Index Scan using sbtest8_pkey on sbtest8  (cost=0.43..8.45 rows=1 width=490)
	        Index Cond: (id = 8094959)

explain: for deletes :: explain DELETE FROM sbtest%u WHERE id=%u
for: order_ranges
table 1 : explain SELECT c FROM sbtest1 WHERE id BETWEEN 5157314 AND 5157413 ORDER BY c
	Sort  (cost=373.66..373.90 rows=94 width=121)
	  Sort Key: c
	  ->  Index Scan using sbtest1_pkey on sbtest1  (cost=0.43..370.58 rows=94 width=121)
	        Index Cond: ((id >= 5157314) AND (id <= 5157413))

table 2 : explain SELECT c FROM sbtest2 WHERE id BETWEEN 2264672 AND 2264771 ORDER BY c
	Sort  (cost=405.15..405.40 rows=102 width=121)
	  Sort Key: c
	  ->  Index Scan using sbtest2_pkey on sbtest2  (cost=0.43..401.74 rows=102 width=121)
	        Index Cond: ((id >= 2264672) AND (id <= 2264771))

table 3 : explain SELECT c FROM sbtest3 WHERE id BETWEEN 9508166 AND 9508265 ORDER BY c
	Sort  (cost=384.17..384.42 rows=97 width=121)
	  Sort Key: c
	  ->  Index Scan using sbtest3_pkey on sbtest3  (cost=0.43..380.97 rows=97 width=121)
	        Index Cond: ((id >= 9508166) AND (id <= 9508265))

table 4 : explain SELECT c FROM sbtest4 WHERE id BETWEEN 8164129 AND 8164228 ORDER BY c
	Sort  (cost=399.55..399.80 rows=101 width=121)
	  Sort Key: c
	  ->  Index Scan using sbtest4_pkey on sbtest4  (cost=0.43..396.19 rows=101 width=121)
	        Index Cond: ((id >= 8164129) AND (id <= 8164228))

table 5 : explain SELECT c FROM sbtest5 WHERE id BETWEEN 1904662 AND 1904761 ORDER BY c
	Sort  (cost=398.66..398.91 rows=101 width=121)
	  Sort Key: c
	  ->  Index Scan using sbtest5_pkey on sbtest5  (cost=0.43..395.30 rows=101 width=121)
	        Index Cond: ((id >= 1904662) AND (id <= 1904761))

table 6 : explain SELECT c FROM sbtest6 WHERE id BETWEEN 736432 AND 736531 ORDER BY c
	Sort  (cost=447.31..447.59 rows=113 width=121)
	  Sort Key: c
	  ->  Index Scan using sbtest6_pkey on sbtest6  (cost=0.43..443.46 rows=113 width=121)
	        Index Cond: ((id >= 736432) AND (id <= 736531))

table 7 : explain SELECT c FROM sbtest7 WHERE id BETWEEN 8874751 AND 8874850 ORDER BY c
	Sort  (cost=386.13..386.38 rows=98 width=121)
	  Sort Key: c
	  ->  Index Scan using sbtest7_pkey on sbtest7  (cost=0.43..382.89 rows=98 width=121)
	        Index Cond: ((id >= 8874751) AND (id <= 8874850))

table 8 : explain SELECT c FROM sbtest8 WHERE id BETWEEN 4992244 AND 4992343 ORDER BY c
	Sort  (cost=384.76..385.01 rows=98 width=121)
	  Sort Key: c
	  ->  Index Scan using sbtest8_pkey on sbtest8  (cost=0.43..381.52 rows=98 width=121)
	        Index Cond: ((id >= 4992244) AND (id <= 4992343))

for deletes
table 1 : explain DELETE FROM sbtest1 WHERE id=2177955
	Delete on sbtest1  (cost=0.43..8.45 rows=0 width=0)
	  ->  Index Scan using sbtest1_pkey on sbtest1  (cost=0.43..8.45 rows=1 width=6)
	        Index Cond: (id = 2177955)

table 2 : explain DELETE FROM sbtest2 WHERE id=3629777
	Delete on sbtest2  (cost=0.43..8.45 rows=0 width=0)
	  ->  Index Scan using sbtest2_pkey on sbtest2  (cost=0.43..8.45 rows=1 width=6)
	        Index Cond: (id = 3629777)

table 3 : explain DELETE FROM sbtest3 WHERE id=7305720
	Delete on sbtest3  (cost=0.43..8.45 rows=0 width=0)
	  ->  Index Scan using sbtest3_pkey on sbtest3  (cost=0.43..8.45 rows=1 width=6)
	        Index Cond: (id = 7305720)

table 4 : explain DELETE FROM sbtest4 WHERE id=5156361
	Delete on sbtest4  (cost=0.43..8.45 rows=0 width=0)
	  ->  Index Scan using sbtest4_pkey on sbtest4  (cost=0.43..8.45 rows=1 width=6)
	        Index Cond: (id = 5156361)

table 5 : explain DELETE FROM sbtest5 WHERE id=3314548
	Delete on sbtest5  (cost=0.43..8.45 rows=0 width=0)
	  ->  Index Scan using sbtest5_pkey on sbtest5  (cost=0.43..8.45 rows=1 width=6)
	        Index Cond: (id = 3314548)

table 6 : explain DELETE FROM sbtest6 WHERE id=7980635
	Delete on sbtest6  (cost=0.43..8.45 rows=0 width=0)
	  ->  Index Scan using sbtest6_pkey on sbtest6  (cost=0.43..8.45 rows=1 width=6)
	        Index Cond: (id = 7980635)

table 7 : explain DELETE FROM sbtest7 WHERE id=5145045
	Delete on sbtest7  (cost=0.43..8.45 rows=0 width=0)
	  ->  Index Scan using sbtest7_pkey on sbtest7  (cost=0.43..8.45 rows=1 width=6)
	        Index Cond: (id = 5145045)

table 8 : explain DELETE FROM sbtest8 WHERE id=5871651
	Delete on sbtest8  (cost=0.43..8.45 rows=0 width=0)
	  ->  Index Scan using sbtest8_pkey on sbtest8  (cost=0.43..8.45 rows=1 width=6)
	        Index Cond: (id = 5871651)

for point_selects
table 1 : explain SELECT c FROM sbtest1 WHERE id=2847923
	Index Scan using sbtest1_pkey on sbtest1  (cost=0.43..8.45 rows=1 width=121)
	  Index Cond: (id = 2847923)

table 2 : explain SELECT c FROM sbtest2 WHERE id=1204026
	Index Scan using sbtest2_pkey on sbtest2  (cost=0.43..8.45 rows=1 width=121)
	  Index Cond: (id = 1204026)

table 3 : explain SELECT c FROM sbtest3 WHERE id=6712403
	Index Scan using sbtest3_pkey on sbtest3  (cost=0.43..8.45 rows=1 width=121)
	  Index Cond: (id = 6712403)

table 4 : explain SELECT c FROM sbtest4 WHERE id=5516125
	Index Scan using sbtest4_pkey on sbtest4  (cost=0.43..8.45 rows=1 width=121)
	  Index Cond: (id = 5516125)

table 5 : explain SELECT c FROM sbtest5 WHERE id=6681518
	Index Scan using sbtest5_pkey on sbtest5  (cost=0.43..8.45 rows=1 width=121)
	  Index Cond: (id = 6681518)

table 6 : explain SELECT c FROM sbtest6 WHERE id=6742019
	Index Scan using sbtest6_pkey on sbtest6  (cost=0.43..8.45 rows=1 width=121)
	  Index Cond: (id = 6742019)

table 7 : explain SELECT c FROM sbtest7 WHERE id=7353216
	Index Scan using sbtest7_pkey on sbtest7  (cost=0.43..8.45 rows=1 width=121)
	  Index Cond: (id = 7353216)

table 8 : explain SELECT c FROM sbtest8 WHERE id=991154
	Index Scan using sbtest8_pkey on sbtest8  (cost=0.43..8.45 rows=1 width=121)
	  Index Cond: (id = 991154)

for: order_ranges
table 1 : explain SELECT c FROM sbtest1 WHERE id BETWEEN 1469745 AND 1469844 ORDER BY c
	Sort  (cost=444.51..444.79 rows=112 width=121)
	  Sort Key: c
	  ->  Index Scan using sbtest1_pkey on sbtest1  (cost=0.43..440.69 rows=112 width=121)
	        Index Cond: ((id >= 1469745) AND (id <= 1469844))

table 2 : explain SELECT c FROM sbtest2 WHERE id BETWEEN 6610120 AND 6610219 ORDER BY c
	Sort  (cost=361.85..362.08 rows=91 width=121)
	  Sort Key: c
	  ->  Index Scan using sbtest2_pkey on sbtest2  (cost=0.43..358.89 rows=91 width=121)
	        Index Cond: ((id >= 6610120) AND (id <= 6610219))

table 3 : explain SELECT c FROM sbtest3 WHERE id BETWEEN 874869 AND 874968 ORDER BY c
	Sort  (cost=411.65..411.91 rows=104 width=121)
	  Sort Key: c
	  ->  Index Scan using sbtest3_pkey on sbtest3  (cost=0.43..408.16 rows=104 width=121)
	        Index Cond: ((id >= 874869) AND (id <= 874968))

table 4 : explain SELECT c FROM sbtest4 WHERE id BETWEEN 5593367 AND 5593466 ORDER BY c
	Sort  (cost=407.38..407.64 rows=103 width=121)
	  Sort Key: c
	  ->  Index Scan using sbtest4_pkey on sbtest4  (cost=0.43..403.94 rows=103 width=121)
	        Index Cond: ((id >= 5593367) AND (id <= 5593466))

table 5 : explain SELECT c FROM sbtest5 WHERE id BETWEEN 9394694 AND 9394793 ORDER BY c
	Sort  (cost=410.39..410.65 rows=104 width=121)
	  Sort Key: c
	  ->  Index Scan using sbtest5_pkey on sbtest5  (cost=0.43..406.90 rows=104 width=121)
	        Index Cond: ((id >= 9394694) AND (id <= 9394793))

table 6 : explain SELECT c FROM sbtest6 WHERE id BETWEEN 5743200 AND 5743299 ORDER BY c
	Sort  (cost=384.50..384.74 rows=97 width=121)
	  Sort Key: c
	  ->  Index Scan using sbtest6_pkey on sbtest6  (cost=0.43..381.29 rows=97 width=121)
	        Index Cond: ((id >= 5743200) AND (id <= 5743299))

table 7 : explain SELECT c FROM sbtest7 WHERE id BETWEEN 1035063 AND 1035162 ORDER BY c
	Sort  (cost=425.13..425.40 rows=108 width=121)
	  Sort Key: c
	  ->  Index Scan using sbtest7_pkey on sbtest7  (cost=0.43..421.48 rows=108 width=121)
	        Index Cond: ((id >= 1035063) AND (id <= 1035162))

table 8 : explain SELECT c FROM sbtest8 WHERE id BETWEEN 3095659 AND 3095758 ORDER BY c
	Sort  (cost=376.95..377.19 rows=96 width=121)
	  Sort Key: c
	  ->  Index Scan using sbtest8_pkey on sbtest8  (cost=0.43..373.79 rows=96 width=121)
	        Index Cond: ((id >= 3095659) AND (id <= 3095758))

for: sum_ranges
table 1 : explain SELECT SUM(k) FROM sbtest1 WHERE id BETWEEN 2491345 AND 2491444
	Aggregate  (cost=409.81..409.82 rows=1 width=8)
	  ->  Index Scan using sbtest1_pkey on sbtest1  (cost=0.43..409.55 rows=104 width=4)
	        Index Cond: ((id >= 2491345) AND (id <= 2491444))

table 2 : explain SELECT SUM(k) FROM sbtest2 WHERE id BETWEEN 2430044 AND 2430143
	Aggregate  (cost=374.70..374.71 rows=1 width=8)
	  ->  Index Scan using sbtest2_pkey on sbtest2  (cost=0.43..374.46 rows=95 width=4)
	        Index Cond: ((id >= 2430044) AND (id <= 2430143))

table 3 : explain SELECT SUM(k) FROM sbtest3 WHERE id BETWEEN 9974153 AND 9974252
	Aggregate  (cost=385.10..385.11 rows=1 width=8)
	  ->  Index Scan using sbtest3_pkey on sbtest3  (cost=0.43..384.85 rows=98 width=4)
	        Index Cond: ((id >= 9974153) AND (id <= 9974252))

table 4 : explain SELECT SUM(k) FROM sbtest4 WHERE id BETWEEN 9486155 AND 9486254
	Aggregate  (cost=369.25..369.26 rows=1 width=8)
	  ->  Index Scan using sbtest4_pkey on sbtest4  (cost=0.43..369.02 rows=94 width=4)
	        Index Cond: ((id >= 9486155) AND (id <= 9486254))

table 5 : explain SELECT SUM(k) FROM sbtest5 WHERE id BETWEEN 8661391 AND 8661490
	Aggregate  (cost=426.51..426.52 rows=1 width=8)
	  ->  Index Scan using sbtest5_pkey on sbtest5  (cost=0.43..426.24 rows=109 width=4)
	        Index Cond: ((id >= 8661391) AND (id <= 8661490))

table 6 : explain SELECT SUM(k) FROM sbtest6 WHERE id BETWEEN 5684788 AND 5684887
	Aggregate  (cost=389.34..389.35 rows=1 width=8)
	  ->  Index Scan using sbtest6_pkey on sbtest6  (cost=0.43..389.09 rows=99 width=4)
	        Index Cond: ((id >= 5684788) AND (id <= 5684887))

table 7 : explain SELECT SUM(k) FROM sbtest7 WHERE id BETWEEN 7561252 AND 7561351
	Aggregate  (cost=429.47..429.48 rows=1 width=8)
	  ->  Index Scan using sbtest7_pkey on sbtest7  (cost=0.43..429.20 rows=110 width=4)
	        Index Cond: ((id >= 7561252) AND (id <= 7561351))

table 8 : explain SELECT SUM(k) FROM sbtest8 WHERE id BETWEEN 3134267 AND 3134366
	Aggregate  (cost=374.03..374.04 rows=1 width=8)
	  ->  Index Scan using sbtest8_pkey on sbtest8  (cost=0.43..373.79 rows=96 width=4)
	        Index Cond: ((id >= 3134267) AND (id <= 3134366))

for: order_ranges
table 1 : explain SELECT c FROM sbtest1 WHERE id BETWEEN 1671196 AND 1671295 ORDER BY c
	Sort  (cost=381.53..381.77 rows=96 width=121)
	  Sort Key: c
	  ->  Index Scan using sbtest1_pkey on sbtest1  (cost=0.43..378.37 rows=96 width=121)
	        Index Cond: ((id >= 1671196) AND (id <= 1671295))

table 2 : explain SELECT c FROM sbtest2 WHERE id BETWEEN 2346531 AND 2346630 ORDER BY c
	Sort  (cost=405.15..405.40 rows=102 width=121)
	  Sort Key: c
	  ->  Index Scan using sbtest2_pkey on sbtest2  (cost=0.43..401.74 rows=102 width=121)
	        Index Cond: ((id >= 2346531) AND (id <= 2346630))

table 3 : explain SELECT c FROM sbtest3 WHERE id BETWEEN 6149206 AND 6149305 ORDER BY c
	Sort  (cost=372.41..372.65 rows=94 width=121)
	  Sort Key: c
	  ->  Index Scan using sbtest3_pkey on sbtest3  (cost=0.43..369.33 rows=94 width=121)
	        Index Cond: ((id >= 6149206) AND (id <= 6149305))

table 4 : explain SELECT c FROM sbtest4 WHERE id BETWEEN 7485939 AND 7486038 ORDER BY c
	Sort  (cost=403.47..403.72 rows=102 width=121)
	  Sort Key: c
	  ->  Index Scan using sbtest4_pkey on sbtest4  (cost=0.43..400.07 rows=102 width=121)
	        Index Cond: ((id >= 7485939) AND (id <= 7486038))

table 5 : explain SELECT c FROM sbtest5 WHERE id BETWEEN 573320 AND 573419 ORDER BY c
	Sort  (cost=375.18..375.42 rows=95 width=121)
	  Sort Key: c
	  ->  Index Scan using sbtest5_pkey on sbtest5  (cost=0.43..372.06 rows=95 width=121)
	        Index Cond: ((id >= 573320) AND (id <= 573419))

table 6 : explain SELECT c FROM sbtest6 WHERE id BETWEEN 9704311 AND 9704410 ORDER BY c
	Sort  (cost=341.34..341.56 rows=86 width=121)
	  Sort Key: c
	  ->  Index Scan using sbtest6_pkey on sbtest6  (cost=0.43..338.58 rows=86 width=121)
	        Index Cond: ((id >= 9704311) AND (id <= 9704410))

table 7 : explain SELECT c FROM sbtest7 WHERE id BETWEEN 891209 AND 891308 ORDER BY c
	Sort  (cost=393.93..394.18 rows=100 width=121)
	  Sort Key: c
	  ->  Index Scan using sbtest7_pkey on sbtest7  (cost=0.43..390.61 rows=100 width=121)
	        Index Cond: ((id >= 891209) AND (id <= 891308))

table 8 : explain SELECT c FROM sbtest8 WHERE id BETWEEN 3659812 AND 3659911 ORDER BY c
	Sort  (cost=373.06..373.30 rows=95 width=121)
	  Sort Key: c
	  ->  Index Scan using sbtest8_pkey on sbtest8  (cost=0.43..369.94 rows=95 width=121)
	        Index Cond: ((id >= 3659812) AND (id <= 3659911))

for: sum_ranges
table 1 : explain SELECT SUM(k) FROM sbtest1 WHERE id BETWEEN 1835828 AND 1835927
	Aggregate  (cost=413.70..413.71 rows=1 width=8)
	  ->  Index Scan using sbtest1_pkey on sbtest1  (cost=0.43..413.44 rows=105 width=4)
	        Index Cond: ((id >= 1835828) AND (id <= 1835927))

table 2 : explain SELECT SUM(k) FROM sbtest2 WHERE id BETWEEN 1316283 AND 1316382
	Aggregate  (cost=417.58..417.59 rows=1 width=8)
	  ->  Index Scan using sbtest2_pkey on sbtest2  (cost=0.43..417.32 rows=106 width=4)
	        Index Cond: ((id >= 1316283) AND (id <= 1316382))

table 3 : explain SELECT SUM(k) FROM sbtest3 WHERE id BETWEEN 6789570 AND 6789669
	Aggregate  (cost=381.21..381.22 rows=1 width=8)
	  ->  Index Scan using sbtest3_pkey on sbtest3  (cost=0.43..380.97 rows=97 width=4)
	        Index Cond: ((id >= 6789570) AND (id <= 6789669))

table 4 : explain SELECT SUM(k) FROM sbtest4 WHERE id BETWEEN 6936821 AND 6936920
	Aggregate  (cost=380.89..380.90 rows=1 width=8)
	  ->  Index Scan using sbtest4_pkey on sbtest4  (cost=0.43..380.65 rows=97 width=4)
	        Index Cond: ((id >= 6936821) AND (id <= 6936920))

table 5 : explain SELECT SUM(k) FROM sbtest5 WHERE id BETWEEN 6402693 AND 6402792
	Aggregate  (cost=407.16..407.17 rows=1 width=8)
	  ->  Index Scan using sbtest5_pkey on sbtest5  (cost=0.43..406.90 rows=104 width=4)
	        Index Cond: ((id >= 6402693) AND (id <= 6402792))

table 6 : explain SELECT SUM(k) FROM sbtest6 WHERE id BETWEEN 656245 AND 656344
	Aggregate  (cost=401.00..401.01 rows=1 width=8)
	  ->  Index Scan using sbtest6_pkey on sbtest6  (cost=0.43..400.74 rows=102 width=4)
	        Index Cond: ((id >= 656245) AND (id <= 656344))

table 7 : explain SELECT SUM(k) FROM sbtest7 WHERE id BETWEEN 4123777 AND 4123876
	Aggregate  (cost=359.93..359.94 rows=1 width=8)
	  ->  Index Scan using sbtest7_pkey on sbtest7  (cost=0.43..359.70 rows=92 width=4)
	        Index Cond: ((id >= 4123777) AND (id <= 4123876))

table 8 : explain SELECT SUM(k) FROM sbtest8 WHERE id BETWEEN 4731445 AND 4731544
	Aggregate  (cost=381.76..381.77 rows=1 width=8)
	  ->  Index Scan using sbtest8_pkey on sbtest8  (cost=0.43..381.52 rows=98 width=4)
	        Index Cond: ((id >= 4731445) AND (id <= 4731544))

for: order_ranges
table 1 : explain SELECT c FROM sbtest1 WHERE id BETWEEN 8844470 AND 8844569 ORDER BY c
	Sort  (cost=369.73..369.96 rows=93 width=121)
	  Sort Key: c
	  ->  Index Scan using sbtest1_pkey on sbtest1  (cost=0.43..366.69 rows=93 width=121)
	        Index Cond: ((id >= 8844470) AND (id <= 8844569))

table 2 : explain SELECT c FROM sbtest2 WHERE id BETWEEN 7189604 AND 7189703 ORDER BY c
	Sort  (cost=405.15..405.40 rows=102 width=121)
	  Sort Key: c
	  ->  Index Scan using sbtest2_pkey on sbtest2  (cost=0.43..401.74 rows=102 width=121)
	        Index Cond: ((id >= 7189604) AND (id <= 7189703))

table 3 : explain SELECT c FROM sbtest3 WHERE id BETWEEN 2787527 AND 2787626 ORDER BY c
	Sort  (cost=431.25..431.52 rows=109 width=121)
	  Sort Key: c
	  ->  Index Scan using sbtest3_pkey on sbtest3  (cost=0.43..427.56 rows=109 width=121)
	        Index Cond: ((id >= 2787527) AND (id <= 2787626))

table 4 : explain SELECT c FROM sbtest4 WHERE id BETWEEN 3140729 AND 3140828 ORDER BY c
	Sort  (cost=419.14..419.40 rows=106 width=121)
	  Sort Key: c
	  ->  Index Scan using sbtest4_pkey on sbtest4  (cost=0.43..415.57 rows=106 width=121)
	        Index Cond: ((id >= 3140729) AND (id <= 3140828))

table 5 : explain SELECT c FROM sbtest5 WHERE id BETWEEN 8449373 AND 8449472 ORDER BY c
	Sort  (cost=390.85..391.09 rows=99 width=121)
	  Sort Key: c
	  ->  Index Scan using sbtest5_pkey on sbtest5  (cost=0.43..387.56 rows=99 width=121)
	        Index Cond: ((id >= 8449373) AND (id <= 8449472))

table 6 : explain SELECT c FROM sbtest6 WHERE id BETWEEN 7313210 AND 7313309 ORDER BY c
	Sort  (cost=384.50..384.74 rows=97 width=121)
	  Sort Key: c
	  ->  Index Scan using sbtest6_pkey on sbtest6  (cost=0.43..381.29 rows=97 width=121)
	        Index Cond: ((id >= 7313210) AND (id <= 7313309))

table 7 : explain SELECT c FROM sbtest7 WHERE id BETWEEN 3996132 AND 3996231 ORDER BY c
	Sort  (cost=390.03..390.28 rows=99 width=121)
	  Sort Key: c
	  ->  Index Scan using sbtest7_pkey on sbtest7  (cost=0.43..386.75 rows=99 width=121)
	        Index Cond: ((id >= 3996132) AND (id <= 3996231))

table 8 : explain SELECT c FROM sbtest8 WHERE id BETWEEN 96071 AND 96170 ORDER BY c
	Sort  (cost=373.06..373.30 rows=95 width=121)
	  Sort Key: c
	  ->  Index Scan using sbtest8_pkey on sbtest8  (cost=0.43..369.94 rows=95 width=121)
	        Index Cond: ((id >= 96071) AND (id <= 96170))

explain: for inserts :: explain INSERT INTO sbtest%u (id, k, c, pad) VALUES (%u, 13, 'foobar', 'foobar')
for point_selects
table 1 : explain SELECT c FROM sbtest1 WHERE id=6990972
	Index Scan using sbtest1_pkey on sbtest1  (cost=0.43..8.45 rows=1 width=121)
	  Index Cond: (id = 6990972)

table 2 : explain SELECT c FROM sbtest2 WHERE id=2082192
	Index Scan using sbtest2_pkey on sbtest2  (cost=0.43..8.45 rows=1 width=121)
	  Index Cond: (id = 2082192)

table 3 : explain SELECT c FROM sbtest3 WHERE id=666386
	Index Scan using sbtest3_pkey on sbtest3  (cost=0.43..8.45 rows=1 width=121)
	  Index Cond: (id = 666386)

table 4 : explain SELECT c FROM sbtest4 WHERE id=351156
	Index Scan using sbtest4_pkey on sbtest4  (cost=0.43..8.45 rows=1 width=121)
	  Index Cond: (id = 351156)

table 5 : explain SELECT c FROM sbtest5 WHERE id=6383238
	Index Scan using sbtest5_pkey on sbtest5  (cost=0.43..8.45 rows=1 width=121)
	  Index Cond: (id = 6383238)

table 6 : explain SELECT c FROM sbtest6 WHERE id=7917905
	Index Scan using sbtest6_pkey on sbtest6  (cost=0.43..8.45 rows=1 width=121)
	  Index Cond: (id = 7917905)

table 7 : explain SELECT c FROM sbtest7 WHERE id=8794521
	Index Scan using sbtest7_pkey on sbtest7  (cost=0.43..8.45 rows=1 width=121)
	  Index Cond: (id = 8794521)

table 8 : explain SELECT c FROM sbtest8 WHERE id=9312985
	Index Scan using sbtest8_pkey on sbtest8  (cost=0.43..8.45 rows=1 width=121)
	  Index Cond: (id = 9312985)

for inserts
table 1 : explain INSERT INTO sbtest1 (id, k, c, pad) VALUES (3198588, 13, 'foobar', 'foobar')
	Insert on sbtest1  (cost=0.00..0.01 rows=0 width=0)
	  ->  Result  (cost=0.00..0.01 rows=1 width=736)

table 2 : explain INSERT INTO sbtest2 (id, k, c, pad) VALUES (7617651, 13, 'foobar', 'foobar')
	Insert on sbtest2  (cost=0.00..0.01 rows=0 width=0)
	  ->  Result  (cost=0.00..0.01 rows=1 width=736)

table 3 : explain INSERT INTO sbtest3 (id, k, c, pad) VALUES (6371232, 13, 'foobar', 'foobar')
	Insert on sbtest3  (cost=0.00..0.01 rows=0 width=0)
	  ->  Result  (cost=0.00..0.01 rows=1 width=736)

table 4 : explain INSERT INTO sbtest4 (id, k, c, pad) VALUES (8292776, 13, 'foobar', 'foobar')
	Insert on sbtest4  (cost=0.00..0.01 rows=0 width=0)
	  ->  Result  (cost=0.00..0.01 rows=1 width=736)

table 5 : explain INSERT INTO sbtest5 (id, k, c, pad) VALUES (2530686, 13, 'foobar', 'foobar')
	Insert on sbtest5  (cost=0.00..0.01 rows=0 width=0)
	  ->  Result  (cost=0.00..0.01 rows=1 width=736)

table 6 : explain INSERT INTO sbtest6 (id, k, c, pad) VALUES (1656077, 13, 'foobar', 'foobar')
	Insert on sbtest6  (cost=0.00..0.01 rows=0 width=0)
	  ->  Result  (cost=0.00..0.01 rows=1 width=736)

table 7 : explain INSERT INTO sbtest7 (id, k, c, pad) VALUES (5984409, 13, 'foobar', 'foobar')
	Insert on sbtest7  (cost=0.00..0.01 rows=0 width=0)
	  ->  Result  (cost=0.00..0.01 rows=1 width=736)

table 8 : explain INSERT INTO sbtest8 (id, k, c, pad) VALUES (3294256, 13, 'foobar', 'foobar')
	Insert on sbtest8  (cost=0.00..0.01 rows=0 width=0)
	  ->  Result  (cost=0.00..0.01 rows=1 width=736)

for: simple_ranges
table 1 : explain SELECT c FROM sbtest1 WHERE id BETWEEN 2362838 AND 2362937
	Index Scan using sbtest1_pkey on sbtest1  (cost=0.43..390.05 rows=99 width=121)
	  Index Cond: ((id >= 2362838) AND (id <= 2362937))

table 2 : explain SELECT c FROM sbtest2 WHERE id BETWEEN 5262404 AND 5262503
	Index Scan using sbtest2_pkey on sbtest2  (cost=0.43..393.96 rows=100 width=121)
	  Index Cond: ((id >= 5262404) AND (id <= 5262503))

table 3 : explain SELECT c FROM sbtest3 WHERE id BETWEEN 1973573 AND 1973672
	Index Scan using sbtest3_pkey on sbtest3  (cost=0.43..384.85 rows=98 width=121)
	  Index Cond: ((id >= 1973573) AND (id <= 1973672))

table 4 : explain SELECT c FROM sbtest4 WHERE id BETWEEN 6001805 AND 6001904
	Index Scan using sbtest4_pkey on sbtest4  (cost=0.43..403.94 rows=103 width=121)
	  Index Cond: ((id >= 6001805) AND (id <= 6001904))

table 5 : explain SELECT c FROM sbtest5 WHERE id BETWEEN 6758506 AND 6758605
	Index Scan using sbtest5_pkey on sbtest5  (cost=0.43..406.90 rows=104 width=121)
	  Index Cond: ((id >= 6758506) AND (id <= 6758605))

table 6 : explain SELECT c FROM sbtest6 WHERE id BETWEEN 6913995 AND 6914094
	Index Scan using sbtest6_pkey on sbtest6  (cost=0.43..389.09 rows=99 width=121)
	  Index Cond: ((id >= 6913995) AND (id <= 6914094))

table 7 : explain SELECT c FROM sbtest7 WHERE id BETWEEN 5606700 AND 5606799
	Index Scan using sbtest7_pkey on sbtest7  (cost=0.43..375.13 rows=96 width=121)
	  Index Cond: ((id >= 5606700) AND (id <= 5606799))

table 8 : explain SELECT c FROM sbtest8 WHERE id BETWEEN 987840 AND 987939
	Index Scan using sbtest8_pkey on sbtest8  (cost=0.43..416.12 rows=107 width=121)
	  Index Cond: ((id >= 987840) AND (id <= 987939))

for point_selects
table 1 : explain SELECT c FROM sbtest1 WHERE id=8497456
	Index Scan using sbtest1_pkey on sbtest1  (cost=0.43..8.45 rows=1 width=121)
	  Index Cond: (id = 8497456)

table 2 : explain SELECT c FROM sbtest2 WHERE id=3963954
	Index Scan using sbtest2_pkey on sbtest2  (cost=0.43..8.45 rows=1 width=121)
	  Index Cond: (id = 3963954)

table 3 : explain SELECT c FROM sbtest3 WHERE id=3432399
	Index Scan using sbtest3_pkey on sbtest3  (cost=0.43..8.45 rows=1 width=121)
	  Index Cond: (id = 3432399)

table 4 : explain SELECT c FROM sbtest4 WHERE id=241808
	Index Scan using sbtest4_pkey on sbtest4  (cost=0.43..8.45 rows=1 width=121)
	  Index Cond: (id = 241808)

table 5 : explain SELECT c FROM sbtest5 WHERE id=4163693
	Index Scan using sbtest5_pkey on sbtest5  (cost=0.43..8.45 rows=1 width=121)
	  Index Cond: (id = 4163693)

table 6 : explain SELECT c FROM sbtest6 WHERE id=6073384
	Index Scan using sbtest6_pkey on sbtest6  (cost=0.43..8.45 rows=1 width=121)
	  Index Cond: (id = 6073384)

table 7 : explain SELECT c FROM sbtest7 WHERE id=6703282
	Index Scan using sbtest7_pkey on sbtest7  (cost=0.43..8.45 rows=1 width=121)
	  Index Cond: (id = 6703282)

table 8 : explain SELECT c FROM sbtest8 WHERE id=2344312
	Index Scan using sbtest8_pkey on sbtest8  (cost=0.43..8.45 rows=1 width=121)
	  Index Cond: (id = 2344312)

for: order_ranges
table 1 : explain SELECT c FROM sbtest1 WHERE id BETWEEN 9404093 AND 9404192 ORDER BY c
	Sort  (cost=416.97..417.23 rows=105 width=121)
	  Sort Key: c
	  ->  Index Scan using sbtest1_pkey on sbtest1  (cost=0.43..413.44 rows=105 width=121)
	        Index Cond: ((id >= 9404093) AND (id <= 9404192))

table 2 : explain SELECT c FROM sbtest2 WHERE id BETWEEN 7396665 AND 7396764 ORDER BY c
	Sort  (cost=397.28..397.53 rows=100 width=121)
	  Sort Key: c
	  ->  Index Scan using sbtest2_pkey on sbtest2  (cost=0.43..393.96 rows=100 width=121)
	        Index Cond: ((id >= 7396665) AND (id <= 7396764))

table 3 : explain SELECT c FROM sbtest3 WHERE id BETWEEN 1579755 AND 1579854 ORDER BY c
	Sort  (cost=411.65..411.91 rows=104 width=121)
	  Sort Key: c
	  ->  Index Scan using sbtest3_pkey on sbtest3  (cost=0.43..408.16 rows=104 width=121)
	        Index Cond: ((id >= 1579755) AND (id <= 1579854))

table 4 : explain SELECT c FROM sbtest4 WHERE id BETWEEN 8864301 AND 8864400 ORDER BY c
	Sort  (cost=423.05..423.32 rows=107 width=121)
	  Sort Key: c
	  ->  Index Scan using sbtest4_pkey on sbtest4  (cost=0.43..419.45 rows=107 width=121)
	        Index Cond: ((id >= 8864301) AND (id <= 8864400))

table 5 : explain SELECT c FROM sbtest5 WHERE id BETWEEN 7044845 AND 7044944 ORDER BY c
	Sort  (cost=379.09..379.33 rows=96 width=121)
	  Sort Key: c
	  ->  Index Scan using sbtest5_pkey on sbtest5  (cost=0.43..375.92 rows=96 width=121)
	        Index Cond: ((id >= 7044845) AND (id <= 7044944))

table 6 : explain SELECT c FROM sbtest6 WHERE id BETWEEN 7395372 AND 7395471 ORDER BY c
	Sort  (cost=364.88..365.11 rows=92 width=121)
	  Sort Key: c
	  ->  Index Scan using sbtest6_pkey on sbtest6  (cost=0.43..361.88 rows=92 width=121)
	        Index Cond: ((id >= 7395372) AND (id <= 7395471))

table 7 : explain SELECT c FROM sbtest7 WHERE id BETWEEN 5534772 AND 5534871 ORDER BY c
	Sort  (cost=390.03..390.28 rows=99 width=121)
	  Sort Key: c
	  ->  Index Scan using sbtest7_pkey on sbtest7  (cost=0.43..386.75 rows=99 width=121)
	        Index Cond: ((id >= 5534772) AND (id <= 5534871))

table 8 : explain SELECT c FROM sbtest8 WHERE id BETWEEN 8702388 AND 8702487 ORDER BY c
	Sort  (cost=400.30..400.56 rows=102 width=121)
	  Sort Key: c
	  ->  Index Scan using sbtest8_pkey on sbtest8  (cost=0.43..396.90 rows=102 width=121)
	        Index Cond: ((id >= 8702388) AND (id <= 8702487))

for: distinct_ranges
table 1 : explain SELECT DISTINCT c FROM sbtest1 WHERE id BETWEEN 6835883 AND 6835982 ORDER BY c
	Unique  (cost=409.10..409.61 rows=103 width=121)
	  ->  Sort  (cost=409.10..409.36 rows=103 width=121)
	        Sort Key: c
	        ->  Index Scan using sbtest1_pkey on sbtest1  (cost=0.43..405.65 rows=103 width=121)
	              Index Cond: ((id >= 6835883) AND (id <= 6835982))

table 2 : explain SELECT DISTINCT c FROM sbtest2 WHERE id BETWEEN 6099671 AND 6099770 ORDER BY c
	Unique  (cost=428.75..429.29 rows=108 width=121)
	  ->  Sort  (cost=428.75..429.02 rows=108 width=121)
	        Sort Key: c
	        ->  Index Scan using sbtest2_pkey on sbtest2  (cost=0.43..425.10 rows=108 width=121)
	              Index Cond: ((id >= 6099671) AND (id <= 6099770))

table 3 : explain SELECT DISTINCT c FROM sbtest3 WHERE id BETWEEN 6832364 AND 6832463 ORDER BY c
	Unique  (cost=384.17..384.66 rows=97 width=121)
	  ->  Sort  (cost=384.17..384.42 rows=97 width=121)
	        Sort Key: c
	        ->  Index Scan using sbtest3_pkey on sbtest3  (cost=0.43..380.97 rows=97 width=121)
	              Index Cond: ((id >= 6832364) AND (id <= 6832463))

table 4 : explain SELECT DISTINCT c FROM sbtest4 WHERE id BETWEEN 3638059 AND 3638158 ORDER BY c
	Unique  (cost=403.47..403.98 rows=102 width=121)
	  ->  Sort  (cost=403.47..403.72 rows=102 width=121)
	        Sort Key: c
	        ->  Index Scan using sbtest4_pkey on sbtest4  (cost=0.43..400.07 rows=102 width=121)
	              Index Cond: ((id >= 3638059) AND (id <= 3638158))

table 5 : explain SELECT DISTINCT c FROM sbtest5 WHERE id BETWEEN 5048422 AND 5048521 ORDER BY c
	Unique  (cost=422.11..422.64 rows=107 width=121)
	  ->  Sort  (cost=422.11..422.38 rows=107 width=121)
	        Sort Key: c
	        ->  Index Scan using sbtest5_pkey on sbtest5  (cost=0.43..418.50 rows=107 width=121)
	              Index Cond: ((id >= 5048422) AND (id <= 5048521))

table 6 : explain SELECT DISTINCT c FROM sbtest6 WHERE id BETWEEN 6226169 AND 6226268 ORDER BY c
	Unique  (cost=400.22..400.73 rows=101 width=121)
	  ->  Sort  (cost=400.22..400.48 rows=101 width=121)
	        Sort Key: c
	        ->  Index Scan using sbtest6_pkey on sbtest6  (cost=0.43..396.86 rows=101 width=121)
	              Index Cond: ((id >= 6226169) AND (id <= 6226268))

table 7 : explain SELECT DISTINCT c FROM sbtest7 WHERE id BETWEEN 9477583 AND 9477682 ORDER BY c
	Unique  (cost=382.19..382.68 rows=97 width=121)
	  ->  Sort  (cost=382.19..382.43 rows=97 width=121)
	        Sort Key: c
	        ->  Index Scan using sbtest7_pkey on sbtest7  (cost=0.43..378.99 rows=97 width=121)
	              Index Cond: ((id >= 9477583) AND (id <= 9477682))

table 8 : explain SELECT DISTINCT c FROM sbtest8 WHERE id BETWEEN 6156837 AND 6156936 ORDER BY c
	Unique  (cost=404.19..404.70 rows=103 width=121)
	  ->  Sort  (cost=404.19..404.44 rows=103 width=121)
	        Sort Key: c
	        ->  Index Scan using sbtest8_pkey on sbtest8  (cost=0.43..400.74 rows=103 width=121)
	              Index Cond: ((id >= 6156837) AND (id <= 6156936))

for point_selects
table 1 : explain SELECT c FROM sbtest1 WHERE id=8538428
	Index Scan using sbtest1_pkey on sbtest1  (cost=0.43..8.45 rows=1 width=121)
	  Index Cond: (id = 8538428)

table 2 : explain SELECT c FROM sbtest2 WHERE id=7081309
	Index Scan using sbtest2_pkey on sbtest2  (cost=0.43..8.45 rows=1 width=121)
	  Index Cond: (id = 7081309)

table 3 : explain SELECT c FROM sbtest3 WHERE id=3521633
	Index Scan using sbtest3_pkey on sbtest3  (cost=0.43..8.45 rows=1 width=121)
	  Index Cond: (id = 3521633)

table 4 : explain SELECT c FROM sbtest4 WHERE id=8958365
	Index Scan using sbtest4_pkey on sbtest4  (cost=0.43..8.45 rows=1 width=121)
	  Index Cond: (id = 8958365)

table 5 : explain SELECT c FROM sbtest5 WHERE id=899169
	Index Scan using sbtest5_pkey on sbtest5  (cost=0.43..8.45 rows=1 width=121)
	  Index Cond: (id = 899169)

table 6 : explain SELECT c FROM sbtest6 WHERE id=621068
	Index Scan using sbtest6_pkey on sbtest6  (cost=0.43..8.45 rows=1 width=121)
	  Index Cond: (id = 621068)

table 7 : explain SELECT c FROM sbtest7 WHERE id=1551232
	Index Scan using sbtest7_pkey on sbtest7  (cost=0.43..8.45 rows=1 width=121)
	  Index Cond: (id = 1551232)

table 8 : explain SELECT c FROM sbtest8 WHERE id=5960566
	Index Scan using sbtest8_pkey on sbtest8  (cost=0.43..8.45 rows=1 width=121)
	  Index Cond: (id = 5960566)

for: order_ranges
table 1 : explain SELECT c FROM sbtest1 WHERE id BETWEEN 1921665 AND 1921764 ORDER BY c
	Sort  (cost=416.97..417.23 rows=105 width=121)
	  Sort Key: c
	  ->  Index Scan using sbtest1_pkey on sbtest1  (cost=0.43..413.44 rows=105 width=121)
	        Index Cond: ((id >= 1921665) AND (id <= 1921764))

table 2 : explain SELECT c FROM sbtest2 WHERE id BETWEEN 594602 AND 594701 ORDER BY c
	Sort  (cost=405.15..405.40 rows=102 width=121)
	  Sort Key: c
	  ->  Index Scan using sbtest2_pkey on sbtest2  (cost=0.43..401.74 rows=102 width=121)
	        Index Cond: ((id >= 594602) AND (id <= 594701))

table 3 : explain SELECT c FROM sbtest3 WHERE id BETWEEN 2160955 AND 2161054 ORDER BY c
	Sort  (cost=407.73..407.99 rows=103 width=121)
	  Sort Key: c
	  ->  Index Scan using sbtest3_pkey on sbtest3  (cost=0.43..404.28 rows=103 width=121)
	        Index Cond: ((id >= 2160955) AND (id <= 2161054))

table 4 : explain SELECT c FROM sbtest4 WHERE id BETWEEN 7131755 AND 7131854 ORDER BY c
	Sort  (cost=430.89..431.16 rows=109 width=121)
	  Sort Key: c
	  ->  Index Scan using sbtest4_pkey on sbtest4  (cost=0.43..427.20 rows=109 width=121)
	        Index Cond: ((id >= 7131755) AND (id <= 7131854))

table 5 : explain SELECT c FROM sbtest5 WHERE id BETWEEN 53108 AND 53207 ORDER BY c
	Sort  (cost=379.09..379.33 rows=96 width=121)
	  Sort Key: c
	  ->  Index Scan using sbtest5_pkey on sbtest5  (cost=0.43..375.92 rows=96 width=121)
	        Index Cond: ((id >= 53108) AND (id <= 53207))

table 6 : explain SELECT c FROM sbtest6 WHERE id BETWEEN 8285573 AND 8285672 ORDER BY c
	Sort  (cost=404.15..404.40 rows=102 width=121)
	  Sort Key: c
	  ->  Index Scan using sbtest6_pkey on sbtest6  (cost=0.43..400.74 rows=102 width=121)
	        Index Cond: ((id >= 8285573) AND (id <= 8285672))

table 7 : explain SELECT c FROM sbtest7 WHERE id BETWEEN 4535086 AND 4535185 ORDER BY c
	Sort  (cost=421.23..421.49 rows=107 width=121)
	  Sort Key: c
	  ->  Index Scan using sbtest7_pkey on sbtest7  (cost=0.43..417.62 rows=107 width=121)
	        Index Cond: ((id >= 4535086) AND (id <= 4535185))

table 8 : explain SELECT c FROM sbtest8 WHERE id BETWEEN 9002322 AND 9002421 ORDER BY c
	Sort  (cost=349.76..349.98 rows=89 width=121)
	  Sort Key: c
	  ->  Index Scan using sbtest8_pkey on sbtest8  (cost=0.43..346.87 rows=89 width=121)
	        Index Cond: ((id >= 9002322) AND (id <= 9002421))

for: simple_ranges
table 1 : explain SELECT c FROM sbtest1 WHERE id BETWEEN 3307075 AND 3307174
	Index Scan using sbtest1_pkey on sbtest1  (cost=0.43..366.69 rows=93 width=121)
	  Index Cond: ((id >= 3307075) AND (id <= 3307174))

table 2 : explain SELECT c FROM sbtest2 WHERE id BETWEEN 5244708 AND 5244807
	Index Scan using sbtest2_pkey on sbtest2  (cost=0.43..401.74 rows=102 width=121)
	  Index Cond: ((id >= 5244708) AND (id <= 5244807))

table 3 : explain SELECT c FROM sbtest3 WHERE id BETWEEN 696382 AND 696481
	Index Scan using sbtest3_pkey on sbtest3  (cost=0.43..380.97 rows=97 width=121)
	  Index Cond: ((id >= 696382) AND (id <= 696481))

table 4 : explain SELECT c FROM sbtest4 WHERE id BETWEEN 3589746 AND 3589845
	Index Scan using sbtest4_pkey on sbtest4  (cost=0.43..400.07 rows=102 width=121)
	  Index Cond: ((id >= 3589746) AND (id <= 3589845))

table 5 : explain SELECT c FROM sbtest5 WHERE id BETWEEN 5062471 AND 5062570
	Index Scan using sbtest5_pkey on sbtest5  (cost=0.43..418.50 rows=107 width=121)
	  Index Cond: ((id >= 5062471) AND (id <= 5062570))

table 6 : explain SELECT c FROM sbtest6 WHERE id BETWEEN 1274286 AND 1274385
	Index Scan using sbtest6_pkey on sbtest6  (cost=0.43..369.65 rows=94 width=121)
	  Index Cond: ((id >= 1274286) AND (id <= 1274385))

table 7 : explain SELECT c FROM sbtest7 WHERE id BETWEEN 9778326 AND 9778425
	Index Scan using sbtest7_pkey on sbtest7  (cost=0.43..382.89 rows=98 width=121)
	  Index Cond: ((id >= 9778326) AND (id <= 9778425))

table 8 : explain SELECT c FROM sbtest8 WHERE id BETWEEN 4585342 AND 4585441
	Index Scan using sbtest8_pkey on sbtest8  (cost=0.43..419.97 rows=108 width=121)
	  Index Cond: ((id >= 4585342) AND (id <= 4585441))

for point_selects
table 1 : explain SELECT c FROM sbtest1 WHERE id=1819177
	Index Scan using sbtest1_pkey on sbtest1  (cost=0.43..8.45 rows=1 width=121)
	  Index Cond: (id = 1819177)

table 2 : explain SELECT c FROM sbtest2 WHERE id=4207007
	Index Scan using sbtest2_pkey on sbtest2  (cost=0.43..8.45 rows=1 width=121)
	  Index Cond: (id = 4207007)

table 3 : explain SELECT c FROM sbtest3 WHERE id=9611915
	Index Scan using sbtest3_pkey on sbtest3  (cost=0.43..8.45 rows=1 width=121)
	  Index Cond: (id = 9611915)

table 4 : explain SELECT c FROM sbtest4 WHERE id=3925308
	Index Scan using sbtest4_pkey on sbtest4  (cost=0.43..8.45 rows=1 width=121)
	  Index Cond: (id = 3925308)

table 5 : explain SELECT c FROM sbtest5 WHERE id=73301
	Index Scan using sbtest5_pkey on sbtest5  (cost=0.43..8.45 rows=1 width=121)
	  Index Cond: (id = 73301)

table 6 : explain SELECT c FROM sbtest6 WHERE id=8165500
	Index Scan using sbtest6_pkey on sbtest6  (cost=0.43..8.45 rows=1 width=121)
	  Index Cond: (id = 8165500)

table 7 : explain SELECT c FROM sbtest7 WHERE id=2544864
	Index Scan using sbtest7_pkey on sbtest7  (cost=0.43..8.45 rows=1 width=121)
	  Index Cond: (id = 2544864)

table 8 : explain SELECT c FROM sbtest8 WHERE id=9865529
	Index Scan using sbtest8_pkey on sbtest8  (cost=0.43..8.45 rows=1 width=121)
	  Index Cond: (id = 9865529)

explain: for index_updates :: explain UPDATE sbtest%u SET k=k+1 WHERE id=%u
explain: for point_selects :: explain SELECT c FROM sbtest%u WHERE id=%u
explain: for point_selects :: explain SELECT c FROM sbtest%u WHERE id=%u
explain: for point_selects :: explain SELECT c FROM sbtest%u WHERE id=%u
for: simple_ranges
table 1 : explain SELECT c FROM sbtest1 WHERE id BETWEEN 5601026 AND 5601125
	Index Scan using sbtest1_pkey on sbtest1  (cost=0.43..386.16 rows=98 width=121)
	  Index Cond: ((id >= 5601026) AND (id <= 5601125))

table 2 : explain SELECT c FROM sbtest2 WHERE id BETWEEN 8270212 AND 8270311
	Index Scan using sbtest2_pkey on sbtest2  (cost=0.43..358.89 rows=91 width=121)
	  Index Cond: ((id >= 8270212) AND (id <= 8270311))

table 3 : explain SELECT c FROM sbtest3 WHERE id BETWEEN 1033602 AND 1033701
	Index Scan using sbtest3_pkey on sbtest3  (cost=0.43..404.28 rows=103 width=121)
	  Index Cond: ((id >= 1033602) AND (id <= 1033701))

table 4 : explain SELECT c FROM sbtest4 WHERE id BETWEEN 1261288 AND 1261387
	Index Scan using sbtest4_pkey on sbtest4  (cost=0.43..388.44 rows=99 width=121)
	  Index Cond: ((id >= 1261288) AND (id <= 1261387))

table 5 : explain SELECT c FROM sbtest5 WHERE id BETWEEN 6585111 AND 6585210
	Index Scan using sbtest5_pkey on sbtest5  (cost=0.43..391.43 rows=100 width=121)
	  Index Cond: ((id >= 6585111) AND (id <= 6585210))

table 6 : explain SELECT c FROM sbtest6 WHERE id BETWEEN 839998 AND 840097
	Index Scan using sbtest6_pkey on sbtest6  (cost=0.43..381.29 rows=97 width=121)
	  Index Cond: ((id >= 839998) AND (id <= 840097))

table 7 : explain SELECT c FROM sbtest7 WHERE id BETWEEN 9668467 AND 9668566
	Index Scan using sbtest7_pkey on sbtest7  (cost=0.43..379.03 rows=97 width=121)
	  Index Cond: ((id >= 9668467) AND (id <= 9668566))

table 8 : explain SELECT c FROM sbtest8 WHERE id BETWEEN 1459933 AND 1460032
	Index Scan using sbtest8_pkey on sbtest8  (cost=0.43..404.59 rows=104 width=121)
	  Index Cond: ((id >= 1459933) AND (id <= 1460032))

for: sum_ranges
table 1 : explain SELECT SUM(k) FROM sbtest1 WHERE id BETWEEN 8146261 AND 8146360
	Aggregate  (cost=355.24..355.25 rows=1 width=8)
	  ->  Index Scan using sbtest1_pkey on sbtest1  (cost=0.43..355.01 rows=90 width=4)
	        Index Cond: ((id >= 8146261) AND (id <= 8146360))

table 2 : explain SELECT SUM(k) FROM sbtest2 WHERE id BETWEEN 7249636 AND 7249735
	Aggregate  (cost=402.00..402.01 rows=1 width=8)
	  ->  Index Scan using sbtest2_pkey on sbtest2  (cost=0.43..401.74 rows=102 width=4)
	        Index Cond: ((id >= 7249636) AND (id <= 7249735))

table 3 : explain SELECT SUM(k) FROM sbtest3 WHERE id BETWEEN 3637813 AND 3637912
	Aggregate  (cost=365.69..365.70 rows=1 width=8)
	  ->  Index Scan using sbtest3_pkey on sbtest3  (cost=0.43..365.45 rows=93 width=4)
	        Index Cond: ((id >= 3637813) AND (id <= 3637912))

table 4 : explain SELECT SUM(k) FROM sbtest4 WHERE id BETWEEN 9146809 AND 9146908
	Aggregate  (cost=423.59..423.60 rows=1 width=8)
	  ->  Index Scan using sbtest4_pkey on sbtest4  (cost=0.43..423.32 rows=108 width=4)
	        Index Cond: ((id >= 9146809) AND (id <= 9146908))

table 5 : explain SELECT SUM(k) FROM sbtest5 WHERE id BETWEEN 9578393 AND 9578492
	Aggregate  (cost=395.55..395.56 rows=1 width=8)
	  ->  Index Scan using sbtest5_pkey on sbtest5  (cost=0.43..395.30 rows=101 width=4)
	        Index Cond: ((id >= 9578393) AND (id <= 9578492))

table 6 : explain SELECT SUM(k) FROM sbtest6 WHERE id BETWEEN 1647176 AND 1647275
	Aggregate  (cost=397.11..397.12 rows=1 width=8)
	  ->  Index Scan using sbtest6_pkey on sbtest6  (cost=0.43..396.86 rows=101 width=4)
	        Index Cond: ((id >= 1647176) AND (id <= 1647275))

table 7 : explain SELECT SUM(k) FROM sbtest7 WHERE id BETWEEN 5013914 AND 5014013
	Aggregate  (cost=406.30..406.31 rows=1 width=8)
	  ->  Index Scan using sbtest7_pkey on sbtest7  (cost=0.43..406.04 rows=104 width=4)
	        Index Cond: ((id >= 5013914) AND (id <= 5014013))

table 8 : explain SELECT SUM(k) FROM sbtest8 WHERE id BETWEEN 4252665 AND 4252764
	Aggregate  (cost=389.46..389.47 rows=1 width=8)
	  ->  Index Scan using sbtest8_pkey on sbtest8  (cost=0.43..389.21 rows=100 width=4)
	        Index Cond: ((id >= 4252665) AND (id <= 4252764))

for: order_ranges
table 1 : explain SELECT c FROM sbtest1 WHERE id BETWEEN 6508115 AND 6508214 ORDER BY c
	Sort  (cost=397.27..397.52 rows=100 width=121)
	  Sort Key: c
	  ->  Index Scan using sbtest1_pkey on sbtest1  (cost=0.43..393.94 rows=100 width=121)
	        Index Cond: ((id >= 6508115) AND (id <= 6508214))

table 2 : explain SELECT c FROM sbtest2 WHERE id BETWEEN 7382084 AND 7382183 ORDER BY c
	Sort  (cost=397.28..397.53 rows=100 width=121)
	  Sort Key: c
	  ->  Index Scan using sbtest2_pkey on sbtest2  (cost=0.43..393.96 rows=100 width=121)
	        Index Cond: ((id >= 7382084) AND (id <= 7382183))

table 3 : explain SELECT c FROM sbtest3 WHERE id BETWEEN 888025 AND 888124 ORDER BY c
	Sort  (cost=376.33..376.57 rows=95 width=121)
	  Sort Key: c
	  ->  Index Scan using sbtest3_pkey on sbtest3  (cost=0.43..373.21 rows=95 width=121)
	        Index Cond: ((id >= 888025) AND (id <= 888124))

table 4 : explain SELECT c FROM sbtest4 WHERE id BETWEEN 6434283 AND 6434382 ORDER BY c
	Sort  (cost=403.47..403.72 rows=102 width=121)
	  Sort Key: c
	  ->  Index Scan using sbtest4_pkey on sbtest4  (cost=0.43..400.07 rows=102 width=121)
	        Index Cond: ((id >= 6434283) AND (id <= 6434382))

table 5 : explain SELECT c FROM sbtest5 WHERE id BETWEEN 4252271 AND 4252370 ORDER BY c
	Sort  (cost=433.83..434.11 rows=110 width=121)
	  Sort Key: c
	  ->  Index Scan using sbtest5_pkey on sbtest5  (cost=0.43..430.10 rows=110 width=121)
	        Index Cond: ((id >= 4252271) AND (id <= 4252370))

table 6 : explain SELECT c FROM sbtest6 WHERE id BETWEEN 7979672 AND 7979771 ORDER BY c
	Sort  (cost=388.42..388.66 rows=98 width=121)
	  Sort Key: c
	  ->  Index Scan using sbtest6_pkey on sbtest6  (cost=0.43..385.18 rows=98 width=121)
	        Index Cond: ((id >= 7979672) AND (id <= 7979771))

table 7 : explain SELECT c FROM sbtest7 WHERE id BETWEEN 718021 AND 718120 ORDER BY c
	Sort  (cost=397.83..398.08 rows=101 width=121)
	  Sort Key: c
	  ->  Index Scan using sbtest7_pkey on sbtest7  (cost=0.43..394.47 rows=101 width=121)
	        Index Cond: ((id >= 718021) AND (id <= 718120))

table 8 : explain SELECT c FROM sbtest8 WHERE id BETWEEN 9747686 AND 9747785 ORDER BY c
	Sort  (cost=380.88..381.12 rows=97 width=121)
	  Sort Key: c
	  ->  Index Scan using sbtest8_pkey on sbtest8  (cost=0.43..377.67 rows=97 width=121)
	        Index Cond: ((id >= 9747686) AND (id <= 9747785))

for: simple_ranges
table 1 : explain SELECT c FROM sbtest1 WHERE id BETWEEN 1836911 AND 1837010
	Index Scan using sbtest1_pkey on sbtest1  (cost=0.43..413.44 rows=105 width=121)
	  Index Cond: ((id >= 1836911) AND (id <= 1837010))

table 2 : explain SELECT c FROM sbtest2 WHERE id BETWEEN 430438 AND 430537
	Index Scan using sbtest2_pkey on sbtest2  (cost=0.43..405.64 rows=103 width=121)
	  Index Cond: ((id >= 430438) AND (id <= 430537))

table 3 : explain SELECT c FROM sbtest3 WHERE id BETWEEN 3588406 AND 3588505
	Index Scan using sbtest3_pkey on sbtest3  (cost=0.43..365.45 rows=93 width=121)
	  Index Cond: ((id >= 3588406) AND (id <= 3588505))

table 4 : explain SELECT c FROM sbtest4 WHERE id BETWEEN 703558 AND 703657
	Index Scan using sbtest4_pkey on sbtest4  (cost=0.43..396.19 rows=101 width=121)
	  Index Cond: ((id >= 703558) AND (id <= 703657))

table 5 : explain SELECT c FROM sbtest5 WHERE id BETWEEN 6428884 AND 6428983
	Index Scan using sbtest5_pkey on sbtest5  (cost=0.43..406.90 rows=104 width=121)
	  Index Cond: ((id >= 6428884) AND (id <= 6428983))

table 6 : explain SELECT c FROM sbtest6 WHERE id BETWEEN 1960546 AND 1960645
	Index Scan using sbtest6_pkey on sbtest6  (cost=0.43..404.63 rows=103 width=121)
	  Index Cond: ((id >= 1960546) AND (id <= 1960645))

table 7 : explain SELECT c FROM sbtest7 WHERE id BETWEEN 1455215 AND 1455314
	Index Scan using sbtest7_pkey on sbtest7  (cost=0.43..425.34 rows=109 width=121)
	  Index Cond: ((id >= 1455215) AND (id <= 1455314))

table 8 : explain SELECT c FROM sbtest8 WHERE id BETWEEN 2833286 AND 2833385
	Index Scan using sbtest8_pkey on sbtest8  (cost=0.43..431.50 rows=111 width=121)
	  Index Cond: ((id >= 2833286) AND (id <= 2833385))

for index_updates
table 1 : explain UPDATE sbtest1 SET k=k+1 WHERE id=1202711
	Update on sbtest1  (cost=0.43..8.46 rows=0 width=0)
	  ->  Index Scan using sbtest1_pkey on sbtest1  (cost=0.43..8.46 rows=1 width=10)
	        Index Cond: (id = 1202711)

table 2 : explain UPDATE sbtest2 SET k=k+1 WHERE id=8413551
	Update on sbtest2  (cost=0.43..8.46 rows=0 width=0)
	  ->  Index Scan using sbtest2_pkey on sbtest2  (cost=0.43..8.46 rows=1 width=10)
	        Index Cond: (id = 8413551)

table 3 : explain UPDATE sbtest3 SET k=k+1 WHERE id=4826493
	Update on sbtest3  (cost=0.43..8.46 rows=0 width=0)
	  ->  Index Scan using sbtest3_pkey on sbtest3  (cost=0.43..8.46 rows=1 width=10)
	        Index Cond: (id = 4826493)

table 4 : explain UPDATE sbtest4 SET k=k+1 WHERE id=8044544
	Update on sbtest4  (cost=0.43..8.46 rows=0 width=0)
	  ->  Index Scan using sbtest4_pkey on sbtest4  (cost=0.43..8.46 rows=1 width=10)
	        Index Cond: (id = 8044544)

table 5 : explain UPDATE sbtest5 SET k=k+1 WHERE id=2934390
	Update on sbtest5  (cost=0.43..8.46 rows=0 width=0)
	  ->  Index Scan using sbtest5_pkey on sbtest5  (cost=0.43..8.46 rows=1 width=10)
	        Index Cond: (id = 2934390)

table 6 : explain UPDATE sbtest6 SET k=k+1 WHERE id=9114051
	Update on sbtest6  (cost=0.43..8.46 rows=0 width=0)
	  ->  Index Scan using sbtest6_pkey on sbtest6  (cost=0.43..8.46 rows=1 width=10)
	        Index Cond: (id = 9114051)

table 7 : explain UPDATE sbtest7 SET k=k+1 WHERE id=5384729
	Update on sbtest7  (cost=0.43..8.46 rows=0 width=0)
	  ->  Index Scan using sbtest7_pkey on sbtest7  (cost=0.43..8.46 rows=1 width=10)
	        Index Cond: (id = 5384729)

table 8 : explain UPDATE sbtest8 SET k=k+1 WHERE id=3590990
	Update on sbtest8  (cost=0.43..8.46 rows=0 width=0)
	  ->  Index Scan using sbtest8_pkey on sbtest8  (cost=0.43..8.46 rows=1 width=10)
	        Index Cond: (id = 3590990)

for: simple_ranges
table 1 : explain SELECT c FROM sbtest1 WHERE id BETWEEN 189761 AND 189860
	Index Scan using sbtest1_pkey on sbtest1  (cost=0.43..390.05 rows=99 width=121)
	  Index Cond: ((id >= 189761) AND (id <= 189860))

table 2 : explain SELECT c FROM sbtest2 WHERE id BETWEEN 7979851 AND 7979950
	Index Scan using sbtest2_pkey on sbtest2  (cost=0.43..390.03 rows=99 width=121)
	  Index Cond: ((id >= 7979851) AND (id <= 7979950))

table 3 : explain SELECT c FROM sbtest3 WHERE id BETWEEN 151146 AND 151245
	Index Scan using sbtest3_pkey on sbtest3  (cost=0.43..400.41 rows=102 width=121)
	  Index Cond: ((id >= 151146) AND (id <= 151245))

table 4 : explain SELECT c FROM sbtest4 WHERE id BETWEEN 1944608 AND 1944707
	Index Scan using sbtest4_pkey on sbtest4  (cost=0.43..353.51 rows=90 width=121)
	  Index Cond: ((id >= 1944608) AND (id <= 1944707))

table 5 : explain SELECT c FROM sbtest5 WHERE id BETWEEN 6386410 AND 6386509
	Index Scan using sbtest5_pkey on sbtest5  (cost=0.43..406.90 rows=104 width=121)
	  Index Cond: ((id >= 6386410) AND (id <= 6386509))

table 6 : explain SELECT c FROM sbtest6 WHERE id BETWEEN 3080011 AND 3080110
	Index Scan using sbtest6_pkey on sbtest6  (cost=0.43..373.53 rows=95 width=121)
	  Index Cond: ((id >= 3080011) AND (id <= 3080110))

table 7 : explain SELECT c FROM sbtest7 WHERE id BETWEEN 5342603 AND 5342702
	Index Scan using sbtest7_pkey on sbtest7  (cost=0.43..379.03 rows=97 width=121)
	  Index Cond: ((id >= 5342603) AND (id <= 5342702))

table 8 : explain SELECT c FROM sbtest8 WHERE id BETWEEN 5528369 AND 5528468
	Index Scan using sbtest8_pkey on sbtest8  (cost=0.43..385.36 rows=99 width=121)
	  Index Cond: ((id >= 5528369) AND (id <= 5528468))

for: sum_ranges
table 1 : explain SELECT SUM(k) FROM sbtest1 WHERE id BETWEEN 5862314 AND 5862413
	Aggregate  (cost=359.13..359.14 rows=1 width=8)
	  ->  Index Scan using sbtest1_pkey on sbtest1  (cost=0.43..358.90 rows=91 width=4)
	        Index Cond: ((id >= 5862314) AND (id <= 5862413))

table 2 : explain SELECT SUM(k) FROM sbtest2 WHERE id BETWEEN 8786190 AND 8786289
	Aggregate  (cost=394.21..394.22 rows=1 width=8)
	  ->  Index Scan using sbtest2_pkey on sbtest2  (cost=0.43..393.96 rows=100 width=4)
	        Index Cond: ((id >= 8786190) AND (id <= 8786289))

table 3 : explain SELECT SUM(k) FROM sbtest3 WHERE id BETWEEN 2596670 AND 2596769
	Aggregate  (cost=412.31..412.32 rows=1 width=8)
	  ->  Index Scan using sbtest3_pkey on sbtest3  (cost=0.43..412.04 rows=105 width=4)
	        Index Cond: ((id >= 2596670) AND (id <= 2596769))

table 4 : explain SELECT SUM(k) FROM sbtest4 WHERE id BETWEEN 8232207 AND 8232306
	Aggregate  (cost=380.89..380.90 rows=1 width=8)
	  ->  Index Scan using sbtest4_pkey on sbtest4  (cost=0.43..380.65 rows=97 width=4)
	        Index Cond: ((id >= 8232207) AND (id <= 8232306))

table 5 : explain SELECT SUM(k) FROM sbtest5 WHERE id BETWEEN 6494588 AND 6494687
	Aggregate  (cost=383.94..383.95 rows=1 width=8)
	  ->  Index Scan using sbtest5_pkey on sbtest5  (cost=0.43..383.70 rows=98 width=4)
	        Index Cond: ((id >= 6494588) AND (id <= 6494687))

table 6 : explain SELECT SUM(k) FROM sbtest6 WHERE id BETWEEN 42410 AND 42509
	Aggregate  (cost=408.77..408.78 rows=1 width=8)
	  ->  Index Scan using sbtest6_pkey on sbtest6  (cost=0.43..408.51 rows=104 width=4)
	        Index Cond: ((id >= 42410) AND (id <= 42509))

table 7 : explain SELECT SUM(k) FROM sbtest7 WHERE id BETWEEN 5010797 AND 5010896
	Aggregate  (cost=406.30..406.31 rows=1 width=8)
	  ->  Index Scan using sbtest7_pkey on sbtest7  (cost=0.43..406.04 rows=104 width=4)
	        Index Cond: ((id >= 5010797) AND (id <= 5010896))

table 8 : explain SELECT SUM(k) FROM sbtest8 WHERE id BETWEEN 9476732 AND 9476831
	Aggregate  (cost=374.03..374.04 rows=1 width=8)
	  ->  Index Scan using sbtest8_pkey on sbtest8  (cost=0.43..373.79 rows=96 width=4)
	        Index Cond: ((id >= 9476732) AND (id <= 9476831))

for: distinct_ranges
table 1 : explain SELECT DISTINCT c FROM sbtest1 WHERE id BETWEEN 9050818 AND 9050917 ORDER BY c
	Unique  (cost=365.80..366.26 rows=92 width=121)
	  ->  Sort  (cost=365.80..366.03 rows=92 width=121)
	        Sort Key: c
	        ->  Index Scan using sbtest1_pkey on sbtest1  (cost=0.43..362.80 rows=92 width=121)
	              Index Cond: ((id >= 9050818) AND (id <= 9050917))

table 2 : explain SELECT DISTINCT c FROM sbtest2 WHERE id BETWEEN 8680291 AND 8680390 ORDER BY c
	Unique  (cost=409.08..409.60 rows=103 width=121)
	  ->  Sort  (cost=409.08..409.34 rows=103 width=121)
	        Sort Key: c
	        ->  Index Scan using sbtest2_pkey on sbtest2  (cost=0.43..405.64 rows=103 width=121)
	              Index Cond: ((id >= 8680291) AND (id <= 8680390))

table 3 : explain SELECT DISTINCT c FROM sbtest3 WHERE id BETWEEN 9183116 AND 9183215 ORDER BY c
	Unique  (cost=380.25..380.73 rows=96 width=121)
	  ->  Sort  (cost=380.25..380.49 rows=96 width=121)
	        Sort Key: c
	        ->  Index Scan using sbtest3_pkey on sbtest3  (cost=0.43..377.09 rows=96 width=121)
	              Index Cond: ((id >= 9183116) AND (id <= 9183215))

table 4 : explain SELECT DISTINCT c FROM sbtest4 WHERE id BETWEEN 4859623 AND 4859722 ORDER BY c
	Unique  (cost=438.72..439.28 rows=111 width=121)
	  ->  Sort  (cost=438.72..439.00 rows=111 width=121)
	        Sort Key: c
	        ->  Index Scan using sbtest4_pkey on sbtest4  (cost=0.43..434.95 rows=111 width=121)
	              Index Cond: ((id >= 4859623) AND (id <= 4859722))

table 5 : explain SELECT DISTINCT c FROM sbtest5 WHERE id BETWEEN 1428551 AND 1428650 ORDER BY c
	Unique  (cost=449.47..450.04 rows=114 width=121)
	  ->  Sort  (cost=449.47..449.75 rows=114 width=121)
	        Sort Key: c
	        ->  Index Scan using sbtest5_pkey on sbtest5  (cost=0.43..445.57 rows=114 width=121)
	              Index Cond: ((id >= 1428551) AND (id <= 1428650))

table 6 : explain SELECT DISTINCT c FROM sbtest6 WHERE id BETWEEN 8205861 AND 8205960 ORDER BY c
	Unique  (cost=376.65..377.12 rows=95 width=121)
	  ->  Sort  (cost=376.65..376.89 rows=95 width=121)
	        Sort Key: c
	        ->  Index Scan using sbtest6_pkey on sbtest6  (cost=0.43..373.53 rows=95 width=121)
	              Index Cond: ((id >= 8205861) AND (id <= 8205960))

table 7 : explain SELECT DISTINCT c FROM sbtest7 WHERE id BETWEEN 1575139 AND 1575238 ORDER BY c
	Unique  (cost=390.03..390.53 rows=99 width=121)
	  ->  Sort  (cost=390.03..390.28 rows=99 width=121)
	        Sort Key: c
	        ->  Index Scan using sbtest7_pkey on sbtest7  (cost=0.43..386.75 rows=99 width=121)
	              Index Cond: ((id >= 1575139) AND (id <= 1575238))

table 8 : explain SELECT DISTINCT c FROM sbtest8 WHERE id BETWEEN 5955915 AND 5956014 ORDER BY c
	Unique  (cost=411.96..412.48 rows=105 width=121)
	  ->  Sort  (cost=411.96..412.22 rows=105 width=121)
	        Sort Key: c
	        ->  Index Scan using sbtest8_pkey on sbtest8  (cost=0.43..408.43 rows=105 width=121)
	              Index Cond: ((id >= 5955915) AND (id <= 5956014))

explain: for point_selects :: explain SELECT c FROM sbtest%u WHERE id=%ufor: distinct_ranges
table 1 : explain SELECT DISTINCT c FROM sbtest1 WHERE id BETWEEN 2842176 AND 2842275 ORDER BY c
	Unique  (cost=409.10..409.61 rows=103 width=121)
	  ->  Sort  (cost=409.10..409.36 rows=103 width=121)
	        Sort Key: c
	        ->  Index Scan using sbtest1_pkey on sbtest1  (cost=0.43..405.65 rows=103 width=121)
	              Index Cond: ((id >= 2842176) AND (id <= 2842275))

table 2 : explain SELECT DISTINCT c FROM sbtest2 WHERE id BETWEEN 3948364 AND 3948463 ORDER BY c
	Unique  (cost=401.21..401.72 rows=101 width=121)
	  ->  Sort  (cost=401.21..401.47 rows=101 width=121)
	        Sort Key: c
	        ->  Index Scan using sbtest2_pkey on sbtest2  (cost=0.43..397.85 rows=101 width=121)
	              Index Cond: ((id >= 3948364) AND (id <= 3948463))

table 3 : explain SELECT DISTINCT c FROM sbtest3 WHERE id BETWEEN 593583 AND 593682 ORDER BY c
	Unique  (cost=407.73..408.24 rows=103 width=121)
	  ->  Sort  (cost=407.73..407.99 rows=103 width=121)
	        Sort Key: c
	        ->  Index Scan using sbtest3_pkey on sbtest3  (cost=0.43..404.28 rows=103 width=121)
	              Index Cond: ((id >= 593583) AND (id <= 593682))

table 4 : explain SELECT DISTINCT c FROM sbtest4 WHERE id BETWEEN 372376 AND 372475 ORDER BY c
	Unique  (cost=383.85..384.33 rows=97 width=121)
	  ->  Sort  (cost=383.85..384.09 rows=97 width=121)
	        Sort Key: c
	        ->  Index Scan using sbtest4_pkey on sbtest4  (cost=0.43..380.65 rows=97 width=121)
	              Index Cond: ((id >= 372376) AND (id <= 372475))

table 5 : explain SELECT DISTINCT c FROM sbtest5 WHERE id BETWEEN 2879474 AND 2879573 ORDER BY c
	Unique  (cost=367.36..367.83 rows=93 width=121)
	  ->  Sort  (cost=367.36..367.60 rows=93 width=121)
	        Sort Key: c
	        ->  Index Scan using sbtest5_pkey on sbtest5  (cost=0.43..364.32 rows=93 width=121)
	              Index Cond: ((id >= 2879474) AND (id <= 2879573))

table 6 : explain SELECT DISTINCT c FROM sbtest6 WHERE id BETWEEN 5814462 AND 5814561 ORDER BY c
	Unique  (cost=384.50..384.98 rows=97 width=121)
	  ->  Sort  (cost=384.50..384.74 rows=97 width=121)
	        Sort Key: c
	        ->  Index Scan using sbtest6_pkey on sbtest6  (cost=0.43..381.29 rows=97 width=121)
	              Index Cond: ((id >= 5814462) AND (id <= 5814561))

table 7 : explain SELECT DISTINCT c FROM sbtest7 WHERE id BETWEEN 9607157 AND 9607256 ORDER BY c
	Unique  (cost=382.23..382.72 rows=97 width=121)
	  ->  Sort  (cost=382.23..382.47 rows=97 width=121)
	        Sort Key: c
	        ->  Index Scan using sbtest7_pkey on sbtest7  (cost=0.43..379.03 rows=97 width=121)
	              Index Cond: ((id >= 9607157) AND (id <= 9607256))

table 8 : explain SELECT DISTINCT c FROM sbtest8 WHERE id BETWEEN 8623259 AND 8623358 ORDER BY c
	Unique  (cost=380.88..381.36 rows=97 width=121)
	  ->  Sort  (cost=380.88..381.12 rows=97 width=121)
	        Sort Key: c
	        ->  Index Scan using sbtest8_pkey on sbtest8  (cost=0.43..377.67 rows=97 width=121)
	              Index Cond: ((id >= 8623259) AND (id <= 8623358))


for: distinct_ranges
table 1 : explain SELECT DISTINCT c FROM sbtest1 WHERE id BETWEEN 3461733 AND 3461832 ORDER BY c
	Unique  (cost=401.23..401.74 rows=101 width=121)
	  ->  Sort  (cost=401.23..401.48 rows=101 width=121)
	        Sort Key: c
	        ->  Index Scan using sbtest1_pkey on sbtest1  (cost=0.43..397.87 rows=101 width=121)
	              Index Cond: ((id >= 3461733) AND (id <= 3461832))

table 2 : explain SELECT DISTINCT c FROM sbtest2 WHERE id BETWEEN 4661814 AND 4661913 ORDER BY c
	Unique  (cost=428.75..429.29 rows=108 width=121)
	  ->  Sort  (cost=428.75..429.02 rows=108 width=121)
	        Sort Key: c
	        ->  Index Scan using sbtest2_pkey on sbtest2  (cost=0.43..425.10 rows=108 width=121)
	              Index Cond: ((id >= 4661814) AND (id <= 4661913))

table 3 : explain SELECT DISTINCT c FROM sbtest3 WHERE id BETWEEN 8750322 AND 8750421 ORDER BY c
	Unique  (cost=368.49..368.96 rows=93 width=121)
	  ->  Sort  (cost=368.49..368.73 rows=93 width=121)
	        Sort Key: c
	        ->  Index Scan using sbtest3_pkey on sbtest3  (cost=0.43..365.45 rows=93 width=121)
	              Index Cond: ((id >= 8750322) AND (id <= 8750421))

table 4 : explain SELECT DISTINCT c FROM sbtest4 WHERE id BETWEEN 9216412 AND 9216511 ORDER BY c
	Unique  (cost=379.93..380.41 rows=96 width=121)
	  ->  Sort  (cost=379.93..380.17 rows=96 width=121)
	        Sort Key: c
	        ->  Index Scan using sbtest4_pkey on sbtest4  (cost=0.43..376.77 rows=96 width=121)
	              Index Cond: ((id >= 9216412) AND (id <= 9216511))

table 5 : explain SELECT DISTINCT c FROM sbtest5 WHERE id BETWEEN 1934819 AND 1934918 ORDER BY c
	Unique  (cost=398.66..399.17 rows=101 width=121)
	  ->  Sort  (cost=398.66..398.91 rows=101 width=121)
	        Sort Key: c
	        ->  Index Scan using sbtest5_pkey on sbtest5  (cost=0.43..395.30 rows=101 width=121)
	              Index Cond: ((id >= 1934819) AND (id <= 1934918))

table 6 : explain SELECT DISTINCT c FROM sbtest6 WHERE id BETWEEN 3446981 AND 3447080 ORDER BY c
	Unique  (cost=439.46..440.02 rows=111 width=121)
	  ->  Sort  (cost=439.46..439.74 rows=111 width=121)
	        Sort Key: c
	        ->  Index Scan using sbtest6_pkey on sbtest6  (cost=0.43..435.69 rows=111 width=121)
	              Index Cond: ((id >= 3446981) AND (id <= 3447080))

table 7 : explain SELECT DISTINCT c FROM sbtest7 WHERE id BETWEEN 6594815 AND 6594914 ORDER BY c
	Unique  (cost=362.70..363.16 rows=92 width=121)
	  ->  Sort  (cost=362.70..362.93 rows=92 width=121)
	        Sort Key: c
	        ->  Index Scan using sbtest7_pkey on sbtest7  (cost=0.43..359.70 rows=92 width=121)
	              Index Cond: ((id >= 6594815) AND (id <= 6594914))

table 8 : explain SELECT DISTINCT c FROM sbtest8 WHERE id BETWEEN 1814236 AND 1814335 ORDER BY c
	Unique  (cost=388.65..389.14 rows=99 width=121)
	  ->  Sort  (cost=388.65..388.89 rows=99 width=121)
	        Sort Key: c
	        ->  Index Scan using sbtest8_pkey on sbtest8  (cost=0.43..385.36 rows=99 width=121)
	              Index Cond: ((id >= 1814236) AND (id <= 1814335))

for index_updates
table 1 : explain UPDATE sbtest1 SET k=k+1 WHERE id=8185867
	Update on sbtest1  (cost=0.43..8.46 rows=0 width=0)
	  ->  Index Scan using sbtest1_pkey on sbtest1  (cost=0.43..8.46 rows=1 width=10)
	        Index Cond: (id = 8185867)

table 2 : explain UPDATE sbtest2 SET k=k+1 WHERE id=8179404
	Update on sbtest2  (cost=0.43..8.46 rows=0 width=0)
	  ->  Index Scan using sbtest2_pkey on sbtest2  (cost=0.43..8.46 rows=1 width=10)
	        Index Cond: (id = 8179404)

table 3 : explain UPDATE sbtest3 SET k=k+1 WHERE id=4896315
	Update on sbtest3  (cost=0.43..8.46 rows=0 width=0)
	  ->  Index Scan using sbtest3_pkey on sbtest3  (cost=0.43..8.46 rows=1 width=10)
	        Index Cond: (id = 4896315)

table 4 : explain UPDATE sbtest4 SET k=k+1 WHERE id=6549913
	Update on sbtest4  (cost=0.43..8.46 rows=0 width=0)
	  ->  Index Scan using sbtest4_pkey on sbtest4  (cost=0.43..8.46 rows=1 width=10)
	        Index Cond: (id = 6549913)

table 5 : explain UPDATE sbtest5 SET k=k+1 WHERE id=9317617
	Update on sbtest5  (cost=0.43..8.46 rows=0 width=0)
	  ->  Index Scan using sbtest5_pkey on sbtest5  (cost=0.43..8.46 rows=1 width=10)
	        Index Cond: (id = 9317617)

table 6 : explain UPDATE sbtest6 SET k=k+1 WHERE id=9348107
	Update on sbtest6  (cost=0.43..8.46 rows=0 width=0)
	  ->  Index Scan using sbtest6_pkey on sbtest6  (cost=0.43..8.46 rows=1 width=10)
	        Index Cond: (id = 9348107)

table 7 : explain UPDATE sbtest7 SET k=k+1 WHERE id=9713813
	Update on sbtest7  (cost=0.43..8.46 rows=0 width=0)
	  ->  Index Scan using sbtest7_pkey on sbtest7  (cost=0.43..8.46 rows=1 width=10)
	        Index Cond: (id = 9713813)

table 8 : explain UPDATE sbtest8 SET k=k+1 WHERE id=63476
	Update on sbtest8  (cost=0.43..8.46 rows=0 width=0)
	  ->  Index Scan using sbtest8_pkey on sbtest8  (cost=0.43..8.46 rows=1 width=10)
	        Index Cond: (id = 63476)

explain: for point_selects :: explain SELECT c FROM sbtest%u WHERE id=%u
explain: for non_index_updates :: explain UPDATE sbtest%u SET c='foobar' WHERE id=%u
for: sum_ranges
table 1 : explain SELECT SUM(k) FROM sbtest1 WHERE id BETWEEN 540618 AND 540717
	Aggregate  (cost=386.40..386.41 rows=1 width=8)
	  ->  Index Scan using sbtest1_pkey on sbtest1  (cost=0.43..386.16 rows=98 width=4)
	        Index Cond: ((id >= 540618) AND (id <= 540717))

table 2 : explain SELECT SUM(k) FROM sbtest2 WHERE id BETWEEN 8384822 AND 8384921
	Aggregate  (cost=386.39..386.40 rows=1 width=8)
	  ->  Index Scan using sbtest2_pkey on sbtest2  (cost=0.43..386.14 rows=98 width=4)
	        Index Cond: ((id >= 8384822) AND (id <= 8384921))

table 3 : explain SELECT SUM(k) FROM sbtest3 WHERE id BETWEEN 787189 AND 787288
	Aggregate  (cost=408.42..408.43 rows=1 width=8)
	  ->  Index Scan using sbtest3_pkey on sbtest3  (cost=0.43..408.16 rows=104 width=4)
	        Index Cond: ((id >= 787189) AND (id <= 787288))

table 4 : explain SELECT SUM(k) FROM sbtest4 WHERE id BETWEEN 6023564 AND 6023663
	Aggregate  (cost=404.20..404.21 rows=1 width=8)
	  ->  Index Scan using sbtest4_pkey on sbtest4  (cost=0.43..403.94 rows=103 width=4)
	        Index Cond: ((id >= 6023564) AND (id <= 6023663))

table 5 : explain SELECT SUM(k) FROM sbtest5 WHERE id BETWEEN 6491688 AND 6491787
	Aggregate  (cost=383.94..383.95 rows=1 width=8)
	  ->  Index Scan using sbtest5_pkey on sbtest5  (cost=0.43..383.70 rows=98 width=4)
	        Index Cond: ((id >= 6491688) AND (id <= 6491787))

table 6 : explain SELECT SUM(k) FROM sbtest6 WHERE id BETWEEN 4894716 AND 4894815
	Aggregate  (cost=365.99..366.00 rows=1 width=8)
	  ->  Index Scan using sbtest6_pkey on sbtest6  (cost=0.43..365.76 rows=93 width=4)
	        Index Cond: ((id >= 4894716) AND (id <= 4894815))

table 7 : explain SELECT SUM(k) FROM sbtest7 WHERE id BETWEEN 3128099 AND 3128198
	Aggregate  (cost=417.89..417.90 rows=1 width=8)
	  ->  Index Scan using sbtest7_pkey on sbtest7  (cost=0.43..417.62 rows=107 width=4)
	        Index Cond: ((id >= 3128099) AND (id <= 3128198))

table 8 : explain SELECT SUM(k) FROM sbtest8 WHERE id BETWEEN 6183583 AND 6183682
	Aggregate  (cost=401.00..401.01 rows=1 width=8)
	  ->  Index Scan using sbtest8_pkey on sbtest8  (cost=0.43..400.74 rows=103 width=4)
	        Index Cond: ((id >= 6183583) AND (id <= 6183682))

explain: for index_updates :: explain UPDATE sbtest%u SET k=k+1 WHERE id=%u
explain: for index_updates :: explain UPDATE sbtest%u SET k=k+1 WHERE id=%u
for: distinct_ranges
table 1 : explain SELECT DISTINCT c FROM sbtest1 WHERE id BETWEEN 8777062 AND 8777161 ORDER BY c
	Unique  (cost=389.40..389.89 rows=98 width=121)
	  ->  Sort  (cost=389.40..389.64 rows=98 width=121)
	        Sort Key: c
	        ->  Index Scan using sbtest1_pkey on sbtest1  (cost=0.43..386.16 rows=98 width=121)
	              Index Cond: ((id >= 8777062) AND (id <= 8777161))

table 2 : explain SELECT DISTINCT c FROM sbtest2 WHERE id BETWEEN 9404956 AND 9405055 ORDER BY c
	Unique  (cost=416.95..417.47 rows=105 width=121)
	  ->  Sort  (cost=416.95..417.21 rows=105 width=121)
	        Sort Key: c
	        ->  Index Scan using sbtest2_pkey on sbtest2  (cost=0.43..413.42 rows=105 width=121)
	              Index Cond: ((id >= 9404956) AND (id <= 9405055))

table 3 : explain SELECT DISTINCT c FROM sbtest3 WHERE id BETWEEN 3316450 AND 3316549 ORDER BY c
	Unique  (cost=419.49..420.02 rows=106 width=121)
	  ->  Sort  (cost=419.49..419.75 rows=106 width=121)
	        Sort Key: c
	        ->  Index Scan using sbtest3_pkey on sbtest3  (cost=0.43..415.92 rows=106 width=121)
	              Index Cond: ((id >= 3316450) AND (id <= 3316549))

table 4 : explain SELECT DISTINCT c FROM sbtest4 WHERE id BETWEEN 6443544 AND 6443643 ORDER BY c
	Unique  (cost=403.47..403.98 rows=102 width=121)
	  ->  Sort  (cost=403.47..403.72 rows=102 width=121)
	        Sort Key: c
	        ->  Index Scan using sbtest4_pkey on sbtest4  (cost=0.43..400.07 rows=102 width=121)
	              Index Cond: ((id >= 6443544) AND (id <= 6443643))

table 5 : explain SELECT DISTINCT c FROM sbtest5 WHERE id BETWEEN 8123504 AND 8123603 ORDER BY c
	Unique  (cost=410.39..410.91 rows=104 width=121)
	  ->  Sort  (cost=410.39..410.65 rows=104 width=121)
	        Sort Key: c
	        ->  Index Scan using sbtest5_pkey on sbtest5  (cost=0.43..406.90 rows=104 width=121)
	              Index Cond: ((id >= 8123504) AND (id <= 8123603))

table 6 : explain SELECT DISTINCT c FROM sbtest6 WHERE id BETWEEN 9138241 AND 9138340 ORDER BY c
	Unique  (cost=392.38..392.87 rows=99 width=121)
	  ->  Sort  (cost=392.38..392.62 rows=99 width=121)
	        Sort Key: c
	        ->  Index Scan using sbtest6_pkey on sbtest6  (cost=0.43..389.09 rows=99 width=121)
	              Index Cond: ((id >= 9138241) AND (id <= 9138340))

table 7 : explain SELECT DISTINCT c FROM sbtest7 WHERE id BETWEEN 1010532 AND 1010631 ORDER BY c
	Unique  (cost=425.13..425.67 rows=108 width=121)
	  ->  Sort  (cost=425.13..425.40 rows=108 width=121)
	        Sort Key: c
	        ->  Index Scan using sbtest7_pkey on sbtest7  (cost=0.43..421.48 rows=108 width=121)
	              Index Cond: ((id >= 1010532) AND (id <= 1010631))

table 8 : explain SELECT DISTINCT c FROM sbtest8 WHERE id BETWEEN 9670896 AND 9670995 ORDER BY c
	Unique  (cost=361.41..361.87 rows=92 width=121)
	  ->  Sort  (cost=361.41..361.64 rows=92 width=121)
	        Sort Key: c
	        ->  Index Scan using sbtest8_pkey on sbtest8  (cost=0.43..358.41 rows=92 width=121)
	              Index Cond: ((id >= 9670896) AND (id <= 9670995))

for: distinct_ranges
table 1 : explain SELECT DISTINCT c FROM sbtest1 WHERE id BETWEEN 7168539 AND 7168638 ORDER BY c
	Unique  (cost=377.60..378.07 rows=95 width=121)
	  ->  Sort  (cost=377.60..377.84 rows=95 width=121)
	        Sort Key: c
	        ->  Index Scan using sbtest1_pkey on sbtest1  (cost=0.43..374.48 rows=95 width=121)
	              Index Cond: ((id >= 7168539) AND (id <= 7168638))

table 2 : explain SELECT DISTINCT c FROM sbtest2 WHERE id BETWEEN 968065 AND 968164 ORDER BY c
	Unique  (cost=475.96..476.56 rows=120 width=121)
	  ->  Sort  (cost=475.96..476.26 rows=120 width=121)
	        Sort Key: c
	        ->  Index Scan using sbtest2_pkey on sbtest2  (cost=0.43..471.82 rows=120 width=121)
	              Index Cond: ((id >= 968065) AND (id <= 968164))

table 3 : explain SELECT DISTINCT c FROM sbtest3 WHERE id BETWEEN 3429301 AND 3429400 ORDER BY c
	Unique  (cost=427.33..427.87 rows=108 width=121)
	  ->  Sort  (cost=427.33..427.60 rows=108 width=121)
	        Sort Key: c
	        ->  Index Scan using sbtest3_pkey on sbtest3  (cost=0.43..423.68 rows=108 width=121)
	              Index Cond: ((id >= 3429301) AND (id <= 3429400))

table 4 : explain SELECT DISTINCT c FROM sbtest4 WHERE id BETWEEN 1410115 AND 1410214 ORDER BY c
	Unique  (cost=411.30..411.82 rows=104 width=121)
	  ->  Sort  (cost=411.30..411.56 rows=104 width=121)
	        Sort Key: c
	        ->  Index Scan using sbtest4_pkey on sbtest4  (cost=0.43..407.82 rows=104 width=121)
	              Index Cond: ((id >= 1410115) AND (id <= 1410214))

table 5 : explain SELECT DISTINCT c FROM sbtest5 WHERE id BETWEEN 3102572 AND 3102671 ORDER BY c
	Unique  (cost=410.39..410.91 rows=104 width=121)
	  ->  Sort  (cost=410.39..410.65 rows=104 width=121)
	        Sort Key: c
	        ->  Index Scan using sbtest5_pkey on sbtest5  (cost=0.43..406.90 rows=104 width=121)
	              Index Cond: ((id >= 3102572) AND (id <= 3102671))

table 6 : explain SELECT DISTINCT c FROM sbtest6 WHERE id BETWEEN 8582492 AND 8582591 ORDER BY c
	Unique  (cost=353.11..353.56 rows=89 width=121)
	  ->  Sort  (cost=353.11..353.33 rows=89 width=121)
	        Sort Key: c
	        ->  Index Scan using sbtest6_pkey on sbtest6  (cost=0.43..350.23 rows=89 width=121)
	              Index Cond: ((id >= 8582492) AND (id <= 8582591))

table 7 : explain SELECT DISTINCT c FROM sbtest7 WHERE id BETWEEN 6534340 AND 6534439 ORDER BY c
	Unique  (cost=386.13..386.62 rows=98 width=121)
	  ->  Sort  (cost=386.13..386.38 rows=98 width=121)
	        Sort Key: c
	        ->  Index Scan using sbtest7_pkey on sbtest7  (cost=0.43..382.89 rows=98 width=121)
	              Index Cond: ((id >= 6534340) AND (id <= 6534439))

table 8 : explain SELECT DISTINCT c FROM sbtest8 WHERE id BETWEEN 8564333 AND 8564432 ORDER BY c
	Unique  (cost=427.50..428.04 rows=109 width=121)
	  ->  Sort  (cost=427.50..427.77 rows=109 width=121)
	        Sort Key: c
	        ->  Index Scan using sbtest8_pkey on sbtest8  (cost=0.43..423.81 rows=109 width=121)
	              Index Cond: ((id >= 8564333) AND (id <= 8564432))

for: simple_ranges
table 1 : explain SELECT c FROM sbtest1 WHERE id BETWEEN 4558005 AND 4558104
	Index Scan using sbtest1_pkey on sbtest1  (cost=0.43..370.58 rows=94 width=121)
	  Index Cond: ((id >= 4558005) AND (id <= 4558104))

table 2 : explain SELECT c FROM sbtest2 WHERE id BETWEEN 7360595 AND 7360694
	Index Scan using sbtest2_pkey on sbtest2  (cost=0.43..393.96 rows=100 width=121)
	  Index Cond: ((id >= 7360595) AND (id <= 7360694))

table 3 : explain SELECT c FROM sbtest3 WHERE id BETWEEN 9004652 AND 9004751
	Index Scan using sbtest3_pkey on sbtest3  (cost=0.43..396.53 rows=101 width=121)
	  Index Cond: ((id >= 9004652) AND (id <= 9004751))

table 4 : explain SELECT c FROM sbtest4 WHERE id BETWEEN 3680499 AND 3680598
	Index Scan using sbtest4_pkey on sbtest4  (cost=0.43..353.51 rows=90 width=121)
	  Index Cond: ((id >= 3680499) AND (id <= 3680598))

table 5 : explain SELECT c FROM sbtest5 WHERE id BETWEEN 8920239 AND 8920338
	Index Scan using sbtest5_pkey on sbtest5  (cost=0.43..368.19 rows=94 width=121)
	  Index Cond: ((id >= 8920239) AND (id <= 8920338))

table 6 : explain SELECT c FROM sbtest6 WHERE id BETWEEN 836575 AND 836674
	Index Scan using sbtest6_pkey on sbtest6  (cost=0.43..381.29 rows=97 width=121)
	  Index Cond: ((id >= 836575) AND (id <= 836674))

table 7 : explain SELECT c FROM sbtest7 WHERE id BETWEEN 6997947 AND 6998046
	Index Scan using sbtest7_pkey on sbtest7  (cost=0.43..363.56 rows=93 width=121)
	  Index Cond: ((id >= 6997947) AND (id <= 6998046))

table 8 : explain SELECT c FROM sbtest8 WHERE id BETWEEN 3821214 AND 3821313
	Index Scan using sbtest8_pkey on sbtest8  (cost=0.43..408.43 rows=105 width=121)
	  Index Cond: ((id >= 3821214) AND (id <= 3821313))

explain: for point_selects :: explain SELECT c FROM sbtest%u WHERE id=%u
explain: for index_updates :: explain UPDATE sbtest%u SET k=k+1 WHERE id=%u
explain: for non_index_updates :: explain UPDATE sbtest%u SET c='foobar' WHERE id=%u
for: simple_ranges
table 1 : explain SELECT c FROM sbtest1 WHERE id BETWEEN 8468744 AND 8468843
	Index Scan using sbtest1_pkey on sbtest1  (cost=0.43..374.48 rows=95 width=121)
	  Index Cond: ((id >= 8468744) AND (id <= 8468843))

table 2 : explain SELECT c FROM sbtest2 WHERE id BETWEEN 3733616 AND 3733715
	Index Scan using sbtest2_pkey on sbtest2  (cost=0.43..397.85 rows=101 width=121)
	  Index Cond: ((id >= 3733616) AND (id <= 3733715))

table 3 : explain SELECT c FROM sbtest3 WHERE id BETWEEN 1927813 AND 1927912
	Index Scan using sbtest3_pkey on sbtest3  (cost=0.43..384.85 rows=98 width=121)
	  Index Cond: ((id >= 1927813) AND (id <= 1927912))

table 4 : explain SELECT c FROM sbtest4 WHERE id BETWEEN 9724887 AND 9724986
	Index Scan using sbtest4_pkey on sbtest4  (cost=0.43..384.52 rows=98 width=121)
	  Index Cond: ((id >= 9724887) AND (id <= 9724986))

table 5 : explain SELECT c FROM sbtest5 WHERE id BETWEEN 8507678 AND 8507777
	Index Scan using sbtest5_pkey on sbtest5  (cost=0.43..395.30 rows=101 width=121)
	  Index Cond: ((id >= 8507678) AND (id <= 8507777))

table 6 : explain SELECT c FROM sbtest6 WHERE id BETWEEN 2846099 AND 2846198
	Index Scan using sbtest6_pkey on sbtest6  (cost=0.43..435.69 rows=111 width=121)
	  Index Cond: ((id >= 2846099) AND (id <= 2846198))

table 7 : explain SELECT c FROM sbtest7 WHERE id BETWEEN 3730729 AND 3730828
	Index Scan using sbtest7_pkey on sbtest7  (cost=0.43..406.04 rows=104 width=121)
	  Index Cond: ((id >= 3730729) AND (id <= 3730828))

table 8 : explain SELECT c FROM sbtest8 WHERE id BETWEEN 2929933 AND 2930032
	Index Scan using sbtest8_pkey on sbtest8  (cost=0.43..373.79 rows=96 width=121)
	  Index Cond: ((id >= 2929933) AND (id <= 2930032))

for non_index_updates
table 1 : explain UPDATE sbtest1 SET c='foobar' WHERE id=4409035
	Update on sbtest1  (cost=0.43..8.45 rows=0 width=0)
	  ->  Index Scan using sbtest1_pkey on sbtest1  (cost=0.43..8.45 rows=1 width=490)
	        Index Cond: (id = 4409035)

table 2 : explain UPDATE sbtest2 SET c='foobar' WHERE id=1790816
	Update on sbtest2  (cost=0.43..8.45 rows=0 width=0)
	  ->  Index Scan using sbtest2_pkey on sbtest2  (cost=0.43..8.45 rows=1 width=490)
	        Index Cond: (id = 1790816)

table 3 : explain UPDATE sbtest3 SET c='foobar' WHERE id=5996237
	Update on sbtest3  (cost=0.43..8.45 rows=0 width=0)
	  ->  Index Scan using sbtest3_pkey on sbtest3  (cost=0.43..8.45 rows=1 width=490)
	        Index Cond: (id = 5996237)

table 4 : explain UPDATE sbtest4 SET c='foobar' WHERE id=8704913
	Update on sbtest4  (cost=0.43..8.45 rows=0 width=0)
	  ->  Index Scan using sbtest4_pkey on sbtest4  (cost=0.43..8.45 rows=1 width=490)
	        Index Cond: (id = 8704913)

table 5 : explain UPDATE sbtest5 SET c='foobar' WHERE id=4465607
	Update on sbtest5  (cost=0.43..8.45 rows=0 width=0)
	  ->  Index Scan using sbtest5_pkey on sbtest5  (cost=0.43..8.45 rows=1 width=490)
	        Index Cond: (id = 4465607)

table 6 : explain UPDATE sbtest6 SET c='foobar' WHERE id=8864613
	Update on sbtest6  (cost=0.43..8.45 rows=0 width=0)
	  ->  Index Scan using sbtest6_pkey on sbtest6  (cost=0.43..8.45 rows=1 width=490)
	        Index Cond: (id = 8864613)

table 7 : explain UPDATE sbtest7 SET c='foobar' WHERE id=8230710
	Update on sbtest7  (cost=0.43..8.45 rows=0 width=0)
	  ->  Index Scan using sbtest7_pkey on sbtest7  (cost=0.43..8.45 rows=1 width=490)
	        Index Cond: (id = 8230710)

table 8 : explain UPDATE sbtest8 SET c='foobar' WHERE id=2396921
	Update on sbtest8  (cost=0.43..8.45 rows=0 width=0)
	  ->  Index Scan using sbtest8_pkey on sbtest8  (cost=0.43..8.45 rows=1 width=490)
	        Index Cond: (id = 2396921)

for: order_ranges
table 1 : explain SELECT c FROM sbtest1 WHERE id BETWEEN 5496739 AND 5496838 ORDER BY c
	Sort  (cost=432.70..432.97 rows=109 width=121)
	  Sort Key: c
	  ->  Index Scan using sbtest1_pkey on sbtest1  (cost=0.43..429.01 rows=109 width=121)
	        Index Cond: ((id >= 5496739) AND (id <= 5496838))

table 2 : explain SELECT c FROM sbtest2 WHERE id BETWEEN 4112467 AND 4112566 ORDER BY c
	Sort  (cost=409.08..409.34 rows=103 width=121)
	  Sort Key: c
	  ->  Index Scan using sbtest2_pkey on sbtest2  (cost=0.43..405.64 rows=103 width=121)
	        Index Cond: ((id >= 4112467) AND (id <= 4112566))

table 3 : explain SELECT c FROM sbtest3 WHERE id BETWEEN 8272842 AND 8272941 ORDER BY c
	Sort  (cost=399.89..400.14 rows=101 width=121)
	  Sort Key: c
	  ->  Index Scan using sbtest3_pkey on sbtest3  (cost=0.43..396.53 rows=101 width=121)
	        Index Cond: ((id >= 8272842) AND (id <= 8272941))

table 4 : explain SELECT c FROM sbtest4 WHERE id BETWEEN 7816030 AND 7816129 ORDER BY c
	Sort  (cost=403.47..403.72 rows=102 width=121)
	  Sort Key: c
	  ->  Index Scan using sbtest4_pkey on sbtest4  (cost=0.43..400.07 rows=102 width=121)
	        Index Cond: ((id >= 7816030) AND (id <= 7816129))

table 5 : explain SELECT c FROM sbtest5 WHERE id BETWEEN 307506 AND 307605 ORDER BY c
	Sort  (cost=457.29..457.58 rows=116 width=121)
	  Sort Key: c
	  ->  Index Scan using sbtest5_pkey on sbtest5  (cost=0.43..453.31 rows=116 width=121)
	        Index Cond: ((id >= 307506) AND (id <= 307605))

table 6 : explain SELECT c FROM sbtest6 WHERE id BETWEEN 3417900 AND 3417999 ORDER BY c
	Sort  (cost=439.46..439.74 rows=111 width=121)
	  Sort Key: c
	  ->  Index Scan using sbtest6_pkey on sbtest6  (cost=0.43..435.69 rows=111 width=121)
	        Index Cond: ((id >= 3417900) AND (id <= 3417999))

table 7 : explain SELECT c FROM sbtest7 WHERE id BETWEEN 5993760 AND 5993859 ORDER BY c
	Sort  (cost=421.23..421.49 rows=107 width=121)
	  Sort Key: c
	  ->  Index Scan using sbtest7_pkey on sbtest7  (cost=0.43..417.62 rows=107 width=121)
	        Index Cond: ((id >= 5993760) AND (id <= 5993859))

table 8 : explain SELECT c FROM sbtest8 WHERE id BETWEEN 6508969 AND 6509068 ORDER BY c
	Sort  (cost=392.53..392.78 rows=100 width=121)
	  Sort Key: c
	  ->  Index Scan using sbtest8_pkey on sbtest8  (cost=0.43..389.21 rows=100 width=121)
	        Index Cond: ((id >= 6508969) AND (id <= 6509068))

for: sum_ranges
table 1 : explain SELECT SUM(k) FROM sbtest1 WHERE id BETWEEN 8965929 AND 8966028
	Aggregate  (cost=386.40..386.41 rows=1 width=8)
	  ->  Index Scan using sbtest1_pkey on sbtest1  (cost=0.43..386.16 rows=98 width=4)
	        Index Cond: ((id >= 8965929) AND (id <= 8966028))

table 2 : explain SELECT SUM(k) FROM sbtest2 WHERE id BETWEEN 2060713 AND 2060812
	Aggregate  (cost=382.49..382.50 rows=1 width=8)
	  ->  Index Scan using sbtest2_pkey on sbtest2  (cost=0.43..382.25 rows=97 width=4)
	        Index Cond: ((id >= 2060713) AND (id <= 2060812))

table 3 : explain SELECT SUM(k) FROM sbtest3 WHERE id BETWEEN 5597464 AND 5597563
	Aggregate  (cost=373.45..373.46 rows=1 width=8)
	  ->  Index Scan using sbtest3_pkey on sbtest3  (cost=0.43..373.21 rows=95 width=4)
	        Index Cond: ((id >= 5597464) AND (id <= 5597563))

table 4 : explain SELECT SUM(k) FROM sbtest4 WHERE id BETWEEN 3656027 AND 3656126
	Aggregate  (cost=400.32..400.33 rows=1 width=8)
	  ->  Index Scan using sbtest4_pkey on sbtest4  (cost=0.43..400.07 rows=102 width=4)
	        Index Cond: ((id >= 3656027) AND (id <= 3656126))

table 5 : explain SELECT SUM(k) FROM sbtest5 WHERE id BETWEEN 452598 AND 452697
	Aggregate  (cost=383.94..383.95 rows=1 width=8)
	  ->  Index Scan using sbtest5_pkey on sbtest5  (cost=0.43..383.70 rows=98 width=4)
	        Index Cond: ((id >= 452598) AND (id <= 452697))

table 6 : explain SELECT SUM(k) FROM sbtest6 WHERE id BETWEEN 9190675 AND 9190774
	Aggregate  (cost=389.34..389.35 rows=1 width=8)
	  ->  Index Scan using sbtest6_pkey on sbtest6  (cost=0.43..389.09 rows=99 width=4)
	        Index Cond: ((id >= 9190675) AND (id <= 9190774))

table 7 : explain SELECT SUM(k) FROM sbtest7 WHERE id BETWEEN 5447497 AND 5447596
	Aggregate  (cost=356.06..356.07 rows=1 width=8)
	  ->  Index Scan using sbtest7_pkey on sbtest7  (cost=0.43..355.84 rows=91 width=4)
	        Index Cond: ((id >= 5447497) AND (id <= 5447596))

table 8 : explain SELECT SUM(k) FROM sbtest8 WHERE id BETWEEN 7360881 AND 7360980
	Aggregate  (cost=401.00..401.01 rows=1 width=8)
	  ->  Index Scan using sbtest8_pkey on sbtest8  (cost=0.43..400.74 rows=103 width=4)
	        Index Cond: ((id >= 7360881) AND (id <= 7360980))

explain: for index_updates :: explain UPDATE sbtest%u SET k=k+1 WHERE id=%u
for index_updates
table 1 : explain UPDATE sbtest1 SET k=k+1 WHERE id=8986350
	Update on sbtest1  (cost=0.43..8.46 rows=0 width=0)
	  ->  Index Scan using sbtest1_pkey on sbtest1  (cost=0.43..8.46 rows=1 width=10)
	        Index Cond: (id = 8986350)

table 2 : explain UPDATE sbtest2 SET k=k+1 WHERE id=1387284
	Update on sbtest2  (cost=0.43..8.46 rows=0 width=0)
	  ->  Index Scan using sbtest2_pkey on sbtest2  (cost=0.43..8.46 rows=1 width=10)
	        Index Cond: (id = 1387284)

table 3 : explain UPDATE sbtest3 SET k=k+1 WHERE id=9518251
	Update on sbtest3  (cost=0.43..8.46 rows=0 width=0)
	  ->  Index Scan using sbtest3_pkey on sbtest3  (cost=0.43..8.46 rows=1 width=10)
	        Index Cond: (id = 9518251)

table 4 : explain UPDATE sbtest4 SET k=k+1 WHERE id=6343276
	Update on sbtest4  (cost=0.43..8.46 rows=0 width=0)
	  ->  Index Scan using sbtest4_pkey on sbtest4  (cost=0.43..8.46 rows=1 width=10)
	        Index Cond: (id = 6343276)

table 5 : explain UPDATE sbtest5 SET k=k+1 WHERE id=5743502
	Update on sbtest5  (cost=0.43..8.46 rows=0 width=0)
	  ->  Index Scan using sbtest5_pkey on sbtest5  (cost=0.43..8.46 rows=1 width=10)
	        Index Cond: (id = 5743502)

table 6 : explain UPDATE sbtest6 SET k=k+1 WHERE id=2748298
	Update on sbtest6  (cost=0.43..8.46 rows=0 width=0)
	  ->  Index Scan using sbtest6_pkey on sbtest6  (cost=0.43..8.46 rows=1 width=10)
	        Index Cond: (id = 2748298)

table 7 : explain UPDATE sbtest7 SET k=k+1 WHERE id=5719005
	Update on sbtest7  (cost=0.43..8.46 rows=0 width=0)
	  ->  Index Scan using sbtest7_pkey on sbtest7  (cost=0.43..8.46 rows=1 width=10)
	        Index Cond: (id = 5719005)

table 8 : explain UPDATE sbtest8 SET k=k+1 WHERE id=1493587
	Update on sbtest8  (cost=0.43..8.46 rows=0 width=0)
	  ->  Index Scan using sbtest8_pkey on sbtest8  (cost=0.43..8.46 rows=1 width=10)
	        Index Cond: (id = 1493587)

for index_updates
table 1 : explain UPDATE sbtest1 SET k=k+1 WHERE id=4168141
	Update on sbtest1  (cost=0.43..8.46 rows=0 width=0)
	  ->  Index Scan using sbtest1_pkey on sbtest1  (cost=0.43..8.46 rows=1 width=10)
	        Index Cond: (id = 4168141)

table 2 : explain UPDATE sbtest2 SET k=k+1 WHERE id=4262533
	Update on sbtest2  (cost=0.43..8.46 rows=0 width=0)
	  ->  Index Scan using sbtest2_pkey on sbtest2  (cost=0.43..8.46 rows=1 width=10)
	        Index Cond: (id = 4262533)

table 3 : explain UPDATE sbtest3 SET k=k+1 WHERE id=6483127
	Update on sbtest3  (cost=0.43..8.46 rows=0 width=0)
	  ->  Index Scan using sbtest3_pkey on sbtest3  (cost=0.43..8.46 rows=1 width=10)
	        Index Cond: (id = 6483127)

table 4 : explain UPDATE sbtest4 SET k=k+1 WHERE id=993143
	Update on sbtest4  (cost=0.43..8.46 rows=0 width=0)
	  ->  Index Scan using sbtest4_pkey on sbtest4  (cost=0.43..8.46 rows=1 width=10)
	        Index Cond: (id = 993143)

table 5 : explain UPDATE sbtest5 SET k=k+1 WHERE id=8114056
	Update on sbtest5  (cost=0.43..8.46 rows=0 width=0)
	  ->  Index Scan using sbtest5_pkey on sbtest5  (cost=0.43..8.46 rows=1 width=10)
	        Index Cond: (id = 8114056)

table 6 : explain UPDATE sbtest6 SET k=k+1 WHERE id=6599274
	Update on sbtest6  (cost=0.43..8.46 rows=0 width=0)
	  ->  Index Scan using sbtest6_pkey on sbtest6  (cost=0.43..8.46 rows=1 width=10)
	        Index Cond: (id = 6599274)

table 7 : explain UPDATE sbtest7 SET k=k+1 WHERE id=5161579
	Update on sbtest7  (cost=0.43..8.46 rows=0 width=0)
	  ->  Index Scan using sbtest7_pkey on sbtest7  (cost=0.43..8.46 rows=1 width=10)
	        Index Cond: (id = 5161579)

table 8 : explain UPDATE sbtest8 SET k=k+1 WHERE id=8937042
	Update on sbtest8  (cost=0.43..8.46 rows=0 width=0)
	  ->  Index Scan using sbtest8_pkey on sbtest8  (cost=0.43..8.46 rows=1 width=10)
	        Index Cond: (id = 8937042)

for: sum_ranges
table 1 : explain SELECT SUM(k) FROM sbtest1 WHERE id BETWEEN 2362410 AND 2362509
	Aggregate  (cost=390.30..390.31 rows=1 width=8)
	  ->  Index Scan using sbtest1_pkey on sbtest1  (cost=0.43..390.05 rows=99 width=4)
	        Index Cond: ((id >= 2362410) AND (id <= 2362509))

table 2 : explain SELECT SUM(k) FROM sbtest2 WHERE id BETWEEN 1859360 AND 1859459
	Aggregate  (cost=386.39..386.40 rows=1 width=8)
	  ->  Index Scan using sbtest2_pkey on sbtest2  (cost=0.43..386.14 rows=98 width=4)
	        Index Cond: ((id >= 1859360) AND (id <= 1859459))

table 3 : explain SELECT SUM(k) FROM sbtest3 WHERE id BETWEEN 4757428 AND 4757527
	Aggregate  (cost=404.54..404.55 rows=1 width=8)
	  ->  Index Scan using sbtest3_pkey on sbtest3  (cost=0.43..404.28 rows=103 width=4)
	        Index Cond: ((id >= 4757428) AND (id <= 4757527))

table 4 : explain SELECT SUM(k) FROM sbtest4 WHERE id BETWEEN 1611831 AND 1611930
	Aggregate  (cost=380.89..380.90 rows=1 width=8)
	  ->  Index Scan using sbtest4_pkey on sbtest4  (cost=0.43..380.65 rows=97 width=4)
	        Index Cond: ((id >= 1611831) AND (id <= 1611930))

table 5 : explain SELECT SUM(k) FROM sbtest5 WHERE id BETWEEN 1780966 AND 1781065
	Aggregate  (cost=399.42..399.43 rows=1 width=8)
	  ->  Index Scan using sbtest5_pkey on sbtest5  (cost=0.43..399.17 rows=102 width=4)
	        Index Cond: ((id >= 1780966) AND (id <= 1781065))

table 6 : explain SELECT SUM(k) FROM sbtest6 WHERE id BETWEEN 1596619 AND 1596718
	Aggregate  (cost=373.77..373.78 rows=1 width=8)
	  ->  Index Scan using sbtest6_pkey on sbtest6  (cost=0.43..373.53 rows=95 width=4)
	        Index Cond: ((id >= 1596619) AND (id <= 1596718))

table 7 : explain SELECT SUM(k) FROM sbtest7 WHERE id BETWEEN 9379400 AND 9379499
	Aggregate  (cost=379.23..379.24 rows=1 width=8)
	  ->  Index Scan using sbtest7_pkey on sbtest7  (cost=0.43..378.99 rows=97 width=4)
	        Index Cond: ((id >= 9379400) AND (id <= 9379499))

table 8 : explain SELECT SUM(k) FROM sbtest8 WHERE id BETWEEN 8081569 AND 8081668
	Aggregate  (cost=416.39..416.40 rows=1 width=8)
	  ->  Index Scan using sbtest8_pkey on sbtest8  (cost=0.43..416.12 rows=107 width=4)
	        Index Cond: ((id >= 8081569) AND (id <= 8081668))

explain: for index_updates :: explain UPDATE sbtest%u SET k=k+1 WHERE id=%u
explain: for deletes :: explain DELETE FROM sbtest%u WHERE id=%u
for: order_ranges
table 1 : explain SELECT c FROM sbtest1 WHERE id BETWEEN 6357309 AND 6357408 ORDER BY c
	Sort  (cost=397.27..397.52 rows=100 width=121)
	  Sort Key: c
	  ->  Index Scan using sbtest1_pkey on sbtest1  (cost=0.43..393.94 rows=100 width=121)
	        Index Cond: ((id >= 6357309) AND (id <= 6357408))

table 2 : explain SELECT c FROM sbtest2 WHERE id BETWEEN 2640996 AND 2641095 ORDER BY c
	Sort  (cost=369.72..369.95 rows=93 width=121)
	  Sort Key: c
	  ->  Index Scan using sbtest2_pkey on sbtest2  (cost=0.43..366.68 rows=93 width=121)
	        Index Cond: ((id >= 2640996) AND (id <= 2641095))

table 3 : explain SELECT c FROM sbtest3 WHERE id BETWEEN 5582264 AND 5582363 ORDER BY c
	Sort  (cost=376.33..376.57 rows=95 width=121)
	  Sort Key: c
	  ->  Index Scan using sbtest3_pkey on sbtest3  (cost=0.43..373.21 rows=95 width=121)
	        Index Cond: ((id >= 5582264) AND (id <= 5582363))

table 4 : explain SELECT c FROM sbtest4 WHERE id BETWEEN 6363078 AND 6363177 ORDER BY c
	Sort  (cost=372.10..372.33 rows=94 width=121)
	  Sort Key: c
	  ->  Index Scan using sbtest4_pkey on sbtest4  (cost=0.43..369.02 rows=94 width=121)
	        Index Cond: ((id >= 6363078) AND (id <= 6363177))

table 5 : explain SELECT c FROM sbtest5 WHERE id BETWEEN 3033213 AND 3033312 ORDER BY c
	Sort  (cost=402.57..402.82 rows=102 width=121)
	  Sort Key: c
	  ->  Index Scan using sbtest5_pkey on sbtest5  (cost=0.43..399.17 rows=102 width=121)
	        Index Cond: ((id >= 3033213) AND (id <= 3033312))

table 6 : explain SELECT c FROM sbtest6 WHERE id BETWEEN 2217787 AND 2217886 ORDER BY c
	Sort  (cost=392.38..392.62 rows=99 width=121)
	  Sort Key: c
	  ->  Index Scan using sbtest6_pkey on sbtest6  (cost=0.43..389.09 rows=99 width=121)
	        Index Cond: ((id >= 2217787) AND (id <= 2217886))

table 7 : explain SELECT c FROM sbtest7 WHERE id BETWEEN 1044504 AND 1044603 ORDER BY c
	Sort  (cost=425.13..425.40 rows=108 width=121)
	  Sort Key: c
	  ->  Index Scan using sbtest7_pkey on sbtest7  (cost=0.43..421.48 rows=108 width=121)
	        Index Cond: ((id >= 1044504) AND (id <= 1044603))

table 8 : explain SELECT c FROM sbtest8 WHERE id BETWEEN 4608151 AND 4608250 ORDER BY c
	Sort  (cost=388.65..388.89 rows=99 width=121)
	  Sort Key: c
	  ->  Index Scan using sbtest8_pkey on sbtest8  (cost=0.43..385.36 rows=99 width=121)
	        Index Cond: ((id >= 4608151) AND (id <= 4608250))

for point_selects
table 1 : explain SELECT c FROM sbtest1 WHERE id=5940289
	Index Scan using sbtest1_pkey on sbtest1  (cost=0.43..8.45 rows=1 width=121)
	  Index Cond: (id = 5940289)

table 2 : explain SELECT c FROM sbtest2 WHERE id=2431636
	Index Scan using sbtest2_pkey on sbtest2  (cost=0.43..8.45 rows=1 width=121)
	  Index Cond: (id = 2431636)

table 3 : explain SELECT c FROM sbtest3 WHERE id=2908039
	Index Scan using sbtest3_pkey on sbtest3  (cost=0.43..8.45 rows=1 width=121)
	  Index Cond: (id = 2908039)

table 4 : explain SELECT c FROM sbtest4 WHERE id=5258790
	Index Scan using sbtest4_pkey on sbtest4  (cost=0.43..8.45 rows=1 width=121)
	  Index Cond: (id = 5258790)

table 5 : explain SELECT c FROM sbtest5 WHERE id=7376282
	Index Scan using sbtest5_pkey on sbtest5  (cost=0.43..8.45 rows=1 width=121)
	  Index Cond: (id = 7376282)

table 6 : explain SELECT c FROM sbtest6 WHERE id=5632387
	Index Scan using sbtest6_pkey on sbtest6  (cost=0.43..8.45 rows=1 width=121)
	  Index Cond: (id = 5632387)

table 7 : explain SELECT c FROM sbtest7 WHERE id=637106
	Index Scan using sbtest7_pkey on sbtest7  (cost=0.43..8.45 rows=1 width=121)
	  Index Cond: (id = 637106)

table 8 : explain SELECT c FROM sbtest8 WHERE id=8576844
	Index Scan using sbtest8_pkey on sbtest8  (cost=0.43..8.45 rows=1 width=121)
	  Index Cond: (id = 8576844)
for: distinct_ranges
table 1 : explain SELECT DISTINCT c FROM sbtest1 WHERE id BETWEEN 9232400 AND 9232499 ORDER BY c
	Unique  (cost=409.10..409.61 rows=103 width=121)
	  ->  Sort  (cost=409.10..409.36 rows=103 width=121)
	        Sort Key: c
	        ->  Index Scan using sbtest1_pkey on sbtest1  (cost=0.43..405.65 rows=103 width=121)
	              Index Cond: ((id >= 9232400) AND (id <= 9232499))

table 2 : explain SELECT DISTINCT c FROM sbtest2 WHERE id BETWEEN 8658911 AND 8659010 ORDER BY c
	Unique  (cost=409.08..409.60 rows=103 width=121)
	  ->  Sort  (cost=409.08..409.34 rows=103 width=121)
	        Sort Key: c
	        ->  Index Scan using sbtest2_pkey on sbtest2  (cost=0.43..405.64 rows=103 width=121)
	              Index Cond: ((id >= 8658911) AND (id <= 8659010))

table 3 : explain SELECT DISTINCT c FROM sbtest3 WHERE id BETWEEN 1940376 AND 1940475 ORDER BY c
	Unique  (cost=388.09..388.58 rows=98 width=121)
	  ->  Sort  (cost=388.09..388.34 rows=98 width=121)
	        Sort Key: c
	        ->  Index Scan using sbtest3_pkey on sbtest3  (cost=0.43..384.85 rows=98 width=121)
	              Index Cond: ((id >= 1940376) AND (id <= 1940475))

table 4 : explain SELECT DISTINCT c FROM sbtest4 WHERE id BETWEEN 9416872 AND 9416971 ORDER BY c
	Unique  (cost=372.10..372.57 rows=94 width=121)
	  ->  Sort  (cost=372.10..372.33 rows=94 width=121)
	        Sort Key: c
	        ->  Index Scan using sbtest4_pkey on sbtest4  (cost=0.43..369.02 rows=94 width=121)
	              Index Cond: ((id >= 9416872) AND (id <= 9416971))

table 5 : explain SELECT DISTINCT c FROM sbtest5 WHERE id BETWEEN 5077297 AND 5077396 ORDER BY c
	Unique  (cost=422.11..422.64 rows=107 width=121)
	  ->  Sort  (cost=422.11..422.38 rows=107 width=121)
	        Sort Key: c
	        ->  Index Scan using sbtest5_pkey on sbtest5  (cost=0.43..418.50 rows=107 width=121)
	              Index Cond: ((id >= 5077297) AND (id <= 5077396))

table 6 : explain SELECT DISTINCT c FROM sbtest6 WHERE id BETWEEN 3047550 AND 3047649 ORDER BY c
	Unique  (cost=376.65..377.12 rows=95 width=121)
	  ->  Sort  (cost=376.65..376.89 rows=95 width=121)
	        Sort Key: c
	        ->  Index Scan using sbtest6_pkey on sbtest6  (cost=0.43..373.53 rows=95 width=121)
	              Index Cond: ((id >= 3047550) AND (id <= 3047649))

table 7 : explain SELECT DISTINCT c FROM sbtest7 WHERE id BETWEEN 7998485 AND 7998584 ORDER BY c
	Unique  (cost=382.23..382.72 rows=97 width=121)
	  ->  Sort  (cost=382.23..382.47 rows=97 width=121)
	        Sort Key: c
	        ->  Index Scan using sbtest7_pkey on sbtest7  (cost=0.43..379.03 rows=97 width=121)
	              Index Cond: ((id >= 7998485) AND (id <= 7998584))

table 8 : explain SELECT DISTINCT c FROM sbtest8 WHERE id BETWEEN 40957 AND 41056 ORDER BY c
	Unique  (cost=373.06..373.54 rows=95 width=121)
	  ->  Sort  (cost=373.06..373.30 rows=95 width=121)
	        Sort Key: c
	        ->  Index Scan using sbtest8_pkey on sbtest8  (cost=0.43..369.94 rows=95 width=121)
	              Index Cond: ((id >= 40957) AND (id <= 41056))


for point_selects
table 1 : explain SELECT c FROM sbtest1 WHERE id=5186892
	Index Scan using sbtest1_pkey on sbtest1  (cost=0.43..8.45 rows=1 width=121)
	  Index Cond: (id = 5186892)

table 2 : explain SELECT c FROM sbtest2 WHERE id=2048674
	Index Scan using sbtest2_pkey on sbtest2  (cost=0.43..8.45 rows=1 width=121)
	  Index Cond: (id = 2048674)

table 3 : explain SELECT c FROM sbtest3 WHERE id=1652791
	Index Scan using sbtest3_pkey on sbtest3  (cost=0.43..8.45 rows=1 width=121)
	  Index Cond: (id = 1652791)

table 4 : explain SELECT c FROM sbtest4 WHERE id=3209141
	Index Scan using sbtest4_pkey on sbtest4  (cost=0.43..8.45 rows=1 width=121)
	  Index Cond: (id = 3209141)

table 5 : explain SELECT c FROM sbtest5 WHERE id=127583
	Index Scan using sbtest5_pkey on sbtest5  (cost=0.43..8.45 rows=1 width=121)
	  Index Cond: (id = 127583)

table 6 : explain SELECT c FROM sbtest6 WHERE id=9404735
	Index Scan using sbtest6_pkey on sbtest6  (cost=0.43..8.45 rows=1 width=121)
	  Index Cond: (id = 9404735)

table 7 : explain SELECT c FROM sbtest7 WHERE id=8779995
	Index Scan using sbtest7_pkey on sbtest7  (cost=0.43..8.45 rows=1 width=121)
	  Index Cond: (id = 8779995)

table 8 : explain SELECT c FROM sbtest8 WHERE id=8765225
	Index Scan using sbtest8_pkey on sbtest8  (cost=0.43..8.45 rows=1 width=121)
	  Index Cond: (id = 8765225)

for: sum_ranges
table 1 : explain SELECT SUM(k) FROM sbtest1 WHERE id BETWEEN 6429662 AND 6429761
	Aggregate  (cost=413.70..413.71 rows=1 width=8)
	  ->  Index Scan using sbtest1_pkey on sbtest1  (cost=0.43..413.44 rows=105 width=4)
	        Index Cond: ((id >= 6429662) AND (id <= 6429761))

table 2 : explain SELECT SUM(k) FROM sbtest2 WHERE id BETWEEN 2765078 AND 2765177
	Aggregate  (cost=382.49..382.50 rows=1 width=8)
	  ->  Index Scan using sbtest2_pkey on sbtest2  (cost=0.43..382.25 rows=97 width=4)
	        Index Cond: ((id >= 2765078) AND (id <= 2765177))

table 3 : explain SELECT SUM(k) FROM sbtest3 WHERE id BETWEEN 7854671 AND 7854770
	Aggregate  (cost=346.28..346.29 rows=1 width=8)
	  ->  Index Scan using sbtest3_pkey on sbtest3  (cost=0.43..346.06 rows=88 width=4)
	        Index Cond: ((id >= 7854671) AND (id <= 7854770))

table 4 : explain SELECT SUM(k) FROM sbtest4 WHERE id BETWEEN 2486812 AND 2486911
	Aggregate  (cost=380.89..380.90 rows=1 width=8)
	  ->  Index Scan using sbtest4_pkey on sbtest4  (cost=0.43..380.65 rows=97 width=4)
	        Index Cond: ((id >= 2486812) AND (id <= 2486911))

table 5 : explain SELECT SUM(k) FROM sbtest5 WHERE id BETWEEN 7395391 AND 7395490
	Aggregate  (cost=418.77..418.78 rows=1 width=8)
	  ->  Index Scan using sbtest5_pkey on sbtest5  (cost=0.43..418.50 rows=107 width=4)
	        Index Cond: ((id >= 7395391) AND (id <= 7395490))

table 6 : explain SELECT SUM(k) FROM sbtest6 WHERE id BETWEEN 8332680 AND 8332779
	Aggregate  (cost=401.00..401.01 rows=1 width=8)
	  ->  Index Scan using sbtest6_pkey on sbtest6  (cost=0.43..400.74 rows=102 width=4)
	        Index Cond: ((id >= 8332680) AND (id <= 8332779))

table 7 : explain SELECT SUM(k) FROM sbtest7 WHERE id BETWEEN 41026 AND 41125
	Aggregate  (cost=398.58..398.59 rows=1 width=8)
	  ->  Index Scan using sbtest7_pkey on sbtest7  (cost=0.43..398.33 rows=102 width=4)
	        Index Cond: ((id >= 41026) AND (id <= 41125))

table 8 : explain SELECT SUM(k) FROM sbtest8 WHERE id BETWEEN 5414582 AND 5414681
	Aggregate  (cost=339.40..339.41 rows=1 width=8)
	  ->  Index Scan using sbtest8_pkey on sbtest8  (cost=0.43..339.18 rows=87 width=4)
	        Index Cond: ((id >= 5414582) AND (id <= 5414681))

explain: for non_index_updates :: explain UPDATE sbtest%u SET c='foobar' WHERE id=%u
for: order_ranges
table 1 : explain SELECT c FROM sbtest1 WHERE id BETWEEN 4511158 AND 4511257 ORDER BY c
	Sort  (cost=373.66..373.90 rows=94 width=121)
	  Sort Key: c
	  ->  Index Scan using sbtest1_pkey on sbtest1  (cost=0.43..370.58 rows=94 width=121)
	        Index Cond: ((id >= 4511158) AND (id <= 4511257))

table 2 : explain SELECT c FROM sbtest2 WHERE id BETWEEN 5311859 AND 5311958 ORDER BY c
	Sort  (cost=397.28..397.53 rows=100 width=121)
	  Sort Key: c
	  ->  Index Scan using sbtest2_pkey on sbtest2  (cost=0.43..393.96 rows=100 width=121)
	        Index Cond: ((id >= 5311859) AND (id <= 5311958))

table 3 : explain SELECT c FROM sbtest3 WHERE id BETWEEN 3153767 AND 3153866 ORDER BY c
	Sort  (cost=399.89..400.14 rows=101 width=121)
	  Sort Key: c
	  ->  Index Scan using sbtest3_pkey on sbtest3  (cost=0.43..396.53 rows=101 width=121)
	        Index Cond: ((id >= 3153767) AND (id <= 3153866))

table 4 : explain SELECT c FROM sbtest4 WHERE id BETWEEN 209186 AND 209285 ORDER BY c
	Sort  (cost=415.22..415.48 rows=105 width=121)
	  Sort Key: c
	  ->  Index Scan using sbtest4_pkey on sbtest4  (cost=0.43..411.69 rows=105 width=121)
	        Index Cond: ((id >= 209186) AND (id <= 209285))

table 5 : explain SELECT c FROM sbtest5 WHERE id BETWEEN 2908013 AND 2908112 ORDER BY c
	Sort  (cost=367.36..367.60 rows=93 width=121)
	  Sort Key: c
	  ->  Index Scan using sbtest5_pkey on sbtest5  (cost=0.43..364.32 rows=93 width=121)
	        Index Cond: ((id >= 2908013) AND (id <= 2908112))

table 6 : explain SELECT c FROM sbtest6 WHERE id BETWEEN 7821652 AND 7821751 ORDER BY c
	Sort  (cost=372.73..372.96 rows=94 width=121)
	  Sort Key: c
	  ->  Index Scan using sbtest6_pkey on sbtest6  (cost=0.43..369.65 rows=94 width=121)
	        Index Cond: ((id >= 7821652) AND (id <= 7821751))

table 7 : explain SELECT c FROM sbtest7 WHERE id BETWEEN 1705429 AND 1705528 ORDER BY c
	Sort  (cost=432.93..433.20 rows=110 width=121)
	  Sort Key: c
	  ->  Index Scan using sbtest7_pkey on sbtest7  (cost=0.43..429.20 rows=110 width=121)
	        Index Cond: ((id >= 1705429) AND (id <= 1705528))

table 8 : explain SELECT c FROM sbtest8 WHERE id BETWEEN 9712428 AND 9712527 ORDER BY c
	Sort  (cost=380.88..381.12 rows=97 width=121)
	  Sort Key: c
	  ->  Index Scan using sbtest8_pkey on sbtest8  (cost=0.43..377.67 rows=97 width=121)
	        Index Cond: ((id >= 9712428) AND (id <= 9712527))

for point_selects
table 1 : explain SELECT c FROM sbtest1 WHERE id=1247675
	Index Scan using sbtest1_pkey on sbtest1  (cost=0.43..8.45 rows=1 width=121)
	  Index Cond: (id = 1247675)

table 2 : explain SELECT c FROM sbtest2 WHERE id=618929
	Index Scan using sbtest2_pkey on sbtest2  (cost=0.43..8.45 rows=1 width=121)
	  Index Cond: (id = 618929)

table 3 : explain SELECT c FROM sbtest3 WHERE id=3731348
	Index Scan using sbtest3_pkey on sbtest3  (cost=0.43..8.45 rows=1 width=121)
	  Index Cond: (id = 3731348)

table 4 : explain SELECT c FROM sbtest4 WHERE id=7329899
	Index Scan using sbtest4_pkey on sbtest4  (cost=0.43..8.45 rows=1 width=121)
	  Index Cond: (id = 7329899)

table 5 : explain SELECT c FROM sbtest5 WHERE id=5440369
	Index Scan using sbtest5_pkey on sbtest5  (cost=0.43..8.45 rows=1 width=121)
	  Index Cond: (id = 5440369)

table 6 : explain SELECT c FROM sbtest6 WHERE id=3394005
	Index Scan using sbtest6_pkey on sbtest6  (cost=0.43..8.45 rows=1 width=121)
	  Index Cond: (id = 3394005)

table 7 : explain SELECT c FROM sbtest7 WHERE id=2905865
	Index Scan using sbtest7_pkey on sbtest7  (cost=0.43..8.45 rows=1 width=121)
	  Index Cond: (id = 2905865)

table 8 : explain SELECT c FROM sbtest8 WHERE id=5363228
	Index Scan using sbtest8_pkey on sbtest8  (cost=0.43..8.45 rows=1 width=121)
	  Index Cond: (id = 5363228)

explain: for non_index_updates :: explain UPDATE sbtest%u SET c='foobar' WHERE id=%u
for deletes
table 1 : explain DELETE FROM sbtest1 WHERE id=1055823
	Delete on sbtest1  (cost=0.43..8.45 rows=0 width=0)
	  ->  Index Scan using sbtest1_pkey on sbtest1  (cost=0.43..8.45 rows=1 width=6)
	        Index Cond: (id = 1055823)

table 2 : explain DELETE FROM sbtest2 WHERE id=9484319
	Delete on sbtest2  (cost=0.43..8.45 rows=0 width=0)
	  ->  Index Scan using sbtest2_pkey on sbtest2  (cost=0.43..8.45 rows=1 width=6)
	        Index Cond: (id = 9484319)

table 3 : explain DELETE FROM sbtest3 WHERE id=1189058
	Delete on sbtest3  (cost=0.43..8.45 rows=0 width=0)
	  ->  Index Scan using sbtest3_pkey on sbtest3  (cost=0.43..8.45 rows=1 width=6)
	        Index Cond: (id = 1189058)

table 4 : explain DELETE FROM sbtest4 WHERE id=8699871
	Delete on sbtest4  (cost=0.43..8.45 rows=0 width=0)
	  ->  Index Scan using sbtest4_pkey on sbtest4  (cost=0.43..8.45 rows=1 width=6)
	        Index Cond: (id = 8699871)

table 5 : explain DELETE FROM sbtest5 WHERE id=4097203
	Delete on sbtest5  (cost=0.43..8.45 rows=0 width=0)
	  ->  Index Scan using sbtest5_pkey on sbtest5  (cost=0.43..8.45 rows=1 width=6)
	        Index Cond: (id = 4097203)

table 6 : explain DELETE FROM sbtest6 WHERE id=17604
	Delete on sbtest6  (cost=0.43..8.45 rows=0 width=0)
	  ->  Index Scan using sbtest6_pkey on sbtest6  (cost=0.43..8.45 rows=1 width=6)
	        Index Cond: (id = 17604)

table 7 : explain DELETE FROM sbtest7 WHERE id=8365258
	Delete on sbtest7  (cost=0.43..8.45 rows=0 width=0)
	  ->  Index Scan using sbtest7_pkey on sbtest7  (cost=0.43..8.45 rows=1 width=6)
	        Index Cond: (id = 8365258)

table 8 : explain DELETE FROM sbtest8 WHERE id=4340636
	Delete on sbtest8  (cost=0.43..8.45 rows=0 width=0)
	  ->  Index Scan using sbtest8_pkey on sbtest8  (cost=0.43..8.45 rows=1 width=6)
	        Index Cond: (id = 4340636)

for non_index_updates
table 1 : explain UPDATE sbtest1 SET c='foobar' WHERE id=8067514
	Update on sbtest1  (cost=0.43..8.45 rows=0 width=0)
	  ->  Index Scan using sbtest1_pkey on sbtest1  (cost=0.43..8.45 rows=1 width=490)
	        Index Cond: (id = 8067514)

table 2 : explain UPDATE sbtest2 SET c='foobar' WHERE id=646743
	Update on sbtest2  (cost=0.43..8.45 rows=0 width=0)
	  ->  Index Scan using sbtest2_pkey on sbtest2  (cost=0.43..8.45 rows=1 width=490)
	        Index Cond: (id = 646743)

table 3 : explain UPDATE sbtest3 SET c='foobar' WHERE id=2626730
	Update on sbtest3  (cost=0.43..8.45 rows=0 width=0)
	  ->  Index Scan using sbtest3_pkey on sbtest3  (cost=0.43..8.45 rows=1 width=490)
	        Index Cond: (id = 2626730)

table 4 : explain UPDATE sbtest4 SET c='foobar' WHERE id=3404057
	Update on sbtest4  (cost=0.43..8.45 rows=0 width=0)
	  ->  Index Scan using sbtest4_pkey on sbtest4  (cost=0.43..8.45 rows=1 width=490)
	        Index Cond: (id = 3404057)

table 5 : explain UPDATE sbtest5 SET c='foobar' WHERE id=4040247
	Update on sbtest5  (cost=0.43..8.45 rows=0 width=0)
	  ->  Index Scan using sbtest5_pkey on sbtest5  (cost=0.43..8.45 rows=1 width=490)
	        Index Cond: (id = 4040247)

table 6 : explain UPDATE sbtest6 SET c='foobar' WHERE id=1962967
	Update on sbtest6  (cost=0.43..8.45 rows=0 width=0)
	  ->  Index Scan using sbtest6_pkey on sbtest6  (cost=0.43..8.45 rows=1 width=490)
	        Index Cond: (id = 1962967)

table 7 : explain UPDATE sbtest7 SET c='foobar' WHERE id=5283088
	Update on sbtest7  (cost=0.43..8.45 rows=0 width=0)
	  ->  Index Scan using sbtest7_pkey on sbtest7  (cost=0.43..8.45 rows=1 width=490)
	        Index Cond: (id = 5283088)

table 8 : explain UPDATE sbtest8 SET c='foobar' WHERE id=5047623
	Update on sbtest8  (cost=0.43..8.45 rows=0 width=0)
	  ->  Index Scan using sbtest8_pkey on sbtest8  (cost=0.43..8.45 rows=1 width=490)
	        Index Cond: (id = 5047623)

explain: for index_updates :: explain UPDATE sbtest%u SET k=k+1 WHERE id=%u
explain: for point_selects :: explain SELECT c FROM sbtest%u WHERE id=%u
explain: for deletes :: explain DELETE FROM sbtest%u WHERE id=%u
for index_updates
table 1 : explain UPDATE sbtest1 SET k=k+1 WHERE id=7283639
	Update on sbtest1  (cost=0.43..8.46 rows=0 width=0)
	  ->  Index Scan using sbtest1_pkey on sbtest1  (cost=0.43..8.46 rows=1 width=10)
	        Index Cond: (id = 7283639)

table 2 : explain UPDATE sbtest2 SET k=k+1 WHERE id=9143046
	Update on sbtest2  (cost=0.43..8.46 rows=0 width=0)
	  ->  Index Scan using sbtest2_pkey on sbtest2  (cost=0.43..8.46 rows=1 width=10)
	        Index Cond: (id = 9143046)

table 3 : explain UPDATE sbtest3 SET k=k+1 WHERE id=9836261
	Update on sbtest3  (cost=0.43..8.46 rows=0 width=0)
	  ->  Index Scan using sbtest3_pkey on sbtest3  (cost=0.43..8.46 rows=1 width=10)
	        Index Cond: (id = 9836261)

table 4 : explain UPDATE sbtest4 SET k=k+1 WHERE id=7799063
	Update on sbtest4  (cost=0.43..8.46 rows=0 width=0)
	  ->  Index Scan using sbtest4_pkey on sbtest4  (cost=0.43..8.46 rows=1 width=10)
	        Index Cond: (id = 7799063)

table 5 : explain UPDATE sbtest5 SET k=k+1 WHERE id=9475274
	Update on sbtest5  (cost=0.43..8.46 rows=0 width=0)
	  ->  Index Scan using sbtest5_pkey on sbtest5  (cost=0.43..8.46 rows=1 width=10)
	        Index Cond: (id = 9475274)

table 6 : explain UPDATE sbtest6 SET k=k+1 WHERE id=1751487
	Update on sbtest6  (cost=0.43..8.46 rows=0 width=0)
	  ->  Index Scan using sbtest6_pkey on sbtest6  (cost=0.43..8.46 rows=1 width=10)
	        Index Cond: (id = 1751487)

table 7 : explain UPDATE sbtest7 SET k=k+1 WHERE id=1872332
	Update on sbtest7  (cost=0.43..8.46 rows=0 width=0)
	  ->  Index Scan using sbtest7_pkey on sbtest7  (cost=0.43..8.46 rows=1 width=10)
	        Index Cond: (id = 1872332)

table 8 : explain UPDATE sbtest8 SET k=k+1 WHERE id=3434481
	Update on sbtest8  (cost=0.43..8.46 rows=0 width=0)
	  ->  Index Scan using sbtest8_pkey on sbtest8  (cost=0.43..8.46 rows=1 width=10)
	        Index Cond: (id = 3434481)

for index_updates
table 1 : explain UPDATE sbtest1 SET k=k+1 WHERE id=7246255
	Update on sbtest1  (cost=0.43..8.46 rows=0 width=0)
	  ->  Index Scan using sbtest1_pkey on sbtest1  (cost=0.43..8.46 rows=1 width=10)
	        Index Cond: (id = 7246255)

table 2 : explain UPDATE sbtest2 SET k=k+1 WHERE id=482755
	Update on sbtest2  (cost=0.43..8.46 rows=0 width=0)
	  ->  Index Scan using sbtest2_pkey on sbtest2  (cost=0.43..8.46 rows=1 width=10)
	        Index Cond: (id = 482755)

table 3 : explain UPDATE sbtest3 SET k=k+1 WHERE id=7272114
	Update on sbtest3  (cost=0.43..8.46 rows=0 width=0)
	  ->  Index Scan using sbtest3_pkey on sbtest3  (cost=0.43..8.46 rows=1 width=10)
	        Index Cond: (id = 7272114)

table 4 : explain UPDATE sbtest4 SET k=k+1 WHERE id=6680724
	Update on sbtest4  (cost=0.43..8.46 rows=0 width=0)
	  ->  Index Scan using sbtest4_pkey on sbtest4  (cost=0.43..8.46 rows=1 width=10)
	        Index Cond: (id = 6680724)

table 5 : explain UPDATE sbtest5 SET k=k+1 WHERE id=9112915
	Update on sbtest5  (cost=0.43..8.46 rows=0 width=0)
	  ->  Index Scan using sbtest5_pkey on sbtest5  (cost=0.43..8.46 rows=1 width=10)
	        Index Cond: (id = 9112915)

table 6 : explain UPDATE sbtest6 SET k=k+1 WHERE id=2454165
	Update on sbtest6  (cost=0.43..8.46 rows=0 width=0)
	  ->  Index Scan using sbtest6_pkey on sbtest6  (cost=0.43..8.46 rows=1 width=10)
	        Index Cond: (id = 2454165)

table 7 : explain UPDATE sbtest7 SET k=k+1 WHERE id=9190109
	Update on sbtest7  (cost=0.43..8.46 rows=0 width=0)
	  ->  Index Scan using sbtest7_pkey on sbtest7  (cost=0.43..8.46 rows=1 width=10)
	        Index Cond: (id = 9190109)

table 8 : explain UPDATE sbtest8 SET k=k+1 WHERE id=7273461
	Update on sbtest8  (cost=0.43..8.46 rows=0 width=0)
	  ->  Index Scan using sbtest8_pkey on sbtest8  (cost=0.43..8.46 rows=1 width=10)
	        Index Cond: (id = 7273461)

for: order_ranges
table 1 : explain SELECT c FROM sbtest1 WHERE id BETWEEN 7864705 AND 7864804 ORDER BY c
	Sort  (cost=393.33..393.58 rows=99 width=121)
	  Sort Key: c
	  ->  Index Scan using sbtest1_pkey on sbtest1  (cost=0.43..390.05 rows=99 width=121)
	        Index Cond: ((id >= 7864705) AND (id <= 7864804))

table 2 : explain SELECT c FROM sbtest2 WHERE id BETWEEN 5067722 AND 5067821 ORDER BY c
	Sort  (cost=350.05..350.27 rows=88 width=121)
	  Sort Key: c
	  ->  Index Scan using sbtest2_pkey on sbtest2  (cost=0.43..347.21 rows=88 width=121)
	        Index Cond: ((id >= 5067722) AND (id <= 5067821))

table 3 : explain SELECT c FROM sbtest3 WHERE id BETWEEN 9035424 AND 9035523 ORDER BY c
	Sort  (cost=399.89..400.14 rows=101 width=121)
	  Sort Key: c
	  ->  Index Scan using sbtest3_pkey on sbtest3  (cost=0.43..396.53 rows=101 width=121)
	        Index Cond: ((id >= 9035424) AND (id <= 9035523))

table 4 : explain SELECT c FROM sbtest4 WHERE id BETWEEN 275602 AND 275701 ORDER BY c
	Sort  (cost=415.22..415.48 rows=105 width=121)
	  Sort Key: c
	  ->  Index Scan using sbtest4_pkey on sbtest4  (cost=0.43..411.69 rows=105 width=121)
	        Index Cond: ((id >= 275602) AND (id <= 275701))

table 5 : explain SELECT c FROM sbtest5 WHERE id BETWEEN 659745 AND 659844 ORDER BY c
	Sort  (cost=371.27..371.51 rows=94 width=121)
	  Sort Key: c
	  ->  Index Scan using sbtest5_pkey on sbtest5  (cost=0.43..368.19 rows=94 width=121)
	        Index Cond: ((id >= 659745) AND (id <= 659844))

table 6 : explain SELECT c FROM sbtest6 WHERE id BETWEEN 6090013 AND 6090112 ORDER BY c
	Sort  (cost=447.31..447.59 rows=113 width=121)
	  Sort Key: c
	  ->  Index Scan using sbtest6_pkey on sbtest6  (cost=0.43..443.46 rows=113 width=121)
	        Index Cond: ((id >= 6090013) AND (id <= 6090112))

table 7 : explain SELECT c FROM sbtest7 WHERE id BETWEEN 5777777 AND 5777876 ORDER BY c
	Sort  (cost=405.63..405.89 rows=103 width=121)
	  Sort Key: c
	  ->  Index Scan using sbtest7_pkey on sbtest7  (cost=0.43..402.18 rows=103 width=121)
	        Index Cond: ((id >= 5777777) AND (id <= 5777876))

table 8 : explain SELECT c FROM sbtest8 WHERE id BETWEEN 7016470 AND 7016569 ORDER BY c
	Sort  (cost=400.30..400.56 rows=102 width=121)
	  Sort Key: c
	  ->  Index Scan using sbtest8_pkey on sbtest8  (cost=0.43..396.90 rows=102 width=121)
	        Index Cond: ((id >= 7016470) AND (id <= 7016569))

for non_index_updates
table 1 : explain UPDATE sbtest1 SET c='foobar' WHERE id=9093050
	Update on sbtest1  (cost=0.43..8.45 rows=0 width=0)
	  ->  Index Scan using sbtest1_pkey on sbtest1  (cost=0.43..8.45 rows=1 width=490)
	        Index Cond: (id = 9093050)

table 2 : explain UPDATE sbtest2 SET c='foobar' WHERE id=9055841
	Update on sbtest2  (cost=0.43..8.45 rows=0 width=0)
	  ->  Index Scan using sbtest2_pkey on sbtest2  (cost=0.43..8.45 rows=1 width=490)
	        Index Cond: (id = 9055841)

table 3 : explain UPDATE sbtest3 SET c='foobar' WHERE id=4900819
	Update on sbtest3  (cost=0.43..8.45 rows=0 width=0)
	  ->  Index Scan using sbtest3_pkey on sbtest3  (cost=0.43..8.45 rows=1 width=490)
	        Index Cond: (id = 4900819)

table 4 : explain UPDATE sbtest4 SET c='foobar' WHERE id=5315672
	Update on sbtest4  (cost=0.43..8.45 rows=0 width=0)
	  ->  Index Scan using sbtest4_pkey on sbtest4  (cost=0.43..8.45 rows=1 width=490)
	        Index Cond: (id = 5315672)

table 5 : explain UPDATE sbtest5 SET c='foobar' WHERE id=8010203
	Update on sbtest5  (cost=0.43..8.45 rows=0 width=0)
	  ->  Index Scan using sbtest5_pkey on sbtest5  (cost=0.43..8.45 rows=1 width=490)
	        Index Cond: (id = 8010203)

table 6 : explain UPDATE sbtest6 SET c='foobar' WHERE id=6184671
	Update on sbtest6  (cost=0.43..8.45 rows=0 width=0)
	  ->  Index Scan using sbtest6_pkey on sbtest6  (cost=0.43..8.45 rows=1 width=490)
	        Index Cond: (id = 6184671)

table 7 : explain UPDATE sbtest7 SET c='foobar' WHERE id=3638589
	Update on sbtest7  (cost=0.43..8.45 rows=0 width=0)
	  ->  Index Scan using sbtest7_pkey on sbtest7  (cost=0.43..8.45 rows=1 width=490)
	        Index Cond: (id = 3638589)

table 8 : explain UPDATE sbtest8 SET c='foobar' WHERE id=9337477
	Update on sbtest8  (cost=0.43..8.45 rows=0 width=0)
	  ->  Index Scan using sbtest8_pkey on sbtest8  (cost=0.43..8.45 rows=1 width=490)
	        Index Cond: (id = 9337477)

for non_index_updates
table 1 : explain UPDATE sbtest1 SET c='foobar' WHERE id=666397
	Update on sbtest1  (cost=0.43..8.45 rows=0 width=0)
	  ->  Index Scan using sbtest1_pkey on sbtest1  (cost=0.43..8.45 rows=1 width=490)
	        Index Cond: (id = 666397)

table 2 : explain UPDATE sbtest2 SET c='foobar' WHERE id=3676272
	Update on sbtest2  (cost=0.43..8.45 rows=0 width=0)
	  ->  Index Scan using sbtest2_pkey on sbtest2  (cost=0.43..8.45 rows=1 width=490)
	        Index Cond: (id = 3676272)

table 3 : explain UPDATE sbtest3 SET c='foobar' WHERE id=6466981
	Update on sbtest3  (cost=0.43..8.45 rows=0 width=0)
	  ->  Index Scan using sbtest3_pkey on sbtest3  (cost=0.43..8.45 rows=1 width=490)
	        Index Cond: (id = 6466981)

table 4 : explain UPDATE sbtest4 SET c='foobar' WHERE id=1703730
	Update on sbtest4  (cost=0.43..8.45 rows=0 width=0)
	  ->  Index Scan using sbtest4_pkey on sbtest4  (cost=0.43..8.45 rows=1 width=490)
	        Index Cond: (id = 1703730)

table 5 : explain UPDATE sbtest5 SET c='foobar' WHERE id=9214096
	Update on sbtest5  (cost=0.43..8.45 rows=0 width=0)
	  ->  Index Scan using sbtest5_pkey on sbtest5  (cost=0.43..8.45 rows=1 width=490)
	        Index Cond: (id = 9214096)

table 6 : explain UPDATE sbtest6 SET c='foobar' WHERE id=466654
	Update on sbtest6  (cost=0.43..8.45 rows=0 width=0)
	  ->  Index Scan using sbtest6_pkey on sbtest6  (cost=0.43..8.45 rows=1 width=490)
	        Index Cond: (id = 466654)

table 7 : explain UPDATE sbtest7 SET c='foobar' WHERE id=7542314
	Update on sbtest7  (cost=0.43..8.45 rows=0 width=0)
	  ->  Index Scan using sbtest7_pkey on sbtest7  (cost=0.43..8.45 rows=1 width=490)
	        Index Cond: (id = 7542314)

table 8 : explain UPDATE sbtest8 SET c='foobar' WHERE id=1056590
	Update on sbtest8  (cost=0.43..8.45 rows=0 width=0)
	  ->  Index Scan using sbtest8_pkey on sbtest8  (cost=0.43..8.45 rows=1 width=490)
	        Index Cond: (id = 1056590)

for point_selects
table 1 : explain SELECT c FROM sbtest1 WHERE id=4889797
	Index Scan using sbtest1_pkey on sbtest1  (cost=0.43..8.45 rows=1 width=121)
	  Index Cond: (id = 4889797)

table 2 : explain SELECT c FROM sbtest2 WHERE id=2291212
	Index Scan using sbtest2_pkey on sbtest2  (cost=0.43..8.45 rows=1 width=121)
	  Index Cond: (id = 2291212)

table 3 : explain SELECT c FROM sbtest3 WHERE id=1205715
	Index Scan using sbtest3_pkey on sbtest3  (cost=0.43..8.45 rows=1 width=121)
	  Index Cond: (id = 1205715)

table 4 : explain SELECT c FROM sbtest4 WHERE id=2089737
	Index Scan using sbtest4_pkey on sbtest4  (cost=0.43..8.45 rows=1 width=121)
	  Index Cond: (id = 2089737)

table 5 : explain SELECT c FROM sbtest5 WHERE id=4314941
	Index Scan using sbtest5_pkey on sbtest5  (cost=0.43..8.45 rows=1 width=121)
	  Index Cond: (id = 4314941)

table 6 : explain SELECT c FROM sbtest6 WHERE id=4357807
	Index Scan using sbtest6_pkey on sbtest6  (cost=0.43..8.45 rows=1 width=121)
	  Index Cond: (id = 4357807)

table 7 : explain SELECT c FROM sbtest7 WHERE id=3149080
	Index Scan using sbtest7_pkey on sbtest7  (cost=0.43..8.45 rows=1 width=121)
	  Index Cond: (id = 3149080)

table 8 : explain SELECT c FROM sbtest8 WHERE id=5033112
	Index Scan using sbtest8_pkey on sbtest8  (cost=0.43..8.45 rows=1 width=121)
	  Index Cond: (id = 5033112)

explain: for inserts :: explain INSERT INTO sbtest%u (id, k, c, pad) VALUES (%u, 13, 'foobar', 'foobar')
for: distinct_ranges
table 1 : explain SELECT DISTINCT c FROM sbtest1 WHERE id BETWEEN 3069634 AND 3069733 ORDER BY c
	Unique  (cost=420.90..421.43 rows=106 width=121)
	  ->  Sort  (cost=420.90..421.17 rows=106 width=121)
	        Sort Key: c
	        ->  Index Scan using sbtest1_pkey on sbtest1  (cost=0.43..417.33 rows=106 width=121)
	              Index Cond: ((id >= 3069634) AND (id <= 3069733))

table 2 : explain SELECT DISTINCT c FROM sbtest2 WHERE id BETWEEN 2447995 AND 2448094 ORDER BY c
	Unique  (cost=377.58..378.06 rows=95 width=121)
	  ->  Sort  (cost=377.58..377.82 rows=95 width=121)
	        Sort Key: c
	        ->  Index Scan using sbtest2_pkey on sbtest2  (cost=0.43..374.46 rows=95 width=121)
	              Index Cond: ((id >= 2447995) AND (id <= 2448094))

table 3 : explain SELECT DISTINCT c FROM sbtest3 WHERE id BETWEEN 2696646 AND 2696745 ORDER BY c
	Unique  (cost=384.17..384.66 rows=97 width=121)
	  ->  Sort  (cost=384.17..384.42 rows=97 width=121)
	        Sort Key: c
	        ->  Index Scan using sbtest3_pkey on sbtest3  (cost=0.43..380.97 rows=97 width=121)
	              Index Cond: ((id >= 2696646) AND (id <= 2696745))

table 4 : explain SELECT DISTINCT c FROM sbtest4 WHERE id BETWEEN 4739028 AND 4739127 ORDER BY c
	Unique  (cost=426.97..427.51 rows=108 width=121)
	  ->  Sort  (cost=426.97..427.24 rows=108 width=121)
	        Sort Key: c
	        ->  Index Scan using sbtest4_pkey on sbtest4  (cost=0.43..423.32 rows=108 width=121)
	              Index Cond: ((id >= 4739028) AND (id <= 4739127))

table 5 : explain SELECT DISTINCT c FROM sbtest5 WHERE id BETWEEN 9924849 AND 9924948 ORDER BY c
	Unique  (cost=371.27..371.74 rows=94 width=121)
	  ->  Sort  (cost=371.27..371.51 rows=94 width=121)
	        Sort Key: c
	        ->  Index Scan using sbtest5_pkey on sbtest5  (cost=0.43..368.19 rows=94 width=121)
	              Index Cond: ((id >= 9924849) AND (id <= 9924948))

table 6 : explain SELECT DISTINCT c FROM sbtest6 WHERE id BETWEEN 4397702 AND 4397801 ORDER BY c
	Unique  (cost=404.15..404.66 rows=102 width=121)
	  ->  Sort  (cost=404.15..404.40 rows=102 width=121)
	        Sort Key: c
	        ->  Index Scan using sbtest6_pkey on sbtest6  (cost=0.43..400.74 rows=102 width=121)
	              Index Cond: ((id >= 4397702) AND (id <= 4397801))

table 7 : explain SELECT DISTINCT c FROM sbtest7 WHERE id BETWEEN 4299510 AND 4299609 ORDER BY c
	Unique  (cost=413.43..413.95 rows=105 width=121)
	  ->  Sort  (cost=413.43..413.69 rows=105 width=121)
	        Sort Key: c
	        ->  Index Scan using sbtest7_pkey on sbtest7  (cost=0.43..409.90 rows=105 width=121)
	              Index Cond: ((id >= 4299510) AND (id <= 4299609))

table 8 : explain SELECT DISTINCT c FROM sbtest8 WHERE id BETWEEN 6665321 AND 6665420 ORDER BY c
	Unique  (cost=423.61..424.15 rows=108 width=121)
	  ->  Sort  (cost=423.61..423.88 rows=108 width=121)
	        Sort Key: c
	        ->  Index Scan using sbtest8_pkey on sbtest8  (cost=0.43..419.97 rows=108 width=121)
	              Index Cond: ((id >= 6665321) AND (id <= 6665420))

for: order_ranges
table 1 : explain SELECT c FROM sbtest1 WHERE id BETWEEN 5528180 AND 5528279 ORDER BY c
	Sort  (cost=432.70..432.97 rows=109 width=121)
	  Sort Key: c
	  ->  Index Scan using sbtest1_pkey on sbtest1  (cost=0.43..429.01 rows=109 width=121)
	        Index Cond: ((id >= 5528180) AND (id <= 5528279))

table 2 : explain SELECT c FROM sbtest2 WHERE id BETWEEN 2768347 AND 2768446 ORDER BY c
	Sort  (cost=385.45..385.69 rows=97 width=121)
	  Sort Key: c
	  ->  Index Scan using sbtest2_pkey on sbtest2  (cost=0.43..382.25 rows=97 width=121)
	        Index Cond: ((id >= 2768347) AND (id <= 2768446))

table 3 : explain SELECT c FROM sbtest3 WHERE id BETWEEN 6801453 AND 6801552 ORDER BY c
	Sort  (cost=384.17..384.42 rows=97 width=121)
	  Sort Key: c
	  ->  Index Scan using sbtest3_pkey on sbtest3  (cost=0.43..380.97 rows=97 width=121)
	        Index Cond: ((id >= 6801453) AND (id <= 6801552))

table 4 : explain SELECT c FROM sbtest4 WHERE id BETWEEN 3960849 AND 3960948 ORDER BY c
	Sort  (cost=387.77..388.01 rows=98 width=121)
	  Sort Key: c
	  ->  Index Scan using sbtest4_pkey on sbtest4  (cost=0.43..384.52 rows=98 width=121)
	        Index Cond: ((id >= 3960849) AND (id <= 3960948))

table 5 : explain SELECT c FROM sbtest5 WHERE id BETWEEN 894727 AND 894826 ORDER BY c
	Sort  (cost=386.90..387.15 rows=98 width=121)
	  Sort Key: c
	  ->  Index Scan using sbtest5_pkey on sbtest5  (cost=0.43..383.66 rows=98 width=121)
	        Index Cond: ((id >= 894727) AND (id <= 894826))

table 6 : explain SELECT c FROM sbtest6 WHERE id BETWEEN 5940765 AND 5940864 ORDER BY c
	Sort  (cost=388.45..388.70 rows=98 width=121)
	  Sort Key: c
	  ->  Index Scan using sbtest6_pkey on sbtest6  (cost=0.43..385.21 rows=98 width=121)
	        Index Cond: ((id >= 5940765) AND (id <= 5940864))

table 7 : explain SELECT c FROM sbtest7 WHERE id BETWEEN 3238826 AND 3238925 ORDER BY c
	Sort  (cost=366.60..366.83 rows=93 width=121)
	  Sort Key: c
	  ->  Index Scan using sbtest7_pkey on sbtest7  (cost=0.43..363.56 rows=93 width=121)
	        Index Cond: ((id >= 3238826) AND (id <= 3238925))

table 8 : explain SELECT c FROM sbtest8 WHERE id BETWEEN 5976244 AND 5976343 ORDER BY c
	Sort  (cost=411.96..412.22 rows=105 width=121)
	  Sort Key: c
	  ->  Index Scan using sbtest8_pkey on sbtest8  (cost=0.43..408.43 rows=105 width=121)
	        Index Cond: ((id >= 5976244) AND (id <= 5976343))

explain: for deletes :: explain DELETE FROM sbtest%u WHERE id=%u
explain: for deletes :: explain DELETE FROM sbtest%u WHERE id=%u
for: simple_ranges
table 1 : explain SELECT c FROM sbtest1 WHERE id BETWEEN 275004 AND 275103
	Index Scan using sbtest1_pkey on sbtest1  (cost=0.43..374.48 rows=95 width=121)
	  Index Cond: ((id >= 275004) AND (id <= 275103))

table 2 : explain SELECT c FROM sbtest2 WHERE id BETWEEN 770618 AND 770717
	Index Scan using sbtest2_pkey on sbtest2  (cost=0.43..386.14 rows=98 width=121)
	  Index Cond: ((id >= 770618) AND (id <= 770717))

table 3 : explain SELECT c FROM sbtest3 WHERE id BETWEEN 3427346 AND 3427445
	Index Scan using sbtest3_pkey on sbtest3  (cost=0.43..423.68 rows=108 width=121)
	  Index Cond: ((id >= 3427346) AND (id <= 3427445))

table 4 : explain SELECT c FROM sbtest4 WHERE id BETWEEN 8733929 AND 8734028
	Index Scan using sbtest4_pkey on sbtest4  (cost=0.43..392.31 rows=100 width=121)
	  Index Cond: ((id >= 8733929) AND (id <= 8734028))

table 5 : explain SELECT c FROM sbtest5 WHERE id BETWEEN 9719588 AND 9719687
	Index Scan using sbtest5_pkey on sbtest5  (cost=0.43..387.56 rows=99 width=121)
	  Index Cond: ((id >= 9719588) AND (id <= 9719687))

table 6 : explain SELECT c FROM sbtest6 WHERE id BETWEEN 5231058 AND 5231157
	Index Scan using sbtest6_pkey on sbtest6  (cost=0.43..400.74 rows=102 width=121)
	  Index Cond: ((id >= 5231058) AND (id <= 5231157))

table 7 : explain SELECT c FROM sbtest7 WHERE id BETWEEN 9400548 AND 9400647
	Index Scan using sbtest7_pkey on sbtest7  (cost=0.43..378.99 rows=97 width=121)
	  Index Cond: ((id >= 9400548) AND (id <= 9400647))

table 8 : explain SELECT c FROM sbtest8 WHERE id BETWEEN 3987630 AND 3987729
	Index Scan using sbtest8_pkey on sbtest8  (cost=0.43..369.94 rows=95 width=121)
	  Index Cond: ((id >= 3987630) AND (id <= 3987729))

for: simple_ranges
table 1 : explain SELECT c FROM sbtest1 WHERE id BETWEEN 4236648 AND 4236747
	Index Scan using sbtest1_pkey on sbtest1  (cost=0.43..452.37 rows=115 width=121)
	  Index Cond: ((id >= 4236648) AND (id <= 4236747))

table 2 : explain SELECT c FROM sbtest2 WHERE id BETWEEN 3356797 AND 3356896
	Index Scan using sbtest2_pkey on sbtest2  (cost=0.43..386.14 rows=98 width=121)
	  Index Cond: ((id >= 3356797) AND (id <= 3356896))

table 3 : explain SELECT c FROM sbtest3 WHERE id BETWEEN 5826074 AND 5826173
	Index Scan using sbtest3_pkey on sbtest3  (cost=0.43..392.65 rows=100 width=121)
	  Index Cond: ((id >= 5826074) AND (id <= 5826173))

table 4 : explain SELECT c FROM sbtest4 WHERE id BETWEEN 4045106 AND 4045205
	Index Scan using sbtest4_pkey on sbtest4  (cost=0.43..392.31 rows=100 width=121)
	  Index Cond: ((id >= 4045106) AND (id <= 4045205))

table 5 : explain SELECT c FROM sbtest5 WHERE id BETWEEN 450877 AND 450976
	Index Scan using sbtest5_pkey on sbtest5  (cost=0.43..383.70 rows=98 width=121)
	  Index Cond: ((id >= 450877) AND (id <= 450976))

table 6 : explain SELECT c FROM sbtest6 WHERE id BETWEEN 543644 AND 543743
	Index Scan using sbtest6_pkey on sbtest6  (cost=0.43..354.11 rows=90 width=121)
	  Index Cond: ((id >= 543644) AND (id <= 543743))

table 7 : explain SELECT c FROM sbtest7 WHERE id BETWEEN 9589626 AND 9589725
	Index Scan using sbtest7_pkey on sbtest7  (cost=0.43..336.54 rows=86 width=121)
	  Index Cond: ((id >= 9589626) AND (id <= 9589725))

table 8 : explain SELECT c FROM sbtest8 WHERE id BETWEEN 5528674 AND 5528773
	Index Scan using sbtest8_pkey on sbtest8  (cost=0.43..385.36 rows=99 width=121)
	  Index Cond: ((id >= 5528674) AND (id <= 5528773))

for index_updates
table 1 : explain UPDATE sbtest1 SET k=k+1 WHERE id=5908497
	Update on sbtest1  (cost=0.43..8.46 rows=0 width=0)
	  ->  Index Scan using sbtest1_pkey on sbtest1  (cost=0.43..8.46 rows=1 width=10)
	        Index Cond: (id = 5908497)

table 2 : explain UPDATE sbtest2 SET k=k+1 WHERE id=4557292
	Update on sbtest2  (cost=0.43..8.46 rows=0 width=0)
	  ->  Index Scan using sbtest2_pkey on sbtest2  (cost=0.43..8.46 rows=1 width=10)
	        Index Cond: (id = 4557292)

table 3 : explain UPDATE sbtest3 SET k=k+1 WHERE id=1421457
	Update on sbtest3  (cost=0.43..8.46 rows=0 width=0)
	  ->  Index Scan using sbtest3_pkey on sbtest3  (cost=0.43..8.46 rows=1 width=10)
	        Index Cond: (id = 1421457)

table 4 : explain UPDATE sbtest4 SET k=k+1 WHERE id=2741347
	Update on sbtest4  (cost=0.43..8.46 rows=0 width=0)
	  ->  Index Scan using sbtest4_pkey on sbtest4  (cost=0.43..8.46 rows=1 width=10)
	        Index Cond: (id = 2741347)

table 5 : explain UPDATE sbtest5 SET k=k+1 WHERE id=6639964
	Update on sbtest5  (cost=0.43..8.46 rows=0 width=0)
	  ->  Index Scan using sbtest5_pkey on sbtest5  (cost=0.43..8.46 rows=1 width=10)
	        Index Cond: (id = 6639964)

table 6 : explain UPDATE sbtest6 SET k=k+1 WHERE id=8435521
	Update on sbtest6  (cost=0.43..8.46 rows=0 width=0)
	  ->  Index Scan using sbtest6_pkey on sbtest6  (cost=0.43..8.46 rows=1 width=10)
	        Index Cond: (id = 8435521)

table 7 : explain UPDATE sbtest7 SET k=k+1 WHERE id=6520101
	Update on sbtest7  (cost=0.43..8.46 rows=0 width=0)
	  ->  Index Scan using sbtest7_pkey on sbtest7  (cost=0.43..8.46 rows=1 width=10)
	        Index Cond: (id = 6520101)

table 8 : explain UPDATE sbtest8 SET k=k+1 WHERE id=8330336
	Update on sbtest8  (cost=0.43..8.46 rows=0 width=0)
	  ->  Index Scan using sbtest8_pkey on sbtest8  (cost=0.43..8.46 rows=1 width=10)
	        Index Cond: (id = 8330336)

explain: for non_index_updates :: explain UPDATE sbtest%u SET c='foobar' WHERE id=%u
for: simple_ranges
table 1 : explain SELECT c FROM sbtest1 WHERE id BETWEEN 9568150 AND 9568249
	Index Scan using sbtest1_pkey on sbtest1  (cost=0.43..386.16 rows=98 width=121)
	  Index Cond: ((id >= 9568150) AND (id <= 9568249))

table 2 : explain SELECT c FROM sbtest2 WHERE id BETWEEN 1293646 AND 1293745
	Index Scan using sbtest2_pkey on sbtest2  (cost=0.43..417.32 rows=106 width=121)
	  Index Cond: ((id >= 1293646) AND (id <= 1293745))

table 3 : explain SELECT c FROM sbtest3 WHERE id BETWEEN 2118978 AND 2119077
	Index Scan using sbtest3_pkey on sbtest3  (cost=0.43..404.28 rows=103 width=121)
	  Index Cond: ((id >= 2118978) AND (id <= 2119077))

table 4 : explain SELECT c FROM sbtest4 WHERE id BETWEEN 9329272 AND 9329371
	Index Scan using sbtest4_pkey on sbtest4  (cost=0.43..396.19 rows=101 width=121)
	  Index Cond: ((id >= 9329272) AND (id <= 9329371))

table 5 : explain SELECT c FROM sbtest5 WHERE id BETWEEN 5617638 AND 5617737
	Index Scan using sbtest5_pkey on sbtest5  (cost=0.43..441.71 rows=113 width=121)
	  Index Cond: ((id >= 5617638) AND (id <= 5617737))

table 6 : explain SELECT c FROM sbtest6 WHERE id BETWEEN 5460649 AND 5460748
	Index Scan using sbtest6_pkey on sbtest6  (cost=0.43..392.98 rows=100 width=121)
	  Index Cond: ((id >= 5460649) AND (id <= 5460748))

table 7 : explain SELECT c FROM sbtest7 WHERE id BETWEEN 385487 AND 385586
	Index Scan using sbtest7_pkey on sbtest7  (cost=0.43..371.27 rows=95 width=121)
	  Index Cond: ((id >= 385487) AND (id <= 385586))

table 8 : explain SELECT c FROM sbtest8 WHERE id BETWEEN 3920934 AND 3921033
	Index Scan using sbtest8_pkey on sbtest8  (cost=0.43..369.94 rows=95 width=121)
	  Index Cond: ((id >= 3920934) AND (id <= 3921033))

for: distinct_ranges
table 1 : explain SELECT DISTINCT c FROM sbtest1 WHERE id BETWEEN 2797842 AND 2797941 ORDER BY c
	Unique  (cost=432.70..433.25 rows=109 width=121)
	  ->  Sort  (cost=432.70..432.97 rows=109 width=121)
	        Sort Key: c
	        ->  Index Scan using sbtest1_pkey on sbtest1  (cost=0.43..429.01 rows=109 width=121)
	              Index Cond: ((id >= 2797842) AND (id <= 2797941))

table 2 : explain SELECT DISTINCT c FROM sbtest2 WHERE id BETWEEN 3489470 AND 3489569 ORDER BY c
	Unique  (cost=416.95..417.47 rows=105 width=121)
	  ->  Sort  (cost=416.95..417.21 rows=105 width=121)
	        Sort Key: c
	        ->  Index Scan using sbtest2_pkey on sbtest2  (cost=0.43..413.42 rows=105 width=121)
	              Index Cond: ((id >= 3489470) AND (id <= 3489569))

table 3 : explain SELECT DISTINCT c FROM sbtest3 WHERE id BETWEEN 8272398 AND 8272497 ORDER BY c
	Unique  (cost=399.89..400.39 rows=101 width=121)
	  ->  Sort  (cost=399.89..400.14 rows=101 width=121)
	        Sort Key: c
	        ->  Index Scan using sbtest3_pkey on sbtest3  (cost=0.43..396.53 rows=101 width=121)
	              Index Cond: ((id >= 8272398) AND (id <= 8272497))

table 4 : explain SELECT DISTINCT c FROM sbtest4 WHERE id BETWEEN 9908334 AND 9908433 ORDER BY c
	Unique  (cost=426.97..427.51 rows=108 width=121)
	  ->  Sort  (cost=426.97..427.24 rows=108 width=121)
	        Sort Key: c
	        ->  Index Scan using sbtest4_pkey on sbtest4  (cost=0.43..423.32 rows=108 width=121)
	              Index Cond: ((id >= 9908334) AND (id <= 9908433))

table 5 : explain SELECT DISTINCT c FROM sbtest5 WHERE id BETWEEN 8425037 AND 8425136 ORDER BY c
	Unique  (cost=390.85..391.34 rows=99 width=121)
	  ->  Sort  (cost=390.85..391.09 rows=99 width=121)
	        Sort Key: c
	        ->  Index Scan using sbtest5_pkey on sbtest5  (cost=0.43..387.56 rows=99 width=121)
	              Index Cond: ((id >= 8425037) AND (id <= 8425136))

table 6 : explain SELECT DISTINCT c FROM sbtest6 WHERE id BETWEEN 8102917 AND 8103016 ORDER BY c
	Unique  (cost=384.50..384.98 rows=97 width=121)
	  ->  Sort  (cost=384.50..384.74 rows=97 width=121)
	        Sort Key: c
	        ->  Index Scan using sbtest6_pkey on sbtest6  (cost=0.43..381.29 rows=97 width=121)
	              Index Cond: ((id >= 8102917) AND (id <= 8103016))

table 7 : explain SELECT DISTINCT c FROM sbtest7 WHERE id BETWEEN 9165051 AND 9165150 ORDER BY c
	Unique  (cost=393.93..394.43 rows=100 width=121)
	  ->  Sort  (cost=393.93..394.18 rows=100 width=121)
	        Sort Key: c
	        ->  Index Scan using sbtest7_pkey on sbtest7  (cost=0.43..390.61 rows=100 width=121)
	              Index Cond: ((id >= 9165051) AND (id <= 9165150))

table 8 : explain SELECT DISTINCT c FROM sbtest8 WHERE id BETWEEN 3332782 AND 3332881 ORDER BY c
	Unique  (cost=369.18..369.65 rows=94 width=121)
	  ->  Sort  (cost=369.18..369.41 rows=94 width=121)
	        Sort Key: c
	        ->  Index Scan using sbtest8_pkey on sbtest8  (cost=0.43..366.10 rows=94 width=121)
	              Index Cond: ((id >= 3332782) AND (id <= 3332881))

for inserts
table 1 : explain INSERT INTO sbtest1 (id, k, c, pad) VALUES (9468318, 13, 'foobar', 'foobar')
	Insert on sbtest1  (cost=0.00..0.01 rows=0 width=0)
	  ->  Result  (cost=0.00..0.01 rows=1 width=736)

table 2 : explain INSERT INTO sbtest2 (id, k, c, pad) VALUES (4350953, 13, 'foobar', 'foobar')
	Insert on sbtest2  (cost=0.00..0.01 rows=0 width=0)
	  ->  Result  (cost=0.00..0.01 rows=1 width=736)

table 3 : explain INSERT INTO sbtest3 (id, k, c, pad) VALUES (642339, 13, 'foobar', 'foobar')
	Insert on sbtest3  (cost=0.00..0.01 rows=0 width=0)
	  ->  Result  (cost=0.00..0.01 rows=1 width=736)

table 4 : explain INSERT INTO sbtest4 (id, k, c, pad) VALUES (9285935, 13, 'foobar', 'foobar')
	Insert on sbtest4  (cost=0.00..0.01 rows=0 width=0)
	  ->  Result  (cost=0.00..0.01 rows=1 width=736)

table 5 : explain INSERT INTO sbtest5 (id, k, c, pad) VALUES (2423368, 13, 'foobar', 'foobar')
	Insert on sbtest5  (cost=0.00..0.01 rows=0 width=0)
	  ->  Result  (cost=0.00..0.01 rows=1 width=736)

table 6 : explain INSERT INTO sbtest6 (id, k, c, pad) VALUES (6739242, 13, 'foobar', 'foobar')
	Insert on sbtest6  (cost=0.00..0.01 rows=0 width=0)
	  ->  Result  (cost=0.00..0.01 rows=1 width=736)

table 7 : explain INSERT INTO sbtest7 (id, k, c, pad) VALUES (4159284, 13, 'foobar', 'foobar')
	Insert on sbtest7  (cost=0.00..0.01 rows=0 width=0)
	  ->  Result  (cost=0.00..0.01 rows=1 width=736)

table 8 : explain INSERT INTO sbtest8 (id, k, c, pad) VALUES (1700188, 13, 'foobar', 'foobar')
	Insert on sbtest8  (cost=0.00..0.01 rows=0 width=0)
	  ->  Result  (cost=0.00..0.01 rows=1 width=736)

for: distinct_ranges
table 1 : explain SELECT DISTINCT c FROM sbtest1 WHERE id BETWEEN 8632530 AND 8632629 ORDER BY c
	Unique  (cost=413.03..413.55 rows=104 width=121)
	  ->  Sort  (cost=413.03..413.29 rows=104 width=121)
	        Sort Key: c
	        ->  Index Scan using sbtest1_pkey on sbtest1  (cost=0.43..409.55 rows=104 width=121)
	              Index Cond: ((id >= 8632530) AND (id <= 8632629))

table 2 : explain SELECT DISTINCT c FROM sbtest2 WHERE id BETWEEN 6677316 AND 6677415 ORDER BY c
	Unique  (cost=365.78..366.24 rows=92 width=121)
	  ->  Sort  (cost=365.78..366.01 rows=92 width=121)
	        Sort Key: c
	        ->  Index Scan using sbtest2_pkey on sbtest2  (cost=0.43..362.78 rows=92 width=121)
	              Index Cond: ((id >= 6677316) AND (id <= 6677415))

table 3 : explain SELECT DISTINCT c FROM sbtest3 WHERE id BETWEEN 3417195 AND 3417294 ORDER BY c
	Unique  (cost=427.33..427.87 rows=108 width=121)
	  ->  Sort  (cost=427.33..427.60 rows=108 width=121)
	        Sort Key: c
	        ->  Index Scan using sbtest3_pkey on sbtest3  (cost=0.43..423.68 rows=108 width=121)
	              Index Cond: ((id >= 3417195) AND (id <= 3417294))

table 4 : explain SELECT DISTINCT c FROM sbtest4 WHERE id BETWEEN 2910401 AND 2910500 ORDER BY c
	Unique  (cost=399.55..400.06 rows=101 width=121)
	  ->  Sort  (cost=399.55..399.80 rows=101 width=121)
	        Sort Key: c
	        ->  Index Scan using sbtest4_pkey on sbtest4  (cost=0.43..396.19 rows=101 width=121)
	              Index Cond: ((id >= 2910401) AND (id <= 2910500))

table 5 : explain SELECT DISTINCT c FROM sbtest5 WHERE id BETWEEN 9509466 AND 9509565 ORDER BY c
	Unique  (cost=398.66..399.17 rows=101 width=121)
	  ->  Sort  (cost=398.66..398.91 rows=101 width=121)
	        Sort Key: c
	        ->  Index Scan using sbtest5_pkey on sbtest5  (cost=0.43..395.30 rows=101 width=121)
	              Index Cond: ((id >= 9509466) AND (id <= 9509565))

table 6 : explain SELECT DISTINCT c FROM sbtest6 WHERE id BETWEEN 6100016 AND 6100115 ORDER BY c
	Unique  (cost=447.31..447.88 rows=113 width=121)
	  ->  Sort  (cost=447.31..447.59 rows=113 width=121)
	        Sort Key: c
	        ->  Index Scan using sbtest6_pkey on sbtest6  (cost=0.43..443.46 rows=113 width=121)
	              Index Cond: ((id >= 6100016) AND (id <= 6100115))

table 7 : explain SELECT DISTINCT c FROM sbtest7 WHERE id BETWEEN 315752 AND 315851 ORDER BY c
	Unique  (cost=374.39..374.87 rows=95 width=121)
	  ->  Sort  (cost=374.39..374.63 rows=95 width=121)
	        Sort Key: c
	        ->  Index Scan using sbtest7_pkey on sbtest7  (cost=0.43..371.27 rows=95 width=121)
	              Index Cond: ((id >= 315752) AND (id <= 315851))

table 8 : explain SELECT DISTINCT c FROM sbtest8 WHERE id BETWEEN 2981769 AND 2981868 ORDER BY c
	Unique  (cost=376.95..377.43 rows=96 width=121)
	  ->  Sort  (cost=376.95..377.19 rows=96 width=121)
	        Sort Key: c
	        ->  Index Scan using sbtest8_pkey on sbtest8  (cost=0.43..373.79 rows=96 width=121)
	              Index Cond: ((id >= 2981769) AND (id <= 2981868))

explain: for index_updates :: explain UPDATE sbtest%u SET k=k+1 WHERE id=%u
for index_updates
table 1 : explain UPDATE sbtest1 SET k=k+1 WHERE id=2460702
	Update on sbtest1  (cost=0.43..8.46 rows=0 width=0)
	  ->  Index Scan using sbtest1_pkey on sbtest1  (cost=0.43..8.46 rows=1 width=10)
	        Index Cond: (id = 2460702)

table 2 : explain UPDATE sbtest2 SET k=k+1 WHERE id=1693151
	Update on sbtest2  (cost=0.43..8.46 rows=0 width=0)
	  ->  Index Scan using sbtest2_pkey on sbtest2  (cost=0.43..8.46 rows=1 width=10)
	        Index Cond: (id = 1693151)

table 3 : explain UPDATE sbtest3 SET k=k+1 WHERE id=1454229
	Update on sbtest3  (cost=0.43..8.46 rows=0 width=0)
	  ->  Index Scan using sbtest3_pkey on sbtest3  (cost=0.43..8.46 rows=1 width=10)
	        Index Cond: (id = 1454229)

table 4 : explain UPDATE sbtest4 SET k=k+1 WHERE id=6697571
	Update on sbtest4  (cost=0.43..8.46 rows=0 width=0)
	  ->  Index Scan using sbtest4_pkey on sbtest4  (cost=0.43..8.46 rows=1 width=10)
	        Index Cond: (id = 6697571)

table 5 : explain UPDATE sbtest5 SET k=k+1 WHERE id=8453896
	Update on sbtest5  (cost=0.43..8.46 rows=0 width=0)
	  ->  Index Scan using sbtest5_pkey on sbtest5  (cost=0.43..8.46 rows=1 width=10)
	        Index Cond: (id = 8453896)

table 6 : explain UPDATE sbtest6 SET k=k+1 WHERE id=895593
	Update on sbtest6  (cost=0.43..8.46 rows=0 width=0)
	  ->  Index Scan using sbtest6_pkey on sbtest6  (cost=0.43..8.46 rows=1 width=10)
	        Index Cond: (id = 895593)

table 7 : explain UPDATE sbtest7 SET k=k+1 WHERE id=5673471
	Update on sbtest7  (cost=0.43..8.46 rows=0 width=0)
	  ->  Index Scan using sbtest7_pkey on sbtest7  (cost=0.43..8.46 rows=1 width=10)
	        Index Cond: (id = 5673471)

table 8 : explain UPDATE sbtest8 SET k=k+1 WHERE id=1531397
	Update on sbtest8  (cost=0.43..8.46 rows=0 width=0)
	  ->  Index Scan using sbtest8_pkey on sbtest8  (cost=0.43..8.46 rows=1 width=10)
	        Index Cond: (id = 1531397)

for: order_ranges
table 1 : explain SELECT c FROM sbtest1 WHERE id BETWEEN 8282162 AND 8282261 ORDER BY c
	Sort  (cost=416.97..417.23 rows=105 width=121)
	  Sort Key: c
	  ->  Index Scan using sbtest1_pkey on sbtest1  (cost=0.43..413.44 rows=105 width=121)
	        Index Cond: ((id >= 8282162) AND (id <= 8282261))

table 2 : explain SELECT c FROM sbtest2 WHERE id BETWEEN 7304736 AND 7304835 ORDER BY c
	Sort  (cost=397.28..397.53 rows=100 width=121)
	  Sort Key: c
	  ->  Index Scan using sbtest2_pkey on sbtest2  (cost=0.43..393.96 rows=100 width=121)
	        Index Cond: ((id >= 7304736) AND (id <= 7304835))

table 3 : explain SELECT c FROM sbtest3 WHERE id BETWEEN 6786643 AND 6786742 ORDER BY c
	Sort  (cost=384.17..384.42 rows=97 width=121)
	  Sort Key: c
	  ->  Index Scan using sbtest3_pkey on sbtest3  (cost=0.43..380.97 rows=97 width=121)
	        Index Cond: ((id >= 6786643) AND (id <= 6786742))

table 4 : explain SELECT c FROM sbtest4 WHERE id BETWEEN 9218068 AND 9218167 ORDER BY c
	Sort  (cost=379.93..380.17 rows=96 width=121)
	  Sort Key: c
	  ->  Index Scan using sbtest4_pkey on sbtest4  (cost=0.43..376.77 rows=96 width=121)
	        Index Cond: ((id >= 9218068) AND (id <= 9218167))

table 5 : explain SELECT c FROM sbtest5 WHERE id BETWEEN 2233860 AND 2233959 ORDER BY c
	Sort  (cost=375.18..375.42 rows=95 width=121)
	  Sort Key: c
	  ->  Index Scan using sbtest5_pkey on sbtest5  (cost=0.43..372.06 rows=95 width=121)
	        Index Cond: ((id >= 2233860) AND (id <= 2233959))

table 6 : explain SELECT c FROM sbtest6 WHERE id BETWEEN 8500710 AND 8500809 ORDER BY c
	Sort  (cost=380.57..380.81 rows=96 width=121)
	  Sort Key: c
	  ->  Index Scan using sbtest6_pkey on sbtest6  (cost=0.43..377.41 rows=96 width=121)
	        Index Cond: ((id >= 8500710) AND (id <= 8500809))

table 7 : explain SELECT c FROM sbtest7 WHERE id BETWEEN 6142302 AND 6142401 ORDER BY c
	Sort  (cost=366.60..366.83 rows=93 width=121)
	  Sort Key: c
	  ->  Index Scan using sbtest7_pkey on sbtest7  (cost=0.43..363.56 rows=93 width=121)
	        Index Cond: ((id >= 6142302) AND (id <= 6142401))

table 8 : explain SELECT c FROM sbtest8 WHERE id BETWEEN 4432073 AND 4432172 ORDER BY c
	Sort  (cost=388.65..388.89 rows=99 width=121)
	  Sort Key: c
	  ->  Index Scan using sbtest8_pkey on sbtest8  (cost=0.43..385.36 rows=99 width=121)
	        Index Cond: ((id >= 4432073) AND (id <= 4432172))

for point_selects
table 1 : explain SELECT c FROM sbtest1 WHERE id=9591000
	Index Scan using sbtest1_pkey on sbtest1  (cost=0.43..8.45 rows=1 width=121)
	  Index Cond: (id = 9591000)

table 2 : explain SELECT c FROM sbtest2 WHERE id=7115267
	Index Scan using sbtest2_pkey on sbtest2  (cost=0.43..8.45 rows=1 width=121)
	  Index Cond: (id = 7115267)

table 3 : explain SELECT c FROM sbtest3 WHERE id=8048751
	Index Scan using sbtest3_pkey on sbtest3  (cost=0.43..8.45 rows=1 width=121)
	  Index Cond: (id = 8048751)

table 4 : explain SELECT c FROM sbtest4 WHERE id=635141
	Index Scan using sbtest4_pkey on sbtest4  (cost=0.43..8.45 rows=1 width=121)
	  Index Cond: (id = 635141)

table 5 : explain SELECT c FROM sbtest5 WHERE id=1096935
	Index Scan using sbtest5_pkey on sbtest5  (cost=0.43..8.45 rows=1 width=121)
	  Index Cond: (id = 1096935)

table 6 : explain SELECT c FROM sbtest6 WHERE id=6550566
	Index Scan using sbtest6_pkey on sbtest6  (cost=0.43..8.45 rows=1 width=121)
	  Index Cond: (id = 6550566)

table 7 : explain SELECT c FROM sbtest7 WHERE id=109889
	Index Scan using sbtest7_pkey on sbtest7  (cost=0.43..8.45 rows=1 width=121)
	  Index Cond: (id = 109889)

table 8 : explain SELECT c FROM sbtest8 WHERE id=9040559
	Index Scan using sbtest8_pkey on sbtest8  (cost=0.43..8.45 rows=1 width=121)
	  Index Cond: (id = 9040559)

for point_selects
table 1 : explain SELECT c FROM sbtest1 WHERE id=331395
	Index Scan using sbtest1_pkey on sbtest1  (cost=0.43..8.45 rows=1 width=121)
	  Index Cond: (id = 331395)

table 2 : explain SELECT c FROM sbtest2 WHERE id=7237236
	Index Scan using sbtest2_pkey on sbtest2  (cost=0.43..8.45 rows=1 width=121)
	  Index Cond: (id = 7237236)

table 3 : explain SELECT c FROM sbtest3 WHERE id=7465337
	Index Scan using sbtest3_pkey on sbtest3  (cost=0.43..8.45 rows=1 width=121)
	  Index Cond: (id = 7465337)

table 4 : explain SELECT c FROM sbtest4 WHERE id=6035988
	Index Scan using sbtest4_pkey on sbtest4  (cost=0.43..8.45 rows=1 width=121)
	  Index Cond: (id = 6035988)

table 5 : explain SELECT c FROM sbtest5 WHERE id=3300562
	Index Scan using sbtest5_pkey on sbtest5  (cost=0.43..8.45 rows=1 width=121)
	  Index Cond: (id = 3300562)

table 6 : explain SELECT c FROM sbtest6 WHERE id=5254161
	Index Scan using sbtest6_pkey on sbtest6  (cost=0.43..8.45 rows=1 width=121)
	  Index Cond: (id = 5254161)

table 7 : explain SELECT c FROM sbtest7 WHERE id=6904630
	Index Scan using sbtest7_pkey on sbtest7  (cost=0.43..8.45 rows=1 width=121)
	  Index Cond: (id = 6904630)

table 8 : explain SELECT c FROM sbtest8 WHERE id=4355470
	Index Scan using sbtest8_pkey on sbtest8  (cost=0.43..8.45 rows=1 width=121)
	  Index Cond: (id = 4355470)

for deletes
table 1 : explain DELETE FROM sbtest1 WHERE id=2915835
	Delete on sbtest1  (cost=0.43..8.45 rows=0 width=0)
	  ->  Index Scan using sbtest1_pkey on sbtest1  (cost=0.43..8.45 rows=1 width=6)
	        Index Cond: (id = 2915835)

table 2 : explain DELETE FROM sbtest2 WHERE id=9882290
	Delete on sbtest2  (cost=0.43..8.45 rows=0 width=0)
	  ->  Index Scan using sbtest2_pkey on sbtest2  (cost=0.43..8.45 rows=1 width=6)
	        Index Cond: (id = 9882290)

table 3 : explain DELETE FROM sbtest3 WHERE id=2013982
	Delete on sbtest3  (cost=0.43..8.45 rows=0 width=0)
	  ->  Index Scan using sbtest3_pkey on sbtest3  (cost=0.43..8.45 rows=1 width=6)
	        Index Cond: (id = 2013982)

table 4 : explain DELETE FROM sbtest4 WHERE id=6427859
	Delete on sbtest4  (cost=0.43..8.45 rows=0 width=0)
	  ->  Index Scan using sbtest4_pkey on sbtest4  (cost=0.43..8.45 rows=1 width=6)
	        Index Cond: (id = 6427859)

table 5 : explain DELETE FROM sbtest5 WHERE id=407939
	Delete on sbtest5  (cost=0.43..8.45 rows=0 width=0)
	  ->  Index Scan using sbtest5_pkey on sbtest5  (cost=0.43..8.45 rows=1 width=6)
	        Index Cond: (id = 407939)

table 6 : explain DELETE FROM sbtest6 WHERE id=9392325
	Delete on sbtest6  (cost=0.43..8.45 rows=0 width=0)
	  ->  Index Scan using sbtest6_pkey on sbtest6  (cost=0.43..8.45 rows=1 width=6)
	        Index Cond: (id = 9392325)

table 7 : explain DELETE FROM sbtest7 WHERE id=3158591
	Delete on sbtest7  (cost=0.43..8.45 rows=0 width=0)
	  ->  Index Scan using sbtest7_pkey on sbtest7  (cost=0.43..8.45 rows=1 width=6)
	        Index Cond: (id = 3158591)

table 8 : explain DELETE FROM sbtest8 WHERE id=1161122
	Delete on sbtest8  (cost=0.43..8.45 rows=0 width=0)
	  ->  Index Scan using sbtest8_pkey on sbtest8  (cost=0.43..8.45 rows=1 width=6)
	        Index Cond: (id = 1161122)

explain: for non_index_updates :: explain UPDATE sbtest%u SET c='foobar' WHERE id=%u
for deletes
table 1 : explain DELETE FROM sbtest1 WHERE id=8160620
	Delete on sbtest1  (cost=0.43..8.45 rows=0 width=0)
	  ->  Index Scan using sbtest1_pkey on sbtest1  (cost=0.43..8.45 rows=1 width=6)
	        Index Cond: (id = 8160620)

table 2 : explain DELETE FROM sbtest2 WHERE id=5669275
	Delete on sbtest2  (cost=0.43..8.45 rows=0 width=0)
	  ->  Index Scan using sbtest2_pkey on sbtest2  (cost=0.43..8.45 rows=1 width=6)
	        Index Cond: (id = 5669275)

table 3 : explain DELETE FROM sbtest3 WHERE id=1991962
	Delete on sbtest3  (cost=0.43..8.45 rows=0 width=0)
	  ->  Index Scan using sbtest3_pkey on sbtest3  (cost=0.43..8.45 rows=1 width=6)
	        Index Cond: (id = 1991962)

table 4 : explain DELETE FROM sbtest4 WHERE id=8545285
	Delete on sbtest4  (cost=0.43..8.45 rows=0 width=0)
	  ->  Index Scan using sbtest4_pkey on sbtest4  (cost=0.43..8.45 rows=1 width=6)
	        Index Cond: (id = 8545285)

table 5 : explain DELETE FROM sbtest5 WHERE id=5594040
	Delete on sbtest5  (cost=0.43..8.45 rows=0 width=0)
	  ->  Index Scan using sbtest5_pkey on sbtest5  (cost=0.43..8.45 rows=1 width=6)
	        Index Cond: (id = 5594040)

table 6 : explain DELETE FROM sbtest6 WHERE id=1732341
	Delete on sbtest6  (cost=0.43..8.45 rows=0 width=0)
	  ->  Index Scan using sbtest6_pkey on sbtest6  (cost=0.43..8.45 rows=1 width=6)
	        Index Cond: (id = 1732341)

table 7 : explain DELETE FROM sbtest7 WHERE id=6234033
	Delete on sbtest7  (cost=0.43..8.45 rows=0 width=0)
	  ->  Index Scan using sbtest7_pkey on sbtest7  (cost=0.43..8.45 rows=1 width=6)
	        Index Cond: (id = 6234033)

table 8 : explain DELETE FROM sbtest8 WHERE id=4254291
	Delete on sbtest8  (cost=0.43..8.45 rows=0 width=0)
	  ->  Index Scan using sbtest8_pkey on sbtest8  (cost=0.43..8.45 rows=1 width=6)
	        Index Cond: (id = 4254291)

for deletes
table 1 : explain DELETE FROM sbtest1 WHERE id=3532963
	Delete on sbtest1  (cost=0.43..8.45 rows=0 width=0)
	  ->  Index Scan using sbtest1_pkey on sbtest1  (cost=0.43..8.45 rows=1 width=6)
	        Index Cond: (id = 3532963)

table 2 : explain DELETE FROM sbtest2 WHERE id=7943020
	Delete on sbtest2  (cost=0.43..8.45 rows=0 width=0)
	  ->  Index Scan using sbtest2_pkey on sbtest2  (cost=0.43..8.45 rows=1 width=6)
	        Index Cond: (id = 7943020)

table 3 : explain DELETE FROM sbtest3 WHERE id=5493947
	Delete on sbtest3  (cost=0.43..8.45 rows=0 width=0)
	  ->  Index Scan using sbtest3_pkey on sbtest3  (cost=0.43..8.45 rows=1 width=6)
	        Index Cond: (id = 5493947)

table 4 : explain DELETE FROM sbtest4 WHERE id=6179978
	Delete on sbtest4  (cost=0.43..8.45 rows=0 width=0)
	  ->  Index Scan using sbtest4_pkey on sbtest4  (cost=0.43..8.45 rows=1 width=6)
	        Index Cond: (id = 6179978)

table 5 : explain DELETE FROM sbtest5 WHERE id=2748584
	Delete on sbtest5  (cost=0.43..8.45 rows=0 width=0)
	  ->  Index Scan using sbtest5_pkey on sbtest5  (cost=0.43..8.45 rows=1 width=6)
	        Index Cond: (id = 2748584)

table 6 : explain DELETE FROM sbtest6 WHERE id=2124878
	Delete on sbtest6  (cost=0.43..8.45 rows=0 width=0)
	  ->  Index Scan using sbtest6_pkey on sbtest6  (cost=0.43..8.45 rows=1 width=6)
	        Index Cond: (id = 2124878)

table 7 : explain DELETE FROM sbtest7 WHERE id=902267
	Delete on sbtest7  (cost=0.43..8.45 rows=0 width=0)
	  ->  Index Scan using sbtest7_pkey on sbtest7  (cost=0.43..8.45 rows=1 width=6)
	        Index Cond: (id = 902267)

table 8 : explain DELETE FROM sbtest8 WHERE id=5573932
	Delete on sbtest8  (cost=0.43..8.45 rows=0 width=0)
	  ->  Index Scan using sbtest8_pkey on sbtest8  (cost=0.43..8.45 rows=1 width=6)
	        Index Cond: (id = 5573932)

for: sum_ranges
table 1 : explain SELECT SUM(k) FROM sbtest1 WHERE id BETWEEN 8986454 AND 8986553
	Aggregate  (cost=386.40..386.41 rows=1 width=8)
	  ->  Index Scan using sbtest1_pkey on sbtest1  (cost=0.43..386.16 rows=98 width=4)
	        Index Cond: ((id >= 8986454) AND (id <= 8986553))

table 2 : explain SELECT SUM(k) FROM sbtest2 WHERE id BETWEEN 3820435 AND 3820534
	Aggregate  (cost=386.39..386.40 rows=1 width=8)
	  ->  Index Scan using sbtest2_pkey on sbtest2  (cost=0.43..386.14 rows=98 width=4)
	        Index Cond: ((id >= 3820435) AND (id <= 3820534))

table 3 : explain SELECT SUM(k) FROM sbtest3 WHERE id BETWEEN 804513 AND 804612
	Aggregate  (cost=408.42..408.43 rows=1 width=8)
	  ->  Index Scan using sbtest3_pkey on sbtest3  (cost=0.43..408.16 rows=104 width=4)
	        Index Cond: ((id >= 804513) AND (id <= 804612))

table 4 : explain SELECT SUM(k) FROM sbtest4 WHERE id BETWEEN 5076259 AND 5076358
	Aggregate  (cost=380.89..380.90 rows=1 width=8)
	  ->  Index Scan using sbtest4_pkey on sbtest4  (cost=0.43..380.65 rows=97 width=4)
	        Index Cond: ((id >= 5076259) AND (id <= 5076358))

table 5 : explain SELECT SUM(k) FROM sbtest5 WHERE id BETWEEN 797303 AND 797402
	Aggregate  (cost=383.90..383.91 rows=1 width=8)
	  ->  Index Scan using sbtest5_pkey on sbtest5  (cost=0.43..383.66 rows=98 width=4)
	        Index Cond: ((id >= 797303) AND (id <= 797402))

table 6 : explain SELECT SUM(k) FROM sbtest6 WHERE id BETWEEN 885886 AND 885985
	Aggregate  (cost=401.00..401.01 rows=1 width=8)
	  ->  Index Scan using sbtest6_pkey on sbtest6  (cost=0.43..400.74 rows=102 width=4)
	        Index Cond: ((id >= 885886) AND (id <= 885985))

table 7 : explain SELECT SUM(k) FROM sbtest7 WHERE id BETWEEN 9867158 AND 9867257
	Aggregate  (cost=425.61..425.62 rows=1 width=8)
	  ->  Index Scan using sbtest7_pkey on sbtest7  (cost=0.43..425.34 rows=109 width=4)
	        Index Cond: ((id >= 9867158) AND (id <= 9867257))

table 8 : explain SELECT SUM(k) FROM sbtest8 WHERE id BETWEEN 4168762 AND 4168861
	Aggregate  (cost=385.61..385.62 rows=1 width=8)
	  ->  Index Scan using sbtest8_pkey on sbtest8  (cost=0.43..385.36 rows=99 width=4)
	        Index Cond: ((id >= 4168762) AND (id <= 4168861))

explain: for index_updates :: explain UPDATE sbtest%u SET k=k+1 WHERE id=%u
explain: for index_updates :: explain UPDATE sbtest%u SET k=k+1 WHERE id=%u
for: simple_ranges
table 1 : explain SELECT c FROM sbtest1 WHERE id BETWEEN 7554854 AND 7554953
	Index Scan using sbtest1_pkey on sbtest1  (cost=0.43..370.58 rows=94 width=121)
	  Index Cond: ((id >= 7554854) AND (id <= 7554953))

table 2 : explain SELECT c FROM sbtest2 WHERE id BETWEEN 8061116 AND 8061215
	Index Scan using sbtest2_pkey on sbtest2  (cost=0.43..390.03 rows=99 width=121)
	  Index Cond: ((id >= 8061116) AND (id <= 8061215))

table 3 : explain SELECT c FROM sbtest3 WHERE id BETWEEN 6824367 AND 6824466
	Index Scan using sbtest3_pkey on sbtest3  (cost=0.43..380.97 rows=97 width=121)
	  Index Cond: ((id >= 6824367) AND (id <= 6824466))

table 4 : explain SELECT c FROM sbtest4 WHERE id BETWEEN 2307791 AND 2307890
	Index Scan using sbtest4_pkey on sbtest4  (cost=0.43..372.90 rows=95 width=121)
	  Index Cond: ((id >= 2307791) AND (id <= 2307890))

table 5 : explain SELECT c FROM sbtest5 WHERE id BETWEEN 178719 AND 178818
	Index Scan using sbtest5_pkey on sbtest5  (cost=0.43..403.03 rows=103 width=121)
	  Index Cond: ((id >= 178719) AND (id <= 178818))

table 6 : explain SELECT c FROM sbtest6 WHERE id BETWEEN 6605438 AND 6605537
	Index Scan using sbtest6_pkey on sbtest6  (cost=0.43..408.51 rows=104 width=121)
	  Index Cond: ((id >= 6605438) AND (id <= 6605537))

table 7 : explain SELECT c FROM sbtest7 WHERE id BETWEEN 2619799 AND 2619898
	Index Scan using sbtest7_pkey on sbtest7  (cost=0.43..402.18 rows=103 width=121)
	  Index Cond: ((id >= 2619799) AND (id <= 2619898))

table 8 : explain SELECT c FROM sbtest8 WHERE id BETWEEN 7394552 AND 7394651
	Index Scan using sbtest8_pkey on sbtest8  (cost=0.43..396.90 rows=102 width=121)
	  Index Cond: ((id >= 7394552) AND (id <= 7394651))

explain: for non_index_updates :: explain UPDATE sbtest%u SET c='foobar' WHERE id=%u
explain: for non_index_updates :: explain UPDATE sbtest%u SET c='foobar' WHERE id=%u
for index_updates
table 1 : explain UPDATE sbtest1 SET k=k+1 WHERE id=1137209
	Update on sbtest1  (cost=0.43..8.46 rows=0 width=0)
	  ->  Index Scan using sbtest1_pkey on sbtest1  (cost=0.43..8.46 rows=1 width=10)
	        Index Cond: (id = 1137209)

table 2 : explain UPDATE sbtest2 SET k=k+1 WHERE id=4579822
	Update on sbtest2  (cost=0.43..8.46 rows=0 width=0)
	  ->  Index Scan using sbtest2_pkey on sbtest2  (cost=0.43..8.46 rows=1 width=10)
	        Index Cond: (id = 4579822)

table 3 : explain UPDATE sbtest3 SET k=k+1 WHERE id=6280164
	Update on sbtest3  (cost=0.43..8.46 rows=0 width=0)
	  ->  Index Scan using sbtest3_pkey on sbtest3  (cost=0.43..8.46 rows=1 width=10)
	        Index Cond: (id = 6280164)

table 4 : explain UPDATE sbtest4 SET k=k+1 WHERE id=4079778
	Update on sbtest4  (cost=0.43..8.46 rows=0 width=0)
	  ->  Index Scan using sbtest4_pkey on sbtest4  (cost=0.43..8.46 rows=1 width=10)
	        Index Cond: (id = 4079778)

table 5 : explain UPDATE sbtest5 SET k=k+1 WHERE id=6644846
	Update on sbtest5  (cost=0.43..8.46 rows=0 width=0)
	  ->  Index Scan using sbtest5_pkey on sbtest5  (cost=0.43..8.46 rows=1 width=10)
	        Index Cond: (id = 6644846)

table 6 : explain UPDATE sbtest6 SET k=k+1 WHERE id=9488177
	Update on sbtest6  (cost=0.43..8.46 rows=0 width=0)
	  ->  Index Scan using sbtest6_pkey on sbtest6  (cost=0.43..8.46 rows=1 width=10)
	        Index Cond: (id = 9488177)

table 7 : explain UPDATE sbtest7 SET k=k+1 WHERE id=3500354
	Update on sbtest7  (cost=0.43..8.46 rows=0 width=0)
	  ->  Index Scan using sbtest7_pkey on sbtest7  (cost=0.43..8.46 rows=1 width=10)
	        Index Cond: (id = 3500354)

table 8 : explain UPDATE sbtest8 SET k=k+1 WHERE id=2290276
	Update on sbtest8  (cost=0.43..8.46 rows=0 width=0)
	  ->  Index Scan using sbtest8_pkey on sbtest8  (cost=0.43..8.46 rows=1 width=10)
	        Index Cond: (id = 2290276)
explain: for inserts :: explain INSERT INTO sbtest%u (id, k, c, pad) VALUES (%u, 13, 'foobar', 'foobar')

for: sum_ranges
table 1 : explain SELECT SUM(k) FROM sbtest1 WHERE id BETWEEN 2016346 AND 2016445
	Aggregate  (cost=374.72..374.73 rows=1 width=8)
	  ->  Index Scan using sbtest1_pkey on sbtest1  (cost=0.43..374.48 rows=95 width=4)
	        Index Cond: ((id >= 2016346) AND (id <= 2016445))

table 2 : explain SELECT SUM(k) FROM sbtest2 WHERE id BETWEEN 7542357 AND 7542456
	Aggregate  (cost=351.33..351.34 rows=1 width=8)
	  ->  Index Scan using sbtest2_pkey on sbtest2  (cost=0.43..351.10 rows=89 width=4)
	        Index Cond: ((id >= 7542357) AND (id <= 7542456))

table 3 : explain SELECT SUM(k) FROM sbtest3 WHERE id BETWEEN 3417620 AND 3417719
	Aggregate  (cost=423.95..423.96 rows=1 width=8)
	  ->  Index Scan using sbtest3_pkey on sbtest3  (cost=0.43..423.68 rows=108 width=4)
	        Index Cond: ((id >= 3417620) AND (id <= 3417719))

table 4 : explain SELECT SUM(k) FROM sbtest4 WHERE id BETWEEN 821737 AND 821836
	Aggregate  (cost=373.13..373.14 rows=1 width=8)
	  ->  Index Scan using sbtest4_pkey on sbtest4  (cost=0.43..372.90 rows=95 width=4)
	        Index Cond: ((id >= 821737) AND (id <= 821836))

table 5 : explain SELECT SUM(k) FROM sbtest5 WHERE id BETWEEN 62550 AND 62649
	Aggregate  (cost=376.16..376.17 rows=1 width=8)
	  ->  Index Scan using sbtest5_pkey on sbtest5  (cost=0.43..375.92 rows=96 width=4)
	        Index Cond: ((id >= 62550) AND (id <= 62649))

table 6 : explain SELECT SUM(k) FROM sbtest6 WHERE id BETWEEN 1354900 AND 1354999
	Aggregate  (cost=377.65..377.66 rows=1 width=8)
	  ->  Index Scan using sbtest6_pkey on sbtest6  (cost=0.43..377.41 rows=96 width=4)
	        Index Cond: ((id >= 1354900) AND (id <= 1354999))

table 7 : explain SELECT SUM(k) FROM sbtest7 WHERE id BETWEEN 6699523 AND 6699622
	Aggregate  (cost=375.37..375.38 rows=1 width=8)
	  ->  Index Scan using sbtest7_pkey on sbtest7  (cost=0.43..375.13 rows=96 width=4)
	        Index Cond: ((id >= 6699523) AND (id <= 6699622))

table 8 : explain SELECT SUM(k) FROM sbtest8 WHERE id BETWEEN 8817483 AND 8817582
	Aggregate  (cost=377.92..377.93 rows=1 width=8)
	  ->  Index Scan using sbtest8_pkey on sbtest8  (cost=0.43..377.67 rows=97 width=4)
	        Index Cond: ((id >= 8817483) AND (id <= 8817582))

for: distinct_ranges
table 1 : explain SELECT DISTINCT c FROM sbtest1 WHERE id BETWEEN 8845352 AND 8845451 ORDER BY c
	Unique  (cost=369.73..370.20 rows=93 width=121)
	  ->  Sort  (cost=369.73..369.96 rows=93 width=121)
	        Sort Key: c
	        ->  Index Scan using sbtest1_pkey on sbtest1  (cost=0.43..366.69 rows=93 width=121)
	              Index Cond: ((id >= 8845352) AND (id <= 8845451))

table 2 : explain SELECT DISTINCT c FROM sbtest2 WHERE id BETWEEN 2022356 AND 2022455 ORDER BY c
	Unique  (cost=385.45..385.93 rows=97 width=121)
	  ->  Sort  (cost=385.45..385.69 rows=97 width=121)
	        Sort Key: c
	        ->  Index Scan using sbtest2_pkey on sbtest2  (cost=0.43..382.25 rows=97 width=121)
	              Index Cond: ((id >= 2022356) AND (id <= 2022455))

table 3 : explain SELECT DISTINCT c FROM sbtest3 WHERE id BETWEEN 4553301 AND 4553400 ORDER BY c
	Unique  (cost=348.90..349.34 rows=88 width=121)
	  ->  Sort  (cost=348.90..349.12 rows=88 width=121)
	        Sort Key: c
	        ->  Index Scan using sbtest3_pkey on sbtest3  (cost=0.43..346.06 rows=88 width=121)
	              Index Cond: ((id >= 4553301) AND (id <= 4553400))

table 4 : explain SELECT DISTINCT c FROM sbtest4 WHERE id BETWEEN 6539594 AND 6539693 ORDER BY c
	Unique  (cost=399.55..400.06 rows=101 width=121)
	  ->  Sort  (cost=399.55..399.80 rows=101 width=121)
	        Sort Key: c
	        ->  Index Scan using sbtest4_pkey on sbtest4  (cost=0.43..396.19 rows=101 width=121)
	              Index Cond: ((id >= 6539594) AND (id <= 6539693))

table 5 : explain SELECT DISTINCT c FROM sbtest5 WHERE id BETWEEN 285717 AND 285816 ORDER BY c
	Unique  (cost=394.75..395.25 rows=100 width=121)
	  ->  Sort  (cost=394.75..395.00 rows=100 width=121)
	        Sort Key: c
	        ->  Index Scan using sbtest5_pkey on sbtest5  (cost=0.43..391.43 rows=100 width=121)
	              Index Cond: ((id >= 285717) AND (id <= 285816))

table 6 : explain SELECT DISTINCT c FROM sbtest6 WHERE id BETWEEN 4307002 AND 4307101 ORDER BY c
	Unique  (cost=431.61..432.16 rows=109 width=121)
	  ->  Sort  (cost=431.61..431.89 rows=109 width=121)
	        Sort Key: c
	        ->  Index Scan using sbtest6_pkey on sbtest6  (cost=0.43..427.93 rows=109 width=121)
	              Index Cond: ((id >= 4307002) AND (id <= 4307101))

table 7 : explain SELECT DISTINCT c FROM sbtest7 WHERE id BETWEEN 3279357 AND 3279456 ORDER BY c
	Unique  (cost=413.43..413.95 rows=105 width=121)
	  ->  Sort  (cost=413.43..413.69 rows=105 width=121)
	        Sort Key: c
	        ->  Index Scan using sbtest7_pkey on sbtest7  (cost=0.43..409.90 rows=105 width=121)
	              Index Cond: ((id >= 3279357) AND (id <= 3279456))

table 8 : explain SELECT DISTINCT c FROM sbtest8 WHERE id BETWEEN 7873102 AND 7873201 ORDER BY c
	Unique  (cost=369.18..369.65 rows=94 width=121)
	  ->  Sort  (cost=369.18..369.41 rows=94 width=121)
	        Sort Key: c
	        ->  Index Scan using sbtest8_pkey on sbtest8  (cost=0.43..366.10 rows=94 width=121)
	              Index Cond: ((id >= 7873102) AND (id <= 7873201))

explain: for inserts :: explain INSERT INTO sbtest%u (id, k, c, pad) VALUES (%u, 13, 'foobar', 'foobar')
explain: for inserts :: explain INSERT INTO sbtest%u (id, k, c, pad) VALUES (%u, 13, 'foobar', 'foobar')
for: distinct_ranges
table 1 : explain SELECT DISTINCT c FROM sbtest1 WHERE id BETWEEN 3054367 AND 3054466 ORDER BY c
	Unique  (cost=420.90..421.43 rows=106 width=121)
	  ->  Sort  (cost=420.90..421.17 rows=106 width=121)
	        Sort Key: c
	        ->  Index Scan using sbtest1_pkey on sbtest1  (cost=0.43..417.33 rows=106 width=121)
	              Index Cond: ((id >= 3054367) AND (id <= 3054466))

table 2 : explain SELECT DISTINCT c FROM sbtest2 WHERE id BETWEEN 6790458 AND 6790557 ORDER BY c
	Unique  (cost=401.21..401.72 rows=101 width=121)
	  ->  Sort  (cost=401.21..401.47 rows=101 width=121)
	        Sort Key: c
	        ->  Index Scan using sbtest2_pkey on sbtest2  (cost=0.43..397.85 rows=101 width=121)
	              Index Cond: ((id >= 6790458) AND (id <= 6790557))

table 3 : explain SELECT DISTINCT c FROM sbtest3 WHERE id BETWEEN 6089422 AND 6089521 ORDER BY c
	Unique  (cost=403.81..404.32 rows=102 width=121)
	  ->  Sort  (cost=403.81..404.06 rows=102 width=121)
	        Sort Key: c
	        ->  Index Scan using sbtest3_pkey on sbtest3  (cost=0.43..400.41 rows=102 width=121)
	              Index Cond: ((id >= 6089422) AND (id <= 6089521))

table 4 : explain SELECT DISTINCT c FROM sbtest4 WHERE id BETWEEN 2242136 AND 2242235 ORDER BY c
	Unique  (cost=442.64..443.20 rows=112 width=121)
	  ->  Sort  (cost=442.64..442.92 rows=112 width=121)
	        Sort Key: c
	        ->  Index Scan using sbtest4_pkey on sbtest4  (cost=0.43..438.83 rows=112 width=121)
	              Index Cond: ((id >= 2242136) AND (id <= 2242235))

table 5 : explain SELECT DISTINCT c FROM sbtest5 WHERE id BETWEEN 197066 AND 197165 ORDER BY c
	Unique  (cost=406.48..406.99 rows=103 width=121)
	  ->  Sort  (cost=406.48..406.73 rows=103 width=121)
	        Sort Key: c
	        ->  Index Scan using sbtest5_pkey on sbtest5  (cost=0.43..403.03 rows=103 width=121)
	              Index Cond: ((id >= 197066) AND (id <= 197165))

table 6 : explain SELECT DISTINCT c FROM sbtest6 WHERE id BETWEEN 1451634 AND 1451733 ORDER BY c
	Unique  (cost=392.38..392.87 rows=99 width=121)
	  ->  Sort  (cost=392.38..392.62 rows=99 width=121)
	        Sort Key: c
	        ->  Index Scan using sbtest6_pkey on sbtest6  (cost=0.43..389.09 rows=99 width=121)
	              Index Cond: ((id >= 1451634) AND (id <= 1451733))

table 7 : explain SELECT DISTINCT c FROM sbtest7 WHERE id BETWEEN 6862830 AND 6862929 ORDER BY c
	Unique  (cost=374.39..374.87 rows=95 width=121)
	  ->  Sort  (cost=374.39..374.63 rows=95 width=121)
	        Sort Key: c
	        ->  Index Scan using sbtest7_pkey on sbtest7  (cost=0.43..371.27 rows=95 width=121)
	              Index Cond: ((id >= 6862830) AND (id <= 6862929))

table 8 : explain SELECT DISTINCT c FROM sbtest8 WHERE id BETWEEN 4966768 AND 4966867 ORDER BY c
	Unique  (cost=384.76..385.25 rows=98 width=121)
	  ->  Sort  (cost=384.76..385.01 rows=98 width=121)
	        Sort Key: c
	        ->  Index Scan using sbtest8_pkey on sbtest8  (cost=0.43..381.52 rows=98 width=121)
	              Index Cond: ((id >= 4966768) AND (id <= 4966867))

for non_index_updates
table 1 : explain UPDATE sbtest1 SET c='foobar' WHERE id=2096184
	Update on sbtest1  (cost=0.43..8.45 rows=0 width=0)
	  ->  Index Scan using sbtest1_pkey on sbtest1  (cost=0.43..8.45 rows=1 width=490)
	        Index Cond: (id = 2096184)

table 2 : explain UPDATE sbtest2 SET c='foobar' WHERE id=7772363
	Update on sbtest2  (cost=0.43..8.45 rows=0 width=0)
	  ->  Index Scan using sbtest2_pkey on sbtest2  (cost=0.43..8.45 rows=1 width=490)
	        Index Cond: (id = 7772363)

table 3 : explain UPDATE sbtest3 SET c='foobar' WHERE id=2925456
	Update on sbtest3  (cost=0.43..8.45 rows=0 width=0)
	  ->  Index Scan using sbtest3_pkey on sbtest3  (cost=0.43..8.45 rows=1 width=490)
	        Index Cond: (id = 2925456)

table 4 : explain UPDATE sbtest4 SET c='foobar' WHERE id=1366752
	Update on sbtest4  (cost=0.43..8.45 rows=0 width=0)
	  ->  Index Scan using sbtest4_pkey on sbtest4  (cost=0.43..8.45 rows=1 width=490)
	        Index Cond: (id = 1366752)

table 5 : explain UPDATE sbtest5 SET c='foobar' WHERE id=387980
	Update on sbtest5  (cost=0.43..8.45 rows=0 width=0)
	  ->  Index Scan using sbtest5_pkey on sbtest5  (cost=0.43..8.45 rows=1 width=490)
	        Index Cond: (id = 387980)

table 6 : explain UPDATE sbtest6 SET c='foobar' WHERE id=9889098
	Update on sbtest6  (cost=0.43..8.45 rows=0 width=0)
	  ->  Index Scan using sbtest6_pkey on sbtest6  (cost=0.43..8.45 rows=1 width=490)
	        Index Cond: (id = 9889098)

table 7 : explain UPDATE sbtest7 SET c='foobar' WHERE id=4040076
	Update on sbtest7  (cost=0.43..8.45 rows=0 width=0)
	  ->  Index Scan using sbtest7_pkey on sbtest7  (cost=0.43..8.45 rows=1 width=490)
	        Index Cond: (id = 4040076)

table 8 : explain UPDATE sbtest8 SET c='foobar' WHERE id=2485321
	Update on sbtest8  (cost=0.43..8.45 rows=0 width=0)
	  ->  Index Scan using sbtest8_pkey on sbtest8  (cost=0.43..8.45 rows=1 width=490)
	        Index Cond: (id = 2485321)

for index_updates
table 1 : explain UPDATE sbtest1 SET k=k+1 WHERE id=4076270
	Update on sbtest1  (cost=0.43..8.46 rows=0 width=0)
	  ->  Index Scan using sbtest1_pkey on sbtest1  (cost=0.43..8.46 rows=1 width=10)
	        Index Cond: (id = 4076270)

table 2 : explain UPDATE sbtest2 SET k=k+1 WHERE id=6401606
	Update on sbtest2  (cost=0.43..8.46 rows=0 width=0)
	  ->  Index Scan using sbtest2_pkey on sbtest2  (cost=0.43..8.46 rows=1 width=10)
	        Index Cond: (id = 6401606)

table 3 : explain UPDATE sbtest3 SET k=k+1 WHERE id=5772780
	Update on sbtest3  (cost=0.43..8.46 rows=0 width=0)
	  ->  Index Scan using sbtest3_pkey on sbtest3  (cost=0.43..8.46 rows=1 width=10)
	        Index Cond: (id = 5772780)

table 4 : explain UPDATE sbtest4 SET k=k+1 WHERE id=4547966
	Update on sbtest4  (cost=0.43..8.46 rows=0 width=0)
	  ->  Index Scan using sbtest4_pkey on sbtest4  (cost=0.43..8.46 rows=1 width=10)
	        Index Cond: (id = 4547966)

table 5 : explain UPDATE sbtest5 SET k=k+1 WHERE id=6239438
	Update on sbtest5  (cost=0.43..8.46 rows=0 width=0)
	  ->  Index Scan using sbtest5_pkey on sbtest5  (cost=0.43..8.46 rows=1 width=10)
	        Index Cond: (id = 6239438)

table 6 : explain UPDATE sbtest6 SET k=k+1 WHERE id=1955159
	Update on sbtest6  (cost=0.43..8.46 rows=0 width=0)
	  ->  Index Scan using sbtest6_pkey on sbtest6  (cost=0.43..8.46 rows=1 width=10)
	        Index Cond: (id = 1955159)

table 7 : explain UPDATE sbtest7 SET k=k+1 WHERE id=3655806
	Update on sbtest7  (cost=0.43..8.46 rows=0 width=0)
	  ->  Index Scan using sbtest7_pkey on sbtest7  (cost=0.43..8.46 rows=1 width=10)
	        Index Cond: (id = 3655806)

table 8 : explain UPDATE sbtest8 SET k=k+1 WHERE id=2811531
	Update on sbtest8  (cost=0.43..8.46 rows=0 width=0)
	  ->  Index Scan using sbtest8_pkey on sbtest8  (cost=0.43..8.46 rows=1 width=10)
	        Index Cond: (id = 2811531)

for index_updates
table 1 : explain UPDATE sbtest1 SET k=k+1 WHERE id=6607720
	Update on sbtest1  (cost=0.43..8.46 rows=0 width=0)
	  ->  Index Scan using sbtest1_pkey on sbtest1  (cost=0.43..8.46 rows=1 width=10)
	        Index Cond: (id = 6607720)

table 2 : explain UPDATE sbtest2 SET k=k+1 WHERE id=8904167
	Update on sbtest2  (cost=0.43..8.46 rows=0 width=0)
	  ->  Index Scan using sbtest2_pkey on sbtest2  (cost=0.43..8.46 rows=1 width=10)
	        Index Cond: (id = 8904167)

table 3 : explain UPDATE sbtest3 SET k=k+1 WHERE id=1926333
	Update on sbtest3  (cost=0.43..8.46 rows=0 width=0)
	  ->  Index Scan using sbtest3_pkey on sbtest3  (cost=0.43..8.46 rows=1 width=10)
	        Index Cond: (id = 1926333)

table 4 : explain UPDATE sbtest4 SET k=k+1 WHERE id=5471783
	Update on sbtest4  (cost=0.43..8.46 rows=0 width=0)
	  ->  Index Scan using sbtest4_pkey on sbtest4  (cost=0.43..8.46 rows=1 width=10)
	        Index Cond: (id = 5471783)

table 5 : explain UPDATE sbtest5 SET k=k+1 WHERE id=8051377
	Update on sbtest5  (cost=0.43..8.46 rows=0 width=0)
	  ->  Index Scan using sbtest5_pkey on sbtest5  (cost=0.43..8.46 rows=1 width=10)
	        Index Cond: (id = 8051377)

table 6 : explain UPDATE sbtest6 SET k=k+1 WHERE id=4434128
	Update on sbtest6  (cost=0.43..8.46 rows=0 width=0)
	  ->  Index Scan using sbtest6_pkey on sbtest6  (cost=0.43..8.46 rows=1 width=10)
	        Index Cond: (id = 4434128)

table 7 : explain UPDATE sbtest7 SET k=k+1 WHERE id=3236757
	Update on sbtest7  (cost=0.43..8.46 rows=0 width=0)
	  ->  Index Scan using sbtest7_pkey on sbtest7  (cost=0.43..8.46 rows=1 width=10)
	        Index Cond: (id = 3236757)

table 8 : explain UPDATE sbtest8 SET k=k+1 WHERE id=5357191
	Update on sbtest8  (cost=0.43..8.46 rows=0 width=0)
	  ->  Index Scan using sbtest8_pkey on sbtest8  (cost=0.43..8.46 rows=1 width=10)
	        Index Cond: (id = 5357191)

for: sum_ranges
table 1 : explain SELECT SUM(k) FROM sbtest1 WHERE id BETWEEN 202655 AND 202754
	Aggregate  (cost=374.72..374.73 rows=1 width=8)
	  ->  Index Scan using sbtest1_pkey on sbtest1  (cost=0.43..374.48 rows=95 width=4)
	        Index Cond: ((id >= 202655) AND (id <= 202754))

table 2 : explain SELECT SUM(k) FROM sbtest2 WHERE id BETWEEN 7048349 AND 7048448
	Aggregate  (cost=425.37..425.38 rows=1 width=8)
	  ->  Index Scan using sbtest2_pkey on sbtest2  (cost=0.43..425.10 rows=108 width=4)
	        Index Cond: ((id >= 7048349) AND (id <= 7048448))

table 3 : explain SELECT SUM(k) FROM sbtest3 WHERE id BETWEEN 5781086 AND 5781185
	Aggregate  (cost=404.54..404.55 rows=1 width=8)
	  ->  Index Scan using sbtest3_pkey on sbtest3  (cost=0.43..404.28 rows=103 width=4)
	        Index Cond: ((id >= 5781086) AND (id <= 5781185))

table 4 : explain SELECT SUM(k) FROM sbtest4 WHERE id BETWEEN 5033232 AND 5033331
	Aggregate  (cost=380.89..380.90 rows=1 width=8)
	  ->  Index Scan using sbtest4_pkey on sbtest4  (cost=0.43..380.65 rows=97 width=4)
	        Index Cond: ((id >= 5033232) AND (id <= 5033331))

table 5 : explain SELECT SUM(k) FROM sbtest5 WHERE id BETWEEN 3124499 AND 3124598
	Aggregate  (cost=407.16..407.17 rows=1 width=8)
	  ->  Index Scan using sbtest5_pkey on sbtest5  (cost=0.43..406.90 rows=104 width=4)
	        Index Cond: ((id >= 3124499) AND (id <= 3124598))

table 6 : explain SELECT SUM(k) FROM sbtest6 WHERE id BETWEEN 4751989 AND 4752088
	Aggregate  (cost=401.00..401.01 rows=1 width=8)
	  ->  Index Scan using sbtest6_pkey on sbtest6  (cost=0.43..400.74 rows=102 width=4)
	        Index Cond: ((id >= 4751989) AND (id <= 4752088))

table 7 : explain SELECT SUM(k) FROM sbtest7 WHERE id BETWEEN 1014876 AND 1014975
	Aggregate  (cost=421.75..421.76 rows=1 width=8)
	  ->  Index Scan using sbtest7_pkey on sbtest7  (cost=0.43..421.48 rows=108 width=4)
	        Index Cond: ((id >= 1014876) AND (id <= 1014975))

table 8 : explain SELECT SUM(k) FROM sbtest8 WHERE id BETWEEN 89725 AND 89824
	Aggregate  (cost=370.18..370.19 rows=1 width=8)
	  ->  Index Scan using sbtest8_pkey on sbtest8  (cost=0.43..369.94 rows=95 width=4)
	        Index Cond: ((id >= 89725) AND (id <= 89824))

explain: for index_updates :: explain UPDATE sbtest%u SET k=k+1 WHERE id=%u
for: simple_ranges
table 1 : explain SELECT c FROM sbtest1 WHERE id BETWEEN 5835219 AND 5835318
	Index Scan using sbtest1_pkey on sbtest1  (cost=0.43..358.90 rows=91 width=121)
	  Index Cond: ((id >= 5835219) AND (id <= 5835318))

table 2 : explain SELECT c FROM sbtest2 WHERE id BETWEEN 4947235 AND 4947334
	Index Scan using sbtest2_pkey on sbtest2  (cost=0.43..386.14 rows=98 width=121)
	  Index Cond: ((id >= 4947235) AND (id <= 4947334))

table 3 : explain SELECT c FROM sbtest3 WHERE id BETWEEN 980665 AND 980764
	Index Scan using sbtest3_pkey on sbtest3  (cost=0.43..373.21 rows=95 width=121)
	  Index Cond: ((id >= 980665) AND (id <= 980764))

table 4 : explain SELECT c FROM sbtest4 WHERE id BETWEEN 5556738 AND 5556837
	Index Scan using sbtest4_pkey on sbtest4  (cost=0.43..403.94 rows=103 width=121)
	  Index Cond: ((id >= 5556738) AND (id <= 5556837))

table 5 : explain SELECT c FROM sbtest5 WHERE id BETWEEN 6786592 AND 6786691
	Index Scan using sbtest5_pkey on sbtest5  (cost=0.43..348.85 rows=89 width=121)
	  Index Cond: ((id >= 6786592) AND (id <= 6786691))

table 6 : explain SELECT c FROM sbtest6 WHERE id BETWEEN 721770 AND 721869
	Index Scan using sbtest6_pkey on sbtest6  (cost=0.43..443.46 rows=113 width=121)
	  Index Cond: ((id >= 721770) AND (id <= 721869))

table 7 : explain SELECT c FROM sbtest7 WHERE id BETWEEN 216296 AND 216395
	Index Scan using sbtest7_pkey on sbtest7  (cost=0.43..413.76 rows=106 width=121)
	  Index Cond: ((id >= 216296) AND (id <= 216395))

table 8 : explain SELECT c FROM sbtest8 WHERE id BETWEEN 7460404 AND 7460503
	Index Scan using sbtest8_pkey on sbtest8  (cost=0.43..396.90 rows=102 width=121)
	  Index Cond: ((id >= 7460404) AND (id <= 7460503))

for inserts
table 1 : explain INSERT INTO sbtest1 (id, k, c, pad) VALUES (6020566, 13, 'foobar', 'foobar')
	Insert on sbtest1  (cost=0.00..0.01 rows=0 width=0)
	  ->  Result  (cost=0.00..0.01 rows=1 width=736)

table 2 : explain INSERT INTO sbtest2 (id, k, c, pad) VALUES (8023816, 13, 'foobar', 'foobar')
	Insert on sbtest2  (cost=0.00..0.01 rows=0 width=0)
	  ->  Result  (cost=0.00..0.01 rows=1 width=736)

table 3 : explain INSERT INTO sbtest3 (id, k, c, pad) VALUES (7987924, 13, 'foobar', 'foobar')
	Insert on sbtest3  (cost=0.00..0.01 rows=0 width=0)
	  ->  Result  (cost=0.00..0.01 rows=1 width=736)

table 4 : explain INSERT INTO sbtest4 (id, k, c, pad) VALUES (1992478, 13, 'foobar', 'foobar')
	Insert on sbtest4  (cost=0.00..0.01 rows=0 width=0)
	  ->  Result  (cost=0.00..0.01 rows=1 width=736)

table 5 : explain INSERT INTO sbtest5 (id, k, c, pad) VALUES (7666441, 13, 'foobar', 'foobar')
	Insert on sbtest5  (cost=0.00..0.01 rows=0 width=0)
	  ->  Result  (cost=0.00..0.01 rows=1 width=736)

table 6 : explain INSERT INTO sbtest6 (id, k, c, pad) VALUES (5577711, 13, 'foobar', 'foobar')
	Insert on sbtest6  (cost=0.00..0.01 rows=0 width=0)
	  ->  Result  (cost=0.00..0.01 rows=1 width=736)

table 7 : explain INSERT INTO sbtest7 (id, k, c, pad) VALUES (8588111, 13, 'foobar', 'foobar')
	Insert on sbtest7  (cost=0.00..0.01 rows=0 width=0)
	  ->  Result  (cost=0.00..0.01 rows=1 width=736)

table 8 : explain INSERT INTO sbtest8 (id, k, c, pad) VALUES (6606060, 13, 'foobar', 'foobar')
	Insert on sbtest8  (cost=0.00..0.01 rows=0 width=0)
	  ->  Result  (cost=0.00..0.01 rows=1 width=736)

for: sum_ranges
table 1 : explain SELECT SUM(k) FROM sbtest1 WHERE id BETWEEN 3931054 AND 3931153
	Aggregate  (cost=402.02..402.03 rows=1 width=8)
	  ->  Index Scan using sbtest1_pkey on sbtest1  (cost=0.43..401.76 rows=102 width=4)
	        Index Cond: ((id >= 3931054) AND (id <= 3931153))

table 2 : explain SELECT SUM(k) FROM sbtest2 WHERE id BETWEEN 9407665 AND 9407764
	Aggregate  (cost=413.69..413.70 rows=1 width=8)
	  ->  Index Scan using sbtest2_pkey on sbtest2  (cost=0.43..413.42 rows=105 width=4)
	        Index Cond: ((id >= 9407665) AND (id <= 9407764))

table 3 : explain SELECT SUM(k) FROM sbtest3 WHERE id BETWEEN 6756515 AND 6756614
	Aggregate  (cost=381.21..381.22 rows=1 width=8)
	  ->  Index Scan using sbtest3_pkey on sbtest3  (cost=0.43..380.97 rows=97 width=4)
	        Index Cond: ((id >= 6756515) AND (id <= 6756614))

table 4 : explain SELECT SUM(k) FROM sbtest4 WHERE id BETWEEN 5184232 AND 5184331
	Aggregate  (cost=377.01..377.02 rows=1 width=8)
	  ->  Index Scan using sbtest4_pkey on sbtest4  (cost=0.43..376.77 rows=96 width=4)
	        Index Cond: ((id >= 5184232) AND (id <= 5184331))

table 5 : explain SELECT SUM(k) FROM sbtest5 WHERE id BETWEEN 8725555 AND 8725654
	Aggregate  (cost=383.94..383.95 rows=1 width=8)
	  ->  Index Scan using sbtest5_pkey on sbtest5  (cost=0.43..383.70 rows=98 width=4)
	        Index Cond: ((id >= 8725555) AND (id <= 8725654))

table 6 : explain SELECT SUM(k) FROM sbtest6 WHERE id BETWEEN 6015355 AND 6015454
	Aggregate  (cost=385.46..385.47 rows=1 width=8)
	  ->  Index Scan using sbtest6_pkey on sbtest6  (cost=0.43..385.21 rows=98 width=4)
	        Index Cond: ((id >= 6015355) AND (id <= 6015454))

table 7 : explain SELECT SUM(k) FROM sbtest7 WHERE id BETWEEN 8010524 AND 8010623
	Aggregate  (cost=410.16..410.17 rows=1 width=8)
	  ->  Index Scan using sbtest7_pkey on sbtest7  (cost=0.43..409.90 rows=105 width=4)
	        Index Cond: ((id >= 8010524) AND (id <= 8010623))

table 8 : explain SELECT SUM(k) FROM sbtest8 WHERE id BETWEEN 9810108 AND 9810207
	Aggregate  (cost=408.69..408.70 rows=1 width=8)
	  ->  Index Scan using sbtest8_pkey on sbtest8  (cost=0.43..408.43 rows=105 width=4)
	        Index Cond: ((id >= 9810108) AND (id <= 9810207))

explain: for non_index_updates :: explain UPDATE sbtest%u SET c='foobar' WHERE id=%u
explain: for index_updates :: explain UPDATE sbtest%u SET k=k+1 WHERE id=%ufor non_index_updates
table 1 : explain UPDATE sbtest1 SET c='foobar' WHERE id=3768428
	Update on sbtest1  (cost=0.43..8.45 rows=0 width=0)
	  ->  Index Scan using sbtest1_pkey on sbtest1  (cost=0.43..8.45 rows=1 width=490)
	        Index Cond: (id = 3768428)

table 2 : explain UPDATE sbtest2 SET c='foobar' WHERE id=6840065
	Update on sbtest2  (cost=0.43..8.45 rows=0 width=0)
	  ->  Index Scan using sbtest2_pkey on sbtest2  (cost=0.43..8.45 rows=1 width=490)
	        Index Cond: (id = 6840065)

table 3 : explain UPDATE sbtest3 SET c='foobar' WHERE id=1349590
	Update on sbtest3  (cost=0.43..8.45 rows=0 width=0)
	  ->  Index Scan using sbtest3_pkey on sbtest3  (cost=0.43..8.45 rows=1 width=490)
	        Index Cond: (id = 1349590)

table 4 : explain UPDATE sbtest4 SET c='foobar' WHERE id=5410736
	Update on sbtest4  (cost=0.43..8.45 rows=0 width=0)
	  ->  Index Scan using sbtest4_pkey on sbtest4  (cost=0.43..8.45 rows=1 width=490)
	        Index Cond: (id = 5410736)

table 5 : explain UPDATE sbtest5 SET c='foobar' WHERE id=166454
	Update on sbtest5  (cost=0.43..8.45 rows=0 width=0)
	  ->  Index Scan using sbtest5_pkey on sbtest5  (cost=0.43..8.45 rows=1 width=490)
	        Index Cond: (id = 166454)

table 6 : explain UPDATE sbtest6 SET c='foobar' WHERE id=9205158
	Update on sbtest6  (cost=0.43..8.45 rows=0 width=0)
	  ->  Index Scan using sbtest6_pkey on sbtest6  (cost=0.43..8.45 rows=1 width=490)
	        Index Cond: (id = 9205158)

table 7 : explain UPDATE sbtest7 SET c='foobar' WHERE id=2797003
	Update on sbtest7  (cost=0.43..8.45 rows=0 width=0)
	  ->  Index Scan using sbtest7_pkey on sbtest7  (cost=0.43..8.45 rows=1 width=490)
	        Index Cond: (id = 2797003)

table 8 : explain UPDATE sbtest8 SET c='foobar' WHERE id=6457119
	Update on sbtest8  (cost=0.43..8.45 rows=0 width=0)
	  ->  Index Scan using sbtest8_pkey on sbtest8  (cost=0.43..8.45 rows=1 width=490)
	        Index Cond: (id = 6457119)
for: distinct_ranges
table 1 : explain SELECT DISTINCT c FROM sbtest1 WHERE id BETWEEN 3273592 AND 3273691 ORDER BY c
	Unique  (cost=361.87..362.32 rows=91 width=121)
	  ->  Sort  (cost=361.87..362.09 rows=91 width=121)
	        Sort Key: c
	        ->  Index Scan using sbtest1_pkey on sbtest1  (cost=0.43..358.90 rows=91 width=121)
	              Index Cond: ((id >= 3273592) AND (id <= 3273691))

table 2 : explain SELECT DISTINCT c FROM sbtest2 WHERE id BETWEEN 4156752 AND 4156851 ORDER BY c
	Unique  (cost=409.08..409.60 rows=103 width=121)
	  ->  Sort  (cost=409.08..409.34 rows=103 width=121)
	        Sort Key: c
	        ->  Index Scan using sbtest2_pkey on sbtest2  (cost=0.43..405.64 rows=103 width=121)
	              Index Cond: ((id >= 4156752) AND (id <= 4156851))

table 3 : explain SELECT DISTINCT c FROM sbtest3 WHERE id BETWEEN 7253442 AND 7253541 ORDER BY c
	Unique  (cost=403.81..404.32 rows=102 width=121)
	  ->  Sort  (cost=403.81..404.06 rows=102 width=121)
	        Sort Key: c
	        ->  Index Scan using sbtest3_pkey on sbtest3  (cost=0.43..400.41 rows=102 width=121)
	              Index Cond: ((id >= 7253442) AND (id <= 7253541))

table 4 : explain SELECT DISTINCT c FROM sbtest4 WHERE id BETWEEN 1512327 AND 1512426 ORDER BY c
	Unique  (cost=399.55..400.06 rows=101 width=121)
	  ->  Sort  (cost=399.55..399.80 rows=101 width=121)
	        Sort Key: c
	        ->  Index Scan using sbtest4_pkey on sbtest4  (cost=0.43..396.19 rows=101 width=121)
	              Index Cond: ((id >= 1512327) AND (id <= 1512426))

table 5 : explain SELECT DISTINCT c FROM sbtest5 WHERE id BETWEEN 1311647 AND 1311746 ORDER BY c
	Unique  (cost=418.20..418.73 rows=106 width=121)
	  ->  Sort  (cost=418.20..418.47 rows=106 width=121)
	        Sort Key: c
	        ->  Index Scan using sbtest5_pkey on sbtest5  (cost=0.43..414.64 rows=106 width=121)
	              Index Cond: ((id >= 1311647) AND (id <= 1311746))

table 6 : explain SELECT DISTINCT c FROM sbtest6 WHERE id BETWEEN 7912001 AND 7912100 ORDER BY c
	Unique  (cost=404.15..404.66 rows=102 width=121)
	  ->  Sort  (cost=404.15..404.40 rows=102 width=121)
	        Sort Key: c
	        ->  Index Scan using sbtest6_pkey on sbtest6  (cost=0.43..400.74 rows=102 width=121)
	              Index Cond: ((id >= 7912001) AND (id <= 7912100))

table 7 : explain SELECT DISTINCT c FROM sbtest7 WHERE id BETWEEN 5607655 AND 5607754 ORDER BY c
	Unique  (cost=378.29..378.77 rows=96 width=121)
	  ->  Sort  (cost=378.29..378.53 rows=96 width=121)
	        Sort Key: c
	        ->  Index Scan using sbtest7_pkey on sbtest7  (cost=0.43..375.13 rows=96 width=121)
	              Index Cond: ((id >= 5607655) AND (id <= 5607754))

table 8 : explain SELECT DISTINCT c FROM sbtest8 WHERE id BETWEEN 1386776 AND 1386875 ORDER BY c
	Unique  (cost=408.07..408.59 rows=104 width=121)
	  ->  Sort  (cost=408.07..408.33 rows=104 width=121)
	        Sort Key: c
	        ->  Index Scan using sbtest8_pkey on sbtest8  (cost=0.43..404.59 rows=104 width=121)
	              Index Cond: ((id >= 1386776) AND (id <= 1386875))

for: sum_ranges
table 1 : explain SELECT SUM(k) FROM sbtest1 WHERE id BETWEEN 3581611 AND 3581710
	Aggregate  (cost=417.60..417.61 rows=1 width=8)
	  ->  Index Scan using sbtest1_pkey on sbtest1  (cost=0.43..417.33 rows=106 width=4)
	        Index Cond: ((id >= 3581611) AND (id <= 3581710))

table 2 : explain SELECT SUM(k) FROM sbtest2 WHERE id BETWEEN 7068695 AND 7068794
	Aggregate  (cost=425.37..425.38 rows=1 width=8)
	  ->  Index Scan using sbtest2_pkey on sbtest2  (cost=0.43..425.10 rows=108 width=4)
	        Index Cond: ((id >= 7068695) AND (id <= 7068794))

table 3 : explain SELECT SUM(k) FROM sbtest3 WHERE id BETWEEN 6321292 AND 6321391
	Aggregate  (cost=373.45..373.46 rows=1 width=8)
	  ->  Index Scan using sbtest3_pkey on sbtest3  (cost=0.43..373.21 rows=95 width=4)
	        Index Cond: ((id >= 6321292) AND (id <= 6321391))

table 4 : explain SELECT SUM(k) FROM sbtest4 WHERE id BETWEEN 9291256 AND 9291355
	Aggregate  (cost=396.44..396.45 rows=1 width=8)
	  ->  Index Scan using sbtest4_pkey on sbtest4  (cost=0.43..396.19 rows=101 width=4)
	        Index Cond: ((id >= 9291256) AND (id <= 9291355))

table 5 : explain SELECT SUM(k) FROM sbtest5 WHERE id BETWEEN 4211031 AND 4211130
	Aggregate  (cost=430.38..430.39 rows=1 width=8)
	  ->  Index Scan using sbtest5_pkey on sbtest5  (cost=0.43..430.10 rows=110 width=4)
	        Index Cond: ((id >= 4211031) AND (id <= 4211130))

table 6 : explain SELECT SUM(k) FROM sbtest6 WHERE id BETWEEN 6923954 AND 6924053
	Aggregate  (cost=389.34..389.35 rows=1 width=8)
	  ->  Index Scan using sbtest6_pkey on sbtest6  (cost=0.43..389.09 rows=99 width=4)
	        Index Cond: ((id >= 6923954) AND (id <= 6924053))

table 7 : explain SELECT SUM(k) FROM sbtest7 WHERE id BETWEEN 9623025 AND 9623124
	Aggregate  (cost=379.27..379.28 rows=1 width=8)
	  ->  Index Scan using sbtest7_pkey on sbtest7  (cost=0.43..379.03 rows=97 width=4)
	        Index Cond: ((id >= 9623025) AND (id <= 9623124))

table 8 : explain SELECT SUM(k) FROM sbtest8 WHERE id BETWEEN 634644 AND 634743
	Aggregate  (cost=347.10..347.11 rows=1 width=8)
	  ->  Index Scan using sbtest8_pkey on sbtest8  (cost=0.43..346.87 rows=89 width=4)
	        Index Cond: ((id >= 634644) AND (id <= 634743))


for inserts
table 1 : explain INSERT INTO sbtest1 (id, k, c, pad) VALUES (1959905, 13, 'foobar', 'foobar')
	Insert on sbtest1  (cost=0.00..0.01 rows=0 width=0)
	  ->  Result  (cost=0.00..0.01 rows=1 width=736)

table 2 : explain INSERT INTO sbtest2 (id, k, c, pad) VALUES (2307154, 13, 'foobar', 'foobar')
	Insert on sbtest2  (cost=0.00..0.01 rows=0 width=0)
	  ->  Result  (cost=0.00..0.01 rows=1 width=736)

table 3 : explain INSERT INTO sbtest3 (id, k, c, pad) VALUES (5536075, 13, 'foobar', 'foobar')
	Insert on sbtest3  (cost=0.00..0.01 rows=0 width=0)
	  ->  Result  (cost=0.00..0.01 rows=1 width=736)

table 4 : explain INSERT INTO sbtest4 (id, k, c, pad) VALUES (9276099, 13, 'foobar', 'foobar')
	Insert on sbtest4  (cost=0.00..0.01 rows=0 width=0)
	  ->  Result  (cost=0.00..0.01 rows=1 width=736)

table 5 : explain INSERT INTO sbtest5 (id, k, c, pad) VALUES (7703013, 13, 'foobar', 'foobar')
	Insert on sbtest5  (cost=0.00..0.01 rows=0 width=0)
	  ->  Result  (cost=0.00..0.01 rows=1 width=736)

table 6 : explain INSERT INTO sbtest6 (id, k, c, pad) VALUES (6970077, 13, 'foobar', 'foobar')
	Insert on sbtest6  (cost=0.00..0.01 rows=0 width=0)
	  ->  Result  (cost=0.00..0.01 rows=1 width=736)

table 7 : explain INSERT INTO sbtest7 (id, k, c, pad) VALUES (1222790, 13, 'foobar', 'foobar')
	Insert on sbtest7  (cost=0.00..0.01 rows=0 width=0)
	  ->  Result  (cost=0.00..0.01 rows=1 width=736)

table 8 : explain INSERT INTO sbtest8 (id, k, c, pad) VALUES (1788211, 13, 'foobar', 'foobar')
	Insert on sbtest8  (cost=0.00..0.01 rows=0 width=0)
	  ->  Result  (cost=0.00..0.01 rows=1 width=736)


explain: for deletes :: explain DELETE FROM sbtest%u WHERE id=%u
explain: for non_index_updates :: explain UPDATE sbtest%u SET c='foobar' WHERE id=%u
for point_selects
table 1 : explain SELECT c FROM sbtest1 WHERE id=9591446
	Index Scan using sbtest1_pkey on sbtest1  (cost=0.43..8.45 rows=1 width=121)
	  Index Cond: (id = 9591446)

table 2 : explain SELECT c FROM sbtest2 WHERE id=2760415
	Index Scan using sbtest2_pkey on sbtest2  (cost=0.43..8.45 rows=1 width=121)
	  Index Cond: (id = 2760415)

table 3 : explain SELECT c FROM sbtest3 WHERE id=5963112
	Index Scan using sbtest3_pkey on sbtest3  (cost=0.43..8.45 rows=1 width=121)
	  Index Cond: (id = 5963112)

table 4 : explain SELECT c FROM sbtest4 WHERE id=5899350
	Index Scan using sbtest4_pkey on sbtest4  (cost=0.43..8.45 rows=1 width=121)
	  Index Cond: (id = 5899350)

table 5 : explain SELECT c FROM sbtest5 WHERE id=7033627
	Index Scan using sbtest5_pkey on sbtest5  (cost=0.43..8.45 rows=1 width=121)
	  Index Cond: (id = 7033627)

table 6 : explain SELECT c FROM sbtest6 WHERE id=8559756
	Index Scan using sbtest6_pkey on sbtest6  (cost=0.43..8.45 rows=1 width=121)
	  Index Cond: (id = 8559756)

table 7 : explain SELECT c FROM sbtest7 WHERE id=220404
	Index Scan using sbtest7_pkey on sbtest7  (cost=0.43..8.45 rows=1 width=121)
	  Index Cond: (id = 220404)

table 8 : explain SELECT c FROM sbtest8 WHERE id=3378919
	Index Scan using sbtest8_pkey on sbtest8  (cost=0.43..8.45 rows=1 width=121)
	  Index Cond: (id = 3378919)

for inserts
table 1 : explain INSERT INTO sbtest1 (id, k, c, pad) VALUES (1063044, 13, 'foobar', 'foobar')
	Insert on sbtest1  (cost=0.00..0.01 rows=0 width=0)
	  ->  Result  (cost=0.00..0.01 rows=1 width=736)

table 2 : explain INSERT INTO sbtest2 (id, k, c, pad) VALUES (1192714, 13, 'foobar', 'foobar')
	Insert on sbtest2  (cost=0.00..0.01 rows=0 width=0)
	  ->  Result  (cost=0.00..0.01 rows=1 width=736)

table 3 : explain INSERT INTO sbtest3 (id, k, c, pad) VALUES (5122536, 13, 'foobar', 'foobar')
	Insert on sbtest3  (cost=0.00..0.01 rows=0 width=0)
	  ->  Result  (cost=0.00..0.01 rows=1 width=736)

table 4 : explain INSERT INTO sbtest4 (id, k, c, pad) VALUES (3392331, 13, 'foobar', 'foobar')
	Insert on sbtest4  (cost=0.00..0.01 rows=0 width=0)
	  ->  Result  (cost=0.00..0.01 rows=1 width=736)

table 5 : explain INSERT INTO sbtest5 (id, k, c, pad) VALUES (1588036, 13, 'foobar', 'foobar')
	Insert on sbtest5  (cost=0.00..0.01 rows=0 width=0)
	  ->  Result  (cost=0.00..0.01 rows=1 width=736)

table 6 : explain INSERT INTO sbtest6 (id, k, c, pad) VALUES (6401869, 13, 'foobar', 'foobar')
	Insert on sbtest6  (cost=0.00..0.01 rows=0 width=0)
	  ->  Result  (cost=0.00..0.01 rows=1 width=736)

table 7 : explain INSERT INTO sbtest7 (id, k, c, pad) VALUES (6350397, 13, 'foobar', 'foobar')
	Insert on sbtest7  (cost=0.00..0.01 rows=0 width=0)
	  ->  Result  (cost=0.00..0.01 rows=1 width=736)

table 8 : explain INSERT INTO sbtest8 (id, k, c, pad) VALUES (3793321, 13, 'foobar', 'foobar')
	Insert on sbtest8  (cost=0.00..0.01 rows=0 width=0)
	  ->  Result  (cost=0.00..0.01 rows=1 width=736)

explain: for non_index_updates :: explain UPDATE sbtest%u SET c='foobar' WHERE id=%u
for non_index_updates
table 1 : explain UPDATE sbtest1 SET c='foobar' WHERE id=9480717
	Update on sbtest1  (cost=0.43..8.45 rows=0 width=0)
	  ->  Index Scan using sbtest1_pkey on sbtest1  (cost=0.43..8.45 rows=1 width=490)
	        Index Cond: (id = 9480717)

table 2 : explain UPDATE sbtest2 SET c='foobar' WHERE id=3610535
	Update on sbtest2  (cost=0.43..8.45 rows=0 width=0)
	  ->  Index Scan using sbtest2_pkey on sbtest2  (cost=0.43..8.45 rows=1 width=490)
	        Index Cond: (id = 3610535)

table 3 : explain UPDATE sbtest3 SET c='foobar' WHERE id=2963538
	Update on sbtest3  (cost=0.43..8.45 rows=0 width=0)
	  ->  Index Scan using sbtest3_pkey on sbtest3  (cost=0.43..8.45 rows=1 width=490)
	        Index Cond: (id = 2963538)

table 4 : explain UPDATE sbtest4 SET c='foobar' WHERE id=7182620
	Update on sbtest4  (cost=0.43..8.45 rows=0 width=0)
	  ->  Index Scan using sbtest4_pkey on sbtest4  (cost=0.43..8.45 rows=1 width=490)
	        Index Cond: (id = 7182620)

table 5 : explain UPDATE sbtest5 SET c='foobar' WHERE id=6814313
	Update on sbtest5  (cost=0.43..8.45 rows=0 width=0)
	  ->  Index Scan using sbtest5_pkey on sbtest5  (cost=0.43..8.45 rows=1 width=490)
	        Index Cond: (id = 6814313)

table 6 : explain UPDATE sbtest6 SET c='foobar' WHERE id=6954800
	Update on sbtest6  (cost=0.43..8.45 rows=0 width=0)
	  ->  Index Scan using sbtest6_pkey on sbtest6  (cost=0.43..8.45 rows=1 width=490)
	        Index Cond: (id = 6954800)

table 7 : explain UPDATE sbtest7 SET c='foobar' WHERE id=1240873
	Update on sbtest7  (cost=0.43..8.45 rows=0 width=0)
	  ->  Index Scan using sbtest7_pkey on sbtest7  (cost=0.43..8.45 rows=1 width=490)
	        Index Cond: (id = 1240873)

table 8 : explain UPDATE sbtest8 SET c='foobar' WHERE id=5699698
	Update on sbtest8  (cost=0.43..8.45 rows=0 width=0)
	  ->  Index Scan using sbtest8_pkey on sbtest8  (cost=0.43..8.45 rows=1 width=490)
	        Index Cond: (id = 5699698)

explain: for index_updates :: explain UPDATE sbtest%u SET k=k+1 WHERE id=%u
explain: for deletes :: explain DELETE FROM sbtest%u WHERE id=%u
for index_updates
table 1 : explain UPDATE sbtest1 SET k=k+1 WHERE id=4523933
	Update on sbtest1  (cost=0.43..8.46 rows=0 width=0)
	  ->  Index Scan using sbtest1_pkey on sbtest1  (cost=0.43..8.46 rows=1 width=10)
	        Index Cond: (id = 4523933)

table 2 : explain UPDATE sbtest2 SET k=k+1 WHERE id=4974557
	Update on sbtest2  (cost=0.43..8.46 rows=0 width=0)
	  ->  Index Scan using sbtest2_pkey on sbtest2  (cost=0.43..8.46 rows=1 width=10)
	        Index Cond: (id = 4974557)

table 3 : explain UPDATE sbtest3 SET k=k+1 WHERE id=4228024
	Update on sbtest3  (cost=0.43..8.46 rows=0 width=0)
	  ->  Index Scan using sbtest3_pkey on sbtest3  (cost=0.43..8.46 rows=1 width=10)
	        Index Cond: (id = 4228024)

table 4 : explain UPDATE sbtest4 SET k=k+1 WHERE id=1857918
	Update on sbtest4  (cost=0.43..8.46 rows=0 width=0)
	  ->  Index Scan using sbtest4_pkey on sbtest4  (cost=0.43..8.46 rows=1 width=10)
	        Index Cond: (id = 1857918)

table 5 : explain UPDATE sbtest5 SET k=k+1 WHERE id=9096744
	Update on sbtest5  (cost=0.43..8.46 rows=0 width=0)
	  ->  Index Scan using sbtest5_pkey on sbtest5  (cost=0.43..8.46 rows=1 width=10)
	        Index Cond: (id = 9096744)

table 6 : explain UPDATE sbtest6 SET k=k+1 WHERE id=2448794
	Update on sbtest6  (cost=0.43..8.46 rows=0 width=0)
	  ->  Index Scan using sbtest6_pkey on sbtest6  (cost=0.43..8.46 rows=1 width=10)
	        Index Cond: (id = 2448794)

table 7 : explain UPDATE sbtest7 SET k=k+1 WHERE id=3056697
	Update on sbtest7  (cost=0.43..8.46 rows=0 width=0)
	  ->  Index Scan using sbtest7_pkey on sbtest7  (cost=0.43..8.46 rows=1 width=10)
	        Index Cond: (id = 3056697)

table 8 : explain UPDATE sbtest8 SET k=k+1 WHERE id=2706629
	Update on sbtest8  (cost=0.43..8.46 rows=0 width=0)
	  ->  Index Scan using sbtest8_pkey on sbtest8  (cost=0.43..8.46 rows=1 width=10)
	        Index Cond: (id = 2706629)

for: sum_ranges
table 1 : explain SELECT SUM(k) FROM sbtest1 WHERE id BETWEEN 6919069 AND 6919168
	Aggregate  (cost=402.02..402.03 rows=1 width=8)
	  ->  Index Scan using sbtest1_pkey on sbtest1  (cost=0.43..401.76 rows=102 width=4)
	        Index Cond: ((id >= 6919069) AND (id <= 6919168))

table 2 : explain SELECT SUM(k) FROM sbtest2 WHERE id BETWEEN 2316804 AND 2316903
	Aggregate  (cost=402.00..402.01 rows=1 width=8)
	  ->  Index Scan using sbtest2_pkey on sbtest2  (cost=0.43..401.74 rows=102 width=4)
	        Index Cond: ((id >= 2316804) AND (id <= 2316903))

table 3 : explain SELECT SUM(k) FROM sbtest3 WHERE id BETWEEN 4442064 AND 4442163
	Aggregate  (cost=377.33..377.34 rows=1 width=8)
	  ->  Index Scan using sbtest3_pkey on sbtest3  (cost=0.43..377.09 rows=96 width=4)
	        Index Cond: ((id >= 4442064) AND (id <= 4442163))

table 4 : explain SELECT SUM(k) FROM sbtest4 WHERE id BETWEEN 9753949 AND 9754048
	Aggregate  (cost=384.77..384.78 rows=1 width=8)
	  ->  Index Scan using sbtest4_pkey on sbtest4  (cost=0.43..384.52 rows=98 width=4)
	        Index Cond: ((id >= 9753949) AND (id <= 9754048))

table 5 : explain SELECT SUM(k) FROM sbtest5 WHERE id BETWEEN 12408 AND 12507
	Aggregate  (cost=376.16..376.17 rows=1 width=8)
	  ->  Index Scan using sbtest5_pkey on sbtest5  (cost=0.43..375.92 rows=96 width=4)
	        Index Cond: ((id >= 12408) AND (id <= 12507))

table 6 : explain SELECT SUM(k) FROM sbtest6 WHERE id BETWEEN 181313 AND 181412
	Aggregate  (cost=369.88..369.89 rows=1 width=8)
	  ->  Index Scan using sbtest6_pkey on sbtest6  (cost=0.43..369.65 rows=94 width=4)
	        Index Cond: ((id >= 181313) AND (id <= 181412))

table 7 : explain SELECT SUM(k) FROM sbtest7 WHERE id BETWEEN 1616204 AND 1616303
	Aggregate  (cost=390.86..390.87 rows=1 width=8)
	  ->  Index Scan using sbtest7_pkey on sbtest7  (cost=0.43..390.61 rows=100 width=4)
	        Index Cond: ((id >= 1616204) AND (id <= 1616303))

table 8 : explain SELECT SUM(k) FROM sbtest8 WHERE id BETWEEN 1999353 AND 1999452
	Aggregate  (cost=377.92..377.93 rows=1 width=8)
	  ->  Index Scan using sbtest8_pkey on sbtest8  (cost=0.43..377.67 rows=97 width=4)
	        Index Cond: ((id >= 1999353) AND (id <= 1999452))

for non_index_updates
table 1 : explain UPDATE sbtest1 SET c='foobar' WHERE id=6532013
	Update on sbtest1  (cost=0.43..8.45 rows=0 width=0)
	  ->  Index Scan using sbtest1_pkey on sbtest1  (cost=0.43..8.45 rows=1 width=490)
	        Index Cond: (id = 6532013)

table 2 : explain UPDATE sbtest2 SET c='foobar' WHERE id=914362
	Update on sbtest2  (cost=0.43..8.45 rows=0 width=0)
	  ->  Index Scan using sbtest2_pkey on sbtest2  (cost=0.43..8.45 rows=1 width=490)
	        Index Cond: (id = 914362)

table 3 : explain UPDATE sbtest3 SET c='foobar' WHERE id=722600
	Update on sbtest3  (cost=0.43..8.45 rows=0 width=0)
	  ->  Index Scan using sbtest3_pkey on sbtest3  (cost=0.43..8.45 rows=1 width=490)
	        Index Cond: (id = 722600)

table 4 : explain UPDATE sbtest4 SET c='foobar' WHERE id=4045649
	Update on sbtest4  (cost=0.43..8.45 rows=0 width=0)
	  ->  Index Scan using sbtest4_pkey on sbtest4  (cost=0.43..8.45 rows=1 width=490)
	        Index Cond: (id = 4045649)

table 5 : explain UPDATE sbtest5 SET c='foobar' WHERE id=6659744
	Update on sbtest5  (cost=0.43..8.45 rows=0 width=0)
	  ->  Index Scan using sbtest5_pkey on sbtest5  (cost=0.43..8.45 rows=1 width=490)
	        Index Cond: (id = 6659744)

table 6 : explain UPDATE sbtest6 SET c='foobar' WHERE id=8935606
	Update on sbtest6  (cost=0.43..8.45 rows=0 width=0)
	  ->  Index Scan using sbtest6_pkey on sbtest6  (cost=0.43..8.45 rows=1 width=490)
	        Index Cond: (id = 8935606)

table 7 : explain UPDATE sbtest7 SET c='foobar' WHERE id=8363874
	Update on sbtest7  (cost=0.43..8.45 rows=0 width=0)
	  ->  Index Scan using sbtest7_pkey on sbtest7  (cost=0.43..8.45 rows=1 width=490)
	        Index Cond: (id = 8363874)

table 8 : explain UPDATE sbtest8 SET c='foobar' WHERE id=5352088
	Update on sbtest8  (cost=0.43..8.45 rows=0 width=0)
	  ->  Index Scan using sbtest8_pkey on sbtest8  (cost=0.43..8.45 rows=1 width=490)
	        Index Cond: (id = 5352088)

for non_index_updates
table 1 : explain UPDATE sbtest1 SET c='foobar' WHERE id=9560639
	Update on sbtest1  (cost=0.43..8.45 rows=0 width=0)
	  ->  Index Scan using sbtest1_pkey on sbtest1  (cost=0.43..8.45 rows=1 width=490)
	        Index Cond: (id = 9560639)

table 2 : explain UPDATE sbtest2 SET c='foobar' WHERE id=1941405
	Update on sbtest2  (cost=0.43..8.45 rows=0 width=0)
	  ->  Index Scan using sbtest2_pkey on sbtest2  (cost=0.43..8.45 rows=1 width=490)
	        Index Cond: (id = 1941405)

table 3 : explain UPDATE sbtest3 SET c='foobar' WHERE id=626415
	Update on sbtest3  (cost=0.43..8.45 rows=0 width=0)
	  ->  Index Scan using sbtest3_pkey on sbtest3  (cost=0.43..8.45 rows=1 width=490)
	        Index Cond: (id = 626415)

table 4 : explain UPDATE sbtest4 SET c='foobar' WHERE id=362631
	Update on sbtest4  (cost=0.43..8.45 rows=0 width=0)
	  ->  Index Scan using sbtest4_pkey on sbtest4  (cost=0.43..8.45 rows=1 width=490)
	        Index Cond: (id = 362631)

table 5 : explain UPDATE sbtest5 SET c='foobar' WHERE id=8723597
	Update on sbtest5  (cost=0.43..8.45 rows=0 width=0)
	  ->  Index Scan using sbtest5_pkey on sbtest5  (cost=0.43..8.45 rows=1 width=490)
	        Index Cond: (id = 8723597)

table 6 : explain UPDATE sbtest6 SET c='foobar' WHERE id=1407238
	Update on sbtest6  (cost=0.43..8.45 rows=0 width=0)
	  ->  Index Scan using sbtest6_pkey on sbtest6  (cost=0.43..8.45 rows=1 width=490)
	        Index Cond: (id = 1407238)

table 7 : explain UPDATE sbtest7 SET c='foobar' WHERE id=4789392
	Update on sbtest7  (cost=0.43..8.45 rows=0 width=0)
	  ->  Index Scan using sbtest7_pkey on sbtest7  (cost=0.43..8.45 rows=1 width=490)
	        Index Cond: (id = 4789392)

table 8 : explain UPDATE sbtest8 SET c='foobar' WHERE id=7227336
	Update on sbtest8  (cost=0.43..8.45 rows=0 width=0)
	  ->  Index Scan using sbtest8_pkey on sbtest8  (cost=0.43..8.45 rows=1 width=490)
	        Index Cond: (id = 7227336)

for non_index_updates
table 1 : explain UPDATE sbtest1 SET c='foobar' WHERE id=4228241
	Update on sbtest1  (cost=0.43..8.45 rows=0 width=0)
	  ->  Index Scan using sbtest1_pkey on sbtest1  (cost=0.43..8.45 rows=1 width=490)
	        Index Cond: (id = 4228241)

table 2 : explain UPDATE sbtest2 SET c='foobar' WHERE id=8870400
	Update on sbtest2  (cost=0.43..8.45 rows=0 width=0)
	  ->  Index Scan using sbtest2_pkey on sbtest2  (cost=0.43..8.45 rows=1 width=490)
	        Index Cond: (id = 8870400)

table 3 : explain UPDATE sbtest3 SET c='foobar' WHERE id=9981771
	Update on sbtest3  (cost=0.43..8.45 rows=0 width=0)
	  ->  Index Scan using sbtest3_pkey on sbtest3  (cost=0.43..8.45 rows=1 width=490)
	        Index Cond: (id = 9981771)

table 4 : explain UPDATE sbtest4 SET c='foobar' WHERE id=533762
	Update on sbtest4  (cost=0.43..8.45 rows=0 width=0)
	  ->  Index Scan using sbtest4_pkey on sbtest4  (cost=0.43..8.45 rows=1 width=490)
	        Index Cond: (id = 533762)

table 5 : explain UPDATE sbtest5 SET c='foobar' WHERE id=8237011
	Update on sbtest5  (cost=0.43..8.45 rows=0 width=0)
	  ->  Index Scan using sbtest5_pkey on sbtest5  (cost=0.43..8.45 rows=1 width=490)
	        Index Cond: (id = 8237011)

table 6 : explain UPDATE sbtest6 SET c='foobar' WHERE id=70522
	Update on sbtest6  (cost=0.43..8.45 rows=0 width=0)
	  ->  Index Scan using sbtest6_pkey on sbtest6  (cost=0.43..8.45 rows=1 width=490)
	        Index Cond: (id = 70522)

table 7 : explain UPDATE sbtest7 SET c='foobar' WHERE id=4073990
	Update on sbtest7  (cost=0.43..8.45 rows=0 width=0)
	  ->  Index Scan using sbtest7_pkey on sbtest7  (cost=0.43..8.45 rows=1 width=490)
	        Index Cond: (id = 4073990)

table 8 : explain UPDATE sbtest8 SET c='foobar' WHERE id=5257923
	Update on sbtest8  (cost=0.43..8.45 rows=0 width=0)
	  ->  Index Scan using sbtest8_pkey on sbtest8  (cost=0.43..8.45 rows=1 width=490)
	        Index Cond: (id = 5257923)

for index_updates
table 1 : explain UPDATE sbtest1 SET k=k+1 WHERE id=7879933
	Update on sbtest1  (cost=0.43..8.46 rows=0 width=0)
	  ->  Index Scan using sbtest1_pkey on sbtest1  (cost=0.43..8.46 rows=1 width=10)
	        Index Cond: (id = 7879933)

table 2 : explain UPDATE sbtest2 SET k=k+1 WHERE id=488602
	Update on sbtest2  (cost=0.43..8.46 rows=0 width=0)
	  ->  Index Scan using sbtest2_pkey on sbtest2  (cost=0.43..8.46 rows=1 width=10)
	        Index Cond: (id = 488602)

table 3 : explain UPDATE sbtest3 SET k=k+1 WHERE id=735950
	Update on sbtest3  (cost=0.43..8.46 rows=0 width=0)
	  ->  Index Scan using sbtest3_pkey on sbtest3  (cost=0.43..8.46 rows=1 width=10)
	        Index Cond: (id = 735950)

table 4 : explain UPDATE sbtest4 SET k=k+1 WHERE id=5988200
	Update on sbtest4  (cost=0.43..8.46 rows=0 width=0)
	  ->  Index Scan using sbtest4_pkey on sbtest4  (cost=0.43..8.46 rows=1 width=10)
	        Index Cond: (id = 5988200)

table 5 : explain UPDATE sbtest5 SET k=k+1 WHERE id=9642027
	Update on sbtest5  (cost=0.43..8.46 rows=0 width=0)
	  ->  Index Scan using sbtest5_pkey on sbtest5  (cost=0.43..8.46 rows=1 width=10)
	        Index Cond: (id = 9642027)

table 6 : explain UPDATE sbtest6 SET k=k+1 WHERE id=8239769
	Update on sbtest6  (cost=0.43..8.46 rows=0 width=0)
	  ->  Index Scan using sbtest6_pkey on sbtest6  (cost=0.43..8.46 rows=1 width=10)
	        Index Cond: (id = 8239769)

table 7 : explain UPDATE sbtest7 SET k=k+1 WHERE id=4929316
	Update on sbtest7  (cost=0.43..8.46 rows=0 width=0)
	  ->  Index Scan using sbtest7_pkey on sbtest7  (cost=0.43..8.46 rows=1 width=10)
	        Index Cond: (id = 4929316)

table 8 : explain UPDATE sbtest8 SET k=k+1 WHERE id=3486264
	Update on sbtest8  (cost=0.43..8.46 rows=0 width=0)
	  ->  Index Scan using sbtest8_pkey on sbtest8  (cost=0.43..8.46 rows=1 width=10)
	        Index Cond: (id = 3486264)

explain: for deletes :: explain DELETE FROM sbtest%u WHERE id=%u
for non_index_updates
table 1 : explain UPDATE sbtest1 SET c='foobar' WHERE id=3274949
	Update on sbtest1  (cost=0.43..8.45 rows=0 width=0)
	  ->  Index Scan using sbtest1_pkey on sbtest1  (cost=0.43..8.45 rows=1 width=490)
	        Index Cond: (id = 3274949)

table 2 : explain UPDATE sbtest2 SET c='foobar' WHERE id=7682047
	Update on sbtest2  (cost=0.43..8.45 rows=0 width=0)
	  ->  Index Scan using sbtest2_pkey on sbtest2  (cost=0.43..8.45 rows=1 width=490)
	        Index Cond: (id = 7682047)

table 3 : explain UPDATE sbtest3 SET c='foobar' WHERE id=1623529
	Update on sbtest3  (cost=0.43..8.45 rows=0 width=0)
	  ->  Index Scan using sbtest3_pkey on sbtest3  (cost=0.43..8.45 rows=1 width=490)
	        Index Cond: (id = 1623529)

table 4 : explain UPDATE sbtest4 SET c='foobar' WHERE id=3882508
	Update on sbtest4  (cost=0.43..8.45 rows=0 width=0)
	  ->  Index Scan using sbtest4_pkey on sbtest4  (cost=0.43..8.45 rows=1 width=490)
	        Index Cond: (id = 3882508)

table 5 : explain UPDATE sbtest5 SET c='foobar' WHERE id=175789
	Update on sbtest5  (cost=0.43..8.45 rows=0 width=0)
	  ->  Index Scan using sbtest5_pkey on sbtest5  (cost=0.43..8.45 rows=1 width=490)
	        Index Cond: (id = 175789)

table 6 : explain UPDATE sbtest6 SET c='foobar' WHERE id=3313209
	Update on sbtest6  (cost=0.43..8.45 rows=0 width=0)
	  ->  Index Scan using sbtest6_pkey on sbtest6  (cost=0.43..8.45 rows=1 width=490)
	        Index Cond: (id = 3313209)

table 7 : explain UPDATE sbtest7 SET c='foobar' WHERE id=3000142
	Update on sbtest7  (cost=0.43..8.45 rows=0 width=0)
	  ->  Index Scan using sbtest7_pkey on sbtest7  (cost=0.43..8.45 rows=1 width=490)
	        Index Cond: (id = 3000142)

table 8 : explain UPDATE sbtest8 SET c='foobar' WHERE id=9068598
	Update on sbtest8  (cost=0.43..8.45 rows=0 width=0)
	  ->  Index Scan using sbtest8_pkey on sbtest8  (cost=0.43..8.45 rows=1 width=490)
	        Index Cond: (id = 9068598)

for deletes
table 1 : explain DELETE FROM sbtest1 WHERE id=7240858
	Delete on sbtest1  (cost=0.43..8.45 rows=0 width=0)
	  ->  Index Scan using sbtest1_pkey on sbtest1  (cost=0.43..8.45 rows=1 width=6)
	        Index Cond: (id = 7240858)

table 2 : explain DELETE FROM sbtest2 WHERE id=4648528
	Delete on sbtest2  (cost=0.43..8.45 rows=0 width=0)
	  ->  Index Scan using sbtest2_pkey on sbtest2  (cost=0.43..8.45 rows=1 width=6)
	        Index Cond: (id = 4648528)

table 3 : explain DELETE FROM sbtest3 WHERE id=850648
	Delete on sbtest3  (cost=0.43..8.45 rows=0 width=0)
	  ->  Index Scan using sbtest3_pkey on sbtest3  (cost=0.43..8.45 rows=1 width=6)
	        Index Cond: (id = 850648)

table 4 : explain DELETE FROM sbtest4 WHERE id=9874273
	Delete on sbtest4  (cost=0.43..8.45 rows=0 width=0)
	  ->  Index Scan using sbtest4_pkey on sbtest4  (cost=0.43..8.45 rows=1 width=6)
	        Index Cond: (id = 9874273)

table 5 : explain DELETE FROM sbtest5 WHERE id=2749918
	Delete on sbtest5  (cost=0.43..8.45 rows=0 width=0)
	  ->  Index Scan using sbtest5_pkey on sbtest5  (cost=0.43..8.45 rows=1 width=6)
	        Index Cond: (id = 2749918)

table 6 : explain DELETE FROM sbtest6 WHERE id=4159286
	Delete on sbtest6  (cost=0.43..8.45 rows=0 width=0)
	  ->  Index Scan using sbtest6_pkey on sbtest6  (cost=0.43..8.45 rows=1 width=6)
	        Index Cond: (id = 4159286)

table 7 : explain DELETE FROM sbtest7 WHERE id=65835
	Delete on sbtest7  (cost=0.43..8.45 rows=0 width=0)
	  ->  Index Scan using sbtest7_pkey on sbtest7  (cost=0.43..8.45 rows=1 width=6)
	        Index Cond: (id = 65835)

table 8 : explain DELETE FROM sbtest8 WHERE id=8071063
	Delete on sbtest8  (cost=0.43..8.45 rows=0 width=0)
	  ->  Index Scan using sbtest8_pkey on sbtest8  (cost=0.43..8.45 rows=1 width=6)
	        Index Cond: (id = 8071063)

explain: for deletes :: explain DELETE FROM sbtest%u WHERE id=%u
explain: for deletes :: explain DELETE FROM sbtest%u WHERE id=%u
explain: for non_index_updates :: explain UPDATE sbtest%u SET c='foobar' WHERE id=%u
for: order_ranges
table 1 : explain SELECT c FROM sbtest1 WHERE id BETWEEN 8922291 AND 8922390 ORDER BY c
	Sort  (cost=389.40..389.64 rows=98 width=121)
	  Sort Key: c
	  ->  Index Scan using sbtest1_pkey on sbtest1  (cost=0.43..386.16 rows=98 width=121)
	        Index Cond: ((id >= 8922291) AND (id <= 8922390))

table 2 : explain SELECT c FROM sbtest2 WHERE id BETWEEN 3912683 AND 3912782 ORDER BY c
	Sort  (cost=401.21..401.47 rows=101 width=121)
	  Sort Key: c
	  ->  Index Scan using sbtest2_pkey on sbtest2  (cost=0.43..397.85 rows=101 width=121)
	        Index Cond: ((id >= 3912683) AND (id <= 3912782))

table 3 : explain SELECT c FROM sbtest3 WHERE id BETWEEN 942205 AND 942304 ORDER BY c
	Sort  (cost=376.33..376.57 rows=95 width=121)
	  Sort Key: c
	  ->  Index Scan using sbtest3_pkey on sbtest3  (cost=0.43..373.21 rows=95 width=121)
	        Index Cond: ((id >= 942205) AND (id <= 942304))

table 4 : explain SELECT c FROM sbtest4 WHERE id BETWEEN 954585 AND 954684 ORDER BY c
	Sort  (cost=415.22..415.48 rows=105 width=121)
	  Sort Key: c
	  ->  Index Scan using sbtest4_pkey on sbtest4  (cost=0.43..411.69 rows=105 width=121)
	        Index Cond: ((id >= 954585) AND (id <= 954684))

table 5 : explain SELECT c FROM sbtest5 WHERE id BETWEEN 9452670 AND 9452769 ORDER BY c
	Sort  (cost=410.39..410.65 rows=104 width=121)
	  Sort Key: c
	  ->  Index Scan using sbtest5_pkey on sbtest5  (cost=0.43..406.90 rows=104 width=121)
	        Index Cond: ((id >= 9452670) AND (id <= 9452769))

table 6 : explain SELECT c FROM sbtest6 WHERE id BETWEEN 6159691 AND 6159790 ORDER BY c
	Sort  (cost=400.22..400.48 rows=101 width=121)
	  Sort Key: c
	  ->  Index Scan using sbtest6_pkey on sbtest6  (cost=0.43..396.86 rows=101 width=121)
	        Index Cond: ((id >= 6159691) AND (id <= 6159790))

table 7 : explain SELECT c FROM sbtest7 WHERE id BETWEEN 8152127 AND 8152226 ORDER BY c
	Sort  (cost=409.53..409.79 rows=104 width=121)
	  Sort Key: c
	  ->  Index Scan using sbtest7_pkey on sbtest7  (cost=0.43..406.04 rows=104 width=121)
	        Index Cond: ((id >= 8152127) AND (id <= 8152226))

table 8 : explain SELECT c FROM sbtest8 WHERE id BETWEEN 3602379 AND 3602478 ORDER BY c
	Sort  (cost=373.06..373.30 rows=95 width=121)
	  Sort Key: c
	  ->  Index Scan using sbtest8_pkey on sbtest8  (cost=0.43..369.94 rows=95 width=121)
	        Index Cond: ((id >= 3602379) AND (id <= 3602478))

for: order_ranges
table 1 : explain SELECT c FROM sbtest1 WHERE id BETWEEN 3659420 AND 3659519 ORDER BY c
	Sort  (cost=413.03..413.29 rows=104 width=121)
	  Sort Key: c
	  ->  Index Scan using sbtest1_pkey on sbtest1  (cost=0.43..409.55 rows=104 width=121)
	        Index Cond: ((id >= 3659420) AND (id <= 3659519))

table 2 : explain SELECT c FROM sbtest2 WHERE id BETWEEN 4999127 AND 4999226 ORDER BY c
	Sort  (cost=389.38..389.63 rows=98 width=121)
	  Sort Key: c
	  ->  Index Scan using sbtest2_pkey on sbtest2  (cost=0.43..386.14 rows=98 width=121)
	        Index Cond: ((id >= 4999127) AND (id <= 4999226))

table 3 : explain SELECT c FROM sbtest3 WHERE id BETWEEN 2112673 AND 2112772 ORDER BY c
	Sort  (cost=407.73..407.99 rows=103 width=121)
	  Sort Key: c
	  ->  Index Scan using sbtest3_pkey on sbtest3  (cost=0.43..404.28 rows=103 width=121)
	        Index Cond: ((id >= 2112673) AND (id <= 2112772))

table 4 : explain SELECT c FROM sbtest4 WHERE id BETWEEN 5488034 AND 5488133 ORDER BY c
	Sort  (cost=383.85..384.09 rows=97 width=121)
	  Sort Key: c
	  ->  Index Scan using sbtest4_pkey on sbtest4  (cost=0.43..380.65 rows=97 width=121)
	        Index Cond: ((id >= 5488034) AND (id <= 5488133))

table 5 : explain SELECT c FROM sbtest5 WHERE id BETWEEN 9231033 AND 9231132 ORDER BY c
	Sort  (cost=363.46..363.69 rows=92 width=121)
	  Sort Key: c
	  ->  Index Scan using sbtest5_pkey on sbtest5  (cost=0.43..360.46 rows=92 width=121)
	        Index Cond: ((id >= 9231033) AND (id <= 9231132))

table 6 : explain SELECT c FROM sbtest6 WHERE id BETWEEN 3205844 AND 3205943 ORDER BY c
	Sort  (cost=411.99..412.25 rows=104 width=121)
	  Sort Key: c
	  ->  Index Scan using sbtest6_pkey on sbtest6  (cost=0.43..408.51 rows=104 width=121)
	        Index Cond: ((id >= 3205844) AND (id <= 3205943))

table 7 : explain SELECT c FROM sbtest7 WHERE id BETWEEN 1976810 AND 1976909 ORDER BY c
	Sort  (cost=366.60..366.83 rows=93 width=121)
	  Sort Key: c
	  ->  Index Scan using sbtest7_pkey on sbtest7  (cost=0.43..363.56 rows=93 width=121)
	        Index Cond: ((id >= 1976810) AND (id <= 1976909))

table 8 : explain SELECT c FROM sbtest8 WHERE id BETWEEN 3760622 AND 3760721 ORDER BY c
	Sort  (cost=353.64..353.86 rows=90 width=121)
	  Sort Key: c
	  ->  Index Scan using sbtest8_pkey on sbtest8  (cost=0.43..350.72 rows=90 width=121)
	        Index Cond: ((id >= 3760622) AND (id <= 3760721))

for index_updates
table 1 : explain UPDATE sbtest1 SET k=k+1 WHERE id=5706202
	Update on sbtest1  (cost=0.43..8.46 rows=0 width=0)
	  ->  Index Scan using sbtest1_pkey on sbtest1  (cost=0.43..8.46 rows=1 width=10)
	        Index Cond: (id = 5706202)

table 2 : explain UPDATE sbtest2 SET k=k+1 WHERE id=913056
	Update on sbtest2  (cost=0.43..8.46 rows=0 width=0)
	  ->  Index Scan using sbtest2_pkey on sbtest2  (cost=0.43..8.46 rows=1 width=10)
	        Index Cond: (id = 913056)

table 3 : explain UPDATE sbtest3 SET k=k+1 WHERE id=1109585
	Update on sbtest3  (cost=0.43..8.46 rows=0 width=0)
	  ->  Index Scan using sbtest3_pkey on sbtest3  (cost=0.43..8.46 rows=1 width=10)
	        Index Cond: (id = 1109585)

table 4 : explain UPDATE sbtest4 SET k=k+1 WHERE id=5543423
	Update on sbtest4  (cost=0.43..8.46 rows=0 width=0)
	  ->  Index Scan using sbtest4_pkey on sbtest4  (cost=0.43..8.46 rows=1 width=10)
	        Index Cond: (id = 5543423)

table 5 : explain UPDATE sbtest5 SET k=k+1 WHERE id=7781545
	Update on sbtest5  (cost=0.43..8.46 rows=0 width=0)
	  ->  Index Scan using sbtest5_pkey on sbtest5  (cost=0.43..8.46 rows=1 width=10)
	        Index Cond: (id = 7781545)

table 6 : explain UPDATE sbtest6 SET k=k+1 WHERE id=8034524
	Update on sbtest6  (cost=0.43..8.46 rows=0 width=0)
	  ->  Index Scan using sbtest6_pkey on sbtest6  (cost=0.43..8.46 rows=1 width=10)
	        Index Cond: (id = 8034524)

table 7 : explain UPDATE sbtest7 SET k=k+1 WHERE id=8960814
	Update on sbtest7  (cost=0.43..8.46 rows=0 width=0)
	  ->  Index Scan using sbtest7_pkey on sbtest7  (cost=0.43..8.46 rows=1 width=10)
	        Index Cond: (id = 8960814)

table 8 : explain UPDATE sbtest8 SET k=k+1 WHERE id=8288333
	Update on sbtest8  (cost=0.43..8.46 rows=0 width=0)
	  ->  Index Scan using sbtest8_pkey on sbtest8  (cost=0.43..8.46 rows=1 width=10)
	        Index Cond: (id = 8288333)

for deletes
table 1 : explain DELETE FROM sbtest1 WHERE id=3518618
	Delete on sbtest1  (cost=0.43..8.45 rows=0 width=0)
	  ->  Index Scan using sbtest1_pkey on sbtest1  (cost=0.43..8.45 rows=1 width=6)
	        Index Cond: (id = 3518618)

table 2 : explain DELETE FROM sbtest2 WHERE id=291272
	Delete on sbtest2  (cost=0.43..8.45 rows=0 width=0)
	  ->  Index Scan using sbtest2_pkey on sbtest2  (cost=0.43..8.45 rows=1 width=6)
	        Index Cond: (id = 291272)

table 3 : explain DELETE FROM sbtest3 WHERE id=4765932
	Delete on sbtest3  (cost=0.43..8.45 rows=0 width=0)
	  ->  Index Scan using sbtest3_pkey on sbtest3  (cost=0.43..8.45 rows=1 width=6)
	        Index Cond: (id = 4765932)

table 4 : explain DELETE FROM sbtest4 WHERE id=8472022
	Delete on sbtest4  (cost=0.43..8.45 rows=0 width=0)
	  ->  Index Scan using sbtest4_pkey on sbtest4  (cost=0.43..8.45 rows=1 width=6)
	        Index Cond: (id = 8472022)

table 5 : explain DELETE FROM sbtest5 WHERE id=4633703
	Delete on sbtest5  (cost=0.43..8.45 rows=0 width=0)
	  ->  Index Scan using sbtest5_pkey on sbtest5  (cost=0.43..8.45 rows=1 width=6)
	        Index Cond: (id = 4633703)

table 6 : explain DELETE FROM sbtest6 WHERE id=982345
	Delete on sbtest6  (cost=0.43..8.45 rows=0 width=0)
	  ->  Index Scan using sbtest6_pkey on sbtest6  (cost=0.43..8.45 rows=1 width=6)
	        Index Cond: (id = 982345)

table 7 : explain DELETE FROM sbtest7 WHERE id=5675078
	Delete on sbtest7  (cost=0.43..8.45 rows=0 width=0)
	  ->  Index Scan using sbtest7_pkey on sbtest7  (cost=0.43..8.45 rows=1 width=6)
	        Index Cond: (id = 5675078)

table 8 : explain DELETE FROM sbtest8 WHERE id=6956814
	Delete on sbtest8  (cost=0.43..8.45 rows=0 width=0)
	  ->  Index Scan using sbtest8_pkey on sbtest8  (cost=0.43..8.45 rows=1 width=6)
	        Index Cond: (id = 6956814)

explain: for deletes :: explain DELETE FROM sbtest%u WHERE id=%u
for: simple_ranges
table 1 : explain SELECT c FROM sbtest1 WHERE id BETWEEN 6327564 AND 6327663
	Index Scan using sbtest1_pkey on sbtest1  (cost=0.43..393.94 rows=100 width=121)
	  Index Cond: ((id >= 6327564) AND (id <= 6327663))

table 2 : explain SELECT c FROM sbtest2 WHERE id BETWEEN 1521621 AND 1521720
	Index Scan using sbtest2_pkey on sbtest2  (cost=0.43..393.96 rows=100 width=121)
	  Index Cond: ((id >= 1521621) AND (id <= 1521720))

table 3 : explain SELECT c FROM sbtest3 WHERE id BETWEEN 5769899 AND 5769998
	Index Scan using sbtest3_pkey on sbtest3  (cost=0.43..404.28 rows=103 width=121)
	  Index Cond: ((id >= 5769899) AND (id <= 5769998))

table 4 : explain SELECT c FROM sbtest4 WHERE id BETWEEN 3212737 AND 3212836
	Index Scan using sbtest4_pkey on sbtest4  (cost=0.43..407.82 rows=104 width=121)
	  Index Cond: ((id >= 3212737) AND (id <= 3212836))

table 5 : explain SELECT c FROM sbtest5 WHERE id BETWEEN 2661459 AND 2661558
	Index Scan using sbtest5_pkey on sbtest5  (cost=0.43..375.92 rows=96 width=121)
	  Index Cond: ((id >= 2661459) AND (id <= 2661558))

table 6 : explain SELECT c FROM sbtest6 WHERE id BETWEEN 8708133 AND 8708232
	Index Scan using sbtest6_pkey on sbtest6  (cost=0.43..361.88 rows=92 width=121)
	  Index Cond: ((id >= 8708133) AND (id <= 8708232))

table 7 : explain SELECT c FROM sbtest7 WHERE id BETWEEN 994898 AND 994997
	Index Scan using sbtest7_pkey on sbtest7  (cost=0.43..421.48 rows=108 width=121)
	  Index Cond: ((id >= 994898) AND (id <= 994997))

table 8 : explain SELECT c FROM sbtest8 WHERE id BETWEEN 7958864 AND 7958963
	Index Scan using sbtest8_pkey on sbtest8  (cost=0.43..366.10 rows=94 width=121)
	  Index Cond: ((id >= 7958864) AND (id <= 7958963))

for: order_ranges
table 1 : explain SELECT c FROM sbtest1 WHERE id BETWEEN 4701392 AND 4701491 ORDER BY c
	Sort  (cost=393.33..393.58 rows=99 width=121)
	  Sort Key: c
	  ->  Index Scan using sbtest1_pkey on sbtest1  (cost=0.43..390.05 rows=99 width=121)
	        Index Cond: ((id >= 4701392) AND (id <= 4701491))

table 2 : explain SELECT c FROM sbtest2 WHERE id BETWEEN 130382 AND 130481 ORDER BY c
	Sort  (cost=401.21..401.47 rows=101 width=121)
	  Sort Key: c
	  ->  Index Scan using sbtest2_pkey on sbtest2  (cost=0.43..397.85 rows=101 width=121)
	        Index Cond: ((id >= 130382) AND (id <= 130481))

table 3 : explain SELECT c FROM sbtest3 WHERE id BETWEEN 686034 AND 686133 ORDER BY c
	Sort  (cost=384.17..384.42 rows=97 width=121)
	  Sort Key: c
	  ->  Index Scan using sbtest3_pkey on sbtest3  (cost=0.43..380.97 rows=97 width=121)
	        Index Cond: ((id >= 686034) AND (id <= 686133))

table 4 : explain SELECT c FROM sbtest4 WHERE id BETWEEN 8572434 AND 8572533 ORDER BY c
	Sort  (cost=387.80..388.05 rows=98 width=121)
	  Sort Key: c
	  ->  Index Scan using sbtest4_pkey on sbtest4  (cost=0.43..384.56 rows=98 width=121)
	        Index Cond: ((id >= 8572434) AND (id <= 8572533))

table 5 : explain SELECT c FROM sbtest5 WHERE id BETWEEN 2363334 AND 2363433 ORDER BY c
	Sort  (cost=429.93..430.20 rows=109 width=121)
	  Sort Key: c
	  ->  Index Scan using sbtest5_pkey on sbtest5  (cost=0.43..426.24 rows=109 width=121)
	        Index Cond: ((id >= 2363334) AND (id <= 2363433))

table 6 : explain SELECT c FROM sbtest6 WHERE id BETWEEN 6949101 AND 6949200 ORDER BY c
	Sort  (cost=396.30..396.55 rows=100 width=121)
	  Sort Key: c
	  ->  Index Scan using sbtest6_pkey on sbtest6  (cost=0.43..392.98 rows=100 width=121)
	        Index Cond: ((id >= 6949101) AND (id <= 6949200))

table 7 : explain SELECT c FROM sbtest7 WHERE id BETWEEN 3852942 AND 3853041 ORDER BY c
	Sort  (cost=339.31..339.52 rows=86 width=121)
	  Sort Key: c
	  ->  Index Scan using sbtest7_pkey on sbtest7  (cost=0.43..336.54 rows=86 width=121)
	        Index Cond: ((id >= 3852942) AND (id <= 3853041))

table 8 : explain SELECT c FROM sbtest8 WHERE id BETWEEN 9763698 AND 9763797 ORDER BY c
	Sort  (cost=380.88..381.12 rows=97 width=121)
	  Sort Key: c
	  ->  Index Scan using sbtest8_pkey on sbtest8  (cost=0.43..377.67 rows=97 width=121)
	        Index Cond: ((id >= 9763698) AND (id <= 9763797))

explain: for non_index_updates :: explain UPDATE sbtest%u SET c='foobar' WHERE id=%u
for: simple_ranges
table 1 : explain SELECT c FROM sbtest1 WHERE id BETWEEN 6112984 AND 6113083
	Index Scan using sbtest1_pkey on sbtest1  (cost=0.43..370.58 rows=94 width=121)
	  Index Cond: ((id >= 6112984) AND (id <= 6113083))

table 2 : explain SELECT c FROM sbtest2 WHERE id BETWEEN 3600919 AND 3601018
	Index Scan using sbtest2_pkey on sbtest2  (cost=0.43..390.03 rows=99 width=121)
	  Index Cond: ((id >= 3600919) AND (id <= 3601018))

table 3 : explain SELECT c FROM sbtest3 WHERE id BETWEEN 3088595 AND 3088694
	Index Scan using sbtest3_pkey on sbtest3  (cost=0.43..357.69 rows=91 width=121)
	  Index Cond: ((id >= 3088595) AND (id <= 3088694))

table 4 : explain SELECT c FROM sbtest4 WHERE id BETWEEN 874346 AND 874445
	Index Scan using sbtest4_pkey on sbtest4  (cost=0.43..372.90 rows=95 width=121)
	  Index Cond: ((id >= 874346) AND (id <= 874445))

table 5 : explain SELECT c FROM sbtest5 WHERE id BETWEEN 9817036 AND 9817135
	Index Scan using sbtest5_pkey on sbtest5  (cost=0.43..375.92 rows=96 width=121)
	  Index Cond: ((id >= 9817036) AND (id <= 9817135))

table 6 : explain SELECT c FROM sbtest6 WHERE id BETWEEN 3782977 AND 3783076
	Index Scan using sbtest6_pkey on sbtest6  (cost=0.43..385.18 rows=98 width=121)
	  Index Cond: ((id >= 3782977) AND (id <= 3783076))

table 7 : explain SELECT c FROM sbtest7 WHERE id BETWEEN 4674654 AND 4674753
	Index Scan using sbtest7_pkey on sbtest7  (cost=0.43..375.13 rows=96 width=121)
	  Index Cond: ((id >= 4674654) AND (id <= 4674753))

table 8 : explain SELECT c FROM sbtest8 WHERE id BETWEEN 2616479 AND 2616578
	Index Scan using sbtest8_pkey on sbtest8  (cost=0.43..389.21 rows=100 width=121)
	  Index Cond: ((id >= 2616479) AND (id <= 2616578))

for: order_ranges
table 1 : explain SELECT c FROM sbtest1 WHERE id BETWEEN 9077625 AND 9077724 ORDER BY c
	Sort  (cost=365.80..366.03 rows=92 width=121)
	  Sort Key: c
	  ->  Index Scan using sbtest1_pkey on sbtest1  (cost=0.43..362.80 rows=92 width=121)
	        Index Cond: ((id >= 9077625) AND (id <= 9077724))

table 2 : explain SELECT c FROM sbtest2 WHERE id BETWEEN 1463 AND 1562 ORDER BY c
	Sort  (cost=401.21..401.47 rows=101 width=121)
	  Sort Key: c
	  ->  Index Scan using sbtest2_pkey on sbtest2  (cost=0.43..397.85 rows=101 width=121)
	        Index Cond: ((id >= 1463) AND (id <= 1562))

table 3 : explain SELECT c FROM sbtest3 WHERE id BETWEEN 7146622 AND 7146721 ORDER BY c
	Sort  (cost=407.73..407.99 rows=103 width=121)
	  Sort Key: c
	  ->  Index Scan using sbtest3_pkey on sbtest3  (cost=0.43..404.28 rows=103 width=121)
	        Index Cond: ((id >= 7146622) AND (id <= 7146721))

table 4 : explain SELECT c FROM sbtest4 WHERE id BETWEEN 7414103 AND 7414202 ORDER BY c
	Sort  (cost=403.47..403.72 rows=102 width=121)
	  Sort Key: c
	  ->  Index Scan using sbtest4_pkey on sbtest4  (cost=0.43..400.07 rows=102 width=121)
	        Index Cond: ((id >= 7414103) AND (id <= 7414202))

table 5 : explain SELECT c FROM sbtest5 WHERE id BETWEEN 6920973 AND 6921072 ORDER BY c
	Sort  (cost=382.99..383.24 rows=97 width=121)
	  Sort Key: c
	  ->  Index Scan using sbtest5_pkey on sbtest5  (cost=0.43..379.79 rows=97 width=121)
	        Index Cond: ((id >= 6920973) AND (id <= 6921072))

table 6 : explain SELECT c FROM sbtest6 WHERE id BETWEEN 510765 AND 510864 ORDER BY c
	Sort  (cost=357.03..357.26 rows=90 width=121)
	  Sort Key: c
	  ->  Index Scan using sbtest6_pkey on sbtest6  (cost=0.43..354.11 rows=90 width=121)
	        Index Cond: ((id >= 510765) AND (id <= 510864))

table 7 : explain SELECT c FROM sbtest7 WHERE id BETWEEN 1316447 AND 1316546 ORDER BY c
	Sort  (cost=374.39..374.63 rows=95 width=121)
	  Sort Key: c
	  ->  Index Scan using sbtest7_pkey on sbtest7  (cost=0.43..371.27 rows=95 width=121)
	        Index Cond: ((id >= 1316447) AND (id <= 1316546))

table 8 : explain SELECT c FROM sbtest8 WHERE id BETWEEN 4618368 AND 4618467 ORDER BY c
	Sort  (cost=388.65..388.89 rows=99 width=121)
	  Sort Key: c
	  ->  Index Scan using sbtest8_pkey on sbtest8  (cost=0.43..385.36 rows=99 width=121)
	        Index Cond: ((id >= 4618368) AND (id <= 4618467))

explain: for deletes :: explain DELETE FROM sbtest%u WHERE id=%u
for: sum_ranges
table 1 : explain SELECT SUM(k) FROM sbtest1 WHERE id BETWEEN 1143731 AND 1143830
	Aggregate  (cost=347.45..347.46 rows=1 width=8)
	  ->  Index Scan using sbtest1_pkey on sbtest1  (cost=0.43..347.23 rows=88 width=4)
	        Index Cond: ((id >= 1143731) AND (id <= 1143830))

table 2 : explain SELECT SUM(k) FROM sbtest2 WHERE id BETWEEN 1720318 AND 1720417
	Aggregate  (cost=409.79..409.80 rows=1 width=8)
	  ->  Index Scan using sbtest2_pkey on sbtest2  (cost=0.43..409.53 rows=104 width=4)
	        Index Cond: ((id >= 1720318) AND (id <= 1720417))

table 3 : explain SELECT SUM(k) FROM sbtest3 WHERE id BETWEEN 3432447 AND 3432546
	Aggregate  (cost=423.95..423.96 rows=1 width=8)
	  ->  Index Scan using sbtest3_pkey on sbtest3  (cost=0.43..423.68 rows=108 width=4)
	        Index Cond: ((id >= 3432447) AND (id <= 3432546))

table 4 : explain SELECT SUM(k) FROM sbtest4 WHERE id BETWEEN 7584404 AND 7584503
	Aggregate  (cost=415.84..415.85 rows=1 width=8)
	  ->  Index Scan using sbtest4_pkey on sbtest4  (cost=0.43..415.57 rows=106 width=4)
	        Index Cond: ((id >= 7584404) AND (id <= 7584503))

table 5 : explain SELECT SUM(k) FROM sbtest5 WHERE id BETWEEN 7548905 AND 7549004
	Aggregate  (cost=364.55..364.56 rows=1 width=8)
	  ->  Index Scan using sbtest5_pkey on sbtest5  (cost=0.43..364.32 rows=93 width=4)
	        Index Cond: ((id >= 7548905) AND (id <= 7549004))

table 6 : explain SELECT SUM(k) FROM sbtest6 WHERE id BETWEEN 3841350 AND 3841449
	Aggregate  (cost=385.42..385.43 rows=1 width=8)
	  ->  Index Scan using sbtest6_pkey on sbtest6  (cost=0.43..385.18 rows=98 width=4)
	        Index Cond: ((id >= 3841350) AND (id <= 3841449))

table 7 : explain SELECT SUM(k) FROM sbtest7 WHERE id BETWEEN 8273637 AND 8273736
	Aggregate  (cost=421.75..421.76 rows=1 width=8)
	  ->  Index Scan using sbtest7_pkey on sbtest7  (cost=0.43..421.48 rows=108 width=4)
	        Index Cond: ((id >= 8273637) AND (id <= 8273736))

table 8 : explain SELECT SUM(k) FROM sbtest8 WHERE id BETWEEN 1779503 AND 1779602
	Aggregate  (cost=370.18..370.19 rows=1 width=8)
	  ->  Index Scan using sbtest8_pkey on sbtest8  (cost=0.43..369.94 rows=95 width=4)
	        Index Cond: ((id >= 1779503) AND (id <= 1779602))

for deletes
table 1 : explain DELETE FROM sbtest1 WHERE id=2336929
	Delete on sbtest1  (cost=0.43..8.45 rows=0 width=0)
	  ->  Index Scan using sbtest1_pkey on sbtest1  (cost=0.43..8.45 rows=1 width=6)
	        Index Cond: (id = 2336929)

table 2 : explain DELETE FROM sbtest2 WHERE id=6087639
	Delete on sbtest2  (cost=0.43..8.45 rows=0 width=0)
	  ->  Index Scan using sbtest2_pkey on sbtest2  (cost=0.43..8.45 rows=1 width=6)
	        Index Cond: (id = 6087639)

table 3 : explain DELETE FROM sbtest3 WHERE id=2422236
	Delete on sbtest3  (cost=0.43..8.45 rows=0 width=0)
	  ->  Index Scan using sbtest3_pkey on sbtest3  (cost=0.43..8.45 rows=1 width=6)
	        Index Cond: (id = 2422236)

table 4 : explain DELETE FROM sbtest4 WHERE id=135719
	Delete on sbtest4  (cost=0.43..8.45 rows=0 width=0)
	  ->  Index Scan using sbtest4_pkey on sbtest4  (cost=0.43..8.45 rows=1 width=6)
	        Index Cond: (id = 135719)

table 5 : explain DELETE FROM sbtest5 WHERE id=4834832
	Delete on sbtest5  (cost=0.43..8.45 rows=0 width=0)
	  ->  Index Scan using sbtest5_pkey on sbtest5  (cost=0.43..8.45 rows=1 width=6)
	        Index Cond: (id = 4834832)

table 6 : explain DELETE FROM sbtest6 WHERE id=1853768
	Delete on sbtest6  (cost=0.43..8.45 rows=0 width=0)
	  ->  Index Scan using sbtest6_pkey on sbtest6  (cost=0.43..8.45 rows=1 width=6)
	        Index Cond: (id = 1853768)

table 7 : explain DELETE FROM sbtest7 WHERE id=5331914
	Delete on sbtest7  (cost=0.43..8.45 rows=0 width=0)
	  ->  Index Scan using sbtest7_pkey on sbtest7  (cost=0.43..8.45 rows=1 width=6)
	        Index Cond: (id = 5331914)

table 8 : explain DELETE FROM sbtest8 WHERE id=7939070
	Delete on sbtest8  (cost=0.43..8.45 rows=0 width=0)
	  ->  Index Scan using sbtest8_pkey on sbtest8  (cost=0.43..8.45 rows=1 width=6)
	        Index Cond: (id = 7939070)

for deletes
table 1 : explain DELETE FROM sbtest1 WHERE id=9815869
	Delete on sbtest1  (cost=0.43..8.45 rows=0 width=0)
	  ->  Index Scan using sbtest1_pkey on sbtest1  (cost=0.43..8.45 rows=1 width=6)
	        Index Cond: (id = 9815869)

table 2 : explain DELETE FROM sbtest2 WHERE id=5318351
	Delete on sbtest2  (cost=0.43..8.45 rows=0 width=0)
	  ->  Index Scan using sbtest2_pkey on sbtest2  (cost=0.43..8.45 rows=1 width=6)
	        Index Cond: (id = 5318351)

table 3 : explain DELETE FROM sbtest3 WHERE id=7754858
	Delete on sbtest3  (cost=0.43..8.45 rows=0 width=0)
	  ->  Index Scan using sbtest3_pkey on sbtest3  (cost=0.43..8.45 rows=1 width=6)
	        Index Cond: (id = 7754858)

table 4 : explain DELETE FROM sbtest4 WHERE id=4068891
	Delete on sbtest4  (cost=0.43..8.45 rows=0 width=0)
	  ->  Index Scan using sbtest4_pkey on sbtest4  (cost=0.43..8.45 rows=1 width=6)
	        Index Cond: (id = 4068891)

table 5 : explain DELETE FROM sbtest5 WHERE id=5424169
	Delete on sbtest5  (cost=0.43..8.45 rows=0 width=0)
	  ->  Index Scan using sbtest5_pkey on sbtest5  (cost=0.43..8.45 rows=1 width=6)
	        Index Cond: (id = 5424169)

table 6 : explain DELETE FROM sbtest6 WHERE id=3584711
	Delete on sbtest6  (cost=0.43..8.45 rows=0 width=0)
	  ->  Index Scan using sbtest6_pkey on sbtest6  (cost=0.43..8.45 rows=1 width=6)
	        Index Cond: (id = 3584711)

table 7 : explain DELETE FROM sbtest7 WHERE id=6620304
	Delete on sbtest7  (cost=0.43..8.45 rows=0 width=0)
	  ->  Index Scan using sbtest7_pkey on sbtest7  (cost=0.43..8.45 rows=1 width=6)
	        Index Cond: (id = 6620304)

table 8 : explain DELETE FROM sbtest8 WHERE id=7536427
	Delete on sbtest8  (cost=0.43..8.45 rows=0 width=0)
	  ->  Index Scan using sbtest8_pkey on sbtest8  (cost=0.43..8.45 rows=1 width=6)
	        Index Cond: (id = 7536427)

explain: for non_index_updates :: explain UPDATE sbtest%u SET c='foobar' WHERE id=%u
for non_index_updates
table 1 : explain UPDATE sbtest1 SET c='foobar' WHERE id=4978560
	Update on sbtest1  (cost=0.43..8.45 rows=0 width=0)
	  ->  Index Scan using sbtest1_pkey on sbtest1  (cost=0.43..8.45 rows=1 width=490)
	        Index Cond: (id = 4978560)

table 2 : explain UPDATE sbtest2 SET c='foobar' WHERE id=4122235
	Update on sbtest2  (cost=0.43..8.45 rows=0 width=0)
	  ->  Index Scan using sbtest2_pkey on sbtest2  (cost=0.43..8.45 rows=1 width=490)
	        Index Cond: (id = 4122235)

table 3 : explain UPDATE sbtest3 SET c='foobar' WHERE id=7405562
	Update on sbtest3  (cost=0.43..8.45 rows=0 width=0)
	  ->  Index Scan using sbtest3_pkey on sbtest3  (cost=0.43..8.45 rows=1 width=490)
	        Index Cond: (id = 7405562)

table 4 : explain UPDATE sbtest4 SET c='foobar' WHERE id=7152935
	Update on sbtest4  (cost=0.43..8.45 rows=0 width=0)
	  ->  Index Scan using sbtest4_pkey on sbtest4  (cost=0.43..8.45 rows=1 width=490)
	        Index Cond: (id = 7152935)

table 5 : explain UPDATE sbtest5 SET c='foobar' WHERE id=5809122
	Update on sbtest5  (cost=0.43..8.45 rows=0 width=0)
	  ->  Index Scan using sbtest5_pkey on sbtest5  (cost=0.43..8.45 rows=1 width=490)
	        Index Cond: (id = 5809122)

table 6 : explain UPDATE sbtest6 SET c='foobar' WHERE id=9830772
	Update on sbtest6  (cost=0.43..8.45 rows=0 width=0)
	  ->  Index Scan using sbtest6_pkey on sbtest6  (cost=0.43..8.45 rows=1 width=490)
	        Index Cond: (id = 9830772)

table 7 : explain UPDATE sbtest7 SET c='foobar' WHERE id=4012132
	Update on sbtest7  (cost=0.43..8.45 rows=0 width=0)
	  ->  Index Scan using sbtest7_pkey on sbtest7  (cost=0.43..8.45 rows=1 width=490)
	        Index Cond: (id = 4012132)

table 8 : explain UPDATE sbtest8 SET c='foobar' WHERE id=8305593
	Update on sbtest8  (cost=0.43..8.45 rows=0 width=0)
	  ->  Index Scan using sbtest8_pkey on sbtest8  (cost=0.43..8.45 rows=1 width=490)
	        Index Cond: (id = 8305593)

for: order_ranges
table 1 : explain SELECT c FROM sbtest1 WHERE id BETWEEN 9541003 AND 9541102 ORDER BY c
	Sort  (cost=389.40..389.64 rows=98 width=121)
	  Sort Key: c
	  ->  Index Scan using sbtest1_pkey on sbtest1  (cost=0.43..386.16 rows=98 width=121)
	        Index Cond: ((id >= 9541003) AND (id <= 9541102))

table 2 : explain SELECT c FROM sbtest2 WHERE id BETWEEN 8479399 AND 8479498 ORDER BY c
	Sort  (cost=401.21..401.47 rows=101 width=121)
	  Sort Key: c
	  ->  Index Scan using sbtest2_pkey on sbtest2  (cost=0.43..397.85 rows=101 width=121)
	        Index Cond: ((id >= 8479399) AND (id <= 8479498))

table 3 : explain SELECT c FROM sbtest3 WHERE id BETWEEN 4349698 AND 4349797 ORDER BY c
	Sort  (cost=384.17..384.42 rows=97 width=121)
	  Sort Key: c
	  ->  Index Scan using sbtest3_pkey on sbtest3  (cost=0.43..380.97 rows=97 width=121)
	        Index Cond: ((id >= 4349698) AND (id <= 4349797))

table 4 : explain SELECT c FROM sbtest4 WHERE id BETWEEN 4649761 AND 4649860 ORDER BY c
	Sort  (cost=399.55..399.80 rows=101 width=121)
	  Sort Key: c
	  ->  Index Scan using sbtest4_pkey on sbtest4  (cost=0.43..396.19 rows=101 width=121)
	        Index Cond: ((id >= 4649761) AND (id <= 4649860))

table 5 : explain SELECT c FROM sbtest5 WHERE id BETWEEN 2366554 AND 2366653 ORDER BY c
	Sort  (cost=429.93..430.20 rows=109 width=121)
	  Sort Key: c
	  ->  Index Scan using sbtest5_pkey on sbtest5  (cost=0.43..426.24 rows=109 width=121)
	        Index Cond: ((id >= 2366554) AND (id <= 2366653))

table 6 : explain SELECT c FROM sbtest6 WHERE id BETWEEN 1821965 AND 1822064 ORDER BY c
	Sort  (cost=431.61..431.89 rows=109 width=121)
	  Sort Key: c
	  ->  Index Scan using sbtest6_pkey on sbtest6  (cost=0.43..427.93 rows=109 width=121)
	        Index Cond: ((id >= 1821965) AND (id <= 1822064))

table 7 : explain SELECT c FROM sbtest7 WHERE id BETWEEN 4341924 AND 4342023 ORDER BY c
	Sort  (cost=413.43..413.69 rows=105 width=121)
	  Sort Key: c
	  ->  Index Scan using sbtest7_pkey on sbtest7  (cost=0.43..409.90 rows=105 width=121)
	        Index Cond: ((id >= 4341924) AND (id <= 4342023))

table 8 : explain SELECT c FROM sbtest8 WHERE id BETWEEN 2716975 AND 2717074 ORDER BY c
	Sort  (cost=415.84..416.11 rows=106 width=121)
	  Sort Key: c
	  ->  Index Scan using sbtest8_pkey on sbtest8  (cost=0.43..412.28 rows=106 width=121)
	        Index Cond: ((id >= 2716975) AND (id <= 2717074))

for non_index_updates
table 1 : explain UPDATE sbtest1 SET c='foobar' WHERE id=7527146
	Update on sbtest1  (cost=0.43..8.45 rows=0 width=0)
	  ->  Index Scan using sbtest1_pkey on sbtest1  (cost=0.43..8.45 rows=1 width=490)
	        Index Cond: (id = 7527146)

table 2 : explain UPDATE sbtest2 SET c='foobar' WHERE id=7683950
	Update on sbtest2  (cost=0.43..8.45 rows=0 width=0)
	  ->  Index Scan using sbtest2_pkey on sbtest2  (cost=0.43..8.45 rows=1 width=490)
	        Index Cond: (id = 7683950)

table 3 : explain UPDATE sbtest3 SET c='foobar' WHERE id=5954743
	Update on sbtest3  (cost=0.43..8.45 rows=0 width=0)
	  ->  Index Scan using sbtest3_pkey on sbtest3  (cost=0.43..8.45 rows=1 width=490)
	        Index Cond: (id = 5954743)

table 4 : explain UPDATE sbtest4 SET c='foobar' WHERE id=8305110
	Update on sbtest4  (cost=0.43..8.45 rows=0 width=0)
	  ->  Index Scan using sbtest4_pkey on sbtest4  (cost=0.43..8.45 rows=1 width=490)
	        Index Cond: (id = 8305110)

table 5 : explain UPDATE sbtest5 SET c='foobar' WHERE id=3764351
	Update on sbtest5  (cost=0.43..8.45 rows=0 width=0)
	  ->  Index Scan using sbtest5_pkey on sbtest5  (cost=0.43..8.45 rows=1 width=490)
	        Index Cond: (id = 3764351)

table 6 : explain UPDATE sbtest6 SET c='foobar' WHERE id=6320586
	Update on sbtest6  (cost=0.43..8.45 rows=0 width=0)
	  ->  Index Scan using sbtest6_pkey on sbtest6  (cost=0.43..8.45 rows=1 width=490)
	        Index Cond: (id = 6320586)

table 7 : explain UPDATE sbtest7 SET c='foobar' WHERE id=6500639
	Update on sbtest7  (cost=0.43..8.45 rows=0 width=0)
	  ->  Index Scan using sbtest7_pkey on sbtest7  (cost=0.43..8.45 rows=1 width=490)
	        Index Cond: (id = 6500639)

table 8 : explain UPDATE sbtest8 SET c='foobar' WHERE id=7783156
	Update on sbtest8  (cost=0.43..8.45 rows=0 width=0)
	  ->  Index Scan using sbtest8_pkey on sbtest8  (cost=0.43..8.45 rows=1 width=490)
	        Index Cond: (id = 7783156)

explain: for deletes :: explain DELETE FROM sbtest%u WHERE id=%u
explain: for inserts :: explain INSERT INTO sbtest%u (id, k, c, pad) VALUES (%u, 13, 'foobar', 'foobar')
for deletes
table 1 : explain DELETE FROM sbtest1 WHERE id=6414139
	Delete on sbtest1  (cost=0.43..8.45 rows=0 width=0)
	  ->  Index Scan using sbtest1_pkey on sbtest1  (cost=0.43..8.45 rows=1 width=6)
	        Index Cond: (id = 6414139)

table 2 : explain DELETE FROM sbtest2 WHERE id=2645409
	Delete on sbtest2  (cost=0.43..8.45 rows=0 width=0)
	  ->  Index Scan using sbtest2_pkey on sbtest2  (cost=0.43..8.45 rows=1 width=6)
	        Index Cond: (id = 2645409)

table 3 : explain DELETE FROM sbtest3 WHERE id=909755
	Delete on sbtest3  (cost=0.43..8.45 rows=0 width=0)
	  ->  Index Scan using sbtest3_pkey on sbtest3  (cost=0.43..8.45 rows=1 width=6)
	        Index Cond: (id = 909755)

table 4 : explain DELETE FROM sbtest4 WHERE id=4050617
	Delete on sbtest4  (cost=0.43..8.45 rows=0 width=0)
	  ->  Index Scan using sbtest4_pkey on sbtest4  (cost=0.43..8.45 rows=1 width=6)
	        Index Cond: (id = 4050617)

table 5 : explain DELETE FROM sbtest5 WHERE id=3233166
	Delete on sbtest5  (cost=0.43..8.45 rows=0 width=0)
	  ->  Index Scan using sbtest5_pkey on sbtest5  (cost=0.43..8.45 rows=1 width=6)
	        Index Cond: (id = 3233166)

table 6 : explain DELETE FROM sbtest6 WHERE id=9828559
	Delete on sbtest6  (cost=0.43..8.45 rows=0 width=0)
	  ->  Index Scan using sbtest6_pkey on sbtest6  (cost=0.43..8.45 rows=1 width=6)
	        Index Cond: (id = 9828559)

table 7 : explain DELETE FROM sbtest7 WHERE id=5896768
	Delete on sbtest7  (cost=0.43..8.45 rows=0 width=0)
	  ->  Index Scan using sbtest7_pkey on sbtest7  (cost=0.43..8.45 rows=1 width=6)
	        Index Cond: (id = 5896768)

table 8 : explain DELETE FROM sbtest8 WHERE id=17036
	Delete on sbtest8  (cost=0.43..8.45 rows=0 width=0)
	  ->  Index Scan using sbtest8_pkey on sbtest8  (cost=0.43..8.45 rows=1 width=6)
	        Index Cond: (id = 17036)

explain: for inserts :: explain INSERT INTO sbtest%u (id, k, c, pad) VALUES (%u, 13, 'foobar', 'foobar')
explain: for deletes :: explain DELETE FROM sbtest%u WHERE id=%u
for non_index_updates
table 1 : explain UPDATE sbtest1 SET c='foobar' WHERE id=9897529
	Update on sbtest1  (cost=0.43..8.45 rows=0 width=0)
	  ->  Index Scan using sbtest1_pkey on sbtest1  (cost=0.43..8.45 rows=1 width=490)
	        Index Cond: (id = 9897529)

table 2 : explain UPDATE sbtest2 SET c='foobar' WHERE id=8007080
	Update on sbtest2  (cost=0.43..8.45 rows=0 width=0)
	  ->  Index Scan using sbtest2_pkey on sbtest2  (cost=0.43..8.45 rows=1 width=490)
	        Index Cond: (id = 8007080)

table 3 : explain UPDATE sbtest3 SET c='foobar' WHERE id=717414
	Update on sbtest3  (cost=0.43..8.45 rows=0 width=0)
	  ->  Index Scan using sbtest3_pkey on sbtest3  (cost=0.43..8.45 rows=1 width=490)
	        Index Cond: (id = 717414)

table 4 : explain UPDATE sbtest4 SET c='foobar' WHERE id=2404855
	Update on sbtest4  (cost=0.43..8.45 rows=0 width=0)
	  ->  Index Scan using sbtest4_pkey on sbtest4  (cost=0.43..8.45 rows=1 width=490)
	        Index Cond: (id = 2404855)

table 5 : explain UPDATE sbtest5 SET c='foobar' WHERE id=8980228
	Update on sbtest5  (cost=0.43..8.45 rows=0 width=0)
	  ->  Index Scan using sbtest5_pkey on sbtest5  (cost=0.43..8.45 rows=1 width=490)
	        Index Cond: (id = 8980228)

table 6 : explain UPDATE sbtest6 SET c='foobar' WHERE id=1935183
	Update on sbtest6  (cost=0.43..8.45 rows=0 width=0)
	  ->  Index Scan using sbtest6_pkey on sbtest6  (cost=0.43..8.45 rows=1 width=490)
	        Index Cond: (id = 1935183)

table 7 : explain UPDATE sbtest7 SET c='foobar' WHERE id=9593637
	Update on sbtest7  (cost=0.43..8.45 rows=0 width=0)
	  ->  Index Scan using sbtest7_pkey on sbtest7  (cost=0.43..8.45 rows=1 width=490)
	        Index Cond: (id = 9593637)

table 8 : explain UPDATE sbtest8 SET c='foobar' WHERE id=7544548
	Update on sbtest8  (cost=0.43..8.45 rows=0 width=0)
	  ->  Index Scan using sbtest8_pkey on sbtest8  (cost=0.43..8.45 rows=1 width=490)
	        Index Cond: (id = 7544548)

for: distinct_ranges
table 1 : explain SELECT DISTINCT c FROM sbtest1 WHERE id BETWEEN 5189891 AND 5189990 ORDER BY c
	Unique  (cost=389.40..389.89 rows=98 width=121)
	  ->  Sort  (cost=389.40..389.64 rows=98 width=121)
	        Sort Key: c
	        ->  Index Scan using sbtest1_pkey on sbtest1  (cost=0.43..386.16 rows=98 width=121)
	              Index Cond: ((id >= 5189891) AND (id <= 5189990))

table 2 : explain SELECT DISTINCT c FROM sbtest2 WHERE id BETWEEN 6645205 AND 6645304 ORDER BY c
	Unique  (cost=361.85..362.31 rows=91 width=121)
	  ->  Sort  (cost=361.85..362.08 rows=91 width=121)
	        Sort Key: c
	        ->  Index Scan using sbtest2_pkey on sbtest2  (cost=0.43..358.89 rows=91 width=121)
	              Index Cond: ((id >= 6645205) AND (id <= 6645304))

table 3 : explain SELECT DISTINCT c FROM sbtest3 WHERE id BETWEEN 5085944 AND 5086043 ORDER BY c
	Unique  (cost=392.01..392.51 rows=99 width=121)
	  ->  Sort  (cost=392.01..392.26 rows=99 width=121)
	        Sort Key: c
	        ->  Index Scan using sbtest3_pkey on sbtest3  (cost=0.43..388.73 rows=99 width=121)
	              Index Cond: ((id >= 5085944) AND (id <= 5086043))

table 4 : explain SELECT DISTINCT c FROM sbtest4 WHERE id BETWEEN 5152586 AND 5152685 ORDER BY c
	Unique  (cost=379.93..380.41 rows=96 width=121)
	  ->  Sort  (cost=379.93..380.17 rows=96 width=121)
	        Sort Key: c
	        ->  Index Scan using sbtest4_pkey on sbtest4  (cost=0.43..376.77 rows=96 width=121)
	              Index Cond: ((id >= 5152586) AND (id <= 5152685))

table 5 : explain SELECT DISTINCT c FROM sbtest5 WHERE id BETWEEN 1101656 AND 1101755 ORDER BY c
	Unique  (cost=371.27..371.74 rows=94 width=121)
	  ->  Sort  (cost=371.27..371.51 rows=94 width=121)
	        Sort Key: c
	        ->  Index Scan using sbtest5_pkey on sbtest5  (cost=0.43..368.19 rows=94 width=121)
	              Index Cond: ((id >= 1101656) AND (id <= 1101755))

table 6 : explain SELECT DISTINCT c FROM sbtest6 WHERE id BETWEEN 9286791 AND 9286890 ORDER BY c
	Unique  (cost=408.07..408.59 rows=103 width=121)
	  ->  Sort  (cost=408.07..408.33 rows=103 width=121)
	        Sort Key: c
	        ->  Index Scan using sbtest6_pkey on sbtest6  (cost=0.43..404.63 rows=103 width=121)
	              Index Cond: ((id >= 9286791) AND (id <= 9286890))

table 7 : explain SELECT DISTINCT c FROM sbtest7 WHERE id BETWEEN 3459691 AND 3459790 ORDER BY c
	Unique  (cost=397.83..398.33 rows=101 width=121)
	  ->  Sort  (cost=397.83..398.08 rows=101 width=121)
	        Sort Key: c
	        ->  Index Scan using sbtest7_pkey on sbtest7  (cost=0.43..394.47 rows=101 width=121)
	              Index Cond: ((id >= 3459691) AND (id <= 3459790))

table 8 : explain SELECT DISTINCT c FROM sbtest8 WHERE id BETWEEN 7503783 AND 7503882 ORDER BY c
	Unique  (cost=384.76..385.25 rows=98 width=121)
	  ->  Sort  (cost=384.76..385.01 rows=98 width=121)
	        Sort Key: c
	        ->  Index Scan using sbtest8_pkey on sbtest8  (cost=0.43..381.52 rows=98 width=121)
	              Index Cond: ((id >= 7503783) AND (id <= 7503882))

explain: for deletes :: explain DELETE FROM sbtest%u WHERE id=%u
for inserts
table 1 : explain INSERT INTO sbtest1 (id, k, c, pad) VALUES (6438504, 13, 'foobar', 'foobar')
	Insert on sbtest1  (cost=0.00..0.01 rows=0 width=0)
	  ->  Result  (cost=0.00..0.01 rows=1 width=736)

table 2 : explain INSERT INTO sbtest2 (id, k, c, pad) VALUES (6061833, 13, 'foobar', 'foobar')
	Insert on sbtest2  (cost=0.00..0.01 rows=0 width=0)
	  ->  Result  (cost=0.00..0.01 rows=1 width=736)

table 3 : explain INSERT INTO sbtest3 (id, k, c, pad) VALUES (5026656, 13, 'foobar', 'foobar')
	Insert on sbtest3  (cost=0.00..0.01 rows=0 width=0)
	  ->  Result  (cost=0.00..0.01 rows=1 width=736)

table 4 : explain INSERT INTO sbtest4 (id, k, c, pad) VALUES (8457879, 13, 'foobar', 'foobar')
	Insert on sbtest4  (cost=0.00..0.01 rows=0 width=0)
	  ->  Result  (cost=0.00..0.01 rows=1 width=736)

table 5 : explain INSERT INTO sbtest5 (id, k, c, pad) VALUES (3726873, 13, 'foobar', 'foobar')
	Insert on sbtest5  (cost=0.00..0.01 rows=0 width=0)
	  ->  Result  (cost=0.00..0.01 rows=1 width=736)

table 6 : explain INSERT INTO sbtest6 (id, k, c, pad) VALUES (154046, 13, 'foobar', 'foobar')
	Insert on sbtest6  (cost=0.00..0.01 rows=0 width=0)
	  ->  Result  (cost=0.00..0.01 rows=1 width=736)

table 7 : explain INSERT INTO sbtest7 (id, k, c, pad) VALUES (6226421, 13, 'foobar', 'foobar')
	Insert on sbtest7  (cost=0.00..0.01 rows=0 width=0)
	  ->  Result  (cost=0.00..0.01 rows=1 width=736)

table 8 : explain INSERT INTO sbtest8 (id, k, c, pad) VALUES (2243318, 13, 'foobar', 'foobar')
	Insert on sbtest8  (cost=0.00..0.01 rows=0 width=0)
	  ->  Result  (cost=0.00..0.01 rows=1 width=736)

for: distinct_ranges
table 1 : explain SELECT DISTINCT c FROM sbtest1 WHERE id BETWEEN 5361334 AND 5361433 ORDER BY c
	Unique  (cost=432.70..433.25 rows=109 width=121)
	  ->  Sort  (cost=432.70..432.97 rows=109 width=121)
	        Sort Key: c
	        ->  Index Scan using sbtest1_pkey on sbtest1  (cost=0.43..429.01 rows=109 width=121)
	              Index Cond: ((id >= 5361334) AND (id <= 5361433))

table 2 : explain SELECT DISTINCT c FROM sbtest2 WHERE id BETWEEN 7143185 AND 7143284 ORDER BY c
	Unique  (cost=432.68..433.23 rows=109 width=121)
	  ->  Sort  (cost=432.68..432.96 rows=109 width=121)
	        Sort Key: c
	        ->  Index Scan using sbtest2_pkey on sbtest2  (cost=0.43..429.00 rows=109 width=121)
	              Index Cond: ((id >= 7143185) AND (id <= 7143284))

table 3 : explain SELECT DISTINCT c FROM sbtest3 WHERE id BETWEEN 6538228 AND 6538327 ORDER BY c
	Unique  (cost=356.74..357.19 rows=90 width=121)
	  ->  Sort  (cost=356.74..356.96 rows=90 width=121)
	        Sort Key: c
	        ->  Index Scan using sbtest3_pkey on sbtest3  (cost=0.43..353.81 rows=90 width=121)
	              Index Cond: ((id >= 6538228) AND (id <= 6538327))

table 4 : explain SELECT DISTINCT c FROM sbtest4 WHERE id BETWEEN 8430753 AND 8430852 ORDER BY c
	Unique  (cost=376.02..376.49 rows=95 width=121)
	  ->  Sort  (cost=376.02..376.25 rows=95 width=121)
	        Sort Key: c
	        ->  Index Scan using sbtest4_pkey on sbtest4  (cost=0.43..372.90 rows=95 width=121)
	              Index Cond: ((id >= 8430753) AND (id <= 8430852))

table 5 : explain SELECT DISTINCT c FROM sbtest5 WHERE id BETWEEN 225997 AND 226096 ORDER BY c
	Unique  (cost=394.75..395.25 rows=100 width=121)
	  ->  Sort  (cost=394.75..395.00 rows=100 width=121)
	        Sort Key: c
	        ->  Index Scan using sbtest5_pkey on sbtest5  (cost=0.43..391.43 rows=100 width=121)
	              Index Cond: ((id >= 225997) AND (id <= 226096))

table 6 : explain SELECT DISTINCT c FROM sbtest6 WHERE id BETWEEN 5767043 AND 5767142 ORDER BY c
	Unique  (cost=384.50..384.98 rows=97 width=121)
	  ->  Sort  (cost=384.50..384.74 rows=97 width=121)
	        Sort Key: c
	        ->  Index Scan using sbtest6_pkey on sbtest6  (cost=0.43..381.29 rows=97 width=121)
	              Index Cond: ((id >= 5767043) AND (id <= 5767142))

table 7 : explain SELECT DISTINCT c FROM sbtest7 WHERE id BETWEEN 7688852 AND 7688951 ORDER BY c
	Unique  (cost=417.33..417.86 rows=106 width=121)
	  ->  Sort  (cost=417.33..417.59 rows=106 width=121)
	        Sort Key: c
	        ->  Index Scan using sbtest7_pkey on sbtest7  (cost=0.43..413.76 rows=106 width=121)
	              Index Cond: ((id >= 7688852) AND (id <= 7688951))

table 8 : explain SELECT DISTINCT c FROM sbtest8 WHERE id BETWEEN 477955 AND 478054 ORDER BY c
	Unique  (cost=396.42..396.92 rows=101 width=121)
	  ->  Sort  (cost=396.42..396.67 rows=101 width=121)
	        Sort Key: c
	        ->  Index Scan using sbtest8_pkey on sbtest8  (cost=0.43..393.05 rows=101 width=121)
	              Index Cond: ((id >= 477955) AND (id <= 478054))

for deletes
table 1 : explain DELETE FROM sbtest1 WHERE id=9358853
	Delete on sbtest1  (cost=0.43..8.45 rows=0 width=0)
	  ->  Index Scan using sbtest1_pkey on sbtest1  (cost=0.43..8.45 rows=1 width=6)
	        Index Cond: (id = 9358853)

table 2 : explain DELETE FROM sbtest2 WHERE id=2124134
	Delete on sbtest2  (cost=0.43..8.45 rows=0 width=0)
	  ->  Index Scan using sbtest2_pkey on sbtest2  (cost=0.43..8.45 rows=1 width=6)
	        Index Cond: (id = 2124134)

table 3 : explain DELETE FROM sbtest3 WHERE id=9864684
	Delete on sbtest3  (cost=0.43..8.45 rows=0 width=0)
	  ->  Index Scan using sbtest3_pkey on sbtest3  (cost=0.43..8.45 rows=1 width=6)
	        Index Cond: (id = 9864684)

table 4 : explain DELETE FROM sbtest4 WHERE id=4020373
	Delete on sbtest4  (cost=0.43..8.45 rows=0 width=0)
	  ->  Index Scan using sbtest4_pkey on sbtest4  (cost=0.43..8.45 rows=1 width=6)
	        Index Cond: (id = 4020373)

table 5 : explain DELETE FROM sbtest5 WHERE id=727729
	Delete on sbtest5  (cost=0.43..8.45 rows=0 width=0)
	  ->  Index Scan using sbtest5_pkey on sbtest5  (cost=0.43..8.45 rows=1 width=6)
	        Index Cond: (id = 727729)

table 6 : explain DELETE FROM sbtest6 WHERE id=7413679
	Delete on sbtest6  (cost=0.43..8.45 rows=0 width=0)
	  ->  Index Scan using sbtest6_pkey on sbtest6  (cost=0.43..8.45 rows=1 width=6)
	        Index Cond: (id = 7413679)

table 7 : explain DELETE FROM sbtest7 WHERE id=4304195
	Delete on sbtest7  (cost=0.43..8.45 rows=0 width=0)
	  ->  Index Scan using sbtest7_pkey on sbtest7  (cost=0.43..8.45 rows=1 width=6)
	        Index Cond: (id = 4304195)

table 8 : explain DELETE FROM sbtest8 WHERE id=8188106
	Delete on sbtest8  (cost=0.43..8.45 rows=0 width=0)
	  ->  Index Scan using sbtest8_pkey on sbtest8  (cost=0.43..8.45 rows=1 width=6)
	        Index Cond: (id = 8188106)

for inserts
table 1 : explain INSERT INTO sbtest1 (id, k, c, pad) VALUES (9000426, 13, 'foobar', 'foobar')
	Insert on sbtest1  (cost=0.00..0.01 rows=0 width=0)
	  ->  Result  (cost=0.00..0.01 rows=1 width=736)

table 2 : explain INSERT INTO sbtest2 (id, k, c, pad) VALUES (8469169, 13, 'foobar', 'foobar')
	Insert on sbtest2  (cost=0.00..0.01 rows=0 width=0)
	  ->  Result  (cost=0.00..0.01 rows=1 width=736)

table 3 : explain INSERT INTO sbtest3 (id, k, c, pad) VALUES (355433, 13, 'foobar', 'foobar')
	Insert on sbtest3  (cost=0.00..0.01 rows=0 width=0)
	  ->  Result  (cost=0.00..0.01 rows=1 width=736)

table 4 : explain INSERT INTO sbtest4 (id, k, c, pad) VALUES (8484244, 13, 'foobar', 'foobar')
	Insert on sbtest4  (cost=0.00..0.01 rows=0 width=0)
	  ->  Result  (cost=0.00..0.01 rows=1 width=736)

table 5 : explain INSERT INTO sbtest5 (id, k, c, pad) VALUES (67465, 13, 'foobar', 'foobar')
	Insert on sbtest5  (cost=0.00..0.01 rows=0 width=0)
	  ->  Result  (cost=0.00..0.01 rows=1 width=736)

table 6 : explain INSERT INTO sbtest6 (id, k, c, pad) VALUES (7670739, 13, 'foobar', 'foobar')
	Insert on sbtest6  (cost=0.00..0.01 rows=0 width=0)
	  ->  Result  (cost=0.00..0.01 rows=1 width=736)

table 7 : explain INSERT INTO sbtest7 (id, k, c, pad) VALUES (6239453, 13, 'foobar', 'foobar')
	Insert on sbtest7  (cost=0.00..0.01 rows=0 width=0)
	  ->  Result  (cost=0.00..0.01 rows=1 width=736)

table 8 : explain INSERT INTO sbtest8 (id, k, c, pad) VALUES (3117407, 13, 'foobar', 'foobar')
	Insert on sbtest8  (cost=0.00..0.01 rows=0 width=0)
	  ->  Result  (cost=0.00..0.01 rows=1 width=736)

for: order_ranges
table 1 : explain SELECT c FROM sbtest1 WHERE id BETWEEN 8204654 AND 8204753 ORDER BY c
	Sort  (cost=416.97..417.23 rows=105 width=121)
	  Sort Key: c
	  ->  Index Scan using sbtest1_pkey on sbtest1  (cost=0.43..413.44 rows=105 width=121)
	        Index Cond: ((id >= 8204654) AND (id <= 8204753))

table 2 : explain SELECT c FROM sbtest2 WHERE id BETWEEN 8408540 AND 8408639 ORDER BY c
	Sort  (cost=401.21..401.47 rows=101 width=121)
	  Sort Key: c
	  ->  Index Scan using sbtest2_pkey on sbtest2  (cost=0.43..397.85 rows=101 width=121)
	        Index Cond: ((id >= 8408540) AND (id <= 8408639))

table 3 : explain SELECT c FROM sbtest3 WHERE id BETWEEN 3773702 AND 3773801 ORDER BY c
	Sort  (cost=395.97..396.22 rows=100 width=121)
	  Sort Key: c
	  ->  Index Scan using sbtest3_pkey on sbtest3  (cost=0.43..392.65 rows=100 width=121)
	        Index Cond: ((id >= 3773702) AND (id <= 3773801))

table 4 : explain SELECT c FROM sbtest4 WHERE id BETWEEN 501029 AND 501128 ORDER BY c
	Sort  (cost=415.22..415.48 rows=105 width=121)
	  Sort Key: c
	  ->  Index Scan using sbtest4_pkey on sbtest4  (cost=0.43..411.69 rows=105 width=121)
	        Index Cond: ((id >= 501029) AND (id <= 501128))

table 5 : explain SELECT c FROM sbtest5 WHERE id BETWEEN 5265103 AND 5265202 ORDER BY c
	Sort  (cost=386.90..387.15 rows=98 width=121)
	  Sort Key: c
	  ->  Index Scan using sbtest5_pkey on sbtest5  (cost=0.43..383.66 rows=98 width=121)
	        Index Cond: ((id >= 5265103) AND (id <= 5265202))

table 6 : explain SELECT c FROM sbtest6 WHERE id BETWEEN 9149247 AND 9149346 ORDER BY c
	Sort  (cost=392.38..392.62 rows=99 width=121)
	  Sort Key: c
	  ->  Index Scan using sbtest6_pkey on sbtest6  (cost=0.43..389.09 rows=99 width=121)
	        Index Cond: ((id >= 9149247) AND (id <= 9149346))

table 7 : explain SELECT c FROM sbtest7 WHERE id BETWEEN 8847798 AND 8847897 ORDER BY c
	Sort  (cost=386.13..386.38 rows=98 width=121)
	  Sort Key: c
	  ->  Index Scan using sbtest7_pkey on sbtest7  (cost=0.43..382.89 rows=98 width=121)
	        Index Cond: ((id >= 8847798) AND (id <= 8847897))

table 8 : explain SELECT c FROM sbtest8 WHERE id BETWEEN 992804 AND 992903 ORDER BY c
	Sort  (cost=419.73..420.00 rows=107 width=121)
	  Sort Key: c
	  ->  Index Scan using sbtest8_pkey on sbtest8  (cost=0.43..416.12 rows=107 width=121)
	        Index Cond: ((id >= 992804) AND (id <= 992903))

explain: for index_updates :: explain UPDATE sbtest%u SET k=k+1 WHERE id=%u
for deletes
table 1 : explain DELETE FROM sbtest1 WHERE id=4991168
	Delete on sbtest1  (cost=0.43..8.45 rows=0 width=0)
	  ->  Index Scan using sbtest1_pkey on sbtest1  (cost=0.43..8.45 rows=1 width=6)
	        Index Cond: (id = 4991168)

table 2 : explain DELETE FROM sbtest2 WHERE id=6116757
	Delete on sbtest2  (cost=0.43..8.45 rows=0 width=0)
	  ->  Index Scan using sbtest2_pkey on sbtest2  (cost=0.43..8.45 rows=1 width=6)
	        Index Cond: (id = 6116757)

table 3 : explain DELETE FROM sbtest3 WHERE id=7808456
	Delete on sbtest3  (cost=0.43..8.45 rows=0 width=0)
	  ->  Index Scan using sbtest3_pkey on sbtest3  (cost=0.43..8.45 rows=1 width=6)
	        Index Cond: (id = 7808456)

table 4 : explain DELETE FROM sbtest4 WHERE id=9909209
	Delete on sbtest4  (cost=0.43..8.45 rows=0 width=0)
	  ->  Index Scan using sbtest4_pkey on sbtest4  (cost=0.43..8.45 rows=1 width=6)
	        Index Cond: (id = 9909209)

table 5 : explain DELETE FROM sbtest5 WHERE id=7518681
	Delete on sbtest5  (cost=0.43..8.45 rows=0 width=0)
	  ->  Index Scan using sbtest5_pkey on sbtest5  (cost=0.43..8.45 rows=1 width=6)
	        Index Cond: (id = 7518681)

table 6 : explain DELETE FROM sbtest6 WHERE id=8659865
	Delete on sbtest6  (cost=0.43..8.45 rows=0 width=0)
	  ->  Index Scan using sbtest6_pkey on sbtest6  (cost=0.43..8.45 rows=1 width=6)
	        Index Cond: (id = 8659865)

table 7 : explain DELETE FROM sbtest7 WHERE id=9987286
	Delete on sbtest7  (cost=0.43..8.45 rows=0 width=0)
	  ->  Index Scan using sbtest7_pkey on sbtest7  (cost=0.43..8.45 rows=1 width=6)
	        Index Cond: (id = 9987286)

table 8 : explain DELETE FROM sbtest8 WHERE id=7107073
	Delete on sbtest8  (cost=0.43..8.45 rows=0 width=0)
	  ->  Index Scan using sbtest8_pkey on sbtest8  (cost=0.43..8.45 rows=1 width=6)
	        Index Cond: (id = 7107073)

explain: for inserts :: explain INSERT INTO sbtest%u (id, k, c, pad) VALUES (%u, 13, 'foobar', 'foobar')
explain: for point_selects :: explain SELECT c FROM sbtest%u WHERE id=%u
for: sum_ranges
table 1 : explain SELECT SUM(k) FROM sbtest1 WHERE id BETWEEN 3154752 AND 3154851
	Aggregate  (cost=402.02..402.03 rows=1 width=8)
	  ->  Index Scan using sbtest1_pkey on sbtest1  (cost=0.43..401.76 rows=102 width=4)
	        Index Cond: ((id >= 3154752) AND (id <= 3154851))

table 2 : explain SELECT SUM(k) FROM sbtest2 WHERE id BETWEEN 7909917 AND 7910016
	Aggregate  (cost=398.10..398.11 rows=1 width=8)
	  ->  Index Scan using sbtest2_pkey on sbtest2  (cost=0.43..397.85 rows=101 width=4)
	        Index Cond: ((id >= 7909917) AND (id <= 7910016))

table 3 : explain SELECT SUM(k) FROM sbtest3 WHERE id BETWEEN 8710583 AND 8710682
	Aggregate  (cost=365.69..365.70 rows=1 width=8)
	  ->  Index Scan using sbtest3_pkey on sbtest3  (cost=0.43..365.45 rows=93 width=4)
	        Index Cond: ((id >= 8710583) AND (id <= 8710682))

table 4 : explain SELECT SUM(k) FROM sbtest4 WHERE id BETWEEN 5317000 AND 5317099
	Aggregate  (cost=377.01..377.02 rows=1 width=8)
	  ->  Index Scan using sbtest4_pkey on sbtest4  (cost=0.43..376.77 rows=96 width=4)
	        Index Cond: ((id >= 5317000) AND (id <= 5317099))

table 5 : explain SELECT SUM(k) FROM sbtest5 WHERE id BETWEEN 9622978 AND 9623077
	Aggregate  (cost=391.68..391.69 rows=1 width=8)
	  ->  Index Scan using sbtest5_pkey on sbtest5  (cost=0.43..391.43 rows=100 width=4)
	        Index Cond: ((id >= 9622978) AND (id <= 9623077))

table 6 : explain SELECT SUM(k) FROM sbtest6 WHERE id BETWEEN 8539734 AND 8539833
	Aggregate  (cost=377.65..377.66 rows=1 width=8)
	  ->  Index Scan using sbtest6_pkey on sbtest6  (cost=0.43..377.41 rows=96 width=4)
	        Index Cond: ((id >= 8539734) AND (id <= 8539833))

table 7 : explain SELECT SUM(k) FROM sbtest7 WHERE id BETWEEN 2876427 AND 2876526
	Aggregate  (cost=340.62..340.63 rows=1 width=8)
	  ->  Index Scan using sbtest7_pkey on sbtest7  (cost=0.43..340.40 rows=87 width=4)
	        Index Cond: ((id >= 2876427) AND (id <= 2876526))

table 8 : explain SELECT SUM(k) FROM sbtest8 WHERE id BETWEEN 2975966 AND 2976065
	Aggregate  (cost=374.03..374.04 rows=1 width=8)
	  ->  Index Scan using sbtest8_pkey on sbtest8  (cost=0.43..373.79 rows=96 width=4)
	        Index Cond: ((id >= 2975966) AND (id <= 2976065))

for deletes
table 1 : explain DELETE FROM sbtest1 WHERE id=9306321
	Delete on sbtest1  (cost=0.43..8.45 rows=0 width=0)
	  ->  Index Scan using sbtest1_pkey on sbtest1  (cost=0.43..8.45 rows=1 width=6)
	        Index Cond: (id = 9306321)

table 2 : explain DELETE FROM sbtest2 WHERE id=4089861
	Delete on sbtest2  (cost=0.43..8.45 rows=0 width=0)
	  ->  Index Scan using sbtest2_pkey on sbtest2  (cost=0.43..8.45 rows=1 width=6)
	        Index Cond: (id = 4089861)

table 3 : explain DELETE FROM sbtest3 WHERE id=2773744
	Delete on sbtest3  (cost=0.43..8.45 rows=0 width=0)
	  ->  Index Scan using sbtest3_pkey on sbtest3  (cost=0.43..8.45 rows=1 width=6)
	        Index Cond: (id = 2773744)

table 4 : explain DELETE FROM sbtest4 WHERE id=6735462
	Delete on sbtest4  (cost=0.43..8.45 rows=0 width=0)
	  ->  Index Scan using sbtest4_pkey on sbtest4  (cost=0.43..8.45 rows=1 width=6)
	        Index Cond: (id = 6735462)

table 5 : explain DELETE FROM sbtest5 WHERE id=5163432
	Delete on sbtest5  (cost=0.43..8.45 rows=0 width=0)
	  ->  Index Scan using sbtest5_pkey on sbtest5  (cost=0.43..8.45 rows=1 width=6)
	        Index Cond: (id = 5163432)

table 6 : explain DELETE FROM sbtest6 WHERE id=1178199
	Delete on sbtest6  (cost=0.43..8.45 rows=0 width=0)
	  ->  Index Scan using sbtest6_pkey on sbtest6  (cost=0.43..8.45 rows=1 width=6)
	        Index Cond: (id = 1178199)

table 7 : explain DELETE FROM sbtest7 WHERE id=9232962
	Delete on sbtest7  (cost=0.43..8.45 rows=0 width=0)
	  ->  Index Scan using sbtest7_pkey on sbtest7  (cost=0.43..8.45 rows=1 width=6)
	        Index Cond: (id = 9232962)

table 8 : explain DELETE FROM sbtest8 WHERE id=5786395
	Delete on sbtest8  (cost=0.43..8.45 rows=0 width=0)
	  ->  Index Scan using sbtest8_pkey on sbtest8  (cost=0.43..8.45 rows=1 width=6)
	        Index Cond: (id = 5786395)

explain: for index_updates :: explain UPDATE sbtest%u SET k=k+1 WHERE id=%u
for deletes
table 1 : explain DELETE FROM sbtest1 WHERE id=1365797
	Delete on sbtest1  (cost=0.43..8.45 rows=0 width=0)
	  ->  Index Scan using sbtest1_pkey on sbtest1  (cost=0.43..8.45 rows=1 width=6)
	        Index Cond: (id = 1365797)

table 2 : explain DELETE FROM sbtest2 WHERE id=5988726
	Delete on sbtest2  (cost=0.43..8.45 rows=0 width=0)
	  ->  Index Scan using sbtest2_pkey on sbtest2  (cost=0.43..8.45 rows=1 width=6)
	        Index Cond: (id = 5988726)

table 3 : explain DELETE FROM sbtest3 WHERE id=1470399
	Delete on sbtest3  (cost=0.43..8.45 rows=0 width=0)
	  ->  Index Scan using sbtest3_pkey on sbtest3  (cost=0.43..8.45 rows=1 width=6)
	        Index Cond: (id = 1470399)

table 4 : explain DELETE FROM sbtest4 WHERE id=278660
	Delete on sbtest4  (cost=0.43..8.45 rows=0 width=0)
	  ->  Index Scan using sbtest4_pkey on sbtest4  (cost=0.43..8.45 rows=1 width=6)
	        Index Cond: (id = 278660)

table 5 : explain DELETE FROM sbtest5 WHERE id=8093054
	Delete on sbtest5  (cost=0.43..8.45 rows=0 width=0)
	  ->  Index Scan using sbtest5_pkey on sbtest5  (cost=0.43..8.45 rows=1 width=6)
	        Index Cond: (id = 8093054)

table 6 : explain DELETE FROM sbtest6 WHERE id=8402236
	Delete on sbtest6  (cost=0.43..8.45 rows=0 width=0)
	  ->  Index Scan using sbtest6_pkey on sbtest6  (cost=0.43..8.45 rows=1 width=6)
	        Index Cond: (id = 8402236)

table 7 : explain DELETE FROM sbtest7 WHERE id=9072534
	Delete on sbtest7  (cost=0.43..8.45 rows=0 width=0)
	  ->  Index Scan using sbtest7_pkey on sbtest7  (cost=0.43..8.45 rows=1 width=6)
	        Index Cond: (id = 9072534)

table 8 : explain DELETE FROM sbtest8 WHERE id=4946509
	Delete on sbtest8  (cost=0.43..8.45 rows=0 width=0)
	  ->  Index Scan using sbtest8_pkey on sbtest8  (cost=0.43..8.45 rows=1 width=6)
	        Index Cond: (id = 4946509)

for: distinct_ranges
table 1 : explain SELECT DISTINCT c FROM sbtest1 WHERE id BETWEEN 3052153 AND 3052252 ORDER BY c
	Unique  (cost=420.90..421.43 rows=106 width=121)
	  ->  Sort  (cost=420.90..421.17 rows=106 width=121)
	        Sort Key: c
	        ->  Index Scan using sbtest1_pkey on sbtest1  (cost=0.43..417.33 rows=106 width=121)
	              Index Cond: ((id >= 3052153) AND (id <= 3052252))

table 2 : explain SELECT DISTINCT c FROM sbtest2 WHERE id BETWEEN 6771490 AND 6771589 ORDER BY c
	Unique  (cost=365.78..366.24 rows=92 width=121)
	  ->  Sort  (cost=365.78..366.01 rows=92 width=121)
	        Sort Key: c
	        ->  Index Scan using sbtest2_pkey on sbtest2  (cost=0.43..362.78 rows=92 width=121)
	              Index Cond: ((id >= 6771490) AND (id <= 6771589))

table 3 : explain SELECT DISTINCT c FROM sbtest3 WHERE id BETWEEN 8573595 AND 8573694 ORDER BY c
	Unique  (cost=419.49..420.02 rows=106 width=121)
	  ->  Sort  (cost=419.49..419.75 rows=106 width=121)
	        Sort Key: c
	        ->  Index Scan using sbtest3_pkey on sbtest3  (cost=0.43..415.92 rows=106 width=121)
	              Index Cond: ((id >= 8573595) AND (id <= 8573694))

table 4 : explain SELECT DISTINCT c FROM sbtest4 WHERE id BETWEEN 2682778 AND 2682877 ORDER BY c
	Unique  (cost=430.89..431.43 rows=109 width=121)
	  ->  Sort  (cost=430.89..431.16 rows=109 width=121)
	        Sort Key: c
	        ->  Index Scan using sbtest4_pkey on sbtest4  (cost=0.43..427.20 rows=109 width=121)
	              Index Cond: ((id >= 2682778) AND (id <= 2682877))

table 5 : explain SELECT DISTINCT c FROM sbtest5 WHERE id BETWEEN 7463014 AND 7463113 ORDER BY c
	Unique  (cost=422.11..422.64 rows=107 width=121)
	  ->  Sort  (cost=422.11..422.38 rows=107 width=121)
	        Sort Key: c
	        ->  Index Scan using sbtest5_pkey on sbtest5  (cost=0.43..418.50 rows=107 width=121)
	              Index Cond: ((id >= 7463014) AND (id <= 7463113))

table 6 : explain SELECT DISTINCT c FROM sbtest6 WHERE id BETWEEN 1209982 AND 1210081 ORDER BY c
	Unique  (cost=372.73..373.20 rows=94 width=121)
	  ->  Sort  (cost=372.73..372.96 rows=94 width=121)
	        Sort Key: c
	        ->  Index Scan using sbtest6_pkey on sbtest6  (cost=0.43..369.65 rows=94 width=121)
	              Index Cond: ((id >= 1209982) AND (id <= 1210081))

table 7 : explain SELECT DISTINCT c FROM sbtest7 WHERE id BETWEEN 8683148 AND 8683247 ORDER BY c
	Unique  (cost=386.13..386.62 rows=98 width=121)
	  ->  Sort  (cost=386.13..386.38 rows=98 width=121)
	        Sort Key: c
	        ->  Index Scan using sbtest7_pkey on sbtest7  (cost=0.43..382.89 rows=98 width=121)
	              Index Cond: ((id >= 8683148) AND (id <= 8683247))

table 8 : explain SELECT DISTINCT c FROM sbtest8 WHERE id BETWEEN 4803510 AND 4803609 ORDER BY c
	Unique  (cost=400.30..400.81 rows=102 width=121)
	  ->  Sort  (cost=400.30..400.56 rows=102 width=121)
	        Sort Key: c
	        ->  Index Scan using sbtest8_pkey on sbtest8  (cost=0.43..396.90 rows=102 width=121)
	              Index Cond: ((id >= 4803510) AND (id <= 4803609))

explain: for inserts :: explain INSERT INTO sbtest%u (id, k, c, pad) VALUES (%u, 13, 'foobar', 'foobar')
for index_updates
table 1 : explain UPDATE sbtest1 SET k=k+1 WHERE id=2126706
	Update on sbtest1  (cost=0.43..8.46 rows=0 width=0)
	  ->  Index Scan using sbtest1_pkey on sbtest1  (cost=0.43..8.46 rows=1 width=10)
	        Index Cond: (id = 2126706)

table 2 : explain UPDATE sbtest2 SET k=k+1 WHERE id=1917995
	Update on sbtest2  (cost=0.43..8.46 rows=0 width=0)
	  ->  Index Scan using sbtest2_pkey on sbtest2  (cost=0.43..8.46 rows=1 width=10)
	        Index Cond: (id = 1917995)

table 3 : explain UPDATE sbtest3 SET k=k+1 WHERE id=5283314
	Update on sbtest3  (cost=0.43..8.46 rows=0 width=0)
	  ->  Index Scan using sbtest3_pkey on sbtest3  (cost=0.43..8.46 rows=1 width=10)
	        Index Cond: (id = 5283314)

table 4 : explain UPDATE sbtest4 SET k=k+1 WHERE id=7329078
	Update on sbtest4  (cost=0.43..8.46 rows=0 width=0)
	  ->  Index Scan using sbtest4_pkey on sbtest4  (cost=0.43..8.46 rows=1 width=10)
	        Index Cond: (id = 7329078)

table 5 : explain UPDATE sbtest5 SET k=k+1 WHERE id=6254130
	Update on sbtest5  (cost=0.43..8.46 rows=0 width=0)
	  ->  Index Scan using sbtest5_pkey on sbtest5  (cost=0.43..8.46 rows=1 width=10)
	        Index Cond: (id = 6254130)

table 6 : explain UPDATE sbtest6 SET k=k+1 WHERE id=609740
	Update on sbtest6  (cost=0.43..8.46 rows=0 width=0)
	  ->  Index Scan using sbtest6_pkey on sbtest6  (cost=0.43..8.46 rows=1 width=10)
	        Index Cond: (id = 609740)

table 7 : explain UPDATE sbtest7 SET k=k+1 WHERE id=7939739
	Update on sbtest7  (cost=0.43..8.46 rows=0 width=0)
	  ->  Index Scan using sbtest7_pkey on sbtest7  (cost=0.43..8.46 rows=1 width=10)
	        Index Cond: (id = 7939739)

table 8 : explain UPDATE sbtest8 SET k=k+1 WHERE id=5339614
	Update on sbtest8  (cost=0.43..8.46 rows=0 width=0)
	  ->  Index Scan using sbtest8_pkey on sbtest8  (cost=0.43..8.46 rows=1 width=10)
	        Index Cond: (id = 5339614)

explain: for inserts :: explain INSERT INTO sbtest%u (id, k, c, pad) VALUES (%u, 13, 'foobar', 'foobar')
explain: for inserts :: explain INSERT INTO sbtest%u (id, k, c, pad) VALUES (%u, 13, 'foobar', 'foobar')
explain: for inserts :: explain INSERT INTO sbtest%u (id, k, c, pad) VALUES (%u, 13, 'foobar', 'foobar')
explain: for index_updates :: explain UPDATE sbtest%u SET k=k+1 WHERE id=%u
for index_updates
table 1 : explain UPDATE sbtest1 SET k=k+1 WHERE id=6402634
	Update on sbtest1  (cost=0.43..8.46 rows=0 width=0)
	  ->  Index Scan using sbtest1_pkey on sbtest1  (cost=0.43..8.46 rows=1 width=10)
	        Index Cond: (id = 6402634)

table 2 : explain UPDATE sbtest2 SET k=k+1 WHERE id=1493641
	Update on sbtest2  (cost=0.43..8.46 rows=0 width=0)
	  ->  Index Scan using sbtest2_pkey on sbtest2  (cost=0.43..8.46 rows=1 width=10)
	        Index Cond: (id = 1493641)

table 3 : explain UPDATE sbtest3 SET k=k+1 WHERE id=1158282
	Update on sbtest3  (cost=0.43..8.46 rows=0 width=0)
	  ->  Index Scan using sbtest3_pkey on sbtest3  (cost=0.43..8.46 rows=1 width=10)
	        Index Cond: (id = 1158282)

table 4 : explain UPDATE sbtest4 SET k=k+1 WHERE id=6112916
	Update on sbtest4  (cost=0.43..8.46 rows=0 width=0)
	  ->  Index Scan using sbtest4_pkey on sbtest4  (cost=0.43..8.46 rows=1 width=10)
	        Index Cond: (id = 6112916)

table 5 : explain UPDATE sbtest5 SET k=k+1 WHERE id=8268514
	Update on sbtest5  (cost=0.43..8.46 rows=0 width=0)
	  ->  Index Scan using sbtest5_pkey on sbtest5  (cost=0.43..8.46 rows=1 width=10)
	        Index Cond: (id = 8268514)

table 6 : explain UPDATE sbtest6 SET k=k+1 WHERE id=3171474
	Update on sbtest6  (cost=0.43..8.46 rows=0 width=0)
	  ->  Index Scan using sbtest6_pkey on sbtest6  (cost=0.43..8.46 rows=1 width=10)
	        Index Cond: (id = 3171474)

table 7 : explain UPDATE sbtest7 SET k=k+1 WHERE id=6306457
	Update on sbtest7  (cost=0.43..8.46 rows=0 width=0)
	  ->  Index Scan using sbtest7_pkey on sbtest7  (cost=0.43..8.46 rows=1 width=10)
	        Index Cond: (id = 6306457)

table 8 : explain UPDATE sbtest8 SET k=k+1 WHERE id=6642662
	Update on sbtest8  (cost=0.43..8.46 rows=0 width=0)
	  ->  Index Scan using sbtest8_pkey on sbtest8  (cost=0.43..8.46 rows=1 width=10)
	        Index Cond: (id = 6642662)

explain: for non_index_updates :: explain UPDATE sbtest%u SET c='foobar' WHERE id=%u
for inserts
table 1 : explain INSERT INTO sbtest1 (id, k, c, pad) VALUES (5112359, 13, 'foobar', 'foobar')
	Insert on sbtest1  (cost=0.00..0.01 rows=0 width=0)
	  ->  Result  (cost=0.00..0.01 rows=1 width=736)

table 2 : explain INSERT INTO sbtest2 (id, k, c, pad) VALUES (1215465, 13, 'foobar', 'foobar')
	Insert on sbtest2  (cost=0.00..0.01 rows=0 width=0)
	  ->  Result  (cost=0.00..0.01 rows=1 width=736)

table 3 : explain INSERT INTO sbtest3 (id, k, c, pad) VALUES (1559044, 13, 'foobar', 'foobar')
	Insert on sbtest3  (cost=0.00..0.01 rows=0 width=0)
	  ->  Result  (cost=0.00..0.01 rows=1 width=736)

table 4 : explain INSERT INTO sbtest4 (id, k, c, pad) VALUES (5856703, 13, 'foobar', 'foobar')
	Insert on sbtest4  (cost=0.00..0.01 rows=0 width=0)
	  ->  Result  (cost=0.00..0.01 rows=1 width=736)

table 5 : explain INSERT INTO sbtest5 (id, k, c, pad) VALUES (183900, 13, 'foobar', 'foobar')
	Insert on sbtest5  (cost=0.00..0.01 rows=0 width=0)
	  ->  Result  (cost=0.00..0.01 rows=1 width=736)

table 6 : explain INSERT INTO sbtest6 (id, k, c, pad) VALUES (2019923, 13, 'foobar', 'foobar')
	Insert on sbtest6  (cost=0.00..0.01 rows=0 width=0)
	  ->  Result  (cost=0.00..0.01 rows=1 width=736)

table 7 : explain INSERT INTO sbtest7 (id, k, c, pad) VALUES (8302539, 13, 'foobar', 'foobar')
	Insert on sbtest7  (cost=0.00..0.01 rows=0 width=0)
	  ->  Result  (cost=0.00..0.01 rows=1 width=736)

table 8 : explain INSERT INTO sbtest8 (id, k, c, pad) VALUES (494151, 13, 'foobar', 'foobar')
	Insert on sbtest8  (cost=0.00..0.01 rows=0 width=0)
	  ->  Result  (cost=0.00..0.01 rows=1 width=736)
for: distinct_ranges
table 1 : explain SELECT DISTINCT c FROM sbtest1 WHERE id BETWEEN 4690457 AND 4690556 ORDER BY c
	Unique  (cost=393.33..393.83 rows=99 width=121)
	  ->  Sort  (cost=393.33..393.58 rows=99 width=121)
	        Sort Key: c
	        ->  Index Scan using sbtest1_pkey on sbtest1  (cost=0.43..390.05 rows=99 width=121)
	              Index Cond: ((id >= 4690457) AND (id <= 4690556))

table 2 : explain SELECT DISTINCT c FROM sbtest2 WHERE id BETWEEN 4763177 AND 4763276 ORDER BY c
	Unique  (cost=393.32..393.81 rows=99 width=121)
	  ->  Sort  (cost=393.32..393.56 rows=99 width=121)
	        Sort Key: c
	        ->  Index Scan using sbtest2_pkey on sbtest2  (cost=0.43..390.03 rows=99 width=121)
	              Index Cond: ((id >= 4763177) AND (id <= 4763276))

table 3 : explain SELECT DISTINCT c FROM sbtest3 WHERE id BETWEEN 6149210 AND 6149309 ORDER BY c
	Unique  (cost=372.41..372.88 rows=94 width=121)
	  ->  Sort  (cost=372.41..372.65 rows=94 width=121)
	        Sort Key: c
	        ->  Index Scan using sbtest3_pkey on sbtest3  (cost=0.43..369.33 rows=94 width=121)
	              Index Cond: ((id >= 6149210) AND (id <= 6149309))

table 4 : explain SELECT DISTINCT c FROM sbtest4 WHERE id BETWEEN 8433343 AND 8433442 ORDER BY c
	Unique  (cost=376.02..376.49 rows=95 width=121)
	  ->  Sort  (cost=376.02..376.25 rows=95 width=121)
	        Sort Key: c
	        ->  Index Scan using sbtest4_pkey on sbtest4  (cost=0.43..372.90 rows=95 width=121)
	              Index Cond: ((id >= 8433343) AND (id <= 8433442))

table 5 : explain SELECT DISTINCT c FROM sbtest5 WHERE id BETWEEN 5411325 AND 5411424 ORDER BY c
	Unique  (cost=371.27..371.74 rows=94 width=121)
	  ->  Sort  (cost=371.27..371.51 rows=94 width=121)
	        Sort Key: c
	        ->  Index Scan using sbtest5_pkey on sbtest5  (cost=0.43..368.19 rows=94 width=121)
	              Index Cond: ((id >= 5411325) AND (id <= 5411424))

table 6 : explain SELECT DISTINCT c FROM sbtest6 WHERE id BETWEEN 3955154 AND 3955253 ORDER BY c
	Unique  (cost=411.99..412.51 rows=104 width=121)
	  ->  Sort  (cost=411.99..412.25 rows=104 width=121)
	        Sort Key: c
	        ->  Index Scan using sbtest6_pkey on sbtest6  (cost=0.43..408.51 rows=104 width=121)
	              Index Cond: ((id >= 3955154) AND (id <= 3955253))

table 7 : explain SELECT DISTINCT c FROM sbtest7 WHERE id BETWEEN 2695388 AND 2695487 ORDER BY c
	Unique  (cost=401.73..402.24 rows=102 width=121)
	  ->  Sort  (cost=401.73..401.98 rows=102 width=121)
	        Sort Key: c
	        ->  Index Scan using sbtest7_pkey on sbtest7  (cost=0.43..398.33 rows=102 width=121)
	              Index Cond: ((id >= 2695388) AND (id <= 2695487))

table 8 : explain SELECT DISTINCT c FROM sbtest8 WHERE id BETWEEN 3279743 AND 3279842 ORDER BY c
	Unique  (cost=400.30..400.81 rows=102 width=121)
	  ->  Sort  (cost=400.30..400.56 rows=102 width=121)
	        Sort Key: c
	        ->  Index Scan using sbtest8_pkey on sbtest8  (cost=0.43..396.90 rows=102 width=121)
	              Index Cond: ((id >= 3279743) AND (id <= 3279842))


for inserts
table 1 : explain INSERT INTO sbtest1 (id, k, c, pad) VALUES (2033134, 13, 'foobar', 'foobar')
	Insert on sbtest1  (cost=0.00..0.01 rows=0 width=0)
	  ->  Result  (cost=0.00..0.01 rows=1 width=736)

table 2 : explain INSERT INTO sbtest2 (id, k, c, pad) VALUES (5610753, 13, 'foobar', 'foobar')
	Insert on sbtest2  (cost=0.00..0.01 rows=0 width=0)
	  ->  Result  (cost=0.00..0.01 rows=1 width=736)

table 3 : explain INSERT INTO sbtest3 (id, k, c, pad) VALUES (2306711, 13, 'foobar', 'foobar')
	Insert on sbtest3  (cost=0.00..0.01 rows=0 width=0)
	  ->  Result  (cost=0.00..0.01 rows=1 width=736)

table 4 : explain INSERT INTO sbtest4 (id, k, c, pad) VALUES (6600758, 13, 'foobar', 'foobar')
	Insert on sbtest4  (cost=0.00..0.01 rows=0 width=0)
	  ->  Result  (cost=0.00..0.01 rows=1 width=736)

table 5 : explain INSERT INTO sbtest5 (id, k, c, pad) VALUES (5285595, 13, 'foobar', 'foobar')
	Insert on sbtest5  (cost=0.00..0.01 rows=0 width=0)
	  ->  Result  (cost=0.00..0.01 rows=1 width=736)

table 6 : explain INSERT INTO sbtest6 (id, k, c, pad) VALUES (6523485, 13, 'foobar', 'foobar')
	Insert on sbtest6  (cost=0.00..0.01 rows=0 width=0)
	  ->  Result  (cost=0.00..0.01 rows=1 width=736)

table 7 : explain INSERT INTO sbtest7 (id, k, c, pad) VALUES (8248414, 13, 'foobar', 'foobar')
	Insert on sbtest7  (cost=0.00..0.01 rows=0 width=0)
	  ->  Result  (cost=0.00..0.01 rows=1 width=736)

table 8 : explain INSERT INTO sbtest8 (id, k, c, pad) VALUES (9237174, 13, 'foobar', 'foobar')
	Insert on sbtest8  (cost=0.00..0.01 rows=0 width=0)
	  ->  Result  (cost=0.00..0.01 rows=1 width=736)

for inserts
table 1 : explain INSERT INTO sbtest1 (id, k, c, pad) VALUES (2101058, 13, 'foobar', 'foobar')
	Insert on sbtest1  (cost=0.00..0.01 rows=0 width=0)
	  ->  Result  (cost=0.00..0.01 rows=1 width=736)

table 2 : explain INSERT INTO sbtest2 (id, k, c, pad) VALUES (93426, 13, 'foobar', 'foobar')
	Insert on sbtest2  (cost=0.00..0.01 rows=0 width=0)
	  ->  Result  (cost=0.00..0.01 rows=1 width=736)

table 3 : explain INSERT INTO sbtest3 (id, k, c, pad) VALUES (1204954, 13, 'foobar', 'foobar')
	Insert on sbtest3  (cost=0.00..0.01 rows=0 width=0)
	  ->  Result  (cost=0.00..0.01 rows=1 width=736)

table 4 : explain INSERT INTO sbtest4 (id, k, c, pad) VALUES (7674175, 13, 'foobar', 'foobar')
	Insert on sbtest4  (cost=0.00..0.01 rows=0 width=0)
	  ->  Result  (cost=0.00..0.01 rows=1 width=736)

table 5 : explain INSERT INTO sbtest5 (id, k, c, pad) VALUES (9411476, 13, 'foobar', 'foobar')
	Insert on sbtest5  (cost=0.00..0.01 rows=0 width=0)
	  ->  Result  (cost=0.00..0.01 rows=1 width=736)

table 6 : explain INSERT INTO sbtest6 (id, k, c, pad) VALUES (4764402, 13, 'foobar', 'foobar')
	Insert on sbtest6  (cost=0.00..0.01 rows=0 width=0)
	  ->  Result  (cost=0.00..0.01 rows=1 width=736)

table 7 : explain INSERT INTO sbtest7 (id, k, c, pad) VALUES (856178, 13, 'foobar', 'foobar')
	Insert on sbtest7  (cost=0.00..0.01 rows=0 width=0)
	  ->  Result  (cost=0.00..0.01 rows=1 width=736)

table 8 : explain INSERT INTO sbtest8 (id, k, c, pad) VALUES (3595075, 13, 'foobar', 'foobar')
	Insert on sbtest8  (cost=0.00..0.01 rows=0 width=0)
	  ->  Result  (cost=0.00..0.01 rows=1 width=736)

explain: for non_index_updates :: explain UPDATE sbtest%u SET c='foobar' WHERE id=%u
for inserts
table 1 : explain INSERT INTO sbtest1 (id, k, c, pad) VALUES (7603392, 13, 'foobar', 'foobar')
	Insert on sbtest1  (cost=0.00..0.01 rows=0 width=0)
	  ->  Result  (cost=0.00..0.01 rows=1 width=736)

table 2 : explain INSERT INTO sbtest2 (id, k, c, pad) VALUES (7212722, 13, 'foobar', 'foobar')
	Insert on sbtest2  (cost=0.00..0.01 rows=0 width=0)
	  ->  Result  (cost=0.00..0.01 rows=1 width=736)

table 3 : explain INSERT INTO sbtest3 (id, k, c, pad) VALUES (7335941, 13, 'foobar', 'foobar')
	Insert on sbtest3  (cost=0.00..0.01 rows=0 width=0)
	  ->  Result  (cost=0.00..0.01 rows=1 width=736)

table 4 : explain INSERT INTO sbtest4 (id, k, c, pad) VALUES (737755, 13, 'foobar', 'foobar')
	Insert on sbtest4  (cost=0.00..0.01 rows=0 width=0)
	  ->  Result  (cost=0.00..0.01 rows=1 width=736)

table 5 : explain INSERT INTO sbtest5 (id, k, c, pad) VALUES (7334459, 13, 'foobar', 'foobar')
	Insert on sbtest5  (cost=0.00..0.01 rows=0 width=0)
	  ->  Result  (cost=0.00..0.01 rows=1 width=736)

table 6 : explain INSERT INTO sbtest6 (id, k, c, pad) VALUES (1752099, 13, 'foobar', 'foobar')
	Insert on sbtest6  (cost=0.00..0.01 rows=0 width=0)
	  ->  Result  (cost=0.00..0.01 rows=1 width=736)

table 7 : explain INSERT INTO sbtest7 (id, k, c, pad) VALUES (2319540, 13, 'foobar', 'foobar')
	Insert on sbtest7  (cost=0.00..0.01 rows=0 width=0)
	  ->  Result  (cost=0.00..0.01 rows=1 width=736)

table 8 : explain INSERT INTO sbtest8 (id, k, c, pad) VALUES (4827002, 13, 'foobar', 'foobar')
	Insert on sbtest8  (cost=0.00..0.01 rows=0 width=0)
	  ->  Result  (cost=0.00..0.01 rows=1 width=736)

for: order_ranges
table 1 : explain SELECT c FROM sbtest1 WHERE id BETWEEN 6667545 AND 6667644 ORDER BY c
	Sort  (cost=369.73..369.96 rows=93 width=121)
	  Sort Key: c
	  ->  Index Scan using sbtest1_pkey on sbtest1  (cost=0.43..366.69 rows=93 width=121)
	        Index Cond: ((id >= 6667545) AND (id <= 6667644))

table 2 : explain SELECT c FROM sbtest2 WHERE id BETWEEN 8052300 AND 8052399 ORDER BY c
	Sort  (cost=393.32..393.56 rows=99 width=121)
	  Sort Key: c
	  ->  Index Scan using sbtest2_pkey on sbtest2  (cost=0.43..390.03 rows=99 width=121)
	        Index Cond: ((id >= 8052300) AND (id <= 8052399))

table 3 : explain SELECT c FROM sbtest3 WHERE id BETWEEN 8110185 AND 8110284 ORDER BY c
	Sort  (cost=415.57..415.83 rows=105 width=121)
	  Sort Key: c
	  ->  Index Scan using sbtest3_pkey on sbtest3  (cost=0.43..412.04 rows=105 width=121)
	        Index Cond: ((id >= 8110185) AND (id <= 8110284))

table 4 : explain SELECT c FROM sbtest4 WHERE id BETWEEN 7923618 AND 7923717 ORDER BY c
	Sort  (cost=360.35..360.58 rows=91 width=121)
	  Sort Key: c
	  ->  Index Scan using sbtest4_pkey on sbtest4  (cost=0.43..357.39 rows=91 width=121)
	        Index Cond: ((id >= 7923618) AND (id <= 7923717))

table 5 : explain SELECT c FROM sbtest5 WHERE id BETWEEN 4239996 AND 4240095 ORDER BY c
	Sort  (cost=433.83..434.11 rows=110 width=121)
	  Sort Key: c
	  ->  Index Scan using sbtest5_pkey on sbtest5  (cost=0.43..430.10 rows=110 width=121)
	        Index Cond: ((id >= 4239996) AND (id <= 4240095))

table 6 : explain SELECT c FROM sbtest6 WHERE id BETWEEN 2453799 AND 2453898 ORDER BY c
	Sort  (cost=427.69..427.96 rows=108 width=121)
	  Sort Key: c
	  ->  Index Scan using sbtest6_pkey on sbtest6  (cost=0.43..424.04 rows=108 width=121)
	        Index Cond: ((id >= 2453799) AND (id <= 2453898))

table 7 : explain SELECT c FROM sbtest7 WHERE id BETWEEN 69659 AND 69758 ORDER BY c
	Sort  (cost=401.73..401.98 rows=102 width=121)
	  Sort Key: c
	  ->  Index Scan using sbtest7_pkey on sbtest7  (cost=0.43..398.33 rows=102 width=121)
	        Index Cond: ((id >= 69659) AND (id <= 69758))

table 8 : explain SELECT c FROM sbtest8 WHERE id BETWEEN 8181360 AND 8181459 ORDER BY c
	Sort  (cost=373.06..373.30 rows=95 width=121)
	  Sort Key: c
	  ->  Index Scan using sbtest8_pkey on sbtest8  (cost=0.43..369.94 rows=95 width=121)
	        Index Cond: ((id >= 8181360) AND (id <= 8181459))

explain: for index_updates :: explain UPDATE sbtest%u SET k=k+1 WHERE id=%u
explain: for inserts :: explain INSERT INTO sbtest%u (id, k, c, pad) VALUES (%u, 13, 'foobar', 'foobar')
for non_index_updates
table 1 : explain UPDATE sbtest1 SET c='foobar' WHERE id=4959379
	Update on sbtest1  (cost=0.43..8.45 rows=0 width=0)
	  ->  Index Scan using sbtest1_pkey on sbtest1  (cost=0.43..8.45 rows=1 width=490)
	        Index Cond: (id = 4959379)

table 2 : explain UPDATE sbtest2 SET c='foobar' WHERE id=9722598
	Update on sbtest2  (cost=0.43..8.45 rows=0 width=0)
	  ->  Index Scan using sbtest2_pkey on sbtest2  (cost=0.43..8.45 rows=1 width=490)
	        Index Cond: (id = 9722598)

table 3 : explain UPDATE sbtest3 SET c='foobar' WHERE id=4665882
	Update on sbtest3  (cost=0.43..8.45 rows=0 width=0)
	  ->  Index Scan using sbtest3_pkey on sbtest3  (cost=0.43..8.45 rows=1 width=490)
	        Index Cond: (id = 4665882)

table 4 : explain UPDATE sbtest4 SET c='foobar' WHERE id=8438614
	Update on sbtest4  (cost=0.43..8.45 rows=0 width=0)
	  ->  Index Scan using sbtest4_pkey on sbtest4  (cost=0.43..8.45 rows=1 width=490)
	        Index Cond: (id = 8438614)

table 5 : explain UPDATE sbtest5 SET c='foobar' WHERE id=7968045
	Update on sbtest5  (cost=0.43..8.45 rows=0 width=0)
	  ->  Index Scan using sbtest5_pkey on sbtest5  (cost=0.43..8.45 rows=1 width=490)
	        Index Cond: (id = 7968045)

table 6 : explain UPDATE sbtest6 SET c='foobar' WHERE id=3633841
	Update on sbtest6  (cost=0.43..8.45 rows=0 width=0)
	  ->  Index Scan using sbtest6_pkey on sbtest6  (cost=0.43..8.45 rows=1 width=490)
	        Index Cond: (id = 3633841)

table 7 : explain UPDATE sbtest7 SET c='foobar' WHERE id=428348
	Update on sbtest7  (cost=0.43..8.45 rows=0 width=0)
	  ->  Index Scan using sbtest7_pkey on sbtest7  (cost=0.43..8.45 rows=1 width=490)
	        Index Cond: (id = 428348)

table 8 : explain UPDATE sbtest8 SET c='foobar' WHERE id=9068367
	Update on sbtest8  (cost=0.43..8.45 rows=0 width=0)
	  ->  Index Scan using sbtest8_pkey on sbtest8  (cost=0.43..8.45 rows=1 width=490)
	        Index Cond: (id = 9068367)

for deletes
table 1 : explain DELETE FROM sbtest1 WHERE id=386566
	Delete on sbtest1  (cost=0.43..8.45 rows=0 width=0)
	  ->  Index Scan using sbtest1_pkey on sbtest1  (cost=0.43..8.45 rows=1 width=6)
	        Index Cond: (id = 386566)

table 2 : explain DELETE FROM sbtest2 WHERE id=1217722
	Delete on sbtest2  (cost=0.43..8.45 rows=0 width=0)
	  ->  Index Scan using sbtest2_pkey on sbtest2  (cost=0.43..8.45 rows=1 width=6)
	        Index Cond: (id = 1217722)

table 3 : explain DELETE FROM sbtest3 WHERE id=2378695
	Delete on sbtest3  (cost=0.43..8.45 rows=0 width=0)
	  ->  Index Scan using sbtest3_pkey on sbtest3  (cost=0.43..8.45 rows=1 width=6)
	        Index Cond: (id = 2378695)

table 4 : explain DELETE FROM sbtest4 WHERE id=3498190
	Delete on sbtest4  (cost=0.43..8.45 rows=0 width=0)
	  ->  Index Scan using sbtest4_pkey on sbtest4  (cost=0.43..8.45 rows=1 width=6)
	        Index Cond: (id = 3498190)

table 5 : explain DELETE FROM sbtest5 WHERE id=307473
	Delete on sbtest5  (cost=0.43..8.45 rows=0 width=0)
	  ->  Index Scan using sbtest5_pkey on sbtest5  (cost=0.43..8.45 rows=1 width=6)
	        Index Cond: (id = 307473)

table 6 : explain DELETE FROM sbtest6 WHERE id=9044862
	Delete on sbtest6  (cost=0.43..8.45 rows=0 width=0)
	  ->  Index Scan using sbtest6_pkey on sbtest6  (cost=0.43..8.45 rows=1 width=6)
	        Index Cond: (id = 9044862)

table 7 : explain DELETE FROM sbtest7 WHERE id=8652794
	Delete on sbtest7  (cost=0.43..8.45 rows=0 width=0)
	  ->  Index Scan using sbtest7_pkey on sbtest7  (cost=0.43..8.45 rows=1 width=6)
	        Index Cond: (id = 8652794)

table 8 : explain DELETE FROM sbtest8 WHERE id=5657281
	Delete on sbtest8  (cost=0.43..8.45 rows=0 width=0)
	  ->  Index Scan using sbtest8_pkey on sbtest8  (cost=0.43..8.45 rows=1 width=6)
	        Index Cond: (id = 5657281)

for inserts
table 1 : explain INSERT INTO sbtest1 (id, k, c, pad) VALUES (986657, 13, 'foobar', 'foobar')
	Insert on sbtest1  (cost=0.00..0.01 rows=0 width=0)
	  ->  Result  (cost=0.00..0.01 rows=1 width=736)

table 2 : explain INSERT INTO sbtest2 (id, k, c, pad) VALUES (701599, 13, 'foobar', 'foobar')
	Insert on sbtest2  (cost=0.00..0.01 rows=0 width=0)
	  ->  Result  (cost=0.00..0.01 rows=1 width=736)

table 3 : explain INSERT INTO sbtest3 (id, k, c, pad) VALUES (6842453, 13, 'foobar', 'foobar')
	Insert on sbtest3  (cost=0.00..0.01 rows=0 width=0)
	  ->  Result  (cost=0.00..0.01 rows=1 width=736)

table 4 : explain INSERT INTO sbtest4 (id, k, c, pad) VALUES (1204161, 13, 'foobar', 'foobar')
	Insert on sbtest4  (cost=0.00..0.01 rows=0 width=0)
	  ->  Result  (cost=0.00..0.01 rows=1 width=736)

table 5 : explain INSERT INTO sbtest5 (id, k, c, pad) VALUES (5921709, 13, 'foobar', 'foobar')
	Insert on sbtest5  (cost=0.00..0.01 rows=0 width=0)
	  ->  Result  (cost=0.00..0.01 rows=1 width=736)

table 6 : explain INSERT INTO sbtest6 (id, k, c, pad) VALUES (1722496, 13, 'foobar', 'foobar')
	Insert on sbtest6  (cost=0.00..0.01 rows=0 width=0)
	  ->  Result  (cost=0.00..0.01 rows=1 width=736)

table 7 : explain INSERT INTO sbtest7 (id, k, c, pad) VALUES (7383941, 13, 'foobar', 'foobar')
	Insert on sbtest7  (cost=0.00..0.01 rows=0 width=0)
	  ->  Result  (cost=0.00..0.01 rows=1 width=736)

table 8 : explain INSERT INTO sbtest8 (id, k, c, pad) VALUES (267554, 13, 'foobar', 'foobar')
	Insert on sbtest8  (cost=0.00..0.01 rows=0 width=0)
	  ->  Result  (cost=0.00..0.01 rows=1 width=736)

for non_index_updates
table 1 : explain UPDATE sbtest1 SET c='foobar' WHERE id=3378271
	Update on sbtest1  (cost=0.43..8.45 rows=0 width=0)
	  ->  Index Scan using sbtest1_pkey on sbtest1  (cost=0.43..8.45 rows=1 width=490)
	        Index Cond: (id = 3378271)

table 2 : explain UPDATE sbtest2 SET c='foobar' WHERE id=9867078
	Update on sbtest2  (cost=0.43..8.45 rows=0 width=0)
	  ->  Index Scan using sbtest2_pkey on sbtest2  (cost=0.43..8.45 rows=1 width=490)
	        Index Cond: (id = 9867078)

table 3 : explain UPDATE sbtest3 SET c='foobar' WHERE id=9855665
	Update on sbtest3  (cost=0.43..8.45 rows=0 width=0)
	  ->  Index Scan using sbtest3_pkey on sbtest3  (cost=0.43..8.45 rows=1 width=490)
	        Index Cond: (id = 9855665)

table 4 : explain UPDATE sbtest4 SET c='foobar' WHERE id=6056522
	Update on sbtest4  (cost=0.43..8.45 rows=0 width=0)
	  ->  Index Scan using sbtest4_pkey on sbtest4  (cost=0.43..8.45 rows=1 width=490)
	        Index Cond: (id = 6056522)

table 5 : explain UPDATE sbtest5 SET c='foobar' WHERE id=9281079
	Update on sbtest5  (cost=0.43..8.45 rows=0 width=0)
	  ->  Index Scan using sbtest5_pkey on sbtest5  (cost=0.43..8.45 rows=1 width=490)
	        Index Cond: (id = 9281079)

table 6 : explain UPDATE sbtest6 SET c='foobar' WHERE id=4464531
	Update on sbtest6  (cost=0.43..8.45 rows=0 width=0)
	  ->  Index Scan using sbtest6_pkey on sbtest6  (cost=0.43..8.45 rows=1 width=490)
	        Index Cond: (id = 4464531)

table 7 : explain UPDATE sbtest7 SET c='foobar' WHERE id=3230646
	Update on sbtest7  (cost=0.43..8.45 rows=0 width=0)
	  ->  Index Scan using sbtest7_pkey on sbtest7  (cost=0.43..8.45 rows=1 width=490)
	        Index Cond: (id = 3230646)

table 8 : explain UPDATE sbtest8 SET c='foobar' WHERE id=3583435
	Update on sbtest8  (cost=0.43..8.45 rows=0 width=0)
	  ->  Index Scan using sbtest8_pkey on sbtest8  (cost=0.43..8.45 rows=1 width=490)
	        Index Cond: (id = 3583435)

explain: for deletes :: explain DELETE FROM sbtest%u WHERE id=%u
explain: for deletes :: explain DELETE FROM sbtest%u WHERE id=%u
for index_updates
table 1 : explain UPDATE sbtest1 SET k=k+1 WHERE id=1270699
	Update on sbtest1  (cost=0.43..8.46 rows=0 width=0)
	  ->  Index Scan using sbtest1_pkey on sbtest1  (cost=0.43..8.46 rows=1 width=10)
	        Index Cond: (id = 1270699)

table 2 : explain UPDATE sbtest2 SET k=k+1 WHERE id=6919638
	Update on sbtest2  (cost=0.43..8.46 rows=0 width=0)
	  ->  Index Scan using sbtest2_pkey on sbtest2  (cost=0.43..8.46 rows=1 width=10)
	        Index Cond: (id = 6919638)

table 3 : explain UPDATE sbtest3 SET k=k+1 WHERE id=1940293
	Update on sbtest3  (cost=0.43..8.46 rows=0 width=0)
	  ->  Index Scan using sbtest3_pkey on sbtest3  (cost=0.43..8.46 rows=1 width=10)
	        Index Cond: (id = 1940293)

table 4 : explain UPDATE sbtest4 SET k=k+1 WHERE id=1768405
	Update on sbtest4  (cost=0.43..8.46 rows=0 width=0)
	  ->  Index Scan using sbtest4_pkey on sbtest4  (cost=0.43..8.46 rows=1 width=10)
	        Index Cond: (id = 1768405)

table 5 : explain UPDATE sbtest5 SET k=k+1 WHERE id=3857827
	Update on sbtest5  (cost=0.43..8.46 rows=0 width=0)
	  ->  Index Scan using sbtest5_pkey on sbtest5  (cost=0.43..8.46 rows=1 width=10)
	        Index Cond: (id = 3857827)

table 6 : explain UPDATE sbtest6 SET k=k+1 WHERE id=1161749
	Update on sbtest6  (cost=0.43..8.46 rows=0 width=0)
	  ->  Index Scan using sbtest6_pkey on sbtest6  (cost=0.43..8.46 rows=1 width=10)
	        Index Cond: (id = 1161749)

table 7 : explain UPDATE sbtest7 SET k=k+1 WHERE id=5399972
	Update on sbtest7  (cost=0.43..8.46 rows=0 width=0)
	  ->  Index Scan using sbtest7_pkey on sbtest7  (cost=0.43..8.46 rows=1 width=10)
	        Index Cond: (id = 5399972)

table 8 : explain UPDATE sbtest8 SET k=k+1 WHERE id=3105448
	Update on sbtest8  (cost=0.43..8.46 rows=0 width=0)
	  ->  Index Scan using sbtest8_pkey on sbtest8  (cost=0.43..8.46 rows=1 width=10)
	        Index Cond: (id = 3105448)

explain: for inserts :: explain INSERT INTO sbtest%u (id, k, c, pad) VALUES (%u, 13, 'foobar', 'foobar')
for deletes
table 1 : explain DELETE FROM sbtest1 WHERE id=4825855
	Delete on sbtest1  (cost=0.43..8.45 rows=0 width=0)
	  ->  Index Scan using sbtest1_pkey on sbtest1  (cost=0.43..8.45 rows=1 width=6)
	        Index Cond: (id = 4825855)

table 2 : explain DELETE FROM sbtest2 WHERE id=4136997
	Delete on sbtest2  (cost=0.43..8.45 rows=0 width=0)
	  ->  Index Scan using sbtest2_pkey on sbtest2  (cost=0.43..8.45 rows=1 width=6)
	        Index Cond: (id = 4136997)

table 3 : explain DELETE FROM sbtest3 WHERE id=1319937
	Delete on sbtest3  (cost=0.43..8.45 rows=0 width=0)
	  ->  Index Scan using sbtest3_pkey on sbtest3  (cost=0.43..8.45 rows=1 width=6)
	        Index Cond: (id = 1319937)

table 4 : explain DELETE FROM sbtest4 WHERE id=3523848
	Delete on sbtest4  (cost=0.43..8.45 rows=0 width=0)
	  ->  Index Scan using sbtest4_pkey on sbtest4  (cost=0.43..8.45 rows=1 width=6)
	        Index Cond: (id = 3523848)

table 5 : explain DELETE FROM sbtest5 WHERE id=8974351
	Delete on sbtest5  (cost=0.43..8.45 rows=0 width=0)
	  ->  Index Scan using sbtest5_pkey on sbtest5  (cost=0.43..8.45 rows=1 width=6)
	        Index Cond: (id = 8974351)

table 6 : explain DELETE FROM sbtest6 WHERE id=9357351
	Delete on sbtest6  (cost=0.43..8.45 rows=0 width=0)
	  ->  Index Scan using sbtest6_pkey on sbtest6  (cost=0.43..8.45 rows=1 width=6)
	        Index Cond: (id = 9357351)

table 7 : explain DELETE FROM sbtest7 WHERE id=9812198
	Delete on sbtest7  (cost=0.43..8.45 rows=0 width=0)
	  ->  Index Scan using sbtest7_pkey on sbtest7  (cost=0.43..8.45 rows=1 width=6)
	        Index Cond: (id = 9812198)

table 8 : explain DELETE FROM sbtest8 WHERE id=1926129
	Delete on sbtest8  (cost=0.43..8.45 rows=0 width=0)
	  ->  Index Scan using sbtest8_pkey on sbtest8  (cost=0.43..8.45 rows=1 width=6)
	        Index Cond: (id = 1926129)

for: distinct_ranges
table 1 : explain SELECT DISTINCT c FROM sbtest1 WHERE id BETWEEN 827688 AND 827787 ORDER BY c
	Unique  (cost=432.70..433.25 rows=109 width=121)
	  ->  Sort  (cost=432.70..432.97 rows=109 width=121)
	        Sort Key: c
	        ->  Index Scan using sbtest1_pkey on sbtest1  (cost=0.43..429.01 rows=109 width=121)
	              Index Cond: ((id >= 827688) AND (id <= 827787))

table 2 : explain SELECT DISTINCT c FROM sbtest2 WHERE id BETWEEN 1589424 AND 1589523 ORDER BY c
	Unique  (cost=365.78..366.24 rows=92 width=121)
	  ->  Sort  (cost=365.78..366.01 rows=92 width=121)
	        Sort Key: c
	        ->  Index Scan using sbtest2_pkey on sbtest2  (cost=0.43..362.78 rows=92 width=121)
	              Index Cond: ((id >= 1589424) AND (id <= 1589523))

table 3 : explain SELECT DISTINCT c FROM sbtest3 WHERE id BETWEEN 3292658 AND 3292757 ORDER BY c
	Unique  (cost=399.89..400.39 rows=101 width=121)
	  ->  Sort  (cost=399.89..400.14 rows=101 width=121)
	        Sort Key: c
	        ->  Index Scan using sbtest3_pkey on sbtest3  (cost=0.43..396.53 rows=101 width=121)
	              Index Cond: ((id >= 3292658) AND (id <= 3292757))

table 4 : explain SELECT DISTINCT c FROM sbtest4 WHERE id BETWEEN 3285893 AND 3285992 ORDER BY c
	Unique  (cost=411.30..411.82 rows=104 width=121)
	  ->  Sort  (cost=411.30..411.56 rows=104 width=121)
	        Sort Key: c
	        ->  Index Scan using sbtest4_pkey on sbtest4  (cost=0.43..407.82 rows=104 width=121)
	              Index Cond: ((id >= 3285893) AND (id <= 3285992))

table 5 : explain SELECT DISTINCT c FROM sbtest5 WHERE id BETWEEN 8571103 AND 8571202 ORDER BY c
	Unique  (cost=398.66..399.17 rows=101 width=121)
	  ->  Sort  (cost=398.66..398.91 rows=101 width=121)
	        Sort Key: c
	        ->  Index Scan using sbtest5_pkey on sbtest5  (cost=0.43..395.30 rows=101 width=121)
	              Index Cond: ((id >= 8571103) AND (id <= 8571202))

table 6 : explain SELECT DISTINCT c FROM sbtest6 WHERE id BETWEEN 5285113 AND 5285212 ORDER BY c
	Unique  (cost=415.92..416.44 rows=105 width=121)
	  ->  Sort  (cost=415.92..416.18 rows=105 width=121)
	        Sort Key: c
	        ->  Index Scan using sbtest6_pkey on sbtest6  (cost=0.43..412.39 rows=105 width=121)
	              Index Cond: ((id >= 5285113) AND (id <= 5285212))

table 7 : explain SELECT DISTINCT c FROM sbtest7 WHERE id BETWEEN 4354645 AND 4354744 ORDER BY c
	Unique  (cost=413.43..413.95 rows=105 width=121)
	  ->  Sort  (cost=413.43..413.69 rows=105 width=121)
	        Sort Key: c
	        ->  Index Scan using sbtest7_pkey on sbtest7  (cost=0.43..409.90 rows=105 width=121)
	              Index Cond: ((id >= 4354645) AND (id <= 4354744))

table 8 : explain SELECT DISTINCT c FROM sbtest8 WHERE id BETWEEN 5238141 AND 5238240 ORDER BY c
	Unique  (cost=400.30..400.81 rows=102 width=121)
	  ->  Sort  (cost=400.30..400.56 rows=102 width=121)
	        Sort Key: c
	        ->  Index Scan using sbtest8_pkey on sbtest8  (cost=0.43..396.90 rows=102 width=121)
	              Index Cond: ((id >= 5238141) AND (id <= 5238240))

explain: for non_index_updates :: explain UPDATE sbtest%u SET c='foobar' WHERE id=%u
for deletes
table 1 : explain DELETE FROM sbtest1 WHERE id=3343897
	Delete on sbtest1  (cost=0.43..8.45 rows=0 width=0)
	  ->  Index Scan using sbtest1_pkey on sbtest1  (cost=0.43..8.45 rows=1 width=6)
	        Index Cond: (id = 3343897)

table 2 : explain DELETE FROM sbtest2 WHERE id=3555268
	Delete on sbtest2  (cost=0.43..8.45 rows=0 width=0)
	  ->  Index Scan using sbtest2_pkey on sbtest2  (cost=0.43..8.45 rows=1 width=6)
	        Index Cond: (id = 3555268)

table 3 : explain DELETE FROM sbtest3 WHERE id=2457384
	Delete on sbtest3  (cost=0.43..8.45 rows=0 width=0)
	  ->  Index Scan using sbtest3_pkey on sbtest3  (cost=0.43..8.45 rows=1 width=6)
	        Index Cond: (id = 2457384)

table 4 : explain DELETE FROM sbtest4 WHERE id=5359987
	Delete on sbtest4  (cost=0.43..8.45 rows=0 width=0)
	  ->  Index Scan using sbtest4_pkey on sbtest4  (cost=0.43..8.45 rows=1 width=6)
	        Index Cond: (id = 5359987)

table 5 : explain DELETE FROM sbtest5 WHERE id=1758730
	Delete on sbtest5  (cost=0.43..8.45 rows=0 width=0)
	  ->  Index Scan using sbtest5_pkey on sbtest5  (cost=0.43..8.45 rows=1 width=6)
	        Index Cond: (id = 1758730)

table 6 : explain DELETE FROM sbtest6 WHERE id=142548
	Delete on sbtest6  (cost=0.43..8.45 rows=0 width=0)
	  ->  Index Scan using sbtest6_pkey on sbtest6  (cost=0.43..8.45 rows=1 width=6)
	        Index Cond: (id = 142548)

table 7 : explain DELETE FROM sbtest7 WHERE id=2266653
	Delete on sbtest7  (cost=0.43..8.45 rows=0 width=0)
	  ->  Index Scan using sbtest7_pkey on sbtest7  (cost=0.43..8.45 rows=1 width=6)
	        Index Cond: (id = 2266653)

table 8 : explain DELETE FROM sbtest8 WHERE id=5119402
	Delete on sbtest8  (cost=0.43..8.45 rows=0 width=0)
	  ->  Index Scan using sbtest8_pkey on sbtest8  (cost=0.43..8.45 rows=1 width=6)
	        Index Cond: (id = 5119402)

for inserts
table 1 : explain INSERT INTO sbtest1 (id, k, c, pad) VALUES (8762645, 13, 'foobar', 'foobar')
	Insert on sbtest1  (cost=0.00..0.01 rows=0 width=0)
	  ->  Result  (cost=0.00..0.01 rows=1 width=736)

table 2 : explain INSERT INTO sbtest2 (id, k, c, pad) VALUES (3426016, 13, 'foobar', 'foobar')
	Insert on sbtest2  (cost=0.00..0.01 rows=0 width=0)
	  ->  Result  (cost=0.00..0.01 rows=1 width=736)

table 3 : explain INSERT INTO sbtest3 (id, k, c, pad) VALUES (1995045, 13, 'foobar', 'foobar')
	Insert on sbtest3  (cost=0.00..0.01 rows=0 width=0)
	  ->  Result  (cost=0.00..0.01 rows=1 width=736)

table 4 : explain INSERT INTO sbtest4 (id, k, c, pad) VALUES (8013509, 13, 'foobar', 'foobar')
	Insert on sbtest4  (cost=0.00..0.01 rows=0 width=0)
	  ->  Result  (cost=0.00..0.01 rows=1 width=736)

table 5 : explain INSERT INTO sbtest5 (id, k, c, pad) VALUES (742423, 13, 'foobar', 'foobar')
	Insert on sbtest5  (cost=0.00..0.01 rows=0 width=0)
	  ->  Result  (cost=0.00..0.01 rows=1 width=736)

table 6 : explain INSERT INTO sbtest6 (id, k, c, pad) VALUES (9760864, 13, 'foobar', 'foobar')
	Insert on sbtest6  (cost=0.00..0.01 rows=0 width=0)
	  ->  Result  (cost=0.00..0.01 rows=1 width=736)

table 7 : explain INSERT INTO sbtest7 (id, k, c, pad) VALUES (8400634, 13, 'foobar', 'foobar')
	Insert on sbtest7  (cost=0.00..0.01 rows=0 width=0)
	  ->  Result  (cost=0.00..0.01 rows=1 width=736)

table 8 : explain INSERT INTO sbtest8 (id, k, c, pad) VALUES (2119866, 13, 'foobar', 'foobar')
	Insert on sbtest8  (cost=0.00..0.01 rows=0 width=0)
	  ->  Result  (cost=0.00..0.01 rows=1 width=736)

explain: for index_updates :: explain UPDATE sbtest%u SET k=k+1 WHERE id=%u
explain: for inserts :: explain INSERT INTO sbtest%u (id, k, c, pad) VALUES (%u, 13, 'foobar', 'foobar')
for non_index_updates
table 1 : explain UPDATE sbtest1 SET c='foobar' WHERE id=5726560
	Update on sbtest1  (cost=0.43..8.45 rows=0 width=0)
	  ->  Index Scan using sbtest1_pkey on sbtest1  (cost=0.43..8.45 rows=1 width=490)
	        Index Cond: (id = 5726560)

table 2 : explain UPDATE sbtest2 SET c='foobar' WHERE id=3310072
	Update on sbtest2  (cost=0.43..8.45 rows=0 width=0)
	  ->  Index Scan using sbtest2_pkey on sbtest2  (cost=0.43..8.45 rows=1 width=490)
	        Index Cond: (id = 3310072)

table 3 : explain UPDATE sbtest3 SET c='foobar' WHERE id=3142499
	Update on sbtest3  (cost=0.43..8.45 rows=0 width=0)
	  ->  Index Scan using sbtest3_pkey on sbtest3  (cost=0.43..8.45 rows=1 width=490)
	        Index Cond: (id = 3142499)

table 4 : explain UPDATE sbtest4 SET c='foobar' WHERE id=7014774
	Update on sbtest4  (cost=0.43..8.45 rows=0 width=0)
	  ->  Index Scan using sbtest4_pkey on sbtest4  (cost=0.43..8.45 rows=1 width=490)
	        Index Cond: (id = 7014774)

table 5 : explain UPDATE sbtest5 SET c='foobar' WHERE id=1631039
	Update on sbtest5  (cost=0.43..8.45 rows=0 width=0)
	  ->  Index Scan using sbtest5_pkey on sbtest5  (cost=0.43..8.45 rows=1 width=490)
	        Index Cond: (id = 1631039)

table 6 : explain UPDATE sbtest6 SET c='foobar' WHERE id=4556149
	Update on sbtest6  (cost=0.43..8.45 rows=0 width=0)
	  ->  Index Scan using sbtest6_pkey on sbtest6  (cost=0.43..8.45 rows=1 width=490)
	        Index Cond: (id = 4556149)

table 7 : explain UPDATE sbtest7 SET c='foobar' WHERE id=755042
	Update on sbtest7  (cost=0.43..8.45 rows=0 width=0)
	  ->  Index Scan using sbtest7_pkey on sbtest7  (cost=0.43..8.45 rows=1 width=490)
	        Index Cond: (id = 755042)

table 8 : explain UPDATE sbtest8 SET c='foobar' WHERE id=9980028
	Update on sbtest8  (cost=0.43..8.45 rows=0 width=0)
	  ->  Index Scan using sbtest8_pkey on sbtest8  (cost=0.43..8.45 rows=1 width=490)
	        Index Cond: (id = 9980028)

for inserts
table 1 : explain INSERT INTO sbtest1 (id, k, c, pad) VALUES (2149073, 13, 'foobar', 'foobar')
	Insert on sbtest1  (cost=0.00..0.01 rows=0 width=0)
	  ->  Result  (cost=0.00..0.01 rows=1 width=736)

table 2 : explain INSERT INTO sbtest2 (id, k, c, pad) VALUES (8477767, 13, 'foobar', 'foobar')
	Insert on sbtest2  (cost=0.00..0.01 rows=0 width=0)
	  ->  Result  (cost=0.00..0.01 rows=1 width=736)

table 3 : explain INSERT INTO sbtest3 (id, k, c, pad) VALUES (3228486, 13, 'foobar', 'foobar')
	Insert on sbtest3  (cost=0.00..0.01 rows=0 width=0)
	  ->  Result  (cost=0.00..0.01 rows=1 width=736)

table 4 : explain INSERT INTO sbtest4 (id, k, c, pad) VALUES (2872605, 13, 'foobar', 'foobar')
	Insert on sbtest4  (cost=0.00..0.01 rows=0 width=0)
	  ->  Result  (cost=0.00..0.01 rows=1 width=736)

table 5 : explain INSERT INTO sbtest5 (id, k, c, pad) VALUES (9372688, 13, 'foobar', 'foobar')
	Insert on sbtest5  (cost=0.00..0.01 rows=0 width=0)
	  ->  Result  (cost=0.00..0.01 rows=1 width=736)

table 6 : explain INSERT INTO sbtest6 (id, k, c, pad) VALUES (7516132, 13, 'foobar', 'foobar')
	Insert on sbtest6  (cost=0.00..0.01 rows=0 width=0)
	  ->  Result  (cost=0.00..0.01 rows=1 width=736)

table 7 : explain INSERT INTO sbtest7 (id, k, c, pad) VALUES (8694559, 13, 'foobar', 'foobar')
	Insert on sbtest7  (cost=0.00..0.01 rows=0 width=0)
	  ->  Result  (cost=0.00..0.01 rows=1 width=736)

table 8 : explain INSERT INTO sbtest8 (id, k, c, pad) VALUES (4358510, 13, 'foobar', 'foobar')
	Insert on sbtest8  (cost=0.00..0.01 rows=0 width=0)
	  ->  Result  (cost=0.00..0.01 rows=1 width=736)

for index_updates
table 1 : explain UPDATE sbtest1 SET k=k+1 WHERE id=8979021
	Update on sbtest1  (cost=0.43..8.46 rows=0 width=0)
	  ->  Index Scan using sbtest1_pkey on sbtest1  (cost=0.43..8.46 rows=1 width=10)
	        Index Cond: (id = 8979021)

table 2 : explain UPDATE sbtest2 SET k=k+1 WHERE id=4765727
	Update on sbtest2  (cost=0.43..8.46 rows=0 width=0)
	  ->  Index Scan using sbtest2_pkey on sbtest2  (cost=0.43..8.46 rows=1 width=10)
	        Index Cond: (id = 4765727)

table 3 : explain UPDATE sbtest3 SET k=k+1 WHERE id=6112775
	Update on sbtest3  (cost=0.43..8.46 rows=0 width=0)
	  ->  Index Scan using sbtest3_pkey on sbtest3  (cost=0.43..8.46 rows=1 width=10)
	        Index Cond: (id = 6112775)

table 4 : explain UPDATE sbtest4 SET k=k+1 WHERE id=5864636
	Update on sbtest4  (cost=0.43..8.46 rows=0 width=0)
	  ->  Index Scan using sbtest4_pkey on sbtest4  (cost=0.43..8.46 rows=1 width=10)
	        Index Cond: (id = 5864636)

table 5 : explain UPDATE sbtest5 SET k=k+1 WHERE id=673660
	Update on sbtest5  (cost=0.43..8.46 rows=0 width=0)
	  ->  Index Scan using sbtest5_pkey on sbtest5  (cost=0.43..8.46 rows=1 width=10)
	        Index Cond: (id = 673660)

table 6 : explain UPDATE sbtest6 SET k=k+1 WHERE id=2219244
	Update on sbtest6  (cost=0.43..8.46 rows=0 width=0)
	  ->  Index Scan using sbtest6_pkey on sbtest6  (cost=0.43..8.46 rows=1 width=10)
	        Index Cond: (id = 2219244)

table 7 : explain UPDATE sbtest7 SET k=k+1 WHERE id=7080409
	Update on sbtest7  (cost=0.43..8.46 rows=0 width=0)
	  ->  Index Scan using sbtest7_pkey on sbtest7  (cost=0.43..8.46 rows=1 width=10)
	        Index Cond: (id = 7080409)

table 8 : explain UPDATE sbtest8 SET k=k+1 WHERE id=7715578
	Update on sbtest8  (cost=0.43..8.46 rows=0 width=0)
	  ->  Index Scan using sbtest8_pkey on sbtest8  (cost=0.43..8.46 rows=1 width=10)
	        Index Cond: (id = 7715578)

explain: for deletes :: explain DELETE FROM sbtest%u WHERE id=%u
for point_selects
table 1 : explain SELECT c FROM sbtest1 WHERE id=3008120
	Index Scan using sbtest1_pkey on sbtest1  (cost=0.43..8.45 rows=1 width=121)
	  Index Cond: (id = 3008120)

table 2 : explain SELECT c FROM sbtest2 WHERE id=4994682
	Index Scan using sbtest2_pkey on sbtest2  (cost=0.43..8.45 rows=1 width=121)
	  Index Cond: (id = 4994682)

table 3 : explain SELECT c FROM sbtest3 WHERE id=1016775
	Index Scan using sbtest3_pkey on sbtest3  (cost=0.43..8.45 rows=1 width=121)
	  Index Cond: (id = 1016775)

table 4 : explain SELECT c FROM sbtest4 WHERE id=855748
	Index Scan using sbtest4_pkey on sbtest4  (cost=0.43..8.45 rows=1 width=121)
	  Index Cond: (id = 855748)

table 5 : explain SELECT c FROM sbtest5 WHERE id=8750019
	Index Scan using sbtest5_pkey on sbtest5  (cost=0.43..8.45 rows=1 width=121)
	  Index Cond: (id = 8750019)

table 6 : explain SELECT c FROM sbtest6 WHERE id=1782040
	Index Scan using sbtest6_pkey on sbtest6  (cost=0.43..8.45 rows=1 width=121)
	  Index Cond: (id = 1782040)

table 7 : explain SELECT c FROM sbtest7 WHERE id=4449116
	Index Scan using sbtest7_pkey on sbtest7  (cost=0.43..8.45 rows=1 width=121)
	  Index Cond: (id = 4449116)

table 8 : explain SELECT c FROM sbtest8 WHERE id=3063810
	Index Scan using sbtest8_pkey on sbtest8  (cost=0.43..8.45 rows=1 width=121)
	  Index Cond: (id = 3063810)

explain: for non_index_updates :: explain UPDATE sbtest%u SET c='foobar' WHERE id=%u
for deletes
table 1 : explain DELETE FROM sbtest1 WHERE id=8363479
	Delete on sbtest1  (cost=0.43..8.45 rows=0 width=0)
	  ->  Index Scan using sbtest1_pkey on sbtest1  (cost=0.43..8.45 rows=1 width=6)
	        Index Cond: (id = 8363479)

table 2 : explain DELETE FROM sbtest2 WHERE id=9033472
	Delete on sbtest2  (cost=0.43..8.45 rows=0 width=0)
	  ->  Index Scan using sbtest2_pkey on sbtest2  (cost=0.43..8.45 rows=1 width=6)
	        Index Cond: (id = 9033472)

table 3 : explain DELETE FROM sbtest3 WHERE id=2221563
	Delete on sbtest3  (cost=0.43..8.45 rows=0 width=0)
	  ->  Index Scan using sbtest3_pkey on sbtest3  (cost=0.43..8.45 rows=1 width=6)
	        Index Cond: (id = 2221563)

table 4 : explain DELETE FROM sbtest4 WHERE id=7963508
	Delete on sbtest4  (cost=0.43..8.45 rows=0 width=0)
	  ->  Index Scan using sbtest4_pkey on sbtest4  (cost=0.43..8.45 rows=1 width=6)
	        Index Cond: (id = 7963508)

table 5 : explain DELETE FROM sbtest5 WHERE id=3898546
	Delete on sbtest5  (cost=0.43..8.45 rows=0 width=0)
	  ->  Index Scan using sbtest5_pkey on sbtest5  (cost=0.43..8.45 rows=1 width=6)
	        Index Cond: (id = 3898546)

table 6 : explain DELETE FROM sbtest6 WHERE id=4327650
	Delete on sbtest6  (cost=0.43..8.45 rows=0 width=0)
	  ->  Index Scan using sbtest6_pkey on sbtest6  (cost=0.43..8.45 rows=1 width=6)
	        Index Cond: (id = 4327650)

table 7 : explain DELETE FROM sbtest7 WHERE id=86997
	Delete on sbtest7  (cost=0.43..8.45 rows=0 width=0)
	  ->  Index Scan using sbtest7_pkey on sbtest7  (cost=0.43..8.45 rows=1 width=6)
	        Index Cond: (id = 86997)

table 8 : explain DELETE FROM sbtest8 WHERE id=5039299
	Delete on sbtest8  (cost=0.43..8.45 rows=0 width=0)
	  ->  Index Scan using sbtest8_pkey on sbtest8  (cost=0.43..8.45 rows=1 width=6)
	        Index Cond: (id = 5039299)

for non_index_updates
table 1 : explain UPDATE sbtest1 SET c='foobar' WHERE id=786526
	Update on sbtest1  (cost=0.43..8.45 rows=0 width=0)
	  ->  Index Scan using sbtest1_pkey on sbtest1  (cost=0.43..8.45 rows=1 width=490)
	        Index Cond: (id = 786526)

table 2 : explain UPDATE sbtest2 SET c='foobar' WHERE id=1474471
	Update on sbtest2  (cost=0.43..8.45 rows=0 width=0)
	  ->  Index Scan using sbtest2_pkey on sbtest2  (cost=0.43..8.45 rows=1 width=490)
	        Index Cond: (id = 1474471)

table 3 : explain UPDATE sbtest3 SET c='foobar' WHERE id=5695280
	Update on sbtest3  (cost=0.43..8.45 rows=0 width=0)
	  ->  Index Scan using sbtest3_pkey on sbtest3  (cost=0.43..8.45 rows=1 width=490)
	        Index Cond: (id = 5695280)

table 4 : explain UPDATE sbtest4 SET c='foobar' WHERE id=3360522
	Update on sbtest4  (cost=0.43..8.45 rows=0 width=0)
	  ->  Index Scan using sbtest4_pkey on sbtest4  (cost=0.43..8.45 rows=1 width=490)
	        Index Cond: (id = 3360522)

table 5 : explain UPDATE sbtest5 SET c='foobar' WHERE id=6454407
	Update on sbtest5  (cost=0.43..8.45 rows=0 width=0)
	  ->  Index Scan using sbtest5_pkey on sbtest5  (cost=0.43..8.45 rows=1 width=490)
	        Index Cond: (id = 6454407)

table 6 : explain UPDATE sbtest6 SET c='foobar' WHERE id=6319947
	Update on sbtest6  (cost=0.43..8.45 rows=0 width=0)
	  ->  Index Scan using sbtest6_pkey on sbtest6  (cost=0.43..8.45 rows=1 width=490)
	        Index Cond: (id = 6319947)

table 7 : explain UPDATE sbtest7 SET c='foobar' WHERE id=794179
	Update on sbtest7  (cost=0.43..8.45 rows=0 width=0)
	  ->  Index Scan using sbtest7_pkey on sbtest7  (cost=0.43..8.45 rows=1 width=490)
	        Index Cond: (id = 794179)

table 8 : explain UPDATE sbtest8 SET c='foobar' WHERE id=5740933
	Update on sbtest8  (cost=0.43..8.45 rows=0 width=0)
	  ->  Index Scan using sbtest8_pkey on sbtest8  (cost=0.43..8.45 rows=1 width=490)
	        Index Cond: (id = 5740933)

for index_updates
table 1 : explain UPDATE sbtest1 SET k=k+1 WHERE id=5267711
	Update on sbtest1  (cost=0.43..8.46 rows=0 width=0)
	  ->  Index Scan using sbtest1_pkey on sbtest1  (cost=0.43..8.46 rows=1 width=10)
	        Index Cond: (id = 5267711)

table 2 : explain UPDATE sbtest2 SET k=k+1 WHERE id=4064013
	Update on sbtest2  (cost=0.43..8.46 rows=0 width=0)
	  ->  Index Scan using sbtest2_pkey on sbtest2  (cost=0.43..8.46 rows=1 width=10)
	        Index Cond: (id = 4064013)

table 3 : explain UPDATE sbtest3 SET k=k+1 WHERE id=7304928
	Update on sbtest3  (cost=0.43..8.46 rows=0 width=0)
	  ->  Index Scan using sbtest3_pkey on sbtest3  (cost=0.43..8.46 rows=1 width=10)
	        Index Cond: (id = 7304928)

table 4 : explain UPDATE sbtest4 SET k=k+1 WHERE id=4651869
	Update on sbtest4  (cost=0.43..8.46 rows=0 width=0)
	  ->  Index Scan using sbtest4_pkey on sbtest4  (cost=0.43..8.46 rows=1 width=10)
	        Index Cond: (id = 4651869)

table 5 : explain UPDATE sbtest5 SET k=k+1 WHERE id=6372428
	Update on sbtest5  (cost=0.43..8.46 rows=0 width=0)
	  ->  Index Scan using sbtest5_pkey on sbtest5  (cost=0.43..8.46 rows=1 width=10)
	        Index Cond: (id = 6372428)

table 6 : explain UPDATE sbtest6 SET k=k+1 WHERE id=9299239
	Update on sbtest6  (cost=0.43..8.46 rows=0 width=0)
	  ->  Index Scan using sbtest6_pkey on sbtest6  (cost=0.43..8.46 rows=1 width=10)
	        Index Cond: (id = 9299239)

table 7 : explain UPDATE sbtest7 SET k=k+1 WHERE id=7452405
	Update on sbtest7  (cost=0.43..8.46 rows=0 width=0)
	  ->  Index Scan using sbtest7_pkey on sbtest7  (cost=0.43..8.46 rows=1 width=10)
	        Index Cond: (id = 7452405)

table 8 : explain UPDATE sbtest8 SET k=k+1 WHERE id=6572841
	Update on sbtest8  (cost=0.43..8.46 rows=0 width=0)
	  ->  Index Scan using sbtest8_pkey on sbtest8  (cost=0.43..8.46 rows=1 width=10)
	        Index Cond: (id = 6572841)

explain: for deletes :: explain DELETE FROM sbtest%u WHERE id=%u
explain: for inserts :: explain INSERT INTO sbtest%u (id, k, c, pad) VALUES (%u, 13, 'foobar', 'foobar')
for: order_ranges
table 1 : explain SELECT c FROM sbtest1 WHERE id BETWEEN 1455622 AND 1455721 ORDER BY c
	Sort  (cost=444.51..444.79 rows=112 width=121)
	  Sort Key: c
	  ->  Index Scan using sbtest1_pkey on sbtest1  (cost=0.43..440.69 rows=112 width=121)
	        Index Cond: ((id >= 1455622) AND (id <= 1455721))

table 2 : explain SELECT c FROM sbtest2 WHERE id BETWEEN 9275665 AND 9275764 ORDER BY c
	Sort  (cost=409.08..409.34 rows=103 width=121)
	  Sort Key: c
	  ->  Index Scan using sbtest2_pkey on sbtest2  (cost=0.43..405.64 rows=103 width=121)
	        Index Cond: ((id >= 9275665) AND (id <= 9275764))

table 3 : explain SELECT c FROM sbtest3 WHERE id BETWEEN 39687 AND 39786 ORDER BY c
	Sort  (cost=411.65..411.91 rows=104 width=121)
	  Sort Key: c
	  ->  Index Scan using sbtest3_pkey on sbtest3  (cost=0.43..408.16 rows=104 width=121)
	        Index Cond: ((id >= 39687) AND (id <= 39786))

table 4 : explain SELECT c FROM sbtest4 WHERE id BETWEEN 1074035 AND 1074134 ORDER BY c
	Sort  (cost=360.35..360.58 rows=91 width=121)
	  Sort Key: c
	  ->  Index Scan using sbtest4_pkey on sbtest4  (cost=0.43..357.39 rows=91 width=121)
	        Index Cond: ((id >= 1074035) AND (id <= 1074134))

table 5 : explain SELECT c FROM sbtest5 WHERE id BETWEEN 832085 AND 832184 ORDER BY c
	Sort  (cost=386.90..387.15 rows=98 width=121)
	  Sort Key: c
	  ->  Index Scan using sbtest5_pkey on sbtest5  (cost=0.43..383.66 rows=98 width=121)
	        Index Cond: ((id >= 832085) AND (id <= 832184))

table 6 : explain SELECT c FROM sbtest6 WHERE id BETWEEN 9321671 AND 9321770 ORDER BY c
	Sort  (cost=384.50..384.74 rows=97 width=121)
	  Sort Key: c
	  ->  Index Scan using sbtest6_pkey on sbtest6  (cost=0.43..381.29 rows=97 width=121)
	        Index Cond: ((id >= 9321671) AND (id <= 9321770))

table 7 : explain SELECT c FROM sbtest7 WHERE id BETWEEN 4940589 AND 4940688 ORDER BY c
	Sort  (cost=393.93..394.18 rows=100 width=121)
	  Sort Key: c
	  ->  Index Scan using sbtest7_pkey on sbtest7  (cost=0.43..390.61 rows=100 width=121)
	        Index Cond: ((id >= 4940589) AND (id <= 4940688))

table 8 : explain SELECT c FROM sbtest8 WHERE id BETWEEN 5324202 AND 5324301 ORDER BY c
	Sort  (cost=341.99..342.20 rows=87 width=121)
	  Sort Key: c
	  ->  Index Scan using sbtest8_pkey on sbtest8  (cost=0.43..339.18 rows=87 width=121)
	        Index Cond: ((id >= 5324202) AND (id <= 5324301))

for point_selects
table 1 : explain SELECT c FROM sbtest1 WHERE id=7422976
	Index Scan using sbtest1_pkey on sbtest1  (cost=0.43..8.45 rows=1 width=121)
	  Index Cond: (id = 7422976)

table 2 : explain SELECT c FROM sbtest2 WHERE id=5020792
	Index Scan using sbtest2_pkey on sbtest2  (cost=0.43..8.45 rows=1 width=121)
	  Index Cond: (id = 5020792)

table 3 : explain SELECT c FROM sbtest3 WHERE id=4549298
	Index Scan using sbtest3_pkey on sbtest3  (cost=0.43..8.45 rows=1 width=121)
	  Index Cond: (id = 4549298)

table 4 : explain SELECT c FROM sbtest4 WHERE id=3582821
	Index Scan using sbtest4_pkey on sbtest4  (cost=0.43..8.45 rows=1 width=121)
	  Index Cond: (id = 3582821)

table 5 : explain SELECT c FROM sbtest5 WHERE id=3666118
	Index Scan using sbtest5_pkey on sbtest5  (cost=0.43..8.45 rows=1 width=121)
	  Index Cond: (id = 3666118)

table 6 : explain SELECT c FROM sbtest6 WHERE id=5312904
	Index Scan using sbtest6_pkey on sbtest6  (cost=0.43..8.45 rows=1 width=121)
	  Index Cond: (id = 5312904)

table 7 : explain SELECT c FROM sbtest7 WHERE id=5681224
	Index Scan using sbtest7_pkey on sbtest7  (cost=0.43..8.45 rows=1 width=121)
	  Index Cond: (id = 5681224)

table 8 : explain SELECT c FROM sbtest8 WHERE id=3508766
	Index Scan using sbtest8_pkey on sbtest8  (cost=0.43..8.45 rows=1 width=121)
	  Index Cond: (id = 3508766)

explain: for non_index_updates :: explain UPDATE sbtest%u SET c='foobar' WHERE id=%u
for inserts
table 1 : explain INSERT INTO sbtest1 (id, k, c, pad) VALUES (496856, 13, 'foobar', 'foobar')
	Insert on sbtest1  (cost=0.00..0.01 rows=0 width=0)
	  ->  Result  (cost=0.00..0.01 rows=1 width=736)

table 2 : explain INSERT INTO sbtest2 (id, k, c, pad) VALUES (4913215, 13, 'foobar', 'foobar')
	Insert on sbtest2  (cost=0.00..0.01 rows=0 width=0)
	  ->  Result  (cost=0.00..0.01 rows=1 width=736)

table 3 : explain INSERT INTO sbtest3 (id, k, c, pad) VALUES (4635507, 13, 'foobar', 'foobar')
	Insert on sbtest3  (cost=0.00..0.01 rows=0 width=0)
	  ->  Result  (cost=0.00..0.01 rows=1 width=736)

table 4 : explain INSERT INTO sbtest4 (id, k, c, pad) VALUES (4109608, 13, 'foobar', 'foobar')
	Insert on sbtest4  (cost=0.00..0.01 rows=0 width=0)
	  ->  Result  (cost=0.00..0.01 rows=1 width=736)

table 5 : explain INSERT INTO sbtest5 (id, k, c, pad) VALUES (3313885, 13, 'foobar', 'foobar')
	Insert on sbtest5  (cost=0.00..0.01 rows=0 width=0)
	  ->  Result  (cost=0.00..0.01 rows=1 width=736)

table 6 : explain INSERT INTO sbtest6 (id, k, c, pad) VALUES (9523440, 13, 'foobar', 'foobar')
	Insert on sbtest6  (cost=0.00..0.01 rows=0 width=0)
	  ->  Result  (cost=0.00..0.01 rows=1 width=736)

table 7 : explain INSERT INTO sbtest7 (id, k, c, pad) VALUES (4490568, 13, 'foobar', 'foobar')
	Insert on sbtest7  (cost=0.00..0.01 rows=0 width=0)
	  ->  Result  (cost=0.00..0.01 rows=1 width=736)

table 8 : explain INSERT INTO sbtest8 (id, k, c, pad) VALUES (4697212, 13, 'foobar', 'foobar')
	Insert on sbtest8  (cost=0.00..0.01 rows=0 width=0)
	  ->  Result  (cost=0.00..0.01 rows=1 width=736)

explain: for inserts :: explain INSERT INTO sbtest%u (id, k, c, pad) VALUES (%u, 13, 'foobar', 'foobar')
for deletes
table 1 : explain DELETE FROM sbtest1 WHERE id=6703055
	Delete on sbtest1  (cost=0.43..8.45 rows=0 width=0)
	  ->  Index Scan using sbtest1_pkey on sbtest1  (cost=0.43..8.45 rows=1 width=6)
	        Index Cond: (id = 6703055)

table 2 : explain DELETE FROM sbtest2 WHERE id=244917
	Delete on sbtest2  (cost=0.43..8.45 rows=0 width=0)
	  ->  Index Scan using sbtest2_pkey on sbtest2  (cost=0.43..8.45 rows=1 width=6)
	        Index Cond: (id = 244917)

table 3 : explain DELETE FROM sbtest3 WHERE id=7067831
	Delete on sbtest3  (cost=0.43..8.45 rows=0 width=0)
	  ->  Index Scan using sbtest3_pkey on sbtest3  (cost=0.43..8.45 rows=1 width=6)
	        Index Cond: (id = 7067831)

table 4 : explain DELETE FROM sbtest4 WHERE id=5398171
	Delete on sbtest4  (cost=0.43..8.45 rows=0 width=0)
	  ->  Index Scan using sbtest4_pkey on sbtest4  (cost=0.43..8.45 rows=1 width=6)
	        Index Cond: (id = 5398171)

table 5 : explain DELETE FROM sbtest5 WHERE id=5441252
	Delete on sbtest5  (cost=0.43..8.45 rows=0 width=0)
	  ->  Index Scan using sbtest5_pkey on sbtest5  (cost=0.43..8.45 rows=1 width=6)
	        Index Cond: (id = 5441252)

table 6 : explain DELETE FROM sbtest6 WHERE id=9336009
	Delete on sbtest6  (cost=0.43..8.45 rows=0 width=0)
	  ->  Index Scan using sbtest6_pkey on sbtest6  (cost=0.43..8.45 rows=1 width=6)
	        Index Cond: (id = 9336009)

table 7 : explain DELETE FROM sbtest7 WHERE id=3253297
	Delete on sbtest7  (cost=0.43..8.45 rows=0 width=0)
	  ->  Index Scan using sbtest7_pkey on sbtest7  (cost=0.43..8.45 rows=1 width=6)
	        Index Cond: (id = 3253297)

table 8 : explain DELETE FROM sbtest8 WHERE id=2235242
	Delete on sbtest8  (cost=0.43..8.45 rows=0 width=0)
	  ->  Index Scan using sbtest8_pkey on sbtest8  (cost=0.43..8.45 rows=1 width=6)
	        Index Cond: (id = 2235242)

for non_index_updates
table 1 : explain UPDATE sbtest1 SET c='foobar' WHERE id=6384615
	Update on sbtest1  (cost=0.43..8.45 rows=0 width=0)
	  ->  Index Scan using sbtest1_pkey on sbtest1  (cost=0.43..8.45 rows=1 width=490)
	        Index Cond: (id = 6384615)

table 2 : explain UPDATE sbtest2 SET c='foobar' WHERE id=8965704
	Update on sbtest2  (cost=0.43..8.45 rows=0 width=0)
	  ->  Index Scan using sbtest2_pkey on sbtest2  (cost=0.43..8.45 rows=1 width=490)
	        Index Cond: (id = 8965704)

table 3 : explain UPDATE sbtest3 SET c='foobar' WHERE id=7902373
	Update on sbtest3  (cost=0.43..8.45 rows=0 width=0)
	  ->  Index Scan using sbtest3_pkey on sbtest3  (cost=0.43..8.45 rows=1 width=490)
	        Index Cond: (id = 7902373)

table 4 : explain UPDATE sbtest4 SET c='foobar' WHERE id=3488170
	Update on sbtest4  (cost=0.43..8.45 rows=0 width=0)
	  ->  Index Scan using sbtest4_pkey on sbtest4  (cost=0.43..8.45 rows=1 width=490)
	        Index Cond: (id = 3488170)

table 5 : explain UPDATE sbtest5 SET c='foobar' WHERE id=6688876
	Update on sbtest5  (cost=0.43..8.45 rows=0 width=0)
	  ->  Index Scan using sbtest5_pkey on sbtest5  (cost=0.43..8.45 rows=1 width=490)
	        Index Cond: (id = 6688876)

table 6 : explain UPDATE sbtest6 SET c='foobar' WHERE id=9443124
	Update on sbtest6  (cost=0.43..8.45 rows=0 width=0)
	  ->  Index Scan using sbtest6_pkey on sbtest6  (cost=0.43..8.45 rows=1 width=490)
	        Index Cond: (id = 9443124)

table 7 : explain UPDATE sbtest7 SET c='foobar' WHERE id=4202779
	Update on sbtest7  (cost=0.43..8.45 rows=0 width=0)
	  ->  Index Scan using sbtest7_pkey on sbtest7  (cost=0.43..8.45 rows=1 width=490)
	        Index Cond: (id = 4202779)

table 8 : explain UPDATE sbtest8 SET c='foobar' WHERE id=2113875
	Update on sbtest8  (cost=0.43..8.45 rows=0 width=0)
	  ->  Index Scan using sbtest8_pkey on sbtest8  (cost=0.43..8.45 rows=1 width=490)
	        Index Cond: (id = 2113875)

for inserts
table 1 : explain INSERT INTO sbtest1 (id, k, c, pad) VALUES (1205579, 13, 'foobar', 'foobar')
	Insert on sbtest1  (cost=0.00..0.01 rows=0 width=0)
	  ->  Result  (cost=0.00..0.01 rows=1 width=736)

table 2 : explain INSERT INTO sbtest2 (id, k, c, pad) VALUES (6516241, 13, 'foobar', 'foobar')
	Insert on sbtest2  (cost=0.00..0.01 rows=0 width=0)
	  ->  Result  (cost=0.00..0.01 rows=1 width=736)

table 3 : explain INSERT INTO sbtest3 (id, k, c, pad) VALUES (5224204, 13, 'foobar', 'foobar')
	Insert on sbtest3  (cost=0.00..0.01 rows=0 width=0)
	  ->  Result  (cost=0.00..0.01 rows=1 width=736)

table 4 : explain INSERT INTO sbtest4 (id, k, c, pad) VALUES (1299997, 13, 'foobar', 'foobar')
	Insert on sbtest4  (cost=0.00..0.01 rows=0 width=0)
	  ->  Result  (cost=0.00..0.01 rows=1 width=736)

table 5 : explain INSERT INTO sbtest5 (id, k, c, pad) VALUES (169767, 13, 'foobar', 'foobar')
	Insert on sbtest5  (cost=0.00..0.01 rows=0 width=0)
	  ->  Result  (cost=0.00..0.01 rows=1 width=736)

table 6 : explain INSERT INTO sbtest6 (id, k, c, pad) VALUES (9564592, 13, 'foobar', 'foobar')
	Insert on sbtest6  (cost=0.00..0.01 rows=0 width=0)
	  ->  Result  (cost=0.00..0.01 rows=1 width=736)

table 7 : explain INSERT INTO sbtest7 (id, k, c, pad) VALUES (8987340, 13, 'foobar', 'foobar')
	Insert on sbtest7  (cost=0.00..0.01 rows=0 width=0)
	  ->  Result  (cost=0.00..0.01 rows=1 width=736)

table 8 : explain INSERT INTO sbtest8 (id, k, c, pad) VALUES (9865374, 13, 'foobar', 'foobar')
	Insert on sbtest8  (cost=0.00..0.01 rows=0 width=0)
	  ->  Result  (cost=0.00..0.01 rows=1 width=736)

for: sum_ranges
table 1 : explain SELECT SUM(k) FROM sbtest1 WHERE id BETWEEN 2027112 AND 2027211
	Aggregate  (cost=374.72..374.73 rows=1 width=8)
	  ->  Index Scan using sbtest1_pkey on sbtest1  (cost=0.43..374.48 rows=95 width=4)
	        Index Cond: ((id >= 2027112) AND (id <= 2027211))

table 2 : explain SELECT SUM(k) FROM sbtest2 WHERE id BETWEEN 4796227 AND 4796326
	Aggregate  (cost=390.28..390.29 rows=1 width=8)
	  ->  Index Scan using sbtest2_pkey on sbtest2  (cost=0.43..390.03 rows=99 width=4)
	        Index Cond: ((id >= 4796227) AND (id <= 4796326))

table 3 : explain SELECT SUM(k) FROM sbtest3 WHERE id BETWEEN 1820836 AND 1820935
	Aggregate  (cost=388.98..388.99 rows=1 width=8)
	  ->  Index Scan using sbtest3_pkey on sbtest3  (cost=0.43..388.73 rows=99 width=4)
	        Index Cond: ((id >= 1820836) AND (id <= 1820935))

table 4 : explain SELECT SUM(k) FROM sbtest4 WHERE id BETWEEN 1579032 AND 1579131
	Aggregate  (cost=396.44..396.45 rows=1 width=8)
	  ->  Index Scan using sbtest4_pkey on sbtest4  (cost=0.43..396.19 rows=101 width=4)
	        Index Cond: ((id >= 1579032) AND (id <= 1579131))

table 5 : explain SELECT SUM(k) FROM sbtest5 WHERE id BETWEEN 7337415 AND 7337514
	Aggregate  (cost=383.94..383.95 rows=1 width=8)
	  ->  Index Scan using sbtest5_pkey on sbtest5  (cost=0.43..383.70 rows=98 width=4)
	        Index Cond: ((id >= 7337415) AND (id <= 7337514))

table 6 : explain SELECT SUM(k) FROM sbtest6 WHERE id BETWEEN 8111179 AND 8111278
	Aggregate  (cost=381.54..381.55 rows=1 width=8)
	  ->  Index Scan using sbtest6_pkey on sbtest6  (cost=0.43..381.29 rows=97 width=4)
	        Index Cond: ((id >= 8111179) AND (id <= 8111278))

table 7 : explain SELECT SUM(k) FROM sbtest7 WHERE id BETWEEN 120556 AND 120655
	Aggregate  (cost=437.19..437.20 rows=1 width=8)
	  ->  Index Scan using sbtest7_pkey on sbtest7  (cost=0.43..436.91 rows=112 width=4)
	        Index Cond: ((id >= 120556) AND (id <= 120655))

table 8 : explain SELECT SUM(k) FROM sbtest8 WHERE id BETWEEN 1029442 AND 1029541
	Aggregate  (cost=389.46..389.47 rows=1 width=8)
	  ->  Index Scan using sbtest8_pkey on sbtest8  (cost=0.43..389.21 rows=100 width=4)
	        Index Cond: ((id >= 1029442) AND (id <= 1029541))

explain: for inserts :: explain INSERT INTO sbtest%u (id, k, c, pad) VALUES (%u, 13, 'foobar', 'foobar')
explain: for deletes :: explain DELETE FROM sbtest%u WHERE id=%u
for: distinct_ranges
table 1 : explain SELECT DISTINCT c FROM sbtest1 WHERE id BETWEEN 8024896 AND 8024995 ORDER BY c
	Unique  (cost=373.66..374.13 rows=94 width=121)
	  ->  Sort  (cost=373.66..373.90 rows=94 width=121)
	        Sort Key: c
	        ->  Index Scan using sbtest1_pkey on sbtest1  (cost=0.43..370.58 rows=94 width=121)
	              Index Cond: ((id >= 8024896) AND (id <= 8024995))

table 2 : explain SELECT DISTINCT c FROM sbtest2 WHERE id BETWEEN 2691045 AND 2691144 ORDER BY c
	Unique  (cost=385.45..385.93 rows=97 width=121)
	  ->  Sort  (cost=385.45..385.69 rows=97 width=121)
	        Sort Key: c
	        ->  Index Scan using sbtest2_pkey on sbtest2  (cost=0.43..382.25 rows=97 width=121)
	              Index Cond: ((id >= 2691045) AND (id <= 2691144))

table 3 : explain SELECT DISTINCT c FROM sbtest3 WHERE id BETWEEN 1445190 AND 1445289 ORDER BY c
	Unique  (cost=395.97..396.47 rows=100 width=121)
	  ->  Sort  (cost=395.97..396.22 rows=100 width=121)
	        Sort Key: c
	        ->  Index Scan using sbtest3_pkey on sbtest3  (cost=0.43..392.65 rows=100 width=121)
	              Index Cond: ((id >= 1445190) AND (id <= 1445289))

table 4 : explain SELECT DISTINCT c FROM sbtest4 WHERE id BETWEEN 3491926 AND 3492025 ORDER BY c
	Unique  (cost=450.47..451.04 rows=114 width=121)
	  ->  Sort  (cost=450.47..450.76 rows=114 width=121)
	        Sort Key: c
	        ->  Index Scan using sbtest4_pkey on sbtest4  (cost=0.43..446.58 rows=114 width=121)
	              Index Cond: ((id >= 3491926) AND (id <= 3492025))

table 5 : explain SELECT DISTINCT c FROM sbtest5 WHERE id BETWEEN 3019908 AND 3020007 ORDER BY c
	Unique  (cost=402.57..403.08 rows=102 width=121)
	  ->  Sort  (cost=402.57..402.82 rows=102 width=121)
	        Sort Key: c
	        ->  Index Scan using sbtest5_pkey on sbtest5  (cost=0.43..399.17 rows=102 width=121)
	              Index Cond: ((id >= 3019908) AND (id <= 3020007))

table 6 : explain SELECT DISTINCT c FROM sbtest6 WHERE id BETWEEN 4762599 AND 4762698 ORDER BY c
	Unique  (cost=404.15..404.66 rows=102 width=121)
	  ->  Sort  (cost=404.15..404.40 rows=102 width=121)
	        Sort Key: c
	        ->  Index Scan using sbtest6_pkey on sbtest6  (cost=0.43..400.74 rows=102 width=121)
	              Index Cond: ((id >= 4762599) AND (id <= 4762698))

table 7 : explain SELECT DISTINCT c FROM sbtest7 WHERE id BETWEEN 7990324 AND 7990423 ORDER BY c
	Unique  (cost=382.23..382.72 rows=97 width=121)
	  ->  Sort  (cost=382.23..382.47 rows=97 width=121)
	        Sort Key: c
	        ->  Index Scan using sbtest7_pkey on sbtest7  (cost=0.43..379.03 rows=97 width=121)
	              Index Cond: ((id >= 7990324) AND (id <= 7990423))

table 8 : explain SELECT DISTINCT c FROM sbtest8 WHERE id BETWEEN 2782971 AND 2783070 ORDER BY c
	Unique  (cost=415.84..416.37 rows=106 width=121)
	  ->  Sort  (cost=415.84..416.11 rows=106 width=121)
	        Sort Key: c
	        ->  Index Scan using sbtest8_pkey on sbtest8  (cost=0.43..412.28 rows=106 width=121)
	              Index Cond: ((id >= 2782971) AND (id <= 2783070))

for: simple_ranges
table 1 : explain SELECT c FROM sbtest1 WHERE id BETWEEN 5989808 AND 5989907
	Index Scan using sbtest1_pkey on sbtest1  (cost=0.43..390.05 rows=99 width=121)
	  Index Cond: ((id >= 5989808) AND (id <= 5989907))

table 2 : explain SELECT c FROM sbtest2 WHERE id BETWEEN 72379 AND 72478
	Index Scan using sbtest2_pkey on sbtest2  (cost=0.43..397.85 rows=101 width=121)
	  Index Cond: ((id >= 72379) AND (id <= 72478))

table 3 : explain SELECT c FROM sbtest3 WHERE id BETWEEN 1920572 AND 1920671
	Index Scan using sbtest3_pkey on sbtest3  (cost=0.43..384.85 rows=98 width=121)
	  Index Cond: ((id >= 1920572) AND (id <= 1920671))

table 4 : explain SELECT c FROM sbtest4 WHERE id BETWEEN 8875011 AND 8875110
	Index Scan using sbtest4_pkey on sbtest4  (cost=0.43..419.45 rows=107 width=121)
	  Index Cond: ((id >= 8875011) AND (id <= 8875110))

table 5 : explain SELECT c FROM sbtest5 WHERE id BETWEEN 1510929 AND 1511028
	Index Scan using sbtest5_pkey on sbtest5  (cost=0.43..403.03 rows=103 width=121)
	  Index Cond: ((id >= 1510929) AND (id <= 1511028))

table 6 : explain SELECT c FROM sbtest6 WHERE id BETWEEN 1952243 AND 1952342
	Index Scan using sbtest6_pkey on sbtest6  (cost=0.43..404.63 rows=103 width=121)
	  Index Cond: ((id >= 1952243) AND (id <= 1952342))

table 7 : explain SELECT c FROM sbtest7 WHERE id BETWEEN 5391479 AND 5391578
	Index Scan using sbtest7_pkey on sbtest7  (cost=0.43..355.84 rows=91 width=121)
	  Index Cond: ((id >= 5391479) AND (id <= 5391578))

table 8 : explain SELECT c FROM sbtest8 WHERE id BETWEEN 3327379 AND 3327478
	Index Scan using sbtest8_pkey on sbtest8  (cost=0.43..366.10 rows=94 width=121)
	  Index Cond: ((id >= 3327379) AND (id <= 3327478))

for inserts
table 1 : explain INSERT INTO sbtest1 (id, k, c, pad) VALUES (2473774, 13, 'foobar', 'foobar')
	Insert on sbtest1  (cost=0.00..0.01 rows=0 width=0)
	  ->  Result  (cost=0.00..0.01 rows=1 width=736)

table 2 : explain INSERT INTO sbtest2 (id, k, c, pad) VALUES (1541039, 13, 'foobar', 'foobar')
	Insert on sbtest2  (cost=0.00..0.01 rows=0 width=0)
	  ->  Result  (cost=0.00..0.01 rows=1 width=736)

table 3 : explain INSERT INTO sbtest3 (id, k, c, pad) VALUES (8597515, 13, 'foobar', 'foobar')
	Insert on sbtest3  (cost=0.00..0.01 rows=0 width=0)
	  ->  Result  (cost=0.00..0.01 rows=1 width=736)

table 4 : explain INSERT INTO sbtest4 (id, k, c, pad) VALUES (2544584, 13, 'foobar', 'foobar')
	Insert on sbtest4  (cost=0.00..0.01 rows=0 width=0)
	  ->  Result  (cost=0.00..0.01 rows=1 width=736)

table 5 : explain INSERT INTO sbtest5 (id, k, c, pad) VALUES (5562042, 13, 'foobar', 'foobar')
	Insert on sbtest5  (cost=0.00..0.01 rows=0 width=0)
	  ->  Result  (cost=0.00..0.01 rows=1 width=736)

table 6 : explain INSERT INTO sbtest6 (id, k, c, pad) VALUES (1295797, 13, 'foobar', 'foobar')
	Insert on sbtest6  (cost=0.00..0.01 rows=0 width=0)
	  ->  Result  (cost=0.00..0.01 rows=1 width=736)

table 7 : explain INSERT INTO sbtest7 (id, k, c, pad) VALUES (1861514, 13, 'foobar', 'foobar')
	Insert on sbtest7  (cost=0.00..0.01 rows=0 width=0)
	  ->  Result  (cost=0.00..0.01 rows=1 width=736)

table 8 : explain INSERT INTO sbtest8 (id, k, c, pad) VALUES (7823061, 13, 'foobar', 'foobar')
	Insert on sbtest8  (cost=0.00..0.01 rows=0 width=0)
	  ->  Result  (cost=0.00..0.01 rows=1 width=736)

for inserts
table 1 : explain INSERT INTO sbtest1 (id, k, c, pad) VALUES (4302195, 13, 'foobar', 'foobar')
	Insert on sbtest1  (cost=0.00..0.01 rows=0 width=0)
	  ->  Result  (cost=0.00..0.01 rows=1 width=736)

table 2 : explain INSERT INTO sbtest2 (id, k, c, pad) VALUES (718341, 13, 'foobar', 'foobar')
	Insert on sbtest2  (cost=0.00..0.01 rows=0 width=0)
	  ->  Result  (cost=0.00..0.01 rows=1 width=736)

table 3 : explain INSERT INTO sbtest3 (id, k, c, pad) VALUES (5655227, 13, 'foobar', 'foobar')
	Insert on sbtest3  (cost=0.00..0.01 rows=0 width=0)
	  ->  Result  (cost=0.00..0.01 rows=1 width=736)

table 4 : explain INSERT INTO sbtest4 (id, k, c, pad) VALUES (6656626, 13, 'foobar', 'foobar')
	Insert on sbtest4  (cost=0.00..0.01 rows=0 width=0)
	  ->  Result  (cost=0.00..0.01 rows=1 width=736)

table 5 : explain INSERT INTO sbtest5 (id, k, c, pad) VALUES (1092630, 13, 'foobar', 'foobar')
	Insert on sbtest5  (cost=0.00..0.01 rows=0 width=0)
	  ->  Result  (cost=0.00..0.01 rows=1 width=736)

table 6 : explain INSERT INTO sbtest6 (id, k, c, pad) VALUES (1756672, 13, 'foobar', 'foobar')
	Insert on sbtest6  (cost=0.00..0.01 rows=0 width=0)
	  ->  Result  (cost=0.00..0.01 rows=1 width=736)

table 7 : explain INSERT INTO sbtest7 (id, k, c, pad) VALUES (4602292, 13, 'foobar', 'foobar')
	Insert on sbtest7  (cost=0.00..0.01 rows=0 width=0)
	  ->  Result  (cost=0.00..0.01 rows=1 width=736)

table 8 : explain INSERT INTO sbtest8 (id, k, c, pad) VALUES (644009, 13, 'foobar', 'foobar')
	Insert on sbtest8  (cost=0.00..0.01 rows=0 width=0)
	  ->  Result  (cost=0.00..0.01 rows=1 width=736)

for deletes
table 1 : explain DELETE FROM sbtest1 WHERE id=2027759
	Delete on sbtest1  (cost=0.43..8.45 rows=0 width=0)
	  ->  Index Scan using sbtest1_pkey on sbtest1  (cost=0.43..8.45 rows=1 width=6)
	        Index Cond: (id = 2027759)

table 2 : explain DELETE FROM sbtest2 WHERE id=4140595
	Delete on sbtest2  (cost=0.43..8.45 rows=0 width=0)
	  ->  Index Scan using sbtest2_pkey on sbtest2  (cost=0.43..8.45 rows=1 width=6)
	        Index Cond: (id = 4140595)

table 3 : explain DELETE FROM sbtest3 WHERE id=6548245
	Delete on sbtest3  (cost=0.43..8.45 rows=0 width=0)
	  ->  Index Scan using sbtest3_pkey on sbtest3  (cost=0.43..8.45 rows=1 width=6)
	        Index Cond: (id = 6548245)

table 4 : explain DELETE FROM sbtest4 WHERE id=2235179
	Delete on sbtest4  (cost=0.43..8.45 rows=0 width=0)
	  ->  Index Scan using sbtest4_pkey on sbtest4  (cost=0.43..8.45 rows=1 width=6)
	        Index Cond: (id = 2235179)

table 5 : explain DELETE FROM sbtest5 WHERE id=8502939
	Delete on sbtest5  (cost=0.43..8.45 rows=0 width=0)
	  ->  Index Scan using sbtest5_pkey on sbtest5  (cost=0.43..8.45 rows=1 width=6)
	        Index Cond: (id = 8502939)

table 6 : explain DELETE FROM sbtest6 WHERE id=7261622
	Delete on sbtest6  (cost=0.43..8.45 rows=0 width=0)
	  ->  Index Scan using sbtest6_pkey on sbtest6  (cost=0.43..8.45 rows=1 width=6)
	        Index Cond: (id = 7261622)

table 7 : explain DELETE FROM sbtest7 WHERE id=9192497
	Delete on sbtest7  (cost=0.43..8.45 rows=0 width=0)
	  ->  Index Scan using sbtest7_pkey on sbtest7  (cost=0.43..8.45 rows=1 width=6)
	        Index Cond: (id = 9192497)

table 8 : explain DELETE FROM sbtest8 WHERE id=2504207
	Delete on sbtest8  (cost=0.43..8.45 rows=0 width=0)
	  ->  Index Scan using sbtest8_pkey on sbtest8  (cost=0.43..8.45 rows=1 width=6)
	        Index Cond: (id = 2504207)

explain: for index_updates :: explain UPDATE sbtest%u SET k=k+1 WHERE id=%u
explain: for inserts :: explain INSERT INTO sbtest%u (id, k, c, pad) VALUES (%u, 13, 'foobar', 'foobar')
for: order_ranges
table 1 : explain SELECT c FROM sbtest1 WHERE id BETWEEN 4203691 AND 4203790 ORDER BY c
	Sort  (cost=456.31..456.60 rows=115 width=121)
	  Sort Key: c
	  ->  Index Scan using sbtest1_pkey on sbtest1  (cost=0.43..452.37 rows=115 width=121)
	        Index Cond: ((id >= 4203691) AND (id <= 4203790))

table 2 : explain SELECT c FROM sbtest2 WHERE id BETWEEN 3282121 AND 3282220 ORDER BY c
	Sort  (cost=405.15..405.40 rows=102 width=121)
	  Sort Key: c
	  ->  Index Scan using sbtest2_pkey on sbtest2  (cost=0.43..401.74 rows=102 width=121)
	        Index Cond: ((id >= 3282121) AND (id <= 3282220))

table 3 : explain SELECT c FROM sbtest3 WHERE id BETWEEN 188090 AND 188189 ORDER BY c
	Sort  (cost=403.81..404.06 rows=102 width=121)
	  Sort Key: c
	  ->  Index Scan using sbtest3_pkey on sbtest3  (cost=0.43..400.41 rows=102 width=121)
	        Index Cond: ((id >= 188090) AND (id <= 188189))

table 4 : explain SELECT c FROM sbtest4 WHERE id BETWEEN 3609009 AND 3609108 ORDER BY c
	Sort  (cost=403.47..403.72 rows=102 width=121)
	  Sort Key: c
	  ->  Index Scan using sbtest4_pkey on sbtest4  (cost=0.43..400.07 rows=102 width=121)
	        Index Cond: ((id >= 3609009) AND (id <= 3609108))

table 5 : explain SELECT c FROM sbtest5 WHERE id BETWEEN 6632347 AND 6632446 ORDER BY c
	Sort  (cost=394.75..395.00 rows=100 width=121)
	  Sort Key: c
	  ->  Index Scan using sbtest5_pkey on sbtest5  (cost=0.43..391.43 rows=100 width=121)
	        Index Cond: ((id >= 6632347) AND (id <= 6632446))

table 6 : explain SELECT c FROM sbtest6 WHERE id BETWEEN 9893326 AND 9893425 ORDER BY c
	Sort  (cost=408.07..408.33 rows=103 width=121)
	  Sort Key: c
	  ->  Index Scan using sbtest6_pkey on sbtest6  (cost=0.43..404.63 rows=103 width=121)
	        Index Cond: ((id >= 9893326) AND (id <= 9893425))

table 7 : explain SELECT c FROM sbtest7 WHERE id BETWEEN 8178822 AND 8178921 ORDER BY c
	Sort  (cost=409.53..409.79 rows=104 width=121)
	  Sort Key: c
	  ->  Index Scan using sbtest7_pkey on sbtest7  (cost=0.43..406.04 rows=104 width=121)
	        Index Cond: ((id >= 8178822) AND (id <= 8178921))

table 8 : explain SELECT c FROM sbtest8 WHERE id BETWEEN 9035792 AND 9035891 ORDER BY c
	Sort  (cost=349.76..349.98 rows=89 width=121)
	  Sort Key: c
	  ->  Index Scan using sbtest8_pkey on sbtest8  (cost=0.43..346.87 rows=89 width=121)
	        Index Cond: ((id >= 9035792) AND (id <= 9035891))

for: simple_ranges
table 1 : explain SELECT c FROM sbtest1 WHERE id BETWEEN 2375763 AND 2375862
	Index Scan using sbtest1_pkey on sbtest1  (cost=0.43..390.05 rows=99 width=121)
	  Index Cond: ((id >= 2375763) AND (id <= 2375862))

table 2 : explain SELECT c FROM sbtest2 WHERE id BETWEEN 822256 AND 822355
	Index Scan using sbtest2_pkey on sbtest2  (cost=0.43..362.78 rows=92 width=121)
	  Index Cond: ((id >= 822256) AND (id <= 822355))

table 3 : explain SELECT c FROM sbtest3 WHERE id BETWEEN 6532753 AND 6532852
	Index Scan using sbtest3_pkey on sbtest3  (cost=0.43..353.81 rows=90 width=121)
	  Index Cond: ((id >= 6532753) AND (id <= 6532852))

table 4 : explain SELECT c FROM sbtest4 WHERE id BETWEEN 8092058 AND 8092157
	Index Scan using sbtest4_pkey on sbtest4  (cost=0.43..396.19 rows=101 width=121)
	  Index Cond: ((id >= 8092058) AND (id <= 8092157))

table 5 : explain SELECT c FROM sbtest5 WHERE id BETWEEN 3640707 AND 3640806
	Index Scan using sbtest5_pkey on sbtest5  (cost=0.43..348.85 rows=89 width=121)
	  Index Cond: ((id >= 3640707) AND (id <= 3640806))

table 6 : explain SELECT c FROM sbtest6 WHERE id BETWEEN 2123318 AND 2123417
	Index Scan using sbtest6_pkey on sbtest6  (cost=0.43..389.09 rows=99 width=121)
	  Index Cond: ((id >= 2123318) AND (id <= 2123417))

table 7 : explain SELECT c FROM sbtest7 WHERE id BETWEEN 7646104 AND 7646203
	Index Scan using sbtest7_pkey on sbtest7  (cost=0.43..413.76 rows=106 width=121)
	  Index Cond: ((id >= 7646104) AND (id <= 7646203))

table 8 : explain SELECT c FROM sbtest8 WHERE id BETWEEN 7928386 AND 7928485
	Index Scan using sbtest8_pkey on sbtest8  (cost=0.43..366.10 rows=94 width=121)
	  Index Cond: ((id >= 7928386) AND (id <= 7928485))

for inserts
table 1 : explain INSERT INTO sbtest1 (id, k, c, pad) VALUES (1938504, 13, 'foobar', 'foobar')
	Insert on sbtest1  (cost=0.00..0.01 rows=0 width=0)
	  ->  Result  (cost=0.00..0.01 rows=1 width=736)

table 2 : explain INSERT INTO sbtest2 (id, k, c, pad) VALUES (2372260, 13, 'foobar', 'foobar')
	Insert on sbtest2  (cost=0.00..0.01 rows=0 width=0)
	  ->  Result  (cost=0.00..0.01 rows=1 width=736)

table 3 : explain INSERT INTO sbtest3 (id, k, c, pad) VALUES (9341279, 13, 'foobar', 'foobar')
	Insert on sbtest3  (cost=0.00..0.01 rows=0 width=0)
	  ->  Result  (cost=0.00..0.01 rows=1 width=736)

table 4 : explain INSERT INTO sbtest4 (id, k, c, pad) VALUES (8885369, 13, 'foobar', 'foobar')
	Insert on sbtest4  (cost=0.00..0.01 rows=0 width=0)
	  ->  Result  (cost=0.00..0.01 rows=1 width=736)

table 5 : explain INSERT INTO sbtest5 (id, k, c, pad) VALUES (5778691, 13, 'foobar', 'foobar')
	Insert on sbtest5  (cost=0.00..0.01 rows=0 width=0)
	  ->  Result  (cost=0.00..0.01 rows=1 width=736)

table 6 : explain INSERT INTO sbtest6 (id, k, c, pad) VALUES (3379563, 13, 'foobar', 'foobar')
	Insert on sbtest6  (cost=0.00..0.01 rows=0 width=0)
	  ->  Result  (cost=0.00..0.01 rows=1 width=736)

table 7 : explain INSERT INTO sbtest7 (id, k, c, pad) VALUES (613477, 13, 'foobar', 'foobar')
	Insert on sbtest7  (cost=0.00..0.01 rows=0 width=0)
	  ->  Result  (cost=0.00..0.01 rows=1 width=736)

table 8 : explain INSERT INTO sbtest8 (id, k, c, pad) VALUES (6071751, 13, 'foobar', 'foobar')
	Insert on sbtest8  (cost=0.00..0.01 rows=0 width=0)
	  ->  Result  (cost=0.00..0.01 rows=1 width=736)

explain: for inserts :: explain INSERT INTO sbtest%u (id, k, c, pad) VALUES (%u, 13, 'foobar', 'foobar')
for: distinct_ranges
table 1 : explain SELECT DISTINCT c FROM sbtest1 WHERE id BETWEEN 4322541 AND 4322640 ORDER BY c
	Unique  (cost=377.60..378.07 rows=95 width=121)
	  ->  Sort  (cost=377.60..377.84 rows=95 width=121)
	        Sort Key: c
	        ->  Index Scan using sbtest1_pkey on sbtest1  (cost=0.43..374.48 rows=95 width=121)
	              Index Cond: ((id >= 4322541) AND (id <= 4322640))

table 2 : explain SELECT DISTINCT c FROM sbtest2 WHERE id BETWEEN 2829053 AND 2829152 ORDER BY c
	Unique  (cost=393.32..393.81 rows=99 width=121)
	  ->  Sort  (cost=393.32..393.56 rows=99 width=121)
	        Sort Key: c
	        ->  Index Scan using sbtest2_pkey on sbtest2  (cost=0.43..390.03 rows=99 width=121)
	              Index Cond: ((id >= 2829053) AND (id <= 2829152))

table 3 : explain SELECT DISTINCT c FROM sbtest3 WHERE id BETWEEN 1690107 AND 1690206 ORDER BY c
	Unique  (cost=384.17..384.66 rows=97 width=121)
	  ->  Sort  (cost=384.17..384.42 rows=97 width=121)
	        Sort Key: c
	        ->  Index Scan using sbtest3_pkey on sbtest3  (cost=0.43..380.97 rows=97 width=121)
	              Index Cond: ((id >= 1690107) AND (id <= 1690206))

table 4 : explain SELECT DISTINCT c FROM sbtest4 WHERE id BETWEEN 4778115 AND 4778214 ORDER BY c
	Unique  (cost=426.97..427.51 rows=108 width=121)
	  ->  Sort  (cost=426.97..427.24 rows=108 width=121)
	        Sort Key: c
	        ->  Index Scan using sbtest4_pkey on sbtest4  (cost=0.43..423.32 rows=108 width=121)
	              Index Cond: ((id >= 4778115) AND (id <= 4778214))

table 5 : explain SELECT DISTINCT c FROM sbtest5 WHERE id BETWEEN 6289087 AND 6289186 ORDER BY c
	Unique  (cost=394.75..395.25 rows=100 width=121)
	  ->  Sort  (cost=394.75..395.00 rows=100 width=121)
	        Sort Key: c
	        ->  Index Scan using sbtest5_pkey on sbtest5  (cost=0.43..391.43 rows=100 width=121)
	              Index Cond: ((id >= 6289087) AND (id <= 6289186))

table 6 : explain SELECT DISTINCT c FROM sbtest6 WHERE id BETWEEN 1601502 AND 1601601 ORDER BY c
	Unique  (cost=400.22..400.73 rows=101 width=121)
	  ->  Sort  (cost=400.22..400.48 rows=101 width=121)
	        Sort Key: c
	        ->  Index Scan using sbtest6_pkey on sbtest6  (cost=0.43..396.86 rows=101 width=121)
	              Index Cond: ((id >= 1601502) AND (id <= 1601601))

table 7 : explain SELECT DISTINCT c FROM sbtest7 WHERE id BETWEEN 9184979 AND 9185078 ORDER BY c
	Unique  (cost=382.23..382.72 rows=97 width=121)
	  ->  Sort  (cost=382.23..382.47 rows=97 width=121)
	        Sort Key: c
	        ->  Index Scan using sbtest7_pkey on sbtest7  (cost=0.43..379.03 rows=97 width=121)
	              Index Cond: ((id >= 9184979) AND (id <= 9185078))

table 8 : explain SELECT DISTINCT c FROM sbtest8 WHERE id BETWEEN 5717838 AND 5717937 ORDER BY c
	Unique  (cost=404.19..404.70 rows=103 width=121)
	  ->  Sort  (cost=404.19..404.44 rows=103 width=121)
	        Sort Key: c
	        ->  Index Scan using sbtest8_pkey on sbtest8  (cost=0.43..400.74 rows=103 width=121)
	              Index Cond: ((id >= 5717838) AND (id <= 5717937))

for index_updates
table 1 : explain UPDATE sbtest1 SET k=k+1 WHERE id=3444010
	Update on sbtest1  (cost=0.43..8.46 rows=0 width=0)
	  ->  Index Scan using sbtest1_pkey on sbtest1  (cost=0.43..8.46 rows=1 width=10)
	        Index Cond: (id = 3444010)

table 2 : explain UPDATE sbtest2 SET k=k+1 WHERE id=4461924
	Update on sbtest2  (cost=0.43..8.46 rows=0 width=0)
	  ->  Index Scan using sbtest2_pkey on sbtest2  (cost=0.43..8.46 rows=1 width=10)
	        Index Cond: (id = 4461924)

table 3 : explain UPDATE sbtest3 SET k=k+1 WHERE id=4179490
	Update on sbtest3  (cost=0.43..8.46 rows=0 width=0)
	  ->  Index Scan using sbtest3_pkey on sbtest3  (cost=0.43..8.46 rows=1 width=10)
	        Index Cond: (id = 4179490)

table 4 : explain UPDATE sbtest4 SET k=k+1 WHERE id=1500293
	Update on sbtest4  (cost=0.43..8.46 rows=0 width=0)
	  ->  Index Scan using sbtest4_pkey on sbtest4  (cost=0.43..8.46 rows=1 width=10)
	        Index Cond: (id = 1500293)

table 5 : explain UPDATE sbtest5 SET k=k+1 WHERE id=2118525
	Update on sbtest5  (cost=0.43..8.46 rows=0 width=0)
	  ->  Index Scan using sbtest5_pkey on sbtest5  (cost=0.43..8.46 rows=1 width=10)
	        Index Cond: (id = 2118525)

table 6 : explain UPDATE sbtest6 SET k=k+1 WHERE id=2017833
	Update on sbtest6  (cost=0.43..8.46 rows=0 width=0)
	  ->  Index Scan using sbtest6_pkey on sbtest6  (cost=0.43..8.46 rows=1 width=10)
	        Index Cond: (id = 2017833)

table 7 : explain UPDATE sbtest7 SET k=k+1 WHERE id=6332705
	Update on sbtest7  (cost=0.43..8.46 rows=0 width=0)
	  ->  Index Scan using sbtest7_pkey on sbtest7  (cost=0.43..8.46 rows=1 width=10)
	        Index Cond: (id = 6332705)

table 8 : explain UPDATE sbtest8 SET k=k+1 WHERE id=3658953
	Update on sbtest8  (cost=0.43..8.46 rows=0 width=0)
	  ->  Index Scan using sbtest8_pkey on sbtest8  (cost=0.43..8.46 rows=1 width=10)
	        Index Cond: (id = 3658953)

for inserts
table 1 : explain INSERT INTO sbtest1 (id, k, c, pad) VALUES (7682555, 13, 'foobar', 'foobar')
	Insert on sbtest1  (cost=0.00..0.01 rows=0 width=0)
	  ->  Result  (cost=0.00..0.01 rows=1 width=736)

table 2 : explain INSERT INTO sbtest2 (id, k, c, pad) VALUES (7384195, 13, 'foobar', 'foobar')
	Insert on sbtest2  (cost=0.00..0.01 rows=0 width=0)
	  ->  Result  (cost=0.00..0.01 rows=1 width=736)

table 3 : explain INSERT INTO sbtest3 (id, k, c, pad) VALUES (146691, 13, 'foobar', 'foobar')
	Insert on sbtest3  (cost=0.00..0.01 rows=0 width=0)
	  ->  Result  (cost=0.00..0.01 rows=1 width=736)

table 4 : explain INSERT INTO sbtest4 (id, k, c, pad) VALUES (5809138, 13, 'foobar', 'foobar')
	Insert on sbtest4  (cost=0.00..0.01 rows=0 width=0)
	  ->  Result  (cost=0.00..0.01 rows=1 width=736)

table 5 : explain INSERT INTO sbtest5 (id, k, c, pad) VALUES (2686725, 13, 'foobar', 'foobar')
	Insert on sbtest5  (cost=0.00..0.01 rows=0 width=0)
	  ->  Result  (cost=0.00..0.01 rows=1 width=736)

table 6 : explain INSERT INTO sbtest6 (id, k, c, pad) VALUES (1905557, 13, 'foobar', 'foobar')
	Insert on sbtest6  (cost=0.00..0.01 rows=0 width=0)
	  ->  Result  (cost=0.00..0.01 rows=1 width=736)

table 7 : explain INSERT INTO sbtest7 (id, k, c, pad) VALUES (6588184, 13, 'foobar', 'foobar')
	Insert on sbtest7  (cost=0.00..0.01 rows=0 width=0)
	  ->  Result  (cost=0.00..0.01 rows=1 width=736)

table 8 : explain INSERT INTO sbtest8 (id, k, c, pad) VALUES (5729220, 13, 'foobar', 'foobar')
	Insert on sbtest8  (cost=0.00..0.01 rows=0 width=0)
	  ->  Result  (cost=0.00..0.01 rows=1 width=736)

explain: for non_index_updates :: explain UPDATE sbtest%u SET c='foobar' WHERE id=%u
explain: for index_updates :: explain UPDATE sbtest%u SET k=k+1 WHERE id=%u
for: distinct_ranges
table 1 : explain SELECT DISTINCT c FROM sbtest1 WHERE id BETWEEN 3285855 AND 3285954 ORDER BY c
	Unique  (cost=361.87..362.32 rows=91 width=121)
	  ->  Sort  (cost=361.87..362.09 rows=91 width=121)
	        Sort Key: c
	        ->  Index Scan using sbtest1_pkey on sbtest1  (cost=0.43..358.90 rows=91 width=121)
	              Index Cond: ((id >= 3285855) AND (id <= 3285954))

table 2 : explain SELECT DISTINCT c FROM sbtest2 WHERE id BETWEEN 9318090 AND 9318189 ORDER BY c
	Unique  (cost=397.25..397.75 rows=100 width=121)
	  ->  Sort  (cost=397.25..397.50 rows=100 width=121)
	        Sort Key: c
	        ->  Index Scan using sbtest2_pkey on sbtest2  (cost=0.43..393.93 rows=100 width=121)
	              Index Cond: ((id >= 9318090) AND (id <= 9318189))

table 3 : explain SELECT DISTINCT c FROM sbtest3 WHERE id BETWEEN 5279832 AND 5279931 ORDER BY c
	Unique  (cost=423.41..423.95 rows=107 width=121)
	  ->  Sort  (cost=423.41..423.68 rows=107 width=121)
	        Sort Key: c
	        ->  Index Scan using sbtest3_pkey on sbtest3  (cost=0.43..419.80 rows=107 width=121)
	              Index Cond: ((id >= 5279832) AND (id <= 5279931))

table 4 : explain SELECT DISTINCT c FROM sbtest4 WHERE id BETWEEN 963778 AND 963877 ORDER BY c
	Unique  (cost=415.22..415.74 rows=105 width=121)
	  ->  Sort  (cost=415.22..415.48 rows=105 width=121)
	        Sort Key: c
	        ->  Index Scan using sbtest4_pkey on sbtest4  (cost=0.43..411.69 rows=105 width=121)
	              Index Cond: ((id >= 963778) AND (id <= 963877))

table 5 : explain SELECT DISTINCT c FROM sbtest5 WHERE id BETWEEN 6257632 AND 6257731 ORDER BY c
	Unique  (cost=418.20..418.73 rows=106 width=121)
	  ->  Sort  (cost=418.20..418.47 rows=106 width=121)
	        Sort Key: c
	        ->  Index Scan using sbtest5_pkey on sbtest5  (cost=0.43..414.64 rows=106 width=121)
	              Index Cond: ((id >= 6257632) AND (id <= 6257731))

table 6 : explain SELECT DISTINCT c FROM sbtest6 WHERE id BETWEEN 7148583 AND 7148682 ORDER BY c
	Unique  (cost=376.65..377.12 rows=95 width=121)
	  ->  Sort  (cost=376.65..376.89 rows=95 width=121)
	        Sort Key: c
	        ->  Index Scan using sbtest6_pkey on sbtest6  (cost=0.43..373.53 rows=95 width=121)
	              Index Cond: ((id >= 7148583) AND (id <= 7148682))

table 7 : explain SELECT DISTINCT c FROM sbtest7 WHERE id BETWEEN 7929028 AND 7929127 ORDER BY c
	Unique  (cost=382.23..382.72 rows=97 width=121)
	  ->  Sort  (cost=382.23..382.47 rows=97 width=121)
	        Sort Key: c
	        ->  Index Scan using sbtest7_pkey on sbtest7  (cost=0.43..379.03 rows=97 width=121)
	              Index Cond: ((id >= 7929028) AND (id <= 7929127))

table 8 : explain SELECT DISTINCT c FROM sbtest8 WHERE id BETWEEN 9912657 AND 9912756 ORDER BY c
	Unique  (cost=388.65..389.14 rows=99 width=121)
	  ->  Sort  (cost=388.65..388.89 rows=99 width=121)
	        Sort Key: c
	        ->  Index Scan using sbtest8_pkey on sbtest8  (cost=0.43..385.36 rows=99 width=121)
	              Index Cond: ((id >= 9912657) AND (id <= 9912756))

for: distinct_ranges
table 1 : explain SELECT DISTINCT c FROM sbtest1 WHERE id BETWEEN 2967351 AND 2967450 ORDER BY c
	Unique  (cost=369.73..370.20 rows=93 width=121)
	  ->  Sort  (cost=369.73..369.96 rows=93 width=121)
	        Sort Key: c
	        ->  Index Scan using sbtest1_pkey on sbtest1  (cost=0.43..366.69 rows=93 width=121)
	              Index Cond: ((id >= 2967351) AND (id <= 2967450))

table 2 : explain SELECT DISTINCT c FROM sbtest2 WHERE id BETWEEN 7884951 AND 7885050 ORDER BY c
	Unique  (cost=401.21..401.72 rows=101 width=121)
	  ->  Sort  (cost=401.21..401.47 rows=101 width=121)
	        Sort Key: c
	        ->  Index Scan using sbtest2_pkey on sbtest2  (cost=0.43..397.85 rows=101 width=121)
	              Index Cond: ((id >= 7884951) AND (id <= 7885050))

table 3 : explain SELECT DISTINCT c FROM sbtest3 WHERE id BETWEEN 3037496 AND 3037595 ORDER BY c
	Unique  (cost=360.66..361.11 rows=91 width=121)
	  ->  Sort  (cost=360.66..360.88 rows=91 width=121)
	        Sort Key: c
	        ->  Index Scan using sbtest3_pkey on sbtest3  (cost=0.43..357.69 rows=91 width=121)
	              Index Cond: ((id >= 3037496) AND (id <= 3037595))

table 4 : explain SELECT DISTINCT c FROM sbtest4 WHERE id BETWEEN 2382420 AND 2382519 ORDER BY c
	Unique  (cost=376.02..376.49 rows=95 width=121)
	  ->  Sort  (cost=376.02..376.25 rows=95 width=121)
	        Sort Key: c
	        ->  Index Scan using sbtest4_pkey on sbtest4  (cost=0.43..372.90 rows=95 width=121)
	              Index Cond: ((id >= 2382420) AND (id <= 2382519))

table 5 : explain SELECT DISTINCT c FROM sbtest5 WHERE id BETWEEN 4076575 AND 4076674 ORDER BY c
	Unique  (cost=382.99..383.48 rows=97 width=121)
	  ->  Sort  (cost=382.99..383.24 rows=97 width=121)
	        Sort Key: c
	        ->  Index Scan using sbtest5_pkey on sbtest5  (cost=0.43..379.79 rows=97 width=121)
	              Index Cond: ((id >= 4076575) AND (id <= 4076674))

table 6 : explain SELECT DISTINCT c FROM sbtest6 WHERE id BETWEEN 4045220 AND 4045319 ORDER BY c
	Unique  (cost=408.07..408.59 rows=103 width=121)
	  ->  Sort  (cost=408.07..408.33 rows=103 width=121)
	        Sort Key: c
	        ->  Index Scan using sbtest6_pkey on sbtest6  (cost=0.43..404.63 rows=103 width=121)
	              Index Cond: ((id >= 4045220) AND (id <= 4045319))

table 7 : explain SELECT DISTINCT c FROM sbtest7 WHERE id BETWEEN 1651965 AND 1652064 ORDER BY c
	Unique  (cost=393.93..394.43 rows=100 width=121)
	  ->  Sort  (cost=393.93..394.18 rows=100 width=121)
	        Sort Key: c
	        ->  Index Scan using sbtest7_pkey on sbtest7  (cost=0.43..390.61 rows=100 width=121)
	              Index Cond: ((id >= 1651965) AND (id <= 1652064))

table 8 : explain SELECT DISTINCT c FROM sbtest8 WHERE id BETWEEN 6199622 AND 6199721 ORDER BY c
	Unique  (cost=404.19..404.70 rows=103 width=121)
	  ->  Sort  (cost=404.19..404.44 rows=103 width=121)
	        Sort Key: c
	        ->  Index Scan using sbtest8_pkey on sbtest8  (cost=0.43..400.74 rows=103 width=121)
	              Index Cond: ((id >= 6199622) AND (id <= 6199721))

explain: for index_updates :: explain UPDATE sbtest%u SET k=k+1 WHERE id=%u
explain: for index_updates :: explain UPDATE sbtest%u SET k=k+1 WHERE id=%u
for: sum_ranges
table 1 : explain SELECT SUM(k) FROM sbtest1 WHERE id BETWEEN 73427 AND 73526
	Aggregate  (cost=405.91..405.92 rows=1 width=8)
	  ->  Index Scan using sbtest1_pkey on sbtest1  (cost=0.43..405.65 rows=103 width=4)
	        Index Cond: ((id >= 73427) AND (id <= 73526))

table 2 : explain SELECT SUM(k) FROM sbtest2 WHERE id BETWEEN 3609162 AND 3609261
	Aggregate  (cost=390.28..390.29 rows=1 width=8)
	  ->  Index Scan using sbtest2_pkey on sbtest2  (cost=0.43..390.03 rows=99 width=4)
	        Index Cond: ((id >= 3609162) AND (id <= 3609261))

table 3 : explain SELECT SUM(k) FROM sbtest3 WHERE id BETWEEN 7151273 AND 7151372
	Aggregate  (cost=404.54..404.55 rows=1 width=8)
	  ->  Index Scan using sbtest3_pkey on sbtest3  (cost=0.43..404.28 rows=103 width=4)
	        Index Cond: ((id >= 7151273) AND (id <= 7151372))

table 4 : explain SELECT SUM(k) FROM sbtest4 WHERE id BETWEEN 4853950 AND 4854049
	Aggregate  (cost=435.23..435.24 rows=1 width=8)
	  ->  Index Scan using sbtest4_pkey on sbtest4  (cost=0.43..434.95 rows=111 width=4)
	        Index Cond: ((id >= 4853950) AND (id <= 4854049))

table 5 : explain SELECT SUM(k) FROM sbtest5 WHERE id BETWEEN 5410674 AND 5410773
	Aggregate  (cost=368.42..368.43 rows=1 width=8)
	  ->  Index Scan using sbtest5_pkey on sbtest5  (cost=0.43..368.19 rows=94 width=4)
	        Index Cond: ((id >= 5410674) AND (id <= 5410773))

table 6 : explain SELECT SUM(k) FROM sbtest6 WHERE id BETWEEN 6294969 AND 6295068
	Aggregate  (cost=385.46..385.47 rows=1 width=8)
	  ->  Index Scan using sbtest6_pkey on sbtest6  (cost=0.43..385.21 rows=98 width=4)
	        Index Cond: ((id >= 6294969) AND (id <= 6295068))

table 7 : explain SELECT SUM(k) FROM sbtest7 WHERE id BETWEEN 4249376 AND 4249475
	Aggregate  (cost=363.79..363.80 rows=1 width=8)
	  ->  Index Scan using sbtest7_pkey on sbtest7  (cost=0.43..363.56 rows=93 width=4)
	        Index Cond: ((id >= 4249376) AND (id <= 4249475))

table 8 : explain SELECT SUM(k) FROM sbtest8 WHERE id BETWEEN 7322399 AND 7322498
	Aggregate  (cost=401.00..401.01 rows=1 width=8)
	  ->  Index Scan using sbtest8_pkey on sbtest8  (cost=0.43..400.74 rows=103 width=4)
	        Index Cond: ((id >= 7322399) AND (id <= 7322498))

for non_index_updates
table 1 : explain UPDATE sbtest1 SET c='foobar' WHERE id=9519117
	Update on sbtest1  (cost=0.43..8.45 rows=0 width=0)
	  ->  Index Scan using sbtest1_pkey on sbtest1  (cost=0.43..8.45 rows=1 width=490)
	        Index Cond: (id = 9519117)

table 2 : explain UPDATE sbtest2 SET c='foobar' WHERE id=7641737
	Update on sbtest2  (cost=0.43..8.45 rows=0 width=0)
	  ->  Index Scan using sbtest2_pkey on sbtest2  (cost=0.43..8.45 rows=1 width=490)
	        Index Cond: (id = 7641737)

table 3 : explain UPDATE sbtest3 SET c='foobar' WHERE id=9943135
	Update on sbtest3  (cost=0.43..8.45 rows=0 width=0)
	  ->  Index Scan using sbtest3_pkey on sbtest3  (cost=0.43..8.45 rows=1 width=490)
	        Index Cond: (id = 9943135)

table 4 : explain UPDATE sbtest4 SET c='foobar' WHERE id=3609187
	Update on sbtest4  (cost=0.43..8.45 rows=0 width=0)
	  ->  Index Scan using sbtest4_pkey on sbtest4  (cost=0.43..8.45 rows=1 width=490)
	        Index Cond: (id = 3609187)

table 5 : explain UPDATE sbtest5 SET c='foobar' WHERE id=775193
	Update on sbtest5  (cost=0.43..8.45 rows=0 width=0)
	  ->  Index Scan using sbtest5_pkey on sbtest5  (cost=0.43..8.45 rows=1 width=490)
	        Index Cond: (id = 775193)

table 6 : explain UPDATE sbtest6 SET c='foobar' WHERE id=9121927
	Update on sbtest6  (cost=0.43..8.45 rows=0 width=0)
	  ->  Index Scan using sbtest6_pkey on sbtest6  (cost=0.43..8.45 rows=1 width=490)
	        Index Cond: (id = 9121927)

table 7 : explain UPDATE sbtest7 SET c='foobar' WHERE id=1490120
	Update on sbtest7  (cost=0.43..8.45 rows=0 width=0)
	  ->  Index Scan using sbtest7_pkey on sbtest7  (cost=0.43..8.45 rows=1 width=490)
	        Index Cond: (id = 1490120)

table 8 : explain UPDATE sbtest8 SET c='foobar' WHERE id=7656785
	Update on sbtest8  (cost=0.43..8.45 rows=0 width=0)
	  ->  Index Scan using sbtest8_pkey on sbtest8  (cost=0.43..8.45 rows=1 width=490)
	        Index Cond: (id = 7656785)

for index_updates
table 1 : explain UPDATE sbtest1 SET k=k+1 WHERE id=4287623
	Update on sbtest1  (cost=0.43..8.46 rows=0 width=0)
	  ->  Index Scan using sbtest1_pkey on sbtest1  (cost=0.43..8.46 rows=1 width=10)
	        Index Cond: (id = 4287623)

table 2 : explain UPDATE sbtest2 SET k=k+1 WHERE id=9700863
	Update on sbtest2  (cost=0.43..8.46 rows=0 width=0)
	  ->  Index Scan using sbtest2_pkey on sbtest2  (cost=0.43..8.46 rows=1 width=10)
	        Index Cond: (id = 9700863)

table 3 : explain UPDATE sbtest3 SET k=k+1 WHERE id=6077747
	Update on sbtest3  (cost=0.43..8.46 rows=0 width=0)
	  ->  Index Scan using sbtest3_pkey on sbtest3  (cost=0.43..8.46 rows=1 width=10)
	        Index Cond: (id = 6077747)

table 4 : explain UPDATE sbtest4 SET k=k+1 WHERE id=853207
	Update on sbtest4  (cost=0.43..8.46 rows=0 width=0)
	  ->  Index Scan using sbtest4_pkey on sbtest4  (cost=0.43..8.46 rows=1 width=10)
	        Index Cond: (id = 853207)

table 5 : explain UPDATE sbtest5 SET k=k+1 WHERE id=3324540
	Update on sbtest5  (cost=0.43..8.46 rows=0 width=0)
	  ->  Index Scan using sbtest5_pkey on sbtest5  (cost=0.43..8.46 rows=1 width=10)
	        Index Cond: (id = 3324540)

table 6 : explain UPDATE sbtest6 SET k=k+1 WHERE id=4286361
	Update on sbtest6  (cost=0.43..8.46 rows=0 width=0)
	  ->  Index Scan using sbtest6_pkey on sbtest6  (cost=0.43..8.46 rows=1 width=10)
	        Index Cond: (id = 4286361)

table 7 : explain UPDATE sbtest7 SET k=k+1 WHERE id=9438925
	Update on sbtest7  (cost=0.43..8.46 rows=0 width=0)
	  ->  Index Scan using sbtest7_pkey on sbtest7  (cost=0.43..8.46 rows=1 width=10)
	        Index Cond: (id = 9438925)

table 8 : explain UPDATE sbtest8 SET k=k+1 WHERE id=7256352
	Update on sbtest8  (cost=0.43..8.46 rows=0 width=0)
	  ->  Index Scan using sbtest8_pkey on sbtest8  (cost=0.43..8.46 rows=1 width=10)
	        Index Cond: (id = 7256352)

for index_updates
table 1 : explain UPDATE sbtest1 SET k=k+1 WHERE id=8612659
	Update on sbtest1  (cost=0.43..8.46 rows=0 width=0)
	  ->  Index Scan using sbtest1_pkey on sbtest1  (cost=0.43..8.46 rows=1 width=10)
	        Index Cond: (id = 8612659)

table 2 : explain UPDATE sbtest2 SET k=k+1 WHERE id=9433397
	Update on sbtest2  (cost=0.43..8.46 rows=0 width=0)
	  ->  Index Scan using sbtest2_pkey on sbtest2  (cost=0.43..8.46 rows=1 width=10)
	        Index Cond: (id = 9433397)

table 3 : explain UPDATE sbtest3 SET k=k+1 WHERE id=3526853
	Update on sbtest3  (cost=0.43..8.46 rows=0 width=0)
	  ->  Index Scan using sbtest3_pkey on sbtest3  (cost=0.43..8.46 rows=1 width=10)
	        Index Cond: (id = 3526853)

table 4 : explain UPDATE sbtest4 SET k=k+1 WHERE id=7673245
	Update on sbtest4  (cost=0.43..8.46 rows=0 width=0)
	  ->  Index Scan using sbtest4_pkey on sbtest4  (cost=0.43..8.46 rows=1 width=10)
	        Index Cond: (id = 7673245)

table 5 : explain UPDATE sbtest5 SET k=k+1 WHERE id=8540738
	Update on sbtest5  (cost=0.43..8.46 rows=0 width=0)
	  ->  Index Scan using sbtest5_pkey on sbtest5  (cost=0.43..8.46 rows=1 width=10)
	        Index Cond: (id = 8540738)

table 6 : explain UPDATE sbtest6 SET k=k+1 WHERE id=4625006
	Update on sbtest6  (cost=0.43..8.46 rows=0 width=0)
	  ->  Index Scan using sbtest6_pkey on sbtest6  (cost=0.43..8.46 rows=1 width=10)
	        Index Cond: (id = 4625006)

table 7 : explain UPDATE sbtest7 SET k=k+1 WHERE id=1574851
	Update on sbtest7  (cost=0.43..8.46 rows=0 width=0)
	  ->  Index Scan using sbtest7_pkey on sbtest7  (cost=0.43..8.46 rows=1 width=10)
	        Index Cond: (id = 1574851)

table 8 : explain UPDATE sbtest8 SET k=k+1 WHERE id=6734940
	Update on sbtest8  (cost=0.43..8.46 rows=0 width=0)
	  ->  Index Scan using sbtest8_pkey on sbtest8  (cost=0.43..8.46 rows=1 width=10)
	        Index Cond: (id = 6734940)

explain: for deletes :: explain DELETE FROM sbtest%u WHERE id=%u
for: sum_ranges
table 1 : explain SELECT SUM(k) FROM sbtest1 WHERE id BETWEEN 3971895 AND 3971994
	Aggregate  (cost=402.02..402.03 rows=1 width=8)
	  ->  Index Scan using sbtest1_pkey on sbtest1  (cost=0.43..401.76 rows=102 width=4)
	        Index Cond: ((id >= 3971895) AND (id <= 3971994))

table 2 : explain SELECT SUM(k) FROM sbtest2 WHERE id BETWEEN 1231404 AND 1231503
	Aggregate  (cost=421.48..421.49 rows=1 width=8)
	  ->  Index Scan using sbtest2_pkey on sbtest2  (cost=0.43..421.21 rows=107 width=4)
	        Index Cond: ((id >= 1231404) AND (id <= 1231503))

table 3 : explain SELECT SUM(k) FROM sbtest3 WHERE id BETWEEN 9918035 AND 9918134
	Aggregate  (cost=385.10..385.11 rows=1 width=8)
	  ->  Index Scan using sbtest3_pkey on sbtest3  (cost=0.43..384.85 rows=98 width=4)
	        Index Cond: ((id >= 9918035) AND (id <= 9918134))

table 4 : explain SELECT SUM(k) FROM sbtest4 WHERE id BETWEEN 6856144 AND 6856243
	Aggregate  (cost=388.68..388.69 rows=1 width=8)
	  ->  Index Scan using sbtest4_pkey on sbtest4  (cost=0.43..388.44 rows=99 width=4)
	        Index Cond: ((id >= 6856144) AND (id <= 6856243))

table 5 : explain SELECT SUM(k) FROM sbtest5 WHERE id BETWEEN 917856 AND 917955
	Aggregate  (cost=391.68..391.69 rows=1 width=8)
	  ->  Index Scan using sbtest5_pkey on sbtest5  (cost=0.43..391.43 rows=100 width=4)
	        Index Cond: ((id >= 917856) AND (id <= 917955))

table 6 : explain SELECT SUM(k) FROM sbtest6 WHERE id BETWEEN 4483254 AND 4483353
	Aggregate  (cost=377.65..377.66 rows=1 width=8)
	  ->  Index Scan using sbtest6_pkey on sbtest6  (cost=0.43..377.41 rows=96 width=4)
	        Index Cond: ((id >= 4483254) AND (id <= 4483353))

table 7 : explain SELECT SUM(k) FROM sbtest7 WHERE id BETWEEN 1151440 AND 1151539
	Aggregate  (cost=371.51..371.52 rows=1 width=8)
	  ->  Index Scan using sbtest7_pkey on sbtest7  (cost=0.43..371.27 rows=95 width=4)
	        Index Cond: ((id >= 1151440) AND (id <= 1151539))

table 8 : explain SELECT SUM(k) FROM sbtest8 WHERE id BETWEEN 4580840 AND 4580939
	Aggregate  (cost=420.24..420.25 rows=1 width=8)
	  ->  Index Scan using sbtest8_pkey on sbtest8  (cost=0.43..419.97 rows=108 width=4)
	        Index Cond: ((id >= 4580840) AND (id <= 4580939))

explain: for non_index_updates :: explain UPDATE sbtest%u SET c='foobar' WHERE id=%u
for index_updates
table 1 : explain UPDATE sbtest1 SET k=k+1 WHERE id=5720280
	Update on sbtest1  (cost=0.43..8.46 rows=0 width=0)
	  ->  Index Scan using sbtest1_pkey on sbtest1  (cost=0.43..8.46 rows=1 width=10)
	        Index Cond: (id = 5720280)

table 2 : explain UPDATE sbtest2 SET k=k+1 WHERE id=2189639
	Update on sbtest2  (cost=0.43..8.46 rows=0 width=0)
	  ->  Index Scan using sbtest2_pkey on sbtest2  (cost=0.43..8.46 rows=1 width=10)
	        Index Cond: (id = 2189639)

table 3 : explain UPDATE sbtest3 SET k=k+1 WHERE id=4979915
	Update on sbtest3  (cost=0.43..8.46 rows=0 width=0)
	  ->  Index Scan using sbtest3_pkey on sbtest3  (cost=0.43..8.46 rows=1 width=10)
	        Index Cond: (id = 4979915)

table 4 : explain UPDATE sbtest4 SET k=k+1 WHERE id=2094745
	Update on sbtest4  (cost=0.43..8.46 rows=0 width=0)
	  ->  Index Scan using sbtest4_pkey on sbtest4  (cost=0.43..8.46 rows=1 width=10)
	        Index Cond: (id = 2094745)

table 5 : explain UPDATE sbtest5 SET k=k+1 WHERE id=609307
	Update on sbtest5  (cost=0.43..8.46 rows=0 width=0)
	  ->  Index Scan using sbtest5_pkey on sbtest5  (cost=0.43..8.46 rows=1 width=10)
	        Index Cond: (id = 609307)

table 6 : explain UPDATE sbtest6 SET k=k+1 WHERE id=6190794
	Update on sbtest6  (cost=0.43..8.46 rows=0 width=0)
	  ->  Index Scan using sbtest6_pkey on sbtest6  (cost=0.43..8.46 rows=1 width=10)
	        Index Cond: (id = 6190794)

table 7 : explain UPDATE sbtest7 SET k=k+1 WHERE id=7292438
	Update on sbtest7  (cost=0.43..8.46 rows=0 width=0)
	  ->  Index Scan using sbtest7_pkey on sbtest7  (cost=0.43..8.46 rows=1 width=10)
	        Index Cond: (id = 7292438)

table 8 : explain UPDATE sbtest8 SET k=k+1 WHERE id=4399175
	Update on sbtest8  (cost=0.43..8.46 rows=0 width=0)
	  ->  Index Scan using sbtest8_pkey on sbtest8  (cost=0.43..8.46 rows=1 width=10)
	        Index Cond: (id = 4399175)

explain: for non_index_updates :: explain UPDATE sbtest%u SET c='foobar' WHERE id=%u
explain: for non_index_updates :: explain UPDATE sbtest%u SET c='foobar' WHERE id=%u
for non_index_updates
table 1 : explain UPDATE sbtest1 SET c='foobar' WHERE id=9145078
	Update on sbtest1  (cost=0.43..8.45 rows=0 width=0)
	  ->  Index Scan using sbtest1_pkey on sbtest1  (cost=0.43..8.45 rows=1 width=490)
	        Index Cond: (id = 9145078)

table 2 : explain UPDATE sbtest2 SET c='foobar' WHERE id=7075907
	Update on sbtest2  (cost=0.43..8.45 rows=0 width=0)
	  ->  Index Scan using sbtest2_pkey on sbtest2  (cost=0.43..8.45 rows=1 width=490)
	        Index Cond: (id = 7075907)

table 3 : explain UPDATE sbtest3 SET c='foobar' WHERE id=5802602
	Update on sbtest3  (cost=0.43..8.45 rows=0 width=0)
	  ->  Index Scan using sbtest3_pkey on sbtest3  (cost=0.43..8.45 rows=1 width=490)
	        Index Cond: (id = 5802602)

table 4 : explain UPDATE sbtest4 SET c='foobar' WHERE id=4596682
	Update on sbtest4  (cost=0.43..8.45 rows=0 width=0)
	  ->  Index Scan using sbtest4_pkey on sbtest4  (cost=0.43..8.45 rows=1 width=490)
	        Index Cond: (id = 4596682)

table 5 : explain UPDATE sbtest5 SET c='foobar' WHERE id=6652393
	Update on sbtest5  (cost=0.43..8.45 rows=0 width=0)
	  ->  Index Scan using sbtest5_pkey on sbtest5  (cost=0.43..8.45 rows=1 width=490)
	        Index Cond: (id = 6652393)

table 6 : explain UPDATE sbtest6 SET c='foobar' WHERE id=4289769
	Update on sbtest6  (cost=0.43..8.45 rows=0 width=0)
	  ->  Index Scan using sbtest6_pkey on sbtest6  (cost=0.43..8.45 rows=1 width=490)
	        Index Cond: (id = 4289769)

table 7 : explain UPDATE sbtest7 SET c='foobar' WHERE id=2851232
	Update on sbtest7  (cost=0.43..8.45 rows=0 width=0)
	  ->  Index Scan using sbtest7_pkey on sbtest7  (cost=0.43..8.45 rows=1 width=490)
	        Index Cond: (id = 2851232)

table 8 : explain UPDATE sbtest8 SET c='foobar' WHERE id=7644799
	Update on sbtest8  (cost=0.43..8.45 rows=0 width=0)
	  ->  Index Scan using sbtest8_pkey on sbtest8  (cost=0.43..8.45 rows=1 width=490)
	        Index Cond: (id = 7644799)

for deletes
table 1 : explain DELETE FROM sbtest1 WHERE id=6606940
	Delete on sbtest1  (cost=0.43..8.45 rows=0 width=0)
	  ->  Index Scan using sbtest1_pkey on sbtest1  (cost=0.43..8.45 rows=1 width=6)
	        Index Cond: (id = 6606940)

table 2 : explain DELETE FROM sbtest2 WHERE id=6480011
	Delete on sbtest2  (cost=0.43..8.45 rows=0 width=0)
	  ->  Index Scan using sbtest2_pkey on sbtest2  (cost=0.43..8.45 rows=1 width=6)
	        Index Cond: (id = 6480011)

table 3 : explain DELETE FROM sbtest3 WHERE id=6283184
	Delete on sbtest3  (cost=0.43..8.45 rows=0 width=0)
	  ->  Index Scan using sbtest3_pkey on sbtest3  (cost=0.43..8.45 rows=1 width=6)
	        Index Cond: (id = 6283184)

table 4 : explain DELETE FROM sbtest4 WHERE id=1428286
	Delete on sbtest4  (cost=0.43..8.45 rows=0 width=0)
	  ->  Index Scan using sbtest4_pkey on sbtest4  (cost=0.43..8.45 rows=1 width=6)
	        Index Cond: (id = 1428286)

table 5 : explain DELETE FROM sbtest5 WHERE id=1203378
	Delete on sbtest5  (cost=0.43..8.45 rows=0 width=0)
	  ->  Index Scan using sbtest5_pkey on sbtest5  (cost=0.43..8.45 rows=1 width=6)
	        Index Cond: (id = 1203378)

table 6 : explain DELETE FROM sbtest6 WHERE id=7216591
	Delete on sbtest6  (cost=0.43..8.45 rows=0 width=0)
	  ->  Index Scan using sbtest6_pkey on sbtest6  (cost=0.43..8.45 rows=1 width=6)
	        Index Cond: (id = 7216591)

table 7 : explain DELETE FROM sbtest7 WHERE id=554333
	Delete on sbtest7  (cost=0.43..8.45 rows=0 width=0)
	  ->  Index Scan using sbtest7_pkey on sbtest7  (cost=0.43..8.45 rows=1 width=6)
	        Index Cond: (id = 554333)

table 8 : explain DELETE FROM sbtest8 WHERE id=1073783
	Delete on sbtest8  (cost=0.43..8.45 rows=0 width=0)
	  ->  Index Scan using sbtest8_pkey on sbtest8  (cost=0.43..8.45 rows=1 width=6)
	        Index Cond: (id = 1073783)

explain: for deletes :: explain DELETE FROM sbtest%u WHERE id=%u
for non_index_updates
table 1 : explain UPDATE sbtest1 SET c='foobar' WHERE id=1057686
	Update on sbtest1  (cost=0.43..8.45 rows=0 width=0)
	  ->  Index Scan using sbtest1_pkey on sbtest1  (cost=0.43..8.45 rows=1 width=490)
	        Index Cond: (id = 1057686)

table 2 : explain UPDATE sbtest2 SET c='foobar' WHERE id=9267982
	Update on sbtest2  (cost=0.43..8.45 rows=0 width=0)
	  ->  Index Scan using sbtest2_pkey on sbtest2  (cost=0.43..8.45 rows=1 width=490)
	        Index Cond: (id = 9267982)

table 3 : explain UPDATE sbtest3 SET c='foobar' WHERE id=9289608
	Update on sbtest3  (cost=0.43..8.45 rows=0 width=0)
	  ->  Index Scan using sbtest3_pkey on sbtest3  (cost=0.43..8.45 rows=1 width=490)
	        Index Cond: (id = 9289608)

table 4 : explain UPDATE sbtest4 SET c='foobar' WHERE id=9582438
	Update on sbtest4  (cost=0.43..8.45 rows=0 width=0)
	  ->  Index Scan using sbtest4_pkey on sbtest4  (cost=0.43..8.45 rows=1 width=490)
	        Index Cond: (id = 9582438)

table 5 : explain UPDATE sbtest5 SET c='foobar' WHERE id=4333627
	Update on sbtest5  (cost=0.43..8.45 rows=0 width=0)
	  ->  Index Scan using sbtest5_pkey on sbtest5  (cost=0.43..8.45 rows=1 width=490)
	        Index Cond: (id = 4333627)

table 6 : explain UPDATE sbtest6 SET c='foobar' WHERE id=9654126
	Update on sbtest6  (cost=0.43..8.45 rows=0 width=0)
	  ->  Index Scan using sbtest6_pkey on sbtest6  (cost=0.43..8.45 rows=1 width=490)
	        Index Cond: (id = 9654126)

table 7 : explain UPDATE sbtest7 SET c='foobar' WHERE id=9036073
	Update on sbtest7  (cost=0.43..8.45 rows=0 width=0)
	  ->  Index Scan using sbtest7_pkey on sbtest7  (cost=0.43..8.45 rows=1 width=490)
	        Index Cond: (id = 9036073)

table 8 : explain UPDATE sbtest8 SET c='foobar' WHERE id=5695628
	Update on sbtest8  (cost=0.43..8.45 rows=0 width=0)
	  ->  Index Scan using sbtest8_pkey on sbtest8  (cost=0.43..8.45 rows=1 width=490)
	        Index Cond: (id = 5695628)

for non_index_updates
table 1 : explain UPDATE sbtest1 SET c='foobar' WHERE id=4749633
	Update on sbtest1  (cost=0.43..8.45 rows=0 width=0)
	  ->  Index Scan using sbtest1_pkey on sbtest1  (cost=0.43..8.45 rows=1 width=490)
	        Index Cond: (id = 4749633)

table 2 : explain UPDATE sbtest2 SET c='foobar' WHERE id=6082614
	Update on sbtest2  (cost=0.43..8.45 rows=0 width=0)
	  ->  Index Scan using sbtest2_pkey on sbtest2  (cost=0.43..8.45 rows=1 width=490)
	        Index Cond: (id = 6082614)

table 3 : explain UPDATE sbtest3 SET c='foobar' WHERE id=3810584
	Update on sbtest3  (cost=0.43..8.45 rows=0 width=0)
	  ->  Index Scan using sbtest3_pkey on sbtest3  (cost=0.43..8.45 rows=1 width=490)
	        Index Cond: (id = 3810584)

table 4 : explain UPDATE sbtest4 SET c='foobar' WHERE id=6753643
	Update on sbtest4  (cost=0.43..8.45 rows=0 width=0)
	  ->  Index Scan using sbtest4_pkey on sbtest4  (cost=0.43..8.45 rows=1 width=490)
	        Index Cond: (id = 6753643)

table 5 : explain UPDATE sbtest5 SET c='foobar' WHERE id=8277685
	Update on sbtest5  (cost=0.43..8.45 rows=0 width=0)
	  ->  Index Scan using sbtest5_pkey on sbtest5  (cost=0.43..8.45 rows=1 width=490)
	        Index Cond: (id = 8277685)

table 6 : explain UPDATE sbtest6 SET c='foobar' WHERE id=2276824
	Update on sbtest6  (cost=0.43..8.45 rows=0 width=0)
	  ->  Index Scan using sbtest6_pkey on sbtest6  (cost=0.43..8.45 rows=1 width=490)
	        Index Cond: (id = 2276824)

table 7 : explain UPDATE sbtest7 SET c='foobar' WHERE id=1822834
	Update on sbtest7  (cost=0.43..8.45 rows=0 width=0)
	  ->  Index Scan using sbtest7_pkey on sbtest7  (cost=0.43..8.45 rows=1 width=490)
	        Index Cond: (id = 1822834)

table 8 : explain UPDATE sbtest8 SET c='foobar' WHERE id=5603889
	Update on sbtest8  (cost=0.43..8.45 rows=0 width=0)
	  ->  Index Scan using sbtest8_pkey on sbtest8  (cost=0.43..8.45 rows=1 width=490)
	        Index Cond: (id = 5603889)

for deletes
table 1 : explain DELETE FROM sbtest1 WHERE id=926011
	Delete on sbtest1  (cost=0.43..8.45 rows=0 width=0)
	  ->  Index Scan using sbtest1_pkey on sbtest1  (cost=0.43..8.45 rows=1 width=6)
	        Index Cond: (id = 926011)

table 2 : explain DELETE FROM sbtest2 WHERE id=8473189
	Delete on sbtest2  (cost=0.43..8.45 rows=0 width=0)
	  ->  Index Scan using sbtest2_pkey on sbtest2  (cost=0.43..8.45 rows=1 width=6)
	        Index Cond: (id = 8473189)

table 3 : explain DELETE FROM sbtest3 WHERE id=6634803
	Delete on sbtest3  (cost=0.43..8.45 rows=0 width=0)
	  ->  Index Scan using sbtest3_pkey on sbtest3  (cost=0.43..8.45 rows=1 width=6)
	        Index Cond: (id = 6634803)

table 4 : explain DELETE FROM sbtest4 WHERE id=9641067
	Delete on sbtest4  (cost=0.43..8.45 rows=0 width=0)
	  ->  Index Scan using sbtest4_pkey on sbtest4  (cost=0.43..8.45 rows=1 width=6)
	        Index Cond: (id = 9641067)

table 5 : explain DELETE FROM sbtest5 WHERE id=2246576
	Delete on sbtest5  (cost=0.43..8.45 rows=0 width=0)
	  ->  Index Scan using sbtest5_pkey on sbtest5  (cost=0.43..8.45 rows=1 width=6)
	        Index Cond: (id = 2246576)

table 6 : explain DELETE FROM sbtest6 WHERE id=2720586
	Delete on sbtest6  (cost=0.43..8.45 rows=0 width=0)
	  ->  Index Scan using sbtest6_pkey on sbtest6  (cost=0.43..8.45 rows=1 width=6)
	        Index Cond: (id = 2720586)

table 7 : explain DELETE FROM sbtest7 WHERE id=1008474
	Delete on sbtest7  (cost=0.43..8.45 rows=0 width=0)
	  ->  Index Scan using sbtest7_pkey on sbtest7  (cost=0.43..8.45 rows=1 width=6)
	        Index Cond: (id = 1008474)

table 8 : explain DELETE FROM sbtest8 WHERE id=9236711
	Delete on sbtest8  (cost=0.43..8.45 rows=0 width=0)
	  ->  Index Scan using sbtest8_pkey on sbtest8  (cost=0.43..8.45 rows=1 width=6)
	        Index Cond: (id = 9236711)

explain: for inserts :: explain INSERT INTO sbtest%u (id, k, c, pad) VALUES (%u, 13, 'foobar', 'foobar')
explain: for deletes :: explain DELETE FROM sbtest%u WHERE id=%u
for: order_ranges
table 1 : explain SELECT c FROM sbtest1 WHERE id BETWEEN 9673523 AND 9673622 ORDER BY c
	Sort  (cost=420.90..421.17 rows=106 width=121)
	  Sort Key: c
	  ->  Index Scan using sbtest1_pkey on sbtest1  (cost=0.43..417.33 rows=106 width=121)
	        Index Cond: ((id >= 9673523) AND (id <= 9673622))

table 2 : explain SELECT c FROM sbtest2 WHERE id BETWEEN 9680459 AND 9680558 ORDER BY c
	Sort  (cost=397.28..397.53 rows=100 width=121)
	  Sort Key: c
	  ->  Index Scan using sbtest2_pkey on sbtest2  (cost=0.43..393.96 rows=100 width=121)
	        Index Cond: ((id >= 9680459) AND (id <= 9680558))

table 3 : explain SELECT c FROM sbtest3 WHERE id BETWEEN 5242138 AND 5242237 ORDER BY c
	Sort  (cost=423.41..423.68 rows=107 width=121)
	  Sort Key: c
	  ->  Index Scan using sbtest3_pkey on sbtest3  (cost=0.43..419.80 rows=107 width=121)
	        Index Cond: ((id >= 5242138) AND (id <= 5242237))

table 4 : explain SELECT c FROM sbtest4 WHERE id BETWEEN 4291714 AND 4291813 ORDER BY c
	Sort  (cost=379.93..380.17 rows=96 width=121)
	  Sort Key: c
	  ->  Index Scan using sbtest4_pkey on sbtest4  (cost=0.43..376.77 rows=96 width=121)
	        Index Cond: ((id >= 4291714) AND (id <= 4291813))

table 5 : explain SELECT c FROM sbtest5 WHERE id BETWEEN 7847879 AND 7847978 ORDER BY c
	Sort  (cost=406.48..406.73 rows=103 width=121)
	  Sort Key: c
	  ->  Index Scan using sbtest5_pkey on sbtest5  (cost=0.43..403.03 rows=103 width=121)
	        Index Cond: ((id >= 7847879) AND (id <= 7847978))

table 6 : explain SELECT c FROM sbtest6 WHERE id BETWEEN 7765403 AND 7765502 ORDER BY c
	Sort  (cost=372.73..372.96 rows=94 width=121)
	  Sort Key: c
	  ->  Index Scan using sbtest6_pkey on sbtest6  (cost=0.43..369.65 rows=94 width=121)
	        Index Cond: ((id >= 7765403) AND (id <= 7765502))

table 7 : explain SELECT c FROM sbtest7 WHERE id BETWEEN 5608826 AND 5608925 ORDER BY c
	Sort  (cost=378.29..378.53 rows=96 width=121)
	  Sort Key: c
	  ->  Index Scan using sbtest7_pkey on sbtest7  (cost=0.43..375.13 rows=96 width=121)
	        Index Cond: ((id >= 5608826) AND (id <= 5608925))

table 8 : explain SELECT c FROM sbtest8 WHERE id BETWEEN 7217831 AND 7217930 ORDER BY c
	Sort  (cost=380.88..381.12 rows=97 width=121)
	  Sort Key: c
	  ->  Index Scan using sbtest8_pkey on sbtest8  (cost=0.43..377.67 rows=97 width=121)
	        Index Cond: ((id >= 7217831) AND (id <= 7217930))

explain: for deletes :: explain DELETE FROM sbtest%u WHERE id=%u
explain: for inserts :: explain INSERT INTO sbtest%u (id, k, c, pad) VALUES (%u, 13, 'foobar', 'foobar')
for deletes
table 1 : explain DELETE FROM sbtest1 WHERE id=1465557
	Delete on sbtest1  (cost=0.43..8.45 rows=0 width=0)
	  ->  Index Scan using sbtest1_pkey on sbtest1  (cost=0.43..8.45 rows=1 width=6)
	        Index Cond: (id = 1465557)

table 2 : explain DELETE FROM sbtest2 WHERE id=148506
	Delete on sbtest2  (cost=0.43..8.45 rows=0 width=0)
	  ->  Index Scan using sbtest2_pkey on sbtest2  (cost=0.43..8.45 rows=1 width=6)
	        Index Cond: (id = 148506)

table 3 : explain DELETE FROM sbtest3 WHERE id=3705658
	Delete on sbtest3  (cost=0.43..8.45 rows=0 width=0)
	  ->  Index Scan using sbtest3_pkey on sbtest3  (cost=0.43..8.45 rows=1 width=6)
	        Index Cond: (id = 3705658)

table 4 : explain DELETE FROM sbtest4 WHERE id=1757590
	Delete on sbtest4  (cost=0.43..8.45 rows=0 width=0)
	  ->  Index Scan using sbtest4_pkey on sbtest4  (cost=0.43..8.45 rows=1 width=6)
	        Index Cond: (id = 1757590)

table 5 : explain DELETE FROM sbtest5 WHERE id=7390504
	Delete on sbtest5  (cost=0.43..8.45 rows=0 width=0)
	  ->  Index Scan using sbtest5_pkey on sbtest5  (cost=0.43..8.45 rows=1 width=6)
	        Index Cond: (id = 7390504)

table 6 : explain DELETE FROM sbtest6 WHERE id=836595
	Delete on sbtest6  (cost=0.43..8.45 rows=0 width=0)
	  ->  Index Scan using sbtest6_pkey on sbtest6  (cost=0.43..8.45 rows=1 width=6)
	        Index Cond: (id = 836595)

table 7 : explain DELETE FROM sbtest7 WHERE id=2852417
	Delete on sbtest7  (cost=0.43..8.45 rows=0 width=0)
	  ->  Index Scan using sbtest7_pkey on sbtest7  (cost=0.43..8.45 rows=1 width=6)
	        Index Cond: (id = 2852417)

table 8 : explain DELETE FROM sbtest8 WHERE id=4778169
	Delete on sbtest8  (cost=0.43..8.45 rows=0 width=0)
	  ->  Index Scan using sbtest8_pkey on sbtest8  (cost=0.43..8.45 rows=1 width=6)
	        Index Cond: (id = 4778169)

for inserts
table 1 : explain INSERT INTO sbtest1 (id, k, c, pad) VALUES (8021921, 13, 'foobar', 'foobar')
	Insert on sbtest1  (cost=0.00..0.01 rows=0 width=0)
	  ->  Result  (cost=0.00..0.01 rows=1 width=736)

table 2 : explain INSERT INTO sbtest2 (id, k, c, pad) VALUES (3152957, 13, 'foobar', 'foobar')
	Insert on sbtest2  (cost=0.00..0.01 rows=0 width=0)
	  ->  Result  (cost=0.00..0.01 rows=1 width=736)

table 3 : explain INSERT INTO sbtest3 (id, k, c, pad) VALUES (9851098, 13, 'foobar', 'foobar')
	Insert on sbtest3  (cost=0.00..0.01 rows=0 width=0)
	  ->  Result  (cost=0.00..0.01 rows=1 width=736)

table 4 : explain INSERT INTO sbtest4 (id, k, c, pad) VALUES (4698477, 13, 'foobar', 'foobar')
	Insert on sbtest4  (cost=0.00..0.01 rows=0 width=0)
	  ->  Result  (cost=0.00..0.01 rows=1 width=736)

table 5 : explain INSERT INTO sbtest5 (id, k, c, pad) VALUES (8120875, 13, 'foobar', 'foobar')
	Insert on sbtest5  (cost=0.00..0.01 rows=0 width=0)
	  ->  Result  (cost=0.00..0.01 rows=1 width=736)

table 6 : explain INSERT INTO sbtest6 (id, k, c, pad) VALUES (3133820, 13, 'foobar', 'foobar')
	Insert on sbtest6  (cost=0.00..0.01 rows=0 width=0)
	  ->  Result  (cost=0.00..0.01 rows=1 width=736)

table 7 : explain INSERT INTO sbtest7 (id, k, c, pad) VALUES (5941457, 13, 'foobar', 'foobar')
	Insert on sbtest7  (cost=0.00..0.01 rows=0 width=0)
	  ->  Result  (cost=0.00..0.01 rows=1 width=736)

table 8 : explain INSERT INTO sbtest8 (id, k, c, pad) VALUES (6916965, 13, 'foobar', 'foobar')
	Insert on sbtest8  (cost=0.00..0.01 rows=0 width=0)
	  ->  Result  (cost=0.00..0.01 rows=1 width=736)

for inserts
table 1 : explain INSERT INTO sbtest1 (id, k, c, pad) VALUES (7852684, 13, 'foobar', 'foobar')
	Insert on sbtest1  (cost=0.00..0.01 rows=0 width=0)
	  ->  Result  (cost=0.00..0.01 rows=1 width=736)

table 2 : explain INSERT INTO sbtest2 (id, k, c, pad) VALUES (3206692, 13, 'foobar', 'foobar')
	Insert on sbtest2  (cost=0.00..0.01 rows=0 width=0)
	  ->  Result  (cost=0.00..0.01 rows=1 width=736)

table 3 : explain INSERT INTO sbtest3 (id, k, c, pad) VALUES (4630555, 13, 'foobar', 'foobar')
	Insert on sbtest3  (cost=0.00..0.01 rows=0 width=0)
	  ->  Result  (cost=0.00..0.01 rows=1 width=736)

table 4 : explain INSERT INTO sbtest4 (id, k, c, pad) VALUES (4886579, 13, 'foobar', 'foobar')
	Insert on sbtest4  (cost=0.00..0.01 rows=0 width=0)
	  ->  Result  (cost=0.00..0.01 rows=1 width=736)

table 5 : explain INSERT INTO sbtest5 (id, k, c, pad) VALUES (9605884, 13, 'foobar', 'foobar')
	Insert on sbtest5  (cost=0.00..0.01 rows=0 width=0)
	  ->  Result  (cost=0.00..0.01 rows=1 width=736)

table 6 : explain INSERT INTO sbtest6 (id, k, c, pad) VALUES (5261476, 13, 'foobar', 'foobar')
	Insert on sbtest6  (cost=0.00..0.01 rows=0 width=0)
	  ->  Result  (cost=0.00..0.01 rows=1 width=736)

table 7 : explain INSERT INTO sbtest7 (id, k, c, pad) VALUES (8475135, 13, 'foobar', 'foobar')
	Insert on sbtest7  (cost=0.00..0.01 rows=0 width=0)
	  ->  Result  (cost=0.00..0.01 rows=1 width=736)

table 8 : explain INSERT INTO sbtest8 (id, k, c, pad) VALUES (6798105, 13, 'foobar', 'foobar')
	Insert on sbtest8  (cost=0.00..0.01 rows=0 width=0)
	  ->  Result  (cost=0.00..0.01 rows=1 width=736)

for deletes
table 1 : explain DELETE FROM sbtest1 WHERE id=312338
	Delete on sbtest1  (cost=0.43..8.45 rows=0 width=0)
	  ->  Index Scan using sbtest1_pkey on sbtest1  (cost=0.43..8.45 rows=1 width=6)
	        Index Cond: (id = 312338)

table 2 : explain DELETE FROM sbtest2 WHERE id=5052476
	Delete on sbtest2  (cost=0.43..8.45 rows=0 width=0)
	  ->  Index Scan using sbtest2_pkey on sbtest2  (cost=0.43..8.45 rows=1 width=6)
	        Index Cond: (id = 5052476)

table 3 : explain DELETE FROM sbtest3 WHERE id=4076876
	Delete on sbtest3  (cost=0.43..8.45 rows=0 width=0)
	  ->  Index Scan using sbtest3_pkey on sbtest3  (cost=0.43..8.45 rows=1 width=6)
	        Index Cond: (id = 4076876)

table 4 : explain DELETE FROM sbtest4 WHERE id=104825
	Delete on sbtest4  (cost=0.43..8.45 rows=0 width=0)
	  ->  Index Scan using sbtest4_pkey on sbtest4  (cost=0.43..8.45 rows=1 width=6)
	        Index Cond: (id = 104825)

table 5 : explain DELETE FROM sbtest5 WHERE id=6876947
	Delete on sbtest5  (cost=0.43..8.45 rows=0 width=0)
	  ->  Index Scan using sbtest5_pkey on sbtest5  (cost=0.43..8.45 rows=1 width=6)
	        Index Cond: (id = 6876947)

table 6 : explain DELETE FROM sbtest6 WHERE id=9159846
	Delete on sbtest6  (cost=0.43..8.45 rows=0 width=0)
	  ->  Index Scan using sbtest6_pkey on sbtest6  (cost=0.43..8.45 rows=1 width=6)
	        Index Cond: (id = 9159846)

table 7 : explain DELETE FROM sbtest7 WHERE id=7582719
	Delete on sbtest7  (cost=0.43..8.45 rows=0 width=0)
	  ->  Index Scan using sbtest7_pkey on sbtest7  (cost=0.43..8.45 rows=1 width=6)
	        Index Cond: (id = 7582719)

table 8 : explain DELETE FROM sbtest8 WHERE id=8780995
	Delete on sbtest8  (cost=0.43..8.45 rows=0 width=0)
	  ->  Index Scan using sbtest8_pkey on sbtest8  (cost=0.43..8.45 rows=1 width=6)
	        Index Cond: (id = 8780995)

explain: for inserts :: explain INSERT INTO sbtest%u (id, k, c, pad) VALUES (%u, 13, 'foobar', 'foobar')
for: order_ranges
table 1 : explain SELECT c FROM sbtest1 WHERE id BETWEEN 2112413 AND 2112512 ORDER BY c
	Sort  (cost=369.73..369.96 rows=93 width=121)
	  Sort Key: c
	  ->  Index Scan using sbtest1_pkey on sbtest1  (cost=0.43..366.69 rows=93 width=121)
	        Index Cond: ((id >= 2112413) AND (id <= 2112512))

table 2 : explain SELECT c FROM sbtest2 WHERE id BETWEEN 9963710 AND 9963809 ORDER BY c
	Sort  (cost=401.21..401.47 rows=101 width=121)
	  Sort Key: c
	  ->  Index Scan using sbtest2_pkey on sbtest2  (cost=0.43..397.85 rows=101 width=121)
	        Index Cond: ((id >= 9963710) AND (id <= 9963809))

table 3 : explain SELECT c FROM sbtest3 WHERE id BETWEEN 637040 AND 637139 ORDER BY c
	Sort  (cost=407.73..407.99 rows=103 width=121)
	  Sort Key: c
	  ->  Index Scan using sbtest3_pkey on sbtest3  (cost=0.43..404.28 rows=103 width=121)
	        Index Cond: ((id >= 637040) AND (id <= 637139))

table 4 : explain SELECT c FROM sbtest4 WHERE id BETWEEN 7948957 AND 7949056 ORDER BY c
	Sort  (cost=360.35..360.58 rows=91 width=121)
	  Sort Key: c
	  ->  Index Scan using sbtest4_pkey on sbtest4  (cost=0.43..357.39 rows=91 width=121)
	        Index Cond: ((id >= 7948957) AND (id <= 7949056))

table 5 : explain SELECT c FROM sbtest5 WHERE id BETWEEN 7431885 AND 7431984 ORDER BY c
	Sort  (cost=422.11..422.38 rows=107 width=121)
	  Sort Key: c
	  ->  Index Scan using sbtest5_pkey on sbtest5  (cost=0.43..418.50 rows=107 width=121)
	        Index Cond: ((id >= 7431885) AND (id <= 7431984))

table 6 : explain SELECT c FROM sbtest6 WHERE id BETWEEN 2291980 AND 2292079 ORDER BY c
	Sort  (cost=392.38..392.62 rows=99 width=121)
	  Sort Key: c
	  ->  Index Scan using sbtest6_pkey on sbtest6  (cost=0.43..389.09 rows=99 width=121)
	        Index Cond: ((id >= 2291980) AND (id <= 2292079))

table 7 : explain SELECT c FROM sbtest7 WHERE id BETWEEN 6260520 AND 6260619 ORDER BY c
	Sort  (cost=421.23..421.49 rows=107 width=121)
	  Sort Key: c
	  ->  Index Scan using sbtest7_pkey on sbtest7  (cost=0.43..417.62 rows=107 width=121)
	        Index Cond: ((id >= 6260520) AND (id <= 6260619))

table 8 : explain SELECT c FROM sbtest8 WHERE id BETWEEN 7690400 AND 7690499 ORDER BY c
	Sort  (cost=396.42..396.67 rows=101 width=121)
	  Sort Key: c
	  ->  Index Scan using sbtest8_pkey on sbtest8  (cost=0.43..393.05 rows=101 width=121)
	        Index Cond: ((id >= 7690400) AND (id <= 7690499))

explain: for inserts :: explain INSERT INTO sbtest%u (id, k, c, pad) VALUES (%u, 13, 'foobar', 'foobar')
for inserts
table 1 : explain INSERT INTO sbtest1 (id, k, c, pad) VALUES (3594647, 13, 'foobar', 'foobar')
	Insert on sbtest1  (cost=0.00..0.01 rows=0 width=0)
	  ->  Result  (cost=0.00..0.01 rows=1 width=736)

table 2 : explain INSERT INTO sbtest2 (id, k, c, pad) VALUES (1502233, 13, 'foobar', 'foobar')
	Insert on sbtest2  (cost=0.00..0.01 rows=0 width=0)
	  ->  Result  (cost=0.00..0.01 rows=1 width=736)

table 3 : explain INSERT INTO sbtest3 (id, k, c, pad) VALUES (6970608, 13, 'foobar', 'foobar')
	Insert on sbtest3  (cost=0.00..0.01 rows=0 width=0)
	  ->  Result  (cost=0.00..0.01 rows=1 width=736)

table 4 : explain INSERT INTO sbtest4 (id, k, c, pad) VALUES (3880296, 13, 'foobar', 'foobar')
	Insert on sbtest4  (cost=0.00..0.01 rows=0 width=0)
	  ->  Result  (cost=0.00..0.01 rows=1 width=736)

table 5 : explain INSERT INTO sbtest5 (id, k, c, pad) VALUES (5944331, 13, 'foobar', 'foobar')
	Insert on sbtest5  (cost=0.00..0.01 rows=0 width=0)
	  ->  Result  (cost=0.00..0.01 rows=1 width=736)

table 6 : explain INSERT INTO sbtest6 (id, k, c, pad) VALUES (5386829, 13, 'foobar', 'foobar')
	Insert on sbtest6  (cost=0.00..0.01 rows=0 width=0)
	  ->  Result  (cost=0.00..0.01 rows=1 width=736)

table 7 : explain INSERT INTO sbtest7 (id, k, c, pad) VALUES (326871, 13, 'foobar', 'foobar')
	Insert on sbtest7  (cost=0.00..0.01 rows=0 width=0)
	  ->  Result  (cost=0.00..0.01 rows=1 width=736)

table 8 : explain INSERT INTO sbtest8 (id, k, c, pad) VALUES (6906014, 13, 'foobar', 'foobar')
	Insert on sbtest8  (cost=0.00..0.01 rows=0 width=0)
	  ->  Result  (cost=0.00..0.01 rows=1 width=736)

for inserts
table 1 : explain INSERT INTO sbtest1 (id, k, c, pad) VALUES (9260205, 13, 'foobar', 'foobar')
	Insert on sbtest1  (cost=0.00..0.01 rows=0 width=0)
	  ->  Result  (cost=0.00..0.01 rows=1 width=736)

table 2 : explain INSERT INTO sbtest2 (id, k, c, pad) VALUES (3342977, 13, 'foobar', 'foobar')
	Insert on sbtest2  (cost=0.00..0.01 rows=0 width=0)
	  ->  Result  (cost=0.00..0.01 rows=1 width=736)

table 3 : explain INSERT INTO sbtest3 (id, k, c, pad) VALUES (8781600, 13, 'foobar', 'foobar')
	Insert on sbtest3  (cost=0.00..0.01 rows=0 width=0)
	  ->  Result  (cost=0.00..0.01 rows=1 width=736)

table 4 : explain INSERT INTO sbtest4 (id, k, c, pad) VALUES (9567927, 13, 'foobar', 'foobar')
	Insert on sbtest4  (cost=0.00..0.01 rows=0 width=0)
	  ->  Result  (cost=0.00..0.01 rows=1 width=736)

table 5 : explain INSERT INTO sbtest5 (id, k, c, pad) VALUES (8076753, 13, 'foobar', 'foobar')
	Insert on sbtest5  (cost=0.00..0.01 rows=0 width=0)
	  ->  Result  (cost=0.00..0.01 rows=1 width=736)

table 6 : explain INSERT INTO sbtest6 (id, k, c, pad) VALUES (3782505, 13, 'foobar', 'foobar')
	Insert on sbtest6  (cost=0.00..0.01 rows=0 width=0)
	  ->  Result  (cost=0.00..0.01 rows=1 width=736)

table 7 : explain INSERT INTO sbtest7 (id, k, c, pad) VALUES (5557065, 13, 'foobar', 'foobar')
	Insert on sbtest7  (cost=0.00..0.01 rows=0 width=0)
	  ->  Result  (cost=0.00..0.01 rows=1 width=736)

table 8 : explain INSERT INTO sbtest8 (id, k, c, pad) VALUES (7642854, 13, 'foobar', 'foobar')
	Insert on sbtest8  (cost=0.00..0.01 rows=0 width=0)
	  ->  Result  (cost=0.00..0.01 rows=1 width=736)

for: distinct_ranges
table 1 : explain SELECT DISTINCT c FROM sbtest1 WHERE id BETWEEN 9338091 AND 9338190 ORDER BY c
	Unique  (cost=416.97..417.49 rows=105 width=121)
	  ->  Sort  (cost=416.97..417.23 rows=105 width=121)
	        Sort Key: c
	        ->  Index Scan using sbtest1_pkey on sbtest1  (cost=0.43..413.44 rows=105 width=121)
	              Index Cond: ((id >= 9338091) AND (id <= 9338190))

table 2 : explain SELECT DISTINCT c FROM sbtest2 WHERE id BETWEEN 2912628 AND 2912727 ORDER BY c
	Unique  (cost=350.05..350.49 rows=88 width=121)
	  ->  Sort  (cost=350.05..350.27 rows=88 width=121)
	        Sort Key: c
	        ->  Index Scan using sbtest2_pkey on sbtest2  (cost=0.43..347.21 rows=88 width=121)
	              Index Cond: ((id >= 2912628) AND (id <= 2912727))

table 3 : explain SELECT DISTINCT c FROM sbtest3 WHERE id BETWEEN 2057208 AND 2057307 ORDER BY c
	Unique  (cost=427.33..427.87 rows=108 width=121)
	  ->  Sort  (cost=427.33..427.60 rows=108 width=121)
	        Sort Key: c
	        ->  Index Scan using sbtest3_pkey on sbtest3  (cost=0.43..423.68 rows=108 width=121)
	              Index Cond: ((id >= 2057208) AND (id <= 2057307))

table 4 : explain SELECT DISTINCT c FROM sbtest4 WHERE id BETWEEN 3489917 AND 3490016 ORDER BY c
	Unique  (cost=450.47..451.04 rows=114 width=121)
	  ->  Sort  (cost=450.47..450.76 rows=114 width=121)
	        Sort Key: c
	        ->  Index Scan using sbtest4_pkey on sbtest4  (cost=0.43..446.58 rows=114 width=121)
	              Index Cond: ((id >= 3489917) AND (id <= 3490016))

table 5 : explain SELECT DISTINCT c FROM sbtest5 WHERE id BETWEEN 1383962 AND 1384061 ORDER BY c
	Unique  (cost=418.20..418.73 rows=106 width=121)
	  ->  Sort  (cost=418.20..418.47 rows=106 width=121)
	        Sort Key: c
	        ->  Index Scan using sbtest5_pkey on sbtest5  (cost=0.43..414.64 rows=106 width=121)
	              Index Cond: ((id >= 1383962) AND (id <= 1384061))

table 6 : explain SELECT DISTINCT c FROM sbtest6 WHERE id BETWEEN 6398866 AND 6398965 ORDER BY c
	Unique  (cost=427.69..428.23 rows=108 width=121)
	  ->  Sort  (cost=427.69..427.96 rows=108 width=121)
	        Sort Key: c
	        ->  Index Scan using sbtest6_pkey on sbtest6  (cost=0.43..424.04 rows=108 width=121)
	              Index Cond: ((id >= 6398866) AND (id <= 6398965))

table 7 : explain SELECT DISTINCT c FROM sbtest7 WHERE id BETWEEN 6467406 AND 6467505 ORDER BY c
	Unique  (cost=393.93..394.43 rows=100 width=121)
	  ->  Sort  (cost=393.93..394.18 rows=100 width=121)
	        Sort Key: c
	        ->  Index Scan using sbtest7_pkey on sbtest7  (cost=0.43..390.61 rows=100 width=121)
	              Index Cond: ((id >= 6467406) AND (id <= 6467505))

table 8 : explain SELECT DISTINCT c FROM sbtest8 WHERE id BETWEEN 4390538 AND 4390637 ORDER BY c
	Unique  (cost=392.53..393.03 rows=100 width=121)
	  ->  Sort  (cost=392.53..392.78 rows=100 width=121)
	        Sort Key: c
	        ->  Index Scan using sbtest8_pkey on sbtest8  (cost=0.43..389.21 rows=100 width=121)
	              Index Cond: ((id >= 4390538) AND (id <= 4390637))

explain: for index_updates :: explain UPDATE sbtest%u SET k=k+1 WHERE id=%u
for: distinct_ranges
table 1 : explain SELECT DISTINCT c FROM sbtest1 WHERE id BETWEEN 7963993 AND 7964092 ORDER BY c
	Unique  (cost=381.53..382.01 rows=96 width=121)
	  ->  Sort  (cost=381.53..381.77 rows=96 width=121)
	        Sort Key: c
	        ->  Index Scan using sbtest1_pkey on sbtest1  (cost=0.43..378.37 rows=96 width=121)
	              Index Cond: ((id >= 7963993) AND (id <= 7964092))

table 2 : explain SELECT DISTINCT c FROM sbtest2 WHERE id BETWEEN 1580117 AND 1580216 ORDER BY c
	Unique  (cost=365.78..366.24 rows=92 width=121)
	  ->  Sort  (cost=365.78..366.01 rows=92 width=121)
	        Sort Key: c
	        ->  Index Scan using sbtest2_pkey on sbtest2  (cost=0.43..362.78 rows=92 width=121)
	              Index Cond: ((id >= 1580117) AND (id <= 1580216))

table 3 : explain SELECT DISTINCT c FROM sbtest3 WHERE id BETWEEN 3492015 AND 3492114 ORDER BY c
	Unique  (cost=395.97..396.47 rows=100 width=121)
	  ->  Sort  (cost=395.97..396.22 rows=100 width=121)
	        Sort Key: c
	        ->  Index Scan using sbtest3_pkey on sbtest3  (cost=0.43..392.65 rows=100 width=121)
	              Index Cond: ((id >= 3492015) AND (id <= 3492114))

table 4 : explain SELECT DISTINCT c FROM sbtest4 WHERE id BETWEEN 3957218 AND 3957317 ORDER BY c
	Unique  (cost=387.77..388.26 rows=98 width=121)
	  ->  Sort  (cost=387.77..388.01 rows=98 width=121)
	        Sort Key: c
	        ->  Index Scan using sbtest4_pkey on sbtest4  (cost=0.43..384.52 rows=98 width=121)
	              Index Cond: ((id >= 3957218) AND (id <= 3957317))

table 5 : explain SELECT DISTINCT c FROM sbtest5 WHERE id BETWEEN 5784936 AND 5785035 ORDER BY c
	Unique  (cost=398.66..399.17 rows=101 width=121)
	  ->  Sort  (cost=398.66..398.91 rows=101 width=121)
	        Sort Key: c
	        ->  Index Scan using sbtest5_pkey on sbtest5  (cost=0.43..395.30 rows=101 width=121)
	              Index Cond: ((id >= 5784936) AND (id <= 5785035))

table 6 : explain SELECT DISTINCT c FROM sbtest6 WHERE id BETWEEN 7926128 AND 7926227 ORDER BY c
	Unique  (cost=404.15..404.66 rows=102 width=121)
	  ->  Sort  (cost=404.15..404.40 rows=102 width=121)
	        Sort Key: c
	        ->  Index Scan using sbtest6_pkey on sbtest6  (cost=0.43..400.74 rows=102 width=121)
	              Index Cond: ((id >= 7926128) AND (id <= 7926227))

table 7 : explain SELECT DISTINCT c FROM sbtest7 WHERE id BETWEEN 7461109 AND 7461208 ORDER BY c
	Unique  (cost=393.93..394.43 rows=100 width=121)
	  ->  Sort  (cost=393.93..394.18 rows=100 width=121)
	        Sort Key: c
	        ->  Index Scan using sbtest7_pkey on sbtest7  (cost=0.43..390.61 rows=100 width=121)
	              Index Cond: ((id >= 7461109) AND (id <= 7461208))

table 8 : explain SELECT DISTINCT c FROM sbtest8 WHERE id BETWEEN 9982093 AND 9982192 ORDER BY c
	Unique  (cost=388.65..389.14 rows=99 width=121)
	  ->  Sort  (cost=388.65..388.89 rows=99 width=121)
	        Sort Key: c
	        ->  Index Scan using sbtest8_pkey on sbtest8  (cost=0.43..385.36 rows=99 width=121)
	              Index Cond: ((id >= 9982093) AND (id <= 9982192))

for index_updates
table 1 : explain UPDATE sbtest1 SET k=k+1 WHERE id=7649770
	Update on sbtest1  (cost=0.43..8.46 rows=0 width=0)
	  ->  Index Scan using sbtest1_pkey on sbtest1  (cost=0.43..8.46 rows=1 width=10)
	        Index Cond: (id = 7649770)

table 2 : explain UPDATE sbtest2 SET k=k+1 WHERE id=4670327
	Update on sbtest2  (cost=0.43..8.46 rows=0 width=0)
	  ->  Index Scan using sbtest2_pkey on sbtest2  (cost=0.43..8.46 rows=1 width=10)
	        Index Cond: (id = 4670327)

table 3 : explain UPDATE sbtest3 SET k=k+1 WHERE id=8893383
	Update on sbtest3  (cost=0.43..8.46 rows=0 width=0)
	  ->  Index Scan using sbtest3_pkey on sbtest3  (cost=0.43..8.46 rows=1 width=10)
	        Index Cond: (id = 8893383)

table 4 : explain UPDATE sbtest4 SET k=k+1 WHERE id=1055255
	Update on sbtest4  (cost=0.43..8.46 rows=0 width=0)
	  ->  Index Scan using sbtest4_pkey on sbtest4  (cost=0.43..8.46 rows=1 width=10)
	        Index Cond: (id = 1055255)

table 5 : explain UPDATE sbtest5 SET k=k+1 WHERE id=2951420
	Update on sbtest5  (cost=0.43..8.46 rows=0 width=0)
	  ->  Index Scan using sbtest5_pkey on sbtest5  (cost=0.43..8.46 rows=1 width=10)
	        Index Cond: (id = 2951420)

table 6 : explain UPDATE sbtest6 SET k=k+1 WHERE id=4410390
	Update on sbtest6  (cost=0.43..8.46 rows=0 width=0)
	  ->  Index Scan using sbtest6_pkey on sbtest6  (cost=0.43..8.46 rows=1 width=10)
	        Index Cond: (id = 4410390)

table 7 : explain UPDATE sbtest7 SET k=k+1 WHERE id=2415491
	Update on sbtest7  (cost=0.43..8.46 rows=0 width=0)
	  ->  Index Scan using sbtest7_pkey on sbtest7  (cost=0.43..8.46 rows=1 width=10)
	        Index Cond: (id = 2415491)

table 8 : explain UPDATE sbtest8 SET k=k+1 WHERE id=5104238
	Update on sbtest8  (cost=0.43..8.46 rows=0 width=0)
	  ->  Index Scan using sbtest8_pkey on sbtest8  (cost=0.43..8.46 rows=1 width=10)
	        Index Cond: (id = 5104238)

explain: for index_updates :: explain UPDATE sbtest%u SET k=k+1 WHERE id=%u
explain: for non_index_updates :: explain UPDATE sbtest%u SET c='foobar' WHERE id=%u
for index_updates
table 1 : explain UPDATE sbtest1 SET k=k+1 WHERE id=4474912
	Update on sbtest1  (cost=0.43..8.46 rows=0 width=0)
	  ->  Index Scan using sbtest1_pkey on sbtest1  (cost=0.43..8.46 rows=1 width=10)
	        Index Cond: (id = 4474912)

table 2 : explain UPDATE sbtest2 SET k=k+1 WHERE id=7343920
	Update on sbtest2  (cost=0.43..8.46 rows=0 width=0)
	  ->  Index Scan using sbtest2_pkey on sbtest2  (cost=0.43..8.46 rows=1 width=10)
	        Index Cond: (id = 7343920)

table 3 : explain UPDATE sbtest3 SET k=k+1 WHERE id=6766950
	Update on sbtest3  (cost=0.43..8.46 rows=0 width=0)
	  ->  Index Scan using sbtest3_pkey on sbtest3  (cost=0.43..8.46 rows=1 width=10)
	        Index Cond: (id = 6766950)

table 4 : explain UPDATE sbtest4 SET k=k+1 WHERE id=2911401
	Update on sbtest4  (cost=0.43..8.46 rows=0 width=0)
	  ->  Index Scan using sbtest4_pkey on sbtest4  (cost=0.43..8.46 rows=1 width=10)
	        Index Cond: (id = 2911401)

table 5 : explain UPDATE sbtest5 SET k=k+1 WHERE id=5619297
	Update on sbtest5  (cost=0.43..8.46 rows=0 width=0)
	  ->  Index Scan using sbtest5_pkey on sbtest5  (cost=0.43..8.46 rows=1 width=10)
	        Index Cond: (id = 5619297)

table 6 : explain UPDATE sbtest6 SET k=k+1 WHERE id=1385341
	Update on sbtest6  (cost=0.43..8.46 rows=0 width=0)
	  ->  Index Scan using sbtest6_pkey on sbtest6  (cost=0.43..8.46 rows=1 width=10)
	        Index Cond: (id = 1385341)

table 7 : explain UPDATE sbtest7 SET k=k+1 WHERE id=5444146
	Update on sbtest7  (cost=0.43..8.46 rows=0 width=0)
	  ->  Index Scan using sbtest7_pkey on sbtest7  (cost=0.43..8.46 rows=1 width=10)
	        Index Cond: (id = 5444146)

table 8 : explain UPDATE sbtest8 SET k=k+1 WHERE id=895956
	Update on sbtest8  (cost=0.43..8.46 rows=0 width=0)
	  ->  Index Scan using sbtest8_pkey on sbtest8  (cost=0.43..8.46 rows=1 width=10)
	        Index Cond: (id = 895956)

for non_index_updates
table 1 : explain UPDATE sbtest1 SET c='foobar' WHERE id=7440347
	Update on sbtest1  (cost=0.43..8.45 rows=0 width=0)
	  ->  Index Scan using sbtest1_pkey on sbtest1  (cost=0.43..8.45 rows=1 width=490)
	        Index Cond: (id = 7440347)

table 2 : explain UPDATE sbtest2 SET c='foobar' WHERE id=4461581
	Update on sbtest2  (cost=0.43..8.45 rows=0 width=0)
	  ->  Index Scan using sbtest2_pkey on sbtest2  (cost=0.43..8.45 rows=1 width=490)
	        Index Cond: (id = 4461581)

table 3 : explain UPDATE sbtest3 SET c='foobar' WHERE id=4685067
	Update on sbtest3  (cost=0.43..8.45 rows=0 width=0)
	  ->  Index Scan using sbtest3_pkey on sbtest3  (cost=0.43..8.45 rows=1 width=490)
	        Index Cond: (id = 4685067)

table 4 : explain UPDATE sbtest4 SET c='foobar' WHERE id=6703713
	Update on sbtest4  (cost=0.43..8.45 rows=0 width=0)
	  ->  Index Scan using sbtest4_pkey on sbtest4  (cost=0.43..8.45 rows=1 width=490)
	        Index Cond: (id = 6703713)

table 5 : explain UPDATE sbtest5 SET c='foobar' WHERE id=6246277
	Update on sbtest5  (cost=0.43..8.45 rows=0 width=0)
	  ->  Index Scan using sbtest5_pkey on sbtest5  (cost=0.43..8.45 rows=1 width=490)
	        Index Cond: (id = 6246277)

table 6 : explain UPDATE sbtest6 SET c='foobar' WHERE id=4101796
	Update on sbtest6  (cost=0.43..8.45 rows=0 width=0)
	  ->  Index Scan using sbtest6_pkey on sbtest6  (cost=0.43..8.45 rows=1 width=490)
	        Index Cond: (id = 4101796)

table 7 : explain UPDATE sbtest7 SET c='foobar' WHERE id=5466790
	Update on sbtest7  (cost=0.43..8.45 rows=0 width=0)
	  ->  Index Scan using sbtest7_pkey on sbtest7  (cost=0.43..8.45 rows=1 width=490)
	        Index Cond: (id = 5466790)

table 8 : explain UPDATE sbtest8 SET c='foobar' WHERE id=1633283
	Update on sbtest8  (cost=0.43..8.45 rows=0 width=0)
	  ->  Index Scan using sbtest8_pkey on sbtest8  (cost=0.43..8.45 rows=1 width=490)
	        Index Cond: (id = 1633283)

explain: for non_index_updates :: explain UPDATE sbtest%u SET c='foobar' WHERE id=%u
explain: for deletes :: explain DELETE FROM sbtest%u WHERE id=%u
for non_index_updates
table 1 : explain UPDATE sbtest1 SET c='foobar' WHERE id=2023280
	Update on sbtest1  (cost=0.43..8.45 rows=0 width=0)
	  ->  Index Scan using sbtest1_pkey on sbtest1  (cost=0.43..8.45 rows=1 width=490)
	        Index Cond: (id = 2023280)

table 2 : explain UPDATE sbtest2 SET c='foobar' WHERE id=3531768
	Update on sbtest2  (cost=0.43..8.45 rows=0 width=0)
	  ->  Index Scan using sbtest2_pkey on sbtest2  (cost=0.43..8.45 rows=1 width=490)
	        Index Cond: (id = 3531768)

table 3 : explain UPDATE sbtest3 SET c='foobar' WHERE id=1522292
	Update on sbtest3  (cost=0.43..8.45 rows=0 width=0)
	  ->  Index Scan using sbtest3_pkey on sbtest3  (cost=0.43..8.45 rows=1 width=490)
	        Index Cond: (id = 1522292)

table 4 : explain UPDATE sbtest4 SET c='foobar' WHERE id=989402
	Update on sbtest4  (cost=0.43..8.45 rows=0 width=0)
	  ->  Index Scan using sbtest4_pkey on sbtest4  (cost=0.43..8.45 rows=1 width=490)
	        Index Cond: (id = 989402)

table 5 : explain UPDATE sbtest5 SET c='foobar' WHERE id=6199767
	Update on sbtest5  (cost=0.43..8.45 rows=0 width=0)
	  ->  Index Scan using sbtest5_pkey on sbtest5  (cost=0.43..8.45 rows=1 width=490)
	        Index Cond: (id = 6199767)

table 6 : explain UPDATE sbtest6 SET c='foobar' WHERE id=2879309
	Update on sbtest6  (cost=0.43..8.45 rows=0 width=0)
	  ->  Index Scan using sbtest6_pkey on sbtest6  (cost=0.43..8.45 rows=1 width=490)
	        Index Cond: (id = 2879309)

table 7 : explain UPDATE sbtest7 SET c='foobar' WHERE id=6234944
	Update on sbtest7  (cost=0.43..8.45 rows=0 width=0)
	  ->  Index Scan using sbtest7_pkey on sbtest7  (cost=0.43..8.45 rows=1 width=490)
	        Index Cond: (id = 6234944)

table 8 : explain UPDATE sbtest8 SET c='foobar' WHERE id=5171650
	Update on sbtest8  (cost=0.43..8.45 rows=0 width=0)
	  ->  Index Scan using sbtest8_pkey on sbtest8  (cost=0.43..8.45 rows=1 width=490)
	        Index Cond: (id = 5171650)

for deletes
table 1 : explain DELETE FROM sbtest1 WHERE id=7692855
	Delete on sbtest1  (cost=0.43..8.45 rows=0 width=0)
	  ->  Index Scan using sbtest1_pkey on sbtest1  (cost=0.43..8.45 rows=1 width=6)
	        Index Cond: (id = 7692855)

table 2 : explain DELETE FROM sbtest2 WHERE id=1226799
	Delete on sbtest2  (cost=0.43..8.45 rows=0 width=0)
	  ->  Index Scan using sbtest2_pkey on sbtest2  (cost=0.43..8.45 rows=1 width=6)
	        Index Cond: (id = 1226799)

table 3 : explain DELETE FROM sbtest3 WHERE id=6571422
	Delete on sbtest3  (cost=0.43..8.45 rows=0 width=0)
	  ->  Index Scan using sbtest3_pkey on sbtest3  (cost=0.43..8.45 rows=1 width=6)
	        Index Cond: (id = 6571422)

table 4 : explain DELETE FROM sbtest4 WHERE id=4527718
	Delete on sbtest4  (cost=0.43..8.45 rows=0 width=0)
	  ->  Index Scan using sbtest4_pkey on sbtest4  (cost=0.43..8.45 rows=1 width=6)
	        Index Cond: (id = 4527718)

table 5 : explain DELETE FROM sbtest5 WHERE id=3815227
	Delete on sbtest5  (cost=0.43..8.45 rows=0 width=0)
	  ->  Index Scan using sbtest5_pkey on sbtest5  (cost=0.43..8.45 rows=1 width=6)
	        Index Cond: (id = 3815227)

table 6 : explain DELETE FROM sbtest6 WHERE id=3614579
	Delete on sbtest6  (cost=0.43..8.45 rows=0 width=0)
	  ->  Index Scan using sbtest6_pkey on sbtest6  (cost=0.43..8.45 rows=1 width=6)
	        Index Cond: (id = 3614579)

table 7 : explain DELETE FROM sbtest7 WHERE id=4316504
	Delete on sbtest7  (cost=0.43..8.45 rows=0 width=0)
	  ->  Index Scan using sbtest7_pkey on sbtest7  (cost=0.43..8.45 rows=1 width=6)
	        Index Cond: (id = 4316504)

table 8 : explain DELETE FROM sbtest8 WHERE id=3422151
	Delete on sbtest8  (cost=0.43..8.45 rows=0 width=0)
	  ->  Index Scan using sbtest8_pkey on sbtest8  (cost=0.43..8.45 rows=1 width=6)
	        Index Cond: (id = 3422151)

explain: for deletes :: explain DELETE FROM sbtest%u WHERE id=%u
explain: for inserts :: explain INSERT INTO sbtest%u (id, k, c, pad) VALUES (%u, 13, 'foobar', 'foobar')
for deletes
table 1 : explain DELETE FROM sbtest1 WHERE id=2057771
	Delete on sbtest1  (cost=0.43..8.45 rows=0 width=0)
	  ->  Index Scan using sbtest1_pkey on sbtest1  (cost=0.43..8.45 rows=1 width=6)
	        Index Cond: (id = 2057771)

table 2 : explain DELETE FROM sbtest2 WHERE id=7365906
	Delete on sbtest2  (cost=0.43..8.45 rows=0 width=0)
	  ->  Index Scan using sbtest2_pkey on sbtest2  (cost=0.43..8.45 rows=1 width=6)
	        Index Cond: (id = 7365906)

table 3 : explain DELETE FROM sbtest3 WHERE id=6762115
	Delete on sbtest3  (cost=0.43..8.45 rows=0 width=0)
	  ->  Index Scan using sbtest3_pkey on sbtest3  (cost=0.43..8.45 rows=1 width=6)
	        Index Cond: (id = 6762115)

table 4 : explain DELETE FROM sbtest4 WHERE id=3407893
	Delete on sbtest4  (cost=0.43..8.45 rows=0 width=0)
	  ->  Index Scan using sbtest4_pkey on sbtest4  (cost=0.43..8.45 rows=1 width=6)
	        Index Cond: (id = 3407893)

table 5 : explain DELETE FROM sbtest5 WHERE id=9531292
	Delete on sbtest5  (cost=0.43..8.45 rows=0 width=0)
	  ->  Index Scan using sbtest5_pkey on sbtest5  (cost=0.43..8.45 rows=1 width=6)
	        Index Cond: (id = 9531292)

table 6 : explain DELETE FROM sbtest6 WHERE id=5425847
	Delete on sbtest6  (cost=0.43..8.45 rows=0 width=0)
	  ->  Index Scan using sbtest6_pkey on sbtest6  (cost=0.43..8.45 rows=1 width=6)
	        Index Cond: (id = 5425847)

table 7 : explain DELETE FROM sbtest7 WHERE id=625782
	Delete on sbtest7  (cost=0.43..8.45 rows=0 width=0)
	  ->  Index Scan using sbtest7_pkey on sbtest7  (cost=0.43..8.45 rows=1 width=6)
	        Index Cond: (id = 625782)

table 8 : explain DELETE FROM sbtest8 WHERE id=6327723
	Delete on sbtest8  (cost=0.43..8.45 rows=0 width=0)
	  ->  Index Scan using sbtest8_pkey on sbtest8  (cost=0.43..8.45 rows=1 width=6)
	        Index Cond: (id = 6327723)

for inserts
table 1 : explain INSERT INTO sbtest1 (id, k, c, pad) VALUES (8029609, 13, 'foobar', 'foobar')
	Insert on sbtest1  (cost=0.00..0.01 rows=0 width=0)
	  ->  Result  (cost=0.00..0.01 rows=1 width=736)

table 2 : explain INSERT INTO sbtest2 (id, k, c, pad) VALUES (4565270, 13, 'foobar', 'foobar')
	Insert on sbtest2  (cost=0.00..0.01 rows=0 width=0)
	  ->  Result  (cost=0.00..0.01 rows=1 width=736)

table 3 : explain INSERT INTO sbtest3 (id, k, c, pad) VALUES (7609680, 13, 'foobar', 'foobar')
	Insert on sbtest3  (cost=0.00..0.01 rows=0 width=0)
	  ->  Result  (cost=0.00..0.01 rows=1 width=736)

table 4 : explain INSERT INTO sbtest4 (id, k, c, pad) VALUES (1532570, 13, 'foobar', 'foobar')
	Insert on sbtest4  (cost=0.00..0.01 rows=0 width=0)
	  ->  Result  (cost=0.00..0.01 rows=1 width=736)

table 5 : explain INSERT INTO sbtest5 (id, k, c, pad) VALUES (4120117, 13, 'foobar', 'foobar')
	Insert on sbtest5  (cost=0.00..0.01 rows=0 width=0)
	  ->  Result  (cost=0.00..0.01 rows=1 width=736)

table 6 : explain INSERT INTO sbtest6 (id, k, c, pad) VALUES (8559653, 13, 'foobar', 'foobar')
	Insert on sbtest6  (cost=0.00..0.01 rows=0 width=0)
	  ->  Result  (cost=0.00..0.01 rows=1 width=736)

table 7 : explain INSERT INTO sbtest7 (id, k, c, pad) VALUES (6223306, 13, 'foobar', 'foobar')
	Insert on sbtest7  (cost=0.00..0.01 rows=0 width=0)
	  ->  Result  (cost=0.00..0.01 rows=1 width=736)

table 8 : explain INSERT INTO sbtest8 (id, k, c, pad) VALUES (7255628, 13, 'foobar', 'foobar')
	Insert on sbtest8  (cost=0.00..0.01 rows=0 width=0)
	  ->  Result  (cost=0.00..0.01 rows=1 width=736)

explain: for inserts :: explain INSERT INTO sbtest%u (id, k, c, pad) VALUES (%u, 13, 'foobar', 'foobar')
for inserts
table 1 : explain INSERT INTO sbtest1 (id, k, c, pad) VALUES (9254110, 13, 'foobar', 'foobar')
	Insert on sbtest1  (cost=0.00..0.01 rows=0 width=0)
	  ->  Result  (cost=0.00..0.01 rows=1 width=736)

table 2 : explain INSERT INTO sbtest2 (id, k, c, pad) VALUES (3631178, 13, 'foobar', 'foobar')
	Insert on sbtest2  (cost=0.00..0.01 rows=0 width=0)
	  ->  Result  (cost=0.00..0.01 rows=1 width=736)

table 3 : explain INSERT INTO sbtest3 (id, k, c, pad) VALUES (5082724, 13, 'foobar', 'foobar')
	Insert on sbtest3  (cost=0.00..0.01 rows=0 width=0)
	  ->  Result  (cost=0.00..0.01 rows=1 width=736)

table 4 : explain INSERT INTO sbtest4 (id, k, c, pad) VALUES (5932223, 13, 'foobar', 'foobar')
	Insert on sbtest4  (cost=0.00..0.01 rows=0 width=0)
	  ->  Result  (cost=0.00..0.01 rows=1 width=736)

table 5 : explain INSERT INTO sbtest5 (id, k, c, pad) VALUES (1482146, 13, 'foobar', 'foobar')
	Insert on sbtest5  (cost=0.00..0.01 rows=0 width=0)
	  ->  Result  (cost=0.00..0.01 rows=1 width=736)

table 6 : explain INSERT INTO sbtest6 (id, k, c, pad) VALUES (5767157, 13, 'foobar', 'foobar')
	Insert on sbtest6  (cost=0.00..0.01 rows=0 width=0)
	  ->  Result  (cost=0.00..0.01 rows=1 width=736)

table 7 : explain INSERT INTO sbtest7 (id, k, c, pad) VALUES (4167980, 13, 'foobar', 'foobar')
	Insert on sbtest7  (cost=0.00..0.01 rows=0 width=0)
	  ->  Result  (cost=0.00..0.01 rows=1 width=736)

table 8 : explain INSERT INTO sbtest8 (id, k, c, pad) VALUES (7695147, 13, 'foobar', 'foobar')
	Insert on sbtest8  (cost=0.00..0.01 rows=0 width=0)
	  ->  Result  (cost=0.00..0.01 rows=1 width=736)

Threads started!

Warming up for 5 seconds...

SQL statistics:
    queries performed:
        read:                            321001467
        write:                           91714811
        other:                           45857374
        total:                           458573652
    transactions:                        22928707 (24654.30 per sec.)
    queries:                             458573652 (493085.38 per sec.)
    ignored errors:                      0      (0.00 per sec.)
    reconnects:                          0      (0.00 per sec.)

Throughput:
    events/s (eps):                      24654.2954
    time elapsed:                        930.0089s
    total number of events:              22928707

Latency (ms):
         min:                                    1.31
         avg:                                    1.62
         max:                                   29.73
         95th percentile:                        1.70
         sum:                             37174688.65

Threads fairness:
    events (avg/stddev):           573217.3000/2270.31
    execution time (avg/stddev):   929.3672/0.01

