LUA_PATH=/home/mdcallag/git/mytools/bench/sysbench.lua/lua/?.lua /home/mdcallag/git/mytools/bench/sysbench.lua/lua/sysbench --db-driver=pgsql --range-size=1000 --table-size=10000000 --tables=8 --threads=40 --events=0 --warmup-time=5 --time=630 --pgsql_conn_id=true /home/mdcallag/git/mytools/bench/sysbench.lua/lua/oltp_read_only_count.lua run --pgsql-user=root --pgsql-password=pw --pgsql-host=127.0.0.1 --pgsql-db=ib --rand-type=uniform --skip-trx
48 CPUs
sysbench 1.1.0-9072687 (using bundled LuaJIT 2.1.0-beta3)

Running the test with following options:
Number of threads: 40
Warmup time: 5s
Initializing random number generator from current time


Initializing worker threads...

for: count_ranges
table 1 : explain SELECT count(c) FROM sbtest1 WHERE id BETWEEN 2535914 AND 2536913
	Aggregate  (cost=3704.15..3704.16 rows=1 width=8)
	  ->  Bitmap Heap Scan on sbtest1  (cost=22.25..3701.76 rows=958 width=121)
	        Recheck Cond: ((id >= 2535914) AND (id <= 2536913))
	        ->  Bitmap Index Scan on sbtest1_pkey  (cost=0.00..22.01 rows=958 width=0)
	              Index Cond: ((id >= 2535914) AND (id <= 2536913))

table 2 : explain SELECT count(c) FROM sbtest2 WHERE id BETWEEN 5335109 AND 5336108
	Aggregate  (cost=3735.44..3735.45 rows=1 width=8)
	  ->  Bitmap Heap Scan on sbtest2  (cost=22.34..3733.02 rows=966 width=121)
	        Recheck Cond: ((id >= 5335109) AND (id <= 5336108))
	        ->  Bitmap Index Scan on sbtest2_pkey  (cost=0.00..22.09 rows=966 width=0)
	              Index Cond: ((id >= 5335109) AND (id <= 5336108))

table 3 : explain SELECT count(c) FROM sbtest3 WHERE id BETWEEN 7264035 AND 7265034
	Aggregate  (cost=3886.38..3886.39 rows=1 width=8)
	  ->  Bitmap Heap Scan on sbtest3  (cost=22.75..3883.86 rows=1006 width=121)
	        Recheck Cond: ((id >= 7264035) AND (id <= 7265034))
	        ->  Bitmap Index Scan on sbtest3_pkey  (cost=0.00..22.50 rows=1006 width=0)
	              Index Cond: ((id >= 7264035) AND (id <= 7265034))

table 4 : explain SELECT count(c) FROM sbtest4 WHERE id BETWEEN 1536260 AND 1537259
	Aggregate  (cost=3823.36..3823.37 rows=1 width=8)
	  ->  Bitmap Heap Scan on sbtest4  (cost=22.57..3820.89 rows=989 width=121)
	        Recheck Cond: ((id >= 1536260) AND (id <= 1537259))
	        ->  Bitmap Index Scan on sbtest4_pkey  (cost=0.00..22.32 rows=989 width=0)
	              Index Cond: ((id >= 1536260) AND (id <= 1537259))

table 5 : explain SELECT count(c) FROM sbtest5 WHERE id BETWEEN 3814505 AND 3815504
	Aggregate  (cost=3747.99..3748.00 rows=1 width=8)
	  ->  Bitmap Heap Scan on sbtest5  (cost=22.37..3745.57 rows=969 width=121)
	        Recheck Cond: ((id >= 3814505) AND (id <= 3815504))
	        ->  Bitmap Index Scan on sbtest5_pkey  (cost=0.00..22.12 rows=969 width=0)
	              Index Cond: ((id >= 3814505) AND (id <= 3815504))

table 6 : explain SELECT count(c) FROM sbtest6 WHERE id BETWEEN 6736269 AND 6737268
	Aggregate  (cost=3638.49..3638.50 rows=1 width=8)
	  ->  Bitmap Heap Scan on sbtest6  (cost=22.07..3636.14 rows=940 width=121)
	        Recheck Cond: ((id >= 6736269) AND (id <= 6737268))
	        ->  Bitmap Index Scan on sbtest6_pkey  (cost=0.00..21.83 rows=940 width=0)
	              Index Cond: ((id >= 6736269) AND (id <= 6737268))

table 7 : explain SELECT count(c) FROM sbtest7 WHERE id BETWEEN 143318 AND 144317
	Aggregate  (cost=3790.64..3790.65 rows=1 width=8)
	  ->  Bitmap Heap Scan on sbtest7  (cost=22.48..3788.19 rows=980 width=121)
	        Recheck Cond: ((id >= 143318) AND (id <= 144317))
	        ->  Bitmap Index Scan on sbtest7_pkey  (cost=0.00..22.23 rows=980 width=0)
	              Index Cond: ((id >= 143318) AND (id <= 144317))

table 8 : explain SELECT count(c) FROM sbtest8 WHERE id BETWEEN 9194781 AND 9195780
	Aggregate  (cost=3975.61..3975.62 rows=1 width=8)
	  ->  Bitmap Heap Scan on sbtest8  (cost=26.97..3973.04 rows=1028 width=121)
	        Recheck Cond: ((id >= 9194781) AND (id <= 9195780))
	        ->  Bitmap Index Scan on sbtest8_pkey  (cost=0.00..26.71 rows=1028 width=0)
	              Index Cond: ((id >= 9194781) AND (id <= 9195780))

for: count_ranges
table 1 : explain SELECT count(c) FROM sbtest1 WHERE id BETWEEN 4911624 AND 4912623
	Aggregate  (cost=3564.48..3564.49 rows=1 width=8)
	  ->  Bitmap Heap Scan on sbtest1  (cost=21.88..3562.18 rows=921 width=121)
	        Recheck Cond: ((id >= 4911624) AND (id <= 4912623))
	        ->  Bitmap Index Scan on sbtest1_pkey  (cost=0.00..21.64 rows=921 width=0)
	              Index Cond: ((id >= 4911624) AND (id <= 4912623))

table 2 : explain SELECT count(c) FROM sbtest2 WHERE id BETWEEN 4156402 AND 4157401
	Aggregate  (cost=3916.40..3916.41 rows=1 width=8)
	  ->  Bitmap Heap Scan on sbtest2  (cost=22.83..3913.86 rows=1014 width=121)
	        Recheck Cond: ((id >= 4156402) AND (id <= 4157401))
	        ->  Bitmap Index Scan on sbtest2_pkey  (cost=0.00..22.57 rows=1014 width=0)
	              Index Cond: ((id >= 4156402) AND (id <= 4157401))

table 3 : explain SELECT count(c) FROM sbtest3 WHERE id BETWEEN 8323885 AND 8324884
	Aggregate  (cost=3863.77..3863.78 rows=1 width=8)
	  ->  Bitmap Heap Scan on sbtest3  (cost=22.68..3861.27 rows=1000 width=121)
	        Recheck Cond: ((id >= 8323885) AND (id <= 8324884))
	        ->  Bitmap Index Scan on sbtest3_pkey  (cost=0.00..22.43 rows=1000 width=0)
	              Index Cond: ((id >= 8323885) AND (id <= 8324884))

table 4 : explain SELECT count(c) FROM sbtest4 WHERE id BETWEEN 2015933 AND 2016932
	Aggregate  (cost=3815.82..3815.83 rows=1 width=8)
	  ->  Bitmap Heap Scan on sbtest4  (cost=22.55..3813.35 rows=987 width=121)
	        Recheck Cond: ((id >= 2015933) AND (id <= 2016932))
	        ->  Bitmap Index Scan on sbtest4_pkey  (cost=0.00..22.30 rows=987 width=0)
	              Index Cond: ((id >= 2015933) AND (id <= 2016932))

table 5 : explain SELECT count(c) FROM sbtest5 WHERE id BETWEEN 3087597 AND 3088596
	Aggregate  (cost=3936.56..3936.57 rows=1 width=8)
	  ->  Bitmap Heap Scan on sbtest5  (cost=22.88..3934.01 rows=1019 width=121)
	        Recheck Cond: ((id >= 3087597) AND (id <= 3088596))
	        ->  Bitmap Index Scan on sbtest5_pkey  (cost=0.00..22.62 rows=1019 width=0)
	              Index Cond: ((id >= 3087597) AND (id <= 3088596))

table 6 : explain SELECT count(c) FROM sbtest6 WHERE id BETWEEN 419150 AND 420149
	Aggregate  (cost=4049.81..4049.82 rows=1 width=8)
	  ->  Bitmap Heap Scan on sbtest6  (cost=27.18..4047.19 rows=1048 width=121)
	        Recheck Cond: ((id >= 419150) AND (id <= 420149))
	        ->  Bitmap Index Scan on sbtest6_pkey  (cost=0.00..26.91 rows=1048 width=0)
	              Index Cond: ((id >= 419150) AND (id <= 420149))

table 7 : explain SELECT count(c) FROM sbtest7 WHERE id BETWEEN 7739401 AND 7740400
	Aggregate  (cost=3749.11..3749.12 rows=1 width=8)
	  ->  Bitmap Heap Scan on sbtest7  (cost=22.37..3746.69 rows=969 width=121)
	        Recheck Cond: ((id >= 7739401) AND (id <= 7740400))
	        ->  Bitmap Index Scan on sbtest7_pkey  (cost=0.00..22.12 rows=969 width=0)
	              Index Cond: ((id >= 7739401) AND (id <= 7740400))

table 8 : explain SELECT count(c) FROM sbtest8 WHERE id BETWEEN 5533863 AND 5534862
	Aggregate  (cost=3771.69..3771.70 rows=1 width=8)
	  ->  Bitmap Heap Scan on sbtest8  (cost=22.43..3769.25 rows=975 width=121)
	        Recheck Cond: ((id >= 5533863) AND (id <= 5534862))
	        ->  Bitmap Index Scan on sbtest8_pkey  (cost=0.00..22.18 rows=975 width=0)
	              Index Cond: ((id >= 5533863) AND (id <= 5534862))

for: count_ranges
table 1 : explain SELECT count(c) FROM sbtest1 WHERE id BETWEEN 4667954 AND 4668953
	Aggregate  (cost=3715.47..3715.48 rows=1 width=8)
	  ->  Bitmap Heap Scan on sbtest1  (cost=22.29..3713.07 rows=961 width=121)
	        Recheck Cond: ((id >= 4667954) AND (id <= 4668953))
	        ->  Bitmap Index Scan on sbtest1_pkey  (cost=0.00..22.04 rows=961 width=0)
	              Index Cond: ((id >= 4667954) AND (id <= 4668953))

table 2 : explain SELECT count(c) FROM sbtest2 WHERE id BETWEEN 2606093 AND 2607092
	Aggregate  (cost=3693.92..3693.93 rows=1 width=8)
	  ->  Bitmap Heap Scan on sbtest2  (cost=22.22..3691.54 rows=955 width=121)
	        Recheck Cond: ((id >= 2606093) AND (id <= 2607092))
	        ->  Bitmap Index Scan on sbtest2_pkey  (cost=0.00..21.98 rows=955 width=0)
	              Index Cond: ((id >= 2606093) AND (id <= 2607092))

table 3 : explain SELECT count(c) FROM sbtest3 WHERE id BETWEEN 3309199 AND 3310198
	Aggregate  (cost=4424.20..4424.21 rows=1 width=8)
	  ->  Bitmap Heap Scan on sbtest3  (cost=28.21..4421.33 rows=1149 width=121)
	        Recheck Cond: ((id >= 3309199) AND (id <= 3310198))
	        ->  Bitmap Index Scan on sbtest3_pkey  (cost=0.00..27.93 rows=1149 width=0)
	              Index Cond: ((id >= 3309199) AND (id <= 3310198))

table 4 : explain SELECT count(c) FROM sbtest4 WHERE id BETWEEN 299812 AND 300811
	Aggregate  (cost=3403.87..3403.88 rows=1 width=8)
	  ->  Bitmap Heap Scan on sbtest4  (cost=21.43..3401.67 rows=878 width=121)
	        Recheck Cond: ((id >= 299812) AND (id <= 300811))
	        ->  Bitmap Index Scan on sbtest4_pkey  (cost=0.00..21.21 rows=878 width=0)
	              Index Cond: ((id >= 299812) AND (id <= 300811))

table 5 : explain SELECT count(c) FROM sbtest5 WHERE id BETWEEN 5575439 AND 5576438
	Aggregate  (cost=3936.56..3936.57 rows=1 width=8)
	  ->  Bitmap Heap Scan on sbtest5  (cost=22.88..3934.01 rows=1019 width=121)
	        Recheck Cond: ((id >= 5575439) AND (id <= 5576438))
	        ->  Bitmap Index Scan on sbtest5_pkey  (cost=0.00..22.62 rows=1019 width=0)
	              Index Cond: ((id >= 5575439) AND (id <= 5576438))

table 6 : explain SELECT count(c) FROM sbtest6 WHERE id BETWEEN 6319736 AND 6320735
	Aggregate  (cost=3853.65..3853.66 rows=1 width=8)
	  ->  Bitmap Heap Scan on sbtest6  (cost=22.65..3851.16 rows=997 width=121)
	        Recheck Cond: ((id >= 6319736) AND (id <= 6320735))
	        ->  Bitmap Index Scan on sbtest6_pkey  (cost=0.00..22.40 rows=997 width=0)
	              Index Cond: ((id >= 6319736) AND (id <= 6320735))

table 7 : explain SELECT count(c) FROM sbtest7 WHERE id BETWEEN 9284953 AND 9285952
	Aggregate  (cost=3907.61..3907.62 rows=1 width=8)
	  ->  Bitmap Heap Scan on sbtest7  (cost=22.80..3905.08 rows=1011 width=121)
	        Recheck Cond: ((id >= 9284953) AND (id <= 9285952))
	        ->  Bitmap Index Scan on sbtest7_pkey  (cost=0.00..22.54 rows=1011 width=0)
	              Index Cond: ((id >= 9284953) AND (id <= 9285952))

table 8 : explain SELECT count(c) FROM sbtest8 WHERE id BETWEEN 4317488 AND 4318487
	Aggregate  (cost=3514.65..3514.66 rows=1 width=8)
	  ->  Bitmap Heap Scan on sbtest8  (cost=21.73..3512.38 rows=907 width=121)
	        Recheck Cond: ((id >= 4317488) AND (id <= 4318487))
	        ->  Bitmap Index Scan on sbtest8_pkey  (cost=0.00..21.50 rows=907 width=0)
	              Index Cond: ((id >= 4317488) AND (id <= 4318487))

for: count_ranges
table 1 : explain SELECT count(c) FROM sbtest1 WHERE id BETWEEN 4068828 AND 4069827
	Aggregate  (cost=3990.48..3990.49 rows=1 width=8)
	  ->  Bitmap Heap Scan on sbtest1  (cost=23.03..3987.90 rows=1034 width=121)
	        Recheck Cond: ((id >= 4068828) AND (id <= 4069827))
	        ->  Bitmap Index Scan on sbtest1_pkey  (cost=0.00..22.77 rows=1034 width=0)
	              Index Cond: ((id >= 4068828) AND (id <= 4069827))

table 2 : explain SELECT count(c) FROM sbtest2 WHERE id BETWEEN 3901939 AND 3902938
	Aggregate  (cost=4130.90..4130.91 rows=1 width=8)
	  ->  Bitmap Heap Scan on sbtest2  (cost=23.41..4128.22 rows=1071 width=121)
	        Recheck Cond: ((id >= 3901939) AND (id <= 3902938))
	        ->  Bitmap Index Scan on sbtest2_pkey  (cost=0.00..23.14 rows=1071 width=0)
	              Index Cond: ((id >= 3901939) AND (id <= 3902938))

table 3 : explain SELECT count(c) FROM sbtest3 WHERE id BETWEEN 5303871 AND 5304870
	Aggregate  (cost=3641.18..3641.19 rows=1 width=8)
	  ->  Bitmap Heap Scan on sbtest3  (cost=22.08..3638.82 rows=941 width=121)
	        Recheck Cond: ((id >= 5303871) AND (id <= 5304870))
	        ->  Bitmap Index Scan on sbtest3_pkey  (cost=0.00..21.84 rows=941 width=0)
	              Index Cond: ((id >= 5303871) AND (id <= 5304870))

table 4 : explain SELECT count(c) FROM sbtest4 WHERE id BETWEEN 1972821 AND 1973820
	Aggregate  (cost=4324.17..4324.18 rows=1 width=8)
	  ->  Bitmap Heap Scan on sbtest4  (cost=27.94..4321.37 rows=1122 width=121)
	        Recheck Cond: ((id >= 1972821) AND (id <= 1973820))
	        ->  Bitmap Index Scan on sbtest4_pkey  (cost=0.00..27.65 rows=1122 width=0)
	              Index Cond: ((id >= 1972821) AND (id <= 1973820))

table 5 : explain SELECT count(c) FROM sbtest5 WHERE id BETWEEN 6756862 AND 6757861
	Aggregate  (cost=3755.54..3755.55 rows=1 width=8)
	  ->  Bitmap Heap Scan on sbtest5  (cost=22.39..3753.11 rows=971 width=121)
	        Recheck Cond: ((id >= 6756862) AND (id <= 6757861))
	        ->  Bitmap Index Scan on sbtest5_pkey  (cost=0.00..22.14 rows=971 width=0)
	              Index Cond: ((id >= 6756862) AND (id <= 6757861))

table 6 : explain SELECT count(c) FROM sbtest6 WHERE id BETWEEN 3355400 AND 3356399
	Aggregate  (cost=3944.12..3944.13 rows=1 width=8)
	  ->  Bitmap Heap Scan on sbtest6  (cost=22.90..3941.56 rows=1021 width=121)
	        Recheck Cond: ((id >= 3355400) AND (id <= 3356399))
	        ->  Bitmap Index Scan on sbtest6_pkey  (cost=0.00..22.64 rows=1021 width=0)
	              Index Cond: ((id >= 3355400) AND (id <= 3356399))

table 7 : explain SELECT count(c) FROM sbtest7 WHERE id BETWEEN 9469780 AND 9470779
	Aggregate  (cost=3767.99..3768.00 rows=1 width=8)
	  ->  Bitmap Heap Scan on sbtest7  (cost=22.42..3765.56 rows=974 width=121)
	        Recheck Cond: ((id >= 9469780) AND (id <= 9470779))
	        ->  Bitmap Index Scan on sbtest7_pkey  (cost=0.00..22.18 rows=974 width=0)
	              Index Cond: ((id >= 9469780) AND (id <= 9470779))

table 8 : explain SELECT count(c) FROM sbtest8 WHERE id BETWEEN 6030718 AND 6031717
	Aggregate  (cost=3329.05..3329.06 rows=1 width=8)
	  ->  Bitmap Heap Scan on sbtest8  (cost=21.23..3326.91 rows=858 width=121)
	        Recheck Cond: ((id >= 6030718) AND (id <= 6031717))
	        ->  Bitmap Index Scan on sbtest8_pkey  (cost=0.00..21.01 rows=858 width=0)
	              Index Cond: ((id >= 6030718) AND (id <= 6031717))

for: count_ranges
table 1 : explain SELECT count(c) FROM sbtest1 WHERE id BETWEEN 5051359 AND 5052358
	Aggregate  (cost=4178.45..4178.46 rows=1 width=8)
	  ->  Bitmap Heap Scan on sbtest1  (cost=23.55..4175.74 rows=1084 width=121)
	        Recheck Cond: ((id >= 5051359) AND (id <= 5052358))
	        ->  Bitmap Index Scan on sbtest1_pkey  (cost=0.00..23.27 rows=1084 width=0)
	              Index Cond: ((id >= 5051359) AND (id <= 5052358))

table 2 : explain SELECT count(c) FROM sbtest2 WHERE id BETWEEN 9175531 AND 9176530
	Aggregate  (cost=3987.94..3987.95 rows=1 width=8)
	  ->  Bitmap Heap Scan on sbtest2  (cost=23.02..3985.36 rows=1033 width=121)
	        Recheck Cond: ((id >= 9175531) AND (id <= 9176530))
	        ->  Bitmap Index Scan on sbtest2_pkey  (cost=0.00..22.76 rows=1033 width=0)
	              Index Cond: ((id >= 9175531) AND (id <= 9176530))

table 3 : explain SELECT count(c) FROM sbtest3 WHERE id BETWEEN 5935518 AND 5936517
	Aggregate  (cost=3822.30..3822.31 rows=1 width=8)
	  ->  Bitmap Heap Scan on sbtest3  (cost=22.57..3819.83 rows=989 width=121)
	        Recheck Cond: ((id >= 5935518) AND (id <= 5936517))
	        ->  Bitmap Index Scan on sbtest3_pkey  (cost=0.00..22.32 rows=989 width=0)
	              Index Cond: ((id >= 5935518) AND (id <= 5936517))

table 4 : explain SELECT count(c) FROM sbtest4 WHERE id BETWEEN 6112436 AND 6113435
	Aggregate  (cost=3638.38..3638.39 rows=1 width=8)
	  ->  Bitmap Heap Scan on sbtest4  (cost=22.07..3636.03 rows=940 width=121)
	        Recheck Cond: ((id >= 6112436) AND (id <= 6113435))
	        ->  Bitmap Index Scan on sbtest4_pkey  (cost=0.00..21.83 rows=940 width=0)
	              Index Cond: ((id >= 6112436) AND (id <= 6113435))

table 5 : explain SELECT count(c) FROM sbtest5 WHERE id BETWEEN 9420272 AND 9421271
	Aggregate  (cost=3747.99..3748.00 rows=1 width=8)
	  ->  Bitmap Heap Scan on sbtest5  (cost=22.37..3745.57 rows=969 width=121)
	        Recheck Cond: ((id >= 9420272) AND (id <= 9421271))
	        ->  Bitmap Index Scan on sbtest5_pkey  (cost=0.00..22.12 rows=969 width=0)
	              Index Cond: ((id >= 9420272) AND (id <= 9421271))

table 6 : explain SELECT count(c) FROM sbtest6 WHERE id BETWEEN 8991268 AND 8992267
	Aggregate  (cost=3887.58..3887.59 rows=1 width=8)
	  ->  Bitmap Heap Scan on sbtest6  (cost=22.75..3885.07 rows=1006 width=121)
	        Recheck Cond: ((id >= 8991268) AND (id <= 8992267))
	        ->  Bitmap Index Scan on sbtest6_pkey  (cost=0.00..22.50 rows=1006 width=0)
	              Index Cond: ((id >= 8991268) AND (id <= 8992267))

table 7 : explain SELECT count(c) FROM sbtest7 WHERE id BETWEEN 9160591 AND 9161590
	Aggregate  (cost=3673.56..3673.57 rows=1 width=8)
	  ->  Bitmap Heap Scan on sbtest7  (cost=22.16..3671.19 rows=949 width=121)
	        Recheck Cond: ((id >= 9160591) AND (id <= 9161590))
	        ->  Bitmap Index Scan on sbtest7_pkey  (cost=0.00..21.93 rows=949 width=0)
	              Index Cond: ((id >= 9160591) AND (id <= 9161590))

table 8 : explain SELECT count(c) FROM sbtest8 WHERE id BETWEEN 2339917 AND 2340916
	Aggregate  (cost=4069.79..4069.80 rows=1 width=8)
	  ->  Bitmap Heap Scan on sbtest8  (cost=27.23..4067.15 rows=1053 width=121)
	        Recheck Cond: ((id >= 2339917) AND (id <= 2340916))
	        ->  Bitmap Index Scan on sbtest8_pkey  (cost=0.00..26.96 rows=1053 width=0)
	              Index Cond: ((id >= 2339917) AND (id <= 2340916))

for: count_ranges
table 1 : explain SELECT count(c) FROM sbtest1 WHERE id BETWEEN 5145691 AND 5146690
	Aggregate  (cost=3432.19..3432.20 rows=1 width=8)
	  ->  Bitmap Heap Scan on sbtest1  (cost=21.52..3429.97 rows=886 width=121)
	        Recheck Cond: ((id >= 5145691) AND (id <= 5146690))
	        ->  Bitmap Index Scan on sbtest1_pkey  (cost=0.00..21.29 rows=886 width=0)
	              Index Cond: ((id >= 5145691) AND (id <= 5146690))

table 2 : explain SELECT count(c) FROM sbtest2 WHERE id BETWEEN 9765752 AND 9766751
	Aggregate  (cost=3844.80..3844.81 rows=1 width=8)
	  ->  Bitmap Heap Scan on sbtest2  (cost=22.63..3842.31 rows=995 width=121)
	        Recheck Cond: ((id >= 9765752) AND (id <= 9766751))
	        ->  Bitmap Index Scan on sbtest2_pkey  (cost=0.00..22.39 rows=995 width=0)
	              Index Cond: ((id >= 9765752) AND (id <= 9766751))

table 3 : explain SELECT count(c) FROM sbtest3 WHERE id BETWEEN 7341082 AND 7342081
	Aggregate  (cost=3878.84..3878.85 rows=1 width=8)
	  ->  Bitmap Heap Scan on sbtest3  (cost=22.73..3876.33 rows=1004 width=121)
	        Recheck Cond: ((id >= 7341082) AND (id <= 7342081))
	        ->  Bitmap Index Scan on sbtest3_pkey  (cost=0.00..22.47 rows=1004 width=0)
	              Index Cond: ((id >= 7341082) AND (id <= 7342081))

table 4 : explain SELECT count(c) FROM sbtest4 WHERE id BETWEEN 4328518 AND 4329517
	Aggregate  (cost=3917.62..3917.63 rows=1 width=8)
	  ->  Bitmap Heap Scan on sbtest4  (cost=22.83..3915.08 rows=1014 width=121)
	        Recheck Cond: ((id >= 4328518) AND (id <= 4329517))
	        ->  Bitmap Index Scan on sbtest4_pkey  (cost=0.00..22.57 rows=1014 width=0)
	              Index Cond: ((id >= 4328518) AND (id <= 4329517))

table 5 : explain SELECT count(c) FROM sbtest5 WHERE id BETWEEN 9752119 AND 9753118
	Aggregate  (cost=3819.69..3819.70 rows=1 width=8)
	  ->  Bitmap Heap Scan on sbtest5  (cost=22.56..3817.22 rows=988 width=121)
	        Recheck Cond: ((id >= 9752119) AND (id <= 9753118))
	        ->  Bitmap Index Scan on sbtest5_pkey  (cost=0.00..22.32 rows=988 width=0)
	              Index Cond: ((id >= 9752119) AND (id <= 9753118))

table 6 : explain SELECT count(c) FROM sbtest6 WHERE id BETWEEN 2806387 AND 2807386
	Aggregate  (cost=3838.56..3838.57 rows=1 width=8)
	  ->  Bitmap Heap Scan on sbtest6  (cost=22.61..3836.08 rows=993 width=121)
	        Recheck Cond: ((id >= 2806387) AND (id <= 2807386))
	        ->  Bitmap Index Scan on sbtest6_pkey  (cost=0.00..22.36 rows=993 width=0)
	              Index Cond: ((id >= 2806387) AND (id <= 2807386))

table 7 : explain SELECT count(c) FROM sbtest7 WHERE id BETWEEN 198043 AND 199042
	Aggregate  (cost=3790.64..3790.65 rows=1 width=8)
	  ->  Bitmap Heap Scan on sbtest7  (cost=22.48..3788.19 rows=980 width=121)
	        Recheck Cond: ((id >= 198043) AND (id <= 199042))
	        ->  Bitmap Index Scan on sbtest7_pkey  (cost=0.00..22.23 rows=980 width=0)
	              Index Cond: ((id >= 198043) AND (id <= 199042))

table 8 : explain SELECT count(c) FROM sbtest8 WHERE id BETWEEN 3557397 AND 3558396
	Aggregate  (cost=3605.44..3605.45 rows=1 width=8)
	  ->  Bitmap Heap Scan on sbtest8  (cost=21.98..3603.11 rows=931 width=121)
	        Recheck Cond: ((id >= 3557397) AND (id <= 3558396))
	        ->  Bitmap Index Scan on sbtest8_pkey  (cost=0.00..21.75 rows=931 width=0)
	              Index Cond: ((id >= 3557397) AND (id <= 3558396))

for: count_ranges
table 1 : explain SELECT count(c) FROM sbtest1 WHERE id BETWEEN 8955640 AND 8956639
	Aggregate  (cost=3851.18..3851.19 rows=1 width=8)
	  ->  Bitmap Heap Scan on sbtest1  (cost=22.65..3848.69 rows=997 width=121)
	        Recheck Cond: ((id >= 8955640) AND (id <= 8956639))
	        ->  Bitmap Index Scan on sbtest1_pkey  (cost=0.00..22.40 rows=997 width=0)
	              Index Cond: ((id >= 8955640) AND (id <= 8956639))

table 2 : explain SELECT count(c) FROM sbtest2 WHERE id BETWEEN 8078882 AND 8079881
	Aggregate  (cost=3863.65..3863.66 rows=1 width=8)
	  ->  Bitmap Heap Scan on sbtest2  (cost=22.68..3861.15 rows=1000 width=121)
	        Recheck Cond: ((id >= 8078882) AND (id <= 8079881))
	        ->  Bitmap Index Scan on sbtest2_pkey  (cost=0.00..22.43 rows=1000 width=0)
	              Index Cond: ((id >= 8078882) AND (id <= 8079881))

table 3 : explain SELECT count(c) FROM sbtest3 WHERE id BETWEEN 6014408 AND 6015407
	Aggregate  (cost=3546.72..3546.73 rows=1 width=8)
	  ->  Bitmap Heap Scan on sbtest3  (cost=21.82..3544.43 rows=916 width=121)
	        Recheck Cond: ((id >= 6014408) AND (id <= 6015407))
	        ->  Bitmap Index Scan on sbtest3_pkey  (cost=0.00..21.59 rows=916 width=0)
	              Index Cond: ((id >= 6014408) AND (id <= 6015407))

table 4 : explain SELECT count(c) FROM sbtest4 WHERE id BETWEEN 2437687 AND 2438686
	Aggregate  (cost=3812.04..3812.05 rows=1 width=8)
	  ->  Bitmap Heap Scan on sbtest4  (cost=22.54..3809.58 rows=986 width=121)
	        Recheck Cond: ((id >= 2437687) AND (id <= 2438686))
	        ->  Bitmap Index Scan on sbtest4_pkey  (cost=0.00..22.29 rows=986 width=0)
	              Index Cond: ((id >= 2437687) AND (id <= 2438686))

table 5 : explain SELECT count(c) FROM sbtest5 WHERE id BETWEEN 1707619 AND 1708618
	Aggregate  (cost=4301.76..4301.77 rows=1 width=8)
	  ->  Bitmap Heap Scan on sbtest5  (cost=27.87..4298.97 rows=1116 width=121)
	        Recheck Cond: ((id >= 1707619) AND (id <= 1708618))
	        ->  Bitmap Index Scan on sbtest5_pkey  (cost=0.00..27.59 rows=1116 width=0)
	              Index Cond: ((id >= 1707619) AND (id <= 1708618))

table 6 : explain SELECT count(c) FROM sbtest6 WHERE id BETWEEN 6886382 AND 6887381
	Aggregate  (cost=4256.67..4256.68 rows=1 width=8)
	  ->  Bitmap Heap Scan on sbtest6  (cost=27.74..4253.91 rows=1103 width=121)
	        Recheck Cond: ((id >= 6886382) AND (id <= 6887381))
	        ->  Bitmap Index Scan on sbtest6_pkey  (cost=0.00..27.46 rows=1103 width=0)
	              Index Cond: ((id >= 6886382) AND (id <= 6887381))

table 7 : explain SELECT count(c) FROM sbtest7 WHERE id BETWEEN 209800 AND 210799
	Aggregate  (cost=4288.08..4288.09 rows=1 width=8)
	  ->  Bitmap Heap Scan on sbtest7  (cost=27.82..4285.30 rows=1111 width=121)
	        Recheck Cond: ((id >= 209800) AND (id <= 210799))
	        ->  Bitmap Index Scan on sbtest7_pkey  (cost=0.00..27.54 rows=1111 width=0)
	              Index Cond: ((id >= 209800) AND (id <= 210799))

table 8 : explain SELECT count(c) FROM sbtest8 WHERE id BETWEEN 3181439 AND 3182438
	Aggregate  (cost=3779.24..3779.25 rows=1 width=8)
	  ->  Bitmap Heap Scan on sbtest8  (cost=22.45..3776.80 rows=977 width=121)
	        Recheck Cond: ((id >= 3181439) AND (id <= 3182438))
	        ->  Bitmap Index Scan on sbtest8_pkey  (cost=0.00..22.20 rows=977 width=0)
	              Index Cond: ((id >= 3181439) AND (id <= 3182438))

for: count_ranges
table 1 : explain SELECT count(c) FROM sbtest1 WHERE id BETWEEN 3140403 AND 3141402
	Aggregate  (cost=3952.85..3952.86 rows=1 width=8)
	  ->  Bitmap Heap Scan on sbtest1  (cost=22.93..3950.29 rows=1024 width=121)
	        Recheck Cond: ((id >= 3140403) AND (id <= 3141402))
	        ->  Bitmap Index Scan on sbtest1_pkey  (cost=0.00..22.68 rows=1024 width=0)
	              Index Cond: ((id >= 3140403) AND (id <= 3141402))

table 2 : explain SELECT count(c) FROM sbtest2 WHERE id BETWEEN 2527282 AND 2528281
	Aggregate  (cost=3878.72..3878.73 rows=1 width=8)
	  ->  Bitmap Heap Scan on sbtest2  (cost=22.73..3876.21 rows=1004 width=121)
	        Recheck Cond: ((id >= 2527282) AND (id <= 2528281))
	        ->  Bitmap Index Scan on sbtest2_pkey  (cost=0.00..22.47 rows=1004 width=0)
	              Index Cond: ((id >= 2527282) AND (id <= 2528281))

table 3 : explain SELECT count(c) FROM sbtest3 WHERE id BETWEEN 5344909 AND 5345908
	Aggregate  (cost=3641.18..3641.19 rows=1 width=8)
	  ->  Bitmap Heap Scan on sbtest3  (cost=22.08..3638.82 rows=941 width=121)
	        Recheck Cond: ((id >= 5344909) AND (id <= 5345908))
	        ->  Bitmap Index Scan on sbtest3_pkey  (cost=0.00..21.84 rows=941 width=0)
	              Index Cond: ((id >= 5344909) AND (id <= 5345908))

table 4 : explain SELECT count(c) FROM sbtest4 WHERE id BETWEEN 9304053 AND 9305052
	Aggregate  (cost=3713.92..3713.93 rows=1 width=8)
	  ->  Bitmap Heap Scan on sbtest4  (cost=22.27..3711.52 rows=960 width=121)
	        Recheck Cond: ((id >= 9304053) AND (id <= 9305052))
	        ->  Bitmap Index Scan on sbtest4_pkey  (cost=0.00..22.04 rows=960 width=0)
	              Index Cond: ((id >= 9304053) AND (id <= 9305052))

table 5 : explain SELECT count(c) FROM sbtest5 WHERE id BETWEEN 8942705 AND 8943704
	Aggregate  (cost=4026.96..4026.97 rows=1 width=8)
	  ->  Bitmap Heap Scan on sbtest5  (cost=23.13..4024.35 rows=1043 width=121)
	        Recheck Cond: ((id >= 8942705) AND (id <= 8943704))
	        ->  Bitmap Index Scan on sbtest5_pkey  (cost=0.00..22.86 rows=1043 width=0)
	              Index Cond: ((id >= 8942705) AND (id <= 8943704))

table 6 : explain SELECT count(c) FROM sbtest6 WHERE id BETWEEN 819058 AND 820057
	Aggregate  (cost=4249.15..4249.16 rows=1 width=8)
	  ->  Bitmap Heap Scan on sbtest6  (cost=27.72..4246.40 rows=1101 width=121)
	        Recheck Cond: ((id >= 819058) AND (id <= 820057))
	        ->  Bitmap Index Scan on sbtest6_pkey  (cost=0.00..27.44 rows=1101 width=0)
	              Index Cond: ((id >= 819058) AND (id <= 820057))

table 7 : explain SELECT count(c) FROM sbtest7 WHERE id BETWEEN 6593211 AND 6594210
	Aggregate  (cost=3514.72..3514.73 rows=1 width=8)
	  ->  Bitmap Heap Scan on sbtest7  (cost=21.73..3512.46 rows=907 width=121)
	        Recheck Cond: ((id >= 6593211) AND (id <= 6594210))
	        ->  Bitmap Index Scan on sbtest7_pkey  (cost=0.00..21.50 rows=907 width=0)
	              Index Cond: ((id >= 6593211) AND (id <= 6594210))

table 8 : explain SELECT count(c) FROM sbtest8 WHERE id BETWEEN 9001052 AND 9002051
	Aggregate  (cost=4013.29..4013.30 rows=1 width=8)
	  ->  Bitmap Heap Scan on sbtest8  (cost=27.07..4010.69 rows=1038 width=121)
	        Recheck Cond: ((id >= 9001052) AND (id <= 9002051))
	        ->  Bitmap Index Scan on sbtest8_pkey  (cost=0.00..26.82 rows=1038 width=0)
	              Index Cond: ((id >= 9001052) AND (id <= 9002051))

for: count_ranges
table 1 : explain SELECT count(c) FROM sbtest1 WHERE id BETWEEN 7776606 AND 7777605
	Aggregate  (cost=3888.85..3888.86 rows=1 width=8)
	  ->  Bitmap Heap Scan on sbtest1  (cost=22.76..3886.33 rows=1007 width=121)
	        Recheck Cond: ((id >= 7776606) AND (id <= 7777605))
	        ->  Bitmap Index Scan on sbtest1_pkey  (cost=0.00..22.50 rows=1007 width=0)
	              Index Cond: ((id >= 7776606) AND (id <= 7777605))

table 2 : explain SELECT count(c) FROM sbtest2 WHERE id BETWEEN 1820050 AND 1821049
	Aggregate  (cost=3508.81..3508.82 rows=1 width=8)
	  ->  Bitmap Heap Scan on sbtest2  (cost=21.72..3506.54 rows=906 width=121)
	        Recheck Cond: ((id >= 1820050) AND (id <= 1821049))
	        ->  Bitmap Index Scan on sbtest2_pkey  (cost=0.00..21.50 rows=906 width=0)
	              Index Cond: ((id >= 1820050) AND (id <= 1821049))

table 3 : explain SELECT count(c) FROM sbtest3 WHERE id BETWEEN 24195 AND 25194
	Aggregate  (cost=4070.86..4070.87 rows=1 width=8)
	  ->  Bitmap Heap Scan on sbtest3  (cost=23.25..4068.22 rows=1055 width=121)
	        Recheck Cond: ((id >= 24195) AND (id <= 25194))
	        ->  Bitmap Index Scan on sbtest3_pkey  (cost=0.00..22.98 rows=1055 width=0)
	              Index Cond: ((id >= 24195) AND (id <= 25194))

table 4 : explain SELECT count(c) FROM sbtest4 WHERE id BETWEEN 8173080 AND 8174079
	Aggregate  (cost=4132.46..4132.47 rows=1 width=8)
	  ->  Bitmap Heap Scan on sbtest4  (cost=27.40..4129.79 rows=1070 width=121)
	        Recheck Cond: ((id >= 8173080) AND (id <= 8174079))
	        ->  Bitmap Index Scan on sbtest4_pkey  (cost=0.00..27.14 rows=1070 width=0)
	              Index Cond: ((id >= 8173080) AND (id <= 8174079))

table 5 : explain SELECT count(c) FROM sbtest5 WHERE id BETWEEN 2533382 AND 2534381
	Aggregate  (cost=3646.03..3646.04 rows=1 width=8)
	  ->  Bitmap Heap Scan on sbtest5  (cost=22.09..3643.67 rows=942 width=121)
	        Recheck Cond: ((id >= 2533382) AND (id <= 2534381))
	        ->  Bitmap Index Scan on sbtest5_pkey  (cost=0.00..21.86 rows=942 width=0)
	              Index Cond: ((id >= 2533382) AND (id <= 2534381))

table 6 : explain SELECT count(c) FROM sbtest6 WHERE id BETWEEN 2880461 AND 2881460
	Aggregate  (cost=3778.20..3778.21 rows=1 width=8)
	  ->  Bitmap Heap Scan on sbtest6  (cost=22.45..3775.76 rows=977 width=121)
	        Recheck Cond: ((id >= 2880461) AND (id <= 2881460))
	        ->  Bitmap Index Scan on sbtest6_pkey  (cost=0.00..22.20 rows=977 width=0)
	              Index Cond: ((id >= 2880461) AND (id <= 2881460))

table 7 : explain SELECT count(c) FROM sbtest7 WHERE id BETWEEN 3724221 AND 3725220
	Aggregate  (cost=3896.29..3896.30 rows=1 width=8)
	  ->  Bitmap Heap Scan on sbtest7  (cost=22.77..3893.77 rows=1008 width=121)
	        Recheck Cond: ((id >= 3724221) AND (id <= 3725220))
	        ->  Bitmap Index Scan on sbtest7_pkey  (cost=0.00..22.51 rows=1008 width=0)
	              Index Cond: ((id >= 3724221) AND (id <= 3725220))

table 8 : explain SELECT count(c) FROM sbtest8 WHERE id BETWEEN 1221425 AND 1222424
	Aggregate  (cost=3745.26..3745.27 rows=1 width=8)
	  ->  Bitmap Heap Scan on sbtest8  (cost=22.36..3742.84 rows=968 width=121)
	        Recheck Cond: ((id >= 1221425) AND (id <= 1222424))
	        ->  Bitmap Index Scan on sbtest8_pkey  (cost=0.00..22.11 rows=968 width=0)
	              Index Cond: ((id >= 1221425) AND (id <= 1222424))

for: count_ranges
table 1 : explain SELECT count(c) FROM sbtest1 WHERE id BETWEEN 9921182 AND 9922181
	Aggregate  (cost=4013.05..4013.06 rows=1 width=8)
	  ->  Bitmap Heap Scan on sbtest1  (cost=23.09..4010.45 rows=1040 width=121)
	        Recheck Cond: ((id >= 9921182) AND (id <= 9922181))
	        ->  Bitmap Index Scan on sbtest1_pkey  (cost=0.00..22.83 rows=1040 width=0)
	              Index Cond: ((id >= 9921182) AND (id <= 9922181))

table 2 : explain SELECT count(c) FROM sbtest2 WHERE id BETWEEN 7549840 AND 7550839
	Aggregate  (cost=3561.73..3561.74 rows=1 width=8)
	  ->  Bitmap Heap Scan on sbtest2  (cost=21.87..3559.43 rows=920 width=121)
	        Recheck Cond: ((id >= 7549840) AND (id <= 7550839))
	        ->  Bitmap Index Scan on sbtest2_pkey  (cost=0.00..21.64 rows=920 width=0)
	              Index Cond: ((id >= 7549840) AND (id <= 7550839))

table 3 : explain SELECT count(c) FROM sbtest3 WHERE id BETWEEN 6224598 AND 6225597
	Aggregate  (cost=3508.91..3508.92 rows=1 width=8)
	  ->  Bitmap Heap Scan on sbtest3  (cost=21.72..3506.65 rows=906 width=121)
	        Recheck Cond: ((id >= 6224598) AND (id <= 6225597))
	        ->  Bitmap Index Scan on sbtest3_pkey  (cost=0.00..21.50 rows=906 width=0)
	              Index Cond: ((id >= 6224598) AND (id <= 6225597))

table 4 : explain SELECT count(c) FROM sbtest4 WHERE id BETWEEN 5916733 AND 5917732
	Aggregate  (cost=3555.22..3555.23 rows=1 width=8)
	  ->  Bitmap Heap Scan on sbtest4  (cost=21.84..3552.93 rows=918 width=121)
	        Recheck Cond: ((id >= 5916733) AND (id <= 5917732))
	        ->  Bitmap Index Scan on sbtest4_pkey  (cost=0.00..21.61 rows=918 width=0)
	              Index Cond: ((id >= 5916733) AND (id <= 5917732))

table 5 : explain SELECT count(c) FROM sbtest5 WHERE id BETWEEN 760474 AND 761473
	Aggregate  (cost=4481.92..4481.93 rows=1 width=8)
	  ->  Bitmap Heap Scan on sbtest5  (cost=28.37..4479.01 rows=1164 width=121)
	        Recheck Cond: ((id >= 760474) AND (id <= 761473))
	        ->  Bitmap Index Scan on sbtest5_pkey  (cost=0.00..28.07 rows=1164 width=0)
	              Index Cond: ((id >= 760474) AND (id <= 761473))

table 6 : explain SELECT count(c) FROM sbtest6 WHERE id BETWEEN 3152556 AND 3153555
	Aggregate  (cost=3562.89..3562.90 rows=1 width=8)
	  ->  Bitmap Heap Scan on sbtest6  (cost=21.87..3560.59 rows=920 width=121)
	        Recheck Cond: ((id >= 3152556) AND (id <= 3153555))
	        ->  Bitmap Index Scan on sbtest6_pkey  (cost=0.00..21.64 rows=920 width=0)
	              Index Cond: ((id >= 3152556) AND (id <= 3153555))

table 7 : explain SELECT count(c) FROM sbtest7 WHERE id BETWEEN 9270700 AND 9271699
	Aggregate  (cost=3907.61..3907.62 rows=1 width=8)
	  ->  Bitmap Heap Scan on sbtest7  (cost=22.80..3905.08 rows=1011 width=121)
	        Recheck Cond: ((id >= 9270700) AND (id <= 9271699))
	        ->  Bitmap Index Scan on sbtest7_pkey  (cost=0.00..22.54 rows=1011 width=0)
	              Index Cond: ((id >= 9270700) AND (id <= 9271699))

table 8 : explain SELECT count(c) FROM sbtest8 WHERE id BETWEEN 1079263 AND 1080262
	Aggregate  (cost=3824.53..3824.54 rows=1 width=8)
	  ->  Bitmap Heap Scan on sbtest8  (cost=22.57..3822.06 rows=989 width=121)
	        Recheck Cond: ((id >= 1079263) AND (id <= 1080262))
	        ->  Bitmap Index Scan on sbtest8_pkey  (cost=0.00..22.32 rows=989 width=0)
	              Index Cond: ((id >= 1079263) AND (id <= 1080262))

for: count_ranges
table 1 : explain SELECT count(c) FROM sbtest1 WHERE id BETWEEN 6808537 AND 6809536
	Aggregate  (cost=3877.55..3877.56 rows=1 width=8)
	  ->  Bitmap Heap Scan on sbtest1  (cost=22.73..3875.04 rows=1004 width=121)
	        Recheck Cond: ((id >= 6808537) AND (id <= 6809536))
	        ->  Bitmap Index Scan on sbtest1_pkey  (cost=0.00..22.47 rows=1004 width=0)
	              Index Cond: ((id >= 6808537) AND (id <= 6809536))

table 2 : explain SELECT count(c) FROM sbtest2 WHERE id BETWEEN 5285788 AND 5286787
	Aggregate  (cost=3735.44..3735.45 rows=1 width=8)
	  ->  Bitmap Heap Scan on sbtest2  (cost=22.34..3733.02 rows=966 width=121)
	        Recheck Cond: ((id >= 5285788) AND (id <= 5286787))
	        ->  Bitmap Index Scan on sbtest2_pkey  (cost=0.00..22.09 rows=966 width=0)
	              Index Cond: ((id >= 5285788) AND (id <= 5286787))

table 3 : explain SELECT count(c) FROM sbtest3 WHERE id BETWEEN 4223525 AND 4224524
	Aggregate  (cost=4210.20..4210.21 rows=1 width=8)
	  ->  Bitmap Heap Scan on sbtest3  (cost=27.62..4207.48 rows=1091 width=121)
	        Recheck Cond: ((id >= 4223525) AND (id <= 4224524))
	        ->  Bitmap Index Scan on sbtest3_pkey  (cost=0.00..27.34 rows=1091 width=0)
	              Index Cond: ((id >= 4223525) AND (id <= 4224524))

table 4 : explain SELECT count(c) FROM sbtest4 WHERE id BETWEEN 6759102 AND 6760101
	Aggregate  (cost=3932.69..3932.70 rows=1 width=8)
	  ->  Bitmap Heap Scan on sbtest4  (cost=22.87..3930.15 rows=1018 width=121)
	        Recheck Cond: ((id >= 6759102) AND (id <= 6760101))
	        ->  Bitmap Index Scan on sbtest4_pkey  (cost=0.00..22.61 rows=1018 width=0)
	              Index Cond: ((id >= 6759102) AND (id <= 6760101))

table 5 : explain SELECT count(c) FROM sbtest5 WHERE id BETWEEN 6930467 AND 6931466
	Aggregate  (cost=3559.09..3559.10 rows=1 width=8)
	  ->  Bitmap Heap Scan on sbtest5  (cost=21.85..3556.80 rows=919 width=121)
	        Recheck Cond: ((id >= 6930467) AND (id <= 6931466))
	        ->  Bitmap Index Scan on sbtest5_pkey  (cost=0.00..21.62 rows=919 width=0)
	              Index Cond: ((id >= 6930467) AND (id <= 6931466))

table 6 : explain SELECT count(c) FROM sbtest6 WHERE id BETWEEN 5515461 AND 5516460
	Aggregate  (cost=3717.81..3717.82 rows=1 width=8)
	  ->  Bitmap Heap Scan on sbtest6  (cost=22.29..3715.40 rows=961 width=121)
	        Recheck Cond: ((id >= 5515461) AND (id <= 5516460))
	        ->  Bitmap Index Scan on sbtest6_pkey  (cost=0.00..22.04 rows=961 width=0)
	              Index Cond: ((id >= 5515461) AND (id <= 5516460))

table 7 : explain SELECT count(c) FROM sbtest7 WHERE id BETWEEN 8678634 AND 8679633
	Aggregate  (cost=3783.09..3783.10 rows=1 width=8)
	  ->  Bitmap Heap Scan on sbtest7  (cost=22.46..3780.65 rows=978 width=121)
	        Recheck Cond: ((id >= 8678634) AND (id <= 8679633))
	        ->  Bitmap Index Scan on sbtest7_pkey  (cost=0.00..22.21 rows=978 width=0)
	              Index Cond: ((id >= 8678634) AND (id <= 8679633))

table 8 : explain SELECT count(c) FROM sbtest8 WHERE id BETWEEN 1826625 AND 1827624
	Aggregate  (cost=3919.06..3919.07 rows=1 width=8)
	  ->  Bitmap Heap Scan on sbtest8  (cost=26.82..3916.53 rows=1013 width=121)
	        Recheck Cond: ((id >= 1826625) AND (id <= 1827624))
	        ->  Bitmap Index Scan on sbtest8_pkey  (cost=0.00..26.57 rows=1013 width=0)
	              Index Cond: ((id >= 1826625) AND (id <= 1827624))

for: count_ranges
table 1 : explain SELECT count(c) FROM sbtest1 WHERE id BETWEEN 2834873 AND 2835872
	Aggregate  (cost=4054.43..4054.44 rows=1 width=8)
	  ->  Bitmap Heap Scan on sbtest1  (cost=23.21..4051.80 rows=1051 width=121)
	        Recheck Cond: ((id >= 2834873) AND (id <= 2835872))
	        ->  Bitmap Index Scan on sbtest1_pkey  (cost=0.00..22.94 rows=1051 width=0)
	              Index Cond: ((id >= 2834873) AND (id <= 2835872))

table 2 : explain SELECT count(c) FROM sbtest2 WHERE id BETWEEN 8835094 AND 8836093
	Aggregate  (cost=3916.40..3916.41 rows=1 width=8)
	  ->  Bitmap Heap Scan on sbtest2  (cost=22.83..3913.86 rows=1014 width=121)
	        Recheck Cond: ((id >= 8835094) AND (id <= 8836093))
	        ->  Bitmap Index Scan on sbtest2_pkey  (cost=0.00..22.57 rows=1014 width=0)
	              Index Cond: ((id >= 8835094) AND (id <= 8836093))

table 3 : explain SELECT count(c) FROM sbtest3 WHERE id BETWEEN 5310820 AND 5311819
	Aggregate  (cost=3641.18..3641.19 rows=1 width=8)
	  ->  Bitmap Heap Scan on sbtest3  (cost=22.08..3638.82 rows=941 width=121)
	        Recheck Cond: ((id >= 5310820) AND (id <= 5311819))
	        ->  Bitmap Index Scan on sbtest3_pkey  (cost=0.00..21.84 rows=941 width=0)
	              Index Cond: ((id >= 5310820) AND (id <= 5311819))

table 4 : explain SELECT count(c) FROM sbtest4 WHERE id BETWEEN 8859702 AND 8860701
	Aggregate  (cost=3940.23..3940.24 rows=1 width=8)
	  ->  Bitmap Heap Scan on sbtest4  (cost=22.89..3937.68 rows=1020 width=121)
	        Recheck Cond: ((id >= 8859702) AND (id <= 8860701))
	        ->  Bitmap Index Scan on sbtest4_pkey  (cost=0.00..22.64 rows=1020 width=0)
	              Index Cond: ((id >= 8859702) AND (id <= 8860701))

table 5 : explain SELECT count(c) FROM sbtest5 WHERE id BETWEEN 6020217 AND 6021216
	Aggregate  (cost=3509.93..3509.94 rows=1 width=8)
	  ->  Bitmap Heap Scan on sbtest5  (cost=21.72..3507.66 rows=906 width=121)
	        Recheck Cond: ((id >= 6020217) AND (id <= 6021216))
	        ->  Bitmap Index Scan on sbtest5_pkey  (cost=0.00..21.50 rows=906 width=0)
	              Index Cond: ((id >= 6020217) AND (id <= 6021216))

table 6 : explain SELECT count(c) FROM sbtest6 WHERE id BETWEEN 6332445 AND 6333444
	Aggregate  (cost=3853.65..3853.66 rows=1 width=8)
	  ->  Bitmap Heap Scan on sbtest6  (cost=22.65..3851.16 rows=997 width=121)
	        Recheck Cond: ((id >= 6332445) AND (id <= 6333444))
	        ->  Bitmap Index Scan on sbtest6_pkey  (cost=0.00..22.40 rows=997 width=0)
	              Index Cond: ((id >= 6332445) AND (id <= 6333444))

table 7 : explain SELECT count(c) FROM sbtest7 WHERE id BETWEEN 1167235 AND 1168234
	Aggregate  (cost=3510.94..3510.95 rows=1 width=8)
	  ->  Bitmap Heap Scan on sbtest7  (cost=21.72..3508.67 rows=906 width=121)
	        Recheck Cond: ((id >= 1167235) AND (id <= 1168234))
	        ->  Bitmap Index Scan on sbtest7_pkey  (cost=0.00..21.50 rows=906 width=0)
	              Index Cond: ((id >= 1167235) AND (id <= 1168234))

table 8 : explain SELECT count(c) FROM sbtest8 WHERE id BETWEEN 9479218 AND 9480217
	Aggregate  (cost=3922.83..3922.84 rows=1 width=8)
	  ->  Bitmap Heap Scan on sbtest8  (cost=26.83..3920.30 rows=1014 width=121)
	        Recheck Cond: ((id >= 9479218) AND (id <= 9480217))
	        ->  Bitmap Index Scan on sbtest8_pkey  (cost=0.00..26.57 rows=1014 width=0)
	              Index Cond: ((id >= 9479218) AND (id <= 9480217))

for: count_ranges
table 1 : explain SELECT count(c) FROM sbtest1 WHERE id BETWEEN 4154442 AND 4155441
	Aggregate  (cost=3907.67..3907.68 rows=1 width=8)
	  ->  Bitmap Heap Scan on sbtest1  (cost=22.81..3905.14 rows=1012 width=121)
	        Recheck Cond: ((id >= 4154442) AND (id <= 4155441))
	        ->  Bitmap Index Scan on sbtest1_pkey  (cost=0.00..22.55 rows=1012 width=0)
	              Index Cond: ((id >= 4154442) AND (id <= 4155441))

table 2 : explain SELECT count(c) FROM sbtest2 WHERE id BETWEEN 3734 AND 4733
	Aggregate  (cost=3531.49..3531.50 rows=1 width=8)
	  ->  Bitmap Heap Scan on sbtest2  (cost=21.78..3529.21 rows=912 width=121)
	        Recheck Cond: ((id >= 3734) AND (id <= 4733))
	        ->  Bitmap Index Scan on sbtest2_pkey  (cost=0.00..21.55 rows=912 width=0)
	              Index Cond: ((id >= 3734) AND (id <= 4733))

table 3 : explain SELECT count(c) FROM sbtest3 WHERE id BETWEEN 3844531 AND 3845530
	Aggregate  (cost=3916.52..3916.53 rows=1 width=8)
	  ->  Bitmap Heap Scan on sbtest3  (cost=22.83..3913.98 rows=1014 width=121)
	        Recheck Cond: ((id >= 3844531) AND (id <= 3845530))
	        ->  Bitmap Index Scan on sbtest3_pkey  (cost=0.00..22.57 rows=1014 width=0)
	              Index Cond: ((id >= 3844531) AND (id <= 3845530))

table 4 : explain SELECT count(c) FROM sbtest4 WHERE id BETWEEN 4457533 AND 4458532
	Aggregate  (cost=3661.05..3661.06 rows=1 width=8)
	  ->  Bitmap Heap Scan on sbtest4  (cost=22.13..3658.68 rows=946 width=121)
	        Recheck Cond: ((id >= 4457533) AND (id <= 4458532))
	        ->  Bitmap Index Scan on sbtest4_pkey  (cost=0.00..21.89 rows=946 width=0)
	              Index Cond: ((id >= 4457533) AND (id <= 4458532))

table 5 : explain SELECT count(c) FROM sbtest5 WHERE id BETWEEN 442629 AND 443628
	Aggregate  (cost=3589.34..3589.35 rows=1 width=8)
	  ->  Bitmap Heap Scan on sbtest5  (cost=21.94..3587.02 rows=927 width=121)
	        Recheck Cond: ((id >= 442629) AND (id <= 443628))
	        ->  Bitmap Index Scan on sbtest5_pkey  (cost=0.00..21.70 rows=927 width=0)
	              Index Cond: ((id >= 442629) AND (id <= 443628))

table 6 : explain SELECT count(c) FROM sbtest6 WHERE id BETWEEN 7491589 AND 7492588
	Aggregate  (cost=4038.28..4038.29 rows=1 width=8)
	  ->  Bitmap Heap Scan on sbtest6  (cost=23.16..4035.66 rows=1046 width=121)
	        Recheck Cond: ((id >= 7491589) AND (id <= 7492588))
	        ->  Bitmap Index Scan on sbtest6_pkey  (cost=0.00..22.89 rows=1046 width=0)
	              Index Cond: ((id >= 7491589) AND (id <= 7492588))

table 7 : explain SELECT count(c) FROM sbtest7 WHERE id BETWEEN 2176776 AND 2177775
	Aggregate  (cost=3847.25..3847.26 rows=1 width=8)
	  ->  Bitmap Heap Scan on sbtest7  (cost=22.63..3844.77 rows=995 width=121)
	        Recheck Cond: ((id >= 2176776) AND (id <= 2177775))
	        ->  Bitmap Index Scan on sbtest7_pkey  (cost=0.00..22.39 rows=995 width=0)
	              Index Cond: ((id >= 2176776) AND (id <= 2177775))

table 8 : explain SELECT count(c) FROM sbtest8 WHERE id BETWEEN 3482822 AND 3483821
	Aggregate  (cost=3941.68..3941.69 rows=1 width=8)
	  ->  Bitmap Heap Scan on sbtest8  (cost=26.88..3939.14 rows=1019 width=121)
	        Recheck Cond: ((id >= 3482822) AND (id <= 3483821))
	        ->  Bitmap Index Scan on sbtest8_pkey  (cost=0.00..26.62 rows=1019 width=0)
	              Index Cond: ((id >= 3482822) AND (id <= 3483821))

for: count_ranges
table 1 : explain SELECT count(c) FROM sbtest1 WHERE id BETWEEN 5073675 AND 5074674
	Aggregate  (cost=4178.45..4178.46 rows=1 width=8)
	  ->  Bitmap Heap Scan on sbtest1  (cost=23.55..4175.74 rows=1084 width=121)
	        Recheck Cond: ((id >= 5073675) AND (id <= 5074674))
	        ->  Bitmap Index Scan on sbtest1_pkey  (cost=0.00..23.27 rows=1084 width=0)
	              Index Cond: ((id >= 5073675) AND (id <= 5074674))

table 2 : explain SELECT count(c) FROM sbtest2 WHERE id BETWEEN 9968194 AND 9969193
	Aggregate  (cost=3818.41..3818.42 rows=1 width=8)
	  ->  Bitmap Heap Scan on sbtest2  (cost=22.56..3815.94 rows=988 width=121)
	        Recheck Cond: ((id >= 9968194) AND (id <= 9969193))
	        ->  Bitmap Index Scan on sbtest2_pkey  (cost=0.00..22.32 rows=988 width=0)
	              Index Cond: ((id >= 9968194) AND (id <= 9969193))

table 3 : explain SELECT count(c) FROM sbtest3 WHERE id BETWEEN 472270 AND 473269
	Aggregate  (cost=3976.77..3976.78 rows=1 width=8)
	  ->  Bitmap Heap Scan on sbtest3  (cost=22.99..3974.20 rows=1030 width=121)
	        Recheck Cond: ((id >= 472270) AND (id <= 473269))
	        ->  Bitmap Index Scan on sbtest3_pkey  (cost=0.00..22.73 rows=1030 width=0)
	              Index Cond: ((id >= 472270) AND (id <= 473269))

table 4 : explain SELECT count(c) FROM sbtest4 WHERE id BETWEEN 2125170 AND 2126169
	Aggregate  (cost=3800.73..3800.74 rows=1 width=8)
	  ->  Bitmap Heap Scan on sbtest4  (cost=22.51..3798.27 rows=983 width=121)
	        Recheck Cond: ((id >= 2125170) AND (id <= 2126169))
	        ->  Bitmap Index Scan on sbtest4_pkey  (cost=0.00..22.26 rows=983 width=0)
	              Index Cond: ((id >= 2125170) AND (id <= 2126169))

table 5 : explain SELECT count(c) FROM sbtest5 WHERE id BETWEEN 3796622 AND 3797621
	Aggregate  (cost=3747.99..3748.00 rows=1 width=8)
	  ->  Bitmap Heap Scan on sbtest5  (cost=22.37..3745.57 rows=969 width=121)
	        Recheck Cond: ((id >= 3796622) AND (id <= 3797621))
	        ->  Bitmap Index Scan on sbtest5_pkey  (cost=0.00..22.12 rows=969 width=0)
	              Index Cond: ((id >= 3796622) AND (id <= 3797621))

table 6 : explain SELECT count(c) FROM sbtest6 WHERE id BETWEEN 6964846 AND 6965845
	Aggregate  (cost=3959.19..3959.20 rows=1 width=8)
	  ->  Bitmap Heap Scan on sbtest6  (cost=22.94..3956.62 rows=1025 width=121)
	        Recheck Cond: ((id >= 6964846) AND (id <= 6965845))
	        ->  Bitmap Index Scan on sbtest6_pkey  (cost=0.00..22.68 rows=1025 width=0)
	              Index Cond: ((id >= 6964846) AND (id <= 6965845))

table 7 : explain SELECT count(c) FROM sbtest7 WHERE id BETWEEN 4799353 AND 4800352
	Aggregate  (cost=3734.01..3734.02 rows=1 width=8)
	  ->  Bitmap Heap Scan on sbtest7  (cost=22.33..3731.59 rows=965 width=121)
	        Recheck Cond: ((id >= 4799353) AND (id <= 4800352))
	        ->  Bitmap Index Scan on sbtest7_pkey  (cost=0.00..22.08 rows=965 width=0)
	              Index Cond: ((id >= 4799353) AND (id <= 4800352))

table 8 : explain SELECT count(c) FROM sbtest8 WHERE id BETWEEN 7529133 AND 7530132
	Aggregate  (cost=4009.52..4009.53 rows=1 width=8)
	  ->  Bitmap Heap Scan on sbtest8  (cost=27.06..4006.93 rows=1037 width=121)
	        Recheck Cond: ((id >= 7529133) AND (id <= 7530132))
	        ->  Bitmap Index Scan on sbtest8_pkey  (cost=0.00..26.80 rows=1037 width=0)
	              Index Cond: ((id >= 7529133) AND (id <= 7530132))

for: count_ranges
table 1 : explain SELECT count(c) FROM sbtest1 WHERE id BETWEEN 7761086 AND 7762085
	Aggregate  (cost=3888.85..3888.86 rows=1 width=8)
	  ->  Bitmap Heap Scan on sbtest1  (cost=22.76..3886.33 rows=1007 width=121)
	        Recheck Cond: ((id >= 7761086) AND (id <= 7762085))
	        ->  Bitmap Index Scan on sbtest1_pkey  (cost=0.00..22.50 rows=1007 width=0)
	              Index Cond: ((id >= 7761086) AND (id <= 7762085))

table 2 : explain SELECT count(c) FROM sbtest2 WHERE id BETWEEN 4340744 AND 4341743
	Aggregate  (cost=3493.68..3493.69 rows=1 width=8)
	  ->  Bitmap Heap Scan on sbtest2  (cost=21.68..3491.43 rows=902 width=121)
	        Recheck Cond: ((id >= 4340744) AND (id <= 4341743))
	        ->  Bitmap Index Scan on sbtest2_pkey  (cost=0.00..21.45 rows=902 width=0)
	              Index Cond: ((id >= 4340744) AND (id <= 4341743))

table 3 : explain SELECT count(c) FROM sbtest3 WHERE id BETWEEN 6132155 AND 6133154
	Aggregate  (cost=3758.19..3758.20 rows=1 width=8)
	  ->  Bitmap Heap Scan on sbtest3  (cost=22.40..3755.76 rows=972 width=121)
	        Recheck Cond: ((id >= 6132155) AND (id <= 6133154))
	        ->  Bitmap Index Scan on sbtest3_pkey  (cost=0.00..22.15 rows=972 width=0)
	              Index Cond: ((id >= 6132155) AND (id <= 6133154))

table 4 : explain SELECT count(c) FROM sbtest4 WHERE id BETWEEN 4652461 AND 4653460
	Aggregate  (cost=3570.35..3570.36 rows=1 width=8)
	  ->  Bitmap Heap Scan on sbtest4  (cost=21.89..3568.04 rows=922 width=121)
	        Recheck Cond: ((id >= 4652461) AND (id <= 4653460))
	        ->  Bitmap Index Scan on sbtest4_pkey  (cost=0.00..21.65 rows=922 width=0)
	              Index Cond: ((id >= 4652461) AND (id <= 4653460))

table 5 : explain SELECT count(c) FROM sbtest5 WHERE id BETWEEN 6579404 AND 6580403
	Aggregate  (cost=3959.17..3959.18 rows=1 width=8)
	  ->  Bitmap Heap Scan on sbtest5  (cost=22.94..3956.61 rows=1025 width=121)
	        Recheck Cond: ((id >= 6579404) AND (id <= 6580403))
	        ->  Bitmap Index Scan on sbtest5_pkey  (cost=0.00..22.68 rows=1025 width=0)
	              Index Cond: ((id >= 6579404) AND (id <= 6580403))

table 6 : explain SELECT count(c) FROM sbtest6 WHERE id BETWEEN 7807488 AND 7808487
	Aggregate  (cost=3646.04..3646.05 rows=1 width=8)
	  ->  Bitmap Heap Scan on sbtest6  (cost=22.09..3643.69 rows=942 width=121)
	        Recheck Cond: ((id >= 7807488) AND (id <= 7808487))
	        ->  Bitmap Index Scan on sbtest6_pkey  (cost=0.00..21.86 rows=942 width=0)
	              Index Cond: ((id >= 7807488) AND (id <= 7808487))

table 7 : explain SELECT count(c) FROM sbtest7 WHERE id BETWEEN 233711 AND 234710
	Aggregate  (cost=4299.38..4299.39 rows=1 width=8)
	  ->  Bitmap Heap Scan on sbtest7  (cost=27.86..4296.60 rows=1115 width=121)
	        Recheck Cond: ((id >= 233711) AND (id <= 234710))
	        ->  Bitmap Index Scan on sbtest7_pkey  (cost=0.00..27.58 rows=1115 width=0)
	              Index Cond: ((id >= 233711) AND (id <= 234710))

table 8 : explain SELECT count(c) FROM sbtest8 WHERE id BETWEEN 2483025 AND 2484024
	Aggregate  (cost=3699.93..3699.94 rows=1 width=8)
	  ->  Bitmap Heap Scan on sbtest8  (cost=22.23..3697.54 rows=956 width=121)
	        Recheck Cond: ((id >= 2483025) AND (id <= 2484024))
	        ->  Bitmap Index Scan on sbtest8_pkey  (cost=0.00..22.00 rows=956 width=0)
	              Index Cond: ((id >= 2483025) AND (id <= 2484024))

for: count_ranges
table 1 : explain SELECT count(c) FROM sbtest1 WHERE id BETWEEN 4790914 AND 4791913
	Aggregate  (cost=3843.64..3843.65 rows=1 width=8)
	  ->  Bitmap Heap Scan on sbtest1  (cost=22.63..3841.16 rows=995 width=121)
	        Recheck Cond: ((id >= 4790914) AND (id <= 4791913))
	        ->  Bitmap Index Scan on sbtest1_pkey  (cost=0.00..22.39 rows=995 width=0)
	              Index Cond: ((id >= 4790914) AND (id <= 4791913))

table 2 : explain SELECT count(c) FROM sbtest2 WHERE id BETWEEN 6760635 AND 6761634
	Aggregate  (cost=3561.73..3561.74 rows=1 width=8)
	  ->  Bitmap Heap Scan on sbtest2  (cost=21.87..3559.43 rows=920 width=121)
	        Recheck Cond: ((id >= 6760635) AND (id <= 6761634))
	        ->  Bitmap Index Scan on sbtest2_pkey  (cost=0.00..21.64 rows=920 width=0)
	              Index Cond: ((id >= 6760635) AND (id <= 6761634))

table 3 : explain SELECT count(c) FROM sbtest3 WHERE id BETWEEN 8159979 AND 8160978
	Aggregate  (cost=4006.89..4006.90 rows=1 width=8)
	  ->  Bitmap Heap Scan on sbtest3  (cost=23.07..4004.30 rows=1038 width=121)
	        Recheck Cond: ((id >= 8159979) AND (id <= 8160978))
	        ->  Bitmap Index Scan on sbtest3_pkey  (cost=0.00..22.82 rows=1038 width=0)
	              Index Cond: ((id >= 8159979) AND (id <= 8160978))

table 4 : explain SELECT count(c) FROM sbtest4 WHERE id BETWEEN 1277600 AND 1278599
	Aggregate  (cost=4132.46..4132.47 rows=1 width=8)
	  ->  Bitmap Heap Scan on sbtest4  (cost=27.40..4129.79 rows=1070 width=121)
	        Recheck Cond: ((id >= 1277600) AND (id <= 1278599))
	        ->  Bitmap Index Scan on sbtest4_pkey  (cost=0.00..27.14 rows=1070 width=0)
	              Index Cond: ((id >= 1277600) AND (id <= 1278599))

table 5 : explain SELECT count(c) FROM sbtest5 WHERE id BETWEEN 141051 AND 142050
	Aggregate  (cost=3993.07..3993.08 rows=1 width=8)
	  ->  Bitmap Heap Scan on sbtest5  (cost=23.03..3990.49 rows=1034 width=121)
	        Recheck Cond: ((id >= 141051) AND (id <= 142050))
	        ->  Bitmap Index Scan on sbtest5_pkey  (cost=0.00..22.77 rows=1034 width=0)
	              Index Cond: ((id >= 141051) AND (id <= 142050))

table 6 : explain SELECT count(c) FROM sbtest6 WHERE id BETWEEN 1515907 AND 1516906
	Aggregate  (cost=3944.12..3944.13 rows=1 width=8)
	  ->  Bitmap Heap Scan on sbtest6  (cost=22.90..3941.56 rows=1021 width=121)
	        Recheck Cond: ((id >= 1515907) AND (id <= 1516906))
	        ->  Bitmap Index Scan on sbtest6_pkey  (cost=0.00..22.64 rows=1021 width=0)
	              Index Cond: ((id >= 1515907) AND (id <= 1516906))

table 7 : explain SELECT count(c) FROM sbtest7 WHERE id BETWEEN 1306738 AND 1307737
	Aggregate  (cost=3767.99..3768.00 rows=1 width=8)
	  ->  Bitmap Heap Scan on sbtest7  (cost=22.42..3765.56 rows=974 width=121)
	        Recheck Cond: ((id >= 1306738) AND (id <= 1307737))
	        ->  Bitmap Index Scan on sbtest7_pkey  (cost=0.00..22.18 rows=974 width=0)
	              Index Cond: ((id >= 1306738) AND (id <= 1307737))

table 8 : explain SELECT count(c) FROM sbtest8 WHERE id BETWEEN 3679223 AND 3680222
	Aggregate  (cost=3816.98..3816.99 rows=1 width=8)
	  ->  Bitmap Heap Scan on sbtest8  (cost=22.55..3814.52 rows=987 width=121)
	        Recheck Cond: ((id >= 3679223) AND (id <= 3680222))
	        ->  Bitmap Index Scan on sbtest8_pkey  (cost=0.00..22.30 rows=987 width=0)
	              Index Cond: ((id >= 3679223) AND (id <= 3680222))

for: count_ranges
table 1 : explain SELECT count(c) FROM sbtest1 WHERE id BETWEEN 2706409 AND 2707408
	Aggregate  (cost=4140.88..4140.89 rows=1 width=8)
	  ->  Bitmap Heap Scan on sbtest1  (cost=23.44..4138.20 rows=1074 width=121)
	        Recheck Cond: ((id >= 2706409) AND (id <= 2707408))
	        ->  Bitmap Index Scan on sbtest1_pkey  (cost=0.00..23.18 rows=1074 width=0)
	              Index Cond: ((id >= 2706409) AND (id <= 2707408))

table 2 : explain SELECT count(c) FROM sbtest2 WHERE id BETWEEN 1643394 AND 1644393
	Aggregate  (cost=3905.10..3905.11 rows=1 width=8)
	  ->  Bitmap Heap Scan on sbtest2  (cost=22.80..3902.57 rows=1011 width=121)
	        Recheck Cond: ((id >= 1643394) AND (id <= 1644393))
	        ->  Bitmap Index Scan on sbtest2_pkey  (cost=0.00..22.54 rows=1011 width=0)
	              Index Cond: ((id >= 1643394) AND (id <= 1644393))

table 3 : explain SELECT count(c) FROM sbtest3 WHERE id BETWEEN 9899758 AND 9900757
	Aggregate  (cost=4100.95..4100.96 rows=1 width=8)
	  ->  Bitmap Heap Scan on sbtest3  (cost=23.33..4098.29 rows=1063 width=121)
	        Recheck Cond: ((id >= 9899758) AND (id <= 9900757))
	        ->  Bitmap Index Scan on sbtest3_pkey  (cost=0.00..23.07 rows=1063 width=0)
	              Index Cond: ((id >= 9899758) AND (id <= 9900757))

table 4 : explain SELECT count(c) FROM sbtest4 WHERE id BETWEEN 1461051 AND 1462050
	Aggregate  (cost=4335.44..4335.45 rows=1 width=8)
	  ->  Bitmap Heap Scan on sbtest4  (cost=27.97..4332.63 rows=1125 width=121)
	        Recheck Cond: ((id >= 1461051) AND (id <= 1462050))
	        ->  Bitmap Index Scan on sbtest4_pkey  (cost=0.00..27.68 rows=1125 width=0)
	              Index Cond: ((id >= 1461051) AND (id <= 1462050))

table 5 : explain SELECT count(c) FROM sbtest5 WHERE id BETWEEN 6325447 AND 6326446
	Aggregate  (cost=4313.03..4313.04 rows=1 width=8)
	  ->  Bitmap Heap Scan on sbtest5  (cost=27.90..4310.23 rows=1119 width=121)
	        Recheck Cond: ((id >= 6325447) AND (id <= 6326446))
	        ->  Bitmap Index Scan on sbtest5_pkey  (cost=0.00..27.62 rows=1119 width=0)
	              Index Cond: ((id >= 6325447) AND (id <= 6326446))

table 6 : explain SELECT count(c) FROM sbtest6 WHERE id BETWEEN 8222251 AND 8223250
	Aggregate  (cost=3664.93..3664.94 rows=1 width=8)
	  ->  Bitmap Heap Scan on sbtest6  (cost=22.14..3662.57 rows=947 width=121)
	        Recheck Cond: ((id >= 8222251) AND (id <= 8223250))
	        ->  Bitmap Index Scan on sbtest6_pkey  (cost=0.00..21.90 rows=947 width=0)
	              Index Cond: ((id >= 8222251) AND (id <= 8223250))

table 7 : explain SELECT count(c) FROM sbtest7 WHERE id BETWEEN 7039055 AND 7040054
	Aggregate  (cost=3745.34..3745.35 rows=1 width=8)
	  ->  Bitmap Heap Scan on sbtest7  (cost=22.36..3742.92 rows=968 width=121)
	        Recheck Cond: ((id >= 7039055) AND (id <= 7040054))
	        ->  Bitmap Index Scan on sbtest7_pkey  (cost=0.00..22.11 rows=968 width=0)
	              Index Cond: ((id >= 7039055) AND (id <= 7040054))

table 8 : explain SELECT count(c) FROM sbtest8 WHERE id BETWEEN 901350 AND 902349
	Aggregate  (cost=4355.64..4355.65 rows=1 width=8)
	  ->  Bitmap Heap Scan on sbtest8  (cost=28.02..4352.82 rows=1130 width=121)
	        Recheck Cond: ((id >= 901350) AND (id <= 902349))
	        ->  Bitmap Index Scan on sbtest8_pkey  (cost=0.00..27.73 rows=1130 width=0)
	              Index Cond: ((id >= 901350) AND (id <= 902349))

for: count_ranges
table 1 : explain SELECT count(c) FROM sbtest1 WHERE id BETWEEN 5542950 AND 5543949
	Aggregate  (cost=3647.55..3647.56 rows=1 width=8)
	  ->  Bitmap Heap Scan on sbtest1  (cost=22.10..3645.19 rows=943 width=121)
	        Recheck Cond: ((id >= 5542950) AND (id <= 5543949))
	        ->  Bitmap Index Scan on sbtest1_pkey  (cost=0.00..21.86 rows=943 width=0)
	              Index Cond: ((id >= 5542950) AND (id <= 5543949))

table 2 : explain SELECT count(c) FROM sbtest2 WHERE id BETWEEN 2111459 AND 2112458
	Aggregate  (cost=3546.61..3546.62 rows=1 width=8)
	  ->  Bitmap Heap Scan on sbtest2  (cost=21.82..3544.32 rows=916 width=121)
	        Recheck Cond: ((id >= 2111459) AND (id <= 2112458))
	        ->  Bitmap Index Scan on sbtest2_pkey  (cost=0.00..21.59 rows=916 width=0)
	              Index Cond: ((id >= 2111459) AND (id <= 2112458))

table 3 : explain SELECT count(c) FROM sbtest3 WHERE id BETWEEN 8505247 AND 8506246
	Aggregate  (cost=3739.32..3739.33 rows=1 width=8)
	  ->  Bitmap Heap Scan on sbtest3  (cost=22.35..3736.91 rows=967 width=121)
	        Recheck Cond: ((id >= 8505247) AND (id <= 8506246))
	        ->  Bitmap Index Scan on sbtest3_pkey  (cost=0.00..22.11 rows=967 width=0)
	              Index Cond: ((id >= 8505247) AND (id <= 8506246))

table 4 : explain SELECT count(c) FROM sbtest4 WHERE id BETWEEN 9985546 AND 9986545
	Aggregate  (cost=3861.07..3861.08 rows=1 width=8)
	  ->  Bitmap Heap Scan on sbtest4  (cost=22.67..3858.57 rows=999 width=121)
	        Recheck Cond: ((id >= 9985546) AND (id <= 9986545))
	        ->  Bitmap Index Scan on sbtest4_pkey  (cost=0.00..22.43 rows=999 width=0)
	              Index Cond: ((id >= 9985546) AND (id <= 9986545))

table 5 : explain SELECT count(c) FROM sbtest5 WHERE id BETWEEN 4188373 AND 4189372
	Aggregate  (cost=4019.43..4019.44 rows=1 width=8)
	  ->  Bitmap Heap Scan on sbtest5  (cost=23.11..4016.83 rows=1041 width=121)
	        Recheck Cond: ((id >= 4188373) AND (id <= 4189372))
	        ->  Bitmap Index Scan on sbtest5_pkey  (cost=0.00..22.84 rows=1041 width=0)
	              Index Cond: ((id >= 4188373) AND (id <= 4189372))

table 6 : explain SELECT count(c) FROM sbtest6 WHERE id BETWEEN 6633930 AND 6634929
	Aggregate  (cost=3513.72..3513.73 rows=1 width=8)
	  ->  Bitmap Heap Scan on sbtest6  (cost=21.73..3511.46 rows=907 width=121)
	        Recheck Cond: ((id >= 6633930) AND (id <= 6634929))
	        ->  Bitmap Index Scan on sbtest6_pkey  (cost=0.00..21.50 rows=907 width=0)
	              Index Cond: ((id >= 6633930) AND (id <= 6634929))

table 7 : explain SELECT count(c) FROM sbtest7 WHERE id BETWEEN 3337977 AND 3338976
	Aggregate  (cost=4096.00..4096.01 rows=1 width=8)
	  ->  Bitmap Heap Scan on sbtest7  (cost=23.31..4093.35 rows=1061 width=121)
	        Recheck Cond: ((id >= 3337977) AND (id <= 3338976))
	        ->  Bitmap Index Scan on sbtest7_pkey  (cost=0.00..23.04 rows=1061 width=0)
	              Index Cond: ((id >= 3337977) AND (id <= 3338976))

table 8 : explain SELECT count(c) FROM sbtest8 WHERE id BETWEEN 9670390 AND 9671389
	Aggregate  (cost=4212.79..4212.80 rows=1 width=8)
	  ->  Bitmap Heap Scan on sbtest8  (cost=27.62..4210.06 rows=1091 width=121)
	        Recheck Cond: ((id >= 9670390) AND (id <= 9671389))
	        ->  Bitmap Index Scan on sbtest8_pkey  (cost=0.00..27.34 rows=1091 width=0)
	              Index Cond: ((id >= 9670390) AND (id <= 9671389))

for: count_ranges
table 1 : explain SELECT count(c) FROM sbtest1 WHERE id BETWEEN 9182440 AND 9183439
	Aggregate  (cost=4073.23..4073.24 rows=1 width=8)
	  ->  Bitmap Heap Scan on sbtest1  (cost=23.26..4070.59 rows=1056 width=121)
	        Recheck Cond: ((id >= 9182440) AND (id <= 9183439))
	        ->  Bitmap Index Scan on sbtest1_pkey  (cost=0.00..23.00 rows=1056 width=0)
	              Index Cond: ((id >= 9182440) AND (id <= 9183439))

table 2 : explain SELECT count(c) FROM sbtest2 WHERE id BETWEEN 2828529 AND 2829528
	Aggregate  (cost=4258.93..4258.94 rows=1 width=8)
	  ->  Bitmap Heap Scan on sbtest2  (cost=27.76..4256.17 rows=1105 width=121)
	        Recheck Cond: ((id >= 2828529) AND (id <= 2829528))
	        ->  Bitmap Index Scan on sbtest2_pkey  (cost=0.00..27.48 rows=1105 width=0)
	              Index Cond: ((id >= 2828529) AND (id <= 2829528))

table 3 : explain SELECT count(c) FROM sbtest3 WHERE id BETWEEN 9742893 AND 9743892
	Aggregate  (cost=4044.52..4044.53 rows=1 width=8)
	  ->  Bitmap Heap Scan on sbtest3  (cost=23.18..4041.90 rows=1048 width=121)
	        Recheck Cond: ((id >= 9742893) AND (id <= 9743892))
	        ->  Bitmap Index Scan on sbtest3_pkey  (cost=0.00..22.91 rows=1048 width=0)
	              Index Cond: ((id >= 9742893) AND (id <= 9743892))

table 4 : explain SELECT count(c) FROM sbtest4 WHERE id BETWEEN 8402596 AND 8403595
	Aggregate  (cost=3687.49..3687.50 rows=1 width=8)
	  ->  Bitmap Heap Scan on sbtest4  (cost=22.20..3685.10 rows=953 width=121)
	        Recheck Cond: ((id >= 8402596) AND (id <= 8403595))
	        ->  Bitmap Index Scan on sbtest4_pkey  (cost=0.00..21.96 rows=953 width=0)
	              Index Cond: ((id >= 8402596) AND (id <= 8403595))

table 5 : explain SELECT count(c) FROM sbtest5 WHERE id BETWEEN 3641280 AND 3642279
	Aggregate  (cost=3902.64..3902.65 rows=1 width=8)
	  ->  Bitmap Heap Scan on sbtest5  (cost=22.79..3900.12 rows=1010 width=121)
	        Recheck Cond: ((id >= 3641280) AND (id <= 3642279))
	        ->  Bitmap Index Scan on sbtest5_pkey  (cost=0.00..22.54 rows=1010 width=0)
	              Index Cond: ((id >= 3641280) AND (id <= 3642279))

table 6 : explain SELECT count(c) FROM sbtest6 WHERE id BETWEEN 9530750 AND 9531749
	Aggregate  (cost=3819.70..3819.71 rows=1 width=8)
	  ->  Bitmap Heap Scan on sbtest6  (cost=22.56..3817.23 rows=988 width=121)
	        Recheck Cond: ((id >= 9530750) AND (id <= 9531749))
	        ->  Bitmap Index Scan on sbtest6_pkey  (cost=0.00..22.32 rows=988 width=0)
	              Index Cond: ((id >= 9530750) AND (id <= 9531749))

table 7 : explain SELECT count(c) FROM sbtest7 WHERE id BETWEEN 6036528 AND 6037527
	Aggregate  (cost=3741.56..3741.57 rows=1 width=8)
	  ->  Bitmap Heap Scan on sbtest7  (cost=22.35..3739.14 rows=967 width=121)
	        Recheck Cond: ((id >= 6036528) AND (id <= 6037527))
	        ->  Bitmap Index Scan on sbtest7_pkey  (cost=0.00..22.11 rows=967 width=0)
	              Index Cond: ((id >= 6036528) AND (id <= 6037527))

table 8 : explain SELECT count(c) FROM sbtest8 WHERE id BETWEEN 1953281 AND 1954280
	Aggregate  (cost=3813.21..3813.22 rows=1 width=8)
	  ->  Bitmap Heap Scan on sbtest8  (cost=22.54..3810.75 rows=986 width=121)
	        Recheck Cond: ((id >= 1953281) AND (id <= 1954280))
	        ->  Bitmap Index Scan on sbtest8_pkey  (cost=0.00..22.29 rows=986 width=0)
	              Index Cond: ((id >= 1953281) AND (id <= 1954280))

for: count_ranges
table 1 : explain SELECT count(c) FROM sbtest1 WHERE id BETWEEN 249044 AND 250043
	Aggregate  (cost=3836.11..3836.12 rows=1 width=8)
	  ->  Bitmap Heap Scan on sbtest1  (cost=22.61..3833.63 rows=993 width=121)
	        Recheck Cond: ((id >= 249044) AND (id <= 250043))
	        ->  Bitmap Index Scan on sbtest1_pkey  (cost=0.00..22.36 rows=993 width=0)
	              Index Cond: ((id >= 249044) AND (id <= 250043))

table 2 : explain SELECT count(c) FROM sbtest2 WHERE id BETWEEN 7360152 AND 7361151
	Aggregate  (cost=3912.63..3912.64 rows=1 width=8)
	  ->  Bitmap Heap Scan on sbtest2  (cost=22.82..3910.10 rows=1013 width=121)
	        Recheck Cond: ((id >= 7360152) AND (id <= 7361151))
	        ->  Bitmap Index Scan on sbtest2_pkey  (cost=0.00..22.57 rows=1013 width=0)
	              Index Cond: ((id >= 7360152) AND (id <= 7361151))

table 3 : explain SELECT count(c) FROM sbtest3 WHERE id BETWEEN 7139881 AND 7140880
	Aggregate  (cost=3697.81..3697.82 rows=1 width=8)
	  ->  Bitmap Heap Scan on sbtest3  (cost=22.23..3695.42 rows=956 width=121)
	        Recheck Cond: ((id >= 7139881) AND (id <= 7140880))
	        ->  Bitmap Index Scan on sbtest3_pkey  (cost=0.00..22.00 rows=956 width=0)
	              Index Cond: ((id >= 7139881) AND (id <= 7140880))

table 4 : explain SELECT count(c) FROM sbtest4 WHERE id BETWEEN 6956769 AND 6957768
	Aggregate  (cost=3679.93..3679.94 rows=1 width=8)
	  ->  Bitmap Heap Scan on sbtest4  (cost=22.18..3677.56 rows=951 width=121)
	        Recheck Cond: ((id >= 6956769) AND (id <= 6957768))
	        ->  Bitmap Index Scan on sbtest4_pkey  (cost=0.00..21.94 rows=951 width=0)
	              Index Cond: ((id >= 6956769) AND (id <= 6957768))

table 5 : explain SELECT count(c) FROM sbtest5 WHERE id BETWEEN 1438116 AND 1439115
	Aggregate  (cost=3657.36..3657.37 rows=1 width=8)
	  ->  Bitmap Heap Scan on sbtest5  (cost=22.12..3655.00 rows=945 width=121)
	        Recheck Cond: ((id >= 1438116) AND (id <= 1439115))
	        ->  Bitmap Index Scan on sbtest5_pkey  (cost=0.00..21.89 rows=945 width=0)
	              Index Cond: ((id >= 1438116) AND (id <= 1439115))

table 6 : explain SELECT count(c) FROM sbtest6 WHERE id BETWEEN 758981 AND 759980
	Aggregate  (cost=4026.98..4026.99 rows=1 width=8)
	  ->  Bitmap Heap Scan on sbtest6  (cost=23.13..4024.37 rows=1043 width=121)
	        Recheck Cond: ((id >= 758981) AND (id <= 759980))
	        ->  Bitmap Index Scan on sbtest6_pkey  (cost=0.00..22.86 rows=1043 width=0)
	              Index Cond: ((id >= 758981) AND (id <= 759980))

table 7 : explain SELECT count(c) FROM sbtest7 WHERE id BETWEEN 425801 AND 426800
	Aggregate  (cost=3752.89..3752.90 rows=1 width=8)
	  ->  Bitmap Heap Scan on sbtest7  (cost=22.38..3750.46 rows=970 width=121)
	        Recheck Cond: ((id >= 425801) AND (id <= 426800))
	        ->  Bitmap Index Scan on sbtest7_pkey  (cost=0.00..22.14 rows=970 width=0)
	              Index Cond: ((id >= 425801) AND (id <= 426800))

table 8 : explain SELECT count(c) FROM sbtest8 WHERE id BETWEEN 9734854 AND 9735853
	Aggregate  (cost=4145.07..4145.08 rows=1 width=8)
	  ->  Bitmap Heap Scan on sbtest8  (cost=27.43..4142.39 rows=1073 width=121)
	        Recheck Cond: ((id >= 9734854) AND (id <= 9735853))
	        ->  Bitmap Index Scan on sbtest8_pkey  (cost=0.00..27.16 rows=1073 width=0)
	              Index Cond: ((id >= 9734854) AND (id <= 9735853))

for: count_ranges
table 1 : explain SELECT count(c) FROM sbtest1 WHERE id BETWEEN 6165938 AND 6166937
	Aggregate  (cost=3873.78..3873.79 rows=1 width=8)
	  ->  Bitmap Heap Scan on sbtest1  (cost=22.72..3871.27 rows=1003 width=121)
	        Recheck Cond: ((id >= 6165938) AND (id <= 6166937))
	        ->  Bitmap Index Scan on sbtest1_pkey  (cost=0.00..22.46 rows=1003 width=0)
	              Index Cond: ((id >= 6165938) AND (id <= 6166937))

table 2 : explain SELECT count(c) FROM sbtest2 WHERE id BETWEEN 6492412 AND 6493411
	Aggregate  (cost=3368.81..3368.82 rows=1 width=8)
	  ->  Bitmap Heap Scan on sbtest2  (cost=21.34..3366.64 rows=869 width=121)
	        Recheck Cond: ((id >= 6492412) AND (id <= 6493411))
	        ->  Bitmap Index Scan on sbtest2_pkey  (cost=0.00..21.12 rows=869 width=0)
	              Index Cond: ((id >= 6492412) AND (id <= 6493411))

table 3 : explain SELECT count(c) FROM sbtest3 WHERE id BETWEEN 6218502 AND 6219501
	Aggregate  (cost=3508.91..3508.92 rows=1 width=8)
	  ->  Bitmap Heap Scan on sbtest3  (cost=21.72..3506.65 rows=906 width=121)
	        Recheck Cond: ((id >= 6218502) AND (id <= 6219501))
	        ->  Bitmap Index Scan on sbtest3_pkey  (cost=0.00..21.50 rows=906 width=0)
	              Index Cond: ((id >= 6218502) AND (id <= 6219501))

table 4 : explain SELECT count(c) FROM sbtest4 WHERE id BETWEEN 305716 AND 306715
	Aggregate  (cost=3403.87..3403.88 rows=1 width=8)
	  ->  Bitmap Heap Scan on sbtest4  (cost=21.43..3401.67 rows=878 width=121)
	        Recheck Cond: ((id >= 305716) AND (id <= 306715))
	        ->  Bitmap Index Scan on sbtest4_pkey  (cost=0.00..21.21 rows=878 width=0)
	              Index Cond: ((id >= 305716) AND (id <= 306715))

table 5 : explain SELECT count(c) FROM sbtest5 WHERE id BETWEEN 4303199 AND 4304198
	Aggregate  (cost=3706.46..3706.47 rows=1 width=8)
	  ->  Bitmap Heap Scan on sbtest5  (cost=22.25..3704.07 rows=958 width=121)
	        Recheck Cond: ((id >= 4303199) AND (id <= 4304198))
	        ->  Bitmap Index Scan on sbtest5_pkey  (cost=0.00..22.01 rows=958 width=0)
	              Index Cond: ((id >= 4303199) AND (id <= 4304198))

table 6 : explain SELECT count(c) FROM sbtest6 WHERE id BETWEEN 4769985 AND 4770984
	Aggregate  (cost=3815.93..3815.94 rows=1 width=8)
	  ->  Bitmap Heap Scan on sbtest6  (cost=22.55..3813.46 rows=987 width=121)
	        Recheck Cond: ((id >= 4769985) AND (id <= 4770984))
	        ->  Bitmap Index Scan on sbtest6_pkey  (cost=0.00..22.30 rows=987 width=0)
	              Index Cond: ((id >= 4769985) AND (id <= 4770984))

table 7 : explain SELECT count(c) FROM sbtest7 WHERE id BETWEEN 812815 AND 813814
	Aggregate  (cost=3918.92..3918.93 rows=1 width=8)
	  ->  Bitmap Heap Scan on sbtest7  (cost=22.83..3916.38 rows=1014 width=121)
	        Recheck Cond: ((id >= 812815) AND (id <= 813814))
	        ->  Bitmap Index Scan on sbtest7_pkey  (cost=0.00..22.57 rows=1014 width=0)
	              Index Cond: ((id >= 812815) AND (id <= 813814))

table 8 : explain SELECT count(c) FROM sbtest8 WHERE id BETWEEN 2786828 AND 2787827
	Aggregate  (cost=4186.46..4186.47 rows=1 width=8)
	  ->  Bitmap Heap Scan on sbtest8  (cost=27.55..4183.75 rows=1084 width=121)
	        Recheck Cond: ((id >= 2786828) AND (id <= 2787827))
	        ->  Bitmap Index Scan on sbtest8_pkey  (cost=0.00..27.27 rows=1084 width=0)
	              Index Cond: ((id >= 2786828) AND (id <= 2787827))

for: count_ranges
table 1 : explain SELECT count(c) FROM sbtest1 WHERE id BETWEEN 6217124 AND 6218123
	Aggregate  (cost=4035.62..4035.63 rows=1 width=8)
	  ->  Bitmap Heap Scan on sbtest1  (cost=23.16..4033.01 rows=1046 width=121)
	        Recheck Cond: ((id >= 6217124) AND (id <= 6218123))
	        ->  Bitmap Index Scan on sbtest1_pkey  (cost=0.00..22.89 rows=1046 width=0)
	              Index Cond: ((id >= 6217124) AND (id <= 6218123))

table 2 : explain SELECT count(c) FROM sbtest2 WHERE id BETWEEN 9242671 AND 9243670
	Aggregate  (cost=3712.80..3712.81 rows=1 width=8)
	  ->  Bitmap Heap Scan on sbtest2  (cost=22.27..3710.40 rows=960 width=121)
	        Recheck Cond: ((id >= 9242671) AND (id <= 9243670))
	        ->  Bitmap Index Scan on sbtest2_pkey  (cost=0.00..22.04 rows=960 width=0)
	              Index Cond: ((id >= 9242671) AND (id <= 9243670))

table 3 : explain SELECT count(c) FROM sbtest3 WHERE id BETWEEN 7054082 AND 7055081
	Aggregate  (cost=3878.84..3878.85 rows=1 width=8)
	  ->  Bitmap Heap Scan on sbtest3  (cost=22.73..3876.33 rows=1004 width=121)
	        Recheck Cond: ((id >= 7054082) AND (id <= 7055081))
	        ->  Bitmap Index Scan on sbtest3_pkey  (cost=0.00..22.47 rows=1004 width=0)
	              Index Cond: ((id >= 7054082) AND (id <= 7055081))

table 4 : explain SELECT count(c) FROM sbtest4 WHERE id BETWEEN 8894750 AND 8895749
	Aggregate  (cost=3940.23..3940.24 rows=1 width=8)
	  ->  Bitmap Heap Scan on sbtest4  (cost=22.89..3937.68 rows=1020 width=121)
	        Recheck Cond: ((id >= 8894750) AND (id <= 8895749))
	        ->  Bitmap Index Scan on sbtest4_pkey  (cost=0.00..22.64 rows=1020 width=0)
	              Index Cond: ((id >= 8894750) AND (id <= 8895749))

table 5 : explain SELECT count(c) FROM sbtest5 WHERE id BETWEEN 4450521 AND 4451520
	Aggregate  (cost=3562.87..3562.88 rows=1 width=8)
	  ->  Bitmap Heap Scan on sbtest5  (cost=21.87..3560.57 rows=920 width=121)
	        Recheck Cond: ((id >= 4450521) AND (id <= 4451520))
	        ->  Bitmap Index Scan on sbtest5_pkey  (cost=0.00..21.64 rows=920 width=0)
	              Index Cond: ((id >= 4450521) AND (id <= 4451520))

table 6 : explain SELECT count(c) FROM sbtest6 WHERE id BETWEEN 1985519 AND 1986518
	Aggregate  (cost=3748.01..3748.02 rows=1 width=8)
	  ->  Bitmap Heap Scan on sbtest6  (cost=22.37..3745.59 rows=969 width=121)
	        Recheck Cond: ((id >= 1985519) AND (id <= 1986518))
	        ->  Bitmap Index Scan on sbtest6_pkey  (cost=0.00..22.12 rows=969 width=0)
	              Index Cond: ((id >= 1985519) AND (id <= 1986518))

table 7 : explain SELECT count(c) FROM sbtest7 WHERE id BETWEEN 1795391 AND 1796390
	Aggregate  (cost=4039.51..4039.52 rows=1 width=8)
	  ->  Bitmap Heap Scan on sbtest7  (cost=23.16..4036.90 rows=1046 width=121)
	        Recheck Cond: ((id >= 1795391) AND (id <= 1796390))
	        ->  Bitmap Index Scan on sbtest7_pkey  (cost=0.00..22.89 rows=1046 width=0)
	              Index Cond: ((id >= 1795391) AND (id <= 1796390))

table 8 : explain SELECT count(c) FROM sbtest8 WHERE id BETWEEN 1382780 AND 1383779
	Aggregate  (cost=3877.58..3877.59 rows=1 width=8)
	  ->  Bitmap Heap Scan on sbtest8  (cost=26.71..3875.07 rows=1002 width=121)
	        Recheck Cond: ((id >= 1382780) AND (id <= 1383779))
	        ->  Bitmap Index Scan on sbtest8_pkey  (cost=0.00..26.45 rows=1002 width=0)
	              Index Cond: ((id >= 1382780) AND (id <= 1383779))

for: count_ranges
table 1 : explain SELECT count(c) FROM sbtest1 WHERE id BETWEEN 1137758 AND 1138757
	Aggregate  (cost=3885.08..3885.09 rows=1 width=8)
	  ->  Bitmap Heap Scan on sbtest1  (cost=22.75..3882.57 rows=1006 width=121)
	        Recheck Cond: ((id >= 1137758) AND (id <= 1138757))
	        ->  Bitmap Index Scan on sbtest1_pkey  (cost=0.00..22.50 rows=1006 width=0)
	              Index Cond: ((id >= 1137758) AND (id <= 1138757))

table 2 : explain SELECT count(c) FROM sbtest2 WHERE id BETWEEN 651594 AND 652593
	Aggregate  (cost=3554.17..3554.18 rows=1 width=8)
	  ->  Bitmap Heap Scan on sbtest2  (cost=21.84..3551.88 rows=918 width=121)
	        Recheck Cond: ((id >= 651594) AND (id <= 652593))
	        ->  Bitmap Index Scan on sbtest2_pkey  (cost=0.00..21.61 rows=918 width=0)
	              Index Cond: ((id >= 651594) AND (id <= 652593))

table 3 : explain SELECT count(c) FROM sbtest3 WHERE id BETWEEN 983944 AND 984943
	Aggregate  (cost=3912.75..3912.76 rows=1 width=8)
	  ->  Bitmap Heap Scan on sbtest3  (cost=22.82..3910.22 rows=1013 width=121)
	        Recheck Cond: ((id >= 983944) AND (id <= 984943))
	        ->  Bitmap Index Scan on sbtest3_pkey  (cost=0.00..22.57 rows=1013 width=0)
	              Index Cond: ((id >= 983944) AND (id <= 984943))

table 4 : explain SELECT count(c) FROM sbtest4 WHERE id BETWEEN 7046818 AND 7047817
	Aggregate  (cost=4049.44..4049.45 rows=1 width=8)
	  ->  Bitmap Heap Scan on sbtest4  (cost=23.19..4046.82 rows=1049 width=121)
	        Recheck Cond: ((id >= 7046818) AND (id <= 7047817))
	        ->  Bitmap Index Scan on sbtest4_pkey  (cost=0.00..22.93 rows=1049 width=0)
	              Index Cond: ((id >= 7046818) AND (id <= 7047817))

table 5 : explain SELECT count(c) FROM sbtest5 WHERE id BETWEEN 2452737 AND 2453736
	Aggregate  (cost=3785.73..3785.74 rows=1 width=8)
	  ->  Bitmap Heap Scan on sbtest5  (cost=22.47..3783.28 rows=979 width=121)
	        Recheck Cond: ((id >= 2452737) AND (id <= 2453736))
	        ->  Bitmap Index Scan on sbtest5_pkey  (cost=0.00..22.22 rows=979 width=0)
	              Index Cond: ((id >= 2452737) AND (id <= 2453736))

table 6 : explain SELECT count(c) FROM sbtest6 WHERE id BETWEEN 2941203 AND 2942202
	Aggregate  (cost=3812.16..3812.17 rows=1 width=8)
	  ->  Bitmap Heap Scan on sbtest6  (cost=22.54..3809.69 rows=986 width=121)
	        Recheck Cond: ((id >= 2941203) AND (id <= 2942202))
	        ->  Bitmap Index Scan on sbtest6_pkey  (cost=0.00..22.29 rows=986 width=0)
	              Index Cond: ((id >= 2941203) AND (id <= 2942202))

table 7 : explain SELECT count(c) FROM sbtest7 WHERE id BETWEEN 8542860 AND 8543859
	Aggregate  (cost=4088.47..4088.48 rows=1 width=8)
	  ->  Bitmap Heap Scan on sbtest7  (cost=23.29..4085.82 rows=1059 width=121)
	        Recheck Cond: ((id >= 8542860) AND (id <= 8543859))
	        ->  Bitmap Index Scan on sbtest7_pkey  (cost=0.00..23.02 rows=1059 width=0)
	              Index Cond: ((id >= 8542860) AND (id <= 8543859))

table 8 : explain SELECT count(c) FROM sbtest8 WHERE id BETWEEN 9752324 AND 9753323
	Aggregate  (cost=4145.07..4145.08 rows=1 width=8)
	  ->  Bitmap Heap Scan on sbtest8  (cost=27.43..4142.39 rows=1073 width=121)
	        Recheck Cond: ((id >= 9752324) AND (id <= 9753323))
	        ->  Bitmap Index Scan on sbtest8_pkey  (cost=0.00..27.16 rows=1073 width=0)
	              Index Cond: ((id >= 9752324) AND (id <= 9753323))

for: count_ranges
table 1 : explain SELECT count(c) FROM sbtest1 WHERE id BETWEEN 2896567 AND 2897566
	Aggregate  (cost=3549.37..3549.38 rows=1 width=8)
	  ->  Bitmap Heap Scan on sbtest1  (cost=21.83..3547.08 rows=917 width=121)
	        Recheck Cond: ((id >= 2896567) AND (id <= 2897566))
	        ->  Bitmap Index Scan on sbtest1_pkey  (cost=0.00..21.61 rows=917 width=0)
	              Index Cond: ((id >= 2896567) AND (id <= 2897566))

table 2 : explain SELECT count(c) FROM sbtest2 WHERE id BETWEEN 6008406 AND 6009405
	Aggregate  (cost=3591.96..3591.97 rows=1 width=8)
	  ->  Bitmap Heap Scan on sbtest2  (cost=21.95..3589.64 rows=928 width=121)
	        Recheck Cond: ((id >= 6008406) AND (id <= 6009405))
	        ->  Bitmap Index Scan on sbtest2_pkey  (cost=0.00..21.71 rows=928 width=0)
	              Index Cond: ((id >= 6008406) AND (id <= 6009405))

table 3 : explain SELECT count(c) FROM sbtest3 WHERE id BETWEEN 9007631 AND 9008630
	Aggregate  (cost=3554.28..3554.29 rows=1 width=8)
	  ->  Bitmap Heap Scan on sbtest3  (cost=21.84..3551.98 rows=918 width=121)
	        Recheck Cond: ((id >= 9007631) AND (id <= 9008630))
	        ->  Bitmap Index Scan on sbtest3_pkey  (cost=0.00..21.61 rows=918 width=0)
	              Index Cond: ((id >= 9007631) AND (id <= 9008630))

table 4 : explain SELECT count(c) FROM sbtest4 WHERE id BETWEEN 8773753 AND 8774752
	Aggregate  (cost=4260.29..4260.30 rows=1 width=8)
	  ->  Bitmap Heap Scan on sbtest4  (cost=27.75..4257.53 rows=1104 width=121)
	        Recheck Cond: ((id >= 8773753) AND (id <= 8774752))
	        ->  Bitmap Index Scan on sbtest4_pkey  (cost=0.00..27.47 rows=1104 width=0)
	              Index Cond: ((id >= 8773753) AND (id <= 8774752))

table 5 : explain SELECT count(c) FROM sbtest5 WHERE id BETWEEN 7545014 AND 7546013
	Aggregate  (cost=4045.79..4045.80 rows=1 width=8)
	  ->  Bitmap Heap Scan on sbtest5  (cost=23.18..4043.17 rows=1048 width=121)
	        Recheck Cond: ((id >= 7545014) AND (id <= 7546013))
	        ->  Bitmap Index Scan on sbtest5_pkey  (cost=0.00..22.91 rows=1048 width=0)
	              Index Cond: ((id >= 7545014) AND (id <= 7546013))

table 6 : explain SELECT count(c) FROM sbtest6 WHERE id BETWEEN 638462 AND 639461
	Aggregate  (cost=3630.93..3630.94 rows=1 width=8)
	  ->  Bitmap Heap Scan on sbtest6  (cost=22.05..3628.59 rows=938 width=121)
	        Recheck Cond: ((id >= 638462) AND (id <= 639461))
	        ->  Bitmap Index Scan on sbtest6_pkey  (cost=0.00..21.82 rows=938 width=0)
	              Index Cond: ((id >= 638462) AND (id <= 639461))

table 7 : explain SELECT count(c) FROM sbtest7 WHERE id BETWEEN 9819417 AND 9820416
	Aggregate  (cost=3828.39..3828.40 rows=1 width=8)
	  ->  Bitmap Heap Scan on sbtest7  (cost=22.58..3825.91 rows=990 width=121)
	        Recheck Cond: ((id >= 9819417) AND (id <= 9820416))
	        ->  Bitmap Index Scan on sbtest7_pkey  (cost=0.00..22.33 rows=990 width=0)
	              Index Cond: ((id >= 9819417) AND (id <= 9820416))

table 8 : explain SELECT count(c) FROM sbtest8 WHERE id BETWEEN 3970167 AND 3971166
	Aggregate  (cost=3968.07..3968.08 rows=1 width=8)
	  ->  Bitmap Heap Scan on sbtest8  (cost=26.95..3965.51 rows=1026 width=121)
	        Recheck Cond: ((id >= 3970167) AND (id <= 3971166))
	        ->  Bitmap Index Scan on sbtest8_pkey  (cost=0.00..26.69 rows=1026 width=0)
	              Index Cond: ((id >= 3970167) AND (id <= 3971166))

for: count_ranges
table 1 : explain SELECT count(c) FROM sbtest1 WHERE id BETWEEN 6159089 AND 6160088
	Aggregate  (cost=3873.78..3873.79 rows=1 width=8)
	  ->  Bitmap Heap Scan on sbtest1  (cost=22.72..3871.27 rows=1003 width=121)
	        Recheck Cond: ((id >= 6159089) AND (id <= 6160088))
	        ->  Bitmap Index Scan on sbtest1_pkey  (cost=0.00..22.46 rows=1003 width=0)
	              Index Cond: ((id >= 6159089) AND (id <= 6160088))

table 2 : explain SELECT count(c) FROM sbtest2 WHERE id BETWEEN 5411513 AND 5412512
	Aggregate  (cost=4112.10..4112.11 rows=1 width=8)
	  ->  Bitmap Heap Scan on sbtest2  (cost=23.36..4109.44 rows=1066 width=121)
	        Recheck Cond: ((id >= 5411513) AND (id <= 5412512))
	        ->  Bitmap Index Scan on sbtest2_pkey  (cost=0.00..23.09 rows=1066 width=0)
	              Index Cond: ((id >= 5411513) AND (id <= 5412512))

table 3 : explain SELECT count(c) FROM sbtest3 WHERE id BETWEEN 6072835 AND 6073834
	Aggregate  (cost=3546.72..3546.73 rows=1 width=8)
	  ->  Bitmap Heap Scan on sbtest3  (cost=21.82..3544.43 rows=916 width=121)
	        Recheck Cond: ((id >= 6072835) AND (id <= 6073834))
	        ->  Bitmap Index Scan on sbtest3_pkey  (cost=0.00..21.59 rows=916 width=0)
	              Index Cond: ((id >= 6072835) AND (id <= 6073834))

table 4 : explain SELECT count(c) FROM sbtest4 WHERE id BETWEEN 8025736 AND 8026735
	Aggregate  (cost=3502.27..3502.28 rows=1 width=8)
	  ->  Bitmap Heap Scan on sbtest4  (cost=21.70..3500.01 rows=904 width=121)
	        Recheck Cond: ((id >= 8025736) AND (id <= 8026735))
	        ->  Bitmap Index Scan on sbtest4_pkey  (cost=0.00..21.47 rows=904 width=0)
	              Index Cond: ((id >= 8025736) AND (id <= 8026735))

table 5 : explain SELECT count(c) FROM sbtest5 WHERE id BETWEEN 1874712 AND 1875711
	Aggregate  (cost=3819.69..3819.70 rows=1 width=8)
	  ->  Bitmap Heap Scan on sbtest5  (cost=22.56..3817.22 rows=988 width=121)
	        Recheck Cond: ((id >= 1874712) AND (id <= 1875711))
	        ->  Bitmap Index Scan on sbtest5_pkey  (cost=0.00..22.32 rows=988 width=0)
	              Index Cond: ((id >= 1874712) AND (id <= 1875711))

table 6 : explain SELECT count(c) FROM sbtest6 WHERE id BETWEEN 6606880 AND 6607879
	Aggregate  (cost=3513.72..3513.73 rows=1 width=8)
	  ->  Bitmap Heap Scan on sbtest6  (cost=21.73..3511.46 rows=907 width=121)
	        Recheck Cond: ((id >= 6606880) AND (id <= 6607879))
	        ->  Bitmap Index Scan on sbtest6_pkey  (cost=0.00..21.50 rows=907 width=0)
	              Index Cond: ((id >= 6606880) AND (id <= 6607879))

table 7 : explain SELECT count(c) FROM sbtest7 WHERE id BETWEEN 8601699 AND 8602698
	Aggregate  (cost=4088.47..4088.48 rows=1 width=8)
	  ->  Bitmap Heap Scan on sbtest7  (cost=23.29..4085.82 rows=1059 width=121)
	        Recheck Cond: ((id >= 8601699) AND (id <= 8602698))
	        ->  Bitmap Index Scan on sbtest7_pkey  (cost=0.00..23.02 rows=1059 width=0)
	              Index Cond: ((id >= 8601699) AND (id <= 8602698))

table 8 : explain SELECT count(c) FROM sbtest8 WHERE id BETWEEN 6383953 AND 6384952
	Aggregate  (cost=4092.38..4092.39 rows=1 width=8)
	  ->  Bitmap Heap Scan on sbtest8  (cost=27.29..4089.73 rows=1059 width=121)
	        Recheck Cond: ((id >= 6383953) AND (id <= 6384952))
	        ->  Bitmap Index Scan on sbtest8_pkey  (cost=0.00..27.02 rows=1059 width=0)
	              Index Cond: ((id >= 6383953) AND (id <= 6384952))

for: count_ranges
table 1 : explain SELECT count(c) FROM sbtest1 WHERE id BETWEEN 8810958 AND 8811957
	Aggregate  (cost=3723.01..3723.02 rows=1 width=8)
	  ->  Bitmap Heap Scan on sbtest1  (cost=22.31..3720.61 rows=963 width=121)
	        Recheck Cond: ((id >= 8810958) AND (id <= 8811957))
	        ->  Bitmap Index Scan on sbtest1_pkey  (cost=0.00..22.07 rows=963 width=0)
	              Index Cond: ((id >= 8810958) AND (id <= 8811957))

table 2 : explain SELECT count(c) FROM sbtest2 WHERE id BETWEEN 1587062 AND 1588061
	Aggregate  (cost=3693.92..3693.93 rows=1 width=8)
	  ->  Bitmap Heap Scan on sbtest2  (cost=22.22..3691.54 rows=955 width=121)
	        Recheck Cond: ((id >= 1587062) AND (id <= 1588061))
	        ->  Bitmap Index Scan on sbtest2_pkey  (cost=0.00..21.98 rows=955 width=0)
	              Index Cond: ((id >= 1587062) AND (id <= 1588061))

table 3 : explain SELECT count(c) FROM sbtest3 WHERE id BETWEEN 8191463 AND 8192462
	Aggregate  (cost=4006.89..4006.90 rows=1 width=8)
	  ->  Bitmap Heap Scan on sbtest3  (cost=23.07..4004.30 rows=1038 width=121)
	        Recheck Cond: ((id >= 8191463) AND (id <= 8192462))
	        ->  Bitmap Index Scan on sbtest3_pkey  (cost=0.00..22.82 rows=1038 width=0)
	              Index Cond: ((id >= 8191463) AND (id <= 8192462))

table 4 : explain SELECT count(c) FROM sbtest4 WHERE id BETWEEN 8664245 AND 8665244
	Aggregate  (cost=3864.84..3864.85 rows=1 width=8)
	  ->  Bitmap Heap Scan on sbtest4  (cost=22.68..3862.34 rows=1000 width=121)
	        Recheck Cond: ((id >= 8664245) AND (id <= 8665244))
	        ->  Bitmap Index Scan on sbtest4_pkey  (cost=0.00..22.43 rows=1000 width=0)
	              Index Cond: ((id >= 8664245) AND (id <= 8665244))

table 5 : explain SELECT count(c) FROM sbtest5 WHERE id BETWEEN 7187695 AND 7188694
	Aggregate  (cost=4204.03..4204.04 rows=1 width=8)
	  ->  Bitmap Heap Scan on sbtest5  (cost=27.60..4201.30 rows=1089 width=121)
	        Recheck Cond: ((id >= 7187695) AND (id <= 7188694))
	        ->  Bitmap Index Scan on sbtest5_pkey  (cost=0.00..27.32 rows=1089 width=0)
	              Index Cond: ((id >= 7187695) AND (id <= 7188694))

table 6 : explain SELECT count(c) FROM sbtest6 WHERE id BETWEEN 7319800 AND 7320799
	Aggregate  (cost=4008.15..4008.16 rows=1 width=8)
	  ->  Bitmap Heap Scan on sbtest6  (cost=23.07..4005.56 rows=1038 width=121)
	        Recheck Cond: ((id >= 7319800) AND (id <= 7320799))
	        ->  Bitmap Index Scan on sbtest6_pkey  (cost=0.00..22.82 rows=1038 width=0)
	              Index Cond: ((id >= 7319800) AND (id <= 7320799))

table 7 : explain SELECT count(c) FROM sbtest7 WHERE id BETWEEN 4289279 AND 4290278
	Aggregate  (cost=3658.44..3658.45 rows=1 width=8)
	  ->  Bitmap Heap Scan on sbtest7  (cost=22.12..3656.08 rows=945 width=121)
	        Recheck Cond: ((id >= 4289279) AND (id <= 4290278))
	        ->  Bitmap Index Scan on sbtest7_pkey  (cost=0.00..21.89 rows=945 width=0)
	              Index Cond: ((id >= 4289279) AND (id <= 4290278))

table 8 : explain SELECT count(c) FROM sbtest8 WHERE id BETWEEN 4524239 AND 4525238
	Aggregate  (cost=3983.15..3983.16 rows=1 width=8)
	  ->  Bitmap Heap Scan on sbtest8  (cost=26.99..3980.57 rows=1030 width=121)
	        Recheck Cond: ((id >= 4524239) AND (id <= 4525238))
	        ->  Bitmap Index Scan on sbtest8_pkey  (cost=0.00..26.73 rows=1030 width=0)
	              Index Cond: ((id >= 4524239) AND (id <= 4525238))

for: count_ranges
table 1 : explain SELECT count(c) FROM sbtest1 WHERE id BETWEEN 5457864 AND 5458863
	Aggregate  (cost=3662.65..3662.66 rows=1 width=8)
	  ->  Bitmap Heap Scan on sbtest1  (cost=22.14..3660.28 rows=947 width=121)
	        Recheck Cond: ((id >= 5457864) AND (id <= 5458863))
	        ->  Bitmap Index Scan on sbtest1_pkey  (cost=0.00..21.90 rows=947 width=0)
	              Index Cond: ((id >= 5457864) AND (id <= 5458863))

table 2 : explain SELECT count(c) FROM sbtest2 WHERE id BETWEEN 5152089 AND 5153088
	Aggregate  (cost=4142.18..4142.19 rows=1 width=8)
	  ->  Bitmap Heap Scan on sbtest2  (cost=23.44..4139.49 rows=1074 width=121)
	        Recheck Cond: ((id >= 5152089) AND (id <= 5153088))
	        ->  Bitmap Index Scan on sbtest2_pkey  (cost=0.00..23.18 rows=1074 width=0)
	              Index Cond: ((id >= 5152089) AND (id <= 5153088))

table 3 : explain SELECT count(c) FROM sbtest3 WHERE id BETWEEN 6648248 AND 6649247
	Aggregate  (cost=4059.57..4059.58 rows=1 width=8)
	  ->  Bitmap Heap Scan on sbtest3  (cost=23.22..4056.94 rows=1052 width=121)
	        Recheck Cond: ((id >= 6648248) AND (id <= 6649247))
	        ->  Bitmap Index Scan on sbtest3_pkey  (cost=0.00..22.95 rows=1052 width=0)
	              Index Cond: ((id >= 6648248) AND (id <= 6649247))

table 4 : explain SELECT count(c) FROM sbtest4 WHERE id BETWEEN 3461439 AND 3462438
	Aggregate  (cost=3657.27..3657.28 rows=1 width=8)
	  ->  Bitmap Heap Scan on sbtest4  (cost=22.12..3654.91 rows=945 width=121)
	        Recheck Cond: ((id >= 3461439) AND (id <= 3462438))
	        ->  Bitmap Index Scan on sbtest4_pkey  (cost=0.00..21.89 rows=945 width=0)
	              Index Cond: ((id >= 3461439) AND (id <= 3462438))

table 5 : explain SELECT count(c) FROM sbtest5 WHERE id BETWEEN 6040183 AND 6041182
	Aggregate  (cost=3509.93..3509.94 rows=1 width=8)
	  ->  Bitmap Heap Scan on sbtest5  (cost=21.72..3507.66 rows=906 width=121)
	        Recheck Cond: ((id >= 6040183) AND (id <= 6041182))
	        ->  Bitmap Index Scan on sbtest5_pkey  (cost=0.00..21.50 rows=906 width=0)
	              Index Cond: ((id >= 6040183) AND (id <= 6041182))

table 6 : explain SELECT count(c) FROM sbtest6 WHERE id BETWEEN 192878 AND 193877
	Aggregate  (cost=3932.81..3932.82 rows=1 width=8)
	  ->  Bitmap Heap Scan on sbtest6  (cost=22.87..3930.27 rows=1018 width=121)
	        Recheck Cond: ((id >= 192878) AND (id <= 193877))
	        ->  Bitmap Index Scan on sbtest6_pkey  (cost=0.00..22.61 rows=1018 width=0)
	              Index Cond: ((id >= 192878) AND (id <= 193877))

table 7 : explain SELECT count(c) FROM sbtest7 WHERE id BETWEEN 7783704 AND 7784703
	Aggregate  (cost=4009.38..4009.39 rows=1 width=8)
	  ->  Bitmap Heap Scan on sbtest7  (cost=23.07..4006.78 rows=1038 width=121)
	        Recheck Cond: ((id >= 7783704) AND (id <= 7784703))
	        ->  Bitmap Index Scan on sbtest7_pkey  (cost=0.00..22.82 rows=1038 width=0)
	              Index Cond: ((id >= 7783704) AND (id <= 7784703))

table 8 : explain SELECT count(c) FROM sbtest8 WHERE id BETWEEN 657105 AND 658104
	Aggregate  (cost=3885.12..3885.13 rows=1 width=8)
	  ->  Bitmap Heap Scan on sbtest8  (cost=26.73..3882.61 rows=1004 width=121)
	        Recheck Cond: ((id >= 657105) AND (id <= 658104))
	        ->  Bitmap Index Scan on sbtest8_pkey  (cost=0.00..26.47 rows=1004 width=0)
	              Index Cond: ((id >= 657105) AND (id <= 658104))

for: count_ranges
table 1 : explain SELECT count(c) FROM sbtest1 WHERE id BETWEEN 836463 AND 837462
	Aggregate  (cost=3488.90..3488.91 rows=1 width=8)
	  ->  Bitmap Heap Scan on sbtest1  (cost=21.67..3486.65 rows=901 width=121)
	        Recheck Cond: ((id >= 836463) AND (id <= 837462))
	        ->  Bitmap Index Scan on sbtest1_pkey  (cost=0.00..21.44 rows=901 width=0)
	              Index Cond: ((id >= 836463) AND (id <= 837462))

table 2 : explain SELECT count(c) FROM sbtest2 WHERE id BETWEEN 9208469 AND 9209468
	Aggregate  (cost=3712.80..3712.81 rows=1 width=8)
	  ->  Bitmap Heap Scan on sbtest2  (cost=22.27..3710.40 rows=960 width=121)
	        Recheck Cond: ((id >= 9208469) AND (id <= 9209468))
	        ->  Bitmap Index Scan on sbtest2_pkey  (cost=0.00..22.04 rows=960 width=0)
	              Index Cond: ((id >= 9208469) AND (id <= 9209468))

table 3 : explain SELECT count(c) FROM sbtest3 WHERE id BETWEEN 7595428 AND 7596427
	Aggregate  (cost=3920.29..3920.30 rows=1 width=8)
	  ->  Bitmap Heap Scan on sbtest3  (cost=22.84..3917.75 rows=1015 width=121)
	        Recheck Cond: ((id >= 7595428) AND (id <= 7596427))
	        ->  Bitmap Index Scan on sbtest3_pkey  (cost=0.00..22.58 rows=1015 width=0)
	              Index Cond: ((id >= 7595428) AND (id <= 7596427))

table 4 : explain SELECT count(c) FROM sbtest4 WHERE id BETWEEN 6502181 AND 6503180
	Aggregate  (cost=4192.63..4192.64 rows=1 width=8)
	  ->  Bitmap Heap Scan on sbtest4  (cost=27.57..4189.92 rows=1086 width=121)
	        Recheck Cond: ((id >= 6502181) AND (id <= 6503180))
	        ->  Bitmap Index Scan on sbtest4_pkey  (cost=0.00..27.29 rows=1086 width=0)
	              Index Cond: ((id >= 6502181) AND (id <= 6503180))

table 5 : explain SELECT count(c) FROM sbtest5 WHERE id BETWEEN 3025049 AND 3026048
	Aggregate  (cost=4000.60..4000.61 rows=1 width=8)
	  ->  Bitmap Heap Scan on sbtest5  (cost=23.05..3998.01 rows=1036 width=121)
	        Recheck Cond: ((id >= 3025049) AND (id <= 3026048))
	        ->  Bitmap Index Scan on sbtest5_pkey  (cost=0.00..22.79 rows=1036 width=0)
	              Index Cond: ((id >= 3025049) AND (id <= 3026048))

table 6 : explain SELECT count(c) FROM sbtest6 WHERE id BETWEEN 2458183 AND 2459182
	Aggregate  (cost=3993.09..3993.10 rows=1 width=8)
	  ->  Bitmap Heap Scan on sbtest6  (cost=23.03..3990.50 rows=1034 width=121)
	        Recheck Cond: ((id >= 2458183) AND (id <= 2459182))
	        ->  Bitmap Index Scan on sbtest6_pkey  (cost=0.00..22.77 rows=1034 width=0)
	              Index Cond: ((id >= 2458183) AND (id <= 2459182))

table 7 : explain SELECT count(c) FROM sbtest7 WHERE id BETWEEN 8300326 AND 8301325
	Aggregate  (cost=4175.27..4175.28 rows=1 width=8)
	  ->  Bitmap Heap Scan on sbtest7  (cost=27.52..4172.57 rows=1081 width=121)
	        Recheck Cond: ((id >= 8300326) AND (id <= 8301325))
	        ->  Bitmap Index Scan on sbtest7_pkey  (cost=0.00..27.25 rows=1081 width=0)
	              Index Cond: ((id >= 8300326) AND (id <= 8301325))

table 8 : explain SELECT count(c) FROM sbtest8 WHERE id BETWEEN 7708061 AND 7709060
	Aggregate  (cost=3990.68..3990.69 rows=1 width=8)
	  ->  Bitmap Heap Scan on sbtest8  (cost=27.01..3988.10 rows=1032 width=121)
	        Recheck Cond: ((id >= 7708061) AND (id <= 7709060))
	        ->  Bitmap Index Scan on sbtest8_pkey  (cost=0.00..26.75 rows=1032 width=0)
	              Index Cond: ((id >= 7708061) AND (id <= 7709060))

for: count_ranges
table 1 : explain SELECT count(c) FROM sbtest1 WHERE id BETWEEN 8383749 AND 8384748
	Aggregate  (cost=3741.87..3741.88 rows=1 width=8)
	  ->  Bitmap Heap Scan on sbtest1  (cost=22.36..3739.45 rows=968 width=121)
	        Recheck Cond: ((id >= 8383749) AND (id <= 8384748))
	        ->  Bitmap Index Scan on sbtest1_pkey  (cost=0.00..22.11 rows=968 width=0)
	              Index Cond: ((id >= 8383749) AND (id <= 8384748))

table 2 : explain SELECT count(c) FROM sbtest2 WHERE id BETWEEN 5423505 AND 5424504
	Aggregate  (cost=4112.10..4112.11 rows=1 width=8)
	  ->  Bitmap Heap Scan on sbtest2  (cost=23.36..4109.44 rows=1066 width=121)
	        Recheck Cond: ((id >= 5423505) AND (id <= 5424504))
	        ->  Bitmap Index Scan on sbtest2_pkey  (cost=0.00..23.09 rows=1066 width=0)
	              Index Cond: ((id >= 5423505) AND (id <= 5424504))

table 3 : explain SELECT count(c) FROM sbtest3 WHERE id BETWEEN 9498356 AND 9499355
	Aggregate  (cost=3592.07..3592.08 rows=1 width=8)
	  ->  Bitmap Heap Scan on sbtest3  (cost=21.95..3589.75 rows=928 width=121)
	        Recheck Cond: ((id >= 9498356) AND (id <= 9499355))
	        ->  Bitmap Index Scan on sbtest3_pkey  (cost=0.00..21.71 rows=928 width=0)
	              Index Cond: ((id >= 9498356) AND (id <= 9499355))

table 4 : explain SELECT count(c) FROM sbtest4 WHERE id BETWEEN 7095258 AND 7096257
	Aggregate  (cost=4049.44..4049.45 rows=1 width=8)
	  ->  Bitmap Heap Scan on sbtest4  (cost=23.19..4046.82 rows=1049 width=121)
	        Recheck Cond: ((id >= 7095258) AND (id <= 7096257))
	        ->  Bitmap Index Scan on sbtest4_pkey  (cost=0.00..22.93 rows=1049 width=0)
	              Index Cond: ((id >= 7095258) AND (id <= 7096257))

table 5 : explain SELECT count(c) FROM sbtest5 WHERE id BETWEEN 6164721 AND 6165720
	Aggregate  (cost=3725.34..3725.35 rows=1 width=8)
	  ->  Bitmap Heap Scan on sbtest5  (cost=22.31..3722.93 rows=963 width=121)
	        Recheck Cond: ((id >= 6164721) AND (id <= 6165720))
	        ->  Bitmap Index Scan on sbtest5_pkey  (cost=0.00..22.07 rows=963 width=0)
	              Index Cond: ((id >= 6164721) AND (id <= 6165720))

table 6 : explain SELECT count(c) FROM sbtest6 WHERE id BETWEEN 8980115 AND 8981114
	Aggregate  (cost=3887.58..3887.59 rows=1 width=8)
	  ->  Bitmap Heap Scan on sbtest6  (cost=22.75..3885.07 rows=1006 width=121)
	        Recheck Cond: ((id >= 8980115) AND (id <= 8981114))
	        ->  Bitmap Index Scan on sbtest6_pkey  (cost=0.00..22.50 rows=1006 width=0)
	              Index Cond: ((id >= 8980115) AND (id <= 8981114))

table 7 : explain SELECT count(c) FROM sbtest7 WHERE id BETWEEN 788250 AND 789249
	Aggregate  (cost=3918.92..3918.93 rows=1 width=8)
	  ->  Bitmap Heap Scan on sbtest7  (cost=22.83..3916.38 rows=1014 width=121)
	        Recheck Cond: ((id >= 788250) AND (id <= 789249))
	        ->  Bitmap Index Scan on sbtest7_pkey  (cost=0.00..22.57 rows=1014 width=0)
	              Index Cond: ((id >= 788250) AND (id <= 789249))

table 8 : explain SELECT count(c) FROM sbtest8 WHERE id BETWEEN 401954 AND 402953
	Aggregate  (cost=3548.71..3548.72 rows=1 width=8)
	  ->  Bitmap Heap Scan on sbtest8  (cost=21.82..3546.42 rows=916 width=121)
	        Recheck Cond: ((id >= 401954) AND (id <= 402953))
	        ->  Bitmap Index Scan on sbtest8_pkey  (cost=0.00..21.59 rows=916 width=0)
	              Index Cond: ((id >= 401954) AND (id <= 402953))

for: count_ranges
table 1 : explain SELECT count(c) FROM sbtest1 WHERE id BETWEEN 7123239 AND 7124238
	Aggregate  (cost=4043.14..4043.15 rows=1 width=8)
	  ->  Bitmap Heap Scan on sbtest1  (cost=23.18..4040.52 rows=1048 width=121)
	        Recheck Cond: ((id >= 7123239) AND (id <= 7124238))
	        ->  Bitmap Index Scan on sbtest1_pkey  (cost=0.00..22.91 rows=1048 width=0)
	              Index Cond: ((id >= 7123239) AND (id <= 7124238))

table 2 : explain SELECT count(c) FROM sbtest2 WHERE id BETWEEN 5937167 AND 5938166
	Aggregate  (cost=4127.14..4127.15 rows=1 width=8)
	  ->  Bitmap Heap Scan on sbtest2  (cost=23.40..4124.47 rows=1070 width=121)
	        Recheck Cond: ((id >= 5937167) AND (id <= 5938166))
	        ->  Bitmap Index Scan on sbtest2_pkey  (cost=0.00..23.14 rows=1070 width=0)
	              Index Cond: ((id >= 5937167) AND (id <= 5938166))

table 3 : explain SELECT count(c) FROM sbtest3 WHERE id BETWEEN 9467669 AND 9468668
	Aggregate  (cost=3592.07..3592.08 rows=1 width=8)
	  ->  Bitmap Heap Scan on sbtest3  (cost=21.95..3589.75 rows=928 width=121)
	        Recheck Cond: ((id >= 9467669) AND (id <= 9468668))
	        ->  Bitmap Index Scan on sbtest3_pkey  (cost=0.00..21.71 rows=928 width=0)
	              Index Cond: ((id >= 9467669) AND (id <= 9468668))

table 4 : explain SELECT count(c) FROM sbtest4 WHERE id BETWEEN 4392488 AND 4393487
	Aggregate  (cost=3917.62..3917.63 rows=1 width=8)
	  ->  Bitmap Heap Scan on sbtest4  (cost=22.83..3915.08 rows=1014 width=121)
	        Recheck Cond: ((id >= 4392488) AND (id <= 4393487))
	        ->  Bitmap Index Scan on sbtest4_pkey  (cost=0.00..22.57 rows=1014 width=0)
	              Index Cond: ((id >= 4392488) AND (id <= 4393487))

table 5 : explain SELECT count(c) FROM sbtest5 WHERE id BETWEEN 2005160 AND 2006159
	Aggregate  (cost=3823.46..3823.47 rows=1 width=8)
	  ->  Bitmap Heap Scan on sbtest5  (cost=22.57..3820.99 rows=989 width=121)
	        Recheck Cond: ((id >= 2005160) AND (id <= 2006159))
	        ->  Bitmap Index Scan on sbtest5_pkey  (cost=0.00..22.32 rows=989 width=0)
	              Index Cond: ((id >= 2005160) AND (id <= 2006159))

table 6 : explain SELECT count(c) FROM sbtest6 WHERE id BETWEEN 4223165 AND 4224164
	Aggregate  (cost=3778.20..3778.21 rows=1 width=8)
	  ->  Bitmap Heap Scan on sbtest6  (cost=22.45..3775.76 rows=977 width=121)
	        Recheck Cond: ((id >= 4223165) AND (id <= 4224164))
	        ->  Bitmap Index Scan on sbtest6_pkey  (cost=0.00..22.20 rows=977 width=0)
	              Index Cond: ((id >= 4223165) AND (id <= 4224164))

table 7 : explain SELECT count(c) FROM sbtest7 WHERE id BETWEEN 1904498 AND 1905497
	Aggregate  (cost=3722.67..3722.68 rows=1 width=8)
	  ->  Bitmap Heap Scan on sbtest7  (cost=22.30..3720.27 rows=962 width=121)
	        Recheck Cond: ((id >= 1904498) AND (id <= 1905497))
	        ->  Bitmap Index Scan on sbtest7_pkey  (cost=0.00..22.05 rows=962 width=0)
	              Index Cond: ((id >= 1904498) AND (id <= 1905497))

table 8 : explain SELECT count(c) FROM sbtest8 WHERE id BETWEEN 225166 AND 226165
	Aggregate  (cost=3907.75..3907.76 rows=1 width=8)
	  ->  Bitmap Heap Scan on sbtest8  (cost=26.79..3905.23 rows=1010 width=121)
	        Recheck Cond: ((id >= 225166) AND (id <= 226165))
	        ->  Bitmap Index Scan on sbtest8_pkey  (cost=0.00..26.54 rows=1010 width=0)
	              Index Cond: ((id >= 225166) AND (id <= 226165))

for: count_ranges
table 1 : explain SELECT count(c) FROM sbtest1 WHERE id BETWEEN 9319493 AND 9320492
	Aggregate  (cost=4250.07..4250.08 rows=1 width=8)
	  ->  Bitmap Heap Scan on sbtest1  (cost=27.74..4247.31 rows=1103 width=121)
	        Recheck Cond: ((id >= 9319493) AND (id <= 9320492))
	        ->  Bitmap Index Scan on sbtest1_pkey  (cost=0.00..27.46 rows=1103 width=0)
	              Index Cond: ((id >= 9319493) AND (id <= 9320492))

table 2 : explain SELECT count(c) FROM sbtest2 WHERE id BETWEEN 6133902 AND 6134901
	Aggregate  (cost=3931.46..3931.47 rows=1 width=8)
	  ->  Bitmap Heap Scan on sbtest2  (cost=22.87..3928.92 rows=1018 width=121)
	        Recheck Cond: ((id >= 6133902) AND (id <= 6134901))
	        ->  Bitmap Index Scan on sbtest2_pkey  (cost=0.00..22.61 rows=1018 width=0)
	              Index Cond: ((id >= 6133902) AND (id <= 6134901))

table 3 : explain SELECT count(c) FROM sbtest3 WHERE id BETWEEN 3862189 AND 3863188
	Aggregate  (cost=3916.52..3916.53 rows=1 width=8)
	  ->  Bitmap Heap Scan on sbtest3  (cost=22.83..3913.98 rows=1014 width=121)
	        Recheck Cond: ((id >= 3862189) AND (id <= 3863188))
	        ->  Bitmap Index Scan on sbtest3_pkey  (cost=0.00..22.57 rows=1014 width=0)
	              Index Cond: ((id >= 3862189) AND (id <= 3863188))

table 4 : explain SELECT count(c) FROM sbtest4 WHERE id BETWEEN 6259378 AND 6260377
	Aggregate  (cost=3627.04..3627.05 rows=1 width=8)
	  ->  Bitmap Heap Scan on sbtest4  (cost=22.04..3624.70 rows=937 width=121)
	        Recheck Cond: ((id >= 6259378) AND (id <= 6260377))
	        ->  Bitmap Index Scan on sbtest4_pkey  (cost=0.00..21.80 rows=937 width=0)
	              Index Cond: ((id >= 6259378) AND (id <= 6260377))

table 5 : explain SELECT count(c) FROM sbtest5 WHERE id BETWEEN 7581618 AND 7582617
	Aggregate  (cost=4045.79..4045.80 rows=1 width=8)
	  ->  Bitmap Heap Scan on sbtest5  (cost=23.18..4043.17 rows=1048 width=121)
	        Recheck Cond: ((id >= 7581618) AND (id <= 7582617))
	        ->  Bitmap Index Scan on sbtest5_pkey  (cost=0.00..22.91 rows=1048 width=0)
	              Index Cond: ((id >= 7581618) AND (id <= 7582617))

table 6 : explain SELECT count(c) FROM sbtest6 WHERE id BETWEEN 219468 AND 220467
	Aggregate  (cost=4087.44..4087.45 rows=1 width=8)
	  ->  Bitmap Heap Scan on sbtest6  (cost=27.28..4084.80 rows=1058 width=121)
	        Recheck Cond: ((id >= 219468) AND (id <= 220467))
	        ->  Bitmap Index Scan on sbtest6_pkey  (cost=0.00..27.01 rows=1058 width=0)
	              Index Cond: ((id >= 219468) AND (id <= 220467))

table 7 : explain SELECT count(c) FROM sbtest7 WHERE id BETWEEN 5503268 AND 5504267
	Aggregate  (cost=3956.62..3956.63 rows=1 width=8)
	  ->  Bitmap Heap Scan on sbtest7  (cost=22.93..3954.06 rows=1024 width=121)
	        Recheck Cond: ((id >= 5503268) AND (id <= 5504267))
	        ->  Bitmap Index Scan on sbtest7_pkey  (cost=0.00..22.68 rows=1024 width=0)
	              Index Cond: ((id >= 5503268) AND (id <= 5504267))

table 8 : explain SELECT count(c) FROM sbtest8 WHERE id BETWEEN 1541956 AND 1542955
	Aggregate  (cost=3749.03..3749.04 rows=1 width=8)
	  ->  Bitmap Heap Scan on sbtest8  (cost=22.37..3746.61 rows=969 width=121)
	        Recheck Cond: ((id >= 1541956) AND (id <= 1542955))
	        ->  Bitmap Index Scan on sbtest8_pkey  (cost=0.00..22.12 rows=969 width=0)
	              Index Cond: ((id >= 1541956) AND (id <= 1542955))

for: count_ranges
table 1 : explain SELECT count(c) FROM sbtest1 WHERE id BETWEEN 219686 AND 220685
	Aggregate  (cost=3836.11..3836.12 rows=1 width=8)
	  ->  Bitmap Heap Scan on sbtest1  (cost=22.61..3833.63 rows=993 width=121)
	        Recheck Cond: ((id >= 219686) AND (id <= 220685))
	        ->  Bitmap Index Scan on sbtest1_pkey  (cost=0.00..22.36 rows=993 width=0)
	              Index Cond: ((id >= 219686) AND (id <= 220685))

table 2 : explain SELECT count(c) FROM sbtest2 WHERE id BETWEEN 9688725 AND 9689724
	Aggregate  (cost=3629.74..3629.75 rows=1 width=8)
	  ->  Bitmap Heap Scan on sbtest2  (cost=22.05..3627.39 rows=938 width=121)
	        Recheck Cond: ((id >= 9688725) AND (id <= 9689724))
	        ->  Bitmap Index Scan on sbtest2_pkey  (cost=0.00..21.82 rows=938 width=0)
	              Index Cond: ((id >= 9688725) AND (id <= 9689724))

table 3 : explain SELECT count(c) FROM sbtest3 WHERE id BETWEEN 7542663 AND 7543662
	Aggregate  (cost=3920.29..3920.30 rows=1 width=8)
	  ->  Bitmap Heap Scan on sbtest3  (cost=22.84..3917.75 rows=1015 width=121)
	        Recheck Cond: ((id >= 7542663) AND (id <= 7543662))
	        ->  Bitmap Index Scan on sbtest3_pkey  (cost=0.00..22.58 rows=1015 width=0)
	              Index Cond: ((id >= 7542663) AND (id <= 7543662))

table 4 : explain SELECT count(c) FROM sbtest4 WHERE id BETWEEN 9743191 AND 9744190
	Aggregate  (cost=3917.62..3917.63 rows=1 width=8)
	  ->  Bitmap Heap Scan on sbtest4  (cost=22.83..3915.08 rows=1014 width=121)
	        Recheck Cond: ((id >= 9743191) AND (id <= 9744190))
	        ->  Bitmap Index Scan on sbtest4_pkey  (cost=0.00..22.57 rows=1014 width=0)
	              Index Cond: ((id >= 9743191) AND (id <= 9744190))

table 5 : explain SELECT count(c) FROM sbtest5 WHERE id BETWEEN 1744812 AND 1745811
	Aggregate  (cost=3747.99..3748.00 rows=1 width=8)
	  ->  Bitmap Heap Scan on sbtest5  (cost=22.37..3745.57 rows=969 width=121)
	        Recheck Cond: ((id >= 1744812) AND (id <= 1745811))
	        ->  Bitmap Index Scan on sbtest5_pkey  (cost=0.00..22.12 rows=969 width=0)
	              Index Cond: ((id >= 1744812) AND (id <= 1745811))

table 6 : explain SELECT count(c) FROM sbtest6 WHERE id BETWEEN 1729425 AND 1730424
	Aggregate  (cost=3849.88..3849.89 rows=1 width=8)
	  ->  Bitmap Heap Scan on sbtest6  (cost=22.64..3847.39 rows=996 width=121)
	        Recheck Cond: ((id >= 1729425) AND (id <= 1730424))
	        ->  Bitmap Index Scan on sbtest6_pkey  (cost=0.00..22.39 rows=996 width=0)
	              Index Cond: ((id >= 1729425) AND (id <= 1730424))

table 7 : explain SELECT count(c) FROM sbtest7 WHERE id BETWEEN 474669 AND 475668
	Aggregate  (cost=3752.89..3752.90 rows=1 width=8)
	  ->  Bitmap Heap Scan on sbtest7  (cost=22.38..3750.46 rows=970 width=121)
	        Recheck Cond: ((id >= 474669) AND (id <= 475668))
	        ->  Bitmap Index Scan on sbtest7_pkey  (cost=0.00..22.14 rows=970 width=0)
	              Index Cond: ((id >= 474669) AND (id <= 475668))

table 8 : explain SELECT count(c) FROM sbtest8 WHERE id BETWEEN 4252060 AND 4253059
	Aggregate  (cost=3514.65..3514.66 rows=1 width=8)
	  ->  Bitmap Heap Scan on sbtest8  (cost=21.73..3512.38 rows=907 width=121)
	        Recheck Cond: ((id >= 4252060) AND (id <= 4253059))
	        ->  Bitmap Index Scan on sbtest8_pkey  (cost=0.00..21.50 rows=907 width=0)
	              Index Cond: ((id >= 4252060) AND (id <= 4253059))

for: count_ranges
table 1 : explain SELECT count(c) FROM sbtest1 WHERE id BETWEEN 2011952 AND 2012951
	Aggregate  (cost=3817.27..3817.28 rows=1 width=8)
	  ->  Bitmap Heap Scan on sbtest1  (cost=22.56..3814.80 rows=988 width=121)
	        Recheck Cond: ((id >= 2011952) AND (id <= 2012951))
	        ->  Bitmap Index Scan on sbtest1_pkey  (cost=0.00..22.32 rows=988 width=0)
	              Index Cond: ((id >= 2011952) AND (id <= 2012951))

table 2 : explain SELECT count(c) FROM sbtest2 WHERE id BETWEEN 5297198 AND 5298197
	Aggregate  (cost=3735.44..3735.45 rows=1 width=8)
	  ->  Bitmap Heap Scan on sbtest2  (cost=22.34..3733.02 rows=966 width=121)
	        Recheck Cond: ((id >= 5297198) AND (id <= 5298197))
	        ->  Bitmap Index Scan on sbtest2_pkey  (cost=0.00..22.09 rows=966 width=0)
	              Index Cond: ((id >= 5297198) AND (id <= 5298197))

table 3 : explain SELECT count(c) FROM sbtest3 WHERE id BETWEEN 3915159 AND 3916158
	Aggregate  (cost=3584.51..3584.52 rows=1 width=8)
	  ->  Bitmap Heap Scan on sbtest3  (cost=21.93..3582.20 rows=926 width=121)
	        Recheck Cond: ((id >= 3915159) AND (id <= 3916158))
	        ->  Bitmap Index Scan on sbtest3_pkey  (cost=0.00..21.69 rows=926 width=0)
	              Index Cond: ((id >= 3915159) AND (id <= 3916158))

table 4 : explain SELECT count(c) FROM sbtest4 WHERE id BETWEEN 7668975 AND 7669974
	Aggregate  (cost=3649.71..3649.72 rows=1 width=8)
	  ->  Bitmap Heap Scan on sbtest4  (cost=22.10..3647.36 rows=943 width=121)
	        Recheck Cond: ((id >= 7668975) AND (id <= 7669974))
	        ->  Bitmap Index Scan on sbtest4_pkey  (cost=0.00..21.86 rows=943 width=0)
	              Index Cond: ((id >= 7668975) AND (id <= 7669974))

table 5 : explain SELECT count(c) FROM sbtest5 WHERE id BETWEEN 7997999 AND 7998998
	Aggregate  (cost=3966.70..3966.71 rows=1 width=8)
	  ->  Bitmap Heap Scan on sbtest5  (cost=22.96..3964.14 rows=1027 width=121)
	        Recheck Cond: ((id >= 7997999) AND (id <= 7998998))
	        ->  Bitmap Index Scan on sbtest5_pkey  (cost=0.00..22.70 rows=1027 width=0)
	              Index Cond: ((id >= 7997999) AND (id <= 7998998))

table 6 : explain SELECT count(c) FROM sbtest6 WHERE id BETWEEN 7798813 AND 7799812
	Aggregate  (cost=3646.04..3646.05 rows=1 width=8)
	  ->  Bitmap Heap Scan on sbtest6  (cost=22.09..3643.69 rows=942 width=121)
	        Recheck Cond: ((id >= 7798813) AND (id <= 7799812))
	        ->  Bitmap Index Scan on sbtest6_pkey  (cost=0.00..21.86 rows=942 width=0)
	              Index Cond: ((id >= 7798813) AND (id <= 7799812))

table 7 : explain SELECT count(c) FROM sbtest7 WHERE id BETWEEN 7148619 AND 7149618
	Aggregate  (cost=3745.34..3745.35 rows=1 width=8)
	  ->  Bitmap Heap Scan on sbtest7  (cost=22.36..3742.92 rows=968 width=121)
	        Recheck Cond: ((id >= 7148619) AND (id <= 7149618))
	        ->  Bitmap Index Scan on sbtest7_pkey  (cost=0.00..22.11 rows=968 width=0)
	              Index Cond: ((id >= 7148619) AND (id <= 7149618))

table 8 : explain SELECT count(c) FROM sbtest8 WHERE id BETWEEN 8342745 AND 8343744
	Aggregate  (cost=3892.67..3892.68 rows=1 width=8)
	  ->  Bitmap Heap Scan on sbtest8  (cost=26.75..3890.15 rows=1006 width=121)
	        Recheck Cond: ((id >= 8342745) AND (id <= 8343744))
	        ->  Bitmap Index Scan on sbtest8_pkey  (cost=0.00..26.50 rows=1006 width=0)
	              Index Cond: ((id >= 8342745) AND (id <= 8343744))

for: count_ranges
table 1 : explain SELECT count(c) FROM sbtest1 WHERE id BETWEEN 4257366 AND 4258365
	Aggregate  (cost=4028.10..4028.11 rows=1 width=8)
	  ->  Bitmap Heap Scan on sbtest1  (cost=23.14..4025.49 rows=1044 width=121)
	        Recheck Cond: ((id >= 4257366) AND (id <= 4258365))
	        ->  Bitmap Index Scan on sbtest1_pkey  (cost=0.00..22.87 rows=1044 width=0)
	              Index Cond: ((id >= 4257366) AND (id <= 4258365))

table 2 : explain SELECT count(c) FROM sbtest2 WHERE id BETWEEN 7011381 AND 7012380
	Aggregate  (cost=3792.02..3792.03 rows=1 width=8)
	  ->  Bitmap Heap Scan on sbtest2  (cost=22.49..3789.57 rows=981 width=121)
	        Recheck Cond: ((id >= 7011381) AND (id <= 7012380))
	        ->  Bitmap Index Scan on sbtest2_pkey  (cost=0.00..22.25 rows=981 width=0)
	              Index Cond: ((id >= 7011381) AND (id <= 7012380))

table 3 : explain SELECT count(c) FROM sbtest3 WHERE id BETWEEN 775500 AND 776499
	Aggregate  (cost=3867.54..3867.55 rows=1 width=8)
	  ->  Bitmap Heap Scan on sbtest3  (cost=22.70..3865.03 rows=1001 width=121)
	        Recheck Cond: ((id >= 775500) AND (id <= 776499))
	        ->  Bitmap Index Scan on sbtest3_pkey  (cost=0.00..22.44 rows=1001 width=0)
	              Index Cond: ((id >= 775500) AND (id <= 776499))

table 4 : explain SELECT count(c) FROM sbtest4 WHERE id BETWEEN 7707397 AND 7708396
	Aggregate  (cost=3649.71..3649.72 rows=1 width=8)
	  ->  Bitmap Heap Scan on sbtest4  (cost=22.10..3647.36 rows=943 width=121)
	        Recheck Cond: ((id >= 7707397) AND (id <= 7708396))
	        ->  Bitmap Index Scan on sbtest4_pkey  (cost=0.00..21.86 rows=943 width=0)
	              Index Cond: ((id >= 7707397) AND (id <= 7708396))

table 5 : explain SELECT count(c) FROM sbtest5 WHERE id BETWEEN 1599853 AND 1600852
	Aggregate  (cost=3887.56..3887.57 rows=1 width=8)
	  ->  Bitmap Heap Scan on sbtest5  (cost=22.75..3885.05 rows=1006 width=121)
	        Recheck Cond: ((id >= 1599853) AND (id <= 1600852))
	        ->  Bitmap Index Scan on sbtest5_pkey  (cost=0.00..22.50 rows=1006 width=0)
	              Index Cond: ((id >= 1599853) AND (id <= 1600852))

table 6 : explain SELECT count(c) FROM sbtest6 WHERE id BETWEEN 3930381 AND 3931380
	Aggregate  (cost=3944.12..3944.13 rows=1 width=8)
	  ->  Bitmap Heap Scan on sbtest6  (cost=22.90..3941.56 rows=1021 width=121)
	        Recheck Cond: ((id >= 3930381) AND (id <= 3931380))
	        ->  Bitmap Index Scan on sbtest6_pkey  (cost=0.00..22.64 rows=1021 width=0)
	              Index Cond: ((id >= 3930381) AND (id <= 3931380))

table 7 : explain SELECT count(c) FROM sbtest7 WHERE id BETWEEN 2507451 AND 2508450
	Aggregate  (cost=4148.93..4148.94 rows=1 width=8)
	  ->  Bitmap Heap Scan on sbtest7  (cost=27.44..4146.24 rows=1074 width=121)
	        Recheck Cond: ((id >= 2507451) AND (id <= 2508450))
	        ->  Bitmap Index Scan on sbtest7_pkey  (cost=0.00..27.18 rows=1074 width=0)
	              Index Cond: ((id >= 2507451) AND (id <= 2508450))

table 8 : explain SELECT count(c) FROM sbtest8 WHERE id BETWEEN 1132602 AND 1133601
	Aggregate  (cost=3745.26..3745.27 rows=1 width=8)
	  ->  Bitmap Heap Scan on sbtest8  (cost=22.36..3742.84 rows=968 width=121)
	        Recheck Cond: ((id >= 1132602) AND (id <= 1133601))
	        ->  Bitmap Index Scan on sbtest8_pkey  (cost=0.00..22.11 rows=968 width=0)
	              Index Cond: ((id >= 1132602) AND (id <= 1133601))

for: count_ranges
table 1 : explain SELECT count(c) FROM sbtest1 WHERE id BETWEEN 1246017 AND 1247016
	Aggregate  (cost=3606.02..3606.03 rows=1 width=8)
	  ->  Bitmap Heap Scan on sbtest1  (cost=21.99..3603.69 rows=932 width=121)
	        Recheck Cond: ((id >= 1246017) AND (id <= 1247016))
	        ->  Bitmap Index Scan on sbtest1_pkey  (cost=0.00..21.75 rows=932 width=0)
	              Index Cond: ((id >= 1246017) AND (id <= 1247016))

table 2 : explain SELECT count(c) FROM sbtest2 WHERE id BETWEEN 7797232 AND 7798231
	Aggregate  (cost=3516.37..3516.38 rows=1 width=8)
	  ->  Bitmap Heap Scan on sbtest2  (cost=21.74..3514.10 rows=908 width=121)
	        Recheck Cond: ((id >= 7797232) AND (id <= 7798231))
	        ->  Bitmap Index Scan on sbtest2_pkey  (cost=0.00..21.51 rows=908 width=0)
	              Index Cond: ((id >= 7797232) AND (id <= 7798231))

table 3 : explain SELECT count(c) FROM sbtest3 WHERE id BETWEEN 6940628 AND 6941627
	Aggregate  (cost=3626.07..3626.08 rows=1 width=8)
	  ->  Bitmap Heap Scan on sbtest3  (cost=22.04..3623.73 rows=937 width=121)
	        Recheck Cond: ((id >= 6940628) AND (id <= 6941627))
	        ->  Bitmap Index Scan on sbtest3_pkey  (cost=0.00..21.80 rows=937 width=0)
	              Index Cond: ((id >= 6940628) AND (id <= 6941627))

table 4 : explain SELECT count(c) FROM sbtest4 WHERE id BETWEEN 6965424 AND 6966423
	Aggregate  (cost=3679.93..3679.94 rows=1 width=8)
	  ->  Bitmap Heap Scan on sbtest4  (cost=22.18..3677.56 rows=951 width=121)
	        Recheck Cond: ((id >= 6965424) AND (id <= 6966423))
	        ->  Bitmap Index Scan on sbtest4_pkey  (cost=0.00..21.94 rows=951 width=0)
	              Index Cond: ((id >= 6965424) AND (id <= 6966423))

table 5 : explain SELECT count(c) FROM sbtest5 WHERE id BETWEEN 8732745 AND 8733744
	Aggregate  (cost=3797.05..3797.06 rows=1 width=8)
	  ->  Bitmap Heap Scan on sbtest5  (cost=22.50..3794.60 rows=982 width=121)
	        Recheck Cond: ((id >= 8732745) AND (id <= 8733744))
	        ->  Bitmap Index Scan on sbtest5_pkey  (cost=0.00..22.25 rows=982 width=0)
	              Index Cond: ((id >= 8732745) AND (id <= 8733744))

table 6 : explain SELECT count(c) FROM sbtest6 WHERE id BETWEEN 4197599 AND 4198598
	Aggregate  (cost=3853.65..3853.66 rows=1 width=8)
	  ->  Bitmap Heap Scan on sbtest6  (cost=22.65..3851.16 rows=997 width=121)
	        Recheck Cond: ((id >= 4197599) AND (id <= 4198598))
	        ->  Bitmap Index Scan on sbtest6_pkey  (cost=0.00..22.40 rows=997 width=0)
	              Index Cond: ((id >= 4197599) AND (id <= 4198598))

table 7 : explain SELECT count(c) FROM sbtest7 WHERE id BETWEEN 1702419 AND 1703418
	Aggregate  (cost=3873.66..3873.67 rows=1 width=8)
	  ->  Bitmap Heap Scan on sbtest7  (cost=22.71..3871.16 rows=1002 width=121)
	        Recheck Cond: ((id >= 1702419) AND (id <= 1703418))
	        ->  Bitmap Index Scan on sbtest7_pkey  (cost=0.00..22.45 rows=1002 width=0)
	              Index Cond: ((id >= 1702419) AND (id <= 1703418))

table 8 : explain SELECT count(c) FROM sbtest8 WHERE id BETWEEN 9334045 AND 9335044
	Aggregate  (cost=4039.66..4039.67 rows=1 width=8)
	  ->  Bitmap Heap Scan on sbtest8  (cost=27.15..4037.05 rows=1045 width=121)
	        Recheck Cond: ((id >= 9334045) AND (id <= 9335044))
	        ->  Bitmap Index Scan on sbtest8_pkey  (cost=0.00..26.89 rows=1045 width=0)
	              Index Cond: ((id >= 9334045) AND (id <= 9335044))

for: count_ranges
table 1 : explain SELECT count(c) FROM sbtest1 WHERE id BETWEEN 4724990 AND 4725989
	Aggregate  (cost=3843.64..3843.65 rows=1 width=8)
	  ->  Bitmap Heap Scan on sbtest1  (cost=22.63..3841.16 rows=995 width=121)
	        Recheck Cond: ((id >= 4724990) AND (id <= 4725989))
	        ->  Bitmap Index Scan on sbtest1_pkey  (cost=0.00..22.39 rows=995 width=0)
	              Index Cond: ((id >= 4724990) AND (id <= 4725989))

table 2 : explain SELECT count(c) FROM sbtest2 WHERE id BETWEEN 1096292 AND 1097291
	Aggregate  (cost=3871.18..3871.19 rows=1 width=8)
	  ->  Bitmap Heap Scan on sbtest2  (cost=22.71..3868.68 rows=1002 width=121)
	        Recheck Cond: ((id >= 1096292) AND (id <= 1097291))
	        ->  Bitmap Index Scan on sbtest2_pkey  (cost=0.00..22.45 rows=1002 width=0)
	              Index Cond: ((id >= 1096292) AND (id <= 1097291))

table 3 : explain SELECT count(c) FROM sbtest3 WHERE id BETWEEN 5279531 AND 5280530
	Aggregate  (cost=3935.35..3935.36 rows=1 width=8)
	  ->  Bitmap Heap Scan on sbtest3  (cost=22.88..3932.80 rows=1019 width=121)
	        Recheck Cond: ((id >= 5279531) AND (id <= 5280530))
	        ->  Bitmap Index Scan on sbtest3_pkey  (cost=0.00..22.62 rows=1019 width=0)
	              Index Cond: ((id >= 5279531) AND (id <= 5280530))

table 4 : explain SELECT count(c) FROM sbtest4 WHERE id BETWEEN 6644210 AND 6645209
	Aggregate  (cost=3698.82..3698.83 rows=1 width=8)
	  ->  Bitmap Heap Scan on sbtest4  (cost=22.23..3696.43 rows=956 width=121)
	        Recheck Cond: ((id >= 6644210) AND (id <= 6645209))
	        ->  Bitmap Index Scan on sbtest4_pkey  (cost=0.00..22.00 rows=956 width=0)
	              Index Cond: ((id >= 6644210) AND (id <= 6645209))

table 5 : explain SELECT count(c) FROM sbtest5 WHERE id BETWEEN 7714602 AND 7715601
	Aggregate  (cost=3974.24..3974.25 rows=1 width=8)
	  ->  Bitmap Heap Scan on sbtest5  (cost=22.98..3971.66 rows=1029 width=121)
	        Recheck Cond: ((id >= 7714602) AND (id <= 7715601))
	        ->  Bitmap Index Scan on sbtest5_pkey  (cost=0.00..22.72 rows=1029 width=0)
	              Index Cond: ((id >= 7714602) AND (id <= 7715601))

table 6 : explain SELECT count(c) FROM sbtest6 WHERE id BETWEEN 1609926 AND 1610925
	Aggregate  (cost=3944.12..3944.13 rows=1 width=8)
	  ->  Bitmap Heap Scan on sbtest6  (cost=22.90..3941.56 rows=1021 width=121)
	        Recheck Cond: ((id >= 1609926) AND (id <= 1610925))
	        ->  Bitmap Index Scan on sbtest6_pkey  (cost=0.00..22.64 rows=1021 width=0)
	              Index Cond: ((id >= 1609926) AND (id <= 1610925))

table 7 : explain SELECT count(c) FROM sbtest7 WHERE id BETWEEN 2998567 AND 2999566
	Aggregate  (cost=4227.93..4227.94 rows=1 width=8)
	  ->  Bitmap Heap Scan on sbtest7  (cost=27.66..4225.19 rows=1095 width=121)
	        Recheck Cond: ((id >= 2998567) AND (id <= 2999566))
	        ->  Bitmap Index Scan on sbtest7_pkey  (cost=0.00..27.39 rows=1095 width=0)
	              Index Cond: ((id >= 2998567) AND (id <= 2999566))

table 8 : explain SELECT count(c) FROM sbtest8 WHERE id BETWEEN 3779492 AND 3780491
	Aggregate  (cost=4212.79..4212.80 rows=1 width=8)
	  ->  Bitmap Heap Scan on sbtest8  (cost=27.62..4210.06 rows=1091 width=121)
	        Recheck Cond: ((id >= 3779492) AND (id <= 3780491))
	        ->  Bitmap Index Scan on sbtest8_pkey  (cost=0.00..27.34 rows=1091 width=0)
	              Index Cond: ((id >= 3779492) AND (id <= 3780491))

for: count_ranges
table 1 : explain SELECT count(c) FROM sbtest1 WHERE id BETWEEN 3572022 AND 3573021
	Aggregate  (cost=3994.24..3994.25 rows=1 width=8)
	  ->  Bitmap Heap Scan on sbtest1  (cost=23.04..3991.66 rows=1035 width=121)
	        Recheck Cond: ((id >= 3572022) AND (id <= 3573021))
	        ->  Bitmap Index Scan on sbtest1_pkey  (cost=0.00..22.79 rows=1035 width=0)
	              Index Cond: ((id >= 3572022) AND (id <= 3573021))

table 2 : explain SELECT count(c) FROM sbtest2 WHERE id BETWEEN 5513080 AND 5514079
	Aggregate  (cost=3603.30..3603.31 rows=1 width=8)
	  ->  Bitmap Heap Scan on sbtest2  (cost=21.98..3600.97 rows=931 width=121)
	        Recheck Cond: ((id >= 5513080) AND (id <= 5514079))
	        ->  Bitmap Index Scan on sbtest2_pkey  (cost=0.00..21.75 rows=931 width=0)
	              Index Cond: ((id >= 5513080) AND (id <= 5514079))

table 3 : explain SELECT count(c) FROM sbtest3 WHERE id BETWEEN 1969193 AND 1970192
	Aggregate  (cost=3795.91..3795.92 rows=1 width=8)
	  ->  Bitmap Heap Scan on sbtest3  (cost=22.50..3793.45 rows=982 width=121)
	        Recheck Cond: ((id >= 1969193) AND (id <= 1970192))
	        ->  Bitmap Index Scan on sbtest3_pkey  (cost=0.00..22.25 rows=982 width=0)
	              Index Cond: ((id >= 1969193) AND (id <= 1970192))

table 4 : explain SELECT count(c) FROM sbtest4 WHERE id BETWEEN 8213473 AND 8214472
	Aggregate  (cost=4132.46..4132.47 rows=1 width=8)
	  ->  Bitmap Heap Scan on sbtest4  (cost=27.40..4129.79 rows=1070 width=121)
	        Recheck Cond: ((id >= 8213473) AND (id <= 8214472))
	        ->  Bitmap Index Scan on sbtest4_pkey  (cost=0.00..27.14 rows=1070 width=0)
	              Index Cond: ((id >= 8213473) AND (id <= 8214472))

table 5 : explain SELECT count(c) FROM sbtest5 WHERE id BETWEEN 9800555 AND 9801554
	Aggregate  (cost=3819.69..3819.70 rows=1 width=8)
	  ->  Bitmap Heap Scan on sbtest5  (cost=22.56..3817.22 rows=988 width=121)
	        Recheck Cond: ((id >= 9800555) AND (id <= 9801554))
	        ->  Bitmap Index Scan on sbtest5_pkey  (cost=0.00..22.32 rows=988 width=0)
	              Index Cond: ((id >= 9800555) AND (id <= 9801554))

table 6 : explain SELECT count(c) FROM sbtest6 WHERE id BETWEEN 3102740 AND 3103739
	Aggregate  (cost=3717.81..3717.82 rows=1 width=8)
	  ->  Bitmap Heap Scan on sbtest6  (cost=22.29..3715.40 rows=961 width=121)
	        Recheck Cond: ((id >= 3102740) AND (id <= 3103739))
	        ->  Bitmap Index Scan on sbtest6_pkey  (cost=0.00..22.04 rows=961 width=0)
	              Index Cond: ((id >= 3102740) AND (id <= 3103739))

table 7 : explain SELECT count(c) FROM sbtest7 WHERE id BETWEEN 2375050 AND 2376049
	Aggregate  (cost=3873.66..3873.67 rows=1 width=8)
	  ->  Bitmap Heap Scan on sbtest7  (cost=22.71..3871.16 rows=1002 width=121)
	        Recheck Cond: ((id >= 2375050) AND (id <= 2376049))
	        ->  Bitmap Index Scan on sbtest7_pkey  (cost=0.00..22.45 rows=1002 width=0)
	              Index Cond: ((id >= 2375050) AND (id <= 2376049))

table 8 : explain SELECT count(c) FROM sbtest8 WHERE id BETWEEN 5459061 AND 5460060
	Aggregate  (cost=4231.59..4231.60 rows=1 width=8)
	  ->  Bitmap Heap Scan on sbtest8  (cost=27.67..4228.85 rows=1096 width=121)
	        Recheck Cond: ((id >= 5459061) AND (id <= 5460060))
	        ->  Bitmap Index Scan on sbtest8_pkey  (cost=0.00..27.39 rows=1096 width=0)
	              Index Cond: ((id >= 5459061) AND (id <= 5460060))

for: count_ranges
table 1 : explain SELECT count(c) FROM sbtest1 WHERE id BETWEEN 2050423 AND 2051422
	Aggregate  (cost=3726.79..3726.80 rows=1 width=8)
	  ->  Bitmap Heap Scan on sbtest1  (cost=22.32..3724.38 rows=964 width=121)
	        Recheck Cond: ((id >= 2050423) AND (id <= 2051422))
	        ->  Bitmap Index Scan on sbtest1_pkey  (cost=0.00..22.07 rows=964 width=0)
	              Index Cond: ((id >= 2050423) AND (id <= 2051422))

table 2 : explain SELECT count(c) FROM sbtest2 WHERE id BETWEEN 5172877 AND 5173876
	Aggregate  (cost=3561.73..3561.74 rows=1 width=8)
	  ->  Bitmap Heap Scan on sbtest2  (cost=21.87..3559.43 rows=920 width=121)
	        Recheck Cond: ((id >= 5172877) AND (id <= 5173876))
	        ->  Bitmap Index Scan on sbtest2_pkey  (cost=0.00..21.64 rows=920 width=0)
	              Index Cond: ((id >= 5172877) AND (id <= 5173876))

table 3 : explain SELECT count(c) FROM sbtest3 WHERE id BETWEEN 1645543 AND 1646542
	Aggregate  (cost=3837.38..3837.39 rows=1 width=8)
	  ->  Bitmap Heap Scan on sbtest3  (cost=22.61..3834.90 rows=993 width=121)
	        Recheck Cond: ((id >= 1645543) AND (id <= 1646542))
	        ->  Bitmap Index Scan on sbtest3_pkey  (cost=0.00..22.36 rows=993 width=0)
	              Index Cond: ((id >= 1645543) AND (id <= 1646542))

table 4 : explain SELECT count(c) FROM sbtest4 WHERE id BETWEEN 8214335 AND 8215334
	Aggregate  (cost=4132.46..4132.47 rows=1 width=8)
	  ->  Bitmap Heap Scan on sbtest4  (cost=27.40..4129.79 rows=1070 width=121)
	        Recheck Cond: ((id >= 8214335) AND (id <= 8215334))
	        ->  Bitmap Index Scan on sbtest4_pkey  (cost=0.00..27.14 rows=1070 width=0)
	              Index Cond: ((id >= 8214335) AND (id <= 8215334))

table 5 : explain SELECT count(c) FROM sbtest5 WHERE id BETWEEN 5903592 AND 5904591
	Aggregate  (cost=3695.13..3695.14 rows=1 width=8)
	  ->  Bitmap Heap Scan on sbtest5  (cost=22.22..3692.75 rows=955 width=121)
	        Recheck Cond: ((id >= 5903592) AND (id <= 5904591))
	        ->  Bitmap Index Scan on sbtest5_pkey  (cost=0.00..21.98 rows=955 width=0)
	              Index Cond: ((id >= 5903592) AND (id <= 5904591))

table 6 : explain SELECT count(c) FROM sbtest6 WHERE id BETWEEN 9347159 AND 9348158
	Aggregate  (cost=3936.58..3936.59 rows=1 width=8)
	  ->  Bitmap Heap Scan on sbtest6  (cost=22.88..3934.03 rows=1019 width=121)
	        Recheck Cond: ((id >= 9347159) AND (id <= 9348158))
	        ->  Bitmap Index Scan on sbtest6_pkey  (cost=0.00..22.62 rows=1019 width=0)
	              Index Cond: ((id >= 9347159) AND (id <= 9348158))

table 7 : explain SELECT count(c) FROM sbtest7 WHERE id BETWEEN 3913939 AND 3914938
	Aggregate  (cost=3628.20..3628.21 rows=1 width=8)
	  ->  Bitmap Heap Scan on sbtest7  (cost=22.04..3625.86 rows=937 width=121)
	        Recheck Cond: ((id >= 3913939) AND (id <= 3914938))
	        ->  Bitmap Index Scan on sbtest7_pkey  (cost=0.00..21.80 rows=937 width=0)
	              Index Cond: ((id >= 3913939) AND (id <= 3914938))

table 8 : explain SELECT count(c) FROM sbtest8 WHERE id BETWEEN 4858327 AND 4859326
	Aggregate  (cost=3382.11..3382.12 rows=1 width=8)
	  ->  Bitmap Heap Scan on sbtest8  (cost=21.37..3379.93 rows=872 width=121)
	        Recheck Cond: ((id >= 4858327) AND (id <= 4859326))
	        ->  Bitmap Index Scan on sbtest8_pkey  (cost=0.00..21.15 rows=872 width=0)
	              Index Cond: ((id >= 4858327) AND (id <= 4859326))

for: count_ranges
table 1 : explain SELECT count(c) FROM sbtest1 WHERE id BETWEEN 7687786 AND 7688785
	Aggregate  (cost=3783.35..3783.36 rows=1 width=8)
	  ->  Bitmap Heap Scan on sbtest1  (cost=22.47..3780.90 rows=979 width=121)
	        Recheck Cond: ((id >= 7687786) AND (id <= 7688785))
	        ->  Bitmap Index Scan on sbtest1_pkey  (cost=0.00..22.22 rows=979 width=0)
	              Index Cond: ((id >= 7687786) AND (id <= 7688785))

table 2 : explain SELECT count(c) FROM sbtest2 WHERE id BETWEEN 3986135 AND 3987134
	Aggregate  (cost=4145.94..4145.95 rows=1 width=8)
	  ->  Bitmap Heap Scan on sbtest2  (cost=23.45..4143.25 rows=1075 width=121)
	        Recheck Cond: ((id >= 3986135) AND (id <= 3987134))
	        ->  Bitmap Index Scan on sbtest2_pkey  (cost=0.00..23.18 rows=1075 width=0)
	              Index Cond: ((id >= 3986135) AND (id <= 3987134))

table 3 : explain SELECT count(c) FROM sbtest3 WHERE id BETWEEN 9289540 AND 9290539
	Aggregate  (cost=3965.48..3965.49 rows=1 width=8)
	  ->  Bitmap Heap Scan on sbtest3  (cost=22.96..3962.91 rows=1027 width=121)
	        Recheck Cond: ((id >= 9289540) AND (id <= 9290539))
	        ->  Bitmap Index Scan on sbtest3_pkey  (cost=0.00..22.70 rows=1027 width=0)
	              Index Cond: ((id >= 9289540) AND (id <= 9290539))

table 4 : explain SELECT count(c) FROM sbtest4 WHERE id BETWEEN 8570194 AND 8571193
	Aggregate  (cost=3778.09..3778.10 rows=1 width=8)
	  ->  Bitmap Heap Scan on sbtest4  (cost=22.45..3775.65 rows=977 width=121)
	        Recheck Cond: ((id >= 8570194) AND (id <= 8571193))
	        ->  Bitmap Index Scan on sbtest4_pkey  (cost=0.00..22.20 rows=977 width=0)
	              Index Cond: ((id >= 8570194) AND (id <= 8571193))

table 5 : explain SELECT count(c) FROM sbtest5 WHERE id BETWEEN 5280706 AND 5281705
	Aggregate  (cost=3664.92..3664.93 rows=1 width=8)
	  ->  Bitmap Heap Scan on sbtest5  (cost=22.14..3662.55 rows=947 width=121)
	        Recheck Cond: ((id >= 5280706) AND (id <= 5281705))
	        ->  Bitmap Index Scan on sbtest5_pkey  (cost=0.00..21.90 rows=947 width=0)
	              Index Cond: ((id >= 5280706) AND (id <= 5281705))

table 6 : explain SELECT count(c) FROM sbtest6 WHERE id BETWEEN 9399594 AND 9400593
	Aggregate  (cost=3876.27..3876.28 rows=1 width=8)
	  ->  Bitmap Heap Scan on sbtest6  (cost=22.72..3873.76 rows=1003 width=121)
	        Recheck Cond: ((id >= 9399594) AND (id <= 9400593))
	        ->  Bitmap Index Scan on sbtest6_pkey  (cost=0.00..22.46 rows=1003 width=0)
	              Index Cond: ((id >= 9399594) AND (id <= 9400593))

table 7 : explain SELECT count(c) FROM sbtest7 WHERE id BETWEEN 9572020 AND 9573019
	Aggregate  (cost=3866.12..3866.13 rows=1 width=8)
	  ->  Bitmap Heap Scan on sbtest7  (cost=22.68..3863.62 rows=1000 width=121)
	        Recheck Cond: ((id >= 9572020) AND (id <= 9573019))
	        ->  Bitmap Index Scan on sbtest7_pkey  (cost=0.00..22.43 rows=1000 width=0)
	              Index Cond: ((id >= 9572020) AND (id <= 9573019))

table 8 : explain SELECT count(c) FROM sbtest8 WHERE id BETWEEN 6887514 AND 6888513
	Aggregate  (cost=3707.49..3707.50 rows=1 width=8)
	  ->  Bitmap Heap Scan on sbtest8  (cost=22.25..3705.09 rows=958 width=121)
	        Recheck Cond: ((id >= 6887514) AND (id <= 6888513))
	        ->  Bitmap Index Scan on sbtest8_pkey  (cost=0.00..22.01 rows=958 width=0)
	              Index Cond: ((id >= 6887514) AND (id <= 6888513))

for: count_ranges
table 1 : explain SELECT count(c) FROM sbtest1 WHERE id BETWEEN 6945953 AND 6946952
	Aggregate  (cost=3971.67..3971.68 rows=1 width=8)
	  ->  Bitmap Heap Scan on sbtest1  (cost=22.98..3969.09 rows=1029 width=121)
	        Recheck Cond: ((id >= 6945953) AND (id <= 6946952))
	        ->  Bitmap Index Scan on sbtest1_pkey  (cost=0.00..22.72 rows=1029 width=0)
	              Index Cond: ((id >= 6945953) AND (id <= 6946952))

table 2 : explain SELECT count(c) FROM sbtest2 WHERE id BETWEEN 6714508 AND 6715507
	Aggregate  (cost=3561.73..3561.74 rows=1 width=8)
	  ->  Bitmap Heap Scan on sbtest2  (cost=21.87..3559.43 rows=920 width=121)
	        Recheck Cond: ((id >= 6714508) AND (id <= 6715507))
	        ->  Bitmap Index Scan on sbtest2_pkey  (cost=0.00..21.64 rows=920 width=0)
	              Index Cond: ((id >= 6714508) AND (id <= 6715507))

table 3 : explain SELECT count(c) FROM sbtest3 WHERE id BETWEEN 5173943 AND 5174942
	Aggregate  (cost=4131.03..4131.04 rows=1 width=8)
	  ->  Bitmap Heap Scan on sbtest3  (cost=23.41..4128.36 rows=1071 width=121)
	        Recheck Cond: ((id >= 5173943) AND (id <= 5174942))
	        ->  Bitmap Index Scan on sbtest3_pkey  (cost=0.00..23.14 rows=1071 width=0)
	              Index Cond: ((id >= 5173943) AND (id <= 5174942))

table 4 : explain SELECT count(c) FROM sbtest4 WHERE id BETWEEN 4177970 AND 4178969
	Aggregate  (cost=3936.46..3936.47 rows=1 width=8)
	  ->  Bitmap Heap Scan on sbtest4  (cost=22.88..3933.91 rows=1019 width=121)
	        Recheck Cond: ((id >= 4177970) AND (id <= 4178969))
	        ->  Bitmap Index Scan on sbtest4_pkey  (cost=0.00..22.62 rows=1019 width=0)
	              Index Cond: ((id >= 4177970) AND (id <= 4178969))

table 5 : explain SELECT count(c) FROM sbtest5 WHERE id BETWEEN 9806450 AND 9807449
	Aggregate  (cost=3819.69..3819.70 rows=1 width=8)
	  ->  Bitmap Heap Scan on sbtest5  (cost=22.56..3817.22 rows=988 width=121)
	        Recheck Cond: ((id >= 9806450) AND (id <= 9807449))
	        ->  Bitmap Index Scan on sbtest5_pkey  (cost=0.00..22.32 rows=988 width=0)
	              Index Cond: ((id >= 9806450) AND (id <= 9807449))

table 6 : explain SELECT count(c) FROM sbtest6 WHERE id BETWEEN 8820327 AND 8821326
	Aggregate  (cost=3593.14..3593.15 rows=1 width=8)
	  ->  Bitmap Heap Scan on sbtest6  (cost=21.95..3590.82 rows=928 width=121)
	        Recheck Cond: ((id >= 8820327) AND (id <= 8821326))
	        ->  Bitmap Index Scan on sbtest6_pkey  (cost=0.00..21.71 rows=928 width=0)
	              Index Cond: ((id >= 8820327) AND (id <= 8821326))

table 7 : explain SELECT count(c) FROM sbtest7 WHERE id BETWEEN 7812967 AND 7813966
	Aggregate  (cost=4009.38..4009.39 rows=1 width=8)
	  ->  Bitmap Heap Scan on sbtest7  (cost=23.07..4006.78 rows=1038 width=121)
	        Recheck Cond: ((id >= 7812967) AND (id <= 7813966))
	        ->  Bitmap Index Scan on sbtest7_pkey  (cost=0.00..22.82 rows=1038 width=0)
	              Index Cond: ((id >= 7812967) AND (id <= 7813966))

table 8 : explain SELECT count(c) FROM sbtest8 WHERE id BETWEEN 1628803 AND 1629802
	Aggregate  (cost=3749.03..3749.04 rows=1 width=8)
	  ->  Bitmap Heap Scan on sbtest8  (cost=22.37..3746.61 rows=969 width=121)
	        Recheck Cond: ((id >= 1628803) AND (id <= 1629802))
	        ->  Bitmap Index Scan on sbtest8_pkey  (cost=0.00..22.12 rows=969 width=0)
	              Index Cond: ((id >= 1628803) AND (id <= 1629802))

Threads started!

Warming up for 5 seconds...

SQL statistics:
    queries performed:
        read:                            18477258
        write:                           0
        other:                           0
        total:                           18477258
    transactions:                        18477258 (29328.70 per sec.)
    queries:                             18477258 (29328.70 per sec.)
    ignored errors:                      0      (0.00 per sec.)
    reconnects:                          0      (0.00 per sec.)

Throughput:
    events/s (eps):                      29328.7010
    time elapsed:                        630.0062s
    total number of events:              18477258

Latency (ms):
         min:                                    0.10
         avg:                                    1.36
         max:                                    9.52
         95th percentile:                        1.47
         sum:                             25190363.12

Threads fairness:
    events (avg/stddev):           461930.9500/1633.94
    execution time (avg/stddev):   629.7591/0.00

