LUA_PATH=/home/mdcallag/git/mytools/bench/sysbench.lua/lua/?.lua /home/mdcallag/git/mytools/bench/sysbench.lua/lua/sysbench --db-driver=pgsql --range-size=100 --table-size=10000000 --tables=8 --threads=40 --events=0 --warmup-time=5 --time=630 --pgsql_conn_id=true /home/mdcallag/git/mytools/bench/sysbench.lua/lua/oltp_range_covered.lua run --pgsql-user=root --pgsql-password=pw --pgsql-host=127.0.0.1 --pgsql-db=ib --rand-type=uniform --random-points=100 --skip-trx
48 CPUs
sysbench 1.1.0-9072687 (using bundled LuaJIT 2.1.0-beta3)

Running the test with following options:
Number of threads: 40
Warmup time: 5s
Initializing random number generator from current time


Initializing worker threads...

explain: for range-covered :: explain SELECT id FROM sbtest%d WHERE id BETWEEN 5292753 AND 5292853
explain: for range-covered :: explain SELECT id FROM sbtest%d WHERE id BETWEEN 3133799 AND 3133899
explain: for range-covered :: explain SELECT id FROM sbtest%d WHERE id BETWEEN 4042358 AND 4042458
explain: for range-covered :: explain SELECT id FROM sbtest%d WHERE id BETWEEN 2859767 AND 2859867
explain: for range-covered :: explain SELECT id FROM sbtest%d WHERE id BETWEEN 7237369 AND 7237469
explain: for range-covered :: explain SELECT id FROM sbtest%d WHERE id BETWEEN 4187518 AND 4187618
for range-covered
table 1 : explain SELECT id FROM sbtest1 WHERE id BETWEEN 5292753 AND 5292853
	Index Only Scan using sbtest1_pkey on sbtest1  (cost=0.43..6.19 rows=88 width=4)
	  Index Cond: ((id >= 5292753) AND (id <= 5292853))

table 2 : explain SELECT id FROM sbtest2 WHERE id BETWEEN 5292753 AND 5292853
	Index Only Scan using sbtest2_pkey on sbtest2  (cost=0.43..6.53 rows=105 width=4)
	  Index Cond: ((id >= 5292753) AND (id <= 5292853))

table 3 : explain SELECT id FROM sbtest3 WHERE id BETWEEN 5292753 AND 5292853
	Index Only Scan using sbtest3_pkey on sbtest3  (cost=0.43..6.24 rows=90 width=4)
	  Index Cond: ((id >= 5292753) AND (id <= 5292853))

table 4 : explain SELECT id FROM sbtest4 WHERE id BETWEEN 5292753 AND 5292853
	Index Only Scan using sbtest4_pkey on sbtest4  (cost=0.43..6.37 rows=97 width=4)
	  Index Cond: ((id >= 5292753) AND (id <= 5292853))

table 5 : explain SELECT id FROM sbtest5 WHERE id BETWEEN 5292753 AND 5292853
	Index Only Scan using sbtest5_pkey on sbtest5  (cost=0.43..6.29 rows=93 width=4)
	  Index Cond: ((id >= 5292753) AND (id <= 5292853))

table 6 : explain SELECT id FROM sbtest6 WHERE id BETWEEN 5292753 AND 5292853
	Index Only Scan using sbtest6_pkey on sbtest6  (cost=0.43..6.35 rows=96 width=4)
	  Index Cond: ((id >= 5292753) AND (id <= 5292853))

table 7 : explain SELECT id FROM sbtest7 WHERE id BETWEEN 5292753 AND 5292853
	Index Only Scan using sbtest7_pkey on sbtest7  (cost=0.43..6.43 rows=100 width=4)
	  Index Cond: ((id >= 5292753) AND (id <= 5292853))

table 8 : explain SELECT id FROM sbtest8 WHERE id BETWEEN 5292753 AND 5292853
	Index Only Scan using sbtest8_pkey on sbtest8  (cost=0.43..6.45 rows=101 width=4)
	  Index Cond: ((id >= 5292753) AND (id <= 5292853))

explain: for range-covered :: explain SELECT id FROM sbtest%d WHERE id BETWEEN 5292753 AND 5292853
explain: for range-covered :: explain SELECT id FROM sbtest%d WHERE id BETWEEN 8827041 AND 8827141
explain: for range-covered :: explain SELECT id FROM sbtest%d WHERE id BETWEEN 1156776 AND 1156876
for range-covered
table 1 : explain SELECT id FROM sbtest1 WHERE id BETWEEN 5292753 AND 5292853
	Index Only Scan using sbtest1_pkey on sbtest1  (cost=0.43..6.19 rows=88 width=4)
	  Index Cond: ((id >= 5292753) AND (id <= 5292853))

table 2 : explain SELECT id FROM sbtest2 WHERE id BETWEEN 5292753 AND 5292853
	Index Only Scan using sbtest2_pkey on sbtest2  (cost=0.43..6.53 rows=105 width=4)
	  Index Cond: ((id >= 5292753) AND (id <= 5292853))

table 3 : explain SELECT id FROM sbtest3 WHERE id BETWEEN 5292753 AND 5292853
	Index Only Scan using sbtest3_pkey on sbtest3  (cost=0.43..6.24 rows=90 width=4)
	  Index Cond: ((id >= 5292753) AND (id <= 5292853))

table 4 : explain SELECT id FROM sbtest4 WHERE id BETWEEN 5292753 AND 5292853
	Index Only Scan using sbtest4_pkey on sbtest4  (cost=0.43..6.37 rows=97 width=4)
	  Index Cond: ((id >= 5292753) AND (id <= 5292853))

table 5 : explain SELECT id FROM sbtest5 WHERE id BETWEEN 5292753 AND 5292853
	Index Only Scan using sbtest5_pkey on sbtest5  (cost=0.43..6.29 rows=93 width=4)
	  Index Cond: ((id >= 5292753) AND (id <= 5292853))

table 6 : explain SELECT id FROM sbtest6 WHERE id BETWEEN 5292753 AND 5292853
	Index Only Scan using sbtest6_pkey on sbtest6  (cost=0.43..6.35 rows=96 width=4)
	  Index Cond: ((id >= 5292753) AND (id <= 5292853))

table 7 : explain SELECT id FROM sbtest7 WHERE id BETWEEN 5292753 AND 5292853
	Index Only Scan using sbtest7_pkey on sbtest7  (cost=0.43..6.43 rows=100 width=4)
	  Index Cond: ((id >= 5292753) AND (id <= 5292853))

table 8 : explain SELECT id FROM sbtest8 WHERE id BETWEEN 5292753 AND 5292853
	Index Only Scan using sbtest8_pkey on sbtest8  (cost=0.43..6.45 rows=101 width=4)
	  Index Cond: ((id >= 5292753) AND (id <= 5292853))

explain: for range-covered :: explain SELECT id FROM sbtest%d WHERE id BETWEEN 5292753 AND 5292853
for range-covered
table 1 : explain SELECT id FROM sbtest1 WHERE id BETWEEN 3133799 AND 3133899
	Index Only Scan using sbtest1_pkey on sbtest1  (cost=0.43..6.47 rows=102 width=4)
	  Index Cond: ((id >= 3133799) AND (id <= 3133899))

table 2 : explain SELECT id FROM sbtest2 WHERE id BETWEEN 3133799 AND 3133899
	Index Only Scan using sbtest2_pkey on sbtest2  (cost=0.43..6.50 rows=103 width=4)
	  Index Cond: ((id >= 3133799) AND (id <= 3133899))

table 3 : explain SELECT id FROM sbtest3 WHERE id BETWEEN 3133799 AND 3133899
	Index Only Scan using sbtest3_pkey on sbtest3  (cost=0.43..6.32 rows=94 width=4)
	  Index Cond: ((id >= 3133799) AND (id <= 3133899))

table 4 : explain SELECT id FROM sbtest4 WHERE id BETWEEN 3133799 AND 3133899
	Index Only Scan using sbtest4_pkey on sbtest4  (cost=0.43..6.50 rows=103 width=4)
	  Index Cond: ((id >= 3133799) AND (id <= 3133899))

table 5 : explain SELECT id FROM sbtest5 WHERE id BETWEEN 3133799 AND 3133899
	Index Only Scan using sbtest5_pkey on sbtest5  (cost=0.43..6.66 rows=111 width=4)
	  Index Cond: ((id >= 3133799) AND (id <= 3133899))

table 6 : explain SELECT id FROM sbtest6 WHERE id BETWEEN 3133799 AND 3133899
	Index Only Scan using sbtest6_pkey on sbtest6  (cost=0.43..6.53 rows=105 width=4)
	  Index Cond: ((id >= 3133799) AND (id <= 3133899))

table 7 : explain SELECT id FROM sbtest7 WHERE id BETWEEN 3133799 AND 3133899
	Index Only Scan using sbtest7_pkey on sbtest7  (cost=0.43..6.47 rows=102 width=4)
	  Index Cond: ((id >= 3133799) AND (id <= 3133899))

table 8 : explain SELECT id FROM sbtest8 WHERE id BETWEEN 3133799 AND 3133899
	Index Only Scan using sbtest8_pkey on sbtest8  (cost=0.43..6.45 rows=101 width=4)
	  Index Cond: ((id >= 3133799) AND (id <= 3133899))

for range-covered
table 1 : explain SELECT id FROM sbtest1 WHERE id BETWEEN 2859767 AND 2859867
	Index Only Scan using sbtest1_pkey on sbtest1  (cost=0.43..6.45 rows=101 width=4)
	  Index Cond: ((id >= 2859767) AND (id <= 2859867))

table 2 : explain SELECT id FROM sbtest2 WHERE id BETWEEN 2859767 AND 2859867
	Index Only Scan using sbtest2_pkey on sbtest2  (cost=0.43..6.67 rows=112 width=4)
	  Index Cond: ((id >= 2859767) AND (id <= 2859867))

table 3 : explain SELECT id FROM sbtest3 WHERE id BETWEEN 2859767 AND 2859867
	Index Only Scan using sbtest3_pkey on sbtest3  (cost=0.43..6.58 rows=107 width=4)
	  Index Cond: ((id >= 2859767) AND (id <= 2859867))

table 4 : explain SELECT id FROM sbtest4 WHERE id BETWEEN 2859767 AND 2859867
	Index Only Scan using sbtest4_pkey on sbtest4  (cost=0.43..6.69 rows=113 width=4)
	  Index Cond: ((id >= 2859767) AND (id <= 2859867))

table 5 : explain SELECT id FROM sbtest5 WHERE id BETWEEN 2859767 AND 2859867
	Index Only Scan using sbtest5_pkey on sbtest5  (cost=0.43..6.63 rows=110 width=4)
	  Index Cond: ((id >= 2859767) AND (id <= 2859867))

table 6 : explain SELECT id FROM sbtest6 WHERE id BETWEEN 2859767 AND 2859867
	Index Only Scan using sbtest6_pkey on sbtest6  (cost=0.43..6.40 rows=98 width=4)
	  Index Cond: ((id >= 2859767) AND (id <= 2859867))

table 7 : explain SELECT id FROM sbtest7 WHERE id BETWEEN 2859767 AND 2859867
	Index Only Scan using sbtest7_pkey on sbtest7  (cost=0.43..6.56 rows=106 width=4)
	  Index Cond: ((id >= 2859767) AND (id <= 2859867))

table 8 : explain SELECT id FROM sbtest8 WHERE id BETWEEN 2859767 AND 2859867
	Index Only Scan using sbtest8_pkey on sbtest8  (cost=0.43..6.37 rows=97 width=4)
	  Index Cond: ((id >= 2859767) AND (id <= 2859867))

explain: for range-covered :: explain SELECT id FROM sbtest%d WHERE id BETWEEN 3133799 AND 3133899
explain: for range-covered :: explain SELECT id FROM sbtest%d WHERE id BETWEEN 2859767 AND 2859867
explain: for range-covered :: explain SELECT id FROM sbtest%d WHERE id BETWEEN 5171943 AND 5172043
for range-covered
table 1 : explain SELECT id FROM sbtest1 WHERE id BETWEEN 5292753 AND 5292853
	Index Only Scan using sbtest1_pkey on sbtest1  (cost=0.43..6.19 rows=88 width=4)
	  Index Cond: ((id >= 5292753) AND (id <= 5292853))

table 2 : explain SELECT id FROM sbtest2 WHERE id BETWEEN 5292753 AND 5292853
	Index Only Scan using sbtest2_pkey on sbtest2  (cost=0.43..6.53 rows=105 width=4)
	  Index Cond: ((id >= 5292753) AND (id <= 5292853))

table 3 : explain SELECT id FROM sbtest3 WHERE id BETWEEN 5292753 AND 5292853
	Index Only Scan using sbtest3_pkey on sbtest3  (cost=0.43..6.24 rows=90 width=4)
	  Index Cond: ((id >= 5292753) AND (id <= 5292853))

table 4 : explain SELECT id FROM sbtest4 WHERE id BETWEEN 5292753 AND 5292853
	Index Only Scan using sbtest4_pkey on sbtest4  (cost=0.43..6.37 rows=97 width=4)
	  Index Cond: ((id >= 5292753) AND (id <= 5292853))

table 5 : explain SELECT id FROM sbtest5 WHERE id BETWEEN 5292753 AND 5292853
	Index Only Scan using sbtest5_pkey on sbtest5  (cost=0.43..6.29 rows=93 width=4)
	  Index Cond: ((id >= 5292753) AND (id <= 5292853))

table 6 : explain SELECT id FROM sbtest6 WHERE id BETWEEN 5292753 AND 5292853
	Index Only Scan using sbtest6_pkey on sbtest6  (cost=0.43..6.35 rows=96 width=4)
	  Index Cond: ((id >= 5292753) AND (id <= 5292853))

table 7 : explain SELECT id FROM sbtest7 WHERE id BETWEEN 5292753 AND 5292853
	Index Only Scan using sbtest7_pkey on sbtest7  (cost=0.43..6.43 rows=100 width=4)
	  Index Cond: ((id >= 5292753) AND (id <= 5292853))

table 8 : explain SELECT id FROM sbtest8 WHERE id BETWEEN 5292753 AND 5292853
	Index Only Scan using sbtest8_pkey on sbtest8  (cost=0.43..6.45 rows=101 width=4)
	  Index Cond: ((id >= 5292753) AND (id <= 5292853))

for range-covered
table 1 : explain SELECT id FROM sbtest1 WHERE id BETWEEN 3133799 AND 3133899
	Index Only Scan using sbtest1_pkey on sbtest1  (cost=0.43..6.47 rows=102 width=4)
	  Index Cond: ((id >= 3133799) AND (id <= 3133899))

table 2 : explain SELECT id FROM sbtest2 WHERE id BETWEEN 3133799 AND 3133899
	Index Only Scan using sbtest2_pkey on sbtest2  (cost=0.43..6.50 rows=103 width=4)
	  Index Cond: ((id >= 3133799) AND (id <= 3133899))

table 3 : explain SELECT id FROM sbtest3 WHERE id BETWEEN 3133799 AND 3133899
	Index Only Scan using sbtest3_pkey on sbtest3  (cost=0.43..6.32 rows=94 width=4)
	  Index Cond: ((id >= 3133799) AND (id <= 3133899))

table 4 : explain SELECT id FROM sbtest4 WHERE id BETWEEN 3133799 AND 3133899
	Index Only Scan using sbtest4_pkey on sbtest4  (cost=0.43..6.50 rows=103 width=4)
	  Index Cond: ((id >= 3133799) AND (id <= 3133899))

table 5 : explain SELECT id FROM sbtest5 WHERE id BETWEEN 3133799 AND 3133899
	Index Only Scan using sbtest5_pkey on sbtest5  (cost=0.43..6.66 rows=111 width=4)
	  Index Cond: ((id >= 3133799) AND (id <= 3133899))

table 6 : explain SELECT id FROM sbtest6 WHERE id BETWEEN 3133799 AND 3133899
	Index Only Scan using sbtest6_pkey on sbtest6  (cost=0.43..6.53 rows=105 width=4)
	  Index Cond: ((id >= 3133799) AND (id <= 3133899))

table 7 : explain SELECT id FROM sbtest7 WHERE id BETWEEN 3133799 AND 3133899
	Index Only Scan using sbtest7_pkey on sbtest7  (cost=0.43..6.47 rows=102 width=4)
	  Index Cond: ((id >= 3133799) AND (id <= 3133899))

table 8 : explain SELECT id FROM sbtest8 WHERE id BETWEEN 3133799 AND 3133899
	Index Only Scan using sbtest8_pkey on sbtest8  (cost=0.43..6.45 rows=101 width=4)
	  Index Cond: ((id >= 3133799) AND (id <= 3133899))

explain: for range-covered :: explain SELECT id FROM sbtest%d WHERE id BETWEEN 5292753 AND 5292853
for range-covered
table 1 : explain SELECT id FROM sbtest1 WHERE id BETWEEN 2859767 AND 2859867
	Index Only Scan using sbtest1_pkey on sbtest1  (cost=0.43..6.45 rows=101 width=4)
	  Index Cond: ((id >= 2859767) AND (id <= 2859867))

table 2 : explain SELECT id FROM sbtest2 WHERE id BETWEEN 2859767 AND 2859867
	Index Only Scan using sbtest2_pkey on sbtest2  (cost=0.43..6.67 rows=112 width=4)
	  Index Cond: ((id >= 2859767) AND (id <= 2859867))

table 3 : explain SELECT id FROM sbtest3 WHERE id BETWEEN 2859767 AND 2859867
	Index Only Scan using sbtest3_pkey on sbtest3  (cost=0.43..6.58 rows=107 width=4)
	  Index Cond: ((id >= 2859767) AND (id <= 2859867))

table 4 : explain SELECT id FROM sbtest4 WHERE id BETWEEN 2859767 AND 2859867
	Index Only Scan using sbtest4_pkey on sbtest4  (cost=0.43..6.69 rows=113 width=4)
	  Index Cond: ((id >= 2859767) AND (id <= 2859867))

table 5 : explain SELECT id FROM sbtest5 WHERE id BETWEEN 2859767 AND 2859867
	Index Only Scan using sbtest5_pkey on sbtest5  (cost=0.43..6.63 rows=110 width=4)
	  Index Cond: ((id >= 2859767) AND (id <= 2859867))

table 6 : explain SELECT id FROM sbtest6 WHERE id BETWEEN 2859767 AND 2859867
	Index Only Scan using sbtest6_pkey on sbtest6  (cost=0.43..6.40 rows=98 width=4)
	  Index Cond: ((id >= 2859767) AND (id <= 2859867))

table 7 : explain SELECT id FROM sbtest7 WHERE id BETWEEN 2859767 AND 2859867
	Index Only Scan using sbtest7_pkey on sbtest7  (cost=0.43..6.56 rows=106 width=4)
	  Index Cond: ((id >= 2859767) AND (id <= 2859867))

table 8 : explain SELECT id FROM sbtest8 WHERE id BETWEEN 2859767 AND 2859867
	Index Only Scan using sbtest8_pkey on sbtest8  (cost=0.43..6.37 rows=97 width=4)
	  Index Cond: ((id >= 2859767) AND (id <= 2859867))

explain: for range-covered :: explain SELECT id FROM sbtest%d WHERE id BETWEEN 2859767 AND 2859867
for range-covered
table 1 : explain SELECT id FROM sbtest1 WHERE id BETWEEN 5292753 AND 5292853
	Index Only Scan using sbtest1_pkey on sbtest1  (cost=0.43..6.19 rows=88 width=4)
	  Index Cond: ((id >= 5292753) AND (id <= 5292853))

table 2 : explain SELECT id FROM sbtest2 WHERE id BETWEEN 5292753 AND 5292853
	Index Only Scan using sbtest2_pkey on sbtest2  (cost=0.43..6.53 rows=105 width=4)
	  Index Cond: ((id >= 5292753) AND (id <= 5292853))

table 3 : explain SELECT id FROM sbtest3 WHERE id BETWEEN 5292753 AND 5292853
	Index Only Scan using sbtest3_pkey on sbtest3  (cost=0.43..6.24 rows=90 width=4)
	  Index Cond: ((id >= 5292753) AND (id <= 5292853))

table 4 : explain SELECT id FROM sbtest4 WHERE id BETWEEN 5292753 AND 5292853
	Index Only Scan using sbtest4_pkey on sbtest4  (cost=0.43..6.37 rows=97 width=4)
	  Index Cond: ((id >= 5292753) AND (id <= 5292853))

table 5 : explain SELECT id FROM sbtest5 WHERE id BETWEEN 5292753 AND 5292853
	Index Only Scan using sbtest5_pkey on sbtest5  (cost=0.43..6.29 rows=93 width=4)
	  Index Cond: ((id >= 5292753) AND (id <= 5292853))

table 6 : explain SELECT id FROM sbtest6 WHERE id BETWEEN 5292753 AND 5292853
	Index Only Scan using sbtest6_pkey on sbtest6  (cost=0.43..6.35 rows=96 width=4)
	  Index Cond: ((id >= 5292753) AND (id <= 5292853))

table 7 : explain SELECT id FROM sbtest7 WHERE id BETWEEN 5292753 AND 5292853
	Index Only Scan using sbtest7_pkey on sbtest7  (cost=0.43..6.43 rows=100 width=4)
	  Index Cond: ((id >= 5292753) AND (id <= 5292853))

table 8 : explain SELECT id FROM sbtest8 WHERE id BETWEEN 5292753 AND 5292853
	Index Only Scan using sbtest8_pkey on sbtest8  (cost=0.43..6.45 rows=101 width=4)
	  Index Cond: ((id >= 5292753) AND (id <= 5292853))

for range-covered
table 1 : explain SELECT id FROM sbtest1 WHERE id BETWEEN 2859767 AND 2859867
	Index Only Scan using sbtest1_pkey on sbtest1  (cost=0.43..6.45 rows=101 width=4)
	  Index Cond: ((id >= 2859767) AND (id <= 2859867))

table 2 : explain SELECT id FROM sbtest2 WHERE id BETWEEN 2859767 AND 2859867
	Index Only Scan using sbtest2_pkey on sbtest2  (cost=0.43..6.67 rows=112 width=4)
	  Index Cond: ((id >= 2859767) AND (id <= 2859867))

table 3 : explain SELECT id FROM sbtest3 WHERE id BETWEEN 2859767 AND 2859867
	Index Only Scan using sbtest3_pkey on sbtest3  (cost=0.43..6.58 rows=107 width=4)
	  Index Cond: ((id >= 2859767) AND (id <= 2859867))

table 4 : explain SELECT id FROM sbtest4 WHERE id BETWEEN 2859767 AND 2859867
	Index Only Scan using sbtest4_pkey on sbtest4  (cost=0.43..6.69 rows=113 width=4)
	  Index Cond: ((id >= 2859767) AND (id <= 2859867))

table 5 : explain SELECT id FROM sbtest5 WHERE id BETWEEN 2859767 AND 2859867
	Index Only Scan using sbtest5_pkey on sbtest5  (cost=0.43..6.63 rows=110 width=4)
	  Index Cond: ((id >= 2859767) AND (id <= 2859867))

table 6 : explain SELECT id FROM sbtest6 WHERE id BETWEEN 2859767 AND 2859867
	Index Only Scan using sbtest6_pkey on sbtest6  (cost=0.43..6.40 rows=98 width=4)
	  Index Cond: ((id >= 2859767) AND (id <= 2859867))

table 7 : explain SELECT id FROM sbtest7 WHERE id BETWEEN 2859767 AND 2859867
	Index Only Scan using sbtest7_pkey on sbtest7  (cost=0.43..6.56 rows=106 width=4)
	  Index Cond: ((id >= 2859767) AND (id <= 2859867))

table 8 : explain SELECT id FROM sbtest8 WHERE id BETWEEN 2859767 AND 2859867
	Index Only Scan using sbtest8_pkey on sbtest8  (cost=0.43..6.37 rows=97 width=4)
	  Index Cond: ((id >= 2859767) AND (id <= 2859867))

explain: for range-covered :: explain SELECT id FROM sbtest%d WHERE id BETWEEN 5292753 AND 5292853
explain: for range-covered :: explain SELECT id FROM sbtest%d WHERE id BETWEEN 2859767 AND 2859867
explain: for range-covered :: explain SELECT id FROM sbtest%d WHERE id BETWEEN 1854738 AND 1854838
for range-covered
table 1 : explain SELECT id FROM sbtest1 WHERE id BETWEEN 5292753 AND 5292853
	Index Only Scan using sbtest1_pkey on sbtest1  (cost=0.43..6.19 rows=88 width=4)
	  Index Cond: ((id >= 5292753) AND (id <= 5292853))

table 2 : explain SELECT id FROM sbtest2 WHERE id BETWEEN 5292753 AND 5292853
	Index Only Scan using sbtest2_pkey on sbtest2  (cost=0.43..6.53 rows=105 width=4)
	  Index Cond: ((id >= 5292753) AND (id <= 5292853))

table 3 : explain SELECT id FROM sbtest3 WHERE id BETWEEN 5292753 AND 5292853
	Index Only Scan using sbtest3_pkey on sbtest3  (cost=0.43..6.24 rows=90 width=4)
	  Index Cond: ((id >= 5292753) AND (id <= 5292853))

table 4 : explain SELECT id FROM sbtest4 WHERE id BETWEEN 5292753 AND 5292853
	Index Only Scan using sbtest4_pkey on sbtest4  (cost=0.43..6.37 rows=97 width=4)
	  Index Cond: ((id >= 5292753) AND (id <= 5292853))

table 5 : explain SELECT id FROM sbtest5 WHERE id BETWEEN 5292753 AND 5292853
	Index Only Scan using sbtest5_pkey on sbtest5  (cost=0.43..6.29 rows=93 width=4)
	  Index Cond: ((id >= 5292753) AND (id <= 5292853))

table 6 : explain SELECT id FROM sbtest6 WHERE id BETWEEN 5292753 AND 5292853
	Index Only Scan using sbtest6_pkey on sbtest6  (cost=0.43..6.35 rows=96 width=4)
	  Index Cond: ((id >= 5292753) AND (id <= 5292853))

table 7 : explain SELECT id FROM sbtest7 WHERE id BETWEEN 5292753 AND 5292853
	Index Only Scan using sbtest7_pkey on sbtest7  (cost=0.43..6.43 rows=100 width=4)
	  Index Cond: ((id >= 5292753) AND (id <= 5292853))

table 8 : explain SELECT id FROM sbtest8 WHERE id BETWEEN 5292753 AND 5292853
	Index Only Scan using sbtest8_pkey on sbtest8  (cost=0.43..6.45 rows=101 width=4)
	  Index Cond: ((id >= 5292753) AND (id <= 5292853))

explain: for range-covered :: explain SELECT id FROM sbtest%d WHERE id BETWEEN 5292753 AND 5292853
for range-covered
table 1 : explain SELECT id FROM sbtest1 WHERE id BETWEEN 2859767 AND 2859867
	Index Only Scan using sbtest1_pkey on sbtest1  (cost=0.43..6.45 rows=101 width=4)
	  Index Cond: ((id >= 2859767) AND (id <= 2859867))

table 2 : explain SELECT id FROM sbtest2 WHERE id BETWEEN 2859767 AND 2859867
	Index Only Scan using sbtest2_pkey on sbtest2  (cost=0.43..6.67 rows=112 width=4)
	  Index Cond: ((id >= 2859767) AND (id <= 2859867))

table 3 : explain SELECT id FROM sbtest3 WHERE id BETWEEN 2859767 AND 2859867
	Index Only Scan using sbtest3_pkey on sbtest3  (cost=0.43..6.58 rows=107 width=4)
	  Index Cond: ((id >= 2859767) AND (id <= 2859867))

table 4 : explain SELECT id FROM sbtest4 WHERE id BETWEEN 2859767 AND 2859867
	Index Only Scan using sbtest4_pkey on sbtest4  (cost=0.43..6.69 rows=113 width=4)
	  Index Cond: ((id >= 2859767) AND (id <= 2859867))

table 5 : explain SELECT id FROM sbtest5 WHERE id BETWEEN 2859767 AND 2859867
	Index Only Scan using sbtest5_pkey on sbtest5  (cost=0.43..6.63 rows=110 width=4)
	  Index Cond: ((id >= 2859767) AND (id <= 2859867))

table 6 : explain SELECT id FROM sbtest6 WHERE id BETWEEN 2859767 AND 2859867
	Index Only Scan using sbtest6_pkey on sbtest6  (cost=0.43..6.40 rows=98 width=4)
	  Index Cond: ((id >= 2859767) AND (id <= 2859867))

table 7 : explain SELECT id FROM sbtest7 WHERE id BETWEEN 2859767 AND 2859867
	Index Only Scan using sbtest7_pkey on sbtest7  (cost=0.43..6.56 rows=106 width=4)
	  Index Cond: ((id >= 2859767) AND (id <= 2859867))

table 8 : explain SELECT id FROM sbtest8 WHERE id BETWEEN 2859767 AND 2859867
	Index Only Scan using sbtest8_pkey on sbtest8  (cost=0.43..6.37 rows=97 width=4)
	  Index Cond: ((id >= 2859767) AND (id <= 2859867))

explain: for range-covered :: explain SELECT id FROM sbtest%d WHERE id BETWEEN 2859767 AND 2859867
for range-covered
table 1 : explain SELECT id FROM sbtest1 WHERE id BETWEEN 5292753 AND 5292853
	Index Only Scan using sbtest1_pkey on sbtest1  (cost=0.43..6.19 rows=88 width=4)
	  Index Cond: ((id >= 5292753) AND (id <= 5292853))

table 2 : explain SELECT id FROM sbtest2 WHERE id BETWEEN 5292753 AND 5292853
	Index Only Scan using sbtest2_pkey on sbtest2  (cost=0.43..6.53 rows=105 width=4)
	  Index Cond: ((id >= 5292753) AND (id <= 5292853))

table 3 : explain SELECT id FROM sbtest3 WHERE id BETWEEN 5292753 AND 5292853
	Index Only Scan using sbtest3_pkey on sbtest3  (cost=0.43..6.24 rows=90 width=4)
	  Index Cond: ((id >= 5292753) AND (id <= 5292853))

table 4 : explain SELECT id FROM sbtest4 WHERE id BETWEEN 5292753 AND 5292853
	Index Only Scan using sbtest4_pkey on sbtest4  (cost=0.43..6.37 rows=97 width=4)
	  Index Cond: ((id >= 5292753) AND (id <= 5292853))

table 5 : explain SELECT id FROM sbtest5 WHERE id BETWEEN 5292753 AND 5292853
	Index Only Scan using sbtest5_pkey on sbtest5  (cost=0.43..6.29 rows=93 width=4)
	  Index Cond: ((id >= 5292753) AND (id <= 5292853))

table 6 : explain SELECT id FROM sbtest6 WHERE id BETWEEN 5292753 AND 5292853
	Index Only Scan using sbtest6_pkey on sbtest6  (cost=0.43..6.35 rows=96 width=4)
	  Index Cond: ((id >= 5292753) AND (id <= 5292853))

table 7 : explain SELECT id FROM sbtest7 WHERE id BETWEEN 5292753 AND 5292853
	Index Only Scan using sbtest7_pkey on sbtest7  (cost=0.43..6.43 rows=100 width=4)
	  Index Cond: ((id >= 5292753) AND (id <= 5292853))

table 8 : explain SELECT id FROM sbtest8 WHERE id BETWEEN 5292753 AND 5292853
	Index Only Scan using sbtest8_pkey on sbtest8  (cost=0.43..6.45 rows=101 width=4)
	  Index Cond: ((id >= 5292753) AND (id <= 5292853))

explain: for range-covered :: explain SELECT id FROM sbtest%d WHERE id BETWEEN 5292753 AND 5292853
for range-covered
table 1 : explain SELECT id FROM sbtest1 WHERE id BETWEEN 2859767 AND 2859867
	Index Only Scan using sbtest1_pkey on sbtest1  (cost=0.43..6.45 rows=101 width=4)
	  Index Cond: ((id >= 2859767) AND (id <= 2859867))

table 2 : explain SELECT id FROM sbtest2 WHERE id BETWEEN 2859767 AND 2859867
	Index Only Scan using sbtest2_pkey on sbtest2  (cost=0.43..6.67 rows=112 width=4)
	  Index Cond: ((id >= 2859767) AND (id <= 2859867))

table 3 : explain SELECT id FROM sbtest3 WHERE id BETWEEN 2859767 AND 2859867
	Index Only Scan using sbtest3_pkey on sbtest3  (cost=0.43..6.58 rows=107 width=4)
	  Index Cond: ((id >= 2859767) AND (id <= 2859867))

table 4 : explain SELECT id FROM sbtest4 WHERE id BETWEEN 2859767 AND 2859867
	Index Only Scan using sbtest4_pkey on sbtest4  (cost=0.43..6.69 rows=113 width=4)
	  Index Cond: ((id >= 2859767) AND (id <= 2859867))

table 5 : explain SELECT id FROM sbtest5 WHERE id BETWEEN 2859767 AND 2859867
	Index Only Scan using sbtest5_pkey on sbtest5  (cost=0.43..6.63 rows=110 width=4)
	  Index Cond: ((id >= 2859767) AND (id <= 2859867))

table 6 : explain SELECT id FROM sbtest6 WHERE id BETWEEN 2859767 AND 2859867
	Index Only Scan using sbtest6_pkey on sbtest6  (cost=0.43..6.40 rows=98 width=4)
	  Index Cond: ((id >= 2859767) AND (id <= 2859867))

table 7 : explain SELECT id FROM sbtest7 WHERE id BETWEEN 2859767 AND 2859867
	Index Only Scan using sbtest7_pkey on sbtest7  (cost=0.43..6.56 rows=106 width=4)
	  Index Cond: ((id >= 2859767) AND (id <= 2859867))

table 8 : explain SELECT id FROM sbtest8 WHERE id BETWEEN 2859767 AND 2859867
	Index Only Scan using sbtest8_pkey on sbtest8  (cost=0.43..6.37 rows=97 width=4)
	  Index Cond: ((id >= 2859767) AND (id <= 2859867))

explain: for range-covered :: explain SELECT id FROM sbtest%d WHERE id BETWEEN 2859767 AND 2859867
explain: for range-covered :: explain SELECT id FROM sbtest%d WHERE id BETWEEN 5391772 AND 5391872
for range-covered
table 1 : explain SELECT id FROM sbtest1 WHERE id BETWEEN 5292753 AND 5292853
	Index Only Scan using sbtest1_pkey on sbtest1  (cost=0.43..6.19 rows=88 width=4)
	  Index Cond: ((id >= 5292753) AND (id <= 5292853))

table 2 : explain SELECT id FROM sbtest2 WHERE id BETWEEN 5292753 AND 5292853
	Index Only Scan using sbtest2_pkey on sbtest2  (cost=0.43..6.53 rows=105 width=4)
	  Index Cond: ((id >= 5292753) AND (id <= 5292853))

table 3 : explain SELECT id FROM sbtest3 WHERE id BETWEEN 5292753 AND 5292853
	Index Only Scan using sbtest3_pkey on sbtest3  (cost=0.43..6.24 rows=90 width=4)
	  Index Cond: ((id >= 5292753) AND (id <= 5292853))

table 4 : explain SELECT id FROM sbtest4 WHERE id BETWEEN 5292753 AND 5292853
	Index Only Scan using sbtest4_pkey on sbtest4  (cost=0.43..6.37 rows=97 width=4)
	  Index Cond: ((id >= 5292753) AND (id <= 5292853))

table 5 : explain SELECT id FROM sbtest5 WHERE id BETWEEN 5292753 AND 5292853
	Index Only Scan using sbtest5_pkey on sbtest5  (cost=0.43..6.29 rows=93 width=4)
	  Index Cond: ((id >= 5292753) AND (id <= 5292853))

table 6 : explain SELECT id FROM sbtest6 WHERE id BETWEEN 5292753 AND 5292853
	Index Only Scan using sbtest6_pkey on sbtest6  (cost=0.43..6.35 rows=96 width=4)
	  Index Cond: ((id >= 5292753) AND (id <= 5292853))

table 7 : explain SELECT id FROM sbtest7 WHERE id BETWEEN 5292753 AND 5292853
	Index Only Scan using sbtest7_pkey on sbtest7  (cost=0.43..6.43 rows=100 width=4)
	  Index Cond: ((id >= 5292753) AND (id <= 5292853))

table 8 : explain SELECT id FROM sbtest8 WHERE id BETWEEN 5292753 AND 5292853
	Index Only Scan using sbtest8_pkey on sbtest8  (cost=0.43..6.45 rows=101 width=4)
	  Index Cond: ((id >= 5292753) AND (id <= 5292853))

explain: for range-covered :: explain SELECT id FROM sbtest%d WHERE id BETWEEN 5292753 AND 5292853
for range-covered
table 1 : explain SELECT id FROM sbtest1 WHERE id BETWEEN 2859767 AND 2859867
	Index Only Scan using sbtest1_pkey on sbtest1  (cost=0.43..6.45 rows=101 width=4)
	  Index Cond: ((id >= 2859767) AND (id <= 2859867))

table 2 : explain SELECT id FROM sbtest2 WHERE id BETWEEN 2859767 AND 2859867
	Index Only Scan using sbtest2_pkey on sbtest2  (cost=0.43..6.67 rows=112 width=4)
	  Index Cond: ((id >= 2859767) AND (id <= 2859867))

table 3 : explain SELECT id FROM sbtest3 WHERE id BETWEEN 2859767 AND 2859867
	Index Only Scan using sbtest3_pkey on sbtest3  (cost=0.43..6.58 rows=107 width=4)
	  Index Cond: ((id >= 2859767) AND (id <= 2859867))

table 4 : explain SELECT id FROM sbtest4 WHERE id BETWEEN 2859767 AND 2859867
	Index Only Scan using sbtest4_pkey on sbtest4  (cost=0.43..6.69 rows=113 width=4)
	  Index Cond: ((id >= 2859767) AND (id <= 2859867))

table 5 : explain SELECT id FROM sbtest5 WHERE id BETWEEN 2859767 AND 2859867
	Index Only Scan using sbtest5_pkey on sbtest5  (cost=0.43..6.63 rows=110 width=4)
	  Index Cond: ((id >= 2859767) AND (id <= 2859867))

table 6 : explain SELECT id FROM sbtest6 WHERE id BETWEEN 2859767 AND 2859867
	Index Only Scan using sbtest6_pkey on sbtest6  (cost=0.43..6.40 rows=98 width=4)
	  Index Cond: ((id >= 2859767) AND (id <= 2859867))

table 7 : explain SELECT id FROM sbtest7 WHERE id BETWEEN 2859767 AND 2859867
	Index Only Scan using sbtest7_pkey on sbtest7  (cost=0.43..6.56 rows=106 width=4)
	  Index Cond: ((id >= 2859767) AND (id <= 2859867))

table 8 : explain SELECT id FROM sbtest8 WHERE id BETWEEN 2859767 AND 2859867
	Index Only Scan using sbtest8_pkey on sbtest8  (cost=0.43..6.37 rows=97 width=4)
	  Index Cond: ((id >= 2859767) AND (id <= 2859867))

explain: for range-covered :: explain SELECT id FROM sbtest%d WHERE id BETWEEN 3133799 AND 3133899
explain: for range-covered :: explain SELECT id FROM sbtest%d WHERE id BETWEEN 2859767 AND 2859867
for range-covered
table 1 : explain SELECT id FROM sbtest1 WHERE id BETWEEN 2859767 AND 2859867
	Index Only Scan using sbtest1_pkey on sbtest1  (cost=0.43..6.45 rows=101 width=4)
	  Index Cond: ((id >= 2859767) AND (id <= 2859867))

table 2 : explain SELECT id FROM sbtest2 WHERE id BETWEEN 2859767 AND 2859867
	Index Only Scan using sbtest2_pkey on sbtest2  (cost=0.43..6.67 rows=112 width=4)
	  Index Cond: ((id >= 2859767) AND (id <= 2859867))

table 3 : explain SELECT id FROM sbtest3 WHERE id BETWEEN 2859767 AND 2859867
	Index Only Scan using sbtest3_pkey on sbtest3  (cost=0.43..6.58 rows=107 width=4)
	  Index Cond: ((id >= 2859767) AND (id <= 2859867))

table 4 : explain SELECT id FROM sbtest4 WHERE id BETWEEN 2859767 AND 2859867
	Index Only Scan using sbtest4_pkey on sbtest4  (cost=0.43..6.69 rows=113 width=4)
	  Index Cond: ((id >= 2859767) AND (id <= 2859867))

table 5 : explain SELECT id FROM sbtest5 WHERE id BETWEEN 2859767 AND 2859867
	Index Only Scan using sbtest5_pkey on sbtest5  (cost=0.43..6.63 rows=110 width=4)
	  Index Cond: ((id >= 2859767) AND (id <= 2859867))

table 6 : explain SELECT id FROM sbtest6 WHERE id BETWEEN 2859767 AND 2859867
	Index Only Scan using sbtest6_pkey on sbtest6  (cost=0.43..6.40 rows=98 width=4)
	  Index Cond: ((id >= 2859767) AND (id <= 2859867))

table 7 : explain SELECT id FROM sbtest7 WHERE id BETWEEN 2859767 AND 2859867
	Index Only Scan using sbtest7_pkey on sbtest7  (cost=0.43..6.56 rows=106 width=4)
	  Index Cond: ((id >= 2859767) AND (id <= 2859867))

table 8 : explain SELECT id FROM sbtest8 WHERE id BETWEEN 2859767 AND 2859867
	Index Only Scan using sbtest8_pkey on sbtest8  (cost=0.43..6.37 rows=97 width=4)
	  Index Cond: ((id >= 2859767) AND (id <= 2859867))

for range-covered
table 1 : explain SELECT id FROM sbtest1 WHERE id BETWEEN 3133799 AND 3133899
	Index Only Scan using sbtest1_pkey on sbtest1  (cost=0.43..6.47 rows=102 width=4)
	  Index Cond: ((id >= 3133799) AND (id <= 3133899))

table 2 : explain SELECT id FROM sbtest2 WHERE id BETWEEN 3133799 AND 3133899
	Index Only Scan using sbtest2_pkey on sbtest2  (cost=0.43..6.50 rows=103 width=4)
	  Index Cond: ((id >= 3133799) AND (id <= 3133899))

table 3 : explain SELECT id FROM sbtest3 WHERE id BETWEEN 3133799 AND 3133899
	Index Only Scan using sbtest3_pkey on sbtest3  (cost=0.43..6.32 rows=94 width=4)
	  Index Cond: ((id >= 3133799) AND (id <= 3133899))

table 4 : explain SELECT id FROM sbtest4 WHERE id BETWEEN 3133799 AND 3133899
	Index Only Scan using sbtest4_pkey on sbtest4  (cost=0.43..6.50 rows=103 width=4)
	  Index Cond: ((id >= 3133799) AND (id <= 3133899))

table 5 : explain SELECT id FROM sbtest5 WHERE id BETWEEN 3133799 AND 3133899
	Index Only Scan using sbtest5_pkey on sbtest5  (cost=0.43..6.66 rows=111 width=4)
	  Index Cond: ((id >= 3133799) AND (id <= 3133899))

table 6 : explain SELECT id FROM sbtest6 WHERE id BETWEEN 3133799 AND 3133899
	Index Only Scan using sbtest6_pkey on sbtest6  (cost=0.43..6.53 rows=105 width=4)
	  Index Cond: ((id >= 3133799) AND (id <= 3133899))

table 7 : explain SELECT id FROM sbtest7 WHERE id BETWEEN 3133799 AND 3133899
	Index Only Scan using sbtest7_pkey on sbtest7  (cost=0.43..6.47 rows=102 width=4)
	  Index Cond: ((id >= 3133799) AND (id <= 3133899))

table 8 : explain SELECT id FROM sbtest8 WHERE id BETWEEN 3133799 AND 3133899
	Index Only Scan using sbtest8_pkey on sbtest8  (cost=0.43..6.45 rows=101 width=4)
	  Index Cond: ((id >= 3133799) AND (id <= 3133899))

for range-covered
table 1 : explain SELECT id FROM sbtest1 WHERE id BETWEEN 4042358 AND 4042458
	Index Only Scan using sbtest1_pkey on sbtest1  (cost=0.43..6.29 rows=93 width=4)
	  Index Cond: ((id >= 4042358) AND (id <= 4042458))

table 2 : explain SELECT id FROM sbtest2 WHERE id BETWEEN 4042358 AND 4042458
	Index Only Scan using sbtest2_pkey on sbtest2  (cost=0.43..6.53 rows=105 width=4)
	  Index Cond: ((id >= 4042358) AND (id <= 4042458))

table 3 : explain SELECT id FROM sbtest3 WHERE id BETWEEN 4042358 AND 4042458
	Index Only Scan using sbtest3_pkey on sbtest3  (cost=0.43..6.35 rows=96 width=4)
	  Index Cond: ((id >= 4042358) AND (id <= 4042458))

table 4 : explain SELECT id FROM sbtest4 WHERE id BETWEEN 4042358 AND 4042458
	Index Only Scan using sbtest4_pkey on sbtest4  (cost=0.43..6.79 rows=118 width=4)
	  Index Cond: ((id >= 4042358) AND (id <= 4042458))

table 5 : explain SELECT id FROM sbtest5 WHERE id BETWEEN 4042358 AND 4042458
	Index Only Scan using sbtest5_pkey on sbtest5  (cost=0.43..6.50 rows=103 width=4)
	  Index Cond: ((id >= 4042358) AND (id <= 4042458))

table 6 : explain SELECT id FROM sbtest6 WHERE id BETWEEN 4042358 AND 4042458
	Index Only Scan using sbtest6_pkey on sbtest6  (cost=0.43..6.37 rows=97 width=4)
	  Index Cond: ((id >= 4042358) AND (id <= 4042458))

table 7 : explain SELECT id FROM sbtest7 WHERE id BETWEEN 4042358 AND 4042458
	Index Only Scan using sbtest7_pkey on sbtest7  (cost=0.43..6.67 rows=112 width=4)
	  Index Cond: ((id >= 4042358) AND (id <= 4042458))

table 8 : explain SELECT id FROM sbtest8 WHERE id BETWEEN 4042358 AND 4042458
	Index Only Scan using sbtest8_pkey on sbtest8  (cost=0.43..6.63 rows=110 width=4)
	  Index Cond: ((id >= 4042358) AND (id <= 4042458))

explain: for range-covered :: explain SELECT id FROM sbtest%d WHERE id BETWEEN 4042358 AND 4042458
explain: for range-covered :: explain SELECT id FROM sbtest%d WHERE id BETWEEN 3133799 AND 3133899
for range-covered
table 1 : explain SELECT id FROM sbtest1 WHERE id BETWEEN 7237369 AND 7237469
	Index Only Scan using sbtest1_pkey on sbtest1  (cost=0.43..6.33 rows=95 width=4)
	  Index Cond: ((id >= 7237369) AND (id <= 7237469))

table 2 : explain SELECT id FROM sbtest2 WHERE id BETWEEN 7237369 AND 7237469
	Index Only Scan using sbtest2_pkey on sbtest2  (cost=0.43..6.59 rows=108 width=4)
	  Index Cond: ((id >= 7237369) AND (id <= 7237469))

table 3 : explain SELECT id FROM sbtest3 WHERE id BETWEEN 7237369 AND 7237469
	Index Only Scan using sbtest3_pkey on sbtest3  (cost=0.43..6.63 rows=110 width=4)
	  Index Cond: ((id >= 7237369) AND (id <= 7237469))

table 4 : explain SELECT id FROM sbtest4 WHERE id BETWEEN 7237369 AND 7237469
	Index Only Scan using sbtest4_pkey on sbtest4  (cost=0.43..6.43 rows=100 width=4)
	  Index Cond: ((id >= 7237369) AND (id <= 7237469))

table 5 : explain SELECT id FROM sbtest5 WHERE id BETWEEN 7237369 AND 7237469
	Index Only Scan using sbtest5_pkey on sbtest5  (cost=0.43..6.40 rows=98 width=4)
	  Index Cond: ((id >= 7237369) AND (id <= 7237469))

table 6 : explain SELECT id FROM sbtest6 WHERE id BETWEEN 7237369 AND 7237469
	Index Only Scan using sbtest6_pkey on sbtest6  (cost=0.43..6.37 rows=97 width=4)
	  Index Cond: ((id >= 7237369) AND (id <= 7237469))

table 7 : explain SELECT id FROM sbtest7 WHERE id BETWEEN 7237369 AND 7237469
	Index Only Scan using sbtest7_pkey on sbtest7  (cost=0.43..6.61 rows=109 width=4)
	  Index Cond: ((id >= 7237369) AND (id <= 7237469))

table 8 : explain SELECT id FROM sbtest8 WHERE id BETWEEN 7237369 AND 7237469
	Index Only Scan using sbtest8_pkey on sbtest8  (cost=0.43..6.63 rows=110 width=4)
	  Index Cond: ((id >= 7237369) AND (id <= 7237469))

explain: for range-covered :: explain SELECT id FROM sbtest%d WHERE id BETWEEN 7237369 AND 7237469
explain: for range-covered :: explain SELECT id FROM sbtest%d WHERE id BETWEEN 2859767 AND 2859867
for range-covered
table 1 : explain SELECT id FROM sbtest1 WHERE id BETWEEN 1156776 AND 1156876
	Index Only Scan using sbtest1_pkey on sbtest1  (cost=0.43..6.58 rows=107 width=4)
	  Index Cond: ((id >= 1156776) AND (id <= 1156876))

table 2 : explain SELECT id FROM sbtest2 WHERE id BETWEEN 1156776 AND 1156876
	Index Only Scan using sbtest2_pkey on sbtest2  (cost=0.43..6.43 rows=100 width=4)
	  Index Cond: ((id >= 1156776) AND (id <= 1156876))

table 3 : explain SELECT id FROM sbtest3 WHERE id BETWEEN 1156776 AND 1156876
	Index Only Scan using sbtest3_pkey on sbtest3  (cost=0.43..6.43 rows=100 width=4)
	  Index Cond: ((id >= 1156776) AND (id <= 1156876))

table 4 : explain SELECT id FROM sbtest4 WHERE id BETWEEN 1156776 AND 1156876
	Index Only Scan using sbtest4_pkey on sbtest4  (cost=0.43..6.37 rows=97 width=4)
	  Index Cond: ((id >= 1156776) AND (id <= 1156876))

table 5 : explain SELECT id FROM sbtest5 WHERE id BETWEEN 1156776 AND 1156876
	Index Only Scan using sbtest5_pkey on sbtest5  (cost=0.43..6.45 rows=101 width=4)
	  Index Cond: ((id >= 1156776) AND (id <= 1156876))

table 6 : explain SELECT id FROM sbtest6 WHERE id BETWEEN 1156776 AND 1156876
	Index Only Scan using sbtest6_pkey on sbtest6  (cost=0.43..6.42 rows=99 width=4)
	  Index Cond: ((id >= 1156776) AND (id <= 1156876))

table 7 : explain SELECT id FROM sbtest7 WHERE id BETWEEN 1156776 AND 1156876
	Index Only Scan using sbtest7_pkey on sbtest7  (cost=0.43..6.59 rows=108 width=4)
	  Index Cond: ((id >= 1156776) AND (id <= 1156876))

table 8 : explain SELECT id FROM sbtest8 WHERE id BETWEEN 1156776 AND 1156876
	Index Only Scan using sbtest8_pkey on sbtest8  (cost=0.43..6.51 rows=104 width=4)
	  Index Cond: ((id >= 1156776) AND (id <= 1156876))

explain: for range-covered :: explain SELECT id FROM sbtest%d WHERE id BETWEEN 1156776 AND 1156876
for range-covered
table 1 : explain SELECT id FROM sbtest1 WHERE id BETWEEN 4042358 AND 4042458
	Index Only Scan using sbtest1_pkey on sbtest1  (cost=0.43..6.29 rows=93 width=4)
	  Index Cond: ((id >= 4042358) AND (id <= 4042458))

table 2 : explain SELECT id FROM sbtest2 WHERE id BETWEEN 4042358 AND 4042458
	Index Only Scan using sbtest2_pkey on sbtest2  (cost=0.43..6.53 rows=105 width=4)
	  Index Cond: ((id >= 4042358) AND (id <= 4042458))

table 3 : explain SELECT id FROM sbtest3 WHERE id BETWEEN 4042358 AND 4042458
	Index Only Scan using sbtest3_pkey on sbtest3  (cost=0.43..6.35 rows=96 width=4)
	  Index Cond: ((id >= 4042358) AND (id <= 4042458))

table 4 : explain SELECT id FROM sbtest4 WHERE id BETWEEN 4042358 AND 4042458
	Index Only Scan using sbtest4_pkey on sbtest4  (cost=0.43..6.79 rows=118 width=4)
	  Index Cond: ((id >= 4042358) AND (id <= 4042458))

table 5 : explain SELECT id FROM sbtest5 WHERE id BETWEEN 4042358 AND 4042458
	Index Only Scan using sbtest5_pkey on sbtest5  (cost=0.43..6.50 rows=103 width=4)
	  Index Cond: ((id >= 4042358) AND (id <= 4042458))

table 6 : explain SELECT id FROM sbtest6 WHERE id BETWEEN 4042358 AND 4042458
	Index Only Scan using sbtest6_pkey on sbtest6  (cost=0.43..6.37 rows=97 width=4)
	  Index Cond: ((id >= 4042358) AND (id <= 4042458))

table 7 : explain SELECT id FROM sbtest7 WHERE id BETWEEN 4042358 AND 4042458
	Index Only Scan using sbtest7_pkey on sbtest7  (cost=0.43..6.67 rows=112 width=4)
	  Index Cond: ((id >= 4042358) AND (id <= 4042458))

table 8 : explain SELECT id FROM sbtest8 WHERE id BETWEEN 4042358 AND 4042458
	Index Only Scan using sbtest8_pkey on sbtest8  (cost=0.43..6.63 rows=110 width=4)
	  Index Cond: ((id >= 4042358) AND (id <= 4042458))

explain: for range-covered :: explain SELECT id FROM sbtest%d WHERE id BETWEEN 4042358 AND 4042458
for range-covered
table 1 : explain SELECT id FROM sbtest1 WHERE id BETWEEN 7237369 AND 7237469
	Index Only Scan using sbtest1_pkey on sbtest1  (cost=0.43..6.33 rows=95 width=4)
	  Index Cond: ((id >= 7237369) AND (id <= 7237469))

table 2 : explain SELECT id FROM sbtest2 WHERE id BETWEEN 7237369 AND 7237469
	Index Only Scan using sbtest2_pkey on sbtest2  (cost=0.43..6.59 rows=108 width=4)
	  Index Cond: ((id >= 7237369) AND (id <= 7237469))

table 3 : explain SELECT id FROM sbtest3 WHERE id BETWEEN 7237369 AND 7237469
	Index Only Scan using sbtest3_pkey on sbtest3  (cost=0.43..6.63 rows=110 width=4)
	  Index Cond: ((id >= 7237369) AND (id <= 7237469))

table 4 : explain SELECT id FROM sbtest4 WHERE id BETWEEN 7237369 AND 7237469
	Index Only Scan using sbtest4_pkey on sbtest4  (cost=0.43..6.43 rows=100 width=4)
	  Index Cond: ((id >= 7237369) AND (id <= 7237469))

table 5 : explain SELECT id FROM sbtest5 WHERE id BETWEEN 7237369 AND 7237469
	Index Only Scan using sbtest5_pkey on sbtest5  (cost=0.43..6.40 rows=98 width=4)
	  Index Cond: ((id >= 7237369) AND (id <= 7237469))

table 6 : explain SELECT id FROM sbtest6 WHERE id BETWEEN 7237369 AND 7237469
	Index Only Scan using sbtest6_pkey on sbtest6  (cost=0.43..6.37 rows=97 width=4)
	  Index Cond: ((id >= 7237369) AND (id <= 7237469))

table 7 : explain SELECT id FROM sbtest7 WHERE id BETWEEN 7237369 AND 7237469
	Index Only Scan using sbtest7_pkey on sbtest7  (cost=0.43..6.61 rows=109 width=4)
	  Index Cond: ((id >= 7237369) AND (id <= 7237469))

table 8 : explain SELECT id FROM sbtest8 WHERE id BETWEEN 7237369 AND 7237469
	Index Only Scan using sbtest8_pkey on sbtest8  (cost=0.43..6.63 rows=110 width=4)
	  Index Cond: ((id >= 7237369) AND (id <= 7237469))

explain: for range-covered :: explain SELECT id FROM sbtest%d WHERE id BETWEEN 7237369 AND 7237469
for range-covered
table 1 : explain SELECT id FROM sbtest1 WHERE id BETWEEN 8827041 AND 8827141
	Index Only Scan using sbtest1_pkey on sbtest1  (cost=0.43..6.74 rows=115 width=4)
	  Index Cond: ((id >= 8827041) AND (id <= 8827141))

table 2 : explain SELECT id FROM sbtest2 WHERE id BETWEEN 8827041 AND 8827141
	Index Only Scan using sbtest2_pkey on sbtest2  (cost=0.43..6.63 rows=110 width=4)
	  Index Cond: ((id >= 8827041) AND (id <= 8827141))

table 3 : explain SELECT id FROM sbtest3 WHERE id BETWEEN 8827041 AND 8827141
	Index Only Scan using sbtest3_pkey on sbtest3  (cost=0.43..6.58 rows=107 width=4)
	  Index Cond: ((id >= 8827041) AND (id <= 8827141))

table 4 : explain SELECT id FROM sbtest4 WHERE id BETWEEN 8827041 AND 8827141
	Index Only Scan using sbtest4_pkey on sbtest4  (cost=0.43..6.33 rows=95 width=4)
	  Index Cond: ((id >= 8827041) AND (id <= 8827141))

table 5 : explain SELECT id FROM sbtest5 WHERE id BETWEEN 8827041 AND 8827141
	Index Only Scan using sbtest5_pkey on sbtest5  (cost=0.43..6.37 rows=97 width=4)
	  Index Cond: ((id >= 8827041) AND (id <= 8827141))

table 6 : explain SELECT id FROM sbtest6 WHERE id BETWEEN 8827041 AND 8827141
	Index Only Scan using sbtest6_pkey on sbtest6  (cost=0.43..6.53 rows=105 width=4)
	  Index Cond: ((id >= 8827041) AND (id <= 8827141))

table 7 : explain SELECT id FROM sbtest7 WHERE id BETWEEN 8827041 AND 8827141
	Index Only Scan using sbtest7_pkey on sbtest7  (cost=0.43..6.45 rows=101 width=4)
	  Index Cond: ((id >= 8827041) AND (id <= 8827141))

table 8 : explain SELECT id FROM sbtest8 WHERE id BETWEEN 8827041 AND 8827141
	Index Only Scan using sbtest8_pkey on sbtest8  (cost=0.43..6.42 rows=99 width=4)
	  Index Cond: ((id >= 8827041) AND (id <= 8827141))

explain: for range-covered :: explain SELECT id FROM sbtest%d WHERE id BETWEEN 8827041 AND 8827141
for range-covered
table 1 : explain SELECT id FROM sbtest1 WHERE id BETWEEN 1156776 AND 1156876
	Index Only Scan using sbtest1_pkey on sbtest1  (cost=0.43..6.58 rows=107 width=4)
	  Index Cond: ((id >= 1156776) AND (id <= 1156876))

table 2 : explain SELECT id FROM sbtest2 WHERE id BETWEEN 1156776 AND 1156876
	Index Only Scan using sbtest2_pkey on sbtest2  (cost=0.43..6.43 rows=100 width=4)
	  Index Cond: ((id >= 1156776) AND (id <= 1156876))

table 3 : explain SELECT id FROM sbtest3 WHERE id BETWEEN 1156776 AND 1156876
	Index Only Scan using sbtest3_pkey on sbtest3  (cost=0.43..6.43 rows=100 width=4)
	  Index Cond: ((id >= 1156776) AND (id <= 1156876))

table 4 : explain SELECT id FROM sbtest4 WHERE id BETWEEN 1156776 AND 1156876
	Index Only Scan using sbtest4_pkey on sbtest4  (cost=0.43..6.37 rows=97 width=4)
	  Index Cond: ((id >= 1156776) AND (id <= 1156876))

table 5 : explain SELECT id FROM sbtest5 WHERE id BETWEEN 1156776 AND 1156876
	Index Only Scan using sbtest5_pkey on sbtest5  (cost=0.43..6.45 rows=101 width=4)
	  Index Cond: ((id >= 1156776) AND (id <= 1156876))

table 6 : explain SELECT id FROM sbtest6 WHERE id BETWEEN 1156776 AND 1156876
	Index Only Scan using sbtest6_pkey on sbtest6  (cost=0.43..6.42 rows=99 width=4)
	  Index Cond: ((id >= 1156776) AND (id <= 1156876))

table 7 : explain SELECT id FROM sbtest7 WHERE id BETWEEN 1156776 AND 1156876
	Index Only Scan using sbtest7_pkey on sbtest7  (cost=0.43..6.59 rows=108 width=4)
	  Index Cond: ((id >= 1156776) AND (id <= 1156876))

table 8 : explain SELECT id FROM sbtest8 WHERE id BETWEEN 1156776 AND 1156876
	Index Only Scan using sbtest8_pkey on sbtest8  (cost=0.43..6.51 rows=104 width=4)
	  Index Cond: ((id >= 1156776) AND (id <= 1156876))

for range-covered
table 1 : explain SELECT id FROM sbtest1 WHERE id BETWEEN 3133799 AND 3133899
	Index Only Scan using sbtest1_pkey on sbtest1  (cost=0.43..6.47 rows=102 width=4)
	  Index Cond: ((id >= 3133799) AND (id <= 3133899))

table 2 : explain SELECT id FROM sbtest2 WHERE id BETWEEN 3133799 AND 3133899
	Index Only Scan using sbtest2_pkey on sbtest2  (cost=0.43..6.50 rows=103 width=4)
	  Index Cond: ((id >= 3133799) AND (id <= 3133899))

table 3 : explain SELECT id FROM sbtest3 WHERE id BETWEEN 3133799 AND 3133899
	Index Only Scan using sbtest3_pkey on sbtest3  (cost=0.43..6.32 rows=94 width=4)
	  Index Cond: ((id >= 3133799) AND (id <= 3133899))

table 4 : explain SELECT id FROM sbtest4 WHERE id BETWEEN 3133799 AND 3133899
	Index Only Scan using sbtest4_pkey on sbtest4  (cost=0.43..6.50 rows=103 width=4)
	  Index Cond: ((id >= 3133799) AND (id <= 3133899))

table 5 : explain SELECT id FROM sbtest5 WHERE id BETWEEN 3133799 AND 3133899
	Index Only Scan using sbtest5_pkey on sbtest5  (cost=0.43..6.66 rows=111 width=4)
	  Index Cond: ((id >= 3133799) AND (id <= 3133899))

table 6 : explain SELECT id FROM sbtest6 WHERE id BETWEEN 3133799 AND 3133899
	Index Only Scan using sbtest6_pkey on sbtest6  (cost=0.43..6.53 rows=105 width=4)
	  Index Cond: ((id >= 3133799) AND (id <= 3133899))

table 7 : explain SELECT id FROM sbtest7 WHERE id BETWEEN 3133799 AND 3133899
	Index Only Scan using sbtest7_pkey on sbtest7  (cost=0.43..6.47 rows=102 width=4)
	  Index Cond: ((id >= 3133799) AND (id <= 3133899))

table 8 : explain SELECT id FROM sbtest8 WHERE id BETWEEN 3133799 AND 3133899
	Index Only Scan using sbtest8_pkey on sbtest8  (cost=0.43..6.45 rows=101 width=4)
	  Index Cond: ((id >= 3133799) AND (id <= 3133899))

for range-covered
table 1 : explain SELECT id FROM sbtest1 WHERE id BETWEEN 4042358 AND 4042458
	Index Only Scan using sbtest1_pkey on sbtest1  (cost=0.43..6.29 rows=93 width=4)
	  Index Cond: ((id >= 4042358) AND (id <= 4042458))

table 2 : explain SELECT id FROM sbtest2 WHERE id BETWEEN 4042358 AND 4042458
	Index Only Scan using sbtest2_pkey on sbtest2  (cost=0.43..6.53 rows=105 width=4)
	  Index Cond: ((id >= 4042358) AND (id <= 4042458))

table 3 : explain SELECT id FROM sbtest3 WHERE id BETWEEN 4042358 AND 4042458
	Index Only Scan using sbtest3_pkey on sbtest3  (cost=0.43..6.35 rows=96 width=4)
	  Index Cond: ((id >= 4042358) AND (id <= 4042458))

table 4 : explain SELECT id FROM sbtest4 WHERE id BETWEEN 4042358 AND 4042458
	Index Only Scan using sbtest4_pkey on sbtest4  (cost=0.43..6.79 rows=118 width=4)
	  Index Cond: ((id >= 4042358) AND (id <= 4042458))

table 5 : explain SELECT id FROM sbtest5 WHERE id BETWEEN 4042358 AND 4042458
	Index Only Scan using sbtest5_pkey on sbtest5  (cost=0.43..6.50 rows=103 width=4)
	  Index Cond: ((id >= 4042358) AND (id <= 4042458))

table 6 : explain SELECT id FROM sbtest6 WHERE id BETWEEN 4042358 AND 4042458
	Index Only Scan using sbtest6_pkey on sbtest6  (cost=0.43..6.37 rows=97 width=4)
	  Index Cond: ((id >= 4042358) AND (id <= 4042458))

table 7 : explain SELECT id FROM sbtest7 WHERE id BETWEEN 4042358 AND 4042458
	Index Only Scan using sbtest7_pkey on sbtest7  (cost=0.43..6.67 rows=112 width=4)
	  Index Cond: ((id >= 4042358) AND (id <= 4042458))

table 8 : explain SELECT id FROM sbtest8 WHERE id BETWEEN 4042358 AND 4042458
	Index Only Scan using sbtest8_pkey on sbtest8  (cost=0.43..6.63 rows=110 width=4)
	  Index Cond: ((id >= 4042358) AND (id <= 4042458))

explain: for range-covered :: explain SELECT id FROM sbtest%d WHERE id BETWEEN 1156776 AND 1156876
for range-covered
table 1 : explain SELECT id FROM sbtest1 WHERE id BETWEEN 7237369 AND 7237469
	Index Only Scan using sbtest1_pkey on sbtest1  (cost=0.43..6.33 rows=95 width=4)
	  Index Cond: ((id >= 7237369) AND (id <= 7237469))

table 2 : explain SELECT id FROM sbtest2 WHERE id BETWEEN 7237369 AND 7237469
	Index Only Scan using sbtest2_pkey on sbtest2  (cost=0.43..6.59 rows=108 width=4)
	  Index Cond: ((id >= 7237369) AND (id <= 7237469))

table 3 : explain SELECT id FROM sbtest3 WHERE id BETWEEN 7237369 AND 7237469
	Index Only Scan using sbtest3_pkey on sbtest3  (cost=0.43..6.63 rows=110 width=4)
	  Index Cond: ((id >= 7237369) AND (id <= 7237469))

table 4 : explain SELECT id FROM sbtest4 WHERE id BETWEEN 7237369 AND 7237469
	Index Only Scan using sbtest4_pkey on sbtest4  (cost=0.43..6.43 rows=100 width=4)
	  Index Cond: ((id >= 7237369) AND (id <= 7237469))

table 5 : explain SELECT id FROM sbtest5 WHERE id BETWEEN 7237369 AND 7237469
	Index Only Scan using sbtest5_pkey on sbtest5  (cost=0.43..6.40 rows=98 width=4)
	  Index Cond: ((id >= 7237369) AND (id <= 7237469))

table 6 : explain SELECT id FROM sbtest6 WHERE id BETWEEN 7237369 AND 7237469
	Index Only Scan using sbtest6_pkey on sbtest6  (cost=0.43..6.37 rows=97 width=4)
	  Index Cond: ((id >= 7237369) AND (id <= 7237469))

table 7 : explain SELECT id FROM sbtest7 WHERE id BETWEEN 7237369 AND 7237469
	Index Only Scan using sbtest7_pkey on sbtest7  (cost=0.43..6.61 rows=109 width=4)
	  Index Cond: ((id >= 7237369) AND (id <= 7237469))

table 8 : explain SELECT id FROM sbtest8 WHERE id BETWEEN 7237369 AND 7237469
	Index Only Scan using sbtest8_pkey on sbtest8  (cost=0.43..6.63 rows=110 width=4)
	  Index Cond: ((id >= 7237369) AND (id <= 7237469))

explain: for range-covered :: explain SELECT id FROM sbtest%d WHERE id BETWEEN 4042358 AND 4042458
explain: for range-covered :: explain SELECT id FROM sbtest%d WHERE id BETWEEN 7237369 AND 7237469
explain: for range-covered :: explain SELECT id FROM sbtest%d WHERE id BETWEEN 3133799 AND 3133899
for range-covered
table 1 : explain SELECT id FROM sbtest1 WHERE id BETWEEN 1156776 AND 1156876
	Index Only Scan using sbtest1_pkey on sbtest1  (cost=0.43..6.58 rows=107 width=4)
	  Index Cond: ((id >= 1156776) AND (id <= 1156876))

table 2 : explain SELECT id FROM sbtest2 WHERE id BETWEEN 1156776 AND 1156876
	Index Only Scan using sbtest2_pkey on sbtest2  (cost=0.43..6.43 rows=100 width=4)
	  Index Cond: ((id >= 1156776) AND (id <= 1156876))

table 3 : explain SELECT id FROM sbtest3 WHERE id BETWEEN 1156776 AND 1156876
	Index Only Scan using sbtest3_pkey on sbtest3  (cost=0.43..6.43 rows=100 width=4)
	  Index Cond: ((id >= 1156776) AND (id <= 1156876))

table 4 : explain SELECT id FROM sbtest4 WHERE id BETWEEN 1156776 AND 1156876
	Index Only Scan using sbtest4_pkey on sbtest4  (cost=0.43..6.37 rows=97 width=4)
	  Index Cond: ((id >= 1156776) AND (id <= 1156876))

table 5 : explain SELECT id FROM sbtest5 WHERE id BETWEEN 1156776 AND 1156876
	Index Only Scan using sbtest5_pkey on sbtest5  (cost=0.43..6.45 rows=101 width=4)
	  Index Cond: ((id >= 1156776) AND (id <= 1156876))

table 6 : explain SELECT id FROM sbtest6 WHERE id BETWEEN 1156776 AND 1156876
	Index Only Scan using sbtest6_pkey on sbtest6  (cost=0.43..6.42 rows=99 width=4)
	  Index Cond: ((id >= 1156776) AND (id <= 1156876))

table 7 : explain SELECT id FROM sbtest7 WHERE id BETWEEN 1156776 AND 1156876
	Index Only Scan using sbtest7_pkey on sbtest7  (cost=0.43..6.59 rows=108 width=4)
	  Index Cond: ((id >= 1156776) AND (id <= 1156876))

table 8 : explain SELECT id FROM sbtest8 WHERE id BETWEEN 1156776 AND 1156876
	Index Only Scan using sbtest8_pkey on sbtest8  (cost=0.43..6.51 rows=104 width=4)
	  Index Cond: ((id >= 1156776) AND (id <= 1156876))

explain: for range-covered :: explain SELECT id FROM sbtest%d WHERE id BETWEEN 1156776 AND 1156876
for range-covered
table 1 : explain SELECT id FROM sbtest1 WHERE id BETWEEN 8827041 AND 8827141
	Index Only Scan using sbtest1_pkey on sbtest1  (cost=0.43..6.74 rows=115 width=4)
	  Index Cond: ((id >= 8827041) AND (id <= 8827141))

table 2 : explain SELECT id FROM sbtest2 WHERE id BETWEEN 8827041 AND 8827141
	Index Only Scan using sbtest2_pkey on sbtest2  (cost=0.43..6.63 rows=110 width=4)
	  Index Cond: ((id >= 8827041) AND (id <= 8827141))

table 3 : explain SELECT id FROM sbtest3 WHERE id BETWEEN 8827041 AND 8827141
	Index Only Scan using sbtest3_pkey on sbtest3  (cost=0.43..6.58 rows=107 width=4)
	  Index Cond: ((id >= 8827041) AND (id <= 8827141))

table 4 : explain SELECT id FROM sbtest4 WHERE id BETWEEN 8827041 AND 8827141
	Index Only Scan using sbtest4_pkey on sbtest4  (cost=0.43..6.33 rows=95 width=4)
	  Index Cond: ((id >= 8827041) AND (id <= 8827141))

table 5 : explain SELECT id FROM sbtest5 WHERE id BETWEEN 8827041 AND 8827141
	Index Only Scan using sbtest5_pkey on sbtest5  (cost=0.43..6.37 rows=97 width=4)
	  Index Cond: ((id >= 8827041) AND (id <= 8827141))

table 6 : explain SELECT id FROM sbtest6 WHERE id BETWEEN 8827041 AND 8827141
	Index Only Scan using sbtest6_pkey on sbtest6  (cost=0.43..6.53 rows=105 width=4)
	  Index Cond: ((id >= 8827041) AND (id <= 8827141))

table 7 : explain SELECT id FROM sbtest7 WHERE id BETWEEN 8827041 AND 8827141
	Index Only Scan using sbtest7_pkey on sbtest7  (cost=0.43..6.45 rows=101 width=4)
	  Index Cond: ((id >= 8827041) AND (id <= 8827141))

table 8 : explain SELECT id FROM sbtest8 WHERE id BETWEEN 8827041 AND 8827141
	Index Only Scan using sbtest8_pkey on sbtest8  (cost=0.43..6.42 rows=99 width=4)
	  Index Cond: ((id >= 8827041) AND (id <= 8827141))

explain: for range-covered :: explain SELECT id FROM sbtest%d WHERE id BETWEEN 8827041 AND 8827141
for range-covered
table 1 : explain SELECT id FROM sbtest1 WHERE id BETWEEN 7237369 AND 7237469
	Index Only Scan using sbtest1_pkey on sbtest1  (cost=0.43..6.33 rows=95 width=4)
	  Index Cond: ((id >= 7237369) AND (id <= 7237469))

table 2 : explain SELECT id FROM sbtest2 WHERE id BETWEEN 7237369 AND 7237469
	Index Only Scan using sbtest2_pkey on sbtest2  (cost=0.43..6.59 rows=108 width=4)
	  Index Cond: ((id >= 7237369) AND (id <= 7237469))

table 3 : explain SELECT id FROM sbtest3 WHERE id BETWEEN 7237369 AND 7237469
	Index Only Scan using sbtest3_pkey on sbtest3  (cost=0.43..6.63 rows=110 width=4)
	  Index Cond: ((id >= 7237369) AND (id <= 7237469))

table 4 : explain SELECT id FROM sbtest4 WHERE id BETWEEN 7237369 AND 7237469
	Index Only Scan using sbtest4_pkey on sbtest4  (cost=0.43..6.43 rows=100 width=4)
	  Index Cond: ((id >= 7237369) AND (id <= 7237469))

table 5 : explain SELECT id FROM sbtest5 WHERE id BETWEEN 7237369 AND 7237469
	Index Only Scan using sbtest5_pkey on sbtest5  (cost=0.43..6.40 rows=98 width=4)
	  Index Cond: ((id >= 7237369) AND (id <= 7237469))

table 6 : explain SELECT id FROM sbtest6 WHERE id BETWEEN 7237369 AND 7237469
	Index Only Scan using sbtest6_pkey on sbtest6  (cost=0.43..6.37 rows=97 width=4)
	  Index Cond: ((id >= 7237369) AND (id <= 7237469))

table 7 : explain SELECT id FROM sbtest7 WHERE id BETWEEN 7237369 AND 7237469
	Index Only Scan using sbtest7_pkey on sbtest7  (cost=0.43..6.61 rows=109 width=4)
	  Index Cond: ((id >= 7237369) AND (id <= 7237469))

table 8 : explain SELECT id FROM sbtest8 WHERE id BETWEEN 7237369 AND 7237469
	Index Only Scan using sbtest8_pkey on sbtest8  (cost=0.43..6.63 rows=110 width=4)
	  Index Cond: ((id >= 7237369) AND (id <= 7237469))

explain: for range-covered :: explain SELECT id FROM sbtest%d WHERE id BETWEEN 7237369 AND 7237469
for range-covered
table 1 : explain SELECT id FROM sbtest1 WHERE id BETWEEN 4042358 AND 4042458
	Index Only Scan using sbtest1_pkey on sbtest1  (cost=0.43..6.29 rows=93 width=4)
	  Index Cond: ((id >= 4042358) AND (id <= 4042458))

table 2 : explain SELECT id FROM sbtest2 WHERE id BETWEEN 4042358 AND 4042458
	Index Only Scan using sbtest2_pkey on sbtest2  (cost=0.43..6.53 rows=105 width=4)
	  Index Cond: ((id >= 4042358) AND (id <= 4042458))

table 3 : explain SELECT id FROM sbtest3 WHERE id BETWEEN 4042358 AND 4042458
	Index Only Scan using sbtest3_pkey on sbtest3  (cost=0.43..6.35 rows=96 width=4)
	  Index Cond: ((id >= 4042358) AND (id <= 4042458))

table 4 : explain SELECT id FROM sbtest4 WHERE id BETWEEN 4042358 AND 4042458
	Index Only Scan using sbtest4_pkey on sbtest4  (cost=0.43..6.79 rows=118 width=4)
	  Index Cond: ((id >= 4042358) AND (id <= 4042458))

table 5 : explain SELECT id FROM sbtest5 WHERE id BETWEEN 4042358 AND 4042458
	Index Only Scan using sbtest5_pkey on sbtest5  (cost=0.43..6.50 rows=103 width=4)
	  Index Cond: ((id >= 4042358) AND (id <= 4042458))

table 6 : explain SELECT id FROM sbtest6 WHERE id BETWEEN 4042358 AND 4042458
	Index Only Scan using sbtest6_pkey on sbtest6  (cost=0.43..6.37 rows=97 width=4)
	  Index Cond: ((id >= 4042358) AND (id <= 4042458))

table 7 : explain SELECT id FROM sbtest7 WHERE id BETWEEN 4042358 AND 4042458
	Index Only Scan using sbtest7_pkey on sbtest7  (cost=0.43..6.67 rows=112 width=4)
	  Index Cond: ((id >= 4042358) AND (id <= 4042458))

table 8 : explain SELECT id FROM sbtest8 WHERE id BETWEEN 4042358 AND 4042458
	Index Only Scan using sbtest8_pkey on sbtest8  (cost=0.43..6.63 rows=110 width=4)
	  Index Cond: ((id >= 4042358) AND (id <= 4042458))

explain: for range-covered :: explain SELECT id FROM sbtest%d WHERE id BETWEEN 4042358 AND 4042458
for range-covered
table 1 : explain SELECT id FROM sbtest1 WHERE id BETWEEN 5171943 AND 5172043
	Index Only Scan using sbtest1_pkey on sbtest1  (cost=0.43..6.27 rows=92 width=4)
	  Index Cond: ((id >= 5171943) AND (id <= 5172043))

table 2 : explain SELECT id FROM sbtest2 WHERE id BETWEEN 5171943 AND 5172043
	Index Only Scan using sbtest2_pkey on sbtest2  (cost=0.43..6.45 rows=101 width=4)
	  Index Cond: ((id >= 5171943) AND (id <= 5172043))

table 3 : explain SELECT id FROM sbtest3 WHERE id BETWEEN 5171943 AND 5172043
	Index Only Scan using sbtest3_pkey on sbtest3  (cost=0.43..6.59 rows=108 width=4)
	  Index Cond: ((id >= 5171943) AND (id <= 5172043))

table 4 : explain SELECT id FROM sbtest4 WHERE id BETWEEN 5171943 AND 5172043
	Index Only Scan using sbtest4_pkey on sbtest4  (cost=0.43..6.40 rows=98 width=4)
	  Index Cond: ((id >= 5171943) AND (id <= 5172043))

table 5 : explain SELECT id FROM sbtest5 WHERE id BETWEEN 5171943 AND 5172043
	Index Only Scan using sbtest5_pkey on sbtest5  (cost=0.43..6.32 rows=94 width=4)
	  Index Cond: ((id >= 5171943) AND (id <= 5172043))

table 6 : explain SELECT id FROM sbtest6 WHERE id BETWEEN 5171943 AND 5172043
	Index Only Scan using sbtest6_pkey on sbtest6  (cost=0.43..6.51 rows=104 width=4)
	  Index Cond: ((id >= 5171943) AND (id <= 5172043))

table 7 : explain SELECT id FROM sbtest7 WHERE id BETWEEN 5171943 AND 5172043
	Index Only Scan using sbtest7_pkey on sbtest7  (cost=0.43..6.58 rows=107 width=4)
	  Index Cond: ((id >= 5171943) AND (id <= 5172043))

table 8 : explain SELECT id FROM sbtest8 WHERE id BETWEEN 5171943 AND 5172043
	Index Only Scan using sbtest8_pkey on sbtest8  (cost=0.43..6.37 rows=97 width=4)
	  Index Cond: ((id >= 5171943) AND (id <= 5172043))

for range-covered
table 1 : explain SELECT id FROM sbtest1 WHERE id BETWEEN 1156776 AND 1156876
	Index Only Scan using sbtest1_pkey on sbtest1  (cost=0.43..6.58 rows=107 width=4)
	  Index Cond: ((id >= 1156776) AND (id <= 1156876))

table 2 : explain SELECT id FROM sbtest2 WHERE id BETWEEN 1156776 AND 1156876
	Index Only Scan using sbtest2_pkey on sbtest2  (cost=0.43..6.43 rows=100 width=4)
	  Index Cond: ((id >= 1156776) AND (id <= 1156876))

table 3 : explain SELECT id FROM sbtest3 WHERE id BETWEEN 1156776 AND 1156876
	Index Only Scan using sbtest3_pkey on sbtest3  (cost=0.43..6.43 rows=100 width=4)
	  Index Cond: ((id >= 1156776) AND (id <= 1156876))

table 4 : explain SELECT id FROM sbtest4 WHERE id BETWEEN 1156776 AND 1156876
	Index Only Scan using sbtest4_pkey on sbtest4  (cost=0.43..6.37 rows=97 width=4)
	  Index Cond: ((id >= 1156776) AND (id <= 1156876))

table 5 : explain SELECT id FROM sbtest5 WHERE id BETWEEN 1156776 AND 1156876
	Index Only Scan using sbtest5_pkey on sbtest5  (cost=0.43..6.45 rows=101 width=4)
	  Index Cond: ((id >= 1156776) AND (id <= 1156876))

table 6 : explain SELECT id FROM sbtest6 WHERE id BETWEEN 1156776 AND 1156876
	Index Only Scan using sbtest6_pkey on sbtest6  (cost=0.43..6.42 rows=99 width=4)
	  Index Cond: ((id >= 1156776) AND (id <= 1156876))

table 7 : explain SELECT id FROM sbtest7 WHERE id BETWEEN 1156776 AND 1156876
	Index Only Scan using sbtest7_pkey on sbtest7  (cost=0.43..6.59 rows=108 width=4)
	  Index Cond: ((id >= 1156776) AND (id <= 1156876))

table 8 : explain SELECT id FROM sbtest8 WHERE id BETWEEN 1156776 AND 1156876
	Index Only Scan using sbtest8_pkey on sbtest8  (cost=0.43..6.51 rows=104 width=4)
	  Index Cond: ((id >= 1156776) AND (id <= 1156876))

explain: for range-covered :: explain SELECT id FROM sbtest%d WHERE id BETWEEN 5171943 AND 5172043
explain: for range-covered :: explain SELECT id FROM sbtest%d WHERE id BETWEEN 1156776 AND 1156876
for range-covered
table 1 : explain SELECT id FROM sbtest1 WHERE id BETWEEN 8827041 AND 8827141
	Index Only Scan using sbtest1_pkey on sbtest1  (cost=0.43..6.74 rows=115 width=4)
	  Index Cond: ((id >= 8827041) AND (id <= 8827141))

table 2 : explain SELECT id FROM sbtest2 WHERE id BETWEEN 8827041 AND 8827141
	Index Only Scan using sbtest2_pkey on sbtest2  (cost=0.43..6.63 rows=110 width=4)
	  Index Cond: ((id >= 8827041) AND (id <= 8827141))

table 3 : explain SELECT id FROM sbtest3 WHERE id BETWEEN 8827041 AND 8827141
	Index Only Scan using sbtest3_pkey on sbtest3  (cost=0.43..6.58 rows=107 width=4)
	  Index Cond: ((id >= 8827041) AND (id <= 8827141))

table 4 : explain SELECT id FROM sbtest4 WHERE id BETWEEN 8827041 AND 8827141
	Index Only Scan using sbtest4_pkey on sbtest4  (cost=0.43..6.33 rows=95 width=4)
	  Index Cond: ((id >= 8827041) AND (id <= 8827141))

table 5 : explain SELECT id FROM sbtest5 WHERE id BETWEEN 8827041 AND 8827141
	Index Only Scan using sbtest5_pkey on sbtest5  (cost=0.43..6.37 rows=97 width=4)
	  Index Cond: ((id >= 8827041) AND (id <= 8827141))

table 6 : explain SELECT id FROM sbtest6 WHERE id BETWEEN 8827041 AND 8827141
	Index Only Scan using sbtest6_pkey on sbtest6  (cost=0.43..6.53 rows=105 width=4)
	  Index Cond: ((id >= 8827041) AND (id <= 8827141))

table 7 : explain SELECT id FROM sbtest7 WHERE id BETWEEN 8827041 AND 8827141
	Index Only Scan using sbtest7_pkey on sbtest7  (cost=0.43..6.45 rows=101 width=4)
	  Index Cond: ((id >= 8827041) AND (id <= 8827141))

table 8 : explain SELECT id FROM sbtest8 WHERE id BETWEEN 8827041 AND 8827141
	Index Only Scan using sbtest8_pkey on sbtest8  (cost=0.43..6.42 rows=99 width=4)
	  Index Cond: ((id >= 8827041) AND (id <= 8827141))

for range-covered
table 1 : explain SELECT id FROM sbtest1 WHERE id BETWEEN 5292753 AND 5292853
	Index Only Scan using sbtest1_pkey on sbtest1  (cost=0.43..6.19 rows=88 width=4)
	  Index Cond: ((id >= 5292753) AND (id <= 5292853))

table 2 : explain SELECT id FROM sbtest2 WHERE id BETWEEN 5292753 AND 5292853
	Index Only Scan using sbtest2_pkey on sbtest2  (cost=0.43..6.53 rows=105 width=4)
	  Index Cond: ((id >= 5292753) AND (id <= 5292853))

table 3 : explain SELECT id FROM sbtest3 WHERE id BETWEEN 5292753 AND 5292853
	Index Only Scan using sbtest3_pkey on sbtest3  (cost=0.43..6.24 rows=90 width=4)
	  Index Cond: ((id >= 5292753) AND (id <= 5292853))

table 4 : explain SELECT id FROM sbtest4 WHERE id BETWEEN 5292753 AND 5292853
	Index Only Scan using sbtest4_pkey on sbtest4  (cost=0.43..6.37 rows=97 width=4)
	  Index Cond: ((id >= 5292753) AND (id <= 5292853))

table 5 : explain SELECT id FROM sbtest5 WHERE id BETWEEN 5292753 AND 5292853
	Index Only Scan using sbtest5_pkey on sbtest5  (cost=0.43..6.29 rows=93 width=4)
	  Index Cond: ((id >= 5292753) AND (id <= 5292853))

table 6 : explain SELECT id FROM sbtest6 WHERE id BETWEEN 5292753 AND 5292853
	Index Only Scan using sbtest6_pkey on sbtest6  (cost=0.43..6.35 rows=96 width=4)
	  Index Cond: ((id >= 5292753) AND (id <= 5292853))

table 7 : explain SELECT id FROM sbtest7 WHERE id BETWEEN 5292753 AND 5292853
	Index Only Scan using sbtest7_pkey on sbtest7  (cost=0.43..6.43 rows=100 width=4)
	  Index Cond: ((id >= 5292753) AND (id <= 5292853))

table 8 : explain SELECT id FROM sbtest8 WHERE id BETWEEN 5292753 AND 5292853
	Index Only Scan using sbtest8_pkey on sbtest8  (cost=0.43..6.45 rows=101 width=4)
	  Index Cond: ((id >= 5292753) AND (id <= 5292853))

for range-covered
table 1 : explain SELECT id FROM sbtest1 WHERE id BETWEEN 7237369 AND 7237469
	Index Only Scan using sbtest1_pkey on sbtest1  (cost=0.43..6.33 rows=95 width=4)
	  Index Cond: ((id >= 7237369) AND (id <= 7237469))

table 2 : explain SELECT id FROM sbtest2 WHERE id BETWEEN 7237369 AND 7237469
	Index Only Scan using sbtest2_pkey on sbtest2  (cost=0.43..6.59 rows=108 width=4)
	  Index Cond: ((id >= 7237369) AND (id <= 7237469))

table 3 : explain SELECT id FROM sbtest3 WHERE id BETWEEN 7237369 AND 7237469
	Index Only Scan using sbtest3_pkey on sbtest3  (cost=0.43..6.63 rows=110 width=4)
	  Index Cond: ((id >= 7237369) AND (id <= 7237469))

table 4 : explain SELECT id FROM sbtest4 WHERE id BETWEEN 7237369 AND 7237469
	Index Only Scan using sbtest4_pkey on sbtest4  (cost=0.43..6.43 rows=100 width=4)
	  Index Cond: ((id >= 7237369) AND (id <= 7237469))

table 5 : explain SELECT id FROM sbtest5 WHERE id BETWEEN 7237369 AND 7237469
	Index Only Scan using sbtest5_pkey on sbtest5  (cost=0.43..6.40 rows=98 width=4)
	  Index Cond: ((id >= 7237369) AND (id <= 7237469))

table 6 : explain SELECT id FROM sbtest6 WHERE id BETWEEN 7237369 AND 7237469
	Index Only Scan using sbtest6_pkey on sbtest6  (cost=0.43..6.37 rows=97 width=4)
	  Index Cond: ((id >= 7237369) AND (id <= 7237469))

table 7 : explain SELECT id FROM sbtest7 WHERE id BETWEEN 7237369 AND 7237469
	Index Only Scan using sbtest7_pkey on sbtest7  (cost=0.43..6.61 rows=109 width=4)
	  Index Cond: ((id >= 7237369) AND (id <= 7237469))

table 8 : explain SELECT id FROM sbtest8 WHERE id BETWEEN 7237369 AND 7237469
	Index Only Scan using sbtest8_pkey on sbtest8  (cost=0.43..6.63 rows=110 width=4)
	  Index Cond: ((id >= 7237369) AND (id <= 7237469))

explain: for range-covered :: explain SELECT id FROM sbtest%d WHERE id BETWEEN 7237369 AND 7237469
explain: for range-covered :: explain SELECT id FROM sbtest%d WHERE id BETWEEN 8827041 AND 8827141
for range-covered
table 1 : explain SELECT id FROM sbtest1 WHERE id BETWEEN 1156776 AND 1156876
	Index Only Scan using sbtest1_pkey on sbtest1  (cost=0.43..6.58 rows=107 width=4)
	  Index Cond: ((id >= 1156776) AND (id <= 1156876))

table 2 : explain SELECT id FROM sbtest2 WHERE id BETWEEN 1156776 AND 1156876
	Index Only Scan using sbtest2_pkey on sbtest2  (cost=0.43..6.43 rows=100 width=4)
	  Index Cond: ((id >= 1156776) AND (id <= 1156876))

table 3 : explain SELECT id FROM sbtest3 WHERE id BETWEEN 1156776 AND 1156876
	Index Only Scan using sbtest3_pkey on sbtest3  (cost=0.43..6.43 rows=100 width=4)
	  Index Cond: ((id >= 1156776) AND (id <= 1156876))

table 4 : explain SELECT id FROM sbtest4 WHERE id BETWEEN 1156776 AND 1156876
	Index Only Scan using sbtest4_pkey on sbtest4  (cost=0.43..6.37 rows=97 width=4)
	  Index Cond: ((id >= 1156776) AND (id <= 1156876))

table 5 : explain SELECT id FROM sbtest5 WHERE id BETWEEN 1156776 AND 1156876
	Index Only Scan using sbtest5_pkey on sbtest5  (cost=0.43..6.45 rows=101 width=4)
	  Index Cond: ((id >= 1156776) AND (id <= 1156876))

table 6 : explain SELECT id FROM sbtest6 WHERE id BETWEEN 1156776 AND 1156876
	Index Only Scan using sbtest6_pkey on sbtest6  (cost=0.43..6.42 rows=99 width=4)
	  Index Cond: ((id >= 1156776) AND (id <= 1156876))

table 7 : explain SELECT id FROM sbtest7 WHERE id BETWEEN 1156776 AND 1156876
	Index Only Scan using sbtest7_pkey on sbtest7  (cost=0.43..6.59 rows=108 width=4)
	  Index Cond: ((id >= 1156776) AND (id <= 1156876))

table 8 : explain SELECT id FROM sbtest8 WHERE id BETWEEN 1156776 AND 1156876
	Index Only Scan using sbtest8_pkey on sbtest8  (cost=0.43..6.51 rows=104 width=4)
	  Index Cond: ((id >= 1156776) AND (id <= 1156876))

explain: for range-covered :: explain SELECT id FROM sbtest%d WHERE id BETWEEN 1156776 AND 1156876
for range-covered
table 1 : explain SELECT id FROM sbtest1 WHERE id BETWEEN 4042358 AND 4042458
	Index Only Scan using sbtest1_pkey on sbtest1  (cost=0.43..6.29 rows=93 width=4)
	  Index Cond: ((id >= 4042358) AND (id <= 4042458))

table 2 : explain SELECT id FROM sbtest2 WHERE id BETWEEN 4042358 AND 4042458
	Index Only Scan using sbtest2_pkey on sbtest2  (cost=0.43..6.53 rows=105 width=4)
	  Index Cond: ((id >= 4042358) AND (id <= 4042458))

table 3 : explain SELECT id FROM sbtest3 WHERE id BETWEEN 4042358 AND 4042458
	Index Only Scan using sbtest3_pkey on sbtest3  (cost=0.43..6.35 rows=96 width=4)
	  Index Cond: ((id >= 4042358) AND (id <= 4042458))

table 4 : explain SELECT id FROM sbtest4 WHERE id BETWEEN 4042358 AND 4042458
	Index Only Scan using sbtest4_pkey on sbtest4  (cost=0.43..6.79 rows=118 width=4)
	  Index Cond: ((id >= 4042358) AND (id <= 4042458))

table 5 : explain SELECT id FROM sbtest5 WHERE id BETWEEN 4042358 AND 4042458
	Index Only Scan using sbtest5_pkey on sbtest5  (cost=0.43..6.50 rows=103 width=4)
	  Index Cond: ((id >= 4042358) AND (id <= 4042458))

table 6 : explain SELECT id FROM sbtest6 WHERE id BETWEEN 4042358 AND 4042458
	Index Only Scan using sbtest6_pkey on sbtest6  (cost=0.43..6.37 rows=97 width=4)
	  Index Cond: ((id >= 4042358) AND (id <= 4042458))

table 7 : explain SELECT id FROM sbtest7 WHERE id BETWEEN 4042358 AND 4042458
	Index Only Scan using sbtest7_pkey on sbtest7  (cost=0.43..6.67 rows=112 width=4)
	  Index Cond: ((id >= 4042358) AND (id <= 4042458))

table 8 : explain SELECT id FROM sbtest8 WHERE id BETWEEN 4042358 AND 4042458
	Index Only Scan using sbtest8_pkey on sbtest8  (cost=0.43..6.63 rows=110 width=4)
	  Index Cond: ((id >= 4042358) AND (id <= 4042458))

explain: for range-covered :: explain SELECT id FROM sbtest%d WHERE id BETWEEN 4042358 AND 4042458
for range-covered
table 1 : explain SELECT id FROM sbtest1 WHERE id BETWEEN 7237369 AND 7237469
	Index Only Scan using sbtest1_pkey on sbtest1  (cost=0.43..6.33 rows=95 width=4)
	  Index Cond: ((id >= 7237369) AND (id <= 7237469))

table 2 : explain SELECT id FROM sbtest2 WHERE id BETWEEN 7237369 AND 7237469
	Index Only Scan using sbtest2_pkey on sbtest2  (cost=0.43..6.59 rows=108 width=4)
	  Index Cond: ((id >= 7237369) AND (id <= 7237469))

table 3 : explain SELECT id FROM sbtest3 WHERE id BETWEEN 7237369 AND 7237469
	Index Only Scan using sbtest3_pkey on sbtest3  (cost=0.43..6.63 rows=110 width=4)
	  Index Cond: ((id >= 7237369) AND (id <= 7237469))

table 4 : explain SELECT id FROM sbtest4 WHERE id BETWEEN 7237369 AND 7237469
	Index Only Scan using sbtest4_pkey on sbtest4  (cost=0.43..6.43 rows=100 width=4)
	  Index Cond: ((id >= 7237369) AND (id <= 7237469))

table 5 : explain SELECT id FROM sbtest5 WHERE id BETWEEN 7237369 AND 7237469
	Index Only Scan using sbtest5_pkey on sbtest5  (cost=0.43..6.40 rows=98 width=4)
	  Index Cond: ((id >= 7237369) AND (id <= 7237469))

table 6 : explain SELECT id FROM sbtest6 WHERE id BETWEEN 7237369 AND 7237469
	Index Only Scan using sbtest6_pkey on sbtest6  (cost=0.43..6.37 rows=97 width=4)
	  Index Cond: ((id >= 7237369) AND (id <= 7237469))

table 7 : explain SELECT id FROM sbtest7 WHERE id BETWEEN 7237369 AND 7237469
	Index Only Scan using sbtest7_pkey on sbtest7  (cost=0.43..6.61 rows=109 width=4)
	  Index Cond: ((id >= 7237369) AND (id <= 7237469))

table 8 : explain SELECT id FROM sbtest8 WHERE id BETWEEN 7237369 AND 7237469
	Index Only Scan using sbtest8_pkey on sbtest8  (cost=0.43..6.63 rows=110 width=4)
	  Index Cond: ((id >= 7237369) AND (id <= 7237469))

explain: for range-covered :: explain SELECT id FROM sbtest%d WHERE id BETWEEN 7237369 AND 7237469
for range-covered
table 1 : explain SELECT id FROM sbtest1 WHERE id BETWEEN 8827041 AND 8827141
	Index Only Scan using sbtest1_pkey on sbtest1  (cost=0.43..6.74 rows=115 width=4)
	  Index Cond: ((id >= 8827041) AND (id <= 8827141))

table 2 : explain SELECT id FROM sbtest2 WHERE id BETWEEN 8827041 AND 8827141
	Index Only Scan using sbtest2_pkey on sbtest2  (cost=0.43..6.63 rows=110 width=4)
	  Index Cond: ((id >= 8827041) AND (id <= 8827141))

table 3 : explain SELECT id FROM sbtest3 WHERE id BETWEEN 8827041 AND 8827141
	Index Only Scan using sbtest3_pkey on sbtest3  (cost=0.43..6.58 rows=107 width=4)
	  Index Cond: ((id >= 8827041) AND (id <= 8827141))

table 4 : explain SELECT id FROM sbtest4 WHERE id BETWEEN 8827041 AND 8827141
	Index Only Scan using sbtest4_pkey on sbtest4  (cost=0.43..6.33 rows=95 width=4)
	  Index Cond: ((id >= 8827041) AND (id <= 8827141))

table 5 : explain SELECT id FROM sbtest5 WHERE id BETWEEN 8827041 AND 8827141
	Index Only Scan using sbtest5_pkey on sbtest5  (cost=0.43..6.37 rows=97 width=4)
	  Index Cond: ((id >= 8827041) AND (id <= 8827141))

table 6 : explain SELECT id FROM sbtest6 WHERE id BETWEEN 8827041 AND 8827141
	Index Only Scan using sbtest6_pkey on sbtest6  (cost=0.43..6.53 rows=105 width=4)
	  Index Cond: ((id >= 8827041) AND (id <= 8827141))

table 7 : explain SELECT id FROM sbtest7 WHERE id BETWEEN 8827041 AND 8827141
	Index Only Scan using sbtest7_pkey on sbtest7  (cost=0.43..6.45 rows=101 width=4)
	  Index Cond: ((id >= 8827041) AND (id <= 8827141))

table 8 : explain SELECT id FROM sbtest8 WHERE id BETWEEN 8827041 AND 8827141
	Index Only Scan using sbtest8_pkey on sbtest8  (cost=0.43..6.42 rows=99 width=4)
	  Index Cond: ((id >= 8827041) AND (id <= 8827141))

for range-covered
table 1 : explain SELECT id FROM sbtest1 WHERE id BETWEEN 5171943 AND 5172043
	Index Only Scan using sbtest1_pkey on sbtest1  (cost=0.43..6.27 rows=92 width=4)
	  Index Cond: ((id >= 5171943) AND (id <= 5172043))

table 2 : explain SELECT id FROM sbtest2 WHERE id BETWEEN 5171943 AND 5172043
	Index Only Scan using sbtest2_pkey on sbtest2  (cost=0.43..6.45 rows=101 width=4)
	  Index Cond: ((id >= 5171943) AND (id <= 5172043))

table 3 : explain SELECT id FROM sbtest3 WHERE id BETWEEN 5171943 AND 5172043
	Index Only Scan using sbtest3_pkey on sbtest3  (cost=0.43..6.59 rows=108 width=4)
	  Index Cond: ((id >= 5171943) AND (id <= 5172043))

table 4 : explain SELECT id FROM sbtest4 WHERE id BETWEEN 5171943 AND 5172043
	Index Only Scan using sbtest4_pkey on sbtest4  (cost=0.43..6.40 rows=98 width=4)
	  Index Cond: ((id >= 5171943) AND (id <= 5172043))

table 5 : explain SELECT id FROM sbtest5 WHERE id BETWEEN 5171943 AND 5172043
	Index Only Scan using sbtest5_pkey on sbtest5  (cost=0.43..6.32 rows=94 width=4)
	  Index Cond: ((id >= 5171943) AND (id <= 5172043))

table 6 : explain SELECT id FROM sbtest6 WHERE id BETWEEN 5171943 AND 5172043
	Index Only Scan using sbtest6_pkey on sbtest6  (cost=0.43..6.51 rows=104 width=4)
	  Index Cond: ((id >= 5171943) AND (id <= 5172043))

table 7 : explain SELECT id FROM sbtest7 WHERE id BETWEEN 5171943 AND 5172043
	Index Only Scan using sbtest7_pkey on sbtest7  (cost=0.43..6.58 rows=107 width=4)
	  Index Cond: ((id >= 5171943) AND (id <= 5172043))

table 8 : explain SELECT id FROM sbtest8 WHERE id BETWEEN 5171943 AND 5172043
	Index Only Scan using sbtest8_pkey on sbtest8  (cost=0.43..6.37 rows=97 width=4)
	  Index Cond: ((id >= 5171943) AND (id <= 5172043))

explain: for range-covered :: explain SELECT id FROM sbtest%d WHERE id BETWEEN 8827041 AND 8827141
explain: for range-covered :: explain SELECT id FROM sbtest%d WHERE id BETWEEN 5171943 AND 5172043
for range-covered
table 1 : explain SELECT id FROM sbtest1 WHERE id BETWEEN 3133799 AND 3133899
	Index Only Scan using sbtest1_pkey on sbtest1  (cost=0.43..6.47 rows=102 width=4)
	  Index Cond: ((id >= 3133799) AND (id <= 3133899))

table 2 : explain SELECT id FROM sbtest2 WHERE id BETWEEN 3133799 AND 3133899
	Index Only Scan using sbtest2_pkey on sbtest2  (cost=0.43..6.50 rows=103 width=4)
	  Index Cond: ((id >= 3133799) AND (id <= 3133899))

table 3 : explain SELECT id FROM sbtest3 WHERE id BETWEEN 3133799 AND 3133899
	Index Only Scan using sbtest3_pkey on sbtest3  (cost=0.43..6.32 rows=94 width=4)
	  Index Cond: ((id >= 3133799) AND (id <= 3133899))

table 4 : explain SELECT id FROM sbtest4 WHERE id BETWEEN 3133799 AND 3133899
	Index Only Scan using sbtest4_pkey on sbtest4  (cost=0.43..6.50 rows=103 width=4)
	  Index Cond: ((id >= 3133799) AND (id <= 3133899))

table 5 : explain SELECT id FROM sbtest5 WHERE id BETWEEN 3133799 AND 3133899
	Index Only Scan using sbtest5_pkey on sbtest5  (cost=0.43..6.66 rows=111 width=4)
	  Index Cond: ((id >= 3133799) AND (id <= 3133899))

table 6 : explain SELECT id FROM sbtest6 WHERE id BETWEEN 3133799 AND 3133899
	Index Only Scan using sbtest6_pkey on sbtest6  (cost=0.43..6.53 rows=105 width=4)
	  Index Cond: ((id >= 3133799) AND (id <= 3133899))

table 7 : explain SELECT id FROM sbtest7 WHERE id BETWEEN 3133799 AND 3133899
	Index Only Scan using sbtest7_pkey on sbtest7  (cost=0.43..6.47 rows=102 width=4)
	  Index Cond: ((id >= 3133799) AND (id <= 3133899))

table 8 : explain SELECT id FROM sbtest8 WHERE id BETWEEN 3133799 AND 3133899
	Index Only Scan using sbtest8_pkey on sbtest8  (cost=0.43..6.45 rows=101 width=4)
	  Index Cond: ((id >= 3133799) AND (id <= 3133899))

for range-covered
table 1 : explain SELECT id FROM sbtest1 WHERE id BETWEEN 1156776 AND 1156876
	Index Only Scan using sbtest1_pkey on sbtest1  (cost=0.43..6.58 rows=107 width=4)
	  Index Cond: ((id >= 1156776) AND (id <= 1156876))

table 2 : explain SELECT id FROM sbtest2 WHERE id BETWEEN 1156776 AND 1156876
	Index Only Scan using sbtest2_pkey on sbtest2  (cost=0.43..6.43 rows=100 width=4)
	  Index Cond: ((id >= 1156776) AND (id <= 1156876))

table 3 : explain SELECT id FROM sbtest3 WHERE id BETWEEN 1156776 AND 1156876
	Index Only Scan using sbtest3_pkey on sbtest3  (cost=0.43..6.43 rows=100 width=4)
	  Index Cond: ((id >= 1156776) AND (id <= 1156876))

table 4 : explain SELECT id FROM sbtest4 WHERE id BETWEEN 1156776 AND 1156876
	Index Only Scan using sbtest4_pkey on sbtest4  (cost=0.43..6.37 rows=97 width=4)
	  Index Cond: ((id >= 1156776) AND (id <= 1156876))

table 5 : explain SELECT id FROM sbtest5 WHERE id BETWEEN 1156776 AND 1156876
	Index Only Scan using sbtest5_pkey on sbtest5  (cost=0.43..6.45 rows=101 width=4)
	  Index Cond: ((id >= 1156776) AND (id <= 1156876))

table 6 : explain SELECT id FROM sbtest6 WHERE id BETWEEN 1156776 AND 1156876
	Index Only Scan using sbtest6_pkey on sbtest6  (cost=0.43..6.42 rows=99 width=4)
	  Index Cond: ((id >= 1156776) AND (id <= 1156876))

table 7 : explain SELECT id FROM sbtest7 WHERE id BETWEEN 1156776 AND 1156876
	Index Only Scan using sbtest7_pkey on sbtest7  (cost=0.43..6.59 rows=108 width=4)
	  Index Cond: ((id >= 1156776) AND (id <= 1156876))

table 8 : explain SELECT id FROM sbtest8 WHERE id BETWEEN 1156776 AND 1156876
	Index Only Scan using sbtest8_pkey on sbtest8  (cost=0.43..6.51 rows=104 width=4)
	  Index Cond: ((id >= 1156776) AND (id <= 1156876))

explain: for range-covered :: explain SELECT id FROM sbtest%d WHERE id BETWEEN 3133799 AND 3133899
explain: for range-covered :: explain SELECT id FROM sbtest%d WHERE id BETWEEN 1156776 AND 1156876
for range-covered
table 1 : explain SELECT id FROM sbtest1 WHERE id BETWEEN 7237369 AND 7237469
	Index Only Scan using sbtest1_pkey on sbtest1  (cost=0.43..6.33 rows=95 width=4)
	  Index Cond: ((id >= 7237369) AND (id <= 7237469))

table 2 : explain SELECT id FROM sbtest2 WHERE id BETWEEN 7237369 AND 7237469
	Index Only Scan using sbtest2_pkey on sbtest2  (cost=0.43..6.59 rows=108 width=4)
	  Index Cond: ((id >= 7237369) AND (id <= 7237469))

table 3 : explain SELECT id FROM sbtest3 WHERE id BETWEEN 7237369 AND 7237469
	Index Only Scan using sbtest3_pkey on sbtest3  (cost=0.43..6.63 rows=110 width=4)
	  Index Cond: ((id >= 7237369) AND (id <= 7237469))

table 4 : explain SELECT id FROM sbtest4 WHERE id BETWEEN 7237369 AND 7237469
	Index Only Scan using sbtest4_pkey on sbtest4  (cost=0.43..6.43 rows=100 width=4)
	  Index Cond: ((id >= 7237369) AND (id <= 7237469))

table 5 : explain SELECT id FROM sbtest5 WHERE id BETWEEN 7237369 AND 7237469
	Index Only Scan using sbtest5_pkey on sbtest5  (cost=0.43..6.40 rows=98 width=4)
	  Index Cond: ((id >= 7237369) AND (id <= 7237469))

table 6 : explain SELECT id FROM sbtest6 WHERE id BETWEEN 7237369 AND 7237469
	Index Only Scan using sbtest6_pkey on sbtest6  (cost=0.43..6.37 rows=97 width=4)
	  Index Cond: ((id >= 7237369) AND (id <= 7237469))

table 7 : explain SELECT id FROM sbtest7 WHERE id BETWEEN 7237369 AND 7237469
	Index Only Scan using sbtest7_pkey on sbtest7  (cost=0.43..6.61 rows=109 width=4)
	  Index Cond: ((id >= 7237369) AND (id <= 7237469))

table 8 : explain SELECT id FROM sbtest8 WHERE id BETWEEN 7237369 AND 7237469
	Index Only Scan using sbtest8_pkey on sbtest8  (cost=0.43..6.63 rows=110 width=4)
	  Index Cond: ((id >= 7237369) AND (id <= 7237469))

explain: for range-covered :: explain SELECT id FROM sbtest%d WHERE id BETWEEN 7237369 AND 7237469
for range-covered
table 1 : explain SELECT id FROM sbtest1 WHERE id BETWEEN 4042358 AND 4042458
	Index Only Scan using sbtest1_pkey on sbtest1  (cost=0.43..6.29 rows=93 width=4)
	  Index Cond: ((id >= 4042358) AND (id <= 4042458))

table 2 : explain SELECT id FROM sbtest2 WHERE id BETWEEN 4042358 AND 4042458
	Index Only Scan using sbtest2_pkey on sbtest2  (cost=0.43..6.53 rows=105 width=4)
	  Index Cond: ((id >= 4042358) AND (id <= 4042458))

table 3 : explain SELECT id FROM sbtest3 WHERE id BETWEEN 4042358 AND 4042458
	Index Only Scan using sbtest3_pkey on sbtest3  (cost=0.43..6.35 rows=96 width=4)
	  Index Cond: ((id >= 4042358) AND (id <= 4042458))

table 4 : explain SELECT id FROM sbtest4 WHERE id BETWEEN 4042358 AND 4042458
	Index Only Scan using sbtest4_pkey on sbtest4  (cost=0.43..6.79 rows=118 width=4)
	  Index Cond: ((id >= 4042358) AND (id <= 4042458))

table 5 : explain SELECT id FROM sbtest5 WHERE id BETWEEN 4042358 AND 4042458
	Index Only Scan using sbtest5_pkey on sbtest5  (cost=0.43..6.50 rows=103 width=4)
	  Index Cond: ((id >= 4042358) AND (id <= 4042458))

table 6 : explain SELECT id FROM sbtest6 WHERE id BETWEEN 4042358 AND 4042458
	Index Only Scan using sbtest6_pkey on sbtest6  (cost=0.43..6.37 rows=97 width=4)
	  Index Cond: ((id >= 4042358) AND (id <= 4042458))

table 7 : explain SELECT id FROM sbtest7 WHERE id BETWEEN 4042358 AND 4042458
	Index Only Scan using sbtest7_pkey on sbtest7  (cost=0.43..6.67 rows=112 width=4)
	  Index Cond: ((id >= 4042358) AND (id <= 4042458))

table 8 : explain SELECT id FROM sbtest8 WHERE id BETWEEN 4042358 AND 4042458
	Index Only Scan using sbtest8_pkey on sbtest8  (cost=0.43..6.63 rows=110 width=4)
	  Index Cond: ((id >= 4042358) AND (id <= 4042458))

for range-covered
table 1 : explain SELECT id FROM sbtest1 WHERE id BETWEEN 8827041 AND 8827141
	Index Only Scan using sbtest1_pkey on sbtest1  (cost=0.43..6.74 rows=115 width=4)
	  Index Cond: ((id >= 8827041) AND (id <= 8827141))

table 2 : explain SELECT id FROM sbtest2 WHERE id BETWEEN 8827041 AND 8827141
	Index Only Scan using sbtest2_pkey on sbtest2  (cost=0.43..6.63 rows=110 width=4)
	  Index Cond: ((id >= 8827041) AND (id <= 8827141))

table 3 : explain SELECT id FROM sbtest3 WHERE id BETWEEN 8827041 AND 8827141
	Index Only Scan using sbtest3_pkey on sbtest3  (cost=0.43..6.58 rows=107 width=4)
	  Index Cond: ((id >= 8827041) AND (id <= 8827141))

table 4 : explain SELECT id FROM sbtest4 WHERE id BETWEEN 8827041 AND 8827141
	Index Only Scan using sbtest4_pkey on sbtest4  (cost=0.43..6.33 rows=95 width=4)
	  Index Cond: ((id >= 8827041) AND (id <= 8827141))

table 5 : explain SELECT id FROM sbtest5 WHERE id BETWEEN 8827041 AND 8827141
	Index Only Scan using sbtest5_pkey on sbtest5  (cost=0.43..6.37 rows=97 width=4)
	  Index Cond: ((id >= 8827041) AND (id <= 8827141))

table 6 : explain SELECT id FROM sbtest6 WHERE id BETWEEN 8827041 AND 8827141
	Index Only Scan using sbtest6_pkey on sbtest6  (cost=0.43..6.53 rows=105 width=4)
	  Index Cond: ((id >= 8827041) AND (id <= 8827141))

table 7 : explain SELECT id FROM sbtest7 WHERE id BETWEEN 8827041 AND 8827141
	Index Only Scan using sbtest7_pkey on sbtest7  (cost=0.43..6.45 rows=101 width=4)
	  Index Cond: ((id >= 8827041) AND (id <= 8827141))

table 8 : explain SELECT id FROM sbtest8 WHERE id BETWEEN 8827041 AND 8827141
	Index Only Scan using sbtest8_pkey on sbtest8  (cost=0.43..6.42 rows=99 width=4)
	  Index Cond: ((id >= 8827041) AND (id <= 8827141))

for range-covered
table 1 : explain SELECT id FROM sbtest1 WHERE id BETWEEN 5171943 AND 5172043
	Index Only Scan using sbtest1_pkey on sbtest1  (cost=0.43..6.27 rows=92 width=4)
	  Index Cond: ((id >= 5171943) AND (id <= 5172043))

table 2 : explain SELECT id FROM sbtest2 WHERE id BETWEEN 5171943 AND 5172043
	Index Only Scan using sbtest2_pkey on sbtest2  (cost=0.43..6.45 rows=101 width=4)
	  Index Cond: ((id >= 5171943) AND (id <= 5172043))

table 3 : explain SELECT id FROM sbtest3 WHERE id BETWEEN 5171943 AND 5172043
	Index Only Scan using sbtest3_pkey on sbtest3  (cost=0.43..6.59 rows=108 width=4)
	  Index Cond: ((id >= 5171943) AND (id <= 5172043))

table 4 : explain SELECT id FROM sbtest4 WHERE id BETWEEN 5171943 AND 5172043
	Index Only Scan using sbtest4_pkey on sbtest4  (cost=0.43..6.40 rows=98 width=4)
	  Index Cond: ((id >= 5171943) AND (id <= 5172043))

table 5 : explain SELECT id FROM sbtest5 WHERE id BETWEEN 5171943 AND 5172043
	Index Only Scan using sbtest5_pkey on sbtest5  (cost=0.43..6.32 rows=94 width=4)
	  Index Cond: ((id >= 5171943) AND (id <= 5172043))

table 6 : explain SELECT id FROM sbtest6 WHERE id BETWEEN 5171943 AND 5172043
	Index Only Scan using sbtest6_pkey on sbtest6  (cost=0.43..6.51 rows=104 width=4)
	  Index Cond: ((id >= 5171943) AND (id <= 5172043))

table 7 : explain SELECT id FROM sbtest7 WHERE id BETWEEN 5171943 AND 5172043
	Index Only Scan using sbtest7_pkey on sbtest7  (cost=0.43..6.58 rows=107 width=4)
	  Index Cond: ((id >= 5171943) AND (id <= 5172043))

table 8 : explain SELECT id FROM sbtest8 WHERE id BETWEEN 5171943 AND 5172043
	Index Only Scan using sbtest8_pkey on sbtest8  (cost=0.43..6.37 rows=97 width=4)
	  Index Cond: ((id >= 5171943) AND (id <= 5172043))

explain: for range-covered :: explain SELECT id FROM sbtest%d WHERE id BETWEEN 4042358 AND 4042458
explain: for range-covered :: explain SELECT id FROM sbtest%d WHERE id BETWEEN 8827041 AND 8827141
for range-covered
table 1 : explain SELECT id FROM sbtest1 WHERE id BETWEEN 1156776 AND 1156876
	Index Only Scan using sbtest1_pkey on sbtest1  (cost=0.43..6.58 rows=107 width=4)
	  Index Cond: ((id >= 1156776) AND (id <= 1156876))

table 2 : explain SELECT id FROM sbtest2 WHERE id BETWEEN 1156776 AND 1156876
	Index Only Scan using sbtest2_pkey on sbtest2  (cost=0.43..6.43 rows=100 width=4)
	  Index Cond: ((id >= 1156776) AND (id <= 1156876))

table 3 : explain SELECT id FROM sbtest3 WHERE id BETWEEN 1156776 AND 1156876
	Index Only Scan using sbtest3_pkey on sbtest3  (cost=0.43..6.43 rows=100 width=4)
	  Index Cond: ((id >= 1156776) AND (id <= 1156876))

table 4 : explain SELECT id FROM sbtest4 WHERE id BETWEEN 1156776 AND 1156876
	Index Only Scan using sbtest4_pkey on sbtest4  (cost=0.43..6.37 rows=97 width=4)
	  Index Cond: ((id >= 1156776) AND (id <= 1156876))

table 5 : explain SELECT id FROM sbtest5 WHERE id BETWEEN 1156776 AND 1156876
	Index Only Scan using sbtest5_pkey on sbtest5  (cost=0.43..6.45 rows=101 width=4)
	  Index Cond: ((id >= 1156776) AND (id <= 1156876))

table 6 : explain SELECT id FROM sbtest6 WHERE id BETWEEN 1156776 AND 1156876
	Index Only Scan using sbtest6_pkey on sbtest6  (cost=0.43..6.42 rows=99 width=4)
	  Index Cond: ((id >= 1156776) AND (id <= 1156876))

table 7 : explain SELECT id FROM sbtest7 WHERE id BETWEEN 1156776 AND 1156876
	Index Only Scan using sbtest7_pkey on sbtest7  (cost=0.43..6.59 rows=108 width=4)
	  Index Cond: ((id >= 1156776) AND (id <= 1156876))

table 8 : explain SELECT id FROM sbtest8 WHERE id BETWEEN 1156776 AND 1156876
	Index Only Scan using sbtest8_pkey on sbtest8  (cost=0.43..6.51 rows=104 width=4)
	  Index Cond: ((id >= 1156776) AND (id <= 1156876))

explain: for range-covered :: explain SELECT id FROM sbtest%d WHERE id BETWEEN 1156776 AND 1156876
explain: for range-covered :: explain SELECT id FROM sbtest%d WHERE id BETWEEN 5171943 AND 5172043
for range-covered
table 1 : explain SELECT id FROM sbtest1 WHERE id BETWEEN 5391772 AND 5391872
	Index Only Scan using sbtest1_pkey on sbtest1  (cost=0.43..6.32 rows=94 width=4)
	  Index Cond: ((id >= 5391772) AND (id <= 5391872))

table 2 : explain SELECT id FROM sbtest2 WHERE id BETWEEN 5391772 AND 5391872
	Index Only Scan using sbtest2_pkey on sbtest2  (cost=0.43..6.58 rows=107 width=4)
	  Index Cond: ((id >= 5391772) AND (id <= 5391872))

table 3 : explain SELECT id FROM sbtest3 WHERE id BETWEEN 5391772 AND 5391872
	Index Only Scan using sbtest3_pkey on sbtest3  (cost=0.43..6.40 rows=98 width=4)
	  Index Cond: ((id >= 5391772) AND (id <= 5391872))

table 4 : explain SELECT id FROM sbtest4 WHERE id BETWEEN 5391772 AND 5391872
	Index Only Scan using sbtest4_pkey on sbtest4  (cost=0.43..6.37 rows=97 width=4)
	  Index Cond: ((id >= 5391772) AND (id <= 5391872))

table 5 : explain SELECT id FROM sbtest5 WHERE id BETWEEN 5391772 AND 5391872
	Index Only Scan using sbtest5_pkey on sbtest5  (cost=0.43..6.37 rows=97 width=4)
	  Index Cond: ((id >= 5391772) AND (id <= 5391872))

table 6 : explain SELECT id FROM sbtest6 WHERE id BETWEEN 5391772 AND 5391872
	Index Only Scan using sbtest6_pkey on sbtest6  (cost=0.43..6.40 rows=98 width=4)
	  Index Cond: ((id >= 5391772) AND (id <= 5391872))

table 7 : explain SELECT id FROM sbtest7 WHERE id BETWEEN 5391772 AND 5391872
	Index Only Scan using sbtest7_pkey on sbtest7  (cost=0.43..6.45 rows=101 width=4)
	  Index Cond: ((id >= 5391772) AND (id <= 5391872))

table 8 : explain SELECT id FROM sbtest8 WHERE id BETWEEN 5391772 AND 5391872
	Index Only Scan using sbtest8_pkey on sbtest8  (cost=0.43..6.43 rows=100 width=4)
	  Index Cond: ((id >= 5391772) AND (id <= 5391872))

for range-covered
table 1 : explain SELECT id FROM sbtest1 WHERE id BETWEEN 3133799 AND 3133899
	Index Only Scan using sbtest1_pkey on sbtest1  (cost=0.43..6.47 rows=102 width=4)
	  Index Cond: ((id >= 3133799) AND (id <= 3133899))

table 2 : explain SELECT id FROM sbtest2 WHERE id BETWEEN 3133799 AND 3133899
	Index Only Scan using sbtest2_pkey on sbtest2  (cost=0.43..6.50 rows=103 width=4)
	  Index Cond: ((id >= 3133799) AND (id <= 3133899))

table 3 : explain SELECT id FROM sbtest3 WHERE id BETWEEN 3133799 AND 3133899
	Index Only Scan using sbtest3_pkey on sbtest3  (cost=0.43..6.32 rows=94 width=4)
	  Index Cond: ((id >= 3133799) AND (id <= 3133899))

table 4 : explain SELECT id FROM sbtest4 WHERE id BETWEEN 3133799 AND 3133899
	Index Only Scan using sbtest4_pkey on sbtest4  (cost=0.43..6.50 rows=103 width=4)
	  Index Cond: ((id >= 3133799) AND (id <= 3133899))

table 5 : explain SELECT id FROM sbtest5 WHERE id BETWEEN 3133799 AND 3133899
	Index Only Scan using sbtest5_pkey on sbtest5  (cost=0.43..6.66 rows=111 width=4)
	  Index Cond: ((id >= 3133799) AND (id <= 3133899))

table 6 : explain SELECT id FROM sbtest6 WHERE id BETWEEN 3133799 AND 3133899
	Index Only Scan using sbtest6_pkey on sbtest6  (cost=0.43..6.53 rows=105 width=4)
	  Index Cond: ((id >= 3133799) AND (id <= 3133899))

table 7 : explain SELECT id FROM sbtest7 WHERE id BETWEEN 3133799 AND 3133899
	Index Only Scan using sbtest7_pkey on sbtest7  (cost=0.43..6.47 rows=102 width=4)
	  Index Cond: ((id >= 3133799) AND (id <= 3133899))

table 8 : explain SELECT id FROM sbtest8 WHERE id BETWEEN 3133799 AND 3133899
	Index Only Scan using sbtest8_pkey on sbtest8  (cost=0.43..6.45 rows=101 width=4)
	  Index Cond: ((id >= 3133799) AND (id <= 3133899))

explain: for range-covered :: explain SELECT id FROM sbtest%d WHERE id BETWEEN 5391772 AND 5391872
explain: for range-covered :: explain SELECT id FROM sbtest%d WHERE id BETWEEN 3133799 AND 3133899
for range-covered
table 1 : explain SELECT id FROM sbtest1 WHERE id BETWEEN 4187518 AND 4187618
	Index Only Scan using sbtest1_pkey on sbtest1  (cost=0.43..6.45 rows=101 width=4)
	  Index Cond: ((id >= 4187518) AND (id <= 4187618))

table 2 : explain SELECT id FROM sbtest2 WHERE id BETWEEN 4187518 AND 4187618
	Index Only Scan using sbtest2_pkey on sbtest2  (cost=0.43..6.53 rows=105 width=4)
	  Index Cond: ((id >= 4187518) AND (id <= 4187618))

table 3 : explain SELECT id FROM sbtest3 WHERE id BETWEEN 4187518 AND 4187618
	Index Only Scan using sbtest3_pkey on sbtest3  (cost=0.43..6.50 rows=103 width=4)
	  Index Cond: ((id >= 4187518) AND (id <= 4187618))

table 4 : explain SELECT id FROM sbtest4 WHERE id BETWEEN 4187518 AND 4187618
	Index Only Scan using sbtest4_pkey on sbtest4  (cost=0.43..6.40 rows=98 width=4)
	  Index Cond: ((id >= 4187518) AND (id <= 4187618))

table 5 : explain SELECT id FROM sbtest5 WHERE id BETWEEN 4187518 AND 4187618
	Index Only Scan using sbtest5_pkey on sbtest5  (cost=0.43..6.50 rows=103 width=4)
	  Index Cond: ((id >= 4187518) AND (id <= 4187618))

table 6 : explain SELECT id FROM sbtest6 WHERE id BETWEEN 4187518 AND 4187618
	Index Only Scan using sbtest6_pkey on sbtest6  (cost=0.43..6.51 rows=104 width=4)
	  Index Cond: ((id >= 4187518) AND (id <= 4187618))

table 7 : explain SELECT id FROM sbtest7 WHERE id BETWEEN 4187518 AND 4187618
	Index Only Scan using sbtest7_pkey on sbtest7  (cost=0.43..6.37 rows=97 width=4)
	  Index Cond: ((id >= 4187518) AND (id <= 4187618))

table 8 : explain SELECT id FROM sbtest8 WHERE id BETWEEN 4187518 AND 4187618
	Index Only Scan using sbtest8_pkey on sbtest8  (cost=0.43..6.56 rows=106 width=4)
	  Index Cond: ((id >= 4187518) AND (id <= 4187618))

for range-covered
table 1 : explain SELECT id FROM sbtest1 WHERE id BETWEEN 2859767 AND 2859867
	Index Only Scan using sbtest1_pkey on sbtest1  (cost=0.43..6.45 rows=101 width=4)
	  Index Cond: ((id >= 2859767) AND (id <= 2859867))

table 2 : explain SELECT id FROM sbtest2 WHERE id BETWEEN 2859767 AND 2859867
	Index Only Scan using sbtest2_pkey on sbtest2  (cost=0.43..6.67 rows=112 width=4)
	  Index Cond: ((id >= 2859767) AND (id <= 2859867))

table 3 : explain SELECT id FROM sbtest3 WHERE id BETWEEN 2859767 AND 2859867
	Index Only Scan using sbtest3_pkey on sbtest3  (cost=0.43..6.58 rows=107 width=4)
	  Index Cond: ((id >= 2859767) AND (id <= 2859867))

table 4 : explain SELECT id FROM sbtest4 WHERE id BETWEEN 2859767 AND 2859867
	Index Only Scan using sbtest4_pkey on sbtest4  (cost=0.43..6.69 rows=113 width=4)
	  Index Cond: ((id >= 2859767) AND (id <= 2859867))

table 5 : explain SELECT id FROM sbtest5 WHERE id BETWEEN 2859767 AND 2859867
	Index Only Scan using sbtest5_pkey on sbtest5  (cost=0.43..6.63 rows=110 width=4)
	  Index Cond: ((id >= 2859767) AND (id <= 2859867))

table 6 : explain SELECT id FROM sbtest6 WHERE id BETWEEN 2859767 AND 2859867
	Index Only Scan using sbtest6_pkey on sbtest6  (cost=0.43..6.40 rows=98 width=4)
	  Index Cond: ((id >= 2859767) AND (id <= 2859867))

table 7 : explain SELECT id FROM sbtest7 WHERE id BETWEEN 2859767 AND 2859867
	Index Only Scan using sbtest7_pkey on sbtest7  (cost=0.43..6.56 rows=106 width=4)
	  Index Cond: ((id >= 2859767) AND (id <= 2859867))

table 8 : explain SELECT id FROM sbtest8 WHERE id BETWEEN 2859767 AND 2859867
	Index Only Scan using sbtest8_pkey on sbtest8  (cost=0.43..6.37 rows=97 width=4)
	  Index Cond: ((id >= 2859767) AND (id <= 2859867))

for range-covered
table 1 : explain SELECT id FROM sbtest1 WHERE id BETWEEN 8827041 AND 8827141
	Index Only Scan using sbtest1_pkey on sbtest1  (cost=0.43..6.74 rows=115 width=4)
	  Index Cond: ((id >= 8827041) AND (id <= 8827141))

table 2 : explain SELECT id FROM sbtest2 WHERE id BETWEEN 8827041 AND 8827141
	Index Only Scan using sbtest2_pkey on sbtest2  (cost=0.43..6.63 rows=110 width=4)
	  Index Cond: ((id >= 8827041) AND (id <= 8827141))

table 3 : explain SELECT id FROM sbtest3 WHERE id BETWEEN 8827041 AND 8827141
	Index Only Scan using sbtest3_pkey on sbtest3  (cost=0.43..6.58 rows=107 width=4)
	  Index Cond: ((id >= 8827041) AND (id <= 8827141))

table 4 : explain SELECT id FROM sbtest4 WHERE id BETWEEN 8827041 AND 8827141
	Index Only Scan using sbtest4_pkey on sbtest4  (cost=0.43..6.33 rows=95 width=4)
	  Index Cond: ((id >= 8827041) AND (id <= 8827141))

table 5 : explain SELECT id FROM sbtest5 WHERE id BETWEEN 8827041 AND 8827141
	Index Only Scan using sbtest5_pkey on sbtest5  (cost=0.43..6.37 rows=97 width=4)
	  Index Cond: ((id >= 8827041) AND (id <= 8827141))

table 6 : explain SELECT id FROM sbtest6 WHERE id BETWEEN 8827041 AND 8827141
	Index Only Scan using sbtest6_pkey on sbtest6  (cost=0.43..6.53 rows=105 width=4)
	  Index Cond: ((id >= 8827041) AND (id <= 8827141))

table 7 : explain SELECT id FROM sbtest7 WHERE id BETWEEN 8827041 AND 8827141
	Index Only Scan using sbtest7_pkey on sbtest7  (cost=0.43..6.45 rows=101 width=4)
	  Index Cond: ((id >= 8827041) AND (id <= 8827141))

table 8 : explain SELECT id FROM sbtest8 WHERE id BETWEEN 8827041 AND 8827141
	Index Only Scan using sbtest8_pkey on sbtest8  (cost=0.43..6.42 rows=99 width=4)
	  Index Cond: ((id >= 8827041) AND (id <= 8827141))

for range-covered
table 1 : explain SELECT id FROM sbtest1 WHERE id BETWEEN 5171943 AND 5172043
	Index Only Scan using sbtest1_pkey on sbtest1  (cost=0.43..6.27 rows=92 width=4)
	  Index Cond: ((id >= 5171943) AND (id <= 5172043))

table 2 : explain SELECT id FROM sbtest2 WHERE id BETWEEN 5171943 AND 5172043
	Index Only Scan using sbtest2_pkey on sbtest2  (cost=0.43..6.45 rows=101 width=4)
	  Index Cond: ((id >= 5171943) AND (id <= 5172043))

table 3 : explain SELECT id FROM sbtest3 WHERE id BETWEEN 5171943 AND 5172043
	Index Only Scan using sbtest3_pkey on sbtest3  (cost=0.43..6.59 rows=108 width=4)
	  Index Cond: ((id >= 5171943) AND (id <= 5172043))

table 4 : explain SELECT id FROM sbtest4 WHERE id BETWEEN 5171943 AND 5172043
	Index Only Scan using sbtest4_pkey on sbtest4  (cost=0.43..6.40 rows=98 width=4)
	  Index Cond: ((id >= 5171943) AND (id <= 5172043))

table 5 : explain SELECT id FROM sbtest5 WHERE id BETWEEN 5171943 AND 5172043
	Index Only Scan using sbtest5_pkey on sbtest5  (cost=0.43..6.32 rows=94 width=4)
	  Index Cond: ((id >= 5171943) AND (id <= 5172043))

table 6 : explain SELECT id FROM sbtest6 WHERE id BETWEEN 5171943 AND 5172043
	Index Only Scan using sbtest6_pkey on sbtest6  (cost=0.43..6.51 rows=104 width=4)
	  Index Cond: ((id >= 5171943) AND (id <= 5172043))

table 7 : explain SELECT id FROM sbtest7 WHERE id BETWEEN 5171943 AND 5172043
	Index Only Scan using sbtest7_pkey on sbtest7  (cost=0.43..6.58 rows=107 width=4)
	  Index Cond: ((id >= 5171943) AND (id <= 5172043))

table 8 : explain SELECT id FROM sbtest8 WHERE id BETWEEN 5171943 AND 5172043
	Index Only Scan using sbtest8_pkey on sbtest8  (cost=0.43..6.37 rows=97 width=4)
	  Index Cond: ((id >= 5171943) AND (id <= 5172043))

explain: for range-covered :: explain SELECT id FROM sbtest%d WHERE id BETWEEN 4187518 AND 4187618
explain: for range-covered :: explain SELECT id FROM sbtest%d WHERE id BETWEEN 8827041 AND 8827141
explain: for range-covered :: explain SELECT id FROM sbtest%d WHERE id BETWEEN 5171943 AND 5172043
for range-covered
table 1 : explain SELECT id FROM sbtest1 WHERE id BETWEEN 4042358 AND 4042458
	Index Only Scan using sbtest1_pkey on sbtest1  (cost=0.43..6.29 rows=93 width=4)
	  Index Cond: ((id >= 4042358) AND (id <= 4042458))

table 2 : explain SELECT id FROM sbtest2 WHERE id BETWEEN 4042358 AND 4042458
	Index Only Scan using sbtest2_pkey on sbtest2  (cost=0.43..6.53 rows=105 width=4)
	  Index Cond: ((id >= 4042358) AND (id <= 4042458))

table 3 : explain SELECT id FROM sbtest3 WHERE id BETWEEN 4042358 AND 4042458
	Index Only Scan using sbtest3_pkey on sbtest3  (cost=0.43..6.35 rows=96 width=4)
	  Index Cond: ((id >= 4042358) AND (id <= 4042458))

table 4 : explain SELECT id FROM sbtest4 WHERE id BETWEEN 4042358 AND 4042458
	Index Only Scan using sbtest4_pkey on sbtest4  (cost=0.43..6.79 rows=118 width=4)
	  Index Cond: ((id >= 4042358) AND (id <= 4042458))

table 5 : explain SELECT id FROM sbtest5 WHERE id BETWEEN 4042358 AND 4042458
	Index Only Scan using sbtest5_pkey on sbtest5  (cost=0.43..6.50 rows=103 width=4)
	  Index Cond: ((id >= 4042358) AND (id <= 4042458))

table 6 : explain SELECT id FROM sbtest6 WHERE id BETWEEN 4042358 AND 4042458
	Index Only Scan using sbtest6_pkey on sbtest6  (cost=0.43..6.37 rows=97 width=4)
	  Index Cond: ((id >= 4042358) AND (id <= 4042458))

table 7 : explain SELECT id FROM sbtest7 WHERE id BETWEEN 4042358 AND 4042458
	Index Only Scan using sbtest7_pkey on sbtest7  (cost=0.43..6.67 rows=112 width=4)
	  Index Cond: ((id >= 4042358) AND (id <= 4042458))

table 8 : explain SELECT id FROM sbtest8 WHERE id BETWEEN 4042358 AND 4042458
	Index Only Scan using sbtest8_pkey on sbtest8  (cost=0.43..6.63 rows=110 width=4)
	  Index Cond: ((id >= 4042358) AND (id <= 4042458))

for range-covered
table 1 : explain SELECT id FROM sbtest1 WHERE id BETWEEN 3133799 AND 3133899
	Index Only Scan using sbtest1_pkey on sbtest1  (cost=0.43..6.47 rows=102 width=4)
	  Index Cond: ((id >= 3133799) AND (id <= 3133899))

table 2 : explain SELECT id FROM sbtest2 WHERE id BETWEEN 3133799 AND 3133899
	Index Only Scan using sbtest2_pkey on sbtest2  (cost=0.43..6.50 rows=103 width=4)
	  Index Cond: ((id >= 3133799) AND (id <= 3133899))

table 3 : explain SELECT id FROM sbtest3 WHERE id BETWEEN 3133799 AND 3133899
	Index Only Scan using sbtest3_pkey on sbtest3  (cost=0.43..6.32 rows=94 width=4)
	  Index Cond: ((id >= 3133799) AND (id <= 3133899))

table 4 : explain SELECT id FROM sbtest4 WHERE id BETWEEN 3133799 AND 3133899
	Index Only Scan using sbtest4_pkey on sbtest4  (cost=0.43..6.50 rows=103 width=4)
	  Index Cond: ((id >= 3133799) AND (id <= 3133899))

table 5 : explain SELECT id FROM sbtest5 WHERE id BETWEEN 3133799 AND 3133899
	Index Only Scan using sbtest5_pkey on sbtest5  (cost=0.43..6.66 rows=111 width=4)
	  Index Cond: ((id >= 3133799) AND (id <= 3133899))

table 6 : explain SELECT id FROM sbtest6 WHERE id BETWEEN 3133799 AND 3133899
	Index Only Scan using sbtest6_pkey on sbtest6  (cost=0.43..6.53 rows=105 width=4)
	  Index Cond: ((id >= 3133799) AND (id <= 3133899))

table 7 : explain SELECT id FROM sbtest7 WHERE id BETWEEN 3133799 AND 3133899
	Index Only Scan using sbtest7_pkey on sbtest7  (cost=0.43..6.47 rows=102 width=4)
	  Index Cond: ((id >= 3133799) AND (id <= 3133899))

table 8 : explain SELECT id FROM sbtest8 WHERE id BETWEEN 3133799 AND 3133899
	Index Only Scan using sbtest8_pkey on sbtest8  (cost=0.43..6.45 rows=101 width=4)
	  Index Cond: ((id >= 3133799) AND (id <= 3133899))

for range-covered
table 1 : explain SELECT id FROM sbtest1 WHERE id BETWEEN 5391772 AND 5391872
	Index Only Scan using sbtest1_pkey on sbtest1  (cost=0.43..6.32 rows=94 width=4)
	  Index Cond: ((id >= 5391772) AND (id <= 5391872))

table 2 : explain SELECT id FROM sbtest2 WHERE id BETWEEN 5391772 AND 5391872
	Index Only Scan using sbtest2_pkey on sbtest2  (cost=0.43..6.58 rows=107 width=4)
	  Index Cond: ((id >= 5391772) AND (id <= 5391872))

table 3 : explain SELECT id FROM sbtest3 WHERE id BETWEEN 5391772 AND 5391872
	Index Only Scan using sbtest3_pkey on sbtest3  (cost=0.43..6.40 rows=98 width=4)
	  Index Cond: ((id >= 5391772) AND (id <= 5391872))

table 4 : explain SELECT id FROM sbtest4 WHERE id BETWEEN 5391772 AND 5391872
	Index Only Scan using sbtest4_pkey on sbtest4  (cost=0.43..6.37 rows=97 width=4)
	  Index Cond: ((id >= 5391772) AND (id <= 5391872))

table 5 : explain SELECT id FROM sbtest5 WHERE id BETWEEN 5391772 AND 5391872
	Index Only Scan using sbtest5_pkey on sbtest5  (cost=0.43..6.37 rows=97 width=4)
	  Index Cond: ((id >= 5391772) AND (id <= 5391872))

table 6 : explain SELECT id FROM sbtest6 WHERE id BETWEEN 5391772 AND 5391872
	Index Only Scan using sbtest6_pkey on sbtest6  (cost=0.43..6.40 rows=98 width=4)
	  Index Cond: ((id >= 5391772) AND (id <= 5391872))

table 7 : explain SELECT id FROM sbtest7 WHERE id BETWEEN 5391772 AND 5391872
	Index Only Scan using sbtest7_pkey on sbtest7  (cost=0.43..6.45 rows=101 width=4)
	  Index Cond: ((id >= 5391772) AND (id <= 5391872))

table 8 : explain SELECT id FROM sbtest8 WHERE id BETWEEN 5391772 AND 5391872
	Index Only Scan using sbtest8_pkey on sbtest8  (cost=0.43..6.43 rows=100 width=4)
	  Index Cond: ((id >= 5391772) AND (id <= 5391872))

explain: for range-covered :: explain SELECT id FROM sbtest%d WHERE id BETWEEN 4042358 AND 4042458
explain: for range-covered :: explain SELECT id FROM sbtest%d WHERE id BETWEEN 3133799 AND 3133899
explain: for range-covered :: explain SELECT id FROM sbtest%d WHERE id BETWEEN 5391772 AND 5391872
for range-covered
table 1 : explain SELECT id FROM sbtest1 WHERE id BETWEEN 8827041 AND 8827141
	Index Only Scan using sbtest1_pkey on sbtest1  (cost=0.43..6.74 rows=115 width=4)
	  Index Cond: ((id >= 8827041) AND (id <= 8827141))

table 2 : explain SELECT id FROM sbtest2 WHERE id BETWEEN 8827041 AND 8827141
	Index Only Scan using sbtest2_pkey on sbtest2  (cost=0.43..6.63 rows=110 width=4)
	  Index Cond: ((id >= 8827041) AND (id <= 8827141))

table 3 : explain SELECT id FROM sbtest3 WHERE id BETWEEN 8827041 AND 8827141
	Index Only Scan using sbtest3_pkey on sbtest3  (cost=0.43..6.58 rows=107 width=4)
	  Index Cond: ((id >= 8827041) AND (id <= 8827141))

table 4 : explain SELECT id FROM sbtest4 WHERE id BETWEEN 8827041 AND 8827141
	Index Only Scan using sbtest4_pkey on sbtest4  (cost=0.43..6.33 rows=95 width=4)
	  Index Cond: ((id >= 8827041) AND (id <= 8827141))

table 5 : explain SELECT id FROM sbtest5 WHERE id BETWEEN 8827041 AND 8827141
	Index Only Scan using sbtest5_pkey on sbtest5  (cost=0.43..6.37 rows=97 width=4)
	  Index Cond: ((id >= 8827041) AND (id <= 8827141))

table 6 : explain SELECT id FROM sbtest6 WHERE id BETWEEN 8827041 AND 8827141
	Index Only Scan using sbtest6_pkey on sbtest6  (cost=0.43..6.53 rows=105 width=4)
	  Index Cond: ((id >= 8827041) AND (id <= 8827141))

table 7 : explain SELECT id FROM sbtest7 WHERE id BETWEEN 8827041 AND 8827141
	Index Only Scan using sbtest7_pkey on sbtest7  (cost=0.43..6.45 rows=101 width=4)
	  Index Cond: ((id >= 8827041) AND (id <= 8827141))

table 8 : explain SELECT id FROM sbtest8 WHERE id BETWEEN 8827041 AND 8827141
	Index Only Scan using sbtest8_pkey on sbtest8  (cost=0.43..6.42 rows=99 width=4)
	  Index Cond: ((id >= 8827041) AND (id <= 8827141))

explain: for range-covered :: explain SELECT id FROM sbtest%d WHERE id BETWEEN 8827041 AND 8827141
for range-covered
table 1 : explain SELECT id FROM sbtest1 WHERE id BETWEEN 5171943 AND 5172043
	Index Only Scan using sbtest1_pkey on sbtest1  (cost=0.43..6.27 rows=92 width=4)
	  Index Cond: ((id >= 5171943) AND (id <= 5172043))

table 2 : explain SELECT id FROM sbtest2 WHERE id BETWEEN 5171943 AND 5172043
	Index Only Scan using sbtest2_pkey on sbtest2  (cost=0.43..6.45 rows=101 width=4)
	  Index Cond: ((id >= 5171943) AND (id <= 5172043))

table 3 : explain SELECT id FROM sbtest3 WHERE id BETWEEN 5171943 AND 5172043
	Index Only Scan using sbtest3_pkey on sbtest3  (cost=0.43..6.59 rows=108 width=4)
	  Index Cond: ((id >= 5171943) AND (id <= 5172043))

table 4 : explain SELECT id FROM sbtest4 WHERE id BETWEEN 5171943 AND 5172043
	Index Only Scan using sbtest4_pkey on sbtest4  (cost=0.43..6.40 rows=98 width=4)
	  Index Cond: ((id >= 5171943) AND (id <= 5172043))

table 5 : explain SELECT id FROM sbtest5 WHERE id BETWEEN 5171943 AND 5172043
	Index Only Scan using sbtest5_pkey on sbtest5  (cost=0.43..6.32 rows=94 width=4)
	  Index Cond: ((id >= 5171943) AND (id <= 5172043))

table 6 : explain SELECT id FROM sbtest6 WHERE id BETWEEN 5171943 AND 5172043
	Index Only Scan using sbtest6_pkey on sbtest6  (cost=0.43..6.51 rows=104 width=4)
	  Index Cond: ((id >= 5171943) AND (id <= 5172043))

table 7 : explain SELECT id FROM sbtest7 WHERE id BETWEEN 5171943 AND 5172043
	Index Only Scan using sbtest7_pkey on sbtest7  (cost=0.43..6.58 rows=107 width=4)
	  Index Cond: ((id >= 5171943) AND (id <= 5172043))

table 8 : explain SELECT id FROM sbtest8 WHERE id BETWEEN 5171943 AND 5172043
	Index Only Scan using sbtest8_pkey on sbtest8  (cost=0.43..6.37 rows=97 width=4)
	  Index Cond: ((id >= 5171943) AND (id <= 5172043))

explain: for range-covered :: explain SELECT id FROM sbtest%d WHERE id BETWEEN 5171943 AND 5172043
for range-covered
table 1 : explain SELECT id FROM sbtest1 WHERE id BETWEEN 5391772 AND 5391872
	Index Only Scan using sbtest1_pkey on sbtest1  (cost=0.43..6.32 rows=94 width=4)
	  Index Cond: ((id >= 5391772) AND (id <= 5391872))

table 2 : explain SELECT id FROM sbtest2 WHERE id BETWEEN 5391772 AND 5391872
	Index Only Scan using sbtest2_pkey on sbtest2  (cost=0.43..6.58 rows=107 width=4)
	  Index Cond: ((id >= 5391772) AND (id <= 5391872))

table 3 : explain SELECT id FROM sbtest3 WHERE id BETWEEN 5391772 AND 5391872
	Index Only Scan using sbtest3_pkey on sbtest3  (cost=0.43..6.40 rows=98 width=4)
	  Index Cond: ((id >= 5391772) AND (id <= 5391872))

table 4 : explain SELECT id FROM sbtest4 WHERE id BETWEEN 5391772 AND 5391872
	Index Only Scan using sbtest4_pkey on sbtest4  (cost=0.43..6.37 rows=97 width=4)
	  Index Cond: ((id >= 5391772) AND (id <= 5391872))

table 5 : explain SELECT id FROM sbtest5 WHERE id BETWEEN 5391772 AND 5391872
	Index Only Scan using sbtest5_pkey on sbtest5  (cost=0.43..6.37 rows=97 width=4)
	  Index Cond: ((id >= 5391772) AND (id <= 5391872))

table 6 : explain SELECT id FROM sbtest6 WHERE id BETWEEN 5391772 AND 5391872
	Index Only Scan using sbtest6_pkey on sbtest6  (cost=0.43..6.40 rows=98 width=4)
	  Index Cond: ((id >= 5391772) AND (id <= 5391872))

table 7 : explain SELECT id FROM sbtest7 WHERE id BETWEEN 5391772 AND 5391872
	Index Only Scan using sbtest7_pkey on sbtest7  (cost=0.43..6.45 rows=101 width=4)
	  Index Cond: ((id >= 5391772) AND (id <= 5391872))

table 8 : explain SELECT id FROM sbtest8 WHERE id BETWEEN 5391772 AND 5391872
	Index Only Scan using sbtest8_pkey on sbtest8  (cost=0.43..6.43 rows=100 width=4)
	  Index Cond: ((id >= 5391772) AND (id <= 5391872))

explain: for range-covered :: explain SELECT id FROM sbtest%d WHERE id BETWEEN 5391772 AND 5391872
for range-covered
table 1 : explain SELECT id FROM sbtest1 WHERE id BETWEEN 3133799 AND 3133899
	Index Only Scan using sbtest1_pkey on sbtest1  (cost=0.43..6.47 rows=102 width=4)
	  Index Cond: ((id >= 3133799) AND (id <= 3133899))

table 2 : explain SELECT id FROM sbtest2 WHERE id BETWEEN 3133799 AND 3133899
	Index Only Scan using sbtest2_pkey on sbtest2  (cost=0.43..6.50 rows=103 width=4)
	  Index Cond: ((id >= 3133799) AND (id <= 3133899))

table 3 : explain SELECT id FROM sbtest3 WHERE id BETWEEN 3133799 AND 3133899
	Index Only Scan using sbtest3_pkey on sbtest3  (cost=0.43..6.32 rows=94 width=4)
	  Index Cond: ((id >= 3133799) AND (id <= 3133899))

table 4 : explain SELECT id FROM sbtest4 WHERE id BETWEEN 3133799 AND 3133899
	Index Only Scan using sbtest4_pkey on sbtest4  (cost=0.43..6.50 rows=103 width=4)
	  Index Cond: ((id >= 3133799) AND (id <= 3133899))

table 5 : explain SELECT id FROM sbtest5 WHERE id BETWEEN 3133799 AND 3133899
	Index Only Scan using sbtest5_pkey on sbtest5  (cost=0.43..6.66 rows=111 width=4)
	  Index Cond: ((id >= 3133799) AND (id <= 3133899))

table 6 : explain SELECT id FROM sbtest6 WHERE id BETWEEN 3133799 AND 3133899
	Index Only Scan using sbtest6_pkey on sbtest6  (cost=0.43..6.53 rows=105 width=4)
	  Index Cond: ((id >= 3133799) AND (id <= 3133899))

table 7 : explain SELECT id FROM sbtest7 WHERE id BETWEEN 3133799 AND 3133899
	Index Only Scan using sbtest7_pkey on sbtest7  (cost=0.43..6.47 rows=102 width=4)
	  Index Cond: ((id >= 3133799) AND (id <= 3133899))

table 8 : explain SELECT id FROM sbtest8 WHERE id BETWEEN 3133799 AND 3133899
	Index Only Scan using sbtest8_pkey on sbtest8  (cost=0.43..6.45 rows=101 width=4)
	  Index Cond: ((id >= 3133799) AND (id <= 3133899))

for range-covered
table 1 : explain SELECT id FROM sbtest1 WHERE id BETWEEN 4187518 AND 4187618
	Index Only Scan using sbtest1_pkey on sbtest1  (cost=0.43..6.45 rows=101 width=4)
	  Index Cond: ((id >= 4187518) AND (id <= 4187618))

table 2 : explain SELECT id FROM sbtest2 WHERE id BETWEEN 4187518 AND 4187618
	Index Only Scan using sbtest2_pkey on sbtest2  (cost=0.43..6.53 rows=105 width=4)
	  Index Cond: ((id >= 4187518) AND (id <= 4187618))

table 3 : explain SELECT id FROM sbtest3 WHERE id BETWEEN 4187518 AND 4187618
	Index Only Scan using sbtest3_pkey on sbtest3  (cost=0.43..6.50 rows=103 width=4)
	  Index Cond: ((id >= 4187518) AND (id <= 4187618))

table 4 : explain SELECT id FROM sbtest4 WHERE id BETWEEN 4187518 AND 4187618
	Index Only Scan using sbtest4_pkey on sbtest4  (cost=0.43..6.40 rows=98 width=4)
	  Index Cond: ((id >= 4187518) AND (id <= 4187618))

table 5 : explain SELECT id FROM sbtest5 WHERE id BETWEEN 4187518 AND 4187618
	Index Only Scan using sbtest5_pkey on sbtest5  (cost=0.43..6.50 rows=103 width=4)
	  Index Cond: ((id >= 4187518) AND (id <= 4187618))

table 6 : explain SELECT id FROM sbtest6 WHERE id BETWEEN 4187518 AND 4187618
	Index Only Scan using sbtest6_pkey on sbtest6  (cost=0.43..6.51 rows=104 width=4)
	  Index Cond: ((id >= 4187518) AND (id <= 4187618))

table 7 : explain SELECT id FROM sbtest7 WHERE id BETWEEN 4187518 AND 4187618
	Index Only Scan using sbtest7_pkey on sbtest7  (cost=0.43..6.37 rows=97 width=4)
	  Index Cond: ((id >= 4187518) AND (id <= 4187618))

table 8 : explain SELECT id FROM sbtest8 WHERE id BETWEEN 4187518 AND 4187618
	Index Only Scan using sbtest8_pkey on sbtest8  (cost=0.43..6.56 rows=106 width=4)
	  Index Cond: ((id >= 4187518) AND (id <= 4187618))

explain: for range-covered :: explain SELECT id FROM sbtest%d WHERE id BETWEEN 4187518 AND 4187618
for range-covered
table 1 : explain SELECT id FROM sbtest1 WHERE id BETWEEN 7237369 AND 7237469
	Index Only Scan using sbtest1_pkey on sbtest1  (cost=0.43..6.33 rows=95 width=4)
	  Index Cond: ((id >= 7237369) AND (id <= 7237469))

table 2 : explain SELECT id FROM sbtest2 WHERE id BETWEEN 7237369 AND 7237469
	Index Only Scan using sbtest2_pkey on sbtest2  (cost=0.43..6.59 rows=108 width=4)
	  Index Cond: ((id >= 7237369) AND (id <= 7237469))

table 3 : explain SELECT id FROM sbtest3 WHERE id BETWEEN 7237369 AND 7237469
	Index Only Scan using sbtest3_pkey on sbtest3  (cost=0.43..6.63 rows=110 width=4)
	  Index Cond: ((id >= 7237369) AND (id <= 7237469))

table 4 : explain SELECT id FROM sbtest4 WHERE id BETWEEN 7237369 AND 7237469
	Index Only Scan using sbtest4_pkey on sbtest4  (cost=0.43..6.43 rows=100 width=4)
	  Index Cond: ((id >= 7237369) AND (id <= 7237469))

table 5 : explain SELECT id FROM sbtest5 WHERE id BETWEEN 7237369 AND 7237469
	Index Only Scan using sbtest5_pkey on sbtest5  (cost=0.43..6.40 rows=98 width=4)
	  Index Cond: ((id >= 7237369) AND (id <= 7237469))

table 6 : explain SELECT id FROM sbtest6 WHERE id BETWEEN 7237369 AND 7237469
	Index Only Scan using sbtest6_pkey on sbtest6  (cost=0.43..6.37 rows=97 width=4)
	  Index Cond: ((id >= 7237369) AND (id <= 7237469))

table 7 : explain SELECT id FROM sbtest7 WHERE id BETWEEN 7237369 AND 7237469
	Index Only Scan using sbtest7_pkey on sbtest7  (cost=0.43..6.61 rows=109 width=4)
	  Index Cond: ((id >= 7237369) AND (id <= 7237469))

table 8 : explain SELECT id FROM sbtest8 WHERE id BETWEEN 7237369 AND 7237469
	Index Only Scan using sbtest8_pkey on sbtest8  (cost=0.43..6.63 rows=110 width=4)
	  Index Cond: ((id >= 7237369) AND (id <= 7237469))

for range-covered
table 1 : explain SELECT id FROM sbtest1 WHERE id BETWEEN 8827041 AND 8827141
	Index Only Scan using sbtest1_pkey on sbtest1  (cost=0.43..6.74 rows=115 width=4)
	  Index Cond: ((id >= 8827041) AND (id <= 8827141))

table 2 : explain SELECT id FROM sbtest2 WHERE id BETWEEN 8827041 AND 8827141
	Index Only Scan using sbtest2_pkey on sbtest2  (cost=0.43..6.63 rows=110 width=4)
	  Index Cond: ((id >= 8827041) AND (id <= 8827141))

table 3 : explain SELECT id FROM sbtest3 WHERE id BETWEEN 8827041 AND 8827141
	Index Only Scan using sbtest3_pkey on sbtest3  (cost=0.43..6.58 rows=107 width=4)
	  Index Cond: ((id >= 8827041) AND (id <= 8827141))

table 4 : explain SELECT id FROM sbtest4 WHERE id BETWEEN 8827041 AND 8827141
	Index Only Scan using sbtest4_pkey on sbtest4  (cost=0.43..6.33 rows=95 width=4)
	  Index Cond: ((id >= 8827041) AND (id <= 8827141))

table 5 : explain SELECT id FROM sbtest5 WHERE id BETWEEN 8827041 AND 8827141
	Index Only Scan using sbtest5_pkey on sbtest5  (cost=0.43..6.37 rows=97 width=4)
	  Index Cond: ((id >= 8827041) AND (id <= 8827141))

table 6 : explain SELECT id FROM sbtest6 WHERE id BETWEEN 8827041 AND 8827141
	Index Only Scan using sbtest6_pkey on sbtest6  (cost=0.43..6.53 rows=105 width=4)
	  Index Cond: ((id >= 8827041) AND (id <= 8827141))

table 7 : explain SELECT id FROM sbtest7 WHERE id BETWEEN 8827041 AND 8827141
	Index Only Scan using sbtest7_pkey on sbtest7  (cost=0.43..6.45 rows=101 width=4)
	  Index Cond: ((id >= 8827041) AND (id <= 8827141))

table 8 : explain SELECT id FROM sbtest8 WHERE id BETWEEN 8827041 AND 8827141
	Index Only Scan using sbtest8_pkey on sbtest8  (cost=0.43..6.42 rows=99 width=4)
	  Index Cond: ((id >= 8827041) AND (id <= 8827141))

for range-covered
table 1 : explain SELECT id FROM sbtest1 WHERE id BETWEEN 5171943 AND 5172043
	Index Only Scan using sbtest1_pkey on sbtest1  (cost=0.43..6.27 rows=92 width=4)
	  Index Cond: ((id >= 5171943) AND (id <= 5172043))

table 2 : explain SELECT id FROM sbtest2 WHERE id BETWEEN 5171943 AND 5172043
	Index Only Scan using sbtest2_pkey on sbtest2  (cost=0.43..6.45 rows=101 width=4)
	  Index Cond: ((id >= 5171943) AND (id <= 5172043))

table 3 : explain SELECT id FROM sbtest3 WHERE id BETWEEN 5171943 AND 5172043
	Index Only Scan using sbtest3_pkey on sbtest3  (cost=0.43..6.59 rows=108 width=4)
	  Index Cond: ((id >= 5171943) AND (id <= 5172043))

table 4 : explain SELECT id FROM sbtest4 WHERE id BETWEEN 5171943 AND 5172043
	Index Only Scan using sbtest4_pkey on sbtest4  (cost=0.43..6.40 rows=98 width=4)
	  Index Cond: ((id >= 5171943) AND (id <= 5172043))

table 5 : explain SELECT id FROM sbtest5 WHERE id BETWEEN 5171943 AND 5172043
	Index Only Scan using sbtest5_pkey on sbtest5  (cost=0.43..6.32 rows=94 width=4)
	  Index Cond: ((id >= 5171943) AND (id <= 5172043))

table 6 : explain SELECT id FROM sbtest6 WHERE id BETWEEN 5171943 AND 5172043
	Index Only Scan using sbtest6_pkey on sbtest6  (cost=0.43..6.51 rows=104 width=4)
	  Index Cond: ((id >= 5171943) AND (id <= 5172043))

table 7 : explain SELECT id FROM sbtest7 WHERE id BETWEEN 5171943 AND 5172043
	Index Only Scan using sbtest7_pkey on sbtest7  (cost=0.43..6.58 rows=107 width=4)
	  Index Cond: ((id >= 5171943) AND (id <= 5172043))

table 8 : explain SELECT id FROM sbtest8 WHERE id BETWEEN 5171943 AND 5172043
	Index Only Scan using sbtest8_pkey on sbtest8  (cost=0.43..6.37 rows=97 width=4)
	  Index Cond: ((id >= 5171943) AND (id <= 5172043))

explain: for range-covered :: explain SELECT id FROM sbtest%d WHERE id BETWEEN 5171943 AND 5172043
for range-covered
table 1 : explain SELECT id FROM sbtest1 WHERE id BETWEEN 5391772 AND 5391872
	Index Only Scan using sbtest1_pkey on sbtest1  (cost=0.43..6.32 rows=94 width=4)
	  Index Cond: ((id >= 5391772) AND (id <= 5391872))

table 2 : explain SELECT id FROM sbtest2 WHERE id BETWEEN 5391772 AND 5391872
	Index Only Scan using sbtest2_pkey on sbtest2  (cost=0.43..6.58 rows=107 width=4)
	  Index Cond: ((id >= 5391772) AND (id <= 5391872))

table 3 : explain SELECT id FROM sbtest3 WHERE id BETWEEN 5391772 AND 5391872
	Index Only Scan using sbtest3_pkey on sbtest3  (cost=0.43..6.40 rows=98 width=4)
	  Index Cond: ((id >= 5391772) AND (id <= 5391872))

table 4 : explain SELECT id FROM sbtest4 WHERE id BETWEEN 5391772 AND 5391872
	Index Only Scan using sbtest4_pkey on sbtest4  (cost=0.43..6.37 rows=97 width=4)
	  Index Cond: ((id >= 5391772) AND (id <= 5391872))

table 5 : explain SELECT id FROM sbtest5 WHERE id BETWEEN 5391772 AND 5391872
	Index Only Scan using sbtest5_pkey on sbtest5  (cost=0.43..6.37 rows=97 width=4)
	  Index Cond: ((id >= 5391772) AND (id <= 5391872))

table 6 : explain SELECT id FROM sbtest6 WHERE id BETWEEN 5391772 AND 5391872
	Index Only Scan using sbtest6_pkey on sbtest6  (cost=0.43..6.40 rows=98 width=4)
	  Index Cond: ((id >= 5391772) AND (id <= 5391872))

table 7 : explain SELECT id FROM sbtest7 WHERE id BETWEEN 5391772 AND 5391872
	Index Only Scan using sbtest7_pkey on sbtest7  (cost=0.43..6.45 rows=101 width=4)
	  Index Cond: ((id >= 5391772) AND (id <= 5391872))

table 8 : explain SELECT id FROM sbtest8 WHERE id BETWEEN 5391772 AND 5391872
	Index Only Scan using sbtest8_pkey on sbtest8  (cost=0.43..6.43 rows=100 width=4)
	  Index Cond: ((id >= 5391772) AND (id <= 5391872))

explain: for range-covered :: explain SELECT id FROM sbtest%d WHERE id BETWEEN 5391772 AND 5391872
for range-covered
table 1 : explain SELECT id FROM sbtest1 WHERE id BETWEEN 1156776 AND 1156876
	Index Only Scan using sbtest1_pkey on sbtest1  (cost=0.43..6.58 rows=107 width=4)
	  Index Cond: ((id >= 1156776) AND (id <= 1156876))

table 2 : explain SELECT id FROM sbtest2 WHERE id BETWEEN 1156776 AND 1156876
	Index Only Scan using sbtest2_pkey on sbtest2  (cost=0.43..6.43 rows=100 width=4)
	  Index Cond: ((id >= 1156776) AND (id <= 1156876))

table 3 : explain SELECT id FROM sbtest3 WHERE id BETWEEN 1156776 AND 1156876
	Index Only Scan using sbtest3_pkey on sbtest3  (cost=0.43..6.43 rows=100 width=4)
	  Index Cond: ((id >= 1156776) AND (id <= 1156876))

table 4 : explain SELECT id FROM sbtest4 WHERE id BETWEEN 1156776 AND 1156876
	Index Only Scan using sbtest4_pkey on sbtest4  (cost=0.43..6.37 rows=97 width=4)
	  Index Cond: ((id >= 1156776) AND (id <= 1156876))

table 5 : explain SELECT id FROM sbtest5 WHERE id BETWEEN 1156776 AND 1156876
	Index Only Scan using sbtest5_pkey on sbtest5  (cost=0.43..6.45 rows=101 width=4)
	  Index Cond: ((id >= 1156776) AND (id <= 1156876))

table 6 : explain SELECT id FROM sbtest6 WHERE id BETWEEN 1156776 AND 1156876
	Index Only Scan using sbtest6_pkey on sbtest6  (cost=0.43..6.42 rows=99 width=4)
	  Index Cond: ((id >= 1156776) AND (id <= 1156876))

table 7 : explain SELECT id FROM sbtest7 WHERE id BETWEEN 1156776 AND 1156876
	Index Only Scan using sbtest7_pkey on sbtest7  (cost=0.43..6.59 rows=108 width=4)
	  Index Cond: ((id >= 1156776) AND (id <= 1156876))

table 8 : explain SELECT id FROM sbtest8 WHERE id BETWEEN 1156776 AND 1156876
	Index Only Scan using sbtest8_pkey on sbtest8  (cost=0.43..6.51 rows=104 width=4)
	  Index Cond: ((id >= 1156776) AND (id <= 1156876))

for range-covered
table 1 : explain SELECT id FROM sbtest1 WHERE id BETWEEN 5391772 AND 5391872
	Index Only Scan using sbtest1_pkey on sbtest1  (cost=0.43..6.32 rows=94 width=4)
	  Index Cond: ((id >= 5391772) AND (id <= 5391872))

table 2 : explain SELECT id FROM sbtest2 WHERE id BETWEEN 5391772 AND 5391872
	Index Only Scan using sbtest2_pkey on sbtest2  (cost=0.43..6.58 rows=107 width=4)
	  Index Cond: ((id >= 5391772) AND (id <= 5391872))

table 3 : explain SELECT id FROM sbtest3 WHERE id BETWEEN 5391772 AND 5391872
	Index Only Scan using sbtest3_pkey on sbtest3  (cost=0.43..6.40 rows=98 width=4)
	  Index Cond: ((id >= 5391772) AND (id <= 5391872))

table 4 : explain SELECT id FROM sbtest4 WHERE id BETWEEN 5391772 AND 5391872
	Index Only Scan using sbtest4_pkey on sbtest4  (cost=0.43..6.37 rows=97 width=4)
	  Index Cond: ((id >= 5391772) AND (id <= 5391872))

table 5 : explain SELECT id FROM sbtest5 WHERE id BETWEEN 5391772 AND 5391872
	Index Only Scan using sbtest5_pkey on sbtest5  (cost=0.43..6.37 rows=97 width=4)
	  Index Cond: ((id >= 5391772) AND (id <= 5391872))

table 6 : explain SELECT id FROM sbtest6 WHERE id BETWEEN 5391772 AND 5391872
	Index Only Scan using sbtest6_pkey on sbtest6  (cost=0.43..6.40 rows=98 width=4)
	  Index Cond: ((id >= 5391772) AND (id <= 5391872))

table 7 : explain SELECT id FROM sbtest7 WHERE id BETWEEN 5391772 AND 5391872
	Index Only Scan using sbtest7_pkey on sbtest7  (cost=0.43..6.45 rows=101 width=4)
	  Index Cond: ((id >= 5391772) AND (id <= 5391872))

table 8 : explain SELECT id FROM sbtest8 WHERE id BETWEEN 5391772 AND 5391872
	Index Only Scan using sbtest8_pkey on sbtest8  (cost=0.43..6.43 rows=100 width=4)
	  Index Cond: ((id >= 5391772) AND (id <= 5391872))

explain: for range-covered :: explain SELECT id FROM sbtest%d WHERE id BETWEEN 5391772 AND 5391872
for range-covered
table 1 : explain SELECT id FROM sbtest1 WHERE id BETWEEN 5391772 AND 5391872
	Index Only Scan using sbtest1_pkey on sbtest1  (cost=0.43..6.32 rows=94 width=4)
	  Index Cond: ((id >= 5391772) AND (id <= 5391872))

table 2 : explain SELECT id FROM sbtest2 WHERE id BETWEEN 5391772 AND 5391872
	Index Only Scan using sbtest2_pkey on sbtest2  (cost=0.43..6.58 rows=107 width=4)
	  Index Cond: ((id >= 5391772) AND (id <= 5391872))

table 3 : explain SELECT id FROM sbtest3 WHERE id BETWEEN 5391772 AND 5391872
	Index Only Scan using sbtest3_pkey on sbtest3  (cost=0.43..6.40 rows=98 width=4)
	  Index Cond: ((id >= 5391772) AND (id <= 5391872))

table 4 : explain SELECT id FROM sbtest4 WHERE id BETWEEN 5391772 AND 5391872
	Index Only Scan using sbtest4_pkey on sbtest4  (cost=0.43..6.37 rows=97 width=4)
	  Index Cond: ((id >= 5391772) AND (id <= 5391872))

table 5 : explain SELECT id FROM sbtest5 WHERE id BETWEEN 5391772 AND 5391872
	Index Only Scan using sbtest5_pkey on sbtest5  (cost=0.43..6.37 rows=97 width=4)
	  Index Cond: ((id >= 5391772) AND (id <= 5391872))

table 6 : explain SELECT id FROM sbtest6 WHERE id BETWEEN 5391772 AND 5391872
	Index Only Scan using sbtest6_pkey on sbtest6  (cost=0.43..6.40 rows=98 width=4)
	  Index Cond: ((id >= 5391772) AND (id <= 5391872))

table 7 : explain SELECT id FROM sbtest7 WHERE id BETWEEN 5391772 AND 5391872
	Index Only Scan using sbtest7_pkey on sbtest7  (cost=0.43..6.45 rows=101 width=4)
	  Index Cond: ((id >= 5391772) AND (id <= 5391872))

table 8 : explain SELECT id FROM sbtest8 WHERE id BETWEEN 5391772 AND 5391872
	Index Only Scan using sbtest8_pkey on sbtest8  (cost=0.43..6.43 rows=100 width=4)
	  Index Cond: ((id >= 5391772) AND (id <= 5391872))

explain: for range-covered :: explain SELECT id FROM sbtest%d WHERE id BETWEEN 5391772 AND 5391872
for range-covered
table 1 : explain SELECT id FROM sbtest1 WHERE id BETWEEN 1854738 AND 1854838
	Index Only Scan using sbtest1_pkey on sbtest1  (cost=0.43..6.66 rows=111 width=4)
	  Index Cond: ((id >= 1854738) AND (id <= 1854838))

table 2 : explain SELECT id FROM sbtest2 WHERE id BETWEEN 1854738 AND 1854838
	Index Only Scan using sbtest2_pkey on sbtest2  (cost=0.43..6.53 rows=105 width=4)
	  Index Cond: ((id >= 1854738) AND (id <= 1854838))

table 3 : explain SELECT id FROM sbtest3 WHERE id BETWEEN 1854738 AND 1854838
	Index Only Scan using sbtest3_pkey on sbtest3  (cost=0.43..6.51 rows=104 width=4)
	  Index Cond: ((id >= 1854738) AND (id <= 1854838))

table 4 : explain SELECT id FROM sbtest4 WHERE id BETWEEN 1854738 AND 1854838
	Index Only Scan using sbtest4_pkey on sbtest4  (cost=0.43..6.66 rows=111 width=4)
	  Index Cond: ((id >= 1854738) AND (id <= 1854838))

table 5 : explain SELECT id FROM sbtest5 WHERE id BETWEEN 1854738 AND 1854838
	Index Only Scan using sbtest5_pkey on sbtest5  (cost=0.43..6.40 rows=98 width=4)
	  Index Cond: ((id >= 1854738) AND (id <= 1854838))

table 6 : explain SELECT id FROM sbtest6 WHERE id BETWEEN 1854738 AND 1854838
	Index Only Scan using sbtest6_pkey on sbtest6  (cost=0.43..6.72 rows=114 width=4)
	  Index Cond: ((id >= 1854738) AND (id <= 1854838))

table 7 : explain SELECT id FROM sbtest7 WHERE id BETWEEN 1854738 AND 1854838
	Index Only Scan using sbtest7_pkey on sbtest7  (cost=0.43..6.40 rows=98 width=4)
	  Index Cond: ((id >= 1854738) AND (id <= 1854838))

table 8 : explain SELECT id FROM sbtest8 WHERE id BETWEEN 1854738 AND 1854838
	Index Only Scan using sbtest8_pkey on sbtest8  (cost=0.43..6.40 rows=98 width=4)
	  Index Cond: ((id >= 1854738) AND (id <= 1854838))

explain: for range-covered :: explain SELECT id FROM sbtest%d WHERE id BETWEEN 1854738 AND 1854838
for range-covered
table 1 : explain SELECT id FROM sbtest1 WHERE id BETWEEN 4042358 AND 4042458
	Index Only Scan using sbtest1_pkey on sbtest1  (cost=0.43..6.29 rows=93 width=4)
	  Index Cond: ((id >= 4042358) AND (id <= 4042458))

table 2 : explain SELECT id FROM sbtest2 WHERE id BETWEEN 4042358 AND 4042458
	Index Only Scan using sbtest2_pkey on sbtest2  (cost=0.43..6.53 rows=105 width=4)
	  Index Cond: ((id >= 4042358) AND (id <= 4042458))

table 3 : explain SELECT id FROM sbtest3 WHERE id BETWEEN 4042358 AND 4042458
	Index Only Scan using sbtest3_pkey on sbtest3  (cost=0.43..6.35 rows=96 width=4)
	  Index Cond: ((id >= 4042358) AND (id <= 4042458))

table 4 : explain SELECT id FROM sbtest4 WHERE id BETWEEN 4042358 AND 4042458
	Index Only Scan using sbtest4_pkey on sbtest4  (cost=0.43..6.79 rows=118 width=4)
	  Index Cond: ((id >= 4042358) AND (id <= 4042458))

table 5 : explain SELECT id FROM sbtest5 WHERE id BETWEEN 4042358 AND 4042458
	Index Only Scan using sbtest5_pkey on sbtest5  (cost=0.43..6.50 rows=103 width=4)
	  Index Cond: ((id >= 4042358) AND (id <= 4042458))

table 6 : explain SELECT id FROM sbtest6 WHERE id BETWEEN 4042358 AND 4042458
	Index Only Scan using sbtest6_pkey on sbtest6  (cost=0.43..6.37 rows=97 width=4)
	  Index Cond: ((id >= 4042358) AND (id <= 4042458))

table 7 : explain SELECT id FROM sbtest7 WHERE id BETWEEN 4042358 AND 4042458
	Index Only Scan using sbtest7_pkey on sbtest7  (cost=0.43..6.67 rows=112 width=4)
	  Index Cond: ((id >= 4042358) AND (id <= 4042458))

table 8 : explain SELECT id FROM sbtest8 WHERE id BETWEEN 4042358 AND 4042458
	Index Only Scan using sbtest8_pkey on sbtest8  (cost=0.43..6.63 rows=110 width=4)
	  Index Cond: ((id >= 4042358) AND (id <= 4042458))

for range-covered
table 1 : explain SELECT id FROM sbtest1 WHERE id BETWEEN 5391772 AND 5391872
	Index Only Scan using sbtest1_pkey on sbtest1  (cost=0.43..6.32 rows=94 width=4)
	  Index Cond: ((id >= 5391772) AND (id <= 5391872))

table 2 : explain SELECT id FROM sbtest2 WHERE id BETWEEN 5391772 AND 5391872
	Index Only Scan using sbtest2_pkey on sbtest2  (cost=0.43..6.58 rows=107 width=4)
	  Index Cond: ((id >= 5391772) AND (id <= 5391872))

table 3 : explain SELECT id FROM sbtest3 WHERE id BETWEEN 5391772 AND 5391872
	Index Only Scan using sbtest3_pkey on sbtest3  (cost=0.43..6.40 rows=98 width=4)
	  Index Cond: ((id >= 5391772) AND (id <= 5391872))

table 4 : explain SELECT id FROM sbtest4 WHERE id BETWEEN 5391772 AND 5391872
	Index Only Scan using sbtest4_pkey on sbtest4  (cost=0.43..6.37 rows=97 width=4)
	  Index Cond: ((id >= 5391772) AND (id <= 5391872))

table 5 : explain SELECT id FROM sbtest5 WHERE id BETWEEN 5391772 AND 5391872
	Index Only Scan using sbtest5_pkey on sbtest5  (cost=0.43..6.37 rows=97 width=4)
	  Index Cond: ((id >= 5391772) AND (id <= 5391872))

table 6 : explain SELECT id FROM sbtest6 WHERE id BETWEEN 5391772 AND 5391872
	Index Only Scan using sbtest6_pkey on sbtest6  (cost=0.43..6.40 rows=98 width=4)
	  Index Cond: ((id >= 5391772) AND (id <= 5391872))

table 7 : explain SELECT id FROM sbtest7 WHERE id BETWEEN 5391772 AND 5391872
	Index Only Scan using sbtest7_pkey on sbtest7  (cost=0.43..6.45 rows=101 width=4)
	  Index Cond: ((id >= 5391772) AND (id <= 5391872))

table 8 : explain SELECT id FROM sbtest8 WHERE id BETWEEN 5391772 AND 5391872
	Index Only Scan using sbtest8_pkey on sbtest8  (cost=0.43..6.43 rows=100 width=4)
	  Index Cond: ((id >= 5391772) AND (id <= 5391872))

for range-covered
table 1 : explain SELECT id FROM sbtest1 WHERE id BETWEEN 4187518 AND 4187618
	Index Only Scan using sbtest1_pkey on sbtest1  (cost=0.43..6.45 rows=101 width=4)
	  Index Cond: ((id >= 4187518) AND (id <= 4187618))

table 2 : explain SELECT id FROM sbtest2 WHERE id BETWEEN 4187518 AND 4187618
	Index Only Scan using sbtest2_pkey on sbtest2  (cost=0.43..6.53 rows=105 width=4)
	  Index Cond: ((id >= 4187518) AND (id <= 4187618))

table 3 : explain SELECT id FROM sbtest3 WHERE id BETWEEN 4187518 AND 4187618
	Index Only Scan using sbtest3_pkey on sbtest3  (cost=0.43..6.50 rows=103 width=4)
	  Index Cond: ((id >= 4187518) AND (id <= 4187618))

table 4 : explain SELECT id FROM sbtest4 WHERE id BETWEEN 4187518 AND 4187618
	Index Only Scan using sbtest4_pkey on sbtest4  (cost=0.43..6.40 rows=98 width=4)
	  Index Cond: ((id >= 4187518) AND (id <= 4187618))

table 5 : explain SELECT id FROM sbtest5 WHERE id BETWEEN 4187518 AND 4187618
	Index Only Scan using sbtest5_pkey on sbtest5  (cost=0.43..6.50 rows=103 width=4)
	  Index Cond: ((id >= 4187518) AND (id <= 4187618))

table 6 : explain SELECT id FROM sbtest6 WHERE id BETWEEN 4187518 AND 4187618
	Index Only Scan using sbtest6_pkey on sbtest6  (cost=0.43..6.51 rows=104 width=4)
	  Index Cond: ((id >= 4187518) AND (id <= 4187618))

table 7 : explain SELECT id FROM sbtest7 WHERE id BETWEEN 4187518 AND 4187618
	Index Only Scan using sbtest7_pkey on sbtest7  (cost=0.43..6.37 rows=97 width=4)
	  Index Cond: ((id >= 4187518) AND (id <= 4187618))

table 8 : explain SELECT id FROM sbtest8 WHERE id BETWEEN 4187518 AND 4187618
	Index Only Scan using sbtest8_pkey on sbtest8  (cost=0.43..6.56 rows=106 width=4)
	  Index Cond: ((id >= 4187518) AND (id <= 4187618))

explain: for range-covered :: explain SELECT id FROM sbtest%d WHERE id BETWEEN 5391772 AND 5391872
explain: for range-covered :: explain SELECT id FROM sbtest%d WHERE id BETWEEN 4187518 AND 4187618
for range-covered
table 1 : explain SELECT id FROM sbtest1 WHERE id BETWEEN 5171943 AND 5172043
	Index Only Scan using sbtest1_pkey on sbtest1  (cost=0.43..6.27 rows=92 width=4)
	  Index Cond: ((id >= 5171943) AND (id <= 5172043))

table 2 : explain SELECT id FROM sbtest2 WHERE id BETWEEN 5171943 AND 5172043
	Index Only Scan using sbtest2_pkey on sbtest2  (cost=0.43..6.45 rows=101 width=4)
	  Index Cond: ((id >= 5171943) AND (id <= 5172043))

table 3 : explain SELECT id FROM sbtest3 WHERE id BETWEEN 5171943 AND 5172043
	Index Only Scan using sbtest3_pkey on sbtest3  (cost=0.43..6.59 rows=108 width=4)
	  Index Cond: ((id >= 5171943) AND (id <= 5172043))

table 4 : explain SELECT id FROM sbtest4 WHERE id BETWEEN 5171943 AND 5172043
	Index Only Scan using sbtest4_pkey on sbtest4  (cost=0.43..6.40 rows=98 width=4)
	  Index Cond: ((id >= 5171943) AND (id <= 5172043))

table 5 : explain SELECT id FROM sbtest5 WHERE id BETWEEN 5171943 AND 5172043
	Index Only Scan using sbtest5_pkey on sbtest5  (cost=0.43..6.32 rows=94 width=4)
	  Index Cond: ((id >= 5171943) AND (id <= 5172043))

table 6 : explain SELECT id FROM sbtest6 WHERE id BETWEEN 5171943 AND 5172043
	Index Only Scan using sbtest6_pkey on sbtest6  (cost=0.43..6.51 rows=104 width=4)
	  Index Cond: ((id >= 5171943) AND (id <= 5172043))

table 7 : explain SELECT id FROM sbtest7 WHERE id BETWEEN 5171943 AND 5172043
	Index Only Scan using sbtest7_pkey on sbtest7  (cost=0.43..6.58 rows=107 width=4)
	  Index Cond: ((id >= 5171943) AND (id <= 5172043))

table 8 : explain SELECT id FROM sbtest8 WHERE id BETWEEN 5171943 AND 5172043
	Index Only Scan using sbtest8_pkey on sbtest8  (cost=0.43..6.37 rows=97 width=4)
	  Index Cond: ((id >= 5171943) AND (id <= 5172043))

explain: for range-covered :: explain SELECT id FROM sbtest%d WHERE id BETWEEN 5171943 AND 5172043
for range-covered
table 1 : explain SELECT id FROM sbtest1 WHERE id BETWEEN 5391772 AND 5391872
	Index Only Scan using sbtest1_pkey on sbtest1  (cost=0.43..6.32 rows=94 width=4)
	  Index Cond: ((id >= 5391772) AND (id <= 5391872))

table 2 : explain SELECT id FROM sbtest2 WHERE id BETWEEN 5391772 AND 5391872
	Index Only Scan using sbtest2_pkey on sbtest2  (cost=0.43..6.58 rows=107 width=4)
	  Index Cond: ((id >= 5391772) AND (id <= 5391872))

table 3 : explain SELECT id FROM sbtest3 WHERE id BETWEEN 5391772 AND 5391872
	Index Only Scan using sbtest3_pkey on sbtest3  (cost=0.43..6.40 rows=98 width=4)
	  Index Cond: ((id >= 5391772) AND (id <= 5391872))

table 4 : explain SELECT id FROM sbtest4 WHERE id BETWEEN 5391772 AND 5391872
	Index Only Scan using sbtest4_pkey on sbtest4  (cost=0.43..6.37 rows=97 width=4)
	  Index Cond: ((id >= 5391772) AND (id <= 5391872))

table 5 : explain SELECT id FROM sbtest5 WHERE id BETWEEN 5391772 AND 5391872
	Index Only Scan using sbtest5_pkey on sbtest5  (cost=0.43..6.37 rows=97 width=4)
	  Index Cond: ((id >= 5391772) AND (id <= 5391872))

table 6 : explain SELECT id FROM sbtest6 WHERE id BETWEEN 5391772 AND 5391872
	Index Only Scan using sbtest6_pkey on sbtest6  (cost=0.43..6.40 rows=98 width=4)
	  Index Cond: ((id >= 5391772) AND (id <= 5391872))

table 7 : explain SELECT id FROM sbtest7 WHERE id BETWEEN 5391772 AND 5391872
	Index Only Scan using sbtest7_pkey on sbtest7  (cost=0.43..6.45 rows=101 width=4)
	  Index Cond: ((id >= 5391772) AND (id <= 5391872))

table 8 : explain SELECT id FROM sbtest8 WHERE id BETWEEN 5391772 AND 5391872
	Index Only Scan using sbtest8_pkey on sbtest8  (cost=0.43..6.43 rows=100 width=4)
	  Index Cond: ((id >= 5391772) AND (id <= 5391872))

for range-covered
table 1 : explain SELECT id FROM sbtest1 WHERE id BETWEEN 1854738 AND 1854838
	Index Only Scan using sbtest1_pkey on sbtest1  (cost=0.43..6.66 rows=111 width=4)
	  Index Cond: ((id >= 1854738) AND (id <= 1854838))

table 2 : explain SELECT id FROM sbtest2 WHERE id BETWEEN 1854738 AND 1854838
	Index Only Scan using sbtest2_pkey on sbtest2  (cost=0.43..6.53 rows=105 width=4)
	  Index Cond: ((id >= 1854738) AND (id <= 1854838))

table 3 : explain SELECT id FROM sbtest3 WHERE id BETWEEN 1854738 AND 1854838
	Index Only Scan using sbtest3_pkey on sbtest3  (cost=0.43..6.51 rows=104 width=4)
	  Index Cond: ((id >= 1854738) AND (id <= 1854838))

table 4 : explain SELECT id FROM sbtest4 WHERE id BETWEEN 1854738 AND 1854838
	Index Only Scan using sbtest4_pkey on sbtest4  (cost=0.43..6.66 rows=111 width=4)
	  Index Cond: ((id >= 1854738) AND (id <= 1854838))

table 5 : explain SELECT id FROM sbtest5 WHERE id BETWEEN 1854738 AND 1854838
	Index Only Scan using sbtest5_pkey on sbtest5  (cost=0.43..6.40 rows=98 width=4)
	  Index Cond: ((id >= 1854738) AND (id <= 1854838))

table 6 : explain SELECT id FROM sbtest6 WHERE id BETWEEN 1854738 AND 1854838
	Index Only Scan using sbtest6_pkey on sbtest6  (cost=0.43..6.72 rows=114 width=4)
	  Index Cond: ((id >= 1854738) AND (id <= 1854838))

table 7 : explain SELECT id FROM sbtest7 WHERE id BETWEEN 1854738 AND 1854838
	Index Only Scan using sbtest7_pkey on sbtest7  (cost=0.43..6.40 rows=98 width=4)
	  Index Cond: ((id >= 1854738) AND (id <= 1854838))

table 8 : explain SELECT id FROM sbtest8 WHERE id BETWEEN 1854738 AND 1854838
	Index Only Scan using sbtest8_pkey on sbtest8  (cost=0.43..6.40 rows=98 width=4)
	  Index Cond: ((id >= 1854738) AND (id <= 1854838))

explain: for range-covered :: explain SELECT id FROM sbtest%d WHERE id BETWEEN 1854738 AND 1854838
for range-covered
table 1 : explain SELECT id FROM sbtest1 WHERE id BETWEEN 5171943 AND 5172043
	Index Only Scan using sbtest1_pkey on sbtest1  (cost=0.43..6.27 rows=92 width=4)
	  Index Cond: ((id >= 5171943) AND (id <= 5172043))

table 2 : explain SELECT id FROM sbtest2 WHERE id BETWEEN 5171943 AND 5172043
	Index Only Scan using sbtest2_pkey on sbtest2  (cost=0.43..6.45 rows=101 width=4)
	  Index Cond: ((id >= 5171943) AND (id <= 5172043))

table 3 : explain SELECT id FROM sbtest3 WHERE id BETWEEN 5171943 AND 5172043
	Index Only Scan using sbtest3_pkey on sbtest3  (cost=0.43..6.59 rows=108 width=4)
	  Index Cond: ((id >= 5171943) AND (id <= 5172043))

table 4 : explain SELECT id FROM sbtest4 WHERE id BETWEEN 5171943 AND 5172043
	Index Only Scan using sbtest4_pkey on sbtest4  (cost=0.43..6.40 rows=98 width=4)
	  Index Cond: ((id >= 5171943) AND (id <= 5172043))

table 5 : explain SELECT id FROM sbtest5 WHERE id BETWEEN 5171943 AND 5172043
	Index Only Scan using sbtest5_pkey on sbtest5  (cost=0.43..6.32 rows=94 width=4)
	  Index Cond: ((id >= 5171943) AND (id <= 5172043))

table 6 : explain SELECT id FROM sbtest6 WHERE id BETWEEN 5171943 AND 5172043
	Index Only Scan using sbtest6_pkey on sbtest6  (cost=0.43..6.51 rows=104 width=4)
	  Index Cond: ((id >= 5171943) AND (id <= 5172043))

table 7 : explain SELECT id FROM sbtest7 WHERE id BETWEEN 5171943 AND 5172043
	Index Only Scan using sbtest7_pkey on sbtest7  (cost=0.43..6.58 rows=107 width=4)
	  Index Cond: ((id >= 5171943) AND (id <= 5172043))

table 8 : explain SELECT id FROM sbtest8 WHERE id BETWEEN 5171943 AND 5172043
	Index Only Scan using sbtest8_pkey on sbtest8  (cost=0.43..6.37 rows=97 width=4)
	  Index Cond: ((id >= 5171943) AND (id <= 5172043))

for range-covered
table 1 : explain SELECT id FROM sbtest1 WHERE id BETWEEN 4187518 AND 4187618
	Index Only Scan using sbtest1_pkey on sbtest1  (cost=0.43..6.45 rows=101 width=4)
	  Index Cond: ((id >= 4187518) AND (id <= 4187618))

table 2 : explain SELECT id FROM sbtest2 WHERE id BETWEEN 4187518 AND 4187618
	Index Only Scan using sbtest2_pkey on sbtest2  (cost=0.43..6.53 rows=105 width=4)
	  Index Cond: ((id >= 4187518) AND (id <= 4187618))

table 3 : explain SELECT id FROM sbtest3 WHERE id BETWEEN 4187518 AND 4187618
	Index Only Scan using sbtest3_pkey on sbtest3  (cost=0.43..6.50 rows=103 width=4)
	  Index Cond: ((id >= 4187518) AND (id <= 4187618))

table 4 : explain SELECT id FROM sbtest4 WHERE id BETWEEN 4187518 AND 4187618
	Index Only Scan using sbtest4_pkey on sbtest4  (cost=0.43..6.40 rows=98 width=4)
	  Index Cond: ((id >= 4187518) AND (id <= 4187618))

table 5 : explain SELECT id FROM sbtest5 WHERE id BETWEEN 4187518 AND 4187618
	Index Only Scan using sbtest5_pkey on sbtest5  (cost=0.43..6.50 rows=103 width=4)
	  Index Cond: ((id >= 4187518) AND (id <= 4187618))

table 6 : explain SELECT id FROM sbtest6 WHERE id BETWEEN 4187518 AND 4187618
	Index Only Scan using sbtest6_pkey on sbtest6  (cost=0.43..6.51 rows=104 width=4)
	  Index Cond: ((id >= 4187518) AND (id <= 4187618))

table 7 : explain SELECT id FROM sbtest7 WHERE id BETWEEN 4187518 AND 4187618
	Index Only Scan using sbtest7_pkey on sbtest7  (cost=0.43..6.37 rows=97 width=4)
	  Index Cond: ((id >= 4187518) AND (id <= 4187618))

table 8 : explain SELECT id FROM sbtest8 WHERE id BETWEEN 4187518 AND 4187618
	Index Only Scan using sbtest8_pkey on sbtest8  (cost=0.43..6.56 rows=106 width=4)
	  Index Cond: ((id >= 4187518) AND (id <= 4187618))

explain: for range-covered :: explain SELECT id FROM sbtest%d WHERE id BETWEEN 4187518 AND 4187618
for range-covered
table 1 : explain SELECT id FROM sbtest1 WHERE id BETWEEN 1854738 AND 1854838
	Index Only Scan using sbtest1_pkey on sbtest1  (cost=0.43..6.66 rows=111 width=4)
	  Index Cond: ((id >= 1854738) AND (id <= 1854838))

table 2 : explain SELECT id FROM sbtest2 WHERE id BETWEEN 1854738 AND 1854838
	Index Only Scan using sbtest2_pkey on sbtest2  (cost=0.43..6.53 rows=105 width=4)
	  Index Cond: ((id >= 1854738) AND (id <= 1854838))

table 3 : explain SELECT id FROM sbtest3 WHERE id BETWEEN 1854738 AND 1854838
	Index Only Scan using sbtest3_pkey on sbtest3  (cost=0.43..6.51 rows=104 width=4)
	  Index Cond: ((id >= 1854738) AND (id <= 1854838))

table 4 : explain SELECT id FROM sbtest4 WHERE id BETWEEN 1854738 AND 1854838
	Index Only Scan using sbtest4_pkey on sbtest4  (cost=0.43..6.66 rows=111 width=4)
	  Index Cond: ((id >= 1854738) AND (id <= 1854838))

table 5 : explain SELECT id FROM sbtest5 WHERE id BETWEEN 1854738 AND 1854838
	Index Only Scan using sbtest5_pkey on sbtest5  (cost=0.43..6.40 rows=98 width=4)
	  Index Cond: ((id >= 1854738) AND (id <= 1854838))

table 6 : explain SELECT id FROM sbtest6 WHERE id BETWEEN 1854738 AND 1854838
	Index Only Scan using sbtest6_pkey on sbtest6  (cost=0.43..6.72 rows=114 width=4)
	  Index Cond: ((id >= 1854738) AND (id <= 1854838))

table 7 : explain SELECT id FROM sbtest7 WHERE id BETWEEN 1854738 AND 1854838
	Index Only Scan using sbtest7_pkey on sbtest7  (cost=0.43..6.40 rows=98 width=4)
	  Index Cond: ((id >= 1854738) AND (id <= 1854838))

table 8 : explain SELECT id FROM sbtest8 WHERE id BETWEEN 1854738 AND 1854838
	Index Only Scan using sbtest8_pkey on sbtest8  (cost=0.43..6.40 rows=98 width=4)
	  Index Cond: ((id >= 1854738) AND (id <= 1854838))

explain: for range-covered :: explain SELECT id FROM sbtest%d WHERE id BETWEEN 1854738 AND 1854838
for range-covered
table 1 : explain SELECT id FROM sbtest1 WHERE id BETWEEN 4187518 AND 4187618
	Index Only Scan using sbtest1_pkey on sbtest1  (cost=0.43..6.45 rows=101 width=4)
	  Index Cond: ((id >= 4187518) AND (id <= 4187618))

table 2 : explain SELECT id FROM sbtest2 WHERE id BETWEEN 4187518 AND 4187618
	Index Only Scan using sbtest2_pkey on sbtest2  (cost=0.43..6.53 rows=105 width=4)
	  Index Cond: ((id >= 4187518) AND (id <= 4187618))

table 3 : explain SELECT id FROM sbtest3 WHERE id BETWEEN 4187518 AND 4187618
	Index Only Scan using sbtest3_pkey on sbtest3  (cost=0.43..6.50 rows=103 width=4)
	  Index Cond: ((id >= 4187518) AND (id <= 4187618))

table 4 : explain SELECT id FROM sbtest4 WHERE id BETWEEN 4187518 AND 4187618
	Index Only Scan using sbtest4_pkey on sbtest4  (cost=0.43..6.40 rows=98 width=4)
	  Index Cond: ((id >= 4187518) AND (id <= 4187618))

table 5 : explain SELECT id FROM sbtest5 WHERE id BETWEEN 4187518 AND 4187618
	Index Only Scan using sbtest5_pkey on sbtest5  (cost=0.43..6.50 rows=103 width=4)
	  Index Cond: ((id >= 4187518) AND (id <= 4187618))

table 6 : explain SELECT id FROM sbtest6 WHERE id BETWEEN 4187518 AND 4187618
	Index Only Scan using sbtest6_pkey on sbtest6  (cost=0.43..6.51 rows=104 width=4)
	  Index Cond: ((id >= 4187518) AND (id <= 4187618))

table 7 : explain SELECT id FROM sbtest7 WHERE id BETWEEN 4187518 AND 4187618
	Index Only Scan using sbtest7_pkey on sbtest7  (cost=0.43..6.37 rows=97 width=4)
	  Index Cond: ((id >= 4187518) AND (id <= 4187618))

table 8 : explain SELECT id FROM sbtest8 WHERE id BETWEEN 4187518 AND 4187618
	Index Only Scan using sbtest8_pkey on sbtest8  (cost=0.43..6.56 rows=106 width=4)
	  Index Cond: ((id >= 4187518) AND (id <= 4187618))

explain: for range-covered :: explain SELECT id FROM sbtest%d WHERE id BETWEEN 3129763 AND 3129863
explain: for range-covered :: explain SELECT id FROM sbtest%d WHERE id BETWEEN 4187518 AND 4187618
for range-covered
table 1 : explain SELECT id FROM sbtest1 WHERE id BETWEEN 1854738 AND 1854838
	Index Only Scan using sbtest1_pkey on sbtest1  (cost=0.43..6.66 rows=111 width=4)
	  Index Cond: ((id >= 1854738) AND (id <= 1854838))

table 2 : explain SELECT id FROM sbtest2 WHERE id BETWEEN 1854738 AND 1854838
	Index Only Scan using sbtest2_pkey on sbtest2  (cost=0.43..6.53 rows=105 width=4)
	  Index Cond: ((id >= 1854738) AND (id <= 1854838))

table 3 : explain SELECT id FROM sbtest3 WHERE id BETWEEN 1854738 AND 1854838
	Index Only Scan using sbtest3_pkey on sbtest3  (cost=0.43..6.51 rows=104 width=4)
	  Index Cond: ((id >= 1854738) AND (id <= 1854838))

table 4 : explain SELECT id FROM sbtest4 WHERE id BETWEEN 1854738 AND 1854838
	Index Only Scan using sbtest4_pkey on sbtest4  (cost=0.43..6.66 rows=111 width=4)
	  Index Cond: ((id >= 1854738) AND (id <= 1854838))

table 5 : explain SELECT id FROM sbtest5 WHERE id BETWEEN 1854738 AND 1854838
	Index Only Scan using sbtest5_pkey on sbtest5  (cost=0.43..6.40 rows=98 width=4)
	  Index Cond: ((id >= 1854738) AND (id <= 1854838))

table 6 : explain SELECT id FROM sbtest6 WHERE id BETWEEN 1854738 AND 1854838
	Index Only Scan using sbtest6_pkey on sbtest6  (cost=0.43..6.72 rows=114 width=4)
	  Index Cond: ((id >= 1854738) AND (id <= 1854838))

table 7 : explain SELECT id FROM sbtest7 WHERE id BETWEEN 1854738 AND 1854838
	Index Only Scan using sbtest7_pkey on sbtest7  (cost=0.43..6.40 rows=98 width=4)
	  Index Cond: ((id >= 1854738) AND (id <= 1854838))

table 8 : explain SELECT id FROM sbtest8 WHERE id BETWEEN 1854738 AND 1854838
	Index Only Scan using sbtest8_pkey on sbtest8  (cost=0.43..6.40 rows=98 width=4)
	  Index Cond: ((id >= 1854738) AND (id <= 1854838))

explain: for range-covered :: explain SELECT id FROM sbtest%d WHERE id BETWEEN 7420586 AND 7420686
explain: for range-covered :: explain SELECT id FROM sbtest%d WHERE id BETWEEN 1854738 AND 1854838
for range-covered
table 1 : explain SELECT id FROM sbtest1 WHERE id BETWEEN 4187518 AND 4187618
	Index Only Scan using sbtest1_pkey on sbtest1  (cost=0.43..6.45 rows=101 width=4)
	  Index Cond: ((id >= 4187518) AND (id <= 4187618))

table 2 : explain SELECT id FROM sbtest2 WHERE id BETWEEN 4187518 AND 4187618
	Index Only Scan using sbtest2_pkey on sbtest2  (cost=0.43..6.53 rows=105 width=4)
	  Index Cond: ((id >= 4187518) AND (id <= 4187618))

table 3 : explain SELECT id FROM sbtest3 WHERE id BETWEEN 4187518 AND 4187618
	Index Only Scan using sbtest3_pkey on sbtest3  (cost=0.43..6.50 rows=103 width=4)
	  Index Cond: ((id >= 4187518) AND (id <= 4187618))

table 4 : explain SELECT id FROM sbtest4 WHERE id BETWEEN 4187518 AND 4187618
	Index Only Scan using sbtest4_pkey on sbtest4  (cost=0.43..6.40 rows=98 width=4)
	  Index Cond: ((id >= 4187518) AND (id <= 4187618))

table 5 : explain SELECT id FROM sbtest5 WHERE id BETWEEN 4187518 AND 4187618
	Index Only Scan using sbtest5_pkey on sbtest5  (cost=0.43..6.50 rows=103 width=4)
	  Index Cond: ((id >= 4187518) AND (id <= 4187618))

table 6 : explain SELECT id FROM sbtest6 WHERE id BETWEEN 4187518 AND 4187618
	Index Only Scan using sbtest6_pkey on sbtest6  (cost=0.43..6.51 rows=104 width=4)
	  Index Cond: ((id >= 4187518) AND (id <= 4187618))

table 7 : explain SELECT id FROM sbtest7 WHERE id BETWEEN 4187518 AND 4187618
	Index Only Scan using sbtest7_pkey on sbtest7  (cost=0.43..6.37 rows=97 width=4)
	  Index Cond: ((id >= 4187518) AND (id <= 4187618))

table 8 : explain SELECT id FROM sbtest8 WHERE id BETWEEN 4187518 AND 4187618
	Index Only Scan using sbtest8_pkey on sbtest8  (cost=0.43..6.56 rows=106 width=4)
	  Index Cond: ((id >= 4187518) AND (id <= 4187618))

explain: for range-covered :: explain SELECT id FROM sbtest%d WHERE id BETWEEN 2005226 AND 2005326
explain: for range-covered :: explain SELECT id FROM sbtest%d WHERE id BETWEEN 4187518 AND 4187618
explain: for range-covered :: explain SELECT id FROM sbtest%d WHERE id BETWEEN 2912967 AND 2913067
for range-covered
table 1 : explain SELECT id FROM sbtest1 WHERE id BETWEEN 1854738 AND 1854838
	Index Only Scan using sbtest1_pkey on sbtest1  (cost=0.43..6.66 rows=111 width=4)
	  Index Cond: ((id >= 1854738) AND (id <= 1854838))

table 2 : explain SELECT id FROM sbtest2 WHERE id BETWEEN 1854738 AND 1854838
	Index Only Scan using sbtest2_pkey on sbtest2  (cost=0.43..6.53 rows=105 width=4)
	  Index Cond: ((id >= 1854738) AND (id <= 1854838))

table 3 : explain SELECT id FROM sbtest3 WHERE id BETWEEN 1854738 AND 1854838
	Index Only Scan using sbtest3_pkey on sbtest3  (cost=0.43..6.51 rows=104 width=4)
	  Index Cond: ((id >= 1854738) AND (id <= 1854838))

table 4 : explain SELECT id FROM sbtest4 WHERE id BETWEEN 1854738 AND 1854838
	Index Only Scan using sbtest4_pkey on sbtest4  (cost=0.43..6.66 rows=111 width=4)
	  Index Cond: ((id >= 1854738) AND (id <= 1854838))

table 5 : explain SELECT id FROM sbtest5 WHERE id BETWEEN 1854738 AND 1854838
	Index Only Scan using sbtest5_pkey on sbtest5  (cost=0.43..6.40 rows=98 width=4)
	  Index Cond: ((id >= 1854738) AND (id <= 1854838))

table 6 : explain SELECT id FROM sbtest6 WHERE id BETWEEN 1854738 AND 1854838
	Index Only Scan using sbtest6_pkey on sbtest6  (cost=0.43..6.72 rows=114 width=4)
	  Index Cond: ((id >= 1854738) AND (id <= 1854838))

table 7 : explain SELECT id FROM sbtest7 WHERE id BETWEEN 1854738 AND 1854838
	Index Only Scan using sbtest7_pkey on sbtest7  (cost=0.43..6.40 rows=98 width=4)
	  Index Cond: ((id >= 1854738) AND (id <= 1854838))

table 8 : explain SELECT id FROM sbtest8 WHERE id BETWEEN 1854738 AND 1854838
	Index Only Scan using sbtest8_pkey on sbtest8  (cost=0.43..6.40 rows=98 width=4)
	  Index Cond: ((id >= 1854738) AND (id <= 1854838))

for range-covered
table 1 : explain SELECT id FROM sbtest1 WHERE id BETWEEN 3129763 AND 3129863
	Index Only Scan using sbtest1_pkey on sbtest1  (cost=0.43..6.47 rows=102 width=4)
	  Index Cond: ((id >= 3129763) AND (id <= 3129863))

table 2 : explain SELECT id FROM sbtest2 WHERE id BETWEEN 3129763 AND 3129863
	Index Only Scan using sbtest2_pkey on sbtest2  (cost=0.43..6.50 rows=103 width=4)
	  Index Cond: ((id >= 3129763) AND (id <= 3129863))

table 3 : explain SELECT id FROM sbtest3 WHERE id BETWEEN 3129763 AND 3129863
	Index Only Scan using sbtest3_pkey on sbtest3  (cost=0.43..6.32 rows=94 width=4)
	  Index Cond: ((id >= 3129763) AND (id <= 3129863))

table 4 : explain SELECT id FROM sbtest4 WHERE id BETWEEN 3129763 AND 3129863
	Index Only Scan using sbtest4_pkey on sbtest4  (cost=0.43..6.50 rows=103 width=4)
	  Index Cond: ((id >= 3129763) AND (id <= 3129863))

table 5 : explain SELECT id FROM sbtest5 WHERE id BETWEEN 3129763 AND 3129863
	Index Only Scan using sbtest5_pkey on sbtest5  (cost=0.43..6.66 rows=111 width=4)
	  Index Cond: ((id >= 3129763) AND (id <= 3129863))

table 6 : explain SELECT id FROM sbtest6 WHERE id BETWEEN 3129763 AND 3129863
	Index Only Scan using sbtest6_pkey on sbtest6  (cost=0.43..6.53 rows=105 width=4)
	  Index Cond: ((id >= 3129763) AND (id <= 3129863))

table 7 : explain SELECT id FROM sbtest7 WHERE id BETWEEN 3129763 AND 3129863
	Index Only Scan using sbtest7_pkey on sbtest7  (cost=0.43..6.47 rows=102 width=4)
	  Index Cond: ((id >= 3129763) AND (id <= 3129863))

table 8 : explain SELECT id FROM sbtest8 WHERE id BETWEEN 3129763 AND 3129863
	Index Only Scan using sbtest8_pkey on sbtest8  (cost=0.43..6.45 rows=101 width=4)
	  Index Cond: ((id >= 3129763) AND (id <= 3129863))

explain: for range-covered :: explain SELECT id FROM sbtest%d WHERE id BETWEEN 3129763 AND 3129863
explain: for range-covered :: explain SELECT id FROM sbtest%d WHERE id BETWEEN 1854738 AND 1854838
for range-covered
table 1 : explain SELECT id FROM sbtest1 WHERE id BETWEEN 4187518 AND 4187618
	Index Only Scan using sbtest1_pkey on sbtest1  (cost=0.43..6.45 rows=101 width=4)
	  Index Cond: ((id >= 4187518) AND (id <= 4187618))

table 2 : explain SELECT id FROM sbtest2 WHERE id BETWEEN 4187518 AND 4187618
	Index Only Scan using sbtest2_pkey on sbtest2  (cost=0.43..6.53 rows=105 width=4)
	  Index Cond: ((id >= 4187518) AND (id <= 4187618))

table 3 : explain SELECT id FROM sbtest3 WHERE id BETWEEN 4187518 AND 4187618
	Index Only Scan using sbtest3_pkey on sbtest3  (cost=0.43..6.50 rows=103 width=4)
	  Index Cond: ((id >= 4187518) AND (id <= 4187618))

table 4 : explain SELECT id FROM sbtest4 WHERE id BETWEEN 4187518 AND 4187618
	Index Only Scan using sbtest4_pkey on sbtest4  (cost=0.43..6.40 rows=98 width=4)
	  Index Cond: ((id >= 4187518) AND (id <= 4187618))

table 5 : explain SELECT id FROM sbtest5 WHERE id BETWEEN 4187518 AND 4187618
	Index Only Scan using sbtest5_pkey on sbtest5  (cost=0.43..6.50 rows=103 width=4)
	  Index Cond: ((id >= 4187518) AND (id <= 4187618))

table 6 : explain SELECT id FROM sbtest6 WHERE id BETWEEN 4187518 AND 4187618
	Index Only Scan using sbtest6_pkey on sbtest6  (cost=0.43..6.51 rows=104 width=4)
	  Index Cond: ((id >= 4187518) AND (id <= 4187618))

table 7 : explain SELECT id FROM sbtest7 WHERE id BETWEEN 4187518 AND 4187618
	Index Only Scan using sbtest7_pkey on sbtest7  (cost=0.43..6.37 rows=97 width=4)
	  Index Cond: ((id >= 4187518) AND (id <= 4187618))

table 8 : explain SELECT id FROM sbtest8 WHERE id BETWEEN 4187518 AND 4187618
	Index Only Scan using sbtest8_pkey on sbtest8  (cost=0.43..6.56 rows=106 width=4)
	  Index Cond: ((id >= 4187518) AND (id <= 4187618))

explain: for range-covered :: explain SELECT id FROM sbtest%d WHERE id BETWEEN 4214381 AND 4214481
explain: for range-covered :: explain SELECT id FROM sbtest%d WHERE id BETWEEN 4187518 AND 4187618
for range-covered
table 1 : explain SELECT id FROM sbtest1 WHERE id BETWEEN 3129763 AND 3129863
	Index Only Scan using sbtest1_pkey on sbtest1  (cost=0.43..6.47 rows=102 width=4)
	  Index Cond: ((id >= 3129763) AND (id <= 3129863))

table 2 : explain SELECT id FROM sbtest2 WHERE id BETWEEN 3129763 AND 3129863
	Index Only Scan using sbtest2_pkey on sbtest2  (cost=0.43..6.50 rows=103 width=4)
	  Index Cond: ((id >= 3129763) AND (id <= 3129863))

table 3 : explain SELECT id FROM sbtest3 WHERE id BETWEEN 3129763 AND 3129863
	Index Only Scan using sbtest3_pkey on sbtest3  (cost=0.43..6.32 rows=94 width=4)
	  Index Cond: ((id >= 3129763) AND (id <= 3129863))

table 4 : explain SELECT id FROM sbtest4 WHERE id BETWEEN 3129763 AND 3129863
	Index Only Scan using sbtest4_pkey on sbtest4  (cost=0.43..6.50 rows=103 width=4)
	  Index Cond: ((id >= 3129763) AND (id <= 3129863))

table 5 : explain SELECT id FROM sbtest5 WHERE id BETWEEN 3129763 AND 3129863
	Index Only Scan using sbtest5_pkey on sbtest5  (cost=0.43..6.66 rows=111 width=4)
	  Index Cond: ((id >= 3129763) AND (id <= 3129863))

table 6 : explain SELECT id FROM sbtest6 WHERE id BETWEEN 3129763 AND 3129863
	Index Only Scan using sbtest6_pkey on sbtest6  (cost=0.43..6.53 rows=105 width=4)
	  Index Cond: ((id >= 3129763) AND (id <= 3129863))

table 7 : explain SELECT id FROM sbtest7 WHERE id BETWEEN 3129763 AND 3129863
	Index Only Scan using sbtest7_pkey on sbtest7  (cost=0.43..6.47 rows=102 width=4)
	  Index Cond: ((id >= 3129763) AND (id <= 3129863))

table 8 : explain SELECT id FROM sbtest8 WHERE id BETWEEN 3129763 AND 3129863
	Index Only Scan using sbtest8_pkey on sbtest8  (cost=0.43..6.45 rows=101 width=4)
	  Index Cond: ((id >= 3129763) AND (id <= 3129863))

explain: for range-covered :: explain SELECT id FROM sbtest%d WHERE id BETWEEN 3129763 AND 3129863
for range-covered
table 1 : explain SELECT id FROM sbtest1 WHERE id BETWEEN 7420586 AND 7420686
	Index Only Scan using sbtest1_pkey on sbtest1  (cost=0.43..6.50 rows=103 width=4)
	  Index Cond: ((id >= 7420586) AND (id <= 7420686))

table 2 : explain SELECT id FROM sbtest2 WHERE id BETWEEN 7420586 AND 7420686
	Index Only Scan using sbtest2_pkey on sbtest2  (cost=0.43..6.29 rows=93 width=4)
	  Index Cond: ((id >= 7420586) AND (id <= 7420686))

table 3 : explain SELECT id FROM sbtest3 WHERE id BETWEEN 7420586 AND 7420686
	Index Only Scan using sbtest3_pkey on sbtest3  (cost=0.43..6.45 rows=101 width=4)
	  Index Cond: ((id >= 7420586) AND (id <= 7420686))

table 4 : explain SELECT id FROM sbtest4 WHERE id BETWEEN 7420586 AND 7420686
	Index Only Scan using sbtest4_pkey on sbtest4  (cost=0.43..6.37 rows=97 width=4)
	  Index Cond: ((id >= 7420586) AND (id <= 7420686))

table 5 : explain SELECT id FROM sbtest5 WHERE id BETWEEN 7420586 AND 7420686
	Index Only Scan using sbtest5_pkey on sbtest5  (cost=0.43..6.33 rows=95 width=4)
	  Index Cond: ((id >= 7420586) AND (id <= 7420686))

table 6 : explain SELECT id FROM sbtest6 WHERE id BETWEEN 7420586 AND 7420686
	Index Only Scan using sbtest6_pkey on sbtest6  (cost=0.43..6.63 rows=110 width=4)
	  Index Cond: ((id >= 7420586) AND (id <= 7420686))

table 7 : explain SELECT id FROM sbtest7 WHERE id BETWEEN 7420586 AND 7420686
	Index Only Scan using sbtest7_pkey on sbtest7  (cost=0.43..6.53 rows=105 width=4)
	  Index Cond: ((id >= 7420586) AND (id <= 7420686))

table 8 : explain SELECT id FROM sbtest8 WHERE id BETWEEN 7420586 AND 7420686
	Index Only Scan using sbtest8_pkey on sbtest8  (cost=0.43..6.47 rows=102 width=4)
	  Index Cond: ((id >= 7420586) AND (id <= 7420686))

explain: for range-covered :: explain SELECT id FROM sbtest%d WHERE id BETWEEN 5318523 AND 5318623
explain: for range-covered :: explain SELECT id FROM sbtest%d WHERE id BETWEEN 7420586 AND 7420686
for range-covered
table 1 : explain SELECT id FROM sbtest1 WHERE id BETWEEN 1854738 AND 1854838
	Index Only Scan using sbtest1_pkey on sbtest1  (cost=0.43..6.66 rows=111 width=4)
	  Index Cond: ((id >= 1854738) AND (id <= 1854838))

table 2 : explain SELECT id FROM sbtest2 WHERE id BETWEEN 1854738 AND 1854838
	Index Only Scan using sbtest2_pkey on sbtest2  (cost=0.43..6.53 rows=105 width=4)
	  Index Cond: ((id >= 1854738) AND (id <= 1854838))

table 3 : explain SELECT id FROM sbtest3 WHERE id BETWEEN 1854738 AND 1854838
	Index Only Scan using sbtest3_pkey on sbtest3  (cost=0.43..6.51 rows=104 width=4)
	  Index Cond: ((id >= 1854738) AND (id <= 1854838))

table 4 : explain SELECT id FROM sbtest4 WHERE id BETWEEN 1854738 AND 1854838
	Index Only Scan using sbtest4_pkey on sbtest4  (cost=0.43..6.66 rows=111 width=4)
	  Index Cond: ((id >= 1854738) AND (id <= 1854838))

table 5 : explain SELECT id FROM sbtest5 WHERE id BETWEEN 1854738 AND 1854838
	Index Only Scan using sbtest5_pkey on sbtest5  (cost=0.43..6.40 rows=98 width=4)
	  Index Cond: ((id >= 1854738) AND (id <= 1854838))

table 6 : explain SELECT id FROM sbtest6 WHERE id BETWEEN 1854738 AND 1854838
	Index Only Scan using sbtest6_pkey on sbtest6  (cost=0.43..6.72 rows=114 width=4)
	  Index Cond: ((id >= 1854738) AND (id <= 1854838))

table 7 : explain SELECT id FROM sbtest7 WHERE id BETWEEN 1854738 AND 1854838
	Index Only Scan using sbtest7_pkey on sbtest7  (cost=0.43..6.40 rows=98 width=4)
	  Index Cond: ((id >= 1854738) AND (id <= 1854838))

table 8 : explain SELECT id FROM sbtest8 WHERE id BETWEEN 1854738 AND 1854838
	Index Only Scan using sbtest8_pkey on sbtest8  (cost=0.43..6.40 rows=98 width=4)
	  Index Cond: ((id >= 1854738) AND (id <= 1854838))

for range-covered
table 1 : explain SELECT id FROM sbtest1 WHERE id BETWEEN 3129763 AND 3129863
	Index Only Scan using sbtest1_pkey on sbtest1  (cost=0.43..6.47 rows=102 width=4)
	  Index Cond: ((id >= 3129763) AND (id <= 3129863))

table 2 : explain SELECT id FROM sbtest2 WHERE id BETWEEN 3129763 AND 3129863
	Index Only Scan using sbtest2_pkey on sbtest2  (cost=0.43..6.50 rows=103 width=4)
	  Index Cond: ((id >= 3129763) AND (id <= 3129863))

table 3 : explain SELECT id FROM sbtest3 WHERE id BETWEEN 3129763 AND 3129863
	Index Only Scan using sbtest3_pkey on sbtest3  (cost=0.43..6.32 rows=94 width=4)
	  Index Cond: ((id >= 3129763) AND (id <= 3129863))

table 4 : explain SELECT id FROM sbtest4 WHERE id BETWEEN 3129763 AND 3129863
	Index Only Scan using sbtest4_pkey on sbtest4  (cost=0.43..6.50 rows=103 width=4)
	  Index Cond: ((id >= 3129763) AND (id <= 3129863))

table 5 : explain SELECT id FROM sbtest5 WHERE id BETWEEN 3129763 AND 3129863
	Index Only Scan using sbtest5_pkey on sbtest5  (cost=0.43..6.66 rows=111 width=4)
	  Index Cond: ((id >= 3129763) AND (id <= 3129863))

table 6 : explain SELECT id FROM sbtest6 WHERE id BETWEEN 3129763 AND 3129863
	Index Only Scan using sbtest6_pkey on sbtest6  (cost=0.43..6.53 rows=105 width=4)
	  Index Cond: ((id >= 3129763) AND (id <= 3129863))

table 7 : explain SELECT id FROM sbtest7 WHERE id BETWEEN 3129763 AND 3129863
	Index Only Scan using sbtest7_pkey on sbtest7  (cost=0.43..6.47 rows=102 width=4)
	  Index Cond: ((id >= 3129763) AND (id <= 3129863))

table 8 : explain SELECT id FROM sbtest8 WHERE id BETWEEN 3129763 AND 3129863
	Index Only Scan using sbtest8_pkey on sbtest8  (cost=0.43..6.45 rows=101 width=4)
	  Index Cond: ((id >= 3129763) AND (id <= 3129863))

explain: for range-covered :: explain SELECT id FROM sbtest%d WHERE id BETWEEN 1854738 AND 1854838
explain: for range-covered :: explain SELECT id FROM sbtest%d WHERE id BETWEEN 3129763 AND 3129863
for range-covered
table 1 : explain SELECT id FROM sbtest1 WHERE id BETWEEN 4187518 AND 4187618
	Index Only Scan using sbtest1_pkey on sbtest1  (cost=0.43..6.45 rows=101 width=4)
	  Index Cond: ((id >= 4187518) AND (id <= 4187618))

table 2 : explain SELECT id FROM sbtest2 WHERE id BETWEEN 4187518 AND 4187618
	Index Only Scan using sbtest2_pkey on sbtest2  (cost=0.43..6.53 rows=105 width=4)
	  Index Cond: ((id >= 4187518) AND (id <= 4187618))

table 3 : explain SELECT id FROM sbtest3 WHERE id BETWEEN 4187518 AND 4187618
	Index Only Scan using sbtest3_pkey on sbtest3  (cost=0.43..6.50 rows=103 width=4)
	  Index Cond: ((id >= 4187518) AND (id <= 4187618))

table 4 : explain SELECT id FROM sbtest4 WHERE id BETWEEN 4187518 AND 4187618
	Index Only Scan using sbtest4_pkey on sbtest4  (cost=0.43..6.40 rows=98 width=4)
	  Index Cond: ((id >= 4187518) AND (id <= 4187618))

table 5 : explain SELECT id FROM sbtest5 WHERE id BETWEEN 4187518 AND 4187618
	Index Only Scan using sbtest5_pkey on sbtest5  (cost=0.43..6.50 rows=103 width=4)
	  Index Cond: ((id >= 4187518) AND (id <= 4187618))

table 6 : explain SELECT id FROM sbtest6 WHERE id BETWEEN 4187518 AND 4187618
	Index Only Scan using sbtest6_pkey on sbtest6  (cost=0.43..6.51 rows=104 width=4)
	  Index Cond: ((id >= 4187518) AND (id <= 4187618))

table 7 : explain SELECT id FROM sbtest7 WHERE id BETWEEN 4187518 AND 4187618
	Index Only Scan using sbtest7_pkey on sbtest7  (cost=0.43..6.37 rows=97 width=4)
	  Index Cond: ((id >= 4187518) AND (id <= 4187618))

table 8 : explain SELECT id FROM sbtest8 WHERE id BETWEEN 4187518 AND 4187618
	Index Only Scan using sbtest8_pkey on sbtest8  (cost=0.43..6.56 rows=106 width=4)
	  Index Cond: ((id >= 4187518) AND (id <= 4187618))

for range-covered
table 1 : explain SELECT id FROM sbtest1 WHERE id BETWEEN 7420586 AND 7420686
	Index Only Scan using sbtest1_pkey on sbtest1  (cost=0.43..6.50 rows=103 width=4)
	  Index Cond: ((id >= 7420586) AND (id <= 7420686))

table 2 : explain SELECT id FROM sbtest2 WHERE id BETWEEN 7420586 AND 7420686
	Index Only Scan using sbtest2_pkey on sbtest2  (cost=0.43..6.29 rows=93 width=4)
	  Index Cond: ((id >= 7420586) AND (id <= 7420686))

table 3 : explain SELECT id FROM sbtest3 WHERE id BETWEEN 7420586 AND 7420686
	Index Only Scan using sbtest3_pkey on sbtest3  (cost=0.43..6.45 rows=101 width=4)
	  Index Cond: ((id >= 7420586) AND (id <= 7420686))

table 4 : explain SELECT id FROM sbtest4 WHERE id BETWEEN 7420586 AND 7420686
	Index Only Scan using sbtest4_pkey on sbtest4  (cost=0.43..6.37 rows=97 width=4)
	  Index Cond: ((id >= 7420586) AND (id <= 7420686))

table 5 : explain SELECT id FROM sbtest5 WHERE id BETWEEN 7420586 AND 7420686
	Index Only Scan using sbtest5_pkey on sbtest5  (cost=0.43..6.33 rows=95 width=4)
	  Index Cond: ((id >= 7420586) AND (id <= 7420686))

table 6 : explain SELECT id FROM sbtest6 WHERE id BETWEEN 7420586 AND 7420686
	Index Only Scan using sbtest6_pkey on sbtest6  (cost=0.43..6.63 rows=110 width=4)
	  Index Cond: ((id >= 7420586) AND (id <= 7420686))

table 7 : explain SELECT id FROM sbtest7 WHERE id BETWEEN 7420586 AND 7420686
	Index Only Scan using sbtest7_pkey on sbtest7  (cost=0.43..6.53 rows=105 width=4)
	  Index Cond: ((id >= 7420586) AND (id <= 7420686))

table 8 : explain SELECT id FROM sbtest8 WHERE id BETWEEN 7420586 AND 7420686
	Index Only Scan using sbtest8_pkey on sbtest8  (cost=0.43..6.47 rows=102 width=4)
	  Index Cond: ((id >= 7420586) AND (id <= 7420686))

explain: for range-covered :: explain SELECT id FROM sbtest%d WHERE id BETWEEN 7420586 AND 7420686
for range-covered
table 1 : explain SELECT id FROM sbtest1 WHERE id BETWEEN 3129763 AND 3129863
	Index Only Scan using sbtest1_pkey on sbtest1  (cost=0.43..6.47 rows=102 width=4)
	  Index Cond: ((id >= 3129763) AND (id <= 3129863))

table 2 : explain SELECT id FROM sbtest2 WHERE id BETWEEN 3129763 AND 3129863
	Index Only Scan using sbtest2_pkey on sbtest2  (cost=0.43..6.50 rows=103 width=4)
	  Index Cond: ((id >= 3129763) AND (id <= 3129863))

table 3 : explain SELECT id FROM sbtest3 WHERE id BETWEEN 3129763 AND 3129863
	Index Only Scan using sbtest3_pkey on sbtest3  (cost=0.43..6.32 rows=94 width=4)
	  Index Cond: ((id >= 3129763) AND (id <= 3129863))

table 4 : explain SELECT id FROM sbtest4 WHERE id BETWEEN 3129763 AND 3129863
	Index Only Scan using sbtest4_pkey on sbtest4  (cost=0.43..6.50 rows=103 width=4)
	  Index Cond: ((id >= 3129763) AND (id <= 3129863))

table 5 : explain SELECT id FROM sbtest5 WHERE id BETWEEN 3129763 AND 3129863
	Index Only Scan using sbtest5_pkey on sbtest5  (cost=0.43..6.66 rows=111 width=4)
	  Index Cond: ((id >= 3129763) AND (id <= 3129863))

table 6 : explain SELECT id FROM sbtest6 WHERE id BETWEEN 3129763 AND 3129863
	Index Only Scan using sbtest6_pkey on sbtest6  (cost=0.43..6.53 rows=105 width=4)
	  Index Cond: ((id >= 3129763) AND (id <= 3129863))

table 7 : explain SELECT id FROM sbtest7 WHERE id BETWEEN 3129763 AND 3129863
	Index Only Scan using sbtest7_pkey on sbtest7  (cost=0.43..6.47 rows=102 width=4)
	  Index Cond: ((id >= 3129763) AND (id <= 3129863))

table 8 : explain SELECT id FROM sbtest8 WHERE id BETWEEN 3129763 AND 3129863
	Index Only Scan using sbtest8_pkey on sbtest8  (cost=0.43..6.45 rows=101 width=4)
	  Index Cond: ((id >= 3129763) AND (id <= 3129863))

explain: for range-covered :: explain SELECT id FROM sbtest%d WHERE id BETWEEN 3129763 AND 3129863
for range-covered
table 1 : explain SELECT id FROM sbtest1 WHERE id BETWEEN 1854738 AND 1854838
	Index Only Scan using sbtest1_pkey on sbtest1  (cost=0.43..6.66 rows=111 width=4)
	  Index Cond: ((id >= 1854738) AND (id <= 1854838))

table 2 : explain SELECT id FROM sbtest2 WHERE id BETWEEN 1854738 AND 1854838
	Index Only Scan using sbtest2_pkey on sbtest2  (cost=0.43..6.53 rows=105 width=4)
	  Index Cond: ((id >= 1854738) AND (id <= 1854838))

table 3 : explain SELECT id FROM sbtest3 WHERE id BETWEEN 1854738 AND 1854838
	Index Only Scan using sbtest3_pkey on sbtest3  (cost=0.43..6.51 rows=104 width=4)
	  Index Cond: ((id >= 1854738) AND (id <= 1854838))

table 4 : explain SELECT id FROM sbtest4 WHERE id BETWEEN 1854738 AND 1854838
	Index Only Scan using sbtest4_pkey on sbtest4  (cost=0.43..6.66 rows=111 width=4)
	  Index Cond: ((id >= 1854738) AND (id <= 1854838))

table 5 : explain SELECT id FROM sbtest5 WHERE id BETWEEN 1854738 AND 1854838
	Index Only Scan using sbtest5_pkey on sbtest5  (cost=0.43..6.40 rows=98 width=4)
	  Index Cond: ((id >= 1854738) AND (id <= 1854838))

table 6 : explain SELECT id FROM sbtest6 WHERE id BETWEEN 1854738 AND 1854838
	Index Only Scan using sbtest6_pkey on sbtest6  (cost=0.43..6.72 rows=114 width=4)
	  Index Cond: ((id >= 1854738) AND (id <= 1854838))

table 7 : explain SELECT id FROM sbtest7 WHERE id BETWEEN 1854738 AND 1854838
	Index Only Scan using sbtest7_pkey on sbtest7  (cost=0.43..6.40 rows=98 width=4)
	  Index Cond: ((id >= 1854738) AND (id <= 1854838))

table 8 : explain SELECT id FROM sbtest8 WHERE id BETWEEN 1854738 AND 1854838
	Index Only Scan using sbtest8_pkey on sbtest8  (cost=0.43..6.40 rows=98 width=4)
	  Index Cond: ((id >= 1854738) AND (id <= 1854838))

for range-covered
table 1 : explain SELECT id FROM sbtest1 WHERE id BETWEEN 7420586 AND 7420686
	Index Only Scan using sbtest1_pkey on sbtest1  (cost=0.43..6.50 rows=103 width=4)
	  Index Cond: ((id >= 7420586) AND (id <= 7420686))

table 2 : explain SELECT id FROM sbtest2 WHERE id BETWEEN 7420586 AND 7420686
	Index Only Scan using sbtest2_pkey on sbtest2  (cost=0.43..6.29 rows=93 width=4)
	  Index Cond: ((id >= 7420586) AND (id <= 7420686))

table 3 : explain SELECT id FROM sbtest3 WHERE id BETWEEN 7420586 AND 7420686
	Index Only Scan using sbtest3_pkey on sbtest3  (cost=0.43..6.45 rows=101 width=4)
	  Index Cond: ((id >= 7420586) AND (id <= 7420686))

table 4 : explain SELECT id FROM sbtest4 WHERE id BETWEEN 7420586 AND 7420686
	Index Only Scan using sbtest4_pkey on sbtest4  (cost=0.43..6.37 rows=97 width=4)
	  Index Cond: ((id >= 7420586) AND (id <= 7420686))

table 5 : explain SELECT id FROM sbtest5 WHERE id BETWEEN 7420586 AND 7420686
	Index Only Scan using sbtest5_pkey on sbtest5  (cost=0.43..6.33 rows=95 width=4)
	  Index Cond: ((id >= 7420586) AND (id <= 7420686))

table 6 : explain SELECT id FROM sbtest6 WHERE id BETWEEN 7420586 AND 7420686
	Index Only Scan using sbtest6_pkey on sbtest6  (cost=0.43..6.63 rows=110 width=4)
	  Index Cond: ((id >= 7420586) AND (id <= 7420686))

table 7 : explain SELECT id FROM sbtest7 WHERE id BETWEEN 7420586 AND 7420686
	Index Only Scan using sbtest7_pkey on sbtest7  (cost=0.43..6.53 rows=105 width=4)
	  Index Cond: ((id >= 7420586) AND (id <= 7420686))

table 8 : explain SELECT id FROM sbtest8 WHERE id BETWEEN 7420586 AND 7420686
	Index Only Scan using sbtest8_pkey on sbtest8  (cost=0.43..6.47 rows=102 width=4)
	  Index Cond: ((id >= 7420586) AND (id <= 7420686))

explain: for range-covered :: explain SELECT id FROM sbtest%d WHERE id BETWEEN 1854738 AND 1854838
explain: for range-covered :: explain SELECT id FROM sbtest%d WHERE id BETWEEN 7420586 AND 7420686
for range-covered
table 1 : explain SELECT id FROM sbtest1 WHERE id BETWEEN 2005226 AND 2005326
	Index Only Scan using sbtest1_pkey on sbtest1  (cost=0.43..6.37 rows=97 width=4)
	  Index Cond: ((id >= 2005226) AND (id <= 2005326))

table 2 : explain SELECT id FROM sbtest2 WHERE id BETWEEN 2005226 AND 2005326
	Index Only Scan using sbtest2_pkey on sbtest2  (cost=0.43..6.43 rows=100 width=4)
	  Index Cond: ((id >= 2005226) AND (id <= 2005326))

table 3 : explain SELECT id FROM sbtest3 WHERE id BETWEEN 2005226 AND 2005326
	Index Only Scan using sbtest3_pkey on sbtest3  (cost=0.43..6.43 rows=100 width=4)
	  Index Cond: ((id >= 2005226) AND (id <= 2005326))

table 4 : explain SELECT id FROM sbtest4 WHERE id BETWEEN 2005226 AND 2005326
	Index Only Scan using sbtest4_pkey on sbtest4  (cost=0.43..6.43 rows=100 width=4)
	  Index Cond: ((id >= 2005226) AND (id <= 2005326))

table 5 : explain SELECT id FROM sbtest5 WHERE id BETWEEN 2005226 AND 2005326
	Index Only Scan using sbtest5_pkey on sbtest5  (cost=0.43..6.61 rows=109 width=4)
	  Index Cond: ((id >= 2005226) AND (id <= 2005326))

table 6 : explain SELECT id FROM sbtest6 WHERE id BETWEEN 2005226 AND 2005326
	Index Only Scan using sbtest6_pkey on sbtest6  (cost=0.43..6.35 rows=96 width=4)
	  Index Cond: ((id >= 2005226) AND (id <= 2005326))

table 7 : explain SELECT id FROM sbtest7 WHERE id BETWEEN 2005226 AND 2005326
	Index Only Scan using sbtest7_pkey on sbtest7  (cost=0.43..6.32 rows=94 width=4)
	  Index Cond: ((id >= 2005226) AND (id <= 2005326))

table 8 : explain SELECT id FROM sbtest8 WHERE id BETWEEN 2005226 AND 2005326
	Index Only Scan using sbtest8_pkey on sbtest8  (cost=0.43..6.72 rows=114 width=4)
	  Index Cond: ((id >= 2005226) AND (id <= 2005326))

for range-covered
table 1 : explain SELECT id FROM sbtest1 WHERE id BETWEEN 3129763 AND 3129863
	Index Only Scan using sbtest1_pkey on sbtest1  (cost=0.43..6.47 rows=102 width=4)
	  Index Cond: ((id >= 3129763) AND (id <= 3129863))

table 2 : explain SELECT id FROM sbtest2 WHERE id BETWEEN 3129763 AND 3129863
	Index Only Scan using sbtest2_pkey on sbtest2  (cost=0.43..6.50 rows=103 width=4)
	  Index Cond: ((id >= 3129763) AND (id <= 3129863))

table 3 : explain SELECT id FROM sbtest3 WHERE id BETWEEN 3129763 AND 3129863
	Index Only Scan using sbtest3_pkey on sbtest3  (cost=0.43..6.32 rows=94 width=4)
	  Index Cond: ((id >= 3129763) AND (id <= 3129863))

table 4 : explain SELECT id FROM sbtest4 WHERE id BETWEEN 3129763 AND 3129863
	Index Only Scan using sbtest4_pkey on sbtest4  (cost=0.43..6.50 rows=103 width=4)
	  Index Cond: ((id >= 3129763) AND (id <= 3129863))

table 5 : explain SELECT id FROM sbtest5 WHERE id BETWEEN 3129763 AND 3129863
	Index Only Scan using sbtest5_pkey on sbtest5  (cost=0.43..6.66 rows=111 width=4)
	  Index Cond: ((id >= 3129763) AND (id <= 3129863))

table 6 : explain SELECT id FROM sbtest6 WHERE id BETWEEN 3129763 AND 3129863
	Index Only Scan using sbtest6_pkey on sbtest6  (cost=0.43..6.53 rows=105 width=4)
	  Index Cond: ((id >= 3129763) AND (id <= 3129863))

table 7 : explain SELECT id FROM sbtest7 WHERE id BETWEEN 3129763 AND 3129863
	Index Only Scan using sbtest7_pkey on sbtest7  (cost=0.43..6.47 rows=102 width=4)
	  Index Cond: ((id >= 3129763) AND (id <= 3129863))

table 8 : explain SELECT id FROM sbtest8 WHERE id BETWEEN 3129763 AND 3129863
	Index Only Scan using sbtest8_pkey on sbtest8  (cost=0.43..6.45 rows=101 width=4)
	  Index Cond: ((id >= 3129763) AND (id <= 3129863))

explain: for range-covered :: explain SELECT id FROM sbtest%d WHERE id BETWEEN 2005226 AND 2005326
explain: for range-covered :: explain SELECT id FROM sbtest%d WHERE id BETWEEN 3129763 AND 3129863
for range-covered
table 1 : explain SELECT id FROM sbtest1 WHERE id BETWEEN 7420586 AND 7420686
	Index Only Scan using sbtest1_pkey on sbtest1  (cost=0.43..6.50 rows=103 width=4)
	  Index Cond: ((id >= 7420586) AND (id <= 7420686))

table 2 : explain SELECT id FROM sbtest2 WHERE id BETWEEN 7420586 AND 7420686
	Index Only Scan using sbtest2_pkey on sbtest2  (cost=0.43..6.29 rows=93 width=4)
	  Index Cond: ((id >= 7420586) AND (id <= 7420686))

table 3 : explain SELECT id FROM sbtest3 WHERE id BETWEEN 7420586 AND 7420686
	Index Only Scan using sbtest3_pkey on sbtest3  (cost=0.43..6.45 rows=101 width=4)
	  Index Cond: ((id >= 7420586) AND (id <= 7420686))

table 4 : explain SELECT id FROM sbtest4 WHERE id BETWEEN 7420586 AND 7420686
	Index Only Scan using sbtest4_pkey on sbtest4  (cost=0.43..6.37 rows=97 width=4)
	  Index Cond: ((id >= 7420586) AND (id <= 7420686))

table 5 : explain SELECT id FROM sbtest5 WHERE id BETWEEN 7420586 AND 7420686
	Index Only Scan using sbtest5_pkey on sbtest5  (cost=0.43..6.33 rows=95 width=4)
	  Index Cond: ((id >= 7420586) AND (id <= 7420686))

table 6 : explain SELECT id FROM sbtest6 WHERE id BETWEEN 7420586 AND 7420686
	Index Only Scan using sbtest6_pkey on sbtest6  (cost=0.43..6.63 rows=110 width=4)
	  Index Cond: ((id >= 7420586) AND (id <= 7420686))

table 7 : explain SELECT id FROM sbtest7 WHERE id BETWEEN 7420586 AND 7420686
	Index Only Scan using sbtest7_pkey on sbtest7  (cost=0.43..6.53 rows=105 width=4)
	  Index Cond: ((id >= 7420586) AND (id <= 7420686))

table 8 : explain SELECT id FROM sbtest8 WHERE id BETWEEN 7420586 AND 7420686
	Index Only Scan using sbtest8_pkey on sbtest8  (cost=0.43..6.47 rows=102 width=4)
	  Index Cond: ((id >= 7420586) AND (id <= 7420686))

for range-covered
table 1 : explain SELECT id FROM sbtest1 WHERE id BETWEEN 2912967 AND 2913067
	Index Only Scan using sbtest1_pkey on sbtest1  (cost=0.43..6.45 rows=101 width=4)
	  Index Cond: ((id >= 2912967) AND (id <= 2913067))

table 2 : explain SELECT id FROM sbtest2 WHERE id BETWEEN 2912967 AND 2913067
	Index Only Scan using sbtest2_pkey on sbtest2  (cost=0.43..6.53 rows=105 width=4)
	  Index Cond: ((id >= 2912967) AND (id <= 2913067))

table 3 : explain SELECT id FROM sbtest3 WHERE id BETWEEN 2912967 AND 2913067
	Index Only Scan using sbtest3_pkey on sbtest3  (cost=0.43..6.56 rows=106 width=4)
	  Index Cond: ((id >= 2912967) AND (id <= 2913067))

table 4 : explain SELECT id FROM sbtest4 WHERE id BETWEEN 2912967 AND 2913067
	Index Only Scan using sbtest4_pkey on sbtest4  (cost=0.43..6.56 rows=106 width=4)
	  Index Cond: ((id >= 2912967) AND (id <= 2913067))

table 5 : explain SELECT id FROM sbtest5 WHERE id BETWEEN 2912967 AND 2913067
	Index Only Scan using sbtest5_pkey on sbtest5  (cost=0.43..6.53 rows=105 width=4)
	  Index Cond: ((id >= 2912967) AND (id <= 2913067))

table 6 : explain SELECT id FROM sbtest6 WHERE id BETWEEN 2912967 AND 2913067
	Index Only Scan using sbtest6_pkey on sbtest6  (cost=0.43..6.67 rows=112 width=4)
	  Index Cond: ((id >= 2912967) AND (id <= 2913067))

table 7 : explain SELECT id FROM sbtest7 WHERE id BETWEEN 2912967 AND 2913067
	Index Only Scan using sbtest7_pkey on sbtest7  (cost=0.43..6.56 rows=106 width=4)
	  Index Cond: ((id >= 2912967) AND (id <= 2913067))

table 8 : explain SELECT id FROM sbtest8 WHERE id BETWEEN 2912967 AND 2913067
	Index Only Scan using sbtest8_pkey on sbtest8  (cost=0.43..6.47 rows=102 width=4)
	  Index Cond: ((id >= 2912967) AND (id <= 2913067))

explain: for range-covered :: explain SELECT id FROM sbtest%d WHERE id BETWEEN 7420586 AND 7420686
for range-covered
table 1 : explain SELECT id FROM sbtest1 WHERE id BETWEEN 3129763 AND 3129863
	Index Only Scan using sbtest1_pkey on sbtest1  (cost=0.43..6.47 rows=102 width=4)
	  Index Cond: ((id >= 3129763) AND (id <= 3129863))

table 2 : explain SELECT id FROM sbtest2 WHERE id BETWEEN 3129763 AND 3129863
	Index Only Scan using sbtest2_pkey on sbtest2  (cost=0.43..6.50 rows=103 width=4)
	  Index Cond: ((id >= 3129763) AND (id <= 3129863))

table 3 : explain SELECT id FROM sbtest3 WHERE id BETWEEN 3129763 AND 3129863
	Index Only Scan using sbtest3_pkey on sbtest3  (cost=0.43..6.32 rows=94 width=4)
	  Index Cond: ((id >= 3129763) AND (id <= 3129863))

table 4 : explain SELECT id FROM sbtest4 WHERE id BETWEEN 3129763 AND 3129863
	Index Only Scan using sbtest4_pkey on sbtest4  (cost=0.43..6.50 rows=103 width=4)
	  Index Cond: ((id >= 3129763) AND (id <= 3129863))

table 5 : explain SELECT id FROM sbtest5 WHERE id BETWEEN 3129763 AND 3129863
	Index Only Scan using sbtest5_pkey on sbtest5  (cost=0.43..6.66 rows=111 width=4)
	  Index Cond: ((id >= 3129763) AND (id <= 3129863))

table 6 : explain SELECT id FROM sbtest6 WHERE id BETWEEN 3129763 AND 3129863
	Index Only Scan using sbtest6_pkey on sbtest6  (cost=0.43..6.53 rows=105 width=4)
	  Index Cond: ((id >= 3129763) AND (id <= 3129863))

table 7 : explain SELECT id FROM sbtest7 WHERE id BETWEEN 3129763 AND 3129863
	Index Only Scan using sbtest7_pkey on sbtest7  (cost=0.43..6.47 rows=102 width=4)
	  Index Cond: ((id >= 3129763) AND (id <= 3129863))

table 8 : explain SELECT id FROM sbtest8 WHERE id BETWEEN 3129763 AND 3129863
	Index Only Scan using sbtest8_pkey on sbtest8  (cost=0.43..6.45 rows=101 width=4)
	  Index Cond: ((id >= 3129763) AND (id <= 3129863))

for range-covered
table 1 : explain SELECT id FROM sbtest1 WHERE id BETWEEN 2005226 AND 2005326
	Index Only Scan using sbtest1_pkey on sbtest1  (cost=0.43..6.37 rows=97 width=4)
	  Index Cond: ((id >= 2005226) AND (id <= 2005326))

table 2 : explain SELECT id FROM sbtest2 WHERE id BETWEEN 2005226 AND 2005326
	Index Only Scan using sbtest2_pkey on sbtest2  (cost=0.43..6.43 rows=100 width=4)
	  Index Cond: ((id >= 2005226) AND (id <= 2005326))

table 3 : explain SELECT id FROM sbtest3 WHERE id BETWEEN 2005226 AND 2005326
	Index Only Scan using sbtest3_pkey on sbtest3  (cost=0.43..6.43 rows=100 width=4)
	  Index Cond: ((id >= 2005226) AND (id <= 2005326))

table 4 : explain SELECT id FROM sbtest4 WHERE id BETWEEN 2005226 AND 2005326
	Index Only Scan using sbtest4_pkey on sbtest4  (cost=0.43..6.43 rows=100 width=4)
	  Index Cond: ((id >= 2005226) AND (id <= 2005326))

table 5 : explain SELECT id FROM sbtest5 WHERE id BETWEEN 2005226 AND 2005326
	Index Only Scan using sbtest5_pkey on sbtest5  (cost=0.43..6.61 rows=109 width=4)
	  Index Cond: ((id >= 2005226) AND (id <= 2005326))

table 6 : explain SELECT id FROM sbtest6 WHERE id BETWEEN 2005226 AND 2005326
	Index Only Scan using sbtest6_pkey on sbtest6  (cost=0.43..6.35 rows=96 width=4)
	  Index Cond: ((id >= 2005226) AND (id <= 2005326))

table 7 : explain SELECT id FROM sbtest7 WHERE id BETWEEN 2005226 AND 2005326
	Index Only Scan using sbtest7_pkey on sbtest7  (cost=0.43..6.32 rows=94 width=4)
	  Index Cond: ((id >= 2005226) AND (id <= 2005326))

table 8 : explain SELECT id FROM sbtest8 WHERE id BETWEEN 2005226 AND 2005326
	Index Only Scan using sbtest8_pkey on sbtest8  (cost=0.43..6.72 rows=114 width=4)
	  Index Cond: ((id >= 2005226) AND (id <= 2005326))

explain: for range-covered :: explain SELECT id FROM sbtest%d WHERE id BETWEEN 2912967 AND 2913067
explain: for range-covered :: explain SELECT id FROM sbtest%d WHERE id BETWEEN 3129763 AND 3129863
explain: for range-covered :: explain SELECT id FROM sbtest%d WHERE id BETWEEN 2005226 AND 2005326
for range-covered
table 1 : explain SELECT id FROM sbtest1 WHERE id BETWEEN 4214381 AND 4214481
	Index Only Scan using sbtest1_pkey on sbtest1  (cost=0.43..6.45 rows=101 width=4)
	  Index Cond: ((id >= 4214381) AND (id <= 4214481))

table 2 : explain SELECT id FROM sbtest2 WHERE id BETWEEN 4214381 AND 4214481
	Index Only Scan using sbtest2_pkey on sbtest2  (cost=0.43..6.53 rows=105 width=4)
	  Index Cond: ((id >= 4214381) AND (id <= 4214481))

table 3 : explain SELECT id FROM sbtest3 WHERE id BETWEEN 4214381 AND 4214481
	Index Only Scan using sbtest3_pkey on sbtest3  (cost=0.43..6.50 rows=103 width=4)
	  Index Cond: ((id >= 4214381) AND (id <= 4214481))

table 4 : explain SELECT id FROM sbtest4 WHERE id BETWEEN 4214381 AND 4214481
	Index Only Scan using sbtest4_pkey on sbtest4  (cost=0.43..6.56 rows=106 width=4)
	  Index Cond: ((id >= 4214381) AND (id <= 4214481))

table 5 : explain SELECT id FROM sbtest5 WHERE id BETWEEN 4214381 AND 4214481
	Index Only Scan using sbtest5_pkey on sbtest5  (cost=0.43..6.50 rows=103 width=4)
	  Index Cond: ((id >= 4214381) AND (id <= 4214481))

table 6 : explain SELECT id FROM sbtest6 WHERE id BETWEEN 4214381 AND 4214481
	Index Only Scan using sbtest6_pkey on sbtest6  (cost=0.43..6.51 rows=104 width=4)
	  Index Cond: ((id >= 4214381) AND (id <= 4214481))

table 7 : explain SELECT id FROM sbtest7 WHERE id BETWEEN 4214381 AND 4214481
	Index Only Scan using sbtest7_pkey on sbtest7  (cost=0.43..6.37 rows=97 width=4)
	  Index Cond: ((id >= 4214381) AND (id <= 4214481))

table 8 : explain SELECT id FROM sbtest8 WHERE id BETWEEN 4214381 AND 4214481
	Index Only Scan using sbtest8_pkey on sbtest8  (cost=0.43..6.56 rows=106 width=4)
	  Index Cond: ((id >= 4214381) AND (id <= 4214481))

explain: for range-covered :: explain SELECT id FROM sbtest%d WHERE id BETWEEN 4214381 AND 4214481
for range-covered
table 1 : explain SELECT id FROM sbtest1 WHERE id BETWEEN 7420586 AND 7420686
	Index Only Scan using sbtest1_pkey on sbtest1  (cost=0.43..6.50 rows=103 width=4)
	  Index Cond: ((id >= 7420586) AND (id <= 7420686))

table 2 : explain SELECT id FROM sbtest2 WHERE id BETWEEN 7420586 AND 7420686
	Index Only Scan using sbtest2_pkey on sbtest2  (cost=0.43..6.29 rows=93 width=4)
	  Index Cond: ((id >= 7420586) AND (id <= 7420686))

table 3 : explain SELECT id FROM sbtest3 WHERE id BETWEEN 7420586 AND 7420686
	Index Only Scan using sbtest3_pkey on sbtest3  (cost=0.43..6.45 rows=101 width=4)
	  Index Cond: ((id >= 7420586) AND (id <= 7420686))

table 4 : explain SELECT id FROM sbtest4 WHERE id BETWEEN 7420586 AND 7420686
	Index Only Scan using sbtest4_pkey on sbtest4  (cost=0.43..6.37 rows=97 width=4)
	  Index Cond: ((id >= 7420586) AND (id <= 7420686))

table 5 : explain SELECT id FROM sbtest5 WHERE id BETWEEN 7420586 AND 7420686
	Index Only Scan using sbtest5_pkey on sbtest5  (cost=0.43..6.33 rows=95 width=4)
	  Index Cond: ((id >= 7420586) AND (id <= 7420686))

table 6 : explain SELECT id FROM sbtest6 WHERE id BETWEEN 7420586 AND 7420686
	Index Only Scan using sbtest6_pkey on sbtest6  (cost=0.43..6.63 rows=110 width=4)
	  Index Cond: ((id >= 7420586) AND (id <= 7420686))

table 7 : explain SELECT id FROM sbtest7 WHERE id BETWEEN 7420586 AND 7420686
	Index Only Scan using sbtest7_pkey on sbtest7  (cost=0.43..6.53 rows=105 width=4)
	  Index Cond: ((id >= 7420586) AND (id <= 7420686))

table 8 : explain SELECT id FROM sbtest8 WHERE id BETWEEN 7420586 AND 7420686
	Index Only Scan using sbtest8_pkey on sbtest8  (cost=0.43..6.47 rows=102 width=4)
	  Index Cond: ((id >= 7420586) AND (id <= 7420686))

explain: for range-covered :: explain SELECT id FROM sbtest%d WHERE id BETWEEN 7420586 AND 7420686
for range-covered
table 1 : explain SELECT id FROM sbtest1 WHERE id BETWEEN 3129763 AND 3129863
	Index Only Scan using sbtest1_pkey on sbtest1  (cost=0.43..6.47 rows=102 width=4)
	  Index Cond: ((id >= 3129763) AND (id <= 3129863))

table 2 : explain SELECT id FROM sbtest2 WHERE id BETWEEN 3129763 AND 3129863
	Index Only Scan using sbtest2_pkey on sbtest2  (cost=0.43..6.50 rows=103 width=4)
	  Index Cond: ((id >= 3129763) AND (id <= 3129863))

table 3 : explain SELECT id FROM sbtest3 WHERE id BETWEEN 3129763 AND 3129863
	Index Only Scan using sbtest3_pkey on sbtest3  (cost=0.43..6.32 rows=94 width=4)
	  Index Cond: ((id >= 3129763) AND (id <= 3129863))

table 4 : explain SELECT id FROM sbtest4 WHERE id BETWEEN 3129763 AND 3129863
	Index Only Scan using sbtest4_pkey on sbtest4  (cost=0.43..6.50 rows=103 width=4)
	  Index Cond: ((id >= 3129763) AND (id <= 3129863))

table 5 : explain SELECT id FROM sbtest5 WHERE id BETWEEN 3129763 AND 3129863
	Index Only Scan using sbtest5_pkey on sbtest5  (cost=0.43..6.66 rows=111 width=4)
	  Index Cond: ((id >= 3129763) AND (id <= 3129863))

table 6 : explain SELECT id FROM sbtest6 WHERE id BETWEEN 3129763 AND 3129863
	Index Only Scan using sbtest6_pkey on sbtest6  (cost=0.43..6.53 rows=105 width=4)
	  Index Cond: ((id >= 3129763) AND (id <= 3129863))

table 7 : explain SELECT id FROM sbtest7 WHERE id BETWEEN 3129763 AND 3129863
	Index Only Scan using sbtest7_pkey on sbtest7  (cost=0.43..6.47 rows=102 width=4)
	  Index Cond: ((id >= 3129763) AND (id <= 3129863))

table 8 : explain SELECT id FROM sbtest8 WHERE id BETWEEN 3129763 AND 3129863
	Index Only Scan using sbtest8_pkey on sbtest8  (cost=0.43..6.45 rows=101 width=4)
	  Index Cond: ((id >= 3129763) AND (id <= 3129863))

explain: for range-covered :: explain SELECT id FROM sbtest%d WHERE id BETWEEN 3129763 AND 3129863
for range-covered
table 1 : explain SELECT id FROM sbtest1 WHERE id BETWEEN 2005226 AND 2005326
	Index Only Scan using sbtest1_pkey on sbtest1  (cost=0.43..6.37 rows=97 width=4)
	  Index Cond: ((id >= 2005226) AND (id <= 2005326))

table 2 : explain SELECT id FROM sbtest2 WHERE id BETWEEN 2005226 AND 2005326
	Index Only Scan using sbtest2_pkey on sbtest2  (cost=0.43..6.43 rows=100 width=4)
	  Index Cond: ((id >= 2005226) AND (id <= 2005326))

table 3 : explain SELECT id FROM sbtest3 WHERE id BETWEEN 2005226 AND 2005326
	Index Only Scan using sbtest3_pkey on sbtest3  (cost=0.43..6.43 rows=100 width=4)
	  Index Cond: ((id >= 2005226) AND (id <= 2005326))

table 4 : explain SELECT id FROM sbtest4 WHERE id BETWEEN 2005226 AND 2005326
	Index Only Scan using sbtest4_pkey on sbtest4  (cost=0.43..6.43 rows=100 width=4)
	  Index Cond: ((id >= 2005226) AND (id <= 2005326))

table 5 : explain SELECT id FROM sbtest5 WHERE id BETWEEN 2005226 AND 2005326
	Index Only Scan using sbtest5_pkey on sbtest5  (cost=0.43..6.61 rows=109 width=4)
	  Index Cond: ((id >= 2005226) AND (id <= 2005326))

table 6 : explain SELECT id FROM sbtest6 WHERE id BETWEEN 2005226 AND 2005326
	Index Only Scan using sbtest6_pkey on sbtest6  (cost=0.43..6.35 rows=96 width=4)
	  Index Cond: ((id >= 2005226) AND (id <= 2005326))

table 7 : explain SELECT id FROM sbtest7 WHERE id BETWEEN 2005226 AND 2005326
	Index Only Scan using sbtest7_pkey on sbtest7  (cost=0.43..6.32 rows=94 width=4)
	  Index Cond: ((id >= 2005226) AND (id <= 2005326))

table 8 : explain SELECT id FROM sbtest8 WHERE id BETWEEN 2005226 AND 2005326
	Index Only Scan using sbtest8_pkey on sbtest8  (cost=0.43..6.72 rows=114 width=4)
	  Index Cond: ((id >= 2005226) AND (id <= 2005326))

explain: for range-covered :: explain SELECT id FROM sbtest%d WHERE id BETWEEN 2005226 AND 2005326
for range-covered
table 1 : explain SELECT id FROM sbtest1 WHERE id BETWEEN 2912967 AND 2913067
	Index Only Scan using sbtest1_pkey on sbtest1  (cost=0.43..6.45 rows=101 width=4)
	  Index Cond: ((id >= 2912967) AND (id <= 2913067))

table 2 : explain SELECT id FROM sbtest2 WHERE id BETWEEN 2912967 AND 2913067
	Index Only Scan using sbtest2_pkey on sbtest2  (cost=0.43..6.53 rows=105 width=4)
	  Index Cond: ((id >= 2912967) AND (id <= 2913067))

table 3 : explain SELECT id FROM sbtest3 WHERE id BETWEEN 2912967 AND 2913067
	Index Only Scan using sbtest3_pkey on sbtest3  (cost=0.43..6.56 rows=106 width=4)
	  Index Cond: ((id >= 2912967) AND (id <= 2913067))

table 4 : explain SELECT id FROM sbtest4 WHERE id BETWEEN 2912967 AND 2913067
	Index Only Scan using sbtest4_pkey on sbtest4  (cost=0.43..6.56 rows=106 width=4)
	  Index Cond: ((id >= 2912967) AND (id <= 2913067))

table 5 : explain SELECT id FROM sbtest5 WHERE id BETWEEN 2912967 AND 2913067
	Index Only Scan using sbtest5_pkey on sbtest5  (cost=0.43..6.53 rows=105 width=4)
	  Index Cond: ((id >= 2912967) AND (id <= 2913067))

table 6 : explain SELECT id FROM sbtest6 WHERE id BETWEEN 2912967 AND 2913067
	Index Only Scan using sbtest6_pkey on sbtest6  (cost=0.43..6.67 rows=112 width=4)
	  Index Cond: ((id >= 2912967) AND (id <= 2913067))

table 7 : explain SELECT id FROM sbtest7 WHERE id BETWEEN 2912967 AND 2913067
	Index Only Scan using sbtest7_pkey on sbtest7  (cost=0.43..6.56 rows=106 width=4)
	  Index Cond: ((id >= 2912967) AND (id <= 2913067))

table 8 : explain SELECT id FROM sbtest8 WHERE id BETWEEN 2912967 AND 2913067
	Index Only Scan using sbtest8_pkey on sbtest8  (cost=0.43..6.47 rows=102 width=4)
	  Index Cond: ((id >= 2912967) AND (id <= 2913067))

explain: for range-covered :: explain SELECT id FROM sbtest%d WHERE id BETWEEN 2912967 AND 2913067
for range-covered
table 1 : explain SELECT id FROM sbtest1 WHERE id BETWEEN 4214381 AND 4214481
	Index Only Scan using sbtest1_pkey on sbtest1  (cost=0.43..6.45 rows=101 width=4)
	  Index Cond: ((id >= 4214381) AND (id <= 4214481))

table 2 : explain SELECT id FROM sbtest2 WHERE id BETWEEN 4214381 AND 4214481
	Index Only Scan using sbtest2_pkey on sbtest2  (cost=0.43..6.53 rows=105 width=4)
	  Index Cond: ((id >= 4214381) AND (id <= 4214481))

table 3 : explain SELECT id FROM sbtest3 WHERE id BETWEEN 4214381 AND 4214481
	Index Only Scan using sbtest3_pkey on sbtest3  (cost=0.43..6.50 rows=103 width=4)
	  Index Cond: ((id >= 4214381) AND (id <= 4214481))

table 4 : explain SELECT id FROM sbtest4 WHERE id BETWEEN 4214381 AND 4214481
	Index Only Scan using sbtest4_pkey on sbtest4  (cost=0.43..6.56 rows=106 width=4)
	  Index Cond: ((id >= 4214381) AND (id <= 4214481))

table 5 : explain SELECT id FROM sbtest5 WHERE id BETWEEN 4214381 AND 4214481
	Index Only Scan using sbtest5_pkey on sbtest5  (cost=0.43..6.50 rows=103 width=4)
	  Index Cond: ((id >= 4214381) AND (id <= 4214481))

table 6 : explain SELECT id FROM sbtest6 WHERE id BETWEEN 4214381 AND 4214481
	Index Only Scan using sbtest6_pkey on sbtest6  (cost=0.43..6.51 rows=104 width=4)
	  Index Cond: ((id >= 4214381) AND (id <= 4214481))

table 7 : explain SELECT id FROM sbtest7 WHERE id BETWEEN 4214381 AND 4214481
	Index Only Scan using sbtest7_pkey on sbtest7  (cost=0.43..6.37 rows=97 width=4)
	  Index Cond: ((id >= 4214381) AND (id <= 4214481))

table 8 : explain SELECT id FROM sbtest8 WHERE id BETWEEN 4214381 AND 4214481
	Index Only Scan using sbtest8_pkey on sbtest8  (cost=0.43..6.56 rows=106 width=4)
	  Index Cond: ((id >= 4214381) AND (id <= 4214481))

explain: for range-covered :: explain SELECT id FROM sbtest%d WHERE id BETWEEN 4214381 AND 4214481
for range-covered
table 1 : explain SELECT id FROM sbtest1 WHERE id BETWEEN 2005226 AND 2005326
	Index Only Scan using sbtest1_pkey on sbtest1  (cost=0.43..6.37 rows=97 width=4)
	  Index Cond: ((id >= 2005226) AND (id <= 2005326))

table 2 : explain SELECT id FROM sbtest2 WHERE id BETWEEN 2005226 AND 2005326
	Index Only Scan using sbtest2_pkey on sbtest2  (cost=0.43..6.43 rows=100 width=4)
	  Index Cond: ((id >= 2005226) AND (id <= 2005326))

table 3 : explain SELECT id FROM sbtest3 WHERE id BETWEEN 2005226 AND 2005326
	Index Only Scan using sbtest3_pkey on sbtest3  (cost=0.43..6.43 rows=100 width=4)
	  Index Cond: ((id >= 2005226) AND (id <= 2005326))

table 4 : explain SELECT id FROM sbtest4 WHERE id BETWEEN 2005226 AND 2005326
	Index Only Scan using sbtest4_pkey on sbtest4  (cost=0.43..6.43 rows=100 width=4)
	  Index Cond: ((id >= 2005226) AND (id <= 2005326))

table 5 : explain SELECT id FROM sbtest5 WHERE id BETWEEN 2005226 AND 2005326
	Index Only Scan using sbtest5_pkey on sbtest5  (cost=0.43..6.61 rows=109 width=4)
	  Index Cond: ((id >= 2005226) AND (id <= 2005326))

table 6 : explain SELECT id FROM sbtest6 WHERE id BETWEEN 2005226 AND 2005326
	Index Only Scan using sbtest6_pkey on sbtest6  (cost=0.43..6.35 rows=96 width=4)
	  Index Cond: ((id >= 2005226) AND (id <= 2005326))

table 7 : explain SELECT id FROM sbtest7 WHERE id BETWEEN 2005226 AND 2005326
	Index Only Scan using sbtest7_pkey on sbtest7  (cost=0.43..6.32 rows=94 width=4)
	  Index Cond: ((id >= 2005226) AND (id <= 2005326))

table 8 : explain SELECT id FROM sbtest8 WHERE id BETWEEN 2005226 AND 2005326
	Index Only Scan using sbtest8_pkey on sbtest8  (cost=0.43..6.72 rows=114 width=4)
	  Index Cond: ((id >= 2005226) AND (id <= 2005326))

explain: for range-covered :: explain SELECT id FROM sbtest%d WHERE id BETWEEN 2005226 AND 2005326
for range-covered
table 1 : explain SELECT id FROM sbtest1 WHERE id BETWEEN 1854738 AND 1854838
	Index Only Scan using sbtest1_pkey on sbtest1  (cost=0.43..6.66 rows=111 width=4)
	  Index Cond: ((id >= 1854738) AND (id <= 1854838))

table 2 : explain SELECT id FROM sbtest2 WHERE id BETWEEN 1854738 AND 1854838
	Index Only Scan using sbtest2_pkey on sbtest2  (cost=0.43..6.53 rows=105 width=4)
	  Index Cond: ((id >= 1854738) AND (id <= 1854838))

table 3 : explain SELECT id FROM sbtest3 WHERE id BETWEEN 1854738 AND 1854838
	Index Only Scan using sbtest3_pkey on sbtest3  (cost=0.43..6.51 rows=104 width=4)
	  Index Cond: ((id >= 1854738) AND (id <= 1854838))

table 4 : explain SELECT id FROM sbtest4 WHERE id BETWEEN 1854738 AND 1854838
	Index Only Scan using sbtest4_pkey on sbtest4  (cost=0.43..6.66 rows=111 width=4)
	  Index Cond: ((id >= 1854738) AND (id <= 1854838))

table 5 : explain SELECT id FROM sbtest5 WHERE id BETWEEN 1854738 AND 1854838
	Index Only Scan using sbtest5_pkey on sbtest5  (cost=0.43..6.40 rows=98 width=4)
	  Index Cond: ((id >= 1854738) AND (id <= 1854838))

table 6 : explain SELECT id FROM sbtest6 WHERE id BETWEEN 1854738 AND 1854838
	Index Only Scan using sbtest6_pkey on sbtest6  (cost=0.43..6.72 rows=114 width=4)
	  Index Cond: ((id >= 1854738) AND (id <= 1854838))

table 7 : explain SELECT id FROM sbtest7 WHERE id BETWEEN 1854738 AND 1854838
	Index Only Scan using sbtest7_pkey on sbtest7  (cost=0.43..6.40 rows=98 width=4)
	  Index Cond: ((id >= 1854738) AND (id <= 1854838))

table 8 : explain SELECT id FROM sbtest8 WHERE id BETWEEN 1854738 AND 1854838
	Index Only Scan using sbtest8_pkey on sbtest8  (cost=0.43..6.40 rows=98 width=4)
	  Index Cond: ((id >= 1854738) AND (id <= 1854838))

for range-covered
table 1 : explain SELECT id FROM sbtest1 WHERE id BETWEEN 7420586 AND 7420686
	Index Only Scan using sbtest1_pkey on sbtest1  (cost=0.43..6.50 rows=103 width=4)
	  Index Cond: ((id >= 7420586) AND (id <= 7420686))

table 2 : explain SELECT id FROM sbtest2 WHERE id BETWEEN 7420586 AND 7420686
	Index Only Scan using sbtest2_pkey on sbtest2  (cost=0.43..6.29 rows=93 width=4)
	  Index Cond: ((id >= 7420586) AND (id <= 7420686))

table 3 : explain SELECT id FROM sbtest3 WHERE id BETWEEN 7420586 AND 7420686
	Index Only Scan using sbtest3_pkey on sbtest3  (cost=0.43..6.45 rows=101 width=4)
	  Index Cond: ((id >= 7420586) AND (id <= 7420686))

table 4 : explain SELECT id FROM sbtest4 WHERE id BETWEEN 7420586 AND 7420686
	Index Only Scan using sbtest4_pkey on sbtest4  (cost=0.43..6.37 rows=97 width=4)
	  Index Cond: ((id >= 7420586) AND (id <= 7420686))

table 5 : explain SELECT id FROM sbtest5 WHERE id BETWEEN 7420586 AND 7420686
	Index Only Scan using sbtest5_pkey on sbtest5  (cost=0.43..6.33 rows=95 width=4)
	  Index Cond: ((id >= 7420586) AND (id <= 7420686))

table 6 : explain SELECT id FROM sbtest6 WHERE id BETWEEN 7420586 AND 7420686
	Index Only Scan using sbtest6_pkey on sbtest6  (cost=0.43..6.63 rows=110 width=4)
	  Index Cond: ((id >= 7420586) AND (id <= 7420686))

table 7 : explain SELECT id FROM sbtest7 WHERE id BETWEEN 7420586 AND 7420686
	Index Only Scan using sbtest7_pkey on sbtest7  (cost=0.43..6.53 rows=105 width=4)
	  Index Cond: ((id >= 7420586) AND (id <= 7420686))

table 8 : explain SELECT id FROM sbtest8 WHERE id BETWEEN 7420586 AND 7420686
	Index Only Scan using sbtest8_pkey on sbtest8  (cost=0.43..6.47 rows=102 width=4)
	  Index Cond: ((id >= 7420586) AND (id <= 7420686))

explain: for range-covered :: explain SELECT id FROM sbtest%d WHERE id BETWEEN 7420586 AND 7420686
for range-covered
table 1 : explain SELECT id FROM sbtest1 WHERE id BETWEEN 4214381 AND 4214481
	Index Only Scan using sbtest1_pkey on sbtest1  (cost=0.43..6.45 rows=101 width=4)
	  Index Cond: ((id >= 4214381) AND (id <= 4214481))

table 2 : explain SELECT id FROM sbtest2 WHERE id BETWEEN 4214381 AND 4214481
	Index Only Scan using sbtest2_pkey on sbtest2  (cost=0.43..6.53 rows=105 width=4)
	  Index Cond: ((id >= 4214381) AND (id <= 4214481))

table 3 : explain SELECT id FROM sbtest3 WHERE id BETWEEN 4214381 AND 4214481
	Index Only Scan using sbtest3_pkey on sbtest3  (cost=0.43..6.50 rows=103 width=4)
	  Index Cond: ((id >= 4214381) AND (id <= 4214481))

table 4 : explain SELECT id FROM sbtest4 WHERE id BETWEEN 4214381 AND 4214481
	Index Only Scan using sbtest4_pkey on sbtest4  (cost=0.43..6.56 rows=106 width=4)
	  Index Cond: ((id >= 4214381) AND (id <= 4214481))

table 5 : explain SELECT id FROM sbtest5 WHERE id BETWEEN 4214381 AND 4214481
	Index Only Scan using sbtest5_pkey on sbtest5  (cost=0.43..6.50 rows=103 width=4)
	  Index Cond: ((id >= 4214381) AND (id <= 4214481))

table 6 : explain SELECT id FROM sbtest6 WHERE id BETWEEN 4214381 AND 4214481
	Index Only Scan using sbtest6_pkey on sbtest6  (cost=0.43..6.51 rows=104 width=4)
	  Index Cond: ((id >= 4214381) AND (id <= 4214481))

table 7 : explain SELECT id FROM sbtest7 WHERE id BETWEEN 4214381 AND 4214481
	Index Only Scan using sbtest7_pkey on sbtest7  (cost=0.43..6.37 rows=97 width=4)
	  Index Cond: ((id >= 4214381) AND (id <= 4214481))

table 8 : explain SELECT id FROM sbtest8 WHERE id BETWEEN 4214381 AND 4214481
	Index Only Scan using sbtest8_pkey on sbtest8  (cost=0.43..6.56 rows=106 width=4)
	  Index Cond: ((id >= 4214381) AND (id <= 4214481))

explain: for range-covered :: explain SELECT id FROM sbtest%d WHERE id BETWEEN 4214381 AND 4214481
for range-covered
table 1 : explain SELECT id FROM sbtest1 WHERE id BETWEEN 2005226 AND 2005326
	Index Only Scan using sbtest1_pkey on sbtest1  (cost=0.43..6.37 rows=97 width=4)
	  Index Cond: ((id >= 2005226) AND (id <= 2005326))

table 2 : explain SELECT id FROM sbtest2 WHERE id BETWEEN 2005226 AND 2005326
	Index Only Scan using sbtest2_pkey on sbtest2  (cost=0.43..6.43 rows=100 width=4)
	  Index Cond: ((id >= 2005226) AND (id <= 2005326))

table 3 : explain SELECT id FROM sbtest3 WHERE id BETWEEN 2005226 AND 2005326
	Index Only Scan using sbtest3_pkey on sbtest3  (cost=0.43..6.43 rows=100 width=4)
	  Index Cond: ((id >= 2005226) AND (id <= 2005326))

table 4 : explain SELECT id FROM sbtest4 WHERE id BETWEEN 2005226 AND 2005326
	Index Only Scan using sbtest4_pkey on sbtest4  (cost=0.43..6.43 rows=100 width=4)
	  Index Cond: ((id >= 2005226) AND (id <= 2005326))

table 5 : explain SELECT id FROM sbtest5 WHERE id BETWEEN 2005226 AND 2005326
	Index Only Scan using sbtest5_pkey on sbtest5  (cost=0.43..6.61 rows=109 width=4)
	  Index Cond: ((id >= 2005226) AND (id <= 2005326))

table 6 : explain SELECT id FROM sbtest6 WHERE id BETWEEN 2005226 AND 2005326
	Index Only Scan using sbtest6_pkey on sbtest6  (cost=0.43..6.35 rows=96 width=4)
	  Index Cond: ((id >= 2005226) AND (id <= 2005326))

table 7 : explain SELECT id FROM sbtest7 WHERE id BETWEEN 2005226 AND 2005326
	Index Only Scan using sbtest7_pkey on sbtest7  (cost=0.43..6.32 rows=94 width=4)
	  Index Cond: ((id >= 2005226) AND (id <= 2005326))

table 8 : explain SELECT id FROM sbtest8 WHERE id BETWEEN 2005226 AND 2005326
	Index Only Scan using sbtest8_pkey on sbtest8  (cost=0.43..6.72 rows=114 width=4)
	  Index Cond: ((id >= 2005226) AND (id <= 2005326))

explain: for range-covered :: explain SELECT id FROM sbtest%d WHERE id BETWEEN 4813625 AND 4813725
for range-covered
table 1 : explain SELECT id FROM sbtest1 WHERE id BETWEEN 5318523 AND 5318623
	Index Only Scan using sbtest1_pkey on sbtest1  (cost=0.43..6.19 rows=88 width=4)
	  Index Cond: ((id >= 5318523) AND (id <= 5318623))

table 2 : explain SELECT id FROM sbtest2 WHERE id BETWEEN 5318523 AND 5318623
	Index Only Scan using sbtest2_pkey on sbtest2  (cost=0.43..6.53 rows=105 width=4)
	  Index Cond: ((id >= 5318523) AND (id <= 5318623))

table 3 : explain SELECT id FROM sbtest3 WHERE id BETWEEN 5318523 AND 5318623
	Index Only Scan using sbtest3_pkey on sbtest3  (cost=0.43..6.24 rows=90 width=4)
	  Index Cond: ((id >= 5318523) AND (id <= 5318623))

table 4 : explain SELECT id FROM sbtest4 WHERE id BETWEEN 5318523 AND 5318623
	Index Only Scan using sbtest4_pkey on sbtest4  (cost=0.43..6.37 rows=97 width=4)
	  Index Cond: ((id >= 5318523) AND (id <= 5318623))

table 5 : explain SELECT id FROM sbtest5 WHERE id BETWEEN 5318523 AND 5318623
	Index Only Scan using sbtest5_pkey on sbtest5  (cost=0.43..6.29 rows=93 width=4)
	  Index Cond: ((id >= 5318523) AND (id <= 5318623))

table 6 : explain SELECT id FROM sbtest6 WHERE id BETWEEN 5318523 AND 5318623
	Index Only Scan using sbtest6_pkey on sbtest6  (cost=0.43..6.40 rows=98 width=4)
	  Index Cond: ((id >= 5318523) AND (id <= 5318623))

table 7 : explain SELECT id FROM sbtest7 WHERE id BETWEEN 5318523 AND 5318623
	Index Only Scan using sbtest7_pkey on sbtest7  (cost=0.43..6.43 rows=100 width=4)
	  Index Cond: ((id >= 5318523) AND (id <= 5318623))

table 8 : explain SELECT id FROM sbtest8 WHERE id BETWEEN 5318523 AND 5318623
	Index Only Scan using sbtest8_pkey on sbtest8  (cost=0.43..6.45 rows=101 width=4)
	  Index Cond: ((id >= 5318523) AND (id <= 5318623))

explain: for range-covered :: explain SELECT id FROM sbtest%d WHERE id BETWEEN 2005226 AND 2005326
explain: for range-covered :: explain SELECT id FROM sbtest%d WHERE id BETWEEN 5318523 AND 5318623
for range-covered
table 1 : explain SELECT id FROM sbtest1 WHERE id BETWEEN 7420586 AND 7420686
	Index Only Scan using sbtest1_pkey on sbtest1  (cost=0.43..6.50 rows=103 width=4)
	  Index Cond: ((id >= 7420586) AND (id <= 7420686))

table 2 : explain SELECT id FROM sbtest2 WHERE id BETWEEN 7420586 AND 7420686
	Index Only Scan using sbtest2_pkey on sbtest2  (cost=0.43..6.29 rows=93 width=4)
	  Index Cond: ((id >= 7420586) AND (id <= 7420686))

table 3 : explain SELECT id FROM sbtest3 WHERE id BETWEEN 7420586 AND 7420686
	Index Only Scan using sbtest3_pkey on sbtest3  (cost=0.43..6.45 rows=101 width=4)
	  Index Cond: ((id >= 7420586) AND (id <= 7420686))

table 4 : explain SELECT id FROM sbtest4 WHERE id BETWEEN 7420586 AND 7420686
	Index Only Scan using sbtest4_pkey on sbtest4  (cost=0.43..6.37 rows=97 width=4)
	  Index Cond: ((id >= 7420586) AND (id <= 7420686))

table 5 : explain SELECT id FROM sbtest5 WHERE id BETWEEN 7420586 AND 7420686
	Index Only Scan using sbtest5_pkey on sbtest5  (cost=0.43..6.33 rows=95 width=4)
	  Index Cond: ((id >= 7420586) AND (id <= 7420686))

table 6 : explain SELECT id FROM sbtest6 WHERE id BETWEEN 7420586 AND 7420686
	Index Only Scan using sbtest6_pkey on sbtest6  (cost=0.43..6.63 rows=110 width=4)
	  Index Cond: ((id >= 7420586) AND (id <= 7420686))

table 7 : explain SELECT id FROM sbtest7 WHERE id BETWEEN 7420586 AND 7420686
	Index Only Scan using sbtest7_pkey on sbtest7  (cost=0.43..6.53 rows=105 width=4)
	  Index Cond: ((id >= 7420586) AND (id <= 7420686))

table 8 : explain SELECT id FROM sbtest8 WHERE id BETWEEN 7420586 AND 7420686
	Index Only Scan using sbtest8_pkey on sbtest8  (cost=0.43..6.47 rows=102 width=4)
	  Index Cond: ((id >= 7420586) AND (id <= 7420686))

explain: for range-covered :: explain SELECT id FROM sbtest%d WHERE id BETWEEN 7420586 AND 7420686
for range-covered
table 1 : explain SELECT id FROM sbtest1 WHERE id BETWEEN 4214381 AND 4214481
	Index Only Scan using sbtest1_pkey on sbtest1  (cost=0.43..6.45 rows=101 width=4)
	  Index Cond: ((id >= 4214381) AND (id <= 4214481))

table 2 : explain SELECT id FROM sbtest2 WHERE id BETWEEN 4214381 AND 4214481
	Index Only Scan using sbtest2_pkey on sbtest2  (cost=0.43..6.53 rows=105 width=4)
	  Index Cond: ((id >= 4214381) AND (id <= 4214481))

table 3 : explain SELECT id FROM sbtest3 WHERE id BETWEEN 4214381 AND 4214481
	Index Only Scan using sbtest3_pkey on sbtest3  (cost=0.43..6.50 rows=103 width=4)
	  Index Cond: ((id >= 4214381) AND (id <= 4214481))

table 4 : explain SELECT id FROM sbtest4 WHERE id BETWEEN 4214381 AND 4214481
	Index Only Scan using sbtest4_pkey on sbtest4  (cost=0.43..6.56 rows=106 width=4)
	  Index Cond: ((id >= 4214381) AND (id <= 4214481))

table 5 : explain SELECT id FROM sbtest5 WHERE id BETWEEN 4214381 AND 4214481
	Index Only Scan using sbtest5_pkey on sbtest5  (cost=0.43..6.50 rows=103 width=4)
	  Index Cond: ((id >= 4214381) AND (id <= 4214481))

table 6 : explain SELECT id FROM sbtest6 WHERE id BETWEEN 4214381 AND 4214481
	Index Only Scan using sbtest6_pkey on sbtest6  (cost=0.43..6.51 rows=104 width=4)
	  Index Cond: ((id >= 4214381) AND (id <= 4214481))

table 7 : explain SELECT id FROM sbtest7 WHERE id BETWEEN 4214381 AND 4214481
	Index Only Scan using sbtest7_pkey on sbtest7  (cost=0.43..6.37 rows=97 width=4)
	  Index Cond: ((id >= 4214381) AND (id <= 4214481))

table 8 : explain SELECT id FROM sbtest8 WHERE id BETWEEN 4214381 AND 4214481
	Index Only Scan using sbtest8_pkey on sbtest8  (cost=0.43..6.56 rows=106 width=4)
	  Index Cond: ((id >= 4214381) AND (id <= 4214481))

explain: for range-covered :: explain SELECT id FROM sbtest%d WHERE id BETWEEN 4214381 AND 4214481
for range-covered
table 1 : explain SELECT id FROM sbtest1 WHERE id BETWEEN 3129763 AND 3129863
	Index Only Scan using sbtest1_pkey on sbtest1  (cost=0.43..6.47 rows=102 width=4)
	  Index Cond: ((id >= 3129763) AND (id <= 3129863))

table 2 : explain SELECT id FROM sbtest2 WHERE id BETWEEN 3129763 AND 3129863
	Index Only Scan using sbtest2_pkey on sbtest2  (cost=0.43..6.50 rows=103 width=4)
	  Index Cond: ((id >= 3129763) AND (id <= 3129863))

table 3 : explain SELECT id FROM sbtest3 WHERE id BETWEEN 3129763 AND 3129863
	Index Only Scan using sbtest3_pkey on sbtest3  (cost=0.43..6.32 rows=94 width=4)
	  Index Cond: ((id >= 3129763) AND (id <= 3129863))

table 4 : explain SELECT id FROM sbtest4 WHERE id BETWEEN 3129763 AND 3129863
	Index Only Scan using sbtest4_pkey on sbtest4  (cost=0.43..6.50 rows=103 width=4)
	  Index Cond: ((id >= 3129763) AND (id <= 3129863))

table 5 : explain SELECT id FROM sbtest5 WHERE id BETWEEN 3129763 AND 3129863
	Index Only Scan using sbtest5_pkey on sbtest5  (cost=0.43..6.66 rows=111 width=4)
	  Index Cond: ((id >= 3129763) AND (id <= 3129863))

table 6 : explain SELECT id FROM sbtest6 WHERE id BETWEEN 3129763 AND 3129863
	Index Only Scan using sbtest6_pkey on sbtest6  (cost=0.43..6.53 rows=105 width=4)
	  Index Cond: ((id >= 3129763) AND (id <= 3129863))

table 7 : explain SELECT id FROM sbtest7 WHERE id BETWEEN 3129763 AND 3129863
	Index Only Scan using sbtest7_pkey on sbtest7  (cost=0.43..6.47 rows=102 width=4)
	  Index Cond: ((id >= 3129763) AND (id <= 3129863))

table 8 : explain SELECT id FROM sbtest8 WHERE id BETWEEN 3129763 AND 3129863
	Index Only Scan using sbtest8_pkey on sbtest8  (cost=0.43..6.45 rows=101 width=4)
	  Index Cond: ((id >= 3129763) AND (id <= 3129863))

for range-covered
table 1 : explain SELECT id FROM sbtest1 WHERE id BETWEEN 2005226 AND 2005326
	Index Only Scan using sbtest1_pkey on sbtest1  (cost=0.43..6.37 rows=97 width=4)
	  Index Cond: ((id >= 2005226) AND (id <= 2005326))

table 2 : explain SELECT id FROM sbtest2 WHERE id BETWEEN 2005226 AND 2005326
	Index Only Scan using sbtest2_pkey on sbtest2  (cost=0.43..6.43 rows=100 width=4)
	  Index Cond: ((id >= 2005226) AND (id <= 2005326))

table 3 : explain SELECT id FROM sbtest3 WHERE id BETWEEN 2005226 AND 2005326
	Index Only Scan using sbtest3_pkey on sbtest3  (cost=0.43..6.43 rows=100 width=4)
	  Index Cond: ((id >= 2005226) AND (id <= 2005326))

table 4 : explain SELECT id FROM sbtest4 WHERE id BETWEEN 2005226 AND 2005326
	Index Only Scan using sbtest4_pkey on sbtest4  (cost=0.43..6.43 rows=100 width=4)
	  Index Cond: ((id >= 2005226) AND (id <= 2005326))

table 5 : explain SELECT id FROM sbtest5 WHERE id BETWEEN 2005226 AND 2005326
	Index Only Scan using sbtest5_pkey on sbtest5  (cost=0.43..6.61 rows=109 width=4)
	  Index Cond: ((id >= 2005226) AND (id <= 2005326))

table 6 : explain SELECT id FROM sbtest6 WHERE id BETWEEN 2005226 AND 2005326
	Index Only Scan using sbtest6_pkey on sbtest6  (cost=0.43..6.35 rows=96 width=4)
	  Index Cond: ((id >= 2005226) AND (id <= 2005326))

table 7 : explain SELECT id FROM sbtest7 WHERE id BETWEEN 2005226 AND 2005326
	Index Only Scan using sbtest7_pkey on sbtest7  (cost=0.43..6.32 rows=94 width=4)
	  Index Cond: ((id >= 2005226) AND (id <= 2005326))

table 8 : explain SELECT id FROM sbtest8 WHERE id BETWEEN 2005226 AND 2005326
	Index Only Scan using sbtest8_pkey on sbtest8  (cost=0.43..6.72 rows=114 width=4)
	  Index Cond: ((id >= 2005226) AND (id <= 2005326))

explain: for range-covered :: explain SELECT id FROM sbtest%d WHERE id BETWEEN 2005226 AND 2005326
for range-covered
table 1 : explain SELECT id FROM sbtest1 WHERE id BETWEEN 5318523 AND 5318623
	Index Only Scan using sbtest1_pkey on sbtest1  (cost=0.43..6.19 rows=88 width=4)
	  Index Cond: ((id >= 5318523) AND (id <= 5318623))

table 2 : explain SELECT id FROM sbtest2 WHERE id BETWEEN 5318523 AND 5318623
	Index Only Scan using sbtest2_pkey on sbtest2  (cost=0.43..6.53 rows=105 width=4)
	  Index Cond: ((id >= 5318523) AND (id <= 5318623))

table 3 : explain SELECT id FROM sbtest3 WHERE id BETWEEN 5318523 AND 5318623
	Index Only Scan using sbtest3_pkey on sbtest3  (cost=0.43..6.24 rows=90 width=4)
	  Index Cond: ((id >= 5318523) AND (id <= 5318623))

table 4 : explain SELECT id FROM sbtest4 WHERE id BETWEEN 5318523 AND 5318623
	Index Only Scan using sbtest4_pkey on sbtest4  (cost=0.43..6.37 rows=97 width=4)
	  Index Cond: ((id >= 5318523) AND (id <= 5318623))

table 5 : explain SELECT id FROM sbtest5 WHERE id BETWEEN 5318523 AND 5318623
	Index Only Scan using sbtest5_pkey on sbtest5  (cost=0.43..6.29 rows=93 width=4)
	  Index Cond: ((id >= 5318523) AND (id <= 5318623))

table 6 : explain SELECT id FROM sbtest6 WHERE id BETWEEN 5318523 AND 5318623
	Index Only Scan using sbtest6_pkey on sbtest6  (cost=0.43..6.40 rows=98 width=4)
	  Index Cond: ((id >= 5318523) AND (id <= 5318623))

table 7 : explain SELECT id FROM sbtest7 WHERE id BETWEEN 5318523 AND 5318623
	Index Only Scan using sbtest7_pkey on sbtest7  (cost=0.43..6.43 rows=100 width=4)
	  Index Cond: ((id >= 5318523) AND (id <= 5318623))

table 8 : explain SELECT id FROM sbtest8 WHERE id BETWEEN 5318523 AND 5318623
	Index Only Scan using sbtest8_pkey on sbtest8  (cost=0.43..6.45 rows=101 width=4)
	  Index Cond: ((id >= 5318523) AND (id <= 5318623))

explain: for range-covered :: explain SELECT id FROM sbtest%d WHERE id BETWEEN 5318523 AND 5318623
for range-covered
table 1 : explain SELECT id FROM sbtest1 WHERE id BETWEEN 7420586 AND 7420686
	Index Only Scan using sbtest1_pkey on sbtest1  (cost=0.43..6.50 rows=103 width=4)
	  Index Cond: ((id >= 7420586) AND (id <= 7420686))

table 2 : explain SELECT id FROM sbtest2 WHERE id BETWEEN 7420586 AND 7420686
	Index Only Scan using sbtest2_pkey on sbtest2  (cost=0.43..6.29 rows=93 width=4)
	  Index Cond: ((id >= 7420586) AND (id <= 7420686))

table 3 : explain SELECT id FROM sbtest3 WHERE id BETWEEN 7420586 AND 7420686
	Index Only Scan using sbtest3_pkey on sbtest3  (cost=0.43..6.45 rows=101 width=4)
	  Index Cond: ((id >= 7420586) AND (id <= 7420686))

table 4 : explain SELECT id FROM sbtest4 WHERE id BETWEEN 7420586 AND 7420686
	Index Only Scan using sbtest4_pkey on sbtest4  (cost=0.43..6.37 rows=97 width=4)
	  Index Cond: ((id >= 7420586) AND (id <= 7420686))

table 5 : explain SELECT id FROM sbtest5 WHERE id BETWEEN 7420586 AND 7420686
	Index Only Scan using sbtest5_pkey on sbtest5  (cost=0.43..6.33 rows=95 width=4)
	  Index Cond: ((id >= 7420586) AND (id <= 7420686))

table 6 : explain SELECT id FROM sbtest6 WHERE id BETWEEN 7420586 AND 7420686
	Index Only Scan using sbtest6_pkey on sbtest6  (cost=0.43..6.63 rows=110 width=4)
	  Index Cond: ((id >= 7420586) AND (id <= 7420686))

table 7 : explain SELECT id FROM sbtest7 WHERE id BETWEEN 7420586 AND 7420686
	Index Only Scan using sbtest7_pkey on sbtest7  (cost=0.43..6.53 rows=105 width=4)
	  Index Cond: ((id >= 7420586) AND (id <= 7420686))

table 8 : explain SELECT id FROM sbtest8 WHERE id BETWEEN 7420586 AND 7420686
	Index Only Scan using sbtest8_pkey on sbtest8  (cost=0.43..6.47 rows=102 width=4)
	  Index Cond: ((id >= 7420586) AND (id <= 7420686))

for range-covered
table 1 : explain SELECT id FROM sbtest1 WHERE id BETWEEN 4214381 AND 4214481
	Index Only Scan using sbtest1_pkey on sbtest1  (cost=0.43..6.45 rows=101 width=4)
	  Index Cond: ((id >= 4214381) AND (id <= 4214481))

table 2 : explain SELECT id FROM sbtest2 WHERE id BETWEEN 4214381 AND 4214481
	Index Only Scan using sbtest2_pkey on sbtest2  (cost=0.43..6.53 rows=105 width=4)
	  Index Cond: ((id >= 4214381) AND (id <= 4214481))

table 3 : explain SELECT id FROM sbtest3 WHERE id BETWEEN 4214381 AND 4214481
	Index Only Scan using sbtest3_pkey on sbtest3  (cost=0.43..6.50 rows=103 width=4)
	  Index Cond: ((id >= 4214381) AND (id <= 4214481))

table 4 : explain SELECT id FROM sbtest4 WHERE id BETWEEN 4214381 AND 4214481
	Index Only Scan using sbtest4_pkey on sbtest4  (cost=0.43..6.56 rows=106 width=4)
	  Index Cond: ((id >= 4214381) AND (id <= 4214481))

table 5 : explain SELECT id FROM sbtest5 WHERE id BETWEEN 4214381 AND 4214481
	Index Only Scan using sbtest5_pkey on sbtest5  (cost=0.43..6.50 rows=103 width=4)
	  Index Cond: ((id >= 4214381) AND (id <= 4214481))

table 6 : explain SELECT id FROM sbtest6 WHERE id BETWEEN 4214381 AND 4214481
	Index Only Scan using sbtest6_pkey on sbtest6  (cost=0.43..6.51 rows=104 width=4)
	  Index Cond: ((id >= 4214381) AND (id <= 4214481))

table 7 : explain SELECT id FROM sbtest7 WHERE id BETWEEN 4214381 AND 4214481
	Index Only Scan using sbtest7_pkey on sbtest7  (cost=0.43..6.37 rows=97 width=4)
	  Index Cond: ((id >= 4214381) AND (id <= 4214481))

table 8 : explain SELECT id FROM sbtest8 WHERE id BETWEEN 4214381 AND 4214481
	Index Only Scan using sbtest8_pkey on sbtest8  (cost=0.43..6.56 rows=106 width=4)
	  Index Cond: ((id >= 4214381) AND (id <= 4214481))

explain: for range-covered :: explain SELECT id FROM sbtest%d WHERE id BETWEEN 4214381 AND 4214481
for range-covered
table 1 : explain SELECT id FROM sbtest1 WHERE id BETWEEN 2005226 AND 2005326
	Index Only Scan using sbtest1_pkey on sbtest1  (cost=0.43..6.37 rows=97 width=4)
	  Index Cond: ((id >= 2005226) AND (id <= 2005326))

table 2 : explain SELECT id FROM sbtest2 WHERE id BETWEEN 2005226 AND 2005326
	Index Only Scan using sbtest2_pkey on sbtest2  (cost=0.43..6.43 rows=100 width=4)
	  Index Cond: ((id >= 2005226) AND (id <= 2005326))

table 3 : explain SELECT id FROM sbtest3 WHERE id BETWEEN 2005226 AND 2005326
	Index Only Scan using sbtest3_pkey on sbtest3  (cost=0.43..6.43 rows=100 width=4)
	  Index Cond: ((id >= 2005226) AND (id <= 2005326))

table 4 : explain SELECT id FROM sbtest4 WHERE id BETWEEN 2005226 AND 2005326
	Index Only Scan using sbtest4_pkey on sbtest4  (cost=0.43..6.43 rows=100 width=4)
	  Index Cond: ((id >= 2005226) AND (id <= 2005326))

table 5 : explain SELECT id FROM sbtest5 WHERE id BETWEEN 2005226 AND 2005326
	Index Only Scan using sbtest5_pkey on sbtest5  (cost=0.43..6.61 rows=109 width=4)
	  Index Cond: ((id >= 2005226) AND (id <= 2005326))

table 6 : explain SELECT id FROM sbtest6 WHERE id BETWEEN 2005226 AND 2005326
	Index Only Scan using sbtest6_pkey on sbtest6  (cost=0.43..6.35 rows=96 width=4)
	  Index Cond: ((id >= 2005226) AND (id <= 2005326))

table 7 : explain SELECT id FROM sbtest7 WHERE id BETWEEN 2005226 AND 2005326
	Index Only Scan using sbtest7_pkey on sbtest7  (cost=0.43..6.32 rows=94 width=4)
	  Index Cond: ((id >= 2005226) AND (id <= 2005326))

table 8 : explain SELECT id FROM sbtest8 WHERE id BETWEEN 2005226 AND 2005326
	Index Only Scan using sbtest8_pkey on sbtest8  (cost=0.43..6.72 rows=114 width=4)
	  Index Cond: ((id >= 2005226) AND (id <= 2005326))

explain: for range-covered :: explain SELECT id FROM sbtest%d WHERE id BETWEEN 2005226 AND 2005326
for range-covered
table 1 : explain SELECT id FROM sbtest1 WHERE id BETWEEN 5318523 AND 5318623
	Index Only Scan using sbtest1_pkey on sbtest1  (cost=0.43..6.19 rows=88 width=4)
	  Index Cond: ((id >= 5318523) AND (id <= 5318623))

table 2 : explain SELECT id FROM sbtest2 WHERE id BETWEEN 5318523 AND 5318623
	Index Only Scan using sbtest2_pkey on sbtest2  (cost=0.43..6.53 rows=105 width=4)
	  Index Cond: ((id >= 5318523) AND (id <= 5318623))

table 3 : explain SELECT id FROM sbtest3 WHERE id BETWEEN 5318523 AND 5318623
	Index Only Scan using sbtest3_pkey on sbtest3  (cost=0.43..6.24 rows=90 width=4)
	  Index Cond: ((id >= 5318523) AND (id <= 5318623))

table 4 : explain SELECT id FROM sbtest4 WHERE id BETWEEN 5318523 AND 5318623
	Index Only Scan using sbtest4_pkey on sbtest4  (cost=0.43..6.37 rows=97 width=4)
	  Index Cond: ((id >= 5318523) AND (id <= 5318623))

table 5 : explain SELECT id FROM sbtest5 WHERE id BETWEEN 5318523 AND 5318623
	Index Only Scan using sbtest5_pkey on sbtest5  (cost=0.43..6.29 rows=93 width=4)
	  Index Cond: ((id >= 5318523) AND (id <= 5318623))

table 6 : explain SELECT id FROM sbtest6 WHERE id BETWEEN 5318523 AND 5318623
	Index Only Scan using sbtest6_pkey on sbtest6  (cost=0.43..6.40 rows=98 width=4)
	  Index Cond: ((id >= 5318523) AND (id <= 5318623))

table 7 : explain SELECT id FROM sbtest7 WHERE id BETWEEN 5318523 AND 5318623
	Index Only Scan using sbtest7_pkey on sbtest7  (cost=0.43..6.43 rows=100 width=4)
	  Index Cond: ((id >= 5318523) AND (id <= 5318623))

table 8 : explain SELECT id FROM sbtest8 WHERE id BETWEEN 5318523 AND 5318623
	Index Only Scan using sbtest8_pkey on sbtest8  (cost=0.43..6.45 rows=101 width=4)
	  Index Cond: ((id >= 5318523) AND (id <= 5318623))

explain: for range-covered :: explain SELECT id FROM sbtest%d WHERE id BETWEEN 5318523 AND 5318623
for range-covered
table 1 : explain SELECT id FROM sbtest1 WHERE id BETWEEN 4214381 AND 4214481
	Index Only Scan using sbtest1_pkey on sbtest1  (cost=0.43..6.45 rows=101 width=4)
	  Index Cond: ((id >= 4214381) AND (id <= 4214481))

table 2 : explain SELECT id FROM sbtest2 WHERE id BETWEEN 4214381 AND 4214481
	Index Only Scan using sbtest2_pkey on sbtest2  (cost=0.43..6.53 rows=105 width=4)
	  Index Cond: ((id >= 4214381) AND (id <= 4214481))

table 3 : explain SELECT id FROM sbtest3 WHERE id BETWEEN 4214381 AND 4214481
	Index Only Scan using sbtest3_pkey on sbtest3  (cost=0.43..6.50 rows=103 width=4)
	  Index Cond: ((id >= 4214381) AND (id <= 4214481))

table 4 : explain SELECT id FROM sbtest4 WHERE id BETWEEN 4214381 AND 4214481
	Index Only Scan using sbtest4_pkey on sbtest4  (cost=0.43..6.56 rows=106 width=4)
	  Index Cond: ((id >= 4214381) AND (id <= 4214481))

table 5 : explain SELECT id FROM sbtest5 WHERE id BETWEEN 4214381 AND 4214481
	Index Only Scan using sbtest5_pkey on sbtest5  (cost=0.43..6.50 rows=103 width=4)
	  Index Cond: ((id >= 4214381) AND (id <= 4214481))

table 6 : explain SELECT id FROM sbtest6 WHERE id BETWEEN 4214381 AND 4214481
	Index Only Scan using sbtest6_pkey on sbtest6  (cost=0.43..6.51 rows=104 width=4)
	  Index Cond: ((id >= 4214381) AND (id <= 4214481))

table 7 : explain SELECT id FROM sbtest7 WHERE id BETWEEN 4214381 AND 4214481
	Index Only Scan using sbtest7_pkey on sbtest7  (cost=0.43..6.37 rows=97 width=4)
	  Index Cond: ((id >= 4214381) AND (id <= 4214481))

table 8 : explain SELECT id FROM sbtest8 WHERE id BETWEEN 4214381 AND 4214481
	Index Only Scan using sbtest8_pkey on sbtest8  (cost=0.43..6.56 rows=106 width=4)
	  Index Cond: ((id >= 4214381) AND (id <= 4214481))

explain: for range-covered :: explain SELECT id FROM sbtest%d WHERE id BETWEEN 4214381 AND 4214481
for range-covered
table 1 : explain SELECT id FROM sbtest1 WHERE id BETWEEN 4813625 AND 4813725
	Index Only Scan using sbtest1_pkey on sbtest1  (cost=0.43..6.51 rows=104 width=4)
	  Index Cond: ((id >= 4813625) AND (id <= 4813725))

table 2 : explain SELECT id FROM sbtest2 WHERE id BETWEEN 4813625 AND 4813725
	Index Only Scan using sbtest2_pkey on sbtest2  (cost=0.43..6.45 rows=101 width=4)
	  Index Cond: ((id >= 4813625) AND (id <= 4813725))

table 3 : explain SELECT id FROM sbtest3 WHERE id BETWEEN 4813625 AND 4813725
	Index Only Scan using sbtest3_pkey on sbtest3  (cost=0.43..6.40 rows=98 width=4)
	  Index Cond: ((id >= 4813625) AND (id <= 4813725))

table 4 : explain SELECT id FROM sbtest4 WHERE id BETWEEN 4813625 AND 4813725
	Index Only Scan using sbtest4_pkey on sbtest4  (cost=0.43..6.79 rows=118 width=4)
	  Index Cond: ((id >= 4813625) AND (id <= 4813725))

table 5 : explain SELECT id FROM sbtest5 WHERE id BETWEEN 4813625 AND 4813725
	Index Only Scan using sbtest5_pkey on sbtest5  (cost=0.43..6.61 rows=109 width=4)
	  Index Cond: ((id >= 4813625) AND (id <= 4813725))

table 6 : explain SELECT id FROM sbtest6 WHERE id BETWEEN 4813625 AND 4813725
	Index Only Scan using sbtest6_pkey on sbtest6  (cost=0.43..6.32 rows=94 width=4)
	  Index Cond: ((id >= 4813625) AND (id <= 4813725))

table 7 : explain SELECT id FROM sbtest7 WHERE id BETWEEN 4813625 AND 4813725
	Index Only Scan using sbtest7_pkey on sbtest7  (cost=0.43..6.37 rows=97 width=4)
	  Index Cond: ((id >= 4813625) AND (id <= 4813725))

table 8 : explain SELECT id FROM sbtest8 WHERE id BETWEEN 4813625 AND 4813725
	Index Only Scan using sbtest8_pkey on sbtest8  (cost=0.43..6.43 rows=100 width=4)
	  Index Cond: ((id >= 4813625) AND (id <= 4813725))

for range-covered
table 1 : explain SELECT id FROM sbtest1 WHERE id BETWEEN 2005226 AND 2005326
	Index Only Scan using sbtest1_pkey on sbtest1  (cost=0.43..6.37 rows=97 width=4)
	  Index Cond: ((id >= 2005226) AND (id <= 2005326))

table 2 : explain SELECT id FROM sbtest2 WHERE id BETWEEN 2005226 AND 2005326
	Index Only Scan using sbtest2_pkey on sbtest2  (cost=0.43..6.43 rows=100 width=4)
	  Index Cond: ((id >= 2005226) AND (id <= 2005326))

table 3 : explain SELECT id FROM sbtest3 WHERE id BETWEEN 2005226 AND 2005326
	Index Only Scan using sbtest3_pkey on sbtest3  (cost=0.43..6.43 rows=100 width=4)
	  Index Cond: ((id >= 2005226) AND (id <= 2005326))

table 4 : explain SELECT id FROM sbtest4 WHERE id BETWEEN 2005226 AND 2005326
	Index Only Scan using sbtest4_pkey on sbtest4  (cost=0.43..6.43 rows=100 width=4)
	  Index Cond: ((id >= 2005226) AND (id <= 2005326))

table 5 : explain SELECT id FROM sbtest5 WHERE id BETWEEN 2005226 AND 2005326
	Index Only Scan using sbtest5_pkey on sbtest5  (cost=0.43..6.61 rows=109 width=4)
	  Index Cond: ((id >= 2005226) AND (id <= 2005326))

table 6 : explain SELECT id FROM sbtest6 WHERE id BETWEEN 2005226 AND 2005326
	Index Only Scan using sbtest6_pkey on sbtest6  (cost=0.43..6.35 rows=96 width=4)
	  Index Cond: ((id >= 2005226) AND (id <= 2005326))

table 7 : explain SELECT id FROM sbtest7 WHERE id BETWEEN 2005226 AND 2005326
	Index Only Scan using sbtest7_pkey on sbtest7  (cost=0.43..6.32 rows=94 width=4)
	  Index Cond: ((id >= 2005226) AND (id <= 2005326))

table 8 : explain SELECT id FROM sbtest8 WHERE id BETWEEN 2005226 AND 2005326
	Index Only Scan using sbtest8_pkey on sbtest8  (cost=0.43..6.72 rows=114 width=4)
	  Index Cond: ((id >= 2005226) AND (id <= 2005326))

explain: for range-covered :: explain SELECT id FROM sbtest%d WHERE id BETWEEN 4813625 AND 4813725
for range-covered
table 1 : explain SELECT id FROM sbtest1 WHERE id BETWEEN 5318523 AND 5318623
	Index Only Scan using sbtest1_pkey on sbtest1  (cost=0.43..6.19 rows=88 width=4)
	  Index Cond: ((id >= 5318523) AND (id <= 5318623))

table 2 : explain SELECT id FROM sbtest2 WHERE id BETWEEN 5318523 AND 5318623
	Index Only Scan using sbtest2_pkey on sbtest2  (cost=0.43..6.53 rows=105 width=4)
	  Index Cond: ((id >= 5318523) AND (id <= 5318623))

table 3 : explain SELECT id FROM sbtest3 WHERE id BETWEEN 5318523 AND 5318623
	Index Only Scan using sbtest3_pkey on sbtest3  (cost=0.43..6.24 rows=90 width=4)
	  Index Cond: ((id >= 5318523) AND (id <= 5318623))

table 4 : explain SELECT id FROM sbtest4 WHERE id BETWEEN 5318523 AND 5318623
	Index Only Scan using sbtest4_pkey on sbtest4  (cost=0.43..6.37 rows=97 width=4)
	  Index Cond: ((id >= 5318523) AND (id <= 5318623))

table 5 : explain SELECT id FROM sbtest5 WHERE id BETWEEN 5318523 AND 5318623
	Index Only Scan using sbtest5_pkey on sbtest5  (cost=0.43..6.29 rows=93 width=4)
	  Index Cond: ((id >= 5318523) AND (id <= 5318623))

table 6 : explain SELECT id FROM sbtest6 WHERE id BETWEEN 5318523 AND 5318623
	Index Only Scan using sbtest6_pkey on sbtest6  (cost=0.43..6.40 rows=98 width=4)
	  Index Cond: ((id >= 5318523) AND (id <= 5318623))

table 7 : explain SELECT id FROM sbtest7 WHERE id BETWEEN 5318523 AND 5318623
	Index Only Scan using sbtest7_pkey on sbtest7  (cost=0.43..6.43 rows=100 width=4)
	  Index Cond: ((id >= 5318523) AND (id <= 5318623))

table 8 : explain SELECT id FROM sbtest8 WHERE id BETWEEN 5318523 AND 5318623
	Index Only Scan using sbtest8_pkey on sbtest8  (cost=0.43..6.45 rows=101 width=4)
	  Index Cond: ((id >= 5318523) AND (id <= 5318623))

explain: for range-covered :: explain SELECT id FROM sbtest%d WHERE id BETWEEN 5318523 AND 5318623
for range-covered
table 1 : explain SELECT id FROM sbtest1 WHERE id BETWEEN 4813625 AND 4813725
	Index Only Scan using sbtest1_pkey on sbtest1  (cost=0.43..6.51 rows=104 width=4)
	  Index Cond: ((id >= 4813625) AND (id <= 4813725))

table 2 : explain SELECT id FROM sbtest2 WHERE id BETWEEN 4813625 AND 4813725
	Index Only Scan using sbtest2_pkey on sbtest2  (cost=0.43..6.45 rows=101 width=4)
	  Index Cond: ((id >= 4813625) AND (id <= 4813725))

table 3 : explain SELECT id FROM sbtest3 WHERE id BETWEEN 4813625 AND 4813725
	Index Only Scan using sbtest3_pkey on sbtest3  (cost=0.43..6.40 rows=98 width=4)
	  Index Cond: ((id >= 4813625) AND (id <= 4813725))

table 4 : explain SELECT id FROM sbtest4 WHERE id BETWEEN 4813625 AND 4813725
	Index Only Scan using sbtest4_pkey on sbtest4  (cost=0.43..6.79 rows=118 width=4)
	  Index Cond: ((id >= 4813625) AND (id <= 4813725))

table 5 : explain SELECT id FROM sbtest5 WHERE id BETWEEN 4813625 AND 4813725
	Index Only Scan using sbtest5_pkey on sbtest5  (cost=0.43..6.61 rows=109 width=4)
	  Index Cond: ((id >= 4813625) AND (id <= 4813725))

table 6 : explain SELECT id FROM sbtest6 WHERE id BETWEEN 4813625 AND 4813725
	Index Only Scan using sbtest6_pkey on sbtest6  (cost=0.43..6.32 rows=94 width=4)
	  Index Cond: ((id >= 4813625) AND (id <= 4813725))

table 7 : explain SELECT id FROM sbtest7 WHERE id BETWEEN 4813625 AND 4813725
	Index Only Scan using sbtest7_pkey on sbtest7  (cost=0.43..6.37 rows=97 width=4)
	  Index Cond: ((id >= 4813625) AND (id <= 4813725))

table 8 : explain SELECT id FROM sbtest8 WHERE id BETWEEN 4813625 AND 4813725
	Index Only Scan using sbtest8_pkey on sbtest8  (cost=0.43..6.43 rows=100 width=4)
	  Index Cond: ((id >= 4813625) AND (id <= 4813725))

explain: for range-covered :: explain SELECT id FROM sbtest%d WHERE id BETWEEN 4813625 AND 4813725
for range-covered
table 1 : explain SELECT id FROM sbtest1 WHERE id BETWEEN 4214381 AND 4214481
	Index Only Scan using sbtest1_pkey on sbtest1  (cost=0.43..6.45 rows=101 width=4)
	  Index Cond: ((id >= 4214381) AND (id <= 4214481))

table 2 : explain SELECT id FROM sbtest2 WHERE id BETWEEN 4214381 AND 4214481
	Index Only Scan using sbtest2_pkey on sbtest2  (cost=0.43..6.53 rows=105 width=4)
	  Index Cond: ((id >= 4214381) AND (id <= 4214481))

table 3 : explain SELECT id FROM sbtest3 WHERE id BETWEEN 4214381 AND 4214481
	Index Only Scan using sbtest3_pkey on sbtest3  (cost=0.43..6.50 rows=103 width=4)
	  Index Cond: ((id >= 4214381) AND (id <= 4214481))

table 4 : explain SELECT id FROM sbtest4 WHERE id BETWEEN 4214381 AND 4214481
	Index Only Scan using sbtest4_pkey on sbtest4  (cost=0.43..6.56 rows=106 width=4)
	  Index Cond: ((id >= 4214381) AND (id <= 4214481))

table 5 : explain SELECT id FROM sbtest5 WHERE id BETWEEN 4214381 AND 4214481
	Index Only Scan using sbtest5_pkey on sbtest5  (cost=0.43..6.50 rows=103 width=4)
	  Index Cond: ((id >= 4214381) AND (id <= 4214481))

table 6 : explain SELECT id FROM sbtest6 WHERE id BETWEEN 4214381 AND 4214481
	Index Only Scan using sbtest6_pkey on sbtest6  (cost=0.43..6.51 rows=104 width=4)
	  Index Cond: ((id >= 4214381) AND (id <= 4214481))

table 7 : explain SELECT id FROM sbtest7 WHERE id BETWEEN 4214381 AND 4214481
	Index Only Scan using sbtest7_pkey on sbtest7  (cost=0.43..6.37 rows=97 width=4)
	  Index Cond: ((id >= 4214381) AND (id <= 4214481))

table 8 : explain SELECT id FROM sbtest8 WHERE id BETWEEN 4214381 AND 4214481
	Index Only Scan using sbtest8_pkey on sbtest8  (cost=0.43..6.56 rows=106 width=4)
	  Index Cond: ((id >= 4214381) AND (id <= 4214481))

explain: for range-covered :: explain SELECT id FROM sbtest%d WHERE id BETWEEN 4214381 AND 4214481
for range-covered
table 1 : explain SELECT id FROM sbtest1 WHERE id BETWEEN 2912967 AND 2913067
	Index Only Scan using sbtest1_pkey on sbtest1  (cost=0.43..6.45 rows=101 width=4)
	  Index Cond: ((id >= 2912967) AND (id <= 2913067))

table 2 : explain SELECT id FROM sbtest2 WHERE id BETWEEN 2912967 AND 2913067
	Index Only Scan using sbtest2_pkey on sbtest2  (cost=0.43..6.53 rows=105 width=4)
	  Index Cond: ((id >= 2912967) AND (id <= 2913067))

table 3 : explain SELECT id FROM sbtest3 WHERE id BETWEEN 2912967 AND 2913067
	Index Only Scan using sbtest3_pkey on sbtest3  (cost=0.43..6.56 rows=106 width=4)
	  Index Cond: ((id >= 2912967) AND (id <= 2913067))

table 4 : explain SELECT id FROM sbtest4 WHERE id BETWEEN 2912967 AND 2913067
	Index Only Scan using sbtest4_pkey on sbtest4  (cost=0.43..6.56 rows=106 width=4)
	  Index Cond: ((id >= 2912967) AND (id <= 2913067))

table 5 : explain SELECT id FROM sbtest5 WHERE id BETWEEN 2912967 AND 2913067
	Index Only Scan using sbtest5_pkey on sbtest5  (cost=0.43..6.53 rows=105 width=4)
	  Index Cond: ((id >= 2912967) AND (id <= 2913067))

table 6 : explain SELECT id FROM sbtest6 WHERE id BETWEEN 2912967 AND 2913067
	Index Only Scan using sbtest6_pkey on sbtest6  (cost=0.43..6.67 rows=112 width=4)
	  Index Cond: ((id >= 2912967) AND (id <= 2913067))

table 7 : explain SELECT id FROM sbtest7 WHERE id BETWEEN 2912967 AND 2913067
	Index Only Scan using sbtest7_pkey on sbtest7  (cost=0.43..6.56 rows=106 width=4)
	  Index Cond: ((id >= 2912967) AND (id <= 2913067))

table 8 : explain SELECT id FROM sbtest8 WHERE id BETWEEN 2912967 AND 2913067
	Index Only Scan using sbtest8_pkey on sbtest8  (cost=0.43..6.47 rows=102 width=4)
	  Index Cond: ((id >= 2912967) AND (id <= 2913067))

explain: for range-covered :: explain SELECT id FROM sbtest%d WHERE id BETWEEN 2912967 AND 2913067
explain: for range-covered :: explain SELECT id FROM sbtest%d WHERE id BETWEEN 7280005 AND 7280105
for range-covered
table 1 : explain SELECT id FROM sbtest1 WHERE id BETWEEN 4813625 AND 4813725
	Index Only Scan using sbtest1_pkey on sbtest1  (cost=0.43..6.51 rows=104 width=4)
	  Index Cond: ((id >= 4813625) AND (id <= 4813725))

table 2 : explain SELECT id FROM sbtest2 WHERE id BETWEEN 4813625 AND 4813725
	Index Only Scan using sbtest2_pkey on sbtest2  (cost=0.43..6.45 rows=101 width=4)
	  Index Cond: ((id >= 4813625) AND (id <= 4813725))

table 3 : explain SELECT id FROM sbtest3 WHERE id BETWEEN 4813625 AND 4813725
	Index Only Scan using sbtest3_pkey on sbtest3  (cost=0.43..6.40 rows=98 width=4)
	  Index Cond: ((id >= 4813625) AND (id <= 4813725))

table 4 : explain SELECT id FROM sbtest4 WHERE id BETWEEN 4813625 AND 4813725
	Index Only Scan using sbtest4_pkey on sbtest4  (cost=0.43..6.79 rows=118 width=4)
	  Index Cond: ((id >= 4813625) AND (id <= 4813725))

table 5 : explain SELECT id FROM sbtest5 WHERE id BETWEEN 4813625 AND 4813725
	Index Only Scan using sbtest5_pkey on sbtest5  (cost=0.43..6.61 rows=109 width=4)
	  Index Cond: ((id >= 4813625) AND (id <= 4813725))

table 6 : explain SELECT id FROM sbtest6 WHERE id BETWEEN 4813625 AND 4813725
	Index Only Scan using sbtest6_pkey on sbtest6  (cost=0.43..6.32 rows=94 width=4)
	  Index Cond: ((id >= 4813625) AND (id <= 4813725))

table 7 : explain SELECT id FROM sbtest7 WHERE id BETWEEN 4813625 AND 4813725
	Index Only Scan using sbtest7_pkey on sbtest7  (cost=0.43..6.37 rows=97 width=4)
	  Index Cond: ((id >= 4813625) AND (id <= 4813725))

table 8 : explain SELECT id FROM sbtest8 WHERE id BETWEEN 4813625 AND 4813725
	Index Only Scan using sbtest8_pkey on sbtest8  (cost=0.43..6.43 rows=100 width=4)
	  Index Cond: ((id >= 4813625) AND (id <= 4813725))

explain: for range-covered :: explain SELECT id FROM sbtest%d WHERE id BETWEEN 4813625 AND 4813725
for range-covered
table 1 : explain SELECT id FROM sbtest1 WHERE id BETWEEN 4214381 AND 4214481
	Index Only Scan using sbtest1_pkey on sbtest1  (cost=0.43..6.45 rows=101 width=4)
	  Index Cond: ((id >= 4214381) AND (id <= 4214481))

table 2 : explain SELECT id FROM sbtest2 WHERE id BETWEEN 4214381 AND 4214481
	Index Only Scan using sbtest2_pkey on sbtest2  (cost=0.43..6.53 rows=105 width=4)
	  Index Cond: ((id >= 4214381) AND (id <= 4214481))

table 3 : explain SELECT id FROM sbtest3 WHERE id BETWEEN 4214381 AND 4214481
	Index Only Scan using sbtest3_pkey on sbtest3  (cost=0.43..6.50 rows=103 width=4)
	  Index Cond: ((id >= 4214381) AND (id <= 4214481))

table 4 : explain SELECT id FROM sbtest4 WHERE id BETWEEN 4214381 AND 4214481
	Index Only Scan using sbtest4_pkey on sbtest4  (cost=0.43..6.56 rows=106 width=4)
	  Index Cond: ((id >= 4214381) AND (id <= 4214481))

table 5 : explain SELECT id FROM sbtest5 WHERE id BETWEEN 4214381 AND 4214481
	Index Only Scan using sbtest5_pkey on sbtest5  (cost=0.43..6.50 rows=103 width=4)
	  Index Cond: ((id >= 4214381) AND (id <= 4214481))

table 6 : explain SELECT id FROM sbtest6 WHERE id BETWEEN 4214381 AND 4214481
	Index Only Scan using sbtest6_pkey on sbtest6  (cost=0.43..6.51 rows=104 width=4)
	  Index Cond: ((id >= 4214381) AND (id <= 4214481))

table 7 : explain SELECT id FROM sbtest7 WHERE id BETWEEN 4214381 AND 4214481
	Index Only Scan using sbtest7_pkey on sbtest7  (cost=0.43..6.37 rows=97 width=4)
	  Index Cond: ((id >= 4214381) AND (id <= 4214481))

table 8 : explain SELECT id FROM sbtest8 WHERE id BETWEEN 4214381 AND 4214481
	Index Only Scan using sbtest8_pkey on sbtest8  (cost=0.43..6.56 rows=106 width=4)
	  Index Cond: ((id >= 4214381) AND (id <= 4214481))

for range-covered
table 1 : explain SELECT id FROM sbtest1 WHERE id BETWEEN 5318523 AND 5318623
	Index Only Scan using sbtest1_pkey on sbtest1  (cost=0.43..6.19 rows=88 width=4)
	  Index Cond: ((id >= 5318523) AND (id <= 5318623))

table 2 : explain SELECT id FROM sbtest2 WHERE id BETWEEN 5318523 AND 5318623
	Index Only Scan using sbtest2_pkey on sbtest2  (cost=0.43..6.53 rows=105 width=4)
	  Index Cond: ((id >= 5318523) AND (id <= 5318623))

table 3 : explain SELECT id FROM sbtest3 WHERE id BETWEEN 5318523 AND 5318623
	Index Only Scan using sbtest3_pkey on sbtest3  (cost=0.43..6.24 rows=90 width=4)
	  Index Cond: ((id >= 5318523) AND (id <= 5318623))

table 4 : explain SELECT id FROM sbtest4 WHERE id BETWEEN 5318523 AND 5318623
	Index Only Scan using sbtest4_pkey on sbtest4  (cost=0.43..6.37 rows=97 width=4)
	  Index Cond: ((id >= 5318523) AND (id <= 5318623))

table 5 : explain SELECT id FROM sbtest5 WHERE id BETWEEN 5318523 AND 5318623
	Index Only Scan using sbtest5_pkey on sbtest5  (cost=0.43..6.29 rows=93 width=4)
	  Index Cond: ((id >= 5318523) AND (id <= 5318623))

table 6 : explain SELECT id FROM sbtest6 WHERE id BETWEEN 5318523 AND 5318623
	Index Only Scan using sbtest6_pkey on sbtest6  (cost=0.43..6.40 rows=98 width=4)
	  Index Cond: ((id >= 5318523) AND (id <= 5318623))

table 7 : explain SELECT id FROM sbtest7 WHERE id BETWEEN 5318523 AND 5318623
	Index Only Scan using sbtest7_pkey on sbtest7  (cost=0.43..6.43 rows=100 width=4)
	  Index Cond: ((id >= 5318523) AND (id <= 5318623))

table 8 : explain SELECT id FROM sbtest8 WHERE id BETWEEN 5318523 AND 5318623
	Index Only Scan using sbtest8_pkey on sbtest8  (cost=0.43..6.45 rows=101 width=4)
	  Index Cond: ((id >= 5318523) AND (id <= 5318623))

explain: for range-covered :: explain SELECT id FROM sbtest%d WHERE id BETWEEN 5318523 AND 5318623
for range-covered
table 1 : explain SELECT id FROM sbtest1 WHERE id BETWEEN 4813625 AND 4813725
	Index Only Scan using sbtest1_pkey on sbtest1  (cost=0.43..6.51 rows=104 width=4)
	  Index Cond: ((id >= 4813625) AND (id <= 4813725))

table 2 : explain SELECT id FROM sbtest2 WHERE id BETWEEN 4813625 AND 4813725
	Index Only Scan using sbtest2_pkey on sbtest2  (cost=0.43..6.45 rows=101 width=4)
	  Index Cond: ((id >= 4813625) AND (id <= 4813725))

table 3 : explain SELECT id FROM sbtest3 WHERE id BETWEEN 4813625 AND 4813725
	Index Only Scan using sbtest3_pkey on sbtest3  (cost=0.43..6.40 rows=98 width=4)
	  Index Cond: ((id >= 4813625) AND (id <= 4813725))

table 4 : explain SELECT id FROM sbtest4 WHERE id BETWEEN 4813625 AND 4813725
	Index Only Scan using sbtest4_pkey on sbtest4  (cost=0.43..6.79 rows=118 width=4)
	  Index Cond: ((id >= 4813625) AND (id <= 4813725))

table 5 : explain SELECT id FROM sbtest5 WHERE id BETWEEN 4813625 AND 4813725
	Index Only Scan using sbtest5_pkey on sbtest5  (cost=0.43..6.61 rows=109 width=4)
	  Index Cond: ((id >= 4813625) AND (id <= 4813725))

table 6 : explain SELECT id FROM sbtest6 WHERE id BETWEEN 4813625 AND 4813725
	Index Only Scan using sbtest6_pkey on sbtest6  (cost=0.43..6.32 rows=94 width=4)
	  Index Cond: ((id >= 4813625) AND (id <= 4813725))

table 7 : explain SELECT id FROM sbtest7 WHERE id BETWEEN 4813625 AND 4813725
	Index Only Scan using sbtest7_pkey on sbtest7  (cost=0.43..6.37 rows=97 width=4)
	  Index Cond: ((id >= 4813625) AND (id <= 4813725))

table 8 : explain SELECT id FROM sbtest8 WHERE id BETWEEN 4813625 AND 4813725
	Index Only Scan using sbtest8_pkey on sbtest8  (cost=0.43..6.43 rows=100 width=4)
	  Index Cond: ((id >= 4813625) AND (id <= 4813725))

explain: for range-covered :: explain SELECT id FROM sbtest%d WHERE id BETWEEN 7073770 AND 7073870
explain: for range-covered :: explain SELECT id FROM sbtest%d WHERE id BETWEEN 4813625 AND 4813725
for range-covered
table 1 : explain SELECT id FROM sbtest1 WHERE id BETWEEN 2912967 AND 2913067
	Index Only Scan using sbtest1_pkey on sbtest1  (cost=0.43..6.45 rows=101 width=4)
	  Index Cond: ((id >= 2912967) AND (id <= 2913067))

table 2 : explain SELECT id FROM sbtest2 WHERE id BETWEEN 2912967 AND 2913067
	Index Only Scan using sbtest2_pkey on sbtest2  (cost=0.43..6.53 rows=105 width=4)
	  Index Cond: ((id >= 2912967) AND (id <= 2913067))

table 3 : explain SELECT id FROM sbtest3 WHERE id BETWEEN 2912967 AND 2913067
	Index Only Scan using sbtest3_pkey on sbtest3  (cost=0.43..6.56 rows=106 width=4)
	  Index Cond: ((id >= 2912967) AND (id <= 2913067))

table 4 : explain SELECT id FROM sbtest4 WHERE id BETWEEN 2912967 AND 2913067
	Index Only Scan using sbtest4_pkey on sbtest4  (cost=0.43..6.56 rows=106 width=4)
	  Index Cond: ((id >= 2912967) AND (id <= 2913067))

table 5 : explain SELECT id FROM sbtest5 WHERE id BETWEEN 2912967 AND 2913067
	Index Only Scan using sbtest5_pkey on sbtest5  (cost=0.43..6.53 rows=105 width=4)
	  Index Cond: ((id >= 2912967) AND (id <= 2913067))

table 6 : explain SELECT id FROM sbtest6 WHERE id BETWEEN 2912967 AND 2913067
	Index Only Scan using sbtest6_pkey on sbtest6  (cost=0.43..6.67 rows=112 width=4)
	  Index Cond: ((id >= 2912967) AND (id <= 2913067))

table 7 : explain SELECT id FROM sbtest7 WHERE id BETWEEN 2912967 AND 2913067
	Index Only Scan using sbtest7_pkey on sbtest7  (cost=0.43..6.56 rows=106 width=4)
	  Index Cond: ((id >= 2912967) AND (id <= 2913067))

table 8 : explain SELECT id FROM sbtest8 WHERE id BETWEEN 2912967 AND 2913067
	Index Only Scan using sbtest8_pkey on sbtest8  (cost=0.43..6.47 rows=102 width=4)
	  Index Cond: ((id >= 2912967) AND (id <= 2913067))

explain: for range-covered :: explain SELECT id FROM sbtest%d WHERE id BETWEEN 2912967 AND 2913067
explain: for range-covered :: explain SELECT id FROM sbtest%d WHERE id BETWEEN 5491294 AND 5491394
explain: for range-covered :: explain SELECT id FROM sbtest%d WHERE id BETWEEN 6802945 AND 6803045
for range-covered
table 1 : explain SELECT id FROM sbtest1 WHERE id BETWEEN 4813625 AND 4813725
	Index Only Scan using sbtest1_pkey on sbtest1  (cost=0.43..6.51 rows=104 width=4)
	  Index Cond: ((id >= 4813625) AND (id <= 4813725))

table 2 : explain SELECT id FROM sbtest2 WHERE id BETWEEN 4813625 AND 4813725
	Index Only Scan using sbtest2_pkey on sbtest2  (cost=0.43..6.45 rows=101 width=4)
	  Index Cond: ((id >= 4813625) AND (id <= 4813725))

table 3 : explain SELECT id FROM sbtest3 WHERE id BETWEEN 4813625 AND 4813725
	Index Only Scan using sbtest3_pkey on sbtest3  (cost=0.43..6.40 rows=98 width=4)
	  Index Cond: ((id >= 4813625) AND (id <= 4813725))

table 4 : explain SELECT id FROM sbtest4 WHERE id BETWEEN 4813625 AND 4813725
	Index Only Scan using sbtest4_pkey on sbtest4  (cost=0.43..6.79 rows=118 width=4)
	  Index Cond: ((id >= 4813625) AND (id <= 4813725))

table 5 : explain SELECT id FROM sbtest5 WHERE id BETWEEN 4813625 AND 4813725
	Index Only Scan using sbtest5_pkey on sbtest5  (cost=0.43..6.61 rows=109 width=4)
	  Index Cond: ((id >= 4813625) AND (id <= 4813725))

table 6 : explain SELECT id FROM sbtest6 WHERE id BETWEEN 4813625 AND 4813725
	Index Only Scan using sbtest6_pkey on sbtest6  (cost=0.43..6.32 rows=94 width=4)
	  Index Cond: ((id >= 4813625) AND (id <= 4813725))

table 7 : explain SELECT id FROM sbtest7 WHERE id BETWEEN 4813625 AND 4813725
	Index Only Scan using sbtest7_pkey on sbtest7  (cost=0.43..6.37 rows=97 width=4)
	  Index Cond: ((id >= 4813625) AND (id <= 4813725))

table 8 : explain SELECT id FROM sbtest8 WHERE id BETWEEN 4813625 AND 4813725
	Index Only Scan using sbtest8_pkey on sbtest8  (cost=0.43..6.43 rows=100 width=4)
	  Index Cond: ((id >= 4813625) AND (id <= 4813725))

explain: for range-covered :: explain SELECT id FROM sbtest%d WHERE id BETWEEN 4813625 AND 4813725
for range-covered
table 1 : explain SELECT id FROM sbtest1 WHERE id BETWEEN 5318523 AND 5318623
	Index Only Scan using sbtest1_pkey on sbtest1  (cost=0.43..6.19 rows=88 width=4)
	  Index Cond: ((id >= 5318523) AND (id <= 5318623))

table 2 : explain SELECT id FROM sbtest2 WHERE id BETWEEN 5318523 AND 5318623
	Index Only Scan using sbtest2_pkey on sbtest2  (cost=0.43..6.53 rows=105 width=4)
	  Index Cond: ((id >= 5318523) AND (id <= 5318623))

table 3 : explain SELECT id FROM sbtest3 WHERE id BETWEEN 5318523 AND 5318623
	Index Only Scan using sbtest3_pkey on sbtest3  (cost=0.43..6.24 rows=90 width=4)
	  Index Cond: ((id >= 5318523) AND (id <= 5318623))

table 4 : explain SELECT id FROM sbtest4 WHERE id BETWEEN 5318523 AND 5318623
	Index Only Scan using sbtest4_pkey on sbtest4  (cost=0.43..6.37 rows=97 width=4)
	  Index Cond: ((id >= 5318523) AND (id <= 5318623))

table 5 : explain SELECT id FROM sbtest5 WHERE id BETWEEN 5318523 AND 5318623
	Index Only Scan using sbtest5_pkey on sbtest5  (cost=0.43..6.29 rows=93 width=4)
	  Index Cond: ((id >= 5318523) AND (id <= 5318623))

table 6 : explain SELECT id FROM sbtest6 WHERE id BETWEEN 5318523 AND 5318623
	Index Only Scan using sbtest6_pkey on sbtest6  (cost=0.43..6.40 rows=98 width=4)
	  Index Cond: ((id >= 5318523) AND (id <= 5318623))

table 7 : explain SELECT id FROM sbtest7 WHERE id BETWEEN 5318523 AND 5318623
	Index Only Scan using sbtest7_pkey on sbtest7  (cost=0.43..6.43 rows=100 width=4)
	  Index Cond: ((id >= 5318523) AND (id <= 5318623))

table 8 : explain SELECT id FROM sbtest8 WHERE id BETWEEN 5318523 AND 5318623
	Index Only Scan using sbtest8_pkey on sbtest8  (cost=0.43..6.45 rows=101 width=4)
	  Index Cond: ((id >= 5318523) AND (id <= 5318623))

explain: for range-covered :: explain SELECT id FROM sbtest%d WHERE id BETWEEN 2175751 AND 2175851
explain: for range-covered :: explain SELECT id FROM sbtest%d WHERE id BETWEEN 5318523 AND 5318623
for range-covered
table 1 : explain SELECT id FROM sbtest1 WHERE id BETWEEN 4813625 AND 4813725
	Index Only Scan using sbtest1_pkey on sbtest1  (cost=0.43..6.51 rows=104 width=4)
	  Index Cond: ((id >= 4813625) AND (id <= 4813725))

table 2 : explain SELECT id FROM sbtest2 WHERE id BETWEEN 4813625 AND 4813725
	Index Only Scan using sbtest2_pkey on sbtest2  (cost=0.43..6.45 rows=101 width=4)
	  Index Cond: ((id >= 4813625) AND (id <= 4813725))

table 3 : explain SELECT id FROM sbtest3 WHERE id BETWEEN 4813625 AND 4813725
	Index Only Scan using sbtest3_pkey on sbtest3  (cost=0.43..6.40 rows=98 width=4)
	  Index Cond: ((id >= 4813625) AND (id <= 4813725))

table 4 : explain SELECT id FROM sbtest4 WHERE id BETWEEN 4813625 AND 4813725
	Index Only Scan using sbtest4_pkey on sbtest4  (cost=0.43..6.79 rows=118 width=4)
	  Index Cond: ((id >= 4813625) AND (id <= 4813725))

table 5 : explain SELECT id FROM sbtest5 WHERE id BETWEEN 4813625 AND 4813725
	Index Only Scan using sbtest5_pkey on sbtest5  (cost=0.43..6.61 rows=109 width=4)
	  Index Cond: ((id >= 4813625) AND (id <= 4813725))

table 6 : explain SELECT id FROM sbtest6 WHERE id BETWEEN 4813625 AND 4813725
	Index Only Scan using sbtest6_pkey on sbtest6  (cost=0.43..6.32 rows=94 width=4)
	  Index Cond: ((id >= 4813625) AND (id <= 4813725))

table 7 : explain SELECT id FROM sbtest7 WHERE id BETWEEN 4813625 AND 4813725
	Index Only Scan using sbtest7_pkey on sbtest7  (cost=0.43..6.37 rows=97 width=4)
	  Index Cond: ((id >= 4813625) AND (id <= 4813725))

table 8 : explain SELECT id FROM sbtest8 WHERE id BETWEEN 4813625 AND 4813725
	Index Only Scan using sbtest8_pkey on sbtest8  (cost=0.43..6.43 rows=100 width=4)
	  Index Cond: ((id >= 4813625) AND (id <= 4813725))

explain: for range-covered :: explain SELECT id FROM sbtest%d WHERE id BETWEEN 4813625 AND 4813725
for range-covered
table 1 : explain SELECT id FROM sbtest1 WHERE id BETWEEN 7280005 AND 7280105
	Index Only Scan using sbtest1_pkey on sbtest1  (cost=0.43..6.42 rows=99 width=4)
	  Index Cond: ((id >= 7280005) AND (id <= 7280105))

table 2 : explain SELECT id FROM sbtest2 WHERE id BETWEEN 7280005 AND 7280105
	Index Only Scan using sbtest2_pkey on sbtest2  (cost=0.43..6.58 rows=107 width=4)
	  Index Cond: ((id >= 7280005) AND (id <= 7280105))

table 3 : explain SELECT id FROM sbtest3 WHERE id BETWEEN 7280005 AND 7280105
	Index Only Scan using sbtest3_pkey on sbtest3  (cost=0.43..6.63 rows=110 width=4)
	  Index Cond: ((id >= 7280005) AND (id <= 7280105))

table 4 : explain SELECT id FROM sbtest4 WHERE id BETWEEN 7280005 AND 7280105
	Index Only Scan using sbtest4_pkey on sbtest4  (cost=0.43..6.43 rows=100 width=4)
	  Index Cond: ((id >= 7280005) AND (id <= 7280105))

table 5 : explain SELECT id FROM sbtest5 WHERE id BETWEEN 7280005 AND 7280105
	Index Only Scan using sbtest5_pkey on sbtest5  (cost=0.43..6.40 rows=98 width=4)
	  Index Cond: ((id >= 7280005) AND (id <= 7280105))

table 6 : explain SELECT id FROM sbtest6 WHERE id BETWEEN 7280005 AND 7280105
	Index Only Scan using sbtest6_pkey on sbtest6  (cost=0.43..6.45 rows=101 width=4)
	  Index Cond: ((id >= 7280005) AND (id <= 7280105))

table 7 : explain SELECT id FROM sbtest7 WHERE id BETWEEN 7280005 AND 7280105
	Index Only Scan using sbtest7_pkey on sbtest7  (cost=0.43..6.63 rows=110 width=4)
	  Index Cond: ((id >= 7280005) AND (id <= 7280105))

table 8 : explain SELECT id FROM sbtest8 WHERE id BETWEEN 7280005 AND 7280105
	Index Only Scan using sbtest8_pkey on sbtest8  (cost=0.43..6.50 rows=103 width=4)
	  Index Cond: ((id >= 7280005) AND (id <= 7280105))

explain: for range-covered :: explain SELECT id FROM sbtest%d WHERE id BETWEEN 7280005 AND 7280105
for range-covered
table 1 : explain SELECT id FROM sbtest1 WHERE id BETWEEN 2912967 AND 2913067
	Index Only Scan using sbtest1_pkey on sbtest1  (cost=0.43..6.45 rows=101 width=4)
	  Index Cond: ((id >= 2912967) AND (id <= 2913067))

table 2 : explain SELECT id FROM sbtest2 WHERE id BETWEEN 2912967 AND 2913067
	Index Only Scan using sbtest2_pkey on sbtest2  (cost=0.43..6.53 rows=105 width=4)
	  Index Cond: ((id >= 2912967) AND (id <= 2913067))

table 3 : explain SELECT id FROM sbtest3 WHERE id BETWEEN 2912967 AND 2913067
	Index Only Scan using sbtest3_pkey on sbtest3  (cost=0.43..6.56 rows=106 width=4)
	  Index Cond: ((id >= 2912967) AND (id <= 2913067))

table 4 : explain SELECT id FROM sbtest4 WHERE id BETWEEN 2912967 AND 2913067
	Index Only Scan using sbtest4_pkey on sbtest4  (cost=0.43..6.56 rows=106 width=4)
	  Index Cond: ((id >= 2912967) AND (id <= 2913067))

table 5 : explain SELECT id FROM sbtest5 WHERE id BETWEEN 2912967 AND 2913067
	Index Only Scan using sbtest5_pkey on sbtest5  (cost=0.43..6.53 rows=105 width=4)
	  Index Cond: ((id >= 2912967) AND (id <= 2913067))

table 6 : explain SELECT id FROM sbtest6 WHERE id BETWEEN 2912967 AND 2913067
	Index Only Scan using sbtest6_pkey on sbtest6  (cost=0.43..6.67 rows=112 width=4)
	  Index Cond: ((id >= 2912967) AND (id <= 2913067))

table 7 : explain SELECT id FROM sbtest7 WHERE id BETWEEN 2912967 AND 2913067
	Index Only Scan using sbtest7_pkey on sbtest7  (cost=0.43..6.56 rows=106 width=4)
	  Index Cond: ((id >= 2912967) AND (id <= 2913067))

table 8 : explain SELECT id FROM sbtest8 WHERE id BETWEEN 2912967 AND 2913067
	Index Only Scan using sbtest8_pkey on sbtest8  (cost=0.43..6.47 rows=102 width=4)
	  Index Cond: ((id >= 2912967) AND (id <= 2913067))

explain: for range-covered :: explain SELECT id FROM sbtest%d WHERE id BETWEEN 2912967 AND 2913067
for range-covered
table 1 : explain SELECT id FROM sbtest1 WHERE id BETWEEN 4813625 AND 4813725
	Index Only Scan using sbtest1_pkey on sbtest1  (cost=0.43..6.51 rows=104 width=4)
	  Index Cond: ((id >= 4813625) AND (id <= 4813725))

table 2 : explain SELECT id FROM sbtest2 WHERE id BETWEEN 4813625 AND 4813725
	Index Only Scan using sbtest2_pkey on sbtest2  (cost=0.43..6.45 rows=101 width=4)
	  Index Cond: ((id >= 4813625) AND (id <= 4813725))

table 3 : explain SELECT id FROM sbtest3 WHERE id BETWEEN 4813625 AND 4813725
	Index Only Scan using sbtest3_pkey on sbtest3  (cost=0.43..6.40 rows=98 width=4)
	  Index Cond: ((id >= 4813625) AND (id <= 4813725))

table 4 : explain SELECT id FROM sbtest4 WHERE id BETWEEN 4813625 AND 4813725
	Index Only Scan using sbtest4_pkey on sbtest4  (cost=0.43..6.79 rows=118 width=4)
	  Index Cond: ((id >= 4813625) AND (id <= 4813725))

table 5 : explain SELECT id FROM sbtest5 WHERE id BETWEEN 4813625 AND 4813725
	Index Only Scan using sbtest5_pkey on sbtest5  (cost=0.43..6.61 rows=109 width=4)
	  Index Cond: ((id >= 4813625) AND (id <= 4813725))

table 6 : explain SELECT id FROM sbtest6 WHERE id BETWEEN 4813625 AND 4813725
	Index Only Scan using sbtest6_pkey on sbtest6  (cost=0.43..6.32 rows=94 width=4)
	  Index Cond: ((id >= 4813625) AND (id <= 4813725))

table 7 : explain SELECT id FROM sbtest7 WHERE id BETWEEN 4813625 AND 4813725
	Index Only Scan using sbtest7_pkey on sbtest7  (cost=0.43..6.37 rows=97 width=4)
	  Index Cond: ((id >= 4813625) AND (id <= 4813725))

table 8 : explain SELECT id FROM sbtest8 WHERE id BETWEEN 4813625 AND 4813725
	Index Only Scan using sbtest8_pkey on sbtest8  (cost=0.43..6.43 rows=100 width=4)
	  Index Cond: ((id >= 4813625) AND (id <= 4813725))

explain: for range-covered :: explain SELECT id FROM sbtest%d WHERE id BETWEEN 4813625 AND 4813725
for range-covered
table 1 : explain SELECT id FROM sbtest1 WHERE id BETWEEN 5318523 AND 5318623
	Index Only Scan using sbtest1_pkey on sbtest1  (cost=0.43..6.19 rows=88 width=4)
	  Index Cond: ((id >= 5318523) AND (id <= 5318623))

table 2 : explain SELECT id FROM sbtest2 WHERE id BETWEEN 5318523 AND 5318623
	Index Only Scan using sbtest2_pkey on sbtest2  (cost=0.43..6.53 rows=105 width=4)
	  Index Cond: ((id >= 5318523) AND (id <= 5318623))

table 3 : explain SELECT id FROM sbtest3 WHERE id BETWEEN 5318523 AND 5318623
	Index Only Scan using sbtest3_pkey on sbtest3  (cost=0.43..6.24 rows=90 width=4)
	  Index Cond: ((id >= 5318523) AND (id <= 5318623))

table 4 : explain SELECT id FROM sbtest4 WHERE id BETWEEN 5318523 AND 5318623
	Index Only Scan using sbtest4_pkey on sbtest4  (cost=0.43..6.37 rows=97 width=4)
	  Index Cond: ((id >= 5318523) AND (id <= 5318623))

table 5 : explain SELECT id FROM sbtest5 WHERE id BETWEEN 5318523 AND 5318623
	Index Only Scan using sbtest5_pkey on sbtest5  (cost=0.43..6.29 rows=93 width=4)
	  Index Cond: ((id >= 5318523) AND (id <= 5318623))

table 6 : explain SELECT id FROM sbtest6 WHERE id BETWEEN 5318523 AND 5318623
	Index Only Scan using sbtest6_pkey on sbtest6  (cost=0.43..6.40 rows=98 width=4)
	  Index Cond: ((id >= 5318523) AND (id <= 5318623))

table 7 : explain SELECT id FROM sbtest7 WHERE id BETWEEN 5318523 AND 5318623
	Index Only Scan using sbtest7_pkey on sbtest7  (cost=0.43..6.43 rows=100 width=4)
	  Index Cond: ((id >= 5318523) AND (id <= 5318623))

table 8 : explain SELECT id FROM sbtest8 WHERE id BETWEEN 5318523 AND 5318623
	Index Only Scan using sbtest8_pkey on sbtest8  (cost=0.43..6.45 rows=101 width=4)
	  Index Cond: ((id >= 5318523) AND (id <= 5318623))

for range-covered
table 1 : explain SELECT id FROM sbtest1 WHERE id BETWEEN 7073770 AND 7073870
	Index Only Scan using sbtest1_pkey on sbtest1  (cost=0.43..6.63 rows=110 width=4)
	  Index Cond: ((id >= 7073770) AND (id <= 7073870))

table 2 : explain SELECT id FROM sbtest2 WHERE id BETWEEN 7073770 AND 7073870
	Index Only Scan using sbtest2_pkey on sbtest2  (cost=0.43..6.45 rows=101 width=4)
	  Index Cond: ((id >= 7073770) AND (id <= 7073870))

table 3 : explain SELECT id FROM sbtest3 WHERE id BETWEEN 7073770 AND 7073870
	Index Only Scan using sbtest3_pkey on sbtest3  (cost=0.43..6.47 rows=102 width=4)
	  Index Cond: ((id >= 7073770) AND (id <= 7073870))

table 4 : explain SELECT id FROM sbtest4 WHERE id BETWEEN 7073770 AND 7073870
	Index Only Scan using sbtest4_pkey on sbtest4  (cost=0.43..6.37 rows=97 width=4)
	  Index Cond: ((id >= 7073770) AND (id <= 7073870))

table 5 : explain SELECT id FROM sbtest5 WHERE id BETWEEN 7073770 AND 7073870
	Index Only Scan using sbtest5_pkey on sbtest5  (cost=0.43..6.40 rows=98 width=4)
	  Index Cond: ((id >= 7073770) AND (id <= 7073870))

table 6 : explain SELECT id FROM sbtest6 WHERE id BETWEEN 7073770 AND 7073870
	Index Only Scan using sbtest6_pkey on sbtest6  (cost=0.43..6.21 rows=89 width=4)
	  Index Cond: ((id >= 7073770) AND (id <= 7073870))

table 7 : explain SELECT id FROM sbtest7 WHERE id BETWEEN 7073770 AND 7073870
	Index Only Scan using sbtest7_pkey on sbtest7  (cost=0.43..6.35 rows=96 width=4)
	  Index Cond: ((id >= 7073770) AND (id <= 7073870))

table 8 : explain SELECT id FROM sbtest8 WHERE id BETWEEN 7073770 AND 7073870
	Index Only Scan using sbtest8_pkey on sbtest8  (cost=0.43..6.56 rows=106 width=4)
	  Index Cond: ((id >= 7073770) AND (id <= 7073870))

for range-covered
table 1 : explain SELECT id FROM sbtest1 WHERE id BETWEEN 7280005 AND 7280105
	Index Only Scan using sbtest1_pkey on sbtest1  (cost=0.43..6.42 rows=99 width=4)
	  Index Cond: ((id >= 7280005) AND (id <= 7280105))

table 2 : explain SELECT id FROM sbtest2 WHERE id BETWEEN 7280005 AND 7280105
	Index Only Scan using sbtest2_pkey on sbtest2  (cost=0.43..6.58 rows=107 width=4)
	  Index Cond: ((id >= 7280005) AND (id <= 7280105))

table 3 : explain SELECT id FROM sbtest3 WHERE id BETWEEN 7280005 AND 7280105
	Index Only Scan using sbtest3_pkey on sbtest3  (cost=0.43..6.63 rows=110 width=4)
	  Index Cond: ((id >= 7280005) AND (id <= 7280105))

table 4 : explain SELECT id FROM sbtest4 WHERE id BETWEEN 7280005 AND 7280105
	Index Only Scan using sbtest4_pkey on sbtest4  (cost=0.43..6.43 rows=100 width=4)
	  Index Cond: ((id >= 7280005) AND (id <= 7280105))

table 5 : explain SELECT id FROM sbtest5 WHERE id BETWEEN 7280005 AND 7280105
	Index Only Scan using sbtest5_pkey on sbtest5  (cost=0.43..6.40 rows=98 width=4)
	  Index Cond: ((id >= 7280005) AND (id <= 7280105))

table 6 : explain SELECT id FROM sbtest6 WHERE id BETWEEN 7280005 AND 7280105
	Index Only Scan using sbtest6_pkey on sbtest6  (cost=0.43..6.45 rows=101 width=4)
	  Index Cond: ((id >= 7280005) AND (id <= 7280105))

table 7 : explain SELECT id FROM sbtest7 WHERE id BETWEEN 7280005 AND 7280105
	Index Only Scan using sbtest7_pkey on sbtest7  (cost=0.43..6.63 rows=110 width=4)
	  Index Cond: ((id >= 7280005) AND (id <= 7280105))

table 8 : explain SELECT id FROM sbtest8 WHERE id BETWEEN 7280005 AND 7280105
	Index Only Scan using sbtest8_pkey on sbtest8  (cost=0.43..6.50 rows=103 width=4)
	  Index Cond: ((id >= 7280005) AND (id <= 7280105))

explain: for range-covered :: explain SELECT id FROM sbtest%d WHERE id BETWEEN 7280005 AND 7280105
explain: for range-covered :: explain SELECT id FROM sbtest%d WHERE id BETWEEN 7073770 AND 7073870
explain: for range-covered :: explain SELECT id FROM sbtest%d WHERE id BETWEEN 5318523 AND 5318623
for range-covered
table 1 : explain SELECT id FROM sbtest1 WHERE id BETWEEN 5491294 AND 5491394
	Index Only Scan using sbtest1_pkey on sbtest1  (cost=0.43..6.69 rows=113 width=4)
	  Index Cond: ((id >= 5491294) AND (id <= 5491394))

table 2 : explain SELECT id FROM sbtest2 WHERE id BETWEEN 5491294 AND 5491394
	Index Only Scan using sbtest2_pkey on sbtest2  (cost=0.43..6.63 rows=110 width=4)
	  Index Cond: ((id >= 5491294) AND (id <= 5491394))

table 3 : explain SELECT id FROM sbtest3 WHERE id BETWEEN 5491294 AND 5491394
	Index Only Scan using sbtest3_pkey on sbtest3  (cost=0.43..6.29 rows=93 width=4)
	  Index Cond: ((id >= 5491294) AND (id <= 5491394))

table 4 : explain SELECT id FROM sbtest4 WHERE id BETWEEN 5491294 AND 5491394
	Index Only Scan using sbtest4_pkey on sbtest4  (cost=0.43..6.40 rows=98 width=4)
	  Index Cond: ((id >= 5491294) AND (id <= 5491394))

table 5 : explain SELECT id FROM sbtest5 WHERE id BETWEEN 5491294 AND 5491394
	Index Only Scan using sbtest5_pkey on sbtest5  (cost=0.43..6.24 rows=90 width=4)
	  Index Cond: ((id >= 5491294) AND (id <= 5491394))

table 6 : explain SELECT id FROM sbtest6 WHERE id BETWEEN 5491294 AND 5491394
	Index Only Scan using sbtest6_pkey on sbtest6  (cost=0.43..6.42 rows=99 width=4)
	  Index Cond: ((id >= 5491294) AND (id <= 5491394))

table 7 : explain SELECT id FROM sbtest7 WHERE id BETWEEN 5491294 AND 5491394
	Index Only Scan using sbtest7_pkey on sbtest7  (cost=0.43..6.61 rows=109 width=4)
	  Index Cond: ((id >= 5491294) AND (id <= 5491394))

table 8 : explain SELECT id FROM sbtest8 WHERE id BETWEEN 5491294 AND 5491394
	Index Only Scan using sbtest8_pkey on sbtest8  (cost=0.43..6.56 rows=106 width=4)
	  Index Cond: ((id >= 5491294) AND (id <= 5491394))

explain: for range-covered :: explain SELECT id FROM sbtest%d WHERE id BETWEEN 5491294 AND 5491394
for range-covered
table 1 : explain SELECT id FROM sbtest1 WHERE id BETWEEN 7280005 AND 7280105
	Index Only Scan using sbtest1_pkey on sbtest1  (cost=0.43..6.42 rows=99 width=4)
	  Index Cond: ((id >= 7280005) AND (id <= 7280105))

table 2 : explain SELECT id FROM sbtest2 WHERE id BETWEEN 7280005 AND 7280105
	Index Only Scan using sbtest2_pkey on sbtest2  (cost=0.43..6.58 rows=107 width=4)
	  Index Cond: ((id >= 7280005) AND (id <= 7280105))

table 3 : explain SELECT id FROM sbtest3 WHERE id BETWEEN 7280005 AND 7280105
	Index Only Scan using sbtest3_pkey on sbtest3  (cost=0.43..6.63 rows=110 width=4)
	  Index Cond: ((id >= 7280005) AND (id <= 7280105))

table 4 : explain SELECT id FROM sbtest4 WHERE id BETWEEN 7280005 AND 7280105
	Index Only Scan using sbtest4_pkey on sbtest4  (cost=0.43..6.43 rows=100 width=4)
	  Index Cond: ((id >= 7280005) AND (id <= 7280105))

table 5 : explain SELECT id FROM sbtest5 WHERE id BETWEEN 7280005 AND 7280105
	Index Only Scan using sbtest5_pkey on sbtest5  (cost=0.43..6.40 rows=98 width=4)
	  Index Cond: ((id >= 7280005) AND (id <= 7280105))

table 6 : explain SELECT id FROM sbtest6 WHERE id BETWEEN 7280005 AND 7280105
	Index Only Scan using sbtest6_pkey on sbtest6  (cost=0.43..6.45 rows=101 width=4)
	  Index Cond: ((id >= 7280005) AND (id <= 7280105))

table 7 : explain SELECT id FROM sbtest7 WHERE id BETWEEN 7280005 AND 7280105
	Index Only Scan using sbtest7_pkey on sbtest7  (cost=0.43..6.63 rows=110 width=4)
	  Index Cond: ((id >= 7280005) AND (id <= 7280105))

table 8 : explain SELECT id FROM sbtest8 WHERE id BETWEEN 7280005 AND 7280105
	Index Only Scan using sbtest8_pkey on sbtest8  (cost=0.43..6.50 rows=103 width=4)
	  Index Cond: ((id >= 7280005) AND (id <= 7280105))

explain: for range-covered :: explain SELECT id FROM sbtest%d WHERE id BETWEEN 7280005 AND 7280105
for range-covered
table 1 : explain SELECT id FROM sbtest1 WHERE id BETWEEN 7073770 AND 7073870
	Index Only Scan using sbtest1_pkey on sbtest1  (cost=0.43..6.63 rows=110 width=4)
	  Index Cond: ((id >= 7073770) AND (id <= 7073870))

table 2 : explain SELECT id FROM sbtest2 WHERE id BETWEEN 7073770 AND 7073870
	Index Only Scan using sbtest2_pkey on sbtest2  (cost=0.43..6.45 rows=101 width=4)
	  Index Cond: ((id >= 7073770) AND (id <= 7073870))

table 3 : explain SELECT id FROM sbtest3 WHERE id BETWEEN 7073770 AND 7073870
	Index Only Scan using sbtest3_pkey on sbtest3  (cost=0.43..6.47 rows=102 width=4)
	  Index Cond: ((id >= 7073770) AND (id <= 7073870))

table 4 : explain SELECT id FROM sbtest4 WHERE id BETWEEN 7073770 AND 7073870
	Index Only Scan using sbtest4_pkey on sbtest4  (cost=0.43..6.37 rows=97 width=4)
	  Index Cond: ((id >= 7073770) AND (id <= 7073870))

table 5 : explain SELECT id FROM sbtest5 WHERE id BETWEEN 7073770 AND 7073870
	Index Only Scan using sbtest5_pkey on sbtest5  (cost=0.43..6.40 rows=98 width=4)
	  Index Cond: ((id >= 7073770) AND (id <= 7073870))

table 6 : explain SELECT id FROM sbtest6 WHERE id BETWEEN 7073770 AND 7073870
	Index Only Scan using sbtest6_pkey on sbtest6  (cost=0.43..6.21 rows=89 width=4)
	  Index Cond: ((id >= 7073770) AND (id <= 7073870))

table 7 : explain SELECT id FROM sbtest7 WHERE id BETWEEN 7073770 AND 7073870
	Index Only Scan using sbtest7_pkey on sbtest7  (cost=0.43..6.35 rows=96 width=4)
	  Index Cond: ((id >= 7073770) AND (id <= 7073870))

table 8 : explain SELECT id FROM sbtest8 WHERE id BETWEEN 7073770 AND 7073870
	Index Only Scan using sbtest8_pkey on sbtest8  (cost=0.43..6.56 rows=106 width=4)
	  Index Cond: ((id >= 7073770) AND (id <= 7073870))

explain: for range-covered :: explain SELECT id FROM sbtest%d WHERE id BETWEEN 7073770 AND 7073870
for range-covered
table 1 : explain SELECT id FROM sbtest1 WHERE id BETWEEN 2912967 AND 2913067
	Index Only Scan using sbtest1_pkey on sbtest1  (cost=0.43..6.45 rows=101 width=4)
	  Index Cond: ((id >= 2912967) AND (id <= 2913067))

table 2 : explain SELECT id FROM sbtest2 WHERE id BETWEEN 2912967 AND 2913067
	Index Only Scan using sbtest2_pkey on sbtest2  (cost=0.43..6.53 rows=105 width=4)
	  Index Cond: ((id >= 2912967) AND (id <= 2913067))

table 3 : explain SELECT id FROM sbtest3 WHERE id BETWEEN 2912967 AND 2913067
	Index Only Scan using sbtest3_pkey on sbtest3  (cost=0.43..6.56 rows=106 width=4)
	  Index Cond: ((id >= 2912967) AND (id <= 2913067))

table 4 : explain SELECT id FROM sbtest4 WHERE id BETWEEN 2912967 AND 2913067
	Index Only Scan using sbtest4_pkey on sbtest4  (cost=0.43..6.56 rows=106 width=4)
	  Index Cond: ((id >= 2912967) AND (id <= 2913067))

table 5 : explain SELECT id FROM sbtest5 WHERE id BETWEEN 2912967 AND 2913067
	Index Only Scan using sbtest5_pkey on sbtest5  (cost=0.43..6.53 rows=105 width=4)
	  Index Cond: ((id >= 2912967) AND (id <= 2913067))

table 6 : explain SELECT id FROM sbtest6 WHERE id BETWEEN 2912967 AND 2913067
	Index Only Scan using sbtest6_pkey on sbtest6  (cost=0.43..6.67 rows=112 width=4)
	  Index Cond: ((id >= 2912967) AND (id <= 2913067))

table 7 : explain SELECT id FROM sbtest7 WHERE id BETWEEN 2912967 AND 2913067
	Index Only Scan using sbtest7_pkey on sbtest7  (cost=0.43..6.56 rows=106 width=4)
	  Index Cond: ((id >= 2912967) AND (id <= 2913067))

table 8 : explain SELECT id FROM sbtest8 WHERE id BETWEEN 2912967 AND 2913067
	Index Only Scan using sbtest8_pkey on sbtest8  (cost=0.43..6.47 rows=102 width=4)
	  Index Cond: ((id >= 2912967) AND (id <= 2913067))

for range-covered
table 1 : explain SELECT id FROM sbtest1 WHERE id BETWEEN 2175751 AND 2175851
	Index Only Scan using sbtest1_pkey on sbtest1  (cost=0.43..6.53 rows=105 width=4)
	  Index Cond: ((id >= 2175751) AND (id <= 2175851))

table 2 : explain SELECT id FROM sbtest2 WHERE id BETWEEN 2175751 AND 2175851
	Index Only Scan using sbtest2_pkey on sbtest2  (cost=0.43..6.32 rows=94 width=4)
	  Index Cond: ((id >= 2175751) AND (id <= 2175851))

table 3 : explain SELECT id FROM sbtest3 WHERE id BETWEEN 2175751 AND 2175851
	Index Only Scan using sbtest3_pkey on sbtest3  (cost=0.43..6.59 rows=108 width=4)
	  Index Cond: ((id >= 2175751) AND (id <= 2175851))

table 4 : explain SELECT id FROM sbtest4 WHERE id BETWEEN 2175751 AND 2175851
	Index Only Scan using sbtest4_pkey on sbtest4  (cost=0.43..6.51 rows=104 width=4)
	  Index Cond: ((id >= 2175751) AND (id <= 2175851))

table 5 : explain SELECT id FROM sbtest5 WHERE id BETWEEN 2175751 AND 2175851
	Index Only Scan using sbtest5_pkey on sbtest5  (cost=0.43..6.42 rows=99 width=4)
	  Index Cond: ((id >= 2175751) AND (id <= 2175851))

table 6 : explain SELECT id FROM sbtest6 WHERE id BETWEEN 2175751 AND 2175851
	Index Only Scan using sbtest6_pkey on sbtest6  (cost=0.43..6.56 rows=106 width=4)
	  Index Cond: ((id >= 2175751) AND (id <= 2175851))

table 7 : explain SELECT id FROM sbtest7 WHERE id BETWEEN 2175751 AND 2175851
	Index Only Scan using sbtest7_pkey on sbtest7  (cost=0.43..6.47 rows=102 width=4)
	  Index Cond: ((id >= 2175751) AND (id <= 2175851))

table 8 : explain SELECT id FROM sbtest8 WHERE id BETWEEN 2175751 AND 2175851
	Index Only Scan using sbtest8_pkey on sbtest8  (cost=0.43..6.42 rows=99 width=4)
	  Index Cond: ((id >= 2175751) AND (id <= 2175851))

explain: for range-covered :: explain SELECT id FROM sbtest%d WHERE id BETWEEN 2175751 AND 2175851
explain: for range-covered :: explain SELECT id FROM sbtest%d WHERE id BETWEEN 2912967 AND 2913067
for range-covered
table 1 : explain SELECT id FROM sbtest1 WHERE id BETWEEN 4813625 AND 4813725
	Index Only Scan using sbtest1_pkey on sbtest1  (cost=0.43..6.51 rows=104 width=4)
	  Index Cond: ((id >= 4813625) AND (id <= 4813725))

table 2 : explain SELECT id FROM sbtest2 WHERE id BETWEEN 4813625 AND 4813725
	Index Only Scan using sbtest2_pkey on sbtest2  (cost=0.43..6.45 rows=101 width=4)
	  Index Cond: ((id >= 4813625) AND (id <= 4813725))

table 3 : explain SELECT id FROM sbtest3 WHERE id BETWEEN 4813625 AND 4813725
	Index Only Scan using sbtest3_pkey on sbtest3  (cost=0.43..6.40 rows=98 width=4)
	  Index Cond: ((id >= 4813625) AND (id <= 4813725))

table 4 : explain SELECT id FROM sbtest4 WHERE id BETWEEN 4813625 AND 4813725
	Index Only Scan using sbtest4_pkey on sbtest4  (cost=0.43..6.79 rows=118 width=4)
	  Index Cond: ((id >= 4813625) AND (id <= 4813725))

table 5 : explain SELECT id FROM sbtest5 WHERE id BETWEEN 4813625 AND 4813725
	Index Only Scan using sbtest5_pkey on sbtest5  (cost=0.43..6.61 rows=109 width=4)
	  Index Cond: ((id >= 4813625) AND (id <= 4813725))

table 6 : explain SELECT id FROM sbtest6 WHERE id BETWEEN 4813625 AND 4813725
	Index Only Scan using sbtest6_pkey on sbtest6  (cost=0.43..6.32 rows=94 width=4)
	  Index Cond: ((id >= 4813625) AND (id <= 4813725))

table 7 : explain SELECT id FROM sbtest7 WHERE id BETWEEN 4813625 AND 4813725
	Index Only Scan using sbtest7_pkey on sbtest7  (cost=0.43..6.37 rows=97 width=4)
	  Index Cond: ((id >= 4813625) AND (id <= 4813725))

table 8 : explain SELECT id FROM sbtest8 WHERE id BETWEEN 4813625 AND 4813725
	Index Only Scan using sbtest8_pkey on sbtest8  (cost=0.43..6.43 rows=100 width=4)
	  Index Cond: ((id >= 4813625) AND (id <= 4813725))

for range-covered
table 1 : explain SELECT id FROM sbtest1 WHERE id BETWEEN 5491294 AND 5491394
	Index Only Scan using sbtest1_pkey on sbtest1  (cost=0.43..6.69 rows=113 width=4)
	  Index Cond: ((id >= 5491294) AND (id <= 5491394))

table 2 : explain SELECT id FROM sbtest2 WHERE id BETWEEN 5491294 AND 5491394
	Index Only Scan using sbtest2_pkey on sbtest2  (cost=0.43..6.63 rows=110 width=4)
	  Index Cond: ((id >= 5491294) AND (id <= 5491394))

table 3 : explain SELECT id FROM sbtest3 WHERE id BETWEEN 5491294 AND 5491394
	Index Only Scan using sbtest3_pkey on sbtest3  (cost=0.43..6.29 rows=93 width=4)
	  Index Cond: ((id >= 5491294) AND (id <= 5491394))

table 4 : explain SELECT id FROM sbtest4 WHERE id BETWEEN 5491294 AND 5491394
	Index Only Scan using sbtest4_pkey on sbtest4  (cost=0.43..6.40 rows=98 width=4)
	  Index Cond: ((id >= 5491294) AND (id <= 5491394))

table 5 : explain SELECT id FROM sbtest5 WHERE id BETWEEN 5491294 AND 5491394
	Index Only Scan using sbtest5_pkey on sbtest5  (cost=0.43..6.24 rows=90 width=4)
	  Index Cond: ((id >= 5491294) AND (id <= 5491394))

table 6 : explain SELECT id FROM sbtest6 WHERE id BETWEEN 5491294 AND 5491394
	Index Only Scan using sbtest6_pkey on sbtest6  (cost=0.43..6.42 rows=99 width=4)
	  Index Cond: ((id >= 5491294) AND (id <= 5491394))

table 7 : explain SELECT id FROM sbtest7 WHERE id BETWEEN 5491294 AND 5491394
	Index Only Scan using sbtest7_pkey on sbtest7  (cost=0.43..6.61 rows=109 width=4)
	  Index Cond: ((id >= 5491294) AND (id <= 5491394))

table 8 : explain SELECT id FROM sbtest8 WHERE id BETWEEN 5491294 AND 5491394
	Index Only Scan using sbtest8_pkey on sbtest8  (cost=0.43..6.56 rows=106 width=4)
	  Index Cond: ((id >= 5491294) AND (id <= 5491394))

explain: for range-covered :: explain SELECT id FROM sbtest%d WHERE id BETWEEN 5491294 AND 5491394
for range-covered
table 1 : explain SELECT id FROM sbtest1 WHERE id BETWEEN 7280005 AND 7280105
	Index Only Scan using sbtest1_pkey on sbtest1  (cost=0.43..6.42 rows=99 width=4)
	  Index Cond: ((id >= 7280005) AND (id <= 7280105))

table 2 : explain SELECT id FROM sbtest2 WHERE id BETWEEN 7280005 AND 7280105
	Index Only Scan using sbtest2_pkey on sbtest2  (cost=0.43..6.58 rows=107 width=4)
	  Index Cond: ((id >= 7280005) AND (id <= 7280105))

table 3 : explain SELECT id FROM sbtest3 WHERE id BETWEEN 7280005 AND 7280105
	Index Only Scan using sbtest3_pkey on sbtest3  (cost=0.43..6.63 rows=110 width=4)
	  Index Cond: ((id >= 7280005) AND (id <= 7280105))

table 4 : explain SELECT id FROM sbtest4 WHERE id BETWEEN 7280005 AND 7280105
	Index Only Scan using sbtest4_pkey on sbtest4  (cost=0.43..6.43 rows=100 width=4)
	  Index Cond: ((id >= 7280005) AND (id <= 7280105))

table 5 : explain SELECT id FROM sbtest5 WHERE id BETWEEN 7280005 AND 7280105
	Index Only Scan using sbtest5_pkey on sbtest5  (cost=0.43..6.40 rows=98 width=4)
	  Index Cond: ((id >= 7280005) AND (id <= 7280105))

table 6 : explain SELECT id FROM sbtest6 WHERE id BETWEEN 7280005 AND 7280105
	Index Only Scan using sbtest6_pkey on sbtest6  (cost=0.43..6.45 rows=101 width=4)
	  Index Cond: ((id >= 7280005) AND (id <= 7280105))

table 7 : explain SELECT id FROM sbtest7 WHERE id BETWEEN 7280005 AND 7280105
	Index Only Scan using sbtest7_pkey on sbtest7  (cost=0.43..6.63 rows=110 width=4)
	  Index Cond: ((id >= 7280005) AND (id <= 7280105))

table 8 : explain SELECT id FROM sbtest8 WHERE id BETWEEN 7280005 AND 7280105
	Index Only Scan using sbtest8_pkey on sbtest8  (cost=0.43..6.50 rows=103 width=4)
	  Index Cond: ((id >= 7280005) AND (id <= 7280105))

explain: for range-covered :: explain SELECT id FROM sbtest%d WHERE id BETWEEN 7280005 AND 7280105
for range-covered
table 1 : explain SELECT id FROM sbtest1 WHERE id BETWEEN 7073770 AND 7073870
	Index Only Scan using sbtest1_pkey on sbtest1  (cost=0.43..6.63 rows=110 width=4)
	  Index Cond: ((id >= 7073770) AND (id <= 7073870))

table 2 : explain SELECT id FROM sbtest2 WHERE id BETWEEN 7073770 AND 7073870
	Index Only Scan using sbtest2_pkey on sbtest2  (cost=0.43..6.45 rows=101 width=4)
	  Index Cond: ((id >= 7073770) AND (id <= 7073870))

table 3 : explain SELECT id FROM sbtest3 WHERE id BETWEEN 7073770 AND 7073870
	Index Only Scan using sbtest3_pkey on sbtest3  (cost=0.43..6.47 rows=102 width=4)
	  Index Cond: ((id >= 7073770) AND (id <= 7073870))

table 4 : explain SELECT id FROM sbtest4 WHERE id BETWEEN 7073770 AND 7073870
	Index Only Scan using sbtest4_pkey on sbtest4  (cost=0.43..6.37 rows=97 width=4)
	  Index Cond: ((id >= 7073770) AND (id <= 7073870))

table 5 : explain SELECT id FROM sbtest5 WHERE id BETWEEN 7073770 AND 7073870
	Index Only Scan using sbtest5_pkey on sbtest5  (cost=0.43..6.40 rows=98 width=4)
	  Index Cond: ((id >= 7073770) AND (id <= 7073870))

table 6 : explain SELECT id FROM sbtest6 WHERE id BETWEEN 7073770 AND 7073870
	Index Only Scan using sbtest6_pkey on sbtest6  (cost=0.43..6.21 rows=89 width=4)
	  Index Cond: ((id >= 7073770) AND (id <= 7073870))

table 7 : explain SELECT id FROM sbtest7 WHERE id BETWEEN 7073770 AND 7073870
	Index Only Scan using sbtest7_pkey on sbtest7  (cost=0.43..6.35 rows=96 width=4)
	  Index Cond: ((id >= 7073770) AND (id <= 7073870))

table 8 : explain SELECT id FROM sbtest8 WHERE id BETWEEN 7073770 AND 7073870
	Index Only Scan using sbtest8_pkey on sbtest8  (cost=0.43..6.56 rows=106 width=4)
	  Index Cond: ((id >= 7073770) AND (id <= 7073870))
for range-covered
table 1 : explain SELECT id FROM sbtest1 WHERE id BETWEEN 5318523 AND 5318623
	Index Only Scan using sbtest1_pkey on sbtest1  (cost=0.43..6.19 rows=88 width=4)
	  Index Cond: ((id >= 5318523) AND (id <= 5318623))

table 2 : explain SELECT id FROM sbtest2 WHERE id BETWEEN 5318523 AND 5318623
	Index Only Scan using sbtest2_pkey on sbtest2  (cost=0.43..6.53 rows=105 width=4)
	  Index Cond: ((id >= 5318523) AND (id <= 5318623))

table 3 : explain SELECT id FROM sbtest3 WHERE id BETWEEN 5318523 AND 5318623
	Index Only Scan using sbtest3_pkey on sbtest3  (cost=0.43..6.24 rows=90 width=4)
	  Index Cond: ((id >= 5318523) AND (id <= 5318623))

table 4 : explain SELECT id FROM sbtest4 WHERE id BETWEEN 5318523 AND 5318623
	Index Only Scan using sbtest4_pkey on sbtest4  (cost=0.43..6.37 rows=97 width=4)
	  Index Cond: ((id >= 5318523) AND (id <= 5318623))

table 5 : explain SELECT id FROM sbtest5 WHERE id BETWEEN 5318523 AND 5318623
	Index Only Scan using sbtest5_pkey on sbtest5  (cost=0.43..6.29 rows=93 width=4)
	  Index Cond: ((id >= 5318523) AND (id <= 5318623))

table 6 : explain SELECT id FROM sbtest6 WHERE id BETWEEN 5318523 AND 5318623
	Index Only Scan using sbtest6_pkey on sbtest6  (cost=0.43..6.40 rows=98 width=4)
	  Index Cond: ((id >= 5318523) AND (id <= 5318623))

table 7 : explain SELECT id FROM sbtest7 WHERE id BETWEEN 5318523 AND 5318623
	Index Only Scan using sbtest7_pkey on sbtest7  (cost=0.43..6.43 rows=100 width=4)
	  Index Cond: ((id >= 5318523) AND (id <= 5318623))

table 8 : explain SELECT id FROM sbtest8 WHERE id BETWEEN 5318523 AND 5318623
	Index Only Scan using sbtest8_pkey on sbtest8  (cost=0.43..6.45 rows=101 width=4)
	  Index Cond: ((id >= 5318523) AND (id <= 5318623))


for range-covered
table 1 : explain SELECT id FROM sbtest1 WHERE id BETWEEN 6802945 AND 6803045
	Index Only Scan using sbtest1_pkey on sbtest1  (cost=0.43..6.53 rows=105 width=4)
	  Index Cond: ((id >= 6802945) AND (id <= 6803045))

table 2 : explain SELECT id FROM sbtest2 WHERE id BETWEEN 6802945 AND 6803045
	Index Only Scan using sbtest2_pkey on sbtest2  (cost=0.43..6.42 rows=99 width=4)
	  Index Cond: ((id >= 6802945) AND (id <= 6803045))

table 3 : explain SELECT id FROM sbtest3 WHERE id BETWEEN 6802945 AND 6803045
	Index Only Scan using sbtest3_pkey on sbtest3  (cost=0.43..6.45 rows=101 width=4)
	  Index Cond: ((id >= 6802945) AND (id <= 6803045))

table 4 : explain SELECT id FROM sbtest4 WHERE id BETWEEN 6802945 AND 6803045
	Index Only Scan using sbtest4_pkey on sbtest4  (cost=0.43..6.45 rows=101 width=4)
	  Index Cond: ((id >= 6802945) AND (id <= 6803045))

table 5 : explain SELECT id FROM sbtest5 WHERE id BETWEEN 6802945 AND 6803045
	Index Only Scan using sbtest5_pkey on sbtest5  (cost=0.43..6.45 rows=101 width=4)
	  Index Cond: ((id >= 6802945) AND (id <= 6803045))

table 6 : explain SELECT id FROM sbtest6 WHERE id BETWEEN 6802945 AND 6803045
	Index Only Scan using sbtest6_pkey on sbtest6  (cost=0.43..6.43 rows=100 width=4)
	  Index Cond: ((id >= 6802945) AND (id <= 6803045))

table 7 : explain SELECT id FROM sbtest7 WHERE id BETWEEN 6802945 AND 6803045
	Index Only Scan using sbtest7_pkey on sbtest7  (cost=0.43..6.74 rows=115 width=4)
	  Index Cond: ((id >= 6802945) AND (id <= 6803045))

table 8 : explain SELECT id FROM sbtest8 WHERE id BETWEEN 6802945 AND 6803045
	Index Only Scan using sbtest8_pkey on sbtest8  (cost=0.43..6.37 rows=97 width=4)
	  Index Cond: ((id >= 6802945) AND (id <= 6803045))

explain: for range-covered :: explain SELECT id FROM sbtest%d WHERE id BETWEEN 7073770 AND 7073870
explain: for range-covered :: explain SELECT id FROM sbtest%d WHERE id BETWEEN 6802945 AND 6803045
for range-covered
table 1 : explain SELECT id FROM sbtest1 WHERE id BETWEEN 2175751 AND 2175851
	Index Only Scan using sbtest1_pkey on sbtest1  (cost=0.43..6.53 rows=105 width=4)
	  Index Cond: ((id >= 2175751) AND (id <= 2175851))

table 2 : explain SELECT id FROM sbtest2 WHERE id BETWEEN 2175751 AND 2175851
	Index Only Scan using sbtest2_pkey on sbtest2  (cost=0.43..6.32 rows=94 width=4)
	  Index Cond: ((id >= 2175751) AND (id <= 2175851))

table 3 : explain SELECT id FROM sbtest3 WHERE id BETWEEN 2175751 AND 2175851
	Index Only Scan using sbtest3_pkey on sbtest3  (cost=0.43..6.59 rows=108 width=4)
	  Index Cond: ((id >= 2175751) AND (id <= 2175851))

table 4 : explain SELECT id FROM sbtest4 WHERE id BETWEEN 2175751 AND 2175851
	Index Only Scan using sbtest4_pkey on sbtest4  (cost=0.43..6.51 rows=104 width=4)
	  Index Cond: ((id >= 2175751) AND (id <= 2175851))

table 5 : explain SELECT id FROM sbtest5 WHERE id BETWEEN 2175751 AND 2175851
	Index Only Scan using sbtest5_pkey on sbtest5  (cost=0.43..6.42 rows=99 width=4)
	  Index Cond: ((id >= 2175751) AND (id <= 2175851))

table 6 : explain SELECT id FROM sbtest6 WHERE id BETWEEN 2175751 AND 2175851
	Index Only Scan using sbtest6_pkey on sbtest6  (cost=0.43..6.56 rows=106 width=4)
	  Index Cond: ((id >= 2175751) AND (id <= 2175851))

table 7 : explain SELECT id FROM sbtest7 WHERE id BETWEEN 2175751 AND 2175851
	Index Only Scan using sbtest7_pkey on sbtest7  (cost=0.43..6.47 rows=102 width=4)
	  Index Cond: ((id >= 2175751) AND (id <= 2175851))

table 8 : explain SELECT id FROM sbtest8 WHERE id BETWEEN 2175751 AND 2175851
	Index Only Scan using sbtest8_pkey on sbtest8  (cost=0.43..6.42 rows=99 width=4)
	  Index Cond: ((id >= 2175751) AND (id <= 2175851))

explain: for range-covered :: explain SELECT id FROM sbtest%d WHERE id BETWEEN 2175751 AND 2175851
for range-covered
table 1 : explain SELECT id FROM sbtest1 WHERE id BETWEEN 5491294 AND 5491394
	Index Only Scan using sbtest1_pkey on sbtest1  (cost=0.43..6.69 rows=113 width=4)
	  Index Cond: ((id >= 5491294) AND (id <= 5491394))

table 2 : explain SELECT id FROM sbtest2 WHERE id BETWEEN 5491294 AND 5491394
	Index Only Scan using sbtest2_pkey on sbtest2  (cost=0.43..6.63 rows=110 width=4)
	  Index Cond: ((id >= 5491294) AND (id <= 5491394))

table 3 : explain SELECT id FROM sbtest3 WHERE id BETWEEN 5491294 AND 5491394
	Index Only Scan using sbtest3_pkey on sbtest3  (cost=0.43..6.29 rows=93 width=4)
	  Index Cond: ((id >= 5491294) AND (id <= 5491394))

table 4 : explain SELECT id FROM sbtest4 WHERE id BETWEEN 5491294 AND 5491394
	Index Only Scan using sbtest4_pkey on sbtest4  (cost=0.43..6.40 rows=98 width=4)
	  Index Cond: ((id >= 5491294) AND (id <= 5491394))

table 5 : explain SELECT id FROM sbtest5 WHERE id BETWEEN 5491294 AND 5491394
	Index Only Scan using sbtest5_pkey on sbtest5  (cost=0.43..6.24 rows=90 width=4)
	  Index Cond: ((id >= 5491294) AND (id <= 5491394))

table 6 : explain SELECT id FROM sbtest6 WHERE id BETWEEN 5491294 AND 5491394
	Index Only Scan using sbtest6_pkey on sbtest6  (cost=0.43..6.42 rows=99 width=4)
	  Index Cond: ((id >= 5491294) AND (id <= 5491394))

table 7 : explain SELECT id FROM sbtest7 WHERE id BETWEEN 5491294 AND 5491394
	Index Only Scan using sbtest7_pkey on sbtest7  (cost=0.43..6.61 rows=109 width=4)
	  Index Cond: ((id >= 5491294) AND (id <= 5491394))

table 8 : explain SELECT id FROM sbtest8 WHERE id BETWEEN 5491294 AND 5491394
	Index Only Scan using sbtest8_pkey on sbtest8  (cost=0.43..6.56 rows=106 width=4)
	  Index Cond: ((id >= 5491294) AND (id <= 5491394))

explain: for range-covered :: explain SELECT id FROM sbtest%d WHERE id BETWEEN 5491294 AND 5491394
for range-covered
table 1 : explain SELECT id FROM sbtest1 WHERE id BETWEEN 7280005 AND 7280105
	Index Only Scan using sbtest1_pkey on sbtest1  (cost=0.43..6.42 rows=99 width=4)
	  Index Cond: ((id >= 7280005) AND (id <= 7280105))

table 2 : explain SELECT id FROM sbtest2 WHERE id BETWEEN 7280005 AND 7280105
	Index Only Scan using sbtest2_pkey on sbtest2  (cost=0.43..6.58 rows=107 width=4)
	  Index Cond: ((id >= 7280005) AND (id <= 7280105))

table 3 : explain SELECT id FROM sbtest3 WHERE id BETWEEN 7280005 AND 7280105
	Index Only Scan using sbtest3_pkey on sbtest3  (cost=0.43..6.63 rows=110 width=4)
	  Index Cond: ((id >= 7280005) AND (id <= 7280105))

table 4 : explain SELECT id FROM sbtest4 WHERE id BETWEEN 7280005 AND 7280105
	Index Only Scan using sbtest4_pkey on sbtest4  (cost=0.43..6.43 rows=100 width=4)
	  Index Cond: ((id >= 7280005) AND (id <= 7280105))

table 5 : explain SELECT id FROM sbtest5 WHERE id BETWEEN 7280005 AND 7280105
	Index Only Scan using sbtest5_pkey on sbtest5  (cost=0.43..6.40 rows=98 width=4)
	  Index Cond: ((id >= 7280005) AND (id <= 7280105))

table 6 : explain SELECT id FROM sbtest6 WHERE id BETWEEN 7280005 AND 7280105
	Index Only Scan using sbtest6_pkey on sbtest6  (cost=0.43..6.45 rows=101 width=4)
	  Index Cond: ((id >= 7280005) AND (id <= 7280105))

table 7 : explain SELECT id FROM sbtest7 WHERE id BETWEEN 7280005 AND 7280105
	Index Only Scan using sbtest7_pkey on sbtest7  (cost=0.43..6.63 rows=110 width=4)
	  Index Cond: ((id >= 7280005) AND (id <= 7280105))

table 8 : explain SELECT id FROM sbtest8 WHERE id BETWEEN 7280005 AND 7280105
	Index Only Scan using sbtest8_pkey on sbtest8  (cost=0.43..6.50 rows=103 width=4)
	  Index Cond: ((id >= 7280005) AND (id <= 7280105))

explain: for range-covered :: explain SELECT id FROM sbtest%d WHERE id BETWEEN 7280005 AND 7280105
for range-covered
table 1 : explain SELECT id FROM sbtest1 WHERE id BETWEEN 7073770 AND 7073870
	Index Only Scan using sbtest1_pkey on sbtest1  (cost=0.43..6.63 rows=110 width=4)
	  Index Cond: ((id >= 7073770) AND (id <= 7073870))

table 2 : explain SELECT id FROM sbtest2 WHERE id BETWEEN 7073770 AND 7073870
	Index Only Scan using sbtest2_pkey on sbtest2  (cost=0.43..6.45 rows=101 width=4)
	  Index Cond: ((id >= 7073770) AND (id <= 7073870))

table 3 : explain SELECT id FROM sbtest3 WHERE id BETWEEN 7073770 AND 7073870
	Index Only Scan using sbtest3_pkey on sbtest3  (cost=0.43..6.47 rows=102 width=4)
	  Index Cond: ((id >= 7073770) AND (id <= 7073870))

table 4 : explain SELECT id FROM sbtest4 WHERE id BETWEEN 7073770 AND 7073870
	Index Only Scan using sbtest4_pkey on sbtest4  (cost=0.43..6.37 rows=97 width=4)
	  Index Cond: ((id >= 7073770) AND (id <= 7073870))

table 5 : explain SELECT id FROM sbtest5 WHERE id BETWEEN 7073770 AND 7073870
	Index Only Scan using sbtest5_pkey on sbtest5  (cost=0.43..6.40 rows=98 width=4)
	  Index Cond: ((id >= 7073770) AND (id <= 7073870))

table 6 : explain SELECT id FROM sbtest6 WHERE id BETWEEN 7073770 AND 7073870
	Index Only Scan using sbtest6_pkey on sbtest6  (cost=0.43..6.21 rows=89 width=4)
	  Index Cond: ((id >= 7073770) AND (id <= 7073870))

table 7 : explain SELECT id FROM sbtest7 WHERE id BETWEEN 7073770 AND 7073870
	Index Only Scan using sbtest7_pkey on sbtest7  (cost=0.43..6.35 rows=96 width=4)
	  Index Cond: ((id >= 7073770) AND (id <= 7073870))

table 8 : explain SELECT id FROM sbtest8 WHERE id BETWEEN 7073770 AND 7073870
	Index Only Scan using sbtest8_pkey on sbtest8  (cost=0.43..6.56 rows=106 width=4)
	  Index Cond: ((id >= 7073770) AND (id <= 7073870))

explain: for range-covered :: explain SELECT id FROM sbtest%d WHERE id BETWEEN 7073770 AND 7073870
for range-covered
table 1 : explain SELECT id FROM sbtest1 WHERE id BETWEEN 2912967 AND 2913067
	Index Only Scan using sbtest1_pkey on sbtest1  (cost=0.43..6.45 rows=101 width=4)
	  Index Cond: ((id >= 2912967) AND (id <= 2913067))

table 2 : explain SELECT id FROM sbtest2 WHERE id BETWEEN 2912967 AND 2913067
	Index Only Scan using sbtest2_pkey on sbtest2  (cost=0.43..6.53 rows=105 width=4)
	  Index Cond: ((id >= 2912967) AND (id <= 2913067))

table 3 : explain SELECT id FROM sbtest3 WHERE id BETWEEN 2912967 AND 2913067
	Index Only Scan using sbtest3_pkey on sbtest3  (cost=0.43..6.56 rows=106 width=4)
	  Index Cond: ((id >= 2912967) AND (id <= 2913067))

table 4 : explain SELECT id FROM sbtest4 WHERE id BETWEEN 2912967 AND 2913067
	Index Only Scan using sbtest4_pkey on sbtest4  (cost=0.43..6.56 rows=106 width=4)
	  Index Cond: ((id >= 2912967) AND (id <= 2913067))

table 5 : explain SELECT id FROM sbtest5 WHERE id BETWEEN 2912967 AND 2913067
	Index Only Scan using sbtest5_pkey on sbtest5  (cost=0.43..6.53 rows=105 width=4)
	  Index Cond: ((id >= 2912967) AND (id <= 2913067))

table 6 : explain SELECT id FROM sbtest6 WHERE id BETWEEN 2912967 AND 2913067
	Index Only Scan using sbtest6_pkey on sbtest6  (cost=0.43..6.67 rows=112 width=4)
	  Index Cond: ((id >= 2912967) AND (id <= 2913067))

table 7 : explain SELECT id FROM sbtest7 WHERE id BETWEEN 2912967 AND 2913067
	Index Only Scan using sbtest7_pkey on sbtest7  (cost=0.43..6.56 rows=106 width=4)
	  Index Cond: ((id >= 2912967) AND (id <= 2913067))

table 8 : explain SELECT id FROM sbtest8 WHERE id BETWEEN 2912967 AND 2913067
	Index Only Scan using sbtest8_pkey on sbtest8  (cost=0.43..6.47 rows=102 width=4)
	  Index Cond: ((id >= 2912967) AND (id <= 2913067))

explain: for range-covered :: explain SELECT id FROM sbtest%d WHERE id BETWEEN 2912967 AND 2913067
for range-covered
table 1 : explain SELECT id FROM sbtest1 WHERE id BETWEEN 6802945 AND 6803045
	Index Only Scan using sbtest1_pkey on sbtest1  (cost=0.43..6.53 rows=105 width=4)
	  Index Cond: ((id >= 6802945) AND (id <= 6803045))

table 2 : explain SELECT id FROM sbtest2 WHERE id BETWEEN 6802945 AND 6803045
	Index Only Scan using sbtest2_pkey on sbtest2  (cost=0.43..6.42 rows=99 width=4)
	  Index Cond: ((id >= 6802945) AND (id <= 6803045))

table 3 : explain SELECT id FROM sbtest3 WHERE id BETWEEN 6802945 AND 6803045
	Index Only Scan using sbtest3_pkey on sbtest3  (cost=0.43..6.45 rows=101 width=4)
	  Index Cond: ((id >= 6802945) AND (id <= 6803045))

table 4 : explain SELECT id FROM sbtest4 WHERE id BETWEEN 6802945 AND 6803045
	Index Only Scan using sbtest4_pkey on sbtest4  (cost=0.43..6.45 rows=101 width=4)
	  Index Cond: ((id >= 6802945) AND (id <= 6803045))

table 5 : explain SELECT id FROM sbtest5 WHERE id BETWEEN 6802945 AND 6803045
	Index Only Scan using sbtest5_pkey on sbtest5  (cost=0.43..6.45 rows=101 width=4)
	  Index Cond: ((id >= 6802945) AND (id <= 6803045))

table 6 : explain SELECT id FROM sbtest6 WHERE id BETWEEN 6802945 AND 6803045
	Index Only Scan using sbtest6_pkey on sbtest6  (cost=0.43..6.43 rows=100 width=4)
	  Index Cond: ((id >= 6802945) AND (id <= 6803045))

table 7 : explain SELECT id FROM sbtest7 WHERE id BETWEEN 6802945 AND 6803045
	Index Only Scan using sbtest7_pkey on sbtest7  (cost=0.43..6.74 rows=115 width=4)
	  Index Cond: ((id >= 6802945) AND (id <= 6803045))

table 8 : explain SELECT id FROM sbtest8 WHERE id BETWEEN 6802945 AND 6803045
	Index Only Scan using sbtest8_pkey on sbtest8  (cost=0.43..6.37 rows=97 width=4)
	  Index Cond: ((id >= 6802945) AND (id <= 6803045))

explain: for range-covered :: explain SELECT id FROM sbtest%d WHERE id BETWEEN 6802945 AND 6803045
for range-covered
table 1 : explain SELECT id FROM sbtest1 WHERE id BETWEEN 2175751 AND 2175851
	Index Only Scan using sbtest1_pkey on sbtest1  (cost=0.43..6.53 rows=105 width=4)
	  Index Cond: ((id >= 2175751) AND (id <= 2175851))

table 2 : explain SELECT id FROM sbtest2 WHERE id BETWEEN 2175751 AND 2175851
	Index Only Scan using sbtest2_pkey on sbtest2  (cost=0.43..6.32 rows=94 width=4)
	  Index Cond: ((id >= 2175751) AND (id <= 2175851))

table 3 : explain SELECT id FROM sbtest3 WHERE id BETWEEN 2175751 AND 2175851
	Index Only Scan using sbtest3_pkey on sbtest3  (cost=0.43..6.59 rows=108 width=4)
	  Index Cond: ((id >= 2175751) AND (id <= 2175851))

table 4 : explain SELECT id FROM sbtest4 WHERE id BETWEEN 2175751 AND 2175851
	Index Only Scan using sbtest4_pkey on sbtest4  (cost=0.43..6.51 rows=104 width=4)
	  Index Cond: ((id >= 2175751) AND (id <= 2175851))

table 5 : explain SELECT id FROM sbtest5 WHERE id BETWEEN 2175751 AND 2175851
	Index Only Scan using sbtest5_pkey on sbtest5  (cost=0.43..6.42 rows=99 width=4)
	  Index Cond: ((id >= 2175751) AND (id <= 2175851))

table 6 : explain SELECT id FROM sbtest6 WHERE id BETWEEN 2175751 AND 2175851
	Index Only Scan using sbtest6_pkey on sbtest6  (cost=0.43..6.56 rows=106 width=4)
	  Index Cond: ((id >= 2175751) AND (id <= 2175851))

table 7 : explain SELECT id FROM sbtest7 WHERE id BETWEEN 2175751 AND 2175851
	Index Only Scan using sbtest7_pkey on sbtest7  (cost=0.43..6.47 rows=102 width=4)
	  Index Cond: ((id >= 2175751) AND (id <= 2175851))

table 8 : explain SELECT id FROM sbtest8 WHERE id BETWEEN 2175751 AND 2175851
	Index Only Scan using sbtest8_pkey on sbtest8  (cost=0.43..6.42 rows=99 width=4)
	  Index Cond: ((id >= 2175751) AND (id <= 2175851))

explain: for range-covered :: explain SELECT id FROM sbtest%d WHERE id BETWEEN 2175751 AND 2175851
for range-covered
table 1 : explain SELECT id FROM sbtest1 WHERE id BETWEEN 5491294 AND 5491394
	Index Only Scan using sbtest1_pkey on sbtest1  (cost=0.43..6.69 rows=113 width=4)
	  Index Cond: ((id >= 5491294) AND (id <= 5491394))

table 2 : explain SELECT id FROM sbtest2 WHERE id BETWEEN 5491294 AND 5491394
	Index Only Scan using sbtest2_pkey on sbtest2  (cost=0.43..6.63 rows=110 width=4)
	  Index Cond: ((id >= 5491294) AND (id <= 5491394))

table 3 : explain SELECT id FROM sbtest3 WHERE id BETWEEN 5491294 AND 5491394
	Index Only Scan using sbtest3_pkey on sbtest3  (cost=0.43..6.29 rows=93 width=4)
	  Index Cond: ((id >= 5491294) AND (id <= 5491394))

table 4 : explain SELECT id FROM sbtest4 WHERE id BETWEEN 5491294 AND 5491394
	Index Only Scan using sbtest4_pkey on sbtest4  (cost=0.43..6.40 rows=98 width=4)
	  Index Cond: ((id >= 5491294) AND (id <= 5491394))

table 5 : explain SELECT id FROM sbtest5 WHERE id BETWEEN 5491294 AND 5491394
	Index Only Scan using sbtest5_pkey on sbtest5  (cost=0.43..6.24 rows=90 width=4)
	  Index Cond: ((id >= 5491294) AND (id <= 5491394))

table 6 : explain SELECT id FROM sbtest6 WHERE id BETWEEN 5491294 AND 5491394
	Index Only Scan using sbtest6_pkey on sbtest6  (cost=0.43..6.42 rows=99 width=4)
	  Index Cond: ((id >= 5491294) AND (id <= 5491394))

table 7 : explain SELECT id FROM sbtest7 WHERE id BETWEEN 5491294 AND 5491394
	Index Only Scan using sbtest7_pkey on sbtest7  (cost=0.43..6.61 rows=109 width=4)
	  Index Cond: ((id >= 5491294) AND (id <= 5491394))

table 8 : explain SELECT id FROM sbtest8 WHERE id BETWEEN 5491294 AND 5491394
	Index Only Scan using sbtest8_pkey on sbtest8  (cost=0.43..6.56 rows=106 width=4)
	  Index Cond: ((id >= 5491294) AND (id <= 5491394))

explain: for range-covered :: explain SELECT id FROM sbtest%d WHERE id BETWEEN 5491294 AND 5491394
for range-covered
table 1 : explain SELECT id FROM sbtest1 WHERE id BETWEEN 7280005 AND 7280105
	Index Only Scan using sbtest1_pkey on sbtest1  (cost=0.43..6.42 rows=99 width=4)
	  Index Cond: ((id >= 7280005) AND (id <= 7280105))

table 2 : explain SELECT id FROM sbtest2 WHERE id BETWEEN 7280005 AND 7280105
	Index Only Scan using sbtest2_pkey on sbtest2  (cost=0.43..6.58 rows=107 width=4)
	  Index Cond: ((id >= 7280005) AND (id <= 7280105))

table 3 : explain SELECT id FROM sbtest3 WHERE id BETWEEN 7280005 AND 7280105
	Index Only Scan using sbtest3_pkey on sbtest3  (cost=0.43..6.63 rows=110 width=4)
	  Index Cond: ((id >= 7280005) AND (id <= 7280105))

table 4 : explain SELECT id FROM sbtest4 WHERE id BETWEEN 7280005 AND 7280105
	Index Only Scan using sbtest4_pkey on sbtest4  (cost=0.43..6.43 rows=100 width=4)
	  Index Cond: ((id >= 7280005) AND (id <= 7280105))

table 5 : explain SELECT id FROM sbtest5 WHERE id BETWEEN 7280005 AND 7280105
	Index Only Scan using sbtest5_pkey on sbtest5  (cost=0.43..6.40 rows=98 width=4)
	  Index Cond: ((id >= 7280005) AND (id <= 7280105))

table 6 : explain SELECT id FROM sbtest6 WHERE id BETWEEN 7280005 AND 7280105
	Index Only Scan using sbtest6_pkey on sbtest6  (cost=0.43..6.45 rows=101 width=4)
	  Index Cond: ((id >= 7280005) AND (id <= 7280105))

table 7 : explain SELECT id FROM sbtest7 WHERE id BETWEEN 7280005 AND 7280105
	Index Only Scan using sbtest7_pkey on sbtest7  (cost=0.43..6.63 rows=110 width=4)
	  Index Cond: ((id >= 7280005) AND (id <= 7280105))

table 8 : explain SELECT id FROM sbtest8 WHERE id BETWEEN 7280005 AND 7280105
	Index Only Scan using sbtest8_pkey on sbtest8  (cost=0.43..6.50 rows=103 width=4)
	  Index Cond: ((id >= 7280005) AND (id <= 7280105))

explain: for range-covered :: explain SELECT id FROM sbtest%d WHERE id BETWEEN 7280005 AND 7280105
explain: for range-covered :: explain SELECT id FROM sbtest%d WHERE id BETWEEN 4784580 AND 4784680for range-covered
table 1 : explain SELECT id FROM sbtest1 WHERE id BETWEEN 7073770 AND 7073870
	Index Only Scan using sbtest1_pkey on sbtest1  (cost=0.43..6.63 rows=110 width=4)
	  Index Cond: ((id >= 7073770) AND (id <= 7073870))

table 2 : explain SELECT id FROM sbtest2 WHERE id BETWEEN 7073770 AND 7073870
	Index Only Scan using sbtest2_pkey on sbtest2  (cost=0.43..6.45 rows=101 width=4)
	  Index Cond: ((id >= 7073770) AND (id <= 7073870))

table 3 : explain SELECT id FROM sbtest3 WHERE id BETWEEN 7073770 AND 7073870
	Index Only Scan using sbtest3_pkey on sbtest3  (cost=0.43..6.47 rows=102 width=4)
	  Index Cond: ((id >= 7073770) AND (id <= 7073870))

table 4 : explain SELECT id FROM sbtest4 WHERE id BETWEEN 7073770 AND 7073870
	Index Only Scan using sbtest4_pkey on sbtest4  (cost=0.43..6.37 rows=97 width=4)
	  Index Cond: ((id >= 7073770) AND (id <= 7073870))

table 5 : explain SELECT id FROM sbtest5 WHERE id BETWEEN 7073770 AND 7073870
	Index Only Scan using sbtest5_pkey on sbtest5  (cost=0.43..6.40 rows=98 width=4)
	  Index Cond: ((id >= 7073770) AND (id <= 7073870))

table 6 : explain SELECT id FROM sbtest6 WHERE id BETWEEN 7073770 AND 7073870
	Index Only Scan using sbtest6_pkey on sbtest6  (cost=0.43..6.21 rows=89 width=4)
	  Index Cond: ((id >= 7073770) AND (id <= 7073870))

table 7 : explain SELECT id FROM sbtest7 WHERE id BETWEEN 7073770 AND 7073870
	Index Only Scan using sbtest7_pkey on sbtest7  (cost=0.43..6.35 rows=96 width=4)
	  Index Cond: ((id >= 7073770) AND (id <= 7073870))

table 8 : explain SELECT id FROM sbtest8 WHERE id BETWEEN 7073770 AND 7073870
	Index Only Scan using sbtest8_pkey on sbtest8  (cost=0.43..6.56 rows=106 width=4)
	  Index Cond: ((id >= 7073770) AND (id <= 7073870))


for range-covered
table 1 : explain SELECT id FROM sbtest1 WHERE id BETWEEN 2912967 AND 2913067
	Index Only Scan using sbtest1_pkey on sbtest1  (cost=0.43..6.45 rows=101 width=4)
	  Index Cond: ((id >= 2912967) AND (id <= 2913067))

table 2 : explain SELECT id FROM sbtest2 WHERE id BETWEEN 2912967 AND 2913067
	Index Only Scan using sbtest2_pkey on sbtest2  (cost=0.43..6.53 rows=105 width=4)
	  Index Cond: ((id >= 2912967) AND (id <= 2913067))

table 3 : explain SELECT id FROM sbtest3 WHERE id BETWEEN 2912967 AND 2913067
	Index Only Scan using sbtest3_pkey on sbtest3  (cost=0.43..6.56 rows=106 width=4)
	  Index Cond: ((id >= 2912967) AND (id <= 2913067))

table 4 : explain SELECT id FROM sbtest4 WHERE id BETWEEN 2912967 AND 2913067
	Index Only Scan using sbtest4_pkey on sbtest4  (cost=0.43..6.56 rows=106 width=4)
	  Index Cond: ((id >= 2912967) AND (id <= 2913067))

table 5 : explain SELECT id FROM sbtest5 WHERE id BETWEEN 2912967 AND 2913067
	Index Only Scan using sbtest5_pkey on sbtest5  (cost=0.43..6.53 rows=105 width=4)
	  Index Cond: ((id >= 2912967) AND (id <= 2913067))

table 6 : explain SELECT id FROM sbtest6 WHERE id BETWEEN 2912967 AND 2913067
	Index Only Scan using sbtest6_pkey on sbtest6  (cost=0.43..6.67 rows=112 width=4)
	  Index Cond: ((id >= 2912967) AND (id <= 2913067))

table 7 : explain SELECT id FROM sbtest7 WHERE id BETWEEN 2912967 AND 2913067
	Index Only Scan using sbtest7_pkey on sbtest7  (cost=0.43..6.56 rows=106 width=4)
	  Index Cond: ((id >= 2912967) AND (id <= 2913067))

table 8 : explain SELECT id FROM sbtest8 WHERE id BETWEEN 2912967 AND 2913067
	Index Only Scan using sbtest8_pkey on sbtest8  (cost=0.43..6.47 rows=102 width=4)
	  Index Cond: ((id >= 2912967) AND (id <= 2913067))

for range-covered
table 1 : explain SELECT id FROM sbtest1 WHERE id BETWEEN 6802945 AND 6803045
	Index Only Scan using sbtest1_pkey on sbtest1  (cost=0.43..6.53 rows=105 width=4)
	  Index Cond: ((id >= 6802945) AND (id <= 6803045))

table 2 : explain SELECT id FROM sbtest2 WHERE id BETWEEN 6802945 AND 6803045
	Index Only Scan using sbtest2_pkey on sbtest2  (cost=0.43..6.42 rows=99 width=4)
	  Index Cond: ((id >= 6802945) AND (id <= 6803045))

table 3 : explain SELECT id FROM sbtest3 WHERE id BETWEEN 6802945 AND 6803045
	Index Only Scan using sbtest3_pkey on sbtest3  (cost=0.43..6.45 rows=101 width=4)
	  Index Cond: ((id >= 6802945) AND (id <= 6803045))

table 4 : explain SELECT id FROM sbtest4 WHERE id BETWEEN 6802945 AND 6803045
	Index Only Scan using sbtest4_pkey on sbtest4  (cost=0.43..6.45 rows=101 width=4)
	  Index Cond: ((id >= 6802945) AND (id <= 6803045))

table 5 : explain SELECT id FROM sbtest5 WHERE id BETWEEN 6802945 AND 6803045
	Index Only Scan using sbtest5_pkey on sbtest5  (cost=0.43..6.45 rows=101 width=4)
	  Index Cond: ((id >= 6802945) AND (id <= 6803045))

table 6 : explain SELECT id FROM sbtest6 WHERE id BETWEEN 6802945 AND 6803045
	Index Only Scan using sbtest6_pkey on sbtest6  (cost=0.43..6.43 rows=100 width=4)
	  Index Cond: ((id >= 6802945) AND (id <= 6803045))

table 7 : explain SELECT id FROM sbtest7 WHERE id BETWEEN 6802945 AND 6803045
	Index Only Scan using sbtest7_pkey on sbtest7  (cost=0.43..6.74 rows=115 width=4)
	  Index Cond: ((id >= 6802945) AND (id <= 6803045))

table 8 : explain SELECT id FROM sbtest8 WHERE id BETWEEN 6802945 AND 6803045
	Index Only Scan using sbtest8_pkey on sbtest8  (cost=0.43..6.37 rows=97 width=4)
	  Index Cond: ((id >= 6802945) AND (id <= 6803045))

explain: for range-covered :: explain SELECT id FROM sbtest%d WHERE id BETWEEN 6802945 AND 6803045
for range-covered
table 1 : explain SELECT id FROM sbtest1 WHERE id BETWEEN 2175751 AND 2175851
	Index Only Scan using sbtest1_pkey on sbtest1  (cost=0.43..6.53 rows=105 width=4)
	  Index Cond: ((id >= 2175751) AND (id <= 2175851))

table 2 : explain SELECT id FROM sbtest2 WHERE id BETWEEN 2175751 AND 2175851
	Index Only Scan using sbtest2_pkey on sbtest2  (cost=0.43..6.32 rows=94 width=4)
	  Index Cond: ((id >= 2175751) AND (id <= 2175851))

table 3 : explain SELECT id FROM sbtest3 WHERE id BETWEEN 2175751 AND 2175851
	Index Only Scan using sbtest3_pkey on sbtest3  (cost=0.43..6.59 rows=108 width=4)
	  Index Cond: ((id >= 2175751) AND (id <= 2175851))

table 4 : explain SELECT id FROM sbtest4 WHERE id BETWEEN 2175751 AND 2175851
	Index Only Scan using sbtest4_pkey on sbtest4  (cost=0.43..6.51 rows=104 width=4)
	  Index Cond: ((id >= 2175751) AND (id <= 2175851))

table 5 : explain SELECT id FROM sbtest5 WHERE id BETWEEN 2175751 AND 2175851
	Index Only Scan using sbtest5_pkey on sbtest5  (cost=0.43..6.42 rows=99 width=4)
	  Index Cond: ((id >= 2175751) AND (id <= 2175851))

table 6 : explain SELECT id FROM sbtest6 WHERE id BETWEEN 2175751 AND 2175851
	Index Only Scan using sbtest6_pkey on sbtest6  (cost=0.43..6.56 rows=106 width=4)
	  Index Cond: ((id >= 2175751) AND (id <= 2175851))

table 7 : explain SELECT id FROM sbtest7 WHERE id BETWEEN 2175751 AND 2175851
	Index Only Scan using sbtest7_pkey on sbtest7  (cost=0.43..6.47 rows=102 width=4)
	  Index Cond: ((id >= 2175751) AND (id <= 2175851))

table 8 : explain SELECT id FROM sbtest8 WHERE id BETWEEN 2175751 AND 2175851
	Index Only Scan using sbtest8_pkey on sbtest8  (cost=0.43..6.42 rows=99 width=4)
	  Index Cond: ((id >= 2175751) AND (id <= 2175851))

explain: for range-covered :: explain SELECT id FROM sbtest%d WHERE id BETWEEN 2175751 AND 2175851
for range-covered
table 1 : explain SELECT id FROM sbtest1 WHERE id BETWEEN 5491294 AND 5491394
	Index Only Scan using sbtest1_pkey on sbtest1  (cost=0.43..6.69 rows=113 width=4)
	  Index Cond: ((id >= 5491294) AND (id <= 5491394))

table 2 : explain SELECT id FROM sbtest2 WHERE id BETWEEN 5491294 AND 5491394
	Index Only Scan using sbtest2_pkey on sbtest2  (cost=0.43..6.63 rows=110 width=4)
	  Index Cond: ((id >= 5491294) AND (id <= 5491394))

table 3 : explain SELECT id FROM sbtest3 WHERE id BETWEEN 5491294 AND 5491394
	Index Only Scan using sbtest3_pkey on sbtest3  (cost=0.43..6.29 rows=93 width=4)
	  Index Cond: ((id >= 5491294) AND (id <= 5491394))

table 4 : explain SELECT id FROM sbtest4 WHERE id BETWEEN 5491294 AND 5491394
	Index Only Scan using sbtest4_pkey on sbtest4  (cost=0.43..6.40 rows=98 width=4)
	  Index Cond: ((id >= 5491294) AND (id <= 5491394))

table 5 : explain SELECT id FROM sbtest5 WHERE id BETWEEN 5491294 AND 5491394
	Index Only Scan using sbtest5_pkey on sbtest5  (cost=0.43..6.24 rows=90 width=4)
	  Index Cond: ((id >= 5491294) AND (id <= 5491394))

table 6 : explain SELECT id FROM sbtest6 WHERE id BETWEEN 5491294 AND 5491394
	Index Only Scan using sbtest6_pkey on sbtest6  (cost=0.43..6.42 rows=99 width=4)
	  Index Cond: ((id >= 5491294) AND (id <= 5491394))

table 7 : explain SELECT id FROM sbtest7 WHERE id BETWEEN 5491294 AND 5491394
	Index Only Scan using sbtest7_pkey on sbtest7  (cost=0.43..6.61 rows=109 width=4)
	  Index Cond: ((id >= 5491294) AND (id <= 5491394))

table 8 : explain SELECT id FROM sbtest8 WHERE id BETWEEN 5491294 AND 5491394
	Index Only Scan using sbtest8_pkey on sbtest8  (cost=0.43..6.56 rows=106 width=4)
	  Index Cond: ((id >= 5491294) AND (id <= 5491394))

explain: for range-covered :: explain SELECT id FROM sbtest%d WHERE id BETWEEN 5491294 AND 5491394
for range-covered
table 1 : explain SELECT id FROM sbtest1 WHERE id BETWEEN 7280005 AND 7280105
	Index Only Scan using sbtest1_pkey on sbtest1  (cost=0.43..6.42 rows=99 width=4)
	  Index Cond: ((id >= 7280005) AND (id <= 7280105))

table 2 : explain SELECT id FROM sbtest2 WHERE id BETWEEN 7280005 AND 7280105
	Index Only Scan using sbtest2_pkey on sbtest2  (cost=0.43..6.58 rows=107 width=4)
	  Index Cond: ((id >= 7280005) AND (id <= 7280105))

table 3 : explain SELECT id FROM sbtest3 WHERE id BETWEEN 7280005 AND 7280105
	Index Only Scan using sbtest3_pkey on sbtest3  (cost=0.43..6.63 rows=110 width=4)
	  Index Cond: ((id >= 7280005) AND (id <= 7280105))

table 4 : explain SELECT id FROM sbtest4 WHERE id BETWEEN 7280005 AND 7280105
	Index Only Scan using sbtest4_pkey on sbtest4  (cost=0.43..6.43 rows=100 width=4)
	  Index Cond: ((id >= 7280005) AND (id <= 7280105))

table 5 : explain SELECT id FROM sbtest5 WHERE id BETWEEN 7280005 AND 7280105
	Index Only Scan using sbtest5_pkey on sbtest5  (cost=0.43..6.40 rows=98 width=4)
	  Index Cond: ((id >= 7280005) AND (id <= 7280105))

table 6 : explain SELECT id FROM sbtest6 WHERE id BETWEEN 7280005 AND 7280105
	Index Only Scan using sbtest6_pkey on sbtest6  (cost=0.43..6.45 rows=101 width=4)
	  Index Cond: ((id >= 7280005) AND (id <= 7280105))

table 7 : explain SELECT id FROM sbtest7 WHERE id BETWEEN 7280005 AND 7280105
	Index Only Scan using sbtest7_pkey on sbtest7  (cost=0.43..6.63 rows=110 width=4)
	  Index Cond: ((id >= 7280005) AND (id <= 7280105))

table 8 : explain SELECT id FROM sbtest8 WHERE id BETWEEN 7280005 AND 7280105
	Index Only Scan using sbtest8_pkey on sbtest8  (cost=0.43..6.50 rows=103 width=4)
	  Index Cond: ((id >= 7280005) AND (id <= 7280105))

explain: for range-covered :: explain SELECT id FROM sbtest%d WHERE id BETWEEN 7280005 AND 7280105
explain: for range-covered :: explain SELECT id FROM sbtest%d WHERE id BETWEEN 7073770 AND 7073870
for range-covered
table 1 : explain SELECT id FROM sbtest1 WHERE id BETWEEN 6802945 AND 6803045
	Index Only Scan using sbtest1_pkey on sbtest1  (cost=0.43..6.53 rows=105 width=4)
	  Index Cond: ((id >= 6802945) AND (id <= 6803045))

table 2 : explain SELECT id FROM sbtest2 WHERE id BETWEEN 6802945 AND 6803045
	Index Only Scan using sbtest2_pkey on sbtest2  (cost=0.43..6.42 rows=99 width=4)
	  Index Cond: ((id >= 6802945) AND (id <= 6803045))

table 3 : explain SELECT id FROM sbtest3 WHERE id BETWEEN 6802945 AND 6803045
	Index Only Scan using sbtest3_pkey on sbtest3  (cost=0.43..6.45 rows=101 width=4)
	  Index Cond: ((id >= 6802945) AND (id <= 6803045))

table 4 : explain SELECT id FROM sbtest4 WHERE id BETWEEN 6802945 AND 6803045
	Index Only Scan using sbtest4_pkey on sbtest4  (cost=0.43..6.45 rows=101 width=4)
	  Index Cond: ((id >= 6802945) AND (id <= 6803045))

table 5 : explain SELECT id FROM sbtest5 WHERE id BETWEEN 6802945 AND 6803045
	Index Only Scan using sbtest5_pkey on sbtest5  (cost=0.43..6.45 rows=101 width=4)
	  Index Cond: ((id >= 6802945) AND (id <= 6803045))

table 6 : explain SELECT id FROM sbtest6 WHERE id BETWEEN 6802945 AND 6803045
	Index Only Scan using sbtest6_pkey on sbtest6  (cost=0.43..6.43 rows=100 width=4)
	  Index Cond: ((id >= 6802945) AND (id <= 6803045))

table 7 : explain SELECT id FROM sbtest7 WHERE id BETWEEN 6802945 AND 6803045
	Index Only Scan using sbtest7_pkey on sbtest7  (cost=0.43..6.74 rows=115 width=4)
	  Index Cond: ((id >= 6802945) AND (id <= 6803045))

table 8 : explain SELECT id FROM sbtest8 WHERE id BETWEEN 6802945 AND 6803045
	Index Only Scan using sbtest8_pkey on sbtest8  (cost=0.43..6.37 rows=97 width=4)
	  Index Cond: ((id >= 6802945) AND (id <= 6803045))

for range-covered
table 1 : explain SELECT id FROM sbtest1 WHERE id BETWEEN 2175751 AND 2175851
	Index Only Scan using sbtest1_pkey on sbtest1  (cost=0.43..6.53 rows=105 width=4)
	  Index Cond: ((id >= 2175751) AND (id <= 2175851))

table 2 : explain SELECT id FROM sbtest2 WHERE id BETWEEN 2175751 AND 2175851
	Index Only Scan using sbtest2_pkey on sbtest2  (cost=0.43..6.32 rows=94 width=4)
	  Index Cond: ((id >= 2175751) AND (id <= 2175851))

table 3 : explain SELECT id FROM sbtest3 WHERE id BETWEEN 2175751 AND 2175851
	Index Only Scan using sbtest3_pkey on sbtest3  (cost=0.43..6.59 rows=108 width=4)
	  Index Cond: ((id >= 2175751) AND (id <= 2175851))

table 4 : explain SELECT id FROM sbtest4 WHERE id BETWEEN 2175751 AND 2175851
	Index Only Scan using sbtest4_pkey on sbtest4  (cost=0.43..6.51 rows=104 width=4)
	  Index Cond: ((id >= 2175751) AND (id <= 2175851))

table 5 : explain SELECT id FROM sbtest5 WHERE id BETWEEN 2175751 AND 2175851
	Index Only Scan using sbtest5_pkey on sbtest5  (cost=0.43..6.42 rows=99 width=4)
	  Index Cond: ((id >= 2175751) AND (id <= 2175851))

table 6 : explain SELECT id FROM sbtest6 WHERE id BETWEEN 2175751 AND 2175851
	Index Only Scan using sbtest6_pkey on sbtest6  (cost=0.43..6.56 rows=106 width=4)
	  Index Cond: ((id >= 2175751) AND (id <= 2175851))

table 7 : explain SELECT id FROM sbtest7 WHERE id BETWEEN 2175751 AND 2175851
	Index Only Scan using sbtest7_pkey on sbtest7  (cost=0.43..6.47 rows=102 width=4)
	  Index Cond: ((id >= 2175751) AND (id <= 2175851))

table 8 : explain SELECT id FROM sbtest8 WHERE id BETWEEN 2175751 AND 2175851
	Index Only Scan using sbtest8_pkey on sbtest8  (cost=0.43..6.42 rows=99 width=4)
	  Index Cond: ((id >= 2175751) AND (id <= 2175851))

explain: for range-covered :: explain SELECT id FROM sbtest%d WHERE id BETWEEN 6802945 AND 6803045
explain: for range-covered :: explain SELECT id FROM sbtest%d WHERE id BETWEEN 2175751 AND 2175851
for range-covered
table 1 : explain SELECT id FROM sbtest1 WHERE id BETWEEN 5491294 AND 5491394
	Index Only Scan using sbtest1_pkey on sbtest1  (cost=0.43..6.69 rows=113 width=4)
	  Index Cond: ((id >= 5491294) AND (id <= 5491394))

table 2 : explain SELECT id FROM sbtest2 WHERE id BETWEEN 5491294 AND 5491394
	Index Only Scan using sbtest2_pkey on sbtest2  (cost=0.43..6.63 rows=110 width=4)
	  Index Cond: ((id >= 5491294) AND (id <= 5491394))

table 3 : explain SELECT id FROM sbtest3 WHERE id BETWEEN 5491294 AND 5491394
	Index Only Scan using sbtest3_pkey on sbtest3  (cost=0.43..6.29 rows=93 width=4)
	  Index Cond: ((id >= 5491294) AND (id <= 5491394))

table 4 : explain SELECT id FROM sbtest4 WHERE id BETWEEN 5491294 AND 5491394
	Index Only Scan using sbtest4_pkey on sbtest4  (cost=0.43..6.40 rows=98 width=4)
	  Index Cond: ((id >= 5491294) AND (id <= 5491394))

table 5 : explain SELECT id FROM sbtest5 WHERE id BETWEEN 5491294 AND 5491394
	Index Only Scan using sbtest5_pkey on sbtest5  (cost=0.43..6.24 rows=90 width=4)
	  Index Cond: ((id >= 5491294) AND (id <= 5491394))

table 6 : explain SELECT id FROM sbtest6 WHERE id BETWEEN 5491294 AND 5491394
	Index Only Scan using sbtest6_pkey on sbtest6  (cost=0.43..6.42 rows=99 width=4)
	  Index Cond: ((id >= 5491294) AND (id <= 5491394))

table 7 : explain SELECT id FROM sbtest7 WHERE id BETWEEN 5491294 AND 5491394
	Index Only Scan using sbtest7_pkey on sbtest7  (cost=0.43..6.61 rows=109 width=4)
	  Index Cond: ((id >= 5491294) AND (id <= 5491394))

table 8 : explain SELECT id FROM sbtest8 WHERE id BETWEEN 5491294 AND 5491394
	Index Only Scan using sbtest8_pkey on sbtest8  (cost=0.43..6.56 rows=106 width=4)
	  Index Cond: ((id >= 5491294) AND (id <= 5491394))

explain: for range-covered :: explain SELECT id FROM sbtest%d WHERE id BETWEEN 5491294 AND 5491394
for range-covered
table 1 : explain SELECT id FROM sbtest1 WHERE id BETWEEN 7280005 AND 7280105
	Index Only Scan using sbtest1_pkey on sbtest1  (cost=0.43..6.42 rows=99 width=4)
	  Index Cond: ((id >= 7280005) AND (id <= 7280105))

table 2 : explain SELECT id FROM sbtest2 WHERE id BETWEEN 7280005 AND 7280105
	Index Only Scan using sbtest2_pkey on sbtest2  (cost=0.43..6.58 rows=107 width=4)
	  Index Cond: ((id >= 7280005) AND (id <= 7280105))

table 3 : explain SELECT id FROM sbtest3 WHERE id BETWEEN 7280005 AND 7280105
	Index Only Scan using sbtest3_pkey on sbtest3  (cost=0.43..6.63 rows=110 width=4)
	  Index Cond: ((id >= 7280005) AND (id <= 7280105))

table 4 : explain SELECT id FROM sbtest4 WHERE id BETWEEN 7280005 AND 7280105
	Index Only Scan using sbtest4_pkey on sbtest4  (cost=0.43..6.43 rows=100 width=4)
	  Index Cond: ((id >= 7280005) AND (id <= 7280105))

table 5 : explain SELECT id FROM sbtest5 WHERE id BETWEEN 7280005 AND 7280105
	Index Only Scan using sbtest5_pkey on sbtest5  (cost=0.43..6.40 rows=98 width=4)
	  Index Cond: ((id >= 7280005) AND (id <= 7280105))

table 6 : explain SELECT id FROM sbtest6 WHERE id BETWEEN 7280005 AND 7280105
	Index Only Scan using sbtest6_pkey on sbtest6  (cost=0.43..6.45 rows=101 width=4)
	  Index Cond: ((id >= 7280005) AND (id <= 7280105))

table 7 : explain SELECT id FROM sbtest7 WHERE id BETWEEN 7280005 AND 7280105
	Index Only Scan using sbtest7_pkey on sbtest7  (cost=0.43..6.63 rows=110 width=4)
	  Index Cond: ((id >= 7280005) AND (id <= 7280105))

table 8 : explain SELECT id FROM sbtest8 WHERE id BETWEEN 7280005 AND 7280105
	Index Only Scan using sbtest8_pkey on sbtest8  (cost=0.43..6.50 rows=103 width=4)
	  Index Cond: ((id >= 7280005) AND (id <= 7280105))

for range-covered
table 1 : explain SELECT id FROM sbtest1 WHERE id BETWEEN 7073770 AND 7073870
	Index Only Scan using sbtest1_pkey on sbtest1  (cost=0.43..6.63 rows=110 width=4)
	  Index Cond: ((id >= 7073770) AND (id <= 7073870))

table 2 : explain SELECT id FROM sbtest2 WHERE id BETWEEN 7073770 AND 7073870
	Index Only Scan using sbtest2_pkey on sbtest2  (cost=0.43..6.45 rows=101 width=4)
	  Index Cond: ((id >= 7073770) AND (id <= 7073870))

table 3 : explain SELECT id FROM sbtest3 WHERE id BETWEEN 7073770 AND 7073870
	Index Only Scan using sbtest3_pkey on sbtest3  (cost=0.43..6.47 rows=102 width=4)
	  Index Cond: ((id >= 7073770) AND (id <= 7073870))

table 4 : explain SELECT id FROM sbtest4 WHERE id BETWEEN 7073770 AND 7073870
	Index Only Scan using sbtest4_pkey on sbtest4  (cost=0.43..6.37 rows=97 width=4)
	  Index Cond: ((id >= 7073770) AND (id <= 7073870))

table 5 : explain SELECT id FROM sbtest5 WHERE id BETWEEN 7073770 AND 7073870
	Index Only Scan using sbtest5_pkey on sbtest5  (cost=0.43..6.40 rows=98 width=4)
	  Index Cond: ((id >= 7073770) AND (id <= 7073870))

table 6 : explain SELECT id FROM sbtest6 WHERE id BETWEEN 7073770 AND 7073870
	Index Only Scan using sbtest6_pkey on sbtest6  (cost=0.43..6.21 rows=89 width=4)
	  Index Cond: ((id >= 7073770) AND (id <= 7073870))

table 7 : explain SELECT id FROM sbtest7 WHERE id BETWEEN 7073770 AND 7073870
	Index Only Scan using sbtest7_pkey on sbtest7  (cost=0.43..6.35 rows=96 width=4)
	  Index Cond: ((id >= 7073770) AND (id <= 7073870))

table 8 : explain SELECT id FROM sbtest8 WHERE id BETWEEN 7073770 AND 7073870
	Index Only Scan using sbtest8_pkey on sbtest8  (cost=0.43..6.56 rows=106 width=4)
	  Index Cond: ((id >= 7073770) AND (id <= 7073870))

for range-covered
table 1 : explain SELECT id FROM sbtest1 WHERE id BETWEEN 6802945 AND 6803045
	Index Only Scan using sbtest1_pkey on sbtest1  (cost=0.43..6.53 rows=105 width=4)
	  Index Cond: ((id >= 6802945) AND (id <= 6803045))

table 2 : explain SELECT id FROM sbtest2 WHERE id BETWEEN 6802945 AND 6803045
	Index Only Scan using sbtest2_pkey on sbtest2  (cost=0.43..6.42 rows=99 width=4)
	  Index Cond: ((id >= 6802945) AND (id <= 6803045))

table 3 : explain SELECT id FROM sbtest3 WHERE id BETWEEN 6802945 AND 6803045
	Index Only Scan using sbtest3_pkey on sbtest3  (cost=0.43..6.45 rows=101 width=4)
	  Index Cond: ((id >= 6802945) AND (id <= 6803045))

table 4 : explain SELECT id FROM sbtest4 WHERE id BETWEEN 6802945 AND 6803045
	Index Only Scan using sbtest4_pkey on sbtest4  (cost=0.43..6.45 rows=101 width=4)
	  Index Cond: ((id >= 6802945) AND (id <= 6803045))

table 5 : explain SELECT id FROM sbtest5 WHERE id BETWEEN 6802945 AND 6803045
	Index Only Scan using sbtest5_pkey on sbtest5  (cost=0.43..6.45 rows=101 width=4)
	  Index Cond: ((id >= 6802945) AND (id <= 6803045))

table 6 : explain SELECT id FROM sbtest6 WHERE id BETWEEN 6802945 AND 6803045
	Index Only Scan using sbtest6_pkey on sbtest6  (cost=0.43..6.43 rows=100 width=4)
	  Index Cond: ((id >= 6802945) AND (id <= 6803045))

table 7 : explain SELECT id FROM sbtest7 WHERE id BETWEEN 6802945 AND 6803045
	Index Only Scan using sbtest7_pkey on sbtest7  (cost=0.43..6.74 rows=115 width=4)
	  Index Cond: ((id >= 6802945) AND (id <= 6803045))

table 8 : explain SELECT id FROM sbtest8 WHERE id BETWEEN 6802945 AND 6803045
	Index Only Scan using sbtest8_pkey on sbtest8  (cost=0.43..6.37 rows=97 width=4)
	  Index Cond: ((id >= 6802945) AND (id <= 6803045))

for range-covered
table 1 : explain SELECT id FROM sbtest1 WHERE id BETWEEN 2175751 AND 2175851
	Index Only Scan using sbtest1_pkey on sbtest1  (cost=0.43..6.53 rows=105 width=4)
	  Index Cond: ((id >= 2175751) AND (id <= 2175851))

table 2 : explain SELECT id FROM sbtest2 WHERE id BETWEEN 2175751 AND 2175851
	Index Only Scan using sbtest2_pkey on sbtest2  (cost=0.43..6.32 rows=94 width=4)
	  Index Cond: ((id >= 2175751) AND (id <= 2175851))

table 3 : explain SELECT id FROM sbtest3 WHERE id BETWEEN 2175751 AND 2175851
	Index Only Scan using sbtest3_pkey on sbtest3  (cost=0.43..6.59 rows=108 width=4)
	  Index Cond: ((id >= 2175751) AND (id <= 2175851))

table 4 : explain SELECT id FROM sbtest4 WHERE id BETWEEN 2175751 AND 2175851
	Index Only Scan using sbtest4_pkey on sbtest4  (cost=0.43..6.51 rows=104 width=4)
	  Index Cond: ((id >= 2175751) AND (id <= 2175851))

table 5 : explain SELECT id FROM sbtest5 WHERE id BETWEEN 2175751 AND 2175851
	Index Only Scan using sbtest5_pkey on sbtest5  (cost=0.43..6.42 rows=99 width=4)
	  Index Cond: ((id >= 2175751) AND (id <= 2175851))

table 6 : explain SELECT id FROM sbtest6 WHERE id BETWEEN 2175751 AND 2175851
	Index Only Scan using sbtest6_pkey on sbtest6  (cost=0.43..6.56 rows=106 width=4)
	  Index Cond: ((id >= 2175751) AND (id <= 2175851))

table 7 : explain SELECT id FROM sbtest7 WHERE id BETWEEN 2175751 AND 2175851
	Index Only Scan using sbtest7_pkey on sbtest7  (cost=0.43..6.47 rows=102 width=4)
	  Index Cond: ((id >= 2175751) AND (id <= 2175851))

table 8 : explain SELECT id FROM sbtest8 WHERE id BETWEEN 2175751 AND 2175851
	Index Only Scan using sbtest8_pkey on sbtest8  (cost=0.43..6.42 rows=99 width=4)
	  Index Cond: ((id >= 2175751) AND (id <= 2175851))

explain: for range-covered :: explain SELECT id FROM sbtest%d WHERE id BETWEEN 7073770 AND 7073870
explain: for range-covered :: explain SELECT id FROM sbtest%d WHERE id BETWEEN 6802945 AND 6803045
for range-covered
table 1 : explain SELECT id FROM sbtest1 WHERE id BETWEEN 5491294 AND 5491394
	Index Only Scan using sbtest1_pkey on sbtest1  (cost=0.43..6.69 rows=113 width=4)
	  Index Cond: ((id >= 5491294) AND (id <= 5491394))

table 2 : explain SELECT id FROM sbtest2 WHERE id BETWEEN 5491294 AND 5491394
	Index Only Scan using sbtest2_pkey on sbtest2  (cost=0.43..6.63 rows=110 width=4)
	  Index Cond: ((id >= 5491294) AND (id <= 5491394))

table 3 : explain SELECT id FROM sbtest3 WHERE id BETWEEN 5491294 AND 5491394
	Index Only Scan using sbtest3_pkey on sbtest3  (cost=0.43..6.29 rows=93 width=4)
	  Index Cond: ((id >= 5491294) AND (id <= 5491394))

table 4 : explain SELECT id FROM sbtest4 WHERE id BETWEEN 5491294 AND 5491394
	Index Only Scan using sbtest4_pkey on sbtest4  (cost=0.43..6.40 rows=98 width=4)
	  Index Cond: ((id >= 5491294) AND (id <= 5491394))

table 5 : explain SELECT id FROM sbtest5 WHERE id BETWEEN 5491294 AND 5491394
	Index Only Scan using sbtest5_pkey on sbtest5  (cost=0.43..6.24 rows=90 width=4)
	  Index Cond: ((id >= 5491294) AND (id <= 5491394))

table 6 : explain SELECT id FROM sbtest6 WHERE id BETWEEN 5491294 AND 5491394
	Index Only Scan using sbtest6_pkey on sbtest6  (cost=0.43..6.42 rows=99 width=4)
	  Index Cond: ((id >= 5491294) AND (id <= 5491394))

table 7 : explain SELECT id FROM sbtest7 WHERE id BETWEEN 5491294 AND 5491394
	Index Only Scan using sbtest7_pkey on sbtest7  (cost=0.43..6.61 rows=109 width=4)
	  Index Cond: ((id >= 5491294) AND (id <= 5491394))

table 8 : explain SELECT id FROM sbtest8 WHERE id BETWEEN 5491294 AND 5491394
	Index Only Scan using sbtest8_pkey on sbtest8  (cost=0.43..6.56 rows=106 width=4)
	  Index Cond: ((id >= 5491294) AND (id <= 5491394))

explain: for range-covered :: explain SELECT id FROM sbtest%d WHERE id BETWEEN 2175751 AND 2175851
explain: for range-covered :: explain SELECT id FROM sbtest%d WHERE id BETWEEN 5491294 AND 5491394
for range-covered
table 1 : explain SELECT id FROM sbtest1 WHERE id BETWEEN 4784580 AND 4784680
	Index Only Scan using sbtest1_pkey on sbtest1  (cost=0.43..6.51 rows=104 width=4)
	  Index Cond: ((id >= 4784580) AND (id <= 4784680))

table 2 : explain SELECT id FROM sbtest2 WHERE id BETWEEN 4784580 AND 4784680
	Index Only Scan using sbtest2_pkey on sbtest2  (cost=0.43..6.45 rows=101 width=4)
	  Index Cond: ((id >= 4784580) AND (id <= 4784680))

table 3 : explain SELECT id FROM sbtest3 WHERE id BETWEEN 4784580 AND 4784680
	Index Only Scan using sbtest3_pkey on sbtest3  (cost=0.43..6.40 rows=98 width=4)
	  Index Cond: ((id >= 4784580) AND (id <= 4784680))

table 4 : explain SELECT id FROM sbtest4 WHERE id BETWEEN 4784580 AND 4784680
	Index Only Scan using sbtest4_pkey on sbtest4  (cost=0.43..6.35 rows=96 width=4)
	  Index Cond: ((id >= 4784580) AND (id <= 4784680))

table 5 : explain SELECT id FROM sbtest5 WHERE id BETWEEN 4784580 AND 4784680
	Index Only Scan using sbtest5_pkey on sbtest5  (cost=0.43..6.61 rows=109 width=4)
	  Index Cond: ((id >= 4784580) AND (id <= 4784680))

table 6 : explain SELECT id FROM sbtest6 WHERE id BETWEEN 4784580 AND 4784680
	Index Only Scan using sbtest6_pkey on sbtest6  (cost=0.43..6.25 rows=91 width=4)
	  Index Cond: ((id >= 4784580) AND (id <= 4784680))

table 7 : explain SELECT id FROM sbtest7 WHERE id BETWEEN 4784580 AND 4784680
	Index Only Scan using sbtest7_pkey on sbtest7  (cost=0.43..6.37 rows=97 width=4)
	  Index Cond: ((id >= 4784580) AND (id <= 4784680))

table 8 : explain SELECT id FROM sbtest8 WHERE id BETWEEN 4784580 AND 4784680
	Index Only Scan using sbtest8_pkey on sbtest8  (cost=0.43..6.19 rows=88 width=4)
	  Index Cond: ((id >= 4784580) AND (id <= 4784680))

for range-covered
table 1 : explain SELECT id FROM sbtest1 WHERE id BETWEEN 7073770 AND 7073870
	Index Only Scan using sbtest1_pkey on sbtest1  (cost=0.43..6.63 rows=110 width=4)
	  Index Cond: ((id >= 7073770) AND (id <= 7073870))

table 2 : explain SELECT id FROM sbtest2 WHERE id BETWEEN 7073770 AND 7073870
	Index Only Scan using sbtest2_pkey on sbtest2  (cost=0.43..6.45 rows=101 width=4)
	  Index Cond: ((id >= 7073770) AND (id <= 7073870))

table 3 : explain SELECT id FROM sbtest3 WHERE id BETWEEN 7073770 AND 7073870
	Index Only Scan using sbtest3_pkey on sbtest3  (cost=0.43..6.47 rows=102 width=4)
	  Index Cond: ((id >= 7073770) AND (id <= 7073870))

table 4 : explain SELECT id FROM sbtest4 WHERE id BETWEEN 7073770 AND 7073870
	Index Only Scan using sbtest4_pkey on sbtest4  (cost=0.43..6.37 rows=97 width=4)
	  Index Cond: ((id >= 7073770) AND (id <= 7073870))

table 5 : explain SELECT id FROM sbtest5 WHERE id BETWEEN 7073770 AND 7073870
	Index Only Scan using sbtest5_pkey on sbtest5  (cost=0.43..6.40 rows=98 width=4)
	  Index Cond: ((id >= 7073770) AND (id <= 7073870))

table 6 : explain SELECT id FROM sbtest6 WHERE id BETWEEN 7073770 AND 7073870
	Index Only Scan using sbtest6_pkey on sbtest6  (cost=0.43..6.21 rows=89 width=4)
	  Index Cond: ((id >= 7073770) AND (id <= 7073870))

table 7 : explain SELECT id FROM sbtest7 WHERE id BETWEEN 7073770 AND 7073870
	Index Only Scan using sbtest7_pkey on sbtest7  (cost=0.43..6.35 rows=96 width=4)
	  Index Cond: ((id >= 7073770) AND (id <= 7073870))

table 8 : explain SELECT id FROM sbtest8 WHERE id BETWEEN 7073770 AND 7073870
	Index Only Scan using sbtest8_pkey on sbtest8  (cost=0.43..6.56 rows=106 width=4)
	  Index Cond: ((id >= 7073770) AND (id <= 7073870))

for range-covered
table 1 : explain SELECT id FROM sbtest1 WHERE id BETWEEN 2175751 AND 2175851
	Index Only Scan using sbtest1_pkey on sbtest1  (cost=0.43..6.53 rows=105 width=4)
	  Index Cond: ((id >= 2175751) AND (id <= 2175851))

table 2 : explain SELECT id FROM sbtest2 WHERE id BETWEEN 2175751 AND 2175851
	Index Only Scan using sbtest2_pkey on sbtest2  (cost=0.43..6.32 rows=94 width=4)
	  Index Cond: ((id >= 2175751) AND (id <= 2175851))

table 3 : explain SELECT id FROM sbtest3 WHERE id BETWEEN 2175751 AND 2175851
	Index Only Scan using sbtest3_pkey on sbtest3  (cost=0.43..6.59 rows=108 width=4)
	  Index Cond: ((id >= 2175751) AND (id <= 2175851))

table 4 : explain SELECT id FROM sbtest4 WHERE id BETWEEN 2175751 AND 2175851
	Index Only Scan using sbtest4_pkey on sbtest4  (cost=0.43..6.51 rows=104 width=4)
	  Index Cond: ((id >= 2175751) AND (id <= 2175851))

table 5 : explain SELECT id FROM sbtest5 WHERE id BETWEEN 2175751 AND 2175851
	Index Only Scan using sbtest5_pkey on sbtest5  (cost=0.43..6.42 rows=99 width=4)
	  Index Cond: ((id >= 2175751) AND (id <= 2175851))

table 6 : explain SELECT id FROM sbtest6 WHERE id BETWEEN 2175751 AND 2175851
	Index Only Scan using sbtest6_pkey on sbtest6  (cost=0.43..6.56 rows=106 width=4)
	  Index Cond: ((id >= 2175751) AND (id <= 2175851))

table 7 : explain SELECT id FROM sbtest7 WHERE id BETWEEN 2175751 AND 2175851
	Index Only Scan using sbtest7_pkey on sbtest7  (cost=0.43..6.47 rows=102 width=4)
	  Index Cond: ((id >= 2175751) AND (id <= 2175851))

table 8 : explain SELECT id FROM sbtest8 WHERE id BETWEEN 2175751 AND 2175851
	Index Only Scan using sbtest8_pkey on sbtest8  (cost=0.43..6.42 rows=99 width=4)
	  Index Cond: ((id >= 2175751) AND (id <= 2175851))

for range-covered
table 1 : explain SELECT id FROM sbtest1 WHERE id BETWEEN 6802945 AND 6803045
	Index Only Scan using sbtest1_pkey on sbtest1  (cost=0.43..6.53 rows=105 width=4)
	  Index Cond: ((id >= 6802945) AND (id <= 6803045))

table 2 : explain SELECT id FROM sbtest2 WHERE id BETWEEN 6802945 AND 6803045
	Index Only Scan using sbtest2_pkey on sbtest2  (cost=0.43..6.42 rows=99 width=4)
	  Index Cond: ((id >= 6802945) AND (id <= 6803045))

table 3 : explain SELECT id FROM sbtest3 WHERE id BETWEEN 6802945 AND 6803045
	Index Only Scan using sbtest3_pkey on sbtest3  (cost=0.43..6.45 rows=101 width=4)
	  Index Cond: ((id >= 6802945) AND (id <= 6803045))

table 4 : explain SELECT id FROM sbtest4 WHERE id BETWEEN 6802945 AND 6803045
	Index Only Scan using sbtest4_pkey on sbtest4  (cost=0.43..6.45 rows=101 width=4)
	  Index Cond: ((id >= 6802945) AND (id <= 6803045))

table 5 : explain SELECT id FROM sbtest5 WHERE id BETWEEN 6802945 AND 6803045
	Index Only Scan using sbtest5_pkey on sbtest5  (cost=0.43..6.45 rows=101 width=4)
	  Index Cond: ((id >= 6802945) AND (id <= 6803045))

table 6 : explain SELECT id FROM sbtest6 WHERE id BETWEEN 6802945 AND 6803045
	Index Only Scan using sbtest6_pkey on sbtest6  (cost=0.43..6.43 rows=100 width=4)
	  Index Cond: ((id >= 6802945) AND (id <= 6803045))

table 7 : explain SELECT id FROM sbtest7 WHERE id BETWEEN 6802945 AND 6803045
	Index Only Scan using sbtest7_pkey on sbtest7  (cost=0.43..6.74 rows=115 width=4)
	  Index Cond: ((id >= 6802945) AND (id <= 6803045))

table 8 : explain SELECT id FROM sbtest8 WHERE id BETWEEN 6802945 AND 6803045
	Index Only Scan using sbtest8_pkey on sbtest8  (cost=0.43..6.37 rows=97 width=4)
	  Index Cond: ((id >= 6802945) AND (id <= 6803045))

explain: for range-covered :: explain SELECT id FROM sbtest%d WHERE id BETWEEN 4784580 AND 4784680
explain: for range-covered :: explain SELECT id FROM sbtest%d WHERE id BETWEEN 7073770 AND 7073870
explain: for range-covered :: explain SELECT id FROM sbtest%d WHERE id BETWEEN 2175751 AND 2175851
for range-covered
table 1 : explain SELECT id FROM sbtest1 WHERE id BETWEEN 5491294 AND 5491394
	Index Only Scan using sbtest1_pkey on sbtest1  (cost=0.43..6.69 rows=113 width=4)
	  Index Cond: ((id >= 5491294) AND (id <= 5491394))

table 2 : explain SELECT id FROM sbtest2 WHERE id BETWEEN 5491294 AND 5491394
	Index Only Scan using sbtest2_pkey on sbtest2  (cost=0.43..6.63 rows=110 width=4)
	  Index Cond: ((id >= 5491294) AND (id <= 5491394))

table 3 : explain SELECT id FROM sbtest3 WHERE id BETWEEN 5491294 AND 5491394
	Index Only Scan using sbtest3_pkey on sbtest3  (cost=0.43..6.29 rows=93 width=4)
	  Index Cond: ((id >= 5491294) AND (id <= 5491394))

table 4 : explain SELECT id FROM sbtest4 WHERE id BETWEEN 5491294 AND 5491394
	Index Only Scan using sbtest4_pkey on sbtest4  (cost=0.43..6.40 rows=98 width=4)
	  Index Cond: ((id >= 5491294) AND (id <= 5491394))

table 5 : explain SELECT id FROM sbtest5 WHERE id BETWEEN 5491294 AND 5491394
	Index Only Scan using sbtest5_pkey on sbtest5  (cost=0.43..6.24 rows=90 width=4)
	  Index Cond: ((id >= 5491294) AND (id <= 5491394))

table 6 : explain SELECT id FROM sbtest6 WHERE id BETWEEN 5491294 AND 5491394
	Index Only Scan using sbtest6_pkey on sbtest6  (cost=0.43..6.42 rows=99 width=4)
	  Index Cond: ((id >= 5491294) AND (id <= 5491394))

table 7 : explain SELECT id FROM sbtest7 WHERE id BETWEEN 5491294 AND 5491394
	Index Only Scan using sbtest7_pkey on sbtest7  (cost=0.43..6.61 rows=109 width=4)
	  Index Cond: ((id >= 5491294) AND (id <= 5491394))

table 8 : explain SELECT id FROM sbtest8 WHERE id BETWEEN 5491294 AND 5491394
	Index Only Scan using sbtest8_pkey on sbtest8  (cost=0.43..6.56 rows=106 width=4)
	  Index Cond: ((id >= 5491294) AND (id <= 5491394))

explain: for range-covered :: explain SELECT id FROM sbtest%d WHERE id BETWEEN 6802945 AND 6803045
explain: for range-covered :: explain SELECT id FROM sbtest%d WHERE id BETWEEN 9681003 AND 9681103
for range-covered
table 1 : explain SELECT id FROM sbtest1 WHERE id BETWEEN 4784580 AND 4784680
	Index Only Scan using sbtest1_pkey on sbtest1  (cost=0.43..6.51 rows=104 width=4)
	  Index Cond: ((id >= 4784580) AND (id <= 4784680))

table 2 : explain SELECT id FROM sbtest2 WHERE id BETWEEN 4784580 AND 4784680
	Index Only Scan using sbtest2_pkey on sbtest2  (cost=0.43..6.45 rows=101 width=4)
	  Index Cond: ((id >= 4784580) AND (id <= 4784680))

table 3 : explain SELECT id FROM sbtest3 WHERE id BETWEEN 4784580 AND 4784680
	Index Only Scan using sbtest3_pkey on sbtest3  (cost=0.43..6.40 rows=98 width=4)
	  Index Cond: ((id >= 4784580) AND (id <= 4784680))

table 4 : explain SELECT id FROM sbtest4 WHERE id BETWEEN 4784580 AND 4784680
	Index Only Scan using sbtest4_pkey on sbtest4  (cost=0.43..6.35 rows=96 width=4)
	  Index Cond: ((id >= 4784580) AND (id <= 4784680))

table 5 : explain SELECT id FROM sbtest5 WHERE id BETWEEN 4784580 AND 4784680
	Index Only Scan using sbtest5_pkey on sbtest5  (cost=0.43..6.61 rows=109 width=4)
	  Index Cond: ((id >= 4784580) AND (id <= 4784680))

table 6 : explain SELECT id FROM sbtest6 WHERE id BETWEEN 4784580 AND 4784680
	Index Only Scan using sbtest6_pkey on sbtest6  (cost=0.43..6.25 rows=91 width=4)
	  Index Cond: ((id >= 4784580) AND (id <= 4784680))

table 7 : explain SELECT id FROM sbtest7 WHERE id BETWEEN 4784580 AND 4784680
	Index Only Scan using sbtest7_pkey on sbtest7  (cost=0.43..6.37 rows=97 width=4)
	  Index Cond: ((id >= 4784580) AND (id <= 4784680))

table 8 : explain SELECT id FROM sbtest8 WHERE id BETWEEN 4784580 AND 4784680
	Index Only Scan using sbtest8_pkey on sbtest8  (cost=0.43..6.19 rows=88 width=4)
	  Index Cond: ((id >= 4784580) AND (id <= 4784680))

for range-covered
table 1 : explain SELECT id FROM sbtest1 WHERE id BETWEEN 2175751 AND 2175851
	Index Only Scan using sbtest1_pkey on sbtest1  (cost=0.43..6.53 rows=105 width=4)
	  Index Cond: ((id >= 2175751) AND (id <= 2175851))

table 2 : explain SELECT id FROM sbtest2 WHERE id BETWEEN 2175751 AND 2175851
	Index Only Scan using sbtest2_pkey on sbtest2  (cost=0.43..6.32 rows=94 width=4)
	  Index Cond: ((id >= 2175751) AND (id <= 2175851))

table 3 : explain SELECT id FROM sbtest3 WHERE id BETWEEN 2175751 AND 2175851
	Index Only Scan using sbtest3_pkey on sbtest3  (cost=0.43..6.59 rows=108 width=4)
	  Index Cond: ((id >= 2175751) AND (id <= 2175851))

table 4 : explain SELECT id FROM sbtest4 WHERE id BETWEEN 2175751 AND 2175851
	Index Only Scan using sbtest4_pkey on sbtest4  (cost=0.43..6.51 rows=104 width=4)
	  Index Cond: ((id >= 2175751) AND (id <= 2175851))

table 5 : explain SELECT id FROM sbtest5 WHERE id BETWEEN 2175751 AND 2175851
	Index Only Scan using sbtest5_pkey on sbtest5  (cost=0.43..6.42 rows=99 width=4)
	  Index Cond: ((id >= 2175751) AND (id <= 2175851))

table 6 : explain SELECT id FROM sbtest6 WHERE id BETWEEN 2175751 AND 2175851
	Index Only Scan using sbtest6_pkey on sbtest6  (cost=0.43..6.56 rows=106 width=4)
	  Index Cond: ((id >= 2175751) AND (id <= 2175851))

table 7 : explain SELECT id FROM sbtest7 WHERE id BETWEEN 2175751 AND 2175851
	Index Only Scan using sbtest7_pkey on sbtest7  (cost=0.43..6.47 rows=102 width=4)
	  Index Cond: ((id >= 2175751) AND (id <= 2175851))

table 8 : explain SELECT id FROM sbtest8 WHERE id BETWEEN 2175751 AND 2175851
	Index Only Scan using sbtest8_pkey on sbtest8  (cost=0.43..6.42 rows=99 width=4)
	  Index Cond: ((id >= 2175751) AND (id <= 2175851))

explain: for range-covered :: explain SELECT id FROM sbtest%d WHERE id BETWEEN 4784580 AND 4784680
for range-covered
table 1 : explain SELECT id FROM sbtest1 WHERE id BETWEEN 7073770 AND 7073870
	Index Only Scan using sbtest1_pkey on sbtest1  (cost=0.43..6.63 rows=110 width=4)
	  Index Cond: ((id >= 7073770) AND (id <= 7073870))

table 2 : explain SELECT id FROM sbtest2 WHERE id BETWEEN 7073770 AND 7073870
	Index Only Scan using sbtest2_pkey on sbtest2  (cost=0.43..6.45 rows=101 width=4)
	  Index Cond: ((id >= 7073770) AND (id <= 7073870))

table 3 : explain SELECT id FROM sbtest3 WHERE id BETWEEN 7073770 AND 7073870
	Index Only Scan using sbtest3_pkey on sbtest3  (cost=0.43..6.47 rows=102 width=4)
	  Index Cond: ((id >= 7073770) AND (id <= 7073870))

table 4 : explain SELECT id FROM sbtest4 WHERE id BETWEEN 7073770 AND 7073870
	Index Only Scan using sbtest4_pkey on sbtest4  (cost=0.43..6.37 rows=97 width=4)
	  Index Cond: ((id >= 7073770) AND (id <= 7073870))

table 5 : explain SELECT id FROM sbtest5 WHERE id BETWEEN 7073770 AND 7073870
	Index Only Scan using sbtest5_pkey on sbtest5  (cost=0.43..6.40 rows=98 width=4)
	  Index Cond: ((id >= 7073770) AND (id <= 7073870))

table 6 : explain SELECT id FROM sbtest6 WHERE id BETWEEN 7073770 AND 7073870
	Index Only Scan using sbtest6_pkey on sbtest6  (cost=0.43..6.21 rows=89 width=4)
	  Index Cond: ((id >= 7073770) AND (id <= 7073870))

table 7 : explain SELECT id FROM sbtest7 WHERE id BETWEEN 7073770 AND 7073870
	Index Only Scan using sbtest7_pkey on sbtest7  (cost=0.43..6.35 rows=96 width=4)
	  Index Cond: ((id >= 7073770) AND (id <= 7073870))

table 8 : explain SELECT id FROM sbtest8 WHERE id BETWEEN 7073770 AND 7073870
	Index Only Scan using sbtest8_pkey on sbtest8  (cost=0.43..6.56 rows=106 width=4)
	  Index Cond: ((id >= 7073770) AND (id <= 7073870))

for range-covered
table 1 : explain SELECT id FROM sbtest1 WHERE id BETWEEN 6802945 AND 6803045
	Index Only Scan using sbtest1_pkey on sbtest1  (cost=0.43..6.53 rows=105 width=4)
	  Index Cond: ((id >= 6802945) AND (id <= 6803045))

table 2 : explain SELECT id FROM sbtest2 WHERE id BETWEEN 6802945 AND 6803045
	Index Only Scan using sbtest2_pkey on sbtest2  (cost=0.43..6.42 rows=99 width=4)
	  Index Cond: ((id >= 6802945) AND (id <= 6803045))

table 3 : explain SELECT id FROM sbtest3 WHERE id BETWEEN 6802945 AND 6803045
	Index Only Scan using sbtest3_pkey on sbtest3  (cost=0.43..6.45 rows=101 width=4)
	  Index Cond: ((id >= 6802945) AND (id <= 6803045))

table 4 : explain SELECT id FROM sbtest4 WHERE id BETWEEN 6802945 AND 6803045
	Index Only Scan using sbtest4_pkey on sbtest4  (cost=0.43..6.45 rows=101 width=4)
	  Index Cond: ((id >= 6802945) AND (id <= 6803045))

table 5 : explain SELECT id FROM sbtest5 WHERE id BETWEEN 6802945 AND 6803045
	Index Only Scan using sbtest5_pkey on sbtest5  (cost=0.43..6.45 rows=101 width=4)
	  Index Cond: ((id >= 6802945) AND (id <= 6803045))

table 6 : explain SELECT id FROM sbtest6 WHERE id BETWEEN 6802945 AND 6803045
	Index Only Scan using sbtest6_pkey on sbtest6  (cost=0.43..6.43 rows=100 width=4)
	  Index Cond: ((id >= 6802945) AND (id <= 6803045))

table 7 : explain SELECT id FROM sbtest7 WHERE id BETWEEN 6802945 AND 6803045
	Index Only Scan using sbtest7_pkey on sbtest7  (cost=0.43..6.74 rows=115 width=4)
	  Index Cond: ((id >= 6802945) AND (id <= 6803045))

table 8 : explain SELECT id FROM sbtest8 WHERE id BETWEEN 6802945 AND 6803045
	Index Only Scan using sbtest8_pkey on sbtest8  (cost=0.43..6.37 rows=97 width=4)
	  Index Cond: ((id >= 6802945) AND (id <= 6803045))

explain: for range-covered :: explain SELECT id FROM sbtest%d WHERE id BETWEEN 6802945 AND 6803045
for range-covered
table 1 : explain SELECT id FROM sbtest1 WHERE id BETWEEN 4784580 AND 4784680
	Index Only Scan using sbtest1_pkey on sbtest1  (cost=0.43..6.51 rows=104 width=4)
	  Index Cond: ((id >= 4784580) AND (id <= 4784680))

table 2 : explain SELECT id FROM sbtest2 WHERE id BETWEEN 4784580 AND 4784680
	Index Only Scan using sbtest2_pkey on sbtest2  (cost=0.43..6.45 rows=101 width=4)
	  Index Cond: ((id >= 4784580) AND (id <= 4784680))

table 3 : explain SELECT id FROM sbtest3 WHERE id BETWEEN 4784580 AND 4784680
	Index Only Scan using sbtest3_pkey on sbtest3  (cost=0.43..6.40 rows=98 width=4)
	  Index Cond: ((id >= 4784580) AND (id <= 4784680))

table 4 : explain SELECT id FROM sbtest4 WHERE id BETWEEN 4784580 AND 4784680
	Index Only Scan using sbtest4_pkey on sbtest4  (cost=0.43..6.35 rows=96 width=4)
	  Index Cond: ((id >= 4784580) AND (id <= 4784680))

table 5 : explain SELECT id FROM sbtest5 WHERE id BETWEEN 4784580 AND 4784680
	Index Only Scan using sbtest5_pkey on sbtest5  (cost=0.43..6.61 rows=109 width=4)
	  Index Cond: ((id >= 4784580) AND (id <= 4784680))

table 6 : explain SELECT id FROM sbtest6 WHERE id BETWEEN 4784580 AND 4784680
	Index Only Scan using sbtest6_pkey on sbtest6  (cost=0.43..6.25 rows=91 width=4)
	  Index Cond: ((id >= 4784580) AND (id <= 4784680))

table 7 : explain SELECT id FROM sbtest7 WHERE id BETWEEN 4784580 AND 4784680
	Index Only Scan using sbtest7_pkey on sbtest7  (cost=0.43..6.37 rows=97 width=4)
	  Index Cond: ((id >= 4784580) AND (id <= 4784680))

table 8 : explain SELECT id FROM sbtest8 WHERE id BETWEEN 4784580 AND 4784680
	Index Only Scan using sbtest8_pkey on sbtest8  (cost=0.43..6.19 rows=88 width=4)
	  Index Cond: ((id >= 4784580) AND (id <= 4784680))

explain: for range-covered :: explain SELECT id FROM sbtest%d WHERE id BETWEEN 4784580 AND 4784680
for range-covered
table 1 : explain SELECT id FROM sbtest1 WHERE id BETWEEN 6802945 AND 6803045
	Index Only Scan using sbtest1_pkey on sbtest1  (cost=0.43..6.53 rows=105 width=4)
	  Index Cond: ((id >= 6802945) AND (id <= 6803045))

table 2 : explain SELECT id FROM sbtest2 WHERE id BETWEEN 6802945 AND 6803045
	Index Only Scan using sbtest2_pkey on sbtest2  (cost=0.43..6.42 rows=99 width=4)
	  Index Cond: ((id >= 6802945) AND (id <= 6803045))

table 3 : explain SELECT id FROM sbtest3 WHERE id BETWEEN 6802945 AND 6803045
	Index Only Scan using sbtest3_pkey on sbtest3  (cost=0.43..6.45 rows=101 width=4)
	  Index Cond: ((id >= 6802945) AND (id <= 6803045))

table 4 : explain SELECT id FROM sbtest4 WHERE id BETWEEN 6802945 AND 6803045
	Index Only Scan using sbtest4_pkey on sbtest4  (cost=0.43..6.45 rows=101 width=4)
	  Index Cond: ((id >= 6802945) AND (id <= 6803045))

table 5 : explain SELECT id FROM sbtest5 WHERE id BETWEEN 6802945 AND 6803045
	Index Only Scan using sbtest5_pkey on sbtest5  (cost=0.43..6.45 rows=101 width=4)
	  Index Cond: ((id >= 6802945) AND (id <= 6803045))

table 6 : explain SELECT id FROM sbtest6 WHERE id BETWEEN 6802945 AND 6803045
	Index Only Scan using sbtest6_pkey on sbtest6  (cost=0.43..6.43 rows=100 width=4)
	  Index Cond: ((id >= 6802945) AND (id <= 6803045))

table 7 : explain SELECT id FROM sbtest7 WHERE id BETWEEN 6802945 AND 6803045
	Index Only Scan using sbtest7_pkey on sbtest7  (cost=0.43..6.74 rows=115 width=4)
	  Index Cond: ((id >= 6802945) AND (id <= 6803045))

table 8 : explain SELECT id FROM sbtest8 WHERE id BETWEEN 6802945 AND 6803045
	Index Only Scan using sbtest8_pkey on sbtest8  (cost=0.43..6.37 rows=97 width=4)
	  Index Cond: ((id >= 6802945) AND (id <= 6803045))

explain: for range-covered :: explain SELECT id FROM sbtest%d WHERE id BETWEEN 3656400 AND 3656500
for range-covered
table 1 : explain SELECT id FROM sbtest1 WHERE id BETWEEN 4784580 AND 4784680
	Index Only Scan using sbtest1_pkey on sbtest1  (cost=0.43..6.51 rows=104 width=4)
	  Index Cond: ((id >= 4784580) AND (id <= 4784680))

table 2 : explain SELECT id FROM sbtest2 WHERE id BETWEEN 4784580 AND 4784680
	Index Only Scan using sbtest2_pkey on sbtest2  (cost=0.43..6.45 rows=101 width=4)
	  Index Cond: ((id >= 4784580) AND (id <= 4784680))

table 3 : explain SELECT id FROM sbtest3 WHERE id BETWEEN 4784580 AND 4784680
	Index Only Scan using sbtest3_pkey on sbtest3  (cost=0.43..6.40 rows=98 width=4)
	  Index Cond: ((id >= 4784580) AND (id <= 4784680))

table 4 : explain SELECT id FROM sbtest4 WHERE id BETWEEN 4784580 AND 4784680
	Index Only Scan using sbtest4_pkey on sbtest4  (cost=0.43..6.35 rows=96 width=4)
	  Index Cond: ((id >= 4784580) AND (id <= 4784680))

table 5 : explain SELECT id FROM sbtest5 WHERE id BETWEEN 4784580 AND 4784680
	Index Only Scan using sbtest5_pkey on sbtest5  (cost=0.43..6.61 rows=109 width=4)
	  Index Cond: ((id >= 4784580) AND (id <= 4784680))

table 6 : explain SELECT id FROM sbtest6 WHERE id BETWEEN 4784580 AND 4784680
	Index Only Scan using sbtest6_pkey on sbtest6  (cost=0.43..6.25 rows=91 width=4)
	  Index Cond: ((id >= 4784580) AND (id <= 4784680))

table 7 : explain SELECT id FROM sbtest7 WHERE id BETWEEN 4784580 AND 4784680
	Index Only Scan using sbtest7_pkey on sbtest7  (cost=0.43..6.37 rows=97 width=4)
	  Index Cond: ((id >= 4784580) AND (id <= 4784680))

table 8 : explain SELECT id FROM sbtest8 WHERE id BETWEEN 4784580 AND 4784680
	Index Only Scan using sbtest8_pkey on sbtest8  (cost=0.43..6.19 rows=88 width=4)
	  Index Cond: ((id >= 4784580) AND (id <= 4784680))

explain: for range-covered :: explain SELECT id FROM sbtest%d WHERE id BETWEEN 4784580 AND 4784680
for range-covered
table 1 : explain SELECT id FROM sbtest1 WHERE id BETWEEN 9681003 AND 9681103
	Index Only Scan using sbtest1_pkey on sbtest1  (cost=0.43..6.40 rows=98 width=4)
	  Index Cond: ((id >= 9681003) AND (id <= 9681103))

table 2 : explain SELECT id FROM sbtest2 WHERE id BETWEEN 9681003 AND 9681103
	Index Only Scan using sbtest2_pkey on sbtest2  (cost=0.43..6.61 rows=109 width=4)
	  Index Cond: ((id >= 9681003) AND (id <= 9681103))

table 3 : explain SELECT id FROM sbtest3 WHERE id BETWEEN 9681003 AND 9681103
	Index Only Scan using sbtest3_pkey on sbtest3  (cost=0.43..6.53 rows=105 width=4)
	  Index Cond: ((id >= 9681003) AND (id <= 9681103))

table 4 : explain SELECT id FROM sbtest4 WHERE id BETWEEN 9681003 AND 9681103
	Index Only Scan using sbtest4_pkey on sbtest4  (cost=0.43..6.47 rows=102 width=4)
	  Index Cond: ((id >= 9681003) AND (id <= 9681103))

table 5 : explain SELECT id FROM sbtest5 WHERE id BETWEEN 9681003 AND 9681103
	Index Only Scan using sbtest5_pkey on sbtest5  (cost=0.43..6.42 rows=99 width=4)
	  Index Cond: ((id >= 9681003) AND (id <= 9681103))

table 6 : explain SELECT id FROM sbtest6 WHERE id BETWEEN 9681003 AND 9681103
	Index Only Scan using sbtest6_pkey on sbtest6  (cost=0.43..6.40 rows=98 width=4)
	  Index Cond: ((id >= 9681003) AND (id <= 9681103))

table 7 : explain SELECT id FROM sbtest7 WHERE id BETWEEN 9681003 AND 9681103
	Index Only Scan using sbtest7_pkey on sbtest7  (cost=0.43..6.56 rows=106 width=4)
	  Index Cond: ((id >= 9681003) AND (id <= 9681103))

table 8 : explain SELECT id FROM sbtest8 WHERE id BETWEEN 9681003 AND 9681103
	Index Only Scan using sbtest8_pkey on sbtest8  (cost=0.43..6.51 rows=104 width=4)
	  Index Cond: ((id >= 9681003) AND (id <= 9681103))

explain: for range-covered :: explain SELECT id FROM sbtest%d WHERE id BETWEEN 9681003 AND 9681103
for range-covered
table 1 : explain SELECT id FROM sbtest1 WHERE id BETWEEN 4784580 AND 4784680
	Index Only Scan using sbtest1_pkey on sbtest1  (cost=0.43..6.51 rows=104 width=4)
	  Index Cond: ((id >= 4784580) AND (id <= 4784680))

table 2 : explain SELECT id FROM sbtest2 WHERE id BETWEEN 4784580 AND 4784680
	Index Only Scan using sbtest2_pkey on sbtest2  (cost=0.43..6.45 rows=101 width=4)
	  Index Cond: ((id >= 4784580) AND (id <= 4784680))

table 3 : explain SELECT id FROM sbtest3 WHERE id BETWEEN 4784580 AND 4784680
	Index Only Scan using sbtest3_pkey on sbtest3  (cost=0.43..6.40 rows=98 width=4)
	  Index Cond: ((id >= 4784580) AND (id <= 4784680))

table 4 : explain SELECT id FROM sbtest4 WHERE id BETWEEN 4784580 AND 4784680
	Index Only Scan using sbtest4_pkey on sbtest4  (cost=0.43..6.35 rows=96 width=4)
	  Index Cond: ((id >= 4784580) AND (id <= 4784680))

table 5 : explain SELECT id FROM sbtest5 WHERE id BETWEEN 4784580 AND 4784680
	Index Only Scan using sbtest5_pkey on sbtest5  (cost=0.43..6.61 rows=109 width=4)
	  Index Cond: ((id >= 4784580) AND (id <= 4784680))

table 6 : explain SELECT id FROM sbtest6 WHERE id BETWEEN 4784580 AND 4784680
	Index Only Scan using sbtest6_pkey on sbtest6  (cost=0.43..6.25 rows=91 width=4)
	  Index Cond: ((id >= 4784580) AND (id <= 4784680))

table 7 : explain SELECT id FROM sbtest7 WHERE id BETWEEN 4784580 AND 4784680
	Index Only Scan using sbtest7_pkey on sbtest7  (cost=0.43..6.37 rows=97 width=4)
	  Index Cond: ((id >= 4784580) AND (id <= 4784680))

table 8 : explain SELECT id FROM sbtest8 WHERE id BETWEEN 4784580 AND 4784680
	Index Only Scan using sbtest8_pkey on sbtest8  (cost=0.43..6.19 rows=88 width=4)
	  Index Cond: ((id >= 4784580) AND (id <= 4784680))

explain: for range-covered :: explain SELECT id FROM sbtest%d WHERE id BETWEEN 2418360 AND 2418460
explain: for range-covered :: explain SELECT id FROM sbtest%d WHERE id BETWEEN 4784580 AND 4784680
for range-covered
table 1 : explain SELECT id FROM sbtest1 WHERE id BETWEEN 9681003 AND 9681103
	Index Only Scan using sbtest1_pkey on sbtest1  (cost=0.43..6.40 rows=98 width=4)
	  Index Cond: ((id >= 9681003) AND (id <= 9681103))

table 2 : explain SELECT id FROM sbtest2 WHERE id BETWEEN 9681003 AND 9681103
	Index Only Scan using sbtest2_pkey on sbtest2  (cost=0.43..6.61 rows=109 width=4)
	  Index Cond: ((id >= 9681003) AND (id <= 9681103))

table 3 : explain SELECT id FROM sbtest3 WHERE id BETWEEN 9681003 AND 9681103
	Index Only Scan using sbtest3_pkey on sbtest3  (cost=0.43..6.53 rows=105 width=4)
	  Index Cond: ((id >= 9681003) AND (id <= 9681103))

table 4 : explain SELECT id FROM sbtest4 WHERE id BETWEEN 9681003 AND 9681103
	Index Only Scan using sbtest4_pkey on sbtest4  (cost=0.43..6.47 rows=102 width=4)
	  Index Cond: ((id >= 9681003) AND (id <= 9681103))

table 5 : explain SELECT id FROM sbtest5 WHERE id BETWEEN 9681003 AND 9681103
	Index Only Scan using sbtest5_pkey on sbtest5  (cost=0.43..6.42 rows=99 width=4)
	  Index Cond: ((id >= 9681003) AND (id <= 9681103))

table 6 : explain SELECT id FROM sbtest6 WHERE id BETWEEN 9681003 AND 9681103
	Index Only Scan using sbtest6_pkey on sbtest6  (cost=0.43..6.40 rows=98 width=4)
	  Index Cond: ((id >= 9681003) AND (id <= 9681103))

table 7 : explain SELECT id FROM sbtest7 WHERE id BETWEEN 9681003 AND 9681103
	Index Only Scan using sbtest7_pkey on sbtest7  (cost=0.43..6.56 rows=106 width=4)
	  Index Cond: ((id >= 9681003) AND (id <= 9681103))

table 8 : explain SELECT id FROM sbtest8 WHERE id BETWEEN 9681003 AND 9681103
	Index Only Scan using sbtest8_pkey on sbtest8  (cost=0.43..6.51 rows=104 width=4)
	  Index Cond: ((id >= 9681003) AND (id <= 9681103))

explain: for range-covered :: explain SELECT id FROM sbtest%d WHERE id BETWEEN 9681003 AND 9681103
for range-covered
table 1 : explain SELECT id FROM sbtest1 WHERE id BETWEEN 4784580 AND 4784680
	Index Only Scan using sbtest1_pkey on sbtest1  (cost=0.43..6.51 rows=104 width=4)
	  Index Cond: ((id >= 4784580) AND (id <= 4784680))

table 2 : explain SELECT id FROM sbtest2 WHERE id BETWEEN 4784580 AND 4784680
	Index Only Scan using sbtest2_pkey on sbtest2  (cost=0.43..6.45 rows=101 width=4)
	  Index Cond: ((id >= 4784580) AND (id <= 4784680))

table 3 : explain SELECT id FROM sbtest3 WHERE id BETWEEN 4784580 AND 4784680
	Index Only Scan using sbtest3_pkey on sbtest3  (cost=0.43..6.40 rows=98 width=4)
	  Index Cond: ((id >= 4784580) AND (id <= 4784680))

table 4 : explain SELECT id FROM sbtest4 WHERE id BETWEEN 4784580 AND 4784680
	Index Only Scan using sbtest4_pkey on sbtest4  (cost=0.43..6.35 rows=96 width=4)
	  Index Cond: ((id >= 4784580) AND (id <= 4784680))

table 5 : explain SELECT id FROM sbtest5 WHERE id BETWEEN 4784580 AND 4784680
	Index Only Scan using sbtest5_pkey on sbtest5  (cost=0.43..6.61 rows=109 width=4)
	  Index Cond: ((id >= 4784580) AND (id <= 4784680))

table 6 : explain SELECT id FROM sbtest6 WHERE id BETWEEN 4784580 AND 4784680
	Index Only Scan using sbtest6_pkey on sbtest6  (cost=0.43..6.25 rows=91 width=4)
	  Index Cond: ((id >= 4784580) AND (id <= 4784680))

table 7 : explain SELECT id FROM sbtest7 WHERE id BETWEEN 4784580 AND 4784680
	Index Only Scan using sbtest7_pkey on sbtest7  (cost=0.43..6.37 rows=97 width=4)
	  Index Cond: ((id >= 4784580) AND (id <= 4784680))

table 8 : explain SELECT id FROM sbtest8 WHERE id BETWEEN 4784580 AND 4784680
	Index Only Scan using sbtest8_pkey on sbtest8  (cost=0.43..6.19 rows=88 width=4)
	  Index Cond: ((id >= 4784580) AND (id <= 4784680))

explain: for range-covered :: explain SELECT id FROM sbtest%d WHERE id BETWEEN 4784580 AND 4784680
explain: for range-covered :: explain SELECT id FROM sbtest%d WHERE id BETWEEN 6073773 AND 6073873
for range-covered
table 1 : explain SELECT id FROM sbtest1 WHERE id BETWEEN 9681003 AND 9681103
	Index Only Scan using sbtest1_pkey on sbtest1  (cost=0.43..6.40 rows=98 width=4)
	  Index Cond: ((id >= 9681003) AND (id <= 9681103))

table 2 : explain SELECT id FROM sbtest2 WHERE id BETWEEN 9681003 AND 9681103
	Index Only Scan using sbtest2_pkey on sbtest2  (cost=0.43..6.61 rows=109 width=4)
	  Index Cond: ((id >= 9681003) AND (id <= 9681103))

table 3 : explain SELECT id FROM sbtest3 WHERE id BETWEEN 9681003 AND 9681103
	Index Only Scan using sbtest3_pkey on sbtest3  (cost=0.43..6.53 rows=105 width=4)
	  Index Cond: ((id >= 9681003) AND (id <= 9681103))

table 4 : explain SELECT id FROM sbtest4 WHERE id BETWEEN 9681003 AND 9681103
	Index Only Scan using sbtest4_pkey on sbtest4  (cost=0.43..6.47 rows=102 width=4)
	  Index Cond: ((id >= 9681003) AND (id <= 9681103))

table 5 : explain SELECT id FROM sbtest5 WHERE id BETWEEN 9681003 AND 9681103
	Index Only Scan using sbtest5_pkey on sbtest5  (cost=0.43..6.42 rows=99 width=4)
	  Index Cond: ((id >= 9681003) AND (id <= 9681103))

table 6 : explain SELECT id FROM sbtest6 WHERE id BETWEEN 9681003 AND 9681103
	Index Only Scan using sbtest6_pkey on sbtest6  (cost=0.43..6.40 rows=98 width=4)
	  Index Cond: ((id >= 9681003) AND (id <= 9681103))

table 7 : explain SELECT id FROM sbtest7 WHERE id BETWEEN 9681003 AND 9681103
	Index Only Scan using sbtest7_pkey on sbtest7  (cost=0.43..6.56 rows=106 width=4)
	  Index Cond: ((id >= 9681003) AND (id <= 9681103))

table 8 : explain SELECT id FROM sbtest8 WHERE id BETWEEN 9681003 AND 9681103
	Index Only Scan using sbtest8_pkey on sbtest8  (cost=0.43..6.51 rows=104 width=4)
	  Index Cond: ((id >= 9681003) AND (id <= 9681103))

explain: for range-covered :: explain SELECT id FROM sbtest%d WHERE id BETWEEN 3954506 AND 3954606
explain: for range-covered :: explain SELECT id FROM sbtest%d WHERE id BETWEEN 9681003 AND 9681103
explain: for range-covered :: explain SELECT id FROM sbtest%d WHERE id BETWEEN 3524359 AND 3524459
for range-covered
table 1 : explain SELECT id FROM sbtest1 WHERE id BETWEEN 4784580 AND 4784680
	Index Only Scan using sbtest1_pkey on sbtest1  (cost=0.43..6.51 rows=104 width=4)
	  Index Cond: ((id >= 4784580) AND (id <= 4784680))

table 2 : explain SELECT id FROM sbtest2 WHERE id BETWEEN 4784580 AND 4784680
	Index Only Scan using sbtest2_pkey on sbtest2  (cost=0.43..6.45 rows=101 width=4)
	  Index Cond: ((id >= 4784580) AND (id <= 4784680))

table 3 : explain SELECT id FROM sbtest3 WHERE id BETWEEN 4784580 AND 4784680
	Index Only Scan using sbtest3_pkey on sbtest3  (cost=0.43..6.40 rows=98 width=4)
	  Index Cond: ((id >= 4784580) AND (id <= 4784680))

table 4 : explain SELECT id FROM sbtest4 WHERE id BETWEEN 4784580 AND 4784680
	Index Only Scan using sbtest4_pkey on sbtest4  (cost=0.43..6.35 rows=96 width=4)
	  Index Cond: ((id >= 4784580) AND (id <= 4784680))

table 5 : explain SELECT id FROM sbtest5 WHERE id BETWEEN 4784580 AND 4784680
	Index Only Scan using sbtest5_pkey on sbtest5  (cost=0.43..6.61 rows=109 width=4)
	  Index Cond: ((id >= 4784580) AND (id <= 4784680))

table 6 : explain SELECT id FROM sbtest6 WHERE id BETWEEN 4784580 AND 4784680
	Index Only Scan using sbtest6_pkey on sbtest6  (cost=0.43..6.25 rows=91 width=4)
	  Index Cond: ((id >= 4784580) AND (id <= 4784680))

table 7 : explain SELECT id FROM sbtest7 WHERE id BETWEEN 4784580 AND 4784680
	Index Only Scan using sbtest7_pkey on sbtest7  (cost=0.43..6.37 rows=97 width=4)
	  Index Cond: ((id >= 4784580) AND (id <= 4784680))

table 8 : explain SELECT id FROM sbtest8 WHERE id BETWEEN 4784580 AND 4784680
	Index Only Scan using sbtest8_pkey on sbtest8  (cost=0.43..6.19 rows=88 width=4)
	  Index Cond: ((id >= 4784580) AND (id <= 4784680))

explain: for range-covered :: explain SELECT id FROM sbtest%d WHERE id BETWEEN 4784580 AND 4784680
for range-covered
table 1 : explain SELECT id FROM sbtest1 WHERE id BETWEEN 3656400 AND 3656500
	Index Only Scan using sbtest1_pkey on sbtest1  (cost=0.43..6.61 rows=109 width=4)
	  Index Cond: ((id >= 3656400) AND (id <= 3656500))

table 2 : explain SELECT id FROM sbtest2 WHERE id BETWEEN 3656400 AND 3656500
	Index Only Scan using sbtest2_pkey on sbtest2  (cost=0.43..6.43 rows=100 width=4)
	  Index Cond: ((id >= 3656400) AND (id <= 3656500))

table 3 : explain SELECT id FROM sbtest3 WHERE id BETWEEN 3656400 AND 3656500
	Index Only Scan using sbtest3_pkey on sbtest3  (cost=0.43..6.50 rows=103 width=4)
	  Index Cond: ((id >= 3656400) AND (id <= 3656500))

table 4 : explain SELECT id FROM sbtest4 WHERE id BETWEEN 3656400 AND 3656500
	Index Only Scan using sbtest4_pkey on sbtest4  (cost=0.43..6.51 rows=104 width=4)
	  Index Cond: ((id >= 3656400) AND (id <= 3656500))

table 5 : explain SELECT id FROM sbtest5 WHERE id BETWEEN 3656400 AND 3656500
	Index Only Scan using sbtest5_pkey on sbtest5  (cost=0.43..6.27 rows=92 width=4)
	  Index Cond: ((id >= 3656400) AND (id <= 3656500))

table 6 : explain SELECT id FROM sbtest6 WHERE id BETWEEN 3656400 AND 3656500
	Index Only Scan using sbtest6_pkey on sbtest6  (cost=0.43..6.25 rows=91 width=4)
	  Index Cond: ((id >= 3656400) AND (id <= 3656500))

table 7 : explain SELECT id FROM sbtest7 WHERE id BETWEEN 3656400 AND 3656500
	Index Only Scan using sbtest7_pkey on sbtest7  (cost=0.43..6.42 rows=99 width=4)
	  Index Cond: ((id >= 3656400) AND (id <= 3656500))

table 8 : explain SELECT id FROM sbtest8 WHERE id BETWEEN 3656400 AND 3656500
	Index Only Scan using sbtest8_pkey on sbtest8  (cost=0.43..6.37 rows=97 width=4)
	  Index Cond: ((id >= 3656400) AND (id <= 3656500))

explain: for range-covered :: explain SELECT id FROM sbtest%d WHERE id BETWEEN 3656400 AND 3656500
for range-covered
table 1 : explain SELECT id FROM sbtest1 WHERE id BETWEEN 4784580 AND 4784680
	Index Only Scan using sbtest1_pkey on sbtest1  (cost=0.43..6.51 rows=104 width=4)
	  Index Cond: ((id >= 4784580) AND (id <= 4784680))

table 2 : explain SELECT id FROM sbtest2 WHERE id BETWEEN 4784580 AND 4784680
	Index Only Scan using sbtest2_pkey on sbtest2  (cost=0.43..6.45 rows=101 width=4)
	  Index Cond: ((id >= 4784580) AND (id <= 4784680))

table 3 : explain SELECT id FROM sbtest3 WHERE id BETWEEN 4784580 AND 4784680
	Index Only Scan using sbtest3_pkey on sbtest3  (cost=0.43..6.40 rows=98 width=4)
	  Index Cond: ((id >= 4784580) AND (id <= 4784680))

table 4 : explain SELECT id FROM sbtest4 WHERE id BETWEEN 4784580 AND 4784680
	Index Only Scan using sbtest4_pkey on sbtest4  (cost=0.43..6.35 rows=96 width=4)
	  Index Cond: ((id >= 4784580) AND (id <= 4784680))

table 5 : explain SELECT id FROM sbtest5 WHERE id BETWEEN 4784580 AND 4784680
	Index Only Scan using sbtest5_pkey on sbtest5  (cost=0.43..6.61 rows=109 width=4)
	  Index Cond: ((id >= 4784580) AND (id <= 4784680))

table 6 : explain SELECT id FROM sbtest6 WHERE id BETWEEN 4784580 AND 4784680
	Index Only Scan using sbtest6_pkey on sbtest6  (cost=0.43..6.25 rows=91 width=4)
	  Index Cond: ((id >= 4784580) AND (id <= 4784680))

table 7 : explain SELECT id FROM sbtest7 WHERE id BETWEEN 4784580 AND 4784680
	Index Only Scan using sbtest7_pkey on sbtest7  (cost=0.43..6.37 rows=97 width=4)
	  Index Cond: ((id >= 4784580) AND (id <= 4784680))

table 8 : explain SELECT id FROM sbtest8 WHERE id BETWEEN 4784580 AND 4784680
	Index Only Scan using sbtest8_pkey on sbtest8  (cost=0.43..6.19 rows=88 width=4)
	  Index Cond: ((id >= 4784580) AND (id <= 4784680))

for range-covered
table 1 : explain SELECT id FROM sbtest1 WHERE id BETWEEN 3656400 AND 3656500
	Index Only Scan using sbtest1_pkey on sbtest1  (cost=0.43..6.61 rows=109 width=4)
	  Index Cond: ((id >= 3656400) AND (id <= 3656500))

table 2 : explain SELECT id FROM sbtest2 WHERE id BETWEEN 3656400 AND 3656500
	Index Only Scan using sbtest2_pkey on sbtest2  (cost=0.43..6.43 rows=100 width=4)
	  Index Cond: ((id >= 3656400) AND (id <= 3656500))

table 3 : explain SELECT id FROM sbtest3 WHERE id BETWEEN 3656400 AND 3656500
	Index Only Scan using sbtest3_pkey on sbtest3  (cost=0.43..6.50 rows=103 width=4)
	  Index Cond: ((id >= 3656400) AND (id <= 3656500))

table 4 : explain SELECT id FROM sbtest4 WHERE id BETWEEN 3656400 AND 3656500
	Index Only Scan using sbtest4_pkey on sbtest4  (cost=0.43..6.51 rows=104 width=4)
	  Index Cond: ((id >= 3656400) AND (id <= 3656500))

table 5 : explain SELECT id FROM sbtest5 WHERE id BETWEEN 3656400 AND 3656500
	Index Only Scan using sbtest5_pkey on sbtest5  (cost=0.43..6.27 rows=92 width=4)
	  Index Cond: ((id >= 3656400) AND (id <= 3656500))

table 6 : explain SELECT id FROM sbtest6 WHERE id BETWEEN 3656400 AND 3656500
	Index Only Scan using sbtest6_pkey on sbtest6  (cost=0.43..6.25 rows=91 width=4)
	  Index Cond: ((id >= 3656400) AND (id <= 3656500))

table 7 : explain SELECT id FROM sbtest7 WHERE id BETWEEN 3656400 AND 3656500
	Index Only Scan using sbtest7_pkey on sbtest7  (cost=0.43..6.42 rows=99 width=4)
	  Index Cond: ((id >= 3656400) AND (id <= 3656500))

table 8 : explain SELECT id FROM sbtest8 WHERE id BETWEEN 3656400 AND 3656500
	Index Only Scan using sbtest8_pkey on sbtest8  (cost=0.43..6.37 rows=97 width=4)
	  Index Cond: ((id >= 3656400) AND (id <= 3656500))

explain: for range-covered :: explain SELECT id FROM sbtest%d WHERE id BETWEEN 3656400 AND 3656500
for range-covered
table 1 : explain SELECT id FROM sbtest1 WHERE id BETWEEN 2418360 AND 2418460
	Index Only Scan using sbtest1_pkey on sbtest1  (cost=0.43..6.19 rows=88 width=4)
	  Index Cond: ((id >= 2418360) AND (id <= 2418460))

table 2 : explain SELECT id FROM sbtest2 WHERE id BETWEEN 2418360 AND 2418460
	Index Only Scan using sbtest2_pkey on sbtest2  (cost=0.43..6.35 rows=96 width=4)
	  Index Cond: ((id >= 2418360) AND (id <= 2418460))

table 3 : explain SELECT id FROM sbtest3 WHERE id BETWEEN 2418360 AND 2418460
	Index Only Scan using sbtest3_pkey on sbtest3  (cost=0.43..6.35 rows=96 width=4)
	  Index Cond: ((id >= 2418360) AND (id <= 2418460))

table 4 : explain SELECT id FROM sbtest4 WHERE id BETWEEN 2418360 AND 2418460
	Index Only Scan using sbtest4_pkey on sbtest4  (cost=0.43..6.17 rows=87 width=4)
	  Index Cond: ((id >= 2418360) AND (id <= 2418460))

table 5 : explain SELECT id FROM sbtest5 WHERE id BETWEEN 2418360 AND 2418460
	Index Only Scan using sbtest5_pkey on sbtest5  (cost=0.43..6.47 rows=102 width=4)
	  Index Cond: ((id >= 2418360) AND (id <= 2418460))

table 6 : explain SELECT id FROM sbtest6 WHERE id BETWEEN 2418360 AND 2418460
	Index Only Scan using sbtest6_pkey on sbtest6  (cost=0.43..6.69 rows=113 width=4)
	  Index Cond: ((id >= 2418360) AND (id <= 2418460))

table 7 : explain SELECT id FROM sbtest7 WHERE id BETWEEN 2418360 AND 2418460
	Index Only Scan using sbtest7_pkey on sbtest7  (cost=0.43..6.32 rows=94 width=4)
	  Index Cond: ((id >= 2418360) AND (id <= 2418460))

table 8 : explain SELECT id FROM sbtest8 WHERE id BETWEEN 2418360 AND 2418460
	Index Only Scan using sbtest8_pkey on sbtest8  (cost=0.43..6.51 rows=104 width=4)
	  Index Cond: ((id >= 2418360) AND (id <= 2418460))

explain: for range-covered :: explain SELECT id FROM sbtest%d WHERE id BETWEEN 2418360 AND 2418460
for range-covered
table 1 : explain SELECT id FROM sbtest1 WHERE id BETWEEN 3656400 AND 3656500
	Index Only Scan using sbtest1_pkey on sbtest1  (cost=0.43..6.61 rows=109 width=4)
	  Index Cond: ((id >= 3656400) AND (id <= 3656500))

table 2 : explain SELECT id FROM sbtest2 WHERE id BETWEEN 3656400 AND 3656500
	Index Only Scan using sbtest2_pkey on sbtest2  (cost=0.43..6.43 rows=100 width=4)
	  Index Cond: ((id >= 3656400) AND (id <= 3656500))

table 3 : explain SELECT id FROM sbtest3 WHERE id BETWEEN 3656400 AND 3656500
	Index Only Scan using sbtest3_pkey on sbtest3  (cost=0.43..6.50 rows=103 width=4)
	  Index Cond: ((id >= 3656400) AND (id <= 3656500))

table 4 : explain SELECT id FROM sbtest4 WHERE id BETWEEN 3656400 AND 3656500
	Index Only Scan using sbtest4_pkey on sbtest4  (cost=0.43..6.51 rows=104 width=4)
	  Index Cond: ((id >= 3656400) AND (id <= 3656500))

table 5 : explain SELECT id FROM sbtest5 WHERE id BETWEEN 3656400 AND 3656500
	Index Only Scan using sbtest5_pkey on sbtest5  (cost=0.43..6.27 rows=92 width=4)
	  Index Cond: ((id >= 3656400) AND (id <= 3656500))

table 6 : explain SELECT id FROM sbtest6 WHERE id BETWEEN 3656400 AND 3656500
	Index Only Scan using sbtest6_pkey on sbtest6  (cost=0.43..6.25 rows=91 width=4)
	  Index Cond: ((id >= 3656400) AND (id <= 3656500))

table 7 : explain SELECT id FROM sbtest7 WHERE id BETWEEN 3656400 AND 3656500
	Index Only Scan using sbtest7_pkey on sbtest7  (cost=0.43..6.42 rows=99 width=4)
	  Index Cond: ((id >= 3656400) AND (id <= 3656500))

table 8 : explain SELECT id FROM sbtest8 WHERE id BETWEEN 3656400 AND 3656500
	Index Only Scan using sbtest8_pkey on sbtest8  (cost=0.43..6.37 rows=97 width=4)
	  Index Cond: ((id >= 3656400) AND (id <= 3656500))

for range-covered
table 1 : explain SELECT id FROM sbtest1 WHERE id BETWEEN 9681003 AND 9681103
	Index Only Scan using sbtest1_pkey on sbtest1  (cost=0.43..6.40 rows=98 width=4)
	  Index Cond: ((id >= 9681003) AND (id <= 9681103))

table 2 : explain SELECT id FROM sbtest2 WHERE id BETWEEN 9681003 AND 9681103
	Index Only Scan using sbtest2_pkey on sbtest2  (cost=0.43..6.61 rows=109 width=4)
	  Index Cond: ((id >= 9681003) AND (id <= 9681103))

table 3 : explain SELECT id FROM sbtest3 WHERE id BETWEEN 9681003 AND 9681103
	Index Only Scan using sbtest3_pkey on sbtest3  (cost=0.43..6.53 rows=105 width=4)
	  Index Cond: ((id >= 9681003) AND (id <= 9681103))

table 4 : explain SELECT id FROM sbtest4 WHERE id BETWEEN 9681003 AND 9681103
	Index Only Scan using sbtest4_pkey on sbtest4  (cost=0.43..6.47 rows=102 width=4)
	  Index Cond: ((id >= 9681003) AND (id <= 9681103))

table 5 : explain SELECT id FROM sbtest5 WHERE id BETWEEN 9681003 AND 9681103
	Index Only Scan using sbtest5_pkey on sbtest5  (cost=0.43..6.42 rows=99 width=4)
	  Index Cond: ((id >= 9681003) AND (id <= 9681103))

table 6 : explain SELECT id FROM sbtest6 WHERE id BETWEEN 9681003 AND 9681103
	Index Only Scan using sbtest6_pkey on sbtest6  (cost=0.43..6.40 rows=98 width=4)
	  Index Cond: ((id >= 9681003) AND (id <= 9681103))

table 7 : explain SELECT id FROM sbtest7 WHERE id BETWEEN 9681003 AND 9681103
	Index Only Scan using sbtest7_pkey on sbtest7  (cost=0.43..6.56 rows=106 width=4)
	  Index Cond: ((id >= 9681003) AND (id <= 9681103))

table 8 : explain SELECT id FROM sbtest8 WHERE id BETWEEN 9681003 AND 9681103
	Index Only Scan using sbtest8_pkey on sbtest8  (cost=0.43..6.51 rows=104 width=4)
	  Index Cond: ((id >= 9681003) AND (id <= 9681103))

explain: for range-covered :: explain SELECT id FROM sbtest%d WHERE id BETWEEN 3656400 AND 3656500
explain: for range-covered :: explain SELECT id FROM sbtest%d WHERE id BETWEEN 9681003 AND 9681103
for range-covered
table 1 : explain SELECT id FROM sbtest1 WHERE id BETWEEN 6073773 AND 6073873
	Index Only Scan using sbtest1_pkey on sbtest1  (cost=0.43..6.43 rows=100 width=4)
	  Index Cond: ((id >= 6073773) AND (id <= 6073873))

table 2 : explain SELECT id FROM sbtest2 WHERE id BETWEEN 6073773 AND 6073873
	Index Only Scan using sbtest2_pkey on sbtest2  (cost=0.43..6.35 rows=96 width=4)
	  Index Cond: ((id >= 6073773) AND (id <= 6073873))

table 3 : explain SELECT id FROM sbtest3 WHERE id BETWEEN 6073773 AND 6073873
	Index Only Scan using sbtest3_pkey on sbtest3  (cost=0.43..6.51 rows=104 width=4)
	  Index Cond: ((id >= 6073773) AND (id <= 6073873))

table 4 : explain SELECT id FROM sbtest4 WHERE id BETWEEN 6073773 AND 6073873
	Index Only Scan using sbtest4_pkey on sbtest4  (cost=0.43..6.42 rows=99 width=4)
	  Index Cond: ((id >= 6073773) AND (id <= 6073873))

table 5 : explain SELECT id FROM sbtest5 WHERE id BETWEEN 6073773 AND 6073873
	Index Only Scan using sbtest5_pkey on sbtest5  (cost=0.43..6.47 rows=102 width=4)
	  Index Cond: ((id >= 6073773) AND (id <= 6073873))

table 6 : explain SELECT id FROM sbtest6 WHERE id BETWEEN 6073773 AND 6073873
	Index Only Scan using sbtest6_pkey on sbtest6  (cost=0.43..6.50 rows=103 width=4)
	  Index Cond: ((id >= 6073773) AND (id <= 6073873))

table 7 : explain SELECT id FROM sbtest7 WHERE id BETWEEN 6073773 AND 6073873
	Index Only Scan using sbtest7_pkey on sbtest7  (cost=0.43..6.43 rows=100 width=4)
	  Index Cond: ((id >= 6073773) AND (id <= 6073873))

table 8 : explain SELECT id FROM sbtest8 WHERE id BETWEEN 6073773 AND 6073873
	Index Only Scan using sbtest8_pkey on sbtest8  (cost=0.43..6.45 rows=101 width=4)
	  Index Cond: ((id >= 6073773) AND (id <= 6073873))

explain: for range-covered :: explain SELECT id FROM sbtest%d WHERE id BETWEEN 6073773 AND 6073873
for range-covered
table 1 : explain SELECT id FROM sbtest1 WHERE id BETWEEN 2418360 AND 2418460
	Index Only Scan using sbtest1_pkey on sbtest1  (cost=0.43..6.19 rows=88 width=4)
	  Index Cond: ((id >= 2418360) AND (id <= 2418460))

table 2 : explain SELECT id FROM sbtest2 WHERE id BETWEEN 2418360 AND 2418460
	Index Only Scan using sbtest2_pkey on sbtest2  (cost=0.43..6.35 rows=96 width=4)
	  Index Cond: ((id >= 2418360) AND (id <= 2418460))

table 3 : explain SELECT id FROM sbtest3 WHERE id BETWEEN 2418360 AND 2418460
	Index Only Scan using sbtest3_pkey on sbtest3  (cost=0.43..6.35 rows=96 width=4)
	  Index Cond: ((id >= 2418360) AND (id <= 2418460))

table 4 : explain SELECT id FROM sbtest4 WHERE id BETWEEN 2418360 AND 2418460
	Index Only Scan using sbtest4_pkey on sbtest4  (cost=0.43..6.17 rows=87 width=4)
	  Index Cond: ((id >= 2418360) AND (id <= 2418460))

table 5 : explain SELECT id FROM sbtest5 WHERE id BETWEEN 2418360 AND 2418460
	Index Only Scan using sbtest5_pkey on sbtest5  (cost=0.43..6.47 rows=102 width=4)
	  Index Cond: ((id >= 2418360) AND (id <= 2418460))

table 6 : explain SELECT id FROM sbtest6 WHERE id BETWEEN 2418360 AND 2418460
	Index Only Scan using sbtest6_pkey on sbtest6  (cost=0.43..6.69 rows=113 width=4)
	  Index Cond: ((id >= 2418360) AND (id <= 2418460))

table 7 : explain SELECT id FROM sbtest7 WHERE id BETWEEN 2418360 AND 2418460
	Index Only Scan using sbtest7_pkey on sbtest7  (cost=0.43..6.32 rows=94 width=4)
	  Index Cond: ((id >= 2418360) AND (id <= 2418460))

table 8 : explain SELECT id FROM sbtest8 WHERE id BETWEEN 2418360 AND 2418460
	Index Only Scan using sbtest8_pkey on sbtest8  (cost=0.43..6.51 rows=104 width=4)
	  Index Cond: ((id >= 2418360) AND (id <= 2418460))

explain: for range-covered :: explain SELECT id FROM sbtest%d WHERE id BETWEEN 2418360 AND 2418460
for range-covered
table 1 : explain SELECT id FROM sbtest1 WHERE id BETWEEN 3524359 AND 3524459
	Index Only Scan using sbtest1_pkey on sbtest1  (cost=0.43..6.32 rows=94 width=4)
	  Index Cond: ((id >= 3524359) AND (id <= 3524459))

table 2 : explain SELECT id FROM sbtest2 WHERE id BETWEEN 3524359 AND 3524459
	Index Only Scan using sbtest2_pkey on sbtest2  (cost=0.43..6.35 rows=96 width=4)
	  Index Cond: ((id >= 3524359) AND (id <= 3524459))

table 3 : explain SELECT id FROM sbtest3 WHERE id BETWEEN 3524359 AND 3524459
	Index Only Scan using sbtest3_pkey on sbtest3  (cost=0.43..6.35 rows=96 width=4)
	  Index Cond: ((id >= 3524359) AND (id <= 3524459))

table 4 : explain SELECT id FROM sbtest4 WHERE id BETWEEN 3524359 AND 3524459
	Index Only Scan using sbtest4_pkey on sbtest4  (cost=0.43..6.32 rows=94 width=4)
	  Index Cond: ((id >= 3524359) AND (id <= 3524459))

table 5 : explain SELECT id FROM sbtest5 WHERE id BETWEEN 3524359 AND 3524459
	Index Only Scan using sbtest5_pkey on sbtest5  (cost=0.43..6.27 rows=92 width=4)
	  Index Cond: ((id >= 3524359) AND (id <= 3524459))

table 6 : explain SELECT id FROM sbtest6 WHERE id BETWEEN 3524359 AND 3524459
	Index Only Scan using sbtest6_pkey on sbtest6  (cost=0.43..6.74 rows=115 width=4)
	  Index Cond: ((id >= 3524359) AND (id <= 3524459))

table 7 : explain SELECT id FROM sbtest7 WHERE id BETWEEN 3524359 AND 3524459
	Index Only Scan using sbtest7_pkey on sbtest7  (cost=0.43..6.47 rows=102 width=4)
	  Index Cond: ((id >= 3524359) AND (id <= 3524459))

table 8 : explain SELECT id FROM sbtest8 WHERE id BETWEEN 3524359 AND 3524459
	Index Only Scan using sbtest8_pkey on sbtest8  (cost=0.43..6.69 rows=113 width=4)
	  Index Cond: ((id >= 3524359) AND (id <= 3524459))

for range-covered
table 1 : explain SELECT id FROM sbtest1 WHERE id BETWEEN 3656400 AND 3656500
	Index Only Scan using sbtest1_pkey on sbtest1  (cost=0.43..6.61 rows=109 width=4)
	  Index Cond: ((id >= 3656400) AND (id <= 3656500))

table 2 : explain SELECT id FROM sbtest2 WHERE id BETWEEN 3656400 AND 3656500
	Index Only Scan using sbtest2_pkey on sbtest2  (cost=0.43..6.43 rows=100 width=4)
	  Index Cond: ((id >= 3656400) AND (id <= 3656500))

table 3 : explain SELECT id FROM sbtest3 WHERE id BETWEEN 3656400 AND 3656500
	Index Only Scan using sbtest3_pkey on sbtest3  (cost=0.43..6.50 rows=103 width=4)
	  Index Cond: ((id >= 3656400) AND (id <= 3656500))

table 4 : explain SELECT id FROM sbtest4 WHERE id BETWEEN 3656400 AND 3656500
	Index Only Scan using sbtest4_pkey on sbtest4  (cost=0.43..6.51 rows=104 width=4)
	  Index Cond: ((id >= 3656400) AND (id <= 3656500))

table 5 : explain SELECT id FROM sbtest5 WHERE id BETWEEN 3656400 AND 3656500
	Index Only Scan using sbtest5_pkey on sbtest5  (cost=0.43..6.27 rows=92 width=4)
	  Index Cond: ((id >= 3656400) AND (id <= 3656500))

table 6 : explain SELECT id FROM sbtest6 WHERE id BETWEEN 3656400 AND 3656500
	Index Only Scan using sbtest6_pkey on sbtest6  (cost=0.43..6.25 rows=91 width=4)
	  Index Cond: ((id >= 3656400) AND (id <= 3656500))

table 7 : explain SELECT id FROM sbtest7 WHERE id BETWEEN 3656400 AND 3656500
	Index Only Scan using sbtest7_pkey on sbtest7  (cost=0.43..6.42 rows=99 width=4)
	  Index Cond: ((id >= 3656400) AND (id <= 3656500))

table 8 : explain SELECT id FROM sbtest8 WHERE id BETWEEN 3656400 AND 3656500
	Index Only Scan using sbtest8_pkey on sbtest8  (cost=0.43..6.37 rows=97 width=4)
	  Index Cond: ((id >= 3656400) AND (id <= 3656500))

explain: for range-covered :: explain SELECT id FROM sbtest%d WHERE id BETWEEN 3524359 AND 3524459
explain: for range-covered :: explain SELECT id FROM sbtest%d WHERE id BETWEEN 3656400 AND 3656500
for range-covered
table 1 : explain SELECT id FROM sbtest1 WHERE id BETWEEN 9681003 AND 9681103
	Index Only Scan using sbtest1_pkey on sbtest1  (cost=0.43..6.40 rows=98 width=4)
	  Index Cond: ((id >= 9681003) AND (id <= 9681103))

table 2 : explain SELECT id FROM sbtest2 WHERE id BETWEEN 9681003 AND 9681103
	Index Only Scan using sbtest2_pkey on sbtest2  (cost=0.43..6.61 rows=109 width=4)
	  Index Cond: ((id >= 9681003) AND (id <= 9681103))

table 3 : explain SELECT id FROM sbtest3 WHERE id BETWEEN 9681003 AND 9681103
	Index Only Scan using sbtest3_pkey on sbtest3  (cost=0.43..6.53 rows=105 width=4)
	  Index Cond: ((id >= 9681003) AND (id <= 9681103))

table 4 : explain SELECT id FROM sbtest4 WHERE id BETWEEN 9681003 AND 9681103
	Index Only Scan using sbtest4_pkey on sbtest4  (cost=0.43..6.47 rows=102 width=4)
	  Index Cond: ((id >= 9681003) AND (id <= 9681103))

table 5 : explain SELECT id FROM sbtest5 WHERE id BETWEEN 9681003 AND 9681103
	Index Only Scan using sbtest5_pkey on sbtest5  (cost=0.43..6.42 rows=99 width=4)
	  Index Cond: ((id >= 9681003) AND (id <= 9681103))

table 6 : explain SELECT id FROM sbtest6 WHERE id BETWEEN 9681003 AND 9681103
	Index Only Scan using sbtest6_pkey on sbtest6  (cost=0.43..6.40 rows=98 width=4)
	  Index Cond: ((id >= 9681003) AND (id <= 9681103))

table 7 : explain SELECT id FROM sbtest7 WHERE id BETWEEN 9681003 AND 9681103
	Index Only Scan using sbtest7_pkey on sbtest7  (cost=0.43..6.56 rows=106 width=4)
	  Index Cond: ((id >= 9681003) AND (id <= 9681103))

table 8 : explain SELECT id FROM sbtest8 WHERE id BETWEEN 9681003 AND 9681103
	Index Only Scan using sbtest8_pkey on sbtest8  (cost=0.43..6.51 rows=104 width=4)
	  Index Cond: ((id >= 9681003) AND (id <= 9681103))

explain: for range-covered :: explain SELECT id FROM sbtest%d WHERE id BETWEEN 9681003 AND 9681103
for range-covered
table 1 : explain SELECT id FROM sbtest1 WHERE id BETWEEN 3954506 AND 3954606
	Index Only Scan using sbtest1_pkey on sbtest1  (cost=0.43..6.45 rows=101 width=4)
	  Index Cond: ((id >= 3954506) AND (id <= 3954606))

table 2 : explain SELECT id FROM sbtest2 WHERE id BETWEEN 3954506 AND 3954606
	Index Only Scan using sbtest2_pkey on sbtest2  (cost=0.43..6.50 rows=103 width=4)
	  Index Cond: ((id >= 3954506) AND (id <= 3954606))

table 3 : explain SELECT id FROM sbtest3 WHERE id BETWEEN 3954506 AND 3954606
	Index Only Scan using sbtest3_pkey on sbtest3  (cost=0.43..6.66 rows=111 width=4)
	  Index Cond: ((id >= 3954506) AND (id <= 3954606))

table 4 : explain SELECT id FROM sbtest4 WHERE id BETWEEN 3954506 AND 3954606
	Index Only Scan using sbtest4_pkey on sbtest4  (cost=0.43..6.37 rows=97 width=4)
	  Index Cond: ((id >= 3954506) AND (id <= 3954606))

table 5 : explain SELECT id FROM sbtest5 WHERE id BETWEEN 3954506 AND 3954606
	Index Only Scan using sbtest5_pkey on sbtest5  (cost=0.43..6.58 rows=107 width=4)
	  Index Cond: ((id >= 3954506) AND (id <= 3954606))

table 6 : explain SELECT id FROM sbtest6 WHERE id BETWEEN 3954506 AND 3954606
	Index Only Scan using sbtest6_pkey on sbtest6  (cost=0.43..6.51 rows=104 width=4)
	  Index Cond: ((id >= 3954506) AND (id <= 3954606))

table 7 : explain SELECT id FROM sbtest7 WHERE id BETWEEN 3954506 AND 3954606
	Index Only Scan using sbtest7_pkey on sbtest7  (cost=0.43..6.53 rows=105 width=4)
	  Index Cond: ((id >= 3954506) AND (id <= 3954606))

table 8 : explain SELECT id FROM sbtest8 WHERE id BETWEEN 3954506 AND 3954606
	Index Only Scan using sbtest8_pkey on sbtest8  (cost=0.43..6.50 rows=103 width=4)
	  Index Cond: ((id >= 3954506) AND (id <= 3954606))

explain: for range-covered :: explain SELECT id FROM sbtest%d WHERE id BETWEEN 3954506 AND 3954606
for range-covered
table 1 : explain SELECT id FROM sbtest1 WHERE id BETWEEN 6073773 AND 6073873
	Index Only Scan using sbtest1_pkey on sbtest1  (cost=0.43..6.43 rows=100 width=4)
	  Index Cond: ((id >= 6073773) AND (id <= 6073873))

table 2 : explain SELECT id FROM sbtest2 WHERE id BETWEEN 6073773 AND 6073873
	Index Only Scan using sbtest2_pkey on sbtest2  (cost=0.43..6.35 rows=96 width=4)
	  Index Cond: ((id >= 6073773) AND (id <= 6073873))

table 3 : explain SELECT id FROM sbtest3 WHERE id BETWEEN 6073773 AND 6073873
	Index Only Scan using sbtest3_pkey on sbtest3  (cost=0.43..6.51 rows=104 width=4)
	  Index Cond: ((id >= 6073773) AND (id <= 6073873))

table 4 : explain SELECT id FROM sbtest4 WHERE id BETWEEN 6073773 AND 6073873
	Index Only Scan using sbtest4_pkey on sbtest4  (cost=0.43..6.42 rows=99 width=4)
	  Index Cond: ((id >= 6073773) AND (id <= 6073873))

table 5 : explain SELECT id FROM sbtest5 WHERE id BETWEEN 6073773 AND 6073873
	Index Only Scan using sbtest5_pkey on sbtest5  (cost=0.43..6.47 rows=102 width=4)
	  Index Cond: ((id >= 6073773) AND (id <= 6073873))

table 6 : explain SELECT id FROM sbtest6 WHERE id BETWEEN 6073773 AND 6073873
	Index Only Scan using sbtest6_pkey on sbtest6  (cost=0.43..6.50 rows=103 width=4)
	  Index Cond: ((id >= 6073773) AND (id <= 6073873))

table 7 : explain SELECT id FROM sbtest7 WHERE id BETWEEN 6073773 AND 6073873
	Index Only Scan using sbtest7_pkey on sbtest7  (cost=0.43..6.43 rows=100 width=4)
	  Index Cond: ((id >= 6073773) AND (id <= 6073873))

table 8 : explain SELECT id FROM sbtest8 WHERE id BETWEEN 6073773 AND 6073873
	Index Only Scan using sbtest8_pkey on sbtest8  (cost=0.43..6.45 rows=101 width=4)
	  Index Cond: ((id >= 6073773) AND (id <= 6073873))

for range-covered
table 1 : explain SELECT id FROM sbtest1 WHERE id BETWEEN 2418360 AND 2418460
	Index Only Scan using sbtest1_pkey on sbtest1  (cost=0.43..6.19 rows=88 width=4)
	  Index Cond: ((id >= 2418360) AND (id <= 2418460))

table 2 : explain SELECT id FROM sbtest2 WHERE id BETWEEN 2418360 AND 2418460
	Index Only Scan using sbtest2_pkey on sbtest2  (cost=0.43..6.35 rows=96 width=4)
	  Index Cond: ((id >= 2418360) AND (id <= 2418460))

table 3 : explain SELECT id FROM sbtest3 WHERE id BETWEEN 2418360 AND 2418460
	Index Only Scan using sbtest3_pkey on sbtest3  (cost=0.43..6.35 rows=96 width=4)
	  Index Cond: ((id >= 2418360) AND (id <= 2418460))

table 4 : explain SELECT id FROM sbtest4 WHERE id BETWEEN 2418360 AND 2418460
	Index Only Scan using sbtest4_pkey on sbtest4  (cost=0.43..6.17 rows=87 width=4)
	  Index Cond: ((id >= 2418360) AND (id <= 2418460))

table 5 : explain SELECT id FROM sbtest5 WHERE id BETWEEN 2418360 AND 2418460
	Index Only Scan using sbtest5_pkey on sbtest5  (cost=0.43..6.47 rows=102 width=4)
	  Index Cond: ((id >= 2418360) AND (id <= 2418460))

table 6 : explain SELECT id FROM sbtest6 WHERE id BETWEEN 2418360 AND 2418460
	Index Only Scan using sbtest6_pkey on sbtest6  (cost=0.43..6.69 rows=113 width=4)
	  Index Cond: ((id >= 2418360) AND (id <= 2418460))

table 7 : explain SELECT id FROM sbtest7 WHERE id BETWEEN 2418360 AND 2418460
	Index Only Scan using sbtest7_pkey on sbtest7  (cost=0.43..6.32 rows=94 width=4)
	  Index Cond: ((id >= 2418360) AND (id <= 2418460))

table 8 : explain SELECT id FROM sbtest8 WHERE id BETWEEN 2418360 AND 2418460
	Index Only Scan using sbtest8_pkey on sbtest8  (cost=0.43..6.51 rows=104 width=4)
	  Index Cond: ((id >= 2418360) AND (id <= 2418460))

explain: for range-covered :: explain SELECT id FROM sbtest%d WHERE id BETWEEN 6073773 AND 6073873
explain: for range-covered :: explain SELECT id FROM sbtest%d WHERE id BETWEEN 2418360 AND 2418460
for range-covered
table 1 : explain SELECT id FROM sbtest1 WHERE id BETWEEN 3656400 AND 3656500
	Index Only Scan using sbtest1_pkey on sbtest1  (cost=0.43..6.61 rows=109 width=4)
	  Index Cond: ((id >= 3656400) AND (id <= 3656500))

table 2 : explain SELECT id FROM sbtest2 WHERE id BETWEEN 3656400 AND 3656500
	Index Only Scan using sbtest2_pkey on sbtest2  (cost=0.43..6.43 rows=100 width=4)
	  Index Cond: ((id >= 3656400) AND (id <= 3656500))

table 3 : explain SELECT id FROM sbtest3 WHERE id BETWEEN 3656400 AND 3656500
	Index Only Scan using sbtest3_pkey on sbtest3  (cost=0.43..6.50 rows=103 width=4)
	  Index Cond: ((id >= 3656400) AND (id <= 3656500))

table 4 : explain SELECT id FROM sbtest4 WHERE id BETWEEN 3656400 AND 3656500
	Index Only Scan using sbtest4_pkey on sbtest4  (cost=0.43..6.51 rows=104 width=4)
	  Index Cond: ((id >= 3656400) AND (id <= 3656500))

table 5 : explain SELECT id FROM sbtest5 WHERE id BETWEEN 3656400 AND 3656500
	Index Only Scan using sbtest5_pkey on sbtest5  (cost=0.43..6.27 rows=92 width=4)
	  Index Cond: ((id >= 3656400) AND (id <= 3656500))

table 6 : explain SELECT id FROM sbtest6 WHERE id BETWEEN 3656400 AND 3656500
	Index Only Scan using sbtest6_pkey on sbtest6  (cost=0.43..6.25 rows=91 width=4)
	  Index Cond: ((id >= 3656400) AND (id <= 3656500))

table 7 : explain SELECT id FROM sbtest7 WHERE id BETWEEN 3656400 AND 3656500
	Index Only Scan using sbtest7_pkey on sbtest7  (cost=0.43..6.42 rows=99 width=4)
	  Index Cond: ((id >= 3656400) AND (id <= 3656500))

table 8 : explain SELECT id FROM sbtest8 WHERE id BETWEEN 3656400 AND 3656500
	Index Only Scan using sbtest8_pkey on sbtest8  (cost=0.43..6.37 rows=97 width=4)
	  Index Cond: ((id >= 3656400) AND (id <= 3656500))

explain: for range-covered :: explain SELECT id FROM sbtest%d WHERE id BETWEEN 3656400 AND 3656500
for range-covered
table 1 : explain SELECT id FROM sbtest1 WHERE id BETWEEN 3524359 AND 3524459
	Index Only Scan using sbtest1_pkey on sbtest1  (cost=0.43..6.32 rows=94 width=4)
	  Index Cond: ((id >= 3524359) AND (id <= 3524459))

table 2 : explain SELECT id FROM sbtest2 WHERE id BETWEEN 3524359 AND 3524459
	Index Only Scan using sbtest2_pkey on sbtest2  (cost=0.43..6.35 rows=96 width=4)
	  Index Cond: ((id >= 3524359) AND (id <= 3524459))

table 3 : explain SELECT id FROM sbtest3 WHERE id BETWEEN 3524359 AND 3524459
	Index Only Scan using sbtest3_pkey on sbtest3  (cost=0.43..6.35 rows=96 width=4)
	  Index Cond: ((id >= 3524359) AND (id <= 3524459))

table 4 : explain SELECT id FROM sbtest4 WHERE id BETWEEN 3524359 AND 3524459
	Index Only Scan using sbtest4_pkey on sbtest4  (cost=0.43..6.32 rows=94 width=4)
	  Index Cond: ((id >= 3524359) AND (id <= 3524459))

table 5 : explain SELECT id FROM sbtest5 WHERE id BETWEEN 3524359 AND 3524459
	Index Only Scan using sbtest5_pkey on sbtest5  (cost=0.43..6.27 rows=92 width=4)
	  Index Cond: ((id >= 3524359) AND (id <= 3524459))

table 6 : explain SELECT id FROM sbtest6 WHERE id BETWEEN 3524359 AND 3524459
	Index Only Scan using sbtest6_pkey on sbtest6  (cost=0.43..6.74 rows=115 width=4)
	  Index Cond: ((id >= 3524359) AND (id <= 3524459))

table 7 : explain SELECT id FROM sbtest7 WHERE id BETWEEN 3524359 AND 3524459
	Index Only Scan using sbtest7_pkey on sbtest7  (cost=0.43..6.47 rows=102 width=4)
	  Index Cond: ((id >= 3524359) AND (id <= 3524459))

table 8 : explain SELECT id FROM sbtest8 WHERE id BETWEEN 3524359 AND 3524459
	Index Only Scan using sbtest8_pkey on sbtest8  (cost=0.43..6.69 rows=113 width=4)
	  Index Cond: ((id >= 3524359) AND (id <= 3524459))

for range-covered
table 1 : explain SELECT id FROM sbtest1 WHERE id BETWEEN 9681003 AND 9681103
	Index Only Scan using sbtest1_pkey on sbtest1  (cost=0.43..6.40 rows=98 width=4)
	  Index Cond: ((id >= 9681003) AND (id <= 9681103))

table 2 : explain SELECT id FROM sbtest2 WHERE id BETWEEN 9681003 AND 9681103
	Index Only Scan using sbtest2_pkey on sbtest2  (cost=0.43..6.61 rows=109 width=4)
	  Index Cond: ((id >= 9681003) AND (id <= 9681103))

table 3 : explain SELECT id FROM sbtest3 WHERE id BETWEEN 9681003 AND 9681103
	Index Only Scan using sbtest3_pkey on sbtest3  (cost=0.43..6.53 rows=105 width=4)
	  Index Cond: ((id >= 9681003) AND (id <= 9681103))

table 4 : explain SELECT id FROM sbtest4 WHERE id BETWEEN 9681003 AND 9681103
	Index Only Scan using sbtest4_pkey on sbtest4  (cost=0.43..6.47 rows=102 width=4)
	  Index Cond: ((id >= 9681003) AND (id <= 9681103))

table 5 : explain SELECT id FROM sbtest5 WHERE id BETWEEN 9681003 AND 9681103
	Index Only Scan using sbtest5_pkey on sbtest5  (cost=0.43..6.42 rows=99 width=4)
	  Index Cond: ((id >= 9681003) AND (id <= 9681103))

table 6 : explain SELECT id FROM sbtest6 WHERE id BETWEEN 9681003 AND 9681103
	Index Only Scan using sbtest6_pkey on sbtest6  (cost=0.43..6.40 rows=98 width=4)
	  Index Cond: ((id >= 9681003) AND (id <= 9681103))

table 7 : explain SELECT id FROM sbtest7 WHERE id BETWEEN 9681003 AND 9681103
	Index Only Scan using sbtest7_pkey on sbtest7  (cost=0.43..6.56 rows=106 width=4)
	  Index Cond: ((id >= 9681003) AND (id <= 9681103))

table 8 : explain SELECT id FROM sbtest8 WHERE id BETWEEN 9681003 AND 9681103
	Index Only Scan using sbtest8_pkey on sbtest8  (cost=0.43..6.51 rows=104 width=4)
	  Index Cond: ((id >= 9681003) AND (id <= 9681103))

explain: for range-covered :: explain SELECT id FROM sbtest%d WHERE id BETWEEN 3524359 AND 3524459
explain: for range-covered :: explain SELECT id FROM sbtest%d WHERE id BETWEEN 9681003 AND 9681103
for range-covered
table 1 : explain SELECT id FROM sbtest1 WHERE id BETWEEN 3954506 AND 3954606
	Index Only Scan using sbtest1_pkey on sbtest1  (cost=0.43..6.45 rows=101 width=4)
	  Index Cond: ((id >= 3954506) AND (id <= 3954606))

table 2 : explain SELECT id FROM sbtest2 WHERE id BETWEEN 3954506 AND 3954606
	Index Only Scan using sbtest2_pkey on sbtest2  (cost=0.43..6.50 rows=103 width=4)
	  Index Cond: ((id >= 3954506) AND (id <= 3954606))

table 3 : explain SELECT id FROM sbtest3 WHERE id BETWEEN 3954506 AND 3954606
	Index Only Scan using sbtest3_pkey on sbtest3  (cost=0.43..6.66 rows=111 width=4)
	  Index Cond: ((id >= 3954506) AND (id <= 3954606))

table 4 : explain SELECT id FROM sbtest4 WHERE id BETWEEN 3954506 AND 3954606
	Index Only Scan using sbtest4_pkey on sbtest4  (cost=0.43..6.37 rows=97 width=4)
	  Index Cond: ((id >= 3954506) AND (id <= 3954606))

table 5 : explain SELECT id FROM sbtest5 WHERE id BETWEEN 3954506 AND 3954606
	Index Only Scan using sbtest5_pkey on sbtest5  (cost=0.43..6.58 rows=107 width=4)
	  Index Cond: ((id >= 3954506) AND (id <= 3954606))

table 6 : explain SELECT id FROM sbtest6 WHERE id BETWEEN 3954506 AND 3954606
	Index Only Scan using sbtest6_pkey on sbtest6  (cost=0.43..6.51 rows=104 width=4)
	  Index Cond: ((id >= 3954506) AND (id <= 3954606))

table 7 : explain SELECT id FROM sbtest7 WHERE id BETWEEN 3954506 AND 3954606
	Index Only Scan using sbtest7_pkey on sbtest7  (cost=0.43..6.53 rows=105 width=4)
	  Index Cond: ((id >= 3954506) AND (id <= 3954606))

table 8 : explain SELECT id FROM sbtest8 WHERE id BETWEEN 3954506 AND 3954606
	Index Only Scan using sbtest8_pkey on sbtest8  (cost=0.43..6.50 rows=103 width=4)
	  Index Cond: ((id >= 3954506) AND (id <= 3954606))

for range-covered
table 1 : explain SELECT id FROM sbtest1 WHERE id BETWEEN 6073773 AND 6073873
	Index Only Scan using sbtest1_pkey on sbtest1  (cost=0.43..6.43 rows=100 width=4)
	  Index Cond: ((id >= 6073773) AND (id <= 6073873))

table 2 : explain SELECT id FROM sbtest2 WHERE id BETWEEN 6073773 AND 6073873
	Index Only Scan using sbtest2_pkey on sbtest2  (cost=0.43..6.35 rows=96 width=4)
	  Index Cond: ((id >= 6073773) AND (id <= 6073873))

table 3 : explain SELECT id FROM sbtest3 WHERE id BETWEEN 6073773 AND 6073873
	Index Only Scan using sbtest3_pkey on sbtest3  (cost=0.43..6.51 rows=104 width=4)
	  Index Cond: ((id >= 6073773) AND (id <= 6073873))

table 4 : explain SELECT id FROM sbtest4 WHERE id BETWEEN 6073773 AND 6073873
	Index Only Scan using sbtest4_pkey on sbtest4  (cost=0.43..6.42 rows=99 width=4)
	  Index Cond: ((id >= 6073773) AND (id <= 6073873))

table 5 : explain SELECT id FROM sbtest5 WHERE id BETWEEN 6073773 AND 6073873
	Index Only Scan using sbtest5_pkey on sbtest5  (cost=0.43..6.47 rows=102 width=4)
	  Index Cond: ((id >= 6073773) AND (id <= 6073873))

table 6 : explain SELECT id FROM sbtest6 WHERE id BETWEEN 6073773 AND 6073873
	Index Only Scan using sbtest6_pkey on sbtest6  (cost=0.43..6.50 rows=103 width=4)
	  Index Cond: ((id >= 6073773) AND (id <= 6073873))

table 7 : explain SELECT id FROM sbtest7 WHERE id BETWEEN 6073773 AND 6073873
	Index Only Scan using sbtest7_pkey on sbtest7  (cost=0.43..6.43 rows=100 width=4)
	  Index Cond: ((id >= 6073773) AND (id <= 6073873))

table 8 : explain SELECT id FROM sbtest8 WHERE id BETWEEN 6073773 AND 6073873
	Index Only Scan using sbtest8_pkey on sbtest8  (cost=0.43..6.45 rows=101 width=4)
	  Index Cond: ((id >= 6073773) AND (id <= 6073873))

explain: for range-covered :: explain SELECT id FROM sbtest%d WHERE id BETWEEN 3954506 AND 3954606
for range-covered
table 1 : explain SELECT id FROM sbtest1 WHERE id BETWEEN 2418360 AND 2418460
	Index Only Scan using sbtest1_pkey on sbtest1  (cost=0.43..6.19 rows=88 width=4)
	  Index Cond: ((id >= 2418360) AND (id <= 2418460))

table 2 : explain SELECT id FROM sbtest2 WHERE id BETWEEN 2418360 AND 2418460
	Index Only Scan using sbtest2_pkey on sbtest2  (cost=0.43..6.35 rows=96 width=4)
	  Index Cond: ((id >= 2418360) AND (id <= 2418460))

table 3 : explain SELECT id FROM sbtest3 WHERE id BETWEEN 2418360 AND 2418460
	Index Only Scan using sbtest3_pkey on sbtest3  (cost=0.43..6.35 rows=96 width=4)
	  Index Cond: ((id >= 2418360) AND (id <= 2418460))

table 4 : explain SELECT id FROM sbtest4 WHERE id BETWEEN 2418360 AND 2418460
	Index Only Scan using sbtest4_pkey on sbtest4  (cost=0.43..6.17 rows=87 width=4)
	  Index Cond: ((id >= 2418360) AND (id <= 2418460))

table 5 : explain SELECT id FROM sbtest5 WHERE id BETWEEN 2418360 AND 2418460
	Index Only Scan using sbtest5_pkey on sbtest5  (cost=0.43..6.47 rows=102 width=4)
	  Index Cond: ((id >= 2418360) AND (id <= 2418460))

table 6 : explain SELECT id FROM sbtest6 WHERE id BETWEEN 2418360 AND 2418460
	Index Only Scan using sbtest6_pkey on sbtest6  (cost=0.43..6.69 rows=113 width=4)
	  Index Cond: ((id >= 2418360) AND (id <= 2418460))

table 7 : explain SELECT id FROM sbtest7 WHERE id BETWEEN 2418360 AND 2418460
	Index Only Scan using sbtest7_pkey on sbtest7  (cost=0.43..6.32 rows=94 width=4)
	  Index Cond: ((id >= 2418360) AND (id <= 2418460))

table 8 : explain SELECT id FROM sbtest8 WHERE id BETWEEN 2418360 AND 2418460
	Index Only Scan using sbtest8_pkey on sbtest8  (cost=0.43..6.51 rows=104 width=4)
	  Index Cond: ((id >= 2418360) AND (id <= 2418460))

explain: for range-covered :: explain SELECT id FROM sbtest%d WHERE id BETWEEN 6073773 AND 6073873
explain: for range-covered :: explain SELECT id FROM sbtest%d WHERE id BETWEEN 2418360 AND 2418460
for range-covered
table 1 : explain SELECT id FROM sbtest1 WHERE id BETWEEN 3656400 AND 3656500
	Index Only Scan using sbtest1_pkey on sbtest1  (cost=0.43..6.61 rows=109 width=4)
	  Index Cond: ((id >= 3656400) AND (id <= 3656500))

table 2 : explain SELECT id FROM sbtest2 WHERE id BETWEEN 3656400 AND 3656500
	Index Only Scan using sbtest2_pkey on sbtest2  (cost=0.43..6.43 rows=100 width=4)
	  Index Cond: ((id >= 3656400) AND (id <= 3656500))

table 3 : explain SELECT id FROM sbtest3 WHERE id BETWEEN 3656400 AND 3656500
	Index Only Scan using sbtest3_pkey on sbtest3  (cost=0.43..6.50 rows=103 width=4)
	  Index Cond: ((id >= 3656400) AND (id <= 3656500))

table 4 : explain SELECT id FROM sbtest4 WHERE id BETWEEN 3656400 AND 3656500
	Index Only Scan using sbtest4_pkey on sbtest4  (cost=0.43..6.51 rows=104 width=4)
	  Index Cond: ((id >= 3656400) AND (id <= 3656500))

table 5 : explain SELECT id FROM sbtest5 WHERE id BETWEEN 3656400 AND 3656500
	Index Only Scan using sbtest5_pkey on sbtest5  (cost=0.43..6.27 rows=92 width=4)
	  Index Cond: ((id >= 3656400) AND (id <= 3656500))

table 6 : explain SELECT id FROM sbtest6 WHERE id BETWEEN 3656400 AND 3656500
	Index Only Scan using sbtest6_pkey on sbtest6  (cost=0.43..6.25 rows=91 width=4)
	  Index Cond: ((id >= 3656400) AND (id <= 3656500))

table 7 : explain SELECT id FROM sbtest7 WHERE id BETWEEN 3656400 AND 3656500
	Index Only Scan using sbtest7_pkey on sbtest7  (cost=0.43..6.42 rows=99 width=4)
	  Index Cond: ((id >= 3656400) AND (id <= 3656500))

table 8 : explain SELECT id FROM sbtest8 WHERE id BETWEEN 3656400 AND 3656500
	Index Only Scan using sbtest8_pkey on sbtest8  (cost=0.43..6.37 rows=97 width=4)
	  Index Cond: ((id >= 3656400) AND (id <= 3656500))

for range-covered
table 1 : explain SELECT id FROM sbtest1 WHERE id BETWEEN 3524359 AND 3524459
	Index Only Scan using sbtest1_pkey on sbtest1  (cost=0.43..6.32 rows=94 width=4)
	  Index Cond: ((id >= 3524359) AND (id <= 3524459))

table 2 : explain SELECT id FROM sbtest2 WHERE id BETWEEN 3524359 AND 3524459
	Index Only Scan using sbtest2_pkey on sbtest2  (cost=0.43..6.35 rows=96 width=4)
	  Index Cond: ((id >= 3524359) AND (id <= 3524459))

table 3 : explain SELECT id FROM sbtest3 WHERE id BETWEEN 3524359 AND 3524459
	Index Only Scan using sbtest3_pkey on sbtest3  (cost=0.43..6.35 rows=96 width=4)
	  Index Cond: ((id >= 3524359) AND (id <= 3524459))

table 4 : explain SELECT id FROM sbtest4 WHERE id BETWEEN 3524359 AND 3524459
	Index Only Scan using sbtest4_pkey on sbtest4  (cost=0.43..6.32 rows=94 width=4)
	  Index Cond: ((id >= 3524359) AND (id <= 3524459))

table 5 : explain SELECT id FROM sbtest5 WHERE id BETWEEN 3524359 AND 3524459
	Index Only Scan using sbtest5_pkey on sbtest5  (cost=0.43..6.27 rows=92 width=4)
	  Index Cond: ((id >= 3524359) AND (id <= 3524459))

table 6 : explain SELECT id FROM sbtest6 WHERE id BETWEEN 3524359 AND 3524459
	Index Only Scan using sbtest6_pkey on sbtest6  (cost=0.43..6.74 rows=115 width=4)
	  Index Cond: ((id >= 3524359) AND (id <= 3524459))

table 7 : explain SELECT id FROM sbtest7 WHERE id BETWEEN 3524359 AND 3524459
	Index Only Scan using sbtest7_pkey on sbtest7  (cost=0.43..6.47 rows=102 width=4)
	  Index Cond: ((id >= 3524359) AND (id <= 3524459))

table 8 : explain SELECT id FROM sbtest8 WHERE id BETWEEN 3524359 AND 3524459
	Index Only Scan using sbtest8_pkey on sbtest8  (cost=0.43..6.69 rows=113 width=4)
	  Index Cond: ((id >= 3524359) AND (id <= 3524459))

explain: for range-covered :: explain SELECT id FROM sbtest%d WHERE id BETWEEN 3656400 AND 3656500
for range-covered
table 1 : explain SELECT id FROM sbtest1 WHERE id BETWEEN 9681003 AND 9681103
	Index Only Scan using sbtest1_pkey on sbtest1  (cost=0.43..6.40 rows=98 width=4)
	  Index Cond: ((id >= 9681003) AND (id <= 9681103))

table 2 : explain SELECT id FROM sbtest2 WHERE id BETWEEN 9681003 AND 9681103
	Index Only Scan using sbtest2_pkey on sbtest2  (cost=0.43..6.61 rows=109 width=4)
	  Index Cond: ((id >= 9681003) AND (id <= 9681103))

table 3 : explain SELECT id FROM sbtest3 WHERE id BETWEEN 9681003 AND 9681103
	Index Only Scan using sbtest3_pkey on sbtest3  (cost=0.43..6.53 rows=105 width=4)
	  Index Cond: ((id >= 9681003) AND (id <= 9681103))

table 4 : explain SELECT id FROM sbtest4 WHERE id BETWEEN 9681003 AND 9681103
	Index Only Scan using sbtest4_pkey on sbtest4  (cost=0.43..6.47 rows=102 width=4)
	  Index Cond: ((id >= 9681003) AND (id <= 9681103))

table 5 : explain SELECT id FROM sbtest5 WHERE id BETWEEN 9681003 AND 9681103
	Index Only Scan using sbtest5_pkey on sbtest5  (cost=0.43..6.42 rows=99 width=4)
	  Index Cond: ((id >= 9681003) AND (id <= 9681103))

table 6 : explain SELECT id FROM sbtest6 WHERE id BETWEEN 9681003 AND 9681103
	Index Only Scan using sbtest6_pkey on sbtest6  (cost=0.43..6.40 rows=98 width=4)
	  Index Cond: ((id >= 9681003) AND (id <= 9681103))

table 7 : explain SELECT id FROM sbtest7 WHERE id BETWEEN 9681003 AND 9681103
	Index Only Scan using sbtest7_pkey on sbtest7  (cost=0.43..6.56 rows=106 width=4)
	  Index Cond: ((id >= 9681003) AND (id <= 9681103))

table 8 : explain SELECT id FROM sbtest8 WHERE id BETWEEN 9681003 AND 9681103
	Index Only Scan using sbtest8_pkey on sbtest8  (cost=0.43..6.51 rows=104 width=4)
	  Index Cond: ((id >= 9681003) AND (id <= 9681103))
explain: for range-covered :: explain SELECT id FROM sbtest%d WHERE id BETWEEN 2889467 AND 2889567

explain: for range-covered :: explain SELECT id FROM sbtest%d WHERE id BETWEEN 3524359 AND 3524459
explain: for range-covered :: explain SELECT id FROM sbtest%d WHERE id BETWEEN 9681003 AND 9681103
for range-covered
table 1 : explain SELECT id FROM sbtest1 WHERE id BETWEEN 3954506 AND 3954606
	Index Only Scan using sbtest1_pkey on sbtest1  (cost=0.43..6.45 rows=101 width=4)
	  Index Cond: ((id >= 3954506) AND (id <= 3954606))

table 2 : explain SELECT id FROM sbtest2 WHERE id BETWEEN 3954506 AND 3954606
	Index Only Scan using sbtest2_pkey on sbtest2  (cost=0.43..6.50 rows=103 width=4)
	  Index Cond: ((id >= 3954506) AND (id <= 3954606))

table 3 : explain SELECT id FROM sbtest3 WHERE id BETWEEN 3954506 AND 3954606
	Index Only Scan using sbtest3_pkey on sbtest3  (cost=0.43..6.66 rows=111 width=4)
	  Index Cond: ((id >= 3954506) AND (id <= 3954606))

table 4 : explain SELECT id FROM sbtest4 WHERE id BETWEEN 3954506 AND 3954606
	Index Only Scan using sbtest4_pkey on sbtest4  (cost=0.43..6.37 rows=97 width=4)
	  Index Cond: ((id >= 3954506) AND (id <= 3954606))

table 5 : explain SELECT id FROM sbtest5 WHERE id BETWEEN 3954506 AND 3954606
	Index Only Scan using sbtest5_pkey on sbtest5  (cost=0.43..6.58 rows=107 width=4)
	  Index Cond: ((id >= 3954506) AND (id <= 3954606))

table 6 : explain SELECT id FROM sbtest6 WHERE id BETWEEN 3954506 AND 3954606
	Index Only Scan using sbtest6_pkey on sbtest6  (cost=0.43..6.51 rows=104 width=4)
	  Index Cond: ((id >= 3954506) AND (id <= 3954606))

table 7 : explain SELECT id FROM sbtest7 WHERE id BETWEEN 3954506 AND 3954606
	Index Only Scan using sbtest7_pkey on sbtest7  (cost=0.43..6.53 rows=105 width=4)
	  Index Cond: ((id >= 3954506) AND (id <= 3954606))

table 8 : explain SELECT id FROM sbtest8 WHERE id BETWEEN 3954506 AND 3954606
	Index Only Scan using sbtest8_pkey on sbtest8  (cost=0.43..6.50 rows=103 width=4)
	  Index Cond: ((id >= 3954506) AND (id <= 3954606))

explain: for range-covered :: explain SELECT id FROM sbtest%d WHERE id BETWEEN 3954506 AND 3954606
for range-covered
table 1 : explain SELECT id FROM sbtest1 WHERE id BETWEEN 3656400 AND 3656500
	Index Only Scan using sbtest1_pkey on sbtest1  (cost=0.43..6.61 rows=109 width=4)
	  Index Cond: ((id >= 3656400) AND (id <= 3656500))

table 2 : explain SELECT id FROM sbtest2 WHERE id BETWEEN 3656400 AND 3656500
	Index Only Scan using sbtest2_pkey on sbtest2  (cost=0.43..6.43 rows=100 width=4)
	  Index Cond: ((id >= 3656400) AND (id <= 3656500))

table 3 : explain SELECT id FROM sbtest3 WHERE id BETWEEN 3656400 AND 3656500
	Index Only Scan using sbtest3_pkey on sbtest3  (cost=0.43..6.50 rows=103 width=4)
	  Index Cond: ((id >= 3656400) AND (id <= 3656500))

table 4 : explain SELECT id FROM sbtest4 WHERE id BETWEEN 3656400 AND 3656500
	Index Only Scan using sbtest4_pkey on sbtest4  (cost=0.43..6.51 rows=104 width=4)
	  Index Cond: ((id >= 3656400) AND (id <= 3656500))

table 5 : explain SELECT id FROM sbtest5 WHERE id BETWEEN 3656400 AND 3656500
	Index Only Scan using sbtest5_pkey on sbtest5  (cost=0.43..6.27 rows=92 width=4)
	  Index Cond: ((id >= 3656400) AND (id <= 3656500))

table 6 : explain SELECT id FROM sbtest6 WHERE id BETWEEN 3656400 AND 3656500
	Index Only Scan using sbtest6_pkey on sbtest6  (cost=0.43..6.25 rows=91 width=4)
	  Index Cond: ((id >= 3656400) AND (id <= 3656500))

table 7 : explain SELECT id FROM sbtest7 WHERE id BETWEEN 3656400 AND 3656500
	Index Only Scan using sbtest7_pkey on sbtest7  (cost=0.43..6.42 rows=99 width=4)
	  Index Cond: ((id >= 3656400) AND (id <= 3656500))

table 8 : explain SELECT id FROM sbtest8 WHERE id BETWEEN 3656400 AND 3656500
	Index Only Scan using sbtest8_pkey on sbtest8  (cost=0.43..6.37 rows=97 width=4)
	  Index Cond: ((id >= 3656400) AND (id <= 3656500))

explain: for range-covered :: explain SELECT id FROM sbtest%d WHERE id BETWEEN 3656400 AND 3656500
for range-covered
table 1 : explain SELECT id FROM sbtest1 WHERE id BETWEEN 9681003 AND 9681103
	Index Only Scan using sbtest1_pkey on sbtest1  (cost=0.43..6.40 rows=98 width=4)
	  Index Cond: ((id >= 9681003) AND (id <= 9681103))

table 2 : explain SELECT id FROM sbtest2 WHERE id BETWEEN 9681003 AND 9681103
	Index Only Scan using sbtest2_pkey on sbtest2  (cost=0.43..6.61 rows=109 width=4)
	  Index Cond: ((id >= 9681003) AND (id <= 9681103))

table 3 : explain SELECT id FROM sbtest3 WHERE id BETWEEN 9681003 AND 9681103
	Index Only Scan using sbtest3_pkey on sbtest3  (cost=0.43..6.53 rows=105 width=4)
	  Index Cond: ((id >= 9681003) AND (id <= 9681103))

table 4 : explain SELECT id FROM sbtest4 WHERE id BETWEEN 9681003 AND 9681103
	Index Only Scan using sbtest4_pkey on sbtest4  (cost=0.43..6.47 rows=102 width=4)
	  Index Cond: ((id >= 9681003) AND (id <= 9681103))

table 5 : explain SELECT id FROM sbtest5 WHERE id BETWEEN 9681003 AND 9681103
	Index Only Scan using sbtest5_pkey on sbtest5  (cost=0.43..6.42 rows=99 width=4)
	  Index Cond: ((id >= 9681003) AND (id <= 9681103))

table 6 : explain SELECT id FROM sbtest6 WHERE id BETWEEN 9681003 AND 9681103
	Index Only Scan using sbtest6_pkey on sbtest6  (cost=0.43..6.40 rows=98 width=4)
	  Index Cond: ((id >= 9681003) AND (id <= 9681103))

table 7 : explain SELECT id FROM sbtest7 WHERE id BETWEEN 9681003 AND 9681103
	Index Only Scan using sbtest7_pkey on sbtest7  (cost=0.43..6.56 rows=106 width=4)
	  Index Cond: ((id >= 9681003) AND (id <= 9681103))

table 8 : explain SELECT id FROM sbtest8 WHERE id BETWEEN 9681003 AND 9681103
	Index Only Scan using sbtest8_pkey on sbtest8  (cost=0.43..6.51 rows=104 width=4)
	  Index Cond: ((id >= 9681003) AND (id <= 9681103))

for range-covered
table 1 : explain SELECT id FROM sbtest1 WHERE id BETWEEN 3524359 AND 3524459
	Index Only Scan using sbtest1_pkey on sbtest1  (cost=0.43..6.32 rows=94 width=4)
	  Index Cond: ((id >= 3524359) AND (id <= 3524459))

table 2 : explain SELECT id FROM sbtest2 WHERE id BETWEEN 3524359 AND 3524459
	Index Only Scan using sbtest2_pkey on sbtest2  (cost=0.43..6.35 rows=96 width=4)
	  Index Cond: ((id >= 3524359) AND (id <= 3524459))

table 3 : explain SELECT id FROM sbtest3 WHERE id BETWEEN 3524359 AND 3524459
	Index Only Scan using sbtest3_pkey on sbtest3  (cost=0.43..6.35 rows=96 width=4)
	  Index Cond: ((id >= 3524359) AND (id <= 3524459))

table 4 : explain SELECT id FROM sbtest4 WHERE id BETWEEN 3524359 AND 3524459
	Index Only Scan using sbtest4_pkey on sbtest4  (cost=0.43..6.32 rows=94 width=4)
	  Index Cond: ((id >= 3524359) AND (id <= 3524459))

table 5 : explain SELECT id FROM sbtest5 WHERE id BETWEEN 3524359 AND 3524459
	Index Only Scan using sbtest5_pkey on sbtest5  (cost=0.43..6.27 rows=92 width=4)
	  Index Cond: ((id >= 3524359) AND (id <= 3524459))

table 6 : explain SELECT id FROM sbtest6 WHERE id BETWEEN 3524359 AND 3524459
	Index Only Scan using sbtest6_pkey on sbtest6  (cost=0.43..6.74 rows=115 width=4)
	  Index Cond: ((id >= 3524359) AND (id <= 3524459))

table 7 : explain SELECT id FROM sbtest7 WHERE id BETWEEN 3524359 AND 3524459
	Index Only Scan using sbtest7_pkey on sbtest7  (cost=0.43..6.47 rows=102 width=4)
	  Index Cond: ((id >= 3524359) AND (id <= 3524459))

table 8 : explain SELECT id FROM sbtest8 WHERE id BETWEEN 3524359 AND 3524459
	Index Only Scan using sbtest8_pkey on sbtest8  (cost=0.43..6.69 rows=113 width=4)
	  Index Cond: ((id >= 3524359) AND (id <= 3524459))

for range-covered
table 1 : explain SELECT id FROM sbtest1 WHERE id BETWEEN 3954506 AND 3954606
	Index Only Scan using sbtest1_pkey on sbtest1  (cost=0.43..6.45 rows=101 width=4)
	  Index Cond: ((id >= 3954506) AND (id <= 3954606))

table 2 : explain SELECT id FROM sbtest2 WHERE id BETWEEN 3954506 AND 3954606
	Index Only Scan using sbtest2_pkey on sbtest2  (cost=0.43..6.50 rows=103 width=4)
	  Index Cond: ((id >= 3954506) AND (id <= 3954606))

table 3 : explain SELECT id FROM sbtest3 WHERE id BETWEEN 3954506 AND 3954606
	Index Only Scan using sbtest3_pkey on sbtest3  (cost=0.43..6.66 rows=111 width=4)
	  Index Cond: ((id >= 3954506) AND (id <= 3954606))

table 4 : explain SELECT id FROM sbtest4 WHERE id BETWEEN 3954506 AND 3954606
	Index Only Scan using sbtest4_pkey on sbtest4  (cost=0.43..6.37 rows=97 width=4)
	  Index Cond: ((id >= 3954506) AND (id <= 3954606))

table 5 : explain SELECT id FROM sbtest5 WHERE id BETWEEN 3954506 AND 3954606
	Index Only Scan using sbtest5_pkey on sbtest5  (cost=0.43..6.58 rows=107 width=4)
	  Index Cond: ((id >= 3954506) AND (id <= 3954606))

table 6 : explain SELECT id FROM sbtest6 WHERE id BETWEEN 3954506 AND 3954606
	Index Only Scan using sbtest6_pkey on sbtest6  (cost=0.43..6.51 rows=104 width=4)
	  Index Cond: ((id >= 3954506) AND (id <= 3954606))

table 7 : explain SELECT id FROM sbtest7 WHERE id BETWEEN 3954506 AND 3954606
	Index Only Scan using sbtest7_pkey on sbtest7  (cost=0.43..6.53 rows=105 width=4)
	  Index Cond: ((id >= 3954506) AND (id <= 3954606))

table 8 : explain SELECT id FROM sbtest8 WHERE id BETWEEN 3954506 AND 3954606
	Index Only Scan using sbtest8_pkey on sbtest8  (cost=0.43..6.50 rows=103 width=4)
	  Index Cond: ((id >= 3954506) AND (id <= 3954606))

explain: for range-covered :: explain SELECT id FROM sbtest%d WHERE id BETWEEN 3524359 AND 3524459
for range-covered
table 1 : explain SELECT id FROM sbtest1 WHERE id BETWEEN 2418360 AND 2418460
	Index Only Scan using sbtest1_pkey on sbtest1  (cost=0.43..6.19 rows=88 width=4)
	  Index Cond: ((id >= 2418360) AND (id <= 2418460))

table 2 : explain SELECT id FROM sbtest2 WHERE id BETWEEN 2418360 AND 2418460
	Index Only Scan using sbtest2_pkey on sbtest2  (cost=0.43..6.35 rows=96 width=4)
	  Index Cond: ((id >= 2418360) AND (id <= 2418460))

table 3 : explain SELECT id FROM sbtest3 WHERE id BETWEEN 2418360 AND 2418460
	Index Only Scan using sbtest3_pkey on sbtest3  (cost=0.43..6.35 rows=96 width=4)
	  Index Cond: ((id >= 2418360) AND (id <= 2418460))

table 4 : explain SELECT id FROM sbtest4 WHERE id BETWEEN 2418360 AND 2418460
	Index Only Scan using sbtest4_pkey on sbtest4  (cost=0.43..6.17 rows=87 width=4)
	  Index Cond: ((id >= 2418360) AND (id <= 2418460))

table 5 : explain SELECT id FROM sbtest5 WHERE id BETWEEN 2418360 AND 2418460
	Index Only Scan using sbtest5_pkey on sbtest5  (cost=0.43..6.47 rows=102 width=4)
	  Index Cond: ((id >= 2418360) AND (id <= 2418460))

table 6 : explain SELECT id FROM sbtest6 WHERE id BETWEEN 2418360 AND 2418460
	Index Only Scan using sbtest6_pkey on sbtest6  (cost=0.43..6.69 rows=113 width=4)
	  Index Cond: ((id >= 2418360) AND (id <= 2418460))

table 7 : explain SELECT id FROM sbtest7 WHERE id BETWEEN 2418360 AND 2418460
	Index Only Scan using sbtest7_pkey on sbtest7  (cost=0.43..6.32 rows=94 width=4)
	  Index Cond: ((id >= 2418360) AND (id <= 2418460))

table 8 : explain SELECT id FROM sbtest8 WHERE id BETWEEN 2418360 AND 2418460
	Index Only Scan using sbtest8_pkey on sbtest8  (cost=0.43..6.51 rows=104 width=4)
	  Index Cond: ((id >= 2418360) AND (id <= 2418460))

explain: for range-covered :: explain SELECT id FROM sbtest%d WHERE id BETWEEN 3954506 AND 3954606
for range-covered
table 1 : explain SELECT id FROM sbtest1 WHERE id BETWEEN 6073773 AND 6073873
	Index Only Scan using sbtest1_pkey on sbtest1  (cost=0.43..6.43 rows=100 width=4)
	  Index Cond: ((id >= 6073773) AND (id <= 6073873))

table 2 : explain SELECT id FROM sbtest2 WHERE id BETWEEN 6073773 AND 6073873
	Index Only Scan using sbtest2_pkey on sbtest2  (cost=0.43..6.35 rows=96 width=4)
	  Index Cond: ((id >= 6073773) AND (id <= 6073873))

table 3 : explain SELECT id FROM sbtest3 WHERE id BETWEEN 6073773 AND 6073873
	Index Only Scan using sbtest3_pkey on sbtest3  (cost=0.43..6.51 rows=104 width=4)
	  Index Cond: ((id >= 6073773) AND (id <= 6073873))

table 4 : explain SELECT id FROM sbtest4 WHERE id BETWEEN 6073773 AND 6073873
	Index Only Scan using sbtest4_pkey on sbtest4  (cost=0.43..6.42 rows=99 width=4)
	  Index Cond: ((id >= 6073773) AND (id <= 6073873))

table 5 : explain SELECT id FROM sbtest5 WHERE id BETWEEN 6073773 AND 6073873
	Index Only Scan using sbtest5_pkey on sbtest5  (cost=0.43..6.47 rows=102 width=4)
	  Index Cond: ((id >= 6073773) AND (id <= 6073873))

table 6 : explain SELECT id FROM sbtest6 WHERE id BETWEEN 6073773 AND 6073873
	Index Only Scan using sbtest6_pkey on sbtest6  (cost=0.43..6.50 rows=103 width=4)
	  Index Cond: ((id >= 6073773) AND (id <= 6073873))

table 7 : explain SELECT id FROM sbtest7 WHERE id BETWEEN 6073773 AND 6073873
	Index Only Scan using sbtest7_pkey on sbtest7  (cost=0.43..6.43 rows=100 width=4)
	  Index Cond: ((id >= 6073773) AND (id <= 6073873))

table 8 : explain SELECT id FROM sbtest8 WHERE id BETWEEN 6073773 AND 6073873
	Index Only Scan using sbtest8_pkey on sbtest8  (cost=0.43..6.45 rows=101 width=4)
	  Index Cond: ((id >= 6073773) AND (id <= 6073873))

explain: for range-covered :: explain SELECT id FROM sbtest%d WHERE id BETWEEN 2418360 AND 2418460
explain: for range-covered :: explain SELECT id FROM sbtest%d WHERE id BETWEEN 6073773 AND 6073873
for range-covered
table 1 : explain SELECT id FROM sbtest1 WHERE id BETWEEN 3656400 AND 3656500
	Index Only Scan using sbtest1_pkey on sbtest1  (cost=0.43..6.61 rows=109 width=4)
	  Index Cond: ((id >= 3656400) AND (id <= 3656500))

table 2 : explain SELECT id FROM sbtest2 WHERE id BETWEEN 3656400 AND 3656500
	Index Only Scan using sbtest2_pkey on sbtest2  (cost=0.43..6.43 rows=100 width=4)
	  Index Cond: ((id >= 3656400) AND (id <= 3656500))

table 3 : explain SELECT id FROM sbtest3 WHERE id BETWEEN 3656400 AND 3656500
	Index Only Scan using sbtest3_pkey on sbtest3  (cost=0.43..6.50 rows=103 width=4)
	  Index Cond: ((id >= 3656400) AND (id <= 3656500))

table 4 : explain SELECT id FROM sbtest4 WHERE id BETWEEN 3656400 AND 3656500
	Index Only Scan using sbtest4_pkey on sbtest4  (cost=0.43..6.51 rows=104 width=4)
	  Index Cond: ((id >= 3656400) AND (id <= 3656500))

table 5 : explain SELECT id FROM sbtest5 WHERE id BETWEEN 3656400 AND 3656500
	Index Only Scan using sbtest5_pkey on sbtest5  (cost=0.43..6.27 rows=92 width=4)
	  Index Cond: ((id >= 3656400) AND (id <= 3656500))

table 6 : explain SELECT id FROM sbtest6 WHERE id BETWEEN 3656400 AND 3656500
	Index Only Scan using sbtest6_pkey on sbtest6  (cost=0.43..6.25 rows=91 width=4)
	  Index Cond: ((id >= 3656400) AND (id <= 3656500))

table 7 : explain SELECT id FROM sbtest7 WHERE id BETWEEN 3656400 AND 3656500
	Index Only Scan using sbtest7_pkey on sbtest7  (cost=0.43..6.42 rows=99 width=4)
	  Index Cond: ((id >= 3656400) AND (id <= 3656500))

table 8 : explain SELECT id FROM sbtest8 WHERE id BETWEEN 3656400 AND 3656500
	Index Only Scan using sbtest8_pkey on sbtest8  (cost=0.43..6.37 rows=97 width=4)
	  Index Cond: ((id >= 3656400) AND (id <= 3656500))

for range-covered
table 1 : explain SELECT id FROM sbtest1 WHERE id BETWEEN 3524359 AND 3524459
	Index Only Scan using sbtest1_pkey on sbtest1  (cost=0.43..6.32 rows=94 width=4)
	  Index Cond: ((id >= 3524359) AND (id <= 3524459))

table 2 : explain SELECT id FROM sbtest2 WHERE id BETWEEN 3524359 AND 3524459
	Index Only Scan using sbtest2_pkey on sbtest2  (cost=0.43..6.35 rows=96 width=4)
	  Index Cond: ((id >= 3524359) AND (id <= 3524459))

table 3 : explain SELECT id FROM sbtest3 WHERE id BETWEEN 3524359 AND 3524459
	Index Only Scan using sbtest3_pkey on sbtest3  (cost=0.43..6.35 rows=96 width=4)
	  Index Cond: ((id >= 3524359) AND (id <= 3524459))

table 4 : explain SELECT id FROM sbtest4 WHERE id BETWEEN 3524359 AND 3524459
	Index Only Scan using sbtest4_pkey on sbtest4  (cost=0.43..6.32 rows=94 width=4)
	  Index Cond: ((id >= 3524359) AND (id <= 3524459))

table 5 : explain SELECT id FROM sbtest5 WHERE id BETWEEN 3524359 AND 3524459
	Index Only Scan using sbtest5_pkey on sbtest5  (cost=0.43..6.27 rows=92 width=4)
	  Index Cond: ((id >= 3524359) AND (id <= 3524459))

table 6 : explain SELECT id FROM sbtest6 WHERE id BETWEEN 3524359 AND 3524459
	Index Only Scan using sbtest6_pkey on sbtest6  (cost=0.43..6.74 rows=115 width=4)
	  Index Cond: ((id >= 3524359) AND (id <= 3524459))

table 7 : explain SELECT id FROM sbtest7 WHERE id BETWEEN 3524359 AND 3524459
	Index Only Scan using sbtest7_pkey on sbtest7  (cost=0.43..6.47 rows=102 width=4)
	  Index Cond: ((id >= 3524359) AND (id <= 3524459))

table 8 : explain SELECT id FROM sbtest8 WHERE id BETWEEN 3524359 AND 3524459
	Index Only Scan using sbtest8_pkey on sbtest8  (cost=0.43..6.69 rows=113 width=4)
	  Index Cond: ((id >= 3524359) AND (id <= 3524459))

for range-covered
table 1 : explain SELECT id FROM sbtest1 WHERE id BETWEEN 3954506 AND 3954606
	Index Only Scan using sbtest1_pkey on sbtest1  (cost=0.43..6.45 rows=101 width=4)
	  Index Cond: ((id >= 3954506) AND (id <= 3954606))

table 2 : explain SELECT id FROM sbtest2 WHERE id BETWEEN 3954506 AND 3954606
	Index Only Scan using sbtest2_pkey on sbtest2  (cost=0.43..6.50 rows=103 width=4)
	  Index Cond: ((id >= 3954506) AND (id <= 3954606))

table 3 : explain SELECT id FROM sbtest3 WHERE id BETWEEN 3954506 AND 3954606
	Index Only Scan using sbtest3_pkey on sbtest3  (cost=0.43..6.66 rows=111 width=4)
	  Index Cond: ((id >= 3954506) AND (id <= 3954606))

table 4 : explain SELECT id FROM sbtest4 WHERE id BETWEEN 3954506 AND 3954606
	Index Only Scan using sbtest4_pkey on sbtest4  (cost=0.43..6.37 rows=97 width=4)
	  Index Cond: ((id >= 3954506) AND (id <= 3954606))

table 5 : explain SELECT id FROM sbtest5 WHERE id BETWEEN 3954506 AND 3954606
	Index Only Scan using sbtest5_pkey on sbtest5  (cost=0.43..6.58 rows=107 width=4)
	  Index Cond: ((id >= 3954506) AND (id <= 3954606))

table 6 : explain SELECT id FROM sbtest6 WHERE id BETWEEN 3954506 AND 3954606
	Index Only Scan using sbtest6_pkey on sbtest6  (cost=0.43..6.51 rows=104 width=4)
	  Index Cond: ((id >= 3954506) AND (id <= 3954606))

table 7 : explain SELECT id FROM sbtest7 WHERE id BETWEEN 3954506 AND 3954606
	Index Only Scan using sbtest7_pkey on sbtest7  (cost=0.43..6.53 rows=105 width=4)
	  Index Cond: ((id >= 3954506) AND (id <= 3954606))

table 8 : explain SELECT id FROM sbtest8 WHERE id BETWEEN 3954506 AND 3954606
	Index Only Scan using sbtest8_pkey on sbtest8  (cost=0.43..6.50 rows=103 width=4)
	  Index Cond: ((id >= 3954506) AND (id <= 3954606))

explain: for range-covered :: explain SELECT id FROM sbtest%d WHERE id BETWEEN 3524359 AND 3524459
explain: for range-covered :: explain SELECT id FROM sbtest%d WHERE id BETWEEN 3954506 AND 3954606
for range-covered
table 1 : explain SELECT id FROM sbtest1 WHERE id BETWEEN 3524359 AND 3524459
	Index Only Scan using sbtest1_pkey on sbtest1  (cost=0.43..6.32 rows=94 width=4)
	  Index Cond: ((id >= 3524359) AND (id <= 3524459))

table 2 : explain SELECT id FROM sbtest2 WHERE id BETWEEN 3524359 AND 3524459
	Index Only Scan using sbtest2_pkey on sbtest2  (cost=0.43..6.35 rows=96 width=4)
	  Index Cond: ((id >= 3524359) AND (id <= 3524459))

table 3 : explain SELECT id FROM sbtest3 WHERE id BETWEEN 3524359 AND 3524459
	Index Only Scan using sbtest3_pkey on sbtest3  (cost=0.43..6.35 rows=96 width=4)
	  Index Cond: ((id >= 3524359) AND (id <= 3524459))

table 4 : explain SELECT id FROM sbtest4 WHERE id BETWEEN 3524359 AND 3524459
	Index Only Scan using sbtest4_pkey on sbtest4  (cost=0.43..6.32 rows=94 width=4)
	  Index Cond: ((id >= 3524359) AND (id <= 3524459))

table 5 : explain SELECT id FROM sbtest5 WHERE id BETWEEN 3524359 AND 3524459
	Index Only Scan using sbtest5_pkey on sbtest5  (cost=0.43..6.27 rows=92 width=4)
	  Index Cond: ((id >= 3524359) AND (id <= 3524459))

table 6 : explain SELECT id FROM sbtest6 WHERE id BETWEEN 3524359 AND 3524459
	Index Only Scan using sbtest6_pkey on sbtest6  (cost=0.43..6.74 rows=115 width=4)
	  Index Cond: ((id >= 3524359) AND (id <= 3524459))

table 7 : explain SELECT id FROM sbtest7 WHERE id BETWEEN 3524359 AND 3524459
	Index Only Scan using sbtest7_pkey on sbtest7  (cost=0.43..6.47 rows=102 width=4)
	  Index Cond: ((id >= 3524359) AND (id <= 3524459))

table 8 : explain SELECT id FROM sbtest8 WHERE id BETWEEN 3524359 AND 3524459
	Index Only Scan using sbtest8_pkey on sbtest8  (cost=0.43..6.69 rows=113 width=4)
	  Index Cond: ((id >= 3524359) AND (id <= 3524459))

for range-covered
table 1 : explain SELECT id FROM sbtest1 WHERE id BETWEEN 3954506 AND 3954606
	Index Only Scan using sbtest1_pkey on sbtest1  (cost=0.43..6.45 rows=101 width=4)
	  Index Cond: ((id >= 3954506) AND (id <= 3954606))

table 2 : explain SELECT id FROM sbtest2 WHERE id BETWEEN 3954506 AND 3954606
	Index Only Scan using sbtest2_pkey on sbtest2  (cost=0.43..6.50 rows=103 width=4)
	  Index Cond: ((id >= 3954506) AND (id <= 3954606))

table 3 : explain SELECT id FROM sbtest3 WHERE id BETWEEN 3954506 AND 3954606
	Index Only Scan using sbtest3_pkey on sbtest3  (cost=0.43..6.66 rows=111 width=4)
	  Index Cond: ((id >= 3954506) AND (id <= 3954606))

table 4 : explain SELECT id FROM sbtest4 WHERE id BETWEEN 3954506 AND 3954606
	Index Only Scan using sbtest4_pkey on sbtest4  (cost=0.43..6.37 rows=97 width=4)
	  Index Cond: ((id >= 3954506) AND (id <= 3954606))

table 5 : explain SELECT id FROM sbtest5 WHERE id BETWEEN 3954506 AND 3954606
	Index Only Scan using sbtest5_pkey on sbtest5  (cost=0.43..6.58 rows=107 width=4)
	  Index Cond: ((id >= 3954506) AND (id <= 3954606))

table 6 : explain SELECT id FROM sbtest6 WHERE id BETWEEN 3954506 AND 3954606
	Index Only Scan using sbtest6_pkey on sbtest6  (cost=0.43..6.51 rows=104 width=4)
	  Index Cond: ((id >= 3954506) AND (id <= 3954606))

table 7 : explain SELECT id FROM sbtest7 WHERE id BETWEEN 3954506 AND 3954606
	Index Only Scan using sbtest7_pkey on sbtest7  (cost=0.43..6.53 rows=105 width=4)
	  Index Cond: ((id >= 3954506) AND (id <= 3954606))

table 8 : explain SELECT id FROM sbtest8 WHERE id BETWEEN 3954506 AND 3954606
	Index Only Scan using sbtest8_pkey on sbtest8  (cost=0.43..6.50 rows=103 width=4)
	  Index Cond: ((id >= 3954506) AND (id <= 3954606))

explain: for range-covered :: explain SELECT id FROM sbtest%d WHERE id BETWEEN 3524359 AND 3524459
explain: for range-covered :: explain SELECT id FROM sbtest%d WHERE id BETWEEN 3954506 AND 3954606
for range-covered
table 1 : explain SELECT id FROM sbtest1 WHERE id BETWEEN 2418360 AND 2418460
	Index Only Scan using sbtest1_pkey on sbtest1  (cost=0.43..6.19 rows=88 width=4)
	  Index Cond: ((id >= 2418360) AND (id <= 2418460))

table 2 : explain SELECT id FROM sbtest2 WHERE id BETWEEN 2418360 AND 2418460
	Index Only Scan using sbtest2_pkey on sbtest2  (cost=0.43..6.35 rows=96 width=4)
	  Index Cond: ((id >= 2418360) AND (id <= 2418460))

table 3 : explain SELECT id FROM sbtest3 WHERE id BETWEEN 2418360 AND 2418460
	Index Only Scan using sbtest3_pkey on sbtest3  (cost=0.43..6.35 rows=96 width=4)
	  Index Cond: ((id >= 2418360) AND (id <= 2418460))

table 4 : explain SELECT id FROM sbtest4 WHERE id BETWEEN 2418360 AND 2418460
	Index Only Scan using sbtest4_pkey on sbtest4  (cost=0.43..6.17 rows=87 width=4)
	  Index Cond: ((id >= 2418360) AND (id <= 2418460))

table 5 : explain SELECT id FROM sbtest5 WHERE id BETWEEN 2418360 AND 2418460
	Index Only Scan using sbtest5_pkey on sbtest5  (cost=0.43..6.47 rows=102 width=4)
	  Index Cond: ((id >= 2418360) AND (id <= 2418460))

table 6 : explain SELECT id FROM sbtest6 WHERE id BETWEEN 2418360 AND 2418460
	Index Only Scan using sbtest6_pkey on sbtest6  (cost=0.43..6.69 rows=113 width=4)
	  Index Cond: ((id >= 2418360) AND (id <= 2418460))

table 7 : explain SELECT id FROM sbtest7 WHERE id BETWEEN 2418360 AND 2418460
	Index Only Scan using sbtest7_pkey on sbtest7  (cost=0.43..6.32 rows=94 width=4)
	  Index Cond: ((id >= 2418360) AND (id <= 2418460))

table 8 : explain SELECT id FROM sbtest8 WHERE id BETWEEN 2418360 AND 2418460
	Index Only Scan using sbtest8_pkey on sbtest8  (cost=0.43..6.51 rows=104 width=4)
	  Index Cond: ((id >= 2418360) AND (id <= 2418460))

for range-covered
table 1 : explain SELECT id FROM sbtest1 WHERE id BETWEEN 2889467 AND 2889567
	Index Only Scan using sbtest1_pkey on sbtest1  (cost=0.43..6.45 rows=101 width=4)
	  Index Cond: ((id >= 2889467) AND (id <= 2889567))

table 2 : explain SELECT id FROM sbtest2 WHERE id BETWEEN 2889467 AND 2889567
	Index Only Scan using sbtest2_pkey on sbtest2  (cost=0.43..6.53 rows=105 width=4)
	  Index Cond: ((id >= 2889467) AND (id <= 2889567))

table 3 : explain SELECT id FROM sbtest3 WHERE id BETWEEN 2889467 AND 2889567
	Index Only Scan using sbtest3_pkey on sbtest3  (cost=0.43..6.56 rows=106 width=4)
	  Index Cond: ((id >= 2889467) AND (id <= 2889567))

table 4 : explain SELECT id FROM sbtest4 WHERE id BETWEEN 2889467 AND 2889567
	Index Only Scan using sbtest4_pkey on sbtest4  (cost=0.43..6.69 rows=113 width=4)
	  Index Cond: ((id >= 2889467) AND (id <= 2889567))

table 5 : explain SELECT id FROM sbtest5 WHERE id BETWEEN 2889467 AND 2889567
	Index Only Scan using sbtest5_pkey on sbtest5  (cost=0.43..6.53 rows=105 width=4)
	  Index Cond: ((id >= 2889467) AND (id <= 2889567))

table 6 : explain SELECT id FROM sbtest6 WHERE id BETWEEN 2889467 AND 2889567
	Index Only Scan using sbtest6_pkey on sbtest6  (cost=0.43..6.67 rows=112 width=4)
	  Index Cond: ((id >= 2889467) AND (id <= 2889567))

table 7 : explain SELECT id FROM sbtest7 WHERE id BETWEEN 2889467 AND 2889567
	Index Only Scan using sbtest7_pkey on sbtest7  (cost=0.43..6.56 rows=106 width=4)
	  Index Cond: ((id >= 2889467) AND (id <= 2889567))

table 8 : explain SELECT id FROM sbtest8 WHERE id BETWEEN 2889467 AND 2889567
	Index Only Scan using sbtest8_pkey on sbtest8  (cost=0.43..6.37 rows=97 width=4)
	  Index Cond: ((id >= 2889467) AND (id <= 2889567))

for range-covered
table 1 : explain SELECT id FROM sbtest1 WHERE id BETWEEN 6073773 AND 6073873
	Index Only Scan using sbtest1_pkey on sbtest1  (cost=0.43..6.43 rows=100 width=4)
	  Index Cond: ((id >= 6073773) AND (id <= 6073873))

table 2 : explain SELECT id FROM sbtest2 WHERE id BETWEEN 6073773 AND 6073873
	Index Only Scan using sbtest2_pkey on sbtest2  (cost=0.43..6.35 rows=96 width=4)
	  Index Cond: ((id >= 6073773) AND (id <= 6073873))

table 3 : explain SELECT id FROM sbtest3 WHERE id BETWEEN 6073773 AND 6073873
	Index Only Scan using sbtest3_pkey on sbtest3  (cost=0.43..6.51 rows=104 width=4)
	  Index Cond: ((id >= 6073773) AND (id <= 6073873))

table 4 : explain SELECT id FROM sbtest4 WHERE id BETWEEN 6073773 AND 6073873
	Index Only Scan using sbtest4_pkey on sbtest4  (cost=0.43..6.42 rows=99 width=4)
	  Index Cond: ((id >= 6073773) AND (id <= 6073873))

table 5 : explain SELECT id FROM sbtest5 WHERE id BETWEEN 6073773 AND 6073873
	Index Only Scan using sbtest5_pkey on sbtest5  (cost=0.43..6.47 rows=102 width=4)
	  Index Cond: ((id >= 6073773) AND (id <= 6073873))

table 6 : explain SELECT id FROM sbtest6 WHERE id BETWEEN 6073773 AND 6073873
	Index Only Scan using sbtest6_pkey on sbtest6  (cost=0.43..6.50 rows=103 width=4)
	  Index Cond: ((id >= 6073773) AND (id <= 6073873))

table 7 : explain SELECT id FROM sbtest7 WHERE id BETWEEN 6073773 AND 6073873
	Index Only Scan using sbtest7_pkey on sbtest7  (cost=0.43..6.43 rows=100 width=4)
	  Index Cond: ((id >= 6073773) AND (id <= 6073873))

table 8 : explain SELECT id FROM sbtest8 WHERE id BETWEEN 6073773 AND 6073873
	Index Only Scan using sbtest8_pkey on sbtest8  (cost=0.43..6.45 rows=101 width=4)
	  Index Cond: ((id >= 6073773) AND (id <= 6073873))

explain: for range-covered :: explain SELECT id FROM sbtest%d WHERE id BETWEEN 2889467 AND 2889567
explain: for range-covered :: explain SELECT id FROM sbtest%d WHERE id BETWEEN 6114280 AND 6114380
explain: for range-covered :: explain SELECT id FROM sbtest%d WHERE id BETWEEN 2418360 AND 2418460
explain: for range-covered :: explain SELECT id FROM sbtest%d WHERE id BETWEEN 6073773 AND 6073873
explain: for range-covered :: explain SELECT id FROM sbtest%d WHERE id BETWEEN 5968079 AND 5968179
for range-covered
table 1 : explain SELECT id FROM sbtest1 WHERE id BETWEEN 3524359 AND 3524459
	Index Only Scan using sbtest1_pkey on sbtest1  (cost=0.43..6.32 rows=94 width=4)
	  Index Cond: ((id >= 3524359) AND (id <= 3524459))

table 2 : explain SELECT id FROM sbtest2 WHERE id BETWEEN 3524359 AND 3524459
	Index Only Scan using sbtest2_pkey on sbtest2  (cost=0.43..6.35 rows=96 width=4)
	  Index Cond: ((id >= 3524359) AND (id <= 3524459))

table 3 : explain SELECT id FROM sbtest3 WHERE id BETWEEN 3524359 AND 3524459
	Index Only Scan using sbtest3_pkey on sbtest3  (cost=0.43..6.35 rows=96 width=4)
	  Index Cond: ((id >= 3524359) AND (id <= 3524459))

table 4 : explain SELECT id FROM sbtest4 WHERE id BETWEEN 3524359 AND 3524459
	Index Only Scan using sbtest4_pkey on sbtest4  (cost=0.43..6.32 rows=94 width=4)
	  Index Cond: ((id >= 3524359) AND (id <= 3524459))

table 5 : explain SELECT id FROM sbtest5 WHERE id BETWEEN 3524359 AND 3524459
	Index Only Scan using sbtest5_pkey on sbtest5  (cost=0.43..6.27 rows=92 width=4)
	  Index Cond: ((id >= 3524359) AND (id <= 3524459))

table 6 : explain SELECT id FROM sbtest6 WHERE id BETWEEN 3524359 AND 3524459
	Index Only Scan using sbtest6_pkey on sbtest6  (cost=0.43..6.74 rows=115 width=4)
	  Index Cond: ((id >= 3524359) AND (id <= 3524459))

table 7 : explain SELECT id FROM sbtest7 WHERE id BETWEEN 3524359 AND 3524459
	Index Only Scan using sbtest7_pkey on sbtest7  (cost=0.43..6.47 rows=102 width=4)
	  Index Cond: ((id >= 3524359) AND (id <= 3524459))

table 8 : explain SELECT id FROM sbtest8 WHERE id BETWEEN 3524359 AND 3524459
	Index Only Scan using sbtest8_pkey on sbtest8  (cost=0.43..6.69 rows=113 width=4)
	  Index Cond: ((id >= 3524359) AND (id <= 3524459))

for range-covered
table 1 : explain SELECT id FROM sbtest1 WHERE id BETWEEN 3954506 AND 3954606
	Index Only Scan using sbtest1_pkey on sbtest1  (cost=0.43..6.45 rows=101 width=4)
	  Index Cond: ((id >= 3954506) AND (id <= 3954606))

table 2 : explain SELECT id FROM sbtest2 WHERE id BETWEEN 3954506 AND 3954606
	Index Only Scan using sbtest2_pkey on sbtest2  (cost=0.43..6.50 rows=103 width=4)
	  Index Cond: ((id >= 3954506) AND (id <= 3954606))

table 3 : explain SELECT id FROM sbtest3 WHERE id BETWEEN 3954506 AND 3954606
	Index Only Scan using sbtest3_pkey on sbtest3  (cost=0.43..6.66 rows=111 width=4)
	  Index Cond: ((id >= 3954506) AND (id <= 3954606))

table 4 : explain SELECT id FROM sbtest4 WHERE id BETWEEN 3954506 AND 3954606
	Index Only Scan using sbtest4_pkey on sbtest4  (cost=0.43..6.37 rows=97 width=4)
	  Index Cond: ((id >= 3954506) AND (id <= 3954606))

table 5 : explain SELECT id FROM sbtest5 WHERE id BETWEEN 3954506 AND 3954606
	Index Only Scan using sbtest5_pkey on sbtest5  (cost=0.43..6.58 rows=107 width=4)
	  Index Cond: ((id >= 3954506) AND (id <= 3954606))

table 6 : explain SELECT id FROM sbtest6 WHERE id BETWEEN 3954506 AND 3954606
	Index Only Scan using sbtest6_pkey on sbtest6  (cost=0.43..6.51 rows=104 width=4)
	  Index Cond: ((id >= 3954506) AND (id <= 3954606))

table 7 : explain SELECT id FROM sbtest7 WHERE id BETWEEN 3954506 AND 3954606
	Index Only Scan using sbtest7_pkey on sbtest7  (cost=0.43..6.53 rows=105 width=4)
	  Index Cond: ((id >= 3954506) AND (id <= 3954606))

table 8 : explain SELECT id FROM sbtest8 WHERE id BETWEEN 3954506 AND 3954606
	Index Only Scan using sbtest8_pkey on sbtest8  (cost=0.43..6.50 rows=103 width=4)
	  Index Cond: ((id >= 3954506) AND (id <= 3954606))

explain: for range-covered :: explain SELECT id FROM sbtest%d WHERE id BETWEEN 3524359 AND 3524459
explain: for range-covered :: explain SELECT id FROM sbtest%d WHERE id BETWEEN 3954506 AND 3954606
for range-covered
table 1 : explain SELECT id FROM sbtest1 WHERE id BETWEEN 2889467 AND 2889567
	Index Only Scan using sbtest1_pkey on sbtest1  (cost=0.43..6.45 rows=101 width=4)
	  Index Cond: ((id >= 2889467) AND (id <= 2889567))

table 2 : explain SELECT id FROM sbtest2 WHERE id BETWEEN 2889467 AND 2889567
	Index Only Scan using sbtest2_pkey on sbtest2  (cost=0.43..6.53 rows=105 width=4)
	  Index Cond: ((id >= 2889467) AND (id <= 2889567))

table 3 : explain SELECT id FROM sbtest3 WHERE id BETWEEN 2889467 AND 2889567
	Index Only Scan using sbtest3_pkey on sbtest3  (cost=0.43..6.56 rows=106 width=4)
	  Index Cond: ((id >= 2889467) AND (id <= 2889567))

table 4 : explain SELECT id FROM sbtest4 WHERE id BETWEEN 2889467 AND 2889567
	Index Only Scan using sbtest4_pkey on sbtest4  (cost=0.43..6.69 rows=113 width=4)
	  Index Cond: ((id >= 2889467) AND (id <= 2889567))

table 5 : explain SELECT id FROM sbtest5 WHERE id BETWEEN 2889467 AND 2889567
	Index Only Scan using sbtest5_pkey on sbtest5  (cost=0.43..6.53 rows=105 width=4)
	  Index Cond: ((id >= 2889467) AND (id <= 2889567))

table 6 : explain SELECT id FROM sbtest6 WHERE id BETWEEN 2889467 AND 2889567
	Index Only Scan using sbtest6_pkey on sbtest6  (cost=0.43..6.67 rows=112 width=4)
	  Index Cond: ((id >= 2889467) AND (id <= 2889567))

table 7 : explain SELECT id FROM sbtest7 WHERE id BETWEEN 2889467 AND 2889567
	Index Only Scan using sbtest7_pkey on sbtest7  (cost=0.43..6.56 rows=106 width=4)
	  Index Cond: ((id >= 2889467) AND (id <= 2889567))

table 8 : explain SELECT id FROM sbtest8 WHERE id BETWEEN 2889467 AND 2889567
	Index Only Scan using sbtest8_pkey on sbtest8  (cost=0.43..6.37 rows=97 width=4)
	  Index Cond: ((id >= 2889467) AND (id <= 2889567))

explain: for range-covered :: explain SELECT id FROM sbtest%d WHERE id BETWEEN 2889467 AND 2889567
for range-covered
table 1 : explain SELECT id FROM sbtest1 WHERE id BETWEEN 3954506 AND 3954606
	Index Only Scan using sbtest1_pkey on sbtest1  (cost=0.43..6.45 rows=101 width=4)
	  Index Cond: ((id >= 3954506) AND (id <= 3954606))

table 2 : explain SELECT id FROM sbtest2 WHERE id BETWEEN 3954506 AND 3954606
	Index Only Scan using sbtest2_pkey on sbtest2  (cost=0.43..6.50 rows=103 width=4)
	  Index Cond: ((id >= 3954506) AND (id <= 3954606))

table 3 : explain SELECT id FROM sbtest3 WHERE id BETWEEN 3954506 AND 3954606
	Index Only Scan using sbtest3_pkey on sbtest3  (cost=0.43..6.66 rows=111 width=4)
	  Index Cond: ((id >= 3954506) AND (id <= 3954606))

table 4 : explain SELECT id FROM sbtest4 WHERE id BETWEEN 3954506 AND 3954606
	Index Only Scan using sbtest4_pkey on sbtest4  (cost=0.43..6.37 rows=97 width=4)
	  Index Cond: ((id >= 3954506) AND (id <= 3954606))

table 5 : explain SELECT id FROM sbtest5 WHERE id BETWEEN 3954506 AND 3954606
	Index Only Scan using sbtest5_pkey on sbtest5  (cost=0.43..6.58 rows=107 width=4)
	  Index Cond: ((id >= 3954506) AND (id <= 3954606))

table 6 : explain SELECT id FROM sbtest6 WHERE id BETWEEN 3954506 AND 3954606
	Index Only Scan using sbtest6_pkey on sbtest6  (cost=0.43..6.51 rows=104 width=4)
	  Index Cond: ((id >= 3954506) AND (id <= 3954606))

table 7 : explain SELECT id FROM sbtest7 WHERE id BETWEEN 3954506 AND 3954606
	Index Only Scan using sbtest7_pkey on sbtest7  (cost=0.43..6.53 rows=105 width=4)
	  Index Cond: ((id >= 3954506) AND (id <= 3954606))

table 8 : explain SELECT id FROM sbtest8 WHERE id BETWEEN 3954506 AND 3954606
	Index Only Scan using sbtest8_pkey on sbtest8  (cost=0.43..6.50 rows=103 width=4)
	  Index Cond: ((id >= 3954506) AND (id <= 3954606))

for range-covered
table 1 : explain SELECT id FROM sbtest1 WHERE id BETWEEN 2418360 AND 2418460
	Index Only Scan using sbtest1_pkey on sbtest1  (cost=0.43..6.19 rows=88 width=4)
	  Index Cond: ((id >= 2418360) AND (id <= 2418460))

table 2 : explain SELECT id FROM sbtest2 WHERE id BETWEEN 2418360 AND 2418460
	Index Only Scan using sbtest2_pkey on sbtest2  (cost=0.43..6.35 rows=96 width=4)
	  Index Cond: ((id >= 2418360) AND (id <= 2418460))

table 3 : explain SELECT id FROM sbtest3 WHERE id BETWEEN 2418360 AND 2418460
	Index Only Scan using sbtest3_pkey on sbtest3  (cost=0.43..6.35 rows=96 width=4)
	  Index Cond: ((id >= 2418360) AND (id <= 2418460))

table 4 : explain SELECT id FROM sbtest4 WHERE id BETWEEN 2418360 AND 2418460
	Index Only Scan using sbtest4_pkey on sbtest4  (cost=0.43..6.17 rows=87 width=4)
	  Index Cond: ((id >= 2418360) AND (id <= 2418460))

table 5 : explain SELECT id FROM sbtest5 WHERE id BETWEEN 2418360 AND 2418460
	Index Only Scan using sbtest5_pkey on sbtest5  (cost=0.43..6.47 rows=102 width=4)
	  Index Cond: ((id >= 2418360) AND (id <= 2418460))

table 6 : explain SELECT id FROM sbtest6 WHERE id BETWEEN 2418360 AND 2418460
	Index Only Scan using sbtest6_pkey on sbtest6  (cost=0.43..6.69 rows=113 width=4)
	  Index Cond: ((id >= 2418360) AND (id <= 2418460))

table 7 : explain SELECT id FROM sbtest7 WHERE id BETWEEN 2418360 AND 2418460
	Index Only Scan using sbtest7_pkey on sbtest7  (cost=0.43..6.32 rows=94 width=4)
	  Index Cond: ((id >= 2418360) AND (id <= 2418460))

table 8 : explain SELECT id FROM sbtest8 WHERE id BETWEEN 2418360 AND 2418460
	Index Only Scan using sbtest8_pkey on sbtest8  (cost=0.43..6.51 rows=104 width=4)
	  Index Cond: ((id >= 2418360) AND (id <= 2418460))

for range-covered
table 1 : explain SELECT id FROM sbtest1 WHERE id BETWEEN 2889467 AND 2889567
	Index Only Scan using sbtest1_pkey on sbtest1  (cost=0.43..6.45 rows=101 width=4)
	  Index Cond: ((id >= 2889467) AND (id <= 2889567))

table 2 : explain SELECT id FROM sbtest2 WHERE id BETWEEN 2889467 AND 2889567
	Index Only Scan using sbtest2_pkey on sbtest2  (cost=0.43..6.53 rows=105 width=4)
	  Index Cond: ((id >= 2889467) AND (id <= 2889567))

table 3 : explain SELECT id FROM sbtest3 WHERE id BETWEEN 2889467 AND 2889567
	Index Only Scan using sbtest3_pkey on sbtest3  (cost=0.43..6.56 rows=106 width=4)
	  Index Cond: ((id >= 2889467) AND (id <= 2889567))

table 4 : explain SELECT id FROM sbtest4 WHERE id BETWEEN 2889467 AND 2889567
	Index Only Scan using sbtest4_pkey on sbtest4  (cost=0.43..6.69 rows=113 width=4)
	  Index Cond: ((id >= 2889467) AND (id <= 2889567))

table 5 : explain SELECT id FROM sbtest5 WHERE id BETWEEN 2889467 AND 2889567
	Index Only Scan using sbtest5_pkey on sbtest5  (cost=0.43..6.53 rows=105 width=4)
	  Index Cond: ((id >= 2889467) AND (id <= 2889567))

table 6 : explain SELECT id FROM sbtest6 WHERE id BETWEEN 2889467 AND 2889567
	Index Only Scan using sbtest6_pkey on sbtest6  (cost=0.43..6.67 rows=112 width=4)
	  Index Cond: ((id >= 2889467) AND (id <= 2889567))

table 7 : explain SELECT id FROM sbtest7 WHERE id BETWEEN 2889467 AND 2889567
	Index Only Scan using sbtest7_pkey on sbtest7  (cost=0.43..6.56 rows=106 width=4)
	  Index Cond: ((id >= 2889467) AND (id <= 2889567))

table 8 : explain SELECT id FROM sbtest8 WHERE id BETWEEN 2889467 AND 2889567
	Index Only Scan using sbtest8_pkey on sbtest8  (cost=0.43..6.37 rows=97 width=4)
	  Index Cond: ((id >= 2889467) AND (id <= 2889567))

for range-covered
table 1 : explain SELECT id FROM sbtest1 WHERE id BETWEEN 6073773 AND 6073873
	Index Only Scan using sbtest1_pkey on sbtest1  (cost=0.43..6.43 rows=100 width=4)
	  Index Cond: ((id >= 6073773) AND (id <= 6073873))

table 2 : explain SELECT id FROM sbtest2 WHERE id BETWEEN 6073773 AND 6073873
	Index Only Scan using sbtest2_pkey on sbtest2  (cost=0.43..6.35 rows=96 width=4)
	  Index Cond: ((id >= 6073773) AND (id <= 6073873))

table 3 : explain SELECT id FROM sbtest3 WHERE id BETWEEN 6073773 AND 6073873
	Index Only Scan using sbtest3_pkey on sbtest3  (cost=0.43..6.51 rows=104 width=4)
	  Index Cond: ((id >= 6073773) AND (id <= 6073873))

table 4 : explain SELECT id FROM sbtest4 WHERE id BETWEEN 6073773 AND 6073873
	Index Only Scan using sbtest4_pkey on sbtest4  (cost=0.43..6.42 rows=99 width=4)
	  Index Cond: ((id >= 6073773) AND (id <= 6073873))

table 5 : explain SELECT id FROM sbtest5 WHERE id BETWEEN 6073773 AND 6073873
	Index Only Scan using sbtest5_pkey on sbtest5  (cost=0.43..6.47 rows=102 width=4)
	  Index Cond: ((id >= 6073773) AND (id <= 6073873))

table 6 : explain SELECT id FROM sbtest6 WHERE id BETWEEN 6073773 AND 6073873
	Index Only Scan using sbtest6_pkey on sbtest6  (cost=0.43..6.50 rows=103 width=4)
	  Index Cond: ((id >= 6073773) AND (id <= 6073873))

table 7 : explain SELECT id FROM sbtest7 WHERE id BETWEEN 6073773 AND 6073873
	Index Only Scan using sbtest7_pkey on sbtest7  (cost=0.43..6.43 rows=100 width=4)
	  Index Cond: ((id >= 6073773) AND (id <= 6073873))

table 8 : explain SELECT id FROM sbtest8 WHERE id BETWEEN 6073773 AND 6073873
	Index Only Scan using sbtest8_pkey on sbtest8  (cost=0.43..6.45 rows=101 width=4)
	  Index Cond: ((id >= 6073773) AND (id <= 6073873))

explain: for range-covered :: explain SELECT id FROM sbtest%d WHERE id BETWEEN 2889467 AND 2889567
explain: for range-covered :: explain SELECT id FROM sbtest%d WHERE id BETWEEN 2418360 AND 2418460
explain: for range-covered :: explain SELECT id FROM sbtest%d WHERE id BETWEEN 6073773 AND 6073873
for range-covered
table 1 : explain SELECT id FROM sbtest1 WHERE id BETWEEN 2889467 AND 2889567
	Index Only Scan using sbtest1_pkey on sbtest1  (cost=0.43..6.45 rows=101 width=4)
	  Index Cond: ((id >= 2889467) AND (id <= 2889567))

table 2 : explain SELECT id FROM sbtest2 WHERE id BETWEEN 2889467 AND 2889567
	Index Only Scan using sbtest2_pkey on sbtest2  (cost=0.43..6.53 rows=105 width=4)
	  Index Cond: ((id >= 2889467) AND (id <= 2889567))

table 3 : explain SELECT id FROM sbtest3 WHERE id BETWEEN 2889467 AND 2889567
	Index Only Scan using sbtest3_pkey on sbtest3  (cost=0.43..6.56 rows=106 width=4)
	  Index Cond: ((id >= 2889467) AND (id <= 2889567))

table 4 : explain SELECT id FROM sbtest4 WHERE id BETWEEN 2889467 AND 2889567
	Index Only Scan using sbtest4_pkey on sbtest4  (cost=0.43..6.69 rows=113 width=4)
	  Index Cond: ((id >= 2889467) AND (id <= 2889567))

table 5 : explain SELECT id FROM sbtest5 WHERE id BETWEEN 2889467 AND 2889567
	Index Only Scan using sbtest5_pkey on sbtest5  (cost=0.43..6.53 rows=105 width=4)
	  Index Cond: ((id >= 2889467) AND (id <= 2889567))

table 6 : explain SELECT id FROM sbtest6 WHERE id BETWEEN 2889467 AND 2889567
	Index Only Scan using sbtest6_pkey on sbtest6  (cost=0.43..6.67 rows=112 width=4)
	  Index Cond: ((id >= 2889467) AND (id <= 2889567))

table 7 : explain SELECT id FROM sbtest7 WHERE id BETWEEN 2889467 AND 2889567
	Index Only Scan using sbtest7_pkey on sbtest7  (cost=0.43..6.56 rows=106 width=4)
	  Index Cond: ((id >= 2889467) AND (id <= 2889567))

table 8 : explain SELECT id FROM sbtest8 WHERE id BETWEEN 2889467 AND 2889567
	Index Only Scan using sbtest8_pkey on sbtest8  (cost=0.43..6.37 rows=97 width=4)
	  Index Cond: ((id >= 2889467) AND (id <= 2889567))

explain: for range-covered :: explain SELECT id FROM sbtest%d WHERE id BETWEEN 2889467 AND 2889567
for range-covered
table 1 : explain SELECT id FROM sbtest1 WHERE id BETWEEN 3524359 AND 3524459
	Index Only Scan using sbtest1_pkey on sbtest1  (cost=0.43..6.32 rows=94 width=4)
	  Index Cond: ((id >= 3524359) AND (id <= 3524459))

table 2 : explain SELECT id FROM sbtest2 WHERE id BETWEEN 3524359 AND 3524459
	Index Only Scan using sbtest2_pkey on sbtest2  (cost=0.43..6.35 rows=96 width=4)
	  Index Cond: ((id >= 3524359) AND (id <= 3524459))

table 3 : explain SELECT id FROM sbtest3 WHERE id BETWEEN 3524359 AND 3524459
	Index Only Scan using sbtest3_pkey on sbtest3  (cost=0.43..6.35 rows=96 width=4)
	  Index Cond: ((id >= 3524359) AND (id <= 3524459))

table 4 : explain SELECT id FROM sbtest4 WHERE id BETWEEN 3524359 AND 3524459
	Index Only Scan using sbtest4_pkey on sbtest4  (cost=0.43..6.32 rows=94 width=4)
	  Index Cond: ((id >= 3524359) AND (id <= 3524459))

table 5 : explain SELECT id FROM sbtest5 WHERE id BETWEEN 3524359 AND 3524459
	Index Only Scan using sbtest5_pkey on sbtest5  (cost=0.43..6.27 rows=92 width=4)
	  Index Cond: ((id >= 3524359) AND (id <= 3524459))

table 6 : explain SELECT id FROM sbtest6 WHERE id BETWEEN 3524359 AND 3524459
	Index Only Scan using sbtest6_pkey on sbtest6  (cost=0.43..6.74 rows=115 width=4)
	  Index Cond: ((id >= 3524359) AND (id <= 3524459))

table 7 : explain SELECT id FROM sbtest7 WHERE id BETWEEN 3524359 AND 3524459
	Index Only Scan using sbtest7_pkey on sbtest7  (cost=0.43..6.47 rows=102 width=4)
	  Index Cond: ((id >= 3524359) AND (id <= 3524459))

table 8 : explain SELECT id FROM sbtest8 WHERE id BETWEEN 3524359 AND 3524459
	Index Only Scan using sbtest8_pkey on sbtest8  (cost=0.43..6.69 rows=113 width=4)
	  Index Cond: ((id >= 3524359) AND (id <= 3524459))

for range-covered
table 1 : explain SELECT id FROM sbtest1 WHERE id BETWEEN 5968079 AND 5968179
	Index Only Scan using sbtest1_pkey on sbtest1  (cost=0.43..6.37 rows=97 width=4)
	  Index Cond: ((id >= 5968079) AND (id <= 5968179))

table 2 : explain SELECT id FROM sbtest2 WHERE id BETWEEN 5968079 AND 5968179
	Index Only Scan using sbtest2_pkey on sbtest2  (cost=0.43..6.35 rows=96 width=4)
	  Index Cond: ((id >= 5968079) AND (id <= 5968179))

table 3 : explain SELECT id FROM sbtest3 WHERE id BETWEEN 5968079 AND 5968179
	Index Only Scan using sbtest3_pkey on sbtest3  (cost=0.43..6.50 rows=103 width=4)
	  Index Cond: ((id >= 5968079) AND (id <= 5968179))

table 4 : explain SELECT id FROM sbtest4 WHERE id BETWEEN 5968079 AND 5968179
	Index Only Scan using sbtest4_pkey on sbtest4  (cost=0.43..6.63 rows=110 width=4)
	  Index Cond: ((id >= 5968079) AND (id <= 5968179))

table 5 : explain SELECT id FROM sbtest5 WHERE id BETWEEN 5968079 AND 5968179
	Index Only Scan using sbtest5_pkey on sbtest5  (cost=0.43..6.17 rows=87 width=4)
	  Index Cond: ((id >= 5968079) AND (id <= 5968179))

table 6 : explain SELECT id FROM sbtest6 WHERE id BETWEEN 5968079 AND 5968179
	Index Only Scan using sbtest6_pkey on sbtest6  (cost=0.43..6.69 rows=113 width=4)
	  Index Cond: ((id >= 5968079) AND (id <= 5968179))

table 7 : explain SELECT id FROM sbtest7 WHERE id BETWEEN 5968079 AND 5968179
	Index Only Scan using sbtest7_pkey on sbtest7  (cost=0.43..6.50 rows=103 width=4)
	  Index Cond: ((id >= 5968079) AND (id <= 5968179))

table 8 : explain SELECT id FROM sbtest8 WHERE id BETWEEN 5968079 AND 5968179
	Index Only Scan using sbtest8_pkey on sbtest8  (cost=0.43..6.47 rows=102 width=4)
	  Index Cond: ((id >= 5968079) AND (id <= 5968179))

for range-covered
table 1 : explain SELECT id FROM sbtest1 WHERE id BETWEEN 2889467 AND 2889567
	Index Only Scan using sbtest1_pkey on sbtest1  (cost=0.43..6.45 rows=101 width=4)
	  Index Cond: ((id >= 2889467) AND (id <= 2889567))

table 2 : explain SELECT id FROM sbtest2 WHERE id BETWEEN 2889467 AND 2889567
	Index Only Scan using sbtest2_pkey on sbtest2  (cost=0.43..6.53 rows=105 width=4)
	  Index Cond: ((id >= 2889467) AND (id <= 2889567))

table 3 : explain SELECT id FROM sbtest3 WHERE id BETWEEN 2889467 AND 2889567
	Index Only Scan using sbtest3_pkey on sbtest3  (cost=0.43..6.56 rows=106 width=4)
	  Index Cond: ((id >= 2889467) AND (id <= 2889567))

table 4 : explain SELECT id FROM sbtest4 WHERE id BETWEEN 2889467 AND 2889567
	Index Only Scan using sbtest4_pkey on sbtest4  (cost=0.43..6.69 rows=113 width=4)
	  Index Cond: ((id >= 2889467) AND (id <= 2889567))

table 5 : explain SELECT id FROM sbtest5 WHERE id BETWEEN 2889467 AND 2889567
	Index Only Scan using sbtest5_pkey on sbtest5  (cost=0.43..6.53 rows=105 width=4)
	  Index Cond: ((id >= 2889467) AND (id <= 2889567))

table 6 : explain SELECT id FROM sbtest6 WHERE id BETWEEN 2889467 AND 2889567
	Index Only Scan using sbtest6_pkey on sbtest6  (cost=0.43..6.67 rows=112 width=4)
	  Index Cond: ((id >= 2889467) AND (id <= 2889567))

table 7 : explain SELECT id FROM sbtest7 WHERE id BETWEEN 2889467 AND 2889567
	Index Only Scan using sbtest7_pkey on sbtest7  (cost=0.43..6.56 rows=106 width=4)
	  Index Cond: ((id >= 2889467) AND (id <= 2889567))

table 8 : explain SELECT id FROM sbtest8 WHERE id BETWEEN 2889467 AND 2889567
	Index Only Scan using sbtest8_pkey on sbtest8  (cost=0.43..6.37 rows=97 width=4)
	  Index Cond: ((id >= 2889467) AND (id <= 2889567))

explain: for range-covered :: explain SELECT id FROM sbtest%d WHERE id BETWEEN 5968079 AND 5968179
explain: for range-covered :: explain SELECT id FROM sbtest%d WHERE id BETWEEN 2889467 AND 2889567
explain: for range-covered :: explain SELECT id FROM sbtest%d WHERE id BETWEEN 5526257 AND 5526357
for range-covered
table 1 : explain SELECT id FROM sbtest1 WHERE id BETWEEN 2889467 AND 2889567
	Index Only Scan using sbtest1_pkey on sbtest1  (cost=0.43..6.45 rows=101 width=4)
	  Index Cond: ((id >= 2889467) AND (id <= 2889567))

table 2 : explain SELECT id FROM sbtest2 WHERE id BETWEEN 2889467 AND 2889567
	Index Only Scan using sbtest2_pkey on sbtest2  (cost=0.43..6.53 rows=105 width=4)
	  Index Cond: ((id >= 2889467) AND (id <= 2889567))

table 3 : explain SELECT id FROM sbtest3 WHERE id BETWEEN 2889467 AND 2889567
	Index Only Scan using sbtest3_pkey on sbtest3  (cost=0.43..6.56 rows=106 width=4)
	  Index Cond: ((id >= 2889467) AND (id <= 2889567))

table 4 : explain SELECT id FROM sbtest4 WHERE id BETWEEN 2889467 AND 2889567
	Index Only Scan using sbtest4_pkey on sbtest4  (cost=0.43..6.69 rows=113 width=4)
	  Index Cond: ((id >= 2889467) AND (id <= 2889567))

table 5 : explain SELECT id FROM sbtest5 WHERE id BETWEEN 2889467 AND 2889567
	Index Only Scan using sbtest5_pkey on sbtest5  (cost=0.43..6.53 rows=105 width=4)
	  Index Cond: ((id >= 2889467) AND (id <= 2889567))

table 6 : explain SELECT id FROM sbtest6 WHERE id BETWEEN 2889467 AND 2889567
	Index Only Scan using sbtest6_pkey on sbtest6  (cost=0.43..6.67 rows=112 width=4)
	  Index Cond: ((id >= 2889467) AND (id <= 2889567))

table 7 : explain SELECT id FROM sbtest7 WHERE id BETWEEN 2889467 AND 2889567
	Index Only Scan using sbtest7_pkey on sbtest7  (cost=0.43..6.56 rows=106 width=4)
	  Index Cond: ((id >= 2889467) AND (id <= 2889567))

table 8 : explain SELECT id FROM sbtest8 WHERE id BETWEEN 2889467 AND 2889567
	Index Only Scan using sbtest8_pkey on sbtest8  (cost=0.43..6.37 rows=97 width=4)
	  Index Cond: ((id >= 2889467) AND (id <= 2889567))

for range-covered
table 1 : explain SELECT id FROM sbtest1 WHERE id BETWEEN 5968079 AND 5968179
	Index Only Scan using sbtest1_pkey on sbtest1  (cost=0.43..6.37 rows=97 width=4)
	  Index Cond: ((id >= 5968079) AND (id <= 5968179))

table 2 : explain SELECT id FROM sbtest2 WHERE id BETWEEN 5968079 AND 5968179
	Index Only Scan using sbtest2_pkey on sbtest2  (cost=0.43..6.35 rows=96 width=4)
	  Index Cond: ((id >= 5968079) AND (id <= 5968179))

table 3 : explain SELECT id FROM sbtest3 WHERE id BETWEEN 5968079 AND 5968179
	Index Only Scan using sbtest3_pkey on sbtest3  (cost=0.43..6.50 rows=103 width=4)
	  Index Cond: ((id >= 5968079) AND (id <= 5968179))

table 4 : explain SELECT id FROM sbtest4 WHERE id BETWEEN 5968079 AND 5968179
	Index Only Scan using sbtest4_pkey on sbtest4  (cost=0.43..6.63 rows=110 width=4)
	  Index Cond: ((id >= 5968079) AND (id <= 5968179))

table 5 : explain SELECT id FROM sbtest5 WHERE id BETWEEN 5968079 AND 5968179
	Index Only Scan using sbtest5_pkey on sbtest5  (cost=0.43..6.17 rows=87 width=4)
	  Index Cond: ((id >= 5968079) AND (id <= 5968179))

table 6 : explain SELECT id FROM sbtest6 WHERE id BETWEEN 5968079 AND 5968179
	Index Only Scan using sbtest6_pkey on sbtest6  (cost=0.43..6.69 rows=113 width=4)
	  Index Cond: ((id >= 5968079) AND (id <= 5968179))

table 7 : explain SELECT id FROM sbtest7 WHERE id BETWEEN 5968079 AND 5968179
	Index Only Scan using sbtest7_pkey on sbtest7  (cost=0.43..6.50 rows=103 width=4)
	  Index Cond: ((id >= 5968079) AND (id <= 5968179))

table 8 : explain SELECT id FROM sbtest8 WHERE id BETWEEN 5968079 AND 5968179
	Index Only Scan using sbtest8_pkey on sbtest8  (cost=0.43..6.47 rows=102 width=4)
	  Index Cond: ((id >= 5968079) AND (id <= 5968179))

explain: for range-covered :: explain SELECT id FROM sbtest%d WHERE id BETWEEN 2889467 AND 2889567
explain: for range-covered :: explain SELECT id FROM sbtest%d WHERE id BETWEEN 5968079 AND 5968179
for range-covered
table 1 : explain SELECT id FROM sbtest1 WHERE id BETWEEN 6114280 AND 6114380
	Index Only Scan using sbtest1_pkey on sbtest1  (cost=0.43..6.45 rows=101 width=4)
	  Index Cond: ((id >= 6114280) AND (id <= 6114380))

table 2 : explain SELECT id FROM sbtest2 WHERE id BETWEEN 6114280 AND 6114380
	Index Only Scan using sbtest2_pkey on sbtest2  (cost=0.43..6.35 rows=96 width=4)
	  Index Cond: ((id >= 6114280) AND (id <= 6114380))

table 3 : explain SELECT id FROM sbtest3 WHERE id BETWEEN 6114280 AND 6114380
	Index Only Scan using sbtest3_pkey on sbtest3  (cost=0.43..6.72 rows=114 width=4)
	  Index Cond: ((id >= 6114280) AND (id <= 6114380))

table 4 : explain SELECT id FROM sbtest4 WHERE id BETWEEN 6114280 AND 6114380
	Index Only Scan using sbtest4_pkey on sbtest4  (cost=0.43..6.40 rows=98 width=4)
	  Index Cond: ((id >= 6114280) AND (id <= 6114380))

table 5 : explain SELECT id FROM sbtest5 WHERE id BETWEEN 6114280 AND 6114380
	Index Only Scan using sbtest5_pkey on sbtest5  (cost=0.43..6.56 rows=106 width=4)
	  Index Cond: ((id >= 6114280) AND (id <= 6114380))

table 6 : explain SELECT id FROM sbtest6 WHERE id BETWEEN 6114280 AND 6114380
	Index Only Scan using sbtest6_pkey on sbtest6  (cost=0.43..6.50 rows=103 width=4)
	  Index Cond: ((id >= 6114280) AND (id <= 6114380))

table 7 : explain SELECT id FROM sbtest7 WHERE id BETWEEN 6114280 AND 6114380
	Index Only Scan using sbtest7_pkey on sbtest7  (cost=0.43..6.42 rows=99 width=4)
	  Index Cond: ((id >= 6114280) AND (id <= 6114380))

table 8 : explain SELECT id FROM sbtest8 WHERE id BETWEEN 6114280 AND 6114380
	Index Only Scan using sbtest8_pkey on sbtest8  (cost=0.43..6.51 rows=104 width=4)
	  Index Cond: ((id >= 6114280) AND (id <= 6114380))

for range-covered
table 1 : explain SELECT id FROM sbtest1 WHERE id BETWEEN 2889467 AND 2889567
	Index Only Scan using sbtest1_pkey on sbtest1  (cost=0.43..6.45 rows=101 width=4)
	  Index Cond: ((id >= 2889467) AND (id <= 2889567))

table 2 : explain SELECT id FROM sbtest2 WHERE id BETWEEN 2889467 AND 2889567
	Index Only Scan using sbtest2_pkey on sbtest2  (cost=0.43..6.53 rows=105 width=4)
	  Index Cond: ((id >= 2889467) AND (id <= 2889567))

table 3 : explain SELECT id FROM sbtest3 WHERE id BETWEEN 2889467 AND 2889567
	Index Only Scan using sbtest3_pkey on sbtest3  (cost=0.43..6.56 rows=106 width=4)
	  Index Cond: ((id >= 2889467) AND (id <= 2889567))

table 4 : explain SELECT id FROM sbtest4 WHERE id BETWEEN 2889467 AND 2889567
	Index Only Scan using sbtest4_pkey on sbtest4  (cost=0.43..6.69 rows=113 width=4)
	  Index Cond: ((id >= 2889467) AND (id <= 2889567))

table 5 : explain SELECT id FROM sbtest5 WHERE id BETWEEN 2889467 AND 2889567
	Index Only Scan using sbtest5_pkey on sbtest5  (cost=0.43..6.53 rows=105 width=4)
	  Index Cond: ((id >= 2889467) AND (id <= 2889567))

table 6 : explain SELECT id FROM sbtest6 WHERE id BETWEEN 2889467 AND 2889567
	Index Only Scan using sbtest6_pkey on sbtest6  (cost=0.43..6.67 rows=112 width=4)
	  Index Cond: ((id >= 2889467) AND (id <= 2889567))

table 7 : explain SELECT id FROM sbtest7 WHERE id BETWEEN 2889467 AND 2889567
	Index Only Scan using sbtest7_pkey on sbtest7  (cost=0.43..6.56 rows=106 width=4)
	  Index Cond: ((id >= 2889467) AND (id <= 2889567))

table 8 : explain SELECT id FROM sbtest8 WHERE id BETWEEN 2889467 AND 2889567
	Index Only Scan using sbtest8_pkey on sbtest8  (cost=0.43..6.37 rows=97 width=4)
	  Index Cond: ((id >= 2889467) AND (id <= 2889567))

explain: for range-covered :: explain SELECT id FROM sbtest%d WHERE id BETWEEN 6114280 AND 6114380
for range-covered
table 1 : explain SELECT id FROM sbtest1 WHERE id BETWEEN 5968079 AND 5968179
	Index Only Scan using sbtest1_pkey on sbtest1  (cost=0.43..6.37 rows=97 width=4)
	  Index Cond: ((id >= 5968079) AND (id <= 5968179))

table 2 : explain SELECT id FROM sbtest2 WHERE id BETWEEN 5968079 AND 5968179
	Index Only Scan using sbtest2_pkey on sbtest2  (cost=0.43..6.35 rows=96 width=4)
	  Index Cond: ((id >= 5968079) AND (id <= 5968179))

table 3 : explain SELECT id FROM sbtest3 WHERE id BETWEEN 5968079 AND 5968179
	Index Only Scan using sbtest3_pkey on sbtest3  (cost=0.43..6.50 rows=103 width=4)
	  Index Cond: ((id >= 5968079) AND (id <= 5968179))

table 4 : explain SELECT id FROM sbtest4 WHERE id BETWEEN 5968079 AND 5968179
	Index Only Scan using sbtest4_pkey on sbtest4  (cost=0.43..6.63 rows=110 width=4)
	  Index Cond: ((id >= 5968079) AND (id <= 5968179))

table 5 : explain SELECT id FROM sbtest5 WHERE id BETWEEN 5968079 AND 5968179
	Index Only Scan using sbtest5_pkey on sbtest5  (cost=0.43..6.17 rows=87 width=4)
	  Index Cond: ((id >= 5968079) AND (id <= 5968179))

table 6 : explain SELECT id FROM sbtest6 WHERE id BETWEEN 5968079 AND 5968179
	Index Only Scan using sbtest6_pkey on sbtest6  (cost=0.43..6.69 rows=113 width=4)
	  Index Cond: ((id >= 5968079) AND (id <= 5968179))

table 7 : explain SELECT id FROM sbtest7 WHERE id BETWEEN 5968079 AND 5968179
	Index Only Scan using sbtest7_pkey on sbtest7  (cost=0.43..6.50 rows=103 width=4)
	  Index Cond: ((id >= 5968079) AND (id <= 5968179))

table 8 : explain SELECT id FROM sbtest8 WHERE id BETWEEN 5968079 AND 5968179
	Index Only Scan using sbtest8_pkey on sbtest8  (cost=0.43..6.47 rows=102 width=4)
	  Index Cond: ((id >= 5968079) AND (id <= 5968179))

explain: for range-covered :: explain SELECT id FROM sbtest%d WHERE id BETWEEN 2889467 AND 2889567
explain: for range-covered :: explain SELECT id FROM sbtest%d WHERE id BETWEEN 5968079 AND 5968179
explain: for range-covered :: explain SELECT id FROM sbtest%d WHERE id BETWEEN 1814896 AND 1814996
for range-covered
table 1 : explain SELECT id FROM sbtest1 WHERE id BETWEEN 2418360 AND 2418460
	Index Only Scan using sbtest1_pkey on sbtest1  (cost=0.43..6.19 rows=88 width=4)
	  Index Cond: ((id >= 2418360) AND (id <= 2418460))

table 2 : explain SELECT id FROM sbtest2 WHERE id BETWEEN 2418360 AND 2418460
	Index Only Scan using sbtest2_pkey on sbtest2  (cost=0.43..6.35 rows=96 width=4)
	  Index Cond: ((id >= 2418360) AND (id <= 2418460))

table 3 : explain SELECT id FROM sbtest3 WHERE id BETWEEN 2418360 AND 2418460
	Index Only Scan using sbtest3_pkey on sbtest3  (cost=0.43..6.35 rows=96 width=4)
	  Index Cond: ((id >= 2418360) AND (id <= 2418460))

table 4 : explain SELECT id FROM sbtest4 WHERE id BETWEEN 2418360 AND 2418460
	Index Only Scan using sbtest4_pkey on sbtest4  (cost=0.43..6.17 rows=87 width=4)
	  Index Cond: ((id >= 2418360) AND (id <= 2418460))

table 5 : explain SELECT id FROM sbtest5 WHERE id BETWEEN 2418360 AND 2418460
	Index Only Scan using sbtest5_pkey on sbtest5  (cost=0.43..6.47 rows=102 width=4)
	  Index Cond: ((id >= 2418360) AND (id <= 2418460))

table 6 : explain SELECT id FROM sbtest6 WHERE id BETWEEN 2418360 AND 2418460
	Index Only Scan using sbtest6_pkey on sbtest6  (cost=0.43..6.69 rows=113 width=4)
	  Index Cond: ((id >= 2418360) AND (id <= 2418460))

table 7 : explain SELECT id FROM sbtest7 WHERE id BETWEEN 2418360 AND 2418460
	Index Only Scan using sbtest7_pkey on sbtest7  (cost=0.43..6.32 rows=94 width=4)
	  Index Cond: ((id >= 2418360) AND (id <= 2418460))

table 8 : explain SELECT id FROM sbtest8 WHERE id BETWEEN 2418360 AND 2418460
	Index Only Scan using sbtest8_pkey on sbtest8  (cost=0.43..6.51 rows=104 width=4)
	  Index Cond: ((id >= 2418360) AND (id <= 2418460))

for range-covered
table 1 : explain SELECT id FROM sbtest1 WHERE id BETWEEN 6073773 AND 6073873
	Index Only Scan using sbtest1_pkey on sbtest1  (cost=0.43..6.43 rows=100 width=4)
	  Index Cond: ((id >= 6073773) AND (id <= 6073873))

table 2 : explain SELECT id FROM sbtest2 WHERE id BETWEEN 6073773 AND 6073873
	Index Only Scan using sbtest2_pkey on sbtest2  (cost=0.43..6.35 rows=96 width=4)
	  Index Cond: ((id >= 6073773) AND (id <= 6073873))

table 3 : explain SELECT id FROM sbtest3 WHERE id BETWEEN 6073773 AND 6073873
	Index Only Scan using sbtest3_pkey on sbtest3  (cost=0.43..6.51 rows=104 width=4)
	  Index Cond: ((id >= 6073773) AND (id <= 6073873))

table 4 : explain SELECT id FROM sbtest4 WHERE id BETWEEN 6073773 AND 6073873
	Index Only Scan using sbtest4_pkey on sbtest4  (cost=0.43..6.42 rows=99 width=4)
	  Index Cond: ((id >= 6073773) AND (id <= 6073873))

table 5 : explain SELECT id FROM sbtest5 WHERE id BETWEEN 6073773 AND 6073873
	Index Only Scan using sbtest5_pkey on sbtest5  (cost=0.43..6.47 rows=102 width=4)
	  Index Cond: ((id >= 6073773) AND (id <= 6073873))

table 6 : explain SELECT id FROM sbtest6 WHERE id BETWEEN 6073773 AND 6073873
	Index Only Scan using sbtest6_pkey on sbtest6  (cost=0.43..6.50 rows=103 width=4)
	  Index Cond: ((id >= 6073773) AND (id <= 6073873))

table 7 : explain SELECT id FROM sbtest7 WHERE id BETWEEN 6073773 AND 6073873
	Index Only Scan using sbtest7_pkey on sbtest7  (cost=0.43..6.43 rows=100 width=4)
	  Index Cond: ((id >= 6073773) AND (id <= 6073873))

table 8 : explain SELECT id FROM sbtest8 WHERE id BETWEEN 6073773 AND 6073873
	Index Only Scan using sbtest8_pkey on sbtest8  (cost=0.43..6.45 rows=101 width=4)
	  Index Cond: ((id >= 6073773) AND (id <= 6073873))

explain: for range-covered :: explain SELECT id FROM sbtest%d WHERE id BETWEEN 1567291 AND 1567391
for range-covered
table 1 : explain SELECT id FROM sbtest1 WHERE id BETWEEN 5968079 AND 5968179
	Index Only Scan using sbtest1_pkey on sbtest1  (cost=0.43..6.37 rows=97 width=4)
	  Index Cond: ((id >= 5968079) AND (id <= 5968179))

table 2 : explain SELECT id FROM sbtest2 WHERE id BETWEEN 5968079 AND 5968179
	Index Only Scan using sbtest2_pkey on sbtest2  (cost=0.43..6.35 rows=96 width=4)
	  Index Cond: ((id >= 5968079) AND (id <= 5968179))

table 3 : explain SELECT id FROM sbtest3 WHERE id BETWEEN 5968079 AND 5968179
	Index Only Scan using sbtest3_pkey on sbtest3  (cost=0.43..6.50 rows=103 width=4)
	  Index Cond: ((id >= 5968079) AND (id <= 5968179))

table 4 : explain SELECT id FROM sbtest4 WHERE id BETWEEN 5968079 AND 5968179
	Index Only Scan using sbtest4_pkey on sbtest4  (cost=0.43..6.63 rows=110 width=4)
	  Index Cond: ((id >= 5968079) AND (id <= 5968179))

table 5 : explain SELECT id FROM sbtest5 WHERE id BETWEEN 5968079 AND 5968179
	Index Only Scan using sbtest5_pkey on sbtest5  (cost=0.43..6.17 rows=87 width=4)
	  Index Cond: ((id >= 5968079) AND (id <= 5968179))

table 6 : explain SELECT id FROM sbtest6 WHERE id BETWEEN 5968079 AND 5968179
	Index Only Scan using sbtest6_pkey on sbtest6  (cost=0.43..6.69 rows=113 width=4)
	  Index Cond: ((id >= 5968079) AND (id <= 5968179))

table 7 : explain SELECT id FROM sbtest7 WHERE id BETWEEN 5968079 AND 5968179
	Index Only Scan using sbtest7_pkey on sbtest7  (cost=0.43..6.50 rows=103 width=4)
	  Index Cond: ((id >= 5968079) AND (id <= 5968179))

table 8 : explain SELECT id FROM sbtest8 WHERE id BETWEEN 5968079 AND 5968179
	Index Only Scan using sbtest8_pkey on sbtest8  (cost=0.43..6.47 rows=102 width=4)
	  Index Cond: ((id >= 5968079) AND (id <= 5968179))

for range-covered
table 1 : explain SELECT id FROM sbtest1 WHERE id BETWEEN 2889467 AND 2889567
	Index Only Scan using sbtest1_pkey on sbtest1  (cost=0.43..6.45 rows=101 width=4)
	  Index Cond: ((id >= 2889467) AND (id <= 2889567))

table 2 : explain SELECT id FROM sbtest2 WHERE id BETWEEN 2889467 AND 2889567
	Index Only Scan using sbtest2_pkey on sbtest2  (cost=0.43..6.53 rows=105 width=4)
	  Index Cond: ((id >= 2889467) AND (id <= 2889567))

table 3 : explain SELECT id FROM sbtest3 WHERE id BETWEEN 2889467 AND 2889567
	Index Only Scan using sbtest3_pkey on sbtest3  (cost=0.43..6.56 rows=106 width=4)
	  Index Cond: ((id >= 2889467) AND (id <= 2889567))

table 4 : explain SELECT id FROM sbtest4 WHERE id BETWEEN 2889467 AND 2889567
	Index Only Scan using sbtest4_pkey on sbtest4  (cost=0.43..6.69 rows=113 width=4)
	  Index Cond: ((id >= 2889467) AND (id <= 2889567))

table 5 : explain SELECT id FROM sbtest5 WHERE id BETWEEN 2889467 AND 2889567
	Index Only Scan using sbtest5_pkey on sbtest5  (cost=0.43..6.53 rows=105 width=4)
	  Index Cond: ((id >= 2889467) AND (id <= 2889567))

table 6 : explain SELECT id FROM sbtest6 WHERE id BETWEEN 2889467 AND 2889567
	Index Only Scan using sbtest6_pkey on sbtest6  (cost=0.43..6.67 rows=112 width=4)
	  Index Cond: ((id >= 2889467) AND (id <= 2889567))

table 7 : explain SELECT id FROM sbtest7 WHERE id BETWEEN 2889467 AND 2889567
	Index Only Scan using sbtest7_pkey on sbtest7  (cost=0.43..6.56 rows=106 width=4)
	  Index Cond: ((id >= 2889467) AND (id <= 2889567))

table 8 : explain SELECT id FROM sbtest8 WHERE id BETWEEN 2889467 AND 2889567
	Index Only Scan using sbtest8_pkey on sbtest8  (cost=0.43..6.37 rows=97 width=4)
	  Index Cond: ((id >= 2889467) AND (id <= 2889567))

explain: for range-covered :: explain SELECT id FROM sbtest%d WHERE id BETWEEN 5968079 AND 5968179
explain: for range-covered :: explain SELECT id FROM sbtest%d WHERE id BETWEEN 6073773 AND 6073873
explain: for range-covered :: explain SELECT id FROM sbtest%d WHERE id BETWEEN 3228082 AND 3228182
for range-covered
table 1 : explain SELECT id FROM sbtest1 WHERE id BETWEEN 5526257 AND 5526357
	Index Only Scan using sbtest1_pkey on sbtest1  (cost=0.43..6.69 rows=113 width=4)
	  Index Cond: ((id >= 5526257) AND (id <= 5526357))

table 2 : explain SELECT id FROM sbtest2 WHERE id BETWEEN 5526257 AND 5526357
	Index Only Scan using sbtest2_pkey on sbtest2  (cost=0.43..6.63 rows=110 width=4)
	  Index Cond: ((id >= 5526257) AND (id <= 5526357))

table 3 : explain SELECT id FROM sbtest3 WHERE id BETWEEN 5526257 AND 5526357
	Index Only Scan using sbtest3_pkey on sbtest3  (cost=0.43..6.29 rows=93 width=4)
	  Index Cond: ((id >= 5526257) AND (id <= 5526357))

table 4 : explain SELECT id FROM sbtest4 WHERE id BETWEEN 5526257 AND 5526357
	Index Only Scan using sbtest4_pkey on sbtest4  (cost=0.43..6.45 rows=101 width=4)
	  Index Cond: ((id >= 5526257) AND (id <= 5526357))

table 5 : explain SELECT id FROM sbtest5 WHERE id BETWEEN 5526257 AND 5526357
	Index Only Scan using sbtest5_pkey on sbtest5  (cost=0.43..6.24 rows=90 width=4)
	  Index Cond: ((id >= 5526257) AND (id <= 5526357))

table 6 : explain SELECT id FROM sbtest6 WHERE id BETWEEN 5526257 AND 5526357
	Index Only Scan using sbtest6_pkey on sbtest6  (cost=0.43..6.37 rows=97 width=4)
	  Index Cond: ((id >= 5526257) AND (id <= 5526357))

table 7 : explain SELECT id FROM sbtest7 WHERE id BETWEEN 5526257 AND 5526357
	Index Only Scan using sbtest7_pkey on sbtest7  (cost=0.43..6.61 rows=109 width=4)
	  Index Cond: ((id >= 5526257) AND (id <= 5526357))

table 8 : explain SELECT id FROM sbtest8 WHERE id BETWEEN 5526257 AND 5526357
	Index Only Scan using sbtest8_pkey on sbtest8  (cost=0.43..6.56 rows=106 width=4)
	  Index Cond: ((id >= 5526257) AND (id <= 5526357))

for range-covered
table 1 : explain SELECT id FROM sbtest1 WHERE id BETWEEN 5968079 AND 5968179
	Index Only Scan using sbtest1_pkey on sbtest1  (cost=0.43..6.37 rows=97 width=4)
	  Index Cond: ((id >= 5968079) AND (id <= 5968179))

table 2 : explain SELECT id FROM sbtest2 WHERE id BETWEEN 5968079 AND 5968179
	Index Only Scan using sbtest2_pkey on sbtest2  (cost=0.43..6.35 rows=96 width=4)
	  Index Cond: ((id >= 5968079) AND (id <= 5968179))

table 3 : explain SELECT id FROM sbtest3 WHERE id BETWEEN 5968079 AND 5968179
	Index Only Scan using sbtest3_pkey on sbtest3  (cost=0.43..6.50 rows=103 width=4)
	  Index Cond: ((id >= 5968079) AND (id <= 5968179))

table 4 : explain SELECT id FROM sbtest4 WHERE id BETWEEN 5968079 AND 5968179
	Index Only Scan using sbtest4_pkey on sbtest4  (cost=0.43..6.63 rows=110 width=4)
	  Index Cond: ((id >= 5968079) AND (id <= 5968179))

table 5 : explain SELECT id FROM sbtest5 WHERE id BETWEEN 5968079 AND 5968179
	Index Only Scan using sbtest5_pkey on sbtest5  (cost=0.43..6.17 rows=87 width=4)
	  Index Cond: ((id >= 5968079) AND (id <= 5968179))

table 6 : explain SELECT id FROM sbtest6 WHERE id BETWEEN 5968079 AND 5968179
	Index Only Scan using sbtest6_pkey on sbtest6  (cost=0.43..6.69 rows=113 width=4)
	  Index Cond: ((id >= 5968079) AND (id <= 5968179))

table 7 : explain SELECT id FROM sbtest7 WHERE id BETWEEN 5968079 AND 5968179
	Index Only Scan using sbtest7_pkey on sbtest7  (cost=0.43..6.50 rows=103 width=4)
	  Index Cond: ((id >= 5968079) AND (id <= 5968179))

table 8 : explain SELECT id FROM sbtest8 WHERE id BETWEEN 5968079 AND 5968179
	Index Only Scan using sbtest8_pkey on sbtest8  (cost=0.43..6.47 rows=102 width=4)
	  Index Cond: ((id >= 5968079) AND (id <= 5968179))

explain: for range-covered :: explain SELECT id FROM sbtest%d WHERE id BETWEEN 5526257 AND 5526357
explain: for range-covered :: explain SELECT id FROM sbtest%d WHERE id BETWEEN 5968079 AND 5968179
for range-covered
table 1 : explain SELECT id FROM sbtest1 WHERE id BETWEEN 6073773 AND 6073873
	Index Only Scan using sbtest1_pkey on sbtest1  (cost=0.43..6.43 rows=100 width=4)
	  Index Cond: ((id >= 6073773) AND (id <= 6073873))

table 2 : explain SELECT id FROM sbtest2 WHERE id BETWEEN 6073773 AND 6073873
	Index Only Scan using sbtest2_pkey on sbtest2  (cost=0.43..6.35 rows=96 width=4)
	  Index Cond: ((id >= 6073773) AND (id <= 6073873))

table 3 : explain SELECT id FROM sbtest3 WHERE id BETWEEN 6073773 AND 6073873
	Index Only Scan using sbtest3_pkey on sbtest3  (cost=0.43..6.51 rows=104 width=4)
	  Index Cond: ((id >= 6073773) AND (id <= 6073873))

table 4 : explain SELECT id FROM sbtest4 WHERE id BETWEEN 6073773 AND 6073873
	Index Only Scan using sbtest4_pkey on sbtest4  (cost=0.43..6.42 rows=99 width=4)
	  Index Cond: ((id >= 6073773) AND (id <= 6073873))

table 5 : explain SELECT id FROM sbtest5 WHERE id BETWEEN 6073773 AND 6073873
	Index Only Scan using sbtest5_pkey on sbtest5  (cost=0.43..6.47 rows=102 width=4)
	  Index Cond: ((id >= 6073773) AND (id <= 6073873))

table 6 : explain SELECT id FROM sbtest6 WHERE id BETWEEN 6073773 AND 6073873
	Index Only Scan using sbtest6_pkey on sbtest6  (cost=0.43..6.50 rows=103 width=4)
	  Index Cond: ((id >= 6073773) AND (id <= 6073873))

table 7 : explain SELECT id FROM sbtest7 WHERE id BETWEEN 6073773 AND 6073873
	Index Only Scan using sbtest7_pkey on sbtest7  (cost=0.43..6.43 rows=100 width=4)
	  Index Cond: ((id >= 6073773) AND (id <= 6073873))

table 8 : explain SELECT id FROM sbtest8 WHERE id BETWEEN 6073773 AND 6073873
	Index Only Scan using sbtest8_pkey on sbtest8  (cost=0.43..6.45 rows=101 width=4)
	  Index Cond: ((id >= 6073773) AND (id <= 6073873))

for range-covered
table 1 : explain SELECT id FROM sbtest1 WHERE id BETWEEN 6114280 AND 6114380
	Index Only Scan using sbtest1_pkey on sbtest1  (cost=0.43..6.45 rows=101 width=4)
	  Index Cond: ((id >= 6114280) AND (id <= 6114380))

table 2 : explain SELECT id FROM sbtest2 WHERE id BETWEEN 6114280 AND 6114380
	Index Only Scan using sbtest2_pkey on sbtest2  (cost=0.43..6.35 rows=96 width=4)
	  Index Cond: ((id >= 6114280) AND (id <= 6114380))

table 3 : explain SELECT id FROM sbtest3 WHERE id BETWEEN 6114280 AND 6114380
	Index Only Scan using sbtest3_pkey on sbtest3  (cost=0.43..6.72 rows=114 width=4)
	  Index Cond: ((id >= 6114280) AND (id <= 6114380))

table 4 : explain SELECT id FROM sbtest4 WHERE id BETWEEN 6114280 AND 6114380
	Index Only Scan using sbtest4_pkey on sbtest4  (cost=0.43..6.40 rows=98 width=4)
	  Index Cond: ((id >= 6114280) AND (id <= 6114380))

table 5 : explain SELECT id FROM sbtest5 WHERE id BETWEEN 6114280 AND 6114380
	Index Only Scan using sbtest5_pkey on sbtest5  (cost=0.43..6.56 rows=106 width=4)
	  Index Cond: ((id >= 6114280) AND (id <= 6114380))

table 6 : explain SELECT id FROM sbtest6 WHERE id BETWEEN 6114280 AND 6114380
	Index Only Scan using sbtest6_pkey on sbtest6  (cost=0.43..6.50 rows=103 width=4)
	  Index Cond: ((id >= 6114280) AND (id <= 6114380))

table 7 : explain SELECT id FROM sbtest7 WHERE id BETWEEN 6114280 AND 6114380
	Index Only Scan using sbtest7_pkey on sbtest7  (cost=0.43..6.42 rows=99 width=4)
	  Index Cond: ((id >= 6114280) AND (id <= 6114380))

table 8 : explain SELECT id FROM sbtest8 WHERE id BETWEEN 6114280 AND 6114380
	Index Only Scan using sbtest8_pkey on sbtest8  (cost=0.43..6.51 rows=104 width=4)
	  Index Cond: ((id >= 6114280) AND (id <= 6114380))

for range-covered
table 1 : explain SELECT id FROM sbtest1 WHERE id BETWEEN 5526257 AND 5526357
	Index Only Scan using sbtest1_pkey on sbtest1  (cost=0.43..6.69 rows=113 width=4)
	  Index Cond: ((id >= 5526257) AND (id <= 5526357))

table 2 : explain SELECT id FROM sbtest2 WHERE id BETWEEN 5526257 AND 5526357
	Index Only Scan using sbtest2_pkey on sbtest2  (cost=0.43..6.63 rows=110 width=4)
	  Index Cond: ((id >= 5526257) AND (id <= 5526357))

table 3 : explain SELECT id FROM sbtest3 WHERE id BETWEEN 5526257 AND 5526357
	Index Only Scan using sbtest3_pkey on sbtest3  (cost=0.43..6.29 rows=93 width=4)
	  Index Cond: ((id >= 5526257) AND (id <= 5526357))

table 4 : explain SELECT id FROM sbtest4 WHERE id BETWEEN 5526257 AND 5526357
	Index Only Scan using sbtest4_pkey on sbtest4  (cost=0.43..6.45 rows=101 width=4)
	  Index Cond: ((id >= 5526257) AND (id <= 5526357))

table 5 : explain SELECT id FROM sbtest5 WHERE id BETWEEN 5526257 AND 5526357
	Index Only Scan using sbtest5_pkey on sbtest5  (cost=0.43..6.24 rows=90 width=4)
	  Index Cond: ((id >= 5526257) AND (id <= 5526357))

table 6 : explain SELECT id FROM sbtest6 WHERE id BETWEEN 5526257 AND 5526357
	Index Only Scan using sbtest6_pkey on sbtest6  (cost=0.43..6.37 rows=97 width=4)
	  Index Cond: ((id >= 5526257) AND (id <= 5526357))

table 7 : explain SELECT id FROM sbtest7 WHERE id BETWEEN 5526257 AND 5526357
	Index Only Scan using sbtest7_pkey on sbtest7  (cost=0.43..6.61 rows=109 width=4)
	  Index Cond: ((id >= 5526257) AND (id <= 5526357))

table 8 : explain SELECT id FROM sbtest8 WHERE id BETWEEN 5526257 AND 5526357
	Index Only Scan using sbtest8_pkey on sbtest8  (cost=0.43..6.56 rows=106 width=4)
	  Index Cond: ((id >= 5526257) AND (id <= 5526357))

for range-covered
table 1 : explain SELECT id FROM sbtest1 WHERE id BETWEEN 5968079 AND 5968179
	Index Only Scan using sbtest1_pkey on sbtest1  (cost=0.43..6.37 rows=97 width=4)
	  Index Cond: ((id >= 5968079) AND (id <= 5968179))

table 2 : explain SELECT id FROM sbtest2 WHERE id BETWEEN 5968079 AND 5968179
	Index Only Scan using sbtest2_pkey on sbtest2  (cost=0.43..6.35 rows=96 width=4)
	  Index Cond: ((id >= 5968079) AND (id <= 5968179))

table 3 : explain SELECT id FROM sbtest3 WHERE id BETWEEN 5968079 AND 5968179
	Index Only Scan using sbtest3_pkey on sbtest3  (cost=0.43..6.50 rows=103 width=4)
	  Index Cond: ((id >= 5968079) AND (id <= 5968179))

table 4 : explain SELECT id FROM sbtest4 WHERE id BETWEEN 5968079 AND 5968179
	Index Only Scan using sbtest4_pkey on sbtest4  (cost=0.43..6.63 rows=110 width=4)
	  Index Cond: ((id >= 5968079) AND (id <= 5968179))

table 5 : explain SELECT id FROM sbtest5 WHERE id BETWEEN 5968079 AND 5968179
	Index Only Scan using sbtest5_pkey on sbtest5  (cost=0.43..6.17 rows=87 width=4)
	  Index Cond: ((id >= 5968079) AND (id <= 5968179))

table 6 : explain SELECT id FROM sbtest6 WHERE id BETWEEN 5968079 AND 5968179
	Index Only Scan using sbtest6_pkey on sbtest6  (cost=0.43..6.69 rows=113 width=4)
	  Index Cond: ((id >= 5968079) AND (id <= 5968179))

table 7 : explain SELECT id FROM sbtest7 WHERE id BETWEEN 5968079 AND 5968179
	Index Only Scan using sbtest7_pkey on sbtest7  (cost=0.43..6.50 rows=103 width=4)
	  Index Cond: ((id >= 5968079) AND (id <= 5968179))

table 8 : explain SELECT id FROM sbtest8 WHERE id BETWEEN 5968079 AND 5968179
	Index Only Scan using sbtest8_pkey on sbtest8  (cost=0.43..6.47 rows=102 width=4)
	  Index Cond: ((id >= 5968079) AND (id <= 5968179))

explain: for range-covered :: explain SELECT id FROM sbtest%d WHERE id BETWEEN 6114280 AND 6114380
explain: for range-covered :: explain SELECT id FROM sbtest%d WHERE id BETWEEN 5526257 AND 5526357
explain: for range-covered :: explain SELECT id FROM sbtest%d WHERE id BETWEEN 5968079 AND 5968179
explain: for range-covered :: explain SELECT id FROM sbtest%d WHERE id BETWEEN 3729024 AND 3729124
for range-covered
table 1 : explain SELECT id FROM sbtest1 WHERE id BETWEEN 1814896 AND 1814996
	Index Only Scan using sbtest1_pkey on sbtest1  (cost=0.43..6.24 rows=90 width=4)
	  Index Cond: ((id >= 1814896) AND (id <= 1814996))

table 2 : explain SELECT id FROM sbtest2 WHERE id BETWEEN 1814896 AND 1814996
	Index Only Scan using sbtest2_pkey on sbtest2  (cost=0.43..6.53 rows=105 width=4)
	  Index Cond: ((id >= 1814896) AND (id <= 1814996))

table 3 : explain SELECT id FROM sbtest3 WHERE id BETWEEN 1814896 AND 1814996
	Index Only Scan using sbtest3_pkey on sbtest3  (cost=0.43..6.51 rows=104 width=4)
	  Index Cond: ((id >= 1814896) AND (id <= 1814996))

table 4 : explain SELECT id FROM sbtest4 WHERE id BETWEEN 1814896 AND 1814996
	Index Only Scan using sbtest4_pkey on sbtest4  (cost=0.43..6.40 rows=98 width=4)
	  Index Cond: ((id >= 1814896) AND (id <= 1814996))

table 5 : explain SELECT id FROM sbtest5 WHERE id BETWEEN 1814896 AND 1814996
	Index Only Scan using sbtest5_pkey on sbtest5  (cost=0.43..6.40 rows=98 width=4)
	  Index Cond: ((id >= 1814896) AND (id <= 1814996))

table 6 : explain SELECT id FROM sbtest6 WHERE id BETWEEN 1814896 AND 1814996
	Index Only Scan using sbtest6_pkey on sbtest6  (cost=0.43..6.37 rows=97 width=4)
	  Index Cond: ((id >= 1814896) AND (id <= 1814996))

table 7 : explain SELECT id FROM sbtest7 WHERE id BETWEEN 1814896 AND 1814996
	Index Only Scan using sbtest7_pkey on sbtest7  (cost=0.43..6.40 rows=98 width=4)
	  Index Cond: ((id >= 1814896) AND (id <= 1814996))

table 8 : explain SELECT id FROM sbtest8 WHERE id BETWEEN 1814896 AND 1814996
	Index Only Scan using sbtest8_pkey on sbtest8  (cost=0.43..6.33 rows=95 width=4)
	  Index Cond: ((id >= 1814896) AND (id <= 1814996))

for range-covered
table 1 : explain SELECT id FROM sbtest1 WHERE id BETWEEN 6114280 AND 6114380
	Index Only Scan using sbtest1_pkey on sbtest1  (cost=0.43..6.45 rows=101 width=4)
	  Index Cond: ((id >= 6114280) AND (id <= 6114380))

table 2 : explain SELECT id FROM sbtest2 WHERE id BETWEEN 6114280 AND 6114380
	Index Only Scan using sbtest2_pkey on sbtest2  (cost=0.43..6.35 rows=96 width=4)
	  Index Cond: ((id >= 6114280) AND (id <= 6114380))

table 3 : explain SELECT id FROM sbtest3 WHERE id BETWEEN 6114280 AND 6114380
	Index Only Scan using sbtest3_pkey on sbtest3  (cost=0.43..6.72 rows=114 width=4)
	  Index Cond: ((id >= 6114280) AND (id <= 6114380))

table 4 : explain SELECT id FROM sbtest4 WHERE id BETWEEN 6114280 AND 6114380
	Index Only Scan using sbtest4_pkey on sbtest4  (cost=0.43..6.40 rows=98 width=4)
	  Index Cond: ((id >= 6114280) AND (id <= 6114380))

table 5 : explain SELECT id FROM sbtest5 WHERE id BETWEEN 6114280 AND 6114380
	Index Only Scan using sbtest5_pkey on sbtest5  (cost=0.43..6.56 rows=106 width=4)
	  Index Cond: ((id >= 6114280) AND (id <= 6114380))

table 6 : explain SELECT id FROM sbtest6 WHERE id BETWEEN 6114280 AND 6114380
	Index Only Scan using sbtest6_pkey on sbtest6  (cost=0.43..6.50 rows=103 width=4)
	  Index Cond: ((id >= 6114280) AND (id <= 6114380))

table 7 : explain SELECT id FROM sbtest7 WHERE id BETWEEN 6114280 AND 6114380
	Index Only Scan using sbtest7_pkey on sbtest7  (cost=0.43..6.42 rows=99 width=4)
	  Index Cond: ((id >= 6114280) AND (id <= 6114380))

table 8 : explain SELECT id FROM sbtest8 WHERE id BETWEEN 6114280 AND 6114380
	Index Only Scan using sbtest8_pkey on sbtest8  (cost=0.43..6.51 rows=104 width=4)
	  Index Cond: ((id >= 6114280) AND (id <= 6114380))

for range-covered
table 1 : explain SELECT id FROM sbtest1 WHERE id BETWEEN 5526257 AND 5526357
	Index Only Scan using sbtest1_pkey on sbtest1  (cost=0.43..6.69 rows=113 width=4)
	  Index Cond: ((id >= 5526257) AND (id <= 5526357))

table 2 : explain SELECT id FROM sbtest2 WHERE id BETWEEN 5526257 AND 5526357
	Index Only Scan using sbtest2_pkey on sbtest2  (cost=0.43..6.63 rows=110 width=4)
	  Index Cond: ((id >= 5526257) AND (id <= 5526357))

table 3 : explain SELECT id FROM sbtest3 WHERE id BETWEEN 5526257 AND 5526357
	Index Only Scan using sbtest3_pkey on sbtest3  (cost=0.43..6.29 rows=93 width=4)
	  Index Cond: ((id >= 5526257) AND (id <= 5526357))

table 4 : explain SELECT id FROM sbtest4 WHERE id BETWEEN 5526257 AND 5526357
	Index Only Scan using sbtest4_pkey on sbtest4  (cost=0.43..6.45 rows=101 width=4)
	  Index Cond: ((id >= 5526257) AND (id <= 5526357))

table 5 : explain SELECT id FROM sbtest5 WHERE id BETWEEN 5526257 AND 5526357
	Index Only Scan using sbtest5_pkey on sbtest5  (cost=0.43..6.24 rows=90 width=4)
	  Index Cond: ((id >= 5526257) AND (id <= 5526357))

table 6 : explain SELECT id FROM sbtest6 WHERE id BETWEEN 5526257 AND 5526357
	Index Only Scan using sbtest6_pkey on sbtest6  (cost=0.43..6.37 rows=97 width=4)
	  Index Cond: ((id >= 5526257) AND (id <= 5526357))

table 7 : explain SELECT id FROM sbtest7 WHERE id BETWEEN 5526257 AND 5526357
	Index Only Scan using sbtest7_pkey on sbtest7  (cost=0.43..6.61 rows=109 width=4)
	  Index Cond: ((id >= 5526257) AND (id <= 5526357))

table 8 : explain SELECT id FROM sbtest8 WHERE id BETWEEN 5526257 AND 5526357
	Index Only Scan using sbtest8_pkey on sbtest8  (cost=0.43..6.56 rows=106 width=4)
	  Index Cond: ((id >= 5526257) AND (id <= 5526357))

explain: for range-covered :: explain SELECT id FROM sbtest%d WHERE id BETWEEN 6114280 AND 6114380
for range-covered
table 1 : explain SELECT id FROM sbtest1 WHERE id BETWEEN 5968079 AND 5968179
	Index Only Scan using sbtest1_pkey on sbtest1  (cost=0.43..6.37 rows=97 width=4)
	  Index Cond: ((id >= 5968079) AND (id <= 5968179))

table 2 : explain SELECT id FROM sbtest2 WHERE id BETWEEN 5968079 AND 5968179
	Index Only Scan using sbtest2_pkey on sbtest2  (cost=0.43..6.35 rows=96 width=4)
	  Index Cond: ((id >= 5968079) AND (id <= 5968179))

table 3 : explain SELECT id FROM sbtest3 WHERE id BETWEEN 5968079 AND 5968179
	Index Only Scan using sbtest3_pkey on sbtest3  (cost=0.43..6.50 rows=103 width=4)
	  Index Cond: ((id >= 5968079) AND (id <= 5968179))

table 4 : explain SELECT id FROM sbtest4 WHERE id BETWEEN 5968079 AND 5968179
	Index Only Scan using sbtest4_pkey on sbtest4  (cost=0.43..6.63 rows=110 width=4)
	  Index Cond: ((id >= 5968079) AND (id <= 5968179))

table 5 : explain SELECT id FROM sbtest5 WHERE id BETWEEN 5968079 AND 5968179
	Index Only Scan using sbtest5_pkey on sbtest5  (cost=0.43..6.17 rows=87 width=4)
	  Index Cond: ((id >= 5968079) AND (id <= 5968179))

table 6 : explain SELECT id FROM sbtest6 WHERE id BETWEEN 5968079 AND 5968179
	Index Only Scan using sbtest6_pkey on sbtest6  (cost=0.43..6.69 rows=113 width=4)
	  Index Cond: ((id >= 5968079) AND (id <= 5968179))

table 7 : explain SELECT id FROM sbtest7 WHERE id BETWEEN 5968079 AND 5968179
	Index Only Scan using sbtest7_pkey on sbtest7  (cost=0.43..6.50 rows=103 width=4)
	  Index Cond: ((id >= 5968079) AND (id <= 5968179))

table 8 : explain SELECT id FROM sbtest8 WHERE id BETWEEN 5968079 AND 5968179
	Index Only Scan using sbtest8_pkey on sbtest8  (cost=0.43..6.47 rows=102 width=4)
	  Index Cond: ((id >= 5968079) AND (id <= 5968179))
explain: for range-covered :: explain SELECT id FROM sbtest%d WHERE id BETWEEN 5526257 AND 5526357explain: for range-covered :: explain SELECT id FROM sbtest%d WHERE id BETWEEN 1814896 AND 1814996


for range-covered
table 1 : explain SELECT id FROM sbtest1 WHERE id BETWEEN 1567291 AND 1567391
	Index Only Scan using sbtest1_pkey on sbtest1  (cost=0.43..6.43 rows=100 width=4)
	  Index Cond: ((id >= 1567291) AND (id <= 1567391))

table 2 : explain SELECT id FROM sbtest2 WHERE id BETWEEN 1567291 AND 1567391
	Index Only Scan using sbtest2_pkey on sbtest2  (cost=0.43..6.45 rows=101 width=4)
	  Index Cond: ((id >= 1567291) AND (id <= 1567391))

table 3 : explain SELECT id FROM sbtest3 WHERE id BETWEEN 1567291 AND 1567391
	Index Only Scan using sbtest3_pkey on sbtest3  (cost=0.43..6.50 rows=103 width=4)
	  Index Cond: ((id >= 1567291) AND (id <= 1567391))

table 4 : explain SELECT id FROM sbtest4 WHERE id BETWEEN 1567291 AND 1567391
	Index Only Scan using sbtest4_pkey on sbtest4  (cost=0.43..6.45 rows=101 width=4)
	  Index Cond: ((id >= 1567291) AND (id <= 1567391))

table 5 : explain SELECT id FROM sbtest5 WHERE id BETWEEN 1567291 AND 1567391
	Index Only Scan using sbtest5_pkey on sbtest5  (cost=0.43..6.56 rows=106 width=4)
	  Index Cond: ((id >= 1567291) AND (id <= 1567391))

table 6 : explain SELECT id FROM sbtest6 WHERE id BETWEEN 1567291 AND 1567391
	Index Only Scan using sbtest6_pkey on sbtest6  (cost=0.43..6.43 rows=100 width=4)
	  Index Cond: ((id >= 1567291) AND (id <= 1567391))

table 7 : explain SELECT id FROM sbtest7 WHERE id BETWEEN 1567291 AND 1567391
	Index Only Scan using sbtest7_pkey on sbtest7  (cost=0.43..6.35 rows=96 width=4)
	  Index Cond: ((id >= 1567291) AND (id <= 1567391))

table 8 : explain SELECT id FROM sbtest8 WHERE id BETWEEN 1567291 AND 1567391
	Index Only Scan using sbtest8_pkey on sbtest8  (cost=0.43..6.61 rows=109 width=4)
	  Index Cond: ((id >= 1567291) AND (id <= 1567391))

explain: for range-covered :: explain SELECT id FROM sbtest%d WHERE id BETWEEN 5968079 AND 5968179
explain: for range-covered :: explain SELECT id FROM sbtest%d WHERE id BETWEEN 1567291 AND 1567391
for range-covered
table 1 : explain SELECT id FROM sbtest1 WHERE id BETWEEN 6114280 AND 6114380
	Index Only Scan using sbtest1_pkey on sbtest1  (cost=0.43..6.45 rows=101 width=4)
	  Index Cond: ((id >= 6114280) AND (id <= 6114380))

table 2 : explain SELECT id FROM sbtest2 WHERE id BETWEEN 6114280 AND 6114380
	Index Only Scan using sbtest2_pkey on sbtest2  (cost=0.43..6.35 rows=96 width=4)
	  Index Cond: ((id >= 6114280) AND (id <= 6114380))

table 3 : explain SELECT id FROM sbtest3 WHERE id BETWEEN 6114280 AND 6114380
	Index Only Scan using sbtest3_pkey on sbtest3  (cost=0.43..6.72 rows=114 width=4)
	  Index Cond: ((id >= 6114280) AND (id <= 6114380))

table 4 : explain SELECT id FROM sbtest4 WHERE id BETWEEN 6114280 AND 6114380
	Index Only Scan using sbtest4_pkey on sbtest4  (cost=0.43..6.40 rows=98 width=4)
	  Index Cond: ((id >= 6114280) AND (id <= 6114380))

table 5 : explain SELECT id FROM sbtest5 WHERE id BETWEEN 6114280 AND 6114380
	Index Only Scan using sbtest5_pkey on sbtest5  (cost=0.43..6.56 rows=106 width=4)
	  Index Cond: ((id >= 6114280) AND (id <= 6114380))

table 6 : explain SELECT id FROM sbtest6 WHERE id BETWEEN 6114280 AND 6114380
	Index Only Scan using sbtest6_pkey on sbtest6  (cost=0.43..6.50 rows=103 width=4)
	  Index Cond: ((id >= 6114280) AND (id <= 6114380))

table 7 : explain SELECT id FROM sbtest7 WHERE id BETWEEN 6114280 AND 6114380
	Index Only Scan using sbtest7_pkey on sbtest7  (cost=0.43..6.42 rows=99 width=4)
	  Index Cond: ((id >= 6114280) AND (id <= 6114380))

table 8 : explain SELECT id FROM sbtest8 WHERE id BETWEEN 6114280 AND 6114380
	Index Only Scan using sbtest8_pkey on sbtest8  (cost=0.43..6.51 rows=104 width=4)
	  Index Cond: ((id >= 6114280) AND (id <= 6114380))

for range-covered
table 1 : explain SELECT id FROM sbtest1 WHERE id BETWEEN 5526257 AND 5526357
	Index Only Scan using sbtest1_pkey on sbtest1  (cost=0.43..6.69 rows=113 width=4)
	  Index Cond: ((id >= 5526257) AND (id <= 5526357))

table 2 : explain SELECT id FROM sbtest2 WHERE id BETWEEN 5526257 AND 5526357
	Index Only Scan using sbtest2_pkey on sbtest2  (cost=0.43..6.63 rows=110 width=4)
	  Index Cond: ((id >= 5526257) AND (id <= 5526357))

table 3 : explain SELECT id FROM sbtest3 WHERE id BETWEEN 5526257 AND 5526357
	Index Only Scan using sbtest3_pkey on sbtest3  (cost=0.43..6.29 rows=93 width=4)
	  Index Cond: ((id >= 5526257) AND (id <= 5526357))

table 4 : explain SELECT id FROM sbtest4 WHERE id BETWEEN 5526257 AND 5526357
	Index Only Scan using sbtest4_pkey on sbtest4  (cost=0.43..6.45 rows=101 width=4)
	  Index Cond: ((id >= 5526257) AND (id <= 5526357))

table 5 : explain SELECT id FROM sbtest5 WHERE id BETWEEN 5526257 AND 5526357
	Index Only Scan using sbtest5_pkey on sbtest5  (cost=0.43..6.24 rows=90 width=4)
	  Index Cond: ((id >= 5526257) AND (id <= 5526357))

table 6 : explain SELECT id FROM sbtest6 WHERE id BETWEEN 5526257 AND 5526357
	Index Only Scan using sbtest6_pkey on sbtest6  (cost=0.43..6.37 rows=97 width=4)
	  Index Cond: ((id >= 5526257) AND (id <= 5526357))

table 7 : explain SELECT id FROM sbtest7 WHERE id BETWEEN 5526257 AND 5526357
	Index Only Scan using sbtest7_pkey on sbtest7  (cost=0.43..6.61 rows=109 width=4)
	  Index Cond: ((id >= 5526257) AND (id <= 5526357))

table 8 : explain SELECT id FROM sbtest8 WHERE id BETWEEN 5526257 AND 5526357
	Index Only Scan using sbtest8_pkey on sbtest8  (cost=0.43..6.56 rows=106 width=4)
	  Index Cond: ((id >= 5526257) AND (id <= 5526357))

explain: for range-covered :: explain SELECT id FROM sbtest%d WHERE id BETWEEN 6114280 AND 6114380
explain: for range-covered :: explain SELECT id FROM sbtest%d WHERE id BETWEEN 6532672 AND 6532772
explain: for range-covered :: explain SELECT id FROM sbtest%d WHERE id BETWEEN 5526257 AND 5526357
for range-covered
table 1 : explain SELECT id FROM sbtest1 WHERE id BETWEEN 1567291 AND 1567391
	Index Only Scan using sbtest1_pkey on sbtest1  (cost=0.43..6.43 rows=100 width=4)
	  Index Cond: ((id >= 1567291) AND (id <= 1567391))

table 2 : explain SELECT id FROM sbtest2 WHERE id BETWEEN 1567291 AND 1567391
	Index Only Scan using sbtest2_pkey on sbtest2  (cost=0.43..6.45 rows=101 width=4)
	  Index Cond: ((id >= 1567291) AND (id <= 1567391))

table 3 : explain SELECT id FROM sbtest3 WHERE id BETWEEN 1567291 AND 1567391
	Index Only Scan using sbtest3_pkey on sbtest3  (cost=0.43..6.50 rows=103 width=4)
	  Index Cond: ((id >= 1567291) AND (id <= 1567391))

table 4 : explain SELECT id FROM sbtest4 WHERE id BETWEEN 1567291 AND 1567391
	Index Only Scan using sbtest4_pkey on sbtest4  (cost=0.43..6.45 rows=101 width=4)
	  Index Cond: ((id >= 1567291) AND (id <= 1567391))

table 5 : explain SELECT id FROM sbtest5 WHERE id BETWEEN 1567291 AND 1567391
	Index Only Scan using sbtest5_pkey on sbtest5  (cost=0.43..6.56 rows=106 width=4)
	  Index Cond: ((id >= 1567291) AND (id <= 1567391))

table 6 : explain SELECT id FROM sbtest6 WHERE id BETWEEN 1567291 AND 1567391
	Index Only Scan using sbtest6_pkey on sbtest6  (cost=0.43..6.43 rows=100 width=4)
	  Index Cond: ((id >= 1567291) AND (id <= 1567391))

table 7 : explain SELECT id FROM sbtest7 WHERE id BETWEEN 1567291 AND 1567391
	Index Only Scan using sbtest7_pkey on sbtest7  (cost=0.43..6.35 rows=96 width=4)
	  Index Cond: ((id >= 1567291) AND (id <= 1567391))

table 8 : explain SELECT id FROM sbtest8 WHERE id BETWEEN 1567291 AND 1567391
	Index Only Scan using sbtest8_pkey on sbtest8  (cost=0.43..6.61 rows=109 width=4)
	  Index Cond: ((id >= 1567291) AND (id <= 1567391))

explain: for range-covered :: explain SELECT id FROM sbtest%d WHERE id BETWEEN 1567291 AND 1567391
for range-covered
table 1 : explain SELECT id FROM sbtest1 WHERE id BETWEEN 3228082 AND 3228182
	Index Only Scan using sbtest1_pkey on sbtest1  (cost=0.43..6.51 rows=104 width=4)
	  Index Cond: ((id >= 3228082) AND (id <= 3228182))

table 2 : explain SELECT id FROM sbtest2 WHERE id BETWEEN 3228082 AND 3228182
	Index Only Scan using sbtest2_pkey on sbtest2  (cost=0.43..6.47 rows=102 width=4)
	  Index Cond: ((id >= 3228082) AND (id <= 3228182))

table 3 : explain SELECT id FROM sbtest3 WHERE id BETWEEN 3228082 AND 3228182
	Index Only Scan using sbtest3_pkey on sbtest3  (cost=0.43..6.58 rows=107 width=4)
	  Index Cond: ((id >= 3228082) AND (id <= 3228182))

table 4 : explain SELECT id FROM sbtest4 WHERE id BETWEEN 3228082 AND 3228182
	Index Only Scan using sbtest4_pkey on sbtest4  (cost=0.43..6.40 rows=98 width=4)
	  Index Cond: ((id >= 3228082) AND (id <= 3228182))

table 5 : explain SELECT id FROM sbtest5 WHERE id BETWEEN 3228082 AND 3228182
	Index Only Scan using sbtest5_pkey on sbtest5  (cost=0.43..6.53 rows=105 width=4)
	  Index Cond: ((id >= 3228082) AND (id <= 3228182))

table 6 : explain SELECT id FROM sbtest6 WHERE id BETWEEN 3228082 AND 3228182
	Index Only Scan using sbtest6_pkey on sbtest6  (cost=0.43..6.37 rows=97 width=4)
	  Index Cond: ((id >= 3228082) AND (id <= 3228182))

table 7 : explain SELECT id FROM sbtest7 WHERE id BETWEEN 3228082 AND 3228182
	Index Only Scan using sbtest7_pkey on sbtest7  (cost=0.43..6.43 rows=100 width=4)
	  Index Cond: ((id >= 3228082) AND (id <= 3228182))

table 8 : explain SELECT id FROM sbtest8 WHERE id BETWEEN 3228082 AND 3228182
	Index Only Scan using sbtest8_pkey on sbtest8  (cost=0.43..6.56 rows=106 width=4)
	  Index Cond: ((id >= 3228082) AND (id <= 3228182))

for range-covered
table 1 : explain SELECT id FROM sbtest1 WHERE id BETWEEN 6114280 AND 6114380
	Index Only Scan using sbtest1_pkey on sbtest1  (cost=0.43..6.45 rows=101 width=4)
	  Index Cond: ((id >= 6114280) AND (id <= 6114380))

table 2 : explain SELECT id FROM sbtest2 WHERE id BETWEEN 6114280 AND 6114380
	Index Only Scan using sbtest2_pkey on sbtest2  (cost=0.43..6.35 rows=96 width=4)
	  Index Cond: ((id >= 6114280) AND (id <= 6114380))

table 3 : explain SELECT id FROM sbtest3 WHERE id BETWEEN 6114280 AND 6114380
	Index Only Scan using sbtest3_pkey on sbtest3  (cost=0.43..6.72 rows=114 width=4)
	  Index Cond: ((id >= 6114280) AND (id <= 6114380))

table 4 : explain SELECT id FROM sbtest4 WHERE id BETWEEN 6114280 AND 6114380
	Index Only Scan using sbtest4_pkey on sbtest4  (cost=0.43..6.40 rows=98 width=4)
	  Index Cond: ((id >= 6114280) AND (id <= 6114380))

table 5 : explain SELECT id FROM sbtest5 WHERE id BETWEEN 6114280 AND 6114380
	Index Only Scan using sbtest5_pkey on sbtest5  (cost=0.43..6.56 rows=106 width=4)
	  Index Cond: ((id >= 6114280) AND (id <= 6114380))

table 6 : explain SELECT id FROM sbtest6 WHERE id BETWEEN 6114280 AND 6114380
	Index Only Scan using sbtest6_pkey on sbtest6  (cost=0.43..6.50 rows=103 width=4)
	  Index Cond: ((id >= 6114280) AND (id <= 6114380))

table 7 : explain SELECT id FROM sbtest7 WHERE id BETWEEN 6114280 AND 6114380
	Index Only Scan using sbtest7_pkey on sbtest7  (cost=0.43..6.42 rows=99 width=4)
	  Index Cond: ((id >= 6114280) AND (id <= 6114380))

table 8 : explain SELECT id FROM sbtest8 WHERE id BETWEEN 6114280 AND 6114380
	Index Only Scan using sbtest8_pkey on sbtest8  (cost=0.43..6.51 rows=104 width=4)
	  Index Cond: ((id >= 6114280) AND (id <= 6114380))

explain: for range-covered :: explain SELECT id FROM sbtest%d WHERE id BETWEEN 3228082 AND 3228182
explain: for range-covered :: explain SELECT id FROM sbtest%d WHERE id BETWEEN 6114280 AND 6114380
for range-covered
table 1 : explain SELECT id FROM sbtest1 WHERE id BETWEEN 5526257 AND 5526357
	Index Only Scan using sbtest1_pkey on sbtest1  (cost=0.43..6.69 rows=113 width=4)
	  Index Cond: ((id >= 5526257) AND (id <= 5526357))

table 2 : explain SELECT id FROM sbtest2 WHERE id BETWEEN 5526257 AND 5526357
	Index Only Scan using sbtest2_pkey on sbtest2  (cost=0.43..6.63 rows=110 width=4)
	  Index Cond: ((id >= 5526257) AND (id <= 5526357))

table 3 : explain SELECT id FROM sbtest3 WHERE id BETWEEN 5526257 AND 5526357
	Index Only Scan using sbtest3_pkey on sbtest3  (cost=0.43..6.29 rows=93 width=4)
	  Index Cond: ((id >= 5526257) AND (id <= 5526357))

table 4 : explain SELECT id FROM sbtest4 WHERE id BETWEEN 5526257 AND 5526357
	Index Only Scan using sbtest4_pkey on sbtest4  (cost=0.43..6.45 rows=101 width=4)
	  Index Cond: ((id >= 5526257) AND (id <= 5526357))

table 5 : explain SELECT id FROM sbtest5 WHERE id BETWEEN 5526257 AND 5526357
	Index Only Scan using sbtest5_pkey on sbtest5  (cost=0.43..6.24 rows=90 width=4)
	  Index Cond: ((id >= 5526257) AND (id <= 5526357))

table 6 : explain SELECT id FROM sbtest6 WHERE id BETWEEN 5526257 AND 5526357
	Index Only Scan using sbtest6_pkey on sbtest6  (cost=0.43..6.37 rows=97 width=4)
	  Index Cond: ((id >= 5526257) AND (id <= 5526357))

table 7 : explain SELECT id FROM sbtest7 WHERE id BETWEEN 5526257 AND 5526357
	Index Only Scan using sbtest7_pkey on sbtest7  (cost=0.43..6.61 rows=109 width=4)
	  Index Cond: ((id >= 5526257) AND (id <= 5526357))

table 8 : explain SELECT id FROM sbtest8 WHERE id BETWEEN 5526257 AND 5526357
	Index Only Scan using sbtest8_pkey on sbtest8  (cost=0.43..6.56 rows=106 width=4)
	  Index Cond: ((id >= 5526257) AND (id <= 5526357))

explain: for range-covered :: explain SELECT id FROM sbtest%d WHERE id BETWEEN 5526257 AND 5526357
for range-covered
table 1 : explain SELECT id FROM sbtest1 WHERE id BETWEEN 5968079 AND 5968179
	Index Only Scan using sbtest1_pkey on sbtest1  (cost=0.43..6.37 rows=97 width=4)
	  Index Cond: ((id >= 5968079) AND (id <= 5968179))

table 2 : explain SELECT id FROM sbtest2 WHERE id BETWEEN 5968079 AND 5968179
	Index Only Scan using sbtest2_pkey on sbtest2  (cost=0.43..6.35 rows=96 width=4)
	  Index Cond: ((id >= 5968079) AND (id <= 5968179))

table 3 : explain SELECT id FROM sbtest3 WHERE id BETWEEN 5968079 AND 5968179
	Index Only Scan using sbtest3_pkey on sbtest3  (cost=0.43..6.50 rows=103 width=4)
	  Index Cond: ((id >= 5968079) AND (id <= 5968179))

table 4 : explain SELECT id FROM sbtest4 WHERE id BETWEEN 5968079 AND 5968179
	Index Only Scan using sbtest4_pkey on sbtest4  (cost=0.43..6.63 rows=110 width=4)
	  Index Cond: ((id >= 5968079) AND (id <= 5968179))

table 5 : explain SELECT id FROM sbtest5 WHERE id BETWEEN 5968079 AND 5968179
	Index Only Scan using sbtest5_pkey on sbtest5  (cost=0.43..6.17 rows=87 width=4)
	  Index Cond: ((id >= 5968079) AND (id <= 5968179))

table 6 : explain SELECT id FROM sbtest6 WHERE id BETWEEN 5968079 AND 5968179
	Index Only Scan using sbtest6_pkey on sbtest6  (cost=0.43..6.69 rows=113 width=4)
	  Index Cond: ((id >= 5968079) AND (id <= 5968179))

table 7 : explain SELECT id FROM sbtest7 WHERE id BETWEEN 5968079 AND 5968179
	Index Only Scan using sbtest7_pkey on sbtest7  (cost=0.43..6.50 rows=103 width=4)
	  Index Cond: ((id >= 5968079) AND (id <= 5968179))

table 8 : explain SELECT id FROM sbtest8 WHERE id BETWEEN 5968079 AND 5968179
	Index Only Scan using sbtest8_pkey on sbtest8  (cost=0.43..6.47 rows=102 width=4)
	  Index Cond: ((id >= 5968079) AND (id <= 5968179))

for range-covered
table 1 : explain SELECT id FROM sbtest1 WHERE id BETWEEN 1814896 AND 1814996
	Index Only Scan using sbtest1_pkey on sbtest1  (cost=0.43..6.24 rows=90 width=4)
	  Index Cond: ((id >= 1814896) AND (id <= 1814996))

table 2 : explain SELECT id FROM sbtest2 WHERE id BETWEEN 1814896 AND 1814996
	Index Only Scan using sbtest2_pkey on sbtest2  (cost=0.43..6.53 rows=105 width=4)
	  Index Cond: ((id >= 1814896) AND (id <= 1814996))

table 3 : explain SELECT id FROM sbtest3 WHERE id BETWEEN 1814896 AND 1814996
	Index Only Scan using sbtest3_pkey on sbtest3  (cost=0.43..6.51 rows=104 width=4)
	  Index Cond: ((id >= 1814896) AND (id <= 1814996))

table 4 : explain SELECT id FROM sbtest4 WHERE id BETWEEN 1814896 AND 1814996
	Index Only Scan using sbtest4_pkey on sbtest4  (cost=0.43..6.40 rows=98 width=4)
	  Index Cond: ((id >= 1814896) AND (id <= 1814996))

table 5 : explain SELECT id FROM sbtest5 WHERE id BETWEEN 1814896 AND 1814996
	Index Only Scan using sbtest5_pkey on sbtest5  (cost=0.43..6.40 rows=98 width=4)
	  Index Cond: ((id >= 1814896) AND (id <= 1814996))

table 6 : explain SELECT id FROM sbtest6 WHERE id BETWEEN 1814896 AND 1814996
	Index Only Scan using sbtest6_pkey on sbtest6  (cost=0.43..6.37 rows=97 width=4)
	  Index Cond: ((id >= 1814896) AND (id <= 1814996))

table 7 : explain SELECT id FROM sbtest7 WHERE id BETWEEN 1814896 AND 1814996
	Index Only Scan using sbtest7_pkey on sbtest7  (cost=0.43..6.40 rows=98 width=4)
	  Index Cond: ((id >= 1814896) AND (id <= 1814996))

table 8 : explain SELECT id FROM sbtest8 WHERE id BETWEEN 1814896 AND 1814996
	Index Only Scan using sbtest8_pkey on sbtest8  (cost=0.43..6.33 rows=95 width=4)
	  Index Cond: ((id >= 1814896) AND (id <= 1814996))

for range-covered
table 1 : explain SELECT id FROM sbtest1 WHERE id BETWEEN 1567291 AND 1567391
	Index Only Scan using sbtest1_pkey on sbtest1  (cost=0.43..6.43 rows=100 width=4)
	  Index Cond: ((id >= 1567291) AND (id <= 1567391))

table 2 : explain SELECT id FROM sbtest2 WHERE id BETWEEN 1567291 AND 1567391
	Index Only Scan using sbtest2_pkey on sbtest2  (cost=0.43..6.45 rows=101 width=4)
	  Index Cond: ((id >= 1567291) AND (id <= 1567391))

table 3 : explain SELECT id FROM sbtest3 WHERE id BETWEEN 1567291 AND 1567391
	Index Only Scan using sbtest3_pkey on sbtest3  (cost=0.43..6.50 rows=103 width=4)
	  Index Cond: ((id >= 1567291) AND (id <= 1567391))

table 4 : explain SELECT id FROM sbtest4 WHERE id BETWEEN 1567291 AND 1567391
	Index Only Scan using sbtest4_pkey on sbtest4  (cost=0.43..6.45 rows=101 width=4)
	  Index Cond: ((id >= 1567291) AND (id <= 1567391))

table 5 : explain SELECT id FROM sbtest5 WHERE id BETWEEN 1567291 AND 1567391
	Index Only Scan using sbtest5_pkey on sbtest5  (cost=0.43..6.56 rows=106 width=4)
	  Index Cond: ((id >= 1567291) AND (id <= 1567391))

table 6 : explain SELECT id FROM sbtest6 WHERE id BETWEEN 1567291 AND 1567391
	Index Only Scan using sbtest6_pkey on sbtest6  (cost=0.43..6.43 rows=100 width=4)
	  Index Cond: ((id >= 1567291) AND (id <= 1567391))

table 7 : explain SELECT id FROM sbtest7 WHERE id BETWEEN 1567291 AND 1567391
	Index Only Scan using sbtest7_pkey on sbtest7  (cost=0.43..6.35 rows=96 width=4)
	  Index Cond: ((id >= 1567291) AND (id <= 1567391))

table 8 : explain SELECT id FROM sbtest8 WHERE id BETWEEN 1567291 AND 1567391
	Index Only Scan using sbtest8_pkey on sbtest8  (cost=0.43..6.61 rows=109 width=4)
	  Index Cond: ((id >= 1567291) AND (id <= 1567391))

explain: for range-covered :: explain SELECT id FROM sbtest%d WHERE id BETWEEN 1567291 AND 1567391
explain: for range-covered :: explain SELECT id FROM sbtest%d WHERE id BETWEEN 1814896 AND 1814996
for range-covered
table 1 : explain SELECT id FROM sbtest1 WHERE id BETWEEN 6114280 AND 6114380
	Index Only Scan using sbtest1_pkey on sbtest1  (cost=0.43..6.45 rows=101 width=4)
	  Index Cond: ((id >= 6114280) AND (id <= 6114380))

table 2 : explain SELECT id FROM sbtest2 WHERE id BETWEEN 6114280 AND 6114380
	Index Only Scan using sbtest2_pkey on sbtest2  (cost=0.43..6.35 rows=96 width=4)
	  Index Cond: ((id >= 6114280) AND (id <= 6114380))

table 3 : explain SELECT id FROM sbtest3 WHERE id BETWEEN 6114280 AND 6114380
	Index Only Scan using sbtest3_pkey on sbtest3  (cost=0.43..6.72 rows=114 width=4)
	  Index Cond: ((id >= 6114280) AND (id <= 6114380))

table 4 : explain SELECT id FROM sbtest4 WHERE id BETWEEN 6114280 AND 6114380
	Index Only Scan using sbtest4_pkey on sbtest4  (cost=0.43..6.40 rows=98 width=4)
	  Index Cond: ((id >= 6114280) AND (id <= 6114380))

table 5 : explain SELECT id FROM sbtest5 WHERE id BETWEEN 6114280 AND 6114380
	Index Only Scan using sbtest5_pkey on sbtest5  (cost=0.43..6.56 rows=106 width=4)
	  Index Cond: ((id >= 6114280) AND (id <= 6114380))

table 6 : explain SELECT id FROM sbtest6 WHERE id BETWEEN 6114280 AND 6114380
	Index Only Scan using sbtest6_pkey on sbtest6  (cost=0.43..6.50 rows=103 width=4)
	  Index Cond: ((id >= 6114280) AND (id <= 6114380))

table 7 : explain SELECT id FROM sbtest7 WHERE id BETWEEN 6114280 AND 6114380
	Index Only Scan using sbtest7_pkey on sbtest7  (cost=0.43..6.42 rows=99 width=4)
	  Index Cond: ((id >= 6114280) AND (id <= 6114380))

table 8 : explain SELECT id FROM sbtest8 WHERE id BETWEEN 6114280 AND 6114380
	Index Only Scan using sbtest8_pkey on sbtest8  (cost=0.43..6.51 rows=104 width=4)
	  Index Cond: ((id >= 6114280) AND (id <= 6114380))

for range-covered
table 1 : explain SELECT id FROM sbtest1 WHERE id BETWEEN 3228082 AND 3228182
	Index Only Scan using sbtest1_pkey on sbtest1  (cost=0.43..6.51 rows=104 width=4)
	  Index Cond: ((id >= 3228082) AND (id <= 3228182))

table 2 : explain SELECT id FROM sbtest2 WHERE id BETWEEN 3228082 AND 3228182
	Index Only Scan using sbtest2_pkey on sbtest2  (cost=0.43..6.47 rows=102 width=4)
	  Index Cond: ((id >= 3228082) AND (id <= 3228182))

table 3 : explain SELECT id FROM sbtest3 WHERE id BETWEEN 3228082 AND 3228182
	Index Only Scan using sbtest3_pkey on sbtest3  (cost=0.43..6.58 rows=107 width=4)
	  Index Cond: ((id >= 3228082) AND (id <= 3228182))

table 4 : explain SELECT id FROM sbtest4 WHERE id BETWEEN 3228082 AND 3228182
	Index Only Scan using sbtest4_pkey on sbtest4  (cost=0.43..6.40 rows=98 width=4)
	  Index Cond: ((id >= 3228082) AND (id <= 3228182))

table 5 : explain SELECT id FROM sbtest5 WHERE id BETWEEN 3228082 AND 3228182
	Index Only Scan using sbtest5_pkey on sbtest5  (cost=0.43..6.53 rows=105 width=4)
	  Index Cond: ((id >= 3228082) AND (id <= 3228182))

table 6 : explain SELECT id FROM sbtest6 WHERE id BETWEEN 3228082 AND 3228182
	Index Only Scan using sbtest6_pkey on sbtest6  (cost=0.43..6.37 rows=97 width=4)
	  Index Cond: ((id >= 3228082) AND (id <= 3228182))

table 7 : explain SELECT id FROM sbtest7 WHERE id BETWEEN 3228082 AND 3228182
	Index Only Scan using sbtest7_pkey on sbtest7  (cost=0.43..6.43 rows=100 width=4)
	  Index Cond: ((id >= 3228082) AND (id <= 3228182))

table 8 : explain SELECT id FROM sbtest8 WHERE id BETWEEN 3228082 AND 3228182
	Index Only Scan using sbtest8_pkey on sbtest8  (cost=0.43..6.56 rows=106 width=4)
	  Index Cond: ((id >= 3228082) AND (id <= 3228182))

explain: for range-covered :: explain SELECT id FROM sbtest%d WHERE id BETWEEN 6114280 AND 6114380
for range-covered
table 1 : explain SELECT id FROM sbtest1 WHERE id BETWEEN 5526257 AND 5526357
	Index Only Scan using sbtest1_pkey on sbtest1  (cost=0.43..6.69 rows=113 width=4)
	  Index Cond: ((id >= 5526257) AND (id <= 5526357))

table 2 : explain SELECT id FROM sbtest2 WHERE id BETWEEN 5526257 AND 5526357
	Index Only Scan using sbtest2_pkey on sbtest2  (cost=0.43..6.63 rows=110 width=4)
	  Index Cond: ((id >= 5526257) AND (id <= 5526357))

table 3 : explain SELECT id FROM sbtest3 WHERE id BETWEEN 5526257 AND 5526357
	Index Only Scan using sbtest3_pkey on sbtest3  (cost=0.43..6.29 rows=93 width=4)
	  Index Cond: ((id >= 5526257) AND (id <= 5526357))

table 4 : explain SELECT id FROM sbtest4 WHERE id BETWEEN 5526257 AND 5526357
	Index Only Scan using sbtest4_pkey on sbtest4  (cost=0.43..6.45 rows=101 width=4)
	  Index Cond: ((id >= 5526257) AND (id <= 5526357))

table 5 : explain SELECT id FROM sbtest5 WHERE id BETWEEN 5526257 AND 5526357
	Index Only Scan using sbtest5_pkey on sbtest5  (cost=0.43..6.24 rows=90 width=4)
	  Index Cond: ((id >= 5526257) AND (id <= 5526357))

table 6 : explain SELECT id FROM sbtest6 WHERE id BETWEEN 5526257 AND 5526357
	Index Only Scan using sbtest6_pkey on sbtest6  (cost=0.43..6.37 rows=97 width=4)
	  Index Cond: ((id >= 5526257) AND (id <= 5526357))

table 7 : explain SELECT id FROM sbtest7 WHERE id BETWEEN 5526257 AND 5526357
	Index Only Scan using sbtest7_pkey on sbtest7  (cost=0.43..6.61 rows=109 width=4)
	  Index Cond: ((id >= 5526257) AND (id <= 5526357))

table 8 : explain SELECT id FROM sbtest8 WHERE id BETWEEN 5526257 AND 5526357
	Index Only Scan using sbtest8_pkey on sbtest8  (cost=0.43..6.56 rows=106 width=4)
	  Index Cond: ((id >= 5526257) AND (id <= 5526357))

explain: for range-covered :: explain SELECT id FROM sbtest%d WHERE id BETWEEN 3228082 AND 3228182
explain: for range-covered :: explain SELECT id FROM sbtest%d WHERE id BETWEEN 5526257 AND 5526357
for range-covered
table 1 : explain SELECT id FROM sbtest1 WHERE id BETWEEN 3729024 AND 3729124
	Index Only Scan using sbtest1_pkey on sbtest1  (cost=0.43..6.61 rows=109 width=4)
	  Index Cond: ((id >= 3729024) AND (id <= 3729124))

table 2 : explain SELECT id FROM sbtest2 WHERE id BETWEEN 3729024 AND 3729124
	Index Only Scan using sbtest2_pkey on sbtest2  (cost=0.43..6.33 rows=95 width=4)
	  Index Cond: ((id >= 3729024) AND (id <= 3729124))

table 3 : explain SELECT id FROM sbtest3 WHERE id BETWEEN 3729024 AND 3729124
	Index Only Scan using sbtest3_pkey on sbtest3  (cost=0.43..6.42 rows=99 width=4)
	  Index Cond: ((id >= 3729024) AND (id <= 3729124))

table 4 : explain SELECT id FROM sbtest4 WHERE id BETWEEN 3729024 AND 3729124
	Index Only Scan using sbtest4_pkey on sbtest4  (cost=0.43..6.33 rows=95 width=4)
	  Index Cond: ((id >= 3729024) AND (id <= 3729124))

table 5 : explain SELECT id FROM sbtest5 WHERE id BETWEEN 3729024 AND 3729124
	Index Only Scan using sbtest5_pkey on sbtest5  (cost=0.43..6.53 rows=105 width=4)
	  Index Cond: ((id >= 3729024) AND (id <= 3729124))

table 6 : explain SELECT id FROM sbtest6 WHERE id BETWEEN 3729024 AND 3729124
	Index Only Scan using sbtest6_pkey on sbtest6  (cost=0.43..6.33 rows=95 width=4)
	  Index Cond: ((id >= 3729024) AND (id <= 3729124))

table 7 : explain SELECT id FROM sbtest7 WHERE id BETWEEN 3729024 AND 3729124
	Index Only Scan using sbtest7_pkey on sbtest7  (cost=0.43..6.45 rows=101 width=4)
	  Index Cond: ((id >= 3729024) AND (id <= 3729124))

table 8 : explain SELECT id FROM sbtest8 WHERE id BETWEEN 3729024 AND 3729124
	Index Only Scan using sbtest8_pkey on sbtest8  (cost=0.43..6.43 rows=100 width=4)
	  Index Cond: ((id >= 3729024) AND (id <= 3729124))

for range-covered
table 1 : explain SELECT id FROM sbtest1 WHERE id BETWEEN 1567291 AND 1567391
	Index Only Scan using sbtest1_pkey on sbtest1  (cost=0.43..6.43 rows=100 width=4)
	  Index Cond: ((id >= 1567291) AND (id <= 1567391))

table 2 : explain SELECT id FROM sbtest2 WHERE id BETWEEN 1567291 AND 1567391
	Index Only Scan using sbtest2_pkey on sbtest2  (cost=0.43..6.45 rows=101 width=4)
	  Index Cond: ((id >= 1567291) AND (id <= 1567391))

table 3 : explain SELECT id FROM sbtest3 WHERE id BETWEEN 1567291 AND 1567391
	Index Only Scan using sbtest3_pkey on sbtest3  (cost=0.43..6.50 rows=103 width=4)
	  Index Cond: ((id >= 1567291) AND (id <= 1567391))

table 4 : explain SELECT id FROM sbtest4 WHERE id BETWEEN 1567291 AND 1567391
	Index Only Scan using sbtest4_pkey on sbtest4  (cost=0.43..6.45 rows=101 width=4)
	  Index Cond: ((id >= 1567291) AND (id <= 1567391))

table 5 : explain SELECT id FROM sbtest5 WHERE id BETWEEN 1567291 AND 1567391
	Index Only Scan using sbtest5_pkey on sbtest5  (cost=0.43..6.56 rows=106 width=4)
	  Index Cond: ((id >= 1567291) AND (id <= 1567391))

table 6 : explain SELECT id FROM sbtest6 WHERE id BETWEEN 1567291 AND 1567391
	Index Only Scan using sbtest6_pkey on sbtest6  (cost=0.43..6.43 rows=100 width=4)
	  Index Cond: ((id >= 1567291) AND (id <= 1567391))

table 7 : explain SELECT id FROM sbtest7 WHERE id BETWEEN 1567291 AND 1567391
	Index Only Scan using sbtest7_pkey on sbtest7  (cost=0.43..6.35 rows=96 width=4)
	  Index Cond: ((id >= 1567291) AND (id <= 1567391))

table 8 : explain SELECT id FROM sbtest8 WHERE id BETWEEN 1567291 AND 1567391
	Index Only Scan using sbtest8_pkey on sbtest8  (cost=0.43..6.61 rows=109 width=4)
	  Index Cond: ((id >= 1567291) AND (id <= 1567391))

explain: for range-covered :: explain SELECT id FROM sbtest%d WHERE id BETWEEN 3729024 AND 3729124
explain: for range-covered :: explain SELECT id FROM sbtest%d WHERE id BETWEEN 1567291 AND 1567391
for range-covered
table 1 : explain SELECT id FROM sbtest1 WHERE id BETWEEN 1814896 AND 1814996
	Index Only Scan using sbtest1_pkey on sbtest1  (cost=0.43..6.24 rows=90 width=4)
	  Index Cond: ((id >= 1814896) AND (id <= 1814996))

table 2 : explain SELECT id FROM sbtest2 WHERE id BETWEEN 1814896 AND 1814996
	Index Only Scan using sbtest2_pkey on sbtest2  (cost=0.43..6.53 rows=105 width=4)
	  Index Cond: ((id >= 1814896) AND (id <= 1814996))

table 3 : explain SELECT id FROM sbtest3 WHERE id BETWEEN 1814896 AND 1814996
	Index Only Scan using sbtest3_pkey on sbtest3  (cost=0.43..6.51 rows=104 width=4)
	  Index Cond: ((id >= 1814896) AND (id <= 1814996))

table 4 : explain SELECT id FROM sbtest4 WHERE id BETWEEN 1814896 AND 1814996
	Index Only Scan using sbtest4_pkey on sbtest4  (cost=0.43..6.40 rows=98 width=4)
	  Index Cond: ((id >= 1814896) AND (id <= 1814996))

table 5 : explain SELECT id FROM sbtest5 WHERE id BETWEEN 1814896 AND 1814996
	Index Only Scan using sbtest5_pkey on sbtest5  (cost=0.43..6.40 rows=98 width=4)
	  Index Cond: ((id >= 1814896) AND (id <= 1814996))

table 6 : explain SELECT id FROM sbtest6 WHERE id BETWEEN 1814896 AND 1814996
	Index Only Scan using sbtest6_pkey on sbtest6  (cost=0.43..6.37 rows=97 width=4)
	  Index Cond: ((id >= 1814896) AND (id <= 1814996))

table 7 : explain SELECT id FROM sbtest7 WHERE id BETWEEN 1814896 AND 1814996
	Index Only Scan using sbtest7_pkey on sbtest7  (cost=0.43..6.40 rows=98 width=4)
	  Index Cond: ((id >= 1814896) AND (id <= 1814996))

table 8 : explain SELECT id FROM sbtest8 WHERE id BETWEEN 1814896 AND 1814996
	Index Only Scan using sbtest8_pkey on sbtest8  (cost=0.43..6.33 rows=95 width=4)
	  Index Cond: ((id >= 1814896) AND (id <= 1814996))

explain: for range-covered :: explain SELECT id FROM sbtest%d WHERE id BETWEEN 1814896 AND 1814996
for range-covered
table 1 : explain SELECT id FROM sbtest1 WHERE id BETWEEN 6114280 AND 6114380
	Index Only Scan using sbtest1_pkey on sbtest1  (cost=0.43..6.45 rows=101 width=4)
	  Index Cond: ((id >= 6114280) AND (id <= 6114380))

table 2 : explain SELECT id FROM sbtest2 WHERE id BETWEEN 6114280 AND 6114380
	Index Only Scan using sbtest2_pkey on sbtest2  (cost=0.43..6.35 rows=96 width=4)
	  Index Cond: ((id >= 6114280) AND (id <= 6114380))

table 3 : explain SELECT id FROM sbtest3 WHERE id BETWEEN 6114280 AND 6114380
	Index Only Scan using sbtest3_pkey on sbtest3  (cost=0.43..6.72 rows=114 width=4)
	  Index Cond: ((id >= 6114280) AND (id <= 6114380))

table 4 : explain SELECT id FROM sbtest4 WHERE id BETWEEN 6114280 AND 6114380
	Index Only Scan using sbtest4_pkey on sbtest4  (cost=0.43..6.40 rows=98 width=4)
	  Index Cond: ((id >= 6114280) AND (id <= 6114380))

table 5 : explain SELECT id FROM sbtest5 WHERE id BETWEEN 6114280 AND 6114380
	Index Only Scan using sbtest5_pkey on sbtest5  (cost=0.43..6.56 rows=106 width=4)
	  Index Cond: ((id >= 6114280) AND (id <= 6114380))

table 6 : explain SELECT id FROM sbtest6 WHERE id BETWEEN 6114280 AND 6114380
	Index Only Scan using sbtest6_pkey on sbtest6  (cost=0.43..6.50 rows=103 width=4)
	  Index Cond: ((id >= 6114280) AND (id <= 6114380))

table 7 : explain SELECT id FROM sbtest7 WHERE id BETWEEN 6114280 AND 6114380
	Index Only Scan using sbtest7_pkey on sbtest7  (cost=0.43..6.42 rows=99 width=4)
	  Index Cond: ((id >= 6114280) AND (id <= 6114380))

table 8 : explain SELECT id FROM sbtest8 WHERE id BETWEEN 6114280 AND 6114380
	Index Only Scan using sbtest8_pkey on sbtest8  (cost=0.43..6.51 rows=104 width=4)
	  Index Cond: ((id >= 6114280) AND (id <= 6114380))

for range-covered
table 1 : explain SELECT id FROM sbtest1 WHERE id BETWEEN 3228082 AND 3228182
	Index Only Scan using sbtest1_pkey on sbtest1  (cost=0.43..6.51 rows=104 width=4)
	  Index Cond: ((id >= 3228082) AND (id <= 3228182))

table 2 : explain SELECT id FROM sbtest2 WHERE id BETWEEN 3228082 AND 3228182
	Index Only Scan using sbtest2_pkey on sbtest2  (cost=0.43..6.47 rows=102 width=4)
	  Index Cond: ((id >= 3228082) AND (id <= 3228182))

table 3 : explain SELECT id FROM sbtest3 WHERE id BETWEEN 3228082 AND 3228182
	Index Only Scan using sbtest3_pkey on sbtest3  (cost=0.43..6.58 rows=107 width=4)
	  Index Cond: ((id >= 3228082) AND (id <= 3228182))

table 4 : explain SELECT id FROM sbtest4 WHERE id BETWEEN 3228082 AND 3228182
	Index Only Scan using sbtest4_pkey on sbtest4  (cost=0.43..6.40 rows=98 width=4)
	  Index Cond: ((id >= 3228082) AND (id <= 3228182))

table 5 : explain SELECT id FROM sbtest5 WHERE id BETWEEN 3228082 AND 3228182
	Index Only Scan using sbtest5_pkey on sbtest5  (cost=0.43..6.53 rows=105 width=4)
	  Index Cond: ((id >= 3228082) AND (id <= 3228182))

table 6 : explain SELECT id FROM sbtest6 WHERE id BETWEEN 3228082 AND 3228182
	Index Only Scan using sbtest6_pkey on sbtest6  (cost=0.43..6.37 rows=97 width=4)
	  Index Cond: ((id >= 3228082) AND (id <= 3228182))

table 7 : explain SELECT id FROM sbtest7 WHERE id BETWEEN 3228082 AND 3228182
	Index Only Scan using sbtest7_pkey on sbtest7  (cost=0.43..6.43 rows=100 width=4)
	  Index Cond: ((id >= 3228082) AND (id <= 3228182))

table 8 : explain SELECT id FROM sbtest8 WHERE id BETWEEN 3228082 AND 3228182
	Index Only Scan using sbtest8_pkey on sbtest8  (cost=0.43..6.56 rows=106 width=4)
	  Index Cond: ((id >= 3228082) AND (id <= 3228182))

explain: for range-covered :: explain SELECT id FROM sbtest%d WHERE id BETWEEN 6114280 AND 6114380
for range-covered
table 1 : explain SELECT id FROM sbtest1 WHERE id BETWEEN 5526257 AND 5526357
	Index Only Scan using sbtest1_pkey on sbtest1  (cost=0.43..6.69 rows=113 width=4)
	  Index Cond: ((id >= 5526257) AND (id <= 5526357))

table 2 : explain SELECT id FROM sbtest2 WHERE id BETWEEN 5526257 AND 5526357
	Index Only Scan using sbtest2_pkey on sbtest2  (cost=0.43..6.63 rows=110 width=4)
	  Index Cond: ((id >= 5526257) AND (id <= 5526357))

table 3 : explain SELECT id FROM sbtest3 WHERE id BETWEEN 5526257 AND 5526357
	Index Only Scan using sbtest3_pkey on sbtest3  (cost=0.43..6.29 rows=93 width=4)
	  Index Cond: ((id >= 5526257) AND (id <= 5526357))

table 4 : explain SELECT id FROM sbtest4 WHERE id BETWEEN 5526257 AND 5526357
	Index Only Scan using sbtest4_pkey on sbtest4  (cost=0.43..6.45 rows=101 width=4)
	  Index Cond: ((id >= 5526257) AND (id <= 5526357))

table 5 : explain SELECT id FROM sbtest5 WHERE id BETWEEN 5526257 AND 5526357
	Index Only Scan using sbtest5_pkey on sbtest5  (cost=0.43..6.24 rows=90 width=4)
	  Index Cond: ((id >= 5526257) AND (id <= 5526357))

table 6 : explain SELECT id FROM sbtest6 WHERE id BETWEEN 5526257 AND 5526357
	Index Only Scan using sbtest6_pkey on sbtest6  (cost=0.43..6.37 rows=97 width=4)
	  Index Cond: ((id >= 5526257) AND (id <= 5526357))

table 7 : explain SELECT id FROM sbtest7 WHERE id BETWEEN 5526257 AND 5526357
	Index Only Scan using sbtest7_pkey on sbtest7  (cost=0.43..6.61 rows=109 width=4)
	  Index Cond: ((id >= 5526257) AND (id <= 5526357))

table 8 : explain SELECT id FROM sbtest8 WHERE id BETWEEN 5526257 AND 5526357
	Index Only Scan using sbtest8_pkey on sbtest8  (cost=0.43..6.56 rows=106 width=4)
	  Index Cond: ((id >= 5526257) AND (id <= 5526357))

explain: for range-covered :: explain SELECT id FROM sbtest%d WHERE id BETWEEN 3228082 AND 3228182
explain: for range-covered :: explain SELECT id FROM sbtest%d WHERE id BETWEEN 5526257 AND 5526357
for range-covered
table 1 : explain SELECT id FROM sbtest1 WHERE id BETWEEN 1567291 AND 1567391
	Index Only Scan using sbtest1_pkey on sbtest1  (cost=0.43..6.43 rows=100 width=4)
	  Index Cond: ((id >= 1567291) AND (id <= 1567391))

table 2 : explain SELECT id FROM sbtest2 WHERE id BETWEEN 1567291 AND 1567391
	Index Only Scan using sbtest2_pkey on sbtest2  (cost=0.43..6.45 rows=101 width=4)
	  Index Cond: ((id >= 1567291) AND (id <= 1567391))

table 3 : explain SELECT id FROM sbtest3 WHERE id BETWEEN 1567291 AND 1567391
	Index Only Scan using sbtest3_pkey on sbtest3  (cost=0.43..6.50 rows=103 width=4)
	  Index Cond: ((id >= 1567291) AND (id <= 1567391))

table 4 : explain SELECT id FROM sbtest4 WHERE id BETWEEN 1567291 AND 1567391
	Index Only Scan using sbtest4_pkey on sbtest4  (cost=0.43..6.45 rows=101 width=4)
	  Index Cond: ((id >= 1567291) AND (id <= 1567391))

table 5 : explain SELECT id FROM sbtest5 WHERE id BETWEEN 1567291 AND 1567391
	Index Only Scan using sbtest5_pkey on sbtest5  (cost=0.43..6.56 rows=106 width=4)
	  Index Cond: ((id >= 1567291) AND (id <= 1567391))

table 6 : explain SELECT id FROM sbtest6 WHERE id BETWEEN 1567291 AND 1567391
	Index Only Scan using sbtest6_pkey on sbtest6  (cost=0.43..6.43 rows=100 width=4)
	  Index Cond: ((id >= 1567291) AND (id <= 1567391))

table 7 : explain SELECT id FROM sbtest7 WHERE id BETWEEN 1567291 AND 1567391
	Index Only Scan using sbtest7_pkey on sbtest7  (cost=0.43..6.35 rows=96 width=4)
	  Index Cond: ((id >= 1567291) AND (id <= 1567391))

table 8 : explain SELECT id FROM sbtest8 WHERE id BETWEEN 1567291 AND 1567391
	Index Only Scan using sbtest8_pkey on sbtest8  (cost=0.43..6.61 rows=109 width=4)
	  Index Cond: ((id >= 1567291) AND (id <= 1567391))

explain: for range-covered :: explain SELECT id FROM sbtest%d WHERE id BETWEEN 1567291 AND 1567391for range-covered
table 1 : explain SELECT id FROM sbtest1 WHERE id BETWEEN 3729024 AND 3729124
	Index Only Scan using sbtest1_pkey on sbtest1  (cost=0.43..6.61 rows=109 width=4)
	  Index Cond: ((id >= 3729024) AND (id <= 3729124))

table 2 : explain SELECT id FROM sbtest2 WHERE id BETWEEN 3729024 AND 3729124
	Index Only Scan using sbtest2_pkey on sbtest2  (cost=0.43..6.33 rows=95 width=4)
	  Index Cond: ((id >= 3729024) AND (id <= 3729124))

table 3 : explain SELECT id FROM sbtest3 WHERE id BETWEEN 3729024 AND 3729124
	Index Only Scan using sbtest3_pkey on sbtest3  (cost=0.43..6.42 rows=99 width=4)
	  Index Cond: ((id >= 3729024) AND (id <= 3729124))

table 4 : explain SELECT id FROM sbtest4 WHERE id BETWEEN 3729024 AND 3729124
	Index Only Scan using sbtest4_pkey on sbtest4  (cost=0.43..6.33 rows=95 width=4)
	  Index Cond: ((id >= 3729024) AND (id <= 3729124))

table 5 : explain SELECT id FROM sbtest5 WHERE id BETWEEN 3729024 AND 3729124
	Index Only Scan using sbtest5_pkey on sbtest5  (cost=0.43..6.53 rows=105 width=4)
	  Index Cond: ((id >= 3729024) AND (id <= 3729124))

table 6 : explain SELECT id FROM sbtest6 WHERE id BETWEEN 3729024 AND 3729124
	Index Only Scan using sbtest6_pkey on sbtest6  (cost=0.43..6.33 rows=95 width=4)
	  Index Cond: ((id >= 3729024) AND (id <= 3729124))

table 7 : explain SELECT id FROM sbtest7 WHERE id BETWEEN 3729024 AND 3729124
	Index Only Scan using sbtest7_pkey on sbtest7  (cost=0.43..6.45 rows=101 width=4)
	  Index Cond: ((id >= 3729024) AND (id <= 3729124))

table 8 : explain SELECT id FROM sbtest8 WHERE id BETWEEN 3729024 AND 3729124
	Index Only Scan using sbtest8_pkey on sbtest8  (cost=0.43..6.43 rows=100 width=4)
	  Index Cond: ((id >= 3729024) AND (id <= 3729124))


explain: for range-covered :: explain SELECT id FROM sbtest%d WHERE id BETWEEN 3729024 AND 3729124
for range-covered
table 1 : explain SELECT id FROM sbtest1 WHERE id BETWEEN 6532672 AND 6532772
	Index Only Scan using sbtest1_pkey on sbtest1  (cost=0.43..6.53 rows=105 width=4)
	  Index Cond: ((id >= 6532672) AND (id <= 6532772))

table 2 : explain SELECT id FROM sbtest2 WHERE id BETWEEN 6532672 AND 6532772
	Index Only Scan using sbtest2_pkey on sbtest2  (cost=0.43..6.69 rows=113 width=4)
	  Index Cond: ((id >= 6532672) AND (id <= 6532772))

table 3 : explain SELECT id FROM sbtest3 WHERE id BETWEEN 6532672 AND 6532772
	Index Only Scan using sbtest3_pkey on sbtest3  (cost=0.43..6.56 rows=106 width=4)
	  Index Cond: ((id >= 6532672) AND (id <= 6532772))

table 4 : explain SELECT id FROM sbtest4 WHERE id BETWEEN 6532672 AND 6532772
	Index Only Scan using sbtest4_pkey on sbtest4  (cost=0.43..6.51 rows=104 width=4)
	  Index Cond: ((id >= 6532672) AND (id <= 6532772))

table 5 : explain SELECT id FROM sbtest5 WHERE id BETWEEN 6532672 AND 6532772
	Index Only Scan using sbtest5_pkey on sbtest5  (cost=0.43..6.32 rows=94 width=4)
	  Index Cond: ((id >= 6532672) AND (id <= 6532772))

table 6 : explain SELECT id FROM sbtest6 WHERE id BETWEEN 6532672 AND 6532772
	Index Only Scan using sbtest6_pkey on sbtest6  (cost=0.43..6.53 rows=105 width=4)
	  Index Cond: ((id >= 6532672) AND (id <= 6532772))

table 7 : explain SELECT id FROM sbtest7 WHERE id BETWEEN 6532672 AND 6532772
	Index Only Scan using sbtest7_pkey on sbtest7  (cost=0.43..6.58 rows=107 width=4)
	  Index Cond: ((id >= 6532672) AND (id <= 6532772))

table 8 : explain SELECT id FROM sbtest8 WHERE id BETWEEN 6532672 AND 6532772
	Index Only Scan using sbtest8_pkey on sbtest8  (cost=0.43..6.37 rows=97 width=4)
	  Index Cond: ((id >= 6532672) AND (id <= 6532772))
for range-covered
table 1 : explain SELECT id FROM sbtest1 WHERE id BETWEEN 1814896 AND 1814996
	Index Only Scan using sbtest1_pkey on sbtest1  (cost=0.43..6.24 rows=90 width=4)
	  Index Cond: ((id >= 1814896) AND (id <= 1814996))

table 2 : explain SELECT id FROM sbtest2 WHERE id BETWEEN 1814896 AND 1814996
	Index Only Scan using sbtest2_pkey on sbtest2  (cost=0.43..6.53 rows=105 width=4)
	  Index Cond: ((id >= 1814896) AND (id <= 1814996))

table 3 : explain SELECT id FROM sbtest3 WHERE id BETWEEN 1814896 AND 1814996
	Index Only Scan using sbtest3_pkey on sbtest3  (cost=0.43..6.51 rows=104 width=4)
	  Index Cond: ((id >= 1814896) AND (id <= 1814996))

table 4 : explain SELECT id FROM sbtest4 WHERE id BETWEEN 1814896 AND 1814996
	Index Only Scan using sbtest4_pkey on sbtest4  (cost=0.43..6.40 rows=98 width=4)
	  Index Cond: ((id >= 1814896) AND (id <= 1814996))

table 5 : explain SELECT id FROM sbtest5 WHERE id BETWEEN 1814896 AND 1814996
	Index Only Scan using sbtest5_pkey on sbtest5  (cost=0.43..6.40 rows=98 width=4)
	  Index Cond: ((id >= 1814896) AND (id <= 1814996))

table 6 : explain SELECT id FROM sbtest6 WHERE id BETWEEN 1814896 AND 1814996
	Index Only Scan using sbtest6_pkey on sbtest6  (cost=0.43..6.37 rows=97 width=4)
	  Index Cond: ((id >= 1814896) AND (id <= 1814996))

table 7 : explain SELECT id FROM sbtest7 WHERE id BETWEEN 1814896 AND 1814996
	Index Only Scan using sbtest7_pkey on sbtest7  (cost=0.43..6.40 rows=98 width=4)
	  Index Cond: ((id >= 1814896) AND (id <= 1814996))

table 8 : explain SELECT id FROM sbtest8 WHERE id BETWEEN 1814896 AND 1814996
	Index Only Scan using sbtest8_pkey on sbtest8  (cost=0.43..6.33 rows=95 width=4)
	  Index Cond: ((id >= 1814896) AND (id <= 1814996))


explain: for range-covered :: explain SELECT id FROM sbtest%d WHERE id BETWEEN 1814896 AND 1814996
explain: for range-covered :: explain SELECT id FROM sbtest%d WHERE id BETWEEN 6532672 AND 6532772
for range-covered
table 1 : explain SELECT id FROM sbtest1 WHERE id BETWEEN 6114280 AND 6114380
	Index Only Scan using sbtest1_pkey on sbtest1  (cost=0.43..6.45 rows=101 width=4)
	  Index Cond: ((id >= 6114280) AND (id <= 6114380))

table 2 : explain SELECT id FROM sbtest2 WHERE id BETWEEN 6114280 AND 6114380
	Index Only Scan using sbtest2_pkey on sbtest2  (cost=0.43..6.35 rows=96 width=4)
	  Index Cond: ((id >= 6114280) AND (id <= 6114380))

table 3 : explain SELECT id FROM sbtest3 WHERE id BETWEEN 6114280 AND 6114380
	Index Only Scan using sbtest3_pkey on sbtest3  (cost=0.43..6.72 rows=114 width=4)
	  Index Cond: ((id >= 6114280) AND (id <= 6114380))

table 4 : explain SELECT id FROM sbtest4 WHERE id BETWEEN 6114280 AND 6114380
	Index Only Scan using sbtest4_pkey on sbtest4  (cost=0.43..6.40 rows=98 width=4)
	  Index Cond: ((id >= 6114280) AND (id <= 6114380))

table 5 : explain SELECT id FROM sbtest5 WHERE id BETWEEN 6114280 AND 6114380
	Index Only Scan using sbtest5_pkey on sbtest5  (cost=0.43..6.56 rows=106 width=4)
	  Index Cond: ((id >= 6114280) AND (id <= 6114380))

table 6 : explain SELECT id FROM sbtest6 WHERE id BETWEEN 6114280 AND 6114380
	Index Only Scan using sbtest6_pkey on sbtest6  (cost=0.43..6.50 rows=103 width=4)
	  Index Cond: ((id >= 6114280) AND (id <= 6114380))

table 7 : explain SELECT id FROM sbtest7 WHERE id BETWEEN 6114280 AND 6114380
	Index Only Scan using sbtest7_pkey on sbtest7  (cost=0.43..6.42 rows=99 width=4)
	  Index Cond: ((id >= 6114280) AND (id <= 6114380))

table 8 : explain SELECT id FROM sbtest8 WHERE id BETWEEN 6114280 AND 6114380
	Index Only Scan using sbtest8_pkey on sbtest8  (cost=0.43..6.51 rows=104 width=4)
	  Index Cond: ((id >= 6114280) AND (id <= 6114380))

for range-covered
table 1 : explain SELECT id FROM sbtest1 WHERE id BETWEEN 3228082 AND 3228182
	Index Only Scan using sbtest1_pkey on sbtest1  (cost=0.43..6.51 rows=104 width=4)
	  Index Cond: ((id >= 3228082) AND (id <= 3228182))

table 2 : explain SELECT id FROM sbtest2 WHERE id BETWEEN 3228082 AND 3228182
	Index Only Scan using sbtest2_pkey on sbtest2  (cost=0.43..6.47 rows=102 width=4)
	  Index Cond: ((id >= 3228082) AND (id <= 3228182))

table 3 : explain SELECT id FROM sbtest3 WHERE id BETWEEN 3228082 AND 3228182
	Index Only Scan using sbtest3_pkey on sbtest3  (cost=0.43..6.58 rows=107 width=4)
	  Index Cond: ((id >= 3228082) AND (id <= 3228182))

table 4 : explain SELECT id FROM sbtest4 WHERE id BETWEEN 3228082 AND 3228182
	Index Only Scan using sbtest4_pkey on sbtest4  (cost=0.43..6.40 rows=98 width=4)
	  Index Cond: ((id >= 3228082) AND (id <= 3228182))

table 5 : explain SELECT id FROM sbtest5 WHERE id BETWEEN 3228082 AND 3228182
	Index Only Scan using sbtest5_pkey on sbtest5  (cost=0.43..6.53 rows=105 width=4)
	  Index Cond: ((id >= 3228082) AND (id <= 3228182))

table 6 : explain SELECT id FROM sbtest6 WHERE id BETWEEN 3228082 AND 3228182
	Index Only Scan using sbtest6_pkey on sbtest6  (cost=0.43..6.37 rows=97 width=4)
	  Index Cond: ((id >= 3228082) AND (id <= 3228182))

table 7 : explain SELECT id FROM sbtest7 WHERE id BETWEEN 3228082 AND 3228182
	Index Only Scan using sbtest7_pkey on sbtest7  (cost=0.43..6.43 rows=100 width=4)
	  Index Cond: ((id >= 3228082) AND (id <= 3228182))

table 8 : explain SELECT id FROM sbtest8 WHERE id BETWEEN 3228082 AND 3228182
	Index Only Scan using sbtest8_pkey on sbtest8  (cost=0.43..6.56 rows=106 width=4)
	  Index Cond: ((id >= 3228082) AND (id <= 3228182))

for range-covered
table 1 : explain SELECT id FROM sbtest1 WHERE id BETWEEN 5526257 AND 5526357
	Index Only Scan using sbtest1_pkey on sbtest1  (cost=0.43..6.69 rows=113 width=4)
	  Index Cond: ((id >= 5526257) AND (id <= 5526357))

table 2 : explain SELECT id FROM sbtest2 WHERE id BETWEEN 5526257 AND 5526357
	Index Only Scan using sbtest2_pkey on sbtest2  (cost=0.43..6.63 rows=110 width=4)
	  Index Cond: ((id >= 5526257) AND (id <= 5526357))

table 3 : explain SELECT id FROM sbtest3 WHERE id BETWEEN 5526257 AND 5526357
	Index Only Scan using sbtest3_pkey on sbtest3  (cost=0.43..6.29 rows=93 width=4)
	  Index Cond: ((id >= 5526257) AND (id <= 5526357))

table 4 : explain SELECT id FROM sbtest4 WHERE id BETWEEN 5526257 AND 5526357
	Index Only Scan using sbtest4_pkey on sbtest4  (cost=0.43..6.45 rows=101 width=4)
	  Index Cond: ((id >= 5526257) AND (id <= 5526357))

table 5 : explain SELECT id FROM sbtest5 WHERE id BETWEEN 5526257 AND 5526357
	Index Only Scan using sbtest5_pkey on sbtest5  (cost=0.43..6.24 rows=90 width=4)
	  Index Cond: ((id >= 5526257) AND (id <= 5526357))

table 6 : explain SELECT id FROM sbtest6 WHERE id BETWEEN 5526257 AND 5526357
	Index Only Scan using sbtest6_pkey on sbtest6  (cost=0.43..6.37 rows=97 width=4)
	  Index Cond: ((id >= 5526257) AND (id <= 5526357))

table 7 : explain SELECT id FROM sbtest7 WHERE id BETWEEN 5526257 AND 5526357
	Index Only Scan using sbtest7_pkey on sbtest7  (cost=0.43..6.61 rows=109 width=4)
	  Index Cond: ((id >= 5526257) AND (id <= 5526357))

table 8 : explain SELECT id FROM sbtest8 WHERE id BETWEEN 5526257 AND 5526357
	Index Only Scan using sbtest8_pkey on sbtest8  (cost=0.43..6.56 rows=106 width=4)
	  Index Cond: ((id >= 5526257) AND (id <= 5526357))

explain: for range-covered :: explain SELECT id FROM sbtest%d WHERE id BETWEEN 3228082 AND 3228182
for range-covered
table 1 : explain SELECT id FROM sbtest1 WHERE id BETWEEN 1567291 AND 1567391
	Index Only Scan using sbtest1_pkey on sbtest1  (cost=0.43..6.43 rows=100 width=4)
	  Index Cond: ((id >= 1567291) AND (id <= 1567391))

table 2 : explain SELECT id FROM sbtest2 WHERE id BETWEEN 1567291 AND 1567391
	Index Only Scan using sbtest2_pkey on sbtest2  (cost=0.43..6.45 rows=101 width=4)
	  Index Cond: ((id >= 1567291) AND (id <= 1567391))

table 3 : explain SELECT id FROM sbtest3 WHERE id BETWEEN 1567291 AND 1567391
	Index Only Scan using sbtest3_pkey on sbtest3  (cost=0.43..6.50 rows=103 width=4)
	  Index Cond: ((id >= 1567291) AND (id <= 1567391))

table 4 : explain SELECT id FROM sbtest4 WHERE id BETWEEN 1567291 AND 1567391
	Index Only Scan using sbtest4_pkey on sbtest4  (cost=0.43..6.45 rows=101 width=4)
	  Index Cond: ((id >= 1567291) AND (id <= 1567391))

table 5 : explain SELECT id FROM sbtest5 WHERE id BETWEEN 1567291 AND 1567391
	Index Only Scan using sbtest5_pkey on sbtest5  (cost=0.43..6.56 rows=106 width=4)
	  Index Cond: ((id >= 1567291) AND (id <= 1567391))

table 6 : explain SELECT id FROM sbtest6 WHERE id BETWEEN 1567291 AND 1567391
	Index Only Scan using sbtest6_pkey on sbtest6  (cost=0.43..6.43 rows=100 width=4)
	  Index Cond: ((id >= 1567291) AND (id <= 1567391))

table 7 : explain SELECT id FROM sbtest7 WHERE id BETWEEN 1567291 AND 1567391
	Index Only Scan using sbtest7_pkey on sbtest7  (cost=0.43..6.35 rows=96 width=4)
	  Index Cond: ((id >= 1567291) AND (id <= 1567391))

table 8 : explain SELECT id FROM sbtest8 WHERE id BETWEEN 1567291 AND 1567391
	Index Only Scan using sbtest8_pkey on sbtest8  (cost=0.43..6.61 rows=109 width=4)
	  Index Cond: ((id >= 1567291) AND (id <= 1567391))

for range-covered
table 1 : explain SELECT id FROM sbtest1 WHERE id BETWEEN 3729024 AND 3729124
	Index Only Scan using sbtest1_pkey on sbtest1  (cost=0.43..6.61 rows=109 width=4)
	  Index Cond: ((id >= 3729024) AND (id <= 3729124))

table 2 : explain SELECT id FROM sbtest2 WHERE id BETWEEN 3729024 AND 3729124
	Index Only Scan using sbtest2_pkey on sbtest2  (cost=0.43..6.33 rows=95 width=4)
	  Index Cond: ((id >= 3729024) AND (id <= 3729124))

table 3 : explain SELECT id FROM sbtest3 WHERE id BETWEEN 3729024 AND 3729124
	Index Only Scan using sbtest3_pkey on sbtest3  (cost=0.43..6.42 rows=99 width=4)
	  Index Cond: ((id >= 3729024) AND (id <= 3729124))

table 4 : explain SELECT id FROM sbtest4 WHERE id BETWEEN 3729024 AND 3729124
	Index Only Scan using sbtest4_pkey on sbtest4  (cost=0.43..6.33 rows=95 width=4)
	  Index Cond: ((id >= 3729024) AND (id <= 3729124))

table 5 : explain SELECT id FROM sbtest5 WHERE id BETWEEN 3729024 AND 3729124
	Index Only Scan using sbtest5_pkey on sbtest5  (cost=0.43..6.53 rows=105 width=4)
	  Index Cond: ((id >= 3729024) AND (id <= 3729124))

table 6 : explain SELECT id FROM sbtest6 WHERE id BETWEEN 3729024 AND 3729124
	Index Only Scan using sbtest6_pkey on sbtest6  (cost=0.43..6.33 rows=95 width=4)
	  Index Cond: ((id >= 3729024) AND (id <= 3729124))

table 7 : explain SELECT id FROM sbtest7 WHERE id BETWEEN 3729024 AND 3729124
	Index Only Scan using sbtest7_pkey on sbtest7  (cost=0.43..6.45 rows=101 width=4)
	  Index Cond: ((id >= 3729024) AND (id <= 3729124))

table 8 : explain SELECT id FROM sbtest8 WHERE id BETWEEN 3729024 AND 3729124
	Index Only Scan using sbtest8_pkey on sbtest8  (cost=0.43..6.43 rows=100 width=4)
	  Index Cond: ((id >= 3729024) AND (id <= 3729124))

explain: for range-covered :: explain SELECT id FROM sbtest%d WHERE id BETWEEN 1567291 AND 1567391
explain: for range-covered :: explain SELECT id FROM sbtest%d WHERE id BETWEEN 3729024 AND 3729124
for range-covered
table 1 : explain SELECT id FROM sbtest1 WHERE id BETWEEN 1814896 AND 1814996
	Index Only Scan using sbtest1_pkey on sbtest1  (cost=0.43..6.24 rows=90 width=4)
	  Index Cond: ((id >= 1814896) AND (id <= 1814996))

table 2 : explain SELECT id FROM sbtest2 WHERE id BETWEEN 1814896 AND 1814996
	Index Only Scan using sbtest2_pkey on sbtest2  (cost=0.43..6.53 rows=105 width=4)
	  Index Cond: ((id >= 1814896) AND (id <= 1814996))

table 3 : explain SELECT id FROM sbtest3 WHERE id BETWEEN 1814896 AND 1814996
	Index Only Scan using sbtest3_pkey on sbtest3  (cost=0.43..6.51 rows=104 width=4)
	  Index Cond: ((id >= 1814896) AND (id <= 1814996))

table 4 : explain SELECT id FROM sbtest4 WHERE id BETWEEN 1814896 AND 1814996
	Index Only Scan using sbtest4_pkey on sbtest4  (cost=0.43..6.40 rows=98 width=4)
	  Index Cond: ((id >= 1814896) AND (id <= 1814996))

table 5 : explain SELECT id FROM sbtest5 WHERE id BETWEEN 1814896 AND 1814996
	Index Only Scan using sbtest5_pkey on sbtest5  (cost=0.43..6.40 rows=98 width=4)
	  Index Cond: ((id >= 1814896) AND (id <= 1814996))

table 6 : explain SELECT id FROM sbtest6 WHERE id BETWEEN 1814896 AND 1814996
	Index Only Scan using sbtest6_pkey on sbtest6  (cost=0.43..6.37 rows=97 width=4)
	  Index Cond: ((id >= 1814896) AND (id <= 1814996))

table 7 : explain SELECT id FROM sbtest7 WHERE id BETWEEN 1814896 AND 1814996
	Index Only Scan using sbtest7_pkey on sbtest7  (cost=0.43..6.40 rows=98 width=4)
	  Index Cond: ((id >= 1814896) AND (id <= 1814996))

table 8 : explain SELECT id FROM sbtest8 WHERE id BETWEEN 1814896 AND 1814996
	Index Only Scan using sbtest8_pkey on sbtest8  (cost=0.43..6.33 rows=95 width=4)
	  Index Cond: ((id >= 1814896) AND (id <= 1814996))

explain: for range-covered :: explain SELECT id FROM sbtest%d WHERE id BETWEEN 1814896 AND 1814996
for range-covered
table 1 : explain SELECT id FROM sbtest1 WHERE id BETWEEN 3228082 AND 3228182
	Index Only Scan using sbtest1_pkey on sbtest1  (cost=0.43..6.51 rows=104 width=4)
	  Index Cond: ((id >= 3228082) AND (id <= 3228182))

table 2 : explain SELECT id FROM sbtest2 WHERE id BETWEEN 3228082 AND 3228182
	Index Only Scan using sbtest2_pkey on sbtest2  (cost=0.43..6.47 rows=102 width=4)
	  Index Cond: ((id >= 3228082) AND (id <= 3228182))

table 3 : explain SELECT id FROM sbtest3 WHERE id BETWEEN 3228082 AND 3228182
	Index Only Scan using sbtest3_pkey on sbtest3  (cost=0.43..6.58 rows=107 width=4)
	  Index Cond: ((id >= 3228082) AND (id <= 3228182))

table 4 : explain SELECT id FROM sbtest4 WHERE id BETWEEN 3228082 AND 3228182
	Index Only Scan using sbtest4_pkey on sbtest4  (cost=0.43..6.40 rows=98 width=4)
	  Index Cond: ((id >= 3228082) AND (id <= 3228182))

table 5 : explain SELECT id FROM sbtest5 WHERE id BETWEEN 3228082 AND 3228182
	Index Only Scan using sbtest5_pkey on sbtest5  (cost=0.43..6.53 rows=105 width=4)
	  Index Cond: ((id >= 3228082) AND (id <= 3228182))

table 6 : explain SELECT id FROM sbtest6 WHERE id BETWEEN 3228082 AND 3228182
	Index Only Scan using sbtest6_pkey on sbtest6  (cost=0.43..6.37 rows=97 width=4)
	  Index Cond: ((id >= 3228082) AND (id <= 3228182))

table 7 : explain SELECT id FROM sbtest7 WHERE id BETWEEN 3228082 AND 3228182
	Index Only Scan using sbtest7_pkey on sbtest7  (cost=0.43..6.43 rows=100 width=4)
	  Index Cond: ((id >= 3228082) AND (id <= 3228182))

table 8 : explain SELECT id FROM sbtest8 WHERE id BETWEEN 3228082 AND 3228182
	Index Only Scan using sbtest8_pkey on sbtest8  (cost=0.43..6.56 rows=106 width=4)
	  Index Cond: ((id >= 3228082) AND (id <= 3228182))

for range-covered
table 1 : explain SELECT id FROM sbtest1 WHERE id BETWEEN 6532672 AND 6532772
	Index Only Scan using sbtest1_pkey on sbtest1  (cost=0.43..6.53 rows=105 width=4)
	  Index Cond: ((id >= 6532672) AND (id <= 6532772))

table 2 : explain SELECT id FROM sbtest2 WHERE id BETWEEN 6532672 AND 6532772
	Index Only Scan using sbtest2_pkey on sbtest2  (cost=0.43..6.69 rows=113 width=4)
	  Index Cond: ((id >= 6532672) AND (id <= 6532772))

table 3 : explain SELECT id FROM sbtest3 WHERE id BETWEEN 6532672 AND 6532772
	Index Only Scan using sbtest3_pkey on sbtest3  (cost=0.43..6.56 rows=106 width=4)
	  Index Cond: ((id >= 6532672) AND (id <= 6532772))

table 4 : explain SELECT id FROM sbtest4 WHERE id BETWEEN 6532672 AND 6532772
	Index Only Scan using sbtest4_pkey on sbtest4  (cost=0.43..6.51 rows=104 width=4)
	  Index Cond: ((id >= 6532672) AND (id <= 6532772))

table 5 : explain SELECT id FROM sbtest5 WHERE id BETWEEN 6532672 AND 6532772
	Index Only Scan using sbtest5_pkey on sbtest5  (cost=0.43..6.32 rows=94 width=4)
	  Index Cond: ((id >= 6532672) AND (id <= 6532772))

table 6 : explain SELECT id FROM sbtest6 WHERE id BETWEEN 6532672 AND 6532772
	Index Only Scan using sbtest6_pkey on sbtest6  (cost=0.43..6.53 rows=105 width=4)
	  Index Cond: ((id >= 6532672) AND (id <= 6532772))

table 7 : explain SELECT id FROM sbtest7 WHERE id BETWEEN 6532672 AND 6532772
	Index Only Scan using sbtest7_pkey on sbtest7  (cost=0.43..6.58 rows=107 width=4)
	  Index Cond: ((id >= 6532672) AND (id <= 6532772))

table 8 : explain SELECT id FROM sbtest8 WHERE id BETWEEN 6532672 AND 6532772
	Index Only Scan using sbtest8_pkey on sbtest8  (cost=0.43..6.37 rows=97 width=4)
	  Index Cond: ((id >= 6532672) AND (id <= 6532772))

explain: for range-covered :: explain SELECT id FROM sbtest%d WHERE id BETWEEN 3228082 AND 3228182
explain: for range-covered :: explain SELECT id FROM sbtest%d WHERE id BETWEEN 6532672 AND 6532772
for range-covered
table 1 : explain SELECT id FROM sbtest1 WHERE id BETWEEN 1567291 AND 1567391
	Index Only Scan using sbtest1_pkey on sbtest1  (cost=0.43..6.43 rows=100 width=4)
	  Index Cond: ((id >= 1567291) AND (id <= 1567391))

table 2 : explain SELECT id FROM sbtest2 WHERE id BETWEEN 1567291 AND 1567391
	Index Only Scan using sbtest2_pkey on sbtest2  (cost=0.43..6.45 rows=101 width=4)
	  Index Cond: ((id >= 1567291) AND (id <= 1567391))

table 3 : explain SELECT id FROM sbtest3 WHERE id BETWEEN 1567291 AND 1567391
	Index Only Scan using sbtest3_pkey on sbtest3  (cost=0.43..6.50 rows=103 width=4)
	  Index Cond: ((id >= 1567291) AND (id <= 1567391))

table 4 : explain SELECT id FROM sbtest4 WHERE id BETWEEN 1567291 AND 1567391
	Index Only Scan using sbtest4_pkey on sbtest4  (cost=0.43..6.45 rows=101 width=4)
	  Index Cond: ((id >= 1567291) AND (id <= 1567391))

table 5 : explain SELECT id FROM sbtest5 WHERE id BETWEEN 1567291 AND 1567391
	Index Only Scan using sbtest5_pkey on sbtest5  (cost=0.43..6.56 rows=106 width=4)
	  Index Cond: ((id >= 1567291) AND (id <= 1567391))

table 6 : explain SELECT id FROM sbtest6 WHERE id BETWEEN 1567291 AND 1567391
	Index Only Scan using sbtest6_pkey on sbtest6  (cost=0.43..6.43 rows=100 width=4)
	  Index Cond: ((id >= 1567291) AND (id <= 1567391))

table 7 : explain SELECT id FROM sbtest7 WHERE id BETWEEN 1567291 AND 1567391
	Index Only Scan using sbtest7_pkey on sbtest7  (cost=0.43..6.35 rows=96 width=4)
	  Index Cond: ((id >= 1567291) AND (id <= 1567391))

table 8 : explain SELECT id FROM sbtest8 WHERE id BETWEEN 1567291 AND 1567391
	Index Only Scan using sbtest8_pkey on sbtest8  (cost=0.43..6.61 rows=109 width=4)
	  Index Cond: ((id >= 1567291) AND (id <= 1567391))

for range-covered
table 1 : explain SELECT id FROM sbtest1 WHERE id BETWEEN 3729024 AND 3729124
	Index Only Scan using sbtest1_pkey on sbtest1  (cost=0.43..6.61 rows=109 width=4)
	  Index Cond: ((id >= 3729024) AND (id <= 3729124))

table 2 : explain SELECT id FROM sbtest2 WHERE id BETWEEN 3729024 AND 3729124
	Index Only Scan using sbtest2_pkey on sbtest2  (cost=0.43..6.33 rows=95 width=4)
	  Index Cond: ((id >= 3729024) AND (id <= 3729124))

table 3 : explain SELECT id FROM sbtest3 WHERE id BETWEEN 3729024 AND 3729124
	Index Only Scan using sbtest3_pkey on sbtest3  (cost=0.43..6.42 rows=99 width=4)
	  Index Cond: ((id >= 3729024) AND (id <= 3729124))

table 4 : explain SELECT id FROM sbtest4 WHERE id BETWEEN 3729024 AND 3729124
	Index Only Scan using sbtest4_pkey on sbtest4  (cost=0.43..6.33 rows=95 width=4)
	  Index Cond: ((id >= 3729024) AND (id <= 3729124))

table 5 : explain SELECT id FROM sbtest5 WHERE id BETWEEN 3729024 AND 3729124
	Index Only Scan using sbtest5_pkey on sbtest5  (cost=0.43..6.53 rows=105 width=4)
	  Index Cond: ((id >= 3729024) AND (id <= 3729124))

table 6 : explain SELECT id FROM sbtest6 WHERE id BETWEEN 3729024 AND 3729124
	Index Only Scan using sbtest6_pkey on sbtest6  (cost=0.43..6.33 rows=95 width=4)
	  Index Cond: ((id >= 3729024) AND (id <= 3729124))

table 7 : explain SELECT id FROM sbtest7 WHERE id BETWEEN 3729024 AND 3729124
	Index Only Scan using sbtest7_pkey on sbtest7  (cost=0.43..6.45 rows=101 width=4)
	  Index Cond: ((id >= 3729024) AND (id <= 3729124))

table 8 : explain SELECT id FROM sbtest8 WHERE id BETWEEN 3729024 AND 3729124
	Index Only Scan using sbtest8_pkey on sbtest8  (cost=0.43..6.43 rows=100 width=4)
	  Index Cond: ((id >= 3729024) AND (id <= 3729124))

explain: for range-covered :: explain SELECT id FROM sbtest%d WHERE id BETWEEN 1567291 AND 1567391
explain: for range-covered :: explain SELECT id FROM sbtest%d WHERE id BETWEEN 3729024 AND 3729124
for range-covered
table 1 : explain SELECT id FROM sbtest1 WHERE id BETWEEN 1814896 AND 1814996
	Index Only Scan using sbtest1_pkey on sbtest1  (cost=0.43..6.24 rows=90 width=4)
	  Index Cond: ((id >= 1814896) AND (id <= 1814996))

table 2 : explain SELECT id FROM sbtest2 WHERE id BETWEEN 1814896 AND 1814996
	Index Only Scan using sbtest2_pkey on sbtest2  (cost=0.43..6.53 rows=105 width=4)
	  Index Cond: ((id >= 1814896) AND (id <= 1814996))

table 3 : explain SELECT id FROM sbtest3 WHERE id BETWEEN 1814896 AND 1814996
	Index Only Scan using sbtest3_pkey on sbtest3  (cost=0.43..6.51 rows=104 width=4)
	  Index Cond: ((id >= 1814896) AND (id <= 1814996))

table 4 : explain SELECT id FROM sbtest4 WHERE id BETWEEN 1814896 AND 1814996
	Index Only Scan using sbtest4_pkey on sbtest4  (cost=0.43..6.40 rows=98 width=4)
	  Index Cond: ((id >= 1814896) AND (id <= 1814996))

table 5 : explain SELECT id FROM sbtest5 WHERE id BETWEEN 1814896 AND 1814996
	Index Only Scan using sbtest5_pkey on sbtest5  (cost=0.43..6.40 rows=98 width=4)
	  Index Cond: ((id >= 1814896) AND (id <= 1814996))

table 6 : explain SELECT id FROM sbtest6 WHERE id BETWEEN 1814896 AND 1814996
	Index Only Scan using sbtest6_pkey on sbtest6  (cost=0.43..6.37 rows=97 width=4)
	  Index Cond: ((id >= 1814896) AND (id <= 1814996))

table 7 : explain SELECT id FROM sbtest7 WHERE id BETWEEN 1814896 AND 1814996
	Index Only Scan using sbtest7_pkey on sbtest7  (cost=0.43..6.40 rows=98 width=4)
	  Index Cond: ((id >= 1814896) AND (id <= 1814996))

table 8 : explain SELECT id FROM sbtest8 WHERE id BETWEEN 1814896 AND 1814996
	Index Only Scan using sbtest8_pkey on sbtest8  (cost=0.43..6.33 rows=95 width=4)
	  Index Cond: ((id >= 1814896) AND (id <= 1814996))

explain: for range-covered :: explain SELECT id FROM sbtest%d WHERE id BETWEEN 1814896 AND 1814996
for range-covered
table 1 : explain SELECT id FROM sbtest1 WHERE id BETWEEN 3228082 AND 3228182
	Index Only Scan using sbtest1_pkey on sbtest1  (cost=0.43..6.51 rows=104 width=4)
	  Index Cond: ((id >= 3228082) AND (id <= 3228182))

table 2 : explain SELECT id FROM sbtest2 WHERE id BETWEEN 3228082 AND 3228182
	Index Only Scan using sbtest2_pkey on sbtest2  (cost=0.43..6.47 rows=102 width=4)
	  Index Cond: ((id >= 3228082) AND (id <= 3228182))

table 3 : explain SELECT id FROM sbtest3 WHERE id BETWEEN 3228082 AND 3228182
	Index Only Scan using sbtest3_pkey on sbtest3  (cost=0.43..6.58 rows=107 width=4)
	  Index Cond: ((id >= 3228082) AND (id <= 3228182))

table 4 : explain SELECT id FROM sbtest4 WHERE id BETWEEN 3228082 AND 3228182
	Index Only Scan using sbtest4_pkey on sbtest4  (cost=0.43..6.40 rows=98 width=4)
	  Index Cond: ((id >= 3228082) AND (id <= 3228182))

table 5 : explain SELECT id FROM sbtest5 WHERE id BETWEEN 3228082 AND 3228182
	Index Only Scan using sbtest5_pkey on sbtest5  (cost=0.43..6.53 rows=105 width=4)
	  Index Cond: ((id >= 3228082) AND (id <= 3228182))

table 6 : explain SELECT id FROM sbtest6 WHERE id BETWEEN 3228082 AND 3228182
	Index Only Scan using sbtest6_pkey on sbtest6  (cost=0.43..6.37 rows=97 width=4)
	  Index Cond: ((id >= 3228082) AND (id <= 3228182))

table 7 : explain SELECT id FROM sbtest7 WHERE id BETWEEN 3228082 AND 3228182
	Index Only Scan using sbtest7_pkey on sbtest7  (cost=0.43..6.43 rows=100 width=4)
	  Index Cond: ((id >= 3228082) AND (id <= 3228182))

table 8 : explain SELECT id FROM sbtest8 WHERE id BETWEEN 3228082 AND 3228182
	Index Only Scan using sbtest8_pkey on sbtest8  (cost=0.43..6.56 rows=106 width=4)
	  Index Cond: ((id >= 3228082) AND (id <= 3228182))

for range-covered
table 1 : explain SELECT id FROM sbtest1 WHERE id BETWEEN 6532672 AND 6532772
	Index Only Scan using sbtest1_pkey on sbtest1  (cost=0.43..6.53 rows=105 width=4)
	  Index Cond: ((id >= 6532672) AND (id <= 6532772))

table 2 : explain SELECT id FROM sbtest2 WHERE id BETWEEN 6532672 AND 6532772
	Index Only Scan using sbtest2_pkey on sbtest2  (cost=0.43..6.69 rows=113 width=4)
	  Index Cond: ((id >= 6532672) AND (id <= 6532772))

table 3 : explain SELECT id FROM sbtest3 WHERE id BETWEEN 6532672 AND 6532772
	Index Only Scan using sbtest3_pkey on sbtest3  (cost=0.43..6.56 rows=106 width=4)
	  Index Cond: ((id >= 6532672) AND (id <= 6532772))

table 4 : explain SELECT id FROM sbtest4 WHERE id BETWEEN 6532672 AND 6532772
	Index Only Scan using sbtest4_pkey on sbtest4  (cost=0.43..6.51 rows=104 width=4)
	  Index Cond: ((id >= 6532672) AND (id <= 6532772))

table 5 : explain SELECT id FROM sbtest5 WHERE id BETWEEN 6532672 AND 6532772
	Index Only Scan using sbtest5_pkey on sbtest5  (cost=0.43..6.32 rows=94 width=4)
	  Index Cond: ((id >= 6532672) AND (id <= 6532772))

table 6 : explain SELECT id FROM sbtest6 WHERE id BETWEEN 6532672 AND 6532772
	Index Only Scan using sbtest6_pkey on sbtest6  (cost=0.43..6.53 rows=105 width=4)
	  Index Cond: ((id >= 6532672) AND (id <= 6532772))

table 7 : explain SELECT id FROM sbtest7 WHERE id BETWEEN 6532672 AND 6532772
	Index Only Scan using sbtest7_pkey on sbtest7  (cost=0.43..6.58 rows=107 width=4)
	  Index Cond: ((id >= 6532672) AND (id <= 6532772))

table 8 : explain SELECT id FROM sbtest8 WHERE id BETWEEN 6532672 AND 6532772
	Index Only Scan using sbtest8_pkey on sbtest8  (cost=0.43..6.37 rows=97 width=4)
	  Index Cond: ((id >= 6532672) AND (id <= 6532772))

explain: for range-covered :: explain SELECT id FROM sbtest%d WHERE id BETWEEN 3228082 AND 3228182
explain: for range-covered :: explain SELECT id FROM sbtest%d WHERE id BETWEEN 6532672 AND 6532772
for range-covered
table 1 : explain SELECT id FROM sbtest1 WHERE id BETWEEN 3729024 AND 3729124
	Index Only Scan using sbtest1_pkey on sbtest1  (cost=0.43..6.61 rows=109 width=4)
	  Index Cond: ((id >= 3729024) AND (id <= 3729124))

table 2 : explain SELECT id FROM sbtest2 WHERE id BETWEEN 3729024 AND 3729124
	Index Only Scan using sbtest2_pkey on sbtest2  (cost=0.43..6.33 rows=95 width=4)
	  Index Cond: ((id >= 3729024) AND (id <= 3729124))

table 3 : explain SELECT id FROM sbtest3 WHERE id BETWEEN 3729024 AND 3729124
	Index Only Scan using sbtest3_pkey on sbtest3  (cost=0.43..6.42 rows=99 width=4)
	  Index Cond: ((id >= 3729024) AND (id <= 3729124))

table 4 : explain SELECT id FROM sbtest4 WHERE id BETWEEN 3729024 AND 3729124
	Index Only Scan using sbtest4_pkey on sbtest4  (cost=0.43..6.33 rows=95 width=4)
	  Index Cond: ((id >= 3729024) AND (id <= 3729124))

table 5 : explain SELECT id FROM sbtest5 WHERE id BETWEEN 3729024 AND 3729124
	Index Only Scan using sbtest5_pkey on sbtest5  (cost=0.43..6.53 rows=105 width=4)
	  Index Cond: ((id >= 3729024) AND (id <= 3729124))

table 6 : explain SELECT id FROM sbtest6 WHERE id BETWEEN 3729024 AND 3729124
	Index Only Scan using sbtest6_pkey on sbtest6  (cost=0.43..6.33 rows=95 width=4)
	  Index Cond: ((id >= 3729024) AND (id <= 3729124))

table 7 : explain SELECT id FROM sbtest7 WHERE id BETWEEN 3729024 AND 3729124
	Index Only Scan using sbtest7_pkey on sbtest7  (cost=0.43..6.45 rows=101 width=4)
	  Index Cond: ((id >= 3729024) AND (id <= 3729124))

table 8 : explain SELECT id FROM sbtest8 WHERE id BETWEEN 3729024 AND 3729124
	Index Only Scan using sbtest8_pkey on sbtest8  (cost=0.43..6.43 rows=100 width=4)
	  Index Cond: ((id >= 3729024) AND (id <= 3729124))

for range-covered
table 1 : explain SELECT id FROM sbtest1 WHERE id BETWEEN 1567291 AND 1567391
	Index Only Scan using sbtest1_pkey on sbtest1  (cost=0.43..6.43 rows=100 width=4)
	  Index Cond: ((id >= 1567291) AND (id <= 1567391))

table 2 : explain SELECT id FROM sbtest2 WHERE id BETWEEN 1567291 AND 1567391
	Index Only Scan using sbtest2_pkey on sbtest2  (cost=0.43..6.45 rows=101 width=4)
	  Index Cond: ((id >= 1567291) AND (id <= 1567391))

table 3 : explain SELECT id FROM sbtest3 WHERE id BETWEEN 1567291 AND 1567391
	Index Only Scan using sbtest3_pkey on sbtest3  (cost=0.43..6.50 rows=103 width=4)
	  Index Cond: ((id >= 1567291) AND (id <= 1567391))

table 4 : explain SELECT id FROM sbtest4 WHERE id BETWEEN 1567291 AND 1567391
	Index Only Scan using sbtest4_pkey on sbtest4  (cost=0.43..6.45 rows=101 width=4)
	  Index Cond: ((id >= 1567291) AND (id <= 1567391))

table 5 : explain SELECT id FROM sbtest5 WHERE id BETWEEN 1567291 AND 1567391
	Index Only Scan using sbtest5_pkey on sbtest5  (cost=0.43..6.56 rows=106 width=4)
	  Index Cond: ((id >= 1567291) AND (id <= 1567391))

table 6 : explain SELECT id FROM sbtest6 WHERE id BETWEEN 1567291 AND 1567391
	Index Only Scan using sbtest6_pkey on sbtest6  (cost=0.43..6.43 rows=100 width=4)
	  Index Cond: ((id >= 1567291) AND (id <= 1567391))

table 7 : explain SELECT id FROM sbtest7 WHERE id BETWEEN 1567291 AND 1567391
	Index Only Scan using sbtest7_pkey on sbtest7  (cost=0.43..6.35 rows=96 width=4)
	  Index Cond: ((id >= 1567291) AND (id <= 1567391))

table 8 : explain SELECT id FROM sbtest8 WHERE id BETWEEN 1567291 AND 1567391
	Index Only Scan using sbtest8_pkey on sbtest8  (cost=0.43..6.61 rows=109 width=4)
	  Index Cond: ((id >= 1567291) AND (id <= 1567391))

explain: for range-covered :: explain SELECT id FROM sbtest%d WHERE id BETWEEN 3729024 AND 3729124
for range-covered
table 1 : explain SELECT id FROM sbtest1 WHERE id BETWEEN 1814896 AND 1814996
	Index Only Scan using sbtest1_pkey on sbtest1  (cost=0.43..6.24 rows=90 width=4)
	  Index Cond: ((id >= 1814896) AND (id <= 1814996))

table 2 : explain SELECT id FROM sbtest2 WHERE id BETWEEN 1814896 AND 1814996
	Index Only Scan using sbtest2_pkey on sbtest2  (cost=0.43..6.53 rows=105 width=4)
	  Index Cond: ((id >= 1814896) AND (id <= 1814996))

table 3 : explain SELECT id FROM sbtest3 WHERE id BETWEEN 1814896 AND 1814996
	Index Only Scan using sbtest3_pkey on sbtest3  (cost=0.43..6.51 rows=104 width=4)
	  Index Cond: ((id >= 1814896) AND (id <= 1814996))

table 4 : explain SELECT id FROM sbtest4 WHERE id BETWEEN 1814896 AND 1814996
	Index Only Scan using sbtest4_pkey on sbtest4  (cost=0.43..6.40 rows=98 width=4)
	  Index Cond: ((id >= 1814896) AND (id <= 1814996))

table 5 : explain SELECT id FROM sbtest5 WHERE id BETWEEN 1814896 AND 1814996
	Index Only Scan using sbtest5_pkey on sbtest5  (cost=0.43..6.40 rows=98 width=4)
	  Index Cond: ((id >= 1814896) AND (id <= 1814996))

table 6 : explain SELECT id FROM sbtest6 WHERE id BETWEEN 1814896 AND 1814996
	Index Only Scan using sbtest6_pkey on sbtest6  (cost=0.43..6.37 rows=97 width=4)
	  Index Cond: ((id >= 1814896) AND (id <= 1814996))

table 7 : explain SELECT id FROM sbtest7 WHERE id BETWEEN 1814896 AND 1814996
	Index Only Scan using sbtest7_pkey on sbtest7  (cost=0.43..6.40 rows=98 width=4)
	  Index Cond: ((id >= 1814896) AND (id <= 1814996))

table 8 : explain SELECT id FROM sbtest8 WHERE id BETWEEN 1814896 AND 1814996
	Index Only Scan using sbtest8_pkey on sbtest8  (cost=0.43..6.33 rows=95 width=4)
	  Index Cond: ((id >= 1814896) AND (id <= 1814996))

explain: for range-covered :: explain SELECT id FROM sbtest%d WHERE id BETWEEN 1814896 AND 1814996
for range-covered
table 1 : explain SELECT id FROM sbtest1 WHERE id BETWEEN 3228082 AND 3228182
	Index Only Scan using sbtest1_pkey on sbtest1  (cost=0.43..6.51 rows=104 width=4)
	  Index Cond: ((id >= 3228082) AND (id <= 3228182))

table 2 : explain SELECT id FROM sbtest2 WHERE id BETWEEN 3228082 AND 3228182
	Index Only Scan using sbtest2_pkey on sbtest2  (cost=0.43..6.47 rows=102 width=4)
	  Index Cond: ((id >= 3228082) AND (id <= 3228182))

table 3 : explain SELECT id FROM sbtest3 WHERE id BETWEEN 3228082 AND 3228182
	Index Only Scan using sbtest3_pkey on sbtest3  (cost=0.43..6.58 rows=107 width=4)
	  Index Cond: ((id >= 3228082) AND (id <= 3228182))

table 4 : explain SELECT id FROM sbtest4 WHERE id BETWEEN 3228082 AND 3228182
	Index Only Scan using sbtest4_pkey on sbtest4  (cost=0.43..6.40 rows=98 width=4)
	  Index Cond: ((id >= 3228082) AND (id <= 3228182))

table 5 : explain SELECT id FROM sbtest5 WHERE id BETWEEN 3228082 AND 3228182
	Index Only Scan using sbtest5_pkey on sbtest5  (cost=0.43..6.53 rows=105 width=4)
	  Index Cond: ((id >= 3228082) AND (id <= 3228182))

table 6 : explain SELECT id FROM sbtest6 WHERE id BETWEEN 3228082 AND 3228182
	Index Only Scan using sbtest6_pkey on sbtest6  (cost=0.43..6.37 rows=97 width=4)
	  Index Cond: ((id >= 3228082) AND (id <= 3228182))

table 7 : explain SELECT id FROM sbtest7 WHERE id BETWEEN 3228082 AND 3228182
	Index Only Scan using sbtest7_pkey on sbtest7  (cost=0.43..6.43 rows=100 width=4)
	  Index Cond: ((id >= 3228082) AND (id <= 3228182))

table 8 : explain SELECT id FROM sbtest8 WHERE id BETWEEN 3228082 AND 3228182
	Index Only Scan using sbtest8_pkey on sbtest8  (cost=0.43..6.56 rows=106 width=4)
	  Index Cond: ((id >= 3228082) AND (id <= 3228182))

for range-covered
table 1 : explain SELECT id FROM sbtest1 WHERE id BETWEEN 6532672 AND 6532772
	Index Only Scan using sbtest1_pkey on sbtest1  (cost=0.43..6.53 rows=105 width=4)
	  Index Cond: ((id >= 6532672) AND (id <= 6532772))

table 2 : explain SELECT id FROM sbtest2 WHERE id BETWEEN 6532672 AND 6532772
	Index Only Scan using sbtest2_pkey on sbtest2  (cost=0.43..6.69 rows=113 width=4)
	  Index Cond: ((id >= 6532672) AND (id <= 6532772))

table 3 : explain SELECT id FROM sbtest3 WHERE id BETWEEN 6532672 AND 6532772
	Index Only Scan using sbtest3_pkey on sbtest3  (cost=0.43..6.56 rows=106 width=4)
	  Index Cond: ((id >= 6532672) AND (id <= 6532772))

table 4 : explain SELECT id FROM sbtest4 WHERE id BETWEEN 6532672 AND 6532772
	Index Only Scan using sbtest4_pkey on sbtest4  (cost=0.43..6.51 rows=104 width=4)
	  Index Cond: ((id >= 6532672) AND (id <= 6532772))

table 5 : explain SELECT id FROM sbtest5 WHERE id BETWEEN 6532672 AND 6532772
	Index Only Scan using sbtest5_pkey on sbtest5  (cost=0.43..6.32 rows=94 width=4)
	  Index Cond: ((id >= 6532672) AND (id <= 6532772))

table 6 : explain SELECT id FROM sbtest6 WHERE id BETWEEN 6532672 AND 6532772
	Index Only Scan using sbtest6_pkey on sbtest6  (cost=0.43..6.53 rows=105 width=4)
	  Index Cond: ((id >= 6532672) AND (id <= 6532772))

table 7 : explain SELECT id FROM sbtest7 WHERE id BETWEEN 6532672 AND 6532772
	Index Only Scan using sbtest7_pkey on sbtest7  (cost=0.43..6.58 rows=107 width=4)
	  Index Cond: ((id >= 6532672) AND (id <= 6532772))

table 8 : explain SELECT id FROM sbtest8 WHERE id BETWEEN 6532672 AND 6532772
	Index Only Scan using sbtest8_pkey on sbtest8  (cost=0.43..6.37 rows=97 width=4)
	  Index Cond: ((id >= 6532672) AND (id <= 6532772))

explain: for range-covered :: explain SELECT id FROM sbtest%d WHERE id BETWEEN 3228082 AND 3228182
explain: for range-covered :: explain SELECT id FROM sbtest%d WHERE id BETWEEN 6532672 AND 6532772
for range-covered
table 1 : explain SELECT id FROM sbtest1 WHERE id BETWEEN 3729024 AND 3729124
	Index Only Scan using sbtest1_pkey on sbtest1  (cost=0.43..6.61 rows=109 width=4)
	  Index Cond: ((id >= 3729024) AND (id <= 3729124))

table 2 : explain SELECT id FROM sbtest2 WHERE id BETWEEN 3729024 AND 3729124
	Index Only Scan using sbtest2_pkey on sbtest2  (cost=0.43..6.33 rows=95 width=4)
	  Index Cond: ((id >= 3729024) AND (id <= 3729124))

table 3 : explain SELECT id FROM sbtest3 WHERE id BETWEEN 3729024 AND 3729124
	Index Only Scan using sbtest3_pkey on sbtest3  (cost=0.43..6.42 rows=99 width=4)
	  Index Cond: ((id >= 3729024) AND (id <= 3729124))

table 4 : explain SELECT id FROM sbtest4 WHERE id BETWEEN 3729024 AND 3729124
	Index Only Scan using sbtest4_pkey on sbtest4  (cost=0.43..6.33 rows=95 width=4)
	  Index Cond: ((id >= 3729024) AND (id <= 3729124))

table 5 : explain SELECT id FROM sbtest5 WHERE id BETWEEN 3729024 AND 3729124
	Index Only Scan using sbtest5_pkey on sbtest5  (cost=0.43..6.53 rows=105 width=4)
	  Index Cond: ((id >= 3729024) AND (id <= 3729124))

table 6 : explain SELECT id FROM sbtest6 WHERE id BETWEEN 3729024 AND 3729124
	Index Only Scan using sbtest6_pkey on sbtest6  (cost=0.43..6.33 rows=95 width=4)
	  Index Cond: ((id >= 3729024) AND (id <= 3729124))

table 7 : explain SELECT id FROM sbtest7 WHERE id BETWEEN 3729024 AND 3729124
	Index Only Scan using sbtest7_pkey on sbtest7  (cost=0.43..6.45 rows=101 width=4)
	  Index Cond: ((id >= 3729024) AND (id <= 3729124))

table 8 : explain SELECT id FROM sbtest8 WHERE id BETWEEN 3729024 AND 3729124
	Index Only Scan using sbtest8_pkey on sbtest8  (cost=0.43..6.43 rows=100 width=4)
	  Index Cond: ((id >= 3729024) AND (id <= 3729124))

explain: for range-covered :: explain SELECT id FROM sbtest%d WHERE id BETWEEN 3729024 AND 3729124
for range-covered
table 1 : explain SELECT id FROM sbtest1 WHERE id BETWEEN 1814896 AND 1814996
	Index Only Scan using sbtest1_pkey on sbtest1  (cost=0.43..6.24 rows=90 width=4)
	  Index Cond: ((id >= 1814896) AND (id <= 1814996))

table 2 : explain SELECT id FROM sbtest2 WHERE id BETWEEN 1814896 AND 1814996
	Index Only Scan using sbtest2_pkey on sbtest2  (cost=0.43..6.53 rows=105 width=4)
	  Index Cond: ((id >= 1814896) AND (id <= 1814996))

table 3 : explain SELECT id FROM sbtest3 WHERE id BETWEEN 1814896 AND 1814996
	Index Only Scan using sbtest3_pkey on sbtest3  (cost=0.43..6.51 rows=104 width=4)
	  Index Cond: ((id >= 1814896) AND (id <= 1814996))

table 4 : explain SELECT id FROM sbtest4 WHERE id BETWEEN 1814896 AND 1814996
	Index Only Scan using sbtest4_pkey on sbtest4  (cost=0.43..6.40 rows=98 width=4)
	  Index Cond: ((id >= 1814896) AND (id <= 1814996))

table 5 : explain SELECT id FROM sbtest5 WHERE id BETWEEN 1814896 AND 1814996
	Index Only Scan using sbtest5_pkey on sbtest5  (cost=0.43..6.40 rows=98 width=4)
	  Index Cond: ((id >= 1814896) AND (id <= 1814996))

table 6 : explain SELECT id FROM sbtest6 WHERE id BETWEEN 1814896 AND 1814996
	Index Only Scan using sbtest6_pkey on sbtest6  (cost=0.43..6.37 rows=97 width=4)
	  Index Cond: ((id >= 1814896) AND (id <= 1814996))

table 7 : explain SELECT id FROM sbtest7 WHERE id BETWEEN 1814896 AND 1814996
	Index Only Scan using sbtest7_pkey on sbtest7  (cost=0.43..6.40 rows=98 width=4)
	  Index Cond: ((id >= 1814896) AND (id <= 1814996))

table 8 : explain SELECT id FROM sbtest8 WHERE id BETWEEN 1814896 AND 1814996
	Index Only Scan using sbtest8_pkey on sbtest8  (cost=0.43..6.33 rows=95 width=4)
	  Index Cond: ((id >= 1814896) AND (id <= 1814996))

for range-covered
table 1 : explain SELECT id FROM sbtest1 WHERE id BETWEEN 3228082 AND 3228182
	Index Only Scan using sbtest1_pkey on sbtest1  (cost=0.43..6.51 rows=104 width=4)
	  Index Cond: ((id >= 3228082) AND (id <= 3228182))

table 2 : explain SELECT id FROM sbtest2 WHERE id BETWEEN 3228082 AND 3228182
	Index Only Scan using sbtest2_pkey on sbtest2  (cost=0.43..6.47 rows=102 width=4)
	  Index Cond: ((id >= 3228082) AND (id <= 3228182))

table 3 : explain SELECT id FROM sbtest3 WHERE id BETWEEN 3228082 AND 3228182
	Index Only Scan using sbtest3_pkey on sbtest3  (cost=0.43..6.58 rows=107 width=4)
	  Index Cond: ((id >= 3228082) AND (id <= 3228182))

table 4 : explain SELECT id FROM sbtest4 WHERE id BETWEEN 3228082 AND 3228182
	Index Only Scan using sbtest4_pkey on sbtest4  (cost=0.43..6.40 rows=98 width=4)
	  Index Cond: ((id >= 3228082) AND (id <= 3228182))

table 5 : explain SELECT id FROM sbtest5 WHERE id BETWEEN 3228082 AND 3228182
	Index Only Scan using sbtest5_pkey on sbtest5  (cost=0.43..6.53 rows=105 width=4)
	  Index Cond: ((id >= 3228082) AND (id <= 3228182))

table 6 : explain SELECT id FROM sbtest6 WHERE id BETWEEN 3228082 AND 3228182
	Index Only Scan using sbtest6_pkey on sbtest6  (cost=0.43..6.37 rows=97 width=4)
	  Index Cond: ((id >= 3228082) AND (id <= 3228182))

table 7 : explain SELECT id FROM sbtest7 WHERE id BETWEEN 3228082 AND 3228182
	Index Only Scan using sbtest7_pkey on sbtest7  (cost=0.43..6.43 rows=100 width=4)
	  Index Cond: ((id >= 3228082) AND (id <= 3228182))

table 8 : explain SELECT id FROM sbtest8 WHERE id BETWEEN 3228082 AND 3228182
	Index Only Scan using sbtest8_pkey on sbtest8  (cost=0.43..6.56 rows=106 width=4)
	  Index Cond: ((id >= 3228082) AND (id <= 3228182))

for range-covered
table 1 : explain SELECT id FROM sbtest1 WHERE id BETWEEN 6532672 AND 6532772
	Index Only Scan using sbtest1_pkey on sbtest1  (cost=0.43..6.53 rows=105 width=4)
	  Index Cond: ((id >= 6532672) AND (id <= 6532772))

table 2 : explain SELECT id FROM sbtest2 WHERE id BETWEEN 6532672 AND 6532772
	Index Only Scan using sbtest2_pkey on sbtest2  (cost=0.43..6.69 rows=113 width=4)
	  Index Cond: ((id >= 6532672) AND (id <= 6532772))

table 3 : explain SELECT id FROM sbtest3 WHERE id BETWEEN 6532672 AND 6532772
	Index Only Scan using sbtest3_pkey on sbtest3  (cost=0.43..6.56 rows=106 width=4)
	  Index Cond: ((id >= 6532672) AND (id <= 6532772))

table 4 : explain SELECT id FROM sbtest4 WHERE id BETWEEN 6532672 AND 6532772
	Index Only Scan using sbtest4_pkey on sbtest4  (cost=0.43..6.51 rows=104 width=4)
	  Index Cond: ((id >= 6532672) AND (id <= 6532772))

table 5 : explain SELECT id FROM sbtest5 WHERE id BETWEEN 6532672 AND 6532772
	Index Only Scan using sbtest5_pkey on sbtest5  (cost=0.43..6.32 rows=94 width=4)
	  Index Cond: ((id >= 6532672) AND (id <= 6532772))

table 6 : explain SELECT id FROM sbtest6 WHERE id BETWEEN 6532672 AND 6532772
	Index Only Scan using sbtest6_pkey on sbtest6  (cost=0.43..6.53 rows=105 width=4)
	  Index Cond: ((id >= 6532672) AND (id <= 6532772))

table 7 : explain SELECT id FROM sbtest7 WHERE id BETWEEN 6532672 AND 6532772
	Index Only Scan using sbtest7_pkey on sbtest7  (cost=0.43..6.58 rows=107 width=4)
	  Index Cond: ((id >= 6532672) AND (id <= 6532772))

table 8 : explain SELECT id FROM sbtest8 WHERE id BETWEEN 6532672 AND 6532772
	Index Only Scan using sbtest8_pkey on sbtest8  (cost=0.43..6.37 rows=97 width=4)
	  Index Cond: ((id >= 6532672) AND (id <= 6532772))

explain: for range-covered :: explain SELECT id FROM sbtest%d WHERE id BETWEEN 6532672 AND 6532772
for range-covered
table 1 : explain SELECT id FROM sbtest1 WHERE id BETWEEN 3729024 AND 3729124
	Index Only Scan using sbtest1_pkey on sbtest1  (cost=0.43..6.61 rows=109 width=4)
	  Index Cond: ((id >= 3729024) AND (id <= 3729124))

table 2 : explain SELECT id FROM sbtest2 WHERE id BETWEEN 3729024 AND 3729124
	Index Only Scan using sbtest2_pkey on sbtest2  (cost=0.43..6.33 rows=95 width=4)
	  Index Cond: ((id >= 3729024) AND (id <= 3729124))

table 3 : explain SELECT id FROM sbtest3 WHERE id BETWEEN 3729024 AND 3729124
	Index Only Scan using sbtest3_pkey on sbtest3  (cost=0.43..6.42 rows=99 width=4)
	  Index Cond: ((id >= 3729024) AND (id <= 3729124))

table 4 : explain SELECT id FROM sbtest4 WHERE id BETWEEN 3729024 AND 3729124
	Index Only Scan using sbtest4_pkey on sbtest4  (cost=0.43..6.33 rows=95 width=4)
	  Index Cond: ((id >= 3729024) AND (id <= 3729124))

table 5 : explain SELECT id FROM sbtest5 WHERE id BETWEEN 3729024 AND 3729124
	Index Only Scan using sbtest5_pkey on sbtest5  (cost=0.43..6.53 rows=105 width=4)
	  Index Cond: ((id >= 3729024) AND (id <= 3729124))

table 6 : explain SELECT id FROM sbtest6 WHERE id BETWEEN 3729024 AND 3729124
	Index Only Scan using sbtest6_pkey on sbtest6  (cost=0.43..6.33 rows=95 width=4)
	  Index Cond: ((id >= 3729024) AND (id <= 3729124))

table 7 : explain SELECT id FROM sbtest7 WHERE id BETWEEN 3729024 AND 3729124
	Index Only Scan using sbtest7_pkey on sbtest7  (cost=0.43..6.45 rows=101 width=4)
	  Index Cond: ((id >= 3729024) AND (id <= 3729124))

table 8 : explain SELECT id FROM sbtest8 WHERE id BETWEEN 3729024 AND 3729124
	Index Only Scan using sbtest8_pkey on sbtest8  (cost=0.43..6.43 rows=100 width=4)
	  Index Cond: ((id >= 3729024) AND (id <= 3729124))

explain: for range-covered :: explain SELECT id FROM sbtest%d WHERE id BETWEEN 3729024 AND 3729124
for range-covered
table 1 : explain SELECT id FROM sbtest1 WHERE id BETWEEN 6532672 AND 6532772
	Index Only Scan using sbtest1_pkey on sbtest1  (cost=0.43..6.53 rows=105 width=4)
	  Index Cond: ((id >= 6532672) AND (id <= 6532772))

table 2 : explain SELECT id FROM sbtest2 WHERE id BETWEEN 6532672 AND 6532772
	Index Only Scan using sbtest2_pkey on sbtest2  (cost=0.43..6.69 rows=113 width=4)
	  Index Cond: ((id >= 6532672) AND (id <= 6532772))

table 3 : explain SELECT id FROM sbtest3 WHERE id BETWEEN 6532672 AND 6532772
	Index Only Scan using sbtest3_pkey on sbtest3  (cost=0.43..6.56 rows=106 width=4)
	  Index Cond: ((id >= 6532672) AND (id <= 6532772))

table 4 : explain SELECT id FROM sbtest4 WHERE id BETWEEN 6532672 AND 6532772
	Index Only Scan using sbtest4_pkey on sbtest4  (cost=0.43..6.51 rows=104 width=4)
	  Index Cond: ((id >= 6532672) AND (id <= 6532772))

table 5 : explain SELECT id FROM sbtest5 WHERE id BETWEEN 6532672 AND 6532772
	Index Only Scan using sbtest5_pkey on sbtest5  (cost=0.43..6.32 rows=94 width=4)
	  Index Cond: ((id >= 6532672) AND (id <= 6532772))

table 6 : explain SELECT id FROM sbtest6 WHERE id BETWEEN 6532672 AND 6532772
	Index Only Scan using sbtest6_pkey on sbtest6  (cost=0.43..6.53 rows=105 width=4)
	  Index Cond: ((id >= 6532672) AND (id <= 6532772))

table 7 : explain SELECT id FROM sbtest7 WHERE id BETWEEN 6532672 AND 6532772
	Index Only Scan using sbtest7_pkey on sbtest7  (cost=0.43..6.58 rows=107 width=4)
	  Index Cond: ((id >= 6532672) AND (id <= 6532772))

table 8 : explain SELECT id FROM sbtest8 WHERE id BETWEEN 6532672 AND 6532772
	Index Only Scan using sbtest8_pkey on sbtest8  (cost=0.43..6.37 rows=97 width=4)
	  Index Cond: ((id >= 6532672) AND (id <= 6532772))

explain: for range-covered :: explain SELECT id FROM sbtest%d WHERE id BETWEEN 6532672 AND 6532772
for range-covered
table 1 : explain SELECT id FROM sbtest1 WHERE id BETWEEN 3729024 AND 3729124
	Index Only Scan using sbtest1_pkey on sbtest1  (cost=0.43..6.61 rows=109 width=4)
	  Index Cond: ((id >= 3729024) AND (id <= 3729124))

table 2 : explain SELECT id FROM sbtest2 WHERE id BETWEEN 3729024 AND 3729124
	Index Only Scan using sbtest2_pkey on sbtest2  (cost=0.43..6.33 rows=95 width=4)
	  Index Cond: ((id >= 3729024) AND (id <= 3729124))

table 3 : explain SELECT id FROM sbtest3 WHERE id BETWEEN 3729024 AND 3729124
	Index Only Scan using sbtest3_pkey on sbtest3  (cost=0.43..6.42 rows=99 width=4)
	  Index Cond: ((id >= 3729024) AND (id <= 3729124))

table 4 : explain SELECT id FROM sbtest4 WHERE id BETWEEN 3729024 AND 3729124
	Index Only Scan using sbtest4_pkey on sbtest4  (cost=0.43..6.33 rows=95 width=4)
	  Index Cond: ((id >= 3729024) AND (id <= 3729124))

table 5 : explain SELECT id FROM sbtest5 WHERE id BETWEEN 3729024 AND 3729124
	Index Only Scan using sbtest5_pkey on sbtest5  (cost=0.43..6.53 rows=105 width=4)
	  Index Cond: ((id >= 3729024) AND (id <= 3729124))

table 6 : explain SELECT id FROM sbtest6 WHERE id BETWEEN 3729024 AND 3729124
	Index Only Scan using sbtest6_pkey on sbtest6  (cost=0.43..6.33 rows=95 width=4)
	  Index Cond: ((id >= 3729024) AND (id <= 3729124))

table 7 : explain SELECT id FROM sbtest7 WHERE id BETWEEN 3729024 AND 3729124
	Index Only Scan using sbtest7_pkey on sbtest7  (cost=0.43..6.45 rows=101 width=4)
	  Index Cond: ((id >= 3729024) AND (id <= 3729124))

table 8 : explain SELECT id FROM sbtest8 WHERE id BETWEEN 3729024 AND 3729124
	Index Only Scan using sbtest8_pkey on sbtest8  (cost=0.43..6.43 rows=100 width=4)
	  Index Cond: ((id >= 3729024) AND (id <= 3729124))

explain: for range-covered :: explain SELECT id FROM sbtest%d WHERE id BETWEEN 4186597 AND 4186697
for range-covered
table 1 : explain SELECT id FROM sbtest1 WHERE id BETWEEN 6532672 AND 6532772
	Index Only Scan using sbtest1_pkey on sbtest1  (cost=0.43..6.53 rows=105 width=4)
	  Index Cond: ((id >= 6532672) AND (id <= 6532772))

table 2 : explain SELECT id FROM sbtest2 WHERE id BETWEEN 6532672 AND 6532772
	Index Only Scan using sbtest2_pkey on sbtest2  (cost=0.43..6.69 rows=113 width=4)
	  Index Cond: ((id >= 6532672) AND (id <= 6532772))

table 3 : explain SELECT id FROM sbtest3 WHERE id BETWEEN 6532672 AND 6532772
	Index Only Scan using sbtest3_pkey on sbtest3  (cost=0.43..6.56 rows=106 width=4)
	  Index Cond: ((id >= 6532672) AND (id <= 6532772))

table 4 : explain SELECT id FROM sbtest4 WHERE id BETWEEN 6532672 AND 6532772
	Index Only Scan using sbtest4_pkey on sbtest4  (cost=0.43..6.51 rows=104 width=4)
	  Index Cond: ((id >= 6532672) AND (id <= 6532772))

table 5 : explain SELECT id FROM sbtest5 WHERE id BETWEEN 6532672 AND 6532772
	Index Only Scan using sbtest5_pkey on sbtest5  (cost=0.43..6.32 rows=94 width=4)
	  Index Cond: ((id >= 6532672) AND (id <= 6532772))

table 6 : explain SELECT id FROM sbtest6 WHERE id BETWEEN 6532672 AND 6532772
	Index Only Scan using sbtest6_pkey on sbtest6  (cost=0.43..6.53 rows=105 width=4)
	  Index Cond: ((id >= 6532672) AND (id <= 6532772))

table 7 : explain SELECT id FROM sbtest7 WHERE id BETWEEN 6532672 AND 6532772
	Index Only Scan using sbtest7_pkey on sbtest7  (cost=0.43..6.58 rows=107 width=4)
	  Index Cond: ((id >= 6532672) AND (id <= 6532772))

table 8 : explain SELECT id FROM sbtest8 WHERE id BETWEEN 6532672 AND 6532772
	Index Only Scan using sbtest8_pkey on sbtest8  (cost=0.43..6.37 rows=97 width=4)
	  Index Cond: ((id >= 6532672) AND (id <= 6532772))

explain: for range-covered :: explain SELECT id FROM sbtest%d WHERE id BETWEEN 6532672 AND 6532772
for range-covered
table 1 : explain SELECT id FROM sbtest1 WHERE id BETWEEN 6532672 AND 6532772
	Index Only Scan using sbtest1_pkey on sbtest1  (cost=0.43..6.53 rows=105 width=4)
	  Index Cond: ((id >= 6532672) AND (id <= 6532772))

table 2 : explain SELECT id FROM sbtest2 WHERE id BETWEEN 6532672 AND 6532772
	Index Only Scan using sbtest2_pkey on sbtest2  (cost=0.43..6.69 rows=113 width=4)
	  Index Cond: ((id >= 6532672) AND (id <= 6532772))

table 3 : explain SELECT id FROM sbtest3 WHERE id BETWEEN 6532672 AND 6532772
	Index Only Scan using sbtest3_pkey on sbtest3  (cost=0.43..6.56 rows=106 width=4)
	  Index Cond: ((id >= 6532672) AND (id <= 6532772))

table 4 : explain SELECT id FROM sbtest4 WHERE id BETWEEN 6532672 AND 6532772
	Index Only Scan using sbtest4_pkey on sbtest4  (cost=0.43..6.51 rows=104 width=4)
	  Index Cond: ((id >= 6532672) AND (id <= 6532772))

table 5 : explain SELECT id FROM sbtest5 WHERE id BETWEEN 6532672 AND 6532772
	Index Only Scan using sbtest5_pkey on sbtest5  (cost=0.43..6.32 rows=94 width=4)
	  Index Cond: ((id >= 6532672) AND (id <= 6532772))

table 6 : explain SELECT id FROM sbtest6 WHERE id BETWEEN 6532672 AND 6532772
	Index Only Scan using sbtest6_pkey on sbtest6  (cost=0.43..6.53 rows=105 width=4)
	  Index Cond: ((id >= 6532672) AND (id <= 6532772))

table 7 : explain SELECT id FROM sbtest7 WHERE id BETWEEN 6532672 AND 6532772
	Index Only Scan using sbtest7_pkey on sbtest7  (cost=0.43..6.58 rows=107 width=4)
	  Index Cond: ((id >= 6532672) AND (id <= 6532772))

table 8 : explain SELECT id FROM sbtest8 WHERE id BETWEEN 6532672 AND 6532772
	Index Only Scan using sbtest8_pkey on sbtest8  (cost=0.43..6.37 rows=97 width=4)
	  Index Cond: ((id >= 6532672) AND (id <= 6532772))

for range-covered
table 1 : explain SELECT id FROM sbtest1 WHERE id BETWEEN 4186597 AND 4186697
	Index Only Scan using sbtest1_pkey on sbtest1  (cost=0.43..6.45 rows=101 width=4)
	  Index Cond: ((id >= 4186597) AND (id <= 4186697))

table 2 : explain SELECT id FROM sbtest2 WHERE id BETWEEN 4186597 AND 4186697
	Index Only Scan using sbtest2_pkey on sbtest2  (cost=0.43..6.53 rows=105 width=4)
	  Index Cond: ((id >= 4186597) AND (id <= 4186697))

table 3 : explain SELECT id FROM sbtest3 WHERE id BETWEEN 4186597 AND 4186697
	Index Only Scan using sbtest3_pkey on sbtest3  (cost=0.43..6.50 rows=103 width=4)
	  Index Cond: ((id >= 4186597) AND (id <= 4186697))

table 4 : explain SELECT id FROM sbtest4 WHERE id BETWEEN 4186597 AND 4186697
	Index Only Scan using sbtest4_pkey on sbtest4  (cost=0.43..6.40 rows=98 width=4)
	  Index Cond: ((id >= 4186597) AND (id <= 4186697))

table 5 : explain SELECT id FROM sbtest5 WHERE id BETWEEN 4186597 AND 4186697
	Index Only Scan using sbtest5_pkey on sbtest5  (cost=0.43..6.50 rows=103 width=4)
	  Index Cond: ((id >= 4186597) AND (id <= 4186697))

table 6 : explain SELECT id FROM sbtest6 WHERE id BETWEEN 4186597 AND 4186697
	Index Only Scan using sbtest6_pkey on sbtest6  (cost=0.43..6.51 rows=104 width=4)
	  Index Cond: ((id >= 4186597) AND (id <= 4186697))

table 7 : explain SELECT id FROM sbtest7 WHERE id BETWEEN 4186597 AND 4186697
	Index Only Scan using sbtest7_pkey on sbtest7  (cost=0.43..6.37 rows=97 width=4)
	  Index Cond: ((id >= 4186597) AND (id <= 4186697))

table 8 : explain SELECT id FROM sbtest8 WHERE id BETWEEN 4186597 AND 4186697
	Index Only Scan using sbtest8_pkey on sbtest8  (cost=0.43..6.56 rows=106 width=4)
	  Index Cond: ((id >= 4186597) AND (id <= 4186697))

explain: for range-covered :: explain SELECT id FROM sbtest%d WHERE id BETWEEN 4186597 AND 4186697
for range-covered
table 1 : explain SELECT id FROM sbtest1 WHERE id BETWEEN 4186597 AND 4186697
	Index Only Scan using sbtest1_pkey on sbtest1  (cost=0.43..6.45 rows=101 width=4)
	  Index Cond: ((id >= 4186597) AND (id <= 4186697))

table 2 : explain SELECT id FROM sbtest2 WHERE id BETWEEN 4186597 AND 4186697
	Index Only Scan using sbtest2_pkey on sbtest2  (cost=0.43..6.53 rows=105 width=4)
	  Index Cond: ((id >= 4186597) AND (id <= 4186697))

table 3 : explain SELECT id FROM sbtest3 WHERE id BETWEEN 4186597 AND 4186697
	Index Only Scan using sbtest3_pkey on sbtest3  (cost=0.43..6.50 rows=103 width=4)
	  Index Cond: ((id >= 4186597) AND (id <= 4186697))

table 4 : explain SELECT id FROM sbtest4 WHERE id BETWEEN 4186597 AND 4186697
	Index Only Scan using sbtest4_pkey on sbtest4  (cost=0.43..6.40 rows=98 width=4)
	  Index Cond: ((id >= 4186597) AND (id <= 4186697))

table 5 : explain SELECT id FROM sbtest5 WHERE id BETWEEN 4186597 AND 4186697
	Index Only Scan using sbtest5_pkey on sbtest5  (cost=0.43..6.50 rows=103 width=4)
	  Index Cond: ((id >= 4186597) AND (id <= 4186697))

table 6 : explain SELECT id FROM sbtest6 WHERE id BETWEEN 4186597 AND 4186697
	Index Only Scan using sbtest6_pkey on sbtest6  (cost=0.43..6.51 rows=104 width=4)
	  Index Cond: ((id >= 4186597) AND (id <= 4186697))

table 7 : explain SELECT id FROM sbtest7 WHERE id BETWEEN 4186597 AND 4186697
	Index Only Scan using sbtest7_pkey on sbtest7  (cost=0.43..6.37 rows=97 width=4)
	  Index Cond: ((id >= 4186597) AND (id <= 4186697))

table 8 : explain SELECT id FROM sbtest8 WHERE id BETWEEN 4186597 AND 4186697
	Index Only Scan using sbtest8_pkey on sbtest8  (cost=0.43..6.56 rows=106 width=4)
	  Index Cond: ((id >= 4186597) AND (id <= 4186697))

explain: for range-covered :: explain SELECT id FROM sbtest%d WHERE id BETWEEN 4186597 AND 4186697
for range-covered
table 1 : explain SELECT id FROM sbtest1 WHERE id BETWEEN 4186597 AND 4186697
	Index Only Scan using sbtest1_pkey on sbtest1  (cost=0.43..6.45 rows=101 width=4)
	  Index Cond: ((id >= 4186597) AND (id <= 4186697))

table 2 : explain SELECT id FROM sbtest2 WHERE id BETWEEN 4186597 AND 4186697
	Index Only Scan using sbtest2_pkey on sbtest2  (cost=0.43..6.53 rows=105 width=4)
	  Index Cond: ((id >= 4186597) AND (id <= 4186697))

table 3 : explain SELECT id FROM sbtest3 WHERE id BETWEEN 4186597 AND 4186697
	Index Only Scan using sbtest3_pkey on sbtest3  (cost=0.43..6.50 rows=103 width=4)
	  Index Cond: ((id >= 4186597) AND (id <= 4186697))

table 4 : explain SELECT id FROM sbtest4 WHERE id BETWEEN 4186597 AND 4186697
	Index Only Scan using sbtest4_pkey on sbtest4  (cost=0.43..6.40 rows=98 width=4)
	  Index Cond: ((id >= 4186597) AND (id <= 4186697))

table 5 : explain SELECT id FROM sbtest5 WHERE id BETWEEN 4186597 AND 4186697
	Index Only Scan using sbtest5_pkey on sbtest5  (cost=0.43..6.50 rows=103 width=4)
	  Index Cond: ((id >= 4186597) AND (id <= 4186697))

table 6 : explain SELECT id FROM sbtest6 WHERE id BETWEEN 4186597 AND 4186697
	Index Only Scan using sbtest6_pkey on sbtest6  (cost=0.43..6.51 rows=104 width=4)
	  Index Cond: ((id >= 4186597) AND (id <= 4186697))

table 7 : explain SELECT id FROM sbtest7 WHERE id BETWEEN 4186597 AND 4186697
	Index Only Scan using sbtest7_pkey on sbtest7  (cost=0.43..6.37 rows=97 width=4)
	  Index Cond: ((id >= 4186597) AND (id <= 4186697))

table 8 : explain SELECT id FROM sbtest8 WHERE id BETWEEN 4186597 AND 4186697
	Index Only Scan using sbtest8_pkey on sbtest8  (cost=0.43..6.56 rows=106 width=4)
	  Index Cond: ((id >= 4186597) AND (id <= 4186697))

explain: for range-covered :: explain SELECT id FROM sbtest%d WHERE id BETWEEN 4186597 AND 4186697
for range-covered
table 1 : explain SELECT id FROM sbtest1 WHERE id BETWEEN 4186597 AND 4186697
	Index Only Scan using sbtest1_pkey on sbtest1  (cost=0.43..6.45 rows=101 width=4)
	  Index Cond: ((id >= 4186597) AND (id <= 4186697))

table 2 : explain SELECT id FROM sbtest2 WHERE id BETWEEN 4186597 AND 4186697
	Index Only Scan using sbtest2_pkey on sbtest2  (cost=0.43..6.53 rows=105 width=4)
	  Index Cond: ((id >= 4186597) AND (id <= 4186697))

table 3 : explain SELECT id FROM sbtest3 WHERE id BETWEEN 4186597 AND 4186697
	Index Only Scan using sbtest3_pkey on sbtest3  (cost=0.43..6.50 rows=103 width=4)
	  Index Cond: ((id >= 4186597) AND (id <= 4186697))

table 4 : explain SELECT id FROM sbtest4 WHERE id BETWEEN 4186597 AND 4186697
	Index Only Scan using sbtest4_pkey on sbtest4  (cost=0.43..6.40 rows=98 width=4)
	  Index Cond: ((id >= 4186597) AND (id <= 4186697))

table 5 : explain SELECT id FROM sbtest5 WHERE id BETWEEN 4186597 AND 4186697
	Index Only Scan using sbtest5_pkey on sbtest5  (cost=0.43..6.50 rows=103 width=4)
	  Index Cond: ((id >= 4186597) AND (id <= 4186697))

table 6 : explain SELECT id FROM sbtest6 WHERE id BETWEEN 4186597 AND 4186697
	Index Only Scan using sbtest6_pkey on sbtest6  (cost=0.43..6.51 rows=104 width=4)
	  Index Cond: ((id >= 4186597) AND (id <= 4186697))

table 7 : explain SELECT id FROM sbtest7 WHERE id BETWEEN 4186597 AND 4186697
	Index Only Scan using sbtest7_pkey on sbtest7  (cost=0.43..6.37 rows=97 width=4)
	  Index Cond: ((id >= 4186597) AND (id <= 4186697))

table 8 : explain SELECT id FROM sbtest8 WHERE id BETWEEN 4186597 AND 4186697
	Index Only Scan using sbtest8_pkey on sbtest8  (cost=0.43..6.56 rows=106 width=4)
	  Index Cond: ((id >= 4186597) AND (id <= 4186697))

explain: for range-covered :: explain SELECT id FROM sbtest%d WHERE id BETWEEN 4186597 AND 4186697
for range-covered
table 1 : explain SELECT id FROM sbtest1 WHERE id BETWEEN 4186597 AND 4186697
	Index Only Scan using sbtest1_pkey on sbtest1  (cost=0.43..6.45 rows=101 width=4)
	  Index Cond: ((id >= 4186597) AND (id <= 4186697))

table 2 : explain SELECT id FROM sbtest2 WHERE id BETWEEN 4186597 AND 4186697
	Index Only Scan using sbtest2_pkey on sbtest2  (cost=0.43..6.53 rows=105 width=4)
	  Index Cond: ((id >= 4186597) AND (id <= 4186697))

table 3 : explain SELECT id FROM sbtest3 WHERE id BETWEEN 4186597 AND 4186697
	Index Only Scan using sbtest3_pkey on sbtest3  (cost=0.43..6.50 rows=103 width=4)
	  Index Cond: ((id >= 4186597) AND (id <= 4186697))

table 4 : explain SELECT id FROM sbtest4 WHERE id BETWEEN 4186597 AND 4186697
	Index Only Scan using sbtest4_pkey on sbtest4  (cost=0.43..6.40 rows=98 width=4)
	  Index Cond: ((id >= 4186597) AND (id <= 4186697))

table 5 : explain SELECT id FROM sbtest5 WHERE id BETWEEN 4186597 AND 4186697
	Index Only Scan using sbtest5_pkey on sbtest5  (cost=0.43..6.50 rows=103 width=4)
	  Index Cond: ((id >= 4186597) AND (id <= 4186697))

table 6 : explain SELECT id FROM sbtest6 WHERE id BETWEEN 4186597 AND 4186697
	Index Only Scan using sbtest6_pkey on sbtest6  (cost=0.43..6.51 rows=104 width=4)
	  Index Cond: ((id >= 4186597) AND (id <= 4186697))

table 7 : explain SELECT id FROM sbtest7 WHERE id BETWEEN 4186597 AND 4186697
	Index Only Scan using sbtest7_pkey on sbtest7  (cost=0.43..6.37 rows=97 width=4)
	  Index Cond: ((id >= 4186597) AND (id <= 4186697))

table 8 : explain SELECT id FROM sbtest8 WHERE id BETWEEN 4186597 AND 4186697
	Index Only Scan using sbtest8_pkey on sbtest8  (cost=0.43..6.56 rows=106 width=4)
	  Index Cond: ((id >= 4186597) AND (id <= 4186697))

explain: for range-covered :: explain SELECT id FROM sbtest%d WHERE id BETWEEN 4186597 AND 4186697
for range-covered
table 1 : explain SELECT id FROM sbtest1 WHERE id BETWEEN 4186597 AND 4186697
	Index Only Scan using sbtest1_pkey on sbtest1  (cost=0.43..6.45 rows=101 width=4)
	  Index Cond: ((id >= 4186597) AND (id <= 4186697))

table 2 : explain SELECT id FROM sbtest2 WHERE id BETWEEN 4186597 AND 4186697
	Index Only Scan using sbtest2_pkey on sbtest2  (cost=0.43..6.53 rows=105 width=4)
	  Index Cond: ((id >= 4186597) AND (id <= 4186697))

table 3 : explain SELECT id FROM sbtest3 WHERE id BETWEEN 4186597 AND 4186697
	Index Only Scan using sbtest3_pkey on sbtest3  (cost=0.43..6.50 rows=103 width=4)
	  Index Cond: ((id >= 4186597) AND (id <= 4186697))

table 4 : explain SELECT id FROM sbtest4 WHERE id BETWEEN 4186597 AND 4186697
	Index Only Scan using sbtest4_pkey on sbtest4  (cost=0.43..6.40 rows=98 width=4)
	  Index Cond: ((id >= 4186597) AND (id <= 4186697))

table 5 : explain SELECT id FROM sbtest5 WHERE id BETWEEN 4186597 AND 4186697
	Index Only Scan using sbtest5_pkey on sbtest5  (cost=0.43..6.50 rows=103 width=4)
	  Index Cond: ((id >= 4186597) AND (id <= 4186697))

table 6 : explain SELECT id FROM sbtest6 WHERE id BETWEEN 4186597 AND 4186697
	Index Only Scan using sbtest6_pkey on sbtest6  (cost=0.43..6.51 rows=104 width=4)
	  Index Cond: ((id >= 4186597) AND (id <= 4186697))

table 7 : explain SELECT id FROM sbtest7 WHERE id BETWEEN 4186597 AND 4186697
	Index Only Scan using sbtest7_pkey on sbtest7  (cost=0.43..6.37 rows=97 width=4)
	  Index Cond: ((id >= 4186597) AND (id <= 4186697))

table 8 : explain SELECT id FROM sbtest8 WHERE id BETWEEN 4186597 AND 4186697
	Index Only Scan using sbtest8_pkey on sbtest8  (cost=0.43..6.56 rows=106 width=4)
	  Index Cond: ((id >= 4186597) AND (id <= 4186697))

explain: for range-covered :: explain SELECT id FROM sbtest%d WHERE id BETWEEN 4186597 AND 4186697
for range-covered
table 1 : explain SELECT id FROM sbtest1 WHERE id BETWEEN 4186597 AND 4186697
	Index Only Scan using sbtest1_pkey on sbtest1  (cost=0.43..6.45 rows=101 width=4)
	  Index Cond: ((id >= 4186597) AND (id <= 4186697))

table 2 : explain SELECT id FROM sbtest2 WHERE id BETWEEN 4186597 AND 4186697
	Index Only Scan using sbtest2_pkey on sbtest2  (cost=0.43..6.53 rows=105 width=4)
	  Index Cond: ((id >= 4186597) AND (id <= 4186697))

table 3 : explain SELECT id FROM sbtest3 WHERE id BETWEEN 4186597 AND 4186697
	Index Only Scan using sbtest3_pkey on sbtest3  (cost=0.43..6.50 rows=103 width=4)
	  Index Cond: ((id >= 4186597) AND (id <= 4186697))

table 4 : explain SELECT id FROM sbtest4 WHERE id BETWEEN 4186597 AND 4186697
	Index Only Scan using sbtest4_pkey on sbtest4  (cost=0.43..6.40 rows=98 width=4)
	  Index Cond: ((id >= 4186597) AND (id <= 4186697))

table 5 : explain SELECT id FROM sbtest5 WHERE id BETWEEN 4186597 AND 4186697
	Index Only Scan using sbtest5_pkey on sbtest5  (cost=0.43..6.50 rows=103 width=4)
	  Index Cond: ((id >= 4186597) AND (id <= 4186697))

table 6 : explain SELECT id FROM sbtest6 WHERE id BETWEEN 4186597 AND 4186697
	Index Only Scan using sbtest6_pkey on sbtest6  (cost=0.43..6.51 rows=104 width=4)
	  Index Cond: ((id >= 4186597) AND (id <= 4186697))

table 7 : explain SELECT id FROM sbtest7 WHERE id BETWEEN 4186597 AND 4186697
	Index Only Scan using sbtest7_pkey on sbtest7  (cost=0.43..6.37 rows=97 width=4)
	  Index Cond: ((id >= 4186597) AND (id <= 4186697))

table 8 : explain SELECT id FROM sbtest8 WHERE id BETWEEN 4186597 AND 4186697
	Index Only Scan using sbtest8_pkey on sbtest8  (cost=0.43..6.56 rows=106 width=4)
	  Index Cond: ((id >= 4186597) AND (id <= 4186697))

explain: for range-covered :: explain SELECT id FROM sbtest%d WHERE id BETWEEN 4186597 AND 4186697
for range-covered
table 1 : explain SELECT id FROM sbtest1 WHERE id BETWEEN 4186597 AND 4186697
	Index Only Scan using sbtest1_pkey on sbtest1  (cost=0.43..6.45 rows=101 width=4)
	  Index Cond: ((id >= 4186597) AND (id <= 4186697))

table 2 : explain SELECT id FROM sbtest2 WHERE id BETWEEN 4186597 AND 4186697
	Index Only Scan using sbtest2_pkey on sbtest2  (cost=0.43..6.53 rows=105 width=4)
	  Index Cond: ((id >= 4186597) AND (id <= 4186697))

table 3 : explain SELECT id FROM sbtest3 WHERE id BETWEEN 4186597 AND 4186697
	Index Only Scan using sbtest3_pkey on sbtest3  (cost=0.43..6.50 rows=103 width=4)
	  Index Cond: ((id >= 4186597) AND (id <= 4186697))

table 4 : explain SELECT id FROM sbtest4 WHERE id BETWEEN 4186597 AND 4186697
	Index Only Scan using sbtest4_pkey on sbtest4  (cost=0.43..6.40 rows=98 width=4)
	  Index Cond: ((id >= 4186597) AND (id <= 4186697))

table 5 : explain SELECT id FROM sbtest5 WHERE id BETWEEN 4186597 AND 4186697
	Index Only Scan using sbtest5_pkey on sbtest5  (cost=0.43..6.50 rows=103 width=4)
	  Index Cond: ((id >= 4186597) AND (id <= 4186697))

table 6 : explain SELECT id FROM sbtest6 WHERE id BETWEEN 4186597 AND 4186697
	Index Only Scan using sbtest6_pkey on sbtest6  (cost=0.43..6.51 rows=104 width=4)
	  Index Cond: ((id >= 4186597) AND (id <= 4186697))

table 7 : explain SELECT id FROM sbtest7 WHERE id BETWEEN 4186597 AND 4186697
	Index Only Scan using sbtest7_pkey on sbtest7  (cost=0.43..6.37 rows=97 width=4)
	  Index Cond: ((id >= 4186597) AND (id <= 4186697))

table 8 : explain SELECT id FROM sbtest8 WHERE id BETWEEN 4186597 AND 4186697
	Index Only Scan using sbtest8_pkey on sbtest8  (cost=0.43..6.56 rows=106 width=4)
	  Index Cond: ((id >= 4186597) AND (id <= 4186697))

Threads started!

Warming up for 5 seconds...

SQL statistics:
    queries performed:
        read:                            254853828
        write:                           0
        other:                           0
        total:                           254853828
    transactions:                        254853828 (404527.23 per sec.)
    queries:                             254853828 (404527.23 per sec.)
    ignored errors:                      0      (0.00 per sec.)
    reconnects:                          0      (0.00 per sec.)

Throughput:
    events/s (eps):                      404527.2259
    time elapsed:                        630.0056s
    total number of events:              254853828

Latency (ms):
         min:                                    0.07
         avg:                                    0.10
         max:                                    8.14
         95th percentile:                        0.11
         sum:                             25116630.75

Threads fairness:
    events (avg/stddev):           6371338.9750/29250.61
    execution time (avg/stddev):   627.9158/0.03

