LUA_PATH=/home/mdcallag/git/mytools/bench/sysbench.lua/lua/?.lua /home/mdcallag/git/mytools/bench/sysbench.lua/lua/sysbench --db-driver=pgsql --range-size=100 --table-size=10000000 --tables=8 --threads=40 --events=0 --warmup-time=5 --time=630 --pgsql_conn_id=true /home/mdcallag/git/mytools/bench/sysbench.lua/lua/oltp_range_covered.lua run --pgsql-user=root --pgsql-password=pw --pgsql-host=127.0.0.1 --pgsql-db=ib --rand-type=uniform --random-points=100 --skip-trx --on-id=false --covered=false
48 CPUs
sysbench 1.1.0-9072687 (using bundled LuaJIT 2.1.0-beta3)

Running the test with following options:
Number of threads: 40
Warmup time: 5s
Initializing random number generator from current time


Initializing worker threads...

explain: for range-notcovered :: explain SELECT k, c FROM sbtest%d WHERE k BETWEEN 9108581 AND 9108681
explain: for range-notcovered :: explain SELECT k, c FROM sbtest%d WHERE k BETWEEN 4746164 AND 4746264
for range-notcovered
table 1 : explain SELECT k, c FROM sbtest1 WHERE k BETWEEN 9108581 AND 9108681
	Bitmap Heap Scan on sbtest1  (cost=5.59..452.36 rows=113 width=125)
	  Recheck Cond: ((k >= 9108581) AND (k <= 9108681))
	  ->  Bitmap Index Scan on k_1  (cost=0.00..5.56 rows=113 width=0)
	        Index Cond: ((k >= 9108581) AND (k <= 9108681))

table 2 : explain SELECT k, c FROM sbtest2 WHERE k BETWEEN 9108581 AND 9108681
	Bitmap Heap Scan on sbtest2  (cost=5.50..416.94 rows=104 width=125)
	  Recheck Cond: ((k >= 9108581) AND (k <= 9108681))
	  ->  Bitmap Index Scan on k_2  (cost=0.00..5.47 rows=104 width=0)
	        Index Cond: ((k >= 9108581) AND (k <= 9108681))

table 3 : explain SELECT k, c FROM sbtest3 WHERE k BETWEEN 9108581 AND 9108681
	Bitmap Heap Scan on sbtest3  (cost=5.46..401.19 rows=100 width=125)
	  Recheck Cond: ((k >= 9108581) AND (k <= 9108681))
	  ->  Bitmap Index Scan on k_3  (cost=0.00..5.43 rows=100 width=0)
	        Index Cond: ((k >= 9108581) AND (k <= 9108681))

table 4 : explain SELECT k, c FROM sbtest4 WHERE k BETWEEN 9108581 AND 9108681
	Bitmap Heap Scan on sbtest4  (cost=5.45..397.25 rows=99 width=125)
	  Recheck Cond: ((k >= 9108581) AND (k <= 9108681))
	  ->  Bitmap Index Scan on k_4  (cost=0.00..5.42 rows=99 width=0)
	        Index Cond: ((k >= 9108581) AND (k <= 9108681))

table 5 : explain SELECT k, c FROM sbtest5 WHERE k BETWEEN 9108581 AND 9108681
	Bitmap Heap Scan on sbtest5  (cost=5.52..424.81 rows=106 width=125)
	  Recheck Cond: ((k >= 9108581) AND (k <= 9108681))
	  ->  Bitmap Index Scan on k_5  (cost=0.00..5.50 rows=106 width=0)
	        Index Cond: ((k >= 9108581) AND (k <= 9108681))

table 6 : explain SELECT k, c FROM sbtest6 WHERE k BETWEEN 9108581 AND 9108681
	Bitmap Heap Scan on sbtest6  (cost=5.51..420.88 rows=105 width=125)
	  Recheck Cond: ((k >= 9108581) AND (k <= 9108681))
	  ->  Bitmap Index Scan on k_6  (cost=0.00..5.48 rows=105 width=0)
	        Index Cond: ((k >= 9108581) AND (k <= 9108681))

table 7 : explain SELECT k, c FROM sbtest7 WHERE k BETWEEN 9108581 AND 9108681
	Bitmap Heap Scan on sbtest7  (cost=5.40..377.55 rows=94 width=125)
	  Recheck Cond: ((k >= 9108581) AND (k <= 9108681))
	  ->  Bitmap Index Scan on k_7  (cost=0.00..5.38 rows=94 width=0)
	        Index Cond: ((k >= 9108581) AND (k <= 9108681))

table 8 : explain SELECT k, c FROM sbtest8 WHERE k BETWEEN 9108581 AND 9108681
	Bitmap Heap Scan on sbtest8  (cost=5.40..377.55 rows=94 width=125)
	  Recheck Cond: ((k >= 9108581) AND (k <= 9108681))
	  ->  Bitmap Index Scan on k_8  (cost=0.00..5.38 rows=94 width=0)
	        Index Cond: ((k >= 9108581) AND (k <= 9108681))

explain: for range-notcovered :: explain SELECT k, c FROM sbtest%d WHERE k BETWEEN 9108581 AND 9108681
for range-notcovered
table 1 : explain SELECT k, c FROM sbtest1 WHERE k BETWEEN 9108581 AND 9108681
	Bitmap Heap Scan on sbtest1  (cost=5.59..452.36 rows=113 width=125)
	  Recheck Cond: ((k >= 9108581) AND (k <= 9108681))
	  ->  Bitmap Index Scan on k_1  (cost=0.00..5.56 rows=113 width=0)
	        Index Cond: ((k >= 9108581) AND (k <= 9108681))

table 2 : explain SELECT k, c FROM sbtest2 WHERE k BETWEEN 9108581 AND 9108681
	Bitmap Heap Scan on sbtest2  (cost=5.50..416.94 rows=104 width=125)
	  Recheck Cond: ((k >= 9108581) AND (k <= 9108681))
	  ->  Bitmap Index Scan on k_2  (cost=0.00..5.47 rows=104 width=0)
	        Index Cond: ((k >= 9108581) AND (k <= 9108681))

table 3 : explain SELECT k, c FROM sbtest3 WHERE k BETWEEN 9108581 AND 9108681
	Bitmap Heap Scan on sbtest3  (cost=5.46..401.19 rows=100 width=125)
	  Recheck Cond: ((k >= 9108581) AND (k <= 9108681))
	  ->  Bitmap Index Scan on k_3  (cost=0.00..5.43 rows=100 width=0)
	        Index Cond: ((k >= 9108581) AND (k <= 9108681))

table 4 : explain SELECT k, c FROM sbtest4 WHERE k BETWEEN 9108581 AND 9108681
	Bitmap Heap Scan on sbtest4  (cost=5.45..397.25 rows=99 width=125)
	  Recheck Cond: ((k >= 9108581) AND (k <= 9108681))
	  ->  Bitmap Index Scan on k_4  (cost=0.00..5.42 rows=99 width=0)
	        Index Cond: ((k >= 9108581) AND (k <= 9108681))

table 5 : explain SELECT k, c FROM sbtest5 WHERE k BETWEEN 9108581 AND 9108681
	Bitmap Heap Scan on sbtest5  (cost=5.52..424.81 rows=106 width=125)
	  Recheck Cond: ((k >= 9108581) AND (k <= 9108681))
	  ->  Bitmap Index Scan on k_5  (cost=0.00..5.50 rows=106 width=0)
	        Index Cond: ((k >= 9108581) AND (k <= 9108681))

table 6 : explain SELECT k, c FROM sbtest6 WHERE k BETWEEN 9108581 AND 9108681
	Bitmap Heap Scan on sbtest6  (cost=5.51..420.88 rows=105 width=125)
	  Recheck Cond: ((k >= 9108581) AND (k <= 9108681))
	  ->  Bitmap Index Scan on k_6  (cost=0.00..5.48 rows=105 width=0)
	        Index Cond: ((k >= 9108581) AND (k <= 9108681))

table 7 : explain SELECT k, c FROM sbtest7 WHERE k BETWEEN 9108581 AND 9108681
	Bitmap Heap Scan on sbtest7  (cost=5.40..377.55 rows=94 width=125)
	  Recheck Cond: ((k >= 9108581) AND (k <= 9108681))
	  ->  Bitmap Index Scan on k_7  (cost=0.00..5.38 rows=94 width=0)
	        Index Cond: ((k >= 9108581) AND (k <= 9108681))

table 8 : explain SELECT k, c FROM sbtest8 WHERE k BETWEEN 9108581 AND 9108681
	Bitmap Heap Scan on sbtest8  (cost=5.40..377.55 rows=94 width=125)
	  Recheck Cond: ((k >= 9108581) AND (k <= 9108681))
	  ->  Bitmap Index Scan on k_8  (cost=0.00..5.38 rows=94 width=0)
	        Index Cond: ((k >= 9108581) AND (k <= 9108681))

explain: for range-notcovered :: explain SELECT k, c FROM sbtest%d WHERE k BETWEEN 9108581 AND 9108681
explain: for range-notcovered :: explain SELECT k, c FROM sbtest%d WHERE k BETWEEN 3884273 AND 3884373
explain: for range-notcovered :: explain SELECT k, c FROM sbtest%d WHERE k BETWEEN 3029874 AND 3029974
explain: for range-notcovered :: explain SELECT k, c FROM sbtest%d WHERE k BETWEEN 7192324 AND 7192424
for range-notcovered
table 1 : explain SELECT k, c FROM sbtest1 WHERE k BETWEEN 9108581 AND 9108681
	Bitmap Heap Scan on sbtest1  (cost=5.59..452.36 rows=113 width=125)
	  Recheck Cond: ((k >= 9108581) AND (k <= 9108681))
	  ->  Bitmap Index Scan on k_1  (cost=0.00..5.56 rows=113 width=0)
	        Index Cond: ((k >= 9108581) AND (k <= 9108681))

table 2 : explain SELECT k, c FROM sbtest2 WHERE k BETWEEN 9108581 AND 9108681
	Bitmap Heap Scan on sbtest2  (cost=5.50..416.94 rows=104 width=125)
	  Recheck Cond: ((k >= 9108581) AND (k <= 9108681))
	  ->  Bitmap Index Scan on k_2  (cost=0.00..5.47 rows=104 width=0)
	        Index Cond: ((k >= 9108581) AND (k <= 9108681))

table 3 : explain SELECT k, c FROM sbtest3 WHERE k BETWEEN 9108581 AND 9108681
	Bitmap Heap Scan on sbtest3  (cost=5.46..401.19 rows=100 width=125)
	  Recheck Cond: ((k >= 9108581) AND (k <= 9108681))
	  ->  Bitmap Index Scan on k_3  (cost=0.00..5.43 rows=100 width=0)
	        Index Cond: ((k >= 9108581) AND (k <= 9108681))

table 4 : explain SELECT k, c FROM sbtest4 WHERE k BETWEEN 9108581 AND 9108681
	Bitmap Heap Scan on sbtest4  (cost=5.45..397.25 rows=99 width=125)
	  Recheck Cond: ((k >= 9108581) AND (k <= 9108681))
	  ->  Bitmap Index Scan on k_4  (cost=0.00..5.42 rows=99 width=0)
	        Index Cond: ((k >= 9108581) AND (k <= 9108681))

table 5 : explain SELECT k, c FROM sbtest5 WHERE k BETWEEN 9108581 AND 9108681
	Bitmap Heap Scan on sbtest5  (cost=5.52..424.81 rows=106 width=125)
	  Recheck Cond: ((k >= 9108581) AND (k <= 9108681))
	  ->  Bitmap Index Scan on k_5  (cost=0.00..5.50 rows=106 width=0)
	        Index Cond: ((k >= 9108581) AND (k <= 9108681))

table 6 : explain SELECT k, c FROM sbtest6 WHERE k BETWEEN 9108581 AND 9108681
	Bitmap Heap Scan on sbtest6  (cost=5.51..420.88 rows=105 width=125)
	  Recheck Cond: ((k >= 9108581) AND (k <= 9108681))
	  ->  Bitmap Index Scan on k_6  (cost=0.00..5.48 rows=105 width=0)
	        Index Cond: ((k >= 9108581) AND (k <= 9108681))

table 7 : explain SELECT k, c FROM sbtest7 WHERE k BETWEEN 9108581 AND 9108681
	Bitmap Heap Scan on sbtest7  (cost=5.40..377.55 rows=94 width=125)
	  Recheck Cond: ((k >= 9108581) AND (k <= 9108681))
	  ->  Bitmap Index Scan on k_7  (cost=0.00..5.38 rows=94 width=0)
	        Index Cond: ((k >= 9108581) AND (k <= 9108681))

table 8 : explain SELECT k, c FROM sbtest8 WHERE k BETWEEN 9108581 AND 9108681
	Bitmap Heap Scan on sbtest8  (cost=5.40..377.55 rows=94 width=125)
	  Recheck Cond: ((k >= 9108581) AND (k <= 9108681))
	  ->  Bitmap Index Scan on k_8  (cost=0.00..5.38 rows=94 width=0)
	        Index Cond: ((k >= 9108581) AND (k <= 9108681))

explain: for range-notcovered :: explain SELECT k, c FROM sbtest%d WHERE k BETWEEN 9108581 AND 9108681
for range-notcovered
table 1 : explain SELECT k, c FROM sbtest1 WHERE k BETWEEN 4746164 AND 4746264
	Bitmap Heap Scan on sbtest1  (cost=5.52..424.81 rows=106 width=125)
	  Recheck Cond: ((k >= 4746164) AND (k <= 4746264))
	  ->  Bitmap Index Scan on k_1  (cost=0.00..5.50 rows=106 width=0)
	        Index Cond: ((k >= 4746164) AND (k <= 4746264))

table 2 : explain SELECT k, c FROM sbtest2 WHERE k BETWEEN 4746164 AND 4746264
	Bitmap Heap Scan on sbtest2  (cost=5.61..460.22 rows=115 width=125)
	  Recheck Cond: ((k >= 4746164) AND (k <= 4746264))
	  ->  Bitmap Index Scan on k_2  (cost=0.00..5.58 rows=115 width=0)
	        Index Cond: ((k >= 4746164) AND (k <= 4746264))

table 3 : explain SELECT k, c FROM sbtest3 WHERE k BETWEEN 4746164 AND 4746264
	Bitmap Heap Scan on sbtest3  (cost=5.54..432.69 rows=108 width=125)
	  Recheck Cond: ((k >= 4746164) AND (k <= 4746264))
	  ->  Bitmap Index Scan on k_3  (cost=0.00..5.51 rows=108 width=0)
	        Index Cond: ((k >= 4746164) AND (k <= 4746264))

table 4 : explain SELECT k, c FROM sbtest4 WHERE k BETWEEN 4746164 AND 4746264
	Bitmap Heap Scan on sbtest4  (cost=5.57..444.49 rows=111 width=125)
	  Recheck Cond: ((k >= 4746164) AND (k <= 4746264))
	  ->  Bitmap Index Scan on k_4  (cost=0.00..5.54 rows=111 width=0)
	        Index Cond: ((k >= 4746164) AND (k <= 4746264))

table 5 : explain SELECT k, c FROM sbtest5 WHERE k BETWEEN 4746164 AND 4746264
	Bitmap Heap Scan on sbtest5  (cost=5.50..416.94 rows=104 width=125)
	  Recheck Cond: ((k >= 4746164) AND (k <= 4746264))
	  ->  Bitmap Index Scan on k_5  (cost=0.00..5.47 rows=104 width=0)
	        Index Cond: ((k >= 4746164) AND (k <= 4746264))

table 6 : explain SELECT k, c FROM sbtest6 WHERE k BETWEEN 4746164 AND 4746264
	Bitmap Heap Scan on sbtest6  (cost=5.45..397.25 rows=99 width=125)
	  Recheck Cond: ((k >= 4746164) AND (k <= 4746264))
	  ->  Bitmap Index Scan on k_6  (cost=0.00..5.42 rows=99 width=0)
	        Index Cond: ((k >= 4746164) AND (k <= 4746264))

table 7 : explain SELECT k, c FROM sbtest7 WHERE k BETWEEN 4746164 AND 4746264
	Bitmap Heap Scan on sbtest7  (cost=5.40..377.55 rows=94 width=125)
	  Recheck Cond: ((k >= 4746164) AND (k <= 4746264))
	  ->  Bitmap Index Scan on k_7  (cost=0.00..5.38 rows=94 width=0)
	        Index Cond: ((k >= 4746164) AND (k <= 4746264))

table 8 : explain SELECT k, c FROM sbtest8 WHERE k BETWEEN 4746164 AND 4746264
	Bitmap Heap Scan on sbtest8  (cost=5.58..448.42 rows=112 width=125)
	  Recheck Cond: ((k >= 4746164) AND (k <= 4746264))
	  ->  Bitmap Index Scan on k_8  (cost=0.00..5.55 rows=112 width=0)
	        Index Cond: ((k >= 4746164) AND (k <= 4746264))

explain: for range-notcovered :: explain SELECT k, c FROM sbtest%d WHERE k BETWEEN 4746164 AND 4746264
explain: for range-notcovered :: explain SELECT k, c FROM sbtest%d WHERE k BETWEEN 2892885 AND 2892985
for range-notcovered
table 1 : explain SELECT k, c FROM sbtest1 WHERE k BETWEEN 4746164 AND 4746264
	Bitmap Heap Scan on sbtest1  (cost=5.52..424.81 rows=106 width=125)
	  Recheck Cond: ((k >= 4746164) AND (k <= 4746264))
	  ->  Bitmap Index Scan on k_1  (cost=0.00..5.50 rows=106 width=0)
	        Index Cond: ((k >= 4746164) AND (k <= 4746264))

table 2 : explain SELECT k, c FROM sbtest2 WHERE k BETWEEN 4746164 AND 4746264
	Bitmap Heap Scan on sbtest2  (cost=5.61..460.22 rows=115 width=125)
	  Recheck Cond: ((k >= 4746164) AND (k <= 4746264))
	  ->  Bitmap Index Scan on k_2  (cost=0.00..5.58 rows=115 width=0)
	        Index Cond: ((k >= 4746164) AND (k <= 4746264))

table 3 : explain SELECT k, c FROM sbtest3 WHERE k BETWEEN 4746164 AND 4746264
	Bitmap Heap Scan on sbtest3  (cost=5.54..432.69 rows=108 width=125)
	  Recheck Cond: ((k >= 4746164) AND (k <= 4746264))
	  ->  Bitmap Index Scan on k_3  (cost=0.00..5.51 rows=108 width=0)
	        Index Cond: ((k >= 4746164) AND (k <= 4746264))

table 4 : explain SELECT k, c FROM sbtest4 WHERE k BETWEEN 4746164 AND 4746264
	Bitmap Heap Scan on sbtest4  (cost=5.57..444.49 rows=111 width=125)
	  Recheck Cond: ((k >= 4746164) AND (k <= 4746264))
	  ->  Bitmap Index Scan on k_4  (cost=0.00..5.54 rows=111 width=0)
	        Index Cond: ((k >= 4746164) AND (k <= 4746264))

table 5 : explain SELECT k, c FROM sbtest5 WHERE k BETWEEN 4746164 AND 4746264
	Bitmap Heap Scan on sbtest5  (cost=5.50..416.94 rows=104 width=125)
	  Recheck Cond: ((k >= 4746164) AND (k <= 4746264))
	  ->  Bitmap Index Scan on k_5  (cost=0.00..5.47 rows=104 width=0)
	        Index Cond: ((k >= 4746164) AND (k <= 4746264))

table 6 : explain SELECT k, c FROM sbtest6 WHERE k BETWEEN 4746164 AND 4746264
	Bitmap Heap Scan on sbtest6  (cost=5.45..397.25 rows=99 width=125)
	  Recheck Cond: ((k >= 4746164) AND (k <= 4746264))
	  ->  Bitmap Index Scan on k_6  (cost=0.00..5.42 rows=99 width=0)
	        Index Cond: ((k >= 4746164) AND (k <= 4746264))

table 7 : explain SELECT k, c FROM sbtest7 WHERE k BETWEEN 4746164 AND 4746264
	Bitmap Heap Scan on sbtest7  (cost=5.40..377.55 rows=94 width=125)
	  Recheck Cond: ((k >= 4746164) AND (k <= 4746264))
	  ->  Bitmap Index Scan on k_7  (cost=0.00..5.38 rows=94 width=0)
	        Index Cond: ((k >= 4746164) AND (k <= 4746264))

table 8 : explain SELECT k, c FROM sbtest8 WHERE k BETWEEN 4746164 AND 4746264
	Bitmap Heap Scan on sbtest8  (cost=5.58..448.42 rows=112 width=125)
	  Recheck Cond: ((k >= 4746164) AND (k <= 4746264))
	  ->  Bitmap Index Scan on k_8  (cost=0.00..5.55 rows=112 width=0)
	        Index Cond: ((k >= 4746164) AND (k <= 4746264))

explain: for range-notcovered :: explain SELECT k, c FROM sbtest%d WHERE k BETWEEN 4363850 AND 4363950
explain: for range-notcovered :: explain SELECT k, c FROM sbtest%d WHERE k BETWEEN 4746164 AND 4746264
explain: for range-notcovered :: explain SELECT k, c FROM sbtest%d WHERE k BETWEEN 4279811 AND 4279911
for range-notcovered
table 1 : explain SELECT k, c FROM sbtest1 WHERE k BETWEEN 4746164 AND 4746264
	Bitmap Heap Scan on sbtest1  (cost=5.52..424.81 rows=106 width=125)
	  Recheck Cond: ((k >= 4746164) AND (k <= 4746264))
	  ->  Bitmap Index Scan on k_1  (cost=0.00..5.50 rows=106 width=0)
	        Index Cond: ((k >= 4746164) AND (k <= 4746264))

table 2 : explain SELECT k, c FROM sbtest2 WHERE k BETWEEN 4746164 AND 4746264
	Bitmap Heap Scan on sbtest2  (cost=5.61..460.22 rows=115 width=125)
	  Recheck Cond: ((k >= 4746164) AND (k <= 4746264))
	  ->  Bitmap Index Scan on k_2  (cost=0.00..5.58 rows=115 width=0)
	        Index Cond: ((k >= 4746164) AND (k <= 4746264))

table 3 : explain SELECT k, c FROM sbtest3 WHERE k BETWEEN 4746164 AND 4746264
	Bitmap Heap Scan on sbtest3  (cost=5.54..432.69 rows=108 width=125)
	  Recheck Cond: ((k >= 4746164) AND (k <= 4746264))
	  ->  Bitmap Index Scan on k_3  (cost=0.00..5.51 rows=108 width=0)
	        Index Cond: ((k >= 4746164) AND (k <= 4746264))

table 4 : explain SELECT k, c FROM sbtest4 WHERE k BETWEEN 4746164 AND 4746264
	Bitmap Heap Scan on sbtest4  (cost=5.57..444.49 rows=111 width=125)
	  Recheck Cond: ((k >= 4746164) AND (k <= 4746264))
	  ->  Bitmap Index Scan on k_4  (cost=0.00..5.54 rows=111 width=0)
	        Index Cond: ((k >= 4746164) AND (k <= 4746264))

table 5 : explain SELECT k, c FROM sbtest5 WHERE k BETWEEN 4746164 AND 4746264
	Bitmap Heap Scan on sbtest5  (cost=5.50..416.94 rows=104 width=125)
	  Recheck Cond: ((k >= 4746164) AND (k <= 4746264))
	  ->  Bitmap Index Scan on k_5  (cost=0.00..5.47 rows=104 width=0)
	        Index Cond: ((k >= 4746164) AND (k <= 4746264))

table 6 : explain SELECT k, c FROM sbtest6 WHERE k BETWEEN 4746164 AND 4746264
	Bitmap Heap Scan on sbtest6  (cost=5.45..397.25 rows=99 width=125)
	  Recheck Cond: ((k >= 4746164) AND (k <= 4746264))
	  ->  Bitmap Index Scan on k_6  (cost=0.00..5.42 rows=99 width=0)
	        Index Cond: ((k >= 4746164) AND (k <= 4746264))

table 7 : explain SELECT k, c FROM sbtest7 WHERE k BETWEEN 4746164 AND 4746264
	Bitmap Heap Scan on sbtest7  (cost=5.40..377.55 rows=94 width=125)
	  Recheck Cond: ((k >= 4746164) AND (k <= 4746264))
	  ->  Bitmap Index Scan on k_7  (cost=0.00..5.38 rows=94 width=0)
	        Index Cond: ((k >= 4746164) AND (k <= 4746264))

table 8 : explain SELECT k, c FROM sbtest8 WHERE k BETWEEN 4746164 AND 4746264
	Bitmap Heap Scan on sbtest8  (cost=5.58..448.42 rows=112 width=125)
	  Recheck Cond: ((k >= 4746164) AND (k <= 4746264))
	  ->  Bitmap Index Scan on k_8  (cost=0.00..5.55 rows=112 width=0)
	        Index Cond: ((k >= 4746164) AND (k <= 4746264))

explain: for range-notcovered :: explain SELECT k, c FROM sbtest%d WHERE k BETWEEN 4746164 AND 4746264
explain: for range-notcovered :: explain SELECT k, c FROM sbtest%d WHERE k BETWEEN 5391383 AND 5391483
for range-notcovered
table 1 : explain SELECT k, c FROM sbtest1 WHERE k BETWEEN 9108581 AND 9108681
	Bitmap Heap Scan on sbtest1  (cost=5.59..452.36 rows=113 width=125)
	  Recheck Cond: ((k >= 9108581) AND (k <= 9108681))
	  ->  Bitmap Index Scan on k_1  (cost=0.00..5.56 rows=113 width=0)
	        Index Cond: ((k >= 9108581) AND (k <= 9108681))

table 2 : explain SELECT k, c FROM sbtest2 WHERE k BETWEEN 9108581 AND 9108681
	Bitmap Heap Scan on sbtest2  (cost=5.50..416.94 rows=104 width=125)
	  Recheck Cond: ((k >= 9108581) AND (k <= 9108681))
	  ->  Bitmap Index Scan on k_2  (cost=0.00..5.47 rows=104 width=0)
	        Index Cond: ((k >= 9108581) AND (k <= 9108681))

table 3 : explain SELECT k, c FROM sbtest3 WHERE k BETWEEN 9108581 AND 9108681
	Bitmap Heap Scan on sbtest3  (cost=5.46..401.19 rows=100 width=125)
	  Recheck Cond: ((k >= 9108581) AND (k <= 9108681))
	  ->  Bitmap Index Scan on k_3  (cost=0.00..5.43 rows=100 width=0)
	        Index Cond: ((k >= 9108581) AND (k <= 9108681))

table 4 : explain SELECT k, c FROM sbtest4 WHERE k BETWEEN 9108581 AND 9108681
	Bitmap Heap Scan on sbtest4  (cost=5.45..397.25 rows=99 width=125)
	  Recheck Cond: ((k >= 9108581) AND (k <= 9108681))
	  ->  Bitmap Index Scan on k_4  (cost=0.00..5.42 rows=99 width=0)
	        Index Cond: ((k >= 9108581) AND (k <= 9108681))

table 5 : explain SELECT k, c FROM sbtest5 WHERE k BETWEEN 9108581 AND 9108681
	Bitmap Heap Scan on sbtest5  (cost=5.52..424.81 rows=106 width=125)
	  Recheck Cond: ((k >= 9108581) AND (k <= 9108681))
	  ->  Bitmap Index Scan on k_5  (cost=0.00..5.50 rows=106 width=0)
	        Index Cond: ((k >= 9108581) AND (k <= 9108681))

table 6 : explain SELECT k, c FROM sbtest6 WHERE k BETWEEN 9108581 AND 9108681
	Bitmap Heap Scan on sbtest6  (cost=5.51..420.88 rows=105 width=125)
	  Recheck Cond: ((k >= 9108581) AND (k <= 9108681))
	  ->  Bitmap Index Scan on k_6  (cost=0.00..5.48 rows=105 width=0)
	        Index Cond: ((k >= 9108581) AND (k <= 9108681))

table 7 : explain SELECT k, c FROM sbtest7 WHERE k BETWEEN 9108581 AND 9108681
	Bitmap Heap Scan on sbtest7  (cost=5.40..377.55 rows=94 width=125)
	  Recheck Cond: ((k >= 9108581) AND (k <= 9108681))
	  ->  Bitmap Index Scan on k_7  (cost=0.00..5.38 rows=94 width=0)
	        Index Cond: ((k >= 9108581) AND (k <= 9108681))

table 8 : explain SELECT k, c FROM sbtest8 WHERE k BETWEEN 9108581 AND 9108681
	Bitmap Heap Scan on sbtest8  (cost=5.40..377.55 rows=94 width=125)
	  Recheck Cond: ((k >= 9108581) AND (k <= 9108681))
	  ->  Bitmap Index Scan on k_8  (cost=0.00..5.38 rows=94 width=0)
	        Index Cond: ((k >= 9108581) AND (k <= 9108681))

explain: for range-notcovered :: explain SELECT k, c FROM sbtest%d WHERE k BETWEEN 9108581 AND 9108681
for range-notcovered
table 1 : explain SELECT k, c FROM sbtest1 WHERE k BETWEEN 4746164 AND 4746264
	Bitmap Heap Scan on sbtest1  (cost=5.52..424.81 rows=106 width=125)
	  Recheck Cond: ((k >= 4746164) AND (k <= 4746264))
	  ->  Bitmap Index Scan on k_1  (cost=0.00..5.50 rows=106 width=0)
	        Index Cond: ((k >= 4746164) AND (k <= 4746264))

table 2 : explain SELECT k, c FROM sbtest2 WHERE k BETWEEN 4746164 AND 4746264
	Bitmap Heap Scan on sbtest2  (cost=5.61..460.22 rows=115 width=125)
	  Recheck Cond: ((k >= 4746164) AND (k <= 4746264))
	  ->  Bitmap Index Scan on k_2  (cost=0.00..5.58 rows=115 width=0)
	        Index Cond: ((k >= 4746164) AND (k <= 4746264))

table 3 : explain SELECT k, c FROM sbtest3 WHERE k BETWEEN 4746164 AND 4746264
	Bitmap Heap Scan on sbtest3  (cost=5.54..432.69 rows=108 width=125)
	  Recheck Cond: ((k >= 4746164) AND (k <= 4746264))
	  ->  Bitmap Index Scan on k_3  (cost=0.00..5.51 rows=108 width=0)
	        Index Cond: ((k >= 4746164) AND (k <= 4746264))

table 4 : explain SELECT k, c FROM sbtest4 WHERE k BETWEEN 4746164 AND 4746264
	Bitmap Heap Scan on sbtest4  (cost=5.57..444.49 rows=111 width=125)
	  Recheck Cond: ((k >= 4746164) AND (k <= 4746264))
	  ->  Bitmap Index Scan on k_4  (cost=0.00..5.54 rows=111 width=0)
	        Index Cond: ((k >= 4746164) AND (k <= 4746264))

table 5 : explain SELECT k, c FROM sbtest5 WHERE k BETWEEN 4746164 AND 4746264
	Bitmap Heap Scan on sbtest5  (cost=5.50..416.94 rows=104 width=125)
	  Recheck Cond: ((k >= 4746164) AND (k <= 4746264))
	  ->  Bitmap Index Scan on k_5  (cost=0.00..5.47 rows=104 width=0)
	        Index Cond: ((k >= 4746164) AND (k <= 4746264))

table 6 : explain SELECT k, c FROM sbtest6 WHERE k BETWEEN 4746164 AND 4746264
	Bitmap Heap Scan on sbtest6  (cost=5.45..397.25 rows=99 width=125)
	  Recheck Cond: ((k >= 4746164) AND (k <= 4746264))
	  ->  Bitmap Index Scan on k_6  (cost=0.00..5.42 rows=99 width=0)
	        Index Cond: ((k >= 4746164) AND (k <= 4746264))

table 7 : explain SELECT k, c FROM sbtest7 WHERE k BETWEEN 4746164 AND 4746264
	Bitmap Heap Scan on sbtest7  (cost=5.40..377.55 rows=94 width=125)
	  Recheck Cond: ((k >= 4746164) AND (k <= 4746264))
	  ->  Bitmap Index Scan on k_7  (cost=0.00..5.38 rows=94 width=0)
	        Index Cond: ((k >= 4746164) AND (k <= 4746264))

table 8 : explain SELECT k, c FROM sbtest8 WHERE k BETWEEN 4746164 AND 4746264
	Bitmap Heap Scan on sbtest8  (cost=5.58..448.42 rows=112 width=125)
	  Recheck Cond: ((k >= 4746164) AND (k <= 4746264))
	  ->  Bitmap Index Scan on k_8  (cost=0.00..5.55 rows=112 width=0)
	        Index Cond: ((k >= 4746164) AND (k <= 4746264))

explain: for range-notcovered :: explain SELECT k, c FROM sbtest%d WHERE k BETWEEN 4746164 AND 4746264
for range-notcovered
table 1 : explain SELECT k, c FROM sbtest1 WHERE k BETWEEN 9108581 AND 9108681
	Bitmap Heap Scan on sbtest1  (cost=5.59..452.36 rows=113 width=125)
	  Recheck Cond: ((k >= 9108581) AND (k <= 9108681))
	  ->  Bitmap Index Scan on k_1  (cost=0.00..5.56 rows=113 width=0)
	        Index Cond: ((k >= 9108581) AND (k <= 9108681))

table 2 : explain SELECT k, c FROM sbtest2 WHERE k BETWEEN 9108581 AND 9108681
	Bitmap Heap Scan on sbtest2  (cost=5.50..416.94 rows=104 width=125)
	  Recheck Cond: ((k >= 9108581) AND (k <= 9108681))
	  ->  Bitmap Index Scan on k_2  (cost=0.00..5.47 rows=104 width=0)
	        Index Cond: ((k >= 9108581) AND (k <= 9108681))

table 3 : explain SELECT k, c FROM sbtest3 WHERE k BETWEEN 9108581 AND 9108681
	Bitmap Heap Scan on sbtest3  (cost=5.46..401.19 rows=100 width=125)
	  Recheck Cond: ((k >= 9108581) AND (k <= 9108681))
	  ->  Bitmap Index Scan on k_3  (cost=0.00..5.43 rows=100 width=0)
	        Index Cond: ((k >= 9108581) AND (k <= 9108681))

table 4 : explain SELECT k, c FROM sbtest4 WHERE k BETWEEN 9108581 AND 9108681
	Bitmap Heap Scan on sbtest4  (cost=5.45..397.25 rows=99 width=125)
	  Recheck Cond: ((k >= 9108581) AND (k <= 9108681))
	  ->  Bitmap Index Scan on k_4  (cost=0.00..5.42 rows=99 width=0)
	        Index Cond: ((k >= 9108581) AND (k <= 9108681))

table 5 : explain SELECT k, c FROM sbtest5 WHERE k BETWEEN 9108581 AND 9108681
	Bitmap Heap Scan on sbtest5  (cost=5.52..424.81 rows=106 width=125)
	  Recheck Cond: ((k >= 9108581) AND (k <= 9108681))
	  ->  Bitmap Index Scan on k_5  (cost=0.00..5.50 rows=106 width=0)
	        Index Cond: ((k >= 9108581) AND (k <= 9108681))

table 6 : explain SELECT k, c FROM sbtest6 WHERE k BETWEEN 9108581 AND 9108681
	Bitmap Heap Scan on sbtest6  (cost=5.51..420.88 rows=105 width=125)
	  Recheck Cond: ((k >= 9108581) AND (k <= 9108681))
	  ->  Bitmap Index Scan on k_6  (cost=0.00..5.48 rows=105 width=0)
	        Index Cond: ((k >= 9108581) AND (k <= 9108681))

table 7 : explain SELECT k, c FROM sbtest7 WHERE k BETWEEN 9108581 AND 9108681
	Bitmap Heap Scan on sbtest7  (cost=5.40..377.55 rows=94 width=125)
	  Recheck Cond: ((k >= 9108581) AND (k <= 9108681))
	  ->  Bitmap Index Scan on k_7  (cost=0.00..5.38 rows=94 width=0)
	        Index Cond: ((k >= 9108581) AND (k <= 9108681))

table 8 : explain SELECT k, c FROM sbtest8 WHERE k BETWEEN 9108581 AND 9108681
	Bitmap Heap Scan on sbtest8  (cost=5.40..377.55 rows=94 width=125)
	  Recheck Cond: ((k >= 9108581) AND (k <= 9108681))
	  ->  Bitmap Index Scan on k_8  (cost=0.00..5.38 rows=94 width=0)
	        Index Cond: ((k >= 9108581) AND (k <= 9108681))

explain: for range-notcovered :: explain SELECT k, c FROM sbtest%d WHERE k BETWEEN 9108581 AND 9108681
for range-notcovered
table 1 : explain SELECT k, c FROM sbtest1 WHERE k BETWEEN 4746164 AND 4746264
	Bitmap Heap Scan on sbtest1  (cost=5.52..424.81 rows=106 width=125)
	  Recheck Cond: ((k >= 4746164) AND (k <= 4746264))
	  ->  Bitmap Index Scan on k_1  (cost=0.00..5.50 rows=106 width=0)
	        Index Cond: ((k >= 4746164) AND (k <= 4746264))

table 2 : explain SELECT k, c FROM sbtest2 WHERE k BETWEEN 4746164 AND 4746264
	Bitmap Heap Scan on sbtest2  (cost=5.61..460.22 rows=115 width=125)
	  Recheck Cond: ((k >= 4746164) AND (k <= 4746264))
	  ->  Bitmap Index Scan on k_2  (cost=0.00..5.58 rows=115 width=0)
	        Index Cond: ((k >= 4746164) AND (k <= 4746264))

table 3 : explain SELECT k, c FROM sbtest3 WHERE k BETWEEN 4746164 AND 4746264
	Bitmap Heap Scan on sbtest3  (cost=5.54..432.69 rows=108 width=125)
	  Recheck Cond: ((k >= 4746164) AND (k <= 4746264))
	  ->  Bitmap Index Scan on k_3  (cost=0.00..5.51 rows=108 width=0)
	        Index Cond: ((k >= 4746164) AND (k <= 4746264))

table 4 : explain SELECT k, c FROM sbtest4 WHERE k BETWEEN 4746164 AND 4746264
	Bitmap Heap Scan on sbtest4  (cost=5.57..444.49 rows=111 width=125)
	  Recheck Cond: ((k >= 4746164) AND (k <= 4746264))
	  ->  Bitmap Index Scan on k_4  (cost=0.00..5.54 rows=111 width=0)
	        Index Cond: ((k >= 4746164) AND (k <= 4746264))

table 5 : explain SELECT k, c FROM sbtest5 WHERE k BETWEEN 4746164 AND 4746264
	Bitmap Heap Scan on sbtest5  (cost=5.50..416.94 rows=104 width=125)
	  Recheck Cond: ((k >= 4746164) AND (k <= 4746264))
	  ->  Bitmap Index Scan on k_5  (cost=0.00..5.47 rows=104 width=0)
	        Index Cond: ((k >= 4746164) AND (k <= 4746264))

table 6 : explain SELECT k, c FROM sbtest6 WHERE k BETWEEN 4746164 AND 4746264
	Bitmap Heap Scan on sbtest6  (cost=5.45..397.25 rows=99 width=125)
	  Recheck Cond: ((k >= 4746164) AND (k <= 4746264))
	  ->  Bitmap Index Scan on k_6  (cost=0.00..5.42 rows=99 width=0)
	        Index Cond: ((k >= 4746164) AND (k <= 4746264))

table 7 : explain SELECT k, c FROM sbtest7 WHERE k BETWEEN 4746164 AND 4746264
	Bitmap Heap Scan on sbtest7  (cost=5.40..377.55 rows=94 width=125)
	  Recheck Cond: ((k >= 4746164) AND (k <= 4746264))
	  ->  Bitmap Index Scan on k_7  (cost=0.00..5.38 rows=94 width=0)
	        Index Cond: ((k >= 4746164) AND (k <= 4746264))

table 8 : explain SELECT k, c FROM sbtest8 WHERE k BETWEEN 4746164 AND 4746264
	Bitmap Heap Scan on sbtest8  (cost=5.58..448.42 rows=112 width=125)
	  Recheck Cond: ((k >= 4746164) AND (k <= 4746264))
	  ->  Bitmap Index Scan on k_8  (cost=0.00..5.55 rows=112 width=0)
	        Index Cond: ((k >= 4746164) AND (k <= 4746264))

explain: for range-notcovered :: explain SELECT k, c FROM sbtest%d WHERE k BETWEEN 4746164 AND 4746264
for range-notcovered
table 1 : explain SELECT k, c FROM sbtest1 WHERE k BETWEEN 9108581 AND 9108681
	Bitmap Heap Scan on sbtest1  (cost=5.59..452.36 rows=113 width=125)
	  Recheck Cond: ((k >= 9108581) AND (k <= 9108681))
	  ->  Bitmap Index Scan on k_1  (cost=0.00..5.56 rows=113 width=0)
	        Index Cond: ((k >= 9108581) AND (k <= 9108681))

table 2 : explain SELECT k, c FROM sbtest2 WHERE k BETWEEN 9108581 AND 9108681
	Bitmap Heap Scan on sbtest2  (cost=5.50..416.94 rows=104 width=125)
	  Recheck Cond: ((k >= 9108581) AND (k <= 9108681))
	  ->  Bitmap Index Scan on k_2  (cost=0.00..5.47 rows=104 width=0)
	        Index Cond: ((k >= 9108581) AND (k <= 9108681))

table 3 : explain SELECT k, c FROM sbtest3 WHERE k BETWEEN 9108581 AND 9108681
	Bitmap Heap Scan on sbtest3  (cost=5.46..401.19 rows=100 width=125)
	  Recheck Cond: ((k >= 9108581) AND (k <= 9108681))
	  ->  Bitmap Index Scan on k_3  (cost=0.00..5.43 rows=100 width=0)
	        Index Cond: ((k >= 9108581) AND (k <= 9108681))

table 4 : explain SELECT k, c FROM sbtest4 WHERE k BETWEEN 9108581 AND 9108681
	Bitmap Heap Scan on sbtest4  (cost=5.45..397.25 rows=99 width=125)
	  Recheck Cond: ((k >= 9108581) AND (k <= 9108681))
	  ->  Bitmap Index Scan on k_4  (cost=0.00..5.42 rows=99 width=0)
	        Index Cond: ((k >= 9108581) AND (k <= 9108681))

table 5 : explain SELECT k, c FROM sbtest5 WHERE k BETWEEN 9108581 AND 9108681
	Bitmap Heap Scan on sbtest5  (cost=5.52..424.81 rows=106 width=125)
	  Recheck Cond: ((k >= 9108581) AND (k <= 9108681))
	  ->  Bitmap Index Scan on k_5  (cost=0.00..5.50 rows=106 width=0)
	        Index Cond: ((k >= 9108581) AND (k <= 9108681))

table 6 : explain SELECT k, c FROM sbtest6 WHERE k BETWEEN 9108581 AND 9108681
	Bitmap Heap Scan on sbtest6  (cost=5.51..420.88 rows=105 width=125)
	  Recheck Cond: ((k >= 9108581) AND (k <= 9108681))
	  ->  Bitmap Index Scan on k_6  (cost=0.00..5.48 rows=105 width=0)
	        Index Cond: ((k >= 9108581) AND (k <= 9108681))

table 7 : explain SELECT k, c FROM sbtest7 WHERE k BETWEEN 9108581 AND 9108681
	Bitmap Heap Scan on sbtest7  (cost=5.40..377.55 rows=94 width=125)
	  Recheck Cond: ((k >= 9108581) AND (k <= 9108681))
	  ->  Bitmap Index Scan on k_7  (cost=0.00..5.38 rows=94 width=0)
	        Index Cond: ((k >= 9108581) AND (k <= 9108681))

table 8 : explain SELECT k, c FROM sbtest8 WHERE k BETWEEN 9108581 AND 9108681
	Bitmap Heap Scan on sbtest8  (cost=5.40..377.55 rows=94 width=125)
	  Recheck Cond: ((k >= 9108581) AND (k <= 9108681))
	  ->  Bitmap Index Scan on k_8  (cost=0.00..5.38 rows=94 width=0)
	        Index Cond: ((k >= 9108581) AND (k <= 9108681))

for range-notcovered
table 1 : explain SELECT k, c FROM sbtest1 WHERE k BETWEEN 4746164 AND 4746264
	Bitmap Heap Scan on sbtest1  (cost=5.52..424.81 rows=106 width=125)
	  Recheck Cond: ((k >= 4746164) AND (k <= 4746264))
	  ->  Bitmap Index Scan on k_1  (cost=0.00..5.50 rows=106 width=0)
	        Index Cond: ((k >= 4746164) AND (k <= 4746264))

table 2 : explain SELECT k, c FROM sbtest2 WHERE k BETWEEN 4746164 AND 4746264
	Bitmap Heap Scan on sbtest2  (cost=5.61..460.22 rows=115 width=125)
	  Recheck Cond: ((k >= 4746164) AND (k <= 4746264))
	  ->  Bitmap Index Scan on k_2  (cost=0.00..5.58 rows=115 width=0)
	        Index Cond: ((k >= 4746164) AND (k <= 4746264))

table 3 : explain SELECT k, c FROM sbtest3 WHERE k BETWEEN 4746164 AND 4746264
	Bitmap Heap Scan on sbtest3  (cost=5.54..432.69 rows=108 width=125)
	  Recheck Cond: ((k >= 4746164) AND (k <= 4746264))
	  ->  Bitmap Index Scan on k_3  (cost=0.00..5.51 rows=108 width=0)
	        Index Cond: ((k >= 4746164) AND (k <= 4746264))

table 4 : explain SELECT k, c FROM sbtest4 WHERE k BETWEEN 4746164 AND 4746264
	Bitmap Heap Scan on sbtest4  (cost=5.57..444.49 rows=111 width=125)
	  Recheck Cond: ((k >= 4746164) AND (k <= 4746264))
	  ->  Bitmap Index Scan on k_4  (cost=0.00..5.54 rows=111 width=0)
	        Index Cond: ((k >= 4746164) AND (k <= 4746264))

table 5 : explain SELECT k, c FROM sbtest5 WHERE k BETWEEN 4746164 AND 4746264
	Bitmap Heap Scan on sbtest5  (cost=5.50..416.94 rows=104 width=125)
	  Recheck Cond: ((k >= 4746164) AND (k <= 4746264))
	  ->  Bitmap Index Scan on k_5  (cost=0.00..5.47 rows=104 width=0)
	        Index Cond: ((k >= 4746164) AND (k <= 4746264))

table 6 : explain SELECT k, c FROM sbtest6 WHERE k BETWEEN 4746164 AND 4746264
	Bitmap Heap Scan on sbtest6  (cost=5.45..397.25 rows=99 width=125)
	  Recheck Cond: ((k >= 4746164) AND (k <= 4746264))
	  ->  Bitmap Index Scan on k_6  (cost=0.00..5.42 rows=99 width=0)
	        Index Cond: ((k >= 4746164) AND (k <= 4746264))

table 7 : explain SELECT k, c FROM sbtest7 WHERE k BETWEEN 4746164 AND 4746264
	Bitmap Heap Scan on sbtest7  (cost=5.40..377.55 rows=94 width=125)
	  Recheck Cond: ((k >= 4746164) AND (k <= 4746264))
	  ->  Bitmap Index Scan on k_7  (cost=0.00..5.38 rows=94 width=0)
	        Index Cond: ((k >= 4746164) AND (k <= 4746264))

table 8 : explain SELECT k, c FROM sbtest8 WHERE k BETWEEN 4746164 AND 4746264
	Bitmap Heap Scan on sbtest8  (cost=5.58..448.42 rows=112 width=125)
	  Recheck Cond: ((k >= 4746164) AND (k <= 4746264))
	  ->  Bitmap Index Scan on k_8  (cost=0.00..5.55 rows=112 width=0)
	        Index Cond: ((k >= 4746164) AND (k <= 4746264))

explain: for range-notcovered :: explain SELECT k, c FROM sbtest%d WHERE k BETWEEN 4746164 AND 4746264
for range-notcovered
table 1 : explain SELECT k, c FROM sbtest1 WHERE k BETWEEN 4746164 AND 4746264
	Bitmap Heap Scan on sbtest1  (cost=5.52..424.81 rows=106 width=125)
	  Recheck Cond: ((k >= 4746164) AND (k <= 4746264))
	  ->  Bitmap Index Scan on k_1  (cost=0.00..5.50 rows=106 width=0)
	        Index Cond: ((k >= 4746164) AND (k <= 4746264))

table 2 : explain SELECT k, c FROM sbtest2 WHERE k BETWEEN 4746164 AND 4746264
	Bitmap Heap Scan on sbtest2  (cost=5.61..460.22 rows=115 width=125)
	  Recheck Cond: ((k >= 4746164) AND (k <= 4746264))
	  ->  Bitmap Index Scan on k_2  (cost=0.00..5.58 rows=115 width=0)
	        Index Cond: ((k >= 4746164) AND (k <= 4746264))

table 3 : explain SELECT k, c FROM sbtest3 WHERE k BETWEEN 4746164 AND 4746264
	Bitmap Heap Scan on sbtest3  (cost=5.54..432.69 rows=108 width=125)
	  Recheck Cond: ((k >= 4746164) AND (k <= 4746264))
	  ->  Bitmap Index Scan on k_3  (cost=0.00..5.51 rows=108 width=0)
	        Index Cond: ((k >= 4746164) AND (k <= 4746264))

table 4 : explain SELECT k, c FROM sbtest4 WHERE k BETWEEN 4746164 AND 4746264
	Bitmap Heap Scan on sbtest4  (cost=5.57..444.49 rows=111 width=125)
	  Recheck Cond: ((k >= 4746164) AND (k <= 4746264))
	  ->  Bitmap Index Scan on k_4  (cost=0.00..5.54 rows=111 width=0)
	        Index Cond: ((k >= 4746164) AND (k <= 4746264))

table 5 : explain SELECT k, c FROM sbtest5 WHERE k BETWEEN 4746164 AND 4746264
	Bitmap Heap Scan on sbtest5  (cost=5.50..416.94 rows=104 width=125)
	  Recheck Cond: ((k >= 4746164) AND (k <= 4746264))
	  ->  Bitmap Index Scan on k_5  (cost=0.00..5.47 rows=104 width=0)
	        Index Cond: ((k >= 4746164) AND (k <= 4746264))

table 6 : explain SELECT k, c FROM sbtest6 WHERE k BETWEEN 4746164 AND 4746264
	Bitmap Heap Scan on sbtest6  (cost=5.45..397.25 rows=99 width=125)
	  Recheck Cond: ((k >= 4746164) AND (k <= 4746264))
	  ->  Bitmap Index Scan on k_6  (cost=0.00..5.42 rows=99 width=0)
	        Index Cond: ((k >= 4746164) AND (k <= 4746264))

table 7 : explain SELECT k, c FROM sbtest7 WHERE k BETWEEN 4746164 AND 4746264
	Bitmap Heap Scan on sbtest7  (cost=5.40..377.55 rows=94 width=125)
	  Recheck Cond: ((k >= 4746164) AND (k <= 4746264))
	  ->  Bitmap Index Scan on k_7  (cost=0.00..5.38 rows=94 width=0)
	        Index Cond: ((k >= 4746164) AND (k <= 4746264))

table 8 : explain SELECT k, c FROM sbtest8 WHERE k BETWEEN 4746164 AND 4746264
	Bitmap Heap Scan on sbtest8  (cost=5.58..448.42 rows=112 width=125)
	  Recheck Cond: ((k >= 4746164) AND (k <= 4746264))
	  ->  Bitmap Index Scan on k_8  (cost=0.00..5.55 rows=112 width=0)
	        Index Cond: ((k >= 4746164) AND (k <= 4746264))

explain: for range-notcovered :: explain SELECT k, c FROM sbtest%d WHERE k BETWEEN 4746164 AND 4746264
for range-notcovered
table 1 : explain SELECT k, c FROM sbtest1 WHERE k BETWEEN 4746164 AND 4746264
	Bitmap Heap Scan on sbtest1  (cost=5.52..424.81 rows=106 width=125)
	  Recheck Cond: ((k >= 4746164) AND (k <= 4746264))
	  ->  Bitmap Index Scan on k_1  (cost=0.00..5.50 rows=106 width=0)
	        Index Cond: ((k >= 4746164) AND (k <= 4746264))

table 2 : explain SELECT k, c FROM sbtest2 WHERE k BETWEEN 4746164 AND 4746264
	Bitmap Heap Scan on sbtest2  (cost=5.61..460.22 rows=115 width=125)
	  Recheck Cond: ((k >= 4746164) AND (k <= 4746264))
	  ->  Bitmap Index Scan on k_2  (cost=0.00..5.58 rows=115 width=0)
	        Index Cond: ((k >= 4746164) AND (k <= 4746264))

table 3 : explain SELECT k, c FROM sbtest3 WHERE k BETWEEN 4746164 AND 4746264
	Bitmap Heap Scan on sbtest3  (cost=5.54..432.69 rows=108 width=125)
	  Recheck Cond: ((k >= 4746164) AND (k <= 4746264))
	  ->  Bitmap Index Scan on k_3  (cost=0.00..5.51 rows=108 width=0)
	        Index Cond: ((k >= 4746164) AND (k <= 4746264))

table 4 : explain SELECT k, c FROM sbtest4 WHERE k BETWEEN 4746164 AND 4746264
	Bitmap Heap Scan on sbtest4  (cost=5.57..444.49 rows=111 width=125)
	  Recheck Cond: ((k >= 4746164) AND (k <= 4746264))
	  ->  Bitmap Index Scan on k_4  (cost=0.00..5.54 rows=111 width=0)
	        Index Cond: ((k >= 4746164) AND (k <= 4746264))

table 5 : explain SELECT k, c FROM sbtest5 WHERE k BETWEEN 4746164 AND 4746264
	Bitmap Heap Scan on sbtest5  (cost=5.50..416.94 rows=104 width=125)
	  Recheck Cond: ((k >= 4746164) AND (k <= 4746264))
	  ->  Bitmap Index Scan on k_5  (cost=0.00..5.47 rows=104 width=0)
	        Index Cond: ((k >= 4746164) AND (k <= 4746264))

table 6 : explain SELECT k, c FROM sbtest6 WHERE k BETWEEN 4746164 AND 4746264
	Bitmap Heap Scan on sbtest6  (cost=5.45..397.25 rows=99 width=125)
	  Recheck Cond: ((k >= 4746164) AND (k <= 4746264))
	  ->  Bitmap Index Scan on k_6  (cost=0.00..5.42 rows=99 width=0)
	        Index Cond: ((k >= 4746164) AND (k <= 4746264))

table 7 : explain SELECT k, c FROM sbtest7 WHERE k BETWEEN 4746164 AND 4746264
	Bitmap Heap Scan on sbtest7  (cost=5.40..377.55 rows=94 width=125)
	  Recheck Cond: ((k >= 4746164) AND (k <= 4746264))
	  ->  Bitmap Index Scan on k_7  (cost=0.00..5.38 rows=94 width=0)
	        Index Cond: ((k >= 4746164) AND (k <= 4746264))

table 8 : explain SELECT k, c FROM sbtest8 WHERE k BETWEEN 4746164 AND 4746264
	Bitmap Heap Scan on sbtest8  (cost=5.58..448.42 rows=112 width=125)
	  Recheck Cond: ((k >= 4746164) AND (k <= 4746264))
	  ->  Bitmap Index Scan on k_8  (cost=0.00..5.55 rows=112 width=0)
	        Index Cond: ((k >= 4746164) AND (k <= 4746264))

explain: for range-notcovered :: explain SELECT k, c FROM sbtest%d WHERE k BETWEEN 7327499 AND 7327599
explain: for range-notcovered :: explain SELECT k, c FROM sbtest%d WHERE k BETWEEN 8267954 AND 8268054
explain: for range-notcovered :: explain SELECT k, c FROM sbtest%d WHERE k BETWEEN 9108581 AND 9108681
explain: for range-notcovered :: explain SELECT k, c FROM sbtest%d WHERE k BETWEEN 1621720 AND 1621820
for range-notcovered
table 1 : explain SELECT k, c FROM sbtest1 WHERE k BETWEEN 9108581 AND 9108681
	Bitmap Heap Scan on sbtest1  (cost=5.59..452.36 rows=113 width=125)
	  Recheck Cond: ((k >= 9108581) AND (k <= 9108681))
	  ->  Bitmap Index Scan on k_1  (cost=0.00..5.56 rows=113 width=0)
	        Index Cond: ((k >= 9108581) AND (k <= 9108681))

table 2 : explain SELECT k, c FROM sbtest2 WHERE k BETWEEN 9108581 AND 9108681
	Bitmap Heap Scan on sbtest2  (cost=5.50..416.94 rows=104 width=125)
	  Recheck Cond: ((k >= 9108581) AND (k <= 9108681))
	  ->  Bitmap Index Scan on k_2  (cost=0.00..5.47 rows=104 width=0)
	        Index Cond: ((k >= 9108581) AND (k <= 9108681))

table 3 : explain SELECT k, c FROM sbtest3 WHERE k BETWEEN 9108581 AND 9108681
	Bitmap Heap Scan on sbtest3  (cost=5.46..401.19 rows=100 width=125)
	  Recheck Cond: ((k >= 9108581) AND (k <= 9108681))
	  ->  Bitmap Index Scan on k_3  (cost=0.00..5.43 rows=100 width=0)
	        Index Cond: ((k >= 9108581) AND (k <= 9108681))

table 4 : explain SELECT k, c FROM sbtest4 WHERE k BETWEEN 9108581 AND 9108681
	Bitmap Heap Scan on sbtest4  (cost=5.45..397.25 rows=99 width=125)
	  Recheck Cond: ((k >= 9108581) AND (k <= 9108681))
	  ->  Bitmap Index Scan on k_4  (cost=0.00..5.42 rows=99 width=0)
	        Index Cond: ((k >= 9108581) AND (k <= 9108681))

table 5 : explain SELECT k, c FROM sbtest5 WHERE k BETWEEN 9108581 AND 9108681
	Bitmap Heap Scan on sbtest5  (cost=5.52..424.81 rows=106 width=125)
	  Recheck Cond: ((k >= 9108581) AND (k <= 9108681))
	  ->  Bitmap Index Scan on k_5  (cost=0.00..5.50 rows=106 width=0)
	        Index Cond: ((k >= 9108581) AND (k <= 9108681))

table 6 : explain SELECT k, c FROM sbtest6 WHERE k BETWEEN 9108581 AND 9108681
	Bitmap Heap Scan on sbtest6  (cost=5.51..420.88 rows=105 width=125)
	  Recheck Cond: ((k >= 9108581) AND (k <= 9108681))
	  ->  Bitmap Index Scan on k_6  (cost=0.00..5.48 rows=105 width=0)
	        Index Cond: ((k >= 9108581) AND (k <= 9108681))

table 7 : explain SELECT k, c FROM sbtest7 WHERE k BETWEEN 9108581 AND 9108681
	Bitmap Heap Scan on sbtest7  (cost=5.40..377.55 rows=94 width=125)
	  Recheck Cond: ((k >= 9108581) AND (k <= 9108681))
	  ->  Bitmap Index Scan on k_7  (cost=0.00..5.38 rows=94 width=0)
	        Index Cond: ((k >= 9108581) AND (k <= 9108681))

table 8 : explain SELECT k, c FROM sbtest8 WHERE k BETWEEN 9108581 AND 9108681
	Bitmap Heap Scan on sbtest8  (cost=5.40..377.55 rows=94 width=125)
	  Recheck Cond: ((k >= 9108581) AND (k <= 9108681))
	  ->  Bitmap Index Scan on k_8  (cost=0.00..5.38 rows=94 width=0)
	        Index Cond: ((k >= 9108581) AND (k <= 9108681))

explain: for range-notcovered :: explain SELECT k, c FROM sbtest%d WHERE k BETWEEN 1084689 AND 1084789
for range-notcovered
table 1 : explain SELECT k, c FROM sbtest1 WHERE k BETWEEN 4279811 AND 4279911
	Bitmap Heap Scan on sbtest1  (cost=5.41..381.49 rows=95 width=125)
	  Recheck Cond: ((k >= 4279811) AND (k <= 4279911))
	  ->  Bitmap Index Scan on k_1  (cost=0.00..5.38 rows=95 width=0)
	        Index Cond: ((k >= 4279811) AND (k <= 4279911))

table 2 : explain SELECT k, c FROM sbtest2 WHERE k BETWEEN 4279811 AND 4279911
	Bitmap Heap Scan on sbtest2  (cost=5.53..428.75 rows=107 width=125)
	  Recheck Cond: ((k >= 4279811) AND (k <= 4279911))
	  ->  Bitmap Index Scan on k_2  (cost=0.00..5.50 rows=107 width=0)
	        Index Cond: ((k >= 4279811) AND (k <= 4279911))

table 3 : explain SELECT k, c FROM sbtest3 WHERE k BETWEEN 4279811 AND 4279911
	Bitmap Heap Scan on sbtest3  (cost=5.45..397.25 rows=99 width=125)
	  Recheck Cond: ((k >= 4279811) AND (k <= 4279911))
	  ->  Bitmap Index Scan on k_3  (cost=0.00..5.42 rows=99 width=0)
	        Index Cond: ((k >= 4279811) AND (k <= 4279911))

table 4 : explain SELECT k, c FROM sbtest4 WHERE k BETWEEN 4279811 AND 4279911
	Bitmap Heap Scan on sbtest4  (cost=5.43..389.37 rows=97 width=125)
	  Recheck Cond: ((k >= 4279811) AND (k <= 4279911))
	  ->  Bitmap Index Scan on k_4  (cost=0.00..5.40 rows=97 width=0)
	        Index Cond: ((k >= 4279811) AND (k <= 4279911))

table 5 : explain SELECT k, c FROM sbtest5 WHERE k BETWEEN 4279811 AND 4279911
	Bitmap Heap Scan on sbtest5  (cost=5.40..377.55 rows=94 width=125)
	  Recheck Cond: ((k >= 4279811) AND (k <= 4279911))
	  ->  Bitmap Index Scan on k_5  (cost=0.00..5.38 rows=94 width=0)
	        Index Cond: ((k >= 4279811) AND (k <= 4279911))

table 6 : explain SELECT k, c FROM sbtest6 WHERE k BETWEEN 4279811 AND 4279911
	Bitmap Heap Scan on sbtest6  (cost=5.56..440.56 rows=110 width=125)
	  Recheck Cond: ((k >= 4279811) AND (k <= 4279911))
	  ->  Bitmap Index Scan on k_6  (cost=0.00..5.53 rows=110 width=0)
	        Index Cond: ((k >= 4279811) AND (k <= 4279911))

table 7 : explain SELECT k, c FROM sbtest7 WHERE k BETWEEN 4279811 AND 4279911
	Bitmap Heap Scan on sbtest7  (cost=5.53..428.75 rows=107 width=125)
	  Recheck Cond: ((k >= 4279811) AND (k <= 4279911))
	  ->  Bitmap Index Scan on k_7  (cost=0.00..5.50 rows=107 width=0)
	        Index Cond: ((k >= 4279811) AND (k <= 4279911))

table 8 : explain SELECT k, c FROM sbtest8 WHERE k BETWEEN 4279811 AND 4279911
	Bitmap Heap Scan on sbtest8  (cost=5.52..424.81 rows=106 width=125)
	  Recheck Cond: ((k >= 4279811) AND (k <= 4279911))
	  ->  Bitmap Index Scan on k_8  (cost=0.00..5.50 rows=106 width=0)
	        Index Cond: ((k >= 4279811) AND (k <= 4279911))

explain: for range-notcovered :: explain SELECT k, c FROM sbtest%d WHERE k BETWEEN 9108581 AND 9108681
explain: for range-notcovered :: explain SELECT k, c FROM sbtest%d WHERE k BETWEEN 4279811 AND 4279911
explain: for range-notcovered :: explain SELECT k, c FROM sbtest%d WHERE k BETWEEN 6861557 AND 6861657
for range-notcovered
table 1 : explain SELECT k, c FROM sbtest1 WHERE k BETWEEN 4279811 AND 4279911
	Bitmap Heap Scan on sbtest1  (cost=5.41..381.49 rows=95 width=125)
	  Recheck Cond: ((k >= 4279811) AND (k <= 4279911))
	  ->  Bitmap Index Scan on k_1  (cost=0.00..5.38 rows=95 width=0)
	        Index Cond: ((k >= 4279811) AND (k <= 4279911))

table 2 : explain SELECT k, c FROM sbtest2 WHERE k BETWEEN 4279811 AND 4279911
	Bitmap Heap Scan on sbtest2  (cost=5.53..428.75 rows=107 width=125)
	  Recheck Cond: ((k >= 4279811) AND (k <= 4279911))
	  ->  Bitmap Index Scan on k_2  (cost=0.00..5.50 rows=107 width=0)
	        Index Cond: ((k >= 4279811) AND (k <= 4279911))

table 3 : explain SELECT k, c FROM sbtest3 WHERE k BETWEEN 4279811 AND 4279911
	Bitmap Heap Scan on sbtest3  (cost=5.45..397.25 rows=99 width=125)
	  Recheck Cond: ((k >= 4279811) AND (k <= 4279911))
	  ->  Bitmap Index Scan on k_3  (cost=0.00..5.42 rows=99 width=0)
	        Index Cond: ((k >= 4279811) AND (k <= 4279911))

table 4 : explain SELECT k, c FROM sbtest4 WHERE k BETWEEN 4279811 AND 4279911
	Bitmap Heap Scan on sbtest4  (cost=5.43..389.37 rows=97 width=125)
	  Recheck Cond: ((k >= 4279811) AND (k <= 4279911))
	  ->  Bitmap Index Scan on k_4  (cost=0.00..5.40 rows=97 width=0)
	        Index Cond: ((k >= 4279811) AND (k <= 4279911))

table 5 : explain SELECT k, c FROM sbtest5 WHERE k BETWEEN 4279811 AND 4279911
	Bitmap Heap Scan on sbtest5  (cost=5.40..377.55 rows=94 width=125)
	  Recheck Cond: ((k >= 4279811) AND (k <= 4279911))
	  ->  Bitmap Index Scan on k_5  (cost=0.00..5.38 rows=94 width=0)
	        Index Cond: ((k >= 4279811) AND (k <= 4279911))

table 6 : explain SELECT k, c FROM sbtest6 WHERE k BETWEEN 4279811 AND 4279911
	Bitmap Heap Scan on sbtest6  (cost=5.56..440.56 rows=110 width=125)
	  Recheck Cond: ((k >= 4279811) AND (k <= 4279911))
	  ->  Bitmap Index Scan on k_6  (cost=0.00..5.53 rows=110 width=0)
	        Index Cond: ((k >= 4279811) AND (k <= 4279911))

table 7 : explain SELECT k, c FROM sbtest7 WHERE k BETWEEN 4279811 AND 4279911
	Bitmap Heap Scan on sbtest7  (cost=5.53..428.75 rows=107 width=125)
	  Recheck Cond: ((k >= 4279811) AND (k <= 4279911))
	  ->  Bitmap Index Scan on k_7  (cost=0.00..5.50 rows=107 width=0)
	        Index Cond: ((k >= 4279811) AND (k <= 4279911))

table 8 : explain SELECT k, c FROM sbtest8 WHERE k BETWEEN 4279811 AND 4279911
	Bitmap Heap Scan on sbtest8  (cost=5.52..424.81 rows=106 width=125)
	  Recheck Cond: ((k >= 4279811) AND (k <= 4279911))
	  ->  Bitmap Index Scan on k_8  (cost=0.00..5.50 rows=106 width=0)
	        Index Cond: ((k >= 4279811) AND (k <= 4279911))

explain: for range-notcovered :: explain SELECT k, c FROM sbtest%d WHERE k BETWEEN 4279811 AND 4279911
for range-notcovered
table 1 : explain SELECT k, c FROM sbtest1 WHERE k BETWEEN 7192324 AND 7192424
	Bitmap Heap Scan on sbtest1  (cost=5.45..397.25 rows=99 width=125)
	  Recheck Cond: ((k >= 7192324) AND (k <= 7192424))
	  ->  Bitmap Index Scan on k_1  (cost=0.00..5.42 rows=99 width=0)
	        Index Cond: ((k >= 7192324) AND (k <= 7192424))

table 2 : explain SELECT k, c FROM sbtest2 WHERE k BETWEEN 7192324 AND 7192424
	Bitmap Heap Scan on sbtest2  (cost=5.46..401.19 rows=100 width=125)
	  Recheck Cond: ((k >= 7192324) AND (k <= 7192424))
	  ->  Bitmap Index Scan on k_2  (cost=0.00..5.43 rows=100 width=0)
	        Index Cond: ((k >= 7192324) AND (k <= 7192424))

table 3 : explain SELECT k, c FROM sbtest3 WHERE k BETWEEN 7192324 AND 7192424
	Bitmap Heap Scan on sbtest3  (cost=5.42..385.43 rows=96 width=125)
	  Recheck Cond: ((k >= 7192324) AND (k <= 7192424))
	  ->  Bitmap Index Scan on k_3  (cost=0.00..5.39 rows=96 width=0)
	        Index Cond: ((k >= 7192324) AND (k <= 7192424))

table 4 : explain SELECT k, c FROM sbtest4 WHERE k BETWEEN 7192324 AND 7192424
	Bitmap Heap Scan on sbtest4  (cost=5.54..432.69 rows=108 width=125)
	  Recheck Cond: ((k >= 7192324) AND (k <= 7192424))
	  ->  Bitmap Index Scan on k_4  (cost=0.00..5.51 rows=108 width=0)
	        Index Cond: ((k >= 7192324) AND (k <= 7192424))

table 5 : explain SELECT k, c FROM sbtest5 WHERE k BETWEEN 7192324 AND 7192424
	Bitmap Heap Scan on sbtest5  (cost=5.47..405.13 rows=101 width=125)
	  Recheck Cond: ((k >= 7192324) AND (k <= 7192424))
	  ->  Bitmap Index Scan on k_5  (cost=0.00..5.44 rows=101 width=0)
	        Index Cond: ((k >= 7192324) AND (k <= 7192424))

table 6 : explain SELECT k, c FROM sbtest6 WHERE k BETWEEN 7192324 AND 7192424
	Bitmap Heap Scan on sbtest6  (cost=5.55..436.62 rows=109 width=125)
	  Recheck Cond: ((k >= 7192324) AND (k <= 7192424))
	  ->  Bitmap Index Scan on k_6  (cost=0.00..5.52 rows=109 width=0)
	        Index Cond: ((k >= 7192324) AND (k <= 7192424))

table 7 : explain SELECT k, c FROM sbtest7 WHERE k BETWEEN 7192324 AND 7192424
	Bitmap Heap Scan on sbtest7  (cost=5.46..401.19 rows=100 width=125)
	  Recheck Cond: ((k >= 7192324) AND (k <= 7192424))
	  ->  Bitmap Index Scan on k_7  (cost=0.00..5.43 rows=100 width=0)
	        Index Cond: ((k >= 7192324) AND (k <= 7192424))

table 8 : explain SELECT k, c FROM sbtest8 WHERE k BETWEEN 7192324 AND 7192424
	Bitmap Heap Scan on sbtest8  (cost=5.52..424.81 rows=106 width=125)
	  Recheck Cond: ((k >= 7192324) AND (k <= 7192424))
	  ->  Bitmap Index Scan on k_8  (cost=0.00..5.50 rows=106 width=0)
	        Index Cond: ((k >= 7192324) AND (k <= 7192424))

explain: for range-notcovered :: explain SELECT k, c FROM sbtest%d WHERE k BETWEEN 7192324 AND 7192424
for range-notcovered
table 1 : explain SELECT k, c FROM sbtest1 WHERE k BETWEEN 4279811 AND 4279911
	Bitmap Heap Scan on sbtest1  (cost=5.41..381.49 rows=95 width=125)
	  Recheck Cond: ((k >= 4279811) AND (k <= 4279911))
	  ->  Bitmap Index Scan on k_1  (cost=0.00..5.38 rows=95 width=0)
	        Index Cond: ((k >= 4279811) AND (k <= 4279911))

table 2 : explain SELECT k, c FROM sbtest2 WHERE k BETWEEN 4279811 AND 4279911
	Bitmap Heap Scan on sbtest2  (cost=5.53..428.75 rows=107 width=125)
	  Recheck Cond: ((k >= 4279811) AND (k <= 4279911))
	  ->  Bitmap Index Scan on k_2  (cost=0.00..5.50 rows=107 width=0)
	        Index Cond: ((k >= 4279811) AND (k <= 4279911))

table 3 : explain SELECT k, c FROM sbtest3 WHERE k BETWEEN 4279811 AND 4279911
	Bitmap Heap Scan on sbtest3  (cost=5.45..397.25 rows=99 width=125)
	  Recheck Cond: ((k >= 4279811) AND (k <= 4279911))
	  ->  Bitmap Index Scan on k_3  (cost=0.00..5.42 rows=99 width=0)
	        Index Cond: ((k >= 4279811) AND (k <= 4279911))

table 4 : explain SELECT k, c FROM sbtest4 WHERE k BETWEEN 4279811 AND 4279911
	Bitmap Heap Scan on sbtest4  (cost=5.43..389.37 rows=97 width=125)
	  Recheck Cond: ((k >= 4279811) AND (k <= 4279911))
	  ->  Bitmap Index Scan on k_4  (cost=0.00..5.40 rows=97 width=0)
	        Index Cond: ((k >= 4279811) AND (k <= 4279911))

table 5 : explain SELECT k, c FROM sbtest5 WHERE k BETWEEN 4279811 AND 4279911
	Bitmap Heap Scan on sbtest5  (cost=5.40..377.55 rows=94 width=125)
	  Recheck Cond: ((k >= 4279811) AND (k <= 4279911))
	  ->  Bitmap Index Scan on k_5  (cost=0.00..5.38 rows=94 width=0)
	        Index Cond: ((k >= 4279811) AND (k <= 4279911))

table 6 : explain SELECT k, c FROM sbtest6 WHERE k BETWEEN 4279811 AND 4279911
	Bitmap Heap Scan on sbtest6  (cost=5.56..440.56 rows=110 width=125)
	  Recheck Cond: ((k >= 4279811) AND (k <= 4279911))
	  ->  Bitmap Index Scan on k_6  (cost=0.00..5.53 rows=110 width=0)
	        Index Cond: ((k >= 4279811) AND (k <= 4279911))

table 7 : explain SELECT k, c FROM sbtest7 WHERE k BETWEEN 4279811 AND 4279911
	Bitmap Heap Scan on sbtest7  (cost=5.53..428.75 rows=107 width=125)
	  Recheck Cond: ((k >= 4279811) AND (k <= 4279911))
	  ->  Bitmap Index Scan on k_7  (cost=0.00..5.50 rows=107 width=0)
	        Index Cond: ((k >= 4279811) AND (k <= 4279911))

table 8 : explain SELECT k, c FROM sbtest8 WHERE k BETWEEN 4279811 AND 4279911
	Bitmap Heap Scan on sbtest8  (cost=5.52..424.81 rows=106 width=125)
	  Recheck Cond: ((k >= 4279811) AND (k <= 4279911))
	  ->  Bitmap Index Scan on k_8  (cost=0.00..5.50 rows=106 width=0)
	        Index Cond: ((k >= 4279811) AND (k <= 4279911))

explain: for range-notcovered :: explain SELECT k, c FROM sbtest%d WHERE k BETWEEN 4279811 AND 4279911
for range-notcovered
table 1 : explain SELECT k, c FROM sbtest1 WHERE k BETWEEN 7192324 AND 7192424
	Bitmap Heap Scan on sbtest1  (cost=5.45..397.25 rows=99 width=125)
	  Recheck Cond: ((k >= 7192324) AND (k <= 7192424))
	  ->  Bitmap Index Scan on k_1  (cost=0.00..5.42 rows=99 width=0)
	        Index Cond: ((k >= 7192324) AND (k <= 7192424))

table 2 : explain SELECT k, c FROM sbtest2 WHERE k BETWEEN 7192324 AND 7192424
	Bitmap Heap Scan on sbtest2  (cost=5.46..401.19 rows=100 width=125)
	  Recheck Cond: ((k >= 7192324) AND (k <= 7192424))
	  ->  Bitmap Index Scan on k_2  (cost=0.00..5.43 rows=100 width=0)
	        Index Cond: ((k >= 7192324) AND (k <= 7192424))

table 3 : explain SELECT k, c FROM sbtest3 WHERE k BETWEEN 7192324 AND 7192424
	Bitmap Heap Scan on sbtest3  (cost=5.42..385.43 rows=96 width=125)
	  Recheck Cond: ((k >= 7192324) AND (k <= 7192424))
	  ->  Bitmap Index Scan on k_3  (cost=0.00..5.39 rows=96 width=0)
	        Index Cond: ((k >= 7192324) AND (k <= 7192424))

table 4 : explain SELECT k, c FROM sbtest4 WHERE k BETWEEN 7192324 AND 7192424
	Bitmap Heap Scan on sbtest4  (cost=5.54..432.69 rows=108 width=125)
	  Recheck Cond: ((k >= 7192324) AND (k <= 7192424))
	  ->  Bitmap Index Scan on k_4  (cost=0.00..5.51 rows=108 width=0)
	        Index Cond: ((k >= 7192324) AND (k <= 7192424))

table 5 : explain SELECT k, c FROM sbtest5 WHERE k BETWEEN 7192324 AND 7192424
	Bitmap Heap Scan on sbtest5  (cost=5.47..405.13 rows=101 width=125)
	  Recheck Cond: ((k >= 7192324) AND (k <= 7192424))
	  ->  Bitmap Index Scan on k_5  (cost=0.00..5.44 rows=101 width=0)
	        Index Cond: ((k >= 7192324) AND (k <= 7192424))

table 6 : explain SELECT k, c FROM sbtest6 WHERE k BETWEEN 7192324 AND 7192424
	Bitmap Heap Scan on sbtest6  (cost=5.55..436.62 rows=109 width=125)
	  Recheck Cond: ((k >= 7192324) AND (k <= 7192424))
	  ->  Bitmap Index Scan on k_6  (cost=0.00..5.52 rows=109 width=0)
	        Index Cond: ((k >= 7192324) AND (k <= 7192424))

table 7 : explain SELECT k, c FROM sbtest7 WHERE k BETWEEN 7192324 AND 7192424
	Bitmap Heap Scan on sbtest7  (cost=5.46..401.19 rows=100 width=125)
	  Recheck Cond: ((k >= 7192324) AND (k <= 7192424))
	  ->  Bitmap Index Scan on k_7  (cost=0.00..5.43 rows=100 width=0)
	        Index Cond: ((k >= 7192324) AND (k <= 7192424))

table 8 : explain SELECT k, c FROM sbtest8 WHERE k BETWEEN 7192324 AND 7192424
	Bitmap Heap Scan on sbtest8  (cost=5.52..424.81 rows=106 width=125)
	  Recheck Cond: ((k >= 7192324) AND (k <= 7192424))
	  ->  Bitmap Index Scan on k_8  (cost=0.00..5.50 rows=106 width=0)
	        Index Cond: ((k >= 7192324) AND (k <= 7192424))

explain: for range-notcovered :: explain SELECT k, c FROM sbtest%d WHERE k BETWEEN 7192324 AND 7192424
for range-notcovered
table 1 : explain SELECT k, c FROM sbtest1 WHERE k BETWEEN 4363850 AND 4363950
	Bitmap Heap Scan on sbtest1  (cost=5.41..381.49 rows=95 width=125)
	  Recheck Cond: ((k >= 4363850) AND (k <= 4363950))
	  ->  Bitmap Index Scan on k_1  (cost=0.00..5.38 rows=95 width=0)
	        Index Cond: ((k >= 4363850) AND (k <= 4363950))

table 2 : explain SELECT k, c FROM sbtest2 WHERE k BETWEEN 4363850 AND 4363950
	Bitmap Heap Scan on sbtest2  (cost=5.46..401.19 rows=100 width=125)
	  Recheck Cond: ((k >= 4363850) AND (k <= 4363950))
	  ->  Bitmap Index Scan on k_2  (cost=0.00..5.43 rows=100 width=0)
	        Index Cond: ((k >= 4363850) AND (k <= 4363950))

table 3 : explain SELECT k, c FROM sbtest3 WHERE k BETWEEN 4363850 AND 4363950
	Bitmap Heap Scan on sbtest3  (cost=5.45..397.25 rows=99 width=125)
	  Recheck Cond: ((k >= 4363850) AND (k <= 4363950))
	  ->  Bitmap Index Scan on k_3  (cost=0.00..5.42 rows=99 width=0)
	        Index Cond: ((k >= 4363850) AND (k <= 4363950))

table 4 : explain SELECT k, c FROM sbtest4 WHERE k BETWEEN 4363850 AND 4363950
	Bitmap Heap Scan on sbtest4  (cost=5.56..440.56 rows=110 width=125)
	  Recheck Cond: ((k >= 4363850) AND (k <= 4363950))
	  ->  Bitmap Index Scan on k_4  (cost=0.00..5.53 rows=110 width=0)
	        Index Cond: ((k >= 4363850) AND (k <= 4363950))

table 5 : explain SELECT k, c FROM sbtest5 WHERE k BETWEEN 4363850 AND 4363950
	Bitmap Heap Scan on sbtest5  (cost=5.46..401.19 rows=100 width=125)
	  Recheck Cond: ((k >= 4363850) AND (k <= 4363950))
	  ->  Bitmap Index Scan on k_5  (cost=0.00..5.43 rows=100 width=0)
	        Index Cond: ((k >= 4363850) AND (k <= 4363950))

table 6 : explain SELECT k, c FROM sbtest6 WHERE k BETWEEN 4363850 AND 4363950
	Bitmap Heap Scan on sbtest6  (cost=5.44..393.31 rows=98 width=125)
	  Recheck Cond: ((k >= 4363850) AND (k <= 4363950))
	  ->  Bitmap Index Scan on k_6  (cost=0.00..5.42 rows=98 width=0)
	        Index Cond: ((k >= 4363850) AND (k <= 4363950))

table 7 : explain SELECT k, c FROM sbtest7 WHERE k BETWEEN 4363850 AND 4363950
	Bitmap Heap Scan on sbtest7  (cost=5.52..424.81 rows=106 width=125)
	  Recheck Cond: ((k >= 4363850) AND (k <= 4363950))
	  ->  Bitmap Index Scan on k_7  (cost=0.00..5.50 rows=106 width=0)
	        Index Cond: ((k >= 4363850) AND (k <= 4363950))

table 8 : explain SELECT k, c FROM sbtest8 WHERE k BETWEEN 4363850 AND 4363950
	Bitmap Heap Scan on sbtest8  (cost=5.45..397.25 rows=99 width=125)
	  Recheck Cond: ((k >= 4363850) AND (k <= 4363950))
	  ->  Bitmap Index Scan on k_8  (cost=0.00..5.42 rows=99 width=0)
	        Index Cond: ((k >= 4363850) AND (k <= 4363950))

for range-notcovered
table 1 : explain SELECT k, c FROM sbtest1 WHERE k BETWEEN 7192324 AND 7192424
	Bitmap Heap Scan on sbtest1  (cost=5.45..397.25 rows=99 width=125)
	  Recheck Cond: ((k >= 7192324) AND (k <= 7192424))
	  ->  Bitmap Index Scan on k_1  (cost=0.00..5.42 rows=99 width=0)
	        Index Cond: ((k >= 7192324) AND (k <= 7192424))

table 2 : explain SELECT k, c FROM sbtest2 WHERE k BETWEEN 7192324 AND 7192424
	Bitmap Heap Scan on sbtest2  (cost=5.46..401.19 rows=100 width=125)
	  Recheck Cond: ((k >= 7192324) AND (k <= 7192424))
	  ->  Bitmap Index Scan on k_2  (cost=0.00..5.43 rows=100 width=0)
	        Index Cond: ((k >= 7192324) AND (k <= 7192424))

table 3 : explain SELECT k, c FROM sbtest3 WHERE k BETWEEN 7192324 AND 7192424
	Bitmap Heap Scan on sbtest3  (cost=5.42..385.43 rows=96 width=125)
	  Recheck Cond: ((k >= 7192324) AND (k <= 7192424))
	  ->  Bitmap Index Scan on k_3  (cost=0.00..5.39 rows=96 width=0)
	        Index Cond: ((k >= 7192324) AND (k <= 7192424))

table 4 : explain SELECT k, c FROM sbtest4 WHERE k BETWEEN 7192324 AND 7192424
	Bitmap Heap Scan on sbtest4  (cost=5.54..432.69 rows=108 width=125)
	  Recheck Cond: ((k >= 7192324) AND (k <= 7192424))
	  ->  Bitmap Index Scan on k_4  (cost=0.00..5.51 rows=108 width=0)
	        Index Cond: ((k >= 7192324) AND (k <= 7192424))

table 5 : explain SELECT k, c FROM sbtest5 WHERE k BETWEEN 7192324 AND 7192424
	Bitmap Heap Scan on sbtest5  (cost=5.47..405.13 rows=101 width=125)
	  Recheck Cond: ((k >= 7192324) AND (k <= 7192424))
	  ->  Bitmap Index Scan on k_5  (cost=0.00..5.44 rows=101 width=0)
	        Index Cond: ((k >= 7192324) AND (k <= 7192424))

table 6 : explain SELECT k, c FROM sbtest6 WHERE k BETWEEN 7192324 AND 7192424
	Bitmap Heap Scan on sbtest6  (cost=5.55..436.62 rows=109 width=125)
	  Recheck Cond: ((k >= 7192324) AND (k <= 7192424))
	  ->  Bitmap Index Scan on k_6  (cost=0.00..5.52 rows=109 width=0)
	        Index Cond: ((k >= 7192324) AND (k <= 7192424))

table 7 : explain SELECT k, c FROM sbtest7 WHERE k BETWEEN 7192324 AND 7192424
	Bitmap Heap Scan on sbtest7  (cost=5.46..401.19 rows=100 width=125)
	  Recheck Cond: ((k >= 7192324) AND (k <= 7192424))
	  ->  Bitmap Index Scan on k_7  (cost=0.00..5.43 rows=100 width=0)
	        Index Cond: ((k >= 7192324) AND (k <= 7192424))

table 8 : explain SELECT k, c FROM sbtest8 WHERE k BETWEEN 7192324 AND 7192424
	Bitmap Heap Scan on sbtest8  (cost=5.52..424.81 rows=106 width=125)
	  Recheck Cond: ((k >= 7192324) AND (k <= 7192424))
	  ->  Bitmap Index Scan on k_8  (cost=0.00..5.50 rows=106 width=0)
	        Index Cond: ((k >= 7192324) AND (k <= 7192424))

explain: for range-notcovered :: explain SELECT k, c FROM sbtest%d WHERE k BETWEEN 4363850 AND 4363950
for range-notcovered
table 1 : explain SELECT k, c FROM sbtest1 WHERE k BETWEEN 3029874 AND 3029974
	Bitmap Heap Scan on sbtest1  (cost=5.49..413.00 rows=103 width=125)
	  Recheck Cond: ((k >= 3029874) AND (k <= 3029974))
	  ->  Bitmap Index Scan on k_1  (cost=0.00..5.46 rows=103 width=0)
	        Index Cond: ((k >= 3029874) AND (k <= 3029974))

table 2 : explain SELECT k, c FROM sbtest2 WHERE k BETWEEN 3029874 AND 3029974
	Bitmap Heap Scan on sbtest2  (cost=5.42..385.43 rows=96 width=125)
	  Recheck Cond: ((k >= 3029874) AND (k <= 3029974))
	  ->  Bitmap Index Scan on k_2  (cost=0.00..5.39 rows=96 width=0)
	        Index Cond: ((k >= 3029874) AND (k <= 3029974))

table 3 : explain SELECT k, c FROM sbtest3 WHERE k BETWEEN 3029874 AND 3029974
	Bitmap Heap Scan on sbtest3  (cost=5.47..405.13 rows=101 width=125)
	  Recheck Cond: ((k >= 3029874) AND (k <= 3029974))
	  ->  Bitmap Index Scan on k_3  (cost=0.00..5.44 rows=101 width=0)
	        Index Cond: ((k >= 3029874) AND (k <= 3029974))

table 4 : explain SELECT k, c FROM sbtest4 WHERE k BETWEEN 3029874 AND 3029974
	Bitmap Heap Scan on sbtest4  (cost=5.56..440.56 rows=110 width=125)
	  Recheck Cond: ((k >= 3029874) AND (k <= 3029974))
	  ->  Bitmap Index Scan on k_4  (cost=0.00..5.53 rows=110 width=0)
	        Index Cond: ((k >= 3029874) AND (k <= 3029974))

table 5 : explain SELECT k, c FROM sbtest5 WHERE k BETWEEN 3029874 AND 3029974
	Bitmap Heap Scan on sbtest5  (cost=5.41..381.49 rows=95 width=125)
	  Recheck Cond: ((k >= 3029874) AND (k <= 3029974))
	  ->  Bitmap Index Scan on k_5  (cost=0.00..5.38 rows=95 width=0)
	        Index Cond: ((k >= 3029874) AND (k <= 3029974))

table 6 : explain SELECT k, c FROM sbtest6 WHERE k BETWEEN 3029874 AND 3029974
	Bitmap Heap Scan on sbtest6  (cost=5.43..389.37 rows=97 width=125)
	  Recheck Cond: ((k >= 3029874) AND (k <= 3029974))
	  ->  Bitmap Index Scan on k_6  (cost=0.00..5.40 rows=97 width=0)
	        Index Cond: ((k >= 3029874) AND (k <= 3029974))

table 7 : explain SELECT k, c FROM sbtest7 WHERE k BETWEEN 3029874 AND 3029974
	Bitmap Heap Scan on sbtest7  (cost=5.48..409.07 rows=102 width=125)
	  Recheck Cond: ((k >= 3029874) AND (k <= 3029974))
	  ->  Bitmap Index Scan on k_7  (cost=0.00..5.45 rows=102 width=0)
	        Index Cond: ((k >= 3029874) AND (k <= 3029974))

table 8 : explain SELECT k, c FROM sbtest8 WHERE k BETWEEN 3029874 AND 3029974
	Bitmap Heap Scan on sbtest8  (cost=5.42..385.43 rows=96 width=125)
	  Recheck Cond: ((k >= 3029874) AND (k <= 3029974))
	  ->  Bitmap Index Scan on k_8  (cost=0.00..5.39 rows=96 width=0)
	        Index Cond: ((k >= 3029874) AND (k <= 3029974))

for range-notcovered
table 1 : explain SELECT k, c FROM sbtest1 WHERE k BETWEEN 2892885 AND 2892985
	Bitmap Heap Scan on sbtest1  (cost=5.54..432.69 rows=108 width=125)
	  Recheck Cond: ((k >= 2892885) AND (k <= 2892985))
	  ->  Bitmap Index Scan on k_1  (cost=0.00..5.51 rows=108 width=0)
	        Index Cond: ((k >= 2892885) AND (k <= 2892985))

table 2 : explain SELECT k, c FROM sbtest2 WHERE k BETWEEN 2892885 AND 2892985
	Bitmap Heap Scan on sbtest2  (cost=5.56..440.56 rows=110 width=125)
	  Recheck Cond: ((k >= 2892885) AND (k <= 2892985))
	  ->  Bitmap Index Scan on k_2  (cost=0.00..5.53 rows=110 width=0)
	        Index Cond: ((k >= 2892885) AND (k <= 2892985))

table 3 : explain SELECT k, c FROM sbtest3 WHERE k BETWEEN 2892885 AND 2892985
	Bitmap Heap Scan on sbtest3  (cost=5.61..460.22 rows=115 width=125)
	  Recheck Cond: ((k >= 2892885) AND (k <= 2892985))
	  ->  Bitmap Index Scan on k_3  (cost=0.00..5.58 rows=115 width=0)
	        Index Cond: ((k >= 2892885) AND (k <= 2892985))

table 4 : explain SELECT k, c FROM sbtest4 WHERE k BETWEEN 2892885 AND 2892985
	Bitmap Heap Scan on sbtest4  (cost=5.47..405.13 rows=101 width=125)
	  Recheck Cond: ((k >= 2892885) AND (k <= 2892985))
	  ->  Bitmap Index Scan on k_4  (cost=0.00..5.44 rows=101 width=0)
	        Index Cond: ((k >= 2892885) AND (k <= 2892985))

table 5 : explain SELECT k, c FROM sbtest5 WHERE k BETWEEN 2892885 AND 2892985
	Bitmap Heap Scan on sbtest5  (cost=5.48..409.07 rows=102 width=125)
	  Recheck Cond: ((k >= 2892885) AND (k <= 2892985))
	  ->  Bitmap Index Scan on k_5  (cost=0.00..5.45 rows=102 width=0)
	        Index Cond: ((k >= 2892885) AND (k <= 2892985))

table 6 : explain SELECT k, c FROM sbtest6 WHERE k BETWEEN 2892885 AND 2892985
	Bitmap Heap Scan on sbtest6  (cost=5.44..393.31 rows=98 width=125)
	  Recheck Cond: ((k >= 2892885) AND (k <= 2892985))
	  ->  Bitmap Index Scan on k_6  (cost=0.00..5.42 rows=98 width=0)
	        Index Cond: ((k >= 2892885) AND (k <= 2892985))

table 7 : explain SELECT k, c FROM sbtest7 WHERE k BETWEEN 2892885 AND 2892985
	Bitmap Heap Scan on sbtest7  (cost=5.46..401.19 rows=100 width=125)
	  Recheck Cond: ((k >= 2892885) AND (k <= 2892985))
	  ->  Bitmap Index Scan on k_7  (cost=0.00..5.43 rows=100 width=0)
	        Index Cond: ((k >= 2892885) AND (k <= 2892985))

table 8 : explain SELECT k, c FROM sbtest8 WHERE k BETWEEN 2892885 AND 2892985
	Bitmap Heap Scan on sbtest8  (cost=5.47..405.13 rows=101 width=125)
	  Recheck Cond: ((k >= 2892885) AND (k <= 2892985))
	  ->  Bitmap Index Scan on k_8  (cost=0.00..5.44 rows=101 width=0)
	        Index Cond: ((k >= 2892885) AND (k <= 2892985))

explain: for range-notcovered :: explain SELECT k, c FROM sbtest%d WHERE k BETWEEN 7192324 AND 7192424
explain: for range-notcovered :: explain SELECT k, c FROM sbtest%d WHERE k BETWEEN 3029874 AND 3029974
explain: for range-notcovered :: explain SELECT k, c FROM sbtest%d WHERE k BETWEEN 2892885 AND 2892985
for range-notcovered
table 1 : explain SELECT k, c FROM sbtest1 WHERE k BETWEEN 4363850 AND 4363950
	Bitmap Heap Scan on sbtest1  (cost=5.41..381.49 rows=95 width=125)
	  Recheck Cond: ((k >= 4363850) AND (k <= 4363950))
	  ->  Bitmap Index Scan on k_1  (cost=0.00..5.38 rows=95 width=0)
	        Index Cond: ((k >= 4363850) AND (k <= 4363950))

table 2 : explain SELECT k, c FROM sbtest2 WHERE k BETWEEN 4363850 AND 4363950
	Bitmap Heap Scan on sbtest2  (cost=5.46..401.19 rows=100 width=125)
	  Recheck Cond: ((k >= 4363850) AND (k <= 4363950))
	  ->  Bitmap Index Scan on k_2  (cost=0.00..5.43 rows=100 width=0)
	        Index Cond: ((k >= 4363850) AND (k <= 4363950))

table 3 : explain SELECT k, c FROM sbtest3 WHERE k BETWEEN 4363850 AND 4363950
	Bitmap Heap Scan on sbtest3  (cost=5.45..397.25 rows=99 width=125)
	  Recheck Cond: ((k >= 4363850) AND (k <= 4363950))
	  ->  Bitmap Index Scan on k_3  (cost=0.00..5.42 rows=99 width=0)
	        Index Cond: ((k >= 4363850) AND (k <= 4363950))

table 4 : explain SELECT k, c FROM sbtest4 WHERE k BETWEEN 4363850 AND 4363950
	Bitmap Heap Scan on sbtest4  (cost=5.56..440.56 rows=110 width=125)
	  Recheck Cond: ((k >= 4363850) AND (k <= 4363950))
	  ->  Bitmap Index Scan on k_4  (cost=0.00..5.53 rows=110 width=0)
	        Index Cond: ((k >= 4363850) AND (k <= 4363950))

table 5 : explain SELECT k, c FROM sbtest5 WHERE k BETWEEN 4363850 AND 4363950
	Bitmap Heap Scan on sbtest5  (cost=5.46..401.19 rows=100 width=125)
	  Recheck Cond: ((k >= 4363850) AND (k <= 4363950))
	  ->  Bitmap Index Scan on k_5  (cost=0.00..5.43 rows=100 width=0)
	        Index Cond: ((k >= 4363850) AND (k <= 4363950))

table 6 : explain SELECT k, c FROM sbtest6 WHERE k BETWEEN 4363850 AND 4363950
	Bitmap Heap Scan on sbtest6  (cost=5.44..393.31 rows=98 width=125)
	  Recheck Cond: ((k >= 4363850) AND (k <= 4363950))
	  ->  Bitmap Index Scan on k_6  (cost=0.00..5.42 rows=98 width=0)
	        Index Cond: ((k >= 4363850) AND (k <= 4363950))

table 7 : explain SELECT k, c FROM sbtest7 WHERE k BETWEEN 4363850 AND 4363950
	Bitmap Heap Scan on sbtest7  (cost=5.52..424.81 rows=106 width=125)
	  Recheck Cond: ((k >= 4363850) AND (k <= 4363950))
	  ->  Bitmap Index Scan on k_7  (cost=0.00..5.50 rows=106 width=0)
	        Index Cond: ((k >= 4363850) AND (k <= 4363950))

table 8 : explain SELECT k, c FROM sbtest8 WHERE k BETWEEN 4363850 AND 4363950
	Bitmap Heap Scan on sbtest8  (cost=5.45..397.25 rows=99 width=125)
	  Recheck Cond: ((k >= 4363850) AND (k <= 4363950))
	  ->  Bitmap Index Scan on k_8  (cost=0.00..5.42 rows=99 width=0)
	        Index Cond: ((k >= 4363850) AND (k <= 4363950))

explain: for range-notcovered :: explain SELECT k, c FROM sbtest%d WHERE k BETWEEN 4363850 AND 4363950
for range-notcovered
table 1 : explain SELECT k, c FROM sbtest1 WHERE k BETWEEN 3029874 AND 3029974
	Bitmap Heap Scan on sbtest1  (cost=5.49..413.00 rows=103 width=125)
	  Recheck Cond: ((k >= 3029874) AND (k <= 3029974))
	  ->  Bitmap Index Scan on k_1  (cost=0.00..5.46 rows=103 width=0)
	        Index Cond: ((k >= 3029874) AND (k <= 3029974))

table 2 : explain SELECT k, c FROM sbtest2 WHERE k BETWEEN 3029874 AND 3029974
	Bitmap Heap Scan on sbtest2  (cost=5.42..385.43 rows=96 width=125)
	  Recheck Cond: ((k >= 3029874) AND (k <= 3029974))
	  ->  Bitmap Index Scan on k_2  (cost=0.00..5.39 rows=96 width=0)
	        Index Cond: ((k >= 3029874) AND (k <= 3029974))

table 3 : explain SELECT k, c FROM sbtest3 WHERE k BETWEEN 3029874 AND 3029974
	Bitmap Heap Scan on sbtest3  (cost=5.47..405.13 rows=101 width=125)
	  Recheck Cond: ((k >= 3029874) AND (k <= 3029974))
	  ->  Bitmap Index Scan on k_3  (cost=0.00..5.44 rows=101 width=0)
	        Index Cond: ((k >= 3029874) AND (k <= 3029974))

table 4 : explain SELECT k, c FROM sbtest4 WHERE k BETWEEN 3029874 AND 3029974
	Bitmap Heap Scan on sbtest4  (cost=5.56..440.56 rows=110 width=125)
	  Recheck Cond: ((k >= 3029874) AND (k <= 3029974))
	  ->  Bitmap Index Scan on k_4  (cost=0.00..5.53 rows=110 width=0)
	        Index Cond: ((k >= 3029874) AND (k <= 3029974))

table 5 : explain SELECT k, c FROM sbtest5 WHERE k BETWEEN 3029874 AND 3029974
	Bitmap Heap Scan on sbtest5  (cost=5.41..381.49 rows=95 width=125)
	  Recheck Cond: ((k >= 3029874) AND (k <= 3029974))
	  ->  Bitmap Index Scan on k_5  (cost=0.00..5.38 rows=95 width=0)
	        Index Cond: ((k >= 3029874) AND (k <= 3029974))

table 6 : explain SELECT k, c FROM sbtest6 WHERE k BETWEEN 3029874 AND 3029974
	Bitmap Heap Scan on sbtest6  (cost=5.43..389.37 rows=97 width=125)
	  Recheck Cond: ((k >= 3029874) AND (k <= 3029974))
	  ->  Bitmap Index Scan on k_6  (cost=0.00..5.40 rows=97 width=0)
	        Index Cond: ((k >= 3029874) AND (k <= 3029974))

table 7 : explain SELECT k, c FROM sbtest7 WHERE k BETWEEN 3029874 AND 3029974
	Bitmap Heap Scan on sbtest7  (cost=5.48..409.07 rows=102 width=125)
	  Recheck Cond: ((k >= 3029874) AND (k <= 3029974))
	  ->  Bitmap Index Scan on k_7  (cost=0.00..5.45 rows=102 width=0)
	        Index Cond: ((k >= 3029874) AND (k <= 3029974))

table 8 : explain SELECT k, c FROM sbtest8 WHERE k BETWEEN 3029874 AND 3029974
	Bitmap Heap Scan on sbtest8  (cost=5.42..385.43 rows=96 width=125)
	  Recheck Cond: ((k >= 3029874) AND (k <= 3029974))
	  ->  Bitmap Index Scan on k_8  (cost=0.00..5.39 rows=96 width=0)
	        Index Cond: ((k >= 3029874) AND (k <= 3029974))

for range-notcovered
table 1 : explain SELECT k, c FROM sbtest1 WHERE k BETWEEN 2892885 AND 2892985
	Bitmap Heap Scan on sbtest1  (cost=5.54..432.69 rows=108 width=125)
	  Recheck Cond: ((k >= 2892885) AND (k <= 2892985))
	  ->  Bitmap Index Scan on k_1  (cost=0.00..5.51 rows=108 width=0)
	        Index Cond: ((k >= 2892885) AND (k <= 2892985))

table 2 : explain SELECT k, c FROM sbtest2 WHERE k BETWEEN 2892885 AND 2892985
	Bitmap Heap Scan on sbtest2  (cost=5.56..440.56 rows=110 width=125)
	  Recheck Cond: ((k >= 2892885) AND (k <= 2892985))
	  ->  Bitmap Index Scan on k_2  (cost=0.00..5.53 rows=110 width=0)
	        Index Cond: ((k >= 2892885) AND (k <= 2892985))

table 3 : explain SELECT k, c FROM sbtest3 WHERE k BETWEEN 2892885 AND 2892985
	Bitmap Heap Scan on sbtest3  (cost=5.61..460.22 rows=115 width=125)
	  Recheck Cond: ((k >= 2892885) AND (k <= 2892985))
	  ->  Bitmap Index Scan on k_3  (cost=0.00..5.58 rows=115 width=0)
	        Index Cond: ((k >= 2892885) AND (k <= 2892985))

table 4 : explain SELECT k, c FROM sbtest4 WHERE k BETWEEN 2892885 AND 2892985
	Bitmap Heap Scan on sbtest4  (cost=5.47..405.13 rows=101 width=125)
	  Recheck Cond: ((k >= 2892885) AND (k <= 2892985))
	  ->  Bitmap Index Scan on k_4  (cost=0.00..5.44 rows=101 width=0)
	        Index Cond: ((k >= 2892885) AND (k <= 2892985))

table 5 : explain SELECT k, c FROM sbtest5 WHERE k BETWEEN 2892885 AND 2892985
	Bitmap Heap Scan on sbtest5  (cost=5.48..409.07 rows=102 width=125)
	  Recheck Cond: ((k >= 2892885) AND (k <= 2892985))
	  ->  Bitmap Index Scan on k_5  (cost=0.00..5.45 rows=102 width=0)
	        Index Cond: ((k >= 2892885) AND (k <= 2892985))

table 6 : explain SELECT k, c FROM sbtest6 WHERE k BETWEEN 2892885 AND 2892985
	Bitmap Heap Scan on sbtest6  (cost=5.44..393.31 rows=98 width=125)
	  Recheck Cond: ((k >= 2892885) AND (k <= 2892985))
	  ->  Bitmap Index Scan on k_6  (cost=0.00..5.42 rows=98 width=0)
	        Index Cond: ((k >= 2892885) AND (k <= 2892985))

table 7 : explain SELECT k, c FROM sbtest7 WHERE k BETWEEN 2892885 AND 2892985
	Bitmap Heap Scan on sbtest7  (cost=5.46..401.19 rows=100 width=125)
	  Recheck Cond: ((k >= 2892885) AND (k <= 2892985))
	  ->  Bitmap Index Scan on k_7  (cost=0.00..5.43 rows=100 width=0)
	        Index Cond: ((k >= 2892885) AND (k <= 2892985))

table 8 : explain SELECT k, c FROM sbtest8 WHERE k BETWEEN 2892885 AND 2892985
	Bitmap Heap Scan on sbtest8  (cost=5.47..405.13 rows=101 width=125)
	  Recheck Cond: ((k >= 2892885) AND (k <= 2892985))
	  ->  Bitmap Index Scan on k_8  (cost=0.00..5.44 rows=101 width=0)
	        Index Cond: ((k >= 2892885) AND (k <= 2892985))

explain: for range-notcovered :: explain SELECT k, c FROM sbtest%d WHERE k BETWEEN 3029874 AND 3029974
explain: for range-notcovered :: explain SELECT k, c FROM sbtest%d WHERE k BETWEEN 2892885 AND 2892985
for range-notcovered
table 1 : explain SELECT k, c FROM sbtest1 WHERE k BETWEEN 4363850 AND 4363950
	Bitmap Heap Scan on sbtest1  (cost=5.41..381.49 rows=95 width=125)
	  Recheck Cond: ((k >= 4363850) AND (k <= 4363950))
	  ->  Bitmap Index Scan on k_1  (cost=0.00..5.38 rows=95 width=0)
	        Index Cond: ((k >= 4363850) AND (k <= 4363950))

table 2 : explain SELECT k, c FROM sbtest2 WHERE k BETWEEN 4363850 AND 4363950
	Bitmap Heap Scan on sbtest2  (cost=5.46..401.19 rows=100 width=125)
	  Recheck Cond: ((k >= 4363850) AND (k <= 4363950))
	  ->  Bitmap Index Scan on k_2  (cost=0.00..5.43 rows=100 width=0)
	        Index Cond: ((k >= 4363850) AND (k <= 4363950))

table 3 : explain SELECT k, c FROM sbtest3 WHERE k BETWEEN 4363850 AND 4363950
	Bitmap Heap Scan on sbtest3  (cost=5.45..397.25 rows=99 width=125)
	  Recheck Cond: ((k >= 4363850) AND (k <= 4363950))
	  ->  Bitmap Index Scan on k_3  (cost=0.00..5.42 rows=99 width=0)
	        Index Cond: ((k >= 4363850) AND (k <= 4363950))

table 4 : explain SELECT k, c FROM sbtest4 WHERE k BETWEEN 4363850 AND 4363950
	Bitmap Heap Scan on sbtest4  (cost=5.56..440.56 rows=110 width=125)
	  Recheck Cond: ((k >= 4363850) AND (k <= 4363950))
	  ->  Bitmap Index Scan on k_4  (cost=0.00..5.53 rows=110 width=0)
	        Index Cond: ((k >= 4363850) AND (k <= 4363950))

table 5 : explain SELECT k, c FROM sbtest5 WHERE k BETWEEN 4363850 AND 4363950
	Bitmap Heap Scan on sbtest5  (cost=5.46..401.19 rows=100 width=125)
	  Recheck Cond: ((k >= 4363850) AND (k <= 4363950))
	  ->  Bitmap Index Scan on k_5  (cost=0.00..5.43 rows=100 width=0)
	        Index Cond: ((k >= 4363850) AND (k <= 4363950))

table 6 : explain SELECT k, c FROM sbtest6 WHERE k BETWEEN 4363850 AND 4363950
	Bitmap Heap Scan on sbtest6  (cost=5.44..393.31 rows=98 width=125)
	  Recheck Cond: ((k >= 4363850) AND (k <= 4363950))
	  ->  Bitmap Index Scan on k_6  (cost=0.00..5.42 rows=98 width=0)
	        Index Cond: ((k >= 4363850) AND (k <= 4363950))

table 7 : explain SELECT k, c FROM sbtest7 WHERE k BETWEEN 4363850 AND 4363950
	Bitmap Heap Scan on sbtest7  (cost=5.52..424.81 rows=106 width=125)
	  Recheck Cond: ((k >= 4363850) AND (k <= 4363950))
	  ->  Bitmap Index Scan on k_7  (cost=0.00..5.50 rows=106 width=0)
	        Index Cond: ((k >= 4363850) AND (k <= 4363950))

table 8 : explain SELECT k, c FROM sbtest8 WHERE k BETWEEN 4363850 AND 4363950
	Bitmap Heap Scan on sbtest8  (cost=5.45..397.25 rows=99 width=125)
	  Recheck Cond: ((k >= 4363850) AND (k <= 4363950))
	  ->  Bitmap Index Scan on k_8  (cost=0.00..5.42 rows=99 width=0)
	        Index Cond: ((k >= 4363850) AND (k <= 4363950))

for range-notcovered
table 1 : explain SELECT k, c FROM sbtest1 WHERE k BETWEEN 2892885 AND 2892985
	Bitmap Heap Scan on sbtest1  (cost=5.54..432.69 rows=108 width=125)
	  Recheck Cond: ((k >= 2892885) AND (k <= 2892985))
	  ->  Bitmap Index Scan on k_1  (cost=0.00..5.51 rows=108 width=0)
	        Index Cond: ((k >= 2892885) AND (k <= 2892985))

table 2 : explain SELECT k, c FROM sbtest2 WHERE k BETWEEN 2892885 AND 2892985
	Bitmap Heap Scan on sbtest2  (cost=5.56..440.56 rows=110 width=125)
	  Recheck Cond: ((k >= 2892885) AND (k <= 2892985))
	  ->  Bitmap Index Scan on k_2  (cost=0.00..5.53 rows=110 width=0)
	        Index Cond: ((k >= 2892885) AND (k <= 2892985))

table 3 : explain SELECT k, c FROM sbtest3 WHERE k BETWEEN 2892885 AND 2892985
	Bitmap Heap Scan on sbtest3  (cost=5.61..460.22 rows=115 width=125)
	  Recheck Cond: ((k >= 2892885) AND (k <= 2892985))
	  ->  Bitmap Index Scan on k_3  (cost=0.00..5.58 rows=115 width=0)
	        Index Cond: ((k >= 2892885) AND (k <= 2892985))

table 4 : explain SELECT k, c FROM sbtest4 WHERE k BETWEEN 2892885 AND 2892985
	Bitmap Heap Scan on sbtest4  (cost=5.47..405.13 rows=101 width=125)
	  Recheck Cond: ((k >= 2892885) AND (k <= 2892985))
	  ->  Bitmap Index Scan on k_4  (cost=0.00..5.44 rows=101 width=0)
	        Index Cond: ((k >= 2892885) AND (k <= 2892985))

table 5 : explain SELECT k, c FROM sbtest5 WHERE k BETWEEN 2892885 AND 2892985
	Bitmap Heap Scan on sbtest5  (cost=5.48..409.07 rows=102 width=125)
	  Recheck Cond: ((k >= 2892885) AND (k <= 2892985))
	  ->  Bitmap Index Scan on k_5  (cost=0.00..5.45 rows=102 width=0)
	        Index Cond: ((k >= 2892885) AND (k <= 2892985))

table 6 : explain SELECT k, c FROM sbtest6 WHERE k BETWEEN 2892885 AND 2892985
	Bitmap Heap Scan on sbtest6  (cost=5.44..393.31 rows=98 width=125)
	  Recheck Cond: ((k >= 2892885) AND (k <= 2892985))
	  ->  Bitmap Index Scan on k_6  (cost=0.00..5.42 rows=98 width=0)
	        Index Cond: ((k >= 2892885) AND (k <= 2892985))

table 7 : explain SELECT k, c FROM sbtest7 WHERE k BETWEEN 2892885 AND 2892985
	Bitmap Heap Scan on sbtest7  (cost=5.46..401.19 rows=100 width=125)
	  Recheck Cond: ((k >= 2892885) AND (k <= 2892985))
	  ->  Bitmap Index Scan on k_7  (cost=0.00..5.43 rows=100 width=0)
	        Index Cond: ((k >= 2892885) AND (k <= 2892985))

table 8 : explain SELECT k, c FROM sbtest8 WHERE k BETWEEN 2892885 AND 2892985
	Bitmap Heap Scan on sbtest8  (cost=5.47..405.13 rows=101 width=125)
	  Recheck Cond: ((k >= 2892885) AND (k <= 2892985))
	  ->  Bitmap Index Scan on k_8  (cost=0.00..5.44 rows=101 width=0)
	        Index Cond: ((k >= 2892885) AND (k <= 2892985))

explain: for range-notcovered :: explain SELECT k, c FROM sbtest%d WHERE k BETWEEN 4363850 AND 4363950
explain: for range-notcovered :: explain SELECT k, c FROM sbtest%d WHERE k BETWEEN 2892885 AND 2892985
for range-notcovered
table 1 : explain SELECT k, c FROM sbtest1 WHERE k BETWEEN 3029874 AND 3029974
	Bitmap Heap Scan on sbtest1  (cost=5.49..413.00 rows=103 width=125)
	  Recheck Cond: ((k >= 3029874) AND (k <= 3029974))
	  ->  Bitmap Index Scan on k_1  (cost=0.00..5.46 rows=103 width=0)
	        Index Cond: ((k >= 3029874) AND (k <= 3029974))

table 2 : explain SELECT k, c FROM sbtest2 WHERE k BETWEEN 3029874 AND 3029974
	Bitmap Heap Scan on sbtest2  (cost=5.42..385.43 rows=96 width=125)
	  Recheck Cond: ((k >= 3029874) AND (k <= 3029974))
	  ->  Bitmap Index Scan on k_2  (cost=0.00..5.39 rows=96 width=0)
	        Index Cond: ((k >= 3029874) AND (k <= 3029974))

table 3 : explain SELECT k, c FROM sbtest3 WHERE k BETWEEN 3029874 AND 3029974
	Bitmap Heap Scan on sbtest3  (cost=5.47..405.13 rows=101 width=125)
	  Recheck Cond: ((k >= 3029874) AND (k <= 3029974))
	  ->  Bitmap Index Scan on k_3  (cost=0.00..5.44 rows=101 width=0)
	        Index Cond: ((k >= 3029874) AND (k <= 3029974))

table 4 : explain SELECT k, c FROM sbtest4 WHERE k BETWEEN 3029874 AND 3029974
	Bitmap Heap Scan on sbtest4  (cost=5.56..440.56 rows=110 width=125)
	  Recheck Cond: ((k >= 3029874) AND (k <= 3029974))
	  ->  Bitmap Index Scan on k_4  (cost=0.00..5.53 rows=110 width=0)
	        Index Cond: ((k >= 3029874) AND (k <= 3029974))

table 5 : explain SELECT k, c FROM sbtest5 WHERE k BETWEEN 3029874 AND 3029974
	Bitmap Heap Scan on sbtest5  (cost=5.41..381.49 rows=95 width=125)
	  Recheck Cond: ((k >= 3029874) AND (k <= 3029974))
	  ->  Bitmap Index Scan on k_5  (cost=0.00..5.38 rows=95 width=0)
	        Index Cond: ((k >= 3029874) AND (k <= 3029974))

table 6 : explain SELECT k, c FROM sbtest6 WHERE k BETWEEN 3029874 AND 3029974
	Bitmap Heap Scan on sbtest6  (cost=5.43..389.37 rows=97 width=125)
	  Recheck Cond: ((k >= 3029874) AND (k <= 3029974))
	  ->  Bitmap Index Scan on k_6  (cost=0.00..5.40 rows=97 width=0)
	        Index Cond: ((k >= 3029874) AND (k <= 3029974))

table 7 : explain SELECT k, c FROM sbtest7 WHERE k BETWEEN 3029874 AND 3029974
	Bitmap Heap Scan on sbtest7  (cost=5.48..409.07 rows=102 width=125)
	  Recheck Cond: ((k >= 3029874) AND (k <= 3029974))
	  ->  Bitmap Index Scan on k_7  (cost=0.00..5.45 rows=102 width=0)
	        Index Cond: ((k >= 3029874) AND (k <= 3029974))

table 8 : explain SELECT k, c FROM sbtest8 WHERE k BETWEEN 3029874 AND 3029974
	Bitmap Heap Scan on sbtest8  (cost=5.42..385.43 rows=96 width=125)
	  Recheck Cond: ((k >= 3029874) AND (k <= 3029974))
	  ->  Bitmap Index Scan on k_8  (cost=0.00..5.39 rows=96 width=0)
	        Index Cond: ((k >= 3029874) AND (k <= 3029974))

explain: for range-notcovered :: explain SELECT k, c FROM sbtest%d WHERE k BETWEEN 3029874 AND 3029974
explain: for range-notcovered :: explain SELECT k, c FROM sbtest%d WHERE k BETWEEN 7066921 AND 7067021
for range-notcovered
table 1 : explain SELECT k, c FROM sbtest1 WHERE k BETWEEN 7327499 AND 7327599
	Bitmap Heap Scan on sbtest1  (cost=5.46..401.19 rows=100 width=125)
	  Recheck Cond: ((k >= 7327499) AND (k <= 7327599))
	  ->  Bitmap Index Scan on k_1  (cost=0.00..5.43 rows=100 width=0)
	        Index Cond: ((k >= 7327499) AND (k <= 7327599))

table 2 : explain SELECT k, c FROM sbtest2 WHERE k BETWEEN 7327499 AND 7327599
	Bitmap Heap Scan on sbtest2  (cost=5.53..428.75 rows=107 width=125)
	  Recheck Cond: ((k >= 7327499) AND (k <= 7327599))
	  ->  Bitmap Index Scan on k_2  (cost=0.00..5.50 rows=107 width=0)
	        Index Cond: ((k >= 7327499) AND (k <= 7327599))

table 3 : explain SELECT k, c FROM sbtest3 WHERE k BETWEEN 7327499 AND 7327599
	Bitmap Heap Scan on sbtest3  (cost=5.45..397.25 rows=99 width=125)
	  Recheck Cond: ((k >= 7327499) AND (k <= 7327599))
	  ->  Bitmap Index Scan on k_3  (cost=0.00..5.42 rows=99 width=0)
	        Index Cond: ((k >= 7327499) AND (k <= 7327599))

table 4 : explain SELECT k, c FROM sbtest4 WHERE k BETWEEN 7327499 AND 7327599
	Bitmap Heap Scan on sbtest4  (cost=5.45..397.25 rows=99 width=125)
	  Recheck Cond: ((k >= 7327499) AND (k <= 7327599))
	  ->  Bitmap Index Scan on k_4  (cost=0.00..5.42 rows=99 width=0)
	        Index Cond: ((k >= 7327499) AND (k <= 7327599))

table 5 : explain SELECT k, c FROM sbtest5 WHERE k BETWEEN 7327499 AND 7327599
	Bitmap Heap Scan on sbtest5  (cost=5.52..424.81 rows=106 width=125)
	  Recheck Cond: ((k >= 7327499) AND (k <= 7327599))
	  ->  Bitmap Index Scan on k_5  (cost=0.00..5.50 rows=106 width=0)
	        Index Cond: ((k >= 7327499) AND (k <= 7327599))

table 6 : explain SELECT k, c FROM sbtest6 WHERE k BETWEEN 7327499 AND 7327599
	Bitmap Heap Scan on sbtest6  (cost=5.60..456.29 rows=114 width=125)
	  Recheck Cond: ((k >= 7327499) AND (k <= 7327599))
	  ->  Bitmap Index Scan on k_6  (cost=0.00..5.58 rows=114 width=0)
	        Index Cond: ((k >= 7327499) AND (k <= 7327599))

table 7 : explain SELECT k, c FROM sbtest7 WHERE k BETWEEN 7327499 AND 7327599
	Bitmap Heap Scan on sbtest7  (cost=5.54..432.69 rows=108 width=125)
	  Recheck Cond: ((k >= 7327499) AND (k <= 7327599))
	  ->  Bitmap Index Scan on k_7  (cost=0.00..5.51 rows=108 width=0)
	        Index Cond: ((k >= 7327499) AND (k <= 7327599))

table 8 : explain SELECT k, c FROM sbtest8 WHERE k BETWEEN 7327499 AND 7327599
	Bitmap Heap Scan on sbtest8  (cost=5.46..401.19 rows=100 width=125)
	  Recheck Cond: ((k >= 7327499) AND (k <= 7327599))
	  ->  Bitmap Index Scan on k_8  (cost=0.00..5.43 rows=100 width=0)
	        Index Cond: ((k >= 7327499) AND (k <= 7327599))

for range-notcovered
table 1 : explain SELECT k, c FROM sbtest1 WHERE k BETWEEN 3884273 AND 3884373
	Bitmap Heap Scan on sbtest1  (cost=5.45..397.25 rows=99 width=125)
	  Recheck Cond: ((k >= 3884273) AND (k <= 3884373))
	  ->  Bitmap Index Scan on k_1  (cost=0.00..5.42 rows=99 width=0)
	        Index Cond: ((k >= 3884273) AND (k <= 3884373))

table 2 : explain SELECT k, c FROM sbtest2 WHERE k BETWEEN 3884273 AND 3884373
	Bitmap Heap Scan on sbtest2  (cost=5.49..413.00 rows=103 width=125)
	  Recheck Cond: ((k >= 3884273) AND (k <= 3884373))
	  ->  Bitmap Index Scan on k_2  (cost=0.00..5.46 rows=103 width=0)
	        Index Cond: ((k >= 3884273) AND (k <= 3884373))

table 3 : explain SELECT k, c FROM sbtest3 WHERE k BETWEEN 3884273 AND 3884373
	Bitmap Heap Scan on sbtest3  (cost=5.48..409.07 rows=102 width=125)
	  Recheck Cond: ((k >= 3884273) AND (k <= 3884373))
	  ->  Bitmap Index Scan on k_3  (cost=0.00..5.45 rows=102 width=0)
	        Index Cond: ((k >= 3884273) AND (k <= 3884373))

table 4 : explain SELECT k, c FROM sbtest4 WHERE k BETWEEN 3884273 AND 3884373
	Bitmap Heap Scan on sbtest4  (cost=5.44..393.31 rows=98 width=125)
	  Recheck Cond: ((k >= 3884273) AND (k <= 3884373))
	  ->  Bitmap Index Scan on k_4  (cost=0.00..5.42 rows=98 width=0)
	        Index Cond: ((k >= 3884273) AND (k <= 3884373))

table 5 : explain SELECT k, c FROM sbtest5 WHERE k BETWEEN 3884273 AND 3884373
	Bitmap Heap Scan on sbtest5  (cost=5.48..409.07 rows=102 width=125)
	  Recheck Cond: ((k >= 3884273) AND (k <= 3884373))
	  ->  Bitmap Index Scan on k_5  (cost=0.00..5.45 rows=102 width=0)
	        Index Cond: ((k >= 3884273) AND (k <= 3884373))

table 6 : explain SELECT k, c FROM sbtest6 WHERE k BETWEEN 3884273 AND 3884373
	Bitmap Heap Scan on sbtest6  (cost=5.44..393.31 rows=98 width=125)
	  Recheck Cond: ((k >= 3884273) AND (k <= 3884373))
	  ->  Bitmap Index Scan on k_6  (cost=0.00..5.42 rows=98 width=0)
	        Index Cond: ((k >= 3884273) AND (k <= 3884373))

table 7 : explain SELECT k, c FROM sbtest7 WHERE k BETWEEN 3884273 AND 3884373
	Bitmap Heap Scan on sbtest7  (cost=5.55..436.62 rows=109 width=125)
	  Recheck Cond: ((k >= 3884273) AND (k <= 3884373))
	  ->  Bitmap Index Scan on k_7  (cost=0.00..5.52 rows=109 width=0)
	        Index Cond: ((k >= 3884273) AND (k <= 3884373))

table 8 : explain SELECT k, c FROM sbtest8 WHERE k BETWEEN 3884273 AND 3884373
	Bitmap Heap Scan on sbtest8  (cost=5.40..377.55 rows=94 width=125)
	  Recheck Cond: ((k >= 3884273) AND (k <= 3884373))
	  ->  Bitmap Index Scan on k_8  (cost=0.00..5.38 rows=94 width=0)
	        Index Cond: ((k >= 3884273) AND (k <= 3884373))

explain: for range-notcovered :: explain SELECT k, c FROM sbtest%d WHERE k BETWEEN 3884273 AND 3884373
explain: for range-notcovered :: explain SELECT k, c FROM sbtest%d WHERE k BETWEEN 7327499 AND 7327599
for range-notcovered
table 1 : explain SELECT k, c FROM sbtest1 WHERE k BETWEEN 5391383 AND 5391483
	Bitmap Heap Scan on sbtest1  (cost=5.42..385.43 rows=96 width=125)
	  Recheck Cond: ((k >= 5391383) AND (k <= 5391483))
	  ->  Bitmap Index Scan on k_1  (cost=0.00..5.39 rows=96 width=0)
	        Index Cond: ((k >= 5391383) AND (k <= 5391483))

table 2 : explain SELECT k, c FROM sbtest2 WHERE k BETWEEN 5391383 AND 5391483
	Bitmap Heap Scan on sbtest2  (cost=5.51..420.88 rows=105 width=125)
	  Recheck Cond: ((k >= 5391383) AND (k <= 5391483))
	  ->  Bitmap Index Scan on k_2  (cost=0.00..5.48 rows=105 width=0)
	        Index Cond: ((k >= 5391383) AND (k <= 5391483))

table 3 : explain SELECT k, c FROM sbtest3 WHERE k BETWEEN 5391383 AND 5391483
	Bitmap Heap Scan on sbtest3  (cost=5.55..436.62 rows=109 width=125)
	  Recheck Cond: ((k >= 5391383) AND (k <= 5391483))
	  ->  Bitmap Index Scan on k_3  (cost=0.00..5.52 rows=109 width=0)
	        Index Cond: ((k >= 5391383) AND (k <= 5391483))

table 4 : explain SELECT k, c FROM sbtest4 WHERE k BETWEEN 5391383 AND 5391483
	Bitmap Heap Scan on sbtest4  (cost=5.47..405.13 rows=101 width=125)
	  Recheck Cond: ((k >= 5391383) AND (k <= 5391483))
	  ->  Bitmap Index Scan on k_4  (cost=0.00..5.44 rows=101 width=0)
	        Index Cond: ((k >= 5391383) AND (k <= 5391483))

table 5 : explain SELECT k, c FROM sbtest5 WHERE k BETWEEN 5391383 AND 5391483
	Bitmap Heap Scan on sbtest5  (cost=5.57..444.49 rows=111 width=125)
	  Recheck Cond: ((k >= 5391383) AND (k <= 5391483))
	  ->  Bitmap Index Scan on k_5  (cost=0.00..5.54 rows=111 width=0)
	        Index Cond: ((k >= 5391383) AND (k <= 5391483))

table 6 : explain SELECT k, c FROM sbtest6 WHERE k BETWEEN 5391383 AND 5391483
	Bitmap Heap Scan on sbtest6  (cost=5.50..416.94 rows=104 width=125)
	  Recheck Cond: ((k >= 5391383) AND (k <= 5391483))
	  ->  Bitmap Index Scan on k_6  (cost=0.00..5.47 rows=104 width=0)
	        Index Cond: ((k >= 5391383) AND (k <= 5391483))

table 7 : explain SELECT k, c FROM sbtest7 WHERE k BETWEEN 5391383 AND 5391483
	Bitmap Heap Scan on sbtest7  (cost=5.44..393.31 rows=98 width=125)
	  Recheck Cond: ((k >= 5391383) AND (k <= 5391483))
	  ->  Bitmap Index Scan on k_7  (cost=0.00..5.42 rows=98 width=0)
	        Index Cond: ((k >= 5391383) AND (k <= 5391483))

table 8 : explain SELECT k, c FROM sbtest8 WHERE k BETWEEN 5391383 AND 5391483
	Bitmap Heap Scan on sbtest8  (cost=5.45..397.25 rows=99 width=125)
	  Recheck Cond: ((k >= 5391383) AND (k <= 5391483))
	  ->  Bitmap Index Scan on k_8  (cost=0.00..5.42 rows=99 width=0)
	        Index Cond: ((k >= 5391383) AND (k <= 5391483))

explain: for range-notcovered :: explain SELECT k, c FROM sbtest%d WHERE k BETWEEN 5391383 AND 5391483
explain: for range-notcovered :: explain SELECT k, c FROM sbtest%d WHERE k BETWEEN 3435870 AND 3435970
for range-notcovered
table 1 : explain SELECT k, c FROM sbtest1 WHERE k BETWEEN 3884273 AND 3884373
	Bitmap Heap Scan on sbtest1  (cost=5.45..397.25 rows=99 width=125)
	  Recheck Cond: ((k >= 3884273) AND (k <= 3884373))
	  ->  Bitmap Index Scan on k_1  (cost=0.00..5.42 rows=99 width=0)
	        Index Cond: ((k >= 3884273) AND (k <= 3884373))

table 2 : explain SELECT k, c FROM sbtest2 WHERE k BETWEEN 3884273 AND 3884373
	Bitmap Heap Scan on sbtest2  (cost=5.49..413.00 rows=103 width=125)
	  Recheck Cond: ((k >= 3884273) AND (k <= 3884373))
	  ->  Bitmap Index Scan on k_2  (cost=0.00..5.46 rows=103 width=0)
	        Index Cond: ((k >= 3884273) AND (k <= 3884373))

table 3 : explain SELECT k, c FROM sbtest3 WHERE k BETWEEN 3884273 AND 3884373
	Bitmap Heap Scan on sbtest3  (cost=5.48..409.07 rows=102 width=125)
	  Recheck Cond: ((k >= 3884273) AND (k <= 3884373))
	  ->  Bitmap Index Scan on k_3  (cost=0.00..5.45 rows=102 width=0)
	        Index Cond: ((k >= 3884273) AND (k <= 3884373))

table 4 : explain SELECT k, c FROM sbtest4 WHERE k BETWEEN 3884273 AND 3884373
	Bitmap Heap Scan on sbtest4  (cost=5.44..393.31 rows=98 width=125)
	  Recheck Cond: ((k >= 3884273) AND (k <= 3884373))
	  ->  Bitmap Index Scan on k_4  (cost=0.00..5.42 rows=98 width=0)
	        Index Cond: ((k >= 3884273) AND (k <= 3884373))

table 5 : explain SELECT k, c FROM sbtest5 WHERE k BETWEEN 3884273 AND 3884373
	Bitmap Heap Scan on sbtest5  (cost=5.48..409.07 rows=102 width=125)
	  Recheck Cond: ((k >= 3884273) AND (k <= 3884373))
	  ->  Bitmap Index Scan on k_5  (cost=0.00..5.45 rows=102 width=0)
	        Index Cond: ((k >= 3884273) AND (k <= 3884373))

table 6 : explain SELECT k, c FROM sbtest6 WHERE k BETWEEN 3884273 AND 3884373
	Bitmap Heap Scan on sbtest6  (cost=5.44..393.31 rows=98 width=125)
	  Recheck Cond: ((k >= 3884273) AND (k <= 3884373))
	  ->  Bitmap Index Scan on k_6  (cost=0.00..5.42 rows=98 width=0)
	        Index Cond: ((k >= 3884273) AND (k <= 3884373))

table 7 : explain SELECT k, c FROM sbtest7 WHERE k BETWEEN 3884273 AND 3884373
	Bitmap Heap Scan on sbtest7  (cost=5.55..436.62 rows=109 width=125)
	  Recheck Cond: ((k >= 3884273) AND (k <= 3884373))
	  ->  Bitmap Index Scan on k_7  (cost=0.00..5.52 rows=109 width=0)
	        Index Cond: ((k >= 3884273) AND (k <= 3884373))

table 8 : explain SELECT k, c FROM sbtest8 WHERE k BETWEEN 3884273 AND 3884373
	Bitmap Heap Scan on sbtest8  (cost=5.40..377.55 rows=94 width=125)
	  Recheck Cond: ((k >= 3884273) AND (k <= 3884373))
	  ->  Bitmap Index Scan on k_8  (cost=0.00..5.38 rows=94 width=0)
	        Index Cond: ((k >= 3884273) AND (k <= 3884373))

explain: for range-notcovered :: explain SELECT k, c FROM sbtest%d WHERE k BETWEEN 3884273 AND 3884373
for range-notcovered
table 1 : explain SELECT k, c FROM sbtest1 WHERE k BETWEEN 7327499 AND 7327599
	Bitmap Heap Scan on sbtest1  (cost=5.46..401.19 rows=100 width=125)
	  Recheck Cond: ((k >= 7327499) AND (k <= 7327599))
	  ->  Bitmap Index Scan on k_1  (cost=0.00..5.43 rows=100 width=0)
	        Index Cond: ((k >= 7327499) AND (k <= 7327599))

table 2 : explain SELECT k, c FROM sbtest2 WHERE k BETWEEN 7327499 AND 7327599
	Bitmap Heap Scan on sbtest2  (cost=5.53..428.75 rows=107 width=125)
	  Recheck Cond: ((k >= 7327499) AND (k <= 7327599))
	  ->  Bitmap Index Scan on k_2  (cost=0.00..5.50 rows=107 width=0)
	        Index Cond: ((k >= 7327499) AND (k <= 7327599))

table 3 : explain SELECT k, c FROM sbtest3 WHERE k BETWEEN 7327499 AND 7327599
	Bitmap Heap Scan on sbtest3  (cost=5.45..397.25 rows=99 width=125)
	  Recheck Cond: ((k >= 7327499) AND (k <= 7327599))
	  ->  Bitmap Index Scan on k_3  (cost=0.00..5.42 rows=99 width=0)
	        Index Cond: ((k >= 7327499) AND (k <= 7327599))

table 4 : explain SELECT k, c FROM sbtest4 WHERE k BETWEEN 7327499 AND 7327599
	Bitmap Heap Scan on sbtest4  (cost=5.45..397.25 rows=99 width=125)
	  Recheck Cond: ((k >= 7327499) AND (k <= 7327599))
	  ->  Bitmap Index Scan on k_4  (cost=0.00..5.42 rows=99 width=0)
	        Index Cond: ((k >= 7327499) AND (k <= 7327599))

table 5 : explain SELECT k, c FROM sbtest5 WHERE k BETWEEN 7327499 AND 7327599
	Bitmap Heap Scan on sbtest5  (cost=5.52..424.81 rows=106 width=125)
	  Recheck Cond: ((k >= 7327499) AND (k <= 7327599))
	  ->  Bitmap Index Scan on k_5  (cost=0.00..5.50 rows=106 width=0)
	        Index Cond: ((k >= 7327499) AND (k <= 7327599))

table 6 : explain SELECT k, c FROM sbtest6 WHERE k BETWEEN 7327499 AND 7327599
	Bitmap Heap Scan on sbtest6  (cost=5.60..456.29 rows=114 width=125)
	  Recheck Cond: ((k >= 7327499) AND (k <= 7327599))
	  ->  Bitmap Index Scan on k_6  (cost=0.00..5.58 rows=114 width=0)
	        Index Cond: ((k >= 7327499) AND (k <= 7327599))

table 7 : explain SELECT k, c FROM sbtest7 WHERE k BETWEEN 7327499 AND 7327599
	Bitmap Heap Scan on sbtest7  (cost=5.54..432.69 rows=108 width=125)
	  Recheck Cond: ((k >= 7327499) AND (k <= 7327599))
	  ->  Bitmap Index Scan on k_7  (cost=0.00..5.51 rows=108 width=0)
	        Index Cond: ((k >= 7327499) AND (k <= 7327599))

table 8 : explain SELECT k, c FROM sbtest8 WHERE k BETWEEN 7327499 AND 7327599
	Bitmap Heap Scan on sbtest8  (cost=5.46..401.19 rows=100 width=125)
	  Recheck Cond: ((k >= 7327499) AND (k <= 7327599))
	  ->  Bitmap Index Scan on k_8  (cost=0.00..5.43 rows=100 width=0)
	        Index Cond: ((k >= 7327499) AND (k <= 7327599))

explain: for range-notcovered :: explain SELECT k, c FROM sbtest%d WHERE k BETWEEN 7327499 AND 7327599
for range-notcovered
table 1 : explain SELECT k, c FROM sbtest1 WHERE k BETWEEN 5391383 AND 5391483
	Bitmap Heap Scan on sbtest1  (cost=5.42..385.43 rows=96 width=125)
	  Recheck Cond: ((k >= 5391383) AND (k <= 5391483))
	  ->  Bitmap Index Scan on k_1  (cost=0.00..5.39 rows=96 width=0)
	        Index Cond: ((k >= 5391383) AND (k <= 5391483))

table 2 : explain SELECT k, c FROM sbtest2 WHERE k BETWEEN 5391383 AND 5391483
	Bitmap Heap Scan on sbtest2  (cost=5.51..420.88 rows=105 width=125)
	  Recheck Cond: ((k >= 5391383) AND (k <= 5391483))
	  ->  Bitmap Index Scan on k_2  (cost=0.00..5.48 rows=105 width=0)
	        Index Cond: ((k >= 5391383) AND (k <= 5391483))

table 3 : explain SELECT k, c FROM sbtest3 WHERE k BETWEEN 5391383 AND 5391483
	Bitmap Heap Scan on sbtest3  (cost=5.55..436.62 rows=109 width=125)
	  Recheck Cond: ((k >= 5391383) AND (k <= 5391483))
	  ->  Bitmap Index Scan on k_3  (cost=0.00..5.52 rows=109 width=0)
	        Index Cond: ((k >= 5391383) AND (k <= 5391483))

table 4 : explain SELECT k, c FROM sbtest4 WHERE k BETWEEN 5391383 AND 5391483
	Bitmap Heap Scan on sbtest4  (cost=5.47..405.13 rows=101 width=125)
	  Recheck Cond: ((k >= 5391383) AND (k <= 5391483))
	  ->  Bitmap Index Scan on k_4  (cost=0.00..5.44 rows=101 width=0)
	        Index Cond: ((k >= 5391383) AND (k <= 5391483))

table 5 : explain SELECT k, c FROM sbtest5 WHERE k BETWEEN 5391383 AND 5391483
	Bitmap Heap Scan on sbtest5  (cost=5.57..444.49 rows=111 width=125)
	  Recheck Cond: ((k >= 5391383) AND (k <= 5391483))
	  ->  Bitmap Index Scan on k_5  (cost=0.00..5.54 rows=111 width=0)
	        Index Cond: ((k >= 5391383) AND (k <= 5391483))

table 6 : explain SELECT k, c FROM sbtest6 WHERE k BETWEEN 5391383 AND 5391483
	Bitmap Heap Scan on sbtest6  (cost=5.50..416.94 rows=104 width=125)
	  Recheck Cond: ((k >= 5391383) AND (k <= 5391483))
	  ->  Bitmap Index Scan on k_6  (cost=0.00..5.47 rows=104 width=0)
	        Index Cond: ((k >= 5391383) AND (k <= 5391483))

table 7 : explain SELECT k, c FROM sbtest7 WHERE k BETWEEN 5391383 AND 5391483
	Bitmap Heap Scan on sbtest7  (cost=5.44..393.31 rows=98 width=125)
	  Recheck Cond: ((k >= 5391383) AND (k <= 5391483))
	  ->  Bitmap Index Scan on k_7  (cost=0.00..5.42 rows=98 width=0)
	        Index Cond: ((k >= 5391383) AND (k <= 5391483))

table 8 : explain SELECT k, c FROM sbtest8 WHERE k BETWEEN 5391383 AND 5391483
	Bitmap Heap Scan on sbtest8  (cost=5.45..397.25 rows=99 width=125)
	  Recheck Cond: ((k >= 5391383) AND (k <= 5391483))
	  ->  Bitmap Index Scan on k_8  (cost=0.00..5.42 rows=99 width=0)
	        Index Cond: ((k >= 5391383) AND (k <= 5391483))

explain: for range-notcovered :: explain SELECT k, c FROM sbtest%d WHERE k BETWEEN 5391383 AND 5391483
for range-notcovered
table 1 : explain SELECT k, c FROM sbtest1 WHERE k BETWEEN 3884273 AND 3884373
	Bitmap Heap Scan on sbtest1  (cost=5.45..397.25 rows=99 width=125)
	  Recheck Cond: ((k >= 3884273) AND (k <= 3884373))
	  ->  Bitmap Index Scan on k_1  (cost=0.00..5.42 rows=99 width=0)
	        Index Cond: ((k >= 3884273) AND (k <= 3884373))

table 2 : explain SELECT k, c FROM sbtest2 WHERE k BETWEEN 3884273 AND 3884373
	Bitmap Heap Scan on sbtest2  (cost=5.49..413.00 rows=103 width=125)
	  Recheck Cond: ((k >= 3884273) AND (k <= 3884373))
	  ->  Bitmap Index Scan on k_2  (cost=0.00..5.46 rows=103 width=0)
	        Index Cond: ((k >= 3884273) AND (k <= 3884373))

table 3 : explain SELECT k, c FROM sbtest3 WHERE k BETWEEN 3884273 AND 3884373
	Bitmap Heap Scan on sbtest3  (cost=5.48..409.07 rows=102 width=125)
	  Recheck Cond: ((k >= 3884273) AND (k <= 3884373))
	  ->  Bitmap Index Scan on k_3  (cost=0.00..5.45 rows=102 width=0)
	        Index Cond: ((k >= 3884273) AND (k <= 3884373))

table 4 : explain SELECT k, c FROM sbtest4 WHERE k BETWEEN 3884273 AND 3884373
	Bitmap Heap Scan on sbtest4  (cost=5.44..393.31 rows=98 width=125)
	  Recheck Cond: ((k >= 3884273) AND (k <= 3884373))
	  ->  Bitmap Index Scan on k_4  (cost=0.00..5.42 rows=98 width=0)
	        Index Cond: ((k >= 3884273) AND (k <= 3884373))

table 5 : explain SELECT k, c FROM sbtest5 WHERE k BETWEEN 3884273 AND 3884373
	Bitmap Heap Scan on sbtest5  (cost=5.48..409.07 rows=102 width=125)
	  Recheck Cond: ((k >= 3884273) AND (k <= 3884373))
	  ->  Bitmap Index Scan on k_5  (cost=0.00..5.45 rows=102 width=0)
	        Index Cond: ((k >= 3884273) AND (k <= 3884373))

table 6 : explain SELECT k, c FROM sbtest6 WHERE k BETWEEN 3884273 AND 3884373
	Bitmap Heap Scan on sbtest6  (cost=5.44..393.31 rows=98 width=125)
	  Recheck Cond: ((k >= 3884273) AND (k <= 3884373))
	  ->  Bitmap Index Scan on k_6  (cost=0.00..5.42 rows=98 width=0)
	        Index Cond: ((k >= 3884273) AND (k <= 3884373))

table 7 : explain SELECT k, c FROM sbtest7 WHERE k BETWEEN 3884273 AND 3884373
	Bitmap Heap Scan on sbtest7  (cost=5.55..436.62 rows=109 width=125)
	  Recheck Cond: ((k >= 3884273) AND (k <= 3884373))
	  ->  Bitmap Index Scan on k_7  (cost=0.00..5.52 rows=109 width=0)
	        Index Cond: ((k >= 3884273) AND (k <= 3884373))

table 8 : explain SELECT k, c FROM sbtest8 WHERE k BETWEEN 3884273 AND 3884373
	Bitmap Heap Scan on sbtest8  (cost=5.40..377.55 rows=94 width=125)
	  Recheck Cond: ((k >= 3884273) AND (k <= 3884373))
	  ->  Bitmap Index Scan on k_8  (cost=0.00..5.38 rows=94 width=0)
	        Index Cond: ((k >= 3884273) AND (k <= 3884373))

explain: for range-notcovered :: explain SELECT k, c FROM sbtest%d WHERE k BETWEEN 3884273 AND 3884373
for range-notcovered
table 1 : explain SELECT k, c FROM sbtest1 WHERE k BETWEEN 7327499 AND 7327599
	Bitmap Heap Scan on sbtest1  (cost=5.46..401.19 rows=100 width=125)
	  Recheck Cond: ((k >= 7327499) AND (k <= 7327599))
	  ->  Bitmap Index Scan on k_1  (cost=0.00..5.43 rows=100 width=0)
	        Index Cond: ((k >= 7327499) AND (k <= 7327599))

table 2 : explain SELECT k, c FROM sbtest2 WHERE k BETWEEN 7327499 AND 7327599
	Bitmap Heap Scan on sbtest2  (cost=5.53..428.75 rows=107 width=125)
	  Recheck Cond: ((k >= 7327499) AND (k <= 7327599))
	  ->  Bitmap Index Scan on k_2  (cost=0.00..5.50 rows=107 width=0)
	        Index Cond: ((k >= 7327499) AND (k <= 7327599))

table 3 : explain SELECT k, c FROM sbtest3 WHERE k BETWEEN 7327499 AND 7327599
	Bitmap Heap Scan on sbtest3  (cost=5.45..397.25 rows=99 width=125)
	  Recheck Cond: ((k >= 7327499) AND (k <= 7327599))
	  ->  Bitmap Index Scan on k_3  (cost=0.00..5.42 rows=99 width=0)
	        Index Cond: ((k >= 7327499) AND (k <= 7327599))

table 4 : explain SELECT k, c FROM sbtest4 WHERE k BETWEEN 7327499 AND 7327599
	Bitmap Heap Scan on sbtest4  (cost=5.45..397.25 rows=99 width=125)
	  Recheck Cond: ((k >= 7327499) AND (k <= 7327599))
	  ->  Bitmap Index Scan on k_4  (cost=0.00..5.42 rows=99 width=0)
	        Index Cond: ((k >= 7327499) AND (k <= 7327599))

table 5 : explain SELECT k, c FROM sbtest5 WHERE k BETWEEN 7327499 AND 7327599
	Bitmap Heap Scan on sbtest5  (cost=5.52..424.81 rows=106 width=125)
	  Recheck Cond: ((k >= 7327499) AND (k <= 7327599))
	  ->  Bitmap Index Scan on k_5  (cost=0.00..5.50 rows=106 width=0)
	        Index Cond: ((k >= 7327499) AND (k <= 7327599))

table 6 : explain SELECT k, c FROM sbtest6 WHERE k BETWEEN 7327499 AND 7327599
	Bitmap Heap Scan on sbtest6  (cost=5.60..456.29 rows=114 width=125)
	  Recheck Cond: ((k >= 7327499) AND (k <= 7327599))
	  ->  Bitmap Index Scan on k_6  (cost=0.00..5.58 rows=114 width=0)
	        Index Cond: ((k >= 7327499) AND (k <= 7327599))

table 7 : explain SELECT k, c FROM sbtest7 WHERE k BETWEEN 7327499 AND 7327599
	Bitmap Heap Scan on sbtest7  (cost=5.54..432.69 rows=108 width=125)
	  Recheck Cond: ((k >= 7327499) AND (k <= 7327599))
	  ->  Bitmap Index Scan on k_7  (cost=0.00..5.51 rows=108 width=0)
	        Index Cond: ((k >= 7327499) AND (k <= 7327599))

table 8 : explain SELECT k, c FROM sbtest8 WHERE k BETWEEN 7327499 AND 7327599
	Bitmap Heap Scan on sbtest8  (cost=5.46..401.19 rows=100 width=125)
	  Recheck Cond: ((k >= 7327499) AND (k <= 7327599))
	  ->  Bitmap Index Scan on k_8  (cost=0.00..5.43 rows=100 width=0)
	        Index Cond: ((k >= 7327499) AND (k <= 7327599))

explain: for range-notcovered :: explain SELECT k, c FROM sbtest%d WHERE k BETWEEN 7327499 AND 7327599
for range-notcovered
table 1 : explain SELECT k, c FROM sbtest1 WHERE k BETWEEN 5391383 AND 5391483
	Bitmap Heap Scan on sbtest1  (cost=5.42..385.43 rows=96 width=125)
	  Recheck Cond: ((k >= 5391383) AND (k <= 5391483))
	  ->  Bitmap Index Scan on k_1  (cost=0.00..5.39 rows=96 width=0)
	        Index Cond: ((k >= 5391383) AND (k <= 5391483))

table 2 : explain SELECT k, c FROM sbtest2 WHERE k BETWEEN 5391383 AND 5391483
	Bitmap Heap Scan on sbtest2  (cost=5.51..420.88 rows=105 width=125)
	  Recheck Cond: ((k >= 5391383) AND (k <= 5391483))
	  ->  Bitmap Index Scan on k_2  (cost=0.00..5.48 rows=105 width=0)
	        Index Cond: ((k >= 5391383) AND (k <= 5391483))

table 3 : explain SELECT k, c FROM sbtest3 WHERE k BETWEEN 5391383 AND 5391483
	Bitmap Heap Scan on sbtest3  (cost=5.55..436.62 rows=109 width=125)
	  Recheck Cond: ((k >= 5391383) AND (k <= 5391483))
	  ->  Bitmap Index Scan on k_3  (cost=0.00..5.52 rows=109 width=0)
	        Index Cond: ((k >= 5391383) AND (k <= 5391483))

table 4 : explain SELECT k, c FROM sbtest4 WHERE k BETWEEN 5391383 AND 5391483
	Bitmap Heap Scan on sbtest4  (cost=5.47..405.13 rows=101 width=125)
	  Recheck Cond: ((k >= 5391383) AND (k <= 5391483))
	  ->  Bitmap Index Scan on k_4  (cost=0.00..5.44 rows=101 width=0)
	        Index Cond: ((k >= 5391383) AND (k <= 5391483))

table 5 : explain SELECT k, c FROM sbtest5 WHERE k BETWEEN 5391383 AND 5391483
	Bitmap Heap Scan on sbtest5  (cost=5.57..444.49 rows=111 width=125)
	  Recheck Cond: ((k >= 5391383) AND (k <= 5391483))
	  ->  Bitmap Index Scan on k_5  (cost=0.00..5.54 rows=111 width=0)
	        Index Cond: ((k >= 5391383) AND (k <= 5391483))

table 6 : explain SELECT k, c FROM sbtest6 WHERE k BETWEEN 5391383 AND 5391483
	Bitmap Heap Scan on sbtest6  (cost=5.50..416.94 rows=104 width=125)
	  Recheck Cond: ((k >= 5391383) AND (k <= 5391483))
	  ->  Bitmap Index Scan on k_6  (cost=0.00..5.47 rows=104 width=0)
	        Index Cond: ((k >= 5391383) AND (k <= 5391483))

table 7 : explain SELECT k, c FROM sbtest7 WHERE k BETWEEN 5391383 AND 5391483
	Bitmap Heap Scan on sbtest7  (cost=5.44..393.31 rows=98 width=125)
	  Recheck Cond: ((k >= 5391383) AND (k <= 5391483))
	  ->  Bitmap Index Scan on k_7  (cost=0.00..5.42 rows=98 width=0)
	        Index Cond: ((k >= 5391383) AND (k <= 5391483))

table 8 : explain SELECT k, c FROM sbtest8 WHERE k BETWEEN 5391383 AND 5391483
	Bitmap Heap Scan on sbtest8  (cost=5.45..397.25 rows=99 width=125)
	  Recheck Cond: ((k >= 5391383) AND (k <= 5391483))
	  ->  Bitmap Index Scan on k_8  (cost=0.00..5.42 rows=99 width=0)
	        Index Cond: ((k >= 5391383) AND (k <= 5391483))

explain: for range-notcovered :: explain SELECT k, c FROM sbtest%d WHERE k BETWEEN 5391383 AND 5391483
for range-notcovered
table 1 : explain SELECT k, c FROM sbtest1 WHERE k BETWEEN 4363850 AND 4363950
	Bitmap Heap Scan on sbtest1  (cost=5.41..381.49 rows=95 width=125)
	  Recheck Cond: ((k >= 4363850) AND (k <= 4363950))
	  ->  Bitmap Index Scan on k_1  (cost=0.00..5.38 rows=95 width=0)
	        Index Cond: ((k >= 4363850) AND (k <= 4363950))

table 2 : explain SELECT k, c FROM sbtest2 WHERE k BETWEEN 4363850 AND 4363950
	Bitmap Heap Scan on sbtest2  (cost=5.46..401.19 rows=100 width=125)
	  Recheck Cond: ((k >= 4363850) AND (k <= 4363950))
	  ->  Bitmap Index Scan on k_2  (cost=0.00..5.43 rows=100 width=0)
	        Index Cond: ((k >= 4363850) AND (k <= 4363950))

table 3 : explain SELECT k, c FROM sbtest3 WHERE k BETWEEN 4363850 AND 4363950
	Bitmap Heap Scan on sbtest3  (cost=5.45..397.25 rows=99 width=125)
	  Recheck Cond: ((k >= 4363850) AND (k <= 4363950))
	  ->  Bitmap Index Scan on k_3  (cost=0.00..5.42 rows=99 width=0)
	        Index Cond: ((k >= 4363850) AND (k <= 4363950))

table 4 : explain SELECT k, c FROM sbtest4 WHERE k BETWEEN 4363850 AND 4363950
	Bitmap Heap Scan on sbtest4  (cost=5.56..440.56 rows=110 width=125)
	  Recheck Cond: ((k >= 4363850) AND (k <= 4363950))
	  ->  Bitmap Index Scan on k_4  (cost=0.00..5.53 rows=110 width=0)
	        Index Cond: ((k >= 4363850) AND (k <= 4363950))

table 5 : explain SELECT k, c FROM sbtest5 WHERE k BETWEEN 4363850 AND 4363950
	Bitmap Heap Scan on sbtest5  (cost=5.46..401.19 rows=100 width=125)
	  Recheck Cond: ((k >= 4363850) AND (k <= 4363950))
	  ->  Bitmap Index Scan on k_5  (cost=0.00..5.43 rows=100 width=0)
	        Index Cond: ((k >= 4363850) AND (k <= 4363950))

table 6 : explain SELECT k, c FROM sbtest6 WHERE k BETWEEN 4363850 AND 4363950
	Bitmap Heap Scan on sbtest6  (cost=5.44..393.31 rows=98 width=125)
	  Recheck Cond: ((k >= 4363850) AND (k <= 4363950))
	  ->  Bitmap Index Scan on k_6  (cost=0.00..5.42 rows=98 width=0)
	        Index Cond: ((k >= 4363850) AND (k <= 4363950))

table 7 : explain SELECT k, c FROM sbtest7 WHERE k BETWEEN 4363850 AND 4363950
	Bitmap Heap Scan on sbtest7  (cost=5.52..424.81 rows=106 width=125)
	  Recheck Cond: ((k >= 4363850) AND (k <= 4363950))
	  ->  Bitmap Index Scan on k_7  (cost=0.00..5.50 rows=106 width=0)
	        Index Cond: ((k >= 4363850) AND (k <= 4363950))

table 8 : explain SELECT k, c FROM sbtest8 WHERE k BETWEEN 4363850 AND 4363950
	Bitmap Heap Scan on sbtest8  (cost=5.45..397.25 rows=99 width=125)
	  Recheck Cond: ((k >= 4363850) AND (k <= 4363950))
	  ->  Bitmap Index Scan on k_8  (cost=0.00..5.42 rows=99 width=0)
	        Index Cond: ((k >= 4363850) AND (k <= 4363950))

for range-notcovered
table 1 : explain SELECT k, c FROM sbtest1 WHERE k BETWEEN 3029874 AND 3029974
	Bitmap Heap Scan on sbtest1  (cost=5.49..413.00 rows=103 width=125)
	  Recheck Cond: ((k >= 3029874) AND (k <= 3029974))
	  ->  Bitmap Index Scan on k_1  (cost=0.00..5.46 rows=103 width=0)
	        Index Cond: ((k >= 3029874) AND (k <= 3029974))

table 2 : explain SELECT k, c FROM sbtest2 WHERE k BETWEEN 3029874 AND 3029974
	Bitmap Heap Scan on sbtest2  (cost=5.42..385.43 rows=96 width=125)
	  Recheck Cond: ((k >= 3029874) AND (k <= 3029974))
	  ->  Bitmap Index Scan on k_2  (cost=0.00..5.39 rows=96 width=0)
	        Index Cond: ((k >= 3029874) AND (k <= 3029974))

table 3 : explain SELECT k, c FROM sbtest3 WHERE k BETWEEN 3029874 AND 3029974
	Bitmap Heap Scan on sbtest3  (cost=5.47..405.13 rows=101 width=125)
	  Recheck Cond: ((k >= 3029874) AND (k <= 3029974))
	  ->  Bitmap Index Scan on k_3  (cost=0.00..5.44 rows=101 width=0)
	        Index Cond: ((k >= 3029874) AND (k <= 3029974))

table 4 : explain SELECT k, c FROM sbtest4 WHERE k BETWEEN 3029874 AND 3029974
	Bitmap Heap Scan on sbtest4  (cost=5.56..440.56 rows=110 width=125)
	  Recheck Cond: ((k >= 3029874) AND (k <= 3029974))
	  ->  Bitmap Index Scan on k_4  (cost=0.00..5.53 rows=110 width=0)
	        Index Cond: ((k >= 3029874) AND (k <= 3029974))

table 5 : explain SELECT k, c FROM sbtest5 WHERE k BETWEEN 3029874 AND 3029974
	Bitmap Heap Scan on sbtest5  (cost=5.41..381.49 rows=95 width=125)
	  Recheck Cond: ((k >= 3029874) AND (k <= 3029974))
	  ->  Bitmap Index Scan on k_5  (cost=0.00..5.38 rows=95 width=0)
	        Index Cond: ((k >= 3029874) AND (k <= 3029974))

table 6 : explain SELECT k, c FROM sbtest6 WHERE k BETWEEN 3029874 AND 3029974
	Bitmap Heap Scan on sbtest6  (cost=5.43..389.37 rows=97 width=125)
	  Recheck Cond: ((k >= 3029874) AND (k <= 3029974))
	  ->  Bitmap Index Scan on k_6  (cost=0.00..5.40 rows=97 width=0)
	        Index Cond: ((k >= 3029874) AND (k <= 3029974))

table 7 : explain SELECT k, c FROM sbtest7 WHERE k BETWEEN 3029874 AND 3029974
	Bitmap Heap Scan on sbtest7  (cost=5.48..409.07 rows=102 width=125)
	  Recheck Cond: ((k >= 3029874) AND (k <= 3029974))
	  ->  Bitmap Index Scan on k_7  (cost=0.00..5.45 rows=102 width=0)
	        Index Cond: ((k >= 3029874) AND (k <= 3029974))

table 8 : explain SELECT k, c FROM sbtest8 WHERE k BETWEEN 3029874 AND 3029974
	Bitmap Heap Scan on sbtest8  (cost=5.42..385.43 rows=96 width=125)
	  Recheck Cond: ((k >= 3029874) AND (k <= 3029974))
	  ->  Bitmap Index Scan on k_8  (cost=0.00..5.39 rows=96 width=0)
	        Index Cond: ((k >= 3029874) AND (k <= 3029974))

explain: for range-notcovered :: explain SELECT k, c FROM sbtest%d WHERE k BETWEEN 4363850 AND 4363950
explain: for range-notcovered :: explain SELECT k, c FROM sbtest%d WHERE k BETWEEN 3029874 AND 3029974
for range-notcovered
table 1 : explain SELECT k, c FROM sbtest1 WHERE k BETWEEN 7327499 AND 7327599
	Bitmap Heap Scan on sbtest1  (cost=5.46..401.19 rows=100 width=125)
	  Recheck Cond: ((k >= 7327499) AND (k <= 7327599))
	  ->  Bitmap Index Scan on k_1  (cost=0.00..5.43 rows=100 width=0)
	        Index Cond: ((k >= 7327499) AND (k <= 7327599))

table 2 : explain SELECT k, c FROM sbtest2 WHERE k BETWEEN 7327499 AND 7327599
	Bitmap Heap Scan on sbtest2  (cost=5.53..428.75 rows=107 width=125)
	  Recheck Cond: ((k >= 7327499) AND (k <= 7327599))
	  ->  Bitmap Index Scan on k_2  (cost=0.00..5.50 rows=107 width=0)
	        Index Cond: ((k >= 7327499) AND (k <= 7327599))

table 3 : explain SELECT k, c FROM sbtest3 WHERE k BETWEEN 7327499 AND 7327599
	Bitmap Heap Scan on sbtest3  (cost=5.45..397.25 rows=99 width=125)
	  Recheck Cond: ((k >= 7327499) AND (k <= 7327599))
	  ->  Bitmap Index Scan on k_3  (cost=0.00..5.42 rows=99 width=0)
	        Index Cond: ((k >= 7327499) AND (k <= 7327599))

table 4 : explain SELECT k, c FROM sbtest4 WHERE k BETWEEN 7327499 AND 7327599
	Bitmap Heap Scan on sbtest4  (cost=5.45..397.25 rows=99 width=125)
	  Recheck Cond: ((k >= 7327499) AND (k <= 7327599))
	  ->  Bitmap Index Scan on k_4  (cost=0.00..5.42 rows=99 width=0)
	        Index Cond: ((k >= 7327499) AND (k <= 7327599))

table 5 : explain SELECT k, c FROM sbtest5 WHERE k BETWEEN 7327499 AND 7327599
	Bitmap Heap Scan on sbtest5  (cost=5.52..424.81 rows=106 width=125)
	  Recheck Cond: ((k >= 7327499) AND (k <= 7327599))
	  ->  Bitmap Index Scan on k_5  (cost=0.00..5.50 rows=106 width=0)
	        Index Cond: ((k >= 7327499) AND (k <= 7327599))

table 6 : explain SELECT k, c FROM sbtest6 WHERE k BETWEEN 7327499 AND 7327599
	Bitmap Heap Scan on sbtest6  (cost=5.60..456.29 rows=114 width=125)
	  Recheck Cond: ((k >= 7327499) AND (k <= 7327599))
	  ->  Bitmap Index Scan on k_6  (cost=0.00..5.58 rows=114 width=0)
	        Index Cond: ((k >= 7327499) AND (k <= 7327599))

table 7 : explain SELECT k, c FROM sbtest7 WHERE k BETWEEN 7327499 AND 7327599
	Bitmap Heap Scan on sbtest7  (cost=5.54..432.69 rows=108 width=125)
	  Recheck Cond: ((k >= 7327499) AND (k <= 7327599))
	  ->  Bitmap Index Scan on k_7  (cost=0.00..5.51 rows=108 width=0)
	        Index Cond: ((k >= 7327499) AND (k <= 7327599))

table 8 : explain SELECT k, c FROM sbtest8 WHERE k BETWEEN 7327499 AND 7327599
	Bitmap Heap Scan on sbtest8  (cost=5.46..401.19 rows=100 width=125)
	  Recheck Cond: ((k >= 7327499) AND (k <= 7327599))
	  ->  Bitmap Index Scan on k_8  (cost=0.00..5.43 rows=100 width=0)
	        Index Cond: ((k >= 7327499) AND (k <= 7327599))

explain: for range-notcovered :: explain SELECT k, c FROM sbtest%d WHERE k BETWEEN 7327499 AND 7327599
for range-notcovered
table 1 : explain SELECT k, c FROM sbtest1 WHERE k BETWEEN 3884273 AND 3884373
	Bitmap Heap Scan on sbtest1  (cost=5.45..397.25 rows=99 width=125)
	  Recheck Cond: ((k >= 3884273) AND (k <= 3884373))
	  ->  Bitmap Index Scan on k_1  (cost=0.00..5.42 rows=99 width=0)
	        Index Cond: ((k >= 3884273) AND (k <= 3884373))

table 2 : explain SELECT k, c FROM sbtest2 WHERE k BETWEEN 3884273 AND 3884373
	Bitmap Heap Scan on sbtest2  (cost=5.49..413.00 rows=103 width=125)
	  Recheck Cond: ((k >= 3884273) AND (k <= 3884373))
	  ->  Bitmap Index Scan on k_2  (cost=0.00..5.46 rows=103 width=0)
	        Index Cond: ((k >= 3884273) AND (k <= 3884373))

table 3 : explain SELECT k, c FROM sbtest3 WHERE k BETWEEN 3884273 AND 3884373
	Bitmap Heap Scan on sbtest3  (cost=5.48..409.07 rows=102 width=125)
	  Recheck Cond: ((k >= 3884273) AND (k <= 3884373))
	  ->  Bitmap Index Scan on k_3  (cost=0.00..5.45 rows=102 width=0)
	        Index Cond: ((k >= 3884273) AND (k <= 3884373))

table 4 : explain SELECT k, c FROM sbtest4 WHERE k BETWEEN 3884273 AND 3884373
	Bitmap Heap Scan on sbtest4  (cost=5.44..393.31 rows=98 width=125)
	  Recheck Cond: ((k >= 3884273) AND (k <= 3884373))
	  ->  Bitmap Index Scan on k_4  (cost=0.00..5.42 rows=98 width=0)
	        Index Cond: ((k >= 3884273) AND (k <= 3884373))

table 5 : explain SELECT k, c FROM sbtest5 WHERE k BETWEEN 3884273 AND 3884373
	Bitmap Heap Scan on sbtest5  (cost=5.48..409.07 rows=102 width=125)
	  Recheck Cond: ((k >= 3884273) AND (k <= 3884373))
	  ->  Bitmap Index Scan on k_5  (cost=0.00..5.45 rows=102 width=0)
	        Index Cond: ((k >= 3884273) AND (k <= 3884373))

table 6 : explain SELECT k, c FROM sbtest6 WHERE k BETWEEN 3884273 AND 3884373
	Bitmap Heap Scan on sbtest6  (cost=5.44..393.31 rows=98 width=125)
	  Recheck Cond: ((k >= 3884273) AND (k <= 3884373))
	  ->  Bitmap Index Scan on k_6  (cost=0.00..5.42 rows=98 width=0)
	        Index Cond: ((k >= 3884273) AND (k <= 3884373))

table 7 : explain SELECT k, c FROM sbtest7 WHERE k BETWEEN 3884273 AND 3884373
	Bitmap Heap Scan on sbtest7  (cost=5.55..436.62 rows=109 width=125)
	  Recheck Cond: ((k >= 3884273) AND (k <= 3884373))
	  ->  Bitmap Index Scan on k_7  (cost=0.00..5.52 rows=109 width=0)
	        Index Cond: ((k >= 3884273) AND (k <= 3884373))

table 8 : explain SELECT k, c FROM sbtest8 WHERE k BETWEEN 3884273 AND 3884373
	Bitmap Heap Scan on sbtest8  (cost=5.40..377.55 rows=94 width=125)
	  Recheck Cond: ((k >= 3884273) AND (k <= 3884373))
	  ->  Bitmap Index Scan on k_8  (cost=0.00..5.38 rows=94 width=0)
	        Index Cond: ((k >= 3884273) AND (k <= 3884373))

for range-notcovered
table 1 : explain SELECT k, c FROM sbtest1 WHERE k BETWEEN 9108581 AND 9108681
	Bitmap Heap Scan on sbtest1  (cost=5.59..452.36 rows=113 width=125)
	  Recheck Cond: ((k >= 9108581) AND (k <= 9108681))
	  ->  Bitmap Index Scan on k_1  (cost=0.00..5.56 rows=113 width=0)
	        Index Cond: ((k >= 9108581) AND (k <= 9108681))

table 2 : explain SELECT k, c FROM sbtest2 WHERE k BETWEEN 9108581 AND 9108681
	Bitmap Heap Scan on sbtest2  (cost=5.50..416.94 rows=104 width=125)
	  Recheck Cond: ((k >= 9108581) AND (k <= 9108681))
	  ->  Bitmap Index Scan on k_2  (cost=0.00..5.47 rows=104 width=0)
	        Index Cond: ((k >= 9108581) AND (k <= 9108681))

table 3 : explain SELECT k, c FROM sbtest3 WHERE k BETWEEN 9108581 AND 9108681
	Bitmap Heap Scan on sbtest3  (cost=5.46..401.19 rows=100 width=125)
	  Recheck Cond: ((k >= 9108581) AND (k <= 9108681))
	  ->  Bitmap Index Scan on k_3  (cost=0.00..5.43 rows=100 width=0)
	        Index Cond: ((k >= 9108581) AND (k <= 9108681))

table 4 : explain SELECT k, c FROM sbtest4 WHERE k BETWEEN 9108581 AND 9108681
	Bitmap Heap Scan on sbtest4  (cost=5.45..397.25 rows=99 width=125)
	  Recheck Cond: ((k >= 9108581) AND (k <= 9108681))
	  ->  Bitmap Index Scan on k_4  (cost=0.00..5.42 rows=99 width=0)
	        Index Cond: ((k >= 9108581) AND (k <= 9108681))

table 5 : explain SELECT k, c FROM sbtest5 WHERE k BETWEEN 9108581 AND 9108681
	Bitmap Heap Scan on sbtest5  (cost=5.52..424.81 rows=106 width=125)
	  Recheck Cond: ((k >= 9108581) AND (k <= 9108681))
	  ->  Bitmap Index Scan on k_5  (cost=0.00..5.50 rows=106 width=0)
	        Index Cond: ((k >= 9108581) AND (k <= 9108681))

table 6 : explain SELECT k, c FROM sbtest6 WHERE k BETWEEN 9108581 AND 9108681
	Bitmap Heap Scan on sbtest6  (cost=5.51..420.88 rows=105 width=125)
	  Recheck Cond: ((k >= 9108581) AND (k <= 9108681))
	  ->  Bitmap Index Scan on k_6  (cost=0.00..5.48 rows=105 width=0)
	        Index Cond: ((k >= 9108581) AND (k <= 9108681))

table 7 : explain SELECT k, c FROM sbtest7 WHERE k BETWEEN 9108581 AND 9108681
	Bitmap Heap Scan on sbtest7  (cost=5.40..377.55 rows=94 width=125)
	  Recheck Cond: ((k >= 9108581) AND (k <= 9108681))
	  ->  Bitmap Index Scan on k_7  (cost=0.00..5.38 rows=94 width=0)
	        Index Cond: ((k >= 9108581) AND (k <= 9108681))

table 8 : explain SELECT k, c FROM sbtest8 WHERE k BETWEEN 9108581 AND 9108681
	Bitmap Heap Scan on sbtest8  (cost=5.40..377.55 rows=94 width=125)
	  Recheck Cond: ((k >= 9108581) AND (k <= 9108681))
	  ->  Bitmap Index Scan on k_8  (cost=0.00..5.38 rows=94 width=0)
	        Index Cond: ((k >= 9108581) AND (k <= 9108681))

for range-notcovered
table 1 : explain SELECT k, c FROM sbtest1 WHERE k BETWEEN 4363850 AND 4363950
	Bitmap Heap Scan on sbtest1  (cost=5.41..381.49 rows=95 width=125)
	  Recheck Cond: ((k >= 4363850) AND (k <= 4363950))
	  ->  Bitmap Index Scan on k_1  (cost=0.00..5.38 rows=95 width=0)
	        Index Cond: ((k >= 4363850) AND (k <= 4363950))

table 2 : explain SELECT k, c FROM sbtest2 WHERE k BETWEEN 4363850 AND 4363950
	Bitmap Heap Scan on sbtest2  (cost=5.46..401.19 rows=100 width=125)
	  Recheck Cond: ((k >= 4363850) AND (k <= 4363950))
	  ->  Bitmap Index Scan on k_2  (cost=0.00..5.43 rows=100 width=0)
	        Index Cond: ((k >= 4363850) AND (k <= 4363950))

table 3 : explain SELECT k, c FROM sbtest3 WHERE k BETWEEN 4363850 AND 4363950
	Bitmap Heap Scan on sbtest3  (cost=5.45..397.25 rows=99 width=125)
	  Recheck Cond: ((k >= 4363850) AND (k <= 4363950))
	  ->  Bitmap Index Scan on k_3  (cost=0.00..5.42 rows=99 width=0)
	        Index Cond: ((k >= 4363850) AND (k <= 4363950))

table 4 : explain SELECT k, c FROM sbtest4 WHERE k BETWEEN 4363850 AND 4363950
	Bitmap Heap Scan on sbtest4  (cost=5.56..440.56 rows=110 width=125)
	  Recheck Cond: ((k >= 4363850) AND (k <= 4363950))
	  ->  Bitmap Index Scan on k_4  (cost=0.00..5.53 rows=110 width=0)
	        Index Cond: ((k >= 4363850) AND (k <= 4363950))

table 5 : explain SELECT k, c FROM sbtest5 WHERE k BETWEEN 4363850 AND 4363950
	Bitmap Heap Scan on sbtest5  (cost=5.46..401.19 rows=100 width=125)
	  Recheck Cond: ((k >= 4363850) AND (k <= 4363950))
	  ->  Bitmap Index Scan on k_5  (cost=0.00..5.43 rows=100 width=0)
	        Index Cond: ((k >= 4363850) AND (k <= 4363950))

table 6 : explain SELECT k, c FROM sbtest6 WHERE k BETWEEN 4363850 AND 4363950
	Bitmap Heap Scan on sbtest6  (cost=5.44..393.31 rows=98 width=125)
	  Recheck Cond: ((k >= 4363850) AND (k <= 4363950))
	  ->  Bitmap Index Scan on k_6  (cost=0.00..5.42 rows=98 width=0)
	        Index Cond: ((k >= 4363850) AND (k <= 4363950))

table 7 : explain SELECT k, c FROM sbtest7 WHERE k BETWEEN 4363850 AND 4363950
	Bitmap Heap Scan on sbtest7  (cost=5.52..424.81 rows=106 width=125)
	  Recheck Cond: ((k >= 4363850) AND (k <= 4363950))
	  ->  Bitmap Index Scan on k_7  (cost=0.00..5.50 rows=106 width=0)
	        Index Cond: ((k >= 4363850) AND (k <= 4363950))

table 8 : explain SELECT k, c FROM sbtest8 WHERE k BETWEEN 4363850 AND 4363950
	Bitmap Heap Scan on sbtest8  (cost=5.45..397.25 rows=99 width=125)
	  Recheck Cond: ((k >= 4363850) AND (k <= 4363950))
	  ->  Bitmap Index Scan on k_8  (cost=0.00..5.42 rows=99 width=0)
	        Index Cond: ((k >= 4363850) AND (k <= 4363950))

for range-notcovered
table 1 : explain SELECT k, c FROM sbtest1 WHERE k BETWEEN 3029874 AND 3029974
	Bitmap Heap Scan on sbtest1  (cost=5.49..413.00 rows=103 width=125)
	  Recheck Cond: ((k >= 3029874) AND (k <= 3029974))
	  ->  Bitmap Index Scan on k_1  (cost=0.00..5.46 rows=103 width=0)
	        Index Cond: ((k >= 3029874) AND (k <= 3029974))

table 2 : explain SELECT k, c FROM sbtest2 WHERE k BETWEEN 3029874 AND 3029974
	Bitmap Heap Scan on sbtest2  (cost=5.42..385.43 rows=96 width=125)
	  Recheck Cond: ((k >= 3029874) AND (k <= 3029974))
	  ->  Bitmap Index Scan on k_2  (cost=0.00..5.39 rows=96 width=0)
	        Index Cond: ((k >= 3029874) AND (k <= 3029974))

table 3 : explain SELECT k, c FROM sbtest3 WHERE k BETWEEN 3029874 AND 3029974
	Bitmap Heap Scan on sbtest3  (cost=5.47..405.13 rows=101 width=125)
	  Recheck Cond: ((k >= 3029874) AND (k <= 3029974))
	  ->  Bitmap Index Scan on k_3  (cost=0.00..5.44 rows=101 width=0)
	        Index Cond: ((k >= 3029874) AND (k <= 3029974))

table 4 : explain SELECT k, c FROM sbtest4 WHERE k BETWEEN 3029874 AND 3029974
	Bitmap Heap Scan on sbtest4  (cost=5.56..440.56 rows=110 width=125)
	  Recheck Cond: ((k >= 3029874) AND (k <= 3029974))
	  ->  Bitmap Index Scan on k_4  (cost=0.00..5.53 rows=110 width=0)
	        Index Cond: ((k >= 3029874) AND (k <= 3029974))

table 5 : explain SELECT k, c FROM sbtest5 WHERE k BETWEEN 3029874 AND 3029974
	Bitmap Heap Scan on sbtest5  (cost=5.41..381.49 rows=95 width=125)
	  Recheck Cond: ((k >= 3029874) AND (k <= 3029974))
	  ->  Bitmap Index Scan on k_5  (cost=0.00..5.38 rows=95 width=0)
	        Index Cond: ((k >= 3029874) AND (k <= 3029974))

table 6 : explain SELECT k, c FROM sbtest6 WHERE k BETWEEN 3029874 AND 3029974
	Bitmap Heap Scan on sbtest6  (cost=5.43..389.37 rows=97 width=125)
	  Recheck Cond: ((k >= 3029874) AND (k <= 3029974))
	  ->  Bitmap Index Scan on k_6  (cost=0.00..5.40 rows=97 width=0)
	        Index Cond: ((k >= 3029874) AND (k <= 3029974))

table 7 : explain SELECT k, c FROM sbtest7 WHERE k BETWEEN 3029874 AND 3029974
	Bitmap Heap Scan on sbtest7  (cost=5.48..409.07 rows=102 width=125)
	  Recheck Cond: ((k >= 3029874) AND (k <= 3029974))
	  ->  Bitmap Index Scan on k_7  (cost=0.00..5.45 rows=102 width=0)
	        Index Cond: ((k >= 3029874) AND (k <= 3029974))

table 8 : explain SELECT k, c FROM sbtest8 WHERE k BETWEEN 3029874 AND 3029974
	Bitmap Heap Scan on sbtest8  (cost=5.42..385.43 rows=96 width=125)
	  Recheck Cond: ((k >= 3029874) AND (k <= 3029974))
	  ->  Bitmap Index Scan on k_8  (cost=0.00..5.39 rows=96 width=0)
	        Index Cond: ((k >= 3029874) AND (k <= 3029974))

for range-notcovered
table 1 : explain SELECT k, c FROM sbtest1 WHERE k BETWEEN 4279811 AND 4279911
	Bitmap Heap Scan on sbtest1  (cost=5.41..381.49 rows=95 width=125)
	  Recheck Cond: ((k >= 4279811) AND (k <= 4279911))
	  ->  Bitmap Index Scan on k_1  (cost=0.00..5.38 rows=95 width=0)
	        Index Cond: ((k >= 4279811) AND (k <= 4279911))

table 2 : explain SELECT k, c FROM sbtest2 WHERE k BETWEEN 4279811 AND 4279911
	Bitmap Heap Scan on sbtest2  (cost=5.53..428.75 rows=107 width=125)
	  Recheck Cond: ((k >= 4279811) AND (k <= 4279911))
	  ->  Bitmap Index Scan on k_2  (cost=0.00..5.50 rows=107 width=0)
	        Index Cond: ((k >= 4279811) AND (k <= 4279911))

table 3 : explain SELECT k, c FROM sbtest3 WHERE k BETWEEN 4279811 AND 4279911
	Bitmap Heap Scan on sbtest3  (cost=5.45..397.25 rows=99 width=125)
	  Recheck Cond: ((k >= 4279811) AND (k <= 4279911))
	  ->  Bitmap Index Scan on k_3  (cost=0.00..5.42 rows=99 width=0)
	        Index Cond: ((k >= 4279811) AND (k <= 4279911))

table 4 : explain SELECT k, c FROM sbtest4 WHERE k BETWEEN 4279811 AND 4279911
	Bitmap Heap Scan on sbtest4  (cost=5.43..389.37 rows=97 width=125)
	  Recheck Cond: ((k >= 4279811) AND (k <= 4279911))
	  ->  Bitmap Index Scan on k_4  (cost=0.00..5.40 rows=97 width=0)
	        Index Cond: ((k >= 4279811) AND (k <= 4279911))

table 5 : explain SELECT k, c FROM sbtest5 WHERE k BETWEEN 4279811 AND 4279911
	Bitmap Heap Scan on sbtest5  (cost=5.40..377.55 rows=94 width=125)
	  Recheck Cond: ((k >= 4279811) AND (k <= 4279911))
	  ->  Bitmap Index Scan on k_5  (cost=0.00..5.38 rows=94 width=0)
	        Index Cond: ((k >= 4279811) AND (k <= 4279911))

table 6 : explain SELECT k, c FROM sbtest6 WHERE k BETWEEN 4279811 AND 4279911
	Bitmap Heap Scan on sbtest6  (cost=5.56..440.56 rows=110 width=125)
	  Recheck Cond: ((k >= 4279811) AND (k <= 4279911))
	  ->  Bitmap Index Scan on k_6  (cost=0.00..5.53 rows=110 width=0)
	        Index Cond: ((k >= 4279811) AND (k <= 4279911))

table 7 : explain SELECT k, c FROM sbtest7 WHERE k BETWEEN 4279811 AND 4279911
	Bitmap Heap Scan on sbtest7  (cost=5.53..428.75 rows=107 width=125)
	  Recheck Cond: ((k >= 4279811) AND (k <= 4279911))
	  ->  Bitmap Index Scan on k_7  (cost=0.00..5.50 rows=107 width=0)
	        Index Cond: ((k >= 4279811) AND (k <= 4279911))

table 8 : explain SELECT k, c FROM sbtest8 WHERE k BETWEEN 4279811 AND 4279911
	Bitmap Heap Scan on sbtest8  (cost=5.52..424.81 rows=106 width=125)
	  Recheck Cond: ((k >= 4279811) AND (k <= 4279911))
	  ->  Bitmap Index Scan on k_8  (cost=0.00..5.50 rows=106 width=0)
	        Index Cond: ((k >= 4279811) AND (k <= 4279911))

explain: for range-notcovered :: explain SELECT k, c FROM sbtest%d WHERE k BETWEEN 4363850 AND 4363950
explain: for range-notcovered :: explain SELECT k, c FROM sbtest%d WHERE k BETWEEN 3029874 AND 3029974
explain: for range-notcovered :: explain SELECT k, c FROM sbtest%d WHERE k BETWEEN 3884273 AND 3884373explain: for range-notcovered :: explain SELECT k, c FROM sbtest%d WHERE k BETWEEN 4279811 AND 4279911

for range-notcovered
table 1 : explain SELECT k, c FROM sbtest1 WHERE k BETWEEN 5391383 AND 5391483
	Bitmap Heap Scan on sbtest1  (cost=5.42..385.43 rows=96 width=125)
	  Recheck Cond: ((k >= 5391383) AND (k <= 5391483))
	  ->  Bitmap Index Scan on k_1  (cost=0.00..5.39 rows=96 width=0)
	        Index Cond: ((k >= 5391383) AND (k <= 5391483))

table 2 : explain SELECT k, c FROM sbtest2 WHERE k BETWEEN 5391383 AND 5391483
	Bitmap Heap Scan on sbtest2  (cost=5.51..420.88 rows=105 width=125)
	  Recheck Cond: ((k >= 5391383) AND (k <= 5391483))
	  ->  Bitmap Index Scan on k_2  (cost=0.00..5.48 rows=105 width=0)
	        Index Cond: ((k >= 5391383) AND (k <= 5391483))

table 3 : explain SELECT k, c FROM sbtest3 WHERE k BETWEEN 5391383 AND 5391483
	Bitmap Heap Scan on sbtest3  (cost=5.55..436.62 rows=109 width=125)
	  Recheck Cond: ((k >= 5391383) AND (k <= 5391483))
	  ->  Bitmap Index Scan on k_3  (cost=0.00..5.52 rows=109 width=0)
	        Index Cond: ((k >= 5391383) AND (k <= 5391483))

table 4 : explain SELECT k, c FROM sbtest4 WHERE k BETWEEN 5391383 AND 5391483
	Bitmap Heap Scan on sbtest4  (cost=5.47..405.13 rows=101 width=125)
	  Recheck Cond: ((k >= 5391383) AND (k <= 5391483))
	  ->  Bitmap Index Scan on k_4  (cost=0.00..5.44 rows=101 width=0)
	        Index Cond: ((k >= 5391383) AND (k <= 5391483))

table 5 : explain SELECT k, c FROM sbtest5 WHERE k BETWEEN 5391383 AND 5391483
	Bitmap Heap Scan on sbtest5  (cost=5.57..444.49 rows=111 width=125)
	  Recheck Cond: ((k >= 5391383) AND (k <= 5391483))
	  ->  Bitmap Index Scan on k_5  (cost=0.00..5.54 rows=111 width=0)
	        Index Cond: ((k >= 5391383) AND (k <= 5391483))

table 6 : explain SELECT k, c FROM sbtest6 WHERE k BETWEEN 5391383 AND 5391483
	Bitmap Heap Scan on sbtest6  (cost=5.50..416.94 rows=104 width=125)
	  Recheck Cond: ((k >= 5391383) AND (k <= 5391483))
	  ->  Bitmap Index Scan on k_6  (cost=0.00..5.47 rows=104 width=0)
	        Index Cond: ((k >= 5391383) AND (k <= 5391483))

table 7 : explain SELECT k, c FROM sbtest7 WHERE k BETWEEN 5391383 AND 5391483
	Bitmap Heap Scan on sbtest7  (cost=5.44..393.31 rows=98 width=125)
	  Recheck Cond: ((k >= 5391383) AND (k <= 5391483))
	  ->  Bitmap Index Scan on k_7  (cost=0.00..5.42 rows=98 width=0)
	        Index Cond: ((k >= 5391383) AND (k <= 5391483))

table 8 : explain SELECT k, c FROM sbtest8 WHERE k BETWEEN 5391383 AND 5391483
	Bitmap Heap Scan on sbtest8  (cost=5.45..397.25 rows=99 width=125)
	  Recheck Cond: ((k >= 5391383) AND (k <= 5391483))
	  ->  Bitmap Index Scan on k_8  (cost=0.00..5.42 rows=99 width=0)
	        Index Cond: ((k >= 5391383) AND (k <= 5391483))

for range-notcovered
table 1 : explain SELECT k, c FROM sbtest1 WHERE k BETWEEN 3029874 AND 3029974
	Bitmap Heap Scan on sbtest1  (cost=5.49..413.00 rows=103 width=125)
	  Recheck Cond: ((k >= 3029874) AND (k <= 3029974))
	  ->  Bitmap Index Scan on k_1  (cost=0.00..5.46 rows=103 width=0)
	        Index Cond: ((k >= 3029874) AND (k <= 3029974))

table 2 : explain SELECT k, c FROM sbtest2 WHERE k BETWEEN 3029874 AND 3029974
	Bitmap Heap Scan on sbtest2  (cost=5.42..385.43 rows=96 width=125)
	  Recheck Cond: ((k >= 3029874) AND (k <= 3029974))
	  ->  Bitmap Index Scan on k_2  (cost=0.00..5.39 rows=96 width=0)
	        Index Cond: ((k >= 3029874) AND (k <= 3029974))

table 3 : explain SELECT k, c FROM sbtest3 WHERE k BETWEEN 3029874 AND 3029974
	Bitmap Heap Scan on sbtest3  (cost=5.47..405.13 rows=101 width=125)
	  Recheck Cond: ((k >= 3029874) AND (k <= 3029974))
	  ->  Bitmap Index Scan on k_3  (cost=0.00..5.44 rows=101 width=0)
	        Index Cond: ((k >= 3029874) AND (k <= 3029974))

table 4 : explain SELECT k, c FROM sbtest4 WHERE k BETWEEN 3029874 AND 3029974
	Bitmap Heap Scan on sbtest4  (cost=5.56..440.56 rows=110 width=125)
	  Recheck Cond: ((k >= 3029874) AND (k <= 3029974))
	  ->  Bitmap Index Scan on k_4  (cost=0.00..5.53 rows=110 width=0)
	        Index Cond: ((k >= 3029874) AND (k <= 3029974))

table 5 : explain SELECT k, c FROM sbtest5 WHERE k BETWEEN 3029874 AND 3029974
	Bitmap Heap Scan on sbtest5  (cost=5.41..381.49 rows=95 width=125)
	  Recheck Cond: ((k >= 3029874) AND (k <= 3029974))
	  ->  Bitmap Index Scan on k_5  (cost=0.00..5.38 rows=95 width=0)
	        Index Cond: ((k >= 3029874) AND (k <= 3029974))

table 6 : explain SELECT k, c FROM sbtest6 WHERE k BETWEEN 3029874 AND 3029974
	Bitmap Heap Scan on sbtest6  (cost=5.43..389.37 rows=97 width=125)
	  Recheck Cond: ((k >= 3029874) AND (k <= 3029974))
	  ->  Bitmap Index Scan on k_6  (cost=0.00..5.40 rows=97 width=0)
	        Index Cond: ((k >= 3029874) AND (k <= 3029974))

table 7 : explain SELECT k, c FROM sbtest7 WHERE k BETWEEN 3029874 AND 3029974
	Bitmap Heap Scan on sbtest7  (cost=5.48..409.07 rows=102 width=125)
	  Recheck Cond: ((k >= 3029874) AND (k <= 3029974))
	  ->  Bitmap Index Scan on k_7  (cost=0.00..5.45 rows=102 width=0)
	        Index Cond: ((k >= 3029874) AND (k <= 3029974))

table 8 : explain SELECT k, c FROM sbtest8 WHERE k BETWEEN 3029874 AND 3029974
	Bitmap Heap Scan on sbtest8  (cost=5.42..385.43 rows=96 width=125)
	  Recheck Cond: ((k >= 3029874) AND (k <= 3029974))
	  ->  Bitmap Index Scan on k_8  (cost=0.00..5.39 rows=96 width=0)
	        Index Cond: ((k >= 3029874) AND (k <= 3029974))

for range-notcovered
table 1 : explain SELECT k, c FROM sbtest1 WHERE k BETWEEN 4279811 AND 4279911
	Bitmap Heap Scan on sbtest1  (cost=5.41..381.49 rows=95 width=125)
	  Recheck Cond: ((k >= 4279811) AND (k <= 4279911))
	  ->  Bitmap Index Scan on k_1  (cost=0.00..5.38 rows=95 width=0)
	        Index Cond: ((k >= 4279811) AND (k <= 4279911))

table 2 : explain SELECT k, c FROM sbtest2 WHERE k BETWEEN 4279811 AND 4279911
	Bitmap Heap Scan on sbtest2  (cost=5.53..428.75 rows=107 width=125)
	  Recheck Cond: ((k >= 4279811) AND (k <= 4279911))
	  ->  Bitmap Index Scan on k_2  (cost=0.00..5.50 rows=107 width=0)
	        Index Cond: ((k >= 4279811) AND (k <= 4279911))

table 3 : explain SELECT k, c FROM sbtest3 WHERE k BETWEEN 4279811 AND 4279911
	Bitmap Heap Scan on sbtest3  (cost=5.45..397.25 rows=99 width=125)
	  Recheck Cond: ((k >= 4279811) AND (k <= 4279911))
	  ->  Bitmap Index Scan on k_3  (cost=0.00..5.42 rows=99 width=0)
	        Index Cond: ((k >= 4279811) AND (k <= 4279911))

table 4 : explain SELECT k, c FROM sbtest4 WHERE k BETWEEN 4279811 AND 4279911
	Bitmap Heap Scan on sbtest4  (cost=5.43..389.37 rows=97 width=125)
	  Recheck Cond: ((k >= 4279811) AND (k <= 4279911))
	  ->  Bitmap Index Scan on k_4  (cost=0.00..5.40 rows=97 width=0)
	        Index Cond: ((k >= 4279811) AND (k <= 4279911))

table 5 : explain SELECT k, c FROM sbtest5 WHERE k BETWEEN 4279811 AND 4279911
	Bitmap Heap Scan on sbtest5  (cost=5.40..377.55 rows=94 width=125)
	  Recheck Cond: ((k >= 4279811) AND (k <= 4279911))
	  ->  Bitmap Index Scan on k_5  (cost=0.00..5.38 rows=94 width=0)
	        Index Cond: ((k >= 4279811) AND (k <= 4279911))

table 6 : explain SELECT k, c FROM sbtest6 WHERE k BETWEEN 4279811 AND 4279911
	Bitmap Heap Scan on sbtest6  (cost=5.56..440.56 rows=110 width=125)
	  Recheck Cond: ((k >= 4279811) AND (k <= 4279911))
	  ->  Bitmap Index Scan on k_6  (cost=0.00..5.53 rows=110 width=0)
	        Index Cond: ((k >= 4279811) AND (k <= 4279911))

table 7 : explain SELECT k, c FROM sbtest7 WHERE k BETWEEN 4279811 AND 4279911
	Bitmap Heap Scan on sbtest7  (cost=5.53..428.75 rows=107 width=125)
	  Recheck Cond: ((k >= 4279811) AND (k <= 4279911))
	  ->  Bitmap Index Scan on k_7  (cost=0.00..5.50 rows=107 width=0)
	        Index Cond: ((k >= 4279811) AND (k <= 4279911))

table 8 : explain SELECT k, c FROM sbtest8 WHERE k BETWEEN 4279811 AND 4279911
	Bitmap Heap Scan on sbtest8  (cost=5.52..424.81 rows=106 width=125)
	  Recheck Cond: ((k >= 4279811) AND (k <= 4279911))
	  ->  Bitmap Index Scan on k_8  (cost=0.00..5.50 rows=106 width=0)
	        Index Cond: ((k >= 4279811) AND (k <= 4279911))

explain: for range-notcovered :: explain SELECT k, c FROM sbtest%d WHERE k BETWEEN 5391383 AND 5391483
for range-notcovered
table 1 : explain SELECT k, c FROM sbtest1 WHERE k BETWEEN 4363850 AND 4363950
	Bitmap Heap Scan on sbtest1  (cost=5.41..381.49 rows=95 width=125)
	  Recheck Cond: ((k >= 4363850) AND (k <= 4363950))
	  ->  Bitmap Index Scan on k_1  (cost=0.00..5.38 rows=95 width=0)
	        Index Cond: ((k >= 4363850) AND (k <= 4363950))

table 2 : explain SELECT k, c FROM sbtest2 WHERE k BETWEEN 4363850 AND 4363950
	Bitmap Heap Scan on sbtest2  (cost=5.46..401.19 rows=100 width=125)
	  Recheck Cond: ((k >= 4363850) AND (k <= 4363950))
	  ->  Bitmap Index Scan on k_2  (cost=0.00..5.43 rows=100 width=0)
	        Index Cond: ((k >= 4363850) AND (k <= 4363950))

table 3 : explain SELECT k, c FROM sbtest3 WHERE k BETWEEN 4363850 AND 4363950
	Bitmap Heap Scan on sbtest3  (cost=5.45..397.25 rows=99 width=125)
	  Recheck Cond: ((k >= 4363850) AND (k <= 4363950))
	  ->  Bitmap Index Scan on k_3  (cost=0.00..5.42 rows=99 width=0)
	        Index Cond: ((k >= 4363850) AND (k <= 4363950))

table 4 : explain SELECT k, c FROM sbtest4 WHERE k BETWEEN 4363850 AND 4363950
	Bitmap Heap Scan on sbtest4  (cost=5.56..440.56 rows=110 width=125)
	  Recheck Cond: ((k >= 4363850) AND (k <= 4363950))
	  ->  Bitmap Index Scan on k_4  (cost=0.00..5.53 rows=110 width=0)
	        Index Cond: ((k >= 4363850) AND (k <= 4363950))

table 5 : explain SELECT k, c FROM sbtest5 WHERE k BETWEEN 4363850 AND 4363950
	Bitmap Heap Scan on sbtest5  (cost=5.46..401.19 rows=100 width=125)
	  Recheck Cond: ((k >= 4363850) AND (k <= 4363950))
	  ->  Bitmap Index Scan on k_5  (cost=0.00..5.43 rows=100 width=0)
	        Index Cond: ((k >= 4363850) AND (k <= 4363950))

table 6 : explain SELECT k, c FROM sbtest6 WHERE k BETWEEN 4363850 AND 4363950
	Bitmap Heap Scan on sbtest6  (cost=5.44..393.31 rows=98 width=125)
	  Recheck Cond: ((k >= 4363850) AND (k <= 4363950))
	  ->  Bitmap Index Scan on k_6  (cost=0.00..5.42 rows=98 width=0)
	        Index Cond: ((k >= 4363850) AND (k <= 4363950))

table 7 : explain SELECT k, c FROM sbtest7 WHERE k BETWEEN 4363850 AND 4363950
	Bitmap Heap Scan on sbtest7  (cost=5.52..424.81 rows=106 width=125)
	  Recheck Cond: ((k >= 4363850) AND (k <= 4363950))
	  ->  Bitmap Index Scan on k_7  (cost=0.00..5.50 rows=106 width=0)
	        Index Cond: ((k >= 4363850) AND (k <= 4363950))

table 8 : explain SELECT k, c FROM sbtest8 WHERE k BETWEEN 4363850 AND 4363950
	Bitmap Heap Scan on sbtest8  (cost=5.45..397.25 rows=99 width=125)
	  Recheck Cond: ((k >= 4363850) AND (k <= 4363950))
	  ->  Bitmap Index Scan on k_8  (cost=0.00..5.42 rows=99 width=0)
	        Index Cond: ((k >= 4363850) AND (k <= 4363950))

explain: for range-notcovered :: explain SELECT k, c FROM sbtest%d WHERE k BETWEEN 4279811 AND 4279911
for range-notcovered
table 1 : explain SELECT k, c FROM sbtest1 WHERE k BETWEEN 7192324 AND 7192424
	Bitmap Heap Scan on sbtest1  (cost=5.45..397.25 rows=99 width=125)
	  Recheck Cond: ((k >= 7192324) AND (k <= 7192424))
	  ->  Bitmap Index Scan on k_1  (cost=0.00..5.42 rows=99 width=0)
	        Index Cond: ((k >= 7192324) AND (k <= 7192424))

table 2 : explain SELECT k, c FROM sbtest2 WHERE k BETWEEN 7192324 AND 7192424
	Bitmap Heap Scan on sbtest2  (cost=5.46..401.19 rows=100 width=125)
	  Recheck Cond: ((k >= 7192324) AND (k <= 7192424))
	  ->  Bitmap Index Scan on k_2  (cost=0.00..5.43 rows=100 width=0)
	        Index Cond: ((k >= 7192324) AND (k <= 7192424))

table 3 : explain SELECT k, c FROM sbtest3 WHERE k BETWEEN 7192324 AND 7192424
	Bitmap Heap Scan on sbtest3  (cost=5.42..385.43 rows=96 width=125)
	  Recheck Cond: ((k >= 7192324) AND (k <= 7192424))
	  ->  Bitmap Index Scan on k_3  (cost=0.00..5.39 rows=96 width=0)
	        Index Cond: ((k >= 7192324) AND (k <= 7192424))

table 4 : explain SELECT k, c FROM sbtest4 WHERE k BETWEEN 7192324 AND 7192424
	Bitmap Heap Scan on sbtest4  (cost=5.54..432.69 rows=108 width=125)
	  Recheck Cond: ((k >= 7192324) AND (k <= 7192424))
	  ->  Bitmap Index Scan on k_4  (cost=0.00..5.51 rows=108 width=0)
	        Index Cond: ((k >= 7192324) AND (k <= 7192424))

table 5 : explain SELECT k, c FROM sbtest5 WHERE k BETWEEN 7192324 AND 7192424
	Bitmap Heap Scan on sbtest5  (cost=5.47..405.13 rows=101 width=125)
	  Recheck Cond: ((k >= 7192324) AND (k <= 7192424))
	  ->  Bitmap Index Scan on k_5  (cost=0.00..5.44 rows=101 width=0)
	        Index Cond: ((k >= 7192324) AND (k <= 7192424))

table 6 : explain SELECT k, c FROM sbtest6 WHERE k BETWEEN 7192324 AND 7192424
	Bitmap Heap Scan on sbtest6  (cost=5.55..436.62 rows=109 width=125)
	  Recheck Cond: ((k >= 7192324) AND (k <= 7192424))
	  ->  Bitmap Index Scan on k_6  (cost=0.00..5.52 rows=109 width=0)
	        Index Cond: ((k >= 7192324) AND (k <= 7192424))

table 7 : explain SELECT k, c FROM sbtest7 WHERE k BETWEEN 7192324 AND 7192424
	Bitmap Heap Scan on sbtest7  (cost=5.46..401.19 rows=100 width=125)
	  Recheck Cond: ((k >= 7192324) AND (k <= 7192424))
	  ->  Bitmap Index Scan on k_7  (cost=0.00..5.43 rows=100 width=0)
	        Index Cond: ((k >= 7192324) AND (k <= 7192424))

table 8 : explain SELECT k, c FROM sbtest8 WHERE k BETWEEN 7192324 AND 7192424
	Bitmap Heap Scan on sbtest8  (cost=5.52..424.81 rows=106 width=125)
	  Recheck Cond: ((k >= 7192324) AND (k <= 7192424))
	  ->  Bitmap Index Scan on k_8  (cost=0.00..5.50 rows=106 width=0)
	        Index Cond: ((k >= 7192324) AND (k <= 7192424))

for range-notcovered
table 1 : explain SELECT k, c FROM sbtest1 WHERE k BETWEEN 2892885 AND 2892985
	Bitmap Heap Scan on sbtest1  (cost=5.54..432.69 rows=108 width=125)
	  Recheck Cond: ((k >= 2892885) AND (k <= 2892985))
	  ->  Bitmap Index Scan on k_1  (cost=0.00..5.51 rows=108 width=0)
	        Index Cond: ((k >= 2892885) AND (k <= 2892985))

table 2 : explain SELECT k, c FROM sbtest2 WHERE k BETWEEN 2892885 AND 2892985
	Bitmap Heap Scan on sbtest2  (cost=5.56..440.56 rows=110 width=125)
	  Recheck Cond: ((k >= 2892885) AND (k <= 2892985))
	  ->  Bitmap Index Scan on k_2  (cost=0.00..5.53 rows=110 width=0)
	        Index Cond: ((k >= 2892885) AND (k <= 2892985))

table 3 : explain SELECT k, c FROM sbtest3 WHERE k BETWEEN 2892885 AND 2892985
	Bitmap Heap Scan on sbtest3  (cost=5.61..460.22 rows=115 width=125)
	  Recheck Cond: ((k >= 2892885) AND (k <= 2892985))
	  ->  Bitmap Index Scan on k_3  (cost=0.00..5.58 rows=115 width=0)
	        Index Cond: ((k >= 2892885) AND (k <= 2892985))

table 4 : explain SELECT k, c FROM sbtest4 WHERE k BETWEEN 2892885 AND 2892985
	Bitmap Heap Scan on sbtest4  (cost=5.47..405.13 rows=101 width=125)
	  Recheck Cond: ((k >= 2892885) AND (k <= 2892985))
	  ->  Bitmap Index Scan on k_4  (cost=0.00..5.44 rows=101 width=0)
	        Index Cond: ((k >= 2892885) AND (k <= 2892985))

table 5 : explain SELECT k, c FROM sbtest5 WHERE k BETWEEN 2892885 AND 2892985
	Bitmap Heap Scan on sbtest5  (cost=5.48..409.07 rows=102 width=125)
	  Recheck Cond: ((k >= 2892885) AND (k <= 2892985))
	  ->  Bitmap Index Scan on k_5  (cost=0.00..5.45 rows=102 width=0)
	        Index Cond: ((k >= 2892885) AND (k <= 2892985))

table 6 : explain SELECT k, c FROM sbtest6 WHERE k BETWEEN 2892885 AND 2892985
	Bitmap Heap Scan on sbtest6  (cost=5.44..393.31 rows=98 width=125)
	  Recheck Cond: ((k >= 2892885) AND (k <= 2892985))
	  ->  Bitmap Index Scan on k_6  (cost=0.00..5.42 rows=98 width=0)
	        Index Cond: ((k >= 2892885) AND (k <= 2892985))

table 7 : explain SELECT k, c FROM sbtest7 WHERE k BETWEEN 2892885 AND 2892985
	Bitmap Heap Scan on sbtest7  (cost=5.46..401.19 rows=100 width=125)
	  Recheck Cond: ((k >= 2892885) AND (k <= 2892985))
	  ->  Bitmap Index Scan on k_7  (cost=0.00..5.43 rows=100 width=0)
	        Index Cond: ((k >= 2892885) AND (k <= 2892985))

table 8 : explain SELECT k, c FROM sbtest8 WHERE k BETWEEN 2892885 AND 2892985
	Bitmap Heap Scan on sbtest8  (cost=5.47..405.13 rows=101 width=125)
	  Recheck Cond: ((k >= 2892885) AND (k <= 2892985))
	  ->  Bitmap Index Scan on k_8  (cost=0.00..5.44 rows=101 width=0)
	        Index Cond: ((k >= 2892885) AND (k <= 2892985))

explain: for range-notcovered :: explain SELECT k, c FROM sbtest%d WHERE k BETWEEN 7192324 AND 7192424
explain: for range-notcovered :: explain SELECT k, c FROM sbtest%d WHERE k BETWEEN 2892885 AND 2892985
for range-notcovered
table 1 : explain SELECT k, c FROM sbtest1 WHERE k BETWEEN 7327499 AND 7327599
	Bitmap Heap Scan on sbtest1  (cost=5.46..401.19 rows=100 width=125)
	  Recheck Cond: ((k >= 7327499) AND (k <= 7327599))
	  ->  Bitmap Index Scan on k_1  (cost=0.00..5.43 rows=100 width=0)
	        Index Cond: ((k >= 7327499) AND (k <= 7327599))

table 2 : explain SELECT k, c FROM sbtest2 WHERE k BETWEEN 7327499 AND 7327599
	Bitmap Heap Scan on sbtest2  (cost=5.53..428.75 rows=107 width=125)
	  Recheck Cond: ((k >= 7327499) AND (k <= 7327599))
	  ->  Bitmap Index Scan on k_2  (cost=0.00..5.50 rows=107 width=0)
	        Index Cond: ((k >= 7327499) AND (k <= 7327599))

table 3 : explain SELECT k, c FROM sbtest3 WHERE k BETWEEN 7327499 AND 7327599
	Bitmap Heap Scan on sbtest3  (cost=5.45..397.25 rows=99 width=125)
	  Recheck Cond: ((k >= 7327499) AND (k <= 7327599))
	  ->  Bitmap Index Scan on k_3  (cost=0.00..5.42 rows=99 width=0)
	        Index Cond: ((k >= 7327499) AND (k <= 7327599))

table 4 : explain SELECT k, c FROM sbtest4 WHERE k BETWEEN 7327499 AND 7327599
	Bitmap Heap Scan on sbtest4  (cost=5.45..397.25 rows=99 width=125)
	  Recheck Cond: ((k >= 7327499) AND (k <= 7327599))
	  ->  Bitmap Index Scan on k_4  (cost=0.00..5.42 rows=99 width=0)
	        Index Cond: ((k >= 7327499) AND (k <= 7327599))

table 5 : explain SELECT k, c FROM sbtest5 WHERE k BETWEEN 7327499 AND 7327599
	Bitmap Heap Scan on sbtest5  (cost=5.52..424.81 rows=106 width=125)
	  Recheck Cond: ((k >= 7327499) AND (k <= 7327599))
	  ->  Bitmap Index Scan on k_5  (cost=0.00..5.50 rows=106 width=0)
	        Index Cond: ((k >= 7327499) AND (k <= 7327599))

table 6 : explain SELECT k, c FROM sbtest6 WHERE k BETWEEN 7327499 AND 7327599
	Bitmap Heap Scan on sbtest6  (cost=5.60..456.29 rows=114 width=125)
	  Recheck Cond: ((k >= 7327499) AND (k <= 7327599))
	  ->  Bitmap Index Scan on k_6  (cost=0.00..5.58 rows=114 width=0)
	        Index Cond: ((k >= 7327499) AND (k <= 7327599))

table 7 : explain SELECT k, c FROM sbtest7 WHERE k BETWEEN 7327499 AND 7327599
	Bitmap Heap Scan on sbtest7  (cost=5.54..432.69 rows=108 width=125)
	  Recheck Cond: ((k >= 7327499) AND (k <= 7327599))
	  ->  Bitmap Index Scan on k_7  (cost=0.00..5.51 rows=108 width=0)
	        Index Cond: ((k >= 7327499) AND (k <= 7327599))

table 8 : explain SELECT k, c FROM sbtest8 WHERE k BETWEEN 7327499 AND 7327599
	Bitmap Heap Scan on sbtest8  (cost=5.46..401.19 rows=100 width=125)
	  Recheck Cond: ((k >= 7327499) AND (k <= 7327599))
	  ->  Bitmap Index Scan on k_8  (cost=0.00..5.43 rows=100 width=0)
	        Index Cond: ((k >= 7327499) AND (k <= 7327599))

for range-notcovered
table 1 : explain SELECT k, c FROM sbtest1 WHERE k BETWEEN 5391383 AND 5391483
	Bitmap Heap Scan on sbtest1  (cost=5.42..385.43 rows=96 width=125)
	  Recheck Cond: ((k >= 5391383) AND (k <= 5391483))
	  ->  Bitmap Index Scan on k_1  (cost=0.00..5.39 rows=96 width=0)
	        Index Cond: ((k >= 5391383) AND (k <= 5391483))

table 2 : explain SELECT k, c FROM sbtest2 WHERE k BETWEEN 5391383 AND 5391483
	Bitmap Heap Scan on sbtest2  (cost=5.51..420.88 rows=105 width=125)
	  Recheck Cond: ((k >= 5391383) AND (k <= 5391483))
	  ->  Bitmap Index Scan on k_2  (cost=0.00..5.48 rows=105 width=0)
	        Index Cond: ((k >= 5391383) AND (k <= 5391483))

table 3 : explain SELECT k, c FROM sbtest3 WHERE k BETWEEN 5391383 AND 5391483
	Bitmap Heap Scan on sbtest3  (cost=5.55..436.62 rows=109 width=125)
	  Recheck Cond: ((k >= 5391383) AND (k <= 5391483))
	  ->  Bitmap Index Scan on k_3  (cost=0.00..5.52 rows=109 width=0)
	        Index Cond: ((k >= 5391383) AND (k <= 5391483))

table 4 : explain SELECT k, c FROM sbtest4 WHERE k BETWEEN 5391383 AND 5391483
	Bitmap Heap Scan on sbtest4  (cost=5.47..405.13 rows=101 width=125)
	  Recheck Cond: ((k >= 5391383) AND (k <= 5391483))
	  ->  Bitmap Index Scan on k_4  (cost=0.00..5.44 rows=101 width=0)
	        Index Cond: ((k >= 5391383) AND (k <= 5391483))

table 5 : explain SELECT k, c FROM sbtest5 WHERE k BETWEEN 5391383 AND 5391483
	Bitmap Heap Scan on sbtest5  (cost=5.57..444.49 rows=111 width=125)
	  Recheck Cond: ((k >= 5391383) AND (k <= 5391483))
	  ->  Bitmap Index Scan on k_5  (cost=0.00..5.54 rows=111 width=0)
	        Index Cond: ((k >= 5391383) AND (k <= 5391483))

table 6 : explain SELECT k, c FROM sbtest6 WHERE k BETWEEN 5391383 AND 5391483
	Bitmap Heap Scan on sbtest6  (cost=5.50..416.94 rows=104 width=125)
	  Recheck Cond: ((k >= 5391383) AND (k <= 5391483))
	  ->  Bitmap Index Scan on k_6  (cost=0.00..5.47 rows=104 width=0)
	        Index Cond: ((k >= 5391383) AND (k <= 5391483))

table 7 : explain SELECT k, c FROM sbtest7 WHERE k BETWEEN 5391383 AND 5391483
	Bitmap Heap Scan on sbtest7  (cost=5.44..393.31 rows=98 width=125)
	  Recheck Cond: ((k >= 5391383) AND (k <= 5391483))
	  ->  Bitmap Index Scan on k_7  (cost=0.00..5.42 rows=98 width=0)
	        Index Cond: ((k >= 5391383) AND (k <= 5391483))

table 8 : explain SELECT k, c FROM sbtest8 WHERE k BETWEEN 5391383 AND 5391483
	Bitmap Heap Scan on sbtest8  (cost=5.45..397.25 rows=99 width=125)
	  Recheck Cond: ((k >= 5391383) AND (k <= 5391483))
	  ->  Bitmap Index Scan on k_8  (cost=0.00..5.42 rows=99 width=0)
	        Index Cond: ((k >= 5391383) AND (k <= 5391483))

for range-notcovered
table 1 : explain SELECT k, c FROM sbtest1 WHERE k BETWEEN 4279811 AND 4279911
	Bitmap Heap Scan on sbtest1  (cost=5.41..381.49 rows=95 width=125)
	  Recheck Cond: ((k >= 4279811) AND (k <= 4279911))
	  ->  Bitmap Index Scan on k_1  (cost=0.00..5.38 rows=95 width=0)
	        Index Cond: ((k >= 4279811) AND (k <= 4279911))

table 2 : explain SELECT k, c FROM sbtest2 WHERE k BETWEEN 4279811 AND 4279911
	Bitmap Heap Scan on sbtest2  (cost=5.53..428.75 rows=107 width=125)
	  Recheck Cond: ((k >= 4279811) AND (k <= 4279911))
	  ->  Bitmap Index Scan on k_2  (cost=0.00..5.50 rows=107 width=0)
	        Index Cond: ((k >= 4279811) AND (k <= 4279911))

table 3 : explain SELECT k, c FROM sbtest3 WHERE k BETWEEN 4279811 AND 4279911
	Bitmap Heap Scan on sbtest3  (cost=5.45..397.25 rows=99 width=125)
	  Recheck Cond: ((k >= 4279811) AND (k <= 4279911))
	  ->  Bitmap Index Scan on k_3  (cost=0.00..5.42 rows=99 width=0)
	        Index Cond: ((k >= 4279811) AND (k <= 4279911))

table 4 : explain SELECT k, c FROM sbtest4 WHERE k BETWEEN 4279811 AND 4279911
	Bitmap Heap Scan on sbtest4  (cost=5.43..389.37 rows=97 width=125)
	  Recheck Cond: ((k >= 4279811) AND (k <= 4279911))
	  ->  Bitmap Index Scan on k_4  (cost=0.00..5.40 rows=97 width=0)
	        Index Cond: ((k >= 4279811) AND (k <= 4279911))

table 5 : explain SELECT k, c FROM sbtest5 WHERE k BETWEEN 4279811 AND 4279911
	Bitmap Heap Scan on sbtest5  (cost=5.40..377.55 rows=94 width=125)
	  Recheck Cond: ((k >= 4279811) AND (k <= 4279911))
	  ->  Bitmap Index Scan on k_5  (cost=0.00..5.38 rows=94 width=0)
	        Index Cond: ((k >= 4279811) AND (k <= 4279911))

table 6 : explain SELECT k, c FROM sbtest6 WHERE k BETWEEN 4279811 AND 4279911
	Bitmap Heap Scan on sbtest6  (cost=5.56..440.56 rows=110 width=125)
	  Recheck Cond: ((k >= 4279811) AND (k <= 4279911))
	  ->  Bitmap Index Scan on k_6  (cost=0.00..5.53 rows=110 width=0)
	        Index Cond: ((k >= 4279811) AND (k <= 4279911))

table 7 : explain SELECT k, c FROM sbtest7 WHERE k BETWEEN 4279811 AND 4279911
	Bitmap Heap Scan on sbtest7  (cost=5.53..428.75 rows=107 width=125)
	  Recheck Cond: ((k >= 4279811) AND (k <= 4279911))
	  ->  Bitmap Index Scan on k_7  (cost=0.00..5.50 rows=107 width=0)
	        Index Cond: ((k >= 4279811) AND (k <= 4279911))

table 8 : explain SELECT k, c FROM sbtest8 WHERE k BETWEEN 4279811 AND 4279911
	Bitmap Heap Scan on sbtest8  (cost=5.52..424.81 rows=106 width=125)
	  Recheck Cond: ((k >= 4279811) AND (k <= 4279911))
	  ->  Bitmap Index Scan on k_8  (cost=0.00..5.50 rows=106 width=0)
	        Index Cond: ((k >= 4279811) AND (k <= 4279911))

explain: for range-notcovered :: explain SELECT k, c FROM sbtest%d WHERE k BETWEEN 7327499 AND 7327599
for range-notcovered
table 1 : explain SELECT k, c FROM sbtest1 WHERE k BETWEEN 1621720 AND 1621820
	Bitmap Heap Scan on sbtest1  (cost=5.61..460.22 rows=115 width=125)
	  Recheck Cond: ((k >= 1621720) AND (k <= 1621820))
	  ->  Bitmap Index Scan on k_1  (cost=0.00..5.58 rows=115 width=0)
	        Index Cond: ((k >= 1621720) AND (k <= 1621820))

table 2 : explain SELECT k, c FROM sbtest2 WHERE k BETWEEN 1621720 AND 1621820
	Bitmap Heap Scan on sbtest2  (cost=5.48..409.07 rows=102 width=125)
	  Recheck Cond: ((k >= 1621720) AND (k <= 1621820))
	  ->  Bitmap Index Scan on k_2  (cost=0.00..5.45 rows=102 width=0)
	        Index Cond: ((k >= 1621720) AND (k <= 1621820))

table 3 : explain SELECT k, c FROM sbtest3 WHERE k BETWEEN 1621720 AND 1621820
	Bitmap Heap Scan on sbtest3  (cost=5.49..413.00 rows=103 width=125)
	  Recheck Cond: ((k >= 1621720) AND (k <= 1621820))
	  ->  Bitmap Index Scan on k_3  (cost=0.00..5.46 rows=103 width=0)
	        Index Cond: ((k >= 1621720) AND (k <= 1621820))

table 4 : explain SELECT k, c FROM sbtest4 WHERE k BETWEEN 1621720 AND 1621820
	Bitmap Heap Scan on sbtest4  (cost=5.37..365.72 rows=91 width=125)
	  Recheck Cond: ((k >= 1621720) AND (k <= 1621820))
	  ->  Bitmap Index Scan on k_4  (cost=0.00..5.34 rows=91 width=0)
	        Index Cond: ((k >= 1621720) AND (k <= 1621820))

table 5 : explain SELECT k, c FROM sbtest5 WHERE k BETWEEN 1621720 AND 1621820
	Bitmap Heap Scan on sbtest5  (cost=5.49..413.00 rows=103 width=125)
	  Recheck Cond: ((k >= 1621720) AND (k <= 1621820))
	  ->  Bitmap Index Scan on k_5  (cost=0.00..5.46 rows=103 width=0)
	        Index Cond: ((k >= 1621720) AND (k <= 1621820))

table 6 : explain SELECT k, c FROM sbtest6 WHERE k BETWEEN 1621720 AND 1621820
	Bitmap Heap Scan on sbtest6  (cost=5.43..389.37 rows=97 width=125)
	  Recheck Cond: ((k >= 1621720) AND (k <= 1621820))
	  ->  Bitmap Index Scan on k_6  (cost=0.00..5.40 rows=97 width=0)
	        Index Cond: ((k >= 1621720) AND (k <= 1621820))

table 7 : explain SELECT k, c FROM sbtest7 WHERE k BETWEEN 1621720 AND 1621820
	Bitmap Heap Scan on sbtest7  (cost=5.54..432.69 rows=108 width=125)
	  Recheck Cond: ((k >= 1621720) AND (k <= 1621820))
	  ->  Bitmap Index Scan on k_7  (cost=0.00..5.51 rows=108 width=0)
	        Index Cond: ((k >= 1621720) AND (k <= 1621820))

table 8 : explain SELECT k, c FROM sbtest8 WHERE k BETWEEN 1621720 AND 1621820
	Bitmap Heap Scan on sbtest8  (cost=5.43..389.37 rows=97 width=125)
	  Recheck Cond: ((k >= 1621720) AND (k <= 1621820))
	  ->  Bitmap Index Scan on k_8  (cost=0.00..5.40 rows=97 width=0)
	        Index Cond: ((k >= 1621720) AND (k <= 1621820))

explain: for range-notcovered :: explain SELECT k, c FROM sbtest%d WHERE k BETWEEN 1621720 AND 1621820
explain: for range-notcovered :: explain SELECT k, c FROM sbtest%d WHERE k BETWEEN 5391383 AND 5391483
for range-notcovered
table 1 : explain SELECT k, c FROM sbtest1 WHERE k BETWEEN 2892885 AND 2892985
	Bitmap Heap Scan on sbtest1  (cost=5.54..432.69 rows=108 width=125)
	  Recheck Cond: ((k >= 2892885) AND (k <= 2892985))
	  ->  Bitmap Index Scan on k_1  (cost=0.00..5.51 rows=108 width=0)
	        Index Cond: ((k >= 2892885) AND (k <= 2892985))

table 2 : explain SELECT k, c FROM sbtest2 WHERE k BETWEEN 2892885 AND 2892985
	Bitmap Heap Scan on sbtest2  (cost=5.56..440.56 rows=110 width=125)
	  Recheck Cond: ((k >= 2892885) AND (k <= 2892985))
	  ->  Bitmap Index Scan on k_2  (cost=0.00..5.53 rows=110 width=0)
	        Index Cond: ((k >= 2892885) AND (k <= 2892985))

table 3 : explain SELECT k, c FROM sbtest3 WHERE k BETWEEN 2892885 AND 2892985
	Bitmap Heap Scan on sbtest3  (cost=5.61..460.22 rows=115 width=125)
	  Recheck Cond: ((k >= 2892885) AND (k <= 2892985))
	  ->  Bitmap Index Scan on k_3  (cost=0.00..5.58 rows=115 width=0)
	        Index Cond: ((k >= 2892885) AND (k <= 2892985))

table 4 : explain SELECT k, c FROM sbtest4 WHERE k BETWEEN 2892885 AND 2892985
	Bitmap Heap Scan on sbtest4  (cost=5.47..405.13 rows=101 width=125)
	  Recheck Cond: ((k >= 2892885) AND (k <= 2892985))
	  ->  Bitmap Index Scan on k_4  (cost=0.00..5.44 rows=101 width=0)
	        Index Cond: ((k >= 2892885) AND (k <= 2892985))

table 5 : explain SELECT k, c FROM sbtest5 WHERE k BETWEEN 2892885 AND 2892985
	Bitmap Heap Scan on sbtest5  (cost=5.48..409.07 rows=102 width=125)
	  Recheck Cond: ((k >= 2892885) AND (k <= 2892985))
	  ->  Bitmap Index Scan on k_5  (cost=0.00..5.45 rows=102 width=0)
	        Index Cond: ((k >= 2892885) AND (k <= 2892985))

table 6 : explain SELECT k, c FROM sbtest6 WHERE k BETWEEN 2892885 AND 2892985
	Bitmap Heap Scan on sbtest6  (cost=5.44..393.31 rows=98 width=125)
	  Recheck Cond: ((k >= 2892885) AND (k <= 2892985))
	  ->  Bitmap Index Scan on k_6  (cost=0.00..5.42 rows=98 width=0)
	        Index Cond: ((k >= 2892885) AND (k <= 2892985))

table 7 : explain SELECT k, c FROM sbtest7 WHERE k BETWEEN 2892885 AND 2892985
	Bitmap Heap Scan on sbtest7  (cost=5.46..401.19 rows=100 width=125)
	  Recheck Cond: ((k >= 2892885) AND (k <= 2892985))
	  ->  Bitmap Index Scan on k_7  (cost=0.00..5.43 rows=100 width=0)
	        Index Cond: ((k >= 2892885) AND (k <= 2892985))

table 8 : explain SELECT k, c FROM sbtest8 WHERE k BETWEEN 2892885 AND 2892985
	Bitmap Heap Scan on sbtest8  (cost=5.47..405.13 rows=101 width=125)
	  Recheck Cond: ((k >= 2892885) AND (k <= 2892985))
	  ->  Bitmap Index Scan on k_8  (cost=0.00..5.44 rows=101 width=0)
	        Index Cond: ((k >= 2892885) AND (k <= 2892985))

for range-notcovered
table 1 : explain SELECT k, c FROM sbtest1 WHERE k BETWEEN 8267954 AND 8268054
	Bitmap Heap Scan on sbtest1  (cost=5.50..416.94 rows=104 width=125)
	  Recheck Cond: ((k >= 8267954) AND (k <= 8268054))
	  ->  Bitmap Index Scan on k_1  (cost=0.00..5.47 rows=104 width=0)
	        Index Cond: ((k >= 8267954) AND (k <= 8268054))

table 2 : explain SELECT k, c FROM sbtest2 WHERE k BETWEEN 8267954 AND 8268054
	Bitmap Heap Scan on sbtest2  (cost=5.54..432.69 rows=108 width=125)
	  Recheck Cond: ((k >= 8267954) AND (k <= 8268054))
	  ->  Bitmap Index Scan on k_2  (cost=0.00..5.51 rows=108 width=0)
	        Index Cond: ((k >= 8267954) AND (k <= 8268054))

table 3 : explain SELECT k, c FROM sbtest3 WHERE k BETWEEN 8267954 AND 8268054
	Bitmap Heap Scan on sbtest3  (cost=5.47..405.13 rows=101 width=125)
	  Recheck Cond: ((k >= 8267954) AND (k <= 8268054))
	  ->  Bitmap Index Scan on k_3  (cost=0.00..5.44 rows=101 width=0)
	        Index Cond: ((k >= 8267954) AND (k <= 8268054))

table 4 : explain SELECT k, c FROM sbtest4 WHERE k BETWEEN 8267954 AND 8268054
	Bitmap Heap Scan on sbtest4  (cost=5.43..389.37 rows=97 width=125)
	  Recheck Cond: ((k >= 8267954) AND (k <= 8268054))
	  ->  Bitmap Index Scan on k_4  (cost=0.00..5.40 rows=97 width=0)
	        Index Cond: ((k >= 8267954) AND (k <= 8268054))

table 5 : explain SELECT k, c FROM sbtest5 WHERE k BETWEEN 8267954 AND 8268054
	Bitmap Heap Scan on sbtest5  (cost=5.52..424.81 rows=106 width=125)
	  Recheck Cond: ((k >= 8267954) AND (k <= 8268054))
	  ->  Bitmap Index Scan on k_5  (cost=0.00..5.50 rows=106 width=0)
	        Index Cond: ((k >= 8267954) AND (k <= 8268054))

table 6 : explain SELECT k, c FROM sbtest6 WHERE k BETWEEN 8267954 AND 8268054
	Bitmap Heap Scan on sbtest6  (cost=5.55..436.62 rows=109 width=125)
	  Recheck Cond: ((k >= 8267954) AND (k <= 8268054))
	  ->  Bitmap Index Scan on k_6  (cost=0.00..5.52 rows=109 width=0)
	        Index Cond: ((k >= 8267954) AND (k <= 8268054))

table 7 : explain SELECT k, c FROM sbtest7 WHERE k BETWEEN 8267954 AND 8268054
	Bitmap Heap Scan on sbtest7  (cost=5.49..413.00 rows=103 width=125)
	  Recheck Cond: ((k >= 8267954) AND (k <= 8268054))
	  ->  Bitmap Index Scan on k_7  (cost=0.00..5.46 rows=103 width=0)
	        Index Cond: ((k >= 8267954) AND (k <= 8268054))

table 8 : explain SELECT k, c FROM sbtest8 WHERE k BETWEEN 8267954 AND 8268054
	Bitmap Heap Scan on sbtest8  (cost=5.41..381.49 rows=95 width=125)
	  Recheck Cond: ((k >= 8267954) AND (k <= 8268054))
	  ->  Bitmap Index Scan on k_8  (cost=0.00..5.38 rows=95 width=0)
	        Index Cond: ((k >= 8267954) AND (k <= 8268054))

explain: for range-notcovered :: explain SELECT k, c FROM sbtest%d WHERE k BETWEEN 2892885 AND 2892985
explain: for range-notcovered :: explain SELECT k, c FROM sbtest%d WHERE k BETWEEN 4363850 AND 4363950
for range-notcovered
table 1 : explain SELECT k, c FROM sbtest1 WHERE k BETWEEN 7192324 AND 7192424
	Bitmap Heap Scan on sbtest1  (cost=5.45..397.25 rows=99 width=125)
	  Recheck Cond: ((k >= 7192324) AND (k <= 7192424))
	  ->  Bitmap Index Scan on k_1  (cost=0.00..5.42 rows=99 width=0)
	        Index Cond: ((k >= 7192324) AND (k <= 7192424))

table 2 : explain SELECT k, c FROM sbtest2 WHERE k BETWEEN 7192324 AND 7192424
	Bitmap Heap Scan on sbtest2  (cost=5.46..401.19 rows=100 width=125)
	  Recheck Cond: ((k >= 7192324) AND (k <= 7192424))
	  ->  Bitmap Index Scan on k_2  (cost=0.00..5.43 rows=100 width=0)
	        Index Cond: ((k >= 7192324) AND (k <= 7192424))

table 3 : explain SELECT k, c FROM sbtest3 WHERE k BETWEEN 7192324 AND 7192424
	Bitmap Heap Scan on sbtest3  (cost=5.42..385.43 rows=96 width=125)
	  Recheck Cond: ((k >= 7192324) AND (k <= 7192424))
	  ->  Bitmap Index Scan on k_3  (cost=0.00..5.39 rows=96 width=0)
	        Index Cond: ((k >= 7192324) AND (k <= 7192424))

table 4 : explain SELECT k, c FROM sbtest4 WHERE k BETWEEN 7192324 AND 7192424
	Bitmap Heap Scan on sbtest4  (cost=5.54..432.69 rows=108 width=125)
	  Recheck Cond: ((k >= 7192324) AND (k <= 7192424))
	  ->  Bitmap Index Scan on k_4  (cost=0.00..5.51 rows=108 width=0)
	        Index Cond: ((k >= 7192324) AND (k <= 7192424))

table 5 : explain SELECT k, c FROM sbtest5 WHERE k BETWEEN 7192324 AND 7192424
	Bitmap Heap Scan on sbtest5  (cost=5.47..405.13 rows=101 width=125)
	  Recheck Cond: ((k >= 7192324) AND (k <= 7192424))
	  ->  Bitmap Index Scan on k_5  (cost=0.00..5.44 rows=101 width=0)
	        Index Cond: ((k >= 7192324) AND (k <= 7192424))

table 6 : explain SELECT k, c FROM sbtest6 WHERE k BETWEEN 7192324 AND 7192424
	Bitmap Heap Scan on sbtest6  (cost=5.55..436.62 rows=109 width=125)
	  Recheck Cond: ((k >= 7192324) AND (k <= 7192424))
	  ->  Bitmap Index Scan on k_6  (cost=0.00..5.52 rows=109 width=0)
	        Index Cond: ((k >= 7192324) AND (k <= 7192424))

table 7 : explain SELECT k, c FROM sbtest7 WHERE k BETWEEN 7192324 AND 7192424
	Bitmap Heap Scan on sbtest7  (cost=5.46..401.19 rows=100 width=125)
	  Recheck Cond: ((k >= 7192324) AND (k <= 7192424))
	  ->  Bitmap Index Scan on k_7  (cost=0.00..5.43 rows=100 width=0)
	        Index Cond: ((k >= 7192324) AND (k <= 7192424))

table 8 : explain SELECT k, c FROM sbtest8 WHERE k BETWEEN 7192324 AND 7192424
	Bitmap Heap Scan on sbtest8  (cost=5.52..424.81 rows=106 width=125)
	  Recheck Cond: ((k >= 7192324) AND (k <= 7192424))
	  ->  Bitmap Index Scan on k_8  (cost=0.00..5.50 rows=106 width=0)
	        Index Cond: ((k >= 7192324) AND (k <= 7192424))

explain: for range-notcovered :: explain SELECT k, c FROM sbtest%d WHERE k BETWEEN 4279811 AND 4279911
explain: for range-notcovered :: explain SELECT k, c FROM sbtest%d WHERE k BETWEEN 8267954 AND 8268054
explain: for range-notcovered :: explain SELECT k, c FROM sbtest%d WHERE k BETWEEN 7192324 AND 7192424
for range-notcovered
table 1 : explain SELECT k, c FROM sbtest1 WHERE k BETWEEN 7327499 AND 7327599
	Bitmap Heap Scan on sbtest1  (cost=5.46..401.19 rows=100 width=125)
	  Recheck Cond: ((k >= 7327499) AND (k <= 7327599))
	  ->  Bitmap Index Scan on k_1  (cost=0.00..5.43 rows=100 width=0)
	        Index Cond: ((k >= 7327499) AND (k <= 7327599))

table 2 : explain SELECT k, c FROM sbtest2 WHERE k BETWEEN 7327499 AND 7327599
	Bitmap Heap Scan on sbtest2  (cost=5.53..428.75 rows=107 width=125)
	  Recheck Cond: ((k >= 7327499) AND (k <= 7327599))
	  ->  Bitmap Index Scan on k_2  (cost=0.00..5.50 rows=107 width=0)
	        Index Cond: ((k >= 7327499) AND (k <= 7327599))

table 3 : explain SELECT k, c FROM sbtest3 WHERE k BETWEEN 7327499 AND 7327599
	Bitmap Heap Scan on sbtest3  (cost=5.45..397.25 rows=99 width=125)
	  Recheck Cond: ((k >= 7327499) AND (k <= 7327599))
	  ->  Bitmap Index Scan on k_3  (cost=0.00..5.42 rows=99 width=0)
	        Index Cond: ((k >= 7327499) AND (k <= 7327599))

table 4 : explain SELECT k, c FROM sbtest4 WHERE k BETWEEN 7327499 AND 7327599
	Bitmap Heap Scan on sbtest4  (cost=5.45..397.25 rows=99 width=125)
	  Recheck Cond: ((k >= 7327499) AND (k <= 7327599))
	  ->  Bitmap Index Scan on k_4  (cost=0.00..5.42 rows=99 width=0)
	        Index Cond: ((k >= 7327499) AND (k <= 7327599))

table 5 : explain SELECT k, c FROM sbtest5 WHERE k BETWEEN 7327499 AND 7327599
	Bitmap Heap Scan on sbtest5  (cost=5.52..424.81 rows=106 width=125)
	  Recheck Cond: ((k >= 7327499) AND (k <= 7327599))
	  ->  Bitmap Index Scan on k_5  (cost=0.00..5.50 rows=106 width=0)
	        Index Cond: ((k >= 7327499) AND (k <= 7327599))

table 6 : explain SELECT k, c FROM sbtest6 WHERE k BETWEEN 7327499 AND 7327599
	Bitmap Heap Scan on sbtest6  (cost=5.60..456.29 rows=114 width=125)
	  Recheck Cond: ((k >= 7327499) AND (k <= 7327599))
	  ->  Bitmap Index Scan on k_6  (cost=0.00..5.58 rows=114 width=0)
	        Index Cond: ((k >= 7327499) AND (k <= 7327599))

table 7 : explain SELECT k, c FROM sbtest7 WHERE k BETWEEN 7327499 AND 7327599
	Bitmap Heap Scan on sbtest7  (cost=5.54..432.69 rows=108 width=125)
	  Recheck Cond: ((k >= 7327499) AND (k <= 7327599))
	  ->  Bitmap Index Scan on k_7  (cost=0.00..5.51 rows=108 width=0)
	        Index Cond: ((k >= 7327499) AND (k <= 7327599))

table 8 : explain SELECT k, c FROM sbtest8 WHERE k BETWEEN 7327499 AND 7327599
	Bitmap Heap Scan on sbtest8  (cost=5.46..401.19 rows=100 width=125)
	  Recheck Cond: ((k >= 7327499) AND (k <= 7327599))
	  ->  Bitmap Index Scan on k_8  (cost=0.00..5.43 rows=100 width=0)
	        Index Cond: ((k >= 7327499) AND (k <= 7327599))

explain: for range-notcovered :: explain SELECT k, c FROM sbtest%d WHERE k BETWEEN 7327499 AND 7327599
for range-notcovered
table 1 : explain SELECT k, c FROM sbtest1 WHERE k BETWEEN 1621720 AND 1621820
	Bitmap Heap Scan on sbtest1  (cost=5.61..460.22 rows=115 width=125)
	  Recheck Cond: ((k >= 1621720) AND (k <= 1621820))
	  ->  Bitmap Index Scan on k_1  (cost=0.00..5.58 rows=115 width=0)
	        Index Cond: ((k >= 1621720) AND (k <= 1621820))

table 2 : explain SELECT k, c FROM sbtest2 WHERE k BETWEEN 1621720 AND 1621820
	Bitmap Heap Scan on sbtest2  (cost=5.48..409.07 rows=102 width=125)
	  Recheck Cond: ((k >= 1621720) AND (k <= 1621820))
	  ->  Bitmap Index Scan on k_2  (cost=0.00..5.45 rows=102 width=0)
	        Index Cond: ((k >= 1621720) AND (k <= 1621820))

table 3 : explain SELECT k, c FROM sbtest3 WHERE k BETWEEN 1621720 AND 1621820
	Bitmap Heap Scan on sbtest3  (cost=5.49..413.00 rows=103 width=125)
	  Recheck Cond: ((k >= 1621720) AND (k <= 1621820))
	  ->  Bitmap Index Scan on k_3  (cost=0.00..5.46 rows=103 width=0)
	        Index Cond: ((k >= 1621720) AND (k <= 1621820))

table 4 : explain SELECT k, c FROM sbtest4 WHERE k BETWEEN 1621720 AND 1621820
	Bitmap Heap Scan on sbtest4  (cost=5.37..365.72 rows=91 width=125)
	  Recheck Cond: ((k >= 1621720) AND (k <= 1621820))
	  ->  Bitmap Index Scan on k_4  (cost=0.00..5.34 rows=91 width=0)
	        Index Cond: ((k >= 1621720) AND (k <= 1621820))

table 5 : explain SELECT k, c FROM sbtest5 WHERE k BETWEEN 1621720 AND 1621820
	Bitmap Heap Scan on sbtest5  (cost=5.49..413.00 rows=103 width=125)
	  Recheck Cond: ((k >= 1621720) AND (k <= 1621820))
	  ->  Bitmap Index Scan on k_5  (cost=0.00..5.46 rows=103 width=0)
	        Index Cond: ((k >= 1621720) AND (k <= 1621820))

table 6 : explain SELECT k, c FROM sbtest6 WHERE k BETWEEN 1621720 AND 1621820
	Bitmap Heap Scan on sbtest6  (cost=5.43..389.37 rows=97 width=125)
	  Recheck Cond: ((k >= 1621720) AND (k <= 1621820))
	  ->  Bitmap Index Scan on k_6  (cost=0.00..5.40 rows=97 width=0)
	        Index Cond: ((k >= 1621720) AND (k <= 1621820))

table 7 : explain SELECT k, c FROM sbtest7 WHERE k BETWEEN 1621720 AND 1621820
	Bitmap Heap Scan on sbtest7  (cost=5.54..432.69 rows=108 width=125)
	  Recheck Cond: ((k >= 1621720) AND (k <= 1621820))
	  ->  Bitmap Index Scan on k_7  (cost=0.00..5.51 rows=108 width=0)
	        Index Cond: ((k >= 1621720) AND (k <= 1621820))

table 8 : explain SELECT k, c FROM sbtest8 WHERE k BETWEEN 1621720 AND 1621820
	Bitmap Heap Scan on sbtest8  (cost=5.43..389.37 rows=97 width=125)
	  Recheck Cond: ((k >= 1621720) AND (k <= 1621820))
	  ->  Bitmap Index Scan on k_8  (cost=0.00..5.40 rows=97 width=0)
	        Index Cond: ((k >= 1621720) AND (k <= 1621820))

explain: for range-notcovered :: explain SELECT k, c FROM sbtest%d WHERE k BETWEEN 1621720 AND 1621820
for range-notcovered
table 1 : explain SELECT k, c FROM sbtest1 WHERE k BETWEEN 5391383 AND 5391483
	Bitmap Heap Scan on sbtest1  (cost=5.42..385.43 rows=96 width=125)
	  Recheck Cond: ((k >= 5391383) AND (k <= 5391483))
	  ->  Bitmap Index Scan on k_1  (cost=0.00..5.39 rows=96 width=0)
	        Index Cond: ((k >= 5391383) AND (k <= 5391483))

table 2 : explain SELECT k, c FROM sbtest2 WHERE k BETWEEN 5391383 AND 5391483
	Bitmap Heap Scan on sbtest2  (cost=5.51..420.88 rows=105 width=125)
	  Recheck Cond: ((k >= 5391383) AND (k <= 5391483))
	  ->  Bitmap Index Scan on k_2  (cost=0.00..5.48 rows=105 width=0)
	        Index Cond: ((k >= 5391383) AND (k <= 5391483))

table 3 : explain SELECT k, c FROM sbtest3 WHERE k BETWEEN 5391383 AND 5391483
	Bitmap Heap Scan on sbtest3  (cost=5.55..436.62 rows=109 width=125)
	  Recheck Cond: ((k >= 5391383) AND (k <= 5391483))
	  ->  Bitmap Index Scan on k_3  (cost=0.00..5.52 rows=109 width=0)
	        Index Cond: ((k >= 5391383) AND (k <= 5391483))

table 4 : explain SELECT k, c FROM sbtest4 WHERE k BETWEEN 5391383 AND 5391483
	Bitmap Heap Scan on sbtest4  (cost=5.47..405.13 rows=101 width=125)
	  Recheck Cond: ((k >= 5391383) AND (k <= 5391483))
	  ->  Bitmap Index Scan on k_4  (cost=0.00..5.44 rows=101 width=0)
	        Index Cond: ((k >= 5391383) AND (k <= 5391483))

table 5 : explain SELECT k, c FROM sbtest5 WHERE k BETWEEN 5391383 AND 5391483
	Bitmap Heap Scan on sbtest5  (cost=5.57..444.49 rows=111 width=125)
	  Recheck Cond: ((k >= 5391383) AND (k <= 5391483))
	  ->  Bitmap Index Scan on k_5  (cost=0.00..5.54 rows=111 width=0)
	        Index Cond: ((k >= 5391383) AND (k <= 5391483))

table 6 : explain SELECT k, c FROM sbtest6 WHERE k BETWEEN 5391383 AND 5391483
	Bitmap Heap Scan on sbtest6  (cost=5.50..416.94 rows=104 width=125)
	  Recheck Cond: ((k >= 5391383) AND (k <= 5391483))
	  ->  Bitmap Index Scan on k_6  (cost=0.00..5.47 rows=104 width=0)
	        Index Cond: ((k >= 5391383) AND (k <= 5391483))

table 7 : explain SELECT k, c FROM sbtest7 WHERE k BETWEEN 5391383 AND 5391483
	Bitmap Heap Scan on sbtest7  (cost=5.44..393.31 rows=98 width=125)
	  Recheck Cond: ((k >= 5391383) AND (k <= 5391483))
	  ->  Bitmap Index Scan on k_7  (cost=0.00..5.42 rows=98 width=0)
	        Index Cond: ((k >= 5391383) AND (k <= 5391483))

table 8 : explain SELECT k, c FROM sbtest8 WHERE k BETWEEN 5391383 AND 5391483
	Bitmap Heap Scan on sbtest8  (cost=5.45..397.25 rows=99 width=125)
	  Recheck Cond: ((k >= 5391383) AND (k <= 5391483))
	  ->  Bitmap Index Scan on k_8  (cost=0.00..5.42 rows=99 width=0)
	        Index Cond: ((k >= 5391383) AND (k <= 5391483))

explain: for range-notcovered :: explain SELECT k, c FROM sbtest%d WHERE k BETWEEN 3029874 AND 3029974
for range-notcovered
table 1 : explain SELECT k, c FROM sbtest1 WHERE k BETWEEN 4279811 AND 4279911
	Bitmap Heap Scan on sbtest1  (cost=5.41..381.49 rows=95 width=125)
	  Recheck Cond: ((k >= 4279811) AND (k <= 4279911))
	  ->  Bitmap Index Scan on k_1  (cost=0.00..5.38 rows=95 width=0)
	        Index Cond: ((k >= 4279811) AND (k <= 4279911))

table 2 : explain SELECT k, c FROM sbtest2 WHERE k BETWEEN 4279811 AND 4279911
	Bitmap Heap Scan on sbtest2  (cost=5.53..428.75 rows=107 width=125)
	  Recheck Cond: ((k >= 4279811) AND (k <= 4279911))
	  ->  Bitmap Index Scan on k_2  (cost=0.00..5.50 rows=107 width=0)
	        Index Cond: ((k >= 4279811) AND (k <= 4279911))

table 3 : explain SELECT k, c FROM sbtest3 WHERE k BETWEEN 4279811 AND 4279911
	Bitmap Heap Scan on sbtest3  (cost=5.45..397.25 rows=99 width=125)
	  Recheck Cond: ((k >= 4279811) AND (k <= 4279911))
	  ->  Bitmap Index Scan on k_3  (cost=0.00..5.42 rows=99 width=0)
	        Index Cond: ((k >= 4279811) AND (k <= 4279911))

table 4 : explain SELECT k, c FROM sbtest4 WHERE k BETWEEN 4279811 AND 4279911
	Bitmap Heap Scan on sbtest4  (cost=5.43..389.37 rows=97 width=125)
	  Recheck Cond: ((k >= 4279811) AND (k <= 4279911))
	  ->  Bitmap Index Scan on k_4  (cost=0.00..5.40 rows=97 width=0)
	        Index Cond: ((k >= 4279811) AND (k <= 4279911))

table 5 : explain SELECT k, c FROM sbtest5 WHERE k BETWEEN 4279811 AND 4279911
	Bitmap Heap Scan on sbtest5  (cost=5.40..377.55 rows=94 width=125)
	  Recheck Cond: ((k >= 4279811) AND (k <= 4279911))
	  ->  Bitmap Index Scan on k_5  (cost=0.00..5.38 rows=94 width=0)
	        Index Cond: ((k >= 4279811) AND (k <= 4279911))

table 6 : explain SELECT k, c FROM sbtest6 WHERE k BETWEEN 4279811 AND 4279911
	Bitmap Heap Scan on sbtest6  (cost=5.56..440.56 rows=110 width=125)
	  Recheck Cond: ((k >= 4279811) AND (k <= 4279911))
	  ->  Bitmap Index Scan on k_6  (cost=0.00..5.53 rows=110 width=0)
	        Index Cond: ((k >= 4279811) AND (k <= 4279911))

table 7 : explain SELECT k, c FROM sbtest7 WHERE k BETWEEN 4279811 AND 4279911
	Bitmap Heap Scan on sbtest7  (cost=5.53..428.75 rows=107 width=125)
	  Recheck Cond: ((k >= 4279811) AND (k <= 4279911))
	  ->  Bitmap Index Scan on k_7  (cost=0.00..5.50 rows=107 width=0)
	        Index Cond: ((k >= 4279811) AND (k <= 4279911))

table 8 : explain SELECT k, c FROM sbtest8 WHERE k BETWEEN 4279811 AND 4279911
	Bitmap Heap Scan on sbtest8  (cost=5.52..424.81 rows=106 width=125)
	  Recheck Cond: ((k >= 4279811) AND (k <= 4279911))
	  ->  Bitmap Index Scan on k_8  (cost=0.00..5.50 rows=106 width=0)
	        Index Cond: ((k >= 4279811) AND (k <= 4279911))

for range-notcovered
table 1 : explain SELECT k, c FROM sbtest1 WHERE k BETWEEN 7192324 AND 7192424
	Bitmap Heap Scan on sbtest1  (cost=5.45..397.25 rows=99 width=125)
	  Recheck Cond: ((k >= 7192324) AND (k <= 7192424))
	  ->  Bitmap Index Scan on k_1  (cost=0.00..5.42 rows=99 width=0)
	        Index Cond: ((k >= 7192324) AND (k <= 7192424))

table 2 : explain SELECT k, c FROM sbtest2 WHERE k BETWEEN 7192324 AND 7192424
	Bitmap Heap Scan on sbtest2  (cost=5.46..401.19 rows=100 width=125)
	  Recheck Cond: ((k >= 7192324) AND (k <= 7192424))
	  ->  Bitmap Index Scan on k_2  (cost=0.00..5.43 rows=100 width=0)
	        Index Cond: ((k >= 7192324) AND (k <= 7192424))

table 3 : explain SELECT k, c FROM sbtest3 WHERE k BETWEEN 7192324 AND 7192424
	Bitmap Heap Scan on sbtest3  (cost=5.42..385.43 rows=96 width=125)
	  Recheck Cond: ((k >= 7192324) AND (k <= 7192424))
	  ->  Bitmap Index Scan on k_3  (cost=0.00..5.39 rows=96 width=0)
	        Index Cond: ((k >= 7192324) AND (k <= 7192424))

table 4 : explain SELECT k, c FROM sbtest4 WHERE k BETWEEN 7192324 AND 7192424
	Bitmap Heap Scan on sbtest4  (cost=5.54..432.69 rows=108 width=125)
	  Recheck Cond: ((k >= 7192324) AND (k <= 7192424))
	  ->  Bitmap Index Scan on k_4  (cost=0.00..5.51 rows=108 width=0)
	        Index Cond: ((k >= 7192324) AND (k <= 7192424))

table 5 : explain SELECT k, c FROM sbtest5 WHERE k BETWEEN 7192324 AND 7192424
	Bitmap Heap Scan on sbtest5  (cost=5.47..405.13 rows=101 width=125)
	  Recheck Cond: ((k >= 7192324) AND (k <= 7192424))
	  ->  Bitmap Index Scan on k_5  (cost=0.00..5.44 rows=101 width=0)
	        Index Cond: ((k >= 7192324) AND (k <= 7192424))

table 6 : explain SELECT k, c FROM sbtest6 WHERE k BETWEEN 7192324 AND 7192424
	Bitmap Heap Scan on sbtest6  (cost=5.55..436.62 rows=109 width=125)
	  Recheck Cond: ((k >= 7192324) AND (k <= 7192424))
	  ->  Bitmap Index Scan on k_6  (cost=0.00..5.52 rows=109 width=0)
	        Index Cond: ((k >= 7192324) AND (k <= 7192424))

table 7 : explain SELECT k, c FROM sbtest7 WHERE k BETWEEN 7192324 AND 7192424
	Bitmap Heap Scan on sbtest7  (cost=5.46..401.19 rows=100 width=125)
	  Recheck Cond: ((k >= 7192324) AND (k <= 7192424))
	  ->  Bitmap Index Scan on k_7  (cost=0.00..5.43 rows=100 width=0)
	        Index Cond: ((k >= 7192324) AND (k <= 7192424))

table 8 : explain SELECT k, c FROM sbtest8 WHERE k BETWEEN 7192324 AND 7192424
	Bitmap Heap Scan on sbtest8  (cost=5.52..424.81 rows=106 width=125)
	  Recheck Cond: ((k >= 7192324) AND (k <= 7192424))
	  ->  Bitmap Index Scan on k_8  (cost=0.00..5.50 rows=106 width=0)
	        Index Cond: ((k >= 7192324) AND (k <= 7192424))

for range-notcovered
table 1 : explain SELECT k, c FROM sbtest1 WHERE k BETWEEN 1084689 AND 1084789
	Bitmap Heap Scan on sbtest1  (cost=5.44..393.31 rows=98 width=125)
	  Recheck Cond: ((k >= 1084689) AND (k <= 1084789))
	  ->  Bitmap Index Scan on k_1  (cost=0.00..5.42 rows=98 width=0)
	        Index Cond: ((k >= 1084689) AND (k <= 1084789))

table 2 : explain SELECT k, c FROM sbtest2 WHERE k BETWEEN 1084689 AND 1084789
	Bitmap Heap Scan on sbtest2  (cost=5.45..397.25 rows=99 width=125)
	  Recheck Cond: ((k >= 1084689) AND (k <= 1084789))
	  ->  Bitmap Index Scan on k_2  (cost=0.00..5.42 rows=99 width=0)
	        Index Cond: ((k >= 1084689) AND (k <= 1084789))

table 3 : explain SELECT k, c FROM sbtest3 WHERE k BETWEEN 1084689 AND 1084789
	Bitmap Heap Scan on sbtest3  (cost=5.39..373.61 rows=93 width=125)
	  Recheck Cond: ((k >= 1084689) AND (k <= 1084789))
	  ->  Bitmap Index Scan on k_3  (cost=0.00..5.36 rows=93 width=0)
	        Index Cond: ((k >= 1084689) AND (k <= 1084789))

table 4 : explain SELECT k, c FROM sbtest4 WHERE k BETWEEN 1084689 AND 1084789
	Bitmap Heap Scan on sbtest4  (cost=5.47..405.13 rows=101 width=125)
	  Recheck Cond: ((k >= 1084689) AND (k <= 1084789))
	  ->  Bitmap Index Scan on k_4  (cost=0.00..5.44 rows=101 width=0)
	        Index Cond: ((k >= 1084689) AND (k <= 1084789))

table 5 : explain SELECT k, c FROM sbtest5 WHERE k BETWEEN 1084689 AND 1084789
	Bitmap Heap Scan on sbtest5  (cost=5.47..405.13 rows=101 width=125)
	  Recheck Cond: ((k >= 1084689) AND (k <= 1084789))
	  ->  Bitmap Index Scan on k_5  (cost=0.00..5.44 rows=101 width=0)
	        Index Cond: ((k >= 1084689) AND (k <= 1084789))

table 6 : explain SELECT k, c FROM sbtest6 WHERE k BETWEEN 1084689 AND 1084789
	Bitmap Heap Scan on sbtest6  (cost=5.43..389.37 rows=97 width=125)
	  Recheck Cond: ((k >= 1084689) AND (k <= 1084789))
	  ->  Bitmap Index Scan on k_6  (cost=0.00..5.40 rows=97 width=0)
	        Index Cond: ((k >= 1084689) AND (k <= 1084789))

table 7 : explain SELECT k, c FROM sbtest7 WHERE k BETWEEN 1084689 AND 1084789
	Bitmap Heap Scan on sbtest7  (cost=5.55..436.62 rows=109 width=125)
	  Recheck Cond: ((k >= 1084689) AND (k <= 1084789))
	  ->  Bitmap Index Scan on k_7  (cost=0.00..5.52 rows=109 width=0)
	        Index Cond: ((k >= 1084689) AND (k <= 1084789))

table 8 : explain SELECT k, c FROM sbtest8 WHERE k BETWEEN 1084689 AND 1084789
	Bitmap Heap Scan on sbtest8  (cost=5.46..401.19 rows=100 width=125)
	  Recheck Cond: ((k >= 1084689) AND (k <= 1084789))
	  ->  Bitmap Index Scan on k_8  (cost=0.00..5.43 rows=100 width=0)
	        Index Cond: ((k >= 1084689) AND (k <= 1084789))

explain: for range-notcovered :: explain SELECT k, c FROM sbtest%d WHERE k BETWEEN 4279811 AND 4279911
for range-notcovered
table 1 : explain SELECT k, c FROM sbtest1 WHERE k BETWEEN 4363850 AND 4363950
	Bitmap Heap Scan on sbtest1  (cost=5.41..381.49 rows=95 width=125)
	  Recheck Cond: ((k >= 4363850) AND (k <= 4363950))
	  ->  Bitmap Index Scan on k_1  (cost=0.00..5.38 rows=95 width=0)
	        Index Cond: ((k >= 4363850) AND (k <= 4363950))

table 2 : explain SELECT k, c FROM sbtest2 WHERE k BETWEEN 4363850 AND 4363950
	Bitmap Heap Scan on sbtest2  (cost=5.46..401.19 rows=100 width=125)
	  Recheck Cond: ((k >= 4363850) AND (k <= 4363950))
	  ->  Bitmap Index Scan on k_2  (cost=0.00..5.43 rows=100 width=0)
	        Index Cond: ((k >= 4363850) AND (k <= 4363950))

table 3 : explain SELECT k, c FROM sbtest3 WHERE k BETWEEN 4363850 AND 4363950
	Bitmap Heap Scan on sbtest3  (cost=5.45..397.25 rows=99 width=125)
	  Recheck Cond: ((k >= 4363850) AND (k <= 4363950))
	  ->  Bitmap Index Scan on k_3  (cost=0.00..5.42 rows=99 width=0)
	        Index Cond: ((k >= 4363850) AND (k <= 4363950))

table 4 : explain SELECT k, c FROM sbtest4 WHERE k BETWEEN 4363850 AND 4363950
	Bitmap Heap Scan on sbtest4  (cost=5.56..440.56 rows=110 width=125)
	  Recheck Cond: ((k >= 4363850) AND (k <= 4363950))
	  ->  Bitmap Index Scan on k_4  (cost=0.00..5.53 rows=110 width=0)
	        Index Cond: ((k >= 4363850) AND (k <= 4363950))

table 5 : explain SELECT k, c FROM sbtest5 WHERE k BETWEEN 4363850 AND 4363950
	Bitmap Heap Scan on sbtest5  (cost=5.46..401.19 rows=100 width=125)
	  Recheck Cond: ((k >= 4363850) AND (k <= 4363950))
	  ->  Bitmap Index Scan on k_5  (cost=0.00..5.43 rows=100 width=0)
	        Index Cond: ((k >= 4363850) AND (k <= 4363950))

table 6 : explain SELECT k, c FROM sbtest6 WHERE k BETWEEN 4363850 AND 4363950
	Bitmap Heap Scan on sbtest6  (cost=5.44..393.31 rows=98 width=125)
	  Recheck Cond: ((k >= 4363850) AND (k <= 4363950))
	  ->  Bitmap Index Scan on k_6  (cost=0.00..5.42 rows=98 width=0)
	        Index Cond: ((k >= 4363850) AND (k <= 4363950))

table 7 : explain SELECT k, c FROM sbtest7 WHERE k BETWEEN 4363850 AND 4363950
	Bitmap Heap Scan on sbtest7  (cost=5.52..424.81 rows=106 width=125)
	  Recheck Cond: ((k >= 4363850) AND (k <= 4363950))
	  ->  Bitmap Index Scan on k_7  (cost=0.00..5.50 rows=106 width=0)
	        Index Cond: ((k >= 4363850) AND (k <= 4363950))

table 8 : explain SELECT k, c FROM sbtest8 WHERE k BETWEEN 4363850 AND 4363950
	Bitmap Heap Scan on sbtest8  (cost=5.45..397.25 rows=99 width=125)
	  Recheck Cond: ((k >= 4363850) AND (k <= 4363950))
	  ->  Bitmap Index Scan on k_8  (cost=0.00..5.42 rows=99 width=0)
	        Index Cond: ((k >= 4363850) AND (k <= 4363950))

explain: for range-notcovered :: explain SELECT k, c FROM sbtest%d WHERE k BETWEEN 4363850 AND 4363950
explain: for range-notcovered :: explain SELECT k, c FROM sbtest%d WHERE k BETWEEN 5391383 AND 5391483
explain: for range-notcovered :: explain SELECT k, c FROM sbtest%d WHERE k BETWEEN 7192324 AND 7192424
for range-notcovered
table 1 : explain SELECT k, c FROM sbtest1 WHERE k BETWEEN 7327499 AND 7327599
	Bitmap Heap Scan on sbtest1  (cost=5.46..401.19 rows=100 width=125)
	  Recheck Cond: ((k >= 7327499) AND (k <= 7327599))
	  ->  Bitmap Index Scan on k_1  (cost=0.00..5.43 rows=100 width=0)
	        Index Cond: ((k >= 7327499) AND (k <= 7327599))

table 2 : explain SELECT k, c FROM sbtest2 WHERE k BETWEEN 7327499 AND 7327599
	Bitmap Heap Scan on sbtest2  (cost=5.53..428.75 rows=107 width=125)
	  Recheck Cond: ((k >= 7327499) AND (k <= 7327599))
	  ->  Bitmap Index Scan on k_2  (cost=0.00..5.50 rows=107 width=0)
	        Index Cond: ((k >= 7327499) AND (k <= 7327599))

table 3 : explain SELECT k, c FROM sbtest3 WHERE k BETWEEN 7327499 AND 7327599
	Bitmap Heap Scan on sbtest3  (cost=5.45..397.25 rows=99 width=125)
	  Recheck Cond: ((k >= 7327499) AND (k <= 7327599))
	  ->  Bitmap Index Scan on k_3  (cost=0.00..5.42 rows=99 width=0)
	        Index Cond: ((k >= 7327499) AND (k <= 7327599))

table 4 : explain SELECT k, c FROM sbtest4 WHERE k BETWEEN 7327499 AND 7327599
	Bitmap Heap Scan on sbtest4  (cost=5.45..397.25 rows=99 width=125)
	  Recheck Cond: ((k >= 7327499) AND (k <= 7327599))
	  ->  Bitmap Index Scan on k_4  (cost=0.00..5.42 rows=99 width=0)
	        Index Cond: ((k >= 7327499) AND (k <= 7327599))

table 5 : explain SELECT k, c FROM sbtest5 WHERE k BETWEEN 7327499 AND 7327599
	Bitmap Heap Scan on sbtest5  (cost=5.52..424.81 rows=106 width=125)
	  Recheck Cond: ((k >= 7327499) AND (k <= 7327599))
	  ->  Bitmap Index Scan on k_5  (cost=0.00..5.50 rows=106 width=0)
	        Index Cond: ((k >= 7327499) AND (k <= 7327599))

table 6 : explain SELECT k, c FROM sbtest6 WHERE k BETWEEN 7327499 AND 7327599
	Bitmap Heap Scan on sbtest6  (cost=5.60..456.29 rows=114 width=125)
	  Recheck Cond: ((k >= 7327499) AND (k <= 7327599))
	  ->  Bitmap Index Scan on k_6  (cost=0.00..5.58 rows=114 width=0)
	        Index Cond: ((k >= 7327499) AND (k <= 7327599))

table 7 : explain SELECT k, c FROM sbtest7 WHERE k BETWEEN 7327499 AND 7327599
	Bitmap Heap Scan on sbtest7  (cost=5.54..432.69 rows=108 width=125)
	  Recheck Cond: ((k >= 7327499) AND (k <= 7327599))
	  ->  Bitmap Index Scan on k_7  (cost=0.00..5.51 rows=108 width=0)
	        Index Cond: ((k >= 7327499) AND (k <= 7327599))

table 8 : explain SELECT k, c FROM sbtest8 WHERE k BETWEEN 7327499 AND 7327599
	Bitmap Heap Scan on sbtest8  (cost=5.46..401.19 rows=100 width=125)
	  Recheck Cond: ((k >= 7327499) AND (k <= 7327599))
	  ->  Bitmap Index Scan on k_8  (cost=0.00..5.43 rows=100 width=0)
	        Index Cond: ((k >= 7327499) AND (k <= 7327599))

for range-notcovered
table 1 : explain SELECT k, c FROM sbtest1 WHERE k BETWEEN 1621720 AND 1621820
	Bitmap Heap Scan on sbtest1  (cost=5.61..460.22 rows=115 width=125)
	  Recheck Cond: ((k >= 1621720) AND (k <= 1621820))
	  ->  Bitmap Index Scan on k_1  (cost=0.00..5.58 rows=115 width=0)
	        Index Cond: ((k >= 1621720) AND (k <= 1621820))

table 2 : explain SELECT k, c FROM sbtest2 WHERE k BETWEEN 1621720 AND 1621820
	Bitmap Heap Scan on sbtest2  (cost=5.48..409.07 rows=102 width=125)
	  Recheck Cond: ((k >= 1621720) AND (k <= 1621820))
	  ->  Bitmap Index Scan on k_2  (cost=0.00..5.45 rows=102 width=0)
	        Index Cond: ((k >= 1621720) AND (k <= 1621820))

table 3 : explain SELECT k, c FROM sbtest3 WHERE k BETWEEN 1621720 AND 1621820
	Bitmap Heap Scan on sbtest3  (cost=5.49..413.00 rows=103 width=125)
	  Recheck Cond: ((k >= 1621720) AND (k <= 1621820))
	  ->  Bitmap Index Scan on k_3  (cost=0.00..5.46 rows=103 width=0)
	        Index Cond: ((k >= 1621720) AND (k <= 1621820))

table 4 : explain SELECT k, c FROM sbtest4 WHERE k BETWEEN 1621720 AND 1621820
	Bitmap Heap Scan on sbtest4  (cost=5.37..365.72 rows=91 width=125)
	  Recheck Cond: ((k >= 1621720) AND (k <= 1621820))
	  ->  Bitmap Index Scan on k_4  (cost=0.00..5.34 rows=91 width=0)
	        Index Cond: ((k >= 1621720) AND (k <= 1621820))

table 5 : explain SELECT k, c FROM sbtest5 WHERE k BETWEEN 1621720 AND 1621820
	Bitmap Heap Scan on sbtest5  (cost=5.49..413.00 rows=103 width=125)
	  Recheck Cond: ((k >= 1621720) AND (k <= 1621820))
	  ->  Bitmap Index Scan on k_5  (cost=0.00..5.46 rows=103 width=0)
	        Index Cond: ((k >= 1621720) AND (k <= 1621820))

table 6 : explain SELECT k, c FROM sbtest6 WHERE k BETWEEN 1621720 AND 1621820
	Bitmap Heap Scan on sbtest6  (cost=5.43..389.37 rows=97 width=125)
	  Recheck Cond: ((k >= 1621720) AND (k <= 1621820))
	  ->  Bitmap Index Scan on k_6  (cost=0.00..5.40 rows=97 width=0)
	        Index Cond: ((k >= 1621720) AND (k <= 1621820))

table 7 : explain SELECT k, c FROM sbtest7 WHERE k BETWEEN 1621720 AND 1621820
	Bitmap Heap Scan on sbtest7  (cost=5.54..432.69 rows=108 width=125)
	  Recheck Cond: ((k >= 1621720) AND (k <= 1621820))
	  ->  Bitmap Index Scan on k_7  (cost=0.00..5.51 rows=108 width=0)
	        Index Cond: ((k >= 1621720) AND (k <= 1621820))

table 8 : explain SELECT k, c FROM sbtest8 WHERE k BETWEEN 1621720 AND 1621820
	Bitmap Heap Scan on sbtest8  (cost=5.43..389.37 rows=97 width=125)
	  Recheck Cond: ((k >= 1621720) AND (k <= 1621820))
	  ->  Bitmap Index Scan on k_8  (cost=0.00..5.40 rows=97 width=0)
	        Index Cond: ((k >= 1621720) AND (k <= 1621820))

for range-notcovered
table 1 : explain SELECT k, c FROM sbtest1 WHERE k BETWEEN 4363850 AND 4363950
	Bitmap Heap Scan on sbtest1  (cost=5.41..381.49 rows=95 width=125)
	  Recheck Cond: ((k >= 4363850) AND (k <= 4363950))
	  ->  Bitmap Index Scan on k_1  (cost=0.00..5.38 rows=95 width=0)
	        Index Cond: ((k >= 4363850) AND (k <= 4363950))

table 2 : explain SELECT k, c FROM sbtest2 WHERE k BETWEEN 4363850 AND 4363950
	Bitmap Heap Scan on sbtest2  (cost=5.46..401.19 rows=100 width=125)
	  Recheck Cond: ((k >= 4363850) AND (k <= 4363950))
	  ->  Bitmap Index Scan on k_2  (cost=0.00..5.43 rows=100 width=0)
	        Index Cond: ((k >= 4363850) AND (k <= 4363950))

table 3 : explain SELECT k, c FROM sbtest3 WHERE k BETWEEN 4363850 AND 4363950
	Bitmap Heap Scan on sbtest3  (cost=5.45..397.25 rows=99 width=125)
	  Recheck Cond: ((k >= 4363850) AND (k <= 4363950))
	  ->  Bitmap Index Scan on k_3  (cost=0.00..5.42 rows=99 width=0)
	        Index Cond: ((k >= 4363850) AND (k <= 4363950))

table 4 : explain SELECT k, c FROM sbtest4 WHERE k BETWEEN 4363850 AND 4363950
	Bitmap Heap Scan on sbtest4  (cost=5.56..440.56 rows=110 width=125)
	  Recheck Cond: ((k >= 4363850) AND (k <= 4363950))
	  ->  Bitmap Index Scan on k_4  (cost=0.00..5.53 rows=110 width=0)
	        Index Cond: ((k >= 4363850) AND (k <= 4363950))

table 5 : explain SELECT k, c FROM sbtest5 WHERE k BETWEEN 4363850 AND 4363950
	Bitmap Heap Scan on sbtest5  (cost=5.46..401.19 rows=100 width=125)
	  Recheck Cond: ((k >= 4363850) AND (k <= 4363950))
	  ->  Bitmap Index Scan on k_5  (cost=0.00..5.43 rows=100 width=0)
	        Index Cond: ((k >= 4363850) AND (k <= 4363950))

table 6 : explain SELECT k, c FROM sbtest6 WHERE k BETWEEN 4363850 AND 4363950
	Bitmap Heap Scan on sbtest6  (cost=5.44..393.31 rows=98 width=125)
	  Recheck Cond: ((k >= 4363850) AND (k <= 4363950))
	  ->  Bitmap Index Scan on k_6  (cost=0.00..5.42 rows=98 width=0)
	        Index Cond: ((k >= 4363850) AND (k <= 4363950))

table 7 : explain SELECT k, c FROM sbtest7 WHERE k BETWEEN 4363850 AND 4363950
	Bitmap Heap Scan on sbtest7  (cost=5.52..424.81 rows=106 width=125)
	  Recheck Cond: ((k >= 4363850) AND (k <= 4363950))
	  ->  Bitmap Index Scan on k_7  (cost=0.00..5.50 rows=106 width=0)
	        Index Cond: ((k >= 4363850) AND (k <= 4363950))

table 8 : explain SELECT k, c FROM sbtest8 WHERE k BETWEEN 4363850 AND 4363950
	Bitmap Heap Scan on sbtest8  (cost=5.45..397.25 rows=99 width=125)
	  Recheck Cond: ((k >= 4363850) AND (k <= 4363950))
	  ->  Bitmap Index Scan on k_8  (cost=0.00..5.42 rows=99 width=0)
	        Index Cond: ((k >= 4363850) AND (k <= 4363950))

explain: for range-notcovered :: explain SELECT k, c FROM sbtest%d WHERE k BETWEEN 7327499 AND 7327599
explain: for range-notcovered :: explain SELECT k, c FROM sbtest%d WHERE k BETWEEN 1621720 AND 1621820
explain: for range-notcovered :: explain SELECT k, c FROM sbtest%d WHERE k BETWEEN 1084689 AND 1084789
for range-notcovered
table 1 : explain SELECT k, c FROM sbtest1 WHERE k BETWEEN 5391383 AND 5391483
	Bitmap Heap Scan on sbtest1  (cost=5.42..385.43 rows=96 width=125)
	  Recheck Cond: ((k >= 5391383) AND (k <= 5391483))
	  ->  Bitmap Index Scan on k_1  (cost=0.00..5.39 rows=96 width=0)
	        Index Cond: ((k >= 5391383) AND (k <= 5391483))

table 2 : explain SELECT k, c FROM sbtest2 WHERE k BETWEEN 5391383 AND 5391483
	Bitmap Heap Scan on sbtest2  (cost=5.51..420.88 rows=105 width=125)
	  Recheck Cond: ((k >= 5391383) AND (k <= 5391483))
	  ->  Bitmap Index Scan on k_2  (cost=0.00..5.48 rows=105 width=0)
	        Index Cond: ((k >= 5391383) AND (k <= 5391483))

table 3 : explain SELECT k, c FROM sbtest3 WHERE k BETWEEN 5391383 AND 5391483
	Bitmap Heap Scan on sbtest3  (cost=5.55..436.62 rows=109 width=125)
	  Recheck Cond: ((k >= 5391383) AND (k <= 5391483))
	  ->  Bitmap Index Scan on k_3  (cost=0.00..5.52 rows=109 width=0)
	        Index Cond: ((k >= 5391383) AND (k <= 5391483))

table 4 : explain SELECT k, c FROM sbtest4 WHERE k BETWEEN 5391383 AND 5391483
	Bitmap Heap Scan on sbtest4  (cost=5.47..405.13 rows=101 width=125)
	  Recheck Cond: ((k >= 5391383) AND (k <= 5391483))
	  ->  Bitmap Index Scan on k_4  (cost=0.00..5.44 rows=101 width=0)
	        Index Cond: ((k >= 5391383) AND (k <= 5391483))

table 5 : explain SELECT k, c FROM sbtest5 WHERE k BETWEEN 5391383 AND 5391483
	Bitmap Heap Scan on sbtest5  (cost=5.57..444.49 rows=111 width=125)
	  Recheck Cond: ((k >= 5391383) AND (k <= 5391483))
	  ->  Bitmap Index Scan on k_5  (cost=0.00..5.54 rows=111 width=0)
	        Index Cond: ((k >= 5391383) AND (k <= 5391483))

table 6 : explain SELECT k, c FROM sbtest6 WHERE k BETWEEN 5391383 AND 5391483
	Bitmap Heap Scan on sbtest6  (cost=5.50..416.94 rows=104 width=125)
	  Recheck Cond: ((k >= 5391383) AND (k <= 5391483))
	  ->  Bitmap Index Scan on k_6  (cost=0.00..5.47 rows=104 width=0)
	        Index Cond: ((k >= 5391383) AND (k <= 5391483))

table 7 : explain SELECT k, c FROM sbtest7 WHERE k BETWEEN 5391383 AND 5391483
	Bitmap Heap Scan on sbtest7  (cost=5.44..393.31 rows=98 width=125)
	  Recheck Cond: ((k >= 5391383) AND (k <= 5391483))
	  ->  Bitmap Index Scan on k_7  (cost=0.00..5.42 rows=98 width=0)
	        Index Cond: ((k >= 5391383) AND (k <= 5391483))

table 8 : explain SELECT k, c FROM sbtest8 WHERE k BETWEEN 5391383 AND 5391483
	Bitmap Heap Scan on sbtest8  (cost=5.45..397.25 rows=99 width=125)
	  Recheck Cond: ((k >= 5391383) AND (k <= 5391483))
	  ->  Bitmap Index Scan on k_8  (cost=0.00..5.42 rows=99 width=0)
	        Index Cond: ((k >= 5391383) AND (k <= 5391483))

explain: for range-notcovered :: explain SELECT k, c FROM sbtest%d WHERE k BETWEEN 5391383 AND 5391483
for range-notcovered
table 1 : explain SELECT k, c FROM sbtest1 WHERE k BETWEEN 7192324 AND 7192424
	Bitmap Heap Scan on sbtest1  (cost=5.45..397.25 rows=99 width=125)
	  Recheck Cond: ((k >= 7192324) AND (k <= 7192424))
	  ->  Bitmap Index Scan on k_1  (cost=0.00..5.42 rows=99 width=0)
	        Index Cond: ((k >= 7192324) AND (k <= 7192424))

table 2 : explain SELECT k, c FROM sbtest2 WHERE k BETWEEN 7192324 AND 7192424
	Bitmap Heap Scan on sbtest2  (cost=5.46..401.19 rows=100 width=125)
	  Recheck Cond: ((k >= 7192324) AND (k <= 7192424))
	  ->  Bitmap Index Scan on k_2  (cost=0.00..5.43 rows=100 width=0)
	        Index Cond: ((k >= 7192324) AND (k <= 7192424))

table 3 : explain SELECT k, c FROM sbtest3 WHERE k BETWEEN 7192324 AND 7192424
	Bitmap Heap Scan on sbtest3  (cost=5.42..385.43 rows=96 width=125)
	  Recheck Cond: ((k >= 7192324) AND (k <= 7192424))
	  ->  Bitmap Index Scan on k_3  (cost=0.00..5.39 rows=96 width=0)
	        Index Cond: ((k >= 7192324) AND (k <= 7192424))

table 4 : explain SELECT k, c FROM sbtest4 WHERE k BETWEEN 7192324 AND 7192424
	Bitmap Heap Scan on sbtest4  (cost=5.54..432.69 rows=108 width=125)
	  Recheck Cond: ((k >= 7192324) AND (k <= 7192424))
	  ->  Bitmap Index Scan on k_4  (cost=0.00..5.51 rows=108 width=0)
	        Index Cond: ((k >= 7192324) AND (k <= 7192424))

table 5 : explain SELECT k, c FROM sbtest5 WHERE k BETWEEN 7192324 AND 7192424
	Bitmap Heap Scan on sbtest5  (cost=5.47..405.13 rows=101 width=125)
	  Recheck Cond: ((k >= 7192324) AND (k <= 7192424))
	  ->  Bitmap Index Scan on k_5  (cost=0.00..5.44 rows=101 width=0)
	        Index Cond: ((k >= 7192324) AND (k <= 7192424))

table 6 : explain SELECT k, c FROM sbtest6 WHERE k BETWEEN 7192324 AND 7192424
	Bitmap Heap Scan on sbtest6  (cost=5.55..436.62 rows=109 width=125)
	  Recheck Cond: ((k >= 7192324) AND (k <= 7192424))
	  ->  Bitmap Index Scan on k_6  (cost=0.00..5.52 rows=109 width=0)
	        Index Cond: ((k >= 7192324) AND (k <= 7192424))

table 7 : explain SELECT k, c FROM sbtest7 WHERE k BETWEEN 7192324 AND 7192424
	Bitmap Heap Scan on sbtest7  (cost=5.46..401.19 rows=100 width=125)
	  Recheck Cond: ((k >= 7192324) AND (k <= 7192424))
	  ->  Bitmap Index Scan on k_7  (cost=0.00..5.43 rows=100 width=0)
	        Index Cond: ((k >= 7192324) AND (k <= 7192424))

table 8 : explain SELECT k, c FROM sbtest8 WHERE k BETWEEN 7192324 AND 7192424
	Bitmap Heap Scan on sbtest8  (cost=5.52..424.81 rows=106 width=125)
	  Recheck Cond: ((k >= 7192324) AND (k <= 7192424))
	  ->  Bitmap Index Scan on k_8  (cost=0.00..5.50 rows=106 width=0)
	        Index Cond: ((k >= 7192324) AND (k <= 7192424))

for range-notcovered
table 1 : explain SELECT k, c FROM sbtest1 WHERE k BETWEEN 7327499 AND 7327599
	Bitmap Heap Scan on sbtest1  (cost=5.46..401.19 rows=100 width=125)
	  Recheck Cond: ((k >= 7327499) AND (k <= 7327599))
	  ->  Bitmap Index Scan on k_1  (cost=0.00..5.43 rows=100 width=0)
	        Index Cond: ((k >= 7327499) AND (k <= 7327599))

table 2 : explain SELECT k, c FROM sbtest2 WHERE k BETWEEN 7327499 AND 7327599
	Bitmap Heap Scan on sbtest2  (cost=5.53..428.75 rows=107 width=125)
	  Recheck Cond: ((k >= 7327499) AND (k <= 7327599))
	  ->  Bitmap Index Scan on k_2  (cost=0.00..5.50 rows=107 width=0)
	        Index Cond: ((k >= 7327499) AND (k <= 7327599))

table 3 : explain SELECT k, c FROM sbtest3 WHERE k BETWEEN 7327499 AND 7327599
	Bitmap Heap Scan on sbtest3  (cost=5.45..397.25 rows=99 width=125)
	  Recheck Cond: ((k >= 7327499) AND (k <= 7327599))
	  ->  Bitmap Index Scan on k_3  (cost=0.00..5.42 rows=99 width=0)
	        Index Cond: ((k >= 7327499) AND (k <= 7327599))

table 4 : explain SELECT k, c FROM sbtest4 WHERE k BETWEEN 7327499 AND 7327599
	Bitmap Heap Scan on sbtest4  (cost=5.45..397.25 rows=99 width=125)
	  Recheck Cond: ((k >= 7327499) AND (k <= 7327599))
	  ->  Bitmap Index Scan on k_4  (cost=0.00..5.42 rows=99 width=0)
	        Index Cond: ((k >= 7327499) AND (k <= 7327599))

table 5 : explain SELECT k, c FROM sbtest5 WHERE k BETWEEN 7327499 AND 7327599
	Bitmap Heap Scan on sbtest5  (cost=5.52..424.81 rows=106 width=125)
	  Recheck Cond: ((k >= 7327499) AND (k <= 7327599))
	  ->  Bitmap Index Scan on k_5  (cost=0.00..5.50 rows=106 width=0)
	        Index Cond: ((k >= 7327499) AND (k <= 7327599))

table 6 : explain SELECT k, c FROM sbtest6 WHERE k BETWEEN 7327499 AND 7327599
	Bitmap Heap Scan on sbtest6  (cost=5.60..456.29 rows=114 width=125)
	  Recheck Cond: ((k >= 7327499) AND (k <= 7327599))
	  ->  Bitmap Index Scan on k_6  (cost=0.00..5.58 rows=114 width=0)
	        Index Cond: ((k >= 7327499) AND (k <= 7327599))

table 7 : explain SELECT k, c FROM sbtest7 WHERE k BETWEEN 7327499 AND 7327599
	Bitmap Heap Scan on sbtest7  (cost=5.54..432.69 rows=108 width=125)
	  Recheck Cond: ((k >= 7327499) AND (k <= 7327599))
	  ->  Bitmap Index Scan on k_7  (cost=0.00..5.51 rows=108 width=0)
	        Index Cond: ((k >= 7327499) AND (k <= 7327599))

table 8 : explain SELECT k, c FROM sbtest8 WHERE k BETWEEN 7327499 AND 7327599
	Bitmap Heap Scan on sbtest8  (cost=5.46..401.19 rows=100 width=125)
	  Recheck Cond: ((k >= 7327499) AND (k <= 7327599))
	  ->  Bitmap Index Scan on k_8  (cost=0.00..5.43 rows=100 width=0)
	        Index Cond: ((k >= 7327499) AND (k <= 7327599))

for range-notcovered
table 1 : explain SELECT k, c FROM sbtest1 WHERE k BETWEEN 3029874 AND 3029974
	Bitmap Heap Scan on sbtest1  (cost=5.49..413.00 rows=103 width=125)
	  Recheck Cond: ((k >= 3029874) AND (k <= 3029974))
	  ->  Bitmap Index Scan on k_1  (cost=0.00..5.46 rows=103 width=0)
	        Index Cond: ((k >= 3029874) AND (k <= 3029974))

table 2 : explain SELECT k, c FROM sbtest2 WHERE k BETWEEN 3029874 AND 3029974
	Bitmap Heap Scan on sbtest2  (cost=5.42..385.43 rows=96 width=125)
	  Recheck Cond: ((k >= 3029874) AND (k <= 3029974))
	  ->  Bitmap Index Scan on k_2  (cost=0.00..5.39 rows=96 width=0)
	        Index Cond: ((k >= 3029874) AND (k <= 3029974))

table 3 : explain SELECT k, c FROM sbtest3 WHERE k BETWEEN 3029874 AND 3029974
	Bitmap Heap Scan on sbtest3  (cost=5.47..405.13 rows=101 width=125)
	  Recheck Cond: ((k >= 3029874) AND (k <= 3029974))
	  ->  Bitmap Index Scan on k_3  (cost=0.00..5.44 rows=101 width=0)
	        Index Cond: ((k >= 3029874) AND (k <= 3029974))

table 4 : explain SELECT k, c FROM sbtest4 WHERE k BETWEEN 3029874 AND 3029974
	Bitmap Heap Scan on sbtest4  (cost=5.56..440.56 rows=110 width=125)
	  Recheck Cond: ((k >= 3029874) AND (k <= 3029974))
	  ->  Bitmap Index Scan on k_4  (cost=0.00..5.53 rows=110 width=0)
	        Index Cond: ((k >= 3029874) AND (k <= 3029974))

table 5 : explain SELECT k, c FROM sbtest5 WHERE k BETWEEN 3029874 AND 3029974
	Bitmap Heap Scan on sbtest5  (cost=5.41..381.49 rows=95 width=125)
	  Recheck Cond: ((k >= 3029874) AND (k <= 3029974))
	  ->  Bitmap Index Scan on k_5  (cost=0.00..5.38 rows=95 width=0)
	        Index Cond: ((k >= 3029874) AND (k <= 3029974))

table 6 : explain SELECT k, c FROM sbtest6 WHERE k BETWEEN 3029874 AND 3029974
	Bitmap Heap Scan on sbtest6  (cost=5.43..389.37 rows=97 width=125)
	  Recheck Cond: ((k >= 3029874) AND (k <= 3029974))
	  ->  Bitmap Index Scan on k_6  (cost=0.00..5.40 rows=97 width=0)
	        Index Cond: ((k >= 3029874) AND (k <= 3029974))

table 7 : explain SELECT k, c FROM sbtest7 WHERE k BETWEEN 3029874 AND 3029974
	Bitmap Heap Scan on sbtest7  (cost=5.48..409.07 rows=102 width=125)
	  Recheck Cond: ((k >= 3029874) AND (k <= 3029974))
	  ->  Bitmap Index Scan on k_7  (cost=0.00..5.45 rows=102 width=0)
	        Index Cond: ((k >= 3029874) AND (k <= 3029974))

table 8 : explain SELECT k, c FROM sbtest8 WHERE k BETWEEN 3029874 AND 3029974
	Bitmap Heap Scan on sbtest8  (cost=5.42..385.43 rows=96 width=125)
	  Recheck Cond: ((k >= 3029874) AND (k <= 3029974))
	  ->  Bitmap Index Scan on k_8  (cost=0.00..5.39 rows=96 width=0)
	        Index Cond: ((k >= 3029874) AND (k <= 3029974))

explain: for range-notcovered :: explain SELECT k, c FROM sbtest%d WHERE k BETWEEN 3029874 AND 3029974
explain: for range-notcovered :: explain SELECT k, c FROM sbtest%d WHERE k BETWEEN 7192324 AND 7192424
for range-notcovered
table 1 : explain SELECT k, c FROM sbtest1 WHERE k BETWEEN 8267954 AND 8268054
	Bitmap Heap Scan on sbtest1  (cost=5.50..416.94 rows=104 width=125)
	  Recheck Cond: ((k >= 8267954) AND (k <= 8268054))
	  ->  Bitmap Index Scan on k_1  (cost=0.00..5.47 rows=104 width=0)
	        Index Cond: ((k >= 8267954) AND (k <= 8268054))

table 2 : explain SELECT k, c FROM sbtest2 WHERE k BETWEEN 8267954 AND 8268054
	Bitmap Heap Scan on sbtest2  (cost=5.54..432.69 rows=108 width=125)
	  Recheck Cond: ((k >= 8267954) AND (k <= 8268054))
	  ->  Bitmap Index Scan on k_2  (cost=0.00..5.51 rows=108 width=0)
	        Index Cond: ((k >= 8267954) AND (k <= 8268054))

table 3 : explain SELECT k, c FROM sbtest3 WHERE k BETWEEN 8267954 AND 8268054
	Bitmap Heap Scan on sbtest3  (cost=5.47..405.13 rows=101 width=125)
	  Recheck Cond: ((k >= 8267954) AND (k <= 8268054))
	  ->  Bitmap Index Scan on k_3  (cost=0.00..5.44 rows=101 width=0)
	        Index Cond: ((k >= 8267954) AND (k <= 8268054))

table 4 : explain SELECT k, c FROM sbtest4 WHERE k BETWEEN 8267954 AND 8268054
	Bitmap Heap Scan on sbtest4  (cost=5.43..389.37 rows=97 width=125)
	  Recheck Cond: ((k >= 8267954) AND (k <= 8268054))
	  ->  Bitmap Index Scan on k_4  (cost=0.00..5.40 rows=97 width=0)
	        Index Cond: ((k >= 8267954) AND (k <= 8268054))

table 5 : explain SELECT k, c FROM sbtest5 WHERE k BETWEEN 8267954 AND 8268054
	Bitmap Heap Scan on sbtest5  (cost=5.52..424.81 rows=106 width=125)
	  Recheck Cond: ((k >= 8267954) AND (k <= 8268054))
	  ->  Bitmap Index Scan on k_5  (cost=0.00..5.50 rows=106 width=0)
	        Index Cond: ((k >= 8267954) AND (k <= 8268054))

table 6 : explain SELECT k, c FROM sbtest6 WHERE k BETWEEN 8267954 AND 8268054
	Bitmap Heap Scan on sbtest6  (cost=5.55..436.62 rows=109 width=125)
	  Recheck Cond: ((k >= 8267954) AND (k <= 8268054))
	  ->  Bitmap Index Scan on k_6  (cost=0.00..5.52 rows=109 width=0)
	        Index Cond: ((k >= 8267954) AND (k <= 8268054))

table 7 : explain SELECT k, c FROM sbtest7 WHERE k BETWEEN 8267954 AND 8268054
	Bitmap Heap Scan on sbtest7  (cost=5.49..413.00 rows=103 width=125)
	  Recheck Cond: ((k >= 8267954) AND (k <= 8268054))
	  ->  Bitmap Index Scan on k_7  (cost=0.00..5.46 rows=103 width=0)
	        Index Cond: ((k >= 8267954) AND (k <= 8268054))

table 8 : explain SELECT k, c FROM sbtest8 WHERE k BETWEEN 8267954 AND 8268054
	Bitmap Heap Scan on sbtest8  (cost=5.41..381.49 rows=95 width=125)
	  Recheck Cond: ((k >= 8267954) AND (k <= 8268054))
	  ->  Bitmap Index Scan on k_8  (cost=0.00..5.38 rows=95 width=0)
	        Index Cond: ((k >= 8267954) AND (k <= 8268054))

explain: for range-notcovered :: explain SELECT k, c FROM sbtest%d WHERE k BETWEEN 8267954 AND 8268054
for range-notcovered
table 1 : explain SELECT k, c FROM sbtest1 WHERE k BETWEEN 4279811 AND 4279911
	Bitmap Heap Scan on sbtest1  (cost=5.41..381.49 rows=95 width=125)
	  Recheck Cond: ((k >= 4279811) AND (k <= 4279911))
	  ->  Bitmap Index Scan on k_1  (cost=0.00..5.38 rows=95 width=0)
	        Index Cond: ((k >= 4279811) AND (k <= 4279911))

table 2 : explain SELECT k, c FROM sbtest2 WHERE k BETWEEN 4279811 AND 4279911
	Bitmap Heap Scan on sbtest2  (cost=5.53..428.75 rows=107 width=125)
	  Recheck Cond: ((k >= 4279811) AND (k <= 4279911))
	  ->  Bitmap Index Scan on k_2  (cost=0.00..5.50 rows=107 width=0)
	        Index Cond: ((k >= 4279811) AND (k <= 4279911))

table 3 : explain SELECT k, c FROM sbtest3 WHERE k BETWEEN 4279811 AND 4279911
	Bitmap Heap Scan on sbtest3  (cost=5.45..397.25 rows=99 width=125)
	  Recheck Cond: ((k >= 4279811) AND (k <= 4279911))
	  ->  Bitmap Index Scan on k_3  (cost=0.00..5.42 rows=99 width=0)
	        Index Cond: ((k >= 4279811) AND (k <= 4279911))

table 4 : explain SELECT k, c FROM sbtest4 WHERE k BETWEEN 4279811 AND 4279911
	Bitmap Heap Scan on sbtest4  (cost=5.43..389.37 rows=97 width=125)
	  Recheck Cond: ((k >= 4279811) AND (k <= 4279911))
	  ->  Bitmap Index Scan on k_4  (cost=0.00..5.40 rows=97 width=0)
	        Index Cond: ((k >= 4279811) AND (k <= 4279911))

table 5 : explain SELECT k, c FROM sbtest5 WHERE k BETWEEN 4279811 AND 4279911
	Bitmap Heap Scan on sbtest5  (cost=5.40..377.55 rows=94 width=125)
	  Recheck Cond: ((k >= 4279811) AND (k <= 4279911))
	  ->  Bitmap Index Scan on k_5  (cost=0.00..5.38 rows=94 width=0)
	        Index Cond: ((k >= 4279811) AND (k <= 4279911))

table 6 : explain SELECT k, c FROM sbtest6 WHERE k BETWEEN 4279811 AND 4279911
	Bitmap Heap Scan on sbtest6  (cost=5.56..440.56 rows=110 width=125)
	  Recheck Cond: ((k >= 4279811) AND (k <= 4279911))
	  ->  Bitmap Index Scan on k_6  (cost=0.00..5.53 rows=110 width=0)
	        Index Cond: ((k >= 4279811) AND (k <= 4279911))

table 7 : explain SELECT k, c FROM sbtest7 WHERE k BETWEEN 4279811 AND 4279911
	Bitmap Heap Scan on sbtest7  (cost=5.53..428.75 rows=107 width=125)
	  Recheck Cond: ((k >= 4279811) AND (k <= 4279911))
	  ->  Bitmap Index Scan on k_7  (cost=0.00..5.50 rows=107 width=0)
	        Index Cond: ((k >= 4279811) AND (k <= 4279911))

table 8 : explain SELECT k, c FROM sbtest8 WHERE k BETWEEN 4279811 AND 4279911
	Bitmap Heap Scan on sbtest8  (cost=5.52..424.81 rows=106 width=125)
	  Recheck Cond: ((k >= 4279811) AND (k <= 4279911))
	  ->  Bitmap Index Scan on k_8  (cost=0.00..5.50 rows=106 width=0)
	        Index Cond: ((k >= 4279811) AND (k <= 4279911))

for range-notcovered
table 1 : explain SELECT k, c FROM sbtest1 WHERE k BETWEEN 3884273 AND 3884373
	Bitmap Heap Scan on sbtest1  (cost=5.45..397.25 rows=99 width=125)
	  Recheck Cond: ((k >= 3884273) AND (k <= 3884373))
	  ->  Bitmap Index Scan on k_1  (cost=0.00..5.42 rows=99 width=0)
	        Index Cond: ((k >= 3884273) AND (k <= 3884373))

table 2 : explain SELECT k, c FROM sbtest2 WHERE k BETWEEN 3884273 AND 3884373
	Bitmap Heap Scan on sbtest2  (cost=5.49..413.00 rows=103 width=125)
	  Recheck Cond: ((k >= 3884273) AND (k <= 3884373))
	  ->  Bitmap Index Scan on k_2  (cost=0.00..5.46 rows=103 width=0)
	        Index Cond: ((k >= 3884273) AND (k <= 3884373))

table 3 : explain SELECT k, c FROM sbtest3 WHERE k BETWEEN 3884273 AND 3884373
	Bitmap Heap Scan on sbtest3  (cost=5.48..409.07 rows=102 width=125)
	  Recheck Cond: ((k >= 3884273) AND (k <= 3884373))
	  ->  Bitmap Index Scan on k_3  (cost=0.00..5.45 rows=102 width=0)
	        Index Cond: ((k >= 3884273) AND (k <= 3884373))

table 4 : explain SELECT k, c FROM sbtest4 WHERE k BETWEEN 3884273 AND 3884373
	Bitmap Heap Scan on sbtest4  (cost=5.44..393.31 rows=98 width=125)
	  Recheck Cond: ((k >= 3884273) AND (k <= 3884373))
	  ->  Bitmap Index Scan on k_4  (cost=0.00..5.42 rows=98 width=0)
	        Index Cond: ((k >= 3884273) AND (k <= 3884373))

table 5 : explain SELECT k, c FROM sbtest5 WHERE k BETWEEN 3884273 AND 3884373
	Bitmap Heap Scan on sbtest5  (cost=5.48..409.07 rows=102 width=125)
	  Recheck Cond: ((k >= 3884273) AND (k <= 3884373))
	  ->  Bitmap Index Scan on k_5  (cost=0.00..5.45 rows=102 width=0)
	        Index Cond: ((k >= 3884273) AND (k <= 3884373))

table 6 : explain SELECT k, c FROM sbtest6 WHERE k BETWEEN 3884273 AND 3884373
	Bitmap Heap Scan on sbtest6  (cost=5.44..393.31 rows=98 width=125)
	  Recheck Cond: ((k >= 3884273) AND (k <= 3884373))
	  ->  Bitmap Index Scan on k_6  (cost=0.00..5.42 rows=98 width=0)
	        Index Cond: ((k >= 3884273) AND (k <= 3884373))

table 7 : explain SELECT k, c FROM sbtest7 WHERE k BETWEEN 3884273 AND 3884373
	Bitmap Heap Scan on sbtest7  (cost=5.55..436.62 rows=109 width=125)
	  Recheck Cond: ((k >= 3884273) AND (k <= 3884373))
	  ->  Bitmap Index Scan on k_7  (cost=0.00..5.52 rows=109 width=0)
	        Index Cond: ((k >= 3884273) AND (k <= 3884373))

table 8 : explain SELECT k, c FROM sbtest8 WHERE k BETWEEN 3884273 AND 3884373
	Bitmap Heap Scan on sbtest8  (cost=5.40..377.55 rows=94 width=125)
	  Recheck Cond: ((k >= 3884273) AND (k <= 3884373))
	  ->  Bitmap Index Scan on k_8  (cost=0.00..5.38 rows=94 width=0)
	        Index Cond: ((k >= 3884273) AND (k <= 3884373))

for range-notcovered
table 1 : explain SELECT k, c FROM sbtest1 WHERE k BETWEEN 1621720 AND 1621820
	Bitmap Heap Scan on sbtest1  (cost=5.61..460.22 rows=115 width=125)
	  Recheck Cond: ((k >= 1621720) AND (k <= 1621820))
	  ->  Bitmap Index Scan on k_1  (cost=0.00..5.58 rows=115 width=0)
	        Index Cond: ((k >= 1621720) AND (k <= 1621820))

table 2 : explain SELECT k, c FROM sbtest2 WHERE k BETWEEN 1621720 AND 1621820
	Bitmap Heap Scan on sbtest2  (cost=5.48..409.07 rows=102 width=125)
	  Recheck Cond: ((k >= 1621720) AND (k <= 1621820))
	  ->  Bitmap Index Scan on k_2  (cost=0.00..5.45 rows=102 width=0)
	        Index Cond: ((k >= 1621720) AND (k <= 1621820))

table 3 : explain SELECT k, c FROM sbtest3 WHERE k BETWEEN 1621720 AND 1621820
	Bitmap Heap Scan on sbtest3  (cost=5.49..413.00 rows=103 width=125)
	  Recheck Cond: ((k >= 1621720) AND (k <= 1621820))
	  ->  Bitmap Index Scan on k_3  (cost=0.00..5.46 rows=103 width=0)
	        Index Cond: ((k >= 1621720) AND (k <= 1621820))

table 4 : explain SELECT k, c FROM sbtest4 WHERE k BETWEEN 1621720 AND 1621820
	Bitmap Heap Scan on sbtest4  (cost=5.37..365.72 rows=91 width=125)
	  Recheck Cond: ((k >= 1621720) AND (k <= 1621820))
	  ->  Bitmap Index Scan on k_4  (cost=0.00..5.34 rows=91 width=0)
	        Index Cond: ((k >= 1621720) AND (k <= 1621820))

table 5 : explain SELECT k, c FROM sbtest5 WHERE k BETWEEN 1621720 AND 1621820
	Bitmap Heap Scan on sbtest5  (cost=5.49..413.00 rows=103 width=125)
	  Recheck Cond: ((k >= 1621720) AND (k <= 1621820))
	  ->  Bitmap Index Scan on k_5  (cost=0.00..5.46 rows=103 width=0)
	        Index Cond: ((k >= 1621720) AND (k <= 1621820))

table 6 : explain SELECT k, c FROM sbtest6 WHERE k BETWEEN 1621720 AND 1621820
	Bitmap Heap Scan on sbtest6  (cost=5.43..389.37 rows=97 width=125)
	  Recheck Cond: ((k >= 1621720) AND (k <= 1621820))
	  ->  Bitmap Index Scan on k_6  (cost=0.00..5.40 rows=97 width=0)
	        Index Cond: ((k >= 1621720) AND (k <= 1621820))

table 7 : explain SELECT k, c FROM sbtest7 WHERE k BETWEEN 1621720 AND 1621820
	Bitmap Heap Scan on sbtest7  (cost=5.54..432.69 rows=108 width=125)
	  Recheck Cond: ((k >= 1621720) AND (k <= 1621820))
	  ->  Bitmap Index Scan on k_7  (cost=0.00..5.51 rows=108 width=0)
	        Index Cond: ((k >= 1621720) AND (k <= 1621820))

table 8 : explain SELECT k, c FROM sbtest8 WHERE k BETWEEN 1621720 AND 1621820
	Bitmap Heap Scan on sbtest8  (cost=5.43..389.37 rows=97 width=125)
	  Recheck Cond: ((k >= 1621720) AND (k <= 1621820))
	  ->  Bitmap Index Scan on k_8  (cost=0.00..5.40 rows=97 width=0)
	        Index Cond: ((k >= 1621720) AND (k <= 1621820))

explain: for range-notcovered :: explain SELECT k, c FROM sbtest%d WHERE k BETWEEN 3884273 AND 3884373
explain: for range-notcovered :: explain SELECT k, c FROM sbtest%d WHERE k BETWEEN 1621720 AND 1621820
for range-notcovered
table 1 : explain SELECT k, c FROM sbtest1 WHERE k BETWEEN 5391383 AND 5391483
	Bitmap Heap Scan on sbtest1  (cost=5.42..385.43 rows=96 width=125)
	  Recheck Cond: ((k >= 5391383) AND (k <= 5391483))
	  ->  Bitmap Index Scan on k_1  (cost=0.00..5.39 rows=96 width=0)
	        Index Cond: ((k >= 5391383) AND (k <= 5391483))

table 2 : explain SELECT k, c FROM sbtest2 WHERE k BETWEEN 5391383 AND 5391483
	Bitmap Heap Scan on sbtest2  (cost=5.51..420.88 rows=105 width=125)
	  Recheck Cond: ((k >= 5391383) AND (k <= 5391483))
	  ->  Bitmap Index Scan on k_2  (cost=0.00..5.48 rows=105 width=0)
	        Index Cond: ((k >= 5391383) AND (k <= 5391483))

table 3 : explain SELECT k, c FROM sbtest3 WHERE k BETWEEN 5391383 AND 5391483
	Bitmap Heap Scan on sbtest3  (cost=5.55..436.62 rows=109 width=125)
	  Recheck Cond: ((k >= 5391383) AND (k <= 5391483))
	  ->  Bitmap Index Scan on k_3  (cost=0.00..5.52 rows=109 width=0)
	        Index Cond: ((k >= 5391383) AND (k <= 5391483))

table 4 : explain SELECT k, c FROM sbtest4 WHERE k BETWEEN 5391383 AND 5391483
	Bitmap Heap Scan on sbtest4  (cost=5.47..405.13 rows=101 width=125)
	  Recheck Cond: ((k >= 5391383) AND (k <= 5391483))
	  ->  Bitmap Index Scan on k_4  (cost=0.00..5.44 rows=101 width=0)
	        Index Cond: ((k >= 5391383) AND (k <= 5391483))

table 5 : explain SELECT k, c FROM sbtest5 WHERE k BETWEEN 5391383 AND 5391483
	Bitmap Heap Scan on sbtest5  (cost=5.57..444.49 rows=111 width=125)
	  Recheck Cond: ((k >= 5391383) AND (k <= 5391483))
	  ->  Bitmap Index Scan on k_5  (cost=0.00..5.54 rows=111 width=0)
	        Index Cond: ((k >= 5391383) AND (k <= 5391483))

table 6 : explain SELECT k, c FROM sbtest6 WHERE k BETWEEN 5391383 AND 5391483
	Bitmap Heap Scan on sbtest6  (cost=5.50..416.94 rows=104 width=125)
	  Recheck Cond: ((k >= 5391383) AND (k <= 5391483))
	  ->  Bitmap Index Scan on k_6  (cost=0.00..5.47 rows=104 width=0)
	        Index Cond: ((k >= 5391383) AND (k <= 5391483))

table 7 : explain SELECT k, c FROM sbtest7 WHERE k BETWEEN 5391383 AND 5391483
	Bitmap Heap Scan on sbtest7  (cost=5.44..393.31 rows=98 width=125)
	  Recheck Cond: ((k >= 5391383) AND (k <= 5391483))
	  ->  Bitmap Index Scan on k_7  (cost=0.00..5.42 rows=98 width=0)
	        Index Cond: ((k >= 5391383) AND (k <= 5391483))

table 8 : explain SELECT k, c FROM sbtest8 WHERE k BETWEEN 5391383 AND 5391483
	Bitmap Heap Scan on sbtest8  (cost=5.45..397.25 rows=99 width=125)
	  Recheck Cond: ((k >= 5391383) AND (k <= 5391483))
	  ->  Bitmap Index Scan on k_8  (cost=0.00..5.42 rows=99 width=0)
	        Index Cond: ((k >= 5391383) AND (k <= 5391483))

for range-notcovered
table 1 : explain SELECT k, c FROM sbtest1 WHERE k BETWEEN 2892885 AND 2892985
	Bitmap Heap Scan on sbtest1  (cost=5.54..432.69 rows=108 width=125)
	  Recheck Cond: ((k >= 2892885) AND (k <= 2892985))
	  ->  Bitmap Index Scan on k_1  (cost=0.00..5.51 rows=108 width=0)
	        Index Cond: ((k >= 2892885) AND (k <= 2892985))

table 2 : explain SELECT k, c FROM sbtest2 WHERE k BETWEEN 2892885 AND 2892985
	Bitmap Heap Scan on sbtest2  (cost=5.56..440.56 rows=110 width=125)
	  Recheck Cond: ((k >= 2892885) AND (k <= 2892985))
	  ->  Bitmap Index Scan on k_2  (cost=0.00..5.53 rows=110 width=0)
	        Index Cond: ((k >= 2892885) AND (k <= 2892985))

table 3 : explain SELECT k, c FROM sbtest3 WHERE k BETWEEN 2892885 AND 2892985
	Bitmap Heap Scan on sbtest3  (cost=5.61..460.22 rows=115 width=125)
	  Recheck Cond: ((k >= 2892885) AND (k <= 2892985))
	  ->  Bitmap Index Scan on k_3  (cost=0.00..5.58 rows=115 width=0)
	        Index Cond: ((k >= 2892885) AND (k <= 2892985))

table 4 : explain SELECT k, c FROM sbtest4 WHERE k BETWEEN 2892885 AND 2892985
	Bitmap Heap Scan on sbtest4  (cost=5.47..405.13 rows=101 width=125)
	  Recheck Cond: ((k >= 2892885) AND (k <= 2892985))
	  ->  Bitmap Index Scan on k_4  (cost=0.00..5.44 rows=101 width=0)
	        Index Cond: ((k >= 2892885) AND (k <= 2892985))

table 5 : explain SELECT k, c FROM sbtest5 WHERE k BETWEEN 2892885 AND 2892985
	Bitmap Heap Scan on sbtest5  (cost=5.48..409.07 rows=102 width=125)
	  Recheck Cond: ((k >= 2892885) AND (k <= 2892985))
	  ->  Bitmap Index Scan on k_5  (cost=0.00..5.45 rows=102 width=0)
	        Index Cond: ((k >= 2892885) AND (k <= 2892985))

table 6 : explain SELECT k, c FROM sbtest6 WHERE k BETWEEN 2892885 AND 2892985
	Bitmap Heap Scan on sbtest6  (cost=5.44..393.31 rows=98 width=125)
	  Recheck Cond: ((k >= 2892885) AND (k <= 2892985))
	  ->  Bitmap Index Scan on k_6  (cost=0.00..5.42 rows=98 width=0)
	        Index Cond: ((k >= 2892885) AND (k <= 2892985))

table 7 : explain SELECT k, c FROM sbtest7 WHERE k BETWEEN 2892885 AND 2892985
	Bitmap Heap Scan on sbtest7  (cost=5.46..401.19 rows=100 width=125)
	  Recheck Cond: ((k >= 2892885) AND (k <= 2892985))
	  ->  Bitmap Index Scan on k_7  (cost=0.00..5.43 rows=100 width=0)
	        Index Cond: ((k >= 2892885) AND (k <= 2892985))

table 8 : explain SELECT k, c FROM sbtest8 WHERE k BETWEEN 2892885 AND 2892985
	Bitmap Heap Scan on sbtest8  (cost=5.47..405.13 rows=101 width=125)
	  Recheck Cond: ((k >= 2892885) AND (k <= 2892985))
	  ->  Bitmap Index Scan on k_8  (cost=0.00..5.44 rows=101 width=0)
	        Index Cond: ((k >= 2892885) AND (k <= 2892985))

explain: for range-notcovered :: explain SELECT k, c FROM sbtest%d WHERE k BETWEEN 2892885 AND 2892985
for range-notcovered
table 1 : explain SELECT k, c FROM sbtest1 WHERE k BETWEEN 7066921 AND 7067021
	Bitmap Heap Scan on sbtest1  (cost=5.55..436.62 rows=109 width=125)
	  Recheck Cond: ((k >= 7066921) AND (k <= 7067021))
	  ->  Bitmap Index Scan on k_1  (cost=0.00..5.52 rows=109 width=0)
	        Index Cond: ((k >= 7066921) AND (k <= 7067021))

table 2 : explain SELECT k, c FROM sbtest2 WHERE k BETWEEN 7066921 AND 7067021
	Bitmap Heap Scan on sbtest2  (cost=5.44..393.31 rows=98 width=125)
	  Recheck Cond: ((k >= 7066921) AND (k <= 7067021))
	  ->  Bitmap Index Scan on k_2  (cost=0.00..5.42 rows=98 width=0)
	        Index Cond: ((k >= 7066921) AND (k <= 7067021))

table 3 : explain SELECT k, c FROM sbtest3 WHERE k BETWEEN 7066921 AND 7067021
	Bitmap Heap Scan on sbtest3  (cost=5.56..440.56 rows=110 width=125)
	  Recheck Cond: ((k >= 7066921) AND (k <= 7067021))
	  ->  Bitmap Index Scan on k_3  (cost=0.00..5.53 rows=110 width=0)
	        Index Cond: ((k >= 7066921) AND (k <= 7067021))

table 4 : explain SELECT k, c FROM sbtest4 WHERE k BETWEEN 7066921 AND 7067021
	Bitmap Heap Scan on sbtest4  (cost=5.49..413.00 rows=103 width=125)
	  Recheck Cond: ((k >= 7066921) AND (k <= 7067021))
	  ->  Bitmap Index Scan on k_4  (cost=0.00..5.46 rows=103 width=0)
	        Index Cond: ((k >= 7066921) AND (k <= 7067021))

table 5 : explain SELECT k, c FROM sbtest5 WHERE k BETWEEN 7066921 AND 7067021
	Bitmap Heap Scan on sbtest5  (cost=5.43..389.37 rows=97 width=125)
	  Recheck Cond: ((k >= 7066921) AND (k <= 7067021))
	  ->  Bitmap Index Scan on k_5  (cost=0.00..5.40 rows=97 width=0)
	        Index Cond: ((k >= 7066921) AND (k <= 7067021))

table 6 : explain SELECT k, c FROM sbtest6 WHERE k BETWEEN 7066921 AND 7067021
	Bitmap Heap Scan on sbtest6  (cost=5.57..444.49 rows=111 width=125)
	  Recheck Cond: ((k >= 7066921) AND (k <= 7067021))
	  ->  Bitmap Index Scan on k_6  (cost=0.00..5.54 rows=111 width=0)
	        Index Cond: ((k >= 7066921) AND (k <= 7067021))

table 7 : explain SELECT k, c FROM sbtest7 WHERE k BETWEEN 7066921 AND 7067021
	Bitmap Heap Scan on sbtest7  (cost=5.52..424.81 rows=106 width=125)
	  Recheck Cond: ((k >= 7066921) AND (k <= 7067021))
	  ->  Bitmap Index Scan on k_7  (cost=0.00..5.50 rows=106 width=0)
	        Index Cond: ((k >= 7066921) AND (k <= 7067021))

table 8 : explain SELECT k, c FROM sbtest8 WHERE k BETWEEN 7066921 AND 7067021
	Bitmap Heap Scan on sbtest8  (cost=5.46..401.19 rows=100 width=125)
	  Recheck Cond: ((k >= 7066921) AND (k <= 7067021))
	  ->  Bitmap Index Scan on k_8  (cost=0.00..5.43 rows=100 width=0)
	        Index Cond: ((k >= 7066921) AND (k <= 7067021))

for range-notcovered
table 1 : explain SELECT k, c FROM sbtest1 WHERE k BETWEEN 7192324 AND 7192424
	Bitmap Heap Scan on sbtest1  (cost=5.45..397.25 rows=99 width=125)
	  Recheck Cond: ((k >= 7192324) AND (k <= 7192424))
	  ->  Bitmap Index Scan on k_1  (cost=0.00..5.42 rows=99 width=0)
	        Index Cond: ((k >= 7192324) AND (k <= 7192424))

table 2 : explain SELECT k, c FROM sbtest2 WHERE k BETWEEN 7192324 AND 7192424
	Bitmap Heap Scan on sbtest2  (cost=5.46..401.19 rows=100 width=125)
	  Recheck Cond: ((k >= 7192324) AND (k <= 7192424))
	  ->  Bitmap Index Scan on k_2  (cost=0.00..5.43 rows=100 width=0)
	        Index Cond: ((k >= 7192324) AND (k <= 7192424))

table 3 : explain SELECT k, c FROM sbtest3 WHERE k BETWEEN 7192324 AND 7192424
	Bitmap Heap Scan on sbtest3  (cost=5.42..385.43 rows=96 width=125)
	  Recheck Cond: ((k >= 7192324) AND (k <= 7192424))
	  ->  Bitmap Index Scan on k_3  (cost=0.00..5.39 rows=96 width=0)
	        Index Cond: ((k >= 7192324) AND (k <= 7192424))

table 4 : explain SELECT k, c FROM sbtest4 WHERE k BETWEEN 7192324 AND 7192424
	Bitmap Heap Scan on sbtest4  (cost=5.54..432.69 rows=108 width=125)
	  Recheck Cond: ((k >= 7192324) AND (k <= 7192424))
	  ->  Bitmap Index Scan on k_4  (cost=0.00..5.51 rows=108 width=0)
	        Index Cond: ((k >= 7192324) AND (k <= 7192424))

table 5 : explain SELECT k, c FROM sbtest5 WHERE k BETWEEN 7192324 AND 7192424
	Bitmap Heap Scan on sbtest5  (cost=5.47..405.13 rows=101 width=125)
	  Recheck Cond: ((k >= 7192324) AND (k <= 7192424))
	  ->  Bitmap Index Scan on k_5  (cost=0.00..5.44 rows=101 width=0)
	        Index Cond: ((k >= 7192324) AND (k <= 7192424))

table 6 : explain SELECT k, c FROM sbtest6 WHERE k BETWEEN 7192324 AND 7192424
	Bitmap Heap Scan on sbtest6  (cost=5.55..436.62 rows=109 width=125)
	  Recheck Cond: ((k >= 7192324) AND (k <= 7192424))
	  ->  Bitmap Index Scan on k_6  (cost=0.00..5.52 rows=109 width=0)
	        Index Cond: ((k >= 7192324) AND (k <= 7192424))

table 7 : explain SELECT k, c FROM sbtest7 WHERE k BETWEEN 7192324 AND 7192424
	Bitmap Heap Scan on sbtest7  (cost=5.46..401.19 rows=100 width=125)
	  Recheck Cond: ((k >= 7192324) AND (k <= 7192424))
	  ->  Bitmap Index Scan on k_7  (cost=0.00..5.43 rows=100 width=0)
	        Index Cond: ((k >= 7192324) AND (k <= 7192424))

table 8 : explain SELECT k, c FROM sbtest8 WHERE k BETWEEN 7192324 AND 7192424
	Bitmap Heap Scan on sbtest8  (cost=5.52..424.81 rows=106 width=125)
	  Recheck Cond: ((k >= 7192324) AND (k <= 7192424))
	  ->  Bitmap Index Scan on k_8  (cost=0.00..5.50 rows=106 width=0)
	        Index Cond: ((k >= 7192324) AND (k <= 7192424))

for range-notcovered
table 1 : explain SELECT k, c FROM sbtest1 WHERE k BETWEEN 3029874 AND 3029974
	Bitmap Heap Scan on sbtest1  (cost=5.49..413.00 rows=103 width=125)
	  Recheck Cond: ((k >= 3029874) AND (k <= 3029974))
	  ->  Bitmap Index Scan on k_1  (cost=0.00..5.46 rows=103 width=0)
	        Index Cond: ((k >= 3029874) AND (k <= 3029974))

table 2 : explain SELECT k, c FROM sbtest2 WHERE k BETWEEN 3029874 AND 3029974
	Bitmap Heap Scan on sbtest2  (cost=5.42..385.43 rows=96 width=125)
	  Recheck Cond: ((k >= 3029874) AND (k <= 3029974))
	  ->  Bitmap Index Scan on k_2  (cost=0.00..5.39 rows=96 width=0)
	        Index Cond: ((k >= 3029874) AND (k <= 3029974))

table 3 : explain SELECT k, c FROM sbtest3 WHERE k BETWEEN 3029874 AND 3029974
	Bitmap Heap Scan on sbtest3  (cost=5.47..405.13 rows=101 width=125)
	  Recheck Cond: ((k >= 3029874) AND (k <= 3029974))
	  ->  Bitmap Index Scan on k_3  (cost=0.00..5.44 rows=101 width=0)
	        Index Cond: ((k >= 3029874) AND (k <= 3029974))

table 4 : explain SELECT k, c FROM sbtest4 WHERE k BETWEEN 3029874 AND 3029974
	Bitmap Heap Scan on sbtest4  (cost=5.56..440.56 rows=110 width=125)
	  Recheck Cond: ((k >= 3029874) AND (k <= 3029974))
	  ->  Bitmap Index Scan on k_4  (cost=0.00..5.53 rows=110 width=0)
	        Index Cond: ((k >= 3029874) AND (k <= 3029974))

table 5 : explain SELECT k, c FROM sbtest5 WHERE k BETWEEN 3029874 AND 3029974
	Bitmap Heap Scan on sbtest5  (cost=5.41..381.49 rows=95 width=125)
	  Recheck Cond: ((k >= 3029874) AND (k <= 3029974))
	  ->  Bitmap Index Scan on k_5  (cost=0.00..5.38 rows=95 width=0)
	        Index Cond: ((k >= 3029874) AND (k <= 3029974))

table 6 : explain SELECT k, c FROM sbtest6 WHERE k BETWEEN 3029874 AND 3029974
	Bitmap Heap Scan on sbtest6  (cost=5.43..389.37 rows=97 width=125)
	  Recheck Cond: ((k >= 3029874) AND (k <= 3029974))
	  ->  Bitmap Index Scan on k_6  (cost=0.00..5.40 rows=97 width=0)
	        Index Cond: ((k >= 3029874) AND (k <= 3029974))

table 7 : explain SELECT k, c FROM sbtest7 WHERE k BETWEEN 3029874 AND 3029974
	Bitmap Heap Scan on sbtest7  (cost=5.48..409.07 rows=102 width=125)
	  Recheck Cond: ((k >= 3029874) AND (k <= 3029974))
	  ->  Bitmap Index Scan on k_7  (cost=0.00..5.45 rows=102 width=0)
	        Index Cond: ((k >= 3029874) AND (k <= 3029974))

table 8 : explain SELECT k, c FROM sbtest8 WHERE k BETWEEN 3029874 AND 3029974
	Bitmap Heap Scan on sbtest8  (cost=5.42..385.43 rows=96 width=125)
	  Recheck Cond: ((k >= 3029874) AND (k <= 3029974))
	  ->  Bitmap Index Scan on k_8  (cost=0.00..5.39 rows=96 width=0)
	        Index Cond: ((k >= 3029874) AND (k <= 3029974))

for range-notcovered
table 1 : explain SELECT k, c FROM sbtest1 WHERE k BETWEEN 3884273 AND 3884373
	Bitmap Heap Scan on sbtest1  (cost=5.45..397.25 rows=99 width=125)
	  Recheck Cond: ((k >= 3884273) AND (k <= 3884373))
	  ->  Bitmap Index Scan on k_1  (cost=0.00..5.42 rows=99 width=0)
	        Index Cond: ((k >= 3884273) AND (k <= 3884373))

table 2 : explain SELECT k, c FROM sbtest2 WHERE k BETWEEN 3884273 AND 3884373
	Bitmap Heap Scan on sbtest2  (cost=5.49..413.00 rows=103 width=125)
	  Recheck Cond: ((k >= 3884273) AND (k <= 3884373))
	  ->  Bitmap Index Scan on k_2  (cost=0.00..5.46 rows=103 width=0)
	        Index Cond: ((k >= 3884273) AND (k <= 3884373))

table 3 : explain SELECT k, c FROM sbtest3 WHERE k BETWEEN 3884273 AND 3884373
	Bitmap Heap Scan on sbtest3  (cost=5.48..409.07 rows=102 width=125)
	  Recheck Cond: ((k >= 3884273) AND (k <= 3884373))
	  ->  Bitmap Index Scan on k_3  (cost=0.00..5.45 rows=102 width=0)
	        Index Cond: ((k >= 3884273) AND (k <= 3884373))

table 4 : explain SELECT k, c FROM sbtest4 WHERE k BETWEEN 3884273 AND 3884373
	Bitmap Heap Scan on sbtest4  (cost=5.44..393.31 rows=98 width=125)
	  Recheck Cond: ((k >= 3884273) AND (k <= 3884373))
	  ->  Bitmap Index Scan on k_4  (cost=0.00..5.42 rows=98 width=0)
	        Index Cond: ((k >= 3884273) AND (k <= 3884373))

table 5 : explain SELECT k, c FROM sbtest5 WHERE k BETWEEN 3884273 AND 3884373
	Bitmap Heap Scan on sbtest5  (cost=5.48..409.07 rows=102 width=125)
	  Recheck Cond: ((k >= 3884273) AND (k <= 3884373))
	  ->  Bitmap Index Scan on k_5  (cost=0.00..5.45 rows=102 width=0)
	        Index Cond: ((k >= 3884273) AND (k <= 3884373))

table 6 : explain SELECT k, c FROM sbtest6 WHERE k BETWEEN 3884273 AND 3884373
	Bitmap Heap Scan on sbtest6  (cost=5.44..393.31 rows=98 width=125)
	  Recheck Cond: ((k >= 3884273) AND (k <= 3884373))
	  ->  Bitmap Index Scan on k_6  (cost=0.00..5.42 rows=98 width=0)
	        Index Cond: ((k >= 3884273) AND (k <= 3884373))

table 7 : explain SELECT k, c FROM sbtest7 WHERE k BETWEEN 3884273 AND 3884373
	Bitmap Heap Scan on sbtest7  (cost=5.55..436.62 rows=109 width=125)
	  Recheck Cond: ((k >= 3884273) AND (k <= 3884373))
	  ->  Bitmap Index Scan on k_7  (cost=0.00..5.52 rows=109 width=0)
	        Index Cond: ((k >= 3884273) AND (k <= 3884373))

table 8 : explain SELECT k, c FROM sbtest8 WHERE k BETWEEN 3884273 AND 3884373
	Bitmap Heap Scan on sbtest8  (cost=5.40..377.55 rows=94 width=125)
	  Recheck Cond: ((k >= 3884273) AND (k <= 3884373))
	  ->  Bitmap Index Scan on k_8  (cost=0.00..5.38 rows=94 width=0)
	        Index Cond: ((k >= 3884273) AND (k <= 3884373))

for range-notcovered
table 1 : explain SELECT k, c FROM sbtest1 WHERE k BETWEEN 8267954 AND 8268054
	Bitmap Heap Scan on sbtest1  (cost=5.50..416.94 rows=104 width=125)
	  Recheck Cond: ((k >= 8267954) AND (k <= 8268054))
	  ->  Bitmap Index Scan on k_1  (cost=0.00..5.47 rows=104 width=0)
	        Index Cond: ((k >= 8267954) AND (k <= 8268054))

table 2 : explain SELECT k, c FROM sbtest2 WHERE k BETWEEN 8267954 AND 8268054
	Bitmap Heap Scan on sbtest2  (cost=5.54..432.69 rows=108 width=125)
	  Recheck Cond: ((k >= 8267954) AND (k <= 8268054))
	  ->  Bitmap Index Scan on k_2  (cost=0.00..5.51 rows=108 width=0)
	        Index Cond: ((k >= 8267954) AND (k <= 8268054))

table 3 : explain SELECT k, c FROM sbtest3 WHERE k BETWEEN 8267954 AND 8268054
	Bitmap Heap Scan on sbtest3  (cost=5.47..405.13 rows=101 width=125)
	  Recheck Cond: ((k >= 8267954) AND (k <= 8268054))
	  ->  Bitmap Index Scan on k_3  (cost=0.00..5.44 rows=101 width=0)
	        Index Cond: ((k >= 8267954) AND (k <= 8268054))

table 4 : explain SELECT k, c FROM sbtest4 WHERE k BETWEEN 8267954 AND 8268054
	Bitmap Heap Scan on sbtest4  (cost=5.43..389.37 rows=97 width=125)
	  Recheck Cond: ((k >= 8267954) AND (k <= 8268054))
	  ->  Bitmap Index Scan on k_4  (cost=0.00..5.40 rows=97 width=0)
	        Index Cond: ((k >= 8267954) AND (k <= 8268054))

table 5 : explain SELECT k, c FROM sbtest5 WHERE k BETWEEN 8267954 AND 8268054
	Bitmap Heap Scan on sbtest5  (cost=5.52..424.81 rows=106 width=125)
	  Recheck Cond: ((k >= 8267954) AND (k <= 8268054))
	  ->  Bitmap Index Scan on k_5  (cost=0.00..5.50 rows=106 width=0)
	        Index Cond: ((k >= 8267954) AND (k <= 8268054))

table 6 : explain SELECT k, c FROM sbtest6 WHERE k BETWEEN 8267954 AND 8268054
	Bitmap Heap Scan on sbtest6  (cost=5.55..436.62 rows=109 width=125)
	  Recheck Cond: ((k >= 8267954) AND (k <= 8268054))
	  ->  Bitmap Index Scan on k_6  (cost=0.00..5.52 rows=109 width=0)
	        Index Cond: ((k >= 8267954) AND (k <= 8268054))

table 7 : explain SELECT k, c FROM sbtest7 WHERE k BETWEEN 8267954 AND 8268054
	Bitmap Heap Scan on sbtest7  (cost=5.49..413.00 rows=103 width=125)
	  Recheck Cond: ((k >= 8267954) AND (k <= 8268054))
	  ->  Bitmap Index Scan on k_7  (cost=0.00..5.46 rows=103 width=0)
	        Index Cond: ((k >= 8267954) AND (k <= 8268054))

table 8 : explain SELECT k, c FROM sbtest8 WHERE k BETWEEN 8267954 AND 8268054
	Bitmap Heap Scan on sbtest8  (cost=5.41..381.49 rows=95 width=125)
	  Recheck Cond: ((k >= 8267954) AND (k <= 8268054))
	  ->  Bitmap Index Scan on k_8  (cost=0.00..5.38 rows=95 width=0)
	        Index Cond: ((k >= 8267954) AND (k <= 8268054))

explain: for range-notcovered :: explain SELECT k, c FROM sbtest%d WHERE k BETWEEN 8267954 AND 8268054
explain: for range-notcovered :: explain SELECT k, c FROM sbtest%d WHERE k BETWEEN 3884273 AND 3884373
for range-notcovered
table 1 : explain SELECT k, c FROM sbtest1 WHERE k BETWEEN 3435870 AND 3435970
	Bitmap Heap Scan on sbtest1  (cost=5.44..393.31 rows=98 width=125)
	  Recheck Cond: ((k >= 3435870) AND (k <= 3435970))
	  ->  Bitmap Index Scan on k_1  (cost=0.00..5.42 rows=98 width=0)
	        Index Cond: ((k >= 3435870) AND (k <= 3435970))

table 2 : explain SELECT k, c FROM sbtest2 WHERE k BETWEEN 3435870 AND 3435970
	Bitmap Heap Scan on sbtest2  (cost=5.56..440.56 rows=110 width=125)
	  Recheck Cond: ((k >= 3435870) AND (k <= 3435970))
	  ->  Bitmap Index Scan on k_2  (cost=0.00..5.53 rows=110 width=0)
	        Index Cond: ((k >= 3435870) AND (k <= 3435970))

table 3 : explain SELECT k, c FROM sbtest3 WHERE k BETWEEN 3435870 AND 3435970
	Bitmap Heap Scan on sbtest3  (cost=5.45..397.25 rows=99 width=125)
	  Recheck Cond: ((k >= 3435870) AND (k <= 3435970))
	  ->  Bitmap Index Scan on k_3  (cost=0.00..5.42 rows=99 width=0)
	        Index Cond: ((k >= 3435870) AND (k <= 3435970))

table 4 : explain SELECT k, c FROM sbtest4 WHERE k BETWEEN 3435870 AND 3435970
	Bitmap Heap Scan on sbtest4  (cost=5.46..401.19 rows=100 width=125)
	  Recheck Cond: ((k >= 3435870) AND (k <= 3435970))
	  ->  Bitmap Index Scan on k_4  (cost=0.00..5.43 rows=100 width=0)
	        Index Cond: ((k >= 3435870) AND (k <= 3435970))

table 5 : explain SELECT k, c FROM sbtest5 WHERE k BETWEEN 3435870 AND 3435970
	Bitmap Heap Scan on sbtest5  (cost=5.55..436.62 rows=109 width=125)
	  Recheck Cond: ((k >= 3435870) AND (k <= 3435970))
	  ->  Bitmap Index Scan on k_5  (cost=0.00..5.52 rows=109 width=0)
	        Index Cond: ((k >= 3435870) AND (k <= 3435970))

table 6 : explain SELECT k, c FROM sbtest6 WHERE k BETWEEN 3435870 AND 3435970
	Bitmap Heap Scan on sbtest6  (cost=5.46..401.19 rows=100 width=125)
	  Recheck Cond: ((k >= 3435870) AND (k <= 3435970))
	  ->  Bitmap Index Scan on k_6  (cost=0.00..5.43 rows=100 width=0)
	        Index Cond: ((k >= 3435870) AND (k <= 3435970))

table 7 : explain SELECT k, c FROM sbtest7 WHERE k BETWEEN 3435870 AND 3435970
	Bitmap Heap Scan on sbtest7  (cost=5.43..389.37 rows=97 width=125)
	  Recheck Cond: ((k >= 3435870) AND (k <= 3435970))
	  ->  Bitmap Index Scan on k_7  (cost=0.00..5.40 rows=97 width=0)
	        Index Cond: ((k >= 3435870) AND (k <= 3435970))

table 8 : explain SELECT k, c FROM sbtest8 WHERE k BETWEEN 3435870 AND 3435970
	Bitmap Heap Scan on sbtest8  (cost=5.55..436.62 rows=109 width=125)
	  Recheck Cond: ((k >= 3435870) AND (k <= 3435970))
	  ->  Bitmap Index Scan on k_8  (cost=0.00..5.52 rows=109 width=0)
	        Index Cond: ((k >= 3435870) AND (k <= 3435970))

for range-notcovered
table 1 : explain SELECT k, c FROM sbtest1 WHERE k BETWEEN 2892885 AND 2892985
	Bitmap Heap Scan on sbtest1  (cost=5.54..432.69 rows=108 width=125)
	  Recheck Cond: ((k >= 2892885) AND (k <= 2892985))
	  ->  Bitmap Index Scan on k_1  (cost=0.00..5.51 rows=108 width=0)
	        Index Cond: ((k >= 2892885) AND (k <= 2892985))

table 2 : explain SELECT k, c FROM sbtest2 WHERE k BETWEEN 2892885 AND 2892985
	Bitmap Heap Scan on sbtest2  (cost=5.56..440.56 rows=110 width=125)
	  Recheck Cond: ((k >= 2892885) AND (k <= 2892985))
	  ->  Bitmap Index Scan on k_2  (cost=0.00..5.53 rows=110 width=0)
	        Index Cond: ((k >= 2892885) AND (k <= 2892985))

table 3 : explain SELECT k, c FROM sbtest3 WHERE k BETWEEN 2892885 AND 2892985
	Bitmap Heap Scan on sbtest3  (cost=5.61..460.22 rows=115 width=125)
	  Recheck Cond: ((k >= 2892885) AND (k <= 2892985))
	  ->  Bitmap Index Scan on k_3  (cost=0.00..5.58 rows=115 width=0)
	        Index Cond: ((k >= 2892885) AND (k <= 2892985))

table 4 : explain SELECT k, c FROM sbtest4 WHERE k BETWEEN 2892885 AND 2892985
	Bitmap Heap Scan on sbtest4  (cost=5.47..405.13 rows=101 width=125)
	  Recheck Cond: ((k >= 2892885) AND (k <= 2892985))
	  ->  Bitmap Index Scan on k_4  (cost=0.00..5.44 rows=101 width=0)
	        Index Cond: ((k >= 2892885) AND (k <= 2892985))

table 5 : explain SELECT k, c FROM sbtest5 WHERE k BETWEEN 2892885 AND 2892985
	Bitmap Heap Scan on sbtest5  (cost=5.48..409.07 rows=102 width=125)
	  Recheck Cond: ((k >= 2892885) AND (k <= 2892985))
	  ->  Bitmap Index Scan on k_5  (cost=0.00..5.45 rows=102 width=0)
	        Index Cond: ((k >= 2892885) AND (k <= 2892985))

table 6 : explain SELECT k, c FROM sbtest6 WHERE k BETWEEN 2892885 AND 2892985
	Bitmap Heap Scan on sbtest6  (cost=5.44..393.31 rows=98 width=125)
	  Recheck Cond: ((k >= 2892885) AND (k <= 2892985))
	  ->  Bitmap Index Scan on k_6  (cost=0.00..5.42 rows=98 width=0)
	        Index Cond: ((k >= 2892885) AND (k <= 2892985))

table 7 : explain SELECT k, c FROM sbtest7 WHERE k BETWEEN 2892885 AND 2892985
	Bitmap Heap Scan on sbtest7  (cost=5.46..401.19 rows=100 width=125)
	  Recheck Cond: ((k >= 2892885) AND (k <= 2892985))
	  ->  Bitmap Index Scan on k_7  (cost=0.00..5.43 rows=100 width=0)
	        Index Cond: ((k >= 2892885) AND (k <= 2892985))

table 8 : explain SELECT k, c FROM sbtest8 WHERE k BETWEEN 2892885 AND 2892985
	Bitmap Heap Scan on sbtest8  (cost=5.47..405.13 rows=101 width=125)
	  Recheck Cond: ((k >= 2892885) AND (k <= 2892985))
	  ->  Bitmap Index Scan on k_8  (cost=0.00..5.44 rows=101 width=0)
	        Index Cond: ((k >= 2892885) AND (k <= 2892985))

explain: for range-notcovered :: explain SELECT k, c FROM sbtest%d WHERE k BETWEEN 2892885 AND 2892985
for range-notcovered
table 1 : explain SELECT k, c FROM sbtest1 WHERE k BETWEEN 1621720 AND 1621820
	Bitmap Heap Scan on sbtest1  (cost=5.61..460.22 rows=115 width=125)
	  Recheck Cond: ((k >= 1621720) AND (k <= 1621820))
	  ->  Bitmap Index Scan on k_1  (cost=0.00..5.58 rows=115 width=0)
	        Index Cond: ((k >= 1621720) AND (k <= 1621820))

table 2 : explain SELECT k, c FROM sbtest2 WHERE k BETWEEN 1621720 AND 1621820
	Bitmap Heap Scan on sbtest2  (cost=5.48..409.07 rows=102 width=125)
	  Recheck Cond: ((k >= 1621720) AND (k <= 1621820))
	  ->  Bitmap Index Scan on k_2  (cost=0.00..5.45 rows=102 width=0)
	        Index Cond: ((k >= 1621720) AND (k <= 1621820))

table 3 : explain SELECT k, c FROM sbtest3 WHERE k BETWEEN 1621720 AND 1621820
	Bitmap Heap Scan on sbtest3  (cost=5.49..413.00 rows=103 width=125)
	  Recheck Cond: ((k >= 1621720) AND (k <= 1621820))
	  ->  Bitmap Index Scan on k_3  (cost=0.00..5.46 rows=103 width=0)
	        Index Cond: ((k >= 1621720) AND (k <= 1621820))

table 4 : explain SELECT k, c FROM sbtest4 WHERE k BETWEEN 1621720 AND 1621820
	Bitmap Heap Scan on sbtest4  (cost=5.37..365.72 rows=91 width=125)
	  Recheck Cond: ((k >= 1621720) AND (k <= 1621820))
	  ->  Bitmap Index Scan on k_4  (cost=0.00..5.34 rows=91 width=0)
	        Index Cond: ((k >= 1621720) AND (k <= 1621820))

table 5 : explain SELECT k, c FROM sbtest5 WHERE k BETWEEN 1621720 AND 1621820
	Bitmap Heap Scan on sbtest5  (cost=5.49..413.00 rows=103 width=125)
	  Recheck Cond: ((k >= 1621720) AND (k <= 1621820))
	  ->  Bitmap Index Scan on k_5  (cost=0.00..5.46 rows=103 width=0)
	        Index Cond: ((k >= 1621720) AND (k <= 1621820))

table 6 : explain SELECT k, c FROM sbtest6 WHERE k BETWEEN 1621720 AND 1621820
	Bitmap Heap Scan on sbtest6  (cost=5.43..389.37 rows=97 width=125)
	  Recheck Cond: ((k >= 1621720) AND (k <= 1621820))
	  ->  Bitmap Index Scan on k_6  (cost=0.00..5.40 rows=97 width=0)
	        Index Cond: ((k >= 1621720) AND (k <= 1621820))

table 7 : explain SELECT k, c FROM sbtest7 WHERE k BETWEEN 1621720 AND 1621820
	Bitmap Heap Scan on sbtest7  (cost=5.54..432.69 rows=108 width=125)
	  Recheck Cond: ((k >= 1621720) AND (k <= 1621820))
	  ->  Bitmap Index Scan on k_7  (cost=0.00..5.51 rows=108 width=0)
	        Index Cond: ((k >= 1621720) AND (k <= 1621820))

table 8 : explain SELECT k, c FROM sbtest8 WHERE k BETWEEN 1621720 AND 1621820
	Bitmap Heap Scan on sbtest8  (cost=5.43..389.37 rows=97 width=125)
	  Recheck Cond: ((k >= 1621720) AND (k <= 1621820))
	  ->  Bitmap Index Scan on k_8  (cost=0.00..5.40 rows=97 width=0)
	        Index Cond: ((k >= 1621720) AND (k <= 1621820))

for range-notcovered
table 1 : explain SELECT k, c FROM sbtest1 WHERE k BETWEEN 1084689 AND 1084789
	Bitmap Heap Scan on sbtest1  (cost=5.44..393.31 rows=98 width=125)
	  Recheck Cond: ((k >= 1084689) AND (k <= 1084789))
	  ->  Bitmap Index Scan on k_1  (cost=0.00..5.42 rows=98 width=0)
	        Index Cond: ((k >= 1084689) AND (k <= 1084789))

table 2 : explain SELECT k, c FROM sbtest2 WHERE k BETWEEN 1084689 AND 1084789
	Bitmap Heap Scan on sbtest2  (cost=5.45..397.25 rows=99 width=125)
	  Recheck Cond: ((k >= 1084689) AND (k <= 1084789))
	  ->  Bitmap Index Scan on k_2  (cost=0.00..5.42 rows=99 width=0)
	        Index Cond: ((k >= 1084689) AND (k <= 1084789))

table 3 : explain SELECT k, c FROM sbtest3 WHERE k BETWEEN 1084689 AND 1084789
	Bitmap Heap Scan on sbtest3  (cost=5.39..373.61 rows=93 width=125)
	  Recheck Cond: ((k >= 1084689) AND (k <= 1084789))
	  ->  Bitmap Index Scan on k_3  (cost=0.00..5.36 rows=93 width=0)
	        Index Cond: ((k >= 1084689) AND (k <= 1084789))

table 4 : explain SELECT k, c FROM sbtest4 WHERE k BETWEEN 1084689 AND 1084789
	Bitmap Heap Scan on sbtest4  (cost=5.47..405.13 rows=101 width=125)
	  Recheck Cond: ((k >= 1084689) AND (k <= 1084789))
	  ->  Bitmap Index Scan on k_4  (cost=0.00..5.44 rows=101 width=0)
	        Index Cond: ((k >= 1084689) AND (k <= 1084789))

table 5 : explain SELECT k, c FROM sbtest5 WHERE k BETWEEN 1084689 AND 1084789
	Bitmap Heap Scan on sbtest5  (cost=5.47..405.13 rows=101 width=125)
	  Recheck Cond: ((k >= 1084689) AND (k <= 1084789))
	  ->  Bitmap Index Scan on k_5  (cost=0.00..5.44 rows=101 width=0)
	        Index Cond: ((k >= 1084689) AND (k <= 1084789))

table 6 : explain SELECT k, c FROM sbtest6 WHERE k BETWEEN 1084689 AND 1084789
	Bitmap Heap Scan on sbtest6  (cost=5.43..389.37 rows=97 width=125)
	  Recheck Cond: ((k >= 1084689) AND (k <= 1084789))
	  ->  Bitmap Index Scan on k_6  (cost=0.00..5.40 rows=97 width=0)
	        Index Cond: ((k >= 1084689) AND (k <= 1084789))

table 7 : explain SELECT k, c FROM sbtest7 WHERE k BETWEEN 1084689 AND 1084789
	Bitmap Heap Scan on sbtest7  (cost=5.55..436.62 rows=109 width=125)
	  Recheck Cond: ((k >= 1084689) AND (k <= 1084789))
	  ->  Bitmap Index Scan on k_7  (cost=0.00..5.52 rows=109 width=0)
	        Index Cond: ((k >= 1084689) AND (k <= 1084789))

table 8 : explain SELECT k, c FROM sbtest8 WHERE k BETWEEN 1084689 AND 1084789
	Bitmap Heap Scan on sbtest8  (cost=5.46..401.19 rows=100 width=125)
	  Recheck Cond: ((k >= 1084689) AND (k <= 1084789))
	  ->  Bitmap Index Scan on k_8  (cost=0.00..5.43 rows=100 width=0)
	        Index Cond: ((k >= 1084689) AND (k <= 1084789))

explain: for range-notcovered :: explain SELECT k, c FROM sbtest%d WHERE k BETWEEN 3435870 AND 3435970
explain: for range-notcovered :: explain SELECT k, c FROM sbtest%d WHERE k BETWEEN 1621720 AND 1621820
for range-notcovered
table 1 : explain SELECT k, c FROM sbtest1 WHERE k BETWEEN 8267954 AND 8268054
	Bitmap Heap Scan on sbtest1  (cost=5.50..416.94 rows=104 width=125)
	  Recheck Cond: ((k >= 8267954) AND (k <= 8268054))
	  ->  Bitmap Index Scan on k_1  (cost=0.00..5.47 rows=104 width=0)
	        Index Cond: ((k >= 8267954) AND (k <= 8268054))

table 2 : explain SELECT k, c FROM sbtest2 WHERE k BETWEEN 8267954 AND 8268054
	Bitmap Heap Scan on sbtest2  (cost=5.54..432.69 rows=108 width=125)
	  Recheck Cond: ((k >= 8267954) AND (k <= 8268054))
	  ->  Bitmap Index Scan on k_2  (cost=0.00..5.51 rows=108 width=0)
	        Index Cond: ((k >= 8267954) AND (k <= 8268054))

table 3 : explain SELECT k, c FROM sbtest3 WHERE k BETWEEN 8267954 AND 8268054
	Bitmap Heap Scan on sbtest3  (cost=5.47..405.13 rows=101 width=125)
	  Recheck Cond: ((k >= 8267954) AND (k <= 8268054))
	  ->  Bitmap Index Scan on k_3  (cost=0.00..5.44 rows=101 width=0)
	        Index Cond: ((k >= 8267954) AND (k <= 8268054))

table 4 : explain SELECT k, c FROM sbtest4 WHERE k BETWEEN 8267954 AND 8268054
	Bitmap Heap Scan on sbtest4  (cost=5.43..389.37 rows=97 width=125)
	  Recheck Cond: ((k >= 8267954) AND (k <= 8268054))
	  ->  Bitmap Index Scan on k_4  (cost=0.00..5.40 rows=97 width=0)
	        Index Cond: ((k >= 8267954) AND (k <= 8268054))

table 5 : explain SELECT k, c FROM sbtest5 WHERE k BETWEEN 8267954 AND 8268054
	Bitmap Heap Scan on sbtest5  (cost=5.52..424.81 rows=106 width=125)
	  Recheck Cond: ((k >= 8267954) AND (k <= 8268054))
	  ->  Bitmap Index Scan on k_5  (cost=0.00..5.50 rows=106 width=0)
	        Index Cond: ((k >= 8267954) AND (k <= 8268054))

table 6 : explain SELECT k, c FROM sbtest6 WHERE k BETWEEN 8267954 AND 8268054
	Bitmap Heap Scan on sbtest6  (cost=5.55..436.62 rows=109 width=125)
	  Recheck Cond: ((k >= 8267954) AND (k <= 8268054))
	  ->  Bitmap Index Scan on k_6  (cost=0.00..5.52 rows=109 width=0)
	        Index Cond: ((k >= 8267954) AND (k <= 8268054))

table 7 : explain SELECT k, c FROM sbtest7 WHERE k BETWEEN 8267954 AND 8268054
	Bitmap Heap Scan on sbtest7  (cost=5.49..413.00 rows=103 width=125)
	  Recheck Cond: ((k >= 8267954) AND (k <= 8268054))
	  ->  Bitmap Index Scan on k_7  (cost=0.00..5.46 rows=103 width=0)
	        Index Cond: ((k >= 8267954) AND (k <= 8268054))

table 8 : explain SELECT k, c FROM sbtest8 WHERE k BETWEEN 8267954 AND 8268054
	Bitmap Heap Scan on sbtest8  (cost=5.41..381.49 rows=95 width=125)
	  Recheck Cond: ((k >= 8267954) AND (k <= 8268054))
	  ->  Bitmap Index Scan on k_8  (cost=0.00..5.38 rows=95 width=0)
	        Index Cond: ((k >= 8267954) AND (k <= 8268054))

for range-notcovered
table 1 : explain SELECT k, c FROM sbtest1 WHERE k BETWEEN 2892885 AND 2892985
	Bitmap Heap Scan on sbtest1  (cost=5.54..432.69 rows=108 width=125)
	  Recheck Cond: ((k >= 2892885) AND (k <= 2892985))
	  ->  Bitmap Index Scan on k_1  (cost=0.00..5.51 rows=108 width=0)
	        Index Cond: ((k >= 2892885) AND (k <= 2892985))

table 2 : explain SELECT k, c FROM sbtest2 WHERE k BETWEEN 2892885 AND 2892985
	Bitmap Heap Scan on sbtest2  (cost=5.56..440.56 rows=110 width=125)
	  Recheck Cond: ((k >= 2892885) AND (k <= 2892985))
	  ->  Bitmap Index Scan on k_2  (cost=0.00..5.53 rows=110 width=0)
	        Index Cond: ((k >= 2892885) AND (k <= 2892985))

table 3 : explain SELECT k, c FROM sbtest3 WHERE k BETWEEN 2892885 AND 2892985
	Bitmap Heap Scan on sbtest3  (cost=5.61..460.22 rows=115 width=125)
	  Recheck Cond: ((k >= 2892885) AND (k <= 2892985))
	  ->  Bitmap Index Scan on k_3  (cost=0.00..5.58 rows=115 width=0)
	        Index Cond: ((k >= 2892885) AND (k <= 2892985))

table 4 : explain SELECT k, c FROM sbtest4 WHERE k BETWEEN 2892885 AND 2892985
	Bitmap Heap Scan on sbtest4  (cost=5.47..405.13 rows=101 width=125)
	  Recheck Cond: ((k >= 2892885) AND (k <= 2892985))
	  ->  Bitmap Index Scan on k_4  (cost=0.00..5.44 rows=101 width=0)
	        Index Cond: ((k >= 2892885) AND (k <= 2892985))

table 5 : explain SELECT k, c FROM sbtest5 WHERE k BETWEEN 2892885 AND 2892985
	Bitmap Heap Scan on sbtest5  (cost=5.48..409.07 rows=102 width=125)
	  Recheck Cond: ((k >= 2892885) AND (k <= 2892985))
	  ->  Bitmap Index Scan on k_5  (cost=0.00..5.45 rows=102 width=0)
	        Index Cond: ((k >= 2892885) AND (k <= 2892985))

table 6 : explain SELECT k, c FROM sbtest6 WHERE k BETWEEN 2892885 AND 2892985
	Bitmap Heap Scan on sbtest6  (cost=5.44..393.31 rows=98 width=125)
	  Recheck Cond: ((k >= 2892885) AND (k <= 2892985))
	  ->  Bitmap Index Scan on k_6  (cost=0.00..5.42 rows=98 width=0)
	        Index Cond: ((k >= 2892885) AND (k <= 2892985))

table 7 : explain SELECT k, c FROM sbtest7 WHERE k BETWEEN 2892885 AND 2892985
	Bitmap Heap Scan on sbtest7  (cost=5.46..401.19 rows=100 width=125)
	  Recheck Cond: ((k >= 2892885) AND (k <= 2892985))
	  ->  Bitmap Index Scan on k_7  (cost=0.00..5.43 rows=100 width=0)
	        Index Cond: ((k >= 2892885) AND (k <= 2892985))

table 8 : explain SELECT k, c FROM sbtest8 WHERE k BETWEEN 2892885 AND 2892985
	Bitmap Heap Scan on sbtest8  (cost=5.47..405.13 rows=101 width=125)
	  Recheck Cond: ((k >= 2892885) AND (k <= 2892985))
	  ->  Bitmap Index Scan on k_8  (cost=0.00..5.44 rows=101 width=0)
	        Index Cond: ((k >= 2892885) AND (k <= 2892985))

explain: for range-notcovered :: explain SELECT k, c FROM sbtest%d WHERE k BETWEEN 8267954 AND 8268054
for range-notcovered
table 1 : explain SELECT k, c FROM sbtest1 WHERE k BETWEEN 3884273 AND 3884373
	Bitmap Heap Scan on sbtest1  (cost=5.45..397.25 rows=99 width=125)
	  Recheck Cond: ((k >= 3884273) AND (k <= 3884373))
	  ->  Bitmap Index Scan on k_1  (cost=0.00..5.42 rows=99 width=0)
	        Index Cond: ((k >= 3884273) AND (k <= 3884373))

table 2 : explain SELECT k, c FROM sbtest2 WHERE k BETWEEN 3884273 AND 3884373
	Bitmap Heap Scan on sbtest2  (cost=5.49..413.00 rows=103 width=125)
	  Recheck Cond: ((k >= 3884273) AND (k <= 3884373))
	  ->  Bitmap Index Scan on k_2  (cost=0.00..5.46 rows=103 width=0)
	        Index Cond: ((k >= 3884273) AND (k <= 3884373))

table 3 : explain SELECT k, c FROM sbtest3 WHERE k BETWEEN 3884273 AND 3884373
	Bitmap Heap Scan on sbtest3  (cost=5.48..409.07 rows=102 width=125)
	  Recheck Cond: ((k >= 3884273) AND (k <= 3884373))
	  ->  Bitmap Index Scan on k_3  (cost=0.00..5.45 rows=102 width=0)
	        Index Cond: ((k >= 3884273) AND (k <= 3884373))

table 4 : explain SELECT k, c FROM sbtest4 WHERE k BETWEEN 3884273 AND 3884373
	Bitmap Heap Scan on sbtest4  (cost=5.44..393.31 rows=98 width=125)
	  Recheck Cond: ((k >= 3884273) AND (k <= 3884373))
	  ->  Bitmap Index Scan on k_4  (cost=0.00..5.42 rows=98 width=0)
	        Index Cond: ((k >= 3884273) AND (k <= 3884373))

table 5 : explain SELECT k, c FROM sbtest5 WHERE k BETWEEN 3884273 AND 3884373
	Bitmap Heap Scan on sbtest5  (cost=5.48..409.07 rows=102 width=125)
	  Recheck Cond: ((k >= 3884273) AND (k <= 3884373))
	  ->  Bitmap Index Scan on k_5  (cost=0.00..5.45 rows=102 width=0)
	        Index Cond: ((k >= 3884273) AND (k <= 3884373))

table 6 : explain SELECT k, c FROM sbtest6 WHERE k BETWEEN 3884273 AND 3884373
	Bitmap Heap Scan on sbtest6  (cost=5.44..393.31 rows=98 width=125)
	  Recheck Cond: ((k >= 3884273) AND (k <= 3884373))
	  ->  Bitmap Index Scan on k_6  (cost=0.00..5.42 rows=98 width=0)
	        Index Cond: ((k >= 3884273) AND (k <= 3884373))

table 7 : explain SELECT k, c FROM sbtest7 WHERE k BETWEEN 3884273 AND 3884373
	Bitmap Heap Scan on sbtest7  (cost=5.55..436.62 rows=109 width=125)
	  Recheck Cond: ((k >= 3884273) AND (k <= 3884373))
	  ->  Bitmap Index Scan on k_7  (cost=0.00..5.52 rows=109 width=0)
	        Index Cond: ((k >= 3884273) AND (k <= 3884373))

table 8 : explain SELECT k, c FROM sbtest8 WHERE k BETWEEN 3884273 AND 3884373
	Bitmap Heap Scan on sbtest8  (cost=5.40..377.55 rows=94 width=125)
	  Recheck Cond: ((k >= 3884273) AND (k <= 3884373))
	  ->  Bitmap Index Scan on k_8  (cost=0.00..5.38 rows=94 width=0)
	        Index Cond: ((k >= 3884273) AND (k <= 3884373))

explain: for range-notcovered :: explain SELECT k, c FROM sbtest%d WHERE k BETWEEN 3884273 AND 3884373
for range-notcovered
table 1 : explain SELECT k, c FROM sbtest1 WHERE k BETWEEN 8267954 AND 8268054
	Bitmap Heap Scan on sbtest1  (cost=5.50..416.94 rows=104 width=125)
	  Recheck Cond: ((k >= 8267954) AND (k <= 8268054))
	  ->  Bitmap Index Scan on k_1  (cost=0.00..5.47 rows=104 width=0)
	        Index Cond: ((k >= 8267954) AND (k <= 8268054))

table 2 : explain SELECT k, c FROM sbtest2 WHERE k BETWEEN 8267954 AND 8268054
	Bitmap Heap Scan on sbtest2  (cost=5.54..432.69 rows=108 width=125)
	  Recheck Cond: ((k >= 8267954) AND (k <= 8268054))
	  ->  Bitmap Index Scan on k_2  (cost=0.00..5.51 rows=108 width=0)
	        Index Cond: ((k >= 8267954) AND (k <= 8268054))

table 3 : explain SELECT k, c FROM sbtest3 WHERE k BETWEEN 8267954 AND 8268054
	Bitmap Heap Scan on sbtest3  (cost=5.47..405.13 rows=101 width=125)
	  Recheck Cond: ((k >= 8267954) AND (k <= 8268054))
	  ->  Bitmap Index Scan on k_3  (cost=0.00..5.44 rows=101 width=0)
	        Index Cond: ((k >= 8267954) AND (k <= 8268054))

table 4 : explain SELECT k, c FROM sbtest4 WHERE k BETWEEN 8267954 AND 8268054
	Bitmap Heap Scan on sbtest4  (cost=5.43..389.37 rows=97 width=125)
	  Recheck Cond: ((k >= 8267954) AND (k <= 8268054))
	  ->  Bitmap Index Scan on k_4  (cost=0.00..5.40 rows=97 width=0)
	        Index Cond: ((k >= 8267954) AND (k <= 8268054))

table 5 : explain SELECT k, c FROM sbtest5 WHERE k BETWEEN 8267954 AND 8268054
	Bitmap Heap Scan on sbtest5  (cost=5.52..424.81 rows=106 width=125)
	  Recheck Cond: ((k >= 8267954) AND (k <= 8268054))
	  ->  Bitmap Index Scan on k_5  (cost=0.00..5.50 rows=106 width=0)
	        Index Cond: ((k >= 8267954) AND (k <= 8268054))

table 6 : explain SELECT k, c FROM sbtest6 WHERE k BETWEEN 8267954 AND 8268054
	Bitmap Heap Scan on sbtest6  (cost=5.55..436.62 rows=109 width=125)
	  Recheck Cond: ((k >= 8267954) AND (k <= 8268054))
	  ->  Bitmap Index Scan on k_6  (cost=0.00..5.52 rows=109 width=0)
	        Index Cond: ((k >= 8267954) AND (k <= 8268054))

table 7 : explain SELECT k, c FROM sbtest7 WHERE k BETWEEN 8267954 AND 8268054
	Bitmap Heap Scan on sbtest7  (cost=5.49..413.00 rows=103 width=125)
	  Recheck Cond: ((k >= 8267954) AND (k <= 8268054))
	  ->  Bitmap Index Scan on k_7  (cost=0.00..5.46 rows=103 width=0)
	        Index Cond: ((k >= 8267954) AND (k <= 8268054))

table 8 : explain SELECT k, c FROM sbtest8 WHERE k BETWEEN 8267954 AND 8268054
	Bitmap Heap Scan on sbtest8  (cost=5.41..381.49 rows=95 width=125)
	  Recheck Cond: ((k >= 8267954) AND (k <= 8268054))
	  ->  Bitmap Index Scan on k_8  (cost=0.00..5.38 rows=95 width=0)
	        Index Cond: ((k >= 8267954) AND (k <= 8268054))

explain: for range-notcovered :: explain SELECT k, c FROM sbtest%d WHERE k BETWEEN 8267954 AND 8268054
explain: for range-notcovered :: explain SELECT k, c FROM sbtest%d WHERE k BETWEEN 1084689 AND 1084789
explain: for range-notcovered :: explain SELECT k, c FROM sbtest%d WHERE k BETWEEN 7066921 AND 7067021
for range-notcovered
table 1 : explain SELECT k, c FROM sbtest1 WHERE k BETWEEN 1621720 AND 1621820
	Bitmap Heap Scan on sbtest1  (cost=5.61..460.22 rows=115 width=125)
	  Recheck Cond: ((k >= 1621720) AND (k <= 1621820))
	  ->  Bitmap Index Scan on k_1  (cost=0.00..5.58 rows=115 width=0)
	        Index Cond: ((k >= 1621720) AND (k <= 1621820))

table 2 : explain SELECT k, c FROM sbtest2 WHERE k BETWEEN 1621720 AND 1621820
	Bitmap Heap Scan on sbtest2  (cost=5.48..409.07 rows=102 width=125)
	  Recheck Cond: ((k >= 1621720) AND (k <= 1621820))
	  ->  Bitmap Index Scan on k_2  (cost=0.00..5.45 rows=102 width=0)
	        Index Cond: ((k >= 1621720) AND (k <= 1621820))

table 3 : explain SELECT k, c FROM sbtest3 WHERE k BETWEEN 1621720 AND 1621820
	Bitmap Heap Scan on sbtest3  (cost=5.49..413.00 rows=103 width=125)
	  Recheck Cond: ((k >= 1621720) AND (k <= 1621820))
	  ->  Bitmap Index Scan on k_3  (cost=0.00..5.46 rows=103 width=0)
	        Index Cond: ((k >= 1621720) AND (k <= 1621820))

table 4 : explain SELECT k, c FROM sbtest4 WHERE k BETWEEN 1621720 AND 1621820
	Bitmap Heap Scan on sbtest4  (cost=5.37..365.72 rows=91 width=125)
	  Recheck Cond: ((k >= 1621720) AND (k <= 1621820))
	  ->  Bitmap Index Scan on k_4  (cost=0.00..5.34 rows=91 width=0)
	        Index Cond: ((k >= 1621720) AND (k <= 1621820))

table 5 : explain SELECT k, c FROM sbtest5 WHERE k BETWEEN 1621720 AND 1621820
	Bitmap Heap Scan on sbtest5  (cost=5.49..413.00 rows=103 width=125)
	  Recheck Cond: ((k >= 1621720) AND (k <= 1621820))
	  ->  Bitmap Index Scan on k_5  (cost=0.00..5.46 rows=103 width=0)
	        Index Cond: ((k >= 1621720) AND (k <= 1621820))

table 6 : explain SELECT k, c FROM sbtest6 WHERE k BETWEEN 1621720 AND 1621820
	Bitmap Heap Scan on sbtest6  (cost=5.43..389.37 rows=97 width=125)
	  Recheck Cond: ((k >= 1621720) AND (k <= 1621820))
	  ->  Bitmap Index Scan on k_6  (cost=0.00..5.40 rows=97 width=0)
	        Index Cond: ((k >= 1621720) AND (k <= 1621820))

table 7 : explain SELECT k, c FROM sbtest7 WHERE k BETWEEN 1621720 AND 1621820
	Bitmap Heap Scan on sbtest7  (cost=5.54..432.69 rows=108 width=125)
	  Recheck Cond: ((k >= 1621720) AND (k <= 1621820))
	  ->  Bitmap Index Scan on k_7  (cost=0.00..5.51 rows=108 width=0)
	        Index Cond: ((k >= 1621720) AND (k <= 1621820))

table 8 : explain SELECT k, c FROM sbtest8 WHERE k BETWEEN 1621720 AND 1621820
	Bitmap Heap Scan on sbtest8  (cost=5.43..389.37 rows=97 width=125)
	  Recheck Cond: ((k >= 1621720) AND (k <= 1621820))
	  ->  Bitmap Index Scan on k_8  (cost=0.00..5.40 rows=97 width=0)
	        Index Cond: ((k >= 1621720) AND (k <= 1621820))

for range-notcovered
table 1 : explain SELECT k, c FROM sbtest1 WHERE k BETWEEN 3435870 AND 3435970
	Bitmap Heap Scan on sbtest1  (cost=5.44..393.31 rows=98 width=125)
	  Recheck Cond: ((k >= 3435870) AND (k <= 3435970))
	  ->  Bitmap Index Scan on k_1  (cost=0.00..5.42 rows=98 width=0)
	        Index Cond: ((k >= 3435870) AND (k <= 3435970))

table 2 : explain SELECT k, c FROM sbtest2 WHERE k BETWEEN 3435870 AND 3435970
	Bitmap Heap Scan on sbtest2  (cost=5.56..440.56 rows=110 width=125)
	  Recheck Cond: ((k >= 3435870) AND (k <= 3435970))
	  ->  Bitmap Index Scan on k_2  (cost=0.00..5.53 rows=110 width=0)
	        Index Cond: ((k >= 3435870) AND (k <= 3435970))

table 3 : explain SELECT k, c FROM sbtest3 WHERE k BETWEEN 3435870 AND 3435970
	Bitmap Heap Scan on sbtest3  (cost=5.45..397.25 rows=99 width=125)
	  Recheck Cond: ((k >= 3435870) AND (k <= 3435970))
	  ->  Bitmap Index Scan on k_3  (cost=0.00..5.42 rows=99 width=0)
	        Index Cond: ((k >= 3435870) AND (k <= 3435970))

table 4 : explain SELECT k, c FROM sbtest4 WHERE k BETWEEN 3435870 AND 3435970
	Bitmap Heap Scan on sbtest4  (cost=5.46..401.19 rows=100 width=125)
	  Recheck Cond: ((k >= 3435870) AND (k <= 3435970))
	  ->  Bitmap Index Scan on k_4  (cost=0.00..5.43 rows=100 width=0)
	        Index Cond: ((k >= 3435870) AND (k <= 3435970))

table 5 : explain SELECT k, c FROM sbtest5 WHERE k BETWEEN 3435870 AND 3435970
	Bitmap Heap Scan on sbtest5  (cost=5.55..436.62 rows=109 width=125)
	  Recheck Cond: ((k >= 3435870) AND (k <= 3435970))
	  ->  Bitmap Index Scan on k_5  (cost=0.00..5.52 rows=109 width=0)
	        Index Cond: ((k >= 3435870) AND (k <= 3435970))

table 6 : explain SELECT k, c FROM sbtest6 WHERE k BETWEEN 3435870 AND 3435970
	Bitmap Heap Scan on sbtest6  (cost=5.46..401.19 rows=100 width=125)
	  Recheck Cond: ((k >= 3435870) AND (k <= 3435970))
	  ->  Bitmap Index Scan on k_6  (cost=0.00..5.43 rows=100 width=0)
	        Index Cond: ((k >= 3435870) AND (k <= 3435970))

table 7 : explain SELECT k, c FROM sbtest7 WHERE k BETWEEN 3435870 AND 3435970
	Bitmap Heap Scan on sbtest7  (cost=5.43..389.37 rows=97 width=125)
	  Recheck Cond: ((k >= 3435870) AND (k <= 3435970))
	  ->  Bitmap Index Scan on k_7  (cost=0.00..5.40 rows=97 width=0)
	        Index Cond: ((k >= 3435870) AND (k <= 3435970))

table 8 : explain SELECT k, c FROM sbtest8 WHERE k BETWEEN 3435870 AND 3435970
	Bitmap Heap Scan on sbtest8  (cost=5.55..436.62 rows=109 width=125)
	  Recheck Cond: ((k >= 3435870) AND (k <= 3435970))
	  ->  Bitmap Index Scan on k_8  (cost=0.00..5.52 rows=109 width=0)
	        Index Cond: ((k >= 3435870) AND (k <= 3435970))

explain: for range-notcovered :: explain SELECT k, c FROM sbtest%d WHERE k BETWEEN 1621720 AND 1621820
for range-notcovered
table 1 : explain SELECT k, c FROM sbtest1 WHERE k BETWEEN 3884273 AND 3884373
	Bitmap Heap Scan on sbtest1  (cost=5.45..397.25 rows=99 width=125)
	  Recheck Cond: ((k >= 3884273) AND (k <= 3884373))
	  ->  Bitmap Index Scan on k_1  (cost=0.00..5.42 rows=99 width=0)
	        Index Cond: ((k >= 3884273) AND (k <= 3884373))

table 2 : explain SELECT k, c FROM sbtest2 WHERE k BETWEEN 3884273 AND 3884373
	Bitmap Heap Scan on sbtest2  (cost=5.49..413.00 rows=103 width=125)
	  Recheck Cond: ((k >= 3884273) AND (k <= 3884373))
	  ->  Bitmap Index Scan on k_2  (cost=0.00..5.46 rows=103 width=0)
	        Index Cond: ((k >= 3884273) AND (k <= 3884373))

table 3 : explain SELECT k, c FROM sbtest3 WHERE k BETWEEN 3884273 AND 3884373
	Bitmap Heap Scan on sbtest3  (cost=5.48..409.07 rows=102 width=125)
	  Recheck Cond: ((k >= 3884273) AND (k <= 3884373))
	  ->  Bitmap Index Scan on k_3  (cost=0.00..5.45 rows=102 width=0)
	        Index Cond: ((k >= 3884273) AND (k <= 3884373))

table 4 : explain SELECT k, c FROM sbtest4 WHERE k BETWEEN 3884273 AND 3884373
	Bitmap Heap Scan on sbtest4  (cost=5.44..393.31 rows=98 width=125)
	  Recheck Cond: ((k >= 3884273) AND (k <= 3884373))
	  ->  Bitmap Index Scan on k_4  (cost=0.00..5.42 rows=98 width=0)
	        Index Cond: ((k >= 3884273) AND (k <= 3884373))

table 5 : explain SELECT k, c FROM sbtest5 WHERE k BETWEEN 3884273 AND 3884373
	Bitmap Heap Scan on sbtest5  (cost=5.48..409.07 rows=102 width=125)
	  Recheck Cond: ((k >= 3884273) AND (k <= 3884373))
	  ->  Bitmap Index Scan on k_5  (cost=0.00..5.45 rows=102 width=0)
	        Index Cond: ((k >= 3884273) AND (k <= 3884373))

table 6 : explain SELECT k, c FROM sbtest6 WHERE k BETWEEN 3884273 AND 3884373
	Bitmap Heap Scan on sbtest6  (cost=5.44..393.31 rows=98 width=125)
	  Recheck Cond: ((k >= 3884273) AND (k <= 3884373))
	  ->  Bitmap Index Scan on k_6  (cost=0.00..5.42 rows=98 width=0)
	        Index Cond: ((k >= 3884273) AND (k <= 3884373))

table 7 : explain SELECT k, c FROM sbtest7 WHERE k BETWEEN 3884273 AND 3884373
	Bitmap Heap Scan on sbtest7  (cost=5.55..436.62 rows=109 width=125)
	  Recheck Cond: ((k >= 3884273) AND (k <= 3884373))
	  ->  Bitmap Index Scan on k_7  (cost=0.00..5.52 rows=109 width=0)
	        Index Cond: ((k >= 3884273) AND (k <= 3884373))

table 8 : explain SELECT k, c FROM sbtest8 WHERE k BETWEEN 3884273 AND 3884373
	Bitmap Heap Scan on sbtest8  (cost=5.40..377.55 rows=94 width=125)
	  Recheck Cond: ((k >= 3884273) AND (k <= 3884373))
	  ->  Bitmap Index Scan on k_8  (cost=0.00..5.38 rows=94 width=0)
	        Index Cond: ((k >= 3884273) AND (k <= 3884373))

explain: for range-notcovered :: explain SELECT k, c FROM sbtest%d WHERE k BETWEEN 3435870 AND 3435970
for range-notcovered
table 1 : explain SELECT k, c FROM sbtest1 WHERE k BETWEEN 8267954 AND 8268054
	Bitmap Heap Scan on sbtest1  (cost=5.50..416.94 rows=104 width=125)
	  Recheck Cond: ((k >= 8267954) AND (k <= 8268054))
	  ->  Bitmap Index Scan on k_1  (cost=0.00..5.47 rows=104 width=0)
	        Index Cond: ((k >= 8267954) AND (k <= 8268054))

table 2 : explain SELECT k, c FROM sbtest2 WHERE k BETWEEN 8267954 AND 8268054
	Bitmap Heap Scan on sbtest2  (cost=5.54..432.69 rows=108 width=125)
	  Recheck Cond: ((k >= 8267954) AND (k <= 8268054))
	  ->  Bitmap Index Scan on k_2  (cost=0.00..5.51 rows=108 width=0)
	        Index Cond: ((k >= 8267954) AND (k <= 8268054))

table 3 : explain SELECT k, c FROM sbtest3 WHERE k BETWEEN 8267954 AND 8268054
	Bitmap Heap Scan on sbtest3  (cost=5.47..405.13 rows=101 width=125)
	  Recheck Cond: ((k >= 8267954) AND (k <= 8268054))
	  ->  Bitmap Index Scan on k_3  (cost=0.00..5.44 rows=101 width=0)
	        Index Cond: ((k >= 8267954) AND (k <= 8268054))

table 4 : explain SELECT k, c FROM sbtest4 WHERE k BETWEEN 8267954 AND 8268054
	Bitmap Heap Scan on sbtest4  (cost=5.43..389.37 rows=97 width=125)
	  Recheck Cond: ((k >= 8267954) AND (k <= 8268054))
	  ->  Bitmap Index Scan on k_4  (cost=0.00..5.40 rows=97 width=0)
	        Index Cond: ((k >= 8267954) AND (k <= 8268054))

table 5 : explain SELECT k, c FROM sbtest5 WHERE k BETWEEN 8267954 AND 8268054
	Bitmap Heap Scan on sbtest5  (cost=5.52..424.81 rows=106 width=125)
	  Recheck Cond: ((k >= 8267954) AND (k <= 8268054))
	  ->  Bitmap Index Scan on k_5  (cost=0.00..5.50 rows=106 width=0)
	        Index Cond: ((k >= 8267954) AND (k <= 8268054))

table 6 : explain SELECT k, c FROM sbtest6 WHERE k BETWEEN 8267954 AND 8268054
	Bitmap Heap Scan on sbtest6  (cost=5.55..436.62 rows=109 width=125)
	  Recheck Cond: ((k >= 8267954) AND (k <= 8268054))
	  ->  Bitmap Index Scan on k_6  (cost=0.00..5.52 rows=109 width=0)
	        Index Cond: ((k >= 8267954) AND (k <= 8268054))

table 7 : explain SELECT k, c FROM sbtest7 WHERE k BETWEEN 8267954 AND 8268054
	Bitmap Heap Scan on sbtest7  (cost=5.49..413.00 rows=103 width=125)
	  Recheck Cond: ((k >= 8267954) AND (k <= 8268054))
	  ->  Bitmap Index Scan on k_7  (cost=0.00..5.46 rows=103 width=0)
	        Index Cond: ((k >= 8267954) AND (k <= 8268054))

table 8 : explain SELECT k, c FROM sbtest8 WHERE k BETWEEN 8267954 AND 8268054
	Bitmap Heap Scan on sbtest8  (cost=5.41..381.49 rows=95 width=125)
	  Recheck Cond: ((k >= 8267954) AND (k <= 8268054))
	  ->  Bitmap Index Scan on k_8  (cost=0.00..5.38 rows=95 width=0)
	        Index Cond: ((k >= 8267954) AND (k <= 8268054))

explain: for range-notcovered :: explain SELECT k, c FROM sbtest%d WHERE k BETWEEN 8267954 AND 8268054
explain: for range-notcovered :: explain SELECT k, c FROM sbtest%d WHERE k BETWEEN 6971790 AND 6971890
for range-notcovered
table 1 : explain SELECT k, c FROM sbtest1 WHERE k BETWEEN 6861557 AND 6861657
	Bitmap Heap Scan on sbtest1  (cost=5.44..393.31 rows=98 width=125)
	  Recheck Cond: ((k >= 6861557) AND (k <= 6861657))
	  ->  Bitmap Index Scan on k_1  (cost=0.00..5.42 rows=98 width=0)
	        Index Cond: ((k >= 6861557) AND (k <= 6861657))

table 2 : explain SELECT k, c FROM sbtest2 WHERE k BETWEEN 6861557 AND 6861657
	Bitmap Heap Scan on sbtest2  (cost=5.58..448.42 rows=112 width=125)
	  Recheck Cond: ((k >= 6861557) AND (k <= 6861657))
	  ->  Bitmap Index Scan on k_2  (cost=0.00..5.55 rows=112 width=0)
	        Index Cond: ((k >= 6861557) AND (k <= 6861657))

table 3 : explain SELECT k, c FROM sbtest3 WHERE k BETWEEN 6861557 AND 6861657
	Bitmap Heap Scan on sbtest3  (cost=5.38..369.67 rows=92 width=125)
	  Recheck Cond: ((k >= 6861557) AND (k <= 6861657))
	  ->  Bitmap Index Scan on k_3  (cost=0.00..5.35 rows=92 width=0)
	        Index Cond: ((k >= 6861557) AND (k <= 6861657))

table 4 : explain SELECT k, c FROM sbtest4 WHERE k BETWEEN 6861557 AND 6861657
	Bitmap Heap Scan on sbtest4  (cost=5.56..440.56 rows=110 width=125)
	  Recheck Cond: ((k >= 6861557) AND (k <= 6861657))
	  ->  Bitmap Index Scan on k_4  (cost=0.00..5.53 rows=110 width=0)
	        Index Cond: ((k >= 6861557) AND (k <= 6861657))

table 5 : explain SELECT k, c FROM sbtest5 WHERE k BETWEEN 6861557 AND 6861657
	Bitmap Heap Scan on sbtest5  (cost=5.53..428.75 rows=107 width=125)
	  Recheck Cond: ((k >= 6861557) AND (k <= 6861657))
	  ->  Bitmap Index Scan on k_5  (cost=0.00..5.50 rows=107 width=0)
	        Index Cond: ((k >= 6861557) AND (k <= 6861657))

table 6 : explain SELECT k, c FROM sbtest6 WHERE k BETWEEN 6861557 AND 6861657
	Bitmap Heap Scan on sbtest6  (cost=5.51..420.88 rows=105 width=125)
	  Recheck Cond: ((k >= 6861557) AND (k <= 6861657))
	  ->  Bitmap Index Scan on k_6  (cost=0.00..5.48 rows=105 width=0)
	        Index Cond: ((k >= 6861557) AND (k <= 6861657))

table 7 : explain SELECT k, c FROM sbtest7 WHERE k BETWEEN 6861557 AND 6861657
	Bitmap Heap Scan on sbtest7  (cost=5.56..440.56 rows=110 width=125)
	  Recheck Cond: ((k >= 6861557) AND (k <= 6861657))
	  ->  Bitmap Index Scan on k_7  (cost=0.00..5.53 rows=110 width=0)
	        Index Cond: ((k >= 6861557) AND (k <= 6861657))

table 8 : explain SELECT k, c FROM sbtest8 WHERE k BETWEEN 6861557 AND 6861657
	Bitmap Heap Scan on sbtest8  (cost=5.47..405.13 rows=101 width=125)
	  Recheck Cond: ((k >= 6861557) AND (k <= 6861657))
	  ->  Bitmap Index Scan on k_8  (cost=0.00..5.44 rows=101 width=0)
	        Index Cond: ((k >= 6861557) AND (k <= 6861657))

explain: for range-notcovered :: explain SELECT k, c FROM sbtest%d WHERE k BETWEEN 6861557 AND 6861657
for range-notcovered
table 1 : explain SELECT k, c FROM sbtest1 WHERE k BETWEEN 8267954 AND 8268054
	Bitmap Heap Scan on sbtest1  (cost=5.50..416.94 rows=104 width=125)
	  Recheck Cond: ((k >= 8267954) AND (k <= 8268054))
	  ->  Bitmap Index Scan on k_1  (cost=0.00..5.47 rows=104 width=0)
	        Index Cond: ((k >= 8267954) AND (k <= 8268054))

table 2 : explain SELECT k, c FROM sbtest2 WHERE k BETWEEN 8267954 AND 8268054
	Bitmap Heap Scan on sbtest2  (cost=5.54..432.69 rows=108 width=125)
	  Recheck Cond: ((k >= 8267954) AND (k <= 8268054))
	  ->  Bitmap Index Scan on k_2  (cost=0.00..5.51 rows=108 width=0)
	        Index Cond: ((k >= 8267954) AND (k <= 8268054))

table 3 : explain SELECT k, c FROM sbtest3 WHERE k BETWEEN 8267954 AND 8268054
	Bitmap Heap Scan on sbtest3  (cost=5.47..405.13 rows=101 width=125)
	  Recheck Cond: ((k >= 8267954) AND (k <= 8268054))
	  ->  Bitmap Index Scan on k_3  (cost=0.00..5.44 rows=101 width=0)
	        Index Cond: ((k >= 8267954) AND (k <= 8268054))

table 4 : explain SELECT k, c FROM sbtest4 WHERE k BETWEEN 8267954 AND 8268054
	Bitmap Heap Scan on sbtest4  (cost=5.43..389.37 rows=97 width=125)
	  Recheck Cond: ((k >= 8267954) AND (k <= 8268054))
	  ->  Bitmap Index Scan on k_4  (cost=0.00..5.40 rows=97 width=0)
	        Index Cond: ((k >= 8267954) AND (k <= 8268054))

table 5 : explain SELECT k, c FROM sbtest5 WHERE k BETWEEN 8267954 AND 8268054
	Bitmap Heap Scan on sbtest5  (cost=5.52..424.81 rows=106 width=125)
	  Recheck Cond: ((k >= 8267954) AND (k <= 8268054))
	  ->  Bitmap Index Scan on k_5  (cost=0.00..5.50 rows=106 width=0)
	        Index Cond: ((k >= 8267954) AND (k <= 8268054))

table 6 : explain SELECT k, c FROM sbtest6 WHERE k BETWEEN 8267954 AND 8268054
	Bitmap Heap Scan on sbtest6  (cost=5.55..436.62 rows=109 width=125)
	  Recheck Cond: ((k >= 8267954) AND (k <= 8268054))
	  ->  Bitmap Index Scan on k_6  (cost=0.00..5.52 rows=109 width=0)
	        Index Cond: ((k >= 8267954) AND (k <= 8268054))

table 7 : explain SELECT k, c FROM sbtest7 WHERE k BETWEEN 8267954 AND 8268054
	Bitmap Heap Scan on sbtest7  (cost=5.49..413.00 rows=103 width=125)
	  Recheck Cond: ((k >= 8267954) AND (k <= 8268054))
	  ->  Bitmap Index Scan on k_7  (cost=0.00..5.46 rows=103 width=0)
	        Index Cond: ((k >= 8267954) AND (k <= 8268054))

table 8 : explain SELECT k, c FROM sbtest8 WHERE k BETWEEN 8267954 AND 8268054
	Bitmap Heap Scan on sbtest8  (cost=5.41..381.49 rows=95 width=125)
	  Recheck Cond: ((k >= 8267954) AND (k <= 8268054))
	  ->  Bitmap Index Scan on k_8  (cost=0.00..5.38 rows=95 width=0)
	        Index Cond: ((k >= 8267954) AND (k <= 8268054))

for range-notcovered
table 1 : explain SELECT k, c FROM sbtest1 WHERE k BETWEEN 1084689 AND 1084789
	Bitmap Heap Scan on sbtest1  (cost=5.44..393.31 rows=98 width=125)
	  Recheck Cond: ((k >= 1084689) AND (k <= 1084789))
	  ->  Bitmap Index Scan on k_1  (cost=0.00..5.42 rows=98 width=0)
	        Index Cond: ((k >= 1084689) AND (k <= 1084789))

table 2 : explain SELECT k, c FROM sbtest2 WHERE k BETWEEN 1084689 AND 1084789
	Bitmap Heap Scan on sbtest2  (cost=5.45..397.25 rows=99 width=125)
	  Recheck Cond: ((k >= 1084689) AND (k <= 1084789))
	  ->  Bitmap Index Scan on k_2  (cost=0.00..5.42 rows=99 width=0)
	        Index Cond: ((k >= 1084689) AND (k <= 1084789))

table 3 : explain SELECT k, c FROM sbtest3 WHERE k BETWEEN 1084689 AND 1084789
	Bitmap Heap Scan on sbtest3  (cost=5.39..373.61 rows=93 width=125)
	  Recheck Cond: ((k >= 1084689) AND (k <= 1084789))
	  ->  Bitmap Index Scan on k_3  (cost=0.00..5.36 rows=93 width=0)
	        Index Cond: ((k >= 1084689) AND (k <= 1084789))

table 4 : explain SELECT k, c FROM sbtest4 WHERE k BETWEEN 1084689 AND 1084789
	Bitmap Heap Scan on sbtest4  (cost=5.47..405.13 rows=101 width=125)
	  Recheck Cond: ((k >= 1084689) AND (k <= 1084789))
	  ->  Bitmap Index Scan on k_4  (cost=0.00..5.44 rows=101 width=0)
	        Index Cond: ((k >= 1084689) AND (k <= 1084789))

table 5 : explain SELECT k, c FROM sbtest5 WHERE k BETWEEN 1084689 AND 1084789
	Bitmap Heap Scan on sbtest5  (cost=5.47..405.13 rows=101 width=125)
	  Recheck Cond: ((k >= 1084689) AND (k <= 1084789))
	  ->  Bitmap Index Scan on k_5  (cost=0.00..5.44 rows=101 width=0)
	        Index Cond: ((k >= 1084689) AND (k <= 1084789))

table 6 : explain SELECT k, c FROM sbtest6 WHERE k BETWEEN 1084689 AND 1084789
	Bitmap Heap Scan on sbtest6  (cost=5.43..389.37 rows=97 width=125)
	  Recheck Cond: ((k >= 1084689) AND (k <= 1084789))
	  ->  Bitmap Index Scan on k_6  (cost=0.00..5.40 rows=97 width=0)
	        Index Cond: ((k >= 1084689) AND (k <= 1084789))

table 7 : explain SELECT k, c FROM sbtest7 WHERE k BETWEEN 1084689 AND 1084789
	Bitmap Heap Scan on sbtest7  (cost=5.55..436.62 rows=109 width=125)
	  Recheck Cond: ((k >= 1084689) AND (k <= 1084789))
	  ->  Bitmap Index Scan on k_7  (cost=0.00..5.52 rows=109 width=0)
	        Index Cond: ((k >= 1084689) AND (k <= 1084789))

table 8 : explain SELECT k, c FROM sbtest8 WHERE k BETWEEN 1084689 AND 1084789
	Bitmap Heap Scan on sbtest8  (cost=5.46..401.19 rows=100 width=125)
	  Recheck Cond: ((k >= 1084689) AND (k <= 1084789))
	  ->  Bitmap Index Scan on k_8  (cost=0.00..5.43 rows=100 width=0)
	        Index Cond: ((k >= 1084689) AND (k <= 1084789))

explain: for range-notcovered :: explain SELECT k, c FROM sbtest%d WHERE k BETWEEN 8267954 AND 8268054
for range-notcovered
table 1 : explain SELECT k, c FROM sbtest1 WHERE k BETWEEN 7066921 AND 7067021
	Bitmap Heap Scan on sbtest1  (cost=5.55..436.62 rows=109 width=125)
	  Recheck Cond: ((k >= 7066921) AND (k <= 7067021))
	  ->  Bitmap Index Scan on k_1  (cost=0.00..5.52 rows=109 width=0)
	        Index Cond: ((k >= 7066921) AND (k <= 7067021))

table 2 : explain SELECT k, c FROM sbtest2 WHERE k BETWEEN 7066921 AND 7067021
	Bitmap Heap Scan on sbtest2  (cost=5.44..393.31 rows=98 width=125)
	  Recheck Cond: ((k >= 7066921) AND (k <= 7067021))
	  ->  Bitmap Index Scan on k_2  (cost=0.00..5.42 rows=98 width=0)
	        Index Cond: ((k >= 7066921) AND (k <= 7067021))

table 3 : explain SELECT k, c FROM sbtest3 WHERE k BETWEEN 7066921 AND 7067021
	Bitmap Heap Scan on sbtest3  (cost=5.56..440.56 rows=110 width=125)
	  Recheck Cond: ((k >= 7066921) AND (k <= 7067021))
	  ->  Bitmap Index Scan on k_3  (cost=0.00..5.53 rows=110 width=0)
	        Index Cond: ((k >= 7066921) AND (k <= 7067021))

table 4 : explain SELECT k, c FROM sbtest4 WHERE k BETWEEN 7066921 AND 7067021
	Bitmap Heap Scan on sbtest4  (cost=5.49..413.00 rows=103 width=125)
	  Recheck Cond: ((k >= 7066921) AND (k <= 7067021))
	  ->  Bitmap Index Scan on k_4  (cost=0.00..5.46 rows=103 width=0)
	        Index Cond: ((k >= 7066921) AND (k <= 7067021))

table 5 : explain SELECT k, c FROM sbtest5 WHERE k BETWEEN 7066921 AND 7067021
	Bitmap Heap Scan on sbtest5  (cost=5.43..389.37 rows=97 width=125)
	  Recheck Cond: ((k >= 7066921) AND (k <= 7067021))
	  ->  Bitmap Index Scan on k_5  (cost=0.00..5.40 rows=97 width=0)
	        Index Cond: ((k >= 7066921) AND (k <= 7067021))

table 6 : explain SELECT k, c FROM sbtest6 WHERE k BETWEEN 7066921 AND 7067021
	Bitmap Heap Scan on sbtest6  (cost=5.57..444.49 rows=111 width=125)
	  Recheck Cond: ((k >= 7066921) AND (k <= 7067021))
	  ->  Bitmap Index Scan on k_6  (cost=0.00..5.54 rows=111 width=0)
	        Index Cond: ((k >= 7066921) AND (k <= 7067021))

table 7 : explain SELECT k, c FROM sbtest7 WHERE k BETWEEN 7066921 AND 7067021
	Bitmap Heap Scan on sbtest7  (cost=5.52..424.81 rows=106 width=125)
	  Recheck Cond: ((k >= 7066921) AND (k <= 7067021))
	  ->  Bitmap Index Scan on k_7  (cost=0.00..5.50 rows=106 width=0)
	        Index Cond: ((k >= 7066921) AND (k <= 7067021))

table 8 : explain SELECT k, c FROM sbtest8 WHERE k BETWEEN 7066921 AND 7067021
	Bitmap Heap Scan on sbtest8  (cost=5.46..401.19 rows=100 width=125)
	  Recheck Cond: ((k >= 7066921) AND (k <= 7067021))
	  ->  Bitmap Index Scan on k_8  (cost=0.00..5.43 rows=100 width=0)
	        Index Cond: ((k >= 7066921) AND (k <= 7067021))

for range-notcovered
table 1 : explain SELECT k, c FROM sbtest1 WHERE k BETWEEN 1621720 AND 1621820
	Bitmap Heap Scan on sbtest1  (cost=5.61..460.22 rows=115 width=125)
	  Recheck Cond: ((k >= 1621720) AND (k <= 1621820))
	  ->  Bitmap Index Scan on k_1  (cost=0.00..5.58 rows=115 width=0)
	        Index Cond: ((k >= 1621720) AND (k <= 1621820))

table 2 : explain SELECT k, c FROM sbtest2 WHERE k BETWEEN 1621720 AND 1621820
	Bitmap Heap Scan on sbtest2  (cost=5.48..409.07 rows=102 width=125)
	  Recheck Cond: ((k >= 1621720) AND (k <= 1621820))
	  ->  Bitmap Index Scan on k_2  (cost=0.00..5.45 rows=102 width=0)
	        Index Cond: ((k >= 1621720) AND (k <= 1621820))

table 3 : explain SELECT k, c FROM sbtest3 WHERE k BETWEEN 1621720 AND 1621820
	Bitmap Heap Scan on sbtest3  (cost=5.49..413.00 rows=103 width=125)
	  Recheck Cond: ((k >= 1621720) AND (k <= 1621820))
	  ->  Bitmap Index Scan on k_3  (cost=0.00..5.46 rows=103 width=0)
	        Index Cond: ((k >= 1621720) AND (k <= 1621820))

table 4 : explain SELECT k, c FROM sbtest4 WHERE k BETWEEN 1621720 AND 1621820
	Bitmap Heap Scan on sbtest4  (cost=5.37..365.72 rows=91 width=125)
	  Recheck Cond: ((k >= 1621720) AND (k <= 1621820))
	  ->  Bitmap Index Scan on k_4  (cost=0.00..5.34 rows=91 width=0)
	        Index Cond: ((k >= 1621720) AND (k <= 1621820))

table 5 : explain SELECT k, c FROM sbtest5 WHERE k BETWEEN 1621720 AND 1621820
	Bitmap Heap Scan on sbtest5  (cost=5.49..413.00 rows=103 width=125)
	  Recheck Cond: ((k >= 1621720) AND (k <= 1621820))
	  ->  Bitmap Index Scan on k_5  (cost=0.00..5.46 rows=103 width=0)
	        Index Cond: ((k >= 1621720) AND (k <= 1621820))

table 6 : explain SELECT k, c FROM sbtest6 WHERE k BETWEEN 1621720 AND 1621820
	Bitmap Heap Scan on sbtest6  (cost=5.43..389.37 rows=97 width=125)
	  Recheck Cond: ((k >= 1621720) AND (k <= 1621820))
	  ->  Bitmap Index Scan on k_6  (cost=0.00..5.40 rows=97 width=0)
	        Index Cond: ((k >= 1621720) AND (k <= 1621820))

table 7 : explain SELECT k, c FROM sbtest7 WHERE k BETWEEN 1621720 AND 1621820
	Bitmap Heap Scan on sbtest7  (cost=5.54..432.69 rows=108 width=125)
	  Recheck Cond: ((k >= 1621720) AND (k <= 1621820))
	  ->  Bitmap Index Scan on k_7  (cost=0.00..5.51 rows=108 width=0)
	        Index Cond: ((k >= 1621720) AND (k <= 1621820))

table 8 : explain SELECT k, c FROM sbtest8 WHERE k BETWEEN 1621720 AND 1621820
	Bitmap Heap Scan on sbtest8  (cost=5.43..389.37 rows=97 width=125)
	  Recheck Cond: ((k >= 1621720) AND (k <= 1621820))
	  ->  Bitmap Index Scan on k_8  (cost=0.00..5.40 rows=97 width=0)
	        Index Cond: ((k >= 1621720) AND (k <= 1621820))

explain: for range-notcovered :: explain SELECT k, c FROM sbtest%d WHERE k BETWEEN 1084689 AND 1084789
for range-notcovered
table 1 : explain SELECT k, c FROM sbtest1 WHERE k BETWEEN 3435870 AND 3435970
	Bitmap Heap Scan on sbtest1  (cost=5.44..393.31 rows=98 width=125)
	  Recheck Cond: ((k >= 3435870) AND (k <= 3435970))
	  ->  Bitmap Index Scan on k_1  (cost=0.00..5.42 rows=98 width=0)
	        Index Cond: ((k >= 3435870) AND (k <= 3435970))

table 2 : explain SELECT k, c FROM sbtest2 WHERE k BETWEEN 3435870 AND 3435970
	Bitmap Heap Scan on sbtest2  (cost=5.56..440.56 rows=110 width=125)
	  Recheck Cond: ((k >= 3435870) AND (k <= 3435970))
	  ->  Bitmap Index Scan on k_2  (cost=0.00..5.53 rows=110 width=0)
	        Index Cond: ((k >= 3435870) AND (k <= 3435970))

table 3 : explain SELECT k, c FROM sbtest3 WHERE k BETWEEN 3435870 AND 3435970
	Bitmap Heap Scan on sbtest3  (cost=5.45..397.25 rows=99 width=125)
	  Recheck Cond: ((k >= 3435870) AND (k <= 3435970))
	  ->  Bitmap Index Scan on k_3  (cost=0.00..5.42 rows=99 width=0)
	        Index Cond: ((k >= 3435870) AND (k <= 3435970))

table 4 : explain SELECT k, c FROM sbtest4 WHERE k BETWEEN 3435870 AND 3435970
	Bitmap Heap Scan on sbtest4  (cost=5.46..401.19 rows=100 width=125)
	  Recheck Cond: ((k >= 3435870) AND (k <= 3435970))
	  ->  Bitmap Index Scan on k_4  (cost=0.00..5.43 rows=100 width=0)
	        Index Cond: ((k >= 3435870) AND (k <= 3435970))

table 5 : explain SELECT k, c FROM sbtest5 WHERE k BETWEEN 3435870 AND 3435970
	Bitmap Heap Scan on sbtest5  (cost=5.55..436.62 rows=109 width=125)
	  Recheck Cond: ((k >= 3435870) AND (k <= 3435970))
	  ->  Bitmap Index Scan on k_5  (cost=0.00..5.52 rows=109 width=0)
	        Index Cond: ((k >= 3435870) AND (k <= 3435970))

table 6 : explain SELECT k, c FROM sbtest6 WHERE k BETWEEN 3435870 AND 3435970
	Bitmap Heap Scan on sbtest6  (cost=5.46..401.19 rows=100 width=125)
	  Recheck Cond: ((k >= 3435870) AND (k <= 3435970))
	  ->  Bitmap Index Scan on k_6  (cost=0.00..5.43 rows=100 width=0)
	        Index Cond: ((k >= 3435870) AND (k <= 3435970))

table 7 : explain SELECT k, c FROM sbtest7 WHERE k BETWEEN 3435870 AND 3435970
	Bitmap Heap Scan on sbtest7  (cost=5.43..389.37 rows=97 width=125)
	  Recheck Cond: ((k >= 3435870) AND (k <= 3435970))
	  ->  Bitmap Index Scan on k_7  (cost=0.00..5.40 rows=97 width=0)
	        Index Cond: ((k >= 3435870) AND (k <= 3435970))

table 8 : explain SELECT k, c FROM sbtest8 WHERE k BETWEEN 3435870 AND 3435970
	Bitmap Heap Scan on sbtest8  (cost=5.55..436.62 rows=109 width=125)
	  Recheck Cond: ((k >= 3435870) AND (k <= 3435970))
	  ->  Bitmap Index Scan on k_8  (cost=0.00..5.52 rows=109 width=0)
	        Index Cond: ((k >= 3435870) AND (k <= 3435970))

explain: for range-notcovered :: explain SELECT k, c FROM sbtest%d WHERE k BETWEEN 7066921 AND 7067021
explain: for range-notcovered :: explain SELECT k, c FROM sbtest%d WHERE k BETWEEN 1621720 AND 1621820
explain: for range-notcovered :: explain SELECT k, c FROM sbtest%d WHERE k BETWEEN 3435870 AND 3435970
for range-notcovered
table 1 : explain SELECT k, c FROM sbtest1 WHERE k BETWEEN 8267954 AND 8268054
	Bitmap Heap Scan on sbtest1  (cost=5.50..416.94 rows=104 width=125)
	  Recheck Cond: ((k >= 8267954) AND (k <= 8268054))
	  ->  Bitmap Index Scan on k_1  (cost=0.00..5.47 rows=104 width=0)
	        Index Cond: ((k >= 8267954) AND (k <= 8268054))

table 2 : explain SELECT k, c FROM sbtest2 WHERE k BETWEEN 8267954 AND 8268054
	Bitmap Heap Scan on sbtest2  (cost=5.54..432.69 rows=108 width=125)
	  Recheck Cond: ((k >= 8267954) AND (k <= 8268054))
	  ->  Bitmap Index Scan on k_2  (cost=0.00..5.51 rows=108 width=0)
	        Index Cond: ((k >= 8267954) AND (k <= 8268054))

table 3 : explain SELECT k, c FROM sbtest3 WHERE k BETWEEN 8267954 AND 8268054
	Bitmap Heap Scan on sbtest3  (cost=5.47..405.13 rows=101 width=125)
	  Recheck Cond: ((k >= 8267954) AND (k <= 8268054))
	  ->  Bitmap Index Scan on k_3  (cost=0.00..5.44 rows=101 width=0)
	        Index Cond: ((k >= 8267954) AND (k <= 8268054))

table 4 : explain SELECT k, c FROM sbtest4 WHERE k BETWEEN 8267954 AND 8268054
	Bitmap Heap Scan on sbtest4  (cost=5.43..389.37 rows=97 width=125)
	  Recheck Cond: ((k >= 8267954) AND (k <= 8268054))
	  ->  Bitmap Index Scan on k_4  (cost=0.00..5.40 rows=97 width=0)
	        Index Cond: ((k >= 8267954) AND (k <= 8268054))

table 5 : explain SELECT k, c FROM sbtest5 WHERE k BETWEEN 8267954 AND 8268054
	Bitmap Heap Scan on sbtest5  (cost=5.52..424.81 rows=106 width=125)
	  Recheck Cond: ((k >= 8267954) AND (k <= 8268054))
	  ->  Bitmap Index Scan on k_5  (cost=0.00..5.50 rows=106 width=0)
	        Index Cond: ((k >= 8267954) AND (k <= 8268054))

table 6 : explain SELECT k, c FROM sbtest6 WHERE k BETWEEN 8267954 AND 8268054
	Bitmap Heap Scan on sbtest6  (cost=5.55..436.62 rows=109 width=125)
	  Recheck Cond: ((k >= 8267954) AND (k <= 8268054))
	  ->  Bitmap Index Scan on k_6  (cost=0.00..5.52 rows=109 width=0)
	        Index Cond: ((k >= 8267954) AND (k <= 8268054))

table 7 : explain SELECT k, c FROM sbtest7 WHERE k BETWEEN 8267954 AND 8268054
	Bitmap Heap Scan on sbtest7  (cost=5.49..413.00 rows=103 width=125)
	  Recheck Cond: ((k >= 8267954) AND (k <= 8268054))
	  ->  Bitmap Index Scan on k_7  (cost=0.00..5.46 rows=103 width=0)
	        Index Cond: ((k >= 8267954) AND (k <= 8268054))

table 8 : explain SELECT k, c FROM sbtest8 WHERE k BETWEEN 8267954 AND 8268054
	Bitmap Heap Scan on sbtest8  (cost=5.41..381.49 rows=95 width=125)
	  Recheck Cond: ((k >= 8267954) AND (k <= 8268054))
	  ->  Bitmap Index Scan on k_8  (cost=0.00..5.38 rows=95 width=0)
	        Index Cond: ((k >= 8267954) AND (k <= 8268054))

for range-notcovered
table 1 : explain SELECT k, c FROM sbtest1 WHERE k BETWEEN 6861557 AND 6861657
	Bitmap Heap Scan on sbtest1  (cost=5.44..393.31 rows=98 width=125)
	  Recheck Cond: ((k >= 6861557) AND (k <= 6861657))
	  ->  Bitmap Index Scan on k_1  (cost=0.00..5.42 rows=98 width=0)
	        Index Cond: ((k >= 6861557) AND (k <= 6861657))

table 2 : explain SELECT k, c FROM sbtest2 WHERE k BETWEEN 6861557 AND 6861657
	Bitmap Heap Scan on sbtest2  (cost=5.58..448.42 rows=112 width=125)
	  Recheck Cond: ((k >= 6861557) AND (k <= 6861657))
	  ->  Bitmap Index Scan on k_2  (cost=0.00..5.55 rows=112 width=0)
	        Index Cond: ((k >= 6861557) AND (k <= 6861657))

table 3 : explain SELECT k, c FROM sbtest3 WHERE k BETWEEN 6861557 AND 6861657
	Bitmap Heap Scan on sbtest3  (cost=5.38..369.67 rows=92 width=125)
	  Recheck Cond: ((k >= 6861557) AND (k <= 6861657))
	  ->  Bitmap Index Scan on k_3  (cost=0.00..5.35 rows=92 width=0)
	        Index Cond: ((k >= 6861557) AND (k <= 6861657))

table 4 : explain SELECT k, c FROM sbtest4 WHERE k BETWEEN 6861557 AND 6861657
	Bitmap Heap Scan on sbtest4  (cost=5.56..440.56 rows=110 width=125)
	  Recheck Cond: ((k >= 6861557) AND (k <= 6861657))
	  ->  Bitmap Index Scan on k_4  (cost=0.00..5.53 rows=110 width=0)
	        Index Cond: ((k >= 6861557) AND (k <= 6861657))

table 5 : explain SELECT k, c FROM sbtest5 WHERE k BETWEEN 6861557 AND 6861657
	Bitmap Heap Scan on sbtest5  (cost=5.53..428.75 rows=107 width=125)
	  Recheck Cond: ((k >= 6861557) AND (k <= 6861657))
	  ->  Bitmap Index Scan on k_5  (cost=0.00..5.50 rows=107 width=0)
	        Index Cond: ((k >= 6861557) AND (k <= 6861657))

table 6 : explain SELECT k, c FROM sbtest6 WHERE k BETWEEN 6861557 AND 6861657
	Bitmap Heap Scan on sbtest6  (cost=5.51..420.88 rows=105 width=125)
	  Recheck Cond: ((k >= 6861557) AND (k <= 6861657))
	  ->  Bitmap Index Scan on k_6  (cost=0.00..5.48 rows=105 width=0)
	        Index Cond: ((k >= 6861557) AND (k <= 6861657))

table 7 : explain SELECT k, c FROM sbtest7 WHERE k BETWEEN 6861557 AND 6861657
	Bitmap Heap Scan on sbtest7  (cost=5.56..440.56 rows=110 width=125)
	  Recheck Cond: ((k >= 6861557) AND (k <= 6861657))
	  ->  Bitmap Index Scan on k_7  (cost=0.00..5.53 rows=110 width=0)
	        Index Cond: ((k >= 6861557) AND (k <= 6861657))

table 8 : explain SELECT k, c FROM sbtest8 WHERE k BETWEEN 6861557 AND 6861657
	Bitmap Heap Scan on sbtest8  (cost=5.47..405.13 rows=101 width=125)
	  Recheck Cond: ((k >= 6861557) AND (k <= 6861657))
	  ->  Bitmap Index Scan on k_8  (cost=0.00..5.44 rows=101 width=0)
	        Index Cond: ((k >= 6861557) AND (k <= 6861657))

explain: for range-notcovered :: explain SELECT k, c FROM sbtest%d WHERE k BETWEEN 6861557 AND 6861657
explain: for range-notcovered :: explain SELECT k, c FROM sbtest%d WHERE k BETWEEN 8634473 AND 8634573
for range-notcovered
table 1 : explain SELECT k, c FROM sbtest1 WHERE k BETWEEN 6861557 AND 6861657
	Bitmap Heap Scan on sbtest1  (cost=5.44..393.31 rows=98 width=125)
	  Recheck Cond: ((k >= 6861557) AND (k <= 6861657))
	  ->  Bitmap Index Scan on k_1  (cost=0.00..5.42 rows=98 width=0)
	        Index Cond: ((k >= 6861557) AND (k <= 6861657))

table 2 : explain SELECT k, c FROM sbtest2 WHERE k BETWEEN 6861557 AND 6861657
	Bitmap Heap Scan on sbtest2  (cost=5.58..448.42 rows=112 width=125)
	  Recheck Cond: ((k >= 6861557) AND (k <= 6861657))
	  ->  Bitmap Index Scan on k_2  (cost=0.00..5.55 rows=112 width=0)
	        Index Cond: ((k >= 6861557) AND (k <= 6861657))

table 3 : explain SELECT k, c FROM sbtest3 WHERE k BETWEEN 6861557 AND 6861657
	Bitmap Heap Scan on sbtest3  (cost=5.38..369.67 rows=92 width=125)
	  Recheck Cond: ((k >= 6861557) AND (k <= 6861657))
	  ->  Bitmap Index Scan on k_3  (cost=0.00..5.35 rows=92 width=0)
	        Index Cond: ((k >= 6861557) AND (k <= 6861657))

table 4 : explain SELECT k, c FROM sbtest4 WHERE k BETWEEN 6861557 AND 6861657
	Bitmap Heap Scan on sbtest4  (cost=5.56..440.56 rows=110 width=125)
	  Recheck Cond: ((k >= 6861557) AND (k <= 6861657))
	  ->  Bitmap Index Scan on k_4  (cost=0.00..5.53 rows=110 width=0)
	        Index Cond: ((k >= 6861557) AND (k <= 6861657))

table 5 : explain SELECT k, c FROM sbtest5 WHERE k BETWEEN 6861557 AND 6861657
	Bitmap Heap Scan on sbtest5  (cost=5.53..428.75 rows=107 width=125)
	  Recheck Cond: ((k >= 6861557) AND (k <= 6861657))
	  ->  Bitmap Index Scan on k_5  (cost=0.00..5.50 rows=107 width=0)
	        Index Cond: ((k >= 6861557) AND (k <= 6861657))

table 6 : explain SELECT k, c FROM sbtest6 WHERE k BETWEEN 6861557 AND 6861657
	Bitmap Heap Scan on sbtest6  (cost=5.51..420.88 rows=105 width=125)
	  Recheck Cond: ((k >= 6861557) AND (k <= 6861657))
	  ->  Bitmap Index Scan on k_6  (cost=0.00..5.48 rows=105 width=0)
	        Index Cond: ((k >= 6861557) AND (k <= 6861657))

table 7 : explain SELECT k, c FROM sbtest7 WHERE k BETWEEN 6861557 AND 6861657
	Bitmap Heap Scan on sbtest7  (cost=5.56..440.56 rows=110 width=125)
	  Recheck Cond: ((k >= 6861557) AND (k <= 6861657))
	  ->  Bitmap Index Scan on k_7  (cost=0.00..5.53 rows=110 width=0)
	        Index Cond: ((k >= 6861557) AND (k <= 6861657))

table 8 : explain SELECT k, c FROM sbtest8 WHERE k BETWEEN 6861557 AND 6861657
	Bitmap Heap Scan on sbtest8  (cost=5.47..405.13 rows=101 width=125)
	  Recheck Cond: ((k >= 6861557) AND (k <= 6861657))
	  ->  Bitmap Index Scan on k_8  (cost=0.00..5.44 rows=101 width=0)
	        Index Cond: ((k >= 6861557) AND (k <= 6861657))

explain: for range-notcovered :: explain SELECT k, c FROM sbtest%d WHERE k BETWEEN 6861557 AND 6861657
for range-notcovered
table 1 : explain SELECT k, c FROM sbtest1 WHERE k BETWEEN 1084689 AND 1084789
	Bitmap Heap Scan on sbtest1  (cost=5.44..393.31 rows=98 width=125)
	  Recheck Cond: ((k >= 1084689) AND (k <= 1084789))
	  ->  Bitmap Index Scan on k_1  (cost=0.00..5.42 rows=98 width=0)
	        Index Cond: ((k >= 1084689) AND (k <= 1084789))

table 2 : explain SELECT k, c FROM sbtest2 WHERE k BETWEEN 1084689 AND 1084789
	Bitmap Heap Scan on sbtest2  (cost=5.45..397.25 rows=99 width=125)
	  Recheck Cond: ((k >= 1084689) AND (k <= 1084789))
	  ->  Bitmap Index Scan on k_2  (cost=0.00..5.42 rows=99 width=0)
	        Index Cond: ((k >= 1084689) AND (k <= 1084789))

table 3 : explain SELECT k, c FROM sbtest3 WHERE k BETWEEN 1084689 AND 1084789
	Bitmap Heap Scan on sbtest3  (cost=5.39..373.61 rows=93 width=125)
	  Recheck Cond: ((k >= 1084689) AND (k <= 1084789))
	  ->  Bitmap Index Scan on k_3  (cost=0.00..5.36 rows=93 width=0)
	        Index Cond: ((k >= 1084689) AND (k <= 1084789))

table 4 : explain SELECT k, c FROM sbtest4 WHERE k BETWEEN 1084689 AND 1084789
	Bitmap Heap Scan on sbtest4  (cost=5.47..405.13 rows=101 width=125)
	  Recheck Cond: ((k >= 1084689) AND (k <= 1084789))
	  ->  Bitmap Index Scan on k_4  (cost=0.00..5.44 rows=101 width=0)
	        Index Cond: ((k >= 1084689) AND (k <= 1084789))

table 5 : explain SELECT k, c FROM sbtest5 WHERE k BETWEEN 1084689 AND 1084789
	Bitmap Heap Scan on sbtest5  (cost=5.47..405.13 rows=101 width=125)
	  Recheck Cond: ((k >= 1084689) AND (k <= 1084789))
	  ->  Bitmap Index Scan on k_5  (cost=0.00..5.44 rows=101 width=0)
	        Index Cond: ((k >= 1084689) AND (k <= 1084789))

table 6 : explain SELECT k, c FROM sbtest6 WHERE k BETWEEN 1084689 AND 1084789
	Bitmap Heap Scan on sbtest6  (cost=5.43..389.37 rows=97 width=125)
	  Recheck Cond: ((k >= 1084689) AND (k <= 1084789))
	  ->  Bitmap Index Scan on k_6  (cost=0.00..5.40 rows=97 width=0)
	        Index Cond: ((k >= 1084689) AND (k <= 1084789))

table 7 : explain SELECT k, c FROM sbtest7 WHERE k BETWEEN 1084689 AND 1084789
	Bitmap Heap Scan on sbtest7  (cost=5.55..436.62 rows=109 width=125)
	  Recheck Cond: ((k >= 1084689) AND (k <= 1084789))
	  ->  Bitmap Index Scan on k_7  (cost=0.00..5.52 rows=109 width=0)
	        Index Cond: ((k >= 1084689) AND (k <= 1084789))

table 8 : explain SELECT k, c FROM sbtest8 WHERE k BETWEEN 1084689 AND 1084789
	Bitmap Heap Scan on sbtest8  (cost=5.46..401.19 rows=100 width=125)
	  Recheck Cond: ((k >= 1084689) AND (k <= 1084789))
	  ->  Bitmap Index Scan on k_8  (cost=0.00..5.43 rows=100 width=0)
	        Index Cond: ((k >= 1084689) AND (k <= 1084789))

for range-notcovered
table 1 : explain SELECT k, c FROM sbtest1 WHERE k BETWEEN 7066921 AND 7067021
	Bitmap Heap Scan on sbtest1  (cost=5.55..436.62 rows=109 width=125)
	  Recheck Cond: ((k >= 7066921) AND (k <= 7067021))
	  ->  Bitmap Index Scan on k_1  (cost=0.00..5.52 rows=109 width=0)
	        Index Cond: ((k >= 7066921) AND (k <= 7067021))

table 2 : explain SELECT k, c FROM sbtest2 WHERE k BETWEEN 7066921 AND 7067021
	Bitmap Heap Scan on sbtest2  (cost=5.44..393.31 rows=98 width=125)
	  Recheck Cond: ((k >= 7066921) AND (k <= 7067021))
	  ->  Bitmap Index Scan on k_2  (cost=0.00..5.42 rows=98 width=0)
	        Index Cond: ((k >= 7066921) AND (k <= 7067021))

table 3 : explain SELECT k, c FROM sbtest3 WHERE k BETWEEN 7066921 AND 7067021
	Bitmap Heap Scan on sbtest3  (cost=5.56..440.56 rows=110 width=125)
	  Recheck Cond: ((k >= 7066921) AND (k <= 7067021))
	  ->  Bitmap Index Scan on k_3  (cost=0.00..5.53 rows=110 width=0)
	        Index Cond: ((k >= 7066921) AND (k <= 7067021))

table 4 : explain SELECT k, c FROM sbtest4 WHERE k BETWEEN 7066921 AND 7067021
	Bitmap Heap Scan on sbtest4  (cost=5.49..413.00 rows=103 width=125)
	  Recheck Cond: ((k >= 7066921) AND (k <= 7067021))
	  ->  Bitmap Index Scan on k_4  (cost=0.00..5.46 rows=103 width=0)
	        Index Cond: ((k >= 7066921) AND (k <= 7067021))

table 5 : explain SELECT k, c FROM sbtest5 WHERE k BETWEEN 7066921 AND 7067021
	Bitmap Heap Scan on sbtest5  (cost=5.43..389.37 rows=97 width=125)
	  Recheck Cond: ((k >= 7066921) AND (k <= 7067021))
	  ->  Bitmap Index Scan on k_5  (cost=0.00..5.40 rows=97 width=0)
	        Index Cond: ((k >= 7066921) AND (k <= 7067021))

table 6 : explain SELECT k, c FROM sbtest6 WHERE k BETWEEN 7066921 AND 7067021
	Bitmap Heap Scan on sbtest6  (cost=5.57..444.49 rows=111 width=125)
	  Recheck Cond: ((k >= 7066921) AND (k <= 7067021))
	  ->  Bitmap Index Scan on k_6  (cost=0.00..5.54 rows=111 width=0)
	        Index Cond: ((k >= 7066921) AND (k <= 7067021))

table 7 : explain SELECT k, c FROM sbtest7 WHERE k BETWEEN 7066921 AND 7067021
	Bitmap Heap Scan on sbtest7  (cost=5.52..424.81 rows=106 width=125)
	  Recheck Cond: ((k >= 7066921) AND (k <= 7067021))
	  ->  Bitmap Index Scan on k_7  (cost=0.00..5.50 rows=106 width=0)
	        Index Cond: ((k >= 7066921) AND (k <= 7067021))

table 8 : explain SELECT k, c FROM sbtest8 WHERE k BETWEEN 7066921 AND 7067021
	Bitmap Heap Scan on sbtest8  (cost=5.46..401.19 rows=100 width=125)
	  Recheck Cond: ((k >= 7066921) AND (k <= 7067021))
	  ->  Bitmap Index Scan on k_8  (cost=0.00..5.43 rows=100 width=0)
	        Index Cond: ((k >= 7066921) AND (k <= 7067021))

for range-notcovered
table 1 : explain SELECT k, c FROM sbtest1 WHERE k BETWEEN 1621720 AND 1621820
	Bitmap Heap Scan on sbtest1  (cost=5.61..460.22 rows=115 width=125)
	  Recheck Cond: ((k >= 1621720) AND (k <= 1621820))
	  ->  Bitmap Index Scan on k_1  (cost=0.00..5.58 rows=115 width=0)
	        Index Cond: ((k >= 1621720) AND (k <= 1621820))

table 2 : explain SELECT k, c FROM sbtest2 WHERE k BETWEEN 1621720 AND 1621820
	Bitmap Heap Scan on sbtest2  (cost=5.48..409.07 rows=102 width=125)
	  Recheck Cond: ((k >= 1621720) AND (k <= 1621820))
	  ->  Bitmap Index Scan on k_2  (cost=0.00..5.45 rows=102 width=0)
	        Index Cond: ((k >= 1621720) AND (k <= 1621820))

table 3 : explain SELECT k, c FROM sbtest3 WHERE k BETWEEN 1621720 AND 1621820
	Bitmap Heap Scan on sbtest3  (cost=5.49..413.00 rows=103 width=125)
	  Recheck Cond: ((k >= 1621720) AND (k <= 1621820))
	  ->  Bitmap Index Scan on k_3  (cost=0.00..5.46 rows=103 width=0)
	        Index Cond: ((k >= 1621720) AND (k <= 1621820))

table 4 : explain SELECT k, c FROM sbtest4 WHERE k BETWEEN 1621720 AND 1621820
	Bitmap Heap Scan on sbtest4  (cost=5.37..365.72 rows=91 width=125)
	  Recheck Cond: ((k >= 1621720) AND (k <= 1621820))
	  ->  Bitmap Index Scan on k_4  (cost=0.00..5.34 rows=91 width=0)
	        Index Cond: ((k >= 1621720) AND (k <= 1621820))

table 5 : explain SELECT k, c FROM sbtest5 WHERE k BETWEEN 1621720 AND 1621820
	Bitmap Heap Scan on sbtest5  (cost=5.49..413.00 rows=103 width=125)
	  Recheck Cond: ((k >= 1621720) AND (k <= 1621820))
	  ->  Bitmap Index Scan on k_5  (cost=0.00..5.46 rows=103 width=0)
	        Index Cond: ((k >= 1621720) AND (k <= 1621820))

table 6 : explain SELECT k, c FROM sbtest6 WHERE k BETWEEN 1621720 AND 1621820
	Bitmap Heap Scan on sbtest6  (cost=5.43..389.37 rows=97 width=125)
	  Recheck Cond: ((k >= 1621720) AND (k <= 1621820))
	  ->  Bitmap Index Scan on k_6  (cost=0.00..5.40 rows=97 width=0)
	        Index Cond: ((k >= 1621720) AND (k <= 1621820))

table 7 : explain SELECT k, c FROM sbtest7 WHERE k BETWEEN 1621720 AND 1621820
	Bitmap Heap Scan on sbtest7  (cost=5.54..432.69 rows=108 width=125)
	  Recheck Cond: ((k >= 1621720) AND (k <= 1621820))
	  ->  Bitmap Index Scan on k_7  (cost=0.00..5.51 rows=108 width=0)
	        Index Cond: ((k >= 1621720) AND (k <= 1621820))

table 8 : explain SELECT k, c FROM sbtest8 WHERE k BETWEEN 1621720 AND 1621820
	Bitmap Heap Scan on sbtest8  (cost=5.43..389.37 rows=97 width=125)
	  Recheck Cond: ((k >= 1621720) AND (k <= 1621820))
	  ->  Bitmap Index Scan on k_8  (cost=0.00..5.40 rows=97 width=0)
	        Index Cond: ((k >= 1621720) AND (k <= 1621820))

explain: for range-notcovered :: explain SELECT k, c FROM sbtest%d WHERE k BETWEEN 1084689 AND 1084789
for range-notcovered
table 1 : explain SELECT k, c FROM sbtest1 WHERE k BETWEEN 3435870 AND 3435970
	Bitmap Heap Scan on sbtest1  (cost=5.44..393.31 rows=98 width=125)
	  Recheck Cond: ((k >= 3435870) AND (k <= 3435970))
	  ->  Bitmap Index Scan on k_1  (cost=0.00..5.42 rows=98 width=0)
	        Index Cond: ((k >= 3435870) AND (k <= 3435970))

table 2 : explain SELECT k, c FROM sbtest2 WHERE k BETWEEN 3435870 AND 3435970
	Bitmap Heap Scan on sbtest2  (cost=5.56..440.56 rows=110 width=125)
	  Recheck Cond: ((k >= 3435870) AND (k <= 3435970))
	  ->  Bitmap Index Scan on k_2  (cost=0.00..5.53 rows=110 width=0)
	        Index Cond: ((k >= 3435870) AND (k <= 3435970))

table 3 : explain SELECT k, c FROM sbtest3 WHERE k BETWEEN 3435870 AND 3435970
	Bitmap Heap Scan on sbtest3  (cost=5.45..397.25 rows=99 width=125)
	  Recheck Cond: ((k >= 3435870) AND (k <= 3435970))
	  ->  Bitmap Index Scan on k_3  (cost=0.00..5.42 rows=99 width=0)
	        Index Cond: ((k >= 3435870) AND (k <= 3435970))

table 4 : explain SELECT k, c FROM sbtest4 WHERE k BETWEEN 3435870 AND 3435970
	Bitmap Heap Scan on sbtest4  (cost=5.46..401.19 rows=100 width=125)
	  Recheck Cond: ((k >= 3435870) AND (k <= 3435970))
	  ->  Bitmap Index Scan on k_4  (cost=0.00..5.43 rows=100 width=0)
	        Index Cond: ((k >= 3435870) AND (k <= 3435970))

table 5 : explain SELECT k, c FROM sbtest5 WHERE k BETWEEN 3435870 AND 3435970
	Bitmap Heap Scan on sbtest5  (cost=5.55..436.62 rows=109 width=125)
	  Recheck Cond: ((k >= 3435870) AND (k <= 3435970))
	  ->  Bitmap Index Scan on k_5  (cost=0.00..5.52 rows=109 width=0)
	        Index Cond: ((k >= 3435870) AND (k <= 3435970))

table 6 : explain SELECT k, c FROM sbtest6 WHERE k BETWEEN 3435870 AND 3435970
	Bitmap Heap Scan on sbtest6  (cost=5.46..401.19 rows=100 width=125)
	  Recheck Cond: ((k >= 3435870) AND (k <= 3435970))
	  ->  Bitmap Index Scan on k_6  (cost=0.00..5.43 rows=100 width=0)
	        Index Cond: ((k >= 3435870) AND (k <= 3435970))

table 7 : explain SELECT k, c FROM sbtest7 WHERE k BETWEEN 3435870 AND 3435970
	Bitmap Heap Scan on sbtest7  (cost=5.43..389.37 rows=97 width=125)
	  Recheck Cond: ((k >= 3435870) AND (k <= 3435970))
	  ->  Bitmap Index Scan on k_7  (cost=0.00..5.40 rows=97 width=0)
	        Index Cond: ((k >= 3435870) AND (k <= 3435970))

table 8 : explain SELECT k, c FROM sbtest8 WHERE k BETWEEN 3435870 AND 3435970
	Bitmap Heap Scan on sbtest8  (cost=5.55..436.62 rows=109 width=125)
	  Recheck Cond: ((k >= 3435870) AND (k <= 3435970))
	  ->  Bitmap Index Scan on k_8  (cost=0.00..5.52 rows=109 width=0)
	        Index Cond: ((k >= 3435870) AND (k <= 3435970))

explain: for range-notcovered :: explain SELECT k, c FROM sbtest%d WHERE k BETWEEN 7066921 AND 7067021
explain: for range-notcovered :: explain SELECT k, c FROM sbtest%d WHERE k BETWEEN 7528609 AND 7528709
explain: for range-notcovered :: explain SELECT k, c FROM sbtest%d WHERE k BETWEEN 3435870 AND 3435970
for range-notcovered
table 1 : explain SELECT k, c FROM sbtest1 WHERE k BETWEEN 6861557 AND 6861657
	Bitmap Heap Scan on sbtest1  (cost=5.44..393.31 rows=98 width=125)
	  Recheck Cond: ((k >= 6861557) AND (k <= 6861657))
	  ->  Bitmap Index Scan on k_1  (cost=0.00..5.42 rows=98 width=0)
	        Index Cond: ((k >= 6861557) AND (k <= 6861657))

table 2 : explain SELECT k, c FROM sbtest2 WHERE k BETWEEN 6861557 AND 6861657
	Bitmap Heap Scan on sbtest2  (cost=5.58..448.42 rows=112 width=125)
	  Recheck Cond: ((k >= 6861557) AND (k <= 6861657))
	  ->  Bitmap Index Scan on k_2  (cost=0.00..5.55 rows=112 width=0)
	        Index Cond: ((k >= 6861557) AND (k <= 6861657))

table 3 : explain SELECT k, c FROM sbtest3 WHERE k BETWEEN 6861557 AND 6861657
	Bitmap Heap Scan on sbtest3  (cost=5.38..369.67 rows=92 width=125)
	  Recheck Cond: ((k >= 6861557) AND (k <= 6861657))
	  ->  Bitmap Index Scan on k_3  (cost=0.00..5.35 rows=92 width=0)
	        Index Cond: ((k >= 6861557) AND (k <= 6861657))

table 4 : explain SELECT k, c FROM sbtest4 WHERE k BETWEEN 6861557 AND 6861657
	Bitmap Heap Scan on sbtest4  (cost=5.56..440.56 rows=110 width=125)
	  Recheck Cond: ((k >= 6861557) AND (k <= 6861657))
	  ->  Bitmap Index Scan on k_4  (cost=0.00..5.53 rows=110 width=0)
	        Index Cond: ((k >= 6861557) AND (k <= 6861657))

table 5 : explain SELECT k, c FROM sbtest5 WHERE k BETWEEN 6861557 AND 6861657
	Bitmap Heap Scan on sbtest5  (cost=5.53..428.75 rows=107 width=125)
	  Recheck Cond: ((k >= 6861557) AND (k <= 6861657))
	  ->  Bitmap Index Scan on k_5  (cost=0.00..5.50 rows=107 width=0)
	        Index Cond: ((k >= 6861557) AND (k <= 6861657))

table 6 : explain SELECT k, c FROM sbtest6 WHERE k BETWEEN 6861557 AND 6861657
	Bitmap Heap Scan on sbtest6  (cost=5.51..420.88 rows=105 width=125)
	  Recheck Cond: ((k >= 6861557) AND (k <= 6861657))
	  ->  Bitmap Index Scan on k_6  (cost=0.00..5.48 rows=105 width=0)
	        Index Cond: ((k >= 6861557) AND (k <= 6861657))

table 7 : explain SELECT k, c FROM sbtest7 WHERE k BETWEEN 6861557 AND 6861657
	Bitmap Heap Scan on sbtest7  (cost=5.56..440.56 rows=110 width=125)
	  Recheck Cond: ((k >= 6861557) AND (k <= 6861657))
	  ->  Bitmap Index Scan on k_7  (cost=0.00..5.53 rows=110 width=0)
	        Index Cond: ((k >= 6861557) AND (k <= 6861657))

table 8 : explain SELECT k, c FROM sbtest8 WHERE k BETWEEN 6861557 AND 6861657
	Bitmap Heap Scan on sbtest8  (cost=5.47..405.13 rows=101 width=125)
	  Recheck Cond: ((k >= 6861557) AND (k <= 6861657))
	  ->  Bitmap Index Scan on k_8  (cost=0.00..5.44 rows=101 width=0)
	        Index Cond: ((k >= 6861557) AND (k <= 6861657))

explain: for range-notcovered :: explain SELECT k, c FROM sbtest%d WHERE k BETWEEN 6861557 AND 6861657
for range-notcovered
table 1 : explain SELECT k, c FROM sbtest1 WHERE k BETWEEN 6971790 AND 6971890
	Bitmap Heap Scan on sbtest1  (cost=5.48..409.07 rows=102 width=125)
	  Recheck Cond: ((k >= 6971790) AND (k <= 6971890))
	  ->  Bitmap Index Scan on k_1  (cost=0.00..5.45 rows=102 width=0)
	        Index Cond: ((k >= 6971790) AND (k <= 6971890))

table 2 : explain SELECT k, c FROM sbtest2 WHERE k BETWEEN 6971790 AND 6971890
	Bitmap Heap Scan on sbtest2  (cost=5.55..436.62 rows=109 width=125)
	  Recheck Cond: ((k >= 6971790) AND (k <= 6971890))
	  ->  Bitmap Index Scan on k_2  (cost=0.00..5.52 rows=109 width=0)
	        Index Cond: ((k >= 6971790) AND (k <= 6971890))

table 3 : explain SELECT k, c FROM sbtest3 WHERE k BETWEEN 6971790 AND 6971890
	Bitmap Heap Scan on sbtest3  (cost=5.51..420.88 rows=105 width=125)
	  Recheck Cond: ((k >= 6971790) AND (k <= 6971890))
	  ->  Bitmap Index Scan on k_3  (cost=0.00..5.48 rows=105 width=0)
	        Index Cond: ((k >= 6971790) AND (k <= 6971890))

table 4 : explain SELECT k, c FROM sbtest4 WHERE k BETWEEN 6971790 AND 6971890
	Bitmap Heap Scan on sbtest4  (cost=5.57..444.49 rows=111 width=125)
	  Recheck Cond: ((k >= 6971790) AND (k <= 6971890))
	  ->  Bitmap Index Scan on k_4  (cost=0.00..5.54 rows=111 width=0)
	        Index Cond: ((k >= 6971790) AND (k <= 6971890))

table 5 : explain SELECT k, c FROM sbtest5 WHERE k BETWEEN 6971790 AND 6971890
	Bitmap Heap Scan on sbtest5  (cost=5.49..413.00 rows=103 width=125)
	  Recheck Cond: ((k >= 6971790) AND (k <= 6971890))
	  ->  Bitmap Index Scan on k_5  (cost=0.00..5.46 rows=103 width=0)
	        Index Cond: ((k >= 6971790) AND (k <= 6971890))

table 6 : explain SELECT k, c FROM sbtest6 WHERE k BETWEEN 6971790 AND 6971890
	Bitmap Heap Scan on sbtest6  (cost=5.46..401.19 rows=100 width=125)
	  Recheck Cond: ((k >= 6971790) AND (k <= 6971890))
	  ->  Bitmap Index Scan on k_6  (cost=0.00..5.43 rows=100 width=0)
	        Index Cond: ((k >= 6971790) AND (k <= 6971890))

table 7 : explain SELECT k, c FROM sbtest7 WHERE k BETWEEN 6971790 AND 6971890
	Bitmap Heap Scan on sbtest7  (cost=5.49..413.00 rows=103 width=125)
	  Recheck Cond: ((k >= 6971790) AND (k <= 6971890))
	  ->  Bitmap Index Scan on k_7  (cost=0.00..5.46 rows=103 width=0)
	        Index Cond: ((k >= 6971790) AND (k <= 6971890))

table 8 : explain SELECT k, c FROM sbtest8 WHERE k BETWEEN 6971790 AND 6971890
	Bitmap Heap Scan on sbtest8  (cost=5.60..456.29 rows=114 width=125)
	  Recheck Cond: ((k >= 6971790) AND (k <= 6971890))
	  ->  Bitmap Index Scan on k_8  (cost=0.00..5.58 rows=114 width=0)
	        Index Cond: ((k >= 6971790) AND (k <= 6971890))

explain: for range-notcovered :: explain SELECT k, c FROM sbtest%d WHERE k BETWEEN 6971790 AND 6971890
for range-notcovered
table 1 : explain SELECT k, c FROM sbtest1 WHERE k BETWEEN 3435870 AND 3435970
	Bitmap Heap Scan on sbtest1  (cost=5.44..393.31 rows=98 width=125)
	  Recheck Cond: ((k >= 3435870) AND (k <= 3435970))
	  ->  Bitmap Index Scan on k_1  (cost=0.00..5.42 rows=98 width=0)
	        Index Cond: ((k >= 3435870) AND (k <= 3435970))

table 2 : explain SELECT k, c FROM sbtest2 WHERE k BETWEEN 3435870 AND 3435970
	Bitmap Heap Scan on sbtest2  (cost=5.56..440.56 rows=110 width=125)
	  Recheck Cond: ((k >= 3435870) AND (k <= 3435970))
	  ->  Bitmap Index Scan on k_2  (cost=0.00..5.53 rows=110 width=0)
	        Index Cond: ((k >= 3435870) AND (k <= 3435970))

table 3 : explain SELECT k, c FROM sbtest3 WHERE k BETWEEN 3435870 AND 3435970
	Bitmap Heap Scan on sbtest3  (cost=5.45..397.25 rows=99 width=125)
	  Recheck Cond: ((k >= 3435870) AND (k <= 3435970))
	  ->  Bitmap Index Scan on k_3  (cost=0.00..5.42 rows=99 width=0)
	        Index Cond: ((k >= 3435870) AND (k <= 3435970))

table 4 : explain SELECT k, c FROM sbtest4 WHERE k BETWEEN 3435870 AND 3435970
	Bitmap Heap Scan on sbtest4  (cost=5.46..401.19 rows=100 width=125)
	  Recheck Cond: ((k >= 3435870) AND (k <= 3435970))
	  ->  Bitmap Index Scan on k_4  (cost=0.00..5.43 rows=100 width=0)
	        Index Cond: ((k >= 3435870) AND (k <= 3435970))

table 5 : explain SELECT k, c FROM sbtest5 WHERE k BETWEEN 3435870 AND 3435970
	Bitmap Heap Scan on sbtest5  (cost=5.55..436.62 rows=109 width=125)
	  Recheck Cond: ((k >= 3435870) AND (k <= 3435970))
	  ->  Bitmap Index Scan on k_5  (cost=0.00..5.52 rows=109 width=0)
	        Index Cond: ((k >= 3435870) AND (k <= 3435970))

table 6 : explain SELECT k, c FROM sbtest6 WHERE k BETWEEN 3435870 AND 3435970
	Bitmap Heap Scan on sbtest6  (cost=5.46..401.19 rows=100 width=125)
	  Recheck Cond: ((k >= 3435870) AND (k <= 3435970))
	  ->  Bitmap Index Scan on k_6  (cost=0.00..5.43 rows=100 width=0)
	        Index Cond: ((k >= 3435870) AND (k <= 3435970))

table 7 : explain SELECT k, c FROM sbtest7 WHERE k BETWEEN 3435870 AND 3435970
	Bitmap Heap Scan on sbtest7  (cost=5.43..389.37 rows=97 width=125)
	  Recheck Cond: ((k >= 3435870) AND (k <= 3435970))
	  ->  Bitmap Index Scan on k_7  (cost=0.00..5.40 rows=97 width=0)
	        Index Cond: ((k >= 3435870) AND (k <= 3435970))

table 8 : explain SELECT k, c FROM sbtest8 WHERE k BETWEEN 3435870 AND 3435970
	Bitmap Heap Scan on sbtest8  (cost=5.55..436.62 rows=109 width=125)
	  Recheck Cond: ((k >= 3435870) AND (k <= 3435970))
	  ->  Bitmap Index Scan on k_8  (cost=0.00..5.52 rows=109 width=0)
	        Index Cond: ((k >= 3435870) AND (k <= 3435970))

explain: for range-notcovered :: explain SELECT k, c FROM sbtest%d WHERE k BETWEEN 3435870 AND 3435970
for range-notcovered
table 1 : explain SELECT k, c FROM sbtest1 WHERE k BETWEEN 6861557 AND 6861657
	Bitmap Heap Scan on sbtest1  (cost=5.44..393.31 rows=98 width=125)
	  Recheck Cond: ((k >= 6861557) AND (k <= 6861657))
	  ->  Bitmap Index Scan on k_1  (cost=0.00..5.42 rows=98 width=0)
	        Index Cond: ((k >= 6861557) AND (k <= 6861657))

table 2 : explain SELECT k, c FROM sbtest2 WHERE k BETWEEN 6861557 AND 6861657
	Bitmap Heap Scan on sbtest2  (cost=5.58..448.42 rows=112 width=125)
	  Recheck Cond: ((k >= 6861557) AND (k <= 6861657))
	  ->  Bitmap Index Scan on k_2  (cost=0.00..5.55 rows=112 width=0)
	        Index Cond: ((k >= 6861557) AND (k <= 6861657))

table 3 : explain SELECT k, c FROM sbtest3 WHERE k BETWEEN 6861557 AND 6861657
	Bitmap Heap Scan on sbtest3  (cost=5.38..369.67 rows=92 width=125)
	  Recheck Cond: ((k >= 6861557) AND (k <= 6861657))
	  ->  Bitmap Index Scan on k_3  (cost=0.00..5.35 rows=92 width=0)
	        Index Cond: ((k >= 6861557) AND (k <= 6861657))

table 4 : explain SELECT k, c FROM sbtest4 WHERE k BETWEEN 6861557 AND 6861657
	Bitmap Heap Scan on sbtest4  (cost=5.56..440.56 rows=110 width=125)
	  Recheck Cond: ((k >= 6861557) AND (k <= 6861657))
	  ->  Bitmap Index Scan on k_4  (cost=0.00..5.53 rows=110 width=0)
	        Index Cond: ((k >= 6861557) AND (k <= 6861657))

table 5 : explain SELECT k, c FROM sbtest5 WHERE k BETWEEN 6861557 AND 6861657
	Bitmap Heap Scan on sbtest5  (cost=5.53..428.75 rows=107 width=125)
	  Recheck Cond: ((k >= 6861557) AND (k <= 6861657))
	  ->  Bitmap Index Scan on k_5  (cost=0.00..5.50 rows=107 width=0)
	        Index Cond: ((k >= 6861557) AND (k <= 6861657))

table 6 : explain SELECT k, c FROM sbtest6 WHERE k BETWEEN 6861557 AND 6861657
	Bitmap Heap Scan on sbtest6  (cost=5.51..420.88 rows=105 width=125)
	  Recheck Cond: ((k >= 6861557) AND (k <= 6861657))
	  ->  Bitmap Index Scan on k_6  (cost=0.00..5.48 rows=105 width=0)
	        Index Cond: ((k >= 6861557) AND (k <= 6861657))

table 7 : explain SELECT k, c FROM sbtest7 WHERE k BETWEEN 6861557 AND 6861657
	Bitmap Heap Scan on sbtest7  (cost=5.56..440.56 rows=110 width=125)
	  Recheck Cond: ((k >= 6861557) AND (k <= 6861657))
	  ->  Bitmap Index Scan on k_7  (cost=0.00..5.53 rows=110 width=0)
	        Index Cond: ((k >= 6861557) AND (k <= 6861657))

table 8 : explain SELECT k, c FROM sbtest8 WHERE k BETWEEN 6861557 AND 6861657
	Bitmap Heap Scan on sbtest8  (cost=5.47..405.13 rows=101 width=125)
	  Recheck Cond: ((k >= 6861557) AND (k <= 6861657))
	  ->  Bitmap Index Scan on k_8  (cost=0.00..5.44 rows=101 width=0)
	        Index Cond: ((k >= 6861557) AND (k <= 6861657))

for range-notcovered
table 1 : explain SELECT k, c FROM sbtest1 WHERE k BETWEEN 1084689 AND 1084789
	Bitmap Heap Scan on sbtest1  (cost=5.44..393.31 rows=98 width=125)
	  Recheck Cond: ((k >= 1084689) AND (k <= 1084789))
	  ->  Bitmap Index Scan on k_1  (cost=0.00..5.42 rows=98 width=0)
	        Index Cond: ((k >= 1084689) AND (k <= 1084789))

table 2 : explain SELECT k, c FROM sbtest2 WHERE k BETWEEN 1084689 AND 1084789
	Bitmap Heap Scan on sbtest2  (cost=5.45..397.25 rows=99 width=125)
	  Recheck Cond: ((k >= 1084689) AND (k <= 1084789))
	  ->  Bitmap Index Scan on k_2  (cost=0.00..5.42 rows=99 width=0)
	        Index Cond: ((k >= 1084689) AND (k <= 1084789))

table 3 : explain SELECT k, c FROM sbtest3 WHERE k BETWEEN 1084689 AND 1084789
	Bitmap Heap Scan on sbtest3  (cost=5.39..373.61 rows=93 width=125)
	  Recheck Cond: ((k >= 1084689) AND (k <= 1084789))
	  ->  Bitmap Index Scan on k_3  (cost=0.00..5.36 rows=93 width=0)
	        Index Cond: ((k >= 1084689) AND (k <= 1084789))

table 4 : explain SELECT k, c FROM sbtest4 WHERE k BETWEEN 1084689 AND 1084789
	Bitmap Heap Scan on sbtest4  (cost=5.47..405.13 rows=101 width=125)
	  Recheck Cond: ((k >= 1084689) AND (k <= 1084789))
	  ->  Bitmap Index Scan on k_4  (cost=0.00..5.44 rows=101 width=0)
	        Index Cond: ((k >= 1084689) AND (k <= 1084789))

table 5 : explain SELECT k, c FROM sbtest5 WHERE k BETWEEN 1084689 AND 1084789
	Bitmap Heap Scan on sbtest5  (cost=5.47..405.13 rows=101 width=125)
	  Recheck Cond: ((k >= 1084689) AND (k <= 1084789))
	  ->  Bitmap Index Scan on k_5  (cost=0.00..5.44 rows=101 width=0)
	        Index Cond: ((k >= 1084689) AND (k <= 1084789))

table 6 : explain SELECT k, c FROM sbtest6 WHERE k BETWEEN 1084689 AND 1084789
	Bitmap Heap Scan on sbtest6  (cost=5.43..389.37 rows=97 width=125)
	  Recheck Cond: ((k >= 1084689) AND (k <= 1084789))
	  ->  Bitmap Index Scan on k_6  (cost=0.00..5.40 rows=97 width=0)
	        Index Cond: ((k >= 1084689) AND (k <= 1084789))

table 7 : explain SELECT k, c FROM sbtest7 WHERE k BETWEEN 1084689 AND 1084789
	Bitmap Heap Scan on sbtest7  (cost=5.55..436.62 rows=109 width=125)
	  Recheck Cond: ((k >= 1084689) AND (k <= 1084789))
	  ->  Bitmap Index Scan on k_7  (cost=0.00..5.52 rows=109 width=0)
	        Index Cond: ((k >= 1084689) AND (k <= 1084789))

table 8 : explain SELECT k, c FROM sbtest8 WHERE k BETWEEN 1084689 AND 1084789
	Bitmap Heap Scan on sbtest8  (cost=5.46..401.19 rows=100 width=125)
	  Recheck Cond: ((k >= 1084689) AND (k <= 1084789))
	  ->  Bitmap Index Scan on k_8  (cost=0.00..5.43 rows=100 width=0)
	        Index Cond: ((k >= 1084689) AND (k <= 1084789))

explain: for range-notcovered :: explain SELECT k, c FROM sbtest%d WHERE k BETWEEN 6861557 AND 6861657
for range-notcovered
table 1 : explain SELECT k, c FROM sbtest1 WHERE k BETWEEN 6971790 AND 6971890
	Bitmap Heap Scan on sbtest1  (cost=5.48..409.07 rows=102 width=125)
	  Recheck Cond: ((k >= 6971790) AND (k <= 6971890))
	  ->  Bitmap Index Scan on k_1  (cost=0.00..5.45 rows=102 width=0)
	        Index Cond: ((k >= 6971790) AND (k <= 6971890))

table 2 : explain SELECT k, c FROM sbtest2 WHERE k BETWEEN 6971790 AND 6971890
	Bitmap Heap Scan on sbtest2  (cost=5.55..436.62 rows=109 width=125)
	  Recheck Cond: ((k >= 6971790) AND (k <= 6971890))
	  ->  Bitmap Index Scan on k_2  (cost=0.00..5.52 rows=109 width=0)
	        Index Cond: ((k >= 6971790) AND (k <= 6971890))

table 3 : explain SELECT k, c FROM sbtest3 WHERE k BETWEEN 6971790 AND 6971890
	Bitmap Heap Scan on sbtest3  (cost=5.51..420.88 rows=105 width=125)
	  Recheck Cond: ((k >= 6971790) AND (k <= 6971890))
	  ->  Bitmap Index Scan on k_3  (cost=0.00..5.48 rows=105 width=0)
	        Index Cond: ((k >= 6971790) AND (k <= 6971890))

table 4 : explain SELECT k, c FROM sbtest4 WHERE k BETWEEN 6971790 AND 6971890
	Bitmap Heap Scan on sbtest4  (cost=5.57..444.49 rows=111 width=125)
	  Recheck Cond: ((k >= 6971790) AND (k <= 6971890))
	  ->  Bitmap Index Scan on k_4  (cost=0.00..5.54 rows=111 width=0)
	        Index Cond: ((k >= 6971790) AND (k <= 6971890))

table 5 : explain SELECT k, c FROM sbtest5 WHERE k BETWEEN 6971790 AND 6971890
	Bitmap Heap Scan on sbtest5  (cost=5.49..413.00 rows=103 width=125)
	  Recheck Cond: ((k >= 6971790) AND (k <= 6971890))
	  ->  Bitmap Index Scan on k_5  (cost=0.00..5.46 rows=103 width=0)
	        Index Cond: ((k >= 6971790) AND (k <= 6971890))

table 6 : explain SELECT k, c FROM sbtest6 WHERE k BETWEEN 6971790 AND 6971890
	Bitmap Heap Scan on sbtest6  (cost=5.46..401.19 rows=100 width=125)
	  Recheck Cond: ((k >= 6971790) AND (k <= 6971890))
	  ->  Bitmap Index Scan on k_6  (cost=0.00..5.43 rows=100 width=0)
	        Index Cond: ((k >= 6971790) AND (k <= 6971890))

table 7 : explain SELECT k, c FROM sbtest7 WHERE k BETWEEN 6971790 AND 6971890
	Bitmap Heap Scan on sbtest7  (cost=5.49..413.00 rows=103 width=125)
	  Recheck Cond: ((k >= 6971790) AND (k <= 6971890))
	  ->  Bitmap Index Scan on k_7  (cost=0.00..5.46 rows=103 width=0)
	        Index Cond: ((k >= 6971790) AND (k <= 6971890))

table 8 : explain SELECT k, c FROM sbtest8 WHERE k BETWEEN 6971790 AND 6971890
	Bitmap Heap Scan on sbtest8  (cost=5.60..456.29 rows=114 width=125)
	  Recheck Cond: ((k >= 6971790) AND (k <= 6971890))
	  ->  Bitmap Index Scan on k_8  (cost=0.00..5.58 rows=114 width=0)
	        Index Cond: ((k >= 6971790) AND (k <= 6971890))

for range-notcovered
table 1 : explain SELECT k, c FROM sbtest1 WHERE k BETWEEN 7066921 AND 7067021
	Bitmap Heap Scan on sbtest1  (cost=5.55..436.62 rows=109 width=125)
	  Recheck Cond: ((k >= 7066921) AND (k <= 7067021))
	  ->  Bitmap Index Scan on k_1  (cost=0.00..5.52 rows=109 width=0)
	        Index Cond: ((k >= 7066921) AND (k <= 7067021))

table 2 : explain SELECT k, c FROM sbtest2 WHERE k BETWEEN 7066921 AND 7067021
	Bitmap Heap Scan on sbtest2  (cost=5.44..393.31 rows=98 width=125)
	  Recheck Cond: ((k >= 7066921) AND (k <= 7067021))
	  ->  Bitmap Index Scan on k_2  (cost=0.00..5.42 rows=98 width=0)
	        Index Cond: ((k >= 7066921) AND (k <= 7067021))

table 3 : explain SELECT k, c FROM sbtest3 WHERE k BETWEEN 7066921 AND 7067021
	Bitmap Heap Scan on sbtest3  (cost=5.56..440.56 rows=110 width=125)
	  Recheck Cond: ((k >= 7066921) AND (k <= 7067021))
	  ->  Bitmap Index Scan on k_3  (cost=0.00..5.53 rows=110 width=0)
	        Index Cond: ((k >= 7066921) AND (k <= 7067021))

table 4 : explain SELECT k, c FROM sbtest4 WHERE k BETWEEN 7066921 AND 7067021
	Bitmap Heap Scan on sbtest4  (cost=5.49..413.00 rows=103 width=125)
	  Recheck Cond: ((k >= 7066921) AND (k <= 7067021))
	  ->  Bitmap Index Scan on k_4  (cost=0.00..5.46 rows=103 width=0)
	        Index Cond: ((k >= 7066921) AND (k <= 7067021))

table 5 : explain SELECT k, c FROM sbtest5 WHERE k BETWEEN 7066921 AND 7067021
	Bitmap Heap Scan on sbtest5  (cost=5.43..389.37 rows=97 width=125)
	  Recheck Cond: ((k >= 7066921) AND (k <= 7067021))
	  ->  Bitmap Index Scan on k_5  (cost=0.00..5.40 rows=97 width=0)
	        Index Cond: ((k >= 7066921) AND (k <= 7067021))

table 6 : explain SELECT k, c FROM sbtest6 WHERE k BETWEEN 7066921 AND 7067021
	Bitmap Heap Scan on sbtest6  (cost=5.57..444.49 rows=111 width=125)
	  Recheck Cond: ((k >= 7066921) AND (k <= 7067021))
	  ->  Bitmap Index Scan on k_6  (cost=0.00..5.54 rows=111 width=0)
	        Index Cond: ((k >= 7066921) AND (k <= 7067021))

table 7 : explain SELECT k, c FROM sbtest7 WHERE k BETWEEN 7066921 AND 7067021
	Bitmap Heap Scan on sbtest7  (cost=5.52..424.81 rows=106 width=125)
	  Recheck Cond: ((k >= 7066921) AND (k <= 7067021))
	  ->  Bitmap Index Scan on k_7  (cost=0.00..5.50 rows=106 width=0)
	        Index Cond: ((k >= 7066921) AND (k <= 7067021))

table 8 : explain SELECT k, c FROM sbtest8 WHERE k BETWEEN 7066921 AND 7067021
	Bitmap Heap Scan on sbtest8  (cost=5.46..401.19 rows=100 width=125)
	  Recheck Cond: ((k >= 7066921) AND (k <= 7067021))
	  ->  Bitmap Index Scan on k_8  (cost=0.00..5.43 rows=100 width=0)
	        Index Cond: ((k >= 7066921) AND (k <= 7067021))

explain: for range-notcovered :: explain SELECT k, c FROM sbtest%d WHERE k BETWEEN 6971790 AND 6971890
explain: for range-notcovered :: explain SELECT k, c FROM sbtest%d WHERE k BETWEEN 1084689 AND 1084789
explain: for range-notcovered :: explain SELECT k, c FROM sbtest%d WHERE k BETWEEN 7066921 AND 7067021
for range-notcovered
table 1 : explain SELECT k, c FROM sbtest1 WHERE k BETWEEN 3435870 AND 3435970
	Bitmap Heap Scan on sbtest1  (cost=5.44..393.31 rows=98 width=125)
	  Recheck Cond: ((k >= 3435870) AND (k <= 3435970))
	  ->  Bitmap Index Scan on k_1  (cost=0.00..5.42 rows=98 width=0)
	        Index Cond: ((k >= 3435870) AND (k <= 3435970))

table 2 : explain SELECT k, c FROM sbtest2 WHERE k BETWEEN 3435870 AND 3435970
	Bitmap Heap Scan on sbtest2  (cost=5.56..440.56 rows=110 width=125)
	  Recheck Cond: ((k >= 3435870) AND (k <= 3435970))
	  ->  Bitmap Index Scan on k_2  (cost=0.00..5.53 rows=110 width=0)
	        Index Cond: ((k >= 3435870) AND (k <= 3435970))

table 3 : explain SELECT k, c FROM sbtest3 WHERE k BETWEEN 3435870 AND 3435970
	Bitmap Heap Scan on sbtest3  (cost=5.45..397.25 rows=99 width=125)
	  Recheck Cond: ((k >= 3435870) AND (k <= 3435970))
	  ->  Bitmap Index Scan on k_3  (cost=0.00..5.42 rows=99 width=0)
	        Index Cond: ((k >= 3435870) AND (k <= 3435970))

table 4 : explain SELECT k, c FROM sbtest4 WHERE k BETWEEN 3435870 AND 3435970
	Bitmap Heap Scan on sbtest4  (cost=5.46..401.19 rows=100 width=125)
	  Recheck Cond: ((k >= 3435870) AND (k <= 3435970))
	  ->  Bitmap Index Scan on k_4  (cost=0.00..5.43 rows=100 width=0)
	        Index Cond: ((k >= 3435870) AND (k <= 3435970))

table 5 : explain SELECT k, c FROM sbtest5 WHERE k BETWEEN 3435870 AND 3435970
	Bitmap Heap Scan on sbtest5  (cost=5.55..436.62 rows=109 width=125)
	  Recheck Cond: ((k >= 3435870) AND (k <= 3435970))
	  ->  Bitmap Index Scan on k_5  (cost=0.00..5.52 rows=109 width=0)
	        Index Cond: ((k >= 3435870) AND (k <= 3435970))

table 6 : explain SELECT k, c FROM sbtest6 WHERE k BETWEEN 3435870 AND 3435970
	Bitmap Heap Scan on sbtest6  (cost=5.46..401.19 rows=100 width=125)
	  Recheck Cond: ((k >= 3435870) AND (k <= 3435970))
	  ->  Bitmap Index Scan on k_6  (cost=0.00..5.43 rows=100 width=0)
	        Index Cond: ((k >= 3435870) AND (k <= 3435970))

table 7 : explain SELECT k, c FROM sbtest7 WHERE k BETWEEN 3435870 AND 3435970
	Bitmap Heap Scan on sbtest7  (cost=5.43..389.37 rows=97 width=125)
	  Recheck Cond: ((k >= 3435870) AND (k <= 3435970))
	  ->  Bitmap Index Scan on k_7  (cost=0.00..5.40 rows=97 width=0)
	        Index Cond: ((k >= 3435870) AND (k <= 3435970))

table 8 : explain SELECT k, c FROM sbtest8 WHERE k BETWEEN 3435870 AND 3435970
	Bitmap Heap Scan on sbtest8  (cost=5.55..436.62 rows=109 width=125)
	  Recheck Cond: ((k >= 3435870) AND (k <= 3435970))
	  ->  Bitmap Index Scan on k_8  (cost=0.00..5.52 rows=109 width=0)
	        Index Cond: ((k >= 3435870) AND (k <= 3435970))

explain: for range-notcovered :: explain SELECT k, c FROM sbtest%d WHERE k BETWEEN 3435870 AND 3435970
explain: for range-notcovered :: explain SELECT k, c FROM sbtest%d WHERE k BETWEEN 5822583 AND 5822683
for range-notcovered
table 1 : explain SELECT k, c FROM sbtest1 WHERE k BETWEEN 8634473 AND 8634573
	Bitmap Heap Scan on sbtest1  (cost=5.56..440.56 rows=110 width=125)
	  Recheck Cond: ((k >= 8634473) AND (k <= 8634573))
	  ->  Bitmap Index Scan on k_1  (cost=0.00..5.53 rows=110 width=0)
	        Index Cond: ((k >= 8634473) AND (k <= 8634573))

table 2 : explain SELECT k, c FROM sbtest2 WHERE k BETWEEN 8634473 AND 8634573
	Bitmap Heap Scan on sbtest2  (cost=5.43..389.37 rows=97 width=125)
	  Recheck Cond: ((k >= 8634473) AND (k <= 8634573))
	  ->  Bitmap Index Scan on k_2  (cost=0.00..5.40 rows=97 width=0)
	        Index Cond: ((k >= 8634473) AND (k <= 8634573))

table 3 : explain SELECT k, c FROM sbtest3 WHERE k BETWEEN 8634473 AND 8634573
	Bitmap Heap Scan on sbtest3  (cost=5.45..397.25 rows=99 width=125)
	  Recheck Cond: ((k >= 8634473) AND (k <= 8634573))
	  ->  Bitmap Index Scan on k_3  (cost=0.00..5.42 rows=99 width=0)
	        Index Cond: ((k >= 8634473) AND (k <= 8634573))

table 4 : explain SELECT k, c FROM sbtest4 WHERE k BETWEEN 8634473 AND 8634573
	Bitmap Heap Scan on sbtest4  (cost=5.46..401.19 rows=100 width=125)
	  Recheck Cond: ((k >= 8634473) AND (k <= 8634573))
	  ->  Bitmap Index Scan on k_4  (cost=0.00..5.43 rows=100 width=0)
	        Index Cond: ((k >= 8634473) AND (k <= 8634573))

table 5 : explain SELECT k, c FROM sbtest5 WHERE k BETWEEN 8634473 AND 8634573
	Bitmap Heap Scan on sbtest5  (cost=5.45..397.25 rows=99 width=125)
	  Recheck Cond: ((k >= 8634473) AND (k <= 8634573))
	  ->  Bitmap Index Scan on k_5  (cost=0.00..5.42 rows=99 width=0)
	        Index Cond: ((k >= 8634473) AND (k <= 8634573))

table 6 : explain SELECT k, c FROM sbtest6 WHERE k BETWEEN 8634473 AND 8634573
	Bitmap Heap Scan on sbtest6  (cost=5.55..436.62 rows=109 width=125)
	  Recheck Cond: ((k >= 8634473) AND (k <= 8634573))
	  ->  Bitmap Index Scan on k_6  (cost=0.00..5.52 rows=109 width=0)
	        Index Cond: ((k >= 8634473) AND (k <= 8634573))

table 7 : explain SELECT k, c FROM sbtest7 WHERE k BETWEEN 8634473 AND 8634573
	Bitmap Heap Scan on sbtest7  (cost=5.42..385.43 rows=96 width=125)
	  Recheck Cond: ((k >= 8634473) AND (k <= 8634573))
	  ->  Bitmap Index Scan on k_7  (cost=0.00..5.39 rows=96 width=0)
	        Index Cond: ((k >= 8634473) AND (k <= 8634573))

table 8 : explain SELECT k, c FROM sbtest8 WHERE k BETWEEN 8634473 AND 8634573
	Bitmap Heap Scan on sbtest8  (cost=5.55..436.62 rows=109 width=125)
	  Recheck Cond: ((k >= 8634473) AND (k <= 8634573))
	  ->  Bitmap Index Scan on k_8  (cost=0.00..5.52 rows=109 width=0)
	        Index Cond: ((k >= 8634473) AND (k <= 8634573))

for range-notcovered
table 1 : explain SELECT k, c FROM sbtest1 WHERE k BETWEEN 6861557 AND 6861657
	Bitmap Heap Scan on sbtest1  (cost=5.44..393.31 rows=98 width=125)
	  Recheck Cond: ((k >= 6861557) AND (k <= 6861657))
	  ->  Bitmap Index Scan on k_1  (cost=0.00..5.42 rows=98 width=0)
	        Index Cond: ((k >= 6861557) AND (k <= 6861657))

table 2 : explain SELECT k, c FROM sbtest2 WHERE k BETWEEN 6861557 AND 6861657
	Bitmap Heap Scan on sbtest2  (cost=5.58..448.42 rows=112 width=125)
	  Recheck Cond: ((k >= 6861557) AND (k <= 6861657))
	  ->  Bitmap Index Scan on k_2  (cost=0.00..5.55 rows=112 width=0)
	        Index Cond: ((k >= 6861557) AND (k <= 6861657))

table 3 : explain SELECT k, c FROM sbtest3 WHERE k BETWEEN 6861557 AND 6861657
	Bitmap Heap Scan on sbtest3  (cost=5.38..369.67 rows=92 width=125)
	  Recheck Cond: ((k >= 6861557) AND (k <= 6861657))
	  ->  Bitmap Index Scan on k_3  (cost=0.00..5.35 rows=92 width=0)
	        Index Cond: ((k >= 6861557) AND (k <= 6861657))

table 4 : explain SELECT k, c FROM sbtest4 WHERE k BETWEEN 6861557 AND 6861657
	Bitmap Heap Scan on sbtest4  (cost=5.56..440.56 rows=110 width=125)
	  Recheck Cond: ((k >= 6861557) AND (k <= 6861657))
	  ->  Bitmap Index Scan on k_4  (cost=0.00..5.53 rows=110 width=0)
	        Index Cond: ((k >= 6861557) AND (k <= 6861657))

table 5 : explain SELECT k, c FROM sbtest5 WHERE k BETWEEN 6861557 AND 6861657
	Bitmap Heap Scan on sbtest5  (cost=5.53..428.75 rows=107 width=125)
	  Recheck Cond: ((k >= 6861557) AND (k <= 6861657))
	  ->  Bitmap Index Scan on k_5  (cost=0.00..5.50 rows=107 width=0)
	        Index Cond: ((k >= 6861557) AND (k <= 6861657))

table 6 : explain SELECT k, c FROM sbtest6 WHERE k BETWEEN 6861557 AND 6861657
	Bitmap Heap Scan on sbtest6  (cost=5.51..420.88 rows=105 width=125)
	  Recheck Cond: ((k >= 6861557) AND (k <= 6861657))
	  ->  Bitmap Index Scan on k_6  (cost=0.00..5.48 rows=105 width=0)
	        Index Cond: ((k >= 6861557) AND (k <= 6861657))

table 7 : explain SELECT k, c FROM sbtest7 WHERE k BETWEEN 6861557 AND 6861657
	Bitmap Heap Scan on sbtest7  (cost=5.56..440.56 rows=110 width=125)
	  Recheck Cond: ((k >= 6861557) AND (k <= 6861657))
	  ->  Bitmap Index Scan on k_7  (cost=0.00..5.53 rows=110 width=0)
	        Index Cond: ((k >= 6861557) AND (k <= 6861657))

table 8 : explain SELECT k, c FROM sbtest8 WHERE k BETWEEN 6861557 AND 6861657
	Bitmap Heap Scan on sbtest8  (cost=5.47..405.13 rows=101 width=125)
	  Recheck Cond: ((k >= 6861557) AND (k <= 6861657))
	  ->  Bitmap Index Scan on k_8  (cost=0.00..5.44 rows=101 width=0)
	        Index Cond: ((k >= 6861557) AND (k <= 6861657))

explain: for range-notcovered :: explain SELECT k, c FROM sbtest%d WHERE k BETWEEN 8634473 AND 8634573
explain: for range-notcovered :: explain SELECT k, c FROM sbtest%d WHERE k BETWEEN 6861557 AND 6861657
for range-notcovered
table 1 : explain SELECT k, c FROM sbtest1 WHERE k BETWEEN 6971790 AND 6971890
	Bitmap Heap Scan on sbtest1  (cost=5.48..409.07 rows=102 width=125)
	  Recheck Cond: ((k >= 6971790) AND (k <= 6971890))
	  ->  Bitmap Index Scan on k_1  (cost=0.00..5.45 rows=102 width=0)
	        Index Cond: ((k >= 6971790) AND (k <= 6971890))

table 2 : explain SELECT k, c FROM sbtest2 WHERE k BETWEEN 6971790 AND 6971890
	Bitmap Heap Scan on sbtest2  (cost=5.55..436.62 rows=109 width=125)
	  Recheck Cond: ((k >= 6971790) AND (k <= 6971890))
	  ->  Bitmap Index Scan on k_2  (cost=0.00..5.52 rows=109 width=0)
	        Index Cond: ((k >= 6971790) AND (k <= 6971890))

table 3 : explain SELECT k, c FROM sbtest3 WHERE k BETWEEN 6971790 AND 6971890
	Bitmap Heap Scan on sbtest3  (cost=5.51..420.88 rows=105 width=125)
	  Recheck Cond: ((k >= 6971790) AND (k <= 6971890))
	  ->  Bitmap Index Scan on k_3  (cost=0.00..5.48 rows=105 width=0)
	        Index Cond: ((k >= 6971790) AND (k <= 6971890))

table 4 : explain SELECT k, c FROM sbtest4 WHERE k BETWEEN 6971790 AND 6971890
	Bitmap Heap Scan on sbtest4  (cost=5.57..444.49 rows=111 width=125)
	  Recheck Cond: ((k >= 6971790) AND (k <= 6971890))
	  ->  Bitmap Index Scan on k_4  (cost=0.00..5.54 rows=111 width=0)
	        Index Cond: ((k >= 6971790) AND (k <= 6971890))

table 5 : explain SELECT k, c FROM sbtest5 WHERE k BETWEEN 6971790 AND 6971890
	Bitmap Heap Scan on sbtest5  (cost=5.49..413.00 rows=103 width=125)
	  Recheck Cond: ((k >= 6971790) AND (k <= 6971890))
	  ->  Bitmap Index Scan on k_5  (cost=0.00..5.46 rows=103 width=0)
	        Index Cond: ((k >= 6971790) AND (k <= 6971890))

table 6 : explain SELECT k, c FROM sbtest6 WHERE k BETWEEN 6971790 AND 6971890
	Bitmap Heap Scan on sbtest6  (cost=5.46..401.19 rows=100 width=125)
	  Recheck Cond: ((k >= 6971790) AND (k <= 6971890))
	  ->  Bitmap Index Scan on k_6  (cost=0.00..5.43 rows=100 width=0)
	        Index Cond: ((k >= 6971790) AND (k <= 6971890))

table 7 : explain SELECT k, c FROM sbtest7 WHERE k BETWEEN 6971790 AND 6971890
	Bitmap Heap Scan on sbtest7  (cost=5.49..413.00 rows=103 width=125)
	  Recheck Cond: ((k >= 6971790) AND (k <= 6971890))
	  ->  Bitmap Index Scan on k_7  (cost=0.00..5.46 rows=103 width=0)
	        Index Cond: ((k >= 6971790) AND (k <= 6971890))

table 8 : explain SELECT k, c FROM sbtest8 WHERE k BETWEEN 6971790 AND 6971890
	Bitmap Heap Scan on sbtest8  (cost=5.60..456.29 rows=114 width=125)
	  Recheck Cond: ((k >= 6971790) AND (k <= 6971890))
	  ->  Bitmap Index Scan on k_8  (cost=0.00..5.58 rows=114 width=0)
	        Index Cond: ((k >= 6971790) AND (k <= 6971890))

explain: for range-notcovered :: explain SELECT k, c FROM sbtest%d WHERE k BETWEEN 6971790 AND 6971890
for range-notcovered
table 1 : explain SELECT k, c FROM sbtest1 WHERE k BETWEEN 3435870 AND 3435970
	Bitmap Heap Scan on sbtest1  (cost=5.44..393.31 rows=98 width=125)
	  Recheck Cond: ((k >= 3435870) AND (k <= 3435970))
	  ->  Bitmap Index Scan on k_1  (cost=0.00..5.42 rows=98 width=0)
	        Index Cond: ((k >= 3435870) AND (k <= 3435970))

table 2 : explain SELECT k, c FROM sbtest2 WHERE k BETWEEN 3435870 AND 3435970
	Bitmap Heap Scan on sbtest2  (cost=5.56..440.56 rows=110 width=125)
	  Recheck Cond: ((k >= 3435870) AND (k <= 3435970))
	  ->  Bitmap Index Scan on k_2  (cost=0.00..5.53 rows=110 width=0)
	        Index Cond: ((k >= 3435870) AND (k <= 3435970))

table 3 : explain SELECT k, c FROM sbtest3 WHERE k BETWEEN 3435870 AND 3435970
	Bitmap Heap Scan on sbtest3  (cost=5.45..397.25 rows=99 width=125)
	  Recheck Cond: ((k >= 3435870) AND (k <= 3435970))
	  ->  Bitmap Index Scan on k_3  (cost=0.00..5.42 rows=99 width=0)
	        Index Cond: ((k >= 3435870) AND (k <= 3435970))

table 4 : explain SELECT k, c FROM sbtest4 WHERE k BETWEEN 3435870 AND 3435970
	Bitmap Heap Scan on sbtest4  (cost=5.46..401.19 rows=100 width=125)
	  Recheck Cond: ((k >= 3435870) AND (k <= 3435970))
	  ->  Bitmap Index Scan on k_4  (cost=0.00..5.43 rows=100 width=0)
	        Index Cond: ((k >= 3435870) AND (k <= 3435970))

table 5 : explain SELECT k, c FROM sbtest5 WHERE k BETWEEN 3435870 AND 3435970
	Bitmap Heap Scan on sbtest5  (cost=5.55..436.62 rows=109 width=125)
	  Recheck Cond: ((k >= 3435870) AND (k <= 3435970))
	  ->  Bitmap Index Scan on k_5  (cost=0.00..5.52 rows=109 width=0)
	        Index Cond: ((k >= 3435870) AND (k <= 3435970))

table 6 : explain SELECT k, c FROM sbtest6 WHERE k BETWEEN 3435870 AND 3435970
	Bitmap Heap Scan on sbtest6  (cost=5.46..401.19 rows=100 width=125)
	  Recheck Cond: ((k >= 3435870) AND (k <= 3435970))
	  ->  Bitmap Index Scan on k_6  (cost=0.00..5.43 rows=100 width=0)
	        Index Cond: ((k >= 3435870) AND (k <= 3435970))

table 7 : explain SELECT k, c FROM sbtest7 WHERE k BETWEEN 3435870 AND 3435970
	Bitmap Heap Scan on sbtest7  (cost=5.43..389.37 rows=97 width=125)
	  Recheck Cond: ((k >= 3435870) AND (k <= 3435970))
	  ->  Bitmap Index Scan on k_7  (cost=0.00..5.40 rows=97 width=0)
	        Index Cond: ((k >= 3435870) AND (k <= 3435970))

table 8 : explain SELECT k, c FROM sbtest8 WHERE k BETWEEN 3435870 AND 3435970
	Bitmap Heap Scan on sbtest8  (cost=5.55..436.62 rows=109 width=125)
	  Recheck Cond: ((k >= 3435870) AND (k <= 3435970))
	  ->  Bitmap Index Scan on k_8  (cost=0.00..5.52 rows=109 width=0)
	        Index Cond: ((k >= 3435870) AND (k <= 3435970))

explain: for range-notcovered :: explain SELECT k, c FROM sbtest%d WHERE k BETWEEN 3435870 AND 3435970
for range-notcovered
table 1 : explain SELECT k, c FROM sbtest1 WHERE k BETWEEN 1084689 AND 1084789
	Bitmap Heap Scan on sbtest1  (cost=5.44..393.31 rows=98 width=125)
	  Recheck Cond: ((k >= 1084689) AND (k <= 1084789))
	  ->  Bitmap Index Scan on k_1  (cost=0.00..5.42 rows=98 width=0)
	        Index Cond: ((k >= 1084689) AND (k <= 1084789))

table 2 : explain SELECT k, c FROM sbtest2 WHERE k BETWEEN 1084689 AND 1084789
	Bitmap Heap Scan on sbtest2  (cost=5.45..397.25 rows=99 width=125)
	  Recheck Cond: ((k >= 1084689) AND (k <= 1084789))
	  ->  Bitmap Index Scan on k_2  (cost=0.00..5.42 rows=99 width=0)
	        Index Cond: ((k >= 1084689) AND (k <= 1084789))

table 3 : explain SELECT k, c FROM sbtest3 WHERE k BETWEEN 1084689 AND 1084789
	Bitmap Heap Scan on sbtest3  (cost=5.39..373.61 rows=93 width=125)
	  Recheck Cond: ((k >= 1084689) AND (k <= 1084789))
	  ->  Bitmap Index Scan on k_3  (cost=0.00..5.36 rows=93 width=0)
	        Index Cond: ((k >= 1084689) AND (k <= 1084789))

table 4 : explain SELECT k, c FROM sbtest4 WHERE k BETWEEN 1084689 AND 1084789
	Bitmap Heap Scan on sbtest4  (cost=5.47..405.13 rows=101 width=125)
	  Recheck Cond: ((k >= 1084689) AND (k <= 1084789))
	  ->  Bitmap Index Scan on k_4  (cost=0.00..5.44 rows=101 width=0)
	        Index Cond: ((k >= 1084689) AND (k <= 1084789))

table 5 : explain SELECT k, c FROM sbtest5 WHERE k BETWEEN 1084689 AND 1084789
	Bitmap Heap Scan on sbtest5  (cost=5.47..405.13 rows=101 width=125)
	  Recheck Cond: ((k >= 1084689) AND (k <= 1084789))
	  ->  Bitmap Index Scan on k_5  (cost=0.00..5.44 rows=101 width=0)
	        Index Cond: ((k >= 1084689) AND (k <= 1084789))

table 6 : explain SELECT k, c FROM sbtest6 WHERE k BETWEEN 1084689 AND 1084789
	Bitmap Heap Scan on sbtest6  (cost=5.43..389.37 rows=97 width=125)
	  Recheck Cond: ((k >= 1084689) AND (k <= 1084789))
	  ->  Bitmap Index Scan on k_6  (cost=0.00..5.40 rows=97 width=0)
	        Index Cond: ((k >= 1084689) AND (k <= 1084789))

table 7 : explain SELECT k, c FROM sbtest7 WHERE k BETWEEN 1084689 AND 1084789
	Bitmap Heap Scan on sbtest7  (cost=5.55..436.62 rows=109 width=125)
	  Recheck Cond: ((k >= 1084689) AND (k <= 1084789))
	  ->  Bitmap Index Scan on k_7  (cost=0.00..5.52 rows=109 width=0)
	        Index Cond: ((k >= 1084689) AND (k <= 1084789))

table 8 : explain SELECT k, c FROM sbtest8 WHERE k BETWEEN 1084689 AND 1084789
	Bitmap Heap Scan on sbtest8  (cost=5.46..401.19 rows=100 width=125)
	  Recheck Cond: ((k >= 1084689) AND (k <= 1084789))
	  ->  Bitmap Index Scan on k_8  (cost=0.00..5.43 rows=100 width=0)
	        Index Cond: ((k >= 1084689) AND (k <= 1084789))

for range-notcovered
table 1 : explain SELECT k, c FROM sbtest1 WHERE k BETWEEN 8634473 AND 8634573
	Bitmap Heap Scan on sbtest1  (cost=5.56..440.56 rows=110 width=125)
	  Recheck Cond: ((k >= 8634473) AND (k <= 8634573))
	  ->  Bitmap Index Scan on k_1  (cost=0.00..5.53 rows=110 width=0)
	        Index Cond: ((k >= 8634473) AND (k <= 8634573))

table 2 : explain SELECT k, c FROM sbtest2 WHERE k BETWEEN 8634473 AND 8634573
	Bitmap Heap Scan on sbtest2  (cost=5.43..389.37 rows=97 width=125)
	  Recheck Cond: ((k >= 8634473) AND (k <= 8634573))
	  ->  Bitmap Index Scan on k_2  (cost=0.00..5.40 rows=97 width=0)
	        Index Cond: ((k >= 8634473) AND (k <= 8634573))

table 3 : explain SELECT k, c FROM sbtest3 WHERE k BETWEEN 8634473 AND 8634573
	Bitmap Heap Scan on sbtest3  (cost=5.45..397.25 rows=99 width=125)
	  Recheck Cond: ((k >= 8634473) AND (k <= 8634573))
	  ->  Bitmap Index Scan on k_3  (cost=0.00..5.42 rows=99 width=0)
	        Index Cond: ((k >= 8634473) AND (k <= 8634573))

table 4 : explain SELECT k, c FROM sbtest4 WHERE k BETWEEN 8634473 AND 8634573
	Bitmap Heap Scan on sbtest4  (cost=5.46..401.19 rows=100 width=125)
	  Recheck Cond: ((k >= 8634473) AND (k <= 8634573))
	  ->  Bitmap Index Scan on k_4  (cost=0.00..5.43 rows=100 width=0)
	        Index Cond: ((k >= 8634473) AND (k <= 8634573))

table 5 : explain SELECT k, c FROM sbtest5 WHERE k BETWEEN 8634473 AND 8634573
	Bitmap Heap Scan on sbtest5  (cost=5.45..397.25 rows=99 width=125)
	  Recheck Cond: ((k >= 8634473) AND (k <= 8634573))
	  ->  Bitmap Index Scan on k_5  (cost=0.00..5.42 rows=99 width=0)
	        Index Cond: ((k >= 8634473) AND (k <= 8634573))

table 6 : explain SELECT k, c FROM sbtest6 WHERE k BETWEEN 8634473 AND 8634573
	Bitmap Heap Scan on sbtest6  (cost=5.55..436.62 rows=109 width=125)
	  Recheck Cond: ((k >= 8634473) AND (k <= 8634573))
	  ->  Bitmap Index Scan on k_6  (cost=0.00..5.52 rows=109 width=0)
	        Index Cond: ((k >= 8634473) AND (k <= 8634573))

table 7 : explain SELECT k, c FROM sbtest7 WHERE k BETWEEN 8634473 AND 8634573
	Bitmap Heap Scan on sbtest7  (cost=5.42..385.43 rows=96 width=125)
	  Recheck Cond: ((k >= 8634473) AND (k <= 8634573))
	  ->  Bitmap Index Scan on k_7  (cost=0.00..5.39 rows=96 width=0)
	        Index Cond: ((k >= 8634473) AND (k <= 8634573))

table 8 : explain SELECT k, c FROM sbtest8 WHERE k BETWEEN 8634473 AND 8634573
	Bitmap Heap Scan on sbtest8  (cost=5.55..436.62 rows=109 width=125)
	  Recheck Cond: ((k >= 8634473) AND (k <= 8634573))
	  ->  Bitmap Index Scan on k_8  (cost=0.00..5.52 rows=109 width=0)
	        Index Cond: ((k >= 8634473) AND (k <= 8634573))

for range-notcovered
table 1 : explain SELECT k, c FROM sbtest1 WHERE k BETWEEN 6861557 AND 6861657
	Bitmap Heap Scan on sbtest1  (cost=5.44..393.31 rows=98 width=125)
	  Recheck Cond: ((k >= 6861557) AND (k <= 6861657))
	  ->  Bitmap Index Scan on k_1  (cost=0.00..5.42 rows=98 width=0)
	        Index Cond: ((k >= 6861557) AND (k <= 6861657))

table 2 : explain SELECT k, c FROM sbtest2 WHERE k BETWEEN 6861557 AND 6861657
	Bitmap Heap Scan on sbtest2  (cost=5.58..448.42 rows=112 width=125)
	  Recheck Cond: ((k >= 6861557) AND (k <= 6861657))
	  ->  Bitmap Index Scan on k_2  (cost=0.00..5.55 rows=112 width=0)
	        Index Cond: ((k >= 6861557) AND (k <= 6861657))

table 3 : explain SELECT k, c FROM sbtest3 WHERE k BETWEEN 6861557 AND 6861657
	Bitmap Heap Scan on sbtest3  (cost=5.38..369.67 rows=92 width=125)
	  Recheck Cond: ((k >= 6861557) AND (k <= 6861657))
	  ->  Bitmap Index Scan on k_3  (cost=0.00..5.35 rows=92 width=0)
	        Index Cond: ((k >= 6861557) AND (k <= 6861657))

table 4 : explain SELECT k, c FROM sbtest4 WHERE k BETWEEN 6861557 AND 6861657
	Bitmap Heap Scan on sbtest4  (cost=5.56..440.56 rows=110 width=125)
	  Recheck Cond: ((k >= 6861557) AND (k <= 6861657))
	  ->  Bitmap Index Scan on k_4  (cost=0.00..5.53 rows=110 width=0)
	        Index Cond: ((k >= 6861557) AND (k <= 6861657))

table 5 : explain SELECT k, c FROM sbtest5 WHERE k BETWEEN 6861557 AND 6861657
	Bitmap Heap Scan on sbtest5  (cost=5.53..428.75 rows=107 width=125)
	  Recheck Cond: ((k >= 6861557) AND (k <= 6861657))
	  ->  Bitmap Index Scan on k_5  (cost=0.00..5.50 rows=107 width=0)
	        Index Cond: ((k >= 6861557) AND (k <= 6861657))

table 6 : explain SELECT k, c FROM sbtest6 WHERE k BETWEEN 6861557 AND 6861657
	Bitmap Heap Scan on sbtest6  (cost=5.51..420.88 rows=105 width=125)
	  Recheck Cond: ((k >= 6861557) AND (k <= 6861657))
	  ->  Bitmap Index Scan on k_6  (cost=0.00..5.48 rows=105 width=0)
	        Index Cond: ((k >= 6861557) AND (k <= 6861657))

table 7 : explain SELECT k, c FROM sbtest7 WHERE k BETWEEN 6861557 AND 6861657
	Bitmap Heap Scan on sbtest7  (cost=5.56..440.56 rows=110 width=125)
	  Recheck Cond: ((k >= 6861557) AND (k <= 6861657))
	  ->  Bitmap Index Scan on k_7  (cost=0.00..5.53 rows=110 width=0)
	        Index Cond: ((k >= 6861557) AND (k <= 6861657))

table 8 : explain SELECT k, c FROM sbtest8 WHERE k BETWEEN 6861557 AND 6861657
	Bitmap Heap Scan on sbtest8  (cost=5.47..405.13 rows=101 width=125)
	  Recheck Cond: ((k >= 6861557) AND (k <= 6861657))
	  ->  Bitmap Index Scan on k_8  (cost=0.00..5.44 rows=101 width=0)
	        Index Cond: ((k >= 6861557) AND (k <= 6861657))

for range-notcovered
table 1 : explain SELECT k, c FROM sbtest1 WHERE k BETWEEN 7066921 AND 7067021
	Bitmap Heap Scan on sbtest1  (cost=5.55..436.62 rows=109 width=125)
	  Recheck Cond: ((k >= 7066921) AND (k <= 7067021))
	  ->  Bitmap Index Scan on k_1  (cost=0.00..5.52 rows=109 width=0)
	        Index Cond: ((k >= 7066921) AND (k <= 7067021))

table 2 : explain SELECT k, c FROM sbtest2 WHERE k BETWEEN 7066921 AND 7067021
	Bitmap Heap Scan on sbtest2  (cost=5.44..393.31 rows=98 width=125)
	  Recheck Cond: ((k >= 7066921) AND (k <= 7067021))
	  ->  Bitmap Index Scan on k_2  (cost=0.00..5.42 rows=98 width=0)
	        Index Cond: ((k >= 7066921) AND (k <= 7067021))

table 3 : explain SELECT k, c FROM sbtest3 WHERE k BETWEEN 7066921 AND 7067021
	Bitmap Heap Scan on sbtest3  (cost=5.56..440.56 rows=110 width=125)
	  Recheck Cond: ((k >= 7066921) AND (k <= 7067021))
	  ->  Bitmap Index Scan on k_3  (cost=0.00..5.53 rows=110 width=0)
	        Index Cond: ((k >= 7066921) AND (k <= 7067021))

table 4 : explain SELECT k, c FROM sbtest4 WHERE k BETWEEN 7066921 AND 7067021
	Bitmap Heap Scan on sbtest4  (cost=5.49..413.00 rows=103 width=125)
	  Recheck Cond: ((k >= 7066921) AND (k <= 7067021))
	  ->  Bitmap Index Scan on k_4  (cost=0.00..5.46 rows=103 width=0)
	        Index Cond: ((k >= 7066921) AND (k <= 7067021))

table 5 : explain SELECT k, c FROM sbtest5 WHERE k BETWEEN 7066921 AND 7067021
	Bitmap Heap Scan on sbtest5  (cost=5.43..389.37 rows=97 width=125)
	  Recheck Cond: ((k >= 7066921) AND (k <= 7067021))
	  ->  Bitmap Index Scan on k_5  (cost=0.00..5.40 rows=97 width=0)
	        Index Cond: ((k >= 7066921) AND (k <= 7067021))

table 6 : explain SELECT k, c FROM sbtest6 WHERE k BETWEEN 7066921 AND 7067021
	Bitmap Heap Scan on sbtest6  (cost=5.57..444.49 rows=111 width=125)
	  Recheck Cond: ((k >= 7066921) AND (k <= 7067021))
	  ->  Bitmap Index Scan on k_6  (cost=0.00..5.54 rows=111 width=0)
	        Index Cond: ((k >= 7066921) AND (k <= 7067021))

table 7 : explain SELECT k, c FROM sbtest7 WHERE k BETWEEN 7066921 AND 7067021
	Bitmap Heap Scan on sbtest7  (cost=5.52..424.81 rows=106 width=125)
	  Recheck Cond: ((k >= 7066921) AND (k <= 7067021))
	  ->  Bitmap Index Scan on k_7  (cost=0.00..5.50 rows=106 width=0)
	        Index Cond: ((k >= 7066921) AND (k <= 7067021))

table 8 : explain SELECT k, c FROM sbtest8 WHERE k BETWEEN 7066921 AND 7067021
	Bitmap Heap Scan on sbtest8  (cost=5.46..401.19 rows=100 width=125)
	  Recheck Cond: ((k >= 7066921) AND (k <= 7067021))
	  ->  Bitmap Index Scan on k_8  (cost=0.00..5.43 rows=100 width=0)
	        Index Cond: ((k >= 7066921) AND (k <= 7067021))

explain: for range-notcovered :: explain SELECT k, c FROM sbtest%d WHERE k BETWEEN 6861557 AND 6861657
explain: for range-notcovered :: explain SELECT k, c FROM sbtest%d WHERE k BETWEEN 8634473 AND 8634573
for range-notcovered
table 1 : explain SELECT k, c FROM sbtest1 WHERE k BETWEEN 6971790 AND 6971890
	Bitmap Heap Scan on sbtest1  (cost=5.48..409.07 rows=102 width=125)
	  Recheck Cond: ((k >= 6971790) AND (k <= 6971890))
	  ->  Bitmap Index Scan on k_1  (cost=0.00..5.45 rows=102 width=0)
	        Index Cond: ((k >= 6971790) AND (k <= 6971890))

table 2 : explain SELECT k, c FROM sbtest2 WHERE k BETWEEN 6971790 AND 6971890
	Bitmap Heap Scan on sbtest2  (cost=5.55..436.62 rows=109 width=125)
	  Recheck Cond: ((k >= 6971790) AND (k <= 6971890))
	  ->  Bitmap Index Scan on k_2  (cost=0.00..5.52 rows=109 width=0)
	        Index Cond: ((k >= 6971790) AND (k <= 6971890))

table 3 : explain SELECT k, c FROM sbtest3 WHERE k BETWEEN 6971790 AND 6971890
	Bitmap Heap Scan on sbtest3  (cost=5.51..420.88 rows=105 width=125)
	  Recheck Cond: ((k >= 6971790) AND (k <= 6971890))
	  ->  Bitmap Index Scan on k_3  (cost=0.00..5.48 rows=105 width=0)
	        Index Cond: ((k >= 6971790) AND (k <= 6971890))

table 4 : explain SELECT k, c FROM sbtest4 WHERE k BETWEEN 6971790 AND 6971890
	Bitmap Heap Scan on sbtest4  (cost=5.57..444.49 rows=111 width=125)
	  Recheck Cond: ((k >= 6971790) AND (k <= 6971890))
	  ->  Bitmap Index Scan on k_4  (cost=0.00..5.54 rows=111 width=0)
	        Index Cond: ((k >= 6971790) AND (k <= 6971890))

table 5 : explain SELECT k, c FROM sbtest5 WHERE k BETWEEN 6971790 AND 6971890
	Bitmap Heap Scan on sbtest5  (cost=5.49..413.00 rows=103 width=125)
	  Recheck Cond: ((k >= 6971790) AND (k <= 6971890))
	  ->  Bitmap Index Scan on k_5  (cost=0.00..5.46 rows=103 width=0)
	        Index Cond: ((k >= 6971790) AND (k <= 6971890))

table 6 : explain SELECT k, c FROM sbtest6 WHERE k BETWEEN 6971790 AND 6971890
	Bitmap Heap Scan on sbtest6  (cost=5.46..401.19 rows=100 width=125)
	  Recheck Cond: ((k >= 6971790) AND (k <= 6971890))
	  ->  Bitmap Index Scan on k_6  (cost=0.00..5.43 rows=100 width=0)
	        Index Cond: ((k >= 6971790) AND (k <= 6971890))

table 7 : explain SELECT k, c FROM sbtest7 WHERE k BETWEEN 6971790 AND 6971890
	Bitmap Heap Scan on sbtest7  (cost=5.49..413.00 rows=103 width=125)
	  Recheck Cond: ((k >= 6971790) AND (k <= 6971890))
	  ->  Bitmap Index Scan on k_7  (cost=0.00..5.46 rows=103 width=0)
	        Index Cond: ((k >= 6971790) AND (k <= 6971890))

table 8 : explain SELECT k, c FROM sbtest8 WHERE k BETWEEN 6971790 AND 6971890
	Bitmap Heap Scan on sbtest8  (cost=5.60..456.29 rows=114 width=125)
	  Recheck Cond: ((k >= 6971790) AND (k <= 6971890))
	  ->  Bitmap Index Scan on k_8  (cost=0.00..5.58 rows=114 width=0)
	        Index Cond: ((k >= 6971790) AND (k <= 6971890))

explain: for range-notcovered :: explain SELECT k, c FROM sbtest%d WHERE k BETWEEN 1084689 AND 1084789
explain: for range-notcovered :: explain SELECT k, c FROM sbtest%d WHERE k BETWEEN 7066921 AND 7067021
explain: for range-notcovered :: explain SELECT k, c FROM sbtest%d WHERE k BETWEEN 6971790 AND 6971890
for range-notcovered
table 1 : explain SELECT k, c FROM sbtest1 WHERE k BETWEEN 3435870 AND 3435970
	Bitmap Heap Scan on sbtest1  (cost=5.44..393.31 rows=98 width=125)
	  Recheck Cond: ((k >= 3435870) AND (k <= 3435970))
	  ->  Bitmap Index Scan on k_1  (cost=0.00..5.42 rows=98 width=0)
	        Index Cond: ((k >= 3435870) AND (k <= 3435970))

table 2 : explain SELECT k, c FROM sbtest2 WHERE k BETWEEN 3435870 AND 3435970
	Bitmap Heap Scan on sbtest2  (cost=5.56..440.56 rows=110 width=125)
	  Recheck Cond: ((k >= 3435870) AND (k <= 3435970))
	  ->  Bitmap Index Scan on k_2  (cost=0.00..5.53 rows=110 width=0)
	        Index Cond: ((k >= 3435870) AND (k <= 3435970))

table 3 : explain SELECT k, c FROM sbtest3 WHERE k BETWEEN 3435870 AND 3435970
	Bitmap Heap Scan on sbtest3  (cost=5.45..397.25 rows=99 width=125)
	  Recheck Cond: ((k >= 3435870) AND (k <= 3435970))
	  ->  Bitmap Index Scan on k_3  (cost=0.00..5.42 rows=99 width=0)
	        Index Cond: ((k >= 3435870) AND (k <= 3435970))

table 4 : explain SELECT k, c FROM sbtest4 WHERE k BETWEEN 3435870 AND 3435970
	Bitmap Heap Scan on sbtest4  (cost=5.46..401.19 rows=100 width=125)
	  Recheck Cond: ((k >= 3435870) AND (k <= 3435970))
	  ->  Bitmap Index Scan on k_4  (cost=0.00..5.43 rows=100 width=0)
	        Index Cond: ((k >= 3435870) AND (k <= 3435970))

table 5 : explain SELECT k, c FROM sbtest5 WHERE k BETWEEN 3435870 AND 3435970
	Bitmap Heap Scan on sbtest5  (cost=5.55..436.62 rows=109 width=125)
	  Recheck Cond: ((k >= 3435870) AND (k <= 3435970))
	  ->  Bitmap Index Scan on k_5  (cost=0.00..5.52 rows=109 width=0)
	        Index Cond: ((k >= 3435870) AND (k <= 3435970))

table 6 : explain SELECT k, c FROM sbtest6 WHERE k BETWEEN 3435870 AND 3435970
	Bitmap Heap Scan on sbtest6  (cost=5.46..401.19 rows=100 width=125)
	  Recheck Cond: ((k >= 3435870) AND (k <= 3435970))
	  ->  Bitmap Index Scan on k_6  (cost=0.00..5.43 rows=100 width=0)
	        Index Cond: ((k >= 3435870) AND (k <= 3435970))

table 7 : explain SELECT k, c FROM sbtest7 WHERE k BETWEEN 3435870 AND 3435970
	Bitmap Heap Scan on sbtest7  (cost=5.43..389.37 rows=97 width=125)
	  Recheck Cond: ((k >= 3435870) AND (k <= 3435970))
	  ->  Bitmap Index Scan on k_7  (cost=0.00..5.40 rows=97 width=0)
	        Index Cond: ((k >= 3435870) AND (k <= 3435970))

table 8 : explain SELECT k, c FROM sbtest8 WHERE k BETWEEN 3435870 AND 3435970
	Bitmap Heap Scan on sbtest8  (cost=5.55..436.62 rows=109 width=125)
	  Recheck Cond: ((k >= 3435870) AND (k <= 3435970))
	  ->  Bitmap Index Scan on k_8  (cost=0.00..5.52 rows=109 width=0)
	        Index Cond: ((k >= 3435870) AND (k <= 3435970))

for range-notcovered
table 1 : explain SELECT k, c FROM sbtest1 WHERE k BETWEEN 7528609 AND 7528709
	Bitmap Heap Scan on sbtest1  (cost=5.42..385.43 rows=96 width=125)
	  Recheck Cond: ((k >= 7528609) AND (k <= 7528709))
	  ->  Bitmap Index Scan on k_1  (cost=0.00..5.39 rows=96 width=0)
	        Index Cond: ((k >= 7528609) AND (k <= 7528709))

table 2 : explain SELECT k, c FROM sbtest2 WHERE k BETWEEN 7528609 AND 7528709
	Bitmap Heap Scan on sbtest2  (cost=5.45..397.25 rows=99 width=125)
	  Recheck Cond: ((k >= 7528609) AND (k <= 7528709))
	  ->  Bitmap Index Scan on k_2  (cost=0.00..5.42 rows=99 width=0)
	        Index Cond: ((k >= 7528609) AND (k <= 7528709))

table 3 : explain SELECT k, c FROM sbtest3 WHERE k BETWEEN 7528609 AND 7528709
	Bitmap Heap Scan on sbtest3  (cost=5.44..393.31 rows=98 width=125)
	  Recheck Cond: ((k >= 7528609) AND (k <= 7528709))
	  ->  Bitmap Index Scan on k_3  (cost=0.00..5.42 rows=98 width=0)
	        Index Cond: ((k >= 7528609) AND (k <= 7528709))

table 4 : explain SELECT k, c FROM sbtest4 WHERE k BETWEEN 7528609 AND 7528709
	Bitmap Heap Scan on sbtest4  (cost=5.40..377.55 rows=94 width=125)
	  Recheck Cond: ((k >= 7528609) AND (k <= 7528709))
	  ->  Bitmap Index Scan on k_4  (cost=0.00..5.38 rows=94 width=0)
	        Index Cond: ((k >= 7528609) AND (k <= 7528709))

table 5 : explain SELECT k, c FROM sbtest5 WHERE k BETWEEN 7528609 AND 7528709
	Bitmap Heap Scan on sbtest5  (cost=5.54..432.69 rows=108 width=125)
	  Recheck Cond: ((k >= 7528609) AND (k <= 7528709))
	  ->  Bitmap Index Scan on k_5  (cost=0.00..5.51 rows=108 width=0)
	        Index Cond: ((k >= 7528609) AND (k <= 7528709))

table 6 : explain SELECT k, c FROM sbtest6 WHERE k BETWEEN 7528609 AND 7528709
	Bitmap Heap Scan on sbtest6  (cost=5.43..389.37 rows=97 width=125)
	  Recheck Cond: ((k >= 7528609) AND (k <= 7528709))
	  ->  Bitmap Index Scan on k_6  (cost=0.00..5.40 rows=97 width=0)
	        Index Cond: ((k >= 7528609) AND (k <= 7528709))

table 7 : explain SELECT k, c FROM sbtest7 WHERE k BETWEEN 7528609 AND 7528709
	Bitmap Heap Scan on sbtest7  (cost=5.49..413.00 rows=103 width=125)
	  Recheck Cond: ((k >= 7528609) AND (k <= 7528709))
	  ->  Bitmap Index Scan on k_7  (cost=0.00..5.46 rows=103 width=0)
	        Index Cond: ((k >= 7528609) AND (k <= 7528709))

table 8 : explain SELECT k, c FROM sbtest8 WHERE k BETWEEN 7528609 AND 7528709
	Bitmap Heap Scan on sbtest8  (cost=5.61..460.22 rows=115 width=125)
	  Recheck Cond: ((k >= 7528609) AND (k <= 7528709))
	  ->  Bitmap Index Scan on k_8  (cost=0.00..5.58 rows=115 width=0)
	        Index Cond: ((k >= 7528609) AND (k <= 7528709))

explain: for range-notcovered :: explain SELECT k, c FROM sbtest%d WHERE k BETWEEN 7528609 AND 7528709
for range-notcovered
table 1 : explain SELECT k, c FROM sbtest1 WHERE k BETWEEN 6861557 AND 6861657
	Bitmap Heap Scan on sbtest1  (cost=5.44..393.31 rows=98 width=125)
	  Recheck Cond: ((k >= 6861557) AND (k <= 6861657))
	  ->  Bitmap Index Scan on k_1  (cost=0.00..5.42 rows=98 width=0)
	        Index Cond: ((k >= 6861557) AND (k <= 6861657))

table 2 : explain SELECT k, c FROM sbtest2 WHERE k BETWEEN 6861557 AND 6861657
	Bitmap Heap Scan on sbtest2  (cost=5.58..448.42 rows=112 width=125)
	  Recheck Cond: ((k >= 6861557) AND (k <= 6861657))
	  ->  Bitmap Index Scan on k_2  (cost=0.00..5.55 rows=112 width=0)
	        Index Cond: ((k >= 6861557) AND (k <= 6861657))

table 3 : explain SELECT k, c FROM sbtest3 WHERE k BETWEEN 6861557 AND 6861657
	Bitmap Heap Scan on sbtest3  (cost=5.38..369.67 rows=92 width=125)
	  Recheck Cond: ((k >= 6861557) AND (k <= 6861657))
	  ->  Bitmap Index Scan on k_3  (cost=0.00..5.35 rows=92 width=0)
	        Index Cond: ((k >= 6861557) AND (k <= 6861657))

table 4 : explain SELECT k, c FROM sbtest4 WHERE k BETWEEN 6861557 AND 6861657
	Bitmap Heap Scan on sbtest4  (cost=5.56..440.56 rows=110 width=125)
	  Recheck Cond: ((k >= 6861557) AND (k <= 6861657))
	  ->  Bitmap Index Scan on k_4  (cost=0.00..5.53 rows=110 width=0)
	        Index Cond: ((k >= 6861557) AND (k <= 6861657))

table 5 : explain SELECT k, c FROM sbtest5 WHERE k BETWEEN 6861557 AND 6861657
	Bitmap Heap Scan on sbtest5  (cost=5.53..428.75 rows=107 width=125)
	  Recheck Cond: ((k >= 6861557) AND (k <= 6861657))
	  ->  Bitmap Index Scan on k_5  (cost=0.00..5.50 rows=107 width=0)
	        Index Cond: ((k >= 6861557) AND (k <= 6861657))

table 6 : explain SELECT k, c FROM sbtest6 WHERE k BETWEEN 6861557 AND 6861657
	Bitmap Heap Scan on sbtest6  (cost=5.51..420.88 rows=105 width=125)
	  Recheck Cond: ((k >= 6861557) AND (k <= 6861657))
	  ->  Bitmap Index Scan on k_6  (cost=0.00..5.48 rows=105 width=0)
	        Index Cond: ((k >= 6861557) AND (k <= 6861657))

table 7 : explain SELECT k, c FROM sbtest7 WHERE k BETWEEN 6861557 AND 6861657
	Bitmap Heap Scan on sbtest7  (cost=5.56..440.56 rows=110 width=125)
	  Recheck Cond: ((k >= 6861557) AND (k <= 6861657))
	  ->  Bitmap Index Scan on k_7  (cost=0.00..5.53 rows=110 width=0)
	        Index Cond: ((k >= 6861557) AND (k <= 6861657))

table 8 : explain SELECT k, c FROM sbtest8 WHERE k BETWEEN 6861557 AND 6861657
	Bitmap Heap Scan on sbtest8  (cost=5.47..405.13 rows=101 width=125)
	  Recheck Cond: ((k >= 6861557) AND (k <= 6861657))
	  ->  Bitmap Index Scan on k_8  (cost=0.00..5.44 rows=101 width=0)
	        Index Cond: ((k >= 6861557) AND (k <= 6861657))

for range-notcovered
table 1 : explain SELECT k, c FROM sbtest1 WHERE k BETWEEN 8634473 AND 8634573
	Bitmap Heap Scan on sbtest1  (cost=5.56..440.56 rows=110 width=125)
	  Recheck Cond: ((k >= 8634473) AND (k <= 8634573))
	  ->  Bitmap Index Scan on k_1  (cost=0.00..5.53 rows=110 width=0)
	        Index Cond: ((k >= 8634473) AND (k <= 8634573))

table 2 : explain SELECT k, c FROM sbtest2 WHERE k BETWEEN 8634473 AND 8634573
	Bitmap Heap Scan on sbtest2  (cost=5.43..389.37 rows=97 width=125)
	  Recheck Cond: ((k >= 8634473) AND (k <= 8634573))
	  ->  Bitmap Index Scan on k_2  (cost=0.00..5.40 rows=97 width=0)
	        Index Cond: ((k >= 8634473) AND (k <= 8634573))

table 3 : explain SELECT k, c FROM sbtest3 WHERE k BETWEEN 8634473 AND 8634573
	Bitmap Heap Scan on sbtest3  (cost=5.45..397.25 rows=99 width=125)
	  Recheck Cond: ((k >= 8634473) AND (k <= 8634573))
	  ->  Bitmap Index Scan on k_3  (cost=0.00..5.42 rows=99 width=0)
	        Index Cond: ((k >= 8634473) AND (k <= 8634573))

table 4 : explain SELECT k, c FROM sbtest4 WHERE k BETWEEN 8634473 AND 8634573
	Bitmap Heap Scan on sbtest4  (cost=5.46..401.19 rows=100 width=125)
	  Recheck Cond: ((k >= 8634473) AND (k <= 8634573))
	  ->  Bitmap Index Scan on k_4  (cost=0.00..5.43 rows=100 width=0)
	        Index Cond: ((k >= 8634473) AND (k <= 8634573))

table 5 : explain SELECT k, c FROM sbtest5 WHERE k BETWEEN 8634473 AND 8634573
	Bitmap Heap Scan on sbtest5  (cost=5.45..397.25 rows=99 width=125)
	  Recheck Cond: ((k >= 8634473) AND (k <= 8634573))
	  ->  Bitmap Index Scan on k_5  (cost=0.00..5.42 rows=99 width=0)
	        Index Cond: ((k >= 8634473) AND (k <= 8634573))

table 6 : explain SELECT k, c FROM sbtest6 WHERE k BETWEEN 8634473 AND 8634573
	Bitmap Heap Scan on sbtest6  (cost=5.55..436.62 rows=109 width=125)
	  Recheck Cond: ((k >= 8634473) AND (k <= 8634573))
	  ->  Bitmap Index Scan on k_6  (cost=0.00..5.52 rows=109 width=0)
	        Index Cond: ((k >= 8634473) AND (k <= 8634573))

table 7 : explain SELECT k, c FROM sbtest7 WHERE k BETWEEN 8634473 AND 8634573
	Bitmap Heap Scan on sbtest7  (cost=5.42..385.43 rows=96 width=125)
	  Recheck Cond: ((k >= 8634473) AND (k <= 8634573))
	  ->  Bitmap Index Scan on k_7  (cost=0.00..5.39 rows=96 width=0)
	        Index Cond: ((k >= 8634473) AND (k <= 8634573))

table 8 : explain SELECT k, c FROM sbtest8 WHERE k BETWEEN 8634473 AND 8634573
	Bitmap Heap Scan on sbtest8  (cost=5.55..436.62 rows=109 width=125)
	  Recheck Cond: ((k >= 8634473) AND (k <= 8634573))
	  ->  Bitmap Index Scan on k_8  (cost=0.00..5.52 rows=109 width=0)
	        Index Cond: ((k >= 8634473) AND (k <= 8634573))

for range-notcovered
table 1 : explain SELECT k, c FROM sbtest1 WHERE k BETWEEN 6971790 AND 6971890
	Bitmap Heap Scan on sbtest1  (cost=5.48..409.07 rows=102 width=125)
	  Recheck Cond: ((k >= 6971790) AND (k <= 6971890))
	  ->  Bitmap Index Scan on k_1  (cost=0.00..5.45 rows=102 width=0)
	        Index Cond: ((k >= 6971790) AND (k <= 6971890))

table 2 : explain SELECT k, c FROM sbtest2 WHERE k BETWEEN 6971790 AND 6971890
	Bitmap Heap Scan on sbtest2  (cost=5.55..436.62 rows=109 width=125)
	  Recheck Cond: ((k >= 6971790) AND (k <= 6971890))
	  ->  Bitmap Index Scan on k_2  (cost=0.00..5.52 rows=109 width=0)
	        Index Cond: ((k >= 6971790) AND (k <= 6971890))

table 3 : explain SELECT k, c FROM sbtest3 WHERE k BETWEEN 6971790 AND 6971890
	Bitmap Heap Scan on sbtest3  (cost=5.51..420.88 rows=105 width=125)
	  Recheck Cond: ((k >= 6971790) AND (k <= 6971890))
	  ->  Bitmap Index Scan on k_3  (cost=0.00..5.48 rows=105 width=0)
	        Index Cond: ((k >= 6971790) AND (k <= 6971890))

table 4 : explain SELECT k, c FROM sbtest4 WHERE k BETWEEN 6971790 AND 6971890
	Bitmap Heap Scan on sbtest4  (cost=5.57..444.49 rows=111 width=125)
	  Recheck Cond: ((k >= 6971790) AND (k <= 6971890))
	  ->  Bitmap Index Scan on k_4  (cost=0.00..5.54 rows=111 width=0)
	        Index Cond: ((k >= 6971790) AND (k <= 6971890))

table 5 : explain SELECT k, c FROM sbtest5 WHERE k BETWEEN 6971790 AND 6971890
	Bitmap Heap Scan on sbtest5  (cost=5.49..413.00 rows=103 width=125)
	  Recheck Cond: ((k >= 6971790) AND (k <= 6971890))
	  ->  Bitmap Index Scan on k_5  (cost=0.00..5.46 rows=103 width=0)
	        Index Cond: ((k >= 6971790) AND (k <= 6971890))

table 6 : explain SELECT k, c FROM sbtest6 WHERE k BETWEEN 6971790 AND 6971890
	Bitmap Heap Scan on sbtest6  (cost=5.46..401.19 rows=100 width=125)
	  Recheck Cond: ((k >= 6971790) AND (k <= 6971890))
	  ->  Bitmap Index Scan on k_6  (cost=0.00..5.43 rows=100 width=0)
	        Index Cond: ((k >= 6971790) AND (k <= 6971890))

table 7 : explain SELECT k, c FROM sbtest7 WHERE k BETWEEN 6971790 AND 6971890
	Bitmap Heap Scan on sbtest7  (cost=5.49..413.00 rows=103 width=125)
	  Recheck Cond: ((k >= 6971790) AND (k <= 6971890))
	  ->  Bitmap Index Scan on k_7  (cost=0.00..5.46 rows=103 width=0)
	        Index Cond: ((k >= 6971790) AND (k <= 6971890))

table 8 : explain SELECT k, c FROM sbtest8 WHERE k BETWEEN 6971790 AND 6971890
	Bitmap Heap Scan on sbtest8  (cost=5.60..456.29 rows=114 width=125)
	  Recheck Cond: ((k >= 6971790) AND (k <= 6971890))
	  ->  Bitmap Index Scan on k_8  (cost=0.00..5.58 rows=114 width=0)
	        Index Cond: ((k >= 6971790) AND (k <= 6971890))

explain: for range-notcovered :: explain SELECT k, c FROM sbtest%d WHERE k BETWEEN 8634473 AND 8634573
explain: for range-notcovered :: explain SELECT k, c FROM sbtest%d WHERE k BETWEEN 6971790 AND 6971890
for range-notcovered
table 1 : explain SELECT k, c FROM sbtest1 WHERE k BETWEEN 7528609 AND 7528709
	Bitmap Heap Scan on sbtest1  (cost=5.42..385.43 rows=96 width=125)
	  Recheck Cond: ((k >= 7528609) AND (k <= 7528709))
	  ->  Bitmap Index Scan on k_1  (cost=0.00..5.39 rows=96 width=0)
	        Index Cond: ((k >= 7528609) AND (k <= 7528709))

table 2 : explain SELECT k, c FROM sbtest2 WHERE k BETWEEN 7528609 AND 7528709
	Bitmap Heap Scan on sbtest2  (cost=5.45..397.25 rows=99 width=125)
	  Recheck Cond: ((k >= 7528609) AND (k <= 7528709))
	  ->  Bitmap Index Scan on k_2  (cost=0.00..5.42 rows=99 width=0)
	        Index Cond: ((k >= 7528609) AND (k <= 7528709))

table 3 : explain SELECT k, c FROM sbtest3 WHERE k BETWEEN 7528609 AND 7528709
	Bitmap Heap Scan on sbtest3  (cost=5.44..393.31 rows=98 width=125)
	  Recheck Cond: ((k >= 7528609) AND (k <= 7528709))
	  ->  Bitmap Index Scan on k_3  (cost=0.00..5.42 rows=98 width=0)
	        Index Cond: ((k >= 7528609) AND (k <= 7528709))

table 4 : explain SELECT k, c FROM sbtest4 WHERE k BETWEEN 7528609 AND 7528709
	Bitmap Heap Scan on sbtest4  (cost=5.40..377.55 rows=94 width=125)
	  Recheck Cond: ((k >= 7528609) AND (k <= 7528709))
	  ->  Bitmap Index Scan on k_4  (cost=0.00..5.38 rows=94 width=0)
	        Index Cond: ((k >= 7528609) AND (k <= 7528709))

table 5 : explain SELECT k, c FROM sbtest5 WHERE k BETWEEN 7528609 AND 7528709
	Bitmap Heap Scan on sbtest5  (cost=5.54..432.69 rows=108 width=125)
	  Recheck Cond: ((k >= 7528609) AND (k <= 7528709))
	  ->  Bitmap Index Scan on k_5  (cost=0.00..5.51 rows=108 width=0)
	        Index Cond: ((k >= 7528609) AND (k <= 7528709))

table 6 : explain SELECT k, c FROM sbtest6 WHERE k BETWEEN 7528609 AND 7528709
	Bitmap Heap Scan on sbtest6  (cost=5.43..389.37 rows=97 width=125)
	  Recheck Cond: ((k >= 7528609) AND (k <= 7528709))
	  ->  Bitmap Index Scan on k_6  (cost=0.00..5.40 rows=97 width=0)
	        Index Cond: ((k >= 7528609) AND (k <= 7528709))

table 7 : explain SELECT k, c FROM sbtest7 WHERE k BETWEEN 7528609 AND 7528709
	Bitmap Heap Scan on sbtest7  (cost=5.49..413.00 rows=103 width=125)
	  Recheck Cond: ((k >= 7528609) AND (k <= 7528709))
	  ->  Bitmap Index Scan on k_7  (cost=0.00..5.46 rows=103 width=0)
	        Index Cond: ((k >= 7528609) AND (k <= 7528709))

table 8 : explain SELECT k, c FROM sbtest8 WHERE k BETWEEN 7528609 AND 7528709
	Bitmap Heap Scan on sbtest8  (cost=5.61..460.22 rows=115 width=125)
	  Recheck Cond: ((k >= 7528609) AND (k <= 7528709))
	  ->  Bitmap Index Scan on k_8  (cost=0.00..5.58 rows=115 width=0)
	        Index Cond: ((k >= 7528609) AND (k <= 7528709))

for range-notcovered
table 1 : explain SELECT k, c FROM sbtest1 WHERE k BETWEEN 7066921 AND 7067021
	Bitmap Heap Scan on sbtest1  (cost=5.55..436.62 rows=109 width=125)
	  Recheck Cond: ((k >= 7066921) AND (k <= 7067021))
	  ->  Bitmap Index Scan on k_1  (cost=0.00..5.52 rows=109 width=0)
	        Index Cond: ((k >= 7066921) AND (k <= 7067021))

table 2 : explain SELECT k, c FROM sbtest2 WHERE k BETWEEN 7066921 AND 7067021
	Bitmap Heap Scan on sbtest2  (cost=5.44..393.31 rows=98 width=125)
	  Recheck Cond: ((k >= 7066921) AND (k <= 7067021))
	  ->  Bitmap Index Scan on k_2  (cost=0.00..5.42 rows=98 width=0)
	        Index Cond: ((k >= 7066921) AND (k <= 7067021))

table 3 : explain SELECT k, c FROM sbtest3 WHERE k BETWEEN 7066921 AND 7067021
	Bitmap Heap Scan on sbtest3  (cost=5.56..440.56 rows=110 width=125)
	  Recheck Cond: ((k >= 7066921) AND (k <= 7067021))
	  ->  Bitmap Index Scan on k_3  (cost=0.00..5.53 rows=110 width=0)
	        Index Cond: ((k >= 7066921) AND (k <= 7067021))

table 4 : explain SELECT k, c FROM sbtest4 WHERE k BETWEEN 7066921 AND 7067021
	Bitmap Heap Scan on sbtest4  (cost=5.49..413.00 rows=103 width=125)
	  Recheck Cond: ((k >= 7066921) AND (k <= 7067021))
	  ->  Bitmap Index Scan on k_4  (cost=0.00..5.46 rows=103 width=0)
	        Index Cond: ((k >= 7066921) AND (k <= 7067021))

table 5 : explain SELECT k, c FROM sbtest5 WHERE k BETWEEN 7066921 AND 7067021
	Bitmap Heap Scan on sbtest5  (cost=5.43..389.37 rows=97 width=125)
	  Recheck Cond: ((k >= 7066921) AND (k <= 7067021))
	  ->  Bitmap Index Scan on k_5  (cost=0.00..5.40 rows=97 width=0)
	        Index Cond: ((k >= 7066921) AND (k <= 7067021))

table 6 : explain SELECT k, c FROM sbtest6 WHERE k BETWEEN 7066921 AND 7067021
	Bitmap Heap Scan on sbtest6  (cost=5.57..444.49 rows=111 width=125)
	  Recheck Cond: ((k >= 7066921) AND (k <= 7067021))
	  ->  Bitmap Index Scan on k_6  (cost=0.00..5.54 rows=111 width=0)
	        Index Cond: ((k >= 7066921) AND (k <= 7067021))

table 7 : explain SELECT k, c FROM sbtest7 WHERE k BETWEEN 7066921 AND 7067021
	Bitmap Heap Scan on sbtest7  (cost=5.52..424.81 rows=106 width=125)
	  Recheck Cond: ((k >= 7066921) AND (k <= 7067021))
	  ->  Bitmap Index Scan on k_7  (cost=0.00..5.50 rows=106 width=0)
	        Index Cond: ((k >= 7066921) AND (k <= 7067021))

table 8 : explain SELECT k, c FROM sbtest8 WHERE k BETWEEN 7066921 AND 7067021
	Bitmap Heap Scan on sbtest8  (cost=5.46..401.19 rows=100 width=125)
	  Recheck Cond: ((k >= 7066921) AND (k <= 7067021))
	  ->  Bitmap Index Scan on k_8  (cost=0.00..5.43 rows=100 width=0)
	        Index Cond: ((k >= 7066921) AND (k <= 7067021))

explain: for range-notcovered :: explain SELECT k, c FROM sbtest%d WHERE k BETWEEN 7528609 AND 7528709
for range-notcovered
table 1 : explain SELECT k, c FROM sbtest1 WHERE k BETWEEN 6971790 AND 6971890
	Bitmap Heap Scan on sbtest1  (cost=5.48..409.07 rows=102 width=125)
	  Recheck Cond: ((k >= 6971790) AND (k <= 6971890))
	  ->  Bitmap Index Scan on k_1  (cost=0.00..5.45 rows=102 width=0)
	        Index Cond: ((k >= 6971790) AND (k <= 6971890))

table 2 : explain SELECT k, c FROM sbtest2 WHERE k BETWEEN 6971790 AND 6971890
	Bitmap Heap Scan on sbtest2  (cost=5.55..436.62 rows=109 width=125)
	  Recheck Cond: ((k >= 6971790) AND (k <= 6971890))
	  ->  Bitmap Index Scan on k_2  (cost=0.00..5.52 rows=109 width=0)
	        Index Cond: ((k >= 6971790) AND (k <= 6971890))

table 3 : explain SELECT k, c FROM sbtest3 WHERE k BETWEEN 6971790 AND 6971890
	Bitmap Heap Scan on sbtest3  (cost=5.51..420.88 rows=105 width=125)
	  Recheck Cond: ((k >= 6971790) AND (k <= 6971890))
	  ->  Bitmap Index Scan on k_3  (cost=0.00..5.48 rows=105 width=0)
	        Index Cond: ((k >= 6971790) AND (k <= 6971890))

table 4 : explain SELECT k, c FROM sbtest4 WHERE k BETWEEN 6971790 AND 6971890
	Bitmap Heap Scan on sbtest4  (cost=5.57..444.49 rows=111 width=125)
	  Recheck Cond: ((k >= 6971790) AND (k <= 6971890))
	  ->  Bitmap Index Scan on k_4  (cost=0.00..5.54 rows=111 width=0)
	        Index Cond: ((k >= 6971790) AND (k <= 6971890))

table 5 : explain SELECT k, c FROM sbtest5 WHERE k BETWEEN 6971790 AND 6971890
	Bitmap Heap Scan on sbtest5  (cost=5.49..413.00 rows=103 width=125)
	  Recheck Cond: ((k >= 6971790) AND (k <= 6971890))
	  ->  Bitmap Index Scan on k_5  (cost=0.00..5.46 rows=103 width=0)
	        Index Cond: ((k >= 6971790) AND (k <= 6971890))

table 6 : explain SELECT k, c FROM sbtest6 WHERE k BETWEEN 6971790 AND 6971890
	Bitmap Heap Scan on sbtest6  (cost=5.46..401.19 rows=100 width=125)
	  Recheck Cond: ((k >= 6971790) AND (k <= 6971890))
	  ->  Bitmap Index Scan on k_6  (cost=0.00..5.43 rows=100 width=0)
	        Index Cond: ((k >= 6971790) AND (k <= 6971890))

table 7 : explain SELECT k, c FROM sbtest7 WHERE k BETWEEN 6971790 AND 6971890
	Bitmap Heap Scan on sbtest7  (cost=5.49..413.00 rows=103 width=125)
	  Recheck Cond: ((k >= 6971790) AND (k <= 6971890))
	  ->  Bitmap Index Scan on k_7  (cost=0.00..5.46 rows=103 width=0)
	        Index Cond: ((k >= 6971790) AND (k <= 6971890))

table 8 : explain SELECT k, c FROM sbtest8 WHERE k BETWEEN 6971790 AND 6971890
	Bitmap Heap Scan on sbtest8  (cost=5.60..456.29 rows=114 width=125)
	  Recheck Cond: ((k >= 6971790) AND (k <= 6971890))
	  ->  Bitmap Index Scan on k_8  (cost=0.00..5.58 rows=114 width=0)
	        Index Cond: ((k >= 6971790) AND (k <= 6971890))

for range-notcovered
table 1 : explain SELECT k, c FROM sbtest1 WHERE k BETWEEN 8634473 AND 8634573
	Bitmap Heap Scan on sbtest1  (cost=5.56..440.56 rows=110 width=125)
	  Recheck Cond: ((k >= 8634473) AND (k <= 8634573))
	  ->  Bitmap Index Scan on k_1  (cost=0.00..5.53 rows=110 width=0)
	        Index Cond: ((k >= 8634473) AND (k <= 8634573))

table 2 : explain SELECT k, c FROM sbtest2 WHERE k BETWEEN 8634473 AND 8634573
	Bitmap Heap Scan on sbtest2  (cost=5.43..389.37 rows=97 width=125)
	  Recheck Cond: ((k >= 8634473) AND (k <= 8634573))
	  ->  Bitmap Index Scan on k_2  (cost=0.00..5.40 rows=97 width=0)
	        Index Cond: ((k >= 8634473) AND (k <= 8634573))

table 3 : explain SELECT k, c FROM sbtest3 WHERE k BETWEEN 8634473 AND 8634573
	Bitmap Heap Scan on sbtest3  (cost=5.45..397.25 rows=99 width=125)
	  Recheck Cond: ((k >= 8634473) AND (k <= 8634573))
	  ->  Bitmap Index Scan on k_3  (cost=0.00..5.42 rows=99 width=0)
	        Index Cond: ((k >= 8634473) AND (k <= 8634573))

table 4 : explain SELECT k, c FROM sbtest4 WHERE k BETWEEN 8634473 AND 8634573
	Bitmap Heap Scan on sbtest4  (cost=5.46..401.19 rows=100 width=125)
	  Recheck Cond: ((k >= 8634473) AND (k <= 8634573))
	  ->  Bitmap Index Scan on k_4  (cost=0.00..5.43 rows=100 width=0)
	        Index Cond: ((k >= 8634473) AND (k <= 8634573))

table 5 : explain SELECT k, c FROM sbtest5 WHERE k BETWEEN 8634473 AND 8634573
	Bitmap Heap Scan on sbtest5  (cost=5.45..397.25 rows=99 width=125)
	  Recheck Cond: ((k >= 8634473) AND (k <= 8634573))
	  ->  Bitmap Index Scan on k_5  (cost=0.00..5.42 rows=99 width=0)
	        Index Cond: ((k >= 8634473) AND (k <= 8634573))

table 6 : explain SELECT k, c FROM sbtest6 WHERE k BETWEEN 8634473 AND 8634573
	Bitmap Heap Scan on sbtest6  (cost=5.55..436.62 rows=109 width=125)
	  Recheck Cond: ((k >= 8634473) AND (k <= 8634573))
	  ->  Bitmap Index Scan on k_6  (cost=0.00..5.52 rows=109 width=0)
	        Index Cond: ((k >= 8634473) AND (k <= 8634573))

table 7 : explain SELECT k, c FROM sbtest7 WHERE k BETWEEN 8634473 AND 8634573
	Bitmap Heap Scan on sbtest7  (cost=5.42..385.43 rows=96 width=125)
	  Recheck Cond: ((k >= 8634473) AND (k <= 8634573))
	  ->  Bitmap Index Scan on k_7  (cost=0.00..5.39 rows=96 width=0)
	        Index Cond: ((k >= 8634473) AND (k <= 8634573))

table 8 : explain SELECT k, c FROM sbtest8 WHERE k BETWEEN 8634473 AND 8634573
	Bitmap Heap Scan on sbtest8  (cost=5.55..436.62 rows=109 width=125)
	  Recheck Cond: ((k >= 8634473) AND (k <= 8634573))
	  ->  Bitmap Index Scan on k_8  (cost=0.00..5.52 rows=109 width=0)
	        Index Cond: ((k >= 8634473) AND (k <= 8634573))

explain: for range-notcovered :: explain SELECT k, c FROM sbtest%d WHERE k BETWEEN 6971790 AND 6971890
for range-notcovered
table 1 : explain SELECT k, c FROM sbtest1 WHERE k BETWEEN 1084689 AND 1084789
	Bitmap Heap Scan on sbtest1  (cost=5.44..393.31 rows=98 width=125)
	  Recheck Cond: ((k >= 1084689) AND (k <= 1084789))
	  ->  Bitmap Index Scan on k_1  (cost=0.00..5.42 rows=98 width=0)
	        Index Cond: ((k >= 1084689) AND (k <= 1084789))

table 2 : explain SELECT k, c FROM sbtest2 WHERE k BETWEEN 1084689 AND 1084789
	Bitmap Heap Scan on sbtest2  (cost=5.45..397.25 rows=99 width=125)
	  Recheck Cond: ((k >= 1084689) AND (k <= 1084789))
	  ->  Bitmap Index Scan on k_2  (cost=0.00..5.42 rows=99 width=0)
	        Index Cond: ((k >= 1084689) AND (k <= 1084789))

table 3 : explain SELECT k, c FROM sbtest3 WHERE k BETWEEN 1084689 AND 1084789
	Bitmap Heap Scan on sbtest3  (cost=5.39..373.61 rows=93 width=125)
	  Recheck Cond: ((k >= 1084689) AND (k <= 1084789))
	  ->  Bitmap Index Scan on k_3  (cost=0.00..5.36 rows=93 width=0)
	        Index Cond: ((k >= 1084689) AND (k <= 1084789))

table 4 : explain SELECT k, c FROM sbtest4 WHERE k BETWEEN 1084689 AND 1084789
	Bitmap Heap Scan on sbtest4  (cost=5.47..405.13 rows=101 width=125)
	  Recheck Cond: ((k >= 1084689) AND (k <= 1084789))
	  ->  Bitmap Index Scan on k_4  (cost=0.00..5.44 rows=101 width=0)
	        Index Cond: ((k >= 1084689) AND (k <= 1084789))

table 5 : explain SELECT k, c FROM sbtest5 WHERE k BETWEEN 1084689 AND 1084789
	Bitmap Heap Scan on sbtest5  (cost=5.47..405.13 rows=101 width=125)
	  Recheck Cond: ((k >= 1084689) AND (k <= 1084789))
	  ->  Bitmap Index Scan on k_5  (cost=0.00..5.44 rows=101 width=0)
	        Index Cond: ((k >= 1084689) AND (k <= 1084789))

table 6 : explain SELECT k, c FROM sbtest6 WHERE k BETWEEN 1084689 AND 1084789
	Bitmap Heap Scan on sbtest6  (cost=5.43..389.37 rows=97 width=125)
	  Recheck Cond: ((k >= 1084689) AND (k <= 1084789))
	  ->  Bitmap Index Scan on k_6  (cost=0.00..5.40 rows=97 width=0)
	        Index Cond: ((k >= 1084689) AND (k <= 1084789))

table 7 : explain SELECT k, c FROM sbtest7 WHERE k BETWEEN 1084689 AND 1084789
	Bitmap Heap Scan on sbtest7  (cost=5.55..436.62 rows=109 width=125)
	  Recheck Cond: ((k >= 1084689) AND (k <= 1084789))
	  ->  Bitmap Index Scan on k_7  (cost=0.00..5.52 rows=109 width=0)
	        Index Cond: ((k >= 1084689) AND (k <= 1084789))

table 8 : explain SELECT k, c FROM sbtest8 WHERE k BETWEEN 1084689 AND 1084789
	Bitmap Heap Scan on sbtest8  (cost=5.46..401.19 rows=100 width=125)
	  Recheck Cond: ((k >= 1084689) AND (k <= 1084789))
	  ->  Bitmap Index Scan on k_8  (cost=0.00..5.43 rows=100 width=0)
	        Index Cond: ((k >= 1084689) AND (k <= 1084789))

explain: for range-notcovered :: explain SELECT k, c FROM sbtest%d WHERE k BETWEEN 8634473 AND 8634573
explain: for range-notcovered :: explain SELECT k, c FROM sbtest%d WHERE k BETWEEN 7066921 AND 7067021
explain: for range-notcovered :: explain SELECT k, c FROM sbtest%d WHERE k BETWEEN 1084689 AND 1084789
for range-notcovered
table 1 : explain SELECT k, c FROM sbtest1 WHERE k BETWEEN 5822583 AND 5822683
	Bitmap Heap Scan on sbtest1  (cost=5.43..389.37 rows=97 width=125)
	  Recheck Cond: ((k >= 5822583) AND (k <= 5822683))
	  ->  Bitmap Index Scan on k_1  (cost=0.00..5.40 rows=97 width=0)
	        Index Cond: ((k >= 5822583) AND (k <= 5822683))

table 2 : explain SELECT k, c FROM sbtest2 WHERE k BETWEEN 5822583 AND 5822683
	Bitmap Heap Scan on sbtest2  (cost=5.44..393.31 rows=98 width=125)
	  Recheck Cond: ((k >= 5822583) AND (k <= 5822683))
	  ->  Bitmap Index Scan on k_2  (cost=0.00..5.42 rows=98 width=0)
	        Index Cond: ((k >= 5822583) AND (k <= 5822683))

table 3 : explain SELECT k, c FROM sbtest3 WHERE k BETWEEN 5822583 AND 5822683
	Bitmap Heap Scan on sbtest3  (cost=5.50..416.94 rows=104 width=125)
	  Recheck Cond: ((k >= 5822583) AND (k <= 5822683))
	  ->  Bitmap Index Scan on k_3  (cost=0.00..5.47 rows=104 width=0)
	        Index Cond: ((k >= 5822583) AND (k <= 5822683))

table 4 : explain SELECT k, c FROM sbtest4 WHERE k BETWEEN 5822583 AND 5822683
	Bitmap Heap Scan on sbtest4  (cost=5.49..413.00 rows=103 width=125)
	  Recheck Cond: ((k >= 5822583) AND (k <= 5822683))
	  ->  Bitmap Index Scan on k_4  (cost=0.00..5.46 rows=103 width=0)
	        Index Cond: ((k >= 5822583) AND (k <= 5822683))

table 5 : explain SELECT k, c FROM sbtest5 WHERE k BETWEEN 5822583 AND 5822683
	Bitmap Heap Scan on sbtest5  (cost=5.45..397.25 rows=99 width=125)
	  Recheck Cond: ((k >= 5822583) AND (k <= 5822683))
	  ->  Bitmap Index Scan on k_5  (cost=0.00..5.42 rows=99 width=0)
	        Index Cond: ((k >= 5822583) AND (k <= 5822683))

table 6 : explain SELECT k, c FROM sbtest6 WHERE k BETWEEN 5822583 AND 5822683
	Bitmap Heap Scan on sbtest6  (cost=5.40..377.55 rows=94 width=125)
	  Recheck Cond: ((k >= 5822583) AND (k <= 5822683))
	  ->  Bitmap Index Scan on k_6  (cost=0.00..5.38 rows=94 width=0)
	        Index Cond: ((k >= 5822583) AND (k <= 5822683))

table 7 : explain SELECT k, c FROM sbtest7 WHERE k BETWEEN 5822583 AND 5822683
	Bitmap Heap Scan on sbtest7  (cost=5.49..413.00 rows=103 width=125)
	  Recheck Cond: ((k >= 5822583) AND (k <= 5822683))
	  ->  Bitmap Index Scan on k_7  (cost=0.00..5.46 rows=103 width=0)
	        Index Cond: ((k >= 5822583) AND (k <= 5822683))

table 8 : explain SELECT k, c FROM sbtest8 WHERE k BETWEEN 5822583 AND 5822683
	Bitmap Heap Scan on sbtest8  (cost=5.47..405.13 rows=101 width=125)
	  Recheck Cond: ((k >= 5822583) AND (k <= 5822683))
	  ->  Bitmap Index Scan on k_8  (cost=0.00..5.44 rows=101 width=0)
	        Index Cond: ((k >= 5822583) AND (k <= 5822683))

explain: for range-notcovered :: explain SELECT k, c FROM sbtest%d WHERE k BETWEEN 5822583 AND 5822683
for range-notcovered
table 1 : explain SELECT k, c FROM sbtest1 WHERE k BETWEEN 6971790 AND 6971890
	Bitmap Heap Scan on sbtest1  (cost=5.48..409.07 rows=102 width=125)
	  Recheck Cond: ((k >= 6971790) AND (k <= 6971890))
	  ->  Bitmap Index Scan on k_1  (cost=0.00..5.45 rows=102 width=0)
	        Index Cond: ((k >= 6971790) AND (k <= 6971890))

table 2 : explain SELECT k, c FROM sbtest2 WHERE k BETWEEN 6971790 AND 6971890
	Bitmap Heap Scan on sbtest2  (cost=5.55..436.62 rows=109 width=125)
	  Recheck Cond: ((k >= 6971790) AND (k <= 6971890))
	  ->  Bitmap Index Scan on k_2  (cost=0.00..5.52 rows=109 width=0)
	        Index Cond: ((k >= 6971790) AND (k <= 6971890))

table 3 : explain SELECT k, c FROM sbtest3 WHERE k BETWEEN 6971790 AND 6971890
	Bitmap Heap Scan on sbtest3  (cost=5.51..420.88 rows=105 width=125)
	  Recheck Cond: ((k >= 6971790) AND (k <= 6971890))
	  ->  Bitmap Index Scan on k_3  (cost=0.00..5.48 rows=105 width=0)
	        Index Cond: ((k >= 6971790) AND (k <= 6971890))

table 4 : explain SELECT k, c FROM sbtest4 WHERE k BETWEEN 6971790 AND 6971890
	Bitmap Heap Scan on sbtest4  (cost=5.57..444.49 rows=111 width=125)
	  Recheck Cond: ((k >= 6971790) AND (k <= 6971890))
	  ->  Bitmap Index Scan on k_4  (cost=0.00..5.54 rows=111 width=0)
	        Index Cond: ((k >= 6971790) AND (k <= 6971890))

table 5 : explain SELECT k, c FROM sbtest5 WHERE k BETWEEN 6971790 AND 6971890
	Bitmap Heap Scan on sbtest5  (cost=5.49..413.00 rows=103 width=125)
	  Recheck Cond: ((k >= 6971790) AND (k <= 6971890))
	  ->  Bitmap Index Scan on k_5  (cost=0.00..5.46 rows=103 width=0)
	        Index Cond: ((k >= 6971790) AND (k <= 6971890))

table 6 : explain SELECT k, c FROM sbtest6 WHERE k BETWEEN 6971790 AND 6971890
	Bitmap Heap Scan on sbtest6  (cost=5.46..401.19 rows=100 width=125)
	  Recheck Cond: ((k >= 6971790) AND (k <= 6971890))
	  ->  Bitmap Index Scan on k_6  (cost=0.00..5.43 rows=100 width=0)
	        Index Cond: ((k >= 6971790) AND (k <= 6971890))

table 7 : explain SELECT k, c FROM sbtest7 WHERE k BETWEEN 6971790 AND 6971890
	Bitmap Heap Scan on sbtest7  (cost=5.49..413.00 rows=103 width=125)
	  Recheck Cond: ((k >= 6971790) AND (k <= 6971890))
	  ->  Bitmap Index Scan on k_7  (cost=0.00..5.46 rows=103 width=0)
	        Index Cond: ((k >= 6971790) AND (k <= 6971890))

table 8 : explain SELECT k, c FROM sbtest8 WHERE k BETWEEN 6971790 AND 6971890
	Bitmap Heap Scan on sbtest8  (cost=5.60..456.29 rows=114 width=125)
	  Recheck Cond: ((k >= 6971790) AND (k <= 6971890))
	  ->  Bitmap Index Scan on k_8  (cost=0.00..5.58 rows=114 width=0)
	        Index Cond: ((k >= 6971790) AND (k <= 6971890))

explain: for range-notcovered :: explain SELECT k, c FROM sbtest%d WHERE k BETWEEN 6971790 AND 6971890
for range-notcovered
table 1 : explain SELECT k, c FROM sbtest1 WHERE k BETWEEN 8634473 AND 8634573
	Bitmap Heap Scan on sbtest1  (cost=5.56..440.56 rows=110 width=125)
	  Recheck Cond: ((k >= 8634473) AND (k <= 8634573))
	  ->  Bitmap Index Scan on k_1  (cost=0.00..5.53 rows=110 width=0)
	        Index Cond: ((k >= 8634473) AND (k <= 8634573))

table 2 : explain SELECT k, c FROM sbtest2 WHERE k BETWEEN 8634473 AND 8634573
	Bitmap Heap Scan on sbtest2  (cost=5.43..389.37 rows=97 width=125)
	  Recheck Cond: ((k >= 8634473) AND (k <= 8634573))
	  ->  Bitmap Index Scan on k_2  (cost=0.00..5.40 rows=97 width=0)
	        Index Cond: ((k >= 8634473) AND (k <= 8634573))

table 3 : explain SELECT k, c FROM sbtest3 WHERE k BETWEEN 8634473 AND 8634573
	Bitmap Heap Scan on sbtest3  (cost=5.45..397.25 rows=99 width=125)
	  Recheck Cond: ((k >= 8634473) AND (k <= 8634573))
	  ->  Bitmap Index Scan on k_3  (cost=0.00..5.42 rows=99 width=0)
	        Index Cond: ((k >= 8634473) AND (k <= 8634573))

table 4 : explain SELECT k, c FROM sbtest4 WHERE k BETWEEN 8634473 AND 8634573
	Bitmap Heap Scan on sbtest4  (cost=5.46..401.19 rows=100 width=125)
	  Recheck Cond: ((k >= 8634473) AND (k <= 8634573))
	  ->  Bitmap Index Scan on k_4  (cost=0.00..5.43 rows=100 width=0)
	        Index Cond: ((k >= 8634473) AND (k <= 8634573))

table 5 : explain SELECT k, c FROM sbtest5 WHERE k BETWEEN 8634473 AND 8634573
	Bitmap Heap Scan on sbtest5  (cost=5.45..397.25 rows=99 width=125)
	  Recheck Cond: ((k >= 8634473) AND (k <= 8634573))
	  ->  Bitmap Index Scan on k_5  (cost=0.00..5.42 rows=99 width=0)
	        Index Cond: ((k >= 8634473) AND (k <= 8634573))

table 6 : explain SELECT k, c FROM sbtest6 WHERE k BETWEEN 8634473 AND 8634573
	Bitmap Heap Scan on sbtest6  (cost=5.55..436.62 rows=109 width=125)
	  Recheck Cond: ((k >= 8634473) AND (k <= 8634573))
	  ->  Bitmap Index Scan on k_6  (cost=0.00..5.52 rows=109 width=0)
	        Index Cond: ((k >= 8634473) AND (k <= 8634573))

table 7 : explain SELECT k, c FROM sbtest7 WHERE k BETWEEN 8634473 AND 8634573
	Bitmap Heap Scan on sbtest7  (cost=5.42..385.43 rows=96 width=125)
	  Recheck Cond: ((k >= 8634473) AND (k <= 8634573))
	  ->  Bitmap Index Scan on k_7  (cost=0.00..5.39 rows=96 width=0)
	        Index Cond: ((k >= 8634473) AND (k <= 8634573))

table 8 : explain SELECT k, c FROM sbtest8 WHERE k BETWEEN 8634473 AND 8634573
	Bitmap Heap Scan on sbtest8  (cost=5.55..436.62 rows=109 width=125)
	  Recheck Cond: ((k >= 8634473) AND (k <= 8634573))
	  ->  Bitmap Index Scan on k_8  (cost=0.00..5.52 rows=109 width=0)
	        Index Cond: ((k >= 8634473) AND (k <= 8634573))

explain: for range-notcovered :: explain SELECT k, c FROM sbtest%d WHERE k BETWEEN 8634473 AND 8634573
for range-notcovered
table 1 : explain SELECT k, c FROM sbtest1 WHERE k BETWEEN 5822583 AND 5822683
	Bitmap Heap Scan on sbtest1  (cost=5.43..389.37 rows=97 width=125)
	  Recheck Cond: ((k >= 5822583) AND (k <= 5822683))
	  ->  Bitmap Index Scan on k_1  (cost=0.00..5.40 rows=97 width=0)
	        Index Cond: ((k >= 5822583) AND (k <= 5822683))

table 2 : explain SELECT k, c FROM sbtest2 WHERE k BETWEEN 5822583 AND 5822683
	Bitmap Heap Scan on sbtest2  (cost=5.44..393.31 rows=98 width=125)
	  Recheck Cond: ((k >= 5822583) AND (k <= 5822683))
	  ->  Bitmap Index Scan on k_2  (cost=0.00..5.42 rows=98 width=0)
	        Index Cond: ((k >= 5822583) AND (k <= 5822683))

table 3 : explain SELECT k, c FROM sbtest3 WHERE k BETWEEN 5822583 AND 5822683
	Bitmap Heap Scan on sbtest3  (cost=5.50..416.94 rows=104 width=125)
	  Recheck Cond: ((k >= 5822583) AND (k <= 5822683))
	  ->  Bitmap Index Scan on k_3  (cost=0.00..5.47 rows=104 width=0)
	        Index Cond: ((k >= 5822583) AND (k <= 5822683))

table 4 : explain SELECT k, c FROM sbtest4 WHERE k BETWEEN 5822583 AND 5822683
	Bitmap Heap Scan on sbtest4  (cost=5.49..413.00 rows=103 width=125)
	  Recheck Cond: ((k >= 5822583) AND (k <= 5822683))
	  ->  Bitmap Index Scan on k_4  (cost=0.00..5.46 rows=103 width=0)
	        Index Cond: ((k >= 5822583) AND (k <= 5822683))

table 5 : explain SELECT k, c FROM sbtest5 WHERE k BETWEEN 5822583 AND 5822683
	Bitmap Heap Scan on sbtest5  (cost=5.45..397.25 rows=99 width=125)
	  Recheck Cond: ((k >= 5822583) AND (k <= 5822683))
	  ->  Bitmap Index Scan on k_5  (cost=0.00..5.42 rows=99 width=0)
	        Index Cond: ((k >= 5822583) AND (k <= 5822683))

table 6 : explain SELECT k, c FROM sbtest6 WHERE k BETWEEN 5822583 AND 5822683
	Bitmap Heap Scan on sbtest6  (cost=5.40..377.55 rows=94 width=125)
	  Recheck Cond: ((k >= 5822583) AND (k <= 5822683))
	  ->  Bitmap Index Scan on k_6  (cost=0.00..5.38 rows=94 width=0)
	        Index Cond: ((k >= 5822583) AND (k <= 5822683))

table 7 : explain SELECT k, c FROM sbtest7 WHERE k BETWEEN 5822583 AND 5822683
	Bitmap Heap Scan on sbtest7  (cost=5.49..413.00 rows=103 width=125)
	  Recheck Cond: ((k >= 5822583) AND (k <= 5822683))
	  ->  Bitmap Index Scan on k_7  (cost=0.00..5.46 rows=103 width=0)
	        Index Cond: ((k >= 5822583) AND (k <= 5822683))

table 8 : explain SELECT k, c FROM sbtest8 WHERE k BETWEEN 5822583 AND 5822683
	Bitmap Heap Scan on sbtest8  (cost=5.47..405.13 rows=101 width=125)
	  Recheck Cond: ((k >= 5822583) AND (k <= 5822683))
	  ->  Bitmap Index Scan on k_8  (cost=0.00..5.44 rows=101 width=0)
	        Index Cond: ((k >= 5822583) AND (k <= 5822683))

explain: for range-notcovered :: explain SELECT k, c FROM sbtest%d WHERE k BETWEEN 5822583 AND 5822683
for range-notcovered
table 1 : explain SELECT k, c FROM sbtest1 WHERE k BETWEEN 6971790 AND 6971890
	Bitmap Heap Scan on sbtest1  (cost=5.48..409.07 rows=102 width=125)
	  Recheck Cond: ((k >= 6971790) AND (k <= 6971890))
	  ->  Bitmap Index Scan on k_1  (cost=0.00..5.45 rows=102 width=0)
	        Index Cond: ((k >= 6971790) AND (k <= 6971890))

table 2 : explain SELECT k, c FROM sbtest2 WHERE k BETWEEN 6971790 AND 6971890
	Bitmap Heap Scan on sbtest2  (cost=5.55..436.62 rows=109 width=125)
	  Recheck Cond: ((k >= 6971790) AND (k <= 6971890))
	  ->  Bitmap Index Scan on k_2  (cost=0.00..5.52 rows=109 width=0)
	        Index Cond: ((k >= 6971790) AND (k <= 6971890))

table 3 : explain SELECT k, c FROM sbtest3 WHERE k BETWEEN 6971790 AND 6971890
	Bitmap Heap Scan on sbtest3  (cost=5.51..420.88 rows=105 width=125)
	  Recheck Cond: ((k >= 6971790) AND (k <= 6971890))
	  ->  Bitmap Index Scan on k_3  (cost=0.00..5.48 rows=105 width=0)
	        Index Cond: ((k >= 6971790) AND (k <= 6971890))

table 4 : explain SELECT k, c FROM sbtest4 WHERE k BETWEEN 6971790 AND 6971890
	Bitmap Heap Scan on sbtest4  (cost=5.57..444.49 rows=111 width=125)
	  Recheck Cond: ((k >= 6971790) AND (k <= 6971890))
	  ->  Bitmap Index Scan on k_4  (cost=0.00..5.54 rows=111 width=0)
	        Index Cond: ((k >= 6971790) AND (k <= 6971890))

table 5 : explain SELECT k, c FROM sbtest5 WHERE k BETWEEN 6971790 AND 6971890
	Bitmap Heap Scan on sbtest5  (cost=5.49..413.00 rows=103 width=125)
	  Recheck Cond: ((k >= 6971790) AND (k <= 6971890))
	  ->  Bitmap Index Scan on k_5  (cost=0.00..5.46 rows=103 width=0)
	        Index Cond: ((k >= 6971790) AND (k <= 6971890))

table 6 : explain SELECT k, c FROM sbtest6 WHERE k BETWEEN 6971790 AND 6971890
	Bitmap Heap Scan on sbtest6  (cost=5.46..401.19 rows=100 width=125)
	  Recheck Cond: ((k >= 6971790) AND (k <= 6971890))
	  ->  Bitmap Index Scan on k_6  (cost=0.00..5.43 rows=100 width=0)
	        Index Cond: ((k >= 6971790) AND (k <= 6971890))

table 7 : explain SELECT k, c FROM sbtest7 WHERE k BETWEEN 6971790 AND 6971890
	Bitmap Heap Scan on sbtest7  (cost=5.49..413.00 rows=103 width=125)
	  Recheck Cond: ((k >= 6971790) AND (k <= 6971890))
	  ->  Bitmap Index Scan on k_7  (cost=0.00..5.46 rows=103 width=0)
	        Index Cond: ((k >= 6971790) AND (k <= 6971890))

table 8 : explain SELECT k, c FROM sbtest8 WHERE k BETWEEN 6971790 AND 6971890
	Bitmap Heap Scan on sbtest8  (cost=5.60..456.29 rows=114 width=125)
	  Recheck Cond: ((k >= 6971790) AND (k <= 6971890))
	  ->  Bitmap Index Scan on k_8  (cost=0.00..5.58 rows=114 width=0)
	        Index Cond: ((k >= 6971790) AND (k <= 6971890))

for range-notcovered
table 1 : explain SELECT k, c FROM sbtest1 WHERE k BETWEEN 8634473 AND 8634573
	Bitmap Heap Scan on sbtest1  (cost=5.56..440.56 rows=110 width=125)
	  Recheck Cond: ((k >= 8634473) AND (k <= 8634573))
	  ->  Bitmap Index Scan on k_1  (cost=0.00..5.53 rows=110 width=0)
	        Index Cond: ((k >= 8634473) AND (k <= 8634573))

table 2 : explain SELECT k, c FROM sbtest2 WHERE k BETWEEN 8634473 AND 8634573
	Bitmap Heap Scan on sbtest2  (cost=5.43..389.37 rows=97 width=125)
	  Recheck Cond: ((k >= 8634473) AND (k <= 8634573))
	  ->  Bitmap Index Scan on k_2  (cost=0.00..5.40 rows=97 width=0)
	        Index Cond: ((k >= 8634473) AND (k <= 8634573))

table 3 : explain SELECT k, c FROM sbtest3 WHERE k BETWEEN 8634473 AND 8634573
	Bitmap Heap Scan on sbtest3  (cost=5.45..397.25 rows=99 width=125)
	  Recheck Cond: ((k >= 8634473) AND (k <= 8634573))
	  ->  Bitmap Index Scan on k_3  (cost=0.00..5.42 rows=99 width=0)
	        Index Cond: ((k >= 8634473) AND (k <= 8634573))

table 4 : explain SELECT k, c FROM sbtest4 WHERE k BETWEEN 8634473 AND 8634573
	Bitmap Heap Scan on sbtest4  (cost=5.46..401.19 rows=100 width=125)
	  Recheck Cond: ((k >= 8634473) AND (k <= 8634573))
	  ->  Bitmap Index Scan on k_4  (cost=0.00..5.43 rows=100 width=0)
	        Index Cond: ((k >= 8634473) AND (k <= 8634573))

table 5 : explain SELECT k, c FROM sbtest5 WHERE k BETWEEN 8634473 AND 8634573
	Bitmap Heap Scan on sbtest5  (cost=5.45..397.25 rows=99 width=125)
	  Recheck Cond: ((k >= 8634473) AND (k <= 8634573))
	  ->  Bitmap Index Scan on k_5  (cost=0.00..5.42 rows=99 width=0)
	        Index Cond: ((k >= 8634473) AND (k <= 8634573))

table 6 : explain SELECT k, c FROM sbtest6 WHERE k BETWEEN 8634473 AND 8634573
	Bitmap Heap Scan on sbtest6  (cost=5.55..436.62 rows=109 width=125)
	  Recheck Cond: ((k >= 8634473) AND (k <= 8634573))
	  ->  Bitmap Index Scan on k_6  (cost=0.00..5.52 rows=109 width=0)
	        Index Cond: ((k >= 8634473) AND (k <= 8634573))

table 7 : explain SELECT k, c FROM sbtest7 WHERE k BETWEEN 8634473 AND 8634573
	Bitmap Heap Scan on sbtest7  (cost=5.42..385.43 rows=96 width=125)
	  Recheck Cond: ((k >= 8634473) AND (k <= 8634573))
	  ->  Bitmap Index Scan on k_7  (cost=0.00..5.39 rows=96 width=0)
	        Index Cond: ((k >= 8634473) AND (k <= 8634573))

table 8 : explain SELECT k, c FROM sbtest8 WHERE k BETWEEN 8634473 AND 8634573
	Bitmap Heap Scan on sbtest8  (cost=5.55..436.62 rows=109 width=125)
	  Recheck Cond: ((k >= 8634473) AND (k <= 8634573))
	  ->  Bitmap Index Scan on k_8  (cost=0.00..5.52 rows=109 width=0)
	        Index Cond: ((k >= 8634473) AND (k <= 8634573))

explain: for range-notcovered :: explain SELECT k, c FROM sbtest%d WHERE k BETWEEN 8634473 AND 8634573
explain: for range-notcovered :: explain SELECT k, c FROM sbtest%d WHERE k BETWEEN 5509788 AND 5509888
for range-notcovered
table 1 : explain SELECT k, c FROM sbtest1 WHERE k BETWEEN 5822583 AND 5822683
	Bitmap Heap Scan on sbtest1  (cost=5.43..389.37 rows=97 width=125)
	  Recheck Cond: ((k >= 5822583) AND (k <= 5822683))
	  ->  Bitmap Index Scan on k_1  (cost=0.00..5.40 rows=97 width=0)
	        Index Cond: ((k >= 5822583) AND (k <= 5822683))

table 2 : explain SELECT k, c FROM sbtest2 WHERE k BETWEEN 5822583 AND 5822683
	Bitmap Heap Scan on sbtest2  (cost=5.44..393.31 rows=98 width=125)
	  Recheck Cond: ((k >= 5822583) AND (k <= 5822683))
	  ->  Bitmap Index Scan on k_2  (cost=0.00..5.42 rows=98 width=0)
	        Index Cond: ((k >= 5822583) AND (k <= 5822683))

table 3 : explain SELECT k, c FROM sbtest3 WHERE k BETWEEN 5822583 AND 5822683
	Bitmap Heap Scan on sbtest3  (cost=5.50..416.94 rows=104 width=125)
	  Recheck Cond: ((k >= 5822583) AND (k <= 5822683))
	  ->  Bitmap Index Scan on k_3  (cost=0.00..5.47 rows=104 width=0)
	        Index Cond: ((k >= 5822583) AND (k <= 5822683))

table 4 : explain SELECT k, c FROM sbtest4 WHERE k BETWEEN 5822583 AND 5822683
	Bitmap Heap Scan on sbtest4  (cost=5.49..413.00 rows=103 width=125)
	  Recheck Cond: ((k >= 5822583) AND (k <= 5822683))
	  ->  Bitmap Index Scan on k_4  (cost=0.00..5.46 rows=103 width=0)
	        Index Cond: ((k >= 5822583) AND (k <= 5822683))

table 5 : explain SELECT k, c FROM sbtest5 WHERE k BETWEEN 5822583 AND 5822683
	Bitmap Heap Scan on sbtest5  (cost=5.45..397.25 rows=99 width=125)
	  Recheck Cond: ((k >= 5822583) AND (k <= 5822683))
	  ->  Bitmap Index Scan on k_5  (cost=0.00..5.42 rows=99 width=0)
	        Index Cond: ((k >= 5822583) AND (k <= 5822683))

table 6 : explain SELECT k, c FROM sbtest6 WHERE k BETWEEN 5822583 AND 5822683
	Bitmap Heap Scan on sbtest6  (cost=5.40..377.55 rows=94 width=125)
	  Recheck Cond: ((k >= 5822583) AND (k <= 5822683))
	  ->  Bitmap Index Scan on k_6  (cost=0.00..5.38 rows=94 width=0)
	        Index Cond: ((k >= 5822583) AND (k <= 5822683))

table 7 : explain SELECT k, c FROM sbtest7 WHERE k BETWEEN 5822583 AND 5822683
	Bitmap Heap Scan on sbtest7  (cost=5.49..413.00 rows=103 width=125)
	  Recheck Cond: ((k >= 5822583) AND (k <= 5822683))
	  ->  Bitmap Index Scan on k_7  (cost=0.00..5.46 rows=103 width=0)
	        Index Cond: ((k >= 5822583) AND (k <= 5822683))

table 8 : explain SELECT k, c FROM sbtest8 WHERE k BETWEEN 5822583 AND 5822683
	Bitmap Heap Scan on sbtest8  (cost=5.47..405.13 rows=101 width=125)
	  Recheck Cond: ((k >= 5822583) AND (k <= 5822683))
	  ->  Bitmap Index Scan on k_8  (cost=0.00..5.44 rows=101 width=0)
	        Index Cond: ((k >= 5822583) AND (k <= 5822683))

explain: for range-notcovered :: explain SELECT k, c FROM sbtest%d WHERE k BETWEEN 5822583 AND 5822683
for range-notcovered
table 1 : explain SELECT k, c FROM sbtest1 WHERE k BETWEEN 7528609 AND 7528709
	Bitmap Heap Scan on sbtest1  (cost=5.42..385.43 rows=96 width=125)
	  Recheck Cond: ((k >= 7528609) AND (k <= 7528709))
	  ->  Bitmap Index Scan on k_1  (cost=0.00..5.39 rows=96 width=0)
	        Index Cond: ((k >= 7528609) AND (k <= 7528709))

table 2 : explain SELECT k, c FROM sbtest2 WHERE k BETWEEN 7528609 AND 7528709
	Bitmap Heap Scan on sbtest2  (cost=5.45..397.25 rows=99 width=125)
	  Recheck Cond: ((k >= 7528609) AND (k <= 7528709))
	  ->  Bitmap Index Scan on k_2  (cost=0.00..5.42 rows=99 width=0)
	        Index Cond: ((k >= 7528609) AND (k <= 7528709))

table 3 : explain SELECT k, c FROM sbtest3 WHERE k BETWEEN 7528609 AND 7528709
	Bitmap Heap Scan on sbtest3  (cost=5.44..393.31 rows=98 width=125)
	  Recheck Cond: ((k >= 7528609) AND (k <= 7528709))
	  ->  Bitmap Index Scan on k_3  (cost=0.00..5.42 rows=98 width=0)
	        Index Cond: ((k >= 7528609) AND (k <= 7528709))

table 4 : explain SELECT k, c FROM sbtest4 WHERE k BETWEEN 7528609 AND 7528709
	Bitmap Heap Scan on sbtest4  (cost=5.40..377.55 rows=94 width=125)
	  Recheck Cond: ((k >= 7528609) AND (k <= 7528709))
	  ->  Bitmap Index Scan on k_4  (cost=0.00..5.38 rows=94 width=0)
	        Index Cond: ((k >= 7528609) AND (k <= 7528709))

table 5 : explain SELECT k, c FROM sbtest5 WHERE k BETWEEN 7528609 AND 7528709
	Bitmap Heap Scan on sbtest5  (cost=5.54..432.69 rows=108 width=125)
	  Recheck Cond: ((k >= 7528609) AND (k <= 7528709))
	  ->  Bitmap Index Scan on k_5  (cost=0.00..5.51 rows=108 width=0)
	        Index Cond: ((k >= 7528609) AND (k <= 7528709))

table 6 : explain SELECT k, c FROM sbtest6 WHERE k BETWEEN 7528609 AND 7528709
	Bitmap Heap Scan on sbtest6  (cost=5.43..389.37 rows=97 width=125)
	  Recheck Cond: ((k >= 7528609) AND (k <= 7528709))
	  ->  Bitmap Index Scan on k_6  (cost=0.00..5.40 rows=97 width=0)
	        Index Cond: ((k >= 7528609) AND (k <= 7528709))

table 7 : explain SELECT k, c FROM sbtest7 WHERE k BETWEEN 7528609 AND 7528709
	Bitmap Heap Scan on sbtest7  (cost=5.49..413.00 rows=103 width=125)
	  Recheck Cond: ((k >= 7528609) AND (k <= 7528709))
	  ->  Bitmap Index Scan on k_7  (cost=0.00..5.46 rows=103 width=0)
	        Index Cond: ((k >= 7528609) AND (k <= 7528709))

table 8 : explain SELECT k, c FROM sbtest8 WHERE k BETWEEN 7528609 AND 7528709
	Bitmap Heap Scan on sbtest8  (cost=5.61..460.22 rows=115 width=125)
	  Recheck Cond: ((k >= 7528609) AND (k <= 7528709))
	  ->  Bitmap Index Scan on k_8  (cost=0.00..5.58 rows=115 width=0)
	        Index Cond: ((k >= 7528609) AND (k <= 7528709))

for range-notcovered
table 1 : explain SELECT k, c FROM sbtest1 WHERE k BETWEEN 8634473 AND 8634573
	Bitmap Heap Scan on sbtest1  (cost=5.56..440.56 rows=110 width=125)
	  Recheck Cond: ((k >= 8634473) AND (k <= 8634573))
	  ->  Bitmap Index Scan on k_1  (cost=0.00..5.53 rows=110 width=0)
	        Index Cond: ((k >= 8634473) AND (k <= 8634573))

table 2 : explain SELECT k, c FROM sbtest2 WHERE k BETWEEN 8634473 AND 8634573
	Bitmap Heap Scan on sbtest2  (cost=5.43..389.37 rows=97 width=125)
	  Recheck Cond: ((k >= 8634473) AND (k <= 8634573))
	  ->  Bitmap Index Scan on k_2  (cost=0.00..5.40 rows=97 width=0)
	        Index Cond: ((k >= 8634473) AND (k <= 8634573))

table 3 : explain SELECT k, c FROM sbtest3 WHERE k BETWEEN 8634473 AND 8634573
	Bitmap Heap Scan on sbtest3  (cost=5.45..397.25 rows=99 width=125)
	  Recheck Cond: ((k >= 8634473) AND (k <= 8634573))
	  ->  Bitmap Index Scan on k_3  (cost=0.00..5.42 rows=99 width=0)
	        Index Cond: ((k >= 8634473) AND (k <= 8634573))

table 4 : explain SELECT k, c FROM sbtest4 WHERE k BETWEEN 8634473 AND 8634573
	Bitmap Heap Scan on sbtest4  (cost=5.46..401.19 rows=100 width=125)
	  Recheck Cond: ((k >= 8634473) AND (k <= 8634573))
	  ->  Bitmap Index Scan on k_4  (cost=0.00..5.43 rows=100 width=0)
	        Index Cond: ((k >= 8634473) AND (k <= 8634573))

table 5 : explain SELECT k, c FROM sbtest5 WHERE k BETWEEN 8634473 AND 8634573
	Bitmap Heap Scan on sbtest5  (cost=5.45..397.25 rows=99 width=125)
	  Recheck Cond: ((k >= 8634473) AND (k <= 8634573))
	  ->  Bitmap Index Scan on k_5  (cost=0.00..5.42 rows=99 width=0)
	        Index Cond: ((k >= 8634473) AND (k <= 8634573))

table 6 : explain SELECT k, c FROM sbtest6 WHERE k BETWEEN 8634473 AND 8634573
	Bitmap Heap Scan on sbtest6  (cost=5.55..436.62 rows=109 width=125)
	  Recheck Cond: ((k >= 8634473) AND (k <= 8634573))
	  ->  Bitmap Index Scan on k_6  (cost=0.00..5.52 rows=109 width=0)
	        Index Cond: ((k >= 8634473) AND (k <= 8634573))

table 7 : explain SELECT k, c FROM sbtest7 WHERE k BETWEEN 8634473 AND 8634573
	Bitmap Heap Scan on sbtest7  (cost=5.42..385.43 rows=96 width=125)
	  Recheck Cond: ((k >= 8634473) AND (k <= 8634573))
	  ->  Bitmap Index Scan on k_7  (cost=0.00..5.39 rows=96 width=0)
	        Index Cond: ((k >= 8634473) AND (k <= 8634573))

table 8 : explain SELECT k, c FROM sbtest8 WHERE k BETWEEN 8634473 AND 8634573
	Bitmap Heap Scan on sbtest8  (cost=5.55..436.62 rows=109 width=125)
	  Recheck Cond: ((k >= 8634473) AND (k <= 8634573))
	  ->  Bitmap Index Scan on k_8  (cost=0.00..5.52 rows=109 width=0)
	        Index Cond: ((k >= 8634473) AND (k <= 8634573))

for range-notcovered
table 1 : explain SELECT k, c FROM sbtest1 WHERE k BETWEEN 7066921 AND 7067021
	Bitmap Heap Scan on sbtest1  (cost=5.55..436.62 rows=109 width=125)
	  Recheck Cond: ((k >= 7066921) AND (k <= 7067021))
	  ->  Bitmap Index Scan on k_1  (cost=0.00..5.52 rows=109 width=0)
	        Index Cond: ((k >= 7066921) AND (k <= 7067021))

table 2 : explain SELECT k, c FROM sbtest2 WHERE k BETWEEN 7066921 AND 7067021
	Bitmap Heap Scan on sbtest2  (cost=5.44..393.31 rows=98 width=125)
	  Recheck Cond: ((k >= 7066921) AND (k <= 7067021))
	  ->  Bitmap Index Scan on k_2  (cost=0.00..5.42 rows=98 width=0)
	        Index Cond: ((k >= 7066921) AND (k <= 7067021))

table 3 : explain SELECT k, c FROM sbtest3 WHERE k BETWEEN 7066921 AND 7067021
	Bitmap Heap Scan on sbtest3  (cost=5.56..440.56 rows=110 width=125)
	  Recheck Cond: ((k >= 7066921) AND (k <= 7067021))
	  ->  Bitmap Index Scan on k_3  (cost=0.00..5.53 rows=110 width=0)
	        Index Cond: ((k >= 7066921) AND (k <= 7067021))

table 4 : explain SELECT k, c FROM sbtest4 WHERE k BETWEEN 7066921 AND 7067021
	Bitmap Heap Scan on sbtest4  (cost=5.49..413.00 rows=103 width=125)
	  Recheck Cond: ((k >= 7066921) AND (k <= 7067021))
	  ->  Bitmap Index Scan on k_4  (cost=0.00..5.46 rows=103 width=0)
	        Index Cond: ((k >= 7066921) AND (k <= 7067021))

table 5 : explain SELECT k, c FROM sbtest5 WHERE k BETWEEN 7066921 AND 7067021
	Bitmap Heap Scan on sbtest5  (cost=5.43..389.37 rows=97 width=125)
	  Recheck Cond: ((k >= 7066921) AND (k <= 7067021))
	  ->  Bitmap Index Scan on k_5  (cost=0.00..5.40 rows=97 width=0)
	        Index Cond: ((k >= 7066921) AND (k <= 7067021))

table 6 : explain SELECT k, c FROM sbtest6 WHERE k BETWEEN 7066921 AND 7067021
	Bitmap Heap Scan on sbtest6  (cost=5.57..444.49 rows=111 width=125)
	  Recheck Cond: ((k >= 7066921) AND (k <= 7067021))
	  ->  Bitmap Index Scan on k_6  (cost=0.00..5.54 rows=111 width=0)
	        Index Cond: ((k >= 7066921) AND (k <= 7067021))

table 7 : explain SELECT k, c FROM sbtest7 WHERE k BETWEEN 7066921 AND 7067021
	Bitmap Heap Scan on sbtest7  (cost=5.52..424.81 rows=106 width=125)
	  Recheck Cond: ((k >= 7066921) AND (k <= 7067021))
	  ->  Bitmap Index Scan on k_7  (cost=0.00..5.50 rows=106 width=0)
	        Index Cond: ((k >= 7066921) AND (k <= 7067021))

table 8 : explain SELECT k, c FROM sbtest8 WHERE k BETWEEN 7066921 AND 7067021
	Bitmap Heap Scan on sbtest8  (cost=5.46..401.19 rows=100 width=125)
	  Recheck Cond: ((k >= 7066921) AND (k <= 7067021))
	  ->  Bitmap Index Scan on k_8  (cost=0.00..5.43 rows=100 width=0)
	        Index Cond: ((k >= 7066921) AND (k <= 7067021))

explain: for range-notcovered :: explain SELECT k, c FROM sbtest%d WHERE k BETWEEN 8634473 AND 8634573
explain: for range-notcovered :: explain SELECT k, c FROM sbtest%d WHERE k BETWEEN 8428207 AND 8428307
for range-notcovered
table 1 : explain SELECT k, c FROM sbtest1 WHERE k BETWEEN 1084689 AND 1084789
	Bitmap Heap Scan on sbtest1  (cost=5.44..393.31 rows=98 width=125)
	  Recheck Cond: ((k >= 1084689) AND (k <= 1084789))
	  ->  Bitmap Index Scan on k_1  (cost=0.00..5.42 rows=98 width=0)
	        Index Cond: ((k >= 1084689) AND (k <= 1084789))

table 2 : explain SELECT k, c FROM sbtest2 WHERE k BETWEEN 1084689 AND 1084789
	Bitmap Heap Scan on sbtest2  (cost=5.45..397.25 rows=99 width=125)
	  Recheck Cond: ((k >= 1084689) AND (k <= 1084789))
	  ->  Bitmap Index Scan on k_2  (cost=0.00..5.42 rows=99 width=0)
	        Index Cond: ((k >= 1084689) AND (k <= 1084789))

table 3 : explain SELECT k, c FROM sbtest3 WHERE k BETWEEN 1084689 AND 1084789
	Bitmap Heap Scan on sbtest3  (cost=5.39..373.61 rows=93 width=125)
	  Recheck Cond: ((k >= 1084689) AND (k <= 1084789))
	  ->  Bitmap Index Scan on k_3  (cost=0.00..5.36 rows=93 width=0)
	        Index Cond: ((k >= 1084689) AND (k <= 1084789))

table 4 : explain SELECT k, c FROM sbtest4 WHERE k BETWEEN 1084689 AND 1084789
	Bitmap Heap Scan on sbtest4  (cost=5.47..405.13 rows=101 width=125)
	  Recheck Cond: ((k >= 1084689) AND (k <= 1084789))
	  ->  Bitmap Index Scan on k_4  (cost=0.00..5.44 rows=101 width=0)
	        Index Cond: ((k >= 1084689) AND (k <= 1084789))

table 5 : explain SELECT k, c FROM sbtest5 WHERE k BETWEEN 1084689 AND 1084789
	Bitmap Heap Scan on sbtest5  (cost=5.47..405.13 rows=101 width=125)
	  Recheck Cond: ((k >= 1084689) AND (k <= 1084789))
	  ->  Bitmap Index Scan on k_5  (cost=0.00..5.44 rows=101 width=0)
	        Index Cond: ((k >= 1084689) AND (k <= 1084789))

table 6 : explain SELECT k, c FROM sbtest6 WHERE k BETWEEN 1084689 AND 1084789
	Bitmap Heap Scan on sbtest6  (cost=5.43..389.37 rows=97 width=125)
	  Recheck Cond: ((k >= 1084689) AND (k <= 1084789))
	  ->  Bitmap Index Scan on k_6  (cost=0.00..5.40 rows=97 width=0)
	        Index Cond: ((k >= 1084689) AND (k <= 1084789))

table 7 : explain SELECT k, c FROM sbtest7 WHERE k BETWEEN 1084689 AND 1084789
	Bitmap Heap Scan on sbtest7  (cost=5.55..436.62 rows=109 width=125)
	  Recheck Cond: ((k >= 1084689) AND (k <= 1084789))
	  ->  Bitmap Index Scan on k_7  (cost=0.00..5.52 rows=109 width=0)
	        Index Cond: ((k >= 1084689) AND (k <= 1084789))

table 8 : explain SELECT k, c FROM sbtest8 WHERE k BETWEEN 1084689 AND 1084789
	Bitmap Heap Scan on sbtest8  (cost=5.46..401.19 rows=100 width=125)
	  Recheck Cond: ((k >= 1084689) AND (k <= 1084789))
	  ->  Bitmap Index Scan on k_8  (cost=0.00..5.43 rows=100 width=0)
	        Index Cond: ((k >= 1084689) AND (k <= 1084789))

explain: for range-notcovered :: explain SELECT k, c FROM sbtest%d WHERE k BETWEEN 7528609 AND 7528709
explain: for range-notcovered :: explain SELECT k, c FROM sbtest%d WHERE k BETWEEN 7066921 AND 7067021
explain: for range-notcovered :: explain SELECT k, c FROM sbtest%d WHERE k BETWEEN 4796999 AND 4797099
for range-notcovered
table 1 : explain SELECT k, c FROM sbtest1 WHERE k BETWEEN 8634473 AND 8634573
	Bitmap Heap Scan on sbtest1  (cost=5.56..440.56 rows=110 width=125)
	  Recheck Cond: ((k >= 8634473) AND (k <= 8634573))
	  ->  Bitmap Index Scan on k_1  (cost=0.00..5.53 rows=110 width=0)
	        Index Cond: ((k >= 8634473) AND (k <= 8634573))

table 2 : explain SELECT k, c FROM sbtest2 WHERE k BETWEEN 8634473 AND 8634573
	Bitmap Heap Scan on sbtest2  (cost=5.43..389.37 rows=97 width=125)
	  Recheck Cond: ((k >= 8634473) AND (k <= 8634573))
	  ->  Bitmap Index Scan on k_2  (cost=0.00..5.40 rows=97 width=0)
	        Index Cond: ((k >= 8634473) AND (k <= 8634573))

table 3 : explain SELECT k, c FROM sbtest3 WHERE k BETWEEN 8634473 AND 8634573
	Bitmap Heap Scan on sbtest3  (cost=5.45..397.25 rows=99 width=125)
	  Recheck Cond: ((k >= 8634473) AND (k <= 8634573))
	  ->  Bitmap Index Scan on k_3  (cost=0.00..5.42 rows=99 width=0)
	        Index Cond: ((k >= 8634473) AND (k <= 8634573))

table 4 : explain SELECT k, c FROM sbtest4 WHERE k BETWEEN 8634473 AND 8634573
	Bitmap Heap Scan on sbtest4  (cost=5.46..401.19 rows=100 width=125)
	  Recheck Cond: ((k >= 8634473) AND (k <= 8634573))
	  ->  Bitmap Index Scan on k_4  (cost=0.00..5.43 rows=100 width=0)
	        Index Cond: ((k >= 8634473) AND (k <= 8634573))

table 5 : explain SELECT k, c FROM sbtest5 WHERE k BETWEEN 8634473 AND 8634573
	Bitmap Heap Scan on sbtest5  (cost=5.45..397.25 rows=99 width=125)
	  Recheck Cond: ((k >= 8634473) AND (k <= 8634573))
	  ->  Bitmap Index Scan on k_5  (cost=0.00..5.42 rows=99 width=0)
	        Index Cond: ((k >= 8634473) AND (k <= 8634573))

table 6 : explain SELECT k, c FROM sbtest6 WHERE k BETWEEN 8634473 AND 8634573
	Bitmap Heap Scan on sbtest6  (cost=5.55..436.62 rows=109 width=125)
	  Recheck Cond: ((k >= 8634473) AND (k <= 8634573))
	  ->  Bitmap Index Scan on k_6  (cost=0.00..5.52 rows=109 width=0)
	        Index Cond: ((k >= 8634473) AND (k <= 8634573))

table 7 : explain SELECT k, c FROM sbtest7 WHERE k BETWEEN 8634473 AND 8634573
	Bitmap Heap Scan on sbtest7  (cost=5.42..385.43 rows=96 width=125)
	  Recheck Cond: ((k >= 8634473) AND (k <= 8634573))
	  ->  Bitmap Index Scan on k_7  (cost=0.00..5.39 rows=96 width=0)
	        Index Cond: ((k >= 8634473) AND (k <= 8634573))

table 8 : explain SELECT k, c FROM sbtest8 WHERE k BETWEEN 8634473 AND 8634573
	Bitmap Heap Scan on sbtest8  (cost=5.55..436.62 rows=109 width=125)
	  Recheck Cond: ((k >= 8634473) AND (k <= 8634573))
	  ->  Bitmap Index Scan on k_8  (cost=0.00..5.52 rows=109 width=0)
	        Index Cond: ((k >= 8634473) AND (k <= 8634573))

explain: for range-notcovered :: explain SELECT k, c FROM sbtest%d WHERE k BETWEEN 6367509 AND 6367609
for range-notcovered
table 1 : explain SELECT k, c FROM sbtest1 WHERE k BETWEEN 7528609 AND 7528709
	Bitmap Heap Scan on sbtest1  (cost=5.42..385.43 rows=96 width=125)
	  Recheck Cond: ((k >= 7528609) AND (k <= 7528709))
	  ->  Bitmap Index Scan on k_1  (cost=0.00..5.39 rows=96 width=0)
	        Index Cond: ((k >= 7528609) AND (k <= 7528709))

table 2 : explain SELECT k, c FROM sbtest2 WHERE k BETWEEN 7528609 AND 7528709
	Bitmap Heap Scan on sbtest2  (cost=5.45..397.25 rows=99 width=125)
	  Recheck Cond: ((k >= 7528609) AND (k <= 7528709))
	  ->  Bitmap Index Scan on k_2  (cost=0.00..5.42 rows=99 width=0)
	        Index Cond: ((k >= 7528609) AND (k <= 7528709))

table 3 : explain SELECT k, c FROM sbtest3 WHERE k BETWEEN 7528609 AND 7528709
	Bitmap Heap Scan on sbtest3  (cost=5.44..393.31 rows=98 width=125)
	  Recheck Cond: ((k >= 7528609) AND (k <= 7528709))
	  ->  Bitmap Index Scan on k_3  (cost=0.00..5.42 rows=98 width=0)
	        Index Cond: ((k >= 7528609) AND (k <= 7528709))

table 4 : explain SELECT k, c FROM sbtest4 WHERE k BETWEEN 7528609 AND 7528709
	Bitmap Heap Scan on sbtest4  (cost=5.40..377.55 rows=94 width=125)
	  Recheck Cond: ((k >= 7528609) AND (k <= 7528709))
	  ->  Bitmap Index Scan on k_4  (cost=0.00..5.38 rows=94 width=0)
	        Index Cond: ((k >= 7528609) AND (k <= 7528709))

table 5 : explain SELECT k, c FROM sbtest5 WHERE k BETWEEN 7528609 AND 7528709
	Bitmap Heap Scan on sbtest5  (cost=5.54..432.69 rows=108 width=125)
	  Recheck Cond: ((k >= 7528609) AND (k <= 7528709))
	  ->  Bitmap Index Scan on k_5  (cost=0.00..5.51 rows=108 width=0)
	        Index Cond: ((k >= 7528609) AND (k <= 7528709))

table 6 : explain SELECT k, c FROM sbtest6 WHERE k BETWEEN 7528609 AND 7528709
	Bitmap Heap Scan on sbtest6  (cost=5.43..389.37 rows=97 width=125)
	  Recheck Cond: ((k >= 7528609) AND (k <= 7528709))
	  ->  Bitmap Index Scan on k_6  (cost=0.00..5.40 rows=97 width=0)
	        Index Cond: ((k >= 7528609) AND (k <= 7528709))

table 7 : explain SELECT k, c FROM sbtest7 WHERE k BETWEEN 7528609 AND 7528709
	Bitmap Heap Scan on sbtest7  (cost=5.49..413.00 rows=103 width=125)
	  Recheck Cond: ((k >= 7528609) AND (k <= 7528709))
	  ->  Bitmap Index Scan on k_7  (cost=0.00..5.46 rows=103 width=0)
	        Index Cond: ((k >= 7528609) AND (k <= 7528709))

table 8 : explain SELECT k, c FROM sbtest8 WHERE k BETWEEN 7528609 AND 7528709
	Bitmap Heap Scan on sbtest8  (cost=5.61..460.22 rows=115 width=125)
	  Recheck Cond: ((k >= 7528609) AND (k <= 7528709))
	  ->  Bitmap Index Scan on k_8  (cost=0.00..5.58 rows=115 width=0)
	        Index Cond: ((k >= 7528609) AND (k <= 7528709))

for range-notcovered
table 1 : explain SELECT k, c FROM sbtest1 WHERE k BETWEEN 7066921 AND 7067021
	Bitmap Heap Scan on sbtest1  (cost=5.55..436.62 rows=109 width=125)
	  Recheck Cond: ((k >= 7066921) AND (k <= 7067021))
	  ->  Bitmap Index Scan on k_1  (cost=0.00..5.52 rows=109 width=0)
	        Index Cond: ((k >= 7066921) AND (k <= 7067021))

table 2 : explain SELECT k, c FROM sbtest2 WHERE k BETWEEN 7066921 AND 7067021
	Bitmap Heap Scan on sbtest2  (cost=5.44..393.31 rows=98 width=125)
	  Recheck Cond: ((k >= 7066921) AND (k <= 7067021))
	  ->  Bitmap Index Scan on k_2  (cost=0.00..5.42 rows=98 width=0)
	        Index Cond: ((k >= 7066921) AND (k <= 7067021))

table 3 : explain SELECT k, c FROM sbtest3 WHERE k BETWEEN 7066921 AND 7067021
	Bitmap Heap Scan on sbtest3  (cost=5.56..440.56 rows=110 width=125)
	  Recheck Cond: ((k >= 7066921) AND (k <= 7067021))
	  ->  Bitmap Index Scan on k_3  (cost=0.00..5.53 rows=110 width=0)
	        Index Cond: ((k >= 7066921) AND (k <= 7067021))

table 4 : explain SELECT k, c FROM sbtest4 WHERE k BETWEEN 7066921 AND 7067021
	Bitmap Heap Scan on sbtest4  (cost=5.49..413.00 rows=103 width=125)
	  Recheck Cond: ((k >= 7066921) AND (k <= 7067021))
	  ->  Bitmap Index Scan on k_4  (cost=0.00..5.46 rows=103 width=0)
	        Index Cond: ((k >= 7066921) AND (k <= 7067021))

table 5 : explain SELECT k, c FROM sbtest5 WHERE k BETWEEN 7066921 AND 7067021
	Bitmap Heap Scan on sbtest5  (cost=5.43..389.37 rows=97 width=125)
	  Recheck Cond: ((k >= 7066921) AND (k <= 7067021))
	  ->  Bitmap Index Scan on k_5  (cost=0.00..5.40 rows=97 width=0)
	        Index Cond: ((k >= 7066921) AND (k <= 7067021))

table 6 : explain SELECT k, c FROM sbtest6 WHERE k BETWEEN 7066921 AND 7067021
	Bitmap Heap Scan on sbtest6  (cost=5.57..444.49 rows=111 width=125)
	  Recheck Cond: ((k >= 7066921) AND (k <= 7067021))
	  ->  Bitmap Index Scan on k_6  (cost=0.00..5.54 rows=111 width=0)
	        Index Cond: ((k >= 7066921) AND (k <= 7067021))

table 7 : explain SELECT k, c FROM sbtest7 WHERE k BETWEEN 7066921 AND 7067021
	Bitmap Heap Scan on sbtest7  (cost=5.52..424.81 rows=106 width=125)
	  Recheck Cond: ((k >= 7066921) AND (k <= 7067021))
	  ->  Bitmap Index Scan on k_7  (cost=0.00..5.50 rows=106 width=0)
	        Index Cond: ((k >= 7066921) AND (k <= 7067021))

table 8 : explain SELECT k, c FROM sbtest8 WHERE k BETWEEN 7066921 AND 7067021
	Bitmap Heap Scan on sbtest8  (cost=5.46..401.19 rows=100 width=125)
	  Recheck Cond: ((k >= 7066921) AND (k <= 7067021))
	  ->  Bitmap Index Scan on k_8  (cost=0.00..5.43 rows=100 width=0)
	        Index Cond: ((k >= 7066921) AND (k <= 7067021))

explain: for range-notcovered :: explain SELECT k, c FROM sbtest%d WHERE k BETWEEN 7528609 AND 7528709
explain: for range-notcovered :: explain SELECT k, c FROM sbtest%d WHERE k BETWEEN 4822140 AND 4822240
explain: for range-notcovered :: explain SELECT k, c FROM sbtest%d WHERE k BETWEEN 5514431 AND 5514531
for range-notcovered
table 1 : explain SELECT k, c FROM sbtest1 WHERE k BETWEEN 5822583 AND 5822683
	Bitmap Heap Scan on sbtest1  (cost=5.43..389.37 rows=97 width=125)
	  Recheck Cond: ((k >= 5822583) AND (k <= 5822683))
	  ->  Bitmap Index Scan on k_1  (cost=0.00..5.40 rows=97 width=0)
	        Index Cond: ((k >= 5822583) AND (k <= 5822683))

table 2 : explain SELECT k, c FROM sbtest2 WHERE k BETWEEN 5822583 AND 5822683
	Bitmap Heap Scan on sbtest2  (cost=5.44..393.31 rows=98 width=125)
	  Recheck Cond: ((k >= 5822583) AND (k <= 5822683))
	  ->  Bitmap Index Scan on k_2  (cost=0.00..5.42 rows=98 width=0)
	        Index Cond: ((k >= 5822583) AND (k <= 5822683))

table 3 : explain SELECT k, c FROM sbtest3 WHERE k BETWEEN 5822583 AND 5822683
	Bitmap Heap Scan on sbtest3  (cost=5.50..416.94 rows=104 width=125)
	  Recheck Cond: ((k >= 5822583) AND (k <= 5822683))
	  ->  Bitmap Index Scan on k_3  (cost=0.00..5.47 rows=104 width=0)
	        Index Cond: ((k >= 5822583) AND (k <= 5822683))

table 4 : explain SELECT k, c FROM sbtest4 WHERE k BETWEEN 5822583 AND 5822683
	Bitmap Heap Scan on sbtest4  (cost=5.49..413.00 rows=103 width=125)
	  Recheck Cond: ((k >= 5822583) AND (k <= 5822683))
	  ->  Bitmap Index Scan on k_4  (cost=0.00..5.46 rows=103 width=0)
	        Index Cond: ((k >= 5822583) AND (k <= 5822683))

table 5 : explain SELECT k, c FROM sbtest5 WHERE k BETWEEN 5822583 AND 5822683
	Bitmap Heap Scan on sbtest5  (cost=5.45..397.25 rows=99 width=125)
	  Recheck Cond: ((k >= 5822583) AND (k <= 5822683))
	  ->  Bitmap Index Scan on k_5  (cost=0.00..5.42 rows=99 width=0)
	        Index Cond: ((k >= 5822583) AND (k <= 5822683))

table 6 : explain SELECT k, c FROM sbtest6 WHERE k BETWEEN 5822583 AND 5822683
	Bitmap Heap Scan on sbtest6  (cost=5.40..377.55 rows=94 width=125)
	  Recheck Cond: ((k >= 5822583) AND (k <= 5822683))
	  ->  Bitmap Index Scan on k_6  (cost=0.00..5.38 rows=94 width=0)
	        Index Cond: ((k >= 5822583) AND (k <= 5822683))

table 7 : explain SELECT k, c FROM sbtest7 WHERE k BETWEEN 5822583 AND 5822683
	Bitmap Heap Scan on sbtest7  (cost=5.49..413.00 rows=103 width=125)
	  Recheck Cond: ((k >= 5822583) AND (k <= 5822683))
	  ->  Bitmap Index Scan on k_7  (cost=0.00..5.46 rows=103 width=0)
	        Index Cond: ((k >= 5822583) AND (k <= 5822683))

table 8 : explain SELECT k, c FROM sbtest8 WHERE k BETWEEN 5822583 AND 5822683
	Bitmap Heap Scan on sbtest8  (cost=5.47..405.13 rows=101 width=125)
	  Recheck Cond: ((k >= 5822583) AND (k <= 5822683))
	  ->  Bitmap Index Scan on k_8  (cost=0.00..5.44 rows=101 width=0)
	        Index Cond: ((k >= 5822583) AND (k <= 5822683))

explain: for range-notcovered :: explain SELECT k, c FROM sbtest%d WHERE k BETWEEN 5822583 AND 5822683
for range-notcovered
table 1 : explain SELECT k, c FROM sbtest1 WHERE k BETWEEN 7528609 AND 7528709
	Bitmap Heap Scan on sbtest1  (cost=5.42..385.43 rows=96 width=125)
	  Recheck Cond: ((k >= 7528609) AND (k <= 7528709))
	  ->  Bitmap Index Scan on k_1  (cost=0.00..5.39 rows=96 width=0)
	        Index Cond: ((k >= 7528609) AND (k <= 7528709))

table 2 : explain SELECT k, c FROM sbtest2 WHERE k BETWEEN 7528609 AND 7528709
	Bitmap Heap Scan on sbtest2  (cost=5.45..397.25 rows=99 width=125)
	  Recheck Cond: ((k >= 7528609) AND (k <= 7528709))
	  ->  Bitmap Index Scan on k_2  (cost=0.00..5.42 rows=99 width=0)
	        Index Cond: ((k >= 7528609) AND (k <= 7528709))

table 3 : explain SELECT k, c FROM sbtest3 WHERE k BETWEEN 7528609 AND 7528709
	Bitmap Heap Scan on sbtest3  (cost=5.44..393.31 rows=98 width=125)
	  Recheck Cond: ((k >= 7528609) AND (k <= 7528709))
	  ->  Bitmap Index Scan on k_3  (cost=0.00..5.42 rows=98 width=0)
	        Index Cond: ((k >= 7528609) AND (k <= 7528709))

table 4 : explain SELECT k, c FROM sbtest4 WHERE k BETWEEN 7528609 AND 7528709
	Bitmap Heap Scan on sbtest4  (cost=5.40..377.55 rows=94 width=125)
	  Recheck Cond: ((k >= 7528609) AND (k <= 7528709))
	  ->  Bitmap Index Scan on k_4  (cost=0.00..5.38 rows=94 width=0)
	        Index Cond: ((k >= 7528609) AND (k <= 7528709))

table 5 : explain SELECT k, c FROM sbtest5 WHERE k BETWEEN 7528609 AND 7528709
	Bitmap Heap Scan on sbtest5  (cost=5.54..432.69 rows=108 width=125)
	  Recheck Cond: ((k >= 7528609) AND (k <= 7528709))
	  ->  Bitmap Index Scan on k_5  (cost=0.00..5.51 rows=108 width=0)
	        Index Cond: ((k >= 7528609) AND (k <= 7528709))

table 6 : explain SELECT k, c FROM sbtest6 WHERE k BETWEEN 7528609 AND 7528709
	Bitmap Heap Scan on sbtest6  (cost=5.43..389.37 rows=97 width=125)
	  Recheck Cond: ((k >= 7528609) AND (k <= 7528709))
	  ->  Bitmap Index Scan on k_6  (cost=0.00..5.40 rows=97 width=0)
	        Index Cond: ((k >= 7528609) AND (k <= 7528709))

table 7 : explain SELECT k, c FROM sbtest7 WHERE k BETWEEN 7528609 AND 7528709
	Bitmap Heap Scan on sbtest7  (cost=5.49..413.00 rows=103 width=125)
	  Recheck Cond: ((k >= 7528609) AND (k <= 7528709))
	  ->  Bitmap Index Scan on k_7  (cost=0.00..5.46 rows=103 width=0)
	        Index Cond: ((k >= 7528609) AND (k <= 7528709))

table 8 : explain SELECT k, c FROM sbtest8 WHERE k BETWEEN 7528609 AND 7528709
	Bitmap Heap Scan on sbtest8  (cost=5.61..460.22 rows=115 width=125)
	  Recheck Cond: ((k >= 7528609) AND (k <= 7528709))
	  ->  Bitmap Index Scan on k_8  (cost=0.00..5.58 rows=115 width=0)
	        Index Cond: ((k >= 7528609) AND (k <= 7528709))

explain: for range-notcovered :: explain SELECT k, c FROM sbtest%d WHERE k BETWEEN 7528609 AND 7528709
for range-notcovered
table 1 : explain SELECT k, c FROM sbtest1 WHERE k BETWEEN 8428207 AND 8428307
	Bitmap Heap Scan on sbtest1  (cost=5.45..397.25 rows=99 width=125)
	  Recheck Cond: ((k >= 8428207) AND (k <= 8428307))
	  ->  Bitmap Index Scan on k_1  (cost=0.00..5.42 rows=99 width=0)
	        Index Cond: ((k >= 8428207) AND (k <= 8428307))

table 2 : explain SELECT k, c FROM sbtest2 WHERE k BETWEEN 8428207 AND 8428307
	Bitmap Heap Scan on sbtest2  (cost=5.49..413.00 rows=103 width=125)
	  Recheck Cond: ((k >= 8428207) AND (k <= 8428307))
	  ->  Bitmap Index Scan on k_2  (cost=0.00..5.46 rows=103 width=0)
	        Index Cond: ((k >= 8428207) AND (k <= 8428307))

table 3 : explain SELECT k, c FROM sbtest3 WHERE k BETWEEN 8428207 AND 8428307
	Bitmap Heap Scan on sbtest3  (cost=5.48..409.07 rows=102 width=125)
	  Recheck Cond: ((k >= 8428207) AND (k <= 8428307))
	  ->  Bitmap Index Scan on k_3  (cost=0.00..5.45 rows=102 width=0)
	        Index Cond: ((k >= 8428207) AND (k <= 8428307))

table 4 : explain SELECT k, c FROM sbtest4 WHERE k BETWEEN 8428207 AND 8428307
	Bitmap Heap Scan on sbtest4  (cost=5.59..452.36 rows=113 width=125)
	  Recheck Cond: ((k >= 8428207) AND (k <= 8428307))
	  ->  Bitmap Index Scan on k_4  (cost=0.00..5.56 rows=113 width=0)
	        Index Cond: ((k >= 8428207) AND (k <= 8428307))

table 5 : explain SELECT k, c FROM sbtest5 WHERE k BETWEEN 8428207 AND 8428307
	Bitmap Heap Scan on sbtest5  (cost=5.49..413.00 rows=103 width=125)
	  Recheck Cond: ((k >= 8428207) AND (k <= 8428307))
	  ->  Bitmap Index Scan on k_5  (cost=0.00..5.46 rows=103 width=0)
	        Index Cond: ((k >= 8428207) AND (k <= 8428307))

table 6 : explain SELECT k, c FROM sbtest6 WHERE k BETWEEN 8428207 AND 8428307
	Bitmap Heap Scan on sbtest6  (cost=5.51..420.88 rows=105 width=125)
	  Recheck Cond: ((k >= 8428207) AND (k <= 8428307))
	  ->  Bitmap Index Scan on k_6  (cost=0.00..5.48 rows=105 width=0)
	        Index Cond: ((k >= 8428207) AND (k <= 8428307))

table 7 : explain SELECT k, c FROM sbtest7 WHERE k BETWEEN 8428207 AND 8428307
	Bitmap Heap Scan on sbtest7  (cost=5.43..389.37 rows=97 width=125)
	  Recheck Cond: ((k >= 8428207) AND (k <= 8428307))
	  ->  Bitmap Index Scan on k_7  (cost=0.00..5.40 rows=97 width=0)
	        Index Cond: ((k >= 8428207) AND (k <= 8428307))

table 8 : explain SELECT k, c FROM sbtest8 WHERE k BETWEEN 8428207 AND 8428307
	Bitmap Heap Scan on sbtest8  (cost=5.47..405.13 rows=101 width=125)
	  Recheck Cond: ((k >= 8428207) AND (k <= 8428307))
	  ->  Bitmap Index Scan on k_8  (cost=0.00..5.44 rows=101 width=0)
	        Index Cond: ((k >= 8428207) AND (k <= 8428307))

for range-notcovered
table 1 : explain SELECT k, c FROM sbtest1 WHERE k BETWEEN 5822583 AND 5822683
	Bitmap Heap Scan on sbtest1  (cost=5.43..389.37 rows=97 width=125)
	  Recheck Cond: ((k >= 5822583) AND (k <= 5822683))
	  ->  Bitmap Index Scan on k_1  (cost=0.00..5.40 rows=97 width=0)
	        Index Cond: ((k >= 5822583) AND (k <= 5822683))

table 2 : explain SELECT k, c FROM sbtest2 WHERE k BETWEEN 5822583 AND 5822683
	Bitmap Heap Scan on sbtest2  (cost=5.44..393.31 rows=98 width=125)
	  Recheck Cond: ((k >= 5822583) AND (k <= 5822683))
	  ->  Bitmap Index Scan on k_2  (cost=0.00..5.42 rows=98 width=0)
	        Index Cond: ((k >= 5822583) AND (k <= 5822683))

table 3 : explain SELECT k, c FROM sbtest3 WHERE k BETWEEN 5822583 AND 5822683
	Bitmap Heap Scan on sbtest3  (cost=5.50..416.94 rows=104 width=125)
	  Recheck Cond: ((k >= 5822583) AND (k <= 5822683))
	  ->  Bitmap Index Scan on k_3  (cost=0.00..5.47 rows=104 width=0)
	        Index Cond: ((k >= 5822583) AND (k <= 5822683))

table 4 : explain SELECT k, c FROM sbtest4 WHERE k BETWEEN 5822583 AND 5822683
	Bitmap Heap Scan on sbtest4  (cost=5.49..413.00 rows=103 width=125)
	  Recheck Cond: ((k >= 5822583) AND (k <= 5822683))
	  ->  Bitmap Index Scan on k_4  (cost=0.00..5.46 rows=103 width=0)
	        Index Cond: ((k >= 5822583) AND (k <= 5822683))

table 5 : explain SELECT k, c FROM sbtest5 WHERE k BETWEEN 5822583 AND 5822683
	Bitmap Heap Scan on sbtest5  (cost=5.45..397.25 rows=99 width=125)
	  Recheck Cond: ((k >= 5822583) AND (k <= 5822683))
	  ->  Bitmap Index Scan on k_5  (cost=0.00..5.42 rows=99 width=0)
	        Index Cond: ((k >= 5822583) AND (k <= 5822683))

table 6 : explain SELECT k, c FROM sbtest6 WHERE k BETWEEN 5822583 AND 5822683
	Bitmap Heap Scan on sbtest6  (cost=5.40..377.55 rows=94 width=125)
	  Recheck Cond: ((k >= 5822583) AND (k <= 5822683))
	  ->  Bitmap Index Scan on k_6  (cost=0.00..5.38 rows=94 width=0)
	        Index Cond: ((k >= 5822583) AND (k <= 5822683))

table 7 : explain SELECT k, c FROM sbtest7 WHERE k BETWEEN 5822583 AND 5822683
	Bitmap Heap Scan on sbtest7  (cost=5.49..413.00 rows=103 width=125)
	  Recheck Cond: ((k >= 5822583) AND (k <= 5822683))
	  ->  Bitmap Index Scan on k_7  (cost=0.00..5.46 rows=103 width=0)
	        Index Cond: ((k >= 5822583) AND (k <= 5822683))

table 8 : explain SELECT k, c FROM sbtest8 WHERE k BETWEEN 5822583 AND 5822683
	Bitmap Heap Scan on sbtest8  (cost=5.47..405.13 rows=101 width=125)
	  Recheck Cond: ((k >= 5822583) AND (k <= 5822683))
	  ->  Bitmap Index Scan on k_8  (cost=0.00..5.44 rows=101 width=0)
	        Index Cond: ((k >= 5822583) AND (k <= 5822683))

explain: for range-notcovered :: explain SELECT k, c FROM sbtest%d WHERE k BETWEEN 8428207 AND 8428307
explain: for range-notcovered :: explain SELECT k, c FROM sbtest%d WHERE k BETWEEN 5822583 AND 5822683
explain: for range-notcovered :: explain SELECT k, c FROM sbtest%d WHERE k BETWEEN 8071975 AND 8072075
for range-notcovered
table 1 : explain SELECT k, c FROM sbtest1 WHERE k BETWEEN 4796999 AND 4797099
	Bitmap Heap Scan on sbtest1  (cost=5.54..432.69 rows=108 width=125)
	  Recheck Cond: ((k >= 4796999) AND (k <= 4797099))
	  ->  Bitmap Index Scan on k_1  (cost=0.00..5.51 rows=108 width=0)
	        Index Cond: ((k >= 4796999) AND (k <= 4797099))

table 2 : explain SELECT k, c FROM sbtest2 WHERE k BETWEEN 4796999 AND 4797099
	Bitmap Heap Scan on sbtest2  (cost=5.61..460.22 rows=115 width=125)
	  Recheck Cond: ((k >= 4796999) AND (k <= 4797099))
	  ->  Bitmap Index Scan on k_2  (cost=0.00..5.58 rows=115 width=0)
	        Index Cond: ((k >= 4796999) AND (k <= 4797099))

table 3 : explain SELECT k, c FROM sbtest3 WHERE k BETWEEN 4796999 AND 4797099
	Bitmap Heap Scan on sbtest3  (cost=5.54..432.69 rows=108 width=125)
	  Recheck Cond: ((k >= 4796999) AND (k <= 4797099))
	  ->  Bitmap Index Scan on k_3  (cost=0.00..5.51 rows=108 width=0)
	        Index Cond: ((k >= 4796999) AND (k <= 4797099))

table 4 : explain SELECT k, c FROM sbtest4 WHERE k BETWEEN 4796999 AND 4797099
	Bitmap Heap Scan on sbtest4  (cost=5.57..444.49 rows=111 width=125)
	  Recheck Cond: ((k >= 4796999) AND (k <= 4797099))
	  ->  Bitmap Index Scan on k_4  (cost=0.00..5.54 rows=111 width=0)
	        Index Cond: ((k >= 4796999) AND (k <= 4797099))

table 5 : explain SELECT k, c FROM sbtest5 WHERE k BETWEEN 4796999 AND 4797099
	Bitmap Heap Scan on sbtest5  (cost=5.50..416.94 rows=104 width=125)
	  Recheck Cond: ((k >= 4796999) AND (k <= 4797099))
	  ->  Bitmap Index Scan on k_5  (cost=0.00..5.47 rows=104 width=0)
	        Index Cond: ((k >= 4796999) AND (k <= 4797099))

table 6 : explain SELECT k, c FROM sbtest6 WHERE k BETWEEN 4796999 AND 4797099
	Bitmap Heap Scan on sbtest6  (cost=5.45..397.25 rows=99 width=125)
	  Recheck Cond: ((k >= 4796999) AND (k <= 4797099))
	  ->  Bitmap Index Scan on k_6  (cost=0.00..5.42 rows=99 width=0)
	        Index Cond: ((k >= 4796999) AND (k <= 4797099))

table 7 : explain SELECT k, c FROM sbtest7 WHERE k BETWEEN 4796999 AND 4797099
	Bitmap Heap Scan on sbtest7  (cost=5.40..377.55 rows=94 width=125)
	  Recheck Cond: ((k >= 4796999) AND (k <= 4797099))
	  ->  Bitmap Index Scan on k_7  (cost=0.00..5.38 rows=94 width=0)
	        Index Cond: ((k >= 4796999) AND (k <= 4797099))

table 8 : explain SELECT k, c FROM sbtest8 WHERE k BETWEEN 4796999 AND 4797099
	Bitmap Heap Scan on sbtest8  (cost=5.58..448.42 rows=112 width=125)
	  Recheck Cond: ((k >= 4796999) AND (k <= 4797099))
	  ->  Bitmap Index Scan on k_8  (cost=0.00..5.55 rows=112 width=0)
	        Index Cond: ((k >= 4796999) AND (k <= 4797099))

explain: for range-notcovered :: explain SELECT k, c FROM sbtest%d WHERE k BETWEEN 4796999 AND 4797099
for range-notcovered
table 1 : explain SELECT k, c FROM sbtest1 WHERE k BETWEEN 7528609 AND 7528709
	Bitmap Heap Scan on sbtest1  (cost=5.42..385.43 rows=96 width=125)
	  Recheck Cond: ((k >= 7528609) AND (k <= 7528709))
	  ->  Bitmap Index Scan on k_1  (cost=0.00..5.39 rows=96 width=0)
	        Index Cond: ((k >= 7528609) AND (k <= 7528709))

table 2 : explain SELECT k, c FROM sbtest2 WHERE k BETWEEN 7528609 AND 7528709
	Bitmap Heap Scan on sbtest2  (cost=5.45..397.25 rows=99 width=125)
	  Recheck Cond: ((k >= 7528609) AND (k <= 7528709))
	  ->  Bitmap Index Scan on k_2  (cost=0.00..5.42 rows=99 width=0)
	        Index Cond: ((k >= 7528609) AND (k <= 7528709))

table 3 : explain SELECT k, c FROM sbtest3 WHERE k BETWEEN 7528609 AND 7528709
	Bitmap Heap Scan on sbtest3  (cost=5.44..393.31 rows=98 width=125)
	  Recheck Cond: ((k >= 7528609) AND (k <= 7528709))
	  ->  Bitmap Index Scan on k_3  (cost=0.00..5.42 rows=98 width=0)
	        Index Cond: ((k >= 7528609) AND (k <= 7528709))

table 4 : explain SELECT k, c FROM sbtest4 WHERE k BETWEEN 7528609 AND 7528709
	Bitmap Heap Scan on sbtest4  (cost=5.40..377.55 rows=94 width=125)
	  Recheck Cond: ((k >= 7528609) AND (k <= 7528709))
	  ->  Bitmap Index Scan on k_4  (cost=0.00..5.38 rows=94 width=0)
	        Index Cond: ((k >= 7528609) AND (k <= 7528709))

table 5 : explain SELECT k, c FROM sbtest5 WHERE k BETWEEN 7528609 AND 7528709
	Bitmap Heap Scan on sbtest5  (cost=5.54..432.69 rows=108 width=125)
	  Recheck Cond: ((k >= 7528609) AND (k <= 7528709))
	  ->  Bitmap Index Scan on k_5  (cost=0.00..5.51 rows=108 width=0)
	        Index Cond: ((k >= 7528609) AND (k <= 7528709))

table 6 : explain SELECT k, c FROM sbtest6 WHERE k BETWEEN 7528609 AND 7528709
	Bitmap Heap Scan on sbtest6  (cost=5.43..389.37 rows=97 width=125)
	  Recheck Cond: ((k >= 7528609) AND (k <= 7528709))
	  ->  Bitmap Index Scan on k_6  (cost=0.00..5.40 rows=97 width=0)
	        Index Cond: ((k >= 7528609) AND (k <= 7528709))

table 7 : explain SELECT k, c FROM sbtest7 WHERE k BETWEEN 7528609 AND 7528709
	Bitmap Heap Scan on sbtest7  (cost=5.49..413.00 rows=103 width=125)
	  Recheck Cond: ((k >= 7528609) AND (k <= 7528709))
	  ->  Bitmap Index Scan on k_7  (cost=0.00..5.46 rows=103 width=0)
	        Index Cond: ((k >= 7528609) AND (k <= 7528709))

table 8 : explain SELECT k, c FROM sbtest8 WHERE k BETWEEN 7528609 AND 7528709
	Bitmap Heap Scan on sbtest8  (cost=5.61..460.22 rows=115 width=125)
	  Recheck Cond: ((k >= 7528609) AND (k <= 7528709))
	  ->  Bitmap Index Scan on k_8  (cost=0.00..5.58 rows=115 width=0)
	        Index Cond: ((k >= 7528609) AND (k <= 7528709))

explain: for range-notcovered :: explain SELECT k, c FROM sbtest%d WHERE k BETWEEN 7528609 AND 7528709
for range-notcovered
table 1 : explain SELECT k, c FROM sbtest1 WHERE k BETWEEN 5822583 AND 5822683
	Bitmap Heap Scan on sbtest1  (cost=5.43..389.37 rows=97 width=125)
	  Recheck Cond: ((k >= 5822583) AND (k <= 5822683))
	  ->  Bitmap Index Scan on k_1  (cost=0.00..5.40 rows=97 width=0)
	        Index Cond: ((k >= 5822583) AND (k <= 5822683))

table 2 : explain SELECT k, c FROM sbtest2 WHERE k BETWEEN 5822583 AND 5822683
	Bitmap Heap Scan on sbtest2  (cost=5.44..393.31 rows=98 width=125)
	  Recheck Cond: ((k >= 5822583) AND (k <= 5822683))
	  ->  Bitmap Index Scan on k_2  (cost=0.00..5.42 rows=98 width=0)
	        Index Cond: ((k >= 5822583) AND (k <= 5822683))

table 3 : explain SELECT k, c FROM sbtest3 WHERE k BETWEEN 5822583 AND 5822683
	Bitmap Heap Scan on sbtest3  (cost=5.50..416.94 rows=104 width=125)
	  Recheck Cond: ((k >= 5822583) AND (k <= 5822683))
	  ->  Bitmap Index Scan on k_3  (cost=0.00..5.47 rows=104 width=0)
	        Index Cond: ((k >= 5822583) AND (k <= 5822683))

table 4 : explain SELECT k, c FROM sbtest4 WHERE k BETWEEN 5822583 AND 5822683
	Bitmap Heap Scan on sbtest4  (cost=5.49..413.00 rows=103 width=125)
	  Recheck Cond: ((k >= 5822583) AND (k <= 5822683))
	  ->  Bitmap Index Scan on k_4  (cost=0.00..5.46 rows=103 width=0)
	        Index Cond: ((k >= 5822583) AND (k <= 5822683))

table 5 : explain SELECT k, c FROM sbtest5 WHERE k BETWEEN 5822583 AND 5822683
	Bitmap Heap Scan on sbtest5  (cost=5.45..397.25 rows=99 width=125)
	  Recheck Cond: ((k >= 5822583) AND (k <= 5822683))
	  ->  Bitmap Index Scan on k_5  (cost=0.00..5.42 rows=99 width=0)
	        Index Cond: ((k >= 5822583) AND (k <= 5822683))

table 6 : explain SELECT k, c FROM sbtest6 WHERE k BETWEEN 5822583 AND 5822683
	Bitmap Heap Scan on sbtest6  (cost=5.40..377.55 rows=94 width=125)
	  Recheck Cond: ((k >= 5822583) AND (k <= 5822683))
	  ->  Bitmap Index Scan on k_6  (cost=0.00..5.38 rows=94 width=0)
	        Index Cond: ((k >= 5822583) AND (k <= 5822683))

table 7 : explain SELECT k, c FROM sbtest7 WHERE k BETWEEN 5822583 AND 5822683
	Bitmap Heap Scan on sbtest7  (cost=5.49..413.00 rows=103 width=125)
	  Recheck Cond: ((k >= 5822583) AND (k <= 5822683))
	  ->  Bitmap Index Scan on k_7  (cost=0.00..5.46 rows=103 width=0)
	        Index Cond: ((k >= 5822583) AND (k <= 5822683))

table 8 : explain SELECT k, c FROM sbtest8 WHERE k BETWEEN 5822583 AND 5822683
	Bitmap Heap Scan on sbtest8  (cost=5.47..405.13 rows=101 width=125)
	  Recheck Cond: ((k >= 5822583) AND (k <= 5822683))
	  ->  Bitmap Index Scan on k_8  (cost=0.00..5.44 rows=101 width=0)
	        Index Cond: ((k >= 5822583) AND (k <= 5822683))

for range-notcovered
table 1 : explain SELECT k, c FROM sbtest1 WHERE k BETWEEN 8428207 AND 8428307
	Bitmap Heap Scan on sbtest1  (cost=5.45..397.25 rows=99 width=125)
	  Recheck Cond: ((k >= 8428207) AND (k <= 8428307))
	  ->  Bitmap Index Scan on k_1  (cost=0.00..5.42 rows=99 width=0)
	        Index Cond: ((k >= 8428207) AND (k <= 8428307))

table 2 : explain SELECT k, c FROM sbtest2 WHERE k BETWEEN 8428207 AND 8428307
	Bitmap Heap Scan on sbtest2  (cost=5.49..413.00 rows=103 width=125)
	  Recheck Cond: ((k >= 8428207) AND (k <= 8428307))
	  ->  Bitmap Index Scan on k_2  (cost=0.00..5.46 rows=103 width=0)
	        Index Cond: ((k >= 8428207) AND (k <= 8428307))

table 3 : explain SELECT k, c FROM sbtest3 WHERE k BETWEEN 8428207 AND 8428307
	Bitmap Heap Scan on sbtest3  (cost=5.48..409.07 rows=102 width=125)
	  Recheck Cond: ((k >= 8428207) AND (k <= 8428307))
	  ->  Bitmap Index Scan on k_3  (cost=0.00..5.45 rows=102 width=0)
	        Index Cond: ((k >= 8428207) AND (k <= 8428307))

table 4 : explain SELECT k, c FROM sbtest4 WHERE k BETWEEN 8428207 AND 8428307
	Bitmap Heap Scan on sbtest4  (cost=5.59..452.36 rows=113 width=125)
	  Recheck Cond: ((k >= 8428207) AND (k <= 8428307))
	  ->  Bitmap Index Scan on k_4  (cost=0.00..5.56 rows=113 width=0)
	        Index Cond: ((k >= 8428207) AND (k <= 8428307))

table 5 : explain SELECT k, c FROM sbtest5 WHERE k BETWEEN 8428207 AND 8428307
	Bitmap Heap Scan on sbtest5  (cost=5.49..413.00 rows=103 width=125)
	  Recheck Cond: ((k >= 8428207) AND (k <= 8428307))
	  ->  Bitmap Index Scan on k_5  (cost=0.00..5.46 rows=103 width=0)
	        Index Cond: ((k >= 8428207) AND (k <= 8428307))

table 6 : explain SELECT k, c FROM sbtest6 WHERE k BETWEEN 8428207 AND 8428307
	Bitmap Heap Scan on sbtest6  (cost=5.51..420.88 rows=105 width=125)
	  Recheck Cond: ((k >= 8428207) AND (k <= 8428307))
	  ->  Bitmap Index Scan on k_6  (cost=0.00..5.48 rows=105 width=0)
	        Index Cond: ((k >= 8428207) AND (k <= 8428307))

table 7 : explain SELECT k, c FROM sbtest7 WHERE k BETWEEN 8428207 AND 8428307
	Bitmap Heap Scan on sbtest7  (cost=5.43..389.37 rows=97 width=125)
	  Recheck Cond: ((k >= 8428207) AND (k <= 8428307))
	  ->  Bitmap Index Scan on k_7  (cost=0.00..5.40 rows=97 width=0)
	        Index Cond: ((k >= 8428207) AND (k <= 8428307))

table 8 : explain SELECT k, c FROM sbtest8 WHERE k BETWEEN 8428207 AND 8428307
	Bitmap Heap Scan on sbtest8  (cost=5.47..405.13 rows=101 width=125)
	  Recheck Cond: ((k >= 8428207) AND (k <= 8428307))
	  ->  Bitmap Index Scan on k_8  (cost=0.00..5.44 rows=101 width=0)
	        Index Cond: ((k >= 8428207) AND (k <= 8428307))

explain: for range-notcovered :: explain SELECT k, c FROM sbtest%d WHERE k BETWEEN 5822583 AND 5822683
explain: for range-notcovered :: explain SELECT k, c FROM sbtest%d WHERE k BETWEEN 8428207 AND 8428307
for range-notcovered
table 1 : explain SELECT k, c FROM sbtest1 WHERE k BETWEEN 4796999 AND 4797099
	Bitmap Heap Scan on sbtest1  (cost=5.54..432.69 rows=108 width=125)
	  Recheck Cond: ((k >= 4796999) AND (k <= 4797099))
	  ->  Bitmap Index Scan on k_1  (cost=0.00..5.51 rows=108 width=0)
	        Index Cond: ((k >= 4796999) AND (k <= 4797099))

table 2 : explain SELECT k, c FROM sbtest2 WHERE k BETWEEN 4796999 AND 4797099
	Bitmap Heap Scan on sbtest2  (cost=5.61..460.22 rows=115 width=125)
	  Recheck Cond: ((k >= 4796999) AND (k <= 4797099))
	  ->  Bitmap Index Scan on k_2  (cost=0.00..5.58 rows=115 width=0)
	        Index Cond: ((k >= 4796999) AND (k <= 4797099))

table 3 : explain SELECT k, c FROM sbtest3 WHERE k BETWEEN 4796999 AND 4797099
	Bitmap Heap Scan on sbtest3  (cost=5.54..432.69 rows=108 width=125)
	  Recheck Cond: ((k >= 4796999) AND (k <= 4797099))
	  ->  Bitmap Index Scan on k_3  (cost=0.00..5.51 rows=108 width=0)
	        Index Cond: ((k >= 4796999) AND (k <= 4797099))

table 4 : explain SELECT k, c FROM sbtest4 WHERE k BETWEEN 4796999 AND 4797099
	Bitmap Heap Scan on sbtest4  (cost=5.57..444.49 rows=111 width=125)
	  Recheck Cond: ((k >= 4796999) AND (k <= 4797099))
	  ->  Bitmap Index Scan on k_4  (cost=0.00..5.54 rows=111 width=0)
	        Index Cond: ((k >= 4796999) AND (k <= 4797099))

table 5 : explain SELECT k, c FROM sbtest5 WHERE k BETWEEN 4796999 AND 4797099
	Bitmap Heap Scan on sbtest5  (cost=5.50..416.94 rows=104 width=125)
	  Recheck Cond: ((k >= 4796999) AND (k <= 4797099))
	  ->  Bitmap Index Scan on k_5  (cost=0.00..5.47 rows=104 width=0)
	        Index Cond: ((k >= 4796999) AND (k <= 4797099))

table 6 : explain SELECT k, c FROM sbtest6 WHERE k BETWEEN 4796999 AND 4797099
	Bitmap Heap Scan on sbtest6  (cost=5.45..397.25 rows=99 width=125)
	  Recheck Cond: ((k >= 4796999) AND (k <= 4797099))
	  ->  Bitmap Index Scan on k_6  (cost=0.00..5.42 rows=99 width=0)
	        Index Cond: ((k >= 4796999) AND (k <= 4797099))

table 7 : explain SELECT k, c FROM sbtest7 WHERE k BETWEEN 4796999 AND 4797099
	Bitmap Heap Scan on sbtest7  (cost=5.40..377.55 rows=94 width=125)
	  Recheck Cond: ((k >= 4796999) AND (k <= 4797099))
	  ->  Bitmap Index Scan on k_7  (cost=0.00..5.38 rows=94 width=0)
	        Index Cond: ((k >= 4796999) AND (k <= 4797099))

table 8 : explain SELECT k, c FROM sbtest8 WHERE k BETWEEN 4796999 AND 4797099
	Bitmap Heap Scan on sbtest8  (cost=5.58..448.42 rows=112 width=125)
	  Recheck Cond: ((k >= 4796999) AND (k <= 4797099))
	  ->  Bitmap Index Scan on k_8  (cost=0.00..5.55 rows=112 width=0)
	        Index Cond: ((k >= 4796999) AND (k <= 4797099))

for range-notcovered
table 1 : explain SELECT k, c FROM sbtest1 WHERE k BETWEEN 7528609 AND 7528709
	Bitmap Heap Scan on sbtest1  (cost=5.42..385.43 rows=96 width=125)
	  Recheck Cond: ((k >= 7528609) AND (k <= 7528709))
	  ->  Bitmap Index Scan on k_1  (cost=0.00..5.39 rows=96 width=0)
	        Index Cond: ((k >= 7528609) AND (k <= 7528709))

table 2 : explain SELECT k, c FROM sbtest2 WHERE k BETWEEN 7528609 AND 7528709
	Bitmap Heap Scan on sbtest2  (cost=5.45..397.25 rows=99 width=125)
	  Recheck Cond: ((k >= 7528609) AND (k <= 7528709))
	  ->  Bitmap Index Scan on k_2  (cost=0.00..5.42 rows=99 width=0)
	        Index Cond: ((k >= 7528609) AND (k <= 7528709))

table 3 : explain SELECT k, c FROM sbtest3 WHERE k BETWEEN 7528609 AND 7528709
	Bitmap Heap Scan on sbtest3  (cost=5.44..393.31 rows=98 width=125)
	  Recheck Cond: ((k >= 7528609) AND (k <= 7528709))
	  ->  Bitmap Index Scan on k_3  (cost=0.00..5.42 rows=98 width=0)
	        Index Cond: ((k >= 7528609) AND (k <= 7528709))

table 4 : explain SELECT k, c FROM sbtest4 WHERE k BETWEEN 7528609 AND 7528709
	Bitmap Heap Scan on sbtest4  (cost=5.40..377.55 rows=94 width=125)
	  Recheck Cond: ((k >= 7528609) AND (k <= 7528709))
	  ->  Bitmap Index Scan on k_4  (cost=0.00..5.38 rows=94 width=0)
	        Index Cond: ((k >= 7528609) AND (k <= 7528709))

table 5 : explain SELECT k, c FROM sbtest5 WHERE k BETWEEN 7528609 AND 7528709
	Bitmap Heap Scan on sbtest5  (cost=5.54..432.69 rows=108 width=125)
	  Recheck Cond: ((k >= 7528609) AND (k <= 7528709))
	  ->  Bitmap Index Scan on k_5  (cost=0.00..5.51 rows=108 width=0)
	        Index Cond: ((k >= 7528609) AND (k <= 7528709))

table 6 : explain SELECT k, c FROM sbtest6 WHERE k BETWEEN 7528609 AND 7528709
	Bitmap Heap Scan on sbtest6  (cost=5.43..389.37 rows=97 width=125)
	  Recheck Cond: ((k >= 7528609) AND (k <= 7528709))
	  ->  Bitmap Index Scan on k_6  (cost=0.00..5.40 rows=97 width=0)
	        Index Cond: ((k >= 7528609) AND (k <= 7528709))

table 7 : explain SELECT k, c FROM sbtest7 WHERE k BETWEEN 7528609 AND 7528709
	Bitmap Heap Scan on sbtest7  (cost=5.49..413.00 rows=103 width=125)
	  Recheck Cond: ((k >= 7528609) AND (k <= 7528709))
	  ->  Bitmap Index Scan on k_7  (cost=0.00..5.46 rows=103 width=0)
	        Index Cond: ((k >= 7528609) AND (k <= 7528709))

table 8 : explain SELECT k, c FROM sbtest8 WHERE k BETWEEN 7528609 AND 7528709
	Bitmap Heap Scan on sbtest8  (cost=5.61..460.22 rows=115 width=125)
	  Recheck Cond: ((k >= 7528609) AND (k <= 7528709))
	  ->  Bitmap Index Scan on k_8  (cost=0.00..5.58 rows=115 width=0)
	        Index Cond: ((k >= 7528609) AND (k <= 7528709))

explain: for range-notcovered :: explain SELECT k, c FROM sbtest%d WHERE k BETWEEN 4796999 AND 4797099
explain: for range-notcovered :: explain SELECT k, c FROM sbtest%d WHERE k BETWEEN 7528609 AND 7528709
for range-notcovered
table 1 : explain SELECT k, c FROM sbtest1 WHERE k BETWEEN 8428207 AND 8428307
	Bitmap Heap Scan on sbtest1  (cost=5.45..397.25 rows=99 width=125)
	  Recheck Cond: ((k >= 8428207) AND (k <= 8428307))
	  ->  Bitmap Index Scan on k_1  (cost=0.00..5.42 rows=99 width=0)
	        Index Cond: ((k >= 8428207) AND (k <= 8428307))

table 2 : explain SELECT k, c FROM sbtest2 WHERE k BETWEEN 8428207 AND 8428307
	Bitmap Heap Scan on sbtest2  (cost=5.49..413.00 rows=103 width=125)
	  Recheck Cond: ((k >= 8428207) AND (k <= 8428307))
	  ->  Bitmap Index Scan on k_2  (cost=0.00..5.46 rows=103 width=0)
	        Index Cond: ((k >= 8428207) AND (k <= 8428307))

table 3 : explain SELECT k, c FROM sbtest3 WHERE k BETWEEN 8428207 AND 8428307
	Bitmap Heap Scan on sbtest3  (cost=5.48..409.07 rows=102 width=125)
	  Recheck Cond: ((k >= 8428207) AND (k <= 8428307))
	  ->  Bitmap Index Scan on k_3  (cost=0.00..5.45 rows=102 width=0)
	        Index Cond: ((k >= 8428207) AND (k <= 8428307))

table 4 : explain SELECT k, c FROM sbtest4 WHERE k BETWEEN 8428207 AND 8428307
	Bitmap Heap Scan on sbtest4  (cost=5.59..452.36 rows=113 width=125)
	  Recheck Cond: ((k >= 8428207) AND (k <= 8428307))
	  ->  Bitmap Index Scan on k_4  (cost=0.00..5.56 rows=113 width=0)
	        Index Cond: ((k >= 8428207) AND (k <= 8428307))

table 5 : explain SELECT k, c FROM sbtest5 WHERE k BETWEEN 8428207 AND 8428307
	Bitmap Heap Scan on sbtest5  (cost=5.49..413.00 rows=103 width=125)
	  Recheck Cond: ((k >= 8428207) AND (k <= 8428307))
	  ->  Bitmap Index Scan on k_5  (cost=0.00..5.46 rows=103 width=0)
	        Index Cond: ((k >= 8428207) AND (k <= 8428307))

table 6 : explain SELECT k, c FROM sbtest6 WHERE k BETWEEN 8428207 AND 8428307
	Bitmap Heap Scan on sbtest6  (cost=5.51..420.88 rows=105 width=125)
	  Recheck Cond: ((k >= 8428207) AND (k <= 8428307))
	  ->  Bitmap Index Scan on k_6  (cost=0.00..5.48 rows=105 width=0)
	        Index Cond: ((k >= 8428207) AND (k <= 8428307))

table 7 : explain SELECT k, c FROM sbtest7 WHERE k BETWEEN 8428207 AND 8428307
	Bitmap Heap Scan on sbtest7  (cost=5.43..389.37 rows=97 width=125)
	  Recheck Cond: ((k >= 8428207) AND (k <= 8428307))
	  ->  Bitmap Index Scan on k_7  (cost=0.00..5.40 rows=97 width=0)
	        Index Cond: ((k >= 8428207) AND (k <= 8428307))

table 8 : explain SELECT k, c FROM sbtest8 WHERE k BETWEEN 8428207 AND 8428307
	Bitmap Heap Scan on sbtest8  (cost=5.47..405.13 rows=101 width=125)
	  Recheck Cond: ((k >= 8428207) AND (k <= 8428307))
	  ->  Bitmap Index Scan on k_8  (cost=0.00..5.44 rows=101 width=0)
	        Index Cond: ((k >= 8428207) AND (k <= 8428307))

explain: for range-notcovered :: explain SELECT k, c FROM sbtest%d WHERE k BETWEEN 8428207 AND 8428307
for range-notcovered
table 1 : explain SELECT k, c FROM sbtest1 WHERE k BETWEEN 6367509 AND 6367609
	Bitmap Heap Scan on sbtest1  (cost=5.49..413.00 rows=103 width=125)
	  Recheck Cond: ((k >= 6367509) AND (k <= 6367609))
	  ->  Bitmap Index Scan on k_1  (cost=0.00..5.46 rows=103 width=0)
	        Index Cond: ((k >= 6367509) AND (k <= 6367609))

table 2 : explain SELECT k, c FROM sbtest2 WHERE k BETWEEN 6367509 AND 6367609
	Bitmap Heap Scan on sbtest2  (cost=5.56..440.56 rows=110 width=125)
	  Recheck Cond: ((k >= 6367509) AND (k <= 6367609))
	  ->  Bitmap Index Scan on k_2  (cost=0.00..5.53 rows=110 width=0)
	        Index Cond: ((k >= 6367509) AND (k <= 6367609))

table 3 : explain SELECT k, c FROM sbtest3 WHERE k BETWEEN 6367509 AND 6367609
	Bitmap Heap Scan on sbtest3  (cost=5.44..393.31 rows=98 width=125)
	  Recheck Cond: ((k >= 6367509) AND (k <= 6367609))
	  ->  Bitmap Index Scan on k_3  (cost=0.00..5.42 rows=98 width=0)
	        Index Cond: ((k >= 6367509) AND (k <= 6367609))

table 4 : explain SELECT k, c FROM sbtest4 WHERE k BETWEEN 6367509 AND 6367609
	Bitmap Heap Scan on sbtest4  (cost=5.51..420.88 rows=105 width=125)
	  Recheck Cond: ((k >= 6367509) AND (k <= 6367609))
	  ->  Bitmap Index Scan on k_4  (cost=0.00..5.48 rows=105 width=0)
	        Index Cond: ((k >= 6367509) AND (k <= 6367609))

table 5 : explain SELECT k, c FROM sbtest5 WHERE k BETWEEN 6367509 AND 6367609
	Bitmap Heap Scan on sbtest5  (cost=5.59..452.36 rows=113 width=125)
	  Recheck Cond: ((k >= 6367509) AND (k <= 6367609))
	  ->  Bitmap Index Scan on k_5  (cost=0.00..5.56 rows=113 width=0)
	        Index Cond: ((k >= 6367509) AND (k <= 6367609))

table 6 : explain SELECT k, c FROM sbtest6 WHERE k BETWEEN 6367509 AND 6367609
	Bitmap Heap Scan on sbtest6  (cost=5.40..377.55 rows=94 width=125)
	  Recheck Cond: ((k >= 6367509) AND (k <= 6367609))
	  ->  Bitmap Index Scan on k_6  (cost=0.00..5.38 rows=94 width=0)
	        Index Cond: ((k >= 6367509) AND (k <= 6367609))

table 7 : explain SELECT k, c FROM sbtest7 WHERE k BETWEEN 6367509 AND 6367609
	Bitmap Heap Scan on sbtest7  (cost=5.55..436.62 rows=109 width=125)
	  Recheck Cond: ((k >= 6367509) AND (k <= 6367609))
	  ->  Bitmap Index Scan on k_7  (cost=0.00..5.52 rows=109 width=0)
	        Index Cond: ((k >= 6367509) AND (k <= 6367609))

table 8 : explain SELECT k, c FROM sbtest8 WHERE k BETWEEN 6367509 AND 6367609
	Bitmap Heap Scan on sbtest8  (cost=5.45..397.25 rows=99 width=125)
	  Recheck Cond: ((k >= 6367509) AND (k <= 6367609))
	  ->  Bitmap Index Scan on k_8  (cost=0.00..5.42 rows=99 width=0)
	        Index Cond: ((k >= 6367509) AND (k <= 6367609))

explain: for range-notcovered :: explain SELECT k, c FROM sbtest%d WHERE k BETWEEN 6367509 AND 6367609
explain: for range-notcovered :: explain SELECT k, c FROM sbtest%d WHERE k BETWEEN 5287580 AND 5287680
for range-notcovered
table 1 : explain SELECT k, c FROM sbtest1 WHERE k BETWEEN 7528609 AND 7528709
	Bitmap Heap Scan on sbtest1  (cost=5.42..385.43 rows=96 width=125)
	  Recheck Cond: ((k >= 7528609) AND (k <= 7528709))
	  ->  Bitmap Index Scan on k_1  (cost=0.00..5.39 rows=96 width=0)
	        Index Cond: ((k >= 7528609) AND (k <= 7528709))

table 2 : explain SELECT k, c FROM sbtest2 WHERE k BETWEEN 7528609 AND 7528709
	Bitmap Heap Scan on sbtest2  (cost=5.45..397.25 rows=99 width=125)
	  Recheck Cond: ((k >= 7528609) AND (k <= 7528709))
	  ->  Bitmap Index Scan on k_2  (cost=0.00..5.42 rows=99 width=0)
	        Index Cond: ((k >= 7528609) AND (k <= 7528709))

table 3 : explain SELECT k, c FROM sbtest3 WHERE k BETWEEN 7528609 AND 7528709
	Bitmap Heap Scan on sbtest3  (cost=5.44..393.31 rows=98 width=125)
	  Recheck Cond: ((k >= 7528609) AND (k <= 7528709))
	  ->  Bitmap Index Scan on k_3  (cost=0.00..5.42 rows=98 width=0)
	        Index Cond: ((k >= 7528609) AND (k <= 7528709))

table 4 : explain SELECT k, c FROM sbtest4 WHERE k BETWEEN 7528609 AND 7528709
	Bitmap Heap Scan on sbtest4  (cost=5.40..377.55 rows=94 width=125)
	  Recheck Cond: ((k >= 7528609) AND (k <= 7528709))
	  ->  Bitmap Index Scan on k_4  (cost=0.00..5.38 rows=94 width=0)
	        Index Cond: ((k >= 7528609) AND (k <= 7528709))

table 5 : explain SELECT k, c FROM sbtest5 WHERE k BETWEEN 7528609 AND 7528709
	Bitmap Heap Scan on sbtest5  (cost=5.54..432.69 rows=108 width=125)
	  Recheck Cond: ((k >= 7528609) AND (k <= 7528709))
	  ->  Bitmap Index Scan on k_5  (cost=0.00..5.51 rows=108 width=0)
	        Index Cond: ((k >= 7528609) AND (k <= 7528709))

table 6 : explain SELECT k, c FROM sbtest6 WHERE k BETWEEN 7528609 AND 7528709
	Bitmap Heap Scan on sbtest6  (cost=5.43..389.37 rows=97 width=125)
	  Recheck Cond: ((k >= 7528609) AND (k <= 7528709))
	  ->  Bitmap Index Scan on k_6  (cost=0.00..5.40 rows=97 width=0)
	        Index Cond: ((k >= 7528609) AND (k <= 7528709))

table 7 : explain SELECT k, c FROM sbtest7 WHERE k BETWEEN 7528609 AND 7528709
	Bitmap Heap Scan on sbtest7  (cost=5.49..413.00 rows=103 width=125)
	  Recheck Cond: ((k >= 7528609) AND (k <= 7528709))
	  ->  Bitmap Index Scan on k_7  (cost=0.00..5.46 rows=103 width=0)
	        Index Cond: ((k >= 7528609) AND (k <= 7528709))

table 8 : explain SELECT k, c FROM sbtest8 WHERE k BETWEEN 7528609 AND 7528709
	Bitmap Heap Scan on sbtest8  (cost=5.61..460.22 rows=115 width=125)
	  Recheck Cond: ((k >= 7528609) AND (k <= 7528709))
	  ->  Bitmap Index Scan on k_8  (cost=0.00..5.58 rows=115 width=0)
	        Index Cond: ((k >= 7528609) AND (k <= 7528709))

for range-notcovered
table 1 : explain SELECT k, c FROM sbtest1 WHERE k BETWEEN 4796999 AND 4797099
	Bitmap Heap Scan on sbtest1  (cost=5.54..432.69 rows=108 width=125)
	  Recheck Cond: ((k >= 4796999) AND (k <= 4797099))
	  ->  Bitmap Index Scan on k_1  (cost=0.00..5.51 rows=108 width=0)
	        Index Cond: ((k >= 4796999) AND (k <= 4797099))

table 2 : explain SELECT k, c FROM sbtest2 WHERE k BETWEEN 4796999 AND 4797099
	Bitmap Heap Scan on sbtest2  (cost=5.61..460.22 rows=115 width=125)
	  Recheck Cond: ((k >= 4796999) AND (k <= 4797099))
	  ->  Bitmap Index Scan on k_2  (cost=0.00..5.58 rows=115 width=0)
	        Index Cond: ((k >= 4796999) AND (k <= 4797099))

table 3 : explain SELECT k, c FROM sbtest3 WHERE k BETWEEN 4796999 AND 4797099
	Bitmap Heap Scan on sbtest3  (cost=5.54..432.69 rows=108 width=125)
	  Recheck Cond: ((k >= 4796999) AND (k <= 4797099))
	  ->  Bitmap Index Scan on k_3  (cost=0.00..5.51 rows=108 width=0)
	        Index Cond: ((k >= 4796999) AND (k <= 4797099))

table 4 : explain SELECT k, c FROM sbtest4 WHERE k BETWEEN 4796999 AND 4797099
	Bitmap Heap Scan on sbtest4  (cost=5.57..444.49 rows=111 width=125)
	  Recheck Cond: ((k >= 4796999) AND (k <= 4797099))
	  ->  Bitmap Index Scan on k_4  (cost=0.00..5.54 rows=111 width=0)
	        Index Cond: ((k >= 4796999) AND (k <= 4797099))

table 5 : explain SELECT k, c FROM sbtest5 WHERE k BETWEEN 4796999 AND 4797099
	Bitmap Heap Scan on sbtest5  (cost=5.50..416.94 rows=104 width=125)
	  Recheck Cond: ((k >= 4796999) AND (k <= 4797099))
	  ->  Bitmap Index Scan on k_5  (cost=0.00..5.47 rows=104 width=0)
	        Index Cond: ((k >= 4796999) AND (k <= 4797099))

table 6 : explain SELECT k, c FROM sbtest6 WHERE k BETWEEN 4796999 AND 4797099
	Bitmap Heap Scan on sbtest6  (cost=5.45..397.25 rows=99 width=125)
	  Recheck Cond: ((k >= 4796999) AND (k <= 4797099))
	  ->  Bitmap Index Scan on k_6  (cost=0.00..5.42 rows=99 width=0)
	        Index Cond: ((k >= 4796999) AND (k <= 4797099))

table 7 : explain SELECT k, c FROM sbtest7 WHERE k BETWEEN 4796999 AND 4797099
	Bitmap Heap Scan on sbtest7  (cost=5.40..377.55 rows=94 width=125)
	  Recheck Cond: ((k >= 4796999) AND (k <= 4797099))
	  ->  Bitmap Index Scan on k_7  (cost=0.00..5.38 rows=94 width=0)
	        Index Cond: ((k >= 4796999) AND (k <= 4797099))

table 8 : explain SELECT k, c FROM sbtest8 WHERE k BETWEEN 4796999 AND 4797099
	Bitmap Heap Scan on sbtest8  (cost=5.58..448.42 rows=112 width=125)
	  Recheck Cond: ((k >= 4796999) AND (k <= 4797099))
	  ->  Bitmap Index Scan on k_8  (cost=0.00..5.55 rows=112 width=0)
	        Index Cond: ((k >= 4796999) AND (k <= 4797099))

explain: for range-notcovered :: explain SELECT k, c FROM sbtest%d WHERE k BETWEEN 4784777 AND 4784877
explain: for range-notcovered :: explain SELECT k, c FROM sbtest%d WHERE k BETWEEN 4796999 AND 4797099
for range-notcovered
table 1 : explain SELECT k, c FROM sbtest1 WHERE k BETWEEN 5822583 AND 5822683
	Bitmap Heap Scan on sbtest1  (cost=5.43..389.37 rows=97 width=125)
	  Recheck Cond: ((k >= 5822583) AND (k <= 5822683))
	  ->  Bitmap Index Scan on k_1  (cost=0.00..5.40 rows=97 width=0)
	        Index Cond: ((k >= 5822583) AND (k <= 5822683))

table 2 : explain SELECT k, c FROM sbtest2 WHERE k BETWEEN 5822583 AND 5822683
	Bitmap Heap Scan on sbtest2  (cost=5.44..393.31 rows=98 width=125)
	  Recheck Cond: ((k >= 5822583) AND (k <= 5822683))
	  ->  Bitmap Index Scan on k_2  (cost=0.00..5.42 rows=98 width=0)
	        Index Cond: ((k >= 5822583) AND (k <= 5822683))

table 3 : explain SELECT k, c FROM sbtest3 WHERE k BETWEEN 5822583 AND 5822683
	Bitmap Heap Scan on sbtest3  (cost=5.50..416.94 rows=104 width=125)
	  Recheck Cond: ((k >= 5822583) AND (k <= 5822683))
	  ->  Bitmap Index Scan on k_3  (cost=0.00..5.47 rows=104 width=0)
	        Index Cond: ((k >= 5822583) AND (k <= 5822683))

table 4 : explain SELECT k, c FROM sbtest4 WHERE k BETWEEN 5822583 AND 5822683
	Bitmap Heap Scan on sbtest4  (cost=5.49..413.00 rows=103 width=125)
	  Recheck Cond: ((k >= 5822583) AND (k <= 5822683))
	  ->  Bitmap Index Scan on k_4  (cost=0.00..5.46 rows=103 width=0)
	        Index Cond: ((k >= 5822583) AND (k <= 5822683))

table 5 : explain SELECT k, c FROM sbtest5 WHERE k BETWEEN 5822583 AND 5822683
	Bitmap Heap Scan on sbtest5  (cost=5.45..397.25 rows=99 width=125)
	  Recheck Cond: ((k >= 5822583) AND (k <= 5822683))
	  ->  Bitmap Index Scan on k_5  (cost=0.00..5.42 rows=99 width=0)
	        Index Cond: ((k >= 5822583) AND (k <= 5822683))

table 6 : explain SELECT k, c FROM sbtest6 WHERE k BETWEEN 5822583 AND 5822683
	Bitmap Heap Scan on sbtest6  (cost=5.40..377.55 rows=94 width=125)
	  Recheck Cond: ((k >= 5822583) AND (k <= 5822683))
	  ->  Bitmap Index Scan on k_6  (cost=0.00..5.38 rows=94 width=0)
	        Index Cond: ((k >= 5822583) AND (k <= 5822683))

table 7 : explain SELECT k, c FROM sbtest7 WHERE k BETWEEN 5822583 AND 5822683
	Bitmap Heap Scan on sbtest7  (cost=5.49..413.00 rows=103 width=125)
	  Recheck Cond: ((k >= 5822583) AND (k <= 5822683))
	  ->  Bitmap Index Scan on k_7  (cost=0.00..5.46 rows=103 width=0)
	        Index Cond: ((k >= 5822583) AND (k <= 5822683))

table 8 : explain SELECT k, c FROM sbtest8 WHERE k BETWEEN 5822583 AND 5822683
	Bitmap Heap Scan on sbtest8  (cost=5.47..405.13 rows=101 width=125)
	  Recheck Cond: ((k >= 5822583) AND (k <= 5822683))
	  ->  Bitmap Index Scan on k_8  (cost=0.00..5.44 rows=101 width=0)
	        Index Cond: ((k >= 5822583) AND (k <= 5822683))
for range-notcovered
table 1 : explain SELECT k, c FROM sbtest1 WHERE k BETWEEN 4822140 AND 4822240
	Bitmap Heap Scan on sbtest1  (cost=5.54..432.69 rows=108 width=125)
	  Recheck Cond: ((k >= 4822140) AND (k <= 4822240))
	  ->  Bitmap Index Scan on k_1  (cost=0.00..5.51 rows=108 width=0)
	        Index Cond: ((k >= 4822140) AND (k <= 4822240))

table 2 : explain SELECT k, c FROM sbtest2 WHERE k BETWEEN 4822140 AND 4822240
	Bitmap Heap Scan on sbtest2  (cost=5.38..369.67 rows=92 width=125)
	  Recheck Cond: ((k >= 4822140) AND (k <= 4822240))
	  ->  Bitmap Index Scan on k_2  (cost=0.00..5.35 rows=92 width=0)
	        Index Cond: ((k >= 4822140) AND (k <= 4822240))

table 3 : explain SELECT k, c FROM sbtest3 WHERE k BETWEEN 4822140 AND 4822240
	Bitmap Heap Scan on sbtest3  (cost=5.56..440.56 rows=110 width=125)
	  Recheck Cond: ((k >= 4822140) AND (k <= 4822240))
	  ->  Bitmap Index Scan on k_3  (cost=0.00..5.53 rows=110 width=0)
	        Index Cond: ((k >= 4822140) AND (k <= 4822240))

table 4 : explain SELECT k, c FROM sbtest4 WHERE k BETWEEN 4822140 AND 4822240
	Bitmap Heap Scan on sbtest4  (cost=5.47..405.13 rows=101 width=125)
	  Recheck Cond: ((k >= 4822140) AND (k <= 4822240))
	  ->  Bitmap Index Scan on k_4  (cost=0.00..5.44 rows=101 width=0)
	        Index Cond: ((k >= 4822140) AND (k <= 4822240))

table 5 : explain SELECT k, c FROM sbtest5 WHERE k BETWEEN 4822140 AND 4822240
	Bitmap Heap Scan on sbtest5  (cost=5.50..416.94 rows=104 width=125)
	  Recheck Cond: ((k >= 4822140) AND (k <= 4822240))
	  ->  Bitmap Index Scan on k_5  (cost=0.00..5.47 rows=104 width=0)
	        Index Cond: ((k >= 4822140) AND (k <= 4822240))

table 6 : explain SELECT k, c FROM sbtest6 WHERE k BETWEEN 4822140 AND 4822240
	Bitmap Heap Scan on sbtest6  (cost=5.45..397.25 rows=99 width=125)
	  Recheck Cond: ((k >= 4822140) AND (k <= 4822240))
	  ->  Bitmap Index Scan on k_6  (cost=0.00..5.42 rows=99 width=0)
	        Index Cond: ((k >= 4822140) AND (k <= 4822240))

table 7 : explain SELECT k, c FROM sbtest7 WHERE k BETWEEN 4822140 AND 4822240
	Bitmap Heap Scan on sbtest7  (cost=5.49..413.00 rows=103 width=125)
	  Recheck Cond: ((k >= 4822140) AND (k <= 4822240))
	  ->  Bitmap Index Scan on k_7  (cost=0.00..5.46 rows=103 width=0)
	        Index Cond: ((k >= 4822140) AND (k <= 4822240))

table 8 : explain SELECT k, c FROM sbtest8 WHERE k BETWEEN 4822140 AND 4822240
	Bitmap Heap Scan on sbtest8  (cost=5.55..436.62 rows=109 width=125)
	  Recheck Cond: ((k >= 4822140) AND (k <= 4822240))
	  ->  Bitmap Index Scan on k_8  (cost=0.00..5.52 rows=109 width=0)
	        Index Cond: ((k >= 4822140) AND (k <= 4822240))


for range-notcovered
table 1 : explain SELECT k, c FROM sbtest1 WHERE k BETWEEN 5514431 AND 5514531
	Bitmap Heap Scan on sbtest1  (cost=5.45..397.25 rows=99 width=125)
	  Recheck Cond: ((k >= 5514431) AND (k <= 5514531))
	  ->  Bitmap Index Scan on k_1  (cost=0.00..5.42 rows=99 width=0)
	        Index Cond: ((k >= 5514431) AND (k <= 5514531))

table 2 : explain SELECT k, c FROM sbtest2 WHERE k BETWEEN 5514431 AND 5514531
	Bitmap Heap Scan on sbtest2  (cost=5.50..416.94 rows=104 width=125)
	  Recheck Cond: ((k >= 5514431) AND (k <= 5514531))
	  ->  Bitmap Index Scan on k_2  (cost=0.00..5.47 rows=104 width=0)
	        Index Cond: ((k >= 5514431) AND (k <= 5514531))

table 3 : explain SELECT k, c FROM sbtest3 WHERE k BETWEEN 5514431 AND 5514531
	Bitmap Heap Scan on sbtest3  (cost=5.46..401.19 rows=100 width=125)
	  Recheck Cond: ((k >= 5514431) AND (k <= 5514531))
	  ->  Bitmap Index Scan on k_3  (cost=0.00..5.43 rows=100 width=0)
	        Index Cond: ((k >= 5514431) AND (k <= 5514531))

table 4 : explain SELECT k, c FROM sbtest4 WHERE k BETWEEN 5514431 AND 5514531
	Bitmap Heap Scan on sbtest4  (cost=5.45..397.25 rows=99 width=125)
	  Recheck Cond: ((k >= 5514431) AND (k <= 5514531))
	  ->  Bitmap Index Scan on k_4  (cost=0.00..5.42 rows=99 width=0)
	        Index Cond: ((k >= 5514431) AND (k <= 5514531))

table 5 : explain SELECT k, c FROM sbtest5 WHERE k BETWEEN 5514431 AND 5514531
	Bitmap Heap Scan on sbtest5  (cost=5.48..409.07 rows=102 width=125)
	  Recheck Cond: ((k >= 5514431) AND (k <= 5514531))
	  ->  Bitmap Index Scan on k_5  (cost=0.00..5.45 rows=102 width=0)
	        Index Cond: ((k >= 5514431) AND (k <= 5514531))

table 6 : explain SELECT k, c FROM sbtest6 WHERE k BETWEEN 5514431 AND 5514531
	Bitmap Heap Scan on sbtest6  (cost=5.34..353.89 rows=88 width=125)
	  Recheck Cond: ((k >= 5514431) AND (k <= 5514531))
	  ->  Bitmap Index Scan on k_6  (cost=0.00..5.31 rows=88 width=0)
	        Index Cond: ((k >= 5514431) AND (k <= 5514531))

table 7 : explain SELECT k, c FROM sbtest7 WHERE k BETWEEN 5514431 AND 5514531
	Bitmap Heap Scan on sbtest7  (cost=5.52..424.81 rows=106 width=125)
	  Recheck Cond: ((k >= 5514431) AND (k <= 5514531))
	  ->  Bitmap Index Scan on k_7  (cost=0.00..5.50 rows=106 width=0)
	        Index Cond: ((k >= 5514431) AND (k <= 5514531))

table 8 : explain SELECT k, c FROM sbtest8 WHERE k BETWEEN 5514431 AND 5514531
	Bitmap Heap Scan on sbtest8  (cost=5.48..409.07 rows=102 width=125)
	  Recheck Cond: ((k >= 5514431) AND (k <= 5514531))
	  ->  Bitmap Index Scan on k_8  (cost=0.00..5.45 rows=102 width=0)
	        Index Cond: ((k >= 5514431) AND (k <= 5514531))

for range-notcovered
table 1 : explain SELECT k, c FROM sbtest1 WHERE k BETWEEN 5509788 AND 5509888
	Bitmap Heap Scan on sbtest1  (cost=5.45..397.25 rows=99 width=125)
	  Recheck Cond: ((k >= 5509788) AND (k <= 5509888))
	  ->  Bitmap Index Scan on k_1  (cost=0.00..5.42 rows=99 width=0)
	        Index Cond: ((k >= 5509788) AND (k <= 5509888))

table 2 : explain SELECT k, c FROM sbtest2 WHERE k BETWEEN 5509788 AND 5509888
	Bitmap Heap Scan on sbtest2  (cost=5.50..416.94 rows=104 width=125)
	  Recheck Cond: ((k >= 5509788) AND (k <= 5509888))
	  ->  Bitmap Index Scan on k_2  (cost=0.00..5.47 rows=104 width=0)
	        Index Cond: ((k >= 5509788) AND (k <= 5509888))

table 3 : explain SELECT k, c FROM sbtest3 WHERE k BETWEEN 5509788 AND 5509888
	Bitmap Heap Scan on sbtest3  (cost=5.46..401.19 rows=100 width=125)
	  Recheck Cond: ((k >= 5509788) AND (k <= 5509888))
	  ->  Bitmap Index Scan on k_3  (cost=0.00..5.43 rows=100 width=0)
	        Index Cond: ((k >= 5509788) AND (k <= 5509888))

table 4 : explain SELECT k, c FROM sbtest4 WHERE k BETWEEN 5509788 AND 5509888
	Bitmap Heap Scan on sbtest4  (cost=5.45..397.25 rows=99 width=125)
	  Recheck Cond: ((k >= 5509788) AND (k <= 5509888))
	  ->  Bitmap Index Scan on k_4  (cost=0.00..5.42 rows=99 width=0)
	        Index Cond: ((k >= 5509788) AND (k <= 5509888))

table 5 : explain SELECT k, c FROM sbtest5 WHERE k BETWEEN 5509788 AND 5509888
	Bitmap Heap Scan on sbtest5  (cost=5.48..409.07 rows=102 width=125)
	  Recheck Cond: ((k >= 5509788) AND (k <= 5509888))
	  ->  Bitmap Index Scan on k_5  (cost=0.00..5.45 rows=102 width=0)
	        Index Cond: ((k >= 5509788) AND (k <= 5509888))

table 6 : explain SELECT k, c FROM sbtest6 WHERE k BETWEEN 5509788 AND 5509888
	Bitmap Heap Scan on sbtest6  (cost=5.34..353.89 rows=88 width=125)
	  Recheck Cond: ((k >= 5509788) AND (k <= 5509888))
	  ->  Bitmap Index Scan on k_6  (cost=0.00..5.31 rows=88 width=0)
	        Index Cond: ((k >= 5509788) AND (k <= 5509888))

table 7 : explain SELECT k, c FROM sbtest7 WHERE k BETWEEN 5509788 AND 5509888
	Bitmap Heap Scan on sbtest7  (cost=5.52..424.81 rows=106 width=125)
	  Recheck Cond: ((k >= 5509788) AND (k <= 5509888))
	  ->  Bitmap Index Scan on k_7  (cost=0.00..5.50 rows=106 width=0)
	        Index Cond: ((k >= 5509788) AND (k <= 5509888))

table 8 : explain SELECT k, c FROM sbtest8 WHERE k BETWEEN 5509788 AND 5509888
	Bitmap Heap Scan on sbtest8  (cost=5.48..409.07 rows=102 width=125)
	  Recheck Cond: ((k >= 5509788) AND (k <= 5509888))
	  ->  Bitmap Index Scan on k_8  (cost=0.00..5.45 rows=102 width=0)
	        Index Cond: ((k >= 5509788) AND (k <= 5509888))

explain: for range-notcovered :: explain SELECT k, c FROM sbtest%d WHERE k BETWEEN 5514431 AND 5514531
for range-notcovered
table 1 : explain SELECT k, c FROM sbtest1 WHERE k BETWEEN 8428207 AND 8428307
	Bitmap Heap Scan on sbtest1  (cost=5.45..397.25 rows=99 width=125)
	  Recheck Cond: ((k >= 8428207) AND (k <= 8428307))
	  ->  Bitmap Index Scan on k_1  (cost=0.00..5.42 rows=99 width=0)
	        Index Cond: ((k >= 8428207) AND (k <= 8428307))

table 2 : explain SELECT k, c FROM sbtest2 WHERE k BETWEEN 8428207 AND 8428307
	Bitmap Heap Scan on sbtest2  (cost=5.49..413.00 rows=103 width=125)
	  Recheck Cond: ((k >= 8428207) AND (k <= 8428307))
	  ->  Bitmap Index Scan on k_2  (cost=0.00..5.46 rows=103 width=0)
	        Index Cond: ((k >= 8428207) AND (k <= 8428307))

table 3 : explain SELECT k, c FROM sbtest3 WHERE k BETWEEN 8428207 AND 8428307
	Bitmap Heap Scan on sbtest3  (cost=5.48..409.07 rows=102 width=125)
	  Recheck Cond: ((k >= 8428207) AND (k <= 8428307))
	  ->  Bitmap Index Scan on k_3  (cost=0.00..5.45 rows=102 width=0)
	        Index Cond: ((k >= 8428207) AND (k <= 8428307))

table 4 : explain SELECT k, c FROM sbtest4 WHERE k BETWEEN 8428207 AND 8428307
	Bitmap Heap Scan on sbtest4  (cost=5.59..452.36 rows=113 width=125)
	  Recheck Cond: ((k >= 8428207) AND (k <= 8428307))
	  ->  Bitmap Index Scan on k_4  (cost=0.00..5.56 rows=113 width=0)
	        Index Cond: ((k >= 8428207) AND (k <= 8428307))

table 5 : explain SELECT k, c FROM sbtest5 WHERE k BETWEEN 8428207 AND 8428307
	Bitmap Heap Scan on sbtest5  (cost=5.49..413.00 rows=103 width=125)
	  Recheck Cond: ((k >= 8428207) AND (k <= 8428307))
	  ->  Bitmap Index Scan on k_5  (cost=0.00..5.46 rows=103 width=0)
	        Index Cond: ((k >= 8428207) AND (k <= 8428307))

table 6 : explain SELECT k, c FROM sbtest6 WHERE k BETWEEN 8428207 AND 8428307
	Bitmap Heap Scan on sbtest6  (cost=5.51..420.88 rows=105 width=125)
	  Recheck Cond: ((k >= 8428207) AND (k <= 8428307))
	  ->  Bitmap Index Scan on k_6  (cost=0.00..5.48 rows=105 width=0)
	        Index Cond: ((k >= 8428207) AND (k <= 8428307))

table 7 : explain SELECT k, c FROM sbtest7 WHERE k BETWEEN 8428207 AND 8428307
	Bitmap Heap Scan on sbtest7  (cost=5.43..389.37 rows=97 width=125)
	  Recheck Cond: ((k >= 8428207) AND (k <= 8428307))
	  ->  Bitmap Index Scan on k_7  (cost=0.00..5.40 rows=97 width=0)
	        Index Cond: ((k >= 8428207) AND (k <= 8428307))

table 8 : explain SELECT k, c FROM sbtest8 WHERE k BETWEEN 8428207 AND 8428307
	Bitmap Heap Scan on sbtest8  (cost=5.47..405.13 rows=101 width=125)
	  Recheck Cond: ((k >= 8428207) AND (k <= 8428307))
	  ->  Bitmap Index Scan on k_8  (cost=0.00..5.44 rows=101 width=0)
	        Index Cond: ((k >= 8428207) AND (k <= 8428307))

explain: for range-notcovered :: explain SELECT k, c FROM sbtest%d WHERE k BETWEEN 4822140 AND 4822240
explain: for range-notcovered :: explain SELECT k, c FROM sbtest%d WHERE k BETWEEN 8428207 AND 8428307
for range-notcovered
table 1 : explain SELECT k, c FROM sbtest1 WHERE k BETWEEN 6367509 AND 6367609
	Bitmap Heap Scan on sbtest1  (cost=5.49..413.00 rows=103 width=125)
	  Recheck Cond: ((k >= 6367509) AND (k <= 6367609))
	  ->  Bitmap Index Scan on k_1  (cost=0.00..5.46 rows=103 width=0)
	        Index Cond: ((k >= 6367509) AND (k <= 6367609))

table 2 : explain SELECT k, c FROM sbtest2 WHERE k BETWEEN 6367509 AND 6367609
	Bitmap Heap Scan on sbtest2  (cost=5.56..440.56 rows=110 width=125)
	  Recheck Cond: ((k >= 6367509) AND (k <= 6367609))
	  ->  Bitmap Index Scan on k_2  (cost=0.00..5.53 rows=110 width=0)
	        Index Cond: ((k >= 6367509) AND (k <= 6367609))

table 3 : explain SELECT k, c FROM sbtest3 WHERE k BETWEEN 6367509 AND 6367609
	Bitmap Heap Scan on sbtest3  (cost=5.44..393.31 rows=98 width=125)
	  Recheck Cond: ((k >= 6367509) AND (k <= 6367609))
	  ->  Bitmap Index Scan on k_3  (cost=0.00..5.42 rows=98 width=0)
	        Index Cond: ((k >= 6367509) AND (k <= 6367609))

table 4 : explain SELECT k, c FROM sbtest4 WHERE k BETWEEN 6367509 AND 6367609
	Bitmap Heap Scan on sbtest4  (cost=5.51..420.88 rows=105 width=125)
	  Recheck Cond: ((k >= 6367509) AND (k <= 6367609))
	  ->  Bitmap Index Scan on k_4  (cost=0.00..5.48 rows=105 width=0)
	        Index Cond: ((k >= 6367509) AND (k <= 6367609))

table 5 : explain SELECT k, c FROM sbtest5 WHERE k BETWEEN 6367509 AND 6367609
	Bitmap Heap Scan on sbtest5  (cost=5.59..452.36 rows=113 width=125)
	  Recheck Cond: ((k >= 6367509) AND (k <= 6367609))
	  ->  Bitmap Index Scan on k_5  (cost=0.00..5.56 rows=113 width=0)
	        Index Cond: ((k >= 6367509) AND (k <= 6367609))

table 6 : explain SELECT k, c FROM sbtest6 WHERE k BETWEEN 6367509 AND 6367609
	Bitmap Heap Scan on sbtest6  (cost=5.40..377.55 rows=94 width=125)
	  Recheck Cond: ((k >= 6367509) AND (k <= 6367609))
	  ->  Bitmap Index Scan on k_6  (cost=0.00..5.38 rows=94 width=0)
	        Index Cond: ((k >= 6367509) AND (k <= 6367609))

table 7 : explain SELECT k, c FROM sbtest7 WHERE k BETWEEN 6367509 AND 6367609
	Bitmap Heap Scan on sbtest7  (cost=5.55..436.62 rows=109 width=125)
	  Recheck Cond: ((k >= 6367509) AND (k <= 6367609))
	  ->  Bitmap Index Scan on k_7  (cost=0.00..5.52 rows=109 width=0)
	        Index Cond: ((k >= 6367509) AND (k <= 6367609))

table 8 : explain SELECT k, c FROM sbtest8 WHERE k BETWEEN 6367509 AND 6367609
	Bitmap Heap Scan on sbtest8  (cost=5.45..397.25 rows=99 width=125)
	  Recheck Cond: ((k >= 6367509) AND (k <= 6367609))
	  ->  Bitmap Index Scan on k_8  (cost=0.00..5.42 rows=99 width=0)
	        Index Cond: ((k >= 6367509) AND (k <= 6367609))

explain: for range-notcovered :: explain SELECT k, c FROM sbtest%d WHERE k BETWEEN 6367509 AND 6367609
for range-notcovered
table 1 : explain SELECT k, c FROM sbtest1 WHERE k BETWEEN 4796999 AND 4797099
	Bitmap Heap Scan on sbtest1  (cost=5.54..432.69 rows=108 width=125)
	  Recheck Cond: ((k >= 4796999) AND (k <= 4797099))
	  ->  Bitmap Index Scan on k_1  (cost=0.00..5.51 rows=108 width=0)
	        Index Cond: ((k >= 4796999) AND (k <= 4797099))

table 2 : explain SELECT k, c FROM sbtest2 WHERE k BETWEEN 4796999 AND 4797099
	Bitmap Heap Scan on sbtest2  (cost=5.61..460.22 rows=115 width=125)
	  Recheck Cond: ((k >= 4796999) AND (k <= 4797099))
	  ->  Bitmap Index Scan on k_2  (cost=0.00..5.58 rows=115 width=0)
	        Index Cond: ((k >= 4796999) AND (k <= 4797099))

table 3 : explain SELECT k, c FROM sbtest3 WHERE k BETWEEN 4796999 AND 4797099
	Bitmap Heap Scan on sbtest3  (cost=5.54..432.69 rows=108 width=125)
	  Recheck Cond: ((k >= 4796999) AND (k <= 4797099))
	  ->  Bitmap Index Scan on k_3  (cost=0.00..5.51 rows=108 width=0)
	        Index Cond: ((k >= 4796999) AND (k <= 4797099))

table 4 : explain SELECT k, c FROM sbtest4 WHERE k BETWEEN 4796999 AND 4797099
	Bitmap Heap Scan on sbtest4  (cost=5.57..444.49 rows=111 width=125)
	  Recheck Cond: ((k >= 4796999) AND (k <= 4797099))
	  ->  Bitmap Index Scan on k_4  (cost=0.00..5.54 rows=111 width=0)
	        Index Cond: ((k >= 4796999) AND (k <= 4797099))

table 5 : explain SELECT k, c FROM sbtest5 WHERE k BETWEEN 4796999 AND 4797099
	Bitmap Heap Scan on sbtest5  (cost=5.50..416.94 rows=104 width=125)
	  Recheck Cond: ((k >= 4796999) AND (k <= 4797099))
	  ->  Bitmap Index Scan on k_5  (cost=0.00..5.47 rows=104 width=0)
	        Index Cond: ((k >= 4796999) AND (k <= 4797099))

table 6 : explain SELECT k, c FROM sbtest6 WHERE k BETWEEN 4796999 AND 4797099
	Bitmap Heap Scan on sbtest6  (cost=5.45..397.25 rows=99 width=125)
	  Recheck Cond: ((k >= 4796999) AND (k <= 4797099))
	  ->  Bitmap Index Scan on k_6  (cost=0.00..5.42 rows=99 width=0)
	        Index Cond: ((k >= 4796999) AND (k <= 4797099))

table 7 : explain SELECT k, c FROM sbtest7 WHERE k BETWEEN 4796999 AND 4797099
	Bitmap Heap Scan on sbtest7  (cost=5.40..377.55 rows=94 width=125)
	  Recheck Cond: ((k >= 4796999) AND (k <= 4797099))
	  ->  Bitmap Index Scan on k_7  (cost=0.00..5.38 rows=94 width=0)
	        Index Cond: ((k >= 4796999) AND (k <= 4797099))

table 8 : explain SELECT k, c FROM sbtest8 WHERE k BETWEEN 4796999 AND 4797099
	Bitmap Heap Scan on sbtest8  (cost=5.58..448.42 rows=112 width=125)
	  Recheck Cond: ((k >= 4796999) AND (k <= 4797099))
	  ->  Bitmap Index Scan on k_8  (cost=0.00..5.55 rows=112 width=0)
	        Index Cond: ((k >= 4796999) AND (k <= 4797099))

explain: for range-notcovered :: explain SELECT k, c FROM sbtest%d WHERE k BETWEEN 4796999 AND 4797099
for range-notcovered
table 1 : explain SELECT k, c FROM sbtest1 WHERE k BETWEEN 5514431 AND 5514531
	Bitmap Heap Scan on sbtest1  (cost=5.45..397.25 rows=99 width=125)
	  Recheck Cond: ((k >= 5514431) AND (k <= 5514531))
	  ->  Bitmap Index Scan on k_1  (cost=0.00..5.42 rows=99 width=0)
	        Index Cond: ((k >= 5514431) AND (k <= 5514531))

table 2 : explain SELECT k, c FROM sbtest2 WHERE k BETWEEN 5514431 AND 5514531
	Bitmap Heap Scan on sbtest2  (cost=5.50..416.94 rows=104 width=125)
	  Recheck Cond: ((k >= 5514431) AND (k <= 5514531))
	  ->  Bitmap Index Scan on k_2  (cost=0.00..5.47 rows=104 width=0)
	        Index Cond: ((k >= 5514431) AND (k <= 5514531))

table 3 : explain SELECT k, c FROM sbtest3 WHERE k BETWEEN 5514431 AND 5514531
	Bitmap Heap Scan on sbtest3  (cost=5.46..401.19 rows=100 width=125)
	  Recheck Cond: ((k >= 5514431) AND (k <= 5514531))
	  ->  Bitmap Index Scan on k_3  (cost=0.00..5.43 rows=100 width=0)
	        Index Cond: ((k >= 5514431) AND (k <= 5514531))

table 4 : explain SELECT k, c FROM sbtest4 WHERE k BETWEEN 5514431 AND 5514531
	Bitmap Heap Scan on sbtest4  (cost=5.45..397.25 rows=99 width=125)
	  Recheck Cond: ((k >= 5514431) AND (k <= 5514531))
	  ->  Bitmap Index Scan on k_4  (cost=0.00..5.42 rows=99 width=0)
	        Index Cond: ((k >= 5514431) AND (k <= 5514531))

table 5 : explain SELECT k, c FROM sbtest5 WHERE k BETWEEN 5514431 AND 5514531
	Bitmap Heap Scan on sbtest5  (cost=5.48..409.07 rows=102 width=125)
	  Recheck Cond: ((k >= 5514431) AND (k <= 5514531))
	  ->  Bitmap Index Scan on k_5  (cost=0.00..5.45 rows=102 width=0)
	        Index Cond: ((k >= 5514431) AND (k <= 5514531))

table 6 : explain SELECT k, c FROM sbtest6 WHERE k BETWEEN 5514431 AND 5514531
	Bitmap Heap Scan on sbtest6  (cost=5.34..353.89 rows=88 width=125)
	  Recheck Cond: ((k >= 5514431) AND (k <= 5514531))
	  ->  Bitmap Index Scan on k_6  (cost=0.00..5.31 rows=88 width=0)
	        Index Cond: ((k >= 5514431) AND (k <= 5514531))

table 7 : explain SELECT k, c FROM sbtest7 WHERE k BETWEEN 5514431 AND 5514531
	Bitmap Heap Scan on sbtest7  (cost=5.52..424.81 rows=106 width=125)
	  Recheck Cond: ((k >= 5514431) AND (k <= 5514531))
	  ->  Bitmap Index Scan on k_7  (cost=0.00..5.50 rows=106 width=0)
	        Index Cond: ((k >= 5514431) AND (k <= 5514531))

table 8 : explain SELECT k, c FROM sbtest8 WHERE k BETWEEN 5514431 AND 5514531
	Bitmap Heap Scan on sbtest8  (cost=5.48..409.07 rows=102 width=125)
	  Recheck Cond: ((k >= 5514431) AND (k <= 5514531))
	  ->  Bitmap Index Scan on k_8  (cost=0.00..5.45 rows=102 width=0)
	        Index Cond: ((k >= 5514431) AND (k <= 5514531))

explain: for range-notcovered :: explain SELECT k, c FROM sbtest%d WHERE k BETWEEN 5509788 AND 5509888
for range-notcovered
table 1 : explain SELECT k, c FROM sbtest1 WHERE k BETWEEN 8428207 AND 8428307
	Bitmap Heap Scan on sbtest1  (cost=5.45..397.25 rows=99 width=125)
	  Recheck Cond: ((k >= 8428207) AND (k <= 8428307))
	  ->  Bitmap Index Scan on k_1  (cost=0.00..5.42 rows=99 width=0)
	        Index Cond: ((k >= 8428207) AND (k <= 8428307))

table 2 : explain SELECT k, c FROM sbtest2 WHERE k BETWEEN 8428207 AND 8428307
	Bitmap Heap Scan on sbtest2  (cost=5.49..413.00 rows=103 width=125)
	  Recheck Cond: ((k >= 8428207) AND (k <= 8428307))
	  ->  Bitmap Index Scan on k_2  (cost=0.00..5.46 rows=103 width=0)
	        Index Cond: ((k >= 8428207) AND (k <= 8428307))

table 3 : explain SELECT k, c FROM sbtest3 WHERE k BETWEEN 8428207 AND 8428307
	Bitmap Heap Scan on sbtest3  (cost=5.48..409.07 rows=102 width=125)
	  Recheck Cond: ((k >= 8428207) AND (k <= 8428307))
	  ->  Bitmap Index Scan on k_3  (cost=0.00..5.45 rows=102 width=0)
	        Index Cond: ((k >= 8428207) AND (k <= 8428307))

table 4 : explain SELECT k, c FROM sbtest4 WHERE k BETWEEN 8428207 AND 8428307
	Bitmap Heap Scan on sbtest4  (cost=5.59..452.36 rows=113 width=125)
	  Recheck Cond: ((k >= 8428207) AND (k <= 8428307))
	  ->  Bitmap Index Scan on k_4  (cost=0.00..5.56 rows=113 width=0)
	        Index Cond: ((k >= 8428207) AND (k <= 8428307))

table 5 : explain SELECT k, c FROM sbtest5 WHERE k BETWEEN 8428207 AND 8428307
	Bitmap Heap Scan on sbtest5  (cost=5.49..413.00 rows=103 width=125)
	  Recheck Cond: ((k >= 8428207) AND (k <= 8428307))
	  ->  Bitmap Index Scan on k_5  (cost=0.00..5.46 rows=103 width=0)
	        Index Cond: ((k >= 8428207) AND (k <= 8428307))

table 6 : explain SELECT k, c FROM sbtest6 WHERE k BETWEEN 8428207 AND 8428307
	Bitmap Heap Scan on sbtest6  (cost=5.51..420.88 rows=105 width=125)
	  Recheck Cond: ((k >= 8428207) AND (k <= 8428307))
	  ->  Bitmap Index Scan on k_6  (cost=0.00..5.48 rows=105 width=0)
	        Index Cond: ((k >= 8428207) AND (k <= 8428307))

table 7 : explain SELECT k, c FROM sbtest7 WHERE k BETWEEN 8428207 AND 8428307
	Bitmap Heap Scan on sbtest7  (cost=5.43..389.37 rows=97 width=125)
	  Recheck Cond: ((k >= 8428207) AND (k <= 8428307))
	  ->  Bitmap Index Scan on k_7  (cost=0.00..5.40 rows=97 width=0)
	        Index Cond: ((k >= 8428207) AND (k <= 8428307))

table 8 : explain SELECT k, c FROM sbtest8 WHERE k BETWEEN 8428207 AND 8428307
	Bitmap Heap Scan on sbtest8  (cost=5.47..405.13 rows=101 width=125)
	  Recheck Cond: ((k >= 8428207) AND (k <= 8428307))
	  ->  Bitmap Index Scan on k_8  (cost=0.00..5.44 rows=101 width=0)
	        Index Cond: ((k >= 8428207) AND (k <= 8428307))

for range-notcovered
table 1 : explain SELECT k, c FROM sbtest1 WHERE k BETWEEN 8071975 AND 8072075
	Bitmap Heap Scan on sbtest1  (cost=5.53..428.75 rows=107 width=125)
	  Recheck Cond: ((k >= 8071975) AND (k <= 8072075))
	  ->  Bitmap Index Scan on k_1  (cost=0.00..5.50 rows=107 width=0)
	        Index Cond: ((k >= 8071975) AND (k <= 8072075))

table 2 : explain SELECT k, c FROM sbtest2 WHERE k BETWEEN 8071975 AND 8072075
	Bitmap Heap Scan on sbtest2  (cost=5.51..420.88 rows=105 width=125)
	  Recheck Cond: ((k >= 8071975) AND (k <= 8072075))
	  ->  Bitmap Index Scan on k_2  (cost=0.00..5.48 rows=105 width=0)
	        Index Cond: ((k >= 8071975) AND (k <= 8072075))

table 3 : explain SELECT k, c FROM sbtest3 WHERE k BETWEEN 8071975 AND 8072075
	Bitmap Heap Scan on sbtest3  (cost=5.45..397.25 rows=99 width=125)
	  Recheck Cond: ((k >= 8071975) AND (k <= 8072075))
	  ->  Bitmap Index Scan on k_3  (cost=0.00..5.42 rows=99 width=0)
	        Index Cond: ((k >= 8071975) AND (k <= 8072075))

table 4 : explain SELECT k, c FROM sbtest4 WHERE k BETWEEN 8071975 AND 8072075
	Bitmap Heap Scan on sbtest4  (cost=5.40..377.55 rows=94 width=125)
	  Recheck Cond: ((k >= 8071975) AND (k <= 8072075))
	  ->  Bitmap Index Scan on k_4  (cost=0.00..5.38 rows=94 width=0)
	        Index Cond: ((k >= 8071975) AND (k <= 8072075))

table 5 : explain SELECT k, c FROM sbtest5 WHERE k BETWEEN 8071975 AND 8072075
	Bitmap Heap Scan on sbtest5  (cost=5.56..440.56 rows=110 width=125)
	  Recheck Cond: ((k >= 8071975) AND (k <= 8072075))
	  ->  Bitmap Index Scan on k_5  (cost=0.00..5.53 rows=110 width=0)
	        Index Cond: ((k >= 8071975) AND (k <= 8072075))

table 6 : explain SELECT k, c FROM sbtest6 WHERE k BETWEEN 8071975 AND 8072075
	Bitmap Heap Scan on sbtest6  (cost=5.58..448.42 rows=112 width=125)
	  Recheck Cond: ((k >= 8071975) AND (k <= 8072075))
	  ->  Bitmap Index Scan on k_6  (cost=0.00..5.55 rows=112 width=0)
	        Index Cond: ((k >= 8071975) AND (k <= 8072075))

table 7 : explain SELECT k, c FROM sbtest7 WHERE k BETWEEN 8071975 AND 8072075
	Bitmap Heap Scan on sbtest7  (cost=5.47..405.13 rows=101 width=125)
	  Recheck Cond: ((k >= 8071975) AND (k <= 8072075))
	  ->  Bitmap Index Scan on k_7  (cost=0.00..5.44 rows=101 width=0)
	        Index Cond: ((k >= 8071975) AND (k <= 8072075))

table 8 : explain SELECT k, c FROM sbtest8 WHERE k BETWEEN 8071975 AND 8072075
	Bitmap Heap Scan on sbtest8  (cost=5.60..456.29 rows=114 width=125)
	  Recheck Cond: ((k >= 8071975) AND (k <= 8072075))
	  ->  Bitmap Index Scan on k_8  (cost=0.00..5.58 rows=114 width=0)
	        Index Cond: ((k >= 8071975) AND (k <= 8072075))

explain: for range-notcovered :: explain SELECT k, c FROM sbtest%d WHERE k BETWEEN 5514431 AND 5514531
explain: for range-notcovered :: explain SELECT k, c FROM sbtest%d WHERE k BETWEEN 8428207 AND 8428307
for range-notcovered
table 1 : explain SELECT k, c FROM sbtest1 WHERE k BETWEEN 4822140 AND 4822240
	Bitmap Heap Scan on sbtest1  (cost=5.54..432.69 rows=108 width=125)
	  Recheck Cond: ((k >= 4822140) AND (k <= 4822240))
	  ->  Bitmap Index Scan on k_1  (cost=0.00..5.51 rows=108 width=0)
	        Index Cond: ((k >= 4822140) AND (k <= 4822240))

table 2 : explain SELECT k, c FROM sbtest2 WHERE k BETWEEN 4822140 AND 4822240
	Bitmap Heap Scan on sbtest2  (cost=5.38..369.67 rows=92 width=125)
	  Recheck Cond: ((k >= 4822140) AND (k <= 4822240))
	  ->  Bitmap Index Scan on k_2  (cost=0.00..5.35 rows=92 width=0)
	        Index Cond: ((k >= 4822140) AND (k <= 4822240))

table 3 : explain SELECT k, c FROM sbtest3 WHERE k BETWEEN 4822140 AND 4822240
	Bitmap Heap Scan on sbtest3  (cost=5.56..440.56 rows=110 width=125)
	  Recheck Cond: ((k >= 4822140) AND (k <= 4822240))
	  ->  Bitmap Index Scan on k_3  (cost=0.00..5.53 rows=110 width=0)
	        Index Cond: ((k >= 4822140) AND (k <= 4822240))

table 4 : explain SELECT k, c FROM sbtest4 WHERE k BETWEEN 4822140 AND 4822240
	Bitmap Heap Scan on sbtest4  (cost=5.47..405.13 rows=101 width=125)
	  Recheck Cond: ((k >= 4822140) AND (k <= 4822240))
	  ->  Bitmap Index Scan on k_4  (cost=0.00..5.44 rows=101 width=0)
	        Index Cond: ((k >= 4822140) AND (k <= 4822240))

table 5 : explain SELECT k, c FROM sbtest5 WHERE k BETWEEN 4822140 AND 4822240
	Bitmap Heap Scan on sbtest5  (cost=5.50..416.94 rows=104 width=125)
	  Recheck Cond: ((k >= 4822140) AND (k <= 4822240))
	  ->  Bitmap Index Scan on k_5  (cost=0.00..5.47 rows=104 width=0)
	        Index Cond: ((k >= 4822140) AND (k <= 4822240))

table 6 : explain SELECT k, c FROM sbtest6 WHERE k BETWEEN 4822140 AND 4822240
	Bitmap Heap Scan on sbtest6  (cost=5.45..397.25 rows=99 width=125)
	  Recheck Cond: ((k >= 4822140) AND (k <= 4822240))
	  ->  Bitmap Index Scan on k_6  (cost=0.00..5.42 rows=99 width=0)
	        Index Cond: ((k >= 4822140) AND (k <= 4822240))

table 7 : explain SELECT k, c FROM sbtest7 WHERE k BETWEEN 4822140 AND 4822240
	Bitmap Heap Scan on sbtest7  (cost=5.49..413.00 rows=103 width=125)
	  Recheck Cond: ((k >= 4822140) AND (k <= 4822240))
	  ->  Bitmap Index Scan on k_7  (cost=0.00..5.46 rows=103 width=0)
	        Index Cond: ((k >= 4822140) AND (k <= 4822240))

table 8 : explain SELECT k, c FROM sbtest8 WHERE k BETWEEN 4822140 AND 4822240
	Bitmap Heap Scan on sbtest8  (cost=5.55..436.62 rows=109 width=125)
	  Recheck Cond: ((k >= 4822140) AND (k <= 4822240))
	  ->  Bitmap Index Scan on k_8  (cost=0.00..5.52 rows=109 width=0)
	        Index Cond: ((k >= 4822140) AND (k <= 4822240))

explain: for range-notcovered :: explain SELECT k, c FROM sbtest%d WHERE k BETWEEN 8071975 AND 8072075
for range-notcovered
table 1 : explain SELECT k, c FROM sbtest1 WHERE k BETWEEN 6367509 AND 6367609
	Bitmap Heap Scan on sbtest1  (cost=5.49..413.00 rows=103 width=125)
	  Recheck Cond: ((k >= 6367509) AND (k <= 6367609))
	  ->  Bitmap Index Scan on k_1  (cost=0.00..5.46 rows=103 width=0)
	        Index Cond: ((k >= 6367509) AND (k <= 6367609))

table 2 : explain SELECT k, c FROM sbtest2 WHERE k BETWEEN 6367509 AND 6367609
	Bitmap Heap Scan on sbtest2  (cost=5.56..440.56 rows=110 width=125)
	  Recheck Cond: ((k >= 6367509) AND (k <= 6367609))
	  ->  Bitmap Index Scan on k_2  (cost=0.00..5.53 rows=110 width=0)
	        Index Cond: ((k >= 6367509) AND (k <= 6367609))

table 3 : explain SELECT k, c FROM sbtest3 WHERE k BETWEEN 6367509 AND 6367609
	Bitmap Heap Scan on sbtest3  (cost=5.44..393.31 rows=98 width=125)
	  Recheck Cond: ((k >= 6367509) AND (k <= 6367609))
	  ->  Bitmap Index Scan on k_3  (cost=0.00..5.42 rows=98 width=0)
	        Index Cond: ((k >= 6367509) AND (k <= 6367609))

table 4 : explain SELECT k, c FROM sbtest4 WHERE k BETWEEN 6367509 AND 6367609
	Bitmap Heap Scan on sbtest4  (cost=5.51..420.88 rows=105 width=125)
	  Recheck Cond: ((k >= 6367509) AND (k <= 6367609))
	  ->  Bitmap Index Scan on k_4  (cost=0.00..5.48 rows=105 width=0)
	        Index Cond: ((k >= 6367509) AND (k <= 6367609))

table 5 : explain SELECT k, c FROM sbtest5 WHERE k BETWEEN 6367509 AND 6367609
	Bitmap Heap Scan on sbtest5  (cost=5.59..452.36 rows=113 width=125)
	  Recheck Cond: ((k >= 6367509) AND (k <= 6367609))
	  ->  Bitmap Index Scan on k_5  (cost=0.00..5.56 rows=113 width=0)
	        Index Cond: ((k >= 6367509) AND (k <= 6367609))

table 6 : explain SELECT k, c FROM sbtest6 WHERE k BETWEEN 6367509 AND 6367609
	Bitmap Heap Scan on sbtest6  (cost=5.40..377.55 rows=94 width=125)
	  Recheck Cond: ((k >= 6367509) AND (k <= 6367609))
	  ->  Bitmap Index Scan on k_6  (cost=0.00..5.38 rows=94 width=0)
	        Index Cond: ((k >= 6367509) AND (k <= 6367609))

table 7 : explain SELECT k, c FROM sbtest7 WHERE k BETWEEN 6367509 AND 6367609
	Bitmap Heap Scan on sbtest7  (cost=5.55..436.62 rows=109 width=125)
	  Recheck Cond: ((k >= 6367509) AND (k <= 6367609))
	  ->  Bitmap Index Scan on k_7  (cost=0.00..5.52 rows=109 width=0)
	        Index Cond: ((k >= 6367509) AND (k <= 6367609))

table 8 : explain SELECT k, c FROM sbtest8 WHERE k BETWEEN 6367509 AND 6367609
	Bitmap Heap Scan on sbtest8  (cost=5.45..397.25 rows=99 width=125)
	  Recheck Cond: ((k >= 6367509) AND (k <= 6367609))
	  ->  Bitmap Index Scan on k_8  (cost=0.00..5.42 rows=99 width=0)
	        Index Cond: ((k >= 6367509) AND (k <= 6367609))

explain: for range-notcovered :: explain SELECT k, c FROM sbtest%d WHERE k BETWEEN 4822140 AND 4822240
explain: for range-notcovered :: explain SELECT k, c FROM sbtest%d WHERE k BETWEEN 6367509 AND 6367609
for range-notcovered
table 1 : explain SELECT k, c FROM sbtest1 WHERE k BETWEEN 5514431 AND 5514531
	Bitmap Heap Scan on sbtest1  (cost=5.45..397.25 rows=99 width=125)
	  Recheck Cond: ((k >= 5514431) AND (k <= 5514531))
	  ->  Bitmap Index Scan on k_1  (cost=0.00..5.42 rows=99 width=0)
	        Index Cond: ((k >= 5514431) AND (k <= 5514531))

table 2 : explain SELECT k, c FROM sbtest2 WHERE k BETWEEN 5514431 AND 5514531
	Bitmap Heap Scan on sbtest2  (cost=5.50..416.94 rows=104 width=125)
	  Recheck Cond: ((k >= 5514431) AND (k <= 5514531))
	  ->  Bitmap Index Scan on k_2  (cost=0.00..5.47 rows=104 width=0)
	        Index Cond: ((k >= 5514431) AND (k <= 5514531))

table 3 : explain SELECT k, c FROM sbtest3 WHERE k BETWEEN 5514431 AND 5514531
	Bitmap Heap Scan on sbtest3  (cost=5.46..401.19 rows=100 width=125)
	  Recheck Cond: ((k >= 5514431) AND (k <= 5514531))
	  ->  Bitmap Index Scan on k_3  (cost=0.00..5.43 rows=100 width=0)
	        Index Cond: ((k >= 5514431) AND (k <= 5514531))

table 4 : explain SELECT k, c FROM sbtest4 WHERE k BETWEEN 5514431 AND 5514531
	Bitmap Heap Scan on sbtest4  (cost=5.45..397.25 rows=99 width=125)
	  Recheck Cond: ((k >= 5514431) AND (k <= 5514531))
	  ->  Bitmap Index Scan on k_4  (cost=0.00..5.42 rows=99 width=0)
	        Index Cond: ((k >= 5514431) AND (k <= 5514531))

table 5 : explain SELECT k, c FROM sbtest5 WHERE k BETWEEN 5514431 AND 5514531
	Bitmap Heap Scan on sbtest5  (cost=5.48..409.07 rows=102 width=125)
	  Recheck Cond: ((k >= 5514431) AND (k <= 5514531))
	  ->  Bitmap Index Scan on k_5  (cost=0.00..5.45 rows=102 width=0)
	        Index Cond: ((k >= 5514431) AND (k <= 5514531))

table 6 : explain SELECT k, c FROM sbtest6 WHERE k BETWEEN 5514431 AND 5514531
	Bitmap Heap Scan on sbtest6  (cost=5.34..353.89 rows=88 width=125)
	  Recheck Cond: ((k >= 5514431) AND (k <= 5514531))
	  ->  Bitmap Index Scan on k_6  (cost=0.00..5.31 rows=88 width=0)
	        Index Cond: ((k >= 5514431) AND (k <= 5514531))

table 7 : explain SELECT k, c FROM sbtest7 WHERE k BETWEEN 5514431 AND 5514531
	Bitmap Heap Scan on sbtest7  (cost=5.52..424.81 rows=106 width=125)
	  Recheck Cond: ((k >= 5514431) AND (k <= 5514531))
	  ->  Bitmap Index Scan on k_7  (cost=0.00..5.50 rows=106 width=0)
	        Index Cond: ((k >= 5514431) AND (k <= 5514531))

table 8 : explain SELECT k, c FROM sbtest8 WHERE k BETWEEN 5514431 AND 5514531
	Bitmap Heap Scan on sbtest8  (cost=5.48..409.07 rows=102 width=125)
	  Recheck Cond: ((k >= 5514431) AND (k <= 5514531))
	  ->  Bitmap Index Scan on k_8  (cost=0.00..5.45 rows=102 width=0)
	        Index Cond: ((k >= 5514431) AND (k <= 5514531))

for range-notcovered
table 1 : explain SELECT k, c FROM sbtest1 WHERE k BETWEEN 8428207 AND 8428307
	Bitmap Heap Scan on sbtest1  (cost=5.45..397.25 rows=99 width=125)
	  Recheck Cond: ((k >= 8428207) AND (k <= 8428307))
	  ->  Bitmap Index Scan on k_1  (cost=0.00..5.42 rows=99 width=0)
	        Index Cond: ((k >= 8428207) AND (k <= 8428307))

table 2 : explain SELECT k, c FROM sbtest2 WHERE k BETWEEN 8428207 AND 8428307
	Bitmap Heap Scan on sbtest2  (cost=5.49..413.00 rows=103 width=125)
	  Recheck Cond: ((k >= 8428207) AND (k <= 8428307))
	  ->  Bitmap Index Scan on k_2  (cost=0.00..5.46 rows=103 width=0)
	        Index Cond: ((k >= 8428207) AND (k <= 8428307))

table 3 : explain SELECT k, c FROM sbtest3 WHERE k BETWEEN 8428207 AND 8428307
	Bitmap Heap Scan on sbtest3  (cost=5.48..409.07 rows=102 width=125)
	  Recheck Cond: ((k >= 8428207) AND (k <= 8428307))
	  ->  Bitmap Index Scan on k_3  (cost=0.00..5.45 rows=102 width=0)
	        Index Cond: ((k >= 8428207) AND (k <= 8428307))

table 4 : explain SELECT k, c FROM sbtest4 WHERE k BETWEEN 8428207 AND 8428307
	Bitmap Heap Scan on sbtest4  (cost=5.59..452.36 rows=113 width=125)
	  Recheck Cond: ((k >= 8428207) AND (k <= 8428307))
	  ->  Bitmap Index Scan on k_4  (cost=0.00..5.56 rows=113 width=0)
	        Index Cond: ((k >= 8428207) AND (k <= 8428307))

table 5 : explain SELECT k, c FROM sbtest5 WHERE k BETWEEN 8428207 AND 8428307
	Bitmap Heap Scan on sbtest5  (cost=5.49..413.00 rows=103 width=125)
	  Recheck Cond: ((k >= 8428207) AND (k <= 8428307))
	  ->  Bitmap Index Scan on k_5  (cost=0.00..5.46 rows=103 width=0)
	        Index Cond: ((k >= 8428207) AND (k <= 8428307))

table 6 : explain SELECT k, c FROM sbtest6 WHERE k BETWEEN 8428207 AND 8428307
	Bitmap Heap Scan on sbtest6  (cost=5.51..420.88 rows=105 width=125)
	  Recheck Cond: ((k >= 8428207) AND (k <= 8428307))
	  ->  Bitmap Index Scan on k_6  (cost=0.00..5.48 rows=105 width=0)
	        Index Cond: ((k >= 8428207) AND (k <= 8428307))

table 7 : explain SELECT k, c FROM sbtest7 WHERE k BETWEEN 8428207 AND 8428307
	Bitmap Heap Scan on sbtest7  (cost=5.43..389.37 rows=97 width=125)
	  Recheck Cond: ((k >= 8428207) AND (k <= 8428307))
	  ->  Bitmap Index Scan on k_7  (cost=0.00..5.40 rows=97 width=0)
	        Index Cond: ((k >= 8428207) AND (k <= 8428307))

table 8 : explain SELECT k, c FROM sbtest8 WHERE k BETWEEN 8428207 AND 8428307
	Bitmap Heap Scan on sbtest8  (cost=5.47..405.13 rows=101 width=125)
	  Recheck Cond: ((k >= 8428207) AND (k <= 8428307))
	  ->  Bitmap Index Scan on k_8  (cost=0.00..5.44 rows=101 width=0)
	        Index Cond: ((k >= 8428207) AND (k <= 8428307))

explain: for range-notcovered :: explain SELECT k, c FROM sbtest%d WHERE k BETWEEN 5514431 AND 5514531
for range-notcovered
table 1 : explain SELECT k, c FROM sbtest1 WHERE k BETWEEN 8071975 AND 8072075
	Bitmap Heap Scan on sbtest1  (cost=5.53..428.75 rows=107 width=125)
	  Recheck Cond: ((k >= 8071975) AND (k <= 8072075))
	  ->  Bitmap Index Scan on k_1  (cost=0.00..5.50 rows=107 width=0)
	        Index Cond: ((k >= 8071975) AND (k <= 8072075))

table 2 : explain SELECT k, c FROM sbtest2 WHERE k BETWEEN 8071975 AND 8072075
	Bitmap Heap Scan on sbtest2  (cost=5.51..420.88 rows=105 width=125)
	  Recheck Cond: ((k >= 8071975) AND (k <= 8072075))
	  ->  Bitmap Index Scan on k_2  (cost=0.00..5.48 rows=105 width=0)
	        Index Cond: ((k >= 8071975) AND (k <= 8072075))

table 3 : explain SELECT k, c FROM sbtest3 WHERE k BETWEEN 8071975 AND 8072075
	Bitmap Heap Scan on sbtest3  (cost=5.45..397.25 rows=99 width=125)
	  Recheck Cond: ((k >= 8071975) AND (k <= 8072075))
	  ->  Bitmap Index Scan on k_3  (cost=0.00..5.42 rows=99 width=0)
	        Index Cond: ((k >= 8071975) AND (k <= 8072075))

table 4 : explain SELECT k, c FROM sbtest4 WHERE k BETWEEN 8071975 AND 8072075
	Bitmap Heap Scan on sbtest4  (cost=5.40..377.55 rows=94 width=125)
	  Recheck Cond: ((k >= 8071975) AND (k <= 8072075))
	  ->  Bitmap Index Scan on k_4  (cost=0.00..5.38 rows=94 width=0)
	        Index Cond: ((k >= 8071975) AND (k <= 8072075))

table 5 : explain SELECT k, c FROM sbtest5 WHERE k BETWEEN 8071975 AND 8072075
	Bitmap Heap Scan on sbtest5  (cost=5.56..440.56 rows=110 width=125)
	  Recheck Cond: ((k >= 8071975) AND (k <= 8072075))
	  ->  Bitmap Index Scan on k_5  (cost=0.00..5.53 rows=110 width=0)
	        Index Cond: ((k >= 8071975) AND (k <= 8072075))

table 6 : explain SELECT k, c FROM sbtest6 WHERE k BETWEEN 8071975 AND 8072075
	Bitmap Heap Scan on sbtest6  (cost=5.58..448.42 rows=112 width=125)
	  Recheck Cond: ((k >= 8071975) AND (k <= 8072075))
	  ->  Bitmap Index Scan on k_6  (cost=0.00..5.55 rows=112 width=0)
	        Index Cond: ((k >= 8071975) AND (k <= 8072075))

table 7 : explain SELECT k, c FROM sbtest7 WHERE k BETWEEN 8071975 AND 8072075
	Bitmap Heap Scan on sbtest7  (cost=5.47..405.13 rows=101 width=125)
	  Recheck Cond: ((k >= 8071975) AND (k <= 8072075))
	  ->  Bitmap Index Scan on k_7  (cost=0.00..5.44 rows=101 width=0)
	        Index Cond: ((k >= 8071975) AND (k <= 8072075))

table 8 : explain SELECT k, c FROM sbtest8 WHERE k BETWEEN 8071975 AND 8072075
	Bitmap Heap Scan on sbtest8  (cost=5.60..456.29 rows=114 width=125)
	  Recheck Cond: ((k >= 8071975) AND (k <= 8072075))
	  ->  Bitmap Index Scan on k_8  (cost=0.00..5.58 rows=114 width=0)
	        Index Cond: ((k >= 8071975) AND (k <= 8072075))

explain: for range-notcovered :: explain SELECT k, c FROM sbtest%d WHERE k BETWEEN 8428207 AND 8428307
explain: for range-notcovered :: explain SELECT k, c FROM sbtest%d WHERE k BETWEEN 8071975 AND 8072075
for range-notcovered
table 1 : explain SELECT k, c FROM sbtest1 WHERE k BETWEEN 4822140 AND 4822240
	Bitmap Heap Scan on sbtest1  (cost=5.54..432.69 rows=108 width=125)
	  Recheck Cond: ((k >= 4822140) AND (k <= 4822240))
	  ->  Bitmap Index Scan on k_1  (cost=0.00..5.51 rows=108 width=0)
	        Index Cond: ((k >= 4822140) AND (k <= 4822240))

table 2 : explain SELECT k, c FROM sbtest2 WHERE k BETWEEN 4822140 AND 4822240
	Bitmap Heap Scan on sbtest2  (cost=5.38..369.67 rows=92 width=125)
	  Recheck Cond: ((k >= 4822140) AND (k <= 4822240))
	  ->  Bitmap Index Scan on k_2  (cost=0.00..5.35 rows=92 width=0)
	        Index Cond: ((k >= 4822140) AND (k <= 4822240))

table 3 : explain SELECT k, c FROM sbtest3 WHERE k BETWEEN 4822140 AND 4822240
	Bitmap Heap Scan on sbtest3  (cost=5.56..440.56 rows=110 width=125)
	  Recheck Cond: ((k >= 4822140) AND (k <= 4822240))
	  ->  Bitmap Index Scan on k_3  (cost=0.00..5.53 rows=110 width=0)
	        Index Cond: ((k >= 4822140) AND (k <= 4822240))

table 4 : explain SELECT k, c FROM sbtest4 WHERE k BETWEEN 4822140 AND 4822240
	Bitmap Heap Scan on sbtest4  (cost=5.47..405.13 rows=101 width=125)
	  Recheck Cond: ((k >= 4822140) AND (k <= 4822240))
	  ->  Bitmap Index Scan on k_4  (cost=0.00..5.44 rows=101 width=0)
	        Index Cond: ((k >= 4822140) AND (k <= 4822240))

table 5 : explain SELECT k, c FROM sbtest5 WHERE k BETWEEN 4822140 AND 4822240
	Bitmap Heap Scan on sbtest5  (cost=5.50..416.94 rows=104 width=125)
	  Recheck Cond: ((k >= 4822140) AND (k <= 4822240))
	  ->  Bitmap Index Scan on k_5  (cost=0.00..5.47 rows=104 width=0)
	        Index Cond: ((k >= 4822140) AND (k <= 4822240))

table 6 : explain SELECT k, c FROM sbtest6 WHERE k BETWEEN 4822140 AND 4822240
	Bitmap Heap Scan on sbtest6  (cost=5.45..397.25 rows=99 width=125)
	  Recheck Cond: ((k >= 4822140) AND (k <= 4822240))
	  ->  Bitmap Index Scan on k_6  (cost=0.00..5.42 rows=99 width=0)
	        Index Cond: ((k >= 4822140) AND (k <= 4822240))

table 7 : explain SELECT k, c FROM sbtest7 WHERE k BETWEEN 4822140 AND 4822240
	Bitmap Heap Scan on sbtest7  (cost=5.49..413.00 rows=103 width=125)
	  Recheck Cond: ((k >= 4822140) AND (k <= 4822240))
	  ->  Bitmap Index Scan on k_7  (cost=0.00..5.46 rows=103 width=0)
	        Index Cond: ((k >= 4822140) AND (k <= 4822240))

table 8 : explain SELECT k, c FROM sbtest8 WHERE k BETWEEN 4822140 AND 4822240
	Bitmap Heap Scan on sbtest8  (cost=5.55..436.62 rows=109 width=125)
	  Recheck Cond: ((k >= 4822140) AND (k <= 4822240))
	  ->  Bitmap Index Scan on k_8  (cost=0.00..5.52 rows=109 width=0)
	        Index Cond: ((k >= 4822140) AND (k <= 4822240))

for range-notcovered
table 1 : explain SELECT k, c FROM sbtest1 WHERE k BETWEEN 6367509 AND 6367609
	Bitmap Heap Scan on sbtest1  (cost=5.49..413.00 rows=103 width=125)
	  Recheck Cond: ((k >= 6367509) AND (k <= 6367609))
	  ->  Bitmap Index Scan on k_1  (cost=0.00..5.46 rows=103 width=0)
	        Index Cond: ((k >= 6367509) AND (k <= 6367609))

table 2 : explain SELECT k, c FROM sbtest2 WHERE k BETWEEN 6367509 AND 6367609
	Bitmap Heap Scan on sbtest2  (cost=5.56..440.56 rows=110 width=125)
	  Recheck Cond: ((k >= 6367509) AND (k <= 6367609))
	  ->  Bitmap Index Scan on k_2  (cost=0.00..5.53 rows=110 width=0)
	        Index Cond: ((k >= 6367509) AND (k <= 6367609))

table 3 : explain SELECT k, c FROM sbtest3 WHERE k BETWEEN 6367509 AND 6367609
	Bitmap Heap Scan on sbtest3  (cost=5.44..393.31 rows=98 width=125)
	  Recheck Cond: ((k >= 6367509) AND (k <= 6367609))
	  ->  Bitmap Index Scan on k_3  (cost=0.00..5.42 rows=98 width=0)
	        Index Cond: ((k >= 6367509) AND (k <= 6367609))

table 4 : explain SELECT k, c FROM sbtest4 WHERE k BETWEEN 6367509 AND 6367609
	Bitmap Heap Scan on sbtest4  (cost=5.51..420.88 rows=105 width=125)
	  Recheck Cond: ((k >= 6367509) AND (k <= 6367609))
	  ->  Bitmap Index Scan on k_4  (cost=0.00..5.48 rows=105 width=0)
	        Index Cond: ((k >= 6367509) AND (k <= 6367609))

table 5 : explain SELECT k, c FROM sbtest5 WHERE k BETWEEN 6367509 AND 6367609
	Bitmap Heap Scan on sbtest5  (cost=5.59..452.36 rows=113 width=125)
	  Recheck Cond: ((k >= 6367509) AND (k <= 6367609))
	  ->  Bitmap Index Scan on k_5  (cost=0.00..5.56 rows=113 width=0)
	        Index Cond: ((k >= 6367509) AND (k <= 6367609))

table 6 : explain SELECT k, c FROM sbtest6 WHERE k BETWEEN 6367509 AND 6367609
	Bitmap Heap Scan on sbtest6  (cost=5.40..377.55 rows=94 width=125)
	  Recheck Cond: ((k >= 6367509) AND (k <= 6367609))
	  ->  Bitmap Index Scan on k_6  (cost=0.00..5.38 rows=94 width=0)
	        Index Cond: ((k >= 6367509) AND (k <= 6367609))

table 7 : explain SELECT k, c FROM sbtest7 WHERE k BETWEEN 6367509 AND 6367609
	Bitmap Heap Scan on sbtest7  (cost=5.55..436.62 rows=109 width=125)
	  Recheck Cond: ((k >= 6367509) AND (k <= 6367609))
	  ->  Bitmap Index Scan on k_7  (cost=0.00..5.52 rows=109 width=0)
	        Index Cond: ((k >= 6367509) AND (k <= 6367609))

table 8 : explain SELECT k, c FROM sbtest8 WHERE k BETWEEN 6367509 AND 6367609
	Bitmap Heap Scan on sbtest8  (cost=5.45..397.25 rows=99 width=125)
	  Recheck Cond: ((k >= 6367509) AND (k <= 6367609))
	  ->  Bitmap Index Scan on k_8  (cost=0.00..5.42 rows=99 width=0)
	        Index Cond: ((k >= 6367509) AND (k <= 6367609))

explain: for range-notcovered :: explain SELECT k, c FROM sbtest%d WHERE k BETWEEN 4822140 AND 4822240
explain: for range-notcovered :: explain SELECT k, c FROM sbtest%d WHERE k BETWEEN 6367509 AND 6367609
for range-notcovered
table 1 : explain SELECT k, c FROM sbtest1 WHERE k BETWEEN 5514431 AND 5514531
	Bitmap Heap Scan on sbtest1  (cost=5.45..397.25 rows=99 width=125)
	  Recheck Cond: ((k >= 5514431) AND (k <= 5514531))
	  ->  Bitmap Index Scan on k_1  (cost=0.00..5.42 rows=99 width=0)
	        Index Cond: ((k >= 5514431) AND (k <= 5514531))

table 2 : explain SELECT k, c FROM sbtest2 WHERE k BETWEEN 5514431 AND 5514531
	Bitmap Heap Scan on sbtest2  (cost=5.50..416.94 rows=104 width=125)
	  Recheck Cond: ((k >= 5514431) AND (k <= 5514531))
	  ->  Bitmap Index Scan on k_2  (cost=0.00..5.47 rows=104 width=0)
	        Index Cond: ((k >= 5514431) AND (k <= 5514531))

table 3 : explain SELECT k, c FROM sbtest3 WHERE k BETWEEN 5514431 AND 5514531
	Bitmap Heap Scan on sbtest3  (cost=5.46..401.19 rows=100 width=125)
	  Recheck Cond: ((k >= 5514431) AND (k <= 5514531))
	  ->  Bitmap Index Scan on k_3  (cost=0.00..5.43 rows=100 width=0)
	        Index Cond: ((k >= 5514431) AND (k <= 5514531))

table 4 : explain SELECT k, c FROM sbtest4 WHERE k BETWEEN 5514431 AND 5514531
	Bitmap Heap Scan on sbtest4  (cost=5.45..397.25 rows=99 width=125)
	  Recheck Cond: ((k >= 5514431) AND (k <= 5514531))
	  ->  Bitmap Index Scan on k_4  (cost=0.00..5.42 rows=99 width=0)
	        Index Cond: ((k >= 5514431) AND (k <= 5514531))

table 5 : explain SELECT k, c FROM sbtest5 WHERE k BETWEEN 5514431 AND 5514531
	Bitmap Heap Scan on sbtest5  (cost=5.48..409.07 rows=102 width=125)
	  Recheck Cond: ((k >= 5514431) AND (k <= 5514531))
	  ->  Bitmap Index Scan on k_5  (cost=0.00..5.45 rows=102 width=0)
	        Index Cond: ((k >= 5514431) AND (k <= 5514531))

table 6 : explain SELECT k, c FROM sbtest6 WHERE k BETWEEN 5514431 AND 5514531
	Bitmap Heap Scan on sbtest6  (cost=5.34..353.89 rows=88 width=125)
	  Recheck Cond: ((k >= 5514431) AND (k <= 5514531))
	  ->  Bitmap Index Scan on k_6  (cost=0.00..5.31 rows=88 width=0)
	        Index Cond: ((k >= 5514431) AND (k <= 5514531))

table 7 : explain SELECT k, c FROM sbtest7 WHERE k BETWEEN 5514431 AND 5514531
	Bitmap Heap Scan on sbtest7  (cost=5.52..424.81 rows=106 width=125)
	  Recheck Cond: ((k >= 5514431) AND (k <= 5514531))
	  ->  Bitmap Index Scan on k_7  (cost=0.00..5.50 rows=106 width=0)
	        Index Cond: ((k >= 5514431) AND (k <= 5514531))

table 8 : explain SELECT k, c FROM sbtest8 WHERE k BETWEEN 5514431 AND 5514531
	Bitmap Heap Scan on sbtest8  (cost=5.48..409.07 rows=102 width=125)
	  Recheck Cond: ((k >= 5514431) AND (k <= 5514531))
	  ->  Bitmap Index Scan on k_8  (cost=0.00..5.45 rows=102 width=0)
	        Index Cond: ((k >= 5514431) AND (k <= 5514531))

explain: for range-notcovered :: explain SELECT k, c FROM sbtest%d WHERE k BETWEEN 5514431 AND 5514531
for range-notcovered
table 1 : explain SELECT k, c FROM sbtest1 WHERE k BETWEEN 8071975 AND 8072075
	Bitmap Heap Scan on sbtest1  (cost=5.53..428.75 rows=107 width=125)
	  Recheck Cond: ((k >= 8071975) AND (k <= 8072075))
	  ->  Bitmap Index Scan on k_1  (cost=0.00..5.50 rows=107 width=0)
	        Index Cond: ((k >= 8071975) AND (k <= 8072075))

table 2 : explain SELECT k, c FROM sbtest2 WHERE k BETWEEN 8071975 AND 8072075
	Bitmap Heap Scan on sbtest2  (cost=5.51..420.88 rows=105 width=125)
	  Recheck Cond: ((k >= 8071975) AND (k <= 8072075))
	  ->  Bitmap Index Scan on k_2  (cost=0.00..5.48 rows=105 width=0)
	        Index Cond: ((k >= 8071975) AND (k <= 8072075))

table 3 : explain SELECT k, c FROM sbtest3 WHERE k BETWEEN 8071975 AND 8072075
	Bitmap Heap Scan on sbtest3  (cost=5.45..397.25 rows=99 width=125)
	  Recheck Cond: ((k >= 8071975) AND (k <= 8072075))
	  ->  Bitmap Index Scan on k_3  (cost=0.00..5.42 rows=99 width=0)
	        Index Cond: ((k >= 8071975) AND (k <= 8072075))

table 4 : explain SELECT k, c FROM sbtest4 WHERE k BETWEEN 8071975 AND 8072075
	Bitmap Heap Scan on sbtest4  (cost=5.40..377.55 rows=94 width=125)
	  Recheck Cond: ((k >= 8071975) AND (k <= 8072075))
	  ->  Bitmap Index Scan on k_4  (cost=0.00..5.38 rows=94 width=0)
	        Index Cond: ((k >= 8071975) AND (k <= 8072075))

table 5 : explain SELECT k, c FROM sbtest5 WHERE k BETWEEN 8071975 AND 8072075
	Bitmap Heap Scan on sbtest5  (cost=5.56..440.56 rows=110 width=125)
	  Recheck Cond: ((k >= 8071975) AND (k <= 8072075))
	  ->  Bitmap Index Scan on k_5  (cost=0.00..5.53 rows=110 width=0)
	        Index Cond: ((k >= 8071975) AND (k <= 8072075))

table 6 : explain SELECT k, c FROM sbtest6 WHERE k BETWEEN 8071975 AND 8072075
	Bitmap Heap Scan on sbtest6  (cost=5.58..448.42 rows=112 width=125)
	  Recheck Cond: ((k >= 8071975) AND (k <= 8072075))
	  ->  Bitmap Index Scan on k_6  (cost=0.00..5.55 rows=112 width=0)
	        Index Cond: ((k >= 8071975) AND (k <= 8072075))

table 7 : explain SELECT k, c FROM sbtest7 WHERE k BETWEEN 8071975 AND 8072075
	Bitmap Heap Scan on sbtest7  (cost=5.47..405.13 rows=101 width=125)
	  Recheck Cond: ((k >= 8071975) AND (k <= 8072075))
	  ->  Bitmap Index Scan on k_7  (cost=0.00..5.44 rows=101 width=0)
	        Index Cond: ((k >= 8071975) AND (k <= 8072075))

table 8 : explain SELECT k, c FROM sbtest8 WHERE k BETWEEN 8071975 AND 8072075
	Bitmap Heap Scan on sbtest8  (cost=5.60..456.29 rows=114 width=125)
	  Recheck Cond: ((k >= 8071975) AND (k <= 8072075))
	  ->  Bitmap Index Scan on k_8  (cost=0.00..5.58 rows=114 width=0)
	        Index Cond: ((k >= 8071975) AND (k <= 8072075))

for range-notcovered
table 1 : explain SELECT k, c FROM sbtest1 WHERE k BETWEEN 6367509 AND 6367609
	Bitmap Heap Scan on sbtest1  (cost=5.49..413.00 rows=103 width=125)
	  Recheck Cond: ((k >= 6367509) AND (k <= 6367609))
	  ->  Bitmap Index Scan on k_1  (cost=0.00..5.46 rows=103 width=0)
	        Index Cond: ((k >= 6367509) AND (k <= 6367609))

table 2 : explain SELECT k, c FROM sbtest2 WHERE k BETWEEN 6367509 AND 6367609
	Bitmap Heap Scan on sbtest2  (cost=5.56..440.56 rows=110 width=125)
	  Recheck Cond: ((k >= 6367509) AND (k <= 6367609))
	  ->  Bitmap Index Scan on k_2  (cost=0.00..5.53 rows=110 width=0)
	        Index Cond: ((k >= 6367509) AND (k <= 6367609))

table 3 : explain SELECT k, c FROM sbtest3 WHERE k BETWEEN 6367509 AND 6367609
	Bitmap Heap Scan on sbtest3  (cost=5.44..393.31 rows=98 width=125)
	  Recheck Cond: ((k >= 6367509) AND (k <= 6367609))
	  ->  Bitmap Index Scan on k_3  (cost=0.00..5.42 rows=98 width=0)
	        Index Cond: ((k >= 6367509) AND (k <= 6367609))

table 4 : explain SELECT k, c FROM sbtest4 WHERE k BETWEEN 6367509 AND 6367609
	Bitmap Heap Scan on sbtest4  (cost=5.51..420.88 rows=105 width=125)
	  Recheck Cond: ((k >= 6367509) AND (k <= 6367609))
	  ->  Bitmap Index Scan on k_4  (cost=0.00..5.48 rows=105 width=0)
	        Index Cond: ((k >= 6367509) AND (k <= 6367609))

table 5 : explain SELECT k, c FROM sbtest5 WHERE k BETWEEN 6367509 AND 6367609
	Bitmap Heap Scan on sbtest5  (cost=5.59..452.36 rows=113 width=125)
	  Recheck Cond: ((k >= 6367509) AND (k <= 6367609))
	  ->  Bitmap Index Scan on k_5  (cost=0.00..5.56 rows=113 width=0)
	        Index Cond: ((k >= 6367509) AND (k <= 6367609))

table 6 : explain SELECT k, c FROM sbtest6 WHERE k BETWEEN 6367509 AND 6367609
	Bitmap Heap Scan on sbtest6  (cost=5.40..377.55 rows=94 width=125)
	  Recheck Cond: ((k >= 6367509) AND (k <= 6367609))
	  ->  Bitmap Index Scan on k_6  (cost=0.00..5.38 rows=94 width=0)
	        Index Cond: ((k >= 6367509) AND (k <= 6367609))

table 7 : explain SELECT k, c FROM sbtest7 WHERE k BETWEEN 6367509 AND 6367609
	Bitmap Heap Scan on sbtest7  (cost=5.55..436.62 rows=109 width=125)
	  Recheck Cond: ((k >= 6367509) AND (k <= 6367609))
	  ->  Bitmap Index Scan on k_7  (cost=0.00..5.52 rows=109 width=0)
	        Index Cond: ((k >= 6367509) AND (k <= 6367609))

table 8 : explain SELECT k, c FROM sbtest8 WHERE k BETWEEN 6367509 AND 6367609
	Bitmap Heap Scan on sbtest8  (cost=5.45..397.25 rows=99 width=125)
	  Recheck Cond: ((k >= 6367509) AND (k <= 6367609))
	  ->  Bitmap Index Scan on k_8  (cost=0.00..5.42 rows=99 width=0)
	        Index Cond: ((k >= 6367509) AND (k <= 6367609))

explain: for range-notcovered :: explain SELECT k, c FROM sbtest%d WHERE k BETWEEN 8071975 AND 8072075
explain: for range-notcovered :: explain SELECT k, c FROM sbtest%d WHERE k BETWEEN 6367509 AND 6367609
for range-notcovered
table 1 : explain SELECT k, c FROM sbtest1 WHERE k BETWEEN 4822140 AND 4822240
	Bitmap Heap Scan on sbtest1  (cost=5.54..432.69 rows=108 width=125)
	  Recheck Cond: ((k >= 4822140) AND (k <= 4822240))
	  ->  Bitmap Index Scan on k_1  (cost=0.00..5.51 rows=108 width=0)
	        Index Cond: ((k >= 4822140) AND (k <= 4822240))

table 2 : explain SELECT k, c FROM sbtest2 WHERE k BETWEEN 4822140 AND 4822240
	Bitmap Heap Scan on sbtest2  (cost=5.38..369.67 rows=92 width=125)
	  Recheck Cond: ((k >= 4822140) AND (k <= 4822240))
	  ->  Bitmap Index Scan on k_2  (cost=0.00..5.35 rows=92 width=0)
	        Index Cond: ((k >= 4822140) AND (k <= 4822240))

table 3 : explain SELECT k, c FROM sbtest3 WHERE k BETWEEN 4822140 AND 4822240
	Bitmap Heap Scan on sbtest3  (cost=5.56..440.56 rows=110 width=125)
	  Recheck Cond: ((k >= 4822140) AND (k <= 4822240))
	  ->  Bitmap Index Scan on k_3  (cost=0.00..5.53 rows=110 width=0)
	        Index Cond: ((k >= 4822140) AND (k <= 4822240))

table 4 : explain SELECT k, c FROM sbtest4 WHERE k BETWEEN 4822140 AND 4822240
	Bitmap Heap Scan on sbtest4  (cost=5.47..405.13 rows=101 width=125)
	  Recheck Cond: ((k >= 4822140) AND (k <= 4822240))
	  ->  Bitmap Index Scan on k_4  (cost=0.00..5.44 rows=101 width=0)
	        Index Cond: ((k >= 4822140) AND (k <= 4822240))

table 5 : explain SELECT k, c FROM sbtest5 WHERE k BETWEEN 4822140 AND 4822240
	Bitmap Heap Scan on sbtest5  (cost=5.50..416.94 rows=104 width=125)
	  Recheck Cond: ((k >= 4822140) AND (k <= 4822240))
	  ->  Bitmap Index Scan on k_5  (cost=0.00..5.47 rows=104 width=0)
	        Index Cond: ((k >= 4822140) AND (k <= 4822240))

table 6 : explain SELECT k, c FROM sbtest6 WHERE k BETWEEN 4822140 AND 4822240
	Bitmap Heap Scan on sbtest6  (cost=5.45..397.25 rows=99 width=125)
	  Recheck Cond: ((k >= 4822140) AND (k <= 4822240))
	  ->  Bitmap Index Scan on k_6  (cost=0.00..5.42 rows=99 width=0)
	        Index Cond: ((k >= 4822140) AND (k <= 4822240))

table 7 : explain SELECT k, c FROM sbtest7 WHERE k BETWEEN 4822140 AND 4822240
	Bitmap Heap Scan on sbtest7  (cost=5.49..413.00 rows=103 width=125)
	  Recheck Cond: ((k >= 4822140) AND (k <= 4822240))
	  ->  Bitmap Index Scan on k_7  (cost=0.00..5.46 rows=103 width=0)
	        Index Cond: ((k >= 4822140) AND (k <= 4822240))

table 8 : explain SELECT k, c FROM sbtest8 WHERE k BETWEEN 4822140 AND 4822240
	Bitmap Heap Scan on sbtest8  (cost=5.55..436.62 rows=109 width=125)
	  Recheck Cond: ((k >= 4822140) AND (k <= 4822240))
	  ->  Bitmap Index Scan on k_8  (cost=0.00..5.52 rows=109 width=0)
	        Index Cond: ((k >= 4822140) AND (k <= 4822240))

explain: for range-notcovered :: explain SELECT k, c FROM sbtest%d WHERE k BETWEEN 4822140 AND 4822240
for range-notcovered
table 1 : explain SELECT k, c FROM sbtest1 WHERE k BETWEEN 5514431 AND 5514531
	Bitmap Heap Scan on sbtest1  (cost=5.45..397.25 rows=99 width=125)
	  Recheck Cond: ((k >= 5514431) AND (k <= 5514531))
	  ->  Bitmap Index Scan on k_1  (cost=0.00..5.42 rows=99 width=0)
	        Index Cond: ((k >= 5514431) AND (k <= 5514531))

table 2 : explain SELECT k, c FROM sbtest2 WHERE k BETWEEN 5514431 AND 5514531
	Bitmap Heap Scan on sbtest2  (cost=5.50..416.94 rows=104 width=125)
	  Recheck Cond: ((k >= 5514431) AND (k <= 5514531))
	  ->  Bitmap Index Scan on k_2  (cost=0.00..5.47 rows=104 width=0)
	        Index Cond: ((k >= 5514431) AND (k <= 5514531))

table 3 : explain SELECT k, c FROM sbtest3 WHERE k BETWEEN 5514431 AND 5514531
	Bitmap Heap Scan on sbtest3  (cost=5.46..401.19 rows=100 width=125)
	  Recheck Cond: ((k >= 5514431) AND (k <= 5514531))
	  ->  Bitmap Index Scan on k_3  (cost=0.00..5.43 rows=100 width=0)
	        Index Cond: ((k >= 5514431) AND (k <= 5514531))

table 4 : explain SELECT k, c FROM sbtest4 WHERE k BETWEEN 5514431 AND 5514531
	Bitmap Heap Scan on sbtest4  (cost=5.45..397.25 rows=99 width=125)
	  Recheck Cond: ((k >= 5514431) AND (k <= 5514531))
	  ->  Bitmap Index Scan on k_4  (cost=0.00..5.42 rows=99 width=0)
	        Index Cond: ((k >= 5514431) AND (k <= 5514531))

table 5 : explain SELECT k, c FROM sbtest5 WHERE k BETWEEN 5514431 AND 5514531
	Bitmap Heap Scan on sbtest5  (cost=5.48..409.07 rows=102 width=125)
	  Recheck Cond: ((k >= 5514431) AND (k <= 5514531))
	  ->  Bitmap Index Scan on k_5  (cost=0.00..5.45 rows=102 width=0)
	        Index Cond: ((k >= 5514431) AND (k <= 5514531))

table 6 : explain SELECT k, c FROM sbtest6 WHERE k BETWEEN 5514431 AND 5514531
	Bitmap Heap Scan on sbtest6  (cost=5.34..353.89 rows=88 width=125)
	  Recheck Cond: ((k >= 5514431) AND (k <= 5514531))
	  ->  Bitmap Index Scan on k_6  (cost=0.00..5.31 rows=88 width=0)
	        Index Cond: ((k >= 5514431) AND (k <= 5514531))

table 7 : explain SELECT k, c FROM sbtest7 WHERE k BETWEEN 5514431 AND 5514531
	Bitmap Heap Scan on sbtest7  (cost=5.52..424.81 rows=106 width=125)
	  Recheck Cond: ((k >= 5514431) AND (k <= 5514531))
	  ->  Bitmap Index Scan on k_7  (cost=0.00..5.50 rows=106 width=0)
	        Index Cond: ((k >= 5514431) AND (k <= 5514531))

table 8 : explain SELECT k, c FROM sbtest8 WHERE k BETWEEN 5514431 AND 5514531
	Bitmap Heap Scan on sbtest8  (cost=5.48..409.07 rows=102 width=125)
	  Recheck Cond: ((k >= 5514431) AND (k <= 5514531))
	  ->  Bitmap Index Scan on k_8  (cost=0.00..5.45 rows=102 width=0)
	        Index Cond: ((k >= 5514431) AND (k <= 5514531))

for range-notcovered
table 1 : explain SELECT k, c FROM sbtest1 WHERE k BETWEEN 6367509 AND 6367609
	Bitmap Heap Scan on sbtest1  (cost=5.49..413.00 rows=103 width=125)
	  Recheck Cond: ((k >= 6367509) AND (k <= 6367609))
	  ->  Bitmap Index Scan on k_1  (cost=0.00..5.46 rows=103 width=0)
	        Index Cond: ((k >= 6367509) AND (k <= 6367609))

table 2 : explain SELECT k, c FROM sbtest2 WHERE k BETWEEN 6367509 AND 6367609
	Bitmap Heap Scan on sbtest2  (cost=5.56..440.56 rows=110 width=125)
	  Recheck Cond: ((k >= 6367509) AND (k <= 6367609))
	  ->  Bitmap Index Scan on k_2  (cost=0.00..5.53 rows=110 width=0)
	        Index Cond: ((k >= 6367509) AND (k <= 6367609))

table 3 : explain SELECT k, c FROM sbtest3 WHERE k BETWEEN 6367509 AND 6367609
	Bitmap Heap Scan on sbtest3  (cost=5.44..393.31 rows=98 width=125)
	  Recheck Cond: ((k >= 6367509) AND (k <= 6367609))
	  ->  Bitmap Index Scan on k_3  (cost=0.00..5.42 rows=98 width=0)
	        Index Cond: ((k >= 6367509) AND (k <= 6367609))

table 4 : explain SELECT k, c FROM sbtest4 WHERE k BETWEEN 6367509 AND 6367609
	Bitmap Heap Scan on sbtest4  (cost=5.51..420.88 rows=105 width=125)
	  Recheck Cond: ((k >= 6367509) AND (k <= 6367609))
	  ->  Bitmap Index Scan on k_4  (cost=0.00..5.48 rows=105 width=0)
	        Index Cond: ((k >= 6367509) AND (k <= 6367609))

table 5 : explain SELECT k, c FROM sbtest5 WHERE k BETWEEN 6367509 AND 6367609
	Bitmap Heap Scan on sbtest5  (cost=5.59..452.36 rows=113 width=125)
	  Recheck Cond: ((k >= 6367509) AND (k <= 6367609))
	  ->  Bitmap Index Scan on k_5  (cost=0.00..5.56 rows=113 width=0)
	        Index Cond: ((k >= 6367509) AND (k <= 6367609))

table 6 : explain SELECT k, c FROM sbtest6 WHERE k BETWEEN 6367509 AND 6367609
	Bitmap Heap Scan on sbtest6  (cost=5.40..377.55 rows=94 width=125)
	  Recheck Cond: ((k >= 6367509) AND (k <= 6367609))
	  ->  Bitmap Index Scan on k_6  (cost=0.00..5.38 rows=94 width=0)
	        Index Cond: ((k >= 6367509) AND (k <= 6367609))

table 7 : explain SELECT k, c FROM sbtest7 WHERE k BETWEEN 6367509 AND 6367609
	Bitmap Heap Scan on sbtest7  (cost=5.55..436.62 rows=109 width=125)
	  Recheck Cond: ((k >= 6367509) AND (k <= 6367609))
	  ->  Bitmap Index Scan on k_7  (cost=0.00..5.52 rows=109 width=0)
	        Index Cond: ((k >= 6367509) AND (k <= 6367609))

table 8 : explain SELECT k, c FROM sbtest8 WHERE k BETWEEN 6367509 AND 6367609
	Bitmap Heap Scan on sbtest8  (cost=5.45..397.25 rows=99 width=125)
	  Recheck Cond: ((k >= 6367509) AND (k <= 6367609))
	  ->  Bitmap Index Scan on k_8  (cost=0.00..5.42 rows=99 width=0)
	        Index Cond: ((k >= 6367509) AND (k <= 6367609))
explain: for range-notcovered :: explain SELECT k, c FROM sbtest%d WHERE k BETWEEN 5514431 AND 5514531

explain: for range-notcovered :: explain SELECT k, c FROM sbtest%d WHERE k BETWEEN 5654426 AND 5654526
for range-notcovered
table 1 : explain SELECT k, c FROM sbtest1 WHERE k BETWEEN 4822140 AND 4822240
	Bitmap Heap Scan on sbtest1  (cost=5.54..432.69 rows=108 width=125)
	  Recheck Cond: ((k >= 4822140) AND (k <= 4822240))
	  ->  Bitmap Index Scan on k_1  (cost=0.00..5.51 rows=108 width=0)
	        Index Cond: ((k >= 4822140) AND (k <= 4822240))

table 2 : explain SELECT k, c FROM sbtest2 WHERE k BETWEEN 4822140 AND 4822240
	Bitmap Heap Scan on sbtest2  (cost=5.38..369.67 rows=92 width=125)
	  Recheck Cond: ((k >= 4822140) AND (k <= 4822240))
	  ->  Bitmap Index Scan on k_2  (cost=0.00..5.35 rows=92 width=0)
	        Index Cond: ((k >= 4822140) AND (k <= 4822240))

table 3 : explain SELECT k, c FROM sbtest3 WHERE k BETWEEN 4822140 AND 4822240
	Bitmap Heap Scan on sbtest3  (cost=5.56..440.56 rows=110 width=125)
	  Recheck Cond: ((k >= 4822140) AND (k <= 4822240))
	  ->  Bitmap Index Scan on k_3  (cost=0.00..5.53 rows=110 width=0)
	        Index Cond: ((k >= 4822140) AND (k <= 4822240))

table 4 : explain SELECT k, c FROM sbtest4 WHERE k BETWEEN 4822140 AND 4822240
	Bitmap Heap Scan on sbtest4  (cost=5.47..405.13 rows=101 width=125)
	  Recheck Cond: ((k >= 4822140) AND (k <= 4822240))
	  ->  Bitmap Index Scan on k_4  (cost=0.00..5.44 rows=101 width=0)
	        Index Cond: ((k >= 4822140) AND (k <= 4822240))

table 5 : explain SELECT k, c FROM sbtest5 WHERE k BETWEEN 4822140 AND 4822240
	Bitmap Heap Scan on sbtest5  (cost=5.50..416.94 rows=104 width=125)
	  Recheck Cond: ((k >= 4822140) AND (k <= 4822240))
	  ->  Bitmap Index Scan on k_5  (cost=0.00..5.47 rows=104 width=0)
	        Index Cond: ((k >= 4822140) AND (k <= 4822240))

table 6 : explain SELECT k, c FROM sbtest6 WHERE k BETWEEN 4822140 AND 4822240
	Bitmap Heap Scan on sbtest6  (cost=5.45..397.25 rows=99 width=125)
	  Recheck Cond: ((k >= 4822140) AND (k <= 4822240))
	  ->  Bitmap Index Scan on k_6  (cost=0.00..5.42 rows=99 width=0)
	        Index Cond: ((k >= 4822140) AND (k <= 4822240))

table 7 : explain SELECT k, c FROM sbtest7 WHERE k BETWEEN 4822140 AND 4822240
	Bitmap Heap Scan on sbtest7  (cost=5.49..413.00 rows=103 width=125)
	  Recheck Cond: ((k >= 4822140) AND (k <= 4822240))
	  ->  Bitmap Index Scan on k_7  (cost=0.00..5.46 rows=103 width=0)
	        Index Cond: ((k >= 4822140) AND (k <= 4822240))

table 8 : explain SELECT k, c FROM sbtest8 WHERE k BETWEEN 4822140 AND 4822240
	Bitmap Heap Scan on sbtest8  (cost=5.55..436.62 rows=109 width=125)
	  Recheck Cond: ((k >= 4822140) AND (k <= 4822240))
	  ->  Bitmap Index Scan on k_8  (cost=0.00..5.52 rows=109 width=0)
	        Index Cond: ((k >= 4822140) AND (k <= 4822240))

explain: for range-notcovered :: explain SELECT k, c FROM sbtest%d WHERE k BETWEEN 6367509 AND 6367609
for range-notcovered
table 1 : explain SELECT k, c FROM sbtest1 WHERE k BETWEEN 5287580 AND 5287680
	Bitmap Heap Scan on sbtest1  (cost=5.59..452.36 rows=113 width=125)
	  Recheck Cond: ((k >= 5287580) AND (k <= 5287680))
	  ->  Bitmap Index Scan on k_1  (cost=0.00..5.56 rows=113 width=0)
	        Index Cond: ((k >= 5287580) AND (k <= 5287680))

table 2 : explain SELECT k, c FROM sbtest2 WHERE k BETWEEN 5287580 AND 5287680
	Bitmap Heap Scan on sbtest2  (cost=5.48..409.07 rows=102 width=125)
	  Recheck Cond: ((k >= 5287580) AND (k <= 5287680))
	  ->  Bitmap Index Scan on k_2  (cost=0.00..5.45 rows=102 width=0)
	        Index Cond: ((k >= 5287580) AND (k <= 5287680))

table 3 : explain SELECT k, c FROM sbtest3 WHERE k BETWEEN 5287580 AND 5287680
	Bitmap Heap Scan on sbtest3  (cost=5.43..389.37 rows=97 width=125)
	  Recheck Cond: ((k >= 5287580) AND (k <= 5287680))
	  ->  Bitmap Index Scan on k_3  (cost=0.00..5.40 rows=97 width=0)
	        Index Cond: ((k >= 5287580) AND (k <= 5287680))

table 4 : explain SELECT k, c FROM sbtest4 WHERE k BETWEEN 5287580 AND 5287680
	Bitmap Heap Scan on sbtest4  (cost=5.48..409.07 rows=102 width=125)
	  Recheck Cond: ((k >= 5287580) AND (k <= 5287680))
	  ->  Bitmap Index Scan on k_4  (cost=0.00..5.45 rows=102 width=0)
	        Index Cond: ((k >= 5287580) AND (k <= 5287680))

table 5 : explain SELECT k, c FROM sbtest5 WHERE k BETWEEN 5287580 AND 5287680
	Bitmap Heap Scan on sbtest5  (cost=5.45..397.25 rows=99 width=125)
	  Recheck Cond: ((k >= 5287580) AND (k <= 5287680))
	  ->  Bitmap Index Scan on k_5  (cost=0.00..5.42 rows=99 width=0)
	        Index Cond: ((k >= 5287580) AND (k <= 5287680))

table 6 : explain SELECT k, c FROM sbtest6 WHERE k BETWEEN 5287580 AND 5287680
	Bitmap Heap Scan on sbtest6  (cost=5.56..440.56 rows=110 width=125)
	  Recheck Cond: ((k >= 5287580) AND (k <= 5287680))
	  ->  Bitmap Index Scan on k_6  (cost=0.00..5.53 rows=110 width=0)
	        Index Cond: ((k >= 5287580) AND (k <= 5287680))

table 7 : explain SELECT k, c FROM sbtest7 WHERE k BETWEEN 5287580 AND 5287680
	Bitmap Heap Scan on sbtest7  (cost=5.60..456.29 rows=114 width=125)
	  Recheck Cond: ((k >= 5287580) AND (k <= 5287680))
	  ->  Bitmap Index Scan on k_7  (cost=0.00..5.58 rows=114 width=0)
	        Index Cond: ((k >= 5287580) AND (k <= 5287680))

table 8 : explain SELECT k, c FROM sbtest8 WHERE k BETWEEN 5287580 AND 5287680
	Bitmap Heap Scan on sbtest8  (cost=5.57..444.49 rows=111 width=125)
	  Recheck Cond: ((k >= 5287580) AND (k <= 5287680))
	  ->  Bitmap Index Scan on k_8  (cost=0.00..5.54 rows=111 width=0)
	        Index Cond: ((k >= 5287580) AND (k <= 5287680))

explain: for range-notcovered :: explain SELECT k, c FROM sbtest%d WHERE k BETWEEN 4822140 AND 4822240
explain: for range-notcovered :: explain SELECT k, c FROM sbtest%d WHERE k BETWEEN 5287580 AND 5287680
explain: for range-notcovered :: explain SELECT k, c FROM sbtest%d WHERE k BETWEEN 3976787 AND 3976887
explain: for range-notcovered :: explain SELECT k, c FROM sbtest%d WHERE k BETWEEN 3432958 AND 3433058
for range-notcovered
table 1 : explain SELECT k, c FROM sbtest1 WHERE k BETWEEN 5514431 AND 5514531
	Bitmap Heap Scan on sbtest1  (cost=5.45..397.25 rows=99 width=125)
	  Recheck Cond: ((k >= 5514431) AND (k <= 5514531))
	  ->  Bitmap Index Scan on k_1  (cost=0.00..5.42 rows=99 width=0)
	        Index Cond: ((k >= 5514431) AND (k <= 5514531))

table 2 : explain SELECT k, c FROM sbtest2 WHERE k BETWEEN 5514431 AND 5514531
	Bitmap Heap Scan on sbtest2  (cost=5.50..416.94 rows=104 width=125)
	  Recheck Cond: ((k >= 5514431) AND (k <= 5514531))
	  ->  Bitmap Index Scan on k_2  (cost=0.00..5.47 rows=104 width=0)
	        Index Cond: ((k >= 5514431) AND (k <= 5514531))

table 3 : explain SELECT k, c FROM sbtest3 WHERE k BETWEEN 5514431 AND 5514531
	Bitmap Heap Scan on sbtest3  (cost=5.46..401.19 rows=100 width=125)
	  Recheck Cond: ((k >= 5514431) AND (k <= 5514531))
	  ->  Bitmap Index Scan on k_3  (cost=0.00..5.43 rows=100 width=0)
	        Index Cond: ((k >= 5514431) AND (k <= 5514531))

table 4 : explain SELECT k, c FROM sbtest4 WHERE k BETWEEN 5514431 AND 5514531
	Bitmap Heap Scan on sbtest4  (cost=5.45..397.25 rows=99 width=125)
	  Recheck Cond: ((k >= 5514431) AND (k <= 5514531))
	  ->  Bitmap Index Scan on k_4  (cost=0.00..5.42 rows=99 width=0)
	        Index Cond: ((k >= 5514431) AND (k <= 5514531))

table 5 : explain SELECT k, c FROM sbtest5 WHERE k BETWEEN 5514431 AND 5514531
	Bitmap Heap Scan on sbtest5  (cost=5.48..409.07 rows=102 width=125)
	  Recheck Cond: ((k >= 5514431) AND (k <= 5514531))
	  ->  Bitmap Index Scan on k_5  (cost=0.00..5.45 rows=102 width=0)
	        Index Cond: ((k >= 5514431) AND (k <= 5514531))

table 6 : explain SELECT k, c FROM sbtest6 WHERE k BETWEEN 5514431 AND 5514531
	Bitmap Heap Scan on sbtest6  (cost=5.34..353.89 rows=88 width=125)
	  Recheck Cond: ((k >= 5514431) AND (k <= 5514531))
	  ->  Bitmap Index Scan on k_6  (cost=0.00..5.31 rows=88 width=0)
	        Index Cond: ((k >= 5514431) AND (k <= 5514531))

table 7 : explain SELECT k, c FROM sbtest7 WHERE k BETWEEN 5514431 AND 5514531
	Bitmap Heap Scan on sbtest7  (cost=5.52..424.81 rows=106 width=125)
	  Recheck Cond: ((k >= 5514431) AND (k <= 5514531))
	  ->  Bitmap Index Scan on k_7  (cost=0.00..5.50 rows=106 width=0)
	        Index Cond: ((k >= 5514431) AND (k <= 5514531))

table 8 : explain SELECT k, c FROM sbtest8 WHERE k BETWEEN 5514431 AND 5514531
	Bitmap Heap Scan on sbtest8  (cost=5.48..409.07 rows=102 width=125)
	  Recheck Cond: ((k >= 5514431) AND (k <= 5514531))
	  ->  Bitmap Index Scan on k_8  (cost=0.00..5.45 rows=102 width=0)
	        Index Cond: ((k >= 5514431) AND (k <= 5514531))

for range-notcovered
table 1 : explain SELECT k, c FROM sbtest1 WHERE k BETWEEN 6367509 AND 6367609
	Bitmap Heap Scan on sbtest1  (cost=5.49..413.00 rows=103 width=125)
	  Recheck Cond: ((k >= 6367509) AND (k <= 6367609))
	  ->  Bitmap Index Scan on k_1  (cost=0.00..5.46 rows=103 width=0)
	        Index Cond: ((k >= 6367509) AND (k <= 6367609))

table 2 : explain SELECT k, c FROM sbtest2 WHERE k BETWEEN 6367509 AND 6367609
	Bitmap Heap Scan on sbtest2  (cost=5.56..440.56 rows=110 width=125)
	  Recheck Cond: ((k >= 6367509) AND (k <= 6367609))
	  ->  Bitmap Index Scan on k_2  (cost=0.00..5.53 rows=110 width=0)
	        Index Cond: ((k >= 6367509) AND (k <= 6367609))

table 3 : explain SELECT k, c FROM sbtest3 WHERE k BETWEEN 6367509 AND 6367609
	Bitmap Heap Scan on sbtest3  (cost=5.44..393.31 rows=98 width=125)
	  Recheck Cond: ((k >= 6367509) AND (k <= 6367609))
	  ->  Bitmap Index Scan on k_3  (cost=0.00..5.42 rows=98 width=0)
	        Index Cond: ((k >= 6367509) AND (k <= 6367609))

table 4 : explain SELECT k, c FROM sbtest4 WHERE k BETWEEN 6367509 AND 6367609
	Bitmap Heap Scan on sbtest4  (cost=5.51..420.88 rows=105 width=125)
	  Recheck Cond: ((k >= 6367509) AND (k <= 6367609))
	  ->  Bitmap Index Scan on k_4  (cost=0.00..5.48 rows=105 width=0)
	        Index Cond: ((k >= 6367509) AND (k <= 6367609))

table 5 : explain SELECT k, c FROM sbtest5 WHERE k BETWEEN 6367509 AND 6367609
	Bitmap Heap Scan on sbtest5  (cost=5.59..452.36 rows=113 width=125)
	  Recheck Cond: ((k >= 6367509) AND (k <= 6367609))
	  ->  Bitmap Index Scan on k_5  (cost=0.00..5.56 rows=113 width=0)
	        Index Cond: ((k >= 6367509) AND (k <= 6367609))

table 6 : explain SELECT k, c FROM sbtest6 WHERE k BETWEEN 6367509 AND 6367609
	Bitmap Heap Scan on sbtest6  (cost=5.40..377.55 rows=94 width=125)
	  Recheck Cond: ((k >= 6367509) AND (k <= 6367609))
	  ->  Bitmap Index Scan on k_6  (cost=0.00..5.38 rows=94 width=0)
	        Index Cond: ((k >= 6367509) AND (k <= 6367609))

table 7 : explain SELECT k, c FROM sbtest7 WHERE k BETWEEN 6367509 AND 6367609
	Bitmap Heap Scan on sbtest7  (cost=5.55..436.62 rows=109 width=125)
	  Recheck Cond: ((k >= 6367509) AND (k <= 6367609))
	  ->  Bitmap Index Scan on k_7  (cost=0.00..5.52 rows=109 width=0)
	        Index Cond: ((k >= 6367509) AND (k <= 6367609))

table 8 : explain SELECT k, c FROM sbtest8 WHERE k BETWEEN 6367509 AND 6367609
	Bitmap Heap Scan on sbtest8  (cost=5.45..397.25 rows=99 width=125)
	  Recheck Cond: ((k >= 6367509) AND (k <= 6367609))
	  ->  Bitmap Index Scan on k_8  (cost=0.00..5.42 rows=99 width=0)
	        Index Cond: ((k >= 6367509) AND (k <= 6367609))

explain: for range-notcovered :: explain SELECT k, c FROM sbtest%d WHERE k BETWEEN 5514431 AND 5514531
explain: for range-notcovered :: explain SELECT k, c FROM sbtest%d WHERE k BETWEEN 6367509 AND 6367609
for range-notcovered
table 1 : explain SELECT k, c FROM sbtest1 WHERE k BETWEEN 4822140 AND 4822240
	Bitmap Heap Scan on sbtest1  (cost=5.54..432.69 rows=108 width=125)
	  Recheck Cond: ((k >= 4822140) AND (k <= 4822240))
	  ->  Bitmap Index Scan on k_1  (cost=0.00..5.51 rows=108 width=0)
	        Index Cond: ((k >= 4822140) AND (k <= 4822240))

table 2 : explain SELECT k, c FROM sbtest2 WHERE k BETWEEN 4822140 AND 4822240
	Bitmap Heap Scan on sbtest2  (cost=5.38..369.67 rows=92 width=125)
	  Recheck Cond: ((k >= 4822140) AND (k <= 4822240))
	  ->  Bitmap Index Scan on k_2  (cost=0.00..5.35 rows=92 width=0)
	        Index Cond: ((k >= 4822140) AND (k <= 4822240))

table 3 : explain SELECT k, c FROM sbtest3 WHERE k BETWEEN 4822140 AND 4822240
	Bitmap Heap Scan on sbtest3  (cost=5.56..440.56 rows=110 width=125)
	  Recheck Cond: ((k >= 4822140) AND (k <= 4822240))
	  ->  Bitmap Index Scan on k_3  (cost=0.00..5.53 rows=110 width=0)
	        Index Cond: ((k >= 4822140) AND (k <= 4822240))

table 4 : explain SELECT k, c FROM sbtest4 WHERE k BETWEEN 4822140 AND 4822240
	Bitmap Heap Scan on sbtest4  (cost=5.47..405.13 rows=101 width=125)
	  Recheck Cond: ((k >= 4822140) AND (k <= 4822240))
	  ->  Bitmap Index Scan on k_4  (cost=0.00..5.44 rows=101 width=0)
	        Index Cond: ((k >= 4822140) AND (k <= 4822240))

table 5 : explain SELECT k, c FROM sbtest5 WHERE k BETWEEN 4822140 AND 4822240
	Bitmap Heap Scan on sbtest5  (cost=5.50..416.94 rows=104 width=125)
	  Recheck Cond: ((k >= 4822140) AND (k <= 4822240))
	  ->  Bitmap Index Scan on k_5  (cost=0.00..5.47 rows=104 width=0)
	        Index Cond: ((k >= 4822140) AND (k <= 4822240))

table 6 : explain SELECT k, c FROM sbtest6 WHERE k BETWEEN 4822140 AND 4822240
	Bitmap Heap Scan on sbtest6  (cost=5.45..397.25 rows=99 width=125)
	  Recheck Cond: ((k >= 4822140) AND (k <= 4822240))
	  ->  Bitmap Index Scan on k_6  (cost=0.00..5.42 rows=99 width=0)
	        Index Cond: ((k >= 4822140) AND (k <= 4822240))

table 7 : explain SELECT k, c FROM sbtest7 WHERE k BETWEEN 4822140 AND 4822240
	Bitmap Heap Scan on sbtest7  (cost=5.49..413.00 rows=103 width=125)
	  Recheck Cond: ((k >= 4822140) AND (k <= 4822240))
	  ->  Bitmap Index Scan on k_7  (cost=0.00..5.46 rows=103 width=0)
	        Index Cond: ((k >= 4822140) AND (k <= 4822240))

table 8 : explain SELECT k, c FROM sbtest8 WHERE k BETWEEN 4822140 AND 4822240
	Bitmap Heap Scan on sbtest8  (cost=5.55..436.62 rows=109 width=125)
	  Recheck Cond: ((k >= 4822140) AND (k <= 4822240))
	  ->  Bitmap Index Scan on k_8  (cost=0.00..5.52 rows=109 width=0)
	        Index Cond: ((k >= 4822140) AND (k <= 4822240))

explain: for range-notcovered :: explain SELECT k, c FROM sbtest%d WHERE k BETWEEN 5369804 AND 5369904
for range-notcovered
table 1 : explain SELECT k, c FROM sbtest1 WHERE k BETWEEN 8428207 AND 8428307
	Bitmap Heap Scan on sbtest1  (cost=5.45..397.25 rows=99 width=125)
	  Recheck Cond: ((k >= 8428207) AND (k <= 8428307))
	  ->  Bitmap Index Scan on k_1  (cost=0.00..5.42 rows=99 width=0)
	        Index Cond: ((k >= 8428207) AND (k <= 8428307))

table 2 : explain SELECT k, c FROM sbtest2 WHERE k BETWEEN 8428207 AND 8428307
	Bitmap Heap Scan on sbtest2  (cost=5.49..413.00 rows=103 width=125)
	  Recheck Cond: ((k >= 8428207) AND (k <= 8428307))
	  ->  Bitmap Index Scan on k_2  (cost=0.00..5.46 rows=103 width=0)
	        Index Cond: ((k >= 8428207) AND (k <= 8428307))

table 3 : explain SELECT k, c FROM sbtest3 WHERE k BETWEEN 8428207 AND 8428307
	Bitmap Heap Scan on sbtest3  (cost=5.48..409.07 rows=102 width=125)
	  Recheck Cond: ((k >= 8428207) AND (k <= 8428307))
	  ->  Bitmap Index Scan on k_3  (cost=0.00..5.45 rows=102 width=0)
	        Index Cond: ((k >= 8428207) AND (k <= 8428307))

table 4 : explain SELECT k, c FROM sbtest4 WHERE k BETWEEN 8428207 AND 8428307
	Bitmap Heap Scan on sbtest4  (cost=5.59..452.36 rows=113 width=125)
	  Recheck Cond: ((k >= 8428207) AND (k <= 8428307))
	  ->  Bitmap Index Scan on k_4  (cost=0.00..5.56 rows=113 width=0)
	        Index Cond: ((k >= 8428207) AND (k <= 8428307))

table 5 : explain SELECT k, c FROM sbtest5 WHERE k BETWEEN 8428207 AND 8428307
	Bitmap Heap Scan on sbtest5  (cost=5.49..413.00 rows=103 width=125)
	  Recheck Cond: ((k >= 8428207) AND (k <= 8428307))
	  ->  Bitmap Index Scan on k_5  (cost=0.00..5.46 rows=103 width=0)
	        Index Cond: ((k >= 8428207) AND (k <= 8428307))

table 6 : explain SELECT k, c FROM sbtest6 WHERE k BETWEEN 8428207 AND 8428307
	Bitmap Heap Scan on sbtest6  (cost=5.51..420.88 rows=105 width=125)
	  Recheck Cond: ((k >= 8428207) AND (k <= 8428307))
	  ->  Bitmap Index Scan on k_6  (cost=0.00..5.48 rows=105 width=0)
	        Index Cond: ((k >= 8428207) AND (k <= 8428307))

table 7 : explain SELECT k, c FROM sbtest7 WHERE k BETWEEN 8428207 AND 8428307
	Bitmap Heap Scan on sbtest7  (cost=5.43..389.37 rows=97 width=125)
	  Recheck Cond: ((k >= 8428207) AND (k <= 8428307))
	  ->  Bitmap Index Scan on k_7  (cost=0.00..5.40 rows=97 width=0)
	        Index Cond: ((k >= 8428207) AND (k <= 8428307))

table 8 : explain SELECT k, c FROM sbtest8 WHERE k BETWEEN 8428207 AND 8428307
	Bitmap Heap Scan on sbtest8  (cost=5.47..405.13 rows=101 width=125)
	  Recheck Cond: ((k >= 8428207) AND (k <= 8428307))
	  ->  Bitmap Index Scan on k_8  (cost=0.00..5.44 rows=101 width=0)
	        Index Cond: ((k >= 8428207) AND (k <= 8428307))

explain: for range-notcovered :: explain SELECT k, c FROM sbtest%d WHERE k BETWEEN 4822140 AND 4822240
for range-notcovered
table 1 : explain SELECT k, c FROM sbtest1 WHERE k BETWEEN 5287580 AND 5287680
	Bitmap Heap Scan on sbtest1  (cost=5.59..452.36 rows=113 width=125)
	  Recheck Cond: ((k >= 5287580) AND (k <= 5287680))
	  ->  Bitmap Index Scan on k_1  (cost=0.00..5.56 rows=113 width=0)
	        Index Cond: ((k >= 5287580) AND (k <= 5287680))

table 2 : explain SELECT k, c FROM sbtest2 WHERE k BETWEEN 5287580 AND 5287680
	Bitmap Heap Scan on sbtest2  (cost=5.48..409.07 rows=102 width=125)
	  Recheck Cond: ((k >= 5287580) AND (k <= 5287680))
	  ->  Bitmap Index Scan on k_2  (cost=0.00..5.45 rows=102 width=0)
	        Index Cond: ((k >= 5287580) AND (k <= 5287680))

table 3 : explain SELECT k, c FROM sbtest3 WHERE k BETWEEN 5287580 AND 5287680
	Bitmap Heap Scan on sbtest3  (cost=5.43..389.37 rows=97 width=125)
	  Recheck Cond: ((k >= 5287580) AND (k <= 5287680))
	  ->  Bitmap Index Scan on k_3  (cost=0.00..5.40 rows=97 width=0)
	        Index Cond: ((k >= 5287580) AND (k <= 5287680))

table 4 : explain SELECT k, c FROM sbtest4 WHERE k BETWEEN 5287580 AND 5287680
	Bitmap Heap Scan on sbtest4  (cost=5.48..409.07 rows=102 width=125)
	  Recheck Cond: ((k >= 5287580) AND (k <= 5287680))
	  ->  Bitmap Index Scan on k_4  (cost=0.00..5.45 rows=102 width=0)
	        Index Cond: ((k >= 5287580) AND (k <= 5287680))

table 5 : explain SELECT k, c FROM sbtest5 WHERE k BETWEEN 5287580 AND 5287680
	Bitmap Heap Scan on sbtest5  (cost=5.45..397.25 rows=99 width=125)
	  Recheck Cond: ((k >= 5287580) AND (k <= 5287680))
	  ->  Bitmap Index Scan on k_5  (cost=0.00..5.42 rows=99 width=0)
	        Index Cond: ((k >= 5287580) AND (k <= 5287680))

table 6 : explain SELECT k, c FROM sbtest6 WHERE k BETWEEN 5287580 AND 5287680
	Bitmap Heap Scan on sbtest6  (cost=5.56..440.56 rows=110 width=125)
	  Recheck Cond: ((k >= 5287580) AND (k <= 5287680))
	  ->  Bitmap Index Scan on k_6  (cost=0.00..5.53 rows=110 width=0)
	        Index Cond: ((k >= 5287580) AND (k <= 5287680))

table 7 : explain SELECT k, c FROM sbtest7 WHERE k BETWEEN 5287580 AND 5287680
	Bitmap Heap Scan on sbtest7  (cost=5.60..456.29 rows=114 width=125)
	  Recheck Cond: ((k >= 5287580) AND (k <= 5287680))
	  ->  Bitmap Index Scan on k_7  (cost=0.00..5.58 rows=114 width=0)
	        Index Cond: ((k >= 5287580) AND (k <= 5287680))

table 8 : explain SELECT k, c FROM sbtest8 WHERE k BETWEEN 5287580 AND 5287680
	Bitmap Heap Scan on sbtest8  (cost=5.57..444.49 rows=111 width=125)
	  Recheck Cond: ((k >= 5287580) AND (k <= 5287680))
	  ->  Bitmap Index Scan on k_8  (cost=0.00..5.54 rows=111 width=0)
	        Index Cond: ((k >= 5287580) AND (k <= 5287680))

explain: for range-notcovered :: explain SELECT k, c FROM sbtest%d WHERE k BETWEEN 8428207 AND 8428307
explain: for range-notcovered :: explain SELECT k, c FROM sbtest%d WHERE k BETWEEN 5287580 AND 5287680
for range-notcovered
table 1 : explain SELECT k, c FROM sbtest1 WHERE k BETWEEN 4796999 AND 4797099
	Bitmap Heap Scan on sbtest1  (cost=5.54..432.69 rows=108 width=125)
	  Recheck Cond: ((k >= 4796999) AND (k <= 4797099))
	  ->  Bitmap Index Scan on k_1  (cost=0.00..5.51 rows=108 width=0)
	        Index Cond: ((k >= 4796999) AND (k <= 4797099))

table 2 : explain SELECT k, c FROM sbtest2 WHERE k BETWEEN 4796999 AND 4797099
	Bitmap Heap Scan on sbtest2  (cost=5.61..460.22 rows=115 width=125)
	  Recheck Cond: ((k >= 4796999) AND (k <= 4797099))
	  ->  Bitmap Index Scan on k_2  (cost=0.00..5.58 rows=115 width=0)
	        Index Cond: ((k >= 4796999) AND (k <= 4797099))

table 3 : explain SELECT k, c FROM sbtest3 WHERE k BETWEEN 4796999 AND 4797099
	Bitmap Heap Scan on sbtest3  (cost=5.54..432.69 rows=108 width=125)
	  Recheck Cond: ((k >= 4796999) AND (k <= 4797099))
	  ->  Bitmap Index Scan on k_3  (cost=0.00..5.51 rows=108 width=0)
	        Index Cond: ((k >= 4796999) AND (k <= 4797099))

table 4 : explain SELECT k, c FROM sbtest4 WHERE k BETWEEN 4796999 AND 4797099
	Bitmap Heap Scan on sbtest4  (cost=5.57..444.49 rows=111 width=125)
	  Recheck Cond: ((k >= 4796999) AND (k <= 4797099))
	  ->  Bitmap Index Scan on k_4  (cost=0.00..5.54 rows=111 width=0)
	        Index Cond: ((k >= 4796999) AND (k <= 4797099))

table 5 : explain SELECT k, c FROM sbtest5 WHERE k BETWEEN 4796999 AND 4797099
	Bitmap Heap Scan on sbtest5  (cost=5.50..416.94 rows=104 width=125)
	  Recheck Cond: ((k >= 4796999) AND (k <= 4797099))
	  ->  Bitmap Index Scan on k_5  (cost=0.00..5.47 rows=104 width=0)
	        Index Cond: ((k >= 4796999) AND (k <= 4797099))

table 6 : explain SELECT k, c FROM sbtest6 WHERE k BETWEEN 4796999 AND 4797099
	Bitmap Heap Scan on sbtest6  (cost=5.45..397.25 rows=99 width=125)
	  Recheck Cond: ((k >= 4796999) AND (k <= 4797099))
	  ->  Bitmap Index Scan on k_6  (cost=0.00..5.42 rows=99 width=0)
	        Index Cond: ((k >= 4796999) AND (k <= 4797099))

table 7 : explain SELECT k, c FROM sbtest7 WHERE k BETWEEN 4796999 AND 4797099
	Bitmap Heap Scan on sbtest7  (cost=5.40..377.55 rows=94 width=125)
	  Recheck Cond: ((k >= 4796999) AND (k <= 4797099))
	  ->  Bitmap Index Scan on k_7  (cost=0.00..5.38 rows=94 width=0)
	        Index Cond: ((k >= 4796999) AND (k <= 4797099))

table 8 : explain SELECT k, c FROM sbtest8 WHERE k BETWEEN 4796999 AND 4797099
	Bitmap Heap Scan on sbtest8  (cost=5.58..448.42 rows=112 width=125)
	  Recheck Cond: ((k >= 4796999) AND (k <= 4797099))
	  ->  Bitmap Index Scan on k_8  (cost=0.00..5.55 rows=112 width=0)
	        Index Cond: ((k >= 4796999) AND (k <= 4797099))

explain: for range-notcovered :: explain SELECT k, c FROM sbtest%d WHERE k BETWEEN 4796999 AND 4797099
for range-notcovered
table 1 : explain SELECT k, c FROM sbtest1 WHERE k BETWEEN 4784777 AND 4784877
	Bitmap Heap Scan on sbtest1  (cost=5.54..432.69 rows=108 width=125)
	  Recheck Cond: ((k >= 4784777) AND (k <= 4784877))
	  ->  Bitmap Index Scan on k_1  (cost=0.00..5.51 rows=108 width=0)
	        Index Cond: ((k >= 4784777) AND (k <= 4784877))

table 2 : explain SELECT k, c FROM sbtest2 WHERE k BETWEEN 4784777 AND 4784877
	Bitmap Heap Scan on sbtest2  (cost=5.61..460.22 rows=115 width=125)
	  Recheck Cond: ((k >= 4784777) AND (k <= 4784877))
	  ->  Bitmap Index Scan on k_2  (cost=0.00..5.58 rows=115 width=0)
	        Index Cond: ((k >= 4784777) AND (k <= 4784877))

table 3 : explain SELECT k, c FROM sbtest3 WHERE k BETWEEN 4784777 AND 4784877
	Bitmap Heap Scan on sbtest3  (cost=5.54..432.69 rows=108 width=125)
	  Recheck Cond: ((k >= 4784777) AND (k <= 4784877))
	  ->  Bitmap Index Scan on k_3  (cost=0.00..5.51 rows=108 width=0)
	        Index Cond: ((k >= 4784777) AND (k <= 4784877))

table 4 : explain SELECT k, c FROM sbtest4 WHERE k BETWEEN 4784777 AND 4784877
	Bitmap Heap Scan on sbtest4  (cost=5.57..444.49 rows=111 width=125)
	  Recheck Cond: ((k >= 4784777) AND (k <= 4784877))
	  ->  Bitmap Index Scan on k_4  (cost=0.00..5.54 rows=111 width=0)
	        Index Cond: ((k >= 4784777) AND (k <= 4784877))

table 5 : explain SELECT k, c FROM sbtest5 WHERE k BETWEEN 4784777 AND 4784877
	Bitmap Heap Scan on sbtest5  (cost=5.50..416.94 rows=104 width=125)
	  Recheck Cond: ((k >= 4784777) AND (k <= 4784877))
	  ->  Bitmap Index Scan on k_5  (cost=0.00..5.47 rows=104 width=0)
	        Index Cond: ((k >= 4784777) AND (k <= 4784877))

table 6 : explain SELECT k, c FROM sbtest6 WHERE k BETWEEN 4784777 AND 4784877
	Bitmap Heap Scan on sbtest6  (cost=5.45..397.25 rows=99 width=125)
	  Recheck Cond: ((k >= 4784777) AND (k <= 4784877))
	  ->  Bitmap Index Scan on k_6  (cost=0.00..5.42 rows=99 width=0)
	        Index Cond: ((k >= 4784777) AND (k <= 4784877))

table 7 : explain SELECT k, c FROM sbtest7 WHERE k BETWEEN 4784777 AND 4784877
	Bitmap Heap Scan on sbtest7  (cost=5.40..377.55 rows=94 width=125)
	  Recheck Cond: ((k >= 4784777) AND (k <= 4784877))
	  ->  Bitmap Index Scan on k_7  (cost=0.00..5.38 rows=94 width=0)
	        Index Cond: ((k >= 4784777) AND (k <= 4784877))

table 8 : explain SELECT k, c FROM sbtest8 WHERE k BETWEEN 4784777 AND 4784877
	Bitmap Heap Scan on sbtest8  (cost=5.58..448.42 rows=112 width=125)
	  Recheck Cond: ((k >= 4784777) AND (k <= 4784877))
	  ->  Bitmap Index Scan on k_8  (cost=0.00..5.55 rows=112 width=0)
	        Index Cond: ((k >= 4784777) AND (k <= 4784877))

for range-notcovered
table 1 : explain SELECT k, c FROM sbtest1 WHERE k BETWEEN 5514431 AND 5514531
	Bitmap Heap Scan on sbtest1  (cost=5.45..397.25 rows=99 width=125)
	  Recheck Cond: ((k >= 5514431) AND (k <= 5514531))
	  ->  Bitmap Index Scan on k_1  (cost=0.00..5.42 rows=99 width=0)
	        Index Cond: ((k >= 5514431) AND (k <= 5514531))

table 2 : explain SELECT k, c FROM sbtest2 WHERE k BETWEEN 5514431 AND 5514531
	Bitmap Heap Scan on sbtest2  (cost=5.50..416.94 rows=104 width=125)
	  Recheck Cond: ((k >= 5514431) AND (k <= 5514531))
	  ->  Bitmap Index Scan on k_2  (cost=0.00..5.47 rows=104 width=0)
	        Index Cond: ((k >= 5514431) AND (k <= 5514531))

table 3 : explain SELECT k, c FROM sbtest3 WHERE k BETWEEN 5514431 AND 5514531
	Bitmap Heap Scan on sbtest3  (cost=5.46..401.19 rows=100 width=125)
	  Recheck Cond: ((k >= 5514431) AND (k <= 5514531))
	  ->  Bitmap Index Scan on k_3  (cost=0.00..5.43 rows=100 width=0)
	        Index Cond: ((k >= 5514431) AND (k <= 5514531))

table 4 : explain SELECT k, c FROM sbtest4 WHERE k BETWEEN 5514431 AND 5514531
	Bitmap Heap Scan on sbtest4  (cost=5.45..397.25 rows=99 width=125)
	  Recheck Cond: ((k >= 5514431) AND (k <= 5514531))
	  ->  Bitmap Index Scan on k_4  (cost=0.00..5.42 rows=99 width=0)
	        Index Cond: ((k >= 5514431) AND (k <= 5514531))

table 5 : explain SELECT k, c FROM sbtest5 WHERE k BETWEEN 5514431 AND 5514531
	Bitmap Heap Scan on sbtest5  (cost=5.48..409.07 rows=102 width=125)
	  Recheck Cond: ((k >= 5514431) AND (k <= 5514531))
	  ->  Bitmap Index Scan on k_5  (cost=0.00..5.45 rows=102 width=0)
	        Index Cond: ((k >= 5514431) AND (k <= 5514531))

table 6 : explain SELECT k, c FROM sbtest6 WHERE k BETWEEN 5514431 AND 5514531
	Bitmap Heap Scan on sbtest6  (cost=5.34..353.89 rows=88 width=125)
	  Recheck Cond: ((k >= 5514431) AND (k <= 5514531))
	  ->  Bitmap Index Scan on k_6  (cost=0.00..5.31 rows=88 width=0)
	        Index Cond: ((k >= 5514431) AND (k <= 5514531))

table 7 : explain SELECT k, c FROM sbtest7 WHERE k BETWEEN 5514431 AND 5514531
	Bitmap Heap Scan on sbtest7  (cost=5.52..424.81 rows=106 width=125)
	  Recheck Cond: ((k >= 5514431) AND (k <= 5514531))
	  ->  Bitmap Index Scan on k_7  (cost=0.00..5.50 rows=106 width=0)
	        Index Cond: ((k >= 5514431) AND (k <= 5514531))

table 8 : explain SELECT k, c FROM sbtest8 WHERE k BETWEEN 5514431 AND 5514531
	Bitmap Heap Scan on sbtest8  (cost=5.48..409.07 rows=102 width=125)
	  Recheck Cond: ((k >= 5514431) AND (k <= 5514531))
	  ->  Bitmap Index Scan on k_8  (cost=0.00..5.45 rows=102 width=0)
	        Index Cond: ((k >= 5514431) AND (k <= 5514531))

explain: for range-notcovered :: explain SELECT k, c FROM sbtest%d WHERE k BETWEEN 4784777 AND 4784877
for range-notcovered
table 1 : explain SELECT k, c FROM sbtest1 WHERE k BETWEEN 6367509 AND 6367609
	Bitmap Heap Scan on sbtest1  (cost=5.49..413.00 rows=103 width=125)
	  Recheck Cond: ((k >= 6367509) AND (k <= 6367609))
	  ->  Bitmap Index Scan on k_1  (cost=0.00..5.46 rows=103 width=0)
	        Index Cond: ((k >= 6367509) AND (k <= 6367609))

table 2 : explain SELECT k, c FROM sbtest2 WHERE k BETWEEN 6367509 AND 6367609
	Bitmap Heap Scan on sbtest2  (cost=5.56..440.56 rows=110 width=125)
	  Recheck Cond: ((k >= 6367509) AND (k <= 6367609))
	  ->  Bitmap Index Scan on k_2  (cost=0.00..5.53 rows=110 width=0)
	        Index Cond: ((k >= 6367509) AND (k <= 6367609))

table 3 : explain SELECT k, c FROM sbtest3 WHERE k BETWEEN 6367509 AND 6367609
	Bitmap Heap Scan on sbtest3  (cost=5.44..393.31 rows=98 width=125)
	  Recheck Cond: ((k >= 6367509) AND (k <= 6367609))
	  ->  Bitmap Index Scan on k_3  (cost=0.00..5.42 rows=98 width=0)
	        Index Cond: ((k >= 6367509) AND (k <= 6367609))

table 4 : explain SELECT k, c FROM sbtest4 WHERE k BETWEEN 6367509 AND 6367609
	Bitmap Heap Scan on sbtest4  (cost=5.51..420.88 rows=105 width=125)
	  Recheck Cond: ((k >= 6367509) AND (k <= 6367609))
	  ->  Bitmap Index Scan on k_4  (cost=0.00..5.48 rows=105 width=0)
	        Index Cond: ((k >= 6367509) AND (k <= 6367609))

table 5 : explain SELECT k, c FROM sbtest5 WHERE k BETWEEN 6367509 AND 6367609
	Bitmap Heap Scan on sbtest5  (cost=5.59..452.36 rows=113 width=125)
	  Recheck Cond: ((k >= 6367509) AND (k <= 6367609))
	  ->  Bitmap Index Scan on k_5  (cost=0.00..5.56 rows=113 width=0)
	        Index Cond: ((k >= 6367509) AND (k <= 6367609))

table 6 : explain SELECT k, c FROM sbtest6 WHERE k BETWEEN 6367509 AND 6367609
	Bitmap Heap Scan on sbtest6  (cost=5.40..377.55 rows=94 width=125)
	  Recheck Cond: ((k >= 6367509) AND (k <= 6367609))
	  ->  Bitmap Index Scan on k_6  (cost=0.00..5.38 rows=94 width=0)
	        Index Cond: ((k >= 6367509) AND (k <= 6367609))

table 7 : explain SELECT k, c FROM sbtest7 WHERE k BETWEEN 6367509 AND 6367609
	Bitmap Heap Scan on sbtest7  (cost=5.55..436.62 rows=109 width=125)
	  Recheck Cond: ((k >= 6367509) AND (k <= 6367609))
	  ->  Bitmap Index Scan on k_7  (cost=0.00..5.52 rows=109 width=0)
	        Index Cond: ((k >= 6367509) AND (k <= 6367609))

table 8 : explain SELECT k, c FROM sbtest8 WHERE k BETWEEN 6367509 AND 6367609
	Bitmap Heap Scan on sbtest8  (cost=5.45..397.25 rows=99 width=125)
	  Recheck Cond: ((k >= 6367509) AND (k <= 6367609))
	  ->  Bitmap Index Scan on k_8  (cost=0.00..5.42 rows=99 width=0)
	        Index Cond: ((k >= 6367509) AND (k <= 6367609))

explain: for range-notcovered :: explain SELECT k, c FROM sbtest%d WHERE k BETWEEN 5514431 AND 5514531
for range-notcovered
table 1 : explain SELECT k, c FROM sbtest1 WHERE k BETWEEN 4822140 AND 4822240
	Bitmap Heap Scan on sbtest1  (cost=5.54..432.69 rows=108 width=125)
	  Recheck Cond: ((k >= 4822140) AND (k <= 4822240))
	  ->  Bitmap Index Scan on k_1  (cost=0.00..5.51 rows=108 width=0)
	        Index Cond: ((k >= 4822140) AND (k <= 4822240))

table 2 : explain SELECT k, c FROM sbtest2 WHERE k BETWEEN 4822140 AND 4822240
	Bitmap Heap Scan on sbtest2  (cost=5.38..369.67 rows=92 width=125)
	  Recheck Cond: ((k >= 4822140) AND (k <= 4822240))
	  ->  Bitmap Index Scan on k_2  (cost=0.00..5.35 rows=92 width=0)
	        Index Cond: ((k >= 4822140) AND (k <= 4822240))

table 3 : explain SELECT k, c FROM sbtest3 WHERE k BETWEEN 4822140 AND 4822240
	Bitmap Heap Scan on sbtest3  (cost=5.56..440.56 rows=110 width=125)
	  Recheck Cond: ((k >= 4822140) AND (k <= 4822240))
	  ->  Bitmap Index Scan on k_3  (cost=0.00..5.53 rows=110 width=0)
	        Index Cond: ((k >= 4822140) AND (k <= 4822240))

table 4 : explain SELECT k, c FROM sbtest4 WHERE k BETWEEN 4822140 AND 4822240
	Bitmap Heap Scan on sbtest4  (cost=5.47..405.13 rows=101 width=125)
	  Recheck Cond: ((k >= 4822140) AND (k <= 4822240))
	  ->  Bitmap Index Scan on k_4  (cost=0.00..5.44 rows=101 width=0)
	        Index Cond: ((k >= 4822140) AND (k <= 4822240))

table 5 : explain SELECT k, c FROM sbtest5 WHERE k BETWEEN 4822140 AND 4822240
	Bitmap Heap Scan on sbtest5  (cost=5.50..416.94 rows=104 width=125)
	  Recheck Cond: ((k >= 4822140) AND (k <= 4822240))
	  ->  Bitmap Index Scan on k_5  (cost=0.00..5.47 rows=104 width=0)
	        Index Cond: ((k >= 4822140) AND (k <= 4822240))

table 6 : explain SELECT k, c FROM sbtest6 WHERE k BETWEEN 4822140 AND 4822240
	Bitmap Heap Scan on sbtest6  (cost=5.45..397.25 rows=99 width=125)
	  Recheck Cond: ((k >= 4822140) AND (k <= 4822240))
	  ->  Bitmap Index Scan on k_6  (cost=0.00..5.42 rows=99 width=0)
	        Index Cond: ((k >= 4822140) AND (k <= 4822240))

table 7 : explain SELECT k, c FROM sbtest7 WHERE k BETWEEN 4822140 AND 4822240
	Bitmap Heap Scan on sbtest7  (cost=5.49..413.00 rows=103 width=125)
	  Recheck Cond: ((k >= 4822140) AND (k <= 4822240))
	  ->  Bitmap Index Scan on k_7  (cost=0.00..5.46 rows=103 width=0)
	        Index Cond: ((k >= 4822140) AND (k <= 4822240))

table 8 : explain SELECT k, c FROM sbtest8 WHERE k BETWEEN 4822140 AND 4822240
	Bitmap Heap Scan on sbtest8  (cost=5.55..436.62 rows=109 width=125)
	  Recheck Cond: ((k >= 4822140) AND (k <= 4822240))
	  ->  Bitmap Index Scan on k_8  (cost=0.00..5.52 rows=109 width=0)
	        Index Cond: ((k >= 4822140) AND (k <= 4822240))

explain: for range-notcovered :: explain SELECT k, c FROM sbtest%d WHERE k BETWEEN 4822140 AND 4822240
explain: for range-notcovered :: explain SELECT k, c FROM sbtest%d WHERE k BETWEEN 4754051 AND 4754151
for range-notcovered
table 1 : explain SELECT k, c FROM sbtest1 WHERE k BETWEEN 8071975 AND 8072075
	Bitmap Heap Scan on sbtest1  (cost=5.53..428.75 rows=107 width=125)
	  Recheck Cond: ((k >= 8071975) AND (k <= 8072075))
	  ->  Bitmap Index Scan on k_1  (cost=0.00..5.50 rows=107 width=0)
	        Index Cond: ((k >= 8071975) AND (k <= 8072075))

table 2 : explain SELECT k, c FROM sbtest2 WHERE k BETWEEN 8071975 AND 8072075
	Bitmap Heap Scan on sbtest2  (cost=5.51..420.88 rows=105 width=125)
	  Recheck Cond: ((k >= 8071975) AND (k <= 8072075))
	  ->  Bitmap Index Scan on k_2  (cost=0.00..5.48 rows=105 width=0)
	        Index Cond: ((k >= 8071975) AND (k <= 8072075))

table 3 : explain SELECT k, c FROM sbtest3 WHERE k BETWEEN 8071975 AND 8072075
	Bitmap Heap Scan on sbtest3  (cost=5.45..397.25 rows=99 width=125)
	  Recheck Cond: ((k >= 8071975) AND (k <= 8072075))
	  ->  Bitmap Index Scan on k_3  (cost=0.00..5.42 rows=99 width=0)
	        Index Cond: ((k >= 8071975) AND (k <= 8072075))

table 4 : explain SELECT k, c FROM sbtest4 WHERE k BETWEEN 8071975 AND 8072075
	Bitmap Heap Scan on sbtest4  (cost=5.40..377.55 rows=94 width=125)
	  Recheck Cond: ((k >= 8071975) AND (k <= 8072075))
	  ->  Bitmap Index Scan on k_4  (cost=0.00..5.38 rows=94 width=0)
	        Index Cond: ((k >= 8071975) AND (k <= 8072075))

table 5 : explain SELECT k, c FROM sbtest5 WHERE k BETWEEN 8071975 AND 8072075
	Bitmap Heap Scan on sbtest5  (cost=5.56..440.56 rows=110 width=125)
	  Recheck Cond: ((k >= 8071975) AND (k <= 8072075))
	  ->  Bitmap Index Scan on k_5  (cost=0.00..5.53 rows=110 width=0)
	        Index Cond: ((k >= 8071975) AND (k <= 8072075))

table 6 : explain SELECT k, c FROM sbtest6 WHERE k BETWEEN 8071975 AND 8072075
	Bitmap Heap Scan on sbtest6  (cost=5.58..448.42 rows=112 width=125)
	  Recheck Cond: ((k >= 8071975) AND (k <= 8072075))
	  ->  Bitmap Index Scan on k_6  (cost=0.00..5.55 rows=112 width=0)
	        Index Cond: ((k >= 8071975) AND (k <= 8072075))

table 7 : explain SELECT k, c FROM sbtest7 WHERE k BETWEEN 8071975 AND 8072075
	Bitmap Heap Scan on sbtest7  (cost=5.47..405.13 rows=101 width=125)
	  Recheck Cond: ((k >= 8071975) AND (k <= 8072075))
	  ->  Bitmap Index Scan on k_7  (cost=0.00..5.44 rows=101 width=0)
	        Index Cond: ((k >= 8071975) AND (k <= 8072075))

table 8 : explain SELECT k, c FROM sbtest8 WHERE k BETWEEN 8071975 AND 8072075
	Bitmap Heap Scan on sbtest8  (cost=5.60..456.29 rows=114 width=125)
	  Recheck Cond: ((k >= 8071975) AND (k <= 8072075))
	  ->  Bitmap Index Scan on k_8  (cost=0.00..5.58 rows=114 width=0)
	        Index Cond: ((k >= 8071975) AND (k <= 8072075))

explain: for range-notcovered :: explain SELECT k, c FROM sbtest%d WHERE k BETWEEN 8071975 AND 8072075
for range-notcovered
table 1 : explain SELECT k, c FROM sbtest1 WHERE k BETWEEN 5287580 AND 5287680
	Bitmap Heap Scan on sbtest1  (cost=5.59..452.36 rows=113 width=125)
	  Recheck Cond: ((k >= 5287580) AND (k <= 5287680))
	  ->  Bitmap Index Scan on k_1  (cost=0.00..5.56 rows=113 width=0)
	        Index Cond: ((k >= 5287580) AND (k <= 5287680))

table 2 : explain SELECT k, c FROM sbtest2 WHERE k BETWEEN 5287580 AND 5287680
	Bitmap Heap Scan on sbtest2  (cost=5.48..409.07 rows=102 width=125)
	  Recheck Cond: ((k >= 5287580) AND (k <= 5287680))
	  ->  Bitmap Index Scan on k_2  (cost=0.00..5.45 rows=102 width=0)
	        Index Cond: ((k >= 5287580) AND (k <= 5287680))

table 3 : explain SELECT k, c FROM sbtest3 WHERE k BETWEEN 5287580 AND 5287680
	Bitmap Heap Scan on sbtest3  (cost=5.43..389.37 rows=97 width=125)
	  Recheck Cond: ((k >= 5287580) AND (k <= 5287680))
	  ->  Bitmap Index Scan on k_3  (cost=0.00..5.40 rows=97 width=0)
	        Index Cond: ((k >= 5287580) AND (k <= 5287680))

table 4 : explain SELECT k, c FROM sbtest4 WHERE k BETWEEN 5287580 AND 5287680
	Bitmap Heap Scan on sbtest4  (cost=5.48..409.07 rows=102 width=125)
	  Recheck Cond: ((k >= 5287580) AND (k <= 5287680))
	  ->  Bitmap Index Scan on k_4  (cost=0.00..5.45 rows=102 width=0)
	        Index Cond: ((k >= 5287580) AND (k <= 5287680))

table 5 : explain SELECT k, c FROM sbtest5 WHERE k BETWEEN 5287580 AND 5287680
	Bitmap Heap Scan on sbtest5  (cost=5.45..397.25 rows=99 width=125)
	  Recheck Cond: ((k >= 5287580) AND (k <= 5287680))
	  ->  Bitmap Index Scan on k_5  (cost=0.00..5.42 rows=99 width=0)
	        Index Cond: ((k >= 5287580) AND (k <= 5287680))

table 6 : explain SELECT k, c FROM sbtest6 WHERE k BETWEEN 5287580 AND 5287680
	Bitmap Heap Scan on sbtest6  (cost=5.56..440.56 rows=110 width=125)
	  Recheck Cond: ((k >= 5287580) AND (k <= 5287680))
	  ->  Bitmap Index Scan on k_6  (cost=0.00..5.53 rows=110 width=0)
	        Index Cond: ((k >= 5287580) AND (k <= 5287680))

table 7 : explain SELECT k, c FROM sbtest7 WHERE k BETWEEN 5287580 AND 5287680
	Bitmap Heap Scan on sbtest7  (cost=5.60..456.29 rows=114 width=125)
	  Recheck Cond: ((k >= 5287580) AND (k <= 5287680))
	  ->  Bitmap Index Scan on k_7  (cost=0.00..5.58 rows=114 width=0)
	        Index Cond: ((k >= 5287580) AND (k <= 5287680))

table 8 : explain SELECT k, c FROM sbtest8 WHERE k BETWEEN 5287580 AND 5287680
	Bitmap Heap Scan on sbtest8  (cost=5.57..444.49 rows=111 width=125)
	  Recheck Cond: ((k >= 5287580) AND (k <= 5287680))
	  ->  Bitmap Index Scan on k_8  (cost=0.00..5.54 rows=111 width=0)
	        Index Cond: ((k >= 5287580) AND (k <= 5287680))

for range-notcovered
table 1 : explain SELECT k, c FROM sbtest1 WHERE k BETWEEN 5514431 AND 5514531
	Bitmap Heap Scan on sbtest1  (cost=5.45..397.25 rows=99 width=125)
	  Recheck Cond: ((k >= 5514431) AND (k <= 5514531))
	  ->  Bitmap Index Scan on k_1  (cost=0.00..5.42 rows=99 width=0)
	        Index Cond: ((k >= 5514431) AND (k <= 5514531))

table 2 : explain SELECT k, c FROM sbtest2 WHERE k BETWEEN 5514431 AND 5514531
	Bitmap Heap Scan on sbtest2  (cost=5.50..416.94 rows=104 width=125)
	  Recheck Cond: ((k >= 5514431) AND (k <= 5514531))
	  ->  Bitmap Index Scan on k_2  (cost=0.00..5.47 rows=104 width=0)
	        Index Cond: ((k >= 5514431) AND (k <= 5514531))

table 3 : explain SELECT k, c FROM sbtest3 WHERE k BETWEEN 5514431 AND 5514531
	Bitmap Heap Scan on sbtest3  (cost=5.46..401.19 rows=100 width=125)
	  Recheck Cond: ((k >= 5514431) AND (k <= 5514531))
	  ->  Bitmap Index Scan on k_3  (cost=0.00..5.43 rows=100 width=0)
	        Index Cond: ((k >= 5514431) AND (k <= 5514531))

table 4 : explain SELECT k, c FROM sbtest4 WHERE k BETWEEN 5514431 AND 5514531
	Bitmap Heap Scan on sbtest4  (cost=5.45..397.25 rows=99 width=125)
	  Recheck Cond: ((k >= 5514431) AND (k <= 5514531))
	  ->  Bitmap Index Scan on k_4  (cost=0.00..5.42 rows=99 width=0)
	        Index Cond: ((k >= 5514431) AND (k <= 5514531))

table 5 : explain SELECT k, c FROM sbtest5 WHERE k BETWEEN 5514431 AND 5514531
	Bitmap Heap Scan on sbtest5  (cost=5.48..409.07 rows=102 width=125)
	  Recheck Cond: ((k >= 5514431) AND (k <= 5514531))
	  ->  Bitmap Index Scan on k_5  (cost=0.00..5.45 rows=102 width=0)
	        Index Cond: ((k >= 5514431) AND (k <= 5514531))

table 6 : explain SELECT k, c FROM sbtest6 WHERE k BETWEEN 5514431 AND 5514531
	Bitmap Heap Scan on sbtest6  (cost=5.34..353.89 rows=88 width=125)
	  Recheck Cond: ((k >= 5514431) AND (k <= 5514531))
	  ->  Bitmap Index Scan on k_6  (cost=0.00..5.31 rows=88 width=0)
	        Index Cond: ((k >= 5514431) AND (k <= 5514531))

table 7 : explain SELECT k, c FROM sbtest7 WHERE k BETWEEN 5514431 AND 5514531
	Bitmap Heap Scan on sbtest7  (cost=5.52..424.81 rows=106 width=125)
	  Recheck Cond: ((k >= 5514431) AND (k <= 5514531))
	  ->  Bitmap Index Scan on k_7  (cost=0.00..5.50 rows=106 width=0)
	        Index Cond: ((k >= 5514431) AND (k <= 5514531))

table 8 : explain SELECT k, c FROM sbtest8 WHERE k BETWEEN 5514431 AND 5514531
	Bitmap Heap Scan on sbtest8  (cost=5.48..409.07 rows=102 width=125)
	  Recheck Cond: ((k >= 5514431) AND (k <= 5514531))
	  ->  Bitmap Index Scan on k_8  (cost=0.00..5.45 rows=102 width=0)
	        Index Cond: ((k >= 5514431) AND (k <= 5514531))

for range-notcovered
table 1 : explain SELECT k, c FROM sbtest1 WHERE k BETWEEN 4784777 AND 4784877
	Bitmap Heap Scan on sbtest1  (cost=5.54..432.69 rows=108 width=125)
	  Recheck Cond: ((k >= 4784777) AND (k <= 4784877))
	  ->  Bitmap Index Scan on k_1  (cost=0.00..5.51 rows=108 width=0)
	        Index Cond: ((k >= 4784777) AND (k <= 4784877))

table 2 : explain SELECT k, c FROM sbtest2 WHERE k BETWEEN 4784777 AND 4784877
	Bitmap Heap Scan on sbtest2  (cost=5.61..460.22 rows=115 width=125)
	  Recheck Cond: ((k >= 4784777) AND (k <= 4784877))
	  ->  Bitmap Index Scan on k_2  (cost=0.00..5.58 rows=115 width=0)
	        Index Cond: ((k >= 4784777) AND (k <= 4784877))

table 3 : explain SELECT k, c FROM sbtest3 WHERE k BETWEEN 4784777 AND 4784877
	Bitmap Heap Scan on sbtest3  (cost=5.54..432.69 rows=108 width=125)
	  Recheck Cond: ((k >= 4784777) AND (k <= 4784877))
	  ->  Bitmap Index Scan on k_3  (cost=0.00..5.51 rows=108 width=0)
	        Index Cond: ((k >= 4784777) AND (k <= 4784877))

table 4 : explain SELECT k, c FROM sbtest4 WHERE k BETWEEN 4784777 AND 4784877
	Bitmap Heap Scan on sbtest4  (cost=5.57..444.49 rows=111 width=125)
	  Recheck Cond: ((k >= 4784777) AND (k <= 4784877))
	  ->  Bitmap Index Scan on k_4  (cost=0.00..5.54 rows=111 width=0)
	        Index Cond: ((k >= 4784777) AND (k <= 4784877))

table 5 : explain SELECT k, c FROM sbtest5 WHERE k BETWEEN 4784777 AND 4784877
	Bitmap Heap Scan on sbtest5  (cost=5.50..416.94 rows=104 width=125)
	  Recheck Cond: ((k >= 4784777) AND (k <= 4784877))
	  ->  Bitmap Index Scan on k_5  (cost=0.00..5.47 rows=104 width=0)
	        Index Cond: ((k >= 4784777) AND (k <= 4784877))

table 6 : explain SELECT k, c FROM sbtest6 WHERE k BETWEEN 4784777 AND 4784877
	Bitmap Heap Scan on sbtest6  (cost=5.45..397.25 rows=99 width=125)
	  Recheck Cond: ((k >= 4784777) AND (k <= 4784877))
	  ->  Bitmap Index Scan on k_6  (cost=0.00..5.42 rows=99 width=0)
	        Index Cond: ((k >= 4784777) AND (k <= 4784877))

table 7 : explain SELECT k, c FROM sbtest7 WHERE k BETWEEN 4784777 AND 4784877
	Bitmap Heap Scan on sbtest7  (cost=5.40..377.55 rows=94 width=125)
	  Recheck Cond: ((k >= 4784777) AND (k <= 4784877))
	  ->  Bitmap Index Scan on k_7  (cost=0.00..5.38 rows=94 width=0)
	        Index Cond: ((k >= 4784777) AND (k <= 4784877))

table 8 : explain SELECT k, c FROM sbtest8 WHERE k BETWEEN 4784777 AND 4784877
	Bitmap Heap Scan on sbtest8  (cost=5.58..448.42 rows=112 width=125)
	  Recheck Cond: ((k >= 4784777) AND (k <= 4784877))
	  ->  Bitmap Index Scan on k_8  (cost=0.00..5.55 rows=112 width=0)
	        Index Cond: ((k >= 4784777) AND (k <= 4784877))

explain: for range-notcovered :: explain SELECT k, c FROM sbtest%d WHERE k BETWEEN 4784777 AND 4784877
explain: for range-notcovered :: explain SELECT k, c FROM sbtest%d WHERE k BETWEEN 5287580 AND 5287680
for range-notcovered
table 1 : explain SELECT k, c FROM sbtest1 WHERE k BETWEEN 4822140 AND 4822240
	Bitmap Heap Scan on sbtest1  (cost=5.54..432.69 rows=108 width=125)
	  Recheck Cond: ((k >= 4822140) AND (k <= 4822240))
	  ->  Bitmap Index Scan on k_1  (cost=0.00..5.51 rows=108 width=0)
	        Index Cond: ((k >= 4822140) AND (k <= 4822240))

table 2 : explain SELECT k, c FROM sbtest2 WHERE k BETWEEN 4822140 AND 4822240
	Bitmap Heap Scan on sbtest2  (cost=5.38..369.67 rows=92 width=125)
	  Recheck Cond: ((k >= 4822140) AND (k <= 4822240))
	  ->  Bitmap Index Scan on k_2  (cost=0.00..5.35 rows=92 width=0)
	        Index Cond: ((k >= 4822140) AND (k <= 4822240))

table 3 : explain SELECT k, c FROM sbtest3 WHERE k BETWEEN 4822140 AND 4822240
	Bitmap Heap Scan on sbtest3  (cost=5.56..440.56 rows=110 width=125)
	  Recheck Cond: ((k >= 4822140) AND (k <= 4822240))
	  ->  Bitmap Index Scan on k_3  (cost=0.00..5.53 rows=110 width=0)
	        Index Cond: ((k >= 4822140) AND (k <= 4822240))

table 4 : explain SELECT k, c FROM sbtest4 WHERE k BETWEEN 4822140 AND 4822240
	Bitmap Heap Scan on sbtest4  (cost=5.47..405.13 rows=101 width=125)
	  Recheck Cond: ((k >= 4822140) AND (k <= 4822240))
	  ->  Bitmap Index Scan on k_4  (cost=0.00..5.44 rows=101 width=0)
	        Index Cond: ((k >= 4822140) AND (k <= 4822240))

table 5 : explain SELECT k, c FROM sbtest5 WHERE k BETWEEN 4822140 AND 4822240
	Bitmap Heap Scan on sbtest5  (cost=5.50..416.94 rows=104 width=125)
	  Recheck Cond: ((k >= 4822140) AND (k <= 4822240))
	  ->  Bitmap Index Scan on k_5  (cost=0.00..5.47 rows=104 width=0)
	        Index Cond: ((k >= 4822140) AND (k <= 4822240))

table 6 : explain SELECT k, c FROM sbtest6 WHERE k BETWEEN 4822140 AND 4822240
	Bitmap Heap Scan on sbtest6  (cost=5.45..397.25 rows=99 width=125)
	  Recheck Cond: ((k >= 4822140) AND (k <= 4822240))
	  ->  Bitmap Index Scan on k_6  (cost=0.00..5.42 rows=99 width=0)
	        Index Cond: ((k >= 4822140) AND (k <= 4822240))

table 7 : explain SELECT k, c FROM sbtest7 WHERE k BETWEEN 4822140 AND 4822240
	Bitmap Heap Scan on sbtest7  (cost=5.49..413.00 rows=103 width=125)
	  Recheck Cond: ((k >= 4822140) AND (k <= 4822240))
	  ->  Bitmap Index Scan on k_7  (cost=0.00..5.46 rows=103 width=0)
	        Index Cond: ((k >= 4822140) AND (k <= 4822240))

table 8 : explain SELECT k, c FROM sbtest8 WHERE k BETWEEN 4822140 AND 4822240
	Bitmap Heap Scan on sbtest8  (cost=5.55..436.62 rows=109 width=125)
	  Recheck Cond: ((k >= 4822140) AND (k <= 4822240))
	  ->  Bitmap Index Scan on k_8  (cost=0.00..5.52 rows=109 width=0)
	        Index Cond: ((k >= 4822140) AND (k <= 4822240))

for range-notcovered
table 1 : explain SELECT k, c FROM sbtest1 WHERE k BETWEEN 8071975 AND 8072075
	Bitmap Heap Scan on sbtest1  (cost=5.53..428.75 rows=107 width=125)
	  Recheck Cond: ((k >= 8071975) AND (k <= 8072075))
	  ->  Bitmap Index Scan on k_1  (cost=0.00..5.50 rows=107 width=0)
	        Index Cond: ((k >= 8071975) AND (k <= 8072075))

table 2 : explain SELECT k, c FROM sbtest2 WHERE k BETWEEN 8071975 AND 8072075
	Bitmap Heap Scan on sbtest2  (cost=5.51..420.88 rows=105 width=125)
	  Recheck Cond: ((k >= 8071975) AND (k <= 8072075))
	  ->  Bitmap Index Scan on k_2  (cost=0.00..5.48 rows=105 width=0)
	        Index Cond: ((k >= 8071975) AND (k <= 8072075))

table 3 : explain SELECT k, c FROM sbtest3 WHERE k BETWEEN 8071975 AND 8072075
	Bitmap Heap Scan on sbtest3  (cost=5.45..397.25 rows=99 width=125)
	  Recheck Cond: ((k >= 8071975) AND (k <= 8072075))
	  ->  Bitmap Index Scan on k_3  (cost=0.00..5.42 rows=99 width=0)
	        Index Cond: ((k >= 8071975) AND (k <= 8072075))

table 4 : explain SELECT k, c FROM sbtest4 WHERE k BETWEEN 8071975 AND 8072075
	Bitmap Heap Scan on sbtest4  (cost=5.40..377.55 rows=94 width=125)
	  Recheck Cond: ((k >= 8071975) AND (k <= 8072075))
	  ->  Bitmap Index Scan on k_4  (cost=0.00..5.38 rows=94 width=0)
	        Index Cond: ((k >= 8071975) AND (k <= 8072075))

table 5 : explain SELECT k, c FROM sbtest5 WHERE k BETWEEN 8071975 AND 8072075
	Bitmap Heap Scan on sbtest5  (cost=5.56..440.56 rows=110 width=125)
	  Recheck Cond: ((k >= 8071975) AND (k <= 8072075))
	  ->  Bitmap Index Scan on k_5  (cost=0.00..5.53 rows=110 width=0)
	        Index Cond: ((k >= 8071975) AND (k <= 8072075))

table 6 : explain SELECT k, c FROM sbtest6 WHERE k BETWEEN 8071975 AND 8072075
	Bitmap Heap Scan on sbtest6  (cost=5.58..448.42 rows=112 width=125)
	  Recheck Cond: ((k >= 8071975) AND (k <= 8072075))
	  ->  Bitmap Index Scan on k_6  (cost=0.00..5.55 rows=112 width=0)
	        Index Cond: ((k >= 8071975) AND (k <= 8072075))

table 7 : explain SELECT k, c FROM sbtest7 WHERE k BETWEEN 8071975 AND 8072075
	Bitmap Heap Scan on sbtest7  (cost=5.47..405.13 rows=101 width=125)
	  Recheck Cond: ((k >= 8071975) AND (k <= 8072075))
	  ->  Bitmap Index Scan on k_7  (cost=0.00..5.44 rows=101 width=0)
	        Index Cond: ((k >= 8071975) AND (k <= 8072075))

table 8 : explain SELECT k, c FROM sbtest8 WHERE k BETWEEN 8071975 AND 8072075
	Bitmap Heap Scan on sbtest8  (cost=5.60..456.29 rows=114 width=125)
	  Recheck Cond: ((k >= 8071975) AND (k <= 8072075))
	  ->  Bitmap Index Scan on k_8  (cost=0.00..5.58 rows=114 width=0)
	        Index Cond: ((k >= 8071975) AND (k <= 8072075))

explain: for range-notcovered :: explain SELECT k, c FROM sbtest%d WHERE k BETWEEN 8071975 AND 8072075
for range-notcovered
table 1 : explain SELECT k, c FROM sbtest1 WHERE k BETWEEN 4784777 AND 4784877
	Bitmap Heap Scan on sbtest1  (cost=5.54..432.69 rows=108 width=125)
	  Recheck Cond: ((k >= 4784777) AND (k <= 4784877))
	  ->  Bitmap Index Scan on k_1  (cost=0.00..5.51 rows=108 width=0)
	        Index Cond: ((k >= 4784777) AND (k <= 4784877))

table 2 : explain SELECT k, c FROM sbtest2 WHERE k BETWEEN 4784777 AND 4784877
	Bitmap Heap Scan on sbtest2  (cost=5.61..460.22 rows=115 width=125)
	  Recheck Cond: ((k >= 4784777) AND (k <= 4784877))
	  ->  Bitmap Index Scan on k_2  (cost=0.00..5.58 rows=115 width=0)
	        Index Cond: ((k >= 4784777) AND (k <= 4784877))

table 3 : explain SELECT k, c FROM sbtest3 WHERE k BETWEEN 4784777 AND 4784877
	Bitmap Heap Scan on sbtest3  (cost=5.54..432.69 rows=108 width=125)
	  Recheck Cond: ((k >= 4784777) AND (k <= 4784877))
	  ->  Bitmap Index Scan on k_3  (cost=0.00..5.51 rows=108 width=0)
	        Index Cond: ((k >= 4784777) AND (k <= 4784877))

table 4 : explain SELECT k, c FROM sbtest4 WHERE k BETWEEN 4784777 AND 4784877
	Bitmap Heap Scan on sbtest4  (cost=5.57..444.49 rows=111 width=125)
	  Recheck Cond: ((k >= 4784777) AND (k <= 4784877))
	  ->  Bitmap Index Scan on k_4  (cost=0.00..5.54 rows=111 width=0)
	        Index Cond: ((k >= 4784777) AND (k <= 4784877))

table 5 : explain SELECT k, c FROM sbtest5 WHERE k BETWEEN 4784777 AND 4784877
	Bitmap Heap Scan on sbtest5  (cost=5.50..416.94 rows=104 width=125)
	  Recheck Cond: ((k >= 4784777) AND (k <= 4784877))
	  ->  Bitmap Index Scan on k_5  (cost=0.00..5.47 rows=104 width=0)
	        Index Cond: ((k >= 4784777) AND (k <= 4784877))

table 6 : explain SELECT k, c FROM sbtest6 WHERE k BETWEEN 4784777 AND 4784877
	Bitmap Heap Scan on sbtest6  (cost=5.45..397.25 rows=99 width=125)
	  Recheck Cond: ((k >= 4784777) AND (k <= 4784877))
	  ->  Bitmap Index Scan on k_6  (cost=0.00..5.42 rows=99 width=0)
	        Index Cond: ((k >= 4784777) AND (k <= 4784877))

table 7 : explain SELECT k, c FROM sbtest7 WHERE k BETWEEN 4784777 AND 4784877
	Bitmap Heap Scan on sbtest7  (cost=5.40..377.55 rows=94 width=125)
	  Recheck Cond: ((k >= 4784777) AND (k <= 4784877))
	  ->  Bitmap Index Scan on k_7  (cost=0.00..5.38 rows=94 width=0)
	        Index Cond: ((k >= 4784777) AND (k <= 4784877))

table 8 : explain SELECT k, c FROM sbtest8 WHERE k BETWEEN 4784777 AND 4784877
	Bitmap Heap Scan on sbtest8  (cost=5.58..448.42 rows=112 width=125)
	  Recheck Cond: ((k >= 4784777) AND (k <= 4784877))
	  ->  Bitmap Index Scan on k_8  (cost=0.00..5.55 rows=112 width=0)
	        Index Cond: ((k >= 4784777) AND (k <= 4784877))

for range-notcovered
table 1 : explain SELECT k, c FROM sbtest1 WHERE k BETWEEN 5287580 AND 5287680
	Bitmap Heap Scan on sbtest1  (cost=5.59..452.36 rows=113 width=125)
	  Recheck Cond: ((k >= 5287580) AND (k <= 5287680))
	  ->  Bitmap Index Scan on k_1  (cost=0.00..5.56 rows=113 width=0)
	        Index Cond: ((k >= 5287580) AND (k <= 5287680))

table 2 : explain SELECT k, c FROM sbtest2 WHERE k BETWEEN 5287580 AND 5287680
	Bitmap Heap Scan on sbtest2  (cost=5.48..409.07 rows=102 width=125)
	  Recheck Cond: ((k >= 5287580) AND (k <= 5287680))
	  ->  Bitmap Index Scan on k_2  (cost=0.00..5.45 rows=102 width=0)
	        Index Cond: ((k >= 5287580) AND (k <= 5287680))

table 3 : explain SELECT k, c FROM sbtest3 WHERE k BETWEEN 5287580 AND 5287680
	Bitmap Heap Scan on sbtest3  (cost=5.43..389.37 rows=97 width=125)
	  Recheck Cond: ((k >= 5287580) AND (k <= 5287680))
	  ->  Bitmap Index Scan on k_3  (cost=0.00..5.40 rows=97 width=0)
	        Index Cond: ((k >= 5287580) AND (k <= 5287680))

table 4 : explain SELECT k, c FROM sbtest4 WHERE k BETWEEN 5287580 AND 5287680
	Bitmap Heap Scan on sbtest4  (cost=5.48..409.07 rows=102 width=125)
	  Recheck Cond: ((k >= 5287580) AND (k <= 5287680))
	  ->  Bitmap Index Scan on k_4  (cost=0.00..5.45 rows=102 width=0)
	        Index Cond: ((k >= 5287580) AND (k <= 5287680))

table 5 : explain SELECT k, c FROM sbtest5 WHERE k BETWEEN 5287580 AND 5287680
	Bitmap Heap Scan on sbtest5  (cost=5.45..397.25 rows=99 width=125)
	  Recheck Cond: ((k >= 5287580) AND (k <= 5287680))
	  ->  Bitmap Index Scan on k_5  (cost=0.00..5.42 rows=99 width=0)
	        Index Cond: ((k >= 5287580) AND (k <= 5287680))

table 6 : explain SELECT k, c FROM sbtest6 WHERE k BETWEEN 5287580 AND 5287680
	Bitmap Heap Scan on sbtest6  (cost=5.56..440.56 rows=110 width=125)
	  Recheck Cond: ((k >= 5287580) AND (k <= 5287680))
	  ->  Bitmap Index Scan on k_6  (cost=0.00..5.53 rows=110 width=0)
	        Index Cond: ((k >= 5287580) AND (k <= 5287680))

table 7 : explain SELECT k, c FROM sbtest7 WHERE k BETWEEN 5287580 AND 5287680
	Bitmap Heap Scan on sbtest7  (cost=5.60..456.29 rows=114 width=125)
	  Recheck Cond: ((k >= 5287580) AND (k <= 5287680))
	  ->  Bitmap Index Scan on k_7  (cost=0.00..5.58 rows=114 width=0)
	        Index Cond: ((k >= 5287580) AND (k <= 5287680))

table 8 : explain SELECT k, c FROM sbtest8 WHERE k BETWEEN 5287580 AND 5287680
	Bitmap Heap Scan on sbtest8  (cost=5.57..444.49 rows=111 width=125)
	  Recheck Cond: ((k >= 5287580) AND (k <= 5287680))
	  ->  Bitmap Index Scan on k_8  (cost=0.00..5.54 rows=111 width=0)
	        Index Cond: ((k >= 5287580) AND (k <= 5287680))

explain: for range-notcovered :: explain SELECT k, c FROM sbtest%d WHERE k BETWEEN 4784777 AND 4784877
for range-notcovered
table 1 : explain SELECT k, c FROM sbtest1 WHERE k BETWEEN 5654426 AND 5654526
	Bitmap Heap Scan on sbtest1  (cost=5.54..432.69 rows=108 width=125)
	  Recheck Cond: ((k >= 5654426) AND (k <= 5654526))
	  ->  Bitmap Index Scan on k_1  (cost=0.00..5.51 rows=108 width=0)
	        Index Cond: ((k >= 5654426) AND (k <= 5654526))

table 2 : explain SELECT k, c FROM sbtest2 WHERE k BETWEEN 5654426 AND 5654526
	Bitmap Heap Scan on sbtest2  (cost=5.48..409.07 rows=102 width=125)
	  Recheck Cond: ((k >= 5654426) AND (k <= 5654526))
	  ->  Bitmap Index Scan on k_2  (cost=0.00..5.45 rows=102 width=0)
	        Index Cond: ((k >= 5654426) AND (k <= 5654526))

table 3 : explain SELECT k, c FROM sbtest3 WHERE k BETWEEN 5654426 AND 5654526
	Bitmap Heap Scan on sbtest3  (cost=5.52..424.81 rows=106 width=125)
	  Recheck Cond: ((k >= 5654426) AND (k <= 5654526))
	  ->  Bitmap Index Scan on k_3  (cost=0.00..5.50 rows=106 width=0)
	        Index Cond: ((k >= 5654426) AND (k <= 5654526))

table 4 : explain SELECT k, c FROM sbtest4 WHERE k BETWEEN 5654426 AND 5654526
	Bitmap Heap Scan on sbtest4  (cost=5.51..420.88 rows=105 width=125)
	  Recheck Cond: ((k >= 5654426) AND (k <= 5654526))
	  ->  Bitmap Index Scan on k_4  (cost=0.00..5.48 rows=105 width=0)
	        Index Cond: ((k >= 5654426) AND (k <= 5654526))

table 5 : explain SELECT k, c FROM sbtest5 WHERE k BETWEEN 5654426 AND 5654526
	Bitmap Heap Scan on sbtest5  (cost=5.68..483.81 rows=121 width=125)
	  Recheck Cond: ((k >= 5654426) AND (k <= 5654526))
	  ->  Bitmap Index Scan on k_5  (cost=0.00..5.64 rows=121 width=0)
	        Index Cond: ((k >= 5654426) AND (k <= 5654526))

table 6 : explain SELECT k, c FROM sbtest6 WHERE k BETWEEN 5654426 AND 5654526
	Bitmap Heap Scan on sbtest6  (cost=5.57..444.49 rows=111 width=125)
	  Recheck Cond: ((k >= 5654426) AND (k <= 5654526))
	  ->  Bitmap Index Scan on k_6  (cost=0.00..5.54 rows=111 width=0)
	        Index Cond: ((k >= 5654426) AND (k <= 5654526))

table 7 : explain SELECT k, c FROM sbtest7 WHERE k BETWEEN 5654426 AND 5654526
	Bitmap Heap Scan on sbtest7  (cost=5.43..389.37 rows=97 width=125)
	  Recheck Cond: ((k >= 5654426) AND (k <= 5654526))
	  ->  Bitmap Index Scan on k_7  (cost=0.00..5.40 rows=97 width=0)
	        Index Cond: ((k >= 5654426) AND (k <= 5654526))

table 8 : explain SELECT k, c FROM sbtest8 WHERE k BETWEEN 5654426 AND 5654526
	Bitmap Heap Scan on sbtest8  (cost=5.39..373.61 rows=93 width=125)
	  Recheck Cond: ((k >= 5654426) AND (k <= 5654526))
	  ->  Bitmap Index Scan on k_8  (cost=0.00..5.36 rows=93 width=0)
	        Index Cond: ((k >= 5654426) AND (k <= 5654526))

explain: for range-notcovered :: explain SELECT k, c FROM sbtest%d WHERE k BETWEEN 5654426 AND 5654526
explain: for range-notcovered :: explain SELECT k, c FROM sbtest%d WHERE k BETWEEN 5287580 AND 5287680
for range-notcovered
table 1 : explain SELECT k, c FROM sbtest1 WHERE k BETWEEN 3976787 AND 3976887
	Bitmap Heap Scan on sbtest1  (cost=5.46..401.19 rows=100 width=125)
	  Recheck Cond: ((k >= 3976787) AND (k <= 3976887))
	  ->  Bitmap Index Scan on k_1  (cost=0.00..5.43 rows=100 width=0)
	        Index Cond: ((k >= 3976787) AND (k <= 3976887))

table 2 : explain SELECT k, c FROM sbtest2 WHERE k BETWEEN 3976787 AND 3976887
	Bitmap Heap Scan on sbtest2  (cost=5.44..393.31 rows=98 width=125)
	  Recheck Cond: ((k >= 3976787) AND (k <= 3976887))
	  ->  Bitmap Index Scan on k_2  (cost=0.00..5.42 rows=98 width=0)
	        Index Cond: ((k >= 3976787) AND (k <= 3976887))

table 3 : explain SELECT k, c FROM sbtest3 WHERE k BETWEEN 3976787 AND 3976887
	Bitmap Heap Scan on sbtest3  (cost=5.50..416.94 rows=104 width=125)
	  Recheck Cond: ((k >= 3976787) AND (k <= 3976887))
	  ->  Bitmap Index Scan on k_3  (cost=0.00..5.47 rows=104 width=0)
	        Index Cond: ((k >= 3976787) AND (k <= 3976887))

table 4 : explain SELECT k, c FROM sbtest4 WHERE k BETWEEN 3976787 AND 3976887
	Bitmap Heap Scan on sbtest4  (cost=5.52..424.81 rows=106 width=125)
	  Recheck Cond: ((k >= 3976787) AND (k <= 3976887))
	  ->  Bitmap Index Scan on k_4  (cost=0.00..5.50 rows=106 width=0)
	        Index Cond: ((k >= 3976787) AND (k <= 3976887))

table 5 : explain SELECT k, c FROM sbtest5 WHERE k BETWEEN 3976787 AND 3976887
	Bitmap Heap Scan on sbtest5  (cost=5.51..420.88 rows=105 width=125)
	  Recheck Cond: ((k >= 3976787) AND (k <= 3976887))
	  ->  Bitmap Index Scan on k_5  (cost=0.00..5.48 rows=105 width=0)
	        Index Cond: ((k >= 3976787) AND (k <= 3976887))

table 6 : explain SELECT k, c FROM sbtest6 WHERE k BETWEEN 3976787 AND 3976887
	Bitmap Heap Scan on sbtest6  (cost=5.46..401.19 rows=100 width=125)
	  Recheck Cond: ((k >= 3976787) AND (k <= 3976887))
	  ->  Bitmap Index Scan on k_6  (cost=0.00..5.43 rows=100 width=0)
	        Index Cond: ((k >= 3976787) AND (k <= 3976887))

table 7 : explain SELECT k, c FROM sbtest7 WHERE k BETWEEN 3976787 AND 3976887
	Bitmap Heap Scan on sbtest7  (cost=5.49..413.00 rows=103 width=125)
	  Recheck Cond: ((k >= 3976787) AND (k <= 3976887))
	  ->  Bitmap Index Scan on k_7  (cost=0.00..5.46 rows=103 width=0)
	        Index Cond: ((k >= 3976787) AND (k <= 3976887))

table 8 : explain SELECT k, c FROM sbtest8 WHERE k BETWEEN 3976787 AND 3976887
	Bitmap Heap Scan on sbtest8  (cost=5.39..373.61 rows=93 width=125)
	  Recheck Cond: ((k >= 3976787) AND (k <= 3976887))
	  ->  Bitmap Index Scan on k_8  (cost=0.00..5.36 rows=93 width=0)
	        Index Cond: ((k >= 3976787) AND (k <= 3976887))

for range-notcovered
table 1 : explain SELECT k, c FROM sbtest1 WHERE k BETWEEN 4796999 AND 4797099
	Bitmap Heap Scan on sbtest1  (cost=5.54..432.69 rows=108 width=125)
	  Recheck Cond: ((k >= 4796999) AND (k <= 4797099))
	  ->  Bitmap Index Scan on k_1  (cost=0.00..5.51 rows=108 width=0)
	        Index Cond: ((k >= 4796999) AND (k <= 4797099))

table 2 : explain SELECT k, c FROM sbtest2 WHERE k BETWEEN 4796999 AND 4797099
	Bitmap Heap Scan on sbtest2  (cost=5.61..460.22 rows=115 width=125)
	  Recheck Cond: ((k >= 4796999) AND (k <= 4797099))
	  ->  Bitmap Index Scan on k_2  (cost=0.00..5.58 rows=115 width=0)
	        Index Cond: ((k >= 4796999) AND (k <= 4797099))

table 3 : explain SELECT k, c FROM sbtest3 WHERE k BETWEEN 4796999 AND 4797099
	Bitmap Heap Scan on sbtest3  (cost=5.54..432.69 rows=108 width=125)
	  Recheck Cond: ((k >= 4796999) AND (k <= 4797099))
	  ->  Bitmap Index Scan on k_3  (cost=0.00..5.51 rows=108 width=0)
	        Index Cond: ((k >= 4796999) AND (k <= 4797099))

table 4 : explain SELECT k, c FROM sbtest4 WHERE k BETWEEN 4796999 AND 4797099
	Bitmap Heap Scan on sbtest4  (cost=5.57..444.49 rows=111 width=125)
	  Recheck Cond: ((k >= 4796999) AND (k <= 4797099))
	  ->  Bitmap Index Scan on k_4  (cost=0.00..5.54 rows=111 width=0)
	        Index Cond: ((k >= 4796999) AND (k <= 4797099))

table 5 : explain SELECT k, c FROM sbtest5 WHERE k BETWEEN 4796999 AND 4797099
	Bitmap Heap Scan on sbtest5  (cost=5.50..416.94 rows=104 width=125)
	  Recheck Cond: ((k >= 4796999) AND (k <= 4797099))
	  ->  Bitmap Index Scan on k_5  (cost=0.00..5.47 rows=104 width=0)
	        Index Cond: ((k >= 4796999) AND (k <= 4797099))

table 6 : explain SELECT k, c FROM sbtest6 WHERE k BETWEEN 4796999 AND 4797099
	Bitmap Heap Scan on sbtest6  (cost=5.45..397.25 rows=99 width=125)
	  Recheck Cond: ((k >= 4796999) AND (k <= 4797099))
	  ->  Bitmap Index Scan on k_6  (cost=0.00..5.42 rows=99 width=0)
	        Index Cond: ((k >= 4796999) AND (k <= 4797099))

table 7 : explain SELECT k, c FROM sbtest7 WHERE k BETWEEN 4796999 AND 4797099
	Bitmap Heap Scan on sbtest7  (cost=5.40..377.55 rows=94 width=125)
	  Recheck Cond: ((k >= 4796999) AND (k <= 4797099))
	  ->  Bitmap Index Scan on k_7  (cost=0.00..5.38 rows=94 width=0)
	        Index Cond: ((k >= 4796999) AND (k <= 4797099))

table 8 : explain SELECT k, c FROM sbtest8 WHERE k BETWEEN 4796999 AND 4797099
	Bitmap Heap Scan on sbtest8  (cost=5.58..448.42 rows=112 width=125)
	  Recheck Cond: ((k >= 4796999) AND (k <= 4797099))
	  ->  Bitmap Index Scan on k_8  (cost=0.00..5.55 rows=112 width=0)
	        Index Cond: ((k >= 4796999) AND (k <= 4797099))

explain: for range-notcovered :: explain SELECT k, c FROM sbtest%d WHERE k BETWEEN 6740123 AND 6740223
for range-notcovered
table 1 : explain SELECT k, c FROM sbtest1 WHERE k BETWEEN 8071975 AND 8072075
	Bitmap Heap Scan on sbtest1  (cost=5.53..428.75 rows=107 width=125)
	  Recheck Cond: ((k >= 8071975) AND (k <= 8072075))
	  ->  Bitmap Index Scan on k_1  (cost=0.00..5.50 rows=107 width=0)
	        Index Cond: ((k >= 8071975) AND (k <= 8072075))

table 2 : explain SELECT k, c FROM sbtest2 WHERE k BETWEEN 8071975 AND 8072075
	Bitmap Heap Scan on sbtest2  (cost=5.51..420.88 rows=105 width=125)
	  Recheck Cond: ((k >= 8071975) AND (k <= 8072075))
	  ->  Bitmap Index Scan on k_2  (cost=0.00..5.48 rows=105 width=0)
	        Index Cond: ((k >= 8071975) AND (k <= 8072075))

table 3 : explain SELECT k, c FROM sbtest3 WHERE k BETWEEN 8071975 AND 8072075
	Bitmap Heap Scan on sbtest3  (cost=5.45..397.25 rows=99 width=125)
	  Recheck Cond: ((k >= 8071975) AND (k <= 8072075))
	  ->  Bitmap Index Scan on k_3  (cost=0.00..5.42 rows=99 width=0)
	        Index Cond: ((k >= 8071975) AND (k <= 8072075))

table 4 : explain SELECT k, c FROM sbtest4 WHERE k BETWEEN 8071975 AND 8072075
	Bitmap Heap Scan on sbtest4  (cost=5.40..377.55 rows=94 width=125)
	  Recheck Cond: ((k >= 8071975) AND (k <= 8072075))
	  ->  Bitmap Index Scan on k_4  (cost=0.00..5.38 rows=94 width=0)
	        Index Cond: ((k >= 8071975) AND (k <= 8072075))

table 5 : explain SELECT k, c FROM sbtest5 WHERE k BETWEEN 8071975 AND 8072075
	Bitmap Heap Scan on sbtest5  (cost=5.56..440.56 rows=110 width=125)
	  Recheck Cond: ((k >= 8071975) AND (k <= 8072075))
	  ->  Bitmap Index Scan on k_5  (cost=0.00..5.53 rows=110 width=0)
	        Index Cond: ((k >= 8071975) AND (k <= 8072075))

table 6 : explain SELECT k, c FROM sbtest6 WHERE k BETWEEN 8071975 AND 8072075
	Bitmap Heap Scan on sbtest6  (cost=5.58..448.42 rows=112 width=125)
	  Recheck Cond: ((k >= 8071975) AND (k <= 8072075))
	  ->  Bitmap Index Scan on k_6  (cost=0.00..5.55 rows=112 width=0)
	        Index Cond: ((k >= 8071975) AND (k <= 8072075))

table 7 : explain SELECT k, c FROM sbtest7 WHERE k BETWEEN 8071975 AND 8072075
	Bitmap Heap Scan on sbtest7  (cost=5.47..405.13 rows=101 width=125)
	  Recheck Cond: ((k >= 8071975) AND (k <= 8072075))
	  ->  Bitmap Index Scan on k_7  (cost=0.00..5.44 rows=101 width=0)
	        Index Cond: ((k >= 8071975) AND (k <= 8072075))

table 8 : explain SELECT k, c FROM sbtest8 WHERE k BETWEEN 8071975 AND 8072075
	Bitmap Heap Scan on sbtest8  (cost=5.60..456.29 rows=114 width=125)
	  Recheck Cond: ((k >= 8071975) AND (k <= 8072075))
	  ->  Bitmap Index Scan on k_8  (cost=0.00..5.58 rows=114 width=0)
	        Index Cond: ((k >= 8071975) AND (k <= 8072075))

explain: for range-notcovered :: explain SELECT k, c FROM sbtest%d WHERE k BETWEEN 3976787 AND 3976887
for range-notcovered
table 1 : explain SELECT k, c FROM sbtest1 WHERE k BETWEEN 8428207 AND 8428307
	Bitmap Heap Scan on sbtest1  (cost=5.45..397.25 rows=99 width=125)
	  Recheck Cond: ((k >= 8428207) AND (k <= 8428307))
	  ->  Bitmap Index Scan on k_1  (cost=0.00..5.42 rows=99 width=0)
	        Index Cond: ((k >= 8428207) AND (k <= 8428307))

table 2 : explain SELECT k, c FROM sbtest2 WHERE k BETWEEN 8428207 AND 8428307
	Bitmap Heap Scan on sbtest2  (cost=5.49..413.00 rows=103 width=125)
	  Recheck Cond: ((k >= 8428207) AND (k <= 8428307))
	  ->  Bitmap Index Scan on k_2  (cost=0.00..5.46 rows=103 width=0)
	        Index Cond: ((k >= 8428207) AND (k <= 8428307))

table 3 : explain SELECT k, c FROM sbtest3 WHERE k BETWEEN 8428207 AND 8428307
	Bitmap Heap Scan on sbtest3  (cost=5.48..409.07 rows=102 width=125)
	  Recheck Cond: ((k >= 8428207) AND (k <= 8428307))
	  ->  Bitmap Index Scan on k_3  (cost=0.00..5.45 rows=102 width=0)
	        Index Cond: ((k >= 8428207) AND (k <= 8428307))

table 4 : explain SELECT k, c FROM sbtest4 WHERE k BETWEEN 8428207 AND 8428307
	Bitmap Heap Scan on sbtest4  (cost=5.59..452.36 rows=113 width=125)
	  Recheck Cond: ((k >= 8428207) AND (k <= 8428307))
	  ->  Bitmap Index Scan on k_4  (cost=0.00..5.56 rows=113 width=0)
	        Index Cond: ((k >= 8428207) AND (k <= 8428307))

table 5 : explain SELECT k, c FROM sbtest5 WHERE k BETWEEN 8428207 AND 8428307
	Bitmap Heap Scan on sbtest5  (cost=5.49..413.00 rows=103 width=125)
	  Recheck Cond: ((k >= 8428207) AND (k <= 8428307))
	  ->  Bitmap Index Scan on k_5  (cost=0.00..5.46 rows=103 width=0)
	        Index Cond: ((k >= 8428207) AND (k <= 8428307))

table 6 : explain SELECT k, c FROM sbtest6 WHERE k BETWEEN 8428207 AND 8428307
	Bitmap Heap Scan on sbtest6  (cost=5.51..420.88 rows=105 width=125)
	  Recheck Cond: ((k >= 8428207) AND (k <= 8428307))
	  ->  Bitmap Index Scan on k_6  (cost=0.00..5.48 rows=105 width=0)
	        Index Cond: ((k >= 8428207) AND (k <= 8428307))

table 7 : explain SELECT k, c FROM sbtest7 WHERE k BETWEEN 8428207 AND 8428307
	Bitmap Heap Scan on sbtest7  (cost=5.43..389.37 rows=97 width=125)
	  Recheck Cond: ((k >= 8428207) AND (k <= 8428307))
	  ->  Bitmap Index Scan on k_7  (cost=0.00..5.40 rows=97 width=0)
	        Index Cond: ((k >= 8428207) AND (k <= 8428307))

table 8 : explain SELECT k, c FROM sbtest8 WHERE k BETWEEN 8428207 AND 8428307
	Bitmap Heap Scan on sbtest8  (cost=5.47..405.13 rows=101 width=125)
	  Recheck Cond: ((k >= 8428207) AND (k <= 8428307))
	  ->  Bitmap Index Scan on k_8  (cost=0.00..5.44 rows=101 width=0)
	        Index Cond: ((k >= 8428207) AND (k <= 8428307))

for range-notcovered
table 1 : explain SELECT k, c FROM sbtest1 WHERE k BETWEEN 5509788 AND 5509888
	Bitmap Heap Scan on sbtest1  (cost=5.45..397.25 rows=99 width=125)
	  Recheck Cond: ((k >= 5509788) AND (k <= 5509888))
	  ->  Bitmap Index Scan on k_1  (cost=0.00..5.42 rows=99 width=0)
	        Index Cond: ((k >= 5509788) AND (k <= 5509888))

table 2 : explain SELECT k, c FROM sbtest2 WHERE k BETWEEN 5509788 AND 5509888
	Bitmap Heap Scan on sbtest2  (cost=5.50..416.94 rows=104 width=125)
	  Recheck Cond: ((k >= 5509788) AND (k <= 5509888))
	  ->  Bitmap Index Scan on k_2  (cost=0.00..5.47 rows=104 width=0)
	        Index Cond: ((k >= 5509788) AND (k <= 5509888))

table 3 : explain SELECT k, c FROM sbtest3 WHERE k BETWEEN 5509788 AND 5509888
	Bitmap Heap Scan on sbtest3  (cost=5.46..401.19 rows=100 width=125)
	  Recheck Cond: ((k >= 5509788) AND (k <= 5509888))
	  ->  Bitmap Index Scan on k_3  (cost=0.00..5.43 rows=100 width=0)
	        Index Cond: ((k >= 5509788) AND (k <= 5509888))

table 4 : explain SELECT k, c FROM sbtest4 WHERE k BETWEEN 5509788 AND 5509888
	Bitmap Heap Scan on sbtest4  (cost=5.45..397.25 rows=99 width=125)
	  Recheck Cond: ((k >= 5509788) AND (k <= 5509888))
	  ->  Bitmap Index Scan on k_4  (cost=0.00..5.42 rows=99 width=0)
	        Index Cond: ((k >= 5509788) AND (k <= 5509888))

table 5 : explain SELECT k, c FROM sbtest5 WHERE k BETWEEN 5509788 AND 5509888
	Bitmap Heap Scan on sbtest5  (cost=5.48..409.07 rows=102 width=125)
	  Recheck Cond: ((k >= 5509788) AND (k <= 5509888))
	  ->  Bitmap Index Scan on k_5  (cost=0.00..5.45 rows=102 width=0)
	        Index Cond: ((k >= 5509788) AND (k <= 5509888))

table 6 : explain SELECT k, c FROM sbtest6 WHERE k BETWEEN 5509788 AND 5509888
	Bitmap Heap Scan on sbtest6  (cost=5.34..353.89 rows=88 width=125)
	  Recheck Cond: ((k >= 5509788) AND (k <= 5509888))
	  ->  Bitmap Index Scan on k_6  (cost=0.00..5.31 rows=88 width=0)
	        Index Cond: ((k >= 5509788) AND (k <= 5509888))

table 7 : explain SELECT k, c FROM sbtest7 WHERE k BETWEEN 5509788 AND 5509888
	Bitmap Heap Scan on sbtest7  (cost=5.52..424.81 rows=106 width=125)
	  Recheck Cond: ((k >= 5509788) AND (k <= 5509888))
	  ->  Bitmap Index Scan on k_7  (cost=0.00..5.50 rows=106 width=0)
	        Index Cond: ((k >= 5509788) AND (k <= 5509888))

table 8 : explain SELECT k, c FROM sbtest8 WHERE k BETWEEN 5509788 AND 5509888
	Bitmap Heap Scan on sbtest8  (cost=5.48..409.07 rows=102 width=125)
	  Recheck Cond: ((k >= 5509788) AND (k <= 5509888))
	  ->  Bitmap Index Scan on k_8  (cost=0.00..5.45 rows=102 width=0)
	        Index Cond: ((k >= 5509788) AND (k <= 5509888))

explain: for range-notcovered :: explain SELECT k, c FROM sbtest%d WHERE k BETWEEN 4796999 AND 4797099
explain: for range-notcovered :: explain SELECT k, c FROM sbtest%d WHERE k BETWEEN 8071975 AND 8072075
explain: for range-notcovered :: explain SELECT k, c FROM sbtest%d WHERE k BETWEEN 5822583 AND 5822683
for range-notcovered
table 1 : explain SELECT k, c FROM sbtest1 WHERE k BETWEEN 3432958 AND 3433058
	Bitmap Heap Scan on sbtest1  (cost=5.44..393.31 rows=98 width=125)
	  Recheck Cond: ((k >= 3432958) AND (k <= 3433058))
	  ->  Bitmap Index Scan on k_1  (cost=0.00..5.42 rows=98 width=0)
	        Index Cond: ((k >= 3432958) AND (k <= 3433058))

table 2 : explain SELECT k, c FROM sbtest2 WHERE k BETWEEN 3432958 AND 3433058
	Bitmap Heap Scan on sbtest2  (cost=5.56..440.56 rows=110 width=125)
	  Recheck Cond: ((k >= 3432958) AND (k <= 3433058))
	  ->  Bitmap Index Scan on k_2  (cost=0.00..5.53 rows=110 width=0)
	        Index Cond: ((k >= 3432958) AND (k <= 3433058))

table 3 : explain SELECT k, c FROM sbtest3 WHERE k BETWEEN 3432958 AND 3433058
	Bitmap Heap Scan on sbtest3  (cost=5.45..397.25 rows=99 width=125)
	  Recheck Cond: ((k >= 3432958) AND (k <= 3433058))
	  ->  Bitmap Index Scan on k_3  (cost=0.00..5.42 rows=99 width=0)
	        Index Cond: ((k >= 3432958) AND (k <= 3433058))

table 4 : explain SELECT k, c FROM sbtest4 WHERE k BETWEEN 3432958 AND 3433058
	Bitmap Heap Scan on sbtest4  (cost=5.46..401.19 rows=100 width=125)
	  Recheck Cond: ((k >= 3432958) AND (k <= 3433058))
	  ->  Bitmap Index Scan on k_4  (cost=0.00..5.43 rows=100 width=0)
	        Index Cond: ((k >= 3432958) AND (k <= 3433058))

table 5 : explain SELECT k, c FROM sbtest5 WHERE k BETWEEN 3432958 AND 3433058
	Bitmap Heap Scan on sbtest5  (cost=5.55..436.62 rows=109 width=125)
	  Recheck Cond: ((k >= 3432958) AND (k <= 3433058))
	  ->  Bitmap Index Scan on k_5  (cost=0.00..5.52 rows=109 width=0)
	        Index Cond: ((k >= 3432958) AND (k <= 3433058))

table 6 : explain SELECT k, c FROM sbtest6 WHERE k BETWEEN 3432958 AND 3433058
	Bitmap Heap Scan on sbtest6  (cost=5.46..401.19 rows=100 width=125)
	  Recheck Cond: ((k >= 3432958) AND (k <= 3433058))
	  ->  Bitmap Index Scan on k_6  (cost=0.00..5.43 rows=100 width=0)
	        Index Cond: ((k >= 3432958) AND (k <= 3433058))

table 7 : explain SELECT k, c FROM sbtest7 WHERE k BETWEEN 3432958 AND 3433058
	Bitmap Heap Scan on sbtest7  (cost=5.43..389.37 rows=97 width=125)
	  Recheck Cond: ((k >= 3432958) AND (k <= 3433058))
	  ->  Bitmap Index Scan on k_7  (cost=0.00..5.40 rows=97 width=0)
	        Index Cond: ((k >= 3432958) AND (k <= 3433058))

table 8 : explain SELECT k, c FROM sbtest8 WHERE k BETWEEN 3432958 AND 3433058
	Bitmap Heap Scan on sbtest8  (cost=5.55..436.62 rows=109 width=125)
	  Recheck Cond: ((k >= 3432958) AND (k <= 3433058))
	  ->  Bitmap Index Scan on k_8  (cost=0.00..5.52 rows=109 width=0)
	        Index Cond: ((k >= 3432958) AND (k <= 3433058))

explain: for range-notcovered :: explain SELECT k, c FROM sbtest%d WHERE k BETWEEN 5355576 AND 5355676
explain: for range-notcovered :: explain SELECT k, c FROM sbtest%d WHERE k BETWEEN 5509788 AND 5509888
for range-notcovered
table 1 : explain SELECT k, c FROM sbtest1 WHERE k BETWEEN 5369804 AND 5369904
	Bitmap Heap Scan on sbtest1  (cost=5.42..385.43 rows=96 width=125)
	  Recheck Cond: ((k >= 5369804) AND (k <= 5369904))
	  ->  Bitmap Index Scan on k_1  (cost=0.00..5.39 rows=96 width=0)
	        Index Cond: ((k >= 5369804) AND (k <= 5369904))

table 2 : explain SELECT k, c FROM sbtest2 WHERE k BETWEEN 5369804 AND 5369904
	Bitmap Heap Scan on sbtest2  (cost=5.51..420.88 rows=105 width=125)
	  Recheck Cond: ((k >= 5369804) AND (k <= 5369904))
	  ->  Bitmap Index Scan on k_2  (cost=0.00..5.48 rows=105 width=0)
	        Index Cond: ((k >= 5369804) AND (k <= 5369904))

table 3 : explain SELECT k, c FROM sbtest3 WHERE k BETWEEN 5369804 AND 5369904
	Bitmap Heap Scan on sbtest3  (cost=5.55..436.62 rows=109 width=125)
	  Recheck Cond: ((k >= 5369804) AND (k <= 5369904))
	  ->  Bitmap Index Scan on k_3  (cost=0.00..5.52 rows=109 width=0)
	        Index Cond: ((k >= 5369804) AND (k <= 5369904))

table 4 : explain SELECT k, c FROM sbtest4 WHERE k BETWEEN 5369804 AND 5369904
	Bitmap Heap Scan on sbtest4  (cost=5.47..405.13 rows=101 width=125)
	  Recheck Cond: ((k >= 5369804) AND (k <= 5369904))
	  ->  Bitmap Index Scan on k_4  (cost=0.00..5.44 rows=101 width=0)
	        Index Cond: ((k >= 5369804) AND (k <= 5369904))

table 5 : explain SELECT k, c FROM sbtest5 WHERE k BETWEEN 5369804 AND 5369904
	Bitmap Heap Scan on sbtest5  (cost=5.57..444.49 rows=111 width=125)
	  Recheck Cond: ((k >= 5369804) AND (k <= 5369904))
	  ->  Bitmap Index Scan on k_5  (cost=0.00..5.54 rows=111 width=0)
	        Index Cond: ((k >= 5369804) AND (k <= 5369904))

table 6 : explain SELECT k, c FROM sbtest6 WHERE k BETWEEN 5369804 AND 5369904
	Bitmap Heap Scan on sbtest6  (cost=5.50..416.94 rows=104 width=125)
	  Recheck Cond: ((k >= 5369804) AND (k <= 5369904))
	  ->  Bitmap Index Scan on k_6  (cost=0.00..5.47 rows=104 width=0)
	        Index Cond: ((k >= 5369804) AND (k <= 5369904))

table 7 : explain SELECT k, c FROM sbtest7 WHERE k BETWEEN 5369804 AND 5369904
	Bitmap Heap Scan on sbtest7  (cost=5.44..393.31 rows=98 width=125)
	  Recheck Cond: ((k >= 5369804) AND (k <= 5369904))
	  ->  Bitmap Index Scan on k_7  (cost=0.00..5.42 rows=98 width=0)
	        Index Cond: ((k >= 5369804) AND (k <= 5369904))

table 8 : explain SELECT k, c FROM sbtest8 WHERE k BETWEEN 5369804 AND 5369904
	Bitmap Heap Scan on sbtest8  (cost=5.45..397.25 rows=99 width=125)
	  Recheck Cond: ((k >= 5369804) AND (k <= 5369904))
	  ->  Bitmap Index Scan on k_8  (cost=0.00..5.42 rows=99 width=0)
	        Index Cond: ((k >= 5369804) AND (k <= 5369904))

explain: for range-notcovered :: explain SELECT k, c FROM sbtest%d WHERE k BETWEEN 3432958 AND 3433058
for range-notcovered
table 1 : explain SELECT k, c FROM sbtest1 WHERE k BETWEEN 4784777 AND 4784877
	Bitmap Heap Scan on sbtest1  (cost=5.54..432.69 rows=108 width=125)
	  Recheck Cond: ((k >= 4784777) AND (k <= 4784877))
	  ->  Bitmap Index Scan on k_1  (cost=0.00..5.51 rows=108 width=0)
	        Index Cond: ((k >= 4784777) AND (k <= 4784877))

table 2 : explain SELECT k, c FROM sbtest2 WHERE k BETWEEN 4784777 AND 4784877
	Bitmap Heap Scan on sbtest2  (cost=5.61..460.22 rows=115 width=125)
	  Recheck Cond: ((k >= 4784777) AND (k <= 4784877))
	  ->  Bitmap Index Scan on k_2  (cost=0.00..5.58 rows=115 width=0)
	        Index Cond: ((k >= 4784777) AND (k <= 4784877))

table 3 : explain SELECT k, c FROM sbtest3 WHERE k BETWEEN 4784777 AND 4784877
	Bitmap Heap Scan on sbtest3  (cost=5.54..432.69 rows=108 width=125)
	  Recheck Cond: ((k >= 4784777) AND (k <= 4784877))
	  ->  Bitmap Index Scan on k_3  (cost=0.00..5.51 rows=108 width=0)
	        Index Cond: ((k >= 4784777) AND (k <= 4784877))

table 4 : explain SELECT k, c FROM sbtest4 WHERE k BETWEEN 4784777 AND 4784877
	Bitmap Heap Scan on sbtest4  (cost=5.57..444.49 rows=111 width=125)
	  Recheck Cond: ((k >= 4784777) AND (k <= 4784877))
	  ->  Bitmap Index Scan on k_4  (cost=0.00..5.54 rows=111 width=0)
	        Index Cond: ((k >= 4784777) AND (k <= 4784877))

table 5 : explain SELECT k, c FROM sbtest5 WHERE k BETWEEN 4784777 AND 4784877
	Bitmap Heap Scan on sbtest5  (cost=5.50..416.94 rows=104 width=125)
	  Recheck Cond: ((k >= 4784777) AND (k <= 4784877))
	  ->  Bitmap Index Scan on k_5  (cost=0.00..5.47 rows=104 width=0)
	        Index Cond: ((k >= 4784777) AND (k <= 4784877))

table 6 : explain SELECT k, c FROM sbtest6 WHERE k BETWEEN 4784777 AND 4784877
	Bitmap Heap Scan on sbtest6  (cost=5.45..397.25 rows=99 width=125)
	  Recheck Cond: ((k >= 4784777) AND (k <= 4784877))
	  ->  Bitmap Index Scan on k_6  (cost=0.00..5.42 rows=99 width=0)
	        Index Cond: ((k >= 4784777) AND (k <= 4784877))

table 7 : explain SELECT k, c FROM sbtest7 WHERE k BETWEEN 4784777 AND 4784877
	Bitmap Heap Scan on sbtest7  (cost=5.40..377.55 rows=94 width=125)
	  Recheck Cond: ((k >= 4784777) AND (k <= 4784877))
	  ->  Bitmap Index Scan on k_7  (cost=0.00..5.38 rows=94 width=0)
	        Index Cond: ((k >= 4784777) AND (k <= 4784877))

table 8 : explain SELECT k, c FROM sbtest8 WHERE k BETWEEN 4784777 AND 4784877
	Bitmap Heap Scan on sbtest8  (cost=5.58..448.42 rows=112 width=125)
	  Recheck Cond: ((k >= 4784777) AND (k <= 4784877))
	  ->  Bitmap Index Scan on k_8  (cost=0.00..5.55 rows=112 width=0)
	        Index Cond: ((k >= 4784777) AND (k <= 4784877))

explain: for range-notcovered :: explain SELECT k, c FROM sbtest%d WHERE k BETWEEN 5369804 AND 5369904
for range-notcovered
table 1 : explain SELECT k, c FROM sbtest1 WHERE k BETWEEN 5654426 AND 5654526
	Bitmap Heap Scan on sbtest1  (cost=5.54..432.69 rows=108 width=125)
	  Recheck Cond: ((k >= 5654426) AND (k <= 5654526))
	  ->  Bitmap Index Scan on k_1  (cost=0.00..5.51 rows=108 width=0)
	        Index Cond: ((k >= 5654426) AND (k <= 5654526))

table 2 : explain SELECT k, c FROM sbtest2 WHERE k BETWEEN 5654426 AND 5654526
	Bitmap Heap Scan on sbtest2  (cost=5.48..409.07 rows=102 width=125)
	  Recheck Cond: ((k >= 5654426) AND (k <= 5654526))
	  ->  Bitmap Index Scan on k_2  (cost=0.00..5.45 rows=102 width=0)
	        Index Cond: ((k >= 5654426) AND (k <= 5654526))

table 3 : explain SELECT k, c FROM sbtest3 WHERE k BETWEEN 5654426 AND 5654526
	Bitmap Heap Scan on sbtest3  (cost=5.52..424.81 rows=106 width=125)
	  Recheck Cond: ((k >= 5654426) AND (k <= 5654526))
	  ->  Bitmap Index Scan on k_3  (cost=0.00..5.50 rows=106 width=0)
	        Index Cond: ((k >= 5654426) AND (k <= 5654526))

table 4 : explain SELECT k, c FROM sbtest4 WHERE k BETWEEN 5654426 AND 5654526
	Bitmap Heap Scan on sbtest4  (cost=5.51..420.88 rows=105 width=125)
	  Recheck Cond: ((k >= 5654426) AND (k <= 5654526))
	  ->  Bitmap Index Scan on k_4  (cost=0.00..5.48 rows=105 width=0)
	        Index Cond: ((k >= 5654426) AND (k <= 5654526))

table 5 : explain SELECT k, c FROM sbtest5 WHERE k BETWEEN 5654426 AND 5654526
	Bitmap Heap Scan on sbtest5  (cost=5.68..483.81 rows=121 width=125)
	  Recheck Cond: ((k >= 5654426) AND (k <= 5654526))
	  ->  Bitmap Index Scan on k_5  (cost=0.00..5.64 rows=121 width=0)
	        Index Cond: ((k >= 5654426) AND (k <= 5654526))

table 6 : explain SELECT k, c FROM sbtest6 WHERE k BETWEEN 5654426 AND 5654526
	Bitmap Heap Scan on sbtest6  (cost=5.57..444.49 rows=111 width=125)
	  Recheck Cond: ((k >= 5654426) AND (k <= 5654526))
	  ->  Bitmap Index Scan on k_6  (cost=0.00..5.54 rows=111 width=0)
	        Index Cond: ((k >= 5654426) AND (k <= 5654526))

table 7 : explain SELECT k, c FROM sbtest7 WHERE k BETWEEN 5654426 AND 5654526
	Bitmap Heap Scan on sbtest7  (cost=5.43..389.37 rows=97 width=125)
	  Recheck Cond: ((k >= 5654426) AND (k <= 5654526))
	  ->  Bitmap Index Scan on k_7  (cost=0.00..5.40 rows=97 width=0)
	        Index Cond: ((k >= 5654426) AND (k <= 5654526))

table 8 : explain SELECT k, c FROM sbtest8 WHERE k BETWEEN 5654426 AND 5654526
	Bitmap Heap Scan on sbtest8  (cost=5.39..373.61 rows=93 width=125)
	  Recheck Cond: ((k >= 5654426) AND (k <= 5654526))
	  ->  Bitmap Index Scan on k_8  (cost=0.00..5.36 rows=93 width=0)
	        Index Cond: ((k >= 5654426) AND (k <= 5654526))

explain: for range-notcovered :: explain SELECT k, c FROM sbtest%d WHERE k BETWEEN 4784777 AND 4784877
explain: for range-notcovered :: explain SELECT k, c FROM sbtest%d WHERE k BETWEEN 5654426 AND 5654526
explain: for range-notcovered :: explain SELECT k, c FROM sbtest%d WHERE k BETWEEN 3181595 AND 3181695
for range-notcovered
table 1 : explain SELECT k, c FROM sbtest1 WHERE k BETWEEN 3976787 AND 3976887
	Bitmap Heap Scan on sbtest1  (cost=5.46..401.19 rows=100 width=125)
	  Recheck Cond: ((k >= 3976787) AND (k <= 3976887))
	  ->  Bitmap Index Scan on k_1  (cost=0.00..5.43 rows=100 width=0)
	        Index Cond: ((k >= 3976787) AND (k <= 3976887))

table 2 : explain SELECT k, c FROM sbtest2 WHERE k BETWEEN 3976787 AND 3976887
	Bitmap Heap Scan on sbtest2  (cost=5.44..393.31 rows=98 width=125)
	  Recheck Cond: ((k >= 3976787) AND (k <= 3976887))
	  ->  Bitmap Index Scan on k_2  (cost=0.00..5.42 rows=98 width=0)
	        Index Cond: ((k >= 3976787) AND (k <= 3976887))

table 3 : explain SELECT k, c FROM sbtest3 WHERE k BETWEEN 3976787 AND 3976887
	Bitmap Heap Scan on sbtest3  (cost=5.50..416.94 rows=104 width=125)
	  Recheck Cond: ((k >= 3976787) AND (k <= 3976887))
	  ->  Bitmap Index Scan on k_3  (cost=0.00..5.47 rows=104 width=0)
	        Index Cond: ((k >= 3976787) AND (k <= 3976887))

table 4 : explain SELECT k, c FROM sbtest4 WHERE k BETWEEN 3976787 AND 3976887
	Bitmap Heap Scan on sbtest4  (cost=5.52..424.81 rows=106 width=125)
	  Recheck Cond: ((k >= 3976787) AND (k <= 3976887))
	  ->  Bitmap Index Scan on k_4  (cost=0.00..5.50 rows=106 width=0)
	        Index Cond: ((k >= 3976787) AND (k <= 3976887))

table 5 : explain SELECT k, c FROM sbtest5 WHERE k BETWEEN 3976787 AND 3976887
	Bitmap Heap Scan on sbtest5  (cost=5.51..420.88 rows=105 width=125)
	  Recheck Cond: ((k >= 3976787) AND (k <= 3976887))
	  ->  Bitmap Index Scan on k_5  (cost=0.00..5.48 rows=105 width=0)
	        Index Cond: ((k >= 3976787) AND (k <= 3976887))

table 6 : explain SELECT k, c FROM sbtest6 WHERE k BETWEEN 3976787 AND 3976887
	Bitmap Heap Scan on sbtest6  (cost=5.46..401.19 rows=100 width=125)
	  Recheck Cond: ((k >= 3976787) AND (k <= 3976887))
	  ->  Bitmap Index Scan on k_6  (cost=0.00..5.43 rows=100 width=0)
	        Index Cond: ((k >= 3976787) AND (k <= 3976887))

table 7 : explain SELECT k, c FROM sbtest7 WHERE k BETWEEN 3976787 AND 3976887
	Bitmap Heap Scan on sbtest7  (cost=5.49..413.00 rows=103 width=125)
	  Recheck Cond: ((k >= 3976787) AND (k <= 3976887))
	  ->  Bitmap Index Scan on k_7  (cost=0.00..5.46 rows=103 width=0)
	        Index Cond: ((k >= 3976787) AND (k <= 3976887))

table 8 : explain SELECT k, c FROM sbtest8 WHERE k BETWEEN 3976787 AND 3976887
	Bitmap Heap Scan on sbtest8  (cost=5.39..373.61 rows=93 width=125)
	  Recheck Cond: ((k >= 3976787) AND (k <= 3976887))
	  ->  Bitmap Index Scan on k_8  (cost=0.00..5.36 rows=93 width=0)
	        Index Cond: ((k >= 3976787) AND (k <= 3976887))

for range-notcovered
table 1 : explain SELECT k, c FROM sbtest1 WHERE k BETWEEN 5287580 AND 5287680
	Bitmap Heap Scan on sbtest1  (cost=5.59..452.36 rows=113 width=125)
	  Recheck Cond: ((k >= 5287580) AND (k <= 5287680))
	  ->  Bitmap Index Scan on k_1  (cost=0.00..5.56 rows=113 width=0)
	        Index Cond: ((k >= 5287580) AND (k <= 5287680))

table 2 : explain SELECT k, c FROM sbtest2 WHERE k BETWEEN 5287580 AND 5287680
	Bitmap Heap Scan on sbtest2  (cost=5.48..409.07 rows=102 width=125)
	  Recheck Cond: ((k >= 5287580) AND (k <= 5287680))
	  ->  Bitmap Index Scan on k_2  (cost=0.00..5.45 rows=102 width=0)
	        Index Cond: ((k >= 5287580) AND (k <= 5287680))

table 3 : explain SELECT k, c FROM sbtest3 WHERE k BETWEEN 5287580 AND 5287680
	Bitmap Heap Scan on sbtest3  (cost=5.43..389.37 rows=97 width=125)
	  Recheck Cond: ((k >= 5287580) AND (k <= 5287680))
	  ->  Bitmap Index Scan on k_3  (cost=0.00..5.40 rows=97 width=0)
	        Index Cond: ((k >= 5287580) AND (k <= 5287680))

table 4 : explain SELECT k, c FROM sbtest4 WHERE k BETWEEN 5287580 AND 5287680
	Bitmap Heap Scan on sbtest4  (cost=5.48..409.07 rows=102 width=125)
	  Recheck Cond: ((k >= 5287580) AND (k <= 5287680))
	  ->  Bitmap Index Scan on k_4  (cost=0.00..5.45 rows=102 width=0)
	        Index Cond: ((k >= 5287580) AND (k <= 5287680))

table 5 : explain SELECT k, c FROM sbtest5 WHERE k BETWEEN 5287580 AND 5287680
	Bitmap Heap Scan on sbtest5  (cost=5.45..397.25 rows=99 width=125)
	  Recheck Cond: ((k >= 5287580) AND (k <= 5287680))
	  ->  Bitmap Index Scan on k_5  (cost=0.00..5.42 rows=99 width=0)
	        Index Cond: ((k >= 5287580) AND (k <= 5287680))

table 6 : explain SELECT k, c FROM sbtest6 WHERE k BETWEEN 5287580 AND 5287680
	Bitmap Heap Scan on sbtest6  (cost=5.56..440.56 rows=110 width=125)
	  Recheck Cond: ((k >= 5287580) AND (k <= 5287680))
	  ->  Bitmap Index Scan on k_6  (cost=0.00..5.53 rows=110 width=0)
	        Index Cond: ((k >= 5287580) AND (k <= 5287680))

table 7 : explain SELECT k, c FROM sbtest7 WHERE k BETWEEN 5287580 AND 5287680
	Bitmap Heap Scan on sbtest7  (cost=5.60..456.29 rows=114 width=125)
	  Recheck Cond: ((k >= 5287580) AND (k <= 5287680))
	  ->  Bitmap Index Scan on k_7  (cost=0.00..5.58 rows=114 width=0)
	        Index Cond: ((k >= 5287580) AND (k <= 5287680))

table 8 : explain SELECT k, c FROM sbtest8 WHERE k BETWEEN 5287580 AND 5287680
	Bitmap Heap Scan on sbtest8  (cost=5.57..444.49 rows=111 width=125)
	  Recheck Cond: ((k >= 5287580) AND (k <= 5287680))
	  ->  Bitmap Index Scan on k_8  (cost=0.00..5.54 rows=111 width=0)
	        Index Cond: ((k >= 5287580) AND (k <= 5287680))

explain: for range-notcovered :: explain SELECT k, c FROM sbtest%d WHERE k BETWEEN 3976787 AND 3976887
explain: for range-notcovered :: explain SELECT k, c FROM sbtest%d WHERE k BETWEEN 5287580 AND 5287680
for range-notcovered
table 1 : explain SELECT k, c FROM sbtest1 WHERE k BETWEEN 4784777 AND 4784877
	Bitmap Heap Scan on sbtest1  (cost=5.54..432.69 rows=108 width=125)
	  Recheck Cond: ((k >= 4784777) AND (k <= 4784877))
	  ->  Bitmap Index Scan on k_1  (cost=0.00..5.51 rows=108 width=0)
	        Index Cond: ((k >= 4784777) AND (k <= 4784877))

table 2 : explain SELECT k, c FROM sbtest2 WHERE k BETWEEN 4784777 AND 4784877
	Bitmap Heap Scan on sbtest2  (cost=5.61..460.22 rows=115 width=125)
	  Recheck Cond: ((k >= 4784777) AND (k <= 4784877))
	  ->  Bitmap Index Scan on k_2  (cost=0.00..5.58 rows=115 width=0)
	        Index Cond: ((k >= 4784777) AND (k <= 4784877))

table 3 : explain SELECT k, c FROM sbtest3 WHERE k BETWEEN 4784777 AND 4784877
	Bitmap Heap Scan on sbtest3  (cost=5.54..432.69 rows=108 width=125)
	  Recheck Cond: ((k >= 4784777) AND (k <= 4784877))
	  ->  Bitmap Index Scan on k_3  (cost=0.00..5.51 rows=108 width=0)
	        Index Cond: ((k >= 4784777) AND (k <= 4784877))

table 4 : explain SELECT k, c FROM sbtest4 WHERE k BETWEEN 4784777 AND 4784877
	Bitmap Heap Scan on sbtest4  (cost=5.57..444.49 rows=111 width=125)
	  Recheck Cond: ((k >= 4784777) AND (k <= 4784877))
	  ->  Bitmap Index Scan on k_4  (cost=0.00..5.54 rows=111 width=0)
	        Index Cond: ((k >= 4784777) AND (k <= 4784877))

table 5 : explain SELECT k, c FROM sbtest5 WHERE k BETWEEN 4784777 AND 4784877
	Bitmap Heap Scan on sbtest5  (cost=5.50..416.94 rows=104 width=125)
	  Recheck Cond: ((k >= 4784777) AND (k <= 4784877))
	  ->  Bitmap Index Scan on k_5  (cost=0.00..5.47 rows=104 width=0)
	        Index Cond: ((k >= 4784777) AND (k <= 4784877))

table 6 : explain SELECT k, c FROM sbtest6 WHERE k BETWEEN 4784777 AND 4784877
	Bitmap Heap Scan on sbtest6  (cost=5.45..397.25 rows=99 width=125)
	  Recheck Cond: ((k >= 4784777) AND (k <= 4784877))
	  ->  Bitmap Index Scan on k_6  (cost=0.00..5.42 rows=99 width=0)
	        Index Cond: ((k >= 4784777) AND (k <= 4784877))

table 7 : explain SELECT k, c FROM sbtest7 WHERE k BETWEEN 4784777 AND 4784877
	Bitmap Heap Scan on sbtest7  (cost=5.40..377.55 rows=94 width=125)
	  Recheck Cond: ((k >= 4784777) AND (k <= 4784877))
	  ->  Bitmap Index Scan on k_7  (cost=0.00..5.38 rows=94 width=0)
	        Index Cond: ((k >= 4784777) AND (k <= 4784877))

table 8 : explain SELECT k, c FROM sbtest8 WHERE k BETWEEN 4784777 AND 4784877
	Bitmap Heap Scan on sbtest8  (cost=5.58..448.42 rows=112 width=125)
	  Recheck Cond: ((k >= 4784777) AND (k <= 4784877))
	  ->  Bitmap Index Scan on k_8  (cost=0.00..5.55 rows=112 width=0)
	        Index Cond: ((k >= 4784777) AND (k <= 4784877))

for range-notcovered
table 1 : explain SELECT k, c FROM sbtest1 WHERE k BETWEEN 5369804 AND 5369904
	Bitmap Heap Scan on sbtest1  (cost=5.42..385.43 rows=96 width=125)
	  Recheck Cond: ((k >= 5369804) AND (k <= 5369904))
	  ->  Bitmap Index Scan on k_1  (cost=0.00..5.39 rows=96 width=0)
	        Index Cond: ((k >= 5369804) AND (k <= 5369904))

table 2 : explain SELECT k, c FROM sbtest2 WHERE k BETWEEN 5369804 AND 5369904
	Bitmap Heap Scan on sbtest2  (cost=5.51..420.88 rows=105 width=125)
	  Recheck Cond: ((k >= 5369804) AND (k <= 5369904))
	  ->  Bitmap Index Scan on k_2  (cost=0.00..5.48 rows=105 width=0)
	        Index Cond: ((k >= 5369804) AND (k <= 5369904))

table 3 : explain SELECT k, c FROM sbtest3 WHERE k BETWEEN 5369804 AND 5369904
	Bitmap Heap Scan on sbtest3  (cost=5.55..436.62 rows=109 width=125)
	  Recheck Cond: ((k >= 5369804) AND (k <= 5369904))
	  ->  Bitmap Index Scan on k_3  (cost=0.00..5.52 rows=109 width=0)
	        Index Cond: ((k >= 5369804) AND (k <= 5369904))

table 4 : explain SELECT k, c FROM sbtest4 WHERE k BETWEEN 5369804 AND 5369904
	Bitmap Heap Scan on sbtest4  (cost=5.47..405.13 rows=101 width=125)
	  Recheck Cond: ((k >= 5369804) AND (k <= 5369904))
	  ->  Bitmap Index Scan on k_4  (cost=0.00..5.44 rows=101 width=0)
	        Index Cond: ((k >= 5369804) AND (k <= 5369904))

table 5 : explain SELECT k, c FROM sbtest5 WHERE k BETWEEN 5369804 AND 5369904
	Bitmap Heap Scan on sbtest5  (cost=5.57..444.49 rows=111 width=125)
	  Recheck Cond: ((k >= 5369804) AND (k <= 5369904))
	  ->  Bitmap Index Scan on k_5  (cost=0.00..5.54 rows=111 width=0)
	        Index Cond: ((k >= 5369804) AND (k <= 5369904))

table 6 : explain SELECT k, c FROM sbtest6 WHERE k BETWEEN 5369804 AND 5369904
	Bitmap Heap Scan on sbtest6  (cost=5.50..416.94 rows=104 width=125)
	  Recheck Cond: ((k >= 5369804) AND (k <= 5369904))
	  ->  Bitmap Index Scan on k_6  (cost=0.00..5.47 rows=104 width=0)
	        Index Cond: ((k >= 5369804) AND (k <= 5369904))

table 7 : explain SELECT k, c FROM sbtest7 WHERE k BETWEEN 5369804 AND 5369904
	Bitmap Heap Scan on sbtest7  (cost=5.44..393.31 rows=98 width=125)
	  Recheck Cond: ((k >= 5369804) AND (k <= 5369904))
	  ->  Bitmap Index Scan on k_7  (cost=0.00..5.42 rows=98 width=0)
	        Index Cond: ((k >= 5369804) AND (k <= 5369904))

table 8 : explain SELECT k, c FROM sbtest8 WHERE k BETWEEN 5369804 AND 5369904
	Bitmap Heap Scan on sbtest8  (cost=5.45..397.25 rows=99 width=125)
	  Recheck Cond: ((k >= 5369804) AND (k <= 5369904))
	  ->  Bitmap Index Scan on k_8  (cost=0.00..5.42 rows=99 width=0)
	        Index Cond: ((k >= 5369804) AND (k <= 5369904))

explain: for range-notcovered :: explain SELECT k, c FROM sbtest%d WHERE k BETWEEN 4784777 AND 4784877
explain: for range-notcovered :: explain SELECT k, c FROM sbtest%d WHERE k BETWEEN 5369804 AND 5369904
for range-notcovered
table 1 : explain SELECT k, c FROM sbtest1 WHERE k BETWEEN 3432958 AND 3433058
	Bitmap Heap Scan on sbtest1  (cost=5.44..393.31 rows=98 width=125)
	  Recheck Cond: ((k >= 3432958) AND (k <= 3433058))
	  ->  Bitmap Index Scan on k_1  (cost=0.00..5.42 rows=98 width=0)
	        Index Cond: ((k >= 3432958) AND (k <= 3433058))

table 2 : explain SELECT k, c FROM sbtest2 WHERE k BETWEEN 3432958 AND 3433058
	Bitmap Heap Scan on sbtest2  (cost=5.56..440.56 rows=110 width=125)
	  Recheck Cond: ((k >= 3432958) AND (k <= 3433058))
	  ->  Bitmap Index Scan on k_2  (cost=0.00..5.53 rows=110 width=0)
	        Index Cond: ((k >= 3432958) AND (k <= 3433058))

table 3 : explain SELECT k, c FROM sbtest3 WHERE k BETWEEN 3432958 AND 3433058
	Bitmap Heap Scan on sbtest3  (cost=5.45..397.25 rows=99 width=125)
	  Recheck Cond: ((k >= 3432958) AND (k <= 3433058))
	  ->  Bitmap Index Scan on k_3  (cost=0.00..5.42 rows=99 width=0)
	        Index Cond: ((k >= 3432958) AND (k <= 3433058))

table 4 : explain SELECT k, c FROM sbtest4 WHERE k BETWEEN 3432958 AND 3433058
	Bitmap Heap Scan on sbtest4  (cost=5.46..401.19 rows=100 width=125)
	  Recheck Cond: ((k >= 3432958) AND (k <= 3433058))
	  ->  Bitmap Index Scan on k_4  (cost=0.00..5.43 rows=100 width=0)
	        Index Cond: ((k >= 3432958) AND (k <= 3433058))

table 5 : explain SELECT k, c FROM sbtest5 WHERE k BETWEEN 3432958 AND 3433058
	Bitmap Heap Scan on sbtest5  (cost=5.55..436.62 rows=109 width=125)
	  Recheck Cond: ((k >= 3432958) AND (k <= 3433058))
	  ->  Bitmap Index Scan on k_5  (cost=0.00..5.52 rows=109 width=0)
	        Index Cond: ((k >= 3432958) AND (k <= 3433058))

table 6 : explain SELECT k, c FROM sbtest6 WHERE k BETWEEN 3432958 AND 3433058
	Bitmap Heap Scan on sbtest6  (cost=5.46..401.19 rows=100 width=125)
	  Recheck Cond: ((k >= 3432958) AND (k <= 3433058))
	  ->  Bitmap Index Scan on k_6  (cost=0.00..5.43 rows=100 width=0)
	        Index Cond: ((k >= 3432958) AND (k <= 3433058))

table 7 : explain SELECT k, c FROM sbtest7 WHERE k BETWEEN 3432958 AND 3433058
	Bitmap Heap Scan on sbtest7  (cost=5.43..389.37 rows=97 width=125)
	  Recheck Cond: ((k >= 3432958) AND (k <= 3433058))
	  ->  Bitmap Index Scan on k_7  (cost=0.00..5.40 rows=97 width=0)
	        Index Cond: ((k >= 3432958) AND (k <= 3433058))

table 8 : explain SELECT k, c FROM sbtest8 WHERE k BETWEEN 3432958 AND 3433058
	Bitmap Heap Scan on sbtest8  (cost=5.55..436.62 rows=109 width=125)
	  Recheck Cond: ((k >= 3432958) AND (k <= 3433058))
	  ->  Bitmap Index Scan on k_8  (cost=0.00..5.52 rows=109 width=0)
	        Index Cond: ((k >= 3432958) AND (k <= 3433058))

for range-notcovered
table 1 : explain SELECT k, c FROM sbtest1 WHERE k BETWEEN 5654426 AND 5654526
	Bitmap Heap Scan on sbtest1  (cost=5.54..432.69 rows=108 width=125)
	  Recheck Cond: ((k >= 5654426) AND (k <= 5654526))
	  ->  Bitmap Index Scan on k_1  (cost=0.00..5.51 rows=108 width=0)
	        Index Cond: ((k >= 5654426) AND (k <= 5654526))

table 2 : explain SELECT k, c FROM sbtest2 WHERE k BETWEEN 5654426 AND 5654526
	Bitmap Heap Scan on sbtest2  (cost=5.48..409.07 rows=102 width=125)
	  Recheck Cond: ((k >= 5654426) AND (k <= 5654526))
	  ->  Bitmap Index Scan on k_2  (cost=0.00..5.45 rows=102 width=0)
	        Index Cond: ((k >= 5654426) AND (k <= 5654526))

table 3 : explain SELECT k, c FROM sbtest3 WHERE k BETWEEN 5654426 AND 5654526
	Bitmap Heap Scan on sbtest3  (cost=5.52..424.81 rows=106 width=125)
	  Recheck Cond: ((k >= 5654426) AND (k <= 5654526))
	  ->  Bitmap Index Scan on k_3  (cost=0.00..5.50 rows=106 width=0)
	        Index Cond: ((k >= 5654426) AND (k <= 5654526))

table 4 : explain SELECT k, c FROM sbtest4 WHERE k BETWEEN 5654426 AND 5654526
	Bitmap Heap Scan on sbtest4  (cost=5.51..420.88 rows=105 width=125)
	  Recheck Cond: ((k >= 5654426) AND (k <= 5654526))
	  ->  Bitmap Index Scan on k_4  (cost=0.00..5.48 rows=105 width=0)
	        Index Cond: ((k >= 5654426) AND (k <= 5654526))

table 5 : explain SELECT k, c FROM sbtest5 WHERE k BETWEEN 5654426 AND 5654526
	Bitmap Heap Scan on sbtest5  (cost=5.68..483.81 rows=121 width=125)
	  Recheck Cond: ((k >= 5654426) AND (k <= 5654526))
	  ->  Bitmap Index Scan on k_5  (cost=0.00..5.64 rows=121 width=0)
	        Index Cond: ((k >= 5654426) AND (k <= 5654526))

table 6 : explain SELECT k, c FROM sbtest6 WHERE k BETWEEN 5654426 AND 5654526
	Bitmap Heap Scan on sbtest6  (cost=5.57..444.49 rows=111 width=125)
	  Recheck Cond: ((k >= 5654426) AND (k <= 5654526))
	  ->  Bitmap Index Scan on k_6  (cost=0.00..5.54 rows=111 width=0)
	        Index Cond: ((k >= 5654426) AND (k <= 5654526))

table 7 : explain SELECT k, c FROM sbtest7 WHERE k BETWEEN 5654426 AND 5654526
	Bitmap Heap Scan on sbtest7  (cost=5.43..389.37 rows=97 width=125)
	  Recheck Cond: ((k >= 5654426) AND (k <= 5654526))
	  ->  Bitmap Index Scan on k_7  (cost=0.00..5.40 rows=97 width=0)
	        Index Cond: ((k >= 5654426) AND (k <= 5654526))

table 8 : explain SELECT k, c FROM sbtest8 WHERE k BETWEEN 5654426 AND 5654526
	Bitmap Heap Scan on sbtest8  (cost=5.39..373.61 rows=93 width=125)
	  Recheck Cond: ((k >= 5654426) AND (k <= 5654526))
	  ->  Bitmap Index Scan on k_8  (cost=0.00..5.36 rows=93 width=0)
	        Index Cond: ((k >= 5654426) AND (k <= 5654526))

explain: for range-notcovered :: explain SELECT k, c FROM sbtest%d WHERE k BETWEEN 3432958 AND 3433058
for range-notcovered
table 1 : explain SELECT k, c FROM sbtest1 WHERE k BETWEEN 4754051 AND 4754151
	Bitmap Heap Scan on sbtest1  (cost=5.52..424.81 rows=106 width=125)
	  Recheck Cond: ((k >= 4754051) AND (k <= 4754151))
	  ->  Bitmap Index Scan on k_1  (cost=0.00..5.50 rows=106 width=0)
	        Index Cond: ((k >= 4754051) AND (k <= 4754151))

table 2 : explain SELECT k, c FROM sbtest2 WHERE k BETWEEN 4754051 AND 4754151
	Bitmap Heap Scan on sbtest2  (cost=5.61..460.22 rows=115 width=125)
	  Recheck Cond: ((k >= 4754051) AND (k <= 4754151))
	  ->  Bitmap Index Scan on k_2  (cost=0.00..5.58 rows=115 width=0)
	        Index Cond: ((k >= 4754051) AND (k <= 4754151))

table 3 : explain SELECT k, c FROM sbtest3 WHERE k BETWEEN 4754051 AND 4754151
	Bitmap Heap Scan on sbtest3  (cost=5.54..432.69 rows=108 width=125)
	  Recheck Cond: ((k >= 4754051) AND (k <= 4754151))
	  ->  Bitmap Index Scan on k_3  (cost=0.00..5.51 rows=108 width=0)
	        Index Cond: ((k >= 4754051) AND (k <= 4754151))

table 4 : explain SELECT k, c FROM sbtest4 WHERE k BETWEEN 4754051 AND 4754151
	Bitmap Heap Scan on sbtest4  (cost=5.57..444.49 rows=111 width=125)
	  Recheck Cond: ((k >= 4754051) AND (k <= 4754151))
	  ->  Bitmap Index Scan on k_4  (cost=0.00..5.54 rows=111 width=0)
	        Index Cond: ((k >= 4754051) AND (k <= 4754151))

table 5 : explain SELECT k, c FROM sbtest5 WHERE k BETWEEN 4754051 AND 4754151
	Bitmap Heap Scan on sbtest5  (cost=5.50..416.94 rows=104 width=125)
	  Recheck Cond: ((k >= 4754051) AND (k <= 4754151))
	  ->  Bitmap Index Scan on k_5  (cost=0.00..5.47 rows=104 width=0)
	        Index Cond: ((k >= 4754051) AND (k <= 4754151))

table 6 : explain SELECT k, c FROM sbtest6 WHERE k BETWEEN 4754051 AND 4754151
	Bitmap Heap Scan on sbtest6  (cost=5.45..397.25 rows=99 width=125)
	  Recheck Cond: ((k >= 4754051) AND (k <= 4754151))
	  ->  Bitmap Index Scan on k_6  (cost=0.00..5.42 rows=99 width=0)
	        Index Cond: ((k >= 4754051) AND (k <= 4754151))

table 7 : explain SELECT k, c FROM sbtest7 WHERE k BETWEEN 4754051 AND 4754151
	Bitmap Heap Scan on sbtest7  (cost=5.40..377.55 rows=94 width=125)
	  Recheck Cond: ((k >= 4754051) AND (k <= 4754151))
	  ->  Bitmap Index Scan on k_7  (cost=0.00..5.38 rows=94 width=0)
	        Index Cond: ((k >= 4754051) AND (k <= 4754151))

table 8 : explain SELECT k, c FROM sbtest8 WHERE k BETWEEN 4754051 AND 4754151
	Bitmap Heap Scan on sbtest8  (cost=5.58..448.42 rows=112 width=125)
	  Recheck Cond: ((k >= 4754051) AND (k <= 4754151))
	  ->  Bitmap Index Scan on k_8  (cost=0.00..5.55 rows=112 width=0)
	        Index Cond: ((k >= 4754051) AND (k <= 4754151))

for range-notcovered
table 1 : explain SELECT k, c FROM sbtest1 WHERE k BETWEEN 3976787 AND 3976887
	Bitmap Heap Scan on sbtest1  (cost=5.46..401.19 rows=100 width=125)
	  Recheck Cond: ((k >= 3976787) AND (k <= 3976887))
	  ->  Bitmap Index Scan on k_1  (cost=0.00..5.43 rows=100 width=0)
	        Index Cond: ((k >= 3976787) AND (k <= 3976887))

table 2 : explain SELECT k, c FROM sbtest2 WHERE k BETWEEN 3976787 AND 3976887
	Bitmap Heap Scan on sbtest2  (cost=5.44..393.31 rows=98 width=125)
	  Recheck Cond: ((k >= 3976787) AND (k <= 3976887))
	  ->  Bitmap Index Scan on k_2  (cost=0.00..5.42 rows=98 width=0)
	        Index Cond: ((k >= 3976787) AND (k <= 3976887))

table 3 : explain SELECT k, c FROM sbtest3 WHERE k BETWEEN 3976787 AND 3976887
	Bitmap Heap Scan on sbtest3  (cost=5.50..416.94 rows=104 width=125)
	  Recheck Cond: ((k >= 3976787) AND (k <= 3976887))
	  ->  Bitmap Index Scan on k_3  (cost=0.00..5.47 rows=104 width=0)
	        Index Cond: ((k >= 3976787) AND (k <= 3976887))

table 4 : explain SELECT k, c FROM sbtest4 WHERE k BETWEEN 3976787 AND 3976887
	Bitmap Heap Scan on sbtest4  (cost=5.52..424.81 rows=106 width=125)
	  Recheck Cond: ((k >= 3976787) AND (k <= 3976887))
	  ->  Bitmap Index Scan on k_4  (cost=0.00..5.50 rows=106 width=0)
	        Index Cond: ((k >= 3976787) AND (k <= 3976887))

table 5 : explain SELECT k, c FROM sbtest5 WHERE k BETWEEN 3976787 AND 3976887
	Bitmap Heap Scan on sbtest5  (cost=5.51..420.88 rows=105 width=125)
	  Recheck Cond: ((k >= 3976787) AND (k <= 3976887))
	  ->  Bitmap Index Scan on k_5  (cost=0.00..5.48 rows=105 width=0)
	        Index Cond: ((k >= 3976787) AND (k <= 3976887))

table 6 : explain SELECT k, c FROM sbtest6 WHERE k BETWEEN 3976787 AND 3976887
	Bitmap Heap Scan on sbtest6  (cost=5.46..401.19 rows=100 width=125)
	  Recheck Cond: ((k >= 3976787) AND (k <= 3976887))
	  ->  Bitmap Index Scan on k_6  (cost=0.00..5.43 rows=100 width=0)
	        Index Cond: ((k >= 3976787) AND (k <= 3976887))

table 7 : explain SELECT k, c FROM sbtest7 WHERE k BETWEEN 3976787 AND 3976887
	Bitmap Heap Scan on sbtest7  (cost=5.49..413.00 rows=103 width=125)
	  Recheck Cond: ((k >= 3976787) AND (k <= 3976887))
	  ->  Bitmap Index Scan on k_7  (cost=0.00..5.46 rows=103 width=0)
	        Index Cond: ((k >= 3976787) AND (k <= 3976887))

table 8 : explain SELECT k, c FROM sbtest8 WHERE k BETWEEN 3976787 AND 3976887
	Bitmap Heap Scan on sbtest8  (cost=5.39..373.61 rows=93 width=125)
	  Recheck Cond: ((k >= 3976787) AND (k <= 3976887))
	  ->  Bitmap Index Scan on k_8  (cost=0.00..5.36 rows=93 width=0)
	        Index Cond: ((k >= 3976787) AND (k <= 3976887))

for range-notcovered
table 1 : explain SELECT k, c FROM sbtest1 WHERE k BETWEEN 4796999 AND 4797099
	Bitmap Heap Scan on sbtest1  (cost=5.54..432.69 rows=108 width=125)
	  Recheck Cond: ((k >= 4796999) AND (k <= 4797099))
	  ->  Bitmap Index Scan on k_1  (cost=0.00..5.51 rows=108 width=0)
	        Index Cond: ((k >= 4796999) AND (k <= 4797099))

table 2 : explain SELECT k, c FROM sbtest2 WHERE k BETWEEN 4796999 AND 4797099
	Bitmap Heap Scan on sbtest2  (cost=5.61..460.22 rows=115 width=125)
	  Recheck Cond: ((k >= 4796999) AND (k <= 4797099))
	  ->  Bitmap Index Scan on k_2  (cost=0.00..5.58 rows=115 width=0)
	        Index Cond: ((k >= 4796999) AND (k <= 4797099))

table 3 : explain SELECT k, c FROM sbtest3 WHERE k BETWEEN 4796999 AND 4797099
	Bitmap Heap Scan on sbtest3  (cost=5.54..432.69 rows=108 width=125)
	  Recheck Cond: ((k >= 4796999) AND (k <= 4797099))
	  ->  Bitmap Index Scan on k_3  (cost=0.00..5.51 rows=108 width=0)
	        Index Cond: ((k >= 4796999) AND (k <= 4797099))

table 4 : explain SELECT k, c FROM sbtest4 WHERE k BETWEEN 4796999 AND 4797099
	Bitmap Heap Scan on sbtest4  (cost=5.57..444.49 rows=111 width=125)
	  Recheck Cond: ((k >= 4796999) AND (k <= 4797099))
	  ->  Bitmap Index Scan on k_4  (cost=0.00..5.54 rows=111 width=0)
	        Index Cond: ((k >= 4796999) AND (k <= 4797099))

table 5 : explain SELECT k, c FROM sbtest5 WHERE k BETWEEN 4796999 AND 4797099
	Bitmap Heap Scan on sbtest5  (cost=5.50..416.94 rows=104 width=125)
	  Recheck Cond: ((k >= 4796999) AND (k <= 4797099))
	  ->  Bitmap Index Scan on k_5  (cost=0.00..5.47 rows=104 width=0)
	        Index Cond: ((k >= 4796999) AND (k <= 4797099))

table 6 : explain SELECT k, c FROM sbtest6 WHERE k BETWEEN 4796999 AND 4797099
	Bitmap Heap Scan on sbtest6  (cost=5.45..397.25 rows=99 width=125)
	  Recheck Cond: ((k >= 4796999) AND (k <= 4797099))
	  ->  Bitmap Index Scan on k_6  (cost=0.00..5.42 rows=99 width=0)
	        Index Cond: ((k >= 4796999) AND (k <= 4797099))

table 7 : explain SELECT k, c FROM sbtest7 WHERE k BETWEEN 4796999 AND 4797099
	Bitmap Heap Scan on sbtest7  (cost=5.40..377.55 rows=94 width=125)
	  Recheck Cond: ((k >= 4796999) AND (k <= 4797099))
	  ->  Bitmap Index Scan on k_7  (cost=0.00..5.38 rows=94 width=0)
	        Index Cond: ((k >= 4796999) AND (k <= 4797099))

table 8 : explain SELECT k, c FROM sbtest8 WHERE k BETWEEN 4796999 AND 4797099
	Bitmap Heap Scan on sbtest8  (cost=5.58..448.42 rows=112 width=125)
	  Recheck Cond: ((k >= 4796999) AND (k <= 4797099))
	  ->  Bitmap Index Scan on k_8  (cost=0.00..5.55 rows=112 width=0)
	        Index Cond: ((k >= 4796999) AND (k <= 4797099))

explain: for range-notcovered :: explain SELECT k, c FROM sbtest%d WHERE k BETWEEN 5654426 AND 5654526
explain: for range-notcovered :: explain SELECT k, c FROM sbtest%d WHERE k BETWEEN 4754051 AND 4754151
explain: for range-notcovered :: explain SELECT k, c FROM sbtest%d WHERE k BETWEEN 3976787 AND 3976887
explain: for range-notcovered :: explain SELECT k, c FROM sbtest%d WHERE k BETWEEN 4796999 AND 4797099
for range-notcovered
table 1 : explain SELECT k, c FROM sbtest1 WHERE k BETWEEN 4784777 AND 4784877
	Bitmap Heap Scan on sbtest1  (cost=5.54..432.69 rows=108 width=125)
	  Recheck Cond: ((k >= 4784777) AND (k <= 4784877))
	  ->  Bitmap Index Scan on k_1  (cost=0.00..5.51 rows=108 width=0)
	        Index Cond: ((k >= 4784777) AND (k <= 4784877))

table 2 : explain SELECT k, c FROM sbtest2 WHERE k BETWEEN 4784777 AND 4784877
	Bitmap Heap Scan on sbtest2  (cost=5.61..460.22 rows=115 width=125)
	  Recheck Cond: ((k >= 4784777) AND (k <= 4784877))
	  ->  Bitmap Index Scan on k_2  (cost=0.00..5.58 rows=115 width=0)
	        Index Cond: ((k >= 4784777) AND (k <= 4784877))

table 3 : explain SELECT k, c FROM sbtest3 WHERE k BETWEEN 4784777 AND 4784877
	Bitmap Heap Scan on sbtest3  (cost=5.54..432.69 rows=108 width=125)
	  Recheck Cond: ((k >= 4784777) AND (k <= 4784877))
	  ->  Bitmap Index Scan on k_3  (cost=0.00..5.51 rows=108 width=0)
	        Index Cond: ((k >= 4784777) AND (k <= 4784877))

table 4 : explain SELECT k, c FROM sbtest4 WHERE k BETWEEN 4784777 AND 4784877
	Bitmap Heap Scan on sbtest4  (cost=5.57..444.49 rows=111 width=125)
	  Recheck Cond: ((k >= 4784777) AND (k <= 4784877))
	  ->  Bitmap Index Scan on k_4  (cost=0.00..5.54 rows=111 width=0)
	        Index Cond: ((k >= 4784777) AND (k <= 4784877))

table 5 : explain SELECT k, c FROM sbtest5 WHERE k BETWEEN 4784777 AND 4784877
	Bitmap Heap Scan on sbtest5  (cost=5.50..416.94 rows=104 width=125)
	  Recheck Cond: ((k >= 4784777) AND (k <= 4784877))
	  ->  Bitmap Index Scan on k_5  (cost=0.00..5.47 rows=104 width=0)
	        Index Cond: ((k >= 4784777) AND (k <= 4784877))

table 6 : explain SELECT k, c FROM sbtest6 WHERE k BETWEEN 4784777 AND 4784877
	Bitmap Heap Scan on sbtest6  (cost=5.45..397.25 rows=99 width=125)
	  Recheck Cond: ((k >= 4784777) AND (k <= 4784877))
	  ->  Bitmap Index Scan on k_6  (cost=0.00..5.42 rows=99 width=0)
	        Index Cond: ((k >= 4784777) AND (k <= 4784877))

table 7 : explain SELECT k, c FROM sbtest7 WHERE k BETWEEN 4784777 AND 4784877
	Bitmap Heap Scan on sbtest7  (cost=5.40..377.55 rows=94 width=125)
	  Recheck Cond: ((k >= 4784777) AND (k <= 4784877))
	  ->  Bitmap Index Scan on k_7  (cost=0.00..5.38 rows=94 width=0)
	        Index Cond: ((k >= 4784777) AND (k <= 4784877))

table 8 : explain SELECT k, c FROM sbtest8 WHERE k BETWEEN 4784777 AND 4784877
	Bitmap Heap Scan on sbtest8  (cost=5.58..448.42 rows=112 width=125)
	  Recheck Cond: ((k >= 4784777) AND (k <= 4784877))
	  ->  Bitmap Index Scan on k_8  (cost=0.00..5.55 rows=112 width=0)
	        Index Cond: ((k >= 4784777) AND (k <= 4784877))

for range-notcovered
table 1 : explain SELECT k, c FROM sbtest1 WHERE k BETWEEN 5287580 AND 5287680
	Bitmap Heap Scan on sbtest1  (cost=5.59..452.36 rows=113 width=125)
	  Recheck Cond: ((k >= 5287580) AND (k <= 5287680))
	  ->  Bitmap Index Scan on k_1  (cost=0.00..5.56 rows=113 width=0)
	        Index Cond: ((k >= 5287580) AND (k <= 5287680))

table 2 : explain SELECT k, c FROM sbtest2 WHERE k BETWEEN 5287580 AND 5287680
	Bitmap Heap Scan on sbtest2  (cost=5.48..409.07 rows=102 width=125)
	  Recheck Cond: ((k >= 5287580) AND (k <= 5287680))
	  ->  Bitmap Index Scan on k_2  (cost=0.00..5.45 rows=102 width=0)
	        Index Cond: ((k >= 5287580) AND (k <= 5287680))

table 3 : explain SELECT k, c FROM sbtest3 WHERE k BETWEEN 5287580 AND 5287680
	Bitmap Heap Scan on sbtest3  (cost=5.43..389.37 rows=97 width=125)
	  Recheck Cond: ((k >= 5287580) AND (k <= 5287680))
	  ->  Bitmap Index Scan on k_3  (cost=0.00..5.40 rows=97 width=0)
	        Index Cond: ((k >= 5287580) AND (k <= 5287680))

table 4 : explain SELECT k, c FROM sbtest4 WHERE k BETWEEN 5287580 AND 5287680
	Bitmap Heap Scan on sbtest4  (cost=5.48..409.07 rows=102 width=125)
	  Recheck Cond: ((k >= 5287580) AND (k <= 5287680))
	  ->  Bitmap Index Scan on k_4  (cost=0.00..5.45 rows=102 width=0)
	        Index Cond: ((k >= 5287580) AND (k <= 5287680))

table 5 : explain SELECT k, c FROM sbtest5 WHERE k BETWEEN 5287580 AND 5287680
	Bitmap Heap Scan on sbtest5  (cost=5.45..397.25 rows=99 width=125)
	  Recheck Cond: ((k >= 5287580) AND (k <= 5287680))
	  ->  Bitmap Index Scan on k_5  (cost=0.00..5.42 rows=99 width=0)
	        Index Cond: ((k >= 5287580) AND (k <= 5287680))

table 6 : explain SELECT k, c FROM sbtest6 WHERE k BETWEEN 5287580 AND 5287680
	Bitmap Heap Scan on sbtest6  (cost=5.56..440.56 rows=110 width=125)
	  Recheck Cond: ((k >= 5287580) AND (k <= 5287680))
	  ->  Bitmap Index Scan on k_6  (cost=0.00..5.53 rows=110 width=0)
	        Index Cond: ((k >= 5287580) AND (k <= 5287680))

table 7 : explain SELECT k, c FROM sbtest7 WHERE k BETWEEN 5287580 AND 5287680
	Bitmap Heap Scan on sbtest7  (cost=5.60..456.29 rows=114 width=125)
	  Recheck Cond: ((k >= 5287580) AND (k <= 5287680))
	  ->  Bitmap Index Scan on k_7  (cost=0.00..5.58 rows=114 width=0)
	        Index Cond: ((k >= 5287580) AND (k <= 5287680))

table 8 : explain SELECT k, c FROM sbtest8 WHERE k BETWEEN 5287580 AND 5287680
	Bitmap Heap Scan on sbtest8  (cost=5.57..444.49 rows=111 width=125)
	  Recheck Cond: ((k >= 5287580) AND (k <= 5287680))
	  ->  Bitmap Index Scan on k_8  (cost=0.00..5.54 rows=111 width=0)
	        Index Cond: ((k >= 5287580) AND (k <= 5287680))

for range-notcovered
table 1 : explain SELECT k, c FROM sbtest1 WHERE k BETWEEN 5369804 AND 5369904
	Bitmap Heap Scan on sbtest1  (cost=5.42..385.43 rows=96 width=125)
	  Recheck Cond: ((k >= 5369804) AND (k <= 5369904))
	  ->  Bitmap Index Scan on k_1  (cost=0.00..5.39 rows=96 width=0)
	        Index Cond: ((k >= 5369804) AND (k <= 5369904))

table 2 : explain SELECT k, c FROM sbtest2 WHERE k BETWEEN 5369804 AND 5369904
	Bitmap Heap Scan on sbtest2  (cost=5.51..420.88 rows=105 width=125)
	  Recheck Cond: ((k >= 5369804) AND (k <= 5369904))
	  ->  Bitmap Index Scan on k_2  (cost=0.00..5.48 rows=105 width=0)
	        Index Cond: ((k >= 5369804) AND (k <= 5369904))

table 3 : explain SELECT k, c FROM sbtest3 WHERE k BETWEEN 5369804 AND 5369904
	Bitmap Heap Scan on sbtest3  (cost=5.55..436.62 rows=109 width=125)
	  Recheck Cond: ((k >= 5369804) AND (k <= 5369904))
	  ->  Bitmap Index Scan on k_3  (cost=0.00..5.52 rows=109 width=0)
	        Index Cond: ((k >= 5369804) AND (k <= 5369904))

table 4 : explain SELECT k, c FROM sbtest4 WHERE k BETWEEN 5369804 AND 5369904
	Bitmap Heap Scan on sbtest4  (cost=5.47..405.13 rows=101 width=125)
	  Recheck Cond: ((k >= 5369804) AND (k <= 5369904))
	  ->  Bitmap Index Scan on k_4  (cost=0.00..5.44 rows=101 width=0)
	        Index Cond: ((k >= 5369804) AND (k <= 5369904))

table 5 : explain SELECT k, c FROM sbtest5 WHERE k BETWEEN 5369804 AND 5369904
	Bitmap Heap Scan on sbtest5  (cost=5.57..444.49 rows=111 width=125)
	  Recheck Cond: ((k >= 5369804) AND (k <= 5369904))
	  ->  Bitmap Index Scan on k_5  (cost=0.00..5.54 rows=111 width=0)
	        Index Cond: ((k >= 5369804) AND (k <= 5369904))

table 6 : explain SELECT k, c FROM sbtest6 WHERE k BETWEEN 5369804 AND 5369904
	Bitmap Heap Scan on sbtest6  (cost=5.50..416.94 rows=104 width=125)
	  Recheck Cond: ((k >= 5369804) AND (k <= 5369904))
	  ->  Bitmap Index Scan on k_6  (cost=0.00..5.47 rows=104 width=0)
	        Index Cond: ((k >= 5369804) AND (k <= 5369904))

table 7 : explain SELECT k, c FROM sbtest7 WHERE k BETWEEN 5369804 AND 5369904
	Bitmap Heap Scan on sbtest7  (cost=5.44..393.31 rows=98 width=125)
	  Recheck Cond: ((k >= 5369804) AND (k <= 5369904))
	  ->  Bitmap Index Scan on k_7  (cost=0.00..5.42 rows=98 width=0)
	        Index Cond: ((k >= 5369804) AND (k <= 5369904))

table 8 : explain SELECT k, c FROM sbtest8 WHERE k BETWEEN 5369804 AND 5369904
	Bitmap Heap Scan on sbtest8  (cost=5.45..397.25 rows=99 width=125)
	  Recheck Cond: ((k >= 5369804) AND (k <= 5369904))
	  ->  Bitmap Index Scan on k_8  (cost=0.00..5.42 rows=99 width=0)
	        Index Cond: ((k >= 5369804) AND (k <= 5369904))

explain: for range-notcovered :: explain SELECT k, c FROM sbtest%d WHERE k BETWEEN 4784777 AND 4784877
explain: for range-notcovered :: explain SELECT k, c FROM sbtest%d WHERE k BETWEEN 5369804 AND 5369904
explain: for range-notcovered :: explain SELECT k, c FROM sbtest%d WHERE k BETWEEN 5287580 AND 5287680
for range-notcovered
table 1 : explain SELECT k, c FROM sbtest1 WHERE k BETWEEN 3432958 AND 3433058
	Bitmap Heap Scan on sbtest1  (cost=5.44..393.31 rows=98 width=125)
	  Recheck Cond: ((k >= 3432958) AND (k <= 3433058))
	  ->  Bitmap Index Scan on k_1  (cost=0.00..5.42 rows=98 width=0)
	        Index Cond: ((k >= 3432958) AND (k <= 3433058))

table 2 : explain SELECT k, c FROM sbtest2 WHERE k BETWEEN 3432958 AND 3433058
	Bitmap Heap Scan on sbtest2  (cost=5.56..440.56 rows=110 width=125)
	  Recheck Cond: ((k >= 3432958) AND (k <= 3433058))
	  ->  Bitmap Index Scan on k_2  (cost=0.00..5.53 rows=110 width=0)
	        Index Cond: ((k >= 3432958) AND (k <= 3433058))

table 3 : explain SELECT k, c FROM sbtest3 WHERE k BETWEEN 3432958 AND 3433058
	Bitmap Heap Scan on sbtest3  (cost=5.45..397.25 rows=99 width=125)
	  Recheck Cond: ((k >= 3432958) AND (k <= 3433058))
	  ->  Bitmap Index Scan on k_3  (cost=0.00..5.42 rows=99 width=0)
	        Index Cond: ((k >= 3432958) AND (k <= 3433058))

table 4 : explain SELECT k, c FROM sbtest4 WHERE k BETWEEN 3432958 AND 3433058
	Bitmap Heap Scan on sbtest4  (cost=5.46..401.19 rows=100 width=125)
	  Recheck Cond: ((k >= 3432958) AND (k <= 3433058))
	  ->  Bitmap Index Scan on k_4  (cost=0.00..5.43 rows=100 width=0)
	        Index Cond: ((k >= 3432958) AND (k <= 3433058))

table 5 : explain SELECT k, c FROM sbtest5 WHERE k BETWEEN 3432958 AND 3433058
	Bitmap Heap Scan on sbtest5  (cost=5.55..436.62 rows=109 width=125)
	  Recheck Cond: ((k >= 3432958) AND (k <= 3433058))
	  ->  Bitmap Index Scan on k_5  (cost=0.00..5.52 rows=109 width=0)
	        Index Cond: ((k >= 3432958) AND (k <= 3433058))

table 6 : explain SELECT k, c FROM sbtest6 WHERE k BETWEEN 3432958 AND 3433058
	Bitmap Heap Scan on sbtest6  (cost=5.46..401.19 rows=100 width=125)
	  Recheck Cond: ((k >= 3432958) AND (k <= 3433058))
	  ->  Bitmap Index Scan on k_6  (cost=0.00..5.43 rows=100 width=0)
	        Index Cond: ((k >= 3432958) AND (k <= 3433058))

table 7 : explain SELECT k, c FROM sbtest7 WHERE k BETWEEN 3432958 AND 3433058
	Bitmap Heap Scan on sbtest7  (cost=5.43..389.37 rows=97 width=125)
	  Recheck Cond: ((k >= 3432958) AND (k <= 3433058))
	  ->  Bitmap Index Scan on k_7  (cost=0.00..5.40 rows=97 width=0)
	        Index Cond: ((k >= 3432958) AND (k <= 3433058))

table 8 : explain SELECT k, c FROM sbtest8 WHERE k BETWEEN 3432958 AND 3433058
	Bitmap Heap Scan on sbtest8  (cost=5.55..436.62 rows=109 width=125)
	  Recheck Cond: ((k >= 3432958) AND (k <= 3433058))
	  ->  Bitmap Index Scan on k_8  (cost=0.00..5.52 rows=109 width=0)
	        Index Cond: ((k >= 3432958) AND (k <= 3433058))

for range-notcovered
table 1 : explain SELECT k, c FROM sbtest1 WHERE k BETWEEN 4754051 AND 4754151
	Bitmap Heap Scan on sbtest1  (cost=5.52..424.81 rows=106 width=125)
	  Recheck Cond: ((k >= 4754051) AND (k <= 4754151))
	  ->  Bitmap Index Scan on k_1  (cost=0.00..5.50 rows=106 width=0)
	        Index Cond: ((k >= 4754051) AND (k <= 4754151))

table 2 : explain SELECT k, c FROM sbtest2 WHERE k BETWEEN 4754051 AND 4754151
	Bitmap Heap Scan on sbtest2  (cost=5.61..460.22 rows=115 width=125)
	  Recheck Cond: ((k >= 4754051) AND (k <= 4754151))
	  ->  Bitmap Index Scan on k_2  (cost=0.00..5.58 rows=115 width=0)
	        Index Cond: ((k >= 4754051) AND (k <= 4754151))

table 3 : explain SELECT k, c FROM sbtest3 WHERE k BETWEEN 4754051 AND 4754151
	Bitmap Heap Scan on sbtest3  (cost=5.54..432.69 rows=108 width=125)
	  Recheck Cond: ((k >= 4754051) AND (k <= 4754151))
	  ->  Bitmap Index Scan on k_3  (cost=0.00..5.51 rows=108 width=0)
	        Index Cond: ((k >= 4754051) AND (k <= 4754151))

table 4 : explain SELECT k, c FROM sbtest4 WHERE k BETWEEN 4754051 AND 4754151
	Bitmap Heap Scan on sbtest4  (cost=5.57..444.49 rows=111 width=125)
	  Recheck Cond: ((k >= 4754051) AND (k <= 4754151))
	  ->  Bitmap Index Scan on k_4  (cost=0.00..5.54 rows=111 width=0)
	        Index Cond: ((k >= 4754051) AND (k <= 4754151))

table 5 : explain SELECT k, c FROM sbtest5 WHERE k BETWEEN 4754051 AND 4754151
	Bitmap Heap Scan on sbtest5  (cost=5.50..416.94 rows=104 width=125)
	  Recheck Cond: ((k >= 4754051) AND (k <= 4754151))
	  ->  Bitmap Index Scan on k_5  (cost=0.00..5.47 rows=104 width=0)
	        Index Cond: ((k >= 4754051) AND (k <= 4754151))

table 6 : explain SELECT k, c FROM sbtest6 WHERE k BETWEEN 4754051 AND 4754151
	Bitmap Heap Scan on sbtest6  (cost=5.45..397.25 rows=99 width=125)
	  Recheck Cond: ((k >= 4754051) AND (k <= 4754151))
	  ->  Bitmap Index Scan on k_6  (cost=0.00..5.42 rows=99 width=0)
	        Index Cond: ((k >= 4754051) AND (k <= 4754151))

table 7 : explain SELECT k, c FROM sbtest7 WHERE k BETWEEN 4754051 AND 4754151
	Bitmap Heap Scan on sbtest7  (cost=5.40..377.55 rows=94 width=125)
	  Recheck Cond: ((k >= 4754051) AND (k <= 4754151))
	  ->  Bitmap Index Scan on k_7  (cost=0.00..5.38 rows=94 width=0)
	        Index Cond: ((k >= 4754051) AND (k <= 4754151))

table 8 : explain SELECT k, c FROM sbtest8 WHERE k BETWEEN 4754051 AND 4754151
	Bitmap Heap Scan on sbtest8  (cost=5.58..448.42 rows=112 width=125)
	  Recheck Cond: ((k >= 4754051) AND (k <= 4754151))
	  ->  Bitmap Index Scan on k_8  (cost=0.00..5.55 rows=112 width=0)
	        Index Cond: ((k >= 4754051) AND (k <= 4754151))

for range-notcovered
table 1 : explain SELECT k, c FROM sbtest1 WHERE k BETWEEN 5654426 AND 5654526
	Bitmap Heap Scan on sbtest1  (cost=5.54..432.69 rows=108 width=125)
	  Recheck Cond: ((k >= 5654426) AND (k <= 5654526))
	  ->  Bitmap Index Scan on k_1  (cost=0.00..5.51 rows=108 width=0)
	        Index Cond: ((k >= 5654426) AND (k <= 5654526))

table 2 : explain SELECT k, c FROM sbtest2 WHERE k BETWEEN 5654426 AND 5654526
	Bitmap Heap Scan on sbtest2  (cost=5.48..409.07 rows=102 width=125)
	  Recheck Cond: ((k >= 5654426) AND (k <= 5654526))
	  ->  Bitmap Index Scan on k_2  (cost=0.00..5.45 rows=102 width=0)
	        Index Cond: ((k >= 5654426) AND (k <= 5654526))

table 3 : explain SELECT k, c FROM sbtest3 WHERE k BETWEEN 5654426 AND 5654526
	Bitmap Heap Scan on sbtest3  (cost=5.52..424.81 rows=106 width=125)
	  Recheck Cond: ((k >= 5654426) AND (k <= 5654526))
	  ->  Bitmap Index Scan on k_3  (cost=0.00..5.50 rows=106 width=0)
	        Index Cond: ((k >= 5654426) AND (k <= 5654526))

table 4 : explain SELECT k, c FROM sbtest4 WHERE k BETWEEN 5654426 AND 5654526
	Bitmap Heap Scan on sbtest4  (cost=5.51..420.88 rows=105 width=125)
	  Recheck Cond: ((k >= 5654426) AND (k <= 5654526))
	  ->  Bitmap Index Scan on k_4  (cost=0.00..5.48 rows=105 width=0)
	        Index Cond: ((k >= 5654426) AND (k <= 5654526))

table 5 : explain SELECT k, c FROM sbtest5 WHERE k BETWEEN 5654426 AND 5654526
	Bitmap Heap Scan on sbtest5  (cost=5.68..483.81 rows=121 width=125)
	  Recheck Cond: ((k >= 5654426) AND (k <= 5654526))
	  ->  Bitmap Index Scan on k_5  (cost=0.00..5.64 rows=121 width=0)
	        Index Cond: ((k >= 5654426) AND (k <= 5654526))

table 6 : explain SELECT k, c FROM sbtest6 WHERE k BETWEEN 5654426 AND 5654526
	Bitmap Heap Scan on sbtest6  (cost=5.57..444.49 rows=111 width=125)
	  Recheck Cond: ((k >= 5654426) AND (k <= 5654526))
	  ->  Bitmap Index Scan on k_6  (cost=0.00..5.54 rows=111 width=0)
	        Index Cond: ((k >= 5654426) AND (k <= 5654526))

table 7 : explain SELECT k, c FROM sbtest7 WHERE k BETWEEN 5654426 AND 5654526
	Bitmap Heap Scan on sbtest7  (cost=5.43..389.37 rows=97 width=125)
	  Recheck Cond: ((k >= 5654426) AND (k <= 5654526))
	  ->  Bitmap Index Scan on k_7  (cost=0.00..5.40 rows=97 width=0)
	        Index Cond: ((k >= 5654426) AND (k <= 5654526))

table 8 : explain SELECT k, c FROM sbtest8 WHERE k BETWEEN 5654426 AND 5654526
	Bitmap Heap Scan on sbtest8  (cost=5.39..373.61 rows=93 width=125)
	  Recheck Cond: ((k >= 5654426) AND (k <= 5654526))
	  ->  Bitmap Index Scan on k_8  (cost=0.00..5.36 rows=93 width=0)
	        Index Cond: ((k >= 5654426) AND (k <= 5654526))

for range-notcovered
table 1 : explain SELECT k, c FROM sbtest1 WHERE k BETWEEN 3976787 AND 3976887
	Bitmap Heap Scan on sbtest1  (cost=5.46..401.19 rows=100 width=125)
	  Recheck Cond: ((k >= 3976787) AND (k <= 3976887))
	  ->  Bitmap Index Scan on k_1  (cost=0.00..5.43 rows=100 width=0)
	        Index Cond: ((k >= 3976787) AND (k <= 3976887))

table 2 : explain SELECT k, c FROM sbtest2 WHERE k BETWEEN 3976787 AND 3976887
	Bitmap Heap Scan on sbtest2  (cost=5.44..393.31 rows=98 width=125)
	  Recheck Cond: ((k >= 3976787) AND (k <= 3976887))
	  ->  Bitmap Index Scan on k_2  (cost=0.00..5.42 rows=98 width=0)
	        Index Cond: ((k >= 3976787) AND (k <= 3976887))

table 3 : explain SELECT k, c FROM sbtest3 WHERE k BETWEEN 3976787 AND 3976887
	Bitmap Heap Scan on sbtest3  (cost=5.50..416.94 rows=104 width=125)
	  Recheck Cond: ((k >= 3976787) AND (k <= 3976887))
	  ->  Bitmap Index Scan on k_3  (cost=0.00..5.47 rows=104 width=0)
	        Index Cond: ((k >= 3976787) AND (k <= 3976887))

table 4 : explain SELECT k, c FROM sbtest4 WHERE k BETWEEN 3976787 AND 3976887
	Bitmap Heap Scan on sbtest4  (cost=5.52..424.81 rows=106 width=125)
	  Recheck Cond: ((k >= 3976787) AND (k <= 3976887))
	  ->  Bitmap Index Scan on k_4  (cost=0.00..5.50 rows=106 width=0)
	        Index Cond: ((k >= 3976787) AND (k <= 3976887))

table 5 : explain SELECT k, c FROM sbtest5 WHERE k BETWEEN 3976787 AND 3976887
	Bitmap Heap Scan on sbtest5  (cost=5.51..420.88 rows=105 width=125)
	  Recheck Cond: ((k >= 3976787) AND (k <= 3976887))
	  ->  Bitmap Index Scan on k_5  (cost=0.00..5.48 rows=105 width=0)
	        Index Cond: ((k >= 3976787) AND (k <= 3976887))

table 6 : explain SELECT k, c FROM sbtest6 WHERE k BETWEEN 3976787 AND 3976887
	Bitmap Heap Scan on sbtest6  (cost=5.46..401.19 rows=100 width=125)
	  Recheck Cond: ((k >= 3976787) AND (k <= 3976887))
	  ->  Bitmap Index Scan on k_6  (cost=0.00..5.43 rows=100 width=0)
	        Index Cond: ((k >= 3976787) AND (k <= 3976887))

table 7 : explain SELECT k, c FROM sbtest7 WHERE k BETWEEN 3976787 AND 3976887
	Bitmap Heap Scan on sbtest7  (cost=5.49..413.00 rows=103 width=125)
	  Recheck Cond: ((k >= 3976787) AND (k <= 3976887))
	  ->  Bitmap Index Scan on k_7  (cost=0.00..5.46 rows=103 width=0)
	        Index Cond: ((k >= 3976787) AND (k <= 3976887))

table 8 : explain SELECT k, c FROM sbtest8 WHERE k BETWEEN 3976787 AND 3976887
	Bitmap Heap Scan on sbtest8  (cost=5.39..373.61 rows=93 width=125)
	  Recheck Cond: ((k >= 3976787) AND (k <= 3976887))
	  ->  Bitmap Index Scan on k_8  (cost=0.00..5.36 rows=93 width=0)
	        Index Cond: ((k >= 3976787) AND (k <= 3976887))

explain: for range-notcovered :: explain SELECT k, c FROM sbtest%d WHERE k BETWEEN 3432958 AND 3433058
explain: for range-notcovered :: explain SELECT k, c FROM sbtest%d WHERE k BETWEEN 4754051 AND 4754151
explain: for range-notcovered :: explain SELECT k, c FROM sbtest%d WHERE k BETWEEN 5654426 AND 5654526
explain: for range-notcovered :: explain SELECT k, c FROM sbtest%d WHERE k BETWEEN 3976787 AND 3976887
for range-notcovered
table 1 : explain SELECT k, c FROM sbtest1 WHERE k BETWEEN 5509788 AND 5509888
	Bitmap Heap Scan on sbtest1  (cost=5.45..397.25 rows=99 width=125)
	  Recheck Cond: ((k >= 5509788) AND (k <= 5509888))
	  ->  Bitmap Index Scan on k_1  (cost=0.00..5.42 rows=99 width=0)
	        Index Cond: ((k >= 5509788) AND (k <= 5509888))

table 2 : explain SELECT k, c FROM sbtest2 WHERE k BETWEEN 5509788 AND 5509888
	Bitmap Heap Scan on sbtest2  (cost=5.50..416.94 rows=104 width=125)
	  Recheck Cond: ((k >= 5509788) AND (k <= 5509888))
	  ->  Bitmap Index Scan on k_2  (cost=0.00..5.47 rows=104 width=0)
	        Index Cond: ((k >= 5509788) AND (k <= 5509888))

table 3 : explain SELECT k, c FROM sbtest3 WHERE k BETWEEN 5509788 AND 5509888
	Bitmap Heap Scan on sbtest3  (cost=5.46..401.19 rows=100 width=125)
	  Recheck Cond: ((k >= 5509788) AND (k <= 5509888))
	  ->  Bitmap Index Scan on k_3  (cost=0.00..5.43 rows=100 width=0)
	        Index Cond: ((k >= 5509788) AND (k <= 5509888))

table 4 : explain SELECT k, c FROM sbtest4 WHERE k BETWEEN 5509788 AND 5509888
	Bitmap Heap Scan on sbtest4  (cost=5.45..397.25 rows=99 width=125)
	  Recheck Cond: ((k >= 5509788) AND (k <= 5509888))
	  ->  Bitmap Index Scan on k_4  (cost=0.00..5.42 rows=99 width=0)
	        Index Cond: ((k >= 5509788) AND (k <= 5509888))

table 5 : explain SELECT k, c FROM sbtest5 WHERE k BETWEEN 5509788 AND 5509888
	Bitmap Heap Scan on sbtest5  (cost=5.48..409.07 rows=102 width=125)
	  Recheck Cond: ((k >= 5509788) AND (k <= 5509888))
	  ->  Bitmap Index Scan on k_5  (cost=0.00..5.45 rows=102 width=0)
	        Index Cond: ((k >= 5509788) AND (k <= 5509888))

table 6 : explain SELECT k, c FROM sbtest6 WHERE k BETWEEN 5509788 AND 5509888
	Bitmap Heap Scan on sbtest6  (cost=5.34..353.89 rows=88 width=125)
	  Recheck Cond: ((k >= 5509788) AND (k <= 5509888))
	  ->  Bitmap Index Scan on k_6  (cost=0.00..5.31 rows=88 width=0)
	        Index Cond: ((k >= 5509788) AND (k <= 5509888))

table 7 : explain SELECT k, c FROM sbtest7 WHERE k BETWEEN 5509788 AND 5509888
	Bitmap Heap Scan on sbtest7  (cost=5.52..424.81 rows=106 width=125)
	  Recheck Cond: ((k >= 5509788) AND (k <= 5509888))
	  ->  Bitmap Index Scan on k_7  (cost=0.00..5.50 rows=106 width=0)
	        Index Cond: ((k >= 5509788) AND (k <= 5509888))

table 8 : explain SELECT k, c FROM sbtest8 WHERE k BETWEEN 5509788 AND 5509888
	Bitmap Heap Scan on sbtest8  (cost=5.48..409.07 rows=102 width=125)
	  Recheck Cond: ((k >= 5509788) AND (k <= 5509888))
	  ->  Bitmap Index Scan on k_8  (cost=0.00..5.45 rows=102 width=0)
	        Index Cond: ((k >= 5509788) AND (k <= 5509888))

for range-notcovered
table 1 : explain SELECT k, c FROM sbtest1 WHERE k BETWEEN 4784777 AND 4784877
	Bitmap Heap Scan on sbtest1  (cost=5.54..432.69 rows=108 width=125)
	  Recheck Cond: ((k >= 4784777) AND (k <= 4784877))
	  ->  Bitmap Index Scan on k_1  (cost=0.00..5.51 rows=108 width=0)
	        Index Cond: ((k >= 4784777) AND (k <= 4784877))

table 2 : explain SELECT k, c FROM sbtest2 WHERE k BETWEEN 4784777 AND 4784877
	Bitmap Heap Scan on sbtest2  (cost=5.61..460.22 rows=115 width=125)
	  Recheck Cond: ((k >= 4784777) AND (k <= 4784877))
	  ->  Bitmap Index Scan on k_2  (cost=0.00..5.58 rows=115 width=0)
	        Index Cond: ((k >= 4784777) AND (k <= 4784877))

table 3 : explain SELECT k, c FROM sbtest3 WHERE k BETWEEN 4784777 AND 4784877
	Bitmap Heap Scan on sbtest3  (cost=5.54..432.69 rows=108 width=125)
	  Recheck Cond: ((k >= 4784777) AND (k <= 4784877))
	  ->  Bitmap Index Scan on k_3  (cost=0.00..5.51 rows=108 width=0)
	        Index Cond: ((k >= 4784777) AND (k <= 4784877))

table 4 : explain SELECT k, c FROM sbtest4 WHERE k BETWEEN 4784777 AND 4784877
	Bitmap Heap Scan on sbtest4  (cost=5.57..444.49 rows=111 width=125)
	  Recheck Cond: ((k >= 4784777) AND (k <= 4784877))
	  ->  Bitmap Index Scan on k_4  (cost=0.00..5.54 rows=111 width=0)
	        Index Cond: ((k >= 4784777) AND (k <= 4784877))

table 5 : explain SELECT k, c FROM sbtest5 WHERE k BETWEEN 4784777 AND 4784877
	Bitmap Heap Scan on sbtest5  (cost=5.50..416.94 rows=104 width=125)
	  Recheck Cond: ((k >= 4784777) AND (k <= 4784877))
	  ->  Bitmap Index Scan on k_5  (cost=0.00..5.47 rows=104 width=0)
	        Index Cond: ((k >= 4784777) AND (k <= 4784877))

table 6 : explain SELECT k, c FROM sbtest6 WHERE k BETWEEN 4784777 AND 4784877
	Bitmap Heap Scan on sbtest6  (cost=5.45..397.25 rows=99 width=125)
	  Recheck Cond: ((k >= 4784777) AND (k <= 4784877))
	  ->  Bitmap Index Scan on k_6  (cost=0.00..5.42 rows=99 width=0)
	        Index Cond: ((k >= 4784777) AND (k <= 4784877))

table 7 : explain SELECT k, c FROM sbtest7 WHERE k BETWEEN 4784777 AND 4784877
	Bitmap Heap Scan on sbtest7  (cost=5.40..377.55 rows=94 width=125)
	  Recheck Cond: ((k >= 4784777) AND (k <= 4784877))
	  ->  Bitmap Index Scan on k_7  (cost=0.00..5.38 rows=94 width=0)
	        Index Cond: ((k >= 4784777) AND (k <= 4784877))

table 8 : explain SELECT k, c FROM sbtest8 WHERE k BETWEEN 4784777 AND 4784877
	Bitmap Heap Scan on sbtest8  (cost=5.58..448.42 rows=112 width=125)
	  Recheck Cond: ((k >= 4784777) AND (k <= 4784877))
	  ->  Bitmap Index Scan on k_8  (cost=0.00..5.55 rows=112 width=0)
	        Index Cond: ((k >= 4784777) AND (k <= 4784877))

explain: for range-notcovered :: explain SELECT k, c FROM sbtest%d WHERE k BETWEEN 4784777 AND 4784877
for range-notcovered
table 1 : explain SELECT k, c FROM sbtest1 WHERE k BETWEEN 5369804 AND 5369904
	Bitmap Heap Scan on sbtest1  (cost=5.42..385.43 rows=96 width=125)
	  Recheck Cond: ((k >= 5369804) AND (k <= 5369904))
	  ->  Bitmap Index Scan on k_1  (cost=0.00..5.39 rows=96 width=0)
	        Index Cond: ((k >= 5369804) AND (k <= 5369904))

table 2 : explain SELECT k, c FROM sbtest2 WHERE k BETWEEN 5369804 AND 5369904
	Bitmap Heap Scan on sbtest2  (cost=5.51..420.88 rows=105 width=125)
	  Recheck Cond: ((k >= 5369804) AND (k <= 5369904))
	  ->  Bitmap Index Scan on k_2  (cost=0.00..5.48 rows=105 width=0)
	        Index Cond: ((k >= 5369804) AND (k <= 5369904))

table 3 : explain SELECT k, c FROM sbtest3 WHERE k BETWEEN 5369804 AND 5369904
	Bitmap Heap Scan on sbtest3  (cost=5.55..436.62 rows=109 width=125)
	  Recheck Cond: ((k >= 5369804) AND (k <= 5369904))
	  ->  Bitmap Index Scan on k_3  (cost=0.00..5.52 rows=109 width=0)
	        Index Cond: ((k >= 5369804) AND (k <= 5369904))

table 4 : explain SELECT k, c FROM sbtest4 WHERE k BETWEEN 5369804 AND 5369904
	Bitmap Heap Scan on sbtest4  (cost=5.47..405.13 rows=101 width=125)
	  Recheck Cond: ((k >= 5369804) AND (k <= 5369904))
	  ->  Bitmap Index Scan on k_4  (cost=0.00..5.44 rows=101 width=0)
	        Index Cond: ((k >= 5369804) AND (k <= 5369904))

table 5 : explain SELECT k, c FROM sbtest5 WHERE k BETWEEN 5369804 AND 5369904
	Bitmap Heap Scan on sbtest5  (cost=5.57..444.49 rows=111 width=125)
	  Recheck Cond: ((k >= 5369804) AND (k <= 5369904))
	  ->  Bitmap Index Scan on k_5  (cost=0.00..5.54 rows=111 width=0)
	        Index Cond: ((k >= 5369804) AND (k <= 5369904))

table 6 : explain SELECT k, c FROM sbtest6 WHERE k BETWEEN 5369804 AND 5369904
	Bitmap Heap Scan on sbtest6  (cost=5.50..416.94 rows=104 width=125)
	  Recheck Cond: ((k >= 5369804) AND (k <= 5369904))
	  ->  Bitmap Index Scan on k_6  (cost=0.00..5.47 rows=104 width=0)
	        Index Cond: ((k >= 5369804) AND (k <= 5369904))

table 7 : explain SELECT k, c FROM sbtest7 WHERE k BETWEEN 5369804 AND 5369904
	Bitmap Heap Scan on sbtest7  (cost=5.44..393.31 rows=98 width=125)
	  Recheck Cond: ((k >= 5369804) AND (k <= 5369904))
	  ->  Bitmap Index Scan on k_7  (cost=0.00..5.42 rows=98 width=0)
	        Index Cond: ((k >= 5369804) AND (k <= 5369904))

table 8 : explain SELECT k, c FROM sbtest8 WHERE k BETWEEN 5369804 AND 5369904
	Bitmap Heap Scan on sbtest8  (cost=5.45..397.25 rows=99 width=125)
	  Recheck Cond: ((k >= 5369804) AND (k <= 5369904))
	  ->  Bitmap Index Scan on k_8  (cost=0.00..5.42 rows=99 width=0)
	        Index Cond: ((k >= 5369804) AND (k <= 5369904))

explain: for range-notcovered :: explain SELECT k, c FROM sbtest%d WHERE k BETWEEN 5509788 AND 5509888
explain: for range-notcovered :: explain SELECT k, c FROM sbtest%d WHERE k BETWEEN 5369804 AND 5369904
for range-notcovered
table 1 : explain SELECT k, c FROM sbtest1 WHERE k BETWEEN 6740123 AND 6740223
	Bitmap Heap Scan on sbtest1  (cost=5.52..424.81 rows=106 width=125)
	  Recheck Cond: ((k >= 6740123) AND (k <= 6740223))
	  ->  Bitmap Index Scan on k_1  (cost=0.00..5.50 rows=106 width=0)
	        Index Cond: ((k >= 6740123) AND (k <= 6740223))

table 2 : explain SELECT k, c FROM sbtest2 WHERE k BETWEEN 6740123 AND 6740223
	Bitmap Heap Scan on sbtest2  (cost=5.42..385.43 rows=96 width=125)
	  Recheck Cond: ((k >= 6740123) AND (k <= 6740223))
	  ->  Bitmap Index Scan on k_2  (cost=0.00..5.39 rows=96 width=0)
	        Index Cond: ((k >= 6740123) AND (k <= 6740223))

table 3 : explain SELECT k, c FROM sbtest3 WHERE k BETWEEN 6740123 AND 6740223
	Bitmap Heap Scan on sbtest3  (cost=5.43..389.37 rows=97 width=125)
	  Recheck Cond: ((k >= 6740123) AND (k <= 6740223))
	  ->  Bitmap Index Scan on k_3  (cost=0.00..5.40 rows=97 width=0)
	        Index Cond: ((k >= 6740123) AND (k <= 6740223))

table 4 : explain SELECT k, c FROM sbtest4 WHERE k BETWEEN 6740123 AND 6740223
	Bitmap Heap Scan on sbtest4  (cost=5.53..428.75 rows=107 width=125)
	  Recheck Cond: ((k >= 6740123) AND (k <= 6740223))
	  ->  Bitmap Index Scan on k_4  (cost=0.00..5.50 rows=107 width=0)
	        Index Cond: ((k >= 6740123) AND (k <= 6740223))

table 5 : explain SELECT k, c FROM sbtest5 WHERE k BETWEEN 6740123 AND 6740223
	Bitmap Heap Scan on sbtest5  (cost=5.32..346.00 rows=86 width=125)
	  Recheck Cond: ((k >= 6740123) AND (k <= 6740223))
	  ->  Bitmap Index Scan on k_5  (cost=0.00..5.29 rows=86 width=0)
	        Index Cond: ((k >= 6740123) AND (k <= 6740223))

table 6 : explain SELECT k, c FROM sbtest6 WHERE k BETWEEN 6740123 AND 6740223
	Bitmap Heap Scan on sbtest6  (cost=5.44..393.31 rows=98 width=125)
	  Recheck Cond: ((k >= 6740123) AND (k <= 6740223))
	  ->  Bitmap Index Scan on k_6  (cost=0.00..5.42 rows=98 width=0)
	        Index Cond: ((k >= 6740123) AND (k <= 6740223))

table 7 : explain SELECT k, c FROM sbtest7 WHERE k BETWEEN 6740123 AND 6740223
	Bitmap Heap Scan on sbtest7  (cost=5.45..397.25 rows=99 width=125)
	  Recheck Cond: ((k >= 6740123) AND (k <= 6740223))
	  ->  Bitmap Index Scan on k_7  (cost=0.00..5.42 rows=99 width=0)
	        Index Cond: ((k >= 6740123) AND (k <= 6740223))

table 8 : explain SELECT k, c FROM sbtest8 WHERE k BETWEEN 6740123 AND 6740223
	Bitmap Heap Scan on sbtest8  (cost=5.47..405.13 rows=101 width=125)
	  Recheck Cond: ((k >= 6740123) AND (k <= 6740223))
	  ->  Bitmap Index Scan on k_8  (cost=0.00..5.44 rows=101 width=0)
	        Index Cond: ((k >= 6740123) AND (k <= 6740223))

explain: for range-notcovered :: explain SELECT k, c FROM sbtest%d WHERE k BETWEEN 6740123 AND 6740223
for range-notcovered
table 1 : explain SELECT k, c FROM sbtest1 WHERE k BETWEEN 4796999 AND 4797099
	Bitmap Heap Scan on sbtest1  (cost=5.54..432.69 rows=108 width=125)
	  Recheck Cond: ((k >= 4796999) AND (k <= 4797099))
	  ->  Bitmap Index Scan on k_1  (cost=0.00..5.51 rows=108 width=0)
	        Index Cond: ((k >= 4796999) AND (k <= 4797099))

table 2 : explain SELECT k, c FROM sbtest2 WHERE k BETWEEN 4796999 AND 4797099
	Bitmap Heap Scan on sbtest2  (cost=5.61..460.22 rows=115 width=125)
	  Recheck Cond: ((k >= 4796999) AND (k <= 4797099))
	  ->  Bitmap Index Scan on k_2  (cost=0.00..5.58 rows=115 width=0)
	        Index Cond: ((k >= 4796999) AND (k <= 4797099))

table 3 : explain SELECT k, c FROM sbtest3 WHERE k BETWEEN 4796999 AND 4797099
	Bitmap Heap Scan on sbtest3  (cost=5.54..432.69 rows=108 width=125)
	  Recheck Cond: ((k >= 4796999) AND (k <= 4797099))
	  ->  Bitmap Index Scan on k_3  (cost=0.00..5.51 rows=108 width=0)
	        Index Cond: ((k >= 4796999) AND (k <= 4797099))

table 4 : explain SELECT k, c FROM sbtest4 WHERE k BETWEEN 4796999 AND 4797099
	Bitmap Heap Scan on sbtest4  (cost=5.57..444.49 rows=111 width=125)
	  Recheck Cond: ((k >= 4796999) AND (k <= 4797099))
	  ->  Bitmap Index Scan on k_4  (cost=0.00..5.54 rows=111 width=0)
	        Index Cond: ((k >= 4796999) AND (k <= 4797099))

table 5 : explain SELECT k, c FROM sbtest5 WHERE k BETWEEN 4796999 AND 4797099
	Bitmap Heap Scan on sbtest5  (cost=5.50..416.94 rows=104 width=125)
	  Recheck Cond: ((k >= 4796999) AND (k <= 4797099))
	  ->  Bitmap Index Scan on k_5  (cost=0.00..5.47 rows=104 width=0)
	        Index Cond: ((k >= 4796999) AND (k <= 4797099))

table 6 : explain SELECT k, c FROM sbtest6 WHERE k BETWEEN 4796999 AND 4797099
	Bitmap Heap Scan on sbtest6  (cost=5.45..397.25 rows=99 width=125)
	  Recheck Cond: ((k >= 4796999) AND (k <= 4797099))
	  ->  Bitmap Index Scan on k_6  (cost=0.00..5.42 rows=99 width=0)
	        Index Cond: ((k >= 4796999) AND (k <= 4797099))

table 7 : explain SELECT k, c FROM sbtest7 WHERE k BETWEEN 4796999 AND 4797099
	Bitmap Heap Scan on sbtest7  (cost=5.40..377.55 rows=94 width=125)
	  Recheck Cond: ((k >= 4796999) AND (k <= 4797099))
	  ->  Bitmap Index Scan on k_7  (cost=0.00..5.38 rows=94 width=0)
	        Index Cond: ((k >= 4796999) AND (k <= 4797099))

table 8 : explain SELECT k, c FROM sbtest8 WHERE k BETWEEN 4796999 AND 4797099
	Bitmap Heap Scan on sbtest8  (cost=5.58..448.42 rows=112 width=125)
	  Recheck Cond: ((k >= 4796999) AND (k <= 4797099))
	  ->  Bitmap Index Scan on k_8  (cost=0.00..5.55 rows=112 width=0)
	        Index Cond: ((k >= 4796999) AND (k <= 4797099))

for range-notcovered
table 1 : explain SELECT k, c FROM sbtest1 WHERE k BETWEEN 5654426 AND 5654526
	Bitmap Heap Scan on sbtest1  (cost=5.54..432.69 rows=108 width=125)
	  Recheck Cond: ((k >= 5654426) AND (k <= 5654526))
	  ->  Bitmap Index Scan on k_1  (cost=0.00..5.51 rows=108 width=0)
	        Index Cond: ((k >= 5654426) AND (k <= 5654526))

table 2 : explain SELECT k, c FROM sbtest2 WHERE k BETWEEN 5654426 AND 5654526
	Bitmap Heap Scan on sbtest2  (cost=5.48..409.07 rows=102 width=125)
	  Recheck Cond: ((k >= 5654426) AND (k <= 5654526))
	  ->  Bitmap Index Scan on k_2  (cost=0.00..5.45 rows=102 width=0)
	        Index Cond: ((k >= 5654426) AND (k <= 5654526))

table 3 : explain SELECT k, c FROM sbtest3 WHERE k BETWEEN 5654426 AND 5654526
	Bitmap Heap Scan on sbtest3  (cost=5.52..424.81 rows=106 width=125)
	  Recheck Cond: ((k >= 5654426) AND (k <= 5654526))
	  ->  Bitmap Index Scan on k_3  (cost=0.00..5.50 rows=106 width=0)
	        Index Cond: ((k >= 5654426) AND (k <= 5654526))

table 4 : explain SELECT k, c FROM sbtest4 WHERE k BETWEEN 5654426 AND 5654526
	Bitmap Heap Scan on sbtest4  (cost=5.51..420.88 rows=105 width=125)
	  Recheck Cond: ((k >= 5654426) AND (k <= 5654526))
	  ->  Bitmap Index Scan on k_4  (cost=0.00..5.48 rows=105 width=0)
	        Index Cond: ((k >= 5654426) AND (k <= 5654526))

table 5 : explain SELECT k, c FROM sbtest5 WHERE k BETWEEN 5654426 AND 5654526
	Bitmap Heap Scan on sbtest5  (cost=5.68..483.81 rows=121 width=125)
	  Recheck Cond: ((k >= 5654426) AND (k <= 5654526))
	  ->  Bitmap Index Scan on k_5  (cost=0.00..5.64 rows=121 width=0)
	        Index Cond: ((k >= 5654426) AND (k <= 5654526))

table 6 : explain SELECT k, c FROM sbtest6 WHERE k BETWEEN 5654426 AND 5654526
	Bitmap Heap Scan on sbtest6  (cost=5.57..444.49 rows=111 width=125)
	  Recheck Cond: ((k >= 5654426) AND (k <= 5654526))
	  ->  Bitmap Index Scan on k_6  (cost=0.00..5.54 rows=111 width=0)
	        Index Cond: ((k >= 5654426) AND (k <= 5654526))

table 7 : explain SELECT k, c FROM sbtest7 WHERE k BETWEEN 5654426 AND 5654526
	Bitmap Heap Scan on sbtest7  (cost=5.43..389.37 rows=97 width=125)
	  Recheck Cond: ((k >= 5654426) AND (k <= 5654526))
	  ->  Bitmap Index Scan on k_7  (cost=0.00..5.40 rows=97 width=0)
	        Index Cond: ((k >= 5654426) AND (k <= 5654526))

table 8 : explain SELECT k, c FROM sbtest8 WHERE k BETWEEN 5654426 AND 5654526
	Bitmap Heap Scan on sbtest8  (cost=5.39..373.61 rows=93 width=125)
	  Recheck Cond: ((k >= 5654426) AND (k <= 5654526))
	  ->  Bitmap Index Scan on k_8  (cost=0.00..5.36 rows=93 width=0)
	        Index Cond: ((k >= 5654426) AND (k <= 5654526))

for range-notcovered
table 1 : explain SELECT k, c FROM sbtest1 WHERE k BETWEEN 3976787 AND 3976887
	Bitmap Heap Scan on sbtest1  (cost=5.46..401.19 rows=100 width=125)
	  Recheck Cond: ((k >= 3976787) AND (k <= 3976887))
	  ->  Bitmap Index Scan on k_1  (cost=0.00..5.43 rows=100 width=0)
	        Index Cond: ((k >= 3976787) AND (k <= 3976887))

table 2 : explain SELECT k, c FROM sbtest2 WHERE k BETWEEN 3976787 AND 3976887
	Bitmap Heap Scan on sbtest2  (cost=5.44..393.31 rows=98 width=125)
	  Recheck Cond: ((k >= 3976787) AND (k <= 3976887))
	  ->  Bitmap Index Scan on k_2  (cost=0.00..5.42 rows=98 width=0)
	        Index Cond: ((k >= 3976787) AND (k <= 3976887))

table 3 : explain SELECT k, c FROM sbtest3 WHERE k BETWEEN 3976787 AND 3976887
	Bitmap Heap Scan on sbtest3  (cost=5.50..416.94 rows=104 width=125)
	  Recheck Cond: ((k >= 3976787) AND (k <= 3976887))
	  ->  Bitmap Index Scan on k_3  (cost=0.00..5.47 rows=104 width=0)
	        Index Cond: ((k >= 3976787) AND (k <= 3976887))

table 4 : explain SELECT k, c FROM sbtest4 WHERE k BETWEEN 3976787 AND 3976887
	Bitmap Heap Scan on sbtest4  (cost=5.52..424.81 rows=106 width=125)
	  Recheck Cond: ((k >= 3976787) AND (k <= 3976887))
	  ->  Bitmap Index Scan on k_4  (cost=0.00..5.50 rows=106 width=0)
	        Index Cond: ((k >= 3976787) AND (k <= 3976887))

table 5 : explain SELECT k, c FROM sbtest5 WHERE k BETWEEN 3976787 AND 3976887
	Bitmap Heap Scan on sbtest5  (cost=5.51..420.88 rows=105 width=125)
	  Recheck Cond: ((k >= 3976787) AND (k <= 3976887))
	  ->  Bitmap Index Scan on k_5  (cost=0.00..5.48 rows=105 width=0)
	        Index Cond: ((k >= 3976787) AND (k <= 3976887))

table 6 : explain SELECT k, c FROM sbtest6 WHERE k BETWEEN 3976787 AND 3976887
	Bitmap Heap Scan on sbtest6  (cost=5.46..401.19 rows=100 width=125)
	  Recheck Cond: ((k >= 3976787) AND (k <= 3976887))
	  ->  Bitmap Index Scan on k_6  (cost=0.00..5.43 rows=100 width=0)
	        Index Cond: ((k >= 3976787) AND (k <= 3976887))

table 7 : explain SELECT k, c FROM sbtest7 WHERE k BETWEEN 3976787 AND 3976887
	Bitmap Heap Scan on sbtest7  (cost=5.49..413.00 rows=103 width=125)
	  Recheck Cond: ((k >= 3976787) AND (k <= 3976887))
	  ->  Bitmap Index Scan on k_7  (cost=0.00..5.46 rows=103 width=0)
	        Index Cond: ((k >= 3976787) AND (k <= 3976887))

table 8 : explain SELECT k, c FROM sbtest8 WHERE k BETWEEN 3976787 AND 3976887
	Bitmap Heap Scan on sbtest8  (cost=5.39..373.61 rows=93 width=125)
	  Recheck Cond: ((k >= 3976787) AND (k <= 3976887))
	  ->  Bitmap Index Scan on k_8  (cost=0.00..5.36 rows=93 width=0)
	        Index Cond: ((k >= 3976787) AND (k <= 3976887))

for range-notcovered
table 1 : explain SELECT k, c FROM sbtest1 WHERE k BETWEEN 4754051 AND 4754151
	Bitmap Heap Scan on sbtest1  (cost=5.52..424.81 rows=106 width=125)
	  Recheck Cond: ((k >= 4754051) AND (k <= 4754151))
	  ->  Bitmap Index Scan on k_1  (cost=0.00..5.50 rows=106 width=0)
	        Index Cond: ((k >= 4754051) AND (k <= 4754151))

table 2 : explain SELECT k, c FROM sbtest2 WHERE k BETWEEN 4754051 AND 4754151
	Bitmap Heap Scan on sbtest2  (cost=5.61..460.22 rows=115 width=125)
	  Recheck Cond: ((k >= 4754051) AND (k <= 4754151))
	  ->  Bitmap Index Scan on k_2  (cost=0.00..5.58 rows=115 width=0)
	        Index Cond: ((k >= 4754051) AND (k <= 4754151))

table 3 : explain SELECT k, c FROM sbtest3 WHERE k BETWEEN 4754051 AND 4754151
	Bitmap Heap Scan on sbtest3  (cost=5.54..432.69 rows=108 width=125)
	  Recheck Cond: ((k >= 4754051) AND (k <= 4754151))
	  ->  Bitmap Index Scan on k_3  (cost=0.00..5.51 rows=108 width=0)
	        Index Cond: ((k >= 4754051) AND (k <= 4754151))

table 4 : explain SELECT k, c FROM sbtest4 WHERE k BETWEEN 4754051 AND 4754151
	Bitmap Heap Scan on sbtest4  (cost=5.57..444.49 rows=111 width=125)
	  Recheck Cond: ((k >= 4754051) AND (k <= 4754151))
	  ->  Bitmap Index Scan on k_4  (cost=0.00..5.54 rows=111 width=0)
	        Index Cond: ((k >= 4754051) AND (k <= 4754151))

table 5 : explain SELECT k, c FROM sbtest5 WHERE k BETWEEN 4754051 AND 4754151
	Bitmap Heap Scan on sbtest5  (cost=5.50..416.94 rows=104 width=125)
	  Recheck Cond: ((k >= 4754051) AND (k <= 4754151))
	  ->  Bitmap Index Scan on k_5  (cost=0.00..5.47 rows=104 width=0)
	        Index Cond: ((k >= 4754051) AND (k <= 4754151))

table 6 : explain SELECT k, c FROM sbtest6 WHERE k BETWEEN 4754051 AND 4754151
	Bitmap Heap Scan on sbtest6  (cost=5.45..397.25 rows=99 width=125)
	  Recheck Cond: ((k >= 4754051) AND (k <= 4754151))
	  ->  Bitmap Index Scan on k_6  (cost=0.00..5.42 rows=99 width=0)
	        Index Cond: ((k >= 4754051) AND (k <= 4754151))

table 7 : explain SELECT k, c FROM sbtest7 WHERE k BETWEEN 4754051 AND 4754151
	Bitmap Heap Scan on sbtest7  (cost=5.40..377.55 rows=94 width=125)
	  Recheck Cond: ((k >= 4754051) AND (k <= 4754151))
	  ->  Bitmap Index Scan on k_7  (cost=0.00..5.38 rows=94 width=0)
	        Index Cond: ((k >= 4754051) AND (k <= 4754151))

table 8 : explain SELECT k, c FROM sbtest8 WHERE k BETWEEN 4754051 AND 4754151
	Bitmap Heap Scan on sbtest8  (cost=5.58..448.42 rows=112 width=125)
	  Recheck Cond: ((k >= 4754051) AND (k <= 4754151))
	  ->  Bitmap Index Scan on k_8  (cost=0.00..5.55 rows=112 width=0)
	        Index Cond: ((k >= 4754051) AND (k <= 4754151))

explain: for range-notcovered :: explain SELECT k, c FROM sbtest%d WHERE k BETWEEN 5654426 AND 5654526
for range-notcovered
table 1 : explain SELECT k, c FROM sbtest1 WHERE k BETWEEN 3432958 AND 3433058
	Bitmap Heap Scan on sbtest1  (cost=5.44..393.31 rows=98 width=125)
	  Recheck Cond: ((k >= 3432958) AND (k <= 3433058))
	  ->  Bitmap Index Scan on k_1  (cost=0.00..5.42 rows=98 width=0)
	        Index Cond: ((k >= 3432958) AND (k <= 3433058))

table 2 : explain SELECT k, c FROM sbtest2 WHERE k BETWEEN 3432958 AND 3433058
	Bitmap Heap Scan on sbtest2  (cost=5.56..440.56 rows=110 width=125)
	  Recheck Cond: ((k >= 3432958) AND (k <= 3433058))
	  ->  Bitmap Index Scan on k_2  (cost=0.00..5.53 rows=110 width=0)
	        Index Cond: ((k >= 3432958) AND (k <= 3433058))

table 3 : explain SELECT k, c FROM sbtest3 WHERE k BETWEEN 3432958 AND 3433058
	Bitmap Heap Scan on sbtest3  (cost=5.45..397.25 rows=99 width=125)
	  Recheck Cond: ((k >= 3432958) AND (k <= 3433058))
	  ->  Bitmap Index Scan on k_3  (cost=0.00..5.42 rows=99 width=0)
	        Index Cond: ((k >= 3432958) AND (k <= 3433058))

table 4 : explain SELECT k, c FROM sbtest4 WHERE k BETWEEN 3432958 AND 3433058
	Bitmap Heap Scan on sbtest4  (cost=5.46..401.19 rows=100 width=125)
	  Recheck Cond: ((k >= 3432958) AND (k <= 3433058))
	  ->  Bitmap Index Scan on k_4  (cost=0.00..5.43 rows=100 width=0)
	        Index Cond: ((k >= 3432958) AND (k <= 3433058))

table 5 : explain SELECT k, c FROM sbtest5 WHERE k BETWEEN 3432958 AND 3433058
	Bitmap Heap Scan on sbtest5  (cost=5.55..436.62 rows=109 width=125)
	  Recheck Cond: ((k >= 3432958) AND (k <= 3433058))
	  ->  Bitmap Index Scan on k_5  (cost=0.00..5.52 rows=109 width=0)
	        Index Cond: ((k >= 3432958) AND (k <= 3433058))

table 6 : explain SELECT k, c FROM sbtest6 WHERE k BETWEEN 3432958 AND 3433058
	Bitmap Heap Scan on sbtest6  (cost=5.46..401.19 rows=100 width=125)
	  Recheck Cond: ((k >= 3432958) AND (k <= 3433058))
	  ->  Bitmap Index Scan on k_6  (cost=0.00..5.43 rows=100 width=0)
	        Index Cond: ((k >= 3432958) AND (k <= 3433058))

table 7 : explain SELECT k, c FROM sbtest7 WHERE k BETWEEN 3432958 AND 3433058
	Bitmap Heap Scan on sbtest7  (cost=5.43..389.37 rows=97 width=125)
	  Recheck Cond: ((k >= 3432958) AND (k <= 3433058))
	  ->  Bitmap Index Scan on k_7  (cost=0.00..5.40 rows=97 width=0)
	        Index Cond: ((k >= 3432958) AND (k <= 3433058))

table 8 : explain SELECT k, c FROM sbtest8 WHERE k BETWEEN 3432958 AND 3433058
	Bitmap Heap Scan on sbtest8  (cost=5.55..436.62 rows=109 width=125)
	  Recheck Cond: ((k >= 3432958) AND (k <= 3433058))
	  ->  Bitmap Index Scan on k_8  (cost=0.00..5.52 rows=109 width=0)
	        Index Cond: ((k >= 3432958) AND (k <= 3433058))

explain: for range-notcovered :: explain SELECT k, c FROM sbtest%d WHERE k BETWEEN 3976787 AND 3976887
explain: for range-notcovered :: explain SELECT k, c FROM sbtest%d WHERE k BETWEEN 4754051 AND 4754151
explain: for range-notcovered :: explain SELECT k, c FROM sbtest%d WHERE k BETWEEN 3432958 AND 3433058
for range-notcovered
table 1 : explain SELECT k, c FROM sbtest1 WHERE k BETWEEN 5287580 AND 5287680
	Bitmap Heap Scan on sbtest1  (cost=5.59..452.36 rows=113 width=125)
	  Recheck Cond: ((k >= 5287580) AND (k <= 5287680))
	  ->  Bitmap Index Scan on k_1  (cost=0.00..5.56 rows=113 width=0)
	        Index Cond: ((k >= 5287580) AND (k <= 5287680))

table 2 : explain SELECT k, c FROM sbtest2 WHERE k BETWEEN 5287580 AND 5287680
	Bitmap Heap Scan on sbtest2  (cost=5.48..409.07 rows=102 width=125)
	  Recheck Cond: ((k >= 5287580) AND (k <= 5287680))
	  ->  Bitmap Index Scan on k_2  (cost=0.00..5.45 rows=102 width=0)
	        Index Cond: ((k >= 5287580) AND (k <= 5287680))

table 3 : explain SELECT k, c FROM sbtest3 WHERE k BETWEEN 5287580 AND 5287680
	Bitmap Heap Scan on sbtest3  (cost=5.43..389.37 rows=97 width=125)
	  Recheck Cond: ((k >= 5287580) AND (k <= 5287680))
	  ->  Bitmap Index Scan on k_3  (cost=0.00..5.40 rows=97 width=0)
	        Index Cond: ((k >= 5287580) AND (k <= 5287680))

table 4 : explain SELECT k, c FROM sbtest4 WHERE k BETWEEN 5287580 AND 5287680
	Bitmap Heap Scan on sbtest4  (cost=5.48..409.07 rows=102 width=125)
	  Recheck Cond: ((k >= 5287580) AND (k <= 5287680))
	  ->  Bitmap Index Scan on k_4  (cost=0.00..5.45 rows=102 width=0)
	        Index Cond: ((k >= 5287580) AND (k <= 5287680))

table 5 : explain SELECT k, c FROM sbtest5 WHERE k BETWEEN 5287580 AND 5287680
	Bitmap Heap Scan on sbtest5  (cost=5.45..397.25 rows=99 width=125)
	  Recheck Cond: ((k >= 5287580) AND (k <= 5287680))
	  ->  Bitmap Index Scan on k_5  (cost=0.00..5.42 rows=99 width=0)
	        Index Cond: ((k >= 5287580) AND (k <= 5287680))

table 6 : explain SELECT k, c FROM sbtest6 WHERE k BETWEEN 5287580 AND 5287680
	Bitmap Heap Scan on sbtest6  (cost=5.56..440.56 rows=110 width=125)
	  Recheck Cond: ((k >= 5287580) AND (k <= 5287680))
	  ->  Bitmap Index Scan on k_6  (cost=0.00..5.53 rows=110 width=0)
	        Index Cond: ((k >= 5287580) AND (k <= 5287680))

table 7 : explain SELECT k, c FROM sbtest7 WHERE k BETWEEN 5287580 AND 5287680
	Bitmap Heap Scan on sbtest7  (cost=5.60..456.29 rows=114 width=125)
	  Recheck Cond: ((k >= 5287580) AND (k <= 5287680))
	  ->  Bitmap Index Scan on k_7  (cost=0.00..5.58 rows=114 width=0)
	        Index Cond: ((k >= 5287580) AND (k <= 5287680))

table 8 : explain SELECT k, c FROM sbtest8 WHERE k BETWEEN 5287580 AND 5287680
	Bitmap Heap Scan on sbtest8  (cost=5.57..444.49 rows=111 width=125)
	  Recheck Cond: ((k >= 5287580) AND (k <= 5287680))
	  ->  Bitmap Index Scan on k_8  (cost=0.00..5.54 rows=111 width=0)
	        Index Cond: ((k >= 5287580) AND (k <= 5287680))

for range-notcovered
table 1 : explain SELECT k, c FROM sbtest1 WHERE k BETWEEN 4784777 AND 4784877
	Bitmap Heap Scan on sbtest1  (cost=5.54..432.69 rows=108 width=125)
	  Recheck Cond: ((k >= 4784777) AND (k <= 4784877))
	  ->  Bitmap Index Scan on k_1  (cost=0.00..5.51 rows=108 width=0)
	        Index Cond: ((k >= 4784777) AND (k <= 4784877))

table 2 : explain SELECT k, c FROM sbtest2 WHERE k BETWEEN 4784777 AND 4784877
	Bitmap Heap Scan on sbtest2  (cost=5.61..460.22 rows=115 width=125)
	  Recheck Cond: ((k >= 4784777) AND (k <= 4784877))
	  ->  Bitmap Index Scan on k_2  (cost=0.00..5.58 rows=115 width=0)
	        Index Cond: ((k >= 4784777) AND (k <= 4784877))

table 3 : explain SELECT k, c FROM sbtest3 WHERE k BETWEEN 4784777 AND 4784877
	Bitmap Heap Scan on sbtest3  (cost=5.54..432.69 rows=108 width=125)
	  Recheck Cond: ((k >= 4784777) AND (k <= 4784877))
	  ->  Bitmap Index Scan on k_3  (cost=0.00..5.51 rows=108 width=0)
	        Index Cond: ((k >= 4784777) AND (k <= 4784877))

table 4 : explain SELECT k, c FROM sbtest4 WHERE k BETWEEN 4784777 AND 4784877
	Bitmap Heap Scan on sbtest4  (cost=5.57..444.49 rows=111 width=125)
	  Recheck Cond: ((k >= 4784777) AND (k <= 4784877))
	  ->  Bitmap Index Scan on k_4  (cost=0.00..5.54 rows=111 width=0)
	        Index Cond: ((k >= 4784777) AND (k <= 4784877))

table 5 : explain SELECT k, c FROM sbtest5 WHERE k BETWEEN 4784777 AND 4784877
	Bitmap Heap Scan on sbtest5  (cost=5.50..416.94 rows=104 width=125)
	  Recheck Cond: ((k >= 4784777) AND (k <= 4784877))
	  ->  Bitmap Index Scan on k_5  (cost=0.00..5.47 rows=104 width=0)
	        Index Cond: ((k >= 4784777) AND (k <= 4784877))

table 6 : explain SELECT k, c FROM sbtest6 WHERE k BETWEEN 4784777 AND 4784877
	Bitmap Heap Scan on sbtest6  (cost=5.45..397.25 rows=99 width=125)
	  Recheck Cond: ((k >= 4784777) AND (k <= 4784877))
	  ->  Bitmap Index Scan on k_6  (cost=0.00..5.42 rows=99 width=0)
	        Index Cond: ((k >= 4784777) AND (k <= 4784877))

table 7 : explain SELECT k, c FROM sbtest7 WHERE k BETWEEN 4784777 AND 4784877
	Bitmap Heap Scan on sbtest7  (cost=5.40..377.55 rows=94 width=125)
	  Recheck Cond: ((k >= 4784777) AND (k <= 4784877))
	  ->  Bitmap Index Scan on k_7  (cost=0.00..5.38 rows=94 width=0)
	        Index Cond: ((k >= 4784777) AND (k <= 4784877))

table 8 : explain SELECT k, c FROM sbtest8 WHERE k BETWEEN 4784777 AND 4784877
	Bitmap Heap Scan on sbtest8  (cost=5.58..448.42 rows=112 width=125)
	  Recheck Cond: ((k >= 4784777) AND (k <= 4784877))
	  ->  Bitmap Index Scan on k_8  (cost=0.00..5.55 rows=112 width=0)
	        Index Cond: ((k >= 4784777) AND (k <= 4784877))

for range-notcovered
table 1 : explain SELECT k, c FROM sbtest1 WHERE k BETWEEN 5355576 AND 5355676
	Bitmap Heap Scan on sbtest1  (cost=5.42..385.43 rows=96 width=125)
	  Recheck Cond: ((k >= 5355576) AND (k <= 5355676))
	  ->  Bitmap Index Scan on k_1  (cost=0.00..5.39 rows=96 width=0)
	        Index Cond: ((k >= 5355576) AND (k <= 5355676))

table 2 : explain SELECT k, c FROM sbtest2 WHERE k BETWEEN 5355576 AND 5355676
	Bitmap Heap Scan on sbtest2  (cost=5.51..420.88 rows=105 width=125)
	  Recheck Cond: ((k >= 5355576) AND (k <= 5355676))
	  ->  Bitmap Index Scan on k_2  (cost=0.00..5.48 rows=105 width=0)
	        Index Cond: ((k >= 5355576) AND (k <= 5355676))

table 3 : explain SELECT k, c FROM sbtest3 WHERE k BETWEEN 5355576 AND 5355676
	Bitmap Heap Scan on sbtest3  (cost=5.55..436.62 rows=109 width=125)
	  Recheck Cond: ((k >= 5355576) AND (k <= 5355676))
	  ->  Bitmap Index Scan on k_3  (cost=0.00..5.52 rows=109 width=0)
	        Index Cond: ((k >= 5355576) AND (k <= 5355676))

table 4 : explain SELECT k, c FROM sbtest4 WHERE k BETWEEN 5355576 AND 5355676
	Bitmap Heap Scan on sbtest4  (cost=5.47..405.13 rows=101 width=125)
	  Recheck Cond: ((k >= 5355576) AND (k <= 5355676))
	  ->  Bitmap Index Scan on k_4  (cost=0.00..5.44 rows=101 width=0)
	        Index Cond: ((k >= 5355576) AND (k <= 5355676))

table 5 : explain SELECT k, c FROM sbtest5 WHERE k BETWEEN 5355576 AND 5355676
	Bitmap Heap Scan on sbtest5  (cost=5.57..444.49 rows=111 width=125)
	  Recheck Cond: ((k >= 5355576) AND (k <= 5355676))
	  ->  Bitmap Index Scan on k_5  (cost=0.00..5.54 rows=111 width=0)
	        Index Cond: ((k >= 5355576) AND (k <= 5355676))

table 6 : explain SELECT k, c FROM sbtest6 WHERE k BETWEEN 5355576 AND 5355676
	Bitmap Heap Scan on sbtest6  (cost=5.50..416.94 rows=104 width=125)
	  Recheck Cond: ((k >= 5355576) AND (k <= 5355676))
	  ->  Bitmap Index Scan on k_6  (cost=0.00..5.47 rows=104 width=0)
	        Index Cond: ((k >= 5355576) AND (k <= 5355676))

table 7 : explain SELECT k, c FROM sbtest7 WHERE k BETWEEN 5355576 AND 5355676
	Bitmap Heap Scan on sbtest7  (cost=5.44..393.31 rows=98 width=125)
	  Recheck Cond: ((k >= 5355576) AND (k <= 5355676))
	  ->  Bitmap Index Scan on k_7  (cost=0.00..5.42 rows=98 width=0)
	        Index Cond: ((k >= 5355576) AND (k <= 5355676))

table 8 : explain SELECT k, c FROM sbtest8 WHERE k BETWEEN 5355576 AND 5355676
	Bitmap Heap Scan on sbtest8  (cost=5.45..397.25 rows=99 width=125)
	  Recheck Cond: ((k >= 5355576) AND (k <= 5355676))
	  ->  Bitmap Index Scan on k_8  (cost=0.00..5.42 rows=99 width=0)
	        Index Cond: ((k >= 5355576) AND (k <= 5355676))

explain: for range-notcovered :: explain SELECT k, c FROM sbtest%d WHERE k BETWEEN 5287580 AND 5287680
explain: for range-notcovered :: explain SELECT k, c FROM sbtest%d WHERE k BETWEEN 5355576 AND 5355676
for range-notcovered
table 1 : explain SELECT k, c FROM sbtest1 WHERE k BETWEEN 5369804 AND 5369904
	Bitmap Heap Scan on sbtest1  (cost=5.42..385.43 rows=96 width=125)
	  Recheck Cond: ((k >= 5369804) AND (k <= 5369904))
	  ->  Bitmap Index Scan on k_1  (cost=0.00..5.39 rows=96 width=0)
	        Index Cond: ((k >= 5369804) AND (k <= 5369904))

table 2 : explain SELECT k, c FROM sbtest2 WHERE k BETWEEN 5369804 AND 5369904
	Bitmap Heap Scan on sbtest2  (cost=5.51..420.88 rows=105 width=125)
	  Recheck Cond: ((k >= 5369804) AND (k <= 5369904))
	  ->  Bitmap Index Scan on k_2  (cost=0.00..5.48 rows=105 width=0)
	        Index Cond: ((k >= 5369804) AND (k <= 5369904))

table 3 : explain SELECT k, c FROM sbtest3 WHERE k BETWEEN 5369804 AND 5369904
	Bitmap Heap Scan on sbtest3  (cost=5.55..436.62 rows=109 width=125)
	  Recheck Cond: ((k >= 5369804) AND (k <= 5369904))
	  ->  Bitmap Index Scan on k_3  (cost=0.00..5.52 rows=109 width=0)
	        Index Cond: ((k >= 5369804) AND (k <= 5369904))

table 4 : explain SELECT k, c FROM sbtest4 WHERE k BETWEEN 5369804 AND 5369904
	Bitmap Heap Scan on sbtest4  (cost=5.47..405.13 rows=101 width=125)
	  Recheck Cond: ((k >= 5369804) AND (k <= 5369904))
	  ->  Bitmap Index Scan on k_4  (cost=0.00..5.44 rows=101 width=0)
	        Index Cond: ((k >= 5369804) AND (k <= 5369904))

table 5 : explain SELECT k, c FROM sbtest5 WHERE k BETWEEN 5369804 AND 5369904
	Bitmap Heap Scan on sbtest5  (cost=5.57..444.49 rows=111 width=125)
	  Recheck Cond: ((k >= 5369804) AND (k <= 5369904))
	  ->  Bitmap Index Scan on k_5  (cost=0.00..5.54 rows=111 width=0)
	        Index Cond: ((k >= 5369804) AND (k <= 5369904))

table 6 : explain SELECT k, c FROM sbtest6 WHERE k BETWEEN 5369804 AND 5369904
	Bitmap Heap Scan on sbtest6  (cost=5.50..416.94 rows=104 width=125)
	  Recheck Cond: ((k >= 5369804) AND (k <= 5369904))
	  ->  Bitmap Index Scan on k_6  (cost=0.00..5.47 rows=104 width=0)
	        Index Cond: ((k >= 5369804) AND (k <= 5369904))

table 7 : explain SELECT k, c FROM sbtest7 WHERE k BETWEEN 5369804 AND 5369904
	Bitmap Heap Scan on sbtest7  (cost=5.44..393.31 rows=98 width=125)
	  Recheck Cond: ((k >= 5369804) AND (k <= 5369904))
	  ->  Bitmap Index Scan on k_7  (cost=0.00..5.42 rows=98 width=0)
	        Index Cond: ((k >= 5369804) AND (k <= 5369904))

table 8 : explain SELECT k, c FROM sbtest8 WHERE k BETWEEN 5369804 AND 5369904
	Bitmap Heap Scan on sbtest8  (cost=5.45..397.25 rows=99 width=125)
	  Recheck Cond: ((k >= 5369804) AND (k <= 5369904))
	  ->  Bitmap Index Scan on k_8  (cost=0.00..5.42 rows=99 width=0)
	        Index Cond: ((k >= 5369804) AND (k <= 5369904))

for range-notcovered
table 1 : explain SELECT k, c FROM sbtest1 WHERE k BETWEEN 3181595 AND 3181695
	Bitmap Heap Scan on sbtest1  (cost=5.40..377.55 rows=94 width=125)
	  Recheck Cond: ((k >= 3181595) AND (k <= 3181695))
	  ->  Bitmap Index Scan on k_1  (cost=0.00..5.38 rows=94 width=0)
	        Index Cond: ((k >= 3181595) AND (k <= 3181695))

table 2 : explain SELECT k, c FROM sbtest2 WHERE k BETWEEN 3181595 AND 3181695
	Bitmap Heap Scan on sbtest2  (cost=5.48..409.07 rows=102 width=125)
	  Recheck Cond: ((k >= 3181595) AND (k <= 3181695))
	  ->  Bitmap Index Scan on k_2  (cost=0.00..5.45 rows=102 width=0)
	        Index Cond: ((k >= 3181595) AND (k <= 3181695))

table 3 : explain SELECT k, c FROM sbtest3 WHERE k BETWEEN 3181595 AND 3181695
	Bitmap Heap Scan on sbtest3  (cost=5.44..393.31 rows=98 width=125)
	  Recheck Cond: ((k >= 3181595) AND (k <= 3181695))
	  ->  Bitmap Index Scan on k_3  (cost=0.00..5.42 rows=98 width=0)
	        Index Cond: ((k >= 3181595) AND (k <= 3181695))

table 4 : explain SELECT k, c FROM sbtest4 WHERE k BETWEEN 3181595 AND 3181695
	Bitmap Heap Scan on sbtest4  (cost=5.48..409.07 rows=102 width=125)
	  Recheck Cond: ((k >= 3181595) AND (k <= 3181695))
	  ->  Bitmap Index Scan on k_4  (cost=0.00..5.45 rows=102 width=0)
	        Index Cond: ((k >= 3181595) AND (k <= 3181695))

table 5 : explain SELECT k, c FROM sbtest5 WHERE k BETWEEN 3181595 AND 3181695
	Bitmap Heap Scan on sbtest5  (cost=5.45..397.25 rows=99 width=125)
	  Recheck Cond: ((k >= 3181595) AND (k <= 3181695))
	  ->  Bitmap Index Scan on k_5  (cost=0.00..5.42 rows=99 width=0)
	        Index Cond: ((k >= 3181595) AND (k <= 3181695))

table 6 : explain SELECT k, c FROM sbtest6 WHERE k BETWEEN 3181595 AND 3181695
	Bitmap Heap Scan on sbtest6  (cost=5.50..416.94 rows=104 width=125)
	  Recheck Cond: ((k >= 3181595) AND (k <= 3181695))
	  ->  Bitmap Index Scan on k_6  (cost=0.00..5.47 rows=104 width=0)
	        Index Cond: ((k >= 3181595) AND (k <= 3181695))

table 7 : explain SELECT k, c FROM sbtest7 WHERE k BETWEEN 3181595 AND 3181695
	Bitmap Heap Scan on sbtest7  (cost=5.34..353.89 rows=88 width=125)
	  Recheck Cond: ((k >= 3181595) AND (k <= 3181695))
	  ->  Bitmap Index Scan on k_7  (cost=0.00..5.31 rows=88 width=0)
	        Index Cond: ((k >= 3181595) AND (k <= 3181695))

table 8 : explain SELECT k, c FROM sbtest8 WHERE k BETWEEN 3181595 AND 3181695
	Bitmap Heap Scan on sbtest8  (cost=5.46..401.19 rows=100 width=125)
	  Recheck Cond: ((k >= 3181595) AND (k <= 3181695))
	  ->  Bitmap Index Scan on k_8  (cost=0.00..5.43 rows=100 width=0)
	        Index Cond: ((k >= 3181595) AND (k <= 3181695))

for range-notcovered
table 1 : explain SELECT k, c FROM sbtest1 WHERE k BETWEEN 5822583 AND 5822683
	Bitmap Heap Scan on sbtest1  (cost=5.43..389.37 rows=97 width=125)
	  Recheck Cond: ((k >= 5822583) AND (k <= 5822683))
	  ->  Bitmap Index Scan on k_1  (cost=0.00..5.40 rows=97 width=0)
	        Index Cond: ((k >= 5822583) AND (k <= 5822683))

table 2 : explain SELECT k, c FROM sbtest2 WHERE k BETWEEN 5822583 AND 5822683
	Bitmap Heap Scan on sbtest2  (cost=5.44..393.31 rows=98 width=125)
	  Recheck Cond: ((k >= 5822583) AND (k <= 5822683))
	  ->  Bitmap Index Scan on k_2  (cost=0.00..5.42 rows=98 width=0)
	        Index Cond: ((k >= 5822583) AND (k <= 5822683))

table 3 : explain SELECT k, c FROM sbtest3 WHERE k BETWEEN 5822583 AND 5822683
	Bitmap Heap Scan on sbtest3  (cost=5.50..416.94 rows=104 width=125)
	  Recheck Cond: ((k >= 5822583) AND (k <= 5822683))
	  ->  Bitmap Index Scan on k_3  (cost=0.00..5.47 rows=104 width=0)
	        Index Cond: ((k >= 5822583) AND (k <= 5822683))

table 4 : explain SELECT k, c FROM sbtest4 WHERE k BETWEEN 5822583 AND 5822683
	Bitmap Heap Scan on sbtest4  (cost=5.49..413.00 rows=103 width=125)
	  Recheck Cond: ((k >= 5822583) AND (k <= 5822683))
	  ->  Bitmap Index Scan on k_4  (cost=0.00..5.46 rows=103 width=0)
	        Index Cond: ((k >= 5822583) AND (k <= 5822683))

table 5 : explain SELECT k, c FROM sbtest5 WHERE k BETWEEN 5822583 AND 5822683
	Bitmap Heap Scan on sbtest5  (cost=5.45..397.25 rows=99 width=125)
	  Recheck Cond: ((k >= 5822583) AND (k <= 5822683))
	  ->  Bitmap Index Scan on k_5  (cost=0.00..5.42 rows=99 width=0)
	        Index Cond: ((k >= 5822583) AND (k <= 5822683))

table 6 : explain SELECT k, c FROM sbtest6 WHERE k BETWEEN 5822583 AND 5822683
	Bitmap Heap Scan on sbtest6  (cost=5.40..377.55 rows=94 width=125)
	  Recheck Cond: ((k >= 5822583) AND (k <= 5822683))
	  ->  Bitmap Index Scan on k_6  (cost=0.00..5.38 rows=94 width=0)
	        Index Cond: ((k >= 5822583) AND (k <= 5822683))

table 7 : explain SELECT k, c FROM sbtest7 WHERE k BETWEEN 5822583 AND 5822683
	Bitmap Heap Scan on sbtest7  (cost=5.49..413.00 rows=103 width=125)
	  Recheck Cond: ((k >= 5822583) AND (k <= 5822683))
	  ->  Bitmap Index Scan on k_7  (cost=0.00..5.46 rows=103 width=0)
	        Index Cond: ((k >= 5822583) AND (k <= 5822683))

table 8 : explain SELECT k, c FROM sbtest8 WHERE k BETWEEN 5822583 AND 5822683
	Bitmap Heap Scan on sbtest8  (cost=5.47..405.13 rows=101 width=125)
	  Recheck Cond: ((k >= 5822583) AND (k <= 5822683))
	  ->  Bitmap Index Scan on k_8  (cost=0.00..5.44 rows=101 width=0)
	        Index Cond: ((k >= 5822583) AND (k <= 5822683))
explain: for range-notcovered :: explain SELECT k, c FROM sbtest%d WHERE k BETWEEN 5369804 AND 5369904

explain: for range-notcovered :: explain SELECT k, c FROM sbtest%d WHERE k BETWEEN 3181595 AND 3181695
for range-notcovered
table 1 : explain SELECT k, c FROM sbtest1 WHERE k BETWEEN 8071975 AND 8072075
	Bitmap Heap Scan on sbtest1  (cost=5.53..428.75 rows=107 width=125)
	  Recheck Cond: ((k >= 8071975) AND (k <= 8072075))
	  ->  Bitmap Index Scan on k_1  (cost=0.00..5.50 rows=107 width=0)
	        Index Cond: ((k >= 8071975) AND (k <= 8072075))

table 2 : explain SELECT k, c FROM sbtest2 WHERE k BETWEEN 8071975 AND 8072075
	Bitmap Heap Scan on sbtest2  (cost=5.51..420.88 rows=105 width=125)
	  Recheck Cond: ((k >= 8071975) AND (k <= 8072075))
	  ->  Bitmap Index Scan on k_2  (cost=0.00..5.48 rows=105 width=0)
	        Index Cond: ((k >= 8071975) AND (k <= 8072075))

table 3 : explain SELECT k, c FROM sbtest3 WHERE k BETWEEN 8071975 AND 8072075
	Bitmap Heap Scan on sbtest3  (cost=5.45..397.25 rows=99 width=125)
	  Recheck Cond: ((k >= 8071975) AND (k <= 8072075))
	  ->  Bitmap Index Scan on k_3  (cost=0.00..5.42 rows=99 width=0)
	        Index Cond: ((k >= 8071975) AND (k <= 8072075))

table 4 : explain SELECT k, c FROM sbtest4 WHERE k BETWEEN 8071975 AND 8072075
	Bitmap Heap Scan on sbtest4  (cost=5.40..377.55 rows=94 width=125)
	  Recheck Cond: ((k >= 8071975) AND (k <= 8072075))
	  ->  Bitmap Index Scan on k_4  (cost=0.00..5.38 rows=94 width=0)
	        Index Cond: ((k >= 8071975) AND (k <= 8072075))

table 5 : explain SELECT k, c FROM sbtest5 WHERE k BETWEEN 8071975 AND 8072075
	Bitmap Heap Scan on sbtest5  (cost=5.56..440.56 rows=110 width=125)
	  Recheck Cond: ((k >= 8071975) AND (k <= 8072075))
	  ->  Bitmap Index Scan on k_5  (cost=0.00..5.53 rows=110 width=0)
	        Index Cond: ((k >= 8071975) AND (k <= 8072075))

table 6 : explain SELECT k, c FROM sbtest6 WHERE k BETWEEN 8071975 AND 8072075
	Bitmap Heap Scan on sbtest6  (cost=5.58..448.42 rows=112 width=125)
	  Recheck Cond: ((k >= 8071975) AND (k <= 8072075))
	  ->  Bitmap Index Scan on k_6  (cost=0.00..5.55 rows=112 width=0)
	        Index Cond: ((k >= 8071975) AND (k <= 8072075))

table 7 : explain SELECT k, c FROM sbtest7 WHERE k BETWEEN 8071975 AND 8072075
	Bitmap Heap Scan on sbtest7  (cost=5.47..405.13 rows=101 width=125)
	  Recheck Cond: ((k >= 8071975) AND (k <= 8072075))
	  ->  Bitmap Index Scan on k_7  (cost=0.00..5.44 rows=101 width=0)
	        Index Cond: ((k >= 8071975) AND (k <= 8072075))

table 8 : explain SELECT k, c FROM sbtest8 WHERE k BETWEEN 8071975 AND 8072075
	Bitmap Heap Scan on sbtest8  (cost=5.60..456.29 rows=114 width=125)
	  Recheck Cond: ((k >= 8071975) AND (k <= 8072075))
	  ->  Bitmap Index Scan on k_8  (cost=0.00..5.58 rows=114 width=0)
	        Index Cond: ((k >= 8071975) AND (k <= 8072075))

for range-notcovered
table 1 : explain SELECT k, c FROM sbtest1 WHERE k BETWEEN 6740123 AND 6740223
	Bitmap Heap Scan on sbtest1  (cost=5.52..424.81 rows=106 width=125)
	  Recheck Cond: ((k >= 6740123) AND (k <= 6740223))
	  ->  Bitmap Index Scan on k_1  (cost=0.00..5.50 rows=106 width=0)
	        Index Cond: ((k >= 6740123) AND (k <= 6740223))

table 2 : explain SELECT k, c FROM sbtest2 WHERE k BETWEEN 6740123 AND 6740223
	Bitmap Heap Scan on sbtest2  (cost=5.42..385.43 rows=96 width=125)
	  Recheck Cond: ((k >= 6740123) AND (k <= 6740223))
	  ->  Bitmap Index Scan on k_2  (cost=0.00..5.39 rows=96 width=0)
	        Index Cond: ((k >= 6740123) AND (k <= 6740223))

table 3 : explain SELECT k, c FROM sbtest3 WHERE k BETWEEN 6740123 AND 6740223
	Bitmap Heap Scan on sbtest3  (cost=5.43..389.37 rows=97 width=125)
	  Recheck Cond: ((k >= 6740123) AND (k <= 6740223))
	  ->  Bitmap Index Scan on k_3  (cost=0.00..5.40 rows=97 width=0)
	        Index Cond: ((k >= 6740123) AND (k <= 6740223))

table 4 : explain SELECT k, c FROM sbtest4 WHERE k BETWEEN 6740123 AND 6740223
	Bitmap Heap Scan on sbtest4  (cost=5.53..428.75 rows=107 width=125)
	  Recheck Cond: ((k >= 6740123) AND (k <= 6740223))
	  ->  Bitmap Index Scan on k_4  (cost=0.00..5.50 rows=107 width=0)
	        Index Cond: ((k >= 6740123) AND (k <= 6740223))

table 5 : explain SELECT k, c FROM sbtest5 WHERE k BETWEEN 6740123 AND 6740223
	Bitmap Heap Scan on sbtest5  (cost=5.32..346.00 rows=86 width=125)
	  Recheck Cond: ((k >= 6740123) AND (k <= 6740223))
	  ->  Bitmap Index Scan on k_5  (cost=0.00..5.29 rows=86 width=0)
	        Index Cond: ((k >= 6740123) AND (k <= 6740223))

table 6 : explain SELECT k, c FROM sbtest6 WHERE k BETWEEN 6740123 AND 6740223
	Bitmap Heap Scan on sbtest6  (cost=5.44..393.31 rows=98 width=125)
	  Recheck Cond: ((k >= 6740123) AND (k <= 6740223))
	  ->  Bitmap Index Scan on k_6  (cost=0.00..5.42 rows=98 width=0)
	        Index Cond: ((k >= 6740123) AND (k <= 6740223))

table 7 : explain SELECT k, c FROM sbtest7 WHERE k BETWEEN 6740123 AND 6740223
	Bitmap Heap Scan on sbtest7  (cost=5.45..397.25 rows=99 width=125)
	  Recheck Cond: ((k >= 6740123) AND (k <= 6740223))
	  ->  Bitmap Index Scan on k_7  (cost=0.00..5.42 rows=99 width=0)
	        Index Cond: ((k >= 6740123) AND (k <= 6740223))

table 8 : explain SELECT k, c FROM sbtest8 WHERE k BETWEEN 6740123 AND 6740223
	Bitmap Heap Scan on sbtest8  (cost=5.47..405.13 rows=101 width=125)
	  Recheck Cond: ((k >= 6740123) AND (k <= 6740223))
	  ->  Bitmap Index Scan on k_8  (cost=0.00..5.44 rows=101 width=0)
	        Index Cond: ((k >= 6740123) AND (k <= 6740223))

explain: for range-notcovered :: explain SELECT k, c FROM sbtest%d WHERE k BETWEEN 6740123 AND 6740223
for range-notcovered
table 1 : explain SELECT k, c FROM sbtest1 WHERE k BETWEEN 5654426 AND 5654526
	Bitmap Heap Scan on sbtest1  (cost=5.54..432.69 rows=108 width=125)
	  Recheck Cond: ((k >= 5654426) AND (k <= 5654526))
	  ->  Bitmap Index Scan on k_1  (cost=0.00..5.51 rows=108 width=0)
	        Index Cond: ((k >= 5654426) AND (k <= 5654526))

table 2 : explain SELECT k, c FROM sbtest2 WHERE k BETWEEN 5654426 AND 5654526
	Bitmap Heap Scan on sbtest2  (cost=5.48..409.07 rows=102 width=125)
	  Recheck Cond: ((k >= 5654426) AND (k <= 5654526))
	  ->  Bitmap Index Scan on k_2  (cost=0.00..5.45 rows=102 width=0)
	        Index Cond: ((k >= 5654426) AND (k <= 5654526))

table 3 : explain SELECT k, c FROM sbtest3 WHERE k BETWEEN 5654426 AND 5654526
	Bitmap Heap Scan on sbtest3  (cost=5.52..424.81 rows=106 width=125)
	  Recheck Cond: ((k >= 5654426) AND (k <= 5654526))
	  ->  Bitmap Index Scan on k_3  (cost=0.00..5.50 rows=106 width=0)
	        Index Cond: ((k >= 5654426) AND (k <= 5654526))

table 4 : explain SELECT k, c FROM sbtest4 WHERE k BETWEEN 5654426 AND 5654526
	Bitmap Heap Scan on sbtest4  (cost=5.51..420.88 rows=105 width=125)
	  Recheck Cond: ((k >= 5654426) AND (k <= 5654526))
	  ->  Bitmap Index Scan on k_4  (cost=0.00..5.48 rows=105 width=0)
	        Index Cond: ((k >= 5654426) AND (k <= 5654526))

table 5 : explain SELECT k, c FROM sbtest5 WHERE k BETWEEN 5654426 AND 5654526
	Bitmap Heap Scan on sbtest5  (cost=5.68..483.81 rows=121 width=125)
	  Recheck Cond: ((k >= 5654426) AND (k <= 5654526))
	  ->  Bitmap Index Scan on k_5  (cost=0.00..5.64 rows=121 width=0)
	        Index Cond: ((k >= 5654426) AND (k <= 5654526))

table 6 : explain SELECT k, c FROM sbtest6 WHERE k BETWEEN 5654426 AND 5654526
	Bitmap Heap Scan on sbtest6  (cost=5.57..444.49 rows=111 width=125)
	  Recheck Cond: ((k >= 5654426) AND (k <= 5654526))
	  ->  Bitmap Index Scan on k_6  (cost=0.00..5.54 rows=111 width=0)
	        Index Cond: ((k >= 5654426) AND (k <= 5654526))

table 7 : explain SELECT k, c FROM sbtest7 WHERE k BETWEEN 5654426 AND 5654526
	Bitmap Heap Scan on sbtest7  (cost=5.43..389.37 rows=97 width=125)
	  Recheck Cond: ((k >= 5654426) AND (k <= 5654526))
	  ->  Bitmap Index Scan on k_7  (cost=0.00..5.40 rows=97 width=0)
	        Index Cond: ((k >= 5654426) AND (k <= 5654526))

table 8 : explain SELECT k, c FROM sbtest8 WHERE k BETWEEN 5654426 AND 5654526
	Bitmap Heap Scan on sbtest8  (cost=5.39..373.61 rows=93 width=125)
	  Recheck Cond: ((k >= 5654426) AND (k <= 5654526))
	  ->  Bitmap Index Scan on k_8  (cost=0.00..5.36 rows=93 width=0)
	        Index Cond: ((k >= 5654426) AND (k <= 5654526))

for range-notcovered
table 1 : explain SELECT k, c FROM sbtest1 WHERE k BETWEEN 3976787 AND 3976887
	Bitmap Heap Scan on sbtest1  (cost=5.46..401.19 rows=100 width=125)
	  Recheck Cond: ((k >= 3976787) AND (k <= 3976887))
	  ->  Bitmap Index Scan on k_1  (cost=0.00..5.43 rows=100 width=0)
	        Index Cond: ((k >= 3976787) AND (k <= 3976887))

table 2 : explain SELECT k, c FROM sbtest2 WHERE k BETWEEN 3976787 AND 3976887
	Bitmap Heap Scan on sbtest2  (cost=5.44..393.31 rows=98 width=125)
	  Recheck Cond: ((k >= 3976787) AND (k <= 3976887))
	  ->  Bitmap Index Scan on k_2  (cost=0.00..5.42 rows=98 width=0)
	        Index Cond: ((k >= 3976787) AND (k <= 3976887))

table 3 : explain SELECT k, c FROM sbtest3 WHERE k BETWEEN 3976787 AND 3976887
	Bitmap Heap Scan on sbtest3  (cost=5.50..416.94 rows=104 width=125)
	  Recheck Cond: ((k >= 3976787) AND (k <= 3976887))
	  ->  Bitmap Index Scan on k_3  (cost=0.00..5.47 rows=104 width=0)
	        Index Cond: ((k >= 3976787) AND (k <= 3976887))

table 4 : explain SELECT k, c FROM sbtest4 WHERE k BETWEEN 3976787 AND 3976887
	Bitmap Heap Scan on sbtest4  (cost=5.52..424.81 rows=106 width=125)
	  Recheck Cond: ((k >= 3976787) AND (k <= 3976887))
	  ->  Bitmap Index Scan on k_4  (cost=0.00..5.50 rows=106 width=0)
	        Index Cond: ((k >= 3976787) AND (k <= 3976887))

table 5 : explain SELECT k, c FROM sbtest5 WHERE k BETWEEN 3976787 AND 3976887
	Bitmap Heap Scan on sbtest5  (cost=5.51..420.88 rows=105 width=125)
	  Recheck Cond: ((k >= 3976787) AND (k <= 3976887))
	  ->  Bitmap Index Scan on k_5  (cost=0.00..5.48 rows=105 width=0)
	        Index Cond: ((k >= 3976787) AND (k <= 3976887))

table 6 : explain SELECT k, c FROM sbtest6 WHERE k BETWEEN 3976787 AND 3976887
	Bitmap Heap Scan on sbtest6  (cost=5.46..401.19 rows=100 width=125)
	  Recheck Cond: ((k >= 3976787) AND (k <= 3976887))
	  ->  Bitmap Index Scan on k_6  (cost=0.00..5.43 rows=100 width=0)
	        Index Cond: ((k >= 3976787) AND (k <= 3976887))

table 7 : explain SELECT k, c FROM sbtest7 WHERE k BETWEEN 3976787 AND 3976887
	Bitmap Heap Scan on sbtest7  (cost=5.49..413.00 rows=103 width=125)
	  Recheck Cond: ((k >= 3976787) AND (k <= 3976887))
	  ->  Bitmap Index Scan on k_7  (cost=0.00..5.46 rows=103 width=0)
	        Index Cond: ((k >= 3976787) AND (k <= 3976887))

table 8 : explain SELECT k, c FROM sbtest8 WHERE k BETWEEN 3976787 AND 3976887
	Bitmap Heap Scan on sbtest8  (cost=5.39..373.61 rows=93 width=125)
	  Recheck Cond: ((k >= 3976787) AND (k <= 3976887))
	  ->  Bitmap Index Scan on k_8  (cost=0.00..5.36 rows=93 width=0)
	        Index Cond: ((k >= 3976787) AND (k <= 3976887))

for range-notcovered
table 1 : explain SELECT k, c FROM sbtest1 WHERE k BETWEEN 3432958 AND 3433058
	Bitmap Heap Scan on sbtest1  (cost=5.44..393.31 rows=98 width=125)
	  Recheck Cond: ((k >= 3432958) AND (k <= 3433058))
	  ->  Bitmap Index Scan on k_1  (cost=0.00..5.42 rows=98 width=0)
	        Index Cond: ((k >= 3432958) AND (k <= 3433058))

table 2 : explain SELECT k, c FROM sbtest2 WHERE k BETWEEN 3432958 AND 3433058
	Bitmap Heap Scan on sbtest2  (cost=5.56..440.56 rows=110 width=125)
	  Recheck Cond: ((k >= 3432958) AND (k <= 3433058))
	  ->  Bitmap Index Scan on k_2  (cost=0.00..5.53 rows=110 width=0)
	        Index Cond: ((k >= 3432958) AND (k <= 3433058))

table 3 : explain SELECT k, c FROM sbtest3 WHERE k BETWEEN 3432958 AND 3433058
	Bitmap Heap Scan on sbtest3  (cost=5.45..397.25 rows=99 width=125)
	  Recheck Cond: ((k >= 3432958) AND (k <= 3433058))
	  ->  Bitmap Index Scan on k_3  (cost=0.00..5.42 rows=99 width=0)
	        Index Cond: ((k >= 3432958) AND (k <= 3433058))

table 4 : explain SELECT k, c FROM sbtest4 WHERE k BETWEEN 3432958 AND 3433058
	Bitmap Heap Scan on sbtest4  (cost=5.46..401.19 rows=100 width=125)
	  Recheck Cond: ((k >= 3432958) AND (k <= 3433058))
	  ->  Bitmap Index Scan on k_4  (cost=0.00..5.43 rows=100 width=0)
	        Index Cond: ((k >= 3432958) AND (k <= 3433058))

table 5 : explain SELECT k, c FROM sbtest5 WHERE k BETWEEN 3432958 AND 3433058
	Bitmap Heap Scan on sbtest5  (cost=5.55..436.62 rows=109 width=125)
	  Recheck Cond: ((k >= 3432958) AND (k <= 3433058))
	  ->  Bitmap Index Scan on k_5  (cost=0.00..5.52 rows=109 width=0)
	        Index Cond: ((k >= 3432958) AND (k <= 3433058))

table 6 : explain SELECT k, c FROM sbtest6 WHERE k BETWEEN 3432958 AND 3433058
	Bitmap Heap Scan on sbtest6  (cost=5.46..401.19 rows=100 width=125)
	  Recheck Cond: ((k >= 3432958) AND (k <= 3433058))
	  ->  Bitmap Index Scan on k_6  (cost=0.00..5.43 rows=100 width=0)
	        Index Cond: ((k >= 3432958) AND (k <= 3433058))

table 7 : explain SELECT k, c FROM sbtest7 WHERE k BETWEEN 3432958 AND 3433058
	Bitmap Heap Scan on sbtest7  (cost=5.43..389.37 rows=97 width=125)
	  Recheck Cond: ((k >= 3432958) AND (k <= 3433058))
	  ->  Bitmap Index Scan on k_7  (cost=0.00..5.40 rows=97 width=0)
	        Index Cond: ((k >= 3432958) AND (k <= 3433058))

table 8 : explain SELECT k, c FROM sbtest8 WHERE k BETWEEN 3432958 AND 3433058
	Bitmap Heap Scan on sbtest8  (cost=5.55..436.62 rows=109 width=125)
	  Recheck Cond: ((k >= 3432958) AND (k <= 3433058))
	  ->  Bitmap Index Scan on k_8  (cost=0.00..5.52 rows=109 width=0)
	        Index Cond: ((k >= 3432958) AND (k <= 3433058))

explain: for range-notcovered :: explain SELECT k, c FROM sbtest%d WHERE k BETWEEN 5654426 AND 5654526
explain: for range-notcovered :: explain SELECT k, c FROM sbtest%d WHERE k BETWEEN 3432958 AND 3433058
for range-notcovered
table 1 : explain SELECT k, c FROM sbtest1 WHERE k BETWEEN 4754051 AND 4754151
	Bitmap Heap Scan on sbtest1  (cost=5.52..424.81 rows=106 width=125)
	  Recheck Cond: ((k >= 4754051) AND (k <= 4754151))
	  ->  Bitmap Index Scan on k_1  (cost=0.00..5.50 rows=106 width=0)
	        Index Cond: ((k >= 4754051) AND (k <= 4754151))

table 2 : explain SELECT k, c FROM sbtest2 WHERE k BETWEEN 4754051 AND 4754151
	Bitmap Heap Scan on sbtest2  (cost=5.61..460.22 rows=115 width=125)
	  Recheck Cond: ((k >= 4754051) AND (k <= 4754151))
	  ->  Bitmap Index Scan on k_2  (cost=0.00..5.58 rows=115 width=0)
	        Index Cond: ((k >= 4754051) AND (k <= 4754151))

table 3 : explain SELECT k, c FROM sbtest3 WHERE k BETWEEN 4754051 AND 4754151
	Bitmap Heap Scan on sbtest3  (cost=5.54..432.69 rows=108 width=125)
	  Recheck Cond: ((k >= 4754051) AND (k <= 4754151))
	  ->  Bitmap Index Scan on k_3  (cost=0.00..5.51 rows=108 width=0)
	        Index Cond: ((k >= 4754051) AND (k <= 4754151))

table 4 : explain SELECT k, c FROM sbtest4 WHERE k BETWEEN 4754051 AND 4754151
	Bitmap Heap Scan on sbtest4  (cost=5.57..444.49 rows=111 width=125)
	  Recheck Cond: ((k >= 4754051) AND (k <= 4754151))
	  ->  Bitmap Index Scan on k_4  (cost=0.00..5.54 rows=111 width=0)
	        Index Cond: ((k >= 4754051) AND (k <= 4754151))

table 5 : explain SELECT k, c FROM sbtest5 WHERE k BETWEEN 4754051 AND 4754151
	Bitmap Heap Scan on sbtest5  (cost=5.50..416.94 rows=104 width=125)
	  Recheck Cond: ((k >= 4754051) AND (k <= 4754151))
	  ->  Bitmap Index Scan on k_5  (cost=0.00..5.47 rows=104 width=0)
	        Index Cond: ((k >= 4754051) AND (k <= 4754151))

table 6 : explain SELECT k, c FROM sbtest6 WHERE k BETWEEN 4754051 AND 4754151
	Bitmap Heap Scan on sbtest6  (cost=5.45..397.25 rows=99 width=125)
	  Recheck Cond: ((k >= 4754051) AND (k <= 4754151))
	  ->  Bitmap Index Scan on k_6  (cost=0.00..5.42 rows=99 width=0)
	        Index Cond: ((k >= 4754051) AND (k <= 4754151))

table 7 : explain SELECT k, c FROM sbtest7 WHERE k BETWEEN 4754051 AND 4754151
	Bitmap Heap Scan on sbtest7  (cost=5.40..377.55 rows=94 width=125)
	  Recheck Cond: ((k >= 4754051) AND (k <= 4754151))
	  ->  Bitmap Index Scan on k_7  (cost=0.00..5.38 rows=94 width=0)
	        Index Cond: ((k >= 4754051) AND (k <= 4754151))

table 8 : explain SELECT k, c FROM sbtest8 WHERE k BETWEEN 4754051 AND 4754151
	Bitmap Heap Scan on sbtest8  (cost=5.58..448.42 rows=112 width=125)
	  Recheck Cond: ((k >= 4754051) AND (k <= 4754151))
	  ->  Bitmap Index Scan on k_8  (cost=0.00..5.55 rows=112 width=0)
	        Index Cond: ((k >= 4754051) AND (k <= 4754151))

explain: for range-notcovered :: explain SELECT k, c FROM sbtest%d WHERE k BETWEEN 8071975 AND 8072075
explain: for range-notcovered :: explain SELECT k, c FROM sbtest%d WHERE k BETWEEN 3976787 AND 3976887
explain: for range-notcovered :: explain SELECT k, c FROM sbtest%d WHERE k BETWEEN 4754051 AND 4754151
for range-notcovered
table 1 : explain SELECT k, c FROM sbtest1 WHERE k BETWEEN 5287580 AND 5287680
	Bitmap Heap Scan on sbtest1  (cost=5.59..452.36 rows=113 width=125)
	  Recheck Cond: ((k >= 5287580) AND (k <= 5287680))
	  ->  Bitmap Index Scan on k_1  (cost=0.00..5.56 rows=113 width=0)
	        Index Cond: ((k >= 5287580) AND (k <= 5287680))

table 2 : explain SELECT k, c FROM sbtest2 WHERE k BETWEEN 5287580 AND 5287680
	Bitmap Heap Scan on sbtest2  (cost=5.48..409.07 rows=102 width=125)
	  Recheck Cond: ((k >= 5287580) AND (k <= 5287680))
	  ->  Bitmap Index Scan on k_2  (cost=0.00..5.45 rows=102 width=0)
	        Index Cond: ((k >= 5287580) AND (k <= 5287680))

table 3 : explain SELECT k, c FROM sbtest3 WHERE k BETWEEN 5287580 AND 5287680
	Bitmap Heap Scan on sbtest3  (cost=5.43..389.37 rows=97 width=125)
	  Recheck Cond: ((k >= 5287580) AND (k <= 5287680))
	  ->  Bitmap Index Scan on k_3  (cost=0.00..5.40 rows=97 width=0)
	        Index Cond: ((k >= 5287580) AND (k <= 5287680))

table 4 : explain SELECT k, c FROM sbtest4 WHERE k BETWEEN 5287580 AND 5287680
	Bitmap Heap Scan on sbtest4  (cost=5.48..409.07 rows=102 width=125)
	  Recheck Cond: ((k >= 5287580) AND (k <= 5287680))
	  ->  Bitmap Index Scan on k_4  (cost=0.00..5.45 rows=102 width=0)
	        Index Cond: ((k >= 5287580) AND (k <= 5287680))

table 5 : explain SELECT k, c FROM sbtest5 WHERE k BETWEEN 5287580 AND 5287680
	Bitmap Heap Scan on sbtest5  (cost=5.45..397.25 rows=99 width=125)
	  Recheck Cond: ((k >= 5287580) AND (k <= 5287680))
	  ->  Bitmap Index Scan on k_5  (cost=0.00..5.42 rows=99 width=0)
	        Index Cond: ((k >= 5287580) AND (k <= 5287680))

table 6 : explain SELECT k, c FROM sbtest6 WHERE k BETWEEN 5287580 AND 5287680
	Bitmap Heap Scan on sbtest6  (cost=5.56..440.56 rows=110 width=125)
	  Recheck Cond: ((k >= 5287580) AND (k <= 5287680))
	  ->  Bitmap Index Scan on k_6  (cost=0.00..5.53 rows=110 width=0)
	        Index Cond: ((k >= 5287580) AND (k <= 5287680))

table 7 : explain SELECT k, c FROM sbtest7 WHERE k BETWEEN 5287580 AND 5287680
	Bitmap Heap Scan on sbtest7  (cost=5.60..456.29 rows=114 width=125)
	  Recheck Cond: ((k >= 5287580) AND (k <= 5287680))
	  ->  Bitmap Index Scan on k_7  (cost=0.00..5.58 rows=114 width=0)
	        Index Cond: ((k >= 5287580) AND (k <= 5287680))

table 8 : explain SELECT k, c FROM sbtest8 WHERE k BETWEEN 5287580 AND 5287680
	Bitmap Heap Scan on sbtest8  (cost=5.57..444.49 rows=111 width=125)
	  Recheck Cond: ((k >= 5287580) AND (k <= 5287680))
	  ->  Bitmap Index Scan on k_8  (cost=0.00..5.54 rows=111 width=0)
	        Index Cond: ((k >= 5287580) AND (k <= 5287680))

for range-notcovered
table 1 : explain SELECT k, c FROM sbtest1 WHERE k BETWEEN 5355576 AND 5355676
	Bitmap Heap Scan on sbtest1  (cost=5.42..385.43 rows=96 width=125)
	  Recheck Cond: ((k >= 5355576) AND (k <= 5355676))
	  ->  Bitmap Index Scan on k_1  (cost=0.00..5.39 rows=96 width=0)
	        Index Cond: ((k >= 5355576) AND (k <= 5355676))

table 2 : explain SELECT k, c FROM sbtest2 WHERE k BETWEEN 5355576 AND 5355676
	Bitmap Heap Scan on sbtest2  (cost=5.51..420.88 rows=105 width=125)
	  Recheck Cond: ((k >= 5355576) AND (k <= 5355676))
	  ->  Bitmap Index Scan on k_2  (cost=0.00..5.48 rows=105 width=0)
	        Index Cond: ((k >= 5355576) AND (k <= 5355676))

table 3 : explain SELECT k, c FROM sbtest3 WHERE k BETWEEN 5355576 AND 5355676
	Bitmap Heap Scan on sbtest3  (cost=5.55..436.62 rows=109 width=125)
	  Recheck Cond: ((k >= 5355576) AND (k <= 5355676))
	  ->  Bitmap Index Scan on k_3  (cost=0.00..5.52 rows=109 width=0)
	        Index Cond: ((k >= 5355576) AND (k <= 5355676))

table 4 : explain SELECT k, c FROM sbtest4 WHERE k BETWEEN 5355576 AND 5355676
	Bitmap Heap Scan on sbtest4  (cost=5.47..405.13 rows=101 width=125)
	  Recheck Cond: ((k >= 5355576) AND (k <= 5355676))
	  ->  Bitmap Index Scan on k_4  (cost=0.00..5.44 rows=101 width=0)
	        Index Cond: ((k >= 5355576) AND (k <= 5355676))

table 5 : explain SELECT k, c FROM sbtest5 WHERE k BETWEEN 5355576 AND 5355676
	Bitmap Heap Scan on sbtest5  (cost=5.57..444.49 rows=111 width=125)
	  Recheck Cond: ((k >= 5355576) AND (k <= 5355676))
	  ->  Bitmap Index Scan on k_5  (cost=0.00..5.54 rows=111 width=0)
	        Index Cond: ((k >= 5355576) AND (k <= 5355676))

table 6 : explain SELECT k, c FROM sbtest6 WHERE k BETWEEN 5355576 AND 5355676
	Bitmap Heap Scan on sbtest6  (cost=5.50..416.94 rows=104 width=125)
	  Recheck Cond: ((k >= 5355576) AND (k <= 5355676))
	  ->  Bitmap Index Scan on k_6  (cost=0.00..5.47 rows=104 width=0)
	        Index Cond: ((k >= 5355576) AND (k <= 5355676))

table 7 : explain SELECT k, c FROM sbtest7 WHERE k BETWEEN 5355576 AND 5355676
	Bitmap Heap Scan on sbtest7  (cost=5.44..393.31 rows=98 width=125)
	  Recheck Cond: ((k >= 5355576) AND (k <= 5355676))
	  ->  Bitmap Index Scan on k_7  (cost=0.00..5.42 rows=98 width=0)
	        Index Cond: ((k >= 5355576) AND (k <= 5355676))

table 8 : explain SELECT k, c FROM sbtest8 WHERE k BETWEEN 5355576 AND 5355676
	Bitmap Heap Scan on sbtest8  (cost=5.45..397.25 rows=99 width=125)
	  Recheck Cond: ((k >= 5355576) AND (k <= 5355676))
	  ->  Bitmap Index Scan on k_8  (cost=0.00..5.42 rows=99 width=0)
	        Index Cond: ((k >= 5355576) AND (k <= 5355676))

explain: for range-notcovered :: explain SELECT k, c FROM sbtest%d WHERE k BETWEEN 5355576 AND 5355676
for range-notcovered
table 1 : explain SELECT k, c FROM sbtest1 WHERE k BETWEEN 3181595 AND 3181695
	Bitmap Heap Scan on sbtest1  (cost=5.40..377.55 rows=94 width=125)
	  Recheck Cond: ((k >= 3181595) AND (k <= 3181695))
	  ->  Bitmap Index Scan on k_1  (cost=0.00..5.38 rows=94 width=0)
	        Index Cond: ((k >= 3181595) AND (k <= 3181695))

table 2 : explain SELECT k, c FROM sbtest2 WHERE k BETWEEN 3181595 AND 3181695
	Bitmap Heap Scan on sbtest2  (cost=5.48..409.07 rows=102 width=125)
	  Recheck Cond: ((k >= 3181595) AND (k <= 3181695))
	  ->  Bitmap Index Scan on k_2  (cost=0.00..5.45 rows=102 width=0)
	        Index Cond: ((k >= 3181595) AND (k <= 3181695))

table 3 : explain SELECT k, c FROM sbtest3 WHERE k BETWEEN 3181595 AND 3181695
	Bitmap Heap Scan on sbtest3  (cost=5.44..393.31 rows=98 width=125)
	  Recheck Cond: ((k >= 3181595) AND (k <= 3181695))
	  ->  Bitmap Index Scan on k_3  (cost=0.00..5.42 rows=98 width=0)
	        Index Cond: ((k >= 3181595) AND (k <= 3181695))

table 4 : explain SELECT k, c FROM sbtest4 WHERE k BETWEEN 3181595 AND 3181695
	Bitmap Heap Scan on sbtest4  (cost=5.48..409.07 rows=102 width=125)
	  Recheck Cond: ((k >= 3181595) AND (k <= 3181695))
	  ->  Bitmap Index Scan on k_4  (cost=0.00..5.45 rows=102 width=0)
	        Index Cond: ((k >= 3181595) AND (k <= 3181695))

table 5 : explain SELECT k, c FROM sbtest5 WHERE k BETWEEN 3181595 AND 3181695
	Bitmap Heap Scan on sbtest5  (cost=5.45..397.25 rows=99 width=125)
	  Recheck Cond: ((k >= 3181595) AND (k <= 3181695))
	  ->  Bitmap Index Scan on k_5  (cost=0.00..5.42 rows=99 width=0)
	        Index Cond: ((k >= 3181595) AND (k <= 3181695))

table 6 : explain SELECT k, c FROM sbtest6 WHERE k BETWEEN 3181595 AND 3181695
	Bitmap Heap Scan on sbtest6  (cost=5.50..416.94 rows=104 width=125)
	  Recheck Cond: ((k >= 3181595) AND (k <= 3181695))
	  ->  Bitmap Index Scan on k_6  (cost=0.00..5.47 rows=104 width=0)
	        Index Cond: ((k >= 3181595) AND (k <= 3181695))

table 7 : explain SELECT k, c FROM sbtest7 WHERE k BETWEEN 3181595 AND 3181695
	Bitmap Heap Scan on sbtest7  (cost=5.34..353.89 rows=88 width=125)
	  Recheck Cond: ((k >= 3181595) AND (k <= 3181695))
	  ->  Bitmap Index Scan on k_7  (cost=0.00..5.31 rows=88 width=0)
	        Index Cond: ((k >= 3181595) AND (k <= 3181695))

table 8 : explain SELECT k, c FROM sbtest8 WHERE k BETWEEN 3181595 AND 3181695
	Bitmap Heap Scan on sbtest8  (cost=5.46..401.19 rows=100 width=125)
	  Recheck Cond: ((k >= 3181595) AND (k <= 3181695))
	  ->  Bitmap Index Scan on k_8  (cost=0.00..5.43 rows=100 width=0)
	        Index Cond: ((k >= 3181595) AND (k <= 3181695))

explain: for range-notcovered :: explain SELECT k, c FROM sbtest%d WHERE k BETWEEN 3181595 AND 3181695
for range-notcovered
table 1 : explain SELECT k, c FROM sbtest1 WHERE k BETWEEN 5369804 AND 5369904
	Bitmap Heap Scan on sbtest1  (cost=5.42..385.43 rows=96 width=125)
	  Recheck Cond: ((k >= 5369804) AND (k <= 5369904))
	  ->  Bitmap Index Scan on k_1  (cost=0.00..5.39 rows=96 width=0)
	        Index Cond: ((k >= 5369804) AND (k <= 5369904))

table 2 : explain SELECT k, c FROM sbtest2 WHERE k BETWEEN 5369804 AND 5369904
	Bitmap Heap Scan on sbtest2  (cost=5.51..420.88 rows=105 width=125)
	  Recheck Cond: ((k >= 5369804) AND (k <= 5369904))
	  ->  Bitmap Index Scan on k_2  (cost=0.00..5.48 rows=105 width=0)
	        Index Cond: ((k >= 5369804) AND (k <= 5369904))

table 3 : explain SELECT k, c FROM sbtest3 WHERE k BETWEEN 5369804 AND 5369904
	Bitmap Heap Scan on sbtest3  (cost=5.55..436.62 rows=109 width=125)
	  Recheck Cond: ((k >= 5369804) AND (k <= 5369904))
	  ->  Bitmap Index Scan on k_3  (cost=0.00..5.52 rows=109 width=0)
	        Index Cond: ((k >= 5369804) AND (k <= 5369904))

table 4 : explain SELECT k, c FROM sbtest4 WHERE k BETWEEN 5369804 AND 5369904
	Bitmap Heap Scan on sbtest4  (cost=5.47..405.13 rows=101 width=125)
	  Recheck Cond: ((k >= 5369804) AND (k <= 5369904))
	  ->  Bitmap Index Scan on k_4  (cost=0.00..5.44 rows=101 width=0)
	        Index Cond: ((k >= 5369804) AND (k <= 5369904))

table 5 : explain SELECT k, c FROM sbtest5 WHERE k BETWEEN 5369804 AND 5369904
	Bitmap Heap Scan on sbtest5  (cost=5.57..444.49 rows=111 width=125)
	  Recheck Cond: ((k >= 5369804) AND (k <= 5369904))
	  ->  Bitmap Index Scan on k_5  (cost=0.00..5.54 rows=111 width=0)
	        Index Cond: ((k >= 5369804) AND (k <= 5369904))

table 6 : explain SELECT k, c FROM sbtest6 WHERE k BETWEEN 5369804 AND 5369904
	Bitmap Heap Scan on sbtest6  (cost=5.50..416.94 rows=104 width=125)
	  Recheck Cond: ((k >= 5369804) AND (k <= 5369904))
	  ->  Bitmap Index Scan on k_6  (cost=0.00..5.47 rows=104 width=0)
	        Index Cond: ((k >= 5369804) AND (k <= 5369904))

table 7 : explain SELECT k, c FROM sbtest7 WHERE k BETWEEN 5369804 AND 5369904
	Bitmap Heap Scan on sbtest7  (cost=5.44..393.31 rows=98 width=125)
	  Recheck Cond: ((k >= 5369804) AND (k <= 5369904))
	  ->  Bitmap Index Scan on k_7  (cost=0.00..5.42 rows=98 width=0)
	        Index Cond: ((k >= 5369804) AND (k <= 5369904))

table 8 : explain SELECT k, c FROM sbtest8 WHERE k BETWEEN 5369804 AND 5369904
	Bitmap Heap Scan on sbtest8  (cost=5.45..397.25 rows=99 width=125)
	  Recheck Cond: ((k >= 5369804) AND (k <= 5369904))
	  ->  Bitmap Index Scan on k_8  (cost=0.00..5.42 rows=99 width=0)
	        Index Cond: ((k >= 5369804) AND (k <= 5369904))

for range-notcovered
table 1 : explain SELECT k, c FROM sbtest1 WHERE k BETWEEN 6740123 AND 6740223
	Bitmap Heap Scan on sbtest1  (cost=5.52..424.81 rows=106 width=125)
	  Recheck Cond: ((k >= 6740123) AND (k <= 6740223))
	  ->  Bitmap Index Scan on k_1  (cost=0.00..5.50 rows=106 width=0)
	        Index Cond: ((k >= 6740123) AND (k <= 6740223))

table 2 : explain SELECT k, c FROM sbtest2 WHERE k BETWEEN 6740123 AND 6740223
	Bitmap Heap Scan on sbtest2  (cost=5.42..385.43 rows=96 width=125)
	  Recheck Cond: ((k >= 6740123) AND (k <= 6740223))
	  ->  Bitmap Index Scan on k_2  (cost=0.00..5.39 rows=96 width=0)
	        Index Cond: ((k >= 6740123) AND (k <= 6740223))

table 3 : explain SELECT k, c FROM sbtest3 WHERE k BETWEEN 6740123 AND 6740223
	Bitmap Heap Scan on sbtest3  (cost=5.43..389.37 rows=97 width=125)
	  Recheck Cond: ((k >= 6740123) AND (k <= 6740223))
	  ->  Bitmap Index Scan on k_3  (cost=0.00..5.40 rows=97 width=0)
	        Index Cond: ((k >= 6740123) AND (k <= 6740223))

table 4 : explain SELECT k, c FROM sbtest4 WHERE k BETWEEN 6740123 AND 6740223
	Bitmap Heap Scan on sbtest4  (cost=5.53..428.75 rows=107 width=125)
	  Recheck Cond: ((k >= 6740123) AND (k <= 6740223))
	  ->  Bitmap Index Scan on k_4  (cost=0.00..5.50 rows=107 width=0)
	        Index Cond: ((k >= 6740123) AND (k <= 6740223))

table 5 : explain SELECT k, c FROM sbtest5 WHERE k BETWEEN 6740123 AND 6740223
	Bitmap Heap Scan on sbtest5  (cost=5.32..346.00 rows=86 width=125)
	  Recheck Cond: ((k >= 6740123) AND (k <= 6740223))
	  ->  Bitmap Index Scan on k_5  (cost=0.00..5.29 rows=86 width=0)
	        Index Cond: ((k >= 6740123) AND (k <= 6740223))

table 6 : explain SELECT k, c FROM sbtest6 WHERE k BETWEEN 6740123 AND 6740223
	Bitmap Heap Scan on sbtest6  (cost=5.44..393.31 rows=98 width=125)
	  Recheck Cond: ((k >= 6740123) AND (k <= 6740223))
	  ->  Bitmap Index Scan on k_6  (cost=0.00..5.42 rows=98 width=0)
	        Index Cond: ((k >= 6740123) AND (k <= 6740223))

table 7 : explain SELECT k, c FROM sbtest7 WHERE k BETWEEN 6740123 AND 6740223
	Bitmap Heap Scan on sbtest7  (cost=5.45..397.25 rows=99 width=125)
	  Recheck Cond: ((k >= 6740123) AND (k <= 6740223))
	  ->  Bitmap Index Scan on k_7  (cost=0.00..5.42 rows=99 width=0)
	        Index Cond: ((k >= 6740123) AND (k <= 6740223))

table 8 : explain SELECT k, c FROM sbtest8 WHERE k BETWEEN 6740123 AND 6740223
	Bitmap Heap Scan on sbtest8  (cost=5.47..405.13 rows=101 width=125)
	  Recheck Cond: ((k >= 6740123) AND (k <= 6740223))
	  ->  Bitmap Index Scan on k_8  (cost=0.00..5.44 rows=101 width=0)
	        Index Cond: ((k >= 6740123) AND (k <= 6740223))

explain: for range-notcovered :: explain SELECT k, c FROM sbtest%d WHERE k BETWEEN 6740123 AND 6740223
explain: for range-notcovered :: explain SELECT k, c FROM sbtest%d WHERE k BETWEEN 5369804 AND 5369904
for range-notcovered
table 1 : explain SELECT k, c FROM sbtest1 WHERE k BETWEEN 5654426 AND 5654526
	Bitmap Heap Scan on sbtest1  (cost=5.54..432.69 rows=108 width=125)
	  Recheck Cond: ((k >= 5654426) AND (k <= 5654526))
	  ->  Bitmap Index Scan on k_1  (cost=0.00..5.51 rows=108 width=0)
	        Index Cond: ((k >= 5654426) AND (k <= 5654526))

table 2 : explain SELECT k, c FROM sbtest2 WHERE k BETWEEN 5654426 AND 5654526
	Bitmap Heap Scan on sbtest2  (cost=5.48..409.07 rows=102 width=125)
	  Recheck Cond: ((k >= 5654426) AND (k <= 5654526))
	  ->  Bitmap Index Scan on k_2  (cost=0.00..5.45 rows=102 width=0)
	        Index Cond: ((k >= 5654426) AND (k <= 5654526))

table 3 : explain SELECT k, c FROM sbtest3 WHERE k BETWEEN 5654426 AND 5654526
	Bitmap Heap Scan on sbtest3  (cost=5.52..424.81 rows=106 width=125)
	  Recheck Cond: ((k >= 5654426) AND (k <= 5654526))
	  ->  Bitmap Index Scan on k_3  (cost=0.00..5.50 rows=106 width=0)
	        Index Cond: ((k >= 5654426) AND (k <= 5654526))

table 4 : explain SELECT k, c FROM sbtest4 WHERE k BETWEEN 5654426 AND 5654526
	Bitmap Heap Scan on sbtest4  (cost=5.51..420.88 rows=105 width=125)
	  Recheck Cond: ((k >= 5654426) AND (k <= 5654526))
	  ->  Bitmap Index Scan on k_4  (cost=0.00..5.48 rows=105 width=0)
	        Index Cond: ((k >= 5654426) AND (k <= 5654526))

table 5 : explain SELECT k, c FROM sbtest5 WHERE k BETWEEN 5654426 AND 5654526
	Bitmap Heap Scan on sbtest5  (cost=5.68..483.81 rows=121 width=125)
	  Recheck Cond: ((k >= 5654426) AND (k <= 5654526))
	  ->  Bitmap Index Scan on k_5  (cost=0.00..5.64 rows=121 width=0)
	        Index Cond: ((k >= 5654426) AND (k <= 5654526))

table 6 : explain SELECT k, c FROM sbtest6 WHERE k BETWEEN 5654426 AND 5654526
	Bitmap Heap Scan on sbtest6  (cost=5.57..444.49 rows=111 width=125)
	  Recheck Cond: ((k >= 5654426) AND (k <= 5654526))
	  ->  Bitmap Index Scan on k_6  (cost=0.00..5.54 rows=111 width=0)
	        Index Cond: ((k >= 5654426) AND (k <= 5654526))

table 7 : explain SELECT k, c FROM sbtest7 WHERE k BETWEEN 5654426 AND 5654526
	Bitmap Heap Scan on sbtest7  (cost=5.43..389.37 rows=97 width=125)
	  Recheck Cond: ((k >= 5654426) AND (k <= 5654526))
	  ->  Bitmap Index Scan on k_7  (cost=0.00..5.40 rows=97 width=0)
	        Index Cond: ((k >= 5654426) AND (k <= 5654526))

table 8 : explain SELECT k, c FROM sbtest8 WHERE k BETWEEN 5654426 AND 5654526
	Bitmap Heap Scan on sbtest8  (cost=5.39..373.61 rows=93 width=125)
	  Recheck Cond: ((k >= 5654426) AND (k <= 5654526))
	  ->  Bitmap Index Scan on k_8  (cost=0.00..5.36 rows=93 width=0)
	        Index Cond: ((k >= 5654426) AND (k <= 5654526))

for range-notcovered
table 1 : explain SELECT k, c FROM sbtest1 WHERE k BETWEEN 3432958 AND 3433058
	Bitmap Heap Scan on sbtest1  (cost=5.44..393.31 rows=98 width=125)
	  Recheck Cond: ((k >= 3432958) AND (k <= 3433058))
	  ->  Bitmap Index Scan on k_1  (cost=0.00..5.42 rows=98 width=0)
	        Index Cond: ((k >= 3432958) AND (k <= 3433058))

table 2 : explain SELECT k, c FROM sbtest2 WHERE k BETWEEN 3432958 AND 3433058
	Bitmap Heap Scan on sbtest2  (cost=5.56..440.56 rows=110 width=125)
	  Recheck Cond: ((k >= 3432958) AND (k <= 3433058))
	  ->  Bitmap Index Scan on k_2  (cost=0.00..5.53 rows=110 width=0)
	        Index Cond: ((k >= 3432958) AND (k <= 3433058))

table 3 : explain SELECT k, c FROM sbtest3 WHERE k BETWEEN 3432958 AND 3433058
	Bitmap Heap Scan on sbtest3  (cost=5.45..397.25 rows=99 width=125)
	  Recheck Cond: ((k >= 3432958) AND (k <= 3433058))
	  ->  Bitmap Index Scan on k_3  (cost=0.00..5.42 rows=99 width=0)
	        Index Cond: ((k >= 3432958) AND (k <= 3433058))

table 4 : explain SELECT k, c FROM sbtest4 WHERE k BETWEEN 3432958 AND 3433058
	Bitmap Heap Scan on sbtest4  (cost=5.46..401.19 rows=100 width=125)
	  Recheck Cond: ((k >= 3432958) AND (k <= 3433058))
	  ->  Bitmap Index Scan on k_4  (cost=0.00..5.43 rows=100 width=0)
	        Index Cond: ((k >= 3432958) AND (k <= 3433058))

table 5 : explain SELECT k, c FROM sbtest5 WHERE k BETWEEN 3432958 AND 3433058
	Bitmap Heap Scan on sbtest5  (cost=5.55..436.62 rows=109 width=125)
	  Recheck Cond: ((k >= 3432958) AND (k <= 3433058))
	  ->  Bitmap Index Scan on k_5  (cost=0.00..5.52 rows=109 width=0)
	        Index Cond: ((k >= 3432958) AND (k <= 3433058))

table 6 : explain SELECT k, c FROM sbtest6 WHERE k BETWEEN 3432958 AND 3433058
	Bitmap Heap Scan on sbtest6  (cost=5.46..401.19 rows=100 width=125)
	  Recheck Cond: ((k >= 3432958) AND (k <= 3433058))
	  ->  Bitmap Index Scan on k_6  (cost=0.00..5.43 rows=100 width=0)
	        Index Cond: ((k >= 3432958) AND (k <= 3433058))

table 7 : explain SELECT k, c FROM sbtest7 WHERE k BETWEEN 3432958 AND 3433058
	Bitmap Heap Scan on sbtest7  (cost=5.43..389.37 rows=97 width=125)
	  Recheck Cond: ((k >= 3432958) AND (k <= 3433058))
	  ->  Bitmap Index Scan on k_7  (cost=0.00..5.40 rows=97 width=0)
	        Index Cond: ((k >= 3432958) AND (k <= 3433058))

table 8 : explain SELECT k, c FROM sbtest8 WHERE k BETWEEN 3432958 AND 3433058
	Bitmap Heap Scan on sbtest8  (cost=5.55..436.62 rows=109 width=125)
	  Recheck Cond: ((k >= 3432958) AND (k <= 3433058))
	  ->  Bitmap Index Scan on k_8  (cost=0.00..5.52 rows=109 width=0)
	        Index Cond: ((k >= 3432958) AND (k <= 3433058))

explain: for range-notcovered :: explain SELECT k, c FROM sbtest%d WHERE k BETWEEN 5654426 AND 5654526
for range-notcovered
table 1 : explain SELECT k, c FROM sbtest1 WHERE k BETWEEN 4754051 AND 4754151
	Bitmap Heap Scan on sbtest1  (cost=5.52..424.81 rows=106 width=125)
	  Recheck Cond: ((k >= 4754051) AND (k <= 4754151))
	  ->  Bitmap Index Scan on k_1  (cost=0.00..5.50 rows=106 width=0)
	        Index Cond: ((k >= 4754051) AND (k <= 4754151))

table 2 : explain SELECT k, c FROM sbtest2 WHERE k BETWEEN 4754051 AND 4754151
	Bitmap Heap Scan on sbtest2  (cost=5.61..460.22 rows=115 width=125)
	  Recheck Cond: ((k >= 4754051) AND (k <= 4754151))
	  ->  Bitmap Index Scan on k_2  (cost=0.00..5.58 rows=115 width=0)
	        Index Cond: ((k >= 4754051) AND (k <= 4754151))

table 3 : explain SELECT k, c FROM sbtest3 WHERE k BETWEEN 4754051 AND 4754151
	Bitmap Heap Scan on sbtest3  (cost=5.54..432.69 rows=108 width=125)
	  Recheck Cond: ((k >= 4754051) AND (k <= 4754151))
	  ->  Bitmap Index Scan on k_3  (cost=0.00..5.51 rows=108 width=0)
	        Index Cond: ((k >= 4754051) AND (k <= 4754151))

table 4 : explain SELECT k, c FROM sbtest4 WHERE k BETWEEN 4754051 AND 4754151
	Bitmap Heap Scan on sbtest4  (cost=5.57..444.49 rows=111 width=125)
	  Recheck Cond: ((k >= 4754051) AND (k <= 4754151))
	  ->  Bitmap Index Scan on k_4  (cost=0.00..5.54 rows=111 width=0)
	        Index Cond: ((k >= 4754051) AND (k <= 4754151))

table 5 : explain SELECT k, c FROM sbtest5 WHERE k BETWEEN 4754051 AND 4754151
	Bitmap Heap Scan on sbtest5  (cost=5.50..416.94 rows=104 width=125)
	  Recheck Cond: ((k >= 4754051) AND (k <= 4754151))
	  ->  Bitmap Index Scan on k_5  (cost=0.00..5.47 rows=104 width=0)
	        Index Cond: ((k >= 4754051) AND (k <= 4754151))

table 6 : explain SELECT k, c FROM sbtest6 WHERE k BETWEEN 4754051 AND 4754151
	Bitmap Heap Scan on sbtest6  (cost=5.45..397.25 rows=99 width=125)
	  Recheck Cond: ((k >= 4754051) AND (k <= 4754151))
	  ->  Bitmap Index Scan on k_6  (cost=0.00..5.42 rows=99 width=0)
	        Index Cond: ((k >= 4754051) AND (k <= 4754151))

table 7 : explain SELECT k, c FROM sbtest7 WHERE k BETWEEN 4754051 AND 4754151
	Bitmap Heap Scan on sbtest7  (cost=5.40..377.55 rows=94 width=125)
	  Recheck Cond: ((k >= 4754051) AND (k <= 4754151))
	  ->  Bitmap Index Scan on k_7  (cost=0.00..5.38 rows=94 width=0)
	        Index Cond: ((k >= 4754051) AND (k <= 4754151))

table 8 : explain SELECT k, c FROM sbtest8 WHERE k BETWEEN 4754051 AND 4754151
	Bitmap Heap Scan on sbtest8  (cost=5.58..448.42 rows=112 width=125)
	  Recheck Cond: ((k >= 4754051) AND (k <= 4754151))
	  ->  Bitmap Index Scan on k_8  (cost=0.00..5.55 rows=112 width=0)
	        Index Cond: ((k >= 4754051) AND (k <= 4754151))

for range-notcovered
table 1 : explain SELECT k, c FROM sbtest1 WHERE k BETWEEN 3976787 AND 3976887
	Bitmap Heap Scan on sbtest1  (cost=5.46..401.19 rows=100 width=125)
	  Recheck Cond: ((k >= 3976787) AND (k <= 3976887))
	  ->  Bitmap Index Scan on k_1  (cost=0.00..5.43 rows=100 width=0)
	        Index Cond: ((k >= 3976787) AND (k <= 3976887))

table 2 : explain SELECT k, c FROM sbtest2 WHERE k BETWEEN 3976787 AND 3976887
	Bitmap Heap Scan on sbtest2  (cost=5.44..393.31 rows=98 width=125)
	  Recheck Cond: ((k >= 3976787) AND (k <= 3976887))
	  ->  Bitmap Index Scan on k_2  (cost=0.00..5.42 rows=98 width=0)
	        Index Cond: ((k >= 3976787) AND (k <= 3976887))

table 3 : explain SELECT k, c FROM sbtest3 WHERE k BETWEEN 3976787 AND 3976887
	Bitmap Heap Scan on sbtest3  (cost=5.50..416.94 rows=104 width=125)
	  Recheck Cond: ((k >= 3976787) AND (k <= 3976887))
	  ->  Bitmap Index Scan on k_3  (cost=0.00..5.47 rows=104 width=0)
	        Index Cond: ((k >= 3976787) AND (k <= 3976887))

table 4 : explain SELECT k, c FROM sbtest4 WHERE k BETWEEN 3976787 AND 3976887
	Bitmap Heap Scan on sbtest4  (cost=5.52..424.81 rows=106 width=125)
	  Recheck Cond: ((k >= 3976787) AND (k <= 3976887))
	  ->  Bitmap Index Scan on k_4  (cost=0.00..5.50 rows=106 width=0)
	        Index Cond: ((k >= 3976787) AND (k <= 3976887))

table 5 : explain SELECT k, c FROM sbtest5 WHERE k BETWEEN 3976787 AND 3976887
	Bitmap Heap Scan on sbtest5  (cost=5.51..420.88 rows=105 width=125)
	  Recheck Cond: ((k >= 3976787) AND (k <= 3976887))
	  ->  Bitmap Index Scan on k_5  (cost=0.00..5.48 rows=105 width=0)
	        Index Cond: ((k >= 3976787) AND (k <= 3976887))

table 6 : explain SELECT k, c FROM sbtest6 WHERE k BETWEEN 3976787 AND 3976887
	Bitmap Heap Scan on sbtest6  (cost=5.46..401.19 rows=100 width=125)
	  Recheck Cond: ((k >= 3976787) AND (k <= 3976887))
	  ->  Bitmap Index Scan on k_6  (cost=0.00..5.43 rows=100 width=0)
	        Index Cond: ((k >= 3976787) AND (k <= 3976887))

table 7 : explain SELECT k, c FROM sbtest7 WHERE k BETWEEN 3976787 AND 3976887
	Bitmap Heap Scan on sbtest7  (cost=5.49..413.00 rows=103 width=125)
	  Recheck Cond: ((k >= 3976787) AND (k <= 3976887))
	  ->  Bitmap Index Scan on k_7  (cost=0.00..5.46 rows=103 width=0)
	        Index Cond: ((k >= 3976787) AND (k <= 3976887))

table 8 : explain SELECT k, c FROM sbtest8 WHERE k BETWEEN 3976787 AND 3976887
	Bitmap Heap Scan on sbtest8  (cost=5.39..373.61 rows=93 width=125)
	  Recheck Cond: ((k >= 3976787) AND (k <= 3976887))
	  ->  Bitmap Index Scan on k_8  (cost=0.00..5.36 rows=93 width=0)
	        Index Cond: ((k >= 3976787) AND (k <= 3976887))

explain: for range-notcovered :: explain SELECT k, c FROM sbtest%d WHERE k BETWEEN 3432958 AND 3433058
explain: for range-notcovered :: explain SELECT k, c FROM sbtest%d WHERE k BETWEEN 4754051 AND 4754151
explain: for range-notcovered :: explain SELECT k, c FROM sbtest%d WHERE k BETWEEN 3976787 AND 3976887
for range-notcovered
table 1 : explain SELECT k, c FROM sbtest1 WHERE k BETWEEN 5509788 AND 5509888
	Bitmap Heap Scan on sbtest1  (cost=5.45..397.25 rows=99 width=125)
	  Recheck Cond: ((k >= 5509788) AND (k <= 5509888))
	  ->  Bitmap Index Scan on k_1  (cost=0.00..5.42 rows=99 width=0)
	        Index Cond: ((k >= 5509788) AND (k <= 5509888))

table 2 : explain SELECT k, c FROM sbtest2 WHERE k BETWEEN 5509788 AND 5509888
	Bitmap Heap Scan on sbtest2  (cost=5.50..416.94 rows=104 width=125)
	  Recheck Cond: ((k >= 5509788) AND (k <= 5509888))
	  ->  Bitmap Index Scan on k_2  (cost=0.00..5.47 rows=104 width=0)
	        Index Cond: ((k >= 5509788) AND (k <= 5509888))

table 3 : explain SELECT k, c FROM sbtest3 WHERE k BETWEEN 5509788 AND 5509888
	Bitmap Heap Scan on sbtest3  (cost=5.46..401.19 rows=100 width=125)
	  Recheck Cond: ((k >= 5509788) AND (k <= 5509888))
	  ->  Bitmap Index Scan on k_3  (cost=0.00..5.43 rows=100 width=0)
	        Index Cond: ((k >= 5509788) AND (k <= 5509888))

table 4 : explain SELECT k, c FROM sbtest4 WHERE k BETWEEN 5509788 AND 5509888
	Bitmap Heap Scan on sbtest4  (cost=5.45..397.25 rows=99 width=125)
	  Recheck Cond: ((k >= 5509788) AND (k <= 5509888))
	  ->  Bitmap Index Scan on k_4  (cost=0.00..5.42 rows=99 width=0)
	        Index Cond: ((k >= 5509788) AND (k <= 5509888))

table 5 : explain SELECT k, c FROM sbtest5 WHERE k BETWEEN 5509788 AND 5509888
	Bitmap Heap Scan on sbtest5  (cost=5.48..409.07 rows=102 width=125)
	  Recheck Cond: ((k >= 5509788) AND (k <= 5509888))
	  ->  Bitmap Index Scan on k_5  (cost=0.00..5.45 rows=102 width=0)
	        Index Cond: ((k >= 5509788) AND (k <= 5509888))

table 6 : explain SELECT k, c FROM sbtest6 WHERE k BETWEEN 5509788 AND 5509888
	Bitmap Heap Scan on sbtest6  (cost=5.34..353.89 rows=88 width=125)
	  Recheck Cond: ((k >= 5509788) AND (k <= 5509888))
	  ->  Bitmap Index Scan on k_6  (cost=0.00..5.31 rows=88 width=0)
	        Index Cond: ((k >= 5509788) AND (k <= 5509888))

table 7 : explain SELECT k, c FROM sbtest7 WHERE k BETWEEN 5509788 AND 5509888
	Bitmap Heap Scan on sbtest7  (cost=5.52..424.81 rows=106 width=125)
	  Recheck Cond: ((k >= 5509788) AND (k <= 5509888))
	  ->  Bitmap Index Scan on k_7  (cost=0.00..5.50 rows=106 width=0)
	        Index Cond: ((k >= 5509788) AND (k <= 5509888))

table 8 : explain SELECT k, c FROM sbtest8 WHERE k BETWEEN 5509788 AND 5509888
	Bitmap Heap Scan on sbtest8  (cost=5.48..409.07 rows=102 width=125)
	  Recheck Cond: ((k >= 5509788) AND (k <= 5509888))
	  ->  Bitmap Index Scan on k_8  (cost=0.00..5.45 rows=102 width=0)
	        Index Cond: ((k >= 5509788) AND (k <= 5509888))

for range-notcovered
table 1 : explain SELECT k, c FROM sbtest1 WHERE k BETWEEN 5355576 AND 5355676
	Bitmap Heap Scan on sbtest1  (cost=5.42..385.43 rows=96 width=125)
	  Recheck Cond: ((k >= 5355576) AND (k <= 5355676))
	  ->  Bitmap Index Scan on k_1  (cost=0.00..5.39 rows=96 width=0)
	        Index Cond: ((k >= 5355576) AND (k <= 5355676))

table 2 : explain SELECT k, c FROM sbtest2 WHERE k BETWEEN 5355576 AND 5355676
	Bitmap Heap Scan on sbtest2  (cost=5.51..420.88 rows=105 width=125)
	  Recheck Cond: ((k >= 5355576) AND (k <= 5355676))
	  ->  Bitmap Index Scan on k_2  (cost=0.00..5.48 rows=105 width=0)
	        Index Cond: ((k >= 5355576) AND (k <= 5355676))

table 3 : explain SELECT k, c FROM sbtest3 WHERE k BETWEEN 5355576 AND 5355676
	Bitmap Heap Scan on sbtest3  (cost=5.55..436.62 rows=109 width=125)
	  Recheck Cond: ((k >= 5355576) AND (k <= 5355676))
	  ->  Bitmap Index Scan on k_3  (cost=0.00..5.52 rows=109 width=0)
	        Index Cond: ((k >= 5355576) AND (k <= 5355676))

table 4 : explain SELECT k, c FROM sbtest4 WHERE k BETWEEN 5355576 AND 5355676
	Bitmap Heap Scan on sbtest4  (cost=5.47..405.13 rows=101 width=125)
	  Recheck Cond: ((k >= 5355576) AND (k <= 5355676))
	  ->  Bitmap Index Scan on k_4  (cost=0.00..5.44 rows=101 width=0)
	        Index Cond: ((k >= 5355576) AND (k <= 5355676))

table 5 : explain SELECT k, c FROM sbtest5 WHERE k BETWEEN 5355576 AND 5355676
	Bitmap Heap Scan on sbtest5  (cost=5.57..444.49 rows=111 width=125)
	  Recheck Cond: ((k >= 5355576) AND (k <= 5355676))
	  ->  Bitmap Index Scan on k_5  (cost=0.00..5.54 rows=111 width=0)
	        Index Cond: ((k >= 5355576) AND (k <= 5355676))

table 6 : explain SELECT k, c FROM sbtest6 WHERE k BETWEEN 5355576 AND 5355676
	Bitmap Heap Scan on sbtest6  (cost=5.50..416.94 rows=104 width=125)
	  Recheck Cond: ((k >= 5355576) AND (k <= 5355676))
	  ->  Bitmap Index Scan on k_6  (cost=0.00..5.47 rows=104 width=0)
	        Index Cond: ((k >= 5355576) AND (k <= 5355676))

table 7 : explain SELECT k, c FROM sbtest7 WHERE k BETWEEN 5355576 AND 5355676
	Bitmap Heap Scan on sbtest7  (cost=5.44..393.31 rows=98 width=125)
	  Recheck Cond: ((k >= 5355576) AND (k <= 5355676))
	  ->  Bitmap Index Scan on k_7  (cost=0.00..5.42 rows=98 width=0)
	        Index Cond: ((k >= 5355576) AND (k <= 5355676))

table 8 : explain SELECT k, c FROM sbtest8 WHERE k BETWEEN 5355576 AND 5355676
	Bitmap Heap Scan on sbtest8  (cost=5.45..397.25 rows=99 width=125)
	  Recheck Cond: ((k >= 5355576) AND (k <= 5355676))
	  ->  Bitmap Index Scan on k_8  (cost=0.00..5.42 rows=99 width=0)
	        Index Cond: ((k >= 5355576) AND (k <= 5355676))

explain: for range-notcovered :: explain SELECT k, c FROM sbtest%d WHERE k BETWEEN 5509788 AND 5509888
explain: for range-notcovered :: explain SELECT k, c FROM sbtest%d WHERE k BETWEEN 5355576 AND 5355676
for range-notcovered
table 1 : explain SELECT k, c FROM sbtest1 WHERE k BETWEEN 3181595 AND 3181695
	Bitmap Heap Scan on sbtest1  (cost=5.40..377.55 rows=94 width=125)
	  Recheck Cond: ((k >= 3181595) AND (k <= 3181695))
	  ->  Bitmap Index Scan on k_1  (cost=0.00..5.38 rows=94 width=0)
	        Index Cond: ((k >= 3181595) AND (k <= 3181695))

table 2 : explain SELECT k, c FROM sbtest2 WHERE k BETWEEN 3181595 AND 3181695
	Bitmap Heap Scan on sbtest2  (cost=5.48..409.07 rows=102 width=125)
	  Recheck Cond: ((k >= 3181595) AND (k <= 3181695))
	  ->  Bitmap Index Scan on k_2  (cost=0.00..5.45 rows=102 width=0)
	        Index Cond: ((k >= 3181595) AND (k <= 3181695))

table 3 : explain SELECT k, c FROM sbtest3 WHERE k BETWEEN 3181595 AND 3181695
	Bitmap Heap Scan on sbtest3  (cost=5.44..393.31 rows=98 width=125)
	  Recheck Cond: ((k >= 3181595) AND (k <= 3181695))
	  ->  Bitmap Index Scan on k_3  (cost=0.00..5.42 rows=98 width=0)
	        Index Cond: ((k >= 3181595) AND (k <= 3181695))

table 4 : explain SELECT k, c FROM sbtest4 WHERE k BETWEEN 3181595 AND 3181695
	Bitmap Heap Scan on sbtest4  (cost=5.48..409.07 rows=102 width=125)
	  Recheck Cond: ((k >= 3181595) AND (k <= 3181695))
	  ->  Bitmap Index Scan on k_4  (cost=0.00..5.45 rows=102 width=0)
	        Index Cond: ((k >= 3181595) AND (k <= 3181695))

table 5 : explain SELECT k, c FROM sbtest5 WHERE k BETWEEN 3181595 AND 3181695
	Bitmap Heap Scan on sbtest5  (cost=5.45..397.25 rows=99 width=125)
	  Recheck Cond: ((k >= 3181595) AND (k <= 3181695))
	  ->  Bitmap Index Scan on k_5  (cost=0.00..5.42 rows=99 width=0)
	        Index Cond: ((k >= 3181595) AND (k <= 3181695))

table 6 : explain SELECT k, c FROM sbtest6 WHERE k BETWEEN 3181595 AND 3181695
	Bitmap Heap Scan on sbtest6  (cost=5.50..416.94 rows=104 width=125)
	  Recheck Cond: ((k >= 3181595) AND (k <= 3181695))
	  ->  Bitmap Index Scan on k_6  (cost=0.00..5.47 rows=104 width=0)
	        Index Cond: ((k >= 3181595) AND (k <= 3181695))

table 7 : explain SELECT k, c FROM sbtest7 WHERE k BETWEEN 3181595 AND 3181695
	Bitmap Heap Scan on sbtest7  (cost=5.34..353.89 rows=88 width=125)
	  Recheck Cond: ((k >= 3181595) AND (k <= 3181695))
	  ->  Bitmap Index Scan on k_7  (cost=0.00..5.31 rows=88 width=0)
	        Index Cond: ((k >= 3181595) AND (k <= 3181695))

table 8 : explain SELECT k, c FROM sbtest8 WHERE k BETWEEN 3181595 AND 3181695
	Bitmap Heap Scan on sbtest8  (cost=5.46..401.19 rows=100 width=125)
	  Recheck Cond: ((k >= 3181595) AND (k <= 3181695))
	  ->  Bitmap Index Scan on k_8  (cost=0.00..5.43 rows=100 width=0)
	        Index Cond: ((k >= 3181595) AND (k <= 3181695))

explain: for range-notcovered :: explain SELECT k, c FROM sbtest%d WHERE k BETWEEN 3181595 AND 3181695
for range-notcovered
table 1 : explain SELECT k, c FROM sbtest1 WHERE k BETWEEN 5369804 AND 5369904
	Bitmap Heap Scan on sbtest1  (cost=5.42..385.43 rows=96 width=125)
	  Recheck Cond: ((k >= 5369804) AND (k <= 5369904))
	  ->  Bitmap Index Scan on k_1  (cost=0.00..5.39 rows=96 width=0)
	        Index Cond: ((k >= 5369804) AND (k <= 5369904))

table 2 : explain SELECT k, c FROM sbtest2 WHERE k BETWEEN 5369804 AND 5369904
	Bitmap Heap Scan on sbtest2  (cost=5.51..420.88 rows=105 width=125)
	  Recheck Cond: ((k >= 5369804) AND (k <= 5369904))
	  ->  Bitmap Index Scan on k_2  (cost=0.00..5.48 rows=105 width=0)
	        Index Cond: ((k >= 5369804) AND (k <= 5369904))

table 3 : explain SELECT k, c FROM sbtest3 WHERE k BETWEEN 5369804 AND 5369904
	Bitmap Heap Scan on sbtest3  (cost=5.55..436.62 rows=109 width=125)
	  Recheck Cond: ((k >= 5369804) AND (k <= 5369904))
	  ->  Bitmap Index Scan on k_3  (cost=0.00..5.52 rows=109 width=0)
	        Index Cond: ((k >= 5369804) AND (k <= 5369904))

table 4 : explain SELECT k, c FROM sbtest4 WHERE k BETWEEN 5369804 AND 5369904
	Bitmap Heap Scan on sbtest4  (cost=5.47..405.13 rows=101 width=125)
	  Recheck Cond: ((k >= 5369804) AND (k <= 5369904))
	  ->  Bitmap Index Scan on k_4  (cost=0.00..5.44 rows=101 width=0)
	        Index Cond: ((k >= 5369804) AND (k <= 5369904))

table 5 : explain SELECT k, c FROM sbtest5 WHERE k BETWEEN 5369804 AND 5369904
	Bitmap Heap Scan on sbtest5  (cost=5.57..444.49 rows=111 width=125)
	  Recheck Cond: ((k >= 5369804) AND (k <= 5369904))
	  ->  Bitmap Index Scan on k_5  (cost=0.00..5.54 rows=111 width=0)
	        Index Cond: ((k >= 5369804) AND (k <= 5369904))

table 6 : explain SELECT k, c FROM sbtest6 WHERE k BETWEEN 5369804 AND 5369904
	Bitmap Heap Scan on sbtest6  (cost=5.50..416.94 rows=104 width=125)
	  Recheck Cond: ((k >= 5369804) AND (k <= 5369904))
	  ->  Bitmap Index Scan on k_6  (cost=0.00..5.47 rows=104 width=0)
	        Index Cond: ((k >= 5369804) AND (k <= 5369904))

table 7 : explain SELECT k, c FROM sbtest7 WHERE k BETWEEN 5369804 AND 5369904
	Bitmap Heap Scan on sbtest7  (cost=5.44..393.31 rows=98 width=125)
	  Recheck Cond: ((k >= 5369804) AND (k <= 5369904))
	  ->  Bitmap Index Scan on k_7  (cost=0.00..5.42 rows=98 width=0)
	        Index Cond: ((k >= 5369804) AND (k <= 5369904))

table 8 : explain SELECT k, c FROM sbtest8 WHERE k BETWEEN 5369804 AND 5369904
	Bitmap Heap Scan on sbtest8  (cost=5.45..397.25 rows=99 width=125)
	  Recheck Cond: ((k >= 5369804) AND (k <= 5369904))
	  ->  Bitmap Index Scan on k_8  (cost=0.00..5.42 rows=99 width=0)
	        Index Cond: ((k >= 5369804) AND (k <= 5369904))

for range-notcovered
table 1 : explain SELECT k, c FROM sbtest1 WHERE k BETWEEN 6740123 AND 6740223
	Bitmap Heap Scan on sbtest1  (cost=5.52..424.81 rows=106 width=125)
	  Recheck Cond: ((k >= 6740123) AND (k <= 6740223))
	  ->  Bitmap Index Scan on k_1  (cost=0.00..5.50 rows=106 width=0)
	        Index Cond: ((k >= 6740123) AND (k <= 6740223))

table 2 : explain SELECT k, c FROM sbtest2 WHERE k BETWEEN 6740123 AND 6740223
	Bitmap Heap Scan on sbtest2  (cost=5.42..385.43 rows=96 width=125)
	  Recheck Cond: ((k >= 6740123) AND (k <= 6740223))
	  ->  Bitmap Index Scan on k_2  (cost=0.00..5.39 rows=96 width=0)
	        Index Cond: ((k >= 6740123) AND (k <= 6740223))

table 3 : explain SELECT k, c FROM sbtest3 WHERE k BETWEEN 6740123 AND 6740223
	Bitmap Heap Scan on sbtest3  (cost=5.43..389.37 rows=97 width=125)
	  Recheck Cond: ((k >= 6740123) AND (k <= 6740223))
	  ->  Bitmap Index Scan on k_3  (cost=0.00..5.40 rows=97 width=0)
	        Index Cond: ((k >= 6740123) AND (k <= 6740223))

table 4 : explain SELECT k, c FROM sbtest4 WHERE k BETWEEN 6740123 AND 6740223
	Bitmap Heap Scan on sbtest4  (cost=5.53..428.75 rows=107 width=125)
	  Recheck Cond: ((k >= 6740123) AND (k <= 6740223))
	  ->  Bitmap Index Scan on k_4  (cost=0.00..5.50 rows=107 width=0)
	        Index Cond: ((k >= 6740123) AND (k <= 6740223))

table 5 : explain SELECT k, c FROM sbtest5 WHERE k BETWEEN 6740123 AND 6740223
	Bitmap Heap Scan on sbtest5  (cost=5.32..346.00 rows=86 width=125)
	  Recheck Cond: ((k >= 6740123) AND (k <= 6740223))
	  ->  Bitmap Index Scan on k_5  (cost=0.00..5.29 rows=86 width=0)
	        Index Cond: ((k >= 6740123) AND (k <= 6740223))

table 6 : explain SELECT k, c FROM sbtest6 WHERE k BETWEEN 6740123 AND 6740223
	Bitmap Heap Scan on sbtest6  (cost=5.44..393.31 rows=98 width=125)
	  Recheck Cond: ((k >= 6740123) AND (k <= 6740223))
	  ->  Bitmap Index Scan on k_6  (cost=0.00..5.42 rows=98 width=0)
	        Index Cond: ((k >= 6740123) AND (k <= 6740223))

table 7 : explain SELECT k, c FROM sbtest7 WHERE k BETWEEN 6740123 AND 6740223
	Bitmap Heap Scan on sbtest7  (cost=5.45..397.25 rows=99 width=125)
	  Recheck Cond: ((k >= 6740123) AND (k <= 6740223))
	  ->  Bitmap Index Scan on k_7  (cost=0.00..5.42 rows=99 width=0)
	        Index Cond: ((k >= 6740123) AND (k <= 6740223))

table 8 : explain SELECT k, c FROM sbtest8 WHERE k BETWEEN 6740123 AND 6740223
	Bitmap Heap Scan on sbtest8  (cost=5.47..405.13 rows=101 width=125)
	  Recheck Cond: ((k >= 6740123) AND (k <= 6740223))
	  ->  Bitmap Index Scan on k_8  (cost=0.00..5.44 rows=101 width=0)
	        Index Cond: ((k >= 6740123) AND (k <= 6740223))

explain: for range-notcovered :: explain SELECT k, c FROM sbtest%d WHERE k BETWEEN 5369804 AND 5369904for range-notcovered
table 1 : explain SELECT k, c FROM sbtest1 WHERE k BETWEEN 5654426 AND 5654526
	Bitmap Heap Scan on sbtest1  (cost=5.54..432.69 rows=108 width=125)
	  Recheck Cond: ((k >= 5654426) AND (k <= 5654526))
	  ->  Bitmap Index Scan on k_1  (cost=0.00..5.51 rows=108 width=0)
	        Index Cond: ((k >= 5654426) AND (k <= 5654526))

table 2 : explain SELECT k, c FROM sbtest2 WHERE k BETWEEN 5654426 AND 5654526
	Bitmap Heap Scan on sbtest2  (cost=5.48..409.07 rows=102 width=125)
	  Recheck Cond: ((k >= 5654426) AND (k <= 5654526))
	  ->  Bitmap Index Scan on k_2  (cost=0.00..5.45 rows=102 width=0)
	        Index Cond: ((k >= 5654426) AND (k <= 5654526))

table 3 : explain SELECT k, c FROM sbtest3 WHERE k BETWEEN 5654426 AND 5654526
	Bitmap Heap Scan on sbtest3  (cost=5.52..424.81 rows=106 width=125)
	  Recheck Cond: ((k >= 5654426) AND (k <= 5654526))
	  ->  Bitmap Index Scan on k_3  (cost=0.00..5.50 rows=106 width=0)
	        Index Cond: ((k >= 5654426) AND (k <= 5654526))

table 4 : explain SELECT k, c FROM sbtest4 WHERE k BETWEEN 5654426 AND 5654526
	Bitmap Heap Scan on sbtest4  (cost=5.51..420.88 rows=105 width=125)
	  Recheck Cond: ((k >= 5654426) AND (k <= 5654526))
	  ->  Bitmap Index Scan on k_4  (cost=0.00..5.48 rows=105 width=0)
	        Index Cond: ((k >= 5654426) AND (k <= 5654526))

table 5 : explain SELECT k, c FROM sbtest5 WHERE k BETWEEN 5654426 AND 5654526
	Bitmap Heap Scan on sbtest5  (cost=5.68..483.81 rows=121 width=125)
	  Recheck Cond: ((k >= 5654426) AND (k <= 5654526))
	  ->  Bitmap Index Scan on k_5  (cost=0.00..5.64 rows=121 width=0)
	        Index Cond: ((k >= 5654426) AND (k <= 5654526))

table 6 : explain SELECT k, c FROM sbtest6 WHERE k BETWEEN 5654426 AND 5654526
	Bitmap Heap Scan on sbtest6  (cost=5.57..444.49 rows=111 width=125)
	  Recheck Cond: ((k >= 5654426) AND (k <= 5654526))
	  ->  Bitmap Index Scan on k_6  (cost=0.00..5.54 rows=111 width=0)
	        Index Cond: ((k >= 5654426) AND (k <= 5654526))

table 7 : explain SELECT k, c FROM sbtest7 WHERE k BETWEEN 5654426 AND 5654526
	Bitmap Heap Scan on sbtest7  (cost=5.43..389.37 rows=97 width=125)
	  Recheck Cond: ((k >= 5654426) AND (k <= 5654526))
	  ->  Bitmap Index Scan on k_7  (cost=0.00..5.40 rows=97 width=0)
	        Index Cond: ((k >= 5654426) AND (k <= 5654526))

table 8 : explain SELECT k, c FROM sbtest8 WHERE k BETWEEN 5654426 AND 5654526
	Bitmap Heap Scan on sbtest8  (cost=5.39..373.61 rows=93 width=125)
	  Recheck Cond: ((k >= 5654426) AND (k <= 5654526))
	  ->  Bitmap Index Scan on k_8  (cost=0.00..5.36 rows=93 width=0)
	        Index Cond: ((k >= 5654426) AND (k <= 5654526))


for range-notcovered
table 1 : explain SELECT k, c FROM sbtest1 WHERE k BETWEEN 3432958 AND 3433058
	Bitmap Heap Scan on sbtest1  (cost=5.44..393.31 rows=98 width=125)
	  Recheck Cond: ((k >= 3432958) AND (k <= 3433058))
	  ->  Bitmap Index Scan on k_1  (cost=0.00..5.42 rows=98 width=0)
	        Index Cond: ((k >= 3432958) AND (k <= 3433058))

table 2 : explain SELECT k, c FROM sbtest2 WHERE k BETWEEN 3432958 AND 3433058
	Bitmap Heap Scan on sbtest2  (cost=5.56..440.56 rows=110 width=125)
	  Recheck Cond: ((k >= 3432958) AND (k <= 3433058))
	  ->  Bitmap Index Scan on k_2  (cost=0.00..5.53 rows=110 width=0)
	        Index Cond: ((k >= 3432958) AND (k <= 3433058))

table 3 : explain SELECT k, c FROM sbtest3 WHERE k BETWEEN 3432958 AND 3433058
	Bitmap Heap Scan on sbtest3  (cost=5.45..397.25 rows=99 width=125)
	  Recheck Cond: ((k >= 3432958) AND (k <= 3433058))
	  ->  Bitmap Index Scan on k_3  (cost=0.00..5.42 rows=99 width=0)
	        Index Cond: ((k >= 3432958) AND (k <= 3433058))

table 4 : explain SELECT k, c FROM sbtest4 WHERE k BETWEEN 3432958 AND 3433058
	Bitmap Heap Scan on sbtest4  (cost=5.46..401.19 rows=100 width=125)
	  Recheck Cond: ((k >= 3432958) AND (k <= 3433058))
	  ->  Bitmap Index Scan on k_4  (cost=0.00..5.43 rows=100 width=0)
	        Index Cond: ((k >= 3432958) AND (k <= 3433058))

table 5 : explain SELECT k, c FROM sbtest5 WHERE k BETWEEN 3432958 AND 3433058
	Bitmap Heap Scan on sbtest5  (cost=5.55..436.62 rows=109 width=125)
	  Recheck Cond: ((k >= 3432958) AND (k <= 3433058))
	  ->  Bitmap Index Scan on k_5  (cost=0.00..5.52 rows=109 width=0)
	        Index Cond: ((k >= 3432958) AND (k <= 3433058))

table 6 : explain SELECT k, c FROM sbtest6 WHERE k BETWEEN 3432958 AND 3433058
	Bitmap Heap Scan on sbtest6  (cost=5.46..401.19 rows=100 width=125)
	  Recheck Cond: ((k >= 3432958) AND (k <= 3433058))
	  ->  Bitmap Index Scan on k_6  (cost=0.00..5.43 rows=100 width=0)
	        Index Cond: ((k >= 3432958) AND (k <= 3433058))

table 7 : explain SELECT k, c FROM sbtest7 WHERE k BETWEEN 3432958 AND 3433058
	Bitmap Heap Scan on sbtest7  (cost=5.43..389.37 rows=97 width=125)
	  Recheck Cond: ((k >= 3432958) AND (k <= 3433058))
	  ->  Bitmap Index Scan on k_7  (cost=0.00..5.40 rows=97 width=0)
	        Index Cond: ((k >= 3432958) AND (k <= 3433058))

table 8 : explain SELECT k, c FROM sbtest8 WHERE k BETWEEN 3432958 AND 3433058
	Bitmap Heap Scan on sbtest8  (cost=5.55..436.62 rows=109 width=125)
	  Recheck Cond: ((k >= 3432958) AND (k <= 3433058))
	  ->  Bitmap Index Scan on k_8  (cost=0.00..5.52 rows=109 width=0)
	        Index Cond: ((k >= 3432958) AND (k <= 3433058))

explain: for range-notcovered :: explain SELECT k, c FROM sbtest%d WHERE k BETWEEN 6740123 AND 6740223
for range-notcovered
table 1 : explain SELECT k, c FROM sbtest1 WHERE k BETWEEN 4754051 AND 4754151
	Bitmap Heap Scan on sbtest1  (cost=5.52..424.81 rows=106 width=125)
	  Recheck Cond: ((k >= 4754051) AND (k <= 4754151))
	  ->  Bitmap Index Scan on k_1  (cost=0.00..5.50 rows=106 width=0)
	        Index Cond: ((k >= 4754051) AND (k <= 4754151))

table 2 : explain SELECT k, c FROM sbtest2 WHERE k BETWEEN 4754051 AND 4754151
	Bitmap Heap Scan on sbtest2  (cost=5.61..460.22 rows=115 width=125)
	  Recheck Cond: ((k >= 4754051) AND (k <= 4754151))
	  ->  Bitmap Index Scan on k_2  (cost=0.00..5.58 rows=115 width=0)
	        Index Cond: ((k >= 4754051) AND (k <= 4754151))

table 3 : explain SELECT k, c FROM sbtest3 WHERE k BETWEEN 4754051 AND 4754151
	Bitmap Heap Scan on sbtest3  (cost=5.54..432.69 rows=108 width=125)
	  Recheck Cond: ((k >= 4754051) AND (k <= 4754151))
	  ->  Bitmap Index Scan on k_3  (cost=0.00..5.51 rows=108 width=0)
	        Index Cond: ((k >= 4754051) AND (k <= 4754151))

table 4 : explain SELECT k, c FROM sbtest4 WHERE k BETWEEN 4754051 AND 4754151
	Bitmap Heap Scan on sbtest4  (cost=5.57..444.49 rows=111 width=125)
	  Recheck Cond: ((k >= 4754051) AND (k <= 4754151))
	  ->  Bitmap Index Scan on k_4  (cost=0.00..5.54 rows=111 width=0)
	        Index Cond: ((k >= 4754051) AND (k <= 4754151))

table 5 : explain SELECT k, c FROM sbtest5 WHERE k BETWEEN 4754051 AND 4754151
	Bitmap Heap Scan on sbtest5  (cost=5.50..416.94 rows=104 width=125)
	  Recheck Cond: ((k >= 4754051) AND (k <= 4754151))
	  ->  Bitmap Index Scan on k_5  (cost=0.00..5.47 rows=104 width=0)
	        Index Cond: ((k >= 4754051) AND (k <= 4754151))

table 6 : explain SELECT k, c FROM sbtest6 WHERE k BETWEEN 4754051 AND 4754151
	Bitmap Heap Scan on sbtest6  (cost=5.45..397.25 rows=99 width=125)
	  Recheck Cond: ((k >= 4754051) AND (k <= 4754151))
	  ->  Bitmap Index Scan on k_6  (cost=0.00..5.42 rows=99 width=0)
	        Index Cond: ((k >= 4754051) AND (k <= 4754151))

table 7 : explain SELECT k, c FROM sbtest7 WHERE k BETWEEN 4754051 AND 4754151
	Bitmap Heap Scan on sbtest7  (cost=5.40..377.55 rows=94 width=125)
	  Recheck Cond: ((k >= 4754051) AND (k <= 4754151))
	  ->  Bitmap Index Scan on k_7  (cost=0.00..5.38 rows=94 width=0)
	        Index Cond: ((k >= 4754051) AND (k <= 4754151))

table 8 : explain SELECT k, c FROM sbtest8 WHERE k BETWEEN 4754051 AND 4754151
	Bitmap Heap Scan on sbtest8  (cost=5.58..448.42 rows=112 width=125)
	  Recheck Cond: ((k >= 4754051) AND (k <= 4754151))
	  ->  Bitmap Index Scan on k_8  (cost=0.00..5.55 rows=112 width=0)
	        Index Cond: ((k >= 4754051) AND (k <= 4754151))

for range-notcovered
table 1 : explain SELECT k, c FROM sbtest1 WHERE k BETWEEN 3976787 AND 3976887
	Bitmap Heap Scan on sbtest1  (cost=5.46..401.19 rows=100 width=125)
	  Recheck Cond: ((k >= 3976787) AND (k <= 3976887))
	  ->  Bitmap Index Scan on k_1  (cost=0.00..5.43 rows=100 width=0)
	        Index Cond: ((k >= 3976787) AND (k <= 3976887))

table 2 : explain SELECT k, c FROM sbtest2 WHERE k BETWEEN 3976787 AND 3976887
	Bitmap Heap Scan on sbtest2  (cost=5.44..393.31 rows=98 width=125)
	  Recheck Cond: ((k >= 3976787) AND (k <= 3976887))
	  ->  Bitmap Index Scan on k_2  (cost=0.00..5.42 rows=98 width=0)
	        Index Cond: ((k >= 3976787) AND (k <= 3976887))

table 3 : explain SELECT k, c FROM sbtest3 WHERE k BETWEEN 3976787 AND 3976887
	Bitmap Heap Scan on sbtest3  (cost=5.50..416.94 rows=104 width=125)
	  Recheck Cond: ((k >= 3976787) AND (k <= 3976887))
	  ->  Bitmap Index Scan on k_3  (cost=0.00..5.47 rows=104 width=0)
	        Index Cond: ((k >= 3976787) AND (k <= 3976887))

table 4 : explain SELECT k, c FROM sbtest4 WHERE k BETWEEN 3976787 AND 3976887
	Bitmap Heap Scan on sbtest4  (cost=5.52..424.81 rows=106 width=125)
	  Recheck Cond: ((k >= 3976787) AND (k <= 3976887))
	  ->  Bitmap Index Scan on k_4  (cost=0.00..5.50 rows=106 width=0)
	        Index Cond: ((k >= 3976787) AND (k <= 3976887))

table 5 : explain SELECT k, c FROM sbtest5 WHERE k BETWEEN 3976787 AND 3976887
	Bitmap Heap Scan on sbtest5  (cost=5.51..420.88 rows=105 width=125)
	  Recheck Cond: ((k >= 3976787) AND (k <= 3976887))
	  ->  Bitmap Index Scan on k_5  (cost=0.00..5.48 rows=105 width=0)
	        Index Cond: ((k >= 3976787) AND (k <= 3976887))

table 6 : explain SELECT k, c FROM sbtest6 WHERE k BETWEEN 3976787 AND 3976887
	Bitmap Heap Scan on sbtest6  (cost=5.46..401.19 rows=100 width=125)
	  Recheck Cond: ((k >= 3976787) AND (k <= 3976887))
	  ->  Bitmap Index Scan on k_6  (cost=0.00..5.43 rows=100 width=0)
	        Index Cond: ((k >= 3976787) AND (k <= 3976887))

table 7 : explain SELECT k, c FROM sbtest7 WHERE k BETWEEN 3976787 AND 3976887
	Bitmap Heap Scan on sbtest7  (cost=5.49..413.00 rows=103 width=125)
	  Recheck Cond: ((k >= 3976787) AND (k <= 3976887))
	  ->  Bitmap Index Scan on k_7  (cost=0.00..5.46 rows=103 width=0)
	        Index Cond: ((k >= 3976787) AND (k <= 3976887))

table 8 : explain SELECT k, c FROM sbtest8 WHERE k BETWEEN 3976787 AND 3976887
	Bitmap Heap Scan on sbtest8  (cost=5.39..373.61 rows=93 width=125)
	  Recheck Cond: ((k >= 3976787) AND (k <= 3976887))
	  ->  Bitmap Index Scan on k_8  (cost=0.00..5.36 rows=93 width=0)
	        Index Cond: ((k >= 3976787) AND (k <= 3976887))

explain: for range-notcovered :: explain SELECT k, c FROM sbtest%d WHERE k BETWEEN 3432958 AND 3433058
for range-notcovered
table 1 : explain SELECT k, c FROM sbtest1 WHERE k BETWEEN 8071975 AND 8072075
	Bitmap Heap Scan on sbtest1  (cost=5.53..428.75 rows=107 width=125)
	  Recheck Cond: ((k >= 8071975) AND (k <= 8072075))
	  ->  Bitmap Index Scan on k_1  (cost=0.00..5.50 rows=107 width=0)
	        Index Cond: ((k >= 8071975) AND (k <= 8072075))

table 2 : explain SELECT k, c FROM sbtest2 WHERE k BETWEEN 8071975 AND 8072075
	Bitmap Heap Scan on sbtest2  (cost=5.51..420.88 rows=105 width=125)
	  Recheck Cond: ((k >= 8071975) AND (k <= 8072075))
	  ->  Bitmap Index Scan on k_2  (cost=0.00..5.48 rows=105 width=0)
	        Index Cond: ((k >= 8071975) AND (k <= 8072075))

table 3 : explain SELECT k, c FROM sbtest3 WHERE k BETWEEN 8071975 AND 8072075
	Bitmap Heap Scan on sbtest3  (cost=5.45..397.25 rows=99 width=125)
	  Recheck Cond: ((k >= 8071975) AND (k <= 8072075))
	  ->  Bitmap Index Scan on k_3  (cost=0.00..5.42 rows=99 width=0)
	        Index Cond: ((k >= 8071975) AND (k <= 8072075))

table 4 : explain SELECT k, c FROM sbtest4 WHERE k BETWEEN 8071975 AND 8072075
	Bitmap Heap Scan on sbtest4  (cost=5.40..377.55 rows=94 width=125)
	  Recheck Cond: ((k >= 8071975) AND (k <= 8072075))
	  ->  Bitmap Index Scan on k_4  (cost=0.00..5.38 rows=94 width=0)
	        Index Cond: ((k >= 8071975) AND (k <= 8072075))

table 5 : explain SELECT k, c FROM sbtest5 WHERE k BETWEEN 8071975 AND 8072075
	Bitmap Heap Scan on sbtest5  (cost=5.56..440.56 rows=110 width=125)
	  Recheck Cond: ((k >= 8071975) AND (k <= 8072075))
	  ->  Bitmap Index Scan on k_5  (cost=0.00..5.53 rows=110 width=0)
	        Index Cond: ((k >= 8071975) AND (k <= 8072075))

table 6 : explain SELECT k, c FROM sbtest6 WHERE k BETWEEN 8071975 AND 8072075
	Bitmap Heap Scan on sbtest6  (cost=5.58..448.42 rows=112 width=125)
	  Recheck Cond: ((k >= 8071975) AND (k <= 8072075))
	  ->  Bitmap Index Scan on k_6  (cost=0.00..5.55 rows=112 width=0)
	        Index Cond: ((k >= 8071975) AND (k <= 8072075))

table 7 : explain SELECT k, c FROM sbtest7 WHERE k BETWEEN 8071975 AND 8072075
	Bitmap Heap Scan on sbtest7  (cost=5.47..405.13 rows=101 width=125)
	  Recheck Cond: ((k >= 8071975) AND (k <= 8072075))
	  ->  Bitmap Index Scan on k_7  (cost=0.00..5.44 rows=101 width=0)
	        Index Cond: ((k >= 8071975) AND (k <= 8072075))

table 8 : explain SELECT k, c FROM sbtest8 WHERE k BETWEEN 8071975 AND 8072075
	Bitmap Heap Scan on sbtest8  (cost=5.60..456.29 rows=114 width=125)
	  Recheck Cond: ((k >= 8071975) AND (k <= 8072075))
	  ->  Bitmap Index Scan on k_8  (cost=0.00..5.58 rows=114 width=0)
	        Index Cond: ((k >= 8071975) AND (k <= 8072075))

explain: for range-notcovered :: explain SELECT k, c FROM sbtest%d WHERE k BETWEEN 4754051 AND 4754151
for range-notcovered
table 1 : explain SELECT k, c FROM sbtest1 WHERE k BETWEEN 5355576 AND 5355676
	Bitmap Heap Scan on sbtest1  (cost=5.42..385.43 rows=96 width=125)
	  Recheck Cond: ((k >= 5355576) AND (k <= 5355676))
	  ->  Bitmap Index Scan on k_1  (cost=0.00..5.39 rows=96 width=0)
	        Index Cond: ((k >= 5355576) AND (k <= 5355676))

table 2 : explain SELECT k, c FROM sbtest2 WHERE k BETWEEN 5355576 AND 5355676
	Bitmap Heap Scan on sbtest2  (cost=5.51..420.88 rows=105 width=125)
	  Recheck Cond: ((k >= 5355576) AND (k <= 5355676))
	  ->  Bitmap Index Scan on k_2  (cost=0.00..5.48 rows=105 width=0)
	        Index Cond: ((k >= 5355576) AND (k <= 5355676))

table 3 : explain SELECT k, c FROM sbtest3 WHERE k BETWEEN 5355576 AND 5355676
	Bitmap Heap Scan on sbtest3  (cost=5.55..436.62 rows=109 width=125)
	  Recheck Cond: ((k >= 5355576) AND (k <= 5355676))
	  ->  Bitmap Index Scan on k_3  (cost=0.00..5.52 rows=109 width=0)
	        Index Cond: ((k >= 5355576) AND (k <= 5355676))

table 4 : explain SELECT k, c FROM sbtest4 WHERE k BETWEEN 5355576 AND 5355676
	Bitmap Heap Scan on sbtest4  (cost=5.47..405.13 rows=101 width=125)
	  Recheck Cond: ((k >= 5355576) AND (k <= 5355676))
	  ->  Bitmap Index Scan on k_4  (cost=0.00..5.44 rows=101 width=0)
	        Index Cond: ((k >= 5355576) AND (k <= 5355676))

table 5 : explain SELECT k, c FROM sbtest5 WHERE k BETWEEN 5355576 AND 5355676
	Bitmap Heap Scan on sbtest5  (cost=5.57..444.49 rows=111 width=125)
	  Recheck Cond: ((k >= 5355576) AND (k <= 5355676))
	  ->  Bitmap Index Scan on k_5  (cost=0.00..5.54 rows=111 width=0)
	        Index Cond: ((k >= 5355576) AND (k <= 5355676))

table 6 : explain SELECT k, c FROM sbtest6 WHERE k BETWEEN 5355576 AND 5355676
	Bitmap Heap Scan on sbtest6  (cost=5.50..416.94 rows=104 width=125)
	  Recheck Cond: ((k >= 5355576) AND (k <= 5355676))
	  ->  Bitmap Index Scan on k_6  (cost=0.00..5.47 rows=104 width=0)
	        Index Cond: ((k >= 5355576) AND (k <= 5355676))

table 7 : explain SELECT k, c FROM sbtest7 WHERE k BETWEEN 5355576 AND 5355676
	Bitmap Heap Scan on sbtest7  (cost=5.44..393.31 rows=98 width=125)
	  Recheck Cond: ((k >= 5355576) AND (k <= 5355676))
	  ->  Bitmap Index Scan on k_7  (cost=0.00..5.42 rows=98 width=0)
	        Index Cond: ((k >= 5355576) AND (k <= 5355676))

table 8 : explain SELECT k, c FROM sbtest8 WHERE k BETWEEN 5355576 AND 5355676
	Bitmap Heap Scan on sbtest8  (cost=5.45..397.25 rows=99 width=125)
	  Recheck Cond: ((k >= 5355576) AND (k <= 5355676))
	  ->  Bitmap Index Scan on k_8  (cost=0.00..5.42 rows=99 width=0)
	        Index Cond: ((k >= 5355576) AND (k <= 5355676))

for range-notcovered
table 1 : explain SELECT k, c FROM sbtest1 WHERE k BETWEEN 3181595 AND 3181695
	Bitmap Heap Scan on sbtest1  (cost=5.40..377.55 rows=94 width=125)
	  Recheck Cond: ((k >= 3181595) AND (k <= 3181695))
	  ->  Bitmap Index Scan on k_1  (cost=0.00..5.38 rows=94 width=0)
	        Index Cond: ((k >= 3181595) AND (k <= 3181695))

table 2 : explain SELECT k, c FROM sbtest2 WHERE k BETWEEN 3181595 AND 3181695
	Bitmap Heap Scan on sbtest2  (cost=5.48..409.07 rows=102 width=125)
	  Recheck Cond: ((k >= 3181595) AND (k <= 3181695))
	  ->  Bitmap Index Scan on k_2  (cost=0.00..5.45 rows=102 width=0)
	        Index Cond: ((k >= 3181595) AND (k <= 3181695))

table 3 : explain SELECT k, c FROM sbtest3 WHERE k BETWEEN 3181595 AND 3181695
	Bitmap Heap Scan on sbtest3  (cost=5.44..393.31 rows=98 width=125)
	  Recheck Cond: ((k >= 3181595) AND (k <= 3181695))
	  ->  Bitmap Index Scan on k_3  (cost=0.00..5.42 rows=98 width=0)
	        Index Cond: ((k >= 3181595) AND (k <= 3181695))

table 4 : explain SELECT k, c FROM sbtest4 WHERE k BETWEEN 3181595 AND 3181695
	Bitmap Heap Scan on sbtest4  (cost=5.48..409.07 rows=102 width=125)
	  Recheck Cond: ((k >= 3181595) AND (k <= 3181695))
	  ->  Bitmap Index Scan on k_4  (cost=0.00..5.45 rows=102 width=0)
	        Index Cond: ((k >= 3181595) AND (k <= 3181695))

table 5 : explain SELECT k, c FROM sbtest5 WHERE k BETWEEN 3181595 AND 3181695
	Bitmap Heap Scan on sbtest5  (cost=5.45..397.25 rows=99 width=125)
	  Recheck Cond: ((k >= 3181595) AND (k <= 3181695))
	  ->  Bitmap Index Scan on k_5  (cost=0.00..5.42 rows=99 width=0)
	        Index Cond: ((k >= 3181595) AND (k <= 3181695))

table 6 : explain SELECT k, c FROM sbtest6 WHERE k BETWEEN 3181595 AND 3181695
	Bitmap Heap Scan on sbtest6  (cost=5.50..416.94 rows=104 width=125)
	  Recheck Cond: ((k >= 3181595) AND (k <= 3181695))
	  ->  Bitmap Index Scan on k_6  (cost=0.00..5.47 rows=104 width=0)
	        Index Cond: ((k >= 3181595) AND (k <= 3181695))

table 7 : explain SELECT k, c FROM sbtest7 WHERE k BETWEEN 3181595 AND 3181695
	Bitmap Heap Scan on sbtest7  (cost=5.34..353.89 rows=88 width=125)
	  Recheck Cond: ((k >= 3181595) AND (k <= 3181695))
	  ->  Bitmap Index Scan on k_7  (cost=0.00..5.31 rows=88 width=0)
	        Index Cond: ((k >= 3181595) AND (k <= 3181695))

table 8 : explain SELECT k, c FROM sbtest8 WHERE k BETWEEN 3181595 AND 3181695
	Bitmap Heap Scan on sbtest8  (cost=5.46..401.19 rows=100 width=125)
	  Recheck Cond: ((k >= 3181595) AND (k <= 3181695))
	  ->  Bitmap Index Scan on k_8  (cost=0.00..5.43 rows=100 width=0)
	        Index Cond: ((k >= 3181595) AND (k <= 3181695))

explain: for range-notcovered :: explain SELECT k, c FROM sbtest%d WHERE k BETWEEN 5355576 AND 5355676
explain: for range-notcovered :: explain SELECT k, c FROM sbtest%d WHERE k BETWEEN 3181595 AND 3181695
for range-notcovered
table 1 : explain SELECT k, c FROM sbtest1 WHERE k BETWEEN 6740123 AND 6740223
	Bitmap Heap Scan on sbtest1  (cost=5.52..424.81 rows=106 width=125)
	  Recheck Cond: ((k >= 6740123) AND (k <= 6740223))
	  ->  Bitmap Index Scan on k_1  (cost=0.00..5.50 rows=106 width=0)
	        Index Cond: ((k >= 6740123) AND (k <= 6740223))

table 2 : explain SELECT k, c FROM sbtest2 WHERE k BETWEEN 6740123 AND 6740223
	Bitmap Heap Scan on sbtest2  (cost=5.42..385.43 rows=96 width=125)
	  Recheck Cond: ((k >= 6740123) AND (k <= 6740223))
	  ->  Bitmap Index Scan on k_2  (cost=0.00..5.39 rows=96 width=0)
	        Index Cond: ((k >= 6740123) AND (k <= 6740223))

table 3 : explain SELECT k, c FROM sbtest3 WHERE k BETWEEN 6740123 AND 6740223
	Bitmap Heap Scan on sbtest3  (cost=5.43..389.37 rows=97 width=125)
	  Recheck Cond: ((k >= 6740123) AND (k <= 6740223))
	  ->  Bitmap Index Scan on k_3  (cost=0.00..5.40 rows=97 width=0)
	        Index Cond: ((k >= 6740123) AND (k <= 6740223))

table 4 : explain SELECT k, c FROM sbtest4 WHERE k BETWEEN 6740123 AND 6740223
	Bitmap Heap Scan on sbtest4  (cost=5.53..428.75 rows=107 width=125)
	  Recheck Cond: ((k >= 6740123) AND (k <= 6740223))
	  ->  Bitmap Index Scan on k_4  (cost=0.00..5.50 rows=107 width=0)
	        Index Cond: ((k >= 6740123) AND (k <= 6740223))

table 5 : explain SELECT k, c FROM sbtest5 WHERE k BETWEEN 6740123 AND 6740223
	Bitmap Heap Scan on sbtest5  (cost=5.32..346.00 rows=86 width=125)
	  Recheck Cond: ((k >= 6740123) AND (k <= 6740223))
	  ->  Bitmap Index Scan on k_5  (cost=0.00..5.29 rows=86 width=0)
	        Index Cond: ((k >= 6740123) AND (k <= 6740223))

table 6 : explain SELECT k, c FROM sbtest6 WHERE k BETWEEN 6740123 AND 6740223
	Bitmap Heap Scan on sbtest6  (cost=5.44..393.31 rows=98 width=125)
	  Recheck Cond: ((k >= 6740123) AND (k <= 6740223))
	  ->  Bitmap Index Scan on k_6  (cost=0.00..5.42 rows=98 width=0)
	        Index Cond: ((k >= 6740123) AND (k <= 6740223))

table 7 : explain SELECT k, c FROM sbtest7 WHERE k BETWEEN 6740123 AND 6740223
	Bitmap Heap Scan on sbtest7  (cost=5.45..397.25 rows=99 width=125)
	  Recheck Cond: ((k >= 6740123) AND (k <= 6740223))
	  ->  Bitmap Index Scan on k_7  (cost=0.00..5.42 rows=99 width=0)
	        Index Cond: ((k >= 6740123) AND (k <= 6740223))

table 8 : explain SELECT k, c FROM sbtest8 WHERE k BETWEEN 6740123 AND 6740223
	Bitmap Heap Scan on sbtest8  (cost=5.47..405.13 rows=101 width=125)
	  Recheck Cond: ((k >= 6740123) AND (k <= 6740223))
	  ->  Bitmap Index Scan on k_8  (cost=0.00..5.44 rows=101 width=0)
	        Index Cond: ((k >= 6740123) AND (k <= 6740223))

explain: for range-notcovered :: explain SELECT k, c FROM sbtest%d WHERE k BETWEEN 6740123 AND 6740223
for range-notcovered
table 1 : explain SELECT k, c FROM sbtest1 WHERE k BETWEEN 4754051 AND 4754151
	Bitmap Heap Scan on sbtest1  (cost=5.52..424.81 rows=106 width=125)
	  Recheck Cond: ((k >= 4754051) AND (k <= 4754151))
	  ->  Bitmap Index Scan on k_1  (cost=0.00..5.50 rows=106 width=0)
	        Index Cond: ((k >= 4754051) AND (k <= 4754151))

table 2 : explain SELECT k, c FROM sbtest2 WHERE k BETWEEN 4754051 AND 4754151
	Bitmap Heap Scan on sbtest2  (cost=5.61..460.22 rows=115 width=125)
	  Recheck Cond: ((k >= 4754051) AND (k <= 4754151))
	  ->  Bitmap Index Scan on k_2  (cost=0.00..5.58 rows=115 width=0)
	        Index Cond: ((k >= 4754051) AND (k <= 4754151))

table 3 : explain SELECT k, c FROM sbtest3 WHERE k BETWEEN 4754051 AND 4754151
	Bitmap Heap Scan on sbtest3  (cost=5.54..432.69 rows=108 width=125)
	  Recheck Cond: ((k >= 4754051) AND (k <= 4754151))
	  ->  Bitmap Index Scan on k_3  (cost=0.00..5.51 rows=108 width=0)
	        Index Cond: ((k >= 4754051) AND (k <= 4754151))

table 4 : explain SELECT k, c FROM sbtest4 WHERE k BETWEEN 4754051 AND 4754151
	Bitmap Heap Scan on sbtest4  (cost=5.57..444.49 rows=111 width=125)
	  Recheck Cond: ((k >= 4754051) AND (k <= 4754151))
	  ->  Bitmap Index Scan on k_4  (cost=0.00..5.54 rows=111 width=0)
	        Index Cond: ((k >= 4754051) AND (k <= 4754151))

table 5 : explain SELECT k, c FROM sbtest5 WHERE k BETWEEN 4754051 AND 4754151
	Bitmap Heap Scan on sbtest5  (cost=5.50..416.94 rows=104 width=125)
	  Recheck Cond: ((k >= 4754051) AND (k <= 4754151))
	  ->  Bitmap Index Scan on k_5  (cost=0.00..5.47 rows=104 width=0)
	        Index Cond: ((k >= 4754051) AND (k <= 4754151))

table 6 : explain SELECT k, c FROM sbtest6 WHERE k BETWEEN 4754051 AND 4754151
	Bitmap Heap Scan on sbtest6  (cost=5.45..397.25 rows=99 width=125)
	  Recheck Cond: ((k >= 4754051) AND (k <= 4754151))
	  ->  Bitmap Index Scan on k_6  (cost=0.00..5.42 rows=99 width=0)
	        Index Cond: ((k >= 4754051) AND (k <= 4754151))

table 7 : explain SELECT k, c FROM sbtest7 WHERE k BETWEEN 4754051 AND 4754151
	Bitmap Heap Scan on sbtest7  (cost=5.40..377.55 rows=94 width=125)
	  Recheck Cond: ((k >= 4754051) AND (k <= 4754151))
	  ->  Bitmap Index Scan on k_7  (cost=0.00..5.38 rows=94 width=0)
	        Index Cond: ((k >= 4754051) AND (k <= 4754151))

table 8 : explain SELECT k, c FROM sbtest8 WHERE k BETWEEN 4754051 AND 4754151
	Bitmap Heap Scan on sbtest8  (cost=5.58..448.42 rows=112 width=125)
	  Recheck Cond: ((k >= 4754051) AND (k <= 4754151))
	  ->  Bitmap Index Scan on k_8  (cost=0.00..5.55 rows=112 width=0)
	        Index Cond: ((k >= 4754051) AND (k <= 4754151))

for range-notcovered
table 1 : explain SELECT k, c FROM sbtest1 WHERE k BETWEEN 5509788 AND 5509888
	Bitmap Heap Scan on sbtest1  (cost=5.45..397.25 rows=99 width=125)
	  Recheck Cond: ((k >= 5509788) AND (k <= 5509888))
	  ->  Bitmap Index Scan on k_1  (cost=0.00..5.42 rows=99 width=0)
	        Index Cond: ((k >= 5509788) AND (k <= 5509888))

table 2 : explain SELECT k, c FROM sbtest2 WHERE k BETWEEN 5509788 AND 5509888
	Bitmap Heap Scan on sbtest2  (cost=5.50..416.94 rows=104 width=125)
	  Recheck Cond: ((k >= 5509788) AND (k <= 5509888))
	  ->  Bitmap Index Scan on k_2  (cost=0.00..5.47 rows=104 width=0)
	        Index Cond: ((k >= 5509788) AND (k <= 5509888))

table 3 : explain SELECT k, c FROM sbtest3 WHERE k BETWEEN 5509788 AND 5509888
	Bitmap Heap Scan on sbtest3  (cost=5.46..401.19 rows=100 width=125)
	  Recheck Cond: ((k >= 5509788) AND (k <= 5509888))
	  ->  Bitmap Index Scan on k_3  (cost=0.00..5.43 rows=100 width=0)
	        Index Cond: ((k >= 5509788) AND (k <= 5509888))

table 4 : explain SELECT k, c FROM sbtest4 WHERE k BETWEEN 5509788 AND 5509888
	Bitmap Heap Scan on sbtest4  (cost=5.45..397.25 rows=99 width=125)
	  Recheck Cond: ((k >= 5509788) AND (k <= 5509888))
	  ->  Bitmap Index Scan on k_4  (cost=0.00..5.42 rows=99 width=0)
	        Index Cond: ((k >= 5509788) AND (k <= 5509888))

table 5 : explain SELECT k, c FROM sbtest5 WHERE k BETWEEN 5509788 AND 5509888
	Bitmap Heap Scan on sbtest5  (cost=5.48..409.07 rows=102 width=125)
	  Recheck Cond: ((k >= 5509788) AND (k <= 5509888))
	  ->  Bitmap Index Scan on k_5  (cost=0.00..5.45 rows=102 width=0)
	        Index Cond: ((k >= 5509788) AND (k <= 5509888))

table 6 : explain SELECT k, c FROM sbtest6 WHERE k BETWEEN 5509788 AND 5509888
	Bitmap Heap Scan on sbtest6  (cost=5.34..353.89 rows=88 width=125)
	  Recheck Cond: ((k >= 5509788) AND (k <= 5509888))
	  ->  Bitmap Index Scan on k_6  (cost=0.00..5.31 rows=88 width=0)
	        Index Cond: ((k >= 5509788) AND (k <= 5509888))

table 7 : explain SELECT k, c FROM sbtest7 WHERE k BETWEEN 5509788 AND 5509888
	Bitmap Heap Scan on sbtest7  (cost=5.52..424.81 rows=106 width=125)
	  Recheck Cond: ((k >= 5509788) AND (k <= 5509888))
	  ->  Bitmap Index Scan on k_7  (cost=0.00..5.50 rows=106 width=0)
	        Index Cond: ((k >= 5509788) AND (k <= 5509888))

table 8 : explain SELECT k, c FROM sbtest8 WHERE k BETWEEN 5509788 AND 5509888
	Bitmap Heap Scan on sbtest8  (cost=5.48..409.07 rows=102 width=125)
	  Recheck Cond: ((k >= 5509788) AND (k <= 5509888))
	  ->  Bitmap Index Scan on k_8  (cost=0.00..5.45 rows=102 width=0)
	        Index Cond: ((k >= 5509788) AND (k <= 5509888))

explain: for range-notcovered :: explain SELECT k, c FROM sbtest%d WHERE k BETWEEN 4754051 AND 4754151
explain: for range-notcovered :: explain SELECT k, c FROM sbtest%d WHERE k BETWEEN 5509788 AND 5509888
for range-notcovered
table 1 : explain SELECT k, c FROM sbtest1 WHERE k BETWEEN 5355576 AND 5355676
	Bitmap Heap Scan on sbtest1  (cost=5.42..385.43 rows=96 width=125)
	  Recheck Cond: ((k >= 5355576) AND (k <= 5355676))
	  ->  Bitmap Index Scan on k_1  (cost=0.00..5.39 rows=96 width=0)
	        Index Cond: ((k >= 5355576) AND (k <= 5355676))

table 2 : explain SELECT k, c FROM sbtest2 WHERE k BETWEEN 5355576 AND 5355676
	Bitmap Heap Scan on sbtest2  (cost=5.51..420.88 rows=105 width=125)
	  Recheck Cond: ((k >= 5355576) AND (k <= 5355676))
	  ->  Bitmap Index Scan on k_2  (cost=0.00..5.48 rows=105 width=0)
	        Index Cond: ((k >= 5355576) AND (k <= 5355676))

table 3 : explain SELECT k, c FROM sbtest3 WHERE k BETWEEN 5355576 AND 5355676
	Bitmap Heap Scan on sbtest3  (cost=5.55..436.62 rows=109 width=125)
	  Recheck Cond: ((k >= 5355576) AND (k <= 5355676))
	  ->  Bitmap Index Scan on k_3  (cost=0.00..5.52 rows=109 width=0)
	        Index Cond: ((k >= 5355576) AND (k <= 5355676))

table 4 : explain SELECT k, c FROM sbtest4 WHERE k BETWEEN 5355576 AND 5355676
	Bitmap Heap Scan on sbtest4  (cost=5.47..405.13 rows=101 width=125)
	  Recheck Cond: ((k >= 5355576) AND (k <= 5355676))
	  ->  Bitmap Index Scan on k_4  (cost=0.00..5.44 rows=101 width=0)
	        Index Cond: ((k >= 5355576) AND (k <= 5355676))

table 5 : explain SELECT k, c FROM sbtest5 WHERE k BETWEEN 5355576 AND 5355676
	Bitmap Heap Scan on sbtest5  (cost=5.57..444.49 rows=111 width=125)
	  Recheck Cond: ((k >= 5355576) AND (k <= 5355676))
	  ->  Bitmap Index Scan on k_5  (cost=0.00..5.54 rows=111 width=0)
	        Index Cond: ((k >= 5355576) AND (k <= 5355676))

table 6 : explain SELECT k, c FROM sbtest6 WHERE k BETWEEN 5355576 AND 5355676
	Bitmap Heap Scan on sbtest6  (cost=5.50..416.94 rows=104 width=125)
	  Recheck Cond: ((k >= 5355576) AND (k <= 5355676))
	  ->  Bitmap Index Scan on k_6  (cost=0.00..5.47 rows=104 width=0)
	        Index Cond: ((k >= 5355576) AND (k <= 5355676))

table 7 : explain SELECT k, c FROM sbtest7 WHERE k BETWEEN 5355576 AND 5355676
	Bitmap Heap Scan on sbtest7  (cost=5.44..393.31 rows=98 width=125)
	  Recheck Cond: ((k >= 5355576) AND (k <= 5355676))
	  ->  Bitmap Index Scan on k_7  (cost=0.00..5.42 rows=98 width=0)
	        Index Cond: ((k >= 5355576) AND (k <= 5355676))

table 8 : explain SELECT k, c FROM sbtest8 WHERE k BETWEEN 5355576 AND 5355676
	Bitmap Heap Scan on sbtest8  (cost=5.45..397.25 rows=99 width=125)
	  Recheck Cond: ((k >= 5355576) AND (k <= 5355676))
	  ->  Bitmap Index Scan on k_8  (cost=0.00..5.42 rows=99 width=0)
	        Index Cond: ((k >= 5355576) AND (k <= 5355676))

for range-notcovered
table 1 : explain SELECT k, c FROM sbtest1 WHERE k BETWEEN 3181595 AND 3181695
	Bitmap Heap Scan on sbtest1  (cost=5.40..377.55 rows=94 width=125)
	  Recheck Cond: ((k >= 3181595) AND (k <= 3181695))
	  ->  Bitmap Index Scan on k_1  (cost=0.00..5.38 rows=94 width=0)
	        Index Cond: ((k >= 3181595) AND (k <= 3181695))

table 2 : explain SELECT k, c FROM sbtest2 WHERE k BETWEEN 3181595 AND 3181695
	Bitmap Heap Scan on sbtest2  (cost=5.48..409.07 rows=102 width=125)
	  Recheck Cond: ((k >= 3181595) AND (k <= 3181695))
	  ->  Bitmap Index Scan on k_2  (cost=0.00..5.45 rows=102 width=0)
	        Index Cond: ((k >= 3181595) AND (k <= 3181695))

table 3 : explain SELECT k, c FROM sbtest3 WHERE k BETWEEN 3181595 AND 3181695
	Bitmap Heap Scan on sbtest3  (cost=5.44..393.31 rows=98 width=125)
	  Recheck Cond: ((k >= 3181595) AND (k <= 3181695))
	  ->  Bitmap Index Scan on k_3  (cost=0.00..5.42 rows=98 width=0)
	        Index Cond: ((k >= 3181595) AND (k <= 3181695))

table 4 : explain SELECT k, c FROM sbtest4 WHERE k BETWEEN 3181595 AND 3181695
	Bitmap Heap Scan on sbtest4  (cost=5.48..409.07 rows=102 width=125)
	  Recheck Cond: ((k >= 3181595) AND (k <= 3181695))
	  ->  Bitmap Index Scan on k_4  (cost=0.00..5.45 rows=102 width=0)
	        Index Cond: ((k >= 3181595) AND (k <= 3181695))

table 5 : explain SELECT k, c FROM sbtest5 WHERE k BETWEEN 3181595 AND 3181695
	Bitmap Heap Scan on sbtest5  (cost=5.45..397.25 rows=99 width=125)
	  Recheck Cond: ((k >= 3181595) AND (k <= 3181695))
	  ->  Bitmap Index Scan on k_5  (cost=0.00..5.42 rows=99 width=0)
	        Index Cond: ((k >= 3181595) AND (k <= 3181695))

table 6 : explain SELECT k, c FROM sbtest6 WHERE k BETWEEN 3181595 AND 3181695
	Bitmap Heap Scan on sbtest6  (cost=5.50..416.94 rows=104 width=125)
	  Recheck Cond: ((k >= 3181595) AND (k <= 3181695))
	  ->  Bitmap Index Scan on k_6  (cost=0.00..5.47 rows=104 width=0)
	        Index Cond: ((k >= 3181595) AND (k <= 3181695))

table 7 : explain SELECT k, c FROM sbtest7 WHERE k BETWEEN 3181595 AND 3181695
	Bitmap Heap Scan on sbtest7  (cost=5.34..353.89 rows=88 width=125)
	  Recheck Cond: ((k >= 3181595) AND (k <= 3181695))
	  ->  Bitmap Index Scan on k_7  (cost=0.00..5.31 rows=88 width=0)
	        Index Cond: ((k >= 3181595) AND (k <= 3181695))

table 8 : explain SELECT k, c FROM sbtest8 WHERE k BETWEEN 3181595 AND 3181695
	Bitmap Heap Scan on sbtest8  (cost=5.46..401.19 rows=100 width=125)
	  Recheck Cond: ((k >= 3181595) AND (k <= 3181695))
	  ->  Bitmap Index Scan on k_8  (cost=0.00..5.43 rows=100 width=0)
	        Index Cond: ((k >= 3181595) AND (k <= 3181695))

explain: for range-notcovered :: explain SELECT k, c FROM sbtest%d WHERE k BETWEEN 5355576 AND 5355676
explain: for range-notcovered :: explain SELECT k, c FROM sbtest%d WHERE k BETWEEN 3181595 AND 3181695
for range-notcovered
table 1 : explain SELECT k, c FROM sbtest1 WHERE k BETWEEN 6740123 AND 6740223
	Bitmap Heap Scan on sbtest1  (cost=5.52..424.81 rows=106 width=125)
	  Recheck Cond: ((k >= 6740123) AND (k <= 6740223))
	  ->  Bitmap Index Scan on k_1  (cost=0.00..5.50 rows=106 width=0)
	        Index Cond: ((k >= 6740123) AND (k <= 6740223))

table 2 : explain SELECT k, c FROM sbtest2 WHERE k BETWEEN 6740123 AND 6740223
	Bitmap Heap Scan on sbtest2  (cost=5.42..385.43 rows=96 width=125)
	  Recheck Cond: ((k >= 6740123) AND (k <= 6740223))
	  ->  Bitmap Index Scan on k_2  (cost=0.00..5.39 rows=96 width=0)
	        Index Cond: ((k >= 6740123) AND (k <= 6740223))

table 3 : explain SELECT k, c FROM sbtest3 WHERE k BETWEEN 6740123 AND 6740223
	Bitmap Heap Scan on sbtest3  (cost=5.43..389.37 rows=97 width=125)
	  Recheck Cond: ((k >= 6740123) AND (k <= 6740223))
	  ->  Bitmap Index Scan on k_3  (cost=0.00..5.40 rows=97 width=0)
	        Index Cond: ((k >= 6740123) AND (k <= 6740223))

table 4 : explain SELECT k, c FROM sbtest4 WHERE k BETWEEN 6740123 AND 6740223
	Bitmap Heap Scan on sbtest4  (cost=5.53..428.75 rows=107 width=125)
	  Recheck Cond: ((k >= 6740123) AND (k <= 6740223))
	  ->  Bitmap Index Scan on k_4  (cost=0.00..5.50 rows=107 width=0)
	        Index Cond: ((k >= 6740123) AND (k <= 6740223))

table 5 : explain SELECT k, c FROM sbtest5 WHERE k BETWEEN 6740123 AND 6740223
	Bitmap Heap Scan on sbtest5  (cost=5.32..346.00 rows=86 width=125)
	  Recheck Cond: ((k >= 6740123) AND (k <= 6740223))
	  ->  Bitmap Index Scan on k_5  (cost=0.00..5.29 rows=86 width=0)
	        Index Cond: ((k >= 6740123) AND (k <= 6740223))

table 6 : explain SELECT k, c FROM sbtest6 WHERE k BETWEEN 6740123 AND 6740223
	Bitmap Heap Scan on sbtest6  (cost=5.44..393.31 rows=98 width=125)
	  Recheck Cond: ((k >= 6740123) AND (k <= 6740223))
	  ->  Bitmap Index Scan on k_6  (cost=0.00..5.42 rows=98 width=0)
	        Index Cond: ((k >= 6740123) AND (k <= 6740223))

table 7 : explain SELECT k, c FROM sbtest7 WHERE k BETWEEN 6740123 AND 6740223
	Bitmap Heap Scan on sbtest7  (cost=5.45..397.25 rows=99 width=125)
	  Recheck Cond: ((k >= 6740123) AND (k <= 6740223))
	  ->  Bitmap Index Scan on k_7  (cost=0.00..5.42 rows=99 width=0)
	        Index Cond: ((k >= 6740123) AND (k <= 6740223))

table 8 : explain SELECT k, c FROM sbtest8 WHERE k BETWEEN 6740123 AND 6740223
	Bitmap Heap Scan on sbtest8  (cost=5.47..405.13 rows=101 width=125)
	  Recheck Cond: ((k >= 6740123) AND (k <= 6740223))
	  ->  Bitmap Index Scan on k_8  (cost=0.00..5.44 rows=101 width=0)
	        Index Cond: ((k >= 6740123) AND (k <= 6740223))

explain: for range-notcovered :: explain SELECT k, c FROM sbtest%d WHERE k BETWEEN 6740123 AND 6740223
explain: for range-notcovered :: explain SELECT k, c FROM sbtest%d WHERE k BETWEEN 5670248 AND 5670348
for range-notcovered
table 1 : explain SELECT k, c FROM sbtest1 WHERE k BETWEEN 4754051 AND 4754151
	Bitmap Heap Scan on sbtest1  (cost=5.52..424.81 rows=106 width=125)
	  Recheck Cond: ((k >= 4754051) AND (k <= 4754151))
	  ->  Bitmap Index Scan on k_1  (cost=0.00..5.50 rows=106 width=0)
	        Index Cond: ((k >= 4754051) AND (k <= 4754151))

table 2 : explain SELECT k, c FROM sbtest2 WHERE k BETWEEN 4754051 AND 4754151
	Bitmap Heap Scan on sbtest2  (cost=5.61..460.22 rows=115 width=125)
	  Recheck Cond: ((k >= 4754051) AND (k <= 4754151))
	  ->  Bitmap Index Scan on k_2  (cost=0.00..5.58 rows=115 width=0)
	        Index Cond: ((k >= 4754051) AND (k <= 4754151))

table 3 : explain SELECT k, c FROM sbtest3 WHERE k BETWEEN 4754051 AND 4754151
	Bitmap Heap Scan on sbtest3  (cost=5.54..432.69 rows=108 width=125)
	  Recheck Cond: ((k >= 4754051) AND (k <= 4754151))
	  ->  Bitmap Index Scan on k_3  (cost=0.00..5.51 rows=108 width=0)
	        Index Cond: ((k >= 4754051) AND (k <= 4754151))

table 4 : explain SELECT k, c FROM sbtest4 WHERE k BETWEEN 4754051 AND 4754151
	Bitmap Heap Scan on sbtest4  (cost=5.57..444.49 rows=111 width=125)
	  Recheck Cond: ((k >= 4754051) AND (k <= 4754151))
	  ->  Bitmap Index Scan on k_4  (cost=0.00..5.54 rows=111 width=0)
	        Index Cond: ((k >= 4754051) AND (k <= 4754151))

table 5 : explain SELECT k, c FROM sbtest5 WHERE k BETWEEN 4754051 AND 4754151
	Bitmap Heap Scan on sbtest5  (cost=5.50..416.94 rows=104 width=125)
	  Recheck Cond: ((k >= 4754051) AND (k <= 4754151))
	  ->  Bitmap Index Scan on k_5  (cost=0.00..5.47 rows=104 width=0)
	        Index Cond: ((k >= 4754051) AND (k <= 4754151))

table 6 : explain SELECT k, c FROM sbtest6 WHERE k BETWEEN 4754051 AND 4754151
	Bitmap Heap Scan on sbtest6  (cost=5.45..397.25 rows=99 width=125)
	  Recheck Cond: ((k >= 4754051) AND (k <= 4754151))
	  ->  Bitmap Index Scan on k_6  (cost=0.00..5.42 rows=99 width=0)
	        Index Cond: ((k >= 4754051) AND (k <= 4754151))

table 7 : explain SELECT k, c FROM sbtest7 WHERE k BETWEEN 4754051 AND 4754151
	Bitmap Heap Scan on sbtest7  (cost=5.40..377.55 rows=94 width=125)
	  Recheck Cond: ((k >= 4754051) AND (k <= 4754151))
	  ->  Bitmap Index Scan on k_7  (cost=0.00..5.38 rows=94 width=0)
	        Index Cond: ((k >= 4754051) AND (k <= 4754151))

table 8 : explain SELECT k, c FROM sbtest8 WHERE k BETWEEN 4754051 AND 4754151
	Bitmap Heap Scan on sbtest8  (cost=5.58..448.42 rows=112 width=125)
	  Recheck Cond: ((k >= 4754051) AND (k <= 4754151))
	  ->  Bitmap Index Scan on k_8  (cost=0.00..5.55 rows=112 width=0)
	        Index Cond: ((k >= 4754051) AND (k <= 4754151))

for range-notcovered
table 1 : explain SELECT k, c FROM sbtest1 WHERE k BETWEEN 5509788 AND 5509888
	Bitmap Heap Scan on sbtest1  (cost=5.45..397.25 rows=99 width=125)
	  Recheck Cond: ((k >= 5509788) AND (k <= 5509888))
	  ->  Bitmap Index Scan on k_1  (cost=0.00..5.42 rows=99 width=0)
	        Index Cond: ((k >= 5509788) AND (k <= 5509888))

table 2 : explain SELECT k, c FROM sbtest2 WHERE k BETWEEN 5509788 AND 5509888
	Bitmap Heap Scan on sbtest2  (cost=5.50..416.94 rows=104 width=125)
	  Recheck Cond: ((k >= 5509788) AND (k <= 5509888))
	  ->  Bitmap Index Scan on k_2  (cost=0.00..5.47 rows=104 width=0)
	        Index Cond: ((k >= 5509788) AND (k <= 5509888))

table 3 : explain SELECT k, c FROM sbtest3 WHERE k BETWEEN 5509788 AND 5509888
	Bitmap Heap Scan on sbtest3  (cost=5.46..401.19 rows=100 width=125)
	  Recheck Cond: ((k >= 5509788) AND (k <= 5509888))
	  ->  Bitmap Index Scan on k_3  (cost=0.00..5.43 rows=100 width=0)
	        Index Cond: ((k >= 5509788) AND (k <= 5509888))

table 4 : explain SELECT k, c FROM sbtest4 WHERE k BETWEEN 5509788 AND 5509888
	Bitmap Heap Scan on sbtest4  (cost=5.45..397.25 rows=99 width=125)
	  Recheck Cond: ((k >= 5509788) AND (k <= 5509888))
	  ->  Bitmap Index Scan on k_4  (cost=0.00..5.42 rows=99 width=0)
	        Index Cond: ((k >= 5509788) AND (k <= 5509888))

table 5 : explain SELECT k, c FROM sbtest5 WHERE k BETWEEN 5509788 AND 5509888
	Bitmap Heap Scan on sbtest5  (cost=5.48..409.07 rows=102 width=125)
	  Recheck Cond: ((k >= 5509788) AND (k <= 5509888))
	  ->  Bitmap Index Scan on k_5  (cost=0.00..5.45 rows=102 width=0)
	        Index Cond: ((k >= 5509788) AND (k <= 5509888))

table 6 : explain SELECT k, c FROM sbtest6 WHERE k BETWEEN 5509788 AND 5509888
	Bitmap Heap Scan on sbtest6  (cost=5.34..353.89 rows=88 width=125)
	  Recheck Cond: ((k >= 5509788) AND (k <= 5509888))
	  ->  Bitmap Index Scan on k_6  (cost=0.00..5.31 rows=88 width=0)
	        Index Cond: ((k >= 5509788) AND (k <= 5509888))

table 7 : explain SELECT k, c FROM sbtest7 WHERE k BETWEEN 5509788 AND 5509888
	Bitmap Heap Scan on sbtest7  (cost=5.52..424.81 rows=106 width=125)
	  Recheck Cond: ((k >= 5509788) AND (k <= 5509888))
	  ->  Bitmap Index Scan on k_7  (cost=0.00..5.50 rows=106 width=0)
	        Index Cond: ((k >= 5509788) AND (k <= 5509888))

table 8 : explain SELECT k, c FROM sbtest8 WHERE k BETWEEN 5509788 AND 5509888
	Bitmap Heap Scan on sbtest8  (cost=5.48..409.07 rows=102 width=125)
	  Recheck Cond: ((k >= 5509788) AND (k <= 5509888))
	  ->  Bitmap Index Scan on k_8  (cost=0.00..5.45 rows=102 width=0)
	        Index Cond: ((k >= 5509788) AND (k <= 5509888))

explain: for range-notcovered :: explain SELECT k, c FROM sbtest%d WHERE k BETWEEN 5509788 AND 5509888
for range-notcovered
table 1 : explain SELECT k, c FROM sbtest1 WHERE k BETWEEN 6740123 AND 6740223
	Bitmap Heap Scan on sbtest1  (cost=5.52..424.81 rows=106 width=125)
	  Recheck Cond: ((k >= 6740123) AND (k <= 6740223))
	  ->  Bitmap Index Scan on k_1  (cost=0.00..5.50 rows=106 width=0)
	        Index Cond: ((k >= 6740123) AND (k <= 6740223))

table 2 : explain SELECT k, c FROM sbtest2 WHERE k BETWEEN 6740123 AND 6740223
	Bitmap Heap Scan on sbtest2  (cost=5.42..385.43 rows=96 width=125)
	  Recheck Cond: ((k >= 6740123) AND (k <= 6740223))
	  ->  Bitmap Index Scan on k_2  (cost=0.00..5.39 rows=96 width=0)
	        Index Cond: ((k >= 6740123) AND (k <= 6740223))

table 3 : explain SELECT k, c FROM sbtest3 WHERE k BETWEEN 6740123 AND 6740223
	Bitmap Heap Scan on sbtest3  (cost=5.43..389.37 rows=97 width=125)
	  Recheck Cond: ((k >= 6740123) AND (k <= 6740223))
	  ->  Bitmap Index Scan on k_3  (cost=0.00..5.40 rows=97 width=0)
	        Index Cond: ((k >= 6740123) AND (k <= 6740223))

table 4 : explain SELECT k, c FROM sbtest4 WHERE k BETWEEN 6740123 AND 6740223
	Bitmap Heap Scan on sbtest4  (cost=5.53..428.75 rows=107 width=125)
	  Recheck Cond: ((k >= 6740123) AND (k <= 6740223))
	  ->  Bitmap Index Scan on k_4  (cost=0.00..5.50 rows=107 width=0)
	        Index Cond: ((k >= 6740123) AND (k <= 6740223))

table 5 : explain SELECT k, c FROM sbtest5 WHERE k BETWEEN 6740123 AND 6740223
	Bitmap Heap Scan on sbtest5  (cost=5.32..346.00 rows=86 width=125)
	  Recheck Cond: ((k >= 6740123) AND (k <= 6740223))
	  ->  Bitmap Index Scan on k_5  (cost=0.00..5.29 rows=86 width=0)
	        Index Cond: ((k >= 6740123) AND (k <= 6740223))

table 6 : explain SELECT k, c FROM sbtest6 WHERE k BETWEEN 6740123 AND 6740223
	Bitmap Heap Scan on sbtest6  (cost=5.44..393.31 rows=98 width=125)
	  Recheck Cond: ((k >= 6740123) AND (k <= 6740223))
	  ->  Bitmap Index Scan on k_6  (cost=0.00..5.42 rows=98 width=0)
	        Index Cond: ((k >= 6740123) AND (k <= 6740223))

table 7 : explain SELECT k, c FROM sbtest7 WHERE k BETWEEN 6740123 AND 6740223
	Bitmap Heap Scan on sbtest7  (cost=5.45..397.25 rows=99 width=125)
	  Recheck Cond: ((k >= 6740123) AND (k <= 6740223))
	  ->  Bitmap Index Scan on k_7  (cost=0.00..5.42 rows=99 width=0)
	        Index Cond: ((k >= 6740123) AND (k <= 6740223))

table 8 : explain SELECT k, c FROM sbtest8 WHERE k BETWEEN 6740123 AND 6740223
	Bitmap Heap Scan on sbtest8  (cost=5.47..405.13 rows=101 width=125)
	  Recheck Cond: ((k >= 6740123) AND (k <= 6740223))
	  ->  Bitmap Index Scan on k_8  (cost=0.00..5.44 rows=101 width=0)
	        Index Cond: ((k >= 6740123) AND (k <= 6740223))

for range-notcovered
table 1 : explain SELECT k, c FROM sbtest1 WHERE k BETWEEN 5355576 AND 5355676
	Bitmap Heap Scan on sbtest1  (cost=5.42..385.43 rows=96 width=125)
	  Recheck Cond: ((k >= 5355576) AND (k <= 5355676))
	  ->  Bitmap Index Scan on k_1  (cost=0.00..5.39 rows=96 width=0)
	        Index Cond: ((k >= 5355576) AND (k <= 5355676))

table 2 : explain SELECT k, c FROM sbtest2 WHERE k BETWEEN 5355576 AND 5355676
	Bitmap Heap Scan on sbtest2  (cost=5.51..420.88 rows=105 width=125)
	  Recheck Cond: ((k >= 5355576) AND (k <= 5355676))
	  ->  Bitmap Index Scan on k_2  (cost=0.00..5.48 rows=105 width=0)
	        Index Cond: ((k >= 5355576) AND (k <= 5355676))

table 3 : explain SELECT k, c FROM sbtest3 WHERE k BETWEEN 5355576 AND 5355676
	Bitmap Heap Scan on sbtest3  (cost=5.55..436.62 rows=109 width=125)
	  Recheck Cond: ((k >= 5355576) AND (k <= 5355676))
	  ->  Bitmap Index Scan on k_3  (cost=0.00..5.52 rows=109 width=0)
	        Index Cond: ((k >= 5355576) AND (k <= 5355676))

table 4 : explain SELECT k, c FROM sbtest4 WHERE k BETWEEN 5355576 AND 5355676
	Bitmap Heap Scan on sbtest4  (cost=5.47..405.13 rows=101 width=125)
	  Recheck Cond: ((k >= 5355576) AND (k <= 5355676))
	  ->  Bitmap Index Scan on k_4  (cost=0.00..5.44 rows=101 width=0)
	        Index Cond: ((k >= 5355576) AND (k <= 5355676))

table 5 : explain SELECT k, c FROM sbtest5 WHERE k BETWEEN 5355576 AND 5355676
	Bitmap Heap Scan on sbtest5  (cost=5.57..444.49 rows=111 width=125)
	  Recheck Cond: ((k >= 5355576) AND (k <= 5355676))
	  ->  Bitmap Index Scan on k_5  (cost=0.00..5.54 rows=111 width=0)
	        Index Cond: ((k >= 5355576) AND (k <= 5355676))

table 6 : explain SELECT k, c FROM sbtest6 WHERE k BETWEEN 5355576 AND 5355676
	Bitmap Heap Scan on sbtest6  (cost=5.50..416.94 rows=104 width=125)
	  Recheck Cond: ((k >= 5355576) AND (k <= 5355676))
	  ->  Bitmap Index Scan on k_6  (cost=0.00..5.47 rows=104 width=0)
	        Index Cond: ((k >= 5355576) AND (k <= 5355676))

table 7 : explain SELECT k, c FROM sbtest7 WHERE k BETWEEN 5355576 AND 5355676
	Bitmap Heap Scan on sbtest7  (cost=5.44..393.31 rows=98 width=125)
	  Recheck Cond: ((k >= 5355576) AND (k <= 5355676))
	  ->  Bitmap Index Scan on k_7  (cost=0.00..5.42 rows=98 width=0)
	        Index Cond: ((k >= 5355576) AND (k <= 5355676))

table 8 : explain SELECT k, c FROM sbtest8 WHERE k BETWEEN 5355576 AND 5355676
	Bitmap Heap Scan on sbtest8  (cost=5.45..397.25 rows=99 width=125)
	  Recheck Cond: ((k >= 5355576) AND (k <= 5355676))
	  ->  Bitmap Index Scan on k_8  (cost=0.00..5.42 rows=99 width=0)
	        Index Cond: ((k >= 5355576) AND (k <= 5355676))

for range-notcovered
table 1 : explain SELECT k, c FROM sbtest1 WHERE k BETWEEN 3181595 AND 3181695
	Bitmap Heap Scan on sbtest1  (cost=5.40..377.55 rows=94 width=125)
	  Recheck Cond: ((k >= 3181595) AND (k <= 3181695))
	  ->  Bitmap Index Scan on k_1  (cost=0.00..5.38 rows=94 width=0)
	        Index Cond: ((k >= 3181595) AND (k <= 3181695))

table 2 : explain SELECT k, c FROM sbtest2 WHERE k BETWEEN 3181595 AND 3181695
	Bitmap Heap Scan on sbtest2  (cost=5.48..409.07 rows=102 width=125)
	  Recheck Cond: ((k >= 3181595) AND (k <= 3181695))
	  ->  Bitmap Index Scan on k_2  (cost=0.00..5.45 rows=102 width=0)
	        Index Cond: ((k >= 3181595) AND (k <= 3181695))

table 3 : explain SELECT k, c FROM sbtest3 WHERE k BETWEEN 3181595 AND 3181695
	Bitmap Heap Scan on sbtest3  (cost=5.44..393.31 rows=98 width=125)
	  Recheck Cond: ((k >= 3181595) AND (k <= 3181695))
	  ->  Bitmap Index Scan on k_3  (cost=0.00..5.42 rows=98 width=0)
	        Index Cond: ((k >= 3181595) AND (k <= 3181695))

table 4 : explain SELECT k, c FROM sbtest4 WHERE k BETWEEN 3181595 AND 3181695
	Bitmap Heap Scan on sbtest4  (cost=5.48..409.07 rows=102 width=125)
	  Recheck Cond: ((k >= 3181595) AND (k <= 3181695))
	  ->  Bitmap Index Scan on k_4  (cost=0.00..5.45 rows=102 width=0)
	        Index Cond: ((k >= 3181595) AND (k <= 3181695))

table 5 : explain SELECT k, c FROM sbtest5 WHERE k BETWEEN 3181595 AND 3181695
	Bitmap Heap Scan on sbtest5  (cost=5.45..397.25 rows=99 width=125)
	  Recheck Cond: ((k >= 3181595) AND (k <= 3181695))
	  ->  Bitmap Index Scan on k_5  (cost=0.00..5.42 rows=99 width=0)
	        Index Cond: ((k >= 3181595) AND (k <= 3181695))

table 6 : explain SELECT k, c FROM sbtest6 WHERE k BETWEEN 3181595 AND 3181695
	Bitmap Heap Scan on sbtest6  (cost=5.50..416.94 rows=104 width=125)
	  Recheck Cond: ((k >= 3181595) AND (k <= 3181695))
	  ->  Bitmap Index Scan on k_6  (cost=0.00..5.47 rows=104 width=0)
	        Index Cond: ((k >= 3181595) AND (k <= 3181695))

table 7 : explain SELECT k, c FROM sbtest7 WHERE k BETWEEN 3181595 AND 3181695
	Bitmap Heap Scan on sbtest7  (cost=5.34..353.89 rows=88 width=125)
	  Recheck Cond: ((k >= 3181595) AND (k <= 3181695))
	  ->  Bitmap Index Scan on k_7  (cost=0.00..5.31 rows=88 width=0)
	        Index Cond: ((k >= 3181595) AND (k <= 3181695))

table 8 : explain SELECT k, c FROM sbtest8 WHERE k BETWEEN 3181595 AND 3181695
	Bitmap Heap Scan on sbtest8  (cost=5.46..401.19 rows=100 width=125)
	  Recheck Cond: ((k >= 3181595) AND (k <= 3181695))
	  ->  Bitmap Index Scan on k_8  (cost=0.00..5.43 rows=100 width=0)
	        Index Cond: ((k >= 3181595) AND (k <= 3181695))

explain: for range-notcovered :: explain SELECT k, c FROM sbtest%d WHERE k BETWEEN 6740123 AND 6740223
explain: for range-notcovered :: explain SELECT k, c FROM sbtest%d WHERE k BETWEEN 5355576 AND 5355676
explain: for range-notcovered :: explain SELECT k, c FROM sbtest%d WHERE k BETWEEN 3181595 AND 3181695
for range-notcovered
table 1 : explain SELECT k, c FROM sbtest1 WHERE k BETWEEN 5509788 AND 5509888
	Bitmap Heap Scan on sbtest1  (cost=5.45..397.25 rows=99 width=125)
	  Recheck Cond: ((k >= 5509788) AND (k <= 5509888))
	  ->  Bitmap Index Scan on k_1  (cost=0.00..5.42 rows=99 width=0)
	        Index Cond: ((k >= 5509788) AND (k <= 5509888))

table 2 : explain SELECT k, c FROM sbtest2 WHERE k BETWEEN 5509788 AND 5509888
	Bitmap Heap Scan on sbtest2  (cost=5.50..416.94 rows=104 width=125)
	  Recheck Cond: ((k >= 5509788) AND (k <= 5509888))
	  ->  Bitmap Index Scan on k_2  (cost=0.00..5.47 rows=104 width=0)
	        Index Cond: ((k >= 5509788) AND (k <= 5509888))

table 3 : explain SELECT k, c FROM sbtest3 WHERE k BETWEEN 5509788 AND 5509888
	Bitmap Heap Scan on sbtest3  (cost=5.46..401.19 rows=100 width=125)
	  Recheck Cond: ((k >= 5509788) AND (k <= 5509888))
	  ->  Bitmap Index Scan on k_3  (cost=0.00..5.43 rows=100 width=0)
	        Index Cond: ((k >= 5509788) AND (k <= 5509888))

table 4 : explain SELECT k, c FROM sbtest4 WHERE k BETWEEN 5509788 AND 5509888
	Bitmap Heap Scan on sbtest4  (cost=5.45..397.25 rows=99 width=125)
	  Recheck Cond: ((k >= 5509788) AND (k <= 5509888))
	  ->  Bitmap Index Scan on k_4  (cost=0.00..5.42 rows=99 width=0)
	        Index Cond: ((k >= 5509788) AND (k <= 5509888))

table 5 : explain SELECT k, c FROM sbtest5 WHERE k BETWEEN 5509788 AND 5509888
	Bitmap Heap Scan on sbtest5  (cost=5.48..409.07 rows=102 width=125)
	  Recheck Cond: ((k >= 5509788) AND (k <= 5509888))
	  ->  Bitmap Index Scan on k_5  (cost=0.00..5.45 rows=102 width=0)
	        Index Cond: ((k >= 5509788) AND (k <= 5509888))

table 6 : explain SELECT k, c FROM sbtest6 WHERE k BETWEEN 5509788 AND 5509888
	Bitmap Heap Scan on sbtest6  (cost=5.34..353.89 rows=88 width=125)
	  Recheck Cond: ((k >= 5509788) AND (k <= 5509888))
	  ->  Bitmap Index Scan on k_6  (cost=0.00..5.31 rows=88 width=0)
	        Index Cond: ((k >= 5509788) AND (k <= 5509888))

table 7 : explain SELECT k, c FROM sbtest7 WHERE k BETWEEN 5509788 AND 5509888
	Bitmap Heap Scan on sbtest7  (cost=5.52..424.81 rows=106 width=125)
	  Recheck Cond: ((k >= 5509788) AND (k <= 5509888))
	  ->  Bitmap Index Scan on k_7  (cost=0.00..5.50 rows=106 width=0)
	        Index Cond: ((k >= 5509788) AND (k <= 5509888))

table 8 : explain SELECT k, c FROM sbtest8 WHERE k BETWEEN 5509788 AND 5509888
	Bitmap Heap Scan on sbtest8  (cost=5.48..409.07 rows=102 width=125)
	  Recheck Cond: ((k >= 5509788) AND (k <= 5509888))
	  ->  Bitmap Index Scan on k_8  (cost=0.00..5.45 rows=102 width=0)
	        Index Cond: ((k >= 5509788) AND (k <= 5509888))

explain: for range-notcovered :: explain SELECT k, c FROM sbtest%d WHERE k BETWEEN 4427296 AND 4427396
explain: for range-notcovered :: explain SELECT k, c FROM sbtest%d WHERE k BETWEEN 5509788 AND 5509888
for range-notcovered
table 1 : explain SELECT k, c FROM sbtest1 WHERE k BETWEEN 6740123 AND 6740223
	Bitmap Heap Scan on sbtest1  (cost=5.52..424.81 rows=106 width=125)
	  Recheck Cond: ((k >= 6740123) AND (k <= 6740223))
	  ->  Bitmap Index Scan on k_1  (cost=0.00..5.50 rows=106 width=0)
	        Index Cond: ((k >= 6740123) AND (k <= 6740223))

table 2 : explain SELECT k, c FROM sbtest2 WHERE k BETWEEN 6740123 AND 6740223
	Bitmap Heap Scan on sbtest2  (cost=5.42..385.43 rows=96 width=125)
	  Recheck Cond: ((k >= 6740123) AND (k <= 6740223))
	  ->  Bitmap Index Scan on k_2  (cost=0.00..5.39 rows=96 width=0)
	        Index Cond: ((k >= 6740123) AND (k <= 6740223))

table 3 : explain SELECT k, c FROM sbtest3 WHERE k BETWEEN 6740123 AND 6740223
	Bitmap Heap Scan on sbtest3  (cost=5.43..389.37 rows=97 width=125)
	  Recheck Cond: ((k >= 6740123) AND (k <= 6740223))
	  ->  Bitmap Index Scan on k_3  (cost=0.00..5.40 rows=97 width=0)
	        Index Cond: ((k >= 6740123) AND (k <= 6740223))

table 4 : explain SELECT k, c FROM sbtest4 WHERE k BETWEEN 6740123 AND 6740223
	Bitmap Heap Scan on sbtest4  (cost=5.53..428.75 rows=107 width=125)
	  Recheck Cond: ((k >= 6740123) AND (k <= 6740223))
	  ->  Bitmap Index Scan on k_4  (cost=0.00..5.50 rows=107 width=0)
	        Index Cond: ((k >= 6740123) AND (k <= 6740223))

table 5 : explain SELECT k, c FROM sbtest5 WHERE k BETWEEN 6740123 AND 6740223
	Bitmap Heap Scan on sbtest5  (cost=5.32..346.00 rows=86 width=125)
	  Recheck Cond: ((k >= 6740123) AND (k <= 6740223))
	  ->  Bitmap Index Scan on k_5  (cost=0.00..5.29 rows=86 width=0)
	        Index Cond: ((k >= 6740123) AND (k <= 6740223))

table 6 : explain SELECT k, c FROM sbtest6 WHERE k BETWEEN 6740123 AND 6740223
	Bitmap Heap Scan on sbtest6  (cost=5.44..393.31 rows=98 width=125)
	  Recheck Cond: ((k >= 6740123) AND (k <= 6740223))
	  ->  Bitmap Index Scan on k_6  (cost=0.00..5.42 rows=98 width=0)
	        Index Cond: ((k >= 6740123) AND (k <= 6740223))

table 7 : explain SELECT k, c FROM sbtest7 WHERE k BETWEEN 6740123 AND 6740223
	Bitmap Heap Scan on sbtest7  (cost=5.45..397.25 rows=99 width=125)
	  Recheck Cond: ((k >= 6740123) AND (k <= 6740223))
	  ->  Bitmap Index Scan on k_7  (cost=0.00..5.42 rows=99 width=0)
	        Index Cond: ((k >= 6740123) AND (k <= 6740223))

table 8 : explain SELECT k, c FROM sbtest8 WHERE k BETWEEN 6740123 AND 6740223
	Bitmap Heap Scan on sbtest8  (cost=5.47..405.13 rows=101 width=125)
	  Recheck Cond: ((k >= 6740123) AND (k <= 6740223))
	  ->  Bitmap Index Scan on k_8  (cost=0.00..5.44 rows=101 width=0)
	        Index Cond: ((k >= 6740123) AND (k <= 6740223))

for range-notcovered
table 1 : explain SELECT k, c FROM sbtest1 WHERE k BETWEEN 5355576 AND 5355676
	Bitmap Heap Scan on sbtest1  (cost=5.42..385.43 rows=96 width=125)
	  Recheck Cond: ((k >= 5355576) AND (k <= 5355676))
	  ->  Bitmap Index Scan on k_1  (cost=0.00..5.39 rows=96 width=0)
	        Index Cond: ((k >= 5355576) AND (k <= 5355676))

table 2 : explain SELECT k, c FROM sbtest2 WHERE k BETWEEN 5355576 AND 5355676
	Bitmap Heap Scan on sbtest2  (cost=5.51..420.88 rows=105 width=125)
	  Recheck Cond: ((k >= 5355576) AND (k <= 5355676))
	  ->  Bitmap Index Scan on k_2  (cost=0.00..5.48 rows=105 width=0)
	        Index Cond: ((k >= 5355576) AND (k <= 5355676))

table 3 : explain SELECT k, c FROM sbtest3 WHERE k BETWEEN 5355576 AND 5355676
	Bitmap Heap Scan on sbtest3  (cost=5.55..436.62 rows=109 width=125)
	  Recheck Cond: ((k >= 5355576) AND (k <= 5355676))
	  ->  Bitmap Index Scan on k_3  (cost=0.00..5.52 rows=109 width=0)
	        Index Cond: ((k >= 5355576) AND (k <= 5355676))

table 4 : explain SELECT k, c FROM sbtest4 WHERE k BETWEEN 5355576 AND 5355676
	Bitmap Heap Scan on sbtest4  (cost=5.47..405.13 rows=101 width=125)
	  Recheck Cond: ((k >= 5355576) AND (k <= 5355676))
	  ->  Bitmap Index Scan on k_4  (cost=0.00..5.44 rows=101 width=0)
	        Index Cond: ((k >= 5355576) AND (k <= 5355676))

table 5 : explain SELECT k, c FROM sbtest5 WHERE k BETWEEN 5355576 AND 5355676
	Bitmap Heap Scan on sbtest5  (cost=5.57..444.49 rows=111 width=125)
	  Recheck Cond: ((k >= 5355576) AND (k <= 5355676))
	  ->  Bitmap Index Scan on k_5  (cost=0.00..5.54 rows=111 width=0)
	        Index Cond: ((k >= 5355576) AND (k <= 5355676))

table 6 : explain SELECT k, c FROM sbtest6 WHERE k BETWEEN 5355576 AND 5355676
	Bitmap Heap Scan on sbtest6  (cost=5.50..416.94 rows=104 width=125)
	  Recheck Cond: ((k >= 5355576) AND (k <= 5355676))
	  ->  Bitmap Index Scan on k_6  (cost=0.00..5.47 rows=104 width=0)
	        Index Cond: ((k >= 5355576) AND (k <= 5355676))

table 7 : explain SELECT k, c FROM sbtest7 WHERE k BETWEEN 5355576 AND 5355676
	Bitmap Heap Scan on sbtest7  (cost=5.44..393.31 rows=98 width=125)
	  Recheck Cond: ((k >= 5355576) AND (k <= 5355676))
	  ->  Bitmap Index Scan on k_7  (cost=0.00..5.42 rows=98 width=0)
	        Index Cond: ((k >= 5355576) AND (k <= 5355676))

table 8 : explain SELECT k, c FROM sbtest8 WHERE k BETWEEN 5355576 AND 5355676
	Bitmap Heap Scan on sbtest8  (cost=5.45..397.25 rows=99 width=125)
	  Recheck Cond: ((k >= 5355576) AND (k <= 5355676))
	  ->  Bitmap Index Scan on k_8  (cost=0.00..5.42 rows=99 width=0)
	        Index Cond: ((k >= 5355576) AND (k <= 5355676))

for range-notcovered
table 1 : explain SELECT k, c FROM sbtest1 WHERE k BETWEEN 3181595 AND 3181695
	Bitmap Heap Scan on sbtest1  (cost=5.40..377.55 rows=94 width=125)
	  Recheck Cond: ((k >= 3181595) AND (k <= 3181695))
	  ->  Bitmap Index Scan on k_1  (cost=0.00..5.38 rows=94 width=0)
	        Index Cond: ((k >= 3181595) AND (k <= 3181695))

table 2 : explain SELECT k, c FROM sbtest2 WHERE k BETWEEN 3181595 AND 3181695
	Bitmap Heap Scan on sbtest2  (cost=5.48..409.07 rows=102 width=125)
	  Recheck Cond: ((k >= 3181595) AND (k <= 3181695))
	  ->  Bitmap Index Scan on k_2  (cost=0.00..5.45 rows=102 width=0)
	        Index Cond: ((k >= 3181595) AND (k <= 3181695))

table 3 : explain SELECT k, c FROM sbtest3 WHERE k BETWEEN 3181595 AND 3181695
	Bitmap Heap Scan on sbtest3  (cost=5.44..393.31 rows=98 width=125)
	  Recheck Cond: ((k >= 3181595) AND (k <= 3181695))
	  ->  Bitmap Index Scan on k_3  (cost=0.00..5.42 rows=98 width=0)
	        Index Cond: ((k >= 3181595) AND (k <= 3181695))

table 4 : explain SELECT k, c FROM sbtest4 WHERE k BETWEEN 3181595 AND 3181695
	Bitmap Heap Scan on sbtest4  (cost=5.48..409.07 rows=102 width=125)
	  Recheck Cond: ((k >= 3181595) AND (k <= 3181695))
	  ->  Bitmap Index Scan on k_4  (cost=0.00..5.45 rows=102 width=0)
	        Index Cond: ((k >= 3181595) AND (k <= 3181695))

table 5 : explain SELECT k, c FROM sbtest5 WHERE k BETWEEN 3181595 AND 3181695
	Bitmap Heap Scan on sbtest5  (cost=5.45..397.25 rows=99 width=125)
	  Recheck Cond: ((k >= 3181595) AND (k <= 3181695))
	  ->  Bitmap Index Scan on k_5  (cost=0.00..5.42 rows=99 width=0)
	        Index Cond: ((k >= 3181595) AND (k <= 3181695))

table 6 : explain SELECT k, c FROM sbtest6 WHERE k BETWEEN 3181595 AND 3181695
	Bitmap Heap Scan on sbtest6  (cost=5.50..416.94 rows=104 width=125)
	  Recheck Cond: ((k >= 3181595) AND (k <= 3181695))
	  ->  Bitmap Index Scan on k_6  (cost=0.00..5.47 rows=104 width=0)
	        Index Cond: ((k >= 3181595) AND (k <= 3181695))

table 7 : explain SELECT k, c FROM sbtest7 WHERE k BETWEEN 3181595 AND 3181695
	Bitmap Heap Scan on sbtest7  (cost=5.34..353.89 rows=88 width=125)
	  Recheck Cond: ((k >= 3181595) AND (k <= 3181695))
	  ->  Bitmap Index Scan on k_7  (cost=0.00..5.31 rows=88 width=0)
	        Index Cond: ((k >= 3181595) AND (k <= 3181695))

table 8 : explain SELECT k, c FROM sbtest8 WHERE k BETWEEN 3181595 AND 3181695
	Bitmap Heap Scan on sbtest8  (cost=5.46..401.19 rows=100 width=125)
	  Recheck Cond: ((k >= 3181595) AND (k <= 3181695))
	  ->  Bitmap Index Scan on k_8  (cost=0.00..5.43 rows=100 width=0)
	        Index Cond: ((k >= 3181595) AND (k <= 3181695))

explain: for range-notcovered :: explain SELECT k, c FROM sbtest%d WHERE k BETWEEN 5355576 AND 5355676
explain: for range-notcovered :: explain SELECT k, c FROM sbtest%d WHERE k BETWEEN 3181595 AND 3181695
for range-notcovered
table 1 : explain SELECT k, c FROM sbtest1 WHERE k BETWEEN 5509788 AND 5509888
	Bitmap Heap Scan on sbtest1  (cost=5.45..397.25 rows=99 width=125)
	  Recheck Cond: ((k >= 5509788) AND (k <= 5509888))
	  ->  Bitmap Index Scan on k_1  (cost=0.00..5.42 rows=99 width=0)
	        Index Cond: ((k >= 5509788) AND (k <= 5509888))

table 2 : explain SELECT k, c FROM sbtest2 WHERE k BETWEEN 5509788 AND 5509888
	Bitmap Heap Scan on sbtest2  (cost=5.50..416.94 rows=104 width=125)
	  Recheck Cond: ((k >= 5509788) AND (k <= 5509888))
	  ->  Bitmap Index Scan on k_2  (cost=0.00..5.47 rows=104 width=0)
	        Index Cond: ((k >= 5509788) AND (k <= 5509888))

table 3 : explain SELECT k, c FROM sbtest3 WHERE k BETWEEN 5509788 AND 5509888
	Bitmap Heap Scan on sbtest3  (cost=5.46..401.19 rows=100 width=125)
	  Recheck Cond: ((k >= 5509788) AND (k <= 5509888))
	  ->  Bitmap Index Scan on k_3  (cost=0.00..5.43 rows=100 width=0)
	        Index Cond: ((k >= 5509788) AND (k <= 5509888))

table 4 : explain SELECT k, c FROM sbtest4 WHERE k BETWEEN 5509788 AND 5509888
	Bitmap Heap Scan on sbtest4  (cost=5.45..397.25 rows=99 width=125)
	  Recheck Cond: ((k >= 5509788) AND (k <= 5509888))
	  ->  Bitmap Index Scan on k_4  (cost=0.00..5.42 rows=99 width=0)
	        Index Cond: ((k >= 5509788) AND (k <= 5509888))

table 5 : explain SELECT k, c FROM sbtest5 WHERE k BETWEEN 5509788 AND 5509888
	Bitmap Heap Scan on sbtest5  (cost=5.48..409.07 rows=102 width=125)
	  Recheck Cond: ((k >= 5509788) AND (k <= 5509888))
	  ->  Bitmap Index Scan on k_5  (cost=0.00..5.45 rows=102 width=0)
	        Index Cond: ((k >= 5509788) AND (k <= 5509888))

table 6 : explain SELECT k, c FROM sbtest6 WHERE k BETWEEN 5509788 AND 5509888
	Bitmap Heap Scan on sbtest6  (cost=5.34..353.89 rows=88 width=125)
	  Recheck Cond: ((k >= 5509788) AND (k <= 5509888))
	  ->  Bitmap Index Scan on k_6  (cost=0.00..5.31 rows=88 width=0)
	        Index Cond: ((k >= 5509788) AND (k <= 5509888))

table 7 : explain SELECT k, c FROM sbtest7 WHERE k BETWEEN 5509788 AND 5509888
	Bitmap Heap Scan on sbtest7  (cost=5.52..424.81 rows=106 width=125)
	  Recheck Cond: ((k >= 5509788) AND (k <= 5509888))
	  ->  Bitmap Index Scan on k_7  (cost=0.00..5.50 rows=106 width=0)
	        Index Cond: ((k >= 5509788) AND (k <= 5509888))

table 8 : explain SELECT k, c FROM sbtest8 WHERE k BETWEEN 5509788 AND 5509888
	Bitmap Heap Scan on sbtest8  (cost=5.48..409.07 rows=102 width=125)
	  Recheck Cond: ((k >= 5509788) AND (k <= 5509888))
	  ->  Bitmap Index Scan on k_8  (cost=0.00..5.45 rows=102 width=0)
	        Index Cond: ((k >= 5509788) AND (k <= 5509888))

for range-notcovered
table 1 : explain SELECT k, c FROM sbtest1 WHERE k BETWEEN 5355576 AND 5355676
	Bitmap Heap Scan on sbtest1  (cost=5.42..385.43 rows=96 width=125)
	  Recheck Cond: ((k >= 5355576) AND (k <= 5355676))
	  ->  Bitmap Index Scan on k_1  (cost=0.00..5.39 rows=96 width=0)
	        Index Cond: ((k >= 5355576) AND (k <= 5355676))

table 2 : explain SELECT k, c FROM sbtest2 WHERE k BETWEEN 5355576 AND 5355676
	Bitmap Heap Scan on sbtest2  (cost=5.51..420.88 rows=105 width=125)
	  Recheck Cond: ((k >= 5355576) AND (k <= 5355676))
	  ->  Bitmap Index Scan on k_2  (cost=0.00..5.48 rows=105 width=0)
	        Index Cond: ((k >= 5355576) AND (k <= 5355676))

table 3 : explain SELECT k, c FROM sbtest3 WHERE k BETWEEN 5355576 AND 5355676
	Bitmap Heap Scan on sbtest3  (cost=5.55..436.62 rows=109 width=125)
	  Recheck Cond: ((k >= 5355576) AND (k <= 5355676))
	  ->  Bitmap Index Scan on k_3  (cost=0.00..5.52 rows=109 width=0)
	        Index Cond: ((k >= 5355576) AND (k <= 5355676))

table 4 : explain SELECT k, c FROM sbtest4 WHERE k BETWEEN 5355576 AND 5355676
	Bitmap Heap Scan on sbtest4  (cost=5.47..405.13 rows=101 width=125)
	  Recheck Cond: ((k >= 5355576) AND (k <= 5355676))
	  ->  Bitmap Index Scan on k_4  (cost=0.00..5.44 rows=101 width=0)
	        Index Cond: ((k >= 5355576) AND (k <= 5355676))

table 5 : explain SELECT k, c FROM sbtest5 WHERE k BETWEEN 5355576 AND 5355676
	Bitmap Heap Scan on sbtest5  (cost=5.57..444.49 rows=111 width=125)
	  Recheck Cond: ((k >= 5355576) AND (k <= 5355676))
	  ->  Bitmap Index Scan on k_5  (cost=0.00..5.54 rows=111 width=0)
	        Index Cond: ((k >= 5355576) AND (k <= 5355676))

table 6 : explain SELECT k, c FROM sbtest6 WHERE k BETWEEN 5355576 AND 5355676
	Bitmap Heap Scan on sbtest6  (cost=5.50..416.94 rows=104 width=125)
	  Recheck Cond: ((k >= 5355576) AND (k <= 5355676))
	  ->  Bitmap Index Scan on k_6  (cost=0.00..5.47 rows=104 width=0)
	        Index Cond: ((k >= 5355576) AND (k <= 5355676))

table 7 : explain SELECT k, c FROM sbtest7 WHERE k BETWEEN 5355576 AND 5355676
	Bitmap Heap Scan on sbtest7  (cost=5.44..393.31 rows=98 width=125)
	  Recheck Cond: ((k >= 5355576) AND (k <= 5355676))
	  ->  Bitmap Index Scan on k_7  (cost=0.00..5.42 rows=98 width=0)
	        Index Cond: ((k >= 5355576) AND (k <= 5355676))

table 8 : explain SELECT k, c FROM sbtest8 WHERE k BETWEEN 5355576 AND 5355676
	Bitmap Heap Scan on sbtest8  (cost=5.45..397.25 rows=99 width=125)
	  Recheck Cond: ((k >= 5355576) AND (k <= 5355676))
	  ->  Bitmap Index Scan on k_8  (cost=0.00..5.42 rows=99 width=0)
	        Index Cond: ((k >= 5355576) AND (k <= 5355676))

for range-notcovered
table 1 : explain SELECT k, c FROM sbtest1 WHERE k BETWEEN 3181595 AND 3181695
	Bitmap Heap Scan on sbtest1  (cost=5.40..377.55 rows=94 width=125)
	  Recheck Cond: ((k >= 3181595) AND (k <= 3181695))
	  ->  Bitmap Index Scan on k_1  (cost=0.00..5.38 rows=94 width=0)
	        Index Cond: ((k >= 3181595) AND (k <= 3181695))

table 2 : explain SELECT k, c FROM sbtest2 WHERE k BETWEEN 3181595 AND 3181695
	Bitmap Heap Scan on sbtest2  (cost=5.48..409.07 rows=102 width=125)
	  Recheck Cond: ((k >= 3181595) AND (k <= 3181695))
	  ->  Bitmap Index Scan on k_2  (cost=0.00..5.45 rows=102 width=0)
	        Index Cond: ((k >= 3181595) AND (k <= 3181695))

table 3 : explain SELECT k, c FROM sbtest3 WHERE k BETWEEN 3181595 AND 3181695
	Bitmap Heap Scan on sbtest3  (cost=5.44..393.31 rows=98 width=125)
	  Recheck Cond: ((k >= 3181595) AND (k <= 3181695))
	  ->  Bitmap Index Scan on k_3  (cost=0.00..5.42 rows=98 width=0)
	        Index Cond: ((k >= 3181595) AND (k <= 3181695))

table 4 : explain SELECT k, c FROM sbtest4 WHERE k BETWEEN 3181595 AND 3181695
	Bitmap Heap Scan on sbtest4  (cost=5.48..409.07 rows=102 width=125)
	  Recheck Cond: ((k >= 3181595) AND (k <= 3181695))
	  ->  Bitmap Index Scan on k_4  (cost=0.00..5.45 rows=102 width=0)
	        Index Cond: ((k >= 3181595) AND (k <= 3181695))

table 5 : explain SELECT k, c FROM sbtest5 WHERE k BETWEEN 3181595 AND 3181695
	Bitmap Heap Scan on sbtest5  (cost=5.45..397.25 rows=99 width=125)
	  Recheck Cond: ((k >= 3181595) AND (k <= 3181695))
	  ->  Bitmap Index Scan on k_5  (cost=0.00..5.42 rows=99 width=0)
	        Index Cond: ((k >= 3181595) AND (k <= 3181695))

table 6 : explain SELECT k, c FROM sbtest6 WHERE k BETWEEN 3181595 AND 3181695
	Bitmap Heap Scan on sbtest6  (cost=5.50..416.94 rows=104 width=125)
	  Recheck Cond: ((k >= 3181595) AND (k <= 3181695))
	  ->  Bitmap Index Scan on k_6  (cost=0.00..5.47 rows=104 width=0)
	        Index Cond: ((k >= 3181595) AND (k <= 3181695))

table 7 : explain SELECT k, c FROM sbtest7 WHERE k BETWEEN 3181595 AND 3181695
	Bitmap Heap Scan on sbtest7  (cost=5.34..353.89 rows=88 width=125)
	  Recheck Cond: ((k >= 3181595) AND (k <= 3181695))
	  ->  Bitmap Index Scan on k_7  (cost=0.00..5.31 rows=88 width=0)
	        Index Cond: ((k >= 3181595) AND (k <= 3181695))

table 8 : explain SELECT k, c FROM sbtest8 WHERE k BETWEEN 3181595 AND 3181695
	Bitmap Heap Scan on sbtest8  (cost=5.46..401.19 rows=100 width=125)
	  Recheck Cond: ((k >= 3181595) AND (k <= 3181695))
	  ->  Bitmap Index Scan on k_8  (cost=0.00..5.43 rows=100 width=0)
	        Index Cond: ((k >= 3181595) AND (k <= 3181695))

for range-notcovered
table 1 : explain SELECT k, c FROM sbtest1 WHERE k BETWEEN 5670248 AND 5670348
	Bitmap Heap Scan on sbtest1  (cost=5.54..432.69 rows=108 width=125)
	  Recheck Cond: ((k >= 5670248) AND (k <= 5670348))
	  ->  Bitmap Index Scan on k_1  (cost=0.00..5.51 rows=108 width=0)
	        Index Cond: ((k >= 5670248) AND (k <= 5670348))

table 2 : explain SELECT k, c FROM sbtest2 WHERE k BETWEEN 5670248 AND 5670348
	Bitmap Heap Scan on sbtest2  (cost=5.48..409.07 rows=102 width=125)
	  Recheck Cond: ((k >= 5670248) AND (k <= 5670348))
	  ->  Bitmap Index Scan on k_2  (cost=0.00..5.45 rows=102 width=0)
	        Index Cond: ((k >= 5670248) AND (k <= 5670348))

table 3 : explain SELECT k, c FROM sbtest3 WHERE k BETWEEN 5670248 AND 5670348
	Bitmap Heap Scan on sbtest3  (cost=5.52..424.81 rows=106 width=125)
	  Recheck Cond: ((k >= 5670248) AND (k <= 5670348))
	  ->  Bitmap Index Scan on k_3  (cost=0.00..5.50 rows=106 width=0)
	        Index Cond: ((k >= 5670248) AND (k <= 5670348))

table 4 : explain SELECT k, c FROM sbtest4 WHERE k BETWEEN 5670248 AND 5670348
	Bitmap Heap Scan on sbtest4  (cost=5.51..420.88 rows=105 width=125)
	  Recheck Cond: ((k >= 5670248) AND (k <= 5670348))
	  ->  Bitmap Index Scan on k_4  (cost=0.00..5.48 rows=105 width=0)
	        Index Cond: ((k >= 5670248) AND (k <= 5670348))

table 5 : explain SELECT k, c FROM sbtest5 WHERE k BETWEEN 5670248 AND 5670348
	Bitmap Heap Scan on sbtest5  (cost=5.68..483.81 rows=121 width=125)
	  Recheck Cond: ((k >= 5670248) AND (k <= 5670348))
	  ->  Bitmap Index Scan on k_5  (cost=0.00..5.64 rows=121 width=0)
	        Index Cond: ((k >= 5670248) AND (k <= 5670348))

table 6 : explain SELECT k, c FROM sbtest6 WHERE k BETWEEN 5670248 AND 5670348
	Bitmap Heap Scan on sbtest6  (cost=5.57..444.49 rows=111 width=125)
	  Recheck Cond: ((k >= 5670248) AND (k <= 5670348))
	  ->  Bitmap Index Scan on k_6  (cost=0.00..5.54 rows=111 width=0)
	        Index Cond: ((k >= 5670248) AND (k <= 5670348))

table 7 : explain SELECT k, c FROM sbtest7 WHERE k BETWEEN 5670248 AND 5670348
	Bitmap Heap Scan on sbtest7  (cost=5.43..389.37 rows=97 width=125)
	  Recheck Cond: ((k >= 5670248) AND (k <= 5670348))
	  ->  Bitmap Index Scan on k_7  (cost=0.00..5.40 rows=97 width=0)
	        Index Cond: ((k >= 5670248) AND (k <= 5670348))

table 8 : explain SELECT k, c FROM sbtest8 WHERE k BETWEEN 5670248 AND 5670348
	Bitmap Heap Scan on sbtest8  (cost=5.39..373.61 rows=93 width=125)
	  Recheck Cond: ((k >= 5670248) AND (k <= 5670348))
	  ->  Bitmap Index Scan on k_8  (cost=0.00..5.36 rows=93 width=0)
	        Index Cond: ((k >= 5670248) AND (k <= 5670348))

explain: for range-notcovered :: explain SELECT k, c FROM sbtest%d WHERE k BETWEEN 5670248 AND 5670348
explain: for range-notcovered :: explain SELECT k, c FROM sbtest%d WHERE k BETWEEN 3045608 AND 3045708
for range-notcovered
table 1 : explain SELECT k, c FROM sbtest1 WHERE k BETWEEN 5670248 AND 5670348
	Bitmap Heap Scan on sbtest1  (cost=5.54..432.69 rows=108 width=125)
	  Recheck Cond: ((k >= 5670248) AND (k <= 5670348))
	  ->  Bitmap Index Scan on k_1  (cost=0.00..5.51 rows=108 width=0)
	        Index Cond: ((k >= 5670248) AND (k <= 5670348))

table 2 : explain SELECT k, c FROM sbtest2 WHERE k BETWEEN 5670248 AND 5670348
	Bitmap Heap Scan on sbtest2  (cost=5.48..409.07 rows=102 width=125)
	  Recheck Cond: ((k >= 5670248) AND (k <= 5670348))
	  ->  Bitmap Index Scan on k_2  (cost=0.00..5.45 rows=102 width=0)
	        Index Cond: ((k >= 5670248) AND (k <= 5670348))

table 3 : explain SELECT k, c FROM sbtest3 WHERE k BETWEEN 5670248 AND 5670348
	Bitmap Heap Scan on sbtest3  (cost=5.52..424.81 rows=106 width=125)
	  Recheck Cond: ((k >= 5670248) AND (k <= 5670348))
	  ->  Bitmap Index Scan on k_3  (cost=0.00..5.50 rows=106 width=0)
	        Index Cond: ((k >= 5670248) AND (k <= 5670348))

table 4 : explain SELECT k, c FROM sbtest4 WHERE k BETWEEN 5670248 AND 5670348
	Bitmap Heap Scan on sbtest4  (cost=5.51..420.88 rows=105 width=125)
	  Recheck Cond: ((k >= 5670248) AND (k <= 5670348))
	  ->  Bitmap Index Scan on k_4  (cost=0.00..5.48 rows=105 width=0)
	        Index Cond: ((k >= 5670248) AND (k <= 5670348))

table 5 : explain SELECT k, c FROM sbtest5 WHERE k BETWEEN 5670248 AND 5670348
	Bitmap Heap Scan on sbtest5  (cost=5.68..483.81 rows=121 width=125)
	  Recheck Cond: ((k >= 5670248) AND (k <= 5670348))
	  ->  Bitmap Index Scan on k_5  (cost=0.00..5.64 rows=121 width=0)
	        Index Cond: ((k >= 5670248) AND (k <= 5670348))

table 6 : explain SELECT k, c FROM sbtest6 WHERE k BETWEEN 5670248 AND 5670348
	Bitmap Heap Scan on sbtest6  (cost=5.57..444.49 rows=111 width=125)
	  Recheck Cond: ((k >= 5670248) AND (k <= 5670348))
	  ->  Bitmap Index Scan on k_6  (cost=0.00..5.54 rows=111 width=0)
	        Index Cond: ((k >= 5670248) AND (k <= 5670348))

table 7 : explain SELECT k, c FROM sbtest7 WHERE k BETWEEN 5670248 AND 5670348
	Bitmap Heap Scan on sbtest7  (cost=5.43..389.37 rows=97 width=125)
	  Recheck Cond: ((k >= 5670248) AND (k <= 5670348))
	  ->  Bitmap Index Scan on k_7  (cost=0.00..5.40 rows=97 width=0)
	        Index Cond: ((k >= 5670248) AND (k <= 5670348))

table 8 : explain SELECT k, c FROM sbtest8 WHERE k BETWEEN 5670248 AND 5670348
	Bitmap Heap Scan on sbtest8  (cost=5.39..373.61 rows=93 width=125)
	  Recheck Cond: ((k >= 5670248) AND (k <= 5670348))
	  ->  Bitmap Index Scan on k_8  (cost=0.00..5.36 rows=93 width=0)
	        Index Cond: ((k >= 5670248) AND (k <= 5670348))

explain: for range-notcovered :: explain SELECT k, c FROM sbtest%d WHERE k BETWEEN 5670248 AND 5670348
for range-notcovered
table 1 : explain SELECT k, c FROM sbtest1 WHERE k BETWEEN 4427296 AND 4427396
	Bitmap Heap Scan on sbtest1  (cost=5.54..432.69 rows=108 width=125)
	  Recheck Cond: ((k >= 4427296) AND (k <= 4427396))
	  ->  Bitmap Index Scan on k_1  (cost=0.00..5.51 rows=108 width=0)
	        Index Cond: ((k >= 4427296) AND (k <= 4427396))

table 2 : explain SELECT k, c FROM sbtest2 WHERE k BETWEEN 4427296 AND 4427396
	Bitmap Heap Scan on sbtest2  (cost=5.46..401.19 rows=100 width=125)
	  Recheck Cond: ((k >= 4427296) AND (k <= 4427396))
	  ->  Bitmap Index Scan on k_2  (cost=0.00..5.43 rows=100 width=0)
	        Index Cond: ((k >= 4427296) AND (k <= 4427396))

table 3 : explain SELECT k, c FROM sbtest3 WHERE k BETWEEN 4427296 AND 4427396
	Bitmap Heap Scan on sbtest3  (cost=5.53..428.75 rows=107 width=125)
	  Recheck Cond: ((k >= 4427296) AND (k <= 4427396))
	  ->  Bitmap Index Scan on k_3  (cost=0.00..5.50 rows=107 width=0)
	        Index Cond: ((k >= 4427296) AND (k <= 4427396))

table 4 : explain SELECT k, c FROM sbtest4 WHERE k BETWEEN 4427296 AND 4427396
	Bitmap Heap Scan on sbtest4  (cost=5.35..357.84 rows=89 width=125)
	  Recheck Cond: ((k >= 4427296) AND (k <= 4427396))
	  ->  Bitmap Index Scan on k_4  (cost=0.00..5.32 rows=89 width=0)
	        Index Cond: ((k >= 4427296) AND (k <= 4427396))

table 5 : explain SELECT k, c FROM sbtest5 WHERE k BETWEEN 4427296 AND 4427396
	Bitmap Heap Scan on sbtest5  (cost=5.45..397.25 rows=99 width=125)
	  Recheck Cond: ((k >= 4427296) AND (k <= 4427396))
	  ->  Bitmap Index Scan on k_5  (cost=0.00..5.42 rows=99 width=0)
	        Index Cond: ((k >= 4427296) AND (k <= 4427396))

table 6 : explain SELECT k, c FROM sbtest6 WHERE k BETWEEN 4427296 AND 4427396
	Bitmap Heap Scan on sbtest6  (cost=5.44..393.31 rows=98 width=125)
	  Recheck Cond: ((k >= 4427296) AND (k <= 4427396))
	  ->  Bitmap Index Scan on k_6  (cost=0.00..5.42 rows=98 width=0)
	        Index Cond: ((k >= 4427296) AND (k <= 4427396))

table 7 : explain SELECT k, c FROM sbtest7 WHERE k BETWEEN 4427296 AND 4427396
	Bitmap Heap Scan on sbtest7  (cost=5.42..385.43 rows=96 width=125)
	  Recheck Cond: ((k >= 4427296) AND (k <= 4427396))
	  ->  Bitmap Index Scan on k_7  (cost=0.00..5.39 rows=96 width=0)
	        Index Cond: ((k >= 4427296) AND (k <= 4427396))

table 8 : explain SELECT k, c FROM sbtest8 WHERE k BETWEEN 4427296 AND 4427396
	Bitmap Heap Scan on sbtest8  (cost=5.46..401.19 rows=100 width=125)
	  Recheck Cond: ((k >= 4427296) AND (k <= 4427396))
	  ->  Bitmap Index Scan on k_8  (cost=0.00..5.43 rows=100 width=0)
	        Index Cond: ((k >= 4427296) AND (k <= 4427396))

explain: for range-notcovered :: explain SELECT k, c FROM sbtest%d WHERE k BETWEEN 4427296 AND 4427396
for range-notcovered
table 1 : explain SELECT k, c FROM sbtest1 WHERE k BETWEEN 5670248 AND 5670348
	Bitmap Heap Scan on sbtest1  (cost=5.54..432.69 rows=108 width=125)
	  Recheck Cond: ((k >= 5670248) AND (k <= 5670348))
	  ->  Bitmap Index Scan on k_1  (cost=0.00..5.51 rows=108 width=0)
	        Index Cond: ((k >= 5670248) AND (k <= 5670348))

table 2 : explain SELECT k, c FROM sbtest2 WHERE k BETWEEN 5670248 AND 5670348
	Bitmap Heap Scan on sbtest2  (cost=5.48..409.07 rows=102 width=125)
	  Recheck Cond: ((k >= 5670248) AND (k <= 5670348))
	  ->  Bitmap Index Scan on k_2  (cost=0.00..5.45 rows=102 width=0)
	        Index Cond: ((k >= 5670248) AND (k <= 5670348))

table 3 : explain SELECT k, c FROM sbtest3 WHERE k BETWEEN 5670248 AND 5670348
	Bitmap Heap Scan on sbtest3  (cost=5.52..424.81 rows=106 width=125)
	  Recheck Cond: ((k >= 5670248) AND (k <= 5670348))
	  ->  Bitmap Index Scan on k_3  (cost=0.00..5.50 rows=106 width=0)
	        Index Cond: ((k >= 5670248) AND (k <= 5670348))

table 4 : explain SELECT k, c FROM sbtest4 WHERE k BETWEEN 5670248 AND 5670348
	Bitmap Heap Scan on sbtest4  (cost=5.51..420.88 rows=105 width=125)
	  Recheck Cond: ((k >= 5670248) AND (k <= 5670348))
	  ->  Bitmap Index Scan on k_4  (cost=0.00..5.48 rows=105 width=0)
	        Index Cond: ((k >= 5670248) AND (k <= 5670348))

table 5 : explain SELECT k, c FROM sbtest5 WHERE k BETWEEN 5670248 AND 5670348
	Bitmap Heap Scan on sbtest5  (cost=5.68..483.81 rows=121 width=125)
	  Recheck Cond: ((k >= 5670248) AND (k <= 5670348))
	  ->  Bitmap Index Scan on k_5  (cost=0.00..5.64 rows=121 width=0)
	        Index Cond: ((k >= 5670248) AND (k <= 5670348))

table 6 : explain SELECT k, c FROM sbtest6 WHERE k BETWEEN 5670248 AND 5670348
	Bitmap Heap Scan on sbtest6  (cost=5.57..444.49 rows=111 width=125)
	  Recheck Cond: ((k >= 5670248) AND (k <= 5670348))
	  ->  Bitmap Index Scan on k_6  (cost=0.00..5.54 rows=111 width=0)
	        Index Cond: ((k >= 5670248) AND (k <= 5670348))

table 7 : explain SELECT k, c FROM sbtest7 WHERE k BETWEEN 5670248 AND 5670348
	Bitmap Heap Scan on sbtest7  (cost=5.43..389.37 rows=97 width=125)
	  Recheck Cond: ((k >= 5670248) AND (k <= 5670348))
	  ->  Bitmap Index Scan on k_7  (cost=0.00..5.40 rows=97 width=0)
	        Index Cond: ((k >= 5670248) AND (k <= 5670348))

table 8 : explain SELECT k, c FROM sbtest8 WHERE k BETWEEN 5670248 AND 5670348
	Bitmap Heap Scan on sbtest8  (cost=5.39..373.61 rows=93 width=125)
	  Recheck Cond: ((k >= 5670248) AND (k <= 5670348))
	  ->  Bitmap Index Scan on k_8  (cost=0.00..5.36 rows=93 width=0)
	        Index Cond: ((k >= 5670248) AND (k <= 5670348))

explain: for range-notcovered :: explain SELECT k, c FROM sbtest%d WHERE k BETWEEN 5670248 AND 5670348
for range-notcovered
table 1 : explain SELECT k, c FROM sbtest1 WHERE k BETWEEN 4427296 AND 4427396
	Bitmap Heap Scan on sbtest1  (cost=5.54..432.69 rows=108 width=125)
	  Recheck Cond: ((k >= 4427296) AND (k <= 4427396))
	  ->  Bitmap Index Scan on k_1  (cost=0.00..5.51 rows=108 width=0)
	        Index Cond: ((k >= 4427296) AND (k <= 4427396))

table 2 : explain SELECT k, c FROM sbtest2 WHERE k BETWEEN 4427296 AND 4427396
	Bitmap Heap Scan on sbtest2  (cost=5.46..401.19 rows=100 width=125)
	  Recheck Cond: ((k >= 4427296) AND (k <= 4427396))
	  ->  Bitmap Index Scan on k_2  (cost=0.00..5.43 rows=100 width=0)
	        Index Cond: ((k >= 4427296) AND (k <= 4427396))

table 3 : explain SELECT k, c FROM sbtest3 WHERE k BETWEEN 4427296 AND 4427396
	Bitmap Heap Scan on sbtest3  (cost=5.53..428.75 rows=107 width=125)
	  Recheck Cond: ((k >= 4427296) AND (k <= 4427396))
	  ->  Bitmap Index Scan on k_3  (cost=0.00..5.50 rows=107 width=0)
	        Index Cond: ((k >= 4427296) AND (k <= 4427396))

table 4 : explain SELECT k, c FROM sbtest4 WHERE k BETWEEN 4427296 AND 4427396
	Bitmap Heap Scan on sbtest4  (cost=5.35..357.84 rows=89 width=125)
	  Recheck Cond: ((k >= 4427296) AND (k <= 4427396))
	  ->  Bitmap Index Scan on k_4  (cost=0.00..5.32 rows=89 width=0)
	        Index Cond: ((k >= 4427296) AND (k <= 4427396))

table 5 : explain SELECT k, c FROM sbtest5 WHERE k BETWEEN 4427296 AND 4427396
	Bitmap Heap Scan on sbtest5  (cost=5.45..397.25 rows=99 width=125)
	  Recheck Cond: ((k >= 4427296) AND (k <= 4427396))
	  ->  Bitmap Index Scan on k_5  (cost=0.00..5.42 rows=99 width=0)
	        Index Cond: ((k >= 4427296) AND (k <= 4427396))

table 6 : explain SELECT k, c FROM sbtest6 WHERE k BETWEEN 4427296 AND 4427396
	Bitmap Heap Scan on sbtest6  (cost=5.44..393.31 rows=98 width=125)
	  Recheck Cond: ((k >= 4427296) AND (k <= 4427396))
	  ->  Bitmap Index Scan on k_6  (cost=0.00..5.42 rows=98 width=0)
	        Index Cond: ((k >= 4427296) AND (k <= 4427396))

table 7 : explain SELECT k, c FROM sbtest7 WHERE k BETWEEN 4427296 AND 4427396
	Bitmap Heap Scan on sbtest7  (cost=5.42..385.43 rows=96 width=125)
	  Recheck Cond: ((k >= 4427296) AND (k <= 4427396))
	  ->  Bitmap Index Scan on k_7  (cost=0.00..5.39 rows=96 width=0)
	        Index Cond: ((k >= 4427296) AND (k <= 4427396))

table 8 : explain SELECT k, c FROM sbtest8 WHERE k BETWEEN 4427296 AND 4427396
	Bitmap Heap Scan on sbtest8  (cost=5.46..401.19 rows=100 width=125)
	  Recheck Cond: ((k >= 4427296) AND (k <= 4427396))
	  ->  Bitmap Index Scan on k_8  (cost=0.00..5.43 rows=100 width=0)
	        Index Cond: ((k >= 4427296) AND (k <= 4427396))

explain: for range-notcovered :: explain SELECT k, c FROM sbtest%d WHERE k BETWEEN 4427296 AND 4427396
for range-notcovered
table 1 : explain SELECT k, c FROM sbtest1 WHERE k BETWEEN 5369804 AND 5369904
	Bitmap Heap Scan on sbtest1  (cost=5.42..385.43 rows=96 width=125)
	  Recheck Cond: ((k >= 5369804) AND (k <= 5369904))
	  ->  Bitmap Index Scan on k_1  (cost=0.00..5.39 rows=96 width=0)
	        Index Cond: ((k >= 5369804) AND (k <= 5369904))

table 2 : explain SELECT k, c FROM sbtest2 WHERE k BETWEEN 5369804 AND 5369904
	Bitmap Heap Scan on sbtest2  (cost=5.51..420.88 rows=105 width=125)
	  Recheck Cond: ((k >= 5369804) AND (k <= 5369904))
	  ->  Bitmap Index Scan on k_2  (cost=0.00..5.48 rows=105 width=0)
	        Index Cond: ((k >= 5369804) AND (k <= 5369904))

table 3 : explain SELECT k, c FROM sbtest3 WHERE k BETWEEN 5369804 AND 5369904
	Bitmap Heap Scan on sbtest3  (cost=5.55..436.62 rows=109 width=125)
	  Recheck Cond: ((k >= 5369804) AND (k <= 5369904))
	  ->  Bitmap Index Scan on k_3  (cost=0.00..5.52 rows=109 width=0)
	        Index Cond: ((k >= 5369804) AND (k <= 5369904))

table 4 : explain SELECT k, c FROM sbtest4 WHERE k BETWEEN 5369804 AND 5369904
	Bitmap Heap Scan on sbtest4  (cost=5.47..405.13 rows=101 width=125)
	  Recheck Cond: ((k >= 5369804) AND (k <= 5369904))
	  ->  Bitmap Index Scan on k_4  (cost=0.00..5.44 rows=101 width=0)
	        Index Cond: ((k >= 5369804) AND (k <= 5369904))

table 5 : explain SELECT k, c FROM sbtest5 WHERE k BETWEEN 5369804 AND 5369904
	Bitmap Heap Scan on sbtest5  (cost=5.57..444.49 rows=111 width=125)
	  Recheck Cond: ((k >= 5369804) AND (k <= 5369904))
	  ->  Bitmap Index Scan on k_5  (cost=0.00..5.54 rows=111 width=0)
	        Index Cond: ((k >= 5369804) AND (k <= 5369904))

table 6 : explain SELECT k, c FROM sbtest6 WHERE k BETWEEN 5369804 AND 5369904
	Bitmap Heap Scan on sbtest6  (cost=5.50..416.94 rows=104 width=125)
	  Recheck Cond: ((k >= 5369804) AND (k <= 5369904))
	  ->  Bitmap Index Scan on k_6  (cost=0.00..5.47 rows=104 width=0)
	        Index Cond: ((k >= 5369804) AND (k <= 5369904))

table 7 : explain SELECT k, c FROM sbtest7 WHERE k BETWEEN 5369804 AND 5369904
	Bitmap Heap Scan on sbtest7  (cost=5.44..393.31 rows=98 width=125)
	  Recheck Cond: ((k >= 5369804) AND (k <= 5369904))
	  ->  Bitmap Index Scan on k_7  (cost=0.00..5.42 rows=98 width=0)
	        Index Cond: ((k >= 5369804) AND (k <= 5369904))

table 8 : explain SELECT k, c FROM sbtest8 WHERE k BETWEEN 5369804 AND 5369904
	Bitmap Heap Scan on sbtest8  (cost=5.45..397.25 rows=99 width=125)
	  Recheck Cond: ((k >= 5369804) AND (k <= 5369904))
	  ->  Bitmap Index Scan on k_8  (cost=0.00..5.42 rows=99 width=0)
	        Index Cond: ((k >= 5369804) AND (k <= 5369904))

for range-notcovered
table 1 : explain SELECT k, c FROM sbtest1 WHERE k BETWEEN 5670248 AND 5670348
	Bitmap Heap Scan on sbtest1  (cost=5.54..432.69 rows=108 width=125)
	  Recheck Cond: ((k >= 5670248) AND (k <= 5670348))
	  ->  Bitmap Index Scan on k_1  (cost=0.00..5.51 rows=108 width=0)
	        Index Cond: ((k >= 5670248) AND (k <= 5670348))

table 2 : explain SELECT k, c FROM sbtest2 WHERE k BETWEEN 5670248 AND 5670348
	Bitmap Heap Scan on sbtest2  (cost=5.48..409.07 rows=102 width=125)
	  Recheck Cond: ((k >= 5670248) AND (k <= 5670348))
	  ->  Bitmap Index Scan on k_2  (cost=0.00..5.45 rows=102 width=0)
	        Index Cond: ((k >= 5670248) AND (k <= 5670348))

table 3 : explain SELECT k, c FROM sbtest3 WHERE k BETWEEN 5670248 AND 5670348
	Bitmap Heap Scan on sbtest3  (cost=5.52..424.81 rows=106 width=125)
	  Recheck Cond: ((k >= 5670248) AND (k <= 5670348))
	  ->  Bitmap Index Scan on k_3  (cost=0.00..5.50 rows=106 width=0)
	        Index Cond: ((k >= 5670248) AND (k <= 5670348))

table 4 : explain SELECT k, c FROM sbtest4 WHERE k BETWEEN 5670248 AND 5670348
	Bitmap Heap Scan on sbtest4  (cost=5.51..420.88 rows=105 width=125)
	  Recheck Cond: ((k >= 5670248) AND (k <= 5670348))
	  ->  Bitmap Index Scan on k_4  (cost=0.00..5.48 rows=105 width=0)
	        Index Cond: ((k >= 5670248) AND (k <= 5670348))

table 5 : explain SELECT k, c FROM sbtest5 WHERE k BETWEEN 5670248 AND 5670348
	Bitmap Heap Scan on sbtest5  (cost=5.68..483.81 rows=121 width=125)
	  Recheck Cond: ((k >= 5670248) AND (k <= 5670348))
	  ->  Bitmap Index Scan on k_5  (cost=0.00..5.64 rows=121 width=0)
	        Index Cond: ((k >= 5670248) AND (k <= 5670348))

table 6 : explain SELECT k, c FROM sbtest6 WHERE k BETWEEN 5670248 AND 5670348
	Bitmap Heap Scan on sbtest6  (cost=5.57..444.49 rows=111 width=125)
	  Recheck Cond: ((k >= 5670248) AND (k <= 5670348))
	  ->  Bitmap Index Scan on k_6  (cost=0.00..5.54 rows=111 width=0)
	        Index Cond: ((k >= 5670248) AND (k <= 5670348))

table 7 : explain SELECT k, c FROM sbtest7 WHERE k BETWEEN 5670248 AND 5670348
	Bitmap Heap Scan on sbtest7  (cost=5.43..389.37 rows=97 width=125)
	  Recheck Cond: ((k >= 5670248) AND (k <= 5670348))
	  ->  Bitmap Index Scan on k_7  (cost=0.00..5.40 rows=97 width=0)
	        Index Cond: ((k >= 5670248) AND (k <= 5670348))

table 8 : explain SELECT k, c FROM sbtest8 WHERE k BETWEEN 5670248 AND 5670348
	Bitmap Heap Scan on sbtest8  (cost=5.39..373.61 rows=93 width=125)
	  Recheck Cond: ((k >= 5670248) AND (k <= 5670348))
	  ->  Bitmap Index Scan on k_8  (cost=0.00..5.36 rows=93 width=0)
	        Index Cond: ((k >= 5670248) AND (k <= 5670348))

explain: for range-notcovered :: explain SELECT k, c FROM sbtest%d WHERE k BETWEEN 5670248 AND 5670348
for range-notcovered
table 1 : explain SELECT k, c FROM sbtest1 WHERE k BETWEEN 4427296 AND 4427396
	Bitmap Heap Scan on sbtest1  (cost=5.54..432.69 rows=108 width=125)
	  Recheck Cond: ((k >= 4427296) AND (k <= 4427396))
	  ->  Bitmap Index Scan on k_1  (cost=0.00..5.51 rows=108 width=0)
	        Index Cond: ((k >= 4427296) AND (k <= 4427396))

table 2 : explain SELECT k, c FROM sbtest2 WHERE k BETWEEN 4427296 AND 4427396
	Bitmap Heap Scan on sbtest2  (cost=5.46..401.19 rows=100 width=125)
	  Recheck Cond: ((k >= 4427296) AND (k <= 4427396))
	  ->  Bitmap Index Scan on k_2  (cost=0.00..5.43 rows=100 width=0)
	        Index Cond: ((k >= 4427296) AND (k <= 4427396))

table 3 : explain SELECT k, c FROM sbtest3 WHERE k BETWEEN 4427296 AND 4427396
	Bitmap Heap Scan on sbtest3  (cost=5.53..428.75 rows=107 width=125)
	  Recheck Cond: ((k >= 4427296) AND (k <= 4427396))
	  ->  Bitmap Index Scan on k_3  (cost=0.00..5.50 rows=107 width=0)
	        Index Cond: ((k >= 4427296) AND (k <= 4427396))

table 4 : explain SELECT k, c FROM sbtest4 WHERE k BETWEEN 4427296 AND 4427396
	Bitmap Heap Scan on sbtest4  (cost=5.35..357.84 rows=89 width=125)
	  Recheck Cond: ((k >= 4427296) AND (k <= 4427396))
	  ->  Bitmap Index Scan on k_4  (cost=0.00..5.32 rows=89 width=0)
	        Index Cond: ((k >= 4427296) AND (k <= 4427396))

table 5 : explain SELECT k, c FROM sbtest5 WHERE k BETWEEN 4427296 AND 4427396
	Bitmap Heap Scan on sbtest5  (cost=5.45..397.25 rows=99 width=125)
	  Recheck Cond: ((k >= 4427296) AND (k <= 4427396))
	  ->  Bitmap Index Scan on k_5  (cost=0.00..5.42 rows=99 width=0)
	        Index Cond: ((k >= 4427296) AND (k <= 4427396))

table 6 : explain SELECT k, c FROM sbtest6 WHERE k BETWEEN 4427296 AND 4427396
	Bitmap Heap Scan on sbtest6  (cost=5.44..393.31 rows=98 width=125)
	  Recheck Cond: ((k >= 4427296) AND (k <= 4427396))
	  ->  Bitmap Index Scan on k_6  (cost=0.00..5.42 rows=98 width=0)
	        Index Cond: ((k >= 4427296) AND (k <= 4427396))

table 7 : explain SELECT k, c FROM sbtest7 WHERE k BETWEEN 4427296 AND 4427396
	Bitmap Heap Scan on sbtest7  (cost=5.42..385.43 rows=96 width=125)
	  Recheck Cond: ((k >= 4427296) AND (k <= 4427396))
	  ->  Bitmap Index Scan on k_7  (cost=0.00..5.39 rows=96 width=0)
	        Index Cond: ((k >= 4427296) AND (k <= 4427396))

table 8 : explain SELECT k, c FROM sbtest8 WHERE k BETWEEN 4427296 AND 4427396
	Bitmap Heap Scan on sbtest8  (cost=5.46..401.19 rows=100 width=125)
	  Recheck Cond: ((k >= 4427296) AND (k <= 4427396))
	  ->  Bitmap Index Scan on k_8  (cost=0.00..5.43 rows=100 width=0)
	        Index Cond: ((k >= 4427296) AND (k <= 4427396))

explain: for range-notcovered :: explain SELECT k, c FROM sbtest%d WHERE k BETWEEN 4427296 AND 4427396
for range-notcovered
table 1 : explain SELECT k, c FROM sbtest1 WHERE k BETWEEN 3432958 AND 3433058
	Bitmap Heap Scan on sbtest1  (cost=5.44..393.31 rows=98 width=125)
	  Recheck Cond: ((k >= 3432958) AND (k <= 3433058))
	  ->  Bitmap Index Scan on k_1  (cost=0.00..5.42 rows=98 width=0)
	        Index Cond: ((k >= 3432958) AND (k <= 3433058))

table 2 : explain SELECT k, c FROM sbtest2 WHERE k BETWEEN 3432958 AND 3433058
	Bitmap Heap Scan on sbtest2  (cost=5.56..440.56 rows=110 width=125)
	  Recheck Cond: ((k >= 3432958) AND (k <= 3433058))
	  ->  Bitmap Index Scan on k_2  (cost=0.00..5.53 rows=110 width=0)
	        Index Cond: ((k >= 3432958) AND (k <= 3433058))

table 3 : explain SELECT k, c FROM sbtest3 WHERE k BETWEEN 3432958 AND 3433058
	Bitmap Heap Scan on sbtest3  (cost=5.45..397.25 rows=99 width=125)
	  Recheck Cond: ((k >= 3432958) AND (k <= 3433058))
	  ->  Bitmap Index Scan on k_3  (cost=0.00..5.42 rows=99 width=0)
	        Index Cond: ((k >= 3432958) AND (k <= 3433058))

table 4 : explain SELECT k, c FROM sbtest4 WHERE k BETWEEN 3432958 AND 3433058
	Bitmap Heap Scan on sbtest4  (cost=5.46..401.19 rows=100 width=125)
	  Recheck Cond: ((k >= 3432958) AND (k <= 3433058))
	  ->  Bitmap Index Scan on k_4  (cost=0.00..5.43 rows=100 width=0)
	        Index Cond: ((k >= 3432958) AND (k <= 3433058))

table 5 : explain SELECT k, c FROM sbtest5 WHERE k BETWEEN 3432958 AND 3433058
	Bitmap Heap Scan on sbtest5  (cost=5.55..436.62 rows=109 width=125)
	  Recheck Cond: ((k >= 3432958) AND (k <= 3433058))
	  ->  Bitmap Index Scan on k_5  (cost=0.00..5.52 rows=109 width=0)
	        Index Cond: ((k >= 3432958) AND (k <= 3433058))

table 6 : explain SELECT k, c FROM sbtest6 WHERE k BETWEEN 3432958 AND 3433058
	Bitmap Heap Scan on sbtest6  (cost=5.46..401.19 rows=100 width=125)
	  Recheck Cond: ((k >= 3432958) AND (k <= 3433058))
	  ->  Bitmap Index Scan on k_6  (cost=0.00..5.43 rows=100 width=0)
	        Index Cond: ((k >= 3432958) AND (k <= 3433058))

table 7 : explain SELECT k, c FROM sbtest7 WHERE k BETWEEN 3432958 AND 3433058
	Bitmap Heap Scan on sbtest7  (cost=5.43..389.37 rows=97 width=125)
	  Recheck Cond: ((k >= 3432958) AND (k <= 3433058))
	  ->  Bitmap Index Scan on k_7  (cost=0.00..5.40 rows=97 width=0)
	        Index Cond: ((k >= 3432958) AND (k <= 3433058))

table 8 : explain SELECT k, c FROM sbtest8 WHERE k BETWEEN 3432958 AND 3433058
	Bitmap Heap Scan on sbtest8  (cost=5.55..436.62 rows=109 width=125)
	  Recheck Cond: ((k >= 3432958) AND (k <= 3433058))
	  ->  Bitmap Index Scan on k_8  (cost=0.00..5.52 rows=109 width=0)
	        Index Cond: ((k >= 3432958) AND (k <= 3433058))

for range-notcovered
table 1 : explain SELECT k, c FROM sbtest1 WHERE k BETWEEN 5670248 AND 5670348
	Bitmap Heap Scan on sbtest1  (cost=5.54..432.69 rows=108 width=125)
	  Recheck Cond: ((k >= 5670248) AND (k <= 5670348))
	  ->  Bitmap Index Scan on k_1  (cost=0.00..5.51 rows=108 width=0)
	        Index Cond: ((k >= 5670248) AND (k <= 5670348))

table 2 : explain SELECT k, c FROM sbtest2 WHERE k BETWEEN 5670248 AND 5670348
	Bitmap Heap Scan on sbtest2  (cost=5.48..409.07 rows=102 width=125)
	  Recheck Cond: ((k >= 5670248) AND (k <= 5670348))
	  ->  Bitmap Index Scan on k_2  (cost=0.00..5.45 rows=102 width=0)
	        Index Cond: ((k >= 5670248) AND (k <= 5670348))

table 3 : explain SELECT k, c FROM sbtest3 WHERE k BETWEEN 5670248 AND 5670348
	Bitmap Heap Scan on sbtest3  (cost=5.52..424.81 rows=106 width=125)
	  Recheck Cond: ((k >= 5670248) AND (k <= 5670348))
	  ->  Bitmap Index Scan on k_3  (cost=0.00..5.50 rows=106 width=0)
	        Index Cond: ((k >= 5670248) AND (k <= 5670348))

table 4 : explain SELECT k, c FROM sbtest4 WHERE k BETWEEN 5670248 AND 5670348
	Bitmap Heap Scan on sbtest4  (cost=5.51..420.88 rows=105 width=125)
	  Recheck Cond: ((k >= 5670248) AND (k <= 5670348))
	  ->  Bitmap Index Scan on k_4  (cost=0.00..5.48 rows=105 width=0)
	        Index Cond: ((k >= 5670248) AND (k <= 5670348))

table 5 : explain SELECT k, c FROM sbtest5 WHERE k BETWEEN 5670248 AND 5670348
	Bitmap Heap Scan on sbtest5  (cost=5.68..483.81 rows=121 width=125)
	  Recheck Cond: ((k >= 5670248) AND (k <= 5670348))
	  ->  Bitmap Index Scan on k_5  (cost=0.00..5.64 rows=121 width=0)
	        Index Cond: ((k >= 5670248) AND (k <= 5670348))

table 6 : explain SELECT k, c FROM sbtest6 WHERE k BETWEEN 5670248 AND 5670348
	Bitmap Heap Scan on sbtest6  (cost=5.57..444.49 rows=111 width=125)
	  Recheck Cond: ((k >= 5670248) AND (k <= 5670348))
	  ->  Bitmap Index Scan on k_6  (cost=0.00..5.54 rows=111 width=0)
	        Index Cond: ((k >= 5670248) AND (k <= 5670348))

table 7 : explain SELECT k, c FROM sbtest7 WHERE k BETWEEN 5670248 AND 5670348
	Bitmap Heap Scan on sbtest7  (cost=5.43..389.37 rows=97 width=125)
	  Recheck Cond: ((k >= 5670248) AND (k <= 5670348))
	  ->  Bitmap Index Scan on k_7  (cost=0.00..5.40 rows=97 width=0)
	        Index Cond: ((k >= 5670248) AND (k <= 5670348))

table 8 : explain SELECT k, c FROM sbtest8 WHERE k BETWEEN 5670248 AND 5670348
	Bitmap Heap Scan on sbtest8  (cost=5.39..373.61 rows=93 width=125)
	  Recheck Cond: ((k >= 5670248) AND (k <= 5670348))
	  ->  Bitmap Index Scan on k_8  (cost=0.00..5.36 rows=93 width=0)
	        Index Cond: ((k >= 5670248) AND (k <= 5670348))

explain: for range-notcovered :: explain SELECT k, c FROM sbtest%d WHERE k BETWEEN 5670248 AND 5670348
for range-notcovered
table 1 : explain SELECT k, c FROM sbtest1 WHERE k BETWEEN 4427296 AND 4427396
	Bitmap Heap Scan on sbtest1  (cost=5.54..432.69 rows=108 width=125)
	  Recheck Cond: ((k >= 4427296) AND (k <= 4427396))
	  ->  Bitmap Index Scan on k_1  (cost=0.00..5.51 rows=108 width=0)
	        Index Cond: ((k >= 4427296) AND (k <= 4427396))

table 2 : explain SELECT k, c FROM sbtest2 WHERE k BETWEEN 4427296 AND 4427396
	Bitmap Heap Scan on sbtest2  (cost=5.46..401.19 rows=100 width=125)
	  Recheck Cond: ((k >= 4427296) AND (k <= 4427396))
	  ->  Bitmap Index Scan on k_2  (cost=0.00..5.43 rows=100 width=0)
	        Index Cond: ((k >= 4427296) AND (k <= 4427396))

table 3 : explain SELECT k, c FROM sbtest3 WHERE k BETWEEN 4427296 AND 4427396
	Bitmap Heap Scan on sbtest3  (cost=5.53..428.75 rows=107 width=125)
	  Recheck Cond: ((k >= 4427296) AND (k <= 4427396))
	  ->  Bitmap Index Scan on k_3  (cost=0.00..5.50 rows=107 width=0)
	        Index Cond: ((k >= 4427296) AND (k <= 4427396))

table 4 : explain SELECT k, c FROM sbtest4 WHERE k BETWEEN 4427296 AND 4427396
	Bitmap Heap Scan on sbtest4  (cost=5.35..357.84 rows=89 width=125)
	  Recheck Cond: ((k >= 4427296) AND (k <= 4427396))
	  ->  Bitmap Index Scan on k_4  (cost=0.00..5.32 rows=89 width=0)
	        Index Cond: ((k >= 4427296) AND (k <= 4427396))

table 5 : explain SELECT k, c FROM sbtest5 WHERE k BETWEEN 4427296 AND 4427396
	Bitmap Heap Scan on sbtest5  (cost=5.45..397.25 rows=99 width=125)
	  Recheck Cond: ((k >= 4427296) AND (k <= 4427396))
	  ->  Bitmap Index Scan on k_5  (cost=0.00..5.42 rows=99 width=0)
	        Index Cond: ((k >= 4427296) AND (k <= 4427396))

table 6 : explain SELECT k, c FROM sbtest6 WHERE k BETWEEN 4427296 AND 4427396
	Bitmap Heap Scan on sbtest6  (cost=5.44..393.31 rows=98 width=125)
	  Recheck Cond: ((k >= 4427296) AND (k <= 4427396))
	  ->  Bitmap Index Scan on k_6  (cost=0.00..5.42 rows=98 width=0)
	        Index Cond: ((k >= 4427296) AND (k <= 4427396))

table 7 : explain SELECT k, c FROM sbtest7 WHERE k BETWEEN 4427296 AND 4427396
	Bitmap Heap Scan on sbtest7  (cost=5.42..385.43 rows=96 width=125)
	  Recheck Cond: ((k >= 4427296) AND (k <= 4427396))
	  ->  Bitmap Index Scan on k_7  (cost=0.00..5.39 rows=96 width=0)
	        Index Cond: ((k >= 4427296) AND (k <= 4427396))

table 8 : explain SELECT k, c FROM sbtest8 WHERE k BETWEEN 4427296 AND 4427396
	Bitmap Heap Scan on sbtest8  (cost=5.46..401.19 rows=100 width=125)
	  Recheck Cond: ((k >= 4427296) AND (k <= 4427396))
	  ->  Bitmap Index Scan on k_8  (cost=0.00..5.43 rows=100 width=0)
	        Index Cond: ((k >= 4427296) AND (k <= 4427396))

explain: for range-notcovered :: explain SELECT k, c FROM sbtest%d WHERE k BETWEEN 4427296 AND 4427396
for range-notcovered
table 1 : explain SELECT k, c FROM sbtest1 WHERE k BETWEEN 3045608 AND 3045708
	Bitmap Heap Scan on sbtest1  (cost=5.49..413.00 rows=103 width=125)
	  Recheck Cond: ((k >= 3045608) AND (k <= 3045708))
	  ->  Bitmap Index Scan on k_1  (cost=0.00..5.46 rows=103 width=0)
	        Index Cond: ((k >= 3045608) AND (k <= 3045708))

table 2 : explain SELECT k, c FROM sbtest2 WHERE k BETWEEN 3045608 AND 3045708
	Bitmap Heap Scan on sbtest2  (cost=5.42..385.43 rows=96 width=125)
	  Recheck Cond: ((k >= 3045608) AND (k <= 3045708))
	  ->  Bitmap Index Scan on k_2  (cost=0.00..5.39 rows=96 width=0)
	        Index Cond: ((k >= 3045608) AND (k <= 3045708))

table 3 : explain SELECT k, c FROM sbtest3 WHERE k BETWEEN 3045608 AND 3045708
	Bitmap Heap Scan on sbtest3  (cost=5.47..405.13 rows=101 width=125)
	  Recheck Cond: ((k >= 3045608) AND (k <= 3045708))
	  ->  Bitmap Index Scan on k_3  (cost=0.00..5.44 rows=101 width=0)
	        Index Cond: ((k >= 3045608) AND (k <= 3045708))

table 4 : explain SELECT k, c FROM sbtest4 WHERE k BETWEEN 3045608 AND 3045708
	Bitmap Heap Scan on sbtest4  (cost=5.56..440.56 rows=110 width=125)
	  Recheck Cond: ((k >= 3045608) AND (k <= 3045708))
	  ->  Bitmap Index Scan on k_4  (cost=0.00..5.53 rows=110 width=0)
	        Index Cond: ((k >= 3045608) AND (k <= 3045708))

table 5 : explain SELECT k, c FROM sbtest5 WHERE k BETWEEN 3045608 AND 3045708
	Bitmap Heap Scan on sbtest5  (cost=5.41..381.49 rows=95 width=125)
	  Recheck Cond: ((k >= 3045608) AND (k <= 3045708))
	  ->  Bitmap Index Scan on k_5  (cost=0.00..5.38 rows=95 width=0)
	        Index Cond: ((k >= 3045608) AND (k <= 3045708))

table 6 : explain SELECT k, c FROM sbtest6 WHERE k BETWEEN 3045608 AND 3045708
	Bitmap Heap Scan on sbtest6  (cost=5.43..389.37 rows=97 width=125)
	  Recheck Cond: ((k >= 3045608) AND (k <= 3045708))
	  ->  Bitmap Index Scan on k_6  (cost=0.00..5.40 rows=97 width=0)
	        Index Cond: ((k >= 3045608) AND (k <= 3045708))

table 7 : explain SELECT k, c FROM sbtest7 WHERE k BETWEEN 3045608 AND 3045708
	Bitmap Heap Scan on sbtest7  (cost=5.48..409.07 rows=102 width=125)
	  Recheck Cond: ((k >= 3045608) AND (k <= 3045708))
	  ->  Bitmap Index Scan on k_7  (cost=0.00..5.45 rows=102 width=0)
	        Index Cond: ((k >= 3045608) AND (k <= 3045708))

table 8 : explain SELECT k, c FROM sbtest8 WHERE k BETWEEN 3045608 AND 3045708
	Bitmap Heap Scan on sbtest8  (cost=5.42..385.43 rows=96 width=125)
	  Recheck Cond: ((k >= 3045608) AND (k <= 3045708))
	  ->  Bitmap Index Scan on k_8  (cost=0.00..5.39 rows=96 width=0)
	        Index Cond: ((k >= 3045608) AND (k <= 3045708))

explain: for range-notcovered :: explain SELECT k, c FROM sbtest%d WHERE k BETWEEN 3045608 AND 3045708
for range-notcovered
table 1 : explain SELECT k, c FROM sbtest1 WHERE k BETWEEN 5670248 AND 5670348
	Bitmap Heap Scan on sbtest1  (cost=5.54..432.69 rows=108 width=125)
	  Recheck Cond: ((k >= 5670248) AND (k <= 5670348))
	  ->  Bitmap Index Scan on k_1  (cost=0.00..5.51 rows=108 width=0)
	        Index Cond: ((k >= 5670248) AND (k <= 5670348))

table 2 : explain SELECT k, c FROM sbtest2 WHERE k BETWEEN 5670248 AND 5670348
	Bitmap Heap Scan on sbtest2  (cost=5.48..409.07 rows=102 width=125)
	  Recheck Cond: ((k >= 5670248) AND (k <= 5670348))
	  ->  Bitmap Index Scan on k_2  (cost=0.00..5.45 rows=102 width=0)
	        Index Cond: ((k >= 5670248) AND (k <= 5670348))

table 3 : explain SELECT k, c FROM sbtest3 WHERE k BETWEEN 5670248 AND 5670348
	Bitmap Heap Scan on sbtest3  (cost=5.52..424.81 rows=106 width=125)
	  Recheck Cond: ((k >= 5670248) AND (k <= 5670348))
	  ->  Bitmap Index Scan on k_3  (cost=0.00..5.50 rows=106 width=0)
	        Index Cond: ((k >= 5670248) AND (k <= 5670348))

table 4 : explain SELECT k, c FROM sbtest4 WHERE k BETWEEN 5670248 AND 5670348
	Bitmap Heap Scan on sbtest4  (cost=5.51..420.88 rows=105 width=125)
	  Recheck Cond: ((k >= 5670248) AND (k <= 5670348))
	  ->  Bitmap Index Scan on k_4  (cost=0.00..5.48 rows=105 width=0)
	        Index Cond: ((k >= 5670248) AND (k <= 5670348))

table 5 : explain SELECT k, c FROM sbtest5 WHERE k BETWEEN 5670248 AND 5670348
	Bitmap Heap Scan on sbtest5  (cost=5.68..483.81 rows=121 width=125)
	  Recheck Cond: ((k >= 5670248) AND (k <= 5670348))
	  ->  Bitmap Index Scan on k_5  (cost=0.00..5.64 rows=121 width=0)
	        Index Cond: ((k >= 5670248) AND (k <= 5670348))

table 6 : explain SELECT k, c FROM sbtest6 WHERE k BETWEEN 5670248 AND 5670348
	Bitmap Heap Scan on sbtest6  (cost=5.57..444.49 rows=111 width=125)
	  Recheck Cond: ((k >= 5670248) AND (k <= 5670348))
	  ->  Bitmap Index Scan on k_6  (cost=0.00..5.54 rows=111 width=0)
	        Index Cond: ((k >= 5670248) AND (k <= 5670348))

table 7 : explain SELECT k, c FROM sbtest7 WHERE k BETWEEN 5670248 AND 5670348
	Bitmap Heap Scan on sbtest7  (cost=5.43..389.37 rows=97 width=125)
	  Recheck Cond: ((k >= 5670248) AND (k <= 5670348))
	  ->  Bitmap Index Scan on k_7  (cost=0.00..5.40 rows=97 width=0)
	        Index Cond: ((k >= 5670248) AND (k <= 5670348))

table 8 : explain SELECT k, c FROM sbtest8 WHERE k BETWEEN 5670248 AND 5670348
	Bitmap Heap Scan on sbtest8  (cost=5.39..373.61 rows=93 width=125)
	  Recheck Cond: ((k >= 5670248) AND (k <= 5670348))
	  ->  Bitmap Index Scan on k_8  (cost=0.00..5.36 rows=93 width=0)
	        Index Cond: ((k >= 5670248) AND (k <= 5670348))

explain: for range-notcovered :: explain SELECT k, c FROM sbtest%d WHERE k BETWEEN 5670248 AND 5670348
for range-notcovered
table 1 : explain SELECT k, c FROM sbtest1 WHERE k BETWEEN 4427296 AND 4427396
	Bitmap Heap Scan on sbtest1  (cost=5.54..432.69 rows=108 width=125)
	  Recheck Cond: ((k >= 4427296) AND (k <= 4427396))
	  ->  Bitmap Index Scan on k_1  (cost=0.00..5.51 rows=108 width=0)
	        Index Cond: ((k >= 4427296) AND (k <= 4427396))

table 2 : explain SELECT k, c FROM sbtest2 WHERE k BETWEEN 4427296 AND 4427396
	Bitmap Heap Scan on sbtest2  (cost=5.46..401.19 rows=100 width=125)
	  Recheck Cond: ((k >= 4427296) AND (k <= 4427396))
	  ->  Bitmap Index Scan on k_2  (cost=0.00..5.43 rows=100 width=0)
	        Index Cond: ((k >= 4427296) AND (k <= 4427396))

table 3 : explain SELECT k, c FROM sbtest3 WHERE k BETWEEN 4427296 AND 4427396
	Bitmap Heap Scan on sbtest3  (cost=5.53..428.75 rows=107 width=125)
	  Recheck Cond: ((k >= 4427296) AND (k <= 4427396))
	  ->  Bitmap Index Scan on k_3  (cost=0.00..5.50 rows=107 width=0)
	        Index Cond: ((k >= 4427296) AND (k <= 4427396))

table 4 : explain SELECT k, c FROM sbtest4 WHERE k BETWEEN 4427296 AND 4427396
	Bitmap Heap Scan on sbtest4  (cost=5.35..357.84 rows=89 width=125)
	  Recheck Cond: ((k >= 4427296) AND (k <= 4427396))
	  ->  Bitmap Index Scan on k_4  (cost=0.00..5.32 rows=89 width=0)
	        Index Cond: ((k >= 4427296) AND (k <= 4427396))

table 5 : explain SELECT k, c FROM sbtest5 WHERE k BETWEEN 4427296 AND 4427396
	Bitmap Heap Scan on sbtest5  (cost=5.45..397.25 rows=99 width=125)
	  Recheck Cond: ((k >= 4427296) AND (k <= 4427396))
	  ->  Bitmap Index Scan on k_5  (cost=0.00..5.42 rows=99 width=0)
	        Index Cond: ((k >= 4427296) AND (k <= 4427396))

table 6 : explain SELECT k, c FROM sbtest6 WHERE k BETWEEN 4427296 AND 4427396
	Bitmap Heap Scan on sbtest6  (cost=5.44..393.31 rows=98 width=125)
	  Recheck Cond: ((k >= 4427296) AND (k <= 4427396))
	  ->  Bitmap Index Scan on k_6  (cost=0.00..5.42 rows=98 width=0)
	        Index Cond: ((k >= 4427296) AND (k <= 4427396))

table 7 : explain SELECT k, c FROM sbtest7 WHERE k BETWEEN 4427296 AND 4427396
	Bitmap Heap Scan on sbtest7  (cost=5.42..385.43 rows=96 width=125)
	  Recheck Cond: ((k >= 4427296) AND (k <= 4427396))
	  ->  Bitmap Index Scan on k_7  (cost=0.00..5.39 rows=96 width=0)
	        Index Cond: ((k >= 4427296) AND (k <= 4427396))

table 8 : explain SELECT k, c FROM sbtest8 WHERE k BETWEEN 4427296 AND 4427396
	Bitmap Heap Scan on sbtest8  (cost=5.46..401.19 rows=100 width=125)
	  Recheck Cond: ((k >= 4427296) AND (k <= 4427396))
	  ->  Bitmap Index Scan on k_8  (cost=0.00..5.43 rows=100 width=0)
	        Index Cond: ((k >= 4427296) AND (k <= 4427396))

explain: for range-notcovered :: explain SELECT k, c FROM sbtest%d WHERE k BETWEEN 4427296 AND 4427396
for range-notcovered
table 1 : explain SELECT k, c FROM sbtest1 WHERE k BETWEEN 3045608 AND 3045708
	Bitmap Heap Scan on sbtest1  (cost=5.49..413.00 rows=103 width=125)
	  Recheck Cond: ((k >= 3045608) AND (k <= 3045708))
	  ->  Bitmap Index Scan on k_1  (cost=0.00..5.46 rows=103 width=0)
	        Index Cond: ((k >= 3045608) AND (k <= 3045708))

table 2 : explain SELECT k, c FROM sbtest2 WHERE k BETWEEN 3045608 AND 3045708
	Bitmap Heap Scan on sbtest2  (cost=5.42..385.43 rows=96 width=125)
	  Recheck Cond: ((k >= 3045608) AND (k <= 3045708))
	  ->  Bitmap Index Scan on k_2  (cost=0.00..5.39 rows=96 width=0)
	        Index Cond: ((k >= 3045608) AND (k <= 3045708))

table 3 : explain SELECT k, c FROM sbtest3 WHERE k BETWEEN 3045608 AND 3045708
	Bitmap Heap Scan on sbtest3  (cost=5.47..405.13 rows=101 width=125)
	  Recheck Cond: ((k >= 3045608) AND (k <= 3045708))
	  ->  Bitmap Index Scan on k_3  (cost=0.00..5.44 rows=101 width=0)
	        Index Cond: ((k >= 3045608) AND (k <= 3045708))

table 4 : explain SELECT k, c FROM sbtest4 WHERE k BETWEEN 3045608 AND 3045708
	Bitmap Heap Scan on sbtest4  (cost=5.56..440.56 rows=110 width=125)
	  Recheck Cond: ((k >= 3045608) AND (k <= 3045708))
	  ->  Bitmap Index Scan on k_4  (cost=0.00..5.53 rows=110 width=0)
	        Index Cond: ((k >= 3045608) AND (k <= 3045708))

table 5 : explain SELECT k, c FROM sbtest5 WHERE k BETWEEN 3045608 AND 3045708
	Bitmap Heap Scan on sbtest5  (cost=5.41..381.49 rows=95 width=125)
	  Recheck Cond: ((k >= 3045608) AND (k <= 3045708))
	  ->  Bitmap Index Scan on k_5  (cost=0.00..5.38 rows=95 width=0)
	        Index Cond: ((k >= 3045608) AND (k <= 3045708))

table 6 : explain SELECT k, c FROM sbtest6 WHERE k BETWEEN 3045608 AND 3045708
	Bitmap Heap Scan on sbtest6  (cost=5.43..389.37 rows=97 width=125)
	  Recheck Cond: ((k >= 3045608) AND (k <= 3045708))
	  ->  Bitmap Index Scan on k_6  (cost=0.00..5.40 rows=97 width=0)
	        Index Cond: ((k >= 3045608) AND (k <= 3045708))

table 7 : explain SELECT k, c FROM sbtest7 WHERE k BETWEEN 3045608 AND 3045708
	Bitmap Heap Scan on sbtest7  (cost=5.48..409.07 rows=102 width=125)
	  Recheck Cond: ((k >= 3045608) AND (k <= 3045708))
	  ->  Bitmap Index Scan on k_7  (cost=0.00..5.45 rows=102 width=0)
	        Index Cond: ((k >= 3045608) AND (k <= 3045708))

table 8 : explain SELECT k, c FROM sbtest8 WHERE k BETWEEN 3045608 AND 3045708
	Bitmap Heap Scan on sbtest8  (cost=5.42..385.43 rows=96 width=125)
	  Recheck Cond: ((k >= 3045608) AND (k <= 3045708))
	  ->  Bitmap Index Scan on k_8  (cost=0.00..5.39 rows=96 width=0)
	        Index Cond: ((k >= 3045608) AND (k <= 3045708))

explain: for range-notcovered :: explain SELECT k, c FROM sbtest%d WHERE k BETWEEN 3045608 AND 3045708
for range-notcovered
table 1 : explain SELECT k, c FROM sbtest1 WHERE k BETWEEN 5670248 AND 5670348
	Bitmap Heap Scan on sbtest1  (cost=5.54..432.69 rows=108 width=125)
	  Recheck Cond: ((k >= 5670248) AND (k <= 5670348))
	  ->  Bitmap Index Scan on k_1  (cost=0.00..5.51 rows=108 width=0)
	        Index Cond: ((k >= 5670248) AND (k <= 5670348))

table 2 : explain SELECT k, c FROM sbtest2 WHERE k BETWEEN 5670248 AND 5670348
	Bitmap Heap Scan on sbtest2  (cost=5.48..409.07 rows=102 width=125)
	  Recheck Cond: ((k >= 5670248) AND (k <= 5670348))
	  ->  Bitmap Index Scan on k_2  (cost=0.00..5.45 rows=102 width=0)
	        Index Cond: ((k >= 5670248) AND (k <= 5670348))

table 3 : explain SELECT k, c FROM sbtest3 WHERE k BETWEEN 5670248 AND 5670348
	Bitmap Heap Scan on sbtest3  (cost=5.52..424.81 rows=106 width=125)
	  Recheck Cond: ((k >= 5670248) AND (k <= 5670348))
	  ->  Bitmap Index Scan on k_3  (cost=0.00..5.50 rows=106 width=0)
	        Index Cond: ((k >= 5670248) AND (k <= 5670348))

table 4 : explain SELECT k, c FROM sbtest4 WHERE k BETWEEN 5670248 AND 5670348
	Bitmap Heap Scan on sbtest4  (cost=5.51..420.88 rows=105 width=125)
	  Recheck Cond: ((k >= 5670248) AND (k <= 5670348))
	  ->  Bitmap Index Scan on k_4  (cost=0.00..5.48 rows=105 width=0)
	        Index Cond: ((k >= 5670248) AND (k <= 5670348))

table 5 : explain SELECT k, c FROM sbtest5 WHERE k BETWEEN 5670248 AND 5670348
	Bitmap Heap Scan on sbtest5  (cost=5.68..483.81 rows=121 width=125)
	  Recheck Cond: ((k >= 5670248) AND (k <= 5670348))
	  ->  Bitmap Index Scan on k_5  (cost=0.00..5.64 rows=121 width=0)
	        Index Cond: ((k >= 5670248) AND (k <= 5670348))

table 6 : explain SELECT k, c FROM sbtest6 WHERE k BETWEEN 5670248 AND 5670348
	Bitmap Heap Scan on sbtest6  (cost=5.57..444.49 rows=111 width=125)
	  Recheck Cond: ((k >= 5670248) AND (k <= 5670348))
	  ->  Bitmap Index Scan on k_6  (cost=0.00..5.54 rows=111 width=0)
	        Index Cond: ((k >= 5670248) AND (k <= 5670348))

table 7 : explain SELECT k, c FROM sbtest7 WHERE k BETWEEN 5670248 AND 5670348
	Bitmap Heap Scan on sbtest7  (cost=5.43..389.37 rows=97 width=125)
	  Recheck Cond: ((k >= 5670248) AND (k <= 5670348))
	  ->  Bitmap Index Scan on k_7  (cost=0.00..5.40 rows=97 width=0)
	        Index Cond: ((k >= 5670248) AND (k <= 5670348))

table 8 : explain SELECT k, c FROM sbtest8 WHERE k BETWEEN 5670248 AND 5670348
	Bitmap Heap Scan on sbtest8  (cost=5.39..373.61 rows=93 width=125)
	  Recheck Cond: ((k >= 5670248) AND (k <= 5670348))
	  ->  Bitmap Index Scan on k_8  (cost=0.00..5.36 rows=93 width=0)
	        Index Cond: ((k >= 5670248) AND (k <= 5670348))

explain: for range-notcovered :: explain SELECT k, c FROM sbtest%d WHERE k BETWEEN 5670248 AND 5670348
for range-notcovered
table 1 : explain SELECT k, c FROM sbtest1 WHERE k BETWEEN 4427296 AND 4427396
	Bitmap Heap Scan on sbtest1  (cost=5.54..432.69 rows=108 width=125)
	  Recheck Cond: ((k >= 4427296) AND (k <= 4427396))
	  ->  Bitmap Index Scan on k_1  (cost=0.00..5.51 rows=108 width=0)
	        Index Cond: ((k >= 4427296) AND (k <= 4427396))

table 2 : explain SELECT k, c FROM sbtest2 WHERE k BETWEEN 4427296 AND 4427396
	Bitmap Heap Scan on sbtest2  (cost=5.46..401.19 rows=100 width=125)
	  Recheck Cond: ((k >= 4427296) AND (k <= 4427396))
	  ->  Bitmap Index Scan on k_2  (cost=0.00..5.43 rows=100 width=0)
	        Index Cond: ((k >= 4427296) AND (k <= 4427396))

table 3 : explain SELECT k, c FROM sbtest3 WHERE k BETWEEN 4427296 AND 4427396
	Bitmap Heap Scan on sbtest3  (cost=5.53..428.75 rows=107 width=125)
	  Recheck Cond: ((k >= 4427296) AND (k <= 4427396))
	  ->  Bitmap Index Scan on k_3  (cost=0.00..5.50 rows=107 width=0)
	        Index Cond: ((k >= 4427296) AND (k <= 4427396))

table 4 : explain SELECT k, c FROM sbtest4 WHERE k BETWEEN 4427296 AND 4427396
	Bitmap Heap Scan on sbtest4  (cost=5.35..357.84 rows=89 width=125)
	  Recheck Cond: ((k >= 4427296) AND (k <= 4427396))
	  ->  Bitmap Index Scan on k_4  (cost=0.00..5.32 rows=89 width=0)
	        Index Cond: ((k >= 4427296) AND (k <= 4427396))

table 5 : explain SELECT k, c FROM sbtest5 WHERE k BETWEEN 4427296 AND 4427396
	Bitmap Heap Scan on sbtest5  (cost=5.45..397.25 rows=99 width=125)
	  Recheck Cond: ((k >= 4427296) AND (k <= 4427396))
	  ->  Bitmap Index Scan on k_5  (cost=0.00..5.42 rows=99 width=0)
	        Index Cond: ((k >= 4427296) AND (k <= 4427396))

table 6 : explain SELECT k, c FROM sbtest6 WHERE k BETWEEN 4427296 AND 4427396
	Bitmap Heap Scan on sbtest6  (cost=5.44..393.31 rows=98 width=125)
	  Recheck Cond: ((k >= 4427296) AND (k <= 4427396))
	  ->  Bitmap Index Scan on k_6  (cost=0.00..5.42 rows=98 width=0)
	        Index Cond: ((k >= 4427296) AND (k <= 4427396))

table 7 : explain SELECT k, c FROM sbtest7 WHERE k BETWEEN 4427296 AND 4427396
	Bitmap Heap Scan on sbtest7  (cost=5.42..385.43 rows=96 width=125)
	  Recheck Cond: ((k >= 4427296) AND (k <= 4427396))
	  ->  Bitmap Index Scan on k_7  (cost=0.00..5.39 rows=96 width=0)
	        Index Cond: ((k >= 4427296) AND (k <= 4427396))

table 8 : explain SELECT k, c FROM sbtest8 WHERE k BETWEEN 4427296 AND 4427396
	Bitmap Heap Scan on sbtest8  (cost=5.46..401.19 rows=100 width=125)
	  Recheck Cond: ((k >= 4427296) AND (k <= 4427396))
	  ->  Bitmap Index Scan on k_8  (cost=0.00..5.43 rows=100 width=0)
	        Index Cond: ((k >= 4427296) AND (k <= 4427396))

explain: for range-notcovered :: explain SELECT k, c FROM sbtest%d WHERE k BETWEEN 4427296 AND 4427396
for range-notcovered
table 1 : explain SELECT k, c FROM sbtest1 WHERE k BETWEEN 3045608 AND 3045708
	Bitmap Heap Scan on sbtest1  (cost=5.49..413.00 rows=103 width=125)
	  Recheck Cond: ((k >= 3045608) AND (k <= 3045708))
	  ->  Bitmap Index Scan on k_1  (cost=0.00..5.46 rows=103 width=0)
	        Index Cond: ((k >= 3045608) AND (k <= 3045708))

table 2 : explain SELECT k, c FROM sbtest2 WHERE k BETWEEN 3045608 AND 3045708
	Bitmap Heap Scan on sbtest2  (cost=5.42..385.43 rows=96 width=125)
	  Recheck Cond: ((k >= 3045608) AND (k <= 3045708))
	  ->  Bitmap Index Scan on k_2  (cost=0.00..5.39 rows=96 width=0)
	        Index Cond: ((k >= 3045608) AND (k <= 3045708))

table 3 : explain SELECT k, c FROM sbtest3 WHERE k BETWEEN 3045608 AND 3045708
	Bitmap Heap Scan on sbtest3  (cost=5.47..405.13 rows=101 width=125)
	  Recheck Cond: ((k >= 3045608) AND (k <= 3045708))
	  ->  Bitmap Index Scan on k_3  (cost=0.00..5.44 rows=101 width=0)
	        Index Cond: ((k >= 3045608) AND (k <= 3045708))

table 4 : explain SELECT k, c FROM sbtest4 WHERE k BETWEEN 3045608 AND 3045708
	Bitmap Heap Scan on sbtest4  (cost=5.56..440.56 rows=110 width=125)
	  Recheck Cond: ((k >= 3045608) AND (k <= 3045708))
	  ->  Bitmap Index Scan on k_4  (cost=0.00..5.53 rows=110 width=0)
	        Index Cond: ((k >= 3045608) AND (k <= 3045708))

table 5 : explain SELECT k, c FROM sbtest5 WHERE k BETWEEN 3045608 AND 3045708
	Bitmap Heap Scan on sbtest5  (cost=5.41..381.49 rows=95 width=125)
	  Recheck Cond: ((k >= 3045608) AND (k <= 3045708))
	  ->  Bitmap Index Scan on k_5  (cost=0.00..5.38 rows=95 width=0)
	        Index Cond: ((k >= 3045608) AND (k <= 3045708))

table 6 : explain SELECT k, c FROM sbtest6 WHERE k BETWEEN 3045608 AND 3045708
	Bitmap Heap Scan on sbtest6  (cost=5.43..389.37 rows=97 width=125)
	  Recheck Cond: ((k >= 3045608) AND (k <= 3045708))
	  ->  Bitmap Index Scan on k_6  (cost=0.00..5.40 rows=97 width=0)
	        Index Cond: ((k >= 3045608) AND (k <= 3045708))

table 7 : explain SELECT k, c FROM sbtest7 WHERE k BETWEEN 3045608 AND 3045708
	Bitmap Heap Scan on sbtest7  (cost=5.48..409.07 rows=102 width=125)
	  Recheck Cond: ((k >= 3045608) AND (k <= 3045708))
	  ->  Bitmap Index Scan on k_7  (cost=0.00..5.45 rows=102 width=0)
	        Index Cond: ((k >= 3045608) AND (k <= 3045708))

table 8 : explain SELECT k, c FROM sbtest8 WHERE k BETWEEN 3045608 AND 3045708
	Bitmap Heap Scan on sbtest8  (cost=5.42..385.43 rows=96 width=125)
	  Recheck Cond: ((k >= 3045608) AND (k <= 3045708))
	  ->  Bitmap Index Scan on k_8  (cost=0.00..5.39 rows=96 width=0)
	        Index Cond: ((k >= 3045608) AND (k <= 3045708))

for range-notcovered
table 1 : explain SELECT k, c FROM sbtest1 WHERE k BETWEEN 5670248 AND 5670348
	Bitmap Heap Scan on sbtest1  (cost=5.54..432.69 rows=108 width=125)
	  Recheck Cond: ((k >= 5670248) AND (k <= 5670348))
	  ->  Bitmap Index Scan on k_1  (cost=0.00..5.51 rows=108 width=0)
	        Index Cond: ((k >= 5670248) AND (k <= 5670348))

table 2 : explain SELECT k, c FROM sbtest2 WHERE k BETWEEN 5670248 AND 5670348
	Bitmap Heap Scan on sbtest2  (cost=5.48..409.07 rows=102 width=125)
	  Recheck Cond: ((k >= 5670248) AND (k <= 5670348))
	  ->  Bitmap Index Scan on k_2  (cost=0.00..5.45 rows=102 width=0)
	        Index Cond: ((k >= 5670248) AND (k <= 5670348))

table 3 : explain SELECT k, c FROM sbtest3 WHERE k BETWEEN 5670248 AND 5670348
	Bitmap Heap Scan on sbtest3  (cost=5.52..424.81 rows=106 width=125)
	  Recheck Cond: ((k >= 5670248) AND (k <= 5670348))
	  ->  Bitmap Index Scan on k_3  (cost=0.00..5.50 rows=106 width=0)
	        Index Cond: ((k >= 5670248) AND (k <= 5670348))

table 4 : explain SELECT k, c FROM sbtest4 WHERE k BETWEEN 5670248 AND 5670348
	Bitmap Heap Scan on sbtest4  (cost=5.51..420.88 rows=105 width=125)
	  Recheck Cond: ((k >= 5670248) AND (k <= 5670348))
	  ->  Bitmap Index Scan on k_4  (cost=0.00..5.48 rows=105 width=0)
	        Index Cond: ((k >= 5670248) AND (k <= 5670348))

table 5 : explain SELECT k, c FROM sbtest5 WHERE k BETWEEN 5670248 AND 5670348
	Bitmap Heap Scan on sbtest5  (cost=5.68..483.81 rows=121 width=125)
	  Recheck Cond: ((k >= 5670248) AND (k <= 5670348))
	  ->  Bitmap Index Scan on k_5  (cost=0.00..5.64 rows=121 width=0)
	        Index Cond: ((k >= 5670248) AND (k <= 5670348))

table 6 : explain SELECT k, c FROM sbtest6 WHERE k BETWEEN 5670248 AND 5670348
	Bitmap Heap Scan on sbtest6  (cost=5.57..444.49 rows=111 width=125)
	  Recheck Cond: ((k >= 5670248) AND (k <= 5670348))
	  ->  Bitmap Index Scan on k_6  (cost=0.00..5.54 rows=111 width=0)
	        Index Cond: ((k >= 5670248) AND (k <= 5670348))

table 7 : explain SELECT k, c FROM sbtest7 WHERE k BETWEEN 5670248 AND 5670348
	Bitmap Heap Scan on sbtest7  (cost=5.43..389.37 rows=97 width=125)
	  Recheck Cond: ((k >= 5670248) AND (k <= 5670348))
	  ->  Bitmap Index Scan on k_7  (cost=0.00..5.40 rows=97 width=0)
	        Index Cond: ((k >= 5670248) AND (k <= 5670348))

table 8 : explain SELECT k, c FROM sbtest8 WHERE k BETWEEN 5670248 AND 5670348
	Bitmap Heap Scan on sbtest8  (cost=5.39..373.61 rows=93 width=125)
	  Recheck Cond: ((k >= 5670248) AND (k <= 5670348))
	  ->  Bitmap Index Scan on k_8  (cost=0.00..5.36 rows=93 width=0)
	        Index Cond: ((k >= 5670248) AND (k <= 5670348))

explain: for range-notcovered :: explain SELECT k, c FROM sbtest%d WHERE k BETWEEN 3045608 AND 3045708
for range-notcovered
table 1 : explain SELECT k, c FROM sbtest1 WHERE k BETWEEN 4427296 AND 4427396
	Bitmap Heap Scan on sbtest1  (cost=5.54..432.69 rows=108 width=125)
	  Recheck Cond: ((k >= 4427296) AND (k <= 4427396))
	  ->  Bitmap Index Scan on k_1  (cost=0.00..5.51 rows=108 width=0)
	        Index Cond: ((k >= 4427296) AND (k <= 4427396))

table 2 : explain SELECT k, c FROM sbtest2 WHERE k BETWEEN 4427296 AND 4427396
	Bitmap Heap Scan on sbtest2  (cost=5.46..401.19 rows=100 width=125)
	  Recheck Cond: ((k >= 4427296) AND (k <= 4427396))
	  ->  Bitmap Index Scan on k_2  (cost=0.00..5.43 rows=100 width=0)
	        Index Cond: ((k >= 4427296) AND (k <= 4427396))

table 3 : explain SELECT k, c FROM sbtest3 WHERE k BETWEEN 4427296 AND 4427396
	Bitmap Heap Scan on sbtest3  (cost=5.53..428.75 rows=107 width=125)
	  Recheck Cond: ((k >= 4427296) AND (k <= 4427396))
	  ->  Bitmap Index Scan on k_3  (cost=0.00..5.50 rows=107 width=0)
	        Index Cond: ((k >= 4427296) AND (k <= 4427396))

table 4 : explain SELECT k, c FROM sbtest4 WHERE k BETWEEN 4427296 AND 4427396
	Bitmap Heap Scan on sbtest4  (cost=5.35..357.84 rows=89 width=125)
	  Recheck Cond: ((k >= 4427296) AND (k <= 4427396))
	  ->  Bitmap Index Scan on k_4  (cost=0.00..5.32 rows=89 width=0)
	        Index Cond: ((k >= 4427296) AND (k <= 4427396))

table 5 : explain SELECT k, c FROM sbtest5 WHERE k BETWEEN 4427296 AND 4427396
	Bitmap Heap Scan on sbtest5  (cost=5.45..397.25 rows=99 width=125)
	  Recheck Cond: ((k >= 4427296) AND (k <= 4427396))
	  ->  Bitmap Index Scan on k_5  (cost=0.00..5.42 rows=99 width=0)
	        Index Cond: ((k >= 4427296) AND (k <= 4427396))

table 6 : explain SELECT k, c FROM sbtest6 WHERE k BETWEEN 4427296 AND 4427396
	Bitmap Heap Scan on sbtest6  (cost=5.44..393.31 rows=98 width=125)
	  Recheck Cond: ((k >= 4427296) AND (k <= 4427396))
	  ->  Bitmap Index Scan on k_6  (cost=0.00..5.42 rows=98 width=0)
	        Index Cond: ((k >= 4427296) AND (k <= 4427396))

table 7 : explain SELECT k, c FROM sbtest7 WHERE k BETWEEN 4427296 AND 4427396
	Bitmap Heap Scan on sbtest7  (cost=5.42..385.43 rows=96 width=125)
	  Recheck Cond: ((k >= 4427296) AND (k <= 4427396))
	  ->  Bitmap Index Scan on k_7  (cost=0.00..5.39 rows=96 width=0)
	        Index Cond: ((k >= 4427296) AND (k <= 4427396))

table 8 : explain SELECT k, c FROM sbtest8 WHERE k BETWEEN 4427296 AND 4427396
	Bitmap Heap Scan on sbtest8  (cost=5.46..401.19 rows=100 width=125)
	  Recheck Cond: ((k >= 4427296) AND (k <= 4427396))
	  ->  Bitmap Index Scan on k_8  (cost=0.00..5.43 rows=100 width=0)
	        Index Cond: ((k >= 4427296) AND (k <= 4427396))

explain: for range-notcovered :: explain SELECT k, c FROM sbtest%d WHERE k BETWEEN 4427296 AND 4427396
for range-notcovered
table 1 : explain SELECT k, c FROM sbtest1 WHERE k BETWEEN 3045608 AND 3045708
	Bitmap Heap Scan on sbtest1  (cost=5.49..413.00 rows=103 width=125)
	  Recheck Cond: ((k >= 3045608) AND (k <= 3045708))
	  ->  Bitmap Index Scan on k_1  (cost=0.00..5.46 rows=103 width=0)
	        Index Cond: ((k >= 3045608) AND (k <= 3045708))

table 2 : explain SELECT k, c FROM sbtest2 WHERE k BETWEEN 3045608 AND 3045708
	Bitmap Heap Scan on sbtest2  (cost=5.42..385.43 rows=96 width=125)
	  Recheck Cond: ((k >= 3045608) AND (k <= 3045708))
	  ->  Bitmap Index Scan on k_2  (cost=0.00..5.39 rows=96 width=0)
	        Index Cond: ((k >= 3045608) AND (k <= 3045708))

table 3 : explain SELECT k, c FROM sbtest3 WHERE k BETWEEN 3045608 AND 3045708
	Bitmap Heap Scan on sbtest3  (cost=5.47..405.13 rows=101 width=125)
	  Recheck Cond: ((k >= 3045608) AND (k <= 3045708))
	  ->  Bitmap Index Scan on k_3  (cost=0.00..5.44 rows=101 width=0)
	        Index Cond: ((k >= 3045608) AND (k <= 3045708))

table 4 : explain SELECT k, c FROM sbtest4 WHERE k BETWEEN 3045608 AND 3045708
	Bitmap Heap Scan on sbtest4  (cost=5.56..440.56 rows=110 width=125)
	  Recheck Cond: ((k >= 3045608) AND (k <= 3045708))
	  ->  Bitmap Index Scan on k_4  (cost=0.00..5.53 rows=110 width=0)
	        Index Cond: ((k >= 3045608) AND (k <= 3045708))

table 5 : explain SELECT k, c FROM sbtest5 WHERE k BETWEEN 3045608 AND 3045708
	Bitmap Heap Scan on sbtest5  (cost=5.41..381.49 rows=95 width=125)
	  Recheck Cond: ((k >= 3045608) AND (k <= 3045708))
	  ->  Bitmap Index Scan on k_5  (cost=0.00..5.38 rows=95 width=0)
	        Index Cond: ((k >= 3045608) AND (k <= 3045708))

table 6 : explain SELECT k, c FROM sbtest6 WHERE k BETWEEN 3045608 AND 3045708
	Bitmap Heap Scan on sbtest6  (cost=5.43..389.37 rows=97 width=125)
	  Recheck Cond: ((k >= 3045608) AND (k <= 3045708))
	  ->  Bitmap Index Scan on k_6  (cost=0.00..5.40 rows=97 width=0)
	        Index Cond: ((k >= 3045608) AND (k <= 3045708))

table 7 : explain SELECT k, c FROM sbtest7 WHERE k BETWEEN 3045608 AND 3045708
	Bitmap Heap Scan on sbtest7  (cost=5.48..409.07 rows=102 width=125)
	  Recheck Cond: ((k >= 3045608) AND (k <= 3045708))
	  ->  Bitmap Index Scan on k_7  (cost=0.00..5.45 rows=102 width=0)
	        Index Cond: ((k >= 3045608) AND (k <= 3045708))

table 8 : explain SELECT k, c FROM sbtest8 WHERE k BETWEEN 3045608 AND 3045708
	Bitmap Heap Scan on sbtest8  (cost=5.42..385.43 rows=96 width=125)
	  Recheck Cond: ((k >= 3045608) AND (k <= 3045708))
	  ->  Bitmap Index Scan on k_8  (cost=0.00..5.39 rows=96 width=0)
	        Index Cond: ((k >= 3045608) AND (k <= 3045708))

explain: for range-notcovered :: explain SELECT k, c FROM sbtest%d WHERE k BETWEEN 3045608 AND 3045708
for range-notcovered
table 1 : explain SELECT k, c FROM sbtest1 WHERE k BETWEEN 4427296 AND 4427396
	Bitmap Heap Scan on sbtest1  (cost=5.54..432.69 rows=108 width=125)
	  Recheck Cond: ((k >= 4427296) AND (k <= 4427396))
	  ->  Bitmap Index Scan on k_1  (cost=0.00..5.51 rows=108 width=0)
	        Index Cond: ((k >= 4427296) AND (k <= 4427396))

table 2 : explain SELECT k, c FROM sbtest2 WHERE k BETWEEN 4427296 AND 4427396
	Bitmap Heap Scan on sbtest2  (cost=5.46..401.19 rows=100 width=125)
	  Recheck Cond: ((k >= 4427296) AND (k <= 4427396))
	  ->  Bitmap Index Scan on k_2  (cost=0.00..5.43 rows=100 width=0)
	        Index Cond: ((k >= 4427296) AND (k <= 4427396))

table 3 : explain SELECT k, c FROM sbtest3 WHERE k BETWEEN 4427296 AND 4427396
	Bitmap Heap Scan on sbtest3  (cost=5.53..428.75 rows=107 width=125)
	  Recheck Cond: ((k >= 4427296) AND (k <= 4427396))
	  ->  Bitmap Index Scan on k_3  (cost=0.00..5.50 rows=107 width=0)
	        Index Cond: ((k >= 4427296) AND (k <= 4427396))

table 4 : explain SELECT k, c FROM sbtest4 WHERE k BETWEEN 4427296 AND 4427396
	Bitmap Heap Scan on sbtest4  (cost=5.35..357.84 rows=89 width=125)
	  Recheck Cond: ((k >= 4427296) AND (k <= 4427396))
	  ->  Bitmap Index Scan on k_4  (cost=0.00..5.32 rows=89 width=0)
	        Index Cond: ((k >= 4427296) AND (k <= 4427396))

table 5 : explain SELECT k, c FROM sbtest5 WHERE k BETWEEN 4427296 AND 4427396
	Bitmap Heap Scan on sbtest5  (cost=5.45..397.25 rows=99 width=125)
	  Recheck Cond: ((k >= 4427296) AND (k <= 4427396))
	  ->  Bitmap Index Scan on k_5  (cost=0.00..5.42 rows=99 width=0)
	        Index Cond: ((k >= 4427296) AND (k <= 4427396))

table 6 : explain SELECT k, c FROM sbtest6 WHERE k BETWEEN 4427296 AND 4427396
	Bitmap Heap Scan on sbtest6  (cost=5.44..393.31 rows=98 width=125)
	  Recheck Cond: ((k >= 4427296) AND (k <= 4427396))
	  ->  Bitmap Index Scan on k_6  (cost=0.00..5.42 rows=98 width=0)
	        Index Cond: ((k >= 4427296) AND (k <= 4427396))

table 7 : explain SELECT k, c FROM sbtest7 WHERE k BETWEEN 4427296 AND 4427396
	Bitmap Heap Scan on sbtest7  (cost=5.42..385.43 rows=96 width=125)
	  Recheck Cond: ((k >= 4427296) AND (k <= 4427396))
	  ->  Bitmap Index Scan on k_7  (cost=0.00..5.39 rows=96 width=0)
	        Index Cond: ((k >= 4427296) AND (k <= 4427396))

table 8 : explain SELECT k, c FROM sbtest8 WHERE k BETWEEN 4427296 AND 4427396
	Bitmap Heap Scan on sbtest8  (cost=5.46..401.19 rows=100 width=125)
	  Recheck Cond: ((k >= 4427296) AND (k <= 4427396))
	  ->  Bitmap Index Scan on k_8  (cost=0.00..5.43 rows=100 width=0)
	        Index Cond: ((k >= 4427296) AND (k <= 4427396))

for range-notcovered
table 1 : explain SELECT k, c FROM sbtest1 WHERE k BETWEEN 3045608 AND 3045708
	Bitmap Heap Scan on sbtest1  (cost=5.49..413.00 rows=103 width=125)
	  Recheck Cond: ((k >= 3045608) AND (k <= 3045708))
	  ->  Bitmap Index Scan on k_1  (cost=0.00..5.46 rows=103 width=0)
	        Index Cond: ((k >= 3045608) AND (k <= 3045708))

table 2 : explain SELECT k, c FROM sbtest2 WHERE k BETWEEN 3045608 AND 3045708
	Bitmap Heap Scan on sbtest2  (cost=5.42..385.43 rows=96 width=125)
	  Recheck Cond: ((k >= 3045608) AND (k <= 3045708))
	  ->  Bitmap Index Scan on k_2  (cost=0.00..5.39 rows=96 width=0)
	        Index Cond: ((k >= 3045608) AND (k <= 3045708))

table 3 : explain SELECT k, c FROM sbtest3 WHERE k BETWEEN 3045608 AND 3045708
	Bitmap Heap Scan on sbtest3  (cost=5.47..405.13 rows=101 width=125)
	  Recheck Cond: ((k >= 3045608) AND (k <= 3045708))
	  ->  Bitmap Index Scan on k_3  (cost=0.00..5.44 rows=101 width=0)
	        Index Cond: ((k >= 3045608) AND (k <= 3045708))

table 4 : explain SELECT k, c FROM sbtest4 WHERE k BETWEEN 3045608 AND 3045708
	Bitmap Heap Scan on sbtest4  (cost=5.56..440.56 rows=110 width=125)
	  Recheck Cond: ((k >= 3045608) AND (k <= 3045708))
	  ->  Bitmap Index Scan on k_4  (cost=0.00..5.53 rows=110 width=0)
	        Index Cond: ((k >= 3045608) AND (k <= 3045708))

table 5 : explain SELECT k, c FROM sbtest5 WHERE k BETWEEN 3045608 AND 3045708
	Bitmap Heap Scan on sbtest5  (cost=5.41..381.49 rows=95 width=125)
	  Recheck Cond: ((k >= 3045608) AND (k <= 3045708))
	  ->  Bitmap Index Scan on k_5  (cost=0.00..5.38 rows=95 width=0)
	        Index Cond: ((k >= 3045608) AND (k <= 3045708))

table 6 : explain SELECT k, c FROM sbtest6 WHERE k BETWEEN 3045608 AND 3045708
	Bitmap Heap Scan on sbtest6  (cost=5.43..389.37 rows=97 width=125)
	  Recheck Cond: ((k >= 3045608) AND (k <= 3045708))
	  ->  Bitmap Index Scan on k_6  (cost=0.00..5.40 rows=97 width=0)
	        Index Cond: ((k >= 3045608) AND (k <= 3045708))

table 7 : explain SELECT k, c FROM sbtest7 WHERE k BETWEEN 3045608 AND 3045708
	Bitmap Heap Scan on sbtest7  (cost=5.48..409.07 rows=102 width=125)
	  Recheck Cond: ((k >= 3045608) AND (k <= 3045708))
	  ->  Bitmap Index Scan on k_7  (cost=0.00..5.45 rows=102 width=0)
	        Index Cond: ((k >= 3045608) AND (k <= 3045708))

table 8 : explain SELECT k, c FROM sbtest8 WHERE k BETWEEN 3045608 AND 3045708
	Bitmap Heap Scan on sbtest8  (cost=5.42..385.43 rows=96 width=125)
	  Recheck Cond: ((k >= 3045608) AND (k <= 3045708))
	  ->  Bitmap Index Scan on k_8  (cost=0.00..5.39 rows=96 width=0)
	        Index Cond: ((k >= 3045608) AND (k <= 3045708))

explain: for range-notcovered :: explain SELECT k, c FROM sbtest%d WHERE k BETWEEN 3045608 AND 3045708
for range-notcovered
table 1 : explain SELECT k, c FROM sbtest1 WHERE k BETWEEN 3045608 AND 3045708
	Bitmap Heap Scan on sbtest1  (cost=5.49..413.00 rows=103 width=125)
	  Recheck Cond: ((k >= 3045608) AND (k <= 3045708))
	  ->  Bitmap Index Scan on k_1  (cost=0.00..5.46 rows=103 width=0)
	        Index Cond: ((k >= 3045608) AND (k <= 3045708))

table 2 : explain SELECT k, c FROM sbtest2 WHERE k BETWEEN 3045608 AND 3045708
	Bitmap Heap Scan on sbtest2  (cost=5.42..385.43 rows=96 width=125)
	  Recheck Cond: ((k >= 3045608) AND (k <= 3045708))
	  ->  Bitmap Index Scan on k_2  (cost=0.00..5.39 rows=96 width=0)
	        Index Cond: ((k >= 3045608) AND (k <= 3045708))

table 3 : explain SELECT k, c FROM sbtest3 WHERE k BETWEEN 3045608 AND 3045708
	Bitmap Heap Scan on sbtest3  (cost=5.47..405.13 rows=101 width=125)
	  Recheck Cond: ((k >= 3045608) AND (k <= 3045708))
	  ->  Bitmap Index Scan on k_3  (cost=0.00..5.44 rows=101 width=0)
	        Index Cond: ((k >= 3045608) AND (k <= 3045708))

table 4 : explain SELECT k, c FROM sbtest4 WHERE k BETWEEN 3045608 AND 3045708
	Bitmap Heap Scan on sbtest4  (cost=5.56..440.56 rows=110 width=125)
	  Recheck Cond: ((k >= 3045608) AND (k <= 3045708))
	  ->  Bitmap Index Scan on k_4  (cost=0.00..5.53 rows=110 width=0)
	        Index Cond: ((k >= 3045608) AND (k <= 3045708))

table 5 : explain SELECT k, c FROM sbtest5 WHERE k BETWEEN 3045608 AND 3045708
	Bitmap Heap Scan on sbtest5  (cost=5.41..381.49 rows=95 width=125)
	  Recheck Cond: ((k >= 3045608) AND (k <= 3045708))
	  ->  Bitmap Index Scan on k_5  (cost=0.00..5.38 rows=95 width=0)
	        Index Cond: ((k >= 3045608) AND (k <= 3045708))

table 6 : explain SELECT k, c FROM sbtest6 WHERE k BETWEEN 3045608 AND 3045708
	Bitmap Heap Scan on sbtest6  (cost=5.43..389.37 rows=97 width=125)
	  Recheck Cond: ((k >= 3045608) AND (k <= 3045708))
	  ->  Bitmap Index Scan on k_6  (cost=0.00..5.40 rows=97 width=0)
	        Index Cond: ((k >= 3045608) AND (k <= 3045708))

table 7 : explain SELECT k, c FROM sbtest7 WHERE k BETWEEN 3045608 AND 3045708
	Bitmap Heap Scan on sbtest7  (cost=5.48..409.07 rows=102 width=125)
	  Recheck Cond: ((k >= 3045608) AND (k <= 3045708))
	  ->  Bitmap Index Scan on k_7  (cost=0.00..5.45 rows=102 width=0)
	        Index Cond: ((k >= 3045608) AND (k <= 3045708))

table 8 : explain SELECT k, c FROM sbtest8 WHERE k BETWEEN 3045608 AND 3045708
	Bitmap Heap Scan on sbtest8  (cost=5.42..385.43 rows=96 width=125)
	  Recheck Cond: ((k >= 3045608) AND (k <= 3045708))
	  ->  Bitmap Index Scan on k_8  (cost=0.00..5.39 rows=96 width=0)
	        Index Cond: ((k >= 3045608) AND (k <= 3045708))

explain: for range-notcovered :: explain SELECT k, c FROM sbtest%d WHERE k BETWEEN 3045608 AND 3045708
for range-notcovered
table 1 : explain SELECT k, c FROM sbtest1 WHERE k BETWEEN 3045608 AND 3045708
	Bitmap Heap Scan on sbtest1  (cost=5.49..413.00 rows=103 width=125)
	  Recheck Cond: ((k >= 3045608) AND (k <= 3045708))
	  ->  Bitmap Index Scan on k_1  (cost=0.00..5.46 rows=103 width=0)
	        Index Cond: ((k >= 3045608) AND (k <= 3045708))

table 2 : explain SELECT k, c FROM sbtest2 WHERE k BETWEEN 3045608 AND 3045708
	Bitmap Heap Scan on sbtest2  (cost=5.42..385.43 rows=96 width=125)
	  Recheck Cond: ((k >= 3045608) AND (k <= 3045708))
	  ->  Bitmap Index Scan on k_2  (cost=0.00..5.39 rows=96 width=0)
	        Index Cond: ((k >= 3045608) AND (k <= 3045708))

table 3 : explain SELECT k, c FROM sbtest3 WHERE k BETWEEN 3045608 AND 3045708
	Bitmap Heap Scan on sbtest3  (cost=5.47..405.13 rows=101 width=125)
	  Recheck Cond: ((k >= 3045608) AND (k <= 3045708))
	  ->  Bitmap Index Scan on k_3  (cost=0.00..5.44 rows=101 width=0)
	        Index Cond: ((k >= 3045608) AND (k <= 3045708))

table 4 : explain SELECT k, c FROM sbtest4 WHERE k BETWEEN 3045608 AND 3045708
	Bitmap Heap Scan on sbtest4  (cost=5.56..440.56 rows=110 width=125)
	  Recheck Cond: ((k >= 3045608) AND (k <= 3045708))
	  ->  Bitmap Index Scan on k_4  (cost=0.00..5.53 rows=110 width=0)
	        Index Cond: ((k >= 3045608) AND (k <= 3045708))

table 5 : explain SELECT k, c FROM sbtest5 WHERE k BETWEEN 3045608 AND 3045708
	Bitmap Heap Scan on sbtest5  (cost=5.41..381.49 rows=95 width=125)
	  Recheck Cond: ((k >= 3045608) AND (k <= 3045708))
	  ->  Bitmap Index Scan on k_5  (cost=0.00..5.38 rows=95 width=0)
	        Index Cond: ((k >= 3045608) AND (k <= 3045708))

table 6 : explain SELECT k, c FROM sbtest6 WHERE k BETWEEN 3045608 AND 3045708
	Bitmap Heap Scan on sbtest6  (cost=5.43..389.37 rows=97 width=125)
	  Recheck Cond: ((k >= 3045608) AND (k <= 3045708))
	  ->  Bitmap Index Scan on k_6  (cost=0.00..5.40 rows=97 width=0)
	        Index Cond: ((k >= 3045608) AND (k <= 3045708))

table 7 : explain SELECT k, c FROM sbtest7 WHERE k BETWEEN 3045608 AND 3045708
	Bitmap Heap Scan on sbtest7  (cost=5.48..409.07 rows=102 width=125)
	  Recheck Cond: ((k >= 3045608) AND (k <= 3045708))
	  ->  Bitmap Index Scan on k_7  (cost=0.00..5.45 rows=102 width=0)
	        Index Cond: ((k >= 3045608) AND (k <= 3045708))

table 8 : explain SELECT k, c FROM sbtest8 WHERE k BETWEEN 3045608 AND 3045708
	Bitmap Heap Scan on sbtest8  (cost=5.42..385.43 rows=96 width=125)
	  Recheck Cond: ((k >= 3045608) AND (k <= 3045708))
	  ->  Bitmap Index Scan on k_8  (cost=0.00..5.39 rows=96 width=0)
	        Index Cond: ((k >= 3045608) AND (k <= 3045708))

explain: for range-notcovered :: explain SELECT k, c FROM sbtest%d WHERE k BETWEEN 3045608 AND 3045708
for range-notcovered
table 1 : explain SELECT k, c FROM sbtest1 WHERE k BETWEEN 3045608 AND 3045708
	Bitmap Heap Scan on sbtest1  (cost=5.49..413.00 rows=103 width=125)
	  Recheck Cond: ((k >= 3045608) AND (k <= 3045708))
	  ->  Bitmap Index Scan on k_1  (cost=0.00..5.46 rows=103 width=0)
	        Index Cond: ((k >= 3045608) AND (k <= 3045708))

table 2 : explain SELECT k, c FROM sbtest2 WHERE k BETWEEN 3045608 AND 3045708
	Bitmap Heap Scan on sbtest2  (cost=5.42..385.43 rows=96 width=125)
	  Recheck Cond: ((k >= 3045608) AND (k <= 3045708))
	  ->  Bitmap Index Scan on k_2  (cost=0.00..5.39 rows=96 width=0)
	        Index Cond: ((k >= 3045608) AND (k <= 3045708))

table 3 : explain SELECT k, c FROM sbtest3 WHERE k BETWEEN 3045608 AND 3045708
	Bitmap Heap Scan on sbtest3  (cost=5.47..405.13 rows=101 width=125)
	  Recheck Cond: ((k >= 3045608) AND (k <= 3045708))
	  ->  Bitmap Index Scan on k_3  (cost=0.00..5.44 rows=101 width=0)
	        Index Cond: ((k >= 3045608) AND (k <= 3045708))

table 4 : explain SELECT k, c FROM sbtest4 WHERE k BETWEEN 3045608 AND 3045708
	Bitmap Heap Scan on sbtest4  (cost=5.56..440.56 rows=110 width=125)
	  Recheck Cond: ((k >= 3045608) AND (k <= 3045708))
	  ->  Bitmap Index Scan on k_4  (cost=0.00..5.53 rows=110 width=0)
	        Index Cond: ((k >= 3045608) AND (k <= 3045708))

table 5 : explain SELECT k, c FROM sbtest5 WHERE k BETWEEN 3045608 AND 3045708
	Bitmap Heap Scan on sbtest5  (cost=5.41..381.49 rows=95 width=125)
	  Recheck Cond: ((k >= 3045608) AND (k <= 3045708))
	  ->  Bitmap Index Scan on k_5  (cost=0.00..5.38 rows=95 width=0)
	        Index Cond: ((k >= 3045608) AND (k <= 3045708))

table 6 : explain SELECT k, c FROM sbtest6 WHERE k BETWEEN 3045608 AND 3045708
	Bitmap Heap Scan on sbtest6  (cost=5.43..389.37 rows=97 width=125)
	  Recheck Cond: ((k >= 3045608) AND (k <= 3045708))
	  ->  Bitmap Index Scan on k_6  (cost=0.00..5.40 rows=97 width=0)
	        Index Cond: ((k >= 3045608) AND (k <= 3045708))

table 7 : explain SELECT k, c FROM sbtest7 WHERE k BETWEEN 3045608 AND 3045708
	Bitmap Heap Scan on sbtest7  (cost=5.48..409.07 rows=102 width=125)
	  Recheck Cond: ((k >= 3045608) AND (k <= 3045708))
	  ->  Bitmap Index Scan on k_7  (cost=0.00..5.45 rows=102 width=0)
	        Index Cond: ((k >= 3045608) AND (k <= 3045708))

table 8 : explain SELECT k, c FROM sbtest8 WHERE k BETWEEN 3045608 AND 3045708
	Bitmap Heap Scan on sbtest8  (cost=5.42..385.43 rows=96 width=125)
	  Recheck Cond: ((k >= 3045608) AND (k <= 3045708))
	  ->  Bitmap Index Scan on k_8  (cost=0.00..5.39 rows=96 width=0)
	        Index Cond: ((k >= 3045608) AND (k <= 3045708))

Threads started!

Warming up for 5 seconds...

SQL statistics:
    queries performed:
        read:                            105344312
        write:                           0
        other:                           0
        total:                           105344312
    transactions:                        105344312 (167211.53 per sec.)
    queries:                             105344312 (167211.53 per sec.)
    ignored errors:                      0      (0.00 per sec.)
    reconnects:                          0      (0.00 per sec.)

Throughput:
    events/s (eps):                      167211.5284
    time elapsed:                        630.0064s
    total number of events:              105344312

Latency (ms):
         min:                                    0.08
         avg:                                    0.24
         max:                                   16.31
         95th percentile:                        0.28
         sum:                             25154837.15

Threads fairness:
    events (avg/stddev):           2633605.2250/8319.53
    execution time (avg/stddev):   628.8709/0.02

