LUA_PATH=/home/mdcallag/git/mytools/bench/sysbench.lua/lua/?.lua /home/mdcallag/git/mytools/bench/sysbench.lua/lua/sysbench --db-driver=pgsql --range-size=10 --table-size=10000000 --tables=8 --threads=40 --events=0 --warmup-time=5 --time=630 --pgsql_conn_id=true /home/mdcallag/git/mytools/bench/sysbench.lua/lua/oltp_inlist_select.lua run --pgsql-user=root --pgsql-password=pw --pgsql-host=127.0.0.1 --pgsql-db=ib --rand-type=uniform --random-points=10 --skip-trx
48 CPUs
sysbench 1.1.0-9072687 (using bundled LuaJIT 2.1.0-beta3)

Running the test with following options:
Number of threads: 40
Warmup time: 5s
Initializing random number generator from current time


Initializing worker threads...

explain: for select-inlist :: explain SELECT c FROM sbtest%d WHERE id IN ( 7856281, 2400324, 1454984, 2311325, 9100572, 9326108, 9189914, 1568532, 2139395, 7650823)
explain: for select-inlist :: explain SELECT c FROM sbtest%d WHERE id IN ( 3162414, 4230893, 6449436, 3146242, 1936127, 5451596, 8518651, 8660057, 4541444, 2953487)
explain: for select-inlist :: explain SELECT c FROM sbtest%d WHERE id IN ( 6490806, 7971553, 8633824, 8619039, 4901497, 3310158, 5401901, 4313320, 1867767, 8791805)
for select-inlist
table 1 : explain SELECT c FROM sbtest1 WHERE id IN ( 7856281, 2400324, 1454984, 2311325, 9100572, 9326108, 9189914, 1568532, 2139395, 7650823)
	Index Scan using sbtest1_pkey on sbtest1  (cost=0.43..84.05 rows=10 width=121)
	  Index Cond: (id = ANY ('{7856281,2400324,1454984,2311325,9100572,9326108,9189914,1568532,2139395,7650823}'::integer[]))

table 2 : explain SELECT c FROM sbtest2 WHERE id IN ( 7856281, 2400324, 1454984, 2311325, 9100572, 9326108, 9189914, 1568532, 2139395, 7650823)
	Index Scan using sbtest2_pkey on sbtest2  (cost=0.43..84.06 rows=10 width=121)
	  Index Cond: (id = ANY ('{7856281,2400324,1454984,2311325,9100572,9326108,9189914,1568532,2139395,7650823}'::integer[]))

table 3 : explain SELECT c FROM sbtest3 WHERE id IN ( 7856281, 2400324, 1454984, 2311325, 9100572, 9326108, 9189914, 1568532, 2139395, 7650823)
	Index Scan using sbtest3_pkey on sbtest3  (cost=0.43..84.04 rows=10 width=121)
	  Index Cond: (id = ANY ('{7856281,2400324,1454984,2311325,9100572,9326108,9189914,1568532,2139395,7650823}'::integer[]))

table 4 : explain SELECT c FROM sbtest4 WHERE id IN ( 7856281, 2400324, 1454984, 2311325, 9100572, 9326108, 9189914, 1568532, 2139395, 7650823)
	Index Scan using sbtest4_pkey on sbtest4  (cost=0.43..83.96 rows=10 width=121)
	  Index Cond: (id = ANY ('{7856281,2400324,1454984,2311325,9100572,9326108,9189914,1568532,2139395,7650823}'::integer[]))

table 5 : explain SELECT c FROM sbtest5 WHERE id IN ( 7856281, 2400324, 1454984, 2311325, 9100572, 9326108, 9189914, 1568532, 2139395, 7650823)
	Index Scan using sbtest5_pkey on sbtest5  (cost=0.43..83.94 rows=10 width=121)
	  Index Cond: (id = ANY ('{7856281,2400324,1454984,2311325,9100572,9326108,9189914,1568532,2139395,7650823}'::integer[]))

table 6 : explain SELECT c FROM sbtest6 WHERE id IN ( 7856281, 2400324, 1454984, 2311325, 9100572, 9326108, 9189914, 1568532, 2139395, 7650823)
	Index Scan using sbtest6_pkey on sbtest6  (cost=0.43..83.92 rows=10 width=121)
	  Index Cond: (id = ANY ('{7856281,2400324,1454984,2311325,9100572,9326108,9189914,1568532,2139395,7650823}'::integer[]))

table 7 : explain SELECT c FROM sbtest7 WHERE id IN ( 7856281, 2400324, 1454984, 2311325, 9100572, 9326108, 9189914, 1568532, 2139395, 7650823)
	Index Scan using sbtest7_pkey on sbtest7  (cost=0.43..83.89 rows=10 width=121)
	  Index Cond: (id = ANY ('{7856281,2400324,1454984,2311325,9100572,9326108,9189914,1568532,2139395,7650823}'::integer[]))

table 8 : explain SELECT c FROM sbtest8 WHERE id IN ( 7856281, 2400324, 1454984, 2311325, 9100572, 9326108, 9189914, 1568532, 2139395, 7650823)
	Index Scan using sbtest8_pkey on sbtest8  (cost=0.43..83.92 rows=10 width=121)
	  Index Cond: (id = ANY ('{7856281,2400324,1454984,2311325,9100572,9326108,9189914,1568532,2139395,7650823}'::integer[]))

explain: for select-inlist :: explain SELECT c FROM sbtest%d WHERE id IN ( 47438, 8218921, 4928002, 7457099, 8146628, 7013981, 7550609, 2541944, 1178764, 9887261)
explain: for select-inlist :: explain SELECT c FROM sbtest%d WHERE id IN ( 9795888, 7711472, 877881, 9741605, 2319297, 3740878, 3945891, 3559298, 3515934, 3681370)
explain: for select-inlist :: explain SELECT c FROM sbtest%d WHERE id IN ( 8248772, 2434459, 144856, 3409152, 7682196, 7231285, 2651467, 7486540, 2901298, 1301678)
explain: for select-inlist :: explain SELECT c FROM sbtest%d WHERE id IN ( 9696224, 3305703, 6618345, 5617894, 2705804, 1491945, 8899341, 3217351, 981560, 2066111)
for select-inlist
table 1 : explain SELECT c FROM sbtest1 WHERE id IN ( 6490806, 7971553, 8633824, 8619039, 4901497, 3310158, 5401901, 4313320, 1867767, 8791805)
	Index Scan using sbtest1_pkey on sbtest1  (cost=0.43..84.05 rows=10 width=121)
	  Index Cond: (id = ANY ('{6490806,7971553,8633824,8619039,4901497,3310158,5401901,4313320,1867767,8791805}'::integer[]))

table 2 : explain SELECT c FROM sbtest2 WHERE id IN ( 6490806, 7971553, 8633824, 8619039, 4901497, 3310158, 5401901, 4313320, 1867767, 8791805)
	Index Scan using sbtest2_pkey on sbtest2  (cost=0.43..84.06 rows=10 width=121)
	  Index Cond: (id = ANY ('{6490806,7971553,8633824,8619039,4901497,3310158,5401901,4313320,1867767,8791805}'::integer[]))

table 3 : explain SELECT c FROM sbtest3 WHERE id IN ( 6490806, 7971553, 8633824, 8619039, 4901497, 3310158, 5401901, 4313320, 1867767, 8791805)
	Index Scan using sbtest3_pkey on sbtest3  (cost=0.43..84.04 rows=10 width=121)
	  Index Cond: (id = ANY ('{6490806,7971553,8633824,8619039,4901497,3310158,5401901,4313320,1867767,8791805}'::integer[]))

table 4 : explain SELECT c FROM sbtest4 WHERE id IN ( 6490806, 7971553, 8633824, 8619039, 4901497, 3310158, 5401901, 4313320, 1867767, 8791805)
	Index Scan using sbtest4_pkey on sbtest4  (cost=0.43..83.96 rows=10 width=121)
	  Index Cond: (id = ANY ('{6490806,7971553,8633824,8619039,4901497,3310158,5401901,4313320,1867767,8791805}'::integer[]))

table 5 : explain SELECT c FROM sbtest5 WHERE id IN ( 6490806, 7971553, 8633824, 8619039, 4901497, 3310158, 5401901, 4313320, 1867767, 8791805)
	Index Scan using sbtest5_pkey on sbtest5  (cost=0.43..83.94 rows=10 width=121)
	  Index Cond: (id = ANY ('{6490806,7971553,8633824,8619039,4901497,3310158,5401901,4313320,1867767,8791805}'::integer[]))

table 6 : explain SELECT c FROM sbtest6 WHERE id IN ( 6490806, 7971553, 8633824, 8619039, 4901497, 3310158, 5401901, 4313320, 1867767, 8791805)
	Index Scan using sbtest6_pkey on sbtest6  (cost=0.43..83.92 rows=10 width=121)
	  Index Cond: (id = ANY ('{6490806,7971553,8633824,8619039,4901497,3310158,5401901,4313320,1867767,8791805}'::integer[]))

table 7 : explain SELECT c FROM sbtest7 WHERE id IN ( 6490806, 7971553, 8633824, 8619039, 4901497, 3310158, 5401901, 4313320, 1867767, 8791805)
	Index Scan using sbtest7_pkey on sbtest7  (cost=0.43..83.89 rows=10 width=121)
	  Index Cond: (id = ANY ('{6490806,7971553,8633824,8619039,4901497,3310158,5401901,4313320,1867767,8791805}'::integer[]))

table 8 : explain SELECT c FROM sbtest8 WHERE id IN ( 6490806, 7971553, 8633824, 8619039, 4901497, 3310158, 5401901, 4313320, 1867767, 8791805)
	Index Scan using sbtest8_pkey on sbtest8  (cost=0.43..83.92 rows=10 width=121)
	  Index Cond: (id = ANY ('{6490806,7971553,8633824,8619039,4901497,3310158,5401901,4313320,1867767,8791805}'::integer[]))

for select-inlist
table 1 : explain SELECT c FROM sbtest1 WHERE id IN ( 47438, 8218921, 4928002, 7457099, 8146628, 7013981, 7550609, 2541944, 1178764, 9887261)
	Index Scan using sbtest1_pkey on sbtest1  (cost=0.43..84.05 rows=10 width=121)
	  Index Cond: (id = ANY ('{47438,8218921,4928002,7457099,8146628,7013981,7550609,2541944,1178764,9887261}'::integer[]))

table 2 : explain SELECT c FROM sbtest2 WHERE id IN ( 47438, 8218921, 4928002, 7457099, 8146628, 7013981, 7550609, 2541944, 1178764, 9887261)
	Index Scan using sbtest2_pkey on sbtest2  (cost=0.43..84.06 rows=10 width=121)
	  Index Cond: (id = ANY ('{47438,8218921,4928002,7457099,8146628,7013981,7550609,2541944,1178764,9887261}'::integer[]))

table 3 : explain SELECT c FROM sbtest3 WHERE id IN ( 47438, 8218921, 4928002, 7457099, 8146628, 7013981, 7550609, 2541944, 1178764, 9887261)
	Index Scan using sbtest3_pkey on sbtest3  (cost=0.43..84.04 rows=10 width=121)
	  Index Cond: (id = ANY ('{47438,8218921,4928002,7457099,8146628,7013981,7550609,2541944,1178764,9887261}'::integer[]))

table 4 : explain SELECT c FROM sbtest4 WHERE id IN ( 47438, 8218921, 4928002, 7457099, 8146628, 7013981, 7550609, 2541944, 1178764, 9887261)
	Index Scan using sbtest4_pkey on sbtest4  (cost=0.43..83.96 rows=10 width=121)
	  Index Cond: (id = ANY ('{47438,8218921,4928002,7457099,8146628,7013981,7550609,2541944,1178764,9887261}'::integer[]))

table 5 : explain SELECT c FROM sbtest5 WHERE id IN ( 47438, 8218921, 4928002, 7457099, 8146628, 7013981, 7550609, 2541944, 1178764, 9887261)
	Index Scan using sbtest5_pkey on sbtest5  (cost=0.43..83.94 rows=10 width=121)
	  Index Cond: (id = ANY ('{47438,8218921,4928002,7457099,8146628,7013981,7550609,2541944,1178764,9887261}'::integer[]))

table 6 : explain SELECT c FROM sbtest6 WHERE id IN ( 47438, 8218921, 4928002, 7457099, 8146628, 7013981, 7550609, 2541944, 1178764, 9887261)
	Index Scan using sbtest6_pkey on sbtest6  (cost=0.43..83.92 rows=10 width=121)
	  Index Cond: (id = ANY ('{47438,8218921,4928002,7457099,8146628,7013981,7550609,2541944,1178764,9887261}'::integer[]))

table 7 : explain SELECT c FROM sbtest7 WHERE id IN ( 47438, 8218921, 4928002, 7457099, 8146628, 7013981, 7550609, 2541944, 1178764, 9887261)
	Index Scan using sbtest7_pkey on sbtest7  (cost=0.43..83.89 rows=10 width=121)
	  Index Cond: (id = ANY ('{47438,8218921,4928002,7457099,8146628,7013981,7550609,2541944,1178764,9887261}'::integer[]))

table 8 : explain SELECT c FROM sbtest8 WHERE id IN ( 47438, 8218921, 4928002, 7457099, 8146628, 7013981, 7550609, 2541944, 1178764, 9887261)
	Index Scan using sbtest8_pkey on sbtest8  (cost=0.43..83.92 rows=10 width=121)
	  Index Cond: (id = ANY ('{47438,8218921,4928002,7457099,8146628,7013981,7550609,2541944,1178764,9887261}'::integer[]))

for select-inlist
table 1 : explain SELECT c FROM sbtest1 WHERE id IN ( 3162414, 4230893, 6449436, 3146242, 1936127, 5451596, 8518651, 8660057, 4541444, 2953487)
	Index Scan using sbtest1_pkey on sbtest1  (cost=0.43..84.05 rows=10 width=121)
	  Index Cond: (id = ANY ('{3162414,4230893,6449436,3146242,1936127,5451596,8518651,8660057,4541444,2953487}'::integer[]))

table 2 : explain SELECT c FROM sbtest2 WHERE id IN ( 3162414, 4230893, 6449436, 3146242, 1936127, 5451596, 8518651, 8660057, 4541444, 2953487)
	Index Scan using sbtest2_pkey on sbtest2  (cost=0.43..84.06 rows=10 width=121)
	  Index Cond: (id = ANY ('{3162414,4230893,6449436,3146242,1936127,5451596,8518651,8660057,4541444,2953487}'::integer[]))

table 3 : explain SELECT c FROM sbtest3 WHERE id IN ( 3162414, 4230893, 6449436, 3146242, 1936127, 5451596, 8518651, 8660057, 4541444, 2953487)
	Index Scan using sbtest3_pkey on sbtest3  (cost=0.43..84.04 rows=10 width=121)
	  Index Cond: (id = ANY ('{3162414,4230893,6449436,3146242,1936127,5451596,8518651,8660057,4541444,2953487}'::integer[]))

table 4 : explain SELECT c FROM sbtest4 WHERE id IN ( 3162414, 4230893, 6449436, 3146242, 1936127, 5451596, 8518651, 8660057, 4541444, 2953487)
	Index Scan using sbtest4_pkey on sbtest4  (cost=0.43..83.96 rows=10 width=121)
	  Index Cond: (id = ANY ('{3162414,4230893,6449436,3146242,1936127,5451596,8518651,8660057,4541444,2953487}'::integer[]))

table 5 : explain SELECT c FROM sbtest5 WHERE id IN ( 3162414, 4230893, 6449436, 3146242, 1936127, 5451596, 8518651, 8660057, 4541444, 2953487)
	Index Scan using sbtest5_pkey on sbtest5  (cost=0.43..83.94 rows=10 width=121)
	  Index Cond: (id = ANY ('{3162414,4230893,6449436,3146242,1936127,5451596,8518651,8660057,4541444,2953487}'::integer[]))

table 6 : explain SELECT c FROM sbtest6 WHERE id IN ( 3162414, 4230893, 6449436, 3146242, 1936127, 5451596, 8518651, 8660057, 4541444, 2953487)
	Index Scan using sbtest6_pkey on sbtest6  (cost=0.43..83.92 rows=10 width=121)
	  Index Cond: (id = ANY ('{3162414,4230893,6449436,3146242,1936127,5451596,8518651,8660057,4541444,2953487}'::integer[]))

table 7 : explain SELECT c FROM sbtest7 WHERE id IN ( 3162414, 4230893, 6449436, 3146242, 1936127, 5451596, 8518651, 8660057, 4541444, 2953487)
	Index Scan using sbtest7_pkey on sbtest7  (cost=0.43..83.89 rows=10 width=121)
	  Index Cond: (id = ANY ('{3162414,4230893,6449436,3146242,1936127,5451596,8518651,8660057,4541444,2953487}'::integer[]))

table 8 : explain SELECT c FROM sbtest8 WHERE id IN ( 3162414, 4230893, 6449436, 3146242, 1936127, 5451596, 8518651, 8660057, 4541444, 2953487)
	Index Scan using sbtest8_pkey on sbtest8  (cost=0.43..83.92 rows=10 width=121)
	  Index Cond: (id = ANY ('{3162414,4230893,6449436,3146242,1936127,5451596,8518651,8660057,4541444,2953487}'::integer[]))

for select-inlist
table 1 : explain SELECT c FROM sbtest1 WHERE id IN ( 8248772, 2434459, 144856, 3409152, 7682196, 7231285, 2651467, 7486540, 2901298, 1301678)
	Index Scan using sbtest1_pkey on sbtest1  (cost=0.43..84.05 rows=10 width=121)
	  Index Cond: (id = ANY ('{8248772,2434459,144856,3409152,7682196,7231285,2651467,7486540,2901298,1301678}'::integer[]))

table 2 : explain SELECT c FROM sbtest2 WHERE id IN ( 8248772, 2434459, 144856, 3409152, 7682196, 7231285, 2651467, 7486540, 2901298, 1301678)
	Index Scan using sbtest2_pkey on sbtest2  (cost=0.43..84.06 rows=10 width=121)
	  Index Cond: (id = ANY ('{8248772,2434459,144856,3409152,7682196,7231285,2651467,7486540,2901298,1301678}'::integer[]))

table 3 : explain SELECT c FROM sbtest3 WHERE id IN ( 8248772, 2434459, 144856, 3409152, 7682196, 7231285, 2651467, 7486540, 2901298, 1301678)
	Index Scan using sbtest3_pkey on sbtest3  (cost=0.43..84.04 rows=10 width=121)
	  Index Cond: (id = ANY ('{8248772,2434459,144856,3409152,7682196,7231285,2651467,7486540,2901298,1301678}'::integer[]))

table 4 : explain SELECT c FROM sbtest4 WHERE id IN ( 8248772, 2434459, 144856, 3409152, 7682196, 7231285, 2651467, 7486540, 2901298, 1301678)
	Index Scan using sbtest4_pkey on sbtest4  (cost=0.43..83.96 rows=10 width=121)
	  Index Cond: (id = ANY ('{8248772,2434459,144856,3409152,7682196,7231285,2651467,7486540,2901298,1301678}'::integer[]))

table 5 : explain SELECT c FROM sbtest5 WHERE id IN ( 8248772, 2434459, 144856, 3409152, 7682196, 7231285, 2651467, 7486540, 2901298, 1301678)
	Index Scan using sbtest5_pkey on sbtest5  (cost=0.43..83.94 rows=10 width=121)
	  Index Cond: (id = ANY ('{8248772,2434459,144856,3409152,7682196,7231285,2651467,7486540,2901298,1301678}'::integer[]))

table 6 : explain SELECT c FROM sbtest6 WHERE id IN ( 8248772, 2434459, 144856, 3409152, 7682196, 7231285, 2651467, 7486540, 2901298, 1301678)
	Index Scan using sbtest6_pkey on sbtest6  (cost=0.43..83.92 rows=10 width=121)
	  Index Cond: (id = ANY ('{8248772,2434459,144856,3409152,7682196,7231285,2651467,7486540,2901298,1301678}'::integer[]))

table 7 : explain SELECT c FROM sbtest7 WHERE id IN ( 8248772, 2434459, 144856, 3409152, 7682196, 7231285, 2651467, 7486540, 2901298, 1301678)
	Index Scan using sbtest7_pkey on sbtest7  (cost=0.43..83.89 rows=10 width=121)
	  Index Cond: (id = ANY ('{8248772,2434459,144856,3409152,7682196,7231285,2651467,7486540,2901298,1301678}'::integer[]))

table 8 : explain SELECT c FROM sbtest8 WHERE id IN ( 8248772, 2434459, 144856, 3409152, 7682196, 7231285, 2651467, 7486540, 2901298, 1301678)
	Index Scan using sbtest8_pkey on sbtest8  (cost=0.43..83.92 rows=10 width=121)
	  Index Cond: (id = ANY ('{8248772,2434459,144856,3409152,7682196,7231285,2651467,7486540,2901298,1301678}'::integer[]))

explain: for select-inlist :: explain SELECT c FROM sbtest%d WHERE id IN ( 5767853, 5239449, 9628900, 9362877, 1278872, 9517260, 5104434, 921984, 6968264, 562728)
explain: for select-inlist :: explain SELECT c FROM sbtest%d WHERE id IN ( 6285886, 3185836, 9165014, 5630438, 6309765, 7297618, 813951, 1022449, 6258875, 6390037)
explain: for select-inlist :: explain SELECT c FROM sbtest%d WHERE id IN ( 5106954, 2769700, 3234467, 8786965, 6519944, 8279580, 9318515, 5693781, 6815409, 6102059)
for select-inlist
table 1 : explain SELECT c FROM sbtest1 WHERE id IN ( 9696224, 3305703, 6618345, 5617894, 2705804, 1491945, 8899341, 3217351, 981560, 2066111)
	Index Scan using sbtest1_pkey on sbtest1  (cost=0.43..84.05 rows=10 width=121)
	  Index Cond: (id = ANY ('{9696224,3305703,6618345,5617894,2705804,1491945,8899341,3217351,981560,2066111}'::integer[]))

table 2 : explain SELECT c FROM sbtest2 WHERE id IN ( 9696224, 3305703, 6618345, 5617894, 2705804, 1491945, 8899341, 3217351, 981560, 2066111)
	Index Scan using sbtest2_pkey on sbtest2  (cost=0.43..84.06 rows=10 width=121)
	  Index Cond: (id = ANY ('{9696224,3305703,6618345,5617894,2705804,1491945,8899341,3217351,981560,2066111}'::integer[]))

table 3 : explain SELECT c FROM sbtest3 WHERE id IN ( 9696224, 3305703, 6618345, 5617894, 2705804, 1491945, 8899341, 3217351, 981560, 2066111)
	Index Scan using sbtest3_pkey on sbtest3  (cost=0.43..84.04 rows=10 width=121)
	  Index Cond: (id = ANY ('{9696224,3305703,6618345,5617894,2705804,1491945,8899341,3217351,981560,2066111}'::integer[]))

table 4 : explain SELECT c FROM sbtest4 WHERE id IN ( 9696224, 3305703, 6618345, 5617894, 2705804, 1491945, 8899341, 3217351, 981560, 2066111)
	Index Scan using sbtest4_pkey on sbtest4  (cost=0.43..83.96 rows=10 width=121)
	  Index Cond: (id = ANY ('{9696224,3305703,6618345,5617894,2705804,1491945,8899341,3217351,981560,2066111}'::integer[]))

table 5 : explain SELECT c FROM sbtest5 WHERE id IN ( 9696224, 3305703, 6618345, 5617894, 2705804, 1491945, 8899341, 3217351, 981560, 2066111)
	Index Scan using sbtest5_pkey on sbtest5  (cost=0.43..83.94 rows=10 width=121)
	  Index Cond: (id = ANY ('{9696224,3305703,6618345,5617894,2705804,1491945,8899341,3217351,981560,2066111}'::integer[]))

table 6 : explain SELECT c FROM sbtest6 WHERE id IN ( 9696224, 3305703, 6618345, 5617894, 2705804, 1491945, 8899341, 3217351, 981560, 2066111)
	Index Scan using sbtest6_pkey on sbtest6  (cost=0.43..83.92 rows=10 width=121)
	  Index Cond: (id = ANY ('{9696224,3305703,6618345,5617894,2705804,1491945,8899341,3217351,981560,2066111}'::integer[]))

table 7 : explain SELECT c FROM sbtest7 WHERE id IN ( 9696224, 3305703, 6618345, 5617894, 2705804, 1491945, 8899341, 3217351, 981560, 2066111)
	Index Scan using sbtest7_pkey on sbtest7  (cost=0.43..83.89 rows=10 width=121)
	  Index Cond: (id = ANY ('{9696224,3305703,6618345,5617894,2705804,1491945,8899341,3217351,981560,2066111}'::integer[]))

table 8 : explain SELECT c FROM sbtest8 WHERE id IN ( 9696224, 3305703, 6618345, 5617894, 2705804, 1491945, 8899341, 3217351, 981560, 2066111)
	Index Scan using sbtest8_pkey on sbtest8  (cost=0.43..83.92 rows=10 width=121)
	  Index Cond: (id = ANY ('{9696224,3305703,6618345,5617894,2705804,1491945,8899341,3217351,981560,2066111}'::integer[]))

for select-inlist
table 1 : explain SELECT c FROM sbtest1 WHERE id IN ( 9795888, 7711472, 877881, 9741605, 2319297, 3740878, 3945891, 3559298, 3515934, 3681370)
	Index Scan using sbtest1_pkey on sbtest1  (cost=0.43..84.05 rows=10 width=121)
	  Index Cond: (id = ANY ('{9795888,7711472,877881,9741605,2319297,3740878,3945891,3559298,3515934,3681370}'::integer[]))

table 2 : explain SELECT c FROM sbtest2 WHERE id IN ( 9795888, 7711472, 877881, 9741605, 2319297, 3740878, 3945891, 3559298, 3515934, 3681370)
	Index Scan using sbtest2_pkey on sbtest2  (cost=0.43..84.06 rows=10 width=121)
	  Index Cond: (id = ANY ('{9795888,7711472,877881,9741605,2319297,3740878,3945891,3559298,3515934,3681370}'::integer[]))

table 3 : explain SELECT c FROM sbtest3 WHERE id IN ( 9795888, 7711472, 877881, 9741605, 2319297, 3740878, 3945891, 3559298, 3515934, 3681370)
	Index Scan using sbtest3_pkey on sbtest3  (cost=0.43..84.04 rows=10 width=121)
	  Index Cond: (id = ANY ('{9795888,7711472,877881,9741605,2319297,3740878,3945891,3559298,3515934,3681370}'::integer[]))

table 4 : explain SELECT c FROM sbtest4 WHERE id IN ( 9795888, 7711472, 877881, 9741605, 2319297, 3740878, 3945891, 3559298, 3515934, 3681370)
	Index Scan using sbtest4_pkey on sbtest4  (cost=0.43..83.96 rows=10 width=121)
	  Index Cond: (id = ANY ('{9795888,7711472,877881,9741605,2319297,3740878,3945891,3559298,3515934,3681370}'::integer[]))

table 5 : explain SELECT c FROM sbtest5 WHERE id IN ( 9795888, 7711472, 877881, 9741605, 2319297, 3740878, 3945891, 3559298, 3515934, 3681370)
	Index Scan using sbtest5_pkey on sbtest5  (cost=0.43..83.94 rows=10 width=121)
	  Index Cond: (id = ANY ('{9795888,7711472,877881,9741605,2319297,3740878,3945891,3559298,3515934,3681370}'::integer[]))

table 6 : explain SELECT c FROM sbtest6 WHERE id IN ( 9795888, 7711472, 877881, 9741605, 2319297, 3740878, 3945891, 3559298, 3515934, 3681370)
	Index Scan using sbtest6_pkey on sbtest6  (cost=0.43..83.92 rows=10 width=121)
	  Index Cond: (id = ANY ('{9795888,7711472,877881,9741605,2319297,3740878,3945891,3559298,3515934,3681370}'::integer[]))

table 7 : explain SELECT c FROM sbtest7 WHERE id IN ( 9795888, 7711472, 877881, 9741605, 2319297, 3740878, 3945891, 3559298, 3515934, 3681370)
	Index Scan using sbtest7_pkey on sbtest7  (cost=0.43..83.89 rows=10 width=121)
	  Index Cond: (id = ANY ('{9795888,7711472,877881,9741605,2319297,3740878,3945891,3559298,3515934,3681370}'::integer[]))

table 8 : explain SELECT c FROM sbtest8 WHERE id IN ( 9795888, 7711472, 877881, 9741605, 2319297, 3740878, 3945891, 3559298, 3515934, 3681370)
	Index Scan using sbtest8_pkey on sbtest8  (cost=0.43..83.92 rows=10 width=121)
	  Index Cond: (id = ANY ('{9795888,7711472,877881,9741605,2319297,3740878,3945891,3559298,3515934,3681370}'::integer[]))

explain: for select-inlist :: explain SELECT c FROM sbtest%d WHERE id IN ( 8460096, 4599415, 2343576, 651082, 1204322, 3134649, 5057063, 1386924, 3425873, 4455344)
for select-inlist
table 1 : explain SELECT c FROM sbtest1 WHERE id IN ( 5767853, 5239449, 9628900, 9362877, 1278872, 9517260, 5104434, 921984, 6968264, 562728)
	Index Scan using sbtest1_pkey on sbtest1  (cost=0.43..84.05 rows=10 width=121)
	  Index Cond: (id = ANY ('{5767853,5239449,9628900,9362877,1278872,9517260,5104434,921984,6968264,562728}'::integer[]))

table 2 : explain SELECT c FROM sbtest2 WHERE id IN ( 5767853, 5239449, 9628900, 9362877, 1278872, 9517260, 5104434, 921984, 6968264, 562728)
	Index Scan using sbtest2_pkey on sbtest2  (cost=0.43..84.06 rows=10 width=121)
	  Index Cond: (id = ANY ('{5767853,5239449,9628900,9362877,1278872,9517260,5104434,921984,6968264,562728}'::integer[]))

table 3 : explain SELECT c FROM sbtest3 WHERE id IN ( 5767853, 5239449, 9628900, 9362877, 1278872, 9517260, 5104434, 921984, 6968264, 562728)
	Index Scan using sbtest3_pkey on sbtest3  (cost=0.43..84.04 rows=10 width=121)
	  Index Cond: (id = ANY ('{5767853,5239449,9628900,9362877,1278872,9517260,5104434,921984,6968264,562728}'::integer[]))

table 4 : explain SELECT c FROM sbtest4 WHERE id IN ( 5767853, 5239449, 9628900, 9362877, 1278872, 9517260, 5104434, 921984, 6968264, 562728)
	Index Scan using sbtest4_pkey on sbtest4  (cost=0.43..83.96 rows=10 width=121)
	  Index Cond: (id = ANY ('{5767853,5239449,9628900,9362877,1278872,9517260,5104434,921984,6968264,562728}'::integer[]))

table 5 : explain SELECT c FROM sbtest5 WHERE id IN ( 5767853, 5239449, 9628900, 9362877, 1278872, 9517260, 5104434, 921984, 6968264, 562728)
	Index Scan using sbtest5_pkey on sbtest5  (cost=0.43..83.94 rows=10 width=121)
	  Index Cond: (id = ANY ('{5767853,5239449,9628900,9362877,1278872,9517260,5104434,921984,6968264,562728}'::integer[]))

table 6 : explain SELECT c FROM sbtest6 WHERE id IN ( 5767853, 5239449, 9628900, 9362877, 1278872, 9517260, 5104434, 921984, 6968264, 562728)
	Index Scan using sbtest6_pkey on sbtest6  (cost=0.43..83.92 rows=10 width=121)
	  Index Cond: (id = ANY ('{5767853,5239449,9628900,9362877,1278872,9517260,5104434,921984,6968264,562728}'::integer[]))

table 7 : explain SELECT c FROM sbtest7 WHERE id IN ( 5767853, 5239449, 9628900, 9362877, 1278872, 9517260, 5104434, 921984, 6968264, 562728)
	Index Scan using sbtest7_pkey on sbtest7  (cost=0.43..83.89 rows=10 width=121)
	  Index Cond: (id = ANY ('{5767853,5239449,9628900,9362877,1278872,9517260,5104434,921984,6968264,562728}'::integer[]))

table 8 : explain SELECT c FROM sbtest8 WHERE id IN ( 5767853, 5239449, 9628900, 9362877, 1278872, 9517260, 5104434, 921984, 6968264, 562728)
	Index Scan using sbtest8_pkey on sbtest8  (cost=0.43..83.92 rows=10 width=121)
	  Index Cond: (id = ANY ('{5767853,5239449,9628900,9362877,1278872,9517260,5104434,921984,6968264,562728}'::integer[]))

for select-inlist
table 1 : explain SELECT c FROM sbtest1 WHERE id IN ( 6285886, 3185836, 9165014, 5630438, 6309765, 7297618, 813951, 1022449, 6258875, 6390037)
	Index Scan using sbtest1_pkey on sbtest1  (cost=0.43..84.05 rows=10 width=121)
	  Index Cond: (id = ANY ('{6285886,3185836,9165014,5630438,6309765,7297618,813951,1022449,6258875,6390037}'::integer[]))

table 2 : explain SELECT c FROM sbtest2 WHERE id IN ( 6285886, 3185836, 9165014, 5630438, 6309765, 7297618, 813951, 1022449, 6258875, 6390037)
	Index Scan using sbtest2_pkey on sbtest2  (cost=0.43..84.06 rows=10 width=121)
	  Index Cond: (id = ANY ('{6285886,3185836,9165014,5630438,6309765,7297618,813951,1022449,6258875,6390037}'::integer[]))

table 3 : explain SELECT c FROM sbtest3 WHERE id IN ( 6285886, 3185836, 9165014, 5630438, 6309765, 7297618, 813951, 1022449, 6258875, 6390037)
	Index Scan using sbtest3_pkey on sbtest3  (cost=0.43..84.04 rows=10 width=121)
	  Index Cond: (id = ANY ('{6285886,3185836,9165014,5630438,6309765,7297618,813951,1022449,6258875,6390037}'::integer[]))

table 4 : explain SELECT c FROM sbtest4 WHERE id IN ( 6285886, 3185836, 9165014, 5630438, 6309765, 7297618, 813951, 1022449, 6258875, 6390037)
	Index Scan using sbtest4_pkey on sbtest4  (cost=0.43..83.96 rows=10 width=121)
	  Index Cond: (id = ANY ('{6285886,3185836,9165014,5630438,6309765,7297618,813951,1022449,6258875,6390037}'::integer[]))

table 5 : explain SELECT c FROM sbtest5 WHERE id IN ( 6285886, 3185836, 9165014, 5630438, 6309765, 7297618, 813951, 1022449, 6258875, 6390037)
	Index Scan using sbtest5_pkey on sbtest5  (cost=0.43..83.94 rows=10 width=121)
	  Index Cond: (id = ANY ('{6285886,3185836,9165014,5630438,6309765,7297618,813951,1022449,6258875,6390037}'::integer[]))

table 6 : explain SELECT c FROM sbtest6 WHERE id IN ( 6285886, 3185836, 9165014, 5630438, 6309765, 7297618, 813951, 1022449, 6258875, 6390037)
	Index Scan using sbtest6_pkey on sbtest6  (cost=0.43..83.92 rows=10 width=121)
	  Index Cond: (id = ANY ('{6285886,3185836,9165014,5630438,6309765,7297618,813951,1022449,6258875,6390037}'::integer[]))

table 7 : explain SELECT c FROM sbtest7 WHERE id IN ( 6285886, 3185836, 9165014, 5630438, 6309765, 7297618, 813951, 1022449, 6258875, 6390037)
	Index Scan using sbtest7_pkey on sbtest7  (cost=0.43..83.89 rows=10 width=121)
	  Index Cond: (id = ANY ('{6285886,3185836,9165014,5630438,6309765,7297618,813951,1022449,6258875,6390037}'::integer[]))

table 8 : explain SELECT c FROM sbtest8 WHERE id IN ( 6285886, 3185836, 9165014, 5630438, 6309765, 7297618, 813951, 1022449, 6258875, 6390037)
	Index Scan using sbtest8_pkey on sbtest8  (cost=0.43..83.92 rows=10 width=121)
	  Index Cond: (id = ANY ('{6285886,3185836,9165014,5630438,6309765,7297618,813951,1022449,6258875,6390037}'::integer[]))

explain: for select-inlist :: explain SELECT c FROM sbtest%d WHERE id IN ( 7823599, 8082499, 2187433, 4793473, 270489, 5298814, 458666, 5777118, 8446708, 6763139)
for select-inlist
table 1 : explain SELECT c FROM sbtest1 WHERE id IN ( 5106954, 2769700, 3234467, 8786965, 6519944, 8279580, 9318515, 5693781, 6815409, 6102059)
	Index Scan using sbtest1_pkey on sbtest1  (cost=0.43..84.05 rows=10 width=121)
	  Index Cond: (id = ANY ('{5106954,2769700,3234467,8786965,6519944,8279580,9318515,5693781,6815409,6102059}'::integer[]))

table 2 : explain SELECT c FROM sbtest2 WHERE id IN ( 5106954, 2769700, 3234467, 8786965, 6519944, 8279580, 9318515, 5693781, 6815409, 6102059)
	Index Scan using sbtest2_pkey on sbtest2  (cost=0.43..84.06 rows=10 width=121)
	  Index Cond: (id = ANY ('{5106954,2769700,3234467,8786965,6519944,8279580,9318515,5693781,6815409,6102059}'::integer[]))

table 3 : explain SELECT c FROM sbtest3 WHERE id IN ( 5106954, 2769700, 3234467, 8786965, 6519944, 8279580, 9318515, 5693781, 6815409, 6102059)
	Index Scan using sbtest3_pkey on sbtest3  (cost=0.43..84.04 rows=10 width=121)
	  Index Cond: (id = ANY ('{5106954,2769700,3234467,8786965,6519944,8279580,9318515,5693781,6815409,6102059}'::integer[]))

table 4 : explain SELECT c FROM sbtest4 WHERE id IN ( 5106954, 2769700, 3234467, 8786965, 6519944, 8279580, 9318515, 5693781, 6815409, 6102059)
	Index Scan using sbtest4_pkey on sbtest4  (cost=0.43..83.96 rows=10 width=121)
	  Index Cond: (id = ANY ('{5106954,2769700,3234467,8786965,6519944,8279580,9318515,5693781,6815409,6102059}'::integer[]))

table 5 : explain SELECT c FROM sbtest5 WHERE id IN ( 5106954, 2769700, 3234467, 8786965, 6519944, 8279580, 9318515, 5693781, 6815409, 6102059)
	Index Scan using sbtest5_pkey on sbtest5  (cost=0.43..83.94 rows=10 width=121)
	  Index Cond: (id = ANY ('{5106954,2769700,3234467,8786965,6519944,8279580,9318515,5693781,6815409,6102059}'::integer[]))

table 6 : explain SELECT c FROM sbtest6 WHERE id IN ( 5106954, 2769700, 3234467, 8786965, 6519944, 8279580, 9318515, 5693781, 6815409, 6102059)
	Index Scan using sbtest6_pkey on sbtest6  (cost=0.43..83.92 rows=10 width=121)
	  Index Cond: (id = ANY ('{5106954,2769700,3234467,8786965,6519944,8279580,9318515,5693781,6815409,6102059}'::integer[]))

table 7 : explain SELECT c FROM sbtest7 WHERE id IN ( 5106954, 2769700, 3234467, 8786965, 6519944, 8279580, 9318515, 5693781, 6815409, 6102059)
	Index Scan using sbtest7_pkey on sbtest7  (cost=0.43..83.89 rows=10 width=121)
	  Index Cond: (id = ANY ('{5106954,2769700,3234467,8786965,6519944,8279580,9318515,5693781,6815409,6102059}'::integer[]))

table 8 : explain SELECT c FROM sbtest8 WHERE id IN ( 5106954, 2769700, 3234467, 8786965, 6519944, 8279580, 9318515, 5693781, 6815409, 6102059)
	Index Scan using sbtest8_pkey on sbtest8  (cost=0.43..83.92 rows=10 width=121)
	  Index Cond: (id = ANY ('{5106954,2769700,3234467,8786965,6519944,8279580,9318515,5693781,6815409,6102059}'::integer[]))

for select-inlist
table 1 : explain SELECT c FROM sbtest1 WHERE id IN ( 8460096, 4599415, 2343576, 651082, 1204322, 3134649, 5057063, 1386924, 3425873, 4455344)
	Index Scan using sbtest1_pkey on sbtest1  (cost=0.43..84.05 rows=10 width=121)
	  Index Cond: (id = ANY ('{8460096,4599415,2343576,651082,1204322,3134649,5057063,1386924,3425873,4455344}'::integer[]))

table 2 : explain SELECT c FROM sbtest2 WHERE id IN ( 8460096, 4599415, 2343576, 651082, 1204322, 3134649, 5057063, 1386924, 3425873, 4455344)
	Index Scan using sbtest2_pkey on sbtest2  (cost=0.43..84.06 rows=10 width=121)
	  Index Cond: (id = ANY ('{8460096,4599415,2343576,651082,1204322,3134649,5057063,1386924,3425873,4455344}'::integer[]))

table 3 : explain SELECT c FROM sbtest3 WHERE id IN ( 8460096, 4599415, 2343576, 651082, 1204322, 3134649, 5057063, 1386924, 3425873, 4455344)
	Index Scan using sbtest3_pkey on sbtest3  (cost=0.43..84.04 rows=10 width=121)
	  Index Cond: (id = ANY ('{8460096,4599415,2343576,651082,1204322,3134649,5057063,1386924,3425873,4455344}'::integer[]))

table 4 : explain SELECT c FROM sbtest4 WHERE id IN ( 8460096, 4599415, 2343576, 651082, 1204322, 3134649, 5057063, 1386924, 3425873, 4455344)
	Index Scan using sbtest4_pkey on sbtest4  (cost=0.43..83.96 rows=10 width=121)
	  Index Cond: (id = ANY ('{8460096,4599415,2343576,651082,1204322,3134649,5057063,1386924,3425873,4455344}'::integer[]))

table 5 : explain SELECT c FROM sbtest5 WHERE id IN ( 8460096, 4599415, 2343576, 651082, 1204322, 3134649, 5057063, 1386924, 3425873, 4455344)
	Index Scan using sbtest5_pkey on sbtest5  (cost=0.43..83.94 rows=10 width=121)
	  Index Cond: (id = ANY ('{8460096,4599415,2343576,651082,1204322,3134649,5057063,1386924,3425873,4455344}'::integer[]))

table 6 : explain SELECT c FROM sbtest6 WHERE id IN ( 8460096, 4599415, 2343576, 651082, 1204322, 3134649, 5057063, 1386924, 3425873, 4455344)
	Index Scan using sbtest6_pkey on sbtest6  (cost=0.43..83.92 rows=10 width=121)
	  Index Cond: (id = ANY ('{8460096,4599415,2343576,651082,1204322,3134649,5057063,1386924,3425873,4455344}'::integer[]))

table 7 : explain SELECT c FROM sbtest7 WHERE id IN ( 8460096, 4599415, 2343576, 651082, 1204322, 3134649, 5057063, 1386924, 3425873, 4455344)
	Index Scan using sbtest7_pkey on sbtest7  (cost=0.43..83.89 rows=10 width=121)
	  Index Cond: (id = ANY ('{8460096,4599415,2343576,651082,1204322,3134649,5057063,1386924,3425873,4455344}'::integer[]))

table 8 : explain SELECT c FROM sbtest8 WHERE id IN ( 8460096, 4599415, 2343576, 651082, 1204322, 3134649, 5057063, 1386924, 3425873, 4455344)
	Index Scan using sbtest8_pkey on sbtest8  (cost=0.43..83.92 rows=10 width=121)
	  Index Cond: (id = ANY ('{8460096,4599415,2343576,651082,1204322,3134649,5057063,1386924,3425873,4455344}'::integer[]))

for select-inlist
table 1 : explain SELECT c FROM sbtest1 WHERE id IN ( 7823599, 8082499, 2187433, 4793473, 270489, 5298814, 458666, 5777118, 8446708, 6763139)
	Index Scan using sbtest1_pkey on sbtest1  (cost=0.43..84.05 rows=10 width=121)
	  Index Cond: (id = ANY ('{7823599,8082499,2187433,4793473,270489,5298814,458666,5777118,8446708,6763139}'::integer[]))

table 2 : explain SELECT c FROM sbtest2 WHERE id IN ( 7823599, 8082499, 2187433, 4793473, 270489, 5298814, 458666, 5777118, 8446708, 6763139)
	Index Scan using sbtest2_pkey on sbtest2  (cost=0.43..84.06 rows=10 width=121)
	  Index Cond: (id = ANY ('{7823599,8082499,2187433,4793473,270489,5298814,458666,5777118,8446708,6763139}'::integer[]))

table 3 : explain SELECT c FROM sbtest3 WHERE id IN ( 7823599, 8082499, 2187433, 4793473, 270489, 5298814, 458666, 5777118, 8446708, 6763139)
	Index Scan using sbtest3_pkey on sbtest3  (cost=0.43..84.04 rows=10 width=121)
	  Index Cond: (id = ANY ('{7823599,8082499,2187433,4793473,270489,5298814,458666,5777118,8446708,6763139}'::integer[]))

table 4 : explain SELECT c FROM sbtest4 WHERE id IN ( 7823599, 8082499, 2187433, 4793473, 270489, 5298814, 458666, 5777118, 8446708, 6763139)
	Index Scan using sbtest4_pkey on sbtest4  (cost=0.43..83.96 rows=10 width=121)
	  Index Cond: (id = ANY ('{7823599,8082499,2187433,4793473,270489,5298814,458666,5777118,8446708,6763139}'::integer[]))

table 5 : explain SELECT c FROM sbtest5 WHERE id IN ( 7823599, 8082499, 2187433, 4793473, 270489, 5298814, 458666, 5777118, 8446708, 6763139)
	Index Scan using sbtest5_pkey on sbtest5  (cost=0.43..83.94 rows=10 width=121)
	  Index Cond: (id = ANY ('{7823599,8082499,2187433,4793473,270489,5298814,458666,5777118,8446708,6763139}'::integer[]))

table 6 : explain SELECT c FROM sbtest6 WHERE id IN ( 7823599, 8082499, 2187433, 4793473, 270489, 5298814, 458666, 5777118, 8446708, 6763139)
	Index Scan using sbtest6_pkey on sbtest6  (cost=0.43..83.92 rows=10 width=121)
	  Index Cond: (id = ANY ('{7823599,8082499,2187433,4793473,270489,5298814,458666,5777118,8446708,6763139}'::integer[]))

table 7 : explain SELECT c FROM sbtest7 WHERE id IN ( 7823599, 8082499, 2187433, 4793473, 270489, 5298814, 458666, 5777118, 8446708, 6763139)
	Index Scan using sbtest7_pkey on sbtest7  (cost=0.43..83.89 rows=10 width=121)
	  Index Cond: (id = ANY ('{7823599,8082499,2187433,4793473,270489,5298814,458666,5777118,8446708,6763139}'::integer[]))

table 8 : explain SELECT c FROM sbtest8 WHERE id IN ( 7823599, 8082499, 2187433, 4793473, 270489, 5298814, 458666, 5777118, 8446708, 6763139)
	Index Scan using sbtest8_pkey on sbtest8  (cost=0.43..83.92 rows=10 width=121)
	  Index Cond: (id = ANY ('{7823599,8082499,2187433,4793473,270489,5298814,458666,5777118,8446708,6763139}'::integer[]))

explain: for select-inlist :: explain SELECT c FROM sbtest%d WHERE id IN ( 6039307, 7414713, 2542887, 3838857, 1895829, 3193768, 9191676, 4316533, 3380697, 2772496)
explain: for select-inlist :: explain SELECT c FROM sbtest%d WHERE id IN ( 5366009, 775460, 4780766, 7966790, 7254917, 4712037, 953545, 1771170, 9594661, 1182872)
explain: for select-inlist :: explain SELECT c FROM sbtest%d WHERE id IN ( 2251410, 8056256, 1749466, 3294084, 6452794, 9164411, 1496408, 3483515, 5279028, 7744841)
explain: for select-inlist :: explain SELECT c FROM sbtest%d WHERE id IN ( 1773980, 3623177, 6029592, 6619877, 8572436, 4421570, 3827006, 5251350, 8053013, 6214250)
explain: for select-inlist :: explain SELECT c FROM sbtest%d WHERE id IN ( 4687560, 5175886, 3319338, 4982078, 4725773, 6488460, 6873444, 7897460, 8903785, 6968778)
for select-inlist
table 1 : explain SELECT c FROM sbtest1 WHERE id IN ( 6039307, 7414713, 2542887, 3838857, 1895829, 3193768, 9191676, 4316533, 3380697, 2772496)
	Index Scan using sbtest1_pkey on sbtest1  (cost=0.43..84.05 rows=10 width=121)
	  Index Cond: (id = ANY ('{6039307,7414713,2542887,3838857,1895829,3193768,9191676,4316533,3380697,2772496}'::integer[]))

table 2 : explain SELECT c FROM sbtest2 WHERE id IN ( 6039307, 7414713, 2542887, 3838857, 1895829, 3193768, 9191676, 4316533, 3380697, 2772496)
	Index Scan using sbtest2_pkey on sbtest2  (cost=0.43..84.06 rows=10 width=121)
	  Index Cond: (id = ANY ('{6039307,7414713,2542887,3838857,1895829,3193768,9191676,4316533,3380697,2772496}'::integer[]))

table 3 : explain SELECT c FROM sbtest3 WHERE id IN ( 6039307, 7414713, 2542887, 3838857, 1895829, 3193768, 9191676, 4316533, 3380697, 2772496)
	Index Scan using sbtest3_pkey on sbtest3  (cost=0.43..84.04 rows=10 width=121)
	  Index Cond: (id = ANY ('{6039307,7414713,2542887,3838857,1895829,3193768,9191676,4316533,3380697,2772496}'::integer[]))

table 4 : explain SELECT c FROM sbtest4 WHERE id IN ( 6039307, 7414713, 2542887, 3838857, 1895829, 3193768, 9191676, 4316533, 3380697, 2772496)
	Index Scan using sbtest4_pkey on sbtest4  (cost=0.43..83.96 rows=10 width=121)
	  Index Cond: (id = ANY ('{6039307,7414713,2542887,3838857,1895829,3193768,9191676,4316533,3380697,2772496}'::integer[]))

table 5 : explain SELECT c FROM sbtest5 WHERE id IN ( 6039307, 7414713, 2542887, 3838857, 1895829, 3193768, 9191676, 4316533, 3380697, 2772496)
	Index Scan using sbtest5_pkey on sbtest5  (cost=0.43..83.94 rows=10 width=121)
	  Index Cond: (id = ANY ('{6039307,7414713,2542887,3838857,1895829,3193768,9191676,4316533,3380697,2772496}'::integer[]))

table 6 : explain SELECT c FROM sbtest6 WHERE id IN ( 6039307, 7414713, 2542887, 3838857, 1895829, 3193768, 9191676, 4316533, 3380697, 2772496)
	Index Scan using sbtest6_pkey on sbtest6  (cost=0.43..83.92 rows=10 width=121)
	  Index Cond: (id = ANY ('{6039307,7414713,2542887,3838857,1895829,3193768,9191676,4316533,3380697,2772496}'::integer[]))

table 7 : explain SELECT c FROM sbtest7 WHERE id IN ( 6039307, 7414713, 2542887, 3838857, 1895829, 3193768, 9191676, 4316533, 3380697, 2772496)
	Index Scan using sbtest7_pkey on sbtest7  (cost=0.43..83.89 rows=10 width=121)
	  Index Cond: (id = ANY ('{6039307,7414713,2542887,3838857,1895829,3193768,9191676,4316533,3380697,2772496}'::integer[]))

table 8 : explain SELECT c FROM sbtest8 WHERE id IN ( 6039307, 7414713, 2542887, 3838857, 1895829, 3193768, 9191676, 4316533, 3380697, 2772496)
	Index Scan using sbtest8_pkey on sbtest8  (cost=0.43..83.92 rows=10 width=121)
	  Index Cond: (id = ANY ('{6039307,7414713,2542887,3838857,1895829,3193768,9191676,4316533,3380697,2772496}'::integer[]))

for select-inlist
table 1 : explain SELECT c FROM sbtest1 WHERE id IN ( 5366009, 775460, 4780766, 7966790, 7254917, 4712037, 953545, 1771170, 9594661, 1182872)
	Index Scan using sbtest1_pkey on sbtest1  (cost=0.43..84.05 rows=10 width=121)
	  Index Cond: (id = ANY ('{5366009,775460,4780766,7966790,7254917,4712037,953545,1771170,9594661,1182872}'::integer[]))

table 2 : explain SELECT c FROM sbtest2 WHERE id IN ( 5366009, 775460, 4780766, 7966790, 7254917, 4712037, 953545, 1771170, 9594661, 1182872)
	Index Scan using sbtest2_pkey on sbtest2  (cost=0.43..84.06 rows=10 width=121)
	  Index Cond: (id = ANY ('{5366009,775460,4780766,7966790,7254917,4712037,953545,1771170,9594661,1182872}'::integer[]))

table 3 : explain SELECT c FROM sbtest3 WHERE id IN ( 5366009, 775460, 4780766, 7966790, 7254917, 4712037, 953545, 1771170, 9594661, 1182872)
	Index Scan using sbtest3_pkey on sbtest3  (cost=0.43..84.04 rows=10 width=121)
	  Index Cond: (id = ANY ('{5366009,775460,4780766,7966790,7254917,4712037,953545,1771170,9594661,1182872}'::integer[]))

table 4 : explain SELECT c FROM sbtest4 WHERE id IN ( 5366009, 775460, 4780766, 7966790, 7254917, 4712037, 953545, 1771170, 9594661, 1182872)
	Index Scan using sbtest4_pkey on sbtest4  (cost=0.43..83.96 rows=10 width=121)
	  Index Cond: (id = ANY ('{5366009,775460,4780766,7966790,7254917,4712037,953545,1771170,9594661,1182872}'::integer[]))

table 5 : explain SELECT c FROM sbtest5 WHERE id IN ( 5366009, 775460, 4780766, 7966790, 7254917, 4712037, 953545, 1771170, 9594661, 1182872)
	Index Scan using sbtest5_pkey on sbtest5  (cost=0.43..83.94 rows=10 width=121)
	  Index Cond: (id = ANY ('{5366009,775460,4780766,7966790,7254917,4712037,953545,1771170,9594661,1182872}'::integer[]))

table 6 : explain SELECT c FROM sbtest6 WHERE id IN ( 5366009, 775460, 4780766, 7966790, 7254917, 4712037, 953545, 1771170, 9594661, 1182872)
	Index Scan using sbtest6_pkey on sbtest6  (cost=0.43..83.92 rows=10 width=121)
	  Index Cond: (id = ANY ('{5366009,775460,4780766,7966790,7254917,4712037,953545,1771170,9594661,1182872}'::integer[]))

table 7 : explain SELECT c FROM sbtest7 WHERE id IN ( 5366009, 775460, 4780766, 7966790, 7254917, 4712037, 953545, 1771170, 9594661, 1182872)
	Index Scan using sbtest7_pkey on sbtest7  (cost=0.43..83.89 rows=10 width=121)
	  Index Cond: (id = ANY ('{5366009,775460,4780766,7966790,7254917,4712037,953545,1771170,9594661,1182872}'::integer[]))

table 8 : explain SELECT c FROM sbtest8 WHERE id IN ( 5366009, 775460, 4780766, 7966790, 7254917, 4712037, 953545, 1771170, 9594661, 1182872)
	Index Scan using sbtest8_pkey on sbtest8  (cost=0.43..83.92 rows=10 width=121)
	  Index Cond: (id = ANY ('{5366009,775460,4780766,7966790,7254917,4712037,953545,1771170,9594661,1182872}'::integer[]))

for select-inlist
table 1 : explain SELECT c FROM sbtest1 WHERE id IN ( 2251410, 8056256, 1749466, 3294084, 6452794, 9164411, 1496408, 3483515, 5279028, 7744841)
	Index Scan using sbtest1_pkey on sbtest1  (cost=0.43..84.05 rows=10 width=121)
	  Index Cond: (id = ANY ('{2251410,8056256,1749466,3294084,6452794,9164411,1496408,3483515,5279028,7744841}'::integer[]))

table 2 : explain SELECT c FROM sbtest2 WHERE id IN ( 2251410, 8056256, 1749466, 3294084, 6452794, 9164411, 1496408, 3483515, 5279028, 7744841)
	Index Scan using sbtest2_pkey on sbtest2  (cost=0.43..84.06 rows=10 width=121)
	  Index Cond: (id = ANY ('{2251410,8056256,1749466,3294084,6452794,9164411,1496408,3483515,5279028,7744841}'::integer[]))

table 3 : explain SELECT c FROM sbtest3 WHERE id IN ( 2251410, 8056256, 1749466, 3294084, 6452794, 9164411, 1496408, 3483515, 5279028, 7744841)
	Index Scan using sbtest3_pkey on sbtest3  (cost=0.43..84.04 rows=10 width=121)
	  Index Cond: (id = ANY ('{2251410,8056256,1749466,3294084,6452794,9164411,1496408,3483515,5279028,7744841}'::integer[]))

table 4 : explain SELECT c FROM sbtest4 WHERE id IN ( 2251410, 8056256, 1749466, 3294084, 6452794, 9164411, 1496408, 3483515, 5279028, 7744841)
	Index Scan using sbtest4_pkey on sbtest4  (cost=0.43..83.96 rows=10 width=121)
	  Index Cond: (id = ANY ('{2251410,8056256,1749466,3294084,6452794,9164411,1496408,3483515,5279028,7744841}'::integer[]))

table 5 : explain SELECT c FROM sbtest5 WHERE id IN ( 2251410, 8056256, 1749466, 3294084, 6452794, 9164411, 1496408, 3483515, 5279028, 7744841)
	Index Scan using sbtest5_pkey on sbtest5  (cost=0.43..83.94 rows=10 width=121)
	  Index Cond: (id = ANY ('{2251410,8056256,1749466,3294084,6452794,9164411,1496408,3483515,5279028,7744841}'::integer[]))

table 6 : explain SELECT c FROM sbtest6 WHERE id IN ( 2251410, 8056256, 1749466, 3294084, 6452794, 9164411, 1496408, 3483515, 5279028, 7744841)
	Index Scan using sbtest6_pkey on sbtest6  (cost=0.43..83.92 rows=10 width=121)
	  Index Cond: (id = ANY ('{2251410,8056256,1749466,3294084,6452794,9164411,1496408,3483515,5279028,7744841}'::integer[]))

table 7 : explain SELECT c FROM sbtest7 WHERE id IN ( 2251410, 8056256, 1749466, 3294084, 6452794, 9164411, 1496408, 3483515, 5279028, 7744841)
	Index Scan using sbtest7_pkey on sbtest7  (cost=0.43..83.89 rows=10 width=121)
	  Index Cond: (id = ANY ('{2251410,8056256,1749466,3294084,6452794,9164411,1496408,3483515,5279028,7744841}'::integer[]))

table 8 : explain SELECT c FROM sbtest8 WHERE id IN ( 2251410, 8056256, 1749466, 3294084, 6452794, 9164411, 1496408, 3483515, 5279028, 7744841)
	Index Scan using sbtest8_pkey on sbtest8  (cost=0.43..83.92 rows=10 width=121)
	  Index Cond: (id = ANY ('{2251410,8056256,1749466,3294084,6452794,9164411,1496408,3483515,5279028,7744841}'::integer[]))

explain: for select-inlist :: explain SELECT c FROM sbtest%d WHERE id IN ( 6093745, 8947021, 2205353, 5645904, 2449955, 4696451, 2904998, 8211693, 8294536, 6989890)
explain: for select-inlist :: explain SELECT c FROM sbtest%d WHERE id IN ( 692850, 5459353, 1406927, 3918102, 1137585, 2741351, 9550749, 5133411, 1229017, 574897)
explain: for select-inlist :: explain SELECT c FROM sbtest%d WHERE id IN ( 3672710, 9285547, 4779909, 5252816, 8235364, 1995006, 4591911, 1377496, 8596912, 3425399)
for select-inlist
table 1 : explain SELECT c FROM sbtest1 WHERE id IN ( 4687560, 5175886, 3319338, 4982078, 4725773, 6488460, 6873444, 7897460, 8903785, 6968778)
	Index Scan using sbtest1_pkey on sbtest1  (cost=0.43..84.05 rows=10 width=121)
	  Index Cond: (id = ANY ('{4687560,5175886,3319338,4982078,4725773,6488460,6873444,7897460,8903785,6968778}'::integer[]))

table 2 : explain SELECT c FROM sbtest2 WHERE id IN ( 4687560, 5175886, 3319338, 4982078, 4725773, 6488460, 6873444, 7897460, 8903785, 6968778)
	Index Scan using sbtest2_pkey on sbtest2  (cost=0.43..84.06 rows=10 width=121)
	  Index Cond: (id = ANY ('{4687560,5175886,3319338,4982078,4725773,6488460,6873444,7897460,8903785,6968778}'::integer[]))

table 3 : explain SELECT c FROM sbtest3 WHERE id IN ( 4687560, 5175886, 3319338, 4982078, 4725773, 6488460, 6873444, 7897460, 8903785, 6968778)
	Index Scan using sbtest3_pkey on sbtest3  (cost=0.43..84.04 rows=10 width=121)
	  Index Cond: (id = ANY ('{4687560,5175886,3319338,4982078,4725773,6488460,6873444,7897460,8903785,6968778}'::integer[]))

table 4 : explain SELECT c FROM sbtest4 WHERE id IN ( 4687560, 5175886, 3319338, 4982078, 4725773, 6488460, 6873444, 7897460, 8903785, 6968778)
	Index Scan using sbtest4_pkey on sbtest4  (cost=0.43..83.96 rows=10 width=121)
	  Index Cond: (id = ANY ('{4687560,5175886,3319338,4982078,4725773,6488460,6873444,7897460,8903785,6968778}'::integer[]))

table 5 : explain SELECT c FROM sbtest5 WHERE id IN ( 4687560, 5175886, 3319338, 4982078, 4725773, 6488460, 6873444, 7897460, 8903785, 6968778)
	Index Scan using sbtest5_pkey on sbtest5  (cost=0.43..83.94 rows=10 width=121)
	  Index Cond: (id = ANY ('{4687560,5175886,3319338,4982078,4725773,6488460,6873444,7897460,8903785,6968778}'::integer[]))

table 6 : explain SELECT c FROM sbtest6 WHERE id IN ( 4687560, 5175886, 3319338, 4982078, 4725773, 6488460, 6873444, 7897460, 8903785, 6968778)
	Index Scan using sbtest6_pkey on sbtest6  (cost=0.43..83.92 rows=10 width=121)
	  Index Cond: (id = ANY ('{4687560,5175886,3319338,4982078,4725773,6488460,6873444,7897460,8903785,6968778}'::integer[]))

table 7 : explain SELECT c FROM sbtest7 WHERE id IN ( 4687560, 5175886, 3319338, 4982078, 4725773, 6488460, 6873444, 7897460, 8903785, 6968778)
	Index Scan using sbtest7_pkey on sbtest7  (cost=0.43..83.89 rows=10 width=121)
	  Index Cond: (id = ANY ('{4687560,5175886,3319338,4982078,4725773,6488460,6873444,7897460,8903785,6968778}'::integer[]))

table 8 : explain SELECT c FROM sbtest8 WHERE id IN ( 4687560, 5175886, 3319338, 4982078, 4725773, 6488460, 6873444, 7897460, 8903785, 6968778)
	Index Scan using sbtest8_pkey on sbtest8  (cost=0.43..83.92 rows=10 width=121)
	  Index Cond: (id = ANY ('{4687560,5175886,3319338,4982078,4725773,6488460,6873444,7897460,8903785,6968778}'::integer[]))

for select-inlist
table 1 : explain SELECT c FROM sbtest1 WHERE id IN ( 1773980, 3623177, 6029592, 6619877, 8572436, 4421570, 3827006, 5251350, 8053013, 6214250)
	Index Scan using sbtest1_pkey on sbtest1  (cost=0.43..84.05 rows=10 width=121)
	  Index Cond: (id = ANY ('{1773980,3623177,6029592,6619877,8572436,4421570,3827006,5251350,8053013,6214250}'::integer[]))

table 2 : explain SELECT c FROM sbtest2 WHERE id IN ( 1773980, 3623177, 6029592, 6619877, 8572436, 4421570, 3827006, 5251350, 8053013, 6214250)
	Index Scan using sbtest2_pkey on sbtest2  (cost=0.43..84.06 rows=10 width=121)
	  Index Cond: (id = ANY ('{1773980,3623177,6029592,6619877,8572436,4421570,3827006,5251350,8053013,6214250}'::integer[]))

table 3 : explain SELECT c FROM sbtest3 WHERE id IN ( 1773980, 3623177, 6029592, 6619877, 8572436, 4421570, 3827006, 5251350, 8053013, 6214250)
	Index Scan using sbtest3_pkey on sbtest3  (cost=0.43..84.04 rows=10 width=121)
	  Index Cond: (id = ANY ('{1773980,3623177,6029592,6619877,8572436,4421570,3827006,5251350,8053013,6214250}'::integer[]))

table 4 : explain SELECT c FROM sbtest4 WHERE id IN ( 1773980, 3623177, 6029592, 6619877, 8572436, 4421570, 3827006, 5251350, 8053013, 6214250)
	Index Scan using sbtest4_pkey on sbtest4  (cost=0.43..83.96 rows=10 width=121)
	  Index Cond: (id = ANY ('{1773980,3623177,6029592,6619877,8572436,4421570,3827006,5251350,8053013,6214250}'::integer[]))

table 5 : explain SELECT c FROM sbtest5 WHERE id IN ( 1773980, 3623177, 6029592, 6619877, 8572436, 4421570, 3827006, 5251350, 8053013, 6214250)
	Index Scan using sbtest5_pkey on sbtest5  (cost=0.43..83.94 rows=10 width=121)
	  Index Cond: (id = ANY ('{1773980,3623177,6029592,6619877,8572436,4421570,3827006,5251350,8053013,6214250}'::integer[]))

table 6 : explain SELECT c FROM sbtest6 WHERE id IN ( 1773980, 3623177, 6029592, 6619877, 8572436, 4421570, 3827006, 5251350, 8053013, 6214250)
	Index Scan using sbtest6_pkey on sbtest6  (cost=0.43..83.92 rows=10 width=121)
	  Index Cond: (id = ANY ('{1773980,3623177,6029592,6619877,8572436,4421570,3827006,5251350,8053013,6214250}'::integer[]))

table 7 : explain SELECT c FROM sbtest7 WHERE id IN ( 1773980, 3623177, 6029592, 6619877, 8572436, 4421570, 3827006, 5251350, 8053013, 6214250)
	Index Scan using sbtest7_pkey on sbtest7  (cost=0.43..83.89 rows=10 width=121)
	  Index Cond: (id = ANY ('{1773980,3623177,6029592,6619877,8572436,4421570,3827006,5251350,8053013,6214250}'::integer[]))

table 8 : explain SELECT c FROM sbtest8 WHERE id IN ( 1773980, 3623177, 6029592, 6619877, 8572436, 4421570, 3827006, 5251350, 8053013, 6214250)
	Index Scan using sbtest8_pkey on sbtest8  (cost=0.43..83.92 rows=10 width=121)
	  Index Cond: (id = ANY ('{1773980,3623177,6029592,6619877,8572436,4421570,3827006,5251350,8053013,6214250}'::integer[]))

for select-inlist
table 1 : explain SELECT c FROM sbtest1 WHERE id IN ( 6093745, 8947021, 2205353, 5645904, 2449955, 4696451, 2904998, 8211693, 8294536, 6989890)
	Index Scan using sbtest1_pkey on sbtest1  (cost=0.43..84.05 rows=10 width=121)
	  Index Cond: (id = ANY ('{6093745,8947021,2205353,5645904,2449955,4696451,2904998,8211693,8294536,6989890}'::integer[]))

table 2 : explain SELECT c FROM sbtest2 WHERE id IN ( 6093745, 8947021, 2205353, 5645904, 2449955, 4696451, 2904998, 8211693, 8294536, 6989890)
	Index Scan using sbtest2_pkey on sbtest2  (cost=0.43..84.06 rows=10 width=121)
	  Index Cond: (id = ANY ('{6093745,8947021,2205353,5645904,2449955,4696451,2904998,8211693,8294536,6989890}'::integer[]))

table 3 : explain SELECT c FROM sbtest3 WHERE id IN ( 6093745, 8947021, 2205353, 5645904, 2449955, 4696451, 2904998, 8211693, 8294536, 6989890)
	Index Scan using sbtest3_pkey on sbtest3  (cost=0.43..84.04 rows=10 width=121)
	  Index Cond: (id = ANY ('{6093745,8947021,2205353,5645904,2449955,4696451,2904998,8211693,8294536,6989890}'::integer[]))

table 4 : explain SELECT c FROM sbtest4 WHERE id IN ( 6093745, 8947021, 2205353, 5645904, 2449955, 4696451, 2904998, 8211693, 8294536, 6989890)
	Index Scan using sbtest4_pkey on sbtest4  (cost=0.43..83.96 rows=10 width=121)
	  Index Cond: (id = ANY ('{6093745,8947021,2205353,5645904,2449955,4696451,2904998,8211693,8294536,6989890}'::integer[]))

table 5 : explain SELECT c FROM sbtest5 WHERE id IN ( 6093745, 8947021, 2205353, 5645904, 2449955, 4696451, 2904998, 8211693, 8294536, 6989890)
	Index Scan using sbtest5_pkey on sbtest5  (cost=0.43..83.94 rows=10 width=121)
	  Index Cond: (id = ANY ('{6093745,8947021,2205353,5645904,2449955,4696451,2904998,8211693,8294536,6989890}'::integer[]))

table 6 : explain SELECT c FROM sbtest6 WHERE id IN ( 6093745, 8947021, 2205353, 5645904, 2449955, 4696451, 2904998, 8211693, 8294536, 6989890)
	Index Scan using sbtest6_pkey on sbtest6  (cost=0.43..83.92 rows=10 width=121)
	  Index Cond: (id = ANY ('{6093745,8947021,2205353,5645904,2449955,4696451,2904998,8211693,8294536,6989890}'::integer[]))

table 7 : explain SELECT c FROM sbtest7 WHERE id IN ( 6093745, 8947021, 2205353, 5645904, 2449955, 4696451, 2904998, 8211693, 8294536, 6989890)
	Index Scan using sbtest7_pkey on sbtest7  (cost=0.43..83.89 rows=10 width=121)
	  Index Cond: (id = ANY ('{6093745,8947021,2205353,5645904,2449955,4696451,2904998,8211693,8294536,6989890}'::integer[]))

table 8 : explain SELECT c FROM sbtest8 WHERE id IN ( 6093745, 8947021, 2205353, 5645904, 2449955, 4696451, 2904998, 8211693, 8294536, 6989890)
	Index Scan using sbtest8_pkey on sbtest8  (cost=0.43..83.92 rows=10 width=121)
	  Index Cond: (id = ANY ('{6093745,8947021,2205353,5645904,2449955,4696451,2904998,8211693,8294536,6989890}'::integer[]))

for select-inlist
table 1 : explain SELECT c FROM sbtest1 WHERE id IN ( 692850, 5459353, 1406927, 3918102, 1137585, 2741351, 9550749, 5133411, 1229017, 574897)
	Index Scan using sbtest1_pkey on sbtest1  (cost=0.43..84.05 rows=10 width=121)
	  Index Cond: (id = ANY ('{692850,5459353,1406927,3918102,1137585,2741351,9550749,5133411,1229017,574897}'::integer[]))

table 2 : explain SELECT c FROM sbtest2 WHERE id IN ( 692850, 5459353, 1406927, 3918102, 1137585, 2741351, 9550749, 5133411, 1229017, 574897)
	Index Scan using sbtest2_pkey on sbtest2  (cost=0.43..84.06 rows=10 width=121)
	  Index Cond: (id = ANY ('{692850,5459353,1406927,3918102,1137585,2741351,9550749,5133411,1229017,574897}'::integer[]))

table 3 : explain SELECT c FROM sbtest3 WHERE id IN ( 692850, 5459353, 1406927, 3918102, 1137585, 2741351, 9550749, 5133411, 1229017, 574897)
	Index Scan using sbtest3_pkey on sbtest3  (cost=0.43..84.04 rows=10 width=121)
	  Index Cond: (id = ANY ('{692850,5459353,1406927,3918102,1137585,2741351,9550749,5133411,1229017,574897}'::integer[]))

table 4 : explain SELECT c FROM sbtest4 WHERE id IN ( 692850, 5459353, 1406927, 3918102, 1137585, 2741351, 9550749, 5133411, 1229017, 574897)
	Index Scan using sbtest4_pkey on sbtest4  (cost=0.43..83.96 rows=10 width=121)
	  Index Cond: (id = ANY ('{692850,5459353,1406927,3918102,1137585,2741351,9550749,5133411,1229017,574897}'::integer[]))

table 5 : explain SELECT c FROM sbtest5 WHERE id IN ( 692850, 5459353, 1406927, 3918102, 1137585, 2741351, 9550749, 5133411, 1229017, 574897)
	Index Scan using sbtest5_pkey on sbtest5  (cost=0.43..83.94 rows=10 width=121)
	  Index Cond: (id = ANY ('{692850,5459353,1406927,3918102,1137585,2741351,9550749,5133411,1229017,574897}'::integer[]))

table 6 : explain SELECT c FROM sbtest6 WHERE id IN ( 692850, 5459353, 1406927, 3918102, 1137585, 2741351, 9550749, 5133411, 1229017, 574897)
	Index Scan using sbtest6_pkey on sbtest6  (cost=0.43..83.92 rows=10 width=121)
	  Index Cond: (id = ANY ('{692850,5459353,1406927,3918102,1137585,2741351,9550749,5133411,1229017,574897}'::integer[]))

table 7 : explain SELECT c FROM sbtest7 WHERE id IN ( 692850, 5459353, 1406927, 3918102, 1137585, 2741351, 9550749, 5133411, 1229017, 574897)
	Index Scan using sbtest7_pkey on sbtest7  (cost=0.43..83.89 rows=10 width=121)
	  Index Cond: (id = ANY ('{692850,5459353,1406927,3918102,1137585,2741351,9550749,5133411,1229017,574897}'::integer[]))

table 8 : explain SELECT c FROM sbtest8 WHERE id IN ( 692850, 5459353, 1406927, 3918102, 1137585, 2741351, 9550749, 5133411, 1229017, 574897)
	Index Scan using sbtest8_pkey on sbtest8  (cost=0.43..83.92 rows=10 width=121)
	  Index Cond: (id = ANY ('{692850,5459353,1406927,3918102,1137585,2741351,9550749,5133411,1229017,574897}'::integer[]))

explain: for select-inlist :: explain SELECT c FROM sbtest%d WHERE id IN ( 9808516, 7093703, 6906405, 6097990, 3372286, 520571, 9939780, 9179361, 5609639, 3127692)
for select-inlist
table 1 : explain SELECT c FROM sbtest1 WHERE id IN ( 3672710, 9285547, 4779909, 5252816, 8235364, 1995006, 4591911, 1377496, 8596912, 3425399)
	Index Scan using sbtest1_pkey on sbtest1  (cost=0.43..84.05 rows=10 width=121)
	  Index Cond: (id = ANY ('{3672710,9285547,4779909,5252816,8235364,1995006,4591911,1377496,8596912,3425399}'::integer[]))

table 2 : explain SELECT c FROM sbtest2 WHERE id IN ( 3672710, 9285547, 4779909, 5252816, 8235364, 1995006, 4591911, 1377496, 8596912, 3425399)
	Index Scan using sbtest2_pkey on sbtest2  (cost=0.43..84.06 rows=10 width=121)
	  Index Cond: (id = ANY ('{3672710,9285547,4779909,5252816,8235364,1995006,4591911,1377496,8596912,3425399}'::integer[]))

table 3 : explain SELECT c FROM sbtest3 WHERE id IN ( 3672710, 9285547, 4779909, 5252816, 8235364, 1995006, 4591911, 1377496, 8596912, 3425399)
	Index Scan using sbtest3_pkey on sbtest3  (cost=0.43..84.04 rows=10 width=121)
	  Index Cond: (id = ANY ('{3672710,9285547,4779909,5252816,8235364,1995006,4591911,1377496,8596912,3425399}'::integer[]))

table 4 : explain SELECT c FROM sbtest4 WHERE id IN ( 3672710, 9285547, 4779909, 5252816, 8235364, 1995006, 4591911, 1377496, 8596912, 3425399)
	Index Scan using sbtest4_pkey on sbtest4  (cost=0.43..83.96 rows=10 width=121)
	  Index Cond: (id = ANY ('{3672710,9285547,4779909,5252816,8235364,1995006,4591911,1377496,8596912,3425399}'::integer[]))

table 5 : explain SELECT c FROM sbtest5 WHERE id IN ( 3672710, 9285547, 4779909, 5252816, 8235364, 1995006, 4591911, 1377496, 8596912, 3425399)
	Index Scan using sbtest5_pkey on sbtest5  (cost=0.43..83.94 rows=10 width=121)
	  Index Cond: (id = ANY ('{3672710,9285547,4779909,5252816,8235364,1995006,4591911,1377496,8596912,3425399}'::integer[]))

table 6 : explain SELECT c FROM sbtest6 WHERE id IN ( 3672710, 9285547, 4779909, 5252816, 8235364, 1995006, 4591911, 1377496, 8596912, 3425399)
	Index Scan using sbtest6_pkey on sbtest6  (cost=0.43..83.92 rows=10 width=121)
	  Index Cond: (id = ANY ('{3672710,9285547,4779909,5252816,8235364,1995006,4591911,1377496,8596912,3425399}'::integer[]))

table 7 : explain SELECT c FROM sbtest7 WHERE id IN ( 3672710, 9285547, 4779909, 5252816, 8235364, 1995006, 4591911, 1377496, 8596912, 3425399)
	Index Scan using sbtest7_pkey on sbtest7  (cost=0.43..83.89 rows=10 width=121)
	  Index Cond: (id = ANY ('{3672710,9285547,4779909,5252816,8235364,1995006,4591911,1377496,8596912,3425399}'::integer[]))

table 8 : explain SELECT c FROM sbtest8 WHERE id IN ( 3672710, 9285547, 4779909, 5252816, 8235364, 1995006, 4591911, 1377496, 8596912, 3425399)
	Index Scan using sbtest8_pkey on sbtest8  (cost=0.43..83.92 rows=10 width=121)
	  Index Cond: (id = ANY ('{3672710,9285547,4779909,5252816,8235364,1995006,4591911,1377496,8596912,3425399}'::integer[]))

explain: for select-inlist :: explain SELECT c FROM sbtest%d WHERE id IN ( 5941628, 8742431, 1901339, 3362617, 5280183, 9512372, 7462965, 4290705, 5961412, 8433382)
explain: for select-inlist :: explain SELECT c FROM sbtest%d WHERE id IN ( 8479465, 5068919, 1187556, 6242779, 3997998, 9902611, 4892066, 2639505, 3490351, 7121395)
for select-inlist
table 1 : explain SELECT c FROM sbtest1 WHERE id IN ( 5941628, 8742431, 1901339, 3362617, 5280183, 9512372, 7462965, 4290705, 5961412, 8433382)
	Index Scan using sbtest1_pkey on sbtest1  (cost=0.43..84.05 rows=10 width=121)
	  Index Cond: (id = ANY ('{5941628,8742431,1901339,3362617,5280183,9512372,7462965,4290705,5961412,8433382}'::integer[]))

table 2 : explain SELECT c FROM sbtest2 WHERE id IN ( 5941628, 8742431, 1901339, 3362617, 5280183, 9512372, 7462965, 4290705, 5961412, 8433382)
	Index Scan using sbtest2_pkey on sbtest2  (cost=0.43..84.06 rows=10 width=121)
	  Index Cond: (id = ANY ('{5941628,8742431,1901339,3362617,5280183,9512372,7462965,4290705,5961412,8433382}'::integer[]))

table 3 : explain SELECT c FROM sbtest3 WHERE id IN ( 5941628, 8742431, 1901339, 3362617, 5280183, 9512372, 7462965, 4290705, 5961412, 8433382)
	Index Scan using sbtest3_pkey on sbtest3  (cost=0.43..84.04 rows=10 width=121)
	  Index Cond: (id = ANY ('{5941628,8742431,1901339,3362617,5280183,9512372,7462965,4290705,5961412,8433382}'::integer[]))

table 4 : explain SELECT c FROM sbtest4 WHERE id IN ( 5941628, 8742431, 1901339, 3362617, 5280183, 9512372, 7462965, 4290705, 5961412, 8433382)
	Index Scan using sbtest4_pkey on sbtest4  (cost=0.43..83.96 rows=10 width=121)
	  Index Cond: (id = ANY ('{5941628,8742431,1901339,3362617,5280183,9512372,7462965,4290705,5961412,8433382}'::integer[]))

table 5 : explain SELECT c FROM sbtest5 WHERE id IN ( 5941628, 8742431, 1901339, 3362617, 5280183, 9512372, 7462965, 4290705, 5961412, 8433382)
	Index Scan using sbtest5_pkey on sbtest5  (cost=0.43..83.94 rows=10 width=121)
	  Index Cond: (id = ANY ('{5941628,8742431,1901339,3362617,5280183,9512372,7462965,4290705,5961412,8433382}'::integer[]))

table 6 : explain SELECT c FROM sbtest6 WHERE id IN ( 5941628, 8742431, 1901339, 3362617, 5280183, 9512372, 7462965, 4290705, 5961412, 8433382)
	Index Scan using sbtest6_pkey on sbtest6  (cost=0.43..83.92 rows=10 width=121)
	  Index Cond: (id = ANY ('{5941628,8742431,1901339,3362617,5280183,9512372,7462965,4290705,5961412,8433382}'::integer[]))

table 7 : explain SELECT c FROM sbtest7 WHERE id IN ( 5941628, 8742431, 1901339, 3362617, 5280183, 9512372, 7462965, 4290705, 5961412, 8433382)
	Index Scan using sbtest7_pkey on sbtest7  (cost=0.43..83.89 rows=10 width=121)
	  Index Cond: (id = ANY ('{5941628,8742431,1901339,3362617,5280183,9512372,7462965,4290705,5961412,8433382}'::integer[]))

table 8 : explain SELECT c FROM sbtest8 WHERE id IN ( 5941628, 8742431, 1901339, 3362617, 5280183, 9512372, 7462965, 4290705, 5961412, 8433382)
	Index Scan using sbtest8_pkey on sbtest8  (cost=0.43..83.92 rows=10 width=121)
	  Index Cond: (id = ANY ('{5941628,8742431,1901339,3362617,5280183,9512372,7462965,4290705,5961412,8433382}'::integer[]))

explain: for select-inlist :: explain SELECT c FROM sbtest%d WHERE id IN ( 1587851, 8796088, 3314549, 7583379, 7300765, 5198009, 1520855, 3953253, 8834117, 3875663)
for select-inlist
table 1 : explain SELECT c FROM sbtest1 WHERE id IN ( 8479465, 5068919, 1187556, 6242779, 3997998, 9902611, 4892066, 2639505, 3490351, 7121395)
	Index Scan using sbtest1_pkey on sbtest1  (cost=0.43..84.05 rows=10 width=121)
	  Index Cond: (id = ANY ('{8479465,5068919,1187556,6242779,3997998,9902611,4892066,2639505,3490351,7121395}'::integer[]))

table 2 : explain SELECT c FROM sbtest2 WHERE id IN ( 8479465, 5068919, 1187556, 6242779, 3997998, 9902611, 4892066, 2639505, 3490351, 7121395)
	Index Scan using sbtest2_pkey on sbtest2  (cost=0.43..84.06 rows=10 width=121)
	  Index Cond: (id = ANY ('{8479465,5068919,1187556,6242779,3997998,9902611,4892066,2639505,3490351,7121395}'::integer[]))

table 3 : explain SELECT c FROM sbtest3 WHERE id IN ( 8479465, 5068919, 1187556, 6242779, 3997998, 9902611, 4892066, 2639505, 3490351, 7121395)
	Index Scan using sbtest3_pkey on sbtest3  (cost=0.43..84.04 rows=10 width=121)
	  Index Cond: (id = ANY ('{8479465,5068919,1187556,6242779,3997998,9902611,4892066,2639505,3490351,7121395}'::integer[]))

table 4 : explain SELECT c FROM sbtest4 WHERE id IN ( 8479465, 5068919, 1187556, 6242779, 3997998, 9902611, 4892066, 2639505, 3490351, 7121395)
	Index Scan using sbtest4_pkey on sbtest4  (cost=0.43..83.96 rows=10 width=121)
	  Index Cond: (id = ANY ('{8479465,5068919,1187556,6242779,3997998,9902611,4892066,2639505,3490351,7121395}'::integer[]))

table 5 : explain SELECT c FROM sbtest5 WHERE id IN ( 8479465, 5068919, 1187556, 6242779, 3997998, 9902611, 4892066, 2639505, 3490351, 7121395)
	Index Scan using sbtest5_pkey on sbtest5  (cost=0.43..83.94 rows=10 width=121)
	  Index Cond: (id = ANY ('{8479465,5068919,1187556,6242779,3997998,9902611,4892066,2639505,3490351,7121395}'::integer[]))

table 6 : explain SELECT c FROM sbtest6 WHERE id IN ( 8479465, 5068919, 1187556, 6242779, 3997998, 9902611, 4892066, 2639505, 3490351, 7121395)
	Index Scan using sbtest6_pkey on sbtest6  (cost=0.43..83.92 rows=10 width=121)
	  Index Cond: (id = ANY ('{8479465,5068919,1187556,6242779,3997998,9902611,4892066,2639505,3490351,7121395}'::integer[]))

table 7 : explain SELECT c FROM sbtest7 WHERE id IN ( 8479465, 5068919, 1187556, 6242779, 3997998, 9902611, 4892066, 2639505, 3490351, 7121395)
	Index Scan using sbtest7_pkey on sbtest7  (cost=0.43..83.89 rows=10 width=121)
	  Index Cond: (id = ANY ('{8479465,5068919,1187556,6242779,3997998,9902611,4892066,2639505,3490351,7121395}'::integer[]))

table 8 : explain SELECT c FROM sbtest8 WHERE id IN ( 8479465, 5068919, 1187556, 6242779, 3997998, 9902611, 4892066, 2639505, 3490351, 7121395)
	Index Scan using sbtest8_pkey on sbtest8  (cost=0.43..83.92 rows=10 width=121)
	  Index Cond: (id = ANY ('{8479465,5068919,1187556,6242779,3997998,9902611,4892066,2639505,3490351,7121395}'::integer[]))

explain: for select-inlist :: explain SELECT c FROM sbtest%d WHERE id IN ( 3254561, 2734383, 2843061, 7135852, 1591625, 6798531, 4192284, 1617560, 5393146, 2379232)
explain: for select-inlist :: explain SELECT c FROM sbtest%d WHERE id IN ( 9847913, 1057365, 4896954, 7896058, 8247107, 7540681, 5568164, 8644400, 2906924, 5021612)
explain: for select-inlist :: explain SELECT c FROM sbtest%d WHERE id IN ( 159779, 3568897, 9527430, 1694524, 1333279, 9280637, 6285156, 5672829, 8164142, 9423316)
explain: for select-inlist :: explain SELECT c FROM sbtest%d WHERE id IN ( 8561430, 1734533, 7073742, 3465155, 9787, 2600200, 9876702, 1029012, 3266370, 2203477)
explain: for select-inlist :: explain SELECT c FROM sbtest%d WHERE id IN ( 8645045, 1920886, 9328901, 7587418, 875906, 4131658, 82182, 4763833, 4167036, 9661616)
for select-inlist
table 1 : explain SELECT c FROM sbtest1 WHERE id IN ( 1587851, 8796088, 3314549, 7583379, 7300765, 5198009, 1520855, 3953253, 8834117, 3875663)
	Index Scan using sbtest1_pkey on sbtest1  (cost=0.43..84.05 rows=10 width=121)
	  Index Cond: (id = ANY ('{1587851,8796088,3314549,7583379,7300765,5198009,1520855,3953253,8834117,3875663}'::integer[]))

table 2 : explain SELECT c FROM sbtest2 WHERE id IN ( 1587851, 8796088, 3314549, 7583379, 7300765, 5198009, 1520855, 3953253, 8834117, 3875663)
	Index Scan using sbtest2_pkey on sbtest2  (cost=0.43..84.06 rows=10 width=121)
	  Index Cond: (id = ANY ('{1587851,8796088,3314549,7583379,7300765,5198009,1520855,3953253,8834117,3875663}'::integer[]))

table 3 : explain SELECT c FROM sbtest3 WHERE id IN ( 1587851, 8796088, 3314549, 7583379, 7300765, 5198009, 1520855, 3953253, 8834117, 3875663)
	Index Scan using sbtest3_pkey on sbtest3  (cost=0.43..84.04 rows=10 width=121)
	  Index Cond: (id = ANY ('{1587851,8796088,3314549,7583379,7300765,5198009,1520855,3953253,8834117,3875663}'::integer[]))

table 4 : explain SELECT c FROM sbtest4 WHERE id IN ( 1587851, 8796088, 3314549, 7583379, 7300765, 5198009, 1520855, 3953253, 8834117, 3875663)
	Index Scan using sbtest4_pkey on sbtest4  (cost=0.43..83.96 rows=10 width=121)
	  Index Cond: (id = ANY ('{1587851,8796088,3314549,7583379,7300765,5198009,1520855,3953253,8834117,3875663}'::integer[]))

table 5 : explain SELECT c FROM sbtest5 WHERE id IN ( 1587851, 8796088, 3314549, 7583379, 7300765, 5198009, 1520855, 3953253, 8834117, 3875663)
	Index Scan using sbtest5_pkey on sbtest5  (cost=0.43..83.94 rows=10 width=121)
	  Index Cond: (id = ANY ('{1587851,8796088,3314549,7583379,7300765,5198009,1520855,3953253,8834117,3875663}'::integer[]))

table 6 : explain SELECT c FROM sbtest6 WHERE id IN ( 1587851, 8796088, 3314549, 7583379, 7300765, 5198009, 1520855, 3953253, 8834117, 3875663)
	Index Scan using sbtest6_pkey on sbtest6  (cost=0.43..83.92 rows=10 width=121)
	  Index Cond: (id = ANY ('{1587851,8796088,3314549,7583379,7300765,5198009,1520855,3953253,8834117,3875663}'::integer[]))

table 7 : explain SELECT c FROM sbtest7 WHERE id IN ( 1587851, 8796088, 3314549, 7583379, 7300765, 5198009, 1520855, 3953253, 8834117, 3875663)
	Index Scan using sbtest7_pkey on sbtest7  (cost=0.43..83.89 rows=10 width=121)
	  Index Cond: (id = ANY ('{1587851,8796088,3314549,7583379,7300765,5198009,1520855,3953253,8834117,3875663}'::integer[]))

table 8 : explain SELECT c FROM sbtest8 WHERE id IN ( 1587851, 8796088, 3314549, 7583379, 7300765, 5198009, 1520855, 3953253, 8834117, 3875663)
	Index Scan using sbtest8_pkey on sbtest8  (cost=0.43..83.92 rows=10 width=121)
	  Index Cond: (id = ANY ('{1587851,8796088,3314549,7583379,7300765,5198009,1520855,3953253,8834117,3875663}'::integer[]))

for select-inlist
table 1 : explain SELECT c FROM sbtest1 WHERE id IN ( 3254561, 2734383, 2843061, 7135852, 1591625, 6798531, 4192284, 1617560, 5393146, 2379232)
	Index Scan using sbtest1_pkey on sbtest1  (cost=0.43..84.05 rows=10 width=121)
	  Index Cond: (id = ANY ('{3254561,2734383,2843061,7135852,1591625,6798531,4192284,1617560,5393146,2379232}'::integer[]))

table 2 : explain SELECT c FROM sbtest2 WHERE id IN ( 3254561, 2734383, 2843061, 7135852, 1591625, 6798531, 4192284, 1617560, 5393146, 2379232)
	Index Scan using sbtest2_pkey on sbtest2  (cost=0.43..84.06 rows=10 width=121)
	  Index Cond: (id = ANY ('{3254561,2734383,2843061,7135852,1591625,6798531,4192284,1617560,5393146,2379232}'::integer[]))

table 3 : explain SELECT c FROM sbtest3 WHERE id IN ( 3254561, 2734383, 2843061, 7135852, 1591625, 6798531, 4192284, 1617560, 5393146, 2379232)
	Index Scan using sbtest3_pkey on sbtest3  (cost=0.43..84.04 rows=10 width=121)
	  Index Cond: (id = ANY ('{3254561,2734383,2843061,7135852,1591625,6798531,4192284,1617560,5393146,2379232}'::integer[]))

table 4 : explain SELECT c FROM sbtest4 WHERE id IN ( 3254561, 2734383, 2843061, 7135852, 1591625, 6798531, 4192284, 1617560, 5393146, 2379232)
	Index Scan using sbtest4_pkey on sbtest4  (cost=0.43..83.96 rows=10 width=121)
	  Index Cond: (id = ANY ('{3254561,2734383,2843061,7135852,1591625,6798531,4192284,1617560,5393146,2379232}'::integer[]))

table 5 : explain SELECT c FROM sbtest5 WHERE id IN ( 3254561, 2734383, 2843061, 7135852, 1591625, 6798531, 4192284, 1617560, 5393146, 2379232)
	Index Scan using sbtest5_pkey on sbtest5  (cost=0.43..83.94 rows=10 width=121)
	  Index Cond: (id = ANY ('{3254561,2734383,2843061,7135852,1591625,6798531,4192284,1617560,5393146,2379232}'::integer[]))

table 6 : explain SELECT c FROM sbtest6 WHERE id IN ( 3254561, 2734383, 2843061, 7135852, 1591625, 6798531, 4192284, 1617560, 5393146, 2379232)
	Index Scan using sbtest6_pkey on sbtest6  (cost=0.43..83.92 rows=10 width=121)
	  Index Cond: (id = ANY ('{3254561,2734383,2843061,7135852,1591625,6798531,4192284,1617560,5393146,2379232}'::integer[]))

table 7 : explain SELECT c FROM sbtest7 WHERE id IN ( 3254561, 2734383, 2843061, 7135852, 1591625, 6798531, 4192284, 1617560, 5393146, 2379232)
	Index Scan using sbtest7_pkey on sbtest7  (cost=0.43..83.89 rows=10 width=121)
	  Index Cond: (id = ANY ('{3254561,2734383,2843061,7135852,1591625,6798531,4192284,1617560,5393146,2379232}'::integer[]))

table 8 : explain SELECT c FROM sbtest8 WHERE id IN ( 3254561, 2734383, 2843061, 7135852, 1591625, 6798531, 4192284, 1617560, 5393146, 2379232)
	Index Scan using sbtest8_pkey on sbtest8  (cost=0.43..83.92 rows=10 width=121)
	  Index Cond: (id = ANY ('{3254561,2734383,2843061,7135852,1591625,6798531,4192284,1617560,5393146,2379232}'::integer[]))

for select-inlist
table 1 : explain SELECT c FROM sbtest1 WHERE id IN ( 9847913, 1057365, 4896954, 7896058, 8247107, 7540681, 5568164, 8644400, 2906924, 5021612)
	Index Scan using sbtest1_pkey on sbtest1  (cost=0.43..84.05 rows=10 width=121)
	  Index Cond: (id = ANY ('{9847913,1057365,4896954,7896058,8247107,7540681,5568164,8644400,2906924,5021612}'::integer[]))

table 2 : explain SELECT c FROM sbtest2 WHERE id IN ( 9847913, 1057365, 4896954, 7896058, 8247107, 7540681, 5568164, 8644400, 2906924, 5021612)
	Index Scan using sbtest2_pkey on sbtest2  (cost=0.43..84.06 rows=10 width=121)
	  Index Cond: (id = ANY ('{9847913,1057365,4896954,7896058,8247107,7540681,5568164,8644400,2906924,5021612}'::integer[]))

table 3 : explain SELECT c FROM sbtest3 WHERE id IN ( 9847913, 1057365, 4896954, 7896058, 8247107, 7540681, 5568164, 8644400, 2906924, 5021612)
	Index Scan using sbtest3_pkey on sbtest3  (cost=0.43..84.04 rows=10 width=121)
	  Index Cond: (id = ANY ('{9847913,1057365,4896954,7896058,8247107,7540681,5568164,8644400,2906924,5021612}'::integer[]))

table 4 : explain SELECT c FROM sbtest4 WHERE id IN ( 9847913, 1057365, 4896954, 7896058, 8247107, 7540681, 5568164, 8644400, 2906924, 5021612)
	Index Scan using sbtest4_pkey on sbtest4  (cost=0.43..83.96 rows=10 width=121)
	  Index Cond: (id = ANY ('{9847913,1057365,4896954,7896058,8247107,7540681,5568164,8644400,2906924,5021612}'::integer[]))

table 5 : explain SELECT c FROM sbtest5 WHERE id IN ( 9847913, 1057365, 4896954, 7896058, 8247107, 7540681, 5568164, 8644400, 2906924, 5021612)
	Index Scan using sbtest5_pkey on sbtest5  (cost=0.43..83.94 rows=10 width=121)
	  Index Cond: (id = ANY ('{9847913,1057365,4896954,7896058,8247107,7540681,5568164,8644400,2906924,5021612}'::integer[]))

table 6 : explain SELECT c FROM sbtest6 WHERE id IN ( 9847913, 1057365, 4896954, 7896058, 8247107, 7540681, 5568164, 8644400, 2906924, 5021612)
	Index Scan using sbtest6_pkey on sbtest6  (cost=0.43..83.92 rows=10 width=121)
	  Index Cond: (id = ANY ('{9847913,1057365,4896954,7896058,8247107,7540681,5568164,8644400,2906924,5021612}'::integer[]))

table 7 : explain SELECT c FROM sbtest7 WHERE id IN ( 9847913, 1057365, 4896954, 7896058, 8247107, 7540681, 5568164, 8644400, 2906924, 5021612)
	Index Scan using sbtest7_pkey on sbtest7  (cost=0.43..83.89 rows=10 width=121)
	  Index Cond: (id = ANY ('{9847913,1057365,4896954,7896058,8247107,7540681,5568164,8644400,2906924,5021612}'::integer[]))

table 8 : explain SELECT c FROM sbtest8 WHERE id IN ( 9847913, 1057365, 4896954, 7896058, 8247107, 7540681, 5568164, 8644400, 2906924, 5021612)
	Index Scan using sbtest8_pkey on sbtest8  (cost=0.43..83.92 rows=10 width=121)
	  Index Cond: (id = ANY ('{9847913,1057365,4896954,7896058,8247107,7540681,5568164,8644400,2906924,5021612}'::integer[]))

explain: for select-inlist :: explain SELECT c FROM sbtest%d WHERE id IN ( 8184071, 5727547, 3266293, 6896704, 163044, 1214741, 610727, 190145, 8726445, 4890499)
explain: for select-inlist :: explain SELECT c FROM sbtest%d WHERE id IN ( 8893149, 8116543, 1593553, 6171941, 1971174, 665858, 5139586, 5975357, 3572170, 6893688)
for select-inlist
table 1 : explain SELECT c FROM sbtest1 WHERE id IN ( 9808516, 7093703, 6906405, 6097990, 3372286, 520571, 9939780, 9179361, 5609639, 3127692)
	Index Scan using sbtest1_pkey on sbtest1  (cost=0.43..84.05 rows=10 width=121)
	  Index Cond: (id = ANY ('{9808516,7093703,6906405,6097990,3372286,520571,9939780,9179361,5609639,3127692}'::integer[]))

table 2 : explain SELECT c FROM sbtest2 WHERE id IN ( 9808516, 7093703, 6906405, 6097990, 3372286, 520571, 9939780, 9179361, 5609639, 3127692)
	Index Scan using sbtest2_pkey on sbtest2  (cost=0.43..84.06 rows=10 width=121)
	  Index Cond: (id = ANY ('{9808516,7093703,6906405,6097990,3372286,520571,9939780,9179361,5609639,3127692}'::integer[]))

table 3 : explain SELECT c FROM sbtest3 WHERE id IN ( 9808516, 7093703, 6906405, 6097990, 3372286, 520571, 9939780, 9179361, 5609639, 3127692)
	Index Scan using sbtest3_pkey on sbtest3  (cost=0.43..84.04 rows=10 width=121)
	  Index Cond: (id = ANY ('{9808516,7093703,6906405,6097990,3372286,520571,9939780,9179361,5609639,3127692}'::integer[]))

table 4 : explain SELECT c FROM sbtest4 WHERE id IN ( 9808516, 7093703, 6906405, 6097990, 3372286, 520571, 9939780, 9179361, 5609639, 3127692)
	Index Scan using sbtest4_pkey on sbtest4  (cost=0.43..83.96 rows=10 width=121)
	  Index Cond: (id = ANY ('{9808516,7093703,6906405,6097990,3372286,520571,9939780,9179361,5609639,3127692}'::integer[]))

table 5 : explain SELECT c FROM sbtest5 WHERE id IN ( 9808516, 7093703, 6906405, 6097990, 3372286, 520571, 9939780, 9179361, 5609639, 3127692)
	Index Scan using sbtest5_pkey on sbtest5  (cost=0.43..83.94 rows=10 width=121)
	  Index Cond: (id = ANY ('{9808516,7093703,6906405,6097990,3372286,520571,9939780,9179361,5609639,3127692}'::integer[]))

table 6 : explain SELECT c FROM sbtest6 WHERE id IN ( 9808516, 7093703, 6906405, 6097990, 3372286, 520571, 9939780, 9179361, 5609639, 3127692)
	Index Scan using sbtest6_pkey on sbtest6  (cost=0.43..83.92 rows=10 width=121)
	  Index Cond: (id = ANY ('{9808516,7093703,6906405,6097990,3372286,520571,9939780,9179361,5609639,3127692}'::integer[]))

table 7 : explain SELECT c FROM sbtest7 WHERE id IN ( 9808516, 7093703, 6906405, 6097990, 3372286, 520571, 9939780, 9179361, 5609639, 3127692)
	Index Scan using sbtest7_pkey on sbtest7  (cost=0.43..83.89 rows=10 width=121)
	  Index Cond: (id = ANY ('{9808516,7093703,6906405,6097990,3372286,520571,9939780,9179361,5609639,3127692}'::integer[]))

table 8 : explain SELECT c FROM sbtest8 WHERE id IN ( 9808516, 7093703, 6906405, 6097990, 3372286, 520571, 9939780, 9179361, 5609639, 3127692)
	Index Scan using sbtest8_pkey on sbtest8  (cost=0.43..83.92 rows=10 width=121)
	  Index Cond: (id = ANY ('{9808516,7093703,6906405,6097990,3372286,520571,9939780,9179361,5609639,3127692}'::integer[]))

for select-inlist
table 1 : explain SELECT c FROM sbtest1 WHERE id IN ( 8561430, 1734533, 7073742, 3465155, 9787, 2600200, 9876702, 1029012, 3266370, 2203477)
	Index Scan using sbtest1_pkey on sbtest1  (cost=0.43..84.05 rows=10 width=121)
	  Index Cond: (id = ANY ('{8561430,1734533,7073742,3465155,9787,2600200,9876702,1029012,3266370,2203477}'::integer[]))

table 2 : explain SELECT c FROM sbtest2 WHERE id IN ( 8561430, 1734533, 7073742, 3465155, 9787, 2600200, 9876702, 1029012, 3266370, 2203477)
	Index Scan using sbtest2_pkey on sbtest2  (cost=0.43..84.06 rows=10 width=121)
	  Index Cond: (id = ANY ('{8561430,1734533,7073742,3465155,9787,2600200,9876702,1029012,3266370,2203477}'::integer[]))

table 3 : explain SELECT c FROM sbtest3 WHERE id IN ( 8561430, 1734533, 7073742, 3465155, 9787, 2600200, 9876702, 1029012, 3266370, 2203477)
	Index Scan using sbtest3_pkey on sbtest3  (cost=0.43..84.04 rows=10 width=121)
	  Index Cond: (id = ANY ('{8561430,1734533,7073742,3465155,9787,2600200,9876702,1029012,3266370,2203477}'::integer[]))

table 4 : explain SELECT c FROM sbtest4 WHERE id IN ( 8561430, 1734533, 7073742, 3465155, 9787, 2600200, 9876702, 1029012, 3266370, 2203477)
	Index Scan using sbtest4_pkey on sbtest4  (cost=0.43..83.96 rows=10 width=121)
	  Index Cond: (id = ANY ('{8561430,1734533,7073742,3465155,9787,2600200,9876702,1029012,3266370,2203477}'::integer[]))

table 5 : explain SELECT c FROM sbtest5 WHERE id IN ( 8561430, 1734533, 7073742, 3465155, 9787, 2600200, 9876702, 1029012, 3266370, 2203477)
	Index Scan using sbtest5_pkey on sbtest5  (cost=0.43..83.94 rows=10 width=121)
	  Index Cond: (id = ANY ('{8561430,1734533,7073742,3465155,9787,2600200,9876702,1029012,3266370,2203477}'::integer[]))

table 6 : explain SELECT c FROM sbtest6 WHERE id IN ( 8561430, 1734533, 7073742, 3465155, 9787, 2600200, 9876702, 1029012, 3266370, 2203477)
	Index Scan using sbtest6_pkey on sbtest6  (cost=0.43..83.92 rows=10 width=121)
	  Index Cond: (id = ANY ('{8561430,1734533,7073742,3465155,9787,2600200,9876702,1029012,3266370,2203477}'::integer[]))

table 7 : explain SELECT c FROM sbtest7 WHERE id IN ( 8561430, 1734533, 7073742, 3465155, 9787, 2600200, 9876702, 1029012, 3266370, 2203477)
	Index Scan using sbtest7_pkey on sbtest7  (cost=0.43..83.89 rows=10 width=121)
	  Index Cond: (id = ANY ('{8561430,1734533,7073742,3465155,9787,2600200,9876702,1029012,3266370,2203477}'::integer[]))

table 8 : explain SELECT c FROM sbtest8 WHERE id IN ( 8561430, 1734533, 7073742, 3465155, 9787, 2600200, 9876702, 1029012, 3266370, 2203477)
	Index Scan using sbtest8_pkey on sbtest8  (cost=0.43..83.92 rows=10 width=121)
	  Index Cond: (id = ANY ('{8561430,1734533,7073742,3465155,9787,2600200,9876702,1029012,3266370,2203477}'::integer[]))

for select-inlist
table 1 : explain SELECT c FROM sbtest1 WHERE id IN ( 8645045, 1920886, 9328901, 7587418, 875906, 4131658, 82182, 4763833, 4167036, 9661616)
	Index Scan using sbtest1_pkey on sbtest1  (cost=0.43..84.05 rows=10 width=121)
	  Index Cond: (id = ANY ('{8645045,1920886,9328901,7587418,875906,4131658,82182,4763833,4167036,9661616}'::integer[]))

table 2 : explain SELECT c FROM sbtest2 WHERE id IN ( 8645045, 1920886, 9328901, 7587418, 875906, 4131658, 82182, 4763833, 4167036, 9661616)
	Index Scan using sbtest2_pkey on sbtest2  (cost=0.43..84.06 rows=10 width=121)
	  Index Cond: (id = ANY ('{8645045,1920886,9328901,7587418,875906,4131658,82182,4763833,4167036,9661616}'::integer[]))

table 3 : explain SELECT c FROM sbtest3 WHERE id IN ( 8645045, 1920886, 9328901, 7587418, 875906, 4131658, 82182, 4763833, 4167036, 9661616)
	Index Scan using sbtest3_pkey on sbtest3  (cost=0.43..84.04 rows=10 width=121)
	  Index Cond: (id = ANY ('{8645045,1920886,9328901,7587418,875906,4131658,82182,4763833,4167036,9661616}'::integer[]))

table 4 : explain SELECT c FROM sbtest4 WHERE id IN ( 8645045, 1920886, 9328901, 7587418, 875906, 4131658, 82182, 4763833, 4167036, 9661616)
	Index Scan using sbtest4_pkey on sbtest4  (cost=0.43..83.96 rows=10 width=121)
	  Index Cond: (id = ANY ('{8645045,1920886,9328901,7587418,875906,4131658,82182,4763833,4167036,9661616}'::integer[]))

table 5 : explain SELECT c FROM sbtest5 WHERE id IN ( 8645045, 1920886, 9328901, 7587418, 875906, 4131658, 82182, 4763833, 4167036, 9661616)
	Index Scan using sbtest5_pkey on sbtest5  (cost=0.43..83.94 rows=10 width=121)
	  Index Cond: (id = ANY ('{8645045,1920886,9328901,7587418,875906,4131658,82182,4763833,4167036,9661616}'::integer[]))

table 6 : explain SELECT c FROM sbtest6 WHERE id IN ( 8645045, 1920886, 9328901, 7587418, 875906, 4131658, 82182, 4763833, 4167036, 9661616)
	Index Scan using sbtest6_pkey on sbtest6  (cost=0.43..83.92 rows=10 width=121)
	  Index Cond: (id = ANY ('{8645045,1920886,9328901,7587418,875906,4131658,82182,4763833,4167036,9661616}'::integer[]))

table 7 : explain SELECT c FROM sbtest7 WHERE id IN ( 8645045, 1920886, 9328901, 7587418, 875906, 4131658, 82182, 4763833, 4167036, 9661616)
	Index Scan using sbtest7_pkey on sbtest7  (cost=0.43..83.89 rows=10 width=121)
	  Index Cond: (id = ANY ('{8645045,1920886,9328901,7587418,875906,4131658,82182,4763833,4167036,9661616}'::integer[]))

table 8 : explain SELECT c FROM sbtest8 WHERE id IN ( 8645045, 1920886, 9328901, 7587418, 875906, 4131658, 82182, 4763833, 4167036, 9661616)
	Index Scan using sbtest8_pkey on sbtest8  (cost=0.43..83.92 rows=10 width=121)
	  Index Cond: (id = ANY ('{8645045,1920886,9328901,7587418,875906,4131658,82182,4763833,4167036,9661616}'::integer[]))

explain: for select-inlist :: explain SELECT c FROM sbtest%d WHERE id IN ( 2903104, 6097953, 6828137, 3704629, 6165797, 9361556, 5866121, 4004345, 4676116, 2851397)
explain: for select-inlist :: explain SELECT c FROM sbtest%d WHERE id IN ( 8748009, 5558183, 8995590, 4000531, 3664142, 7892985, 6428473, 7079152, 1318431, 8867056)
for select-inlist
table 1 : explain SELECT c FROM sbtest1 WHERE id IN ( 8184071, 5727547, 3266293, 6896704, 163044, 1214741, 610727, 190145, 8726445, 4890499)
	Index Scan using sbtest1_pkey on sbtest1  (cost=0.43..84.05 rows=10 width=121)
	  Index Cond: (id = ANY ('{8184071,5727547,3266293,6896704,163044,1214741,610727,190145,8726445,4890499}'::integer[]))

table 2 : explain SELECT c FROM sbtest2 WHERE id IN ( 8184071, 5727547, 3266293, 6896704, 163044, 1214741, 610727, 190145, 8726445, 4890499)
	Index Scan using sbtest2_pkey on sbtest2  (cost=0.43..84.06 rows=10 width=121)
	  Index Cond: (id = ANY ('{8184071,5727547,3266293,6896704,163044,1214741,610727,190145,8726445,4890499}'::integer[]))

table 3 : explain SELECT c FROM sbtest3 WHERE id IN ( 8184071, 5727547, 3266293, 6896704, 163044, 1214741, 610727, 190145, 8726445, 4890499)
	Index Scan using sbtest3_pkey on sbtest3  (cost=0.43..84.04 rows=10 width=121)
	  Index Cond: (id = ANY ('{8184071,5727547,3266293,6896704,163044,1214741,610727,190145,8726445,4890499}'::integer[]))

table 4 : explain SELECT c FROM sbtest4 WHERE id IN ( 8184071, 5727547, 3266293, 6896704, 163044, 1214741, 610727, 190145, 8726445, 4890499)
	Index Scan using sbtest4_pkey on sbtest4  (cost=0.43..83.96 rows=10 width=121)
	  Index Cond: (id = ANY ('{8184071,5727547,3266293,6896704,163044,1214741,610727,190145,8726445,4890499}'::integer[]))

table 5 : explain SELECT c FROM sbtest5 WHERE id IN ( 8184071, 5727547, 3266293, 6896704, 163044, 1214741, 610727, 190145, 8726445, 4890499)
	Index Scan using sbtest5_pkey on sbtest5  (cost=0.43..83.94 rows=10 width=121)
	  Index Cond: (id = ANY ('{8184071,5727547,3266293,6896704,163044,1214741,610727,190145,8726445,4890499}'::integer[]))

table 6 : explain SELECT c FROM sbtest6 WHERE id IN ( 8184071, 5727547, 3266293, 6896704, 163044, 1214741, 610727, 190145, 8726445, 4890499)
	Index Scan using sbtest6_pkey on sbtest6  (cost=0.43..83.92 rows=10 width=121)
	  Index Cond: (id = ANY ('{8184071,5727547,3266293,6896704,163044,1214741,610727,190145,8726445,4890499}'::integer[]))

table 7 : explain SELECT c FROM sbtest7 WHERE id IN ( 8184071, 5727547, 3266293, 6896704, 163044, 1214741, 610727, 190145, 8726445, 4890499)
	Index Scan using sbtest7_pkey on sbtest7  (cost=0.43..83.89 rows=10 width=121)
	  Index Cond: (id = ANY ('{8184071,5727547,3266293,6896704,163044,1214741,610727,190145,8726445,4890499}'::integer[]))

table 8 : explain SELECT c FROM sbtest8 WHERE id IN ( 8184071, 5727547, 3266293, 6896704, 163044, 1214741, 610727, 190145, 8726445, 4890499)
	Index Scan using sbtest8_pkey on sbtest8  (cost=0.43..83.92 rows=10 width=121)
	  Index Cond: (id = ANY ('{8184071,5727547,3266293,6896704,163044,1214741,610727,190145,8726445,4890499}'::integer[]))

for select-inlist
table 1 : explain SELECT c FROM sbtest1 WHERE id IN ( 159779, 3568897, 9527430, 1694524, 1333279, 9280637, 6285156, 5672829, 8164142, 9423316)
	Index Scan using sbtest1_pkey on sbtest1  (cost=0.43..84.05 rows=10 width=121)
	  Index Cond: (id = ANY ('{159779,3568897,9527430,1694524,1333279,9280637,6285156,5672829,8164142,9423316}'::integer[]))

table 2 : explain SELECT c FROM sbtest2 WHERE id IN ( 159779, 3568897, 9527430, 1694524, 1333279, 9280637, 6285156, 5672829, 8164142, 9423316)
	Index Scan using sbtest2_pkey on sbtest2  (cost=0.43..84.06 rows=10 width=121)
	  Index Cond: (id = ANY ('{159779,3568897,9527430,1694524,1333279,9280637,6285156,5672829,8164142,9423316}'::integer[]))

table 3 : explain SELECT c FROM sbtest3 WHERE id IN ( 159779, 3568897, 9527430, 1694524, 1333279, 9280637, 6285156, 5672829, 8164142, 9423316)
	Index Scan using sbtest3_pkey on sbtest3  (cost=0.43..84.04 rows=10 width=121)
	  Index Cond: (id = ANY ('{159779,3568897,9527430,1694524,1333279,9280637,6285156,5672829,8164142,9423316}'::integer[]))

table 4 : explain SELECT c FROM sbtest4 WHERE id IN ( 159779, 3568897, 9527430, 1694524, 1333279, 9280637, 6285156, 5672829, 8164142, 9423316)
	Index Scan using sbtest4_pkey on sbtest4  (cost=0.43..83.96 rows=10 width=121)
	  Index Cond: (id = ANY ('{159779,3568897,9527430,1694524,1333279,9280637,6285156,5672829,8164142,9423316}'::integer[]))

table 5 : explain SELECT c FROM sbtest5 WHERE id IN ( 159779, 3568897, 9527430, 1694524, 1333279, 9280637, 6285156, 5672829, 8164142, 9423316)
	Index Scan using sbtest5_pkey on sbtest5  (cost=0.43..83.94 rows=10 width=121)
	  Index Cond: (id = ANY ('{159779,3568897,9527430,1694524,1333279,9280637,6285156,5672829,8164142,9423316}'::integer[]))

table 6 : explain SELECT c FROM sbtest6 WHERE id IN ( 159779, 3568897, 9527430, 1694524, 1333279, 9280637, 6285156, 5672829, 8164142, 9423316)
	Index Scan using sbtest6_pkey on sbtest6  (cost=0.43..83.92 rows=10 width=121)
	  Index Cond: (id = ANY ('{159779,3568897,9527430,1694524,1333279,9280637,6285156,5672829,8164142,9423316}'::integer[]))

table 7 : explain SELECT c FROM sbtest7 WHERE id IN ( 159779, 3568897, 9527430, 1694524, 1333279, 9280637, 6285156, 5672829, 8164142, 9423316)
	Index Scan using sbtest7_pkey on sbtest7  (cost=0.43..83.89 rows=10 width=121)
	  Index Cond: (id = ANY ('{159779,3568897,9527430,1694524,1333279,9280637,6285156,5672829,8164142,9423316}'::integer[]))

table 8 : explain SELECT c FROM sbtest8 WHERE id IN ( 159779, 3568897, 9527430, 1694524, 1333279, 9280637, 6285156, 5672829, 8164142, 9423316)
	Index Scan using sbtest8_pkey on sbtest8  (cost=0.43..83.92 rows=10 width=121)
	  Index Cond: (id = ANY ('{159779,3568897,9527430,1694524,1333279,9280637,6285156,5672829,8164142,9423316}'::integer[]))

explain: for select-inlist :: explain SELECT c FROM sbtest%d WHERE id IN ( 3040081, 1447229, 1233157, 2728903, 7690839, 3429561, 3981400, 1777196, 6791931, 8109044)
for select-inlist
table 1 : explain SELECT c FROM sbtest1 WHERE id IN ( 8893149, 8116543, 1593553, 6171941, 1971174, 665858, 5139586, 5975357, 3572170, 6893688)
	Index Scan using sbtest1_pkey on sbtest1  (cost=0.43..84.05 rows=10 width=121)
	  Index Cond: (id = ANY ('{8893149,8116543,1593553,6171941,1971174,665858,5139586,5975357,3572170,6893688}'::integer[]))

table 2 : explain SELECT c FROM sbtest2 WHERE id IN ( 8893149, 8116543, 1593553, 6171941, 1971174, 665858, 5139586, 5975357, 3572170, 6893688)
	Index Scan using sbtest2_pkey on sbtest2  (cost=0.43..84.06 rows=10 width=121)
	  Index Cond: (id = ANY ('{8893149,8116543,1593553,6171941,1971174,665858,5139586,5975357,3572170,6893688}'::integer[]))

table 3 : explain SELECT c FROM sbtest3 WHERE id IN ( 8893149, 8116543, 1593553, 6171941, 1971174, 665858, 5139586, 5975357, 3572170, 6893688)
	Index Scan using sbtest3_pkey on sbtest3  (cost=0.43..84.04 rows=10 width=121)
	  Index Cond: (id = ANY ('{8893149,8116543,1593553,6171941,1971174,665858,5139586,5975357,3572170,6893688}'::integer[]))

table 4 : explain SELECT c FROM sbtest4 WHERE id IN ( 8893149, 8116543, 1593553, 6171941, 1971174, 665858, 5139586, 5975357, 3572170, 6893688)
	Index Scan using sbtest4_pkey on sbtest4  (cost=0.43..83.96 rows=10 width=121)
	  Index Cond: (id = ANY ('{8893149,8116543,1593553,6171941,1971174,665858,5139586,5975357,3572170,6893688}'::integer[]))

table 5 : explain SELECT c FROM sbtest5 WHERE id IN ( 8893149, 8116543, 1593553, 6171941, 1971174, 665858, 5139586, 5975357, 3572170, 6893688)
	Index Scan using sbtest5_pkey on sbtest5  (cost=0.43..83.94 rows=10 width=121)
	  Index Cond: (id = ANY ('{8893149,8116543,1593553,6171941,1971174,665858,5139586,5975357,3572170,6893688}'::integer[]))

table 6 : explain SELECT c FROM sbtest6 WHERE id IN ( 8893149, 8116543, 1593553, 6171941, 1971174, 665858, 5139586, 5975357, 3572170, 6893688)
	Index Scan using sbtest6_pkey on sbtest6  (cost=0.43..83.92 rows=10 width=121)
	  Index Cond: (id = ANY ('{8893149,8116543,1593553,6171941,1971174,665858,5139586,5975357,3572170,6893688}'::integer[]))

table 7 : explain SELECT c FROM sbtest7 WHERE id IN ( 8893149, 8116543, 1593553, 6171941, 1971174, 665858, 5139586, 5975357, 3572170, 6893688)
	Index Scan using sbtest7_pkey on sbtest7  (cost=0.43..83.89 rows=10 width=121)
	  Index Cond: (id = ANY ('{8893149,8116543,1593553,6171941,1971174,665858,5139586,5975357,3572170,6893688}'::integer[]))

table 8 : explain SELECT c FROM sbtest8 WHERE id IN ( 8893149, 8116543, 1593553, 6171941, 1971174, 665858, 5139586, 5975357, 3572170, 6893688)
	Index Scan using sbtest8_pkey on sbtest8  (cost=0.43..83.92 rows=10 width=121)
	  Index Cond: (id = ANY ('{8893149,8116543,1593553,6171941,1971174,665858,5139586,5975357,3572170,6893688}'::integer[]))

for select-inlist
table 1 : explain SELECT c FROM sbtest1 WHERE id IN ( 2903104, 6097953, 6828137, 3704629, 6165797, 9361556, 5866121, 4004345, 4676116, 2851397)
	Index Scan using sbtest1_pkey on sbtest1  (cost=0.43..84.05 rows=10 width=121)
	  Index Cond: (id = ANY ('{2903104,6097953,6828137,3704629,6165797,9361556,5866121,4004345,4676116,2851397}'::integer[]))

table 2 : explain SELECT c FROM sbtest2 WHERE id IN ( 2903104, 6097953, 6828137, 3704629, 6165797, 9361556, 5866121, 4004345, 4676116, 2851397)
	Index Scan using sbtest2_pkey on sbtest2  (cost=0.43..84.06 rows=10 width=121)
	  Index Cond: (id = ANY ('{2903104,6097953,6828137,3704629,6165797,9361556,5866121,4004345,4676116,2851397}'::integer[]))

table 3 : explain SELECT c FROM sbtest3 WHERE id IN ( 2903104, 6097953, 6828137, 3704629, 6165797, 9361556, 5866121, 4004345, 4676116, 2851397)
	Index Scan using sbtest3_pkey on sbtest3  (cost=0.43..84.04 rows=10 width=121)
	  Index Cond: (id = ANY ('{2903104,6097953,6828137,3704629,6165797,9361556,5866121,4004345,4676116,2851397}'::integer[]))

table 4 : explain SELECT c FROM sbtest4 WHERE id IN ( 2903104, 6097953, 6828137, 3704629, 6165797, 9361556, 5866121, 4004345, 4676116, 2851397)
	Index Scan using sbtest4_pkey on sbtest4  (cost=0.43..83.96 rows=10 width=121)
	  Index Cond: (id = ANY ('{2903104,6097953,6828137,3704629,6165797,9361556,5866121,4004345,4676116,2851397}'::integer[]))

table 5 : explain SELECT c FROM sbtest5 WHERE id IN ( 2903104, 6097953, 6828137, 3704629, 6165797, 9361556, 5866121, 4004345, 4676116, 2851397)
	Index Scan using sbtest5_pkey on sbtest5  (cost=0.43..83.94 rows=10 width=121)
	  Index Cond: (id = ANY ('{2903104,6097953,6828137,3704629,6165797,9361556,5866121,4004345,4676116,2851397}'::integer[]))

table 6 : explain SELECT c FROM sbtest6 WHERE id IN ( 2903104, 6097953, 6828137, 3704629, 6165797, 9361556, 5866121, 4004345, 4676116, 2851397)
	Index Scan using sbtest6_pkey on sbtest6  (cost=0.43..83.92 rows=10 width=121)
	  Index Cond: (id = ANY ('{2903104,6097953,6828137,3704629,6165797,9361556,5866121,4004345,4676116,2851397}'::integer[]))

table 7 : explain SELECT c FROM sbtest7 WHERE id IN ( 2903104, 6097953, 6828137, 3704629, 6165797, 9361556, 5866121, 4004345, 4676116, 2851397)
	Index Scan using sbtest7_pkey on sbtest7  (cost=0.43..83.89 rows=10 width=121)
	  Index Cond: (id = ANY ('{2903104,6097953,6828137,3704629,6165797,9361556,5866121,4004345,4676116,2851397}'::integer[]))

table 8 : explain SELECT c FROM sbtest8 WHERE id IN ( 2903104, 6097953, 6828137, 3704629, 6165797, 9361556, 5866121, 4004345, 4676116, 2851397)
	Index Scan using sbtest8_pkey on sbtest8  (cost=0.43..83.92 rows=10 width=121)
	  Index Cond: (id = ANY ('{2903104,6097953,6828137,3704629,6165797,9361556,5866121,4004345,4676116,2851397}'::integer[]))

for select-inlist
table 1 : explain SELECT c FROM sbtest1 WHERE id IN ( 8748009, 5558183, 8995590, 4000531, 3664142, 7892985, 6428473, 7079152, 1318431, 8867056)
	Index Scan using sbtest1_pkey on sbtest1  (cost=0.43..84.05 rows=10 width=121)
	  Index Cond: (id = ANY ('{8748009,5558183,8995590,4000531,3664142,7892985,6428473,7079152,1318431,8867056}'::integer[]))

table 2 : explain SELECT c FROM sbtest2 WHERE id IN ( 8748009, 5558183, 8995590, 4000531, 3664142, 7892985, 6428473, 7079152, 1318431, 8867056)
	Index Scan using sbtest2_pkey on sbtest2  (cost=0.43..84.06 rows=10 width=121)
	  Index Cond: (id = ANY ('{8748009,5558183,8995590,4000531,3664142,7892985,6428473,7079152,1318431,8867056}'::integer[]))

table 3 : explain SELECT c FROM sbtest3 WHERE id IN ( 8748009, 5558183, 8995590, 4000531, 3664142, 7892985, 6428473, 7079152, 1318431, 8867056)
	Index Scan using sbtest3_pkey on sbtest3  (cost=0.43..84.04 rows=10 width=121)
	  Index Cond: (id = ANY ('{8748009,5558183,8995590,4000531,3664142,7892985,6428473,7079152,1318431,8867056}'::integer[]))

table 4 : explain SELECT c FROM sbtest4 WHERE id IN ( 8748009, 5558183, 8995590, 4000531, 3664142, 7892985, 6428473, 7079152, 1318431, 8867056)
	Index Scan using sbtest4_pkey on sbtest4  (cost=0.43..83.96 rows=10 width=121)
	  Index Cond: (id = ANY ('{8748009,5558183,8995590,4000531,3664142,7892985,6428473,7079152,1318431,8867056}'::integer[]))

table 5 : explain SELECT c FROM sbtest5 WHERE id IN ( 8748009, 5558183, 8995590, 4000531, 3664142, 7892985, 6428473, 7079152, 1318431, 8867056)
	Index Scan using sbtest5_pkey on sbtest5  (cost=0.43..83.94 rows=10 width=121)
	  Index Cond: (id = ANY ('{8748009,5558183,8995590,4000531,3664142,7892985,6428473,7079152,1318431,8867056}'::integer[]))

table 6 : explain SELECT c FROM sbtest6 WHERE id IN ( 8748009, 5558183, 8995590, 4000531, 3664142, 7892985, 6428473, 7079152, 1318431, 8867056)
	Index Scan using sbtest6_pkey on sbtest6  (cost=0.43..83.92 rows=10 width=121)
	  Index Cond: (id = ANY ('{8748009,5558183,8995590,4000531,3664142,7892985,6428473,7079152,1318431,8867056}'::integer[]))

table 7 : explain SELECT c FROM sbtest7 WHERE id IN ( 8748009, 5558183, 8995590, 4000531, 3664142, 7892985, 6428473, 7079152, 1318431, 8867056)
	Index Scan using sbtest7_pkey on sbtest7  (cost=0.43..83.89 rows=10 width=121)
	  Index Cond: (id = ANY ('{8748009,5558183,8995590,4000531,3664142,7892985,6428473,7079152,1318431,8867056}'::integer[]))

table 8 : explain SELECT c FROM sbtest8 WHERE id IN ( 8748009, 5558183, 8995590, 4000531, 3664142, 7892985, 6428473, 7079152, 1318431, 8867056)
	Index Scan using sbtest8_pkey on sbtest8  (cost=0.43..83.92 rows=10 width=121)
	  Index Cond: (id = ANY ('{8748009,5558183,8995590,4000531,3664142,7892985,6428473,7079152,1318431,8867056}'::integer[]))

explain: for select-inlist :: explain SELECT c FROM sbtest%d WHERE id IN ( 5285578, 3404743, 1902116, 6887817, 7493407, 5060713, 5884676, 6729228, 867599, 4065473)
for select-inlist
table 1 : explain SELECT c FROM sbtest1 WHERE id IN ( 3040081, 1447229, 1233157, 2728903, 7690839, 3429561, 3981400, 1777196, 6791931, 8109044)
	Index Scan using sbtest1_pkey on sbtest1  (cost=0.43..84.05 rows=10 width=121)
	  Index Cond: (id = ANY ('{3040081,1447229,1233157,2728903,7690839,3429561,3981400,1777196,6791931,8109044}'::integer[]))

table 2 : explain SELECT c FROM sbtest2 WHERE id IN ( 3040081, 1447229, 1233157, 2728903, 7690839, 3429561, 3981400, 1777196, 6791931, 8109044)
	Index Scan using sbtest2_pkey on sbtest2  (cost=0.43..84.06 rows=10 width=121)
	  Index Cond: (id = ANY ('{3040081,1447229,1233157,2728903,7690839,3429561,3981400,1777196,6791931,8109044}'::integer[]))

table 3 : explain SELECT c FROM sbtest3 WHERE id IN ( 3040081, 1447229, 1233157, 2728903, 7690839, 3429561, 3981400, 1777196, 6791931, 8109044)
	Index Scan using sbtest3_pkey on sbtest3  (cost=0.43..84.04 rows=10 width=121)
	  Index Cond: (id = ANY ('{3040081,1447229,1233157,2728903,7690839,3429561,3981400,1777196,6791931,8109044}'::integer[]))

table 4 : explain SELECT c FROM sbtest4 WHERE id IN ( 3040081, 1447229, 1233157, 2728903, 7690839, 3429561, 3981400, 1777196, 6791931, 8109044)
	Index Scan using sbtest4_pkey on sbtest4  (cost=0.43..83.96 rows=10 width=121)
	  Index Cond: (id = ANY ('{3040081,1447229,1233157,2728903,7690839,3429561,3981400,1777196,6791931,8109044}'::integer[]))

table 5 : explain SELECT c FROM sbtest5 WHERE id IN ( 3040081, 1447229, 1233157, 2728903, 7690839, 3429561, 3981400, 1777196, 6791931, 8109044)
	Index Scan using sbtest5_pkey on sbtest5  (cost=0.43..83.94 rows=10 width=121)
	  Index Cond: (id = ANY ('{3040081,1447229,1233157,2728903,7690839,3429561,3981400,1777196,6791931,8109044}'::integer[]))

table 6 : explain SELECT c FROM sbtest6 WHERE id IN ( 3040081, 1447229, 1233157, 2728903, 7690839, 3429561, 3981400, 1777196, 6791931, 8109044)
	Index Scan using sbtest6_pkey on sbtest6  (cost=0.43..83.92 rows=10 width=121)
	  Index Cond: (id = ANY ('{3040081,1447229,1233157,2728903,7690839,3429561,3981400,1777196,6791931,8109044}'::integer[]))

table 7 : explain SELECT c FROM sbtest7 WHERE id IN ( 3040081, 1447229, 1233157, 2728903, 7690839, 3429561, 3981400, 1777196, 6791931, 8109044)
	Index Scan using sbtest7_pkey on sbtest7  (cost=0.43..83.89 rows=10 width=121)
	  Index Cond: (id = ANY ('{3040081,1447229,1233157,2728903,7690839,3429561,3981400,1777196,6791931,8109044}'::integer[]))

table 8 : explain SELECT c FROM sbtest8 WHERE id IN ( 3040081, 1447229, 1233157, 2728903, 7690839, 3429561, 3981400, 1777196, 6791931, 8109044)
	Index Scan using sbtest8_pkey on sbtest8  (cost=0.43..83.92 rows=10 width=121)
	  Index Cond: (id = ANY ('{3040081,1447229,1233157,2728903,7690839,3429561,3981400,1777196,6791931,8109044}'::integer[]))

explain: for select-inlist :: explain SELECT c FROM sbtest%d WHERE id IN ( 5760753, 4363059, 7110880, 4267201, 4963501, 5937348, 3903365, 3476983, 7893500, 9729202)
for select-inlist
table 1 : explain SELECT c FROM sbtest1 WHERE id IN ( 5285578, 3404743, 1902116, 6887817, 7493407, 5060713, 5884676, 6729228, 867599, 4065473)
	Index Scan using sbtest1_pkey on sbtest1  (cost=0.43..84.05 rows=10 width=121)
	  Index Cond: (id = ANY ('{5285578,3404743,1902116,6887817,7493407,5060713,5884676,6729228,867599,4065473}'::integer[]))

table 2 : explain SELECT c FROM sbtest2 WHERE id IN ( 5285578, 3404743, 1902116, 6887817, 7493407, 5060713, 5884676, 6729228, 867599, 4065473)
	Index Scan using sbtest2_pkey on sbtest2  (cost=0.43..84.06 rows=10 width=121)
	  Index Cond: (id = ANY ('{5285578,3404743,1902116,6887817,7493407,5060713,5884676,6729228,867599,4065473}'::integer[]))

table 3 : explain SELECT c FROM sbtest3 WHERE id IN ( 5285578, 3404743, 1902116, 6887817, 7493407, 5060713, 5884676, 6729228, 867599, 4065473)
	Index Scan using sbtest3_pkey on sbtest3  (cost=0.43..84.04 rows=10 width=121)
	  Index Cond: (id = ANY ('{5285578,3404743,1902116,6887817,7493407,5060713,5884676,6729228,867599,4065473}'::integer[]))

table 4 : explain SELECT c FROM sbtest4 WHERE id IN ( 5285578, 3404743, 1902116, 6887817, 7493407, 5060713, 5884676, 6729228, 867599, 4065473)
	Index Scan using sbtest4_pkey on sbtest4  (cost=0.43..83.96 rows=10 width=121)
	  Index Cond: (id = ANY ('{5285578,3404743,1902116,6887817,7493407,5060713,5884676,6729228,867599,4065473}'::integer[]))

table 5 : explain SELECT c FROM sbtest5 WHERE id IN ( 5285578, 3404743, 1902116, 6887817, 7493407, 5060713, 5884676, 6729228, 867599, 4065473)
	Index Scan using sbtest5_pkey on sbtest5  (cost=0.43..83.94 rows=10 width=121)
	  Index Cond: (id = ANY ('{5285578,3404743,1902116,6887817,7493407,5060713,5884676,6729228,867599,4065473}'::integer[]))

table 6 : explain SELECT c FROM sbtest6 WHERE id IN ( 5285578, 3404743, 1902116, 6887817, 7493407, 5060713, 5884676, 6729228, 867599, 4065473)
	Index Scan using sbtest6_pkey on sbtest6  (cost=0.43..83.92 rows=10 width=121)
	  Index Cond: (id = ANY ('{5285578,3404743,1902116,6887817,7493407,5060713,5884676,6729228,867599,4065473}'::integer[]))

table 7 : explain SELECT c FROM sbtest7 WHERE id IN ( 5285578, 3404743, 1902116, 6887817, 7493407, 5060713, 5884676, 6729228, 867599, 4065473)
	Index Scan using sbtest7_pkey on sbtest7  (cost=0.43..83.89 rows=10 width=121)
	  Index Cond: (id = ANY ('{5285578,3404743,1902116,6887817,7493407,5060713,5884676,6729228,867599,4065473}'::integer[]))

table 8 : explain SELECT c FROM sbtest8 WHERE id IN ( 5285578, 3404743, 1902116, 6887817, 7493407, 5060713, 5884676, 6729228, 867599, 4065473)
	Index Scan using sbtest8_pkey on sbtest8  (cost=0.43..83.92 rows=10 width=121)
	  Index Cond: (id = ANY ('{5285578,3404743,1902116,6887817,7493407,5060713,5884676,6729228,867599,4065473}'::integer[]))

explain: for select-inlist :: explain SELECT c FROM sbtest%d WHERE id IN ( 9137942, 1038307, 2885993, 3892591, 9604161, 818710, 5072089, 313794, 5191697, 9824172)
explain: for select-inlist :: explain SELECT c FROM sbtest%d WHERE id IN ( 525087, 4384614, 3342600, 5832939, 1126602, 6333115, 8983794, 3605101, 2420313, 5539820)
for select-inlist
table 1 : explain SELECT c FROM sbtest1 WHERE id IN ( 5760753, 4363059, 7110880, 4267201, 4963501, 5937348, 3903365, 3476983, 7893500, 9729202)
	Index Scan using sbtest1_pkey on sbtest1  (cost=0.43..84.05 rows=10 width=121)
	  Index Cond: (id = ANY ('{5760753,4363059,7110880,4267201,4963501,5937348,3903365,3476983,7893500,9729202}'::integer[]))

table 2 : explain SELECT c FROM sbtest2 WHERE id IN ( 5760753, 4363059, 7110880, 4267201, 4963501, 5937348, 3903365, 3476983, 7893500, 9729202)
	Index Scan using sbtest2_pkey on sbtest2  (cost=0.43..84.06 rows=10 width=121)
	  Index Cond: (id = ANY ('{5760753,4363059,7110880,4267201,4963501,5937348,3903365,3476983,7893500,9729202}'::integer[]))

table 3 : explain SELECT c FROM sbtest3 WHERE id IN ( 5760753, 4363059, 7110880, 4267201, 4963501, 5937348, 3903365, 3476983, 7893500, 9729202)
	Index Scan using sbtest3_pkey on sbtest3  (cost=0.43..84.04 rows=10 width=121)
	  Index Cond: (id = ANY ('{5760753,4363059,7110880,4267201,4963501,5937348,3903365,3476983,7893500,9729202}'::integer[]))

table 4 : explain SELECT c FROM sbtest4 WHERE id IN ( 5760753, 4363059, 7110880, 4267201, 4963501, 5937348, 3903365, 3476983, 7893500, 9729202)
	Index Scan using sbtest4_pkey on sbtest4  (cost=0.43..83.96 rows=10 width=121)
	  Index Cond: (id = ANY ('{5760753,4363059,7110880,4267201,4963501,5937348,3903365,3476983,7893500,9729202}'::integer[]))

table 5 : explain SELECT c FROM sbtest5 WHERE id IN ( 5760753, 4363059, 7110880, 4267201, 4963501, 5937348, 3903365, 3476983, 7893500, 9729202)
	Index Scan using sbtest5_pkey on sbtest5  (cost=0.43..83.94 rows=10 width=121)
	  Index Cond: (id = ANY ('{5760753,4363059,7110880,4267201,4963501,5937348,3903365,3476983,7893500,9729202}'::integer[]))

table 6 : explain SELECT c FROM sbtest6 WHERE id IN ( 5760753, 4363059, 7110880, 4267201, 4963501, 5937348, 3903365, 3476983, 7893500, 9729202)
	Index Scan using sbtest6_pkey on sbtest6  (cost=0.43..83.92 rows=10 width=121)
	  Index Cond: (id = ANY ('{5760753,4363059,7110880,4267201,4963501,5937348,3903365,3476983,7893500,9729202}'::integer[]))

table 7 : explain SELECT c FROM sbtest7 WHERE id IN ( 5760753, 4363059, 7110880, 4267201, 4963501, 5937348, 3903365, 3476983, 7893500, 9729202)
	Index Scan using sbtest7_pkey on sbtest7  (cost=0.43..83.89 rows=10 width=121)
	  Index Cond: (id = ANY ('{5760753,4363059,7110880,4267201,4963501,5937348,3903365,3476983,7893500,9729202}'::integer[]))

table 8 : explain SELECT c FROM sbtest8 WHERE id IN ( 5760753, 4363059, 7110880, 4267201, 4963501, 5937348, 3903365, 3476983, 7893500, 9729202)
	Index Scan using sbtest8_pkey on sbtest8  (cost=0.43..83.92 rows=10 width=121)
	  Index Cond: (id = ANY ('{5760753,4363059,7110880,4267201,4963501,5937348,3903365,3476983,7893500,9729202}'::integer[]))

explain: for select-inlist :: explain SELECT c FROM sbtest%d WHERE id IN ( 9213256, 3388498, 5310534, 2061621, 3935161, 1029577, 6368833, 1592248, 1474408, 7245039)
for select-inlist
table 1 : explain SELECT c FROM sbtest1 WHERE id IN ( 9137942, 1038307, 2885993, 3892591, 9604161, 818710, 5072089, 313794, 5191697, 9824172)
	Index Scan using sbtest1_pkey on sbtest1  (cost=0.43..84.05 rows=10 width=121)
	  Index Cond: (id = ANY ('{9137942,1038307,2885993,3892591,9604161,818710,5072089,313794,5191697,9824172}'::integer[]))

table 2 : explain SELECT c FROM sbtest2 WHERE id IN ( 9137942, 1038307, 2885993, 3892591, 9604161, 818710, 5072089, 313794, 5191697, 9824172)
	Index Scan using sbtest2_pkey on sbtest2  (cost=0.43..84.06 rows=10 width=121)
	  Index Cond: (id = ANY ('{9137942,1038307,2885993,3892591,9604161,818710,5072089,313794,5191697,9824172}'::integer[]))

table 3 : explain SELECT c FROM sbtest3 WHERE id IN ( 9137942, 1038307, 2885993, 3892591, 9604161, 818710, 5072089, 313794, 5191697, 9824172)
	Index Scan using sbtest3_pkey on sbtest3  (cost=0.43..84.04 rows=10 width=121)
	  Index Cond: (id = ANY ('{9137942,1038307,2885993,3892591,9604161,818710,5072089,313794,5191697,9824172}'::integer[]))

table 4 : explain SELECT c FROM sbtest4 WHERE id IN ( 9137942, 1038307, 2885993, 3892591, 9604161, 818710, 5072089, 313794, 5191697, 9824172)
	Index Scan using sbtest4_pkey on sbtest4  (cost=0.43..83.96 rows=10 width=121)
	  Index Cond: (id = ANY ('{9137942,1038307,2885993,3892591,9604161,818710,5072089,313794,5191697,9824172}'::integer[]))

table 5 : explain SELECT c FROM sbtest5 WHERE id IN ( 9137942, 1038307, 2885993, 3892591, 9604161, 818710, 5072089, 313794, 5191697, 9824172)
	Index Scan using sbtest5_pkey on sbtest5  (cost=0.43..83.94 rows=10 width=121)
	  Index Cond: (id = ANY ('{9137942,1038307,2885993,3892591,9604161,818710,5072089,313794,5191697,9824172}'::integer[]))

table 6 : explain SELECT c FROM sbtest6 WHERE id IN ( 9137942, 1038307, 2885993, 3892591, 9604161, 818710, 5072089, 313794, 5191697, 9824172)
	Index Scan using sbtest6_pkey on sbtest6  (cost=0.43..83.92 rows=10 width=121)
	  Index Cond: (id = ANY ('{9137942,1038307,2885993,3892591,9604161,818710,5072089,313794,5191697,9824172}'::integer[]))

table 7 : explain SELECT c FROM sbtest7 WHERE id IN ( 9137942, 1038307, 2885993, 3892591, 9604161, 818710, 5072089, 313794, 5191697, 9824172)
	Index Scan using sbtest7_pkey on sbtest7  (cost=0.43..83.89 rows=10 width=121)
	  Index Cond: (id = ANY ('{9137942,1038307,2885993,3892591,9604161,818710,5072089,313794,5191697,9824172}'::integer[]))

table 8 : explain SELECT c FROM sbtest8 WHERE id IN ( 9137942, 1038307, 2885993, 3892591, 9604161, 818710, 5072089, 313794, 5191697, 9824172)
	Index Scan using sbtest8_pkey on sbtest8  (cost=0.43..83.92 rows=10 width=121)
	  Index Cond: (id = ANY ('{9137942,1038307,2885993,3892591,9604161,818710,5072089,313794,5191697,9824172}'::integer[]))

for select-inlist
table 1 : explain SELECT c FROM sbtest1 WHERE id IN ( 525087, 4384614, 3342600, 5832939, 1126602, 6333115, 8983794, 3605101, 2420313, 5539820)
	Index Scan using sbtest1_pkey on sbtest1  (cost=0.43..84.05 rows=10 width=121)
	  Index Cond: (id = ANY ('{525087,4384614,3342600,5832939,1126602,6333115,8983794,3605101,2420313,5539820}'::integer[]))

table 2 : explain SELECT c FROM sbtest2 WHERE id IN ( 525087, 4384614, 3342600, 5832939, 1126602, 6333115, 8983794, 3605101, 2420313, 5539820)
	Index Scan using sbtest2_pkey on sbtest2  (cost=0.43..84.06 rows=10 width=121)
	  Index Cond: (id = ANY ('{525087,4384614,3342600,5832939,1126602,6333115,8983794,3605101,2420313,5539820}'::integer[]))

table 3 : explain SELECT c FROM sbtest3 WHERE id IN ( 525087, 4384614, 3342600, 5832939, 1126602, 6333115, 8983794, 3605101, 2420313, 5539820)
	Index Scan using sbtest3_pkey on sbtest3  (cost=0.43..84.04 rows=10 width=121)
	  Index Cond: (id = ANY ('{525087,4384614,3342600,5832939,1126602,6333115,8983794,3605101,2420313,5539820}'::integer[]))

table 4 : explain SELECT c FROM sbtest4 WHERE id IN ( 525087, 4384614, 3342600, 5832939, 1126602, 6333115, 8983794, 3605101, 2420313, 5539820)
	Index Scan using sbtest4_pkey on sbtest4  (cost=0.43..83.96 rows=10 width=121)
	  Index Cond: (id = ANY ('{525087,4384614,3342600,5832939,1126602,6333115,8983794,3605101,2420313,5539820}'::integer[]))

table 5 : explain SELECT c FROM sbtest5 WHERE id IN ( 525087, 4384614, 3342600, 5832939, 1126602, 6333115, 8983794, 3605101, 2420313, 5539820)
	Index Scan using sbtest5_pkey on sbtest5  (cost=0.43..83.94 rows=10 width=121)
	  Index Cond: (id = ANY ('{525087,4384614,3342600,5832939,1126602,6333115,8983794,3605101,2420313,5539820}'::integer[]))

table 6 : explain SELECT c FROM sbtest6 WHERE id IN ( 525087, 4384614, 3342600, 5832939, 1126602, 6333115, 8983794, 3605101, 2420313, 5539820)
	Index Scan using sbtest6_pkey on sbtest6  (cost=0.43..83.92 rows=10 width=121)
	  Index Cond: (id = ANY ('{525087,4384614,3342600,5832939,1126602,6333115,8983794,3605101,2420313,5539820}'::integer[]))

table 7 : explain SELECT c FROM sbtest7 WHERE id IN ( 525087, 4384614, 3342600, 5832939, 1126602, 6333115, 8983794, 3605101, 2420313, 5539820)
	Index Scan using sbtest7_pkey on sbtest7  (cost=0.43..83.89 rows=10 width=121)
	  Index Cond: (id = ANY ('{525087,4384614,3342600,5832939,1126602,6333115,8983794,3605101,2420313,5539820}'::integer[]))

table 8 : explain SELECT c FROM sbtest8 WHERE id IN ( 525087, 4384614, 3342600, 5832939, 1126602, 6333115, 8983794, 3605101, 2420313, 5539820)
	Index Scan using sbtest8_pkey on sbtest8  (cost=0.43..83.92 rows=10 width=121)
	  Index Cond: (id = ANY ('{525087,4384614,3342600,5832939,1126602,6333115,8983794,3605101,2420313,5539820}'::integer[]))

explain: for select-inlist :: explain SELECT c FROM sbtest%d WHERE id IN ( 2683307, 1397635, 4982091, 4064378, 5965109, 580940, 6787680, 3761064, 6510820, 5171232)
for select-inlist
table 1 : explain SELECT c FROM sbtest1 WHERE id IN ( 9213256, 3388498, 5310534, 2061621, 3935161, 1029577, 6368833, 1592248, 1474408, 7245039)
	Index Scan using sbtest1_pkey on sbtest1  (cost=0.43..84.05 rows=10 width=121)
	  Index Cond: (id = ANY ('{9213256,3388498,5310534,2061621,3935161,1029577,6368833,1592248,1474408,7245039}'::integer[]))

table 2 : explain SELECT c FROM sbtest2 WHERE id IN ( 9213256, 3388498, 5310534, 2061621, 3935161, 1029577, 6368833, 1592248, 1474408, 7245039)
	Index Scan using sbtest2_pkey on sbtest2  (cost=0.43..84.06 rows=10 width=121)
	  Index Cond: (id = ANY ('{9213256,3388498,5310534,2061621,3935161,1029577,6368833,1592248,1474408,7245039}'::integer[]))

table 3 : explain SELECT c FROM sbtest3 WHERE id IN ( 9213256, 3388498, 5310534, 2061621, 3935161, 1029577, 6368833, 1592248, 1474408, 7245039)
	Index Scan using sbtest3_pkey on sbtest3  (cost=0.43..84.04 rows=10 width=121)
	  Index Cond: (id = ANY ('{9213256,3388498,5310534,2061621,3935161,1029577,6368833,1592248,1474408,7245039}'::integer[]))

table 4 : explain SELECT c FROM sbtest4 WHERE id IN ( 9213256, 3388498, 5310534, 2061621, 3935161, 1029577, 6368833, 1592248, 1474408, 7245039)
	Index Scan using sbtest4_pkey on sbtest4  (cost=0.43..83.96 rows=10 width=121)
	  Index Cond: (id = ANY ('{9213256,3388498,5310534,2061621,3935161,1029577,6368833,1592248,1474408,7245039}'::integer[]))

table 5 : explain SELECT c FROM sbtest5 WHERE id IN ( 9213256, 3388498, 5310534, 2061621, 3935161, 1029577, 6368833, 1592248, 1474408, 7245039)
	Index Scan using sbtest5_pkey on sbtest5  (cost=0.43..83.94 rows=10 width=121)
	  Index Cond: (id = ANY ('{9213256,3388498,5310534,2061621,3935161,1029577,6368833,1592248,1474408,7245039}'::integer[]))

table 6 : explain SELECT c FROM sbtest6 WHERE id IN ( 9213256, 3388498, 5310534, 2061621, 3935161, 1029577, 6368833, 1592248, 1474408, 7245039)
	Index Scan using sbtest6_pkey on sbtest6  (cost=0.43..83.92 rows=10 width=121)
	  Index Cond: (id = ANY ('{9213256,3388498,5310534,2061621,3935161,1029577,6368833,1592248,1474408,7245039}'::integer[]))

table 7 : explain SELECT c FROM sbtest7 WHERE id IN ( 9213256, 3388498, 5310534, 2061621, 3935161, 1029577, 6368833, 1592248, 1474408, 7245039)
	Index Scan using sbtest7_pkey on sbtest7  (cost=0.43..83.89 rows=10 width=121)
	  Index Cond: (id = ANY ('{9213256,3388498,5310534,2061621,3935161,1029577,6368833,1592248,1474408,7245039}'::integer[]))

table 8 : explain SELECT c FROM sbtest8 WHERE id IN ( 9213256, 3388498, 5310534, 2061621, 3935161, 1029577, 6368833, 1592248, 1474408, 7245039)
	Index Scan using sbtest8_pkey on sbtest8  (cost=0.43..83.92 rows=10 width=121)
	  Index Cond: (id = ANY ('{9213256,3388498,5310534,2061621,3935161,1029577,6368833,1592248,1474408,7245039}'::integer[]))

for select-inlist
table 1 : explain SELECT c FROM sbtest1 WHERE id IN ( 2683307, 1397635, 4982091, 4064378, 5965109, 580940, 6787680, 3761064, 6510820, 5171232)
	Index Scan using sbtest1_pkey on sbtest1  (cost=0.43..84.05 rows=10 width=121)
	  Index Cond: (id = ANY ('{2683307,1397635,4982091,4064378,5965109,580940,6787680,3761064,6510820,5171232}'::integer[]))

table 2 : explain SELECT c FROM sbtest2 WHERE id IN ( 2683307, 1397635, 4982091, 4064378, 5965109, 580940, 6787680, 3761064, 6510820, 5171232)
	Index Scan using sbtest2_pkey on sbtest2  (cost=0.43..84.06 rows=10 width=121)
	  Index Cond: (id = ANY ('{2683307,1397635,4982091,4064378,5965109,580940,6787680,3761064,6510820,5171232}'::integer[]))

table 3 : explain SELECT c FROM sbtest3 WHERE id IN ( 2683307, 1397635, 4982091, 4064378, 5965109, 580940, 6787680, 3761064, 6510820, 5171232)
	Index Scan using sbtest3_pkey on sbtest3  (cost=0.43..84.04 rows=10 width=121)
	  Index Cond: (id = ANY ('{2683307,1397635,4982091,4064378,5965109,580940,6787680,3761064,6510820,5171232}'::integer[]))

table 4 : explain SELECT c FROM sbtest4 WHERE id IN ( 2683307, 1397635, 4982091, 4064378, 5965109, 580940, 6787680, 3761064, 6510820, 5171232)
	Index Scan using sbtest4_pkey on sbtest4  (cost=0.43..83.96 rows=10 width=121)
	  Index Cond: (id = ANY ('{2683307,1397635,4982091,4064378,5965109,580940,6787680,3761064,6510820,5171232}'::integer[]))

table 5 : explain SELECT c FROM sbtest5 WHERE id IN ( 2683307, 1397635, 4982091, 4064378, 5965109, 580940, 6787680, 3761064, 6510820, 5171232)
	Index Scan using sbtest5_pkey on sbtest5  (cost=0.43..83.94 rows=10 width=121)
	  Index Cond: (id = ANY ('{2683307,1397635,4982091,4064378,5965109,580940,6787680,3761064,6510820,5171232}'::integer[]))

table 6 : explain SELECT c FROM sbtest6 WHERE id IN ( 2683307, 1397635, 4982091, 4064378, 5965109, 580940, 6787680, 3761064, 6510820, 5171232)
	Index Scan using sbtest6_pkey on sbtest6  (cost=0.43..83.92 rows=10 width=121)
	  Index Cond: (id = ANY ('{2683307,1397635,4982091,4064378,5965109,580940,6787680,3761064,6510820,5171232}'::integer[]))

table 7 : explain SELECT c FROM sbtest7 WHERE id IN ( 2683307, 1397635, 4982091, 4064378, 5965109, 580940, 6787680, 3761064, 6510820, 5171232)
	Index Scan using sbtest7_pkey on sbtest7  (cost=0.43..83.89 rows=10 width=121)
	  Index Cond: (id = ANY ('{2683307,1397635,4982091,4064378,5965109,580940,6787680,3761064,6510820,5171232}'::integer[]))

table 8 : explain SELECT c FROM sbtest8 WHERE id IN ( 2683307, 1397635, 4982091, 4064378, 5965109, 580940, 6787680, 3761064, 6510820, 5171232)
	Index Scan using sbtest8_pkey on sbtest8  (cost=0.43..83.92 rows=10 width=121)
	  Index Cond: (id = ANY ('{2683307,1397635,4982091,4064378,5965109,580940,6787680,3761064,6510820,5171232}'::integer[]))

Threads started!

Warming up for 5 seconds...

SQL statistics:
    queries performed:
        read:                            297373662
        write:                           0
        other:                           0
        total:                           297373662
    transactions:                        297373662 (472015.13 per sec.)
    queries:                             297373662 (472015.13 per sec.)
    ignored errors:                      0      (0.00 per sec.)
    reconnects:                          0      (0.00 per sec.)

Throughput:
    events/s (eps):                      472015.1288
    time elapsed:                        630.0088s
    total number of events:              297373662

Latency (ms):
         min:                                    0.07
         avg:                                    0.08
         max:                                   15.38
         95th percentile:                        0.09
         sum:                             25044311.54

Threads fairness:
    events (avg/stddev):           7434334.6000/43762.19
    execution time (avg/stddev):   626.1078/0.18

