LUA_PATH=/home/mdcallag/git/mytools/bench/sysbench.lua/lua/?.lua /home/mdcallag/git/mytools/bench/sysbench.lua/lua/sysbench --db-driver=pgsql --range-size=100 --table-size=10000000 --tables=8 --threads=40 --events=0 --warmup-time=5 --time=930 --pgsql_conn_id=true /home/mdcallag/git/mytools/bench/sysbench.lua/lua/oltp_inlist_update.lua run --pgsql-user=root --pgsql-password=pw --pgsql-host=127.0.0.1 --pgsql-db=ib --rand-type=uniform
48 CPUs
sysbench 1.1.0-9072687 (using bundled LuaJIT 2.1.0-beta3)

Running the test with following options:
Number of threads: 40
Warmup time: 5s
Initializing random number generator from current time


Initializing worker threads...

explain: for update-inlist :: explain UPDATE sbtest%d set c=7 WHERE id IN ( 6009876, 45555, 3902827, 1959632, 4597965, 742280, 1456504, 3602143, 3898695, 3053946)
for update-inlist
table 1 : explain UPDATE sbtest1 set c=7 WHERE id IN ( 6009876, 45555, 3902827, 1959632, 4597965, 742280, 1456504, 3602143, 3898695, 3053946)
	Update on sbtest1  (cost=0.43..48.53 rows=0 width=0)
	  ->  Index Scan using sbtest1_pkey on sbtest1  (cost=0.43..48.53 rows=10 width=490)
	        Index Cond: (id = ANY ('{6009876,45555,3902827,1959632,4597965,742280,1456504,3602143,3898695,3053946}'::integer[]))

table 2 : explain UPDATE sbtest2 set c=7 WHERE id IN ( 6009876, 45555, 3902827, 1959632, 4597965, 742280, 1456504, 3602143, 3898695, 3053946)
	Update on sbtest2  (cost=0.43..48.53 rows=0 width=0)
	  ->  Index Scan using sbtest2_pkey on sbtest2  (cost=0.43..48.53 rows=10 width=490)
	        Index Cond: (id = ANY ('{6009876,45555,3902827,1959632,4597965,742280,1456504,3602143,3898695,3053946}'::integer[]))

table 3 : explain UPDATE sbtest3 set c=7 WHERE id IN ( 6009876, 45555, 3902827, 1959632, 4597965, 742280, 1456504, 3602143, 3898695, 3053946)
	Update on sbtest3  (cost=0.43..48.53 rows=0 width=0)
	  ->  Index Scan using sbtest3_pkey on sbtest3  (cost=0.43..48.53 rows=10 width=490)
	        Index Cond: (id = ANY ('{6009876,45555,3902827,1959632,4597965,742280,1456504,3602143,3898695,3053946}'::integer[]))

table 4 : explain UPDATE sbtest4 set c=7 WHERE id IN ( 6009876, 45555, 3902827, 1959632, 4597965, 742280, 1456504, 3602143, 3898695, 3053946)
	Update on sbtest4  (cost=0.43..48.53 rows=0 width=0)
	  ->  Index Scan using sbtest4_pkey on sbtest4  (cost=0.43..48.53 rows=10 width=490)
	        Index Cond: (id = ANY ('{6009876,45555,3902827,1959632,4597965,742280,1456504,3602143,3898695,3053946}'::integer[]))

table 5 : explain UPDATE sbtest5 set c=7 WHERE id IN ( 6009876, 45555, 3902827, 1959632, 4597965, 742280, 1456504, 3602143, 3898695, 3053946)
	Update on sbtest5  (cost=0.43..48.53 rows=0 width=0)
	  ->  Index Scan using sbtest5_pkey on sbtest5  (cost=0.43..48.53 rows=10 width=490)
	        Index Cond: (id = ANY ('{6009876,45555,3902827,1959632,4597965,742280,1456504,3602143,3898695,3053946}'::integer[]))

table 6 : explain UPDATE sbtest6 set c=7 WHERE id IN ( 6009876, 45555, 3902827, 1959632, 4597965, 742280, 1456504, 3602143, 3898695, 3053946)
	Update on sbtest6  (cost=0.43..48.53 rows=0 width=0)
	  ->  Index Scan using sbtest6_pkey on sbtest6  (cost=0.43..48.53 rows=10 width=490)
	        Index Cond: (id = ANY ('{6009876,45555,3902827,1959632,4597965,742280,1456504,3602143,3898695,3053946}'::integer[]))

table 7 : explain UPDATE sbtest7 set c=7 WHERE id IN ( 6009876, 45555, 3902827, 1959632, 4597965, 742280, 1456504, 3602143, 3898695, 3053946)
	Update on sbtest7  (cost=0.43..48.53 rows=0 width=0)
	  ->  Index Scan using sbtest7_pkey on sbtest7  (cost=0.43..48.53 rows=10 width=490)
	        Index Cond: (id = ANY ('{6009876,45555,3902827,1959632,4597965,742280,1456504,3602143,3898695,3053946}'::integer[]))

table 8 : explain UPDATE sbtest8 set c=7 WHERE id IN ( 6009876, 45555, 3902827, 1959632, 4597965, 742280, 1456504, 3602143, 3898695, 3053946)
	Update on sbtest8  (cost=0.43..48.53 rows=0 width=0)
	  ->  Index Scan using sbtest8_pkey on sbtest8  (cost=0.43..48.53 rows=10 width=490)
	        Index Cond: (id = ANY ('{6009876,45555,3902827,1959632,4597965,742280,1456504,3602143,3898695,3053946}'::integer[]))

explain: for update-inlist :: explain UPDATE sbtest%d set c=7 WHERE id IN ( 1761763, 2752910, 8667882, 2230583, 4675344, 578885, 1914007, 3583762, 5214254, 7581606)
explain: for update-inlist :: explain UPDATE sbtest%d set c=7 WHERE id IN ( 9169933, 7266844, 4467074, 4141143, 3556024, 394929, 9979678, 7738069, 2452335, 1261238)
for update-inlist
table 1 : explain UPDATE sbtest1 set c=7 WHERE id IN ( 1761763, 2752910, 8667882, 2230583, 4675344, 578885, 1914007, 3583762, 5214254, 7581606)
	Update on sbtest1  (cost=0.43..48.53 rows=0 width=0)
	  ->  Index Scan using sbtest1_pkey on sbtest1  (cost=0.43..48.53 rows=10 width=490)
	        Index Cond: (id = ANY ('{1761763,2752910,8667882,2230583,4675344,578885,1914007,3583762,5214254,7581606}'::integer[]))

table 2 : explain UPDATE sbtest2 set c=7 WHERE id IN ( 1761763, 2752910, 8667882, 2230583, 4675344, 578885, 1914007, 3583762, 5214254, 7581606)
	Update on sbtest2  (cost=0.43..48.53 rows=0 width=0)
	  ->  Index Scan using sbtest2_pkey on sbtest2  (cost=0.43..48.53 rows=10 width=490)
	        Index Cond: (id = ANY ('{1761763,2752910,8667882,2230583,4675344,578885,1914007,3583762,5214254,7581606}'::integer[]))

table 3 : explain UPDATE sbtest3 set c=7 WHERE id IN ( 1761763, 2752910, 8667882, 2230583, 4675344, 578885, 1914007, 3583762, 5214254, 7581606)
	Update on sbtest3  (cost=0.43..48.53 rows=0 width=0)
	  ->  Index Scan using sbtest3_pkey on sbtest3  (cost=0.43..48.53 rows=10 width=490)
	        Index Cond: (id = ANY ('{1761763,2752910,8667882,2230583,4675344,578885,1914007,3583762,5214254,7581606}'::integer[]))

table 4 : explain UPDATE sbtest4 set c=7 WHERE id IN ( 1761763, 2752910, 8667882, 2230583, 4675344, 578885, 1914007, 3583762, 5214254, 7581606)
	Update on sbtest4  (cost=0.43..48.53 rows=0 width=0)
	  ->  Index Scan using sbtest4_pkey on sbtest4  (cost=0.43..48.53 rows=10 width=490)
	        Index Cond: (id = ANY ('{1761763,2752910,8667882,2230583,4675344,578885,1914007,3583762,5214254,7581606}'::integer[]))

table 5 : explain UPDATE sbtest5 set c=7 WHERE id IN ( 1761763, 2752910, 8667882, 2230583, 4675344, 578885, 1914007, 3583762, 5214254, 7581606)
	Update on sbtest5  (cost=0.43..48.53 rows=0 width=0)
	  ->  Index Scan using sbtest5_pkey on sbtest5  (cost=0.43..48.53 rows=10 width=490)
	        Index Cond: (id = ANY ('{1761763,2752910,8667882,2230583,4675344,578885,1914007,3583762,5214254,7581606}'::integer[]))

table 6 : explain UPDATE sbtest6 set c=7 WHERE id IN ( 1761763, 2752910, 8667882, 2230583, 4675344, 578885, 1914007, 3583762, 5214254, 7581606)
	Update on sbtest6  (cost=0.43..48.53 rows=0 width=0)
	  ->  Index Scan using sbtest6_pkey on sbtest6  (cost=0.43..48.53 rows=10 width=490)
	        Index Cond: (id = ANY ('{1761763,2752910,8667882,2230583,4675344,578885,1914007,3583762,5214254,7581606}'::integer[]))

table 7 : explain UPDATE sbtest7 set c=7 WHERE id IN ( 1761763, 2752910, 8667882, 2230583, 4675344, 578885, 1914007, 3583762, 5214254, 7581606)
	Update on sbtest7  (cost=0.43..48.53 rows=0 width=0)
	  ->  Index Scan using sbtest7_pkey on sbtest7  (cost=0.43..48.53 rows=10 width=490)
	        Index Cond: (id = ANY ('{1761763,2752910,8667882,2230583,4675344,578885,1914007,3583762,5214254,7581606}'::integer[]))

table 8 : explain UPDATE sbtest8 set c=7 WHERE id IN ( 1761763, 2752910, 8667882, 2230583, 4675344, 578885, 1914007, 3583762, 5214254, 7581606)
	Update on sbtest8  (cost=0.43..48.53 rows=0 width=0)
	  ->  Index Scan using sbtest8_pkey on sbtest8  (cost=0.43..48.53 rows=10 width=490)
	        Index Cond: (id = ANY ('{1761763,2752910,8667882,2230583,4675344,578885,1914007,3583762,5214254,7581606}'::integer[]))

for update-inlist
table 1 : explain UPDATE sbtest1 set c=7 WHERE id IN ( 9169933, 7266844, 4467074, 4141143, 3556024, 394929, 9979678, 7738069, 2452335, 1261238)
	Update on sbtest1  (cost=0.43..48.53 rows=0 width=0)
	  ->  Index Scan using sbtest1_pkey on sbtest1  (cost=0.43..48.53 rows=10 width=490)
	        Index Cond: (id = ANY ('{9169933,7266844,4467074,4141143,3556024,394929,9979678,7738069,2452335,1261238}'::integer[]))

table 2 : explain UPDATE sbtest2 set c=7 WHERE id IN ( 9169933, 7266844, 4467074, 4141143, 3556024, 394929, 9979678, 7738069, 2452335, 1261238)
	Update on sbtest2  (cost=0.43..48.53 rows=0 width=0)
	  ->  Index Scan using sbtest2_pkey on sbtest2  (cost=0.43..48.53 rows=10 width=490)
	        Index Cond: (id = ANY ('{9169933,7266844,4467074,4141143,3556024,394929,9979678,7738069,2452335,1261238}'::integer[]))

table 3 : explain UPDATE sbtest3 set c=7 WHERE id IN ( 9169933, 7266844, 4467074, 4141143, 3556024, 394929, 9979678, 7738069, 2452335, 1261238)
	Update on sbtest3  (cost=0.43..48.53 rows=0 width=0)
	  ->  Index Scan using sbtest3_pkey on sbtest3  (cost=0.43..48.53 rows=10 width=490)
	        Index Cond: (id = ANY ('{9169933,7266844,4467074,4141143,3556024,394929,9979678,7738069,2452335,1261238}'::integer[]))

table 4 : explain UPDATE sbtest4 set c=7 WHERE id IN ( 9169933, 7266844, 4467074, 4141143, 3556024, 394929, 9979678, 7738069, 2452335, 1261238)
	Update on sbtest4  (cost=0.43..48.53 rows=0 width=0)
	  ->  Index Scan using sbtest4_pkey on sbtest4  (cost=0.43..48.53 rows=10 width=490)
	        Index Cond: (id = ANY ('{9169933,7266844,4467074,4141143,3556024,394929,9979678,7738069,2452335,1261238}'::integer[]))

table 5 : explain UPDATE sbtest5 set c=7 WHERE id IN ( 9169933, 7266844, 4467074, 4141143, 3556024, 394929, 9979678, 7738069, 2452335, 1261238)
	Update on sbtest5  (cost=0.43..48.53 rows=0 width=0)
	  ->  Index Scan using sbtest5_pkey on sbtest5  (cost=0.43..48.53 rows=10 width=490)
	        Index Cond: (id = ANY ('{9169933,7266844,4467074,4141143,3556024,394929,9979678,7738069,2452335,1261238}'::integer[]))

table 6 : explain UPDATE sbtest6 set c=7 WHERE id IN ( 9169933, 7266844, 4467074, 4141143, 3556024, 394929, 9979678, 7738069, 2452335, 1261238)
	Update on sbtest6  (cost=0.43..48.53 rows=0 width=0)
	  ->  Index Scan using sbtest6_pkey on sbtest6  (cost=0.43..48.53 rows=10 width=490)
	        Index Cond: (id = ANY ('{9169933,7266844,4467074,4141143,3556024,394929,9979678,7738069,2452335,1261238}'::integer[]))

table 7 : explain UPDATE sbtest7 set c=7 WHERE id IN ( 9169933, 7266844, 4467074, 4141143, 3556024, 394929, 9979678, 7738069, 2452335, 1261238)
	Update on sbtest7  (cost=0.43..48.53 rows=0 width=0)
	  ->  Index Scan using sbtest7_pkey on sbtest7  (cost=0.43..48.53 rows=10 width=490)
	        Index Cond: (id = ANY ('{9169933,7266844,4467074,4141143,3556024,394929,9979678,7738069,2452335,1261238}'::integer[]))

table 8 : explain UPDATE sbtest8 set c=7 WHERE id IN ( 9169933, 7266844, 4467074, 4141143, 3556024, 394929, 9979678, 7738069, 2452335, 1261238)
	Update on sbtest8  (cost=0.43..48.53 rows=0 width=0)
	  ->  Index Scan using sbtest8_pkey on sbtest8  (cost=0.43..48.53 rows=10 width=490)
	        Index Cond: (id = ANY ('{9169933,7266844,4467074,4141143,3556024,394929,9979678,7738069,2452335,1261238}'::integer[]))

explain: for update-inlist :: explain UPDATE sbtest%d set c=7 WHERE id IN ( 2477857, 3217142, 3204507, 2957447, 6671034, 5524875, 7215973, 7538842, 4190545, 2882587)
explain: for update-inlist :: explain UPDATE sbtest%d set c=7 WHERE id IN ( 7931507, 6848213, 6849678, 2342253, 5766748, 1694624, 9163465, 8351357, 3208114, 2351720)
explain: for update-inlist :: explain UPDATE sbtest%d set c=7 WHERE id IN ( 3026649, 9676973, 3151419, 3900468, 6313958, 8716827, 8737133, 963946, 3743906, 2335127)
explain: for update-inlist :: explain UPDATE sbtest%d set c=7 WHERE id IN ( 3332918, 768833, 9402278, 4136839, 8777334, 2841103, 2003575, 293583, 7127050, 9471545)
for update-inlist
table 1 : explain UPDATE sbtest1 set c=7 WHERE id IN ( 2477857, 3217142, 3204507, 2957447, 6671034, 5524875, 7215973, 7538842, 4190545, 2882587)
	Update on sbtest1  (cost=0.43..48.53 rows=0 width=0)
	  ->  Index Scan using sbtest1_pkey on sbtest1  (cost=0.43..48.53 rows=10 width=490)
	        Index Cond: (id = ANY ('{2477857,3217142,3204507,2957447,6671034,5524875,7215973,7538842,4190545,2882587}'::integer[]))

table 2 : explain UPDATE sbtest2 set c=7 WHERE id IN ( 2477857, 3217142, 3204507, 2957447, 6671034, 5524875, 7215973, 7538842, 4190545, 2882587)
	Update on sbtest2  (cost=0.43..48.53 rows=0 width=0)
	  ->  Index Scan using sbtest2_pkey on sbtest2  (cost=0.43..48.53 rows=10 width=490)
	        Index Cond: (id = ANY ('{2477857,3217142,3204507,2957447,6671034,5524875,7215973,7538842,4190545,2882587}'::integer[]))

table 3 : explain UPDATE sbtest3 set c=7 WHERE id IN ( 2477857, 3217142, 3204507, 2957447, 6671034, 5524875, 7215973, 7538842, 4190545, 2882587)
	Update on sbtest3  (cost=0.43..48.53 rows=0 width=0)
	  ->  Index Scan using sbtest3_pkey on sbtest3  (cost=0.43..48.53 rows=10 width=490)
	        Index Cond: (id = ANY ('{2477857,3217142,3204507,2957447,6671034,5524875,7215973,7538842,4190545,2882587}'::integer[]))

table 4 : explain UPDATE sbtest4 set c=7 WHERE id IN ( 2477857, 3217142, 3204507, 2957447, 6671034, 5524875, 7215973, 7538842, 4190545, 2882587)
	Update on sbtest4  (cost=0.43..48.53 rows=0 width=0)
	  ->  Index Scan using sbtest4_pkey on sbtest4  (cost=0.43..48.53 rows=10 width=490)
	        Index Cond: (id = ANY ('{2477857,3217142,3204507,2957447,6671034,5524875,7215973,7538842,4190545,2882587}'::integer[]))

table 5 : explain UPDATE sbtest5 set c=7 WHERE id IN ( 2477857, 3217142, 3204507, 2957447, 6671034, 5524875, 7215973, 7538842, 4190545, 2882587)
	Update on sbtest5  (cost=0.43..48.53 rows=0 width=0)
	  ->  Index Scan using sbtest5_pkey on sbtest5  (cost=0.43..48.53 rows=10 width=490)
	        Index Cond: (id = ANY ('{2477857,3217142,3204507,2957447,6671034,5524875,7215973,7538842,4190545,2882587}'::integer[]))

table 6 : explain UPDATE sbtest6 set c=7 WHERE id IN ( 2477857, 3217142, 3204507, 2957447, 6671034, 5524875, 7215973, 7538842, 4190545, 2882587)
	Update on sbtest6  (cost=0.43..48.53 rows=0 width=0)
	  ->  Index Scan using sbtest6_pkey on sbtest6  (cost=0.43..48.53 rows=10 width=490)
	        Index Cond: (id = ANY ('{2477857,3217142,3204507,2957447,6671034,5524875,7215973,7538842,4190545,2882587}'::integer[]))

table 7 : explain UPDATE sbtest7 set c=7 WHERE id IN ( 2477857, 3217142, 3204507, 2957447, 6671034, 5524875, 7215973, 7538842, 4190545, 2882587)
	Update on sbtest7  (cost=0.43..48.53 rows=0 width=0)
	  ->  Index Scan using sbtest7_pkey on sbtest7  (cost=0.43..48.53 rows=10 width=490)
	        Index Cond: (id = ANY ('{2477857,3217142,3204507,2957447,6671034,5524875,7215973,7538842,4190545,2882587}'::integer[]))

table 8 : explain UPDATE sbtest8 set c=7 WHERE id IN ( 2477857, 3217142, 3204507, 2957447, 6671034, 5524875, 7215973, 7538842, 4190545, 2882587)
	Update on sbtest8  (cost=0.43..48.53 rows=0 width=0)
	  ->  Index Scan using sbtest8_pkey on sbtest8  (cost=0.43..48.53 rows=10 width=490)
	        Index Cond: (id = ANY ('{2477857,3217142,3204507,2957447,6671034,5524875,7215973,7538842,4190545,2882587}'::integer[]))

for update-inlist
table 1 : explain UPDATE sbtest1 set c=7 WHERE id IN ( 7931507, 6848213, 6849678, 2342253, 5766748, 1694624, 9163465, 8351357, 3208114, 2351720)
	Update on sbtest1  (cost=0.43..48.53 rows=0 width=0)
	  ->  Index Scan using sbtest1_pkey on sbtest1  (cost=0.43..48.53 rows=10 width=490)
	        Index Cond: (id = ANY ('{7931507,6848213,6849678,2342253,5766748,1694624,9163465,8351357,3208114,2351720}'::integer[]))

table 2 : explain UPDATE sbtest2 set c=7 WHERE id IN ( 7931507, 6848213, 6849678, 2342253, 5766748, 1694624, 9163465, 8351357, 3208114, 2351720)
	Update on sbtest2  (cost=0.43..48.53 rows=0 width=0)
	  ->  Index Scan using sbtest2_pkey on sbtest2  (cost=0.43..48.53 rows=10 width=490)
	        Index Cond: (id = ANY ('{7931507,6848213,6849678,2342253,5766748,1694624,9163465,8351357,3208114,2351720}'::integer[]))

table 3 : explain UPDATE sbtest3 set c=7 WHERE id IN ( 7931507, 6848213, 6849678, 2342253, 5766748, 1694624, 9163465, 8351357, 3208114, 2351720)
	Update on sbtest3  (cost=0.43..48.53 rows=0 width=0)
	  ->  Index Scan using sbtest3_pkey on sbtest3  (cost=0.43..48.53 rows=10 width=490)
	        Index Cond: (id = ANY ('{7931507,6848213,6849678,2342253,5766748,1694624,9163465,8351357,3208114,2351720}'::integer[]))

table 4 : explain UPDATE sbtest4 set c=7 WHERE id IN ( 7931507, 6848213, 6849678, 2342253, 5766748, 1694624, 9163465, 8351357, 3208114, 2351720)
	Update on sbtest4  (cost=0.43..48.53 rows=0 width=0)
	  ->  Index Scan using sbtest4_pkey on sbtest4  (cost=0.43..48.53 rows=10 width=490)
	        Index Cond: (id = ANY ('{7931507,6848213,6849678,2342253,5766748,1694624,9163465,8351357,3208114,2351720}'::integer[]))

table 5 : explain UPDATE sbtest5 set c=7 WHERE id IN ( 7931507, 6848213, 6849678, 2342253, 5766748, 1694624, 9163465, 8351357, 3208114, 2351720)
	Update on sbtest5  (cost=0.43..48.53 rows=0 width=0)
	  ->  Index Scan using sbtest5_pkey on sbtest5  (cost=0.43..48.53 rows=10 width=490)
	        Index Cond: (id = ANY ('{7931507,6848213,6849678,2342253,5766748,1694624,9163465,8351357,3208114,2351720}'::integer[]))

table 6 : explain UPDATE sbtest6 set c=7 WHERE id IN ( 7931507, 6848213, 6849678, 2342253, 5766748, 1694624, 9163465, 8351357, 3208114, 2351720)
	Update on sbtest6  (cost=0.43..48.53 rows=0 width=0)
	  ->  Index Scan using sbtest6_pkey on sbtest6  (cost=0.43..48.53 rows=10 width=490)
	        Index Cond: (id = ANY ('{7931507,6848213,6849678,2342253,5766748,1694624,9163465,8351357,3208114,2351720}'::integer[]))

table 7 : explain UPDATE sbtest7 set c=7 WHERE id IN ( 7931507, 6848213, 6849678, 2342253, 5766748, 1694624, 9163465, 8351357, 3208114, 2351720)
	Update on sbtest7  (cost=0.43..48.53 rows=0 width=0)
	  ->  Index Scan using sbtest7_pkey on sbtest7  (cost=0.43..48.53 rows=10 width=490)
	        Index Cond: (id = ANY ('{7931507,6848213,6849678,2342253,5766748,1694624,9163465,8351357,3208114,2351720}'::integer[]))

table 8 : explain UPDATE sbtest8 set c=7 WHERE id IN ( 7931507, 6848213, 6849678, 2342253, 5766748, 1694624, 9163465, 8351357, 3208114, 2351720)
	Update on sbtest8  (cost=0.43..48.53 rows=0 width=0)
	  ->  Index Scan using sbtest8_pkey on sbtest8  (cost=0.43..48.53 rows=10 width=490)
	        Index Cond: (id = ANY ('{7931507,6848213,6849678,2342253,5766748,1694624,9163465,8351357,3208114,2351720}'::integer[]))

explain: for update-inlist :: explain UPDATE sbtest%d set c=7 WHERE id IN ( 9637141, 7929695, 5962615, 6997704, 54287, 1159834, 2760831, 1202102, 4943408, 2830573)
explain: for update-inlist :: explain UPDATE sbtest%d set c=7 WHERE id IN ( 7789821, 3721041, 9914816, 6362870, 975135, 5298939, 1851620, 7335749, 2297971, 3456881)
for update-inlist
table 1 : explain UPDATE sbtest1 set c=7 WHERE id IN ( 3026649, 9676973, 3151419, 3900468, 6313958, 8716827, 8737133, 963946, 3743906, 2335127)
	Update on sbtest1  (cost=0.43..48.53 rows=0 width=0)
	  ->  Index Scan using sbtest1_pkey on sbtest1  (cost=0.43..48.53 rows=10 width=490)
	        Index Cond: (id = ANY ('{3026649,9676973,3151419,3900468,6313958,8716827,8737133,963946,3743906,2335127}'::integer[]))

table 2 : explain UPDATE sbtest2 set c=7 WHERE id IN ( 3026649, 9676973, 3151419, 3900468, 6313958, 8716827, 8737133, 963946, 3743906, 2335127)
	Update on sbtest2  (cost=0.43..48.53 rows=0 width=0)
	  ->  Index Scan using sbtest2_pkey on sbtest2  (cost=0.43..48.53 rows=10 width=490)
	        Index Cond: (id = ANY ('{3026649,9676973,3151419,3900468,6313958,8716827,8737133,963946,3743906,2335127}'::integer[]))

table 3 : explain UPDATE sbtest3 set c=7 WHERE id IN ( 3026649, 9676973, 3151419, 3900468, 6313958, 8716827, 8737133, 963946, 3743906, 2335127)
	Update on sbtest3  (cost=0.43..48.53 rows=0 width=0)
	  ->  Index Scan using sbtest3_pkey on sbtest3  (cost=0.43..48.53 rows=10 width=490)
	        Index Cond: (id = ANY ('{3026649,9676973,3151419,3900468,6313958,8716827,8737133,963946,3743906,2335127}'::integer[]))

table 4 : explain UPDATE sbtest4 set c=7 WHERE id IN ( 3026649, 9676973, 3151419, 3900468, 6313958, 8716827, 8737133, 963946, 3743906, 2335127)
	Update on sbtest4  (cost=0.43..48.53 rows=0 width=0)
	  ->  Index Scan using sbtest4_pkey on sbtest4  (cost=0.43..48.53 rows=10 width=490)
	        Index Cond: (id = ANY ('{3026649,9676973,3151419,3900468,6313958,8716827,8737133,963946,3743906,2335127}'::integer[]))

table 5 : explain UPDATE sbtest5 set c=7 WHERE id IN ( 3026649, 9676973, 3151419, 3900468, 6313958, 8716827, 8737133, 963946, 3743906, 2335127)
	Update on sbtest5  (cost=0.43..48.53 rows=0 width=0)
	  ->  Index Scan using sbtest5_pkey on sbtest5  (cost=0.43..48.53 rows=10 width=490)
	        Index Cond: (id = ANY ('{3026649,9676973,3151419,3900468,6313958,8716827,8737133,963946,3743906,2335127}'::integer[]))

table 6 : explain UPDATE sbtest6 set c=7 WHERE id IN ( 3026649, 9676973, 3151419, 3900468, 6313958, 8716827, 8737133, 963946, 3743906, 2335127)
	Update on sbtest6  (cost=0.43..48.53 rows=0 width=0)
	  ->  Index Scan using sbtest6_pkey on sbtest6  (cost=0.43..48.53 rows=10 width=490)
	        Index Cond: (id = ANY ('{3026649,9676973,3151419,3900468,6313958,8716827,8737133,963946,3743906,2335127}'::integer[]))

table 7 : explain UPDATE sbtest7 set c=7 WHERE id IN ( 3026649, 9676973, 3151419, 3900468, 6313958, 8716827, 8737133, 963946, 3743906, 2335127)
	Update on sbtest7  (cost=0.43..48.53 rows=0 width=0)
	  ->  Index Scan using sbtest7_pkey on sbtest7  (cost=0.43..48.53 rows=10 width=490)
	        Index Cond: (id = ANY ('{3026649,9676973,3151419,3900468,6313958,8716827,8737133,963946,3743906,2335127}'::integer[]))

table 8 : explain UPDATE sbtest8 set c=7 WHERE id IN ( 3026649, 9676973, 3151419, 3900468, 6313958, 8716827, 8737133, 963946, 3743906, 2335127)
	Update on sbtest8  (cost=0.43..48.53 rows=0 width=0)
	  ->  Index Scan using sbtest8_pkey on sbtest8  (cost=0.43..48.53 rows=10 width=490)
	        Index Cond: (id = ANY ('{3026649,9676973,3151419,3900468,6313958,8716827,8737133,963946,3743906,2335127}'::integer[]))

for update-inlist
table 1 : explain UPDATE sbtest1 set c=7 WHERE id IN ( 3332918, 768833, 9402278, 4136839, 8777334, 2841103, 2003575, 293583, 7127050, 9471545)
	Update on sbtest1  (cost=0.43..48.53 rows=0 width=0)
	  ->  Index Scan using sbtest1_pkey on sbtest1  (cost=0.43..48.53 rows=10 width=490)
	        Index Cond: (id = ANY ('{3332918,768833,9402278,4136839,8777334,2841103,2003575,293583,7127050,9471545}'::integer[]))

table 2 : explain UPDATE sbtest2 set c=7 WHERE id IN ( 3332918, 768833, 9402278, 4136839, 8777334, 2841103, 2003575, 293583, 7127050, 9471545)
	Update on sbtest2  (cost=0.43..48.53 rows=0 width=0)
	  ->  Index Scan using sbtest2_pkey on sbtest2  (cost=0.43..48.53 rows=10 width=490)
	        Index Cond: (id = ANY ('{3332918,768833,9402278,4136839,8777334,2841103,2003575,293583,7127050,9471545}'::integer[]))

table 3 : explain UPDATE sbtest3 set c=7 WHERE id IN ( 3332918, 768833, 9402278, 4136839, 8777334, 2841103, 2003575, 293583, 7127050, 9471545)
	Update on sbtest3  (cost=0.43..48.53 rows=0 width=0)
	  ->  Index Scan using sbtest3_pkey on sbtest3  (cost=0.43..48.53 rows=10 width=490)
	        Index Cond: (id = ANY ('{3332918,768833,9402278,4136839,8777334,2841103,2003575,293583,7127050,9471545}'::integer[]))

table 4 : explain UPDATE sbtest4 set c=7 WHERE id IN ( 3332918, 768833, 9402278, 4136839, 8777334, 2841103, 2003575, 293583, 7127050, 9471545)
	Update on sbtest4  (cost=0.43..48.53 rows=0 width=0)
	  ->  Index Scan using sbtest4_pkey on sbtest4  (cost=0.43..48.53 rows=10 width=490)
	        Index Cond: (id = ANY ('{3332918,768833,9402278,4136839,8777334,2841103,2003575,293583,7127050,9471545}'::integer[]))

table 5 : explain UPDATE sbtest5 set c=7 WHERE id IN ( 3332918, 768833, 9402278, 4136839, 8777334, 2841103, 2003575, 293583, 7127050, 9471545)
	Update on sbtest5  (cost=0.43..48.53 rows=0 width=0)
	  ->  Index Scan using sbtest5_pkey on sbtest5  (cost=0.43..48.53 rows=10 width=490)
	        Index Cond: (id = ANY ('{3332918,768833,9402278,4136839,8777334,2841103,2003575,293583,7127050,9471545}'::integer[]))

table 6 : explain UPDATE sbtest6 set c=7 WHERE id IN ( 3332918, 768833, 9402278, 4136839, 8777334, 2841103, 2003575, 293583, 7127050, 9471545)
	Update on sbtest6  (cost=0.43..48.53 rows=0 width=0)
	  ->  Index Scan using sbtest6_pkey on sbtest6  (cost=0.43..48.53 rows=10 width=490)
	        Index Cond: (id = ANY ('{3332918,768833,9402278,4136839,8777334,2841103,2003575,293583,7127050,9471545}'::integer[]))

table 7 : explain UPDATE sbtest7 set c=7 WHERE id IN ( 3332918, 768833, 9402278, 4136839, 8777334, 2841103, 2003575, 293583, 7127050, 9471545)
	Update on sbtest7  (cost=0.43..48.53 rows=0 width=0)
	  ->  Index Scan using sbtest7_pkey on sbtest7  (cost=0.43..48.53 rows=10 width=490)
	        Index Cond: (id = ANY ('{3332918,768833,9402278,4136839,8777334,2841103,2003575,293583,7127050,9471545}'::integer[]))

table 8 : explain UPDATE sbtest8 set c=7 WHERE id IN ( 3332918, 768833, 9402278, 4136839, 8777334, 2841103, 2003575, 293583, 7127050, 9471545)
	Update on sbtest8  (cost=0.43..48.53 rows=0 width=0)
	  ->  Index Scan using sbtest8_pkey on sbtest8  (cost=0.43..48.53 rows=10 width=490)
	        Index Cond: (id = ANY ('{3332918,768833,9402278,4136839,8777334,2841103,2003575,293583,7127050,9471545}'::integer[]))

for update-inlist
table 1 : explain UPDATE sbtest1 set c=7 WHERE id IN ( 7789821, 3721041, 9914816, 6362870, 975135, 5298939, 1851620, 7335749, 2297971, 3456881)
	Update on sbtest1  (cost=0.43..48.53 rows=0 width=0)
	  ->  Index Scan using sbtest1_pkey on sbtest1  (cost=0.43..48.53 rows=10 width=490)
	        Index Cond: (id = ANY ('{7789821,3721041,9914816,6362870,975135,5298939,1851620,7335749,2297971,3456881}'::integer[]))

table 2 : explain UPDATE sbtest2 set c=7 WHERE id IN ( 7789821, 3721041, 9914816, 6362870, 975135, 5298939, 1851620, 7335749, 2297971, 3456881)
	Update on sbtest2  (cost=0.43..48.53 rows=0 width=0)
	  ->  Index Scan using sbtest2_pkey on sbtest2  (cost=0.43..48.53 rows=10 width=490)
	        Index Cond: (id = ANY ('{7789821,3721041,9914816,6362870,975135,5298939,1851620,7335749,2297971,3456881}'::integer[]))

table 3 : explain UPDATE sbtest3 set c=7 WHERE id IN ( 7789821, 3721041, 9914816, 6362870, 975135, 5298939, 1851620, 7335749, 2297971, 3456881)
	Update on sbtest3  (cost=0.43..48.53 rows=0 width=0)
	  ->  Index Scan using sbtest3_pkey on sbtest3  (cost=0.43..48.53 rows=10 width=490)
	        Index Cond: (id = ANY ('{7789821,3721041,9914816,6362870,975135,5298939,1851620,7335749,2297971,3456881}'::integer[]))

table 4 : explain UPDATE sbtest4 set c=7 WHERE id IN ( 7789821, 3721041, 9914816, 6362870, 975135, 5298939, 1851620, 7335749, 2297971, 3456881)
	Update on sbtest4  (cost=0.43..48.53 rows=0 width=0)
	  ->  Index Scan using sbtest4_pkey on sbtest4  (cost=0.43..48.53 rows=10 width=490)
	        Index Cond: (id = ANY ('{7789821,3721041,9914816,6362870,975135,5298939,1851620,7335749,2297971,3456881}'::integer[]))

table 5 : explain UPDATE sbtest5 set c=7 WHERE id IN ( 7789821, 3721041, 9914816, 6362870, 975135, 5298939, 1851620, 7335749, 2297971, 3456881)
	Update on sbtest5  (cost=0.43..48.53 rows=0 width=0)
	  ->  Index Scan using sbtest5_pkey on sbtest5  (cost=0.43..48.53 rows=10 width=490)
	        Index Cond: (id = ANY ('{7789821,3721041,9914816,6362870,975135,5298939,1851620,7335749,2297971,3456881}'::integer[]))

table 6 : explain UPDATE sbtest6 set c=7 WHERE id IN ( 7789821, 3721041, 9914816, 6362870, 975135, 5298939, 1851620, 7335749, 2297971, 3456881)
	Update on sbtest6  (cost=0.43..48.53 rows=0 width=0)
	  ->  Index Scan using sbtest6_pkey on sbtest6  (cost=0.43..48.53 rows=10 width=490)
	        Index Cond: (id = ANY ('{7789821,3721041,9914816,6362870,975135,5298939,1851620,7335749,2297971,3456881}'::integer[]))

table 7 : explain UPDATE sbtest7 set c=7 WHERE id IN ( 7789821, 3721041, 9914816, 6362870, 975135, 5298939, 1851620, 7335749, 2297971, 3456881)
	Update on sbtest7  (cost=0.43..48.53 rows=0 width=0)
	  ->  Index Scan using sbtest7_pkey on sbtest7  (cost=0.43..48.53 rows=10 width=490)
	        Index Cond: (id = ANY ('{7789821,3721041,9914816,6362870,975135,5298939,1851620,7335749,2297971,3456881}'::integer[]))

table 8 : explain UPDATE sbtest8 set c=7 WHERE id IN ( 7789821, 3721041, 9914816, 6362870, 975135, 5298939, 1851620, 7335749, 2297971, 3456881)
	Update on sbtest8  (cost=0.43..48.53 rows=0 width=0)
	  ->  Index Scan using sbtest8_pkey on sbtest8  (cost=0.43..48.53 rows=10 width=490)
	        Index Cond: (id = ANY ('{7789821,3721041,9914816,6362870,975135,5298939,1851620,7335749,2297971,3456881}'::integer[]))

for update-inlist
table 1 : explain UPDATE sbtest1 set c=7 WHERE id IN ( 9637141, 7929695, 5962615, 6997704, 54287, 1159834, 2760831, 1202102, 4943408, 2830573)
	Update on sbtest1  (cost=0.43..48.53 rows=0 width=0)
	  ->  Index Scan using sbtest1_pkey on sbtest1  (cost=0.43..48.53 rows=10 width=490)
	        Index Cond: (id = ANY ('{9637141,7929695,5962615,6997704,54287,1159834,2760831,1202102,4943408,2830573}'::integer[]))

table 2 : explain UPDATE sbtest2 set c=7 WHERE id IN ( 9637141, 7929695, 5962615, 6997704, 54287, 1159834, 2760831, 1202102, 4943408, 2830573)
	Update on sbtest2  (cost=0.43..48.53 rows=0 width=0)
	  ->  Index Scan using sbtest2_pkey on sbtest2  (cost=0.43..48.53 rows=10 width=490)
	        Index Cond: (id = ANY ('{9637141,7929695,5962615,6997704,54287,1159834,2760831,1202102,4943408,2830573}'::integer[]))

table 3 : explain UPDATE sbtest3 set c=7 WHERE id IN ( 9637141, 7929695, 5962615, 6997704, 54287, 1159834, 2760831, 1202102, 4943408, 2830573)
	Update on sbtest3  (cost=0.43..48.53 rows=0 width=0)
	  ->  Index Scan using sbtest3_pkey on sbtest3  (cost=0.43..48.53 rows=10 width=490)
	        Index Cond: (id = ANY ('{9637141,7929695,5962615,6997704,54287,1159834,2760831,1202102,4943408,2830573}'::integer[]))

table 4 : explain UPDATE sbtest4 set c=7 WHERE id IN ( 9637141, 7929695, 5962615, 6997704, 54287, 1159834, 2760831, 1202102, 4943408, 2830573)
	Update on sbtest4  (cost=0.43..48.53 rows=0 width=0)
	  ->  Index Scan using sbtest4_pkey on sbtest4  (cost=0.43..48.53 rows=10 width=490)
	        Index Cond: (id = ANY ('{9637141,7929695,5962615,6997704,54287,1159834,2760831,1202102,4943408,2830573}'::integer[]))

table 5 : explain UPDATE sbtest5 set c=7 WHERE id IN ( 9637141, 7929695, 5962615, 6997704, 54287, 1159834, 2760831, 1202102, 4943408, 2830573)
	Update on sbtest5  (cost=0.43..48.53 rows=0 width=0)
	  ->  Index Scan using sbtest5_pkey on sbtest5  (cost=0.43..48.53 rows=10 width=490)
	        Index Cond: (id = ANY ('{9637141,7929695,5962615,6997704,54287,1159834,2760831,1202102,4943408,2830573}'::integer[]))

table 6 : explain UPDATE sbtest6 set c=7 WHERE id IN ( 9637141, 7929695, 5962615, 6997704, 54287, 1159834, 2760831, 1202102, 4943408, 2830573)
	Update on sbtest6  (cost=0.43..48.53 rows=0 width=0)
	  ->  Index Scan using sbtest6_pkey on sbtest6  (cost=0.43..48.53 rows=10 width=490)
	        Index Cond: (id = ANY ('{9637141,7929695,5962615,6997704,54287,1159834,2760831,1202102,4943408,2830573}'::integer[]))

table 7 : explain UPDATE sbtest7 set c=7 WHERE id IN ( 9637141, 7929695, 5962615, 6997704, 54287, 1159834, 2760831, 1202102, 4943408, 2830573)
	Update on sbtest7  (cost=0.43..48.53 rows=0 width=0)
	  ->  Index Scan using sbtest7_pkey on sbtest7  (cost=0.43..48.53 rows=10 width=490)
	        Index Cond: (id = ANY ('{9637141,7929695,5962615,6997704,54287,1159834,2760831,1202102,4943408,2830573}'::integer[]))

table 8 : explain UPDATE sbtest8 set c=7 WHERE id IN ( 9637141, 7929695, 5962615, 6997704, 54287, 1159834, 2760831, 1202102, 4943408, 2830573)
	Update on sbtest8  (cost=0.43..48.53 rows=0 width=0)
	  ->  Index Scan using sbtest8_pkey on sbtest8  (cost=0.43..48.53 rows=10 width=490)
	        Index Cond: (id = ANY ('{9637141,7929695,5962615,6997704,54287,1159834,2760831,1202102,4943408,2830573}'::integer[]))

explain: for update-inlist :: explain UPDATE sbtest%d set c=7 WHERE id IN ( 5327089, 8458923, 1394556, 8033815, 9969937, 1880579, 8533414, 5263406, 7009774, 6669464)
explain: for update-inlist :: explain UPDATE sbtest%d set c=7 WHERE id IN ( 1544644, 1975991, 5455920, 1524647, 6909929, 8258606, 2150853, 8196313, 6218285, 6075374)
for update-inlist
table 1 : explain UPDATE sbtest1 set c=7 WHERE id IN ( 5327089, 8458923, 1394556, 8033815, 9969937, 1880579, 8533414, 5263406, 7009774, 6669464)
	Update on sbtest1  (cost=0.43..48.53 rows=0 width=0)
	  ->  Index Scan using sbtest1_pkey on sbtest1  (cost=0.43..48.53 rows=10 width=490)
	        Index Cond: (id = ANY ('{5327089,8458923,1394556,8033815,9969937,1880579,8533414,5263406,7009774,6669464}'::integer[]))

table 2 : explain UPDATE sbtest2 set c=7 WHERE id IN ( 5327089, 8458923, 1394556, 8033815, 9969937, 1880579, 8533414, 5263406, 7009774, 6669464)
	Update on sbtest2  (cost=0.43..48.53 rows=0 width=0)
	  ->  Index Scan using sbtest2_pkey on sbtest2  (cost=0.43..48.53 rows=10 width=490)
	        Index Cond: (id = ANY ('{5327089,8458923,1394556,8033815,9969937,1880579,8533414,5263406,7009774,6669464}'::integer[]))

table 3 : explain UPDATE sbtest3 set c=7 WHERE id IN ( 5327089, 8458923, 1394556, 8033815, 9969937, 1880579, 8533414, 5263406, 7009774, 6669464)
	Update on sbtest3  (cost=0.43..48.53 rows=0 width=0)
	  ->  Index Scan using sbtest3_pkey on sbtest3  (cost=0.43..48.53 rows=10 width=490)
	        Index Cond: (id = ANY ('{5327089,8458923,1394556,8033815,9969937,1880579,8533414,5263406,7009774,6669464}'::integer[]))

table 4 : explain UPDATE sbtest4 set c=7 WHERE id IN ( 5327089, 8458923, 1394556, 8033815, 9969937, 1880579, 8533414, 5263406, 7009774, 6669464)
	Update on sbtest4  (cost=0.43..48.53 rows=0 width=0)
	  ->  Index Scan using sbtest4_pkey on sbtest4  (cost=0.43..48.53 rows=10 width=490)
	        Index Cond: (id = ANY ('{5327089,8458923,1394556,8033815,9969937,1880579,8533414,5263406,7009774,6669464}'::integer[]))

table 5 : explain UPDATE sbtest5 set c=7 WHERE id IN ( 5327089, 8458923, 1394556, 8033815, 9969937, 1880579, 8533414, 5263406, 7009774, 6669464)
	Update on sbtest5  (cost=0.43..48.53 rows=0 width=0)
	  ->  Index Scan using sbtest5_pkey on sbtest5  (cost=0.43..48.53 rows=10 width=490)
	        Index Cond: (id = ANY ('{5327089,8458923,1394556,8033815,9969937,1880579,8533414,5263406,7009774,6669464}'::integer[]))

table 6 : explain UPDATE sbtest6 set c=7 WHERE id IN ( 5327089, 8458923, 1394556, 8033815, 9969937, 1880579, 8533414, 5263406, 7009774, 6669464)
	Update on sbtest6  (cost=0.43..48.53 rows=0 width=0)
	  ->  Index Scan using sbtest6_pkey on sbtest6  (cost=0.43..48.53 rows=10 width=490)
	        Index Cond: (id = ANY ('{5327089,8458923,1394556,8033815,9969937,1880579,8533414,5263406,7009774,6669464}'::integer[]))

table 7 : explain UPDATE sbtest7 set c=7 WHERE id IN ( 5327089, 8458923, 1394556, 8033815, 9969937, 1880579, 8533414, 5263406, 7009774, 6669464)
	Update on sbtest7  (cost=0.43..48.53 rows=0 width=0)
	  ->  Index Scan using sbtest7_pkey on sbtest7  (cost=0.43..48.53 rows=10 width=490)
	        Index Cond: (id = ANY ('{5327089,8458923,1394556,8033815,9969937,1880579,8533414,5263406,7009774,6669464}'::integer[]))

table 8 : explain UPDATE sbtest8 set c=7 WHERE id IN ( 5327089, 8458923, 1394556, 8033815, 9969937, 1880579, 8533414, 5263406, 7009774, 6669464)
	Update on sbtest8  (cost=0.43..48.53 rows=0 width=0)
	  ->  Index Scan using sbtest8_pkey on sbtest8  (cost=0.43..48.53 rows=10 width=490)
	        Index Cond: (id = ANY ('{5327089,8458923,1394556,8033815,9969937,1880579,8533414,5263406,7009774,6669464}'::integer[]))

explain: for update-inlist :: explain UPDATE sbtest%d set c=7 WHERE id IN ( 1280991, 8599746, 9020944, 7520513, 9682803, 4437728, 1086080, 9547218, 7068969, 7534924)
explain: for update-inlist :: explain UPDATE sbtest%d set c=7 WHERE id IN ( 7455806, 2299894, 3381053, 7600214, 5471444, 2530894, 8629733, 3060940, 3786121, 8770141)
explain: for update-inlist :: explain UPDATE sbtest%d set c=7 WHERE id IN ( 2801256, 748646, 6715204, 6277134, 5253654, 1105529, 5459456, 1227918, 5981954, 1225768)
explain: for update-inlist :: explain UPDATE sbtest%d set c=7 WHERE id IN ( 3067502, 8489479, 5957212, 9496778, 5336207, 6091324, 2964448, 5733468, 2819686, 9101783)
for update-inlist
table 1 : explain UPDATE sbtest1 set c=7 WHERE id IN ( 1280991, 8599746, 9020944, 7520513, 9682803, 4437728, 1086080, 9547218, 7068969, 7534924)
	Update on sbtest1  (cost=0.43..48.53 rows=0 width=0)
	  ->  Index Scan using sbtest1_pkey on sbtest1  (cost=0.43..48.53 rows=10 width=490)
	        Index Cond: (id = ANY ('{1280991,8599746,9020944,7520513,9682803,4437728,1086080,9547218,7068969,7534924}'::integer[]))

table 2 : explain UPDATE sbtest2 set c=7 WHERE id IN ( 1280991, 8599746, 9020944, 7520513, 9682803, 4437728, 1086080, 9547218, 7068969, 7534924)
	Update on sbtest2  (cost=0.43..48.53 rows=0 width=0)
	  ->  Index Scan using sbtest2_pkey on sbtest2  (cost=0.43..48.53 rows=10 width=490)
	        Index Cond: (id = ANY ('{1280991,8599746,9020944,7520513,9682803,4437728,1086080,9547218,7068969,7534924}'::integer[]))

table 3 : explain UPDATE sbtest3 set c=7 WHERE id IN ( 1280991, 8599746, 9020944, 7520513, 9682803, 4437728, 1086080, 9547218, 7068969, 7534924)
	Update on sbtest3  (cost=0.43..48.53 rows=0 width=0)
	  ->  Index Scan using sbtest3_pkey on sbtest3  (cost=0.43..48.53 rows=10 width=490)
	        Index Cond: (id = ANY ('{1280991,8599746,9020944,7520513,9682803,4437728,1086080,9547218,7068969,7534924}'::integer[]))

table 4 : explain UPDATE sbtest4 set c=7 WHERE id IN ( 1280991, 8599746, 9020944, 7520513, 9682803, 4437728, 1086080, 9547218, 7068969, 7534924)
	Update on sbtest4  (cost=0.43..48.53 rows=0 width=0)
	  ->  Index Scan using sbtest4_pkey on sbtest4  (cost=0.43..48.53 rows=10 width=490)
	        Index Cond: (id = ANY ('{1280991,8599746,9020944,7520513,9682803,4437728,1086080,9547218,7068969,7534924}'::integer[]))

table 5 : explain UPDATE sbtest5 set c=7 WHERE id IN ( 1280991, 8599746, 9020944, 7520513, 9682803, 4437728, 1086080, 9547218, 7068969, 7534924)
	Update on sbtest5  (cost=0.43..48.53 rows=0 width=0)
	  ->  Index Scan using sbtest5_pkey on sbtest5  (cost=0.43..48.53 rows=10 width=490)
	        Index Cond: (id = ANY ('{1280991,8599746,9020944,7520513,9682803,4437728,1086080,9547218,7068969,7534924}'::integer[]))

table 6 : explain UPDATE sbtest6 set c=7 WHERE id IN ( 1280991, 8599746, 9020944, 7520513, 9682803, 4437728, 1086080, 9547218, 7068969, 7534924)
	Update on sbtest6  (cost=0.43..48.53 rows=0 width=0)
	  ->  Index Scan using sbtest6_pkey on sbtest6  (cost=0.43..48.53 rows=10 width=490)
	        Index Cond: (id = ANY ('{1280991,8599746,9020944,7520513,9682803,4437728,1086080,9547218,7068969,7534924}'::integer[]))

table 7 : explain UPDATE sbtest7 set c=7 WHERE id IN ( 1280991, 8599746, 9020944, 7520513, 9682803, 4437728, 1086080, 9547218, 7068969, 7534924)
	Update on sbtest7  (cost=0.43..48.53 rows=0 width=0)
	  ->  Index Scan using sbtest7_pkey on sbtest7  (cost=0.43..48.53 rows=10 width=490)
	        Index Cond: (id = ANY ('{1280991,8599746,9020944,7520513,9682803,4437728,1086080,9547218,7068969,7534924}'::integer[]))

table 8 : explain UPDATE sbtest8 set c=7 WHERE id IN ( 1280991, 8599746, 9020944, 7520513, 9682803, 4437728, 1086080, 9547218, 7068969, 7534924)
	Update on sbtest8  (cost=0.43..48.53 rows=0 width=0)
	  ->  Index Scan using sbtest8_pkey on sbtest8  (cost=0.43..48.53 rows=10 width=490)
	        Index Cond: (id = ANY ('{1280991,8599746,9020944,7520513,9682803,4437728,1086080,9547218,7068969,7534924}'::integer[]))

for update-inlist
table 1 : explain UPDATE sbtest1 set c=7 WHERE id IN ( 1544644, 1975991, 5455920, 1524647, 6909929, 8258606, 2150853, 8196313, 6218285, 6075374)
	Update on sbtest1  (cost=0.43..48.53 rows=0 width=0)
	  ->  Index Scan using sbtest1_pkey on sbtest1  (cost=0.43..48.53 rows=10 width=490)
	        Index Cond: (id = ANY ('{1544644,1975991,5455920,1524647,6909929,8258606,2150853,8196313,6218285,6075374}'::integer[]))

table 2 : explain UPDATE sbtest2 set c=7 WHERE id IN ( 1544644, 1975991, 5455920, 1524647, 6909929, 8258606, 2150853, 8196313, 6218285, 6075374)
	Update on sbtest2  (cost=0.43..48.53 rows=0 width=0)
	  ->  Index Scan using sbtest2_pkey on sbtest2  (cost=0.43..48.53 rows=10 width=490)
	        Index Cond: (id = ANY ('{1544644,1975991,5455920,1524647,6909929,8258606,2150853,8196313,6218285,6075374}'::integer[]))

table 3 : explain UPDATE sbtest3 set c=7 WHERE id IN ( 1544644, 1975991, 5455920, 1524647, 6909929, 8258606, 2150853, 8196313, 6218285, 6075374)
	Update on sbtest3  (cost=0.43..48.53 rows=0 width=0)
	  ->  Index Scan using sbtest3_pkey on sbtest3  (cost=0.43..48.53 rows=10 width=490)
	        Index Cond: (id = ANY ('{1544644,1975991,5455920,1524647,6909929,8258606,2150853,8196313,6218285,6075374}'::integer[]))

table 4 : explain UPDATE sbtest4 set c=7 WHERE id IN ( 1544644, 1975991, 5455920, 1524647, 6909929, 8258606, 2150853, 8196313, 6218285, 6075374)
	Update on sbtest4  (cost=0.43..48.53 rows=0 width=0)
	  ->  Index Scan using sbtest4_pkey on sbtest4  (cost=0.43..48.53 rows=10 width=490)
	        Index Cond: (id = ANY ('{1544644,1975991,5455920,1524647,6909929,8258606,2150853,8196313,6218285,6075374}'::integer[]))

table 5 : explain UPDATE sbtest5 set c=7 WHERE id IN ( 1544644, 1975991, 5455920, 1524647, 6909929, 8258606, 2150853, 8196313, 6218285, 6075374)
	Update on sbtest5  (cost=0.43..48.53 rows=0 width=0)
	  ->  Index Scan using sbtest5_pkey on sbtest5  (cost=0.43..48.53 rows=10 width=490)
	        Index Cond: (id = ANY ('{1544644,1975991,5455920,1524647,6909929,8258606,2150853,8196313,6218285,6075374}'::integer[]))

table 6 : explain UPDATE sbtest6 set c=7 WHERE id IN ( 1544644, 1975991, 5455920, 1524647, 6909929, 8258606, 2150853, 8196313, 6218285, 6075374)
	Update on sbtest6  (cost=0.43..48.53 rows=0 width=0)
	  ->  Index Scan using sbtest6_pkey on sbtest6  (cost=0.43..48.53 rows=10 width=490)
	        Index Cond: (id = ANY ('{1544644,1975991,5455920,1524647,6909929,8258606,2150853,8196313,6218285,6075374}'::integer[]))

table 7 : explain UPDATE sbtest7 set c=7 WHERE id IN ( 1544644, 1975991, 5455920, 1524647, 6909929, 8258606, 2150853, 8196313, 6218285, 6075374)
	Update on sbtest7  (cost=0.43..48.53 rows=0 width=0)
	  ->  Index Scan using sbtest7_pkey on sbtest7  (cost=0.43..48.53 rows=10 width=490)
	        Index Cond: (id = ANY ('{1544644,1975991,5455920,1524647,6909929,8258606,2150853,8196313,6218285,6075374}'::integer[]))

table 8 : explain UPDATE sbtest8 set c=7 WHERE id IN ( 1544644, 1975991, 5455920, 1524647, 6909929, 8258606, 2150853, 8196313, 6218285, 6075374)
	Update on sbtest8  (cost=0.43..48.53 rows=0 width=0)
	  ->  Index Scan using sbtest8_pkey on sbtest8  (cost=0.43..48.53 rows=10 width=490)
	        Index Cond: (id = ANY ('{1544644,1975991,5455920,1524647,6909929,8258606,2150853,8196313,6218285,6075374}'::integer[]))

explain: for update-inlist :: explain UPDATE sbtest%d set c=7 WHERE id IN ( 6581830, 9226949, 9605301, 4079176, 3156935, 3916804, 76920, 6273108, 8877008, 7392426)
explain: for update-inlist :: explain UPDATE sbtest%d set c=7 WHERE id IN ( 7171960, 5237260, 7587570, 971896, 6398963, 1969112, 2179132, 6982589, 7844104, 1681430)
for update-inlist
table 1 : explain UPDATE sbtest1 set c=7 WHERE id IN ( 7455806, 2299894, 3381053, 7600214, 5471444, 2530894, 8629733, 3060940, 3786121, 8770141)
	Update on sbtest1  (cost=0.43..48.53 rows=0 width=0)
	  ->  Index Scan using sbtest1_pkey on sbtest1  (cost=0.43..48.53 rows=10 width=490)
	        Index Cond: (id = ANY ('{7455806,2299894,3381053,7600214,5471444,2530894,8629733,3060940,3786121,8770141}'::integer[]))

table 2 : explain UPDATE sbtest2 set c=7 WHERE id IN ( 7455806, 2299894, 3381053, 7600214, 5471444, 2530894, 8629733, 3060940, 3786121, 8770141)
	Update on sbtest2  (cost=0.43..48.53 rows=0 width=0)
	  ->  Index Scan using sbtest2_pkey on sbtest2  (cost=0.43..48.53 rows=10 width=490)
	        Index Cond: (id = ANY ('{7455806,2299894,3381053,7600214,5471444,2530894,8629733,3060940,3786121,8770141}'::integer[]))

table 3 : explain UPDATE sbtest3 set c=7 WHERE id IN ( 7455806, 2299894, 3381053, 7600214, 5471444, 2530894, 8629733, 3060940, 3786121, 8770141)
	Update on sbtest3  (cost=0.43..48.53 rows=0 width=0)
	  ->  Index Scan using sbtest3_pkey on sbtest3  (cost=0.43..48.53 rows=10 width=490)
	        Index Cond: (id = ANY ('{7455806,2299894,3381053,7600214,5471444,2530894,8629733,3060940,3786121,8770141}'::integer[]))

table 4 : explain UPDATE sbtest4 set c=7 WHERE id IN ( 7455806, 2299894, 3381053, 7600214, 5471444, 2530894, 8629733, 3060940, 3786121, 8770141)
	Update on sbtest4  (cost=0.43..48.53 rows=0 width=0)
	  ->  Index Scan using sbtest4_pkey on sbtest4  (cost=0.43..48.53 rows=10 width=490)
	        Index Cond: (id = ANY ('{7455806,2299894,3381053,7600214,5471444,2530894,8629733,3060940,3786121,8770141}'::integer[]))

table 5 : explain UPDATE sbtest5 set c=7 WHERE id IN ( 7455806, 2299894, 3381053, 7600214, 5471444, 2530894, 8629733, 3060940, 3786121, 8770141)
	Update on sbtest5  (cost=0.43..48.53 rows=0 width=0)
	  ->  Index Scan using sbtest5_pkey on sbtest5  (cost=0.43..48.53 rows=10 width=490)
	        Index Cond: (id = ANY ('{7455806,2299894,3381053,7600214,5471444,2530894,8629733,3060940,3786121,8770141}'::integer[]))

table 6 : explain UPDATE sbtest6 set c=7 WHERE id IN ( 7455806, 2299894, 3381053, 7600214, 5471444, 2530894, 8629733, 3060940, 3786121, 8770141)
	Update on sbtest6  (cost=0.43..48.53 rows=0 width=0)
	  ->  Index Scan using sbtest6_pkey on sbtest6  (cost=0.43..48.53 rows=10 width=490)
	        Index Cond: (id = ANY ('{7455806,2299894,3381053,7600214,5471444,2530894,8629733,3060940,3786121,8770141}'::integer[]))

table 7 : explain UPDATE sbtest7 set c=7 WHERE id IN ( 7455806, 2299894, 3381053, 7600214, 5471444, 2530894, 8629733, 3060940, 3786121, 8770141)
	Update on sbtest7  (cost=0.43..48.53 rows=0 width=0)
	  ->  Index Scan using sbtest7_pkey on sbtest7  (cost=0.43..48.53 rows=10 width=490)
	        Index Cond: (id = ANY ('{7455806,2299894,3381053,7600214,5471444,2530894,8629733,3060940,3786121,8770141}'::integer[]))

table 8 : explain UPDATE sbtest8 set c=7 WHERE id IN ( 7455806, 2299894, 3381053, 7600214, 5471444, 2530894, 8629733, 3060940, 3786121, 8770141)
	Update on sbtest8  (cost=0.43..48.53 rows=0 width=0)
	  ->  Index Scan using sbtest8_pkey on sbtest8  (cost=0.43..48.53 rows=10 width=490)
	        Index Cond: (id = ANY ('{7455806,2299894,3381053,7600214,5471444,2530894,8629733,3060940,3786121,8770141}'::integer[]))

for update-inlist
table 1 : explain UPDATE sbtest1 set c=7 WHERE id IN ( 2801256, 748646, 6715204, 6277134, 5253654, 1105529, 5459456, 1227918, 5981954, 1225768)
	Update on sbtest1  (cost=0.43..48.53 rows=0 width=0)
	  ->  Index Scan using sbtest1_pkey on sbtest1  (cost=0.43..48.53 rows=10 width=490)
	        Index Cond: (id = ANY ('{2801256,748646,6715204,6277134,5253654,1105529,5459456,1227918,5981954,1225768}'::integer[]))

table 2 : explain UPDATE sbtest2 set c=7 WHERE id IN ( 2801256, 748646, 6715204, 6277134, 5253654, 1105529, 5459456, 1227918, 5981954, 1225768)
	Update on sbtest2  (cost=0.43..48.53 rows=0 width=0)
	  ->  Index Scan using sbtest2_pkey on sbtest2  (cost=0.43..48.53 rows=10 width=490)
	        Index Cond: (id = ANY ('{2801256,748646,6715204,6277134,5253654,1105529,5459456,1227918,5981954,1225768}'::integer[]))

table 3 : explain UPDATE sbtest3 set c=7 WHERE id IN ( 2801256, 748646, 6715204, 6277134, 5253654, 1105529, 5459456, 1227918, 5981954, 1225768)
	Update on sbtest3  (cost=0.43..48.53 rows=0 width=0)
	  ->  Index Scan using sbtest3_pkey on sbtest3  (cost=0.43..48.53 rows=10 width=490)
	        Index Cond: (id = ANY ('{2801256,748646,6715204,6277134,5253654,1105529,5459456,1227918,5981954,1225768}'::integer[]))

table 4 : explain UPDATE sbtest4 set c=7 WHERE id IN ( 2801256, 748646, 6715204, 6277134, 5253654, 1105529, 5459456, 1227918, 5981954, 1225768)
	Update on sbtest4  (cost=0.43..48.53 rows=0 width=0)
	  ->  Index Scan using sbtest4_pkey on sbtest4  (cost=0.43..48.53 rows=10 width=490)
	        Index Cond: (id = ANY ('{2801256,748646,6715204,6277134,5253654,1105529,5459456,1227918,5981954,1225768}'::integer[]))

table 5 : explain UPDATE sbtest5 set c=7 WHERE id IN ( 2801256, 748646, 6715204, 6277134, 5253654, 1105529, 5459456, 1227918, 5981954, 1225768)
	Update on sbtest5  (cost=0.43..48.53 rows=0 width=0)
	  ->  Index Scan using sbtest5_pkey on sbtest5  (cost=0.43..48.53 rows=10 width=490)
	        Index Cond: (id = ANY ('{2801256,748646,6715204,6277134,5253654,1105529,5459456,1227918,5981954,1225768}'::integer[]))

table 6 : explain UPDATE sbtest6 set c=7 WHERE id IN ( 2801256, 748646, 6715204, 6277134, 5253654, 1105529, 5459456, 1227918, 5981954, 1225768)
	Update on sbtest6  (cost=0.43..48.53 rows=0 width=0)
	  ->  Index Scan using sbtest6_pkey on sbtest6  (cost=0.43..48.53 rows=10 width=490)
	        Index Cond: (id = ANY ('{2801256,748646,6715204,6277134,5253654,1105529,5459456,1227918,5981954,1225768}'::integer[]))

table 7 : explain UPDATE sbtest7 set c=7 WHERE id IN ( 2801256, 748646, 6715204, 6277134, 5253654, 1105529, 5459456, 1227918, 5981954, 1225768)
	Update on sbtest7  (cost=0.43..48.53 rows=0 width=0)
	  ->  Index Scan using sbtest7_pkey on sbtest7  (cost=0.43..48.53 rows=10 width=490)
	        Index Cond: (id = ANY ('{2801256,748646,6715204,6277134,5253654,1105529,5459456,1227918,5981954,1225768}'::integer[]))

table 8 : explain UPDATE sbtest8 set c=7 WHERE id IN ( 2801256, 748646, 6715204, 6277134, 5253654, 1105529, 5459456, 1227918, 5981954, 1225768)
	Update on sbtest8  (cost=0.43..48.53 rows=0 width=0)
	  ->  Index Scan using sbtest8_pkey on sbtest8  (cost=0.43..48.53 rows=10 width=490)
	        Index Cond: (id = ANY ('{2801256,748646,6715204,6277134,5253654,1105529,5459456,1227918,5981954,1225768}'::integer[]))

for update-inlist
table 1 : explain UPDATE sbtest1 set c=7 WHERE id IN ( 3067502, 8489479, 5957212, 9496778, 5336207, 6091324, 2964448, 5733468, 2819686, 9101783)
	Update on sbtest1  (cost=0.43..48.53 rows=0 width=0)
	  ->  Index Scan using sbtest1_pkey on sbtest1  (cost=0.43..48.53 rows=10 width=490)
	        Index Cond: (id = ANY ('{3067502,8489479,5957212,9496778,5336207,6091324,2964448,5733468,2819686,9101783}'::integer[]))

table 2 : explain UPDATE sbtest2 set c=7 WHERE id IN ( 3067502, 8489479, 5957212, 9496778, 5336207, 6091324, 2964448, 5733468, 2819686, 9101783)
	Update on sbtest2  (cost=0.43..48.53 rows=0 width=0)
	  ->  Index Scan using sbtest2_pkey on sbtest2  (cost=0.43..48.53 rows=10 width=490)
	        Index Cond: (id = ANY ('{3067502,8489479,5957212,9496778,5336207,6091324,2964448,5733468,2819686,9101783}'::integer[]))

table 3 : explain UPDATE sbtest3 set c=7 WHERE id IN ( 3067502, 8489479, 5957212, 9496778, 5336207, 6091324, 2964448, 5733468, 2819686, 9101783)
	Update on sbtest3  (cost=0.43..48.53 rows=0 width=0)
	  ->  Index Scan using sbtest3_pkey on sbtest3  (cost=0.43..48.53 rows=10 width=490)
	        Index Cond: (id = ANY ('{3067502,8489479,5957212,9496778,5336207,6091324,2964448,5733468,2819686,9101783}'::integer[]))

table 4 : explain UPDATE sbtest4 set c=7 WHERE id IN ( 3067502, 8489479, 5957212, 9496778, 5336207, 6091324, 2964448, 5733468, 2819686, 9101783)
	Update on sbtest4  (cost=0.43..48.53 rows=0 width=0)
	  ->  Index Scan using sbtest4_pkey on sbtest4  (cost=0.43..48.53 rows=10 width=490)
	        Index Cond: (id = ANY ('{3067502,8489479,5957212,9496778,5336207,6091324,2964448,5733468,2819686,9101783}'::integer[]))

table 5 : explain UPDATE sbtest5 set c=7 WHERE id IN ( 3067502, 8489479, 5957212, 9496778, 5336207, 6091324, 2964448, 5733468, 2819686, 9101783)
	Update on sbtest5  (cost=0.43..48.53 rows=0 width=0)
	  ->  Index Scan using sbtest5_pkey on sbtest5  (cost=0.43..48.53 rows=10 width=490)
	        Index Cond: (id = ANY ('{3067502,8489479,5957212,9496778,5336207,6091324,2964448,5733468,2819686,9101783}'::integer[]))

table 6 : explain UPDATE sbtest6 set c=7 WHERE id IN ( 3067502, 8489479, 5957212, 9496778, 5336207, 6091324, 2964448, 5733468, 2819686, 9101783)
	Update on sbtest6  (cost=0.43..48.53 rows=0 width=0)
	  ->  Index Scan using sbtest6_pkey on sbtest6  (cost=0.43..48.53 rows=10 width=490)
	        Index Cond: (id = ANY ('{3067502,8489479,5957212,9496778,5336207,6091324,2964448,5733468,2819686,9101783}'::integer[]))

table 7 : explain UPDATE sbtest7 set c=7 WHERE id IN ( 3067502, 8489479, 5957212, 9496778, 5336207, 6091324, 2964448, 5733468, 2819686, 9101783)
	Update on sbtest7  (cost=0.43..48.53 rows=0 width=0)
	  ->  Index Scan using sbtest7_pkey on sbtest7  (cost=0.43..48.53 rows=10 width=490)
	        Index Cond: (id = ANY ('{3067502,8489479,5957212,9496778,5336207,6091324,2964448,5733468,2819686,9101783}'::integer[]))

table 8 : explain UPDATE sbtest8 set c=7 WHERE id IN ( 3067502, 8489479, 5957212, 9496778, 5336207, 6091324, 2964448, 5733468, 2819686, 9101783)
	Update on sbtest8  (cost=0.43..48.53 rows=0 width=0)
	  ->  Index Scan using sbtest8_pkey on sbtest8  (cost=0.43..48.53 rows=10 width=490)
	        Index Cond: (id = ANY ('{3067502,8489479,5957212,9496778,5336207,6091324,2964448,5733468,2819686,9101783}'::integer[]))

explain: for update-inlist :: explain UPDATE sbtest%d set c=7 WHERE id IN ( 5715981, 6221169, 1449386, 7416280, 2843848, 7160728, 9301510, 911453, 686065, 5418302)
explain: for update-inlist :: explain UPDATE sbtest%d set c=7 WHERE id IN ( 896249, 6411738, 3300172, 8453136, 5155772, 6536597, 8780089, 9807269, 7525743, 8895516)
explain: for update-inlist :: explain UPDATE sbtest%d set c=7 WHERE id IN ( 5208088, 1567496, 6297404, 9435831, 6743893, 8874526, 6691825, 7722776, 7438656, 4459373)
explain: for update-inlist :: explain UPDATE sbtest%d set c=7 WHERE id IN ( 4898104, 5961167, 2414399, 4627542, 2826390, 9649686, 8372376, 9921687, 7695649, 202036)
explain: for update-inlist :: explain UPDATE sbtest%d set c=7 WHERE id IN ( 5804149, 9272316, 5993892, 9299486, 6074431, 8008636, 5786213, 2843072, 8091769, 8477196)
for update-inlist
table 1 : explain UPDATE sbtest1 set c=7 WHERE id IN ( 7171960, 5237260, 7587570, 971896, 6398963, 1969112, 2179132, 6982589, 7844104, 1681430)
	Update on sbtest1  (cost=0.43..48.53 rows=0 width=0)
	  ->  Index Scan using sbtest1_pkey on sbtest1  (cost=0.43..48.53 rows=10 width=490)
	        Index Cond: (id = ANY ('{7171960,5237260,7587570,971896,6398963,1969112,2179132,6982589,7844104,1681430}'::integer[]))

table 2 : explain UPDATE sbtest2 set c=7 WHERE id IN ( 7171960, 5237260, 7587570, 971896, 6398963, 1969112, 2179132, 6982589, 7844104, 1681430)
	Update on sbtest2  (cost=0.43..48.53 rows=0 width=0)
	  ->  Index Scan using sbtest2_pkey on sbtest2  (cost=0.43..48.53 rows=10 width=490)
	        Index Cond: (id = ANY ('{7171960,5237260,7587570,971896,6398963,1969112,2179132,6982589,7844104,1681430}'::integer[]))

table 3 : explain UPDATE sbtest3 set c=7 WHERE id IN ( 7171960, 5237260, 7587570, 971896, 6398963, 1969112, 2179132, 6982589, 7844104, 1681430)
	Update on sbtest3  (cost=0.43..48.53 rows=0 width=0)
	  ->  Index Scan using sbtest3_pkey on sbtest3  (cost=0.43..48.53 rows=10 width=490)
	        Index Cond: (id = ANY ('{7171960,5237260,7587570,971896,6398963,1969112,2179132,6982589,7844104,1681430}'::integer[]))

table 4 : explain UPDATE sbtest4 set c=7 WHERE id IN ( 7171960, 5237260, 7587570, 971896, 6398963, 1969112, 2179132, 6982589, 7844104, 1681430)
	Update on sbtest4  (cost=0.43..48.53 rows=0 width=0)
	  ->  Index Scan using sbtest4_pkey on sbtest4  (cost=0.43..48.53 rows=10 width=490)
	        Index Cond: (id = ANY ('{7171960,5237260,7587570,971896,6398963,1969112,2179132,6982589,7844104,1681430}'::integer[]))

table 5 : explain UPDATE sbtest5 set c=7 WHERE id IN ( 7171960, 5237260, 7587570, 971896, 6398963, 1969112, 2179132, 6982589, 7844104, 1681430)
	Update on sbtest5  (cost=0.43..48.53 rows=0 width=0)
	  ->  Index Scan using sbtest5_pkey on sbtest5  (cost=0.43..48.53 rows=10 width=490)
	        Index Cond: (id = ANY ('{7171960,5237260,7587570,971896,6398963,1969112,2179132,6982589,7844104,1681430}'::integer[]))

table 6 : explain UPDATE sbtest6 set c=7 WHERE id IN ( 7171960, 5237260, 7587570, 971896, 6398963, 1969112, 2179132, 6982589, 7844104, 1681430)
	Update on sbtest6  (cost=0.43..48.53 rows=0 width=0)
	  ->  Index Scan using sbtest6_pkey on sbtest6  (cost=0.43..48.53 rows=10 width=490)
	        Index Cond: (id = ANY ('{7171960,5237260,7587570,971896,6398963,1969112,2179132,6982589,7844104,1681430}'::integer[]))

table 7 : explain UPDATE sbtest7 set c=7 WHERE id IN ( 7171960, 5237260, 7587570, 971896, 6398963, 1969112, 2179132, 6982589, 7844104, 1681430)
	Update on sbtest7  (cost=0.43..48.53 rows=0 width=0)
	  ->  Index Scan using sbtest7_pkey on sbtest7  (cost=0.43..48.53 rows=10 width=490)
	        Index Cond: (id = ANY ('{7171960,5237260,7587570,971896,6398963,1969112,2179132,6982589,7844104,1681430}'::integer[]))

table 8 : explain UPDATE sbtest8 set c=7 WHERE id IN ( 7171960, 5237260, 7587570, 971896, 6398963, 1969112, 2179132, 6982589, 7844104, 1681430)
	Update on sbtest8  (cost=0.43..48.53 rows=0 width=0)
	  ->  Index Scan using sbtest8_pkey on sbtest8  (cost=0.43..48.53 rows=10 width=490)
	        Index Cond: (id = ANY ('{7171960,5237260,7587570,971896,6398963,1969112,2179132,6982589,7844104,1681430}'::integer[]))

explain: for update-inlist :: explain UPDATE sbtest%d set c=7 WHERE id IN ( 6602638, 9404288, 7542252, 337930, 8582302, 1053069, 4122307, 8959933, 9419259, 6074261)
for update-inlist
table 1 : explain UPDATE sbtest1 set c=7 WHERE id IN ( 5715981, 6221169, 1449386, 7416280, 2843848, 7160728, 9301510, 911453, 686065, 5418302)
	Update on sbtest1  (cost=0.43..48.53 rows=0 width=0)
	  ->  Index Scan using sbtest1_pkey on sbtest1  (cost=0.43..48.53 rows=10 width=490)
	        Index Cond: (id = ANY ('{5715981,6221169,1449386,7416280,2843848,7160728,9301510,911453,686065,5418302}'::integer[]))

table 2 : explain UPDATE sbtest2 set c=7 WHERE id IN ( 5715981, 6221169, 1449386, 7416280, 2843848, 7160728, 9301510, 911453, 686065, 5418302)
	Update on sbtest2  (cost=0.43..48.53 rows=0 width=0)
	  ->  Index Scan using sbtest2_pkey on sbtest2  (cost=0.43..48.53 rows=10 width=490)
	        Index Cond: (id = ANY ('{5715981,6221169,1449386,7416280,2843848,7160728,9301510,911453,686065,5418302}'::integer[]))

table 3 : explain UPDATE sbtest3 set c=7 WHERE id IN ( 5715981, 6221169, 1449386, 7416280, 2843848, 7160728, 9301510, 911453, 686065, 5418302)
	Update on sbtest3  (cost=0.43..48.53 rows=0 width=0)
	  ->  Index Scan using sbtest3_pkey on sbtest3  (cost=0.43..48.53 rows=10 width=490)
	        Index Cond: (id = ANY ('{5715981,6221169,1449386,7416280,2843848,7160728,9301510,911453,686065,5418302}'::integer[]))

table 4 : explain UPDATE sbtest4 set c=7 WHERE id IN ( 5715981, 6221169, 1449386, 7416280, 2843848, 7160728, 9301510, 911453, 686065, 5418302)
	Update on sbtest4  (cost=0.43..48.53 rows=0 width=0)
	  ->  Index Scan using sbtest4_pkey on sbtest4  (cost=0.43..48.53 rows=10 width=490)
	        Index Cond: (id = ANY ('{5715981,6221169,1449386,7416280,2843848,7160728,9301510,911453,686065,5418302}'::integer[]))

table 5 : explain UPDATE sbtest5 set c=7 WHERE id IN ( 5715981, 6221169, 1449386, 7416280, 2843848, 7160728, 9301510, 911453, 686065, 5418302)
	Update on sbtest5  (cost=0.43..48.53 rows=0 width=0)
	  ->  Index Scan using sbtest5_pkey on sbtest5  (cost=0.43..48.53 rows=10 width=490)
	        Index Cond: (id = ANY ('{5715981,6221169,1449386,7416280,2843848,7160728,9301510,911453,686065,5418302}'::integer[]))

table 6 : explain UPDATE sbtest6 set c=7 WHERE id IN ( 5715981, 6221169, 1449386, 7416280, 2843848, 7160728, 9301510, 911453, 686065, 5418302)
	Update on sbtest6  (cost=0.43..48.53 rows=0 width=0)
	  ->  Index Scan using sbtest6_pkey on sbtest6  (cost=0.43..48.53 rows=10 width=490)
	        Index Cond: (id = ANY ('{5715981,6221169,1449386,7416280,2843848,7160728,9301510,911453,686065,5418302}'::integer[]))

table 7 : explain UPDATE sbtest7 set c=7 WHERE id IN ( 5715981, 6221169, 1449386, 7416280, 2843848, 7160728, 9301510, 911453, 686065, 5418302)
	Update on sbtest7  (cost=0.43..48.53 rows=0 width=0)
	  ->  Index Scan using sbtest7_pkey on sbtest7  (cost=0.43..48.53 rows=10 width=490)
	        Index Cond: (id = ANY ('{5715981,6221169,1449386,7416280,2843848,7160728,9301510,911453,686065,5418302}'::integer[]))

table 8 : explain UPDATE sbtest8 set c=7 WHERE id IN ( 5715981, 6221169, 1449386, 7416280, 2843848, 7160728, 9301510, 911453, 686065, 5418302)
	Update on sbtest8  (cost=0.43..48.53 rows=0 width=0)
	  ->  Index Scan using sbtest8_pkey on sbtest8  (cost=0.43..48.53 rows=10 width=490)
	        Index Cond: (id = ANY ('{5715981,6221169,1449386,7416280,2843848,7160728,9301510,911453,686065,5418302}'::integer[]))

for update-inlist
table 1 : explain UPDATE sbtest1 set c=7 WHERE id IN ( 896249, 6411738, 3300172, 8453136, 5155772, 6536597, 8780089, 9807269, 7525743, 8895516)
	Update on sbtest1  (cost=0.43..48.53 rows=0 width=0)
	  ->  Index Scan using sbtest1_pkey on sbtest1  (cost=0.43..48.53 rows=10 width=490)
	        Index Cond: (id = ANY ('{896249,6411738,3300172,8453136,5155772,6536597,8780089,9807269,7525743,8895516}'::integer[]))

table 2 : explain UPDATE sbtest2 set c=7 WHERE id IN ( 896249, 6411738, 3300172, 8453136, 5155772, 6536597, 8780089, 9807269, 7525743, 8895516)
	Update on sbtest2  (cost=0.43..48.53 rows=0 width=0)
	  ->  Index Scan using sbtest2_pkey on sbtest2  (cost=0.43..48.53 rows=10 width=490)
	        Index Cond: (id = ANY ('{896249,6411738,3300172,8453136,5155772,6536597,8780089,9807269,7525743,8895516}'::integer[]))

table 3 : explain UPDATE sbtest3 set c=7 WHERE id IN ( 896249, 6411738, 3300172, 8453136, 5155772, 6536597, 8780089, 9807269, 7525743, 8895516)
	Update on sbtest3  (cost=0.43..48.53 rows=0 width=0)
	  ->  Index Scan using sbtest3_pkey on sbtest3  (cost=0.43..48.53 rows=10 width=490)
	        Index Cond: (id = ANY ('{896249,6411738,3300172,8453136,5155772,6536597,8780089,9807269,7525743,8895516}'::integer[]))

table 4 : explain UPDATE sbtest4 set c=7 WHERE id IN ( 896249, 6411738, 3300172, 8453136, 5155772, 6536597, 8780089, 9807269, 7525743, 8895516)
	Update on sbtest4  (cost=0.43..48.53 rows=0 width=0)
	  ->  Index Scan using sbtest4_pkey on sbtest4  (cost=0.43..48.53 rows=10 width=490)
	        Index Cond: (id = ANY ('{896249,6411738,3300172,8453136,5155772,6536597,8780089,9807269,7525743,8895516}'::integer[]))

table 5 : explain UPDATE sbtest5 set c=7 WHERE id IN ( 896249, 6411738, 3300172, 8453136, 5155772, 6536597, 8780089, 9807269, 7525743, 8895516)
	Update on sbtest5  (cost=0.43..48.53 rows=0 width=0)
	  ->  Index Scan using sbtest5_pkey on sbtest5  (cost=0.43..48.53 rows=10 width=490)
	        Index Cond: (id = ANY ('{896249,6411738,3300172,8453136,5155772,6536597,8780089,9807269,7525743,8895516}'::integer[]))

table 6 : explain UPDATE sbtest6 set c=7 WHERE id IN ( 896249, 6411738, 3300172, 8453136, 5155772, 6536597, 8780089, 9807269, 7525743, 8895516)
	Update on sbtest6  (cost=0.43..48.53 rows=0 width=0)
	  ->  Index Scan using sbtest6_pkey on sbtest6  (cost=0.43..48.53 rows=10 width=490)
	        Index Cond: (id = ANY ('{896249,6411738,3300172,8453136,5155772,6536597,8780089,9807269,7525743,8895516}'::integer[]))

table 7 : explain UPDATE sbtest7 set c=7 WHERE id IN ( 896249, 6411738, 3300172, 8453136, 5155772, 6536597, 8780089, 9807269, 7525743, 8895516)
	Update on sbtest7  (cost=0.43..48.53 rows=0 width=0)
	  ->  Index Scan using sbtest7_pkey on sbtest7  (cost=0.43..48.53 rows=10 width=490)
	        Index Cond: (id = ANY ('{896249,6411738,3300172,8453136,5155772,6536597,8780089,9807269,7525743,8895516}'::integer[]))

table 8 : explain UPDATE sbtest8 set c=7 WHERE id IN ( 896249, 6411738, 3300172, 8453136, 5155772, 6536597, 8780089, 9807269, 7525743, 8895516)
	Update on sbtest8  (cost=0.43..48.53 rows=0 width=0)
	  ->  Index Scan using sbtest8_pkey on sbtest8  (cost=0.43..48.53 rows=10 width=490)
	        Index Cond: (id = ANY ('{896249,6411738,3300172,8453136,5155772,6536597,8780089,9807269,7525743,8895516}'::integer[]))

explain: for update-inlist :: explain UPDATE sbtest%d set c=7 WHERE id IN ( 8607896, 1340734, 1311781, 5521501, 8235409, 1858853, 5455502, 5809070, 8297625, 4148869)
for update-inlist
table 1 : explain UPDATE sbtest1 set c=7 WHERE id IN ( 5208088, 1567496, 6297404, 9435831, 6743893, 8874526, 6691825, 7722776, 7438656, 4459373)
	Update on sbtest1  (cost=0.43..48.53 rows=0 width=0)
	  ->  Index Scan using sbtest1_pkey on sbtest1  (cost=0.43..48.53 rows=10 width=490)
	        Index Cond: (id = ANY ('{5208088,1567496,6297404,9435831,6743893,8874526,6691825,7722776,7438656,4459373}'::integer[]))

table 2 : explain UPDATE sbtest2 set c=7 WHERE id IN ( 5208088, 1567496, 6297404, 9435831, 6743893, 8874526, 6691825, 7722776, 7438656, 4459373)
	Update on sbtest2  (cost=0.43..48.53 rows=0 width=0)
	  ->  Index Scan using sbtest2_pkey on sbtest2  (cost=0.43..48.53 rows=10 width=490)
	        Index Cond: (id = ANY ('{5208088,1567496,6297404,9435831,6743893,8874526,6691825,7722776,7438656,4459373}'::integer[]))

table 3 : explain UPDATE sbtest3 set c=7 WHERE id IN ( 5208088, 1567496, 6297404, 9435831, 6743893, 8874526, 6691825, 7722776, 7438656, 4459373)
	Update on sbtest3  (cost=0.43..48.53 rows=0 width=0)
	  ->  Index Scan using sbtest3_pkey on sbtest3  (cost=0.43..48.53 rows=10 width=490)
	        Index Cond: (id = ANY ('{5208088,1567496,6297404,9435831,6743893,8874526,6691825,7722776,7438656,4459373}'::integer[]))

table 4 : explain UPDATE sbtest4 set c=7 WHERE id IN ( 5208088, 1567496, 6297404, 9435831, 6743893, 8874526, 6691825, 7722776, 7438656, 4459373)
	Update on sbtest4  (cost=0.43..48.53 rows=0 width=0)
	  ->  Index Scan using sbtest4_pkey on sbtest4  (cost=0.43..48.53 rows=10 width=490)
	        Index Cond: (id = ANY ('{5208088,1567496,6297404,9435831,6743893,8874526,6691825,7722776,7438656,4459373}'::integer[]))

table 5 : explain UPDATE sbtest5 set c=7 WHERE id IN ( 5208088, 1567496, 6297404, 9435831, 6743893, 8874526, 6691825, 7722776, 7438656, 4459373)
	Update on sbtest5  (cost=0.43..48.53 rows=0 width=0)
	  ->  Index Scan using sbtest5_pkey on sbtest5  (cost=0.43..48.53 rows=10 width=490)
	        Index Cond: (id = ANY ('{5208088,1567496,6297404,9435831,6743893,8874526,6691825,7722776,7438656,4459373}'::integer[]))

table 6 : explain UPDATE sbtest6 set c=7 WHERE id IN ( 5208088, 1567496, 6297404, 9435831, 6743893, 8874526, 6691825, 7722776, 7438656, 4459373)
	Update on sbtest6  (cost=0.43..48.53 rows=0 width=0)
	  ->  Index Scan using sbtest6_pkey on sbtest6  (cost=0.43..48.53 rows=10 width=490)
	        Index Cond: (id = ANY ('{5208088,1567496,6297404,9435831,6743893,8874526,6691825,7722776,7438656,4459373}'::integer[]))

table 7 : explain UPDATE sbtest7 set c=7 WHERE id IN ( 5208088, 1567496, 6297404, 9435831, 6743893, 8874526, 6691825, 7722776, 7438656, 4459373)
	Update on sbtest7  (cost=0.43..48.53 rows=0 width=0)
	  ->  Index Scan using sbtest7_pkey on sbtest7  (cost=0.43..48.53 rows=10 width=490)
	        Index Cond: (id = ANY ('{5208088,1567496,6297404,9435831,6743893,8874526,6691825,7722776,7438656,4459373}'::integer[]))

table 8 : explain UPDATE sbtest8 set c=7 WHERE id IN ( 5208088, 1567496, 6297404, 9435831, 6743893, 8874526, 6691825, 7722776, 7438656, 4459373)
	Update on sbtest8  (cost=0.43..48.53 rows=0 width=0)
	  ->  Index Scan using sbtest8_pkey on sbtest8  (cost=0.43..48.53 rows=10 width=490)
	        Index Cond: (id = ANY ('{5208088,1567496,6297404,9435831,6743893,8874526,6691825,7722776,7438656,4459373}'::integer[]))

for update-inlist
table 1 : explain UPDATE sbtest1 set c=7 WHERE id IN ( 4898104, 5961167, 2414399, 4627542, 2826390, 9649686, 8372376, 9921687, 7695649, 202036)
	Update on sbtest1  (cost=0.43..48.53 rows=0 width=0)
	  ->  Index Scan using sbtest1_pkey on sbtest1  (cost=0.43..48.53 rows=10 width=490)
	        Index Cond: (id = ANY ('{4898104,5961167,2414399,4627542,2826390,9649686,8372376,9921687,7695649,202036}'::integer[]))

table 2 : explain UPDATE sbtest2 set c=7 WHERE id IN ( 4898104, 5961167, 2414399, 4627542, 2826390, 9649686, 8372376, 9921687, 7695649, 202036)
	Update on sbtest2  (cost=0.43..48.53 rows=0 width=0)
	  ->  Index Scan using sbtest2_pkey on sbtest2  (cost=0.43..48.53 rows=10 width=490)
	        Index Cond: (id = ANY ('{4898104,5961167,2414399,4627542,2826390,9649686,8372376,9921687,7695649,202036}'::integer[]))

table 3 : explain UPDATE sbtest3 set c=7 WHERE id IN ( 4898104, 5961167, 2414399, 4627542, 2826390, 9649686, 8372376, 9921687, 7695649, 202036)
	Update on sbtest3  (cost=0.43..48.53 rows=0 width=0)
	  ->  Index Scan using sbtest3_pkey on sbtest3  (cost=0.43..48.53 rows=10 width=490)
	        Index Cond: (id = ANY ('{4898104,5961167,2414399,4627542,2826390,9649686,8372376,9921687,7695649,202036}'::integer[]))

table 4 : explain UPDATE sbtest4 set c=7 WHERE id IN ( 4898104, 5961167, 2414399, 4627542, 2826390, 9649686, 8372376, 9921687, 7695649, 202036)
	Update on sbtest4  (cost=0.43..48.53 rows=0 width=0)
	  ->  Index Scan using sbtest4_pkey on sbtest4  (cost=0.43..48.53 rows=10 width=490)
	        Index Cond: (id = ANY ('{4898104,5961167,2414399,4627542,2826390,9649686,8372376,9921687,7695649,202036}'::integer[]))

table 5 : explain UPDATE sbtest5 set c=7 WHERE id IN ( 4898104, 5961167, 2414399, 4627542, 2826390, 9649686, 8372376, 9921687, 7695649, 202036)
	Update on sbtest5  (cost=0.43..48.53 rows=0 width=0)
	  ->  Index Scan using sbtest5_pkey on sbtest5  (cost=0.43..48.53 rows=10 width=490)
	        Index Cond: (id = ANY ('{4898104,5961167,2414399,4627542,2826390,9649686,8372376,9921687,7695649,202036}'::integer[]))

table 6 : explain UPDATE sbtest6 set c=7 WHERE id IN ( 4898104, 5961167, 2414399, 4627542, 2826390, 9649686, 8372376, 9921687, 7695649, 202036)
	Update on sbtest6  (cost=0.43..48.53 rows=0 width=0)
	  ->  Index Scan using sbtest6_pkey on sbtest6  (cost=0.43..48.53 rows=10 width=490)
	        Index Cond: (id = ANY ('{4898104,5961167,2414399,4627542,2826390,9649686,8372376,9921687,7695649,202036}'::integer[]))

table 7 : explain UPDATE sbtest7 set c=7 WHERE id IN ( 4898104, 5961167, 2414399, 4627542, 2826390, 9649686, 8372376, 9921687, 7695649, 202036)
	Update on sbtest7  (cost=0.43..48.53 rows=0 width=0)
	  ->  Index Scan using sbtest7_pkey on sbtest7  (cost=0.43..48.53 rows=10 width=490)
	        Index Cond: (id = ANY ('{4898104,5961167,2414399,4627542,2826390,9649686,8372376,9921687,7695649,202036}'::integer[]))

table 8 : explain UPDATE sbtest8 set c=7 WHERE id IN ( 4898104, 5961167, 2414399, 4627542, 2826390, 9649686, 8372376, 9921687, 7695649, 202036)
	Update on sbtest8  (cost=0.43..48.53 rows=0 width=0)
	  ->  Index Scan using sbtest8_pkey on sbtest8  (cost=0.43..48.53 rows=10 width=490)
	        Index Cond: (id = ANY ('{4898104,5961167,2414399,4627542,2826390,9649686,8372376,9921687,7695649,202036}'::integer[]))

for update-inlist
table 1 : explain UPDATE sbtest1 set c=7 WHERE id IN ( 5804149, 9272316, 5993892, 9299486, 6074431, 8008636, 5786213, 2843072, 8091769, 8477196)
	Update on sbtest1  (cost=0.43..48.53 rows=0 width=0)
	  ->  Index Scan using sbtest1_pkey on sbtest1  (cost=0.43..48.53 rows=10 width=490)
	        Index Cond: (id = ANY ('{5804149,9272316,5993892,9299486,6074431,8008636,5786213,2843072,8091769,8477196}'::integer[]))

table 2 : explain UPDATE sbtest2 set c=7 WHERE id IN ( 5804149, 9272316, 5993892, 9299486, 6074431, 8008636, 5786213, 2843072, 8091769, 8477196)
	Update on sbtest2  (cost=0.43..48.53 rows=0 width=0)
	  ->  Index Scan using sbtest2_pkey on sbtest2  (cost=0.43..48.53 rows=10 width=490)
	        Index Cond: (id = ANY ('{5804149,9272316,5993892,9299486,6074431,8008636,5786213,2843072,8091769,8477196}'::integer[]))

table 3 : explain UPDATE sbtest3 set c=7 WHERE id IN ( 5804149, 9272316, 5993892, 9299486, 6074431, 8008636, 5786213, 2843072, 8091769, 8477196)
	Update on sbtest3  (cost=0.43..48.53 rows=0 width=0)
	  ->  Index Scan using sbtest3_pkey on sbtest3  (cost=0.43..48.53 rows=10 width=490)
	        Index Cond: (id = ANY ('{5804149,9272316,5993892,9299486,6074431,8008636,5786213,2843072,8091769,8477196}'::integer[]))

table 4 : explain UPDATE sbtest4 set c=7 WHERE id IN ( 5804149, 9272316, 5993892, 9299486, 6074431, 8008636, 5786213, 2843072, 8091769, 8477196)
	Update on sbtest4  (cost=0.43..48.53 rows=0 width=0)
	  ->  Index Scan using sbtest4_pkey on sbtest4  (cost=0.43..48.53 rows=10 width=490)
	        Index Cond: (id = ANY ('{5804149,9272316,5993892,9299486,6074431,8008636,5786213,2843072,8091769,8477196}'::integer[]))

table 5 : explain UPDATE sbtest5 set c=7 WHERE id IN ( 5804149, 9272316, 5993892, 9299486, 6074431, 8008636, 5786213, 2843072, 8091769, 8477196)
	Update on sbtest5  (cost=0.43..48.53 rows=0 width=0)
	  ->  Index Scan using sbtest5_pkey on sbtest5  (cost=0.43..48.53 rows=10 width=490)
	        Index Cond: (id = ANY ('{5804149,9272316,5993892,9299486,6074431,8008636,5786213,2843072,8091769,8477196}'::integer[]))

table 6 : explain UPDATE sbtest6 set c=7 WHERE id IN ( 5804149, 9272316, 5993892, 9299486, 6074431, 8008636, 5786213, 2843072, 8091769, 8477196)
	Update on sbtest6  (cost=0.43..48.53 rows=0 width=0)
	  ->  Index Scan using sbtest6_pkey on sbtest6  (cost=0.43..48.53 rows=10 width=490)
	        Index Cond: (id = ANY ('{5804149,9272316,5993892,9299486,6074431,8008636,5786213,2843072,8091769,8477196}'::integer[]))

table 7 : explain UPDATE sbtest7 set c=7 WHERE id IN ( 5804149, 9272316, 5993892, 9299486, 6074431, 8008636, 5786213, 2843072, 8091769, 8477196)
	Update on sbtest7  (cost=0.43..48.53 rows=0 width=0)
	  ->  Index Scan using sbtest7_pkey on sbtest7  (cost=0.43..48.53 rows=10 width=490)
	        Index Cond: (id = ANY ('{5804149,9272316,5993892,9299486,6074431,8008636,5786213,2843072,8091769,8477196}'::integer[]))

table 8 : explain UPDATE sbtest8 set c=7 WHERE id IN ( 5804149, 9272316, 5993892, 9299486, 6074431, 8008636, 5786213, 2843072, 8091769, 8477196)
	Update on sbtest8  (cost=0.43..48.53 rows=0 width=0)
	  ->  Index Scan using sbtest8_pkey on sbtest8  (cost=0.43..48.53 rows=10 width=490)
	        Index Cond: (id = ANY ('{5804149,9272316,5993892,9299486,6074431,8008636,5786213,2843072,8091769,8477196}'::integer[]))

for update-inlist
table 1 : explain UPDATE sbtest1 set c=7 WHERE id IN ( 6602638, 9404288, 7542252, 337930, 8582302, 1053069, 4122307, 8959933, 9419259, 6074261)
	Update on sbtest1  (cost=0.43..48.53 rows=0 width=0)
	  ->  Index Scan using sbtest1_pkey on sbtest1  (cost=0.43..48.53 rows=10 width=490)
	        Index Cond: (id = ANY ('{6602638,9404288,7542252,337930,8582302,1053069,4122307,8959933,9419259,6074261}'::integer[]))

table 2 : explain UPDATE sbtest2 set c=7 WHERE id IN ( 6602638, 9404288, 7542252, 337930, 8582302, 1053069, 4122307, 8959933, 9419259, 6074261)
	Update on sbtest2  (cost=0.43..48.53 rows=0 width=0)
	  ->  Index Scan using sbtest2_pkey on sbtest2  (cost=0.43..48.53 rows=10 width=490)
	        Index Cond: (id = ANY ('{6602638,9404288,7542252,337930,8582302,1053069,4122307,8959933,9419259,6074261}'::integer[]))

table 3 : explain UPDATE sbtest3 set c=7 WHERE id IN ( 6602638, 9404288, 7542252, 337930, 8582302, 1053069, 4122307, 8959933, 9419259, 6074261)
	Update on sbtest3  (cost=0.43..48.53 rows=0 width=0)
	  ->  Index Scan using sbtest3_pkey on sbtest3  (cost=0.43..48.53 rows=10 width=490)
	        Index Cond: (id = ANY ('{6602638,9404288,7542252,337930,8582302,1053069,4122307,8959933,9419259,6074261}'::integer[]))

table 4 : explain UPDATE sbtest4 set c=7 WHERE id IN ( 6602638, 9404288, 7542252, 337930, 8582302, 1053069, 4122307, 8959933, 9419259, 6074261)
	Update on sbtest4  (cost=0.43..48.53 rows=0 width=0)
	  ->  Index Scan using sbtest4_pkey on sbtest4  (cost=0.43..48.53 rows=10 width=490)
	        Index Cond: (id = ANY ('{6602638,9404288,7542252,337930,8582302,1053069,4122307,8959933,9419259,6074261}'::integer[]))

table 5 : explain UPDATE sbtest5 set c=7 WHERE id IN ( 6602638, 9404288, 7542252, 337930, 8582302, 1053069, 4122307, 8959933, 9419259, 6074261)
	Update on sbtest5  (cost=0.43..48.53 rows=0 width=0)
	  ->  Index Scan using sbtest5_pkey on sbtest5  (cost=0.43..48.53 rows=10 width=490)
	        Index Cond: (id = ANY ('{6602638,9404288,7542252,337930,8582302,1053069,4122307,8959933,9419259,6074261}'::integer[]))

table 6 : explain UPDATE sbtest6 set c=7 WHERE id IN ( 6602638, 9404288, 7542252, 337930, 8582302, 1053069, 4122307, 8959933, 9419259, 6074261)
	Update on sbtest6  (cost=0.43..48.53 rows=0 width=0)
	  ->  Index Scan using sbtest6_pkey on sbtest6  (cost=0.43..48.53 rows=10 width=490)
	        Index Cond: (id = ANY ('{6602638,9404288,7542252,337930,8582302,1053069,4122307,8959933,9419259,6074261}'::integer[]))

table 7 : explain UPDATE sbtest7 set c=7 WHERE id IN ( 6602638, 9404288, 7542252, 337930, 8582302, 1053069, 4122307, 8959933, 9419259, 6074261)
	Update on sbtest7  (cost=0.43..48.53 rows=0 width=0)
	  ->  Index Scan using sbtest7_pkey on sbtest7  (cost=0.43..48.53 rows=10 width=490)
	        Index Cond: (id = ANY ('{6602638,9404288,7542252,337930,8582302,1053069,4122307,8959933,9419259,6074261}'::integer[]))

table 8 : explain UPDATE sbtest8 set c=7 WHERE id IN ( 6602638, 9404288, 7542252, 337930, 8582302, 1053069, 4122307, 8959933, 9419259, 6074261)
	Update on sbtest8  (cost=0.43..48.53 rows=0 width=0)
	  ->  Index Scan using sbtest8_pkey on sbtest8  (cost=0.43..48.53 rows=10 width=490)
	        Index Cond: (id = ANY ('{6602638,9404288,7542252,337930,8582302,1053069,4122307,8959933,9419259,6074261}'::integer[]))

explain: for update-inlist :: explain UPDATE sbtest%d set c=7 WHERE id IN ( 4658078, 1880696, 8660285, 7465136, 8824102, 9517968, 2277536, 2162245, 1735952, 9237332)
for update-inlist
table 1 : explain UPDATE sbtest1 set c=7 WHERE id IN ( 8607896, 1340734, 1311781, 5521501, 8235409, 1858853, 5455502, 5809070, 8297625, 4148869)
	Update on sbtest1  (cost=0.43..48.53 rows=0 width=0)
	  ->  Index Scan using sbtest1_pkey on sbtest1  (cost=0.43..48.53 rows=10 width=490)
	        Index Cond: (id = ANY ('{8607896,1340734,1311781,5521501,8235409,1858853,5455502,5809070,8297625,4148869}'::integer[]))

table 2 : explain UPDATE sbtest2 set c=7 WHERE id IN ( 8607896, 1340734, 1311781, 5521501, 8235409, 1858853, 5455502, 5809070, 8297625, 4148869)
	Update on sbtest2  (cost=0.43..48.53 rows=0 width=0)
	  ->  Index Scan using sbtest2_pkey on sbtest2  (cost=0.43..48.53 rows=10 width=490)
	        Index Cond: (id = ANY ('{8607896,1340734,1311781,5521501,8235409,1858853,5455502,5809070,8297625,4148869}'::integer[]))

table 3 : explain UPDATE sbtest3 set c=7 WHERE id IN ( 8607896, 1340734, 1311781, 5521501, 8235409, 1858853, 5455502, 5809070, 8297625, 4148869)
	Update on sbtest3  (cost=0.43..48.53 rows=0 width=0)
	  ->  Index Scan using sbtest3_pkey on sbtest3  (cost=0.43..48.53 rows=10 width=490)
	        Index Cond: (id = ANY ('{8607896,1340734,1311781,5521501,8235409,1858853,5455502,5809070,8297625,4148869}'::integer[]))

table 4 : explain UPDATE sbtest4 set c=7 WHERE id IN ( 8607896, 1340734, 1311781, 5521501, 8235409, 1858853, 5455502, 5809070, 8297625, 4148869)
	Update on sbtest4  (cost=0.43..48.53 rows=0 width=0)
	  ->  Index Scan using sbtest4_pkey on sbtest4  (cost=0.43..48.53 rows=10 width=490)
	        Index Cond: (id = ANY ('{8607896,1340734,1311781,5521501,8235409,1858853,5455502,5809070,8297625,4148869}'::integer[]))

table 5 : explain UPDATE sbtest5 set c=7 WHERE id IN ( 8607896, 1340734, 1311781, 5521501, 8235409, 1858853, 5455502, 5809070, 8297625, 4148869)
	Update on sbtest5  (cost=0.43..48.53 rows=0 width=0)
	  ->  Index Scan using sbtest5_pkey on sbtest5  (cost=0.43..48.53 rows=10 width=490)
	        Index Cond: (id = ANY ('{8607896,1340734,1311781,5521501,8235409,1858853,5455502,5809070,8297625,4148869}'::integer[]))

table 6 : explain UPDATE sbtest6 set c=7 WHERE id IN ( 8607896, 1340734, 1311781, 5521501, 8235409, 1858853, 5455502, 5809070, 8297625, 4148869)
	Update on sbtest6  (cost=0.43..48.53 rows=0 width=0)
	  ->  Index Scan using sbtest6_pkey on sbtest6  (cost=0.43..48.53 rows=10 width=490)
	        Index Cond: (id = ANY ('{8607896,1340734,1311781,5521501,8235409,1858853,5455502,5809070,8297625,4148869}'::integer[]))

table 7 : explain UPDATE sbtest7 set c=7 WHERE id IN ( 8607896, 1340734, 1311781, 5521501, 8235409, 1858853, 5455502, 5809070, 8297625, 4148869)
	Update on sbtest7  (cost=0.43..48.53 rows=0 width=0)
	  ->  Index Scan using sbtest7_pkey on sbtest7  (cost=0.43..48.53 rows=10 width=490)
	        Index Cond: (id = ANY ('{8607896,1340734,1311781,5521501,8235409,1858853,5455502,5809070,8297625,4148869}'::integer[]))

table 8 : explain UPDATE sbtest8 set c=7 WHERE id IN ( 8607896, 1340734, 1311781, 5521501, 8235409, 1858853, 5455502, 5809070, 8297625, 4148869)
	Update on sbtest8  (cost=0.43..48.53 rows=0 width=0)
	  ->  Index Scan using sbtest8_pkey on sbtest8  (cost=0.43..48.53 rows=10 width=490)
	        Index Cond: (id = ANY ('{8607896,1340734,1311781,5521501,8235409,1858853,5455502,5809070,8297625,4148869}'::integer[]))

explain: for update-inlist :: explain UPDATE sbtest%d set c=7 WHERE id IN ( 2013206, 2086564, 9292366, 9524144, 2429717, 6688445, 2926979, 3122028, 8401720, 5098603)
explain: for update-inlist :: explain UPDATE sbtest%d set c=7 WHERE id IN ( 2868726, 5345650, 9812980, 9570072, 4405310, 2253691, 5075247, 7146443, 771185, 1292663)
explain: for update-inlist :: explain UPDATE sbtest%d set c=7 WHERE id IN ( 3036117, 3893731, 9841085, 6367235, 4579614, 813185, 2452333, 7301944, 1565104, 5169387)
for update-inlist
table 1 : explain UPDATE sbtest1 set c=7 WHERE id IN ( 4658078, 1880696, 8660285, 7465136, 8824102, 9517968, 2277536, 2162245, 1735952, 9237332)
	Update on sbtest1  (cost=0.43..48.53 rows=0 width=0)
	  ->  Index Scan using sbtest1_pkey on sbtest1  (cost=0.43..48.53 rows=10 width=490)
	        Index Cond: (id = ANY ('{4658078,1880696,8660285,7465136,8824102,9517968,2277536,2162245,1735952,9237332}'::integer[]))

table 2 : explain UPDATE sbtest2 set c=7 WHERE id IN ( 4658078, 1880696, 8660285, 7465136, 8824102, 9517968, 2277536, 2162245, 1735952, 9237332)
	Update on sbtest2  (cost=0.43..48.53 rows=0 width=0)
	  ->  Index Scan using sbtest2_pkey on sbtest2  (cost=0.43..48.53 rows=10 width=490)
	        Index Cond: (id = ANY ('{4658078,1880696,8660285,7465136,8824102,9517968,2277536,2162245,1735952,9237332}'::integer[]))

table 3 : explain UPDATE sbtest3 set c=7 WHERE id IN ( 4658078, 1880696, 8660285, 7465136, 8824102, 9517968, 2277536, 2162245, 1735952, 9237332)
	Update on sbtest3  (cost=0.43..48.53 rows=0 width=0)
	  ->  Index Scan using sbtest3_pkey on sbtest3  (cost=0.43..48.53 rows=10 width=490)
	        Index Cond: (id = ANY ('{4658078,1880696,8660285,7465136,8824102,9517968,2277536,2162245,1735952,9237332}'::integer[]))

table 4 : explain UPDATE sbtest4 set c=7 WHERE id IN ( 4658078, 1880696, 8660285, 7465136, 8824102, 9517968, 2277536, 2162245, 1735952, 9237332)
	Update on sbtest4  (cost=0.43..48.53 rows=0 width=0)
	  ->  Index Scan using sbtest4_pkey on sbtest4  (cost=0.43..48.53 rows=10 width=490)
	        Index Cond: (id = ANY ('{4658078,1880696,8660285,7465136,8824102,9517968,2277536,2162245,1735952,9237332}'::integer[]))

table 5 : explain UPDATE sbtest5 set c=7 WHERE id IN ( 4658078, 1880696, 8660285, 7465136, 8824102, 9517968, 2277536, 2162245, 1735952, 9237332)
	Update on sbtest5  (cost=0.43..48.53 rows=0 width=0)
	  ->  Index Scan using sbtest5_pkey on sbtest5  (cost=0.43..48.53 rows=10 width=490)
	        Index Cond: (id = ANY ('{4658078,1880696,8660285,7465136,8824102,9517968,2277536,2162245,1735952,9237332}'::integer[]))

table 6 : explain UPDATE sbtest6 set c=7 WHERE id IN ( 4658078, 1880696, 8660285, 7465136, 8824102, 9517968, 2277536, 2162245, 1735952, 9237332)
	Update on sbtest6  (cost=0.43..48.53 rows=0 width=0)
	  ->  Index Scan using sbtest6_pkey on sbtest6  (cost=0.43..48.53 rows=10 width=490)
	        Index Cond: (id = ANY ('{4658078,1880696,8660285,7465136,8824102,9517968,2277536,2162245,1735952,9237332}'::integer[]))

table 7 : explain UPDATE sbtest7 set c=7 WHERE id IN ( 4658078, 1880696, 8660285, 7465136, 8824102, 9517968, 2277536, 2162245, 1735952, 9237332)
	Update on sbtest7  (cost=0.43..48.53 rows=0 width=0)
	  ->  Index Scan using sbtest7_pkey on sbtest7  (cost=0.43..48.53 rows=10 width=490)
	        Index Cond: (id = ANY ('{4658078,1880696,8660285,7465136,8824102,9517968,2277536,2162245,1735952,9237332}'::integer[]))

table 8 : explain UPDATE sbtest8 set c=7 WHERE id IN ( 4658078, 1880696, 8660285, 7465136, 8824102, 9517968, 2277536, 2162245, 1735952, 9237332)
	Update on sbtest8  (cost=0.43..48.53 rows=0 width=0)
	  ->  Index Scan using sbtest8_pkey on sbtest8  (cost=0.43..48.53 rows=10 width=490)
	        Index Cond: (id = ANY ('{4658078,1880696,8660285,7465136,8824102,9517968,2277536,2162245,1735952,9237332}'::integer[]))

explain: for update-inlist :: explain UPDATE sbtest%d set c=7 WHERE id IN ( 4441898, 8003485, 338732, 8583250, 2233957, 7614207, 2372979, 1833845, 1463173, 7567735)
explain: for update-inlist :: explain UPDATE sbtest%d set c=7 WHERE id IN ( 9279911, 3975518, 74355, 2042197, 6699493, 6151507, 1832636, 7743330, 6209871, 6307579)
for update-inlist
table 1 : explain UPDATE sbtest1 set c=7 WHERE id IN ( 2013206, 2086564, 9292366, 9524144, 2429717, 6688445, 2926979, 3122028, 8401720, 5098603)
	Update on sbtest1  (cost=0.43..48.53 rows=0 width=0)
	  ->  Index Scan using sbtest1_pkey on sbtest1  (cost=0.43..48.53 rows=10 width=490)
	        Index Cond: (id = ANY ('{2013206,2086564,9292366,9524144,2429717,6688445,2926979,3122028,8401720,5098603}'::integer[]))

table 2 : explain UPDATE sbtest2 set c=7 WHERE id IN ( 2013206, 2086564, 9292366, 9524144, 2429717, 6688445, 2926979, 3122028, 8401720, 5098603)
	Update on sbtest2  (cost=0.43..48.53 rows=0 width=0)
	  ->  Index Scan using sbtest2_pkey on sbtest2  (cost=0.43..48.53 rows=10 width=490)
	        Index Cond: (id = ANY ('{2013206,2086564,9292366,9524144,2429717,6688445,2926979,3122028,8401720,5098603}'::integer[]))

table 3 : explain UPDATE sbtest3 set c=7 WHERE id IN ( 2013206, 2086564, 9292366, 9524144, 2429717, 6688445, 2926979, 3122028, 8401720, 5098603)
	Update on sbtest3  (cost=0.43..48.53 rows=0 width=0)
	  ->  Index Scan using sbtest3_pkey on sbtest3  (cost=0.43..48.53 rows=10 width=490)
	        Index Cond: (id = ANY ('{2013206,2086564,9292366,9524144,2429717,6688445,2926979,3122028,8401720,5098603}'::integer[]))

table 4 : explain UPDATE sbtest4 set c=7 WHERE id IN ( 2013206, 2086564, 9292366, 9524144, 2429717, 6688445, 2926979, 3122028, 8401720, 5098603)
	Update on sbtest4  (cost=0.43..48.53 rows=0 width=0)
	  ->  Index Scan using sbtest4_pkey on sbtest4  (cost=0.43..48.53 rows=10 width=490)
	        Index Cond: (id = ANY ('{2013206,2086564,9292366,9524144,2429717,6688445,2926979,3122028,8401720,5098603}'::integer[]))

table 5 : explain UPDATE sbtest5 set c=7 WHERE id IN ( 2013206, 2086564, 9292366, 9524144, 2429717, 6688445, 2926979, 3122028, 8401720, 5098603)
	Update on sbtest5  (cost=0.43..48.53 rows=0 width=0)
	  ->  Index Scan using sbtest5_pkey on sbtest5  (cost=0.43..48.53 rows=10 width=490)
	        Index Cond: (id = ANY ('{2013206,2086564,9292366,9524144,2429717,6688445,2926979,3122028,8401720,5098603}'::integer[]))

table 6 : explain UPDATE sbtest6 set c=7 WHERE id IN ( 2013206, 2086564, 9292366, 9524144, 2429717, 6688445, 2926979, 3122028, 8401720, 5098603)
	Update on sbtest6  (cost=0.43..48.53 rows=0 width=0)
	  ->  Index Scan using sbtest6_pkey on sbtest6  (cost=0.43..48.53 rows=10 width=490)
	        Index Cond: (id = ANY ('{2013206,2086564,9292366,9524144,2429717,6688445,2926979,3122028,8401720,5098603}'::integer[]))

table 7 : explain UPDATE sbtest7 set c=7 WHERE id IN ( 2013206, 2086564, 9292366, 9524144, 2429717, 6688445, 2926979, 3122028, 8401720, 5098603)
	Update on sbtest7  (cost=0.43..48.53 rows=0 width=0)
	  ->  Index Scan using sbtest7_pkey on sbtest7  (cost=0.43..48.53 rows=10 width=490)
	        Index Cond: (id = ANY ('{2013206,2086564,9292366,9524144,2429717,6688445,2926979,3122028,8401720,5098603}'::integer[]))

table 8 : explain UPDATE sbtest8 set c=7 WHERE id IN ( 2013206, 2086564, 9292366, 9524144, 2429717, 6688445, 2926979, 3122028, 8401720, 5098603)
	Update on sbtest8  (cost=0.43..48.53 rows=0 width=0)
	  ->  Index Scan using sbtest8_pkey on sbtest8  (cost=0.43..48.53 rows=10 width=490)
	        Index Cond: (id = ANY ('{2013206,2086564,9292366,9524144,2429717,6688445,2926979,3122028,8401720,5098603}'::integer[]))

for update-inlist
table 1 : explain UPDATE sbtest1 set c=7 WHERE id IN ( 2868726, 5345650, 9812980, 9570072, 4405310, 2253691, 5075247, 7146443, 771185, 1292663)
	Update on sbtest1  (cost=0.43..48.53 rows=0 width=0)
	  ->  Index Scan using sbtest1_pkey on sbtest1  (cost=0.43..48.53 rows=10 width=490)
	        Index Cond: (id = ANY ('{2868726,5345650,9812980,9570072,4405310,2253691,5075247,7146443,771185,1292663}'::integer[]))

table 2 : explain UPDATE sbtest2 set c=7 WHERE id IN ( 2868726, 5345650, 9812980, 9570072, 4405310, 2253691, 5075247, 7146443, 771185, 1292663)
	Update on sbtest2  (cost=0.43..48.53 rows=0 width=0)
	  ->  Index Scan using sbtest2_pkey on sbtest2  (cost=0.43..48.53 rows=10 width=490)
	        Index Cond: (id = ANY ('{2868726,5345650,9812980,9570072,4405310,2253691,5075247,7146443,771185,1292663}'::integer[]))

table 3 : explain UPDATE sbtest3 set c=7 WHERE id IN ( 2868726, 5345650, 9812980, 9570072, 4405310, 2253691, 5075247, 7146443, 771185, 1292663)
	Update on sbtest3  (cost=0.43..48.53 rows=0 width=0)
	  ->  Index Scan using sbtest3_pkey on sbtest3  (cost=0.43..48.53 rows=10 width=490)
	        Index Cond: (id = ANY ('{2868726,5345650,9812980,9570072,4405310,2253691,5075247,7146443,771185,1292663}'::integer[]))

table 4 : explain UPDATE sbtest4 set c=7 WHERE id IN ( 2868726, 5345650, 9812980, 9570072, 4405310, 2253691, 5075247, 7146443, 771185, 1292663)
	Update on sbtest4  (cost=0.43..48.53 rows=0 width=0)
	  ->  Index Scan using sbtest4_pkey on sbtest4  (cost=0.43..48.53 rows=10 width=490)
	        Index Cond: (id = ANY ('{2868726,5345650,9812980,9570072,4405310,2253691,5075247,7146443,771185,1292663}'::integer[]))

table 5 : explain UPDATE sbtest5 set c=7 WHERE id IN ( 2868726, 5345650, 9812980, 9570072, 4405310, 2253691, 5075247, 7146443, 771185, 1292663)
	Update on sbtest5  (cost=0.43..48.53 rows=0 width=0)
	  ->  Index Scan using sbtest5_pkey on sbtest5  (cost=0.43..48.53 rows=10 width=490)
	        Index Cond: (id = ANY ('{2868726,5345650,9812980,9570072,4405310,2253691,5075247,7146443,771185,1292663}'::integer[]))

table 6 : explain UPDATE sbtest6 set c=7 WHERE id IN ( 2868726, 5345650, 9812980, 9570072, 4405310, 2253691, 5075247, 7146443, 771185, 1292663)
	Update on sbtest6  (cost=0.43..48.53 rows=0 width=0)
	  ->  Index Scan using sbtest6_pkey on sbtest6  (cost=0.43..48.53 rows=10 width=490)
	        Index Cond: (id = ANY ('{2868726,5345650,9812980,9570072,4405310,2253691,5075247,7146443,771185,1292663}'::integer[]))

table 7 : explain UPDATE sbtest7 set c=7 WHERE id IN ( 2868726, 5345650, 9812980, 9570072, 4405310, 2253691, 5075247, 7146443, 771185, 1292663)
	Update on sbtest7  (cost=0.43..48.53 rows=0 width=0)
	  ->  Index Scan using sbtest7_pkey on sbtest7  (cost=0.43..48.53 rows=10 width=490)
	        Index Cond: (id = ANY ('{2868726,5345650,9812980,9570072,4405310,2253691,5075247,7146443,771185,1292663}'::integer[]))

table 8 : explain UPDATE sbtest8 set c=7 WHERE id IN ( 2868726, 5345650, 9812980, 9570072, 4405310, 2253691, 5075247, 7146443, 771185, 1292663)
	Update on sbtest8  (cost=0.43..48.53 rows=0 width=0)
	  ->  Index Scan using sbtest8_pkey on sbtest8  (cost=0.43..48.53 rows=10 width=490)
	        Index Cond: (id = ANY ('{2868726,5345650,9812980,9570072,4405310,2253691,5075247,7146443,771185,1292663}'::integer[]))

for update-inlist
table 1 : explain UPDATE sbtest1 set c=7 WHERE id IN ( 3036117, 3893731, 9841085, 6367235, 4579614, 813185, 2452333, 7301944, 1565104, 5169387)
	Update on sbtest1  (cost=0.43..48.53 rows=0 width=0)
	  ->  Index Scan using sbtest1_pkey on sbtest1  (cost=0.43..48.53 rows=10 width=490)
	        Index Cond: (id = ANY ('{3036117,3893731,9841085,6367235,4579614,813185,2452333,7301944,1565104,5169387}'::integer[]))

table 2 : explain UPDATE sbtest2 set c=7 WHERE id IN ( 3036117, 3893731, 9841085, 6367235, 4579614, 813185, 2452333, 7301944, 1565104, 5169387)
	Update on sbtest2  (cost=0.43..48.53 rows=0 width=0)
	  ->  Index Scan using sbtest2_pkey on sbtest2  (cost=0.43..48.53 rows=10 width=490)
	        Index Cond: (id = ANY ('{3036117,3893731,9841085,6367235,4579614,813185,2452333,7301944,1565104,5169387}'::integer[]))

table 3 : explain UPDATE sbtest3 set c=7 WHERE id IN ( 3036117, 3893731, 9841085, 6367235, 4579614, 813185, 2452333, 7301944, 1565104, 5169387)
	Update on sbtest3  (cost=0.43..48.53 rows=0 width=0)
	  ->  Index Scan using sbtest3_pkey on sbtest3  (cost=0.43..48.53 rows=10 width=490)
	        Index Cond: (id = ANY ('{3036117,3893731,9841085,6367235,4579614,813185,2452333,7301944,1565104,5169387}'::integer[]))

table 4 : explain UPDATE sbtest4 set c=7 WHERE id IN ( 3036117, 3893731, 9841085, 6367235, 4579614, 813185, 2452333, 7301944, 1565104, 5169387)
	Update on sbtest4  (cost=0.43..48.53 rows=0 width=0)
	  ->  Index Scan using sbtest4_pkey on sbtest4  (cost=0.43..48.53 rows=10 width=490)
	        Index Cond: (id = ANY ('{3036117,3893731,9841085,6367235,4579614,813185,2452333,7301944,1565104,5169387}'::integer[]))

table 5 : explain UPDATE sbtest5 set c=7 WHERE id IN ( 3036117, 3893731, 9841085, 6367235, 4579614, 813185, 2452333, 7301944, 1565104, 5169387)
	Update on sbtest5  (cost=0.43..48.53 rows=0 width=0)
	  ->  Index Scan using sbtest5_pkey on sbtest5  (cost=0.43..48.53 rows=10 width=490)
	        Index Cond: (id = ANY ('{3036117,3893731,9841085,6367235,4579614,813185,2452333,7301944,1565104,5169387}'::integer[]))

table 6 : explain UPDATE sbtest6 set c=7 WHERE id IN ( 3036117, 3893731, 9841085, 6367235, 4579614, 813185, 2452333, 7301944, 1565104, 5169387)
	Update on sbtest6  (cost=0.43..48.53 rows=0 width=0)
	  ->  Index Scan using sbtest6_pkey on sbtest6  (cost=0.43..48.53 rows=10 width=490)
	        Index Cond: (id = ANY ('{3036117,3893731,9841085,6367235,4579614,813185,2452333,7301944,1565104,5169387}'::integer[]))

table 7 : explain UPDATE sbtest7 set c=7 WHERE id IN ( 3036117, 3893731, 9841085, 6367235, 4579614, 813185, 2452333, 7301944, 1565104, 5169387)
	Update on sbtest7  (cost=0.43..48.53 rows=0 width=0)
	  ->  Index Scan using sbtest7_pkey on sbtest7  (cost=0.43..48.53 rows=10 width=490)
	        Index Cond: (id = ANY ('{3036117,3893731,9841085,6367235,4579614,813185,2452333,7301944,1565104,5169387}'::integer[]))

table 8 : explain UPDATE sbtest8 set c=7 WHERE id IN ( 3036117, 3893731, 9841085, 6367235, 4579614, 813185, 2452333, 7301944, 1565104, 5169387)
	Update on sbtest8  (cost=0.43..48.53 rows=0 width=0)
	  ->  Index Scan using sbtest8_pkey on sbtest8  (cost=0.43..48.53 rows=10 width=490)
	        Index Cond: (id = ANY ('{3036117,3893731,9841085,6367235,4579614,813185,2452333,7301944,1565104,5169387}'::integer[]))

explain: for update-inlist :: explain UPDATE sbtest%d set c=7 WHERE id IN ( 9447416, 3120140, 8302498, 2170143, 6482717, 9926597, 6360458, 2055234, 2269872, 638024)
for update-inlist
table 1 : explain UPDATE sbtest1 set c=7 WHERE id IN ( 4441898, 8003485, 338732, 8583250, 2233957, 7614207, 2372979, 1833845, 1463173, 7567735)
	Update on sbtest1  (cost=0.43..48.53 rows=0 width=0)
	  ->  Index Scan using sbtest1_pkey on sbtest1  (cost=0.43..48.53 rows=10 width=490)
	        Index Cond: (id = ANY ('{4441898,8003485,338732,8583250,2233957,7614207,2372979,1833845,1463173,7567735}'::integer[]))

table 2 : explain UPDATE sbtest2 set c=7 WHERE id IN ( 4441898, 8003485, 338732, 8583250, 2233957, 7614207, 2372979, 1833845, 1463173, 7567735)
	Update on sbtest2  (cost=0.43..48.53 rows=0 width=0)
	  ->  Index Scan using sbtest2_pkey on sbtest2  (cost=0.43..48.53 rows=10 width=490)
	        Index Cond: (id = ANY ('{4441898,8003485,338732,8583250,2233957,7614207,2372979,1833845,1463173,7567735}'::integer[]))

table 3 : explain UPDATE sbtest3 set c=7 WHERE id IN ( 4441898, 8003485, 338732, 8583250, 2233957, 7614207, 2372979, 1833845, 1463173, 7567735)
	Update on sbtest3  (cost=0.43..48.53 rows=0 width=0)
	  ->  Index Scan using sbtest3_pkey on sbtest3  (cost=0.43..48.53 rows=10 width=490)
	        Index Cond: (id = ANY ('{4441898,8003485,338732,8583250,2233957,7614207,2372979,1833845,1463173,7567735}'::integer[]))

table 4 : explain UPDATE sbtest4 set c=7 WHERE id IN ( 4441898, 8003485, 338732, 8583250, 2233957, 7614207, 2372979, 1833845, 1463173, 7567735)
	Update on sbtest4  (cost=0.43..48.53 rows=0 width=0)
	  ->  Index Scan using sbtest4_pkey on sbtest4  (cost=0.43..48.53 rows=10 width=490)
	        Index Cond: (id = ANY ('{4441898,8003485,338732,8583250,2233957,7614207,2372979,1833845,1463173,7567735}'::integer[]))

table 5 : explain UPDATE sbtest5 set c=7 WHERE id IN ( 4441898, 8003485, 338732, 8583250, 2233957, 7614207, 2372979, 1833845, 1463173, 7567735)
	Update on sbtest5  (cost=0.43..48.53 rows=0 width=0)
	  ->  Index Scan using sbtest5_pkey on sbtest5  (cost=0.43..48.53 rows=10 width=490)
	        Index Cond: (id = ANY ('{4441898,8003485,338732,8583250,2233957,7614207,2372979,1833845,1463173,7567735}'::integer[]))

table 6 : explain UPDATE sbtest6 set c=7 WHERE id IN ( 4441898, 8003485, 338732, 8583250, 2233957, 7614207, 2372979, 1833845, 1463173, 7567735)
	Update on sbtest6  (cost=0.43..48.53 rows=0 width=0)
	  ->  Index Scan using sbtest6_pkey on sbtest6  (cost=0.43..48.53 rows=10 width=490)
	        Index Cond: (id = ANY ('{4441898,8003485,338732,8583250,2233957,7614207,2372979,1833845,1463173,7567735}'::integer[]))

table 7 : explain UPDATE sbtest7 set c=7 WHERE id IN ( 4441898, 8003485, 338732, 8583250, 2233957, 7614207, 2372979, 1833845, 1463173, 7567735)
	Update on sbtest7  (cost=0.43..48.53 rows=0 width=0)
	  ->  Index Scan using sbtest7_pkey on sbtest7  (cost=0.43..48.53 rows=10 width=490)
	        Index Cond: (id = ANY ('{4441898,8003485,338732,8583250,2233957,7614207,2372979,1833845,1463173,7567735}'::integer[]))

table 8 : explain UPDATE sbtest8 set c=7 WHERE id IN ( 4441898, 8003485, 338732, 8583250, 2233957, 7614207, 2372979, 1833845, 1463173, 7567735)
	Update on sbtest8  (cost=0.43..48.53 rows=0 width=0)
	  ->  Index Scan using sbtest8_pkey on sbtest8  (cost=0.43..48.53 rows=10 width=490)
	        Index Cond: (id = ANY ('{4441898,8003485,338732,8583250,2233957,7614207,2372979,1833845,1463173,7567735}'::integer[]))

explain: for update-inlist :: explain UPDATE sbtest%d set c=7 WHERE id IN ( 9291071, 693712, 7135980, 6822299, 6627247, 9307780, 4550027, 119918, 976097, 7390268)
for update-inlist
table 1 : explain UPDATE sbtest1 set c=7 WHERE id IN ( 9279911, 3975518, 74355, 2042197, 6699493, 6151507, 1832636, 7743330, 6209871, 6307579)
	Update on sbtest1  (cost=0.43..48.53 rows=0 width=0)
	  ->  Index Scan using sbtest1_pkey on sbtest1  (cost=0.43..48.53 rows=10 width=490)
	        Index Cond: (id = ANY ('{9279911,3975518,74355,2042197,6699493,6151507,1832636,7743330,6209871,6307579}'::integer[]))

table 2 : explain UPDATE sbtest2 set c=7 WHERE id IN ( 9279911, 3975518, 74355, 2042197, 6699493, 6151507, 1832636, 7743330, 6209871, 6307579)
	Update on sbtest2  (cost=0.43..48.53 rows=0 width=0)
	  ->  Index Scan using sbtest2_pkey on sbtest2  (cost=0.43..48.53 rows=10 width=490)
	        Index Cond: (id = ANY ('{9279911,3975518,74355,2042197,6699493,6151507,1832636,7743330,6209871,6307579}'::integer[]))

table 3 : explain UPDATE sbtest3 set c=7 WHERE id IN ( 9279911, 3975518, 74355, 2042197, 6699493, 6151507, 1832636, 7743330, 6209871, 6307579)
	Update on sbtest3  (cost=0.43..48.53 rows=0 width=0)
	  ->  Index Scan using sbtest3_pkey on sbtest3  (cost=0.43..48.53 rows=10 width=490)
	        Index Cond: (id = ANY ('{9279911,3975518,74355,2042197,6699493,6151507,1832636,7743330,6209871,6307579}'::integer[]))

table 4 : explain UPDATE sbtest4 set c=7 WHERE id IN ( 9279911, 3975518, 74355, 2042197, 6699493, 6151507, 1832636, 7743330, 6209871, 6307579)
	Update on sbtest4  (cost=0.43..48.53 rows=0 width=0)
	  ->  Index Scan using sbtest4_pkey on sbtest4  (cost=0.43..48.53 rows=10 width=490)
	        Index Cond: (id = ANY ('{9279911,3975518,74355,2042197,6699493,6151507,1832636,7743330,6209871,6307579}'::integer[]))

table 5 : explain UPDATE sbtest5 set c=7 WHERE id IN ( 9279911, 3975518, 74355, 2042197, 6699493, 6151507, 1832636, 7743330, 6209871, 6307579)
	Update on sbtest5  (cost=0.43..48.53 rows=0 width=0)
	  ->  Index Scan using sbtest5_pkey on sbtest5  (cost=0.43..48.53 rows=10 width=490)
	        Index Cond: (id = ANY ('{9279911,3975518,74355,2042197,6699493,6151507,1832636,7743330,6209871,6307579}'::integer[]))

table 6 : explain UPDATE sbtest6 set c=7 WHERE id IN ( 9279911, 3975518, 74355, 2042197, 6699493, 6151507, 1832636, 7743330, 6209871, 6307579)
	Update on sbtest6  (cost=0.43..48.53 rows=0 width=0)
	  ->  Index Scan using sbtest6_pkey on sbtest6  (cost=0.43..48.53 rows=10 width=490)
	        Index Cond: (id = ANY ('{9279911,3975518,74355,2042197,6699493,6151507,1832636,7743330,6209871,6307579}'::integer[]))

table 7 : explain UPDATE sbtest7 set c=7 WHERE id IN ( 9279911, 3975518, 74355, 2042197, 6699493, 6151507, 1832636, 7743330, 6209871, 6307579)
	Update on sbtest7  (cost=0.43..48.53 rows=0 width=0)
	  ->  Index Scan using sbtest7_pkey on sbtest7  (cost=0.43..48.53 rows=10 width=490)
	        Index Cond: (id = ANY ('{9279911,3975518,74355,2042197,6699493,6151507,1832636,7743330,6209871,6307579}'::integer[]))

table 8 : explain UPDATE sbtest8 set c=7 WHERE id IN ( 9279911, 3975518, 74355, 2042197, 6699493, 6151507, 1832636, 7743330, 6209871, 6307579)
	Update on sbtest8  (cost=0.43..48.53 rows=0 width=0)
	  ->  Index Scan using sbtest8_pkey on sbtest8  (cost=0.43..48.53 rows=10 width=490)
	        Index Cond: (id = ANY ('{9279911,3975518,74355,2042197,6699493,6151507,1832636,7743330,6209871,6307579}'::integer[]))

explain: for update-inlist :: explain UPDATE sbtest%d set c=7 WHERE id IN ( 8288179, 9852140, 7462469, 7245967, 8130627, 1161337, 886487, 2158129, 3498969, 7502697)
for update-inlist
table 1 : explain UPDATE sbtest1 set c=7 WHERE id IN ( 9447416, 3120140, 8302498, 2170143, 6482717, 9926597, 6360458, 2055234, 2269872, 638024)
	Update on sbtest1  (cost=0.43..48.53 rows=0 width=0)
	  ->  Index Scan using sbtest1_pkey on sbtest1  (cost=0.43..48.53 rows=10 width=490)
	        Index Cond: (id = ANY ('{9447416,3120140,8302498,2170143,6482717,9926597,6360458,2055234,2269872,638024}'::integer[]))

table 2 : explain UPDATE sbtest2 set c=7 WHERE id IN ( 9447416, 3120140, 8302498, 2170143, 6482717, 9926597, 6360458, 2055234, 2269872, 638024)
	Update on sbtest2  (cost=0.43..48.53 rows=0 width=0)
	  ->  Index Scan using sbtest2_pkey on sbtest2  (cost=0.43..48.53 rows=10 width=490)
	        Index Cond: (id = ANY ('{9447416,3120140,8302498,2170143,6482717,9926597,6360458,2055234,2269872,638024}'::integer[]))

table 3 : explain UPDATE sbtest3 set c=7 WHERE id IN ( 9447416, 3120140, 8302498, 2170143, 6482717, 9926597, 6360458, 2055234, 2269872, 638024)
	Update on sbtest3  (cost=0.43..48.53 rows=0 width=0)
	  ->  Index Scan using sbtest3_pkey on sbtest3  (cost=0.43..48.53 rows=10 width=490)
	        Index Cond: (id = ANY ('{9447416,3120140,8302498,2170143,6482717,9926597,6360458,2055234,2269872,638024}'::integer[]))

table 4 : explain UPDATE sbtest4 set c=7 WHERE id IN ( 9447416, 3120140, 8302498, 2170143, 6482717, 9926597, 6360458, 2055234, 2269872, 638024)
	Update on sbtest4  (cost=0.43..48.53 rows=0 width=0)
	  ->  Index Scan using sbtest4_pkey on sbtest4  (cost=0.43..48.53 rows=10 width=490)
	        Index Cond: (id = ANY ('{9447416,3120140,8302498,2170143,6482717,9926597,6360458,2055234,2269872,638024}'::integer[]))

table 5 : explain UPDATE sbtest5 set c=7 WHERE id IN ( 9447416, 3120140, 8302498, 2170143, 6482717, 9926597, 6360458, 2055234, 2269872, 638024)
	Update on sbtest5  (cost=0.43..48.53 rows=0 width=0)
	  ->  Index Scan using sbtest5_pkey on sbtest5  (cost=0.43..48.53 rows=10 width=490)
	        Index Cond: (id = ANY ('{9447416,3120140,8302498,2170143,6482717,9926597,6360458,2055234,2269872,638024}'::integer[]))

table 6 : explain UPDATE sbtest6 set c=7 WHERE id IN ( 9447416, 3120140, 8302498, 2170143, 6482717, 9926597, 6360458, 2055234, 2269872, 638024)
	Update on sbtest6  (cost=0.43..48.53 rows=0 width=0)
	  ->  Index Scan using sbtest6_pkey on sbtest6  (cost=0.43..48.53 rows=10 width=490)
	        Index Cond: (id = ANY ('{9447416,3120140,8302498,2170143,6482717,9926597,6360458,2055234,2269872,638024}'::integer[]))

table 7 : explain UPDATE sbtest7 set c=7 WHERE id IN ( 9447416, 3120140, 8302498, 2170143, 6482717, 9926597, 6360458, 2055234, 2269872, 638024)
	Update on sbtest7  (cost=0.43..48.53 rows=0 width=0)
	  ->  Index Scan using sbtest7_pkey on sbtest7  (cost=0.43..48.53 rows=10 width=490)
	        Index Cond: (id = ANY ('{9447416,3120140,8302498,2170143,6482717,9926597,6360458,2055234,2269872,638024}'::integer[]))

table 8 : explain UPDATE sbtest8 set c=7 WHERE id IN ( 9447416, 3120140, 8302498, 2170143, 6482717, 9926597, 6360458, 2055234, 2269872, 638024)
	Update on sbtest8  (cost=0.43..48.53 rows=0 width=0)
	  ->  Index Scan using sbtest8_pkey on sbtest8  (cost=0.43..48.53 rows=10 width=490)
	        Index Cond: (id = ANY ('{9447416,3120140,8302498,2170143,6482717,9926597,6360458,2055234,2269872,638024}'::integer[]))

explain: for update-inlist :: explain UPDATE sbtest%d set c=7 WHERE id IN ( 3947746, 6193079, 1362760, 849402, 4026635, 255377, 7424440, 7840376, 3467276, 5789746)
explain: for update-inlist :: explain UPDATE sbtest%d set c=7 WHERE id IN ( 9465920, 9338225, 5287706, 6350587, 8530447, 628176, 83951, 3853048, 170394, 8776412)
for update-inlist
table 1 : explain UPDATE sbtest1 set c=7 WHERE id IN ( 9291071, 693712, 7135980, 6822299, 6627247, 9307780, 4550027, 119918, 976097, 7390268)
	Update on sbtest1  (cost=0.43..48.53 rows=0 width=0)
	  ->  Index Scan using sbtest1_pkey on sbtest1  (cost=0.43..48.53 rows=10 width=490)
	        Index Cond: (id = ANY ('{9291071,693712,7135980,6822299,6627247,9307780,4550027,119918,976097,7390268}'::integer[]))

table 2 : explain UPDATE sbtest2 set c=7 WHERE id IN ( 9291071, 693712, 7135980, 6822299, 6627247, 9307780, 4550027, 119918, 976097, 7390268)
	Update on sbtest2  (cost=0.43..48.53 rows=0 width=0)
	  ->  Index Scan using sbtest2_pkey on sbtest2  (cost=0.43..48.53 rows=10 width=490)
	        Index Cond: (id = ANY ('{9291071,693712,7135980,6822299,6627247,9307780,4550027,119918,976097,7390268}'::integer[]))

table 3 : explain UPDATE sbtest3 set c=7 WHERE id IN ( 9291071, 693712, 7135980, 6822299, 6627247, 9307780, 4550027, 119918, 976097, 7390268)
	Update on sbtest3  (cost=0.43..48.53 rows=0 width=0)
	  ->  Index Scan using sbtest3_pkey on sbtest3  (cost=0.43..48.53 rows=10 width=490)
	        Index Cond: (id = ANY ('{9291071,693712,7135980,6822299,6627247,9307780,4550027,119918,976097,7390268}'::integer[]))

table 4 : explain UPDATE sbtest4 set c=7 WHERE id IN ( 9291071, 693712, 7135980, 6822299, 6627247, 9307780, 4550027, 119918, 976097, 7390268)
	Update on sbtest4  (cost=0.43..48.53 rows=0 width=0)
	  ->  Index Scan using sbtest4_pkey on sbtest4  (cost=0.43..48.53 rows=10 width=490)
	        Index Cond: (id = ANY ('{9291071,693712,7135980,6822299,6627247,9307780,4550027,119918,976097,7390268}'::integer[]))

table 5 : explain UPDATE sbtest5 set c=7 WHERE id IN ( 9291071, 693712, 7135980, 6822299, 6627247, 9307780, 4550027, 119918, 976097, 7390268)
	Update on sbtest5  (cost=0.43..48.53 rows=0 width=0)
	  ->  Index Scan using sbtest5_pkey on sbtest5  (cost=0.43..48.53 rows=10 width=490)
	        Index Cond: (id = ANY ('{9291071,693712,7135980,6822299,6627247,9307780,4550027,119918,976097,7390268}'::integer[]))

table 6 : explain UPDATE sbtest6 set c=7 WHERE id IN ( 9291071, 693712, 7135980, 6822299, 6627247, 9307780, 4550027, 119918, 976097, 7390268)
	Update on sbtest6  (cost=0.43..48.53 rows=0 width=0)
	  ->  Index Scan using sbtest6_pkey on sbtest6  (cost=0.43..48.53 rows=10 width=490)
	        Index Cond: (id = ANY ('{9291071,693712,7135980,6822299,6627247,9307780,4550027,119918,976097,7390268}'::integer[]))

table 7 : explain UPDATE sbtest7 set c=7 WHERE id IN ( 9291071, 693712, 7135980, 6822299, 6627247, 9307780, 4550027, 119918, 976097, 7390268)
	Update on sbtest7  (cost=0.43..48.53 rows=0 width=0)
	  ->  Index Scan using sbtest7_pkey on sbtest7  (cost=0.43..48.53 rows=10 width=490)
	        Index Cond: (id = ANY ('{9291071,693712,7135980,6822299,6627247,9307780,4550027,119918,976097,7390268}'::integer[]))

table 8 : explain UPDATE sbtest8 set c=7 WHERE id IN ( 9291071, 693712, 7135980, 6822299, 6627247, 9307780, 4550027, 119918, 976097, 7390268)
	Update on sbtest8  (cost=0.43..48.53 rows=0 width=0)
	  ->  Index Scan using sbtest8_pkey on sbtest8  (cost=0.43..48.53 rows=10 width=490)
	        Index Cond: (id = ANY ('{9291071,693712,7135980,6822299,6627247,9307780,4550027,119918,976097,7390268}'::integer[]))

for update-inlist
table 1 : explain UPDATE sbtest1 set c=7 WHERE id IN ( 6581830, 9226949, 9605301, 4079176, 3156935, 3916804, 76920, 6273108, 8877008, 7392426)
	Update on sbtest1  (cost=0.43..48.53 rows=0 width=0)
	  ->  Index Scan using sbtest1_pkey on sbtest1  (cost=0.43..48.53 rows=10 width=490)
	        Index Cond: (id = ANY ('{6581830,9226949,9605301,4079176,3156935,3916804,76920,6273108,8877008,7392426}'::integer[]))

table 2 : explain UPDATE sbtest2 set c=7 WHERE id IN ( 6581830, 9226949, 9605301, 4079176, 3156935, 3916804, 76920, 6273108, 8877008, 7392426)
	Update on sbtest2  (cost=0.43..48.53 rows=0 width=0)
	  ->  Index Scan using sbtest2_pkey on sbtest2  (cost=0.43..48.53 rows=10 width=490)
	        Index Cond: (id = ANY ('{6581830,9226949,9605301,4079176,3156935,3916804,76920,6273108,8877008,7392426}'::integer[]))

table 3 : explain UPDATE sbtest3 set c=7 WHERE id IN ( 6581830, 9226949, 9605301, 4079176, 3156935, 3916804, 76920, 6273108, 8877008, 7392426)
	Update on sbtest3  (cost=0.43..48.53 rows=0 width=0)
	  ->  Index Scan using sbtest3_pkey on sbtest3  (cost=0.43..48.53 rows=10 width=490)
	        Index Cond: (id = ANY ('{6581830,9226949,9605301,4079176,3156935,3916804,76920,6273108,8877008,7392426}'::integer[]))

table 4 : explain UPDATE sbtest4 set c=7 WHERE id IN ( 6581830, 9226949, 9605301, 4079176, 3156935, 3916804, 76920, 6273108, 8877008, 7392426)
	Update on sbtest4  (cost=0.43..48.53 rows=0 width=0)
	  ->  Index Scan using sbtest4_pkey on sbtest4  (cost=0.43..48.53 rows=10 width=490)
	        Index Cond: (id = ANY ('{6581830,9226949,9605301,4079176,3156935,3916804,76920,6273108,8877008,7392426}'::integer[]))

table 5 : explain UPDATE sbtest5 set c=7 WHERE id IN ( 6581830, 9226949, 9605301, 4079176, 3156935, 3916804, 76920, 6273108, 8877008, 7392426)
	Update on sbtest5  (cost=0.43..48.53 rows=0 width=0)
	  ->  Index Scan using sbtest5_pkey on sbtest5  (cost=0.43..48.53 rows=10 width=490)
	        Index Cond: (id = ANY ('{6581830,9226949,9605301,4079176,3156935,3916804,76920,6273108,8877008,7392426}'::integer[]))

table 6 : explain UPDATE sbtest6 set c=7 WHERE id IN ( 6581830, 9226949, 9605301, 4079176, 3156935, 3916804, 76920, 6273108, 8877008, 7392426)
	Update on sbtest6  (cost=0.43..48.53 rows=0 width=0)
	  ->  Index Scan using sbtest6_pkey on sbtest6  (cost=0.43..48.53 rows=10 width=490)
	        Index Cond: (id = ANY ('{6581830,9226949,9605301,4079176,3156935,3916804,76920,6273108,8877008,7392426}'::integer[]))

table 7 : explain UPDATE sbtest7 set c=7 WHERE id IN ( 6581830, 9226949, 9605301, 4079176, 3156935, 3916804, 76920, 6273108, 8877008, 7392426)
	Update on sbtest7  (cost=0.43..48.53 rows=0 width=0)
	  ->  Index Scan using sbtest7_pkey on sbtest7  (cost=0.43..48.53 rows=10 width=490)
	        Index Cond: (id = ANY ('{6581830,9226949,9605301,4079176,3156935,3916804,76920,6273108,8877008,7392426}'::integer[]))

table 8 : explain UPDATE sbtest8 set c=7 WHERE id IN ( 6581830, 9226949, 9605301, 4079176, 3156935, 3916804, 76920, 6273108, 8877008, 7392426)
	Update on sbtest8  (cost=0.43..48.53 rows=0 width=0)
	  ->  Index Scan using sbtest8_pkey on sbtest8  (cost=0.43..48.53 rows=10 width=490)
	        Index Cond: (id = ANY ('{6581830,9226949,9605301,4079176,3156935,3916804,76920,6273108,8877008,7392426}'::integer[]))

for update-inlist
table 1 : explain UPDATE sbtest1 set c=7 WHERE id IN ( 8288179, 9852140, 7462469, 7245967, 8130627, 1161337, 886487, 2158129, 3498969, 7502697)
	Update on sbtest1  (cost=0.43..48.53 rows=0 width=0)
	  ->  Index Scan using sbtest1_pkey on sbtest1  (cost=0.43..48.53 rows=10 width=490)
	        Index Cond: (id = ANY ('{8288179,9852140,7462469,7245967,8130627,1161337,886487,2158129,3498969,7502697}'::integer[]))

table 2 : explain UPDATE sbtest2 set c=7 WHERE id IN ( 8288179, 9852140, 7462469, 7245967, 8130627, 1161337, 886487, 2158129, 3498969, 7502697)
	Update on sbtest2  (cost=0.43..48.53 rows=0 width=0)
	  ->  Index Scan using sbtest2_pkey on sbtest2  (cost=0.43..48.53 rows=10 width=490)
	        Index Cond: (id = ANY ('{8288179,9852140,7462469,7245967,8130627,1161337,886487,2158129,3498969,7502697}'::integer[]))

table 3 : explain UPDATE sbtest3 set c=7 WHERE id IN ( 8288179, 9852140, 7462469, 7245967, 8130627, 1161337, 886487, 2158129, 3498969, 7502697)
	Update on sbtest3  (cost=0.43..48.53 rows=0 width=0)
	  ->  Index Scan using sbtest3_pkey on sbtest3  (cost=0.43..48.53 rows=10 width=490)
	        Index Cond: (id = ANY ('{8288179,9852140,7462469,7245967,8130627,1161337,886487,2158129,3498969,7502697}'::integer[]))

table 4 : explain UPDATE sbtest4 set c=7 WHERE id IN ( 8288179, 9852140, 7462469, 7245967, 8130627, 1161337, 886487, 2158129, 3498969, 7502697)
	Update on sbtest4  (cost=0.43..48.53 rows=0 width=0)
	  ->  Index Scan using sbtest4_pkey on sbtest4  (cost=0.43..48.53 rows=10 width=490)
	        Index Cond: (id = ANY ('{8288179,9852140,7462469,7245967,8130627,1161337,886487,2158129,3498969,7502697}'::integer[]))

table 5 : explain UPDATE sbtest5 set c=7 WHERE id IN ( 8288179, 9852140, 7462469, 7245967, 8130627, 1161337, 886487, 2158129, 3498969, 7502697)
	Update on sbtest5  (cost=0.43..48.53 rows=0 width=0)
	  ->  Index Scan using sbtest5_pkey on sbtest5  (cost=0.43..48.53 rows=10 width=490)
	        Index Cond: (id = ANY ('{8288179,9852140,7462469,7245967,8130627,1161337,886487,2158129,3498969,7502697}'::integer[]))

table 6 : explain UPDATE sbtest6 set c=7 WHERE id IN ( 8288179, 9852140, 7462469, 7245967, 8130627, 1161337, 886487, 2158129, 3498969, 7502697)
	Update on sbtest6  (cost=0.43..48.53 rows=0 width=0)
	  ->  Index Scan using sbtest6_pkey on sbtest6  (cost=0.43..48.53 rows=10 width=490)
	        Index Cond: (id = ANY ('{8288179,9852140,7462469,7245967,8130627,1161337,886487,2158129,3498969,7502697}'::integer[]))

table 7 : explain UPDATE sbtest7 set c=7 WHERE id IN ( 8288179, 9852140, 7462469, 7245967, 8130627, 1161337, 886487, 2158129, 3498969, 7502697)
	Update on sbtest7  (cost=0.43..48.53 rows=0 width=0)
	  ->  Index Scan using sbtest7_pkey on sbtest7  (cost=0.43..48.53 rows=10 width=490)
	        Index Cond: (id = ANY ('{8288179,9852140,7462469,7245967,8130627,1161337,886487,2158129,3498969,7502697}'::integer[]))

table 8 : explain UPDATE sbtest8 set c=7 WHERE id IN ( 8288179, 9852140, 7462469, 7245967, 8130627, 1161337, 886487, 2158129, 3498969, 7502697)
	Update on sbtest8  (cost=0.43..48.53 rows=0 width=0)
	  ->  Index Scan using sbtest8_pkey on sbtest8  (cost=0.43..48.53 rows=10 width=490)
	        Index Cond: (id = ANY ('{8288179,9852140,7462469,7245967,8130627,1161337,886487,2158129,3498969,7502697}'::integer[]))

explain: for update-inlist :: explain UPDATE sbtest%d set c=7 WHERE id IN ( 3875585, 7339431, 9428655, 761628, 4289091, 5371, 4758799, 4353225, 6576279, 573312)
for update-inlist
table 1 : explain UPDATE sbtest1 set c=7 WHERE id IN ( 3947746, 6193079, 1362760, 849402, 4026635, 255377, 7424440, 7840376, 3467276, 5789746)
	Update on sbtest1  (cost=0.43..48.53 rows=0 width=0)
	  ->  Index Scan using sbtest1_pkey on sbtest1  (cost=0.43..48.53 rows=10 width=490)
	        Index Cond: (id = ANY ('{3947746,6193079,1362760,849402,4026635,255377,7424440,7840376,3467276,5789746}'::integer[]))

table 2 : explain UPDATE sbtest2 set c=7 WHERE id IN ( 3947746, 6193079, 1362760, 849402, 4026635, 255377, 7424440, 7840376, 3467276, 5789746)
	Update on sbtest2  (cost=0.43..48.53 rows=0 width=0)
	  ->  Index Scan using sbtest2_pkey on sbtest2  (cost=0.43..48.53 rows=10 width=490)
	        Index Cond: (id = ANY ('{3947746,6193079,1362760,849402,4026635,255377,7424440,7840376,3467276,5789746}'::integer[]))

table 3 : explain UPDATE sbtest3 set c=7 WHERE id IN ( 3947746, 6193079, 1362760, 849402, 4026635, 255377, 7424440, 7840376, 3467276, 5789746)
	Update on sbtest3  (cost=0.43..48.53 rows=0 width=0)
	  ->  Index Scan using sbtest3_pkey on sbtest3  (cost=0.43..48.53 rows=10 width=490)
	        Index Cond: (id = ANY ('{3947746,6193079,1362760,849402,4026635,255377,7424440,7840376,3467276,5789746}'::integer[]))

table 4 : explain UPDATE sbtest4 set c=7 WHERE id IN ( 3947746, 6193079, 1362760, 849402, 4026635, 255377, 7424440, 7840376, 3467276, 5789746)
	Update on sbtest4  (cost=0.43..48.53 rows=0 width=0)
	  ->  Index Scan using sbtest4_pkey on sbtest4  (cost=0.43..48.53 rows=10 width=490)
	        Index Cond: (id = ANY ('{3947746,6193079,1362760,849402,4026635,255377,7424440,7840376,3467276,5789746}'::integer[]))

table 5 : explain UPDATE sbtest5 set c=7 WHERE id IN ( 3947746, 6193079, 1362760, 849402, 4026635, 255377, 7424440, 7840376, 3467276, 5789746)
	Update on sbtest5  (cost=0.43..48.53 rows=0 width=0)
	  ->  Index Scan using sbtest5_pkey on sbtest5  (cost=0.43..48.53 rows=10 width=490)
	        Index Cond: (id = ANY ('{3947746,6193079,1362760,849402,4026635,255377,7424440,7840376,3467276,5789746}'::integer[]))

table 6 : explain UPDATE sbtest6 set c=7 WHERE id IN ( 3947746, 6193079, 1362760, 849402, 4026635, 255377, 7424440, 7840376, 3467276, 5789746)
	Update on sbtest6  (cost=0.43..48.53 rows=0 width=0)
	  ->  Index Scan using sbtest6_pkey on sbtest6  (cost=0.43..48.53 rows=10 width=490)
	        Index Cond: (id = ANY ('{3947746,6193079,1362760,849402,4026635,255377,7424440,7840376,3467276,5789746}'::integer[]))

table 7 : explain UPDATE sbtest7 set c=7 WHERE id IN ( 3947746, 6193079, 1362760, 849402, 4026635, 255377, 7424440, 7840376, 3467276, 5789746)
	Update on sbtest7  (cost=0.43..48.53 rows=0 width=0)
	  ->  Index Scan using sbtest7_pkey on sbtest7  (cost=0.43..48.53 rows=10 width=490)
	        Index Cond: (id = ANY ('{3947746,6193079,1362760,849402,4026635,255377,7424440,7840376,3467276,5789746}'::integer[]))

table 8 : explain UPDATE sbtest8 set c=7 WHERE id IN ( 3947746, 6193079, 1362760, 849402, 4026635, 255377, 7424440, 7840376, 3467276, 5789746)
	Update on sbtest8  (cost=0.43..48.53 rows=0 width=0)
	  ->  Index Scan using sbtest8_pkey on sbtest8  (cost=0.43..48.53 rows=10 width=490)
	        Index Cond: (id = ANY ('{3947746,6193079,1362760,849402,4026635,255377,7424440,7840376,3467276,5789746}'::integer[]))

for update-inlist
table 1 : explain UPDATE sbtest1 set c=7 WHERE id IN ( 9465920, 9338225, 5287706, 6350587, 8530447, 628176, 83951, 3853048, 170394, 8776412)
	Update on sbtest1  (cost=0.43..48.53 rows=0 width=0)
	  ->  Index Scan using sbtest1_pkey on sbtest1  (cost=0.43..48.53 rows=10 width=490)
	        Index Cond: (id = ANY ('{9465920,9338225,5287706,6350587,8530447,628176,83951,3853048,170394,8776412}'::integer[]))

table 2 : explain UPDATE sbtest2 set c=7 WHERE id IN ( 9465920, 9338225, 5287706, 6350587, 8530447, 628176, 83951, 3853048, 170394, 8776412)
	Update on sbtest2  (cost=0.43..48.53 rows=0 width=0)
	  ->  Index Scan using sbtest2_pkey on sbtest2  (cost=0.43..48.53 rows=10 width=490)
	        Index Cond: (id = ANY ('{9465920,9338225,5287706,6350587,8530447,628176,83951,3853048,170394,8776412}'::integer[]))

table 3 : explain UPDATE sbtest3 set c=7 WHERE id IN ( 9465920, 9338225, 5287706, 6350587, 8530447, 628176, 83951, 3853048, 170394, 8776412)
	Update on sbtest3  (cost=0.43..48.53 rows=0 width=0)
	  ->  Index Scan using sbtest3_pkey on sbtest3  (cost=0.43..48.53 rows=10 width=490)
	        Index Cond: (id = ANY ('{9465920,9338225,5287706,6350587,8530447,628176,83951,3853048,170394,8776412}'::integer[]))

table 4 : explain UPDATE sbtest4 set c=7 WHERE id IN ( 9465920, 9338225, 5287706, 6350587, 8530447, 628176, 83951, 3853048, 170394, 8776412)
	Update on sbtest4  (cost=0.43..48.53 rows=0 width=0)
	  ->  Index Scan using sbtest4_pkey on sbtest4  (cost=0.43..48.53 rows=10 width=490)
	        Index Cond: (id = ANY ('{9465920,9338225,5287706,6350587,8530447,628176,83951,3853048,170394,8776412}'::integer[]))

table 5 : explain UPDATE sbtest5 set c=7 WHERE id IN ( 9465920, 9338225, 5287706, 6350587, 8530447, 628176, 83951, 3853048, 170394, 8776412)
	Update on sbtest5  (cost=0.43..48.53 rows=0 width=0)
	  ->  Index Scan using sbtest5_pkey on sbtest5  (cost=0.43..48.53 rows=10 width=490)
	        Index Cond: (id = ANY ('{9465920,9338225,5287706,6350587,8530447,628176,83951,3853048,170394,8776412}'::integer[]))

table 6 : explain UPDATE sbtest6 set c=7 WHERE id IN ( 9465920, 9338225, 5287706, 6350587, 8530447, 628176, 83951, 3853048, 170394, 8776412)
	Update on sbtest6  (cost=0.43..48.53 rows=0 width=0)
	  ->  Index Scan using sbtest6_pkey on sbtest6  (cost=0.43..48.53 rows=10 width=490)
	        Index Cond: (id = ANY ('{9465920,9338225,5287706,6350587,8530447,628176,83951,3853048,170394,8776412}'::integer[]))

table 7 : explain UPDATE sbtest7 set c=7 WHERE id IN ( 9465920, 9338225, 5287706, 6350587, 8530447, 628176, 83951, 3853048, 170394, 8776412)
	Update on sbtest7  (cost=0.43..48.53 rows=0 width=0)
	  ->  Index Scan using sbtest7_pkey on sbtest7  (cost=0.43..48.53 rows=10 width=490)
	        Index Cond: (id = ANY ('{9465920,9338225,5287706,6350587,8530447,628176,83951,3853048,170394,8776412}'::integer[]))

table 8 : explain UPDATE sbtest8 set c=7 WHERE id IN ( 9465920, 9338225, 5287706, 6350587, 8530447, 628176, 83951, 3853048, 170394, 8776412)
	Update on sbtest8  (cost=0.43..48.53 rows=0 width=0)
	  ->  Index Scan using sbtest8_pkey on sbtest8  (cost=0.43..48.53 rows=10 width=490)
	        Index Cond: (id = ANY ('{9465920,9338225,5287706,6350587,8530447,628176,83951,3853048,170394,8776412}'::integer[]))

explain: for update-inlist :: explain UPDATE sbtest%d set c=7 WHERE id IN ( 8671150, 9727254, 4690239, 3962127, 6993404, 6388595, 6860042, 7406164, 1147573, 5468817)
explain: for update-inlist :: explain UPDATE sbtest%d set c=7 WHERE id IN ( 3062887, 375472, 1162398, 9595364, 8769065, 7840932, 1963619, 2872698, 3069464, 1435109)
for update-inlist
table 1 : explain UPDATE sbtest1 set c=7 WHERE id IN ( 3875585, 7339431, 9428655, 761628, 4289091, 5371, 4758799, 4353225, 6576279, 573312)
	Update on sbtest1  (cost=0.43..48.53 rows=0 width=0)
	  ->  Index Scan using sbtest1_pkey on sbtest1  (cost=0.43..48.53 rows=10 width=490)
	        Index Cond: (id = ANY ('{3875585,7339431,9428655,761628,4289091,5371,4758799,4353225,6576279,573312}'::integer[]))

table 2 : explain UPDATE sbtest2 set c=7 WHERE id IN ( 3875585, 7339431, 9428655, 761628, 4289091, 5371, 4758799, 4353225, 6576279, 573312)
	Update on sbtest2  (cost=0.43..48.53 rows=0 width=0)
	  ->  Index Scan using sbtest2_pkey on sbtest2  (cost=0.43..48.53 rows=10 width=490)
	        Index Cond: (id = ANY ('{3875585,7339431,9428655,761628,4289091,5371,4758799,4353225,6576279,573312}'::integer[]))

table 3 : explain UPDATE sbtest3 set c=7 WHERE id IN ( 3875585, 7339431, 9428655, 761628, 4289091, 5371, 4758799, 4353225, 6576279, 573312)
	Update on sbtest3  (cost=0.43..48.53 rows=0 width=0)
	  ->  Index Scan using sbtest3_pkey on sbtest3  (cost=0.43..48.53 rows=10 width=490)
	        Index Cond: (id = ANY ('{3875585,7339431,9428655,761628,4289091,5371,4758799,4353225,6576279,573312}'::integer[]))

table 4 : explain UPDATE sbtest4 set c=7 WHERE id IN ( 3875585, 7339431, 9428655, 761628, 4289091, 5371, 4758799, 4353225, 6576279, 573312)
	Update on sbtest4  (cost=0.43..48.53 rows=0 width=0)
	  ->  Index Scan using sbtest4_pkey on sbtest4  (cost=0.43..48.53 rows=10 width=490)
	        Index Cond: (id = ANY ('{3875585,7339431,9428655,761628,4289091,5371,4758799,4353225,6576279,573312}'::integer[]))

table 5 : explain UPDATE sbtest5 set c=7 WHERE id IN ( 3875585, 7339431, 9428655, 761628, 4289091, 5371, 4758799, 4353225, 6576279, 573312)
	Update on sbtest5  (cost=0.43..48.53 rows=0 width=0)
	  ->  Index Scan using sbtest5_pkey on sbtest5  (cost=0.43..48.53 rows=10 width=490)
	        Index Cond: (id = ANY ('{3875585,7339431,9428655,761628,4289091,5371,4758799,4353225,6576279,573312}'::integer[]))

table 6 : explain UPDATE sbtest6 set c=7 WHERE id IN ( 3875585, 7339431, 9428655, 761628, 4289091, 5371, 4758799, 4353225, 6576279, 573312)
	Update on sbtest6  (cost=0.43..48.53 rows=0 width=0)
	  ->  Index Scan using sbtest6_pkey on sbtest6  (cost=0.43..48.53 rows=10 width=490)
	        Index Cond: (id = ANY ('{3875585,7339431,9428655,761628,4289091,5371,4758799,4353225,6576279,573312}'::integer[]))

table 7 : explain UPDATE sbtest7 set c=7 WHERE id IN ( 3875585, 7339431, 9428655, 761628, 4289091, 5371, 4758799, 4353225, 6576279, 573312)
	Update on sbtest7  (cost=0.43..48.53 rows=0 width=0)
	  ->  Index Scan using sbtest7_pkey on sbtest7  (cost=0.43..48.53 rows=10 width=490)
	        Index Cond: (id = ANY ('{3875585,7339431,9428655,761628,4289091,5371,4758799,4353225,6576279,573312}'::integer[]))

table 8 : explain UPDATE sbtest8 set c=7 WHERE id IN ( 3875585, 7339431, 9428655, 761628, 4289091, 5371, 4758799, 4353225, 6576279, 573312)
	Update on sbtest8  (cost=0.43..48.53 rows=0 width=0)
	  ->  Index Scan using sbtest8_pkey on sbtest8  (cost=0.43..48.53 rows=10 width=490)
	        Index Cond: (id = ANY ('{3875585,7339431,9428655,761628,4289091,5371,4758799,4353225,6576279,573312}'::integer[]))

for update-inlist
table 1 : explain UPDATE sbtest1 set c=7 WHERE id IN ( 8671150, 9727254, 4690239, 3962127, 6993404, 6388595, 6860042, 7406164, 1147573, 5468817)
	Update on sbtest1  (cost=0.43..48.53 rows=0 width=0)
	  ->  Index Scan using sbtest1_pkey on sbtest1  (cost=0.43..48.53 rows=10 width=490)
	        Index Cond: (id = ANY ('{8671150,9727254,4690239,3962127,6993404,6388595,6860042,7406164,1147573,5468817}'::integer[]))

table 2 : explain UPDATE sbtest2 set c=7 WHERE id IN ( 8671150, 9727254, 4690239, 3962127, 6993404, 6388595, 6860042, 7406164, 1147573, 5468817)
	Update on sbtest2  (cost=0.43..48.53 rows=0 width=0)
	  ->  Index Scan using sbtest2_pkey on sbtest2  (cost=0.43..48.53 rows=10 width=490)
	        Index Cond: (id = ANY ('{8671150,9727254,4690239,3962127,6993404,6388595,6860042,7406164,1147573,5468817}'::integer[]))

table 3 : explain UPDATE sbtest3 set c=7 WHERE id IN ( 8671150, 9727254, 4690239, 3962127, 6993404, 6388595, 6860042, 7406164, 1147573, 5468817)
	Update on sbtest3  (cost=0.43..48.53 rows=0 width=0)
	  ->  Index Scan using sbtest3_pkey on sbtest3  (cost=0.43..48.53 rows=10 width=490)
	        Index Cond: (id = ANY ('{8671150,9727254,4690239,3962127,6993404,6388595,6860042,7406164,1147573,5468817}'::integer[]))

table 4 : explain UPDATE sbtest4 set c=7 WHERE id IN ( 8671150, 9727254, 4690239, 3962127, 6993404, 6388595, 6860042, 7406164, 1147573, 5468817)
	Update on sbtest4  (cost=0.43..48.53 rows=0 width=0)
	  ->  Index Scan using sbtest4_pkey on sbtest4  (cost=0.43..48.53 rows=10 width=490)
	        Index Cond: (id = ANY ('{8671150,9727254,4690239,3962127,6993404,6388595,6860042,7406164,1147573,5468817}'::integer[]))

table 5 : explain UPDATE sbtest5 set c=7 WHERE id IN ( 8671150, 9727254, 4690239, 3962127, 6993404, 6388595, 6860042, 7406164, 1147573, 5468817)
	Update on sbtest5  (cost=0.43..48.53 rows=0 width=0)
	  ->  Index Scan using sbtest5_pkey on sbtest5  (cost=0.43..48.53 rows=10 width=490)
	        Index Cond: (id = ANY ('{8671150,9727254,4690239,3962127,6993404,6388595,6860042,7406164,1147573,5468817}'::integer[]))

table 6 : explain UPDATE sbtest6 set c=7 WHERE id IN ( 8671150, 9727254, 4690239, 3962127, 6993404, 6388595, 6860042, 7406164, 1147573, 5468817)
	Update on sbtest6  (cost=0.43..48.53 rows=0 width=0)
	  ->  Index Scan using sbtest6_pkey on sbtest6  (cost=0.43..48.53 rows=10 width=490)
	        Index Cond: (id = ANY ('{8671150,9727254,4690239,3962127,6993404,6388595,6860042,7406164,1147573,5468817}'::integer[]))

table 7 : explain UPDATE sbtest7 set c=7 WHERE id IN ( 8671150, 9727254, 4690239, 3962127, 6993404, 6388595, 6860042, 7406164, 1147573, 5468817)
	Update on sbtest7  (cost=0.43..48.53 rows=0 width=0)
	  ->  Index Scan using sbtest7_pkey on sbtest7  (cost=0.43..48.53 rows=10 width=490)
	        Index Cond: (id = ANY ('{8671150,9727254,4690239,3962127,6993404,6388595,6860042,7406164,1147573,5468817}'::integer[]))

table 8 : explain UPDATE sbtest8 set c=7 WHERE id IN ( 8671150, 9727254, 4690239, 3962127, 6993404, 6388595, 6860042, 7406164, 1147573, 5468817)
	Update on sbtest8  (cost=0.43..48.53 rows=0 width=0)
	  ->  Index Scan using sbtest8_pkey on sbtest8  (cost=0.43..48.53 rows=10 width=490)
	        Index Cond: (id = ANY ('{8671150,9727254,4690239,3962127,6993404,6388595,6860042,7406164,1147573,5468817}'::integer[]))

for update-inlist
table 1 : explain UPDATE sbtest1 set c=7 WHERE id IN ( 3062887, 375472, 1162398, 9595364, 8769065, 7840932, 1963619, 2872698, 3069464, 1435109)
	Update on sbtest1  (cost=0.43..48.53 rows=0 width=0)
	  ->  Index Scan using sbtest1_pkey on sbtest1  (cost=0.43..48.53 rows=10 width=490)
	        Index Cond: (id = ANY ('{3062887,375472,1162398,9595364,8769065,7840932,1963619,2872698,3069464,1435109}'::integer[]))

table 2 : explain UPDATE sbtest2 set c=7 WHERE id IN ( 3062887, 375472, 1162398, 9595364, 8769065, 7840932, 1963619, 2872698, 3069464, 1435109)
	Update on sbtest2  (cost=0.43..48.53 rows=0 width=0)
	  ->  Index Scan using sbtest2_pkey on sbtest2  (cost=0.43..48.53 rows=10 width=490)
	        Index Cond: (id = ANY ('{3062887,375472,1162398,9595364,8769065,7840932,1963619,2872698,3069464,1435109}'::integer[]))

table 3 : explain UPDATE sbtest3 set c=7 WHERE id IN ( 3062887, 375472, 1162398, 9595364, 8769065, 7840932, 1963619, 2872698, 3069464, 1435109)
	Update on sbtest3  (cost=0.43..48.53 rows=0 width=0)
	  ->  Index Scan using sbtest3_pkey on sbtest3  (cost=0.43..48.53 rows=10 width=490)
	        Index Cond: (id = ANY ('{3062887,375472,1162398,9595364,8769065,7840932,1963619,2872698,3069464,1435109}'::integer[]))

table 4 : explain UPDATE sbtest4 set c=7 WHERE id IN ( 3062887, 375472, 1162398, 9595364, 8769065, 7840932, 1963619, 2872698, 3069464, 1435109)
	Update on sbtest4  (cost=0.43..48.53 rows=0 width=0)
	  ->  Index Scan using sbtest4_pkey on sbtest4  (cost=0.43..48.53 rows=10 width=490)
	        Index Cond: (id = ANY ('{3062887,375472,1162398,9595364,8769065,7840932,1963619,2872698,3069464,1435109}'::integer[]))

table 5 : explain UPDATE sbtest5 set c=7 WHERE id IN ( 3062887, 375472, 1162398, 9595364, 8769065, 7840932, 1963619, 2872698, 3069464, 1435109)
	Update on sbtest5  (cost=0.43..48.53 rows=0 width=0)
	  ->  Index Scan using sbtest5_pkey on sbtest5  (cost=0.43..48.53 rows=10 width=490)
	        Index Cond: (id = ANY ('{3062887,375472,1162398,9595364,8769065,7840932,1963619,2872698,3069464,1435109}'::integer[]))

table 6 : explain UPDATE sbtest6 set c=7 WHERE id IN ( 3062887, 375472, 1162398, 9595364, 8769065, 7840932, 1963619, 2872698, 3069464, 1435109)
	Update on sbtest6  (cost=0.43..48.53 rows=0 width=0)
	  ->  Index Scan using sbtest6_pkey on sbtest6  (cost=0.43..48.53 rows=10 width=490)
	        Index Cond: (id = ANY ('{3062887,375472,1162398,9595364,8769065,7840932,1963619,2872698,3069464,1435109}'::integer[]))

table 7 : explain UPDATE sbtest7 set c=7 WHERE id IN ( 3062887, 375472, 1162398, 9595364, 8769065, 7840932, 1963619, 2872698, 3069464, 1435109)
	Update on sbtest7  (cost=0.43..48.53 rows=0 width=0)
	  ->  Index Scan using sbtest7_pkey on sbtest7  (cost=0.43..48.53 rows=10 width=490)
	        Index Cond: (id = ANY ('{3062887,375472,1162398,9595364,8769065,7840932,1963619,2872698,3069464,1435109}'::integer[]))

table 8 : explain UPDATE sbtest8 set c=7 WHERE id IN ( 3062887, 375472, 1162398, 9595364, 8769065, 7840932, 1963619, 2872698, 3069464, 1435109)
	Update on sbtest8  (cost=0.43..48.53 rows=0 width=0)
	  ->  Index Scan using sbtest8_pkey on sbtest8  (cost=0.43..48.53 rows=10 width=490)
	        Index Cond: (id = ANY ('{3062887,375472,1162398,9595364,8769065,7840932,1963619,2872698,3069464,1435109}'::integer[]))

explain: for update-inlist :: explain UPDATE sbtest%d set c=7 WHERE id IN ( 2729131, 5258348, 6423776, 4882098, 9687424, 5924488, 1693751, 3557095, 3091321, 3601070)
explain: for update-inlist :: explain UPDATE sbtest%d set c=7 WHERE id IN ( 7470797, 5026133, 4247121, 8454493, 6088270, 2671384, 285691, 2945543, 6148167, 3034195)
for update-inlist
table 1 : explain UPDATE sbtest1 set c=7 WHERE id IN ( 2729131, 5258348, 6423776, 4882098, 9687424, 5924488, 1693751, 3557095, 3091321, 3601070)
	Update on sbtest1  (cost=0.43..48.53 rows=0 width=0)
	  ->  Index Scan using sbtest1_pkey on sbtest1  (cost=0.43..48.53 rows=10 width=490)
	        Index Cond: (id = ANY ('{2729131,5258348,6423776,4882098,9687424,5924488,1693751,3557095,3091321,3601070}'::integer[]))

table 2 : explain UPDATE sbtest2 set c=7 WHERE id IN ( 2729131, 5258348, 6423776, 4882098, 9687424, 5924488, 1693751, 3557095, 3091321, 3601070)
	Update on sbtest2  (cost=0.43..48.53 rows=0 width=0)
	  ->  Index Scan using sbtest2_pkey on sbtest2  (cost=0.43..48.53 rows=10 width=490)
	        Index Cond: (id = ANY ('{2729131,5258348,6423776,4882098,9687424,5924488,1693751,3557095,3091321,3601070}'::integer[]))

table 3 : explain UPDATE sbtest3 set c=7 WHERE id IN ( 2729131, 5258348, 6423776, 4882098, 9687424, 5924488, 1693751, 3557095, 3091321, 3601070)
	Update on sbtest3  (cost=0.43..48.53 rows=0 width=0)
	  ->  Index Scan using sbtest3_pkey on sbtest3  (cost=0.43..48.53 rows=10 width=490)
	        Index Cond: (id = ANY ('{2729131,5258348,6423776,4882098,9687424,5924488,1693751,3557095,3091321,3601070}'::integer[]))

table 4 : explain UPDATE sbtest4 set c=7 WHERE id IN ( 2729131, 5258348, 6423776, 4882098, 9687424, 5924488, 1693751, 3557095, 3091321, 3601070)
	Update on sbtest4  (cost=0.43..48.53 rows=0 width=0)
	  ->  Index Scan using sbtest4_pkey on sbtest4  (cost=0.43..48.53 rows=10 width=490)
	        Index Cond: (id = ANY ('{2729131,5258348,6423776,4882098,9687424,5924488,1693751,3557095,3091321,3601070}'::integer[]))

table 5 : explain UPDATE sbtest5 set c=7 WHERE id IN ( 2729131, 5258348, 6423776, 4882098, 9687424, 5924488, 1693751, 3557095, 3091321, 3601070)
	Update on sbtest5  (cost=0.43..48.53 rows=0 width=0)
	  ->  Index Scan using sbtest5_pkey on sbtest5  (cost=0.43..48.53 rows=10 width=490)
	        Index Cond: (id = ANY ('{2729131,5258348,6423776,4882098,9687424,5924488,1693751,3557095,3091321,3601070}'::integer[]))

table 6 : explain UPDATE sbtest6 set c=7 WHERE id IN ( 2729131, 5258348, 6423776, 4882098, 9687424, 5924488, 1693751, 3557095, 3091321, 3601070)
	Update on sbtest6  (cost=0.43..48.53 rows=0 width=0)
	  ->  Index Scan using sbtest6_pkey on sbtest6  (cost=0.43..48.53 rows=10 width=490)
	        Index Cond: (id = ANY ('{2729131,5258348,6423776,4882098,9687424,5924488,1693751,3557095,3091321,3601070}'::integer[]))

table 7 : explain UPDATE sbtest7 set c=7 WHERE id IN ( 2729131, 5258348, 6423776, 4882098, 9687424, 5924488, 1693751, 3557095, 3091321, 3601070)
	Update on sbtest7  (cost=0.43..48.53 rows=0 width=0)
	  ->  Index Scan using sbtest7_pkey on sbtest7  (cost=0.43..48.53 rows=10 width=490)
	        Index Cond: (id = ANY ('{2729131,5258348,6423776,4882098,9687424,5924488,1693751,3557095,3091321,3601070}'::integer[]))

table 8 : explain UPDATE sbtest8 set c=7 WHERE id IN ( 2729131, 5258348, 6423776, 4882098, 9687424, 5924488, 1693751, 3557095, 3091321, 3601070)
	Update on sbtest8  (cost=0.43..48.53 rows=0 width=0)
	  ->  Index Scan using sbtest8_pkey on sbtest8  (cost=0.43..48.53 rows=10 width=490)
	        Index Cond: (id = ANY ('{2729131,5258348,6423776,4882098,9687424,5924488,1693751,3557095,3091321,3601070}'::integer[]))

for update-inlist
table 1 : explain UPDATE sbtest1 set c=7 WHERE id IN ( 7470797, 5026133, 4247121, 8454493, 6088270, 2671384, 285691, 2945543, 6148167, 3034195)
	Update on sbtest1  (cost=0.43..48.53 rows=0 width=0)
	  ->  Index Scan using sbtest1_pkey on sbtest1  (cost=0.43..48.53 rows=10 width=490)
	        Index Cond: (id = ANY ('{7470797,5026133,4247121,8454493,6088270,2671384,285691,2945543,6148167,3034195}'::integer[]))

table 2 : explain UPDATE sbtest2 set c=7 WHERE id IN ( 7470797, 5026133, 4247121, 8454493, 6088270, 2671384, 285691, 2945543, 6148167, 3034195)
	Update on sbtest2  (cost=0.43..48.53 rows=0 width=0)
	  ->  Index Scan using sbtest2_pkey on sbtest2  (cost=0.43..48.53 rows=10 width=490)
	        Index Cond: (id = ANY ('{7470797,5026133,4247121,8454493,6088270,2671384,285691,2945543,6148167,3034195}'::integer[]))

table 3 : explain UPDATE sbtest3 set c=7 WHERE id IN ( 7470797, 5026133, 4247121, 8454493, 6088270, 2671384, 285691, 2945543, 6148167, 3034195)
	Update on sbtest3  (cost=0.43..48.53 rows=0 width=0)
	  ->  Index Scan using sbtest3_pkey on sbtest3  (cost=0.43..48.53 rows=10 width=490)
	        Index Cond: (id = ANY ('{7470797,5026133,4247121,8454493,6088270,2671384,285691,2945543,6148167,3034195}'::integer[]))

table 4 : explain UPDATE sbtest4 set c=7 WHERE id IN ( 7470797, 5026133, 4247121, 8454493, 6088270, 2671384, 285691, 2945543, 6148167, 3034195)
	Update on sbtest4  (cost=0.43..48.53 rows=0 width=0)
	  ->  Index Scan using sbtest4_pkey on sbtest4  (cost=0.43..48.53 rows=10 width=490)
	        Index Cond: (id = ANY ('{7470797,5026133,4247121,8454493,6088270,2671384,285691,2945543,6148167,3034195}'::integer[]))

table 5 : explain UPDATE sbtest5 set c=7 WHERE id IN ( 7470797, 5026133, 4247121, 8454493, 6088270, 2671384, 285691, 2945543, 6148167, 3034195)
	Update on sbtest5  (cost=0.43..48.53 rows=0 width=0)
	  ->  Index Scan using sbtest5_pkey on sbtest5  (cost=0.43..48.53 rows=10 width=490)
	        Index Cond: (id = ANY ('{7470797,5026133,4247121,8454493,6088270,2671384,285691,2945543,6148167,3034195}'::integer[]))

table 6 : explain UPDATE sbtest6 set c=7 WHERE id IN ( 7470797, 5026133, 4247121, 8454493, 6088270, 2671384, 285691, 2945543, 6148167, 3034195)
	Update on sbtest6  (cost=0.43..48.53 rows=0 width=0)
	  ->  Index Scan using sbtest6_pkey on sbtest6  (cost=0.43..48.53 rows=10 width=490)
	        Index Cond: (id = ANY ('{7470797,5026133,4247121,8454493,6088270,2671384,285691,2945543,6148167,3034195}'::integer[]))

table 7 : explain UPDATE sbtest7 set c=7 WHERE id IN ( 7470797, 5026133, 4247121, 8454493, 6088270, 2671384, 285691, 2945543, 6148167, 3034195)
	Update on sbtest7  (cost=0.43..48.53 rows=0 width=0)
	  ->  Index Scan using sbtest7_pkey on sbtest7  (cost=0.43..48.53 rows=10 width=490)
	        Index Cond: (id = ANY ('{7470797,5026133,4247121,8454493,6088270,2671384,285691,2945543,6148167,3034195}'::integer[]))

table 8 : explain UPDATE sbtest8 set c=7 WHERE id IN ( 7470797, 5026133, 4247121, 8454493, 6088270, 2671384, 285691, 2945543, 6148167, 3034195)
	Update on sbtest8  (cost=0.43..48.53 rows=0 width=0)
	  ->  Index Scan using sbtest8_pkey on sbtest8  (cost=0.43..48.53 rows=10 width=490)
	        Index Cond: (id = ANY ('{7470797,5026133,4247121,8454493,6088270,2671384,285691,2945543,6148167,3034195}'::integer[]))

Threads started!

Warming up for 5 seconds...

SQL statistics:
    queries performed:
        read:                            0
        write:                           114542253
        other:                           0
        total:                           114542253
    transactions:                        114542253 (123161.23 per sec.)
    queries:                             114542253 (123161.23 per sec.)
    ignored errors:                      0      (0.00 per sec.)
    reconnects:                          0      (0.00 per sec.)

Throughput:
    events/s (eps):                      123161.2342
    time elapsed:                        930.0204s
    total number of events:              114542253

Latency (ms):
         min:                                    0.12
         avg:                                    0.32
         max:                                  234.40
         95th percentile:                        0.50
         sum:                             37123239.44

Threads fairness:
    events (avg/stddev):           2863555.3750/36055.74
    execution time (avg/stddev):   928.0810/0.03

