LUA_PATH=/home/mdcallag/git/mytools/bench/sysbench.lua/lua/?.lua /home/mdcallag/git/mytools/bench/sysbench.lua/lua/sysbench --db-driver=pgsql --range-size=1000 --table-size=10000000 --tables=8 --threads=40 --events=0 --warmup-time=5 --time=630 --pgsql_conn_id=true /home/mdcallag/git/mytools/bench/sysbench.lua/lua/oltp_read_only.lua run --pgsql-user=root --pgsql-password=pw --pgsql-host=127.0.0.1 --pgsql-db=ib --rand-type=uniform --simple-ranges=0 --sum-ranges=1 --order-ranges=0 --distinct-ranges=0
48 CPUs
sysbench 1.1.0-9072687 (using bundled LuaJIT 2.1.0-beta3)

Running the test with following options:
Number of threads: 40
Warmup time: 5s
Initializing random number generator from current time


Initializing worker threads...

explain: for point_selects :: explain SELECT c FROM sbtest%u WHERE id=%u
explain: for point_selects :: explain SELECT c FROM sbtest%u WHERE id=%u
explain: for point_selects :: explain SELECT c FROM sbtest%u WHERE id=%u
explain: for point_selects :: explain SELECT c FROM sbtest%u WHERE id=%u
explain: for point_selects :: explain SELECT c FROM sbtest%u WHERE id=%u
explain: for point_selects :: explain SELECT c FROM sbtest%u WHERE id=%u
explain: for point_selects :: explain SELECT c FROM sbtest%u WHERE id=%u
explain: for point_selects :: explain SELECT c FROM sbtest%u WHERE id=%u
explain: for point_selects :: explain SELECT c FROM sbtest%u WHERE id=%u
for point_selects
table 1 : explain SELECT c FROM sbtest1 WHERE id=6910920
	Index Scan using sbtest1_pkey on sbtest1  (cost=0.43..8.45 rows=1 width=121)
	  Index Cond: (id = 6910920)

table 2 : explain SELECT c FROM sbtest2 WHERE id=5691388
	Index Scan using sbtest2_pkey on sbtest2  (cost=0.43..8.45 rows=1 width=121)
	  Index Cond: (id = 5691388)

table 3 : explain SELECT c FROM sbtest3 WHERE id=4320484
	Index Scan using sbtest3_pkey on sbtest3  (cost=0.43..8.45 rows=1 width=121)
	  Index Cond: (id = 4320484)

table 4 : explain SELECT c FROM sbtest4 WHERE id=6940886
	Index Scan using sbtest4_pkey on sbtest4  (cost=0.43..8.45 rows=1 width=121)
	  Index Cond: (id = 6940886)

table 5 : explain SELECT c FROM sbtest5 WHERE id=1078005
	Index Scan using sbtest5_pkey on sbtest5  (cost=0.43..8.45 rows=1 width=121)
	  Index Cond: (id = 1078005)

table 6 : explain SELECT c FROM sbtest6 WHERE id=8952212
	Index Scan using sbtest6_pkey on sbtest6  (cost=0.43..8.45 rows=1 width=121)
	  Index Cond: (id = 8952212)

table 7 : explain SELECT c FROM sbtest7 WHERE id=2099570
	Index Scan using sbtest7_pkey on sbtest7  (cost=0.43..8.45 rows=1 width=121)
	  Index Cond: (id = 2099570)

table 8 : explain SELECT c FROM sbtest8 WHERE id=7386557
	Index Scan using sbtest8_pkey on sbtest8  (cost=0.43..8.45 rows=1 width=121)
	  Index Cond: (id = 7386557)

for point_selects
table 1 : explain SELECT c FROM sbtest1 WHERE id=7290827
	Index Scan using sbtest1_pkey on sbtest1  (cost=0.43..8.45 rows=1 width=121)
	  Index Cond: (id = 7290827)

table 2 : explain SELECT c FROM sbtest2 WHERE id=7809272
	Index Scan using sbtest2_pkey on sbtest2  (cost=0.43..8.45 rows=1 width=121)
	  Index Cond: (id = 7809272)

table 3 : explain SELECT c FROM sbtest3 WHERE id=4138376
	Index Scan using sbtest3_pkey on sbtest3  (cost=0.43..8.45 rows=1 width=121)
	  Index Cond: (id = 4138376)

table 4 : explain SELECT c FROM sbtest4 WHERE id=9017824
	Index Scan using sbtest4_pkey on sbtest4  (cost=0.43..8.45 rows=1 width=121)
	  Index Cond: (id = 9017824)

table 5 : explain SELECT c FROM sbtest5 WHERE id=4095875
	Index Scan using sbtest5_pkey on sbtest5  (cost=0.43..8.45 rows=1 width=121)
	  Index Cond: (id = 4095875)

table 6 : explain SELECT c FROM sbtest6 WHERE id=3532732
	Index Scan using sbtest6_pkey on sbtest6  (cost=0.43..8.45 rows=1 width=121)
	  Index Cond: (id = 3532732)

table 7 : explain SELECT c FROM sbtest7 WHERE id=5919309
	Index Scan using sbtest7_pkey on sbtest7  (cost=0.43..8.45 rows=1 width=121)
	  Index Cond: (id = 5919309)

table 8 : explain SELECT c FROM sbtest8 WHERE id=1123170
	Index Scan using sbtest8_pkey on sbtest8  (cost=0.43..8.45 rows=1 width=121)
	  Index Cond: (id = 1123170)

for point_selects
table 1 : explain SELECT c FROM sbtest1 WHERE id=580007
	Index Scan using sbtest1_pkey on sbtest1  (cost=0.43..8.45 rows=1 width=121)
	  Index Cond: (id = 580007)

table 2 : explain SELECT c FROM sbtest2 WHERE id=9265555
	Index Scan using sbtest2_pkey on sbtest2  (cost=0.43..8.45 rows=1 width=121)
	  Index Cond: (id = 9265555)

table 3 : explain SELECT c FROM sbtest3 WHERE id=9155101
	Index Scan using sbtest3_pkey on sbtest3  (cost=0.43..8.45 rows=1 width=121)
	  Index Cond: (id = 9155101)

table 4 : explain SELECT c FROM sbtest4 WHERE id=7731501
	Index Scan using sbtest4_pkey on sbtest4  (cost=0.43..8.45 rows=1 width=121)
	  Index Cond: (id = 7731501)

table 5 : explain SELECT c FROM sbtest5 WHERE id=8759816
	Index Scan using sbtest5_pkey on sbtest5  (cost=0.43..8.45 rows=1 width=121)
	  Index Cond: (id = 8759816)

table 6 : explain SELECT c FROM sbtest6 WHERE id=2758112
	Index Scan using sbtest6_pkey on sbtest6  (cost=0.43..8.45 rows=1 width=121)
	  Index Cond: (id = 2758112)

table 7 : explain SELECT c FROM sbtest7 WHERE id=3349038
	Index Scan using sbtest7_pkey on sbtest7  (cost=0.43..8.45 rows=1 width=121)
	  Index Cond: (id = 3349038)

table 8 : explain SELECT c FROM sbtest8 WHERE id=4223212
	Index Scan using sbtest8_pkey on sbtest8  (cost=0.43..8.45 rows=1 width=121)
	  Index Cond: (id = 4223212)

for point_selects
table 1 : explain SELECT c FROM sbtest1 WHERE id=1306839
	Index Scan using sbtest1_pkey on sbtest1  (cost=0.43..8.45 rows=1 width=121)
	  Index Cond: (id = 1306839)

table 2 : explain SELECT c FROM sbtest2 WHERE id=5600425
	Index Scan using sbtest2_pkey on sbtest2  (cost=0.43..8.45 rows=1 width=121)
	  Index Cond: (id = 5600425)

table 3 : explain SELECT c FROM sbtest3 WHERE id=8541148
	Index Scan using sbtest3_pkey on sbtest3  (cost=0.43..8.45 rows=1 width=121)
	  Index Cond: (id = 8541148)

table 4 : explain SELECT c FROM sbtest4 WHERE id=3746062
	Index Scan using sbtest4_pkey on sbtest4  (cost=0.43..8.45 rows=1 width=121)
	  Index Cond: (id = 3746062)

table 5 : explain SELECT c FROM sbtest5 WHERE id=3995772
	Index Scan using sbtest5_pkey on sbtest5  (cost=0.43..8.45 rows=1 width=121)
	  Index Cond: (id = 3995772)

table 6 : explain SELECT c FROM sbtest6 WHERE id=6867919
	Index Scan using sbtest6_pkey on sbtest6  (cost=0.43..8.45 rows=1 width=121)
	  Index Cond: (id = 6867919)

table 7 : explain SELECT c FROM sbtest7 WHERE id=6913905
	Index Scan using sbtest7_pkey on sbtest7  (cost=0.43..8.45 rows=1 width=121)
	  Index Cond: (id = 6913905)

table 8 : explain SELECT c FROM sbtest8 WHERE id=6017392
	Index Scan using sbtest8_pkey on sbtest8  (cost=0.43..8.45 rows=1 width=121)
	  Index Cond: (id = 6017392)

for: simple_ranges
table 1 : explain SELECT c FROM sbtest1 WHERE id BETWEEN 2159324 AND 2160323
	Bitmap Heap Scan on sbtest1  (cost=23.14..4025.15 rows=1044 width=121)
	  Recheck Cond: ((id >= 2159324) AND (id <= 2160323))
	  ->  Bitmap Index Scan on sbtest1_pkey  (cost=0.00..22.87 rows=1044 width=0)
	        Index Cond: ((id >= 2159324) AND (id <= 2160323))

table 2 : explain SELECT c FROM sbtest2 WHERE id BETWEEN 172154 AND 173153
	Bitmap Heap Scan on sbtest2  (cost=22.04..3623.35 rows=937 width=121)
	  Recheck Cond: ((id >= 172154) AND (id <= 173153))
	  ->  Bitmap Index Scan on sbtest2_pkey  (cost=0.00..21.80 rows=937 width=0)
	        Index Cond: ((id >= 172154) AND (id <= 173153))

table 3 : explain SELECT c FROM sbtest3 WHERE id BETWEEN 5497949 AND 5498948
	Bitmap Heap Scan on sbtest3  (cost=21.83..3547.91 rows=917 width=121)
	  Recheck Cond: ((id >= 5497949) AND (id <= 5498948))
	  ->  Bitmap Index Scan on sbtest3_pkey  (cost=0.00..21.61 rows=917 width=0)
	        Index Cond: ((id >= 5497949) AND (id <= 5498948))

table 4 : explain SELECT c FROM sbtest4 WHERE id BETWEEN 4444581 AND 4445580
	Bitmap Heap Scan on sbtest4  (cost=21.96..3594.23 rows=929 width=121)
	  Recheck Cond: ((id >= 4444581) AND (id <= 4445580))
	  ->  Bitmap Index Scan on sbtest4_pkey  (cost=0.00..21.72 rows=929 width=0)
	        Index Cond: ((id >= 4444581) AND (id <= 4445580))

table 5 : explain SELECT c FROM sbtest5 WHERE id BETWEEN 8366372 AND 8367371
	Bitmap Heap Scan on sbtest5  (cost=22.81..3907.28 rows=1012 width=121)
	  Recheck Cond: ((id >= 8366372) AND (id <= 8367371))
	  ->  Bitmap Index Scan on sbtest5_pkey  (cost=0.00..22.55 rows=1012 width=0)
	        Index Cond: ((id >= 8366372) AND (id <= 8367371))

table 6 : explain SELECT c FROM sbtest6 WHERE id BETWEEN 5550731 AND 5551730
	Bitmap Heap Scan on sbtest6  (cost=22.24..3700.02 rows=957 width=121)
	  Recheck Cond: ((id >= 5550731) AND (id <= 5551730))
	  ->  Bitmap Index Scan on sbtest6_pkey  (cost=0.00..22.00 rows=957 width=0)
	        Index Cond: ((id >= 5550731) AND (id <= 5551730))

table 7 : explain SELECT c FROM sbtest7 WHERE id BETWEEN 3733422 AND 3734421
	Bitmap Heap Scan on sbtest7  (cost=22.70..3866.93 rows=1001 width=121)
	  Recheck Cond: ((id >= 3733422) AND (id <= 3734421))
	  ->  Bitmap Index Scan on sbtest7_pkey  (cost=0.00..22.44 rows=1001 width=0)
	        Index Cond: ((id >= 3733422) AND (id <= 3734421))

table 8 : explain SELECT c FROM sbtest8 WHERE id BETWEEN 6837193 AND 6838192
	Bitmap Heap Scan on sbtest8  (cost=22.31..3723.58 rows=963 width=121)
	  Recheck Cond: ((id >= 6837193) AND (id <= 6838192))
	  ->  Bitmap Index Scan on sbtest8_pkey  (cost=0.00..22.07 rows=963 width=0)
	        Index Cond: ((id >= 6837193) AND (id <= 6838192))

for point_selects
table 1 : explain SELECT c FROM sbtest1 WHERE id=2927674
	Index Scan using sbtest1_pkey on sbtest1  (cost=0.43..8.45 rows=1 width=121)
	  Index Cond: (id = 2927674)

table 2 : explain SELECT c FROM sbtest2 WHERE id=5979831
	Index Scan using sbtest2_pkey on sbtest2  (cost=0.43..8.45 rows=1 width=121)
	  Index Cond: (id = 5979831)

table 3 : explain SELECT c FROM sbtest3 WHERE id=1149808
	Index Scan using sbtest3_pkey on sbtest3  (cost=0.43..8.45 rows=1 width=121)
	  Index Cond: (id = 1149808)

table 4 : explain SELECT c FROM sbtest4 WHERE id=8108447
	Index Scan using sbtest4_pkey on sbtest4  (cost=0.43..8.45 rows=1 width=121)
	  Index Cond: (id = 8108447)

table 5 : explain SELECT c FROM sbtest5 WHERE id=8939728
	Index Scan using sbtest5_pkey on sbtest5  (cost=0.43..8.45 rows=1 width=121)
	  Index Cond: (id = 8939728)

table 6 : explain SELECT c FROM sbtest6 WHERE id=5456098
	Index Scan using sbtest6_pkey on sbtest6  (cost=0.43..8.45 rows=1 width=121)
	  Index Cond: (id = 5456098)

table 7 : explain SELECT c FROM sbtest7 WHERE id=9722315
	Index Scan using sbtest7_pkey on sbtest7  (cost=0.43..8.45 rows=1 width=121)
	  Index Cond: (id = 9722315)

table 8 : explain SELECT c FROM sbtest8 WHERE id=7684998
	Index Scan using sbtest8_pkey on sbtest8  (cost=0.43..8.45 rows=1 width=121)
	  Index Cond: (id = 7684998)

for: simple_ranges
table 1 : explain SELECT c FROM sbtest1 WHERE id BETWEEN 4724793 AND 4725792
	Bitmap Heap Scan on sbtest1  (cost=22.45..3773.06 rows=977 width=121)
	  Recheck Cond: ((id >= 4724793) AND (id <= 4725792))
	  ->  Bitmap Index Scan on sbtest1_pkey  (cost=0.00..22.20 rows=977 width=0)
	        Index Cond: ((id >= 4724793) AND (id <= 4725792))

table 2 : explain SELECT c FROM sbtest2 WHERE id BETWEEN 3711566 AND 3712565
	Bitmap Heap Scan on sbtest2  (cost=22.02..3615.80 rows=935 width=121)
	  Recheck Cond: ((id >= 3711566) AND (id <= 3712565))
	  ->  Bitmap Index Scan on sbtest2_pkey  (cost=0.00..21.79 rows=935 width=0)
	        Index Cond: ((id >= 3711566) AND (id <= 3712565))

table 3 : explain SELECT c FROM sbtest3 WHERE id BETWEEN 4213654 AND 4214653
	Bitmap Heap Scan on sbtest3  (cost=22.90..3939.98 rows=1021 width=121)
	  Recheck Cond: ((id >= 4213654) AND (id <= 4214653))
	  ->  Bitmap Index Scan on sbtest3_pkey  (cost=0.00..22.64 rows=1021 width=0)
	        Index Cond: ((id >= 4213654) AND (id <= 4214653))

table 4 : explain SELECT c FROM sbtest4 WHERE id BETWEEN 2228113 AND 2229112
	Bitmap Heap Scan on sbtest4  (cost=22.19..3681.07 rows=952 width=121)
	  Recheck Cond: ((id >= 2228113) AND (id <= 2229112))
	  ->  Bitmap Index Scan on sbtest4_pkey  (cost=0.00..21.95 rows=952 width=0)
	        Index Cond: ((id >= 2228113) AND (id <= 2229112))

table 5 : explain SELECT c FROM sbtest5 WHERE id BETWEEN 7074260 AND 7075259
	Bitmap Heap Scan on sbtest5  (cost=22.40..3756.54 rows=972 width=121)
	  Recheck Cond: ((id >= 7074260) AND (id <= 7075259))
	  ->  Bitmap Index Scan on sbtest5_pkey  (cost=0.00..22.15 rows=972 width=0)
	        Index Cond: ((id >= 7074260) AND (id <= 7075259))

table 6 : explain SELECT c FROM sbtest6 WHERE id BETWEEN 1289621 AND 1290620
	Bitmap Heap Scan on sbtest6  (cost=22.68..3862.15 rows=1000 width=121)
	  Recheck Cond: ((id >= 1289621) AND (id <= 1290620))
	  ->  Bitmap Index Scan on sbtest6_pkey  (cost=0.00..22.43 rows=1000 width=0)
	        Index Cond: ((id >= 1289621) AND (id <= 1290620))

table 7 : explain SELECT c FROM sbtest7 WHERE id BETWEEN 1703575 AND 1704574
	Bitmap Heap Scan on sbtest7  (cost=22.24..3700.97 rows=957 width=121)
	  Recheck Cond: ((id >= 1703575) AND (id <= 1704574))
	  ->  Bitmap Index Scan on sbtest7_pkey  (cost=0.00..22.00 rows=957 width=0)
	        Index Cond: ((id >= 1703575) AND (id <= 1704574))

table 8 : explain SELECT c FROM sbtest8 WHERE id BETWEEN 859176 AND 860175
	Bitmap Heap Scan on sbtest8  (cost=22.48..3787.72 rows=980 width=121)
	  Recheck Cond: ((id >= 859176) AND (id <= 860175))
	  ->  Bitmap Index Scan on sbtest8_pkey  (cost=0.00..22.23 rows=980 width=0)
	        Index Cond: ((id >= 859176) AND (id <= 860175))

for point_selects
table 1 : explain SELECT c FROM sbtest1 WHERE id=3192790
	Index Scan using sbtest1_pkey on sbtest1  (cost=0.43..8.45 rows=1 width=121)
	  Index Cond: (id = 3192790)

table 2 : explain SELECT c FROM sbtest2 WHERE id=7111582
	Index Scan using sbtest2_pkey on sbtest2  (cost=0.43..8.45 rows=1 width=121)
	  Index Cond: (id = 7111582)

table 3 : explain SELECT c FROM sbtest3 WHERE id=1025840
	Index Scan using sbtest3_pkey on sbtest3  (cost=0.43..8.45 rows=1 width=121)
	  Index Cond: (id = 1025840)

table 4 : explain SELECT c FROM sbtest4 WHERE id=7064199
	Index Scan using sbtest4_pkey on sbtest4  (cost=0.43..8.45 rows=1 width=121)
	  Index Cond: (id = 7064199)

table 5 : explain SELECT c FROM sbtest5 WHERE id=1005266
	Index Scan using sbtest5_pkey on sbtest5  (cost=0.43..8.45 rows=1 width=121)
	  Index Cond: (id = 1005266)

table 6 : explain SELECT c FROM sbtest6 WHERE id=6311677
	Index Scan using sbtest6_pkey on sbtest6  (cost=0.43..8.45 rows=1 width=121)
	  Index Cond: (id = 6311677)

table 7 : explain SELECT c FROM sbtest7 WHERE id=8092369
	Index Scan using sbtest7_pkey on sbtest7  (cost=0.43..8.45 rows=1 width=121)
	  Index Cond: (id = 8092369)

table 8 : explain SELECT c FROM sbtest8 WHERE id=256960
	Index Scan using sbtest8_pkey on sbtest8  (cost=0.43..8.45 rows=1 width=121)
	  Index Cond: (id = 256960)

explain: for point_selects :: explain SELECT c FROM sbtest%u WHERE id=%u
for point_selects
table 1 : explain SELECT c FROM sbtest1 WHERE id=1308078
	Index Scan using sbtest1_pkey on sbtest1  (cost=0.43..8.45 rows=1 width=121)
	  Index Cond: (id = 1308078)

table 2 : explain SELECT c FROM sbtest2 WHERE id=6539618
	Index Scan using sbtest2_pkey on sbtest2  (cost=0.43..8.45 rows=1 width=121)
	  Index Cond: (id = 6539618)

table 3 : explain SELECT c FROM sbtest3 WHERE id=1729564
	Index Scan using sbtest3_pkey on sbtest3  (cost=0.43..8.45 rows=1 width=121)
	  Index Cond: (id = 1729564)

table 4 : explain SELECT c FROM sbtest4 WHERE id=3556878
	Index Scan using sbtest4_pkey on sbtest4  (cost=0.43..8.45 rows=1 width=121)
	  Index Cond: (id = 3556878)

table 5 : explain SELECT c FROM sbtest5 WHERE id=2530473
	Index Scan using sbtest5_pkey on sbtest5  (cost=0.43..8.45 rows=1 width=121)
	  Index Cond: (id = 2530473)

table 6 : explain SELECT c FROM sbtest6 WHERE id=3641066
	Index Scan using sbtest6_pkey on sbtest6  (cost=0.43..8.45 rows=1 width=121)
	  Index Cond: (id = 3641066)

table 7 : explain SELECT c FROM sbtest7 WHERE id=4223004
	Index Scan using sbtest7_pkey on sbtest7  (cost=0.43..8.45 rows=1 width=121)
	  Index Cond: (id = 4223004)

table 8 : explain SELECT c FROM sbtest8 WHERE id=1095029
	Index Scan using sbtest8_pkey on sbtest8  (cost=0.43..8.45 rows=1 width=121)
	  Index Cond: (id = 1095029)

for point_selects
table 1 : explain SELECT c FROM sbtest1 WHERE id=8441489
	Index Scan using sbtest1_pkey on sbtest1  (cost=0.43..8.45 rows=1 width=121)
	  Index Cond: (id = 8441489)

table 2 : explain SELECT c FROM sbtest2 WHERE id=7079961
	Index Scan using sbtest2_pkey on sbtest2  (cost=0.43..8.45 rows=1 width=121)
	  Index Cond: (id = 7079961)

table 3 : explain SELECT c FROM sbtest3 WHERE id=7945532
	Index Scan using sbtest3_pkey on sbtest3  (cost=0.43..8.45 rows=1 width=121)
	  Index Cond: (id = 7945532)

table 4 : explain SELECT c FROM sbtest4 WHERE id=1103437
	Index Scan using sbtest4_pkey on sbtest4  (cost=0.43..8.45 rows=1 width=121)
	  Index Cond: (id = 1103437)

table 5 : explain SELECT c FROM sbtest5 WHERE id=3511999
	Index Scan using sbtest5_pkey on sbtest5  (cost=0.43..8.45 rows=1 width=121)
	  Index Cond: (id = 3511999)

table 6 : explain SELECT c FROM sbtest6 WHERE id=2852101
	Index Scan using sbtest6_pkey on sbtest6  (cost=0.43..8.45 rows=1 width=121)
	  Index Cond: (id = 2852101)

table 7 : explain SELECT c FROM sbtest7 WHERE id=3553113
	Index Scan using sbtest7_pkey on sbtest7  (cost=0.43..8.45 rows=1 width=121)
	  Index Cond: (id = 3553113)

table 8 : explain SELECT c FROM sbtest8 WHERE id=5521926
	Index Scan using sbtest8_pkey on sbtest8  (cost=0.43..8.45 rows=1 width=121)
	  Index Cond: (id = 5521926)

for: simple_ranges
table 1 : explain SELECT c FROM sbtest1 WHERE id BETWEEN 673566 AND 674565
	Bitmap Heap Scan on sbtest1  (cost=27.77..4258.20 rows=1106 width=121)
	  Recheck Cond: ((id >= 673566) AND (id <= 674565))
	  ->  Bitmap Index Scan on sbtest1_pkey  (cost=0.00..27.50 rows=1106 width=0)
	        Index Cond: ((id >= 673566) AND (id <= 674565))

table 2 : explain SELECT c FROM sbtest2 WHERE id BETWEEN 4514808 AND 4515807
	Bitmap Heap Scan on sbtest2  (cost=21.85..3555.40 rows=919 width=121)
	  Recheck Cond: ((id >= 4514808) AND (id <= 4515807))
	  ->  Bitmap Index Scan on sbtest2_pkey  (cost=0.00..21.62 rows=919 width=0)
	        Index Cond: ((id >= 4514808) AND (id <= 4515807))

table 3 : explain SELECT c FROM sbtest3 WHERE id BETWEEN 3394065 AND 3395064
	Bitmap Heap Scan on sbtest3  (cost=22.03..3619.64 rows=936 width=121)
	  Recheck Cond: ((id >= 3394065) AND (id <= 3395064))
	  ->  Bitmap Index Scan on sbtest3_pkey  (cost=0.00..21.79 rows=936 width=0)
	        Index Cond: ((id >= 3394065) AND (id <= 3395064))

table 4 : explain SELECT c FROM sbtest4 WHERE id BETWEEN 2577475 AND 2578474
	Bitmap Heap Scan on sbtest4  (cost=22.91..3944.91 rows=1022 width=121)
	  Recheck Cond: ((id >= 2577475) AND (id <= 2578474))
	  ->  Bitmap Index Scan on sbtest4_pkey  (cost=0.00..22.65 rows=1022 width=0)
	        Index Cond: ((id >= 2577475) AND (id <= 2578474))

table 5 : explain SELECT c FROM sbtest5 WHERE id BETWEEN 2125571 AND 2126570
	Bitmap Heap Scan on sbtest5  (cost=22.47..3782.93 rows=979 width=121)
	  Recheck Cond: ((id >= 2125571) AND (id <= 2126570))
	  ->  Bitmap Index Scan on sbtest5_pkey  (cost=0.00..22.22 rows=979 width=0)
	        Index Cond: ((id >= 2125571) AND (id <= 2126570))

table 6 : explain SELECT c FROM sbtest6 WHERE id BETWEEN 474993 AND 475992
	Bitmap Heap Scan on sbtest6  (cost=21.57..3450.69 rows=891 width=121)
	  Recheck Cond: ((id >= 474993) AND (id <= 475992))
	  ->  Bitmap Index Scan on sbtest6_pkey  (cost=0.00..21.34 rows=891 width=0)
	        Index Cond: ((id >= 474993) AND (id <= 475992))

table 7 : explain SELECT c FROM sbtest7 WHERE id BETWEEN 9540820 AND 9541819
	Bitmap Heap Scan on sbtest7  (cost=22.08..3640.55 rows=941 width=121)
	  Recheck Cond: ((id >= 9540820) AND (id <= 9541819))
	  ->  Bitmap Index Scan on sbtest7_pkey  (cost=0.00..21.84 rows=941 width=0)
	        Index Cond: ((id >= 9540820) AND (id <= 9541819))

table 8 : explain SELECT c FROM sbtest8 WHERE id BETWEEN 8079852 AND 8080851
	Bitmap Heap Scan on sbtest8  (cost=22.53..3806.57 rows=985 width=121)
	  Recheck Cond: ((id >= 8079852) AND (id <= 8080851))
	  ->  Bitmap Index Scan on sbtest8_pkey  (cost=0.00..22.29 rows=985 width=0)
	        Index Cond: ((id >= 8079852) AND (id <= 8080851))

for: simple_ranges
table 1 : explain SELECT c FROM sbtest1 WHERE id BETWEEN 1281695 AND 1282694
	Bitmap Heap Scan on sbtest1  (cost=22.63..3840.84 rows=995 width=121)
	  Recheck Cond: ((id >= 1281695) AND (id <= 1282694))
	  ->  Bitmap Index Scan on sbtest1_pkey  (cost=0.00..22.39 rows=995 width=0)
	        Index Cond: ((id >= 1281695) AND (id <= 1282694))

table 2 : explain SELECT c FROM sbtest2 WHERE id BETWEEN 1092078 AND 1093077
	Bitmap Heap Scan on sbtest2  (cost=22.53..3804.35 rows=985 width=121)
	  Recheck Cond: ((id >= 1092078) AND (id <= 1093077))
	  ->  Bitmap Index Scan on sbtest2_pkey  (cost=0.00..22.29 rows=985 width=0)
	        Index Cond: ((id >= 1092078) AND (id <= 1093077))

table 3 : explain SELECT c FROM sbtest3 WHERE id BETWEEN 5143919 AND 5144918
	Bitmap Heap Scan on sbtest3  (cost=23.19..4045.30 rows=1049 width=121)
	  Recheck Cond: ((id >= 5143919) AND (id <= 5144918))
	  ->  Bitmap Index Scan on sbtest3_pkey  (cost=0.00..22.93 rows=1049 width=0)
	        Index Cond: ((id >= 5143919) AND (id <= 5144918))

table 4 : explain SELECT c FROM sbtest4 WHERE id BETWEEN 9509753 AND 9510752
	Bitmap Heap Scan on sbtest4  (cost=22.37..3745.20 rows=969 width=121)
	  Recheck Cond: ((id >= 9509753) AND (id <= 9510752))
	  ->  Bitmap Index Scan on sbtest4_pkey  (cost=0.00..22.12 rows=969 width=0)
	        Index Cond: ((id >= 9509753) AND (id <= 9510752))

table 5 : explain SELECT c FROM sbtest5 WHERE id BETWEEN 2273566 AND 2274565
	Bitmap Heap Scan on sbtest5  (cost=22.81..3907.28 rows=1012 width=121)
	  Recheck Cond: ((id >= 2273566) AND (id <= 2274565))
	  ->  Bitmap Index Scan on sbtest5_pkey  (cost=0.00..22.55 rows=1012 width=0)
	        Index Cond: ((id >= 2273566) AND (id <= 2274565))

table 6 : explain SELECT c FROM sbtest6 WHERE id BETWEEN 7091785 AND 7092784
	Bitmap Heap Scan on sbtest6  (cost=21.43..3401.51 rows=878 width=121)
	  Recheck Cond: ((id >= 7091785) AND (id <= 7092784))
	  ->  Bitmap Index Scan on sbtest6_pkey  (cost=0.00..21.21 rows=878 width=0)
	        Index Cond: ((id >= 7091785) AND (id <= 7092784))

table 7 : explain SELECT c FROM sbtest7 WHERE id BETWEEN 2108394 AND 2109393
	Bitmap Heap Scan on sbtest7  (cost=22.02..3617.89 rows=935 width=121)
	  Recheck Cond: ((id >= 2108394) AND (id <= 2109393))
	  ->  Bitmap Index Scan on sbtest7_pkey  (cost=0.00..21.79 rows=935 width=0)
	        Index Cond: ((id >= 2108394) AND (id <= 2109393))

table 8 : explain SELECT c FROM sbtest8 WHERE id BETWEEN 3735910 AND 3736909
	Bitmap Heap Scan on sbtest8  (cost=22.60..3832.97 rows=992 width=121)
	  Recheck Cond: ((id >= 3735910) AND (id <= 3736909))
	  ->  Bitmap Index Scan on sbtest8_pkey  (cost=0.00..22.36 rows=992 width=0)
	        Index Cond: ((id >= 3735910) AND (id <= 3736909))

for: simple_ranges
table 1 : explain SELECT c FROM sbtest1 WHERE id BETWEEN 520973 AND 521972
	Bitmap Heap Scan on sbtest1  (cost=22.00..3607.18 rows=933 width=121)
	  Recheck Cond: ((id >= 520973) AND (id <= 521972))
	  ->  Bitmap Index Scan on sbtest1_pkey  (cost=0.00..21.76 rows=933 width=0)
	        Index Cond: ((id >= 520973) AND (id <= 521972))

table 2 : explain SELECT c FROM sbtest2 WHERE id BETWEEN 366547 AND 367546
	Bitmap Heap Scan on sbtest2  (cost=23.19..4045.22 rows=1049 width=121)
	  Recheck Cond: ((id >= 366547) AND (id <= 367546))
	  ->  Bitmap Index Scan on sbtest2_pkey  (cost=0.00..22.93 rows=1049 width=0)
	        Index Cond: ((id >= 366547) AND (id <= 367546))

table 3 : explain SELECT c FROM sbtest3 WHERE id BETWEEN 8805537 AND 8806536
	Bitmap Heap Scan on sbtest3  (cost=23.25..4067.85 rows=1055 width=121)
	  Recheck Cond: ((id >= 8805537) AND (id <= 8806536))
	  ->  Bitmap Index Scan on sbtest3_pkey  (cost=0.00..22.98 rows=1055 width=0)
	        Index Cond: ((id >= 8805537) AND (id <= 8806536))

table 4 : explain SELECT c FROM sbtest4 WHERE id BETWEEN 9591771 AND 9592770
	Bitmap Heap Scan on sbtest4  (cost=22.37..3745.20 rows=969 width=121)
	  Recheck Cond: ((id >= 9591771) AND (id <= 9592770))
	  ->  Bitmap Index Scan on sbtest4_pkey  (cost=0.00..22.12 rows=969 width=0)
	        Index Cond: ((id >= 9591771) AND (id <= 9592770))

table 5 : explain SELECT c FROM sbtest5 WHERE id BETWEEN 2136721 AND 2137720
	Bitmap Heap Scan on sbtest5  (cost=22.47..3782.93 rows=979 width=121)
	  Recheck Cond: ((id >= 2136721) AND (id <= 2137720))
	  ->  Bitmap Index Scan on sbtest5_pkey  (cost=0.00..22.22 rows=979 width=0)
	        Index Cond: ((id >= 2136721) AND (id <= 2137720))

table 6 : explain SELECT c FROM sbtest6 WHERE id BETWEEN 2879784 AND 2880783
	Bitmap Heap Scan on sbtest6  (cost=22.42..3764.15 rows=974 width=121)
	  Recheck Cond: ((id >= 2879784) AND (id <= 2880783))
	  ->  Bitmap Index Scan on sbtest6_pkey  (cost=0.00..22.18 rows=974 width=0)
	        Index Cond: ((id >= 2879784) AND (id <= 2880783))

table 7 : explain SELECT c FROM sbtest7 WHERE id BETWEEN 4731970 AND 4732969
	Bitmap Heap Scan on sbtest7  (cost=28.01..4348.62 rows=1129 width=121)
	  Recheck Cond: ((id >= 4731970) AND (id <= 4732969))
	  ->  Bitmap Index Scan on sbtest7_pkey  (cost=0.00..27.72 rows=1129 width=0)
	        Index Cond: ((id >= 4731970) AND (id <= 4732969))

table 8 : explain SELECT c FROM sbtest8 WHERE id BETWEEN 500868 AND 501867
	Bitmap Heap Scan on sbtest8  (cost=22.20..3685.83 rows=953 width=121)
	  Recheck Cond: ((id >= 500868) AND (id <= 501867))
	  ->  Bitmap Index Scan on sbtest8_pkey  (cost=0.00..21.96 rows=953 width=0)
	        Index Cond: ((id >= 500868) AND (id <= 501867))

explain: for point_selects :: explain SELECT c FROM sbtest%u WHERE id=%u
for: simple_ranges
table 1 : explain SELECT c FROM sbtest1 WHERE id BETWEEN 4214919 AND 4215918
	Bitmap Heap Scan on sbtest1  (cost=22.68..3859.66 rows=1000 width=121)
	  Recheck Cond: ((id >= 4214919) AND (id <= 4215918))
	  ->  Bitmap Index Scan on sbtest1_pkey  (cost=0.00..22.43 rows=1000 width=0)
	        Index Cond: ((id >= 4214919) AND (id <= 4215918))

table 2 : explain SELECT c FROM sbtest2 WHERE id BETWEEN 335255 AND 336254
	Bitmap Heap Scan on sbtest2  (cost=23.19..4045.22 rows=1049 width=121)
	  Recheck Cond: ((id >= 335255) AND (id <= 336254))
	  ->  Bitmap Index Scan on sbtest2_pkey  (cost=0.00..22.93 rows=1049 width=0)
	        Index Cond: ((id >= 335255) AND (id <= 336254))

table 3 : explain SELECT c FROM sbtest3 WHERE id BETWEEN 2617646 AND 2618645
	Bitmap Heap Scan on sbtest3  (cost=23.08..4007.70 rows=1039 width=121)
	  Recheck Cond: ((id >= 2617646) AND (id <= 2618645))
	  ->  Bitmap Index Scan on sbtest3_pkey  (cost=0.00..22.82 rows=1039 width=0)
	        Index Cond: ((id >= 2617646) AND (id <= 2618645))

table 4 : explain SELECT c FROM sbtest4 WHERE id BETWEEN 3498063 AND 3499062
	Bitmap Heap Scan on sbtest4  (cost=21.95..3590.46 rows=928 width=121)
	  Recheck Cond: ((id >= 3498063) AND (id <= 3499062))
	  ->  Bitmap Index Scan on sbtest4_pkey  (cost=0.00..21.71 rows=928 width=0)
	        Index Cond: ((id >= 3498063) AND (id <= 3499062))

table 5 : explain SELECT c FROM sbtest5 WHERE id BETWEEN 8229499 AND 8230498
	Bitmap Heap Scan on sbtest5  (cost=22.91..3944.94 rows=1022 width=121)
	  Recheck Cond: ((id >= 8229499) AND (id <= 8230498))
	  ->  Bitmap Index Scan on sbtest5_pkey  (cost=0.00..22.65 rows=1022 width=0)
	        Index Cond: ((id >= 8229499) AND (id <= 8230498))

table 6 : explain SELECT c FROM sbtest6 WHERE id BETWEEN 3446872 AND 3447871
	Bitmap Heap Scan on sbtest6  (cost=23.05..3997.71 rows=1036 width=121)
	  Recheck Cond: ((id >= 3446872) AND (id <= 3447871))
	  ->  Bitmap Index Scan on sbtest6_pkey  (cost=0.00..22.79 rows=1036 width=0)
	        Index Cond: ((id >= 3446872) AND (id <= 3447871))

table 7 : explain SELECT c FROM sbtest7 WHERE id BETWEEN 4563156 AND 4564155
	Bitmap Heap Scan on sbtest7  (cost=22.63..3844.31 rows=995 width=121)
	  Recheck Cond: ((id >= 4563156) AND (id <= 4564155))
	  ->  Bitmap Index Scan on sbtest7_pkey  (cost=0.00..22.39 rows=995 width=0)
	        Index Cond: ((id >= 4563156) AND (id <= 4564155))

table 8 : explain SELECT c FROM sbtest8 WHERE id BETWEEN 7226460 AND 7227459
	Bitmap Heap Scan on sbtest8  (cost=27.65..4220.87 rows=1094 width=121)
	  Recheck Cond: ((id >= 7226460) AND (id <= 7227459))
	  ->  Bitmap Index Scan on sbtest8_pkey  (cost=0.00..27.37 rows=1094 width=0)
	        Index Cond: ((id >= 7226460) AND (id <= 7227459))

for: simple_ranges
table 1 : explain SELECT c FROM sbtest1 WHERE id BETWEEN 701384 AND 702383
	Bitmap Heap Scan on sbtest1  (cost=27.77..4258.20 rows=1106 width=121)
	  Recheck Cond: ((id >= 701384) AND (id <= 702383))
	  ->  Bitmap Index Scan on sbtest1_pkey  (cost=0.00..27.50 rows=1106 width=0)
	        Index Cond: ((id >= 701384) AND (id <= 702383))

table 2 : explain SELECT c FROM sbtest2 WHERE id BETWEEN 2755404 AND 2756403
	Bitmap Heap Scan on sbtest2  (cost=22.62..3838.26 rows=994 width=121)
	  Recheck Cond: ((id >= 2755404) AND (id <= 2756403))
	  ->  Bitmap Index Scan on sbtest2_pkey  (cost=0.00..22.37 rows=994 width=0)
	        Index Cond: ((id >= 2755404) AND (id <= 2756403))

table 3 : explain SELECT c FROM sbtest3 WHERE id BETWEEN 517936 AND 518935
	Bitmap Heap Scan on sbtest3  (cost=22.33..3729.04 rows=965 width=121)
	  Recheck Cond: ((id >= 517936) AND (id <= 518935))
	  ->  Bitmap Index Scan on sbtest3_pkey  (cost=0.00..22.08 rows=965 width=0)
	        Index Cond: ((id >= 517936) AND (id <= 518935))

table 4 : explain SELECT c FROM sbtest4 WHERE id BETWEEN 6956843 AND 6957842
	Bitmap Heap Scan on sbtest4  (cost=27.84..4287.25 rows=1113 width=121)
	  Recheck Cond: ((id >= 6956843) AND (id <= 6957842))
	  ->  Bitmap Index Scan on sbtest4_pkey  (cost=0.00..27.57 rows=1113 width=0)
	        Index Cond: ((id >= 6956843) AND (id <= 6957842))

table 5 : explain SELECT c FROM sbtest5 WHERE id BETWEEN 8196618 AND 8197617
	Bitmap Heap Scan on sbtest5  (cost=22.91..3944.94 rows=1022 width=121)
	  Recheck Cond: ((id >= 8196618) AND (id <= 8197617))
	  ->  Bitmap Index Scan on sbtest5_pkey  (cost=0.00..22.65 rows=1022 width=0)
	        Index Cond: ((id >= 8196618) AND (id <= 8197617))

table 6 : explain SELECT c FROM sbtest6 WHERE id BETWEEN 9126476 AND 9127475
	Bitmap Heap Scan on sbtest6  (cost=22.45..3775.46 rows=977 width=121)
	  Recheck Cond: ((id >= 9126476) AND (id <= 9127475))
	  ->  Bitmap Index Scan on sbtest6_pkey  (cost=0.00..22.20 rows=977 width=0)
	        Index Cond: ((id >= 9126476) AND (id <= 9127475))

table 7 : explain SELECT c FROM sbtest7 WHERE id BETWEEN 4205049 AND 4206048
	Bitmap Heap Scan on sbtest7  (cost=22.22..3693.42 rows=955 width=121)
	  Recheck Cond: ((id >= 4205049) AND (id <= 4206048))
	  ->  Bitmap Index Scan on sbtest7_pkey  (cost=0.00..21.98 rows=955 width=0)
	        Index Cond: ((id >= 4205049) AND (id <= 4206048))

table 8 : explain SELECT c FROM sbtest8 WHERE id BETWEEN 2562972 AND 2563971
	Bitmap Heap Scan on sbtest8  (cost=22.68..3863.12 rows=1000 width=121)
	  Recheck Cond: ((id >= 2562972) AND (id <= 2563971))
	  ->  Bitmap Index Scan on sbtest8_pkey  (cost=0.00..22.43 rows=1000 width=0)
	        Index Cond: ((id >= 2562972) AND (id <= 2563971))

explain: for point_selects :: explain SELECT c FROM sbtest%u WHERE id=%u
for point_selects
table 1 : explain SELECT c FROM sbtest1 WHERE id=5058886
	Index Scan using sbtest1_pkey on sbtest1  (cost=0.43..8.45 rows=1 width=121)
	  Index Cond: (id = 5058886)

table 2 : explain SELECT c FROM sbtest2 WHERE id=2198617
	Index Scan using sbtest2_pkey on sbtest2  (cost=0.43..8.45 rows=1 width=121)
	  Index Cond: (id = 2198617)

table 3 : explain SELECT c FROM sbtest3 WHERE id=8351110
	Index Scan using sbtest3_pkey on sbtest3  (cost=0.43..8.45 rows=1 width=121)
	  Index Cond: (id = 8351110)

table 4 : explain SELECT c FROM sbtest4 WHERE id=4378555
	Index Scan using sbtest4_pkey on sbtest4  (cost=0.43..8.45 rows=1 width=121)
	  Index Cond: (id = 4378555)

table 5 : explain SELECT c FROM sbtest5 WHERE id=4645975
	Index Scan using sbtest5_pkey on sbtest5  (cost=0.43..8.45 rows=1 width=121)
	  Index Cond: (id = 4645975)

table 6 : explain SELECT c FROM sbtest6 WHERE id=1716433
	Index Scan using sbtest6_pkey on sbtest6  (cost=0.43..8.45 rows=1 width=121)
	  Index Cond: (id = 1716433)

table 7 : explain SELECT c FROM sbtest7 WHERE id=3997968
	Index Scan using sbtest7_pkey on sbtest7  (cost=0.43..8.45 rows=1 width=121)
	  Index Cond: (id = 3997968)

table 8 : explain SELECT c FROM sbtest8 WHERE id=3956596
	Index Scan using sbtest8_pkey on sbtest8  (cost=0.43..8.45 rows=1 width=121)
	  Index Cond: (id = 3956596)

for: sum_ranges
table 1 : explain SELECT SUM(k) FROM sbtest1 WHERE id BETWEEN 1428972 AND 1429971
	Aggregate  (cost=3779.27..3779.28 rows=1 width=8)
	  ->  Bitmap Heap Scan on sbtest1  (cost=22.46..3776.82 rows=978 width=4)
	        Recheck Cond: ((id >= 1428972) AND (id <= 1429971))
	        ->  Bitmap Index Scan on sbtest1_pkey  (cost=0.00..22.21 rows=978 width=0)
	              Index Cond: ((id >= 1428972) AND (id <= 1429971))

table 2 : explain SELECT SUM(k) FROM sbtest2 WHERE id BETWEEN 3355455 AND 3356454
	Aggregate  (cost=3814.36..3814.37 rows=1 width=8)
	  ->  Bitmap Heap Scan on sbtest2  (cost=22.55..3811.89 rows=987 width=4)
	        Recheck Cond: ((id >= 3355455) AND (id <= 3356454))
	        ->  Bitmap Index Scan on sbtest2_pkey  (cost=0.00..22.30 rows=987 width=0)
	              Index Cond: ((id >= 3355455) AND (id <= 3356454))

table 3 : explain SELECT SUM(k) FROM sbtest3 WHERE id BETWEEN 7634512 AND 7635511
	Aggregate  (cost=4138.17..4138.18 rows=1 width=8)
	  ->  Bitmap Heap Scan on sbtest3  (cost=23.43..4135.49 rows=1073 width=4)
	        Recheck Cond: ((id >= 7634512) AND (id <= 7635511))
	        ->  Bitmap Index Scan on sbtest3_pkey  (cost=0.00..23.16 rows=1073 width=0)
	              Index Cond: ((id >= 7634512) AND (id <= 7635511))

table 4 : explain SELECT SUM(k) FROM sbtest4 WHERE id BETWEEN 5974210 AND 5975209
	Aggregate  (cost=4214.62..4214.63 rows=1 width=8)
	  ->  Bitmap Heap Scan on sbtest4  (cost=23.64..4211.89 rows=1093 width=4)
	        Recheck Cond: ((id >= 5974210) AND (id <= 5975209))
	        ->  Bitmap Index Scan on sbtest4_pkey  (cost=0.00..23.36 rows=1093 width=0)
	              Index Cond: ((id >= 5974210) AND (id <= 5975209))

table 5 : explain SELECT SUM(k) FROM sbtest5 WHERE id BETWEEN 8296305 AND 8297304
	Aggregate  (cost=3909.81..3909.82 rows=1 width=8)
	  ->  Bitmap Heap Scan on sbtest5  (cost=22.81..3907.28 rows=1012 width=4)
	        Recheck Cond: ((id >= 8296305) AND (id <= 8297304))
	        ->  Bitmap Index Scan on sbtest5_pkey  (cost=0.00..22.55 rows=1012 width=0)
	              Index Cond: ((id >= 8296305) AND (id <= 8297304))

table 6 : explain SELECT SUM(k) FROM sbtest6 WHERE id BETWEEN 6554886 AND 6555885
	Aggregate  (cost=4026.65..4026.66 rows=1 width=8)
	  ->  Bitmap Heap Scan on sbtest6  (cost=23.13..4024.05 rows=1043 width=4)
	        Recheck Cond: ((id >= 6554886) AND (id <= 6555885))
	        ->  Bitmap Index Scan on sbtest6_pkey  (cost=0.00..22.86 rows=1043 width=0)
	              Index Cond: ((id >= 6554886) AND (id <= 6555885))

table 7 : explain SELECT SUM(k) FROM sbtest7 WHERE id BETWEEN 8456712 AND 8457711
	Aggregate  (cost=3850.57..3850.58 rows=1 width=8)
	  ->  Bitmap Heap Scan on sbtest7  (cost=22.64..3848.08 rows=996 width=4)
	        Recheck Cond: ((id >= 8456712) AND (id <= 8457711))
	        ->  Bitmap Index Scan on sbtest7_pkey  (cost=0.00..22.39 rows=996 width=0)
	              Index Cond: ((id >= 8456712) AND (id <= 8457711))

table 8 : explain SELECT SUM(k) FROM sbtest8 WHERE id BETWEEN 9414469 AND 9415468
	Aggregate  (cost=3461.31..3461.32 rows=1 width=8)
	  ->  Bitmap Heap Scan on sbtest8  (cost=21.59..3459.08 rows=893 width=4)
	        Recheck Cond: ((id >= 9414469) AND (id <= 9415468))
	        ->  Bitmap Index Scan on sbtest8_pkey  (cost=0.00..21.36 rows=893 width=0)
	              Index Cond: ((id >= 9414469) AND (id <= 9415468))

for: sum_ranges
table 1 : explain SELECT SUM(k) FROM sbtest1 WHERE id BETWEEN 3474279 AND 3475278
	Aggregate  (cost=3605.74..3605.75 rows=1 width=8)
	  ->  Bitmap Heap Scan on sbtest1  (cost=21.99..3603.41 rows=932 width=4)
	        Recheck Cond: ((id >= 3474279) AND (id <= 3475278))
	        ->  Bitmap Index Scan on sbtest1_pkey  (cost=0.00..21.75 rows=932 width=0)
	              Index Cond: ((id >= 3474279) AND (id <= 3475278))

table 2 : explain SELECT SUM(k) FROM sbtest2 WHERE id BETWEEN 4158207 AND 4159206
	Aggregate  (cost=3991.40..3991.41 rows=1 width=8)
	  ->  Bitmap Heap Scan on sbtest2  (cost=23.03..3988.82 rows=1034 width=4)
	        Recheck Cond: ((id >= 4158207) AND (id <= 4159206))
	        ->  Bitmap Index Scan on sbtest2_pkey  (cost=0.00..22.77 rows=1034 width=0)
	              Index Cond: ((id >= 4158207) AND (id <= 4159206))

table 3 : explain SELECT SUM(k) FROM sbtest3 WHERE id BETWEEN 8964395 AND 8965394
	Aggregate  (cost=3402.70..3402.71 rows=1 width=8)
	  ->  Bitmap Heap Scan on sbtest3  (cost=21.43..3400.50 rows=878 width=4)
	        Recheck Cond: ((id >= 8964395) AND (id <= 8965394))
	        ->  Bitmap Index Scan on sbtest3_pkey  (cost=0.00..21.21 rows=878 width=0)
	              Index Cond: ((id >= 8964395) AND (id <= 8965394))

table 4 : explain SELECT SUM(k) FROM sbtest4 WHERE id BETWEEN 6268149 AND 6269148
	Aggregate  (cost=3683.45..3683.46 rows=1 width=8)
	  ->  Bitmap Heap Scan on sbtest4  (cost=22.19..3681.07 rows=952 width=4)
	        Recheck Cond: ((id >= 6268149) AND (id <= 6269148))
	        ->  Bitmap Index Scan on sbtest4_pkey  (cost=0.00..21.95 rows=952 width=0)
	              Index Cond: ((id >= 6268149) AND (id <= 6269148))

table 5 : explain SELECT SUM(k) FROM sbtest5 WHERE id BETWEEN 1440990 AND 1441989
	Aggregate  (cost=3815.56..3815.57 rows=1 width=8)
	  ->  Bitmap Heap Scan on sbtest5  (cost=22.55..3813.09 rows=987 width=4)
	        Recheck Cond: ((id >= 1440990) AND (id <= 1441989))
	        ->  Bitmap Index Scan on sbtest5_pkey  (cost=0.00..22.30 rows=987 width=0)
	              Index Cond: ((id >= 1440990) AND (id <= 1441989))

table 6 : explain SELECT SUM(k) FROM sbtest6 WHERE id BETWEEN 8302716 AND 8303715
	Aggregate  (cost=4053.00..4053.01 rows=1 width=8)
	  ->  Bitmap Heap Scan on sbtest6  (cost=23.20..4050.38 rows=1050 width=4)
	        Recheck Cond: ((id >= 8302716) AND (id <= 8303715))
	        ->  Bitmap Index Scan on sbtest6_pkey  (cost=0.00..22.93 rows=1050 width=0)
	              Index Cond: ((id >= 8302716) AND (id <= 8303715))

table 7 : explain SELECT SUM(k) FROM sbtest7 WHERE id BETWEEN 6748683 AND 6749682
	Aggregate  (cost=3537.03..3537.04 rows=1 width=8)
	  ->  Bitmap Heap Scan on sbtest7  (cost=21.79..3534.75 rows=913 width=4)
	        Recheck Cond: ((id >= 6748683) AND (id <= 6749682))
	        ->  Bitmap Index Scan on sbtest7_pkey  (cost=0.00..21.57 rows=913 width=0)
	              Index Cond: ((id >= 6748683) AND (id <= 6749682))

table 8 : explain SELECT SUM(k) FROM sbtest8 WHERE id BETWEEN 6628664 AND 6629663
	Aggregate  (cost=4246.16..4246.17 rows=1 width=8)
	  ->  Bitmap Heap Scan on sbtest8  (cost=27.71..4243.41 rows=1100 width=4)
	        Recheck Cond: ((id >= 6628664) AND (id <= 6629663))
	        ->  Bitmap Index Scan on sbtest8_pkey  (cost=0.00..27.43 rows=1100 width=0)
	              Index Cond: ((id >= 6628664) AND (id <= 6629663))

for: sum_ranges
table 1 : explain SELECT SUM(k) FROM sbtest1 WHERE id BETWEEN 7481780 AND 7482779
	Aggregate  (cost=3688.77..3688.78 rows=1 width=8)
	  ->  Bitmap Heap Scan on sbtest1  (cost=22.21..3686.38 rows=954 width=4)
	        Recheck Cond: ((id >= 7481780) AND (id <= 7482779))
	        ->  Bitmap Index Scan on sbtest1_pkey  (cost=0.00..21.97 rows=954 width=0)
	              Index Cond: ((id >= 7481780) AND (id <= 7482779))

table 2 : explain SELECT SUM(k) FROM sbtest2 WHERE id BETWEEN 7380037 AND 7381036
	Aggregate  (cost=3561.47..3561.48 rows=1 width=8)
	  ->  Bitmap Heap Scan on sbtest2  (cost=21.87..3559.17 rows=920 width=4)
	        Recheck Cond: ((id >= 7380037) AND (id <= 7381036))
	        ->  Bitmap Index Scan on sbtest2_pkey  (cost=0.00..21.64 rows=920 width=0)
	              Index Cond: ((id >= 7380037) AND (id <= 7381036))

table 3 : explain SELECT SUM(k) FROM sbtest3 WHERE id BETWEEN 8137821 AND 8138820
	Aggregate  (cost=3806.89..3806.90 rows=1 width=8)
	  ->  Bitmap Heap Scan on sbtest3  (cost=22.53..3804.42 rows=985 width=4)
	        Recheck Cond: ((id >= 8137821) AND (id <= 8138820))
	        ->  Bitmap Index Scan on sbtest3_pkey  (cost=0.00..22.29 rows=985 width=0)
	              Index Cond: ((id >= 8137821) AND (id <= 8138820))

table 4 : explain SELECT SUM(k) FROM sbtest4 WHERE id BETWEEN 6547079 AND 6548078
	Aggregate  (cost=3992.66..3992.67 rows=1 width=8)
	  ->  Bitmap Heap Scan on sbtest4  (cost=23.03..3990.08 rows=1034 width=4)
	        Recheck Cond: ((id >= 6547079) AND (id <= 6548078))
	        ->  Bitmap Index Scan on sbtest4_pkey  (cost=0.00..22.77 rows=1034 width=0)
	              Index Cond: ((id >= 6547079) AND (id <= 6548078))

table 5 : explain SELECT SUM(k) FROM sbtest5 WHERE id BETWEEN 998861 AND 999860
	Aggregate  (cost=3634.36..3634.37 rows=1 width=8)
	  ->  Bitmap Heap Scan on sbtest5  (cost=22.06..3632.02 rows=939 width=4)
	        Recheck Cond: ((id >= 998861) AND (id <= 999860))
	        ->  Bitmap Index Scan on sbtest5_pkey  (cost=0.00..21.82 rows=939 width=0)
	              Index Cond: ((id >= 998861) AND (id <= 999860))

table 6 : explain SELECT SUM(k) FROM sbtest6 WHERE id BETWEEN 7492350 AND 7493349
	Aggregate  (cost=3672.20..3672.21 rows=1 width=8)
	  ->  Bitmap Heap Scan on sbtest6  (cost=22.16..3669.83 rows=949 width=4)
	        Recheck Cond: ((id >= 7492350) AND (id <= 7493349))
	        ->  Bitmap Index Scan on sbtest6_pkey  (cost=0.00..21.93 rows=949 width=0)
	              Index Cond: ((id >= 7492350) AND (id <= 7493349))

table 7 : explain SELECT SUM(k) FROM sbtest7 WHERE id BETWEEN 7391349 AND 7392348
	Aggregate  (cost=4027.73..4027.74 rows=1 width=8)
	  ->  Bitmap Heap Scan on sbtest7  (cost=23.13..4025.12 rows=1043 width=4)
	        Recheck Cond: ((id >= 7391349) AND (id <= 7392348))
	        ->  Bitmap Index Scan on sbtest7_pkey  (cost=0.00..22.86 rows=1043 width=0)
	              Index Cond: ((id >= 7391349) AND (id <= 7392348))

table 8 : explain SELECT SUM(k) FROM sbtest8 WHERE id BETWEEN 5217888 AND 5218887
	Aggregate  (cost=3858.08..3858.09 rows=1 width=8)
	  ->  Bitmap Heap Scan on sbtest8  (cost=22.66..3855.59 rows=998 width=4)
	        Recheck Cond: ((id >= 5217888) AND (id <= 5218887))
	        ->  Bitmap Index Scan on sbtest8_pkey  (cost=0.00..22.41 rows=998 width=0)
	              Index Cond: ((id >= 5217888) AND (id <= 5218887))

explain: for point_selects :: explain SELECT c FROM sbtest%u WHERE id=%u
for point_selects
table 1 : explain SELECT c FROM sbtest1 WHERE id=618880
	Index Scan using sbtest1_pkey on sbtest1  (cost=0.43..8.45 rows=1 width=121)
	  Index Cond: (id = 618880)

table 2 : explain SELECT c FROM sbtest2 WHERE id=8734131
	Index Scan using sbtest2_pkey on sbtest2  (cost=0.43..8.45 rows=1 width=121)
	  Index Cond: (id = 8734131)

table 3 : explain SELECT c FROM sbtest3 WHERE id=8818783
	Index Scan using sbtest3_pkey on sbtest3  (cost=0.43..8.45 rows=1 width=121)
	  Index Cond: (id = 8818783)

table 4 : explain SELECT c FROM sbtest4 WHERE id=6706645
	Index Scan using sbtest4_pkey on sbtest4  (cost=0.43..8.45 rows=1 width=121)
	  Index Cond: (id = 6706645)

table 5 : explain SELECT c FROM sbtest5 WHERE id=8376962
	Index Scan using sbtest5_pkey on sbtest5  (cost=0.43..8.45 rows=1 width=121)
	  Index Cond: (id = 8376962)

table 6 : explain SELECT c FROM sbtest6 WHERE id=1655839
	Index Scan using sbtest6_pkey on sbtest6  (cost=0.43..8.45 rows=1 width=121)
	  Index Cond: (id = 1655839)

table 7 : explain SELECT c FROM sbtest7 WHERE id=6171590
	Index Scan using sbtest7_pkey on sbtest7  (cost=0.43..8.45 rows=1 width=121)
	  Index Cond: (id = 6171590)

table 8 : explain SELECT c FROM sbtest8 WHERE id=4144074
	Index Scan using sbtest8_pkey on sbtest8  (cost=0.43..8.45 rows=1 width=121)
	  Index Cond: (id = 4144074)

for: sum_ranges
table 1 : explain SELECT SUM(k) FROM sbtest1 WHERE id BETWEEN 9448396 AND 9449395
	Aggregate  (cost=4042.80..4042.81 rows=1 width=8)
	  ->  Bitmap Heap Scan on sbtest1  (cost=23.18..4040.18 rows=1048 width=4)
	        Recheck Cond: ((id >= 9448396) AND (id <= 9449395))
	        ->  Bitmap Index Scan on sbtest1_pkey  (cost=0.00..22.91 rows=1048 width=0)
	              Index Cond: ((id >= 9448396) AND (id <= 9449395))

table 2 : explain SELECT SUM(k) FROM sbtest2 WHERE id BETWEEN 8362335 AND 8363334
	Aggregate  (cost=3738.93..3738.94 rows=1 width=8)
	  ->  Bitmap Heap Scan on sbtest2  (cost=22.35..3736.51 rows=967 width=4)
	        Recheck Cond: ((id >= 8362335) AND (id <= 8363334))
	        ->  Bitmap Index Scan on sbtest2_pkey  (cost=0.00..22.11 rows=967 width=0)
	              Index Cond: ((id >= 8362335) AND (id <= 8363334))

table 3 : explain SELECT SUM(k) FROM sbtest3 WHERE id BETWEEN 7069963 AND 7070962
	Aggregate  (cost=3897.34..3897.35 rows=1 width=8)
	  ->  Bitmap Heap Scan on sbtest3  (cost=22.78..3894.81 rows=1009 width=4)
	        Recheck Cond: ((id >= 7069963) AND (id <= 7070962))
	        ->  Bitmap Index Scan on sbtest3_pkey  (cost=0.00..22.52 rows=1009 width=0)
	              Index Cond: ((id >= 7069963) AND (id <= 7070962))

table 4 : explain SELECT SUM(k) FROM sbtest4 WHERE id BETWEEN 7363166 AND 7364165
	Aggregate  (cost=3823.08..3823.09 rows=1 width=8)
	  ->  Bitmap Heap Scan on sbtest4  (cost=22.57..3820.61 rows=989 width=4)
	        Recheck Cond: ((id >= 7363166) AND (id <= 7364165))
	        ->  Bitmap Index Scan on sbtest4_pkey  (cost=0.00..22.32 rows=989 width=0)
	              Index Cond: ((id >= 7363166) AND (id <= 7364165))

table 5 : explain SELECT SUM(k) FROM sbtest5 WHERE id BETWEEN 2683521 AND 2684520
	Aggregate  (cost=3751.42..3751.43 rows=1 width=8)
	  ->  Bitmap Heap Scan on sbtest5  (cost=22.38..3749.00 rows=970 width=4)
	        Recheck Cond: ((id >= 2683521) AND (id <= 2684520))
	        ->  Bitmap Index Scan on sbtest5_pkey  (cost=0.00..22.14 rows=970 width=0)
	              Index Cond: ((id >= 2683521) AND (id <= 2684520))

table 6 : explain SELECT SUM(k) FROM sbtest6 WHERE id BETWEEN 8014449 AND 8015448
	Aggregate  (cost=3509.68..3509.69 rows=1 width=8)
	  ->  Bitmap Heap Scan on sbtest6  (cost=21.72..3507.41 rows=906 width=4)
	        Recheck Cond: ((id >= 8014449) AND (id <= 8015448))
	        ->  Bitmap Index Scan on sbtest6_pkey  (cost=0.00..21.50 rows=906 width=0)
	              Index Cond: ((id >= 8014449) AND (id <= 8015448))

table 7 : explain SELECT SUM(k) FROM sbtest7 WHERE id BETWEEN 4167547 AND 4168546
	Aggregate  (cost=3695.80..3695.81 rows=1 width=8)
	  ->  Bitmap Heap Scan on sbtest7  (cost=22.22..3693.42 rows=955 width=4)
	        Recheck Cond: ((id >= 4167547) AND (id <= 4168546))
	        ->  Bitmap Index Scan on sbtest7_pkey  (cost=0.00..21.98 rows=955 width=0)
	              Index Cond: ((id >= 4167547) AND (id <= 4168546))

table 8 : explain SELECT SUM(k) FROM sbtest8 WHERE id BETWEEN 2960458 AND 2961457
	Aggregate  (cost=3903.33..3903.34 rows=1 width=8)
	  ->  Bitmap Heap Scan on sbtest8  (cost=22.79..3900.81 rows=1010 width=4)
	        Recheck Cond: ((id >= 2960458) AND (id <= 2961457))
	        ->  Bitmap Index Scan on sbtest8_pkey  (cost=0.00..22.54 rows=1010 width=0)
	              Index Cond: ((id >= 2960458) AND (id <= 2961457))

for: sum_ranges
table 1 : explain SELECT SUM(k) FROM sbtest1 WHERE id BETWEEN 4947530 AND 4948529
	Aggregate  (cost=3360.04..3360.05 rows=1 width=8)
	  ->  Bitmap Heap Scan on sbtest1  (cost=21.32..3357.87 rows=867 width=4)
	        Recheck Cond: ((id >= 4947530) AND (id <= 4948529))
	        ->  Bitmap Index Scan on sbtest1_pkey  (cost=0.00..21.11 rows=867 width=0)
	              Index Cond: ((id >= 4947530) AND (id <= 4948529))

table 2 : explain SELECT SUM(k) FROM sbtest2 WHERE id BETWEEN 1824042 AND 1825041
	Aggregate  (cost=4021.51..4021.52 rows=1 width=8)
	  ->  Bitmap Heap Scan on sbtest2  (cost=23.12..4018.90 rows=1042 width=4)
	        Recheck Cond: ((id >= 1824042) AND (id <= 1825041))
	        ->  Bitmap Index Scan on sbtest2_pkey  (cost=0.00..22.86 rows=1042 width=0)
	              Index Cond: ((id >= 1824042) AND (id <= 1825041))

table 3 : explain SELECT SUM(k) FROM sbtest3 WHERE id BETWEEN 2294149 AND 2295148
	Aggregate  (cost=3603.10..3603.11 rows=1 width=8)
	  ->  Bitmap Heap Scan on sbtest3  (cost=21.98..3600.77 rows=931 width=4)
	        Recheck Cond: ((id >= 2294149) AND (id <= 2295148))
	        ->  Bitmap Index Scan on sbtest3_pkey  (cost=0.00..21.75 rows=931 width=0)
	              Index Cond: ((id >= 2294149) AND (id <= 2295148))

table 4 : explain SELECT SUM(k) FROM sbtest4 WHERE id BETWEEN 9255053 AND 9256052
	Aggregate  (cost=4248.69..4248.70 rows=1 width=8)
	  ->  Bitmap Heap Scan on sbtest4  (cost=27.72..4245.93 rows=1101 width=4)
	        Recheck Cond: ((id >= 9255053) AND (id <= 9256052))
	        ->  Bitmap Index Scan on sbtest4_pkey  (cost=0.00..27.44 rows=1101 width=0)
	              Index Cond: ((id >= 9255053) AND (id <= 9256052))

table 5 : explain SELECT SUM(k) FROM sbtest5 WHERE id BETWEEN 1600381 AND 1601380
	Aggregate  (cost=4064.22..4064.23 rows=1 width=8)
	  ->  Bitmap Heap Scan on sbtest5  (cost=23.23..4061.58 rows=1053 width=4)
	        Recheck Cond: ((id >= 1600381) AND (id <= 1601380))
	        ->  Bitmap Index Scan on sbtest5_pkey  (cost=0.00..22.96 rows=1053 width=0)
	              Index Cond: ((id >= 1600381) AND (id <= 1601380))

table 6 : explain SELECT SUM(k) FROM sbtest6 WHERE id BETWEEN 4134826 AND 4135825
	Aggregate  (cost=3932.50..3932.51 rows=1 width=8)
	  ->  Bitmap Heap Scan on sbtest6  (cost=22.87..3929.95 rows=1018 width=4)
	        Recheck Cond: ((id >= 4134826) AND (id <= 4135825))
	        ->  Bitmap Index Scan on sbtest6_pkey  (cost=0.00..22.61 rows=1018 width=0)
	              Index Cond: ((id >= 4134826) AND (id <= 4135825))

table 7 : explain SELECT SUM(k) FROM sbtest7 WHERE id BETWEEN 1205768 AND 1206767
	Aggregate  (cost=3729.80..3729.81 rows=1 width=8)
	  ->  Bitmap Heap Scan on sbtest7  (cost=22.32..3727.39 rows=964 width=4)
	        Recheck Cond: ((id >= 1205768) AND (id <= 1206767))
	        ->  Bitmap Index Scan on sbtest7_pkey  (cost=0.00..22.07 rows=964 width=0)
	              Index Cond: ((id >= 1205768) AND (id <= 1206767))

table 8 : explain SELECT SUM(k) FROM sbtest8 WHERE id BETWEEN 3684547 AND 3685546
	Aggregate  (cost=3835.45..3835.46 rows=1 width=8)
	  ->  Bitmap Heap Scan on sbtest8  (cost=22.60..3832.97 rows=992 width=4)
	        Recheck Cond: ((id >= 3684547) AND (id <= 3685546))
	        ->  Bitmap Index Scan on sbtest8_pkey  (cost=0.00..22.36 rows=992 width=0)
	              Index Cond: ((id >= 3684547) AND (id <= 3685546))

for: sum_ranges
table 1 : explain SELECT SUM(k) FROM sbtest1 WHERE id BETWEEN 7992178 AND 7993177
	Aggregate  (cost=3367.61..3367.62 rows=1 width=8)
	  ->  Bitmap Heap Scan on sbtest1  (cost=21.34..3365.44 rows=869 width=4)
	        Recheck Cond: ((id >= 7992178) AND (id <= 7993177))
	        ->  Bitmap Index Scan on sbtest1_pkey  (cost=0.00..21.12 rows=869 width=0)
	              Index Cond: ((id >= 7992178) AND (id <= 7993177))

table 2 : explain SELECT SUM(k) FROM sbtest2 WHERE id BETWEEN 8025199 AND 8026198
	Aggregate  (cost=3704.97..3704.98 rows=1 width=8)
	  ->  Bitmap Heap Scan on sbtest2  (cost=22.25..3702.58 rows=958 width=4)
	        Recheck Cond: ((id >= 8025199) AND (id <= 8026198))
	        ->  Bitmap Index Scan on sbtest2_pkey  (cost=0.00..22.01 rows=958 width=0)
	              Index Cond: ((id >= 8025199) AND (id <= 8026198))

table 3 : explain SELECT SUM(k) FROM sbtest3 WHERE id BETWEEN 701260 AND 702259
	Aggregate  (cost=4036.63..4036.64 rows=1 width=8)
	  ->  Bitmap Heap Scan on sbtest3  (cost=23.16..4034.02 rows=1046 width=4)
	        Recheck Cond: ((id >= 701260) AND (id <= 702259))
	        ->  Bitmap Index Scan on sbtest3_pkey  (cost=0.00..22.89 rows=1046 width=0)
	              Index Cond: ((id >= 701260) AND (id <= 702259))

table 4 : explain SELECT SUM(k) FROM sbtest4 WHERE id BETWEEN 3216357 AND 3217356
	Aggregate  (cost=3770.27..3770.28 rows=1 width=8)
	  ->  Bitmap Heap Scan on sbtest4  (cost=22.43..3767.83 rows=975 width=4)
	        Recheck Cond: ((id >= 3216357) AND (id <= 3217356))
	        ->  Bitmap Index Scan on sbtest4_pkey  (cost=0.00..22.18 rows=975 width=0)
	              Index Cond: ((id >= 3216357) AND (id <= 3217356))

table 5 : explain SELECT SUM(k) FROM sbtest5 WHERE id BETWEEN 770012 AND 771011
	Aggregate  (cost=3872.12..3872.13 rows=1 width=8)
	  ->  Bitmap Heap Scan on sbtest5  (cost=22.71..3869.62 rows=1002 width=4)
	        Recheck Cond: ((id >= 770012) AND (id <= 771011))
	        ->  Bitmap Index Scan on sbtest5_pkey  (cost=0.00..22.45 rows=1002 width=0)
	              Index Cond: ((id >= 770012) AND (id <= 771011))

table 6 : explain SELECT SUM(k) FROM sbtest6 WHERE id BETWEEN 7207701 AND 7208700
	Aggregate  (cost=3702.41..3702.42 rows=1 width=8)
	  ->  Bitmap Heap Scan on sbtest6  (cost=22.24..3700.02 rows=957 width=4)
	        Recheck Cond: ((id >= 7207701) AND (id <= 7208700))
	        ->  Bitmap Index Scan on sbtest6_pkey  (cost=0.00..22.00 rows=957 width=0)
	              Index Cond: ((id >= 7207701) AND (id <= 7208700))

table 7 : explain SELECT SUM(k) FROM sbtest7 WHERE id BETWEEN 3804954 AND 3805953
	Aggregate  (cost=3869.43..3869.44 rows=1 width=8)
	  ->  Bitmap Heap Scan on sbtest7  (cost=22.70..3866.93 rows=1001 width=4)
	        Recheck Cond: ((id >= 3804954) AND (id <= 3805953))
	        ->  Bitmap Index Scan on sbtest7_pkey  (cost=0.00..22.44 rows=1001 width=0)
	              Index Cond: ((id >= 3804954) AND (id <= 3805953))

table 8 : explain SELECT SUM(k) FROM sbtest8 WHERE id BETWEEN 9458312 AND 9459311
	Aggregate  (cost=3461.31..3461.32 rows=1 width=8)
	  ->  Bitmap Heap Scan on sbtest8  (cost=21.59..3459.08 rows=893 width=4)
	        Recheck Cond: ((id >= 9458312) AND (id <= 9459311))
	        ->  Bitmap Index Scan on sbtest8_pkey  (cost=0.00..21.36 rows=893 width=0)
	              Index Cond: ((id >= 9458312) AND (id <= 9459311))

for: sum_ranges
table 1 : explain SELECT SUM(k) FROM sbtest1 WHERE id BETWEEN 5778927 AND 5779926
	Aggregate  (cost=3409.23..3409.24 rows=1 width=8)
	  ->  Bitmap Heap Scan on sbtest1  (cost=21.45..3407.03 rows=880 width=4)
	        Recheck Cond: ((id >= 5778927) AND (id <= 5779926))
	        ->  Bitmap Index Scan on sbtest1_pkey  (cost=0.00..21.23 rows=880 width=0)
	              Index Cond: ((id >= 5778927) AND (id <= 5779926))

table 2 : explain SELECT SUM(k) FROM sbtest2 WHERE id BETWEEN 9973465 AND 9974464
	Aggregate  (cost=3855.82..3855.83 rows=1 width=8)
	  ->  Bitmap Heap Scan on sbtest2  (cost=22.66..3853.32 rows=998 width=4)
	        Recheck Cond: ((id >= 9973465) AND (id <= 9974464))
	        ->  Bitmap Index Scan on sbtest2_pkey  (cost=0.00..22.41 rows=998 width=0)
	              Index Cond: ((id >= 9973465) AND (id <= 9974464))

table 3 : explain SELECT SUM(k) FROM sbtest3 WHERE id BETWEEN 1467352 AND 1468351
	Aggregate  (cost=4416.28..4416.29 rows=1 width=8)
	  ->  Bitmap Heap Scan on sbtest3  (cost=28.19..4413.41 rows=1147 width=4)
	        Recheck Cond: ((id >= 1467352) AND (id <= 1468351))
	        ->  Bitmap Index Scan on sbtest3_pkey  (cost=0.00..27.90 rows=1147 width=0)
	              Index Cond: ((id >= 1467352) AND (id <= 1468351))

table 4 : explain SELECT SUM(k) FROM sbtest4 WHERE id BETWEEN 2522187 AND 2523186
	Aggregate  (cost=3838.16..3838.17 rows=1 width=8)
	  ->  Bitmap Heap Scan on sbtest4  (cost=22.61..3835.68 rows=993 width=4)
	        Recheck Cond: ((id >= 2522187) AND (id <= 2523186))
	        ->  Bitmap Index Scan on sbtest4_pkey  (cost=0.00..22.36 rows=993 width=0)
	              Index Cond: ((id >= 2522187) AND (id <= 2523186))

table 5 : explain SELECT SUM(k) FROM sbtest5 WHERE id BETWEEN 9882109 AND 9883108
	Aggregate  (cost=3811.79..3811.80 rows=1 width=8)
	  ->  Bitmap Heap Scan on sbtest5  (cost=22.54..3809.32 rows=986 width=4)
	        Recheck Cond: ((id >= 9882109) AND (id <= 9883108))
	        ->  Bitmap Index Scan on sbtest5_pkey  (cost=0.00..22.29 rows=986 width=0)
	              Index Cond: ((id >= 9882109) AND (id <= 9883108))

table 6 : explain SELECT SUM(k) FROM sbtest6 WHERE id BETWEEN 545251 AND 546250
	Aggregate  (cost=3717.52..3717.53 rows=1 width=8)
	  ->  Bitmap Heap Scan on sbtest6  (cost=22.29..3715.11 rows=961 width=4)
	        Recheck Cond: ((id >= 545251) AND (id <= 546250))
	        ->  Bitmap Index Scan on sbtest6_pkey  (cost=0.00..22.04 rows=961 width=0)
	              Index Cond: ((id >= 545251) AND (id <= 546250))

table 7 : explain SELECT SUM(k) FROM sbtest7 WHERE id BETWEEN 3206754 AND 3207753
	Aggregate  (cost=3895.83..3895.84 rows=1 width=8)
	  ->  Bitmap Heap Scan on sbtest7  (cost=22.77..3893.31 rows=1008 width=4)
	        Recheck Cond: ((id >= 3206754) AND (id <= 3207753))
	        ->  Bitmap Index Scan on sbtest7_pkey  (cost=0.00..22.51 rows=1008 width=0)
	              Index Cond: ((id >= 3206754) AND (id <= 3207753))

table 8 : explain SELECT SUM(k) FROM sbtest8 WHERE id BETWEEN 3695667 AND 3696666
	Aggregate  (cost=3835.45..3835.46 rows=1 width=8)
	  ->  Bitmap Heap Scan on sbtest8  (cost=22.60..3832.97 rows=992 width=4)
	        Recheck Cond: ((id >= 3695667) AND (id <= 3696666))
	        ->  Bitmap Index Scan on sbtest8_pkey  (cost=0.00..22.36 rows=992 width=0)
	              Index Cond: ((id >= 3695667) AND (id <= 3696666))

for: order_ranges
table 1 : explain SELECT c FROM sbtest1 WHERE id BETWEEN 224928 AND 225927 ORDER BY c
	Sort  (cost=3699.15..3701.51 rows=945 width=121)
	  Sort Key: c
	  ->  Bitmap Heap Scan on sbtest1  (cost=22.12..3652.45 rows=945 width=121)
	        Recheck Cond: ((id >= 224928) AND (id <= 225927))
	        ->  Bitmap Index Scan on sbtest1_pkey  (cost=0.00..21.89 rows=945 width=0)
	              Index Cond: ((id >= 224928) AND (id <= 225927))

table 2 : explain SELECT c FROM sbtest2 WHERE id BETWEEN 3196568 AND 3197567 ORDER BY c
	Sort  (cost=3960.37..3962.90 rows=1013 width=121)
	  Sort Key: c
	  ->  Bitmap Heap Scan on sbtest2  (cost=22.82..3909.80 rows=1013 width=121)
	        Recheck Cond: ((id >= 3196568) AND (id <= 3197567))
	        ->  Bitmap Index Scan on sbtest2_pkey  (cost=0.00..22.57 rows=1013 width=0)
	              Index Cond: ((id >= 3196568) AND (id <= 3197567))

table 3 : explain SELECT c FROM sbtest3 WHERE id BETWEEN 4699444 AND 4700443 ORDER BY c
	Sort  (cost=4078.84..4081.45 rows=1044 width=121)
	  Sort Key: c
	  ->  Bitmap Heap Scan on sbtest3  (cost=23.14..4026.50 rows=1044 width=121)
	        Recheck Cond: ((id >= 4699444) AND (id <= 4700443))
	        ->  Bitmap Index Scan on sbtest3_pkey  (cost=0.00..22.87 rows=1044 width=0)
	              Index Cond: ((id >= 4699444) AND (id <= 4700443))

table 4 : explain SELECT c FROM sbtest4 WHERE id BETWEEN 6413772 AND 6414771 ORDER BY c
	Sort  (cost=3950.13..3952.65 rows=1010 width=121)
	  Sort Key: c
	  ->  Bitmap Heap Scan on sbtest4  (cost=22.79..3899.73 rows=1010 width=121)
	        Recheck Cond: ((id >= 6413772) AND (id <= 6414771))
	        ->  Bitmap Index Scan on sbtest4_pkey  (cost=0.00..22.54 rows=1010 width=0)
	              Index Cond: ((id >= 6413772) AND (id <= 6414771))

table 5 : explain SELECT c FROM sbtest5 WHERE id BETWEEN 5197226 AND 5198225 ORDER BY c
	Sort  (cost=3655.38..3657.72 rows=933 width=121)
	  Sort Key: c
	  ->  Bitmap Heap Scan on sbtest5  (cost=22.00..3609.36 rows=933 width=121)
	        Recheck Cond: ((id >= 5197226) AND (id <= 5198225))
	        ->  Bitmap Index Scan on sbtest5_pkey  (cost=0.00..21.76 rows=933 width=0)
	              Index Cond: ((id >= 5197226) AND (id <= 5198225))

table 6 : explain SELECT c FROM sbtest6 WHERE id BETWEEN 9661226 AND 9662225 ORDER BY c
	Sort  (cost=3816.33..3818.76 rows=975 width=121)
	  Sort Key: c
	  ->  Bitmap Heap Scan on sbtest6  (cost=22.43..3767.92 rows=975 width=121)
	        Recheck Cond: ((id >= 9661226) AND (id <= 9662225))
	        ->  Bitmap Index Scan on sbtest6_pkey  (cost=0.00..22.18 rows=975 width=0)
	              Index Cond: ((id >= 9661226) AND (id <= 9662225))

table 7 : explain SELECT c FROM sbtest7 WHERE id BETWEEN 1744751 AND 1745750 ORDER BY c
	Sort  (cost=3748.35..3750.74 rows=957 width=121)
	  Sort Key: c
	  ->  Bitmap Heap Scan on sbtest7  (cost=22.24..3700.97 rows=957 width=121)
	        Recheck Cond: ((id >= 1744751) AND (id <= 1745750))
	        ->  Bitmap Index Scan on sbtest7_pkey  (cost=0.00..22.00 rows=957 width=0)
	              Index Cond: ((id >= 1744751) AND (id <= 1745750))

table 8 : explain SELECT c FROM sbtest8 WHERE id BETWEEN 9086832 AND 9087831 ORDER BY c
	Sort  (cost=3625.64..3627.96 rows=925 width=121)
	  Sort Key: c
	  ->  Bitmap Heap Scan on sbtest8  (cost=21.92..3580.07 rows=925 width=121)
	        Recheck Cond: ((id >= 9086832) AND (id <= 9087831))
	        ->  Bitmap Index Scan on sbtest8_pkey  (cost=0.00..21.68 rows=925 width=0)
	              Index Cond: ((id >= 9086832) AND (id <= 9087831))

for: order_ranges
table 1 : explain SELECT c FROM sbtest1 WHERE id BETWEEN 2116482 AND 2117481 ORDER BY c
	Sort  (cost=3672.35..3674.70 rows=938 width=121)
	  Sort Key: c
	  ->  Bitmap Heap Scan on sbtest1  (cost=22.05..3626.04 rows=938 width=121)
	        Recheck Cond: ((id >= 2116482) AND (id <= 2117481))
	        ->  Bitmap Index Scan on sbtest1_pkey  (cost=0.00..21.82 rows=938 width=0)
	              Index Cond: ((id >= 2116482) AND (id <= 2117481))

table 2 : explain SELECT c FROM sbtest2 WHERE id BETWEEN 7807310 AND 7808309 ORDER BY c
	Sort  (cost=4059.68..4062.28 rows=1039 width=121)
	  Sort Key: c
	  ->  Bitmap Heap Scan on sbtest2  (cost=23.08..4007.62 rows=1039 width=121)
	        Recheck Cond: ((id >= 7807310) AND (id <= 7808309))
	        ->  Bitmap Index Scan on sbtest2_pkey  (cost=0.00..22.82 rows=1039 width=0)
	              Index Cond: ((id >= 7807310) AND (id <= 7808309))

table 3 : explain SELECT c FROM sbtest3 WHERE id BETWEEN 8683627 AND 8684626 ORDER BY c
	Sort  (cost=3838.10..3840.55 rows=981 width=121)
	  Sort Key: c
	  ->  Bitmap Heap Scan on sbtest3  (cost=22.49..3789.35 rows=981 width=121)
	        Recheck Cond: ((id >= 8683627) AND (id <= 8684626))
	        ->  Bitmap Index Scan on sbtest3_pkey  (cost=0.00..22.25 rows=981 width=0)
	              Index Cond: ((id >= 8683627) AND (id <= 8684626))

table 4 : explain SELECT c FROM sbtest4 WHERE id BETWEEN 6098138 AND 6099137 ORDER BY c
	Sort  (cost=3835.37..3837.82 rows=980 width=121)
	  Sort Key: c
	  ->  Bitmap Heap Scan on sbtest4  (cost=22.48..3786.68 rows=980 width=121)
	        Recheck Cond: ((id >= 6098138) AND (id <= 6099137))
	        ->  Bitmap Index Scan on sbtest4_pkey  (cost=0.00..22.23 rows=980 width=0)
	              Index Cond: ((id >= 6098138) AND (id <= 6099137))

table 5 : explain SELECT c FROM sbtest5 WHERE id BETWEEN 9360761 AND 9361760 ORDER BY c
	Sort  (cost=4125.90..4128.54 rows=1056 width=121)
	  Sort Key: c
	  ->  Bitmap Heap Scan on sbtest5  (cost=23.26..4072.87 rows=1056 width=121)
	        Recheck Cond: ((id >= 9360761) AND (id <= 9361760))
	        ->  Bitmap Index Scan on sbtest5_pkey  (cost=0.00..23.00 rows=1056 width=0)
	              Index Cond: ((id >= 9360761) AND (id <= 9361760))

table 6 : explain SELECT c FROM sbtest6 WHERE id BETWEEN 9330360 AND 9331359 ORDER BY c
	Sort  (cost=4240.47..4243.18 rows=1086 width=121)
	  Sort Key: c
	  ->  Bitmap Heap Scan on sbtest6  (cost=23.57..4185.70 rows=1086 width=121)
	        Recheck Cond: ((id >= 9330360) AND (id <= 9331359))
	        ->  Bitmap Index Scan on sbtest6_pkey  (cost=0.00..23.29 rows=1086 width=0)
	              Index Cond: ((id >= 9330360) AND (id <= 9331359))

table 7 : explain SELECT c FROM sbtest7 WHERE id BETWEEN 3515804 AND 3516803 ORDER BY c
	Sort  (cost=3748.35..3750.74 rows=957 width=121)
	  Sort Key: c
	  ->  Bitmap Heap Scan on sbtest7  (cost=22.24..3700.97 rows=957 width=121)
	        Recheck Cond: ((id >= 3515804) AND (id <= 3516803))
	        ->  Bitmap Index Scan on sbtest7_pkey  (cost=0.00..22.00 rows=957 width=0)
	              Index Cond: ((id >= 3515804) AND (id <= 3516803))

table 8 : explain SELECT c FROM sbtest8 WHERE id BETWEEN 100716 AND 101715 ORDER BY c
	Sort  (cost=3376.07..3378.22 rows=860 width=121)
	  Sort Key: c
	  ->  Bitmap Heap Scan on sbtest8  (cost=21.25..3334.16 rows=860 width=121)
	        Recheck Cond: ((id >= 100716) AND (id <= 101715))
	        ->  Bitmap Index Scan on sbtest8_pkey  (cost=0.00..21.04 rows=860 width=0)
	              Index Cond: ((id >= 100716) AND (id <= 101715))

for: order_ranges
table 1 : explain SELECT c FROM sbtest1 WHERE id BETWEEN 3925171 AND 3926170 ORDER BY c
	Sort  (cost=4169.04..4171.71 rows=1068 width=121)
	  Sort Key: c
	  ->  Bitmap Heap Scan on sbtest1  (cost=23.38..4115.31 rows=1068 width=121)
	        Recheck Cond: ((id >= 3925171) AND (id <= 3926170))
	        ->  Bitmap Index Scan on sbtest1_pkey  (cost=0.00..23.11 rows=1068 width=0)
	              Index Cond: ((id >= 3925171) AND (id <= 3926170))

table 2 : explain SELECT c FROM sbtest2 WHERE id BETWEEN 5965178 AND 5966177 ORDER BY c
	Sort  (cost=3715.56..3717.93 rows=949 width=121)
	  Sort Key: c
	  ->  Bitmap Heap Scan on sbtest2  (cost=22.16..3668.63 rows=949 width=121)
	        Recheck Cond: ((id >= 5965178) AND (id <= 5966177))
	        ->  Bitmap Index Scan on sbtest2_pkey  (cost=0.00..21.93 rows=949 width=0)
	              Index Cond: ((id >= 5965178) AND (id <= 5966177))

table 3 : explain SELECT c FROM sbtest3 WHERE id BETWEEN 9646127 AND 9647126 ORDER BY c
	Sort  (cost=4052.12..4054.71 rows=1037 width=121)
	  Sort Key: c
	  ->  Bitmap Heap Scan on sbtest3  (cost=23.06..4000.17 rows=1037 width=121)
	        Recheck Cond: ((id >= 9646127) AND (id <= 9647126))
	        ->  Bitmap Index Scan on sbtest3_pkey  (cost=0.00..22.80 rows=1037 width=0)
	              Index Cond: ((id >= 9646127) AND (id <= 9647126))

table 4 : explain SELECT c FROM sbtest4 WHERE id BETWEEN 4792235 AND 4793234 ORDER BY c
	Sort  (cost=3731.99..3734.38 rows=953 width=121)
	  Sort Key: c
	  ->  Bitmap Heap Scan on sbtest4  (cost=22.20..3684.84 rows=953 width=121)
	        Recheck Cond: ((id >= 4792235) AND (id <= 4793234))
	        ->  Bitmap Index Scan on sbtest4_pkey  (cost=0.00..21.96 rows=953 width=0)
	              Index Cond: ((id >= 4792235) AND (id <= 4793234))

table 5 : explain SELECT c FROM sbtest5 WHERE id BETWEEN 98985 AND 99984 ORDER BY c
	Sort  (cost=3555.69..3557.95 rows=907 width=121)
	  Sort Key: c
	  ->  Bitmap Heap Scan on sbtest5  (cost=21.73..3511.13 rows=907 width=121)
	        Recheck Cond: ((id >= 98985) AND (id <= 99984))
	        ->  Bitmap Index Scan on sbtest5_pkey  (cost=0.00..21.50 rows=907 width=0)
	              Index Cond: ((id >= 98985) AND (id <= 99984))

table 6 : explain SELECT c FROM sbtest6 WHERE id BETWEEN 6772196 AND 6773195 ORDER BY c
	Sort  (cost=3869.90..3872.37 rows=989 width=121)
	  Sort Key: c
	  ->  Bitmap Heap Scan on sbtest6  (cost=22.57..3820.70 rows=989 width=121)
	        Recheck Cond: ((id >= 6772196) AND (id <= 6773195))
	        ->  Bitmap Index Scan on sbtest6_pkey  (cost=0.00..22.32 rows=989 width=0)
	              Index Cond: ((id >= 6772196) AND (id <= 6773195))

table 7 : explain SELECT c FROM sbtest7 WHERE id BETWEEN 4264409 AND 4265408 ORDER BY c
	Sort  (cost=4058.30..4060.90 rows=1038 width=121)
	  Sort Key: c
	  ->  Bitmap Heap Scan on sbtest7  (cost=23.07..4006.30 rows=1038 width=121)
	        Recheck Cond: ((id >= 4264409) AND (id <= 4265408))
	        ->  Bitmap Index Scan on sbtest7_pkey  (cost=0.00..22.82 rows=1038 width=0)
	              Index Cond: ((id >= 4264409) AND (id <= 4265408))

table 8 : explain SELECT c FROM sbtest8 WHERE id BETWEEN 2883419 AND 2884418 ORDER BY c
	Sort  (cost=3748.31..3750.71 rows=957 width=121)
	  Sort Key: c
	  ->  Bitmap Heap Scan on sbtest8  (cost=22.24..3700.93 rows=957 width=121)
	        Recheck Cond: ((id >= 2883419) AND (id <= 2884418))
	        ->  Bitmap Index Scan on sbtest8_pkey  (cost=0.00..22.00 rows=957 width=0)
	              Index Cond: ((id >= 2883419) AND (id <= 2884418))

for: simple_ranges
table 1 : explain SELECT c FROM sbtest1 WHERE id BETWEEN 4320020 AND 4321019
	Bitmap Heap Scan on sbtest1  (cost=21.99..3603.41 rows=932 width=121)
	  Recheck Cond: ((id >= 4320020) AND (id <= 4321019))
	  ->  Bitmap Index Scan on sbtest1_pkey  (cost=0.00..21.75 rows=932 width=0)
	        Index Cond: ((id >= 4320020) AND (id <= 4321019))

table 2 : explain SELECT c FROM sbtest2 WHERE id BETWEEN 7255790 AND 7256789
	Bitmap Heap Scan on sbtest2  (cost=23.29..4082.81 rows=1059 width=121)
	  Recheck Cond: ((id >= 7255790) AND (id <= 7256789))
	  ->  Bitmap Index Scan on sbtest2_pkey  (cost=0.00..23.02 rows=1059 width=0)
	        Index Cond: ((id >= 7255790) AND (id <= 7256789))

table 3 : explain SELECT c FROM sbtest3 WHERE id BETWEEN 8921502 AND 8922501
	Bitmap Heap Scan on sbtest3  (cost=21.43..3400.50 rows=878 width=121)
	  Recheck Cond: ((id >= 8921502) AND (id <= 8922501))
	  ->  Bitmap Index Scan on sbtest3_pkey  (cost=0.00..21.21 rows=878 width=0)
	        Index Cond: ((id >= 8921502) AND (id <= 8922501))

table 4 : explain SELECT c FROM sbtest4 WHERE id BETWEEN 3677944 AND 3678943
	Bitmap Heap Scan on sbtest4  (cost=22.96..3963.73 rows=1027 width=121)
	  Recheck Cond: ((id >= 3677944) AND (id <= 3678943))
	  ->  Bitmap Index Scan on sbtest4_pkey  (cost=0.00..22.70 rows=1027 width=0)
	        Index Cond: ((id >= 3677944) AND (id <= 3678943))

table 5 : explain SELECT c FROM sbtest5 WHERE id BETWEEN 2741902 AND 2742901
	Bitmap Heap Scan on sbtest5  (cost=22.77..3892.22 rows=1008 width=121)
	  Recheck Cond: ((id >= 2741902) AND (id <= 2742901))
	  ->  Bitmap Index Scan on sbtest5_pkey  (cost=0.00..22.51 rows=1008 width=0)
	        Index Cond: ((id >= 2741902) AND (id <= 2742901))

table 6 : explain SELECT c FROM sbtest6 WHERE id BETWEEN 183923 AND 184922
	Bitmap Heap Scan on sbtest6  (cost=27.67..4227.27 rows=1096 width=121)
	  Recheck Cond: ((id >= 183923) AND (id <= 184922))
	  ->  Bitmap Index Scan on sbtest6_pkey  (cost=0.00..27.39 rows=1096 width=0)
	        Index Cond: ((id >= 183923) AND (id <= 184922))

table 7 : explain SELECT c FROM sbtest7 WHERE id BETWEEN 1961092 AND 1962091
	Bitmap Heap Scan on sbtest7  (cost=22.53..3806.61 rows=985 width=121)
	  Recheck Cond: ((id >= 1961092) AND (id <= 1962091))
	  ->  Bitmap Index Scan on sbtest7_pkey  (cost=0.00..22.29 rows=985 width=0)
	        Index Cond: ((id >= 1961092) AND (id <= 1962091))

table 8 : explain SELECT c FROM sbtest8 WHERE id BETWEEN 570595 AND 571594
	Bitmap Heap Scan on sbtest8  (cost=22.20..3685.83 rows=953 width=121)
	  Recheck Cond: ((id >= 570595) AND (id <= 571594))
	  ->  Bitmap Index Scan on sbtest8_pkey  (cost=0.00..21.96 rows=953 width=0)
	        Index Cond: ((id >= 570595) AND (id <= 571594))

explain: for point_selects :: explain SELECT c FROM sbtest%u WHERE id=%u
for: simple_ranges
table 1 : explain SELECT c FROM sbtest1 WHERE id BETWEEN 9224868 AND 9225867
	Bitmap Heap Scan on sbtest1  (cost=22.67..3855.90 rows=999 width=121)
	  Recheck Cond: ((id >= 9224868) AND (id <= 9225867))
	  ->  Bitmap Index Scan on sbtest1_pkey  (cost=0.00..22.43 rows=999 width=0)
	        Index Cond: ((id >= 9224868) AND (id <= 9225867))

table 2 : explain SELECT c FROM sbtest2 WHERE id BETWEEN 5429461 AND 5430460
	Bitmap Heap Scan on sbtest2  (cost=23.28..4079.05 rows=1058 width=121)
	  Recheck Cond: ((id >= 5429461) AND (id <= 5430460))
	  ->  Bitmap Index Scan on sbtest2_pkey  (cost=0.00..23.01 rows=1058 width=0)
	        Index Cond: ((id >= 5429461) AND (id <= 5430460))

table 3 : explain SELECT c FROM sbtest3 WHERE id BETWEEN 4191966 AND 4192965
	Bitmap Heap Scan on sbtest3  (cost=22.90..3939.98 rows=1021 width=121)
	  Recheck Cond: ((id >= 4191966) AND (id <= 4192965))
	  ->  Bitmap Index Scan on sbtest3_pkey  (cost=0.00..22.64 rows=1021 width=0)
	        Index Cond: ((id >= 4191966) AND (id <= 4192965))

table 4 : explain SELECT c FROM sbtest4 WHERE id BETWEEN 7530604 AND 7531603
	Bitmap Heap Scan on sbtest4  (cost=22.11..3650.87 rows=944 width=121)
	  Recheck Cond: ((id >= 7530604) AND (id <= 7531603))
	  ->  Bitmap Index Scan on sbtest4_pkey  (cost=0.00..21.87 rows=944 width=0)
	        Index Cond: ((id >= 7530604) AND (id <= 7531603))

table 5 : explain SELECT c FROM sbtest5 WHERE id BETWEEN 7259635 AND 7260634
	Bitmap Heap Scan on sbtest5  (cost=22.36..3741.45 rows=968 width=121)
	  Recheck Cond: ((id >= 7259635) AND (id <= 7260634))
	  ->  Bitmap Index Scan on sbtest5_pkey  (cost=0.00..22.11 rows=968 width=0)
	        Index Cond: ((id >= 7259635) AND (id <= 7260634))

table 6 : explain SELECT c FROM sbtest6 WHERE id BETWEEN 9444705 AND 9445704
	Bitmap Heap Scan on sbtest6  (cost=22.76..3888.52 rows=1007 width=121)
	  Recheck Cond: ((id >= 9444705) AND (id <= 9445704))
	  ->  Bitmap Index Scan on sbtest6_pkey  (cost=0.00..22.50 rows=1007 width=0)
	        Index Cond: ((id >= 9444705) AND (id <= 9445704))

table 7 : explain SELECT c FROM sbtest7 WHERE id BETWEEN 7922999 AND 7923998
	Bitmap Heap Scan on sbtest7  (cost=22.18..3678.31 rows=951 width=121)
	  Recheck Cond: ((id >= 7922999) AND (id <= 7923998))
	  ->  Bitmap Index Scan on sbtest7_pkey  (cost=0.00..21.94 rows=951 width=0)
	        Index Cond: ((id >= 7922999) AND (id <= 7923998))

table 8 : explain SELECT c FROM sbtest8 WHERE id BETWEEN 205236 AND 206235
	Bitmap Heap Scan on sbtest8  (cost=21.25..3334.16 rows=860 width=121)
	  Recheck Cond: ((id >= 205236) AND (id <= 206235))
	  ->  Bitmap Index Scan on sbtest8_pkey  (cost=0.00..21.04 rows=860 width=0)
	        Index Cond: ((id >= 205236) AND (id <= 206235))

for: distinct_ranges
table 1 : explain SELECT DISTINCT c FROM sbtest1 WHERE id BETWEEN 5247616 AND 5248615 ORDER BY c
	Unique  (cost=3565.09..3569.64 rows=910 width=121)
	  ->  Sort  (cost=3565.09..3567.37 rows=910 width=121)
	        Sort Key: c
	        ->  Bitmap Heap Scan on sbtest1  (cost=21.76..3520.37 rows=910 width=121)
	              Recheck Cond: ((id >= 5247616) AND (id <= 5248615))
	              ->  Bitmap Index Scan on sbtest1_pkey  (cost=0.00..21.54 rows=910 width=0)
	                    Index Cond: ((id >= 5247616) AND (id <= 5248615))

table 2 : explain SELECT DISTINCT c FROM sbtest2 WHERE id BETWEEN 122162 AND 123161 ORDER BY c
	Unique  (cost=3669.60..3674.29 rows=937 width=121)
	  ->  Sort  (cost=3669.60..3671.95 rows=937 width=121)
	        Sort Key: c
	        ->  Bitmap Heap Scan on sbtest2  (cost=22.04..3623.35 rows=937 width=121)
	              Recheck Cond: ((id >= 122162) AND (id <= 123161))
	              ->  Bitmap Index Scan on sbtest2_pkey  (cost=0.00..21.80 rows=937 width=0)
	                    Index Cond: ((id >= 122162) AND (id <= 123161))

table 3 : explain SELECT DISTINCT c FROM sbtest3 WHERE id BETWEEN 6498331 AND 6499330 ORDER BY c
	Unique  (cost=4094.11..4099.35 rows=1048 width=121)
	  ->  Sort  (cost=4094.11..4096.73 rows=1048 width=121)
	        Sort Key: c
	        ->  Bitmap Heap Scan on sbtest3  (cost=23.18..4041.54 rows=1048 width=121)
	              Recheck Cond: ((id >= 6498331) AND (id <= 6499330))
	              ->  Bitmap Index Scan on sbtest3_pkey  (cost=0.00..22.91 rows=1048 width=0)
	                    Index Cond: ((id >= 6498331) AND (id <= 6499330))

table 4 : explain SELECT DISTINCT c FROM sbtest4 WHERE id BETWEEN 513226 AND 514225 ORDER BY c
	Unique  (cost=4072.41..4077.62 rows=1042 width=121)
	  ->  Sort  (cost=4072.41..4075.02 rows=1042 width=121)
	        Sort Key: c
	        ->  Bitmap Heap Scan on sbtest4  (cost=23.12..4020.18 rows=1042 width=121)
	              Recheck Cond: ((id >= 513226) AND (id <= 514225))
	              ->  Bitmap Index Scan on sbtest4_pkey  (cost=0.00..22.86 rows=1042 width=0)
	                    Index Cond: ((id >= 513226) AND (id <= 514225))

table 5 : explain SELECT DISTINCT c FROM sbtest5 WHERE id BETWEEN 3752508 AND 3753507 ORDER BY c
	Unique  (cost=4060.98..4066.17 rows=1039 width=121)
	  ->  Sort  (cost=4060.98..4063.58 rows=1039 width=121)
	        Sort Key: c
	        ->  Bitmap Heap Scan on sbtest5  (cost=23.08..4008.92 rows=1039 width=121)
	              Recheck Cond: ((id >= 3752508) AND (id <= 3753507))
	              ->  Bitmap Index Scan on sbtest5_pkey  (cost=0.00..22.82 rows=1039 width=0)
	                    Index Cond: ((id >= 3752508) AND (id <= 3753507))

table 6 : explain SELECT DISTINCT c FROM sbtest6 WHERE id BETWEEN 4143355 AND 4144354 ORDER BY c
	Unique  (cost=3980.81..3985.90 rows=1018 width=121)
	  ->  Sort  (cost=3980.81..3983.35 rows=1018 width=121)
	        Sort Key: c
	        ->  Bitmap Heap Scan on sbtest6  (cost=22.87..3929.95 rows=1018 width=121)
	              Recheck Cond: ((id >= 4143355) AND (id <= 4144354))
	              ->  Bitmap Index Scan on sbtest6_pkey  (cost=0.00..22.61 rows=1018 width=0)
	                    Index Cond: ((id >= 4143355) AND (id <= 4144354))

table 7 : explain SELECT DISTINCT c FROM sbtest7 WHERE id BETWEEN 1970274 AND 1971273 ORDER BY c
	Unique  (cost=3855.58..3860.51 rows=985 width=121)
	  ->  Sort  (cost=3855.58..3858.04 rows=985 width=121)
	        Sort Key: c
	        ->  Bitmap Heap Scan on sbtest7  (cost=22.53..3806.61 rows=985 width=121)
	              Recheck Cond: ((id >= 1970274) AND (id <= 1971273))
	              ->  Bitmap Index Scan on sbtest7_pkey  (cost=0.00..22.29 rows=985 width=0)
	                    Index Cond: ((id >= 1970274) AND (id <= 1971273))

table 8 : explain SELECT DISTINCT c FROM sbtest8 WHERE id BETWEEN 841634 AND 842633 ORDER BY c
	Unique  (cost=3836.41..3841.31 rows=980 width=121)
	  ->  Sort  (cost=3836.41..3838.86 rows=980 width=121)
	        Sort Key: c
	        ->  Bitmap Heap Scan on sbtest8  (cost=22.48..3787.72 rows=980 width=121)
	              Recheck Cond: ((id >= 841634) AND (id <= 842633))
	              ->  Bitmap Index Scan on sbtest8_pkey  (cost=0.00..22.23 rows=980 width=0)
	                    Index Cond: ((id >= 841634) AND (id <= 842633))

for point_selects
table 1 : explain SELECT c FROM sbtest1 WHERE id=6428746
	Index Scan using sbtest1_pkey on sbtest1  (cost=0.43..8.45 rows=1 width=121)
	  Index Cond: (id = 6428746)

table 2 : explain SELECT c FROM sbtest2 WHERE id=9563202
	Index Scan using sbtest2_pkey on sbtest2  (cost=0.43..8.45 rows=1 width=121)
	  Index Cond: (id = 9563202)

table 3 : explain SELECT c FROM sbtest3 WHERE id=7516119
	Index Scan using sbtest3_pkey on sbtest3  (cost=0.43..8.45 rows=1 width=121)
	  Index Cond: (id = 7516119)

table 4 : explain SELECT c FROM sbtest4 WHERE id=9896629
	Index Scan using sbtest4_pkey on sbtest4  (cost=0.43..8.45 rows=1 width=121)
	  Index Cond: (id = 9896629)

table 5 : explain SELECT c FROM sbtest5 WHERE id=6204869
	Index Scan using sbtest5_pkey on sbtest5  (cost=0.43..8.45 rows=1 width=121)
	  Index Cond: (id = 6204869)

table 6 : explain SELECT c FROM sbtest6 WHERE id=588144
	Index Scan using sbtest6_pkey on sbtest6  (cost=0.43..8.45 rows=1 width=121)
	  Index Cond: (id = 588144)

table 7 : explain SELECT c FROM sbtest7 WHERE id=9768199
	Index Scan using sbtest7_pkey on sbtest7  (cost=0.43..8.45 rows=1 width=121)
	  Index Cond: (id = 9768199)

table 8 : explain SELECT c FROM sbtest8 WHERE id=4822060
	Index Scan using sbtest8_pkey on sbtest8  (cost=0.43..8.45 rows=1 width=121)
	  Index Cond: (id = 4822060)

for: order_ranges
table 1 : explain SELECT c FROM sbtest1 WHERE id BETWEEN 5642015 AND 5643014 ORDER BY c
	Sort  (cost=4656.39..4659.38 rows=1196 width=121)
	  Sort Key: c
	  ->  Bitmap Heap Scan on sbtest1  (cost=28.69..4595.25 rows=1196 width=121)
	        Recheck Cond: ((id >= 5642015) AND (id <= 5643014))
	        ->  Bitmap Index Scan on sbtest1_pkey  (cost=0.00..28.39 rows=1196 width=0)
	              Index Cond: ((id >= 5642015) AND (id <= 5643014))

table 2 : explain SELECT c FROM sbtest2 WHERE id BETWEEN 4632294 AND 4633293 ORDER BY c
	Sort  (cost=3765.33..3767.73 rows=962 width=121)
	  Sort Key: c
	  ->  Bitmap Heap Scan on sbtest2  (cost=22.30..3717.66 rows=962 width=121)
	        Recheck Cond: ((id >= 4632294) AND (id <= 4633293))
	        ->  Bitmap Index Scan on sbtest2_pkey  (cost=0.00..22.05 rows=962 width=0)
	              Index Cond: ((id >= 4632294) AND (id <= 4633293))

table 3 : explain SELECT c FROM sbtest3 WHERE id BETWEEN 9429565 AND 9430564 ORDER BY c
	Sort  (cost=3784.53..3786.95 rows=967 width=121)
	  Sort Key: c
	  ->  Bitmap Heap Scan on sbtest3  (cost=22.35..3736.58 rows=967 width=121)
	        Recheck Cond: ((id >= 9429565) AND (id <= 9430564))
	        ->  Bitmap Index Scan on sbtest3_pkey  (cost=0.00..22.11 rows=967 width=0)
	              Index Cond: ((id >= 9429565) AND (id <= 9430564))

table 4 : explain SELECT c FROM sbtest4 WHERE id BETWEEN 2889399 AND 2890398 ORDER BY c
	Sort  (cost=4389.30..4392.11 rows=1125 width=121)
	  Sort Key: c
	  ->  Bitmap Heap Scan on sbtest4  (cost=27.97..4332.29 rows=1125 width=121)
	        Recheck Cond: ((id >= 2889399) AND (id <= 2890398))
	        ->  Bitmap Index Scan on sbtest4_pkey  (cost=0.00..27.68 rows=1125 width=0)
	              Index Cond: ((id >= 2889399) AND (id <= 2890398))

table 5 : explain SELECT c FROM sbtest5 WHERE id BETWEEN 1005103 AND 1006102 ORDER BY c
	Sort  (cost=3678.38..3680.73 rows=939 width=121)
	  Sort Key: c
	  ->  Bitmap Heap Scan on sbtest5  (cost=22.06..3632.02 rows=939 width=121)
	        Recheck Cond: ((id >= 1005103) AND (id <= 1006102))
	        ->  Bitmap Index Scan on sbtest5_pkey  (cost=0.00..21.82 rows=939 width=0)
	              Index Cond: ((id >= 1005103) AND (id <= 1006102))

table 6 : explain SELECT c FROM sbtest6 WHERE id BETWEEN 3232030 AND 3233029 ORDER BY c
	Sort  (cost=3747.40..3749.80 rows=957 width=121)
	  Sort Key: c
	  ->  Bitmap Heap Scan on sbtest6  (cost=22.24..3700.02 rows=957 width=121)
	        Recheck Cond: ((id >= 3232030) AND (id <= 3233029))
	        ->  Bitmap Index Scan on sbtest6_pkey  (cost=0.00..22.00 rows=957 width=0)
	              Index Cond: ((id >= 3232030) AND (id <= 3233029))

table 7 : explain SELECT c FROM sbtest7 WHERE id BETWEEN 2063697 AND 2064696 ORDER BY c
	Sort  (cost=3664.03..3666.36 rows=935 width=121)
	  Sort Key: c
	  ->  Bitmap Heap Scan on sbtest7  (cost=22.02..3617.89 rows=935 width=121)
	        Recheck Cond: ((id >= 2063697) AND (id <= 2064696))
	        ->  Bitmap Index Scan on sbtest7_pkey  (cost=0.00..21.79 rows=935 width=0)
	              Index Cond: ((id >= 2063697) AND (id <= 2064696))

table 8 : explain SELECT c FROM sbtest8 WHERE id BETWEEN 8137658 AND 8138657 ORDER BY c
	Sort  (cost=3855.55..3858.01 rows=985 width=121)
	  Sort Key: c
	  ->  Bitmap Heap Scan on sbtest8  (cost=22.53..3806.57 rows=985 width=121)
	        Recheck Cond: ((id >= 8137658) AND (id <= 8138657))
	        ->  Bitmap Index Scan on sbtest8_pkey  (cost=0.00..22.29 rows=985 width=0)
	              Index Cond: ((id >= 8137658) AND (id <= 8138657))

for: distinct_ranges
table 1 : explain SELECT DISTINCT c FROM sbtest1 WHERE id BETWEEN 2073307 AND 2074306 ORDER BY c
	Unique  (cost=3672.35..3677.04 rows=938 width=121)
	  ->  Sort  (cost=3672.35..3674.70 rows=938 width=121)
	        Sort Key: c
	        ->  Bitmap Heap Scan on sbtest1  (cost=22.05..3626.04 rows=938 width=121)
	              Recheck Cond: ((id >= 2073307) AND (id <= 2074306))
	              ->  Bitmap Index Scan on sbtest1_pkey  (cost=0.00..21.82 rows=938 width=0)
	                    Index Cond: ((id >= 2073307) AND (id <= 2074306))

table 2 : explain SELECT DISTINCT c FROM sbtest2 WHERE id BETWEEN 5638823 AND 5639822 ORDER BY c
	Unique  (cost=3925.97..3930.99 rows=1004 width=121)
	  ->  Sort  (cost=3925.97..3928.48 rows=1004 width=121)
	        Sort Key: c
	        ->  Bitmap Heap Scan on sbtest2  (cost=22.73..3875.92 rows=1004 width=121)
	              Recheck Cond: ((id >= 5638823) AND (id <= 5639822))
	              ->  Bitmap Index Scan on sbtest2_pkey  (cost=0.00..22.47 rows=1004 width=0)
	                    Index Cond: ((id >= 5638823) AND (id <= 5639822))

table 3 : explain SELECT DISTINCT c FROM sbtest3 WHERE id BETWEEN 2054476 AND 2055475 ORDER BY c
	Unique  (cost=3883.99..3888.96 rows=993 width=121)
	  ->  Sort  (cost=3883.99..3886.47 rows=993 width=121)
	        Sort Key: c
	        ->  Bitmap Heap Scan on sbtest3  (cost=22.61..3834.56 rows=993 width=121)
	              Recheck Cond: ((id >= 2054476) AND (id <= 2055475))
	              ->  Bitmap Index Scan on sbtest3_pkey  (cost=0.00..22.36 rows=993 width=0)
	                    Index Cond: ((id >= 2054476) AND (id <= 2055475))

table 4 : explain SELECT DISTINCT c FROM sbtest4 WHERE id BETWEEN 7962769 AND 7963768 ORDER BY c
	Unique  (cost=3854.50..3859.43 rows=985 width=121)
	  ->  Sort  (cost=3854.50..3856.97 rows=985 width=121)
	        Sort Key: c
	        ->  Bitmap Heap Scan on sbtest4  (cost=22.53..3805.53 rows=985 width=121)
	              Recheck Cond: ((id >= 7962769) AND (id <= 7963768))
	              ->  Bitmap Index Scan on sbtest4_pkey  (cost=0.00..22.29 rows=985 width=0)
	                    Index Cond: ((id >= 7962769) AND (id <= 7963768))

table 5 : explain SELECT DISTINCT c FROM sbtest5 WHERE id BETWEEN 2185640 AND 2186639 ORDER BY c
	Unique  (cost=3957.80..3962.86 rows=1012 width=121)
	  ->  Sort  (cost=3957.80..3960.33 rows=1012 width=121)
	        Sort Key: c
	        ->  Bitmap Heap Scan on sbtest5  (cost=22.81..3907.28 rows=1012 width=121)
	              Recheck Cond: ((id >= 2185640) AND (id <= 2186639))
	              ->  Bitmap Index Scan on sbtest5_pkey  (cost=0.00..22.55 rows=1012 width=0)
	                    Index Cond: ((id >= 2185640) AND (id <= 2186639))

table 6 : explain SELECT DISTINCT c FROM sbtest6 WHERE id BETWEEN 3113298 AND 3114297 ORDER BY c
	Unique  (cost=4061.05..4066.25 rows=1039 width=121)
	  ->  Sort  (cost=4061.05..4063.65 rows=1039 width=121)
	        Sort Key: c
	        ->  Bitmap Heap Scan on sbtest6  (cost=23.08..4009.00 rows=1039 width=121)
	              Recheck Cond: ((id >= 3113298) AND (id <= 3114297))
	              ->  Bitmap Index Scan on sbtest6_pkey  (cost=0.00..22.82 rows=1039 width=0)
	                    Index Cond: ((id >= 3113298) AND (id <= 3114297))

table 7 : explain SELECT DISTINCT c FROM sbtest7 WHERE id BETWEEN 2283289 AND 2284288 ORDER BY c
	Unique  (cost=3687.03..3691.73 rows=941 width=121)
	  ->  Sort  (cost=3687.03..3689.38 rows=941 width=121)
	        Sort Key: c
	        ->  Bitmap Heap Scan on sbtest7  (cost=22.08..3640.55 rows=941 width=121)
	              Recheck Cond: ((id >= 2283289) AND (id <= 2284288))
	              ->  Bitmap Index Scan on sbtest7_pkey  (cost=0.00..21.84 rows=941 width=0)
	                    Index Cond: ((id >= 2283289) AND (id <= 2284288))

table 8 : explain SELECT DISTINCT c FROM sbtest8 WHERE id BETWEEN 298091 AND 299090 ORDER BY c
	Unique  (cost=4211.22..4216.60 rows=1077 width=121)
	  ->  Sort  (cost=4211.22..4213.91 rows=1077 width=121)
	        Sort Key: c
	        ->  Bitmap Heap Scan on sbtest8  (cost=27.47..4156.97 rows=1077 width=121)
	              Recheck Cond: ((id >= 298091) AND (id <= 299090))
	              ->  Bitmap Index Scan on sbtest8_pkey  (cost=0.00..27.20 rows=1077 width=0)
	                    Index Cond: ((id >= 298091) AND (id <= 299090))

for: order_ranges
table 1 : explain SELECT c FROM sbtest1 WHERE id BETWEEN 5618224 AND 5619223 ORDER BY c
	Sort  (cost=4656.39..4659.38 rows=1196 width=121)
	  Sort Key: c
	  ->  Bitmap Heap Scan on sbtest1  (cost=28.69..4595.25 rows=1196 width=121)
	        Recheck Cond: ((id >= 5618224) AND (id <= 5619223))
	        ->  Bitmap Index Scan on sbtest1_pkey  (cost=0.00..28.39 rows=1196 width=0)
	              Index Cond: ((id >= 5618224) AND (id <= 5619223))

table 2 : explain SELECT c FROM sbtest2 WHERE id BETWEEN 1138089 AND 1139088 ORDER BY c
	Sort  (cost=3853.33..3855.79 rows=985 width=121)
	  Sort Key: c
	  ->  Bitmap Heap Scan on sbtest2  (cost=22.53..3804.35 rows=985 width=121)
	        Recheck Cond: ((id >= 1138089) AND (id <= 1139088))
	        ->  Bitmap Index Scan on sbtest2_pkey  (cost=0.00..22.29 rows=985 width=0)
	              Index Cond: ((id >= 1138089) AND (id <= 1139088))

table 3 : explain SELECT c FROM sbtest3 WHERE id BETWEEN 4626125 AND 4627124 ORDER BY c
	Sort  (cost=3719.46..3721.83 rows=950 width=121)
	  Sort Key: c
	  ->  Bitmap Heap Scan on sbtest3  (cost=22.17..3672.47 rows=950 width=121)
	        Recheck Cond: ((id >= 4626125) AND (id <= 4627124))
	        ->  Bitmap Index Scan on sbtest3_pkey  (cost=0.00..21.93 rows=950 width=0)
	              Index Cond: ((id >= 4626125) AND (id <= 4627124))

table 4 : explain SELECT c FROM sbtest4 WHERE id BETWEEN 9094552 AND 9095551 ORDER BY c
	Sort  (cost=3712.84..3715.21 rows=948 width=121)
	  Sort Key: c
	  ->  Bitmap Heap Scan on sbtest4  (cost=22.15..3665.97 rows=948 width=121)
	        Recheck Cond: ((id >= 9094552) AND (id <= 9095551))
	        ->  Bitmap Index Scan on sbtest4_pkey  (cost=0.00..21.91 rows=948 width=0)
	              Index Cond: ((id >= 9094552) AND (id <= 9095551))

table 5 : explain SELECT c FROM sbtest5 WHERE id BETWEEN 2048203 AND 2049202 ORDER BY c
	Sort  (cost=4213.68..4216.38 rows=1079 width=121)
	  Sort Key: c
	  ->  Bitmap Heap Scan on sbtest5  (cost=23.49..4159.32 rows=1079 width=121)
	        Recheck Cond: ((id >= 2048203) AND (id <= 2049202))
	        ->  Bitmap Index Scan on sbtest5_pkey  (cost=0.00..23.22 rows=1079 width=0)
	              Index Cond: ((id >= 2048203) AND (id <= 2049202))

table 6 : explain SELECT c FROM sbtest6 WHERE id BETWEEN 6590786 AND 6591785 ORDER BY c
	Sort  (cost=4076.33..4078.94 rows=1043 width=121)
	  Sort Key: c
	  ->  Bitmap Heap Scan on sbtest6  (cost=23.13..4024.05 rows=1043 width=121)
	        Recheck Cond: ((id >= 6590786) AND (id <= 6591785))
	        ->  Bitmap Index Scan on sbtest6_pkey  (cost=0.00..22.86 rows=1043 width=0)
	              Index Cond: ((id >= 6590786) AND (id <= 6591785))

table 7 : explain SELECT c FROM sbtest7 WHERE id BETWEEN 7835428 AND 7836427 ORDER BY c
	Sort  (cost=3717.69..3720.07 rows=949 width=121)
	  Sort Key: c
	  ->  Bitmap Heap Scan on sbtest7  (cost=22.16..3670.76 rows=949 width=121)
	        Recheck Cond: ((id >= 7835428) AND (id <= 7836427))
	        ->  Bitmap Index Scan on sbtest7_pkey  (cost=0.00..21.93 rows=949 width=0)
	              Index Cond: ((id >= 7835428) AND (id <= 7836427))

table 8 : explain SELECT c FROM sbtest8 WHERE id BETWEEN 5569992 AND 5570991 ORDER BY c
	Sort  (cost=4115.75..4118.38 rows=1052 width=121)
	  Sort Key: c
	  ->  Bitmap Heap Scan on sbtest8  (cost=27.22..4062.95 rows=1052 width=121)
	        Recheck Cond: ((id >= 5569992) AND (id <= 5570991))
	        ->  Bitmap Index Scan on sbtest8_pkey  (cost=0.00..26.95 rows=1052 width=0)
	              Index Cond: ((id >= 5569992) AND (id <= 5570991))

for point_selects
table 1 : explain SELECT c FROM sbtest1 WHERE id=7080152
	Index Scan using sbtest1_pkey on sbtest1  (cost=0.43..8.45 rows=1 width=121)
	  Index Cond: (id = 7080152)

table 2 : explain SELECT c FROM sbtest2 WHERE id=5149699
	Index Scan using sbtest2_pkey on sbtest2  (cost=0.43..8.45 rows=1 width=121)
	  Index Cond: (id = 5149699)

table 3 : explain SELECT c FROM sbtest3 WHERE id=7661554
	Index Scan using sbtest3_pkey on sbtest3  (cost=0.43..8.45 rows=1 width=121)
	  Index Cond: (id = 7661554)

table 4 : explain SELECT c FROM sbtest4 WHERE id=2483947
	Index Scan using sbtest4_pkey on sbtest4  (cost=0.43..8.45 rows=1 width=121)
	  Index Cond: (id = 2483947)

table 5 : explain SELECT c FROM sbtest5 WHERE id=9989134
	Index Scan using sbtest5_pkey on sbtest5  (cost=0.43..8.45 rows=1 width=121)
	  Index Cond: (id = 9989134)

table 6 : explain SELECT c FROM sbtest6 WHERE id=5566823
	Index Scan using sbtest6_pkey on sbtest6  (cost=0.43..8.45 rows=1 width=121)
	  Index Cond: (id = 5566823)

table 7 : explain SELECT c FROM sbtest7 WHERE id=1905044
	Index Scan using sbtest7_pkey on sbtest7  (cost=0.43..8.45 rows=1 width=121)
	  Index Cond: (id = 1905044)

table 8 : explain SELECT c FROM sbtest8 WHERE id=941200
	Index Scan using sbtest8_pkey on sbtest8  (cost=0.43..8.45 rows=1 width=121)
	  Index Cond: (id = 941200)

for: distinct_ranges
table 1 : explain SELECT DISTINCT c FROM sbtest1 WHERE id BETWEEN 6347962 AND 6348961 ORDER BY c
	Unique  (cost=3722.11..3726.87 rows=951 width=121)
	  ->  Sort  (cost=3722.11..3724.49 rows=951 width=121)
	        Sort Key: c
	        ->  Bitmap Heap Scan on sbtest1  (cost=22.18..3675.07 rows=951 width=121)
	              Recheck Cond: ((id >= 6347962) AND (id <= 6348961))
	              ->  Bitmap Index Scan on sbtest1_pkey  (cost=0.00..21.94 rows=951 width=0)
	                    Index Cond: ((id >= 6347962) AND (id <= 6348961))

table 2 : explain SELECT DISTINCT c FROM sbtest2 WHERE id BETWEEN 9270848 AND 9271847 ORDER BY c
	Unique  (cost=3719.39..3724.14 rows=950 width=121)
	  ->  Sort  (cost=3719.39..3721.77 rows=950 width=121)
	        Sort Key: c
	        ->  Bitmap Heap Scan on sbtest2  (cost=22.17..3672.40 rows=950 width=121)
	              Recheck Cond: ((id >= 9270848) AND (id <= 9271847))
	              ->  Bitmap Index Scan on sbtest2_pkey  (cost=0.00..21.93 rows=950 width=0)
	                    Index Cond: ((id >= 9270848) AND (id <= 9271847))

table 3 : explain SELECT DISTINCT c FROM sbtest3 WHERE id BETWEEN 6932304 AND 6933303 ORDER BY c
	Unique  (cost=3780.70..3785.53 rows=966 width=121)
	  ->  Sort  (cost=3780.70..3783.12 rows=966 width=121)
	        Sort Key: c
	        ->  Bitmap Heap Scan on sbtest3  (cost=22.34..3732.81 rows=966 width=121)
	              Recheck Cond: ((id >= 6932304) AND (id <= 6933303))
	              ->  Bitmap Index Scan on sbtest3_pkey  (cost=0.00..22.09 rows=966 width=0)
	                    Index Cond: ((id >= 6932304) AND (id <= 6933303))

table 4 : explain SELECT DISTINCT c FROM sbtest4 WHERE id BETWEEN 7659972 AND 7660971 ORDER BY c
	Unique  (cost=4118.24..4123.51 rows=1054 width=121)
	  ->  Sort  (cost=4118.24..4120.87 rows=1054 width=121)
	        Sort Key: c
	        ->  Bitmap Heap Scan on sbtest4  (cost=23.24..4065.32 rows=1054 width=121)
	              Recheck Cond: ((id >= 7659972) AND (id <= 7660971))
	              ->  Bitmap Index Scan on sbtest4_pkey  (cost=0.00..22.97 rows=1054 width=0)
	                    Index Cond: ((id >= 7659972) AND (id <= 7660971))

table 5 : explain SELECT DISTINCT c FROM sbtest5 WHERE id BETWEEN 3001997 AND 3002996 ORDER BY c
	Unique  (cost=3777.97..3782.80 rows=965 width=121)
	  ->  Sort  (cost=3777.97..3780.39 rows=965 width=121)
	        Sort Key: c
	        ->  Bitmap Heap Scan on sbtest5  (cost=22.33..3730.14 rows=965 width=121)
	              Recheck Cond: ((id >= 3001997) AND (id <= 3002996))
	              ->  Bitmap Index Scan on sbtest5_pkey  (cost=0.00..22.08 rows=965 width=0)
	                    Index Cond: ((id >= 3001997) AND (id <= 3002996))

table 6 : explain SELECT DISTINCT c FROM sbtest6 WHERE id BETWEEN 9140277 AND 9141276 ORDER BY c
	Unique  (cost=3823.98..3828.87 rows=977 width=121)
	  ->  Sort  (cost=3823.98..3826.42 rows=977 width=121)
	        Sort Key: c
	        ->  Bitmap Heap Scan on sbtest6  (cost=22.45..3775.46 rows=977 width=121)
	              Recheck Cond: ((id >= 9140277) AND (id <= 9141276))
	              ->  Bitmap Index Scan on sbtest6_pkey  (cost=0.00..22.20 rows=977 width=0)
	                    Index Cond: ((id >= 9140277) AND (id <= 9141276))

table 7 : explain SELECT DISTINCT c FROM sbtest7 WHERE id BETWEEN 6259433 AND 6260432 ORDER BY c
	Unique  (cost=4000.96..4006.08 rows=1023 width=121)
	  ->  Sort  (cost=4000.96..4003.52 rows=1023 width=121)
	        Sort Key: c
	        ->  Bitmap Heap Scan on sbtest7  (cost=22.92..3949.82 rows=1023 width=121)
	              Recheck Cond: ((id >= 6259433) AND (id <= 6260432))
	              ->  Bitmap Index Scan on sbtest7_pkey  (cost=0.00..22.66 rows=1023 width=0)
	                    Index Cond: ((id >= 6259433) AND (id <= 6260432))

table 8 : explain SELECT DISTINCT c FROM sbtest8 WHERE id BETWEEN 8959483 AND 8960482 ORDER BY c
	Unique  (cost=3621.81..3626.43 rows=924 width=121)
	  ->  Sort  (cost=3621.81..3624.12 rows=924 width=121)
	        Sort Key: c
	        ->  Bitmap Heap Scan on sbtest8  (cost=21.91..3576.29 rows=924 width=121)
	              Recheck Cond: ((id >= 8959483) AND (id <= 8960482))
	              ->  Bitmap Index Scan on sbtest8_pkey  (cost=0.00..21.68 rows=924 width=0)
	                    Index Cond: ((id >= 8959483) AND (id <= 8960482))

for: simple_ranges
table 1 : explain SELECT c FROM sbtest1 WHERE id BETWEEN 1696060 AND 1697059
	Bitmap Heap Scan on sbtest1  (cost=21.83..3546.80 rows=917 width=121)
	  Recheck Cond: ((id >= 1696060) AND (id <= 1697059))
	  ->  Bitmap Index Scan on sbtest1_pkey  (cost=0.00..21.61 rows=917 width=0)
	        Index Cond: ((id >= 1696060) AND (id <= 1697059))

table 2 : explain SELECT c FROM sbtest2 WHERE id BETWEEN 7529035 AND 7530034
	Bitmap Heap Scan on sbtest2  (cost=23.05..3996.34 rows=1036 width=121)
	  Recheck Cond: ((id >= 7529035) AND (id <= 7530034))
	  ->  Bitmap Index Scan on sbtest2_pkey  (cost=0.00..22.79 rows=1036 width=0)
	        Index Cond: ((id >= 7529035) AND (id <= 7530034))

table 3 : explain SELECT c FROM sbtest3 WHERE id BETWEEN 6418645 AND 6419644
	Bitmap Heap Scan on sbtest3  (cost=22.86..3924.93 rows=1017 width=121)
	  Recheck Cond: ((id >= 6418645) AND (id <= 6419644))
	  ->  Bitmap Index Scan on sbtest3_pkey  (cost=0.00..22.61 rows=1017 width=0)
	        Index Cond: ((id >= 6418645) AND (id <= 6419644))

table 4 : explain SELECT c FROM sbtest4 WHERE id BETWEEN 5483893 AND 5484892
	Bitmap Heap Scan on sbtest4  (cost=22.37..3745.20 rows=969 width=121)
	  Recheck Cond: ((id >= 5483893) AND (id <= 5484892))
	  ->  Bitmap Index Scan on sbtest4_pkey  (cost=0.00..22.12 rows=969 width=0)
	        Index Cond: ((id >= 5483893) AND (id <= 5484892))

table 5 : explain SELECT c FROM sbtest5 WHERE id BETWEEN 1271549 AND 1272548
	Bitmap Heap Scan on sbtest5  (cost=27.83..4283.53 rows=1112 width=121)
	  Recheck Cond: ((id >= 1271549) AND (id <= 1272548))
	  ->  Bitmap Index Scan on sbtest5_pkey  (cost=0.00..27.55 rows=1112 width=0)
	        Index Cond: ((id >= 1271549) AND (id <= 1272548))

table 6 : explain SELECT c FROM sbtest6 WHERE id BETWEEN 6682108 AND 6683107
	Bitmap Heap Scan on sbtest6  (cost=21.92..3579.21 rows=925 width=121)
	  Recheck Cond: ((id >= 6682108) AND (id <= 6683107))
	  ->  Bitmap Index Scan on sbtest6_pkey  (cost=0.00..21.68 rows=925 width=0)
	        Index Cond: ((id >= 6682108) AND (id <= 6683107))

table 7 : explain SELECT c FROM sbtest7 WHERE id BETWEEN 4081308 AND 4082307
	Bitmap Heap Scan on sbtest7  (cost=27.80..4277.26 rows=1109 width=121)
	  Recheck Cond: ((id >= 4081308) AND (id <= 4082307))
	  ->  Bitmap Index Scan on sbtest7_pkey  (cost=0.00..27.52 rows=1109 width=0)
	        Index Cond: ((id >= 4081308) AND (id <= 4082307))

table 8 : explain SELECT c FROM sbtest8 WHERE id BETWEEN 7904748 AND 7905747
	Bitmap Heap Scan on sbtest8  (cost=27.93..4318.54 rows=1121 width=121)
	  Recheck Cond: ((id >= 7904748) AND (id <= 7905747))
	  ->  Bitmap Index Scan on sbtest8_pkey  (cost=0.00..27.64 rows=1121 width=0)
	        Index Cond: ((id >= 7904748) AND (id <= 7905747))

for: order_ranges
table 1 : explain SELECT c FROM sbtest1 WHERE id BETWEEN 5680789 AND 5681788 ORDER BY c
	Sort  (cost=4027.88..4030.46 rows=1031 width=121)
	  Sort Key: c
	  ->  Bitmap Heap Scan on sbtest1  (cost=23.00..3976.28 rows=1031 width=121)
	        Recheck Cond: ((id >= 5680789) AND (id <= 5681788))
	        ->  Bitmap Index Scan on sbtest1_pkey  (cost=0.00..22.75 rows=1031 width=0)
	              Index Cond: ((id >= 5680789) AND (id <= 5681788))

table 2 : explain SELECT c FROM sbtest2 WHERE id BETWEEN 2146281 AND 2147280 ORDER BY c
	Sort  (cost=3891.57..3894.06 rows=995 width=121)
	  Sort Key: c
	  ->  Bitmap Heap Scan on sbtest2  (cost=22.63..3842.03 rows=995 width=121)
	        Recheck Cond: ((id >= 2146281) AND (id <= 2147280))
	        ->  Bitmap Index Scan on sbtest2_pkey  (cost=0.00..22.39 rows=995 width=0)
	              Index Cond: ((id >= 2146281) AND (id <= 2147280))

table 3 : explain SELECT c FROM sbtest3 WHERE id BETWEEN 3148064 AND 3149063 ORDER BY c
	Sort  (cost=3642.85..3645.17 rows=930 width=121)
	  Sort Key: c
	  ->  Bitmap Heap Scan on sbtest3  (cost=21.97..3596.99 rows=930 width=121)
	        Recheck Cond: ((id >= 3148064) AND (id <= 3149063))
	        ->  Bitmap Index Scan on sbtest3_pkey  (cost=0.00..21.73 rows=930 width=0)
	              Index Cond: ((id >= 3148064) AND (id <= 3149063))

table 4 : explain SELECT c FROM sbtest4 WHERE id BETWEEN 3028536 AND 3029535 ORDER BY c
	Sort  (cost=3961.60..3964.13 rows=1013 width=121)
	  Sort Key: c
	  ->  Bitmap Heap Scan on sbtest4  (cost=22.82..3911.02 rows=1013 width=121)
	        Recheck Cond: ((id >= 3028536) AND (id <= 3029535))
	        ->  Bitmap Index Scan on sbtest4_pkey  (cost=0.00..22.57 rows=1013 width=0)
	              Index Cond: ((id >= 3028536) AND (id <= 3029535))

table 5 : explain SELECT c FROM sbtest5 WHERE id BETWEEN 1555797 AND 1556796 ORDER BY c
	Sort  (cost=4114.45..4117.08 rows=1053 width=121)
	  Sort Key: c
	  ->  Bitmap Heap Scan on sbtest5  (cost=23.23..4061.58 rows=1053 width=121)
	        Recheck Cond: ((id >= 1555797) AND (id <= 1556796))
	        ->  Bitmap Index Scan on sbtest5_pkey  (cost=0.00..22.96 rows=1053 width=0)
	              Index Cond: ((id >= 1555797) AND (id <= 1556796))

table 6 : explain SELECT c FROM sbtest6 WHERE id BETWEEN 8890925 AND 8891924 ORDER BY c
	Sort  (cost=4236.65..4239.36 rows=1085 width=121)
	  Sort Key: c
	  ->  Bitmap Heap Scan on sbtest6  (cost=23.56..4181.95 rows=1085 width=121)
	        Recheck Cond: ((id >= 8890925) AND (id <= 8891924))
	        ->  Bitmap Index Scan on sbtest6_pkey  (cost=0.00..23.29 rows=1085 width=0)
	              Index Cond: ((id >= 8890925) AND (id <= 8891924))

table 7 : explain SELECT c FROM sbtest7 WHERE id BETWEEN 3103845 AND 3104844 ORDER BY c
	Sort  (cost=3809.64..3812.07 rows=973 width=121)
	  Sort Key: c
	  ->  Bitmap Heap Scan on sbtest7  (cost=22.41..3761.35 rows=973 width=121)
	        Recheck Cond: ((id >= 3103845) AND (id <= 3104844))
	        ->  Bitmap Index Scan on sbtest7_pkey  (cost=0.00..22.16 rows=973 width=0)
	              Index Cond: ((id >= 3103845) AND (id <= 3104844))

table 8 : explain SELECT c FROM sbtest8 WHERE id BETWEEN 5773282 AND 5774281 ORDER BY c
	Sort  (cost=4192.13..4194.81 rows=1072 width=121)
	  Sort Key: c
	  ->  Bitmap Heap Scan on sbtest8  (cost=27.42..4138.18 rows=1072 width=121)
	        Recheck Cond: ((id >= 5773282) AND (id <= 5774281))
	        ->  Bitmap Index Scan on sbtest8_pkey  (cost=0.00..27.15 rows=1072 width=0)
	              Index Cond: ((id >= 5773282) AND (id <= 5774281))

for: order_ranges
table 1 : explain SELECT c FROM sbtest1 WHERE id BETWEEN 9677297 AND 9678296 ORDER BY c
	Sort  (cost=3787.16..3789.58 rows=968 width=121)
	  Sort Key: c
	  ->  Bitmap Heap Scan on sbtest1  (cost=22.36..3739.15 rows=968 width=121)
	        Recheck Cond: ((id >= 9677297) AND (id <= 9678296))
	        ->  Bitmap Index Scan on sbtest1_pkey  (cost=0.00..22.11 rows=968 width=0)
	              Index Cond: ((id >= 9677297) AND (id <= 9678296))

table 2 : explain SELECT c FROM sbtest2 WHERE id BETWEEN 6129857 AND 6130856 ORDER BY c
	Sort  (cost=3723.22..3725.60 rows=951 width=121)
	  Sort Key: c
	  ->  Bitmap Heap Scan on sbtest2  (cost=22.18..3676.18 rows=951 width=121)
	        Recheck Cond: ((id >= 6129857) AND (id <= 6130856))
	        ->  Bitmap Index Scan on sbtest2_pkey  (cost=0.00..21.94 rows=951 width=0)
	              Index Cond: ((id >= 6129857) AND (id <= 6130856))

table 3 : explain SELECT c FROM sbtest3 WHERE id BETWEEN 3709108 AND 3710107 ORDER BY c
	Sort  (cost=3853.40..3855.86 rows=985 width=121)
	  Sort Key: c
	  ->  Bitmap Heap Scan on sbtest3  (cost=22.53..3804.42 rows=985 width=121)
	        Recheck Cond: ((id >= 3709108) AND (id <= 3710107))
	        ->  Bitmap Index Scan on sbtest3_pkey  (cost=0.00..22.29 rows=985 width=0)
	              Index Cond: ((id >= 3709108) AND (id <= 3710107))

table 4 : explain SELECT c FROM sbtest4 WHERE id BETWEEN 9623077 AND 9624076 ORDER BY c
	Sort  (cost=3938.66..3941.17 rows=1007 width=121)
	  Sort Key: c
	  ->  Bitmap Heap Scan on sbtest4  (cost=22.76..3888.43 rows=1007 width=121)
	        Recheck Cond: ((id >= 9623077) AND (id <= 9624076))
	        ->  Bitmap Index Scan on sbtest4_pkey  (cost=0.00..22.50 rows=1007 width=0)
	              Index Cond: ((id >= 9623077) AND (id <= 9624076))

table 5 : explain SELECT c FROM sbtest5 WHERE id BETWEEN 6745985 AND 6746984 ORDER BY c
	Sort  (cost=4022.77..4025.35 rows=1029 width=121)
	  Sort Key: c
	  ->  Bitmap Heap Scan on sbtest5  (cost=22.98..3971.29 rows=1029 width=121)
	        Recheck Cond: ((id >= 6745985) AND (id <= 6746984))
	        ->  Bitmap Index Scan on sbtest5_pkey  (cost=0.00..22.72 rows=1029 width=0)
	              Index Cond: ((id >= 6745985) AND (id <= 6746984))

table 6 : explain SELECT c FROM sbtest6 WHERE id BETWEEN 7440244 AND 7441243 ORDER BY c
	Sort  (cost=3716.76..3719.13 rows=949 width=121)
	  Sort Key: c
	  ->  Bitmap Heap Scan on sbtest6  (cost=22.16..3669.83 rows=949 width=121)
	        Recheck Cond: ((id >= 7440244) AND (id <= 7441243))
	        ->  Bitmap Index Scan on sbtest6_pkey  (cost=0.00..21.93 rows=949 width=0)
	              Index Cond: ((id >= 7440244) AND (id <= 7441243))

table 7 : explain SELECT c FROM sbtest7 WHERE id BETWEEN 9814815 AND 9815814 ORDER BY c
	Sort  (cost=3920.64..3923.15 rows=1002 width=121)
	  Sort Key: c
	  ->  Bitmap Heap Scan on sbtest7  (cost=22.71..3870.70 rows=1002 width=121)
	        Recheck Cond: ((id >= 9814815) AND (id <= 9815814))
	        ->  Bitmap Index Scan on sbtest7_pkey  (cost=0.00..22.45 rows=1002 width=0)
	              Index Cond: ((id >= 9814815) AND (id <= 9815814))

table 8 : explain SELECT c FROM sbtest8 WHERE id BETWEEN 9218522 AND 9219521 ORDER BY c
	Sort  (cost=4226.48..4229.19 rows=1081 width=121)
	  Sort Key: c
	  ->  Bitmap Heap Scan on sbtest8  (cost=27.52..4172.01 rows=1081 width=121)
	        Recheck Cond: ((id >= 9218522) AND (id <= 9219521))
	        ->  Bitmap Index Scan on sbtest8_pkey  (cost=0.00..27.25 rows=1081 width=0)
	              Index Cond: ((id >= 9218522) AND (id <= 9219521))

for: simple_ranges
table 1 : explain SELECT c FROM sbtest1 WHERE id BETWEEN 2187325 AND 2188324
	Bitmap Heap Scan on sbtest1  (cost=23.14..4025.15 rows=1044 width=121)
	  Recheck Cond: ((id >= 2187325) AND (id <= 2188324))
	  ->  Bitmap Index Scan on sbtest1_pkey  (cost=0.00..22.87 rows=1044 width=0)
	        Index Cond: ((id >= 2187325) AND (id <= 2188324))

table 2 : explain SELECT c FROM sbtest2 WHERE id BETWEEN 7190837 AND 7191836
	Bitmap Heap Scan on sbtest2  (cost=23.36..4109.12 rows=1066 width=121)
	  Recheck Cond: ((id >= 7190837) AND (id <= 7191836))
	  ->  Bitmap Index Scan on sbtest2_pkey  (cost=0.00..23.09 rows=1066 width=0)
	        Index Cond: ((id >= 7190837) AND (id <= 7191836))

table 3 : explain SELECT c FROM sbtest3 WHERE id BETWEEN 6010043 AND 6011042
	Bitmap Heap Scan on sbtest3  (cost=22.97..3966.32 rows=1028 width=121)
	  Recheck Cond: ((id >= 6010043) AND (id <= 6011042))
	  ->  Bitmap Index Scan on sbtest3_pkey  (cost=0.00..22.71 rows=1028 width=0)
	        Index Cond: ((id >= 6010043) AND (id <= 6011042))

table 4 : explain SELECT c FROM sbtest4 WHERE id BETWEEN 6787156 AND 6788155
	Bitmap Heap Scan on sbtest4  (cost=22.64..3846.99 rows=996 width=121)
	  Recheck Cond: ((id >= 6787156) AND (id <= 6788155))
	  ->  Bitmap Index Scan on sbtest4_pkey  (cost=0.00..22.39 rows=996 width=0)
	        Index Cond: ((id >= 6787156) AND (id <= 6788155))

table 5 : explain SELECT c FROM sbtest5 WHERE id BETWEEN 3163358 AND 3164357
	Bitmap Heap Scan on sbtest5  (cost=27.72..4245.96 rows=1101 width=121)
	  Recheck Cond: ((id >= 3163358) AND (id <= 3164357))
	  ->  Bitmap Index Scan on sbtest5_pkey  (cost=0.00..27.44 rows=1101 width=0)
	        Index Cond: ((id >= 3163358) AND (id <= 3164357))

table 6 : explain SELECT c FROM sbtest6 WHERE id BETWEEN 9055811 AND 9056810
	Bitmap Heap Scan on sbtest6  (cost=27.79..4268.60 rows=1108 width=121)
	  Recheck Cond: ((id >= 9055811) AND (id <= 9056810))
	  ->  Bitmap Index Scan on sbtest6_pkey  (cost=0.00..27.51 rows=1108 width=0)
	        Index Cond: ((id >= 9055811) AND (id <= 9056810))

table 7 : explain SELECT c FROM sbtest7 WHERE id BETWEEN 9446656 AND 9447655
	Bitmap Heap Scan on sbtest7  (cost=22.47..3783.98 rows=979 width=121)
	  Recheck Cond: ((id >= 9446656) AND (id <= 9447655))
	  ->  Bitmap Index Scan on sbtest7_pkey  (cost=0.00..22.22 rows=979 width=0)
	        Index Cond: ((id >= 9446656) AND (id <= 9447655))

table 8 : explain SELECT c FROM sbtest8 WHERE id BETWEEN 1651702 AND 1652701
	Bitmap Heap Scan on sbtest8  (cost=22.72..3874.43 rows=1003 width=121)
	  Recheck Cond: ((id >= 1651702) AND (id <= 1652701))
	  ->  Bitmap Index Scan on sbtest8_pkey  (cost=0.00..22.46 rows=1003 width=0)
	        Index Cond: ((id >= 1651702) AND (id <= 1652701))

for point_selects
table 1 : explain SELECT c FROM sbtest1 WHERE id=5424788
	Index Scan using sbtest1_pkey on sbtest1  (cost=0.43..8.45 rows=1 width=121)
	  Index Cond: (id = 5424788)

table 2 : explain SELECT c FROM sbtest2 WHERE id=3335669
	Index Scan using sbtest2_pkey on sbtest2  (cost=0.43..8.45 rows=1 width=121)
	  Index Cond: (id = 3335669)

table 3 : explain SELECT c FROM sbtest3 WHERE id=9801706
	Index Scan using sbtest3_pkey on sbtest3  (cost=0.43..8.45 rows=1 width=121)
	  Index Cond: (id = 9801706)

table 4 : explain SELECT c FROM sbtest4 WHERE id=6652762
	Index Scan using sbtest4_pkey on sbtest4  (cost=0.43..8.45 rows=1 width=121)
	  Index Cond: (id = 6652762)

table 5 : explain SELECT c FROM sbtest5 WHERE id=3032650
	Index Scan using sbtest5_pkey on sbtest5  (cost=0.43..8.45 rows=1 width=121)
	  Index Cond: (id = 3032650)

table 6 : explain SELECT c FROM sbtest6 WHERE id=4671490
	Index Scan using sbtest6_pkey on sbtest6  (cost=0.43..8.45 rows=1 width=121)
	  Index Cond: (id = 4671490)

table 7 : explain SELECT c FROM sbtest7 WHERE id=9026446
	Index Scan using sbtest7_pkey on sbtest7  (cost=0.43..8.45 rows=1 width=121)
	  Index Cond: (id = 9026446)

table 8 : explain SELECT c FROM sbtest8 WHERE id=8928805
	Index Scan using sbtest8_pkey on sbtest8  (cost=0.43..8.45 rows=1 width=121)
	  Index Cond: (id = 8928805)

explain: for point_selects :: explain SELECT c FROM sbtest%u WHERE id=%u
for: distinct_ranges
table 1 : explain SELECT DISTINCT c FROM sbtest1 WHERE id BETWEEN 4463976 AND 4464975 ORDER BY c
	Unique  (cost=3962.97..3968.04 rows=1014 width=121)
	  ->  Sort  (cost=3962.97..3965.51 rows=1014 width=121)
	        Sort Key: c
	        ->  Bitmap Heap Scan on sbtest1  (cost=22.83..3912.35 rows=1014 width=121)
	              Recheck Cond: ((id >= 4463976) AND (id <= 4464975))
	              ->  Bitmap Index Scan on sbtest1_pkey  (cost=0.00..22.57 rows=1014 width=0)
	                    Index Cond: ((id >= 4463976) AND (id <= 4464975))

table 2 : explain SELECT DISTINCT c FROM sbtest2 WHERE id BETWEEN 8645415 AND 8646414 ORDER BY c
	Unique  (cost=3481.75..3486.19 rows=888 width=121)
	  ->  Sort  (cost=3481.75..3483.97 rows=888 width=121)
	        Sort Key: c
	        ->  Bitmap Heap Scan on sbtest2  (cost=21.54..3438.26 rows=888 width=121)
	              Recheck Cond: ((id >= 8645415) AND (id <= 8646414))
	              ->  Bitmap Index Scan on sbtest2_pkey  (cost=0.00..21.32 rows=888 width=0)
	                    Index Cond: ((id >= 8645415) AND (id <= 8646414))

table 3 : explain SELECT DISTINCT c FROM sbtest3 WHERE id BETWEEN 1260413 AND 1261412 ORDER BY c
	Unique  (cost=4223.82..4229.23 rows=1082 width=121)
	  ->  Sort  (cost=4223.82..4226.53 rows=1082 width=121)
	        Sort Key: c
	        ->  Bitmap Heap Scan on sbtest3  (cost=23.53..4169.29 rows=1082 width=121)
	              Recheck Cond: ((id >= 1260413) AND (id <= 1261412))
	              ->  Bitmap Index Scan on sbtest3_pkey  (cost=0.00..23.25 rows=1082 width=0)
	                    Index Cond: ((id >= 1260413) AND (id <= 1261412))

table 4 : explain SELECT DISTINCT c FROM sbtest4 WHERE id BETWEEN 997705 AND 998704 ORDER BY c
	Unique  (cost=3739.66..3744.43 rows=955 width=121)
	  ->  Sort  (cost=3739.66..3742.04 rows=955 width=121)
	        Sort Key: c
	        ->  Bitmap Heap Scan on sbtest4  (cost=22.22..3692.39 rows=955 width=121)
	              Recheck Cond: ((id >= 997705) AND (id <= 998704))
	              ->  Bitmap Index Scan on sbtest4_pkey  (cost=0.00..21.98 rows=955 width=0)
	                    Index Cond: ((id >= 997705) AND (id <= 998704))

table 5 : explain SELECT DISTINCT c FROM sbtest5 WHERE id BETWEEN 1097144 AND 1098143 ORDER BY c
	Unique  (cost=4129.72..4135.00 rows=1057 width=121)
	  ->  Sort  (cost=4129.72..4132.36 rows=1057 width=121)
	        Sort Key: c
	        ->  Bitmap Heap Scan on sbtest5  (cost=23.27..4076.63 rows=1057 width=121)
	              Recheck Cond: ((id >= 1097144) AND (id <= 1098143))
	              ->  Bitmap Index Scan on sbtest5_pkey  (cost=0.00..23.00 rows=1057 width=0)
	                    Index Cond: ((id >= 1097144) AND (id <= 1098143))

table 6 : explain SELECT DISTINCT c FROM sbtest6 WHERE id BETWEEN 9316411 AND 9317410 ORDER BY c
	Unique  (cost=4240.47..4245.90 rows=1086 width=121)
	  ->  Sort  (cost=4240.47..4243.18 rows=1086 width=121)
	        Sort Key: c
	        ->  Bitmap Heap Scan on sbtest6  (cost=23.57..4185.70 rows=1086 width=121)
	              Recheck Cond: ((id >= 9316411) AND (id <= 9317410))
	              ->  Bitmap Index Scan on sbtest6_pkey  (cost=0.00..23.29 rows=1086 width=0)
	                    Index Cond: ((id >= 9316411) AND (id <= 9317410))

table 7 : explain SELECT DISTINCT c FROM sbtest7 WHERE id BETWEEN 9040817 AND 9041816 ORDER BY c
	Unique  (cost=3744.52..3749.30 rows=956 width=121)
	  ->  Sort  (cost=3744.52..3746.91 rows=956 width=121)
	        Sort Key: c
	        ->  Bitmap Heap Scan on sbtest7  (cost=22.23..3697.19 rows=956 width=121)
	              Recheck Cond: ((id >= 9040817) AND (id <= 9041816))
	              ->  Bitmap Index Scan on sbtest7_pkey  (cost=0.00..22.00 rows=956 width=0)
	                    Index Cond: ((id >= 9040817) AND (id <= 9041816))

table 8 : explain SELECT DISTINCT c FROM sbtest8 WHERE id BETWEEN 4410273 AND 4411272 ORDER BY c
	Unique  (cost=3663.99..3668.67 rows=935 width=121)
	  ->  Sort  (cost=3663.99..3666.33 rows=935 width=121)
	        Sort Key: c
	        ->  Bitmap Heap Scan on sbtest8  (cost=22.02..3617.86 rows=935 width=121)
	              Recheck Cond: ((id >= 4410273) AND (id <= 4411272))
	              ->  Bitmap Index Scan on sbtest8_pkey  (cost=0.00..21.79 rows=935 width=0)
	                    Index Cond: ((id >= 4410273) AND (id <= 4411272))

for: distinct_ranges
table 1 : explain SELECT DISTINCT c FROM sbtest1 WHERE id BETWEEN 1751477 AND 1752476 ORDER BY c
	Unique  (cost=3488.42..3492.87 rows=890 width=121)
	  ->  Sort  (cost=3488.42..3490.65 rows=890 width=121)
	        Sort Key: c
	        ->  Bitmap Heap Scan on sbtest1  (cost=21.56..3444.82 rows=890 width=121)
	              Recheck Cond: ((id >= 1751477) AND (id <= 1752476))
	              ->  Bitmap Index Scan on sbtest1_pkey  (cost=0.00..21.33 rows=890 width=0)
	                    Index Cond: ((id >= 1751477) AND (id <= 1752476))

table 2 : explain SELECT DISTINCT c FROM sbtest2 WHERE id BETWEEN 5637370 AND 5638369 ORDER BY c
	Unique  (cost=3925.97..3930.99 rows=1004 width=121)
	  ->  Sort  (cost=3925.97..3928.48 rows=1004 width=121)
	        Sort Key: c
	        ->  Bitmap Heap Scan on sbtest2  (cost=22.73..3875.92 rows=1004 width=121)
	              Recheck Cond: ((id >= 5637370) AND (id <= 5638369))
	              ->  Bitmap Index Scan on sbtest2_pkey  (cost=0.00..22.47 rows=1004 width=0)
	                    Index Cond: ((id >= 5637370) AND (id <= 5638369))

table 3 : explain SELECT DISTINCT c FROM sbtest3 WHERE id BETWEEN 8051176 AND 8052175 ORDER BY c
	Unique  (cost=3849.57..3854.49 rows=984 width=121)
	  ->  Sort  (cost=3849.57..3852.03 rows=984 width=121)
	        Sort Key: c
	        ->  Bitmap Heap Scan on sbtest3  (cost=22.52..3800.65 rows=984 width=121)
	              Recheck Cond: ((id >= 8051176) AND (id <= 8052175))
	              ->  Bitmap Index Scan on sbtest3_pkey  (cost=0.00..22.27 rows=984 width=0)
	                    Index Cond: ((id >= 8051176) AND (id <= 8052175))

table 4 : explain SELECT DISTINCT c FROM sbtest4 WHERE id BETWEEN 5253070 AND 5254069 ORDER BY c
	Unique  (cost=3770.29..3775.11 rows=963 width=121)
	  ->  Sort  (cost=3770.29..3772.70 rows=963 width=121)
	        Sort Key: c
	        ->  Bitmap Heap Scan on sbtest4  (cost=22.31..3722.57 rows=963 width=121)
	              Recheck Cond: ((id >= 5253070) AND (id <= 5254069))
	              ->  Bitmap Index Scan on sbtest4_pkey  (cost=0.00..22.07 rows=963 width=0)
	                    Index Cond: ((id >= 5253070) AND (id <= 5254069))

table 5 : explain SELECT DISTINCT c FROM sbtest5 WHERE id BETWEEN 5589967 AND 5590966 ORDER BY c
	Unique  (cost=3663.05..3667.73 rows=935 width=121)
	  ->  Sort  (cost=3663.05..3665.39 rows=935 width=121)
	        Sort Key: c
	        ->  Bitmap Heap Scan on sbtest5  (cost=22.02..3616.91 rows=935 width=121)
	              Recheck Cond: ((id >= 5589967) AND (id <= 5590966))
	              ->  Bitmap Index Scan on sbtest5_pkey  (cost=0.00..21.79 rows=935 width=0)
	                    Index Cond: ((id >= 5589967) AND (id <= 5590966))

table 6 : explain SELECT DISTINCT c FROM sbtest6 WHERE id BETWEEN 1769278 AND 1770277 ORDER BY c
	Unique  (cost=3778.04..3782.87 rows=965 width=121)
	  ->  Sort  (cost=3778.04..3780.45 rows=965 width=121)
	        Sort Key: c
	        ->  Bitmap Heap Scan on sbtest6  (cost=22.33..3730.20 rows=965 width=121)
	              Recheck Cond: ((id >= 1769278) AND (id <= 1770277))
	              ->  Bitmap Index Scan on sbtest6_pkey  (cost=0.00..22.08 rows=965 width=0)
	                    Index Cond: ((id >= 1769278) AND (id <= 1770277))

table 7 : explain SELECT DISTINCT c FROM sbtest7 WHERE id BETWEEN 6395387 AND 6396386 ORDER BY c
	Unique  (cost=4134.71..4140.00 rows=1058 width=121)
	  ->  Sort  (cost=4134.71..4137.36 rows=1058 width=121)
	        Sort Key: c
	        ->  Bitmap Heap Scan on sbtest7  (cost=23.28..4081.56 rows=1058 width=121)
	              Recheck Cond: ((id >= 6395387) AND (id <= 6396386))
	              ->  Bitmap Index Scan on sbtest7_pkey  (cost=0.00..23.01 rows=1058 width=0)
	                    Index Cond: ((id >= 6395387) AND (id <= 6396386))

table 8 : explain SELECT DISTINCT c FROM sbtest8 WHERE id BETWEEN 2957755 AND 2958754 ORDER BY c
	Unique  (cost=3951.21..3956.26 rows=1010 width=121)
	  ->  Sort  (cost=3951.21..3953.73 rows=1010 width=121)
	        Sort Key: c
	        ->  Bitmap Heap Scan on sbtest8  (cost=22.79..3900.81 rows=1010 width=121)
	              Recheck Cond: ((id >= 2957755) AND (id <= 2958754))
	              ->  Bitmap Index Scan on sbtest8_pkey  (cost=0.00..22.54 rows=1010 width=0)
	                    Index Cond: ((id >= 2957755) AND (id <= 2958754))

for: sum_ranges
table 1 : explain SELECT SUM(k) FROM sbtest1 WHERE id BETWEEN 8764523 AND 8765522
	Aggregate  (cost=4399.74..4399.75 rows=1 width=8)
	  ->  Bitmap Heap Scan on sbtest1  (cost=28.15..4396.88 rows=1143 width=4)
	        Recheck Cond: ((id >= 8764523) AND (id <= 8765522))
	        ->  Bitmap Index Scan on sbtest1_pkey  (cost=0.00..27.86 rows=1143 width=0)
	              Index Cond: ((id >= 8764523) AND (id <= 8765522))

table 2 : explain SELECT SUM(k) FROM sbtest2 WHERE id BETWEEN 8113820 AND 8114819
	Aggregate  (cost=4108.02..4108.03 rows=1 width=8)
	  ->  Bitmap Heap Scan on sbtest2  (cost=23.35..4105.36 rows=1065 width=4)
	        Recheck Cond: ((id >= 8113820) AND (id <= 8114819))
	        ->  Bitmap Index Scan on sbtest2_pkey  (cost=0.00..23.08 rows=1065 width=0)
	              Index Cond: ((id >= 8113820) AND (id <= 8114819))

table 3 : explain SELECT SUM(k) FROM sbtest3 WHERE id BETWEEN 6294025 AND 6295024
	Aggregate  (cost=3814.43..3814.44 rows=1 width=8)
	  ->  Bitmap Heap Scan on sbtest3  (cost=22.55..3811.96 rows=987 width=4)
	        Recheck Cond: ((id >= 6294025) AND (id <= 6295024))
	        ->  Bitmap Index Scan on sbtest3_pkey  (cost=0.00..22.30 rows=987 width=0)
	              Index Cond: ((id >= 6294025) AND (id <= 6295024))

table 4 : explain SELECT SUM(k) FROM sbtest4 WHERE id BETWEEN 7899139 AND 7900138
	Aggregate  (cost=3890.94..3890.95 rows=1 width=8)
	  ->  Bitmap Heap Scan on sbtest4  (cost=22.76..3888.43 rows=1007 width=4)
	        Recheck Cond: ((id >= 7899139) AND (id <= 7900138))
	        ->  Bitmap Index Scan on sbtest4_pkey  (cost=0.00..22.50 rows=1007 width=0)
	              Index Cond: ((id >= 7899139) AND (id <= 7900138))

table 5 : explain SELECT SUM(k) FROM sbtest5 WHERE id BETWEEN 7883171 AND 7884170
	Aggregate  (cost=3596.58..3596.59 rows=1 width=8)
	  ->  Bitmap Heap Scan on sbtest5  (cost=21.96..3594.25 rows=929 width=4)
	        Recheck Cond: ((id >= 7883171) AND (id <= 7884170))
	        ->  Bitmap Index Scan on sbtest5_pkey  (cost=0.00..21.72 rows=929 width=0)
	              Index Cond: ((id >= 7883171) AND (id <= 7884170))

table 6 : explain SELECT SUM(k) FROM sbtest6 WHERE id BETWEEN 4000107 AND 4001106
	Aggregate  (cost=3698.64..3698.65 rows=1 width=8)
	  ->  Bitmap Heap Scan on sbtest6  (cost=22.23..3696.25 rows=956 width=4)
	        Recheck Cond: ((id >= 4000107) AND (id <= 4001106))
	        ->  Bitmap Index Scan on sbtest6_pkey  (cost=0.00..22.00 rows=956 width=0)
	              Index Cond: ((id >= 4000107) AND (id <= 4001106))

table 7 : explain SELECT SUM(k) FROM sbtest7 WHERE id BETWEEN 7310403 AND 7311402
	Aggregate  (cost=4204.84..4204.85 rows=1 width=8)
	  ->  Bitmap Heap Scan on sbtest7  (cost=27.60..4202.12 rows=1089 width=4)
	        Recheck Cond: ((id >= 7310403) AND (id <= 7311402))
	        ->  Bitmap Index Scan on sbtest7_pkey  (cost=0.00..27.32 rows=1089 width=0)
	              Index Cond: ((id >= 7310403) AND (id <= 7311402))

table 8 : explain SELECT SUM(k) FROM sbtest8 WHERE id BETWEEN 8437479 AND 8438478
	Aggregate  (cost=3688.21..3688.22 rows=1 width=8)
	  ->  Bitmap Heap Scan on sbtest8  (cost=22.20..3685.83 rows=953 width=4)
	        Recheck Cond: ((id >= 8437479) AND (id <= 8438478))
	        ->  Bitmap Index Scan on sbtest8_pkey  (cost=0.00..21.96 rows=953 width=0)
	              Index Cond: ((id >= 8437479) AND (id <= 8438478))

for: distinct_ranges
table 1 : explain SELECT DISTINCT c FROM sbtest1 WHERE id BETWEEN 8505118 AND 8506117 ORDER BY c
	Unique  (cost=4249.08..4254.52 rows=1089 width=121)
	  ->  Sort  (cost=4249.08..4251.80 rows=1089 width=121)
	        Sort Key: c
	        ->  Bitmap Heap Scan on sbtest1  (cost=23.60..4194.15 rows=1089 width=121)
	              Recheck Cond: ((id >= 8505118) AND (id <= 8506117))
	              ->  Bitmap Index Scan on sbtest1_pkey  (cost=0.00..23.32 rows=1089 width=0)
	                    Index Cond: ((id >= 8505118) AND (id <= 8506117))

table 2 : explain SELECT DISTINCT c FROM sbtest2 WHERE id BETWEEN 9840522 AND 9841521 ORDER BY c
	Unique  (cost=3903.04..3908.03 rows=998 width=121)
	  ->  Sort  (cost=3903.04..3905.53 rows=998 width=121)
	        Sort Key: c
	        ->  Bitmap Heap Scan on sbtest2  (cost=22.66..3853.32 rows=998 width=121)
	              Recheck Cond: ((id >= 9840522) AND (id <= 9841521))
	              ->  Bitmap Index Scan on sbtest2_pkey  (cost=0.00..22.41 rows=998 width=0)
	                    Index Cond: ((id >= 9840522) AND (id <= 9841521))

table 3 : explain SELECT DISTINCT c FROM sbtest3 WHERE id BETWEEN 121548 AND 122547 ORDER BY c
	Unique  (cost=4227.64..4233.05 rows=1083 width=121)
	  ->  Sort  (cost=4227.64..4230.34 rows=1083 width=121)
	        Sort Key: c
	        ->  Bitmap Heap Scan on sbtest3  (cost=23.54..4173.05 rows=1083 width=121)
	              Recheck Cond: ((id >= 121548) AND (id <= 122547))
	              ->  Bitmap Index Scan on sbtest3_pkey  (cost=0.00..23.26 rows=1083 width=0)
	                    Index Cond: ((id >= 121548) AND (id <= 122547))

table 4 : explain SELECT DISTINCT c FROM sbtest4 WHERE id BETWEEN 773692 AND 774691 ORDER BY c
	Unique  (cost=3961.60..3966.66 rows=1013 width=121)
	  ->  Sort  (cost=3961.60..3964.13 rows=1013 width=121)
	        Sort Key: c
	        ->  Bitmap Heap Scan on sbtest4  (cost=22.82..3911.02 rows=1013 width=121)
	              Recheck Cond: ((id >= 773692) AND (id <= 774691))
	              ->  Bitmap Index Scan on sbtest4_pkey  (cost=0.00..22.57 rows=1013 width=0)
	                    Index Cond: ((id >= 773692) AND (id <= 774691))

table 5 : explain SELECT DISTINCT c FROM sbtest5 WHERE id BETWEEN 7426741 AND 7427740 ORDER BY c
	Unique  (cost=3693.71..3698.42 rows=943 width=121)
	  ->  Sort  (cost=3693.71..3696.06 rows=943 width=121)
	        Sort Key: c
	        ->  Bitmap Heap Scan on sbtest5  (cost=22.10..3647.12 rows=943 width=121)
	              Recheck Cond: ((id >= 7426741) AND (id <= 7427740))
	              ->  Bitmap Index Scan on sbtest5_pkey  (cost=0.00..21.86 rows=943 width=0)
	                    Index Cond: ((id >= 7426741) AND (id <= 7427740))

table 6 : explain SELECT DISTINCT c FROM sbtest6 WHERE id BETWEEN 4819044 AND 4820043 ORDER BY c
	Unique  (cost=3628.61..3633.24 rows=926 width=121)
	  ->  Sort  (cost=3628.61..3630.93 rows=926 width=121)
	        Sort Key: c
	        ->  Bitmap Heap Scan on sbtest6  (cost=21.93..3582.99 rows=926 width=121)
	              Recheck Cond: ((id >= 4819044) AND (id <= 4820043))
	              ->  Bitmap Index Scan on sbtest6_pkey  (cost=0.00..21.69 rows=926 width=0)
	                    Index Cond: ((id >= 4819044) AND (id <= 4820043))

table 7 : explain SELECT DISTINCT c FROM sbtest7 WHERE id BETWEEN 5135728 AND 5136727 ORDER BY c
	Unique  (cost=4039.19..4044.36 rows=1033 width=121)
	  ->  Sort  (cost=4039.19..4041.77 rows=1033 width=121)
	        Sort Key: c
	        ->  Bitmap Heap Scan on sbtest7  (cost=23.02..3987.48 rows=1033 width=121)
	              Recheck Cond: ((id >= 5135728) AND (id <= 5136727))
	              ->  Bitmap Index Scan on sbtest7_pkey  (cost=0.00..22.76 rows=1033 width=0)
	                    Index Cond: ((id >= 5135728) AND (id <= 5136727))

table 8 : explain SELECT DISTINCT c FROM sbtest8 WHERE id BETWEEN 7867849 AND 7868848 ORDER BY c
	Unique  (cost=3771.30..3776.12 rows=963 width=121)
	  ->  Sort  (cost=3771.30..3773.71 rows=963 width=121)
	        Sort Key: c
	        ->  Bitmap Heap Scan on sbtest8  (cost=22.31..3723.58 rows=963 width=121)
	              Recheck Cond: ((id >= 7867849) AND (id <= 7868848))
	              ->  Bitmap Index Scan on sbtest8_pkey  (cost=0.00..22.07 rows=963 width=0)
	                    Index Cond: ((id >= 7867849) AND (id <= 7868848))

for: simple_ranges
table 1 : explain SELECT c FROM sbtest1 WHERE id BETWEEN 8543482 AND 8544481
	Bitmap Heap Scan on sbtest1  (cost=22.32..3724.08 rows=964 width=121)
	  Recheck Cond: ((id >= 8543482) AND (id <= 8544481))
	  ->  Bitmap Index Scan on sbtest1_pkey  (cost=0.00..22.07 rows=964 width=0)
	        Index Cond: ((id >= 8543482) AND (id <= 8544481))

table 2 : explain SELECT c FROM sbtest2 WHERE id BETWEEN 2802348 AND 2803347
	Bitmap Heap Scan on sbtest2  (cost=27.79..4267.09 rows=1108 width=121)
	  Recheck Cond: ((id >= 2802348) AND (id <= 2803347))
	  ->  Bitmap Index Scan on sbtest2_pkey  (cost=0.00..27.51 rows=1108 width=0)
	        Index Cond: ((id >= 2802348) AND (id <= 2803347))

table 3 : explain SELECT c FROM sbtest3 WHERE id BETWEEN 3569026 AND 3570025
	Bitmap Heap Scan on sbtest3  (cost=22.17..3672.47 rows=950 width=121)
	  Recheck Cond: ((id >= 3569026) AND (id <= 3570025))
	  ->  Bitmap Index Scan on sbtest3_pkey  (cost=0.00..21.93 rows=950 width=0)
	        Index Cond: ((id >= 3569026) AND (id <= 3570025))

table 4 : explain SELECT c FROM sbtest4 WHERE id BETWEEN 1844089 AND 1845088
	Bitmap Heap Scan on sbtest4  (cost=27.74..4253.44 rows=1103 width=121)
	  Recheck Cond: ((id >= 1844089) AND (id <= 1845088))
	  ->  Bitmap Index Scan on sbtest4_pkey  (cost=0.00..27.46 rows=1103 width=0)
	        Index Cond: ((id >= 1844089) AND (id <= 1845088))

table 5 : explain SELECT c FROM sbtest5 WHERE id BETWEEN 620805 AND 621804
	Bitmap Heap Scan on sbtest5  (cost=22.54..3809.32 rows=986 width=121)
	  Recheck Cond: ((id >= 620805) AND (id <= 621804))
	  ->  Bitmap Index Scan on sbtest5_pkey  (cost=0.00..22.29 rows=986 width=0)
	        Index Cond: ((id >= 620805) AND (id <= 621804))

table 6 : explain SELECT c FROM sbtest6 WHERE id BETWEEN 6099894 AND 6100893
	Bitmap Heap Scan on sbtest6  (cost=22.85..3922.42 rows=1016 width=121)
	  Recheck Cond: ((id >= 6099894) AND (id <= 6100893))
	  ->  Bitmap Index Scan on sbtest6_pkey  (cost=0.00..22.59 rows=1016 width=0)
	        Index Cond: ((id >= 6099894) AND (id <= 6100893))

table 7 : explain SELECT c FROM sbtest7 WHERE id BETWEEN 8671890 AND 8672889
	Bitmap Heap Scan on sbtest7  (cost=21.38..3383.42 rows=873 width=121)
	  Recheck Cond: ((id >= 8671890) AND (id <= 8672889))
	  ->  Bitmap Index Scan on sbtest7_pkey  (cost=0.00..21.16 rows=873 width=0)
	        Index Cond: ((id >= 8671890) AND (id <= 8672889))

table 8 : explain SELECT c FROM sbtest8 WHERE id BETWEEN 3903193 AND 3904192
	Bitmap Heap Scan on sbtest8  (cost=22.85..3923.41 rows=1016 width=121)
	  Recheck Cond: ((id >= 3903193) AND (id <= 3904192))
	  ->  Bitmap Index Scan on sbtest8_pkey  (cost=0.00..22.59 rows=1016 width=0)
	        Index Cond: ((id >= 3903193) AND (id <= 3904192))

for: sum_ranges
table 1 : explain SELECT SUM(k) FROM sbtest1 WHERE id BETWEEN 4364654 AND 4365653
	Aggregate  (cost=3775.50..3775.51 rows=1 width=8)
	  ->  Bitmap Heap Scan on sbtest1  (cost=22.45..3773.06 rows=977 width=4)
	        Recheck Cond: ((id >= 4364654) AND (id <= 4365653))
	        ->  Bitmap Index Scan on sbtest1_pkey  (cost=0.00..22.20 rows=977 width=0)
	              Index Cond: ((id >= 4364654) AND (id <= 4365653))

table 2 : explain SELECT SUM(k) FROM sbtest2 WHERE id BETWEEN 2627509 AND 2628508
	Aggregate  (cost=3678.55..3678.56 rows=1 width=8)
	  ->  Bitmap Heap Scan on sbtest2  (cost=22.18..3676.18 rows=951 width=4)
	        Recheck Cond: ((id >= 2627509) AND (id <= 2628508))
	        ->  Bitmap Index Scan on sbtest2_pkey  (cost=0.00..21.94 rows=951 width=0)
	              Index Cond: ((id >= 2627509) AND (id <= 2628508))

table 3 : explain SELECT SUM(k) FROM sbtest3 WHERE id BETWEEN 9399861 AND 9400860
	Aggregate  (cost=3904.87..3904.88 rows=1 width=8)
	  ->  Bitmap Heap Scan on sbtest3  (cost=22.80..3902.34 rows=1011 width=4)
	        Recheck Cond: ((id >= 9399861) AND (id <= 9400860))
	        ->  Bitmap Index Scan on sbtest3_pkey  (cost=0.00..22.54 rows=1011 width=0)
	              Index Cond: ((id >= 9399861) AND (id <= 9400860))

table 4 : explain SELECT SUM(k) FROM sbtest4 WHERE id BETWEEN 4253850 AND 4254849
	Aggregate  (cost=4045.37..4045.38 rows=1 width=8)
	  ->  Bitmap Heap Scan on sbtest4  (cost=23.18..4042.75 rows=1048 width=4)
	        Recheck Cond: ((id >= 4253850) AND (id <= 4254849))
	        ->  Bitmap Index Scan on sbtest4_pkey  (cost=0.00..22.91 rows=1048 width=0)
	              Index Cond: ((id >= 4253850) AND (id <= 4254849))

table 5 : explain SELECT SUM(k) FROM sbtest5 WHERE id BETWEEN 9070953 AND 9071952
	Aggregate  (cost=3755.20..3755.21 rows=1 width=8)
	  ->  Bitmap Heap Scan on sbtest5  (cost=22.39..3752.77 rows=971 width=4)
	        Recheck Cond: ((id >= 9070953) AND (id <= 9071952))
	        ->  Bitmap Index Scan on sbtest5_pkey  (cost=0.00..22.14 rows=971 width=0)
	              Index Cond: ((id >= 9070953) AND (id <= 9071952))

table 6 : explain SELECT SUM(k) FROM sbtest6 WHERE id BETWEEN 8138256 AND 8139255
	Aggregate  (cost=3751.49..3751.50 rows=1 width=8)
	  ->  Bitmap Heap Scan on sbtest6  (cost=22.38..3749.06 rows=970 width=4)
	        Recheck Cond: ((id >= 8138256) AND (id <= 8139255))
	        ->  Bitmap Index Scan on sbtest6_pkey  (cost=0.00..22.14 rows=970 width=0)
	              Index Cond: ((id >= 8138256) AND (id <= 8139255))

table 7 : explain SELECT SUM(k) FROM sbtest7 WHERE id BETWEEN 7419514 AND 7420513
	Aggregate  (cost=4027.73..4027.74 rows=1 width=8)
	  ->  Bitmap Heap Scan on sbtest7  (cost=23.13..4025.12 rows=1043 width=4)
	        Recheck Cond: ((id >= 7419514) AND (id <= 7420513))
	        ->  Bitmap Index Scan on sbtest7_pkey  (cost=0.00..22.86 rows=1043 width=0)
	              Index Cond: ((id >= 7419514) AND (id <= 7420513))

table 8 : explain SELECT SUM(k) FROM sbtest8 WHERE id BETWEEN 8592917 AND 8593916
	Aggregate  (cost=3650.43..3650.44 rows=1 width=8)
	  ->  Bitmap Heap Scan on sbtest8  (cost=22.10..3648.07 rows=943 width=4)
	        Recheck Cond: ((id >= 8592917) AND (id <= 8593916))
	        ->  Bitmap Index Scan on sbtest8_pkey  (cost=0.00..21.86 rows=943 width=0)
	              Index Cond: ((id >= 8592917) AND (id <= 8593916))

for point_selects
table 1 : explain SELECT c FROM sbtest1 WHERE id=448729
	Index Scan using sbtest1_pkey on sbtest1  (cost=0.43..8.45 rows=1 width=121)
	  Index Cond: (id = 448729)

table 2 : explain SELECT c FROM sbtest2 WHERE id=3067276
	Index Scan using sbtest2_pkey on sbtest2  (cost=0.43..8.45 rows=1 width=121)
	  Index Cond: (id = 3067276)

table 3 : explain SELECT c FROM sbtest3 WHERE id=1931859
	Index Scan using sbtest3_pkey on sbtest3  (cost=0.43..8.45 rows=1 width=121)
	  Index Cond: (id = 1931859)

table 4 : explain SELECT c FROM sbtest4 WHERE id=4717653
	Index Scan using sbtest4_pkey on sbtest4  (cost=0.43..8.45 rows=1 width=121)
	  Index Cond: (id = 4717653)

table 5 : explain SELECT c FROM sbtest5 WHERE id=2369011
	Index Scan using sbtest5_pkey on sbtest5  (cost=0.43..8.45 rows=1 width=121)
	  Index Cond: (id = 2369011)

table 6 : explain SELECT c FROM sbtest6 WHERE id=7863286
	Index Scan using sbtest6_pkey on sbtest6  (cost=0.43..8.45 rows=1 width=121)
	  Index Cond: (id = 7863286)

table 7 : explain SELECT c FROM sbtest7 WHERE id=8636269
	Index Scan using sbtest7_pkey on sbtest7  (cost=0.43..8.45 rows=1 width=121)
	  Index Cond: (id = 8636269)

table 8 : explain SELECT c FROM sbtest8 WHERE id=1255850
	Index Scan using sbtest8_pkey on sbtest8  (cost=0.43..8.45 rows=1 width=121)
	  Index Cond: (id = 1255850)

for: simple_ranges
table 1 : explain SELECT c FROM sbtest1 WHERE id BETWEEN 5550453 AND 5551452
	Bitmap Heap Scan on sbtest1  (cost=27.89..4303.19 rows=1118 width=121)
	  Recheck Cond: ((id >= 5550453) AND (id <= 5551452))
	  ->  Bitmap Index Scan on sbtest1_pkey  (cost=0.00..27.61 rows=1118 width=0)
	        Index Cond: ((id >= 5550453) AND (id <= 5551452))

table 2 : explain SELECT c FROM sbtest2 WHERE id BETWEEN 3748938 AND 3749937
	Bitmap Heap Scan on sbtest2  (cost=22.02..3615.80 rows=935 width=121)
	  Recheck Cond: ((id >= 3748938) AND (id <= 3749937))
	  ->  Bitmap Index Scan on sbtest2_pkey  (cost=0.00..21.79 rows=935 width=0)
	        Index Cond: ((id >= 3748938) AND (id <= 3749937))

table 3 : explain SELECT c FROM sbtest3 WHERE id BETWEEN 9562113 AND 9563112
	Bitmap Heap Scan on sbtest3  (cost=23.43..4135.49 rows=1073 width=121)
	  Recheck Cond: ((id >= 9562113) AND (id <= 9563112))
	  ->  Bitmap Index Scan on sbtest3_pkey  (cost=0.00..23.16 rows=1073 width=0)
	        Index Cond: ((id >= 9562113) AND (id <= 9563112))

table 4 : explain SELECT c FROM sbtest4 WHERE id BETWEEN 5783599 AND 5784598
	Bitmap Heap Scan on sbtest4  (cost=21.98..3601.79 rows=931 width=121)
	  Recheck Cond: ((id >= 5783599) AND (id <= 5784598))
	  ->  Bitmap Index Scan on sbtest4_pkey  (cost=0.00..21.75 rows=931 width=0)
	        Index Cond: ((id >= 5783599) AND (id <= 5784598))

table 5 : explain SELECT c FROM sbtest5 WHERE id BETWEEN 6285714 AND 6286713
	Bitmap Heap Scan on sbtest5  (cost=22.70..3865.85 rows=1001 width=121)
	  Recheck Cond: ((id >= 6285714) AND (id <= 6286713))
	  ->  Bitmap Index Scan on sbtest5_pkey  (cost=0.00..22.44 rows=1001 width=0)
	        Index Cond: ((id >= 6285714) AND (id <= 6286713))

table 6 : explain SELECT c FROM sbtest6 WHERE id BETWEEN 4575670 AND 4576669
	Bitmap Heap Scan on sbtest6  (cost=23.30..4087.98 rows=1060 width=121)
	  Recheck Cond: ((id >= 4575670) AND (id <= 4576669))
	  ->  Bitmap Index Scan on sbtest6_pkey  (cost=0.00..23.04 rows=1060 width=0)
	        Index Cond: ((id >= 4575670) AND (id <= 4576669))

table 7 : explain SELECT c FROM sbtest7 WHERE id BETWEEN 1862888 AND 1863887
	Bitmap Heap Scan on sbtest7  (cost=22.34..3734.93 rows=966 width=121)
	  Recheck Cond: ((id >= 1862888) AND (id <= 1863887))
	  ->  Bitmap Index Scan on sbtest7_pkey  (cost=0.00..22.09 rows=966 width=0)
	        Index Cond: ((id >= 1862888) AND (id <= 1863887))

table 8 : explain SELECT c FROM sbtest8 WHERE id BETWEEN 8115185 AND 8116184
	Bitmap Heap Scan on sbtest8  (cost=22.53..3806.57 rows=985 width=121)
	  Recheck Cond: ((id >= 8115185) AND (id <= 8116184))
	  ->  Bitmap Index Scan on sbtest8_pkey  (cost=0.00..22.29 rows=985 width=0)
	        Index Cond: ((id >= 8115185) AND (id <= 8116184))

for: sum_ranges
table 1 : explain SELECT SUM(k) FROM sbtest1 WHERE id BETWEEN 2359800 AND 2360799
	Aggregate  (cost=3367.61..3367.62 rows=1 width=8)
	  ->  Bitmap Heap Scan on sbtest1  (cost=21.34..3365.44 rows=869 width=4)
	        Recheck Cond: ((id >= 2359800) AND (id <= 2360799))
	        ->  Bitmap Index Scan on sbtest1_pkey  (cost=0.00..21.12 rows=869 width=0)
	              Index Cond: ((id >= 2359800) AND (id <= 2360799))

table 2 : explain SELECT SUM(k) FROM sbtest2 WHERE id BETWEEN 4578721 AND 4579720
	Aggregate  (cost=3720.07..3720.08 rows=1 width=8)
	  ->  Bitmap Heap Scan on sbtest2  (cost=22.30..3717.66 rows=962 width=4)
	        Recheck Cond: ((id >= 4578721) AND (id <= 4579720))
	        ->  Bitmap Index Scan on sbtest2_pkey  (cost=0.00..22.05 rows=962 width=0)
	              Index Cond: ((id >= 4578721) AND (id <= 4579720))

table 3 : explain SELECT SUM(k) FROM sbtest3 WHERE id BETWEEN 7463091 AND 7464090
	Aggregate  (cost=3874.73..3874.74 rows=1 width=8)
	  ->  Bitmap Heap Scan on sbtest3  (cost=22.72..3872.22 rows=1003 width=4)
	        Recheck Cond: ((id >= 7463091) AND (id <= 7464090))
	        ->  Bitmap Index Scan on sbtest3_pkey  (cost=0.00..22.46 rows=1003 width=0)
	              Index Cond: ((id >= 7463091) AND (id <= 7464090))

table 4 : explain SELECT SUM(k) FROM sbtest4 WHERE id BETWEEN 8803245 AND 8804244
	Aggregate  (cost=3653.23..3653.24 rows=1 width=8)
	  ->  Bitmap Heap Scan on sbtest4  (cost=22.11..3650.87 rows=944 width=4)
	        Recheck Cond: ((id >= 8803245) AND (id <= 8804244))
	        ->  Bitmap Index Scan on sbtest4_pkey  (cost=0.00..21.87 rows=944 width=0)
	              Index Cond: ((id >= 8803245) AND (id <= 8804244))

table 5 : explain SELECT SUM(k) FROM sbtest5 WHERE id BETWEEN 2523401 AND 2524400
	Aggregate  (cost=3573.90..3573.91 rows=1 width=8)
	  ->  Bitmap Heap Scan on sbtest5  (cost=21.90..3571.59 rows=923 width=4)
	        Recheck Cond: ((id >= 2523401) AND (id <= 2524400))
	        ->  Bitmap Index Scan on sbtest5_pkey  (cost=0.00..21.66 rows=923 width=0)
	              Index Cond: ((id >= 2523401) AND (id <= 2524400))

table 6 : explain SELECT SUM(k) FROM sbtest6 WHERE id BETWEEN 8433329 AND 8434328
	Aggregate  (cost=3989.00..3989.01 rows=1 width=8)
	  ->  Bitmap Heap Scan on sbtest6  (cost=23.02..3986.42 rows=1033 width=4)
	        Recheck Cond: ((id >= 8433329) AND (id <= 8434328))
	        ->  Bitmap Index Scan on sbtest6_pkey  (cost=0.00..22.76 rows=1033 width=0)
	              Index Cond: ((id >= 8433329) AND (id <= 8434328))

table 7 : explain SELECT SUM(k) FROM sbtest7 WHERE id BETWEEN 1125513 AND 1126512
	Aggregate  (cost=4121.84..4121.85 rows=1 width=8)
	  ->  Bitmap Heap Scan on sbtest7  (cost=23.38..4119.17 rows=1068 width=4)
	        Recheck Cond: ((id >= 1125513) AND (id <= 1126512))
	        ->  Bitmap Index Scan on sbtest7_pkey  (cost=0.00..23.11 rows=1068 width=0)
	              Index Cond: ((id >= 1125513) AND (id <= 1126512))

table 8 : explain SELECT SUM(k) FROM sbtest8 WHERE id BETWEEN 1839948 AND 1840947
	Aggregate  (cost=3733.54..3733.55 rows=1 width=8)
	  ->  Bitmap Heap Scan on sbtest8  (cost=22.33..3731.13 rows=965 width=4)
	        Recheck Cond: ((id >= 1839948) AND (id <= 1840947))
	        ->  Bitmap Index Scan on sbtest8_pkey  (cost=0.00..22.08 rows=965 width=0)
	              Index Cond: ((id >= 1839948) AND (id <= 1840947))

for: sum_ranges
table 1 : explain SELECT SUM(k) FROM sbtest1 WHERE id BETWEEN 9581550 AND 9582549
	Aggregate  (cost=4054.08..4054.09 rows=1 width=8)
	  ->  Bitmap Heap Scan on sbtest1  (cost=23.21..4051.46 rows=1051 width=4)
	        Recheck Cond: ((id >= 9581550) AND (id <= 9582549))
	        ->  Bitmap Index Scan on sbtest1_pkey  (cost=0.00..22.94 rows=1051 width=0)
	              Index Cond: ((id >= 9581550) AND (id <= 9582549))

table 2 : explain SELECT SUM(k) FROM sbtest2 WHERE id BETWEEN 1509688 AND 1510687
	Aggregate  (cost=4359.93..4359.94 rows=1 width=8)
	  ->  Bitmap Heap Scan on sbtest2  (cost=28.04..4357.10 rows=1132 width=4)
	        Recheck Cond: ((id >= 1509688) AND (id <= 1510687))
	        ->  Bitmap Index Scan on sbtest2_pkey  (cost=0.00..27.75 rows=1132 width=0)
	              Index Cond: ((id >= 1509688) AND (id <= 1510687))

table 3 : explain SELECT SUM(k) FROM sbtest3 WHERE id BETWEEN 5007179 AND 5008178
	Aggregate  (cost=3991.47..3991.48 rows=1 width=8)
	  ->  Bitmap Heap Scan on sbtest3  (cost=23.03..3988.89 rows=1034 width=4)
	        Recheck Cond: ((id >= 5007179) AND (id <= 5008178))
	        ->  Bitmap Index Scan on sbtest3_pkey  (cost=0.00..22.77 rows=1034 width=0)
	              Index Cond: ((id >= 5007179) AND (id <= 5008178))

table 4 : explain SELECT SUM(k) FROM sbtest4 WHERE id BETWEEN 29411 AND 30410
	Aggregate  (cost=3928.63..3928.64 rows=1 width=8)
	  ->  Bitmap Heap Scan on sbtest4  (cost=22.86..3926.09 rows=1017 width=4)
	        Recheck Cond: ((id >= 29411) AND (id <= 30410))
	        ->  Bitmap Index Scan on sbtest4_pkey  (cost=0.00..22.61 rows=1017 width=0)
	              Index Cond: ((id >= 29411) AND (id <= 30410))

table 5 : explain SELECT SUM(k) FROM sbtest5 WHERE id BETWEEN 1616464 AND 1617463
	Aggregate  (cost=4305.09..4305.10 rows=1 width=8)
	  ->  Bitmap Heap Scan on sbtest5  (cost=27.88..4302.30 rows=1117 width=4)
	        Recheck Cond: ((id >= 1616464) AND (id <= 1617463))
	        ->  Bitmap Index Scan on sbtest5_pkey  (cost=0.00..27.61 rows=1117 width=0)
	              Index Cond: ((id >= 1616464) AND (id <= 1617463))

table 6 : explain SELECT SUM(k) FROM sbtest6 WHERE id BETWEEN 468 AND 1467
	Aggregate  (cost=3883.50..3883.51 rows=1 width=8)
	  ->  Bitmap Heap Scan on sbtest6  (cost=22.74..3880.99 rows=1005 width=4)
	        Recheck Cond: ((id >= 468) AND (id <= 1467))
	        ->  Bitmap Index Scan on sbtest6_pkey  (cost=0.00..22.48 rows=1005 width=0)
	              Index Cond: ((id >= 468) AND (id <= 1467))

table 7 : explain SELECT SUM(k) FROM sbtest7 WHERE id BETWEEN 5684663 AND 5685662
	Aggregate  (cost=3843.03..3843.04 rows=1 width=8)
	  ->  Bitmap Heap Scan on sbtest7  (cost=22.62..3840.54 rows=994 width=4)
	        Recheck Cond: ((id >= 5684663) AND (id <= 5685662))
	        ->  Bitmap Index Scan on sbtest7_pkey  (cost=0.00..22.37 rows=994 width=0)
	              Index Cond: ((id >= 5684663) AND (id <= 5685662))

table 8 : explain SELECT SUM(k) FROM sbtest8 WHERE id BETWEEN 8129312 AND 8130311
	Aggregate  (cost=3809.04..3809.05 rows=1 width=8)
	  ->  Bitmap Heap Scan on sbtest8  (cost=22.53..3806.57 rows=985 width=4)
	        Recheck Cond: ((id >= 8129312) AND (id <= 8130311))
	        ->  Bitmap Index Scan on sbtest8_pkey  (cost=0.00..22.29 rows=985 width=0)
	              Index Cond: ((id >= 8129312) AND (id <= 8130311))

for: distinct_ranges
table 1 : explain SELECT DISTINCT c FROM sbtest1 WHERE id BETWEEN 9709230 AND 9710229 ORDER BY c
	Unique  (cost=3787.16..3792.00 rows=968 width=121)
	  ->  Sort  (cost=3787.16..3789.58 rows=968 width=121)
	        Sort Key: c
	        ->  Bitmap Heap Scan on sbtest1  (cost=22.36..3739.15 rows=968 width=121)
	              Recheck Cond: ((id >= 9709230) AND (id <= 9710229))
	              ->  Bitmap Index Scan on sbtest1_pkey  (cost=0.00..22.11 rows=968 width=0)
	                    Index Cond: ((id >= 9709230) AND (id <= 9710229))

table 2 : explain SELECT DISTINCT c FROM sbtest2 WHERE id BETWEEN 104977 AND 105976 ORDER BY c
	Unique  (cost=3669.60..3674.29 rows=937 width=121)
	  ->  Sort  (cost=3669.60..3671.95 rows=937 width=121)
	        Sort Key: c
	        ->  Bitmap Heap Scan on sbtest2  (cost=22.04..3623.35 rows=937 width=121)
	              Recheck Cond: ((id >= 104977) AND (id <= 105976))
	              ->  Bitmap Index Scan on sbtest2_pkey  (cost=0.00..21.80 rows=937 width=0)
	                    Index Cond: ((id >= 104977) AND (id <= 105976))

table 3 : explain SELECT DISTINCT c FROM sbtest3 WHERE id BETWEEN 556363 AND 557362 ORDER BY c
	Unique  (cost=3776.88..3781.70 rows=965 width=121)
	  ->  Sort  (cost=3776.88..3779.29 rows=965 width=121)
	        Sort Key: c
	        ->  Bitmap Heap Scan on sbtest3  (cost=22.33..3729.04 rows=965 width=121)
	              Recheck Cond: ((id >= 556363) AND (id <= 557362))
	              ->  Bitmap Index Scan on sbtest3_pkey  (cost=0.00..22.08 rows=965 width=0)
	                    Index Cond: ((id >= 556363) AND (id <= 557362))

table 4 : explain SELECT DISTINCT c FROM sbtest4 WHERE id BETWEEN 5495682 AND 5496681 ORDER BY c
	Unique  (cost=3793.27..3798.11 rows=969 width=121)
	  ->  Sort  (cost=3793.27..3795.69 rows=969 width=121)
	        Sort Key: c
	        ->  Bitmap Heap Scan on sbtest4  (cost=22.37..3745.20 rows=969 width=121)
	              Recheck Cond: ((id >= 5495682) AND (id <= 5496681))
	              ->  Bitmap Index Scan on sbtest4_pkey  (cost=0.00..22.12 rows=969 width=0)
	                    Index Cond: ((id >= 5495682) AND (id <= 5496681))

table 5 : explain SELECT DISTINCT c FROM sbtest5 WHERE id BETWEEN 3716598 AND 3717597 ORDER BY c
	Unique  (cost=4060.98..4066.17 rows=1039 width=121)
	  ->  Sort  (cost=4060.98..4063.58 rows=1039 width=121)
	        Sort Key: c
	        ->  Bitmap Heap Scan on sbtest5  (cost=23.08..4008.92 rows=1039 width=121)
	              Recheck Cond: ((id >= 3716598) AND (id <= 3717597))
	              ->  Bitmap Index Scan on sbtest5_pkey  (cost=0.00..22.82 rows=1039 width=0)
	                    Index Cond: ((id >= 3716598) AND (id <= 3717597))

table 6 : explain SELECT DISTINCT c FROM sbtest6 WHERE id BETWEEN 7667970 AND 7668969 ORDER BY c
	Unique  (cost=3701.44..3706.16 rows=945 width=121)
	  ->  Sort  (cost=3701.44..3703.80 rows=945 width=121)
	        Sort Key: c
	        ->  Bitmap Heap Scan on sbtest6  (cost=22.12..3654.73 rows=945 width=121)
	              Recheck Cond: ((id >= 7667970) AND (id <= 7668969))
	              ->  Bitmap Index Scan on sbtest6_pkey  (cost=0.00..21.89 rows=945 width=0)
	                    Index Cond: ((id >= 7667970) AND (id <= 7668969))

table 7 : explain SELECT DISTINCT c FROM sbtest7 WHERE id BETWEEN 3019066 AND 3020065 ORDER BY c
	Unique  (cost=3809.64..3814.50 rows=973 width=121)
	  ->  Sort  (cost=3809.64..3812.07 rows=973 width=121)
	        Sort Key: c
	        ->  Bitmap Heap Scan on sbtest7  (cost=22.41..3761.35 rows=973 width=121)
	              Recheck Cond: ((id >= 3019066) AND (id <= 3020065))
	              ->  Bitmap Index Scan on sbtest7_pkey  (cost=0.00..22.16 rows=973 width=0)
	                    Index Cond: ((id >= 3019066) AND (id <= 3020065))

table 8 : explain SELECT DISTINCT c FROM sbtest8 WHERE id BETWEEN 6915783 AND 6916782 ORDER BY c
	Unique  (cost=3487.49..3491.93 rows=889 width=121)
	  ->  Sort  (cost=3487.49..3489.71 rows=889 width=121)
	        Sort Key: c
	        ->  Bitmap Heap Scan on sbtest8  (cost=21.55..3443.94 rows=889 width=121)
	              Recheck Cond: ((id >= 6915783) AND (id <= 6916782))
	              ->  Bitmap Index Scan on sbtest8_pkey  (cost=0.00..21.32 rows=889 width=0)
	                    Index Cond: ((id >= 6915783) AND (id <= 6916782))

for point_selects
table 1 : explain SELECT c FROM sbtest1 WHERE id=3757234
	Index Scan using sbtest1_pkey on sbtest1  (cost=0.43..8.45 rows=1 width=121)
	  Index Cond: (id = 3757234)

table 2 : explain SELECT c FROM sbtest2 WHERE id=5246844
	Index Scan using sbtest2_pkey on sbtest2  (cost=0.43..8.45 rows=1 width=121)
	  Index Cond: (id = 5246844)

table 3 : explain SELECT c FROM sbtest3 WHERE id=4197859
	Index Scan using sbtest3_pkey on sbtest3  (cost=0.43..8.45 rows=1 width=121)
	  Index Cond: (id = 4197859)

table 4 : explain SELECT c FROM sbtest4 WHERE id=5035041
	Index Scan using sbtest4_pkey on sbtest4  (cost=0.43..8.45 rows=1 width=121)
	  Index Cond: (id = 5035041)

table 5 : explain SELECT c FROM sbtest5 WHERE id=887654
	Index Scan using sbtest5_pkey on sbtest5  (cost=0.43..8.45 rows=1 width=121)
	  Index Cond: (id = 887654)

table 6 : explain SELECT c FROM sbtest6 WHERE id=3361057
	Index Scan using sbtest6_pkey on sbtest6  (cost=0.43..8.45 rows=1 width=121)
	  Index Cond: (id = 3361057)

table 7 : explain SELECT c FROM sbtest7 WHERE id=4555200
	Index Scan using sbtest7_pkey on sbtest7  (cost=0.43..8.45 rows=1 width=121)
	  Index Cond: (id = 4555200)

table 8 : explain SELECT c FROM sbtest8 WHERE id=6417008
	Index Scan using sbtest8_pkey on sbtest8  (cost=0.43..8.45 rows=1 width=121)
	  Index Cond: (id = 6417008)

for: order_ranges
table 1 : explain SELECT c FROM sbtest1 WHERE id BETWEEN 3067256 AND 3068255 ORDER BY c
	Sort  (cost=3947.70..3950.22 rows=1010 width=121)
	  Sort Key: c
	  ->  Bitmap Heap Scan on sbtest1  (cost=22.79..3897.30 rows=1010 width=121)
	        Recheck Cond: ((id >= 3067256) AND (id <= 3068255))
	        ->  Bitmap Index Scan on sbtest1_pkey  (cost=0.00..22.54 rows=1010 width=0)
	              Index Cond: ((id >= 3067256) AND (id <= 3068255))

table 2 : explain SELECT c FROM sbtest2 WHERE id BETWEEN 2882278 AND 2883277 ORDER BY c
	Sort  (cost=4044.41..4047.00 rows=1035 width=121)
	  Sort Key: c
	  ->  Bitmap Heap Scan on sbtest2  (cost=23.04..3992.58 rows=1035 width=121)
	        Recheck Cond: ((id >= 2882278) AND (id <= 2883277))
	        ->  Bitmap Index Scan on sbtest2_pkey  (cost=0.00..22.79 rows=1035 width=0)
	              Index Cond: ((id >= 2882278) AND (id <= 2883277))

table 3 : explain SELECT c FROM sbtest3 WHERE id BETWEEN 1371863 AND 1372862 ORDER BY c
	Sort  (cost=4105.56..4108.19 rows=1051 width=121)
	  Sort Key: c
	  ->  Bitmap Heap Scan on sbtest3  (cost=23.21..4052.82 rows=1051 width=121)
	        Recheck Cond: ((id >= 1371863) AND (id <= 1372862))
	        ->  Bitmap Index Scan on sbtest3_pkey  (cost=0.00..22.94 rows=1051 width=0)
	              Index Cond: ((id >= 1371863) AND (id <= 1372862))

table 4 : explain SELECT c FROM sbtest4 WHERE id BETWEEN 5889261 AND 5890260 ORDER BY c
	Sort  (cost=3789.44..3791.86 rows=968 width=121)
	  Sort Key: c
	  ->  Bitmap Heap Scan on sbtest4  (cost=22.36..3741.43 rows=968 width=121)
	        Recheck Cond: ((id >= 5889261) AND (id <= 5890260))
	        ->  Bitmap Index Scan on sbtest4_pkey  (cost=0.00..22.11 rows=968 width=0)
	              Index Cond: ((id >= 5889261) AND (id <= 5890260))

table 5 : explain SELECT c FROM sbtest5 WHERE id BETWEEN 1653818 AND 1654817 ORDER BY c
	Sort  (cost=4358.85..4361.64 rows=1117 width=121)
	  Sort Key: c
	  ->  Bitmap Heap Scan on sbtest5  (cost=27.88..4302.30 rows=1117 width=121)
	        Recheck Cond: ((id >= 1653818) AND (id <= 1654817))
	        ->  Bitmap Index Scan on sbtest5_pkey  (cost=0.00..27.61 rows=1117 width=0)
	              Index Cond: ((id >= 1653818) AND (id <= 1654817))

table 6 : explain SELECT c FROM sbtest6 WHERE id BETWEEN 814751 AND 815750 ORDER BY c
	Sort  (cost=3911.98..3914.48 rows=1000 width=121)
	  Sort Key: c
	  ->  Bitmap Heap Scan on sbtest6  (cost=22.68..3862.15 rows=1000 width=121)
	        Recheck Cond: ((id >= 814751) AND (id <= 815750))
	        ->  Bitmap Index Scan on sbtest6_pkey  (cost=0.00..22.43 rows=1000 width=0)
	              Index Cond: ((id >= 814751) AND (id <= 815750))

table 7 : explain SELECT c FROM sbtest7 WHERE id BETWEEN 450962 AND 451961 ORDER BY c
	Sort  (cost=4268.50..4271.23 rows=1092 width=121)
	  Sort Key: c
	  ->  Bitmap Heap Scan on sbtest7  (cost=27.63..4213.39 rows=1092 width=121)
	        Recheck Cond: ((id >= 450962) AND (id <= 451961))
	        ->  Bitmap Index Scan on sbtest7_pkey  (cost=0.00..27.36 rows=1092 width=0)
	              Index Cond: ((id >= 450962) AND (id <= 451961))

table 8 : explain SELECT c FROM sbtest8 WHERE id BETWEEN 9390599 AND 9391598 ORDER BY c
	Sort  (cost=3502.85..3505.08 rows=893 width=121)
	  Sort Key: c
	  ->  Bitmap Heap Scan on sbtest8  (cost=21.59..3459.08 rows=893 width=121)
	        Recheck Cond: ((id >= 9390599) AND (id <= 9391598))
	        ->  Bitmap Index Scan on sbtest8_pkey  (cost=0.00..21.36 rows=893 width=0)
	              Index Cond: ((id >= 9390599) AND (id <= 9391598))

for: simple_ranges
table 1 : explain SELECT c FROM sbtest1 WHERE id BETWEEN 6058587 AND 6059586
	Bitmap Heap Scan on sbtest1  (cost=22.59..3825.78 rows=991 width=121)
	  Recheck Cond: ((id >= 6058587) AND (id <= 6059586))
	  ->  Bitmap Index Scan on sbtest1_pkey  (cost=0.00..22.34 rows=991 width=0)
	        Index Cond: ((id >= 6058587) AND (id <= 6059586))

table 2 : explain SELECT c FROM sbtest2 WHERE id BETWEEN 8956287 AND 8957286
	Bitmap Heap Scan on sbtest2  (cost=22.74..3879.68 rows=1005 width=121)
	  Recheck Cond: ((id >= 8956287) AND (id <= 8957286))
	  ->  Bitmap Index Scan on sbtest2_pkey  (cost=0.00..22.48 rows=1005 width=0)
	        Index Cond: ((id >= 8956287) AND (id <= 8957286))

table 3 : explain SELECT c FROM sbtest3 WHERE id BETWEEN 2523588 AND 2524587
	Bitmap Heap Scan on sbtest3  (cost=23.45..4143.00 rows=1075 width=121)
	  Recheck Cond: ((id >= 2523588) AND (id <= 2524587))
	  ->  Bitmap Index Scan on sbtest3_pkey  (cost=0.00..23.18 rows=1075 width=0)
	        Index Cond: ((id >= 2523588) AND (id <= 2524587))

table 4 : explain SELECT c FROM sbtest4 WHERE id BETWEEN 9127690 AND 9128689
	Bitmap Heap Scan on sbtest4  (cost=22.90..3941.15 rows=1021 width=121)
	  Recheck Cond: ((id >= 9127690) AND (id <= 9128689))
	  ->  Bitmap Index Scan on sbtest4_pkey  (cost=0.00..22.64 rows=1021 width=0)
	        Index Cond: ((id >= 9127690) AND (id <= 9128689))

table 5 : explain SELECT c FROM sbtest5 WHERE id BETWEEN 7091837 AND 7092836
	Bitmap Heap Scan on sbtest5  (cost=22.98..3971.29 rows=1029 width=121)
	  Recheck Cond: ((id >= 7091837) AND (id <= 7092836))
	  ->  Bitmap Index Scan on sbtest5_pkey  (cost=0.00..22.72 rows=1029 width=0)
	        Index Cond: ((id >= 7091837) AND (id <= 7092836))

table 6 : explain SELECT c FROM sbtest6 WHERE id BETWEEN 1453469 AND 1454468
	Bitmap Heap Scan on sbtest6  (cost=21.97..3598.09 rows=930 width=121)
	  Recheck Cond: ((id >= 1453469) AND (id <= 1454468))
	  ->  Bitmap Index Scan on sbtest6_pkey  (cost=0.00..21.73 rows=930 width=0)
	        Index Cond: ((id >= 1453469) AND (id <= 1454468))

table 7 : explain SELECT c FROM sbtest7 WHERE id BETWEEN 3799429 AND 3800428
	Bitmap Heap Scan on sbtest7  (cost=22.70..3866.93 rows=1001 width=121)
	  Recheck Cond: ((id >= 3799429) AND (id <= 3800428))
	  ->  Bitmap Index Scan on sbtest7_pkey  (cost=0.00..22.44 rows=1001 width=0)
	        Index Cond: ((id >= 3799429) AND (id <= 3800428))

table 8 : explain SELECT c FROM sbtest8 WHERE id BETWEEN 3507699 AND 3508698
	Bitmap Heap Scan on sbtest8  (cost=27.92..4314.79 rows=1120 width=121)
	  Recheck Cond: ((id >= 3507699) AND (id <= 3508698))
	  ->  Bitmap Index Scan on sbtest8_pkey  (cost=0.00..27.64 rows=1120 width=0)
	        Index Cond: ((id >= 3507699) AND (id <= 3508698))

for: sum_ranges
table 1 : explain SELECT SUM(k) FROM sbtest1 WHERE id BETWEEN 9326229 AND 9327228
	Aggregate  (cost=4121.74..4121.75 rows=1 width=8)
	  ->  Bitmap Heap Scan on sbtest1  (cost=23.39..4119.07 rows=1069 width=4)
	        Recheck Cond: ((id >= 9326229) AND (id <= 9327228))
	        ->  Bitmap Index Scan on sbtest1_pkey  (cost=0.00..23.12 rows=1069 width=0)
	              Index Cond: ((id >= 9326229) AND (id <= 9327228))

table 2 : explain SELECT SUM(k) FROM sbtest2 WHERE id BETWEEN 2699846 AND 2700845
	Aggregate  (cost=3840.74..3840.75 rows=1 width=8)
	  ->  Bitmap Heap Scan on sbtest2  (cost=22.62..3838.26 rows=994 width=4)
	        Recheck Cond: ((id >= 2699846) AND (id <= 2700845))
	        ->  Bitmap Index Scan on sbtest2_pkey  (cost=0.00..22.37 rows=994 width=0)
	              Index Cond: ((id >= 2699846) AND (id <= 2700845))

table 3 : explain SELECT SUM(k) FROM sbtest3 WHERE id BETWEEN 9051448 AND 9052447
	Aggregate  (cost=3942.53..3942.54 rows=1 width=8)
	  ->  Bitmap Heap Scan on sbtest3  (cost=22.90..3939.98 rows=1021 width=4)
	        Recheck Cond: ((id >= 9051448) AND (id <= 9052447))
	        ->  Bitmap Index Scan on sbtest3_pkey  (cost=0.00..22.64 rows=1021 width=0)
	              Index Cond: ((id >= 9051448) AND (id <= 9052447))

table 4 : explain SELECT SUM(k) FROM sbtest4 WHERE id BETWEEN 2013462 AND 2014461
	Aggregate  (cost=3981.37..3981.38 rows=1 width=8)
	  ->  Bitmap Heap Scan on sbtest4  (cost=23.00..3978.79 rows=1031 width=4)
	        Recheck Cond: ((id >= 2013462) AND (id <= 2014461))
	        ->  Bitmap Index Scan on sbtest4_pkey  (cost=0.00..22.75 rows=1031 width=0)
	              Index Cond: ((id >= 2013462) AND (id <= 2014461))

table 5 : explain SELECT SUM(k) FROM sbtest5 WHERE id BETWEEN 3381425 AND 3382424
	Aggregate  (cost=3864.58..3864.59 rows=1 width=8)
	  ->  Bitmap Heap Scan on sbtest5  (cost=22.68..3862.08 rows=1000 width=4)
	        Recheck Cond: ((id >= 3381425) AND (id <= 3382424))
	        ->  Bitmap Index Scan on sbtest5_pkey  (cost=0.00..22.43 rows=1000 width=0)
	              Index Cond: ((id >= 3381425) AND (id <= 3382424))

table 6 : explain SELECT SUM(k) FROM sbtest6 WHERE id BETWEEN 864260 AND 865259
	Aggregate  (cost=3834.49..3834.50 rows=1 width=8)
	  ->  Bitmap Heap Scan on sbtest6  (cost=22.60..3832.01 rows=992 width=4)
	        Recheck Cond: ((id >= 864260) AND (id <= 865259))
	        ->  Bitmap Index Scan on sbtest6_pkey  (cost=0.00..22.36 rows=992 width=0)
	              Index Cond: ((id >= 864260) AND (id <= 865259))

table 7 : explain SELECT SUM(k) FROM sbtest7 WHERE id BETWEEN 9335896 AND 9336895
	Aggregate  (cost=3635.35..3635.36 rows=1 width=8)
	  ->  Bitmap Heap Scan on sbtest7  (cost=22.06..3633.00 rows=939 width=4)
	        Recheck Cond: ((id >= 9335896) AND (id <= 9336895))
	        ->  Bitmap Index Scan on sbtest7_pkey  (cost=0.00..21.82 rows=939 width=0)
	              Index Cond: ((id >= 9335896) AND (id <= 9336895))

table 8 : explain SELECT SUM(k) FROM sbtest8 WHERE id BETWEEN 988463 AND 989462
	Aggregate  (cost=3714.66..3714.67 rows=1 width=8)
	  ->  Bitmap Heap Scan on sbtest8  (cost=22.27..3712.26 rows=960 width=4)
	        Recheck Cond: ((id >= 988463) AND (id <= 989462))
	        ->  Bitmap Index Scan on sbtest8_pkey  (cost=0.00..22.04 rows=960 width=0)
	              Index Cond: ((id >= 988463) AND (id <= 989462))

for: order_ranges
table 1 : explain SELECT c FROM sbtest1 WHERE id BETWEEN 9203101 AND 9204100 ORDER BY c
	Sort  (cost=4123.28..4125.92 rows=1056 width=121)
	  Sort Key: c
	  ->  Bitmap Heap Scan on sbtest1  (cost=23.26..4070.24 rows=1056 width=121)
	        Recheck Cond: ((id >= 9203101) AND (id <= 9204100))
	        ->  Bitmap Index Scan on sbtest1_pkey  (cost=0.00..23.00 rows=1056 width=0)
	              Index Cond: ((id >= 9203101) AND (id <= 9204100))

table 2 : explain SELECT c FROM sbtest2 WHERE id BETWEEN 5991317 AND 5992316 ORDER BY c
	Sort  (cost=3715.56..3717.93 rows=949 width=121)
	  Sort Key: c
	  ->  Bitmap Heap Scan on sbtest2  (cost=22.16..3668.63 rows=949 width=121)
	        Recheck Cond: ((id >= 5991317) AND (id <= 5992316))
	        ->  Bitmap Index Scan on sbtest2_pkey  (cost=0.00..21.93 rows=949 width=0)
	              Index Cond: ((id >= 5991317) AND (id <= 5992316))

table 3 : explain SELECT c FROM sbtest3 WHERE id BETWEEN 3754076 AND 3755075 ORDER BY c
	Sort  (cost=3853.40..3855.86 rows=985 width=121)
	  Sort Key: c
	  ->  Bitmap Heap Scan on sbtest3  (cost=22.53..3804.42 rows=985 width=121)
	        Recheck Cond: ((id >= 3754076) AND (id <= 3755075))
	        ->  Bitmap Index Scan on sbtest3_pkey  (cost=0.00..22.29 rows=985 width=0)
	              Index Cond: ((id >= 3754076) AND (id <= 3755075))

table 4 : explain SELECT c FROM sbtest4 WHERE id BETWEEN 5787173 AND 5788172 ORDER BY c
	Sort  (cost=3647.70..3650.02 rows=931 width=121)
	  Sort Key: c
	  ->  Bitmap Heap Scan on sbtest4  (cost=21.98..3601.79 rows=931 width=121)
	        Recheck Cond: ((id >= 5787173) AND (id <= 5788172))
	        ->  Bitmap Index Scan on sbtest4_pkey  (cost=0.00..21.75 rows=931 width=0)
	              Index Cond: ((id >= 5787173) AND (id <= 5788172))

table 5 : explain SELECT c FROM sbtest5 WHERE id BETWEEN 9957922 AND 9958921 ORDER BY c
	Sort  (cost=3797.12..3799.54 rows=970 width=121)
	  Sort Key: c
	  ->  Bitmap Heap Scan on sbtest5  (cost=22.38..3749.00 rows=970 width=121)
	        Recheck Cond: ((id >= 9957922) AND (id <= 9958921))
	        ->  Bitmap Index Scan on sbtest5_pkey  (cost=0.00..22.14 rows=970 width=0)
	              Index Cond: ((id >= 9957922) AND (id <= 9958921))

table 6 : explain SELECT c FROM sbtest6 WHERE id BETWEEN 8195202 AND 8196201 ORDER BY c
	Sort  (cost=4274.98..4277.71 rows=1094 width=121)
	  Sort Key: c
	  ->  Bitmap Heap Scan on sbtest6  (cost=27.65..4219.76 rows=1094 width=121)
	        Recheck Cond: ((id >= 8195202) AND (id <= 8196201))
	        ->  Bitmap Index Scan on sbtest6_pkey  (cost=0.00..27.37 rows=1094 width=0)
	              Index Cond: ((id >= 8195202) AND (id <= 8196201))

table 7 : explain SELECT c FROM sbtest7 WHERE id BETWEEN 8846754 AND 8847753 ORDER BY c
	Sort  (cost=3920.64..3923.15 rows=1002 width=121)
	  Sort Key: c
	  ->  Bitmap Heap Scan on sbtest7  (cost=22.71..3870.70 rows=1002 width=121)
	        Recheck Cond: ((id >= 8846754) AND (id <= 8847753))
	        ->  Bitmap Index Scan on sbtest7_pkey  (cost=0.00..22.45 rows=1002 width=0)
	              Index Cond: ((id >= 8846754) AND (id <= 8847753))

table 8 : explain SELECT c FROM sbtest8 WHERE id BETWEEN 7126857 AND 7127856 ORDER BY c
	Sort  (cost=3909.13..3911.62 rows=999 width=121)
	  Sort Key: c
	  ->  Bitmap Heap Scan on sbtest8  (cost=22.67..3859.36 rows=999 width=121)
	        Recheck Cond: ((id >= 7126857) AND (id <= 7127856))
	        ->  Bitmap Index Scan on sbtest8_pkey  (cost=0.00..22.43 rows=999 width=0)
	              Index Cond: ((id >= 7126857) AND (id <= 7127856))

for: order_ranges
table 1 : explain SELECT c FROM sbtest1 WHERE id BETWEEN 1874341 AND 1875340 ORDER BY c
	Sort  (cost=4276.02..4278.76 rows=1096 width=121)
	  Sort Key: c
	  ->  Bitmap Heap Scan on sbtest1  (cost=27.67..4220.68 rows=1096 width=121)
	        Recheck Cond: ((id >= 1874341) AND (id <= 1875340))
	        ->  Bitmap Index Scan on sbtest1_pkey  (cost=0.00..27.39 rows=1096 width=0)
	              Index Cond: ((id >= 1874341) AND (id <= 1875340))

table 2 : explain SELECT c FROM sbtest2 WHERE id BETWEEN 8150704 AND 8151703 ORDER BY c
	Sort  (cost=4158.91..4161.57 rows=1065 width=121)
	  Sort Key: c
	  ->  Bitmap Heap Scan on sbtest2  (cost=23.35..4105.36 rows=1065 width=121)
	        Recheck Cond: ((id >= 8150704) AND (id <= 8151703))
	        ->  Bitmap Index Scan on sbtest2_pkey  (cost=0.00..23.08 rows=1065 width=0)
	              Index Cond: ((id >= 8150704) AND (id <= 8151703))

table 3 : explain SELECT c FROM sbtest3 WHERE id BETWEEN 149969 AND 150968 ORDER BY c
	Sort  (cost=4227.64..4230.34 rows=1083 width=121)
	  Sort Key: c
	  ->  Bitmap Heap Scan on sbtest3  (cost=23.54..4173.05 rows=1083 width=121)
	        Recheck Cond: ((id >= 149969) AND (id <= 150968))
	        ->  Bitmap Index Scan on sbtest3_pkey  (cost=0.00..23.26 rows=1083 width=0)
	              Index Cond: ((id >= 149969) AND (id <= 150968))

table 4 : explain SELECT c FROM sbtest4 WHERE id BETWEEN 4068818 AND 4069817 ORDER BY c
	Sort  (cost=4575.85..4578.78 rows=1174 width=121)
	  Sort Key: c
	  ->  Bitmap Heap Scan on sbtest4  (cost=28.47..4515.99 rows=1174 width=121)
	        Recheck Cond: ((id >= 4068818) AND (id <= 4069817))
	        ->  Bitmap Index Scan on sbtest4_pkey  (cost=0.00..28.18 rows=1174 width=0)
	              Index Cond: ((id >= 4068818) AND (id <= 4069817))

table 5 : explain SELECT c FROM sbtest5 WHERE id BETWEEN 4689490 AND 4690489 ORDER BY c
	Sort  (cost=4316.84..4319.60 rows=1105 width=121)
	  Sort Key: c
	  ->  Bitmap Heap Scan on sbtest5  (cost=27.76..4260.98 rows=1105 width=121)
	        Recheck Cond: ((id >= 4689490) AND (id <= 4690489))
	        ->  Bitmap Index Scan on sbtest5_pkey  (cost=0.00..27.48 rows=1105 width=0)
	              Index Cond: ((id >= 4689490) AND (id <= 4690489))

table 6 : explain SELECT c FROM sbtest6 WHERE id BETWEEN 5180331 AND 5181330 ORDER BY c
	Sort  (cost=4041.95..4044.54 rows=1034 width=121)
	  Sort Key: c
	  ->  Bitmap Heap Scan on sbtest6  (cost=23.03..3990.18 rows=1034 width=121)
	        Recheck Cond: ((id >= 5180331) AND (id <= 5181330))
	        ->  Bitmap Index Scan on sbtest6_pkey  (cost=0.00..22.77 rows=1034 width=0)
	              Index Cond: ((id >= 5180331) AND (id <= 5181330))

table 7 : explain SELECT c FROM sbtest7 WHERE id BETWEEN 9570904 AND 9571903 ORDER BY c
	Sort  (cost=3687.03..3689.38 rows=941 width=121)
	  Sort Key: c
	  ->  Bitmap Heap Scan on sbtest7  (cost=22.08..3640.55 rows=941 width=121)
	        Recheck Cond: ((id >= 9570904) AND (id <= 9571903))
	        ->  Bitmap Index Scan on sbtest7_pkey  (cost=0.00..21.84 rows=941 width=0)
	              Index Cond: ((id >= 9570904) AND (id <= 9571903))

table 8 : explain SELECT c FROM sbtest8 WHERE id BETWEEN 1521706 AND 1522705 ORDER BY c
	Sort  (cost=4222.67..4225.37 rows=1080 width=121)
	  Sort Key: c
	  ->  Bitmap Heap Scan on sbtest8  (cost=27.50..4168.25 rows=1080 width=121)
	        Recheck Cond: ((id >= 1521706) AND (id <= 1522705))
	        ->  Bitmap Index Scan on sbtest8_pkey  (cost=0.00..27.23 rows=1080 width=0)
	              Index Cond: ((id >= 1521706) AND (id <= 1522705))

for: simple_ranges
table 1 : explain SELECT c FROM sbtest1 WHERE id BETWEEN 9240770 AND 9241769
	Bitmap Heap Scan on sbtest1  (cost=22.67..3855.90 rows=999 width=121)
	  Recheck Cond: ((id >= 9240770) AND (id <= 9241769))
	  ->  Bitmap Index Scan on sbtest1_pkey  (cost=0.00..22.43 rows=999 width=0)
	        Index Cond: ((id >= 9240770) AND (id <= 9241769))

table 2 : explain SELECT c FROM sbtest2 WHERE id BETWEEN 7051391 AND 7052390
	Bitmap Heap Scan on sbtest2  (cost=21.43..3400.45 rows=878 width=121)
	  Recheck Cond: ((id >= 7051391) AND (id <= 7052390))
	  ->  Bitmap Index Scan on sbtest2_pkey  (cost=0.00..21.21 rows=878 width=0)
	        Index Cond: ((id >= 7051391) AND (id <= 7052390))

table 3 : explain SELECT c FROM sbtest3 WHERE id BETWEEN 7841666 AND 7842665
	Bitmap Heap Scan on sbtest3  (cost=27.66..4222.10 rows=1095 width=121)
	  Recheck Cond: ((id >= 7841666) AND (id <= 7842665))
	  ->  Bitmap Index Scan on sbtest3_pkey  (cost=0.00..27.39 rows=1095 width=0)
	        Index Cond: ((id >= 7841666) AND (id <= 7842665))

table 4 : explain SELECT c FROM sbtest4 WHERE id BETWEEN 4777445 AND 4778444
	Bitmap Heap Scan on sbtest4  (cost=22.20..3684.84 rows=953 width=121)
	  Recheck Cond: ((id >= 4777445) AND (id <= 4778444))
	  ->  Bitmap Index Scan on sbtest4_pkey  (cost=0.00..21.96 rows=953 width=0)
	        Index Cond: ((id >= 4777445) AND (id <= 4778444))

table 5 : explain SELECT c FROM sbtest5 WHERE id BETWEEN 7348341 AND 7349340
	Bitmap Heap Scan on sbtest5  (cost=23.49..4159.32 rows=1079 width=121)
	  Recheck Cond: ((id >= 7348341) AND (id <= 7349340))
	  ->  Bitmap Index Scan on sbtest5_pkey  (cost=0.00..23.22 rows=1079 width=0)
	        Index Cond: ((id >= 7348341) AND (id <= 7349340))

table 6 : explain SELECT c FROM sbtest6 WHERE id BETWEEN 6844900 AND 6845899
	Bitmap Heap Scan on sbtest6  (cost=23.17..4039.09 rows=1047 width=121)
	  Recheck Cond: ((id >= 6844900) AND (id <= 6845899))
	  ->  Bitmap Index Scan on sbtest6_pkey  (cost=0.00..22.90 rows=1047 width=0)
	        Index Cond: ((id >= 6844900) AND (id <= 6845899))

table 7 : explain SELECT c FROM sbtest7 WHERE id BETWEEN 4971871 AND 4972870
	Bitmap Heap Scan on sbtest7  (cost=23.06..4002.53 rows=1037 width=121)
	  Recheck Cond: ((id >= 4971871) AND (id <= 4972870))
	  ->  Bitmap Index Scan on sbtest7_pkey  (cost=0.00..22.80 rows=1037 width=0)
	        Index Cond: ((id >= 4971871) AND (id <= 4972870))

table 8 : explain SELECT c FROM sbtest8 WHERE id BETWEEN 343912 AND 344911
	Bitmap Heap Scan on sbtest8  (cost=22.56..3817.89 rows=988 width=121)
	  Recheck Cond: ((id >= 343912) AND (id <= 344911))
	  ->  Bitmap Index Scan on sbtest8_pkey  (cost=0.00..22.32 rows=988 width=0)
	        Index Cond: ((id >= 343912) AND (id <= 344911))

for: distinct_ranges
table 1 : explain SELECT DISTINCT c FROM sbtest1 WHERE id BETWEEN 7991913 AND 7992912 ORDER BY c
	Unique  (cost=3407.86..3412.20 rows=869 width=121)
	  ->  Sort  (cost=3407.86..3410.03 rows=869 width=121)
	        Sort Key: c
	        ->  Bitmap Heap Scan on sbtest1  (cost=21.34..3365.44 rows=869 width=121)
	              Recheck Cond: ((id >= 7991913) AND (id <= 7992912))
	              ->  Bitmap Index Scan on sbtest1_pkey  (cost=0.00..21.12 rows=869 width=0)
	                    Index Cond: ((id >= 7991913) AND (id <= 7992912))

table 2 : explain SELECT DISTINCT c FROM sbtest2 WHERE id BETWEEN 9772765 AND 9773764 ORDER BY c
	Unique  (cost=3608.30..3612.90 rows=921 width=121)
	  ->  Sort  (cost=3608.30..3610.60 rows=921 width=121)
	        Sort Key: c
	        ->  Bitmap Heap Scan on sbtest2  (cost=21.88..3562.95 rows=921 width=121)
	              Recheck Cond: ((id >= 9772765) AND (id <= 9773764))
	              ->  Bitmap Index Scan on sbtest2_pkey  (cost=0.00..21.64 rows=921 width=0)
	                    Index Cond: ((id >= 9772765) AND (id <= 9773764))

table 3 : explain SELECT DISTINCT c FROM sbtest3 WHERE id BETWEEN 8816731 AND 8817730 ORDER BY c
	Unique  (cost=4120.83..4126.10 rows=1055 width=121)
	  ->  Sort  (cost=4120.83..4123.47 rows=1055 width=121)
	        Sort Key: c
	        ->  Bitmap Heap Scan on sbtest3  (cost=23.25..4067.85 rows=1055 width=121)
	              Recheck Cond: ((id >= 8816731) AND (id <= 8817730))
	              ->  Bitmap Index Scan on sbtest3_pkey  (cost=0.00..22.98 rows=1055 width=0)
	                    Index Cond: ((id >= 8816731) AND (id <= 8817730))

table 4 : explain SELECT DISTINCT c FROM sbtest4 WHERE id BETWEEN 3807961 AND 3808960 ORDER BY c
	Unique  (cost=3647.70..3652.35 rows=931 width=121)
	  ->  Sort  (cost=3647.70..3650.02 rows=931 width=121)
	        Sort Key: c
	        ->  Bitmap Heap Scan on sbtest4  (cost=21.98..3601.79 rows=931 width=121)
	              Recheck Cond: ((id >= 3807961) AND (id <= 3808960))
	              ->  Bitmap Index Scan on sbtest4_pkey  (cost=0.00..21.75 rows=931 width=0)
	                    Index Cond: ((id >= 3807961) AND (id <= 3808960))

table 5 : explain SELECT DISTINCT c FROM sbtest5 WHERE id BETWEEN 1441273 AND 1442272 ORDER BY c
	Unique  (cost=3862.18..3867.12 rows=987 width=121)
	  ->  Sort  (cost=3862.18..3864.65 rows=987 width=121)
	        Sort Key: c
	        ->  Bitmap Heap Scan on sbtest5  (cost=22.55..3813.09 rows=987 width=121)
	              Recheck Cond: ((id >= 1441273) AND (id <= 1442272))
	              ->  Bitmap Index Scan on sbtest5_pkey  (cost=0.00..22.30 rows=987 width=0)
	                    Index Cond: ((id >= 1441273) AND (id <= 1442272))

table 6 : explain SELECT DISTINCT c FROM sbtest6 WHERE id BETWEEN 2581168 AND 2582167 ORDER BY c
	Unique  (cost=3931.10..3936.13 rows=1005 width=121)
	  ->  Sort  (cost=3931.10..3933.62 rows=1005 width=121)
	        Sort Key: c
	        ->  Bitmap Heap Scan on sbtest6  (cost=22.74..3880.99 rows=1005 width=121)
	              Recheck Cond: ((id >= 2581168) AND (id <= 2582167))
	              ->  Bitmap Index Scan on sbtest6_pkey  (cost=0.00..22.48 rows=1005 width=0)
	                    Index Cond: ((id >= 2581168) AND (id <= 2582167))

table 7 : explain SELECT DISTINCT c FROM sbtest7 WHERE id BETWEEN 1527075 AND 1528074 ORDER BY c
	Unique  (cost=3733.02..3737.79 rows=953 width=121)
	  ->  Sort  (cost=3733.02..3735.40 rows=953 width=121)
	        Sort Key: c
	        ->  Bitmap Heap Scan on sbtest7  (cost=22.20..3685.87 rows=953 width=121)
	              Recheck Cond: ((id >= 1527075) AND (id <= 1528074))
	              ->  Bitmap Index Scan on sbtest7_pkey  (cost=0.00..21.96 rows=953 width=0)
	                    Index Cond: ((id >= 1527075) AND (id <= 1528074))

table 8 : explain SELECT DISTINCT c FROM sbtest8 WHERE id BETWEEN 9256337 AND 9257336 ORDER BY c
	Unique  (cost=4226.48..4231.89 rows=1081 width=121)
	  ->  Sort  (cost=4226.48..4229.19 rows=1081 width=121)
	        Sort Key: c
	        ->  Bitmap Heap Scan on sbtest8  (cost=27.52..4172.01 rows=1081 width=121)
	              Recheck Cond: ((id >= 9256337) AND (id <= 9257336))
	              ->  Bitmap Index Scan on sbtest8_pkey  (cost=0.00..27.25 rows=1081 width=0)
	                    Index Cond: ((id >= 9256337) AND (id <= 9257336))

for: sum_ranges
table 1 : explain SELECT SUM(k) FROM sbtest1 WHERE id BETWEEN 487680 AND 488679
	Aggregate  (cost=3526.42..3526.43 rows=1 width=8)
	  ->  Bitmap Heap Scan on sbtest1  (cost=21.77..3524.15 rows=911 width=4)
	        Recheck Cond: ((id >= 487680) AND (id <= 488679))
	        ->  Bitmap Index Scan on sbtest1_pkey  (cost=0.00..21.54 rows=911 width=0)
	              Index Cond: ((id >= 487680) AND (id <= 488679))

table 2 : explain SELECT SUM(k) FROM sbtest2 WHERE id BETWEEN 4574879 AND 4575878
	Aggregate  (cost=3720.07..3720.08 rows=1 width=8)
	  ->  Bitmap Heap Scan on sbtest2  (cost=22.30..3717.66 rows=962 width=4)
	        Recheck Cond: ((id >= 4574879) AND (id <= 4575878))
	        ->  Bitmap Index Scan on sbtest2_pkey  (cost=0.00..22.05 rows=962 width=0)
	              Index Cond: ((id >= 4574879) AND (id <= 4575878))

table 3 : explain SELECT SUM(k) FROM sbtest3 WHERE id BETWEEN 1703268 AND 1704267
	Aggregate  (cost=3893.57..3893.58 rows=1 width=8)
	  ->  Bitmap Heap Scan on sbtest3  (cost=22.77..3891.05 rows=1008 width=4)
	        Recheck Cond: ((id >= 1703268) AND (id <= 1704267))
	        ->  Bitmap Index Scan on sbtest3_pkey  (cost=0.00..22.51 rows=1008 width=0)
	              Index Cond: ((id >= 1703268) AND (id <= 1704267))

table 4 : explain SELECT SUM(k) FROM sbtest4 WHERE id BETWEEN 2920992 AND 2921991
	Aggregate  (cost=4071.72..4071.73 rows=1 width=8)
	  ->  Bitmap Heap Scan on sbtest4  (cost=23.25..4069.08 rows=1055 width=4)
	        Recheck Cond: ((id >= 2920992) AND (id <= 2921991))
	        ->  Bitmap Index Scan on sbtest4_pkey  (cost=0.00..22.98 rows=1055 width=0)
	              Index Cond: ((id >= 2920992) AND (id <= 2921991))

table 5 : explain SELECT SUM(k) FROM sbtest5 WHERE id BETWEEN 6109083 AND 6110082
	Aggregate  (cost=4067.98..4067.99 rows=1 width=8)
	  ->  Bitmap Heap Scan on sbtest5  (cost=23.24..4065.35 rows=1054 width=4)
	        Recheck Cond: ((id >= 6109083) AND (id <= 6110082))
	        ->  Bitmap Index Scan on sbtest5_pkey  (cost=0.00..22.97 rows=1054 width=0)
	              Index Cond: ((id >= 6109083) AND (id <= 6110082))

table 6 : explain SELECT SUM(k) FROM sbtest6 WHERE id BETWEEN 4496906 AND 4497905
	Aggregate  (cost=4090.63..4090.64 rows=1 width=8)
	  ->  Bitmap Heap Scan on sbtest6  (cost=23.30..4087.98 rows=1060 width=4)
	        Recheck Cond: ((id >= 4496906) AND (id <= 4497905))
	        ->  Bitmap Index Scan on sbtest6_pkey  (cost=0.00..23.04 rows=1060 width=0)
	              Index Cond: ((id >= 4496906) AND (id <= 4497905))

table 7 : explain SELECT SUM(k) FROM sbtest7 WHERE id BETWEEN 2152941 AND 2153940
	Aggregate  (cost=3907.14..3907.15 rows=1 width=8)
	  ->  Bitmap Heap Scan on sbtest7  (cost=22.80..3904.61 rows=1011 width=4)
	        Recheck Cond: ((id >= 2152941) AND (id <= 2153940))
	        ->  Bitmap Index Scan on sbtest7_pkey  (cost=0.00..22.54 rows=1011 width=0)
	              Index Cond: ((id >= 2152941) AND (id <= 2153940))

table 8 : explain SELECT SUM(k) FROM sbtest8 WHERE id BETWEEN 4208450 AND 4209449
	Aggregate  (cost=4069.34..4069.35 rows=1 width=8)
	  ->  Bitmap Heap Scan on sbtest8  (cost=27.23..4066.71 rows=1053 width=4)
	        Recheck Cond: ((id >= 4208450) AND (id <= 4209449))
	        ->  Bitmap Index Scan on sbtest8_pkey  (cost=0.00..26.96 rows=1053 width=0)
	              Index Cond: ((id >= 4208450) AND (id <= 4209449))

for: order_ranges
table 1 : explain SELECT c FROM sbtest1 WHERE id BETWEEN 1618218 AND 1619217 ORDER BY c
	Sort  (cost=3591.92..3594.21 rows=917 width=121)
	  Sort Key: c
	  ->  Bitmap Heap Scan on sbtest1  (cost=21.83..3546.80 rows=917 width=121)
	        Recheck Cond: ((id >= 1618218) AND (id <= 1619217))
	        ->  Bitmap Index Scan on sbtest1_pkey  (cost=0.00..21.61 rows=917 width=0)
	              Index Cond: ((id >= 1618218) AND (id <= 1619217))

table 2 : explain SELECT c FROM sbtest2 WHERE id BETWEEN 8546638 AND 8547637 ORDER BY c
	Sort  (cost=3730.88..3733.26 rows=953 width=121)
	  Sort Key: c
	  ->  Bitmap Heap Scan on sbtest2  (cost=22.20..3683.72 rows=953 width=121)
	        Recheck Cond: ((id >= 8546638) AND (id <= 8547637))
	        ->  Bitmap Index Scan on sbtest2_pkey  (cost=0.00..21.96 rows=953 width=0)
	              Index Cond: ((id >= 8546638) AND (id <= 8547637))

table 3 : explain SELECT c FROM sbtest3 WHERE id BETWEEN 1727697 AND 1728696 ORDER BY c
	Sort  (cost=3941.33..3943.85 rows=1008 width=121)
	  Sort Key: c
	  ->  Bitmap Heap Scan on sbtest3  (cost=22.77..3891.05 rows=1008 width=121)
	        Recheck Cond: ((id >= 1727697) AND (id <= 1728696))
	        ->  Bitmap Index Scan on sbtest3_pkey  (cost=0.00..22.51 rows=1008 width=0)
	              Index Cond: ((id >= 1727697) AND (id <= 1728696))

table 4 : explain SELECT c FROM sbtest4 WHERE id BETWEEN 2480345 AND 2481344 ORDER BY c
	Sort  (cost=3885.11..3887.59 rows=993 width=121)
	  Sort Key: c
	  ->  Bitmap Heap Scan on sbtest4  (cost=22.61..3835.68 rows=993 width=121)
	        Recheck Cond: ((id >= 2480345) AND (id <= 2481344))
	        ->  Bitmap Index Scan on sbtest4_pkey  (cost=0.00..22.36 rows=993 width=0)
	              Index Cond: ((id >= 2480345) AND (id <= 2481344))

table 5 : explain SELECT c FROM sbtest5 WHERE id BETWEEN 7085305 AND 7086304 ORDER BY c
	Sort  (cost=3804.77..3807.20 rows=972 width=121)
	  Sort Key: c
	  ->  Bitmap Heap Scan on sbtest5  (cost=22.40..3756.54 rows=972 width=121)
	        Recheck Cond: ((id >= 7085305) AND (id <= 7086304))
	        ->  Bitmap Index Scan on sbtest5_pkey  (cost=0.00..22.15 rows=972 width=0)
	              Index Cond: ((id >= 7085305) AND (id <= 7086304))

table 6 : explain SELECT c FROM sbtest6 WHERE id BETWEEN 6614284 AND 6615283 ORDER BY c
	Sort  (cost=4076.33..4078.94 rows=1043 width=121)
	  Sort Key: c
	  ->  Bitmap Heap Scan on sbtest6  (cost=23.13..4024.05 rows=1043 width=121)
	        Recheck Cond: ((id >= 6614284) AND (id <= 6615283))
	        ->  Bitmap Index Scan on sbtest6_pkey  (cost=0.00..22.86 rows=1043 width=0)
	              Index Cond: ((id >= 6614284) AND (id <= 6615283))

table 7 : explain SELECT c FROM sbtest7 WHERE id BETWEEN 1861659 AND 1862658 ORDER BY c
	Sort  (cost=3782.83..3785.24 rows=966 width=121)
	  Sort Key: c
	  ->  Bitmap Heap Scan on sbtest7  (cost=22.34..3734.93 rows=966 width=121)
	        Recheck Cond: ((id >= 1861659) AND (id <= 1862658))
	        ->  Bitmap Index Scan on sbtest7_pkey  (cost=0.00..22.09 rows=966 width=0)
	              Index Cond: ((id >= 1861659) AND (id <= 1862658))

table 8 : explain SELECT c FROM sbtest8 WHERE id BETWEEN 8166309 AND 8167308 ORDER BY c
	Sort  (cost=4306.61..4309.36 rows=1102 width=121)
	  Sort Key: c
	  ->  Bitmap Heap Scan on sbtest8  (cost=27.73..4250.92 rows=1102 width=121)
	        Recheck Cond: ((id >= 8166309) AND (id <= 8167308))
	        ->  Bitmap Index Scan on sbtest8_pkey  (cost=0.00..27.45 rows=1102 width=0)
	              Index Cond: ((id >= 8166309) AND (id <= 8167308))

for: order_ranges
table 1 : explain SELECT c FROM sbtest1 WHERE id BETWEEN 4130904 AND 4131903 ORDER BY c
	Sort  (cost=3614.90..3617.21 rows=923 width=121)
	  Sort Key: c
	  ->  Bitmap Heap Scan on sbtest1  (cost=21.90..3569.45 rows=923 width=121)
	        Recheck Cond: ((id >= 4130904) AND (id <= 4131903))
	        ->  Bitmap Index Scan on sbtest1_pkey  (cost=0.00..21.66 rows=923 width=0)
	              Index Cond: ((id >= 4130904) AND (id <= 4131903))

table 2 : explain SELECT c FROM sbtest2 WHERE id BETWEEN 2466972 AND 2467971 ORDER BY c
	Sort  (cost=3730.88..3733.26 rows=953 width=121)
	  Sort Key: c
	  ->  Bitmap Heap Scan on sbtest2  (cost=22.20..3683.72 rows=953 width=121)
	        Recheck Cond: ((id >= 2466972) AND (id <= 2467971))
	        ->  Bitmap Index Scan on sbtest2_pkey  (cost=0.00..21.96 rows=953 width=0)
	              Index Cond: ((id >= 2466972) AND (id <= 2467971))

table 3 : explain SELECT c FROM sbtest3 WHERE id BETWEEN 913215 AND 914214 ORDER BY c
	Sort  (cost=3815.14..3817.58 rows=975 width=121)
	  Sort Key: c
	  ->  Bitmap Heap Scan on sbtest3  (cost=22.43..3766.74 rows=975 width=121)
	        Recheck Cond: ((id >= 913215) AND (id <= 914214))
	        ->  Bitmap Index Scan on sbtest3_pkey  (cost=0.00..22.18 rows=975 width=0)
	              Index Cond: ((id >= 913215) AND (id <= 914214))

table 4 : explain SELECT c FROM sbtest4 WHERE id BETWEEN 4961781 AND 4962780 ORDER BY c
	Sort  (cost=3877.46..3879.94 rows=991 width=121)
	  Sort Key: c
	  ->  Bitmap Heap Scan on sbtest4  (cost=22.59..3828.14 rows=991 width=121)
	        Recheck Cond: ((id >= 4961781) AND (id <= 4962780))
	        ->  Bitmap Index Scan on sbtest4_pkey  (cost=0.00..22.34 rows=991 width=0)
	              Index Cond: ((id >= 4961781) AND (id <= 4962780))

table 5 : explain SELECT c FROM sbtest5 WHERE id BETWEEN 5122490 AND 5123489 ORDER BY c
	Sort  (cost=4114.45..4117.08 rows=1053 width=121)
	  Sort Key: c
	  ->  Bitmap Heap Scan on sbtest5  (cost=23.23..4061.58 rows=1053 width=121)
	        Recheck Cond: ((id >= 5122490) AND (id <= 5123489))
	        ->  Bitmap Index Scan on sbtest5_pkey  (cost=0.00..22.96 rows=1053 width=0)
	              Index Cond: ((id >= 5122490) AND (id <= 5123489))

table 6 : explain SELECT c FROM sbtest6 WHERE id BETWEEN 6360312 AND 6361311 ORDER BY c
	Sort  (cost=3896.68..3899.17 rows=996 width=121)
	  Sort Key: c
	  ->  Bitmap Heap Scan on sbtest6  (cost=22.64..3847.08 rows=996 width=121)
	        Recheck Cond: ((id >= 6360312) AND (id <= 6361311))
	        ->  Bitmap Index Scan on sbtest6_pkey  (cost=0.00..22.39 rows=996 width=0)
	              Index Cond: ((id >= 6360312) AND (id <= 6361311))

table 7 : explain SELECT c FROM sbtest7 WHERE id BETWEEN 469909 AND 470908 ORDER BY c
	Sort  (cost=4268.50..4271.23 rows=1092 width=121)
	  Sort Key: c
	  ->  Bitmap Heap Scan on sbtest7  (cost=27.63..4213.39 rows=1092 width=121)
	        Recheck Cond: ((id >= 469909) AND (id <= 470908))
	        ->  Bitmap Index Scan on sbtest7_pkey  (cost=0.00..27.36 rows=1092 width=0)
	              Index Cond: ((id >= 469909) AND (id <= 470908))

table 8 : explain SELECT c FROM sbtest8 WHERE id BETWEEN 2851033 AND 2852032 ORDER BY c
	Sort  (cost=3748.31..3750.71 rows=957 width=121)
	  Sort Key: c
	  ->  Bitmap Heap Scan on sbtest8  (cost=22.24..3700.93 rows=957 width=121)
	        Recheck Cond: ((id >= 2851033) AND (id <= 2852032))
	        ->  Bitmap Index Scan on sbtest8_pkey  (cost=0.00..22.00 rows=957 width=0)
	              Index Cond: ((id >= 2851033) AND (id <= 2852032))

for: distinct_ranges
table 1 : explain SELECT DISTINCT c FROM sbtest1 WHERE id BETWEEN 39224 AND 40223 ORDER BY c
	Unique  (cost=3775.68..3780.51 rows=965 width=121)
	  ->  Sort  (cost=3775.68..3778.09 rows=965 width=121)
	        Sort Key: c
	        ->  Bitmap Heap Scan on sbtest1  (cost=22.33..3727.84 rows=965 width=121)
	              Recheck Cond: ((id >= 39224) AND (id <= 40223))
	              ->  Bitmap Index Scan on sbtest1_pkey  (cost=0.00..22.08 rows=965 width=0)
	                    Index Cond: ((id >= 39224) AND (id <= 40223))

table 2 : explain SELECT DISTINCT c FROM sbtest2 WHERE id BETWEEN 7379102 AND 7380101 ORDER BY c
	Unique  (cost=3604.46..3609.06 rows=920 width=121)
	  ->  Sort  (cost=3604.46..3606.76 rows=920 width=121)
	        Sort Key: c
	        ->  Bitmap Heap Scan on sbtest2  (cost=21.87..3559.17 rows=920 width=121)
	              Recheck Cond: ((id >= 7379102) AND (id <= 7380101))
	              ->  Bitmap Index Scan on sbtest2_pkey  (cost=0.00..21.64 rows=920 width=0)
	                    Index Cond: ((id >= 7379102) AND (id <= 7380101))

table 3 : explain SELECT DISTINCT c FROM sbtest3 WHERE id BETWEEN 8688699 AND 8689698 ORDER BY c
	Unique  (cost=3838.10..3843.00 rows=981 width=121)
	  ->  Sort  (cost=3838.10..3840.55 rows=981 width=121)
	        Sort Key: c
	        ->  Bitmap Heap Scan on sbtest3  (cost=22.49..3789.35 rows=981 width=121)
	              Recheck Cond: ((id >= 8688699) AND (id <= 8689698))
	              ->  Bitmap Index Scan on sbtest3_pkey  (cost=0.00..22.25 rows=981 width=0)
	                    Index Cond: ((id >= 8688699) AND (id <= 8689698))

table 4 : explain SELECT DISTINCT c FROM sbtest4 WHERE id BETWEEN 5737859 AND 5738858 ORDER BY c
	Unique  (cost=3647.70..3652.35 rows=931 width=121)
	  ->  Sort  (cost=3647.70..3650.02 rows=931 width=121)
	        Sort Key: c
	        ->  Bitmap Heap Scan on sbtest4  (cost=21.98..3601.79 rows=931 width=121)
	              Recheck Cond: ((id >= 5737859) AND (id <= 5738858))
	              ->  Bitmap Index Scan on sbtest4_pkey  (cost=0.00..21.75 rows=931 width=0)
	                    Index Cond: ((id >= 5737859) AND (id <= 5738858))

table 5 : explain SELECT DISTINCT c FROM sbtest5 WHERE id BETWEEN 2519085 AND 2520084 ORDER BY c
	Unique  (cost=3617.05..3621.66 rows=923 width=121)
	  ->  Sort  (cost=3617.05..3619.36 rows=923 width=121)
	        Sort Key: c
	        ->  Bitmap Heap Scan on sbtest5  (cost=21.90..3571.59 rows=923 width=121)
	              Recheck Cond: ((id >= 2519085) AND (id <= 2520084))
	              ->  Bitmap Index Scan on sbtest5_pkey  (cost=0.00..21.66 rows=923 width=0)
	                    Index Cond: ((id >= 2519085) AND (id <= 2520084))

table 6 : explain SELECT DISTINCT c FROM sbtest6 WHERE id BETWEEN 2524849 AND 2525848 ORDER BY c
	Unique  (cost=3931.10..3936.13 rows=1005 width=121)
	  ->  Sort  (cost=3931.10..3933.62 rows=1005 width=121)
	        Sort Key: c
	        ->  Bitmap Heap Scan on sbtest6  (cost=22.74..3880.99 rows=1005 width=121)
	              Recheck Cond: ((id >= 2524849) AND (id <= 2525848))
	              ->  Bitmap Index Scan on sbtest6_pkey  (cost=0.00..22.48 rows=1005 width=0)
	                    Index Cond: ((id >= 2524849) AND (id <= 2525848))

table 7 : explain SELECT DISTINCT c FROM sbtest7 WHERE id BETWEEN 2197848 AND 2198847 ORDER BY c
	Unique  (cost=3955.07..3960.13 rows=1011 width=121)
	  ->  Sort  (cost=3955.07..3957.60 rows=1011 width=121)
	        Sort Key: c
	        ->  Bitmap Heap Scan on sbtest7  (cost=22.80..3904.61 rows=1011 width=121)
	              Recheck Cond: ((id >= 2197848) AND (id <= 2198847))
	              ->  Bitmap Index Scan on sbtest7_pkey  (cost=0.00..22.54 rows=1011 width=0)
	                    Index Cond: ((id >= 2197848) AND (id <= 2198847))

table 8 : explain SELECT DISTINCT c FROM sbtest8 WHERE id BETWEEN 1620528 AND 1621527 ORDER BY c
	Unique  (cost=3924.43..3929.45 rows=1003 width=121)
	  ->  Sort  (cost=3924.43..3926.94 rows=1003 width=121)
	        Sort Key: c
	        ->  Bitmap Heap Scan on sbtest8  (cost=22.72..3874.43 rows=1003 width=121)
	              Recheck Cond: ((id >= 1620528) AND (id <= 1621527))
	              ->  Bitmap Index Scan on sbtest8_pkey  (cost=0.00..22.46 rows=1003 width=0)
	                    Index Cond: ((id >= 1620528) AND (id <= 1621527))

for: distinct_ranges
table 1 : explain SELECT DISTINCT c FROM sbtest1 WHERE id BETWEEN 1823697 AND 1824696 ORDER BY c
	Unique  (cost=4276.02..4281.50 rows=1096 width=121)
	  ->  Sort  (cost=4276.02..4278.76 rows=1096 width=121)
	        Sort Key: c
	        ->  Bitmap Heap Scan on sbtest1  (cost=27.67..4220.68 rows=1096 width=121)
	              Recheck Cond: ((id >= 1823697) AND (id <= 1824696))
	              ->  Bitmap Index Scan on sbtest1_pkey  (cost=0.00..27.39 rows=1096 width=0)
	                    Index Cond: ((id >= 1823697) AND (id <= 1824696))

table 2 : explain SELECT DISTINCT c FROM sbtest2 WHERE id BETWEEN 8526878 AND 8527877 ORDER BY c
	Unique  (cost=3730.88..3735.64 rows=953 width=121)
	  ->  Sort  (cost=3730.88..3733.26 rows=953 width=121)
	        Sort Key: c
	        ->  Bitmap Heap Scan on sbtest2  (cost=22.20..3683.72 rows=953 width=121)
	              Recheck Cond: ((id >= 8526878) AND (id <= 8527877))
	              ->  Bitmap Index Scan on sbtest2_pkey  (cost=0.00..21.96 rows=953 width=0)
	                    Index Cond: ((id >= 8526878) AND (id <= 8527877))

table 3 : explain SELECT DISTINCT c FROM sbtest3 WHERE id BETWEEN 513440 AND 514439 ORDER BY c
	Unique  (cost=3719.46..3724.21 rows=950 width=121)
	  ->  Sort  (cost=3719.46..3721.83 rows=950 width=121)
	        Sort Key: c
	        ->  Bitmap Heap Scan on sbtest3  (cost=22.17..3672.47 rows=950 width=121)
	              Recheck Cond: ((id >= 513440) AND (id <= 514439))
	              ->  Bitmap Index Scan on sbtest3_pkey  (cost=0.00..21.93 rows=950 width=0)
	                    Index Cond: ((id >= 513440) AND (id <= 514439))

table 4 : explain SELECT DISTINCT c FROM sbtest4 WHERE id BETWEEN 8600304 AND 8601303 ORDER BY c
	Unique  (cost=3888.94..3893.91 rows=994 width=121)
	  ->  Sort  (cost=3888.94..3891.42 rows=994 width=121)
	        Sort Key: c
	        ->  Bitmap Heap Scan on sbtest4  (cost=22.62..3839.45 rows=994 width=121)
	              Recheck Cond: ((id >= 8600304) AND (id <= 8601303))
	              ->  Bitmap Index Scan on sbtest4_pkey  (cost=0.00..22.37 rows=994 width=0)
	                    Index Cond: ((id >= 8600304) AND (id <= 8601303))

table 5 : explain SELECT DISTINCT c FROM sbtest5 WHERE id BETWEEN 2956702 AND 2957701 ORDER BY c
	Unique  (cost=4049.52..4054.70 rows=1036 width=121)
	  ->  Sort  (cost=4049.52..4052.11 rows=1036 width=121)
	        Sort Key: c
	        ->  Bitmap Heap Scan on sbtest5  (cost=23.05..3997.63 rows=1036 width=121)
	              Recheck Cond: ((id >= 2956702) AND (id <= 2957701))
	              ->  Bitmap Index Scan on sbtest5_pkey  (cost=0.00..22.79 rows=1036 width=0)
	                    Index Cond: ((id >= 2956702) AND (id <= 2957701))

table 6 : explain SELECT DISTINCT c FROM sbtest6 WHERE id BETWEEN 1629371 AND 1630370 ORDER BY c
	Unique  (cost=3946.40..3951.44 rows=1009 width=121)
	  ->  Sort  (cost=3946.40..3948.92 rows=1009 width=121)
	        Sort Key: c
	        ->  Bitmap Heap Scan on sbtest6  (cost=22.78..3896.06 rows=1009 width=121)
	              Recheck Cond: ((id >= 1629371) AND (id <= 1630370))
	              ->  Bitmap Index Scan on sbtest6_pkey  (cost=0.00..22.52 rows=1009 width=0)
	                    Index Cond: ((id >= 1629371) AND (id <= 1630370))

table 7 : explain SELECT DISTINCT c FROM sbtest7 WHERE id BETWEEN 6185136 AND 6186135 ORDER BY c
	Unique  (cost=4000.96..4006.08 rows=1023 width=121)
	  ->  Sort  (cost=4000.96..4003.52 rows=1023 width=121)
	        Sort Key: c
	        ->  Bitmap Heap Scan on sbtest7  (cost=22.92..3949.82 rows=1023 width=121)
	              Recheck Cond: ((id >= 6185136) AND (id <= 6186135))
	              ->  Bitmap Index Scan on sbtest7_pkey  (cost=0.00..22.66 rows=1023 width=0)
	                    Index Cond: ((id >= 6185136) AND (id <= 6186135))

table 8 : explain SELECT DISTINCT c FROM sbtest8 WHERE id BETWEEN 8574899 AND 8575898 ORDER BY c
	Unique  (cost=3694.66..3699.38 rows=943 width=121)
	  ->  Sort  (cost=3694.66..3697.02 rows=943 width=121)
	        Sort Key: c
	        ->  Bitmap Heap Scan on sbtest8  (cost=22.10..3648.07 rows=943 width=121)
	              Recheck Cond: ((id >= 8574899) AND (id <= 8575898))
	              ->  Bitmap Index Scan on sbtest8_pkey  (cost=0.00..21.86 rows=943 width=0)
	                    Index Cond: ((id >= 8574899) AND (id <= 8575898))

for: sum_ranges
table 1 : explain SELECT SUM(k) FROM sbtest1 WHERE id BETWEEN 4430955 AND 4431954
	Aggregate  (cost=3775.50..3775.51 rows=1 width=8)
	  ->  Bitmap Heap Scan on sbtest1  (cost=22.45..3773.06 rows=977 width=4)
	        Recheck Cond: ((id >= 4430955) AND (id <= 4431954))
	        ->  Bitmap Index Scan on sbtest1_pkey  (cost=0.00..22.20 rows=977 width=0)
	              Index Cond: ((id >= 4430955) AND (id <= 4431954))

table 2 : explain SELECT SUM(k) FROM sbtest2 WHERE id BETWEEN 2323428 AND 2324427
	Aggregate  (cost=3674.78..3674.79 rows=1 width=8)
	  ->  Bitmap Heap Scan on sbtest2  (cost=22.17..3672.40 rows=950 width=4)
	        Recheck Cond: ((id >= 2323428) AND (id <= 2324427))
	        ->  Bitmap Index Scan on sbtest2_pkey  (cost=0.00..21.93 rows=950 width=0)
	              Index Cond: ((id >= 2323428) AND (id <= 2324427))

table 3 : explain SELECT SUM(k) FROM sbtest3 WHERE id BETWEEN 1418240 AND 1419239
	Aggregate  (cost=4416.28..4416.29 rows=1 width=8)
	  ->  Bitmap Heap Scan on sbtest3  (cost=28.19..4413.41 rows=1147 width=4)
	        Recheck Cond: ((id >= 1418240) AND (id <= 1419239))
	        ->  Bitmap Index Scan on sbtest3_pkey  (cost=0.00..27.90 rows=1147 width=0)
	              Index Cond: ((id >= 1418240) AND (id <= 1419239))

table 4 : explain SELECT SUM(k) FROM sbtest4 WHERE id BETWEEN 9982112 AND 9983111
	Aggregate  (cost=4218.38..4218.39 rows=1 width=8)
	  ->  Bitmap Heap Scan on sbtest4  (cost=23.65..4215.65 rows=1094 width=4)
	        Recheck Cond: ((id >= 9982112) AND (id <= 9983111))
	        ->  Bitmap Index Scan on sbtest4_pkey  (cost=0.00..23.37 rows=1094 width=0)
	              Index Cond: ((id >= 9982112) AND (id <= 9983111))

table 5 : explain SELECT SUM(k) FROM sbtest5 WHERE id BETWEEN 2290427 AND 2291426
	Aggregate  (cost=3702.35..3702.36 rows=1 width=8)
	  ->  Bitmap Heap Scan on sbtest5  (cost=22.24..3699.96 rows=957 width=4)
	        Recheck Cond: ((id >= 2290427) AND (id <= 2291426))
	        ->  Bitmap Index Scan on sbtest5_pkey  (cost=0.00..22.00 rows=957 width=0)
	              Index Cond: ((id >= 2290427) AND (id <= 2291426))

table 6 : explain SELECT SUM(k) FROM sbtest6 WHERE id BETWEEN 1485487 AND 1486486
	Aggregate  (cost=3600.42..3600.43 rows=1 width=8)
	  ->  Bitmap Heap Scan on sbtest6  (cost=21.97..3598.09 rows=930 width=4)
	        Recheck Cond: ((id >= 1485487) AND (id <= 1486486))
	        ->  Bitmap Index Scan on sbtest6_pkey  (cost=0.00..21.73 rows=930 width=0)
	              Index Cond: ((id >= 1485487) AND (id <= 1486486))

table 7 : explain SELECT SUM(k) FROM sbtest7 WHERE id BETWEEN 5233717 AND 5234716
	Aggregate  (cost=4106.79..4106.80 rows=1 width=8)
	  ->  Bitmap Heap Scan on sbtest7  (cost=23.34..4104.13 rows=1064 width=4)
	        Recheck Cond: ((id >= 5233717) AND (id <= 5234716))
	        ->  Bitmap Index Scan on sbtest7_pkey  (cost=0.00..23.07 rows=1064 width=0)
	              Index Cond: ((id >= 5233717) AND (id <= 5234716))

table 8 : explain SELECT SUM(k) FROM sbtest8 WHERE id BETWEEN 357338 AND 358337
	Aggregate  (cost=3820.36..3820.37 rows=1 width=8)
	  ->  Bitmap Heap Scan on sbtest8  (cost=22.56..3817.89 rows=988 width=4)
	        Recheck Cond: ((id >= 357338) AND (id <= 358337))
	        ->  Bitmap Index Scan on sbtest8_pkey  (cost=0.00..22.32 rows=988 width=0)
	              Index Cond: ((id >= 357338) AND (id <= 358337))

for: sum_ranges
table 1 : explain SELECT SUM(k) FROM sbtest1 WHERE id BETWEEN 5171027 AND 5172026
	Aggregate  (cost=3522.64..3522.65 rows=1 width=8)
	  ->  Bitmap Heap Scan on sbtest1  (cost=21.76..3520.37 rows=910 width=4)
	        Recheck Cond: ((id >= 5171027) AND (id <= 5172026))
	        ->  Bitmap Index Scan on sbtest1_pkey  (cost=0.00..21.54 rows=910 width=0)
	              Index Cond: ((id >= 5171027) AND (id <= 5172026))

table 2 : explain SELECT SUM(k) FROM sbtest2 WHERE id BETWEEN 2677450 AND 2678449
	Aggregate  (cost=3678.55..3678.56 rows=1 width=8)
	  ->  Bitmap Heap Scan on sbtest2  (cost=22.18..3676.18 rows=951 width=4)
	        Recheck Cond: ((id >= 2677450) AND (id <= 2678449))
	        ->  Bitmap Index Scan on sbtest2_pkey  (cost=0.00..21.94 rows=951 width=0)
	              Index Cond: ((id >= 2677450) AND (id <= 2678449))

table 3 : explain SELECT SUM(k) FROM sbtest3 WHERE id BETWEEN 6957599 AND 6958598
	Aggregate  (cost=3735.23..3735.24 rows=1 width=8)
	  ->  Bitmap Heap Scan on sbtest3  (cost=22.34..3732.81 rows=966 width=4)
	        Recheck Cond: ((id >= 6957599) AND (id <= 6958598))
	        ->  Bitmap Index Scan on sbtest3_pkey  (cost=0.00..22.09 rows=966 width=0)
	              Index Cond: ((id >= 6957599) AND (id <= 6958598))

table 4 : explain SELECT SUM(k) FROM sbtest4 WHERE id BETWEEN 9882273 AND 9883272
	Aggregate  (cost=3687.22..3687.23 rows=1 width=8)
	  ->  Bitmap Heap Scan on sbtest4  (cost=22.20..3684.84 rows=953 width=4)
	        Recheck Cond: ((id >= 9882273) AND (id <= 9883272))
	        ->  Bitmap Index Scan on sbtest4_pkey  (cost=0.00..21.96 rows=953 width=0)
	              Index Cond: ((id >= 9882273) AND (id <= 9883272))

table 5 : explain SELECT SUM(k) FROM sbtest5 WHERE id BETWEEN 1182692 AND 1183691
	Aggregate  (cost=3868.35..3868.36 rows=1 width=8)
	  ->  Bitmap Heap Scan on sbtest5  (cost=22.70..3865.85 rows=1001 width=4)
	        Recheck Cond: ((id >= 1182692) AND (id <= 1183691))
	        ->  Bitmap Index Scan on sbtest5_pkey  (cost=0.00..22.44 rows=1001 width=0)
	              Index Cond: ((id >= 1182692) AND (id <= 1183691))

table 6 : explain SELECT SUM(k) FROM sbtest6 WHERE id BETWEEN 9010563 AND 9011562
	Aggregate  (cost=4342.72..4342.73 rows=1 width=8)
	  ->  Bitmap Heap Scan on sbtest6  (cost=27.99..4339.91 rows=1127 width=4)
	        Recheck Cond: ((id >= 9010563) AND (id <= 9011562))
	        ->  Bitmap Index Scan on sbtest6_pkey  (cost=0.00..27.70 rows=1127 width=0)
	              Index Cond: ((id >= 9010563) AND (id <= 9011562))

table 7 : explain SELECT SUM(k) FROM sbtest7 WHERE id BETWEEN 3188116 AND 3189115
	Aggregate  (cost=3895.83..3895.84 rows=1 width=8)
	  ->  Bitmap Heap Scan on sbtest7  (cost=22.77..3893.31 rows=1008 width=4)
	        Recheck Cond: ((id >= 3188116) AND (id <= 3189115))
	        ->  Bitmap Index Scan on sbtest7_pkey  (cost=0.00..22.51 rows=1008 width=0)
	              Index Cond: ((id >= 3188116) AND (id <= 3189115))

table 8 : explain SELECT SUM(k) FROM sbtest8 WHERE id BETWEEN 4544687 AND 4545686
	Aggregate  (cost=3974.95..3974.96 rows=1 width=8)
	  ->  Bitmap Heap Scan on sbtest8  (cost=22.98..3972.38 rows=1029 width=4)
	        Recheck Cond: ((id >= 4544687) AND (id <= 4545686))
	        ->  Bitmap Index Scan on sbtest8_pkey  (cost=0.00..22.72 rows=1029 width=0)
	              Index Cond: ((id >= 4544687) AND (id <= 4545686))

for: distinct_ranges
table 1 : explain SELECT DISTINCT c FROM sbtest1 WHERE id BETWEEN 42375 AND 43374 ORDER BY c
	Unique  (cost=3775.68..3780.51 rows=965 width=121)
	  ->  Sort  (cost=3775.68..3778.09 rows=965 width=121)
	        Sort Key: c
	        ->  Bitmap Heap Scan on sbtest1  (cost=22.33..3727.84 rows=965 width=121)
	              Recheck Cond: ((id >= 42375) AND (id <= 43374))
	              ->  Bitmap Index Scan on sbtest1_pkey  (cost=0.00..22.08 rows=965 width=0)
	                    Index Cond: ((id >= 42375) AND (id <= 43374))

table 2 : explain SELECT DISTINCT c FROM sbtest2 WHERE id BETWEEN 9566576 AND 9567575 ORDER BY c
	Unique  (cost=3615.96..3620.58 rows=923 width=121)
	  ->  Sort  (cost=3615.96..3618.27 rows=923 width=121)
	        Sort Key: c
	        ->  Bitmap Heap Scan on sbtest2  (cost=21.90..3570.50 rows=923 width=121)
	              Recheck Cond: ((id >= 9566576) AND (id <= 9567575))
	              ->  Bitmap Index Scan on sbtest2_pkey  (cost=0.00..21.66 rows=923 width=0)
	                    Index Cond: ((id >= 9566576) AND (id <= 9567575))

table 3 : explain SELECT DISTINCT c FROM sbtest3 WHERE id BETWEEN 7714269 AND 7715268 ORDER BY c
	Unique  (cost=3983.37..3988.46 rows=1019 width=121)
	  ->  Sort  (cost=3983.37..3985.91 rows=1019 width=121)
	        Sort Key: c
	        ->  Bitmap Heap Scan on sbtest3  (cost=22.88..3932.45 rows=1019 width=121)
	              Recheck Cond: ((id >= 7714269) AND (id <= 7715268))
	              ->  Bitmap Index Scan on sbtest3_pkey  (cost=0.00..22.62 rows=1019 width=0)
	                    Index Cond: ((id >= 7714269) AND (id <= 7715268))

table 4 : explain SELECT DISTINCT c FROM sbtest4 WHERE id BETWEEN 9615996 AND 9616995 ORDER BY c
	Unique  (cost=3938.66..3943.69 rows=1007 width=121)
	  ->  Sort  (cost=3938.66..3941.17 rows=1007 width=121)
	        Sort Key: c
	        ->  Bitmap Heap Scan on sbtest4  (cost=22.76..3888.43 rows=1007 width=121)
	              Recheck Cond: ((id >= 9615996) AND (id <= 9616995))
	              ->  Bitmap Index Scan on sbtest4_pkey  (cost=0.00..22.50 rows=1007 width=0)
	                    Index Cond: ((id >= 9615996) AND (id <= 9616995))

table 5 : explain SELECT DISTINCT c FROM sbtest5 WHERE id BETWEEN 8717613 AND 8718612 ORDER BY c
	Unique  (cost=3823.91..3828.80 rows=977 width=121)
	  ->  Sort  (cost=3823.91..3826.35 rows=977 width=121)
	        Sort Key: c
	        ->  Bitmap Heap Scan on sbtest5  (cost=22.45..3775.39 rows=977 width=121)
	              Recheck Cond: ((id >= 8717613) AND (id <= 8718612))
	              ->  Bitmap Index Scan on sbtest5_pkey  (cost=0.00..22.20 rows=977 width=0)
	                    Index Cond: ((id >= 8717613) AND (id <= 8718612))

table 6 : explain SELECT DISTINCT c FROM sbtest6 WHERE id BETWEEN 7941172 AND 7942171 ORDER BY c
	Unique  (cost=3839.29..3844.19 rows=981 width=121)
	  ->  Sort  (cost=3839.29..3841.74 rows=981 width=121)
	        Sort Key: c
	        ->  Bitmap Heap Scan on sbtest6  (cost=22.49..3790.54 rows=981 width=121)
	              Recheck Cond: ((id >= 7941172) AND (id <= 7942171))
	              ->  Bitmap Index Scan on sbtest6_pkey  (cost=0.00..22.25 rows=981 width=0)
	                    Index Cond: ((id >= 7941172) AND (id <= 7942171))

table 7 : explain SELECT DISTINCT c FROM sbtest7 WHERE id BETWEEN 5664328 AND 5665327 ORDER BY c
	Unique  (cost=3283.81..3287.99 rows=836 width=121)
	  ->  Sort  (cost=3283.81..3285.90 rows=836 width=121)
	        Sort Key: c
	        ->  Bitmap Heap Scan on sbtest7  (cost=21.00..3243.24 rows=836 width=121)
	              Recheck Cond: ((id >= 5664328) AND (id <= 5665327))
	              ->  Bitmap Index Scan on sbtest7_pkey  (cost=0.00..20.79 rows=836 width=0)
	                    Index Cond: ((id >= 5664328) AND (id <= 5665327))

table 8 : explain SELECT DISTINCT c FROM sbtest8 WHERE id BETWEEN 5660732 AND 5661731 ORDER BY c
	Unique  (cost=3637.15..3641.79 rows=928 width=121)
	  ->  Sort  (cost=3637.15..3639.47 rows=928 width=121)
	        Sort Key: c
	        ->  Bitmap Heap Scan on sbtest8  (cost=21.95..3591.41 rows=928 width=121)
	              Recheck Cond: ((id >= 5660732) AND (id <= 5661731))
	              ->  Bitmap Index Scan on sbtest8_pkey  (cost=0.00..21.71 rows=928 width=0)
	                    Index Cond: ((id >= 5660732) AND (id <= 5661731))

for: order_ranges
table 1 : explain SELECT c FROM sbtest1 WHERE id BETWEEN 4720736 AND 4721735 ORDER BY c
	Sort  (cost=3821.58..3824.02 rows=977 width=121)
	  Sort Key: c
	  ->  Bitmap Heap Scan on sbtest1  (cost=22.45..3773.06 rows=977 width=121)
	        Recheck Cond: ((id >= 4720736) AND (id <= 4721735))
	        ->  Bitmap Index Scan on sbtest1_pkey  (cost=0.00..22.20 rows=977 width=0)
	              Index Cond: ((id >= 4720736) AND (id <= 4721735))

table 2 : explain SELECT c FROM sbtest2 WHERE id BETWEEN 3338694 AND 3339693 ORDER BY c
	Sort  (cost=3860.98..3863.45 rows=987 width=121)
	  Sort Key: c
	  ->  Bitmap Heap Scan on sbtest2  (cost=22.55..3811.89 rows=987 width=121)
	        Recheck Cond: ((id >= 3338694) AND (id <= 3339693))
	        ->  Bitmap Index Scan on sbtest2_pkey  (cost=0.00..22.30 rows=987 width=0)
	              Index Cond: ((id >= 3338694) AND (id <= 3339693))

table 3 : explain SELECT c FROM sbtest3 WHERE id BETWEEN 8604069 AND 8605068 ORDER BY c
	Sort  (cost=3838.10..3840.55 rows=981 width=121)
	  Sort Key: c
	  ->  Bitmap Heap Scan on sbtest3  (cost=22.49..3789.35 rows=981 width=121)
	        Recheck Cond: ((id >= 8604069) AND (id <= 8605068))
	        ->  Bitmap Index Scan on sbtest3_pkey  (cost=0.00..22.25 rows=981 width=0)
	              Index Cond: ((id >= 8604069) AND (id <= 8605068))

table 4 : explain SELECT c FROM sbtest4 WHERE id BETWEEN 454948 AND 455947 ORDER BY c
	Sort  (cost=4152.60..4155.25 rows=1063 width=121)
	  Sort Key: c
	  ->  Bitmap Heap Scan on sbtest4  (cost=23.33..4099.16 rows=1063 width=121)
	        Recheck Cond: ((id >= 454948) AND (id <= 455947))
	        ->  Bitmap Index Scan on sbtest4_pkey  (cost=0.00..23.07 rows=1063 width=0)
	              Index Cond: ((id >= 454948) AND (id <= 455947))

table 5 : explain SELECT c FROM sbtest5 WHERE id BETWEEN 976916 AND 977915 ORDER BY c
	Sort  (cost=3678.38..3680.73 rows=939 width=121)
	  Sort Key: c
	  ->  Bitmap Heap Scan on sbtest5  (cost=22.06..3632.02 rows=939 width=121)
	        Recheck Cond: ((id >= 976916) AND (id <= 977915))
	        ->  Bitmap Index Scan on sbtest5_pkey  (cost=0.00..21.82 rows=939 width=0)
	              Index Cond: ((id >= 976916) AND (id <= 977915))

table 6 : explain SELECT c FROM sbtest6 WHERE id BETWEEN 8429486 AND 8430485 ORDER BY c
	Sort  (cost=4038.13..4040.71 rows=1033 width=121)
	  Sort Key: c
	  ->  Bitmap Heap Scan on sbtest6  (cost=23.02..3986.42 rows=1033 width=121)
	        Recheck Cond: ((id >= 8429486) AND (id <= 8430485))
	        ->  Bitmap Index Scan on sbtest6_pkey  (cost=0.00..22.76 rows=1033 width=0)
	              Index Cond: ((id >= 8429486) AND (id <= 8430485))

table 7 : explain SELECT c FROM sbtest7 WHERE id BETWEEN 5400828 AND 5401827 ORDER BY c
	Sort  (cost=3916.82..3919.32 rows=1001 width=121)
	  Sort Key: c
	  ->  Bitmap Heap Scan on sbtest7  (cost=22.70..3866.93 rows=1001 width=121)
	        Recheck Cond: ((id >= 5400828) AND (id <= 5401827))
	        ->  Bitmap Index Scan on sbtest7_pkey  (cost=0.00..22.44 rows=1001 width=0)
	              Index Cond: ((id >= 5400828) AND (id <= 5401827))

table 8 : explain SELECT c FROM sbtest8 WHERE id BETWEEN 5829668 AND 5830667 ORDER BY c
	Sort  (cost=3687.00..3689.35 rows=941 width=121)
	  Sort Key: c
	  ->  Bitmap Heap Scan on sbtest8  (cost=22.08..3640.52 rows=941 width=121)
	        Recheck Cond: ((id >= 5829668) AND (id <= 5830667))
	        ->  Bitmap Index Scan on sbtest8_pkey  (cost=0.00..21.84 rows=941 width=0)
	              Index Cond: ((id >= 5829668) AND (id <= 5830667))

for: order_ranges
table 1 : explain SELECT c FROM sbtest1 WHERE id BETWEEN 8982454 AND 8983453 ORDER BY c
	Sort  (cost=4226.22..4228.92 rows=1083 width=121)
	  Sort Key: c
	  ->  Bitmap Heap Scan on sbtest1  (cost=23.54..4171.63 rows=1083 width=121)
	        Recheck Cond: ((id >= 8982454) AND (id <= 8983453))
	        ->  Bitmap Index Scan on sbtest1_pkey  (cost=0.00..23.26 rows=1083 width=0)
	              Index Cond: ((id >= 8982454) AND (id <= 8983453))

table 2 : explain SELECT c FROM sbtest2 WHERE id BETWEEN 3330346 AND 3331345 ORDER BY c
	Sort  (cost=3860.98..3863.45 rows=987 width=121)
	  Sort Key: c
	  ->  Bitmap Heap Scan on sbtest2  (cost=22.55..3811.89 rows=987 width=121)
	        Recheck Cond: ((id >= 3330346) AND (id <= 3331345))
	        ->  Bitmap Index Scan on sbtest2_pkey  (cost=0.00..22.30 rows=987 width=0)
	              Index Cond: ((id >= 3330346) AND (id <= 3331345))

table 3 : explain SELECT c FROM sbtest3 WHERE id BETWEEN 1317650 AND 1318649 ORDER BY c
	Sort  (cost=4105.56..4108.19 rows=1051 width=121)
	  Sort Key: c
	  ->  Bitmap Heap Scan on sbtest3  (cost=23.21..4052.82 rows=1051 width=121)
	        Recheck Cond: ((id >= 1317650) AND (id <= 1318649))
	        ->  Bitmap Index Scan on sbtest3_pkey  (cost=0.00..22.94 rows=1051 width=0)
	              Index Cond: ((id >= 1317650) AND (id <= 1318649))

table 4 : explain SELECT c FROM sbtest4 WHERE id BETWEEN 4105076 AND 4106075 ORDER BY c
	Sort  (cost=3781.78..3784.19 rows=966 width=121)
	  Sort Key: c
	  ->  Bitmap Heap Scan on sbtest4  (cost=22.34..3733.89 rows=966 width=121)
	        Recheck Cond: ((id >= 4105076) AND (id <= 4106075))
	        ->  Bitmap Index Scan on sbtest4_pkey  (cost=0.00..22.09 rows=966 width=0)
	              Index Cond: ((id >= 4105076) AND (id <= 4106075))

table 5 : explain SELECT c FROM sbtest5 WHERE id BETWEEN 4818862 AND 4819861 ORDER BY c
	Sort  (cost=4202.24..4204.93 rows=1076 width=121)
	  Sort Key: c
	  ->  Bitmap Heap Scan on sbtest5  (cost=23.46..4148.05 rows=1076 width=121)
	        Recheck Cond: ((id >= 4818862) AND (id <= 4819861))
	        ->  Bitmap Index Scan on sbtest5_pkey  (cost=0.00..23.19 rows=1076 width=0)
	              Index Cond: ((id >= 4818862) AND (id <= 4819861))

table 6 : explain SELECT c FROM sbtest6 WHERE id BETWEEN 8660078 AND 8661077 ORDER BY c
	Sort  (cost=3923.46..3925.96 rows=1003 width=121)
	  Sort Key: c
	  ->  Bitmap Heap Scan on sbtest6  (cost=22.72..3873.46 rows=1003 width=121)
	        Recheck Cond: ((id >= 8660078) AND (id <= 8661077))
	        ->  Bitmap Index Scan on sbtest6_pkey  (cost=0.00..22.46 rows=1003 width=0)
	              Index Cond: ((id >= 8660078) AND (id <= 8661077))

table 7 : explain SELECT c FROM sbtest7 WHERE id BETWEEN 3370245 AND 3371244 ORDER BY c
	Sort  (cost=4016.25..4018.82 rows=1027 width=121)
	  Sort Key: c
	  ->  Bitmap Heap Scan on sbtest7  (cost=22.96..3964.88 rows=1027 width=121)
	        Recheck Cond: ((id >= 3370245) AND (id <= 3371244))
	        ->  Bitmap Index Scan on sbtest7_pkey  (cost=0.00..22.70 rows=1027 width=0)
	              Index Cond: ((id >= 3370245) AND (id <= 3371244))

table 8 : explain SELECT c FROM sbtest8 WHERE id BETWEEN 2963358 AND 2964357 ORDER BY c
	Sort  (cost=3951.21..3953.73 rows=1010 width=121)
	  Sort Key: c
	  ->  Bitmap Heap Scan on sbtest8  (cost=22.79..3900.81 rows=1010 width=121)
	        Recheck Cond: ((id >= 2963358) AND (id <= 2964357))
	        ->  Bitmap Index Scan on sbtest8_pkey  (cost=0.00..22.54 rows=1010 width=0)
	              Index Cond: ((id >= 2963358) AND (id <= 2964357))

for: distinct_ranges
table 1 : explain SELECT DISTINCT c FROM sbtest1 WHERE id BETWEEN 4132842 AND 4133841 ORDER BY c
	Unique  (cost=3614.90..3619.52 rows=923 width=121)
	  ->  Sort  (cost=3614.90..3617.21 rows=923 width=121)
	        Sort Key: c
	        ->  Bitmap Heap Scan on sbtest1  (cost=21.90..3569.45 rows=923 width=121)
	              Recheck Cond: ((id >= 4132842) AND (id <= 4133841))
	              ->  Bitmap Index Scan on sbtest1_pkey  (cost=0.00..21.66 rows=923 width=0)
	                    Index Cond: ((id >= 4132842) AND (id <= 4133841))

table 2 : explain SELECT DISTINCT c FROM sbtest2 WHERE id BETWEEN 8144458 AND 8145457 ORDER BY c
	Unique  (cost=4158.91..4164.23 rows=1065 width=121)
	  ->  Sort  (cost=4158.91..4161.57 rows=1065 width=121)
	        Sort Key: c
	        ->  Bitmap Heap Scan on sbtest2  (cost=23.35..4105.36 rows=1065 width=121)
	              Recheck Cond: ((id >= 8144458) AND (id <= 8145457))
	              ->  Bitmap Index Scan on sbtest2_pkey  (cost=0.00..23.08 rows=1065 width=0)
	                    Index Cond: ((id >= 8144458) AND (id <= 8145457))

table 3 : explain SELECT DISTINCT c FROM sbtest3 WHERE id BETWEEN 5582833 AND 5583832 ORDER BY c
	Unique  (cost=3593.03..3597.61 rows=917 width=121)
	  ->  Sort  (cost=3593.03..3595.32 rows=917 width=121)
	        Sort Key: c
	        ->  Bitmap Heap Scan on sbtest3  (cost=21.83..3547.91 rows=917 width=121)
	              Recheck Cond: ((id >= 5582833) AND (id <= 5583832))
	              ->  Bitmap Index Scan on sbtest3_pkey  (cost=0.00..21.61 rows=917 width=0)
	                    Index Cond: ((id >= 5582833) AND (id <= 5583832))

table 4 : explain SELECT DISTINCT c FROM sbtest4 WHERE id BETWEEN 5541018 AND 5542017 ORDER BY c
	Unique  (cost=3904.24..3909.23 rows=998 width=121)
	  ->  Sort  (cost=3904.24..3906.73 rows=998 width=121)
	        Sort Key: c
	        ->  Bitmap Heap Scan on sbtest4  (cost=22.66..3854.52 rows=998 width=121)
	              Recheck Cond: ((id >= 5541018) AND (id <= 5542017))
	              ->  Bitmap Index Scan on sbtest4_pkey  (cost=0.00..22.41 rows=998 width=0)
	                    Index Cond: ((id >= 5541018) AND (id <= 5542017))

table 5 : explain SELECT DISTINCT c FROM sbtest5 WHERE id BETWEEN 519145 AND 520144 ORDER BY c
	Unique  (cost=3574.87..3579.43 rows=912 width=121)
	  ->  Sort  (cost=3574.87..3577.15 rows=912 width=121)
	        Sort Key: c
	        ->  Bitmap Heap Scan on sbtest5  (cost=21.78..3530.03 rows=912 width=121)
	              Recheck Cond: ((id >= 519145) AND (id <= 520144))
	              ->  Bitmap Index Scan on sbtest5_pkey  (cost=0.00..21.55 rows=912 width=0)
	                    Index Cond: ((id >= 519145) AND (id <= 520144))

table 6 : explain SELECT DISTINCT c FROM sbtest6 WHERE id BETWEEN 9306480 AND 9307479 ORDER BY c
	Unique  (cost=3889.03..3894.00 rows=994 width=121)
	  ->  Sort  (cost=3889.03..3891.52 rows=994 width=121)
	        Sort Key: c
	        ->  Bitmap Heap Scan on sbtest6  (cost=22.62..3839.54 rows=994 width=121)
	              Recheck Cond: ((id >= 9306480) AND (id <= 9307479))
	              ->  Bitmap Index Scan on sbtest6_pkey  (cost=0.00..22.37 rows=994 width=0)
	                    Index Cond: ((id >= 9306480) AND (id <= 9307479))

table 7 : explain SELECT DISTINCT c FROM sbtest7 WHERE id BETWEEN 4999672 AND 5000671 ORDER BY c
	Unique  (cost=3905.34..3910.33 rows=998 width=121)
	  ->  Sort  (cost=3905.34..3907.83 rows=998 width=121)
	        Sort Key: c
	        ->  Bitmap Heap Scan on sbtest7  (cost=22.66..3855.62 rows=998 width=121)
	              Recheck Cond: ((id >= 4999672) AND (id <= 5000671))
	              ->  Bitmap Index Scan on sbtest7_pkey  (cost=0.00..22.41 rows=998 width=0)
	                    Index Cond: ((id >= 4999672) AND (id <= 5000671))

table 8 : explain SELECT DISTINCT c FROM sbtest8 WHERE id BETWEEN 7822967 AND 7823966 ORDER BY c
	Unique  (cost=3771.30..3776.12 rows=963 width=121)
	  ->  Sort  (cost=3771.30..3773.71 rows=963 width=121)
	        Sort Key: c
	        ->  Bitmap Heap Scan on sbtest8  (cost=22.31..3723.58 rows=963 width=121)
	              Recheck Cond: ((id >= 7822967) AND (id <= 7823966))
	              ->  Bitmap Index Scan on sbtest8_pkey  (cost=0.00..22.07 rows=963 width=0)
	                    Index Cond: ((id >= 7822967) AND (id <= 7823966))

for: distinct_ranges
table 1 : explain SELECT DISTINCT c FROM sbtest1 WHERE id BETWEEN 9538173 AND 9539172 ORDER BY c
	Unique  (cost=4104.20..4109.46 rows=1051 width=121)
	  ->  Sort  (cost=4104.20..4106.83 rows=1051 width=121)
	        Sort Key: c
	        ->  Bitmap Heap Scan on sbtest1  (cost=23.21..4051.46 rows=1051 width=121)
	              Recheck Cond: ((id >= 9538173) AND (id <= 9539172))
	              ->  Bitmap Index Scan on sbtest1_pkey  (cost=0.00..22.94 rows=1051 width=0)
	                    Index Cond: ((id >= 9538173) AND (id <= 9539172))

table 2 : explain SELECT DISTINCT c FROM sbtest2 WHERE id BETWEEN 4213974 AND 4214973 ORDER BY c
	Unique  (cost=4067.32..4072.52 rows=1041 width=121)
	  ->  Sort  (cost=4067.32..4069.92 rows=1041 width=121)
	        Sort Key: c
	        ->  Bitmap Heap Scan on sbtest2  (cost=23.11..4015.14 rows=1041 width=121)
	              Recheck Cond: ((id >= 4213974) AND (id <= 4214973))
	              ->  Bitmap Index Scan on sbtest2_pkey  (cost=0.00..22.84 rows=1041 width=0)
	                    Index Cond: ((id >= 4213974) AND (id <= 4214973))

table 3 : explain SELECT DISTINCT c FROM sbtest3 WHERE id BETWEEN 6201618 AND 6202617 ORDER BY c
	Unique  (cost=3861.05..3865.98 rows=987 width=121)
	  ->  Sort  (cost=3861.05..3863.51 rows=987 width=121)
	        Sort Key: c
	        ->  Bitmap Heap Scan on sbtest3  (cost=22.55..3811.96 rows=987 width=121)
	              Recheck Cond: ((id >= 6201618) AND (id <= 6202617))
	              ->  Bitmap Index Scan on sbtest3_pkey  (cost=0.00..22.30 rows=987 width=0)
	                    Index Cond: ((id >= 6201618) AND (id <= 6202617))

table 4 : explain SELECT DISTINCT c FROM sbtest4 WHERE id BETWEEN 1564775 AND 1565774 ORDER BY c
	Unique  (cost=3900.41..3905.40 rows=997 width=121)
	  ->  Sort  (cost=3900.41..3902.90 rows=997 width=121)
	        Sort Key: c
	        ->  Bitmap Heap Scan on sbtest4  (cost=22.65..3850.75 rows=997 width=121)
	              Recheck Cond: ((id >= 1564775) AND (id <= 1565774))
	              ->  Bitmap Index Scan on sbtest4_pkey  (cost=0.00..22.40 rows=997 width=0)
	                    Index Cond: ((id >= 1564775) AND (id <= 1565774))

table 5 : explain SELECT DISTINCT c FROM sbtest5 WHERE id BETWEEN 4966050 AND 4967049 ORDER BY c
	Unique  (cost=3957.80..3962.86 rows=1012 width=121)
	  ->  Sort  (cost=3957.80..3960.33 rows=1012 width=121)
	        Sort Key: c
	        ->  Bitmap Heap Scan on sbtest5  (cost=22.81..3907.28 rows=1012 width=121)
	              Recheck Cond: ((id >= 4966050) AND (id <= 4967049))
	              ->  Bitmap Index Scan on sbtest5_pkey  (cost=0.00..22.55 rows=1012 width=0)
	                    Index Cond: ((id >= 4966050) AND (id <= 4967049))

table 6 : explain SELECT DISTINCT c FROM sbtest6 WHERE id BETWEEN 492352 AND 493351 ORDER BY c
	Unique  (cost=3494.35..3498.80 rows=891 width=121)
	  ->  Sort  (cost=3494.35..3496.58 rows=891 width=121)
	        Sort Key: c
	        ->  Bitmap Heap Scan on sbtest6  (cost=21.57..3450.69 rows=891 width=121)
	              Recheck Cond: ((id >= 492352) AND (id <= 493351))
	              ->  Bitmap Index Scan on sbtest6_pkey  (cost=0.00..21.34 rows=891 width=0)
	                    Index Cond: ((id >= 492352) AND (id <= 493351))

table 7 : explain SELECT DISTINCT c FROM sbtest7 WHERE id BETWEEN 3955061 AND 3956060 ORDER BY c
	Unique  (cost=4050.66..4055.84 rows=1036 width=121)
	  ->  Sort  (cost=4050.66..4053.25 rows=1036 width=121)
	        Sort Key: c
	        ->  Bitmap Heap Scan on sbtest7  (cost=23.05..3998.77 rows=1036 width=121)
	              Recheck Cond: ((id >= 3955061) AND (id <= 3956060))
	              ->  Bitmap Index Scan on sbtest7_pkey  (cost=0.00..22.79 rows=1036 width=0)
	                    Index Cond: ((id >= 3955061) AND (id <= 3956060))

table 8 : explain SELECT DISTINCT c FROM sbtest8 WHERE id BETWEEN 6094362 AND 6095361 ORDER BY c
	Unique  (cost=4039.15..4044.32 rows=1033 width=121)
	  ->  Sort  (cost=4039.15..4041.74 rows=1033 width=121)
	        Sort Key: c
	        ->  Bitmap Heap Scan on sbtest8  (cost=23.02..3987.44 rows=1033 width=121)
	              Recheck Cond: ((id >= 6094362) AND (id <= 6095361))
	              ->  Bitmap Index Scan on sbtest8_pkey  (cost=0.00..22.76 rows=1033 width=0)
	                    Index Cond: ((id >= 6094362) AND (id <= 6095361))

explain: for point_selects :: explain SELECT c FROM sbtest%u WHERE id=%u
for: order_ranges
table 1 : explain SELECT c FROM sbtest1 WHERE id BETWEEN 3627701 AND 3628700 ORDER BY c
	Sort  (cost=3867.45..3869.93 rows=989 width=121)
	  Sort Key: c
	  ->  Bitmap Heap Scan on sbtest1  (cost=22.57..3818.25 rows=989 width=121)
	        Recheck Cond: ((id >= 3627701) AND (id <= 3628700))
	        ->  Bitmap Index Scan on sbtest1_pkey  (cost=0.00..22.32 rows=989 width=0)
	              Index Cond: ((id >= 3627701) AND (id <= 3628700))

table 2 : explain SELECT c FROM sbtest2 WHERE id BETWEEN 7142684 AND 7143683 ORDER BY c
	Sort  (cost=3929.80..3932.31 rows=1005 width=121)
	  Sort Key: c
	  ->  Bitmap Heap Scan on sbtest2  (cost=22.74..3879.68 rows=1005 width=121)
	        Recheck Cond: ((id >= 7142684) AND (id <= 7143683))
	        ->  Bitmap Index Scan on sbtest2_pkey  (cost=0.00..22.48 rows=1005 width=0)
	              Index Cond: ((id >= 7142684) AND (id <= 7143683))

table 3 : explain SELECT c FROM sbtest3 WHERE id BETWEEN 5328727 AND 5329726 ORDER BY c
	Sort  (cost=3485.64..3487.87 rows=889 width=121)
	  Sort Key: c
	  ->  Bitmap Heap Scan on sbtest3  (cost=21.55..3442.10 rows=889 width=121)
	        Recheck Cond: ((id >= 5328727) AND (id <= 5329726))
	        ->  Bitmap Index Scan on sbtest3_pkey  (cost=0.00..21.32 rows=889 width=0)
	              Index Cond: ((id >= 5328727) AND (id <= 5329726))

table 4 : explain SELECT c FROM sbtest4 WHERE id BETWEEN 3590974 AND 3591973 ORDER BY c
	Sort  (cost=3636.20..3638.52 rows=928 width=121)
	  Sort Key: c
	  ->  Bitmap Heap Scan on sbtest4  (cost=21.95..3590.46 rows=928 width=121)
	        Recheck Cond: ((id >= 3590974) AND (id <= 3591973))
	        ->  Bitmap Index Scan on sbtest4_pkey  (cost=0.00..21.71 rows=928 width=0)
	              Index Cond: ((id >= 3590974) AND (id <= 3591973))

table 5 : explain SELECT c FROM sbtest5 WHERE id BETWEEN 3679004 AND 3680003 ORDER BY c
	Sort  (cost=3574.87..3577.15 rows=912 width=121)
	  Sort Key: c
	  ->  Bitmap Heap Scan on sbtest5  (cost=21.78..3530.03 rows=912 width=121)
	        Recheck Cond: ((id >= 3679004) AND (id <= 3680003))
	        ->  Bitmap Index Scan on sbtest5_pkey  (cost=0.00..21.55 rows=912 width=0)
	              Index Cond: ((id >= 3679004) AND (id <= 3680003))

table 6 : explain SELECT c FROM sbtest6 WHERE id BETWEEN 2655860 AND 2656859 ORDER BY c
	Sort  (cost=3954.05..3956.57 rows=1011 width=121)
	  Sort Key: c
	  ->  Bitmap Heap Scan on sbtest6  (cost=22.80..3903.59 rows=1011 width=121)
	        Recheck Cond: ((id >= 2655860) AND (id <= 2656859))
	        ->  Bitmap Index Scan on sbtest6_pkey  (cost=0.00..22.54 rows=1011 width=0)
	              Index Cond: ((id >= 2655860) AND (id <= 2656859))

table 7 : explain SELECT c FROM sbtest7 WHERE id BETWEEN 3112409 AND 3113408 ORDER BY c
	Sort  (cost=3809.64..3812.07 rows=973 width=121)
	  Sort Key: c
	  ->  Bitmap Heap Scan on sbtest7  (cost=22.41..3761.35 rows=973 width=121)
	        Recheck Cond: ((id >= 3112409) AND (id <= 3113408))
	        ->  Bitmap Index Scan on sbtest7_pkey  (cost=0.00..22.16 rows=973 width=0)
	              Index Cond: ((id >= 3112409) AND (id <= 3113408))

table 8 : explain SELECT c FROM sbtest8 WHERE id BETWEEN 66896 AND 67895 ORDER BY c
	Sort  (cost=4211.22..4213.91 rows=1077 width=121)
	  Sort Key: c
	  ->  Bitmap Heap Scan on sbtest8  (cost=27.47..4156.97 rows=1077 width=121)
	        Recheck Cond: ((id >= 66896) AND (id <= 67895))
	        ->  Bitmap Index Scan on sbtest8_pkey  (cost=0.00..27.20 rows=1077 width=0)
	              Index Cond: ((id >= 66896) AND (id <= 67895))

explain: for point_selects :: explain SELECT c FROM sbtest%u WHERE id=%u
for: distinct_ranges
table 1 : explain SELECT DISTINCT c FROM sbtest1 WHERE id BETWEEN 5590283 AND 5591282 ORDER BY c
	Unique  (cost=4656.39..4662.37 rows=1196 width=121)
	  ->  Sort  (cost=4656.39..4659.38 rows=1196 width=121)
	        Sort Key: c
	        ->  Bitmap Heap Scan on sbtest1  (cost=28.69..4595.25 rows=1196 width=121)
	              Recheck Cond: ((id >= 5590283) AND (id <= 5591282))
	              ->  Bitmap Index Scan on sbtest1_pkey  (cost=0.00..28.39 rows=1196 width=0)
	                    Index Cond: ((id >= 5590283) AND (id <= 5591282))

table 2 : explain SELECT DISTINCT c FROM sbtest2 WHERE id BETWEEN 4539922 AND 4540921 ORDER BY c
	Unique  (cost=3600.63..3605.23 rows=919 width=121)
	  ->  Sort  (cost=3600.63..3602.93 rows=919 width=121)
	        Sort Key: c
	        ->  Bitmap Heap Scan on sbtest2  (cost=21.85..3555.40 rows=919 width=121)
	              Recheck Cond: ((id >= 4539922) AND (id <= 4540921))
	              ->  Bitmap Index Scan on sbtest2_pkey  (cost=0.00..21.62 rows=919 width=0)
	                    Index Cond: ((id >= 4539922) AND (id <= 4540921))

table 3 : explain SELECT DISTINCT c FROM sbtest3 WHERE id BETWEEN 3259844 AND 3260843 ORDER BY c
	Unique  (cost=4120.83..4126.10 rows=1055 width=121)
	  ->  Sort  (cost=4120.83..4123.47 rows=1055 width=121)
	        Sort Key: c
	        ->  Bitmap Heap Scan on sbtest3  (cost=23.25..4067.85 rows=1055 width=121)
	              Recheck Cond: ((id >= 3259844) AND (id <= 3260843))
	              ->  Bitmap Index Scan on sbtest3_pkey  (cost=0.00..22.98 rows=1055 width=0)
	                    Index Cond: ((id >= 3259844) AND (id <= 3260843))

table 4 : explain SELECT DISTINCT c FROM sbtest4 WHERE id BETWEEN 3620164 AND 3621163 ORDER BY c
	Unique  (cost=4015.11..4020.24 rows=1027 width=121)
	  ->  Sort  (cost=4015.11..4017.67 rows=1027 width=121)
	        Sort Key: c
	        ->  Bitmap Heap Scan on sbtest4  (cost=22.96..3963.73 rows=1027 width=121)
	              Recheck Cond: ((id >= 3620164) AND (id <= 3621163))
	              ->  Bitmap Index Scan on sbtest4_pkey  (cost=0.00..22.70 rows=1027 width=0)
	                    Index Cond: ((id >= 3620164) AND (id <= 3621163))

table 5 : explain SELECT DISTINCT c FROM sbtest5 WHERE id BETWEEN 7708221 AND 7709220 ORDER BY c
	Unique  (cost=4221.31..4226.72 rows=1081 width=121)
	  ->  Sort  (cost=4221.31..4224.01 rows=1081 width=121)
	        Sort Key: c
	        ->  Bitmap Heap Scan on sbtest5  (cost=23.52..4166.84 rows=1081 width=121)
	              Recheck Cond: ((id >= 7708221) AND (id <= 7709220))
	              ->  Bitmap Index Scan on sbtest5_pkey  (cost=0.00..23.25 rows=1081 width=0)
	                    Index Cond: ((id >= 7708221) AND (id <= 7709220))

table 6 : explain SELECT DISTINCT c FROM sbtest6 WHERE id BETWEEN 5573898 AND 5574897 ORDER BY c
	Unique  (cost=3747.40..3752.19 rows=957 width=121)
	  ->  Sort  (cost=3747.40..3749.80 rows=957 width=121)
	        Sort Key: c
	        ->  Bitmap Heap Scan on sbtest6  (cost=22.24..3700.02 rows=957 width=121)
	              Recheck Cond: ((id >= 5573898) AND (id <= 5574897))
	              ->  Bitmap Index Scan on sbtest6_pkey  (cost=0.00..22.00 rows=957 width=0)
	                    Index Cond: ((id >= 5573898) AND (id <= 5574897))

table 7 : explain SELECT DISTINCT c FROM sbtest7 WHERE id BETWEEN 873884 AND 874883 ORDER BY c
	Unique  (cost=4023.90..4029.05 rows=1029 width=121)
	  ->  Sort  (cost=4023.90..4026.47 rows=1029 width=121)
	        Sort Key: c
	        ->  Bitmap Heap Scan on sbtest7  (cost=22.98..3972.41 rows=1029 width=121)
	              Recheck Cond: ((id >= 873884) AND (id <= 874883))
	              ->  Bitmap Index Scan on sbtest7_pkey  (cost=0.00..22.72 rows=1029 width=0)
	                    Index Cond: ((id >= 873884) AND (id <= 874883))

table 8 : explain SELECT DISTINCT c FROM sbtest8 WHERE id BETWEEN 409387 AND 410386 ORDER BY c
	Unique  (cost=4146.31..4151.61 rows=1060 width=121)
	  ->  Sort  (cost=4146.31..4148.96 rows=1060 width=121)
	        Sort Key: c
	        ->  Bitmap Heap Scan on sbtest8  (cost=27.30..4093.05 rows=1060 width=121)
	              Recheck Cond: ((id >= 409387) AND (id <= 410386))
	              ->  Bitmap Index Scan on sbtest8_pkey  (cost=0.00..27.04 rows=1060 width=0)
	                    Index Cond: ((id >= 409387) AND (id <= 410386))

explain: for point_selects :: explain SELECT c FROM sbtest%u WHERE id=%u
explain: for point_selects :: explain SELECT c FROM sbtest%u WHERE id=%u
for: distinct_ranges
table 1 : explain SELECT DISTINCT c FROM sbtest1 WHERE id BETWEEN 6516744 AND 6517743 ORDER BY c
	Unique  (cost=4077.50..4082.72 rows=1044 width=121)
	  ->  Sort  (cost=4077.50..4080.11 rows=1044 width=121)
	        Sort Key: c
	        ->  Bitmap Heap Scan on sbtest1  (cost=23.14..4025.15 rows=1044 width=121)
	              Recheck Cond: ((id >= 6516744) AND (id <= 6517743))
	              ->  Bitmap Index Scan on sbtest1_pkey  (cost=0.00..22.87 rows=1044 width=0)
	                    Index Cond: ((id >= 6516744) AND (id <= 6517743))

table 2 : explain SELECT DISTINCT c FROM sbtest2 WHERE id BETWEEN 9738180 AND 9739179 ORDER BY c
	Unique  (cost=3608.30..3612.90 rows=921 width=121)
	  ->  Sort  (cost=3608.30..3610.60 rows=921 width=121)
	        Sort Key: c
	        ->  Bitmap Heap Scan on sbtest2  (cost=21.88..3562.95 rows=921 width=121)
	              Recheck Cond: ((id >= 9738180) AND (id <= 9739179))
	              ->  Bitmap Index Scan on sbtest2_pkey  (cost=0.00..21.64 rows=921 width=0)
	                    Index Cond: ((id >= 9738180) AND (id <= 9739179))

table 3 : explain SELECT DISTINCT c FROM sbtest3 WHERE id BETWEEN 6132011 AND 6133010 ORDER BY c
	Unique  (cost=4395.57..4401.20 rows=1127 width=121)
	  ->  Sort  (cost=4395.57..4398.38 rows=1127 width=121)
	        Sort Key: c
	        ->  Bitmap Heap Scan on sbtest3  (cost=27.99..4338.44 rows=1127 width=121)
	              Recheck Cond: ((id >= 6132011) AND (id <= 6133010))
	              ->  Bitmap Index Scan on sbtest3_pkey  (cost=0.00..27.70 rows=1127 width=0)
	                    Index Cond: ((id >= 6132011) AND (id <= 6133010))

table 4 : explain SELECT DISTINCT c FROM sbtest4 WHERE id BETWEEN 6474805 AND 6475804 ORDER BY c
	Unique  (cost=3950.13..3955.18 rows=1010 width=121)
	  ->  Sort  (cost=3950.13..3952.65 rows=1010 width=121)
	        Sort Key: c
	        ->  Bitmap Heap Scan on sbtest4  (cost=22.79..3899.73 rows=1010 width=121)
	              Recheck Cond: ((id >= 6474805) AND (id <= 6475804))
	              ->  Bitmap Index Scan on sbtest4_pkey  (cost=0.00..22.54 rows=1010 width=0)
	                    Index Cond: ((id >= 6474805) AND (id <= 6475804))

table 5 : explain SELECT DISTINCT c FROM sbtest5 WHERE id BETWEEN 1886733 AND 1887732 ORDER BY c
	Unique  (cost=3808.60..3813.47 rows=973 width=121)
	  ->  Sort  (cost=3808.60..3811.03 rows=973 width=121)
	        Sort Key: c
	        ->  Bitmap Heap Scan on sbtest5  (cost=22.41..3760.31 rows=973 width=121)
	              Recheck Cond: ((id >= 1886733) AND (id <= 1887732))
	              ->  Bitmap Index Scan on sbtest5_pkey  (cost=0.00..22.16 rows=973 width=0)
	                    Index Cond: ((id >= 1886733) AND (id <= 1887732))

table 6 : explain SELECT DISTINCT c FROM sbtest6 WHERE id BETWEEN 7812560 AND 7813559 ORDER BY c
	Unique  (cost=3950.22..3955.27 rows=1010 width=121)
	  ->  Sort  (cost=3950.22..3952.75 rows=1010 width=121)
	        Sort Key: c
	        ->  Bitmap Heap Scan on sbtest6  (cost=22.79..3899.82 rows=1010 width=121)
	              Recheck Cond: ((id >= 7812560) AND (id <= 7813559))
	              ->  Bitmap Index Scan on sbtest6_pkey  (cost=0.00..22.54 rows=1010 width=0)
	                    Index Cond: ((id >= 7812560) AND (id <= 7813559))

table 7 : explain SELECT DISTINCT c FROM sbtest7 WHERE id BETWEEN 8751452 AND 8752451 ORDER BY c
	Unique  (cost=3426.06..3430.43 rows=873 width=121)
	  ->  Sort  (cost=3426.06..3428.24 rows=873 width=121)
	        Sort Key: c
	        ->  Bitmap Heap Scan on sbtest7  (cost=21.38..3383.42 rows=873 width=121)
	              Recheck Cond: ((id >= 8751452) AND (id <= 8752451))
	              ->  Bitmap Index Scan on sbtest7_pkey  (cost=0.00..21.16 rows=873 width=0)
	                    Index Cond: ((id >= 8751452) AND (id <= 8752451))

table 8 : explain SELECT DISTINCT c FROM sbtest8 WHERE id BETWEEN 4344990 AND 4345989 ORDER BY c
	Unique  (cost=3771.30..3776.12 rows=963 width=121)
	  ->  Sort  (cost=3771.30..3773.71 rows=963 width=121)
	        Sort Key: c
	        ->  Bitmap Heap Scan on sbtest8  (cost=22.31..3723.58 rows=963 width=121)
	              Recheck Cond: ((id >= 4344990) AND (id <= 4345989))
	              ->  Bitmap Index Scan on sbtest8_pkey  (cost=0.00..22.07 rows=963 width=0)
	                    Index Cond: ((id >= 4344990) AND (id <= 4345989))

for point_selects
table 1 : explain SELECT c FROM sbtest1 WHERE id=234632
	Index Scan using sbtest1_pkey on sbtest1  (cost=0.43..8.45 rows=1 width=121)
	  Index Cond: (id = 234632)

table 2 : explain SELECT c FROM sbtest2 WHERE id=3743211
	Index Scan using sbtest2_pkey on sbtest2  (cost=0.43..8.45 rows=1 width=121)
	  Index Cond: (id = 3743211)

table 3 : explain SELECT c FROM sbtest3 WHERE id=8867173
	Index Scan using sbtest3_pkey on sbtest3  (cost=0.43..8.45 rows=1 width=121)
	  Index Cond: (id = 8867173)

table 4 : explain SELECT c FROM sbtest4 WHERE id=4733615
	Index Scan using sbtest4_pkey on sbtest4  (cost=0.43..8.45 rows=1 width=121)
	  Index Cond: (id = 4733615)

table 5 : explain SELECT c FROM sbtest5 WHERE id=9771861
	Index Scan using sbtest5_pkey on sbtest5  (cost=0.43..8.45 rows=1 width=121)
	  Index Cond: (id = 9771861)

table 6 : explain SELECT c FROM sbtest6 WHERE id=5764832
	Index Scan using sbtest6_pkey on sbtest6  (cost=0.43..8.45 rows=1 width=121)
	  Index Cond: (id = 5764832)

table 7 : explain SELECT c FROM sbtest7 WHERE id=9188209
	Index Scan using sbtest7_pkey on sbtest7  (cost=0.43..8.45 rows=1 width=121)
	  Index Cond: (id = 9188209)

table 8 : explain SELECT c FROM sbtest8 WHERE id=6195413
	Index Scan using sbtest8_pkey on sbtest8  (cost=0.43..8.45 rows=1 width=121)
	  Index Cond: (id = 6195413)

for point_selects
table 1 : explain SELECT c FROM sbtest1 WHERE id=7275564
	Index Scan using sbtest1_pkey on sbtest1  (cost=0.43..8.45 rows=1 width=121)
	  Index Cond: (id = 7275564)

table 2 : explain SELECT c FROM sbtest2 WHERE id=466804
	Index Scan using sbtest2_pkey on sbtest2  (cost=0.43..8.45 rows=1 width=121)
	  Index Cond: (id = 466804)

table 3 : explain SELECT c FROM sbtest3 WHERE id=4127729
	Index Scan using sbtest3_pkey on sbtest3  (cost=0.43..8.45 rows=1 width=121)
	  Index Cond: (id = 4127729)

table 4 : explain SELECT c FROM sbtest4 WHERE id=4762358
	Index Scan using sbtest4_pkey on sbtest4  (cost=0.43..8.45 rows=1 width=121)
	  Index Cond: (id = 4762358)

table 5 : explain SELECT c FROM sbtest5 WHERE id=316852
	Index Scan using sbtest5_pkey on sbtest5  (cost=0.43..8.45 rows=1 width=121)
	  Index Cond: (id = 316852)

table 6 : explain SELECT c FROM sbtest6 WHERE id=7657263
	Index Scan using sbtest6_pkey on sbtest6  (cost=0.43..8.45 rows=1 width=121)
	  Index Cond: (id = 7657263)

table 7 : explain SELECT c FROM sbtest7 WHERE id=5774406
	Index Scan using sbtest7_pkey on sbtest7  (cost=0.43..8.45 rows=1 width=121)
	  Index Cond: (id = 5774406)

table 8 : explain SELECT c FROM sbtest8 WHERE id=699037
	Index Scan using sbtest8_pkey on sbtest8  (cost=0.43..8.45 rows=1 width=121)
	  Index Cond: (id = 699037)

explain: for point_selects :: explain SELECT c FROM sbtest%u WHERE id=%u
for point_selects
table 1 : explain SELECT c FROM sbtest1 WHERE id=8954854
	Index Scan using sbtest1_pkey on sbtest1  (cost=0.43..8.45 rows=1 width=121)
	  Index Cond: (id = 8954854)

table 2 : explain SELECT c FROM sbtest2 WHERE id=570050
	Index Scan using sbtest2_pkey on sbtest2  (cost=0.43..8.45 rows=1 width=121)
	  Index Cond: (id = 570050)

table 3 : explain SELECT c FROM sbtest3 WHERE id=5427742
	Index Scan using sbtest3_pkey on sbtest3  (cost=0.43..8.45 rows=1 width=121)
	  Index Cond: (id = 5427742)

table 4 : explain SELECT c FROM sbtest4 WHERE id=7955699
	Index Scan using sbtest4_pkey on sbtest4  (cost=0.43..8.45 rows=1 width=121)
	  Index Cond: (id = 7955699)

table 5 : explain SELECT c FROM sbtest5 WHERE id=5089730
	Index Scan using sbtest5_pkey on sbtest5  (cost=0.43..8.45 rows=1 width=121)
	  Index Cond: (id = 5089730)

table 6 : explain SELECT c FROM sbtest6 WHERE id=5332666
	Index Scan using sbtest6_pkey on sbtest6  (cost=0.43..8.45 rows=1 width=121)
	  Index Cond: (id = 5332666)

table 7 : explain SELECT c FROM sbtest7 WHERE id=2164742
	Index Scan using sbtest7_pkey on sbtest7  (cost=0.43..8.45 rows=1 width=121)
	  Index Cond: (id = 2164742)

table 8 : explain SELECT c FROM sbtest8 WHERE id=8116097
	Index Scan using sbtest8_pkey on sbtest8  (cost=0.43..8.45 rows=1 width=121)
	  Index Cond: (id = 8116097)

for point_selects
table 1 : explain SELECT c FROM sbtest1 WHERE id=7304286
	Index Scan using sbtest1_pkey on sbtest1  (cost=0.43..8.45 rows=1 width=121)
	  Index Cond: (id = 7304286)

table 2 : explain SELECT c FROM sbtest2 WHERE id=3660246
	Index Scan using sbtest2_pkey on sbtest2  (cost=0.43..8.45 rows=1 width=121)
	  Index Cond: (id = 3660246)

table 3 : explain SELECT c FROM sbtest3 WHERE id=764291
	Index Scan using sbtest3_pkey on sbtest3  (cost=0.43..8.45 rows=1 width=121)
	  Index Cond: (id = 764291)

table 4 : explain SELECT c FROM sbtest4 WHERE id=1512357
	Index Scan using sbtest4_pkey on sbtest4  (cost=0.43..8.45 rows=1 width=121)
	  Index Cond: (id = 1512357)

table 5 : explain SELECT c FROM sbtest5 WHERE id=6390711
	Index Scan using sbtest5_pkey on sbtest5  (cost=0.43..8.45 rows=1 width=121)
	  Index Cond: (id = 6390711)

table 6 : explain SELECT c FROM sbtest6 WHERE id=2357665
	Index Scan using sbtest6_pkey on sbtest6  (cost=0.43..8.45 rows=1 width=121)
	  Index Cond: (id = 2357665)

table 7 : explain SELECT c FROM sbtest7 WHERE id=2276153
	Index Scan using sbtest7_pkey on sbtest7  (cost=0.43..8.45 rows=1 width=121)
	  Index Cond: (id = 2276153)

table 8 : explain SELECT c FROM sbtest8 WHERE id=2244344
	Index Scan using sbtest8_pkey on sbtest8  (cost=0.43..8.45 rows=1 width=121)
	  Index Cond: (id = 2244344)

for: simple_ranges
table 1 : explain SELECT c FROM sbtest1 WHERE id BETWEEN 7125327 AND 7126326
	Bitmap Heap Scan on sbtest1  (cost=23.57..4182.89 rows=1086 width=121)
	  Recheck Cond: ((id >= 7125327) AND (id <= 7126326))
	  ->  Bitmap Index Scan on sbtest1_pkey  (cost=0.00..23.29 rows=1086 width=0)
	        Index Cond: ((id >= 7125327) AND (id <= 7126326))

table 2 : explain SELECT c FROM sbtest2 WHERE id BETWEEN 6947949 AND 6948948
	Bitmap Heap Scan on sbtest2  (cost=21.43..3400.45 rows=878 width=121)
	  Recheck Cond: ((id >= 6947949) AND (id <= 6948948))
	  ->  Bitmap Index Scan on sbtest2_pkey  (cost=0.00..21.21 rows=878 width=0)
	        Index Cond: ((id >= 6947949) AND (id <= 6948948))

table 3 : explain SELECT c FROM sbtest3 WHERE id BETWEEN 1400844 AND 1401843
	Bitmap Heap Scan on sbtest3  (cost=28.19..4413.41 rows=1147 width=121)
	  Recheck Cond: ((id >= 1400844) AND (id <= 1401843))
	  ->  Bitmap Index Scan on sbtest3_pkey  (cost=0.00..27.90 rows=1147 width=0)
	        Index Cond: ((id >= 1400844) AND (id <= 1401843))

table 4 : explain SELECT c FROM sbtest4 WHERE id BETWEEN 9032143 AND 9033142
	Bitmap Heap Scan on sbtest4  (cost=22.15..3665.97 rows=948 width=121)
	  Recheck Cond: ((id >= 9032143) AND (id <= 9033142))
	  ->  Bitmap Index Scan on sbtest4_pkey  (cost=0.00..21.91 rows=948 width=0)
	        Index Cond: ((id >= 9032143) AND (id <= 9033142))

table 5 : explain SELECT c FROM sbtest5 WHERE id BETWEEN 41997 AND 42996
	Bitmap Heap Scan on sbtest5  (cost=21.73..3511.13 rows=907 width=121)
	  Recheck Cond: ((id >= 41997) AND (id <= 42996))
	  ->  Bitmap Index Scan on sbtest5_pkey  (cost=0.00..21.50 rows=907 width=0)
	        Index Cond: ((id >= 41997) AND (id <= 42996))

table 6 : explain SELECT c FROM sbtest6 WHERE id BETWEEN 5598104 AND 5599103
	Bitmap Heap Scan on sbtest6  (cost=22.24..3700.02 rows=957 width=121)
	  Recheck Cond: ((id >= 5598104) AND (id <= 5599103))
	  ->  Bitmap Index Scan on sbtest6_pkey  (cost=0.00..22.00 rows=957 width=0)
	        Index Cond: ((id >= 5598104) AND (id <= 5599103))

table 7 : explain SELECT c FROM sbtest7 WHERE id BETWEEN 5613182 AND 5614181
	Bitmap Heap Scan on sbtest7  (cost=21.00..3243.24 rows=836 width=121)
	  Recheck Cond: ((id >= 5613182) AND (id <= 5614181))
	  ->  Bitmap Index Scan on sbtest7_pkey  (cost=0.00..20.79 rows=836 width=0)
	        Index Cond: ((id >= 5613182) AND (id <= 5614181))

table 8 : explain SELECT c FROM sbtest8 WHERE id BETWEEN 5690368 AND 5691367
	Bitmap Heap Scan on sbtest8  (cost=27.42..4138.18 rows=1072 width=121)
	  Recheck Cond: ((id >= 5690368) AND (id <= 5691367))
	  ->  Bitmap Index Scan on sbtest8_pkey  (cost=0.00..27.15 rows=1072 width=0)
	        Index Cond: ((id >= 5690368) AND (id <= 5691367))

for: simple_ranges
table 1 : explain SELECT c FROM sbtest1 WHERE id BETWEEN 4136774 AND 4137773
	Bitmap Heap Scan on sbtest1  (cost=21.90..3569.45 rows=923 width=121)
	  Recheck Cond: ((id >= 4136774) AND (id <= 4137773))
	  ->  Bitmap Index Scan on sbtest1_pkey  (cost=0.00..21.66 rows=923 width=0)
	        Index Cond: ((id >= 4136774) AND (id <= 4137773))

table 2 : explain SELECT c FROM sbtest2 WHERE id BETWEEN 1419636 AND 1420635
	Bitmap Heap Scan on sbtest2  (cost=22.66..3853.32 rows=998 width=121)
	  Recheck Cond: ((id >= 1419636) AND (id <= 1420635))
	  ->  Bitmap Index Scan on sbtest2_pkey  (cost=0.00..22.41 rows=998 width=0)
	        Index Cond: ((id >= 1419636) AND (id <= 1420635))

table 3 : explain SELECT c FROM sbtest3 WHERE id BETWEEN 5200004 AND 5201003
	Bitmap Heap Scan on sbtest3  (cost=23.38..4116.71 rows=1068 width=121)
	  Recheck Cond: ((id >= 5200004) AND (id <= 5201003))
	  ->  Bitmap Index Scan on sbtest3_pkey  (cost=0.00..23.11 rows=1068 width=0)
	        Index Cond: ((id >= 5200004) AND (id <= 5201003))

table 4 : explain SELECT c FROM sbtest4 WHERE id BETWEEN 8387248 AND 8388247
	Bitmap Heap Scan on sbtest4  (cost=23.43..4136.75 rows=1073 width=121)
	  Recheck Cond: ((id >= 8387248) AND (id <= 8388247))
	  ->  Bitmap Index Scan on sbtest4_pkey  (cost=0.00..23.16 rows=1073 width=0)
	        Index Cond: ((id >= 8387248) AND (id <= 8388247))

table 5 : explain SELECT c FROM sbtest5 WHERE id BETWEEN 1118258 AND 1119257
	Bitmap Heap Scan on sbtest5  (cost=23.27..4076.63 rows=1057 width=121)
	  Recheck Cond: ((id >= 1118258) AND (id <= 1119257))
	  ->  Bitmap Index Scan on sbtest5_pkey  (cost=0.00..23.00 rows=1057 width=0)
	        Index Cond: ((id >= 1118258) AND (id <= 1119257))

table 6 : explain SELECT c FROM sbtest6 WHERE id BETWEEN 7537011 AND 7538010
	Bitmap Heap Scan on sbtest6  (cost=22.16..3669.83 rows=949 width=121)
	  Recheck Cond: ((id >= 7537011) AND (id <= 7538010))
	  ->  Bitmap Index Scan on sbtest6_pkey  (cost=0.00..21.93 rows=949 width=0)
	        Index Cond: ((id >= 7537011) AND (id <= 7538010))

table 7 : explain SELECT c FROM sbtest7 WHERE id BETWEEN 7892813 AND 7893812
	Bitmap Heap Scan on sbtest7  (cost=22.18..3678.31 rows=951 width=121)
	  Recheck Cond: ((id >= 7892813) AND (id <= 7893812))
	  ->  Bitmap Index Scan on sbtest7_pkey  (cost=0.00..21.94 rows=951 width=0)
	        Index Cond: ((id >= 7892813) AND (id <= 7893812))

table 8 : explain SELECT c FROM sbtest8 WHERE id BETWEEN 9089951 AND 9090950
	Bitmap Heap Scan on sbtest8  (cost=21.92..3580.07 rows=925 width=121)
	  Recheck Cond: ((id >= 9089951) AND (id <= 9090950))
	  ->  Bitmap Index Scan on sbtest8_pkey  (cost=0.00..21.68 rows=925 width=0)
	        Index Cond: ((id >= 9089951) AND (id <= 9090950))

explain: for point_selects :: explain SELECT c FROM sbtest%u WHERE id=%u
for: simple_ranges
table 1 : explain SELECT c FROM sbtest1 WHERE id BETWEEN 7697638 AND 7698637
	Bitmap Heap Scan on sbtest1  (cost=22.92..3946.20 rows=1023 width=121)
	  Recheck Cond: ((id >= 7697638) AND (id <= 7698637))
	  ->  Bitmap Index Scan on sbtest1_pkey  (cost=0.00..22.66 rows=1023 width=0)
	        Index Cond: ((id >= 7697638) AND (id <= 7698637))

table 2 : explain SELECT c FROM sbtest2 WHERE id BETWEEN 6017741 AND 6018740
	Bitmap Heap Scan on sbtest2  (cost=22.16..3668.63 rows=949 width=121)
	  Recheck Cond: ((id >= 6017741) AND (id <= 6018740))
	  ->  Bitmap Index Scan on sbtest2_pkey  (cost=0.00..21.93 rows=949 width=0)
	        Index Cond: ((id >= 6017741) AND (id <= 6018740))

table 3 : explain SELECT c FROM sbtest3 WHERE id BETWEEN 1283079 AND 1284078
	Bitmap Heap Scan on sbtest3  (cost=23.53..4169.29 rows=1082 width=121)
	  Recheck Cond: ((id >= 1283079) AND (id <= 1284078))
	  ->  Bitmap Index Scan on sbtest3_pkey  (cost=0.00..23.25 rows=1082 width=0)
	        Index Cond: ((id >= 1283079) AND (id <= 1284078))

table 4 : explain SELECT c FROM sbtest4 WHERE id BETWEEN 6823908 AND 6824907
	Bitmap Heap Scan on sbtest4  (cost=23.52..4166.81 rows=1081 width=121)
	  Recheck Cond: ((id >= 6823908) AND (id <= 6824907))
	  ->  Bitmap Index Scan on sbtest4_pkey  (cost=0.00..23.25 rows=1081 width=0)
	        Index Cond: ((id >= 6823908) AND (id <= 6824907))

table 5 : explain SELECT c FROM sbtest5 WHERE id BETWEEN 4015561 AND 4016560
	Bitmap Heap Scan on sbtest5  (cost=22.87..3929.88 rows=1018 width=121)
	  Recheck Cond: ((id >= 4015561) AND (id <= 4016560))
	  ->  Bitmap Index Scan on sbtest5_pkey  (cost=0.00..22.61 rows=1018 width=0)
	        Index Cond: ((id >= 4015561) AND (id <= 4016560))

table 6 : explain SELECT c FROM sbtest6 WHERE id BETWEEN 1830228 AND 1831227
	Bitmap Heap Scan on sbtest6  (cost=28.02..4351.16 rows=1130 width=121)
	  Recheck Cond: ((id >= 1830228) AND (id <= 1831227))
	  ->  Bitmap Index Scan on sbtest6_pkey  (cost=0.00..27.73 rows=1130 width=0)
	        Index Cond: ((id >= 1830228) AND (id <= 1831227))

table 7 : explain SELECT c FROM sbtest7 WHERE id BETWEEN 6189413 AND 6190412
	Bitmap Heap Scan on sbtest7  (cost=22.92..3949.82 rows=1023 width=121)
	  Recheck Cond: ((id >= 6189413) AND (id <= 6190412))
	  ->  Bitmap Index Scan on sbtest7_pkey  (cost=0.00..22.66 rows=1023 width=0)
	        Index Cond: ((id >= 6189413) AND (id <= 6190412))

table 8 : explain SELECT c FROM sbtest8 WHERE id BETWEEN 6129681 AND 6130680
	Bitmap Heap Scan on sbtest8  (cost=23.02..3987.44 rows=1033 width=121)
	  Recheck Cond: ((id >= 6129681) AND (id <= 6130680))
	  ->  Bitmap Index Scan on sbtest8_pkey  (cost=0.00..22.76 rows=1033 width=0)
	        Index Cond: ((id >= 6129681) AND (id <= 6130680))

for: simple_ranges
table 1 : explain SELECT c FROM sbtest1 WHERE id BETWEEN 2677936 AND 2678935
	Bitmap Heap Scan on sbtest1  (cost=22.47..3780.59 rows=979 width=121)
	  Recheck Cond: ((id >= 2677936) AND (id <= 2678935))
	  ->  Bitmap Index Scan on sbtest1_pkey  (cost=0.00..22.22 rows=979 width=0)
	        Index Cond: ((id >= 2677936) AND (id <= 2678935))

table 2 : explain SELECT c FROM sbtest2 WHERE id BETWEEN 9015256 AND 9016255
	Bitmap Heap Scan on sbtest2  (cost=22.06..3630.90 rows=939 width=121)
	  Recheck Cond: ((id >= 9015256) AND (id <= 9016255))
	  ->  Bitmap Index Scan on sbtest2_pkey  (cost=0.00..21.82 rows=939 width=0)
	        Index Cond: ((id >= 9015256) AND (id <= 9016255))

table 3 : explain SELECT c FROM sbtest3 WHERE id BETWEEN 8652544 AND 8653543
	Bitmap Heap Scan on sbtest3  (cost=22.49..3789.35 rows=981 width=121)
	  Recheck Cond: ((id >= 8652544) AND (id <= 8653543))
	  ->  Bitmap Index Scan on sbtest3_pkey  (cost=0.00..22.25 rows=981 width=0)
	        Index Cond: ((id >= 8652544) AND (id <= 8653543))

table 4 : explain SELECT c FROM sbtest4 WHERE id BETWEEN 5809508 AND 5810507
	Bitmap Heap Scan on sbtest4  (cost=22.36..3741.43 rows=968 width=121)
	  Recheck Cond: ((id >= 5809508) AND (id <= 5810507))
	  ->  Bitmap Index Scan on sbtest4_pkey  (cost=0.00..22.11 rows=968 width=0)
	        Index Cond: ((id >= 5809508) AND (id <= 5810507))

table 5 : explain SELECT c FROM sbtest5 WHERE id BETWEEN 3300093 AND 3301092
	Bitmap Heap Scan on sbtest5  (cost=23.07..4005.16 rows=1038 width=121)
	  Recheck Cond: ((id >= 3300093) AND (id <= 3301092))
	  ->  Bitmap Index Scan on sbtest5_pkey  (cost=0.00..22.82 rows=1038 width=0)
	        Index Cond: ((id >= 3300093) AND (id <= 3301092))

table 6 : explain SELECT c FROM sbtest6 WHERE id BETWEEN 2379437 AND 2380436
	Bitmap Heap Scan on sbtest6  (cost=27.67..4227.27 rows=1096 width=121)
	  Recheck Cond: ((id >= 2379437) AND (id <= 2380436))
	  ->  Bitmap Index Scan on sbtest6_pkey  (cost=0.00..27.39 rows=1096 width=0)
	        Index Cond: ((id >= 2379437) AND (id <= 2380436))

table 7 : explain SELECT c FROM sbtest7 WHERE id BETWEEN 2203542 AND 2204541
	Bitmap Heap Scan on sbtest7  (cost=22.80..3904.61 rows=1011 width=121)
	  Recheck Cond: ((id >= 2203542) AND (id <= 2204541))
	  ->  Bitmap Index Scan on sbtest7_pkey  (cost=0.00..22.54 rows=1011 width=0)
	        Index Cond: ((id >= 2203542) AND (id <= 2204541))

table 8 : explain SELECT c FROM sbtest8 WHERE id BETWEEN 1263900 AND 1264899
	Bitmap Heap Scan on sbtest8  (cost=22.79..3900.81 rows=1010 width=121)
	  Recheck Cond: ((id >= 1263900) AND (id <= 1264899))
	  ->  Bitmap Index Scan on sbtest8_pkey  (cost=0.00..22.54 rows=1010 width=0)
	        Index Cond: ((id >= 1263900) AND (id <= 1264899))

for point_selects
table 1 : explain SELECT c FROM sbtest1 WHERE id=3003149
	Index Scan using sbtest1_pkey on sbtest1  (cost=0.43..8.45 rows=1 width=121)
	  Index Cond: (id = 3003149)

table 2 : explain SELECT c FROM sbtest2 WHERE id=786750
	Index Scan using sbtest2_pkey on sbtest2  (cost=0.43..8.45 rows=1 width=121)
	  Index Cond: (id = 786750)

table 3 : explain SELECT c FROM sbtest3 WHERE id=6022409
	Index Scan using sbtest3_pkey on sbtest3  (cost=0.43..8.45 rows=1 width=121)
	  Index Cond: (id = 6022409)

table 4 : explain SELECT c FROM sbtest4 WHERE id=4036960
	Index Scan using sbtest4_pkey on sbtest4  (cost=0.43..8.45 rows=1 width=121)
	  Index Cond: (id = 4036960)

table 5 : explain SELECT c FROM sbtest5 WHERE id=4817533
	Index Scan using sbtest5_pkey on sbtest5  (cost=0.43..8.45 rows=1 width=121)
	  Index Cond: (id = 4817533)

table 6 : explain SELECT c FROM sbtest6 WHERE id=8942100
	Index Scan using sbtest6_pkey on sbtest6  (cost=0.43..8.45 rows=1 width=121)
	  Index Cond: (id = 8942100)

table 7 : explain SELECT c FROM sbtest7 WHERE id=4017403
	Index Scan using sbtest7_pkey on sbtest7  (cost=0.43..8.45 rows=1 width=121)
	  Index Cond: (id = 4017403)

table 8 : explain SELECT c FROM sbtest8 WHERE id=6380565
	Index Scan using sbtest8_pkey on sbtest8  (cost=0.43..8.45 rows=1 width=121)
	  Index Cond: (id = 6380565)

explain: for point_selects :: explain SELECT c FROM sbtest%u WHERE id=%u
for: sum_ranges
table 1 : explain SELECT SUM(k) FROM sbtest1 WHERE id BETWEEN 9015018 AND 9016017
	Aggregate  (cost=4174.33..4174.34 rows=1 width=8)
	  ->  Bitmap Heap Scan on sbtest1  (cost=23.54..4171.63 rows=1083 width=4)
	        Recheck Cond: ((id >= 9015018) AND (id <= 9016017))
	        ->  Bitmap Index Scan on sbtest1_pkey  (cost=0.00..23.26 rows=1083 width=0)
	              Index Cond: ((id >= 9015018) AND (id <= 9016017))

table 2 : explain SELECT SUM(k) FROM sbtest2 WHERE id BETWEEN 4188958 AND 4189957
	Aggregate  (cost=4017.75..4017.76 rows=1 width=8)
	  ->  Bitmap Heap Scan on sbtest2  (cost=23.11..4015.14 rows=1041 width=4)
	        Recheck Cond: ((id >= 4188958) AND (id <= 4189957))
	        ->  Bitmap Index Scan on sbtest2_pkey  (cost=0.00..22.84 rows=1041 width=0)
	              Index Cond: ((id >= 4188958) AND (id <= 4189957))

table 3 : explain SELECT SUM(k) FROM sbtest3 WHERE id BETWEEN 2316868 AND 2317867
	Aggregate  (cost=3603.10..3603.11 rows=1 width=8)
	  ->  Bitmap Heap Scan on sbtest3  (cost=21.98..3600.77 rows=931 width=4)
	        Recheck Cond: ((id >= 2316868) AND (id <= 2317867))
	        ->  Bitmap Index Scan on sbtest3_pkey  (cost=0.00..21.75 rows=931 width=0)
	              Index Cond: ((id >= 2316868) AND (id <= 2317867))

table 4 : explain SELECT SUM(k) FROM sbtest4 WHERE id BETWEEN 9664032 AND 9665031
	Aggregate  (cost=3890.94..3890.95 rows=1 width=8)
	  ->  Bitmap Heap Scan on sbtest4  (cost=22.76..3888.43 rows=1007 width=4)
	        Recheck Cond: ((id >= 9664032) AND (id <= 9665031))
	        ->  Bitmap Index Scan on sbtest4_pkey  (cost=0.00..22.50 rows=1007 width=0)
	              Index Cond: ((id >= 9664032) AND (id <= 9665031))

table 5 : explain SELECT SUM(k) FROM sbtest5 WHERE id BETWEEN 9594187 AND 9595186
	Aggregate  (cost=3792.93..3792.94 rows=1 width=8)
	  ->  Bitmap Heap Scan on sbtest5  (cost=22.49..3790.47 rows=981 width=4)
	        Recheck Cond: ((id >= 9594187) AND (id <= 9595186))
	        ->  Bitmap Index Scan on sbtest5_pkey  (cost=0.00..22.25 rows=981 width=0)
	              Index Cond: ((id >= 9594187) AND (id <= 9595186))

table 6 : explain SELECT SUM(k) FROM sbtest6 WHERE id BETWEEN 2540593 AND 2541592
	Aggregate  (cost=3883.50..3883.51 rows=1 width=8)
	  ->  Bitmap Heap Scan on sbtest6  (cost=22.74..3880.99 rows=1005 width=4)
	        Recheck Cond: ((id >= 2540593) AND (id <= 2541592))
	        ->  Bitmap Index Scan on sbtest6_pkey  (cost=0.00..22.48 rows=1005 width=0)
	              Index Cond: ((id >= 2540593) AND (id <= 2541592))

table 7 : explain SELECT SUM(k) FROM sbtest7 WHERE id BETWEEN 598411 AND 599410
	Aggregate  (cost=4201.08..4201.09 rows=1 width=8)
	  ->  Bitmap Heap Scan on sbtest7  (cost=27.59..4198.36 rows=1088 width=4)
	        Recheck Cond: ((id >= 598411) AND (id <= 599410))
	        ->  Bitmap Index Scan on sbtest7_pkey  (cost=0.00..27.32 rows=1088 width=0)
	              Index Cond: ((id >= 598411) AND (id <= 599410))

table 8 : explain SELECT SUM(k) FROM sbtest8 WHERE id BETWEEN 9045104 AND 9046103
	Aggregate  (cost=3582.39..3582.40 rows=1 width=8)
	  ->  Bitmap Heap Scan on sbtest8  (cost=21.92..3580.07 rows=925 width=4)
	        Recheck Cond: ((id >= 9045104) AND (id <= 9046103))
	        ->  Bitmap Index Scan on sbtest8_pkey  (cost=0.00..21.68 rows=925 width=0)
	              Index Cond: ((id >= 9045104) AND (id <= 9046103))

for: sum_ranges
table 1 : explain SELECT SUM(k) FROM sbtest1 WHERE id BETWEEN 1750384 AND 1751383
	Aggregate  (cost=3447.05..3447.06 rows=1 width=8)
	  ->  Bitmap Heap Scan on sbtest1  (cost=21.56..3444.82 rows=890 width=4)
	        Recheck Cond: ((id >= 1750384) AND (id <= 1751383))
	        ->  Bitmap Index Scan on sbtest1_pkey  (cost=0.00..21.33 rows=890 width=0)
	              Index Cond: ((id >= 1750384) AND (id <= 1751383))

table 2 : explain SELECT SUM(k) FROM sbtest2 WHERE id BETWEEN 1300546 AND 1301545
	Aggregate  (cost=3991.40..3991.41 rows=1 width=8)
	  ->  Bitmap Heap Scan on sbtest2  (cost=23.03..3988.82 rows=1034 width=4)
	        Recheck Cond: ((id >= 1300546) AND (id <= 1301545))
	        ->  Bitmap Index Scan on sbtest2_pkey  (cost=0.00..22.77 rows=1034 width=0)
	              Index Cond: ((id >= 1300546) AND (id <= 1301545))

table 3 : explain SELECT SUM(k) FROM sbtest3 WHERE id BETWEEN 7645572 AND 7646571
	Aggregate  (cost=4138.17..4138.18 rows=1 width=8)
	  ->  Bitmap Heap Scan on sbtest3  (cost=23.43..4135.49 rows=1073 width=4)
	        Recheck Cond: ((id >= 7645572) AND (id <= 7646571))
	        ->  Bitmap Index Scan on sbtest3_pkey  (cost=0.00..23.16 rows=1073 width=0)
	              Index Cond: ((id >= 7645572) AND (id <= 7646571))

table 4 : explain SELECT SUM(k) FROM sbtest4 WHERE id BETWEEN 8412902 AND 8413901
	Aggregate  (cost=3928.63..3928.64 rows=1 width=8)
	  ->  Bitmap Heap Scan on sbtest4  (cost=22.86..3926.09 rows=1017 width=4)
	        Recheck Cond: ((id >= 8412902) AND (id <= 8413901))
	        ->  Bitmap Index Scan on sbtest4_pkey  (cost=0.00..22.61 rows=1017 width=0)
	              Index Cond: ((id >= 8412902) AND (id <= 8413901))

table 5 : explain SELECT SUM(k) FROM sbtest5 WHERE id BETWEEN 2047935 AND 2048934
	Aggregate  (cost=4162.02..4162.03 rows=1 width=8)
	  ->  Bitmap Heap Scan on sbtest5  (cost=23.49..4159.32 rows=1079 width=4)
	        Recheck Cond: ((id >= 2047935) AND (id <= 2048934))
	        ->  Bitmap Index Scan on sbtest5_pkey  (cost=0.00..23.22 rows=1079 width=0)
	              Index Cond: ((id >= 2047935) AND (id <= 2048934))

table 6 : explain SELECT SUM(k) FROM sbtest6 WHERE id BETWEEN 3257521 AND 3258520
	Aggregate  (cost=3702.41..3702.42 rows=1 width=8)
	  ->  Bitmap Heap Scan on sbtest6  (cost=22.24..3700.02 rows=957 width=4)
	        Recheck Cond: ((id >= 3257521) AND (id <= 3258520))
	        ->  Bitmap Index Scan on sbtest6_pkey  (cost=0.00..22.00 rows=957 width=0)
	              Index Cond: ((id >= 3257521) AND (id <= 3258520))

table 7 : explain SELECT SUM(k) FROM sbtest7 WHERE id BETWEEN 6019388 AND 6020387
	Aggregate  (cost=3831.71..3831.72 rows=1 width=8)
	  ->  Bitmap Heap Scan on sbtest7  (cost=22.59..3829.23 rows=991 width=4)
	        Recheck Cond: ((id >= 6019388) AND (id <= 6020387))
	        ->  Bitmap Index Scan on sbtest7_pkey  (cost=0.00..22.34 rows=991 width=0)
	              Index Cond: ((id >= 6019388) AND (id <= 6020387))

table 8 : explain SELECT SUM(k) FROM sbtest8 WHERE id BETWEEN 5409637 AND 5410636
	Aggregate  (cost=3827.90..3827.91 rows=1 width=8)
	  ->  Bitmap Heap Scan on sbtest8  (cost=22.58..3825.43 rows=990 width=4)
	        Recheck Cond: ((id >= 5409637) AND (id <= 5410636))
	        ->  Bitmap Index Scan on sbtest8_pkey  (cost=0.00..22.33 rows=990 width=0)
	              Index Cond: ((id >= 5409637) AND (id <= 5410636))

for: sum_ranges
table 1 : explain SELECT SUM(k) FROM sbtest1 WHERE id BETWEEN 7670315 AND 7671314
	Aggregate  (cost=3918.65..3918.66 rows=1 width=8)
	  ->  Bitmap Heap Scan on sbtest1  (cost=22.84..3916.11 rows=1015 width=4)
	        Recheck Cond: ((id >= 7670315) AND (id <= 7671314))
	        ->  Bitmap Index Scan on sbtest1_pkey  (cost=0.00..22.58 rows=1015 width=0)
	              Index Cond: ((id >= 7670315) AND (id <= 7671314))

table 2 : explain SELECT SUM(k) FROM sbtest2 WHERE id BETWEEN 8072261 AND 8073260
	Aggregate  (cost=4108.02..4108.03 rows=1 width=8)
	  ->  Bitmap Heap Scan on sbtest2  (cost=23.35..4105.36 rows=1065 width=4)
	        Recheck Cond: ((id >= 8072261) AND (id <= 8073260))
	        ->  Bitmap Index Scan on sbtest2_pkey  (cost=0.00..23.08 rows=1065 width=0)
	              Index Cond: ((id >= 8072261) AND (id <= 8073260))

table 3 : explain SELECT SUM(k) FROM sbtest3 WHERE id BETWEEN 4107508 AND 4108507
	Aggregate  (cost=3765.40..3765.41 rows=1 width=8)
	  ->  Bitmap Heap Scan on sbtest3  (cost=22.42..3762.97 rows=974 width=4)
	        Recheck Cond: ((id >= 4107508) AND (id <= 4108507))
	        ->  Bitmap Index Scan on sbtest3_pkey  (cost=0.00..22.18 rows=974 width=0)
	              Index Cond: ((id >= 4107508) AND (id <= 4108507))

table 4 : explain SELECT SUM(k) FROM sbtest4 WHERE id BETWEEN 2202945 AND 2203944
	Aggregate  (cost=3988.90..3988.91 rows=1 width=8)
	  ->  Bitmap Heap Scan on sbtest4  (cost=23.02..3986.32 rows=1033 width=4)
	        Recheck Cond: ((id >= 2202945) AND (id <= 2203944))
	        ->  Bitmap Index Scan on sbtest4_pkey  (cost=0.00..22.76 rows=1033 width=0)
	              Index Cond: ((id >= 2202945) AND (id <= 2203944))

table 5 : explain SELECT SUM(k) FROM sbtest5 WHERE id BETWEEN 7103051 AND 7104050
	Aggregate  (cost=3973.86..3973.87 rows=1 width=8)
	  ->  Bitmap Heap Scan on sbtest5  (cost=22.98..3971.29 rows=1029 width=4)
	        Recheck Cond: ((id >= 7103051) AND (id <= 7104050))
	        ->  Bitmap Index Scan on sbtest5_pkey  (cost=0.00..22.72 rows=1029 width=0)
	              Index Cond: ((id >= 7103051) AND (id <= 7104050))

table 6 : explain SELECT SUM(k) FROM sbtest6 WHERE id BETWEEN 7800271 AND 7801270
	Aggregate  (cost=3902.35..3902.36 rows=1 width=8)
	  ->  Bitmap Heap Scan on sbtest6  (cost=22.79..3899.82 rows=1010 width=4)
	        Recheck Cond: ((id >= 7800271) AND (id <= 7801270))
	        ->  Bitmap Index Scan on sbtest6_pkey  (cost=0.00..22.54 rows=1010 width=0)
	              Index Cond: ((id >= 7800271) AND (id <= 7801270))

table 7 : explain SELECT SUM(k) FROM sbtest7 WHERE id BETWEEN 8330262 AND 8331261
	Aggregate  (cost=4140.90..4140.91 rows=1 width=8)
	  ->  Bitmap Heap Scan on sbtest7  (cost=27.42..4138.22 rows=1072 width=4)
	        Recheck Cond: ((id >= 8330262) AND (id <= 8331261))
	        ->  Bitmap Index Scan on sbtest7_pkey  (cost=0.00..27.15 rows=1072 width=0)
	              Index Cond: ((id >= 8330262) AND (id <= 8331261))

table 8 : explain SELECT SUM(k) FROM sbtest8 WHERE id BETWEEN 1522575 AND 1523574
	Aggregate  (cost=4170.95..4170.96 rows=1 width=8)
	  ->  Bitmap Heap Scan on sbtest8  (cost=27.50..4168.25 rows=1080 width=4)
	        Recheck Cond: ((id >= 1522575) AND (id <= 1523574))
	        ->  Bitmap Index Scan on sbtest8_pkey  (cost=0.00..27.23 rows=1080 width=0)
	              Index Cond: ((id >= 1522575) AND (id <= 1523574))

for: sum_ranges
table 1 : explain SELECT SUM(k) FROM sbtest1 WHERE id BETWEEN 204937 AND 205936
	Aggregate  (cost=3654.81..3654.82 rows=1 width=8)
	  ->  Bitmap Heap Scan on sbtest1  (cost=22.12..3652.45 rows=945 width=4)
	        Recheck Cond: ((id >= 204937) AND (id <= 205936))
	        ->  Bitmap Index Scan on sbtest1_pkey  (cost=0.00..21.89 rows=945 width=0)
	              Index Cond: ((id >= 204937) AND (id <= 205936))

table 2 : explain SELECT SUM(k) FROM sbtest2 WHERE id BETWEEN 2514081 AND 2515080
	Aggregate  (cost=3742.70..3742.71 rows=1 width=8)
	  ->  Bitmap Heap Scan on sbtest2  (cost=22.36..3740.28 rows=968 width=4)
	        Recheck Cond: ((id >= 2514081) AND (id <= 2515080))
	        ->  Bitmap Index Scan on sbtest2_pkey  (cost=0.00..22.11 rows=968 width=0)
	              Index Cond: ((id >= 2514081) AND (id <= 2515080))

table 3 : explain SELECT SUM(k) FROM sbtest3 WHERE id BETWEEN 3322818 AND 3323817
	Aggregate  (cost=3852.12..3852.13 rows=1 width=8)
	  ->  Bitmap Heap Scan on sbtest3  (cost=22.65..3849.63 rows=997 width=4)
	        Recheck Cond: ((id >= 3322818) AND (id <= 3323817))
	        ->  Bitmap Index Scan on sbtest3_pkey  (cost=0.00..22.40 rows=997 width=0)
	              Index Cond: ((id >= 3322818) AND (id <= 3323817))

table 4 : explain SELECT SUM(k) FROM sbtest4 WHERE id BETWEEN 202019 AND 203018
	Aggregate  (cost=3785.36..3785.37 rows=1 width=8)
	  ->  Bitmap Heap Scan on sbtest4  (cost=22.47..3782.91 rows=979 width=4)
	        Recheck Cond: ((id >= 202019) AND (id <= 203018))
	        ->  Bitmap Index Scan on sbtest4_pkey  (cost=0.00..22.22 rows=979 width=0)
	              Index Cond: ((id >= 202019) AND (id <= 203018))

table 5 : explain SELECT SUM(k) FROM sbtest5 WHERE id BETWEEN 900026 AND 901025
	Aggregate  (cost=3917.35..3917.36 rows=1 width=8)
	  ->  Bitmap Heap Scan on sbtest5  (cost=22.83..3914.82 rows=1014 width=4)
	        Recheck Cond: ((id >= 900026) AND (id <= 901025))
	        ->  Bitmap Index Scan on sbtest5_pkey  (cost=0.00..22.57 rows=1014 width=0)
	              Index Cond: ((id >= 900026) AND (id <= 901025))

table 6 : explain SELECT SUM(k) FROM sbtest6 WHERE id BETWEEN 3856238 AND 3857237
	Aggregate  (cost=3898.58..3898.59 rows=1 width=8)
	  ->  Bitmap Heap Scan on sbtest6  (cost=22.78..3896.06 rows=1009 width=4)
	        Recheck Cond: ((id >= 3856238) AND (id <= 3857237))
	        ->  Bitmap Index Scan on sbtest6_pkey  (cost=0.00..22.52 rows=1009 width=0)
	              Index Cond: ((id >= 3856238) AND (id <= 3857237))

table 7 : explain SELECT SUM(k) FROM sbtest7 WHERE id BETWEEN 2975419 AND 2976418
	Aggregate  (cost=4046.56..4046.57 rows=1 width=8)
	  ->  Bitmap Heap Scan on sbtest7  (cost=23.18..4043.94 rows=1048 width=4)
	        Recheck Cond: ((id >= 2975419) AND (id <= 2976418))
	        ->  Bitmap Index Scan on sbtest7_pkey  (cost=0.00..22.91 rows=1048 width=0)
	              Index Cond: ((id >= 2975419) AND (id <= 2976418))

table 8 : explain SELECT SUM(k) FROM sbtest8 WHERE id BETWEEN 8713558 AND 8714557
	Aggregate  (cost=3733.54..3733.55 rows=1 width=8)
	  ->  Bitmap Heap Scan on sbtest8  (cost=22.33..3731.13 rows=965 width=4)
	        Recheck Cond: ((id >= 8713558) AND (id <= 8714557))
	        ->  Bitmap Index Scan on sbtest8_pkey  (cost=0.00..22.08 rows=965 width=0)
	              Index Cond: ((id >= 8713558) AND (id <= 8714557))

for point_selects
table 1 : explain SELECT c FROM sbtest1 WHERE id=175401
	Index Scan using sbtest1_pkey on sbtest1  (cost=0.43..8.45 rows=1 width=121)
	  Index Cond: (id = 175401)

table 2 : explain SELECT c FROM sbtest2 WHERE id=138615
	Index Scan using sbtest2_pkey on sbtest2  (cost=0.43..8.45 rows=1 width=121)
	  Index Cond: (id = 138615)

table 3 : explain SELECT c FROM sbtest3 WHERE id=6304311
	Index Scan using sbtest3_pkey on sbtest3  (cost=0.43..8.45 rows=1 width=121)
	  Index Cond: (id = 6304311)

table 4 : explain SELECT c FROM sbtest4 WHERE id=5750187
	Index Scan using sbtest4_pkey on sbtest4  (cost=0.43..8.45 rows=1 width=121)
	  Index Cond: (id = 5750187)

table 5 : explain SELECT c FROM sbtest5 WHERE id=2854634
	Index Scan using sbtest5_pkey on sbtest5  (cost=0.43..8.45 rows=1 width=121)
	  Index Cond: (id = 2854634)

table 6 : explain SELECT c FROM sbtest6 WHERE id=960564
	Index Scan using sbtest6_pkey on sbtest6  (cost=0.43..8.45 rows=1 width=121)
	  Index Cond: (id = 960564)

table 7 : explain SELECT c FROM sbtest7 WHERE id=3350902
	Index Scan using sbtest7_pkey on sbtest7  (cost=0.43..8.45 rows=1 width=121)
	  Index Cond: (id = 3350902)

table 8 : explain SELECT c FROM sbtest8 WHERE id=75346
	Index Scan using sbtest8_pkey on sbtest8  (cost=0.43..8.45 rows=1 width=121)
	  Index Cond: (id = 75346)

for: simple_ranges
table 1 : explain SELECT c FROM sbtest1 WHERE id BETWEEN 3146608 AND 3147607
	Bitmap Heap Scan on sbtest1  (cost=22.99..3972.52 rows=1030 width=121)
	  Recheck Cond: ((id >= 3146608) AND (id <= 3147607))
	  ->  Bitmap Index Scan on sbtest1_pkey  (cost=0.00..22.73 rows=1030 width=0)
	        Index Cond: ((id >= 3146608) AND (id <= 3147607))

table 2 : explain SELECT c FROM sbtest2 WHERE id BETWEEN 740797 AND 741796
	Bitmap Heap Scan on sbtest2  (cost=22.87..3928.62 rows=1018 width=121)
	  Recheck Cond: ((id >= 740797) AND (id <= 741796))
	  ->  Bitmap Index Scan on sbtest2_pkey  (cost=0.00..22.61 rows=1018 width=0)
	        Index Cond: ((id >= 740797) AND (id <= 741796))

table 3 : explain SELECT c FROM sbtest3 WHERE id BETWEEN 8496557 AND 8497556
	Bitmap Heap Scan on sbtest3  (cost=22.43..3766.74 rows=975 width=121)
	  Recheck Cond: ((id >= 8496557) AND (id <= 8497556))
	  ->  Bitmap Index Scan on sbtest3_pkey  (cost=0.00..22.18 rows=975 width=0)
	        Index Cond: ((id >= 8496557) AND (id <= 8497556))

table 4 : explain SELECT c FROM sbtest4 WHERE id BETWEEN 4663616 AND 4664615
	Bitmap Heap Scan on sbtest4  (cost=22.57..3820.61 rows=989 width=121)
	  Recheck Cond: ((id >= 4663616) AND (id <= 4664615))
	  ->  Bitmap Index Scan on sbtest4_pkey  (cost=0.00..22.32 rows=989 width=0)
	        Index Cond: ((id >= 4663616) AND (id <= 4664615))

table 5 : explain SELECT c FROM sbtest5 WHERE id BETWEEN 2819927 AND 2820926
	Bitmap Heap Scan on sbtest5  (cost=23.56..4181.87 rows=1085 width=121)
	  Recheck Cond: ((id >= 2819927) AND (id <= 2820926))
	  ->  Bitmap Index Scan on sbtest5_pkey  (cost=0.00..23.29 rows=1085 width=0)
	        Index Cond: ((id >= 2819927) AND (id <= 2820926))

table 6 : explain SELECT c FROM sbtest6 WHERE id BETWEEN 1329461 AND 1330460
	Bitmap Heap Scan on sbtest6  (cost=22.81..3907.36 rows=1012 width=121)
	  Recheck Cond: ((id >= 1329461) AND (id <= 1330460))
	  ->  Bitmap Index Scan on sbtest6_pkey  (cost=0.00..22.55 rows=1012 width=0)
	        Index Cond: ((id >= 1329461) AND (id <= 1330460))

table 7 : explain SELECT c FROM sbtest7 WHERE id BETWEEN 9827932 AND 9828931
	Bitmap Heap Scan on sbtest7  (cost=22.71..3870.70 rows=1002 width=121)
	  Recheck Cond: ((id >= 9827932) AND (id <= 9828931))
	  ->  Bitmap Index Scan on sbtest7_pkey  (cost=0.00..22.45 rows=1002 width=0)
	        Index Cond: ((id >= 9827932) AND (id <= 9828931))

table 8 : explain SELECT c FROM sbtest8 WHERE id BETWEEN 6659756 AND 6660755
	Bitmap Heap Scan on sbtest8  (cost=27.71..4243.41 rows=1100 width=121)
	  Recheck Cond: ((id >= 6659756) AND (id <= 6660755))
	  ->  Bitmap Index Scan on sbtest8_pkey  (cost=0.00..27.43 rows=1100 width=0)
	        Index Cond: ((id >= 6659756) AND (id <= 6660755))

for: order_ranges
table 1 : explain SELECT c FROM sbtest1 WHERE id BETWEEN 3156473 AND 3157472 ORDER BY c
	Sort  (cost=4024.07..4026.64 rows=1030 width=121)
	  Sort Key: c
	  ->  Bitmap Heap Scan on sbtest1  (cost=22.99..3972.52 rows=1030 width=121)
	        Recheck Cond: ((id >= 3156473) AND (id <= 3157472))
	        ->  Bitmap Index Scan on sbtest1_pkey  (cost=0.00..22.73 rows=1030 width=0)
	              Index Cond: ((id >= 3156473) AND (id <= 3157472))

table 2 : explain SELECT c FROM sbtest2 WHERE id BETWEEN 8057535 AND 8058534 ORDER BY c
	Sort  (cost=3750.02..3752.41 rows=958 width=121)
	  Sort Key: c
	  ->  Bitmap Heap Scan on sbtest2  (cost=22.25..3702.58 rows=958 width=121)
	        Recheck Cond: ((id >= 8057535) AND (id <= 8058534))
	        ->  Bitmap Index Scan on sbtest2_pkey  (cost=0.00..22.01 rows=958 width=0)
	              Index Cond: ((id >= 8057535) AND (id <= 8058534))

table 3 : explain SELECT c FROM sbtest3 WHERE id BETWEEN 8306203 AND 8307202 ORDER BY c
	Sort  (cost=4143.72..4146.38 rows=1061 width=121)
	  Sort Key: c
	  ->  Bitmap Heap Scan on sbtest3  (cost=23.31..4090.40 rows=1061 width=121)
	        Recheck Cond: ((id >= 8306203) AND (id <= 8307202))
	        ->  Bitmap Index Scan on sbtest3_pkey  (cost=0.00..23.04 rows=1061 width=0)
	              Index Cond: ((id >= 8306203) AND (id <= 8307202))

table 4 : explain SELECT c FROM sbtest4 WHERE id BETWEEN 8543470 AND 8544469 ORDER BY c
	Sort  (cost=4358.82..4361.61 rows=1117 width=121)
	  Sort Key: c
	  ->  Bitmap Heap Scan on sbtest4  (cost=27.88..4302.27 rows=1117 width=121)
	        Recheck Cond: ((id >= 8543470) AND (id <= 8544469))
	        ->  Bitmap Index Scan on sbtest4_pkey  (cost=0.00..27.61 rows=1117 width=0)
	              Index Cond: ((id >= 8543470) AND (id <= 8544469))

table 5 : explain SELECT c FROM sbtest5 WHERE id BETWEEN 4703466 AND 4704465 ORDER BY c
	Sort  (cost=4316.84..4319.60 rows=1105 width=121)
	  Sort Key: c
	  ->  Bitmap Heap Scan on sbtest5  (cost=27.76..4260.98 rows=1105 width=121)
	        Recheck Cond: ((id >= 4703466) AND (id <= 4704465))
	        ->  Bitmap Index Scan on sbtest5_pkey  (cost=0.00..27.48 rows=1105 width=0)
	              Index Cond: ((id >= 4703466) AND (id <= 4704465))

table 6 : explain SELECT c FROM sbtest6 WHERE id BETWEEN 1722467 AND 1723466 ORDER BY c
	Sort  (cost=3862.25..3864.72 rows=987 width=121)
	  Sort Key: c
	  ->  Bitmap Heap Scan on sbtest6  (cost=22.55..3813.16 rows=987 width=121)
	        Recheck Cond: ((id >= 1722467) AND (id <= 1723466))
	        ->  Bitmap Index Scan on sbtest6_pkey  (cost=0.00..22.30 rows=987 width=0)
	              Index Cond: ((id >= 1722467) AND (id <= 1723466))

table 7 : explain SELECT c FROM sbtest7 WHERE id BETWEEN 3047795 AND 3048794 ORDER BY c
	Sort  (cost=3809.64..3812.07 rows=973 width=121)
	  Sort Key: c
	  ->  Bitmap Heap Scan on sbtest7  (cost=22.41..3761.35 rows=973 width=121)
	        Recheck Cond: ((id >= 3047795) AND (id <= 3048794))
	        ->  Bitmap Index Scan on sbtest7_pkey  (cost=0.00..22.16 rows=973 width=0)
	              Index Cond: ((id >= 3047795) AND (id <= 3048794))

table 8 : explain SELECT c FROM sbtest8 WHERE id BETWEEN 9394189 AND 9395188 ORDER BY c
	Sort  (cost=3502.85..3505.08 rows=893 width=121)
	  Sort Key: c
	  ->  Bitmap Heap Scan on sbtest8  (cost=21.59..3459.08 rows=893 width=121)
	        Recheck Cond: ((id >= 9394189) AND (id <= 9395188))
	        ->  Bitmap Index Scan on sbtest8_pkey  (cost=0.00..21.36 rows=893 width=0)
	              Index Cond: ((id >= 9394189) AND (id <= 9395188))

for: order_ranges
table 1 : explain SELECT c FROM sbtest1 WHERE id BETWEEN 9036887 AND 9037886 ORDER BY c
	Sort  (cost=3710.63..3713.00 rows=948 width=121)
	  Sort Key: c
	  ->  Bitmap Heap Scan on sbtest1  (cost=22.15..3663.76 rows=948 width=121)
	        Recheck Cond: ((id >= 9036887) AND (id <= 9037886))
	        ->  Bitmap Index Scan on sbtest1_pkey  (cost=0.00..21.91 rows=948 width=0)
	              Index Cond: ((id >= 9036887) AND (id <= 9037886))

table 2 : explain SELECT c FROM sbtest2 WHERE id BETWEEN 8308286 AND 8309285 ORDER BY c
	Sort  (cost=3784.47..3786.88 rows=967 width=121)
	  Sort Key: c
	  ->  Bitmap Heap Scan on sbtest2  (cost=22.35..3736.51 rows=967 width=121)
	        Recheck Cond: ((id >= 8308286) AND (id <= 8309285))
	        ->  Bitmap Index Scan on sbtest2_pkey  (cost=0.00..22.11 rows=967 width=0)
	              Index Cond: ((id >= 8308286) AND (id <= 8309285))

table 3 : explain SELECT c FROM sbtest3 WHERE id BETWEEN 3986714 AND 3987713 ORDER BY c
	Sort  (cost=3727.11..3729.49 rows=952 width=121)
	  Sort Key: c
	  ->  Bitmap Heap Scan on sbtest3  (cost=22.19..3680.01 rows=952 width=121)
	        Recheck Cond: ((id >= 3986714) AND (id <= 3987713))
	        ->  Bitmap Index Scan on sbtest3_pkey  (cost=0.00..21.95 rows=952 width=0)
	              Index Cond: ((id >= 3986714) AND (id <= 3987713))

table 4 : explain SELECT c FROM sbtest4 WHERE id BETWEEN 6594262 AND 6595261 ORDER BY c
	Sort  (cost=4041.85..4044.44 rows=1034 width=121)
	  Sort Key: c
	  ->  Bitmap Heap Scan on sbtest4  (cost=23.03..3990.08 rows=1034 width=121)
	        Recheck Cond: ((id >= 6594262) AND (id <= 6595261))
	        ->  Bitmap Index Scan on sbtest4_pkey  (cost=0.00..22.77 rows=1034 width=0)
	              Index Cond: ((id >= 6594262) AND (id <= 6595261))

table 5 : explain SELECT c FROM sbtest5 WHERE id BETWEEN 9190874 AND 9191873 ORDER BY c
	Sort  (cost=4366.47..4369.27 rows=1119 width=121)
	  Sort Key: c
	  ->  Bitmap Heap Scan on sbtest5  (cost=27.90..4309.80 rows=1119 width=121)
	        Recheck Cond: ((id >= 9190874) AND (id <= 9191873))
	        ->  Bitmap Index Scan on sbtest5_pkey  (cost=0.00..27.62 rows=1119 width=0)
	              Index Cond: ((id >= 9190874) AND (id <= 9191873))

table 6 : explain SELECT c FROM sbtest6 WHERE id BETWEEN 2884285 AND 2885284 ORDER BY c
	Sort  (cost=4015.21..4017.77 rows=1027 width=121)
	  Sort Key: c
	  ->  Bitmap Heap Scan on sbtest6  (cost=22.96..3963.83 rows=1027 width=121)
	        Recheck Cond: ((id >= 2884285) AND (id <= 2885284))
	        ->  Bitmap Index Scan on sbtest6_pkey  (cost=0.00..22.70 rows=1027 width=0)
	              Index Cond: ((id >= 2884285) AND (id <= 2885284))

table 7 : explain SELECT c FROM sbtest7 WHERE id BETWEEN 6282538 AND 6283537 ORDER BY c
	Sort  (cost=3790.49..3792.91 rows=968 width=121)
	  Sort Key: c
	  ->  Bitmap Heap Scan on sbtest7  (cost=22.36..3742.48 rows=968 width=121)
	        Recheck Cond: ((id >= 6282538) AND (id <= 6283537))
	        ->  Bitmap Index Scan on sbtest7_pkey  (cost=0.00..22.11 rows=968 width=0)
	              Index Cond: ((id >= 6282538) AND (id <= 6283537))

table 8 : explain SELECT c FROM sbtest8 WHERE id BETWEEN 9476750 AND 9477749 ORDER BY c
	Sort  (cost=3502.85..3505.08 rows=893 width=121)
	  Sort Key: c
	  ->  Bitmap Heap Scan on sbtest8  (cost=21.59..3459.08 rows=893 width=121)
	        Recheck Cond: ((id >= 9476750) AND (id <= 9477749))
	        ->  Bitmap Index Scan on sbtest8_pkey  (cost=0.00..21.36 rows=893 width=0)
	              Index Cond: ((id >= 9476750) AND (id <= 9477749))

for: order_ranges
table 1 : explain SELECT c FROM sbtest1 WHERE id BETWEEN 713456 AND 714455 ORDER BY c
	Sort  (cost=3974.43..3976.97 rows=1017 width=121)
	  Sort Key: c
	  ->  Bitmap Heap Scan on sbtest1  (cost=22.86..3923.63 rows=1017 width=121)
	        Recheck Cond: ((id >= 713456) AND (id <= 714455))
	        ->  Bitmap Index Scan on sbtest1_pkey  (cost=0.00..22.61 rows=1017 width=0)
	              Index Cond: ((id >= 713456) AND (id <= 714455))

table 2 : explain SELECT c FROM sbtest2 WHERE id BETWEEN 5516061 AND 5517060 ORDER BY c
	Sort  (cost=4258.06..4260.79 rows=1091 width=121)
	  Sort Key: c
	  ->  Bitmap Heap Scan on sbtest2  (cost=23.62..4203.01 rows=1091 width=121)
	        Recheck Cond: ((id >= 5516061) AND (id <= 5517060))
	        ->  Bitmap Index Scan on sbtest2_pkey  (cost=0.00..23.34 rows=1091 width=0)
	              Index Cond: ((id >= 5516061) AND (id <= 5517060))

table 3 : explain SELECT c FROM sbtest3 WHERE id BETWEEN 6847871 AND 6848870 ORDER BY c
	Sort  (cost=3903.11..3905.60 rows=998 width=121)
	  Sort Key: c
	  ->  Bitmap Heap Scan on sbtest3  (cost=22.66..3853.39 rows=998 width=121)
	        Recheck Cond: ((id >= 6847871) AND (id <= 6848870))
	        ->  Bitmap Index Scan on sbtest3_pkey  (cost=0.00..22.41 rows=998 width=0)
	              Index Cond: ((id >= 6847871) AND (id <= 6848870))

table 4 : explain SELECT c FROM sbtest4 WHERE id BETWEEN 4008293 AND 4009292 ORDER BY c
	Sort  (cost=3751.15..3753.54 rows=958 width=121)
	  Sort Key: c
	  ->  Bitmap Heap Scan on sbtest4  (cost=22.25..3703.71 rows=958 width=121)
	        Recheck Cond: ((id >= 4008293) AND (id <= 4009292))
	        ->  Bitmap Index Scan on sbtest4_pkey  (cost=0.00..22.01 rows=958 width=0)
	              Index Cond: ((id >= 4008293) AND (id <= 4009292))

table 5 : explain SELECT c FROM sbtest5 WHERE id BETWEEN 2336469 AND 2337468 ORDER BY c
	Sort  (cost=3747.34..3749.73 rows=957 width=121)
	  Sort Key: c
	  ->  Bitmap Heap Scan on sbtest5  (cost=22.24..3699.96 rows=957 width=121)
	        Recheck Cond: ((id >= 2336469) AND (id <= 2337468))
	        ->  Bitmap Index Scan on sbtest5_pkey  (cost=0.00..22.00 rows=957 width=0)
	              Index Cond: ((id >= 2336469) AND (id <= 2337468))

table 6 : explain SELECT c FROM sbtest6 WHERE id BETWEEN 6266360 AND 6267359 ORDER BY c
	Sort  (cost=3693.77..3696.13 rows=943 width=121)
	  Sort Key: c
	  ->  Bitmap Heap Scan on sbtest6  (cost=22.10..3647.18 rows=943 width=121)
	        Recheck Cond: ((id >= 6266360) AND (id <= 6267359))
	        ->  Bitmap Index Scan on sbtest6_pkey  (cost=0.00..21.86 rows=943 width=0)
	              Index Cond: ((id >= 6266360) AND (id <= 6267359))

table 7 : explain SELECT c FROM sbtest7 WHERE id BETWEEN 2346513 AND 2347512 ORDER BY c
	Sort  (cost=3660.19..3662.53 rows=934 width=121)
	  Sort Key: c
	  ->  Bitmap Heap Scan on sbtest7  (cost=22.01..3614.11 rows=934 width=121)
	        Recheck Cond: ((id >= 2346513) AND (id <= 2347512))
	        ->  Bitmap Index Scan on sbtest7_pkey  (cost=0.00..21.77 rows=934 width=0)
	              Index Cond: ((id >= 2346513) AND (id <= 2347512))

table 8 : explain SELECT c FROM sbtest8 WHERE id BETWEEN 952472 AND 953471 ORDER BY c
	Sort  (cost=3759.81..3762.21 rows=960 width=121)
	  Sort Key: c
	  ->  Bitmap Heap Scan on sbtest8  (cost=22.27..3712.26 rows=960 width=121)
	        Recheck Cond: ((id >= 952472) AND (id <= 953471))
	        ->  Bitmap Index Scan on sbtest8_pkey  (cost=0.00..22.04 rows=960 width=0)
	              Index Cond: ((id >= 952472) AND (id <= 953471))

for point_selects
table 1 : explain SELECT c FROM sbtest1 WHERE id=8560820
	Index Scan using sbtest1_pkey on sbtest1  (cost=0.43..8.45 rows=1 width=121)
	  Index Cond: (id = 8560820)

table 2 : explain SELECT c FROM sbtest2 WHERE id=2851703
	Index Scan using sbtest2_pkey on sbtest2  (cost=0.43..8.45 rows=1 width=121)
	  Index Cond: (id = 2851703)

table 3 : explain SELECT c FROM sbtest3 WHERE id=8820433
	Index Scan using sbtest3_pkey on sbtest3  (cost=0.43..8.45 rows=1 width=121)
	  Index Cond: (id = 8820433)

table 4 : explain SELECT c FROM sbtest4 WHERE id=7149638
	Index Scan using sbtest4_pkey on sbtest4  (cost=0.43..8.45 rows=1 width=121)
	  Index Cond: (id = 7149638)

table 5 : explain SELECT c FROM sbtest5 WHERE id=9406734
	Index Scan using sbtest5_pkey on sbtest5  (cost=0.43..8.45 rows=1 width=121)
	  Index Cond: (id = 9406734)

table 6 : explain SELECT c FROM sbtest6 WHERE id=8154009
	Index Scan using sbtest6_pkey on sbtest6  (cost=0.43..8.45 rows=1 width=121)
	  Index Cond: (id = 8154009)

table 7 : explain SELECT c FROM sbtest7 WHERE id=7752889
	Index Scan using sbtest7_pkey on sbtest7  (cost=0.43..8.45 rows=1 width=121)
	  Index Cond: (id = 7752889)

table 8 : explain SELECT c FROM sbtest8 WHERE id=2934236
	Index Scan using sbtest8_pkey on sbtest8  (cost=0.43..8.45 rows=1 width=121)
	  Index Cond: (id = 2934236)

for: simple_ranges
table 1 : explain SELECT c FROM sbtest1 WHERE id BETWEEN 4283730 AND 4284729
	Bitmap Heap Scan on sbtest1  (cost=21.99..3603.41 rows=932 width=121)
	  Recheck Cond: ((id >= 4283730) AND (id <= 4284729))
	  ->  Bitmap Index Scan on sbtest1_pkey  (cost=0.00..21.75 rows=932 width=0)
	        Index Cond: ((id >= 4283730) AND (id <= 4284729))

table 2 : explain SELECT c FROM sbtest2 WHERE id BETWEEN 8843991 AND 8844990
	Bitmap Heap Scan on sbtest2  (cost=27.65..4218.27 rows=1094 width=121)
	  Recheck Cond: ((id >= 8843991) AND (id <= 8844990))
	  ->  Bitmap Index Scan on sbtest2_pkey  (cost=0.00..27.37 rows=1094 width=0)
	        Index Cond: ((id >= 8843991) AND (id <= 8844990))

table 3 : explain SELECT c FROM sbtest3 WHERE id BETWEEN 1753314 AND 1754313
	Bitmap Heap Scan on sbtest3  (cost=22.77..3891.05 rows=1008 width=121)
	  Recheck Cond: ((id >= 1753314) AND (id <= 1754313))
	  ->  Bitmap Index Scan on sbtest3_pkey  (cost=0.00..22.51 rows=1008 width=0)
	        Index Cond: ((id >= 1753314) AND (id <= 1754313))

table 4 : explain SELECT c FROM sbtest4 WHERE id BETWEEN 1278280 AND 1279279
	Bitmap Heap Scan on sbtest4  (cost=22.65..3850.75 rows=997 width=121)
	  Recheck Cond: ((id >= 1278280) AND (id <= 1279279))
	  ->  Bitmap Index Scan on sbtest4_pkey  (cost=0.00..22.40 rows=997 width=0)
	        Index Cond: ((id >= 1278280) AND (id <= 1279279))

table 5 : explain SELECT c FROM sbtest5 WHERE id BETWEEN 8741034 AND 8742033
	Bitmap Heap Scan on sbtest5  (cost=22.45..3775.39 rows=977 width=121)
	  Recheck Cond: ((id >= 8741034) AND (id <= 8742033))
	  ->  Bitmap Index Scan on sbtest5_pkey  (cost=0.00..22.20 rows=977 width=0)
	        Index Cond: ((id >= 8741034) AND (id <= 8742033))

table 6 : explain SELECT c FROM sbtest6 WHERE id BETWEEN 184100 AND 185099
	Bitmap Heap Scan on sbtest6  (cost=27.67..4227.27 rows=1096 width=121)
	  Recheck Cond: ((id >= 184100) AND (id <= 185099))
	  ->  Bitmap Index Scan on sbtest6_pkey  (cost=0.00..27.39 rows=1096 width=0)
	        Index Cond: ((id >= 184100) AND (id <= 185099))

table 7 : explain SELECT c FROM sbtest7 WHERE id BETWEEN 9064362 AND 9065361
	Bitmap Heap Scan on sbtest7  (cost=22.23..3697.19 rows=956 width=121)
	  Recheck Cond: ((id >= 9064362) AND (id <= 9065361))
	  ->  Bitmap Index Scan on sbtest7_pkey  (cost=0.00..22.00 rows=956 width=0)
	        Index Cond: ((id >= 9064362) AND (id <= 9065361))

table 8 : explain SELECT c FROM sbtest8 WHERE id BETWEEN 6364825 AND 6365824
	Bitmap Heap Scan on sbtest8  (cost=22.92..3949.78 rows=1023 width=121)
	  Recheck Cond: ((id >= 6364825) AND (id <= 6365824))
	  ->  Bitmap Index Scan on sbtest8_pkey  (cost=0.00..22.66 rows=1023 width=0)
	        Index Cond: ((id >= 6364825) AND (id <= 6365824))

for: order_ranges
table 1 : explain SELECT c FROM sbtest1 WHERE id BETWEEN 1024581 AND 1025580 ORDER BY c
	Sort  (cost=3683.84..3686.19 rows=941 width=121)
	  Sort Key: c
	  ->  Bitmap Heap Scan on sbtest1  (cost=22.08..3637.36 rows=941 width=121)
	        Recheck Cond: ((id >= 1024581) AND (id <= 1025580))
	        ->  Bitmap Index Scan on sbtest1_pkey  (cost=0.00..21.84 rows=941 width=0)
	              Index Cond: ((id >= 1024581) AND (id <= 1025580))

table 2 : explain SELECT c FROM sbtest2 WHERE id BETWEEN 2189737 AND 2190736 ORDER BY c
	Sort  (cost=3642.79..3645.11 rows=930 width=121)
	  Sort Key: c
	  ->  Bitmap Heap Scan on sbtest2  (cost=21.97..3596.93 rows=930 width=121)
	        Recheck Cond: ((id >= 2189737) AND (id <= 2190736))
	        ->  Bitmap Index Scan on sbtest2_pkey  (cost=0.00..21.73 rows=930 width=0)
	              Index Cond: ((id >= 2189737) AND (id <= 2190736))

table 3 : explain SELECT c FROM sbtest3 WHERE id BETWEEN 7026182 AND 7027181 ORDER BY c
	Sort  (cost=3945.16..3947.68 rows=1009 width=121)
	  Sort Key: c
	  ->  Bitmap Heap Scan on sbtest3  (cost=22.78..3894.81 rows=1009 width=121)
	        Recheck Cond: ((id >= 7026182) AND (id <= 7027181))
	        ->  Bitmap Index Scan on sbtest3_pkey  (cost=0.00..22.52 rows=1009 width=0)
	              Index Cond: ((id >= 7026182) AND (id <= 7027181))

table 4 : explain SELECT c FROM sbtest4 WHERE id BETWEEN 3448430 AND 3449429 ORDER BY c
	Sort  (cost=4034.21..4036.79 rows=1032 width=121)
	  Sort Key: c
	  ->  Bitmap Heap Scan on sbtest4  (cost=23.01..3982.55 rows=1032 width=121)
	        Recheck Cond: ((id >= 3448430) AND (id <= 3449429))
	        ->  Bitmap Index Scan on sbtest4_pkey  (cost=0.00..22.75 rows=1032 width=0)
	              Index Cond: ((id >= 3448430) AND (id <= 3449429))

table 5 : explain SELECT c FROM sbtest5 WHERE id BETWEEN 183334 AND 184333 ORDER BY c
	Sort  (cost=3594.04..3596.33 rows=917 width=121)
	  Sort Key: c
	  ->  Bitmap Heap Scan on sbtest5  (cost=21.83..3548.92 rows=917 width=121)
	        Recheck Cond: ((id >= 183334) AND (id <= 184333))
	        ->  Bitmap Index Scan on sbtest5_pkey  (cost=0.00..21.61 rows=917 width=0)
	              Index Cond: ((id >= 183334) AND (id <= 184333))

table 6 : explain SELECT c FROM sbtest6 WHERE id BETWEEN 2798946 AND 2799945 ORDER BY c
	Sort  (cost=3812.50..3814.93 rows=974 width=121)
	  Sort Key: c
	  ->  Bitmap Heap Scan on sbtest6  (cost=22.42..3764.15 rows=974 width=121)
	        Recheck Cond: ((id >= 2798946) AND (id <= 2799945))
	        ->  Bitmap Index Scan on sbtest6_pkey  (cost=0.00..22.18 rows=974 width=0)
	              Index Cond: ((id >= 2798946) AND (id <= 2799945))

table 7 : explain SELECT c FROM sbtest7 WHERE id BETWEEN 9014301 AND 9015300 ORDER BY c
	Sort  (cost=3744.52..3746.91 rows=956 width=121)
	  Sort Key: c
	  ->  Bitmap Heap Scan on sbtest7  (cost=22.23..3697.19 rows=956 width=121)
	        Recheck Cond: ((id >= 9014301) AND (id <= 9015300))
	        ->  Bitmap Index Scan on sbtest7_pkey  (cost=0.00..22.00 rows=956 width=0)
	              Index Cond: ((id >= 9014301) AND (id <= 9015300))

table 8 : explain SELECT c FROM sbtest8 WHERE id BETWEEN 8541313 AND 8542312 ORDER BY c
	Sort  (cost=3671.66..3674.00 rows=937 width=121)
	  Sort Key: c
	  ->  Bitmap Heap Scan on sbtest8  (cost=22.04..3625.41 rows=937 width=121)
	        Recheck Cond: ((id >= 8541313) AND (id <= 8542312))
	        ->  Bitmap Index Scan on sbtest8_pkey  (cost=0.00..21.80 rows=937 width=0)
	              Index Cond: ((id >= 8541313) AND (id <= 8542312))

for: sum_ranges
table 1 : explain SELECT SUM(k) FROM sbtest1 WHERE id BETWEEN 3600862 AND 3601861
	Aggregate  (cost=3820.72..3820.73 rows=1 width=8)
	  ->  Bitmap Heap Scan on sbtest1  (cost=22.57..3818.25 rows=989 width=4)
	        Recheck Cond: ((id >= 3600862) AND (id <= 3601861))
	        ->  Bitmap Index Scan on sbtest1_pkey  (cost=0.00..22.32 rows=989 width=0)
	              Index Cond: ((id >= 3600862) AND (id <= 3601861))

table 2 : explain SELECT SUM(k) FROM sbtest2 WHERE id BETWEEN 4830297 AND 4831296
	Aggregate  (cost=3848.28..3848.29 rows=1 width=8)
	  ->  Bitmap Heap Scan on sbtest2  (cost=22.64..3845.79 rows=996 width=4)
	        Recheck Cond: ((id >= 4830297) AND (id <= 4831296))
	        ->  Bitmap Index Scan on sbtest2_pkey  (cost=0.00..22.39 rows=996 width=0)
	              Index Cond: ((id >= 4830297) AND (id <= 4831296))

table 3 : explain SELECT SUM(k) FROM sbtest3 WHERE id BETWEEN 6405229 AND 6406228
	Aggregate  (cost=3927.47..3927.48 rows=1 width=8)
	  ->  Bitmap Heap Scan on sbtest3  (cost=22.86..3924.93 rows=1017 width=4)
	        Recheck Cond: ((id >= 6405229) AND (id <= 6406228))
	        ->  Bitmap Index Scan on sbtest3_pkey  (cost=0.00..22.61 rows=1017 width=0)
	              Index Cond: ((id >= 6405229) AND (id <= 6406228))

table 4 : explain SELECT SUM(k) FROM sbtest4 WHERE id BETWEEN 3034185 AND 3035184
	Aggregate  (cost=3913.56..3913.57 rows=1 width=8)
	  ->  Bitmap Heap Scan on sbtest4  (cost=22.82..3911.02 rows=1013 width=4)
	        Recheck Cond: ((id >= 3034185) AND (id <= 3035184))
	        ->  Bitmap Index Scan on sbtest4_pkey  (cost=0.00..22.57 rows=1013 width=0)
	              Index Cond: ((id >= 3034185) AND (id <= 3035184))

table 5 : explain SELECT SUM(k) FROM sbtest5 WHERE id BETWEEN 3151018 AND 3152017
	Aggregate  (cost=4248.71..4248.72 rows=1 width=8)
	  ->  Bitmap Heap Scan on sbtest5  (cost=27.72..4245.96 rows=1101 width=4)
	        Recheck Cond: ((id >= 3151018) AND (id <= 3152017))
	        ->  Bitmap Index Scan on sbtest5_pkey  (cost=0.00..27.44 rows=1101 width=0)
	              Index Cond: ((id >= 3151018) AND (id <= 3152017))

table 6 : explain SELECT SUM(k) FROM sbtest6 WHERE id BETWEEN 626987 AND 627986
	Aggregate  (cost=3725.07..3725.08 rows=1 width=8)
	  ->  Bitmap Heap Scan on sbtest6  (cost=22.31..3722.66 rows=963 width=4)
	        Recheck Cond: ((id >= 626987) AND (id <= 627986))
	        ->  Bitmap Index Scan on sbtest6_pkey  (cost=0.00..22.07 rows=963 width=0)
	              Index Cond: ((id >= 626987) AND (id <= 627986))

table 7 : explain SELECT SUM(k) FROM sbtest7 WHERE id BETWEEN 4686311 AND 4687310
	Aggregate  (cost=4351.44..4351.45 rows=1 width=8)
	  ->  Bitmap Heap Scan on sbtest7  (cost=28.01..4348.62 rows=1129 width=4)
	        Recheck Cond: ((id >= 4686311) AND (id <= 4687310))
	        ->  Bitmap Index Scan on sbtest7_pkey  (cost=0.00..27.72 rows=1129 width=0)
	              Index Cond: ((id >= 4686311) AND (id <= 4687310))

table 8 : explain SELECT SUM(k) FROM sbtest8 WHERE id BETWEEN 5955623 AND 5956622
	Aggregate  (cost=3907.11..3907.12 rows=1 width=8)
	  ->  Bitmap Heap Scan on sbtest8  (cost=22.80..3904.58 rows=1011 width=4)
	        Recheck Cond: ((id >= 5955623) AND (id <= 5956622))
	        ->  Bitmap Index Scan on sbtest8_pkey  (cost=0.00..22.54 rows=1011 width=0)
	              Index Cond: ((id >= 5955623) AND (id <= 5956622))

for: distinct_ranges
table 1 : explain SELECT DISTINCT c FROM sbtest1 WHERE id BETWEEN 6876871 AND 6877870 ORDER BY c
	Unique  (cost=4477.76..4483.51 rows=1149 width=121)
	  ->  Sort  (cost=4477.76..4480.63 rows=1149 width=121)
	        Sort Key: c
	        ->  Bitmap Heap Scan on sbtest1  (cost=28.21..4419.36 rows=1149 width=121)
	              Recheck Cond: ((id >= 6876871) AND (id <= 6877870))
	              ->  Bitmap Index Scan on sbtest1_pkey  (cost=0.00..27.93 rows=1149 width=0)
	                    Index Cond: ((id >= 6876871) AND (id <= 6877870))

table 2 : explain SELECT DISTINCT c FROM sbtest2 WHERE id BETWEEN 8449085 AND 8450084 ORDER BY c
	Unique  (cost=4006.22..4011.34 rows=1025 width=121)
	  ->  Sort  (cost=4006.22..4008.78 rows=1025 width=121)
	        Sort Key: c
	        ->  Bitmap Heap Scan on sbtest2  (cost=22.94..3954.96 rows=1025 width=121)
	              Recheck Cond: ((id >= 8449085) AND (id <= 8450084))
	              ->  Bitmap Index Scan on sbtest2_pkey  (cost=0.00..22.68 rows=1025 width=0)
	                    Index Cond: ((id >= 8449085) AND (id <= 8450084))

table 3 : explain SELECT DISTINCT c FROM sbtest3 WHERE id BETWEEN 7463970 AND 7464969 ORDER BY c
	Unique  (cost=3922.22..3927.24 rows=1003 width=121)
	  ->  Sort  (cost=3922.22..3924.73 rows=1003 width=121)
	        Sort Key: c
	        ->  Bitmap Heap Scan on sbtest3  (cost=22.72..3872.22 rows=1003 width=121)
	              Recheck Cond: ((id >= 7463970) AND (id <= 7464969))
	              ->  Bitmap Index Scan on sbtest3_pkey  (cost=0.00..22.46 rows=1003 width=0)
	                    Index Cond: ((id >= 7463970) AND (id <= 7464969))

table 4 : explain SELECT DISTINCT c FROM sbtest4 WHERE id BETWEEN 9707411 AND 9708410 ORDER BY c
	Unique  (cost=3793.27..3798.11 rows=969 width=121)
	  ->  Sort  (cost=3793.27..3795.69 rows=969 width=121)
	        Sort Key: c
	        ->  Bitmap Heap Scan on sbtest4  (cost=22.37..3745.20 rows=969 width=121)
	              Recheck Cond: ((id >= 9707411) AND (id <= 9708410))
	              ->  Bitmap Index Scan on sbtest4_pkey  (cost=0.00..22.12 rows=969 width=0)
	                    Index Cond: ((id >= 9707411) AND (id <= 9708410))

table 5 : explain SELECT DISTINCT c FROM sbtest5 WHERE id BETWEEN 6302276 AND 6303275 ORDER BY c
	Unique  (cost=3651.55..3656.21 rows=932 width=121)
	  ->  Sort  (cost=3651.55..3653.88 rows=932 width=121)
	        Sort Key: c
	        ->  Bitmap Heap Scan on sbtest5  (cost=21.99..3605.58 rows=932 width=121)
	              Recheck Cond: ((id >= 6302276) AND (id <= 6303275))
	              ->  Bitmap Index Scan on sbtest5_pkey  (cost=0.00..21.75 rows=932 width=0)
	                    Index Cond: ((id >= 6302276) AND (id <= 6303275))

table 6 : explain SELECT DISTINCT c FROM sbtest6 WHERE id BETWEEN 9615848 AND 9616847 ORDER BY c
	Unique  (cost=3816.33..3821.20 rows=975 width=121)
	  ->  Sort  (cost=3816.33..3818.76 rows=975 width=121)
	        Sort Key: c
	        ->  Bitmap Heap Scan on sbtest6  (cost=22.43..3767.92 rows=975 width=121)
	              Recheck Cond: ((id >= 9615848) AND (id <= 9616847))
	              ->  Bitmap Index Scan on sbtest6_pkey  (cost=0.00..22.18 rows=975 width=0)
	                    Index Cond: ((id >= 9615848) AND (id <= 9616847))

table 7 : explain SELECT DISTINCT c FROM sbtest7 WHERE id BETWEEN 6164540 AND 6165539 ORDER BY c
	Unique  (cost=3824.95..3829.84 rows=977 width=121)
	  ->  Sort  (cost=3824.95..3827.40 rows=977 width=121)
	        Sort Key: c
	        ->  Bitmap Heap Scan on sbtest7  (cost=22.45..3776.44 rows=977 width=121)
	              Recheck Cond: ((id >= 6164540) AND (id <= 6165539))
	              ->  Bitmap Index Scan on sbtest7_pkey  (cost=0.00..22.20 rows=977 width=0)
	                    Index Cond: ((id >= 6164540) AND (id <= 6165539))

table 8 : explain SELECT DISTINCT c FROM sbtest8 WHERE id BETWEEN 4585636 AND 4586635 ORDER BY c
	Unique  (cost=3947.38..3952.43 rows=1009 width=121)
	  ->  Sort  (cost=3947.38..3949.91 rows=1009 width=121)
	        Sort Key: c
	        ->  Bitmap Heap Scan on sbtest8  (cost=22.78..3897.04 rows=1009 width=121)
	              Recheck Cond: ((id >= 4585636) AND (id <= 4586635))
	              ->  Bitmap Index Scan on sbtest8_pkey  (cost=0.00..22.52 rows=1009 width=0)
	                    Index Cond: ((id >= 4585636) AND (id <= 4586635))

for: distinct_ranges
table 1 : explain SELECT DISTINCT c FROM sbtest1 WHERE id BETWEEN 8867242 AND 8868241 ORDER BY c
	Unique  (cost=3733.59..3738.36 rows=954 width=121)
	  ->  Sort  (cost=3733.59..3735.98 rows=954 width=121)
	        Sort Key: c
	        ->  Bitmap Heap Scan on sbtest1  (cost=22.21..3686.38 rows=954 width=121)
	              Recheck Cond: ((id >= 8867242) AND (id <= 8868241))
	              ->  Bitmap Index Scan on sbtest1_pkey  (cost=0.00..21.97 rows=954 width=0)
	                    Index Cond: ((id >= 8867242) AND (id <= 8868241))

table 2 : explain SELECT DISTINCT c FROM sbtest2 WHERE id BETWEEN 2901751 AND 2902750 ORDER BY c
	Unique  (cost=4044.41..4049.58 rows=1035 width=121)
	  ->  Sort  (cost=4044.41..4047.00 rows=1035 width=121)
	        Sort Key: c
	        ->  Bitmap Heap Scan on sbtest2  (cost=23.04..3992.58 rows=1035 width=121)
	              Recheck Cond: ((id >= 2901751) AND (id <= 2902750))
	              ->  Bitmap Index Scan on sbtest2_pkey  (cost=0.00..22.79 rows=1035 width=0)
	                    Index Cond: ((id >= 2901751) AND (id <= 2902750))

table 3 : explain SELECT DISTINCT c FROM sbtest3 WHERE id BETWEEN 2736418 AND 2737417 ORDER BY c
	Unique  (cost=3834.27..3839.17 rows=980 width=121)
	  ->  Sort  (cost=3834.27..3836.72 rows=980 width=121)
	        Sort Key: c
	        ->  Bitmap Heap Scan on sbtest3  (cost=22.48..3785.58 rows=980 width=121)
	              Recheck Cond: ((id >= 2736418) AND (id <= 2737417))
	              ->  Bitmap Index Scan on sbtest3_pkey  (cost=0.00..22.23 rows=980 width=0)
	                    Index Cond: ((id >= 2736418) AND (id <= 2737417))

table 4 : explain SELECT DISTINCT c FROM sbtest4 WHERE id BETWEEN 4467565 AND 4468564 ORDER BY c
	Unique  (cost=3640.03..3644.67 rows=929 width=121)
	  ->  Sort  (cost=3640.03..3642.35 rows=929 width=121)
	        Sort Key: c
	        ->  Bitmap Heap Scan on sbtest4  (cost=21.96..3594.23 rows=929 width=121)
	              Recheck Cond: ((id >= 4467565) AND (id <= 4468564))
	              ->  Bitmap Index Scan on sbtest4_pkey  (cost=0.00..21.72 rows=929 width=0)
	                    Index Cond: ((id >= 4467565) AND (id <= 4468564))

table 5 : explain SELECT DISTINCT c FROM sbtest5 WHERE id BETWEEN 8927148 AND 8928147 ORDER BY c
	Unique  (cost=4351.22..4356.80 rows=1115 width=121)
	  ->  Sort  (cost=4351.22..4354.01 rows=1115 width=121)
	        Sort Key: c
	        ->  Bitmap Heap Scan on sbtest5  (cost=27.86..4294.79 rows=1115 width=121)
	              Recheck Cond: ((id >= 8927148) AND (id <= 8928147))
	              ->  Bitmap Index Scan on sbtest5_pkey  (cost=0.00..27.58 rows=1115 width=0)
	                    Index Cond: ((id >= 8927148) AND (id <= 8928147))

table 6 : explain SELECT DISTINCT c FROM sbtest6 WHERE id BETWEEN 2995318 AND 2996317 ORDER BY c
	Unique  (cost=3548.07..3552.60 rows=905 width=121)
	  ->  Sort  (cost=3548.07..3550.34 rows=905 width=121)
	        Sort Key: c
	        ->  Bitmap Heap Scan on sbtest6  (cost=21.71..3503.63 rows=905 width=121)
	              Recheck Cond: ((id >= 2995318) AND (id <= 2996317))
	              ->  Bitmap Index Scan on sbtest6_pkey  (cost=0.00..21.48 rows=905 width=0)
	                    Index Cond: ((id >= 2995318) AND (id <= 2996317))

table 7 : explain SELECT DISTINCT c FROM sbtest7 WHERE id BETWEEN 9906601 AND 9907600 ORDER BY c
	Unique  (cost=3920.64..3925.65 rows=1002 width=121)
	  ->  Sort  (cost=3920.64..3923.15 rows=1002 width=121)
	        Sort Key: c
	        ->  Bitmap Heap Scan on sbtest7  (cost=22.71..3870.70 rows=1002 width=121)
	              Recheck Cond: ((id >= 9906601) AND (id <= 9907600))
	              ->  Bitmap Index Scan on sbtest7_pkey  (cost=0.00..22.45 rows=1002 width=0)
	                    Index Cond: ((id >= 9906601) AND (id <= 9907600))

table 8 : explain SELECT DISTINCT c FROM sbtest8 WHERE id BETWEEN 8051303 AND 8052302 ORDER BY c
	Unique  (cost=4104.29..4109.54 rows=1049 width=121)
	  ->  Sort  (cost=4104.29..4106.92 rows=1049 width=121)
	        Sort Key: c
	        ->  Bitmap Heap Scan on sbtest8  (cost=27.19..4051.66 rows=1049 width=121)
	              Recheck Cond: ((id >= 8051303) AND (id <= 8052302))
	              ->  Bitmap Index Scan on sbtest8_pkey  (cost=0.00..26.93 rows=1049 width=0)
	                    Index Cond: ((id >= 8051303) AND (id <= 8052302))

for: distinct_ranges
table 1 : explain SELECT DISTINCT c FROM sbtest1 WHERE id BETWEEN 566567 AND 567566 ORDER BY c
	Unique  (cost=3653.21..3657.87 rows=933 width=121)
	  ->  Sort  (cost=3653.21..3655.54 rows=933 width=121)
	        Sort Key: c
	        ->  Bitmap Heap Scan on sbtest1  (cost=22.00..3607.18 rows=933 width=121)
	              Recheck Cond: ((id >= 566567) AND (id <= 567566))
	              ->  Bitmap Index Scan on sbtest1_pkey  (cost=0.00..21.76 rows=933 width=0)
	                    Index Cond: ((id >= 566567) AND (id <= 567566))

table 2 : explain SELECT DISTINCT c FROM sbtest2 WHERE id BETWEEN 3897890 AND 3898889 ORDER BY c
	Unique  (cost=4006.22..4011.34 rows=1025 width=121)
	  ->  Sort  (cost=4006.22..4008.78 rows=1025 width=121)
	        Sort Key: c
	        ->  Bitmap Heap Scan on sbtest2  (cost=22.94..3954.96 rows=1025 width=121)
	              Recheck Cond: ((id >= 3897890) AND (id <= 3898889))
	              ->  Bitmap Index Scan on sbtest2_pkey  (cost=0.00..22.68 rows=1025 width=0)
	                    Index Cond: ((id >= 3897890) AND (id <= 3898889))

table 3 : explain SELECT DISTINCT c FROM sbtest3 WHERE id BETWEEN 6501335 AND 6502334 ORDER BY c
	Unique  (cost=4094.11..4099.35 rows=1048 width=121)
	  ->  Sort  (cost=4094.11..4096.73 rows=1048 width=121)
	        Sort Key: c
	        ->  Bitmap Heap Scan on sbtest3  (cost=23.18..4041.54 rows=1048 width=121)
	              Recheck Cond: ((id >= 6501335) AND (id <= 6502334))
	              ->  Bitmap Index Scan on sbtest3_pkey  (cost=0.00..22.91 rows=1048 width=0)
	                    Index Cond: ((id >= 6501335) AND (id <= 6502334))

table 4 : explain SELECT DISTINCT c FROM sbtest4 WHERE id BETWEEN 7670735 AND 7671734 ORDER BY c
	Unique  (cost=4118.24..4123.51 rows=1054 width=121)
	  ->  Sort  (cost=4118.24..4120.87 rows=1054 width=121)
	        Sort Key: c
	        ->  Bitmap Heap Scan on sbtest4  (cost=23.24..4065.32 rows=1054 width=121)
	              Recheck Cond: ((id >= 7670735) AND (id <= 7671734))
	              ->  Bitmap Index Scan on sbtest4_pkey  (cost=0.00..22.97 rows=1054 width=0)
	                    Index Cond: ((id >= 7670735) AND (id <= 7671734))

table 5 : explain SELECT DISTINCT c FROM sbtest5 WHERE id BETWEEN 5307307 AND 5308306 ORDER BY c
	Unique  (cost=3586.37..3590.95 rows=915 width=121)
	  ->  Sort  (cost=3586.37..3588.66 rows=915 width=121)
	        Sort Key: c
	        ->  Bitmap Heap Scan on sbtest5  (cost=21.81..3541.36 rows=915 width=121)
	              Recheck Cond: ((id >= 5307307) AND (id <= 5308306))
	              ->  Bitmap Index Scan on sbtest5_pkey  (cost=0.00..21.58 rows=915 width=0)
	                    Index Cond: ((id >= 5307307) AND (id <= 5308306))

table 6 : explain SELECT DISTINCT c FROM sbtest6 WHERE id BETWEEN 1156911 AND 1157910 ORDER BY c
	Unique  (cost=3820.15..3825.03 rows=976 width=121)
	  ->  Sort  (cost=3820.15..3822.59 rows=976 width=121)
	        Sort Key: c
	        ->  Bitmap Heap Scan on sbtest6  (cost=22.44..3771.69 rows=976 width=121)
	              Recheck Cond: ((id >= 1156911) AND (id <= 1157910))
	              ->  Bitmap Index Scan on sbtest6_pkey  (cost=0.00..22.19 rows=976 width=0)
	                    Index Cond: ((id >= 1156911) AND (id <= 1157910))

table 7 : explain SELECT DISTINCT c FROM sbtest7 WHERE id BETWEEN 8534510 AND 8535509 ORDER BY c
	Unique  (cost=4192.17..4197.53 rows=1072 width=121)
	  ->  Sort  (cost=4192.17..4194.85 rows=1072 width=121)
	        Sort Key: c
	        ->  Bitmap Heap Scan on sbtest7  (cost=27.42..4138.22 rows=1072 width=121)
	              Recheck Cond: ((id >= 8534510) AND (id <= 8535509))
	              ->  Bitmap Index Scan on sbtest7_pkey  (cost=0.00..27.15 rows=1072 width=0)
	                    Index Cond: ((id >= 8534510) AND (id <= 8535509))

table 8 : explain SELECT DISTINCT c FROM sbtest8 WHERE id BETWEEN 5924362 AND 5925361 ORDER BY c
	Unique  (cost=3955.03..3960.09 rows=1011 width=121)
	  ->  Sort  (cost=3955.03..3957.56 rows=1011 width=121)
	        Sort Key: c
	        ->  Bitmap Heap Scan on sbtest8  (cost=22.80..3904.58 rows=1011 width=121)
	              Recheck Cond: ((id >= 5924362) AND (id <= 5925361))
	              ->  Bitmap Index Scan on sbtest8_pkey  (cost=0.00..22.54 rows=1011 width=0)
	                    Index Cond: ((id >= 5924362) AND (id <= 5925361))

for: simple_ranges
table 1 : explain SELECT c FROM sbtest1 WHERE id BETWEEN 6054040 AND 6055039
	Bitmap Heap Scan on sbtest1  (cost=22.59..3825.78 rows=991 width=121)
	  Recheck Cond: ((id >= 6054040) AND (id <= 6055039))
	  ->  Bitmap Index Scan on sbtest1_pkey  (cost=0.00..22.34 rows=991 width=0)
	        Index Cond: ((id >= 6054040) AND (id <= 6055039))

table 2 : explain SELECT c FROM sbtest2 WHERE id BETWEEN 4323948 AND 4324947
	Bitmap Heap Scan on sbtest2  (cost=22.55..3811.89 rows=987 width=121)
	  Recheck Cond: ((id >= 4323948) AND (id <= 4324947))
	  ->  Bitmap Index Scan on sbtest2_pkey  (cost=0.00..22.30 rows=987 width=0)
	        Index Cond: ((id >= 4323948) AND (id <= 4324947))

table 3 : explain SELECT c FROM sbtest3 WHERE id BETWEEN 1651484 AND 1652483
	Bitmap Heap Scan on sbtest3  (cost=22.10..3646.06 rows=943 width=121)
	  Recheck Cond: ((id >= 1651484) AND (id <= 1652483))
	  ->  Bitmap Index Scan on sbtest3_pkey  (cost=0.00..21.86 rows=943 width=0)
	        Index Cond: ((id >= 1651484) AND (id <= 1652483))

table 4 : explain SELECT c FROM sbtest4 WHERE id BETWEEN 6248561 AND 6249560
	Bitmap Heap Scan on sbtest4  (cost=22.19..3681.07 rows=952 width=121)
	  Recheck Cond: ((id >= 6248561) AND (id <= 6249560))
	  ->  Bitmap Index Scan on sbtest4_pkey  (cost=0.00..21.95 rows=952 width=0)
	        Index Cond: ((id >= 6248561) AND (id <= 6249560))

table 5 : explain SELECT c FROM sbtest5 WHERE id BETWEEN 4652824 AND 4653823
	Bitmap Heap Scan on sbtest5  (cost=22.96..3963.76 rows=1027 width=121)
	  Recheck Cond: ((id >= 4652824) AND (id <= 4653823))
	  ->  Bitmap Index Scan on sbtest5_pkey  (cost=0.00..22.70 rows=1027 width=0)
	        Index Cond: ((id >= 4652824) AND (id <= 4653823))

table 6 : explain SELECT c FROM sbtest6 WHERE id BETWEEN 2969484 AND 2970483
	Bitmap Heap Scan on sbtest6  (cost=27.77..4261.09 rows=1106 width=121)
	  Recheck Cond: ((id >= 2969484) AND (id <= 2970483))
	  ->  Bitmap Index Scan on sbtest6_pkey  (cost=0.00..27.50 rows=1106 width=0)
	        Index Cond: ((id >= 2969484) AND (id <= 2970483))

table 7 : explain SELECT c FROM sbtest7 WHERE id BETWEEN 5739075 AND 5740074
	Bitmap Heap Scan on sbtest7  (cost=22.62..3840.54 rows=994 width=121)
	  Recheck Cond: ((id >= 5739075) AND (id <= 5740074))
	  ->  Bitmap Index Scan on sbtest7_pkey  (cost=0.00..22.37 rows=994 width=0)
	        Index Cond: ((id >= 5739075) AND (id <= 5740074))

table 8 : explain SELECT c FROM sbtest8 WHERE id BETWEEN 871639 AND 872638
	Bitmap Heap Scan on sbtest8  (cost=22.48..3787.72 rows=980 width=121)
	  Recheck Cond: ((id >= 871639) AND (id <= 872638))
	  ->  Bitmap Index Scan on sbtest8_pkey  (cost=0.00..22.23 rows=980 width=0)
	        Index Cond: ((id >= 871639) AND (id <= 872638))

for: distinct_ranges
table 1 : explain SELECT DISTINCT c FROM sbtest1 WHERE id BETWEEN 896942 AND 897941 ORDER BY c
	Unique  (cost=4085.13..4090.36 rows=1046 width=121)
	  ->  Sort  (cost=4085.13..4087.74 rows=1046 width=121)
	        Sort Key: c
	        ->  Bitmap Heap Scan on sbtest1  (cost=23.16..4032.67 rows=1046 width=121)
	              Recheck Cond: ((id >= 896942) AND (id <= 897941))
	              ->  Bitmap Index Scan on sbtest1_pkey  (cost=0.00..22.89 rows=1046 width=0)
	                    Index Cond: ((id >= 896942) AND (id <= 897941))

table 2 : explain SELECT DISTINCT c FROM sbtest2 WHERE id BETWEEN 4274058 AND 4275057 ORDER BY c
	Unique  (cost=3860.98..3865.91 rows=987 width=121)
	  ->  Sort  (cost=3860.98..3863.45 rows=987 width=121)
	        Sort Key: c
	        ->  Bitmap Heap Scan on sbtest2  (cost=22.55..3811.89 rows=987 width=121)
	              Recheck Cond: ((id >= 4274058) AND (id <= 4275057))
	              ->  Bitmap Index Scan on sbtest2_pkey  (cost=0.00..22.30 rows=987 width=0)
	                    Index Cond: ((id >= 4274058) AND (id <= 4275057))

table 3 : explain SELECT DISTINCT c FROM sbtest3 WHERE id BETWEEN 7654866 AND 7655865 ORDER BY c
	Unique  (cost=4189.50..4194.87 rows=1073 width=121)
	  ->  Sort  (cost=4189.50..4192.18 rows=1073 width=121)
	        Sort Key: c
	        ->  Bitmap Heap Scan on sbtest3  (cost=23.43..4135.49 rows=1073 width=121)
	              Recheck Cond: ((id >= 7654866) AND (id <= 7655865))
	              ->  Bitmap Index Scan on sbtest3_pkey  (cost=0.00..23.16 rows=1073 width=0)
	                    Index Cond: ((id >= 7654866) AND (id <= 7655865))

table 4 : explain SELECT DISTINCT c FROM sbtest4 WHERE id BETWEEN 5363057 AND 5364056 ORDER BY c
	Unique  (cost=3758.80..3763.60 rows=960 width=121)
	  ->  Sort  (cost=3758.80..3761.20 rows=960 width=121)
	        Sort Key: c
	        ->  Bitmap Heap Scan on sbtest4  (cost=22.27..3711.25 rows=960 width=121)
	              Recheck Cond: ((id >= 5363057) AND (id <= 5364056))
	              ->  Bitmap Index Scan on sbtest4_pkey  (cost=0.00..22.04 rows=960 width=0)
	                    Index Cond: ((id >= 5363057) AND (id <= 5364056))

table 5 : explain SELECT DISTINCT c FROM sbtest5 WHERE id BETWEEN 5209940 AND 5210939 ORDER BY c
	Unique  (cost=3655.38..3660.05 rows=933 width=121)
	  ->  Sort  (cost=3655.38..3657.72 rows=933 width=121)
	        Sort Key: c
	        ->  Bitmap Heap Scan on sbtest5  (cost=22.00..3609.36 rows=933 width=121)
	              Recheck Cond: ((id >= 5209940) AND (id <= 5210939))
	              ->  Bitmap Index Scan on sbtest5_pkey  (cost=0.00..21.76 rows=933 width=0)
	                    Index Cond: ((id >= 5209940) AND (id <= 5210939))

table 6 : explain SELECT DISTINCT c FROM sbtest6 WHERE id BETWEEN 7412799 AND 7413798 ORDER BY c
	Unique  (cost=4278.79..4284.27 rows=1095 width=121)
	  ->  Sort  (cost=4278.79..4281.53 rows=1095 width=121)
	        Sort Key: c
	        ->  Bitmap Heap Scan on sbtest6  (cost=27.66..4223.51 rows=1095 width=121)
	              Recheck Cond: ((id >= 7412799) AND (id <= 7413798))
	              ->  Bitmap Index Scan on sbtest6_pkey  (cost=0.00..27.39 rows=1095 width=0)
	                    Index Cond: ((id >= 7412799) AND (id <= 7413798))

table 7 : explain SELECT DISTINCT c FROM sbtest7 WHERE id BETWEEN 7776963 AND 7777962 ORDER BY c
	Unique  (cost=3717.69..3722.44 rows=949 width=121)
	  ->  Sort  (cost=3717.69..3720.07 rows=949 width=121)
	        Sort Key: c
	        ->  Bitmap Heap Scan on sbtest7  (cost=22.16..3670.76 rows=949 width=121)
	              Recheck Cond: ((id >= 7776963) AND (id <= 7777962))
	              ->  Bitmap Index Scan on sbtest7_pkey  (cost=0.00..21.93 rows=949 width=0)
	                    Index Cond: ((id >= 7776963) AND (id <= 7777962))

table 8 : explain SELECT DISTINCT c FROM sbtest8 WHERE id BETWEEN 5427616 AND 5428615 ORDER BY c
	Unique  (cost=3874.69..3879.64 rows=990 width=121)
	  ->  Sort  (cost=3874.69..3877.16 rows=990 width=121)
	        Sort Key: c
	        ->  Bitmap Heap Scan on sbtest8  (cost=22.58..3825.43 rows=990 width=121)
	              Recheck Cond: ((id >= 5427616) AND (id <= 5428615))
	              ->  Bitmap Index Scan on sbtest8_pkey  (cost=0.00..22.33 rows=990 width=0)
	                    Index Cond: ((id >= 5427616) AND (id <= 5428615))

for: sum_ranges
table 1 : explain SELECT SUM(k) FROM sbtest1 WHERE id BETWEEN 2368336 AND 2369335
	Aggregate  (cost=3367.61..3367.62 rows=1 width=8)
	  ->  Bitmap Heap Scan on sbtest1  (cost=21.34..3365.44 rows=869 width=4)
	        Recheck Cond: ((id >= 2368336) AND (id <= 2369335))
	        ->  Bitmap Index Scan on sbtest1_pkey  (cost=0.00..21.12 rows=869 width=0)
	              Index Cond: ((id >= 2368336) AND (id <= 2369335))

table 2 : explain SELECT SUM(k) FROM sbtest2 WHERE id BETWEEN 5786194 AND 5787193
	Aggregate  (cost=3674.78..3674.79 rows=1 width=8)
	  ->  Bitmap Heap Scan on sbtest2  (cost=22.17..3672.40 rows=950 width=4)
	        Recheck Cond: ((id >= 5786194) AND (id <= 5787193))
	        ->  Bitmap Index Scan on sbtest2_pkey  (cost=0.00..21.93 rows=950 width=0)
	              Index Cond: ((id >= 5786194) AND (id <= 5787193))

table 3 : explain SELECT SUM(k) FROM sbtest3 WHERE id BETWEEN 756849 AND 757848
	Aggregate  (cost=3859.66..3859.67 rows=1 width=8)
	  ->  Bitmap Heap Scan on sbtest3  (cost=22.67..3857.16 rows=999 width=4)
	        Recheck Cond: ((id >= 756849) AND (id <= 757848))
	        ->  Bitmap Index Scan on sbtest3_pkey  (cost=0.00..22.43 rows=999 width=0)
	              Index Cond: ((id >= 756849) AND (id <= 757848))

table 4 : explain SELECT SUM(k) FROM sbtest4 WHERE id BETWEEN 3687785 AND 3688784
	Aggregate  (cost=3966.30..3966.31 rows=1 width=8)
	  ->  Bitmap Heap Scan on sbtest4  (cost=22.96..3963.73 rows=1027 width=4)
	        Recheck Cond: ((id >= 3687785) AND (id <= 3688784))
	        ->  Bitmap Index Scan on sbtest4_pkey  (cost=0.00..22.70 rows=1027 width=0)
	              Index Cond: ((id >= 3687785) AND (id <= 3688784))

table 5 : explain SELECT SUM(k) FROM sbtest5 WHERE id BETWEEN 6358821 AND 6359820
	Aggregate  (cost=3607.91..3607.92 rows=1 width=8)
	  ->  Bitmap Heap Scan on sbtest5  (cost=21.99..3605.58 rows=932 width=4)
	        Recheck Cond: ((id >= 6358821) AND (id <= 6359820))
	        ->  Bitmap Index Scan on sbtest5_pkey  (cost=0.00..21.75 rows=932 width=0)
	              Index Cond: ((id >= 6358821) AND (id <= 6359820))

table 6 : explain SELECT SUM(k) FROM sbtest6 WHERE id BETWEEN 2622364 AND 2623363
	Aggregate  (cost=3906.12..3906.13 rows=1 width=8)
	  ->  Bitmap Heap Scan on sbtest6  (cost=22.80..3903.59 rows=1011 width=4)
	        Recheck Cond: ((id >= 2622364) AND (id <= 2623363))
	        ->  Bitmap Index Scan on sbtest6_pkey  (cost=0.00..22.54 rows=1011 width=0)
	              Index Cond: ((id >= 2622364) AND (id <= 2623363))

table 7 : explain SELECT SUM(k) FROM sbtest7 WHERE id BETWEEN 1943205 AND 1944204
	Aggregate  (cost=3809.07..3809.08 rows=1 width=8)
	  ->  Bitmap Heap Scan on sbtest7  (cost=22.53..3806.61 rows=985 width=4)
	        Recheck Cond: ((id >= 1943205) AND (id <= 1944204))
	        ->  Bitmap Index Scan on sbtest7_pkey  (cost=0.00..22.29 rows=985 width=0)
	              Index Cond: ((id >= 1943205) AND (id <= 1944204))

table 8 : explain SELECT SUM(k) FROM sbtest8 WHERE id BETWEEN 3814626 AND 3815625
	Aggregate  (cost=3639.09..3639.10 rows=1 width=8)
	  ->  Bitmap Heap Scan on sbtest8  (cost=22.07..3636.74 rows=940 width=4)
	        Recheck Cond: ((id >= 3814626) AND (id <= 3815625))
	        ->  Bitmap Index Scan on sbtest8_pkey  (cost=0.00..21.83 rows=940 width=0)
	              Index Cond: ((id >= 3814626) AND (id <= 3815625))

for: order_ranges
table 1 : explain SELECT c FROM sbtest1 WHERE id BETWEEN 4477046 AND 4478045 ORDER BY c
	Sort  (cost=3962.97..3965.51 rows=1014 width=121)
	  Sort Key: c
	  ->  Bitmap Heap Scan on sbtest1  (cost=22.83..3912.35 rows=1014 width=121)
	        Recheck Cond: ((id >= 4477046) AND (id <= 4478045))
	        ->  Bitmap Index Scan on sbtest1_pkey  (cost=0.00..22.57 rows=1014 width=0)
	              Index Cond: ((id >= 4477046) AND (id <= 4478045))

table 2 : explain SELECT c FROM sbtest2 WHERE id BETWEEN 5974494 AND 5975493 ORDER BY c
	Sort  (cost=3715.56..3717.93 rows=949 width=121)
	  Sort Key: c
	  ->  Bitmap Heap Scan on sbtest2  (cost=22.16..3668.63 rows=949 width=121)
	        Recheck Cond: ((id >= 5974494) AND (id <= 5975493))
	        ->  Bitmap Index Scan on sbtest2_pkey  (cost=0.00..21.93 rows=949 width=0)
	              Index Cond: ((id >= 5974494) AND (id <= 5975493))

table 3 : explain SELECT c FROM sbtest3 WHERE id BETWEEN 7167430 AND 7168429 ORDER BY c
	Sort  (cost=3696.48..3698.84 rows=944 width=121)
	  Sort Key: c
	  ->  Bitmap Heap Scan on sbtest3  (cost=22.11..3649.83 rows=944 width=121)
	        Recheck Cond: ((id >= 7167430) AND (id <= 7168429))
	        ->  Bitmap Index Scan on sbtest3_pkey  (cost=0.00..21.87 rows=944 width=0)
	              Index Cond: ((id >= 7167430) AND (id <= 7168429))

table 4 : explain SELECT c FROM sbtest4 WHERE id BETWEEN 7911904 AND 7912903 ORDER BY c
	Sort  (cost=3938.66..3941.17 rows=1007 width=121)
	  Sort Key: c
	  ->  Bitmap Heap Scan on sbtest4  (cost=22.76..3888.43 rows=1007 width=121)
	        Recheck Cond: ((id >= 7911904) AND (id <= 7912903))
	        ->  Bitmap Index Scan on sbtest4_pkey  (cost=0.00..22.50 rows=1007 width=0)
	              Index Cond: ((id >= 7911904) AND (id <= 7912903))

table 5 : explain SELECT c FROM sbtest5 WHERE id BETWEEN 5867385 AND 5868384 ORDER BY c
	Sort  (cost=4106.81..4109.44 rows=1051 width=121)
	  Sort Key: c
	  ->  Bitmap Heap Scan on sbtest5  (cost=23.21..4054.06 rows=1051 width=121)
	        Recheck Cond: ((id >= 5867385) AND (id <= 5868384))
	        ->  Bitmap Index Scan on sbtest5_pkey  (cost=0.00..22.94 rows=1051 width=0)
	              Index Cond: ((id >= 5867385) AND (id <= 5868384))

table 6 : explain SELECT c FROM sbtest6 WHERE id BETWEEN 5805211 AND 5806210 ORDER BY c
	Sort  (cost=3712.93..3715.30 rows=948 width=121)
	  Sort Key: c
	  ->  Bitmap Heap Scan on sbtest6  (cost=22.15..3666.06 rows=948 width=121)
	        Recheck Cond: ((id >= 5805211) AND (id <= 5806210))
	        ->  Bitmap Index Scan on sbtest6_pkey  (cost=0.00..21.91 rows=948 width=0)
	              Index Cond: ((id >= 5805211) AND (id <= 5806210))

table 7 : explain SELECT c FROM sbtest7 WHERE id BETWEEN 8934302 AND 8935301 ORDER BY c
	Sort  (cost=3763.67..3766.08 rows=961 width=121)
	  Sort Key: c
	  ->  Bitmap Heap Scan on sbtest7  (cost=22.29..3716.06 rows=961 width=121)
	        Recheck Cond: ((id >= 8934302) AND (id <= 8935301))
	        ->  Bitmap Index Scan on sbtest7_pkey  (cost=0.00..22.04 rows=961 width=0)
	              Index Cond: ((id >= 8934302) AND (id <= 8935301))

table 8 : explain SELECT c FROM sbtest8 WHERE id BETWEEN 4141102 AND 4142101 ORDER BY c
	Sort  (cost=3867.03..3869.50 rows=988 width=121)
	  Sort Key: c
	  ->  Bitmap Heap Scan on sbtest8  (cost=22.56..3817.89 rows=988 width=121)
	        Recheck Cond: ((id >= 4141102) AND (id <= 4142101))
	        ->  Bitmap Index Scan on sbtest8_pkey  (cost=0.00..22.32 rows=988 width=0)
	              Index Cond: ((id >= 4141102) AND (id <= 4142101))

for: sum_ranges
table 1 : explain SELECT SUM(k) FROM sbtest1 WHERE id BETWEEN 1244333 AND 1245332
	Aggregate  (cost=3843.33..3843.34 rows=1 width=8)
	  ->  Bitmap Heap Scan on sbtest1  (cost=22.63..3840.84 rows=995 width=4)
	        Recheck Cond: ((id >= 1244333) AND (id <= 1245332))
	        ->  Bitmap Index Scan on sbtest1_pkey  (cost=0.00..22.39 rows=995 width=0)
	              Index Cond: ((id >= 1244333) AND (id <= 1245332))

table 2 : explain SELECT SUM(k) FROM sbtest2 WHERE id BETWEEN 9750175 AND 9751174
	Aggregate  (cost=3565.25..3565.26 rows=1 width=8)
	  ->  Bitmap Heap Scan on sbtest2  (cost=21.88..3562.95 rows=921 width=4)
	        Recheck Cond: ((id >= 9750175) AND (id <= 9751174))
	        ->  Bitmap Index Scan on sbtest2_pkey  (cost=0.00..21.64 rows=921 width=0)
	              Index Cond: ((id >= 9750175) AND (id <= 9751174))

table 3 : explain SELECT SUM(k) FROM sbtest3 WHERE id BETWEEN 6985058 AND 6986057
	Aggregate  (cost=3735.23..3735.24 rows=1 width=8)
	  ->  Bitmap Heap Scan on sbtest3  (cost=22.34..3732.81 rows=966 width=4)
	        Recheck Cond: ((id >= 6985058) AND (id <= 6986057))
	        ->  Bitmap Index Scan on sbtest3_pkey  (cost=0.00..22.09 rows=966 width=0)
	              Index Cond: ((id >= 6985058) AND (id <= 6986057))

table 4 : explain SELECT SUM(k) FROM sbtest4 WHERE id BETWEEN 4300870 AND 4301869
	Aggregate  (cost=4049.14..4049.15 rows=1 width=8)
	  ->  Bitmap Heap Scan on sbtest4  (cost=23.19..4046.51 rows=1049 width=4)
	        Recheck Cond: ((id >= 4300870) AND (id <= 4301869))
	        ->  Bitmap Index Scan on sbtest4_pkey  (cost=0.00..22.93 rows=1049 width=0)
	              Index Cond: ((id >= 4300870) AND (id <= 4301869))

table 5 : explain SELECT SUM(k) FROM sbtest5 WHERE id BETWEEN 8014845 AND 8015844
	Aggregate  (cost=3706.12..3706.13 rows=1 width=8)
	  ->  Bitmap Heap Scan on sbtest5  (cost=22.25..3703.73 rows=958 width=4)
	        Recheck Cond: ((id >= 8014845) AND (id <= 8015844))
	        ->  Bitmap Index Scan on sbtest5_pkey  (cost=0.00..22.01 rows=958 width=0)
	              Index Cond: ((id >= 8014845) AND (id <= 8015844))

table 6 : explain SELECT SUM(k) FROM sbtest6 WHERE id BETWEEN 7319206 AND 7320205
	Aggregate  (cost=3868.42..3868.43 rows=1 width=8)
	  ->  Bitmap Heap Scan on sbtest6  (cost=22.70..3865.92 rows=1001 width=4)
	        Recheck Cond: ((id >= 7319206) AND (id <= 7320205))
	        ->  Bitmap Index Scan on sbtest6_pkey  (cost=0.00..22.44 rows=1001 width=0)
	              Index Cond: ((id >= 7319206) AND (id <= 7320205))

table 7 : explain SELECT SUM(k) FROM sbtest7 WHERE id BETWEEN 6686171 AND 6687170
	Aggregate  (cost=3537.03..3537.04 rows=1 width=8)
	  ->  Bitmap Heap Scan on sbtest7  (cost=21.79..3534.75 rows=913 width=4)
	        Recheck Cond: ((id >= 6686171) AND (id <= 6687170))
	        ->  Bitmap Index Scan on sbtest7_pkey  (cost=0.00..21.57 rows=913 width=0)
	              Index Cond: ((id >= 6686171) AND (id <= 6687170))

table 8 : explain SELECT SUM(k) FROM sbtest8 WHERE id BETWEEN 5697049 AND 5698048
	Aggregate  (cost=4140.86..4140.87 rows=1 width=8)
	  ->  Bitmap Heap Scan on sbtest8  (cost=27.42..4138.18 rows=1072 width=4)
	        Recheck Cond: ((id >= 5697049) AND (id <= 5698048))
	        ->  Bitmap Index Scan on sbtest8_pkey  (cost=0.00..27.15 rows=1072 width=0)
	              Index Cond: ((id >= 5697049) AND (id <= 5698048))

for: distinct_ranges
table 1 : explain SELECT DISTINCT c FROM sbtest1 WHERE id BETWEEN 7028973 AND 7029972 ORDER BY c
	Unique  (cost=3603.41..3608.01 rows=920 width=121)
	  ->  Sort  (cost=3603.41..3605.71 rows=920 width=121)
	        Sort Key: c
	        ->  Bitmap Heap Scan on sbtest1  (cost=21.87..3558.12 rows=920 width=121)
	              Recheck Cond: ((id >= 7028973) AND (id <= 7029972))
	              ->  Bitmap Index Scan on sbtest1_pkey  (cost=0.00..21.64 rows=920 width=0)
	                    Index Cond: ((id >= 7028973) AND (id <= 7029972))

table 2 : explain SELECT DISTINCT c FROM sbtest2 WHERE id BETWEEN 4100680 AND 4101679 ORDER BY c
	Unique  (cost=4040.59..4045.76 rows=1034 width=121)
	  ->  Sort  (cost=4040.59..4043.17 rows=1034 width=121)
	        Sort Key: c
	        ->  Bitmap Heap Scan on sbtest2  (cost=23.03..3988.82 rows=1034 width=121)
	              Recheck Cond: ((id >= 4100680) AND (id <= 4101679))
	              ->  Bitmap Index Scan on sbtest2_pkey  (cost=0.00..22.77 rows=1034 width=0)
	                    Index Cond: ((id >= 4100680) AND (id <= 4101679))

table 3 : explain SELECT DISTINCT c FROM sbtest3 WHERE id BETWEEN 1380205 AND 1381204 ORDER BY c
	Unique  (cost=4105.56..4110.82 rows=1051 width=121)
	  ->  Sort  (cost=4105.56..4108.19 rows=1051 width=121)
	        Sort Key: c
	        ->  Bitmap Heap Scan on sbtest3  (cost=23.21..4052.82 rows=1051 width=121)
	              Recheck Cond: ((id >= 1380205) AND (id <= 1381204))
	              ->  Bitmap Index Scan on sbtest3_pkey  (cost=0.00..22.94 rows=1051 width=0)
	                    Index Cond: ((id >= 1380205) AND (id <= 1381204))

table 4 : explain SELECT DISTINCT c FROM sbtest4 WHERE id BETWEEN 2703176 AND 2704175 ORDER BY c
	Unique  (cost=4099.15..4104.39 rows=1049 width=121)
	  ->  Sort  (cost=4099.15..4101.77 rows=1049 width=121)
	        Sort Key: c
	        ->  Bitmap Heap Scan on sbtest4  (cost=23.19..4046.51 rows=1049 width=121)
	              Recheck Cond: ((id >= 2703176) AND (id <= 2704175))
	              ->  Bitmap Index Scan on sbtest4_pkey  (cost=0.00..22.93 rows=1049 width=0)
	                    Index Cond: ((id >= 2703176) AND (id <= 2704175))

table 5 : explain SELECT DISTINCT c FROM sbtest5 WHERE id BETWEEN 5204508 AND 5205507 ORDER BY c
	Unique  (cost=3655.38..3660.05 rows=933 width=121)
	  ->  Sort  (cost=3655.38..3657.72 rows=933 width=121)
	        Sort Key: c
	        ->  Bitmap Heap Scan on sbtest5  (cost=22.00..3609.36 rows=933 width=121)
	              Recheck Cond: ((id >= 5204508) AND (id <= 5205507))
	              ->  Bitmap Index Scan on sbtest5_pkey  (cost=0.00..21.76 rows=933 width=0)
	                    Index Cond: ((id >= 5204508) AND (id <= 5205507))

table 6 : explain SELECT DISTINCT c FROM sbtest6 WHERE id BETWEEN 7589522 AND 7590521 ORDER BY c
	Unique  (cost=3843.12..3848.03 rows=982 width=121)
	  ->  Sort  (cost=3843.12..3845.57 rows=982 width=121)
	        Sort Key: c
	        ->  Bitmap Heap Scan on sbtest6  (cost=22.50..3794.31 rows=982 width=121)
	              Recheck Cond: ((id >= 7589522) AND (id <= 7590521))
	              ->  Bitmap Index Scan on sbtest6_pkey  (cost=0.00..22.25 rows=982 width=0)
	                    Index Cond: ((id >= 7589522) AND (id <= 7590521))

table 7 : explain SELECT DISTINCT c FROM sbtest7 WHERE id BETWEEN 3183658 AND 3184657 ORDER BY c
	Unique  (cost=3943.60..3948.64 rows=1008 width=121)
	  ->  Sort  (cost=3943.60..3946.12 rows=1008 width=121)
	        Sort Key: c
	        ->  Bitmap Heap Scan on sbtest7  (cost=22.77..3893.31 rows=1008 width=121)
	              Recheck Cond: ((id >= 3183658) AND (id <= 3184657))
	              ->  Bitmap Index Scan on sbtest7_pkey  (cost=0.00..22.51 rows=1008 width=0)
	                    Index Cond: ((id >= 3183658) AND (id <= 3184657))

table 8 : explain SELECT DISTINCT c FROM sbtest8 WHERE id BETWEEN 1315342 AND 1316341 ORDER BY c
	Unique  (cost=3472.13..3476.55 rows=885 width=121)
	  ->  Sort  (cost=3472.13..3474.34 rows=885 width=121)
	        Sort Key: c
	        ->  Bitmap Heap Scan on sbtest8  (cost=21.51..3428.81 rows=885 width=121)
	              Recheck Cond: ((id >= 1315342) AND (id <= 1316341))
	              ->  Bitmap Index Scan on sbtest8_pkey  (cost=0.00..21.29 rows=885 width=0)
	                    Index Cond: ((id >= 1315342) AND (id <= 1316341))

explain: for point_selects :: explain SELECT c FROM sbtest%u WHERE id=%u
for: order_ranges
table 1 : explain SELECT c FROM sbtest1 WHERE id BETWEEN 1106157 AND 1107156 ORDER BY c
	Sort  (cost=4146.16..4148.81 rows=1062 width=121)
	  Sort Key: c
	  ->  Bitmap Heap Scan on sbtest1  (cost=23.32..4092.78 rows=1062 width=121)
	        Recheck Cond: ((id >= 1106157) AND (id <= 1107156))
	        ->  Bitmap Index Scan on sbtest1_pkey  (cost=0.00..23.05 rows=1062 width=0)
	              Index Cond: ((id >= 1106157) AND (id <= 1107156))

table 2 : explain SELECT c FROM sbtest2 WHERE id BETWEEN 2184832 AND 2185831 ORDER BY c
	Sort  (cost=3642.79..3645.11 rows=930 width=121)
	  Sort Key: c
	  ->  Bitmap Heap Scan on sbtest2  (cost=21.97..3596.93 rows=930 width=121)
	        Recheck Cond: ((id >= 2184832) AND (id <= 2185831))
	        ->  Bitmap Index Scan on sbtest2_pkey  (cost=0.00..21.73 rows=930 width=0)
	              Index Cond: ((id >= 2184832) AND (id <= 2185831))

table 3 : explain SELECT c FROM sbtest3 WHERE id BETWEEN 9313979 AND 9314978 ORDER BY c
	Sort  (cost=3952.80..3955.33 rows=1011 width=121)
	  Sort Key: c
	  ->  Bitmap Heap Scan on sbtest3  (cost=22.80..3902.34 rows=1011 width=121)
	        Recheck Cond: ((id >= 9313979) AND (id <= 9314978))
	        ->  Bitmap Index Scan on sbtest3_pkey  (cost=0.00..22.54 rows=1011 width=0)
	              Index Cond: ((id >= 9313979) AND (id <= 9314978))

table 4 : explain SELECT c FROM sbtest4 WHERE id BETWEEN 1060234 AND 1061233 ORDER BY c
	Sort  (cost=3739.66..3742.04 rows=955 width=121)
	  Sort Key: c
	  ->  Bitmap Heap Scan on sbtest4  (cost=22.22..3692.39 rows=955 width=121)
	        Recheck Cond: ((id >= 1060234) AND (id <= 1061233))
	        ->  Bitmap Index Scan on sbtest4_pkey  (cost=0.00..21.98 rows=955 width=0)
	              Index Cond: ((id >= 1060234) AND (id <= 1061233))

table 5 : explain SELECT c FROM sbtest5 WHERE id BETWEEN 596608 AND 597607 ORDER BY c
	Sort  (cost=4083.90..4086.51 rows=1045 width=121)
	  Sort Key: c
	  ->  Bitmap Heap Scan on sbtest5  (cost=23.15..4031.49 rows=1045 width=121)
	        Recheck Cond: ((id >= 596608) AND (id <= 597607))
	        ->  Bitmap Index Scan on sbtest5_pkey  (cost=0.00..22.89 rows=1045 width=0)
	              Index Cond: ((id >= 596608) AND (id <= 597607))

table 6 : explain SELECT c FROM sbtest6 WHERE id BETWEEN 9636825 AND 9637824 ORDER BY c
	Sort  (cost=3816.33..3818.76 rows=975 width=121)
	  Sort Key: c
	  ->  Bitmap Heap Scan on sbtest6  (cost=22.43..3767.92 rows=975 width=121)
	        Recheck Cond: ((id >= 9636825) AND (id <= 9637824))
	        ->  Bitmap Index Scan on sbtest6_pkey  (cost=0.00..22.18 rows=975 width=0)
	              Index Cond: ((id >= 9636825) AND (id <= 9637824))

table 7 : explain SELECT c FROM sbtest7 WHERE id BETWEEN 1663949 AND 1664948 ORDER BY c
	Sort  (cost=3629.51..3631.83 rows=926 width=121)
	  Sort Key: c
	  ->  Bitmap Heap Scan on sbtest7  (cost=21.93..3583.88 rows=926 width=121)
	        Recheck Cond: ((id >= 1663949) AND (id <= 1664948))
	        ->  Bitmap Index Scan on sbtest7_pkey  (cost=0.00..21.69 rows=926 width=0)
	              Index Cond: ((id >= 1663949) AND (id <= 1664948))

table 8 : explain SELECT c FROM sbtest8 WHERE id BETWEEN 4424936 AND 4425935 ORDER BY c
	Sort  (cost=3663.99..3666.33 rows=935 width=121)
	  Sort Key: c
	  ->  Bitmap Heap Scan on sbtest8  (cost=22.02..3617.86 rows=935 width=121)
	        Recheck Cond: ((id >= 4424936) AND (id <= 4425935))
	        ->  Bitmap Index Scan on sbtest8_pkey  (cost=0.00..21.79 rows=935 width=0)
	              Index Cond: ((id >= 4424936) AND (id <= 4425935))

explain: for point_selects :: explain SELECT c FROM sbtest%u WHERE id=%u
explain: for point_selects :: explain SELECT c FROM sbtest%u WHERE id=%u
explain: for point_selects :: explain SELECT c FROM sbtest%u WHERE id=%u
for: order_ranges
table 1 : explain SELECT c FROM sbtest1 WHERE id BETWEEN 1264259 AND 1265258 ORDER BY c
	Sort  (cost=3890.39..3892.87 rows=995 width=121)
	  Sort Key: c
	  ->  Bitmap Heap Scan on sbtest1  (cost=22.63..3840.84 rows=995 width=121)
	        Recheck Cond: ((id >= 1264259) AND (id <= 1265258))
	        ->  Bitmap Index Scan on sbtest1_pkey  (cost=0.00..22.39 rows=995 width=0)
	              Index Cond: ((id >= 1264259) AND (id <= 1265258))

table 2 : explain SELECT c FROM sbtest2 WHERE id BETWEEN 3841395 AND 3842394 ORDER BY c
	Sort  (cost=3903.04..3905.53 rows=998 width=121)
	  Sort Key: c
	  ->  Bitmap Heap Scan on sbtest2  (cost=22.66..3853.32 rows=998 width=121)
	        Recheck Cond: ((id >= 3841395) AND (id <= 3842394))
	        ->  Bitmap Index Scan on sbtest2_pkey  (cost=0.00..22.41 rows=998 width=0)
	              Index Cond: ((id >= 3841395) AND (id <= 3842394))

table 3 : explain SELECT c FROM sbtest3 WHERE id BETWEEN 4414712 AND 4415711 ORDER BY c
	Sort  (cost=3880.17..3882.65 rows=992 width=121)
	  Sort Key: c
	  ->  Bitmap Heap Scan on sbtest3  (cost=22.60..3830.79 rows=992 width=121)
	        Recheck Cond: ((id >= 4414712) AND (id <= 4415711))
	        ->  Bitmap Index Scan on sbtest3_pkey  (cost=0.00..22.36 rows=992 width=0)
	              Index Cond: ((id >= 4414712) AND (id <= 4415711))

table 4 : explain SELECT c FROM sbtest4 WHERE id BETWEEN 3260016 AND 3261015 ORDER BY c
	Sort  (cost=3816.23..3818.67 rows=975 width=121)
	  Sort Key: c
	  ->  Bitmap Heap Scan on sbtest4  (cost=22.43..3767.83 rows=975 width=121)
	        Recheck Cond: ((id >= 3260016) AND (id <= 3261015))
	        ->  Bitmap Index Scan on sbtest4_pkey  (cost=0.00..22.18 rows=975 width=0)
	              Index Cond: ((id >= 3260016) AND (id <= 3261015))

table 5 : explain SELECT c FROM sbtest5 WHERE id BETWEEN 5325120 AND 5326119 ORDER BY c
	Sort  (cost=3586.37..3588.66 rows=915 width=121)
	  Sort Key: c
	  ->  Bitmap Heap Scan on sbtest5  (cost=21.81..3541.36 rows=915 width=121)
	        Recheck Cond: ((id >= 5325120) AND (id <= 5326119))
	        ->  Bitmap Index Scan on sbtest5_pkey  (cost=0.00..21.58 rows=915 width=0)
	              Index Cond: ((id >= 5325120) AND (id <= 5326119))

table 6 : explain SELECT c FROM sbtest6 WHERE id BETWEEN 4595201 AND 4596200 ORDER BY c
	Sort  (cost=3850.77..3853.23 rows=984 width=121)
	  Sort Key: c
	  ->  Bitmap Heap Scan on sbtest6  (cost=22.52..3801.85 rows=984 width=121)
	        Recheck Cond: ((id >= 4595201) AND (id <= 4596200))
	        ->  Bitmap Index Scan on sbtest6_pkey  (cost=0.00..22.27 rows=984 width=0)
	              Index Cond: ((id >= 4595201) AND (id <= 4596200))

table 7 : explain SELECT c FROM sbtest7 WHERE id BETWEEN 2889014 AND 2890013 ORDER BY c
	Sort  (cost=4111.79..4114.42 rows=1052 width=121)
	  Sort Key: c
	  ->  Bitmap Heap Scan on sbtest7  (cost=23.22..4058.99 rows=1052 width=121)
	        Recheck Cond: ((id >= 2889014) AND (id <= 2890013))
	        ->  Bitmap Index Scan on sbtest7_pkey  (cost=0.00..22.95 rows=1052 width=0)
	              Index Cond: ((id >= 2889014) AND (id <= 2890013))

table 8 : explain SELECT c FROM sbtest8 WHERE id BETWEEN 4462150 AND 4463149 ORDER BY c
	Sort  (cost=3663.99..3666.33 rows=935 width=121)
	  Sort Key: c
	  ->  Bitmap Heap Scan on sbtest8  (cost=22.02..3617.86 rows=935 width=121)
	        Recheck Cond: ((id >= 4462150) AND (id <= 4463149))
	        ->  Bitmap Index Scan on sbtest8_pkey  (cost=0.00..21.79 rows=935 width=0)
	              Index Cond: ((id >= 4462150) AND (id <= 4463149))

for: distinct_ranges
table 1 : explain SELECT DISTINCT c FROM sbtest1 WHERE id BETWEEN 1203315 AND 1204314 ORDER BY c
	Unique  (cost=3890.39..3895.36 rows=995 width=121)
	  ->  Sort  (cost=3890.39..3892.87 rows=995 width=121)
	        Sort Key: c
	        ->  Bitmap Heap Scan on sbtest1  (cost=22.63..3840.84 rows=995 width=121)
	              Recheck Cond: ((id >= 1203315) AND (id <= 1204314))
	              ->  Bitmap Index Scan on sbtest1_pkey  (cost=0.00..22.39 rows=995 width=0)
	                    Index Cond: ((id >= 1203315) AND (id <= 1204314))

table 2 : explain SELECT DISTINCT c FROM sbtest2 WHERE id BETWEEN 7069884 AND 7070883 ORDER BY c
	Unique  (cost=3929.80..3934.82 rows=1005 width=121)
	  ->  Sort  (cost=3929.80..3932.31 rows=1005 width=121)
	        Sort Key: c
	        ->  Bitmap Heap Scan on sbtest2  (cost=22.74..3879.68 rows=1005 width=121)
	              Recheck Cond: ((id >= 7069884) AND (id <= 7070883))
	              ->  Bitmap Index Scan on sbtest2_pkey  (cost=0.00..22.48 rows=1005 width=0)
	                    Index Cond: ((id >= 7069884) AND (id <= 7070883))

table 3 : explain SELECT DISTINCT c FROM sbtest3 WHERE id BETWEEN 788359 AND 789358 ORDER BY c
	Unique  (cost=3906.93..3911.93 rows=999 width=121)
	  ->  Sort  (cost=3906.93..3909.43 rows=999 width=121)
	        Sort Key: c
	        ->  Bitmap Heap Scan on sbtest3  (cost=22.67..3857.16 rows=999 width=121)
	              Recheck Cond: ((id >= 788359) AND (id <= 789358))
	              ->  Bitmap Index Scan on sbtest3_pkey  (cost=0.00..22.43 rows=999 width=0)
	                    Index Cond: ((id >= 788359) AND (id <= 789358))

table 4 : explain SELECT DISTINCT c FROM sbtest4 WHERE id BETWEEN 8821238 AND 8822237 ORDER BY c
	Unique  (cost=3697.52..3702.24 rows=944 width=121)
	  ->  Sort  (cost=3697.52..3699.88 rows=944 width=121)
	        Sort Key: c
	        ->  Bitmap Heap Scan on sbtest4  (cost=22.11..3650.87 rows=944 width=121)
	              Recheck Cond: ((id >= 8821238) AND (id <= 8822237))
	              ->  Bitmap Index Scan on sbtest4_pkey  (cost=0.00..21.87 rows=944 width=0)
	                    Index Cond: ((id >= 8821238) AND (id <= 8822237))

table 5 : explain SELECT DISTINCT c FROM sbtest5 WHERE id BETWEEN 1044272 AND 1045271 ORDER BY c
	Unique  (cost=4129.72..4135.00 rows=1057 width=121)
	  ->  Sort  (cost=4129.72..4132.36 rows=1057 width=121)
	        Sort Key: c
	        ->  Bitmap Heap Scan on sbtest5  (cost=23.27..4076.63 rows=1057 width=121)
	              Recheck Cond: ((id >= 1044272) AND (id <= 1045271))
	              ->  Bitmap Index Scan on sbtest5_pkey  (cost=0.00..23.00 rows=1057 width=0)
	                    Index Cond: ((id >= 1044272) AND (id <= 1045271))

table 6 : explain SELECT DISTINCT c FROM sbtest6 WHERE id BETWEEN 8501118 AND 8502117 ORDER BY c
	Unique  (cost=3877.55..3882.51 rows=991 width=121)
	  ->  Sort  (cost=3877.55..3880.03 rows=991 width=121)
	        Sort Key: c
	        ->  Bitmap Heap Scan on sbtest6  (cost=22.59..3828.24 rows=991 width=121)
	              Recheck Cond: ((id >= 8501118) AND (id <= 8502117))
	              ->  Bitmap Index Scan on sbtest6_pkey  (cost=0.00..22.34 rows=991 width=0)
	                    Index Cond: ((id >= 8501118) AND (id <= 8502117))

table 7 : explain SELECT DISTINCT c FROM sbtest7 WHERE id BETWEEN 7156470 AND 7157469 ORDER BY c
	Unique  (cost=3736.85..3741.62 rows=954 width=121)
	  ->  Sort  (cost=3736.85..3739.24 rows=954 width=121)
	        Sort Key: c
	        ->  Bitmap Heap Scan on sbtest7  (cost=22.21..3689.64 rows=954 width=121)
	              Recheck Cond: ((id >= 7156470) AND (id <= 7157469))
	              ->  Bitmap Index Scan on sbtest7_pkey  (cost=0.00..21.97 rows=954 width=0)
	                    Index Cond: ((id >= 7156470) AND (id <= 7157469))

table 8 : explain SELECT DISTINCT c FROM sbtest8 WHERE id BETWEEN 272313 AND 273312 ORDER BY c
	Unique  (cost=4211.22..4216.60 rows=1077 width=121)
	  ->  Sort  (cost=4211.22..4213.91 rows=1077 width=121)
	        Sort Key: c
	        ->  Bitmap Heap Scan on sbtest8  (cost=27.47..4156.97 rows=1077 width=121)
	              Recheck Cond: ((id >= 272313) AND (id <= 273312))
	              ->  Bitmap Index Scan on sbtest8_pkey  (cost=0.00..27.20 rows=1077 width=0)
	                    Index Cond: ((id >= 272313) AND (id <= 273312))

for: distinct_ranges
table 1 : explain SELECT DISTINCT c FROM sbtest1 WHERE id BETWEEN 4167921 AND 4168920 ORDER BY c
	Unique  (cost=3909.49..3914.49 rows=1000 width=121)
	  ->  Sort  (cost=3909.49..3911.99 rows=1000 width=121)
	        Sort Key: c
	        ->  Bitmap Heap Scan on sbtest1  (cost=22.68..3859.66 rows=1000 width=121)
	              Recheck Cond: ((id >= 4167921) AND (id <= 4168920))
	              ->  Bitmap Index Scan on sbtest1_pkey  (cost=0.00..22.43 rows=1000 width=0)
	                    Index Cond: ((id >= 4167921) AND (id <= 4168920))

table 2 : explain SELECT DISTINCT c FROM sbtest2 WHERE id BETWEEN 8713903 AND 8714902 ORDER BY c
	Unique  (cost=3684.92..3689.63 rows=941 width=121)
	  ->  Sort  (cost=3684.92..3687.28 rows=941 width=121)
	        Sort Key: c
	        ->  Bitmap Heap Scan on sbtest2  (cost=22.08..3638.45 rows=941 width=121)
	              Recheck Cond: ((id >= 8713903) AND (id <= 8714902))
	              ->  Bitmap Index Scan on sbtest2_pkey  (cost=0.00..21.84 rows=941 width=0)
	                    Index Cond: ((id >= 8713903) AND (id <= 8714902))

table 3 : explain SELECT DISTINCT c FROM sbtest3 WHERE id BETWEEN 6955129 AND 6956128 ORDER BY c
	Unique  (cost=3780.70..3785.53 rows=966 width=121)
	  ->  Sort  (cost=3780.70..3783.12 rows=966 width=121)
	        Sort Key: c
	        ->  Bitmap Heap Scan on sbtest3  (cost=22.34..3732.81 rows=966 width=121)
	              Recheck Cond: ((id >= 6955129) AND (id <= 6956128))
	              ->  Bitmap Index Scan on sbtest3_pkey  (cost=0.00..22.09 rows=966 width=0)
	                    Index Cond: ((id >= 6955129) AND (id <= 6956128))

table 4 : explain SELECT DISTINCT c FROM sbtest4 WHERE id BETWEEN 9202428 AND 9203427 ORDER BY c
	Unique  (cost=3992.18..3997.28 rows=1021 width=121)
	  ->  Sort  (cost=3992.18..3994.73 rows=1021 width=121)
	        Sort Key: c
	        ->  Bitmap Heap Scan on sbtest4  (cost=22.90..3941.15 rows=1021 width=121)
	              Recheck Cond: ((id >= 9202428) AND (id <= 9203427))
	              ->  Bitmap Index Scan on sbtest4_pkey  (cost=0.00..22.64 rows=1021 width=0)
	                    Index Cond: ((id >= 9202428) AND (id <= 9203427))

table 5 : explain SELECT DISTINCT c FROM sbtest5 WHERE id BETWEEN 1865553 AND 1866552 ORDER BY c
	Unique  (cost=3808.60..3813.47 rows=973 width=121)
	  ->  Sort  (cost=3808.60..3811.03 rows=973 width=121)
	        Sort Key: c
	        ->  Bitmap Heap Scan on sbtest5  (cost=22.41..3760.31 rows=973 width=121)
	              Recheck Cond: ((id >= 1865553) AND (id <= 1866552))
	              ->  Bitmap Index Scan on sbtest5_pkey  (cost=0.00..22.16 rows=973 width=0)
	                    Index Cond: ((id >= 1865553) AND (id <= 1866552))

table 6 : explain SELECT DISTINCT c FROM sbtest6 WHERE id BETWEEN 1904477 AND 1905476 ORDER BY c
	Unique  (cost=4408.46..4414.11 rows=1130 width=121)
	  ->  Sort  (cost=4408.46..4411.29 rows=1130 width=121)
	        Sort Key: c
	        ->  Bitmap Heap Scan on sbtest6  (cost=28.02..4351.16 rows=1130 width=121)
	              Recheck Cond: ((id >= 1904477) AND (id <= 1905476))
	              ->  Bitmap Index Scan on sbtest6_pkey  (cost=0.00..27.73 rows=1130 width=0)
	                    Index Cond: ((id >= 1904477) AND (id <= 1905476))

table 7 : explain SELECT DISTINCT c FROM sbtest7 WHERE id BETWEEN 6579160 AND 6580159 ORDER BY c
	Unique  (cost=3828.78..3833.67 rows=978 width=121)
	  ->  Sort  (cost=3828.78..3831.23 rows=978 width=121)
	        Sort Key: c
	        ->  Bitmap Heap Scan on sbtest7  (cost=22.46..3780.21 rows=978 width=121)
	              Recheck Cond: ((id >= 6579160) AND (id <= 6580159))
	              ->  Bitmap Index Scan on sbtest7_pkey  (cost=0.00..22.21 rows=978 width=0)
	                    Index Cond: ((id >= 6579160) AND (id <= 6580159))

table 8 : explain SELECT DISTINCT c FROM sbtest8 WHERE id BETWEEN 5128671 AND 5129670 ORDER BY c
	Unique  (cost=3752.15..3756.94 rows=958 width=121)
	  ->  Sort  (cost=3752.15..3754.54 rows=958 width=121)
	        Sort Key: c
	        ->  Bitmap Heap Scan on sbtest8  (cost=22.25..3704.71 rows=958 width=121)
	              Recheck Cond: ((id >= 5128671) AND (id <= 5129670))
	              ->  Bitmap Index Scan on sbtest8_pkey  (cost=0.00..22.01 rows=958 width=0)
	                    Index Cond: ((id >= 5128671) AND (id <= 5129670))

for point_selects
table 1 : explain SELECT c FROM sbtest1 WHERE id=1116408
	Index Scan using sbtest1_pkey on sbtest1  (cost=0.43..8.45 rows=1 width=121)
	  Index Cond: (id = 1116408)

table 2 : explain SELECT c FROM sbtest2 WHERE id=319282
	Index Scan using sbtest2_pkey on sbtest2  (cost=0.43..8.45 rows=1 width=121)
	  Index Cond: (id = 319282)

table 3 : explain SELECT c FROM sbtest3 WHERE id=249364
	Index Scan using sbtest3_pkey on sbtest3  (cost=0.43..8.45 rows=1 width=121)
	  Index Cond: (id = 249364)

table 4 : explain SELECT c FROM sbtest4 WHERE id=6135526
	Index Scan using sbtest4_pkey on sbtest4  (cost=0.43..8.45 rows=1 width=121)
	  Index Cond: (id = 6135526)

table 5 : explain SELECT c FROM sbtest5 WHERE id=7770920
	Index Scan using sbtest5_pkey on sbtest5  (cost=0.43..8.45 rows=1 width=121)
	  Index Cond: (id = 7770920)

table 6 : explain SELECT c FROM sbtest6 WHERE id=9692270
	Index Scan using sbtest6_pkey on sbtest6  (cost=0.43..8.45 rows=1 width=121)
	  Index Cond: (id = 9692270)

table 7 : explain SELECT c FROM sbtest7 WHERE id=6910927
	Index Scan using sbtest7_pkey on sbtest7  (cost=0.43..8.45 rows=1 width=121)
	  Index Cond: (id = 6910927)

table 8 : explain SELECT c FROM sbtest8 WHERE id=8663100
	Index Scan using sbtest8_pkey on sbtest8  (cost=0.43..8.45 rows=1 width=121)
	  Index Cond: (id = 8663100)

explain: for point_selects :: explain SELECT c FROM sbtest%u WHERE id=%u
for point_selects
table 1 : explain SELECT c FROM sbtest1 WHERE id=7684855
	Index Scan using sbtest1_pkey on sbtest1  (cost=0.43..8.45 rows=1 width=121)
	  Index Cond: (id = 7684855)

table 2 : explain SELECT c FROM sbtest2 WHERE id=8545846
	Index Scan using sbtest2_pkey on sbtest2  (cost=0.43..8.45 rows=1 width=121)
	  Index Cond: (id = 8545846)

table 3 : explain SELECT c FROM sbtest3 WHERE id=7967427
	Index Scan using sbtest3_pkey on sbtest3  (cost=0.43..8.45 rows=1 width=121)
	  Index Cond: (id = 7967427)

table 4 : explain SELECT c FROM sbtest4 WHERE id=9220379
	Index Scan using sbtest4_pkey on sbtest4  (cost=0.43..8.45 rows=1 width=121)
	  Index Cond: (id = 9220379)

table 5 : explain SELECT c FROM sbtest5 WHERE id=5048403
	Index Scan using sbtest5_pkey on sbtest5  (cost=0.43..8.45 rows=1 width=121)
	  Index Cond: (id = 5048403)

table 6 : explain SELECT c FROM sbtest6 WHERE id=2256174
	Index Scan using sbtest6_pkey on sbtest6  (cost=0.43..8.45 rows=1 width=121)
	  Index Cond: (id = 2256174)

table 7 : explain SELECT c FROM sbtest7 WHERE id=1624868
	Index Scan using sbtest7_pkey on sbtest7  (cost=0.43..8.45 rows=1 width=121)
	  Index Cond: (id = 1624868)

table 8 : explain SELECT c FROM sbtest8 WHERE id=4877883
	Index Scan using sbtest8_pkey on sbtest8  (cost=0.43..8.45 rows=1 width=121)
	  Index Cond: (id = 4877883)

for point_selects
table 1 : explain SELECT c FROM sbtest1 WHERE id=5510874
	Index Scan using sbtest1_pkey on sbtest1  (cost=0.43..8.45 rows=1 width=121)
	  Index Cond: (id = 5510874)

table 2 : explain SELECT c FROM sbtest2 WHERE id=6315027
	Index Scan using sbtest2_pkey on sbtest2  (cost=0.43..8.45 rows=1 width=121)
	  Index Cond: (id = 6315027)

table 3 : explain SELECT c FROM sbtest3 WHERE id=2137335
	Index Scan using sbtest3_pkey on sbtest3  (cost=0.43..8.45 rows=1 width=121)
	  Index Cond: (id = 2137335)

table 4 : explain SELECT c FROM sbtest4 WHERE id=7325097
	Index Scan using sbtest4_pkey on sbtest4  (cost=0.43..8.45 rows=1 width=121)
	  Index Cond: (id = 7325097)

table 5 : explain SELECT c FROM sbtest5 WHERE id=3886466
	Index Scan using sbtest5_pkey on sbtest5  (cost=0.43..8.45 rows=1 width=121)
	  Index Cond: (id = 3886466)

table 6 : explain SELECT c FROM sbtest6 WHERE id=8809645
	Index Scan using sbtest6_pkey on sbtest6  (cost=0.43..8.45 rows=1 width=121)
	  Index Cond: (id = 8809645)

table 7 : explain SELECT c FROM sbtest7 WHERE id=7815088
	Index Scan using sbtest7_pkey on sbtest7  (cost=0.43..8.45 rows=1 width=121)
	  Index Cond: (id = 7815088)

table 8 : explain SELECT c FROM sbtest8 WHERE id=2897747
	Index Scan using sbtest8_pkey on sbtest8  (cost=0.43..8.45 rows=1 width=121)
	  Index Cond: (id = 2897747)

explain: for point_selects :: explain SELECT c FROM sbtest%u WHERE id=%u
for point_selects
table 1 : explain SELECT c FROM sbtest1 WHERE id=755831
	Index Scan using sbtest1_pkey on sbtest1  (cost=0.43..8.45 rows=1 width=121)
	  Index Cond: (id = 755831)

table 2 : explain SELECT c FROM sbtest2 WHERE id=4792745
	Index Scan using sbtest2_pkey on sbtest2  (cost=0.43..8.45 rows=1 width=121)
	  Index Cond: (id = 4792745)

table 3 : explain SELECT c FROM sbtest3 WHERE id=3899166
	Index Scan using sbtest3_pkey on sbtest3  (cost=0.43..8.45 rows=1 width=121)
	  Index Cond: (id = 3899166)

table 4 : explain SELECT c FROM sbtest4 WHERE id=6962325
	Index Scan using sbtest4_pkey on sbtest4  (cost=0.43..8.45 rows=1 width=121)
	  Index Cond: (id = 6962325)

table 5 : explain SELECT c FROM sbtest5 WHERE id=8047977
	Index Scan using sbtest5_pkey on sbtest5  (cost=0.43..8.45 rows=1 width=121)
	  Index Cond: (id = 8047977)

table 6 : explain SELECT c FROM sbtest6 WHERE id=3249689
	Index Scan using sbtest6_pkey on sbtest6  (cost=0.43..8.45 rows=1 width=121)
	  Index Cond: (id = 3249689)

table 7 : explain SELECT c FROM sbtest7 WHERE id=8157736
	Index Scan using sbtest7_pkey on sbtest7  (cost=0.43..8.45 rows=1 width=121)
	  Index Cond: (id = 8157736)

table 8 : explain SELECT c FROM sbtest8 WHERE id=2881521
	Index Scan using sbtest8_pkey on sbtest8  (cost=0.43..8.45 rows=1 width=121)
	  Index Cond: (id = 2881521)

for: simple_ranges
table 1 : explain SELECT c FROM sbtest1 WHERE id BETWEEN 9524187 AND 9525186
	Bitmap Heap Scan on sbtest1  (cost=23.21..4051.46 rows=1051 width=121)
	  Recheck Cond: ((id >= 9524187) AND (id <= 9525186))
	  ->  Bitmap Index Scan on sbtest1_pkey  (cost=0.00..22.94 rows=1051 width=0)
	        Index Cond: ((id >= 9524187) AND (id <= 9525186))

table 2 : explain SELECT c FROM sbtest2 WHERE id BETWEEN 532574 AND 533573
	Bitmap Heap Scan on sbtest2  (cost=23.13..4022.66 rows=1043 width=121)
	  Recheck Cond: ((id >= 532574) AND (id <= 533573))
	  ->  Bitmap Index Scan on sbtest2_pkey  (cost=0.00..22.86 rows=1043 width=0)
	        Index Cond: ((id >= 532574) AND (id <= 533573))

table 3 : explain SELECT c FROM sbtest3 WHERE id BETWEEN 303765 AND 304764
	Bitmap Heap Scan on sbtest3  (cost=21.76..3521.46 rows=910 width=121)
	  Recheck Cond: ((id >= 303765) AND (id <= 304764))
	  ->  Bitmap Index Scan on sbtest3_pkey  (cost=0.00..21.54 rows=910 width=0)
	        Index Cond: ((id >= 303765) AND (id <= 304764))

table 4 : explain SELECT c FROM sbtest4 WHERE id BETWEEN 4519928 AND 4520927
	Bitmap Heap Scan on sbtest4  (cost=22.64..3846.99 rows=996 width=121)
	  Recheck Cond: ((id >= 4519928) AND (id <= 4520927))
	  ->  Bitmap Index Scan on sbtest4_pkey  (cost=0.00..22.39 rows=996 width=0)
	        Index Cond: ((id >= 4519928) AND (id <= 4520927))

table 5 : explain SELECT c FROM sbtest5 WHERE id BETWEEN 1628622 AND 1629621
	Bitmap Heap Scan on sbtest5  (cost=27.88..4302.30 rows=1117 width=121)
	  Recheck Cond: ((id >= 1628622) AND (id <= 1629621))
	  ->  Bitmap Index Scan on sbtest5_pkey  (cost=0.00..27.61 rows=1117 width=0)
	        Index Cond: ((id >= 1628622) AND (id <= 1629621))

table 6 : explain SELECT c FROM sbtest6 WHERE id BETWEEN 5760122 AND 5761121
	Bitmap Heap Scan on sbtest6  (cost=22.15..3666.06 rows=948 width=121)
	  Recheck Cond: ((id >= 5760122) AND (id <= 5761121))
	  ->  Bitmap Index Scan on sbtest6_pkey  (cost=0.00..21.91 rows=948 width=0)
	        Index Cond: ((id >= 5760122) AND (id <= 5761121))

table 7 : explain SELECT c FROM sbtest7 WHERE id BETWEEN 2238923 AND 2239922
	Bitmap Heap Scan on sbtest7  (cost=22.08..3640.55 rows=941 width=121)
	  Recheck Cond: ((id >= 2238923) AND (id <= 2239922))
	  ->  Bitmap Index Scan on sbtest7_pkey  (cost=0.00..21.84 rows=941 width=0)
	        Index Cond: ((id >= 2238923) AND (id <= 2239922))

table 8 : explain SELECT c FROM sbtest8 WHERE id BETWEEN 5251652 AND 5252651
	Bitmap Heap Scan on sbtest8  (cost=22.66..3855.59 rows=998 width=121)
	  Recheck Cond: ((id >= 5251652) AND (id <= 5252651))
	  ->  Bitmap Index Scan on sbtest8_pkey  (cost=0.00..22.41 rows=998 width=0)
	        Index Cond: ((id >= 5251652) AND (id <= 5252651))

for: simple_ranges
table 1 : explain SELECT c FROM sbtest1 WHERE id BETWEEN 8104724 AND 8105723
	Bitmap Heap Scan on sbtest1  (cost=23.59..4190.39 rows=1088 width=121)
	  Recheck Cond: ((id >= 8104724) AND (id <= 8105723))
	  ->  Bitmap Index Scan on sbtest1_pkey  (cost=0.00..23.32 rows=1088 width=0)
	        Index Cond: ((id >= 8104724) AND (id <= 8105723))

table 2 : explain SELECT c FROM sbtest2 WHERE id BETWEEN 6220505 AND 6221504
	Bitmap Heap Scan on sbtest2  (cost=23.00..3977.53 rows=1031 width=121)
	  Recheck Cond: ((id >= 6220505) AND (id <= 6221504))
	  ->  Bitmap Index Scan on sbtest2_pkey  (cost=0.00..22.75 rows=1031 width=0)
	        Index Cond: ((id >= 6220505) AND (id <= 6221504))

table 3 : explain SELECT c FROM sbtest3 WHERE id BETWEEN 3395466 AND 3396465
	Bitmap Heap Scan on sbtest3  (cost=22.03..3619.64 rows=936 width=121)
	  Recheck Cond: ((id >= 3395466) AND (id <= 3396465))
	  ->  Bitmap Index Scan on sbtest3_pkey  (cost=0.00..21.79 rows=936 width=0)
	        Index Cond: ((id >= 3395466) AND (id <= 3396465))

table 4 : explain SELECT c FROM sbtest4 WHERE id BETWEEN 8683663 AND 8684662
	Bitmap Heap Scan on sbtest4  (cost=22.62..3839.45 rows=994 width=121)
	  Recheck Cond: ((id >= 8683663) AND (id <= 8684662))
	  ->  Bitmap Index Scan on sbtest4_pkey  (cost=0.00..22.37 rows=994 width=0)
	        Index Cond: ((id >= 8683663) AND (id <= 8684662))

table 5 : explain SELECT c FROM sbtest5 WHERE id BETWEEN 4820166 AND 4821165
	Bitmap Heap Scan on sbtest5  (cost=23.46..4148.05 rows=1076 width=121)
	  Recheck Cond: ((id >= 4820166) AND (id <= 4821165))
	  ->  Bitmap Index Scan on sbtest5_pkey  (cost=0.00..23.19 rows=1076 width=0)
	        Index Cond: ((id >= 4820166) AND (id <= 4821165))

table 6 : explain SELECT c FROM sbtest6 WHERE id BETWEEN 6544948 AND 6545947
	Bitmap Heap Scan on sbtest6  (cost=23.13..4024.05 rows=1043 width=121)
	  Recheck Cond: ((id >= 6544948) AND (id <= 6545947))
	  ->  Bitmap Index Scan on sbtest6_pkey  (cost=0.00..22.86 rows=1043 width=0)
	        Index Cond: ((id >= 6544948) AND (id <= 6545947))

table 7 : explain SELECT c FROM sbtest7 WHERE id BETWEEN 5591581 AND 5592580
	Bitmap Heap Scan on sbtest7  (cost=21.00..3243.24 rows=836 width=121)
	  Recheck Cond: ((id >= 5591581) AND (id <= 5592580))
	  ->  Bitmap Index Scan on sbtest7_pkey  (cost=0.00..20.79 rows=836 width=0)
	        Index Cond: ((id >= 5591581) AND (id <= 5592580))

table 8 : explain SELECT c FROM sbtest8 WHERE id BETWEEN 8253326 AND 8254325
	Bitmap Heap Scan on sbtest8  (cost=22.07..3636.74 rows=940 width=121)
	  Recheck Cond: ((id >= 8253326) AND (id <= 8254325))
	  ->  Bitmap Index Scan on sbtest8_pkey  (cost=0.00..21.83 rows=940 width=0)
	        Index Cond: ((id >= 8253326) AND (id <= 8254325))

for: simple_ranges
table 1 : explain SELECT c FROM sbtest1 WHERE id BETWEEN 8195875 AND 8196874
	Bitmap Heap Scan on sbtest1  (cost=23.47..4149.11 rows=1077 width=121)
	  Recheck Cond: ((id >= 8195875) AND (id <= 8196874))
	  ->  Bitmap Index Scan on sbtest1_pkey  (cost=0.00..23.20 rows=1077 width=0)
	        Index Cond: ((id >= 8195875) AND (id <= 8196874))

table 2 : explain SELECT c FROM sbtest2 WHERE id BETWEEN 7343662 AND 7344661
	Bitmap Heap Scan on sbtest2  (cost=23.29..4082.81 rows=1059 width=121)
	  Recheck Cond: ((id >= 7343662) AND (id <= 7344661))
	  ->  Bitmap Index Scan on sbtest2_pkey  (cost=0.00..23.02 rows=1059 width=0)
	        Index Cond: ((id >= 7343662) AND (id <= 7344661))

table 3 : explain SELECT c FROM sbtest3 WHERE id BETWEEN 2115239 AND 2116238
	Bitmap Heap Scan on sbtest3  (cost=23.40..4124.22 rows=1070 width=121)
	  Recheck Cond: ((id >= 2115239) AND (id <= 2116238))
	  ->  Bitmap Index Scan on sbtest3_pkey  (cost=0.00..23.14 rows=1070 width=0)
	        Index Cond: ((id >= 2115239) AND (id <= 2116238))

table 4 : explain SELECT c FROM sbtest4 WHERE id BETWEEN 7549745 AND 7550744
	Bitmap Heap Scan on sbtest4  (cost=22.11..3650.87 rows=944 width=121)
	  Recheck Cond: ((id >= 7549745) AND (id <= 7550744))
	  ->  Bitmap Index Scan on sbtest4_pkey  (cost=0.00..21.87 rows=944 width=0)
	        Index Cond: ((id >= 7549745) AND (id <= 7550744))

table 5 : explain SELECT c FROM sbtest5 WHERE id BETWEEN 369637 AND 370636
	Bitmap Heap Scan on sbtest5  (cost=22.97..3967.52 rows=1028 width=121)
	  Recheck Cond: ((id >= 369637) AND (id <= 370636))
	  ->  Bitmap Index Scan on sbtest5_pkey  (cost=0.00..22.71 rows=1028 width=0)
	        Index Cond: ((id >= 369637) AND (id <= 370636))

table 6 : explain SELECT c FROM sbtest6 WHERE id BETWEEN 1652803 AND 1653802
	Bitmap Heap Scan on sbtest6  (cost=22.78..3896.06 rows=1009 width=121)
	  Recheck Cond: ((id >= 1652803) AND (id <= 1653802))
	  ->  Bitmap Index Scan on sbtest6_pkey  (cost=0.00..22.52 rows=1009 width=0)
	        Index Cond: ((id >= 1652803) AND (id <= 1653802))

table 7 : explain SELECT c FROM sbtest7 WHERE id BETWEEN 7505914 AND 7506913
	Bitmap Heap Scan on sbtest7  (cost=22.88..3934.75 rows=1019 width=121)
	  Recheck Cond: ((id >= 7505914) AND (id <= 7506913))
	  ->  Bitmap Index Scan on sbtest7_pkey  (cost=0.00..22.62 rows=1019 width=0)
	        Index Cond: ((id >= 7505914) AND (id <= 7506913))

table 8 : explain SELECT c FROM sbtest8 WHERE id BETWEEN 1780117 AND 1781116
	Bitmap Heap Scan on sbtest8  (cost=22.11..3651.85 rows=944 width=121)
	  Recheck Cond: ((id >= 1780117) AND (id <= 1781116))
	  ->  Bitmap Index Scan on sbtest8_pkey  (cost=0.00..21.87 rows=944 width=0)
	        Index Cond: ((id >= 1780117) AND (id <= 1781116))

for: simple_ranges
table 1 : explain SELECT c FROM sbtest1 WHERE id BETWEEN 6574916 AND 6575915
	Bitmap Heap Scan on sbtest1  (cost=23.14..4025.15 rows=1044 width=121)
	  Recheck Cond: ((id >= 6574916) AND (id <= 6575915))
	  ->  Bitmap Index Scan on sbtest1_pkey  (cost=0.00..22.87 rows=1044 width=0)
	        Index Cond: ((id >= 6574916) AND (id <= 6575915))

table 2 : explain SELECT c FROM sbtest2 WHERE id BETWEEN 62240 AND 63239
	Bitmap Heap Scan on sbtest2  (cost=23.34..4101.60 rows=1064 width=121)
	  Recheck Cond: ((id >= 62240) AND (id <= 63239))
	  ->  Bitmap Index Scan on sbtest2_pkey  (cost=0.00..23.07 rows=1064 width=0)
	        Index Cond: ((id >= 62240) AND (id <= 63239))

table 3 : explain SELECT c FROM sbtest3 WHERE id BETWEEN 7080460 AND 7081459
	Bitmap Heap Scan on sbtest3  (cost=22.78..3894.81 rows=1009 width=121)
	  Recheck Cond: ((id >= 7080460) AND (id <= 7081459))
	  ->  Bitmap Index Scan on sbtest3_pkey  (cost=0.00..22.52 rows=1009 width=0)
	        Index Cond: ((id >= 7080460) AND (id <= 7081459))

table 4 : explain SELECT c FROM sbtest4 WHERE id BETWEEN 1172186 AND 1173185
	Bitmap Heap Scan on sbtest4  (cost=22.22..3692.39 rows=955 width=121)
	  Recheck Cond: ((id >= 1172186) AND (id <= 1173185))
	  ->  Bitmap Index Scan on sbtest4_pkey  (cost=0.00..21.98 rows=955 width=0)
	        Index Cond: ((id >= 1172186) AND (id <= 1173185))

table 5 : explain SELECT c FROM sbtest5 WHERE id BETWEEN 9412308 AND 9413307
	Bitmap Heap Scan on sbtest5  (cost=22.71..3869.62 rows=1002 width=121)
	  Recheck Cond: ((id >= 9412308) AND (id <= 9413307))
	  ->  Bitmap Index Scan on sbtest5_pkey  (cost=0.00..22.45 rows=1002 width=0)
	        Index Cond: ((id >= 9412308) AND (id <= 9413307))

table 6 : explain SELECT c FROM sbtest6 WHERE id BETWEEN 4007731 AND 4008730
	Bitmap Heap Scan on sbtest6  (cost=22.23..3696.25 rows=956 width=121)
	  Recheck Cond: ((id >= 4007731) AND (id <= 4008730))
	  ->  Bitmap Index Scan on sbtest6_pkey  (cost=0.00..22.00 rows=956 width=0)
	        Index Cond: ((id >= 4007731) AND (id <= 4008730))

table 7 : explain SELECT c FROM sbtest7 WHERE id BETWEEN 8131552 AND 8132551
	Bitmap Heap Scan on sbtest7  (cost=23.34..4104.13 rows=1064 width=121)
	  Recheck Cond: ((id >= 8131552) AND (id <= 8132551))
	  ->  Bitmap Index Scan on sbtest7_pkey  (cost=0.00..23.07 rows=1064 width=0)
	        Index Cond: ((id >= 8131552) AND (id <= 8132551))

table 8 : explain SELECT c FROM sbtest8 WHERE id BETWEEN 7516316 AND 7517315
	Bitmap Heap Scan on sbtest8  (cost=22.70..3866.89 rows=1001 width=121)
	  Recheck Cond: ((id >= 7516316) AND (id <= 7517315))
	  ->  Bitmap Index Scan on sbtest8_pkey  (cost=0.00..22.44 rows=1001 width=0)
	        Index Cond: ((id >= 7516316) AND (id <= 7517315))

explain: for point_selects :: explain SELECT c FROM sbtest%u WHERE id=%u
for: sum_ranges
table 1 : explain SELECT SUM(k) FROM sbtest1 WHERE id BETWEEN 2353333 AND 2354332
	Aggregate  (cost=3367.61..3367.62 rows=1 width=8)
	  ->  Bitmap Heap Scan on sbtest1  (cost=21.34..3365.44 rows=869 width=4)
	        Recheck Cond: ((id >= 2353333) AND (id <= 2354332))
	        ->  Bitmap Index Scan on sbtest1_pkey  (cost=0.00..21.12 rows=869 width=0)
	              Index Cond: ((id >= 2353333) AND (id <= 2354332))

table 2 : explain SELECT SUM(k) FROM sbtest2 WHERE id BETWEEN 4842048 AND 4843047
	Aggregate  (cost=3848.28..3848.29 rows=1 width=8)
	  ->  Bitmap Heap Scan on sbtest2  (cost=22.64..3845.79 rows=996 width=4)
	        Recheck Cond: ((id >= 4842048) AND (id <= 4843047))
	        ->  Bitmap Index Scan on sbtest2_pkey  (cost=0.00..22.39 rows=996 width=0)
	              Index Cond: ((id >= 4842048) AND (id <= 4843047))

table 3 : explain SELECT SUM(k) FROM sbtest3 WHERE id BETWEEN 4607287 AND 4608286
	Aggregate  (cost=3674.84..3674.85 rows=1 width=8)
	  ->  Bitmap Heap Scan on sbtest3  (cost=22.17..3672.47 rows=950 width=4)
	        Recheck Cond: ((id >= 4607287) AND (id <= 4608286))
	        ->  Bitmap Index Scan on sbtest3_pkey  (cost=0.00..21.93 rows=950 width=0)
	              Index Cond: ((id >= 4607287) AND (id <= 4608286))

table 4 : explain SELECT SUM(k) FROM sbtest4 WHERE id BETWEEN 9071457 AND 9072456
	Aggregate  (cost=3668.34..3668.35 rows=1 width=8)
	  ->  Bitmap Heap Scan on sbtest4  (cost=22.15..3665.97 rows=948 width=4)
	        Recheck Cond: ((id >= 9071457) AND (id <= 9072456))
	        ->  Bitmap Index Scan on sbtest4_pkey  (cost=0.00..21.91 rows=948 width=0)
	              Index Cond: ((id >= 9071457) AND (id <= 9072456))

table 5 : explain SELECT SUM(k) FROM sbtest5 WHERE id BETWEEN 5472417 AND 5473416
	Aggregate  (cost=3437.72..3437.73 rows=1 width=8)
	  ->  Bitmap Heap Scan on sbtest5  (cost=21.53..3435.51 rows=887 width=4)
	        Recheck Cond: ((id >= 5472417) AND (id <= 5473416))
	        ->  Bitmap Index Scan on sbtest5_pkey  (cost=0.00..21.30 rows=887 width=0)
	              Index Cond: ((id >= 5472417) AND (id <= 5473416))

table 6 : explain SELECT SUM(k) FROM sbtest6 WHERE id BETWEEN 789320 AND 790319
	Aggregate  (cost=3864.65..3864.66 rows=1 width=8)
	  ->  Bitmap Heap Scan on sbtest6  (cost=22.68..3862.15 rows=1000 width=4)
	        Recheck Cond: ((id >= 789320) AND (id <= 790319))
	        ->  Bitmap Index Scan on sbtest6_pkey  (cost=0.00..22.43 rows=1000 width=0)
	              Index Cond: ((id >= 789320) AND (id <= 790319))

table 7 : explain SELECT SUM(k) FROM sbtest7 WHERE id BETWEEN 5399472 AND 5400471
	Aggregate  (cost=3869.43..3869.44 rows=1 width=8)
	  ->  Bitmap Heap Scan on sbtest7  (cost=22.70..3866.93 rows=1001 width=4)
	        Recheck Cond: ((id >= 5399472) AND (id <= 5400471))
	        ->  Bitmap Index Scan on sbtest7_pkey  (cost=0.00..22.44 rows=1001 width=0)
	              Index Cond: ((id >= 5399472) AND (id <= 5400471))

table 8 : explain SELECT SUM(k) FROM sbtest8 WHERE id BETWEEN 5548194 AND 5549193
	Aggregate  (cost=4065.58..4065.59 rows=1 width=8)
	  ->  Bitmap Heap Scan on sbtest8  (cost=27.22..4062.95 rows=1052 width=4)
	        Recheck Cond: ((id >= 5548194) AND (id <= 5549193))
	        ->  Bitmap Index Scan on sbtest8_pkey  (cost=0.00..26.95 rows=1052 width=0)
	              Index Cond: ((id >= 5548194) AND (id <= 5549193))

for point_selects
table 1 : explain SELECT c FROM sbtest1 WHERE id=1569576
	Index Scan using sbtest1_pkey on sbtest1  (cost=0.43..8.45 rows=1 width=121)
	  Index Cond: (id = 1569576)

table 2 : explain SELECT c FROM sbtest2 WHERE id=9764426
	Index Scan using sbtest2_pkey on sbtest2  (cost=0.43..8.45 rows=1 width=121)
	  Index Cond: (id = 9764426)

table 3 : explain SELECT c FROM sbtest3 WHERE id=5956051
	Index Scan using sbtest3_pkey on sbtest3  (cost=0.43..8.45 rows=1 width=121)
	  Index Cond: (id = 5956051)

table 4 : explain SELECT c FROM sbtest4 WHERE id=3337903
	Index Scan using sbtest4_pkey on sbtest4  (cost=0.43..8.45 rows=1 width=121)
	  Index Cond: (id = 3337903)

table 5 : explain SELECT c FROM sbtest5 WHERE id=235867
	Index Scan using sbtest5_pkey on sbtest5  (cost=0.43..8.45 rows=1 width=121)
	  Index Cond: (id = 235867)

table 6 : explain SELECT c FROM sbtest6 WHERE id=9447959
	Index Scan using sbtest6_pkey on sbtest6  (cost=0.43..8.45 rows=1 width=121)
	  Index Cond: (id = 9447959)

table 7 : explain SELECT c FROM sbtest7 WHERE id=90470
	Index Scan using sbtest7_pkey on sbtest7  (cost=0.43..8.45 rows=1 width=121)
	  Index Cond: (id = 90470)

table 8 : explain SELECT c FROM sbtest8 WHERE id=5050508
	Index Scan using sbtest8_pkey on sbtest8  (cost=0.43..8.45 rows=1 width=121)
	  Index Cond: (id = 5050508)

for point_selects
table 1 : explain SELECT c FROM sbtest1 WHERE id=6632033
	Index Scan using sbtest1_pkey on sbtest1  (cost=0.43..8.45 rows=1 width=121)
	  Index Cond: (id = 6632033)

table 2 : explain SELECT c FROM sbtest2 WHERE id=3655021
	Index Scan using sbtest2_pkey on sbtest2  (cost=0.43..8.45 rows=1 width=121)
	  Index Cond: (id = 3655021)

table 3 : explain SELECT c FROM sbtest3 WHERE id=1321834
	Index Scan using sbtest3_pkey on sbtest3  (cost=0.43..8.45 rows=1 width=121)
	  Index Cond: (id = 1321834)

table 4 : explain SELECT c FROM sbtest4 WHERE id=2510760
	Index Scan using sbtest4_pkey on sbtest4  (cost=0.43..8.45 rows=1 width=121)
	  Index Cond: (id = 2510760)

table 5 : explain SELECT c FROM sbtest5 WHERE id=8135402
	Index Scan using sbtest5_pkey on sbtest5  (cost=0.43..8.45 rows=1 width=121)
	  Index Cond: (id = 8135402)

table 6 : explain SELECT c FROM sbtest6 WHERE id=6244144
	Index Scan using sbtest6_pkey on sbtest6  (cost=0.43..8.45 rows=1 width=121)
	  Index Cond: (id = 6244144)

table 7 : explain SELECT c FROM sbtest7 WHERE id=4191245
	Index Scan using sbtest7_pkey on sbtest7  (cost=0.43..8.45 rows=1 width=121)
	  Index Cond: (id = 4191245)

table 8 : explain SELECT c FROM sbtest8 WHERE id=4243422
	Index Scan using sbtest8_pkey on sbtest8  (cost=0.43..8.45 rows=1 width=121)
	  Index Cond: (id = 4243422)

explain: for point_selects :: explain SELECT c FROM sbtest%u WHERE id=%u
for: sum_ranges
table 1 : explain SELECT SUM(k) FROM sbtest1 WHERE id BETWEEN 8660294 AND 8661293
	Aggregate  (cost=4114.23..4114.24 rows=1 width=8)
	  ->  Bitmap Heap Scan on sbtest1  (cost=23.37..4111.56 rows=1067 width=4)
	        Recheck Cond: ((id >= 8660294) AND (id <= 8661293))
	        ->  Bitmap Index Scan on sbtest1_pkey  (cost=0.00..23.11 rows=1067 width=0)
	              Index Cond: ((id >= 8660294) AND (id <= 8661293))

table 2 : explain SELECT SUM(k) FROM sbtest2 WHERE id BETWEEN 2123474 AND 2124473
	Aggregate  (cost=3844.51..3844.52 rows=1 width=8)
	  ->  Bitmap Heap Scan on sbtest2  (cost=22.63..3842.03 rows=995 width=4)
	        Recheck Cond: ((id >= 2123474) AND (id <= 2124473))
	        ->  Bitmap Index Scan on sbtest2_pkey  (cost=0.00..22.39 rows=995 width=0)
	              Index Cond: ((id >= 2123474) AND (id <= 2124473))

table 3 : explain SELECT SUM(k) FROM sbtest3 WHERE id BETWEEN 4852020 AND 4853019
	Aggregate  (cost=3754.09..3754.10 rows=1 width=8)
	  ->  Bitmap Heap Scan on sbtest3  (cost=22.39..3751.66 rows=971 width=4)
	        Recheck Cond: ((id >= 4852020) AND (id <= 4853019))
	        ->  Bitmap Index Scan on sbtest3_pkey  (cost=0.00..22.14 rows=971 width=0)
	              Index Cond: ((id >= 4852020) AND (id <= 4853019))

table 4 : explain SELECT SUM(k) FROM sbtest4 WHERE id BETWEEN 8509258 AND 8510257
	Aggregate  (cost=4305.06..4305.07 rows=1 width=8)
	  ->  Bitmap Heap Scan on sbtest4  (cost=27.88..4302.27 rows=1117 width=4)
	        Recheck Cond: ((id >= 8509258) AND (id <= 8510257))
	        ->  Bitmap Index Scan on sbtest4_pkey  (cost=0.00..27.61 rows=1117 width=0)
	              Index Cond: ((id >= 8509258) AND (id <= 8510257))

table 5 : explain SELECT SUM(k) FROM sbtest5 WHERE id BETWEEN 7373735 AND 7374734
	Aggregate  (cost=4162.02..4162.03 rows=1 width=8)
	  ->  Bitmap Heap Scan on sbtest5  (cost=23.49..4159.32 rows=1079 width=4)
	        Recheck Cond: ((id >= 7373735) AND (id <= 7374734))
	        ->  Bitmap Index Scan on sbtest5_pkey  (cost=0.00..23.22 rows=1079 width=0)
	              Index Cond: ((id >= 7373735) AND (id <= 7374734))

table 6 : explain SELECT SUM(k) FROM sbtest6 WHERE id BETWEEN 4744509 AND 4745508
	Aggregate  (cost=3486.98..3486.99 rows=1 width=8)
	  ->  Bitmap Heap Scan on sbtest6  (cost=21.66..3484.73 rows=900 width=4)
	        Recheck Cond: ((id >= 4744509) AND (id <= 4745508))
	        ->  Bitmap Index Scan on sbtest6_pkey  (cost=0.00..21.43 rows=900 width=0)
	              Index Cond: ((id >= 4744509) AND (id <= 4745508))

table 7 : explain SELECT SUM(k) FROM sbtest7 WHERE id BETWEEN 3405411 AND 3406410
	Aggregate  (cost=3967.45..3967.46 rows=1 width=8)
	  ->  Bitmap Heap Scan on sbtest7  (cost=22.96..3964.88 rows=1027 width=4)
	        Recheck Cond: ((id >= 3405411) AND (id <= 3406410))
	        ->  Bitmap Index Scan on sbtest7_pkey  (cost=0.00..22.70 rows=1027 width=0)
	              Index Cond: ((id >= 3405411) AND (id <= 3406410))

table 8 : explain SELECT SUM(k) FROM sbtest8 WHERE id BETWEEN 2205606 AND 2206605
	Aggregate  (cost=3793.94..3793.95 rows=1 width=8)
	  ->  Bitmap Heap Scan on sbtest8  (cost=22.49..3791.49 rows=981 width=4)
	        Recheck Cond: ((id >= 2205606) AND (id <= 2206605))
	        ->  Bitmap Index Scan on sbtest8_pkey  (cost=0.00..22.25 rows=981 width=0)
	              Index Cond: ((id >= 2205606) AND (id <= 2206605))

for: sum_ranges
table 1 : explain SELECT SUM(k) FROM sbtest1 WHERE id BETWEEN 4362773 AND 4363772
	Aggregate  (cost=3775.50..3775.51 rows=1 width=8)
	  ->  Bitmap Heap Scan on sbtest1  (cost=22.45..3773.06 rows=977 width=4)
	        Recheck Cond: ((id >= 4362773) AND (id <= 4363772))
	        ->  Bitmap Index Scan on sbtest1_pkey  (cost=0.00..22.20 rows=977 width=0)
	              Index Cond: ((id >= 4362773) AND (id <= 4363772))

table 2 : explain SELECT SUM(k) FROM sbtest2 WHERE id BETWEEN 1716548 AND 1717547
	Aggregate  (cost=3927.40..3927.41 rows=1 width=8)
	  ->  Bitmap Heap Scan on sbtest2  (cost=22.86..3924.85 rows=1017 width=4)
	        Recheck Cond: ((id >= 1716548) AND (id <= 1717547))
	        ->  Bitmap Index Scan on sbtest2_pkey  (cost=0.00..22.61 rows=1017 width=0)
	              Index Cond: ((id >= 1716548) AND (id <= 1717547))

table 3 : explain SELECT SUM(k) FROM sbtest3 WHERE id BETWEEN 2503044 AND 2504043
	Aggregate  (cost=4145.69..4145.70 rows=1 width=8)
	  ->  Bitmap Heap Scan on sbtest3  (cost=23.45..4143.00 rows=1075 width=4)
	        Recheck Cond: ((id >= 2503044) AND (id <= 2504043))
	        ->  Bitmap Index Scan on sbtest3_pkey  (cost=0.00..23.18 rows=1075 width=0)
	              Index Cond: ((id >= 2503044) AND (id <= 2504043))

table 4 : explain SELECT SUM(k) FROM sbtest4 WHERE id BETWEEN 8213221 AND 8214220
	Aggregate  (cost=4177.03..4177.04 rows=1 width=8)
	  ->  Bitmap Heap Scan on sbtest4  (cost=23.54..4174.33 rows=1083 width=4)
	        Recheck Cond: ((id >= 8213221) AND (id <= 8214220))
	        ->  Bitmap Index Scan on sbtest4_pkey  (cost=0.00..23.26 rows=1083 width=0)
	              Index Cond: ((id >= 8213221) AND (id <= 8214220))

table 5 : explain SELECT SUM(k) FROM sbtest5 WHERE id BETWEEN 5795802 AND 5796801
	Aggregate  (cost=4056.69..4056.70 rows=1 width=8)
	  ->  Bitmap Heap Scan on sbtest5  (cost=23.21..4054.06 rows=1051 width=4)
	        Recheck Cond: ((id >= 5795802) AND (id <= 5796801))
	        ->  Bitmap Index Scan on sbtest5_pkey  (cost=0.00..22.94 rows=1051 width=0)
	              Index Cond: ((id >= 5795802) AND (id <= 5796801))

table 6 : explain SELECT SUM(k) FROM sbtest6 WHERE id BETWEEN 6175918 AND 6176917
	Aggregate  (cost=3883.50..3883.51 rows=1 width=8)
	  ->  Bitmap Heap Scan on sbtest6  (cost=22.74..3880.99 rows=1005 width=4)
	        Recheck Cond: ((id >= 6175918) AND (id <= 6176917))
	        ->  Bitmap Index Scan on sbtest6_pkey  (cost=0.00..22.48 rows=1005 width=0)
	              Index Cond: ((id >= 6175918) AND (id <= 6176917))

table 7 : explain SELECT SUM(k) FROM sbtest7 WHERE id BETWEEN 473321 AND 474320
	Aggregate  (cost=4216.12..4216.13 rows=1 width=8)
	  ->  Bitmap Heap Scan on sbtest7  (cost=27.63..4213.39 rows=1092 width=4)
	        Recheck Cond: ((id >= 473321) AND (id <= 474320))
	        ->  Bitmap Index Scan on sbtest7_pkey  (cost=0.00..27.36 rows=1092 width=0)
	              Index Cond: ((id >= 473321) AND (id <= 474320))

table 8 : explain SELECT SUM(k) FROM sbtest8 WHERE id BETWEEN 7807462 AND 7808461
	Aggregate  (cost=3725.99..3726.00 rows=1 width=8)
	  ->  Bitmap Heap Scan on sbtest8  (cost=22.31..3723.58 rows=963 width=4)
	        Recheck Cond: ((id >= 7807462) AND (id <= 7808461))
	        ->  Bitmap Index Scan on sbtest8_pkey  (cost=0.00..22.07 rows=963 width=0)
	              Index Cond: ((id >= 7807462) AND (id <= 7808461))

for: simple_ranges
table 1 : explain SELECT c FROM sbtest1 WHERE id BETWEEN 767563 AND 768562
	Bitmap Heap Scan on sbtest1  (cost=22.86..3923.63 rows=1017 width=121)
	  Recheck Cond: ((id >= 767563) AND (id <= 768562))
	  ->  Bitmap Index Scan on sbtest1_pkey  (cost=0.00..22.61 rows=1017 width=0)
	        Index Cond: ((id >= 767563) AND (id <= 768562))

table 2 : explain SELECT c FROM sbtest2 WHERE id BETWEEN 202271 AND 203270
	Bitmap Heap Scan on sbtest2  (cost=27.79..4267.09 rows=1108 width=121)
	  Recheck Cond: ((id >= 202271) AND (id <= 203270))
	  ->  Bitmap Index Scan on sbtest2_pkey  (cost=0.00..27.51 rows=1108 width=0)
	        Index Cond: ((id >= 202271) AND (id <= 203270))

table 3 : explain SELECT c FROM sbtest3 WHERE id BETWEEN 9209112 AND 9210111
	Bitmap Heap Scan on sbtest3  (cost=21.87..3559.24 rows=920 width=121)
	  Recheck Cond: ((id >= 9209112) AND (id <= 9210111))
	  ->  Bitmap Index Scan on sbtest3_pkey  (cost=0.00..21.64 rows=920 width=0)
	        Index Cond: ((id >= 9209112) AND (id <= 9210111))

table 4 : explain SELECT c FROM sbtest4 WHERE id BETWEEN 3871280 AND 3872279
	Bitmap Heap Scan on sbtest4  (cost=21.98..3601.79 rows=931 width=121)
	  Recheck Cond: ((id >= 3871280) AND (id <= 3872279))
	  ->  Bitmap Index Scan on sbtest4_pkey  (cost=0.00..21.75 rows=931 width=0)
	        Index Cond: ((id >= 3871280) AND (id <= 3872279))

table 5 : explain SELECT c FROM sbtest5 WHERE id BETWEEN 4933325 AND 4934324
	Bitmap Heap Scan on sbtest5  (cost=22.59..3828.17 rows=991 width=121)
	  Recheck Cond: ((id >= 4933325) AND (id <= 4934324))
	  ->  Bitmap Index Scan on sbtest5_pkey  (cost=0.00..22.34 rows=991 width=0)
	        Index Cond: ((id >= 4933325) AND (id <= 4934324))

table 6 : explain SELECT c FROM sbtest6 WHERE id BETWEEN 3311442 AND 3312441
	Bitmap Heap Scan on sbtest6  (cost=27.60..4200.97 rows=1089 width=121)
	  Recheck Cond: ((id >= 3311442) AND (id <= 3312441))
	  ->  Bitmap Index Scan on sbtest6_pkey  (cost=0.00..27.32 rows=1089 width=0)
	        Index Cond: ((id >= 3311442) AND (id <= 3312441))

table 7 : explain SELECT c FROM sbtest7 WHERE id BETWEEN 1964251 AND 1965250
	Bitmap Heap Scan on sbtest7  (cost=22.53..3806.61 rows=985 width=121)
	  Recheck Cond: ((id >= 1964251) AND (id <= 1965250))
	  ->  Bitmap Index Scan on sbtest7_pkey  (cost=0.00..22.29 rows=985 width=0)
	        Index Cond: ((id >= 1964251) AND (id <= 1965250))

table 8 : explain SELECT c FROM sbtest8 WHERE id BETWEEN 6540813 AND 6541812
	Bitmap Heap Scan on sbtest8  (cost=22.25..3704.71 rows=958 width=121)
	  Recheck Cond: ((id >= 6540813) AND (id <= 6541812))
	  ->  Bitmap Index Scan on sbtest8_pkey  (cost=0.00..22.01 rows=958 width=0)
	        Index Cond: ((id >= 6540813) AND (id <= 6541812))

for: order_ranges
table 1 : explain SELECT c FROM sbtest1 WHERE id BETWEEN 520094 AND 521093 ORDER BY c
	Sort  (cost=3653.21..3655.54 rows=933 width=121)
	  Sort Key: c
	  ->  Bitmap Heap Scan on sbtest1  (cost=22.00..3607.18 rows=933 width=121)
	        Recheck Cond: ((id >= 520094) AND (id <= 521093))
	        ->  Bitmap Index Scan on sbtest1_pkey  (cost=0.00..21.76 rows=933 width=0)
	              Index Cond: ((id >= 520094) AND (id <= 521093))

table 2 : explain SELECT c FROM sbtest2 WHERE id BETWEEN 3367675 AND 3368674 ORDER BY c
	Sort  (cost=4021.49..4024.07 rows=1029 width=121)
	  Sort Key: c
	  ->  Bitmap Heap Scan on sbtest2  (cost=22.98..3970.01 rows=1029 width=121)
	        Recheck Cond: ((id >= 3367675) AND (id <= 3368674))
	        ->  Bitmap Index Scan on sbtest2_pkey  (cost=0.00..22.72 rows=1029 width=0)
	              Index Cond: ((id >= 3367675) AND (id <= 3368674))

table 3 : explain SELECT c FROM sbtest3 WHERE id BETWEEN 4657860 AND 4658859 ORDER BY c
	Sort  (cost=3719.46..3721.83 rows=950 width=121)
	  Sort Key: c
	  ->  Bitmap Heap Scan on sbtest3  (cost=22.17..3672.47 rows=950 width=121)
	        Recheck Cond: ((id >= 4657860) AND (id <= 4658859))
	        ->  Bitmap Index Scan on sbtest3_pkey  (cost=0.00..21.93 rows=950 width=0)
	              Index Cond: ((id >= 4657860) AND (id <= 4658859))

table 4 : explain SELECT c FROM sbtest4 WHERE id BETWEEN 8114035 AND 8115034 ORDER BY c
	Sort  (cost=3735.83..3738.21 rows=954 width=121)
	  Sort Key: c
	  ->  Bitmap Heap Scan on sbtest4  (cost=22.21..3688.61 rows=954 width=121)
	        Recheck Cond: ((id >= 8114035) AND (id <= 8115034))
	        ->  Bitmap Index Scan on sbtest4_pkey  (cost=0.00..21.97 rows=954 width=0)
	              Index Cond: ((id >= 8114035) AND (id <= 8115034))

table 5 : explain SELECT c FROM sbtest5 WHERE id BETWEEN 8572927 AND 8573926 ORDER BY c
	Sort  (cost=3762.66..3765.06 rows=961 width=121)
	  Sort Key: c
	  ->  Bitmap Heap Scan on sbtest5  (cost=22.29..3715.05 rows=961 width=121)
	        Recheck Cond: ((id >= 8572927) AND (id <= 8573926))
	        ->  Bitmap Index Scan on sbtest5_pkey  (cost=0.00..22.04 rows=961 width=0)
	              Index Cond: ((id >= 8572927) AND (id <= 8573926))

table 6 : explain SELECT c FROM sbtest6 WHERE id BETWEEN 8165618 AND 8166617 ORDER BY c
	Sort  (cost=4274.98..4277.71 rows=1094 width=121)
	  Sort Key: c
	  ->  Bitmap Heap Scan on sbtest6  (cost=27.65..4219.76 rows=1094 width=121)
	        Recheck Cond: ((id >= 8165618) AND (id <= 8166617))
	        ->  Bitmap Index Scan on sbtest6_pkey  (cost=0.00..27.37 rows=1094 width=0)
	              Index Cond: ((id >= 8165618) AND (id <= 8166617))

table 7 : explain SELECT c FROM sbtest7 WHERE id BETWEEN 647846 AND 648845 ORDER BY c
	Sort  (cost=4253.24..4255.96 rows=1088 width=121)
	  Sort Key: c
	  ->  Bitmap Heap Scan on sbtest7  (cost=27.59..4198.36 rows=1088 width=121)
	        Recheck Cond: ((id >= 647846) AND (id <= 648845))
	        ->  Bitmap Index Scan on sbtest7_pkey  (cost=0.00..27.32 rows=1088 width=0)
	              Index Cond: ((id >= 647846) AND (id <= 648845))

table 8 : explain SELECT c FROM sbtest8 WHERE id BETWEEN 3807655 AND 3808654 ORDER BY c
	Sort  (cost=3683.16..3685.51 rows=940 width=121)
	  Sort Key: c
	  ->  Bitmap Heap Scan on sbtest8  (cost=22.07..3636.74 rows=940 width=121)
	        Recheck Cond: ((id >= 3807655) AND (id <= 3808654))
	        ->  Bitmap Index Scan on sbtest8_pkey  (cost=0.00..21.83 rows=940 width=0)
	              Index Cond: ((id >= 3807655) AND (id <= 3808654))

for: simple_ranges
table 1 : explain SELECT c FROM sbtest1 WHERE id BETWEEN 53794 AND 54793
	Bitmap Heap Scan on sbtest1  (cost=22.33..3727.84 rows=965 width=121)
	  Recheck Cond: ((id >= 53794) AND (id <= 54793))
	  ->  Bitmap Index Scan on sbtest1_pkey  (cost=0.00..22.08 rows=965 width=0)
	        Index Cond: ((id >= 53794) AND (id <= 54793))

table 2 : explain SELECT c FROM sbtest2 WHERE id BETWEEN 6970771 AND 6971770
	Bitmap Heap Scan on sbtest2  (cost=21.43..3400.45 rows=878 width=121)
	  Recheck Cond: ((id >= 6970771) AND (id <= 6971770))
	  ->  Bitmap Index Scan on sbtest2_pkey  (cost=0.00..21.21 rows=878 width=0)
	        Index Cond: ((id >= 6970771) AND (id <= 6971770))

table 3 : explain SELECT c FROM sbtest3 WHERE id BETWEEN 3219552 AND 3220551
	Bitmap Heap Scan on sbtest3  (cost=23.25..4067.85 rows=1055 width=121)
	  Recheck Cond: ((id >= 3219552) AND (id <= 3220551))
	  ->  Bitmap Index Scan on sbtest3_pkey  (cost=0.00..22.98 rows=1055 width=0)
	        Index Cond: ((id >= 3219552) AND (id <= 3220551))

table 4 : explain SELECT c FROM sbtest4 WHERE id BETWEEN 5522334 AND 5523333
	Bitmap Heap Scan on sbtest4  (cost=22.66..3854.52 rows=998 width=121)
	  Recheck Cond: ((id >= 5522334) AND (id <= 5523333))
	  ->  Bitmap Index Scan on sbtest4_pkey  (cost=0.00..22.41 rows=998 width=0)
	        Index Cond: ((id >= 5522334) AND (id <= 5523333))

table 5 : explain SELECT c FROM sbtest5 WHERE id BETWEEN 3592526 AND 3593525
	Bitmap Heap Scan on sbtest5  (cost=21.78..3530.03 rows=912 width=121)
	  Recheck Cond: ((id >= 3592526) AND (id <= 3593525))
	  ->  Bitmap Index Scan on sbtest5_pkey  (cost=0.00..21.55 rows=912 width=0)
	        Index Cond: ((id >= 3592526) AND (id <= 3593525))

table 6 : explain SELECT c FROM sbtest6 WHERE id BETWEEN 8774525 AND 8775524
	Bitmap Heap Scan on sbtest6  (cost=23.08..4009.00 rows=1039 width=121)
	  Recheck Cond: ((id >= 8774525) AND (id <= 8775524))
	  ->  Bitmap Index Scan on sbtest6_pkey  (cost=0.00..22.82 rows=1039 width=0)
	        Index Cond: ((id >= 8774525) AND (id <= 8775524))

table 7 : explain SELECT c FROM sbtest7 WHERE id BETWEEN 6456903 AND 6457902
	Bitmap Heap Scan on sbtest7  (cost=23.28..4081.56 rows=1058 width=121)
	  Recheck Cond: ((id >= 6456903) AND (id <= 6457902))
	  ->  Bitmap Index Scan on sbtest7_pkey  (cost=0.00..23.01 rows=1058 width=0)
	        Index Cond: ((id >= 6456903) AND (id <= 6457902))

table 8 : explain SELECT c FROM sbtest8 WHERE id BETWEEN 3100998 AND 3101997
	Bitmap Heap Scan on sbtest8  (cost=22.65..3851.82 rows=997 width=121)
	  Recheck Cond: ((id >= 3100998) AND (id <= 3101997))
	  ->  Bitmap Index Scan on sbtest8_pkey  (cost=0.00..22.40 rows=997 width=0)
	        Index Cond: ((id >= 3100998) AND (id <= 3101997))

for point_selects
table 1 : explain SELECT c FROM sbtest1 WHERE id=1821857
	Index Scan using sbtest1_pkey on sbtest1  (cost=0.43..8.45 rows=1 width=121)
	  Index Cond: (id = 1821857)

table 2 : explain SELECT c FROM sbtest2 WHERE id=4110243
	Index Scan using sbtest2_pkey on sbtest2  (cost=0.43..8.45 rows=1 width=121)
	  Index Cond: (id = 4110243)

table 3 : explain SELECT c FROM sbtest3 WHERE id=603848
	Index Scan using sbtest3_pkey on sbtest3  (cost=0.43..8.45 rows=1 width=121)
	  Index Cond: (id = 603848)

table 4 : explain SELECT c FROM sbtest4 WHERE id=2733139
	Index Scan using sbtest4_pkey on sbtest4  (cost=0.43..8.45 rows=1 width=121)
	  Index Cond: (id = 2733139)

table 5 : explain SELECT c FROM sbtest5 WHERE id=480853
	Index Scan using sbtest5_pkey on sbtest5  (cost=0.43..8.45 rows=1 width=121)
	  Index Cond: (id = 480853)

table 6 : explain SELECT c FROM sbtest6 WHERE id=7979232
	Index Scan using sbtest6_pkey on sbtest6  (cost=0.43..8.45 rows=1 width=121)
	  Index Cond: (id = 7979232)

table 7 : explain SELECT c FROM sbtest7 WHERE id=2100433
	Index Scan using sbtest7_pkey on sbtest7  (cost=0.43..8.45 rows=1 width=121)
	  Index Cond: (id = 2100433)

table 8 : explain SELECT c FROM sbtest8 WHERE id=6771394
	Index Scan using sbtest8_pkey on sbtest8  (cost=0.43..8.45 rows=1 width=121)
	  Index Cond: (id = 6771394)

for: order_ranges
table 1 : explain SELECT c FROM sbtest1 WHERE id BETWEEN 8206598 AND 8207597 ORDER BY c
	Sort  (cost=4203.35..4206.04 rows=1077 width=121)
	  Sort Key: c
	  ->  Bitmap Heap Scan on sbtest1  (cost=23.47..4149.11 rows=1077 width=121)
	        Recheck Cond: ((id >= 8206598) AND (id <= 8207597))
	        ->  Bitmap Index Scan on sbtest1_pkey  (cost=0.00..23.20 rows=1077 width=0)
	              Index Cond: ((id >= 8206598) AND (id <= 8207597))

table 2 : explain SELECT c FROM sbtest2 WHERE id BETWEEN 5491277 AND 5492276 ORDER BY c
	Sort  (cost=4258.06..4260.79 rows=1091 width=121)
	  Sort Key: c
	  ->  Bitmap Heap Scan on sbtest2  (cost=23.62..4203.01 rows=1091 width=121)
	        Recheck Cond: ((id >= 5491277) AND (id <= 5492276))
	        ->  Bitmap Index Scan on sbtest2_pkey  (cost=0.00..23.34 rows=1091 width=0)
	              Index Cond: ((id >= 5491277) AND (id <= 5492276))

table 3 : explain SELECT c FROM sbtest3 WHERE id BETWEEN 9649521 AND 9650520 ORDER BY c
	Sort  (cost=4052.12..4054.71 rows=1037 width=121)
	  Sort Key: c
	  ->  Bitmap Heap Scan on sbtest3  (cost=23.06..4000.17 rows=1037 width=121)
	        Recheck Cond: ((id >= 9649521) AND (id <= 9650520))
	        ->  Bitmap Index Scan on sbtest3_pkey  (cost=0.00..22.80 rows=1037 width=0)
	              Index Cond: ((id >= 9649521) AND (id <= 9650520))

table 4 : explain SELECT c FROM sbtest4 WHERE id BETWEEN 190776 AND 191775 ORDER BY c
	Sort  (cost=3758.80..3761.20 rows=960 width=121)
	  Sort Key: c
	  ->  Bitmap Heap Scan on sbtest4  (cost=22.27..3711.25 rows=960 width=121)
	        Recheck Cond: ((id >= 190776) AND (id <= 191775))
	        ->  Bitmap Index Scan on sbtest4_pkey  (cost=0.00..22.04 rows=960 width=0)
	              Index Cond: ((id >= 190776) AND (id <= 191775))

table 5 : explain SELECT c FROM sbtest5 WHERE id BETWEEN 4888597 AND 4889596 ORDER BY c
	Sort  (cost=3877.48..3879.96 rows=991 width=121)
	  Sort Key: c
	  ->  Bitmap Heap Scan on sbtest5  (cost=22.59..3828.17 rows=991 width=121)
	        Recheck Cond: ((id >= 4888597) AND (id <= 4889596))
	        ->  Bitmap Index Scan on sbtest5_pkey  (cost=0.00..22.34 rows=991 width=0)
	              Index Cond: ((id >= 4888597) AND (id <= 4889596))

table 6 : explain SELECT c FROM sbtest6 WHERE id BETWEEN 7184634 AND 7185633 ORDER BY c
	Sort  (cost=3747.40..3749.80 rows=957 width=121)
	  Sort Key: c
	  ->  Bitmap Heap Scan on sbtest6  (cost=22.24..3700.02 rows=957 width=121)
	        Recheck Cond: ((id >= 7184634) AND (id <= 7185633))
	        ->  Bitmap Index Scan on sbtest6_pkey  (cost=0.00..22.00 rows=957 width=0)
	              Index Cond: ((id >= 7184634) AND (id <= 7185633))

table 7 : explain SELECT c FROM sbtest7 WHERE id BETWEEN 7182363 AND 7183362 ORDER BY c
	Sort  (cost=4218.89..4221.59 rows=1079 width=121)
	  Sort Key: c
	  ->  Bitmap Heap Scan on sbtest7  (cost=27.49..4164.53 rows=1079 width=121)
	        Recheck Cond: ((id >= 7182363) AND (id <= 7183362))
	        ->  Bitmap Index Scan on sbtest7_pkey  (cost=0.00..27.22 rows=1079 width=0)
	              Index Cond: ((id >= 7182363) AND (id <= 7183362))

table 8 : explain SELECT c FROM sbtest8 WHERE id BETWEEN 5483178 AND 5484177 ORDER BY c
	Sort  (cost=4000.92..4003.48 rows=1023 width=121)
	  Sort Key: c
	  ->  Bitmap Heap Scan on sbtest8  (cost=22.92..3949.78 rows=1023 width=121)
	        Recheck Cond: ((id >= 5483178) AND (id <= 5484177))
	        ->  Bitmap Index Scan on sbtest8_pkey  (cost=0.00..22.66 rows=1023 width=0)
	              Index Cond: ((id >= 5483178) AND (id <= 5484177))

for: order_ranges
table 1 : explain SELECT c FROM sbtest1 WHERE id BETWEEN 8705051 AND 8706050 ORDER BY c
	Sort  (cost=4165.22..4167.89 rows=1067 width=121)
	  Sort Key: c
	  ->  Bitmap Heap Scan on sbtest1  (cost=23.37..4111.56 rows=1067 width=121)
	        Recheck Cond: ((id >= 8705051) AND (id <= 8706050))
	        ->  Bitmap Index Scan on sbtest1_pkey  (cost=0.00..23.11 rows=1067 width=0)
	              Index Cond: ((id >= 8705051) AND (id <= 8706050))

table 2 : explain SELECT c FROM sbtest2 WHERE id BETWEEN 8996446 AND 8997445 ORDER BY c
	Sort  (cost=3677.26..3679.61 rows=939 width=121)
	  Sort Key: c
	  ->  Bitmap Heap Scan on sbtest2  (cost=22.06..3630.90 rows=939 width=121)
	        Recheck Cond: ((id >= 8996446) AND (id <= 8997445))
	        ->  Bitmap Index Scan on sbtest2_pkey  (cost=0.00..21.82 rows=939 width=0)
	              Index Cond: ((id >= 8996446) AND (id <= 8997445))

table 3 : explain SELECT c FROM sbtest3 WHERE id BETWEEN 8154455 AND 8155454 ORDER BY c
	Sort  (cost=3853.40..3855.86 rows=985 width=121)
	  Sort Key: c
	  ->  Bitmap Heap Scan on sbtest3  (cost=22.53..3804.42 rows=985 width=121)
	        Recheck Cond: ((id >= 8154455) AND (id <= 8155454))
	        ->  Bitmap Index Scan on sbtest3_pkey  (cost=0.00..22.29 rows=985 width=0)
	              Index Cond: ((id >= 8154455) AND (id <= 8155454))

table 4 : explain SELECT c FROM sbtest4 WHERE id BETWEEN 3576267 AND 3577266 ORDER BY c
	Sort  (cost=3636.20..3638.52 rows=928 width=121)
	  Sort Key: c
	  ->  Bitmap Heap Scan on sbtest4  (cost=21.95..3590.46 rows=928 width=121)
	        Recheck Cond: ((id >= 3576267) AND (id <= 3577266))
	        ->  Bitmap Index Scan on sbtest4_pkey  (cost=0.00..21.71 rows=928 width=0)
	              Index Cond: ((id >= 3576267) AND (id <= 3577266))

table 5 : explain SELECT c FROM sbtest5 WHERE id BETWEEN 7195467 AND 7196466 ORDER BY c
	Sort  (cost=3789.46..3791.88 rows=968 width=121)
	  Sort Key: c
	  ->  Bitmap Heap Scan on sbtest5  (cost=22.36..3741.45 rows=968 width=121)
	        Recheck Cond: ((id >= 7195467) AND (id <= 7196466))
	        ->  Bitmap Index Scan on sbtest5_pkey  (cost=0.00..22.11 rows=968 width=0)
	              Index Cond: ((id >= 7195467) AND (id <= 7196466))

table 6 : explain SELECT c FROM sbtest6 WHERE id BETWEEN 1695708 AND 1696707 ORDER BY c
	Sort  (cost=3946.40..3948.92 rows=1009 width=121)
	  Sort Key: c
	  ->  Bitmap Heap Scan on sbtest6  (cost=22.78..3896.06 rows=1009 width=121)
	        Recheck Cond: ((id >= 1695708) AND (id <= 1696707))
	        ->  Bitmap Index Scan on sbtest6_pkey  (cost=0.00..22.52 rows=1009 width=0)
	              Index Cond: ((id >= 1695708) AND (id <= 1696707))

table 7 : explain SELECT c FROM sbtest7 WHERE id BETWEEN 9312608 AND 9313607 ORDER BY c
	Sort  (cost=3679.36..3681.71 rows=939 width=121)
	  Sort Key: c
	  ->  Bitmap Heap Scan on sbtest7  (cost=22.06..3633.00 rows=939 width=121)
	        Recheck Cond: ((id >= 9312608) AND (id <= 9313607))
	        ->  Bitmap Index Scan on sbtest7_pkey  (cost=0.00..21.82 rows=939 width=0)
	              Index Cond: ((id >= 9312608) AND (id <= 9313607))

table 8 : explain SELECT c FROM sbtest8 WHERE id BETWEEN 2943211 AND 2944210 ORDER BY c
	Sort  (cost=3951.21..3953.73 rows=1010 width=121)
	  Sort Key: c
	  ->  Bitmap Heap Scan on sbtest8  (cost=22.79..3900.81 rows=1010 width=121)
	        Recheck Cond: ((id >= 2943211) AND (id <= 2944210))
	        ->  Bitmap Index Scan on sbtest8_pkey  (cost=0.00..22.54 rows=1010 width=0)
	              Index Cond: ((id >= 2943211) AND (id <= 2944210))

for: sum_ranges
table 1 : explain SELECT SUM(k) FROM sbtest1 WHERE id BETWEEN 367950 AND 368949
	Aggregate  (cost=4091.68..4091.69 rows=1 width=8)
	  ->  Bitmap Heap Scan on sbtest1  (cost=23.31..4089.02 rows=1061 width=4)
	        Recheck Cond: ((id >= 367950) AND (id <= 368949))
	        ->  Bitmap Index Scan on sbtest1_pkey  (cost=0.00..23.04 rows=1061 width=0)
	              Index Cond: ((id >= 367950) AND (id <= 368949))

table 2 : explain SELECT SUM(k) FROM sbtest2 WHERE id BETWEEN 4171706 AND 4172705
	Aggregate  (cost=4017.75..4017.76 rows=1 width=8)
	  ->  Bitmap Heap Scan on sbtest2  (cost=23.11..4015.14 rows=1041 width=4)
	        Recheck Cond: ((id >= 4171706) AND (id <= 4172705))
	        ->  Bitmap Index Scan on sbtest2_pkey  (cost=0.00..22.84 rows=1041 width=0)
	              Index Cond: ((id >= 4171706) AND (id <= 4172705))

table 3 : explain SELECT SUM(k) FROM sbtest3 WHERE id BETWEEN 1006970 AND 1007969
	Aggregate  (cost=4025.35..4025.36 rows=1 width=8)
	  ->  Bitmap Heap Scan on sbtest3  (cost=23.13..4022.74 rows=1043 width=4)
	        Recheck Cond: ((id >= 1006970) AND (id <= 1007969))
	        ->  Bitmap Index Scan on sbtest3_pkey  (cost=0.00..22.86 rows=1043 width=0)
	              Index Cond: ((id >= 1006970) AND (id <= 1007969))

table 4 : explain SELECT SUM(k) FROM sbtest4 WHERE id BETWEEN 2497851 AND 2498850
	Aggregate  (cost=3838.16..3838.17 rows=1 width=8)
	  ->  Bitmap Heap Scan on sbtest4  (cost=22.61..3835.68 rows=993 width=4)
	        Recheck Cond: ((id >= 2497851) AND (id <= 2498850))
	        ->  Bitmap Index Scan on sbtest4_pkey  (cost=0.00..22.36 rows=993 width=0)
	              Index Cond: ((id >= 2497851) AND (id <= 2498850))

table 5 : explain SELECT SUM(k) FROM sbtest5 WHERE id BETWEEN 900602 AND 901601
	Aggregate  (cost=3917.35..3917.36 rows=1 width=8)
	  ->  Bitmap Heap Scan on sbtest5  (cost=22.83..3914.82 rows=1014 width=4)
	        Recheck Cond: ((id >= 900602) AND (id <= 901601))
	        ->  Bitmap Index Scan on sbtest5_pkey  (cost=0.00..22.57 rows=1014 width=0)
	              Index Cond: ((id >= 900602) AND (id <= 901601))

table 6 : explain SELECT SUM(k) FROM sbtest6 WHERE id BETWEEN 2441305 AND 2442304
	Aggregate  (cost=4331.46..4331.47 rows=1 width=8)
	  ->  Bitmap Heap Scan on sbtest6  (cost=27.96..4328.65 rows=1124 width=4)
	        Recheck Cond: ((id >= 2441305) AND (id <= 2442304))
	        ->  Bitmap Index Scan on sbtest6_pkey  (cost=0.00..27.68 rows=1124 width=0)
	              Index Cond: ((id >= 2441305) AND (id <= 2442304))

table 7 : explain SELECT SUM(k) FROM sbtest7 WHERE id BETWEEN 7971031 AND 7972030
	Aggregate  (cost=3582.42..3582.43 rows=1 width=8)
	  ->  Bitmap Heap Scan on sbtest7  (cost=21.92..3580.11 rows=925 width=4)
	        Recheck Cond: ((id >= 7971031) AND (id <= 7972030))
	        ->  Bitmap Index Scan on sbtest7_pkey  (cost=0.00..21.68 rows=925 width=0)
	              Index Cond: ((id >= 7971031) AND (id <= 7972030))

table 8 : explain SELECT SUM(k) FROM sbtest8 WHERE id BETWEEN 3621105 AND 3622104
	Aggregate  (cost=3710.88..3710.89 rows=1 width=8)
	  ->  Bitmap Heap Scan on sbtest8  (cost=22.26..3708.48 rows=959 width=4)
	        Recheck Cond: ((id >= 3621105) AND (id <= 3622104))
	        ->  Bitmap Index Scan on sbtest8_pkey  (cost=0.00..22.02 rows=959 width=0)
	              Index Cond: ((id >= 3621105) AND (id <= 3622104))

for: distinct_ranges
table 1 : explain SELECT DISTINCT c FROM sbtest1 WHERE id BETWEEN 2015706 AND 2016705 ORDER BY c
	Unique  (cost=3672.35..3677.04 rows=938 width=121)
	  ->  Sort  (cost=3672.35..3674.70 rows=938 width=121)
	        Sort Key: c
	        ->  Bitmap Heap Scan on sbtest1  (cost=22.05..3626.04 rows=938 width=121)
	              Recheck Cond: ((id >= 2015706) AND (id <= 2016705))
	              ->  Bitmap Index Scan on sbtest1_pkey  (cost=0.00..21.82 rows=938 width=0)
	                    Index Cond: ((id >= 2015706) AND (id <= 2016705))

table 2 : explain SELECT DISTINCT c FROM sbtest2 WHERE id BETWEEN 1295287 AND 1296286 ORDER BY c
	Unique  (cost=4040.59..4045.76 rows=1034 width=121)
	  ->  Sort  (cost=4040.59..4043.17 rows=1034 width=121)
	        Sort Key: c
	        ->  Bitmap Heap Scan on sbtest2  (cost=23.03..3988.82 rows=1034 width=121)
	              Recheck Cond: ((id >= 1295287) AND (id <= 1296286))
	              ->  Bitmap Index Scan on sbtest2_pkey  (cost=0.00..22.77 rows=1034 width=0)
	                    Index Cond: ((id >= 1295287) AND (id <= 1296286))

table 3 : explain SELECT DISTINCT c FROM sbtest3 WHERE id BETWEEN 5501368 AND 5502367 ORDER BY c
	Unique  (cost=3593.03..3597.61 rows=917 width=121)
	  ->  Sort  (cost=3593.03..3595.32 rows=917 width=121)
	        Sort Key: c
	        ->  Bitmap Heap Scan on sbtest3  (cost=21.83..3547.91 rows=917 width=121)
	              Recheck Cond: ((id >= 5501368) AND (id <= 5502367))
	              ->  Bitmap Index Scan on sbtest3_pkey  (cost=0.00..21.61 rows=917 width=0)
	                    Index Cond: ((id >= 5501368) AND (id <= 5502367))

table 4 : explain SELECT DISTINCT c FROM sbtest4 WHERE id BETWEEN 9340962 AND 9341961 ORDER BY c
	Unique  (cost=3839.20..3844.10 rows=981 width=121)
	  ->  Sort  (cost=3839.20..3841.65 rows=981 width=121)
	        Sort Key: c
	        ->  Bitmap Heap Scan on sbtest4  (cost=22.49..3790.45 rows=981 width=121)
	              Recheck Cond: ((id >= 9340962) AND (id <= 9341961))
	              ->  Bitmap Index Scan on sbtest4_pkey  (cost=0.00..22.25 rows=981 width=0)
	                    Index Cond: ((id >= 9340962) AND (id <= 9341961))

table 5 : explain SELECT DISTINCT c FROM sbtest5 WHERE id BETWEEN 9000099 AND 9001098 ORDER BY c
	Unique  (cost=3800.95..3805.80 rows=971 width=121)
	  ->  Sort  (cost=3800.95..3803.37 rows=971 width=121)
	        Sort Key: c
	        ->  Bitmap Heap Scan on sbtest5  (cost=22.39..3752.77 rows=971 width=121)
	              Recheck Cond: ((id >= 9000099) AND (id <= 9001098))
	              ->  Bitmap Index Scan on sbtest5_pkey  (cost=0.00..22.14 rows=971 width=0)
	                    Index Cond: ((id >= 9000099) AND (id <= 9001098))

table 6 : explain SELECT DISTINCT c FROM sbtest6 WHERE id BETWEEN 4125099 AND 4126098 ORDER BY c
	Unique  (cost=3980.81..3985.90 rows=1018 width=121)
	  ->  Sort  (cost=3980.81..3983.35 rows=1018 width=121)
	        Sort Key: c
	        ->  Bitmap Heap Scan on sbtest6  (cost=22.87..3929.95 rows=1018 width=121)
	              Recheck Cond: ((id >= 4125099) AND (id <= 4126098))
	              ->  Bitmap Index Scan on sbtest6_pkey  (cost=0.00..22.61 rows=1018 width=0)
	                    Index Cond: ((id >= 4125099) AND (id <= 4126098))

table 7 : explain SELECT DISTINCT c FROM sbtest7 WHERE id BETWEEN 7329192 AND 7330191 ORDER BY c
	Unique  (cost=4257.05..4262.50 rows=1089 width=121)
	  ->  Sort  (cost=4257.05..4259.78 rows=1089 width=121)
	        Sort Key: c
	        ->  Bitmap Heap Scan on sbtest7  (cost=27.60..4202.12 rows=1089 width=121)
	              Recheck Cond: ((id >= 7329192) AND (id <= 7330191))
	              ->  Bitmap Index Scan on sbtest7_pkey  (cost=0.00..27.32 rows=1089 width=0)
	                    Index Cond: ((id >= 7329192) AND (id <= 7330191))

table 8 : explain SELECT DISTINCT c FROM sbtest8 WHERE id BETWEEN 9580498 AND 9581497 ORDER BY c
	Unique  (cost=3813.43..3818.30 rows=974 width=121)
	  ->  Sort  (cost=3813.43..3815.87 rows=974 width=121)
	        Sort Key: c
	        ->  Bitmap Heap Scan on sbtest8  (cost=22.42..3765.08 rows=974 width=121)
	              Recheck Cond: ((id >= 9580498) AND (id <= 9581497))
	              ->  Bitmap Index Scan on sbtest8_pkey  (cost=0.00..22.18 rows=974 width=0)
	                    Index Cond: ((id >= 9580498) AND (id <= 9581497))

for point_selects
table 1 : explain SELECT c FROM sbtest1 WHERE id=9317275
	Index Scan using sbtest1_pkey on sbtest1  (cost=0.43..8.45 rows=1 width=121)
	  Index Cond: (id = 9317275)

table 2 : explain SELECT c FROM sbtest2 WHERE id=7378012
	Index Scan using sbtest2_pkey on sbtest2  (cost=0.43..8.45 rows=1 width=121)
	  Index Cond: (id = 7378012)

table 3 : explain SELECT c FROM sbtest3 WHERE id=7649104
	Index Scan using sbtest3_pkey on sbtest3  (cost=0.43..8.45 rows=1 width=121)
	  Index Cond: (id = 7649104)

table 4 : explain SELECT c FROM sbtest4 WHERE id=2437450
	Index Scan using sbtest4_pkey on sbtest4  (cost=0.43..8.45 rows=1 width=121)
	  Index Cond: (id = 2437450)

table 5 : explain SELECT c FROM sbtest5 WHERE id=4275833
	Index Scan using sbtest5_pkey on sbtest5  (cost=0.43..8.45 rows=1 width=121)
	  Index Cond: (id = 4275833)

table 6 : explain SELECT c FROM sbtest6 WHERE id=170781
	Index Scan using sbtest6_pkey on sbtest6  (cost=0.43..8.45 rows=1 width=121)
	  Index Cond: (id = 170781)

table 7 : explain SELECT c FROM sbtest7 WHERE id=7062004
	Index Scan using sbtest7_pkey on sbtest7  (cost=0.43..8.45 rows=1 width=121)
	  Index Cond: (id = 7062004)

table 8 : explain SELECT c FROM sbtest8 WHERE id=2491593
	Index Scan using sbtest8_pkey on sbtest8  (cost=0.43..8.45 rows=1 width=121)
	  Index Cond: (id = 2491593)

for: sum_ranges
table 1 : explain SELECT SUM(k) FROM sbtest1 WHERE id BETWEEN 9325977 AND 9326976
	Aggregate  (cost=4121.74..4121.75 rows=1 width=8)
	  ->  Bitmap Heap Scan on sbtest1  (cost=23.39..4119.07 rows=1069 width=4)
	        Recheck Cond: ((id >= 9325977) AND (id <= 9326976))
	        ->  Bitmap Index Scan on sbtest1_pkey  (cost=0.00..23.12 rows=1069 width=0)
	              Index Cond: ((id >= 9325977) AND (id <= 9326976))

table 2 : explain SELECT SUM(k) FROM sbtest2 WHERE id BETWEEN 8689045 AND 8690044
	Aggregate  (cost=3640.80..3640.81 rows=1 width=8)
	  ->  Bitmap Heap Scan on sbtest2  (cost=22.08..3638.45 rows=941 width=4)
	        Recheck Cond: ((id >= 8689045) AND (id <= 8690044))
	        ->  Bitmap Index Scan on sbtest2_pkey  (cost=0.00..21.84 rows=941 width=0)
	              Index Cond: ((id >= 8689045) AND (id <= 8690044))

table 3 : explain SELECT SUM(k) FROM sbtest3 WHERE id BETWEEN 9602562 AND 9603561
	Aggregate  (cost=4138.17..4138.18 rows=1 width=8)
	  ->  Bitmap Heap Scan on sbtest3  (cost=23.43..4135.49 rows=1073 width=4)
	        Recheck Cond: ((id >= 9602562) AND (id <= 9603561))
	        ->  Bitmap Index Scan on sbtest3_pkey  (cost=0.00..23.16 rows=1073 width=0)
	              Index Cond: ((id >= 9602562) AND (id <= 9603561))

table 4 : explain SELECT SUM(k) FROM sbtest4 WHERE id BETWEEN 2704193 AND 2705192
	Aggregate  (cost=4049.14..4049.15 rows=1 width=8)
	  ->  Bitmap Heap Scan on sbtest4  (cost=23.19..4046.51 rows=1049 width=4)
	        Recheck Cond: ((id >= 2704193) AND (id <= 2705192))
	        ->  Bitmap Index Scan on sbtest4_pkey  (cost=0.00..22.93 rows=1049 width=0)
	              Index Cond: ((id >= 2704193) AND (id <= 2705192))

table 5 : explain SELECT SUM(k) FROM sbtest5 WHERE id BETWEEN 9632520 AND 9633519
	Aggregate  (cost=3792.93..3792.94 rows=1 width=8)
	  ->  Bitmap Heap Scan on sbtest5  (cost=22.49..3790.47 rows=981 width=4)
	        Recheck Cond: ((id >= 9632520) AND (id <= 9633519))
	        ->  Bitmap Index Scan on sbtest5_pkey  (cost=0.00..22.25 rows=981 width=0)
	              Index Cond: ((id >= 9632520) AND (id <= 9633519))

table 6 : explain SELECT SUM(k) FROM sbtest6 WHERE id BETWEEN 8892016 AND 8893015
	Aggregate  (cost=4184.66..4184.67 rows=1 width=8)
	  ->  Bitmap Heap Scan on sbtest6  (cost=23.56..4181.95 rows=1085 width=4)
	        Recheck Cond: ((id >= 8892016) AND (id <= 8893015))
	        ->  Bitmap Index Scan on sbtest6_pkey  (cost=0.00..23.29 rows=1085 width=0)
	              Index Cond: ((id >= 8892016) AND (id <= 8893015))

table 7 : explain SELECT SUM(k) FROM sbtest7 WHERE id BETWEEN 6663797 AND 6664796
	Aggregate  (cost=3782.65..3782.66 rows=1 width=8)
	  ->  Bitmap Heap Scan on sbtest7  (cost=22.46..3780.21 rows=978 width=4)
	        Recheck Cond: ((id >= 6663797) AND (id <= 6664796))
	        ->  Bitmap Index Scan on sbtest7_pkey  (cost=0.00..22.21 rows=978 width=0)
	              Index Cond: ((id >= 6663797) AND (id <= 6664796))

table 8 : explain SELECT SUM(k) FROM sbtest8 WHERE id BETWEEN 2068083 AND 2069082
	Aggregate  (cost=3869.40..3869.41 rows=1 width=8)
	  ->  Bitmap Heap Scan on sbtest8  (cost=22.70..3866.89 rows=1001 width=4)
	        Recheck Cond: ((id >= 2068083) AND (id <= 2069082))
	        ->  Bitmap Index Scan on sbtest8_pkey  (cost=0.00..22.44 rows=1001 width=0)
	              Index Cond: ((id >= 2068083) AND (id <= 2069082))

for: sum_ranges
table 1 : explain SELECT SUM(k) FROM sbtest1 WHERE id BETWEEN 4353763 AND 4354762
	Aggregate  (cost=3775.50..3775.51 rows=1 width=8)
	  ->  Bitmap Heap Scan on sbtest1  (cost=22.45..3773.06 rows=977 width=4)
	        Recheck Cond: ((id >= 4353763) AND (id <= 4354762))
	        ->  Bitmap Index Scan on sbtest1_pkey  (cost=0.00..22.20 rows=977 width=0)
	              Index Cond: ((id >= 4353763) AND (id <= 4354762))

table 2 : explain SELECT SUM(k) FROM sbtest2 WHERE id BETWEEN 4885131 AND 4886130
	Aggregate  (cost=4284.87..4284.88 rows=1 width=8)
	  ->  Bitmap Heap Scan on sbtest2  (cost=27.83..4282.09 rows=1112 width=4)
	        Recheck Cond: ((id >= 4885131) AND (id <= 4886130))
	        ->  Bitmap Index Scan on sbtest2_pkey  (cost=0.00..27.55 rows=1112 width=0)
	              Index Cond: ((id >= 4885131) AND (id <= 4886130))

table 3 : explain SELECT SUM(k) FROM sbtest3 WHERE id BETWEEN 6066979 AND 6067978
	Aggregate  (cost=3968.89..3968.90 rows=1 width=8)
	  ->  Bitmap Heap Scan on sbtest3  (cost=22.97..3966.32 rows=1028 width=4)
	        Recheck Cond: ((id >= 6066979) AND (id <= 6067978))
	        ->  Bitmap Index Scan on sbtest3_pkey  (cost=0.00..22.71 rows=1028 width=0)
	              Index Cond: ((id >= 6066979) AND (id <= 6067978))

table 4 : explain SELECT SUM(k) FROM sbtest4 WHERE id BETWEEN 8679536 AND 8680535
	Aggregate  (cost=3841.93..3841.94 rows=1 width=8)
	  ->  Bitmap Heap Scan on sbtest4  (cost=22.62..3839.45 rows=994 width=4)
	        Recheck Cond: ((id >= 8679536) AND (id <= 8680535))
	        ->  Bitmap Index Scan on sbtest4_pkey  (cost=0.00..22.37 rows=994 width=0)
	              Index Cond: ((id >= 8679536) AND (id <= 8680535))

table 5 : explain SELECT SUM(k) FROM sbtest5 WHERE id BETWEEN 2759066 AND 2760065
	Aggregate  (cost=3894.74..3894.75 rows=1 width=8)
	  ->  Bitmap Heap Scan on sbtest5  (cost=22.77..3892.22 rows=1008 width=4)
	        Recheck Cond: ((id >= 2759066) AND (id <= 2760065))
	        ->  Bitmap Index Scan on sbtest5_pkey  (cost=0.00..22.51 rows=1008 width=0)
	              Index Cond: ((id >= 2759066) AND (id <= 2760065))

table 6 : explain SELECT SUM(k) FROM sbtest6 WHERE id BETWEEN 359844 AND 360843
	Aggregate  (cost=3456.71..3456.72 rows=1 width=8)
	  ->  Bitmap Heap Scan on sbtest6  (cost=21.58..3454.48 rows=892 width=4)
	        Recheck Cond: ((id >= 359844) AND (id <= 360843))
	        ->  Bitmap Index Scan on sbtest6_pkey  (cost=0.00..21.36 rows=892 width=0)
	              Index Cond: ((id >= 359844) AND (id <= 360843))

table 7 : explain SELECT SUM(k) FROM sbtest7 WHERE id BETWEEN 4575790 AND 4576789
	Aggregate  (cost=3846.80..3846.81 rows=1 width=8)
	  ->  Bitmap Heap Scan on sbtest7  (cost=22.63..3844.31 rows=995 width=4)
	        Recheck Cond: ((id >= 4575790) AND (id <= 4576789))
	        ->  Bitmap Index Scan on sbtest7_pkey  (cost=0.00..22.39 rows=995 width=0)
	              Index Cond: ((id >= 4575790) AND (id <= 4576789))

table 8 : explain SELECT SUM(k) FROM sbtest8 WHERE id BETWEEN 4199307 AND 4200306
	Aggregate  (cost=4069.34..4069.35 rows=1 width=8)
	  ->  Bitmap Heap Scan on sbtest8  (cost=27.23..4066.71 rows=1053 width=4)
	        Recheck Cond: ((id >= 4199307) AND (id <= 4200306))
	        ->  Bitmap Index Scan on sbtest8_pkey  (cost=0.00..26.96 rows=1053 width=0)
	              Index Cond: ((id >= 4199307) AND (id <= 4200306))

for: simple_ranges
table 1 : explain SELECT c FROM sbtest1 WHERE id BETWEEN 6110809 AND 6111808
	Bitmap Heap Scan on sbtest1  (cost=22.65..3848.37 rows=997 width=121)
	  Recheck Cond: ((id >= 6110809) AND (id <= 6111808))
	  ->  Bitmap Index Scan on sbtest1_pkey  (cost=0.00..22.40 rows=997 width=0)
	        Index Cond: ((id >= 6110809) AND (id <= 6111808))

table 2 : explain SELECT c FROM sbtest2 WHERE id BETWEEN 896675 AND 897674
	Bitmap Heap Scan on sbtest2  (cost=23.19..4045.22 rows=1049 width=121)
	  Recheck Cond: ((id >= 896675) AND (id <= 897674))
	  ->  Bitmap Index Scan on sbtest2_pkey  (cost=0.00..22.93 rows=1049 width=0)
	        Index Cond: ((id >= 896675) AND (id <= 897674))

table 3 : explain SELECT c FROM sbtest3 WHERE id BETWEEN 9812081 AND 9813080
	Bitmap Heap Scan on sbtest3  (cost=22.08..3638.51 rows=941 width=121)
	  Recheck Cond: ((id >= 9812081) AND (id <= 9813080))
	  ->  Bitmap Index Scan on sbtest3_pkey  (cost=0.00..21.84 rows=941 width=0)
	        Index Cond: ((id >= 9812081) AND (id <= 9813080))

table 4 : explain SELECT c FROM sbtest4 WHERE id BETWEEN 1658006 AND 1659005
	Bitmap Heap Scan on sbtest4  (cost=22.41..3760.29 rows=973 width=121)
	  Recheck Cond: ((id >= 1658006) AND (id <= 1659005))
	  ->  Bitmap Index Scan on sbtest4_pkey  (cost=0.00..22.16 rows=973 width=0)
	        Index Cond: ((id >= 1658006) AND (id <= 1659005))

table 5 : explain SELECT c FROM sbtest5 WHERE id BETWEEN 7513350 AND 7514349
	Bitmap Heap Scan on sbtest5  (cost=23.05..3997.63 rows=1036 width=121)
	  Recheck Cond: ((id >= 7513350) AND (id <= 7514349))
	  ->  Bitmap Index Scan on sbtest5_pkey  (cost=0.00..22.79 rows=1036 width=0)
	        Index Cond: ((id >= 7513350) AND (id <= 7514349))

table 6 : explain SELECT c FROM sbtest6 WHERE id BETWEEN 9059152 AND 9060151
	Bitmap Heap Scan on sbtest6  (cost=27.79..4268.60 rows=1108 width=121)
	  Recheck Cond: ((id >= 9059152) AND (id <= 9060151))
	  ->  Bitmap Index Scan on sbtest6_pkey  (cost=0.00..27.51 rows=1108 width=0)
	        Index Cond: ((id >= 9059152) AND (id <= 9060151))

table 7 : explain SELECT c FROM sbtest7 WHERE id BETWEEN 458647 AND 459646
	Bitmap Heap Scan on sbtest7  (cost=27.63..4213.39 rows=1092 width=121)
	  Recheck Cond: ((id >= 458647) AND (id <= 459646))
	  ->  Bitmap Index Scan on sbtest7_pkey  (cost=0.00..27.36 rows=1092 width=0)
	        Index Cond: ((id >= 458647) AND (id <= 459646))

table 8 : explain SELECT c FROM sbtest8 WHERE id BETWEEN 6429812 AND 6430811
	Bitmap Heap Scan on sbtest8  (cost=22.43..3768.86 rows=975 width=121)
	  Recheck Cond: ((id >= 6429812) AND (id <= 6430811))
	  ->  Bitmap Index Scan on sbtest8_pkey  (cost=0.00..22.18 rows=975 width=0)
	        Index Cond: ((id >= 6429812) AND (id <= 6430811))

for: distinct_ranges
table 1 : explain SELECT DISTINCT c FROM sbtest1 WHERE id BETWEEN 5923697 AND 5924696 ORDER BY c
	Unique  (cost=3768.03..3772.85 rows=963 width=121)
	  ->  Sort  (cost=3768.03..3770.44 rows=963 width=121)
	        Sort Key: c
	        ->  Bitmap Heap Scan on sbtest1  (cost=22.31..3720.31 rows=963 width=121)
	              Recheck Cond: ((id >= 5923697) AND (id <= 5924696))
	              ->  Bitmap Index Scan on sbtest1_pkey  (cost=0.00..22.07 rows=963 width=0)
	                    Index Cond: ((id >= 5923697) AND (id <= 5924696))

table 2 : explain SELECT DISTINCT c FROM sbtest2 WHERE id BETWEEN 8611292 AND 8612291 ORDER BY c
	Unique  (cost=3481.75..3486.19 rows=888 width=121)
	  ->  Sort  (cost=3481.75..3483.97 rows=888 width=121)
	        Sort Key: c
	        ->  Bitmap Heap Scan on sbtest2  (cost=21.54..3438.26 rows=888 width=121)
	              Recheck Cond: ((id >= 8611292) AND (id <= 8612291))
	              ->  Bitmap Index Scan on sbtest2_pkey  (cost=0.00..21.32 rows=888 width=0)
	                    Index Cond: ((id >= 8611292) AND (id <= 8612291))

table 3 : explain SELECT DISTINCT c FROM sbtest3 WHERE id BETWEEN 3033601 AND 3034600 ORDER BY c
	Unique  (cost=3727.11..3731.87 rows=952 width=121)
	  ->  Sort  (cost=3727.11..3729.49 rows=952 width=121)
	        Sort Key: c
	        ->  Bitmap Heap Scan on sbtest3  (cost=22.19..3680.01 rows=952 width=121)
	              Recheck Cond: ((id >= 3033601) AND (id <= 3034600))
	              ->  Bitmap Index Scan on sbtest3_pkey  (cost=0.00..21.95 rows=952 width=0)
	                    Index Cond: ((id >= 3033601) AND (id <= 3034600))

table 4 : explain SELECT DISTINCT c FROM sbtest4 WHERE id BETWEEN 4796054 AND 4797053 ORDER BY c
	Unique  (cost=3731.99..3736.76 rows=953 width=121)
	  ->  Sort  (cost=3731.99..3734.38 rows=953 width=121)
	        Sort Key: c
	        ->  Bitmap Heap Scan on sbtest4  (cost=22.20..3684.84 rows=953 width=121)
	              Recheck Cond: ((id >= 4796054) AND (id <= 4797053))
	              ->  Bitmap Index Scan on sbtest4_pkey  (cost=0.00..21.96 rows=953 width=0)
	                    Index Cond: ((id >= 4796054) AND (id <= 4797053))

table 5 : explain SELECT DISTINCT c FROM sbtest5 WHERE id BETWEEN 7545960 AND 7546959 ORDER BY c
	Unique  (cost=4049.52..4054.70 rows=1036 width=121)
	  ->  Sort  (cost=4049.52..4052.11 rows=1036 width=121)
	        Sort Key: c
	        ->  Bitmap Heap Scan on sbtest5  (cost=23.05..3997.63 rows=1036 width=121)
	              Recheck Cond: ((id >= 7545960) AND (id <= 7546959))
	              ->  Bitmap Index Scan on sbtest5_pkey  (cost=0.00..22.79 rows=1036 width=0)
	                    Index Cond: ((id >= 7545960) AND (id <= 7546959))

table 6 : explain SELECT DISTINCT c FROM sbtest6 WHERE id BETWEEN 1862473 AND 1863472 ORDER BY c
	Unique  (cost=4408.46..4414.11 rows=1130 width=121)
	  ->  Sort  (cost=4408.46..4411.29 rows=1130 width=121)
	        Sort Key: c
	        ->  Bitmap Heap Scan on sbtest6  (cost=28.02..4351.16 rows=1130 width=121)
	              Recheck Cond: ((id >= 1862473) AND (id <= 1863472))
	              ->  Bitmap Index Scan on sbtest6_pkey  (cost=0.00..27.73 rows=1130 width=0)
	                    Index Cond: ((id >= 1862473) AND (id <= 1863472))

table 7 : explain SELECT DISTINCT c FROM sbtest7 WHERE id BETWEEN 3054364 AND 3055363 ORDER BY c
	Unique  (cost=3809.64..3814.50 rows=973 width=121)
	  ->  Sort  (cost=3809.64..3812.07 rows=973 width=121)
	        Sort Key: c
	        ->  Bitmap Heap Scan on sbtest7  (cost=22.41..3761.35 rows=973 width=121)
	              Recheck Cond: ((id >= 3054364) AND (id <= 3055363))
	              ->  Bitmap Index Scan on sbtest7_pkey  (cost=0.00..22.16 rows=973 width=0)
	                    Index Cond: ((id >= 3054364) AND (id <= 3055363))

table 8 : explain SELECT DISTINCT c FROM sbtest8 WHERE id BETWEEN 5292450 AND 5293449 ORDER BY c
	Unique  (cost=3897.65..3902.63 rows=996 width=121)
	  ->  Sort  (cost=3897.65..3900.14 rows=996 width=121)
	        Sort Key: c
	        ->  Bitmap Heap Scan on sbtest8  (cost=22.64..3848.05 rows=996 width=121)
	              Recheck Cond: ((id >= 5292450) AND (id <= 5293449))
	              ->  Bitmap Index Scan on sbtest8_pkey  (cost=0.00..22.39 rows=996 width=0)
	                    Index Cond: ((id >= 5292450) AND (id <= 5293449))

for: distinct_ranges
table 1 : explain SELECT DISTINCT c FROM sbtest1 WHERE id BETWEEN 8354285 AND 8355284 ORDER BY c
	Unique  (cost=3924.78..3929.80 rows=1004 width=121)
	  ->  Sort  (cost=3924.78..3927.29 rows=1004 width=121)
	        Sort Key: c
	        ->  Bitmap Heap Scan on sbtest1  (cost=22.73..3874.72 rows=1004 width=121)
	              Recheck Cond: ((id >= 8354285) AND (id <= 8355284))
	              ->  Bitmap Index Scan on sbtest1_pkey  (cost=0.00..22.47 rows=1004 width=0)
	                    Index Cond: ((id >= 8354285) AND (id <= 8355284))

table 2 : explain SELECT DISTINCT c FROM sbtest2 WHERE id BETWEEN 7110986 AND 7111985 ORDER BY c
	Unique  (cost=3929.80..3934.82 rows=1005 width=121)
	  ->  Sort  (cost=3929.80..3932.31 rows=1005 width=121)
	        Sort Key: c
	        ->  Bitmap Heap Scan on sbtest2  (cost=22.74..3879.68 rows=1005 width=121)
	              Recheck Cond: ((id >= 7110986) AND (id <= 7111985))
	              ->  Bitmap Index Scan on sbtest2_pkey  (cost=0.00..22.48 rows=1005 width=0)
	                    Index Cond: ((id >= 7110986) AND (id <= 7111985))

table 3 : explain SELECT DISTINCT c FROM sbtest3 WHERE id BETWEEN 3275352 AND 3276351 ORDER BY c
	Unique  (cost=3968.08..3973.16 rows=1015 width=121)
	  ->  Sort  (cost=3968.08..3970.62 rows=1015 width=121)
	        Sort Key: c
	        ->  Bitmap Heap Scan on sbtest3  (cost=22.84..3917.40 rows=1015 width=121)
	              Recheck Cond: ((id >= 3275352) AND (id <= 3276351))
	              ->  Bitmap Index Scan on sbtest3_pkey  (cost=0.00..22.58 rows=1015 width=0)
	                    Index Cond: ((id >= 3275352) AND (id <= 3276351))

table 4 : explain SELECT DISTINCT c FROM sbtest4 WHERE id BETWEEN 6277937 AND 6278936 ORDER BY c
	Unique  (cost=3728.16..3732.92 rows=952 width=121)
	  ->  Sort  (cost=3728.16..3730.54 rows=952 width=121)
	        Sort Key: c
	        ->  Bitmap Heap Scan on sbtest4  (cost=22.19..3681.07 rows=952 width=121)
	              Recheck Cond: ((id >= 6277937) AND (id <= 6278936))
	              ->  Bitmap Index Scan on sbtest4_pkey  (cost=0.00..21.95 rows=952 width=0)
	                    Index Cond: ((id >= 6277937) AND (id <= 6278936))

table 5 : explain SELECT DISTINCT c FROM sbtest5 WHERE id BETWEEN 5847969 AND 5848968 ORDER BY c
	Unique  (cost=4106.81..4112.07 rows=1051 width=121)
	  ->  Sort  (cost=4106.81..4109.44 rows=1051 width=121)
	        Sort Key: c
	        ->  Bitmap Heap Scan on sbtest5  (cost=23.21..4054.06 rows=1051 width=121)
	              Recheck Cond: ((id >= 5847969) AND (id <= 5848968))
	              ->  Bitmap Index Scan on sbtest5_pkey  (cost=0.00..22.94 rows=1051 width=0)
	                    Index Cond: ((id >= 5847969) AND (id <= 5848968))

table 6 : explain SELECT DISTINCT c FROM sbtest6 WHERE id BETWEEN 97451 AND 98450 ORDER BY c
	Unique  (cost=3931.10..3936.13 rows=1005 width=121)
	  ->  Sort  (cost=3931.10..3933.62 rows=1005 width=121)
	        Sort Key: c
	        ->  Bitmap Heap Scan on sbtest6  (cost=22.74..3880.99 rows=1005 width=121)
	              Recheck Cond: ((id >= 97451) AND (id <= 98450))
	              ->  Bitmap Index Scan on sbtest6_pkey  (cost=0.00..22.48 rows=1005 width=0)
	                    Index Cond: ((id >= 97451) AND (id <= 98450))

table 7 : explain SELECT DISTINCT c FROM sbtest7 WHERE id BETWEEN 6472156 AND 6473155 ORDER BY c
	Unique  (cost=4149.99..4155.30 rows=1062 width=121)
	  ->  Sort  (cost=4149.99..4152.64 rows=1062 width=121)
	        Sort Key: c
	        ->  Bitmap Heap Scan on sbtest7  (cost=23.32..4096.61 rows=1062 width=121)
	              Recheck Cond: ((id >= 6472156) AND (id <= 6473155))
	              ->  Bitmap Index Scan on sbtest7_pkey  (cost=0.00..23.05 rows=1062 width=0)
	                    Index Cond: ((id >= 6472156) AND (id <= 6473155))

table 8 : explain SELECT DISTINCT c FROM sbtest8 WHERE id BETWEEN 9197516 AND 9198515 ORDER BY c
	Unique  (cost=4226.48..4231.89 rows=1081 width=121)
	  ->  Sort  (cost=4226.48..4229.19 rows=1081 width=121)
	        Sort Key: c
	        ->  Bitmap Heap Scan on sbtest8  (cost=27.52..4172.01 rows=1081 width=121)
	              Recheck Cond: ((id >= 9197516) AND (id <= 9198515))
	              ->  Bitmap Index Scan on sbtest8_pkey  (cost=0.00..27.25 rows=1081 width=0)
	                    Index Cond: ((id >= 9197516) AND (id <= 9198515))

explain: for point_selects :: explain SELECT c FROM sbtest%u WHERE id=%u
for: simple_ranges
table 1 : explain SELECT c FROM sbtest1 WHERE id BETWEEN 4131971 AND 4132970
	Bitmap Heap Scan on sbtest1  (cost=21.90..3569.45 rows=923 width=121)
	  Recheck Cond: ((id >= 4131971) AND (id <= 4132970))
	  ->  Bitmap Index Scan on sbtest1_pkey  (cost=0.00..21.66 rows=923 width=0)
	        Index Cond: ((id >= 4131971) AND (id <= 4132970))

table 2 : explain SELECT c FROM sbtest2 WHERE id BETWEEN 6918546 AND 6919545
	Bitmap Heap Scan on sbtest2  (cost=22.00..3608.26 rows=933 width=121)
	  Recheck Cond: ((id >= 6918546) AND (id <= 6919545))
	  ->  Bitmap Index Scan on sbtest2_pkey  (cost=0.00..21.76 rows=933 width=0)
	        Index Cond: ((id >= 6918546) AND (id <= 6919545))

table 3 : explain SELECT c FROM sbtest3 WHERE id BETWEEN 2188381 AND 2189380
	Bitmap Heap Scan on sbtest3  (cost=22.90..3939.98 rows=1021 width=121)
	  Recheck Cond: ((id >= 2188381) AND (id <= 2189380))
	  ->  Bitmap Index Scan on sbtest3_pkey  (cost=0.00..22.64 rows=1021 width=0)
	        Index Cond: ((id >= 2188381) AND (id <= 2189380))

table 4 : explain SELECT c FROM sbtest4 WHERE id BETWEEN 3308407 AND 3309406
	Bitmap Heap Scan on sbtest4  (cost=23.37..4114.20 rows=1067 width=121)
	  Recheck Cond: ((id >= 3308407) AND (id <= 3309406))
	  ->  Bitmap Index Scan on sbtest4_pkey  (cost=0.00..23.11 rows=1067 width=0)
	        Index Cond: ((id >= 3308407) AND (id <= 3309406))

table 5 : explain SELECT c FROM sbtest5 WHERE id BETWEEN 1719294 AND 1720293
	Bitmap Heap Scan on sbtest5  (cost=22.59..3828.17 rows=991 width=121)
	  Recheck Cond: ((id >= 1719294) AND (id <= 1720293))
	  ->  Bitmap Index Scan on sbtest5_pkey  (cost=0.00..22.34 rows=991 width=0)
	        Index Cond: ((id >= 1719294) AND (id <= 1720293))

table 6 : explain SELECT c FROM sbtest6 WHERE id BETWEEN 6873167 AND 6874166
	Bitmap Heap Scan on sbtest6  (cost=23.17..4039.09 rows=1047 width=121)
	  Recheck Cond: ((id >= 6873167) AND (id <= 6874166))
	  ->  Bitmap Index Scan on sbtest6_pkey  (cost=0.00..22.90 rows=1047 width=0)
	        Index Cond: ((id >= 6873167) AND (id <= 6874166))

table 7 : explain SELECT c FROM sbtest7 WHERE id BETWEEN 3436748 AND 3437747
	Bitmap Heap Scan on sbtest7  (cost=22.24..3700.97 rows=957 width=121)
	  Recheck Cond: ((id >= 3436748) AND (id <= 3437747))
	  ->  Bitmap Index Scan on sbtest7_pkey  (cost=0.00..22.00 rows=957 width=0)
	        Index Cond: ((id >= 3436748) AND (id <= 3437747))

table 8 : explain SELECT c FROM sbtest8 WHERE id BETWEEN 8389489 AND 8390488
	Bitmap Heap Scan on sbtest8  (cost=22.20..3685.83 rows=953 width=121)
	  Recheck Cond: ((id >= 8389489) AND (id <= 8390488))
	  ->  Bitmap Index Scan on sbtest8_pkey  (cost=0.00..21.96 rows=953 width=0)
	        Index Cond: ((id >= 8389489) AND (id <= 8390488))

for: order_ranges
table 1 : explain SELECT c FROM sbtest1 WHERE id BETWEEN 9461663 AND 9462662 ORDER BY c
	Sort  (cost=4092.76..4095.38 rows=1048 width=121)
	  Sort Key: c
	  ->  Bitmap Heap Scan on sbtest1  (cost=23.18..4040.18 rows=1048 width=121)
	        Recheck Cond: ((id >= 9461663) AND (id <= 9462662))
	        ->  Bitmap Index Scan on sbtest1_pkey  (cost=0.00..22.91 rows=1048 width=0)
	              Index Cond: ((id >= 9461663) AND (id <= 9462662))

table 2 : explain SELECT c FROM sbtest2 WHERE id BETWEEN 4855275 AND 4856274 ORDER BY c
	Sort  (cost=3895.39..3897.88 rows=996 width=121)
	  Sort Key: c
	  ->  Bitmap Heap Scan on sbtest2  (cost=22.64..3845.79 rows=996 width=121)
	        Recheck Cond: ((id >= 4855275) AND (id <= 4856274))
	        ->  Bitmap Index Scan on sbtest2_pkey  (cost=0.00..22.39 rows=996 width=0)
	              Index Cond: ((id >= 4855275) AND (id <= 4856274))

table 3 : explain SELECT c FROM sbtest3 WHERE id BETWEEN 4333114 AND 4334113 ORDER BY c
	Sort  (cost=4189.50..4192.18 rows=1073 width=121)
	  Sort Key: c
	  ->  Bitmap Heap Scan on sbtest3  (cost=23.43..4135.49 rows=1073 width=121)
	        Recheck Cond: ((id >= 4333114) AND (id <= 4334113))
	        ->  Bitmap Index Scan on sbtest3_pkey  (cost=0.00..23.16 rows=1073 width=0)
	              Index Cond: ((id >= 4333114) AND (id <= 4334113))

table 4 : explain SELECT c FROM sbtest4 WHERE id BETWEEN 6471834 AND 6472833 ORDER BY c
	Sort  (cost=3950.13..3952.65 rows=1010 width=121)
	  Sort Key: c
	  ->  Bitmap Heap Scan on sbtest4  (cost=22.79..3899.73 rows=1010 width=121)
	        Recheck Cond: ((id >= 6471834) AND (id <= 6472833))
	        ->  Bitmap Index Scan on sbtest4_pkey  (cost=0.00..22.54 rows=1010 width=0)
	              Index Cond: ((id >= 6471834) AND (id <= 6472833))

table 5 : explain SELECT c FROM sbtest5 WHERE id BETWEEN 7359860 AND 7360859 ORDER BY c
	Sort  (cost=4213.68..4216.38 rows=1079 width=121)
	  Sort Key: c
	  ->  Bitmap Heap Scan on sbtest5  (cost=23.49..4159.32 rows=1079 width=121)
	        Recheck Cond: ((id >= 7359860) AND (id <= 7360859))
	        ->  Bitmap Index Scan on sbtest5_pkey  (cost=0.00..23.22 rows=1079 width=0)
	              Index Cond: ((id >= 7359860) AND (id <= 7360859))

table 6 : explain SELECT c FROM sbtest6 WHERE id BETWEEN 6796254 AND 6797253 ORDER BY c
	Sort  (cost=3869.90..3872.37 rows=989 width=121)
	  Sort Key: c
	  ->  Bitmap Heap Scan on sbtest6  (cost=22.57..3820.70 rows=989 width=121)
	        Recheck Cond: ((id >= 6796254) AND (id <= 6797253))
	        ->  Bitmap Index Scan on sbtest6_pkey  (cost=0.00..22.32 rows=989 width=0)
	              Index Cond: ((id >= 6796254) AND (id <= 6797253))

table 7 : explain SELECT c FROM sbtest7 WHERE id BETWEEN 4078289 AND 4079288 ORDER BY c
	Sort  (cost=4333.34..4336.12 rows=1109 width=121)
	  Sort Key: c
	  ->  Bitmap Heap Scan on sbtest7  (cost=27.80..4277.26 rows=1109 width=121)
	        Recheck Cond: ((id >= 4078289) AND (id <= 4079288))
	        ->  Bitmap Index Scan on sbtest7_pkey  (cost=0.00..27.52 rows=1109 width=0)
	              Index Cond: ((id >= 4078289) AND (id <= 4079288))

table 8 : explain SELECT c FROM sbtest8 WHERE id BETWEEN 1344660 AND 1345659 ORDER BY c
	Sort  (cost=3472.13..3474.34 rows=885 width=121)
	  Sort Key: c
	  ->  Bitmap Heap Scan on sbtest8  (cost=21.51..3428.81 rows=885 width=121)
	        Recheck Cond: ((id >= 1344660) AND (id <= 1345659))
	        ->  Bitmap Index Scan on sbtest8_pkey  (cost=0.00..21.29 rows=885 width=0)
	              Index Cond: ((id >= 1344660) AND (id <= 1345659))

explain: for point_selects :: explain SELECT c FROM sbtest%u WHERE id=%u
for: order_ranges
table 1 : explain SELECT c FROM sbtest1 WHERE id BETWEEN 8029527 AND 8030526 ORDER BY c
	Sort  (cost=3407.86..3410.03 rows=869 width=121)
	  Sort Key: c
	  ->  Bitmap Heap Scan on sbtest1  (cost=21.34..3365.44 rows=869 width=121)
	        Recheck Cond: ((id >= 8029527) AND (id <= 8030526))
	        ->  Bitmap Index Scan on sbtest1_pkey  (cost=0.00..21.12 rows=869 width=0)
	              Index Cond: ((id >= 8029527) AND (id <= 8030526))

table 2 : explain SELECT c FROM sbtest2 WHERE id BETWEEN 1208 AND 2207 ORDER BY c
	Sort  (cost=4155.09..4157.75 rows=1064 width=121)
	  Sort Key: c
	  ->  Bitmap Heap Scan on sbtest2  (cost=23.34..4101.60 rows=1064 width=121)
	        Recheck Cond: ((id >= 1208) AND (id <= 2207))
	        ->  Bitmap Index Scan on sbtest2_pkey  (cost=0.00..23.07 rows=1064 width=0)
	              Index Cond: ((id >= 1208) AND (id <= 2207))

table 3 : explain SELECT c FROM sbtest3 WHERE id BETWEEN 9246767 AND 9247766 ORDER BY c
	Sort  (cost=3604.53..3606.83 rows=920 width=121)
	  Sort Key: c
	  ->  Bitmap Heap Scan on sbtest3  (cost=21.87..3559.24 rows=920 width=121)
	        Recheck Cond: ((id >= 9246767) AND (id <= 9247766))
	        ->  Bitmap Index Scan on sbtest3_pkey  (cost=0.00..21.64 rows=920 width=0)
	              Index Cond: ((id >= 9246767) AND (id <= 9247766))

table 4 : explain SELECT c FROM sbtest4 WHERE id BETWEEN 3505806 AND 3506805 ORDER BY c
	Sort  (cost=3636.20..3638.52 rows=928 width=121)
	  Sort Key: c
	  ->  Bitmap Heap Scan on sbtest4  (cost=21.95..3590.46 rows=928 width=121)
	        Recheck Cond: ((id >= 3505806) AND (id <= 3506805))
	        ->  Bitmap Index Scan on sbtest4_pkey  (cost=0.00..21.71 rows=928 width=0)
	              Index Cond: ((id >= 3505806) AND (id <= 3506805))

table 5 : explain SELECT c FROM sbtest5 WHERE id BETWEEN 2022254 AND 2023253 ORDER BY c
	Sort  (cost=4213.68..4216.38 rows=1079 width=121)
	  Sort Key: c
	  ->  Bitmap Heap Scan on sbtest5  (cost=23.49..4159.32 rows=1079 width=121)
	        Recheck Cond: ((id >= 2022254) AND (id <= 2023253))
	        ->  Bitmap Index Scan on sbtest5_pkey  (cost=0.00..23.22 rows=1079 width=0)
	              Index Cond: ((id >= 2022254) AND (id <= 2023253))

table 6 : explain SELECT c FROM sbtest6 WHERE id BETWEEN 2196975 AND 2197974 ORDER BY c
	Sort  (cost=4103.07..4105.69 rows=1050 width=121)
	  Sort Key: c
	  ->  Bitmap Heap Scan on sbtest6  (cost=23.20..4050.38 rows=1050 width=121)
	        Recheck Cond: ((id >= 2196975) AND (id <= 2197974))
	        ->  Bitmap Index Scan on sbtest6_pkey  (cost=0.00..22.93 rows=1050 width=0)
	              Index Cond: ((id >= 2196975) AND (id <= 2197974))

table 7 : explain SELECT c FROM sbtest7 WHERE id BETWEEN 7352677 AND 7353676 ORDER BY c
	Sort  (cost=4257.05..4259.78 rows=1089 width=121)
	  Sort Key: c
	  ->  Bitmap Heap Scan on sbtest7  (cost=27.60..4202.12 rows=1089 width=121)
	        Recheck Cond: ((id >= 7352677) AND (id <= 7353676))
	        ->  Bitmap Index Scan on sbtest7_pkey  (cost=0.00..27.32 rows=1089 width=0)
	              Index Cond: ((id >= 7352677) AND (id <= 7353676))

table 8 : explain SELECT c FROM sbtest8 WHERE id BETWEEN 5124842 AND 5125841 ORDER BY c
	Sort  (cost=3752.15..3754.54 rows=958 width=121)
	  Sort Key: c
	  ->  Bitmap Heap Scan on sbtest8  (cost=22.25..3704.71 rows=958 width=121)
	        Recheck Cond: ((id >= 5124842) AND (id <= 5125841))
	        ->  Bitmap Index Scan on sbtest8_pkey  (cost=0.00..22.01 rows=958 width=0)
	              Index Cond: ((id >= 5124842) AND (id <= 5125841))

for: order_ranges
table 1 : explain SELECT c FROM sbtest1 WHERE id BETWEEN 8613658 AND 8614657 ORDER BY c
	Sort  (cost=3771.86..3774.27 rows=964 width=121)
	  Sort Key: c
	  ->  Bitmap Heap Scan on sbtest1  (cost=22.32..3724.08 rows=964 width=121)
	        Recheck Cond: ((id >= 8613658) AND (id <= 8614657))
	        ->  Bitmap Index Scan on sbtest1_pkey  (cost=0.00..22.07 rows=964 width=0)
	              Index Cond: ((id >= 8613658) AND (id <= 8614657))

table 2 : explain SELECT c FROM sbtest2 WHERE id BETWEEN 5679680 AND 5680679 ORDER BY c
	Sort  (cost=3925.97..3928.48 rows=1004 width=121)
	  Sort Key: c
	  ->  Bitmap Heap Scan on sbtest2  (cost=22.73..3875.92 rows=1004 width=121)
	        Recheck Cond: ((id >= 5679680) AND (id <= 5680679))
	        ->  Bitmap Index Scan on sbtest2_pkey  (cost=0.00..22.47 rows=1004 width=0)
	              Index Cond: ((id >= 5679680) AND (id <= 5680679))

table 3 : explain SELECT c FROM sbtest3 WHERE id BETWEEN 595121 AND 596120 ORDER BY c
	Sort  (cost=3776.88..3779.29 rows=965 width=121)
	  Sort Key: c
	  ->  Bitmap Heap Scan on sbtest3  (cost=22.33..3729.04 rows=965 width=121)
	        Recheck Cond: ((id >= 595121) AND (id <= 596120))
	        ->  Bitmap Index Scan on sbtest3_pkey  (cost=0.00..22.08 rows=965 width=0)
	              Index Cond: ((id >= 595121) AND (id <= 596120))

table 4 : explain SELECT c FROM sbtest4 WHERE id BETWEEN 9982282 AND 9983281 ORDER BY c
	Sort  (cost=4270.87..4273.60 rows=1094 width=121)
	  Sort Key: c
	  ->  Bitmap Heap Scan on sbtest4  (cost=23.65..4215.65 rows=1094 width=121)
	        Recheck Cond: ((id >= 9982282) AND (id <= 9983281))
	        ->  Bitmap Index Scan on sbtest4_pkey  (cost=0.00..23.37 rows=1094 width=0)
	              Index Cond: ((id >= 9982282) AND (id <= 9983281))

table 5 : explain SELECT c FROM sbtest5 WHERE id BETWEEN 6748935 AND 6749934 ORDER BY c
	Sort  (cost=4022.77..4025.35 rows=1029 width=121)
	  Sort Key: c
	  ->  Bitmap Heap Scan on sbtest5  (cost=22.98..3971.29 rows=1029 width=121)
	        Recheck Cond: ((id >= 6748935) AND (id <= 6749934))
	        ->  Bitmap Index Scan on sbtest5_pkey  (cost=0.00..22.72 rows=1029 width=0)
	              Index Cond: ((id >= 6748935) AND (id <= 6749934))

table 6 : explain SELECT c FROM sbtest6 WHERE id BETWEEN 2052372 AND 2053371 ORDER BY c
	Sort  (cost=4362.74..4365.54 rows=1118 width=121)
	  Sort Key: c
	  ->  Bitmap Heap Scan on sbtest6  (cost=27.89..4306.13 rows=1118 width=121)
	        Recheck Cond: ((id >= 2052372) AND (id <= 2053371))
	        ->  Bitmap Index Scan on sbtest6_pkey  (cost=0.00..27.61 rows=1118 width=0)
	              Index Cond: ((id >= 2052372) AND (id <= 2053371))

table 7 : explain SELECT c FROM sbtest7 WHERE id BETWEEN 3720324 AND 3721323 ORDER BY c
	Sort  (cost=3824.95..3827.40 rows=977 width=121)
	  Sort Key: c
	  ->  Bitmap Heap Scan on sbtest7  (cost=22.45..3776.44 rows=977 width=121)
	        Recheck Cond: ((id >= 3720324) AND (id <= 3721323))
	        ->  Bitmap Index Scan on sbtest7_pkey  (cost=0.00..22.20 rows=977 width=0)
	              Index Cond: ((id >= 3720324) AND (id <= 3721323))

table 8 : explain SELECT c FROM sbtest8 WHERE id BETWEEN 2513468 AND 2514467 ORDER BY c
	Sort  (cost=3912.95..3915.45 rows=1000 width=121)
	  Sort Key: c
	  ->  Bitmap Heap Scan on sbtest8  (cost=22.68..3863.12 rows=1000 width=121)
	        Recheck Cond: ((id >= 2513468) AND (id <= 2514467))
	        ->  Bitmap Index Scan on sbtest8_pkey  (cost=0.00..22.43 rows=1000 width=0)
	              Index Cond: ((id >= 2513468) AND (id <= 2514467))

for: sum_ranges
table 1 : explain SELECT SUM(k) FROM sbtest1 WHERE id BETWEEN 9296854 AND 9297853
	Aggregate  (cost=3858.40..3858.41 rows=1 width=8)
	  ->  Bitmap Heap Scan on sbtest1  (cost=22.67..3855.90 rows=999 width=4)
	        Recheck Cond: ((id >= 9296854) AND (id <= 9297853))
	        ->  Bitmap Index Scan on sbtest1_pkey  (cost=0.00..22.43 rows=999 width=0)
	              Index Cond: ((id >= 9296854) AND (id <= 9297853))

table 2 : explain SELECT SUM(k) FROM sbtest2 WHERE id BETWEEN 8942642 AND 8943641
	Aggregate  (cost=3882.20..3882.21 rows=1 width=8)
	  ->  Bitmap Heap Scan on sbtest2  (cost=22.74..3879.68 rows=1005 width=4)
	        Recheck Cond: ((id >= 8942642) AND (id <= 8943641))
	        ->  Bitmap Index Scan on sbtest2_pkey  (cost=0.00..22.48 rows=1005 width=0)
	              Index Cond: ((id >= 8942642) AND (id <= 8943641))

table 3 : explain SELECT SUM(k) FROM sbtest3 WHERE id BETWEEN 471823 AND 472822
	Aggregate  (cost=3648.42..3648.43 rows=1 width=8)
	  ->  Bitmap Heap Scan on sbtest3  (cost=22.10..3646.06 rows=943 width=4)
	        Recheck Cond: ((id >= 471823) AND (id <= 472822))
	        ->  Bitmap Index Scan on sbtest3_pkey  (cost=0.00..21.86 rows=943 width=0)
	              Index Cond: ((id >= 471823) AND (id <= 472822))

table 4 : explain SELECT SUM(k) FROM sbtest4 WHERE id BETWEEN 9924078 AND 9925077
	Aggregate  (cost=4218.38..4218.39 rows=1 width=8)
	  ->  Bitmap Heap Scan on sbtest4  (cost=23.65..4215.65 rows=1094 width=4)
	        Recheck Cond: ((id >= 9924078) AND (id <= 9925077))
	        ->  Bitmap Index Scan on sbtest4_pkey  (cost=0.00..23.37 rows=1094 width=0)
	              Index Cond: ((id >= 9924078) AND (id <= 9925077))

table 5 : explain SELECT SUM(k) FROM sbtest5 WHERE id BETWEEN 5132187 AND 5133186
	Aggregate  (cost=4064.22..4064.23 rows=1 width=8)
	  ->  Bitmap Heap Scan on sbtest5  (cost=23.23..4061.58 rows=1053 width=4)
	        Recheck Cond: ((id >= 5132187) AND (id <= 5133186))
	        ->  Bitmap Index Scan on sbtest5_pkey  (cost=0.00..22.96 rows=1053 width=0)
	              Index Cond: ((id >= 5132187) AND (id <= 5133186))

table 6 : explain SELECT SUM(k) FROM sbtest6 WHERE id BETWEEN 3440624 AND 3441623
	Aggregate  (cost=4000.30..4000.31 rows=1 width=8)
	  ->  Bitmap Heap Scan on sbtest6  (cost=23.05..3997.71 rows=1036 width=4)
	        Recheck Cond: ((id >= 3440624) AND (id <= 3441623))
	        ->  Bitmap Index Scan on sbtest6_pkey  (cost=0.00..22.79 rows=1036 width=0)
	              Index Cond: ((id >= 3440624) AND (id <= 3441623))

table 7 : explain SELECT SUM(k) FROM sbtest7 WHERE id BETWEEN 1917052 AND 1918051
	Aggregate  (cost=3809.07..3809.08 rows=1 width=8)
	  ->  Bitmap Heap Scan on sbtest7  (cost=22.53..3806.61 rows=985 width=4)
	        Recheck Cond: ((id >= 1917052) AND (id <= 1918051))
	        ->  Bitmap Index Scan on sbtest7_pkey  (cost=0.00..22.29 rows=985 width=0)
	              Index Cond: ((id >= 1917052) AND (id <= 1918051))

table 8 : explain SELECT SUM(k) FROM sbtest8 WHERE id BETWEEN 661629 AND 662628
	Aggregate  (cost=3956.11..3956.12 rows=1 width=8)
	  ->  Bitmap Heap Scan on sbtest8  (cost=22.93..3953.55 rows=1024 width=4)
	        Recheck Cond: ((id >= 661629) AND (id <= 662628))
	        ->  Bitmap Index Scan on sbtest8_pkey  (cost=0.00..22.68 rows=1024 width=0)
	              Index Cond: ((id >= 661629) AND (id <= 662628))

for: distinct_ranges
table 1 : explain SELECT DISTINCT c FROM sbtest1 WHERE id BETWEEN 8256722 AND 8257721 ORDER BY c
	Unique  (cost=4203.35..4208.73 rows=1077 width=121)
	  ->  Sort  (cost=4203.35..4206.04 rows=1077 width=121)
	        Sort Key: c
	        ->  Bitmap Heap Scan on sbtest1  (cost=23.47..4149.11 rows=1077 width=121)
	              Recheck Cond: ((id >= 8256722) AND (id <= 8257721))
	              ->  Bitmap Index Scan on sbtest1_pkey  (cost=0.00..23.20 rows=1077 width=0)
	                    Index Cond: ((id >= 8256722) AND (id <= 8257721))

table 2 : explain SELECT DISTINCT c FROM sbtest2 WHERE id BETWEEN 2958439 AND 2959438 ORDER BY c
	Unique  (cost=4044.41..4049.58 rows=1035 width=121)
	  ->  Sort  (cost=4044.41..4047.00 rows=1035 width=121)
	        Sort Key: c
	        ->  Bitmap Heap Scan on sbtest2  (cost=23.04..3992.58 rows=1035 width=121)
	              Recheck Cond: ((id >= 2958439) AND (id <= 2959438))
	              ->  Bitmap Index Scan on sbtest2_pkey  (cost=0.00..22.79 rows=1035 width=0)
	                    Index Cond: ((id >= 2958439) AND (id <= 2959438))

table 3 : explain SELECT DISTINCT c FROM sbtest3 WHERE id BETWEEN 4114479 AND 4115478 ORDER BY c
	Unique  (cost=3811.32..3816.19 rows=974 width=121)
	  ->  Sort  (cost=3811.32..3813.75 rows=974 width=121)
	        Sort Key: c
	        ->  Bitmap Heap Scan on sbtest3  (cost=22.42..3762.97 rows=974 width=121)
	              Recheck Cond: ((id >= 4114479) AND (id <= 4115478))
	              ->  Bitmap Index Scan on sbtest3_pkey  (cost=0.00..22.18 rows=974 width=0)
	                    Index Cond: ((id >= 4114479) AND (id <= 4115478))

table 4 : explain SELECT DISTINCT c FROM sbtest4 WHERE id BETWEEN 6710553 AND 6711552 ORDER BY c
	Unique  (cost=3455.88..3460.29 rows=881 width=121)
	  ->  Sort  (cost=3455.88..3458.08 rows=881 width=121)
	        Sort Key: c
	        ->  Bitmap Heap Scan on sbtest4  (cost=21.47..3412.79 rows=881 width=121)
	              Recheck Cond: ((id >= 6710553) AND (id <= 6711552))
	              ->  Bitmap Index Scan on sbtest4_pkey  (cost=0.00..21.25 rows=881 width=0)
	                    Index Cond: ((id >= 6710553) AND (id <= 6711552))

table 5 : explain SELECT DISTINCT c FROM sbtest5 WHERE id BETWEEN 3254743 AND 3255742 ORDER BY c
	Unique  (cost=4076.26..4081.47 rows=1043 width=121)
	  ->  Sort  (cost=4076.26..4078.87 rows=1043 width=121)
	        Sort Key: c
	        ->  Bitmap Heap Scan on sbtest5  (cost=23.13..4023.97 rows=1043 width=121)
	              Recheck Cond: ((id >= 3254743) AND (id <= 3255742))
	              ->  Bitmap Index Scan on sbtest5_pkey  (cost=0.00..22.86 rows=1043 width=0)
	                    Index Cond: ((id >= 3254743) AND (id <= 3255742))

table 6 : explain SELECT DISTINCT c FROM sbtest6 WHERE id BETWEEN 1477640 AND 1478639 ORDER BY c
	Unique  (cost=3643.95..3648.60 rows=930 width=121)
	  ->  Sort  (cost=3643.95..3646.27 rows=930 width=121)
	        Sort Key: c
	        ->  Bitmap Heap Scan on sbtest6  (cost=21.97..3598.09 rows=930 width=121)
	              Recheck Cond: ((id >= 1477640) AND (id <= 1478639))
	              ->  Bitmap Index Scan on sbtest6_pkey  (cost=0.00..21.73 rows=930 width=0)
	                    Index Cond: ((id >= 1477640) AND (id <= 1478639))

table 7 : explain SELECT DISTINCT c FROM sbtest7 WHERE id BETWEEN 5180351 AND 5181350 ORDER BY c
	Unique  (cost=4157.62..4162.94 rows=1064 width=121)
	  ->  Sort  (cost=4157.62..4160.28 rows=1064 width=121)
	        Sort Key: c
	        ->  Bitmap Heap Scan on sbtest7  (cost=23.34..4104.13 rows=1064 width=121)
	              Recheck Cond: ((id >= 5180351) AND (id <= 5181350))
	              ->  Bitmap Index Scan on sbtest7_pkey  (cost=0.00..23.07 rows=1064 width=0)
	                    Index Cond: ((id >= 5180351) AND (id <= 5181350))

table 8 : explain SELECT DISTINCT c FROM sbtest8 WHERE id BETWEEN 9654018 AND 9655017 ORDER BY c
	Unique  (cost=4020.04..4025.18 rows=1028 width=121)
	  ->  Sort  (cost=4020.04..4022.61 rows=1028 width=121)
	        Sort Key: c
	        ->  Bitmap Heap Scan on sbtest8  (cost=22.97..3968.61 rows=1028 width=121)
	              Recheck Cond: ((id >= 9654018) AND (id <= 9655017))
	              ->  Bitmap Index Scan on sbtest8_pkey  (cost=0.00..22.71 rows=1028 width=0)
	                    Index Cond: ((id >= 9654018) AND (id <= 9655017))

for: distinct_ranges
table 1 : explain SELECT DISTINCT c FROM sbtest1 WHERE id BETWEEN 2912991 AND 2913990 ORDER BY c
	Unique  (cost=3924.78..3929.80 rows=1004 width=121)
	  ->  Sort  (cost=3924.78..3927.29 rows=1004 width=121)
	        Sort Key: c
	        ->  Bitmap Heap Scan on sbtest1  (cost=22.73..3874.72 rows=1004 width=121)
	              Recheck Cond: ((id >= 2912991) AND (id <= 2913990))
	              ->  Bitmap Index Scan on sbtest1_pkey  (cost=0.00..22.47 rows=1004 width=0)
	                    Index Cond: ((id >= 2912991) AND (id <= 2913990))

table 2 : explain SELECT DISTINCT c FROM sbtest2 WHERE id BETWEEN 6820480 AND 6821479 ORDER BY c
	Unique  (cost=3849.50..3854.42 rows=984 width=121)
	  ->  Sort  (cost=3849.50..3851.96 rows=984 width=121)
	        Sort Key: c
	        ->  Bitmap Heap Scan on sbtest2  (cost=22.52..3800.59 rows=984 width=121)
	              Recheck Cond: ((id >= 6820480) AND (id <= 6821479))
	              ->  Bitmap Index Scan on sbtest2_pkey  (cost=0.00..22.27 rows=984 width=0)
	                    Index Cond: ((id >= 6820480) AND (id <= 6821479))

table 3 : explain SELECT DISTINCT c FROM sbtest3 WHERE id BETWEEN 6122125 AND 6123124 ORDER BY c
	Unique  (cost=4395.57..4401.20 rows=1127 width=121)
	  ->  Sort  (cost=4395.57..4398.38 rows=1127 width=121)
	        Sort Key: c
	        ->  Bitmap Heap Scan on sbtest3  (cost=27.99..4338.44 rows=1127 width=121)
	              Recheck Cond: ((id >= 6122125) AND (id <= 6123124))
	              ->  Bitmap Index Scan on sbtest3_pkey  (cost=0.00..27.70 rows=1127 width=0)
	                    Index Cond: ((id >= 6122125) AND (id <= 6123124))

table 4 : explain SELECT DISTINCT c FROM sbtest4 WHERE id BETWEEN 463488 AND 464487 ORDER BY c
	Unique  (cost=4152.60..4157.91 rows=1063 width=121)
	  ->  Sort  (cost=4152.60..4155.25 rows=1063 width=121)
	        Sort Key: c
	        ->  Bitmap Heap Scan on sbtest4  (cost=23.33..4099.16 rows=1063 width=121)
	              Recheck Cond: ((id >= 463488) AND (id <= 464487))
	              ->  Bitmap Index Scan on sbtest4_pkey  (cost=0.00..23.07 rows=1063 width=0)
	                    Index Cond: ((id >= 463488) AND (id <= 464487))

table 5 : explain SELECT DISTINCT c FROM sbtest5 WHERE id BETWEEN 6831964 AND 6832963 ORDER BY c
	Unique  (cost=3923.38..3928.40 rows=1003 width=121)
	  ->  Sort  (cost=3923.38..3925.89 rows=1003 width=121)
	        Sort Key: c
	        ->  Bitmap Heap Scan on sbtest5  (cost=22.72..3873.38 rows=1003 width=121)
	              Recheck Cond: ((id >= 6831964) AND (id <= 6832963))
	              ->  Bitmap Index Scan on sbtest5_pkey  (cost=0.00..22.46 rows=1003 width=0)
	                    Index Cond: ((id >= 6831964) AND (id <= 6832963))

table 6 : explain SELECT DISTINCT c FROM sbtest6 WHERE id BETWEEN 585392 AND 586391 ORDER BY c
	Unique  (cost=3762.72..3767.53 rows=961 width=121)
	  ->  Sort  (cost=3762.72..3765.13 rows=961 width=121)
	        Sort Key: c
	        ->  Bitmap Heap Scan on sbtest6  (cost=22.29..3715.11 rows=961 width=121)
	              Recheck Cond: ((id >= 585392) AND (id <= 586391))
	              ->  Bitmap Index Scan on sbtest6_pkey  (cost=0.00..22.04 rows=961 width=0)
	                    Index Cond: ((id >= 585392) AND (id <= 586391))

table 7 : explain SELECT DISTINCT c FROM sbtest7 WHERE id BETWEEN 9700512 AND 9701511 ORDER BY c
	Unique  (cost=4100.33..4105.58 rows=1049 width=121)
	  ->  Sort  (cost=4100.33..4102.95 rows=1049 width=121)
	        Sort Key: c
	        ->  Bitmap Heap Scan on sbtest7  (cost=23.19..4047.70 rows=1049 width=121)
	              Recheck Cond: ((id >= 9700512) AND (id <= 9701511))
	              ->  Bitmap Index Scan on sbtest7_pkey  (cost=0.00..22.93 rows=1049 width=0)
	                    Index Cond: ((id >= 9700512) AND (id <= 9701511))

table 8 : explain SELECT DISTINCT c FROM sbtest8 WHERE id BETWEEN 1563039 AND 1564038 ORDER BY c
	Unique  (cost=4222.67..4228.07 rows=1080 width=121)
	  ->  Sort  (cost=4222.67..4225.37 rows=1080 width=121)
	        Sort Key: c
	        ->  Bitmap Heap Scan on sbtest8  (cost=27.50..4168.25 rows=1080 width=121)
	              Recheck Cond: ((id >= 1563039) AND (id <= 1564038))
	              ->  Bitmap Index Scan on sbtest8_pkey  (cost=0.00..27.23 rows=1080 width=0)
	                    Index Cond: ((id >= 1563039) AND (id <= 1564038))

for: sum_ranges
table 1 : explain SELECT SUM(k) FROM sbtest1 WHERE id BETWEEN 3606960 AND 3607959
	Aggregate  (cost=3820.72..3820.73 rows=1 width=8)
	  ->  Bitmap Heap Scan on sbtest1  (cost=22.57..3818.25 rows=989 width=4)
	        Recheck Cond: ((id >= 3606960) AND (id <= 3607959))
	        ->  Bitmap Index Scan on sbtest1_pkey  (cost=0.00..22.32 rows=989 width=0)
	              Index Cond: ((id >= 3606960) AND (id <= 3607959))

table 2 : explain SELECT SUM(k) FROM sbtest2 WHERE id BETWEEN 1828998 AND 1829997
	Aggregate  (cost=4021.51..4021.52 rows=1 width=8)
	  ->  Bitmap Heap Scan on sbtest2  (cost=23.12..4018.90 rows=1042 width=4)
	        Recheck Cond: ((id >= 1828998) AND (id <= 1829997))
	        ->  Bitmap Index Scan on sbtest2_pkey  (cost=0.00..22.86 rows=1042 width=0)
	              Index Cond: ((id >= 1828998) AND (id <= 1829997))

table 3 : explain SELECT SUM(k) FROM sbtest3 WHERE id BETWEEN 5682405 AND 5683404
	Aggregate  (cost=3844.58..3844.59 rows=1 width=8)
	  ->  Bitmap Heap Scan on sbtest3  (cost=22.63..3842.09 rows=995 width=4)
	        Recheck Cond: ((id >= 5682405) AND (id <= 5683404))
	        ->  Bitmap Index Scan on sbtest3_pkey  (cost=0.00..22.39 rows=995 width=0)
	              Index Cond: ((id >= 5682405) AND (id <= 5683404))

table 4 : explain SELECT SUM(k) FROM sbtest4 WHERE id BETWEEN 676994 AND 677993
	Aggregate  (cost=3732.53..3732.54 rows=1 width=8)
	  ->  Bitmap Heap Scan on sbtest4  (cost=22.33..3730.11 rows=965 width=4)
	        Recheck Cond: ((id >= 676994) AND (id <= 677993))
	        ->  Bitmap Index Scan on sbtest4_pkey  (cost=0.00..22.08 rows=965 width=0)
	              Index Cond: ((id >= 676994) AND (id <= 677993))

table 5 : explain SELECT SUM(k) FROM sbtest5 WHERE id BETWEEN 891275 AND 892274
	Aggregate  (cost=3917.35..3917.36 rows=1 width=8)
	  ->  Bitmap Heap Scan on sbtest5  (cost=22.83..3914.82 rows=1014 width=4)
	        Recheck Cond: ((id >= 891275) AND (id <= 892274))
	        ->  Bitmap Index Scan on sbtest5_pkey  (cost=0.00..22.57 rows=1014 width=0)
	              Index Cond: ((id >= 891275) AND (id <= 892274))

table 6 : explain SELECT SUM(k) FROM sbtest6 WHERE id BETWEEN 8970648 AND 8971647
	Aggregate  (cost=4342.72..4342.73 rows=1 width=8)
	  ->  Bitmap Heap Scan on sbtest6  (cost=27.99..4339.91 rows=1127 width=4)
	        Recheck Cond: ((id >= 8970648) AND (id <= 8971647))
	        ->  Bitmap Index Scan on sbtest6_pkey  (cost=0.00..27.70 rows=1127 width=0)
	              Index Cond: ((id >= 8970648) AND (id <= 8971647))

table 7 : explain SELECT SUM(k) FROM sbtest7 WHERE id BETWEEN 9862888 AND 9863887
	Aggregate  (cost=3873.20..3873.21 rows=1 width=8)
	  ->  Bitmap Heap Scan on sbtest7  (cost=22.71..3870.70 rows=1002 width=4)
	        Recheck Cond: ((id >= 9862888) AND (id <= 9863887))
	        ->  Bitmap Index Scan on sbtest7_pkey  (cost=0.00..22.45 rows=1002 width=0)
	              Index Cond: ((id >= 9862888) AND (id <= 9863887))

table 8 : explain SELECT SUM(k) FROM sbtest8 WHERE id BETWEEN 9096657 AND 9097656
	Aggregate  (cost=3914.65..3914.66 rows=1 width=8)
	  ->  Bitmap Heap Scan on sbtest8  (cost=22.82..3912.11 rows=1013 width=4)
	        Recheck Cond: ((id >= 9096657) AND (id <= 9097656))
	        ->  Bitmap Index Scan on sbtest8_pkey  (cost=0.00..22.57 rows=1013 width=0)
	              Index Cond: ((id >= 9096657) AND (id <= 9097656))

for point_selects
table 1 : explain SELECT c FROM sbtest1 WHERE id=6690465
	Index Scan using sbtest1_pkey on sbtest1  (cost=0.43..8.45 rows=1 width=121)
	  Index Cond: (id = 6690465)

table 2 : explain SELECT c FROM sbtest2 WHERE id=5667137
	Index Scan using sbtest2_pkey on sbtest2  (cost=0.43..8.45 rows=1 width=121)
	  Index Cond: (id = 5667137)

table 3 : explain SELECT c FROM sbtest3 WHERE id=413007
	Index Scan using sbtest3_pkey on sbtest3  (cost=0.43..8.45 rows=1 width=121)
	  Index Cond: (id = 413007)

table 4 : explain SELECT c FROM sbtest4 WHERE id=6748626
	Index Scan using sbtest4_pkey on sbtest4  (cost=0.43..8.45 rows=1 width=121)
	  Index Cond: (id = 6748626)

table 5 : explain SELECT c FROM sbtest5 WHERE id=3820459
	Index Scan using sbtest5_pkey on sbtest5  (cost=0.43..8.45 rows=1 width=121)
	  Index Cond: (id = 3820459)

table 6 : explain SELECT c FROM sbtest6 WHERE id=1066115
	Index Scan using sbtest6_pkey on sbtest6  (cost=0.43..8.45 rows=1 width=121)
	  Index Cond: (id = 1066115)

table 7 : explain SELECT c FROM sbtest7 WHERE id=6436894
	Index Scan using sbtest7_pkey on sbtest7  (cost=0.43..8.45 rows=1 width=121)
	  Index Cond: (id = 6436894)

table 8 : explain SELECT c FROM sbtest8 WHERE id=8658887
	Index Scan using sbtest8_pkey on sbtest8  (cost=0.43..8.45 rows=1 width=121)
	  Index Cond: (id = 8658887)

for: distinct_ranges
table 1 : explain SELECT DISTINCT c FROM sbtest1 WHERE id BETWEEN 8449717 AND 8450716 ORDER BY c
	Unique  (cost=3924.78..3929.80 rows=1004 width=121)
	  ->  Sort  (cost=3924.78..3927.29 rows=1004 width=121)
	        Sort Key: c
	        ->  Bitmap Heap Scan on sbtest1  (cost=22.73..3874.72 rows=1004 width=121)
	              Recheck Cond: ((id >= 8449717) AND (id <= 8450716))
	              ->  Bitmap Index Scan on sbtest1_pkey  (cost=0.00..22.47 rows=1004 width=0)
	                    Index Cond: ((id >= 8449717) AND (id <= 8450716))

table 2 : explain SELECT DISTINCT c FROM sbtest2 WHERE id BETWEEN 5161339 AND 5162338 ORDER BY c
	Unique  (cost=3983.30..3988.39 rows=1019 width=121)
	  ->  Sort  (cost=3983.30..3985.84 rows=1019 width=121)
	        Sort Key: c
	        ->  Bitmap Heap Scan on sbtest2  (cost=22.88..3932.38 rows=1019 width=121)
	              Recheck Cond: ((id >= 5161339) AND (id <= 5162338))
	              ->  Bitmap Index Scan on sbtest2_pkey  (cost=0.00..22.62 rows=1019 width=0)
	                    Index Cond: ((id >= 5161339) AND (id <= 5162338))

table 3 : explain SELECT DISTINCT c FROM sbtest3 WHERE id BETWEEN 9011518 AND 9012517 ORDER BY c
	Unique  (cost=3991.01..3996.11 rows=1021 width=121)
	  ->  Sort  (cost=3991.01..3993.56 rows=1021 width=121)
	        Sort Key: c
	        ->  Bitmap Heap Scan on sbtest3  (cost=22.90..3939.98 rows=1021 width=121)
	              Recheck Cond: ((id >= 9011518) AND (id <= 9012517))
	              ->  Bitmap Index Scan on sbtest3_pkey  (cost=0.00..22.64 rows=1021 width=0)
	                    Index Cond: ((id >= 9011518) AND (id <= 9012517))

table 4 : explain SELECT DISTINCT c FROM sbtest4 WHERE id BETWEEN 429319 AND 430318 ORDER BY c
	Unique  (cost=4152.60..4157.91 rows=1063 width=121)
	  ->  Sort  (cost=4152.60..4155.25 rows=1063 width=121)
	        Sort Key: c
	        ->  Bitmap Heap Scan on sbtest4  (cost=23.33..4099.16 rows=1063 width=121)
	              Recheck Cond: ((id >= 429319) AND (id <= 430318))
	              ->  Bitmap Index Scan on sbtest4_pkey  (cost=0.00..23.07 rows=1063 width=0)
	                    Index Cond: ((id >= 429319) AND (id <= 430318))

table 5 : explain SELECT DISTINCT c FROM sbtest5 WHERE id BETWEEN 4476319 AND 4477318 ORDER BY c
	Unique  (cost=3758.83..3763.63 rows=960 width=121)
	  ->  Sort  (cost=3758.83..3761.23 rows=960 width=121)
	        Sort Key: c
	        ->  Bitmap Heap Scan on sbtest5  (cost=22.27..3711.27 rows=960 width=121)
	              Recheck Cond: ((id >= 4476319) AND (id <= 4477318))
	              ->  Bitmap Index Scan on sbtest5_pkey  (cost=0.00..22.04 rows=960 width=0)
	                    Index Cond: ((id >= 4476319) AND (id <= 4477318))

table 6 : explain SELECT DISTINCT c FROM sbtest6 WHERE id BETWEEN 4062879 AND 4063878 ORDER BY c
	Unique  (cost=3743.57..3748.35 rows=956 width=121)
	  ->  Sort  (cost=3743.57..3745.96 rows=956 width=121)
	        Sort Key: c
	        ->  Bitmap Heap Scan on sbtest6  (cost=22.23..3696.25 rows=956 width=121)
	              Recheck Cond: ((id >= 4062879) AND (id <= 4063878))
	              ->  Bitmap Index Scan on sbtest6_pkey  (cost=0.00..22.00 rows=956 width=0)
	                    Index Cond: ((id >= 4062879) AND (id <= 4063878))

table 7 : explain SELECT DISTINCT c FROM sbtest7 WHERE id BETWEEN 158237 AND 159236 ORDER BY c
	Unique  (cost=4020.08..4025.22 rows=1028 width=121)
	  ->  Sort  (cost=4020.08..4022.65 rows=1028 width=121)
	        Sort Key: c
	        ->  Bitmap Heap Scan on sbtest7  (cost=22.97..3968.65 rows=1028 width=121)
	              Recheck Cond: ((id >= 158237) AND (id <= 159236))
	              ->  Bitmap Index Scan on sbtest7_pkey  (cost=0.00..22.71 rows=1028 width=0)
	                    Index Cond: ((id >= 158237) AND (id <= 159236))

table 8 : explain SELECT DISTINCT c FROM sbtest8 WHERE id BETWEEN 7061007 AND 7062006 ORDER BY c
	Unique  (cost=4104.29..4109.54 rows=1049 width=121)
	  ->  Sort  (cost=4104.29..4106.92 rows=1049 width=121)
	        Sort Key: c
	        ->  Bitmap Heap Scan on sbtest8  (cost=27.19..4051.66 rows=1049 width=121)
	              Recheck Cond: ((id >= 7061007) AND (id <= 7062006))
	              ->  Bitmap Index Scan on sbtest8_pkey  (cost=0.00..26.93 rows=1049 width=0)
	                    Index Cond: ((id >= 7061007) AND (id <= 7062006))

for point_selects
table 1 : explain SELECT c FROM sbtest1 WHERE id=3803176
	Index Scan using sbtest1_pkey on sbtest1  (cost=0.43..8.45 rows=1 width=121)
	  Index Cond: (id = 3803176)

table 2 : explain SELECT c FROM sbtest2 WHERE id=8906373
	Index Scan using sbtest2_pkey on sbtest2  (cost=0.43..8.45 rows=1 width=121)
	  Index Cond: (id = 8906373)

table 3 : explain SELECT c FROM sbtest3 WHERE id=1662476
	Index Scan using sbtest3_pkey on sbtest3  (cost=0.43..8.45 rows=1 width=121)
	  Index Cond: (id = 1662476)

table 4 : explain SELECT c FROM sbtest4 WHERE id=1652054
	Index Scan using sbtest4_pkey on sbtest4  (cost=0.43..8.45 rows=1 width=121)
	  Index Cond: (id = 1652054)

table 5 : explain SELECT c FROM sbtest5 WHERE id=4003526
	Index Scan using sbtest5_pkey on sbtest5  (cost=0.43..8.45 rows=1 width=121)
	  Index Cond: (id = 4003526)

table 6 : explain SELECT c FROM sbtest6 WHERE id=1061061
	Index Scan using sbtest6_pkey on sbtest6  (cost=0.43..8.45 rows=1 width=121)
	  Index Cond: (id = 1061061)

table 7 : explain SELECT c FROM sbtest7 WHERE id=9345065
	Index Scan using sbtest7_pkey on sbtest7  (cost=0.43..8.45 rows=1 width=121)
	  Index Cond: (id = 9345065)

table 8 : explain SELECT c FROM sbtest8 WHERE id=8774156
	Index Scan using sbtest8_pkey on sbtest8  (cost=0.43..8.45 rows=1 width=121)
	  Index Cond: (id = 8774156)

explain: for point_selects :: explain SELECT c FROM sbtest%u WHERE id=%u
for: order_ranges
table 1 : explain SELECT c FROM sbtest1 WHERE id BETWEEN 1402654 AND 1403653 ORDER BY c
	Sort  (cost=3825.40..3827.85 rows=978 width=121)
	  Sort Key: c
	  ->  Bitmap Heap Scan on sbtest1  (cost=22.46..3776.82 rows=978 width=121)
	        Recheck Cond: ((id >= 1402654) AND (id <= 1403653))
	        ->  Bitmap Index Scan on sbtest1_pkey  (cost=0.00..22.21 rows=978 width=0)
	              Index Cond: ((id >= 1402654) AND (id <= 1403653))

table 2 : explain SELECT c FROM sbtest2 WHERE id BETWEEN 7338919 AND 7339918 ORDER BY c
	Sort  (cost=4136.02..4138.67 rows=1059 width=121)
	  Sort Key: c
	  ->  Bitmap Heap Scan on sbtest2  (cost=23.29..4082.81 rows=1059 width=121)
	        Recheck Cond: ((id >= 7338919) AND (id <= 7339918))
	        ->  Bitmap Index Scan on sbtest2_pkey  (cost=0.00..23.02 rows=1059 width=0)
	              Index Cond: ((id >= 7338919) AND (id <= 7339918))

table 3 : explain SELECT c FROM sbtest3 WHERE id BETWEEN 68009 AND 69008 ORDER BY c
	Sort  (cost=3818.97..3821.41 rows=976 width=121)
	  Sort Key: c
	  ->  Bitmap Heap Scan on sbtest3  (cost=22.44..3770.51 rows=976 width=121)
	        Recheck Cond: ((id >= 68009) AND (id <= 69008))
	        ->  Bitmap Index Scan on sbtest3_pkey  (cost=0.00..22.19 rows=976 width=0)
	              Index Cond: ((id >= 68009) AND (id <= 69008))

table 4 : explain SELECT c FROM sbtest4 WHERE id BETWEEN 7962370 AND 7963369 ORDER BY c
	Sort  (cost=3854.50..3856.97 rows=985 width=121)
	  Sort Key: c
	  ->  Bitmap Heap Scan on sbtest4  (cost=22.53..3805.53 rows=985 width=121)
	        Recheck Cond: ((id >= 7962370) AND (id <= 7963369))
	        ->  Bitmap Index Scan on sbtest4_pkey  (cost=0.00..22.29 rows=985 width=0)
	              Index Cond: ((id >= 7962370) AND (id <= 7963369))

table 5 : explain SELECT c FROM sbtest5 WHERE id BETWEEN 6393350 AND 6394349 ORDER BY c
	Sort  (cost=3651.55..3653.88 rows=932 width=121)
	  Sort Key: c
	  ->  Bitmap Heap Scan on sbtest5  (cost=21.99..3605.58 rows=932 width=121)
	        Recheck Cond: ((id >= 6393350) AND (id <= 6394349))
	        ->  Bitmap Index Scan on sbtest5_pkey  (cost=0.00..21.75 rows=932 width=0)
	              Index Cond: ((id >= 6393350) AND (id <= 6394349))

table 6 : explain SELECT c FROM sbtest6 WHERE id BETWEEN 1754289 AND 1755288 ORDER BY c
	Sort  (cost=3778.04..3780.45 rows=965 width=121)
	  Sort Key: c
	  ->  Bitmap Heap Scan on sbtest6  (cost=22.33..3730.20 rows=965 width=121)
	        Recheck Cond: ((id >= 1754289) AND (id <= 1755288))
	        ->  Bitmap Index Scan on sbtest6_pkey  (cost=0.00..22.08 rows=965 width=0)
	              Index Cond: ((id >= 1754289) AND (id <= 1755288))

table 7 : explain SELECT c FROM sbtest7 WHERE id BETWEEN 3283443 AND 3284442 ORDER BY c
	Sort  (cost=3870.89..3873.37 rows=989 width=121)
	  Sort Key: c
	  ->  Bitmap Heap Scan on sbtest7  (cost=22.57..3821.69 rows=989 width=121)
	        Recheck Cond: ((id >= 3283443) AND (id <= 3284442))
	        ->  Bitmap Index Scan on sbtest7_pkey  (cost=0.00..22.32 rows=989 width=0)
	              Index Cond: ((id >= 3283443) AND (id <= 3284442))

table 8 : explain SELECT c FROM sbtest8 WHERE id BETWEEN 2262723 AND 2263722 ORDER BY c
	Sort  (cost=3958.86..3961.39 rows=1012 width=121)
	  Sort Key: c
	  ->  Bitmap Heap Scan on sbtest8  (cost=22.81..3908.35 rows=1012 width=121)
	        Recheck Cond: ((id >= 2262723) AND (id <= 2263722))
	        ->  Bitmap Index Scan on sbtest8_pkey  (cost=0.00..22.55 rows=1012 width=0)
	              Index Cond: ((id >= 2262723) AND (id <= 2263722))

for: simple_ranges
table 1 : explain SELECT c FROM sbtest1 WHERE id BETWEEN 4279740 AND 4280739
	Bitmap Heap Scan on sbtest1  (cost=21.99..3603.41 rows=932 width=121)
	  Recheck Cond: ((id >= 4279740) AND (id <= 4280739))
	  ->  Bitmap Index Scan on sbtest1_pkey  (cost=0.00..21.75 rows=932 width=0)
	        Index Cond: ((id >= 4279740) AND (id <= 4280739))

table 2 : explain SELECT c FROM sbtest2 WHERE id BETWEEN 6551180 AND 6552179
	Bitmap Heap Scan on sbtest2  (cost=22.62..3838.26 rows=994 width=121)
	  Recheck Cond: ((id >= 6551180) AND (id <= 6552179))
	  ->  Bitmap Index Scan on sbtest2_pkey  (cost=0.00..22.37 rows=994 width=0)
	        Index Cond: ((id >= 6551180) AND (id <= 6552179))

table 3 : explain SELECT c FROM sbtest3 WHERE id BETWEEN 5721656 AND 5722655
	Bitmap Heap Scan on sbtest3  (cost=22.25..3702.64 rows=958 width=121)
	  Recheck Cond: ((id >= 5721656) AND (id <= 5722655))
	  ->  Bitmap Index Scan on sbtest3_pkey  (cost=0.00..22.01 rows=958 width=0)
	        Index Cond: ((id >= 5721656) AND (id <= 5722655))

table 4 : explain SELECT c FROM sbtest4 WHERE id BETWEEN 9483740 AND 9484739
	Bitmap Heap Scan on sbtest4  (cost=22.79..3899.73 rows=1010 width=121)
	  Recheck Cond: ((id >= 9483740) AND (id <= 9484739))
	  ->  Bitmap Index Scan on sbtest4_pkey  (cost=0.00..22.54 rows=1010 width=0)
	        Index Cond: ((id >= 9483740) AND (id <= 9484739))

table 5 : explain SELECT c FROM sbtest5 WHERE id BETWEEN 6089039 AND 6090038
	Bitmap Heap Scan on sbtest5  (cost=22.78..3895.99 rows=1009 width=121)
	  Recheck Cond: ((id >= 6089039) AND (id <= 6090038))
	  ->  Bitmap Index Scan on sbtest5_pkey  (cost=0.00..22.52 rows=1009 width=0)
	        Index Cond: ((id >= 6089039) AND (id <= 6090038))

table 6 : explain SELECT c FROM sbtest6 WHERE id BETWEEN 3435213 AND 3436212
	Bitmap Heap Scan on sbtest6  (cost=23.05..3997.71 rows=1036 width=121)
	  Recheck Cond: ((id >= 3435213) AND (id <= 3436212))
	  ->  Bitmap Index Scan on sbtest6_pkey  (cost=0.00..22.79 rows=1036 width=0)
	        Index Cond: ((id >= 3435213) AND (id <= 3436212))

table 7 : explain SELECT c FROM sbtest7 WHERE id BETWEEN 6519929 AND 6520928
	Bitmap Heap Scan on sbtest7  (cost=23.32..4096.61 rows=1062 width=121)
	  Recheck Cond: ((id >= 6519929) AND (id <= 6520928))
	  ->  Bitmap Index Scan on sbtest7_pkey  (cost=0.00..23.05 rows=1062 width=0)
	        Index Cond: ((id >= 6519929) AND (id <= 6520928))

table 8 : explain SELECT c FROM sbtest8 WHERE id BETWEEN 4330971 AND 4331970
	Bitmap Heap Scan on sbtest8  (cost=22.31..3723.58 rows=963 width=121)
	  Recheck Cond: ((id >= 4330971) AND (id <= 4331970))
	  ->  Bitmap Index Scan on sbtest8_pkey  (cost=0.00..22.07 rows=963 width=0)
	        Index Cond: ((id >= 4330971) AND (id <= 4331970))

for: simple_ranges
table 1 : explain SELECT c FROM sbtest1 WHERE id BETWEEN 5734375 AND 5735374
	Bitmap Heap Scan on sbtest1  (cost=23.00..3976.28 rows=1031 width=121)
	  Recheck Cond: ((id >= 5734375) AND (id <= 5735374))
	  ->  Bitmap Index Scan on sbtest1_pkey  (cost=0.00..22.75 rows=1031 width=0)
	        Index Cond: ((id >= 5734375) AND (id <= 5735374))

table 2 : explain SELECT c FROM sbtest2 WHERE id BETWEEN 3539635 AND 3540634
	Bitmap Heap Scan on sbtest2  (cost=22.17..3672.40 rows=950 width=121)
	  Recheck Cond: ((id >= 3539635) AND (id <= 3540634))
	  ->  Bitmap Index Scan on sbtest2_pkey  (cost=0.00..21.93 rows=950 width=0)
	        Index Cond: ((id >= 3539635) AND (id <= 3540634))

table 3 : explain SELECT c FROM sbtest3 WHERE id BETWEEN 8878317 AND 8879316
	Bitmap Heap Scan on sbtest3  (cost=23.25..4067.85 rows=1055 width=121)
	  Recheck Cond: ((id >= 8878317) AND (id <= 8879316))
	  ->  Bitmap Index Scan on sbtest3_pkey  (cost=0.00..22.98 rows=1055 width=0)
	        Index Cond: ((id >= 8878317) AND (id <= 8879316))

table 4 : explain SELECT c FROM sbtest4 WHERE id BETWEEN 5634403 AND 5635402
	Bitmap Heap Scan on sbtest4  (cost=23.30..4087.88 rows=1060 width=121)
	  Recheck Cond: ((id >= 5634403) AND (id <= 5635402))
	  ->  Bitmap Index Scan on sbtest4_pkey  (cost=0.00..23.04 rows=1060 width=0)
	        Index Cond: ((id >= 5634403) AND (id <= 5635402))

table 5 : explain SELECT c FROM sbtest5 WHERE id BETWEEN 8945730 AND 8946729
	Bitmap Heap Scan on sbtest5  (cost=27.86..4294.79 rows=1115 width=121)
	  Recheck Cond: ((id >= 8945730) AND (id <= 8946729))
	  ->  Bitmap Index Scan on sbtest5_pkey  (cost=0.00..27.58 rows=1115 width=0)
	        Index Cond: ((id >= 8945730) AND (id <= 8946729))

table 6 : explain SELECT c FROM sbtest6 WHERE id BETWEEN 9692074 AND 9693073
	Bitmap Heap Scan on sbtest6  (cost=22.43..3767.92 rows=975 width=121)
	  Recheck Cond: ((id >= 9692074) AND (id <= 9693073))
	  ->  Bitmap Index Scan on sbtest6_pkey  (cost=0.00..22.18 rows=975 width=0)
	        Index Cond: ((id >= 9692074) AND (id <= 9693073))

table 7 : explain SELECT c FROM sbtest7 WHERE id BETWEEN 3136042 AND 3137041
	Bitmap Heap Scan on sbtest7  (cost=22.77..3893.31 rows=1008 width=121)
	  Recheck Cond: ((id >= 3136042) AND (id <= 3137041))
	  ->  Bitmap Index Scan on sbtest7_pkey  (cost=0.00..22.51 rows=1008 width=0)
	        Index Cond: ((id >= 3136042) AND (id <= 3137041))

table 8 : explain SELECT c FROM sbtest8 WHERE id BETWEEN 9257563 AND 9258562
	Bitmap Heap Scan on sbtest8  (cost=27.52..4172.01 rows=1081 width=121)
	  Recheck Cond: ((id >= 9257563) AND (id <= 9258562))
	  ->  Bitmap Index Scan on sbtest8_pkey  (cost=0.00..27.25 rows=1081 width=0)
	        Index Cond: ((id >= 9257563) AND (id <= 9258562))

for: distinct_ranges
table 1 : explain SELECT DISTINCT c FROM sbtest1 WHERE id BETWEEN 7043565 AND 7044564 ORDER BY c
	Unique  (cost=3603.41..3608.01 rows=920 width=121)
	  ->  Sort  (cost=3603.41..3605.71 rows=920 width=121)
	        Sort Key: c
	        ->  Bitmap Heap Scan on sbtest1  (cost=21.87..3558.12 rows=920 width=121)
	              Recheck Cond: ((id >= 7043565) AND (id <= 7044564))
	              ->  Bitmap Index Scan on sbtest1_pkey  (cost=0.00..21.64 rows=920 width=0)
	                    Index Cond: ((id >= 7043565) AND (id <= 7044564))

table 2 : explain SELECT DISTINCT c FROM sbtest2 WHERE id BETWEEN 5657146 AND 5658145 ORDER BY c
	Unique  (cost=3925.97..3930.99 rows=1004 width=121)
	  ->  Sort  (cost=3925.97..3928.48 rows=1004 width=121)
	        Sort Key: c
	        ->  Bitmap Heap Scan on sbtest2  (cost=22.73..3875.92 rows=1004 width=121)
	              Recheck Cond: ((id >= 5657146) AND (id <= 5658145))
	              ->  Bitmap Index Scan on sbtest2_pkey  (cost=0.00..22.47 rows=1004 width=0)
	                    Index Cond: ((id >= 5657146) AND (id <= 5658145))

table 3 : explain SELECT DISTINCT c FROM sbtest3 WHERE id BETWEEN 4230768 AND 4231767 ORDER BY c
	Unique  (cost=3991.01..3996.11 rows=1021 width=121)
	  ->  Sort  (cost=3991.01..3993.56 rows=1021 width=121)
	        Sort Key: c
	        ->  Bitmap Heap Scan on sbtest3  (cost=22.90..3939.98 rows=1021 width=121)
	              Recheck Cond: ((id >= 4230768) AND (id <= 4231767))
	              ->  Bitmap Index Scan on sbtest3_pkey  (cost=0.00..22.64 rows=1021 width=0)
	                    Index Cond: ((id >= 4230768) AND (id <= 4231767))

table 4 : explain SELECT DISTINCT c FROM sbtest4 WHERE id BETWEEN 5962759 AND 5963758 ORDER BY c
	Unique  (cost=4267.05..4272.52 rows=1093 width=121)
	  ->  Sort  (cost=4267.05..4269.79 rows=1093 width=121)
	        Sort Key: c
	        ->  Bitmap Heap Scan on sbtest4  (cost=23.64..4211.89 rows=1093 width=121)
	              Recheck Cond: ((id >= 5962759) AND (id <= 5963758))
	              ->  Bitmap Index Scan on sbtest4_pkey  (cost=0.00..23.36 rows=1093 width=0)
	                    Index Cond: ((id >= 5962759) AND (id <= 5963758))

table 5 : explain SELECT DISTINCT c FROM sbtest5 WHERE id BETWEEN 8263352 AND 8264351 ORDER BY c
	Unique  (cost=3996.02..4001.13 rows=1022 width=121)
	  ->  Sort  (cost=3996.02..3998.58 rows=1022 width=121)
	        Sort Key: c
	        ->  Bitmap Heap Scan on sbtest5  (cost=22.91..3944.94 rows=1022 width=121)
	              Recheck Cond: ((id >= 8263352) AND (id <= 8264351))
	              ->  Bitmap Index Scan on sbtest5_pkey  (cost=0.00..22.65 rows=1022 width=0)
	                    Index Cond: ((id >= 8263352) AND (id <= 8264351))

table 6 : explain SELECT DISTINCT c FROM sbtest6 WHERE id BETWEEN 3214888 AND 3215887 ORDER BY c
	Unique  (cost=3747.40..3752.19 rows=957 width=121)
	  ->  Sort  (cost=3747.40..3749.80 rows=957 width=121)
	        Sort Key: c
	        ->  Bitmap Heap Scan on sbtest6  (cost=22.24..3700.02 rows=957 width=121)
	              Recheck Cond: ((id >= 3214888) AND (id <= 3215887))
	              ->  Bitmap Index Scan on sbtest6_pkey  (cost=0.00..22.00 rows=957 width=0)
	                    Index Cond: ((id >= 3214888) AND (id <= 3215887))

table 7 : explain SELECT DISTINCT c FROM sbtest7 WHERE id BETWEEN 3556120 AND 3557119 ORDER BY c
	Unique  (cost=3958.90..3963.96 rows=1012 width=121)
	  ->  Sort  (cost=3958.90..3961.43 rows=1012 width=121)
	        Sort Key: c
	        ->  Bitmap Heap Scan on sbtest7  (cost=22.81..3908.38 rows=1012 width=121)
	              Recheck Cond: ((id >= 3556120) AND (id <= 3557119))
	              ->  Bitmap Index Scan on sbtest7_pkey  (cost=0.00..22.55 rows=1012 width=0)
	                    Index Cond: ((id >= 3556120) AND (id <= 3557119))

table 8 : explain SELECT DISTINCT c FROM sbtest8 WHERE id BETWEEN 4509196 AND 4510195 ORDER BY c
	Unique  (cost=4023.86..4029.01 rows=1029 width=121)
	  ->  Sort  (cost=4023.86..4026.44 rows=1029 width=121)
	        Sort Key: c
	        ->  Bitmap Heap Scan on sbtest8  (cost=22.98..3972.38 rows=1029 width=121)
	              Recheck Cond: ((id >= 4509196) AND (id <= 4510195))
	              ->  Bitmap Index Scan on sbtest8_pkey  (cost=0.00..22.72 rows=1029 width=0)
	                    Index Cond: ((id >= 4509196) AND (id <= 4510195))

for: order_ranges
table 1 : explain SELECT c FROM sbtest1 WHERE id BETWEEN 4227286 AND 4228285 ORDER BY c
	Sort  (cost=3909.49..3911.99 rows=1000 width=121)
	  Sort Key: c
	  ->  Bitmap Heap Scan on sbtest1  (cost=22.68..3859.66 rows=1000 width=121)
	        Recheck Cond: ((id >= 4227286) AND (id <= 4228285))
	        ->  Bitmap Index Scan on sbtest1_pkey  (cost=0.00..22.43 rows=1000 width=0)
	              Index Cond: ((id >= 4227286) AND (id <= 4228285))

table 2 : explain SELECT c FROM sbtest2 WHERE id BETWEEN 4425386 AND 4426385 ORDER BY c
	Sort  (cost=3692.58..3694.94 rows=943 width=121)
	  Sort Key: c
	  ->  Bitmap Heap Scan on sbtest2  (cost=22.10..3646.00 rows=943 width=121)
	        Recheck Cond: ((id >= 4425386) AND (id <= 4426385))
	        ->  Bitmap Index Scan on sbtest2_pkey  (cost=0.00..21.86 rows=943 width=0)
	              Index Cond: ((id >= 4425386) AND (id <= 4426385))

table 3 : explain SELECT c FROM sbtest3 WHERE id BETWEEN 1880846 AND 1881845 ORDER BY c
	Sort  (cost=3658.17..3660.51 rows=934 width=121)
	  Sort Key: c
	  ->  Bitmap Heap Scan on sbtest3  (cost=22.01..3612.09 rows=934 width=121)
	        Recheck Cond: ((id >= 1880846) AND (id <= 1881845))
	        ->  Bitmap Index Scan on sbtest3_pkey  (cost=0.00..21.77 rows=934 width=0)
	              Index Cond: ((id >= 1880846) AND (id <= 1881845))

table 4 : explain SELECT c FROM sbtest4 WHERE id BETWEEN 2934172 AND 2935171 ORDER BY c
	Sort  (cost=4122.06..4124.69 rows=1055 width=121)
	  Sort Key: c
	  ->  Bitmap Heap Scan on sbtest4  (cost=23.25..4069.08 rows=1055 width=121)
	        Recheck Cond: ((id >= 2934172) AND (id <= 2935171))
	        ->  Bitmap Index Scan on sbtest4_pkey  (cost=0.00..22.98 rows=1055 width=0)
	              Index Cond: ((id >= 2934172) AND (id <= 2935171))

table 5 : explain SELECT c FROM sbtest5 WHERE id BETWEEN 7094258 AND 7095257 ORDER BY c
	Sort  (cost=4022.77..4025.35 rows=1029 width=121)
	  Sort Key: c
	  ->  Bitmap Heap Scan on sbtest5  (cost=22.98..3971.29 rows=1029 width=121)
	        Recheck Cond: ((id >= 7094258) AND (id <= 7095257))
	        ->  Bitmap Index Scan on sbtest5_pkey  (cost=0.00..22.72 rows=1029 width=0)
	              Index Cond: ((id >= 7094258) AND (id <= 7095257))

table 6 : explain SELECT c FROM sbtest6 WHERE id BETWEEN 3296030 AND 3297029 ORDER BY c
	Sort  (cost=4255.91..4258.63 rows=1089 width=121)
	  Sort Key: c
	  ->  Bitmap Heap Scan on sbtest6  (cost=27.60..4200.97 rows=1089 width=121)
	        Recheck Cond: ((id >= 3296030) AND (id <= 3297029))
	        ->  Bitmap Index Scan on sbtest6_pkey  (cost=0.00..27.32 rows=1089 width=0)
	              Index Cond: ((id >= 3296030) AND (id <= 3297029))

table 7 : explain SELECT c FROM sbtest7 WHERE id BETWEEN 4919525 AND 4920524 ORDER BY c
	Sort  (cost=4054.48..4057.07 rows=1037 width=121)
	  Sort Key: c
	  ->  Bitmap Heap Scan on sbtest7  (cost=23.06..4002.53 rows=1037 width=121)
	        Recheck Cond: ((id >= 4919525) AND (id <= 4920524))
	        ->  Bitmap Index Scan on sbtest7_pkey  (cost=0.00..22.80 rows=1037 width=0)
	              Index Cond: ((id >= 4919525) AND (id <= 4920524))

table 8 : explain SELECT c FROM sbtest8 WHERE id BETWEEN 7380767 AND 7381766 ORDER BY c
	Sort  (cost=3955.03..3957.56 rows=1011 width=121)
	  Sort Key: c
	  ->  Bitmap Heap Scan on sbtest8  (cost=22.80..3904.58 rows=1011 width=121)
	        Recheck Cond: ((id >= 7380767) AND (id <= 7381766))
	        ->  Bitmap Index Scan on sbtest8_pkey  (cost=0.00..22.54 rows=1011 width=0)
	              Index Cond: ((id >= 7380767) AND (id <= 7381766))

explain: for point_selects :: explain SELECT c FROM sbtest%u WHERE id=%u
for: sum_ranges
table 1 : explain SELECT SUM(k) FROM sbtest1 WHERE id BETWEEN 4634387 AND 4635386
	Aggregate  (cost=4242.19..4242.20 rows=1 width=8)
	  ->  Bitmap Heap Scan on sbtest1  (cost=27.72..4239.44 rows=1101 width=4)
	        Recheck Cond: ((id >= 4634387) AND (id <= 4635386))
	        ->  Bitmap Index Scan on sbtest1_pkey  (cost=0.00..27.44 rows=1101 width=0)
	              Index Cond: ((id >= 4634387) AND (id <= 4635386))

table 2 : explain SELECT SUM(k) FROM sbtest2 WHERE id BETWEEN 1436638 AND 1437637
	Aggregate  (cost=3855.82..3855.83 rows=1 width=8)
	  ->  Bitmap Heap Scan on sbtest2  (cost=22.66..3853.32 rows=998 width=4)
	        Recheck Cond: ((id >= 1436638) AND (id <= 1437637))
	        ->  Bitmap Index Scan on sbtest2_pkey  (cost=0.00..22.41 rows=998 width=0)
	              Index Cond: ((id >= 1436638) AND (id <= 1437637))

table 3 : explain SELECT SUM(k) FROM sbtest3 WHERE id BETWEEN 116446 AND 117445
	Aggregate  (cost=4175.76..4175.77 rows=1 width=8)
	  ->  Bitmap Heap Scan on sbtest3  (cost=23.54..4173.05 rows=1083 width=4)
	        Recheck Cond: ((id >= 116446) AND (id <= 117445))
	        ->  Bitmap Index Scan on sbtest3_pkey  (cost=0.00..23.26 rows=1083 width=0)
	              Index Cond: ((id >= 116446) AND (id <= 117445))

table 4 : explain SELECT SUM(k) FROM sbtest4 WHERE id BETWEEN 3479431 AND 3480430
	Aggregate  (cost=3985.13..3985.14 rows=1 width=8)
	  ->  Bitmap Heap Scan on sbtest4  (cost=23.01..3982.55 rows=1032 width=4)
	        Recheck Cond: ((id >= 3479431) AND (id <= 3480430))
	        ->  Bitmap Index Scan on sbtest4_pkey  (cost=0.00..22.75 rows=1032 width=0)
	              Index Cond: ((id >= 3479431) AND (id <= 3480430))

table 5 : explain SELECT SUM(k) FROM sbtest5 WHERE id BETWEEN 7992716 AND 7993715
	Aggregate  (cost=3706.12..3706.13 rows=1 width=8)
	  ->  Bitmap Heap Scan on sbtest5  (cost=22.25..3703.73 rows=958 width=4)
	        Recheck Cond: ((id >= 7992716) AND (id <= 7993715))
	        ->  Bitmap Index Scan on sbtest5_pkey  (cost=0.00..22.01 rows=958 width=0)
	              Index Cond: ((id >= 7992716) AND (id <= 7993715))

table 6 : explain SELECT SUM(k) FROM sbtest6 WHERE id BETWEEN 2122350 AND 2123349
	Aggregate  (cost=4053.00..4053.01 rows=1 width=8)
	  ->  Bitmap Heap Scan on sbtest6  (cost=23.20..4050.38 rows=1050 width=4)
	        Recheck Cond: ((id >= 2122350) AND (id <= 2123349))
	        ->  Bitmap Index Scan on sbtest6_pkey  (cost=0.00..22.93 rows=1050 width=0)
	              Index Cond: ((id >= 2122350) AND (id <= 2123349))

table 7 : explain SELECT SUM(k) FROM sbtest7 WHERE id BETWEEN 4837894 AND 4838893
	Aggregate  (cost=3733.57..3733.58 rows=1 width=8)
	  ->  Bitmap Heap Scan on sbtest7  (cost=22.33..3731.16 rows=965 width=4)
	        Recheck Cond: ((id >= 4837894) AND (id <= 4838893))
	        ->  Bitmap Index Scan on sbtest7_pkey  (cost=0.00..22.08 rows=965 width=0)
	              Index Cond: ((id >= 4837894) AND (id <= 4838893))

table 8 : explain SELECT SUM(k) FROM sbtest8 WHERE id BETWEEN 9854572 AND 9855571
	Aggregate  (cost=3544.56..3544.57 rows=1 width=8)
	  ->  Bitmap Heap Scan on sbtest8  (cost=21.81..3542.28 rows=915 width=4)
	        Recheck Cond: ((id >= 9854572) AND (id <= 9855571))
	        ->  Bitmap Index Scan on sbtest8_pkey  (cost=0.00..21.58 rows=915 width=0)
	              Index Cond: ((id >= 9854572) AND (id <= 9855571))

explain: for point_selects :: explain SELECT c FROM sbtest%u WHERE id=%u
for point_selects
table 1 : explain SELECT c FROM sbtest1 WHERE id=4543117
	Index Scan using sbtest1_pkey on sbtest1  (cost=0.43..8.45 rows=1 width=121)
	  Index Cond: (id = 4543117)

table 2 : explain SELECT c FROM sbtest2 WHERE id=9473205
	Index Scan using sbtest2_pkey on sbtest2  (cost=0.43..8.45 rows=1 width=121)
	  Index Cond: (id = 9473205)

table 3 : explain SELECT c FROM sbtest3 WHERE id=6494333
	Index Scan using sbtest3_pkey on sbtest3  (cost=0.43..8.45 rows=1 width=121)
	  Index Cond: (id = 6494333)

table 4 : explain SELECT c FROM sbtest4 WHERE id=1873887
	Index Scan using sbtest4_pkey on sbtest4  (cost=0.43..8.45 rows=1 width=121)
	  Index Cond: (id = 1873887)

table 5 : explain SELECT c FROM sbtest5 WHERE id=3341254
	Index Scan using sbtest5_pkey on sbtest5  (cost=0.43..8.45 rows=1 width=121)
	  Index Cond: (id = 3341254)

table 6 : explain SELECT c FROM sbtest6 WHERE id=6631463
	Index Scan using sbtest6_pkey on sbtest6  (cost=0.43..8.45 rows=1 width=121)
	  Index Cond: (id = 6631463)

table 7 : explain SELECT c FROM sbtest7 WHERE id=8308978
	Index Scan using sbtest7_pkey on sbtest7  (cost=0.43..8.45 rows=1 width=121)
	  Index Cond: (id = 8308978)

table 8 : explain SELECT c FROM sbtest8 WHERE id=5986169
	Index Scan using sbtest8_pkey on sbtest8  (cost=0.43..8.45 rows=1 width=121)
	  Index Cond: (id = 5986169)

for: sum_ranges
table 1 : explain SELECT SUM(k) FROM sbtest1 WHERE id BETWEEN 3989145 AND 3990144
	Aggregate  (cost=3843.33..3843.34 rows=1 width=8)
	  ->  Bitmap Heap Scan on sbtest1  (cost=22.63..3840.84 rows=995 width=4)
	        Recheck Cond: ((id >= 3989145) AND (id <= 3990144))
	        ->  Bitmap Index Scan on sbtest1_pkey  (cost=0.00..22.39 rows=995 width=0)
	              Index Cond: ((id >= 3989145) AND (id <= 3990144))

table 2 : explain SELECT SUM(k) FROM sbtest2 WHERE id BETWEEN 2213941 AND 2214940
	Aggregate  (cost=3599.26..3599.27 rows=1 width=8)
	  ->  Bitmap Heap Scan on sbtest2  (cost=21.97..3596.93 rows=930 width=4)
	        Recheck Cond: ((id >= 2213941) AND (id <= 2214940))
	        ->  Bitmap Index Scan on sbtest2_pkey  (cost=0.00..21.73 rows=930 width=0)
	              Index Cond: ((id >= 2213941) AND (id <= 2214940))

table 3 : explain SELECT SUM(k) FROM sbtest3 WHERE id BETWEEN 9406565 AND 9407564
	Aggregate  (cost=3904.87..3904.88 rows=1 width=8)
	  ->  Bitmap Heap Scan on sbtest3  (cost=22.80..3902.34 rows=1011 width=4)
	        Recheck Cond: ((id >= 9406565) AND (id <= 9407564))
	        ->  Bitmap Index Scan on sbtest3_pkey  (cost=0.00..22.54 rows=1011 width=0)
	              Index Cond: ((id >= 9406565) AND (id <= 9407564))

table 4 : explain SELECT SUM(k) FROM sbtest4 WHERE id BETWEEN 8358192 AND 8359191
	Aggregate  (cost=4139.43..4139.44 rows=1 width=8)
	  ->  Bitmap Heap Scan on sbtest4  (cost=23.43..4136.75 rows=1073 width=4)
	        Recheck Cond: ((id >= 8358192) AND (id <= 8359191))
	        ->  Bitmap Index Scan on sbtest4_pkey  (cost=0.00..23.16 rows=1073 width=0)
	              Index Cond: ((id >= 8358192) AND (id <= 8359191))

table 5 : explain SELECT SUM(k) FROM sbtest5 WHERE id BETWEEN 9497898 AND 9498897
	Aggregate  (cost=3581.46..3581.47 rows=1 width=8)
	  ->  Bitmap Heap Scan on sbtest5  (cost=21.92..3579.15 rows=925 width=4)
	        Recheck Cond: ((id >= 9497898) AND (id <= 9498897))
	        ->  Bitmap Index Scan on sbtest5_pkey  (cost=0.00..21.68 rows=925 width=0)
	              Index Cond: ((id >= 9497898) AND (id <= 9498897))

table 6 : explain SELECT SUM(k) FROM sbtest6 WHERE id BETWEEN 4778576 AND 4779575
	Aggregate  (cost=3486.98..3486.99 rows=1 width=8)
	  ->  Bitmap Heap Scan on sbtest6  (cost=21.66..3484.73 rows=900 width=4)
	        Recheck Cond: ((id >= 4778576) AND (id <= 4779575))
	        ->  Bitmap Index Scan on sbtest6_pkey  (cost=0.00..21.43 rows=900 width=0)
	              Index Cond: ((id >= 4778576) AND (id <= 4779575))

table 7 : explain SELECT SUM(k) FROM sbtest7 WHERE id BETWEEN 3955470 AND 3956469
	Aggregate  (cost=4001.36..4001.37 rows=1 width=8)
	  ->  Bitmap Heap Scan on sbtest7  (cost=23.05..3998.77 rows=1036 width=4)
	        Recheck Cond: ((id >= 3955470) AND (id <= 3956469))
	        ->  Bitmap Index Scan on sbtest7_pkey  (cost=0.00..22.79 rows=1036 width=0)
	              Index Cond: ((id >= 3955470) AND (id <= 3956469))

table 8 : explain SELECT SUM(k) FROM sbtest8 WHERE id BETWEEN 6028718 AND 6029717
	Aggregate  (cost=3873.17..3873.18 rows=1 width=8)
	  ->  Bitmap Heap Scan on sbtest8  (cost=22.71..3870.66 rows=1002 width=4)
	        Recheck Cond: ((id >= 6028718) AND (id <= 6029717))
	        ->  Bitmap Index Scan on sbtest8_pkey  (cost=0.00..22.45 rows=1002 width=0)
	              Index Cond: ((id >= 6028718) AND (id <= 6029717))

for: distinct_ranges
table 1 : explain SELECT DISTINCT c FROM sbtest1 WHERE id BETWEEN 4709405 AND 4710404 ORDER BY c
	Unique  (cost=3821.58..3826.46 rows=977 width=121)
	  ->  Sort  (cost=3821.58..3824.02 rows=977 width=121)
	        Sort Key: c
	        ->  Bitmap Heap Scan on sbtest1  (cost=22.45..3773.06 rows=977 width=121)
	              Recheck Cond: ((id >= 4709405) AND (id <= 4710404))
	              ->  Bitmap Index Scan on sbtest1_pkey  (cost=0.00..22.20 rows=977 width=0)
	                    Index Cond: ((id >= 4709405) AND (id <= 4710404))

table 2 : explain SELECT DISTINCT c FROM sbtest2 WHERE id BETWEEN 9586191 AND 9587190 ORDER BY c
	Unique  (cost=3615.96..3620.58 rows=923 width=121)
	  ->  Sort  (cost=3615.96..3618.27 rows=923 width=121)
	        Sort Key: c
	        ->  Bitmap Heap Scan on sbtest2  (cost=21.90..3570.50 rows=923 width=121)
	              Recheck Cond: ((id >= 9586191) AND (id <= 9587190))
	              ->  Bitmap Index Scan on sbtest2_pkey  (cost=0.00..21.66 rows=923 width=0)
	                    Index Cond: ((id >= 9586191) AND (id <= 9587190))

table 3 : explain SELECT DISTINCT c FROM sbtest3 WHERE id BETWEEN 6062174 AND 6063173 ORDER BY c
	Unique  (cost=4017.75..4022.89 rows=1028 width=121)
	  ->  Sort  (cost=4017.75..4020.32 rows=1028 width=121)
	        Sort Key: c
	        ->  Bitmap Heap Scan on sbtest3  (cost=22.97..3966.32 rows=1028 width=121)
	              Recheck Cond: ((id >= 6062174) AND (id <= 6063173))
	              ->  Bitmap Index Scan on sbtest3_pkey  (cost=0.00..22.71 rows=1028 width=0)
	                    Index Cond: ((id >= 6062174) AND (id <= 6063173))

table 4 : explain SELECT DISTINCT c FROM sbtest4 WHERE id BETWEEN 3654435 AND 3655434 ORDER BY c
	Unique  (cost=4015.11..4020.24 rows=1027 width=121)
	  ->  Sort  (cost=4015.11..4017.67 rows=1027 width=121)
	        Sort Key: c
	        ->  Bitmap Heap Scan on sbtest4  (cost=22.96..3963.73 rows=1027 width=121)
	              Recheck Cond: ((id >= 3654435) AND (id <= 3655434))
	              ->  Bitmap Index Scan on sbtest4_pkey  (cost=0.00..22.70 rows=1027 width=0)
	                    Index Cond: ((id >= 3654435) AND (id <= 3655434))

table 5 : explain SELECT DISTINCT c FROM sbtest5 WHERE id BETWEEN 4919416 AND 4920415 ORDER BY c
	Unique  (cost=3877.48..3882.44 rows=991 width=121)
	  ->  Sort  (cost=3877.48..3879.96 rows=991 width=121)
	        Sort Key: c
	        ->  Bitmap Heap Scan on sbtest5  (cost=22.59..3828.17 rows=991 width=121)
	              Recheck Cond: ((id >= 4919416) AND (id <= 4920415))
	              ->  Bitmap Index Scan on sbtest5_pkey  (cost=0.00..22.34 rows=991 width=0)
	                    Index Cond: ((id >= 4919416) AND (id <= 4920415))

table 6 : explain SELECT DISTINCT c FROM sbtest6 WHERE id BETWEEN 1524999 AND 1525998 ORDER BY c
	Unique  (cost=3889.03..3894.00 rows=994 width=121)
	  ->  Sort  (cost=3889.03..3891.52 rows=994 width=121)
	        Sort Key: c
	        ->  Bitmap Heap Scan on sbtest6  (cost=22.62..3839.54 rows=994 width=121)
	              Recheck Cond: ((id >= 1524999) AND (id <= 1525998))
	              ->  Bitmap Index Scan on sbtest6_pkey  (cost=0.00..22.37 rows=994 width=0)
	                    Index Cond: ((id >= 1524999) AND (id <= 1525998))

table 7 : explain SELECT DISTINCT c FROM sbtest7 WHERE id BETWEEN 6618990 AND 6619989 ORDER BY c
	Unique  (cost=3828.78..3833.67 rows=978 width=121)
	  ->  Sort  (cost=3828.78..3831.23 rows=978 width=121)
	        Sort Key: c
	        ->  Bitmap Heap Scan on sbtest7  (cost=22.46..3780.21 rows=978 width=121)
	              Recheck Cond: ((id >= 6618990) AND (id <= 6619989))
	              ->  Bitmap Index Scan on sbtest7_pkey  (cost=0.00..22.21 rows=978 width=0)
	                    Index Cond: ((id >= 6618990) AND (id <= 6619989))

table 8 : explain SELECT DISTINCT c FROM sbtest8 WHERE id BETWEEN 3501901 AND 3502900 ORDER BY c
	Unique  (cost=4371.51..4377.11 rows=1120 width=121)
	  ->  Sort  (cost=4371.51..4374.31 rows=1120 width=121)
	        Sort Key: c
	        ->  Bitmap Heap Scan on sbtest8  (cost=27.92..4314.79 rows=1120 width=121)
	              Recheck Cond: ((id >= 3501901) AND (id <= 3502900))
	              ->  Bitmap Index Scan on sbtest8_pkey  (cost=0.00..27.64 rows=1120 width=0)
	                    Index Cond: ((id >= 3501901) AND (id <= 3502900))

explain: for point_selects :: explain SELECT c FROM sbtest%u WHERE id=%u
for: simple_ranges
table 1 : explain SELECT c FROM sbtest1 WHERE id BETWEEN 327731 AND 328730
	Bitmap Heap Scan on sbtest1  (cost=23.31..4089.02 rows=1061 width=121)
	  Recheck Cond: ((id >= 327731) AND (id <= 328730))
	  ->  Bitmap Index Scan on sbtest1_pkey  (cost=0.00..23.04 rows=1061 width=0)
	        Index Cond: ((id >= 327731) AND (id <= 328730))

table 2 : explain SELECT c FROM sbtest2 WHERE id BETWEEN 6054226 AND 6055225
	Bitmap Heap Scan on sbtest2  (cost=22.18..3676.18 rows=951 width=121)
	  Recheck Cond: ((id >= 6054226) AND (id <= 6055225))
	  ->  Bitmap Index Scan on sbtest2_pkey  (cost=0.00..21.94 rows=951 width=0)
	        Index Cond: ((id >= 6054226) AND (id <= 6055225))

table 3 : explain SELECT c FROM sbtest3 WHERE id BETWEEN 2696187 AND 2697186
	Bitmap Heap Scan on sbtest3  (cost=22.48..3785.58 rows=980 width=121)
	  Recheck Cond: ((id >= 2696187) AND (id <= 2697186))
	  ->  Bitmap Index Scan on sbtest3_pkey  (cost=0.00..22.23 rows=980 width=0)
	        Index Cond: ((id >= 2696187) AND (id <= 2697186))

table 4 : explain SELECT c FROM sbtest4 WHERE id BETWEEN 5949443 AND 5950442
	Bitmap Heap Scan on sbtest4  (cost=23.64..4211.89 rows=1093 width=121)
	  Recheck Cond: ((id >= 5949443) AND (id <= 5950442))
	  ->  Bitmap Index Scan on sbtest4_pkey  (cost=0.00..23.36 rows=1093 width=0)
	        Index Cond: ((id >= 5949443) AND (id <= 5950442))

table 5 : explain SELECT c FROM sbtest5 WHERE id BETWEEN 5458007 AND 5459006
	Bitmap Heap Scan on sbtest5  (cost=22.29..3715.05 rows=961 width=121)
	  Recheck Cond: ((id >= 5458007) AND (id <= 5459006))
	  ->  Bitmap Index Scan on sbtest5_pkey  (cost=0.00..22.04 rows=961 width=0)
	        Index Cond: ((id >= 5458007) AND (id <= 5459006))

table 6 : explain SELECT c FROM sbtest6 WHERE id BETWEEN 8704181 AND 8705180
	Bitmap Heap Scan on sbtest6  (cost=22.72..3873.46 rows=1003 width=121)
	  Recheck Cond: ((id >= 8704181) AND (id <= 8705180))
	  ->  Bitmap Index Scan on sbtest6_pkey  (cost=0.00..22.46 rows=1003 width=0)
	        Index Cond: ((id >= 8704181) AND (id <= 8705180))

table 7 : explain SELECT c FROM sbtest7 WHERE id BETWEEN 2673556 AND 2674555
	Bitmap Heap Scan on sbtest7  (cost=22.93..3953.59 rows=1024 width=121)
	  Recheck Cond: ((id >= 2673556) AND (id <= 2674555))
	  ->  Bitmap Index Scan on sbtest7_pkey  (cost=0.00..22.68 rows=1024 width=0)
	        Index Cond: ((id >= 2673556) AND (id <= 2674555))

table 8 : explain SELECT c FROM sbtest8 WHERE id BETWEEN 9745443 AND 9746442
	Bitmap Heap Scan on sbtest8  (cost=22.64..3848.05 rows=996 width=121)
	  Recheck Cond: ((id >= 9745443) AND (id <= 9746442))
	  ->  Bitmap Index Scan on sbtest8_pkey  (cost=0.00..22.39 rows=996 width=0)
	        Index Cond: ((id >= 9745443) AND (id <= 9746442))

for: order_ranges
table 1 : explain SELECT c FROM sbtest1 WHERE id BETWEEN 9661141 AND 9662140 ORDER BY c
	Sort  (cost=3787.16..3789.58 rows=968 width=121)
	  Sort Key: c
	  ->  Bitmap Heap Scan on sbtest1  (cost=22.36..3739.15 rows=968 width=121)
	        Recheck Cond: ((id >= 9661141) AND (id <= 9662140))
	        ->  Bitmap Index Scan on sbtest1_pkey  (cost=0.00..22.11 rows=968 width=0)
	              Index Cond: ((id >= 9661141) AND (id <= 9662140))

table 2 : explain SELECT c FROM sbtest2 WHERE id BETWEEN 1198333 AND 1199332 ORDER BY c
	Sort  (cost=3799.77..3802.20 rows=971 width=121)
	  Sort Key: c
	  ->  Bitmap Heap Scan on sbtest2  (cost=22.39..3751.59 rows=971 width=121)
	        Recheck Cond: ((id >= 1198333) AND (id <= 1199332))
	        ->  Bitmap Index Scan on sbtest2_pkey  (cost=0.00..22.14 rows=971 width=0)
	              Index Cond: ((id >= 1198333) AND (id <= 1199332))

table 3 : explain SELECT c FROM sbtest3 WHERE id BETWEEN 9818447 AND 9819446 ORDER BY c
	Sort  (cost=3684.99..3687.34 rows=941 width=121)
	  Sort Key: c
	  ->  Bitmap Heap Scan on sbtest3  (cost=22.08..3638.51 rows=941 width=121)
	        Recheck Cond: ((id >= 9818447) AND (id <= 9819446))
	        ->  Bitmap Index Scan on sbtest3_pkey  (cost=0.00..21.84 rows=941 width=0)
	              Index Cond: ((id >= 9818447) AND (id <= 9819446))

table 4 : explain SELECT c FROM sbtest4 WHERE id BETWEEN 8356604 AND 8357603 ORDER BY c
	Sort  (cost=4190.76..4193.44 rows=1073 width=121)
	  Sort Key: c
	  ->  Bitmap Heap Scan on sbtest4  (cost=23.43..4136.75 rows=1073 width=121)
	        Recheck Cond: ((id >= 8356604) AND (id <= 8357603))
	        ->  Bitmap Index Scan on sbtest4_pkey  (cost=0.00..23.16 rows=1073 width=0)
	              Index Cond: ((id >= 8356604) AND (id <= 8357603))

table 5 : explain SELECT c FROM sbtest5 WHERE id BETWEEN 5477670 AND 5478669 ORDER BY c
	Sort  (cost=3478.94..3481.15 rows=887 width=121)
	  Sort Key: c
	  ->  Bitmap Heap Scan on sbtest5  (cost=21.53..3435.51 rows=887 width=121)
	        Recheck Cond: ((id >= 5477670) AND (id <= 5478669))
	        ->  Bitmap Index Scan on sbtest5_pkey  (cost=0.00..21.30 rows=887 width=0)
	              Index Cond: ((id >= 5477670) AND (id <= 5478669))

table 6 : explain SELECT c FROM sbtest6 WHERE id BETWEEN 8543344 AND 8544343 ORDER BY c
	Sort  (cost=3877.55..3880.03 rows=991 width=121)
	  Sort Key: c
	  ->  Bitmap Heap Scan on sbtest6  (cost=22.59..3828.24 rows=991 width=121)
	        Recheck Cond: ((id >= 8543344) AND (id <= 8544343))
	        ->  Bitmap Index Scan on sbtest6_pkey  (cost=0.00..22.34 rows=991 width=0)
	              Index Cond: ((id >= 8543344) AND (id <= 8544343))

table 7 : explain SELECT c FROM sbtest7 WHERE id BETWEEN 9111224 AND 9112223 ORDER BY c
	Sort  (cost=3717.69..3720.07 rows=949 width=121)
	  Sort Key: c
	  ->  Bitmap Heap Scan on sbtest7  (cost=22.16..3670.76 rows=949 width=121)
	        Recheck Cond: ((id >= 9111224) AND (id <= 9112223))
	        ->  Bitmap Index Scan on sbtest7_pkey  (cost=0.00..21.93 rows=949 width=0)
	              Index Cond: ((id >= 9111224) AND (id <= 9112223))

table 8 : explain SELECT c FROM sbtest8 WHERE id BETWEEN 5785099 AND 5786098 ORDER BY c
	Sort  (cost=3687.00..3689.35 rows=941 width=121)
	  Sort Key: c
	  ->  Bitmap Heap Scan on sbtest8  (cost=22.08..3640.52 rows=941 width=121)
	        Recheck Cond: ((id >= 5785099) AND (id <= 5786098))
	        ->  Bitmap Index Scan on sbtest8_pkey  (cost=0.00..21.84 rows=941 width=0)
	              Index Cond: ((id >= 5785099) AND (id <= 5786098))

explain: for point_selects :: explain SELECT c FROM sbtest%u WHERE id=%u
for: order_ranges
table 1 : explain SELECT c FROM sbtest1 WHERE id BETWEEN 3808564 AND 3809563 ORDER BY c
	Sort  (cost=3676.18..3678.53 rows=939 width=121)
	  Sort Key: c
	  ->  Bitmap Heap Scan on sbtest1  (cost=22.06..3629.82 rows=939 width=121)
	        Recheck Cond: ((id >= 3808564) AND (id <= 3809563))
	        ->  Bitmap Index Scan on sbtest1_pkey  (cost=0.00..21.82 rows=939 width=0)
	              Index Cond: ((id >= 3808564) AND (id <= 3809563))

table 2 : explain SELECT c FROM sbtest2 WHERE id BETWEEN 6461778 AND 6462777 ORDER BY c
	Sort  (cost=4372.64..4375.44 rows=1121 width=121)
	  Sort Key: c
	  ->  Bitmap Heap Scan on sbtest2  (cost=27.93..4315.85 rows=1121 width=121)
	        Recheck Cond: ((id >= 6461778) AND (id <= 6462777))
	        ->  Bitmap Index Scan on sbtest2_pkey  (cost=0.00..27.64 rows=1121 width=0)
	              Index Cond: ((id >= 6461778) AND (id <= 6462777))

table 3 : explain SELECT c FROM sbtest3 WHERE id BETWEEN 6074479 AND 6075478 ORDER BY c
	Sort  (cost=4017.75..4020.32 rows=1028 width=121)
	  Sort Key: c
	  ->  Bitmap Heap Scan on sbtest3  (cost=22.97..3966.32 rows=1028 width=121)
	        Recheck Cond: ((id >= 6074479) AND (id <= 6075478))
	        ->  Bitmap Index Scan on sbtest3_pkey  (cost=0.00..22.71 rows=1028 width=0)
	              Index Cond: ((id >= 6074479) AND (id <= 6075478))

table 4 : explain SELECT c FROM sbtest4 WHERE id BETWEEN 4143391 AND 4144390 ORDER BY c
	Sort  (cost=3781.78..3784.19 rows=966 width=121)
	  Sort Key: c
	  ->  Bitmap Heap Scan on sbtest4  (cost=22.34..3733.89 rows=966 width=121)
	        Recheck Cond: ((id >= 4143391) AND (id <= 4144390))
	        ->  Bitmap Index Scan on sbtest4_pkey  (cost=0.00..22.09 rows=966 width=0)
	              Index Cond: ((id >= 4143391) AND (id <= 4144390))

table 5 : explain SELECT c FROM sbtest5 WHERE id BETWEEN 5743795 AND 5744794 ORDER BY c
	Sort  (cost=4076.26..4078.87 rows=1043 width=121)
	  Sort Key: c
	  ->  Bitmap Heap Scan on sbtest5  (cost=23.13..4023.97 rows=1043 width=121)
	        Recheck Cond: ((id >= 5743795) AND (id <= 5744794))
	        ->  Bitmap Index Scan on sbtest5_pkey  (cost=0.00..22.86 rows=1043 width=0)
	              Index Cond: ((id >= 5743795) AND (id <= 5744794))

table 6 : explain SELECT c FROM sbtest6 WHERE id BETWEEN 381959 AND 382958 ORDER BY c
	Sort  (cost=3498.19..3500.42 rows=892 width=121)
	  Sort Key: c
	  ->  Bitmap Heap Scan on sbtest6  (cost=21.58..3454.48 rows=892 width=121)
	        Recheck Cond: ((id >= 381959) AND (id <= 382958))
	        ->  Bitmap Index Scan on sbtest6_pkey  (cost=0.00..21.36 rows=892 width=0)
	              Index Cond: ((id >= 381959) AND (id <= 382958))

table 7 : explain SELECT c FROM sbtest7 WHERE id BETWEEN 2718880 AND 2719879 ORDER BY c
	Sort  (cost=3664.03..3666.36 rows=935 width=121)
	  Sort Key: c
	  ->  Bitmap Heap Scan on sbtest7  (cost=22.02..3617.89 rows=935 width=121)
	        Recheck Cond: ((id >= 2718880) AND (id <= 2719879))
	        ->  Bitmap Index Scan on sbtest7_pkey  (cost=0.00..21.79 rows=935 width=0)
	              Index Cond: ((id >= 2718880) AND (id <= 2719879))

table 8 : explain SELECT c FROM sbtest8 WHERE id BETWEEN 3093487 AND 3094486 ORDER BY c
	Sort  (cost=3901.47..3903.97 rows=997 width=121)
	  Sort Key: c
	  ->  Bitmap Heap Scan on sbtest8  (cost=22.65..3851.82 rows=997 width=121)
	        Recheck Cond: ((id >= 3093487) AND (id <= 3094486))
	        ->  Bitmap Index Scan on sbtest8_pkey  (cost=0.00..22.40 rows=997 width=0)
	              Index Cond: ((id >= 3093487) AND (id <= 3094486))

for point_selects
table 1 : explain SELECT c FROM sbtest1 WHERE id=1265562
	Index Scan using sbtest1_pkey on sbtest1  (cost=0.43..8.45 rows=1 width=121)
	  Index Cond: (id = 1265562)

table 2 : explain SELECT c FROM sbtest2 WHERE id=3605372
	Index Scan using sbtest2_pkey on sbtest2  (cost=0.43..8.45 rows=1 width=121)
	  Index Cond: (id = 3605372)

table 3 : explain SELECT c FROM sbtest3 WHERE id=270467
	Index Scan using sbtest3_pkey on sbtest3  (cost=0.43..8.45 rows=1 width=121)
	  Index Cond: (id = 270467)

table 4 : explain SELECT c FROM sbtest4 WHERE id=766736
	Index Scan using sbtest4_pkey on sbtest4  (cost=0.43..8.45 rows=1 width=121)
	  Index Cond: (id = 766736)

table 5 : explain SELECT c FROM sbtest5 WHERE id=4759345
	Index Scan using sbtest5_pkey on sbtest5  (cost=0.43..8.45 rows=1 width=121)
	  Index Cond: (id = 4759345)

table 6 : explain SELECT c FROM sbtest6 WHERE id=3604885
	Index Scan using sbtest6_pkey on sbtest6  (cost=0.43..8.45 rows=1 width=121)
	  Index Cond: (id = 3604885)

table 7 : explain SELECT c FROM sbtest7 WHERE id=3243767
	Index Scan using sbtest7_pkey on sbtest7  (cost=0.43..8.45 rows=1 width=121)
	  Index Cond: (id = 3243767)

table 8 : explain SELECT c FROM sbtest8 WHERE id=5853852
	Index Scan using sbtest8_pkey on sbtest8  (cost=0.43..8.45 rows=1 width=121)
	  Index Cond: (id = 5853852)

for point_selects
table 1 : explain SELECT c FROM sbtest1 WHERE id=5882845
	Index Scan using sbtest1_pkey on sbtest1  (cost=0.43..8.45 rows=1 width=121)
	  Index Cond: (id = 5882845)

table 2 : explain SELECT c FROM sbtest2 WHERE id=3970741
	Index Scan using sbtest2_pkey on sbtest2  (cost=0.43..8.45 rows=1 width=121)
	  Index Cond: (id = 3970741)

table 3 : explain SELECT c FROM sbtest3 WHERE id=3982019
	Index Scan using sbtest3_pkey on sbtest3  (cost=0.43..8.45 rows=1 width=121)
	  Index Cond: (id = 3982019)

table 4 : explain SELECT c FROM sbtest4 WHERE id=844824
	Index Scan using sbtest4_pkey on sbtest4  (cost=0.43..8.45 rows=1 width=121)
	  Index Cond: (id = 844824)

table 5 : explain SELECT c FROM sbtest5 WHERE id=248926
	Index Scan using sbtest5_pkey on sbtest5  (cost=0.43..8.45 rows=1 width=121)
	  Index Cond: (id = 248926)

table 6 : explain SELECT c FROM sbtest6 WHERE id=4991407
	Index Scan using sbtest6_pkey on sbtest6  (cost=0.43..8.45 rows=1 width=121)
	  Index Cond: (id = 4991407)

table 7 : explain SELECT c FROM sbtest7 WHERE id=5512252
	Index Scan using sbtest7_pkey on sbtest7  (cost=0.43..8.45 rows=1 width=121)
	  Index Cond: (id = 5512252)

table 8 : explain SELECT c FROM sbtest8 WHERE id=2025885
	Index Scan using sbtest8_pkey on sbtest8  (cost=0.43..8.45 rows=1 width=121)
	  Index Cond: (id = 2025885)

for: distinct_ranges
table 1 : explain SELECT DISTINCT c FROM sbtest1 WHERE id BETWEEN 8006313 AND 8007312 ORDER BY c
	Unique  (cost=3407.86..3412.20 rows=869 width=121)
	  ->  Sort  (cost=3407.86..3410.03 rows=869 width=121)
	        Sort Key: c
	        ->  Bitmap Heap Scan on sbtest1  (cost=21.34..3365.44 rows=869 width=121)
	              Recheck Cond: ((id >= 8006313) AND (id <= 8007312))
	              ->  Bitmap Index Scan on sbtest1_pkey  (cost=0.00..21.12 rows=869 width=0)
	                    Index Cond: ((id >= 8006313) AND (id <= 8007312))

table 2 : explain SELECT DISTINCT c FROM sbtest2 WHERE id BETWEEN 7664637 AND 7665636 ORDER BY c
	Unique  (cost=3822.73..3827.61 rows=977 width=121)
	  ->  Sort  (cost=3822.73..3825.17 rows=977 width=121)
	        Sort Key: c
	        ->  Bitmap Heap Scan on sbtest2  (cost=22.45..3774.21 rows=977 width=121)
	              Recheck Cond: ((id >= 7664637) AND (id <= 7665636))
	              ->  Bitmap Index Scan on sbtest2_pkey  (cost=0.00..22.20 rows=977 width=0)
	                    Index Cond: ((id >= 7664637) AND (id <= 7665636))

table 3 : explain SELECT DISTINCT c FROM sbtest3 WHERE id BETWEEN 3776760 AND 3777759 ORDER BY c
	Unique  (cost=3853.40..3858.32 rows=985 width=121)
	  ->  Sort  (cost=3853.40..3855.86 rows=985 width=121)
	        Sort Key: c
	        ->  Bitmap Heap Scan on sbtest3  (cost=22.53..3804.42 rows=985 width=121)
	              Recheck Cond: ((id >= 3776760) AND (id <= 3777759))
	              ->  Bitmap Index Scan on sbtest3_pkey  (cost=0.00..22.29 rows=985 width=0)
	                    Index Cond: ((id >= 3776760) AND (id <= 3777759))

table 4 : explain SELECT DISTINCT c FROM sbtest4 WHERE id BETWEEN 7658604 AND 7659603 ORDER BY c
	Unique  (cost=4118.24..4123.51 rows=1054 width=121)
	  ->  Sort  (cost=4118.24..4120.87 rows=1054 width=121)
	        Sort Key: c
	        ->  Bitmap Heap Scan on sbtest4  (cost=23.24..4065.32 rows=1054 width=121)
	              Recheck Cond: ((id >= 7658604) AND (id <= 7659603))
	              ->  Bitmap Index Scan on sbtest4_pkey  (cost=0.00..22.97 rows=1054 width=0)
	                    Index Cond: ((id >= 7658604) AND (id <= 7659603))

table 5 : explain SELECT DISTINCT c FROM sbtest5 WHERE id BETWEEN 5349396 AND 5350395 ORDER BY c
	Unique  (cost=3586.37..3590.95 rows=915 width=121)
	  ->  Sort  (cost=3586.37..3588.66 rows=915 width=121)
	        Sort Key: c
	        ->  Bitmap Heap Scan on sbtest5  (cost=21.81..3541.36 rows=915 width=121)
	              Recheck Cond: ((id >= 5349396) AND (id <= 5350395))
	              ->  Bitmap Index Scan on sbtest5_pkey  (cost=0.00..21.58 rows=915 width=0)
	                    Index Cond: ((id >= 5349396) AND (id <= 5350395))

table 6 : explain SELECT DISTINCT c FROM sbtest6 WHERE id BETWEEN 4053993 AND 4054992 ORDER BY c
	Unique  (cost=3743.57..3748.35 rows=956 width=121)
	  ->  Sort  (cost=3743.57..3745.96 rows=956 width=121)
	        Sort Key: c
	        ->  Bitmap Heap Scan on sbtest6  (cost=22.23..3696.25 rows=956 width=121)
	              Recheck Cond: ((id >= 4053993) AND (id <= 4054992))
	              ->  Bitmap Index Scan on sbtest6_pkey  (cost=0.00..22.00 rows=956 width=0)
	                    Index Cond: ((id >= 4053993) AND (id <= 4054992))

table 7 : explain SELECT DISTINCT c FROM sbtest7 WHERE id BETWEEN 7108866 AND 7109865 ORDER BY c
	Unique  (cost=3736.85..3741.62 rows=954 width=121)
	  ->  Sort  (cost=3736.85..3739.24 rows=954 width=121)
	        Sort Key: c
	        ->  Bitmap Heap Scan on sbtest7  (cost=22.21..3689.64 rows=954 width=121)
	              Recheck Cond: ((id >= 7108866) AND (id <= 7109865))
	              ->  Bitmap Index Scan on sbtest7_pkey  (cost=0.00..21.97 rows=954 width=0)
	                    Index Cond: ((id >= 7108866) AND (id <= 7109865))

table 8 : explain SELECT DISTINCT c FROM sbtest8 WHERE id BETWEEN 5647258 AND 5648257 ORDER BY c
	Unique  (cost=3637.15..3641.79 rows=928 width=121)
	  ->  Sort  (cost=3637.15..3639.47 rows=928 width=121)
	        Sort Key: c
	        ->  Bitmap Heap Scan on sbtest8  (cost=21.95..3591.41 rows=928 width=121)
	              Recheck Cond: ((id >= 5647258) AND (id <= 5648257))
	              ->  Bitmap Index Scan on sbtest8_pkey  (cost=0.00..21.71 rows=928 width=0)
	                    Index Cond: ((id >= 5647258) AND (id <= 5648257))

for: sum_ranges
table 1 : explain SELECT SUM(k) FROM sbtest1 WHERE id BETWEEN 5005061 AND 5006060
	Aggregate  (cost=3360.04..3360.05 rows=1 width=8)
	  ->  Bitmap Heap Scan on sbtest1  (cost=21.32..3357.87 rows=867 width=4)
	        Recheck Cond: ((id >= 5005061) AND (id <= 5006060))
	        ->  Bitmap Index Scan on sbtest1_pkey  (cost=0.00..21.11 rows=867 width=0)
	              Index Cond: ((id >= 5005061) AND (id <= 5006060))

table 2 : explain SELECT SUM(k) FROM sbtest2 WHERE id BETWEEN 5749047 AND 5750046
	Aggregate  (cost=3674.78..3674.79 rows=1 width=8)
	  ->  Bitmap Heap Scan on sbtest2  (cost=22.17..3672.40 rows=950 width=4)
	        Recheck Cond: ((id >= 5749047) AND (id <= 5750046))
	        ->  Bitmap Index Scan on sbtest2_pkey  (cost=0.00..21.93 rows=950 width=0)
	              Index Cond: ((id >= 5749047) AND (id <= 5750046))

table 3 : explain SELECT SUM(k) FROM sbtest3 WHERE id BETWEEN 5260491 AND 5261490
	Aggregate  (cost=4119.38..4119.39 rows=1 width=8)
	  ->  Bitmap Heap Scan on sbtest3  (cost=23.38..4116.71 rows=1068 width=4)
	        Recheck Cond: ((id >= 5260491) AND (id <= 5261490))
	        ->  Bitmap Index Scan on sbtest3_pkey  (cost=0.00..23.11 rows=1068 width=0)
	              Index Cond: ((id >= 5260491) AND (id <= 5261490))

table 4 : explain SELECT SUM(k) FROM sbtest4 WHERE id BETWEEN 1267632 AND 1268631
	Aggregate  (cost=3853.25..3853.26 rows=1 width=8)
	  ->  Bitmap Heap Scan on sbtest4  (cost=22.65..3850.75 rows=997 width=4)
	        Recheck Cond: ((id >= 1267632) AND (id <= 1268631))
	        ->  Bitmap Index Scan on sbtest4_pkey  (cost=0.00..22.40 rows=997 width=0)
	              Index Cond: ((id >= 1267632) AND (id <= 1268631))

table 5 : explain SELECT SUM(k) FROM sbtest5 WHERE id BETWEEN 5350148 AND 5351147
	Aggregate  (cost=3543.65..3543.66 rows=1 width=8)
	  ->  Bitmap Heap Scan on sbtest5  (cost=21.81..3541.36 rows=915 width=4)
	        Recheck Cond: ((id >= 5350148) AND (id <= 5351147))
	        ->  Bitmap Index Scan on sbtest5_pkey  (cost=0.00..21.58 rows=915 width=0)
	              Index Cond: ((id >= 5350148) AND (id <= 5351147))

table 6 : explain SELECT SUM(k) FROM sbtest6 WHERE id BETWEEN 3801306 AND 3802305
	Aggregate  (cost=3898.58..3898.59 rows=1 width=8)
	  ->  Bitmap Heap Scan on sbtest6  (cost=22.78..3896.06 rows=1009 width=4)
	        Recheck Cond: ((id >= 3801306) AND (id <= 3802305))
	        ->  Bitmap Index Scan on sbtest6_pkey  (cost=0.00..22.52 rows=1009 width=0)
	              Index Cond: ((id >= 3801306) AND (id <= 3802305))

table 7 : explain SELECT SUM(k) FROM sbtest7 WHERE id BETWEEN 1739863 AND 1740862
	Aggregate  (cost=3703.36..3703.37 rows=1 width=8)
	  ->  Bitmap Heap Scan on sbtest7  (cost=22.24..3700.97 rows=957 width=4)
	        Recheck Cond: ((id >= 1739863) AND (id <= 1740862))
	        ->  Bitmap Index Scan on sbtest7_pkey  (cost=0.00..22.00 rows=957 width=0)
	              Index Cond: ((id >= 1739863) AND (id <= 1740862))

table 8 : explain SELECT SUM(k) FROM sbtest8 WHERE id BETWEEN 1999036 AND 2000035
	Aggregate  (cost=4358.91..4358.92 rows=1 width=8)
	  ->  Bitmap Heap Scan on sbtest8  (cost=28.03..4356.08 rows=1131 width=4)
	        Recheck Cond: ((id >= 1999036) AND (id <= 2000035))
	        ->  Bitmap Index Scan on sbtest8_pkey  (cost=0.00..27.75 rows=1131 width=0)
	              Index Cond: ((id >= 1999036) AND (id <= 2000035))

for point_selects
table 1 : explain SELECT c FROM sbtest1 WHERE id=1223291
	Index Scan using sbtest1_pkey on sbtest1  (cost=0.43..8.45 rows=1 width=121)
	  Index Cond: (id = 1223291)

table 2 : explain SELECT c FROM sbtest2 WHERE id=3046798
	Index Scan using sbtest2_pkey on sbtest2  (cost=0.43..8.45 rows=1 width=121)
	  Index Cond: (id = 3046798)

table 3 : explain SELECT c FROM sbtest3 WHERE id=1648568
	Index Scan using sbtest3_pkey on sbtest3  (cost=0.43..8.45 rows=1 width=121)
	  Index Cond: (id = 1648568)

table 4 : explain SELECT c FROM sbtest4 WHERE id=1348378
	Index Scan using sbtest4_pkey on sbtest4  (cost=0.43..8.45 rows=1 width=121)
	  Index Cond: (id = 1348378)

table 5 : explain SELECT c FROM sbtest5 WHERE id=4821750
	Index Scan using sbtest5_pkey on sbtest5  (cost=0.43..8.45 rows=1 width=121)
	  Index Cond: (id = 4821750)

table 6 : explain SELECT c FROM sbtest6 WHERE id=9447281
	Index Scan using sbtest6_pkey on sbtest6  (cost=0.43..8.45 rows=1 width=121)
	  Index Cond: (id = 9447281)

table 7 : explain SELECT c FROM sbtest7 WHERE id=5649661
	Index Scan using sbtest7_pkey on sbtest7  (cost=0.43..8.45 rows=1 width=121)
	  Index Cond: (id = 5649661)

table 8 : explain SELECT c FROM sbtest8 WHERE id=8731575
	Index Scan using sbtest8_pkey on sbtest8  (cost=0.43..8.45 rows=1 width=121)
	  Index Cond: (id = 8731575)

for: simple_ranges
table 1 : explain SELECT c FROM sbtest1 WHERE id BETWEEN 1696332 AND 1697331
	Bitmap Heap Scan on sbtest1  (cost=21.83..3546.80 rows=917 width=121)
	  Recheck Cond: ((id >= 1696332) AND (id <= 1697331))
	  ->  Bitmap Index Scan on sbtest1_pkey  (cost=0.00..21.61 rows=917 width=0)
	        Index Cond: ((id >= 1696332) AND (id <= 1697331))

table 2 : explain SELECT c FROM sbtest2 WHERE id BETWEEN 4744339 AND 4745338
	Bitmap Heap Scan on sbtest2  (cost=23.41..4127.90 rows=1071 width=121)
	  Recheck Cond: ((id >= 4744339) AND (id <= 4745338))
	  ->  Bitmap Index Scan on sbtest2_pkey  (cost=0.00..23.14 rows=1071 width=0)
	        Index Cond: ((id >= 4744339) AND (id <= 4745338))

table 3 : explain SELECT c FROM sbtest3 WHERE id BETWEEN 5584465 AND 5585464
	Bitmap Heap Scan on sbtest3  (cost=21.83..3547.91 rows=917 width=121)
	  Recheck Cond: ((id >= 5584465) AND (id <= 5585464))
	  ->  Bitmap Index Scan on sbtest3_pkey  (cost=0.00..21.61 rows=917 width=0)
	        Index Cond: ((id >= 5584465) AND (id <= 5585464))

table 4 : explain SELECT c FROM sbtest4 WHERE id BETWEEN 283261 AND 284260
	Bitmap Heap Scan on sbtest4  (cost=22.98..3971.26 rows=1029 width=121)
	  Recheck Cond: ((id >= 283261) AND (id <= 284260))
	  ->  Bitmap Index Scan on sbtest4_pkey  (cost=0.00..22.72 rows=1029 width=0)
	        Index Cond: ((id >= 283261) AND (id <= 284260))

table 5 : explain SELECT c FROM sbtest5 WHERE id BETWEEN 9079552 AND 9080551
	Bitmap Heap Scan on sbtest5  (cost=22.39..3752.77 rows=971 width=121)
	  Recheck Cond: ((id >= 9079552) AND (id <= 9080551))
	  ->  Bitmap Index Scan on sbtest5_pkey  (cost=0.00..22.14 rows=971 width=0)
	        Index Cond: ((id >= 9079552) AND (id <= 9080551))

table 6 : explain SELECT c FROM sbtest6 WHERE id BETWEEN 5801811 AND 5802810
	Bitmap Heap Scan on sbtest6  (cost=22.15..3666.06 rows=948 width=121)
	  Recheck Cond: ((id >= 5801811) AND (id <= 5802810))
	  ->  Bitmap Index Scan on sbtest6_pkey  (cost=0.00..21.91 rows=948 width=0)
	        Index Cond: ((id >= 5801811) AND (id <= 5802810))

table 7 : explain SELECT c FROM sbtest7 WHERE id BETWEEN 3083680 AND 3084679
	Bitmap Heap Scan on sbtest7  (cost=22.41..3761.35 rows=973 width=121)
	  Recheck Cond: ((id >= 3083680) AND (id <= 3084679))
	  ->  Bitmap Index Scan on sbtest7_pkey  (cost=0.00..22.16 rows=973 width=0)
	        Index Cond: ((id >= 3083680) AND (id <= 3084679))

table 8 : explain SELECT c FROM sbtest8 WHERE id BETWEEN 492685 AND 493684
	Bitmap Heap Scan on sbtest8  (cost=27.30..4093.05 rows=1060 width=121)
	  Recheck Cond: ((id >= 492685) AND (id <= 493684))
	  ->  Bitmap Index Scan on sbtest8_pkey  (cost=0.00..27.04 rows=1060 width=0)
	        Index Cond: ((id >= 492685) AND (id <= 493684))

for: distinct_ranges
table 1 : explain SELECT DISTINCT c FROM sbtest1 WHERE id BETWEEN 4594531 AND 4595530 ORDER BY c
	Unique  (cost=4295.07..4300.57 rows=1101 width=121)
	  ->  Sort  (cost=4295.07..4297.82 rows=1101 width=121)
	        Sort Key: c
	        ->  Bitmap Heap Scan on sbtest1  (cost=27.72..4239.44 rows=1101 width=121)
	              Recheck Cond: ((id >= 4594531) AND (id <= 4595530))
	              ->  Bitmap Index Scan on sbtest1_pkey  (cost=0.00..27.44 rows=1101 width=0)
	                    Index Cond: ((id >= 4594531) AND (id <= 4595530))

table 2 : explain SELECT DISTINCT c FROM sbtest2 WHERE id BETWEEN 1737675 AND 1738674 ORDER BY c
	Unique  (cost=3975.65..3980.74 rows=1017 width=121)
	  ->  Sort  (cost=3975.65..3978.20 rows=1017 width=121)
	        Sort Key: c
	        ->  Bitmap Heap Scan on sbtest2  (cost=22.86..3924.85 rows=1017 width=121)
	              Recheck Cond: ((id >= 1737675) AND (id <= 1738674))
	              ->  Bitmap Index Scan on sbtest2_pkey  (cost=0.00..22.61 rows=1017 width=0)
	                    Index Cond: ((id >= 1737675) AND (id <= 1738674))

table 3 : explain SELECT DISTINCT c FROM sbtest3 WHERE id BETWEEN 5239602 AND 5240601 ORDER BY c
	Unique  (cost=4170.43..4175.77 rows=1068 width=121)
	  ->  Sort  (cost=4170.43..4173.10 rows=1068 width=121)
	        Sort Key: c
	        ->  Bitmap Heap Scan on sbtest3  (cost=23.38..4116.71 rows=1068 width=121)
	              Recheck Cond: ((id >= 5239602) AND (id <= 5240601))
	              ->  Bitmap Index Scan on sbtest3_pkey  (cost=0.00..23.11 rows=1068 width=0)
	                    Index Cond: ((id >= 5239602) AND (id <= 5240601))

table 4 : explain SELECT DISTINCT c FROM sbtest4 WHERE id BETWEEN 3478409 AND 3479408 ORDER BY c
	Unique  (cost=4034.21..4039.37 rows=1032 width=121)
	  ->  Sort  (cost=4034.21..4036.79 rows=1032 width=121)
	        Sort Key: c
	        ->  Bitmap Heap Scan on sbtest4  (cost=23.01..3982.55 rows=1032 width=121)
	              Recheck Cond: ((id >= 3478409) AND (id <= 3479408))
	              ->  Bitmap Index Scan on sbtest4_pkey  (cost=0.00..22.75 rows=1032 width=0)
	                    Index Cond: ((id >= 3478409) AND (id <= 3479408))

table 5 : explain SELECT DISTINCT c FROM sbtest5 WHERE id BETWEEN 8880355 AND 8881354 ORDER BY c
	Unique  (cost=3762.66..3767.46 rows=961 width=121)
	  ->  Sort  (cost=3762.66..3765.06 rows=961 width=121)
	        Sort Key: c
	        ->  Bitmap Heap Scan on sbtest5  (cost=22.29..3715.05 rows=961 width=121)
	              Recheck Cond: ((id >= 8880355) AND (id <= 8881354))
	              ->  Bitmap Index Scan on sbtest5_pkey  (cost=0.00..22.04 rows=961 width=0)
	                    Index Cond: ((id >= 8880355) AND (id <= 8881354))

table 6 : explain SELECT DISTINCT c FROM sbtest6 WHERE id BETWEEN 30190 AND 31189 ORDER BY c
	Unique  (cost=3931.10..3936.13 rows=1005 width=121)
	  ->  Sort  (cost=3931.10..3933.62 rows=1005 width=121)
	        Sort Key: c
	        ->  Bitmap Heap Scan on sbtest6  (cost=22.74..3880.99 rows=1005 width=121)
	              Recheck Cond: ((id >= 30190) AND (id <= 31189))
	              ->  Bitmap Index Scan on sbtest6_pkey  (cost=0.00..22.48 rows=1005 width=0)
	                    Index Cond: ((id >= 30190) AND (id <= 31189))

table 7 : explain SELECT DISTINCT c FROM sbtest7 WHERE id BETWEEN 4840033 AND 4841032 ORDER BY c
	Unique  (cost=3779.00..3783.82 rows=965 width=121)
	  ->  Sort  (cost=3779.00..3781.41 rows=965 width=121)
	        Sort Key: c
	        ->  Bitmap Heap Scan on sbtest7  (cost=22.33..3731.16 rows=965 width=121)
	              Recheck Cond: ((id >= 4840033) AND (id <= 4841032))
	              ->  Bitmap Index Scan on sbtest7_pkey  (cost=0.00..22.08 rows=965 width=0)
	                    Index Cond: ((id >= 4840033) AND (id <= 4841032))

table 8 : explain SELECT DISTINCT c FROM sbtest8 WHERE id BETWEEN 8327866 AND 8328865 ORDER BY c
	Unique  (cost=3683.16..3687.86 rows=940 width=121)
	  ->  Sort  (cost=3683.16..3685.51 rows=940 width=121)
	        Sort Key: c
	        ->  Bitmap Heap Scan on sbtest8  (cost=22.07..3636.74 rows=940 width=121)
	              Recheck Cond: ((id >= 8327866) AND (id <= 8328865))
	              ->  Bitmap Index Scan on sbtest8_pkey  (cost=0.00..21.83 rows=940 width=0)
	                    Index Cond: ((id >= 8327866) AND (id <= 8328865))

for: simple_ranges
table 1 : explain SELECT c FROM sbtest1 WHERE id BETWEEN 8517366 AND 8518365
	Bitmap Heap Scan on sbtest1  (cost=23.60..4194.15 rows=1089 width=121)
	  Recheck Cond: ((id >= 8517366) AND (id <= 8518365))
	  ->  Bitmap Index Scan on sbtest1_pkey  (cost=0.00..23.32 rows=1089 width=0)
	        Index Cond: ((id >= 8517366) AND (id <= 8518365))

table 2 : explain SELECT c FROM sbtest2 WHERE id BETWEEN 9509009 AND 9510008
	Bitmap Heap Scan on sbtest2  (cost=21.90..3570.50 rows=923 width=121)
	  Recheck Cond: ((id >= 9509009) AND (id <= 9510008))
	  ->  Bitmap Index Scan on sbtest2_pkey  (cost=0.00..21.66 rows=923 width=0)
	        Index Cond: ((id >= 9509009) AND (id <= 9510008))

table 3 : explain SELECT c FROM sbtest3 WHERE id BETWEEN 5995474 AND 5996473
	Bitmap Heap Scan on sbtest3  (cost=22.85..3921.16 rows=1016 width=121)
	  Recheck Cond: ((id >= 5995474) AND (id <= 5996473))
	  ->  Bitmap Index Scan on sbtest3_pkey  (cost=0.00..22.59 rows=1016 width=0)
	        Index Cond: ((id >= 5995474) AND (id <= 5996473))

table 4 : explain SELECT c FROM sbtest4 WHERE id BETWEEN 2074807 AND 2075806
	Bitmap Heap Scan on sbtest4  (cost=23.00..3978.79 rows=1031 width=121)
	  Recheck Cond: ((id >= 2074807) AND (id <= 2075806))
	  ->  Bitmap Index Scan on sbtest4_pkey  (cost=0.00..22.75 rows=1031 width=0)
	        Index Cond: ((id >= 2074807) AND (id <= 2075806))

table 5 : explain SELECT c FROM sbtest5 WHERE id BETWEEN 3884001 AND 3885000
	Bitmap Heap Scan on sbtest5  (cost=23.32..4095.43 rows=1062 width=121)
	  Recheck Cond: ((id >= 3884001) AND (id <= 3885000))
	  ->  Bitmap Index Scan on sbtest5_pkey  (cost=0.00..23.05 rows=1062 width=0)
	        Index Cond: ((id >= 3884001) AND (id <= 3885000))

table 6 : explain SELECT c FROM sbtest6 WHERE id BETWEEN 1192715 AND 1193714
	Bitmap Heap Scan on sbtest6  (cost=22.44..3771.69 rows=976 width=121)
	  Recheck Cond: ((id >= 1192715) AND (id <= 1193714))
	  ->  Bitmap Index Scan on sbtest6_pkey  (cost=0.00..22.19 rows=976 width=0)
	        Index Cond: ((id >= 1192715) AND (id <= 1193714))

table 7 : explain SELECT c FROM sbtest7 WHERE id BETWEEN 8855337 AND 8856336
	Bitmap Heap Scan on sbtest7  (cost=22.71..3870.70 rows=1002 width=121)
	  Recheck Cond: ((id >= 8855337) AND (id <= 8856336))
	  ->  Bitmap Index Scan on sbtest7_pkey  (cost=0.00..22.45 rows=1002 width=0)
	        Index Cond: ((id >= 8855337) AND (id <= 8856336))

table 8 : explain SELECT c FROM sbtest8 WHERE id BETWEEN 1694446 AND 1695445
	Bitmap Heap Scan on sbtest8  (cost=22.72..3874.43 rows=1003 width=121)
	  Recheck Cond: ((id >= 1694446) AND (id <= 1695445))
	  ->  Bitmap Index Scan on sbtest8_pkey  (cost=0.00..22.46 rows=1003 width=0)
	        Index Cond: ((id >= 1694446) AND (id <= 1695445))

for point_selects
table 1 : explain SELECT c FROM sbtest1 WHERE id=6019623
	Index Scan using sbtest1_pkey on sbtest1  (cost=0.43..8.45 rows=1 width=121)
	  Index Cond: (id = 6019623)

table 2 : explain SELECT c FROM sbtest2 WHERE id=2270504
	Index Scan using sbtest2_pkey on sbtest2  (cost=0.43..8.45 rows=1 width=121)
	  Index Cond: (id = 2270504)

table 3 : explain SELECT c FROM sbtest3 WHERE id=5563220
	Index Scan using sbtest3_pkey on sbtest3  (cost=0.43..8.45 rows=1 width=121)
	  Index Cond: (id = 5563220)

table 4 : explain SELECT c FROM sbtest4 WHERE id=483860
	Index Scan using sbtest4_pkey on sbtest4  (cost=0.43..8.45 rows=1 width=121)
	  Index Cond: (id = 483860)

table 5 : explain SELECT c FROM sbtest5 WHERE id=1188845
	Index Scan using sbtest5_pkey on sbtest5  (cost=0.43..8.45 rows=1 width=121)
	  Index Cond: (id = 1188845)

table 6 : explain SELECT c FROM sbtest6 WHERE id=3373162
	Index Scan using sbtest6_pkey on sbtest6  (cost=0.43..8.45 rows=1 width=121)
	  Index Cond: (id = 3373162)

table 7 : explain SELECT c FROM sbtest7 WHERE id=5002779
	Index Scan using sbtest7_pkey on sbtest7  (cost=0.43..8.45 rows=1 width=121)
	  Index Cond: (id = 5002779)

table 8 : explain SELECT c FROM sbtest8 WHERE id=468569
	Index Scan using sbtest8_pkey on sbtest8  (cost=0.43..8.45 rows=1 width=121)
	  Index Cond: (id = 468569)

for: simple_ranges
table 1 : explain SELECT c FROM sbtest1 WHERE id BETWEEN 1833972 AND 1834971
	Bitmap Heap Scan on sbtest1  (cost=27.67..4220.68 rows=1096 width=121)
	  Recheck Cond: ((id >= 1833972) AND (id <= 1834971))
	  ->  Bitmap Index Scan on sbtest1_pkey  (cost=0.00..27.39 rows=1096 width=0)
	        Index Cond: ((id >= 1833972) AND (id <= 1834971))

table 2 : explain SELECT c FROM sbtest2 WHERE id BETWEEN 1261985 AND 1262984
	Bitmap Heap Scan on sbtest2  (cost=22.39..3751.59 rows=971 width=121)
	  Recheck Cond: ((id >= 1261985) AND (id <= 1262984))
	  ->  Bitmap Index Scan on sbtest2_pkey  (cost=0.00..22.14 rows=971 width=0)
	        Index Cond: ((id >= 1261985) AND (id <= 1262984))

table 3 : explain SELECT c FROM sbtest3 WHERE id BETWEEN 9465175 AND 9466174
	Bitmap Heap Scan on sbtest3  (cost=22.35..3736.58 rows=967 width=121)
	  Recheck Cond: ((id >= 9465175) AND (id <= 9466174))
	  ->  Bitmap Index Scan on sbtest3_pkey  (cost=0.00..22.11 rows=967 width=0)
	        Index Cond: ((id >= 9465175) AND (id <= 9466174))

table 4 : explain SELECT c FROM sbtest4 WHERE id BETWEEN 5092770 AND 5093769
	Bitmap Heap Scan on sbtest4  (cost=22.33..3730.11 rows=965 width=121)
	  Recheck Cond: ((id >= 5092770) AND (id <= 5093769))
	  ->  Bitmap Index Scan on sbtest4_pkey  (cost=0.00..22.08 rows=965 width=0)
	        Index Cond: ((id >= 5092770) AND (id <= 5093769))

table 5 : explain SELECT c FROM sbtest5 WHERE id BETWEEN 3175704 AND 3176703
	Bitmap Heap Scan on sbtest5  (cost=27.72..4245.96 rows=1101 width=121)
	  Recheck Cond: ((id >= 3175704) AND (id <= 3176703))
	  ->  Bitmap Index Scan on sbtest5_pkey  (cost=0.00..27.44 rows=1101 width=0)
	        Index Cond: ((id >= 3175704) AND (id <= 3176703))

table 6 : explain SELECT c FROM sbtest6 WHERE id BETWEEN 6271569 AND 6272568
	Bitmap Heap Scan on sbtest6  (cost=22.10..3647.18 rows=943 width=121)
	  Recheck Cond: ((id >= 6271569) AND (id <= 6272568))
	  ->  Bitmap Index Scan on sbtest6_pkey  (cost=0.00..21.86 rows=943 width=0)
	        Index Cond: ((id >= 6271569) AND (id <= 6272568))

table 7 : explain SELECT c FROM sbtest7 WHERE id BETWEEN 6060503 AND 6061502
	Bitmap Heap Scan on sbtest7  (cost=22.59..3829.23 rows=991 width=121)
	  Recheck Cond: ((id >= 6060503) AND (id <= 6061502))
	  ->  Bitmap Index Scan on sbtest7_pkey  (cost=0.00..22.34 rows=991 width=0)
	        Index Cond: ((id >= 6060503) AND (id <= 6061502))

table 8 : explain SELECT c FROM sbtest8 WHERE id BETWEEN 8053151 AND 8054150
	Bitmap Heap Scan on sbtest8  (cost=27.19..4051.66 rows=1049 width=121)
	  Recheck Cond: ((id >= 8053151) AND (id <= 8054150))
	  ->  Bitmap Index Scan on sbtest8_pkey  (cost=0.00..26.93 rows=1049 width=0)
	        Index Cond: ((id >= 8053151) AND (id <= 8054150))

for: sum_ranges
table 1 : explain SELECT SUM(k) FROM sbtest1 WHERE id BETWEEN 9368116 AND 9369115
	Aggregate  (cost=4121.74..4121.75 rows=1 width=8)
	  ->  Bitmap Heap Scan on sbtest1  (cost=23.39..4119.07 rows=1069 width=4)
	        Recheck Cond: ((id >= 9368116) AND (id <= 9369115))
	        ->  Bitmap Index Scan on sbtest1_pkey  (cost=0.00..23.12 rows=1069 width=0)
	              Index Cond: ((id >= 9368116) AND (id <= 9369115))

table 2 : explain SELECT SUM(k) FROM sbtest2 WHERE id BETWEEN 637553 AND 638552
	Aggregate  (cost=3934.93..3934.94 rows=1 width=8)
	  ->  Bitmap Heap Scan on sbtest2  (cost=22.88..3932.38 rows=1019 width=4)
	        Recheck Cond: ((id >= 637553) AND (id <= 638552))
	        ->  Bitmap Index Scan on sbtest2_pkey  (cost=0.00..22.62 rows=1019 width=0)
	              Index Cond: ((id >= 637553) AND (id <= 638552))

table 3 : explain SELECT SUM(k) FROM sbtest3 WHERE id BETWEEN 4336615 AND 4337614
	Aggregate  (cost=4138.17..4138.18 rows=1 width=8)
	  ->  Bitmap Heap Scan on sbtest3  (cost=23.43..4135.49 rows=1073 width=4)
	        Recheck Cond: ((id >= 4336615) AND (id <= 4337614))
	        ->  Bitmap Index Scan on sbtest3_pkey  (cost=0.00..23.16 rows=1073 width=0)
	              Index Cond: ((id >= 4336615) AND (id <= 4337614))

table 4 : explain SELECT SUM(k) FROM sbtest4 WHERE id BETWEEN 4452745 AND 4453744
	Aggregate  (cost=3596.55..3596.56 rows=1 width=8)
	  ->  Bitmap Heap Scan on sbtest4  (cost=21.96..3594.23 rows=929 width=4)
	        Recheck Cond: ((id >= 4452745) AND (id <= 4453744))
	        ->  Bitmap Index Scan on sbtest4_pkey  (cost=0.00..21.72 rows=929 width=0)
	              Index Cond: ((id >= 4452745) AND (id <= 4453744))

table 5 : explain SELECT SUM(k) FROM sbtest5 WHERE id BETWEEN 3671471 AND 3672470
	Aggregate  (cost=3532.31..3532.32 rows=1 width=8)
	  ->  Bitmap Heap Scan on sbtest5  (cost=21.78..3530.03 rows=912 width=4)
	        Recheck Cond: ((id >= 3671471) AND (id <= 3672470))
	        ->  Bitmap Index Scan on sbtest5_pkey  (cost=0.00..21.55 rows=912 width=0)
	              Index Cond: ((id >= 3671471) AND (id <= 3672470))

table 6 : explain SELECT SUM(k) FROM sbtest6 WHERE id BETWEEN 62518 AND 63517
	Aggregate  (cost=3883.50..3883.51 rows=1 width=8)
	  ->  Bitmap Heap Scan on sbtest6  (cost=22.74..3880.99 rows=1005 width=4)
	        Recheck Cond: ((id >= 62518) AND (id <= 63517))
	        ->  Bitmap Index Scan on sbtest6_pkey  (cost=0.00..22.48 rows=1005 width=0)
	              Index Cond: ((id >= 62518) AND (id <= 63517))

table 7 : explain SELECT SUM(k) FROM sbtest7 WHERE id BETWEEN 5830007 AND 5831006
	Aggregate  (cost=4005.13..4005.14 rows=1 width=8)
	  ->  Bitmap Heap Scan on sbtest7  (cost=23.06..4002.53 rows=1037 width=4)
	        Recheck Cond: ((id >= 5830007) AND (id <= 5831006))
	        ->  Bitmap Index Scan on sbtest7_pkey  (cost=0.00..22.80 rows=1037 width=0)
	              Index Cond: ((id >= 5830007) AND (id <= 5831006))

table 8 : explain SELECT SUM(k) FROM sbtest8 WHERE id BETWEEN 7702789 AND 7703788
	Aggregate  (cost=3559.69..3559.70 rows=1 width=8)
	  ->  Bitmap Heap Scan on sbtest8  (cost=21.85..3557.40 rows=919 width=4)
	        Recheck Cond: ((id >= 7702789) AND (id <= 7703788))
	        ->  Bitmap Index Scan on sbtest8_pkey  (cost=0.00..21.62 rows=919 width=0)
	              Index Cond: ((id >= 7702789) AND (id <= 7703788))

for: sum_ranges
table 1 : explain SELECT SUM(k) FROM sbtest1 WHERE id BETWEEN 8081608 AND 8082607
	Aggregate  (cost=4193.11..4193.12 rows=1 width=8)
	  ->  Bitmap Heap Scan on sbtest1  (cost=23.59..4190.39 rows=1088 width=4)
	        Recheck Cond: ((id >= 8081608) AND (id <= 8082607))
	        ->  Bitmap Index Scan on sbtest1_pkey  (cost=0.00..23.32 rows=1088 width=0)
	              Index Cond: ((id >= 8081608) AND (id <= 8082607))

table 2 : explain SELECT SUM(k) FROM sbtest2 WHERE id BETWEEN 1704755 AND 1705754
	Aggregate  (cost=3927.40..3927.41 rows=1 width=8)
	  ->  Bitmap Heap Scan on sbtest2  (cost=22.86..3924.85 rows=1017 width=4)
	        Recheck Cond: ((id >= 1704755) AND (id <= 1705754))
	        ->  Bitmap Index Scan on sbtest2_pkey  (cost=0.00..22.61 rows=1017 width=0)
	              Index Cond: ((id >= 1704755) AND (id <= 1705754))

table 3 : explain SELECT SUM(k) FROM sbtest3 WHERE id BETWEEN 1825567 AND 1826566
	Aggregate  (cost=3987.71..3987.72 rows=1 width=8)
	  ->  Bitmap Heap Scan on sbtest3  (cost=23.02..3985.13 rows=1033 width=4)
	        Recheck Cond: ((id >= 1825567) AND (id <= 1826566))
	        ->  Bitmap Index Scan on sbtest3_pkey  (cost=0.00..22.76 rows=1033 width=0)
	              Index Cond: ((id >= 1825567) AND (id <= 1826566))

table 4 : explain SELECT SUM(k) FROM sbtest4 WHERE id BETWEEN 6408123 AND 6409122
	Aggregate  (cost=3902.25..3902.26 rows=1 width=8)
	  ->  Bitmap Heap Scan on sbtest4  (cost=22.79..3899.73 rows=1010 width=4)
	        Recheck Cond: ((id >= 6408123) AND (id <= 6409122))
	        ->  Bitmap Index Scan on sbtest4_pkey  (cost=0.00..22.54 rows=1010 width=0)
	              Index Cond: ((id >= 6408123) AND (id <= 6409122))

table 5 : explain SELECT SUM(k) FROM sbtest5 WHERE id BETWEEN 398553 AND 399552
	Aggregate  (cost=3970.09..3970.10 rows=1 width=8)
	  ->  Bitmap Heap Scan on sbtest5  (cost=22.97..3967.52 rows=1028 width=4)
	        Recheck Cond: ((id >= 398553) AND (id <= 399552))
	        ->  Bitmap Index Scan on sbtest5_pkey  (cost=0.00..22.71 rows=1028 width=0)
	              Index Cond: ((id >= 398553) AND (id <= 399552))

table 6 : explain SELECT SUM(k) FROM sbtest6 WHERE id BETWEEN 6343978 AND 6344977
	Aggregate  (cost=3849.57..3849.58 rows=1 width=8)
	  ->  Bitmap Heap Scan on sbtest6  (cost=22.64..3847.08 rows=996 width=4)
	        Recheck Cond: ((id >= 6343978) AND (id <= 6344977))
	        ->  Bitmap Index Scan on sbtest6_pkey  (cost=0.00..22.39 rows=996 width=0)
	              Index Cond: ((id >= 6343978) AND (id <= 6344977))

table 7 : explain SELECT SUM(k) FROM sbtest7 WHERE id BETWEEN 5987137 AND 5988136
	Aggregate  (cost=3831.71..3831.72 rows=1 width=8)
	  ->  Bitmap Heap Scan on sbtest7  (cost=22.59..3829.23 rows=991 width=4)
	        Recheck Cond: ((id >= 5987137) AND (id <= 5988136))
	        ->  Bitmap Index Scan on sbtest7_pkey  (cost=0.00..22.34 rows=991 width=0)
	              Index Cond: ((id >= 5987137) AND (id <= 5988136))

table 8 : explain SELECT SUM(k) FROM sbtest8 WHERE id BETWEEN 9503135 AND 9504134
	Aggregate  (cost=3767.52..3767.53 rows=1 width=8)
	  ->  Bitmap Heap Scan on sbtest8  (cost=22.42..3765.08 rows=974 width=4)
	        Recheck Cond: ((id >= 9503135) AND (id <= 9504134))
	        ->  Bitmap Index Scan on sbtest8_pkey  (cost=0.00..22.18 rows=974 width=0)
	              Index Cond: ((id >= 9503135) AND (id <= 9504134))

for: simple_ranges
table 1 : explain SELECT c FROM sbtest1 WHERE id BETWEEN 1422488 AND 1423487
	Bitmap Heap Scan on sbtest1  (cost=22.46..3776.82 rows=978 width=121)
	  Recheck Cond: ((id >= 1422488) AND (id <= 1423487))
	  ->  Bitmap Index Scan on sbtest1_pkey  (cost=0.00..22.21 rows=978 width=0)
	        Index Cond: ((id >= 1422488) AND (id <= 1423487))

table 2 : explain SELECT c FROM sbtest2 WHERE id BETWEEN 6015524 AND 6016523
	Bitmap Heap Scan on sbtest2  (cost=22.16..3668.63 rows=949 width=121)
	  Recheck Cond: ((id >= 6015524) AND (id <= 6016523))
	  ->  Bitmap Index Scan on sbtest2_pkey  (cost=0.00..21.93 rows=949 width=0)
	        Index Cond: ((id >= 6015524) AND (id <= 6016523))

table 3 : explain SELECT c FROM sbtest3 WHERE id BETWEEN 234902 AND 235901
	Bitmap Heap Scan on sbtest3  (cost=21.76..3521.46 rows=910 width=121)
	  Recheck Cond: ((id >= 234902) AND (id <= 235901))
	  ->  Bitmap Index Scan on sbtest3_pkey  (cost=0.00..21.54 rows=910 width=0)
	        Index Cond: ((id >= 234902) AND (id <= 235901))

table 4 : explain SELECT c FROM sbtest4 WHERE id BETWEEN 8351128 AND 8352127
	Bitmap Heap Scan on sbtest4  (cost=23.43..4136.75 rows=1073 width=121)
	  Recheck Cond: ((id >= 8351128) AND (id <= 8352127))
	  ->  Bitmap Index Scan on sbtest4_pkey  (cost=0.00..23.16 rows=1073 width=0)
	        Index Cond: ((id >= 8351128) AND (id <= 8352127))

table 5 : explain SELECT c FROM sbtest5 WHERE id BETWEEN 3521089 AND 3522088
	Bitmap Heap Scan on sbtest5  (cost=21.79..3533.81 rows=913 width=121)
	  Recheck Cond: ((id >= 3521089) AND (id <= 3522088))
	  ->  Bitmap Index Scan on sbtest5_pkey  (cost=0.00..21.57 rows=913 width=0)
	        Index Cond: ((id >= 3521089) AND (id <= 3522088))

table 6 : explain SELECT c FROM sbtest6 WHERE id BETWEEN 4829067 AND 4830066
	Bitmap Heap Scan on sbtest6  (cost=21.93..3582.99 rows=926 width=121)
	  Recheck Cond: ((id >= 4829067) AND (id <= 4830066))
	  ->  Bitmap Index Scan on sbtest6_pkey  (cost=0.00..21.69 rows=926 width=0)
	        Index Cond: ((id >= 4829067) AND (id <= 4830066))

table 7 : explain SELECT c FROM sbtest7 WHERE id BETWEEN 2398872 AND 2399871
	Bitmap Heap Scan on sbtest7  (cost=22.01..3614.11 rows=934 width=121)
	  Recheck Cond: ((id >= 2398872) AND (id <= 2399871))
	  ->  Bitmap Index Scan on sbtest7_pkey  (cost=0.00..21.77 rows=934 width=0)
	        Index Cond: ((id >= 2398872) AND (id <= 2399871))

table 8 : explain SELECT c FROM sbtest8 WHERE id BETWEEN 9299265 AND 9300264
	Bitmap Heap Scan on sbtest8  (cost=27.50..4168.25 rows=1080 width=121)
	  Recheck Cond: ((id >= 9299265) AND (id <= 9300264))
	  ->  Bitmap Index Scan on sbtest8_pkey  (cost=0.00..27.23 rows=1080 width=0)
	        Index Cond: ((id >= 9299265) AND (id <= 9300264))

for: order_ranges
table 1 : explain SELECT c FROM sbtest1 WHERE id BETWEEN 451033 AND 452032 ORDER BY c
	Sort  (cost=3568.93..3571.20 rows=911 width=121)
	  Sort Key: c
	  ->  Bitmap Heap Scan on sbtest1  (cost=21.77..3524.15 rows=911 width=121)
	        Recheck Cond: ((id >= 451033) AND (id <= 452032))
	        ->  Bitmap Index Scan on sbtest1_pkey  (cost=0.00..21.54 rows=911 width=0)
	              Index Cond: ((id >= 451033) AND (id <= 452032))

table 2 : explain SELECT c FROM sbtest2 WHERE id BETWEEN 1798560 AND 1799559 ORDER BY c
	Sort  (cost=4071.13..4073.74 rows=1042 width=121)
	  Sort Key: c
	  ->  Bitmap Heap Scan on sbtest2  (cost=23.12..4018.90 rows=1042 width=121)
	        Recheck Cond: ((id >= 1798560) AND (id <= 1799559))
	        ->  Bitmap Index Scan on sbtest2_pkey  (cost=0.00..22.86 rows=1042 width=0)
	              Index Cond: ((id >= 1798560) AND (id <= 1799559))

table 3 : explain SELECT c FROM sbtest3 WHERE id BETWEEN 8911383 AND 8912382 ORDER BY c
	Sort  (cost=3443.43..3445.63 rows=878 width=121)
	  Sort Key: c
	  ->  Bitmap Heap Scan on sbtest3  (cost=21.43..3400.50 rows=878 width=121)
	        Recheck Cond: ((id >= 8911383) AND (id <= 8912382))
	        ->  Bitmap Index Scan on sbtest3_pkey  (cost=0.00..21.21 rows=878 width=0)
	              Index Cond: ((id >= 8911383) AND (id <= 8912382))

table 4 : explain SELECT c FROM sbtest4 WHERE id BETWEEN 6030328 AND 6031327 ORDER BY c
	Sort  (cost=3835.37..3837.82 rows=980 width=121)
	  Sort Key: c
	  ->  Bitmap Heap Scan on sbtest4  (cost=22.48..3786.68 rows=980 width=121)
	        Recheck Cond: ((id >= 6030328) AND (id <= 6031327))
	        ->  Bitmap Index Scan on sbtest4_pkey  (cost=0.00..22.23 rows=980 width=0)
	              Index Cond: ((id >= 6030328) AND (id <= 6031327))

table 5 : explain SELECT c FROM sbtest5 WHERE id BETWEEN 1623317 AND 1624316 ORDER BY c
	Sort  (cost=4358.85..4361.64 rows=1117 width=121)
	  Sort Key: c
	  ->  Bitmap Heap Scan on sbtest5  (cost=27.88..4302.30 rows=1117 width=121)
	        Recheck Cond: ((id >= 1623317) AND (id <= 1624316))
	        ->  Bitmap Index Scan on sbtest5_pkey  (cost=0.00..27.61 rows=1117 width=0)
	              Index Cond: ((id >= 1623317) AND (id <= 1624316))

table 6 : explain SELECT c FROM sbtest6 WHERE id BETWEEN 7809392 AND 7810391 ORDER BY c
	Sort  (cost=3950.22..3952.75 rows=1010 width=121)
	  Sort Key: c
	  ->  Bitmap Heap Scan on sbtest6  (cost=22.79..3899.82 rows=1010 width=121)
	        Recheck Cond: ((id >= 7809392) AND (id <= 7810391))
	        ->  Bitmap Index Scan on sbtest6_pkey  (cost=0.00..22.54 rows=1010 width=0)
	              Index Cond: ((id >= 7809392) AND (id <= 7810391))

table 7 : explain SELECT c FROM sbtest7 WHERE id BETWEEN 8051917 AND 8052916 ORDER BY c
	Sort  (cost=3625.68..3627.99 rows=925 width=121)
	  Sort Key: c
	  ->  Bitmap Heap Scan on sbtest7  (cost=21.92..3580.11 rows=925 width=121)
	        Recheck Cond: ((id >= 8051917) AND (id <= 8052916))
	        ->  Bitmap Index Scan on sbtest7_pkey  (cost=0.00..21.68 rows=925 width=0)
	              Index Cond: ((id >= 8051917) AND (id <= 8052916))

table 8 : explain SELECT c FROM sbtest8 WHERE id BETWEEN 2031088 AND 2032087 ORDER BY c
	Sort  (cost=3916.78..3919.28 rows=1001 width=121)
	  Sort Key: c
	  ->  Bitmap Heap Scan on sbtest8  (cost=22.70..3866.89 rows=1001 width=121)
	        Recheck Cond: ((id >= 2031088) AND (id <= 2032087))
	        ->  Bitmap Index Scan on sbtest8_pkey  (cost=0.00..22.44 rows=1001 width=0)
	              Index Cond: ((id >= 2031088) AND (id <= 2032087))

for: order_ranges
table 1 : explain SELECT c FROM sbtest1 WHERE id BETWEEN 1480734 AND 1481733 ORDER BY c
	Sort  (cost=3825.40..3827.85 rows=978 width=121)
	  Sort Key: c
	  ->  Bitmap Heap Scan on sbtest1  (cost=22.46..3776.82 rows=978 width=121)
	        Recheck Cond: ((id >= 1480734) AND (id <= 1481733))
	        ->  Bitmap Index Scan on sbtest1_pkey  (cost=0.00..22.21 rows=978 width=0)
	              Index Cond: ((id >= 1480734) AND (id <= 1481733))

table 2 : explain SELECT c FROM sbtest2 WHERE id BETWEEN 6045535 AND 6046534 ORDER BY c
	Sort  (cost=3715.56..3717.93 rows=949 width=121)
	  Sort Key: c
	  ->  Bitmap Heap Scan on sbtest2  (cost=22.16..3668.63 rows=949 width=121)
	        Recheck Cond: ((id >= 6045535) AND (id <= 6046534))
	        ->  Bitmap Index Scan on sbtest2_pkey  (cost=0.00..21.93 rows=949 width=0)
	              Index Cond: ((id >= 6045535) AND (id <= 6046534))

table 3 : explain SELECT c FROM sbtest3 WHERE id BETWEEN 9384021 AND 9385020 ORDER BY c
	Sort  (cost=3952.80..3955.33 rows=1011 width=121)
	  Sort Key: c
	  ->  Bitmap Heap Scan on sbtest3  (cost=22.80..3902.34 rows=1011 width=121)
	        Recheck Cond: ((id >= 9384021) AND (id <= 9385020))
	        ->  Bitmap Index Scan on sbtest3_pkey  (cost=0.00..22.54 rows=1011 width=0)
	              Index Cond: ((id >= 9384021) AND (id <= 9385020))

table 4 : explain SELECT c FROM sbtest4 WHERE id BETWEEN 4739971 AND 4740970 ORDER BY c
	Sort  (cost=3731.99..3734.38 rows=953 width=121)
	  Sort Key: c
	  ->  Bitmap Heap Scan on sbtest4  (cost=22.20..3684.84 rows=953 width=121)
	        Recheck Cond: ((id >= 4739971) AND (id <= 4740970))
	        ->  Bitmap Index Scan on sbtest4_pkey  (cost=0.00..21.96 rows=953 width=0)
	              Index Cond: ((id >= 4739971) AND (id <= 4740970))

table 5 : explain SELECT c FROM sbtest5 WHERE id BETWEEN 5535387 AND 5536386 ORDER BY c
	Sort  (cost=3478.94..3481.15 rows=887 width=121)
	  Sort Key: c
	  ->  Bitmap Heap Scan on sbtest5  (cost=21.53..3435.51 rows=887 width=121)
	        Recheck Cond: ((id >= 5535387) AND (id <= 5536386))
	        ->  Bitmap Index Scan on sbtest5_pkey  (cost=0.00..21.30 rows=887 width=0)
	              Index Cond: ((id >= 5535387) AND (id <= 5536386))

table 6 : explain SELECT c FROM sbtest6 WHERE id BETWEEN 8610649 AND 8611648 ORDER BY c
	Sort  (cost=4129.80..4132.44 rows=1057 width=121)
	  Sort Key: c
	  ->  Bitmap Heap Scan on sbtest6  (cost=23.27..4076.70 rows=1057 width=121)
	        Recheck Cond: ((id >= 8610649) AND (id <= 8611648))
	        ->  Bitmap Index Scan on sbtest6_pkey  (cost=0.00..23.00 rows=1057 width=0)
	              Index Cond: ((id >= 8610649) AND (id <= 8611648))

table 7 : explain SELECT c FROM sbtest7 WHERE id BETWEEN 3260170 AND 3261169 ORDER BY c
	Sort  (cost=3870.89..3873.37 rows=989 width=121)
	  Sort Key: c
	  ->  Bitmap Heap Scan on sbtest7  (cost=22.57..3821.69 rows=989 width=121)
	        Recheck Cond: ((id >= 3260170) AND (id <= 3261169))
	        ->  Bitmap Index Scan on sbtest7_pkey  (cost=0.00..22.32 rows=989 width=0)
	              Index Cond: ((id >= 3260170) AND (id <= 3261169))

table 8 : explain SELECT c FROM sbtest8 WHERE id BETWEEN 6452438 AND 6453437 ORDER BY c
	Sort  (cost=3817.26..3819.70 rows=975 width=121)
	  Sort Key: c
	  ->  Bitmap Heap Scan on sbtest8  (cost=22.43..3768.86 rows=975 width=121)
	        Recheck Cond: ((id >= 6452438) AND (id <= 6453437))
	        ->  Bitmap Index Scan on sbtest8_pkey  (cost=0.00..22.18 rows=975 width=0)
	              Index Cond: ((id >= 6452438) AND (id <= 6453437))

explain: for point_selects :: explain SELECT c FROM sbtest%u WHERE id=%u
for: sum_ranges
table 1 : explain SELECT SUM(k) FROM sbtest1 WHERE id BETWEEN 9335714 AND 9336713
	Aggregate  (cost=4121.74..4121.75 rows=1 width=8)
	  ->  Bitmap Heap Scan on sbtest1  (cost=23.39..4119.07 rows=1069 width=4)
	        Recheck Cond: ((id >= 9335714) AND (id <= 9336713))
	        ->  Bitmap Index Scan on sbtest1_pkey  (cost=0.00..23.12 rows=1069 width=0)
	              Index Cond: ((id >= 9335714) AND (id <= 9336713))

table 2 : explain SELECT SUM(k) FROM sbtest2 WHERE id BETWEEN 8452465 AND 8453464
	Aggregate  (cost=3957.52..3957.53 rows=1 width=8)
	  ->  Bitmap Heap Scan on sbtest2  (cost=22.94..3954.96 rows=1025 width=4)
	        Recheck Cond: ((id >= 8452465) AND (id <= 8453464))
	        ->  Bitmap Index Scan on sbtest2_pkey  (cost=0.00..22.68 rows=1025 width=0)
	              Index Cond: ((id >= 8452465) AND (id <= 8453464))

table 3 : explain SELECT SUM(k) FROM sbtest3 WHERE id BETWEEN 814206 AND 815205
	Aggregate  (cost=4423.78..4423.79 rows=1 width=8)
	  ->  Bitmap Heap Scan on sbtest3  (cost=28.21..4420.91 rows=1149 width=4)
	        Recheck Cond: ((id >= 814206) AND (id <= 815205))
	        ->  Bitmap Index Scan on sbtest3_pkey  (cost=0.00..27.93 rows=1149 width=0)
	              Index Cond: ((id >= 814206) AND (id <= 815205))

table 4 : explain SELECT SUM(k) FROM sbtest4 WHERE id BETWEEN 5762623 AND 5763622
	Aggregate  (cost=3604.11..3604.12 rows=1 width=8)
	  ->  Bitmap Heap Scan on sbtest4  (cost=21.98..3601.79 rows=931 width=4)
	        Recheck Cond: ((id >= 5762623) AND (id <= 5763622))
	        ->  Bitmap Index Scan on sbtest4_pkey  (cost=0.00..21.75 rows=931 width=0)
	              Index Cond: ((id >= 5762623) AND (id <= 5763622))

table 5 : explain SELECT SUM(k) FROM sbtest5 WHERE id BETWEEN 9664753 AND 9665752
	Aggregate  (cost=3792.93..3792.94 rows=1 width=8)
	  ->  Bitmap Heap Scan on sbtest5  (cost=22.49..3790.47 rows=981 width=4)
	        Recheck Cond: ((id >= 9664753) AND (id <= 9665752))
	        ->  Bitmap Index Scan on sbtest5_pkey  (cost=0.00..22.25 rows=981 width=0)
	              Index Cond: ((id >= 9664753) AND (id <= 9665752))

table 6 : explain SELECT SUM(k) FROM sbtest6 WHERE id BETWEEN 5403929 AND 5404928
	Aggregate  (cost=3732.62..3732.63 rows=1 width=8)
	  ->  Bitmap Heap Scan on sbtest6  (cost=22.33..3730.20 rows=965 width=4)
	        Recheck Cond: ((id >= 5403929) AND (id <= 5404928))
	        ->  Bitmap Index Scan on sbtest6_pkey  (cost=0.00..22.08 rows=965 width=0)
	              Index Cond: ((id >= 5403929) AND (id <= 5404928))

table 7 : explain SELECT SUM(k) FROM sbtest7 WHERE id BETWEEN 6997200 AND 6998199
	Aggregate  (cost=3997.59..3997.60 rows=1 width=8)
	  ->  Bitmap Heap Scan on sbtest7  (cost=23.04..3995.01 rows=1035 width=4)
	        Recheck Cond: ((id >= 6997200) AND (id <= 6998199))
	        ->  Bitmap Index Scan on sbtest7_pkey  (cost=0.00..22.79 rows=1035 width=0)
	              Index Cond: ((id >= 6997200) AND (id <= 6998199))

table 8 : explain SELECT SUM(k) FROM sbtest8 WHERE id BETWEEN 8660923 AND 8661922
	Aggregate  (cost=3650.43..3650.44 rows=1 width=8)
	  ->  Bitmap Heap Scan on sbtest8  (cost=22.10..3648.07 rows=943 width=4)
	        Recheck Cond: ((id >= 8660923) AND (id <= 8661922))
	        ->  Bitmap Index Scan on sbtest8_pkey  (cost=0.00..21.86 rows=943 width=0)
	              Index Cond: ((id >= 8660923) AND (id <= 8661922))

explain: for point_selects :: explain SELECT c FROM sbtest%u WHERE id=%u
for: distinct_ranges
table 1 : explain SELECT DISTINCT c FROM sbtest1 WHERE id BETWEEN 5361176 AND 5362175 ORDER BY c
	Unique  (cost=3396.34..3400.67 rows=866 width=121)
	  ->  Sort  (cost=3396.34..3398.51 rows=866 width=121)
	        Sort Key: c
	        ->  Bitmap Heap Scan on sbtest1  (cost=21.31..3354.09 rows=866 width=121)
	              Recheck Cond: ((id >= 5361176) AND (id <= 5362175))
	              ->  Bitmap Index Scan on sbtest1_pkey  (cost=0.00..21.09 rows=866 width=0)
	                    Index Cond: ((id >= 5361176) AND (id <= 5362175))

table 2 : explain SELECT DISTINCT c FROM sbtest2 WHERE id BETWEEN 6673218 AND 6674217 ORDER BY c
	Unique  (cost=4032.95..4038.11 rows=1032 width=121)
	  ->  Sort  (cost=4032.95..4035.53 rows=1032 width=121)
	        Sort Key: c
	        ->  Bitmap Heap Scan on sbtest2  (cost=23.01..3981.29 rows=1032 width=121)
	              Recheck Cond: ((id >= 6673218) AND (id <= 6674217))
	              ->  Bitmap Index Scan on sbtest2_pkey  (cost=0.00..22.75 rows=1032 width=0)
	                    Index Cond: ((id >= 6673218) AND (id <= 6674217))

table 3 : explain SELECT DISTINCT c FROM sbtest3 WHERE id BETWEEN 4748490 AND 4749489 ORDER BY c
	Unique  (cost=4078.84..4084.06 rows=1044 width=121)
	  ->  Sort  (cost=4078.84..4081.45 rows=1044 width=121)
	        Sort Key: c
	        ->  Bitmap Heap Scan on sbtest3  (cost=23.14..4026.50 rows=1044 width=121)
	              Recheck Cond: ((id >= 4748490) AND (id <= 4749489))
	              ->  Bitmap Index Scan on sbtest3_pkey  (cost=0.00..22.87 rows=1044 width=0)
	                    Index Cond: ((id >= 4748490) AND (id <= 4749489))

table 4 : explain SELECT DISTINCT c FROM sbtest4 WHERE id BETWEEN 5040001 AND 5041000 ORDER BY c
	Unique  (cost=4278.68..4284.16 rows=1095 width=121)
	  ->  Sort  (cost=4278.68..4281.42 rows=1095 width=121)
	        Sort Key: c
	        ->  Bitmap Heap Scan on sbtest4  (cost=27.66..4223.40 rows=1095 width=121)
	              Recheck Cond: ((id >= 5040001) AND (id <= 5041000))
	              ->  Bitmap Index Scan on sbtest4_pkey  (cost=0.00..27.39 rows=1095 width=0)
	                    Index Cond: ((id >= 5040001) AND (id <= 5041000))

table 5 : explain SELECT DISTINCT c FROM sbtest5 WHERE id BETWEEN 5664088 AND 5665087 ORDER BY c
	Unique  (cost=3663.05..3667.73 rows=935 width=121)
	  ->  Sort  (cost=3663.05..3665.39 rows=935 width=121)
	        Sort Key: c
	        ->  Bitmap Heap Scan on sbtest5  (cost=22.02..3616.91 rows=935 width=121)
	              Recheck Cond: ((id >= 5664088) AND (id <= 5665087))
	              ->  Bitmap Index Scan on sbtest5_pkey  (cost=0.00..21.79 rows=935 width=0)
	                    Index Cond: ((id >= 5664088) AND (id <= 5665087))

table 6 : explain SELECT DISTINCT c FROM sbtest6 WHERE id BETWEEN 3723217 AND 3724216 ORDER BY c
	Unique  (cost=3674.61..3679.30 rows=938 width=121)
	  ->  Sort  (cost=3674.61..3676.96 rows=938 width=121)
	        Sort Key: c
	        ->  Bitmap Heap Scan on sbtest6  (cost=22.05..3628.31 rows=938 width=121)
	              Recheck Cond: ((id >= 3723217) AND (id <= 3724216))
	              ->  Bitmap Index Scan on sbtest6_pkey  (cost=0.00..21.82 rows=938 width=0)
	                    Index Cond: ((id >= 3723217) AND (id <= 3724216))

table 7 : explain SELECT DISTINCT c FROM sbtest7 WHERE id BETWEEN 7475265 AND 7476264 ORDER BY c
	Unique  (cost=3985.67..3990.76 rows=1019 width=121)
	  ->  Sort  (cost=3985.67..3988.21 rows=1019 width=121)
	        Sort Key: c
	        ->  Bitmap Heap Scan on sbtest7  (cost=22.88..3934.75 rows=1019 width=121)
	              Recheck Cond: ((id >= 7475265) AND (id <= 7476264))
	              ->  Bitmap Index Scan on sbtest7_pkey  (cost=0.00..22.62 rows=1019 width=0)
	                    Index Cond: ((id >= 7475265) AND (id <= 7476264))

table 8 : explain SELECT DISTINCT c FROM sbtest8 WHERE id BETWEEN 9367059 AND 9368058 ORDER BY c
	Unique  (cost=4222.67..4228.07 rows=1080 width=121)
	  ->  Sort  (cost=4222.67..4225.37 rows=1080 width=121)
	        Sort Key: c
	        ->  Bitmap Heap Scan on sbtest8  (cost=27.50..4168.25 rows=1080 width=121)
	              Recheck Cond: ((id >= 9367059) AND (id <= 9368058))
	              ->  Bitmap Index Scan on sbtest8_pkey  (cost=0.00..27.23 rows=1080 width=0)
	                    Index Cond: ((id >= 9367059) AND (id <= 9368058))

for: distinct_ranges
table 1 : explain SELECT DISTINCT c FROM sbtest1 WHERE id BETWEEN 2408402 AND 2409401 ORDER BY c
	Unique  (cost=3407.86..3412.20 rows=869 width=121)
	  ->  Sort  (cost=3407.86..3410.03 rows=869 width=121)
	        Sort Key: c
	        ->  Bitmap Heap Scan on sbtest1  (cost=21.34..3365.44 rows=869 width=121)
	              Recheck Cond: ((id >= 2408402) AND (id <= 2409401))
	              ->  Bitmap Index Scan on sbtest1_pkey  (cost=0.00..21.12 rows=869 width=0)
	                    Index Cond: ((id >= 2408402) AND (id <= 2409401))

table 2 : explain SELECT DISTINCT c FROM sbtest2 WHERE id BETWEEN 2946680 AND 2947679 ORDER BY c
	Unique  (cost=4044.41..4049.58 rows=1035 width=121)
	  ->  Sort  (cost=4044.41..4047.00 rows=1035 width=121)
	        Sort Key: c
	        ->  Bitmap Heap Scan on sbtest2  (cost=23.04..3992.58 rows=1035 width=121)
	              Recheck Cond: ((id >= 2946680) AND (id <= 2947679))
	              ->  Bitmap Index Scan on sbtest2_pkey  (cost=0.00..22.79 rows=1035 width=0)
	                    Index Cond: ((id >= 2946680) AND (id <= 2947679))

table 3 : explain SELECT DISTINCT c FROM sbtest3 WHERE id BETWEEN 4760079 AND 4761078 ORDER BY c
	Unique  (cost=4078.84..4084.06 rows=1044 width=121)
	  ->  Sort  (cost=4078.84..4081.45 rows=1044 width=121)
	        Sort Key: c
	        ->  Bitmap Heap Scan on sbtest3  (cost=23.14..4026.50 rows=1044 width=121)
	              Recheck Cond: ((id >= 4760079) AND (id <= 4761078))
	              ->  Bitmap Index Scan on sbtest3_pkey  (cost=0.00..22.87 rows=1044 width=0)
	                    Index Cond: ((id >= 4760079) AND (id <= 4761078))

table 4 : explain SELECT DISTINCT c FROM sbtest4 WHERE id BETWEEN 1494500 AND 1495499 ORDER BY c
	Unique  (cost=3686.02..3690.73 rows=941 width=121)
	  ->  Sort  (cost=3686.02..3688.37 rows=941 width=121)
	        Sort Key: c
	        ->  Bitmap Heap Scan on sbtest4  (cost=22.08..3639.55 rows=941 width=121)
	              Recheck Cond: ((id >= 1494500) AND (id <= 1495499))
	              ->  Bitmap Index Scan on sbtest4_pkey  (cost=0.00..21.84 rows=941 width=0)
	                    Index Cond: ((id >= 1494500) AND (id <= 1495499))

table 5 : explain SELECT DISTINCT c FROM sbtest5 WHERE id BETWEEN 7416480 AND 7417479 ORDER BY c
	Unique  (cost=3693.71..3698.42 rows=943 width=121)
	  ->  Sort  (cost=3693.71..3696.06 rows=943 width=121)
	        Sort Key: c
	        ->  Bitmap Heap Scan on sbtest5  (cost=22.10..3647.12 rows=943 width=121)
	              Recheck Cond: ((id >= 7416480) AND (id <= 7417479))
	              ->  Bitmap Index Scan on sbtest5_pkey  (cost=0.00..21.86 rows=943 width=0)
	                    Index Cond: ((id >= 7416480) AND (id <= 7417479))

table 6 : explain SELECT DISTINCT c FROM sbtest6 WHERE id BETWEEN 8026279 AND 8027278 ORDER BY c
	Unique  (cost=3551.91..3556.44 rows=906 width=121)
	  ->  Sort  (cost=3551.91..3554.18 rows=906 width=121)
	        Sort Key: c
	        ->  Bitmap Heap Scan on sbtest6  (cost=21.72..3507.41 rows=906 width=121)
	              Recheck Cond: ((id >= 8026279) AND (id <= 8027278))
	              ->  Bitmap Index Scan on sbtest6_pkey  (cost=0.00..21.50 rows=906 width=0)
	                    Index Cond: ((id >= 8026279) AND (id <= 8027278))

table 7 : explain SELECT DISTINCT c FROM sbtest7 WHERE id BETWEEN 3167732 AND 3168731 ORDER BY c
	Unique  (cost=3943.60..3948.64 rows=1008 width=121)
	  ->  Sort  (cost=3943.60..3946.12 rows=1008 width=121)
	        Sort Key: c
	        ->  Bitmap Heap Scan on sbtest7  (cost=22.77..3893.31 rows=1008 width=121)
	              Recheck Cond: ((id >= 3167732) AND (id <= 3168731))
	              ->  Bitmap Index Scan on sbtest7_pkey  (cost=0.00..22.51 rows=1008 width=0)
	                    Index Cond: ((id >= 3167732) AND (id <= 3168731))

table 8 : explain SELECT DISTINCT c FROM sbtest8 WHERE id BETWEEN 495283 AND 496282 ORDER BY c
	Unique  (cost=4146.31..4151.61 rows=1060 width=121)
	  ->  Sort  (cost=4146.31..4148.96 rows=1060 width=121)
	        Sort Key: c
	        ->  Bitmap Heap Scan on sbtest8  (cost=27.30..4093.05 rows=1060 width=121)
	              Recheck Cond: ((id >= 495283) AND (id <= 496282))
	              ->  Bitmap Index Scan on sbtest8_pkey  (cost=0.00..27.04 rows=1060 width=0)
	                    Index Cond: ((id >= 495283) AND (id <= 496282))

for: order_ranges
table 1 : explain SELECT c FROM sbtest1 WHERE id BETWEEN 1763859 AND 1764858 ORDER BY c
	Sort  (cost=3488.42..3490.65 rows=890 width=121)
	  Sort Key: c
	  ->  Bitmap Heap Scan on sbtest1  (cost=21.56..3444.82 rows=890 width=121)
	        Recheck Cond: ((id >= 1763859) AND (id <= 1764858))
	        ->  Bitmap Index Scan on sbtest1_pkey  (cost=0.00..21.33 rows=890 width=0)
	              Index Cond: ((id >= 1763859) AND (id <= 1764858))

table 2 : explain SELECT c FROM sbtest2 WHERE id BETWEEN 8083906 AND 8084905 ORDER BY c
	Sort  (cost=4158.91..4161.57 rows=1065 width=121)
	  Sort Key: c
	  ->  Bitmap Heap Scan on sbtest2  (cost=23.35..4105.36 rows=1065 width=121)
	        Recheck Cond: ((id >= 8083906) AND (id <= 8084905))
	        ->  Bitmap Index Scan on sbtest2_pkey  (cost=0.00..23.08 rows=1065 width=0)
	              Index Cond: ((id >= 8083906) AND (id <= 8084905))

table 3 : explain SELECT c FROM sbtest3 WHERE id BETWEEN 7936242 AND 7937241 ORDER BY c
	Sort  (cost=3796.01..3798.44 rows=970 width=121)
	  Sort Key: c
	  ->  Bitmap Heap Scan on sbtest3  (cost=22.38..3747.89 rows=970 width=121)
	        Recheck Cond: ((id >= 7936242) AND (id <= 7937241))
	        ->  Bitmap Index Scan on sbtest3_pkey  (cost=0.00..22.14 rows=970 width=0)
	              Index Cond: ((id >= 7936242) AND (id <= 7937241))

table 4 : explain SELECT c FROM sbtest4 WHERE id BETWEEN 2818706 AND 2819705 ORDER BY c
	Sort  (cost=4389.30..4392.11 rows=1125 width=121)
	  Sort Key: c
	  ->  Bitmap Heap Scan on sbtest4  (cost=27.97..4332.29 rows=1125 width=121)
	        Recheck Cond: ((id >= 2818706) AND (id <= 2819705))
	        ->  Bitmap Index Scan on sbtest4_pkey  (cost=0.00..27.68 rows=1125 width=0)
	              Index Cond: ((id >= 2818706) AND (id <= 2819705))

table 5 : explain SELECT c FROM sbtest5 WHERE id BETWEEN 9780082 AND 9781081 ORDER BY c
	Sort  (cost=3505.80..3508.04 rows=894 width=121)
	  Sort Key: c
	  ->  Bitmap Heap Scan on sbtest5  (cost=21.60..3461.98 rows=894 width=121)
	        Recheck Cond: ((id >= 9780082) AND (id <= 9781081))
	        ->  Bitmap Index Scan on sbtest5_pkey  (cost=0.00..21.37 rows=894 width=0)
	              Index Cond: ((id >= 9780082) AND (id <= 9781081))

table 6 : explain SELECT c FROM sbtest6 WHERE id BETWEEN 4660460 AND 4661459 ORDER BY c
	Sort  (cost=3850.77..3853.23 rows=984 width=121)
	  Sort Key: c
	  ->  Bitmap Heap Scan on sbtest6  (cost=22.52..3801.85 rows=984 width=121)
	        Recheck Cond: ((id >= 4660460) AND (id <= 4661459))
	        ->  Bitmap Index Scan on sbtest6_pkey  (cost=0.00..22.27 rows=984 width=0)
	              Index Cond: ((id >= 4660460) AND (id <= 4661459))

table 7 : explain SELECT c FROM sbtest7 WHERE id BETWEEN 2397944 AND 2398943 ORDER BY c
	Sort  (cost=3660.19..3662.53 rows=934 width=121)
	  Sort Key: c
	  ->  Bitmap Heap Scan on sbtest7  (cost=22.01..3614.11 rows=934 width=121)
	        Recheck Cond: ((id >= 2397944) AND (id <= 2398943))
	        ->  Bitmap Index Scan on sbtest7_pkey  (cost=0.00..21.77 rows=934 width=0)
	              Index Cond: ((id >= 2397944) AND (id <= 2398943))

table 8 : explain SELECT c FROM sbtest8 WHERE id BETWEEN 9803943 AND 9804942 ORDER BY c
	Sort  (cost=3587.28..3589.57 rows=915 width=121)
	  Sort Key: c
	  ->  Bitmap Heap Scan on sbtest8  (cost=21.81..3542.28 rows=915 width=121)
	        Recheck Cond: ((id >= 9803943) AND (id <= 9804942))
	        ->  Bitmap Index Scan on sbtest8_pkey  (cost=0.00..21.58 rows=915 width=0)
	              Index Cond: ((id >= 9803943) AND (id <= 9804942))

for: order_ranges
table 1 : explain SELECT c FROM sbtest1 WHERE id BETWEEN 5287372 AND 5288371 ORDER BY c
	Sort  (cost=3396.34..3398.51 rows=866 width=121)
	  Sort Key: c
	  ->  Bitmap Heap Scan on sbtest1  (cost=21.31..3354.09 rows=866 width=121)
	        Recheck Cond: ((id >= 5287372) AND (id <= 5288371))
	        ->  Bitmap Index Scan on sbtest1_pkey  (cost=0.00..21.09 rows=866 width=0)
	              Index Cond: ((id >= 5287372) AND (id <= 5288371))

table 2 : explain SELECT c FROM sbtest2 WHERE id BETWEEN 286740 AND 287739 ORDER BY c
	Sort  (cost=4323.12..4325.89 rows=1108 width=121)
	  Sort Key: c
	  ->  Bitmap Heap Scan on sbtest2  (cost=27.79..4267.09 rows=1108 width=121)
	        Recheck Cond: ((id >= 286740) AND (id <= 287739))
	        ->  Bitmap Index Scan on sbtest2_pkey  (cost=0.00..27.51 rows=1108 width=0)
	              Index Cond: ((id >= 286740) AND (id <= 287739))

table 3 : explain SELECT c FROM sbtest3 WHERE id BETWEEN 1824363 AND 1825362 ORDER BY c
	Sort  (cost=4036.84..4039.43 rows=1033 width=121)
	  Sort Key: c
	  ->  Bitmap Heap Scan on sbtest3  (cost=23.02..3985.13 rows=1033 width=121)
	        Recheck Cond: ((id >= 1824363) AND (id <= 1825362))
	        ->  Bitmap Index Scan on sbtest3_pkey  (cost=0.00..22.76 rows=1033 width=0)
	              Index Cond: ((id >= 1824363) AND (id <= 1825362))

table 4 : explain SELECT c FROM sbtest4 WHERE id BETWEEN 8646750 AND 8647749 ORDER BY c
	Sort  (cost=3888.94..3891.42 rows=994 width=121)
	  Sort Key: c
	  ->  Bitmap Heap Scan on sbtest4  (cost=22.62..3839.45 rows=994 width=121)
	        Recheck Cond: ((id >= 8646750) AND (id <= 8647749))
	        ->  Bitmap Index Scan on sbtest4_pkey  (cost=0.00..22.37 rows=994 width=0)
	              Index Cond: ((id >= 8646750) AND (id <= 8647749))

table 5 : explain SELECT c FROM sbtest5 WHERE id BETWEEN 9759710 AND 9760709 ORDER BY c
	Sort  (cost=3505.80..3508.04 rows=894 width=121)
	  Sort Key: c
	  ->  Bitmap Heap Scan on sbtest5  (cost=21.60..3461.98 rows=894 width=121)
	        Recheck Cond: ((id >= 9759710) AND (id <= 9760709))
	        ->  Bitmap Index Scan on sbtest5_pkey  (cost=0.00..21.37 rows=894 width=0)
	              Index Cond: ((id >= 9759710) AND (id <= 9760709))

table 6 : explain SELECT c FROM sbtest6 WHERE id BETWEEN 3047569 AND 3048568 ORDER BY c
	Sort  (cost=3548.07..3550.34 rows=905 width=121)
	  Sort Key: c
	  ->  Bitmap Heap Scan on sbtest6  (cost=21.71..3503.63 rows=905 width=121)
	        Recheck Cond: ((id >= 3047569) AND (id <= 3048568))
	        ->  Bitmap Index Scan on sbtest6_pkey  (cost=0.00..21.48 rows=905 width=0)
	              Index Cond: ((id >= 3047569) AND (id <= 3048568))

table 7 : explain SELECT c FROM sbtest7 WHERE id BETWEEN 5468863 AND 5469862 ORDER BY c
	Sort  (cost=4234.16..4236.86 rows=1083 width=121)
	  Sort Key: c
	  ->  Bitmap Heap Scan on sbtest7  (cost=27.54..4179.57 rows=1083 width=121)
	        Recheck Cond: ((id >= 5468863) AND (id <= 5469862))
	        ->  Bitmap Index Scan on sbtest7_pkey  (cost=0.00..27.26 rows=1083 width=0)
	              Index Cond: ((id >= 5468863) AND (id <= 5469862))

table 8 : explain SELECT c FROM sbtest8 WHERE id BETWEEN 9678034 AND 9679033 ORDER BY c
	Sort  (cost=4020.04..4022.61 rows=1028 width=121)
	  Sort Key: c
	  ->  Bitmap Heap Scan on sbtest8  (cost=22.97..3968.61 rows=1028 width=121)
	        Recheck Cond: ((id >= 9678034) AND (id <= 9679033))
	        ->  Bitmap Index Scan on sbtest8_pkey  (cost=0.00..22.71 rows=1028 width=0)
	              Index Cond: ((id >= 9678034) AND (id <= 9679033))

for point_selects
table 1 : explain SELECT c FROM sbtest1 WHERE id=1469376
	Index Scan using sbtest1_pkey on sbtest1  (cost=0.43..8.45 rows=1 width=121)
	  Index Cond: (id = 1469376)

table 2 : explain SELECT c FROM sbtest2 WHERE id=7925860
	Index Scan using sbtest2_pkey on sbtest2  (cost=0.43..8.45 rows=1 width=121)
	  Index Cond: (id = 7925860)

table 3 : explain SELECT c FROM sbtest3 WHERE id=1528234
	Index Scan using sbtest3_pkey on sbtest3  (cost=0.43..8.45 rows=1 width=121)
	  Index Cond: (id = 1528234)

table 4 : explain SELECT c FROM sbtest4 WHERE id=8225405
	Index Scan using sbtest4_pkey on sbtest4  (cost=0.43..8.45 rows=1 width=121)
	  Index Cond: (id = 8225405)

table 5 : explain SELECT c FROM sbtest5 WHERE id=3923087
	Index Scan using sbtest5_pkey on sbtest5  (cost=0.43..8.45 rows=1 width=121)
	  Index Cond: (id = 3923087)

table 6 : explain SELECT c FROM sbtest6 WHERE id=7550605
	Index Scan using sbtest6_pkey on sbtest6  (cost=0.43..8.45 rows=1 width=121)
	  Index Cond: (id = 7550605)

table 7 : explain SELECT c FROM sbtest7 WHERE id=6007487
	Index Scan using sbtest7_pkey on sbtest7  (cost=0.43..8.45 rows=1 width=121)
	  Index Cond: (id = 6007487)

table 8 : explain SELECT c FROM sbtest8 WHERE id=9688217
	Index Scan using sbtest8_pkey on sbtest8  (cost=0.43..8.45 rows=1 width=121)
	  Index Cond: (id = 9688217)

for: distinct_ranges
table 1 : explain SELECT DISTINCT c FROM sbtest1 WHERE id BETWEEN 7373166 AND 7374165 ORDER BY c
	Unique  (cost=3978.25..3983.34 rows=1018 width=121)
	  ->  Sort  (cost=3978.25..3980.80 rows=1018 width=121)
	        Sort Key: c
	        ->  Bitmap Heap Scan on sbtest1  (cost=22.87..3927.39 rows=1018 width=121)
	              Recheck Cond: ((id >= 7373166) AND (id <= 7374165))
	              ->  Bitmap Index Scan on sbtest1_pkey  (cost=0.00..22.61 rows=1018 width=0)
	                    Index Cond: ((id >= 7373166) AND (id <= 7374165))

table 2 : explain SELECT DISTINCT c FROM sbtest2 WHERE id BETWEEN 5646884 AND 5647883 ORDER BY c
	Unique  (cost=3925.97..3930.99 rows=1004 width=121)
	  ->  Sort  (cost=3925.97..3928.48 rows=1004 width=121)
	        Sort Key: c
	        ->  Bitmap Heap Scan on sbtest2  (cost=22.73..3875.92 rows=1004 width=121)
	              Recheck Cond: ((id >= 5646884) AND (id <= 5647883))
	              ->  Bitmap Index Scan on sbtest2_pkey  (cost=0.00..22.47 rows=1004 width=0)
	                    Index Cond: ((id >= 5646884) AND (id <= 5647883))

table 3 : explain SELECT DISTINCT c FROM sbtest3 WHERE id BETWEEN 3387349 AND 3388348 ORDER BY c
	Unique  (cost=3665.84..3670.52 rows=936 width=121)
	  ->  Sort  (cost=3665.84..3668.18 rows=936 width=121)
	        Sort Key: c
	        ->  Bitmap Heap Scan on sbtest3  (cost=22.03..3619.64 rows=936 width=121)
	              Recheck Cond: ((id >= 3387349) AND (id <= 3388348))
	              ->  Bitmap Index Scan on sbtest3_pkey  (cost=0.00..21.79 rows=936 width=0)
	                    Index Cond: ((id >= 3387349) AND (id <= 3388348))

table 4 : explain SELECT DISTINCT c FROM sbtest4 WHERE id BETWEEN 6880059 AND 6881058 ORDER BY c
	Unique  (cost=4221.28..4226.69 rows=1081 width=121)
	  ->  Sort  (cost=4221.28..4223.99 rows=1081 width=121)
	        Sort Key: c
	        ->  Bitmap Heap Scan on sbtest4  (cost=23.52..4166.81 rows=1081 width=121)
	              Recheck Cond: ((id >= 6880059) AND (id <= 6881058))
	              ->  Bitmap Index Scan on sbtest4_pkey  (cost=0.00..23.25 rows=1081 width=0)
	                    Index Cond: ((id >= 6880059) AND (id <= 6881058))

table 5 : explain SELECT DISTINCT c FROM sbtest5 WHERE id BETWEEN 2435251 AND 2436250 ORDER BY c
	Unique  (cost=3942.50..3947.54 rows=1008 width=121)
	  ->  Sort  (cost=3942.50..3945.02 rows=1008 width=121)
	        Sort Key: c
	        ->  Bitmap Heap Scan on sbtest5  (cost=22.77..3892.22 rows=1008 width=121)
	              Recheck Cond: ((id >= 2435251) AND (id <= 2436250))
	              ->  Bitmap Index Scan on sbtest5_pkey  (cost=0.00..22.51 rows=1008 width=0)
	                    Index Cond: ((id >= 2435251) AND (id <= 2436250))

table 6 : explain SELECT DISTINCT c FROM sbtest6 WHERE id BETWEEN 1498177 AND 1499176 ORDER BY c
	Unique  (cost=3643.95..3648.60 rows=930 width=121)
	  ->  Sort  (cost=3643.95..3646.27 rows=930 width=121)
	        Sort Key: c
	        ->  Bitmap Heap Scan on sbtest6  (cost=21.97..3598.09 rows=930 width=121)
	              Recheck Cond: ((id >= 1498177) AND (id <= 1499176))
	              ->  Bitmap Index Scan on sbtest6_pkey  (cost=0.00..21.73 rows=930 width=0)
	                    Index Cond: ((id >= 1498177) AND (id <= 1499176))

table 7 : explain SELECT DISTINCT c FROM sbtest7 WHERE id BETWEEN 9729559 AND 9730558 ORDER BY c
	Unique  (cost=4050.66..4055.84 rows=1036 width=121)
	  ->  Sort  (cost=4050.66..4053.25 rows=1036 width=121)
	        Sort Key: c
	        ->  Bitmap Heap Scan on sbtest7  (cost=23.05..3998.77 rows=1036 width=121)
	              Recheck Cond: ((id >= 9729559) AND (id <= 9730558))
	              ->  Bitmap Index Scan on sbtest7_pkey  (cost=0.00..22.79 rows=1036 width=0)
	                    Index Cond: ((id >= 9729559) AND (id <= 9730558))

table 8 : explain SELECT DISTINCT c FROM sbtest8 WHERE id BETWEEN 4225563 AND 4226562 ORDER BY c
	Unique  (cost=4119.57..4124.84 rows=1053 width=121)
	  ->  Sort  (cost=4119.57..4122.21 rows=1053 width=121)
	        Sort Key: c
	        ->  Bitmap Heap Scan on sbtest8  (cost=27.23..4066.71 rows=1053 width=121)
	              Recheck Cond: ((id >= 4225563) AND (id <= 4226562))
	              ->  Bitmap Index Scan on sbtest8_pkey  (cost=0.00..26.96 rows=1053 width=0)
	                    Index Cond: ((id >= 4225563) AND (id <= 4226562))

for: distinct_ranges
table 1 : explain SELECT DISTINCT c FROM sbtest1 WHERE id BETWEEN 6636995 AND 6637994 ORDER BY c
	Unique  (cost=3829.22..3834.12 rows=979 width=121)
	  ->  Sort  (cost=3829.22..3831.67 rows=979 width=121)
	        Sort Key: c
	        ->  Bitmap Heap Scan on sbtest1  (cost=22.47..3780.59 rows=979 width=121)
	              Recheck Cond: ((id >= 6636995) AND (id <= 6637994))
	              ->  Bitmap Index Scan on sbtest1_pkey  (cost=0.00..22.22 rows=979 width=0)
	                    Index Cond: ((id >= 6636995) AND (id <= 6637994))

table 2 : explain SELECT DISTINCT c FROM sbtest2 WHERE id BETWEEN 9909333 AND 9910332 ORDER BY c
	Unique  (cost=3903.04..3908.03 rows=998 width=121)
	  ->  Sort  (cost=3903.04..3905.53 rows=998 width=121)
	        Sort Key: c
	        ->  Bitmap Heap Scan on sbtest2  (cost=22.66..3853.32 rows=998 width=121)
	              Recheck Cond: ((id >= 9909333) AND (id <= 9910332))
	              ->  Bitmap Index Scan on sbtest2_pkey  (cost=0.00..22.41 rows=998 width=0)
	                    Index Cond: ((id >= 9909333) AND (id <= 9910332))

table 3 : explain SELECT DISTINCT c FROM sbtest3 WHERE id BETWEEN 5943105 AND 5944104 ORDER BY c
	Unique  (cost=3971.90..3976.98 rows=1016 width=121)
	  ->  Sort  (cost=3971.90..3974.44 rows=1016 width=121)
	        Sort Key: c
	        ->  Bitmap Heap Scan on sbtest3  (cost=22.85..3921.16 rows=1016 width=121)
	              Recheck Cond: ((id >= 5943105) AND (id <= 5944104))
	              ->  Bitmap Index Scan on sbtest3_pkey  (cost=0.00..22.59 rows=1016 width=0)
	                    Index Cond: ((id >= 5943105) AND (id <= 5944104))

table 4 : explain SELECT DISTINCT c FROM sbtest4 WHERE id BETWEEN 4518885 AND 4519884 ORDER BY c
	Unique  (cost=3896.59..3901.57 rows=996 width=121)
	  ->  Sort  (cost=3896.59..3899.08 rows=996 width=121)
	        Sort Key: c
	        ->  Bitmap Heap Scan on sbtest4  (cost=22.64..3846.99 rows=996 width=121)
	              Recheck Cond: ((id >= 4518885) AND (id <= 4519884))
	              ->  Bitmap Index Scan on sbtest4_pkey  (cost=0.00..22.39 rows=996 width=0)
	                    Index Cond: ((id >= 4518885) AND (id <= 4519884))

table 5 : explain SELECT DISTINCT c FROM sbtest5 WHERE id BETWEEN 8162507 AND 8163506 ORDER BY c
	Unique  (cost=4076.26..4081.47 rows=1043 width=121)
	  ->  Sort  (cost=4076.26..4078.87 rows=1043 width=121)
	        Sort Key: c
	        ->  Bitmap Heap Scan on sbtest5  (cost=23.13..4023.97 rows=1043 width=121)
	              Recheck Cond: ((id >= 8162507) AND (id <= 8163506))
	              ->  Bitmap Index Scan on sbtest5_pkey  (cost=0.00..22.86 rows=1043 width=0)
	                    Index Cond: ((id >= 8162507) AND (id <= 8163506))

table 6 : explain SELECT DISTINCT c FROM sbtest6 WHERE id BETWEEN 2977850 AND 2978849 ORDER BY c
	Unique  (cost=3548.07..3552.60 rows=905 width=121)
	  ->  Sort  (cost=3548.07..3550.34 rows=905 width=121)
	        Sort Key: c
	        ->  Bitmap Heap Scan on sbtest6  (cost=21.71..3503.63 rows=905 width=121)
	              Recheck Cond: ((id >= 2977850) AND (id <= 2978849))
	              ->  Bitmap Index Scan on sbtest6_pkey  (cost=0.00..21.48 rows=905 width=0)
	                    Index Cond: ((id >= 2977850) AND (id <= 2978849))

table 7 : explain SELECT DISTINCT c FROM sbtest7 WHERE id BETWEEN 964524 AND 965523 ORDER BY c
	Unique  (cost=3935.95..3940.98 rows=1006 width=121)
	  ->  Sort  (cost=3935.95..3938.46 rows=1006 width=121)
	        Sort Key: c
	        ->  Bitmap Heap Scan on sbtest7  (cost=22.75..3885.77 rows=1006 width=121)
	              Recheck Cond: ((id >= 964524) AND (id <= 965523))
	              ->  Bitmap Index Scan on sbtest7_pkey  (cost=0.00..22.50 rows=1006 width=0)
	                    Index Cond: ((id >= 964524) AND (id <= 965523))

table 8 : explain SELECT DISTINCT c FROM sbtest8 WHERE id BETWEEN 5901793 AND 5902792 ORDER BY c
	Unique  (cost=3955.03..3960.09 rows=1011 width=121)
	  ->  Sort  (cost=3955.03..3957.56 rows=1011 width=121)
	        Sort Key: c
	        ->  Bitmap Heap Scan on sbtest8  (cost=22.80..3904.58 rows=1011 width=121)
	              Recheck Cond: ((id >= 5901793) AND (id <= 5902792))
	              ->  Bitmap Index Scan on sbtest8_pkey  (cost=0.00..22.54 rows=1011 width=0)
	                    Index Cond: ((id >= 5901793) AND (id <= 5902792))

for: simple_ranges
table 1 : explain SELECT c FROM sbtest1 WHERE id BETWEEN 9823298 AND 9824297
	Bitmap Heap Scan on sbtest1  (cost=22.72..3870.95 rows=1003 width=121)
	  Recheck Cond: ((id >= 9823298) AND (id <= 9824297))
	  ->  Bitmap Index Scan on sbtest1_pkey  (cost=0.00..22.46 rows=1003 width=0)
	        Index Cond: ((id >= 9823298) AND (id <= 9824297))

table 2 : explain SELECT c FROM sbtest2 WHERE id BETWEEN 593660 AND 594659
	Bitmap Heap Scan on sbtest2  (cost=22.88..3932.38 rows=1019 width=121)
	  Recheck Cond: ((id >= 593660) AND (id <= 594659))
	  ->  Bitmap Index Scan on sbtest2_pkey  (cost=0.00..22.62 rows=1019 width=0)
	        Index Cond: ((id >= 593660) AND (id <= 594659))

table 3 : explain SELECT c FROM sbtest3 WHERE id BETWEEN 1796621 AND 1797620
	Bitmap Heap Scan on sbtest3  (cost=23.02..3985.13 rows=1033 width=121)
	  Recheck Cond: ((id >= 1796621) AND (id <= 1797620))
	  ->  Bitmap Index Scan on sbtest3_pkey  (cost=0.00..22.76 rows=1033 width=0)
	        Index Cond: ((id >= 1796621) AND (id <= 1797620))

table 4 : explain SELECT c FROM sbtest4 WHERE id BETWEEN 7275932 AND 7276931
	Bitmap Heap Scan on sbtest4  (cost=22.55..3813.07 rows=987 width=121)
	  Recheck Cond: ((id >= 7275932) AND (id <= 7276931))
	  ->  Bitmap Index Scan on sbtest4_pkey  (cost=0.00..22.30 rows=987 width=0)
	        Index Cond: ((id >= 7275932) AND (id <= 7276931))

table 5 : explain SELECT c FROM sbtest5 WHERE id BETWEEN 4673614 AND 4674613
	Bitmap Heap Scan on sbtest5  (cost=27.76..4260.98 rows=1105 width=121)
	  Recheck Cond: ((id >= 4673614) AND (id <= 4674613))
	  ->  Bitmap Index Scan on sbtest5_pkey  (cost=0.00..27.48 rows=1105 width=0)
	        Index Cond: ((id >= 4673614) AND (id <= 4674613))

table 6 : explain SELECT c FROM sbtest6 WHERE id BETWEEN 4988859 AND 4989858
	Bitmap Heap Scan on sbtest6  (cost=21.77..3526.31 rows=911 width=121)
	  Recheck Cond: ((id >= 4988859) AND (id <= 4989858))
	  ->  Bitmap Index Scan on sbtest6_pkey  (cost=0.00..21.54 rows=911 width=0)
	        Index Cond: ((id >= 4988859) AND (id <= 4989858))

table 7 : explain SELECT c FROM sbtest7 WHERE id BETWEEN 184972 AND 185971
	Bitmap Heap Scan on sbtest7  (cost=22.97..3968.65 rows=1028 width=121)
	  Recheck Cond: ((id >= 184972) AND (id <= 185971))
	  ->  Bitmap Index Scan on sbtest7_pkey  (cost=0.00..22.71 rows=1028 width=0)
	        Index Cond: ((id >= 184972) AND (id <= 185971))

table 8 : explain SELECT c FROM sbtest8 WHERE id BETWEEN 7363585 AND 7364584
	Bitmap Heap Scan on sbtest8  (cost=22.84..3919.65 rows=1015 width=121)
	  Recheck Cond: ((id >= 7363585) AND (id <= 7364584))
	  ->  Bitmap Index Scan on sbtest8_pkey  (cost=0.00..22.58 rows=1015 width=0)
	        Index Cond: ((id >= 7363585) AND (id <= 7364584))

for: sum_ranges
table 1 : explain SELECT SUM(k) FROM sbtest1 WHERE id BETWEEN 6986659 AND 6987658
	Aggregate  (cost=3560.42..3560.43 rows=1 width=8)
	  ->  Bitmap Heap Scan on sbtest1  (cost=21.87..3558.12 rows=920 width=4)
	        Recheck Cond: ((id >= 6986659) AND (id <= 6987658))
	        ->  Bitmap Index Scan on sbtest1_pkey  (cost=0.00..21.64 rows=920 width=0)
	              Index Cond: ((id >= 6986659) AND (id <= 6987658))

table 2 : explain SELECT SUM(k) FROM sbtest2 WHERE id BETWEEN 8913012 AND 8914011
	Aggregate  (cost=3882.20..3882.21 rows=1 width=8)
	  ->  Bitmap Heap Scan on sbtest2  (cost=22.74..3879.68 rows=1005 width=4)
	        Recheck Cond: ((id >= 8913012) AND (id <= 8914011))
	        ->  Bitmap Index Scan on sbtest2_pkey  (cost=0.00..22.48 rows=1005 width=0)
	              Index Cond: ((id >= 8913012) AND (id <= 8914011))

table 3 : explain SELECT SUM(k) FROM sbtest3 WHERE id BETWEEN 8769193 AND 8770192
	Aggregate  (cost=3848.35..3848.36 rows=1 width=8)
	  ->  Bitmap Heap Scan on sbtest3  (cost=22.64..3845.86 rows=996 width=4)
	        Recheck Cond: ((id >= 8769193) AND (id <= 8770192))
	        ->  Bitmap Index Scan on sbtest3_pkey  (cost=0.00..22.39 rows=996 width=0)
	              Index Cond: ((id >= 8769193) AND (id <= 8770192))

table 4 : explain SELECT SUM(k) FROM sbtest4 WHERE id BETWEEN 1426402 AND 1427401
	Aggregate  (cost=3641.90..3641.91 rows=1 width=8)
	  ->  Bitmap Heap Scan on sbtest4  (cost=22.08..3639.55 rows=941 width=4)
	        Recheck Cond: ((id >= 1426402) AND (id <= 1427401))
	        ->  Bitmap Index Scan on sbtest4_pkey  (cost=0.00..21.84 rows=941 width=0)
	              Index Cond: ((id >= 1426402) AND (id <= 1427401))

table 5 : explain SELECT SUM(k) FROM sbtest5 WHERE id BETWEEN 8814059 AND 8815058
	Aggregate  (cost=3717.45..3717.46 rows=1 width=8)
	  ->  Bitmap Heap Scan on sbtest5  (cost=22.29..3715.05 rows=961 width=4)
	        Recheck Cond: ((id >= 8814059) AND (id <= 8815058))
	        ->  Bitmap Index Scan on sbtest5_pkey  (cost=0.00..22.04 rows=961 width=0)
	              Index Cond: ((id >= 8814059) AND (id <= 8815058))

table 6 : explain SELECT SUM(k) FROM sbtest6 WHERE id BETWEEN 8186434 AND 8187433
	Aggregate  (cost=4222.49..4222.50 rows=1 width=8)
	  ->  Bitmap Heap Scan on sbtest6  (cost=27.65..4219.76 rows=1094 width=4)
	        Recheck Cond: ((id >= 8186434) AND (id <= 8187433))
	        ->  Bitmap Index Scan on sbtest6_pkey  (cost=0.00..27.37 rows=1094 width=0)
	              Index Cond: ((id >= 8186434) AND (id <= 8187433))

table 7 : explain SELECT SUM(k) FROM sbtest7 WHERE id BETWEEN 1357505 AND 1358504
	Aggregate  (cost=4219.88..4219.89 rows=1 width=8)
	  ->  Bitmap Heap Scan on sbtest7  (cost=27.64..4217.15 rows=1093 width=4)
	        Recheck Cond: ((id >= 1357505) AND (id <= 1358504))
	        ->  Bitmap Index Scan on sbtest7_pkey  (cost=0.00..27.36 rows=1093 width=0)
	              Index Cond: ((id >= 1357505) AND (id <= 1358504))

table 8 : explain SELECT SUM(k) FROM sbtest8 WHERE id BETWEEN 8242362 AND 8243361
	Aggregate  (cost=4253.68..4253.69 rows=1 width=8)
	  ->  Bitmap Heap Scan on sbtest8  (cost=27.73..4250.92 rows=1102 width=4)
	        Recheck Cond: ((id >= 8242362) AND (id <= 8243361))
	        ->  Bitmap Index Scan on sbtest8_pkey  (cost=0.00..27.45 rows=1102 width=0)
	              Index Cond: ((id >= 8242362) AND (id <= 8243361))

for point_selects
table 1 : explain SELECT c FROM sbtest1 WHERE id=3485973
	Index Scan using sbtest1_pkey on sbtest1  (cost=0.43..8.45 rows=1 width=121)
	  Index Cond: (id = 3485973)

table 2 : explain SELECT c FROM sbtest2 WHERE id=8497009
	Index Scan using sbtest2_pkey on sbtest2  (cost=0.43..8.45 rows=1 width=121)
	  Index Cond: (id = 8497009)

table 3 : explain SELECT c FROM sbtest3 WHERE id=7910282
	Index Scan using sbtest3_pkey on sbtest3  (cost=0.43..8.45 rows=1 width=121)
	  Index Cond: (id = 7910282)

table 4 : explain SELECT c FROM sbtest4 WHERE id=6640660
	Index Scan using sbtest4_pkey on sbtest4  (cost=0.43..8.45 rows=1 width=121)
	  Index Cond: (id = 6640660)

table 5 : explain SELECT c FROM sbtest5 WHERE id=1494554
	Index Scan using sbtest5_pkey on sbtest5  (cost=0.43..8.45 rows=1 width=121)
	  Index Cond: (id = 1494554)

table 6 : explain SELECT c FROM sbtest6 WHERE id=1857071
	Index Scan using sbtest6_pkey on sbtest6  (cost=0.43..8.45 rows=1 width=121)
	  Index Cond: (id = 1857071)

table 7 : explain SELECT c FROM sbtest7 WHERE id=221844
	Index Scan using sbtest7_pkey on sbtest7  (cost=0.43..8.45 rows=1 width=121)
	  Index Cond: (id = 221844)

table 8 : explain SELECT c FROM sbtest8 WHERE id=3782282
	Index Scan using sbtest8_pkey on sbtest8  (cost=0.43..8.45 rows=1 width=121)
	  Index Cond: (id = 3782282)

for: sum_ranges
table 1 : explain SELECT SUM(k) FROM sbtest1 WHERE id BETWEEN 2055114 AND 2056113
	Aggregate  (cost=3628.39..3628.40 rows=1 width=8)
	  ->  Bitmap Heap Scan on sbtest1  (cost=22.05..3626.04 rows=938 width=4)
	        Recheck Cond: ((id >= 2055114) AND (id <= 2056113))
	        ->  Bitmap Index Scan on sbtest1_pkey  (cost=0.00..21.82 rows=938 width=0)
	              Index Cond: ((id >= 2055114) AND (id <= 2056113))

table 2 : explain SELECT SUM(k) FROM sbtest2 WHERE id BETWEEN 8488572 AND 8489571
	Aggregate  (cost=3686.10..3686.11 rows=1 width=8)
	  ->  Bitmap Heap Scan on sbtest2  (cost=22.20..3683.72 rows=953 width=4)
	        Recheck Cond: ((id >= 8488572) AND (id <= 8489571))
	        ->  Bitmap Index Scan on sbtest2_pkey  (cost=0.00..21.96 rows=953 width=0)
	              Index Cond: ((id >= 8488572) AND (id <= 8489571))

table 3 : explain SELECT SUM(k) FROM sbtest3 WHERE id BETWEEN 7807311 AND 7808310
	Aggregate  (cost=4224.84..4224.85 rows=1 width=8)
	  ->  Bitmap Heap Scan on sbtest3  (cost=27.66..4222.10 rows=1095 width=4)
	        Recheck Cond: ((id >= 7807311) AND (id <= 7808310))
	        ->  Bitmap Index Scan on sbtest3_pkey  (cost=0.00..27.39 rows=1095 width=0)
	              Index Cond: ((id >= 7807311) AND (id <= 7808310))

table 4 : explain SELECT SUM(k) FROM sbtest4 WHERE id BETWEEN 516815 AND 517814
	Aggregate  (cost=4022.79..4022.80 rows=1 width=8)
	  ->  Bitmap Heap Scan on sbtest4  (cost=23.12..4020.18 rows=1042 width=4)
	        Recheck Cond: ((id >= 516815) AND (id <= 517814))
	        ->  Bitmap Index Scan on sbtest4_pkey  (cost=0.00..22.86 rows=1042 width=0)
	              Index Cond: ((id >= 516815) AND (id <= 517814))

table 5 : explain SELECT SUM(k) FROM sbtest5 WHERE id BETWEEN 6213206 AND 6214205
	Aggregate  (cost=3868.35..3868.36 rows=1 width=8)
	  ->  Bitmap Heap Scan on sbtest5  (cost=22.70..3865.85 rows=1001 width=4)
	        Recheck Cond: ((id >= 6213206) AND (id <= 6214205))
	        ->  Bitmap Index Scan on sbtest5_pkey  (cost=0.00..22.44 rows=1001 width=0)
	              Index Cond: ((id >= 6213206) AND (id <= 6214205))

table 6 : explain SELECT SUM(k) FROM sbtest6 WHERE id BETWEEN 2808513 AND 2809512
	Aggregate  (cost=3766.58..3766.59 rows=1 width=8)
	  ->  Bitmap Heap Scan on sbtest6  (cost=22.42..3764.15 rows=974 width=4)
	        Recheck Cond: ((id >= 2808513) AND (id <= 2809512))
	        ->  Bitmap Index Scan on sbtest6_pkey  (cost=0.00..22.18 rows=974 width=0)
	              Index Cond: ((id >= 2808513) AND (id <= 2809512))

table 7 : explain SELECT SUM(k) FROM sbtest7 WHERE id BETWEEN 172188 AND 173187
	Aggregate  (cost=3971.22..3971.23 rows=1 width=8)
	  ->  Bitmap Heap Scan on sbtest7  (cost=22.97..3968.65 rows=1028 width=4)
	        Recheck Cond: ((id >= 172188) AND (id <= 173187))
	        ->  Bitmap Index Scan on sbtest7_pkey  (cost=0.00..22.71 rows=1028 width=0)
	              Index Cond: ((id >= 172188) AND (id <= 173187))

table 8 : explain SELECT SUM(k) FROM sbtest8 WHERE id BETWEEN 9665567 AND 9666566
	Aggregate  (cost=3971.18..3971.19 rows=1 width=8)
	  ->  Bitmap Heap Scan on sbtest8  (cost=22.97..3968.61 rows=1028 width=4)
	        Recheck Cond: ((id >= 9665567) AND (id <= 9666566))
	        ->  Bitmap Index Scan on sbtest8_pkey  (cost=0.00..22.71 rows=1028 width=0)
	              Index Cond: ((id >= 9665567) AND (id <= 9666566))

explain: for point_selects :: explain SELECT c FROM sbtest%u WHERE id=%u
for: order_ranges
table 1 : explain SELECT c FROM sbtest1 WHERE id BETWEEN 4278015 AND 4279014 ORDER BY c
	Sort  (cost=3649.38..3651.71 rows=932 width=121)
	  Sort Key: c
	  ->  Bitmap Heap Scan on sbtest1  (cost=21.99..3603.41 rows=932 width=121)
	        Recheck Cond: ((id >= 4278015) AND (id <= 4279014))
	        ->  Bitmap Index Scan on sbtest1_pkey  (cost=0.00..21.75 rows=932 width=0)
	              Index Cond: ((id >= 4278015) AND (id <= 4279014))

table 2 : explain SELECT c FROM sbtest2 WHERE id BETWEEN 5431236 AND 5432235 ORDER BY c
	Sort  (cost=4132.20..4134.85 rows=1058 width=121)
	  Sort Key: c
	  ->  Bitmap Heap Scan on sbtest2  (cost=23.28..4079.05 rows=1058 width=121)
	        Recheck Cond: ((id >= 5431236) AND (id <= 5432235))
	        ->  Bitmap Index Scan on sbtest2_pkey  (cost=0.00..23.01 rows=1058 width=0)
	              Index Cond: ((id >= 5431236) AND (id <= 5432235))

table 3 : explain SELECT c FROM sbtest3 WHERE id BETWEEN 646907 AND 647906 ORDER BY c
	Sort  (cost=4086.48..4089.09 rows=1046 width=121)
	  Sort Key: c
	  ->  Bitmap Heap Scan on sbtest3  (cost=23.16..4034.02 rows=1046 width=121)
	        Recheck Cond: ((id >= 646907) AND (id <= 647906))
	        ->  Bitmap Index Scan on sbtest3_pkey  (cost=0.00..22.89 rows=1046 width=0)
	              Index Cond: ((id >= 646907) AND (id <= 647906))

table 4 : explain SELECT c FROM sbtest4 WHERE id BETWEEN 3594246 AND 3595245 ORDER BY c
	Sort  (cost=3636.20..3638.52 rows=928 width=121)
	  Sort Key: c
	  ->  Bitmap Heap Scan on sbtest4  (cost=21.95..3590.46 rows=928 width=121)
	        Recheck Cond: ((id >= 3594246) AND (id <= 3595245))
	        ->  Bitmap Index Scan on sbtest4_pkey  (cost=0.00..21.71 rows=928 width=0)
	              Index Cond: ((id >= 3594246) AND (id <= 3595245))

table 5 : explain SELECT c FROM sbtest5 WHERE id BETWEEN 453621 AND 454620 ORDER BY c
	Sort  (cost=3574.87..3577.15 rows=912 width=121)
	  Sort Key: c
	  ->  Bitmap Heap Scan on sbtest5  (cost=21.78..3530.03 rows=912 width=121)
	        Recheck Cond: ((id >= 453621) AND (id <= 454620))
	        ->  Bitmap Index Scan on sbtest5_pkey  (cost=0.00..21.55 rows=912 width=0)
	              Index Cond: ((id >= 453621) AND (id <= 454620))

table 6 : explain SELECT c FROM sbtest6 WHERE id BETWEEN 8132213 AND 8133212 ORDER BY c
	Sort  (cost=3797.18..3799.61 rows=970 width=121)
	  Sort Key: c
	  ->  Bitmap Heap Scan on sbtest6  (cost=22.38..3749.06 rows=970 width=121)
	        Recheck Cond: ((id >= 8132213) AND (id <= 8133212))
	        ->  Bitmap Index Scan on sbtest6_pkey  (cost=0.00..22.14 rows=970 width=0)
	              Index Cond: ((id >= 8132213) AND (id <= 8133212))

table 7 : explain SELECT c FROM sbtest7 WHERE id BETWEEN 3171003 AND 3172002 ORDER BY c
	Sort  (cost=3943.60..3946.12 rows=1008 width=121)
	  Sort Key: c
	  ->  Bitmap Heap Scan on sbtest7  (cost=22.77..3893.31 rows=1008 width=121)
	        Recheck Cond: ((id >= 3171003) AND (id <= 3172002))
	        ->  Bitmap Index Scan on sbtest7_pkey  (cost=0.00..22.51 rows=1008 width=0)
	              Index Cond: ((id >= 3171003) AND (id <= 3172002))

table 8 : explain SELECT c FROM sbtest8 WHERE id BETWEEN 3723148 AND 3724147 ORDER BY c
	Sort  (cost=3882.34..3884.82 rows=992 width=121)
	  Sort Key: c
	  ->  Bitmap Heap Scan on sbtest8  (cost=22.60..3832.97 rows=992 width=121)
	        Recheck Cond: ((id >= 3723148) AND (id <= 3724147))
	        ->  Bitmap Index Scan on sbtest8_pkey  (cost=0.00..22.36 rows=992 width=0)
	              Index Cond: ((id >= 3723148) AND (id <= 3724147))

for: simple_ranges
table 1 : explain SELECT c FROM sbtest1 WHERE id BETWEEN 9966058 AND 9967057
	Bitmap Heap Scan on sbtest1  (cost=22.74..3878.48 rows=1005 width=121)
	  Recheck Cond: ((id >= 9966058) AND (id <= 9967057))
	  ->  Bitmap Index Scan on sbtest1_pkey  (cost=0.00..22.48 rows=1005 width=0)
	        Index Cond: ((id >= 9966058) AND (id <= 9967057))

table 2 : explain SELECT c FROM sbtest2 WHERE id BETWEEN 6035434 AND 6036433
	Bitmap Heap Scan on sbtest2  (cost=22.16..3668.63 rows=949 width=121)
	  Recheck Cond: ((id >= 6035434) AND (id <= 6036433))
	  ->  Bitmap Index Scan on sbtest2_pkey  (cost=0.00..21.93 rows=949 width=0)
	        Index Cond: ((id >= 6035434) AND (id <= 6036433))

table 3 : explain SELECT c FROM sbtest3 WHERE id BETWEEN 20667 AND 21666
	Bitmap Heap Scan on sbtest3  (cost=22.44..3770.51 rows=976 width=121)
	  Recheck Cond: ((id >= 20667) AND (id <= 21666))
	  ->  Bitmap Index Scan on sbtest3_pkey  (cost=0.00..22.19 rows=976 width=0)
	        Index Cond: ((id >= 20667) AND (id <= 21666))

table 4 : explain SELECT c FROM sbtest4 WHERE id BETWEEN 6920463 AND 6921462
	Bitmap Heap Scan on sbtest4  (cost=27.84..4287.25 rows=1113 width=121)
	  Recheck Cond: ((id >= 6920463) AND (id <= 6921462))
	  ->  Bitmap Index Scan on sbtest4_pkey  (cost=0.00..27.57 rows=1113 width=0)
	        Index Cond: ((id >= 6920463) AND (id <= 6921462))

table 5 : explain SELECT c FROM sbtest5 WHERE id BETWEEN 7593357 AND 7594356
	Bitmap Heap Scan on sbtest5  (cost=23.11..4016.45 rows=1041 width=121)
	  Recheck Cond: ((id >= 7593357) AND (id <= 7594356))
	  ->  Bitmap Index Scan on sbtest5_pkey  (cost=0.00..22.84 rows=1041 width=0)
	        Index Cond: ((id >= 7593357) AND (id <= 7594356))

table 6 : explain SELECT c FROM sbtest6 WHERE id BETWEEN 6345315 AND 6346314
	Bitmap Heap Scan on sbtest6  (cost=22.64..3847.08 rows=996 width=121)
	  Recheck Cond: ((id >= 6345315) AND (id <= 6346314))
	  ->  Bitmap Index Scan on sbtest6_pkey  (cost=0.00..22.39 rows=996 width=0)
	        Index Cond: ((id >= 6345315) AND (id <= 6346314))

table 7 : explain SELECT c FROM sbtest7 WHERE id BETWEEN 516946 AND 517945
	Bitmap Heap Scan on sbtest7  (cost=23.04..3995.01 rows=1035 width=121)
	  Recheck Cond: ((id >= 516946) AND (id <= 517945))
	  ->  Bitmap Index Scan on sbtest7_pkey  (cost=0.00..22.79 rows=1035 width=0)
	        Index Cond: ((id >= 516946) AND (id <= 517945))

table 8 : explain SELECT c FROM sbtest8 WHERE id BETWEEN 8397823 AND 8398822
	Bitmap Heap Scan on sbtest8  (cost=22.20..3685.83 rows=953 width=121)
	  Recheck Cond: ((id >= 8397823) AND (id <= 8398822))
	  ->  Bitmap Index Scan on sbtest8_pkey  (cost=0.00..21.96 rows=953 width=0)
	        Index Cond: ((id >= 8397823) AND (id <= 8398822))

for: order_ranges
table 1 : explain SELECT c FROM sbtest1 WHERE id BETWEEN 5086198 AND 5087197 ORDER BY c
	Sort  (cost=3768.03..3770.44 rows=963 width=121)
	  Sort Key: c
	  ->  Bitmap Heap Scan on sbtest1  (cost=22.31..3720.31 rows=963 width=121)
	        Recheck Cond: ((id >= 5086198) AND (id <= 5087197))
	        ->  Bitmap Index Scan on sbtest1_pkey  (cost=0.00..22.07 rows=963 width=0)
	              Index Cond: ((id >= 5086198) AND (id <= 5087197))

table 2 : explain SELECT c FROM sbtest2 WHERE id BETWEEN 4018136 AND 4019135 ORDER BY c
	Sort  (cost=4074.95..4077.56 rows=1043 width=121)
	  Sort Key: c
	  ->  Bitmap Heap Scan on sbtest2  (cost=23.13..4022.66 rows=1043 width=121)
	        Recheck Cond: ((id >= 4018136) AND (id <= 4019135))
	        ->  Bitmap Index Scan on sbtest2_pkey  (cost=0.00..22.86 rows=1043 width=0)
	              Index Cond: ((id >= 4018136) AND (id <= 4019135))

table 3 : explain SELECT c FROM sbtest3 WHERE id BETWEEN 2482638 AND 2483637 ORDER BY c
	Sort  (cost=3734.77..3737.16 rows=954 width=121)
	  Sort Key: c
	  ->  Bitmap Heap Scan on sbtest3  (cost=22.21..3687.56 rows=954 width=121)
	        Recheck Cond: ((id >= 2482638) AND (id <= 2483637))
	        ->  Bitmap Index Scan on sbtest3_pkey  (cost=0.00..21.97 rows=954 width=0)
	              Index Cond: ((id >= 2482638) AND (id <= 2483637))

table 4 : explain SELECT c FROM sbtest4 WHERE id BETWEEN 7299658 AND 7300657 ORDER BY c
	Sort  (cost=3862.16..3864.62 rows=987 width=121)
	  Sort Key: c
	  ->  Bitmap Heap Scan on sbtest4  (cost=22.55..3813.07 rows=987 width=121)
	        Recheck Cond: ((id >= 7299658) AND (id <= 7300657))
	        ->  Bitmap Index Scan on sbtest4_pkey  (cost=0.00..22.30 rows=987 width=0)
	              Index Cond: ((id >= 7299658) AND (id <= 7300657))

table 5 : explain SELECT c FROM sbtest5 WHERE id BETWEEN 1271036 AND 1272035 ORDER BY c
	Sort  (cost=4339.79..4342.57 rows=1112 width=121)
	  Sort Key: c
	  ->  Bitmap Heap Scan on sbtest5  (cost=27.83..4283.53 rows=1112 width=121)
	        Recheck Cond: ((id >= 1271036) AND (id <= 1272035))
	        ->  Bitmap Index Scan on sbtest5_pkey  (cost=0.00..27.55 rows=1112 width=0)
	              Index Cond: ((id >= 1271036) AND (id <= 1272035))

table 6 : explain SELECT c FROM sbtest6 WHERE id BETWEEN 4147087 AND 4148086 ORDER BY c
	Sort  (cost=3980.81..3983.35 rows=1018 width=121)
	  Sort Key: c
	  ->  Bitmap Heap Scan on sbtest6  (cost=22.87..3929.95 rows=1018 width=121)
	        Recheck Cond: ((id >= 4147087) AND (id <= 4148086))
	        ->  Bitmap Index Scan on sbtest6_pkey  (cost=0.00..22.61 rows=1018 width=0)
	              Index Cond: ((id >= 4147087) AND (id <= 4148086))

table 7 : explain SELECT c FROM sbtest7 WHERE id BETWEEN 5763304 AND 5764303 ORDER BY c
	Sort  (cost=3890.03..3892.52 rows=994 width=121)
	  Sort Key: c
	  ->  Bitmap Heap Scan on sbtest7  (cost=22.62..3840.54 rows=994 width=121)
	        Recheck Cond: ((id >= 5763304) AND (id <= 5764303))
	        ->  Bitmap Index Scan on sbtest7_pkey  (cost=0.00..22.37 rows=994 width=0)
	              Index Cond: ((id >= 5763304) AND (id <= 5764303))

table 8 : explain SELECT c FROM sbtest8 WHERE id BETWEEN 4511327 AND 4512326 ORDER BY c
	Sort  (cost=4023.86..4026.44 rows=1029 width=121)
	  Sort Key: c
	  ->  Bitmap Heap Scan on sbtest8  (cost=22.98..3972.38 rows=1029 width=121)
	        Recheck Cond: ((id >= 4511327) AND (id <= 4512326))
	        ->  Bitmap Index Scan on sbtest8_pkey  (cost=0.00..22.72 rows=1029 width=0)
	              Index Cond: ((id >= 4511327) AND (id <= 4512326))

for: distinct_ranges
table 1 : explain SELECT DISTINCT c FROM sbtest1 WHERE id BETWEEN 3840261 AND 3841260 ORDER BY c
	Unique  (cost=3676.18..3680.87 rows=939 width=121)
	  ->  Sort  (cost=3676.18..3678.53 rows=939 width=121)
	        Sort Key: c
	        ->  Bitmap Heap Scan on sbtest1  (cost=22.06..3629.82 rows=939 width=121)
	              Recheck Cond: ((id >= 3840261) AND (id <= 3841260))
	              ->  Bitmap Index Scan on sbtest1_pkey  (cost=0.00..21.82 rows=939 width=0)
	                    Index Cond: ((id >= 3840261) AND (id <= 3841260))

table 2 : explain SELECT DISTINCT c FROM sbtest2 WHERE id BETWEEN 1473641 AND 1474640 ORDER BY c
	Unique  (cost=4414.52..4420.18 rows=1132 width=121)
	  ->  Sort  (cost=4414.52..4417.35 rows=1132 width=121)
	        Sort Key: c
	        ->  Bitmap Heap Scan on sbtest2  (cost=28.04..4357.10 rows=1132 width=121)
	              Recheck Cond: ((id >= 1473641) AND (id <= 1474640))
	              ->  Bitmap Index Scan on sbtest2_pkey  (cost=0.00..27.75 rows=1132 width=0)
	                    Index Cond: ((id >= 1473641) AND (id <= 1474640))

table 3 : explain SELECT DISTINCT c FROM sbtest3 WHERE id BETWEEN 7703146 AND 7704145 ORDER BY c
	Unique  (cost=3983.37..3988.46 rows=1019 width=121)
	  ->  Sort  (cost=3983.37..3985.91 rows=1019 width=121)
	        Sort Key: c
	        ->  Bitmap Heap Scan on sbtest3  (cost=22.88..3932.45 rows=1019 width=121)
	              Recheck Cond: ((id >= 7703146) AND (id <= 7704145))
	              ->  Bitmap Index Scan on sbtest3_pkey  (cost=0.00..22.62 rows=1019 width=0)
	                    Index Cond: ((id >= 7703146) AND (id <= 7704145))

table 4 : explain SELECT DISTINCT c FROM sbtest4 WHERE id BETWEEN 951336 AND 952335 ORDER BY c
	Unique  (cost=3831.54..3836.44 rows=979 width=121)
	  ->  Sort  (cost=3831.54..3833.99 rows=979 width=121)
	        Sort Key: c
	        ->  Bitmap Heap Scan on sbtest4  (cost=22.47..3782.91 rows=979 width=121)
	              Recheck Cond: ((id >= 951336) AND (id <= 952335))
	              ->  Bitmap Index Scan on sbtest4_pkey  (cost=0.00..22.22 rows=979 width=0)
	                    Index Cond: ((id >= 951336) AND (id <= 952335))

table 5 : explain SELECT DISTINCT c FROM sbtest5 WHERE id BETWEEN 8858985 AND 8859984 ORDER BY c
	Unique  (cost=3762.66..3767.46 rows=961 width=121)
	  ->  Sort  (cost=3762.66..3765.06 rows=961 width=121)
	        Sort Key: c
	        ->  Bitmap Heap Scan on sbtest5  (cost=22.29..3715.05 rows=961 width=121)
	              Recheck Cond: ((id >= 8858985) AND (id <= 8859984))
	              ->  Bitmap Index Scan on sbtest5_pkey  (cost=0.00..22.04 rows=961 width=0)
	                    Index Cond: ((id >= 8858985) AND (id <= 8859984))

table 6 : explain SELECT DISTINCT c FROM sbtest6 WHERE id BETWEEN 5289558 AND 5290557 ORDER BY c
	Unique  (cost=3709.10..3713.83 rows=947 width=121)
	  ->  Sort  (cost=3709.10..3711.47 rows=947 width=121)
	        Sort Key: c
	        ->  Bitmap Heap Scan on sbtest6  (cost=22.14..3662.28 rows=947 width=121)
	              Recheck Cond: ((id >= 5289558) AND (id <= 5290557))
	              ->  Bitmap Index Scan on sbtest6_pkey  (cost=0.00..21.90 rows=947 width=0)
	                    Index Cond: ((id >= 5289558) AND (id <= 5290557))

table 7 : explain SELECT DISTINCT c FROM sbtest7 WHERE id BETWEEN 3181196 AND 3182195 ORDER BY c
	Unique  (cost=3943.60..3948.64 rows=1008 width=121)
	  ->  Sort  (cost=3943.60..3946.12 rows=1008 width=121)
	        Sort Key: c
	        ->  Bitmap Heap Scan on sbtest7  (cost=22.77..3893.31 rows=1008 width=121)
	              Recheck Cond: ((id >= 3181196) AND (id <= 3182195))
	              ->  Bitmap Index Scan on sbtest7_pkey  (cost=0.00..22.51 rows=1008 width=0)
	                    Index Cond: ((id >= 3181196) AND (id <= 3182195))

table 8 : explain SELECT DISTINCT c FROM sbtest8 WHERE id BETWEEN 7689490 AND 7690489 ORDER BY c
	Unique  (cost=3602.63..3607.22 rows=919 width=121)
	  ->  Sort  (cost=3602.63..3604.93 rows=919 width=121)
	        Sort Key: c
	        ->  Bitmap Heap Scan on sbtest8  (cost=21.85..3557.40 rows=919 width=121)
	              Recheck Cond: ((id >= 7689490) AND (id <= 7690489))
	              ->  Bitmap Index Scan on sbtest8_pkey  (cost=0.00..21.62 rows=919 width=0)
	                    Index Cond: ((id >= 7689490) AND (id <= 7690489))

for point_selects
table 1 : explain SELECT c FROM sbtest1 WHERE id=7897044
	Index Scan using sbtest1_pkey on sbtest1  (cost=0.43..8.45 rows=1 width=121)
	  Index Cond: (id = 7897044)

table 2 : explain SELECT c FROM sbtest2 WHERE id=1278796
	Index Scan using sbtest2_pkey on sbtest2  (cost=0.43..8.45 rows=1 width=121)
	  Index Cond: (id = 1278796)

table 3 : explain SELECT c FROM sbtest3 WHERE id=4862558
	Index Scan using sbtest3_pkey on sbtest3  (cost=0.43..8.45 rows=1 width=121)
	  Index Cond: (id = 4862558)

table 4 : explain SELECT c FROM sbtest4 WHERE id=5328884
	Index Scan using sbtest4_pkey on sbtest4  (cost=0.43..8.45 rows=1 width=121)
	  Index Cond: (id = 5328884)

table 5 : explain SELECT c FROM sbtest5 WHERE id=4832325
	Index Scan using sbtest5_pkey on sbtest5  (cost=0.43..8.45 rows=1 width=121)
	  Index Cond: (id = 4832325)

table 6 : explain SELECT c FROM sbtest6 WHERE id=6840755
	Index Scan using sbtest6_pkey on sbtest6  (cost=0.43..8.45 rows=1 width=121)
	  Index Cond: (id = 6840755)

table 7 : explain SELECT c FROM sbtest7 WHERE id=8093418
	Index Scan using sbtest7_pkey on sbtest7  (cost=0.43..8.45 rows=1 width=121)
	  Index Cond: (id = 8093418)

table 8 : explain SELECT c FROM sbtest8 WHERE id=820212
	Index Scan using sbtest8_pkey on sbtest8  (cost=0.43..8.45 rows=1 width=121)
	  Index Cond: (id = 820212)

for: sum_ranges
table 1 : explain SELECT SUM(k) FROM sbtest1 WHERE id BETWEEN 7164910 AND 7165909
	Aggregate  (cost=3647.26..3647.27 rows=1 width=8)
	  ->  Bitmap Heap Scan on sbtest1  (cost=22.10..3644.90 rows=943 width=4)
	        Recheck Cond: ((id >= 7164910) AND (id <= 7165909))
	        ->  Bitmap Index Scan on sbtest1_pkey  (cost=0.00..21.86 rows=943 width=0)
	              Index Cond: ((id >= 7164910) AND (id <= 7165909))

table 2 : explain SELECT SUM(k) FROM sbtest2 WHERE id BETWEEN 7301784 AND 7302783
	Aggregate  (cost=4085.46..4085.47 rows=1 width=8)
	  ->  Bitmap Heap Scan on sbtest2  (cost=23.29..4082.81 rows=1059 width=4)
	        Recheck Cond: ((id >= 7301784) AND (id <= 7302783))
	        ->  Bitmap Index Scan on sbtest2_pkey  (cost=0.00..23.02 rows=1059 width=0)
	              Index Cond: ((id >= 7301784) AND (id <= 7302783))

table 3 : explain SELECT SUM(k) FROM sbtest3 WHERE id BETWEEN 5943531 AND 5944530
	Aggregate  (cost=3923.70..3923.71 rows=1 width=8)
	  ->  Bitmap Heap Scan on sbtest3  (cost=22.85..3921.16 rows=1016 width=4)
	        Recheck Cond: ((id >= 5943531) AND (id <= 5944530))
	        ->  Bitmap Index Scan on sbtest3_pkey  (cost=0.00..22.59 rows=1016 width=0)
	              Index Cond: ((id >= 5943531) AND (id <= 5944530))

table 4 : explain SELECT SUM(k) FROM sbtest4 WHERE id BETWEEN 5743307 AND 5744306
	Aggregate  (cost=3604.11..3604.12 rows=1 width=8)
	  ->  Bitmap Heap Scan on sbtest4  (cost=21.98..3601.79 rows=931 width=4)
	        Recheck Cond: ((id >= 5743307) AND (id <= 5744306))
	        ->  Bitmap Index Scan on sbtest4_pkey  (cost=0.00..21.75 rows=931 width=0)
	              Index Cond: ((id >= 5743307) AND (id <= 5744306))

table 5 : explain SELECT SUM(k) FROM sbtest5 WHERE id BETWEEN 129711 AND 130710
	Aggregate  (cost=3551.21..3551.22 rows=1 width=8)
	  ->  Bitmap Heap Scan on sbtest5  (cost=21.83..3548.92 rows=917 width=4)
	        Recheck Cond: ((id >= 129711) AND (id <= 130710))
	        ->  Bitmap Index Scan on sbtest5_pkey  (cost=0.00..21.61 rows=917 width=0)
	              Index Cond: ((id >= 129711) AND (id <= 130710))

table 6 : explain SELECT SUM(k) FROM sbtest6 WHERE id BETWEEN 2072855 AND 2073854
	Aggregate  (cost=4308.93..4308.94 rows=1 width=8)
	  ->  Bitmap Heap Scan on sbtest6  (cost=27.89..4306.13 rows=1118 width=4)
	        Recheck Cond: ((id >= 2072855) AND (id <= 2073854))
	        ->  Bitmap Index Scan on sbtest6_pkey  (cost=0.00..27.61 rows=1118 width=0)
	              Index Cond: ((id >= 2072855) AND (id <= 2073854))

table 7 : explain SELECT SUM(k) FROM sbtest7 WHERE id BETWEEN 182385 AND 183384
	Aggregate  (cost=3971.22..3971.23 rows=1 width=8)
	  ->  Bitmap Heap Scan on sbtest7  (cost=22.97..3968.65 rows=1028 width=4)
	        Recheck Cond: ((id >= 182385) AND (id <= 183384))
	        ->  Bitmap Index Scan on sbtest7_pkey  (cost=0.00..22.71 rows=1028 width=0)
	              Index Cond: ((id >= 182385) AND (id <= 183384))

table 8 : explain SELECT SUM(k) FROM sbtest8 WHERE id BETWEEN 4765350 AND 4766349
	Aggregate  (cost=3377.99..3378.00 rows=1 width=8)
	  ->  Bitmap Heap Scan on sbtest8  (cost=21.36..3375.81 rows=871 width=4)
	        Recheck Cond: ((id >= 4765350) AND (id <= 4766349))
	        ->  Bitmap Index Scan on sbtest8_pkey  (cost=0.00..21.14 rows=871 width=0)
	              Index Cond: ((id >= 4765350) AND (id <= 4766349))

for: distinct_ranges
table 1 : explain SELECT DISTINCT c FROM sbtest1 WHERE id BETWEEN 6403482 AND 6404481 ORDER BY c
	Unique  (cost=3836.87..3841.78 rows=981 width=121)
	  ->  Sort  (cost=3836.87..3839.32 rows=981 width=121)
	        Sort Key: c
	        ->  Bitmap Heap Scan on sbtest1  (cost=22.49..3788.12 rows=981 width=121)
	              Recheck Cond: ((id >= 6403482) AND (id <= 6404481))
	              ->  Bitmap Index Scan on sbtest1_pkey  (cost=0.00..22.25 rows=981 width=0)
	                    Index Cond: ((id >= 6403482) AND (id <= 6404481))

table 2 : explain SELECT DISTINCT c FROM sbtest2 WHERE id BETWEEN 7729295 AND 7730294 ORDER BY c
	Unique  (cost=3822.73..3827.61 rows=977 width=121)
	  ->  Sort  (cost=3822.73..3825.17 rows=977 width=121)
	        Sort Key: c
	        ->  Bitmap Heap Scan on sbtest2  (cost=22.45..3774.21 rows=977 width=121)
	              Recheck Cond: ((id >= 7729295) AND (id <= 7730294))
	              ->  Bitmap Index Scan on sbtest2_pkey  (cost=0.00..22.20 rows=977 width=0)
	                    Index Cond: ((id >= 7729295) AND (id <= 7730294))

table 3 : explain SELECT DISTINCT c FROM sbtest3 WHERE id BETWEEN 2684803 AND 2685802 ORDER BY c
	Unique  (cost=3834.27..3839.17 rows=980 width=121)
	  ->  Sort  (cost=3834.27..3836.72 rows=980 width=121)
	        Sort Key: c
	        ->  Bitmap Heap Scan on sbtest3  (cost=22.48..3785.58 rows=980 width=121)
	              Recheck Cond: ((id >= 2684803) AND (id <= 2685802))
	              ->  Bitmap Index Scan on sbtest3_pkey  (cost=0.00..22.23 rows=980 width=0)
	                    Index Cond: ((id >= 2684803) AND (id <= 2685802))

table 4 : explain SELECT DISTINCT c FROM sbtest4 WHERE id BETWEEN 684778 AND 685777 ORDER BY c
	Unique  (cost=3777.95..3782.78 rows=965 width=121)
	  ->  Sort  (cost=3777.95..3780.36 rows=965 width=121)
	        Sort Key: c
	        ->  Bitmap Heap Scan on sbtest4  (cost=22.33..3730.11 rows=965 width=121)
	              Recheck Cond: ((id >= 684778) AND (id <= 685777))
	              ->  Bitmap Index Scan on sbtest4_pkey  (cost=0.00..22.08 rows=965 width=0)
	                    Index Cond: ((id >= 684778) AND (id <= 685777))

table 5 : explain SELECT DISTINCT c FROM sbtest5 WHERE id BETWEEN 3584798 AND 3585797 ORDER BY c
	Unique  (cost=3574.87..3579.43 rows=912 width=121)
	  ->  Sort  (cost=3574.87..3577.15 rows=912 width=121)
	        Sort Key: c
	        ->  Bitmap Heap Scan on sbtest5  (cost=21.78..3530.03 rows=912 width=121)
	              Recheck Cond: ((id >= 3584798) AND (id <= 3585797))
	              ->  Bitmap Index Scan on sbtest5_pkey  (cost=0.00..21.55 rows=912 width=0)
	                    Index Cond: ((id >= 3584798) AND (id <= 3585797))

table 6 : explain SELECT DISTINCT c FROM sbtest6 WHERE id BETWEEN 5188782 AND 5189781 ORDER BY c
	Unique  (cost=4041.95..4047.12 rows=1034 width=121)
	  ->  Sort  (cost=4041.95..4044.54 rows=1034 width=121)
	        Sort Key: c
	        ->  Bitmap Heap Scan on sbtest6  (cost=23.03..3990.18 rows=1034 width=121)
	              Recheck Cond: ((id >= 5188782) AND (id <= 5189781))
	              ->  Bitmap Index Scan on sbtest6_pkey  (cost=0.00..22.77 rows=1034 width=0)
	                    Index Cond: ((id >= 5188782) AND (id <= 5189781))

table 7 : explain SELECT DISTINCT c FROM sbtest7 WHERE id BETWEEN 7544971 AND 7545970 ORDER BY c
	Unique  (cost=3985.67..3990.76 rows=1019 width=121)
	  ->  Sort  (cost=3985.67..3988.21 rows=1019 width=121)
	        Sort Key: c
	        ->  Bitmap Heap Scan on sbtest7  (cost=22.88..3934.75 rows=1019 width=121)
	              Recheck Cond: ((id >= 7544971) AND (id <= 7545970))
	              ->  Bitmap Index Scan on sbtest7_pkey  (cost=0.00..22.62 rows=1019 width=0)
	                    Index Cond: ((id >= 7544971) AND (id <= 7545970))

table 8 : explain SELECT DISTINCT c FROM sbtest8 WHERE id BETWEEN 8540082 AND 8541081 ORDER BY c
	Unique  (cost=3671.66..3676.35 rows=937 width=121)
	  ->  Sort  (cost=3671.66..3674.00 rows=937 width=121)
	        Sort Key: c
	        ->  Bitmap Heap Scan on sbtest8  (cost=22.04..3625.41 rows=937 width=121)
	              Recheck Cond: ((id >= 8540082) AND (id <= 8541081))
	              ->  Bitmap Index Scan on sbtest8_pkey  (cost=0.00..21.80 rows=937 width=0)
	                    Index Cond: ((id >= 8540082) AND (id <= 8541081))

for: simple_ranges
table 1 : explain SELECT c FROM sbtest1 WHERE id BETWEEN 3103277 AND 3104276
	Bitmap Heap Scan on sbtest1  (cost=22.79..3897.30 rows=1010 width=121)
	  Recheck Cond: ((id >= 3103277) AND (id <= 3104276))
	  ->  Bitmap Index Scan on sbtest1_pkey  (cost=0.00..22.54 rows=1010 width=0)
	        Index Cond: ((id >= 3103277) AND (id <= 3104276))

table 2 : explain SELECT c FROM sbtest2 WHERE id BETWEEN 2038372 AND 2039371
	Bitmap Heap Scan on sbtest2  (cost=22.56..3815.66 rows=988 width=121)
	  Recheck Cond: ((id >= 2038372) AND (id <= 2039371))
	  ->  Bitmap Index Scan on sbtest2_pkey  (cost=0.00..22.32 rows=988 width=0)
	        Index Cond: ((id >= 2038372) AND (id <= 2039371))

table 3 : explain SELECT c FROM sbtest3 WHERE id BETWEEN 8651402 AND 8652401
	Bitmap Heap Scan on sbtest3  (cost=22.49..3789.35 rows=981 width=121)
	  Recheck Cond: ((id >= 8651402) AND (id <= 8652401))
	  ->  Bitmap Index Scan on sbtest3_pkey  (cost=0.00..22.25 rows=981 width=0)
	        Index Cond: ((id >= 8651402) AND (id <= 8652401))

table 4 : explain SELECT c FROM sbtest4 WHERE id BETWEEN 9034526 AND 9035525
	Bitmap Heap Scan on sbtest4  (cost=22.15..3665.97 rows=948 width=121)
	  Recheck Cond: ((id >= 9034526) AND (id <= 9035525))
	  ->  Bitmap Index Scan on sbtest4_pkey  (cost=0.00..21.91 rows=948 width=0)
	        Index Cond: ((id >= 9034526) AND (id <= 9035525))

table 5 : explain SELECT c FROM sbtest5 WHERE id BETWEEN 3563630 AND 3564629
	Bitmap Heap Scan on sbtest5  (cost=21.79..3533.81 rows=913 width=121)
	  Recheck Cond: ((id >= 3563630) AND (id <= 3564629))
	  ->  Bitmap Index Scan on sbtest5_pkey  (cost=0.00..21.57 rows=913 width=0)
	        Index Cond: ((id >= 3563630) AND (id <= 3564629))

table 6 : explain SELECT c FROM sbtest6 WHERE id BETWEEN 477453 AND 478452
	Bitmap Heap Scan on sbtest6  (cost=21.57..3450.69 rows=891 width=121)
	  Recheck Cond: ((id >= 477453) AND (id <= 478452))
	  ->  Bitmap Index Scan on sbtest6_pkey  (cost=0.00..21.34 rows=891 width=0)
	        Index Cond: ((id >= 477453) AND (id <= 478452))

table 7 : explain SELECT c FROM sbtest7 WHERE id BETWEEN 1562013 AND 1563012
	Bitmap Heap Scan on sbtest7  (cost=22.20..3685.87 rows=953 width=121)
	  Recheck Cond: ((id >= 1562013) AND (id <= 1563012))
	  ->  Bitmap Index Scan on sbtest7_pkey  (cost=0.00..21.96 rows=953 width=0)
	        Index Cond: ((id >= 1562013) AND (id <= 1563012))

table 8 : explain SELECT c FROM sbtest8 WHERE id BETWEEN 8343837 AND 8344836
	Bitmap Heap Scan on sbtest8  (cost=22.07..3636.74 rows=940 width=121)
	  Recheck Cond: ((id >= 8343837) AND (id <= 8344836))
	  ->  Bitmap Index Scan on sbtest8_pkey  (cost=0.00..21.83 rows=940 width=0)
	        Index Cond: ((id >= 8343837) AND (id <= 8344836))

for: order_ranges
table 1 : explain SELECT c FROM sbtest1 WHERE id BETWEEN 5838563 AND 5839562 ORDER BY c
	Sort  (cost=3450.07..3452.27 rows=880 width=121)
	  Sort Key: c
	  ->  Bitmap Heap Scan on sbtest1  (cost=21.45..3407.03 rows=880 width=121)
	        Recheck Cond: ((id >= 5838563) AND (id <= 5839562))
	        ->  Bitmap Index Scan on sbtest1_pkey  (cost=0.00..21.23 rows=880 width=0)
	              Index Cond: ((id >= 5838563) AND (id <= 5839562))

table 2 : explain SELECT c FROM sbtest2 WHERE id BETWEEN 8279590 AND 8280589 ORDER BY c
	Sort  (cost=3784.47..3786.88 rows=967 width=121)
	  Sort Key: c
	  ->  Bitmap Heap Scan on sbtest2  (cost=22.35..3736.51 rows=967 width=121)
	        Recheck Cond: ((id >= 8279590) AND (id <= 8280589))
	        ->  Bitmap Index Scan on sbtest2_pkey  (cost=0.00..22.11 rows=967 width=0)
	              Index Cond: ((id >= 8279590) AND (id <= 8280589))

table 3 : explain SELECT c FROM sbtest3 WHERE id BETWEEN 333541 AND 334540 ORDER BY c
	Sort  (cost=3792.19..3794.61 rows=969 width=121)
	  Sort Key: c
	  ->  Bitmap Heap Scan on sbtest3  (cost=22.37..3744.12 rows=969 width=121)
	        Recheck Cond: ((id >= 333541) AND (id <= 334540))
	        ->  Bitmap Index Scan on sbtest3_pkey  (cost=0.00..22.12 rows=969 width=0)
	              Index Cond: ((id >= 333541) AND (id <= 334540))

table 4 : explain SELECT c FROM sbtest4 WHERE id BETWEEN 9281526 AND 9282525 ORDER BY c
	Sort  (cost=4301.56..4304.31 rows=1101 width=121)
	  Sort Key: c
	  ->  Bitmap Heap Scan on sbtest4  (cost=27.72..4245.93 rows=1101 width=121)
	        Recheck Cond: ((id >= 9281526) AND (id <= 9282525))
	        ->  Bitmap Index Scan on sbtest4_pkey  (cost=0.00..27.44 rows=1101 width=0)
	              Index Cond: ((id >= 9281526) AND (id <= 9282525))

table 5 : explain SELECT c FROM sbtest5 WHERE id BETWEEN 8440485 AND 8441484 ORDER BY c
	Sort  (cost=3540.34..3542.60 rows=903 width=121)
	  Sort Key: c
	  ->  Bitmap Heap Scan on sbtest5  (cost=21.69..3496.01 rows=903 width=121)
	        Recheck Cond: ((id >= 8440485) AND (id <= 8441484))
	        ->  Bitmap Index Scan on sbtest5_pkey  (cost=0.00..21.46 rows=903 width=0)
	              Index Cond: ((id >= 8440485) AND (id <= 8441484))

table 6 : explain SELECT c FROM sbtest6 WHERE id BETWEEN 1307317 AND 1308316 ORDER BY c
	Sort  (cost=3911.98..3914.48 rows=1000 width=121)
	  Sort Key: c
	  ->  Bitmap Heap Scan on sbtest6  (cost=22.68..3862.15 rows=1000 width=121)
	        Recheck Cond: ((id >= 1307317) AND (id <= 1308316))
	        ->  Bitmap Index Scan on sbtest6_pkey  (cost=0.00..22.43 rows=1000 width=0)
	              Index Cond: ((id >= 1307317) AND (id <= 1308316))

table 7 : explain SELECT c FROM sbtest7 WHERE id BETWEEN 1814163 AND 1815162 ORDER BY c
	Sort  (cost=3782.83..3785.24 rows=966 width=121)
	  Sort Key: c
	  ->  Bitmap Heap Scan on sbtest7  (cost=22.34..3734.93 rows=966 width=121)
	        Recheck Cond: ((id >= 1814163) AND (id <= 1815162))
	        ->  Bitmap Index Scan on sbtest7_pkey  (cost=0.00..22.09 rows=966 width=0)
	              Index Cond: ((id >= 1814163) AND (id <= 1815162))

table 8 : explain SELECT c FROM sbtest8 WHERE id BETWEEN 2451137 AND 2452136 ORDER BY c
	Sort  (cost=4023.86..4026.44 rows=1029 width=121)
	  Sort Key: c
	  ->  Bitmap Heap Scan on sbtest8  (cost=22.98..3972.38 rows=1029 width=121)
	        Recheck Cond: ((id >= 2451137) AND (id <= 2452136))
	        ->  Bitmap Index Scan on sbtest8_pkey  (cost=0.00..22.72 rows=1029 width=0)
	              Index Cond: ((id >= 2451137) AND (id <= 2452136))

for: sum_ranges
table 1 : explain SELECT SUM(k) FROM sbtest1 WHERE id BETWEEN 3160166 AND 3161165
	Aggregate  (cost=3975.10..3975.11 rows=1 width=8)
	  ->  Bitmap Heap Scan on sbtest1  (cost=22.99..3972.52 rows=1030 width=4)
	        Recheck Cond: ((id >= 3160166) AND (id <= 3161165))
	        ->  Bitmap Index Scan on sbtest1_pkey  (cost=0.00..22.73 rows=1030 width=0)
	              Index Cond: ((id >= 3160166) AND (id <= 3161165))

table 2 : explain SELECT SUM(k) FROM sbtest2 WHERE id BETWEEN 3038265 AND 3039264
	Aggregate  (cost=4412.45..4412.46 rows=1 width=8)
	  ->  Bitmap Heap Scan on sbtest2  (cost=28.18..4409.58 rows=1146 width=4)
	        Recheck Cond: ((id >= 3038265) AND (id <= 3039264))
	        ->  Bitmap Index Scan on sbtest2_pkey  (cost=0.00..27.89 rows=1146 width=0)
	              Index Cond: ((id >= 3038265) AND (id <= 3039264))

table 3 : explain SELECT SUM(k) FROM sbtest3 WHERE id BETWEEN 2783018 AND 2784017
	Aggregate  (cost=4085.53..4085.54 rows=1 width=8)
	  ->  Bitmap Heap Scan on sbtest3  (cost=23.29..4082.89 rows=1059 width=4)
	        Recheck Cond: ((id >= 2783018) AND (id <= 2784017))
	        ->  Bitmap Index Scan on sbtest3_pkey  (cost=0.00..23.02 rows=1059 width=0)
	              Index Cond: ((id >= 2783018) AND (id <= 2784017))

table 4 : explain SELECT SUM(k) FROM sbtest4 WHERE id BETWEEN 3869733 AND 3870732
	Aggregate  (cost=3604.11..3604.12 rows=1 width=8)
	  ->  Bitmap Heap Scan on sbtest4  (cost=21.98..3601.79 rows=931 width=4)
	        Recheck Cond: ((id >= 3869733) AND (id <= 3870732))
	        ->  Bitmap Index Scan on sbtest4_pkey  (cost=0.00..21.75 rows=931 width=0)
	              Index Cond: ((id >= 3869733) AND (id <= 3870732))

table 5 : explain SELECT SUM(k) FROM sbtest5 WHERE id BETWEEN 3611087 AND 3612086
	Aggregate  (cost=3532.31..3532.32 rows=1 width=8)
	  ->  Bitmap Heap Scan on sbtest5  (cost=21.78..3530.03 rows=912 width=4)
	        Recheck Cond: ((id >= 3611087) AND (id <= 3612086))
	        ->  Bitmap Index Scan on sbtest5_pkey  (cost=0.00..21.55 rows=912 width=0)
	              Index Cond: ((id >= 3611087) AND (id <= 3612086))

table 6 : explain SELECT SUM(k) FROM sbtest6 WHERE id BETWEEN 9274506 AND 9275505
	Aggregate  (cost=3842.03..3842.04 rows=1 width=8)
	  ->  Bitmap Heap Scan on sbtest6  (cost=22.62..3839.54 rows=994 width=4)
	        Recheck Cond: ((id >= 9274506) AND (id <= 9275505))
	        ->  Bitmap Index Scan on sbtest6_pkey  (cost=0.00..22.37 rows=994 width=0)
	              Index Cond: ((id >= 9274506) AND (id <= 9275505))

table 7 : explain SELECT SUM(k) FROM sbtest7 WHERE id BETWEEN 1330562 AND 1331561
	Aggregate  (cost=4219.88..4219.89 rows=1 width=8)
	  ->  Bitmap Heap Scan on sbtest7  (cost=27.64..4217.15 rows=1093 width=4)
	        Recheck Cond: ((id >= 1330562) AND (id <= 1331561))
	        ->  Bitmap Index Scan on sbtest7_pkey  (cost=0.00..27.36 rows=1093 width=0)
	              Index Cond: ((id >= 1330562) AND (id <= 1331561))

table 8 : explain SELECT SUM(k) FROM sbtest8 WHERE id BETWEEN 4093267 AND 4094266
	Aggregate  (cost=3820.36..3820.37 rows=1 width=8)
	  ->  Bitmap Heap Scan on sbtest8  (cost=22.56..3817.89 rows=988 width=4)
	        Recheck Cond: ((id >= 4093267) AND (id <= 4094266))
	        ->  Bitmap Index Scan on sbtest8_pkey  (cost=0.00..22.32 rows=988 width=0)
	              Index Cond: ((id >= 4093267) AND (id <= 4094266))

for: distinct_ranges
table 1 : explain SELECT DISTINCT c FROM sbtest1 WHERE id BETWEEN 6489052 AND 6490051 ORDER BY c
	Unique  (cost=3997.34..4002.46 rows=1023 width=121)
	  ->  Sort  (cost=3997.34..3999.90 rows=1023 width=121)
	        Sort Key: c
	        ->  Bitmap Heap Scan on sbtest1  (cost=22.92..3946.20 rows=1023 width=121)
	              Recheck Cond: ((id >= 6489052) AND (id <= 6490051))
	              ->  Bitmap Index Scan on sbtest1_pkey  (cost=0.00..22.66 rows=1023 width=0)
	                    Index Cond: ((id >= 6489052) AND (id <= 6490051))

table 2 : explain SELECT DISTINCT c FROM sbtest2 WHERE id BETWEEN 8367759 AND 8368758 ORDER BY c
	Unique  (cost=4006.22..4011.34 rows=1025 width=121)
	  ->  Sort  (cost=4006.22..4008.78 rows=1025 width=121)
	        Sort Key: c
	        ->  Bitmap Heap Scan on sbtest2  (cost=22.94..3954.96 rows=1025 width=121)
	              Recheck Cond: ((id >= 8367759) AND (id <= 8368758))
	              ->  Bitmap Index Scan on sbtest2_pkey  (cost=0.00..22.68 rows=1025 width=0)
	                    Index Cond: ((id >= 8367759) AND (id <= 8368758))

table 3 : explain SELECT DISTINCT c FROM sbtest3 WHERE id BETWEEN 6336775 AND 6337774 ORDER BY c
	Unique  (cost=3861.05..3865.98 rows=987 width=121)
	  ->  Sort  (cost=3861.05..3863.51 rows=987 width=121)
	        Sort Key: c
	        ->  Bitmap Heap Scan on sbtest3  (cost=22.55..3811.96 rows=987 width=121)
	              Recheck Cond: ((id >= 6336775) AND (id <= 6337774))
	              ->  Bitmap Index Scan on sbtest3_pkey  (cost=0.00..22.30 rows=987 width=0)
	                    Index Cond: ((id >= 6336775) AND (id <= 6337774))

table 4 : explain SELECT DISTINCT c FROM sbtest4 WHERE id BETWEEN 3514490 AND 3515489 ORDER BY c
	Unique  (cost=3636.20..3640.84 rows=928 width=121)
	  ->  Sort  (cost=3636.20..3638.52 rows=928 width=121)
	        Sort Key: c
	        ->  Bitmap Heap Scan on sbtest4  (cost=21.95..3590.46 rows=928 width=121)
	              Recheck Cond: ((id >= 3514490) AND (id <= 3515489))
	              ->  Bitmap Index Scan on sbtest4_pkey  (cost=0.00..21.71 rows=928 width=0)
	                    Index Cond: ((id >= 3514490) AND (id <= 3515489))

table 5 : explain SELECT DISTINCT c FROM sbtest5 WHERE id BETWEEN 1756786 AND 1757785 ORDER BY c
	Unique  (cost=3877.48..3882.44 rows=991 width=121)
	  ->  Sort  (cost=3877.48..3879.96 rows=991 width=121)
	        Sort Key: c
	        ->  Bitmap Heap Scan on sbtest5  (cost=22.59..3828.17 rows=991 width=121)
	              Recheck Cond: ((id >= 1756786) AND (id <= 1757785))
	              ->  Bitmap Index Scan on sbtest5_pkey  (cost=0.00..22.34 rows=991 width=0)
	                    Index Cond: ((id >= 1756786) AND (id <= 1757785))

table 6 : explain SELECT DISTINCT c FROM sbtest6 WHERE id BETWEEN 1662108 AND 1663107 ORDER BY c
	Unique  (cost=3946.40..3951.44 rows=1009 width=121)
	  ->  Sort  (cost=3946.40..3948.92 rows=1009 width=121)
	        Sort Key: c
	        ->  Bitmap Heap Scan on sbtest6  (cost=22.78..3896.06 rows=1009 width=121)
	              Recheck Cond: ((id >= 1662108) AND (id <= 1663107))
	              ->  Bitmap Index Scan on sbtest6_pkey  (cost=0.00..22.52 rows=1009 width=0)
	                    Index Cond: ((id >= 1662108) AND (id <= 1663107))

table 7 : explain SELECT DISTINCT c FROM sbtest7 WHERE id BETWEEN 2175153 AND 2176152 ORDER BY c
	Unique  (cost=3955.07..3960.13 rows=1011 width=121)
	  ->  Sort  (cost=3955.07..3957.60 rows=1011 width=121)
	        Sort Key: c
	        ->  Bitmap Heap Scan on sbtest7  (cost=22.80..3904.61 rows=1011 width=121)
	              Recheck Cond: ((id >= 2175153) AND (id <= 2176152))
	              ->  Bitmap Index Scan on sbtest7_pkey  (cost=0.00..22.54 rows=1011 width=0)
	                    Index Cond: ((id >= 2175153) AND (id <= 2176152))

table 8 : explain SELECT DISTINCT c FROM sbtest8 WHERE id BETWEEN 6936680 AND 6937679 ORDER BY c
	Unique  (cost=3487.49..3491.93 rows=889 width=121)
	  ->  Sort  (cost=3487.49..3489.71 rows=889 width=121)
	        Sort Key: c
	        ->  Bitmap Heap Scan on sbtest8  (cost=21.55..3443.94 rows=889 width=121)
	              Recheck Cond: ((id >= 6936680) AND (id <= 6937679))
	              ->  Bitmap Index Scan on sbtest8_pkey  (cost=0.00..21.32 rows=889 width=0)
	                    Index Cond: ((id >= 6936680) AND (id <= 6937679))

for: order_ranges
table 1 : explain SELECT c FROM sbtest1 WHERE id BETWEEN 9605103 AND 9606102 ORDER BY c
	Sort  (cost=4104.20..4106.83 rows=1051 width=121)
	  Sort Key: c
	  ->  Bitmap Heap Scan on sbtest1  (cost=23.21..4051.46 rows=1051 width=121)
	        Recheck Cond: ((id >= 9605103) AND (id <= 9606102))
	        ->  Bitmap Index Scan on sbtest1_pkey  (cost=0.00..22.94 rows=1051 width=0)
	              Index Cond: ((id >= 9605103) AND (id <= 9606102))

table 2 : explain SELECT c FROM sbtest2 WHERE id BETWEEN 8619490 AND 8620489 ORDER BY c
	Sort  (cost=3481.75..3483.97 rows=888 width=121)
	  Sort Key: c
	  ->  Bitmap Heap Scan on sbtest2  (cost=21.54..3438.26 rows=888 width=121)
	        Recheck Cond: ((id >= 8619490) AND (id <= 8620489))
	        ->  Bitmap Index Scan on sbtest2_pkey  (cost=0.00..21.32 rows=888 width=0)
	              Index Cond: ((id >= 8619490) AND (id <= 8620489))

table 3 : explain SELECT c FROM sbtest3 WHERE id BETWEEN 8556235 AND 8557234 ORDER BY c
	Sort  (cost=3815.14..3817.58 rows=975 width=121)
	  Sort Key: c
	  ->  Bitmap Heap Scan on sbtest3  (cost=22.43..3766.74 rows=975 width=121)
	        Recheck Cond: ((id >= 8556235) AND (id <= 8557234))
	        ->  Bitmap Index Scan on sbtest3_pkey  (cost=0.00..22.18 rows=975 width=0)
	              Index Cond: ((id >= 8556235) AND (id <= 8557234))

table 4 : explain SELECT c FROM sbtest4 WHERE id BETWEEN 9898914 AND 9899913 ORDER BY c
	Sort  (cost=3731.99..3734.38 rows=953 width=121)
	  Sort Key: c
	  ->  Bitmap Heap Scan on sbtest4  (cost=22.20..3684.84 rows=953 width=121)
	        Recheck Cond: ((id >= 9898914) AND (id <= 9899913))
	        ->  Bitmap Index Scan on sbtest4_pkey  (cost=0.00..21.96 rows=953 width=0)
	              Index Cond: ((id >= 9898914) AND (id <= 9899913))

table 5 : explain SELECT c FROM sbtest5 WHERE id BETWEEN 9784811 AND 9785810 ORDER BY c
	Sort  (cost=3505.80..3508.04 rows=894 width=121)
	  Sort Key: c
	  ->  Bitmap Heap Scan on sbtest5  (cost=21.60..3461.98 rows=894 width=121)
	        Recheck Cond: ((id >= 9784811) AND (id <= 9785810))
	        ->  Bitmap Index Scan on sbtest5_pkey  (cost=0.00..21.37 rows=894 width=0)
	              Index Cond: ((id >= 9784811) AND (id <= 9785810))

table 6 : explain SELECT c FROM sbtest6 WHERE id BETWEEN 1593611 AND 1594610 ORDER BY c
	Sort  (cost=3889.03..3891.52 rows=994 width=121)
	  Sort Key: c
	  ->  Bitmap Heap Scan on sbtest6  (cost=22.62..3839.54 rows=994 width=121)
	        Recheck Cond: ((id >= 1593611) AND (id <= 1594610))
	        ->  Bitmap Index Scan on sbtest6_pkey  (cost=0.00..22.37 rows=994 width=0)
	              Index Cond: ((id >= 1593611) AND (id <= 1594610))

table 7 : explain SELECT c FROM sbtest7 WHERE id BETWEEN 2561517 AND 2562516 ORDER BY c
	Sort  (cost=4023.90..4026.47 rows=1029 width=121)
	  Sort Key: c
	  ->  Bitmap Heap Scan on sbtest7  (cost=22.98..3972.41 rows=1029 width=121)
	        Recheck Cond: ((id >= 2561517) AND (id <= 2562516))
	        ->  Bitmap Index Scan on sbtest7_pkey  (cost=0.00..22.72 rows=1029 width=0)
	              Index Cond: ((id >= 2561517) AND (id <= 2562516))

table 8 : explain SELECT c FROM sbtest8 WHERE id BETWEEN 3972784 AND 3973783 ORDER BY c
	Sort  (cost=3974.16..3976.70 rows=1016 width=121)
	  Sort Key: c
	  ->  Bitmap Heap Scan on sbtest8  (cost=22.85..3923.41 rows=1016 width=121)
	        Recheck Cond: ((id >= 3972784) AND (id <= 3973783))
	        ->  Bitmap Index Scan on sbtest8_pkey  (cost=0.00..22.59 rows=1016 width=0)
	              Index Cond: ((id >= 3972784) AND (id <= 3973783))

for: distinct_ranges
table 1 : explain SELECT DISTINCT c FROM sbtest1 WHERE id BETWEEN 3394973 AND 3395972 ORDER BY c
	Unique  (cost=3702.98..3707.71 rows=946 width=121)
	  ->  Sort  (cost=3702.98..3705.34 rows=946 width=121)
	        Sort Key: c
	        ->  Bitmap Heap Scan on sbtest1  (cost=22.13..3656.22 rows=946 width=121)
	              Recheck Cond: ((id >= 3394973) AND (id <= 3395972))
	              ->  Bitmap Index Scan on sbtest1_pkey  (cost=0.00..21.89 rows=946 width=0)
	                    Index Cond: ((id >= 3394973) AND (id <= 3395972))

table 2 : explain SELECT DISTINCT c FROM sbtest2 WHERE id BETWEEN 3667893 AND 3668892 ORDER BY c
	Unique  (cost=3661.94..3666.62 rows=935 width=121)
	  ->  Sort  (cost=3661.94..3664.28 rows=935 width=121)
	        Sort Key: c
	        ->  Bitmap Heap Scan on sbtest2  (cost=22.02..3615.80 rows=935 width=121)
	              Recheck Cond: ((id >= 3667893) AND (id <= 3668892))
	              ->  Bitmap Index Scan on sbtest2_pkey  (cost=0.00..21.79 rows=935 width=0)
	                    Index Cond: ((id >= 3667893) AND (id <= 3668892))

table 3 : explain SELECT DISTINCT c FROM sbtest3 WHERE id BETWEEN 3143158 AND 3144157 ORDER BY c
	Unique  (cost=3642.85..3647.50 rows=930 width=121)
	  ->  Sort  (cost=3642.85..3645.17 rows=930 width=121)
	        Sort Key: c
	        ->  Bitmap Heap Scan on sbtest3  (cost=21.97..3596.99 rows=930 width=121)
	              Recheck Cond: ((id >= 3143158) AND (id <= 3144157))
	              ->  Bitmap Index Scan on sbtest3_pkey  (cost=0.00..21.73 rows=930 width=0)
	                    Index Cond: ((id >= 3143158) AND (id <= 3144157))

table 4 : explain SELECT DISTINCT c FROM sbtest4 WHERE id BETWEEN 2567359 AND 2568358 ORDER BY c
	Unique  (cost=3996.00..4001.11 rows=1022 width=121)
	  ->  Sort  (cost=3996.00..3998.55 rows=1022 width=121)
	        Sort Key: c
	        ->  Bitmap Heap Scan on sbtest4  (cost=22.91..3944.91 rows=1022 width=121)
	              Recheck Cond: ((id >= 2567359) AND (id <= 2568358))
	              ->  Bitmap Index Scan on sbtest4_pkey  (cost=0.00..22.65 rows=1022 width=0)
	                    Index Cond: ((id >= 2567359) AND (id <= 2568358))

table 5 : explain SELECT DISTINCT c FROM sbtest5 WHERE id BETWEEN 1703684 AND 1704683 ORDER BY c
	Unique  (cost=3877.48..3882.44 rows=991 width=121)
	  ->  Sort  (cost=3877.48..3879.96 rows=991 width=121)
	        Sort Key: c
	        ->  Bitmap Heap Scan on sbtest5  (cost=22.59..3828.17 rows=991 width=121)
	              Recheck Cond: ((id >= 1703684) AND (id <= 1704683))
	              ->  Bitmap Index Scan on sbtest5_pkey  (cost=0.00..22.34 rows=991 width=0)
	                    Index Cond: ((id >= 1703684) AND (id <= 1704683))

table 6 : explain SELECT DISTINCT c FROM sbtest6 WHERE id BETWEEN 1359916 AND 1360915 ORDER BY c
	Unique  (cost=3957.87..3962.93 rows=1012 width=121)
	  ->  Sort  (cost=3957.87..3960.40 rows=1012 width=121)
	        Sort Key: c
	        ->  Bitmap Heap Scan on sbtest6  (cost=22.81..3907.36 rows=1012 width=121)
	              Recheck Cond: ((id >= 1359916) AND (id <= 1360915))
	              ->  Bitmap Index Scan on sbtest6_pkey  (cost=0.00..22.55 rows=1012 width=0)
	                    Index Cond: ((id >= 1359916) AND (id <= 1360915))

table 7 : explain SELECT DISTINCT c FROM sbtest7 WHERE id BETWEEN 472012 AND 473011 ORDER BY c
	Unique  (cost=4268.50..4273.96 rows=1092 width=121)
	  ->  Sort  (cost=4268.50..4271.23 rows=1092 width=121)
	        Sort Key: c
	        ->  Bitmap Heap Scan on sbtest7  (cost=27.63..4213.39 rows=1092 width=121)
	              Recheck Cond: ((id >= 472012) AND (id <= 473011))
	              ->  Bitmap Index Scan on sbtest7_pkey  (cost=0.00..27.36 rows=1092 width=0)
	                    Index Cond: ((id >= 472012) AND (id <= 473011))

table 8 : explain SELECT DISTINCT c FROM sbtest8 WHERE id BETWEEN 5250767 AND 5251766 ORDER BY c
	Unique  (cost=3905.30..3910.29 rows=998 width=121)
	  ->  Sort  (cost=3905.30..3907.80 rows=998 width=121)
	        Sort Key: c
	        ->  Bitmap Heap Scan on sbtest8  (cost=22.66..3855.59 rows=998 width=121)
	              Recheck Cond: ((id >= 5250767) AND (id <= 5251766))
	              ->  Bitmap Index Scan on sbtest8_pkey  (cost=0.00..22.41 rows=998 width=0)
	                    Index Cond: ((id >= 5250767) AND (id <= 5251766))

Threads started!

Warming up for 5 seconds...

SQL statistics:
    queries performed:
        read:                            159721865
        write:                           0
        other:                           29040359
        total:                           188762224
    transactions:                        14520199 (23047.69 per sec.)
    queries:                             188762224 (299619.45 per sec.)
    ignored errors:                      0      (0.00 per sec.)
    reconnects:                          0      (0.00 per sec.)

Throughput:
    events/s (eps):                      23047.6941
    time elapsed:                        630.0069s
    total number of events:              14520199

Latency (ms):
         min:                                    0.47
         avg:                                    1.73
         max:                                   17.90
         95th percentile:                        1.82
         sum:                             25185585.52

Threads fairness:
    events (avg/stddev):           363004.6500/1786.57
    execution time (avg/stddev):   629.6396/0.01

