LUA_PATH=/home/mdcallag/git/mytools/bench/sysbench.lua/lua/?.lua /home/mdcallag/git/mytools/bench/sysbench.lua/lua/sysbench --db-driver=pgsql --range-size=100 --table-size=10000000 --tables=8 --threads=40 --events=0 --warmup-time=5 --time=630 --pgsql_conn_id=true /home/mdcallag/git/mytools/bench/sysbench.lua/lua/oltp_range_covered.lua run --pgsql-user=root --pgsql-password=pw --pgsql-host=127.0.0.1 --pgsql-db=ib --rand-type=uniform --random-points=100 --skip-trx --on-id=false --covered=false
48 CPUs
sysbench 1.1.0-9072687 (using bundled LuaJIT 2.1.0-beta3)

Running the test with following options:
Number of threads: 40
Warmup time: 5s
Initializing random number generator from current time


Initializing worker threads...

explain: for range-notcovered :: explain SELECT k, c FROM sbtest%d WHERE k BETWEEN 5350525 AND 5350625
explain: for range-notcovered :: explain SELECT k, c FROM sbtest%d WHERE k BETWEEN 5290296 AND 5290396
explain: for range-notcovered :: explain SELECT k, c FROM sbtest%d WHERE k BETWEEN 3611629 AND 3611729
explain: for range-notcovered :: explain SELECT k, c FROM sbtest%d WHERE k BETWEEN 7051603 AND 7051703
explain: for range-notcovered :: explain SELECT k, c FROM sbtest%d WHERE k BETWEEN 3096934 AND 3097034
for range-notcovered
table 1 : explain SELECT k, c FROM sbtest1 WHERE k BETWEEN 5350525 AND 5350625
	Bitmap Heap Scan on sbtest1  (cost=5.40..377.79 rows=94 width=125)
	  Recheck Cond: ((k >= 5350525) AND (k <= 5350625))
	  ->  Bitmap Index Scan on k_1  (cost=0.00..5.38 rows=94 width=0)
	        Index Cond: ((k >= 5350525) AND (k <= 5350625))

table 2 : explain SELECT k, c FROM sbtest2 WHERE k BETWEEN 5350525 AND 5350625
	Bitmap Heap Scan on sbtest2  (cost=5.54..433.02 rows=108 width=125)
	  Recheck Cond: ((k >= 5350525) AND (k <= 5350625))
	  ->  Bitmap Index Scan on k_2  (cost=0.00..5.51 rows=108 width=0)
	        Index Cond: ((k >= 5350525) AND (k <= 5350625))

table 3 : explain SELECT k, c FROM sbtest3 WHERE k BETWEEN 5350525 AND 5350625
	Bitmap Heap Scan on sbtest3  (cost=5.52..425.14 rows=106 width=125)
	  Recheck Cond: ((k >= 5350525) AND (k <= 5350625))
	  ->  Bitmap Index Scan on k_3  (cost=0.00..5.50 rows=106 width=0)
	        Index Cond: ((k >= 5350525) AND (k <= 5350625))

table 4 : explain SELECT k, c FROM sbtest4 WHERE k BETWEEN 5350525 AND 5350625
	Bitmap Heap Scan on sbtest4  (cost=5.45..397.58 rows=99 width=125)
	  Recheck Cond: ((k >= 5350525) AND (k <= 5350625))
	  ->  Bitmap Index Scan on k_4  (cost=0.00..5.42 rows=99 width=0)
	        Index Cond: ((k >= 5350525) AND (k <= 5350625))

table 5 : explain SELECT k, c FROM sbtest5 WHERE k BETWEEN 5350525 AND 5350625
	Bitmap Heap Scan on sbtest5  (cost=5.55..437.00 rows=109 width=125)
	  Recheck Cond: ((k >= 5350525) AND (k <= 5350625))
	  ->  Bitmap Index Scan on k_5  (cost=0.00..5.52 rows=109 width=0)
	        Index Cond: ((k >= 5350525) AND (k <= 5350625))

table 6 : explain SELECT k, c FROM sbtest6 WHERE k BETWEEN 5350525 AND 5350625
	Bitmap Heap Scan on sbtest6  (cost=5.47..405.47 rows=101 width=125)
	  Recheck Cond: ((k >= 5350525) AND (k <= 5350625))
	  ->  Bitmap Index Scan on k_6  (cost=0.00..5.44 rows=101 width=0)
	        Index Cond: ((k >= 5350525) AND (k <= 5350625))

table 7 : explain SELECT k, c FROM sbtest7 WHERE k BETWEEN 5350525 AND 5350625
	Bitmap Heap Scan on sbtest7  (cost=5.44..393.67 rows=98 width=125)
	  Recheck Cond: ((k >= 5350525) AND (k <= 5350625))
	  ->  Bitmap Index Scan on k_7  (cost=0.00..5.42 rows=98 width=0)
	        Index Cond: ((k >= 5350525) AND (k <= 5350625))

table 8 : explain SELECT k, c FROM sbtest8 WHERE k BETWEEN 5350525 AND 5350625
	Bitmap Heap Scan on sbtest8  (cost=5.44..393.67 rows=98 width=125)
	  Recheck Cond: ((k >= 5350525) AND (k <= 5350625))
	  ->  Bitmap Index Scan on k_8  (cost=0.00..5.42 rows=98 width=0)
	        Index Cond: ((k >= 5350525) AND (k <= 5350625))

explain: for range-notcovered :: explain SELECT k, c FROM sbtest%d WHERE k BETWEEN 5350525 AND 5350625
explain: for range-notcovered :: explain SELECT k, c FROM sbtest%d WHERE k BETWEEN 5319933 AND 5320033
for range-notcovered
table 1 : explain SELECT k, c FROM sbtest1 WHERE k BETWEEN 5350525 AND 5350625
	Bitmap Heap Scan on sbtest1  (cost=5.40..377.79 rows=94 width=125)
	  Recheck Cond: ((k >= 5350525) AND (k <= 5350625))
	  ->  Bitmap Index Scan on k_1  (cost=0.00..5.38 rows=94 width=0)
	        Index Cond: ((k >= 5350525) AND (k <= 5350625))

table 2 : explain SELECT k, c FROM sbtest2 WHERE k BETWEEN 5350525 AND 5350625
	Bitmap Heap Scan on sbtest2  (cost=5.54..433.02 rows=108 width=125)
	  Recheck Cond: ((k >= 5350525) AND (k <= 5350625))
	  ->  Bitmap Index Scan on k_2  (cost=0.00..5.51 rows=108 width=0)
	        Index Cond: ((k >= 5350525) AND (k <= 5350625))

table 3 : explain SELECT k, c FROM sbtest3 WHERE k BETWEEN 5350525 AND 5350625
	Bitmap Heap Scan on sbtest3  (cost=5.52..425.14 rows=106 width=125)
	  Recheck Cond: ((k >= 5350525) AND (k <= 5350625))
	  ->  Bitmap Index Scan on k_3  (cost=0.00..5.50 rows=106 width=0)
	        Index Cond: ((k >= 5350525) AND (k <= 5350625))

table 4 : explain SELECT k, c FROM sbtest4 WHERE k BETWEEN 5350525 AND 5350625
	Bitmap Heap Scan on sbtest4  (cost=5.45..397.58 rows=99 width=125)
	  Recheck Cond: ((k >= 5350525) AND (k <= 5350625))
	  ->  Bitmap Index Scan on k_4  (cost=0.00..5.42 rows=99 width=0)
	        Index Cond: ((k >= 5350525) AND (k <= 5350625))

table 5 : explain SELECT k, c FROM sbtest5 WHERE k BETWEEN 5350525 AND 5350625
	Bitmap Heap Scan on sbtest5  (cost=5.55..437.00 rows=109 width=125)
	  Recheck Cond: ((k >= 5350525) AND (k <= 5350625))
	  ->  Bitmap Index Scan on k_5  (cost=0.00..5.52 rows=109 width=0)
	        Index Cond: ((k >= 5350525) AND (k <= 5350625))

table 6 : explain SELECT k, c FROM sbtest6 WHERE k BETWEEN 5350525 AND 5350625
	Bitmap Heap Scan on sbtest6  (cost=5.47..405.47 rows=101 width=125)
	  Recheck Cond: ((k >= 5350525) AND (k <= 5350625))
	  ->  Bitmap Index Scan on k_6  (cost=0.00..5.44 rows=101 width=0)
	        Index Cond: ((k >= 5350525) AND (k <= 5350625))

table 7 : explain SELECT k, c FROM sbtest7 WHERE k BETWEEN 5350525 AND 5350625
	Bitmap Heap Scan on sbtest7  (cost=5.44..393.67 rows=98 width=125)
	  Recheck Cond: ((k >= 5350525) AND (k <= 5350625))
	  ->  Bitmap Index Scan on k_7  (cost=0.00..5.42 rows=98 width=0)
	        Index Cond: ((k >= 5350525) AND (k <= 5350625))

table 8 : explain SELECT k, c FROM sbtest8 WHERE k BETWEEN 5350525 AND 5350625
	Bitmap Heap Scan on sbtest8  (cost=5.44..393.67 rows=98 width=125)
	  Recheck Cond: ((k >= 5350525) AND (k <= 5350625))
	  ->  Bitmap Index Scan on k_8  (cost=0.00..5.42 rows=98 width=0)
	        Index Cond: ((k >= 5350525) AND (k <= 5350625))

explain: for range-notcovered :: explain SELECT k, c FROM sbtest%d WHERE k BETWEEN 5350525 AND 5350625
explain: for range-notcovered :: explain SELECT k, c FROM sbtest%d WHERE k BETWEEN 5611848 AND 5611948
for range-notcovered
table 1 : explain SELECT k, c FROM sbtest1 WHERE k BETWEEN 5290296 AND 5290396
	Bitmap Heap Scan on sbtest1  (cost=5.56..440.85 rows=110 width=125)
	  Recheck Cond: ((k >= 5290296) AND (k <= 5290396))
	  ->  Bitmap Index Scan on k_1  (cost=0.00..5.53 rows=110 width=0)
	        Index Cond: ((k >= 5290296) AND (k <= 5290396))

table 2 : explain SELECT k, c FROM sbtest2 WHERE k BETWEEN 5290296 AND 5290396
	Bitmap Heap Scan on sbtest2  (cost=5.44..393.60 rows=98 width=125)
	  Recheck Cond: ((k >= 5290296) AND (k <= 5290396))
	  ->  Bitmap Index Scan on k_2  (cost=0.00..5.42 rows=98 width=0)
	        Index Cond: ((k >= 5290296) AND (k <= 5290396))

table 3 : explain SELECT k, c FROM sbtest3 WHERE k BETWEEN 5290296 AND 5290396
	Bitmap Heap Scan on sbtest3  (cost=5.43..389.66 rows=97 width=125)
	  Recheck Cond: ((k >= 5290296) AND (k <= 5290396))
	  ->  Bitmap Index Scan on k_3  (cost=0.00..5.40 rows=97 width=0)
	        Index Cond: ((k >= 5290296) AND (k <= 5290396))

table 4 : explain SELECT k, c FROM sbtest4 WHERE k BETWEEN 5290296 AND 5290396
	Bitmap Heap Scan on sbtest4  (cost=5.45..397.58 rows=99 width=125)
	  Recheck Cond: ((k >= 5290296) AND (k <= 5290396))
	  ->  Bitmap Index Scan on k_4  (cost=0.00..5.42 rows=99 width=0)
	        Index Cond: ((k >= 5290296) AND (k <= 5290396))

table 5 : explain SELECT k, c FROM sbtest5 WHERE k BETWEEN 5290296 AND 5290396
	Bitmap Heap Scan on sbtest5  (cost=5.56..440.94 rows=110 width=125)
	  Recheck Cond: ((k >= 5290296) AND (k <= 5290396))
	  ->  Bitmap Index Scan on k_5  (cost=0.00..5.53 rows=110 width=0)
	        Index Cond: ((k >= 5290296) AND (k <= 5290396))

table 6 : explain SELECT k, c FROM sbtest6 WHERE k BETWEEN 5290296 AND 5290396
	Bitmap Heap Scan on sbtest6  (cost=5.47..405.47 rows=101 width=125)
	  Recheck Cond: ((k >= 5290296) AND (k <= 5290396))
	  ->  Bitmap Index Scan on k_6  (cost=0.00..5.44 rows=101 width=0)
	        Index Cond: ((k >= 5290296) AND (k <= 5290396))

table 7 : explain SELECT k, c FROM sbtest7 WHERE k BETWEEN 5290296 AND 5290396
	Bitmap Heap Scan on sbtest7  (cost=5.44..393.67 rows=98 width=125)
	  Recheck Cond: ((k >= 5290296) AND (k <= 5290396))
	  ->  Bitmap Index Scan on k_7  (cost=0.00..5.42 rows=98 width=0)
	        Index Cond: ((k >= 5290296) AND (k <= 5290396))

table 8 : explain SELECT k, c FROM sbtest8 WHERE k BETWEEN 5290296 AND 5290396
	Bitmap Heap Scan on sbtest8  (cost=5.44..393.67 rows=98 width=125)
	  Recheck Cond: ((k >= 5290296) AND (k <= 5290396))
	  ->  Bitmap Index Scan on k_8  (cost=0.00..5.42 rows=98 width=0)
	        Index Cond: ((k >= 5290296) AND (k <= 5290396))

explain: for range-notcovered :: explain SELECT k, c FROM sbtest%d WHERE k BETWEEN 5290296 AND 5290396
for range-notcovered
table 1 : explain SELECT k, c FROM sbtest1 WHERE k BETWEEN 3611629 AND 3611729
	Bitmap Heap Scan on sbtest1  (cost=5.42..385.68 rows=96 width=125)
	  Recheck Cond: ((k >= 3611629) AND (k <= 3611729))
	  ->  Bitmap Index Scan on k_1  (cost=0.00..5.39 rows=96 width=0)
	        Index Cond: ((k >= 3611629) AND (k <= 3611729))

table 2 : explain SELECT k, c FROM sbtest2 WHERE k BETWEEN 3611629 AND 3611729
	Bitmap Heap Scan on sbtest2  (cost=5.42..385.71 rows=96 width=125)
	  Recheck Cond: ((k >= 3611629) AND (k <= 3611729))
	  ->  Bitmap Index Scan on k_2  (cost=0.00..5.39 rows=96 width=0)
	        Index Cond: ((k >= 3611629) AND (k <= 3611729))

table 3 : explain SELECT k, c FROM sbtest3 WHERE k BETWEEN 3611629 AND 3611729
	Bitmap Heap Scan on sbtest3  (cost=5.42..385.71 rows=96 width=125)
	  Recheck Cond: ((k >= 3611629) AND (k <= 3611729))
	  ->  Bitmap Index Scan on k_3  (cost=0.00..5.39 rows=96 width=0)
	        Index Cond: ((k >= 3611629) AND (k <= 3611729))

table 4 : explain SELECT k, c FROM sbtest4 WHERE k BETWEEN 3611629 AND 3611729
	Bitmap Heap Scan on sbtest4  (cost=5.40..377.85 rows=94 width=125)
	  Recheck Cond: ((k >= 3611629) AND (k <= 3611729))
	  ->  Bitmap Index Scan on k_4  (cost=0.00..5.38 rows=94 width=0)
	        Index Cond: ((k >= 3611629) AND (k <= 3611729))

table 5 : explain SELECT k, c FROM sbtest5 WHERE k BETWEEN 3611629 AND 3611729
	Bitmap Heap Scan on sbtest5  (cost=5.50..417.30 rows=104 width=125)
	  Recheck Cond: ((k >= 3611629) AND (k <= 3611729))
	  ->  Bitmap Index Scan on k_5  (cost=0.00..5.47 rows=104 width=0)
	        Index Cond: ((k >= 3611629) AND (k <= 3611729))

table 6 : explain SELECT k, c FROM sbtest6 WHERE k BETWEEN 3611629 AND 3611729
	Bitmap Heap Scan on sbtest6  (cost=5.47..405.47 rows=101 width=125)
	  Recheck Cond: ((k >= 3611629) AND (k <= 3611729))
	  ->  Bitmap Index Scan on k_6  (cost=0.00..5.44 rows=101 width=0)
	        Index Cond: ((k >= 3611629) AND (k <= 3611729))

table 7 : explain SELECT k, c FROM sbtest7 WHERE k BETWEEN 3611629 AND 3611729
	Bitmap Heap Scan on sbtest7  (cost=5.55..437.04 rows=109 width=125)
	  Recheck Cond: ((k >= 3611629) AND (k <= 3611729))
	  ->  Bitmap Index Scan on k_7  (cost=0.00..5.52 rows=109 width=0)
	        Index Cond: ((k >= 3611629) AND (k <= 3611729))

table 8 : explain SELECT k, c FROM sbtest8 WHERE k BETWEEN 3611629 AND 3611729
	Bitmap Heap Scan on sbtest8  (cost=5.42..385.78 rows=96 width=125)
	  Recheck Cond: ((k >= 3611629) AND (k <= 3611729))
	  ->  Bitmap Index Scan on k_8  (cost=0.00..5.39 rows=96 width=0)
	        Index Cond: ((k >= 3611629) AND (k <= 3611729))

explain: for range-notcovered :: explain SELECT k, c FROM sbtest%d WHERE k BETWEEN 5452353 AND 5452453
for range-notcovered
table 1 : explain SELECT k, c FROM sbtest1 WHERE k BETWEEN 5350525 AND 5350625
	Bitmap Heap Scan on sbtest1  (cost=5.40..377.79 rows=94 width=125)
	  Recheck Cond: ((k >= 5350525) AND (k <= 5350625))
	  ->  Bitmap Index Scan on k_1  (cost=0.00..5.38 rows=94 width=0)
	        Index Cond: ((k >= 5350525) AND (k <= 5350625))

table 2 : explain SELECT k, c FROM sbtest2 WHERE k BETWEEN 5350525 AND 5350625
	Bitmap Heap Scan on sbtest2  (cost=5.54..433.02 rows=108 width=125)
	  Recheck Cond: ((k >= 5350525) AND (k <= 5350625))
	  ->  Bitmap Index Scan on k_2  (cost=0.00..5.51 rows=108 width=0)
	        Index Cond: ((k >= 5350525) AND (k <= 5350625))

table 3 : explain SELECT k, c FROM sbtest3 WHERE k BETWEEN 5350525 AND 5350625
	Bitmap Heap Scan on sbtest3  (cost=5.52..425.14 rows=106 width=125)
	  Recheck Cond: ((k >= 5350525) AND (k <= 5350625))
	  ->  Bitmap Index Scan on k_3  (cost=0.00..5.50 rows=106 width=0)
	        Index Cond: ((k >= 5350525) AND (k <= 5350625))

table 4 : explain SELECT k, c FROM sbtest4 WHERE k BETWEEN 5350525 AND 5350625
	Bitmap Heap Scan on sbtest4  (cost=5.45..397.58 rows=99 width=125)
	  Recheck Cond: ((k >= 5350525) AND (k <= 5350625))
	  ->  Bitmap Index Scan on k_4  (cost=0.00..5.42 rows=99 width=0)
	        Index Cond: ((k >= 5350525) AND (k <= 5350625))

table 5 : explain SELECT k, c FROM sbtest5 WHERE k BETWEEN 5350525 AND 5350625
	Bitmap Heap Scan on sbtest5  (cost=5.55..437.00 rows=109 width=125)
	  Recheck Cond: ((k >= 5350525) AND (k <= 5350625))
	  ->  Bitmap Index Scan on k_5  (cost=0.00..5.52 rows=109 width=0)
	        Index Cond: ((k >= 5350525) AND (k <= 5350625))

table 6 : explain SELECT k, c FROM sbtest6 WHERE k BETWEEN 5350525 AND 5350625
	Bitmap Heap Scan on sbtest6  (cost=5.47..405.47 rows=101 width=125)
	  Recheck Cond: ((k >= 5350525) AND (k <= 5350625))
	  ->  Bitmap Index Scan on k_6  (cost=0.00..5.44 rows=101 width=0)
	        Index Cond: ((k >= 5350525) AND (k <= 5350625))

table 7 : explain SELECT k, c FROM sbtest7 WHERE k BETWEEN 5350525 AND 5350625
	Bitmap Heap Scan on sbtest7  (cost=5.44..393.67 rows=98 width=125)
	  Recheck Cond: ((k >= 5350525) AND (k <= 5350625))
	  ->  Bitmap Index Scan on k_7  (cost=0.00..5.42 rows=98 width=0)
	        Index Cond: ((k >= 5350525) AND (k <= 5350625))

table 8 : explain SELECT k, c FROM sbtest8 WHERE k BETWEEN 5350525 AND 5350625
	Bitmap Heap Scan on sbtest8  (cost=5.44..393.67 rows=98 width=125)
	  Recheck Cond: ((k >= 5350525) AND (k <= 5350625))
	  ->  Bitmap Index Scan on k_8  (cost=0.00..5.42 rows=98 width=0)
	        Index Cond: ((k >= 5350525) AND (k <= 5350625))

explain: for range-notcovered :: explain SELECT k, c FROM sbtest%d WHERE k BETWEEN 3611629 AND 3611729
explain: for range-notcovered :: explain SELECT k, c FROM sbtest%d WHERE k BETWEEN 5350525 AND 5350625
for range-notcovered
table 1 : explain SELECT k, c FROM sbtest1 WHERE k BETWEEN 5290296 AND 5290396
	Bitmap Heap Scan on sbtest1  (cost=5.56..440.85 rows=110 width=125)
	  Recheck Cond: ((k >= 5290296) AND (k <= 5290396))
	  ->  Bitmap Index Scan on k_1  (cost=0.00..5.53 rows=110 width=0)
	        Index Cond: ((k >= 5290296) AND (k <= 5290396))

table 2 : explain SELECT k, c FROM sbtest2 WHERE k BETWEEN 5290296 AND 5290396
	Bitmap Heap Scan on sbtest2  (cost=5.44..393.60 rows=98 width=125)
	  Recheck Cond: ((k >= 5290296) AND (k <= 5290396))
	  ->  Bitmap Index Scan on k_2  (cost=0.00..5.42 rows=98 width=0)
	        Index Cond: ((k >= 5290296) AND (k <= 5290396))

table 3 : explain SELECT k, c FROM sbtest3 WHERE k BETWEEN 5290296 AND 5290396
	Bitmap Heap Scan on sbtest3  (cost=5.43..389.66 rows=97 width=125)
	  Recheck Cond: ((k >= 5290296) AND (k <= 5290396))
	  ->  Bitmap Index Scan on k_3  (cost=0.00..5.40 rows=97 width=0)
	        Index Cond: ((k >= 5290296) AND (k <= 5290396))

table 4 : explain SELECT k, c FROM sbtest4 WHERE k BETWEEN 5290296 AND 5290396
	Bitmap Heap Scan on sbtest4  (cost=5.45..397.58 rows=99 width=125)
	  Recheck Cond: ((k >= 5290296) AND (k <= 5290396))
	  ->  Bitmap Index Scan on k_4  (cost=0.00..5.42 rows=99 width=0)
	        Index Cond: ((k >= 5290296) AND (k <= 5290396))

table 5 : explain SELECT k, c FROM sbtest5 WHERE k BETWEEN 5290296 AND 5290396
	Bitmap Heap Scan on sbtest5  (cost=5.56..440.94 rows=110 width=125)
	  Recheck Cond: ((k >= 5290296) AND (k <= 5290396))
	  ->  Bitmap Index Scan on k_5  (cost=0.00..5.53 rows=110 width=0)
	        Index Cond: ((k >= 5290296) AND (k <= 5290396))

table 6 : explain SELECT k, c FROM sbtest6 WHERE k BETWEEN 5290296 AND 5290396
	Bitmap Heap Scan on sbtest6  (cost=5.47..405.47 rows=101 width=125)
	  Recheck Cond: ((k >= 5290296) AND (k <= 5290396))
	  ->  Bitmap Index Scan on k_6  (cost=0.00..5.44 rows=101 width=0)
	        Index Cond: ((k >= 5290296) AND (k <= 5290396))

table 7 : explain SELECT k, c FROM sbtest7 WHERE k BETWEEN 5290296 AND 5290396
	Bitmap Heap Scan on sbtest7  (cost=5.44..393.67 rows=98 width=125)
	  Recheck Cond: ((k >= 5290296) AND (k <= 5290396))
	  ->  Bitmap Index Scan on k_7  (cost=0.00..5.42 rows=98 width=0)
	        Index Cond: ((k >= 5290296) AND (k <= 5290396))

table 8 : explain SELECT k, c FROM sbtest8 WHERE k BETWEEN 5290296 AND 5290396
	Bitmap Heap Scan on sbtest8  (cost=5.44..393.67 rows=98 width=125)
	  Recheck Cond: ((k >= 5290296) AND (k <= 5290396))
	  ->  Bitmap Index Scan on k_8  (cost=0.00..5.42 rows=98 width=0)
	        Index Cond: ((k >= 5290296) AND (k <= 5290396))

explain: for range-notcovered :: explain SELECT k, c FROM sbtest%d WHERE k BETWEEN 5290296 AND 5290396
explain: for range-notcovered :: explain SELECT k, c FROM sbtest%d WHERE k BETWEEN 5807253 AND 5807353
for range-notcovered
table 1 : explain SELECT k, c FROM sbtest1 WHERE k BETWEEN 3611629 AND 3611729
	Bitmap Heap Scan on sbtest1  (cost=5.42..385.68 rows=96 width=125)
	  Recheck Cond: ((k >= 3611629) AND (k <= 3611729))
	  ->  Bitmap Index Scan on k_1  (cost=0.00..5.39 rows=96 width=0)
	        Index Cond: ((k >= 3611629) AND (k <= 3611729))

table 2 : explain SELECT k, c FROM sbtest2 WHERE k BETWEEN 3611629 AND 3611729
	Bitmap Heap Scan on sbtest2  (cost=5.42..385.71 rows=96 width=125)
	  Recheck Cond: ((k >= 3611629) AND (k <= 3611729))
	  ->  Bitmap Index Scan on k_2  (cost=0.00..5.39 rows=96 width=0)
	        Index Cond: ((k >= 3611629) AND (k <= 3611729))

table 3 : explain SELECT k, c FROM sbtest3 WHERE k BETWEEN 3611629 AND 3611729
	Bitmap Heap Scan on sbtest3  (cost=5.42..385.71 rows=96 width=125)
	  Recheck Cond: ((k >= 3611629) AND (k <= 3611729))
	  ->  Bitmap Index Scan on k_3  (cost=0.00..5.39 rows=96 width=0)
	        Index Cond: ((k >= 3611629) AND (k <= 3611729))

table 4 : explain SELECT k, c FROM sbtest4 WHERE k BETWEEN 3611629 AND 3611729
	Bitmap Heap Scan on sbtest4  (cost=5.40..377.85 rows=94 width=125)
	  Recheck Cond: ((k >= 3611629) AND (k <= 3611729))
	  ->  Bitmap Index Scan on k_4  (cost=0.00..5.38 rows=94 width=0)
	        Index Cond: ((k >= 3611629) AND (k <= 3611729))

table 5 : explain SELECT k, c FROM sbtest5 WHERE k BETWEEN 3611629 AND 3611729
	Bitmap Heap Scan on sbtest5  (cost=5.50..417.30 rows=104 width=125)
	  Recheck Cond: ((k >= 3611629) AND (k <= 3611729))
	  ->  Bitmap Index Scan on k_5  (cost=0.00..5.47 rows=104 width=0)
	        Index Cond: ((k >= 3611629) AND (k <= 3611729))

table 6 : explain SELECT k, c FROM sbtest6 WHERE k BETWEEN 3611629 AND 3611729
	Bitmap Heap Scan on sbtest6  (cost=5.47..405.47 rows=101 width=125)
	  Recheck Cond: ((k >= 3611629) AND (k <= 3611729))
	  ->  Bitmap Index Scan on k_6  (cost=0.00..5.44 rows=101 width=0)
	        Index Cond: ((k >= 3611629) AND (k <= 3611729))

table 7 : explain SELECT k, c FROM sbtest7 WHERE k BETWEEN 3611629 AND 3611729
	Bitmap Heap Scan on sbtest7  (cost=5.55..437.04 rows=109 width=125)
	  Recheck Cond: ((k >= 3611629) AND (k <= 3611729))
	  ->  Bitmap Index Scan on k_7  (cost=0.00..5.52 rows=109 width=0)
	        Index Cond: ((k >= 3611629) AND (k <= 3611729))

table 8 : explain SELECT k, c FROM sbtest8 WHERE k BETWEEN 3611629 AND 3611729
	Bitmap Heap Scan on sbtest8  (cost=5.42..385.78 rows=96 width=125)
	  Recheck Cond: ((k >= 3611629) AND (k <= 3611729))
	  ->  Bitmap Index Scan on k_8  (cost=0.00..5.39 rows=96 width=0)
	        Index Cond: ((k >= 3611629) AND (k <= 3611729))

for range-notcovered
table 1 : explain SELECT k, c FROM sbtest1 WHERE k BETWEEN 5350525 AND 5350625
	Bitmap Heap Scan on sbtest1  (cost=5.40..377.79 rows=94 width=125)
	  Recheck Cond: ((k >= 5350525) AND (k <= 5350625))
	  ->  Bitmap Index Scan on k_1  (cost=0.00..5.38 rows=94 width=0)
	        Index Cond: ((k >= 5350525) AND (k <= 5350625))

table 2 : explain SELECT k, c FROM sbtest2 WHERE k BETWEEN 5350525 AND 5350625
	Bitmap Heap Scan on sbtest2  (cost=5.54..433.02 rows=108 width=125)
	  Recheck Cond: ((k >= 5350525) AND (k <= 5350625))
	  ->  Bitmap Index Scan on k_2  (cost=0.00..5.51 rows=108 width=0)
	        Index Cond: ((k >= 5350525) AND (k <= 5350625))

table 3 : explain SELECT k, c FROM sbtest3 WHERE k BETWEEN 5350525 AND 5350625
	Bitmap Heap Scan on sbtest3  (cost=5.52..425.14 rows=106 width=125)
	  Recheck Cond: ((k >= 5350525) AND (k <= 5350625))
	  ->  Bitmap Index Scan on k_3  (cost=0.00..5.50 rows=106 width=0)
	        Index Cond: ((k >= 5350525) AND (k <= 5350625))

table 4 : explain SELECT k, c FROM sbtest4 WHERE k BETWEEN 5350525 AND 5350625
	Bitmap Heap Scan on sbtest4  (cost=5.45..397.58 rows=99 width=125)
	  Recheck Cond: ((k >= 5350525) AND (k <= 5350625))
	  ->  Bitmap Index Scan on k_4  (cost=0.00..5.42 rows=99 width=0)
	        Index Cond: ((k >= 5350525) AND (k <= 5350625))

table 5 : explain SELECT k, c FROM sbtest5 WHERE k BETWEEN 5350525 AND 5350625
	Bitmap Heap Scan on sbtest5  (cost=5.55..437.00 rows=109 width=125)
	  Recheck Cond: ((k >= 5350525) AND (k <= 5350625))
	  ->  Bitmap Index Scan on k_5  (cost=0.00..5.52 rows=109 width=0)
	        Index Cond: ((k >= 5350525) AND (k <= 5350625))

table 6 : explain SELECT k, c FROM sbtest6 WHERE k BETWEEN 5350525 AND 5350625
	Bitmap Heap Scan on sbtest6  (cost=5.47..405.47 rows=101 width=125)
	  Recheck Cond: ((k >= 5350525) AND (k <= 5350625))
	  ->  Bitmap Index Scan on k_6  (cost=0.00..5.44 rows=101 width=0)
	        Index Cond: ((k >= 5350525) AND (k <= 5350625))

table 7 : explain SELECT k, c FROM sbtest7 WHERE k BETWEEN 5350525 AND 5350625
	Bitmap Heap Scan on sbtest7  (cost=5.44..393.67 rows=98 width=125)
	  Recheck Cond: ((k >= 5350525) AND (k <= 5350625))
	  ->  Bitmap Index Scan on k_7  (cost=0.00..5.42 rows=98 width=0)
	        Index Cond: ((k >= 5350525) AND (k <= 5350625))

table 8 : explain SELECT k, c FROM sbtest8 WHERE k BETWEEN 5350525 AND 5350625
	Bitmap Heap Scan on sbtest8  (cost=5.44..393.67 rows=98 width=125)
	  Recheck Cond: ((k >= 5350525) AND (k <= 5350625))
	  ->  Bitmap Index Scan on k_8  (cost=0.00..5.42 rows=98 width=0)
	        Index Cond: ((k >= 5350525) AND (k <= 5350625))

explain: for range-notcovered :: explain SELECT k, c FROM sbtest%d WHERE k BETWEEN 3611629 AND 3611729
explain: for range-notcovered :: explain SELECT k, c FROM sbtest%d WHERE k BETWEEN 5350525 AND 5350625
for range-notcovered
table 1 : explain SELECT k, c FROM sbtest1 WHERE k BETWEEN 7051603 AND 7051703
	Bitmap Heap Scan on sbtest1  (cost=5.50..417.22 rows=104 width=125)
	  Recheck Cond: ((k >= 7051603) AND (k <= 7051703))
	  ->  Bitmap Index Scan on k_1  (cost=0.00..5.47 rows=104 width=0)
	        Index Cond: ((k >= 7051603) AND (k <= 7051703))

table 2 : explain SELECT k, c FROM sbtest2 WHERE k BETWEEN 7051603 AND 7051703
	Bitmap Heap Scan on sbtest2  (cost=5.50..417.26 rows=104 width=125)
	  Recheck Cond: ((k >= 7051603) AND (k <= 7051703))
	  ->  Bitmap Index Scan on k_2  (cost=0.00..5.47 rows=104 width=0)
	        Index Cond: ((k >= 7051603) AND (k <= 7051703))

table 3 : explain SELECT k, c FROM sbtest3 WHERE k BETWEEN 7051603 AND 7051703
	Bitmap Heap Scan on sbtest3  (cost=5.42..385.71 rows=96 width=125)
	  Recheck Cond: ((k >= 7051603) AND (k <= 7051703))
	  ->  Bitmap Index Scan on k_3  (cost=0.00..5.39 rows=96 width=0)
	        Index Cond: ((k >= 7051603) AND (k <= 7051703))

table 4 : explain SELECT k, c FROM sbtest4 WHERE k BETWEEN 7051603 AND 7051703
	Bitmap Heap Scan on sbtest4  (cost=5.51..421.24 rows=105 width=125)
	  Recheck Cond: ((k >= 7051603) AND (k <= 7051703))
	  ->  Bitmap Index Scan on k_4  (cost=0.00..5.48 rows=105 width=0)
	        Index Cond: ((k >= 7051603) AND (k <= 7051703))

table 5 : explain SELECT k, c FROM sbtest5 WHERE k BETWEEN 7051603 AND 7051703
	Bitmap Heap Scan on sbtest5  (cost=5.46..401.53 rows=100 width=125)
	  Recheck Cond: ((k >= 7051603) AND (k <= 7051703))
	  ->  Bitmap Index Scan on k_5  (cost=0.00..5.43 rows=100 width=0)
	        Index Cond: ((k >= 7051603) AND (k <= 7051703))

table 6 : explain SELECT k, c FROM sbtest6 WHERE k BETWEEN 7051603 AND 7051703
	Bitmap Heap Scan on sbtest6  (cost=5.45..397.58 rows=99 width=125)
	  Recheck Cond: ((k >= 7051603) AND (k <= 7051703))
	  ->  Bitmap Index Scan on k_6  (cost=0.00..5.42 rows=99 width=0)
	        Index Cond: ((k >= 7051603) AND (k <= 7051703))

table 7 : explain SELECT k, c FROM sbtest7 WHERE k BETWEEN 7051603 AND 7051703
	Bitmap Heap Scan on sbtest7  (cost=5.46..401.56 rows=100 width=125)
	  Recheck Cond: ((k >= 7051603) AND (k <= 7051703))
	  ->  Bitmap Index Scan on k_7  (cost=0.00..5.43 rows=100 width=0)
	        Index Cond: ((k >= 7051603) AND (k <= 7051703))

table 8 : explain SELECT k, c FROM sbtest8 WHERE k BETWEEN 7051603 AND 7051703
	Bitmap Heap Scan on sbtest8  (cost=5.52..425.22 rows=106 width=125)
	  Recheck Cond: ((k >= 7051603) AND (k <= 7051703))
	  ->  Bitmap Index Scan on k_8  (cost=0.00..5.50 rows=106 width=0)
	        Index Cond: ((k >= 7051603) AND (k <= 7051703))

explain: for range-notcovered :: explain SELECT k, c FROM sbtest%d WHERE k BETWEEN 7051603 AND 7051703
for range-notcovered
table 1 : explain SELECT k, c FROM sbtest1 WHERE k BETWEEN 5290296 AND 5290396
	Bitmap Heap Scan on sbtest1  (cost=5.56..440.85 rows=110 width=125)
	  Recheck Cond: ((k >= 5290296) AND (k <= 5290396))
	  ->  Bitmap Index Scan on k_1  (cost=0.00..5.53 rows=110 width=0)
	        Index Cond: ((k >= 5290296) AND (k <= 5290396))

table 2 : explain SELECT k, c FROM sbtest2 WHERE k BETWEEN 5290296 AND 5290396
	Bitmap Heap Scan on sbtest2  (cost=5.44..393.60 rows=98 width=125)
	  Recheck Cond: ((k >= 5290296) AND (k <= 5290396))
	  ->  Bitmap Index Scan on k_2  (cost=0.00..5.42 rows=98 width=0)
	        Index Cond: ((k >= 5290296) AND (k <= 5290396))

table 3 : explain SELECT k, c FROM sbtest3 WHERE k BETWEEN 5290296 AND 5290396
	Bitmap Heap Scan on sbtest3  (cost=5.43..389.66 rows=97 width=125)
	  Recheck Cond: ((k >= 5290296) AND (k <= 5290396))
	  ->  Bitmap Index Scan on k_3  (cost=0.00..5.40 rows=97 width=0)
	        Index Cond: ((k >= 5290296) AND (k <= 5290396))

table 4 : explain SELECT k, c FROM sbtest4 WHERE k BETWEEN 5290296 AND 5290396
	Bitmap Heap Scan on sbtest4  (cost=5.45..397.58 rows=99 width=125)
	  Recheck Cond: ((k >= 5290296) AND (k <= 5290396))
	  ->  Bitmap Index Scan on k_4  (cost=0.00..5.42 rows=99 width=0)
	        Index Cond: ((k >= 5290296) AND (k <= 5290396))

table 5 : explain SELECT k, c FROM sbtest5 WHERE k BETWEEN 5290296 AND 5290396
	Bitmap Heap Scan on sbtest5  (cost=5.56..440.94 rows=110 width=125)
	  Recheck Cond: ((k >= 5290296) AND (k <= 5290396))
	  ->  Bitmap Index Scan on k_5  (cost=0.00..5.53 rows=110 width=0)
	        Index Cond: ((k >= 5290296) AND (k <= 5290396))

table 6 : explain SELECT k, c FROM sbtest6 WHERE k BETWEEN 5290296 AND 5290396
	Bitmap Heap Scan on sbtest6  (cost=5.47..405.47 rows=101 width=125)
	  Recheck Cond: ((k >= 5290296) AND (k <= 5290396))
	  ->  Bitmap Index Scan on k_6  (cost=0.00..5.44 rows=101 width=0)
	        Index Cond: ((k >= 5290296) AND (k <= 5290396))

table 7 : explain SELECT k, c FROM sbtest7 WHERE k BETWEEN 5290296 AND 5290396
	Bitmap Heap Scan on sbtest7  (cost=5.44..393.67 rows=98 width=125)
	  Recheck Cond: ((k >= 5290296) AND (k <= 5290396))
	  ->  Bitmap Index Scan on k_7  (cost=0.00..5.42 rows=98 width=0)
	        Index Cond: ((k >= 5290296) AND (k <= 5290396))

table 8 : explain SELECT k, c FROM sbtest8 WHERE k BETWEEN 5290296 AND 5290396
	Bitmap Heap Scan on sbtest8  (cost=5.44..393.67 rows=98 width=125)
	  Recheck Cond: ((k >= 5290296) AND (k <= 5290396))
	  ->  Bitmap Index Scan on k_8  (cost=0.00..5.42 rows=98 width=0)
	        Index Cond: ((k >= 5290296) AND (k <= 5290396))

explain: for range-notcovered :: explain SELECT k, c FROM sbtest%d WHERE k BETWEEN 5290296 AND 5290396
for range-notcovered
table 1 : explain SELECT k, c FROM sbtest1 WHERE k BETWEEN 3096934 AND 3097034
	Bitmap Heap Scan on sbtest1  (cost=5.59..452.67 rows=113 width=125)
	  Recheck Cond: ((k >= 3096934) AND (k <= 3097034))
	  ->  Bitmap Index Scan on k_1  (cost=0.00..5.56 rows=113 width=0)
	        Index Cond: ((k >= 3096934) AND (k <= 3097034))

table 2 : explain SELECT k, c FROM sbtest2 WHERE k BETWEEN 3096934 AND 3097034
	Bitmap Heap Scan on sbtest2  (cost=5.49..413.31 rows=103 width=125)
	  Recheck Cond: ((k >= 3096934) AND (k <= 3097034))
	  ->  Bitmap Index Scan on k_2  (cost=0.00..5.46 rows=103 width=0)
	        Index Cond: ((k >= 3096934) AND (k <= 3097034))

table 3 : explain SELECT k, c FROM sbtest3 WHERE k BETWEEN 3096934 AND 3097034
	Bitmap Heap Scan on sbtest3  (cost=5.40..377.82 rows=94 width=125)
	  Recheck Cond: ((k >= 3096934) AND (k <= 3097034))
	  ->  Bitmap Index Scan on k_3  (cost=0.00..5.38 rows=94 width=0)
	        Index Cond: ((k >= 3096934) AND (k <= 3097034))

table 4 : explain SELECT k, c FROM sbtest4 WHERE k BETWEEN 3096934 AND 3097034
	Bitmap Heap Scan on sbtest4  (cost=5.54..433.06 rows=108 width=125)
	  Recheck Cond: ((k >= 3096934) AND (k <= 3097034))
	  ->  Bitmap Index Scan on k_4  (cost=0.00..5.51 rows=108 width=0)
	        Index Cond: ((k >= 3096934) AND (k <= 3097034))

table 5 : explain SELECT k, c FROM sbtest5 WHERE k BETWEEN 3096934 AND 3097034
	Bitmap Heap Scan on sbtest5  (cost=5.48..409.41 rows=102 width=125)
	  Recheck Cond: ((k >= 3096934) AND (k <= 3097034))
	  ->  Bitmap Index Scan on k_5  (cost=0.00..5.45 rows=102 width=0)
	        Index Cond: ((k >= 3096934) AND (k <= 3097034))

table 6 : explain SELECT k, c FROM sbtest6 WHERE k BETWEEN 3096934 AND 3097034
	Bitmap Heap Scan on sbtest6  (cost=5.50..417.30 rows=104 width=125)
	  Recheck Cond: ((k >= 3096934) AND (k <= 3097034))
	  ->  Bitmap Index Scan on k_6  (cost=0.00..5.47 rows=104 width=0)
	        Index Cond: ((k >= 3096934) AND (k <= 3097034))

table 7 : explain SELECT k, c FROM sbtest7 WHERE k BETWEEN 3096934 AND 3097034
	Bitmap Heap Scan on sbtest7  (cost=5.42..385.78 rows=96 width=125)
	  Recheck Cond: ((k >= 3096934) AND (k <= 3097034))
	  ->  Bitmap Index Scan on k_7  (cost=0.00..5.39 rows=96 width=0)
	        Index Cond: ((k >= 3096934) AND (k <= 3097034))

table 8 : explain SELECT k, c FROM sbtest8 WHERE k BETWEEN 3096934 AND 3097034
	Bitmap Heap Scan on sbtest8  (cost=5.41..381.83 rows=95 width=125)
	  Recheck Cond: ((k >= 3096934) AND (k <= 3097034))
	  ->  Bitmap Index Scan on k_8  (cost=0.00..5.38 rows=95 width=0)
	        Index Cond: ((k >= 3096934) AND (k <= 3097034))

for range-notcovered
table 1 : explain SELECT k, c FROM sbtest1 WHERE k BETWEEN 3611629 AND 3611729
	Bitmap Heap Scan on sbtest1  (cost=5.42..385.68 rows=96 width=125)
	  Recheck Cond: ((k >= 3611629) AND (k <= 3611729))
	  ->  Bitmap Index Scan on k_1  (cost=0.00..5.39 rows=96 width=0)
	        Index Cond: ((k >= 3611629) AND (k <= 3611729))

table 2 : explain SELECT k, c FROM sbtest2 WHERE k BETWEEN 3611629 AND 3611729
	Bitmap Heap Scan on sbtest2  (cost=5.42..385.71 rows=96 width=125)
	  Recheck Cond: ((k >= 3611629) AND (k <= 3611729))
	  ->  Bitmap Index Scan on k_2  (cost=0.00..5.39 rows=96 width=0)
	        Index Cond: ((k >= 3611629) AND (k <= 3611729))

table 3 : explain SELECT k, c FROM sbtest3 WHERE k BETWEEN 3611629 AND 3611729
	Bitmap Heap Scan on sbtest3  (cost=5.42..385.71 rows=96 width=125)
	  Recheck Cond: ((k >= 3611629) AND (k <= 3611729))
	  ->  Bitmap Index Scan on k_3  (cost=0.00..5.39 rows=96 width=0)
	        Index Cond: ((k >= 3611629) AND (k <= 3611729))

table 4 : explain SELECT k, c FROM sbtest4 WHERE k BETWEEN 3611629 AND 3611729
	Bitmap Heap Scan on sbtest4  (cost=5.40..377.85 rows=94 width=125)
	  Recheck Cond: ((k >= 3611629) AND (k <= 3611729))
	  ->  Bitmap Index Scan on k_4  (cost=0.00..5.38 rows=94 width=0)
	        Index Cond: ((k >= 3611629) AND (k <= 3611729))

table 5 : explain SELECT k, c FROM sbtest5 WHERE k BETWEEN 3611629 AND 3611729
	Bitmap Heap Scan on sbtest5  (cost=5.50..417.30 rows=104 width=125)
	  Recheck Cond: ((k >= 3611629) AND (k <= 3611729))
	  ->  Bitmap Index Scan on k_5  (cost=0.00..5.47 rows=104 width=0)
	        Index Cond: ((k >= 3611629) AND (k <= 3611729))

table 6 : explain SELECT k, c FROM sbtest6 WHERE k BETWEEN 3611629 AND 3611729
	Bitmap Heap Scan on sbtest6  (cost=5.47..405.47 rows=101 width=125)
	  Recheck Cond: ((k >= 3611629) AND (k <= 3611729))
	  ->  Bitmap Index Scan on k_6  (cost=0.00..5.44 rows=101 width=0)
	        Index Cond: ((k >= 3611629) AND (k <= 3611729))

table 7 : explain SELECT k, c FROM sbtest7 WHERE k BETWEEN 3611629 AND 3611729
	Bitmap Heap Scan on sbtest7  (cost=5.55..437.04 rows=109 width=125)
	  Recheck Cond: ((k >= 3611629) AND (k <= 3611729))
	  ->  Bitmap Index Scan on k_7  (cost=0.00..5.52 rows=109 width=0)
	        Index Cond: ((k >= 3611629) AND (k <= 3611729))

table 8 : explain SELECT k, c FROM sbtest8 WHERE k BETWEEN 3611629 AND 3611729
	Bitmap Heap Scan on sbtest8  (cost=5.42..385.78 rows=96 width=125)
	  Recheck Cond: ((k >= 3611629) AND (k <= 3611729))
	  ->  Bitmap Index Scan on k_8  (cost=0.00..5.39 rows=96 width=0)
	        Index Cond: ((k >= 3611629) AND (k <= 3611729))

for range-notcovered
table 1 : explain SELECT k, c FROM sbtest1 WHERE k BETWEEN 5350525 AND 5350625
	Bitmap Heap Scan on sbtest1  (cost=5.40..377.79 rows=94 width=125)
	  Recheck Cond: ((k >= 5350525) AND (k <= 5350625))
	  ->  Bitmap Index Scan on k_1  (cost=0.00..5.38 rows=94 width=0)
	        Index Cond: ((k >= 5350525) AND (k <= 5350625))

table 2 : explain SELECT k, c FROM sbtest2 WHERE k BETWEEN 5350525 AND 5350625
	Bitmap Heap Scan on sbtest2  (cost=5.54..433.02 rows=108 width=125)
	  Recheck Cond: ((k >= 5350525) AND (k <= 5350625))
	  ->  Bitmap Index Scan on k_2  (cost=0.00..5.51 rows=108 width=0)
	        Index Cond: ((k >= 5350525) AND (k <= 5350625))

table 3 : explain SELECT k, c FROM sbtest3 WHERE k BETWEEN 5350525 AND 5350625
	Bitmap Heap Scan on sbtest3  (cost=5.52..425.14 rows=106 width=125)
	  Recheck Cond: ((k >= 5350525) AND (k <= 5350625))
	  ->  Bitmap Index Scan on k_3  (cost=0.00..5.50 rows=106 width=0)
	        Index Cond: ((k >= 5350525) AND (k <= 5350625))

table 4 : explain SELECT k, c FROM sbtest4 WHERE k BETWEEN 5350525 AND 5350625
	Bitmap Heap Scan on sbtest4  (cost=5.45..397.58 rows=99 width=125)
	  Recheck Cond: ((k >= 5350525) AND (k <= 5350625))
	  ->  Bitmap Index Scan on k_4  (cost=0.00..5.42 rows=99 width=0)
	        Index Cond: ((k >= 5350525) AND (k <= 5350625))

table 5 : explain SELECT k, c FROM sbtest5 WHERE k BETWEEN 5350525 AND 5350625
	Bitmap Heap Scan on sbtest5  (cost=5.55..437.00 rows=109 width=125)
	  Recheck Cond: ((k >= 5350525) AND (k <= 5350625))
	  ->  Bitmap Index Scan on k_5  (cost=0.00..5.52 rows=109 width=0)
	        Index Cond: ((k >= 5350525) AND (k <= 5350625))

table 6 : explain SELECT k, c FROM sbtest6 WHERE k BETWEEN 5350525 AND 5350625
	Bitmap Heap Scan on sbtest6  (cost=5.47..405.47 rows=101 width=125)
	  Recheck Cond: ((k >= 5350525) AND (k <= 5350625))
	  ->  Bitmap Index Scan on k_6  (cost=0.00..5.44 rows=101 width=0)
	        Index Cond: ((k >= 5350525) AND (k <= 5350625))

table 7 : explain SELECT k, c FROM sbtest7 WHERE k BETWEEN 5350525 AND 5350625
	Bitmap Heap Scan on sbtest7  (cost=5.44..393.67 rows=98 width=125)
	  Recheck Cond: ((k >= 5350525) AND (k <= 5350625))
	  ->  Bitmap Index Scan on k_7  (cost=0.00..5.42 rows=98 width=0)
	        Index Cond: ((k >= 5350525) AND (k <= 5350625))

table 8 : explain SELECT k, c FROM sbtest8 WHERE k BETWEEN 5350525 AND 5350625
	Bitmap Heap Scan on sbtest8  (cost=5.44..393.67 rows=98 width=125)
	  Recheck Cond: ((k >= 5350525) AND (k <= 5350625))
	  ->  Bitmap Index Scan on k_8  (cost=0.00..5.42 rows=98 width=0)
	        Index Cond: ((k >= 5350525) AND (k <= 5350625))

explain: for range-notcovered :: explain SELECT k, c FROM sbtest%d WHERE k BETWEEN 3611629 AND 3611729
explain: for range-notcovered :: explain SELECT k, c FROM sbtest%d WHERE k BETWEEN 3096934 AND 3097034
explain: for range-notcovered :: explain SELECT k, c FROM sbtest%d WHERE k BETWEEN 5350525 AND 5350625
explain: for range-notcovered :: explain SELECT k, c FROM sbtest%d WHERE k BETWEEN 4953054 AND 4953154
for range-notcovered
table 1 : explain SELECT k, c FROM sbtest1 WHERE k BETWEEN 7051603 AND 7051703
	Bitmap Heap Scan on sbtest1  (cost=5.50..417.22 rows=104 width=125)
	  Recheck Cond: ((k >= 7051603) AND (k <= 7051703))
	  ->  Bitmap Index Scan on k_1  (cost=0.00..5.47 rows=104 width=0)
	        Index Cond: ((k >= 7051603) AND (k <= 7051703))

table 2 : explain SELECT k, c FROM sbtest2 WHERE k BETWEEN 7051603 AND 7051703
	Bitmap Heap Scan on sbtest2  (cost=5.50..417.26 rows=104 width=125)
	  Recheck Cond: ((k >= 7051603) AND (k <= 7051703))
	  ->  Bitmap Index Scan on k_2  (cost=0.00..5.47 rows=104 width=0)
	        Index Cond: ((k >= 7051603) AND (k <= 7051703))

table 3 : explain SELECT k, c FROM sbtest3 WHERE k BETWEEN 7051603 AND 7051703
	Bitmap Heap Scan on sbtest3  (cost=5.42..385.71 rows=96 width=125)
	  Recheck Cond: ((k >= 7051603) AND (k <= 7051703))
	  ->  Bitmap Index Scan on k_3  (cost=0.00..5.39 rows=96 width=0)
	        Index Cond: ((k >= 7051603) AND (k <= 7051703))

table 4 : explain SELECT k, c FROM sbtest4 WHERE k BETWEEN 7051603 AND 7051703
	Bitmap Heap Scan on sbtest4  (cost=5.51..421.24 rows=105 width=125)
	  Recheck Cond: ((k >= 7051603) AND (k <= 7051703))
	  ->  Bitmap Index Scan on k_4  (cost=0.00..5.48 rows=105 width=0)
	        Index Cond: ((k >= 7051603) AND (k <= 7051703))

table 5 : explain SELECT k, c FROM sbtest5 WHERE k BETWEEN 7051603 AND 7051703
	Bitmap Heap Scan on sbtest5  (cost=5.46..401.53 rows=100 width=125)
	  Recheck Cond: ((k >= 7051603) AND (k <= 7051703))
	  ->  Bitmap Index Scan on k_5  (cost=0.00..5.43 rows=100 width=0)
	        Index Cond: ((k >= 7051603) AND (k <= 7051703))

table 6 : explain SELECT k, c FROM sbtest6 WHERE k BETWEEN 7051603 AND 7051703
	Bitmap Heap Scan on sbtest6  (cost=5.45..397.58 rows=99 width=125)
	  Recheck Cond: ((k >= 7051603) AND (k <= 7051703))
	  ->  Bitmap Index Scan on k_6  (cost=0.00..5.42 rows=99 width=0)
	        Index Cond: ((k >= 7051603) AND (k <= 7051703))

table 7 : explain SELECT k, c FROM sbtest7 WHERE k BETWEEN 7051603 AND 7051703
	Bitmap Heap Scan on sbtest7  (cost=5.46..401.56 rows=100 width=125)
	  Recheck Cond: ((k >= 7051603) AND (k <= 7051703))
	  ->  Bitmap Index Scan on k_7  (cost=0.00..5.43 rows=100 width=0)
	        Index Cond: ((k >= 7051603) AND (k <= 7051703))

table 8 : explain SELECT k, c FROM sbtest8 WHERE k BETWEEN 7051603 AND 7051703
	Bitmap Heap Scan on sbtest8  (cost=5.52..425.22 rows=106 width=125)
	  Recheck Cond: ((k >= 7051603) AND (k <= 7051703))
	  ->  Bitmap Index Scan on k_8  (cost=0.00..5.50 rows=106 width=0)
	        Index Cond: ((k >= 7051603) AND (k <= 7051703))

explain: for range-notcovered :: explain SELECT k, c FROM sbtest%d WHERE k BETWEEN 7051603 AND 7051703
for range-notcovered
table 1 : explain SELECT k, c FROM sbtest1 WHERE k BETWEEN 5290296 AND 5290396
	Bitmap Heap Scan on sbtest1  (cost=5.56..440.85 rows=110 width=125)
	  Recheck Cond: ((k >= 5290296) AND (k <= 5290396))
	  ->  Bitmap Index Scan on k_1  (cost=0.00..5.53 rows=110 width=0)
	        Index Cond: ((k >= 5290296) AND (k <= 5290396))

table 2 : explain SELECT k, c FROM sbtest2 WHERE k BETWEEN 5290296 AND 5290396
	Bitmap Heap Scan on sbtest2  (cost=5.44..393.60 rows=98 width=125)
	  Recheck Cond: ((k >= 5290296) AND (k <= 5290396))
	  ->  Bitmap Index Scan on k_2  (cost=0.00..5.42 rows=98 width=0)
	        Index Cond: ((k >= 5290296) AND (k <= 5290396))

table 3 : explain SELECT k, c FROM sbtest3 WHERE k BETWEEN 5290296 AND 5290396
	Bitmap Heap Scan on sbtest3  (cost=5.43..389.66 rows=97 width=125)
	  Recheck Cond: ((k >= 5290296) AND (k <= 5290396))
	  ->  Bitmap Index Scan on k_3  (cost=0.00..5.40 rows=97 width=0)
	        Index Cond: ((k >= 5290296) AND (k <= 5290396))

table 4 : explain SELECT k, c FROM sbtest4 WHERE k BETWEEN 5290296 AND 5290396
	Bitmap Heap Scan on sbtest4  (cost=5.45..397.58 rows=99 width=125)
	  Recheck Cond: ((k >= 5290296) AND (k <= 5290396))
	  ->  Bitmap Index Scan on k_4  (cost=0.00..5.42 rows=99 width=0)
	        Index Cond: ((k >= 5290296) AND (k <= 5290396))

table 5 : explain SELECT k, c FROM sbtest5 WHERE k BETWEEN 5290296 AND 5290396
	Bitmap Heap Scan on sbtest5  (cost=5.56..440.94 rows=110 width=125)
	  Recheck Cond: ((k >= 5290296) AND (k <= 5290396))
	  ->  Bitmap Index Scan on k_5  (cost=0.00..5.53 rows=110 width=0)
	        Index Cond: ((k >= 5290296) AND (k <= 5290396))

table 6 : explain SELECT k, c FROM sbtest6 WHERE k BETWEEN 5290296 AND 5290396
	Bitmap Heap Scan on sbtest6  (cost=5.47..405.47 rows=101 width=125)
	  Recheck Cond: ((k >= 5290296) AND (k <= 5290396))
	  ->  Bitmap Index Scan on k_6  (cost=0.00..5.44 rows=101 width=0)
	        Index Cond: ((k >= 5290296) AND (k <= 5290396))

table 7 : explain SELECT k, c FROM sbtest7 WHERE k BETWEEN 5290296 AND 5290396
	Bitmap Heap Scan on sbtest7  (cost=5.44..393.67 rows=98 width=125)
	  Recheck Cond: ((k >= 5290296) AND (k <= 5290396))
	  ->  Bitmap Index Scan on k_7  (cost=0.00..5.42 rows=98 width=0)
	        Index Cond: ((k >= 5290296) AND (k <= 5290396))

table 8 : explain SELECT k, c FROM sbtest8 WHERE k BETWEEN 5290296 AND 5290396
	Bitmap Heap Scan on sbtest8  (cost=5.44..393.67 rows=98 width=125)
	  Recheck Cond: ((k >= 5290296) AND (k <= 5290396))
	  ->  Bitmap Index Scan on k_8  (cost=0.00..5.42 rows=98 width=0)
	        Index Cond: ((k >= 5290296) AND (k <= 5290396))

explain: for range-notcovered :: explain SELECT k, c FROM sbtest%d WHERE k BETWEEN 5290296 AND 5290396
for range-notcovered
table 1 : explain SELECT k, c FROM sbtest1 WHERE k BETWEEN 5319933 AND 5320033
	Bitmap Heap Scan on sbtest1  (cost=5.40..377.79 rows=94 width=125)
	  Recheck Cond: ((k >= 5319933) AND (k <= 5320033))
	  ->  Bitmap Index Scan on k_1  (cost=0.00..5.38 rows=94 width=0)
	        Index Cond: ((k >= 5319933) AND (k <= 5320033))

table 2 : explain SELECT k, c FROM sbtest2 WHERE k BETWEEN 5319933 AND 5320033
	Bitmap Heap Scan on sbtest2  (cost=5.44..393.60 rows=98 width=125)
	  Recheck Cond: ((k >= 5319933) AND (k <= 5320033))
	  ->  Bitmap Index Scan on k_2  (cost=0.00..5.42 rows=98 width=0)
	        Index Cond: ((k >= 5319933) AND (k <= 5320033))

table 3 : explain SELECT k, c FROM sbtest3 WHERE k BETWEEN 5319933 AND 5320033
	Bitmap Heap Scan on sbtest3  (cost=5.52..425.14 rows=106 width=125)
	  Recheck Cond: ((k >= 5319933) AND (k <= 5320033))
	  ->  Bitmap Index Scan on k_3  (cost=0.00..5.50 rows=106 width=0)
	        Index Cond: ((k >= 5319933) AND (k <= 5320033))

table 4 : explain SELECT k, c FROM sbtest4 WHERE k BETWEEN 5319933 AND 5320033
	Bitmap Heap Scan on sbtest4  (cost=5.45..397.58 rows=99 width=125)
	  Recheck Cond: ((k >= 5319933) AND (k <= 5320033))
	  ->  Bitmap Index Scan on k_4  (cost=0.00..5.42 rows=99 width=0)
	        Index Cond: ((k >= 5319933) AND (k <= 5320033))

table 5 : explain SELECT k, c FROM sbtest5 WHERE k BETWEEN 5319933 AND 5320033
	Bitmap Heap Scan on sbtest5  (cost=5.55..437.00 rows=109 width=125)
	  Recheck Cond: ((k >= 5319933) AND (k <= 5320033))
	  ->  Bitmap Index Scan on k_5  (cost=0.00..5.52 rows=109 width=0)
	        Index Cond: ((k >= 5319933) AND (k <= 5320033))

table 6 : explain SELECT k, c FROM sbtest6 WHERE k BETWEEN 5319933 AND 5320033
	Bitmap Heap Scan on sbtest6  (cost=5.47..405.47 rows=101 width=125)
	  Recheck Cond: ((k >= 5319933) AND (k <= 5320033))
	  ->  Bitmap Index Scan on k_6  (cost=0.00..5.44 rows=101 width=0)
	        Index Cond: ((k >= 5319933) AND (k <= 5320033))

table 7 : explain SELECT k, c FROM sbtest7 WHERE k BETWEEN 5319933 AND 5320033
	Bitmap Heap Scan on sbtest7  (cost=5.44..393.67 rows=98 width=125)
	  Recheck Cond: ((k >= 5319933) AND (k <= 5320033))
	  ->  Bitmap Index Scan on k_7  (cost=0.00..5.42 rows=98 width=0)
	        Index Cond: ((k >= 5319933) AND (k <= 5320033))

table 8 : explain SELECT k, c FROM sbtest8 WHERE k BETWEEN 5319933 AND 5320033
	Bitmap Heap Scan on sbtest8  (cost=5.44..393.67 rows=98 width=125)
	  Recheck Cond: ((k >= 5319933) AND (k <= 5320033))
	  ->  Bitmap Index Scan on k_8  (cost=0.00..5.42 rows=98 width=0)
	        Index Cond: ((k >= 5319933) AND (k <= 5320033))

explain: for range-notcovered :: explain SELECT k, c FROM sbtest%d WHERE k BETWEEN 5319933 AND 5320033
explain: for range-notcovered :: explain SELECT k, c FROM sbtest%d WHERE k BETWEEN 4942369 AND 4942469
for range-notcovered
table 1 : explain SELECT k, c FROM sbtest1 WHERE k BETWEEN 3611629 AND 3611729
	Bitmap Heap Scan on sbtest1  (cost=5.42..385.68 rows=96 width=125)
	  Recheck Cond: ((k >= 3611629) AND (k <= 3611729))
	  ->  Bitmap Index Scan on k_1  (cost=0.00..5.39 rows=96 width=0)
	        Index Cond: ((k >= 3611629) AND (k <= 3611729))

table 2 : explain SELECT k, c FROM sbtest2 WHERE k BETWEEN 3611629 AND 3611729
	Bitmap Heap Scan on sbtest2  (cost=5.42..385.71 rows=96 width=125)
	  Recheck Cond: ((k >= 3611629) AND (k <= 3611729))
	  ->  Bitmap Index Scan on k_2  (cost=0.00..5.39 rows=96 width=0)
	        Index Cond: ((k >= 3611629) AND (k <= 3611729))

table 3 : explain SELECT k, c FROM sbtest3 WHERE k BETWEEN 3611629 AND 3611729
	Bitmap Heap Scan on sbtest3  (cost=5.42..385.71 rows=96 width=125)
	  Recheck Cond: ((k >= 3611629) AND (k <= 3611729))
	  ->  Bitmap Index Scan on k_3  (cost=0.00..5.39 rows=96 width=0)
	        Index Cond: ((k >= 3611629) AND (k <= 3611729))

table 4 : explain SELECT k, c FROM sbtest4 WHERE k BETWEEN 3611629 AND 3611729
	Bitmap Heap Scan on sbtest4  (cost=5.40..377.85 rows=94 width=125)
	  Recheck Cond: ((k >= 3611629) AND (k <= 3611729))
	  ->  Bitmap Index Scan on k_4  (cost=0.00..5.38 rows=94 width=0)
	        Index Cond: ((k >= 3611629) AND (k <= 3611729))

table 5 : explain SELECT k, c FROM sbtest5 WHERE k BETWEEN 3611629 AND 3611729
	Bitmap Heap Scan on sbtest5  (cost=5.50..417.30 rows=104 width=125)
	  Recheck Cond: ((k >= 3611629) AND (k <= 3611729))
	  ->  Bitmap Index Scan on k_5  (cost=0.00..5.47 rows=104 width=0)
	        Index Cond: ((k >= 3611629) AND (k <= 3611729))

table 6 : explain SELECT k, c FROM sbtest6 WHERE k BETWEEN 3611629 AND 3611729
	Bitmap Heap Scan on sbtest6  (cost=5.47..405.47 rows=101 width=125)
	  Recheck Cond: ((k >= 3611629) AND (k <= 3611729))
	  ->  Bitmap Index Scan on k_6  (cost=0.00..5.44 rows=101 width=0)
	        Index Cond: ((k >= 3611629) AND (k <= 3611729))

table 7 : explain SELECT k, c FROM sbtest7 WHERE k BETWEEN 3611629 AND 3611729
	Bitmap Heap Scan on sbtest7  (cost=5.55..437.04 rows=109 width=125)
	  Recheck Cond: ((k >= 3611629) AND (k <= 3611729))
	  ->  Bitmap Index Scan on k_7  (cost=0.00..5.52 rows=109 width=0)
	        Index Cond: ((k >= 3611629) AND (k <= 3611729))

table 8 : explain SELECT k, c FROM sbtest8 WHERE k BETWEEN 3611629 AND 3611729
	Bitmap Heap Scan on sbtest8  (cost=5.42..385.78 rows=96 width=125)
	  Recheck Cond: ((k >= 3611629) AND (k <= 3611729))
	  ->  Bitmap Index Scan on k_8  (cost=0.00..5.39 rows=96 width=0)
	        Index Cond: ((k >= 3611629) AND (k <= 3611729))

for range-notcovered
table 1 : explain SELECT k, c FROM sbtest1 WHERE k BETWEEN 3096934 AND 3097034
	Bitmap Heap Scan on sbtest1  (cost=5.59..452.67 rows=113 width=125)
	  Recheck Cond: ((k >= 3096934) AND (k <= 3097034))
	  ->  Bitmap Index Scan on k_1  (cost=0.00..5.56 rows=113 width=0)
	        Index Cond: ((k >= 3096934) AND (k <= 3097034))

table 2 : explain SELECT k, c FROM sbtest2 WHERE k BETWEEN 3096934 AND 3097034
	Bitmap Heap Scan on sbtest2  (cost=5.49..413.31 rows=103 width=125)
	  Recheck Cond: ((k >= 3096934) AND (k <= 3097034))
	  ->  Bitmap Index Scan on k_2  (cost=0.00..5.46 rows=103 width=0)
	        Index Cond: ((k >= 3096934) AND (k <= 3097034))

table 3 : explain SELECT k, c FROM sbtest3 WHERE k BETWEEN 3096934 AND 3097034
	Bitmap Heap Scan on sbtest3  (cost=5.40..377.82 rows=94 width=125)
	  Recheck Cond: ((k >= 3096934) AND (k <= 3097034))
	  ->  Bitmap Index Scan on k_3  (cost=0.00..5.38 rows=94 width=0)
	        Index Cond: ((k >= 3096934) AND (k <= 3097034))

table 4 : explain SELECT k, c FROM sbtest4 WHERE k BETWEEN 3096934 AND 3097034
	Bitmap Heap Scan on sbtest4  (cost=5.54..433.06 rows=108 width=125)
	  Recheck Cond: ((k >= 3096934) AND (k <= 3097034))
	  ->  Bitmap Index Scan on k_4  (cost=0.00..5.51 rows=108 width=0)
	        Index Cond: ((k >= 3096934) AND (k <= 3097034))

table 5 : explain SELECT k, c FROM sbtest5 WHERE k BETWEEN 3096934 AND 3097034
	Bitmap Heap Scan on sbtest5  (cost=5.48..409.41 rows=102 width=125)
	  Recheck Cond: ((k >= 3096934) AND (k <= 3097034))
	  ->  Bitmap Index Scan on k_5  (cost=0.00..5.45 rows=102 width=0)
	        Index Cond: ((k >= 3096934) AND (k <= 3097034))

table 6 : explain SELECT k, c FROM sbtest6 WHERE k BETWEEN 3096934 AND 3097034
	Bitmap Heap Scan on sbtest6  (cost=5.50..417.30 rows=104 width=125)
	  Recheck Cond: ((k >= 3096934) AND (k <= 3097034))
	  ->  Bitmap Index Scan on k_6  (cost=0.00..5.47 rows=104 width=0)
	        Index Cond: ((k >= 3096934) AND (k <= 3097034))

table 7 : explain SELECT k, c FROM sbtest7 WHERE k BETWEEN 3096934 AND 3097034
	Bitmap Heap Scan on sbtest7  (cost=5.42..385.78 rows=96 width=125)
	  Recheck Cond: ((k >= 3096934) AND (k <= 3097034))
	  ->  Bitmap Index Scan on k_7  (cost=0.00..5.39 rows=96 width=0)
	        Index Cond: ((k >= 3096934) AND (k <= 3097034))

table 8 : explain SELECT k, c FROM sbtest8 WHERE k BETWEEN 3096934 AND 3097034
	Bitmap Heap Scan on sbtest8  (cost=5.41..381.83 rows=95 width=125)
	  Recheck Cond: ((k >= 3096934) AND (k <= 3097034))
	  ->  Bitmap Index Scan on k_8  (cost=0.00..5.38 rows=95 width=0)
	        Index Cond: ((k >= 3096934) AND (k <= 3097034))

for range-notcovered
table 1 : explain SELECT k, c FROM sbtest1 WHERE k BETWEEN 5350525 AND 5350625
	Bitmap Heap Scan on sbtest1  (cost=5.40..377.79 rows=94 width=125)
	  Recheck Cond: ((k >= 5350525) AND (k <= 5350625))
	  ->  Bitmap Index Scan on k_1  (cost=0.00..5.38 rows=94 width=0)
	        Index Cond: ((k >= 5350525) AND (k <= 5350625))

table 2 : explain SELECT k, c FROM sbtest2 WHERE k BETWEEN 5350525 AND 5350625
	Bitmap Heap Scan on sbtest2  (cost=5.54..433.02 rows=108 width=125)
	  Recheck Cond: ((k >= 5350525) AND (k <= 5350625))
	  ->  Bitmap Index Scan on k_2  (cost=0.00..5.51 rows=108 width=0)
	        Index Cond: ((k >= 5350525) AND (k <= 5350625))

table 3 : explain SELECT k, c FROM sbtest3 WHERE k BETWEEN 5350525 AND 5350625
	Bitmap Heap Scan on sbtest3  (cost=5.52..425.14 rows=106 width=125)
	  Recheck Cond: ((k >= 5350525) AND (k <= 5350625))
	  ->  Bitmap Index Scan on k_3  (cost=0.00..5.50 rows=106 width=0)
	        Index Cond: ((k >= 5350525) AND (k <= 5350625))

table 4 : explain SELECT k, c FROM sbtest4 WHERE k BETWEEN 5350525 AND 5350625
	Bitmap Heap Scan on sbtest4  (cost=5.45..397.58 rows=99 width=125)
	  Recheck Cond: ((k >= 5350525) AND (k <= 5350625))
	  ->  Bitmap Index Scan on k_4  (cost=0.00..5.42 rows=99 width=0)
	        Index Cond: ((k >= 5350525) AND (k <= 5350625))

table 5 : explain SELECT k, c FROM sbtest5 WHERE k BETWEEN 5350525 AND 5350625
	Bitmap Heap Scan on sbtest5  (cost=5.55..437.00 rows=109 width=125)
	  Recheck Cond: ((k >= 5350525) AND (k <= 5350625))
	  ->  Bitmap Index Scan on k_5  (cost=0.00..5.52 rows=109 width=0)
	        Index Cond: ((k >= 5350525) AND (k <= 5350625))

table 6 : explain SELECT k, c FROM sbtest6 WHERE k BETWEEN 5350525 AND 5350625
	Bitmap Heap Scan on sbtest6  (cost=5.47..405.47 rows=101 width=125)
	  Recheck Cond: ((k >= 5350525) AND (k <= 5350625))
	  ->  Bitmap Index Scan on k_6  (cost=0.00..5.44 rows=101 width=0)
	        Index Cond: ((k >= 5350525) AND (k <= 5350625))

table 7 : explain SELECT k, c FROM sbtest7 WHERE k BETWEEN 5350525 AND 5350625
	Bitmap Heap Scan on sbtest7  (cost=5.44..393.67 rows=98 width=125)
	  Recheck Cond: ((k >= 5350525) AND (k <= 5350625))
	  ->  Bitmap Index Scan on k_7  (cost=0.00..5.42 rows=98 width=0)
	        Index Cond: ((k >= 5350525) AND (k <= 5350625))

table 8 : explain SELECT k, c FROM sbtest8 WHERE k BETWEEN 5350525 AND 5350625
	Bitmap Heap Scan on sbtest8  (cost=5.44..393.67 rows=98 width=125)
	  Recheck Cond: ((k >= 5350525) AND (k <= 5350625))
	  ->  Bitmap Index Scan on k_8  (cost=0.00..5.42 rows=98 width=0)
	        Index Cond: ((k >= 5350525) AND (k <= 5350625))

explain: for range-notcovered :: explain SELECT k, c FROM sbtest%d WHERE k BETWEEN 3611629 AND 3611729
explain: for range-notcovered :: explain SELECT k, c FROM sbtest%d WHERE k BETWEEN 3096934 AND 3097034
explain: for range-notcovered :: explain SELECT k, c FROM sbtest%d WHERE k BETWEEN 5350525 AND 5350625
for range-notcovered
table 1 : explain SELECT k, c FROM sbtest1 WHERE k BETWEEN 5290296 AND 5290396
	Bitmap Heap Scan on sbtest1  (cost=5.56..440.85 rows=110 width=125)
	  Recheck Cond: ((k >= 5290296) AND (k <= 5290396))
	  ->  Bitmap Index Scan on k_1  (cost=0.00..5.53 rows=110 width=0)
	        Index Cond: ((k >= 5290296) AND (k <= 5290396))

table 2 : explain SELECT k, c FROM sbtest2 WHERE k BETWEEN 5290296 AND 5290396
	Bitmap Heap Scan on sbtest2  (cost=5.44..393.60 rows=98 width=125)
	  Recheck Cond: ((k >= 5290296) AND (k <= 5290396))
	  ->  Bitmap Index Scan on k_2  (cost=0.00..5.42 rows=98 width=0)
	        Index Cond: ((k >= 5290296) AND (k <= 5290396))

table 3 : explain SELECT k, c FROM sbtest3 WHERE k BETWEEN 5290296 AND 5290396
	Bitmap Heap Scan on sbtest3  (cost=5.43..389.66 rows=97 width=125)
	  Recheck Cond: ((k >= 5290296) AND (k <= 5290396))
	  ->  Bitmap Index Scan on k_3  (cost=0.00..5.40 rows=97 width=0)
	        Index Cond: ((k >= 5290296) AND (k <= 5290396))

table 4 : explain SELECT k, c FROM sbtest4 WHERE k BETWEEN 5290296 AND 5290396
	Bitmap Heap Scan on sbtest4  (cost=5.45..397.58 rows=99 width=125)
	  Recheck Cond: ((k >= 5290296) AND (k <= 5290396))
	  ->  Bitmap Index Scan on k_4  (cost=0.00..5.42 rows=99 width=0)
	        Index Cond: ((k >= 5290296) AND (k <= 5290396))

table 5 : explain SELECT k, c FROM sbtest5 WHERE k BETWEEN 5290296 AND 5290396
	Bitmap Heap Scan on sbtest5  (cost=5.56..440.94 rows=110 width=125)
	  Recheck Cond: ((k >= 5290296) AND (k <= 5290396))
	  ->  Bitmap Index Scan on k_5  (cost=0.00..5.53 rows=110 width=0)
	        Index Cond: ((k >= 5290296) AND (k <= 5290396))

table 6 : explain SELECT k, c FROM sbtest6 WHERE k BETWEEN 5290296 AND 5290396
	Bitmap Heap Scan on sbtest6  (cost=5.47..405.47 rows=101 width=125)
	  Recheck Cond: ((k >= 5290296) AND (k <= 5290396))
	  ->  Bitmap Index Scan on k_6  (cost=0.00..5.44 rows=101 width=0)
	        Index Cond: ((k >= 5290296) AND (k <= 5290396))

table 7 : explain SELECT k, c FROM sbtest7 WHERE k BETWEEN 5290296 AND 5290396
	Bitmap Heap Scan on sbtest7  (cost=5.44..393.67 rows=98 width=125)
	  Recheck Cond: ((k >= 5290296) AND (k <= 5290396))
	  ->  Bitmap Index Scan on k_7  (cost=0.00..5.42 rows=98 width=0)
	        Index Cond: ((k >= 5290296) AND (k <= 5290396))

table 8 : explain SELECT k, c FROM sbtest8 WHERE k BETWEEN 5290296 AND 5290396
	Bitmap Heap Scan on sbtest8  (cost=5.44..393.67 rows=98 width=125)
	  Recheck Cond: ((k >= 5290296) AND (k <= 5290396))
	  ->  Bitmap Index Scan on k_8  (cost=0.00..5.42 rows=98 width=0)
	        Index Cond: ((k >= 5290296) AND (k <= 5290396))

for range-notcovered
table 1 : explain SELECT k, c FROM sbtest1 WHERE k BETWEEN 7051603 AND 7051703
	Bitmap Heap Scan on sbtest1  (cost=5.50..417.22 rows=104 width=125)
	  Recheck Cond: ((k >= 7051603) AND (k <= 7051703))
	  ->  Bitmap Index Scan on k_1  (cost=0.00..5.47 rows=104 width=0)
	        Index Cond: ((k >= 7051603) AND (k <= 7051703))

table 2 : explain SELECT k, c FROM sbtest2 WHERE k BETWEEN 7051603 AND 7051703
	Bitmap Heap Scan on sbtest2  (cost=5.50..417.26 rows=104 width=125)
	  Recheck Cond: ((k >= 7051603) AND (k <= 7051703))
	  ->  Bitmap Index Scan on k_2  (cost=0.00..5.47 rows=104 width=0)
	        Index Cond: ((k >= 7051603) AND (k <= 7051703))

table 3 : explain SELECT k, c FROM sbtest3 WHERE k BETWEEN 7051603 AND 7051703
	Bitmap Heap Scan on sbtest3  (cost=5.42..385.71 rows=96 width=125)
	  Recheck Cond: ((k >= 7051603) AND (k <= 7051703))
	  ->  Bitmap Index Scan on k_3  (cost=0.00..5.39 rows=96 width=0)
	        Index Cond: ((k >= 7051603) AND (k <= 7051703))

table 4 : explain SELECT k, c FROM sbtest4 WHERE k BETWEEN 7051603 AND 7051703
	Bitmap Heap Scan on sbtest4  (cost=5.51..421.24 rows=105 width=125)
	  Recheck Cond: ((k >= 7051603) AND (k <= 7051703))
	  ->  Bitmap Index Scan on k_4  (cost=0.00..5.48 rows=105 width=0)
	        Index Cond: ((k >= 7051603) AND (k <= 7051703))

table 5 : explain SELECT k, c FROM sbtest5 WHERE k BETWEEN 7051603 AND 7051703
	Bitmap Heap Scan on sbtest5  (cost=5.46..401.53 rows=100 width=125)
	  Recheck Cond: ((k >= 7051603) AND (k <= 7051703))
	  ->  Bitmap Index Scan on k_5  (cost=0.00..5.43 rows=100 width=0)
	        Index Cond: ((k >= 7051603) AND (k <= 7051703))

table 6 : explain SELECT k, c FROM sbtest6 WHERE k BETWEEN 7051603 AND 7051703
	Bitmap Heap Scan on sbtest6  (cost=5.45..397.58 rows=99 width=125)
	  Recheck Cond: ((k >= 7051603) AND (k <= 7051703))
	  ->  Bitmap Index Scan on k_6  (cost=0.00..5.42 rows=99 width=0)
	        Index Cond: ((k >= 7051603) AND (k <= 7051703))

table 7 : explain SELECT k, c FROM sbtest7 WHERE k BETWEEN 7051603 AND 7051703
	Bitmap Heap Scan on sbtest7  (cost=5.46..401.56 rows=100 width=125)
	  Recheck Cond: ((k >= 7051603) AND (k <= 7051703))
	  ->  Bitmap Index Scan on k_7  (cost=0.00..5.43 rows=100 width=0)
	        Index Cond: ((k >= 7051603) AND (k <= 7051703))

table 8 : explain SELECT k, c FROM sbtest8 WHERE k BETWEEN 7051603 AND 7051703
	Bitmap Heap Scan on sbtest8  (cost=5.52..425.22 rows=106 width=125)
	  Recheck Cond: ((k >= 7051603) AND (k <= 7051703))
	  ->  Bitmap Index Scan on k_8  (cost=0.00..5.50 rows=106 width=0)
	        Index Cond: ((k >= 7051603) AND (k <= 7051703))

explain: for range-notcovered :: explain SELECT k, c FROM sbtest%d WHERE k BETWEEN 5290296 AND 5290396
explain: for range-notcovered :: explain SELECT k, c FROM sbtest%d WHERE k BETWEEN 7051603 AND 7051703
for range-notcovered
table 1 : explain SELECT k, c FROM sbtest1 WHERE k BETWEEN 5611848 AND 5611948
	Bitmap Heap Scan on sbtest1  (cost=5.50..417.22 rows=104 width=125)
	  Recheck Cond: ((k >= 5611848) AND (k <= 5611948))
	  ->  Bitmap Index Scan on k_1  (cost=0.00..5.47 rows=104 width=0)
	        Index Cond: ((k >= 5611848) AND (k <= 5611948))

table 2 : explain SELECT k, c FROM sbtest2 WHERE k BETWEEN 5611848 AND 5611948
	Bitmap Heap Scan on sbtest2  (cost=5.46..401.49 rows=100 width=125)
	  Recheck Cond: ((k >= 5611848) AND (k <= 5611948))
	  ->  Bitmap Index Scan on k_2  (cost=0.00..5.43 rows=100 width=0)
	        Index Cond: ((k >= 5611848) AND (k <= 5611948))

table 3 : explain SELECT k, c FROM sbtest3 WHERE k BETWEEN 5611848 AND 5611948
	Bitmap Heap Scan on sbtest3  (cost=5.43..389.66 rows=97 width=125)
	  Recheck Cond: ((k >= 5611848) AND (k <= 5611948))
	  ->  Bitmap Index Scan on k_3  (cost=0.00..5.40 rows=97 width=0)
	        Index Cond: ((k >= 5611848) AND (k <= 5611948))

table 4 : explain SELECT k, c FROM sbtest4 WHERE k BETWEEN 5611848 AND 5611948
	Bitmap Heap Scan on sbtest4  (cost=5.48..409.41 rows=102 width=125)
	  Recheck Cond: ((k >= 5611848) AND (k <= 5611948))
	  ->  Bitmap Index Scan on k_4  (cost=0.00..5.45 rows=102 width=0)
	        Index Cond: ((k >= 5611848) AND (k <= 5611948))

table 5 : explain SELECT k, c FROM sbtest5 WHERE k BETWEEN 5611848 AND 5611948
	Bitmap Heap Scan on sbtest5  (cost=5.51..421.24 rows=105 width=125)
	  Recheck Cond: ((k >= 5611848) AND (k <= 5611948))
	  ->  Bitmap Index Scan on k_5  (cost=0.00..5.48 rows=105 width=0)
	        Index Cond: ((k >= 5611848) AND (k <= 5611948))

table 6 : explain SELECT k, c FROM sbtest6 WHERE k BETWEEN 5611848 AND 5611948
	Bitmap Heap Scan on sbtest6  (cost=5.50..417.30 rows=104 width=125)
	  Recheck Cond: ((k >= 5611848) AND (k <= 5611948))
	  ->  Bitmap Index Scan on k_6  (cost=0.00..5.47 rows=104 width=0)
	        Index Cond: ((k >= 5611848) AND (k <= 5611948))

table 7 : explain SELECT k, c FROM sbtest7 WHERE k BETWEEN 5611848 AND 5611948
	Bitmap Heap Scan on sbtest7  (cost=5.50..417.33 rows=104 width=125)
	  Recheck Cond: ((k >= 5611848) AND (k <= 5611948))
	  ->  Bitmap Index Scan on k_7  (cost=0.00..5.47 rows=104 width=0)
	        Index Cond: ((k >= 5611848) AND (k <= 5611948))

table 8 : explain SELECT k, c FROM sbtest8 WHERE k BETWEEN 5611848 AND 5611948
	Bitmap Heap Scan on sbtest8  (cost=5.44..393.67 rows=98 width=125)
	  Recheck Cond: ((k >= 5611848) AND (k <= 5611948))
	  ->  Bitmap Index Scan on k_8  (cost=0.00..5.42 rows=98 width=0)
	        Index Cond: ((k >= 5611848) AND (k <= 5611948))

for range-notcovered
table 1 : explain SELECT k, c FROM sbtest1 WHERE k BETWEEN 5319933 AND 5320033
	Bitmap Heap Scan on sbtest1  (cost=5.40..377.79 rows=94 width=125)
	  Recheck Cond: ((k >= 5319933) AND (k <= 5320033))
	  ->  Bitmap Index Scan on k_1  (cost=0.00..5.38 rows=94 width=0)
	        Index Cond: ((k >= 5319933) AND (k <= 5320033))

table 2 : explain SELECT k, c FROM sbtest2 WHERE k BETWEEN 5319933 AND 5320033
	Bitmap Heap Scan on sbtest2  (cost=5.44..393.60 rows=98 width=125)
	  Recheck Cond: ((k >= 5319933) AND (k <= 5320033))
	  ->  Bitmap Index Scan on k_2  (cost=0.00..5.42 rows=98 width=0)
	        Index Cond: ((k >= 5319933) AND (k <= 5320033))

table 3 : explain SELECT k, c FROM sbtest3 WHERE k BETWEEN 5319933 AND 5320033
	Bitmap Heap Scan on sbtest3  (cost=5.52..425.14 rows=106 width=125)
	  Recheck Cond: ((k >= 5319933) AND (k <= 5320033))
	  ->  Bitmap Index Scan on k_3  (cost=0.00..5.50 rows=106 width=0)
	        Index Cond: ((k >= 5319933) AND (k <= 5320033))

table 4 : explain SELECT k, c FROM sbtest4 WHERE k BETWEEN 5319933 AND 5320033
	Bitmap Heap Scan on sbtest4  (cost=5.45..397.58 rows=99 width=125)
	  Recheck Cond: ((k >= 5319933) AND (k <= 5320033))
	  ->  Bitmap Index Scan on k_4  (cost=0.00..5.42 rows=99 width=0)
	        Index Cond: ((k >= 5319933) AND (k <= 5320033))

table 5 : explain SELECT k, c FROM sbtest5 WHERE k BETWEEN 5319933 AND 5320033
	Bitmap Heap Scan on sbtest5  (cost=5.55..437.00 rows=109 width=125)
	  Recheck Cond: ((k >= 5319933) AND (k <= 5320033))
	  ->  Bitmap Index Scan on k_5  (cost=0.00..5.52 rows=109 width=0)
	        Index Cond: ((k >= 5319933) AND (k <= 5320033))

table 6 : explain SELECT k, c FROM sbtest6 WHERE k BETWEEN 5319933 AND 5320033
	Bitmap Heap Scan on sbtest6  (cost=5.47..405.47 rows=101 width=125)
	  Recheck Cond: ((k >= 5319933) AND (k <= 5320033))
	  ->  Bitmap Index Scan on k_6  (cost=0.00..5.44 rows=101 width=0)
	        Index Cond: ((k >= 5319933) AND (k <= 5320033))

table 7 : explain SELECT k, c FROM sbtest7 WHERE k BETWEEN 5319933 AND 5320033
	Bitmap Heap Scan on sbtest7  (cost=5.44..393.67 rows=98 width=125)
	  Recheck Cond: ((k >= 5319933) AND (k <= 5320033))
	  ->  Bitmap Index Scan on k_7  (cost=0.00..5.42 rows=98 width=0)
	        Index Cond: ((k >= 5319933) AND (k <= 5320033))

table 8 : explain SELECT k, c FROM sbtest8 WHERE k BETWEEN 5319933 AND 5320033
	Bitmap Heap Scan on sbtest8  (cost=5.44..393.67 rows=98 width=125)
	  Recheck Cond: ((k >= 5319933) AND (k <= 5320033))
	  ->  Bitmap Index Scan on k_8  (cost=0.00..5.42 rows=98 width=0)
	        Index Cond: ((k >= 5319933) AND (k <= 5320033))

for range-notcovered
table 1 : explain SELECT k, c FROM sbtest1 WHERE k BETWEEN 3611629 AND 3611729
	Bitmap Heap Scan on sbtest1  (cost=5.42..385.68 rows=96 width=125)
	  Recheck Cond: ((k >= 3611629) AND (k <= 3611729))
	  ->  Bitmap Index Scan on k_1  (cost=0.00..5.39 rows=96 width=0)
	        Index Cond: ((k >= 3611629) AND (k <= 3611729))

table 2 : explain SELECT k, c FROM sbtest2 WHERE k BETWEEN 3611629 AND 3611729
	Bitmap Heap Scan on sbtest2  (cost=5.42..385.71 rows=96 width=125)
	  Recheck Cond: ((k >= 3611629) AND (k <= 3611729))
	  ->  Bitmap Index Scan on k_2  (cost=0.00..5.39 rows=96 width=0)
	        Index Cond: ((k >= 3611629) AND (k <= 3611729))

table 3 : explain SELECT k, c FROM sbtest3 WHERE k BETWEEN 3611629 AND 3611729
	Bitmap Heap Scan on sbtest3  (cost=5.42..385.71 rows=96 width=125)
	  Recheck Cond: ((k >= 3611629) AND (k <= 3611729))
	  ->  Bitmap Index Scan on k_3  (cost=0.00..5.39 rows=96 width=0)
	        Index Cond: ((k >= 3611629) AND (k <= 3611729))

table 4 : explain SELECT k, c FROM sbtest4 WHERE k BETWEEN 3611629 AND 3611729
	Bitmap Heap Scan on sbtest4  (cost=5.40..377.85 rows=94 width=125)
	  Recheck Cond: ((k >= 3611629) AND (k <= 3611729))
	  ->  Bitmap Index Scan on k_4  (cost=0.00..5.38 rows=94 width=0)
	        Index Cond: ((k >= 3611629) AND (k <= 3611729))

table 5 : explain SELECT k, c FROM sbtest5 WHERE k BETWEEN 3611629 AND 3611729
	Bitmap Heap Scan on sbtest5  (cost=5.50..417.30 rows=104 width=125)
	  Recheck Cond: ((k >= 3611629) AND (k <= 3611729))
	  ->  Bitmap Index Scan on k_5  (cost=0.00..5.47 rows=104 width=0)
	        Index Cond: ((k >= 3611629) AND (k <= 3611729))

table 6 : explain SELECT k, c FROM sbtest6 WHERE k BETWEEN 3611629 AND 3611729
	Bitmap Heap Scan on sbtest6  (cost=5.47..405.47 rows=101 width=125)
	  Recheck Cond: ((k >= 3611629) AND (k <= 3611729))
	  ->  Bitmap Index Scan on k_6  (cost=0.00..5.44 rows=101 width=0)
	        Index Cond: ((k >= 3611629) AND (k <= 3611729))

table 7 : explain SELECT k, c FROM sbtest7 WHERE k BETWEEN 3611629 AND 3611729
	Bitmap Heap Scan on sbtest7  (cost=5.55..437.04 rows=109 width=125)
	  Recheck Cond: ((k >= 3611629) AND (k <= 3611729))
	  ->  Bitmap Index Scan on k_7  (cost=0.00..5.52 rows=109 width=0)
	        Index Cond: ((k >= 3611629) AND (k <= 3611729))

table 8 : explain SELECT k, c FROM sbtest8 WHERE k BETWEEN 3611629 AND 3611729
	Bitmap Heap Scan on sbtest8  (cost=5.42..385.78 rows=96 width=125)
	  Recheck Cond: ((k >= 3611629) AND (k <= 3611729))
	  ->  Bitmap Index Scan on k_8  (cost=0.00..5.39 rows=96 width=0)
	        Index Cond: ((k >= 3611629) AND (k <= 3611729))

explain: for range-notcovered :: explain SELECT k, c FROM sbtest%d WHERE k BETWEEN 5611848 AND 5611948
explain: for range-notcovered :: explain SELECT k, c FROM sbtest%d WHERE k BETWEEN 5319933 AND 5320033
explain: for range-notcovered :: explain SELECT k, c FROM sbtest%d WHERE k BETWEEN 1479177 AND 1479277
explain: for range-notcovered :: explain SELECT k, c FROM sbtest%d WHERE k BETWEEN 3611629 AND 3611729
for range-notcovered
table 1 : explain SELECT k, c FROM sbtest1 WHERE k BETWEEN 3096934 AND 3097034
	Bitmap Heap Scan on sbtest1  (cost=5.59..452.67 rows=113 width=125)
	  Recheck Cond: ((k >= 3096934) AND (k <= 3097034))
	  ->  Bitmap Index Scan on k_1  (cost=0.00..5.56 rows=113 width=0)
	        Index Cond: ((k >= 3096934) AND (k <= 3097034))

table 2 : explain SELECT k, c FROM sbtest2 WHERE k BETWEEN 3096934 AND 3097034
	Bitmap Heap Scan on sbtest2  (cost=5.49..413.31 rows=103 width=125)
	  Recheck Cond: ((k >= 3096934) AND (k <= 3097034))
	  ->  Bitmap Index Scan on k_2  (cost=0.00..5.46 rows=103 width=0)
	        Index Cond: ((k >= 3096934) AND (k <= 3097034))

table 3 : explain SELECT k, c FROM sbtest3 WHERE k BETWEEN 3096934 AND 3097034
	Bitmap Heap Scan on sbtest3  (cost=5.40..377.82 rows=94 width=125)
	  Recheck Cond: ((k >= 3096934) AND (k <= 3097034))
	  ->  Bitmap Index Scan on k_3  (cost=0.00..5.38 rows=94 width=0)
	        Index Cond: ((k >= 3096934) AND (k <= 3097034))

table 4 : explain SELECT k, c FROM sbtest4 WHERE k BETWEEN 3096934 AND 3097034
	Bitmap Heap Scan on sbtest4  (cost=5.54..433.06 rows=108 width=125)
	  Recheck Cond: ((k >= 3096934) AND (k <= 3097034))
	  ->  Bitmap Index Scan on k_4  (cost=0.00..5.51 rows=108 width=0)
	        Index Cond: ((k >= 3096934) AND (k <= 3097034))

table 5 : explain SELECT k, c FROM sbtest5 WHERE k BETWEEN 3096934 AND 3097034
	Bitmap Heap Scan on sbtest5  (cost=5.48..409.41 rows=102 width=125)
	  Recheck Cond: ((k >= 3096934) AND (k <= 3097034))
	  ->  Bitmap Index Scan on k_5  (cost=0.00..5.45 rows=102 width=0)
	        Index Cond: ((k >= 3096934) AND (k <= 3097034))

table 6 : explain SELECT k, c FROM sbtest6 WHERE k BETWEEN 3096934 AND 3097034
	Bitmap Heap Scan on sbtest6  (cost=5.50..417.30 rows=104 width=125)
	  Recheck Cond: ((k >= 3096934) AND (k <= 3097034))
	  ->  Bitmap Index Scan on k_6  (cost=0.00..5.47 rows=104 width=0)
	        Index Cond: ((k >= 3096934) AND (k <= 3097034))

table 7 : explain SELECT k, c FROM sbtest7 WHERE k BETWEEN 3096934 AND 3097034
	Bitmap Heap Scan on sbtest7  (cost=5.42..385.78 rows=96 width=125)
	  Recheck Cond: ((k >= 3096934) AND (k <= 3097034))
	  ->  Bitmap Index Scan on k_7  (cost=0.00..5.39 rows=96 width=0)
	        Index Cond: ((k >= 3096934) AND (k <= 3097034))

table 8 : explain SELECT k, c FROM sbtest8 WHERE k BETWEEN 3096934 AND 3097034
	Bitmap Heap Scan on sbtest8  (cost=5.41..381.83 rows=95 width=125)
	  Recheck Cond: ((k >= 3096934) AND (k <= 3097034))
	  ->  Bitmap Index Scan on k_8  (cost=0.00..5.38 rows=95 width=0)
	        Index Cond: ((k >= 3096934) AND (k <= 3097034))

for range-notcovered
table 1 : explain SELECT k, c FROM sbtest1 WHERE k BETWEEN 5350525 AND 5350625
	Bitmap Heap Scan on sbtest1  (cost=5.40..377.79 rows=94 width=125)
	  Recheck Cond: ((k >= 5350525) AND (k <= 5350625))
	  ->  Bitmap Index Scan on k_1  (cost=0.00..5.38 rows=94 width=0)
	        Index Cond: ((k >= 5350525) AND (k <= 5350625))

table 2 : explain SELECT k, c FROM sbtest2 WHERE k BETWEEN 5350525 AND 5350625
	Bitmap Heap Scan on sbtest2  (cost=5.54..433.02 rows=108 width=125)
	  Recheck Cond: ((k >= 5350525) AND (k <= 5350625))
	  ->  Bitmap Index Scan on k_2  (cost=0.00..5.51 rows=108 width=0)
	        Index Cond: ((k >= 5350525) AND (k <= 5350625))

table 3 : explain SELECT k, c FROM sbtest3 WHERE k BETWEEN 5350525 AND 5350625
	Bitmap Heap Scan on sbtest3  (cost=5.52..425.14 rows=106 width=125)
	  Recheck Cond: ((k >= 5350525) AND (k <= 5350625))
	  ->  Bitmap Index Scan on k_3  (cost=0.00..5.50 rows=106 width=0)
	        Index Cond: ((k >= 5350525) AND (k <= 5350625))

table 4 : explain SELECT k, c FROM sbtest4 WHERE k BETWEEN 5350525 AND 5350625
	Bitmap Heap Scan on sbtest4  (cost=5.45..397.58 rows=99 width=125)
	  Recheck Cond: ((k >= 5350525) AND (k <= 5350625))
	  ->  Bitmap Index Scan on k_4  (cost=0.00..5.42 rows=99 width=0)
	        Index Cond: ((k >= 5350525) AND (k <= 5350625))

table 5 : explain SELECT k, c FROM sbtest5 WHERE k BETWEEN 5350525 AND 5350625
	Bitmap Heap Scan on sbtest5  (cost=5.55..437.00 rows=109 width=125)
	  Recheck Cond: ((k >= 5350525) AND (k <= 5350625))
	  ->  Bitmap Index Scan on k_5  (cost=0.00..5.52 rows=109 width=0)
	        Index Cond: ((k >= 5350525) AND (k <= 5350625))

table 6 : explain SELECT k, c FROM sbtest6 WHERE k BETWEEN 5350525 AND 5350625
	Bitmap Heap Scan on sbtest6  (cost=5.47..405.47 rows=101 width=125)
	  Recheck Cond: ((k >= 5350525) AND (k <= 5350625))
	  ->  Bitmap Index Scan on k_6  (cost=0.00..5.44 rows=101 width=0)
	        Index Cond: ((k >= 5350525) AND (k <= 5350625))

table 7 : explain SELECT k, c FROM sbtest7 WHERE k BETWEEN 5350525 AND 5350625
	Bitmap Heap Scan on sbtest7  (cost=5.44..393.67 rows=98 width=125)
	  Recheck Cond: ((k >= 5350525) AND (k <= 5350625))
	  ->  Bitmap Index Scan on k_7  (cost=0.00..5.42 rows=98 width=0)
	        Index Cond: ((k >= 5350525) AND (k <= 5350625))

table 8 : explain SELECT k, c FROM sbtest8 WHERE k BETWEEN 5350525 AND 5350625
	Bitmap Heap Scan on sbtest8  (cost=5.44..393.67 rows=98 width=125)
	  Recheck Cond: ((k >= 5350525) AND (k <= 5350625))
	  ->  Bitmap Index Scan on k_8  (cost=0.00..5.42 rows=98 width=0)
	        Index Cond: ((k >= 5350525) AND (k <= 5350625))

explain: for range-notcovered :: explain SELECT k, c FROM sbtest%d WHERE k BETWEEN 3096934 AND 3097034
explain: for range-notcovered :: explain SELECT k, c FROM sbtest%d WHERE k BETWEEN 5350525 AND 5350625
for range-notcovered
table 1 : explain SELECT k, c FROM sbtest1 WHERE k BETWEEN 5290296 AND 5290396
	Bitmap Heap Scan on sbtest1  (cost=5.56..440.85 rows=110 width=125)
	  Recheck Cond: ((k >= 5290296) AND (k <= 5290396))
	  ->  Bitmap Index Scan on k_1  (cost=0.00..5.53 rows=110 width=0)
	        Index Cond: ((k >= 5290296) AND (k <= 5290396))

table 2 : explain SELECT k, c FROM sbtest2 WHERE k BETWEEN 5290296 AND 5290396
	Bitmap Heap Scan on sbtest2  (cost=5.44..393.60 rows=98 width=125)
	  Recheck Cond: ((k >= 5290296) AND (k <= 5290396))
	  ->  Bitmap Index Scan on k_2  (cost=0.00..5.42 rows=98 width=0)
	        Index Cond: ((k >= 5290296) AND (k <= 5290396))

table 3 : explain SELECT k, c FROM sbtest3 WHERE k BETWEEN 5290296 AND 5290396
	Bitmap Heap Scan on sbtest3  (cost=5.43..389.66 rows=97 width=125)
	  Recheck Cond: ((k >= 5290296) AND (k <= 5290396))
	  ->  Bitmap Index Scan on k_3  (cost=0.00..5.40 rows=97 width=0)
	        Index Cond: ((k >= 5290296) AND (k <= 5290396))

table 4 : explain SELECT k, c FROM sbtest4 WHERE k BETWEEN 5290296 AND 5290396
	Bitmap Heap Scan on sbtest4  (cost=5.45..397.58 rows=99 width=125)
	  Recheck Cond: ((k >= 5290296) AND (k <= 5290396))
	  ->  Bitmap Index Scan on k_4  (cost=0.00..5.42 rows=99 width=0)
	        Index Cond: ((k >= 5290296) AND (k <= 5290396))

table 5 : explain SELECT k, c FROM sbtest5 WHERE k BETWEEN 5290296 AND 5290396
	Bitmap Heap Scan on sbtest5  (cost=5.56..440.94 rows=110 width=125)
	  Recheck Cond: ((k >= 5290296) AND (k <= 5290396))
	  ->  Bitmap Index Scan on k_5  (cost=0.00..5.53 rows=110 width=0)
	        Index Cond: ((k >= 5290296) AND (k <= 5290396))

table 6 : explain SELECT k, c FROM sbtest6 WHERE k BETWEEN 5290296 AND 5290396
	Bitmap Heap Scan on sbtest6  (cost=5.47..405.47 rows=101 width=125)
	  Recheck Cond: ((k >= 5290296) AND (k <= 5290396))
	  ->  Bitmap Index Scan on k_6  (cost=0.00..5.44 rows=101 width=0)
	        Index Cond: ((k >= 5290296) AND (k <= 5290396))

table 7 : explain SELECT k, c FROM sbtest7 WHERE k BETWEEN 5290296 AND 5290396
	Bitmap Heap Scan on sbtest7  (cost=5.44..393.67 rows=98 width=125)
	  Recheck Cond: ((k >= 5290296) AND (k <= 5290396))
	  ->  Bitmap Index Scan on k_7  (cost=0.00..5.42 rows=98 width=0)
	        Index Cond: ((k >= 5290296) AND (k <= 5290396))

table 8 : explain SELECT k, c FROM sbtest8 WHERE k BETWEEN 5290296 AND 5290396
	Bitmap Heap Scan on sbtest8  (cost=5.44..393.67 rows=98 width=125)
	  Recheck Cond: ((k >= 5290296) AND (k <= 5290396))
	  ->  Bitmap Index Scan on k_8  (cost=0.00..5.42 rows=98 width=0)
	        Index Cond: ((k >= 5290296) AND (k <= 5290396))

for range-notcovered
table 1 : explain SELECT k, c FROM sbtest1 WHERE k BETWEEN 5452353 AND 5452453
	Bitmap Heap Scan on sbtest1  (cost=5.39..373.84 rows=93 width=125)
	  Recheck Cond: ((k >= 5452353) AND (k <= 5452453))
	  ->  Bitmap Index Scan on k_1  (cost=0.00..5.36 rows=93 width=0)
	        Index Cond: ((k >= 5452353) AND (k <= 5452453))

table 2 : explain SELECT k, c FROM sbtest2 WHERE k BETWEEN 5452353 AND 5452453
	Bitmap Heap Scan on sbtest2  (cost=5.58..448.78 rows=112 width=125)
	  Recheck Cond: ((k >= 5452353) AND (k <= 5452453))
	  ->  Bitmap Index Scan on k_2  (cost=0.00..5.55 rows=112 width=0)
	        Index Cond: ((k >= 5452353) AND (k <= 5452453))

table 3 : explain SELECT k, c FROM sbtest3 WHERE k BETWEEN 5452353 AND 5452453
	Bitmap Heap Scan on sbtest3  (cost=5.52..425.14 rows=106 width=125)
	  Recheck Cond: ((k >= 5452353) AND (k <= 5452453))
	  ->  Bitmap Index Scan on k_3  (cost=0.00..5.50 rows=106 width=0)
	        Index Cond: ((k >= 5452353) AND (k <= 5452453))

table 4 : explain SELECT k, c FROM sbtest4 WHERE k BETWEEN 5452353 AND 5452453
	Bitmap Heap Scan on sbtest4  (cost=5.46..401.52 rows=100 width=125)
	  Recheck Cond: ((k >= 5452353) AND (k <= 5452453))
	  ->  Bitmap Index Scan on k_4  (cost=0.00..5.43 rows=100 width=0)
	        Index Cond: ((k >= 5452353) AND (k <= 5452453))

table 5 : explain SELECT k, c FROM sbtest5 WHERE k BETWEEN 5452353 AND 5452453
	Bitmap Heap Scan on sbtest5  (cost=5.46..401.53 rows=100 width=125)
	  Recheck Cond: ((k >= 5452353) AND (k <= 5452453))
	  ->  Bitmap Index Scan on k_5  (cost=0.00..5.43 rows=100 width=0)
	        Index Cond: ((k >= 5452353) AND (k <= 5452453))

table 6 : explain SELECT k, c FROM sbtest6 WHERE k BETWEEN 5452353 AND 5452453
	Bitmap Heap Scan on sbtest6  (cost=5.56..440.95 rows=110 width=125)
	  Recheck Cond: ((k >= 5452353) AND (k <= 5452453))
	  ->  Bitmap Index Scan on k_6  (cost=0.00..5.53 rows=110 width=0)
	        Index Cond: ((k >= 5452353) AND (k <= 5452453))

table 7 : explain SELECT k, c FROM sbtest7 WHERE k BETWEEN 5452353 AND 5452453
	Bitmap Heap Scan on sbtest7  (cost=5.41..381.83 rows=95 width=125)
	  Recheck Cond: ((k >= 5452353) AND (k <= 5452453))
	  ->  Bitmap Index Scan on k_7  (cost=0.00..5.38 rows=95 width=0)
	        Index Cond: ((k >= 5452353) AND (k <= 5452453))

table 8 : explain SELECT k, c FROM sbtest8 WHERE k BETWEEN 5452353 AND 5452453
	Bitmap Heap Scan on sbtest8  (cost=5.64..472.49 rows=118 width=125)
	  Recheck Cond: ((k >= 5452353) AND (k <= 5452453))
	  ->  Bitmap Index Scan on k_8  (cost=0.00..5.61 rows=118 width=0)
	        Index Cond: ((k >= 5452353) AND (k <= 5452453))

explain: for range-notcovered :: explain SELECT k, c FROM sbtest%d WHERE k BETWEEN 5290296 AND 5290396
explain: for range-notcovered :: explain SELECT k, c FROM sbtest%d WHERE k BETWEEN 5452353 AND 5452453
for range-notcovered
table 1 : explain SELECT k, c FROM sbtest1 WHERE k BETWEEN 7051603 AND 7051703
	Bitmap Heap Scan on sbtest1  (cost=5.50..417.22 rows=104 width=125)
	  Recheck Cond: ((k >= 7051603) AND (k <= 7051703))
	  ->  Bitmap Index Scan on k_1  (cost=0.00..5.47 rows=104 width=0)
	        Index Cond: ((k >= 7051603) AND (k <= 7051703))

table 2 : explain SELECT k, c FROM sbtest2 WHERE k BETWEEN 7051603 AND 7051703
	Bitmap Heap Scan on sbtest2  (cost=5.50..417.26 rows=104 width=125)
	  Recheck Cond: ((k >= 7051603) AND (k <= 7051703))
	  ->  Bitmap Index Scan on k_2  (cost=0.00..5.47 rows=104 width=0)
	        Index Cond: ((k >= 7051603) AND (k <= 7051703))

table 3 : explain SELECT k, c FROM sbtest3 WHERE k BETWEEN 7051603 AND 7051703
	Bitmap Heap Scan on sbtest3  (cost=5.42..385.71 rows=96 width=125)
	  Recheck Cond: ((k >= 7051603) AND (k <= 7051703))
	  ->  Bitmap Index Scan on k_3  (cost=0.00..5.39 rows=96 width=0)
	        Index Cond: ((k >= 7051603) AND (k <= 7051703))

table 4 : explain SELECT k, c FROM sbtest4 WHERE k BETWEEN 7051603 AND 7051703
	Bitmap Heap Scan on sbtest4  (cost=5.51..421.24 rows=105 width=125)
	  Recheck Cond: ((k >= 7051603) AND (k <= 7051703))
	  ->  Bitmap Index Scan on k_4  (cost=0.00..5.48 rows=105 width=0)
	        Index Cond: ((k >= 7051603) AND (k <= 7051703))

table 5 : explain SELECT k, c FROM sbtest5 WHERE k BETWEEN 7051603 AND 7051703
	Bitmap Heap Scan on sbtest5  (cost=5.46..401.53 rows=100 width=125)
	  Recheck Cond: ((k >= 7051603) AND (k <= 7051703))
	  ->  Bitmap Index Scan on k_5  (cost=0.00..5.43 rows=100 width=0)
	        Index Cond: ((k >= 7051603) AND (k <= 7051703))

table 6 : explain SELECT k, c FROM sbtest6 WHERE k BETWEEN 7051603 AND 7051703
	Bitmap Heap Scan on sbtest6  (cost=5.45..397.58 rows=99 width=125)
	  Recheck Cond: ((k >= 7051603) AND (k <= 7051703))
	  ->  Bitmap Index Scan on k_6  (cost=0.00..5.42 rows=99 width=0)
	        Index Cond: ((k >= 7051603) AND (k <= 7051703))

table 7 : explain SELECT k, c FROM sbtest7 WHERE k BETWEEN 7051603 AND 7051703
	Bitmap Heap Scan on sbtest7  (cost=5.46..401.56 rows=100 width=125)
	  Recheck Cond: ((k >= 7051603) AND (k <= 7051703))
	  ->  Bitmap Index Scan on k_7  (cost=0.00..5.43 rows=100 width=0)
	        Index Cond: ((k >= 7051603) AND (k <= 7051703))

table 8 : explain SELECT k, c FROM sbtest8 WHERE k BETWEEN 7051603 AND 7051703
	Bitmap Heap Scan on sbtest8  (cost=5.52..425.22 rows=106 width=125)
	  Recheck Cond: ((k >= 7051603) AND (k <= 7051703))
	  ->  Bitmap Index Scan on k_8  (cost=0.00..5.50 rows=106 width=0)
	        Index Cond: ((k >= 7051603) AND (k <= 7051703))

explain: for range-notcovered :: explain SELECT k, c FROM sbtest%d WHERE k BETWEEN 7051603 AND 7051703
for range-notcovered
table 1 : explain SELECT k, c FROM sbtest1 WHERE k BETWEEN 3611629 AND 3611729
	Bitmap Heap Scan on sbtest1  (cost=5.42..385.68 rows=96 width=125)
	  Recheck Cond: ((k >= 3611629) AND (k <= 3611729))
	  ->  Bitmap Index Scan on k_1  (cost=0.00..5.39 rows=96 width=0)
	        Index Cond: ((k >= 3611629) AND (k <= 3611729))

table 2 : explain SELECT k, c FROM sbtest2 WHERE k BETWEEN 3611629 AND 3611729
	Bitmap Heap Scan on sbtest2  (cost=5.42..385.71 rows=96 width=125)
	  Recheck Cond: ((k >= 3611629) AND (k <= 3611729))
	  ->  Bitmap Index Scan on k_2  (cost=0.00..5.39 rows=96 width=0)
	        Index Cond: ((k >= 3611629) AND (k <= 3611729))

table 3 : explain SELECT k, c FROM sbtest3 WHERE k BETWEEN 3611629 AND 3611729
	Bitmap Heap Scan on sbtest3  (cost=5.42..385.71 rows=96 width=125)
	  Recheck Cond: ((k >= 3611629) AND (k <= 3611729))
	  ->  Bitmap Index Scan on k_3  (cost=0.00..5.39 rows=96 width=0)
	        Index Cond: ((k >= 3611629) AND (k <= 3611729))

table 4 : explain SELECT k, c FROM sbtest4 WHERE k BETWEEN 3611629 AND 3611729
	Bitmap Heap Scan on sbtest4  (cost=5.40..377.85 rows=94 width=125)
	  Recheck Cond: ((k >= 3611629) AND (k <= 3611729))
	  ->  Bitmap Index Scan on k_4  (cost=0.00..5.38 rows=94 width=0)
	        Index Cond: ((k >= 3611629) AND (k <= 3611729))

table 5 : explain SELECT k, c FROM sbtest5 WHERE k BETWEEN 3611629 AND 3611729
	Bitmap Heap Scan on sbtest5  (cost=5.50..417.30 rows=104 width=125)
	  Recheck Cond: ((k >= 3611629) AND (k <= 3611729))
	  ->  Bitmap Index Scan on k_5  (cost=0.00..5.47 rows=104 width=0)
	        Index Cond: ((k >= 3611629) AND (k <= 3611729))

table 6 : explain SELECT k, c FROM sbtest6 WHERE k BETWEEN 3611629 AND 3611729
	Bitmap Heap Scan on sbtest6  (cost=5.47..405.47 rows=101 width=125)
	  Recheck Cond: ((k >= 3611629) AND (k <= 3611729))
	  ->  Bitmap Index Scan on k_6  (cost=0.00..5.44 rows=101 width=0)
	        Index Cond: ((k >= 3611629) AND (k <= 3611729))

table 7 : explain SELECT k, c FROM sbtest7 WHERE k BETWEEN 3611629 AND 3611729
	Bitmap Heap Scan on sbtest7  (cost=5.55..437.04 rows=109 width=125)
	  Recheck Cond: ((k >= 3611629) AND (k <= 3611729))
	  ->  Bitmap Index Scan on k_7  (cost=0.00..5.52 rows=109 width=0)
	        Index Cond: ((k >= 3611629) AND (k <= 3611729))

table 8 : explain SELECT k, c FROM sbtest8 WHERE k BETWEEN 3611629 AND 3611729
	Bitmap Heap Scan on sbtest8  (cost=5.42..385.78 rows=96 width=125)
	  Recheck Cond: ((k >= 3611629) AND (k <= 3611729))
	  ->  Bitmap Index Scan on k_8  (cost=0.00..5.39 rows=96 width=0)
	        Index Cond: ((k >= 3611629) AND (k <= 3611729))

for range-notcovered
table 1 : explain SELECT k, c FROM sbtest1 WHERE k BETWEEN 5611848 AND 5611948
	Bitmap Heap Scan on sbtest1  (cost=5.50..417.22 rows=104 width=125)
	  Recheck Cond: ((k >= 5611848) AND (k <= 5611948))
	  ->  Bitmap Index Scan on k_1  (cost=0.00..5.47 rows=104 width=0)
	        Index Cond: ((k >= 5611848) AND (k <= 5611948))

table 2 : explain SELECT k, c FROM sbtest2 WHERE k BETWEEN 5611848 AND 5611948
	Bitmap Heap Scan on sbtest2  (cost=5.46..401.49 rows=100 width=125)
	  Recheck Cond: ((k >= 5611848) AND (k <= 5611948))
	  ->  Bitmap Index Scan on k_2  (cost=0.00..5.43 rows=100 width=0)
	        Index Cond: ((k >= 5611848) AND (k <= 5611948))

table 3 : explain SELECT k, c FROM sbtest3 WHERE k BETWEEN 5611848 AND 5611948
	Bitmap Heap Scan on sbtest3  (cost=5.43..389.66 rows=97 width=125)
	  Recheck Cond: ((k >= 5611848) AND (k <= 5611948))
	  ->  Bitmap Index Scan on k_3  (cost=0.00..5.40 rows=97 width=0)
	        Index Cond: ((k >= 5611848) AND (k <= 5611948))

table 4 : explain SELECT k, c FROM sbtest4 WHERE k BETWEEN 5611848 AND 5611948
	Bitmap Heap Scan on sbtest4  (cost=5.48..409.41 rows=102 width=125)
	  Recheck Cond: ((k >= 5611848) AND (k <= 5611948))
	  ->  Bitmap Index Scan on k_4  (cost=0.00..5.45 rows=102 width=0)
	        Index Cond: ((k >= 5611848) AND (k <= 5611948))

table 5 : explain SELECT k, c FROM sbtest5 WHERE k BETWEEN 5611848 AND 5611948
	Bitmap Heap Scan on sbtest5  (cost=5.51..421.24 rows=105 width=125)
	  Recheck Cond: ((k >= 5611848) AND (k <= 5611948))
	  ->  Bitmap Index Scan on k_5  (cost=0.00..5.48 rows=105 width=0)
	        Index Cond: ((k >= 5611848) AND (k <= 5611948))

table 6 : explain SELECT k, c FROM sbtest6 WHERE k BETWEEN 5611848 AND 5611948
	Bitmap Heap Scan on sbtest6  (cost=5.50..417.30 rows=104 width=125)
	  Recheck Cond: ((k >= 5611848) AND (k <= 5611948))
	  ->  Bitmap Index Scan on k_6  (cost=0.00..5.47 rows=104 width=0)
	        Index Cond: ((k >= 5611848) AND (k <= 5611948))

table 7 : explain SELECT k, c FROM sbtest7 WHERE k BETWEEN 5611848 AND 5611948
	Bitmap Heap Scan on sbtest7  (cost=5.50..417.33 rows=104 width=125)
	  Recheck Cond: ((k >= 5611848) AND (k <= 5611948))
	  ->  Bitmap Index Scan on k_7  (cost=0.00..5.47 rows=104 width=0)
	        Index Cond: ((k >= 5611848) AND (k <= 5611948))

table 8 : explain SELECT k, c FROM sbtest8 WHERE k BETWEEN 5611848 AND 5611948
	Bitmap Heap Scan on sbtest8  (cost=5.44..393.67 rows=98 width=125)
	  Recheck Cond: ((k >= 5611848) AND (k <= 5611948))
	  ->  Bitmap Index Scan on k_8  (cost=0.00..5.42 rows=98 width=0)
	        Index Cond: ((k >= 5611848) AND (k <= 5611948))

for range-notcovered
table 1 : explain SELECT k, c FROM sbtest1 WHERE k BETWEEN 5319933 AND 5320033
	Bitmap Heap Scan on sbtest1  (cost=5.40..377.79 rows=94 width=125)
	  Recheck Cond: ((k >= 5319933) AND (k <= 5320033))
	  ->  Bitmap Index Scan on k_1  (cost=0.00..5.38 rows=94 width=0)
	        Index Cond: ((k >= 5319933) AND (k <= 5320033))

table 2 : explain SELECT k, c FROM sbtest2 WHERE k BETWEEN 5319933 AND 5320033
	Bitmap Heap Scan on sbtest2  (cost=5.44..393.60 rows=98 width=125)
	  Recheck Cond: ((k >= 5319933) AND (k <= 5320033))
	  ->  Bitmap Index Scan on k_2  (cost=0.00..5.42 rows=98 width=0)
	        Index Cond: ((k >= 5319933) AND (k <= 5320033))

table 3 : explain SELECT k, c FROM sbtest3 WHERE k BETWEEN 5319933 AND 5320033
	Bitmap Heap Scan on sbtest3  (cost=5.52..425.14 rows=106 width=125)
	  Recheck Cond: ((k >= 5319933) AND (k <= 5320033))
	  ->  Bitmap Index Scan on k_3  (cost=0.00..5.50 rows=106 width=0)
	        Index Cond: ((k >= 5319933) AND (k <= 5320033))

table 4 : explain SELECT k, c FROM sbtest4 WHERE k BETWEEN 5319933 AND 5320033
	Bitmap Heap Scan on sbtest4  (cost=5.45..397.58 rows=99 width=125)
	  Recheck Cond: ((k >= 5319933) AND (k <= 5320033))
	  ->  Bitmap Index Scan on k_4  (cost=0.00..5.42 rows=99 width=0)
	        Index Cond: ((k >= 5319933) AND (k <= 5320033))

table 5 : explain SELECT k, c FROM sbtest5 WHERE k BETWEEN 5319933 AND 5320033
	Bitmap Heap Scan on sbtest5  (cost=5.55..437.00 rows=109 width=125)
	  Recheck Cond: ((k >= 5319933) AND (k <= 5320033))
	  ->  Bitmap Index Scan on k_5  (cost=0.00..5.52 rows=109 width=0)
	        Index Cond: ((k >= 5319933) AND (k <= 5320033))

table 6 : explain SELECT k, c FROM sbtest6 WHERE k BETWEEN 5319933 AND 5320033
	Bitmap Heap Scan on sbtest6  (cost=5.47..405.47 rows=101 width=125)
	  Recheck Cond: ((k >= 5319933) AND (k <= 5320033))
	  ->  Bitmap Index Scan on k_6  (cost=0.00..5.44 rows=101 width=0)
	        Index Cond: ((k >= 5319933) AND (k <= 5320033))

table 7 : explain SELECT k, c FROM sbtest7 WHERE k BETWEEN 5319933 AND 5320033
	Bitmap Heap Scan on sbtest7  (cost=5.44..393.67 rows=98 width=125)
	  Recheck Cond: ((k >= 5319933) AND (k <= 5320033))
	  ->  Bitmap Index Scan on k_7  (cost=0.00..5.42 rows=98 width=0)
	        Index Cond: ((k >= 5319933) AND (k <= 5320033))

table 8 : explain SELECT k, c FROM sbtest8 WHERE k BETWEEN 5319933 AND 5320033
	Bitmap Heap Scan on sbtest8  (cost=5.44..393.67 rows=98 width=125)
	  Recheck Cond: ((k >= 5319933) AND (k <= 5320033))
	  ->  Bitmap Index Scan on k_8  (cost=0.00..5.42 rows=98 width=0)
	        Index Cond: ((k >= 5319933) AND (k <= 5320033))

explain: for range-notcovered :: explain SELECT k, c FROM sbtest%d WHERE k BETWEEN 5611848 AND 5611948
explain: for range-notcovered :: explain SELECT k, c FROM sbtest%d WHERE k BETWEEN 3611629 AND 3611729explain: for range-notcovered :: explain SELECT k, c FROM sbtest%d WHERE k BETWEEN 1748124 AND 1748224

explain: for range-notcovered :: explain SELECT k, c FROM sbtest%d WHERE k BETWEEN 5319933 AND 5320033
for range-notcovered
table 1 : explain SELECT k, c FROM sbtest1 WHERE k BETWEEN 3096934 AND 3097034
	Bitmap Heap Scan on sbtest1  (cost=5.59..452.67 rows=113 width=125)
	  Recheck Cond: ((k >= 3096934) AND (k <= 3097034))
	  ->  Bitmap Index Scan on k_1  (cost=0.00..5.56 rows=113 width=0)
	        Index Cond: ((k >= 3096934) AND (k <= 3097034))

table 2 : explain SELECT k, c FROM sbtest2 WHERE k BETWEEN 3096934 AND 3097034
	Bitmap Heap Scan on sbtest2  (cost=5.49..413.31 rows=103 width=125)
	  Recheck Cond: ((k >= 3096934) AND (k <= 3097034))
	  ->  Bitmap Index Scan on k_2  (cost=0.00..5.46 rows=103 width=0)
	        Index Cond: ((k >= 3096934) AND (k <= 3097034))

table 3 : explain SELECT k, c FROM sbtest3 WHERE k BETWEEN 3096934 AND 3097034
	Bitmap Heap Scan on sbtest3  (cost=5.40..377.82 rows=94 width=125)
	  Recheck Cond: ((k >= 3096934) AND (k <= 3097034))
	  ->  Bitmap Index Scan on k_3  (cost=0.00..5.38 rows=94 width=0)
	        Index Cond: ((k >= 3096934) AND (k <= 3097034))

table 4 : explain SELECT k, c FROM sbtest4 WHERE k BETWEEN 3096934 AND 3097034
	Bitmap Heap Scan on sbtest4  (cost=5.54..433.06 rows=108 width=125)
	  Recheck Cond: ((k >= 3096934) AND (k <= 3097034))
	  ->  Bitmap Index Scan on k_4  (cost=0.00..5.51 rows=108 width=0)
	        Index Cond: ((k >= 3096934) AND (k <= 3097034))

table 5 : explain SELECT k, c FROM sbtest5 WHERE k BETWEEN 3096934 AND 3097034
	Bitmap Heap Scan on sbtest5  (cost=5.48..409.41 rows=102 width=125)
	  Recheck Cond: ((k >= 3096934) AND (k <= 3097034))
	  ->  Bitmap Index Scan on k_5  (cost=0.00..5.45 rows=102 width=0)
	        Index Cond: ((k >= 3096934) AND (k <= 3097034))

table 6 : explain SELECT k, c FROM sbtest6 WHERE k BETWEEN 3096934 AND 3097034
	Bitmap Heap Scan on sbtest6  (cost=5.50..417.30 rows=104 width=125)
	  Recheck Cond: ((k >= 3096934) AND (k <= 3097034))
	  ->  Bitmap Index Scan on k_6  (cost=0.00..5.47 rows=104 width=0)
	        Index Cond: ((k >= 3096934) AND (k <= 3097034))

table 7 : explain SELECT k, c FROM sbtest7 WHERE k BETWEEN 3096934 AND 3097034
	Bitmap Heap Scan on sbtest7  (cost=5.42..385.78 rows=96 width=125)
	  Recheck Cond: ((k >= 3096934) AND (k <= 3097034))
	  ->  Bitmap Index Scan on k_7  (cost=0.00..5.39 rows=96 width=0)
	        Index Cond: ((k >= 3096934) AND (k <= 3097034))

table 8 : explain SELECT k, c FROM sbtest8 WHERE k BETWEEN 3096934 AND 3097034
	Bitmap Heap Scan on sbtest8  (cost=5.41..381.83 rows=95 width=125)
	  Recheck Cond: ((k >= 3096934) AND (k <= 3097034))
	  ->  Bitmap Index Scan on k_8  (cost=0.00..5.38 rows=95 width=0)
	        Index Cond: ((k >= 3096934) AND (k <= 3097034))

for range-notcovered
table 1 : explain SELECT k, c FROM sbtest1 WHERE k BETWEEN 5350525 AND 5350625
	Bitmap Heap Scan on sbtest1  (cost=5.40..377.79 rows=94 width=125)
	  Recheck Cond: ((k >= 5350525) AND (k <= 5350625))
	  ->  Bitmap Index Scan on k_1  (cost=0.00..5.38 rows=94 width=0)
	        Index Cond: ((k >= 5350525) AND (k <= 5350625))

table 2 : explain SELECT k, c FROM sbtest2 WHERE k BETWEEN 5350525 AND 5350625
	Bitmap Heap Scan on sbtest2  (cost=5.54..433.02 rows=108 width=125)
	  Recheck Cond: ((k >= 5350525) AND (k <= 5350625))
	  ->  Bitmap Index Scan on k_2  (cost=0.00..5.51 rows=108 width=0)
	        Index Cond: ((k >= 5350525) AND (k <= 5350625))

table 3 : explain SELECT k, c FROM sbtest3 WHERE k BETWEEN 5350525 AND 5350625
	Bitmap Heap Scan on sbtest3  (cost=5.52..425.14 rows=106 width=125)
	  Recheck Cond: ((k >= 5350525) AND (k <= 5350625))
	  ->  Bitmap Index Scan on k_3  (cost=0.00..5.50 rows=106 width=0)
	        Index Cond: ((k >= 5350525) AND (k <= 5350625))

table 4 : explain SELECT k, c FROM sbtest4 WHERE k BETWEEN 5350525 AND 5350625
	Bitmap Heap Scan on sbtest4  (cost=5.45..397.58 rows=99 width=125)
	  Recheck Cond: ((k >= 5350525) AND (k <= 5350625))
	  ->  Bitmap Index Scan on k_4  (cost=0.00..5.42 rows=99 width=0)
	        Index Cond: ((k >= 5350525) AND (k <= 5350625))

table 5 : explain SELECT k, c FROM sbtest5 WHERE k BETWEEN 5350525 AND 5350625
	Bitmap Heap Scan on sbtest5  (cost=5.55..437.00 rows=109 width=125)
	  Recheck Cond: ((k >= 5350525) AND (k <= 5350625))
	  ->  Bitmap Index Scan on k_5  (cost=0.00..5.52 rows=109 width=0)
	        Index Cond: ((k >= 5350525) AND (k <= 5350625))

table 6 : explain SELECT k, c FROM sbtest6 WHERE k BETWEEN 5350525 AND 5350625
	Bitmap Heap Scan on sbtest6  (cost=5.47..405.47 rows=101 width=125)
	  Recheck Cond: ((k >= 5350525) AND (k <= 5350625))
	  ->  Bitmap Index Scan on k_6  (cost=0.00..5.44 rows=101 width=0)
	        Index Cond: ((k >= 5350525) AND (k <= 5350625))

table 7 : explain SELECT k, c FROM sbtest7 WHERE k BETWEEN 5350525 AND 5350625
	Bitmap Heap Scan on sbtest7  (cost=5.44..393.67 rows=98 width=125)
	  Recheck Cond: ((k >= 5350525) AND (k <= 5350625))
	  ->  Bitmap Index Scan on k_7  (cost=0.00..5.42 rows=98 width=0)
	        Index Cond: ((k >= 5350525) AND (k <= 5350625))

table 8 : explain SELECT k, c FROM sbtest8 WHERE k BETWEEN 5350525 AND 5350625
	Bitmap Heap Scan on sbtest8  (cost=5.44..393.67 rows=98 width=125)
	  Recheck Cond: ((k >= 5350525) AND (k <= 5350625))
	  ->  Bitmap Index Scan on k_8  (cost=0.00..5.42 rows=98 width=0)
	        Index Cond: ((k >= 5350525) AND (k <= 5350625))

for range-notcovered
table 1 : explain SELECT k, c FROM sbtest1 WHERE k BETWEEN 5807253 AND 5807353
	Bitmap Heap Scan on sbtest1  (cost=5.49..413.27 rows=103 width=125)
	  Recheck Cond: ((k >= 5807253) AND (k <= 5807353))
	  ->  Bitmap Index Scan on k_1  (cost=0.00..5.46 rows=103 width=0)
	        Index Cond: ((k >= 5807253) AND (k <= 5807353))

table 2 : explain SELECT k, c FROM sbtest2 WHERE k BETWEEN 5807253 AND 5807353
	Bitmap Heap Scan on sbtest2  (cost=5.50..417.26 rows=104 width=125)
	  Recheck Cond: ((k >= 5807253) AND (k <= 5807353))
	  ->  Bitmap Index Scan on k_2  (cost=0.00..5.47 rows=104 width=0)
	        Index Cond: ((k >= 5807253) AND (k <= 5807353))

table 3 : explain SELECT k, c FROM sbtest3 WHERE k BETWEEN 5807253 AND 5807353
	Bitmap Heap Scan on sbtest3  (cost=5.40..377.82 rows=94 width=125)
	  Recheck Cond: ((k >= 5807253) AND (k <= 5807353))
	  ->  Bitmap Index Scan on k_3  (cost=0.00..5.38 rows=94 width=0)
	        Index Cond: ((k >= 5807253) AND (k <= 5807353))

table 4 : explain SELECT k, c FROM sbtest4 WHERE k BETWEEN 5807253 AND 5807353
	Bitmap Heap Scan on sbtest4  (cost=5.49..413.35 rows=103 width=125)
	  Recheck Cond: ((k >= 5807253) AND (k <= 5807353))
	  ->  Bitmap Index Scan on k_4  (cost=0.00..5.46 rows=103 width=0)
	        Index Cond: ((k >= 5807253) AND (k <= 5807353))

table 5 : explain SELECT k, c FROM sbtest5 WHERE k BETWEEN 5807253 AND 5807353
	Bitmap Heap Scan on sbtest5  (cost=5.51..421.24 rows=105 width=125)
	  Recheck Cond: ((k >= 5807253) AND (k <= 5807353))
	  ->  Bitmap Index Scan on k_5  (cost=0.00..5.48 rows=105 width=0)
	        Index Cond: ((k >= 5807253) AND (k <= 5807353))

table 6 : explain SELECT k, c FROM sbtest6 WHERE k BETWEEN 5807253 AND 5807353
	Bitmap Heap Scan on sbtest6  (cost=5.65..476.39 rows=119 width=125)
	  Recheck Cond: ((k >= 5807253) AND (k <= 5807353))
	  ->  Bitmap Index Scan on k_6  (cost=0.00..5.62 rows=119 width=0)
	        Index Cond: ((k >= 5807253) AND (k <= 5807353))

table 7 : explain SELECT k, c FROM sbtest7 WHERE k BETWEEN 5807253 AND 5807353
	Bitmap Heap Scan on sbtest7  (cost=5.46..401.56 rows=100 width=125)
	  Recheck Cond: ((k >= 5807253) AND (k <= 5807353))
	  ->  Bitmap Index Scan on k_7  (cost=0.00..5.43 rows=100 width=0)
	        Index Cond: ((k >= 5807253) AND (k <= 5807353))

table 8 : explain SELECT k, c FROM sbtest8 WHERE k BETWEEN 5807253 AND 5807353
	Bitmap Heap Scan on sbtest8  (cost=5.43..389.72 rows=97 width=125)
	  Recheck Cond: ((k >= 5807253) AND (k <= 5807353))
	  ->  Bitmap Index Scan on k_8  (cost=0.00..5.40 rows=97 width=0)
	        Index Cond: ((k >= 5807253) AND (k <= 5807353))

for range-notcovered
table 1 : explain SELECT k, c FROM sbtest1 WHERE k BETWEEN 5290296 AND 5290396
	Bitmap Heap Scan on sbtest1  (cost=5.56..440.85 rows=110 width=125)
	  Recheck Cond: ((k >= 5290296) AND (k <= 5290396))
	  ->  Bitmap Index Scan on k_1  (cost=0.00..5.53 rows=110 width=0)
	        Index Cond: ((k >= 5290296) AND (k <= 5290396))

table 2 : explain SELECT k, c FROM sbtest2 WHERE k BETWEEN 5290296 AND 5290396
	Bitmap Heap Scan on sbtest2  (cost=5.44..393.60 rows=98 width=125)
	  Recheck Cond: ((k >= 5290296) AND (k <= 5290396))
	  ->  Bitmap Index Scan on k_2  (cost=0.00..5.42 rows=98 width=0)
	        Index Cond: ((k >= 5290296) AND (k <= 5290396))

table 3 : explain SELECT k, c FROM sbtest3 WHERE k BETWEEN 5290296 AND 5290396
	Bitmap Heap Scan on sbtest3  (cost=5.43..389.66 rows=97 width=125)
	  Recheck Cond: ((k >= 5290296) AND (k <= 5290396))
	  ->  Bitmap Index Scan on k_3  (cost=0.00..5.40 rows=97 width=0)
	        Index Cond: ((k >= 5290296) AND (k <= 5290396))

table 4 : explain SELECT k, c FROM sbtest4 WHERE k BETWEEN 5290296 AND 5290396
	Bitmap Heap Scan on sbtest4  (cost=5.45..397.58 rows=99 width=125)
	  Recheck Cond: ((k >= 5290296) AND (k <= 5290396))
	  ->  Bitmap Index Scan on k_4  (cost=0.00..5.42 rows=99 width=0)
	        Index Cond: ((k >= 5290296) AND (k <= 5290396))

table 5 : explain SELECT k, c FROM sbtest5 WHERE k BETWEEN 5290296 AND 5290396
	Bitmap Heap Scan on sbtest5  (cost=5.56..440.94 rows=110 width=125)
	  Recheck Cond: ((k >= 5290296) AND (k <= 5290396))
	  ->  Bitmap Index Scan on k_5  (cost=0.00..5.53 rows=110 width=0)
	        Index Cond: ((k >= 5290296) AND (k <= 5290396))

table 6 : explain SELECT k, c FROM sbtest6 WHERE k BETWEEN 5290296 AND 5290396
	Bitmap Heap Scan on sbtest6  (cost=5.47..405.47 rows=101 width=125)
	  Recheck Cond: ((k >= 5290296) AND (k <= 5290396))
	  ->  Bitmap Index Scan on k_6  (cost=0.00..5.44 rows=101 width=0)
	        Index Cond: ((k >= 5290296) AND (k <= 5290396))

table 7 : explain SELECT k, c FROM sbtest7 WHERE k BETWEEN 5290296 AND 5290396
	Bitmap Heap Scan on sbtest7  (cost=5.44..393.67 rows=98 width=125)
	  Recheck Cond: ((k >= 5290296) AND (k <= 5290396))
	  ->  Bitmap Index Scan on k_7  (cost=0.00..5.42 rows=98 width=0)
	        Index Cond: ((k >= 5290296) AND (k <= 5290396))

table 8 : explain SELECT k, c FROM sbtest8 WHERE k BETWEEN 5290296 AND 5290396
	Bitmap Heap Scan on sbtest8  (cost=5.44..393.67 rows=98 width=125)
	  Recheck Cond: ((k >= 5290296) AND (k <= 5290396))
	  ->  Bitmap Index Scan on k_8  (cost=0.00..5.42 rows=98 width=0)
	        Index Cond: ((k >= 5290296) AND (k <= 5290396))

for range-notcovered
table 1 : explain SELECT k, c FROM sbtest1 WHERE k BETWEEN 7051603 AND 7051703
	Bitmap Heap Scan on sbtest1  (cost=5.50..417.22 rows=104 width=125)
	  Recheck Cond: ((k >= 7051603) AND (k <= 7051703))
	  ->  Bitmap Index Scan on k_1  (cost=0.00..5.47 rows=104 width=0)
	        Index Cond: ((k >= 7051603) AND (k <= 7051703))

table 2 : explain SELECT k, c FROM sbtest2 WHERE k BETWEEN 7051603 AND 7051703
	Bitmap Heap Scan on sbtest2  (cost=5.50..417.26 rows=104 width=125)
	  Recheck Cond: ((k >= 7051603) AND (k <= 7051703))
	  ->  Bitmap Index Scan on k_2  (cost=0.00..5.47 rows=104 width=0)
	        Index Cond: ((k >= 7051603) AND (k <= 7051703))

table 3 : explain SELECT k, c FROM sbtest3 WHERE k BETWEEN 7051603 AND 7051703
	Bitmap Heap Scan on sbtest3  (cost=5.42..385.71 rows=96 width=125)
	  Recheck Cond: ((k >= 7051603) AND (k <= 7051703))
	  ->  Bitmap Index Scan on k_3  (cost=0.00..5.39 rows=96 width=0)
	        Index Cond: ((k >= 7051603) AND (k <= 7051703))

table 4 : explain SELECT k, c FROM sbtest4 WHERE k BETWEEN 7051603 AND 7051703
	Bitmap Heap Scan on sbtest4  (cost=5.51..421.24 rows=105 width=125)
	  Recheck Cond: ((k >= 7051603) AND (k <= 7051703))
	  ->  Bitmap Index Scan on k_4  (cost=0.00..5.48 rows=105 width=0)
	        Index Cond: ((k >= 7051603) AND (k <= 7051703))

table 5 : explain SELECT k, c FROM sbtest5 WHERE k BETWEEN 7051603 AND 7051703
	Bitmap Heap Scan on sbtest5  (cost=5.46..401.53 rows=100 width=125)
	  Recheck Cond: ((k >= 7051603) AND (k <= 7051703))
	  ->  Bitmap Index Scan on k_5  (cost=0.00..5.43 rows=100 width=0)
	        Index Cond: ((k >= 7051603) AND (k <= 7051703))

table 6 : explain SELECT k, c FROM sbtest6 WHERE k BETWEEN 7051603 AND 7051703
	Bitmap Heap Scan on sbtest6  (cost=5.45..397.58 rows=99 width=125)
	  Recheck Cond: ((k >= 7051603) AND (k <= 7051703))
	  ->  Bitmap Index Scan on k_6  (cost=0.00..5.42 rows=99 width=0)
	        Index Cond: ((k >= 7051603) AND (k <= 7051703))

table 7 : explain SELECT k, c FROM sbtest7 WHERE k BETWEEN 7051603 AND 7051703
	Bitmap Heap Scan on sbtest7  (cost=5.46..401.56 rows=100 width=125)
	  Recheck Cond: ((k >= 7051603) AND (k <= 7051703))
	  ->  Bitmap Index Scan on k_7  (cost=0.00..5.43 rows=100 width=0)
	        Index Cond: ((k >= 7051603) AND (k <= 7051703))

table 8 : explain SELECT k, c FROM sbtest8 WHERE k BETWEEN 7051603 AND 7051703
	Bitmap Heap Scan on sbtest8  (cost=5.52..425.22 rows=106 width=125)
	  Recheck Cond: ((k >= 7051603) AND (k <= 7051703))
	  ->  Bitmap Index Scan on k_8  (cost=0.00..5.50 rows=106 width=0)
	        Index Cond: ((k >= 7051603) AND (k <= 7051703))

for range-notcovered
table 1 : explain SELECT k, c FROM sbtest1 WHERE k BETWEEN 5452353 AND 5452453
	Bitmap Heap Scan on sbtest1  (cost=5.39..373.84 rows=93 width=125)
	  Recheck Cond: ((k >= 5452353) AND (k <= 5452453))
	  ->  Bitmap Index Scan on k_1  (cost=0.00..5.36 rows=93 width=0)
	        Index Cond: ((k >= 5452353) AND (k <= 5452453))

table 2 : explain SELECT k, c FROM sbtest2 WHERE k BETWEEN 5452353 AND 5452453
	Bitmap Heap Scan on sbtest2  (cost=5.58..448.78 rows=112 width=125)
	  Recheck Cond: ((k >= 5452353) AND (k <= 5452453))
	  ->  Bitmap Index Scan on k_2  (cost=0.00..5.55 rows=112 width=0)
	        Index Cond: ((k >= 5452353) AND (k <= 5452453))

table 3 : explain SELECT k, c FROM sbtest3 WHERE k BETWEEN 5452353 AND 5452453
	Bitmap Heap Scan on sbtest3  (cost=5.52..425.14 rows=106 width=125)
	  Recheck Cond: ((k >= 5452353) AND (k <= 5452453))
	  ->  Bitmap Index Scan on k_3  (cost=0.00..5.50 rows=106 width=0)
	        Index Cond: ((k >= 5452353) AND (k <= 5452453))

table 4 : explain SELECT k, c FROM sbtest4 WHERE k BETWEEN 5452353 AND 5452453
	Bitmap Heap Scan on sbtest4  (cost=5.46..401.52 rows=100 width=125)
	  Recheck Cond: ((k >= 5452353) AND (k <= 5452453))
	  ->  Bitmap Index Scan on k_4  (cost=0.00..5.43 rows=100 width=0)
	        Index Cond: ((k >= 5452353) AND (k <= 5452453))

table 5 : explain SELECT k, c FROM sbtest5 WHERE k BETWEEN 5452353 AND 5452453
	Bitmap Heap Scan on sbtest5  (cost=5.46..401.53 rows=100 width=125)
	  Recheck Cond: ((k >= 5452353) AND (k <= 5452453))
	  ->  Bitmap Index Scan on k_5  (cost=0.00..5.43 rows=100 width=0)
	        Index Cond: ((k >= 5452353) AND (k <= 5452453))

table 6 : explain SELECT k, c FROM sbtest6 WHERE k BETWEEN 5452353 AND 5452453
	Bitmap Heap Scan on sbtest6  (cost=5.56..440.95 rows=110 width=125)
	  Recheck Cond: ((k >= 5452353) AND (k <= 5452453))
	  ->  Bitmap Index Scan on k_6  (cost=0.00..5.53 rows=110 width=0)
	        Index Cond: ((k >= 5452353) AND (k <= 5452453))

table 7 : explain SELECT k, c FROM sbtest7 WHERE k BETWEEN 5452353 AND 5452453
	Bitmap Heap Scan on sbtest7  (cost=5.41..381.83 rows=95 width=125)
	  Recheck Cond: ((k >= 5452353) AND (k <= 5452453))
	  ->  Bitmap Index Scan on k_7  (cost=0.00..5.38 rows=95 width=0)
	        Index Cond: ((k >= 5452353) AND (k <= 5452453))

table 8 : explain SELECT k, c FROM sbtest8 WHERE k BETWEEN 5452353 AND 5452453
	Bitmap Heap Scan on sbtest8  (cost=5.64..472.49 rows=118 width=125)
	  Recheck Cond: ((k >= 5452353) AND (k <= 5452453))
	  ->  Bitmap Index Scan on k_8  (cost=0.00..5.61 rows=118 width=0)
	        Index Cond: ((k >= 5452353) AND (k <= 5452453))

explain: for range-notcovered :: explain SELECT k, c FROM sbtest%d WHERE k BETWEEN 3096934 AND 3097034
explain: for range-notcovered :: explain SELECT k, c FROM sbtest%d WHERE k BETWEEN 5290296 AND 5290396
explain: for range-notcovered :: explain SELECT k, c FROM sbtest%d WHERE k BETWEEN 5807253 AND 5807353
explain: for range-notcovered :: explain SELECT k, c FROM sbtest%d WHERE k BETWEEN 7051603 AND 7051703explain: for range-notcovered :: explain SELECT k, c FROM sbtest%d WHERE k BETWEEN 5452353 AND 5452453

for range-notcovered
table 1 : explain SELECT k, c FROM sbtest1 WHERE k BETWEEN 3611629 AND 3611729
	Bitmap Heap Scan on sbtest1  (cost=5.42..385.68 rows=96 width=125)
	  Recheck Cond: ((k >= 3611629) AND (k <= 3611729))
	  ->  Bitmap Index Scan on k_1  (cost=0.00..5.39 rows=96 width=0)
	        Index Cond: ((k >= 3611629) AND (k <= 3611729))

table 2 : explain SELECT k, c FROM sbtest2 WHERE k BETWEEN 3611629 AND 3611729
	Bitmap Heap Scan on sbtest2  (cost=5.42..385.71 rows=96 width=125)
	  Recheck Cond: ((k >= 3611629) AND (k <= 3611729))
	  ->  Bitmap Index Scan on k_2  (cost=0.00..5.39 rows=96 width=0)
	        Index Cond: ((k >= 3611629) AND (k <= 3611729))

table 3 : explain SELECT k, c FROM sbtest3 WHERE k BETWEEN 3611629 AND 3611729
	Bitmap Heap Scan on sbtest3  (cost=5.42..385.71 rows=96 width=125)
	  Recheck Cond: ((k >= 3611629) AND (k <= 3611729))
	  ->  Bitmap Index Scan on k_3  (cost=0.00..5.39 rows=96 width=0)
	        Index Cond: ((k >= 3611629) AND (k <= 3611729))

table 4 : explain SELECT k, c FROM sbtest4 WHERE k BETWEEN 3611629 AND 3611729
	Bitmap Heap Scan on sbtest4  (cost=5.40..377.85 rows=94 width=125)
	  Recheck Cond: ((k >= 3611629) AND (k <= 3611729))
	  ->  Bitmap Index Scan on k_4  (cost=0.00..5.38 rows=94 width=0)
	        Index Cond: ((k >= 3611629) AND (k <= 3611729))

table 5 : explain SELECT k, c FROM sbtest5 WHERE k BETWEEN 3611629 AND 3611729
	Bitmap Heap Scan on sbtest5  (cost=5.50..417.30 rows=104 width=125)
	  Recheck Cond: ((k >= 3611629) AND (k <= 3611729))
	  ->  Bitmap Index Scan on k_5  (cost=0.00..5.47 rows=104 width=0)
	        Index Cond: ((k >= 3611629) AND (k <= 3611729))

table 6 : explain SELECT k, c FROM sbtest6 WHERE k BETWEEN 3611629 AND 3611729
	Bitmap Heap Scan on sbtest6  (cost=5.47..405.47 rows=101 width=125)
	  Recheck Cond: ((k >= 3611629) AND (k <= 3611729))
	  ->  Bitmap Index Scan on k_6  (cost=0.00..5.44 rows=101 width=0)
	        Index Cond: ((k >= 3611629) AND (k <= 3611729))

table 7 : explain SELECT k, c FROM sbtest7 WHERE k BETWEEN 3611629 AND 3611729
	Bitmap Heap Scan on sbtest7  (cost=5.55..437.04 rows=109 width=125)
	  Recheck Cond: ((k >= 3611629) AND (k <= 3611729))
	  ->  Bitmap Index Scan on k_7  (cost=0.00..5.52 rows=109 width=0)
	        Index Cond: ((k >= 3611629) AND (k <= 3611729))

table 8 : explain SELECT k, c FROM sbtest8 WHERE k BETWEEN 3611629 AND 3611729
	Bitmap Heap Scan on sbtest8  (cost=5.42..385.78 rows=96 width=125)
	  Recheck Cond: ((k >= 3611629) AND (k <= 3611729))
	  ->  Bitmap Index Scan on k_8  (cost=0.00..5.39 rows=96 width=0)
	        Index Cond: ((k >= 3611629) AND (k <= 3611729))

for range-notcovered
table 1 : explain SELECT k, c FROM sbtest1 WHERE k BETWEEN 5611848 AND 5611948
	Bitmap Heap Scan on sbtest1  (cost=5.50..417.22 rows=104 width=125)
	  Recheck Cond: ((k >= 5611848) AND (k <= 5611948))
	  ->  Bitmap Index Scan on k_1  (cost=0.00..5.47 rows=104 width=0)
	        Index Cond: ((k >= 5611848) AND (k <= 5611948))

table 2 : explain SELECT k, c FROM sbtest2 WHERE k BETWEEN 5611848 AND 5611948
	Bitmap Heap Scan on sbtest2  (cost=5.46..401.49 rows=100 width=125)
	  Recheck Cond: ((k >= 5611848) AND (k <= 5611948))
	  ->  Bitmap Index Scan on k_2  (cost=0.00..5.43 rows=100 width=0)
	        Index Cond: ((k >= 5611848) AND (k <= 5611948))

table 3 : explain SELECT k, c FROM sbtest3 WHERE k BETWEEN 5611848 AND 5611948
	Bitmap Heap Scan on sbtest3  (cost=5.43..389.66 rows=97 width=125)
	  Recheck Cond: ((k >= 5611848) AND (k <= 5611948))
	  ->  Bitmap Index Scan on k_3  (cost=0.00..5.40 rows=97 width=0)
	        Index Cond: ((k >= 5611848) AND (k <= 5611948))

table 4 : explain SELECT k, c FROM sbtest4 WHERE k BETWEEN 5611848 AND 5611948
	Bitmap Heap Scan on sbtest4  (cost=5.48..409.41 rows=102 width=125)
	  Recheck Cond: ((k >= 5611848) AND (k <= 5611948))
	  ->  Bitmap Index Scan on k_4  (cost=0.00..5.45 rows=102 width=0)
	        Index Cond: ((k >= 5611848) AND (k <= 5611948))

table 5 : explain SELECT k, c FROM sbtest5 WHERE k BETWEEN 5611848 AND 5611948
	Bitmap Heap Scan on sbtest5  (cost=5.51..421.24 rows=105 width=125)
	  Recheck Cond: ((k >= 5611848) AND (k <= 5611948))
	  ->  Bitmap Index Scan on k_5  (cost=0.00..5.48 rows=105 width=0)
	        Index Cond: ((k >= 5611848) AND (k <= 5611948))

table 6 : explain SELECT k, c FROM sbtest6 WHERE k BETWEEN 5611848 AND 5611948
	Bitmap Heap Scan on sbtest6  (cost=5.50..417.30 rows=104 width=125)
	  Recheck Cond: ((k >= 5611848) AND (k <= 5611948))
	  ->  Bitmap Index Scan on k_6  (cost=0.00..5.47 rows=104 width=0)
	        Index Cond: ((k >= 5611848) AND (k <= 5611948))

table 7 : explain SELECT k, c FROM sbtest7 WHERE k BETWEEN 5611848 AND 5611948
	Bitmap Heap Scan on sbtest7  (cost=5.50..417.33 rows=104 width=125)
	  Recheck Cond: ((k >= 5611848) AND (k <= 5611948))
	  ->  Bitmap Index Scan on k_7  (cost=0.00..5.47 rows=104 width=0)
	        Index Cond: ((k >= 5611848) AND (k <= 5611948))

table 8 : explain SELECT k, c FROM sbtest8 WHERE k BETWEEN 5611848 AND 5611948
	Bitmap Heap Scan on sbtest8  (cost=5.44..393.67 rows=98 width=125)
	  Recheck Cond: ((k >= 5611848) AND (k <= 5611948))
	  ->  Bitmap Index Scan on k_8  (cost=0.00..5.42 rows=98 width=0)
	        Index Cond: ((k >= 5611848) AND (k <= 5611948))

explain: for range-notcovered :: explain SELECT k, c FROM sbtest%d WHERE k BETWEEN 3611629 AND 3611729
explain: for range-notcovered :: explain SELECT k, c FROM sbtest%d WHERE k BETWEEN 5253482 AND 5253582
for range-notcovered
table 1 : explain SELECT k, c FROM sbtest1 WHERE k BETWEEN 5319933 AND 5320033
	Bitmap Heap Scan on sbtest1  (cost=5.40..377.79 rows=94 width=125)
	  Recheck Cond: ((k >= 5319933) AND (k <= 5320033))
	  ->  Bitmap Index Scan on k_1  (cost=0.00..5.38 rows=94 width=0)
	        Index Cond: ((k >= 5319933) AND (k <= 5320033))

table 2 : explain SELECT k, c FROM sbtest2 WHERE k BETWEEN 5319933 AND 5320033
	Bitmap Heap Scan on sbtest2  (cost=5.44..393.60 rows=98 width=125)
	  Recheck Cond: ((k >= 5319933) AND (k <= 5320033))
	  ->  Bitmap Index Scan on k_2  (cost=0.00..5.42 rows=98 width=0)
	        Index Cond: ((k >= 5319933) AND (k <= 5320033))

table 3 : explain SELECT k, c FROM sbtest3 WHERE k BETWEEN 5319933 AND 5320033
	Bitmap Heap Scan on sbtest3  (cost=5.52..425.14 rows=106 width=125)
	  Recheck Cond: ((k >= 5319933) AND (k <= 5320033))
	  ->  Bitmap Index Scan on k_3  (cost=0.00..5.50 rows=106 width=0)
	        Index Cond: ((k >= 5319933) AND (k <= 5320033))

table 4 : explain SELECT k, c FROM sbtest4 WHERE k BETWEEN 5319933 AND 5320033
	Bitmap Heap Scan on sbtest4  (cost=5.45..397.58 rows=99 width=125)
	  Recheck Cond: ((k >= 5319933) AND (k <= 5320033))
	  ->  Bitmap Index Scan on k_4  (cost=0.00..5.42 rows=99 width=0)
	        Index Cond: ((k >= 5319933) AND (k <= 5320033))

table 5 : explain SELECT k, c FROM sbtest5 WHERE k BETWEEN 5319933 AND 5320033
	Bitmap Heap Scan on sbtest5  (cost=5.55..437.00 rows=109 width=125)
	  Recheck Cond: ((k >= 5319933) AND (k <= 5320033))
	  ->  Bitmap Index Scan on k_5  (cost=0.00..5.52 rows=109 width=0)
	        Index Cond: ((k >= 5319933) AND (k <= 5320033))

table 6 : explain SELECT k, c FROM sbtest6 WHERE k BETWEEN 5319933 AND 5320033
	Bitmap Heap Scan on sbtest6  (cost=5.47..405.47 rows=101 width=125)
	  Recheck Cond: ((k >= 5319933) AND (k <= 5320033))
	  ->  Bitmap Index Scan on k_6  (cost=0.00..5.44 rows=101 width=0)
	        Index Cond: ((k >= 5319933) AND (k <= 5320033))

table 7 : explain SELECT k, c FROM sbtest7 WHERE k BETWEEN 5319933 AND 5320033
	Bitmap Heap Scan on sbtest7  (cost=5.44..393.67 rows=98 width=125)
	  Recheck Cond: ((k >= 5319933) AND (k <= 5320033))
	  ->  Bitmap Index Scan on k_7  (cost=0.00..5.42 rows=98 width=0)
	        Index Cond: ((k >= 5319933) AND (k <= 5320033))

table 8 : explain SELECT k, c FROM sbtest8 WHERE k BETWEEN 5319933 AND 5320033
	Bitmap Heap Scan on sbtest8  (cost=5.44..393.67 rows=98 width=125)
	  Recheck Cond: ((k >= 5319933) AND (k <= 5320033))
	  ->  Bitmap Index Scan on k_8  (cost=0.00..5.42 rows=98 width=0)
	        Index Cond: ((k >= 5319933) AND (k <= 5320033))

explain: for range-notcovered :: explain SELECT k, c FROM sbtest%d WHERE k BETWEEN 5611848 AND 5611948
explain: for range-notcovered :: explain SELECT k, c FROM sbtest%d WHERE k BETWEEN 5319933 AND 5320033
for range-notcovered
table 1 : explain SELECT k, c FROM sbtest1 WHERE k BETWEEN 3096934 AND 3097034
	Bitmap Heap Scan on sbtest1  (cost=5.59..452.67 rows=113 width=125)
	  Recheck Cond: ((k >= 3096934) AND (k <= 3097034))
	  ->  Bitmap Index Scan on k_1  (cost=0.00..5.56 rows=113 width=0)
	        Index Cond: ((k >= 3096934) AND (k <= 3097034))

table 2 : explain SELECT k, c FROM sbtest2 WHERE k BETWEEN 3096934 AND 3097034
	Bitmap Heap Scan on sbtest2  (cost=5.49..413.31 rows=103 width=125)
	  Recheck Cond: ((k >= 3096934) AND (k <= 3097034))
	  ->  Bitmap Index Scan on k_2  (cost=0.00..5.46 rows=103 width=0)
	        Index Cond: ((k >= 3096934) AND (k <= 3097034))

table 3 : explain SELECT k, c FROM sbtest3 WHERE k BETWEEN 3096934 AND 3097034
	Bitmap Heap Scan on sbtest3  (cost=5.40..377.82 rows=94 width=125)
	  Recheck Cond: ((k >= 3096934) AND (k <= 3097034))
	  ->  Bitmap Index Scan on k_3  (cost=0.00..5.38 rows=94 width=0)
	        Index Cond: ((k >= 3096934) AND (k <= 3097034))

table 4 : explain SELECT k, c FROM sbtest4 WHERE k BETWEEN 3096934 AND 3097034
	Bitmap Heap Scan on sbtest4  (cost=5.54..433.06 rows=108 width=125)
	  Recheck Cond: ((k >= 3096934) AND (k <= 3097034))
	  ->  Bitmap Index Scan on k_4  (cost=0.00..5.51 rows=108 width=0)
	        Index Cond: ((k >= 3096934) AND (k <= 3097034))

table 5 : explain SELECT k, c FROM sbtest5 WHERE k BETWEEN 3096934 AND 3097034
	Bitmap Heap Scan on sbtest5  (cost=5.48..409.41 rows=102 width=125)
	  Recheck Cond: ((k >= 3096934) AND (k <= 3097034))
	  ->  Bitmap Index Scan on k_5  (cost=0.00..5.45 rows=102 width=0)
	        Index Cond: ((k >= 3096934) AND (k <= 3097034))

table 6 : explain SELECT k, c FROM sbtest6 WHERE k BETWEEN 3096934 AND 3097034
	Bitmap Heap Scan on sbtest6  (cost=5.50..417.30 rows=104 width=125)
	  Recheck Cond: ((k >= 3096934) AND (k <= 3097034))
	  ->  Bitmap Index Scan on k_6  (cost=0.00..5.47 rows=104 width=0)
	        Index Cond: ((k >= 3096934) AND (k <= 3097034))

table 7 : explain SELECT k, c FROM sbtest7 WHERE k BETWEEN 3096934 AND 3097034
	Bitmap Heap Scan on sbtest7  (cost=5.42..385.78 rows=96 width=125)
	  Recheck Cond: ((k >= 3096934) AND (k <= 3097034))
	  ->  Bitmap Index Scan on k_7  (cost=0.00..5.39 rows=96 width=0)
	        Index Cond: ((k >= 3096934) AND (k <= 3097034))

table 8 : explain SELECT k, c FROM sbtest8 WHERE k BETWEEN 3096934 AND 3097034
	Bitmap Heap Scan on sbtest8  (cost=5.41..381.83 rows=95 width=125)
	  Recheck Cond: ((k >= 3096934) AND (k <= 3097034))
	  ->  Bitmap Index Scan on k_8  (cost=0.00..5.38 rows=95 width=0)
	        Index Cond: ((k >= 3096934) AND (k <= 3097034))

explain: for range-notcovered :: explain SELECT k, c FROM sbtest%d WHERE k BETWEEN 3096934 AND 3097034
for range-notcovered
table 1 : explain SELECT k, c FROM sbtest1 WHERE k BETWEEN 5290296 AND 5290396
	Bitmap Heap Scan on sbtest1  (cost=5.56..440.85 rows=110 width=125)
	  Recheck Cond: ((k >= 5290296) AND (k <= 5290396))
	  ->  Bitmap Index Scan on k_1  (cost=0.00..5.53 rows=110 width=0)
	        Index Cond: ((k >= 5290296) AND (k <= 5290396))

table 2 : explain SELECT k, c FROM sbtest2 WHERE k BETWEEN 5290296 AND 5290396
	Bitmap Heap Scan on sbtest2  (cost=5.44..393.60 rows=98 width=125)
	  Recheck Cond: ((k >= 5290296) AND (k <= 5290396))
	  ->  Bitmap Index Scan on k_2  (cost=0.00..5.42 rows=98 width=0)
	        Index Cond: ((k >= 5290296) AND (k <= 5290396))

table 3 : explain SELECT k, c FROM sbtest3 WHERE k BETWEEN 5290296 AND 5290396
	Bitmap Heap Scan on sbtest3  (cost=5.43..389.66 rows=97 width=125)
	  Recheck Cond: ((k >= 5290296) AND (k <= 5290396))
	  ->  Bitmap Index Scan on k_3  (cost=0.00..5.40 rows=97 width=0)
	        Index Cond: ((k >= 5290296) AND (k <= 5290396))

table 4 : explain SELECT k, c FROM sbtest4 WHERE k BETWEEN 5290296 AND 5290396
	Bitmap Heap Scan on sbtest4  (cost=5.45..397.58 rows=99 width=125)
	  Recheck Cond: ((k >= 5290296) AND (k <= 5290396))
	  ->  Bitmap Index Scan on k_4  (cost=0.00..5.42 rows=99 width=0)
	        Index Cond: ((k >= 5290296) AND (k <= 5290396))

table 5 : explain SELECT k, c FROM sbtest5 WHERE k BETWEEN 5290296 AND 5290396
	Bitmap Heap Scan on sbtest5  (cost=5.56..440.94 rows=110 width=125)
	  Recheck Cond: ((k >= 5290296) AND (k <= 5290396))
	  ->  Bitmap Index Scan on k_5  (cost=0.00..5.53 rows=110 width=0)
	        Index Cond: ((k >= 5290296) AND (k <= 5290396))

table 6 : explain SELECT k, c FROM sbtest6 WHERE k BETWEEN 5290296 AND 5290396
	Bitmap Heap Scan on sbtest6  (cost=5.47..405.47 rows=101 width=125)
	  Recheck Cond: ((k >= 5290296) AND (k <= 5290396))
	  ->  Bitmap Index Scan on k_6  (cost=0.00..5.44 rows=101 width=0)
	        Index Cond: ((k >= 5290296) AND (k <= 5290396))

table 7 : explain SELECT k, c FROM sbtest7 WHERE k BETWEEN 5290296 AND 5290396
	Bitmap Heap Scan on sbtest7  (cost=5.44..393.67 rows=98 width=125)
	  Recheck Cond: ((k >= 5290296) AND (k <= 5290396))
	  ->  Bitmap Index Scan on k_7  (cost=0.00..5.42 rows=98 width=0)
	        Index Cond: ((k >= 5290296) AND (k <= 5290396))

table 8 : explain SELECT k, c FROM sbtest8 WHERE k BETWEEN 5290296 AND 5290396
	Bitmap Heap Scan on sbtest8  (cost=5.44..393.67 rows=98 width=125)
	  Recheck Cond: ((k >= 5290296) AND (k <= 5290396))
	  ->  Bitmap Index Scan on k_8  (cost=0.00..5.42 rows=98 width=0)
	        Index Cond: ((k >= 5290296) AND (k <= 5290396))

for range-notcovered
table 1 : explain SELECT k, c FROM sbtest1 WHERE k BETWEEN 7051603 AND 7051703
	Bitmap Heap Scan on sbtest1  (cost=5.50..417.22 rows=104 width=125)
	  Recheck Cond: ((k >= 7051603) AND (k <= 7051703))
	  ->  Bitmap Index Scan on k_1  (cost=0.00..5.47 rows=104 width=0)
	        Index Cond: ((k >= 7051603) AND (k <= 7051703))

table 2 : explain SELECT k, c FROM sbtest2 WHERE k BETWEEN 7051603 AND 7051703
	Bitmap Heap Scan on sbtest2  (cost=5.50..417.26 rows=104 width=125)
	  Recheck Cond: ((k >= 7051603) AND (k <= 7051703))
	  ->  Bitmap Index Scan on k_2  (cost=0.00..5.47 rows=104 width=0)
	        Index Cond: ((k >= 7051603) AND (k <= 7051703))

table 3 : explain SELECT k, c FROM sbtest3 WHERE k BETWEEN 7051603 AND 7051703
	Bitmap Heap Scan on sbtest3  (cost=5.42..385.71 rows=96 width=125)
	  Recheck Cond: ((k >= 7051603) AND (k <= 7051703))
	  ->  Bitmap Index Scan on k_3  (cost=0.00..5.39 rows=96 width=0)
	        Index Cond: ((k >= 7051603) AND (k <= 7051703))

table 4 : explain SELECT k, c FROM sbtest4 WHERE k BETWEEN 7051603 AND 7051703
	Bitmap Heap Scan on sbtest4  (cost=5.51..421.24 rows=105 width=125)
	  Recheck Cond: ((k >= 7051603) AND (k <= 7051703))
	  ->  Bitmap Index Scan on k_4  (cost=0.00..5.48 rows=105 width=0)
	        Index Cond: ((k >= 7051603) AND (k <= 7051703))

table 5 : explain SELECT k, c FROM sbtest5 WHERE k BETWEEN 7051603 AND 7051703
	Bitmap Heap Scan on sbtest5  (cost=5.46..401.53 rows=100 width=125)
	  Recheck Cond: ((k >= 7051603) AND (k <= 7051703))
	  ->  Bitmap Index Scan on k_5  (cost=0.00..5.43 rows=100 width=0)
	        Index Cond: ((k >= 7051603) AND (k <= 7051703))

table 6 : explain SELECT k, c FROM sbtest6 WHERE k BETWEEN 7051603 AND 7051703
	Bitmap Heap Scan on sbtest6  (cost=5.45..397.58 rows=99 width=125)
	  Recheck Cond: ((k >= 7051603) AND (k <= 7051703))
	  ->  Bitmap Index Scan on k_6  (cost=0.00..5.42 rows=99 width=0)
	        Index Cond: ((k >= 7051603) AND (k <= 7051703))

table 7 : explain SELECT k, c FROM sbtest7 WHERE k BETWEEN 7051603 AND 7051703
	Bitmap Heap Scan on sbtest7  (cost=5.46..401.56 rows=100 width=125)
	  Recheck Cond: ((k >= 7051603) AND (k <= 7051703))
	  ->  Bitmap Index Scan on k_7  (cost=0.00..5.43 rows=100 width=0)
	        Index Cond: ((k >= 7051603) AND (k <= 7051703))

table 8 : explain SELECT k, c FROM sbtest8 WHERE k BETWEEN 7051603 AND 7051703
	Bitmap Heap Scan on sbtest8  (cost=5.52..425.22 rows=106 width=125)
	  Recheck Cond: ((k >= 7051603) AND (k <= 7051703))
	  ->  Bitmap Index Scan on k_8  (cost=0.00..5.50 rows=106 width=0)
	        Index Cond: ((k >= 7051603) AND (k <= 7051703))

for range-notcovered
table 1 : explain SELECT k, c FROM sbtest1 WHERE k BETWEEN 5452353 AND 5452453
	Bitmap Heap Scan on sbtest1  (cost=5.39..373.84 rows=93 width=125)
	  Recheck Cond: ((k >= 5452353) AND (k <= 5452453))
	  ->  Bitmap Index Scan on k_1  (cost=0.00..5.36 rows=93 width=0)
	        Index Cond: ((k >= 5452353) AND (k <= 5452453))

table 2 : explain SELECT k, c FROM sbtest2 WHERE k BETWEEN 5452353 AND 5452453
	Bitmap Heap Scan on sbtest2  (cost=5.58..448.78 rows=112 width=125)
	  Recheck Cond: ((k >= 5452353) AND (k <= 5452453))
	  ->  Bitmap Index Scan on k_2  (cost=0.00..5.55 rows=112 width=0)
	        Index Cond: ((k >= 5452353) AND (k <= 5452453))

table 3 : explain SELECT k, c FROM sbtest3 WHERE k BETWEEN 5452353 AND 5452453
	Bitmap Heap Scan on sbtest3  (cost=5.52..425.14 rows=106 width=125)
	  Recheck Cond: ((k >= 5452353) AND (k <= 5452453))
	  ->  Bitmap Index Scan on k_3  (cost=0.00..5.50 rows=106 width=0)
	        Index Cond: ((k >= 5452353) AND (k <= 5452453))

table 4 : explain SELECT k, c FROM sbtest4 WHERE k BETWEEN 5452353 AND 5452453
	Bitmap Heap Scan on sbtest4  (cost=5.46..401.52 rows=100 width=125)
	  Recheck Cond: ((k >= 5452353) AND (k <= 5452453))
	  ->  Bitmap Index Scan on k_4  (cost=0.00..5.43 rows=100 width=0)
	        Index Cond: ((k >= 5452353) AND (k <= 5452453))

table 5 : explain SELECT k, c FROM sbtest5 WHERE k BETWEEN 5452353 AND 5452453
	Bitmap Heap Scan on sbtest5  (cost=5.46..401.53 rows=100 width=125)
	  Recheck Cond: ((k >= 5452353) AND (k <= 5452453))
	  ->  Bitmap Index Scan on k_5  (cost=0.00..5.43 rows=100 width=0)
	        Index Cond: ((k >= 5452353) AND (k <= 5452453))

table 6 : explain SELECT k, c FROM sbtest6 WHERE k BETWEEN 5452353 AND 5452453
	Bitmap Heap Scan on sbtest6  (cost=5.56..440.95 rows=110 width=125)
	  Recheck Cond: ((k >= 5452353) AND (k <= 5452453))
	  ->  Bitmap Index Scan on k_6  (cost=0.00..5.53 rows=110 width=0)
	        Index Cond: ((k >= 5452353) AND (k <= 5452453))

table 7 : explain SELECT k, c FROM sbtest7 WHERE k BETWEEN 5452353 AND 5452453
	Bitmap Heap Scan on sbtest7  (cost=5.41..381.83 rows=95 width=125)
	  Recheck Cond: ((k >= 5452353) AND (k <= 5452453))
	  ->  Bitmap Index Scan on k_7  (cost=0.00..5.38 rows=95 width=0)
	        Index Cond: ((k >= 5452353) AND (k <= 5452453))

table 8 : explain SELECT k, c FROM sbtest8 WHERE k BETWEEN 5452353 AND 5452453
	Bitmap Heap Scan on sbtest8  (cost=5.64..472.49 rows=118 width=125)
	  Recheck Cond: ((k >= 5452353) AND (k <= 5452453))
	  ->  Bitmap Index Scan on k_8  (cost=0.00..5.61 rows=118 width=0)
	        Index Cond: ((k >= 5452353) AND (k <= 5452453))

for range-notcovered
table 1 : explain SELECT k, c FROM sbtest1 WHERE k BETWEEN 5807253 AND 5807353
	Bitmap Heap Scan on sbtest1  (cost=5.49..413.27 rows=103 width=125)
	  Recheck Cond: ((k >= 5807253) AND (k <= 5807353))
	  ->  Bitmap Index Scan on k_1  (cost=0.00..5.46 rows=103 width=0)
	        Index Cond: ((k >= 5807253) AND (k <= 5807353))

table 2 : explain SELECT k, c FROM sbtest2 WHERE k BETWEEN 5807253 AND 5807353
	Bitmap Heap Scan on sbtest2  (cost=5.50..417.26 rows=104 width=125)
	  Recheck Cond: ((k >= 5807253) AND (k <= 5807353))
	  ->  Bitmap Index Scan on k_2  (cost=0.00..5.47 rows=104 width=0)
	        Index Cond: ((k >= 5807253) AND (k <= 5807353))

table 3 : explain SELECT k, c FROM sbtest3 WHERE k BETWEEN 5807253 AND 5807353
	Bitmap Heap Scan on sbtest3  (cost=5.40..377.82 rows=94 width=125)
	  Recheck Cond: ((k >= 5807253) AND (k <= 5807353))
	  ->  Bitmap Index Scan on k_3  (cost=0.00..5.38 rows=94 width=0)
	        Index Cond: ((k >= 5807253) AND (k <= 5807353))

table 4 : explain SELECT k, c FROM sbtest4 WHERE k BETWEEN 5807253 AND 5807353
	Bitmap Heap Scan on sbtest4  (cost=5.49..413.35 rows=103 width=125)
	  Recheck Cond: ((k >= 5807253) AND (k <= 5807353))
	  ->  Bitmap Index Scan on k_4  (cost=0.00..5.46 rows=103 width=0)
	        Index Cond: ((k >= 5807253) AND (k <= 5807353))

table 5 : explain SELECT k, c FROM sbtest5 WHERE k BETWEEN 5807253 AND 5807353
	Bitmap Heap Scan on sbtest5  (cost=5.51..421.24 rows=105 width=125)
	  Recheck Cond: ((k >= 5807253) AND (k <= 5807353))
	  ->  Bitmap Index Scan on k_5  (cost=0.00..5.48 rows=105 width=0)
	        Index Cond: ((k >= 5807253) AND (k <= 5807353))

table 6 : explain SELECT k, c FROM sbtest6 WHERE k BETWEEN 5807253 AND 5807353
	Bitmap Heap Scan on sbtest6  (cost=5.65..476.39 rows=119 width=125)
	  Recheck Cond: ((k >= 5807253) AND (k <= 5807353))
	  ->  Bitmap Index Scan on k_6  (cost=0.00..5.62 rows=119 width=0)
	        Index Cond: ((k >= 5807253) AND (k <= 5807353))

table 7 : explain SELECT k, c FROM sbtest7 WHERE k BETWEEN 5807253 AND 5807353
	Bitmap Heap Scan on sbtest7  (cost=5.46..401.56 rows=100 width=125)
	  Recheck Cond: ((k >= 5807253) AND (k <= 5807353))
	  ->  Bitmap Index Scan on k_7  (cost=0.00..5.43 rows=100 width=0)
	        Index Cond: ((k >= 5807253) AND (k <= 5807353))

table 8 : explain SELECT k, c FROM sbtest8 WHERE k BETWEEN 5807253 AND 5807353
	Bitmap Heap Scan on sbtest8  (cost=5.43..389.72 rows=97 width=125)
	  Recheck Cond: ((k >= 5807253) AND (k <= 5807353))
	  ->  Bitmap Index Scan on k_8  (cost=0.00..5.40 rows=97 width=0)
	        Index Cond: ((k >= 5807253) AND (k <= 5807353))

explain: for range-notcovered :: explain SELECT k, c FROM sbtest%d WHERE k BETWEEN 7051603 AND 7051703
explain: for range-notcovered :: explain SELECT k, c FROM sbtest%d WHERE k BETWEEN 5452353 AND 5452453
explain: for range-notcovered :: explain SELECT k, c FROM sbtest%d WHERE k BETWEEN 5807253 AND 5807353
for range-notcovered
table 1 : explain SELECT k, c FROM sbtest1 WHERE k BETWEEN 4953054 AND 4953154
	Bitmap Heap Scan on sbtest1  (cost=5.45..397.51 rows=99 width=125)
	  Recheck Cond: ((k >= 4953054) AND (k <= 4953154))
	  ->  Bitmap Index Scan on k_1  (cost=0.00..5.42 rows=99 width=0)
	        Index Cond: ((k >= 4953054) AND (k <= 4953154))

table 2 : explain SELECT k, c FROM sbtest2 WHERE k BETWEEN 4953054 AND 4953154
	Bitmap Heap Scan on sbtest2  (cost=5.47..405.43 rows=101 width=125)
	  Recheck Cond: ((k >= 4953054) AND (k <= 4953154))
	  ->  Bitmap Index Scan on k_2  (cost=0.00..5.44 rows=101 width=0)
	        Index Cond: ((k >= 4953054) AND (k <= 4953154))

table 3 : explain SELECT k, c FROM sbtest3 WHERE k BETWEEN 4953054 AND 4953154
	Bitmap Heap Scan on sbtest3  (cost=5.54..433.02 rows=108 width=125)
	  Recheck Cond: ((k >= 4953054) AND (k <= 4953154))
	  ->  Bitmap Index Scan on k_3  (cost=0.00..5.51 rows=108 width=0)
	        Index Cond: ((k >= 4953054) AND (k <= 4953154))

table 4 : explain SELECT k, c FROM sbtest4 WHERE k BETWEEN 4953054 AND 4953154
	Bitmap Heap Scan on sbtest4  (cost=5.47..405.47 rows=101 width=125)
	  Recheck Cond: ((k >= 4953054) AND (k <= 4953154))
	  ->  Bitmap Index Scan on k_4  (cost=0.00..5.44 rows=101 width=0)
	        Index Cond: ((k >= 4953054) AND (k <= 4953154))

table 5 : explain SELECT k, c FROM sbtest5 WHERE k BETWEEN 4953054 AND 4953154
	Bitmap Heap Scan on sbtest5  (cost=5.39..373.91 rows=93 width=125)
	  Recheck Cond: ((k >= 4953054) AND (k <= 4953154))
	  ->  Bitmap Index Scan on k_5  (cost=0.00..5.36 rows=93 width=0)
	        Index Cond: ((k >= 4953054) AND (k <= 4953154))

table 6 : explain SELECT k, c FROM sbtest6 WHERE k BETWEEN 4953054 AND 4953154
	Bitmap Heap Scan on sbtest6  (cost=5.49..413.36 rows=103 width=125)
	  Recheck Cond: ((k >= 4953054) AND (k <= 4953154))
	  ->  Bitmap Index Scan on k_6  (cost=0.00..5.46 rows=103 width=0)
	        Index Cond: ((k >= 4953054) AND (k <= 4953154))

table 7 : explain SELECT k, c FROM sbtest7 WHERE k BETWEEN 4953054 AND 4953154
	Bitmap Heap Scan on sbtest7  (cost=5.41..381.83 rows=95 width=125)
	  Recheck Cond: ((k >= 4953054) AND (k <= 4953154))
	  ->  Bitmap Index Scan on k_7  (cost=0.00..5.38 rows=95 width=0)
	        Index Cond: ((k >= 4953054) AND (k <= 4953154))

table 8 : explain SELECT k, c FROM sbtest8 WHERE k BETWEEN 4953054 AND 4953154
	Bitmap Heap Scan on sbtest8  (cost=5.42..385.78 rows=96 width=125)
	  Recheck Cond: ((k >= 4953054) AND (k <= 4953154))
	  ->  Bitmap Index Scan on k_8  (cost=0.00..5.39 rows=96 width=0)
	        Index Cond: ((k >= 4953054) AND (k <= 4953154))

explain: for range-notcovered :: explain SELECT k, c FROM sbtest%d WHERE k BETWEEN 4953054 AND 4953154
for range-notcovered
table 1 : explain SELECT k, c FROM sbtest1 WHERE k BETWEEN 3611629 AND 3611729
	Bitmap Heap Scan on sbtest1  (cost=5.42..385.68 rows=96 width=125)
	  Recheck Cond: ((k >= 3611629) AND (k <= 3611729))
	  ->  Bitmap Index Scan on k_1  (cost=0.00..5.39 rows=96 width=0)
	        Index Cond: ((k >= 3611629) AND (k <= 3611729))

table 2 : explain SELECT k, c FROM sbtest2 WHERE k BETWEEN 3611629 AND 3611729
	Bitmap Heap Scan on sbtest2  (cost=5.42..385.71 rows=96 width=125)
	  Recheck Cond: ((k >= 3611629) AND (k <= 3611729))
	  ->  Bitmap Index Scan on k_2  (cost=0.00..5.39 rows=96 width=0)
	        Index Cond: ((k >= 3611629) AND (k <= 3611729))

table 3 : explain SELECT k, c FROM sbtest3 WHERE k BETWEEN 3611629 AND 3611729
	Bitmap Heap Scan on sbtest3  (cost=5.42..385.71 rows=96 width=125)
	  Recheck Cond: ((k >= 3611629) AND (k <= 3611729))
	  ->  Bitmap Index Scan on k_3  (cost=0.00..5.39 rows=96 width=0)
	        Index Cond: ((k >= 3611629) AND (k <= 3611729))

table 4 : explain SELECT k, c FROM sbtest4 WHERE k BETWEEN 3611629 AND 3611729
	Bitmap Heap Scan on sbtest4  (cost=5.40..377.85 rows=94 width=125)
	  Recheck Cond: ((k >= 3611629) AND (k <= 3611729))
	  ->  Bitmap Index Scan on k_4  (cost=0.00..5.38 rows=94 width=0)
	        Index Cond: ((k >= 3611629) AND (k <= 3611729))

table 5 : explain SELECT k, c FROM sbtest5 WHERE k BETWEEN 3611629 AND 3611729
	Bitmap Heap Scan on sbtest5  (cost=5.50..417.30 rows=104 width=125)
	  Recheck Cond: ((k >= 3611629) AND (k <= 3611729))
	  ->  Bitmap Index Scan on k_5  (cost=0.00..5.47 rows=104 width=0)
	        Index Cond: ((k >= 3611629) AND (k <= 3611729))

table 6 : explain SELECT k, c FROM sbtest6 WHERE k BETWEEN 3611629 AND 3611729
	Bitmap Heap Scan on sbtest6  (cost=5.47..405.47 rows=101 width=125)
	  Recheck Cond: ((k >= 3611629) AND (k <= 3611729))
	  ->  Bitmap Index Scan on k_6  (cost=0.00..5.44 rows=101 width=0)
	        Index Cond: ((k >= 3611629) AND (k <= 3611729))

table 7 : explain SELECT k, c FROM sbtest7 WHERE k BETWEEN 3611629 AND 3611729
	Bitmap Heap Scan on sbtest7  (cost=5.55..437.04 rows=109 width=125)
	  Recheck Cond: ((k >= 3611629) AND (k <= 3611729))
	  ->  Bitmap Index Scan on k_7  (cost=0.00..5.52 rows=109 width=0)
	        Index Cond: ((k >= 3611629) AND (k <= 3611729))

table 8 : explain SELECT k, c FROM sbtest8 WHERE k BETWEEN 3611629 AND 3611729
	Bitmap Heap Scan on sbtest8  (cost=5.42..385.78 rows=96 width=125)
	  Recheck Cond: ((k >= 3611629) AND (k <= 3611729))
	  ->  Bitmap Index Scan on k_8  (cost=0.00..5.39 rows=96 width=0)
	        Index Cond: ((k >= 3611629) AND (k <= 3611729))

for range-notcovered
table 1 : explain SELECT k, c FROM sbtest1 WHERE k BETWEEN 5319933 AND 5320033
	Bitmap Heap Scan on sbtest1  (cost=5.40..377.79 rows=94 width=125)
	  Recheck Cond: ((k >= 5319933) AND (k <= 5320033))
	  ->  Bitmap Index Scan on k_1  (cost=0.00..5.38 rows=94 width=0)
	        Index Cond: ((k >= 5319933) AND (k <= 5320033))

table 2 : explain SELECT k, c FROM sbtest2 WHERE k BETWEEN 5319933 AND 5320033
	Bitmap Heap Scan on sbtest2  (cost=5.44..393.60 rows=98 width=125)
	  Recheck Cond: ((k >= 5319933) AND (k <= 5320033))
	  ->  Bitmap Index Scan on k_2  (cost=0.00..5.42 rows=98 width=0)
	        Index Cond: ((k >= 5319933) AND (k <= 5320033))

table 3 : explain SELECT k, c FROM sbtest3 WHERE k BETWEEN 5319933 AND 5320033
	Bitmap Heap Scan on sbtest3  (cost=5.52..425.14 rows=106 width=125)
	  Recheck Cond: ((k >= 5319933) AND (k <= 5320033))
	  ->  Bitmap Index Scan on k_3  (cost=0.00..5.50 rows=106 width=0)
	        Index Cond: ((k >= 5319933) AND (k <= 5320033))

table 4 : explain SELECT k, c FROM sbtest4 WHERE k BETWEEN 5319933 AND 5320033
	Bitmap Heap Scan on sbtest4  (cost=5.45..397.58 rows=99 width=125)
	  Recheck Cond: ((k >= 5319933) AND (k <= 5320033))
	  ->  Bitmap Index Scan on k_4  (cost=0.00..5.42 rows=99 width=0)
	        Index Cond: ((k >= 5319933) AND (k <= 5320033))

table 5 : explain SELECT k, c FROM sbtest5 WHERE k BETWEEN 5319933 AND 5320033
	Bitmap Heap Scan on sbtest5  (cost=5.55..437.00 rows=109 width=125)
	  Recheck Cond: ((k >= 5319933) AND (k <= 5320033))
	  ->  Bitmap Index Scan on k_5  (cost=0.00..5.52 rows=109 width=0)
	        Index Cond: ((k >= 5319933) AND (k <= 5320033))

table 6 : explain SELECT k, c FROM sbtest6 WHERE k BETWEEN 5319933 AND 5320033
	Bitmap Heap Scan on sbtest6  (cost=5.47..405.47 rows=101 width=125)
	  Recheck Cond: ((k >= 5319933) AND (k <= 5320033))
	  ->  Bitmap Index Scan on k_6  (cost=0.00..5.44 rows=101 width=0)
	        Index Cond: ((k >= 5319933) AND (k <= 5320033))

table 7 : explain SELECT k, c FROM sbtest7 WHERE k BETWEEN 5319933 AND 5320033
	Bitmap Heap Scan on sbtest7  (cost=5.44..393.67 rows=98 width=125)
	  Recheck Cond: ((k >= 5319933) AND (k <= 5320033))
	  ->  Bitmap Index Scan on k_7  (cost=0.00..5.42 rows=98 width=0)
	        Index Cond: ((k >= 5319933) AND (k <= 5320033))

table 8 : explain SELECT k, c FROM sbtest8 WHERE k BETWEEN 5319933 AND 5320033
	Bitmap Heap Scan on sbtest8  (cost=5.44..393.67 rows=98 width=125)
	  Recheck Cond: ((k >= 5319933) AND (k <= 5320033))
	  ->  Bitmap Index Scan on k_8  (cost=0.00..5.42 rows=98 width=0)
	        Index Cond: ((k >= 5319933) AND (k <= 5320033))

for range-notcovered
table 1 : explain SELECT k, c FROM sbtest1 WHERE k BETWEEN 5611848 AND 5611948
	Bitmap Heap Scan on sbtest1  (cost=5.50..417.22 rows=104 width=125)
	  Recheck Cond: ((k >= 5611848) AND (k <= 5611948))
	  ->  Bitmap Index Scan on k_1  (cost=0.00..5.47 rows=104 width=0)
	        Index Cond: ((k >= 5611848) AND (k <= 5611948))

table 2 : explain SELECT k, c FROM sbtest2 WHERE k BETWEEN 5611848 AND 5611948
	Bitmap Heap Scan on sbtest2  (cost=5.46..401.49 rows=100 width=125)
	  Recheck Cond: ((k >= 5611848) AND (k <= 5611948))
	  ->  Bitmap Index Scan on k_2  (cost=0.00..5.43 rows=100 width=0)
	        Index Cond: ((k >= 5611848) AND (k <= 5611948))

table 3 : explain SELECT k, c FROM sbtest3 WHERE k BETWEEN 5611848 AND 5611948
	Bitmap Heap Scan on sbtest3  (cost=5.43..389.66 rows=97 width=125)
	  Recheck Cond: ((k >= 5611848) AND (k <= 5611948))
	  ->  Bitmap Index Scan on k_3  (cost=0.00..5.40 rows=97 width=0)
	        Index Cond: ((k >= 5611848) AND (k <= 5611948))

table 4 : explain SELECT k, c FROM sbtest4 WHERE k BETWEEN 5611848 AND 5611948
	Bitmap Heap Scan on sbtest4  (cost=5.48..409.41 rows=102 width=125)
	  Recheck Cond: ((k >= 5611848) AND (k <= 5611948))
	  ->  Bitmap Index Scan on k_4  (cost=0.00..5.45 rows=102 width=0)
	        Index Cond: ((k >= 5611848) AND (k <= 5611948))

table 5 : explain SELECT k, c FROM sbtest5 WHERE k BETWEEN 5611848 AND 5611948
	Bitmap Heap Scan on sbtest5  (cost=5.51..421.24 rows=105 width=125)
	  Recheck Cond: ((k >= 5611848) AND (k <= 5611948))
	  ->  Bitmap Index Scan on k_5  (cost=0.00..5.48 rows=105 width=0)
	        Index Cond: ((k >= 5611848) AND (k <= 5611948))

table 6 : explain SELECT k, c FROM sbtest6 WHERE k BETWEEN 5611848 AND 5611948
	Bitmap Heap Scan on sbtest6  (cost=5.50..417.30 rows=104 width=125)
	  Recheck Cond: ((k >= 5611848) AND (k <= 5611948))
	  ->  Bitmap Index Scan on k_6  (cost=0.00..5.47 rows=104 width=0)
	        Index Cond: ((k >= 5611848) AND (k <= 5611948))

table 7 : explain SELECT k, c FROM sbtest7 WHERE k BETWEEN 5611848 AND 5611948
	Bitmap Heap Scan on sbtest7  (cost=5.50..417.33 rows=104 width=125)
	  Recheck Cond: ((k >= 5611848) AND (k <= 5611948))
	  ->  Bitmap Index Scan on k_7  (cost=0.00..5.47 rows=104 width=0)
	        Index Cond: ((k >= 5611848) AND (k <= 5611948))

table 8 : explain SELECT k, c FROM sbtest8 WHERE k BETWEEN 5611848 AND 5611948
	Bitmap Heap Scan on sbtest8  (cost=5.44..393.67 rows=98 width=125)
	  Recheck Cond: ((k >= 5611848) AND (k <= 5611948))
	  ->  Bitmap Index Scan on k_8  (cost=0.00..5.42 rows=98 width=0)
	        Index Cond: ((k >= 5611848) AND (k <= 5611948))

explain: for range-notcovered :: explain SELECT k, c FROM sbtest%d WHERE k BETWEEN 5319933 AND 5320033
explain: for range-notcovered :: explain SELECT k, c FROM sbtest%d WHERE k BETWEEN 3613450 AND 3613550
explain: for range-notcovered :: explain SELECT k, c FROM sbtest%d WHERE k BETWEEN 5611848 AND 5611948
for range-notcovered
table 1 : explain SELECT k, c FROM sbtest1 WHERE k BETWEEN 4942369 AND 4942469
	Bitmap Heap Scan on sbtest1  (cost=5.45..397.51 rows=99 width=125)
	  Recheck Cond: ((k >= 4942369) AND (k <= 4942469))
	  ->  Bitmap Index Scan on k_1  (cost=0.00..5.42 rows=99 width=0)
	        Index Cond: ((k >= 4942369) AND (k <= 4942469))

table 2 : explain SELECT k, c FROM sbtest2 WHERE k BETWEEN 4942369 AND 4942469
	Bitmap Heap Scan on sbtest2  (cost=5.47..405.43 rows=101 width=125)
	  Recheck Cond: ((k >= 4942369) AND (k <= 4942469))
	  ->  Bitmap Index Scan on k_2  (cost=0.00..5.44 rows=101 width=0)
	        Index Cond: ((k >= 4942369) AND (k <= 4942469))

table 3 : explain SELECT k, c FROM sbtest3 WHERE k BETWEEN 4942369 AND 4942469
	Bitmap Heap Scan on sbtest3  (cost=5.54..433.02 rows=108 width=125)
	  Recheck Cond: ((k >= 4942369) AND (k <= 4942469))
	  ->  Bitmap Index Scan on k_3  (cost=0.00..5.51 rows=108 width=0)
	        Index Cond: ((k >= 4942369) AND (k <= 4942469))

table 4 : explain SELECT k, c FROM sbtest4 WHERE k BETWEEN 4942369 AND 4942469
	Bitmap Heap Scan on sbtest4  (cost=5.47..405.47 rows=101 width=125)
	  Recheck Cond: ((k >= 4942369) AND (k <= 4942469))
	  ->  Bitmap Index Scan on k_4  (cost=0.00..5.44 rows=101 width=0)
	        Index Cond: ((k >= 4942369) AND (k <= 4942469))

table 5 : explain SELECT k, c FROM sbtest5 WHERE k BETWEEN 4942369 AND 4942469
	Bitmap Heap Scan on sbtest5  (cost=5.39..373.91 rows=93 width=125)
	  Recheck Cond: ((k >= 4942369) AND (k <= 4942469))
	  ->  Bitmap Index Scan on k_5  (cost=0.00..5.36 rows=93 width=0)
	        Index Cond: ((k >= 4942369) AND (k <= 4942469))

table 6 : explain SELECT k, c FROM sbtest6 WHERE k BETWEEN 4942369 AND 4942469
	Bitmap Heap Scan on sbtest6  (cost=5.51..421.24 rows=105 width=125)
	  Recheck Cond: ((k >= 4942369) AND (k <= 4942469))
	  ->  Bitmap Index Scan on k_6  (cost=0.00..5.48 rows=105 width=0)
	        Index Cond: ((k >= 4942369) AND (k <= 4942469))

table 7 : explain SELECT k, c FROM sbtest7 WHERE k BETWEEN 4942369 AND 4942469
	Bitmap Heap Scan on sbtest7  (cost=5.41..381.83 rows=95 width=125)
	  Recheck Cond: ((k >= 4942369) AND (k <= 4942469))
	  ->  Bitmap Index Scan on k_7  (cost=0.00..5.38 rows=95 width=0)
	        Index Cond: ((k >= 4942369) AND (k <= 4942469))

table 8 : explain SELECT k, c FROM sbtest8 WHERE k BETWEEN 4942369 AND 4942469
	Bitmap Heap Scan on sbtest8  (cost=5.53..429.16 rows=107 width=125)
	  Recheck Cond: ((k >= 4942369) AND (k <= 4942469))
	  ->  Bitmap Index Scan on k_8  (cost=0.00..5.50 rows=107 width=0)
	        Index Cond: ((k >= 4942369) AND (k <= 4942469))

for range-notcovered
table 1 : explain SELECT k, c FROM sbtest1 WHERE k BETWEEN 3096934 AND 3097034
	Bitmap Heap Scan on sbtest1  (cost=5.59..452.67 rows=113 width=125)
	  Recheck Cond: ((k >= 3096934) AND (k <= 3097034))
	  ->  Bitmap Index Scan on k_1  (cost=0.00..5.56 rows=113 width=0)
	        Index Cond: ((k >= 3096934) AND (k <= 3097034))

table 2 : explain SELECT k, c FROM sbtest2 WHERE k BETWEEN 3096934 AND 3097034
	Bitmap Heap Scan on sbtest2  (cost=5.49..413.31 rows=103 width=125)
	  Recheck Cond: ((k >= 3096934) AND (k <= 3097034))
	  ->  Bitmap Index Scan on k_2  (cost=0.00..5.46 rows=103 width=0)
	        Index Cond: ((k >= 3096934) AND (k <= 3097034))

table 3 : explain SELECT k, c FROM sbtest3 WHERE k BETWEEN 3096934 AND 3097034
	Bitmap Heap Scan on sbtest3  (cost=5.40..377.82 rows=94 width=125)
	  Recheck Cond: ((k >= 3096934) AND (k <= 3097034))
	  ->  Bitmap Index Scan on k_3  (cost=0.00..5.38 rows=94 width=0)
	        Index Cond: ((k >= 3096934) AND (k <= 3097034))

table 4 : explain SELECT k, c FROM sbtest4 WHERE k BETWEEN 3096934 AND 3097034
	Bitmap Heap Scan on sbtest4  (cost=5.54..433.06 rows=108 width=125)
	  Recheck Cond: ((k >= 3096934) AND (k <= 3097034))
	  ->  Bitmap Index Scan on k_4  (cost=0.00..5.51 rows=108 width=0)
	        Index Cond: ((k >= 3096934) AND (k <= 3097034))

table 5 : explain SELECT k, c FROM sbtest5 WHERE k BETWEEN 3096934 AND 3097034
	Bitmap Heap Scan on sbtest5  (cost=5.48..409.41 rows=102 width=125)
	  Recheck Cond: ((k >= 3096934) AND (k <= 3097034))
	  ->  Bitmap Index Scan on k_5  (cost=0.00..5.45 rows=102 width=0)
	        Index Cond: ((k >= 3096934) AND (k <= 3097034))

table 6 : explain SELECT k, c FROM sbtest6 WHERE k BETWEEN 3096934 AND 3097034
	Bitmap Heap Scan on sbtest6  (cost=5.50..417.30 rows=104 width=125)
	  Recheck Cond: ((k >= 3096934) AND (k <= 3097034))
	  ->  Bitmap Index Scan on k_6  (cost=0.00..5.47 rows=104 width=0)
	        Index Cond: ((k >= 3096934) AND (k <= 3097034))

table 7 : explain SELECT k, c FROM sbtest7 WHERE k BETWEEN 3096934 AND 3097034
	Bitmap Heap Scan on sbtest7  (cost=5.42..385.78 rows=96 width=125)
	  Recheck Cond: ((k >= 3096934) AND (k <= 3097034))
	  ->  Bitmap Index Scan on k_7  (cost=0.00..5.39 rows=96 width=0)
	        Index Cond: ((k >= 3096934) AND (k <= 3097034))

table 8 : explain SELECT k, c FROM sbtest8 WHERE k BETWEEN 3096934 AND 3097034
	Bitmap Heap Scan on sbtest8  (cost=5.41..381.83 rows=95 width=125)
	  Recheck Cond: ((k >= 3096934) AND (k <= 3097034))
	  ->  Bitmap Index Scan on k_8  (cost=0.00..5.38 rows=95 width=0)
	        Index Cond: ((k >= 3096934) AND (k <= 3097034))

explain: for range-notcovered :: explain SELECT k, c FROM sbtest%d WHERE k BETWEEN 4942369 AND 4942469
explain: for range-notcovered :: explain SELECT k, c FROM sbtest%d WHERE k BETWEEN 3096934 AND 3097034
for range-notcovered
table 1 : explain SELECT k, c FROM sbtest1 WHERE k BETWEEN 7051603 AND 7051703
	Bitmap Heap Scan on sbtest1  (cost=5.50..417.22 rows=104 width=125)
	  Recheck Cond: ((k >= 7051603) AND (k <= 7051703))
	  ->  Bitmap Index Scan on k_1  (cost=0.00..5.47 rows=104 width=0)
	        Index Cond: ((k >= 7051603) AND (k <= 7051703))

table 2 : explain SELECT k, c FROM sbtest2 WHERE k BETWEEN 7051603 AND 7051703
	Bitmap Heap Scan on sbtest2  (cost=5.50..417.26 rows=104 width=125)
	  Recheck Cond: ((k >= 7051603) AND (k <= 7051703))
	  ->  Bitmap Index Scan on k_2  (cost=0.00..5.47 rows=104 width=0)
	        Index Cond: ((k >= 7051603) AND (k <= 7051703))

table 3 : explain SELECT k, c FROM sbtest3 WHERE k BETWEEN 7051603 AND 7051703
	Bitmap Heap Scan on sbtest3  (cost=5.42..385.71 rows=96 width=125)
	  Recheck Cond: ((k >= 7051603) AND (k <= 7051703))
	  ->  Bitmap Index Scan on k_3  (cost=0.00..5.39 rows=96 width=0)
	        Index Cond: ((k >= 7051603) AND (k <= 7051703))

table 4 : explain SELECT k, c FROM sbtest4 WHERE k BETWEEN 7051603 AND 7051703
	Bitmap Heap Scan on sbtest4  (cost=5.51..421.24 rows=105 width=125)
	  Recheck Cond: ((k >= 7051603) AND (k <= 7051703))
	  ->  Bitmap Index Scan on k_4  (cost=0.00..5.48 rows=105 width=0)
	        Index Cond: ((k >= 7051603) AND (k <= 7051703))

table 5 : explain SELECT k, c FROM sbtest5 WHERE k BETWEEN 7051603 AND 7051703
	Bitmap Heap Scan on sbtest5  (cost=5.46..401.53 rows=100 width=125)
	  Recheck Cond: ((k >= 7051603) AND (k <= 7051703))
	  ->  Bitmap Index Scan on k_5  (cost=0.00..5.43 rows=100 width=0)
	        Index Cond: ((k >= 7051603) AND (k <= 7051703))

table 6 : explain SELECT k, c FROM sbtest6 WHERE k BETWEEN 7051603 AND 7051703
	Bitmap Heap Scan on sbtest6  (cost=5.45..397.58 rows=99 width=125)
	  Recheck Cond: ((k >= 7051603) AND (k <= 7051703))
	  ->  Bitmap Index Scan on k_6  (cost=0.00..5.42 rows=99 width=0)
	        Index Cond: ((k >= 7051603) AND (k <= 7051703))

table 7 : explain SELECT k, c FROM sbtest7 WHERE k BETWEEN 7051603 AND 7051703
	Bitmap Heap Scan on sbtest7  (cost=5.46..401.56 rows=100 width=125)
	  Recheck Cond: ((k >= 7051603) AND (k <= 7051703))
	  ->  Bitmap Index Scan on k_7  (cost=0.00..5.43 rows=100 width=0)
	        Index Cond: ((k >= 7051603) AND (k <= 7051703))

table 8 : explain SELECT k, c FROM sbtest8 WHERE k BETWEEN 7051603 AND 7051703
	Bitmap Heap Scan on sbtest8  (cost=5.52..425.22 rows=106 width=125)
	  Recheck Cond: ((k >= 7051603) AND (k <= 7051703))
	  ->  Bitmap Index Scan on k_8  (cost=0.00..5.50 rows=106 width=0)
	        Index Cond: ((k >= 7051603) AND (k <= 7051703))

explain: for range-notcovered :: explain SELECT k, c FROM sbtest%d WHERE k BETWEEN 7051603 AND 7051703
for range-notcovered
table 1 : explain SELECT k, c FROM sbtest1 WHERE k BETWEEN 5452353 AND 5452453
	Bitmap Heap Scan on sbtest1  (cost=5.39..373.84 rows=93 width=125)
	  Recheck Cond: ((k >= 5452353) AND (k <= 5452453))
	  ->  Bitmap Index Scan on k_1  (cost=0.00..5.36 rows=93 width=0)
	        Index Cond: ((k >= 5452353) AND (k <= 5452453))

table 2 : explain SELECT k, c FROM sbtest2 WHERE k BETWEEN 5452353 AND 5452453
	Bitmap Heap Scan on sbtest2  (cost=5.58..448.78 rows=112 width=125)
	  Recheck Cond: ((k >= 5452353) AND (k <= 5452453))
	  ->  Bitmap Index Scan on k_2  (cost=0.00..5.55 rows=112 width=0)
	        Index Cond: ((k >= 5452353) AND (k <= 5452453))

table 3 : explain SELECT k, c FROM sbtest3 WHERE k BETWEEN 5452353 AND 5452453
	Bitmap Heap Scan on sbtest3  (cost=5.52..425.14 rows=106 width=125)
	  Recheck Cond: ((k >= 5452353) AND (k <= 5452453))
	  ->  Bitmap Index Scan on k_3  (cost=0.00..5.50 rows=106 width=0)
	        Index Cond: ((k >= 5452353) AND (k <= 5452453))

table 4 : explain SELECT k, c FROM sbtest4 WHERE k BETWEEN 5452353 AND 5452453
	Bitmap Heap Scan on sbtest4  (cost=5.46..401.52 rows=100 width=125)
	  Recheck Cond: ((k >= 5452353) AND (k <= 5452453))
	  ->  Bitmap Index Scan on k_4  (cost=0.00..5.43 rows=100 width=0)
	        Index Cond: ((k >= 5452353) AND (k <= 5452453))

table 5 : explain SELECT k, c FROM sbtest5 WHERE k BETWEEN 5452353 AND 5452453
	Bitmap Heap Scan on sbtest5  (cost=5.46..401.53 rows=100 width=125)
	  Recheck Cond: ((k >= 5452353) AND (k <= 5452453))
	  ->  Bitmap Index Scan on k_5  (cost=0.00..5.43 rows=100 width=0)
	        Index Cond: ((k >= 5452353) AND (k <= 5452453))

table 6 : explain SELECT k, c FROM sbtest6 WHERE k BETWEEN 5452353 AND 5452453
	Bitmap Heap Scan on sbtest6  (cost=5.56..440.95 rows=110 width=125)
	  Recheck Cond: ((k >= 5452353) AND (k <= 5452453))
	  ->  Bitmap Index Scan on k_6  (cost=0.00..5.53 rows=110 width=0)
	        Index Cond: ((k >= 5452353) AND (k <= 5452453))

table 7 : explain SELECT k, c FROM sbtest7 WHERE k BETWEEN 5452353 AND 5452453
	Bitmap Heap Scan on sbtest7  (cost=5.41..381.83 rows=95 width=125)
	  Recheck Cond: ((k >= 5452353) AND (k <= 5452453))
	  ->  Bitmap Index Scan on k_7  (cost=0.00..5.38 rows=95 width=0)
	        Index Cond: ((k >= 5452353) AND (k <= 5452453))

table 8 : explain SELECT k, c FROM sbtest8 WHERE k BETWEEN 5452353 AND 5452453
	Bitmap Heap Scan on sbtest8  (cost=5.64..472.49 rows=118 width=125)
	  Recheck Cond: ((k >= 5452353) AND (k <= 5452453))
	  ->  Bitmap Index Scan on k_8  (cost=0.00..5.61 rows=118 width=0)
	        Index Cond: ((k >= 5452353) AND (k <= 5452453))

for range-notcovered
table 1 : explain SELECT k, c FROM sbtest1 WHERE k BETWEEN 5807253 AND 5807353
	Bitmap Heap Scan on sbtest1  (cost=5.49..413.27 rows=103 width=125)
	  Recheck Cond: ((k >= 5807253) AND (k <= 5807353))
	  ->  Bitmap Index Scan on k_1  (cost=0.00..5.46 rows=103 width=0)
	        Index Cond: ((k >= 5807253) AND (k <= 5807353))

table 2 : explain SELECT k, c FROM sbtest2 WHERE k BETWEEN 5807253 AND 5807353
	Bitmap Heap Scan on sbtest2  (cost=5.50..417.26 rows=104 width=125)
	  Recheck Cond: ((k >= 5807253) AND (k <= 5807353))
	  ->  Bitmap Index Scan on k_2  (cost=0.00..5.47 rows=104 width=0)
	        Index Cond: ((k >= 5807253) AND (k <= 5807353))

table 3 : explain SELECT k, c FROM sbtest3 WHERE k BETWEEN 5807253 AND 5807353
	Bitmap Heap Scan on sbtest3  (cost=5.40..377.82 rows=94 width=125)
	  Recheck Cond: ((k >= 5807253) AND (k <= 5807353))
	  ->  Bitmap Index Scan on k_3  (cost=0.00..5.38 rows=94 width=0)
	        Index Cond: ((k >= 5807253) AND (k <= 5807353))

table 4 : explain SELECT k, c FROM sbtest4 WHERE k BETWEEN 5807253 AND 5807353
	Bitmap Heap Scan on sbtest4  (cost=5.49..413.35 rows=103 width=125)
	  Recheck Cond: ((k >= 5807253) AND (k <= 5807353))
	  ->  Bitmap Index Scan on k_4  (cost=0.00..5.46 rows=103 width=0)
	        Index Cond: ((k >= 5807253) AND (k <= 5807353))

table 5 : explain SELECT k, c FROM sbtest5 WHERE k BETWEEN 5807253 AND 5807353
	Bitmap Heap Scan on sbtest5  (cost=5.51..421.24 rows=105 width=125)
	  Recheck Cond: ((k >= 5807253) AND (k <= 5807353))
	  ->  Bitmap Index Scan on k_5  (cost=0.00..5.48 rows=105 width=0)
	        Index Cond: ((k >= 5807253) AND (k <= 5807353))

table 6 : explain SELECT k, c FROM sbtest6 WHERE k BETWEEN 5807253 AND 5807353
	Bitmap Heap Scan on sbtest6  (cost=5.65..476.39 rows=119 width=125)
	  Recheck Cond: ((k >= 5807253) AND (k <= 5807353))
	  ->  Bitmap Index Scan on k_6  (cost=0.00..5.62 rows=119 width=0)
	        Index Cond: ((k >= 5807253) AND (k <= 5807353))

table 7 : explain SELECT k, c FROM sbtest7 WHERE k BETWEEN 5807253 AND 5807353
	Bitmap Heap Scan on sbtest7  (cost=5.46..401.56 rows=100 width=125)
	  Recheck Cond: ((k >= 5807253) AND (k <= 5807353))
	  ->  Bitmap Index Scan on k_7  (cost=0.00..5.43 rows=100 width=0)
	        Index Cond: ((k >= 5807253) AND (k <= 5807353))

table 8 : explain SELECT k, c FROM sbtest8 WHERE k BETWEEN 5807253 AND 5807353
	Bitmap Heap Scan on sbtest8  (cost=5.43..389.72 rows=97 width=125)
	  Recheck Cond: ((k >= 5807253) AND (k <= 5807353))
	  ->  Bitmap Index Scan on k_8  (cost=0.00..5.40 rows=97 width=0)
	        Index Cond: ((k >= 5807253) AND (k <= 5807353))

explain: for range-notcovered :: explain SELECT k, c FROM sbtest%d WHERE k BETWEEN 5452353 AND 5452453
explain: for range-notcovered :: explain SELECT k, c FROM sbtest%d WHERE k BETWEEN 5807253 AND 5807353
for range-notcovered
table 1 : explain SELECT k, c FROM sbtest1 WHERE k BETWEEN 4953054 AND 4953154
	Bitmap Heap Scan on sbtest1  (cost=5.45..397.51 rows=99 width=125)
	  Recheck Cond: ((k >= 4953054) AND (k <= 4953154))
	  ->  Bitmap Index Scan on k_1  (cost=0.00..5.42 rows=99 width=0)
	        Index Cond: ((k >= 4953054) AND (k <= 4953154))

table 2 : explain SELECT k, c FROM sbtest2 WHERE k BETWEEN 4953054 AND 4953154
	Bitmap Heap Scan on sbtest2  (cost=5.47..405.43 rows=101 width=125)
	  Recheck Cond: ((k >= 4953054) AND (k <= 4953154))
	  ->  Bitmap Index Scan on k_2  (cost=0.00..5.44 rows=101 width=0)
	        Index Cond: ((k >= 4953054) AND (k <= 4953154))

table 3 : explain SELECT k, c FROM sbtest3 WHERE k BETWEEN 4953054 AND 4953154
	Bitmap Heap Scan on sbtest3  (cost=5.54..433.02 rows=108 width=125)
	  Recheck Cond: ((k >= 4953054) AND (k <= 4953154))
	  ->  Bitmap Index Scan on k_3  (cost=0.00..5.51 rows=108 width=0)
	        Index Cond: ((k >= 4953054) AND (k <= 4953154))

table 4 : explain SELECT k, c FROM sbtest4 WHERE k BETWEEN 4953054 AND 4953154
	Bitmap Heap Scan on sbtest4  (cost=5.47..405.47 rows=101 width=125)
	  Recheck Cond: ((k >= 4953054) AND (k <= 4953154))
	  ->  Bitmap Index Scan on k_4  (cost=0.00..5.44 rows=101 width=0)
	        Index Cond: ((k >= 4953054) AND (k <= 4953154))

table 5 : explain SELECT k, c FROM sbtest5 WHERE k BETWEEN 4953054 AND 4953154
	Bitmap Heap Scan on sbtest5  (cost=5.39..373.91 rows=93 width=125)
	  Recheck Cond: ((k >= 4953054) AND (k <= 4953154))
	  ->  Bitmap Index Scan on k_5  (cost=0.00..5.36 rows=93 width=0)
	        Index Cond: ((k >= 4953054) AND (k <= 4953154))

table 6 : explain SELECT k, c FROM sbtest6 WHERE k BETWEEN 4953054 AND 4953154
	Bitmap Heap Scan on sbtest6  (cost=5.49..413.36 rows=103 width=125)
	  Recheck Cond: ((k >= 4953054) AND (k <= 4953154))
	  ->  Bitmap Index Scan on k_6  (cost=0.00..5.46 rows=103 width=0)
	        Index Cond: ((k >= 4953054) AND (k <= 4953154))

table 7 : explain SELECT k, c FROM sbtest7 WHERE k BETWEEN 4953054 AND 4953154
	Bitmap Heap Scan on sbtest7  (cost=5.41..381.83 rows=95 width=125)
	  Recheck Cond: ((k >= 4953054) AND (k <= 4953154))
	  ->  Bitmap Index Scan on k_7  (cost=0.00..5.38 rows=95 width=0)
	        Index Cond: ((k >= 4953054) AND (k <= 4953154))

table 8 : explain SELECT k, c FROM sbtest8 WHERE k BETWEEN 4953054 AND 4953154
	Bitmap Heap Scan on sbtest8  (cost=5.42..385.78 rows=96 width=125)
	  Recheck Cond: ((k >= 4953054) AND (k <= 4953154))
	  ->  Bitmap Index Scan on k_8  (cost=0.00..5.39 rows=96 width=0)
	        Index Cond: ((k >= 4953054) AND (k <= 4953154))

for range-notcovered
table 1 : explain SELECT k, c FROM sbtest1 WHERE k BETWEEN 5611848 AND 5611948
	Bitmap Heap Scan on sbtest1  (cost=5.50..417.22 rows=104 width=125)
	  Recheck Cond: ((k >= 5611848) AND (k <= 5611948))
	  ->  Bitmap Index Scan on k_1  (cost=0.00..5.47 rows=104 width=0)
	        Index Cond: ((k >= 5611848) AND (k <= 5611948))

table 2 : explain SELECT k, c FROM sbtest2 WHERE k BETWEEN 5611848 AND 5611948
	Bitmap Heap Scan on sbtest2  (cost=5.46..401.49 rows=100 width=125)
	  Recheck Cond: ((k >= 5611848) AND (k <= 5611948))
	  ->  Bitmap Index Scan on k_2  (cost=0.00..5.43 rows=100 width=0)
	        Index Cond: ((k >= 5611848) AND (k <= 5611948))

table 3 : explain SELECT k, c FROM sbtest3 WHERE k BETWEEN 5611848 AND 5611948
	Bitmap Heap Scan on sbtest3  (cost=5.43..389.66 rows=97 width=125)
	  Recheck Cond: ((k >= 5611848) AND (k <= 5611948))
	  ->  Bitmap Index Scan on k_3  (cost=0.00..5.40 rows=97 width=0)
	        Index Cond: ((k >= 5611848) AND (k <= 5611948))

table 4 : explain SELECT k, c FROM sbtest4 WHERE k BETWEEN 5611848 AND 5611948
	Bitmap Heap Scan on sbtest4  (cost=5.48..409.41 rows=102 width=125)
	  Recheck Cond: ((k >= 5611848) AND (k <= 5611948))
	  ->  Bitmap Index Scan on k_4  (cost=0.00..5.45 rows=102 width=0)
	        Index Cond: ((k >= 5611848) AND (k <= 5611948))

table 5 : explain SELECT k, c FROM sbtest5 WHERE k BETWEEN 5611848 AND 5611948
	Bitmap Heap Scan on sbtest5  (cost=5.51..421.24 rows=105 width=125)
	  Recheck Cond: ((k >= 5611848) AND (k <= 5611948))
	  ->  Bitmap Index Scan on k_5  (cost=0.00..5.48 rows=105 width=0)
	        Index Cond: ((k >= 5611848) AND (k <= 5611948))

table 6 : explain SELECT k, c FROM sbtest6 WHERE k BETWEEN 5611848 AND 5611948
	Bitmap Heap Scan on sbtest6  (cost=5.50..417.30 rows=104 width=125)
	  Recheck Cond: ((k >= 5611848) AND (k <= 5611948))
	  ->  Bitmap Index Scan on k_6  (cost=0.00..5.47 rows=104 width=0)
	        Index Cond: ((k >= 5611848) AND (k <= 5611948))

table 7 : explain SELECT k, c FROM sbtest7 WHERE k BETWEEN 5611848 AND 5611948
	Bitmap Heap Scan on sbtest7  (cost=5.50..417.33 rows=104 width=125)
	  Recheck Cond: ((k >= 5611848) AND (k <= 5611948))
	  ->  Bitmap Index Scan on k_7  (cost=0.00..5.47 rows=104 width=0)
	        Index Cond: ((k >= 5611848) AND (k <= 5611948))

table 8 : explain SELECT k, c FROM sbtest8 WHERE k BETWEEN 5611848 AND 5611948
	Bitmap Heap Scan on sbtest8  (cost=5.44..393.67 rows=98 width=125)
	  Recheck Cond: ((k >= 5611848) AND (k <= 5611948))
	  ->  Bitmap Index Scan on k_8  (cost=0.00..5.42 rows=98 width=0)
	        Index Cond: ((k >= 5611848) AND (k <= 5611948))

for range-notcovered
table 1 : explain SELECT k, c FROM sbtest1 WHERE k BETWEEN 5319933 AND 5320033
	Bitmap Heap Scan on sbtest1  (cost=5.40..377.79 rows=94 width=125)
	  Recheck Cond: ((k >= 5319933) AND (k <= 5320033))
	  ->  Bitmap Index Scan on k_1  (cost=0.00..5.38 rows=94 width=0)
	        Index Cond: ((k >= 5319933) AND (k <= 5320033))

table 2 : explain SELECT k, c FROM sbtest2 WHERE k BETWEEN 5319933 AND 5320033
	Bitmap Heap Scan on sbtest2  (cost=5.44..393.60 rows=98 width=125)
	  Recheck Cond: ((k >= 5319933) AND (k <= 5320033))
	  ->  Bitmap Index Scan on k_2  (cost=0.00..5.42 rows=98 width=0)
	        Index Cond: ((k >= 5319933) AND (k <= 5320033))

table 3 : explain SELECT k, c FROM sbtest3 WHERE k BETWEEN 5319933 AND 5320033
	Bitmap Heap Scan on sbtest3  (cost=5.52..425.14 rows=106 width=125)
	  Recheck Cond: ((k >= 5319933) AND (k <= 5320033))
	  ->  Bitmap Index Scan on k_3  (cost=0.00..5.50 rows=106 width=0)
	        Index Cond: ((k >= 5319933) AND (k <= 5320033))

table 4 : explain SELECT k, c FROM sbtest4 WHERE k BETWEEN 5319933 AND 5320033
	Bitmap Heap Scan on sbtest4  (cost=5.45..397.58 rows=99 width=125)
	  Recheck Cond: ((k >= 5319933) AND (k <= 5320033))
	  ->  Bitmap Index Scan on k_4  (cost=0.00..5.42 rows=99 width=0)
	        Index Cond: ((k >= 5319933) AND (k <= 5320033))

table 5 : explain SELECT k, c FROM sbtest5 WHERE k BETWEEN 5319933 AND 5320033
	Bitmap Heap Scan on sbtest5  (cost=5.55..437.00 rows=109 width=125)
	  Recheck Cond: ((k >= 5319933) AND (k <= 5320033))
	  ->  Bitmap Index Scan on k_5  (cost=0.00..5.52 rows=109 width=0)
	        Index Cond: ((k >= 5319933) AND (k <= 5320033))

table 6 : explain SELECT k, c FROM sbtest6 WHERE k BETWEEN 5319933 AND 5320033
	Bitmap Heap Scan on sbtest6  (cost=5.47..405.47 rows=101 width=125)
	  Recheck Cond: ((k >= 5319933) AND (k <= 5320033))
	  ->  Bitmap Index Scan on k_6  (cost=0.00..5.44 rows=101 width=0)
	        Index Cond: ((k >= 5319933) AND (k <= 5320033))

table 7 : explain SELECT k, c FROM sbtest7 WHERE k BETWEEN 5319933 AND 5320033
	Bitmap Heap Scan on sbtest7  (cost=5.44..393.67 rows=98 width=125)
	  Recheck Cond: ((k >= 5319933) AND (k <= 5320033))
	  ->  Bitmap Index Scan on k_7  (cost=0.00..5.42 rows=98 width=0)
	        Index Cond: ((k >= 5319933) AND (k <= 5320033))

table 8 : explain SELECT k, c FROM sbtest8 WHERE k BETWEEN 5319933 AND 5320033
	Bitmap Heap Scan on sbtest8  (cost=5.44..393.67 rows=98 width=125)
	  Recheck Cond: ((k >= 5319933) AND (k <= 5320033))
	  ->  Bitmap Index Scan on k_8  (cost=0.00..5.42 rows=98 width=0)
	        Index Cond: ((k >= 5319933) AND (k <= 5320033))

explain: for range-notcovered :: explain SELECT k, c FROM sbtest%d WHERE k BETWEEN 4953054 AND 4953154
explain: for range-notcovered :: explain SELECT k, c FROM sbtest%d WHERE k BETWEEN 5611848 AND 5611948
explain: for range-notcovered :: explain SELECT k, c FROM sbtest%d WHERE k BETWEEN 5319933 AND 5320033
explain: for range-notcovered :: explain SELECT k, c FROM sbtest%d WHERE k BETWEEN 3356410 AND 3356510
for range-notcovered
table 1 : explain SELECT k, c FROM sbtest1 WHERE k BETWEEN 3096934 AND 3097034
	Bitmap Heap Scan on sbtest1  (cost=5.59..452.67 rows=113 width=125)
	  Recheck Cond: ((k >= 3096934) AND (k <= 3097034))
	  ->  Bitmap Index Scan on k_1  (cost=0.00..5.56 rows=113 width=0)
	        Index Cond: ((k >= 3096934) AND (k <= 3097034))

table 2 : explain SELECT k, c FROM sbtest2 WHERE k BETWEEN 3096934 AND 3097034
	Bitmap Heap Scan on sbtest2  (cost=5.49..413.31 rows=103 width=125)
	  Recheck Cond: ((k >= 3096934) AND (k <= 3097034))
	  ->  Bitmap Index Scan on k_2  (cost=0.00..5.46 rows=103 width=0)
	        Index Cond: ((k >= 3096934) AND (k <= 3097034))

table 3 : explain SELECT k, c FROM sbtest3 WHERE k BETWEEN 3096934 AND 3097034
	Bitmap Heap Scan on sbtest3  (cost=5.40..377.82 rows=94 width=125)
	  Recheck Cond: ((k >= 3096934) AND (k <= 3097034))
	  ->  Bitmap Index Scan on k_3  (cost=0.00..5.38 rows=94 width=0)
	        Index Cond: ((k >= 3096934) AND (k <= 3097034))

table 4 : explain SELECT k, c FROM sbtest4 WHERE k BETWEEN 3096934 AND 3097034
	Bitmap Heap Scan on sbtest4  (cost=5.54..433.06 rows=108 width=125)
	  Recheck Cond: ((k >= 3096934) AND (k <= 3097034))
	  ->  Bitmap Index Scan on k_4  (cost=0.00..5.51 rows=108 width=0)
	        Index Cond: ((k >= 3096934) AND (k <= 3097034))

table 5 : explain SELECT k, c FROM sbtest5 WHERE k BETWEEN 3096934 AND 3097034
	Bitmap Heap Scan on sbtest5  (cost=5.48..409.41 rows=102 width=125)
	  Recheck Cond: ((k >= 3096934) AND (k <= 3097034))
	  ->  Bitmap Index Scan on k_5  (cost=0.00..5.45 rows=102 width=0)
	        Index Cond: ((k >= 3096934) AND (k <= 3097034))

table 6 : explain SELECT k, c FROM sbtest6 WHERE k BETWEEN 3096934 AND 3097034
	Bitmap Heap Scan on sbtest6  (cost=5.50..417.30 rows=104 width=125)
	  Recheck Cond: ((k >= 3096934) AND (k <= 3097034))
	  ->  Bitmap Index Scan on k_6  (cost=0.00..5.47 rows=104 width=0)
	        Index Cond: ((k >= 3096934) AND (k <= 3097034))

table 7 : explain SELECT k, c FROM sbtest7 WHERE k BETWEEN 3096934 AND 3097034
	Bitmap Heap Scan on sbtest7  (cost=5.42..385.78 rows=96 width=125)
	  Recheck Cond: ((k >= 3096934) AND (k <= 3097034))
	  ->  Bitmap Index Scan on k_7  (cost=0.00..5.39 rows=96 width=0)
	        Index Cond: ((k >= 3096934) AND (k <= 3097034))

table 8 : explain SELECT k, c FROM sbtest8 WHERE k BETWEEN 3096934 AND 3097034
	Bitmap Heap Scan on sbtest8  (cost=5.41..381.83 rows=95 width=125)
	  Recheck Cond: ((k >= 3096934) AND (k <= 3097034))
	  ->  Bitmap Index Scan on k_8  (cost=0.00..5.38 rows=95 width=0)
	        Index Cond: ((k >= 3096934) AND (k <= 3097034))

for range-notcovered
table 1 : explain SELECT k, c FROM sbtest1 WHERE k BETWEEN 4942369 AND 4942469
	Bitmap Heap Scan on sbtest1  (cost=5.45..397.51 rows=99 width=125)
	  Recheck Cond: ((k >= 4942369) AND (k <= 4942469))
	  ->  Bitmap Index Scan on k_1  (cost=0.00..5.42 rows=99 width=0)
	        Index Cond: ((k >= 4942369) AND (k <= 4942469))

table 2 : explain SELECT k, c FROM sbtest2 WHERE k BETWEEN 4942369 AND 4942469
	Bitmap Heap Scan on sbtest2  (cost=5.47..405.43 rows=101 width=125)
	  Recheck Cond: ((k >= 4942369) AND (k <= 4942469))
	  ->  Bitmap Index Scan on k_2  (cost=0.00..5.44 rows=101 width=0)
	        Index Cond: ((k >= 4942369) AND (k <= 4942469))

table 3 : explain SELECT k, c FROM sbtest3 WHERE k BETWEEN 4942369 AND 4942469
	Bitmap Heap Scan on sbtest3  (cost=5.54..433.02 rows=108 width=125)
	  Recheck Cond: ((k >= 4942369) AND (k <= 4942469))
	  ->  Bitmap Index Scan on k_3  (cost=0.00..5.51 rows=108 width=0)
	        Index Cond: ((k >= 4942369) AND (k <= 4942469))

table 4 : explain SELECT k, c FROM sbtest4 WHERE k BETWEEN 4942369 AND 4942469
	Bitmap Heap Scan on sbtest4  (cost=5.47..405.47 rows=101 width=125)
	  Recheck Cond: ((k >= 4942369) AND (k <= 4942469))
	  ->  Bitmap Index Scan on k_4  (cost=0.00..5.44 rows=101 width=0)
	        Index Cond: ((k >= 4942369) AND (k <= 4942469))

table 5 : explain SELECT k, c FROM sbtest5 WHERE k BETWEEN 4942369 AND 4942469
	Bitmap Heap Scan on sbtest5  (cost=5.39..373.91 rows=93 width=125)
	  Recheck Cond: ((k >= 4942369) AND (k <= 4942469))
	  ->  Bitmap Index Scan on k_5  (cost=0.00..5.36 rows=93 width=0)
	        Index Cond: ((k >= 4942369) AND (k <= 4942469))

table 6 : explain SELECT k, c FROM sbtest6 WHERE k BETWEEN 4942369 AND 4942469
	Bitmap Heap Scan on sbtest6  (cost=5.51..421.24 rows=105 width=125)
	  Recheck Cond: ((k >= 4942369) AND (k <= 4942469))
	  ->  Bitmap Index Scan on k_6  (cost=0.00..5.48 rows=105 width=0)
	        Index Cond: ((k >= 4942369) AND (k <= 4942469))

table 7 : explain SELECT k, c FROM sbtest7 WHERE k BETWEEN 4942369 AND 4942469
	Bitmap Heap Scan on sbtest7  (cost=5.41..381.83 rows=95 width=125)
	  Recheck Cond: ((k >= 4942369) AND (k <= 4942469))
	  ->  Bitmap Index Scan on k_7  (cost=0.00..5.38 rows=95 width=0)
	        Index Cond: ((k >= 4942369) AND (k <= 4942469))

table 8 : explain SELECT k, c FROM sbtest8 WHERE k BETWEEN 4942369 AND 4942469
	Bitmap Heap Scan on sbtest8  (cost=5.53..429.16 rows=107 width=125)
	  Recheck Cond: ((k >= 4942369) AND (k <= 4942469))
	  ->  Bitmap Index Scan on k_8  (cost=0.00..5.50 rows=107 width=0)
	        Index Cond: ((k >= 4942369) AND (k <= 4942469))

for range-notcovered
table 1 : explain SELECT k, c FROM sbtest1 WHERE k BETWEEN 1479177 AND 1479277
	Bitmap Heap Scan on sbtest1  (cost=5.43..389.62 rows=97 width=125)
	  Recheck Cond: ((k >= 1479177) AND (k <= 1479277))
	  ->  Bitmap Index Scan on k_1  (cost=0.00..5.40 rows=97 width=0)
	        Index Cond: ((k >= 1479177) AND (k <= 1479277))

table 2 : explain SELECT k, c FROM sbtest2 WHERE k BETWEEN 1479177 AND 1479277
	Bitmap Heap Scan on sbtest2  (cost=5.46..401.49 rows=100 width=125)
	  Recheck Cond: ((k >= 1479177) AND (k <= 1479277))
	  ->  Bitmap Index Scan on k_2  (cost=0.00..5.43 rows=100 width=0)
	        Index Cond: ((k >= 1479177) AND (k <= 1479277))

table 3 : explain SELECT k, c FROM sbtest3 WHERE k BETWEEN 1479177 AND 1479277
	Bitmap Heap Scan on sbtest3  (cost=5.60..456.65 rows=114 width=125)
	  Recheck Cond: ((k >= 1479177) AND (k <= 1479277))
	  ->  Bitmap Index Scan on k_3  (cost=0.00..5.58 rows=114 width=0)
	        Index Cond: ((k >= 1479177) AND (k <= 1479277))

table 4 : explain SELECT k, c FROM sbtest4 WHERE k BETWEEN 1479177 AND 1479277
	Bitmap Heap Scan on sbtest4  (cost=5.47..405.47 rows=101 width=125)
	  Recheck Cond: ((k >= 1479177) AND (k <= 1479277))
	  ->  Bitmap Index Scan on k_4  (cost=0.00..5.44 rows=101 width=0)
	        Index Cond: ((k >= 1479177) AND (k <= 1479277))

table 5 : explain SELECT k, c FROM sbtest5 WHERE k BETWEEN 1479177 AND 1479277
	Bitmap Heap Scan on sbtest5  (cost=5.47..405.47 rows=101 width=125)
	  Recheck Cond: ((k >= 1479177) AND (k <= 1479277))
	  ->  Bitmap Index Scan on k_5  (cost=0.00..5.44 rows=101 width=0)
	        Index Cond: ((k >= 1479177) AND (k <= 1479277))

table 6 : explain SELECT k, c FROM sbtest6 WHERE k BETWEEN 1479177 AND 1479277
	Bitmap Heap Scan on sbtest6  (cost=5.39..373.91 rows=93 width=125)
	  Recheck Cond: ((k >= 1479177) AND (k <= 1479277))
	  ->  Bitmap Index Scan on k_6  (cost=0.00..5.36 rows=93 width=0)
	        Index Cond: ((k >= 1479177) AND (k <= 1479277))

table 7 : explain SELECT k, c FROM sbtest7 WHERE k BETWEEN 1479177 AND 1479277
	Bitmap Heap Scan on sbtest7  (cost=5.43..389.72 rows=97 width=125)
	  Recheck Cond: ((k >= 1479177) AND (k <= 1479277))
	  ->  Bitmap Index Scan on k_7  (cost=0.00..5.40 rows=97 width=0)
	        Index Cond: ((k >= 1479177) AND (k <= 1479277))

table 8 : explain SELECT k, c FROM sbtest8 WHERE k BETWEEN 1479177 AND 1479277
	Bitmap Heap Scan on sbtest8  (cost=5.55..437.04 rows=109 width=125)
	  Recheck Cond: ((k >= 1479177) AND (k <= 1479277))
	  ->  Bitmap Index Scan on k_8  (cost=0.00..5.52 rows=109 width=0)
	        Index Cond: ((k >= 1479177) AND (k <= 1479277))

explain: for range-notcovered :: explain SELECT k, c FROM sbtest%d WHERE k BETWEEN 3096934 AND 3097034
explain: for range-notcovered :: explain SELECT k, c FROM sbtest%d WHERE k BETWEEN 4942369 AND 4942469
for range-notcovered
table 1 : explain SELECT k, c FROM sbtest1 WHERE k BETWEEN 7051603 AND 7051703
	Bitmap Heap Scan on sbtest1  (cost=5.50..417.22 rows=104 width=125)
	  Recheck Cond: ((k >= 7051603) AND (k <= 7051703))
	  ->  Bitmap Index Scan on k_1  (cost=0.00..5.47 rows=104 width=0)
	        Index Cond: ((k >= 7051603) AND (k <= 7051703))

table 2 : explain SELECT k, c FROM sbtest2 WHERE k BETWEEN 7051603 AND 7051703
	Bitmap Heap Scan on sbtest2  (cost=5.50..417.26 rows=104 width=125)
	  Recheck Cond: ((k >= 7051603) AND (k <= 7051703))
	  ->  Bitmap Index Scan on k_2  (cost=0.00..5.47 rows=104 width=0)
	        Index Cond: ((k >= 7051603) AND (k <= 7051703))

table 3 : explain SELECT k, c FROM sbtest3 WHERE k BETWEEN 7051603 AND 7051703
	Bitmap Heap Scan on sbtest3  (cost=5.42..385.71 rows=96 width=125)
	  Recheck Cond: ((k >= 7051603) AND (k <= 7051703))
	  ->  Bitmap Index Scan on k_3  (cost=0.00..5.39 rows=96 width=0)
	        Index Cond: ((k >= 7051603) AND (k <= 7051703))

table 4 : explain SELECT k, c FROM sbtest4 WHERE k BETWEEN 7051603 AND 7051703
	Bitmap Heap Scan on sbtest4  (cost=5.51..421.24 rows=105 width=125)
	  Recheck Cond: ((k >= 7051603) AND (k <= 7051703))
	  ->  Bitmap Index Scan on k_4  (cost=0.00..5.48 rows=105 width=0)
	        Index Cond: ((k >= 7051603) AND (k <= 7051703))

table 5 : explain SELECT k, c FROM sbtest5 WHERE k BETWEEN 7051603 AND 7051703
	Bitmap Heap Scan on sbtest5  (cost=5.46..401.53 rows=100 width=125)
	  Recheck Cond: ((k >= 7051603) AND (k <= 7051703))
	  ->  Bitmap Index Scan on k_5  (cost=0.00..5.43 rows=100 width=0)
	        Index Cond: ((k >= 7051603) AND (k <= 7051703))

table 6 : explain SELECT k, c FROM sbtest6 WHERE k BETWEEN 7051603 AND 7051703
	Bitmap Heap Scan on sbtest6  (cost=5.45..397.58 rows=99 width=125)
	  Recheck Cond: ((k >= 7051603) AND (k <= 7051703))
	  ->  Bitmap Index Scan on k_6  (cost=0.00..5.42 rows=99 width=0)
	        Index Cond: ((k >= 7051603) AND (k <= 7051703))

table 7 : explain SELECT k, c FROM sbtest7 WHERE k BETWEEN 7051603 AND 7051703
	Bitmap Heap Scan on sbtest7  (cost=5.46..401.56 rows=100 width=125)
	  Recheck Cond: ((k >= 7051603) AND (k <= 7051703))
	  ->  Bitmap Index Scan on k_7  (cost=0.00..5.43 rows=100 width=0)
	        Index Cond: ((k >= 7051603) AND (k <= 7051703))

table 8 : explain SELECT k, c FROM sbtest8 WHERE k BETWEEN 7051603 AND 7051703
	Bitmap Heap Scan on sbtest8  (cost=5.52..425.22 rows=106 width=125)
	  Recheck Cond: ((k >= 7051603) AND (k <= 7051703))
	  ->  Bitmap Index Scan on k_8  (cost=0.00..5.50 rows=106 width=0)
	        Index Cond: ((k >= 7051603) AND (k <= 7051703))

for range-notcovered
table 1 : explain SELECT k, c FROM sbtest1 WHERE k BETWEEN 5452353 AND 5452453
	Bitmap Heap Scan on sbtest1  (cost=5.39..373.84 rows=93 width=125)
	  Recheck Cond: ((k >= 5452353) AND (k <= 5452453))
	  ->  Bitmap Index Scan on k_1  (cost=0.00..5.36 rows=93 width=0)
	        Index Cond: ((k >= 5452353) AND (k <= 5452453))

table 2 : explain SELECT k, c FROM sbtest2 WHERE k BETWEEN 5452353 AND 5452453
	Bitmap Heap Scan on sbtest2  (cost=5.58..448.78 rows=112 width=125)
	  Recheck Cond: ((k >= 5452353) AND (k <= 5452453))
	  ->  Bitmap Index Scan on k_2  (cost=0.00..5.55 rows=112 width=0)
	        Index Cond: ((k >= 5452353) AND (k <= 5452453))

table 3 : explain SELECT k, c FROM sbtest3 WHERE k BETWEEN 5452353 AND 5452453
	Bitmap Heap Scan on sbtest3  (cost=5.52..425.14 rows=106 width=125)
	  Recheck Cond: ((k >= 5452353) AND (k <= 5452453))
	  ->  Bitmap Index Scan on k_3  (cost=0.00..5.50 rows=106 width=0)
	        Index Cond: ((k >= 5452353) AND (k <= 5452453))

table 4 : explain SELECT k, c FROM sbtest4 WHERE k BETWEEN 5452353 AND 5452453
	Bitmap Heap Scan on sbtest4  (cost=5.46..401.52 rows=100 width=125)
	  Recheck Cond: ((k >= 5452353) AND (k <= 5452453))
	  ->  Bitmap Index Scan on k_4  (cost=0.00..5.43 rows=100 width=0)
	        Index Cond: ((k >= 5452353) AND (k <= 5452453))

table 5 : explain SELECT k, c FROM sbtest5 WHERE k BETWEEN 5452353 AND 5452453
	Bitmap Heap Scan on sbtest5  (cost=5.46..401.53 rows=100 width=125)
	  Recheck Cond: ((k >= 5452353) AND (k <= 5452453))
	  ->  Bitmap Index Scan on k_5  (cost=0.00..5.43 rows=100 width=0)
	        Index Cond: ((k >= 5452353) AND (k <= 5452453))

table 6 : explain SELECT k, c FROM sbtest6 WHERE k BETWEEN 5452353 AND 5452453
	Bitmap Heap Scan on sbtest6  (cost=5.56..440.95 rows=110 width=125)
	  Recheck Cond: ((k >= 5452353) AND (k <= 5452453))
	  ->  Bitmap Index Scan on k_6  (cost=0.00..5.53 rows=110 width=0)
	        Index Cond: ((k >= 5452353) AND (k <= 5452453))

table 7 : explain SELECT k, c FROM sbtest7 WHERE k BETWEEN 5452353 AND 5452453
	Bitmap Heap Scan on sbtest7  (cost=5.41..381.83 rows=95 width=125)
	  Recheck Cond: ((k >= 5452353) AND (k <= 5452453))
	  ->  Bitmap Index Scan on k_7  (cost=0.00..5.38 rows=95 width=0)
	        Index Cond: ((k >= 5452353) AND (k <= 5452453))

table 8 : explain SELECT k, c FROM sbtest8 WHERE k BETWEEN 5452353 AND 5452453
	Bitmap Heap Scan on sbtest8  (cost=5.64..472.49 rows=118 width=125)
	  Recheck Cond: ((k >= 5452353) AND (k <= 5452453))
	  ->  Bitmap Index Scan on k_8  (cost=0.00..5.61 rows=118 width=0)
	        Index Cond: ((k >= 5452353) AND (k <= 5452453))

explain: for range-notcovered :: explain SELECT k, c FROM sbtest%d WHERE k BETWEEN 1479177 AND 1479277
explain: for range-notcovered :: explain SELECT k, c FROM sbtest%d WHERE k BETWEEN 5452353 AND 5452453
for range-notcovered
table 1 : explain SELECT k, c FROM sbtest1 WHERE k BETWEEN 5807253 AND 5807353
	Bitmap Heap Scan on sbtest1  (cost=5.49..413.27 rows=103 width=125)
	  Recheck Cond: ((k >= 5807253) AND (k <= 5807353))
	  ->  Bitmap Index Scan on k_1  (cost=0.00..5.46 rows=103 width=0)
	        Index Cond: ((k >= 5807253) AND (k <= 5807353))

table 2 : explain SELECT k, c FROM sbtest2 WHERE k BETWEEN 5807253 AND 5807353
	Bitmap Heap Scan on sbtest2  (cost=5.50..417.26 rows=104 width=125)
	  Recheck Cond: ((k >= 5807253) AND (k <= 5807353))
	  ->  Bitmap Index Scan on k_2  (cost=0.00..5.47 rows=104 width=0)
	        Index Cond: ((k >= 5807253) AND (k <= 5807353))

table 3 : explain SELECT k, c FROM sbtest3 WHERE k BETWEEN 5807253 AND 5807353
	Bitmap Heap Scan on sbtest3  (cost=5.40..377.82 rows=94 width=125)
	  Recheck Cond: ((k >= 5807253) AND (k <= 5807353))
	  ->  Bitmap Index Scan on k_3  (cost=0.00..5.38 rows=94 width=0)
	        Index Cond: ((k >= 5807253) AND (k <= 5807353))

table 4 : explain SELECT k, c FROM sbtest4 WHERE k BETWEEN 5807253 AND 5807353
	Bitmap Heap Scan on sbtest4  (cost=5.49..413.35 rows=103 width=125)
	  Recheck Cond: ((k >= 5807253) AND (k <= 5807353))
	  ->  Bitmap Index Scan on k_4  (cost=0.00..5.46 rows=103 width=0)
	        Index Cond: ((k >= 5807253) AND (k <= 5807353))

table 5 : explain SELECT k, c FROM sbtest5 WHERE k BETWEEN 5807253 AND 5807353
	Bitmap Heap Scan on sbtest5  (cost=5.51..421.24 rows=105 width=125)
	  Recheck Cond: ((k >= 5807253) AND (k <= 5807353))
	  ->  Bitmap Index Scan on k_5  (cost=0.00..5.48 rows=105 width=0)
	        Index Cond: ((k >= 5807253) AND (k <= 5807353))

table 6 : explain SELECT k, c FROM sbtest6 WHERE k BETWEEN 5807253 AND 5807353
	Bitmap Heap Scan on sbtest6  (cost=5.65..476.39 rows=119 width=125)
	  Recheck Cond: ((k >= 5807253) AND (k <= 5807353))
	  ->  Bitmap Index Scan on k_6  (cost=0.00..5.62 rows=119 width=0)
	        Index Cond: ((k >= 5807253) AND (k <= 5807353))

table 7 : explain SELECT k, c FROM sbtest7 WHERE k BETWEEN 5807253 AND 5807353
	Bitmap Heap Scan on sbtest7  (cost=5.46..401.56 rows=100 width=125)
	  Recheck Cond: ((k >= 5807253) AND (k <= 5807353))
	  ->  Bitmap Index Scan on k_7  (cost=0.00..5.43 rows=100 width=0)
	        Index Cond: ((k >= 5807253) AND (k <= 5807353))

table 8 : explain SELECT k, c FROM sbtest8 WHERE k BETWEEN 5807253 AND 5807353
	Bitmap Heap Scan on sbtest8  (cost=5.43..389.72 rows=97 width=125)
	  Recheck Cond: ((k >= 5807253) AND (k <= 5807353))
	  ->  Bitmap Index Scan on k_8  (cost=0.00..5.40 rows=97 width=0)
	        Index Cond: ((k >= 5807253) AND (k <= 5807353))

explain: for range-notcovered :: explain SELECT k, c FROM sbtest%d WHERE k BETWEEN 5807253 AND 5807353
for range-notcovered
table 1 : explain SELECT k, c FROM sbtest1 WHERE k BETWEEN 5611848 AND 5611948
	Bitmap Heap Scan on sbtest1  (cost=5.50..417.22 rows=104 width=125)
	  Recheck Cond: ((k >= 5611848) AND (k <= 5611948))
	  ->  Bitmap Index Scan on k_1  (cost=0.00..5.47 rows=104 width=0)
	        Index Cond: ((k >= 5611848) AND (k <= 5611948))

table 2 : explain SELECT k, c FROM sbtest2 WHERE k BETWEEN 5611848 AND 5611948
	Bitmap Heap Scan on sbtest2  (cost=5.46..401.49 rows=100 width=125)
	  Recheck Cond: ((k >= 5611848) AND (k <= 5611948))
	  ->  Bitmap Index Scan on k_2  (cost=0.00..5.43 rows=100 width=0)
	        Index Cond: ((k >= 5611848) AND (k <= 5611948))

table 3 : explain SELECT k, c FROM sbtest3 WHERE k BETWEEN 5611848 AND 5611948
	Bitmap Heap Scan on sbtest3  (cost=5.43..389.66 rows=97 width=125)
	  Recheck Cond: ((k >= 5611848) AND (k <= 5611948))
	  ->  Bitmap Index Scan on k_3  (cost=0.00..5.40 rows=97 width=0)
	        Index Cond: ((k >= 5611848) AND (k <= 5611948))

table 4 : explain SELECT k, c FROM sbtest4 WHERE k BETWEEN 5611848 AND 5611948
	Bitmap Heap Scan on sbtest4  (cost=5.48..409.41 rows=102 width=125)
	  Recheck Cond: ((k >= 5611848) AND (k <= 5611948))
	  ->  Bitmap Index Scan on k_4  (cost=0.00..5.45 rows=102 width=0)
	        Index Cond: ((k >= 5611848) AND (k <= 5611948))

table 5 : explain SELECT k, c FROM sbtest5 WHERE k BETWEEN 5611848 AND 5611948
	Bitmap Heap Scan on sbtest5  (cost=5.51..421.24 rows=105 width=125)
	  Recheck Cond: ((k >= 5611848) AND (k <= 5611948))
	  ->  Bitmap Index Scan on k_5  (cost=0.00..5.48 rows=105 width=0)
	        Index Cond: ((k >= 5611848) AND (k <= 5611948))

table 6 : explain SELECT k, c FROM sbtest6 WHERE k BETWEEN 5611848 AND 5611948
	Bitmap Heap Scan on sbtest6  (cost=5.50..417.30 rows=104 width=125)
	  Recheck Cond: ((k >= 5611848) AND (k <= 5611948))
	  ->  Bitmap Index Scan on k_6  (cost=0.00..5.47 rows=104 width=0)
	        Index Cond: ((k >= 5611848) AND (k <= 5611948))

table 7 : explain SELECT k, c FROM sbtest7 WHERE k BETWEEN 5611848 AND 5611948
	Bitmap Heap Scan on sbtest7  (cost=5.50..417.33 rows=104 width=125)
	  Recheck Cond: ((k >= 5611848) AND (k <= 5611948))
	  ->  Bitmap Index Scan on k_7  (cost=0.00..5.47 rows=104 width=0)
	        Index Cond: ((k >= 5611848) AND (k <= 5611948))

table 8 : explain SELECT k, c FROM sbtest8 WHERE k BETWEEN 5611848 AND 5611948
	Bitmap Heap Scan on sbtest8  (cost=5.44..393.67 rows=98 width=125)
	  Recheck Cond: ((k >= 5611848) AND (k <= 5611948))
	  ->  Bitmap Index Scan on k_8  (cost=0.00..5.42 rows=98 width=0)
	        Index Cond: ((k >= 5611848) AND (k <= 5611948))

for range-notcovered
table 1 : explain SELECT k, c FROM sbtest1 WHERE k BETWEEN 5319933 AND 5320033
	Bitmap Heap Scan on sbtest1  (cost=5.40..377.79 rows=94 width=125)
	  Recheck Cond: ((k >= 5319933) AND (k <= 5320033))
	  ->  Bitmap Index Scan on k_1  (cost=0.00..5.38 rows=94 width=0)
	        Index Cond: ((k >= 5319933) AND (k <= 5320033))

table 2 : explain SELECT k, c FROM sbtest2 WHERE k BETWEEN 5319933 AND 5320033
	Bitmap Heap Scan on sbtest2  (cost=5.44..393.60 rows=98 width=125)
	  Recheck Cond: ((k >= 5319933) AND (k <= 5320033))
	  ->  Bitmap Index Scan on k_2  (cost=0.00..5.42 rows=98 width=0)
	        Index Cond: ((k >= 5319933) AND (k <= 5320033))

table 3 : explain SELECT k, c FROM sbtest3 WHERE k BETWEEN 5319933 AND 5320033
	Bitmap Heap Scan on sbtest3  (cost=5.52..425.14 rows=106 width=125)
	  Recheck Cond: ((k >= 5319933) AND (k <= 5320033))
	  ->  Bitmap Index Scan on k_3  (cost=0.00..5.50 rows=106 width=0)
	        Index Cond: ((k >= 5319933) AND (k <= 5320033))

table 4 : explain SELECT k, c FROM sbtest4 WHERE k BETWEEN 5319933 AND 5320033
	Bitmap Heap Scan on sbtest4  (cost=5.45..397.58 rows=99 width=125)
	  Recheck Cond: ((k >= 5319933) AND (k <= 5320033))
	  ->  Bitmap Index Scan on k_4  (cost=0.00..5.42 rows=99 width=0)
	        Index Cond: ((k >= 5319933) AND (k <= 5320033))

table 5 : explain SELECT k, c FROM sbtest5 WHERE k BETWEEN 5319933 AND 5320033
	Bitmap Heap Scan on sbtest5  (cost=5.55..437.00 rows=109 width=125)
	  Recheck Cond: ((k >= 5319933) AND (k <= 5320033))
	  ->  Bitmap Index Scan on k_5  (cost=0.00..5.52 rows=109 width=0)
	        Index Cond: ((k >= 5319933) AND (k <= 5320033))

table 6 : explain SELECT k, c FROM sbtest6 WHERE k BETWEEN 5319933 AND 5320033
	Bitmap Heap Scan on sbtest6  (cost=5.47..405.47 rows=101 width=125)
	  Recheck Cond: ((k >= 5319933) AND (k <= 5320033))
	  ->  Bitmap Index Scan on k_6  (cost=0.00..5.44 rows=101 width=0)
	        Index Cond: ((k >= 5319933) AND (k <= 5320033))

table 7 : explain SELECT k, c FROM sbtest7 WHERE k BETWEEN 5319933 AND 5320033
	Bitmap Heap Scan on sbtest7  (cost=5.44..393.67 rows=98 width=125)
	  Recheck Cond: ((k >= 5319933) AND (k <= 5320033))
	  ->  Bitmap Index Scan on k_7  (cost=0.00..5.42 rows=98 width=0)
	        Index Cond: ((k >= 5319933) AND (k <= 5320033))

table 8 : explain SELECT k, c FROM sbtest8 WHERE k BETWEEN 5319933 AND 5320033
	Bitmap Heap Scan on sbtest8  (cost=5.44..393.67 rows=98 width=125)
	  Recheck Cond: ((k >= 5319933) AND (k <= 5320033))
	  ->  Bitmap Index Scan on k_8  (cost=0.00..5.42 rows=98 width=0)
	        Index Cond: ((k >= 5319933) AND (k <= 5320033))

for range-notcovered
table 1 : explain SELECT k, c FROM sbtest1 WHERE k BETWEEN 4953054 AND 4953154
	Bitmap Heap Scan on sbtest1  (cost=5.45..397.51 rows=99 width=125)
	  Recheck Cond: ((k >= 4953054) AND (k <= 4953154))
	  ->  Bitmap Index Scan on k_1  (cost=0.00..5.42 rows=99 width=0)
	        Index Cond: ((k >= 4953054) AND (k <= 4953154))

table 2 : explain SELECT k, c FROM sbtest2 WHERE k BETWEEN 4953054 AND 4953154
	Bitmap Heap Scan on sbtest2  (cost=5.47..405.43 rows=101 width=125)
	  Recheck Cond: ((k >= 4953054) AND (k <= 4953154))
	  ->  Bitmap Index Scan on k_2  (cost=0.00..5.44 rows=101 width=0)
	        Index Cond: ((k >= 4953054) AND (k <= 4953154))

table 3 : explain SELECT k, c FROM sbtest3 WHERE k BETWEEN 4953054 AND 4953154
	Bitmap Heap Scan on sbtest3  (cost=5.54..433.02 rows=108 width=125)
	  Recheck Cond: ((k >= 4953054) AND (k <= 4953154))
	  ->  Bitmap Index Scan on k_3  (cost=0.00..5.51 rows=108 width=0)
	        Index Cond: ((k >= 4953054) AND (k <= 4953154))

table 4 : explain SELECT k, c FROM sbtest4 WHERE k BETWEEN 4953054 AND 4953154
	Bitmap Heap Scan on sbtest4  (cost=5.47..405.47 rows=101 width=125)
	  Recheck Cond: ((k >= 4953054) AND (k <= 4953154))
	  ->  Bitmap Index Scan on k_4  (cost=0.00..5.44 rows=101 width=0)
	        Index Cond: ((k >= 4953054) AND (k <= 4953154))

table 5 : explain SELECT k, c FROM sbtest5 WHERE k BETWEEN 4953054 AND 4953154
	Bitmap Heap Scan on sbtest5  (cost=5.39..373.91 rows=93 width=125)
	  Recheck Cond: ((k >= 4953054) AND (k <= 4953154))
	  ->  Bitmap Index Scan on k_5  (cost=0.00..5.36 rows=93 width=0)
	        Index Cond: ((k >= 4953054) AND (k <= 4953154))

table 6 : explain SELECT k, c FROM sbtest6 WHERE k BETWEEN 4953054 AND 4953154
	Bitmap Heap Scan on sbtest6  (cost=5.49..413.36 rows=103 width=125)
	  Recheck Cond: ((k >= 4953054) AND (k <= 4953154))
	  ->  Bitmap Index Scan on k_6  (cost=0.00..5.46 rows=103 width=0)
	        Index Cond: ((k >= 4953054) AND (k <= 4953154))

table 7 : explain SELECT k, c FROM sbtest7 WHERE k BETWEEN 4953054 AND 4953154
	Bitmap Heap Scan on sbtest7  (cost=5.41..381.83 rows=95 width=125)
	  Recheck Cond: ((k >= 4953054) AND (k <= 4953154))
	  ->  Bitmap Index Scan on k_7  (cost=0.00..5.38 rows=95 width=0)
	        Index Cond: ((k >= 4953054) AND (k <= 4953154))

table 8 : explain SELECT k, c FROM sbtest8 WHERE k BETWEEN 4953054 AND 4953154
	Bitmap Heap Scan on sbtest8  (cost=5.42..385.78 rows=96 width=125)
	  Recheck Cond: ((k >= 4953054) AND (k <= 4953154))
	  ->  Bitmap Index Scan on k_8  (cost=0.00..5.39 rows=96 width=0)
	        Index Cond: ((k >= 4953054) AND (k <= 4953154))

explain: for range-notcovered :: explain SELECT k, c FROM sbtest%d WHERE k BETWEEN 5611848 AND 5611948
explain: for range-notcovered :: explain SELECT k, c FROM sbtest%d WHERE k BETWEEN 5319933 AND 5320033
explain: for range-notcovered :: explain SELECT k, c FROM sbtest%d WHERE k BETWEEN 4953054 AND 4953154
explain: for range-notcovered :: explain SELECT k, c FROM sbtest%d WHERE k BETWEEN 2738971 AND 2739071
for range-notcovered
table 1 : explain SELECT k, c FROM sbtest1 WHERE k BETWEEN 3096934 AND 3097034
	Bitmap Heap Scan on sbtest1  (cost=5.59..452.67 rows=113 width=125)
	  Recheck Cond: ((k >= 3096934) AND (k <= 3097034))
	  ->  Bitmap Index Scan on k_1  (cost=0.00..5.56 rows=113 width=0)
	        Index Cond: ((k >= 3096934) AND (k <= 3097034))

table 2 : explain SELECT k, c FROM sbtest2 WHERE k BETWEEN 3096934 AND 3097034
	Bitmap Heap Scan on sbtest2  (cost=5.49..413.31 rows=103 width=125)
	  Recheck Cond: ((k >= 3096934) AND (k <= 3097034))
	  ->  Bitmap Index Scan on k_2  (cost=0.00..5.46 rows=103 width=0)
	        Index Cond: ((k >= 3096934) AND (k <= 3097034))

table 3 : explain SELECT k, c FROM sbtest3 WHERE k BETWEEN 3096934 AND 3097034
	Bitmap Heap Scan on sbtest3  (cost=5.40..377.82 rows=94 width=125)
	  Recheck Cond: ((k >= 3096934) AND (k <= 3097034))
	  ->  Bitmap Index Scan on k_3  (cost=0.00..5.38 rows=94 width=0)
	        Index Cond: ((k >= 3096934) AND (k <= 3097034))

table 4 : explain SELECT k, c FROM sbtest4 WHERE k BETWEEN 3096934 AND 3097034
	Bitmap Heap Scan on sbtest4  (cost=5.54..433.06 rows=108 width=125)
	  Recheck Cond: ((k >= 3096934) AND (k <= 3097034))
	  ->  Bitmap Index Scan on k_4  (cost=0.00..5.51 rows=108 width=0)
	        Index Cond: ((k >= 3096934) AND (k <= 3097034))

table 5 : explain SELECT k, c FROM sbtest5 WHERE k BETWEEN 3096934 AND 3097034
	Bitmap Heap Scan on sbtest5  (cost=5.48..409.41 rows=102 width=125)
	  Recheck Cond: ((k >= 3096934) AND (k <= 3097034))
	  ->  Bitmap Index Scan on k_5  (cost=0.00..5.45 rows=102 width=0)
	        Index Cond: ((k >= 3096934) AND (k <= 3097034))

table 6 : explain SELECT k, c FROM sbtest6 WHERE k BETWEEN 3096934 AND 3097034
	Bitmap Heap Scan on sbtest6  (cost=5.50..417.30 rows=104 width=125)
	  Recheck Cond: ((k >= 3096934) AND (k <= 3097034))
	  ->  Bitmap Index Scan on k_6  (cost=0.00..5.47 rows=104 width=0)
	        Index Cond: ((k >= 3096934) AND (k <= 3097034))

table 7 : explain SELECT k, c FROM sbtest7 WHERE k BETWEEN 3096934 AND 3097034
	Bitmap Heap Scan on sbtest7  (cost=5.42..385.78 rows=96 width=125)
	  Recheck Cond: ((k >= 3096934) AND (k <= 3097034))
	  ->  Bitmap Index Scan on k_7  (cost=0.00..5.39 rows=96 width=0)
	        Index Cond: ((k >= 3096934) AND (k <= 3097034))

table 8 : explain SELECT k, c FROM sbtest8 WHERE k BETWEEN 3096934 AND 3097034
	Bitmap Heap Scan on sbtest8  (cost=5.41..381.83 rows=95 width=125)
	  Recheck Cond: ((k >= 3096934) AND (k <= 3097034))
	  ->  Bitmap Index Scan on k_8  (cost=0.00..5.38 rows=95 width=0)
	        Index Cond: ((k >= 3096934) AND (k <= 3097034))

for range-notcovered
table 1 : explain SELECT k, c FROM sbtest1 WHERE k BETWEEN 4942369 AND 4942469
	Bitmap Heap Scan on sbtest1  (cost=5.45..397.51 rows=99 width=125)
	  Recheck Cond: ((k >= 4942369) AND (k <= 4942469))
	  ->  Bitmap Index Scan on k_1  (cost=0.00..5.42 rows=99 width=0)
	        Index Cond: ((k >= 4942369) AND (k <= 4942469))

table 2 : explain SELECT k, c FROM sbtest2 WHERE k BETWEEN 4942369 AND 4942469
	Bitmap Heap Scan on sbtest2  (cost=5.47..405.43 rows=101 width=125)
	  Recheck Cond: ((k >= 4942369) AND (k <= 4942469))
	  ->  Bitmap Index Scan on k_2  (cost=0.00..5.44 rows=101 width=0)
	        Index Cond: ((k >= 4942369) AND (k <= 4942469))

table 3 : explain SELECT k, c FROM sbtest3 WHERE k BETWEEN 4942369 AND 4942469
	Bitmap Heap Scan on sbtest3  (cost=5.54..433.02 rows=108 width=125)
	  Recheck Cond: ((k >= 4942369) AND (k <= 4942469))
	  ->  Bitmap Index Scan on k_3  (cost=0.00..5.51 rows=108 width=0)
	        Index Cond: ((k >= 4942369) AND (k <= 4942469))

table 4 : explain SELECT k, c FROM sbtest4 WHERE k BETWEEN 4942369 AND 4942469
	Bitmap Heap Scan on sbtest4  (cost=5.47..405.47 rows=101 width=125)
	  Recheck Cond: ((k >= 4942369) AND (k <= 4942469))
	  ->  Bitmap Index Scan on k_4  (cost=0.00..5.44 rows=101 width=0)
	        Index Cond: ((k >= 4942369) AND (k <= 4942469))

table 5 : explain SELECT k, c FROM sbtest5 WHERE k BETWEEN 4942369 AND 4942469
	Bitmap Heap Scan on sbtest5  (cost=5.39..373.91 rows=93 width=125)
	  Recheck Cond: ((k >= 4942369) AND (k <= 4942469))
	  ->  Bitmap Index Scan on k_5  (cost=0.00..5.36 rows=93 width=0)
	        Index Cond: ((k >= 4942369) AND (k <= 4942469))

table 6 : explain SELECT k, c FROM sbtest6 WHERE k BETWEEN 4942369 AND 4942469
	Bitmap Heap Scan on sbtest6  (cost=5.51..421.24 rows=105 width=125)
	  Recheck Cond: ((k >= 4942369) AND (k <= 4942469))
	  ->  Bitmap Index Scan on k_6  (cost=0.00..5.48 rows=105 width=0)
	        Index Cond: ((k >= 4942369) AND (k <= 4942469))

table 7 : explain SELECT k, c FROM sbtest7 WHERE k BETWEEN 4942369 AND 4942469
	Bitmap Heap Scan on sbtest7  (cost=5.41..381.83 rows=95 width=125)
	  Recheck Cond: ((k >= 4942369) AND (k <= 4942469))
	  ->  Bitmap Index Scan on k_7  (cost=0.00..5.38 rows=95 width=0)
	        Index Cond: ((k >= 4942369) AND (k <= 4942469))

table 8 : explain SELECT k, c FROM sbtest8 WHERE k BETWEEN 4942369 AND 4942469
	Bitmap Heap Scan on sbtest8  (cost=5.53..429.16 rows=107 width=125)
	  Recheck Cond: ((k >= 4942369) AND (k <= 4942469))
	  ->  Bitmap Index Scan on k_8  (cost=0.00..5.50 rows=107 width=0)
	        Index Cond: ((k >= 4942369) AND (k <= 4942469))

for range-notcovered
table 1 : explain SELECT k, c FROM sbtest1 WHERE k BETWEEN 1748124 AND 1748224
	Bitmap Heap Scan on sbtest1  (cost=5.43..389.62 rows=97 width=125)
	  Recheck Cond: ((k >= 1748124) AND (k <= 1748224))
	  ->  Bitmap Index Scan on k_1  (cost=0.00..5.40 rows=97 width=0)
	        Index Cond: ((k >= 1748124) AND (k <= 1748224))

table 2 : explain SELECT k, c FROM sbtest2 WHERE k BETWEEN 1748124 AND 1748224
	Bitmap Heap Scan on sbtest2  (cost=5.48..409.37 rows=102 width=125)
	  Recheck Cond: ((k >= 1748124) AND (k <= 1748224))
	  ->  Bitmap Index Scan on k_2  (cost=0.00..5.45 rows=102 width=0)
	        Index Cond: ((k >= 1748124) AND (k <= 1748224))

table 3 : explain SELECT k, c FROM sbtest3 WHERE k BETWEEN 1748124 AND 1748224
	Bitmap Heap Scan on sbtest3  (cost=5.52..425.14 rows=106 width=125)
	  Recheck Cond: ((k >= 1748124) AND (k <= 1748224))
	  ->  Bitmap Index Scan on k_3  (cost=0.00..5.50 rows=106 width=0)
	        Index Cond: ((k >= 1748124) AND (k <= 1748224))

table 4 : explain SELECT k, c FROM sbtest4 WHERE k BETWEEN 1748124 AND 1748224
	Bitmap Heap Scan on sbtest4  (cost=5.49..413.35 rows=103 width=125)
	  Recheck Cond: ((k >= 1748124) AND (k <= 1748224))
	  ->  Bitmap Index Scan on k_4  (cost=0.00..5.46 rows=103 width=0)
	        Index Cond: ((k >= 1748124) AND (k <= 1748224))

table 5 : explain SELECT k, c FROM sbtest5 WHERE k BETWEEN 1748124 AND 1748224
	Bitmap Heap Scan on sbtest5  (cost=5.47..405.47 rows=101 width=125)
	  Recheck Cond: ((k >= 1748124) AND (k <= 1748224))
	  ->  Bitmap Index Scan on k_5  (cost=0.00..5.44 rows=101 width=0)
	        Index Cond: ((k >= 1748124) AND (k <= 1748224))

table 6 : explain SELECT k, c FROM sbtest6 WHERE k BETWEEN 1748124 AND 1748224
	Bitmap Heap Scan on sbtest6  (cost=5.46..401.53 rows=100 width=125)
	  Recheck Cond: ((k >= 1748124) AND (k <= 1748224))
	  ->  Bitmap Index Scan on k_6  (cost=0.00..5.43 rows=100 width=0)
	        Index Cond: ((k >= 1748124) AND (k <= 1748224))

table 7 : explain SELECT k, c FROM sbtest7 WHERE k BETWEEN 1748124 AND 1748224
	Bitmap Heap Scan on sbtest7  (cost=5.45..397.62 rows=99 width=125)
	  Recheck Cond: ((k >= 1748124) AND (k <= 1748224))
	  ->  Bitmap Index Scan on k_7  (cost=0.00..5.42 rows=99 width=0)
	        Index Cond: ((k >= 1748124) AND (k <= 1748224))

table 8 : explain SELECT k, c FROM sbtest8 WHERE k BETWEEN 1748124 AND 1748224
	Bitmap Heap Scan on sbtest8  (cost=5.53..429.16 rows=107 width=125)
	  Recheck Cond: ((k >= 1748124) AND (k <= 1748224))
	  ->  Bitmap Index Scan on k_8  (cost=0.00..5.50 rows=107 width=0)
	        Index Cond: ((k >= 1748124) AND (k <= 1748224))

explain: for range-notcovered :: explain SELECT k, c FROM sbtest%d WHERE k BETWEEN 4942369 AND 4942469
for range-notcovered
table 1 : explain SELECT k, c FROM sbtest1 WHERE k BETWEEN 5452353 AND 5452453
	Bitmap Heap Scan on sbtest1  (cost=5.39..373.84 rows=93 width=125)
	  Recheck Cond: ((k >= 5452353) AND (k <= 5452453))
	  ->  Bitmap Index Scan on k_1  (cost=0.00..5.36 rows=93 width=0)
	        Index Cond: ((k >= 5452353) AND (k <= 5452453))

table 2 : explain SELECT k, c FROM sbtest2 WHERE k BETWEEN 5452353 AND 5452453
	Bitmap Heap Scan on sbtest2  (cost=5.58..448.78 rows=112 width=125)
	  Recheck Cond: ((k >= 5452353) AND (k <= 5452453))
	  ->  Bitmap Index Scan on k_2  (cost=0.00..5.55 rows=112 width=0)
	        Index Cond: ((k >= 5452353) AND (k <= 5452453))

table 3 : explain SELECT k, c FROM sbtest3 WHERE k BETWEEN 5452353 AND 5452453
	Bitmap Heap Scan on sbtest3  (cost=5.52..425.14 rows=106 width=125)
	  Recheck Cond: ((k >= 5452353) AND (k <= 5452453))
	  ->  Bitmap Index Scan on k_3  (cost=0.00..5.50 rows=106 width=0)
	        Index Cond: ((k >= 5452353) AND (k <= 5452453))

table 4 : explain SELECT k, c FROM sbtest4 WHERE k BETWEEN 5452353 AND 5452453
	Bitmap Heap Scan on sbtest4  (cost=5.46..401.52 rows=100 width=125)
	  Recheck Cond: ((k >= 5452353) AND (k <= 5452453))
	  ->  Bitmap Index Scan on k_4  (cost=0.00..5.43 rows=100 width=0)
	        Index Cond: ((k >= 5452353) AND (k <= 5452453))

table 5 : explain SELECT k, c FROM sbtest5 WHERE k BETWEEN 5452353 AND 5452453
	Bitmap Heap Scan on sbtest5  (cost=5.46..401.53 rows=100 width=125)
	  Recheck Cond: ((k >= 5452353) AND (k <= 5452453))
	  ->  Bitmap Index Scan on k_5  (cost=0.00..5.43 rows=100 width=0)
	        Index Cond: ((k >= 5452353) AND (k <= 5452453))

table 6 : explain SELECT k, c FROM sbtest6 WHERE k BETWEEN 5452353 AND 5452453
	Bitmap Heap Scan on sbtest6  (cost=5.56..440.95 rows=110 width=125)
	  Recheck Cond: ((k >= 5452353) AND (k <= 5452453))
	  ->  Bitmap Index Scan on k_6  (cost=0.00..5.53 rows=110 width=0)
	        Index Cond: ((k >= 5452353) AND (k <= 5452453))

table 7 : explain SELECT k, c FROM sbtest7 WHERE k BETWEEN 5452353 AND 5452453
	Bitmap Heap Scan on sbtest7  (cost=5.41..381.83 rows=95 width=125)
	  Recheck Cond: ((k >= 5452353) AND (k <= 5452453))
	  ->  Bitmap Index Scan on k_7  (cost=0.00..5.38 rows=95 width=0)
	        Index Cond: ((k >= 5452353) AND (k <= 5452453))

table 8 : explain SELECT k, c FROM sbtest8 WHERE k BETWEEN 5452353 AND 5452453
	Bitmap Heap Scan on sbtest8  (cost=5.64..472.49 rows=118 width=125)
	  Recheck Cond: ((k >= 5452353) AND (k <= 5452453))
	  ->  Bitmap Index Scan on k_8  (cost=0.00..5.61 rows=118 width=0)
	        Index Cond: ((k >= 5452353) AND (k <= 5452453))

for range-notcovered
table 1 : explain SELECT k, c FROM sbtest1 WHERE k BETWEEN 1479177 AND 1479277
	Bitmap Heap Scan on sbtest1  (cost=5.43..389.62 rows=97 width=125)
	  Recheck Cond: ((k >= 1479177) AND (k <= 1479277))
	  ->  Bitmap Index Scan on k_1  (cost=0.00..5.40 rows=97 width=0)
	        Index Cond: ((k >= 1479177) AND (k <= 1479277))

table 2 : explain SELECT k, c FROM sbtest2 WHERE k BETWEEN 1479177 AND 1479277
	Bitmap Heap Scan on sbtest2  (cost=5.46..401.49 rows=100 width=125)
	  Recheck Cond: ((k >= 1479177) AND (k <= 1479277))
	  ->  Bitmap Index Scan on k_2  (cost=0.00..5.43 rows=100 width=0)
	        Index Cond: ((k >= 1479177) AND (k <= 1479277))

table 3 : explain SELECT k, c FROM sbtest3 WHERE k BETWEEN 1479177 AND 1479277
	Bitmap Heap Scan on sbtest3  (cost=5.60..456.65 rows=114 width=125)
	  Recheck Cond: ((k >= 1479177) AND (k <= 1479277))
	  ->  Bitmap Index Scan on k_3  (cost=0.00..5.58 rows=114 width=0)
	        Index Cond: ((k >= 1479177) AND (k <= 1479277))

table 4 : explain SELECT k, c FROM sbtest4 WHERE k BETWEEN 1479177 AND 1479277
	Bitmap Heap Scan on sbtest4  (cost=5.47..405.47 rows=101 width=125)
	  Recheck Cond: ((k >= 1479177) AND (k <= 1479277))
	  ->  Bitmap Index Scan on k_4  (cost=0.00..5.44 rows=101 width=0)
	        Index Cond: ((k >= 1479177) AND (k <= 1479277))

table 5 : explain SELECT k, c FROM sbtest5 WHERE k BETWEEN 1479177 AND 1479277
	Bitmap Heap Scan on sbtest5  (cost=5.47..405.47 rows=101 width=125)
	  Recheck Cond: ((k >= 1479177) AND (k <= 1479277))
	  ->  Bitmap Index Scan on k_5  (cost=0.00..5.44 rows=101 width=0)
	        Index Cond: ((k >= 1479177) AND (k <= 1479277))

table 6 : explain SELECT k, c FROM sbtest6 WHERE k BETWEEN 1479177 AND 1479277
	Bitmap Heap Scan on sbtest6  (cost=5.39..373.91 rows=93 width=125)
	  Recheck Cond: ((k >= 1479177) AND (k <= 1479277))
	  ->  Bitmap Index Scan on k_6  (cost=0.00..5.36 rows=93 width=0)
	        Index Cond: ((k >= 1479177) AND (k <= 1479277))

table 7 : explain SELECT k, c FROM sbtest7 WHERE k BETWEEN 1479177 AND 1479277
	Bitmap Heap Scan on sbtest7  (cost=5.43..389.72 rows=97 width=125)
	  Recheck Cond: ((k >= 1479177) AND (k <= 1479277))
	  ->  Bitmap Index Scan on k_7  (cost=0.00..5.40 rows=97 width=0)
	        Index Cond: ((k >= 1479177) AND (k <= 1479277))

table 8 : explain SELECT k, c FROM sbtest8 WHERE k BETWEEN 1479177 AND 1479277
	Bitmap Heap Scan on sbtest8  (cost=5.55..437.04 rows=109 width=125)
	  Recheck Cond: ((k >= 1479177) AND (k <= 1479277))
	  ->  Bitmap Index Scan on k_8  (cost=0.00..5.52 rows=109 width=0)
	        Index Cond: ((k >= 1479177) AND (k <= 1479277))

explain: for range-notcovered :: explain SELECT k, c FROM sbtest%d WHERE k BETWEEN 1748124 AND 1748224
for range-notcovered
table 1 : explain SELECT k, c FROM sbtest1 WHERE k BETWEEN 5807253 AND 5807353
	Bitmap Heap Scan on sbtest1  (cost=5.49..413.27 rows=103 width=125)
	  Recheck Cond: ((k >= 5807253) AND (k <= 5807353))
	  ->  Bitmap Index Scan on k_1  (cost=0.00..5.46 rows=103 width=0)
	        Index Cond: ((k >= 5807253) AND (k <= 5807353))

table 2 : explain SELECT k, c FROM sbtest2 WHERE k BETWEEN 5807253 AND 5807353
	Bitmap Heap Scan on sbtest2  (cost=5.50..417.26 rows=104 width=125)
	  Recheck Cond: ((k >= 5807253) AND (k <= 5807353))
	  ->  Bitmap Index Scan on k_2  (cost=0.00..5.47 rows=104 width=0)
	        Index Cond: ((k >= 5807253) AND (k <= 5807353))

table 3 : explain SELECT k, c FROM sbtest3 WHERE k BETWEEN 5807253 AND 5807353
	Bitmap Heap Scan on sbtest3  (cost=5.40..377.82 rows=94 width=125)
	  Recheck Cond: ((k >= 5807253) AND (k <= 5807353))
	  ->  Bitmap Index Scan on k_3  (cost=0.00..5.38 rows=94 width=0)
	        Index Cond: ((k >= 5807253) AND (k <= 5807353))

table 4 : explain SELECT k, c FROM sbtest4 WHERE k BETWEEN 5807253 AND 5807353
	Bitmap Heap Scan on sbtest4  (cost=5.49..413.35 rows=103 width=125)
	  Recheck Cond: ((k >= 5807253) AND (k <= 5807353))
	  ->  Bitmap Index Scan on k_4  (cost=0.00..5.46 rows=103 width=0)
	        Index Cond: ((k >= 5807253) AND (k <= 5807353))

table 5 : explain SELECT k, c FROM sbtest5 WHERE k BETWEEN 5807253 AND 5807353
	Bitmap Heap Scan on sbtest5  (cost=5.51..421.24 rows=105 width=125)
	  Recheck Cond: ((k >= 5807253) AND (k <= 5807353))
	  ->  Bitmap Index Scan on k_5  (cost=0.00..5.48 rows=105 width=0)
	        Index Cond: ((k >= 5807253) AND (k <= 5807353))

table 6 : explain SELECT k, c FROM sbtest6 WHERE k BETWEEN 5807253 AND 5807353
	Bitmap Heap Scan on sbtest6  (cost=5.65..476.39 rows=119 width=125)
	  Recheck Cond: ((k >= 5807253) AND (k <= 5807353))
	  ->  Bitmap Index Scan on k_6  (cost=0.00..5.62 rows=119 width=0)
	        Index Cond: ((k >= 5807253) AND (k <= 5807353))

table 7 : explain SELECT k, c FROM sbtest7 WHERE k BETWEEN 5807253 AND 5807353
	Bitmap Heap Scan on sbtest7  (cost=5.46..401.56 rows=100 width=125)
	  Recheck Cond: ((k >= 5807253) AND (k <= 5807353))
	  ->  Bitmap Index Scan on k_7  (cost=0.00..5.43 rows=100 width=0)
	        Index Cond: ((k >= 5807253) AND (k <= 5807353))

table 8 : explain SELECT k, c FROM sbtest8 WHERE k BETWEEN 5807253 AND 5807353
	Bitmap Heap Scan on sbtest8  (cost=5.43..389.72 rows=97 width=125)
	  Recheck Cond: ((k >= 5807253) AND (k <= 5807353))
	  ->  Bitmap Index Scan on k_8  (cost=0.00..5.40 rows=97 width=0)
	        Index Cond: ((k >= 5807253) AND (k <= 5807353))

explain: for range-notcovered :: explain SELECT k, c FROM sbtest%d WHERE k BETWEEN 5452353 AND 5452453
explain: for range-notcovered :: explain SELECT k, c FROM sbtest%d WHERE k BETWEEN 5807253 AND 5807353
explain: for range-notcovered :: explain SELECT k, c FROM sbtest%d WHERE k BETWEEN 1479177 AND 1479277
for range-notcovered
table 1 : explain SELECT k, c FROM sbtest1 WHERE k BETWEEN 5611848 AND 5611948
	Bitmap Heap Scan on sbtest1  (cost=5.50..417.22 rows=104 width=125)
	  Recheck Cond: ((k >= 5611848) AND (k <= 5611948))
	  ->  Bitmap Index Scan on k_1  (cost=0.00..5.47 rows=104 width=0)
	        Index Cond: ((k >= 5611848) AND (k <= 5611948))

table 2 : explain SELECT k, c FROM sbtest2 WHERE k BETWEEN 5611848 AND 5611948
	Bitmap Heap Scan on sbtest2  (cost=5.46..401.49 rows=100 width=125)
	  Recheck Cond: ((k >= 5611848) AND (k <= 5611948))
	  ->  Bitmap Index Scan on k_2  (cost=0.00..5.43 rows=100 width=0)
	        Index Cond: ((k >= 5611848) AND (k <= 5611948))

table 3 : explain SELECT k, c FROM sbtest3 WHERE k BETWEEN 5611848 AND 5611948
	Bitmap Heap Scan on sbtest3  (cost=5.43..389.66 rows=97 width=125)
	  Recheck Cond: ((k >= 5611848) AND (k <= 5611948))
	  ->  Bitmap Index Scan on k_3  (cost=0.00..5.40 rows=97 width=0)
	        Index Cond: ((k >= 5611848) AND (k <= 5611948))

table 4 : explain SELECT k, c FROM sbtest4 WHERE k BETWEEN 5611848 AND 5611948
	Bitmap Heap Scan on sbtest4  (cost=5.48..409.41 rows=102 width=125)
	  Recheck Cond: ((k >= 5611848) AND (k <= 5611948))
	  ->  Bitmap Index Scan on k_4  (cost=0.00..5.45 rows=102 width=0)
	        Index Cond: ((k >= 5611848) AND (k <= 5611948))

table 5 : explain SELECT k, c FROM sbtest5 WHERE k BETWEEN 5611848 AND 5611948
	Bitmap Heap Scan on sbtest5  (cost=5.51..421.24 rows=105 width=125)
	  Recheck Cond: ((k >= 5611848) AND (k <= 5611948))
	  ->  Bitmap Index Scan on k_5  (cost=0.00..5.48 rows=105 width=0)
	        Index Cond: ((k >= 5611848) AND (k <= 5611948))

table 6 : explain SELECT k, c FROM sbtest6 WHERE k BETWEEN 5611848 AND 5611948
	Bitmap Heap Scan on sbtest6  (cost=5.50..417.30 rows=104 width=125)
	  Recheck Cond: ((k >= 5611848) AND (k <= 5611948))
	  ->  Bitmap Index Scan on k_6  (cost=0.00..5.47 rows=104 width=0)
	        Index Cond: ((k >= 5611848) AND (k <= 5611948))

table 7 : explain SELECT k, c FROM sbtest7 WHERE k BETWEEN 5611848 AND 5611948
	Bitmap Heap Scan on sbtest7  (cost=5.50..417.33 rows=104 width=125)
	  Recheck Cond: ((k >= 5611848) AND (k <= 5611948))
	  ->  Bitmap Index Scan on k_7  (cost=0.00..5.47 rows=104 width=0)
	        Index Cond: ((k >= 5611848) AND (k <= 5611948))

table 8 : explain SELECT k, c FROM sbtest8 WHERE k BETWEEN 5611848 AND 5611948
	Bitmap Heap Scan on sbtest8  (cost=5.44..393.67 rows=98 width=125)
	  Recheck Cond: ((k >= 5611848) AND (k <= 5611948))
	  ->  Bitmap Index Scan on k_8  (cost=0.00..5.42 rows=98 width=0)
	        Index Cond: ((k >= 5611848) AND (k <= 5611948))

for range-notcovered
table 1 : explain SELECT k, c FROM sbtest1 WHERE k BETWEEN 5319933 AND 5320033
	Bitmap Heap Scan on sbtest1  (cost=5.40..377.79 rows=94 width=125)
	  Recheck Cond: ((k >= 5319933) AND (k <= 5320033))
	  ->  Bitmap Index Scan on k_1  (cost=0.00..5.38 rows=94 width=0)
	        Index Cond: ((k >= 5319933) AND (k <= 5320033))

table 2 : explain SELECT k, c FROM sbtest2 WHERE k BETWEEN 5319933 AND 5320033
	Bitmap Heap Scan on sbtest2  (cost=5.44..393.60 rows=98 width=125)
	  Recheck Cond: ((k >= 5319933) AND (k <= 5320033))
	  ->  Bitmap Index Scan on k_2  (cost=0.00..5.42 rows=98 width=0)
	        Index Cond: ((k >= 5319933) AND (k <= 5320033))

table 3 : explain SELECT k, c FROM sbtest3 WHERE k BETWEEN 5319933 AND 5320033
	Bitmap Heap Scan on sbtest3  (cost=5.52..425.14 rows=106 width=125)
	  Recheck Cond: ((k >= 5319933) AND (k <= 5320033))
	  ->  Bitmap Index Scan on k_3  (cost=0.00..5.50 rows=106 width=0)
	        Index Cond: ((k >= 5319933) AND (k <= 5320033))

table 4 : explain SELECT k, c FROM sbtest4 WHERE k BETWEEN 5319933 AND 5320033
	Bitmap Heap Scan on sbtest4  (cost=5.45..397.58 rows=99 width=125)
	  Recheck Cond: ((k >= 5319933) AND (k <= 5320033))
	  ->  Bitmap Index Scan on k_4  (cost=0.00..5.42 rows=99 width=0)
	        Index Cond: ((k >= 5319933) AND (k <= 5320033))

table 5 : explain SELECT k, c FROM sbtest5 WHERE k BETWEEN 5319933 AND 5320033
	Bitmap Heap Scan on sbtest5  (cost=5.55..437.00 rows=109 width=125)
	  Recheck Cond: ((k >= 5319933) AND (k <= 5320033))
	  ->  Bitmap Index Scan on k_5  (cost=0.00..5.52 rows=109 width=0)
	        Index Cond: ((k >= 5319933) AND (k <= 5320033))

table 6 : explain SELECT k, c FROM sbtest6 WHERE k BETWEEN 5319933 AND 5320033
	Bitmap Heap Scan on sbtest6  (cost=5.47..405.47 rows=101 width=125)
	  Recheck Cond: ((k >= 5319933) AND (k <= 5320033))
	  ->  Bitmap Index Scan on k_6  (cost=0.00..5.44 rows=101 width=0)
	        Index Cond: ((k >= 5319933) AND (k <= 5320033))

table 7 : explain SELECT k, c FROM sbtest7 WHERE k BETWEEN 5319933 AND 5320033
	Bitmap Heap Scan on sbtest7  (cost=5.44..393.67 rows=98 width=125)
	  Recheck Cond: ((k >= 5319933) AND (k <= 5320033))
	  ->  Bitmap Index Scan on k_7  (cost=0.00..5.42 rows=98 width=0)
	        Index Cond: ((k >= 5319933) AND (k <= 5320033))

table 8 : explain SELECT k, c FROM sbtest8 WHERE k BETWEEN 5319933 AND 5320033
	Bitmap Heap Scan on sbtest8  (cost=5.44..393.67 rows=98 width=125)
	  Recheck Cond: ((k >= 5319933) AND (k <= 5320033))
	  ->  Bitmap Index Scan on k_8  (cost=0.00..5.42 rows=98 width=0)
	        Index Cond: ((k >= 5319933) AND (k <= 5320033))

explain: for range-notcovered :: explain SELECT k, c FROM sbtest%d WHERE k BETWEEN 5611848 AND 5611948
for range-notcovered
table 1 : explain SELECT k, c FROM sbtest1 WHERE k BETWEEN 4953054 AND 4953154
	Bitmap Heap Scan on sbtest1  (cost=5.45..397.51 rows=99 width=125)
	  Recheck Cond: ((k >= 4953054) AND (k <= 4953154))
	  ->  Bitmap Index Scan on k_1  (cost=0.00..5.42 rows=99 width=0)
	        Index Cond: ((k >= 4953054) AND (k <= 4953154))

table 2 : explain SELECT k, c FROM sbtest2 WHERE k BETWEEN 4953054 AND 4953154
	Bitmap Heap Scan on sbtest2  (cost=5.47..405.43 rows=101 width=125)
	  Recheck Cond: ((k >= 4953054) AND (k <= 4953154))
	  ->  Bitmap Index Scan on k_2  (cost=0.00..5.44 rows=101 width=0)
	        Index Cond: ((k >= 4953054) AND (k <= 4953154))

table 3 : explain SELECT k, c FROM sbtest3 WHERE k BETWEEN 4953054 AND 4953154
	Bitmap Heap Scan on sbtest3  (cost=5.54..433.02 rows=108 width=125)
	  Recheck Cond: ((k >= 4953054) AND (k <= 4953154))
	  ->  Bitmap Index Scan on k_3  (cost=0.00..5.51 rows=108 width=0)
	        Index Cond: ((k >= 4953054) AND (k <= 4953154))

table 4 : explain SELECT k, c FROM sbtest4 WHERE k BETWEEN 4953054 AND 4953154
	Bitmap Heap Scan on sbtest4  (cost=5.47..405.47 rows=101 width=125)
	  Recheck Cond: ((k >= 4953054) AND (k <= 4953154))
	  ->  Bitmap Index Scan on k_4  (cost=0.00..5.44 rows=101 width=0)
	        Index Cond: ((k >= 4953054) AND (k <= 4953154))

table 5 : explain SELECT k, c FROM sbtest5 WHERE k BETWEEN 4953054 AND 4953154
	Bitmap Heap Scan on sbtest5  (cost=5.39..373.91 rows=93 width=125)
	  Recheck Cond: ((k >= 4953054) AND (k <= 4953154))
	  ->  Bitmap Index Scan on k_5  (cost=0.00..5.36 rows=93 width=0)
	        Index Cond: ((k >= 4953054) AND (k <= 4953154))

table 6 : explain SELECT k, c FROM sbtest6 WHERE k BETWEEN 4953054 AND 4953154
	Bitmap Heap Scan on sbtest6  (cost=5.49..413.36 rows=103 width=125)
	  Recheck Cond: ((k >= 4953054) AND (k <= 4953154))
	  ->  Bitmap Index Scan on k_6  (cost=0.00..5.46 rows=103 width=0)
	        Index Cond: ((k >= 4953054) AND (k <= 4953154))

table 7 : explain SELECT k, c FROM sbtest7 WHERE k BETWEEN 4953054 AND 4953154
	Bitmap Heap Scan on sbtest7  (cost=5.41..381.83 rows=95 width=125)
	  Recheck Cond: ((k >= 4953054) AND (k <= 4953154))
	  ->  Bitmap Index Scan on k_7  (cost=0.00..5.38 rows=95 width=0)
	        Index Cond: ((k >= 4953054) AND (k <= 4953154))

table 8 : explain SELECT k, c FROM sbtest8 WHERE k BETWEEN 4953054 AND 4953154
	Bitmap Heap Scan on sbtest8  (cost=5.42..385.78 rows=96 width=125)
	  Recheck Cond: ((k >= 4953054) AND (k <= 4953154))
	  ->  Bitmap Index Scan on k_8  (cost=0.00..5.39 rows=96 width=0)
	        Index Cond: ((k >= 4953054) AND (k <= 4953154))

explain: for range-notcovered :: explain SELECT k, c FROM sbtest%d WHERE k BETWEEN 4953054 AND 4953154
explain: for range-notcovered :: explain SELECT k, c FROM sbtest%d WHERE k BETWEEN 3479393 AND 3479493
for range-notcovered
table 1 : explain SELECT k, c FROM sbtest1 WHERE k BETWEEN 5253482 AND 5253582
	Bitmap Heap Scan on sbtest1  (cost=5.56..440.85 rows=110 width=125)
	  Recheck Cond: ((k >= 5253482) AND (k <= 5253582))
	  ->  Bitmap Index Scan on k_1  (cost=0.00..5.53 rows=110 width=0)
	        Index Cond: ((k >= 5253482) AND (k <= 5253582))

table 2 : explain SELECT k, c FROM sbtest2 WHERE k BETWEEN 5253482 AND 5253582
	Bitmap Heap Scan on sbtest2  (cost=5.44..393.60 rows=98 width=125)
	  Recheck Cond: ((k >= 5253482) AND (k <= 5253582))
	  ->  Bitmap Index Scan on k_2  (cost=0.00..5.42 rows=98 width=0)
	        Index Cond: ((k >= 5253482) AND (k <= 5253582))

table 3 : explain SELECT k, c FROM sbtest3 WHERE k BETWEEN 5253482 AND 5253582
	Bitmap Heap Scan on sbtest3  (cost=5.43..389.66 rows=97 width=125)
	  Recheck Cond: ((k >= 5253482) AND (k <= 5253582))
	  ->  Bitmap Index Scan on k_3  (cost=0.00..5.40 rows=97 width=0)
	        Index Cond: ((k >= 5253482) AND (k <= 5253582))

table 4 : explain SELECT k, c FROM sbtest4 WHERE k BETWEEN 5253482 AND 5253582
	Bitmap Heap Scan on sbtest4  (cost=5.45..397.58 rows=99 width=125)
	  Recheck Cond: ((k >= 5253482) AND (k <= 5253582))
	  ->  Bitmap Index Scan on k_4  (cost=0.00..5.42 rows=99 width=0)
	        Index Cond: ((k >= 5253482) AND (k <= 5253582))

table 5 : explain SELECT k, c FROM sbtest5 WHERE k BETWEEN 5253482 AND 5253582
	Bitmap Heap Scan on sbtest5  (cost=5.56..440.94 rows=110 width=125)
	  Recheck Cond: ((k >= 5253482) AND (k <= 5253582))
	  ->  Bitmap Index Scan on k_5  (cost=0.00..5.53 rows=110 width=0)
	        Index Cond: ((k >= 5253482) AND (k <= 5253582))

table 6 : explain SELECT k, c FROM sbtest6 WHERE k BETWEEN 5253482 AND 5253582
	Bitmap Heap Scan on sbtest6  (cost=5.45..397.58 rows=99 width=125)
	  Recheck Cond: ((k >= 5253482) AND (k <= 5253582))
	  ->  Bitmap Index Scan on k_6  (cost=0.00..5.42 rows=99 width=0)
	        Index Cond: ((k >= 5253482) AND (k <= 5253582))

table 7 : explain SELECT k, c FROM sbtest7 WHERE k BETWEEN 5253482 AND 5253582
	Bitmap Heap Scan on sbtest7  (cost=5.52..425.22 rows=106 width=125)
	  Recheck Cond: ((k >= 5253482) AND (k <= 5253582))
	  ->  Bitmap Index Scan on k_7  (cost=0.00..5.50 rows=106 width=0)
	        Index Cond: ((k >= 5253482) AND (k <= 5253582))

table 8 : explain SELECT k, c FROM sbtest8 WHERE k BETWEEN 5253482 AND 5253582
	Bitmap Heap Scan on sbtest8  (cost=5.44..393.67 rows=98 width=125)
	  Recheck Cond: ((k >= 5253482) AND (k <= 5253582))
	  ->  Bitmap Index Scan on k_8  (cost=0.00..5.42 rows=98 width=0)
	        Index Cond: ((k >= 5253482) AND (k <= 5253582))

for range-notcovered
table 1 : explain SELECT k, c FROM sbtest1 WHERE k BETWEEN 4942369 AND 4942469
	Bitmap Heap Scan on sbtest1  (cost=5.45..397.51 rows=99 width=125)
	  Recheck Cond: ((k >= 4942369) AND (k <= 4942469))
	  ->  Bitmap Index Scan on k_1  (cost=0.00..5.42 rows=99 width=0)
	        Index Cond: ((k >= 4942369) AND (k <= 4942469))

table 2 : explain SELECT k, c FROM sbtest2 WHERE k BETWEEN 4942369 AND 4942469
	Bitmap Heap Scan on sbtest2  (cost=5.47..405.43 rows=101 width=125)
	  Recheck Cond: ((k >= 4942369) AND (k <= 4942469))
	  ->  Bitmap Index Scan on k_2  (cost=0.00..5.44 rows=101 width=0)
	        Index Cond: ((k >= 4942369) AND (k <= 4942469))

table 3 : explain SELECT k, c FROM sbtest3 WHERE k BETWEEN 4942369 AND 4942469
	Bitmap Heap Scan on sbtest3  (cost=5.54..433.02 rows=108 width=125)
	  Recheck Cond: ((k >= 4942369) AND (k <= 4942469))
	  ->  Bitmap Index Scan on k_3  (cost=0.00..5.51 rows=108 width=0)
	        Index Cond: ((k >= 4942369) AND (k <= 4942469))

table 4 : explain SELECT k, c FROM sbtest4 WHERE k BETWEEN 4942369 AND 4942469
	Bitmap Heap Scan on sbtest4  (cost=5.47..405.47 rows=101 width=125)
	  Recheck Cond: ((k >= 4942369) AND (k <= 4942469))
	  ->  Bitmap Index Scan on k_4  (cost=0.00..5.44 rows=101 width=0)
	        Index Cond: ((k >= 4942369) AND (k <= 4942469))

table 5 : explain SELECT k, c FROM sbtest5 WHERE k BETWEEN 4942369 AND 4942469
	Bitmap Heap Scan on sbtest5  (cost=5.39..373.91 rows=93 width=125)
	  Recheck Cond: ((k >= 4942369) AND (k <= 4942469))
	  ->  Bitmap Index Scan on k_5  (cost=0.00..5.36 rows=93 width=0)
	        Index Cond: ((k >= 4942369) AND (k <= 4942469))

table 6 : explain SELECT k, c FROM sbtest6 WHERE k BETWEEN 4942369 AND 4942469
	Bitmap Heap Scan on sbtest6  (cost=5.51..421.24 rows=105 width=125)
	  Recheck Cond: ((k >= 4942369) AND (k <= 4942469))
	  ->  Bitmap Index Scan on k_6  (cost=0.00..5.48 rows=105 width=0)
	        Index Cond: ((k >= 4942369) AND (k <= 4942469))

table 7 : explain SELECT k, c FROM sbtest7 WHERE k BETWEEN 4942369 AND 4942469
	Bitmap Heap Scan on sbtest7  (cost=5.41..381.83 rows=95 width=125)
	  Recheck Cond: ((k >= 4942369) AND (k <= 4942469))
	  ->  Bitmap Index Scan on k_7  (cost=0.00..5.38 rows=95 width=0)
	        Index Cond: ((k >= 4942369) AND (k <= 4942469))

table 8 : explain SELECT k, c FROM sbtest8 WHERE k BETWEEN 4942369 AND 4942469
	Bitmap Heap Scan on sbtest8  (cost=5.53..429.16 rows=107 width=125)
	  Recheck Cond: ((k >= 4942369) AND (k <= 4942469))
	  ->  Bitmap Index Scan on k_8  (cost=0.00..5.50 rows=107 width=0)
	        Index Cond: ((k >= 4942369) AND (k <= 4942469))

for range-notcovered
table 1 : explain SELECT k, c FROM sbtest1 WHERE k BETWEEN 5452353 AND 5452453
	Bitmap Heap Scan on sbtest1  (cost=5.39..373.84 rows=93 width=125)
	  Recheck Cond: ((k >= 5452353) AND (k <= 5452453))
	  ->  Bitmap Index Scan on k_1  (cost=0.00..5.36 rows=93 width=0)
	        Index Cond: ((k >= 5452353) AND (k <= 5452453))

table 2 : explain SELECT k, c FROM sbtest2 WHERE k BETWEEN 5452353 AND 5452453
	Bitmap Heap Scan on sbtest2  (cost=5.58..448.78 rows=112 width=125)
	  Recheck Cond: ((k >= 5452353) AND (k <= 5452453))
	  ->  Bitmap Index Scan on k_2  (cost=0.00..5.55 rows=112 width=0)
	        Index Cond: ((k >= 5452353) AND (k <= 5452453))

table 3 : explain SELECT k, c FROM sbtest3 WHERE k BETWEEN 5452353 AND 5452453
	Bitmap Heap Scan on sbtest3  (cost=5.52..425.14 rows=106 width=125)
	  Recheck Cond: ((k >= 5452353) AND (k <= 5452453))
	  ->  Bitmap Index Scan on k_3  (cost=0.00..5.50 rows=106 width=0)
	        Index Cond: ((k >= 5452353) AND (k <= 5452453))

table 4 : explain SELECT k, c FROM sbtest4 WHERE k BETWEEN 5452353 AND 5452453
	Bitmap Heap Scan on sbtest4  (cost=5.46..401.52 rows=100 width=125)
	  Recheck Cond: ((k >= 5452353) AND (k <= 5452453))
	  ->  Bitmap Index Scan on k_4  (cost=0.00..5.43 rows=100 width=0)
	        Index Cond: ((k >= 5452353) AND (k <= 5452453))

table 5 : explain SELECT k, c FROM sbtest5 WHERE k BETWEEN 5452353 AND 5452453
	Bitmap Heap Scan on sbtest5  (cost=5.46..401.53 rows=100 width=125)
	  Recheck Cond: ((k >= 5452353) AND (k <= 5452453))
	  ->  Bitmap Index Scan on k_5  (cost=0.00..5.43 rows=100 width=0)
	        Index Cond: ((k >= 5452353) AND (k <= 5452453))

table 6 : explain SELECT k, c FROM sbtest6 WHERE k BETWEEN 5452353 AND 5452453
	Bitmap Heap Scan on sbtest6  (cost=5.56..440.95 rows=110 width=125)
	  Recheck Cond: ((k >= 5452353) AND (k <= 5452453))
	  ->  Bitmap Index Scan on k_6  (cost=0.00..5.53 rows=110 width=0)
	        Index Cond: ((k >= 5452353) AND (k <= 5452453))

table 7 : explain SELECT k, c FROM sbtest7 WHERE k BETWEEN 5452353 AND 5452453
	Bitmap Heap Scan on sbtest7  (cost=5.41..381.83 rows=95 width=125)
	  Recheck Cond: ((k >= 5452353) AND (k <= 5452453))
	  ->  Bitmap Index Scan on k_7  (cost=0.00..5.38 rows=95 width=0)
	        Index Cond: ((k >= 5452353) AND (k <= 5452453))

table 8 : explain SELECT k, c FROM sbtest8 WHERE k BETWEEN 5452353 AND 5452453
	Bitmap Heap Scan on sbtest8  (cost=5.64..472.49 rows=118 width=125)
	  Recheck Cond: ((k >= 5452353) AND (k <= 5452453))
	  ->  Bitmap Index Scan on k_8  (cost=0.00..5.61 rows=118 width=0)
	        Index Cond: ((k >= 5452353) AND (k <= 5452453))

for range-notcovered
table 1 : explain SELECT k, c FROM sbtest1 WHERE k BETWEEN 1748124 AND 1748224
	Bitmap Heap Scan on sbtest1  (cost=5.43..389.62 rows=97 width=125)
	  Recheck Cond: ((k >= 1748124) AND (k <= 1748224))
	  ->  Bitmap Index Scan on k_1  (cost=0.00..5.40 rows=97 width=0)
	        Index Cond: ((k >= 1748124) AND (k <= 1748224))

table 2 : explain SELECT k, c FROM sbtest2 WHERE k BETWEEN 1748124 AND 1748224
	Bitmap Heap Scan on sbtest2  (cost=5.48..409.37 rows=102 width=125)
	  Recheck Cond: ((k >= 1748124) AND (k <= 1748224))
	  ->  Bitmap Index Scan on k_2  (cost=0.00..5.45 rows=102 width=0)
	        Index Cond: ((k >= 1748124) AND (k <= 1748224))

table 3 : explain SELECT k, c FROM sbtest3 WHERE k BETWEEN 1748124 AND 1748224
	Bitmap Heap Scan on sbtest3  (cost=5.52..425.14 rows=106 width=125)
	  Recheck Cond: ((k >= 1748124) AND (k <= 1748224))
	  ->  Bitmap Index Scan on k_3  (cost=0.00..5.50 rows=106 width=0)
	        Index Cond: ((k >= 1748124) AND (k <= 1748224))

table 4 : explain SELECT k, c FROM sbtest4 WHERE k BETWEEN 1748124 AND 1748224
	Bitmap Heap Scan on sbtest4  (cost=5.49..413.35 rows=103 width=125)
	  Recheck Cond: ((k >= 1748124) AND (k <= 1748224))
	  ->  Bitmap Index Scan on k_4  (cost=0.00..5.46 rows=103 width=0)
	        Index Cond: ((k >= 1748124) AND (k <= 1748224))

table 5 : explain SELECT k, c FROM sbtest5 WHERE k BETWEEN 1748124 AND 1748224
	Bitmap Heap Scan on sbtest5  (cost=5.47..405.47 rows=101 width=125)
	  Recheck Cond: ((k >= 1748124) AND (k <= 1748224))
	  ->  Bitmap Index Scan on k_5  (cost=0.00..5.44 rows=101 width=0)
	        Index Cond: ((k >= 1748124) AND (k <= 1748224))

table 6 : explain SELECT k, c FROM sbtest6 WHERE k BETWEEN 1748124 AND 1748224
	Bitmap Heap Scan on sbtest6  (cost=5.46..401.53 rows=100 width=125)
	  Recheck Cond: ((k >= 1748124) AND (k <= 1748224))
	  ->  Bitmap Index Scan on k_6  (cost=0.00..5.43 rows=100 width=0)
	        Index Cond: ((k >= 1748124) AND (k <= 1748224))

table 7 : explain SELECT k, c FROM sbtest7 WHERE k BETWEEN 1748124 AND 1748224
	Bitmap Heap Scan on sbtest7  (cost=5.45..397.62 rows=99 width=125)
	  Recheck Cond: ((k >= 1748124) AND (k <= 1748224))
	  ->  Bitmap Index Scan on k_7  (cost=0.00..5.42 rows=99 width=0)
	        Index Cond: ((k >= 1748124) AND (k <= 1748224))

table 8 : explain SELECT k, c FROM sbtest8 WHERE k BETWEEN 1748124 AND 1748224
	Bitmap Heap Scan on sbtest8  (cost=5.53..429.16 rows=107 width=125)
	  Recheck Cond: ((k >= 1748124) AND (k <= 1748224))
	  ->  Bitmap Index Scan on k_8  (cost=0.00..5.50 rows=107 width=0)
	        Index Cond: ((k >= 1748124) AND (k <= 1748224))

explain: for range-notcovered :: explain SELECT k, c FROM sbtest%d WHERE k BETWEEN 5253482 AND 5253582
explain: for range-notcovered :: explain SELECT k, c FROM sbtest%d WHERE k BETWEEN 4942369 AND 4942469
explain: for range-notcovered :: explain SELECT k, c FROM sbtest%d WHERE k BETWEEN 5452353 AND 5452453
for range-notcovered
table 1 : explain SELECT k, c FROM sbtest1 WHERE k BETWEEN 5807253 AND 5807353
	Bitmap Heap Scan on sbtest1  (cost=5.49..413.27 rows=103 width=125)
	  Recheck Cond: ((k >= 5807253) AND (k <= 5807353))
	  ->  Bitmap Index Scan on k_1  (cost=0.00..5.46 rows=103 width=0)
	        Index Cond: ((k >= 5807253) AND (k <= 5807353))

table 2 : explain SELECT k, c FROM sbtest2 WHERE k BETWEEN 5807253 AND 5807353
	Bitmap Heap Scan on sbtest2  (cost=5.50..417.26 rows=104 width=125)
	  Recheck Cond: ((k >= 5807253) AND (k <= 5807353))
	  ->  Bitmap Index Scan on k_2  (cost=0.00..5.47 rows=104 width=0)
	        Index Cond: ((k >= 5807253) AND (k <= 5807353))

table 3 : explain SELECT k, c FROM sbtest3 WHERE k BETWEEN 5807253 AND 5807353
	Bitmap Heap Scan on sbtest3  (cost=5.40..377.82 rows=94 width=125)
	  Recheck Cond: ((k >= 5807253) AND (k <= 5807353))
	  ->  Bitmap Index Scan on k_3  (cost=0.00..5.38 rows=94 width=0)
	        Index Cond: ((k >= 5807253) AND (k <= 5807353))

table 4 : explain SELECT k, c FROM sbtest4 WHERE k BETWEEN 5807253 AND 5807353
	Bitmap Heap Scan on sbtest4  (cost=5.49..413.35 rows=103 width=125)
	  Recheck Cond: ((k >= 5807253) AND (k <= 5807353))
	  ->  Bitmap Index Scan on k_4  (cost=0.00..5.46 rows=103 width=0)
	        Index Cond: ((k >= 5807253) AND (k <= 5807353))

table 5 : explain SELECT k, c FROM sbtest5 WHERE k BETWEEN 5807253 AND 5807353
	Bitmap Heap Scan on sbtest5  (cost=5.51..421.24 rows=105 width=125)
	  Recheck Cond: ((k >= 5807253) AND (k <= 5807353))
	  ->  Bitmap Index Scan on k_5  (cost=0.00..5.48 rows=105 width=0)
	        Index Cond: ((k >= 5807253) AND (k <= 5807353))

table 6 : explain SELECT k, c FROM sbtest6 WHERE k BETWEEN 5807253 AND 5807353
	Bitmap Heap Scan on sbtest6  (cost=5.65..476.39 rows=119 width=125)
	  Recheck Cond: ((k >= 5807253) AND (k <= 5807353))
	  ->  Bitmap Index Scan on k_6  (cost=0.00..5.62 rows=119 width=0)
	        Index Cond: ((k >= 5807253) AND (k <= 5807353))

table 7 : explain SELECT k, c FROM sbtest7 WHERE k BETWEEN 5807253 AND 5807353
	Bitmap Heap Scan on sbtest7  (cost=5.46..401.56 rows=100 width=125)
	  Recheck Cond: ((k >= 5807253) AND (k <= 5807353))
	  ->  Bitmap Index Scan on k_7  (cost=0.00..5.43 rows=100 width=0)
	        Index Cond: ((k >= 5807253) AND (k <= 5807353))

table 8 : explain SELECT k, c FROM sbtest8 WHERE k BETWEEN 5807253 AND 5807353
	Bitmap Heap Scan on sbtest8  (cost=5.43..389.72 rows=97 width=125)
	  Recheck Cond: ((k >= 5807253) AND (k <= 5807353))
	  ->  Bitmap Index Scan on k_8  (cost=0.00..5.40 rows=97 width=0)
	        Index Cond: ((k >= 5807253) AND (k <= 5807353))

explain: for range-notcovered :: explain SELECT k, c FROM sbtest%d WHERE k BETWEEN 1748124 AND 1748224
explain: for range-notcovered :: explain SELECT k, c FROM sbtest%d WHERE k BETWEEN 5807253 AND 5807353
for range-notcovered
table 1 : explain SELECT k, c FROM sbtest1 WHERE k BETWEEN 1479177 AND 1479277
	Bitmap Heap Scan on sbtest1  (cost=5.43..389.62 rows=97 width=125)
	  Recheck Cond: ((k >= 1479177) AND (k <= 1479277))
	  ->  Bitmap Index Scan on k_1  (cost=0.00..5.40 rows=97 width=0)
	        Index Cond: ((k >= 1479177) AND (k <= 1479277))

table 2 : explain SELECT k, c FROM sbtest2 WHERE k BETWEEN 1479177 AND 1479277
	Bitmap Heap Scan on sbtest2  (cost=5.46..401.49 rows=100 width=125)
	  Recheck Cond: ((k >= 1479177) AND (k <= 1479277))
	  ->  Bitmap Index Scan on k_2  (cost=0.00..5.43 rows=100 width=0)
	        Index Cond: ((k >= 1479177) AND (k <= 1479277))

table 3 : explain SELECT k, c FROM sbtest3 WHERE k BETWEEN 1479177 AND 1479277
	Bitmap Heap Scan on sbtest3  (cost=5.60..456.65 rows=114 width=125)
	  Recheck Cond: ((k >= 1479177) AND (k <= 1479277))
	  ->  Bitmap Index Scan on k_3  (cost=0.00..5.58 rows=114 width=0)
	        Index Cond: ((k >= 1479177) AND (k <= 1479277))

table 4 : explain SELECT k, c FROM sbtest4 WHERE k BETWEEN 1479177 AND 1479277
	Bitmap Heap Scan on sbtest4  (cost=5.47..405.47 rows=101 width=125)
	  Recheck Cond: ((k >= 1479177) AND (k <= 1479277))
	  ->  Bitmap Index Scan on k_4  (cost=0.00..5.44 rows=101 width=0)
	        Index Cond: ((k >= 1479177) AND (k <= 1479277))

table 5 : explain SELECT k, c FROM sbtest5 WHERE k BETWEEN 1479177 AND 1479277
	Bitmap Heap Scan on sbtest5  (cost=5.47..405.47 rows=101 width=125)
	  Recheck Cond: ((k >= 1479177) AND (k <= 1479277))
	  ->  Bitmap Index Scan on k_5  (cost=0.00..5.44 rows=101 width=0)
	        Index Cond: ((k >= 1479177) AND (k <= 1479277))

table 6 : explain SELECT k, c FROM sbtest6 WHERE k BETWEEN 1479177 AND 1479277
	Bitmap Heap Scan on sbtest6  (cost=5.39..373.91 rows=93 width=125)
	  Recheck Cond: ((k >= 1479177) AND (k <= 1479277))
	  ->  Bitmap Index Scan on k_6  (cost=0.00..5.36 rows=93 width=0)
	        Index Cond: ((k >= 1479177) AND (k <= 1479277))

table 7 : explain SELECT k, c FROM sbtest7 WHERE k BETWEEN 1479177 AND 1479277
	Bitmap Heap Scan on sbtest7  (cost=5.43..389.72 rows=97 width=125)
	  Recheck Cond: ((k >= 1479177) AND (k <= 1479277))
	  ->  Bitmap Index Scan on k_7  (cost=0.00..5.40 rows=97 width=0)
	        Index Cond: ((k >= 1479177) AND (k <= 1479277))

table 8 : explain SELECT k, c FROM sbtest8 WHERE k BETWEEN 1479177 AND 1479277
	Bitmap Heap Scan on sbtest8  (cost=5.55..437.04 rows=109 width=125)
	  Recheck Cond: ((k >= 1479177) AND (k <= 1479277))
	  ->  Bitmap Index Scan on k_8  (cost=0.00..5.52 rows=109 width=0)
	        Index Cond: ((k >= 1479177) AND (k <= 1479277))

explain: for range-notcovered :: explain SELECT k, c FROM sbtest%d WHERE k BETWEEN 1479177 AND 1479277
for range-notcovered
table 1 : explain SELECT k, c FROM sbtest1 WHERE k BETWEEN 5611848 AND 5611948
	Bitmap Heap Scan on sbtest1  (cost=5.50..417.22 rows=104 width=125)
	  Recheck Cond: ((k >= 5611848) AND (k <= 5611948))
	  ->  Bitmap Index Scan on k_1  (cost=0.00..5.47 rows=104 width=0)
	        Index Cond: ((k >= 5611848) AND (k <= 5611948))

table 2 : explain SELECT k, c FROM sbtest2 WHERE k BETWEEN 5611848 AND 5611948
	Bitmap Heap Scan on sbtest2  (cost=5.46..401.49 rows=100 width=125)
	  Recheck Cond: ((k >= 5611848) AND (k <= 5611948))
	  ->  Bitmap Index Scan on k_2  (cost=0.00..5.43 rows=100 width=0)
	        Index Cond: ((k >= 5611848) AND (k <= 5611948))

table 3 : explain SELECT k, c FROM sbtest3 WHERE k BETWEEN 5611848 AND 5611948
	Bitmap Heap Scan on sbtest3  (cost=5.43..389.66 rows=97 width=125)
	  Recheck Cond: ((k >= 5611848) AND (k <= 5611948))
	  ->  Bitmap Index Scan on k_3  (cost=0.00..5.40 rows=97 width=0)
	        Index Cond: ((k >= 5611848) AND (k <= 5611948))

table 4 : explain SELECT k, c FROM sbtest4 WHERE k BETWEEN 5611848 AND 5611948
	Bitmap Heap Scan on sbtest4  (cost=5.48..409.41 rows=102 width=125)
	  Recheck Cond: ((k >= 5611848) AND (k <= 5611948))
	  ->  Bitmap Index Scan on k_4  (cost=0.00..5.45 rows=102 width=0)
	        Index Cond: ((k >= 5611848) AND (k <= 5611948))

table 5 : explain SELECT k, c FROM sbtest5 WHERE k BETWEEN 5611848 AND 5611948
	Bitmap Heap Scan on sbtest5  (cost=5.51..421.24 rows=105 width=125)
	  Recheck Cond: ((k >= 5611848) AND (k <= 5611948))
	  ->  Bitmap Index Scan on k_5  (cost=0.00..5.48 rows=105 width=0)
	        Index Cond: ((k >= 5611848) AND (k <= 5611948))

table 6 : explain SELECT k, c FROM sbtest6 WHERE k BETWEEN 5611848 AND 5611948
	Bitmap Heap Scan on sbtest6  (cost=5.50..417.30 rows=104 width=125)
	  Recheck Cond: ((k >= 5611848) AND (k <= 5611948))
	  ->  Bitmap Index Scan on k_6  (cost=0.00..5.47 rows=104 width=0)
	        Index Cond: ((k >= 5611848) AND (k <= 5611948))

table 7 : explain SELECT k, c FROM sbtest7 WHERE k BETWEEN 5611848 AND 5611948
	Bitmap Heap Scan on sbtest7  (cost=5.50..417.33 rows=104 width=125)
	  Recheck Cond: ((k >= 5611848) AND (k <= 5611948))
	  ->  Bitmap Index Scan on k_7  (cost=0.00..5.47 rows=104 width=0)
	        Index Cond: ((k >= 5611848) AND (k <= 5611948))

table 8 : explain SELECT k, c FROM sbtest8 WHERE k BETWEEN 5611848 AND 5611948
	Bitmap Heap Scan on sbtest8  (cost=5.44..393.67 rows=98 width=125)
	  Recheck Cond: ((k >= 5611848) AND (k <= 5611948))
	  ->  Bitmap Index Scan on k_8  (cost=0.00..5.42 rows=98 width=0)
	        Index Cond: ((k >= 5611848) AND (k <= 5611948))

for range-notcovered
table 1 : explain SELECT k, c FROM sbtest1 WHERE k BETWEEN 4953054 AND 4953154
	Bitmap Heap Scan on sbtest1  (cost=5.45..397.51 rows=99 width=125)
	  Recheck Cond: ((k >= 4953054) AND (k <= 4953154))
	  ->  Bitmap Index Scan on k_1  (cost=0.00..5.42 rows=99 width=0)
	        Index Cond: ((k >= 4953054) AND (k <= 4953154))

table 2 : explain SELECT k, c FROM sbtest2 WHERE k BETWEEN 4953054 AND 4953154
	Bitmap Heap Scan on sbtest2  (cost=5.47..405.43 rows=101 width=125)
	  Recheck Cond: ((k >= 4953054) AND (k <= 4953154))
	  ->  Bitmap Index Scan on k_2  (cost=0.00..5.44 rows=101 width=0)
	        Index Cond: ((k >= 4953054) AND (k <= 4953154))

table 3 : explain SELECT k, c FROM sbtest3 WHERE k BETWEEN 4953054 AND 4953154
	Bitmap Heap Scan on sbtest3  (cost=5.54..433.02 rows=108 width=125)
	  Recheck Cond: ((k >= 4953054) AND (k <= 4953154))
	  ->  Bitmap Index Scan on k_3  (cost=0.00..5.51 rows=108 width=0)
	        Index Cond: ((k >= 4953054) AND (k <= 4953154))

table 4 : explain SELECT k, c FROM sbtest4 WHERE k BETWEEN 4953054 AND 4953154
	Bitmap Heap Scan on sbtest4  (cost=5.47..405.47 rows=101 width=125)
	  Recheck Cond: ((k >= 4953054) AND (k <= 4953154))
	  ->  Bitmap Index Scan on k_4  (cost=0.00..5.44 rows=101 width=0)
	        Index Cond: ((k >= 4953054) AND (k <= 4953154))

table 5 : explain SELECT k, c FROM sbtest5 WHERE k BETWEEN 4953054 AND 4953154
	Bitmap Heap Scan on sbtest5  (cost=5.39..373.91 rows=93 width=125)
	  Recheck Cond: ((k >= 4953054) AND (k <= 4953154))
	  ->  Bitmap Index Scan on k_5  (cost=0.00..5.36 rows=93 width=0)
	        Index Cond: ((k >= 4953054) AND (k <= 4953154))

table 6 : explain SELECT k, c FROM sbtest6 WHERE k BETWEEN 4953054 AND 4953154
	Bitmap Heap Scan on sbtest6  (cost=5.49..413.36 rows=103 width=125)
	  Recheck Cond: ((k >= 4953054) AND (k <= 4953154))
	  ->  Bitmap Index Scan on k_6  (cost=0.00..5.46 rows=103 width=0)
	        Index Cond: ((k >= 4953054) AND (k <= 4953154))

table 7 : explain SELECT k, c FROM sbtest7 WHERE k BETWEEN 4953054 AND 4953154
	Bitmap Heap Scan on sbtest7  (cost=5.41..381.83 rows=95 width=125)
	  Recheck Cond: ((k >= 4953054) AND (k <= 4953154))
	  ->  Bitmap Index Scan on k_7  (cost=0.00..5.38 rows=95 width=0)
	        Index Cond: ((k >= 4953054) AND (k <= 4953154))

table 8 : explain SELECT k, c FROM sbtest8 WHERE k BETWEEN 4953054 AND 4953154
	Bitmap Heap Scan on sbtest8  (cost=5.42..385.78 rows=96 width=125)
	  Recheck Cond: ((k >= 4953054) AND (k <= 4953154))
	  ->  Bitmap Index Scan on k_8  (cost=0.00..5.39 rows=96 width=0)
	        Index Cond: ((k >= 4953054) AND (k <= 4953154))

explain: for range-notcovered :: explain SELECT k, c FROM sbtest%d WHERE k BETWEEN 4953054 AND 4953154
explain: for range-notcovered :: explain SELECT k, c FROM sbtest%d WHERE k BETWEEN 6478183 AND 6478283
for range-notcovered
table 1 : explain SELECT k, c FROM sbtest1 WHERE k BETWEEN 3613450 AND 3613550
	Bitmap Heap Scan on sbtest1  (cost=5.42..385.68 rows=96 width=125)
	  Recheck Cond: ((k >= 3613450) AND (k <= 3613550))
	  ->  Bitmap Index Scan on k_1  (cost=0.00..5.39 rows=96 width=0)
	        Index Cond: ((k >= 3613450) AND (k <= 3613550))

table 2 : explain SELECT k, c FROM sbtest2 WHERE k BETWEEN 3613450 AND 3613550
	Bitmap Heap Scan on sbtest2  (cost=5.42..385.71 rows=96 width=125)
	  Recheck Cond: ((k >= 3613450) AND (k <= 3613550))
	  ->  Bitmap Index Scan on k_2  (cost=0.00..5.39 rows=96 width=0)
	        Index Cond: ((k >= 3613450) AND (k <= 3613550))

table 3 : explain SELECT k, c FROM sbtest3 WHERE k BETWEEN 3613450 AND 3613550
	Bitmap Heap Scan on sbtest3  (cost=5.42..385.71 rows=96 width=125)
	  Recheck Cond: ((k >= 3613450) AND (k <= 3613550))
	  ->  Bitmap Index Scan on k_3  (cost=0.00..5.39 rows=96 width=0)
	        Index Cond: ((k >= 3613450) AND (k <= 3613550))

table 4 : explain SELECT k, c FROM sbtest4 WHERE k BETWEEN 3613450 AND 3613550
	Bitmap Heap Scan on sbtest4  (cost=5.40..377.85 rows=94 width=125)
	  Recheck Cond: ((k >= 3613450) AND (k <= 3613550))
	  ->  Bitmap Index Scan on k_4  (cost=0.00..5.38 rows=94 width=0)
	        Index Cond: ((k >= 3613450) AND (k <= 3613550))

table 5 : explain SELECT k, c FROM sbtest5 WHERE k BETWEEN 3613450 AND 3613550
	Bitmap Heap Scan on sbtest5  (cost=5.50..417.30 rows=104 width=125)
	  Recheck Cond: ((k >= 3613450) AND (k <= 3613550))
	  ->  Bitmap Index Scan on k_5  (cost=0.00..5.47 rows=104 width=0)
	        Index Cond: ((k >= 3613450) AND (k <= 3613550))

table 6 : explain SELECT k, c FROM sbtest6 WHERE k BETWEEN 3613450 AND 3613550
	Bitmap Heap Scan on sbtest6  (cost=5.47..405.47 rows=101 width=125)
	  Recheck Cond: ((k >= 3613450) AND (k <= 3613550))
	  ->  Bitmap Index Scan on k_6  (cost=0.00..5.44 rows=101 width=0)
	        Index Cond: ((k >= 3613450) AND (k <= 3613550))

table 7 : explain SELECT k, c FROM sbtest7 WHERE k BETWEEN 3613450 AND 3613550
	Bitmap Heap Scan on sbtest7  (cost=5.55..437.04 rows=109 width=125)
	  Recheck Cond: ((k >= 3613450) AND (k <= 3613550))
	  ->  Bitmap Index Scan on k_7  (cost=0.00..5.52 rows=109 width=0)
	        Index Cond: ((k >= 3613450) AND (k <= 3613550))

table 8 : explain SELECT k, c FROM sbtest8 WHERE k BETWEEN 3613450 AND 3613550
	Bitmap Heap Scan on sbtest8  (cost=5.42..385.78 rows=96 width=125)
	  Recheck Cond: ((k >= 3613450) AND (k <= 3613550))
	  ->  Bitmap Index Scan on k_8  (cost=0.00..5.39 rows=96 width=0)
	        Index Cond: ((k >= 3613450) AND (k <= 3613550))

for range-notcovered
table 1 : explain SELECT k, c FROM sbtest1 WHERE k BETWEEN 4942369 AND 4942469
	Bitmap Heap Scan on sbtest1  (cost=5.45..397.51 rows=99 width=125)
	  Recheck Cond: ((k >= 4942369) AND (k <= 4942469))
	  ->  Bitmap Index Scan on k_1  (cost=0.00..5.42 rows=99 width=0)
	        Index Cond: ((k >= 4942369) AND (k <= 4942469))

table 2 : explain SELECT k, c FROM sbtest2 WHERE k BETWEEN 4942369 AND 4942469
	Bitmap Heap Scan on sbtest2  (cost=5.47..405.43 rows=101 width=125)
	  Recheck Cond: ((k >= 4942369) AND (k <= 4942469))
	  ->  Bitmap Index Scan on k_2  (cost=0.00..5.44 rows=101 width=0)
	        Index Cond: ((k >= 4942369) AND (k <= 4942469))

table 3 : explain SELECT k, c FROM sbtest3 WHERE k BETWEEN 4942369 AND 4942469
	Bitmap Heap Scan on sbtest3  (cost=5.54..433.02 rows=108 width=125)
	  Recheck Cond: ((k >= 4942369) AND (k <= 4942469))
	  ->  Bitmap Index Scan on k_3  (cost=0.00..5.51 rows=108 width=0)
	        Index Cond: ((k >= 4942369) AND (k <= 4942469))

table 4 : explain SELECT k, c FROM sbtest4 WHERE k BETWEEN 4942369 AND 4942469
	Bitmap Heap Scan on sbtest4  (cost=5.47..405.47 rows=101 width=125)
	  Recheck Cond: ((k >= 4942369) AND (k <= 4942469))
	  ->  Bitmap Index Scan on k_4  (cost=0.00..5.44 rows=101 width=0)
	        Index Cond: ((k >= 4942369) AND (k <= 4942469))

table 5 : explain SELECT k, c FROM sbtest5 WHERE k BETWEEN 4942369 AND 4942469
	Bitmap Heap Scan on sbtest5  (cost=5.39..373.91 rows=93 width=125)
	  Recheck Cond: ((k >= 4942369) AND (k <= 4942469))
	  ->  Bitmap Index Scan on k_5  (cost=0.00..5.36 rows=93 width=0)
	        Index Cond: ((k >= 4942369) AND (k <= 4942469))

table 6 : explain SELECT k, c FROM sbtest6 WHERE k BETWEEN 4942369 AND 4942469
	Bitmap Heap Scan on sbtest6  (cost=5.51..421.24 rows=105 width=125)
	  Recheck Cond: ((k >= 4942369) AND (k <= 4942469))
	  ->  Bitmap Index Scan on k_6  (cost=0.00..5.48 rows=105 width=0)
	        Index Cond: ((k >= 4942369) AND (k <= 4942469))

table 7 : explain SELECT k, c FROM sbtest7 WHERE k BETWEEN 4942369 AND 4942469
	Bitmap Heap Scan on sbtest7  (cost=5.41..381.83 rows=95 width=125)
	  Recheck Cond: ((k >= 4942369) AND (k <= 4942469))
	  ->  Bitmap Index Scan on k_7  (cost=0.00..5.38 rows=95 width=0)
	        Index Cond: ((k >= 4942369) AND (k <= 4942469))

table 8 : explain SELECT k, c FROM sbtest8 WHERE k BETWEEN 4942369 AND 4942469
	Bitmap Heap Scan on sbtest8  (cost=5.53..429.16 rows=107 width=125)
	  Recheck Cond: ((k >= 4942369) AND (k <= 4942469))
	  ->  Bitmap Index Scan on k_8  (cost=0.00..5.50 rows=107 width=0)
	        Index Cond: ((k >= 4942369) AND (k <= 4942469))

for range-notcovered
table 1 : explain SELECT k, c FROM sbtest1 WHERE k BETWEEN 5452353 AND 5452453
	Bitmap Heap Scan on sbtest1  (cost=5.39..373.84 rows=93 width=125)
	  Recheck Cond: ((k >= 5452353) AND (k <= 5452453))
	  ->  Bitmap Index Scan on k_1  (cost=0.00..5.36 rows=93 width=0)
	        Index Cond: ((k >= 5452353) AND (k <= 5452453))

table 2 : explain SELECT k, c FROM sbtest2 WHERE k BETWEEN 5452353 AND 5452453
	Bitmap Heap Scan on sbtest2  (cost=5.58..448.78 rows=112 width=125)
	  Recheck Cond: ((k >= 5452353) AND (k <= 5452453))
	  ->  Bitmap Index Scan on k_2  (cost=0.00..5.55 rows=112 width=0)
	        Index Cond: ((k >= 5452353) AND (k <= 5452453))

table 3 : explain SELECT k, c FROM sbtest3 WHERE k BETWEEN 5452353 AND 5452453
	Bitmap Heap Scan on sbtest3  (cost=5.52..425.14 rows=106 width=125)
	  Recheck Cond: ((k >= 5452353) AND (k <= 5452453))
	  ->  Bitmap Index Scan on k_3  (cost=0.00..5.50 rows=106 width=0)
	        Index Cond: ((k >= 5452353) AND (k <= 5452453))

table 4 : explain SELECT k, c FROM sbtest4 WHERE k BETWEEN 5452353 AND 5452453
	Bitmap Heap Scan on sbtest4  (cost=5.46..401.52 rows=100 width=125)
	  Recheck Cond: ((k >= 5452353) AND (k <= 5452453))
	  ->  Bitmap Index Scan on k_4  (cost=0.00..5.43 rows=100 width=0)
	        Index Cond: ((k >= 5452353) AND (k <= 5452453))

table 5 : explain SELECT k, c FROM sbtest5 WHERE k BETWEEN 5452353 AND 5452453
	Bitmap Heap Scan on sbtest5  (cost=5.46..401.53 rows=100 width=125)
	  Recheck Cond: ((k >= 5452353) AND (k <= 5452453))
	  ->  Bitmap Index Scan on k_5  (cost=0.00..5.43 rows=100 width=0)
	        Index Cond: ((k >= 5452353) AND (k <= 5452453))

table 6 : explain SELECT k, c FROM sbtest6 WHERE k BETWEEN 5452353 AND 5452453
	Bitmap Heap Scan on sbtest6  (cost=5.56..440.95 rows=110 width=125)
	  Recheck Cond: ((k >= 5452353) AND (k <= 5452453))
	  ->  Bitmap Index Scan on k_6  (cost=0.00..5.53 rows=110 width=0)
	        Index Cond: ((k >= 5452353) AND (k <= 5452453))

table 7 : explain SELECT k, c FROM sbtest7 WHERE k BETWEEN 5452353 AND 5452453
	Bitmap Heap Scan on sbtest7  (cost=5.41..381.83 rows=95 width=125)
	  Recheck Cond: ((k >= 5452353) AND (k <= 5452453))
	  ->  Bitmap Index Scan on k_7  (cost=0.00..5.38 rows=95 width=0)
	        Index Cond: ((k >= 5452353) AND (k <= 5452453))

table 8 : explain SELECT k, c FROM sbtest8 WHERE k BETWEEN 5452353 AND 5452453
	Bitmap Heap Scan on sbtest8  (cost=5.64..472.49 rows=118 width=125)
	  Recheck Cond: ((k >= 5452353) AND (k <= 5452453))
	  ->  Bitmap Index Scan on k_8  (cost=0.00..5.61 rows=118 width=0)
	        Index Cond: ((k >= 5452353) AND (k <= 5452453))

for range-notcovered
table 1 : explain SELECT k, c FROM sbtest1 WHERE k BETWEEN 5253482 AND 5253582
	Bitmap Heap Scan on sbtest1  (cost=5.56..440.85 rows=110 width=125)
	  Recheck Cond: ((k >= 5253482) AND (k <= 5253582))
	  ->  Bitmap Index Scan on k_1  (cost=0.00..5.53 rows=110 width=0)
	        Index Cond: ((k >= 5253482) AND (k <= 5253582))

table 2 : explain SELECT k, c FROM sbtest2 WHERE k BETWEEN 5253482 AND 5253582
	Bitmap Heap Scan on sbtest2  (cost=5.44..393.60 rows=98 width=125)
	  Recheck Cond: ((k >= 5253482) AND (k <= 5253582))
	  ->  Bitmap Index Scan on k_2  (cost=0.00..5.42 rows=98 width=0)
	        Index Cond: ((k >= 5253482) AND (k <= 5253582))

table 3 : explain SELECT k, c FROM sbtest3 WHERE k BETWEEN 5253482 AND 5253582
	Bitmap Heap Scan on sbtest3  (cost=5.43..389.66 rows=97 width=125)
	  Recheck Cond: ((k >= 5253482) AND (k <= 5253582))
	  ->  Bitmap Index Scan on k_3  (cost=0.00..5.40 rows=97 width=0)
	        Index Cond: ((k >= 5253482) AND (k <= 5253582))

table 4 : explain SELECT k, c FROM sbtest4 WHERE k BETWEEN 5253482 AND 5253582
	Bitmap Heap Scan on sbtest4  (cost=5.45..397.58 rows=99 width=125)
	  Recheck Cond: ((k >= 5253482) AND (k <= 5253582))
	  ->  Bitmap Index Scan on k_4  (cost=0.00..5.42 rows=99 width=0)
	        Index Cond: ((k >= 5253482) AND (k <= 5253582))

table 5 : explain SELECT k, c FROM sbtest5 WHERE k BETWEEN 5253482 AND 5253582
	Bitmap Heap Scan on sbtest5  (cost=5.56..440.94 rows=110 width=125)
	  Recheck Cond: ((k >= 5253482) AND (k <= 5253582))
	  ->  Bitmap Index Scan on k_5  (cost=0.00..5.53 rows=110 width=0)
	        Index Cond: ((k >= 5253482) AND (k <= 5253582))

table 6 : explain SELECT k, c FROM sbtest6 WHERE k BETWEEN 5253482 AND 5253582
	Bitmap Heap Scan on sbtest6  (cost=5.45..397.58 rows=99 width=125)
	  Recheck Cond: ((k >= 5253482) AND (k <= 5253582))
	  ->  Bitmap Index Scan on k_6  (cost=0.00..5.42 rows=99 width=0)
	        Index Cond: ((k >= 5253482) AND (k <= 5253582))

table 7 : explain SELECT k, c FROM sbtest7 WHERE k BETWEEN 5253482 AND 5253582
	Bitmap Heap Scan on sbtest7  (cost=5.52..425.22 rows=106 width=125)
	  Recheck Cond: ((k >= 5253482) AND (k <= 5253582))
	  ->  Bitmap Index Scan on k_7  (cost=0.00..5.50 rows=106 width=0)
	        Index Cond: ((k >= 5253482) AND (k <= 5253582))

table 8 : explain SELECT k, c FROM sbtest8 WHERE k BETWEEN 5253482 AND 5253582
	Bitmap Heap Scan on sbtest8  (cost=5.44..393.67 rows=98 width=125)
	  Recheck Cond: ((k >= 5253482) AND (k <= 5253582))
	  ->  Bitmap Index Scan on k_8  (cost=0.00..5.42 rows=98 width=0)
	        Index Cond: ((k >= 5253482) AND (k <= 5253582))
explain: for range-notcovered :: explain SELECT k, c FROM sbtest%d WHERE k BETWEEN 3613450 AND 3613550

explain: for range-notcovered :: explain SELECT k, c FROM sbtest%d WHERE k BETWEEN 4942369 AND 4942469
for range-notcovered
table 1 : explain SELECT k, c FROM sbtest1 WHERE k BETWEEN 1748124 AND 1748224
	Bitmap Heap Scan on sbtest1  (cost=5.43..389.62 rows=97 width=125)
	  Recheck Cond: ((k >= 1748124) AND (k <= 1748224))
	  ->  Bitmap Index Scan on k_1  (cost=0.00..5.40 rows=97 width=0)
	        Index Cond: ((k >= 1748124) AND (k <= 1748224))

table 2 : explain SELECT k, c FROM sbtest2 WHERE k BETWEEN 1748124 AND 1748224
	Bitmap Heap Scan on sbtest2  (cost=5.48..409.37 rows=102 width=125)
	  Recheck Cond: ((k >= 1748124) AND (k <= 1748224))
	  ->  Bitmap Index Scan on k_2  (cost=0.00..5.45 rows=102 width=0)
	        Index Cond: ((k >= 1748124) AND (k <= 1748224))

table 3 : explain SELECT k, c FROM sbtest3 WHERE k BETWEEN 1748124 AND 1748224
	Bitmap Heap Scan on sbtest3  (cost=5.52..425.14 rows=106 width=125)
	  Recheck Cond: ((k >= 1748124) AND (k <= 1748224))
	  ->  Bitmap Index Scan on k_3  (cost=0.00..5.50 rows=106 width=0)
	        Index Cond: ((k >= 1748124) AND (k <= 1748224))

table 4 : explain SELECT k, c FROM sbtest4 WHERE k BETWEEN 1748124 AND 1748224
	Bitmap Heap Scan on sbtest4  (cost=5.49..413.35 rows=103 width=125)
	  Recheck Cond: ((k >= 1748124) AND (k <= 1748224))
	  ->  Bitmap Index Scan on k_4  (cost=0.00..5.46 rows=103 width=0)
	        Index Cond: ((k >= 1748124) AND (k <= 1748224))

table 5 : explain SELECT k, c FROM sbtest5 WHERE k BETWEEN 1748124 AND 1748224
	Bitmap Heap Scan on sbtest5  (cost=5.47..405.47 rows=101 width=125)
	  Recheck Cond: ((k >= 1748124) AND (k <= 1748224))
	  ->  Bitmap Index Scan on k_5  (cost=0.00..5.44 rows=101 width=0)
	        Index Cond: ((k >= 1748124) AND (k <= 1748224))

table 6 : explain SELECT k, c FROM sbtest6 WHERE k BETWEEN 1748124 AND 1748224
	Bitmap Heap Scan on sbtest6  (cost=5.46..401.53 rows=100 width=125)
	  Recheck Cond: ((k >= 1748124) AND (k <= 1748224))
	  ->  Bitmap Index Scan on k_6  (cost=0.00..5.43 rows=100 width=0)
	        Index Cond: ((k >= 1748124) AND (k <= 1748224))

table 7 : explain SELECT k, c FROM sbtest7 WHERE k BETWEEN 1748124 AND 1748224
	Bitmap Heap Scan on sbtest7  (cost=5.45..397.62 rows=99 width=125)
	  Recheck Cond: ((k >= 1748124) AND (k <= 1748224))
	  ->  Bitmap Index Scan on k_7  (cost=0.00..5.42 rows=99 width=0)
	        Index Cond: ((k >= 1748124) AND (k <= 1748224))

table 8 : explain SELECT k, c FROM sbtest8 WHERE k BETWEEN 1748124 AND 1748224
	Bitmap Heap Scan on sbtest8  (cost=5.53..429.16 rows=107 width=125)
	  Recheck Cond: ((k >= 1748124) AND (k <= 1748224))
	  ->  Bitmap Index Scan on k_8  (cost=0.00..5.50 rows=107 width=0)
	        Index Cond: ((k >= 1748124) AND (k <= 1748224))

explain: for range-notcovered :: explain SELECT k, c FROM sbtest%d WHERE k BETWEEN 5253482 AND 5253582
for range-notcovered
table 1 : explain SELECT k, c FROM sbtest1 WHERE k BETWEEN 5807253 AND 5807353
	Bitmap Heap Scan on sbtest1  (cost=5.49..413.27 rows=103 width=125)
	  Recheck Cond: ((k >= 5807253) AND (k <= 5807353))
	  ->  Bitmap Index Scan on k_1  (cost=0.00..5.46 rows=103 width=0)
	        Index Cond: ((k >= 5807253) AND (k <= 5807353))

table 2 : explain SELECT k, c FROM sbtest2 WHERE k BETWEEN 5807253 AND 5807353
	Bitmap Heap Scan on sbtest2  (cost=5.50..417.26 rows=104 width=125)
	  Recheck Cond: ((k >= 5807253) AND (k <= 5807353))
	  ->  Bitmap Index Scan on k_2  (cost=0.00..5.47 rows=104 width=0)
	        Index Cond: ((k >= 5807253) AND (k <= 5807353))

table 3 : explain SELECT k, c FROM sbtest3 WHERE k BETWEEN 5807253 AND 5807353
	Bitmap Heap Scan on sbtest3  (cost=5.40..377.82 rows=94 width=125)
	  Recheck Cond: ((k >= 5807253) AND (k <= 5807353))
	  ->  Bitmap Index Scan on k_3  (cost=0.00..5.38 rows=94 width=0)
	        Index Cond: ((k >= 5807253) AND (k <= 5807353))

table 4 : explain SELECT k, c FROM sbtest4 WHERE k BETWEEN 5807253 AND 5807353
	Bitmap Heap Scan on sbtest4  (cost=5.49..413.35 rows=103 width=125)
	  Recheck Cond: ((k >= 5807253) AND (k <= 5807353))
	  ->  Bitmap Index Scan on k_4  (cost=0.00..5.46 rows=103 width=0)
	        Index Cond: ((k >= 5807253) AND (k <= 5807353))

table 5 : explain SELECT k, c FROM sbtest5 WHERE k BETWEEN 5807253 AND 5807353
	Bitmap Heap Scan on sbtest5  (cost=5.51..421.24 rows=105 width=125)
	  Recheck Cond: ((k >= 5807253) AND (k <= 5807353))
	  ->  Bitmap Index Scan on k_5  (cost=0.00..5.48 rows=105 width=0)
	        Index Cond: ((k >= 5807253) AND (k <= 5807353))

table 6 : explain SELECT k, c FROM sbtest6 WHERE k BETWEEN 5807253 AND 5807353
	Bitmap Heap Scan on sbtest6  (cost=5.65..476.39 rows=119 width=125)
	  Recheck Cond: ((k >= 5807253) AND (k <= 5807353))
	  ->  Bitmap Index Scan on k_6  (cost=0.00..5.62 rows=119 width=0)
	        Index Cond: ((k >= 5807253) AND (k <= 5807353))

table 7 : explain SELECT k, c FROM sbtest7 WHERE k BETWEEN 5807253 AND 5807353
	Bitmap Heap Scan on sbtest7  (cost=5.46..401.56 rows=100 width=125)
	  Recheck Cond: ((k >= 5807253) AND (k <= 5807353))
	  ->  Bitmap Index Scan on k_7  (cost=0.00..5.43 rows=100 width=0)
	        Index Cond: ((k >= 5807253) AND (k <= 5807353))

table 8 : explain SELECT k, c FROM sbtest8 WHERE k BETWEEN 5807253 AND 5807353
	Bitmap Heap Scan on sbtest8  (cost=5.43..389.72 rows=97 width=125)
	  Recheck Cond: ((k >= 5807253) AND (k <= 5807353))
	  ->  Bitmap Index Scan on k_8  (cost=0.00..5.40 rows=97 width=0)
	        Index Cond: ((k >= 5807253) AND (k <= 5807353))

explain: for range-notcovered :: explain SELECT k, c FROM sbtest%d WHERE k BETWEEN 1748124 AND 1748224
explain: for range-notcovered :: explain SELECT k, c FROM sbtest%d WHERE k BETWEEN 5807253 AND 5807353
for range-notcovered
table 1 : explain SELECT k, c FROM sbtest1 WHERE k BETWEEN 1479177 AND 1479277
	Bitmap Heap Scan on sbtest1  (cost=5.43..389.62 rows=97 width=125)
	  Recheck Cond: ((k >= 1479177) AND (k <= 1479277))
	  ->  Bitmap Index Scan on k_1  (cost=0.00..5.40 rows=97 width=0)
	        Index Cond: ((k >= 1479177) AND (k <= 1479277))

table 2 : explain SELECT k, c FROM sbtest2 WHERE k BETWEEN 1479177 AND 1479277
	Bitmap Heap Scan on sbtest2  (cost=5.46..401.49 rows=100 width=125)
	  Recheck Cond: ((k >= 1479177) AND (k <= 1479277))
	  ->  Bitmap Index Scan on k_2  (cost=0.00..5.43 rows=100 width=0)
	        Index Cond: ((k >= 1479177) AND (k <= 1479277))

table 3 : explain SELECT k, c FROM sbtest3 WHERE k BETWEEN 1479177 AND 1479277
	Bitmap Heap Scan on sbtest3  (cost=5.60..456.65 rows=114 width=125)
	  Recheck Cond: ((k >= 1479177) AND (k <= 1479277))
	  ->  Bitmap Index Scan on k_3  (cost=0.00..5.58 rows=114 width=0)
	        Index Cond: ((k >= 1479177) AND (k <= 1479277))

table 4 : explain SELECT k, c FROM sbtest4 WHERE k BETWEEN 1479177 AND 1479277
	Bitmap Heap Scan on sbtest4  (cost=5.47..405.47 rows=101 width=125)
	  Recheck Cond: ((k >= 1479177) AND (k <= 1479277))
	  ->  Bitmap Index Scan on k_4  (cost=0.00..5.44 rows=101 width=0)
	        Index Cond: ((k >= 1479177) AND (k <= 1479277))

table 5 : explain SELECT k, c FROM sbtest5 WHERE k BETWEEN 1479177 AND 1479277
	Bitmap Heap Scan on sbtest5  (cost=5.47..405.47 rows=101 width=125)
	  Recheck Cond: ((k >= 1479177) AND (k <= 1479277))
	  ->  Bitmap Index Scan on k_5  (cost=0.00..5.44 rows=101 width=0)
	        Index Cond: ((k >= 1479177) AND (k <= 1479277))

table 6 : explain SELECT k, c FROM sbtest6 WHERE k BETWEEN 1479177 AND 1479277
	Bitmap Heap Scan on sbtest6  (cost=5.39..373.91 rows=93 width=125)
	  Recheck Cond: ((k >= 1479177) AND (k <= 1479277))
	  ->  Bitmap Index Scan on k_6  (cost=0.00..5.36 rows=93 width=0)
	        Index Cond: ((k >= 1479177) AND (k <= 1479277))

table 7 : explain SELECT k, c FROM sbtest7 WHERE k BETWEEN 1479177 AND 1479277
	Bitmap Heap Scan on sbtest7  (cost=5.43..389.72 rows=97 width=125)
	  Recheck Cond: ((k >= 1479177) AND (k <= 1479277))
	  ->  Bitmap Index Scan on k_7  (cost=0.00..5.40 rows=97 width=0)
	        Index Cond: ((k >= 1479177) AND (k <= 1479277))

table 8 : explain SELECT k, c FROM sbtest8 WHERE k BETWEEN 1479177 AND 1479277
	Bitmap Heap Scan on sbtest8  (cost=5.55..437.04 rows=109 width=125)
	  Recheck Cond: ((k >= 1479177) AND (k <= 1479277))
	  ->  Bitmap Index Scan on k_8  (cost=0.00..5.52 rows=109 width=0)
	        Index Cond: ((k >= 1479177) AND (k <= 1479277))

explain: for range-notcovered :: explain SELECT k, c FROM sbtest%d WHERE k BETWEEN 1479177 AND 1479277
for range-notcovered
table 1 : explain SELECT k, c FROM sbtest1 WHERE k BETWEEN 4953054 AND 4953154
	Bitmap Heap Scan on sbtest1  (cost=5.45..397.51 rows=99 width=125)
	  Recheck Cond: ((k >= 4953054) AND (k <= 4953154))
	  ->  Bitmap Index Scan on k_1  (cost=0.00..5.42 rows=99 width=0)
	        Index Cond: ((k >= 4953054) AND (k <= 4953154))

table 2 : explain SELECT k, c FROM sbtest2 WHERE k BETWEEN 4953054 AND 4953154
	Bitmap Heap Scan on sbtest2  (cost=5.47..405.43 rows=101 width=125)
	  Recheck Cond: ((k >= 4953054) AND (k <= 4953154))
	  ->  Bitmap Index Scan on k_2  (cost=0.00..5.44 rows=101 width=0)
	        Index Cond: ((k >= 4953054) AND (k <= 4953154))

table 3 : explain SELECT k, c FROM sbtest3 WHERE k BETWEEN 4953054 AND 4953154
	Bitmap Heap Scan on sbtest3  (cost=5.54..433.02 rows=108 width=125)
	  Recheck Cond: ((k >= 4953054) AND (k <= 4953154))
	  ->  Bitmap Index Scan on k_3  (cost=0.00..5.51 rows=108 width=0)
	        Index Cond: ((k >= 4953054) AND (k <= 4953154))

table 4 : explain SELECT k, c FROM sbtest4 WHERE k BETWEEN 4953054 AND 4953154
	Bitmap Heap Scan on sbtest4  (cost=5.47..405.47 rows=101 width=125)
	  Recheck Cond: ((k >= 4953054) AND (k <= 4953154))
	  ->  Bitmap Index Scan on k_4  (cost=0.00..5.44 rows=101 width=0)
	        Index Cond: ((k >= 4953054) AND (k <= 4953154))

table 5 : explain SELECT k, c FROM sbtest5 WHERE k BETWEEN 4953054 AND 4953154
	Bitmap Heap Scan on sbtest5  (cost=5.39..373.91 rows=93 width=125)
	  Recheck Cond: ((k >= 4953054) AND (k <= 4953154))
	  ->  Bitmap Index Scan on k_5  (cost=0.00..5.36 rows=93 width=0)
	        Index Cond: ((k >= 4953054) AND (k <= 4953154))

table 6 : explain SELECT k, c FROM sbtest6 WHERE k BETWEEN 4953054 AND 4953154
	Bitmap Heap Scan on sbtest6  (cost=5.49..413.36 rows=103 width=125)
	  Recheck Cond: ((k >= 4953054) AND (k <= 4953154))
	  ->  Bitmap Index Scan on k_6  (cost=0.00..5.46 rows=103 width=0)
	        Index Cond: ((k >= 4953054) AND (k <= 4953154))

table 7 : explain SELECT k, c FROM sbtest7 WHERE k BETWEEN 4953054 AND 4953154
	Bitmap Heap Scan on sbtest7  (cost=5.41..381.83 rows=95 width=125)
	  Recheck Cond: ((k >= 4953054) AND (k <= 4953154))
	  ->  Bitmap Index Scan on k_7  (cost=0.00..5.38 rows=95 width=0)
	        Index Cond: ((k >= 4953054) AND (k <= 4953154))

table 8 : explain SELECT k, c FROM sbtest8 WHERE k BETWEEN 4953054 AND 4953154
	Bitmap Heap Scan on sbtest8  (cost=5.42..385.78 rows=96 width=125)
	  Recheck Cond: ((k >= 4953054) AND (k <= 4953154))
	  ->  Bitmap Index Scan on k_8  (cost=0.00..5.39 rows=96 width=0)
	        Index Cond: ((k >= 4953054) AND (k <= 4953154))

explain: for range-notcovered :: explain SELECT k, c FROM sbtest%d WHERE k BETWEEN 4953054 AND 4953154
explain: for range-notcovered :: explain SELECT k, c FROM sbtest%d WHERE k BETWEEN 4148583 AND 4148683
for range-notcovered
table 1 : explain SELECT k, c FROM sbtest1 WHERE k BETWEEN 4942369 AND 4942469
	Bitmap Heap Scan on sbtest1  (cost=5.45..397.51 rows=99 width=125)
	  Recheck Cond: ((k >= 4942369) AND (k <= 4942469))
	  ->  Bitmap Index Scan on k_1  (cost=0.00..5.42 rows=99 width=0)
	        Index Cond: ((k >= 4942369) AND (k <= 4942469))

table 2 : explain SELECT k, c FROM sbtest2 WHERE k BETWEEN 4942369 AND 4942469
	Bitmap Heap Scan on sbtest2  (cost=5.47..405.43 rows=101 width=125)
	  Recheck Cond: ((k >= 4942369) AND (k <= 4942469))
	  ->  Bitmap Index Scan on k_2  (cost=0.00..5.44 rows=101 width=0)
	        Index Cond: ((k >= 4942369) AND (k <= 4942469))

table 3 : explain SELECT k, c FROM sbtest3 WHERE k BETWEEN 4942369 AND 4942469
	Bitmap Heap Scan on sbtest3  (cost=5.54..433.02 rows=108 width=125)
	  Recheck Cond: ((k >= 4942369) AND (k <= 4942469))
	  ->  Bitmap Index Scan on k_3  (cost=0.00..5.51 rows=108 width=0)
	        Index Cond: ((k >= 4942369) AND (k <= 4942469))

table 4 : explain SELECT k, c FROM sbtest4 WHERE k BETWEEN 4942369 AND 4942469
	Bitmap Heap Scan on sbtest4  (cost=5.47..405.47 rows=101 width=125)
	  Recheck Cond: ((k >= 4942369) AND (k <= 4942469))
	  ->  Bitmap Index Scan on k_4  (cost=0.00..5.44 rows=101 width=0)
	        Index Cond: ((k >= 4942369) AND (k <= 4942469))

table 5 : explain SELECT k, c FROM sbtest5 WHERE k BETWEEN 4942369 AND 4942469
	Bitmap Heap Scan on sbtest5  (cost=5.39..373.91 rows=93 width=125)
	  Recheck Cond: ((k >= 4942369) AND (k <= 4942469))
	  ->  Bitmap Index Scan on k_5  (cost=0.00..5.36 rows=93 width=0)
	        Index Cond: ((k >= 4942369) AND (k <= 4942469))

table 6 : explain SELECT k, c FROM sbtest6 WHERE k BETWEEN 4942369 AND 4942469
	Bitmap Heap Scan on sbtest6  (cost=5.51..421.24 rows=105 width=125)
	  Recheck Cond: ((k >= 4942369) AND (k <= 4942469))
	  ->  Bitmap Index Scan on k_6  (cost=0.00..5.48 rows=105 width=0)
	        Index Cond: ((k >= 4942369) AND (k <= 4942469))

table 7 : explain SELECT k, c FROM sbtest7 WHERE k BETWEEN 4942369 AND 4942469
	Bitmap Heap Scan on sbtest7  (cost=5.41..381.83 rows=95 width=125)
	  Recheck Cond: ((k >= 4942369) AND (k <= 4942469))
	  ->  Bitmap Index Scan on k_7  (cost=0.00..5.38 rows=95 width=0)
	        Index Cond: ((k >= 4942369) AND (k <= 4942469))

table 8 : explain SELECT k, c FROM sbtest8 WHERE k BETWEEN 4942369 AND 4942469
	Bitmap Heap Scan on sbtest8  (cost=5.53..429.16 rows=107 width=125)
	  Recheck Cond: ((k >= 4942369) AND (k <= 4942469))
	  ->  Bitmap Index Scan on k_8  (cost=0.00..5.50 rows=107 width=0)
	        Index Cond: ((k >= 4942369) AND (k <= 4942469))

for range-notcovered
table 1 : explain SELECT k, c FROM sbtest1 WHERE k BETWEEN 3613450 AND 3613550
	Bitmap Heap Scan on sbtest1  (cost=5.42..385.68 rows=96 width=125)
	  Recheck Cond: ((k >= 3613450) AND (k <= 3613550))
	  ->  Bitmap Index Scan on k_1  (cost=0.00..5.39 rows=96 width=0)
	        Index Cond: ((k >= 3613450) AND (k <= 3613550))

table 2 : explain SELECT k, c FROM sbtest2 WHERE k BETWEEN 3613450 AND 3613550
	Bitmap Heap Scan on sbtest2  (cost=5.42..385.71 rows=96 width=125)
	  Recheck Cond: ((k >= 3613450) AND (k <= 3613550))
	  ->  Bitmap Index Scan on k_2  (cost=0.00..5.39 rows=96 width=0)
	        Index Cond: ((k >= 3613450) AND (k <= 3613550))

table 3 : explain SELECT k, c FROM sbtest3 WHERE k BETWEEN 3613450 AND 3613550
	Bitmap Heap Scan on sbtest3  (cost=5.42..385.71 rows=96 width=125)
	  Recheck Cond: ((k >= 3613450) AND (k <= 3613550))
	  ->  Bitmap Index Scan on k_3  (cost=0.00..5.39 rows=96 width=0)
	        Index Cond: ((k >= 3613450) AND (k <= 3613550))

table 4 : explain SELECT k, c FROM sbtest4 WHERE k BETWEEN 3613450 AND 3613550
	Bitmap Heap Scan on sbtest4  (cost=5.40..377.85 rows=94 width=125)
	  Recheck Cond: ((k >= 3613450) AND (k <= 3613550))
	  ->  Bitmap Index Scan on k_4  (cost=0.00..5.38 rows=94 width=0)
	        Index Cond: ((k >= 3613450) AND (k <= 3613550))

table 5 : explain SELECT k, c FROM sbtest5 WHERE k BETWEEN 3613450 AND 3613550
	Bitmap Heap Scan on sbtest5  (cost=5.50..417.30 rows=104 width=125)
	  Recheck Cond: ((k >= 3613450) AND (k <= 3613550))
	  ->  Bitmap Index Scan on k_5  (cost=0.00..5.47 rows=104 width=0)
	        Index Cond: ((k >= 3613450) AND (k <= 3613550))

table 6 : explain SELECT k, c FROM sbtest6 WHERE k BETWEEN 3613450 AND 3613550
	Bitmap Heap Scan on sbtest6  (cost=5.47..405.47 rows=101 width=125)
	  Recheck Cond: ((k >= 3613450) AND (k <= 3613550))
	  ->  Bitmap Index Scan on k_6  (cost=0.00..5.44 rows=101 width=0)
	        Index Cond: ((k >= 3613450) AND (k <= 3613550))

table 7 : explain SELECT k, c FROM sbtest7 WHERE k BETWEEN 3613450 AND 3613550
	Bitmap Heap Scan on sbtest7  (cost=5.55..437.04 rows=109 width=125)
	  Recheck Cond: ((k >= 3613450) AND (k <= 3613550))
	  ->  Bitmap Index Scan on k_7  (cost=0.00..5.52 rows=109 width=0)
	        Index Cond: ((k >= 3613450) AND (k <= 3613550))

table 8 : explain SELECT k, c FROM sbtest8 WHERE k BETWEEN 3613450 AND 3613550
	Bitmap Heap Scan on sbtest8  (cost=5.42..385.78 rows=96 width=125)
	  Recheck Cond: ((k >= 3613450) AND (k <= 3613550))
	  ->  Bitmap Index Scan on k_8  (cost=0.00..5.39 rows=96 width=0)
	        Index Cond: ((k >= 3613450) AND (k <= 3613550))

for range-notcovered
table 1 : explain SELECT k, c FROM sbtest1 WHERE k BETWEEN 3356410 AND 3356510
	Bitmap Heap Scan on sbtest1  (cost=5.43..389.62 rows=97 width=125)
	  Recheck Cond: ((k >= 3356410) AND (k <= 3356510))
	  ->  Bitmap Index Scan on k_1  (cost=0.00..5.40 rows=97 width=0)
	        Index Cond: ((k >= 3356410) AND (k <= 3356510))

table 2 : explain SELECT k, c FROM sbtest2 WHERE k BETWEEN 3356410 AND 3356510
	Bitmap Heap Scan on sbtest2  (cost=5.42..385.71 rows=96 width=125)
	  Recheck Cond: ((k >= 3356410) AND (k <= 3356510))
	  ->  Bitmap Index Scan on k_2  (cost=0.00..5.39 rows=96 width=0)
	        Index Cond: ((k >= 3356410) AND (k <= 3356510))

table 3 : explain SELECT k, c FROM sbtest3 WHERE k BETWEEN 3356410 AND 3356510
	Bitmap Heap Scan on sbtest3  (cost=5.43..389.66 rows=97 width=125)
	  Recheck Cond: ((k >= 3356410) AND (k <= 3356510))
	  ->  Bitmap Index Scan on k_3  (cost=0.00..5.40 rows=97 width=0)
	        Index Cond: ((k >= 3356410) AND (k <= 3356510))

table 4 : explain SELECT k, c FROM sbtest4 WHERE k BETWEEN 3356410 AND 3356510
	Bitmap Heap Scan on sbtest4  (cost=5.47..405.47 rows=101 width=125)
	  Recheck Cond: ((k >= 3356410) AND (k <= 3356510))
	  ->  Bitmap Index Scan on k_4  (cost=0.00..5.44 rows=101 width=0)
	        Index Cond: ((k >= 3356410) AND (k <= 3356510))

table 5 : explain SELECT k, c FROM sbtest5 WHERE k BETWEEN 3356410 AND 3356510
	Bitmap Heap Scan on sbtest5  (cost=5.59..452.76 rows=113 width=125)
	  Recheck Cond: ((k >= 3356410) AND (k <= 3356510))
	  ->  Bitmap Index Scan on k_5  (cost=0.00..5.56 rows=113 width=0)
	        Index Cond: ((k >= 3356410) AND (k <= 3356510))

table 6 : explain SELECT k, c FROM sbtest6 WHERE k BETWEEN 3356410 AND 3356510
	Bitmap Heap Scan on sbtest6  (cost=5.52..425.18 rows=106 width=125)
	  Recheck Cond: ((k >= 3356410) AND (k <= 3356510))
	  ->  Bitmap Index Scan on k_6  (cost=0.00..5.50 rows=106 width=0)
	        Index Cond: ((k >= 3356410) AND (k <= 3356510))

table 7 : explain SELECT k, c FROM sbtest7 WHERE k BETWEEN 3356410 AND 3356510
	Bitmap Heap Scan on sbtest7  (cost=5.44..393.67 rows=98 width=125)
	  Recheck Cond: ((k >= 3356410) AND (k <= 3356510))
	  ->  Bitmap Index Scan on k_7  (cost=0.00..5.42 rows=98 width=0)
	        Index Cond: ((k >= 3356410) AND (k <= 3356510))

table 8 : explain SELECT k, c FROM sbtest8 WHERE k BETWEEN 3356410 AND 3356510
	Bitmap Heap Scan on sbtest8  (cost=5.48..409.45 rows=102 width=125)
	  Recheck Cond: ((k >= 3356410) AND (k <= 3356510))
	  ->  Bitmap Index Scan on k_8  (cost=0.00..5.45 rows=102 width=0)
	        Index Cond: ((k >= 3356410) AND (k <= 3356510))

explain: for range-notcovered :: explain SELECT k, c FROM sbtest%d WHERE k BETWEEN 4942369 AND 4942469
explain: for range-notcovered :: explain SELECT k, c FROM sbtest%d WHERE k BETWEEN 3613450 AND 3613550for range-notcovered
table 1 : explain SELECT k, c FROM sbtest1 WHERE k BETWEEN 5253482 AND 5253582
	Bitmap Heap Scan on sbtest1  (cost=5.56..440.85 rows=110 width=125)
	  Recheck Cond: ((k >= 5253482) AND (k <= 5253582))
	  ->  Bitmap Index Scan on k_1  (cost=0.00..5.53 rows=110 width=0)
	        Index Cond: ((k >= 5253482) AND (k <= 5253582))

table 2 : explain SELECT k, c FROM sbtest2 WHERE k BETWEEN 5253482 AND 5253582
	Bitmap Heap Scan on sbtest2  (cost=5.44..393.60 rows=98 width=125)
	  Recheck Cond: ((k >= 5253482) AND (k <= 5253582))
	  ->  Bitmap Index Scan on k_2  (cost=0.00..5.42 rows=98 width=0)
	        Index Cond: ((k >= 5253482) AND (k <= 5253582))

table 3 : explain SELECT k, c FROM sbtest3 WHERE k BETWEEN 5253482 AND 5253582
	Bitmap Heap Scan on sbtest3  (cost=5.43..389.66 rows=97 width=125)
	  Recheck Cond: ((k >= 5253482) AND (k <= 5253582))
	  ->  Bitmap Index Scan on k_3  (cost=0.00..5.40 rows=97 width=0)
	        Index Cond: ((k >= 5253482) AND (k <= 5253582))

table 4 : explain SELECT k, c FROM sbtest4 WHERE k BETWEEN 5253482 AND 5253582
	Bitmap Heap Scan on sbtest4  (cost=5.45..397.58 rows=99 width=125)
	  Recheck Cond: ((k >= 5253482) AND (k <= 5253582))
	  ->  Bitmap Index Scan on k_4  (cost=0.00..5.42 rows=99 width=0)
	        Index Cond: ((k >= 5253482) AND (k <= 5253582))

table 5 : explain SELECT k, c FROM sbtest5 WHERE k BETWEEN 5253482 AND 5253582
	Bitmap Heap Scan on sbtest5  (cost=5.56..440.94 rows=110 width=125)
	  Recheck Cond: ((k >= 5253482) AND (k <= 5253582))
	  ->  Bitmap Index Scan on k_5  (cost=0.00..5.53 rows=110 width=0)
	        Index Cond: ((k >= 5253482) AND (k <= 5253582))

table 6 : explain SELECT k, c FROM sbtest6 WHERE k BETWEEN 5253482 AND 5253582
	Bitmap Heap Scan on sbtest6  (cost=5.45..397.58 rows=99 width=125)
	  Recheck Cond: ((k >= 5253482) AND (k <= 5253582))
	  ->  Bitmap Index Scan on k_6  (cost=0.00..5.42 rows=99 width=0)
	        Index Cond: ((k >= 5253482) AND (k <= 5253582))

table 7 : explain SELECT k, c FROM sbtest7 WHERE k BETWEEN 5253482 AND 5253582
	Bitmap Heap Scan on sbtest7  (cost=5.52..425.22 rows=106 width=125)
	  Recheck Cond: ((k >= 5253482) AND (k <= 5253582))
	  ->  Bitmap Index Scan on k_7  (cost=0.00..5.50 rows=106 width=0)
	        Index Cond: ((k >= 5253482) AND (k <= 5253582))

table 8 : explain SELECT k, c FROM sbtest8 WHERE k BETWEEN 5253482 AND 5253582
	Bitmap Heap Scan on sbtest8  (cost=5.44..393.67 rows=98 width=125)
	  Recheck Cond: ((k >= 5253482) AND (k <= 5253582))
	  ->  Bitmap Index Scan on k_8  (cost=0.00..5.42 rows=98 width=0)
	        Index Cond: ((k >= 5253482) AND (k <= 5253582))


for range-notcovered
table 1 : explain SELECT k, c FROM sbtest1 WHERE k BETWEEN 5807253 AND 5807353
	Bitmap Heap Scan on sbtest1  (cost=5.49..413.27 rows=103 width=125)
	  Recheck Cond: ((k >= 5807253) AND (k <= 5807353))
	  ->  Bitmap Index Scan on k_1  (cost=0.00..5.46 rows=103 width=0)
	        Index Cond: ((k >= 5807253) AND (k <= 5807353))

table 2 : explain SELECT k, c FROM sbtest2 WHERE k BETWEEN 5807253 AND 5807353
	Bitmap Heap Scan on sbtest2  (cost=5.50..417.26 rows=104 width=125)
	  Recheck Cond: ((k >= 5807253) AND (k <= 5807353))
	  ->  Bitmap Index Scan on k_2  (cost=0.00..5.47 rows=104 width=0)
	        Index Cond: ((k >= 5807253) AND (k <= 5807353))

table 3 : explain SELECT k, c FROM sbtest3 WHERE k BETWEEN 5807253 AND 5807353
	Bitmap Heap Scan on sbtest3  (cost=5.40..377.82 rows=94 width=125)
	  Recheck Cond: ((k >= 5807253) AND (k <= 5807353))
	  ->  Bitmap Index Scan on k_3  (cost=0.00..5.38 rows=94 width=0)
	        Index Cond: ((k >= 5807253) AND (k <= 5807353))

table 4 : explain SELECT k, c FROM sbtest4 WHERE k BETWEEN 5807253 AND 5807353
	Bitmap Heap Scan on sbtest4  (cost=5.49..413.35 rows=103 width=125)
	  Recheck Cond: ((k >= 5807253) AND (k <= 5807353))
	  ->  Bitmap Index Scan on k_4  (cost=0.00..5.46 rows=103 width=0)
	        Index Cond: ((k >= 5807253) AND (k <= 5807353))

table 5 : explain SELECT k, c FROM sbtest5 WHERE k BETWEEN 5807253 AND 5807353
	Bitmap Heap Scan on sbtest5  (cost=5.51..421.24 rows=105 width=125)
	  Recheck Cond: ((k >= 5807253) AND (k <= 5807353))
	  ->  Bitmap Index Scan on k_5  (cost=0.00..5.48 rows=105 width=0)
	        Index Cond: ((k >= 5807253) AND (k <= 5807353))

table 6 : explain SELECT k, c FROM sbtest6 WHERE k BETWEEN 5807253 AND 5807353
	Bitmap Heap Scan on sbtest6  (cost=5.65..476.39 rows=119 width=125)
	  Recheck Cond: ((k >= 5807253) AND (k <= 5807353))
	  ->  Bitmap Index Scan on k_6  (cost=0.00..5.62 rows=119 width=0)
	        Index Cond: ((k >= 5807253) AND (k <= 5807353))

table 7 : explain SELECT k, c FROM sbtest7 WHERE k BETWEEN 5807253 AND 5807353
	Bitmap Heap Scan on sbtest7  (cost=5.46..401.56 rows=100 width=125)
	  Recheck Cond: ((k >= 5807253) AND (k <= 5807353))
	  ->  Bitmap Index Scan on k_7  (cost=0.00..5.43 rows=100 width=0)
	        Index Cond: ((k >= 5807253) AND (k <= 5807353))

table 8 : explain SELECT k, c FROM sbtest8 WHERE k BETWEEN 5807253 AND 5807353
	Bitmap Heap Scan on sbtest8  (cost=5.43..389.72 rows=97 width=125)
	  Recheck Cond: ((k >= 5807253) AND (k <= 5807353))
	  ->  Bitmap Index Scan on k_8  (cost=0.00..5.40 rows=97 width=0)
	        Index Cond: ((k >= 5807253) AND (k <= 5807353))

explain: for range-notcovered :: explain SELECT k, c FROM sbtest%d WHERE k BETWEEN 3356410 AND 3356510
explain: for range-notcovered :: explain SELECT k, c FROM sbtest%d WHERE k BETWEEN 5253482 AND 5253582
for range-notcovered
table 1 : explain SELECT k, c FROM sbtest1 WHERE k BETWEEN 1748124 AND 1748224
	Bitmap Heap Scan on sbtest1  (cost=5.43..389.62 rows=97 width=125)
	  Recheck Cond: ((k >= 1748124) AND (k <= 1748224))
	  ->  Bitmap Index Scan on k_1  (cost=0.00..5.40 rows=97 width=0)
	        Index Cond: ((k >= 1748124) AND (k <= 1748224))

table 2 : explain SELECT k, c FROM sbtest2 WHERE k BETWEEN 1748124 AND 1748224
	Bitmap Heap Scan on sbtest2  (cost=5.48..409.37 rows=102 width=125)
	  Recheck Cond: ((k >= 1748124) AND (k <= 1748224))
	  ->  Bitmap Index Scan on k_2  (cost=0.00..5.45 rows=102 width=0)
	        Index Cond: ((k >= 1748124) AND (k <= 1748224))

table 3 : explain SELECT k, c FROM sbtest3 WHERE k BETWEEN 1748124 AND 1748224
	Bitmap Heap Scan on sbtest3  (cost=5.52..425.14 rows=106 width=125)
	  Recheck Cond: ((k >= 1748124) AND (k <= 1748224))
	  ->  Bitmap Index Scan on k_3  (cost=0.00..5.50 rows=106 width=0)
	        Index Cond: ((k >= 1748124) AND (k <= 1748224))

table 4 : explain SELECT k, c FROM sbtest4 WHERE k BETWEEN 1748124 AND 1748224
	Bitmap Heap Scan on sbtest4  (cost=5.49..413.35 rows=103 width=125)
	  Recheck Cond: ((k >= 1748124) AND (k <= 1748224))
	  ->  Bitmap Index Scan on k_4  (cost=0.00..5.46 rows=103 width=0)
	        Index Cond: ((k >= 1748124) AND (k <= 1748224))

table 5 : explain SELECT k, c FROM sbtest5 WHERE k BETWEEN 1748124 AND 1748224
	Bitmap Heap Scan on sbtest5  (cost=5.47..405.47 rows=101 width=125)
	  Recheck Cond: ((k >= 1748124) AND (k <= 1748224))
	  ->  Bitmap Index Scan on k_5  (cost=0.00..5.44 rows=101 width=0)
	        Index Cond: ((k >= 1748124) AND (k <= 1748224))

table 6 : explain SELECT k, c FROM sbtest6 WHERE k BETWEEN 1748124 AND 1748224
	Bitmap Heap Scan on sbtest6  (cost=5.46..401.53 rows=100 width=125)
	  Recheck Cond: ((k >= 1748124) AND (k <= 1748224))
	  ->  Bitmap Index Scan on k_6  (cost=0.00..5.43 rows=100 width=0)
	        Index Cond: ((k >= 1748124) AND (k <= 1748224))

table 7 : explain SELECT k, c FROM sbtest7 WHERE k BETWEEN 1748124 AND 1748224
	Bitmap Heap Scan on sbtest7  (cost=5.45..397.62 rows=99 width=125)
	  Recheck Cond: ((k >= 1748124) AND (k <= 1748224))
	  ->  Bitmap Index Scan on k_7  (cost=0.00..5.42 rows=99 width=0)
	        Index Cond: ((k >= 1748124) AND (k <= 1748224))

table 8 : explain SELECT k, c FROM sbtest8 WHERE k BETWEEN 1748124 AND 1748224
	Bitmap Heap Scan on sbtest8  (cost=5.53..429.16 rows=107 width=125)
	  Recheck Cond: ((k >= 1748124) AND (k <= 1748224))
	  ->  Bitmap Index Scan on k_8  (cost=0.00..5.50 rows=107 width=0)
	        Index Cond: ((k >= 1748124) AND (k <= 1748224))

explain: for range-notcovered :: explain SELECT k, c FROM sbtest%d WHERE k BETWEEN 1748124 AND 1748224
for range-notcovered
table 1 : explain SELECT k, c FROM sbtest1 WHERE k BETWEEN 1479177 AND 1479277
	Bitmap Heap Scan on sbtest1  (cost=5.43..389.62 rows=97 width=125)
	  Recheck Cond: ((k >= 1479177) AND (k <= 1479277))
	  ->  Bitmap Index Scan on k_1  (cost=0.00..5.40 rows=97 width=0)
	        Index Cond: ((k >= 1479177) AND (k <= 1479277))

table 2 : explain SELECT k, c FROM sbtest2 WHERE k BETWEEN 1479177 AND 1479277
	Bitmap Heap Scan on sbtest2  (cost=5.46..401.49 rows=100 width=125)
	  Recheck Cond: ((k >= 1479177) AND (k <= 1479277))
	  ->  Bitmap Index Scan on k_2  (cost=0.00..5.43 rows=100 width=0)
	        Index Cond: ((k >= 1479177) AND (k <= 1479277))

table 3 : explain SELECT k, c FROM sbtest3 WHERE k BETWEEN 1479177 AND 1479277
	Bitmap Heap Scan on sbtest3  (cost=5.60..456.65 rows=114 width=125)
	  Recheck Cond: ((k >= 1479177) AND (k <= 1479277))
	  ->  Bitmap Index Scan on k_3  (cost=0.00..5.58 rows=114 width=0)
	        Index Cond: ((k >= 1479177) AND (k <= 1479277))

table 4 : explain SELECT k, c FROM sbtest4 WHERE k BETWEEN 1479177 AND 1479277
	Bitmap Heap Scan on sbtest4  (cost=5.47..405.47 rows=101 width=125)
	  Recheck Cond: ((k >= 1479177) AND (k <= 1479277))
	  ->  Bitmap Index Scan on k_4  (cost=0.00..5.44 rows=101 width=0)
	        Index Cond: ((k >= 1479177) AND (k <= 1479277))

table 5 : explain SELECT k, c FROM sbtest5 WHERE k BETWEEN 1479177 AND 1479277
	Bitmap Heap Scan on sbtest5  (cost=5.47..405.47 rows=101 width=125)
	  Recheck Cond: ((k >= 1479177) AND (k <= 1479277))
	  ->  Bitmap Index Scan on k_5  (cost=0.00..5.44 rows=101 width=0)
	        Index Cond: ((k >= 1479177) AND (k <= 1479277))

table 6 : explain SELECT k, c FROM sbtest6 WHERE k BETWEEN 1479177 AND 1479277
	Bitmap Heap Scan on sbtest6  (cost=5.39..373.91 rows=93 width=125)
	  Recheck Cond: ((k >= 1479177) AND (k <= 1479277))
	  ->  Bitmap Index Scan on k_6  (cost=0.00..5.36 rows=93 width=0)
	        Index Cond: ((k >= 1479177) AND (k <= 1479277))

table 7 : explain SELECT k, c FROM sbtest7 WHERE k BETWEEN 1479177 AND 1479277
	Bitmap Heap Scan on sbtest7  (cost=5.43..389.72 rows=97 width=125)
	  Recheck Cond: ((k >= 1479177) AND (k <= 1479277))
	  ->  Bitmap Index Scan on k_7  (cost=0.00..5.40 rows=97 width=0)
	        Index Cond: ((k >= 1479177) AND (k <= 1479277))

table 8 : explain SELECT k, c FROM sbtest8 WHERE k BETWEEN 1479177 AND 1479277
	Bitmap Heap Scan on sbtest8  (cost=5.55..437.04 rows=109 width=125)
	  Recheck Cond: ((k >= 1479177) AND (k <= 1479277))
	  ->  Bitmap Index Scan on k_8  (cost=0.00..5.52 rows=109 width=0)
	        Index Cond: ((k >= 1479177) AND (k <= 1479277))

explain: for range-notcovered :: explain SELECT k, c FROM sbtest%d WHERE k BETWEEN 1479177 AND 1479277
for range-notcovered
table 1 : explain SELECT k, c FROM sbtest1 WHERE k BETWEEN 4953054 AND 4953154
	Bitmap Heap Scan on sbtest1  (cost=5.45..397.51 rows=99 width=125)
	  Recheck Cond: ((k >= 4953054) AND (k <= 4953154))
	  ->  Bitmap Index Scan on k_1  (cost=0.00..5.42 rows=99 width=0)
	        Index Cond: ((k >= 4953054) AND (k <= 4953154))

table 2 : explain SELECT k, c FROM sbtest2 WHERE k BETWEEN 4953054 AND 4953154
	Bitmap Heap Scan on sbtest2  (cost=5.47..405.43 rows=101 width=125)
	  Recheck Cond: ((k >= 4953054) AND (k <= 4953154))
	  ->  Bitmap Index Scan on k_2  (cost=0.00..5.44 rows=101 width=0)
	        Index Cond: ((k >= 4953054) AND (k <= 4953154))

table 3 : explain SELECT k, c FROM sbtest3 WHERE k BETWEEN 4953054 AND 4953154
	Bitmap Heap Scan on sbtest3  (cost=5.54..433.02 rows=108 width=125)
	  Recheck Cond: ((k >= 4953054) AND (k <= 4953154))
	  ->  Bitmap Index Scan on k_3  (cost=0.00..5.51 rows=108 width=0)
	        Index Cond: ((k >= 4953054) AND (k <= 4953154))

table 4 : explain SELECT k, c FROM sbtest4 WHERE k BETWEEN 4953054 AND 4953154
	Bitmap Heap Scan on sbtest4  (cost=5.47..405.47 rows=101 width=125)
	  Recheck Cond: ((k >= 4953054) AND (k <= 4953154))
	  ->  Bitmap Index Scan on k_4  (cost=0.00..5.44 rows=101 width=0)
	        Index Cond: ((k >= 4953054) AND (k <= 4953154))

table 5 : explain SELECT k, c FROM sbtest5 WHERE k BETWEEN 4953054 AND 4953154
	Bitmap Heap Scan on sbtest5  (cost=5.39..373.91 rows=93 width=125)
	  Recheck Cond: ((k >= 4953054) AND (k <= 4953154))
	  ->  Bitmap Index Scan on k_5  (cost=0.00..5.36 rows=93 width=0)
	        Index Cond: ((k >= 4953054) AND (k <= 4953154))

table 6 : explain SELECT k, c FROM sbtest6 WHERE k BETWEEN 4953054 AND 4953154
	Bitmap Heap Scan on sbtest6  (cost=5.49..413.36 rows=103 width=125)
	  Recheck Cond: ((k >= 4953054) AND (k <= 4953154))
	  ->  Bitmap Index Scan on k_6  (cost=0.00..5.46 rows=103 width=0)
	        Index Cond: ((k >= 4953054) AND (k <= 4953154))

table 7 : explain SELECT k, c FROM sbtest7 WHERE k BETWEEN 4953054 AND 4953154
	Bitmap Heap Scan on sbtest7  (cost=5.41..381.83 rows=95 width=125)
	  Recheck Cond: ((k >= 4953054) AND (k <= 4953154))
	  ->  Bitmap Index Scan on k_7  (cost=0.00..5.38 rows=95 width=0)
	        Index Cond: ((k >= 4953054) AND (k <= 4953154))

table 8 : explain SELECT k, c FROM sbtest8 WHERE k BETWEEN 4953054 AND 4953154
	Bitmap Heap Scan on sbtest8  (cost=5.42..385.78 rows=96 width=125)
	  Recheck Cond: ((k >= 4953054) AND (k <= 4953154))
	  ->  Bitmap Index Scan on k_8  (cost=0.00..5.39 rows=96 width=0)
	        Index Cond: ((k >= 4953054) AND (k <= 4953154))

explain: for range-notcovered :: explain SELECT k, c FROM sbtest%d WHERE k BETWEEN 4953054 AND 4953154
for range-notcovered
table 1 : explain SELECT k, c FROM sbtest1 WHERE k BETWEEN 4942369 AND 4942469
	Bitmap Heap Scan on sbtest1  (cost=5.45..397.51 rows=99 width=125)
	  Recheck Cond: ((k >= 4942369) AND (k <= 4942469))
	  ->  Bitmap Index Scan on k_1  (cost=0.00..5.42 rows=99 width=0)
	        Index Cond: ((k >= 4942369) AND (k <= 4942469))

table 2 : explain SELECT k, c FROM sbtest2 WHERE k BETWEEN 4942369 AND 4942469
	Bitmap Heap Scan on sbtest2  (cost=5.47..405.43 rows=101 width=125)
	  Recheck Cond: ((k >= 4942369) AND (k <= 4942469))
	  ->  Bitmap Index Scan on k_2  (cost=0.00..5.44 rows=101 width=0)
	        Index Cond: ((k >= 4942369) AND (k <= 4942469))

table 3 : explain SELECT k, c FROM sbtest3 WHERE k BETWEEN 4942369 AND 4942469
	Bitmap Heap Scan on sbtest3  (cost=5.54..433.02 rows=108 width=125)
	  Recheck Cond: ((k >= 4942369) AND (k <= 4942469))
	  ->  Bitmap Index Scan on k_3  (cost=0.00..5.51 rows=108 width=0)
	        Index Cond: ((k >= 4942369) AND (k <= 4942469))

table 4 : explain SELECT k, c FROM sbtest4 WHERE k BETWEEN 4942369 AND 4942469
	Bitmap Heap Scan on sbtest4  (cost=5.47..405.47 rows=101 width=125)
	  Recheck Cond: ((k >= 4942369) AND (k <= 4942469))
	  ->  Bitmap Index Scan on k_4  (cost=0.00..5.44 rows=101 width=0)
	        Index Cond: ((k >= 4942369) AND (k <= 4942469))

table 5 : explain SELECT k, c FROM sbtest5 WHERE k BETWEEN 4942369 AND 4942469
	Bitmap Heap Scan on sbtest5  (cost=5.39..373.91 rows=93 width=125)
	  Recheck Cond: ((k >= 4942369) AND (k <= 4942469))
	  ->  Bitmap Index Scan on k_5  (cost=0.00..5.36 rows=93 width=0)
	        Index Cond: ((k >= 4942369) AND (k <= 4942469))

table 6 : explain SELECT k, c FROM sbtest6 WHERE k BETWEEN 4942369 AND 4942469
	Bitmap Heap Scan on sbtest6  (cost=5.51..421.24 rows=105 width=125)
	  Recheck Cond: ((k >= 4942369) AND (k <= 4942469))
	  ->  Bitmap Index Scan on k_6  (cost=0.00..5.48 rows=105 width=0)
	        Index Cond: ((k >= 4942369) AND (k <= 4942469))

table 7 : explain SELECT k, c FROM sbtest7 WHERE k BETWEEN 4942369 AND 4942469
	Bitmap Heap Scan on sbtest7  (cost=5.41..381.83 rows=95 width=125)
	  Recheck Cond: ((k >= 4942369) AND (k <= 4942469))
	  ->  Bitmap Index Scan on k_7  (cost=0.00..5.38 rows=95 width=0)
	        Index Cond: ((k >= 4942369) AND (k <= 4942469))

table 8 : explain SELECT k, c FROM sbtest8 WHERE k BETWEEN 4942369 AND 4942469
	Bitmap Heap Scan on sbtest8  (cost=5.53..429.16 rows=107 width=125)
	  Recheck Cond: ((k >= 4942369) AND (k <= 4942469))
	  ->  Bitmap Index Scan on k_8  (cost=0.00..5.50 rows=107 width=0)
	        Index Cond: ((k >= 4942369) AND (k <= 4942469))

explain: for range-notcovered :: explain SELECT k, c FROM sbtest%d WHERE k BETWEEN 2480614 AND 2480714
explain: for range-notcovered :: explain SELECT k, c FROM sbtest%d WHERE k BETWEEN 4942369 AND 4942469
for range-notcovered
table 1 : explain SELECT k, c FROM sbtest1 WHERE k BETWEEN 3613450 AND 3613550
	Bitmap Heap Scan on sbtest1  (cost=5.42..385.68 rows=96 width=125)
	  Recheck Cond: ((k >= 3613450) AND (k <= 3613550))
	  ->  Bitmap Index Scan on k_1  (cost=0.00..5.39 rows=96 width=0)
	        Index Cond: ((k >= 3613450) AND (k <= 3613550))

table 2 : explain SELECT k, c FROM sbtest2 WHERE k BETWEEN 3613450 AND 3613550
	Bitmap Heap Scan on sbtest2  (cost=5.42..385.71 rows=96 width=125)
	  Recheck Cond: ((k >= 3613450) AND (k <= 3613550))
	  ->  Bitmap Index Scan on k_2  (cost=0.00..5.39 rows=96 width=0)
	        Index Cond: ((k >= 3613450) AND (k <= 3613550))

table 3 : explain SELECT k, c FROM sbtest3 WHERE k BETWEEN 3613450 AND 3613550
	Bitmap Heap Scan on sbtest3  (cost=5.42..385.71 rows=96 width=125)
	  Recheck Cond: ((k >= 3613450) AND (k <= 3613550))
	  ->  Bitmap Index Scan on k_3  (cost=0.00..5.39 rows=96 width=0)
	        Index Cond: ((k >= 3613450) AND (k <= 3613550))

table 4 : explain SELECT k, c FROM sbtest4 WHERE k BETWEEN 3613450 AND 3613550
	Bitmap Heap Scan on sbtest4  (cost=5.40..377.85 rows=94 width=125)
	  Recheck Cond: ((k >= 3613450) AND (k <= 3613550))
	  ->  Bitmap Index Scan on k_4  (cost=0.00..5.38 rows=94 width=0)
	        Index Cond: ((k >= 3613450) AND (k <= 3613550))

table 5 : explain SELECT k, c FROM sbtest5 WHERE k BETWEEN 3613450 AND 3613550
	Bitmap Heap Scan on sbtest5  (cost=5.50..417.30 rows=104 width=125)
	  Recheck Cond: ((k >= 3613450) AND (k <= 3613550))
	  ->  Bitmap Index Scan on k_5  (cost=0.00..5.47 rows=104 width=0)
	        Index Cond: ((k >= 3613450) AND (k <= 3613550))

table 6 : explain SELECT k, c FROM sbtest6 WHERE k BETWEEN 3613450 AND 3613550
	Bitmap Heap Scan on sbtest6  (cost=5.47..405.47 rows=101 width=125)
	  Recheck Cond: ((k >= 3613450) AND (k <= 3613550))
	  ->  Bitmap Index Scan on k_6  (cost=0.00..5.44 rows=101 width=0)
	        Index Cond: ((k >= 3613450) AND (k <= 3613550))

table 7 : explain SELECT k, c FROM sbtest7 WHERE k BETWEEN 3613450 AND 3613550
	Bitmap Heap Scan on sbtest7  (cost=5.55..437.04 rows=109 width=125)
	  Recheck Cond: ((k >= 3613450) AND (k <= 3613550))
	  ->  Bitmap Index Scan on k_7  (cost=0.00..5.52 rows=109 width=0)
	        Index Cond: ((k >= 3613450) AND (k <= 3613550))

table 8 : explain SELECT k, c FROM sbtest8 WHERE k BETWEEN 3613450 AND 3613550
	Bitmap Heap Scan on sbtest8  (cost=5.42..385.78 rows=96 width=125)
	  Recheck Cond: ((k >= 3613450) AND (k <= 3613550))
	  ->  Bitmap Index Scan on k_8  (cost=0.00..5.39 rows=96 width=0)
	        Index Cond: ((k >= 3613450) AND (k <= 3613550))

for range-notcovered
table 1 : explain SELECT k, c FROM sbtest1 WHERE k BETWEEN 1748124 AND 1748224
	Bitmap Heap Scan on sbtest1  (cost=5.43..389.62 rows=97 width=125)
	  Recheck Cond: ((k >= 1748124) AND (k <= 1748224))
	  ->  Bitmap Index Scan on k_1  (cost=0.00..5.40 rows=97 width=0)
	        Index Cond: ((k >= 1748124) AND (k <= 1748224))

table 2 : explain SELECT k, c FROM sbtest2 WHERE k BETWEEN 1748124 AND 1748224
	Bitmap Heap Scan on sbtest2  (cost=5.48..409.37 rows=102 width=125)
	  Recheck Cond: ((k >= 1748124) AND (k <= 1748224))
	  ->  Bitmap Index Scan on k_2  (cost=0.00..5.45 rows=102 width=0)
	        Index Cond: ((k >= 1748124) AND (k <= 1748224))

table 3 : explain SELECT k, c FROM sbtest3 WHERE k BETWEEN 1748124 AND 1748224
	Bitmap Heap Scan on sbtest3  (cost=5.52..425.14 rows=106 width=125)
	  Recheck Cond: ((k >= 1748124) AND (k <= 1748224))
	  ->  Bitmap Index Scan on k_3  (cost=0.00..5.50 rows=106 width=0)
	        Index Cond: ((k >= 1748124) AND (k <= 1748224))

table 4 : explain SELECT k, c FROM sbtest4 WHERE k BETWEEN 1748124 AND 1748224
	Bitmap Heap Scan on sbtest4  (cost=5.49..413.35 rows=103 width=125)
	  Recheck Cond: ((k >= 1748124) AND (k <= 1748224))
	  ->  Bitmap Index Scan on k_4  (cost=0.00..5.46 rows=103 width=0)
	        Index Cond: ((k >= 1748124) AND (k <= 1748224))

table 5 : explain SELECT k, c FROM sbtest5 WHERE k BETWEEN 1748124 AND 1748224
	Bitmap Heap Scan on sbtest5  (cost=5.47..405.47 rows=101 width=125)
	  Recheck Cond: ((k >= 1748124) AND (k <= 1748224))
	  ->  Bitmap Index Scan on k_5  (cost=0.00..5.44 rows=101 width=0)
	        Index Cond: ((k >= 1748124) AND (k <= 1748224))

table 6 : explain SELECT k, c FROM sbtest6 WHERE k BETWEEN 1748124 AND 1748224
	Bitmap Heap Scan on sbtest6  (cost=5.46..401.53 rows=100 width=125)
	  Recheck Cond: ((k >= 1748124) AND (k <= 1748224))
	  ->  Bitmap Index Scan on k_6  (cost=0.00..5.43 rows=100 width=0)
	        Index Cond: ((k >= 1748124) AND (k <= 1748224))

table 7 : explain SELECT k, c FROM sbtest7 WHERE k BETWEEN 1748124 AND 1748224
	Bitmap Heap Scan on sbtest7  (cost=5.45..397.62 rows=99 width=125)
	  Recheck Cond: ((k >= 1748124) AND (k <= 1748224))
	  ->  Bitmap Index Scan on k_7  (cost=0.00..5.42 rows=99 width=0)
	        Index Cond: ((k >= 1748124) AND (k <= 1748224))

table 8 : explain SELECT k, c FROM sbtest8 WHERE k BETWEEN 1748124 AND 1748224
	Bitmap Heap Scan on sbtest8  (cost=5.53..429.16 rows=107 width=125)
	  Recheck Cond: ((k >= 1748124) AND (k <= 1748224))
	  ->  Bitmap Index Scan on k_8  (cost=0.00..5.50 rows=107 width=0)
	        Index Cond: ((k >= 1748124) AND (k <= 1748224))

explain: for range-notcovered :: explain SELECT k, c FROM sbtest%d WHERE k BETWEEN 3613450 AND 3613550
for range-notcovered
table 1 : explain SELECT k, c FROM sbtest1 WHERE k BETWEEN 2738971 AND 2739071
	Bitmap Heap Scan on sbtest1  (cost=5.46..401.45 rows=100 width=125)
	  Recheck Cond: ((k >= 2738971) AND (k <= 2739071))
	  ->  Bitmap Index Scan on k_1  (cost=0.00..5.43 rows=100 width=0)
	        Index Cond: ((k >= 2738971) AND (k <= 2739071))

table 2 : explain SELECT k, c FROM sbtest2 WHERE k BETWEEN 2738971 AND 2739071
	Bitmap Heap Scan on sbtest2  (cost=5.47..405.43 rows=101 width=125)
	  Recheck Cond: ((k >= 2738971) AND (k <= 2739071))
	  ->  Bitmap Index Scan on k_2  (cost=0.00..5.44 rows=101 width=0)
	        Index Cond: ((k >= 2738971) AND (k <= 2739071))

table 3 : explain SELECT k, c FROM sbtest3 WHERE k BETWEEN 2738971 AND 2739071
	Bitmap Heap Scan on sbtest3  (cost=5.45..397.55 rows=99 width=125)
	  Recheck Cond: ((k >= 2738971) AND (k <= 2739071))
	  ->  Bitmap Index Scan on k_3  (cost=0.00..5.42 rows=99 width=0)
	        Index Cond: ((k >= 2738971) AND (k <= 2739071))

table 4 : explain SELECT k, c FROM sbtest4 WHERE k BETWEEN 2738971 AND 2739071
	Bitmap Heap Scan on sbtest4  (cost=5.52..425.18 rows=106 width=125)
	  Recheck Cond: ((k >= 2738971) AND (k <= 2739071))
	  ->  Bitmap Index Scan on k_4  (cost=0.00..5.50 rows=106 width=0)
	        Index Cond: ((k >= 2738971) AND (k <= 2739071))

table 5 : explain SELECT k, c FROM sbtest5 WHERE k BETWEEN 2738971 AND 2739071
	Bitmap Heap Scan on sbtest5  (cost=5.46..401.53 rows=100 width=125)
	  Recheck Cond: ((k >= 2738971) AND (k <= 2739071))
	  ->  Bitmap Index Scan on k_5  (cost=0.00..5.43 rows=100 width=0)
	        Index Cond: ((k >= 2738971) AND (k <= 2739071))

table 6 : explain SELECT k, c FROM sbtest6 WHERE k BETWEEN 2738971 AND 2739071
	Bitmap Heap Scan on sbtest6  (cost=5.49..413.36 rows=103 width=125)
	  Recheck Cond: ((k >= 2738971) AND (k <= 2739071))
	  ->  Bitmap Index Scan on k_6  (cost=0.00..5.46 rows=103 width=0)
	        Index Cond: ((k >= 2738971) AND (k <= 2739071))

table 7 : explain SELECT k, c FROM sbtest7 WHERE k BETWEEN 2738971 AND 2739071
	Bitmap Heap Scan on sbtest7  (cost=5.40..377.89 rows=94 width=125)
	  Recheck Cond: ((k >= 2738971) AND (k <= 2739071))
	  ->  Bitmap Index Scan on k_7  (cost=0.00..5.38 rows=94 width=0)
	        Index Cond: ((k >= 2738971) AND (k <= 2739071))

table 8 : explain SELECT k, c FROM sbtest8 WHERE k BETWEEN 2738971 AND 2739071
	Bitmap Heap Scan on sbtest8  (cost=5.49..413.39 rows=103 width=125)
	  Recheck Cond: ((k >= 2738971) AND (k <= 2739071))
	  ->  Bitmap Index Scan on k_8  (cost=0.00..5.46 rows=103 width=0)
	        Index Cond: ((k >= 2738971) AND (k <= 2739071))

for range-notcovered
table 1 : explain SELECT k, c FROM sbtest1 WHERE k BETWEEN 5253482 AND 5253582
	Bitmap Heap Scan on sbtest1  (cost=5.56..440.85 rows=110 width=125)
	  Recheck Cond: ((k >= 5253482) AND (k <= 5253582))
	  ->  Bitmap Index Scan on k_1  (cost=0.00..5.53 rows=110 width=0)
	        Index Cond: ((k >= 5253482) AND (k <= 5253582))

table 2 : explain SELECT k, c FROM sbtest2 WHERE k BETWEEN 5253482 AND 5253582
	Bitmap Heap Scan on sbtest2  (cost=5.44..393.60 rows=98 width=125)
	  Recheck Cond: ((k >= 5253482) AND (k <= 5253582))
	  ->  Bitmap Index Scan on k_2  (cost=0.00..5.42 rows=98 width=0)
	        Index Cond: ((k >= 5253482) AND (k <= 5253582))

table 3 : explain SELECT k, c FROM sbtest3 WHERE k BETWEEN 5253482 AND 5253582
	Bitmap Heap Scan on sbtest3  (cost=5.43..389.66 rows=97 width=125)
	  Recheck Cond: ((k >= 5253482) AND (k <= 5253582))
	  ->  Bitmap Index Scan on k_3  (cost=0.00..5.40 rows=97 width=0)
	        Index Cond: ((k >= 5253482) AND (k <= 5253582))

table 4 : explain SELECT k, c FROM sbtest4 WHERE k BETWEEN 5253482 AND 5253582
	Bitmap Heap Scan on sbtest4  (cost=5.45..397.58 rows=99 width=125)
	  Recheck Cond: ((k >= 5253482) AND (k <= 5253582))
	  ->  Bitmap Index Scan on k_4  (cost=0.00..5.42 rows=99 width=0)
	        Index Cond: ((k >= 5253482) AND (k <= 5253582))

table 5 : explain SELECT k, c FROM sbtest5 WHERE k BETWEEN 5253482 AND 5253582
	Bitmap Heap Scan on sbtest5  (cost=5.56..440.94 rows=110 width=125)
	  Recheck Cond: ((k >= 5253482) AND (k <= 5253582))
	  ->  Bitmap Index Scan on k_5  (cost=0.00..5.53 rows=110 width=0)
	        Index Cond: ((k >= 5253482) AND (k <= 5253582))

table 6 : explain SELECT k, c FROM sbtest6 WHERE k BETWEEN 5253482 AND 5253582
	Bitmap Heap Scan on sbtest6  (cost=5.45..397.58 rows=99 width=125)
	  Recheck Cond: ((k >= 5253482) AND (k <= 5253582))
	  ->  Bitmap Index Scan on k_6  (cost=0.00..5.42 rows=99 width=0)
	        Index Cond: ((k >= 5253482) AND (k <= 5253582))

table 7 : explain SELECT k, c FROM sbtest7 WHERE k BETWEEN 5253482 AND 5253582
	Bitmap Heap Scan on sbtest7  (cost=5.52..425.22 rows=106 width=125)
	  Recheck Cond: ((k >= 5253482) AND (k <= 5253582))
	  ->  Bitmap Index Scan on k_7  (cost=0.00..5.50 rows=106 width=0)
	        Index Cond: ((k >= 5253482) AND (k <= 5253582))

table 8 : explain SELECT k, c FROM sbtest8 WHERE k BETWEEN 5253482 AND 5253582
	Bitmap Heap Scan on sbtest8  (cost=5.44..393.67 rows=98 width=125)
	  Recheck Cond: ((k >= 5253482) AND (k <= 5253582))
	  ->  Bitmap Index Scan on k_8  (cost=0.00..5.42 rows=98 width=0)
	        Index Cond: ((k >= 5253482) AND (k <= 5253582))

for range-notcovered
table 1 : explain SELECT k, c FROM sbtest1 WHERE k BETWEEN 3356410 AND 3356510
	Bitmap Heap Scan on sbtest1  (cost=5.43..389.62 rows=97 width=125)
	  Recheck Cond: ((k >= 3356410) AND (k <= 3356510))
	  ->  Bitmap Index Scan on k_1  (cost=0.00..5.40 rows=97 width=0)
	        Index Cond: ((k >= 3356410) AND (k <= 3356510))

table 2 : explain SELECT k, c FROM sbtest2 WHERE k BETWEEN 3356410 AND 3356510
	Bitmap Heap Scan on sbtest2  (cost=5.42..385.71 rows=96 width=125)
	  Recheck Cond: ((k >= 3356410) AND (k <= 3356510))
	  ->  Bitmap Index Scan on k_2  (cost=0.00..5.39 rows=96 width=0)
	        Index Cond: ((k >= 3356410) AND (k <= 3356510))

table 3 : explain SELECT k, c FROM sbtest3 WHERE k BETWEEN 3356410 AND 3356510
	Bitmap Heap Scan on sbtest3  (cost=5.43..389.66 rows=97 width=125)
	  Recheck Cond: ((k >= 3356410) AND (k <= 3356510))
	  ->  Bitmap Index Scan on k_3  (cost=0.00..5.40 rows=97 width=0)
	        Index Cond: ((k >= 3356410) AND (k <= 3356510))

table 4 : explain SELECT k, c FROM sbtest4 WHERE k BETWEEN 3356410 AND 3356510
	Bitmap Heap Scan on sbtest4  (cost=5.47..405.47 rows=101 width=125)
	  Recheck Cond: ((k >= 3356410) AND (k <= 3356510))
	  ->  Bitmap Index Scan on k_4  (cost=0.00..5.44 rows=101 width=0)
	        Index Cond: ((k >= 3356410) AND (k <= 3356510))

table 5 : explain SELECT k, c FROM sbtest5 WHERE k BETWEEN 3356410 AND 3356510
	Bitmap Heap Scan on sbtest5  (cost=5.59..452.76 rows=113 width=125)
	  Recheck Cond: ((k >= 3356410) AND (k <= 3356510))
	  ->  Bitmap Index Scan on k_5  (cost=0.00..5.56 rows=113 width=0)
	        Index Cond: ((k >= 3356410) AND (k <= 3356510))

table 6 : explain SELECT k, c FROM sbtest6 WHERE k BETWEEN 3356410 AND 3356510
	Bitmap Heap Scan on sbtest6  (cost=5.52..425.18 rows=106 width=125)
	  Recheck Cond: ((k >= 3356410) AND (k <= 3356510))
	  ->  Bitmap Index Scan on k_6  (cost=0.00..5.50 rows=106 width=0)
	        Index Cond: ((k >= 3356410) AND (k <= 3356510))

table 7 : explain SELECT k, c FROM sbtest7 WHERE k BETWEEN 3356410 AND 3356510
	Bitmap Heap Scan on sbtest7  (cost=5.44..393.67 rows=98 width=125)
	  Recheck Cond: ((k >= 3356410) AND (k <= 3356510))
	  ->  Bitmap Index Scan on k_7  (cost=0.00..5.42 rows=98 width=0)
	        Index Cond: ((k >= 3356410) AND (k <= 3356510))

table 8 : explain SELECT k, c FROM sbtest8 WHERE k BETWEEN 3356410 AND 3356510
	Bitmap Heap Scan on sbtest8  (cost=5.48..409.45 rows=102 width=125)
	  Recheck Cond: ((k >= 3356410) AND (k <= 3356510))
	  ->  Bitmap Index Scan on k_8  (cost=0.00..5.45 rows=102 width=0)
	        Index Cond: ((k >= 3356410) AND (k <= 3356510))

explain: for range-notcovered :: explain SELECT k, c FROM sbtest%d WHERE k BETWEEN 1748124 AND 1748224
explain: for range-notcovered :: explain SELECT k, c FROM sbtest%d WHERE k BETWEEN 5253482 AND 5253582
explain: for range-notcovered :: explain SELECT k, c FROM sbtest%d WHERE k BETWEEN 2738971 AND 2739071
explain: for range-notcovered :: explain SELECT k, c FROM sbtest%d WHERE k BETWEEN 3356410 AND 3356510
for range-notcovered
table 1 : explain SELECT k, c FROM sbtest1 WHERE k BETWEEN 1479177 AND 1479277
	Bitmap Heap Scan on sbtest1  (cost=5.43..389.62 rows=97 width=125)
	  Recheck Cond: ((k >= 1479177) AND (k <= 1479277))
	  ->  Bitmap Index Scan on k_1  (cost=0.00..5.40 rows=97 width=0)
	        Index Cond: ((k >= 1479177) AND (k <= 1479277))

table 2 : explain SELECT k, c FROM sbtest2 WHERE k BETWEEN 1479177 AND 1479277
	Bitmap Heap Scan on sbtest2  (cost=5.46..401.49 rows=100 width=125)
	  Recheck Cond: ((k >= 1479177) AND (k <= 1479277))
	  ->  Bitmap Index Scan on k_2  (cost=0.00..5.43 rows=100 width=0)
	        Index Cond: ((k >= 1479177) AND (k <= 1479277))

table 3 : explain SELECT k, c FROM sbtest3 WHERE k BETWEEN 1479177 AND 1479277
	Bitmap Heap Scan on sbtest3  (cost=5.60..456.65 rows=114 width=125)
	  Recheck Cond: ((k >= 1479177) AND (k <= 1479277))
	  ->  Bitmap Index Scan on k_3  (cost=0.00..5.58 rows=114 width=0)
	        Index Cond: ((k >= 1479177) AND (k <= 1479277))

table 4 : explain SELECT k, c FROM sbtest4 WHERE k BETWEEN 1479177 AND 1479277
	Bitmap Heap Scan on sbtest4  (cost=5.47..405.47 rows=101 width=125)
	  Recheck Cond: ((k >= 1479177) AND (k <= 1479277))
	  ->  Bitmap Index Scan on k_4  (cost=0.00..5.44 rows=101 width=0)
	        Index Cond: ((k >= 1479177) AND (k <= 1479277))

table 5 : explain SELECT k, c FROM sbtest5 WHERE k BETWEEN 1479177 AND 1479277
	Bitmap Heap Scan on sbtest5  (cost=5.47..405.47 rows=101 width=125)
	  Recheck Cond: ((k >= 1479177) AND (k <= 1479277))
	  ->  Bitmap Index Scan on k_5  (cost=0.00..5.44 rows=101 width=0)
	        Index Cond: ((k >= 1479177) AND (k <= 1479277))

table 6 : explain SELECT k, c FROM sbtest6 WHERE k BETWEEN 1479177 AND 1479277
	Bitmap Heap Scan on sbtest6  (cost=5.39..373.91 rows=93 width=125)
	  Recheck Cond: ((k >= 1479177) AND (k <= 1479277))
	  ->  Bitmap Index Scan on k_6  (cost=0.00..5.36 rows=93 width=0)
	        Index Cond: ((k >= 1479177) AND (k <= 1479277))

table 7 : explain SELECT k, c FROM sbtest7 WHERE k BETWEEN 1479177 AND 1479277
	Bitmap Heap Scan on sbtest7  (cost=5.43..389.72 rows=97 width=125)
	  Recheck Cond: ((k >= 1479177) AND (k <= 1479277))
	  ->  Bitmap Index Scan on k_7  (cost=0.00..5.40 rows=97 width=0)
	        Index Cond: ((k >= 1479177) AND (k <= 1479277))

table 8 : explain SELECT k, c FROM sbtest8 WHERE k BETWEEN 1479177 AND 1479277
	Bitmap Heap Scan on sbtest8  (cost=5.55..437.04 rows=109 width=125)
	  Recheck Cond: ((k >= 1479177) AND (k <= 1479277))
	  ->  Bitmap Index Scan on k_8  (cost=0.00..5.52 rows=109 width=0)
	        Index Cond: ((k >= 1479177) AND (k <= 1479277))

explain: for range-notcovered :: explain SELECT k, c FROM sbtest%d WHERE k BETWEEN 1479177 AND 1479277
for range-notcovered
table 1 : explain SELECT k, c FROM sbtest1 WHERE k BETWEEN 4953054 AND 4953154
	Bitmap Heap Scan on sbtest1  (cost=5.45..397.51 rows=99 width=125)
	  Recheck Cond: ((k >= 4953054) AND (k <= 4953154))
	  ->  Bitmap Index Scan on k_1  (cost=0.00..5.42 rows=99 width=0)
	        Index Cond: ((k >= 4953054) AND (k <= 4953154))

table 2 : explain SELECT k, c FROM sbtest2 WHERE k BETWEEN 4953054 AND 4953154
	Bitmap Heap Scan on sbtest2  (cost=5.47..405.43 rows=101 width=125)
	  Recheck Cond: ((k >= 4953054) AND (k <= 4953154))
	  ->  Bitmap Index Scan on k_2  (cost=0.00..5.44 rows=101 width=0)
	        Index Cond: ((k >= 4953054) AND (k <= 4953154))

table 3 : explain SELECT k, c FROM sbtest3 WHERE k BETWEEN 4953054 AND 4953154
	Bitmap Heap Scan on sbtest3  (cost=5.54..433.02 rows=108 width=125)
	  Recheck Cond: ((k >= 4953054) AND (k <= 4953154))
	  ->  Bitmap Index Scan on k_3  (cost=0.00..5.51 rows=108 width=0)
	        Index Cond: ((k >= 4953054) AND (k <= 4953154))

table 4 : explain SELECT k, c FROM sbtest4 WHERE k BETWEEN 4953054 AND 4953154
	Bitmap Heap Scan on sbtest4  (cost=5.47..405.47 rows=101 width=125)
	  Recheck Cond: ((k >= 4953054) AND (k <= 4953154))
	  ->  Bitmap Index Scan on k_4  (cost=0.00..5.44 rows=101 width=0)
	        Index Cond: ((k >= 4953054) AND (k <= 4953154))

table 5 : explain SELECT k, c FROM sbtest5 WHERE k BETWEEN 4953054 AND 4953154
	Bitmap Heap Scan on sbtest5  (cost=5.39..373.91 rows=93 width=125)
	  Recheck Cond: ((k >= 4953054) AND (k <= 4953154))
	  ->  Bitmap Index Scan on k_5  (cost=0.00..5.36 rows=93 width=0)
	        Index Cond: ((k >= 4953054) AND (k <= 4953154))

table 6 : explain SELECT k, c FROM sbtest6 WHERE k BETWEEN 4953054 AND 4953154
	Bitmap Heap Scan on sbtest6  (cost=5.49..413.36 rows=103 width=125)
	  Recheck Cond: ((k >= 4953054) AND (k <= 4953154))
	  ->  Bitmap Index Scan on k_6  (cost=0.00..5.46 rows=103 width=0)
	        Index Cond: ((k >= 4953054) AND (k <= 4953154))

table 7 : explain SELECT k, c FROM sbtest7 WHERE k BETWEEN 4953054 AND 4953154
	Bitmap Heap Scan on sbtest7  (cost=5.41..381.83 rows=95 width=125)
	  Recheck Cond: ((k >= 4953054) AND (k <= 4953154))
	  ->  Bitmap Index Scan on k_7  (cost=0.00..5.38 rows=95 width=0)
	        Index Cond: ((k >= 4953054) AND (k <= 4953154))

table 8 : explain SELECT k, c FROM sbtest8 WHERE k BETWEEN 4953054 AND 4953154
	Bitmap Heap Scan on sbtest8  (cost=5.42..385.78 rows=96 width=125)
	  Recheck Cond: ((k >= 4953054) AND (k <= 4953154))
	  ->  Bitmap Index Scan on k_8  (cost=0.00..5.39 rows=96 width=0)
	        Index Cond: ((k >= 4953054) AND (k <= 4953154))

for range-notcovered
table 1 : explain SELECT k, c FROM sbtest1 WHERE k BETWEEN 4942369 AND 4942469
	Bitmap Heap Scan on sbtest1  (cost=5.45..397.51 rows=99 width=125)
	  Recheck Cond: ((k >= 4942369) AND (k <= 4942469))
	  ->  Bitmap Index Scan on k_1  (cost=0.00..5.42 rows=99 width=0)
	        Index Cond: ((k >= 4942369) AND (k <= 4942469))

table 2 : explain SELECT k, c FROM sbtest2 WHERE k BETWEEN 4942369 AND 4942469
	Bitmap Heap Scan on sbtest2  (cost=5.47..405.43 rows=101 width=125)
	  Recheck Cond: ((k >= 4942369) AND (k <= 4942469))
	  ->  Bitmap Index Scan on k_2  (cost=0.00..5.44 rows=101 width=0)
	        Index Cond: ((k >= 4942369) AND (k <= 4942469))

table 3 : explain SELECT k, c FROM sbtest3 WHERE k BETWEEN 4942369 AND 4942469
	Bitmap Heap Scan on sbtest3  (cost=5.54..433.02 rows=108 width=125)
	  Recheck Cond: ((k >= 4942369) AND (k <= 4942469))
	  ->  Bitmap Index Scan on k_3  (cost=0.00..5.51 rows=108 width=0)
	        Index Cond: ((k >= 4942369) AND (k <= 4942469))

table 4 : explain SELECT k, c FROM sbtest4 WHERE k BETWEEN 4942369 AND 4942469
	Bitmap Heap Scan on sbtest4  (cost=5.47..405.47 rows=101 width=125)
	  Recheck Cond: ((k >= 4942369) AND (k <= 4942469))
	  ->  Bitmap Index Scan on k_4  (cost=0.00..5.44 rows=101 width=0)
	        Index Cond: ((k >= 4942369) AND (k <= 4942469))

table 5 : explain SELECT k, c FROM sbtest5 WHERE k BETWEEN 4942369 AND 4942469
	Bitmap Heap Scan on sbtest5  (cost=5.39..373.91 rows=93 width=125)
	  Recheck Cond: ((k >= 4942369) AND (k <= 4942469))
	  ->  Bitmap Index Scan on k_5  (cost=0.00..5.36 rows=93 width=0)
	        Index Cond: ((k >= 4942369) AND (k <= 4942469))

table 6 : explain SELECT k, c FROM sbtest6 WHERE k BETWEEN 4942369 AND 4942469
	Bitmap Heap Scan on sbtest6  (cost=5.51..421.24 rows=105 width=125)
	  Recheck Cond: ((k >= 4942369) AND (k <= 4942469))
	  ->  Bitmap Index Scan on k_6  (cost=0.00..5.48 rows=105 width=0)
	        Index Cond: ((k >= 4942369) AND (k <= 4942469))

table 7 : explain SELECT k, c FROM sbtest7 WHERE k BETWEEN 4942369 AND 4942469
	Bitmap Heap Scan on sbtest7  (cost=5.41..381.83 rows=95 width=125)
	  Recheck Cond: ((k >= 4942369) AND (k <= 4942469))
	  ->  Bitmap Index Scan on k_7  (cost=0.00..5.38 rows=95 width=0)
	        Index Cond: ((k >= 4942369) AND (k <= 4942469))

table 8 : explain SELECT k, c FROM sbtest8 WHERE k BETWEEN 4942369 AND 4942469
	Bitmap Heap Scan on sbtest8  (cost=5.53..429.16 rows=107 width=125)
	  Recheck Cond: ((k >= 4942369) AND (k <= 4942469))
	  ->  Bitmap Index Scan on k_8  (cost=0.00..5.50 rows=107 width=0)
	        Index Cond: ((k >= 4942369) AND (k <= 4942469))

explain: for range-notcovered :: explain SELECT k, c FROM sbtest%d WHERE k BETWEEN 985075 AND 985175
for range-notcovered
table 1 : explain SELECT k, c FROM sbtest1 WHERE k BETWEEN 1748124 AND 1748224
	Bitmap Heap Scan on sbtest1  (cost=5.43..389.62 rows=97 width=125)
	  Recheck Cond: ((k >= 1748124) AND (k <= 1748224))
	  ->  Bitmap Index Scan on k_1  (cost=0.00..5.40 rows=97 width=0)
	        Index Cond: ((k >= 1748124) AND (k <= 1748224))

table 2 : explain SELECT k, c FROM sbtest2 WHERE k BETWEEN 1748124 AND 1748224
	Bitmap Heap Scan on sbtest2  (cost=5.48..409.37 rows=102 width=125)
	  Recheck Cond: ((k >= 1748124) AND (k <= 1748224))
	  ->  Bitmap Index Scan on k_2  (cost=0.00..5.45 rows=102 width=0)
	        Index Cond: ((k >= 1748124) AND (k <= 1748224))

table 3 : explain SELECT k, c FROM sbtest3 WHERE k BETWEEN 1748124 AND 1748224
	Bitmap Heap Scan on sbtest3  (cost=5.52..425.14 rows=106 width=125)
	  Recheck Cond: ((k >= 1748124) AND (k <= 1748224))
	  ->  Bitmap Index Scan on k_3  (cost=0.00..5.50 rows=106 width=0)
	        Index Cond: ((k >= 1748124) AND (k <= 1748224))

table 4 : explain SELECT k, c FROM sbtest4 WHERE k BETWEEN 1748124 AND 1748224
	Bitmap Heap Scan on sbtest4  (cost=5.49..413.35 rows=103 width=125)
	  Recheck Cond: ((k >= 1748124) AND (k <= 1748224))
	  ->  Bitmap Index Scan on k_4  (cost=0.00..5.46 rows=103 width=0)
	        Index Cond: ((k >= 1748124) AND (k <= 1748224))

table 5 : explain SELECT k, c FROM sbtest5 WHERE k BETWEEN 1748124 AND 1748224
	Bitmap Heap Scan on sbtest5  (cost=5.47..405.47 rows=101 width=125)
	  Recheck Cond: ((k >= 1748124) AND (k <= 1748224))
	  ->  Bitmap Index Scan on k_5  (cost=0.00..5.44 rows=101 width=0)
	        Index Cond: ((k >= 1748124) AND (k <= 1748224))

table 6 : explain SELECT k, c FROM sbtest6 WHERE k BETWEEN 1748124 AND 1748224
	Bitmap Heap Scan on sbtest6  (cost=5.46..401.53 rows=100 width=125)
	  Recheck Cond: ((k >= 1748124) AND (k <= 1748224))
	  ->  Bitmap Index Scan on k_6  (cost=0.00..5.43 rows=100 width=0)
	        Index Cond: ((k >= 1748124) AND (k <= 1748224))

table 7 : explain SELECT k, c FROM sbtest7 WHERE k BETWEEN 1748124 AND 1748224
	Bitmap Heap Scan on sbtest7  (cost=5.45..397.62 rows=99 width=125)
	  Recheck Cond: ((k >= 1748124) AND (k <= 1748224))
	  ->  Bitmap Index Scan on k_7  (cost=0.00..5.42 rows=99 width=0)
	        Index Cond: ((k >= 1748124) AND (k <= 1748224))

table 8 : explain SELECT k, c FROM sbtest8 WHERE k BETWEEN 1748124 AND 1748224
	Bitmap Heap Scan on sbtest8  (cost=5.53..429.16 rows=107 width=125)
	  Recheck Cond: ((k >= 1748124) AND (k <= 1748224))
	  ->  Bitmap Index Scan on k_8  (cost=0.00..5.50 rows=107 width=0)
	        Index Cond: ((k >= 1748124) AND (k <= 1748224))

for range-notcovered
table 1 : explain SELECT k, c FROM sbtest1 WHERE k BETWEEN 3613450 AND 3613550
	Bitmap Heap Scan on sbtest1  (cost=5.42..385.68 rows=96 width=125)
	  Recheck Cond: ((k >= 3613450) AND (k <= 3613550))
	  ->  Bitmap Index Scan on k_1  (cost=0.00..5.39 rows=96 width=0)
	        Index Cond: ((k >= 3613450) AND (k <= 3613550))

table 2 : explain SELECT k, c FROM sbtest2 WHERE k BETWEEN 3613450 AND 3613550
	Bitmap Heap Scan on sbtest2  (cost=5.42..385.71 rows=96 width=125)
	  Recheck Cond: ((k >= 3613450) AND (k <= 3613550))
	  ->  Bitmap Index Scan on k_2  (cost=0.00..5.39 rows=96 width=0)
	        Index Cond: ((k >= 3613450) AND (k <= 3613550))

table 3 : explain SELECT k, c FROM sbtest3 WHERE k BETWEEN 3613450 AND 3613550
	Bitmap Heap Scan on sbtest3  (cost=5.42..385.71 rows=96 width=125)
	  Recheck Cond: ((k >= 3613450) AND (k <= 3613550))
	  ->  Bitmap Index Scan on k_3  (cost=0.00..5.39 rows=96 width=0)
	        Index Cond: ((k >= 3613450) AND (k <= 3613550))

table 4 : explain SELECT k, c FROM sbtest4 WHERE k BETWEEN 3613450 AND 3613550
	Bitmap Heap Scan on sbtest4  (cost=5.40..377.85 rows=94 width=125)
	  Recheck Cond: ((k >= 3613450) AND (k <= 3613550))
	  ->  Bitmap Index Scan on k_4  (cost=0.00..5.38 rows=94 width=0)
	        Index Cond: ((k >= 3613450) AND (k <= 3613550))

table 5 : explain SELECT k, c FROM sbtest5 WHERE k BETWEEN 3613450 AND 3613550
	Bitmap Heap Scan on sbtest5  (cost=5.50..417.30 rows=104 width=125)
	  Recheck Cond: ((k >= 3613450) AND (k <= 3613550))
	  ->  Bitmap Index Scan on k_5  (cost=0.00..5.47 rows=104 width=0)
	        Index Cond: ((k >= 3613450) AND (k <= 3613550))

table 6 : explain SELECT k, c FROM sbtest6 WHERE k BETWEEN 3613450 AND 3613550
	Bitmap Heap Scan on sbtest6  (cost=5.47..405.47 rows=101 width=125)
	  Recheck Cond: ((k >= 3613450) AND (k <= 3613550))
	  ->  Bitmap Index Scan on k_6  (cost=0.00..5.44 rows=101 width=0)
	        Index Cond: ((k >= 3613450) AND (k <= 3613550))

table 7 : explain SELECT k, c FROM sbtest7 WHERE k BETWEEN 3613450 AND 3613550
	Bitmap Heap Scan on sbtest7  (cost=5.55..437.04 rows=109 width=125)
	  Recheck Cond: ((k >= 3613450) AND (k <= 3613550))
	  ->  Bitmap Index Scan on k_7  (cost=0.00..5.52 rows=109 width=0)
	        Index Cond: ((k >= 3613450) AND (k <= 3613550))

table 8 : explain SELECT k, c FROM sbtest8 WHERE k BETWEEN 3613450 AND 3613550
	Bitmap Heap Scan on sbtest8  (cost=5.42..385.78 rows=96 width=125)
	  Recheck Cond: ((k >= 3613450) AND (k <= 3613550))
	  ->  Bitmap Index Scan on k_8  (cost=0.00..5.39 rows=96 width=0)
	        Index Cond: ((k >= 3613450) AND (k <= 3613550))

for range-notcovered
table 1 : explain SELECT k, c FROM sbtest1 WHERE k BETWEEN 3479393 AND 3479493
	Bitmap Heap Scan on sbtest1  (cost=5.50..417.22 rows=104 width=125)
	  Recheck Cond: ((k >= 3479393) AND (k <= 3479493))
	  ->  Bitmap Index Scan on k_1  (cost=0.00..5.47 rows=104 width=0)
	        Index Cond: ((k >= 3479393) AND (k <= 3479493))

table 2 : explain SELECT k, c FROM sbtest2 WHERE k BETWEEN 3479393 AND 3479493
	Bitmap Heap Scan on sbtest2  (cost=5.57..444.84 rows=111 width=125)
	  Recheck Cond: ((k >= 3479393) AND (k <= 3479493))
	  ->  Bitmap Index Scan on k_2  (cost=0.00..5.54 rows=111 width=0)
	        Index Cond: ((k >= 3479393) AND (k <= 3479493))

table 3 : explain SELECT k, c FROM sbtest3 WHERE k BETWEEN 3479393 AND 3479493
	Bitmap Heap Scan on sbtest3  (cost=5.51..421.20 rows=105 width=125)
	  Recheck Cond: ((k >= 3479393) AND (k <= 3479493))
	  ->  Bitmap Index Scan on k_3  (cost=0.00..5.48 rows=105 width=0)
	        Index Cond: ((k >= 3479393) AND (k <= 3479493))

table 4 : explain SELECT k, c FROM sbtest4 WHERE k BETWEEN 3479393 AND 3479493
	Bitmap Heap Scan on sbtest4  (cost=5.48..409.41 rows=102 width=125)
	  Recheck Cond: ((k >= 3479393) AND (k <= 3479493))
	  ->  Bitmap Index Scan on k_4  (cost=0.00..5.45 rows=102 width=0)
	        Index Cond: ((k >= 3479393) AND (k <= 3479493))

table 5 : explain SELECT k, c FROM sbtest5 WHERE k BETWEEN 3479393 AND 3479493
	Bitmap Heap Scan on sbtest5  (cost=5.46..401.53 rows=100 width=125)
	  Recheck Cond: ((k >= 3479393) AND (k <= 3479493))
	  ->  Bitmap Index Scan on k_5  (cost=0.00..5.43 rows=100 width=0)
	        Index Cond: ((k >= 3479393) AND (k <= 3479493))

table 6 : explain SELECT k, c FROM sbtest6 WHERE k BETWEEN 3479393 AND 3479493
	Bitmap Heap Scan on sbtest6  (cost=5.50..417.30 rows=104 width=125)
	  Recheck Cond: ((k >= 3479393) AND (k <= 3479493))
	  ->  Bitmap Index Scan on k_6  (cost=0.00..5.47 rows=104 width=0)
	        Index Cond: ((k >= 3479393) AND (k <= 3479493))

table 7 : explain SELECT k, c FROM sbtest7 WHERE k BETWEEN 3479393 AND 3479493
	Bitmap Heap Scan on sbtest7  (cost=5.50..417.33 rows=104 width=125)
	  Recheck Cond: ((k >= 3479393) AND (k <= 3479493))
	  ->  Bitmap Index Scan on k_7  (cost=0.00..5.47 rows=104 width=0)
	        Index Cond: ((k >= 3479393) AND (k <= 3479493))

table 8 : explain SELECT k, c FROM sbtest8 WHERE k BETWEEN 3479393 AND 3479493
	Bitmap Heap Scan on sbtest8  (cost=5.54..433.10 rows=108 width=125)
	  Recheck Cond: ((k >= 3479393) AND (k <= 3479493))
	  ->  Bitmap Index Scan on k_8  (cost=0.00..5.51 rows=108 width=0)
	        Index Cond: ((k >= 3479393) AND (k <= 3479493))
for range-notcovered
table 1 : explain SELECT k, c FROM sbtest1 WHERE k BETWEEN 5253482 AND 5253582
	Bitmap Heap Scan on sbtest1  (cost=5.56..440.85 rows=110 width=125)
	  Recheck Cond: ((k >= 5253482) AND (k <= 5253582))
	  ->  Bitmap Index Scan on k_1  (cost=0.00..5.53 rows=110 width=0)
	        Index Cond: ((k >= 5253482) AND (k <= 5253582))

table 2 : explain SELECT k, c FROM sbtest2 WHERE k BETWEEN 5253482 AND 5253582
	Bitmap Heap Scan on sbtest2  (cost=5.44..393.60 rows=98 width=125)
	  Recheck Cond: ((k >= 5253482) AND (k <= 5253582))
	  ->  Bitmap Index Scan on k_2  (cost=0.00..5.42 rows=98 width=0)
	        Index Cond: ((k >= 5253482) AND (k <= 5253582))

table 3 : explain SELECT k, c FROM sbtest3 WHERE k BETWEEN 5253482 AND 5253582
	Bitmap Heap Scan on sbtest3  (cost=5.43..389.66 rows=97 width=125)
	  Recheck Cond: ((k >= 5253482) AND (k <= 5253582))
	  ->  Bitmap Index Scan on k_3  (cost=0.00..5.40 rows=97 width=0)
	        Index Cond: ((k >= 5253482) AND (k <= 5253582))

table 4 : explain SELECT k, c FROM sbtest4 WHERE k BETWEEN 5253482 AND 5253582
	Bitmap Heap Scan on sbtest4  (cost=5.45..397.58 rows=99 width=125)
	  Recheck Cond: ((k >= 5253482) AND (k <= 5253582))
	  ->  Bitmap Index Scan on k_4  (cost=0.00..5.42 rows=99 width=0)
	        Index Cond: ((k >= 5253482) AND (k <= 5253582))

table 5 : explain SELECT k, c FROM sbtest5 WHERE k BETWEEN 5253482 AND 5253582
	Bitmap Heap Scan on sbtest5  (cost=5.56..440.94 rows=110 width=125)
	  Recheck Cond: ((k >= 5253482) AND (k <= 5253582))
	  ->  Bitmap Index Scan on k_5  (cost=0.00..5.53 rows=110 width=0)
	        Index Cond: ((k >= 5253482) AND (k <= 5253582))

table 6 : explain SELECT k, c FROM sbtest6 WHERE k BETWEEN 5253482 AND 5253582
	Bitmap Heap Scan on sbtest6  (cost=5.45..397.58 rows=99 width=125)
	  Recheck Cond: ((k >= 5253482) AND (k <= 5253582))
	  ->  Bitmap Index Scan on k_6  (cost=0.00..5.42 rows=99 width=0)
	        Index Cond: ((k >= 5253482) AND (k <= 5253582))

table 7 : explain SELECT k, c FROM sbtest7 WHERE k BETWEEN 5253482 AND 5253582
	Bitmap Heap Scan on sbtest7  (cost=5.52..425.22 rows=106 width=125)
	  Recheck Cond: ((k >= 5253482) AND (k <= 5253582))
	  ->  Bitmap Index Scan on k_7  (cost=0.00..5.50 rows=106 width=0)
	        Index Cond: ((k >= 5253482) AND (k <= 5253582))

table 8 : explain SELECT k, c FROM sbtest8 WHERE k BETWEEN 5253482 AND 5253582
	Bitmap Heap Scan on sbtest8  (cost=5.44..393.67 rows=98 width=125)
	  Recheck Cond: ((k >= 5253482) AND (k <= 5253582))
	  ->  Bitmap Index Scan on k_8  (cost=0.00..5.42 rows=98 width=0)
	        Index Cond: ((k >= 5253482) AND (k <= 5253582))


explain: for range-notcovered :: explain SELECT k, c FROM sbtest%d WHERE k BETWEEN 1748124 AND 1748224
explain: for range-notcovered :: explain SELECT k, c FROM sbtest%d WHERE k BETWEEN 3613450 AND 3613550
explain: for range-notcovered :: explain SELECT k, c FROM sbtest%d WHERE k BETWEEN 5253482 AND 5253582
for range-notcovered
table 1 : explain SELECT k, c FROM sbtest1 WHERE k BETWEEN 3356410 AND 3356510
	Bitmap Heap Scan on sbtest1  (cost=5.43..389.62 rows=97 width=125)
	  Recheck Cond: ((k >= 3356410) AND (k <= 3356510))
	  ->  Bitmap Index Scan on k_1  (cost=0.00..5.40 rows=97 width=0)
	        Index Cond: ((k >= 3356410) AND (k <= 3356510))

table 2 : explain SELECT k, c FROM sbtest2 WHERE k BETWEEN 3356410 AND 3356510
	Bitmap Heap Scan on sbtest2  (cost=5.42..385.71 rows=96 width=125)
	  Recheck Cond: ((k >= 3356410) AND (k <= 3356510))
	  ->  Bitmap Index Scan on k_2  (cost=0.00..5.39 rows=96 width=0)
	        Index Cond: ((k >= 3356410) AND (k <= 3356510))

table 3 : explain SELECT k, c FROM sbtest3 WHERE k BETWEEN 3356410 AND 3356510
	Bitmap Heap Scan on sbtest3  (cost=5.43..389.66 rows=97 width=125)
	  Recheck Cond: ((k >= 3356410) AND (k <= 3356510))
	  ->  Bitmap Index Scan on k_3  (cost=0.00..5.40 rows=97 width=0)
	        Index Cond: ((k >= 3356410) AND (k <= 3356510))

table 4 : explain SELECT k, c FROM sbtest4 WHERE k BETWEEN 3356410 AND 3356510
	Bitmap Heap Scan on sbtest4  (cost=5.47..405.47 rows=101 width=125)
	  Recheck Cond: ((k >= 3356410) AND (k <= 3356510))
	  ->  Bitmap Index Scan on k_4  (cost=0.00..5.44 rows=101 width=0)
	        Index Cond: ((k >= 3356410) AND (k <= 3356510))

table 5 : explain SELECT k, c FROM sbtest5 WHERE k BETWEEN 3356410 AND 3356510
	Bitmap Heap Scan on sbtest5  (cost=5.59..452.76 rows=113 width=125)
	  Recheck Cond: ((k >= 3356410) AND (k <= 3356510))
	  ->  Bitmap Index Scan on k_5  (cost=0.00..5.56 rows=113 width=0)
	        Index Cond: ((k >= 3356410) AND (k <= 3356510))

table 6 : explain SELECT k, c FROM sbtest6 WHERE k BETWEEN 3356410 AND 3356510
	Bitmap Heap Scan on sbtest6  (cost=5.52..425.18 rows=106 width=125)
	  Recheck Cond: ((k >= 3356410) AND (k <= 3356510))
	  ->  Bitmap Index Scan on k_6  (cost=0.00..5.50 rows=106 width=0)
	        Index Cond: ((k >= 3356410) AND (k <= 3356510))

table 7 : explain SELECT k, c FROM sbtest7 WHERE k BETWEEN 3356410 AND 3356510
	Bitmap Heap Scan on sbtest7  (cost=5.44..393.67 rows=98 width=125)
	  Recheck Cond: ((k >= 3356410) AND (k <= 3356510))
	  ->  Bitmap Index Scan on k_7  (cost=0.00..5.42 rows=98 width=0)
	        Index Cond: ((k >= 3356410) AND (k <= 3356510))

table 8 : explain SELECT k, c FROM sbtest8 WHERE k BETWEEN 3356410 AND 3356510
	Bitmap Heap Scan on sbtest8  (cost=5.48..409.45 rows=102 width=125)
	  Recheck Cond: ((k >= 3356410) AND (k <= 3356510))
	  ->  Bitmap Index Scan on k_8  (cost=0.00..5.45 rows=102 width=0)
	        Index Cond: ((k >= 3356410) AND (k <= 3356510))

explain: for range-notcovered :: explain SELECT k, c FROM sbtest%d WHERE k BETWEEN 3479393 AND 3479493
for range-notcovered
table 1 : explain SELECT k, c FROM sbtest1 WHERE k BETWEEN 1479177 AND 1479277
	Bitmap Heap Scan on sbtest1  (cost=5.43..389.62 rows=97 width=125)
	  Recheck Cond: ((k >= 1479177) AND (k <= 1479277))
	  ->  Bitmap Index Scan on k_1  (cost=0.00..5.40 rows=97 width=0)
	        Index Cond: ((k >= 1479177) AND (k <= 1479277))

table 2 : explain SELECT k, c FROM sbtest2 WHERE k BETWEEN 1479177 AND 1479277
	Bitmap Heap Scan on sbtest2  (cost=5.46..401.49 rows=100 width=125)
	  Recheck Cond: ((k >= 1479177) AND (k <= 1479277))
	  ->  Bitmap Index Scan on k_2  (cost=0.00..5.43 rows=100 width=0)
	        Index Cond: ((k >= 1479177) AND (k <= 1479277))

table 3 : explain SELECT k, c FROM sbtest3 WHERE k BETWEEN 1479177 AND 1479277
	Bitmap Heap Scan on sbtest3  (cost=5.60..456.65 rows=114 width=125)
	  Recheck Cond: ((k >= 1479177) AND (k <= 1479277))
	  ->  Bitmap Index Scan on k_3  (cost=0.00..5.58 rows=114 width=0)
	        Index Cond: ((k >= 1479177) AND (k <= 1479277))

table 4 : explain SELECT k, c FROM sbtest4 WHERE k BETWEEN 1479177 AND 1479277
	Bitmap Heap Scan on sbtest4  (cost=5.47..405.47 rows=101 width=125)
	  Recheck Cond: ((k >= 1479177) AND (k <= 1479277))
	  ->  Bitmap Index Scan on k_4  (cost=0.00..5.44 rows=101 width=0)
	        Index Cond: ((k >= 1479177) AND (k <= 1479277))

table 5 : explain SELECT k, c FROM sbtest5 WHERE k BETWEEN 1479177 AND 1479277
	Bitmap Heap Scan on sbtest5  (cost=5.47..405.47 rows=101 width=125)
	  Recheck Cond: ((k >= 1479177) AND (k <= 1479277))
	  ->  Bitmap Index Scan on k_5  (cost=0.00..5.44 rows=101 width=0)
	        Index Cond: ((k >= 1479177) AND (k <= 1479277))

table 6 : explain SELECT k, c FROM sbtest6 WHERE k BETWEEN 1479177 AND 1479277
	Bitmap Heap Scan on sbtest6  (cost=5.39..373.91 rows=93 width=125)
	  Recheck Cond: ((k >= 1479177) AND (k <= 1479277))
	  ->  Bitmap Index Scan on k_6  (cost=0.00..5.36 rows=93 width=0)
	        Index Cond: ((k >= 1479177) AND (k <= 1479277))

table 7 : explain SELECT k, c FROM sbtest7 WHERE k BETWEEN 1479177 AND 1479277
	Bitmap Heap Scan on sbtest7  (cost=5.43..389.72 rows=97 width=125)
	  Recheck Cond: ((k >= 1479177) AND (k <= 1479277))
	  ->  Bitmap Index Scan on k_7  (cost=0.00..5.40 rows=97 width=0)
	        Index Cond: ((k >= 1479177) AND (k <= 1479277))

table 8 : explain SELECT k, c FROM sbtest8 WHERE k BETWEEN 1479177 AND 1479277
	Bitmap Heap Scan on sbtest8  (cost=5.55..437.04 rows=109 width=125)
	  Recheck Cond: ((k >= 1479177) AND (k <= 1479277))
	  ->  Bitmap Index Scan on k_8  (cost=0.00..5.52 rows=109 width=0)
	        Index Cond: ((k >= 1479177) AND (k <= 1479277))

explain: for range-notcovered :: explain SELECT k, c FROM sbtest%d WHERE k BETWEEN 3356410 AND 3356510
explain: for range-notcovered :: explain SELECT k, c FROM sbtest%d WHERE k BETWEEN 1479177 AND 1479277
for range-notcovered
table 1 : explain SELECT k, c FROM sbtest1 WHERE k BETWEEN 2738971 AND 2739071
	Bitmap Heap Scan on sbtest1  (cost=5.46..401.45 rows=100 width=125)
	  Recheck Cond: ((k >= 2738971) AND (k <= 2739071))
	  ->  Bitmap Index Scan on k_1  (cost=0.00..5.43 rows=100 width=0)
	        Index Cond: ((k >= 2738971) AND (k <= 2739071))

table 2 : explain SELECT k, c FROM sbtest2 WHERE k BETWEEN 2738971 AND 2739071
	Bitmap Heap Scan on sbtest2  (cost=5.47..405.43 rows=101 width=125)
	  Recheck Cond: ((k >= 2738971) AND (k <= 2739071))
	  ->  Bitmap Index Scan on k_2  (cost=0.00..5.44 rows=101 width=0)
	        Index Cond: ((k >= 2738971) AND (k <= 2739071))

table 3 : explain SELECT k, c FROM sbtest3 WHERE k BETWEEN 2738971 AND 2739071
	Bitmap Heap Scan on sbtest3  (cost=5.45..397.55 rows=99 width=125)
	  Recheck Cond: ((k >= 2738971) AND (k <= 2739071))
	  ->  Bitmap Index Scan on k_3  (cost=0.00..5.42 rows=99 width=0)
	        Index Cond: ((k >= 2738971) AND (k <= 2739071))

table 4 : explain SELECT k, c FROM sbtest4 WHERE k BETWEEN 2738971 AND 2739071
	Bitmap Heap Scan on sbtest4  (cost=5.52..425.18 rows=106 width=125)
	  Recheck Cond: ((k >= 2738971) AND (k <= 2739071))
	  ->  Bitmap Index Scan on k_4  (cost=0.00..5.50 rows=106 width=0)
	        Index Cond: ((k >= 2738971) AND (k <= 2739071))

table 5 : explain SELECT k, c FROM sbtest5 WHERE k BETWEEN 2738971 AND 2739071
	Bitmap Heap Scan on sbtest5  (cost=5.46..401.53 rows=100 width=125)
	  Recheck Cond: ((k >= 2738971) AND (k <= 2739071))
	  ->  Bitmap Index Scan on k_5  (cost=0.00..5.43 rows=100 width=0)
	        Index Cond: ((k >= 2738971) AND (k <= 2739071))

table 6 : explain SELECT k, c FROM sbtest6 WHERE k BETWEEN 2738971 AND 2739071
	Bitmap Heap Scan on sbtest6  (cost=5.49..413.36 rows=103 width=125)
	  Recheck Cond: ((k >= 2738971) AND (k <= 2739071))
	  ->  Bitmap Index Scan on k_6  (cost=0.00..5.46 rows=103 width=0)
	        Index Cond: ((k >= 2738971) AND (k <= 2739071))

table 7 : explain SELECT k, c FROM sbtest7 WHERE k BETWEEN 2738971 AND 2739071
	Bitmap Heap Scan on sbtest7  (cost=5.40..377.89 rows=94 width=125)
	  Recheck Cond: ((k >= 2738971) AND (k <= 2739071))
	  ->  Bitmap Index Scan on k_7  (cost=0.00..5.38 rows=94 width=0)
	        Index Cond: ((k >= 2738971) AND (k <= 2739071))

table 8 : explain SELECT k, c FROM sbtest8 WHERE k BETWEEN 2738971 AND 2739071
	Bitmap Heap Scan on sbtest8  (cost=5.49..413.39 rows=103 width=125)
	  Recheck Cond: ((k >= 2738971) AND (k <= 2739071))
	  ->  Bitmap Index Scan on k_8  (cost=0.00..5.46 rows=103 width=0)
	        Index Cond: ((k >= 2738971) AND (k <= 2739071))

for range-notcovered
table 1 : explain SELECT k, c FROM sbtest1 WHERE k BETWEEN 3613450 AND 3613550
	Bitmap Heap Scan on sbtest1  (cost=5.42..385.68 rows=96 width=125)
	  Recheck Cond: ((k >= 3613450) AND (k <= 3613550))
	  ->  Bitmap Index Scan on k_1  (cost=0.00..5.39 rows=96 width=0)
	        Index Cond: ((k >= 3613450) AND (k <= 3613550))

table 2 : explain SELECT k, c FROM sbtest2 WHERE k BETWEEN 3613450 AND 3613550
	Bitmap Heap Scan on sbtest2  (cost=5.42..385.71 rows=96 width=125)
	  Recheck Cond: ((k >= 3613450) AND (k <= 3613550))
	  ->  Bitmap Index Scan on k_2  (cost=0.00..5.39 rows=96 width=0)
	        Index Cond: ((k >= 3613450) AND (k <= 3613550))

table 3 : explain SELECT k, c FROM sbtest3 WHERE k BETWEEN 3613450 AND 3613550
	Bitmap Heap Scan on sbtest3  (cost=5.42..385.71 rows=96 width=125)
	  Recheck Cond: ((k >= 3613450) AND (k <= 3613550))
	  ->  Bitmap Index Scan on k_3  (cost=0.00..5.39 rows=96 width=0)
	        Index Cond: ((k >= 3613450) AND (k <= 3613550))

table 4 : explain SELECT k, c FROM sbtest4 WHERE k BETWEEN 3613450 AND 3613550
	Bitmap Heap Scan on sbtest4  (cost=5.40..377.85 rows=94 width=125)
	  Recheck Cond: ((k >= 3613450) AND (k <= 3613550))
	  ->  Bitmap Index Scan on k_4  (cost=0.00..5.38 rows=94 width=0)
	        Index Cond: ((k >= 3613450) AND (k <= 3613550))

table 5 : explain SELECT k, c FROM sbtest5 WHERE k BETWEEN 3613450 AND 3613550
	Bitmap Heap Scan on sbtest5  (cost=5.50..417.30 rows=104 width=125)
	  Recheck Cond: ((k >= 3613450) AND (k <= 3613550))
	  ->  Bitmap Index Scan on k_5  (cost=0.00..5.47 rows=104 width=0)
	        Index Cond: ((k >= 3613450) AND (k <= 3613550))

table 6 : explain SELECT k, c FROM sbtest6 WHERE k BETWEEN 3613450 AND 3613550
	Bitmap Heap Scan on sbtest6  (cost=5.47..405.47 rows=101 width=125)
	  Recheck Cond: ((k >= 3613450) AND (k <= 3613550))
	  ->  Bitmap Index Scan on k_6  (cost=0.00..5.44 rows=101 width=0)
	        Index Cond: ((k >= 3613450) AND (k <= 3613550))

table 7 : explain SELECT k, c FROM sbtest7 WHERE k BETWEEN 3613450 AND 3613550
	Bitmap Heap Scan on sbtest7  (cost=5.55..437.04 rows=109 width=125)
	  Recheck Cond: ((k >= 3613450) AND (k <= 3613550))
	  ->  Bitmap Index Scan on k_7  (cost=0.00..5.52 rows=109 width=0)
	        Index Cond: ((k >= 3613450) AND (k <= 3613550))

table 8 : explain SELECT k, c FROM sbtest8 WHERE k BETWEEN 3613450 AND 3613550
	Bitmap Heap Scan on sbtest8  (cost=5.42..385.78 rows=96 width=125)
	  Recheck Cond: ((k >= 3613450) AND (k <= 3613550))
	  ->  Bitmap Index Scan on k_8  (cost=0.00..5.39 rows=96 width=0)
	        Index Cond: ((k >= 3613450) AND (k <= 3613550))

for range-notcovered
table 1 : explain SELECT k, c FROM sbtest1 WHERE k BETWEEN 5253482 AND 5253582
	Bitmap Heap Scan on sbtest1  (cost=5.56..440.85 rows=110 width=125)
	  Recheck Cond: ((k >= 5253482) AND (k <= 5253582))
	  ->  Bitmap Index Scan on k_1  (cost=0.00..5.53 rows=110 width=0)
	        Index Cond: ((k >= 5253482) AND (k <= 5253582))

table 2 : explain SELECT k, c FROM sbtest2 WHERE k BETWEEN 5253482 AND 5253582
	Bitmap Heap Scan on sbtest2  (cost=5.44..393.60 rows=98 width=125)
	  Recheck Cond: ((k >= 5253482) AND (k <= 5253582))
	  ->  Bitmap Index Scan on k_2  (cost=0.00..5.42 rows=98 width=0)
	        Index Cond: ((k >= 5253482) AND (k <= 5253582))

table 3 : explain SELECT k, c FROM sbtest3 WHERE k BETWEEN 5253482 AND 5253582
	Bitmap Heap Scan on sbtest3  (cost=5.43..389.66 rows=97 width=125)
	  Recheck Cond: ((k >= 5253482) AND (k <= 5253582))
	  ->  Bitmap Index Scan on k_3  (cost=0.00..5.40 rows=97 width=0)
	        Index Cond: ((k >= 5253482) AND (k <= 5253582))

table 4 : explain SELECT k, c FROM sbtest4 WHERE k BETWEEN 5253482 AND 5253582
	Bitmap Heap Scan on sbtest4  (cost=5.45..397.58 rows=99 width=125)
	  Recheck Cond: ((k >= 5253482) AND (k <= 5253582))
	  ->  Bitmap Index Scan on k_4  (cost=0.00..5.42 rows=99 width=0)
	        Index Cond: ((k >= 5253482) AND (k <= 5253582))

table 5 : explain SELECT k, c FROM sbtest5 WHERE k BETWEEN 5253482 AND 5253582
	Bitmap Heap Scan on sbtest5  (cost=5.56..440.94 rows=110 width=125)
	  Recheck Cond: ((k >= 5253482) AND (k <= 5253582))
	  ->  Bitmap Index Scan on k_5  (cost=0.00..5.53 rows=110 width=0)
	        Index Cond: ((k >= 5253482) AND (k <= 5253582))

table 6 : explain SELECT k, c FROM sbtest6 WHERE k BETWEEN 5253482 AND 5253582
	Bitmap Heap Scan on sbtest6  (cost=5.45..397.58 rows=99 width=125)
	  Recheck Cond: ((k >= 5253482) AND (k <= 5253582))
	  ->  Bitmap Index Scan on k_6  (cost=0.00..5.42 rows=99 width=0)
	        Index Cond: ((k >= 5253482) AND (k <= 5253582))

table 7 : explain SELECT k, c FROM sbtest7 WHERE k BETWEEN 5253482 AND 5253582
	Bitmap Heap Scan on sbtest7  (cost=5.52..425.22 rows=106 width=125)
	  Recheck Cond: ((k >= 5253482) AND (k <= 5253582))
	  ->  Bitmap Index Scan on k_7  (cost=0.00..5.50 rows=106 width=0)
	        Index Cond: ((k >= 5253482) AND (k <= 5253582))

table 8 : explain SELECT k, c FROM sbtest8 WHERE k BETWEEN 5253482 AND 5253582
	Bitmap Heap Scan on sbtest8  (cost=5.44..393.67 rows=98 width=125)
	  Recheck Cond: ((k >= 5253482) AND (k <= 5253582))
	  ->  Bitmap Index Scan on k_8  (cost=0.00..5.42 rows=98 width=0)
	        Index Cond: ((k >= 5253482) AND (k <= 5253582))

explain: for range-notcovered :: explain SELECT k, c FROM sbtest%d WHERE k BETWEEN 3139460 AND 3139560
for range-notcovered
table 1 : explain SELECT k, c FROM sbtest1 WHERE k BETWEEN 6478183 AND 6478283
	Bitmap Heap Scan on sbtest1  (cost=5.52..425.10 rows=106 width=125)
	  Recheck Cond: ((k >= 6478183) AND (k <= 6478283))
	  ->  Bitmap Index Scan on k_1  (cost=0.00..5.50 rows=106 width=0)
	        Index Cond: ((k >= 6478183) AND (k <= 6478283))

table 2 : explain SELECT k, c FROM sbtest2 WHERE k BETWEEN 6478183 AND 6478283
	Bitmap Heap Scan on sbtest2  (cost=5.48..409.37 rows=102 width=125)
	  Recheck Cond: ((k >= 6478183) AND (k <= 6478283))
	  ->  Bitmap Index Scan on k_2  (cost=0.00..5.45 rows=102 width=0)
	        Index Cond: ((k >= 6478183) AND (k <= 6478283))

table 3 : explain SELECT k, c FROM sbtest3 WHERE k BETWEEN 6478183 AND 6478283
	Bitmap Heap Scan on sbtest3  (cost=5.60..456.65 rows=114 width=125)
	  Recheck Cond: ((k >= 6478183) AND (k <= 6478283))
	  ->  Bitmap Index Scan on k_3  (cost=0.00..5.58 rows=114 width=0)
	        Index Cond: ((k >= 6478183) AND (k <= 6478283))

table 4 : explain SELECT k, c FROM sbtest4 WHERE k BETWEEN 6478183 AND 6478283
	Bitmap Heap Scan on sbtest4  (cost=5.46..401.52 rows=100 width=125)
	  Recheck Cond: ((k >= 6478183) AND (k <= 6478283))
	  ->  Bitmap Index Scan on k_4  (cost=0.00..5.43 rows=100 width=0)
	        Index Cond: ((k >= 6478183) AND (k <= 6478283))

table 5 : explain SELECT k, c FROM sbtest5 WHERE k BETWEEN 6478183 AND 6478283
	Bitmap Heap Scan on sbtest5  (cost=5.47..405.47 rows=101 width=125)
	  Recheck Cond: ((k >= 6478183) AND (k <= 6478283))
	  ->  Bitmap Index Scan on k_5  (cost=0.00..5.44 rows=101 width=0)
	        Index Cond: ((k >= 6478183) AND (k <= 6478283))

table 6 : explain SELECT k, c FROM sbtest6 WHERE k BETWEEN 6478183 AND 6478283
	Bitmap Heap Scan on sbtest6  (cost=5.35..358.12 rows=89 width=125)
	  Recheck Cond: ((k >= 6478183) AND (k <= 6478283))
	  ->  Bitmap Index Scan on k_6  (cost=0.00..5.32 rows=89 width=0)
	        Index Cond: ((k >= 6478183) AND (k <= 6478283))

table 7 : explain SELECT k, c FROM sbtest7 WHERE k BETWEEN 6478183 AND 6478283
	Bitmap Heap Scan on sbtest7  (cost=5.52..425.22 rows=106 width=125)
	  Recheck Cond: ((k >= 6478183) AND (k <= 6478283))
	  ->  Bitmap Index Scan on k_7  (cost=0.00..5.50 rows=106 width=0)
	        Index Cond: ((k >= 6478183) AND (k <= 6478283))

table 8 : explain SELECT k, c FROM sbtest8 WHERE k BETWEEN 6478183 AND 6478283
	Bitmap Heap Scan on sbtest8  (cost=5.39..373.94 rows=93 width=125)
	  Recheck Cond: ((k >= 6478183) AND (k <= 6478283))
	  ->  Bitmap Index Scan on k_8  (cost=0.00..5.36 rows=93 width=0)
	        Index Cond: ((k >= 6478183) AND (k <= 6478283))

explain: for range-notcovered :: explain SELECT k, c FROM sbtest%d WHERE k BETWEEN 2738971 AND 2739071
explain: for range-notcovered :: explain SELECT k, c FROM sbtest%d WHERE k BETWEEN 3613450 AND 3613550for range-notcovered
table 1 : explain SELECT k, c FROM sbtest1 WHERE k BETWEEN 1748124 AND 1748224
	Bitmap Heap Scan on sbtest1  (cost=5.43..389.62 rows=97 width=125)
	  Recheck Cond: ((k >= 1748124) AND (k <= 1748224))
	  ->  Bitmap Index Scan on k_1  (cost=0.00..5.40 rows=97 width=0)
	        Index Cond: ((k >= 1748124) AND (k <= 1748224))

table 2 : explain SELECT k, c FROM sbtest2 WHERE k BETWEEN 1748124 AND 1748224
	Bitmap Heap Scan on sbtest2  (cost=5.48..409.37 rows=102 width=125)
	  Recheck Cond: ((k >= 1748124) AND (k <= 1748224))
	  ->  Bitmap Index Scan on k_2  (cost=0.00..5.45 rows=102 width=0)
	        Index Cond: ((k >= 1748124) AND (k <= 1748224))

table 3 : explain SELECT k, c FROM sbtest3 WHERE k BETWEEN 1748124 AND 1748224
	Bitmap Heap Scan on sbtest3  (cost=5.52..425.14 rows=106 width=125)
	  Recheck Cond: ((k >= 1748124) AND (k <= 1748224))
	  ->  Bitmap Index Scan on k_3  (cost=0.00..5.50 rows=106 width=0)
	        Index Cond: ((k >= 1748124) AND (k <= 1748224))

table 4 : explain SELECT k, c FROM sbtest4 WHERE k BETWEEN 1748124 AND 1748224
	Bitmap Heap Scan on sbtest4  (cost=5.49..413.35 rows=103 width=125)
	  Recheck Cond: ((k >= 1748124) AND (k <= 1748224))
	  ->  Bitmap Index Scan on k_4  (cost=0.00..5.46 rows=103 width=0)
	        Index Cond: ((k >= 1748124) AND (k <= 1748224))

table 5 : explain SELECT k, c FROM sbtest5 WHERE k BETWEEN 1748124 AND 1748224
	Bitmap Heap Scan on sbtest5  (cost=5.47..405.47 rows=101 width=125)
	  Recheck Cond: ((k >= 1748124) AND (k <= 1748224))
	  ->  Bitmap Index Scan on k_5  (cost=0.00..5.44 rows=101 width=0)
	        Index Cond: ((k >= 1748124) AND (k <= 1748224))

table 6 : explain SELECT k, c FROM sbtest6 WHERE k BETWEEN 1748124 AND 1748224
	Bitmap Heap Scan on sbtest6  (cost=5.46..401.53 rows=100 width=125)
	  Recheck Cond: ((k >= 1748124) AND (k <= 1748224))
	  ->  Bitmap Index Scan on k_6  (cost=0.00..5.43 rows=100 width=0)
	        Index Cond: ((k >= 1748124) AND (k <= 1748224))

table 7 : explain SELECT k, c FROM sbtest7 WHERE k BETWEEN 1748124 AND 1748224
	Bitmap Heap Scan on sbtest7  (cost=5.45..397.62 rows=99 width=125)
	  Recheck Cond: ((k >= 1748124) AND (k <= 1748224))
	  ->  Bitmap Index Scan on k_7  (cost=0.00..5.42 rows=99 width=0)
	        Index Cond: ((k >= 1748124) AND (k <= 1748224))

table 8 : explain SELECT k, c FROM sbtest8 WHERE k BETWEEN 1748124 AND 1748224
	Bitmap Heap Scan on sbtest8  (cost=5.53..429.16 rows=107 width=125)
	  Recheck Cond: ((k >= 1748124) AND (k <= 1748224))
	  ->  Bitmap Index Scan on k_8  (cost=0.00..5.50 rows=107 width=0)
	        Index Cond: ((k >= 1748124) AND (k <= 1748224))


for range-notcovered
table 1 : explain SELECT k, c FROM sbtest1 WHERE k BETWEEN 3479393 AND 3479493
	Bitmap Heap Scan on sbtest1  (cost=5.50..417.22 rows=104 width=125)
	  Recheck Cond: ((k >= 3479393) AND (k <= 3479493))
	  ->  Bitmap Index Scan on k_1  (cost=0.00..5.47 rows=104 width=0)
	        Index Cond: ((k >= 3479393) AND (k <= 3479493))

table 2 : explain SELECT k, c FROM sbtest2 WHERE k BETWEEN 3479393 AND 3479493
	Bitmap Heap Scan on sbtest2  (cost=5.57..444.84 rows=111 width=125)
	  Recheck Cond: ((k >= 3479393) AND (k <= 3479493))
	  ->  Bitmap Index Scan on k_2  (cost=0.00..5.54 rows=111 width=0)
	        Index Cond: ((k >= 3479393) AND (k <= 3479493))

table 3 : explain SELECT k, c FROM sbtest3 WHERE k BETWEEN 3479393 AND 3479493
	Bitmap Heap Scan on sbtest3  (cost=5.51..421.20 rows=105 width=125)
	  Recheck Cond: ((k >= 3479393) AND (k <= 3479493))
	  ->  Bitmap Index Scan on k_3  (cost=0.00..5.48 rows=105 width=0)
	        Index Cond: ((k >= 3479393) AND (k <= 3479493))

table 4 : explain SELECT k, c FROM sbtest4 WHERE k BETWEEN 3479393 AND 3479493
	Bitmap Heap Scan on sbtest4  (cost=5.48..409.41 rows=102 width=125)
	  Recheck Cond: ((k >= 3479393) AND (k <= 3479493))
	  ->  Bitmap Index Scan on k_4  (cost=0.00..5.45 rows=102 width=0)
	        Index Cond: ((k >= 3479393) AND (k <= 3479493))

table 5 : explain SELECT k, c FROM sbtest5 WHERE k BETWEEN 3479393 AND 3479493
	Bitmap Heap Scan on sbtest5  (cost=5.46..401.53 rows=100 width=125)
	  Recheck Cond: ((k >= 3479393) AND (k <= 3479493))
	  ->  Bitmap Index Scan on k_5  (cost=0.00..5.43 rows=100 width=0)
	        Index Cond: ((k >= 3479393) AND (k <= 3479493))

table 6 : explain SELECT k, c FROM sbtest6 WHERE k BETWEEN 3479393 AND 3479493
	Bitmap Heap Scan on sbtest6  (cost=5.50..417.30 rows=104 width=125)
	  Recheck Cond: ((k >= 3479393) AND (k <= 3479493))
	  ->  Bitmap Index Scan on k_6  (cost=0.00..5.47 rows=104 width=0)
	        Index Cond: ((k >= 3479393) AND (k <= 3479493))

table 7 : explain SELECT k, c FROM sbtest7 WHERE k BETWEEN 3479393 AND 3479493
	Bitmap Heap Scan on sbtest7  (cost=5.50..417.33 rows=104 width=125)
	  Recheck Cond: ((k >= 3479393) AND (k <= 3479493))
	  ->  Bitmap Index Scan on k_7  (cost=0.00..5.47 rows=104 width=0)
	        Index Cond: ((k >= 3479393) AND (k <= 3479493))

table 8 : explain SELECT k, c FROM sbtest8 WHERE k BETWEEN 3479393 AND 3479493
	Bitmap Heap Scan on sbtest8  (cost=5.54..433.10 rows=108 width=125)
	  Recheck Cond: ((k >= 3479393) AND (k <= 3479493))
	  ->  Bitmap Index Scan on k_8  (cost=0.00..5.51 rows=108 width=0)
	        Index Cond: ((k >= 3479393) AND (k <= 3479493))

explain: for range-notcovered :: explain SELECT k, c FROM sbtest%d WHERE k BETWEEN 5253482 AND 5253582
explain: for range-notcovered :: explain SELECT k, c FROM sbtest%d WHERE k BETWEEN 6478183 AND 6478283
for range-notcovered
table 1 : explain SELECT k, c FROM sbtest1 WHERE k BETWEEN 3356410 AND 3356510
	Bitmap Heap Scan on sbtest1  (cost=5.43..389.62 rows=97 width=125)
	  Recheck Cond: ((k >= 3356410) AND (k <= 3356510))
	  ->  Bitmap Index Scan on k_1  (cost=0.00..5.40 rows=97 width=0)
	        Index Cond: ((k >= 3356410) AND (k <= 3356510))

table 2 : explain SELECT k, c FROM sbtest2 WHERE k BETWEEN 3356410 AND 3356510
	Bitmap Heap Scan on sbtest2  (cost=5.42..385.71 rows=96 width=125)
	  Recheck Cond: ((k >= 3356410) AND (k <= 3356510))
	  ->  Bitmap Index Scan on k_2  (cost=0.00..5.39 rows=96 width=0)
	        Index Cond: ((k >= 3356410) AND (k <= 3356510))

table 3 : explain SELECT k, c FROM sbtest3 WHERE k BETWEEN 3356410 AND 3356510
	Bitmap Heap Scan on sbtest3  (cost=5.43..389.66 rows=97 width=125)
	  Recheck Cond: ((k >= 3356410) AND (k <= 3356510))
	  ->  Bitmap Index Scan on k_3  (cost=0.00..5.40 rows=97 width=0)
	        Index Cond: ((k >= 3356410) AND (k <= 3356510))

table 4 : explain SELECT k, c FROM sbtest4 WHERE k BETWEEN 3356410 AND 3356510
	Bitmap Heap Scan on sbtest4  (cost=5.47..405.47 rows=101 width=125)
	  Recheck Cond: ((k >= 3356410) AND (k <= 3356510))
	  ->  Bitmap Index Scan on k_4  (cost=0.00..5.44 rows=101 width=0)
	        Index Cond: ((k >= 3356410) AND (k <= 3356510))

table 5 : explain SELECT k, c FROM sbtest5 WHERE k BETWEEN 3356410 AND 3356510
	Bitmap Heap Scan on sbtest5  (cost=5.59..452.76 rows=113 width=125)
	  Recheck Cond: ((k >= 3356410) AND (k <= 3356510))
	  ->  Bitmap Index Scan on k_5  (cost=0.00..5.56 rows=113 width=0)
	        Index Cond: ((k >= 3356410) AND (k <= 3356510))

table 6 : explain SELECT k, c FROM sbtest6 WHERE k BETWEEN 3356410 AND 3356510
	Bitmap Heap Scan on sbtest6  (cost=5.52..425.18 rows=106 width=125)
	  Recheck Cond: ((k >= 3356410) AND (k <= 3356510))
	  ->  Bitmap Index Scan on k_6  (cost=0.00..5.50 rows=106 width=0)
	        Index Cond: ((k >= 3356410) AND (k <= 3356510))

table 7 : explain SELECT k, c FROM sbtest7 WHERE k BETWEEN 3356410 AND 3356510
	Bitmap Heap Scan on sbtest7  (cost=5.44..393.67 rows=98 width=125)
	  Recheck Cond: ((k >= 3356410) AND (k <= 3356510))
	  ->  Bitmap Index Scan on k_7  (cost=0.00..5.42 rows=98 width=0)
	        Index Cond: ((k >= 3356410) AND (k <= 3356510))

table 8 : explain SELECT k, c FROM sbtest8 WHERE k BETWEEN 3356410 AND 3356510
	Bitmap Heap Scan on sbtest8  (cost=5.48..409.45 rows=102 width=125)
	  Recheck Cond: ((k >= 3356410) AND (k <= 3356510))
	  ->  Bitmap Index Scan on k_8  (cost=0.00..5.45 rows=102 width=0)
	        Index Cond: ((k >= 3356410) AND (k <= 3356510))

explain: for range-notcovered :: explain SELECT k, c FROM sbtest%d WHERE k BETWEEN 1748124 AND 1748224
for range-notcovered
table 1 : explain SELECT k, c FROM sbtest1 WHERE k BETWEEN 1479177 AND 1479277
	Bitmap Heap Scan on sbtest1  (cost=5.43..389.62 rows=97 width=125)
	  Recheck Cond: ((k >= 1479177) AND (k <= 1479277))
	  ->  Bitmap Index Scan on k_1  (cost=0.00..5.40 rows=97 width=0)
	        Index Cond: ((k >= 1479177) AND (k <= 1479277))

table 2 : explain SELECT k, c FROM sbtest2 WHERE k BETWEEN 1479177 AND 1479277
	Bitmap Heap Scan on sbtest2  (cost=5.46..401.49 rows=100 width=125)
	  Recheck Cond: ((k >= 1479177) AND (k <= 1479277))
	  ->  Bitmap Index Scan on k_2  (cost=0.00..5.43 rows=100 width=0)
	        Index Cond: ((k >= 1479177) AND (k <= 1479277))

table 3 : explain SELECT k, c FROM sbtest3 WHERE k BETWEEN 1479177 AND 1479277
	Bitmap Heap Scan on sbtest3  (cost=5.60..456.65 rows=114 width=125)
	  Recheck Cond: ((k >= 1479177) AND (k <= 1479277))
	  ->  Bitmap Index Scan on k_3  (cost=0.00..5.58 rows=114 width=0)
	        Index Cond: ((k >= 1479177) AND (k <= 1479277))

table 4 : explain SELECT k, c FROM sbtest4 WHERE k BETWEEN 1479177 AND 1479277
	Bitmap Heap Scan on sbtest4  (cost=5.47..405.47 rows=101 width=125)
	  Recheck Cond: ((k >= 1479177) AND (k <= 1479277))
	  ->  Bitmap Index Scan on k_4  (cost=0.00..5.44 rows=101 width=0)
	        Index Cond: ((k >= 1479177) AND (k <= 1479277))

table 5 : explain SELECT k, c FROM sbtest5 WHERE k BETWEEN 1479177 AND 1479277
	Bitmap Heap Scan on sbtest5  (cost=5.47..405.47 rows=101 width=125)
	  Recheck Cond: ((k >= 1479177) AND (k <= 1479277))
	  ->  Bitmap Index Scan on k_5  (cost=0.00..5.44 rows=101 width=0)
	        Index Cond: ((k >= 1479177) AND (k <= 1479277))

table 6 : explain SELECT k, c FROM sbtest6 WHERE k BETWEEN 1479177 AND 1479277
	Bitmap Heap Scan on sbtest6  (cost=5.39..373.91 rows=93 width=125)
	  Recheck Cond: ((k >= 1479177) AND (k <= 1479277))
	  ->  Bitmap Index Scan on k_6  (cost=0.00..5.36 rows=93 width=0)
	        Index Cond: ((k >= 1479177) AND (k <= 1479277))

table 7 : explain SELECT k, c FROM sbtest7 WHERE k BETWEEN 1479177 AND 1479277
	Bitmap Heap Scan on sbtest7  (cost=5.43..389.72 rows=97 width=125)
	  Recheck Cond: ((k >= 1479177) AND (k <= 1479277))
	  ->  Bitmap Index Scan on k_7  (cost=0.00..5.40 rows=97 width=0)
	        Index Cond: ((k >= 1479177) AND (k <= 1479277))

table 8 : explain SELECT k, c FROM sbtest8 WHERE k BETWEEN 1479177 AND 1479277
	Bitmap Heap Scan on sbtest8  (cost=5.55..437.04 rows=109 width=125)
	  Recheck Cond: ((k >= 1479177) AND (k <= 1479277))
	  ->  Bitmap Index Scan on k_8  (cost=0.00..5.52 rows=109 width=0)
	        Index Cond: ((k >= 1479177) AND (k <= 1479277))

explain: for range-notcovered :: explain SELECT k, c FROM sbtest%d WHERE k BETWEEN 3479393 AND 3479493
explain: for range-notcovered :: explain SELECT k, c FROM sbtest%d WHERE k BETWEEN 3356410 AND 3356510
for range-notcovered
table 1 : explain SELECT k, c FROM sbtest1 WHERE k BETWEEN 5253482 AND 5253582
	Bitmap Heap Scan on sbtest1  (cost=5.56..440.85 rows=110 width=125)
	  Recheck Cond: ((k >= 5253482) AND (k <= 5253582))
	  ->  Bitmap Index Scan on k_1  (cost=0.00..5.53 rows=110 width=0)
	        Index Cond: ((k >= 5253482) AND (k <= 5253582))

table 2 : explain SELECT k, c FROM sbtest2 WHERE k BETWEEN 5253482 AND 5253582
	Bitmap Heap Scan on sbtest2  (cost=5.44..393.60 rows=98 width=125)
	  Recheck Cond: ((k >= 5253482) AND (k <= 5253582))
	  ->  Bitmap Index Scan on k_2  (cost=0.00..5.42 rows=98 width=0)
	        Index Cond: ((k >= 5253482) AND (k <= 5253582))

table 3 : explain SELECT k, c FROM sbtest3 WHERE k BETWEEN 5253482 AND 5253582
	Bitmap Heap Scan on sbtest3  (cost=5.43..389.66 rows=97 width=125)
	  Recheck Cond: ((k >= 5253482) AND (k <= 5253582))
	  ->  Bitmap Index Scan on k_3  (cost=0.00..5.40 rows=97 width=0)
	        Index Cond: ((k >= 5253482) AND (k <= 5253582))

table 4 : explain SELECT k, c FROM sbtest4 WHERE k BETWEEN 5253482 AND 5253582
	Bitmap Heap Scan on sbtest4  (cost=5.45..397.58 rows=99 width=125)
	  Recheck Cond: ((k >= 5253482) AND (k <= 5253582))
	  ->  Bitmap Index Scan on k_4  (cost=0.00..5.42 rows=99 width=0)
	        Index Cond: ((k >= 5253482) AND (k <= 5253582))

table 5 : explain SELECT k, c FROM sbtest5 WHERE k BETWEEN 5253482 AND 5253582
	Bitmap Heap Scan on sbtest5  (cost=5.56..440.94 rows=110 width=125)
	  Recheck Cond: ((k >= 5253482) AND (k <= 5253582))
	  ->  Bitmap Index Scan on k_5  (cost=0.00..5.53 rows=110 width=0)
	        Index Cond: ((k >= 5253482) AND (k <= 5253582))

table 6 : explain SELECT k, c FROM sbtest6 WHERE k BETWEEN 5253482 AND 5253582
	Bitmap Heap Scan on sbtest6  (cost=5.45..397.58 rows=99 width=125)
	  Recheck Cond: ((k >= 5253482) AND (k <= 5253582))
	  ->  Bitmap Index Scan on k_6  (cost=0.00..5.42 rows=99 width=0)
	        Index Cond: ((k >= 5253482) AND (k <= 5253582))

table 7 : explain SELECT k, c FROM sbtest7 WHERE k BETWEEN 5253482 AND 5253582
	Bitmap Heap Scan on sbtest7  (cost=5.52..425.22 rows=106 width=125)
	  Recheck Cond: ((k >= 5253482) AND (k <= 5253582))
	  ->  Bitmap Index Scan on k_7  (cost=0.00..5.50 rows=106 width=0)
	        Index Cond: ((k >= 5253482) AND (k <= 5253582))

table 8 : explain SELECT k, c FROM sbtest8 WHERE k BETWEEN 5253482 AND 5253582
	Bitmap Heap Scan on sbtest8  (cost=5.44..393.67 rows=98 width=125)
	  Recheck Cond: ((k >= 5253482) AND (k <= 5253582))
	  ->  Bitmap Index Scan on k_8  (cost=0.00..5.42 rows=98 width=0)
	        Index Cond: ((k >= 5253482) AND (k <= 5253582))
explain: for range-notcovered :: explain SELECT k, c FROM sbtest%d WHERE k BETWEEN 6187062 AND 6187162for range-notcovered
table 1 : explain SELECT k, c FROM sbtest1 WHERE k BETWEEN 3613450 AND 3613550
	Bitmap Heap Scan on sbtest1  (cost=5.42..385.68 rows=96 width=125)
	  Recheck Cond: ((k >= 3613450) AND (k <= 3613550))
	  ->  Bitmap Index Scan on k_1  (cost=0.00..5.39 rows=96 width=0)
	        Index Cond: ((k >= 3613450) AND (k <= 3613550))

table 2 : explain SELECT k, c FROM sbtest2 WHERE k BETWEEN 3613450 AND 3613550
	Bitmap Heap Scan on sbtest2  (cost=5.42..385.71 rows=96 width=125)
	  Recheck Cond: ((k >= 3613450) AND (k <= 3613550))
	  ->  Bitmap Index Scan on k_2  (cost=0.00..5.39 rows=96 width=0)
	        Index Cond: ((k >= 3613450) AND (k <= 3613550))

table 3 : explain SELECT k, c FROM sbtest3 WHERE k BETWEEN 3613450 AND 3613550
	Bitmap Heap Scan on sbtest3  (cost=5.42..385.71 rows=96 width=125)
	  Recheck Cond: ((k >= 3613450) AND (k <= 3613550))
	  ->  Bitmap Index Scan on k_3  (cost=0.00..5.39 rows=96 width=0)
	        Index Cond: ((k >= 3613450) AND (k <= 3613550))

table 4 : explain SELECT k, c FROM sbtest4 WHERE k BETWEEN 3613450 AND 3613550
	Bitmap Heap Scan on sbtest4  (cost=5.40..377.85 rows=94 width=125)
	  Recheck Cond: ((k >= 3613450) AND (k <= 3613550))
	  ->  Bitmap Index Scan on k_4  (cost=0.00..5.38 rows=94 width=0)
	        Index Cond: ((k >= 3613450) AND (k <= 3613550))

table 5 : explain SELECT k, c FROM sbtest5 WHERE k BETWEEN 3613450 AND 3613550
	Bitmap Heap Scan on sbtest5  (cost=5.50..417.30 rows=104 width=125)
	  Recheck Cond: ((k >= 3613450) AND (k <= 3613550))
	  ->  Bitmap Index Scan on k_5  (cost=0.00..5.47 rows=104 width=0)
	        Index Cond: ((k >= 3613450) AND (k <= 3613550))

table 6 : explain SELECT k, c FROM sbtest6 WHERE k BETWEEN 3613450 AND 3613550
	Bitmap Heap Scan on sbtest6  (cost=5.47..405.47 rows=101 width=125)
	  Recheck Cond: ((k >= 3613450) AND (k <= 3613550))
	  ->  Bitmap Index Scan on k_6  (cost=0.00..5.44 rows=101 width=0)
	        Index Cond: ((k >= 3613450) AND (k <= 3613550))

table 7 : explain SELECT k, c FROM sbtest7 WHERE k BETWEEN 3613450 AND 3613550
	Bitmap Heap Scan on sbtest7  (cost=5.55..437.04 rows=109 width=125)
	  Recheck Cond: ((k >= 3613450) AND (k <= 3613550))
	  ->  Bitmap Index Scan on k_7  (cost=0.00..5.52 rows=109 width=0)
	        Index Cond: ((k >= 3613450) AND (k <= 3613550))

table 8 : explain SELECT k, c FROM sbtest8 WHERE k BETWEEN 3613450 AND 3613550
	Bitmap Heap Scan on sbtest8  (cost=5.42..385.78 rows=96 width=125)
	  Recheck Cond: ((k >= 3613450) AND (k <= 3613550))
	  ->  Bitmap Index Scan on k_8  (cost=0.00..5.39 rows=96 width=0)
	        Index Cond: ((k >= 3613450) AND (k <= 3613550))


for range-notcovered
table 1 : explain SELECT k, c FROM sbtest1 WHERE k BETWEEN 2738971 AND 2739071
	Bitmap Heap Scan on sbtest1  (cost=5.46..401.45 rows=100 width=125)
	  Recheck Cond: ((k >= 2738971) AND (k <= 2739071))
	  ->  Bitmap Index Scan on k_1  (cost=0.00..5.43 rows=100 width=0)
	        Index Cond: ((k >= 2738971) AND (k <= 2739071))

table 2 : explain SELECT k, c FROM sbtest2 WHERE k BETWEEN 2738971 AND 2739071
	Bitmap Heap Scan on sbtest2  (cost=5.47..405.43 rows=101 width=125)
	  Recheck Cond: ((k >= 2738971) AND (k <= 2739071))
	  ->  Bitmap Index Scan on k_2  (cost=0.00..5.44 rows=101 width=0)
	        Index Cond: ((k >= 2738971) AND (k <= 2739071))

table 3 : explain SELECT k, c FROM sbtest3 WHERE k BETWEEN 2738971 AND 2739071
	Bitmap Heap Scan on sbtest3  (cost=5.45..397.55 rows=99 width=125)
	  Recheck Cond: ((k >= 2738971) AND (k <= 2739071))
	  ->  Bitmap Index Scan on k_3  (cost=0.00..5.42 rows=99 width=0)
	        Index Cond: ((k >= 2738971) AND (k <= 2739071))

table 4 : explain SELECT k, c FROM sbtest4 WHERE k BETWEEN 2738971 AND 2739071
	Bitmap Heap Scan on sbtest4  (cost=5.52..425.18 rows=106 width=125)
	  Recheck Cond: ((k >= 2738971) AND (k <= 2739071))
	  ->  Bitmap Index Scan on k_4  (cost=0.00..5.50 rows=106 width=0)
	        Index Cond: ((k >= 2738971) AND (k <= 2739071))

table 5 : explain SELECT k, c FROM sbtest5 WHERE k BETWEEN 2738971 AND 2739071
	Bitmap Heap Scan on sbtest5  (cost=5.46..401.53 rows=100 width=125)
	  Recheck Cond: ((k >= 2738971) AND (k <= 2739071))
	  ->  Bitmap Index Scan on k_5  (cost=0.00..5.43 rows=100 width=0)
	        Index Cond: ((k >= 2738971) AND (k <= 2739071))

table 6 : explain SELECT k, c FROM sbtest6 WHERE k BETWEEN 2738971 AND 2739071
	Bitmap Heap Scan on sbtest6  (cost=5.49..413.36 rows=103 width=125)
	  Recheck Cond: ((k >= 2738971) AND (k <= 2739071))
	  ->  Bitmap Index Scan on k_6  (cost=0.00..5.46 rows=103 width=0)
	        Index Cond: ((k >= 2738971) AND (k <= 2739071))

table 7 : explain SELECT k, c FROM sbtest7 WHERE k BETWEEN 2738971 AND 2739071
	Bitmap Heap Scan on sbtest7  (cost=5.40..377.89 rows=94 width=125)
	  Recheck Cond: ((k >= 2738971) AND (k <= 2739071))
	  ->  Bitmap Index Scan on k_7  (cost=0.00..5.38 rows=94 width=0)
	        Index Cond: ((k >= 2738971) AND (k <= 2739071))

table 8 : explain SELECT k, c FROM sbtest8 WHERE k BETWEEN 2738971 AND 2739071
	Bitmap Heap Scan on sbtest8  (cost=5.49..413.39 rows=103 width=125)
	  Recheck Cond: ((k >= 2738971) AND (k <= 2739071))
	  ->  Bitmap Index Scan on k_8  (cost=0.00..5.46 rows=103 width=0)
	        Index Cond: ((k >= 2738971) AND (k <= 2739071))


for range-notcovered
table 1 : explain SELECT k, c FROM sbtest1 WHERE k BETWEEN 1748124 AND 1748224
	Bitmap Heap Scan on sbtest1  (cost=5.43..389.62 rows=97 width=125)
	  Recheck Cond: ((k >= 1748124) AND (k <= 1748224))
	  ->  Bitmap Index Scan on k_1  (cost=0.00..5.40 rows=97 width=0)
	        Index Cond: ((k >= 1748124) AND (k <= 1748224))

table 2 : explain SELECT k, c FROM sbtest2 WHERE k BETWEEN 1748124 AND 1748224
	Bitmap Heap Scan on sbtest2  (cost=5.48..409.37 rows=102 width=125)
	  Recheck Cond: ((k >= 1748124) AND (k <= 1748224))
	  ->  Bitmap Index Scan on k_2  (cost=0.00..5.45 rows=102 width=0)
	        Index Cond: ((k >= 1748124) AND (k <= 1748224))

table 3 : explain SELECT k, c FROM sbtest3 WHERE k BETWEEN 1748124 AND 1748224
	Bitmap Heap Scan on sbtest3  (cost=5.52..425.14 rows=106 width=125)
	  Recheck Cond: ((k >= 1748124) AND (k <= 1748224))
	  ->  Bitmap Index Scan on k_3  (cost=0.00..5.50 rows=106 width=0)
	        Index Cond: ((k >= 1748124) AND (k <= 1748224))

table 4 : explain SELECT k, c FROM sbtest4 WHERE k BETWEEN 1748124 AND 1748224
	Bitmap Heap Scan on sbtest4  (cost=5.49..413.35 rows=103 width=125)
	  Recheck Cond: ((k >= 1748124) AND (k <= 1748224))
	  ->  Bitmap Index Scan on k_4  (cost=0.00..5.46 rows=103 width=0)
	        Index Cond: ((k >= 1748124) AND (k <= 1748224))

table 5 : explain SELECT k, c FROM sbtest5 WHERE k BETWEEN 1748124 AND 1748224
	Bitmap Heap Scan on sbtest5  (cost=5.47..405.47 rows=101 width=125)
	  Recheck Cond: ((k >= 1748124) AND (k <= 1748224))
	  ->  Bitmap Index Scan on k_5  (cost=0.00..5.44 rows=101 width=0)
	        Index Cond: ((k >= 1748124) AND (k <= 1748224))

table 6 : explain SELECT k, c FROM sbtest6 WHERE k BETWEEN 1748124 AND 1748224
	Bitmap Heap Scan on sbtest6  (cost=5.46..401.53 rows=100 width=125)
	  Recheck Cond: ((k >= 1748124) AND (k <= 1748224))
	  ->  Bitmap Index Scan on k_6  (cost=0.00..5.43 rows=100 width=0)
	        Index Cond: ((k >= 1748124) AND (k <= 1748224))

table 7 : explain SELECT k, c FROM sbtest7 WHERE k BETWEEN 1748124 AND 1748224
	Bitmap Heap Scan on sbtest7  (cost=5.45..397.62 rows=99 width=125)
	  Recheck Cond: ((k >= 1748124) AND (k <= 1748224))
	  ->  Bitmap Index Scan on k_7  (cost=0.00..5.42 rows=99 width=0)
	        Index Cond: ((k >= 1748124) AND (k <= 1748224))

table 8 : explain SELECT k, c FROM sbtest8 WHERE k BETWEEN 1748124 AND 1748224
	Bitmap Heap Scan on sbtest8  (cost=5.53..429.16 rows=107 width=125)
	  Recheck Cond: ((k >= 1748124) AND (k <= 1748224))
	  ->  Bitmap Index Scan on k_8  (cost=0.00..5.50 rows=107 width=0)
	        Index Cond: ((k >= 1748124) AND (k <= 1748224))

for range-notcovered
table 1 : explain SELECT k, c FROM sbtest1 WHERE k BETWEEN 4148583 AND 4148683
	Bitmap Heap Scan on sbtest1  (cost=5.57..444.79 rows=111 width=125)
	  Recheck Cond: ((k >= 4148583) AND (k <= 4148683))
	  ->  Bitmap Index Scan on k_1  (cost=0.00..5.54 rows=111 width=0)
	        Index Cond: ((k >= 4148583) AND (k <= 4148683))

table 2 : explain SELECT k, c FROM sbtest2 WHERE k BETWEEN 4148583 AND 4148683
	Bitmap Heap Scan on sbtest2  (cost=5.42..385.71 rows=96 width=125)
	  Recheck Cond: ((k >= 4148583) AND (k <= 4148683))
	  ->  Bitmap Index Scan on k_2  (cost=0.00..5.39 rows=96 width=0)
	        Index Cond: ((k >= 4148583) AND (k <= 4148683))

table 3 : explain SELECT k, c FROM sbtest3 WHERE k BETWEEN 4148583 AND 4148683
	Bitmap Heap Scan on sbtest3  (cost=5.50..417.26 rows=104 width=125)
	  Recheck Cond: ((k >= 4148583) AND (k <= 4148683))
	  ->  Bitmap Index Scan on k_3  (cost=0.00..5.47 rows=104 width=0)
	        Index Cond: ((k >= 4148583) AND (k <= 4148683))

table 4 : explain SELECT k, c FROM sbtest4 WHERE k BETWEEN 4148583 AND 4148683
	Bitmap Heap Scan on sbtest4  (cost=5.39..373.91 rows=93 width=125)
	  Recheck Cond: ((k >= 4148583) AND (k <= 4148683))
	  ->  Bitmap Index Scan on k_4  (cost=0.00..5.36 rows=93 width=0)
	        Index Cond: ((k >= 4148583) AND (k <= 4148683))

table 5 : explain SELECT k, c FROM sbtest5 WHERE k BETWEEN 4148583 AND 4148683
	Bitmap Heap Scan on sbtest5  (cost=5.41..381.80 rows=95 width=125)
	  Recheck Cond: ((k >= 4148583) AND (k <= 4148683))
	  ->  Bitmap Index Scan on k_5  (cost=0.00..5.38 rows=95 width=0)
	        Index Cond: ((k >= 4148583) AND (k <= 4148683))

table 6 : explain SELECT k, c FROM sbtest6 WHERE k BETWEEN 4148583 AND 4148683
	Bitmap Heap Scan on sbtest6  (cost=5.50..417.30 rows=104 width=125)
	  Recheck Cond: ((k >= 4148583) AND (k <= 4148683))
	  ->  Bitmap Index Scan on k_6  (cost=0.00..5.47 rows=104 width=0)
	        Index Cond: ((k >= 4148583) AND (k <= 4148683))

table 7 : explain SELECT k, c FROM sbtest7 WHERE k BETWEEN 4148583 AND 4148683
	Bitmap Heap Scan on sbtest7  (cost=5.45..397.62 rows=99 width=125)
	  Recheck Cond: ((k >= 4148583) AND (k <= 4148683))
	  ->  Bitmap Index Scan on k_7  (cost=0.00..5.42 rows=99 width=0)
	        Index Cond: ((k >= 4148583) AND (k <= 4148683))

table 8 : explain SELECT k, c FROM sbtest8 WHERE k BETWEEN 4148583 AND 4148683
	Bitmap Heap Scan on sbtest8  (cost=5.53..429.16 rows=107 width=125)
	  Recheck Cond: ((k >= 4148583) AND (k <= 4148683))
	  ->  Bitmap Index Scan on k_8  (cost=0.00..5.50 rows=107 width=0)
	        Index Cond: ((k >= 4148583) AND (k <= 4148683))

for range-notcovered
table 1 : explain SELECT k, c FROM sbtest1 WHERE k BETWEEN 6478183 AND 6478283
	Bitmap Heap Scan on sbtest1  (cost=5.52..425.10 rows=106 width=125)
	  Recheck Cond: ((k >= 6478183) AND (k <= 6478283))
	  ->  Bitmap Index Scan on k_1  (cost=0.00..5.50 rows=106 width=0)
	        Index Cond: ((k >= 6478183) AND (k <= 6478283))

table 2 : explain SELECT k, c FROM sbtest2 WHERE k BETWEEN 6478183 AND 6478283
	Bitmap Heap Scan on sbtest2  (cost=5.48..409.37 rows=102 width=125)
	  Recheck Cond: ((k >= 6478183) AND (k <= 6478283))
	  ->  Bitmap Index Scan on k_2  (cost=0.00..5.45 rows=102 width=0)
	        Index Cond: ((k >= 6478183) AND (k <= 6478283))

table 3 : explain SELECT k, c FROM sbtest3 WHERE k BETWEEN 6478183 AND 6478283
	Bitmap Heap Scan on sbtest3  (cost=5.60..456.65 rows=114 width=125)
	  Recheck Cond: ((k >= 6478183) AND (k <= 6478283))
	  ->  Bitmap Index Scan on k_3  (cost=0.00..5.58 rows=114 width=0)
	        Index Cond: ((k >= 6478183) AND (k <= 6478283))

table 4 : explain SELECT k, c FROM sbtest4 WHERE k BETWEEN 6478183 AND 6478283
	Bitmap Heap Scan on sbtest4  (cost=5.46..401.52 rows=100 width=125)
	  Recheck Cond: ((k >= 6478183) AND (k <= 6478283))
	  ->  Bitmap Index Scan on k_4  (cost=0.00..5.43 rows=100 width=0)
	        Index Cond: ((k >= 6478183) AND (k <= 6478283))

table 5 : explain SELECT k, c FROM sbtest5 WHERE k BETWEEN 6478183 AND 6478283
	Bitmap Heap Scan on sbtest5  (cost=5.47..405.47 rows=101 width=125)
	  Recheck Cond: ((k >= 6478183) AND (k <= 6478283))
	  ->  Bitmap Index Scan on k_5  (cost=0.00..5.44 rows=101 width=0)
	        Index Cond: ((k >= 6478183) AND (k <= 6478283))

table 6 : explain SELECT k, c FROM sbtest6 WHERE k BETWEEN 6478183 AND 6478283
	Bitmap Heap Scan on sbtest6  (cost=5.35..358.12 rows=89 width=125)
	  Recheck Cond: ((k >= 6478183) AND (k <= 6478283))
	  ->  Bitmap Index Scan on k_6  (cost=0.00..5.32 rows=89 width=0)
	        Index Cond: ((k >= 6478183) AND (k <= 6478283))

table 7 : explain SELECT k, c FROM sbtest7 WHERE k BETWEEN 6478183 AND 6478283
	Bitmap Heap Scan on sbtest7  (cost=5.52..425.22 rows=106 width=125)
	  Recheck Cond: ((k >= 6478183) AND (k <= 6478283))
	  ->  Bitmap Index Scan on k_7  (cost=0.00..5.50 rows=106 width=0)
	        Index Cond: ((k >= 6478183) AND (k <= 6478283))

table 8 : explain SELECT k, c FROM sbtest8 WHERE k BETWEEN 6478183 AND 6478283
	Bitmap Heap Scan on sbtest8  (cost=5.39..373.94 rows=93 width=125)
	  Recheck Cond: ((k >= 6478183) AND (k <= 6478283))
	  ->  Bitmap Index Scan on k_8  (cost=0.00..5.36 rows=93 width=0)
	        Index Cond: ((k >= 6478183) AND (k <= 6478283))

explain: for range-notcovered :: explain SELECT k, c FROM sbtest%d WHERE k BETWEEN 3613450 AND 3613550explain: for range-notcovered :: explain SELECT k, c FROM sbtest%d WHERE k BETWEEN 5253482 AND 5253582explain: for range-notcovered :: explain SELECT k, c FROM sbtest%d WHERE k BETWEEN 2738971 AND 2739071for range-notcovered
table 1 : explain SELECT k, c FROM sbtest1 WHERE k BETWEEN 3479393 AND 3479493
	Bitmap Heap Scan on sbtest1  (cost=5.50..417.22 rows=104 width=125)
	  Recheck Cond: ((k >= 3479393) AND (k <= 3479493))
	  ->  Bitmap Index Scan on k_1  (cost=0.00..5.47 rows=104 width=0)
	        Index Cond: ((k >= 3479393) AND (k <= 3479493))

table 2 : explain SELECT k, c FROM sbtest2 WHERE k BETWEEN 3479393 AND 3479493
	Bitmap Heap Scan on sbtest2  (cost=5.57..444.84 rows=111 width=125)
	  Recheck Cond: ((k >= 3479393) AND (k <= 3479493))
	  ->  Bitmap Index Scan on k_2  (cost=0.00..5.54 rows=111 width=0)
	        Index Cond: ((k >= 3479393) AND (k <= 3479493))

table 3 : explain SELECT k, c FROM sbtest3 WHERE k BETWEEN 3479393 AND 3479493
	Bitmap Heap Scan on sbtest3  (cost=5.51..421.20 rows=105 width=125)
	  Recheck Cond: ((k >= 3479393) AND (k <= 3479493))
	  ->  Bitmap Index Scan on k_3  (cost=0.00..5.48 rows=105 width=0)
	        Index Cond: ((k >= 3479393) AND (k <= 3479493))

table 4 : explain SELECT k, c FROM sbtest4 WHERE k BETWEEN 3479393 AND 3479493
	Bitmap Heap Scan on sbtest4  (cost=5.48..409.41 rows=102 width=125)
	  Recheck Cond: ((k >= 3479393) AND (k <= 3479493))
	  ->  Bitmap Index Scan on k_4  (cost=0.00..5.45 rows=102 width=0)
	        Index Cond: ((k >= 3479393) AND (k <= 3479493))

table 5 : explain SELECT k, c FROM sbtest5 WHERE k BETWEEN 3479393 AND 3479493
	Bitmap Heap Scan on sbtest5  (cost=5.46..401.53 rows=100 width=125)
	  Recheck Cond: ((k >= 3479393) AND (k <= 3479493))
	  ->  Bitmap Index Scan on k_5  (cost=0.00..5.43 rows=100 width=0)
	        Index Cond: ((k >= 3479393) AND (k <= 3479493))

table 6 : explain SELECT k, c FROM sbtest6 WHERE k BETWEEN 3479393 AND 3479493
	Bitmap Heap Scan on sbtest6  (cost=5.50..417.30 rows=104 width=125)
	  Recheck Cond: ((k >= 3479393) AND (k <= 3479493))
	  ->  Bitmap Index Scan on k_6  (cost=0.00..5.47 rows=104 width=0)
	        Index Cond: ((k >= 3479393) AND (k <= 3479493))

table 7 : explain SELECT k, c FROM sbtest7 WHERE k BETWEEN 3479393 AND 3479493
	Bitmap Heap Scan on sbtest7  (cost=5.50..417.33 rows=104 width=125)
	  Recheck Cond: ((k >= 3479393) AND (k <= 3479493))
	  ->  Bitmap Index Scan on k_7  (cost=0.00..5.47 rows=104 width=0)
	        Index Cond: ((k >= 3479393) AND (k <= 3479493))

table 8 : explain SELECT k, c FROM sbtest8 WHERE k BETWEEN 3479393 AND 3479493
	Bitmap Heap Scan on sbtest8  (cost=5.54..433.10 rows=108 width=125)
	  Recheck Cond: ((k >= 3479393) AND (k <= 3479493))
	  ->  Bitmap Index Scan on k_8  (cost=0.00..5.51 rows=108 width=0)
	        Index Cond: ((k >= 3479393) AND (k <= 3479493))



explain: for range-notcovered :: explain SELECT k, c FROM sbtest%d WHERE k BETWEEN 4148583 AND 4148683
for range-notcovered
table 1 : explain SELECT k, c FROM sbtest1 WHERE k BETWEEN 3356410 AND 3356510
	Bitmap Heap Scan on sbtest1  (cost=5.43..389.62 rows=97 width=125)
	  Recheck Cond: ((k >= 3356410) AND (k <= 3356510))
	  ->  Bitmap Index Scan on k_1  (cost=0.00..5.40 rows=97 width=0)
	        Index Cond: ((k >= 3356410) AND (k <= 3356510))

table 2 : explain SELECT k, c FROM sbtest2 WHERE k BETWEEN 3356410 AND 3356510
	Bitmap Heap Scan on sbtest2  (cost=5.42..385.71 rows=96 width=125)
	  Recheck Cond: ((k >= 3356410) AND (k <= 3356510))
	  ->  Bitmap Index Scan on k_2  (cost=0.00..5.39 rows=96 width=0)
	        Index Cond: ((k >= 3356410) AND (k <= 3356510))

table 3 : explain SELECT k, c FROM sbtest3 WHERE k BETWEEN 3356410 AND 3356510
	Bitmap Heap Scan on sbtest3  (cost=5.43..389.66 rows=97 width=125)
	  Recheck Cond: ((k >= 3356410) AND (k <= 3356510))
	  ->  Bitmap Index Scan on k_3  (cost=0.00..5.40 rows=97 width=0)
	        Index Cond: ((k >= 3356410) AND (k <= 3356510))

table 4 : explain SELECT k, c FROM sbtest4 WHERE k BETWEEN 3356410 AND 3356510
	Bitmap Heap Scan on sbtest4  (cost=5.47..405.47 rows=101 width=125)
	  Recheck Cond: ((k >= 3356410) AND (k <= 3356510))
	  ->  Bitmap Index Scan on k_4  (cost=0.00..5.44 rows=101 width=0)
	        Index Cond: ((k >= 3356410) AND (k <= 3356510))

table 5 : explain SELECT k, c FROM sbtest5 WHERE k BETWEEN 3356410 AND 3356510
	Bitmap Heap Scan on sbtest5  (cost=5.59..452.76 rows=113 width=125)
	  Recheck Cond: ((k >= 3356410) AND (k <= 3356510))
	  ->  Bitmap Index Scan on k_5  (cost=0.00..5.56 rows=113 width=0)
	        Index Cond: ((k >= 3356410) AND (k <= 3356510))

table 6 : explain SELECT k, c FROM sbtest6 WHERE k BETWEEN 3356410 AND 3356510
	Bitmap Heap Scan on sbtest6  (cost=5.52..425.18 rows=106 width=125)
	  Recheck Cond: ((k >= 3356410) AND (k <= 3356510))
	  ->  Bitmap Index Scan on k_6  (cost=0.00..5.50 rows=106 width=0)
	        Index Cond: ((k >= 3356410) AND (k <= 3356510))

table 7 : explain SELECT k, c FROM sbtest7 WHERE k BETWEEN 3356410 AND 3356510
	Bitmap Heap Scan on sbtest7  (cost=5.44..393.67 rows=98 width=125)
	  Recheck Cond: ((k >= 3356410) AND (k <= 3356510))
	  ->  Bitmap Index Scan on k_7  (cost=0.00..5.42 rows=98 width=0)
	        Index Cond: ((k >= 3356410) AND (k <= 3356510))

table 8 : explain SELECT k, c FROM sbtest8 WHERE k BETWEEN 3356410 AND 3356510
	Bitmap Heap Scan on sbtest8  (cost=5.48..409.45 rows=102 width=125)
	  Recheck Cond: ((k >= 3356410) AND (k <= 3356510))
	  ->  Bitmap Index Scan on k_8  (cost=0.00..5.45 rows=102 width=0)
	        Index Cond: ((k >= 3356410) AND (k <= 3356510))

explain: for range-notcovered :: explain SELECT k, c FROM sbtest%d WHERE k BETWEEN 6478183 AND 6478283

explain: for range-notcovered :: explain SELECT k, c FROM sbtest%d WHERE k BETWEEN 3479393 AND 3479493
explain: for range-notcovered :: explain SELECT k, c FROM sbtest%d WHERE k BETWEEN 3356410 AND 3356510
for range-notcovered
table 1 : explain SELECT k, c FROM sbtest1 WHERE k BETWEEN 3613450 AND 3613550
	Bitmap Heap Scan on sbtest1  (cost=5.42..385.68 rows=96 width=125)
	  Recheck Cond: ((k >= 3613450) AND (k <= 3613550))
	  ->  Bitmap Index Scan on k_1  (cost=0.00..5.39 rows=96 width=0)
	        Index Cond: ((k >= 3613450) AND (k <= 3613550))

table 2 : explain SELECT k, c FROM sbtest2 WHERE k BETWEEN 3613450 AND 3613550
	Bitmap Heap Scan on sbtest2  (cost=5.42..385.71 rows=96 width=125)
	  Recheck Cond: ((k >= 3613450) AND (k <= 3613550))
	  ->  Bitmap Index Scan on k_2  (cost=0.00..5.39 rows=96 width=0)
	        Index Cond: ((k >= 3613450) AND (k <= 3613550))

table 3 : explain SELECT k, c FROM sbtest3 WHERE k BETWEEN 3613450 AND 3613550
	Bitmap Heap Scan on sbtest3  (cost=5.42..385.71 rows=96 width=125)
	  Recheck Cond: ((k >= 3613450) AND (k <= 3613550))
	  ->  Bitmap Index Scan on k_3  (cost=0.00..5.39 rows=96 width=0)
	        Index Cond: ((k >= 3613450) AND (k <= 3613550))

table 4 : explain SELECT k, c FROM sbtest4 WHERE k BETWEEN 3613450 AND 3613550
	Bitmap Heap Scan on sbtest4  (cost=5.40..377.85 rows=94 width=125)
	  Recheck Cond: ((k >= 3613450) AND (k <= 3613550))
	  ->  Bitmap Index Scan on k_4  (cost=0.00..5.38 rows=94 width=0)
	        Index Cond: ((k >= 3613450) AND (k <= 3613550))

table 5 : explain SELECT k, c FROM sbtest5 WHERE k BETWEEN 3613450 AND 3613550
	Bitmap Heap Scan on sbtest5  (cost=5.50..417.30 rows=104 width=125)
	  Recheck Cond: ((k >= 3613450) AND (k <= 3613550))
	  ->  Bitmap Index Scan on k_5  (cost=0.00..5.47 rows=104 width=0)
	        Index Cond: ((k >= 3613450) AND (k <= 3613550))

table 6 : explain SELECT k, c FROM sbtest6 WHERE k BETWEEN 3613450 AND 3613550
	Bitmap Heap Scan on sbtest6  (cost=5.47..405.47 rows=101 width=125)
	  Recheck Cond: ((k >= 3613450) AND (k <= 3613550))
	  ->  Bitmap Index Scan on k_6  (cost=0.00..5.44 rows=101 width=0)
	        Index Cond: ((k >= 3613450) AND (k <= 3613550))

table 7 : explain SELECT k, c FROM sbtest7 WHERE k BETWEEN 3613450 AND 3613550
	Bitmap Heap Scan on sbtest7  (cost=5.55..437.04 rows=109 width=125)
	  Recheck Cond: ((k >= 3613450) AND (k <= 3613550))
	  ->  Bitmap Index Scan on k_7  (cost=0.00..5.52 rows=109 width=0)
	        Index Cond: ((k >= 3613450) AND (k <= 3613550))

table 8 : explain SELECT k, c FROM sbtest8 WHERE k BETWEEN 3613450 AND 3613550
	Bitmap Heap Scan on sbtest8  (cost=5.42..385.78 rows=96 width=125)
	  Recheck Cond: ((k >= 3613450) AND (k <= 3613550))
	  ->  Bitmap Index Scan on k_8  (cost=0.00..5.39 rows=96 width=0)
	        Index Cond: ((k >= 3613450) AND (k <= 3613550))

for range-notcovered
table 1 : explain SELECT k, c FROM sbtest1 WHERE k BETWEEN 5253482 AND 5253582
	Bitmap Heap Scan on sbtest1  (cost=5.56..440.85 rows=110 width=125)
	  Recheck Cond: ((k >= 5253482) AND (k <= 5253582))
	  ->  Bitmap Index Scan on k_1  (cost=0.00..5.53 rows=110 width=0)
	        Index Cond: ((k >= 5253482) AND (k <= 5253582))

table 2 : explain SELECT k, c FROM sbtest2 WHERE k BETWEEN 5253482 AND 5253582
	Bitmap Heap Scan on sbtest2  (cost=5.44..393.60 rows=98 width=125)
	  Recheck Cond: ((k >= 5253482) AND (k <= 5253582))
	  ->  Bitmap Index Scan on k_2  (cost=0.00..5.42 rows=98 width=0)
	        Index Cond: ((k >= 5253482) AND (k <= 5253582))

table 3 : explain SELECT k, c FROM sbtest3 WHERE k BETWEEN 5253482 AND 5253582
	Bitmap Heap Scan on sbtest3  (cost=5.43..389.66 rows=97 width=125)
	  Recheck Cond: ((k >= 5253482) AND (k <= 5253582))
	  ->  Bitmap Index Scan on k_3  (cost=0.00..5.40 rows=97 width=0)
	        Index Cond: ((k >= 5253482) AND (k <= 5253582))

table 4 : explain SELECT k, c FROM sbtest4 WHERE k BETWEEN 5253482 AND 5253582
	Bitmap Heap Scan on sbtest4  (cost=5.45..397.58 rows=99 width=125)
	  Recheck Cond: ((k >= 5253482) AND (k <= 5253582))
	  ->  Bitmap Index Scan on k_4  (cost=0.00..5.42 rows=99 width=0)
	        Index Cond: ((k >= 5253482) AND (k <= 5253582))

table 5 : explain SELECT k, c FROM sbtest5 WHERE k BETWEEN 5253482 AND 5253582
	Bitmap Heap Scan on sbtest5  (cost=5.56..440.94 rows=110 width=125)
	  Recheck Cond: ((k >= 5253482) AND (k <= 5253582))
	  ->  Bitmap Index Scan on k_5  (cost=0.00..5.53 rows=110 width=0)
	        Index Cond: ((k >= 5253482) AND (k <= 5253582))

table 6 : explain SELECT k, c FROM sbtest6 WHERE k BETWEEN 5253482 AND 5253582
	Bitmap Heap Scan on sbtest6  (cost=5.45..397.58 rows=99 width=125)
	  Recheck Cond: ((k >= 5253482) AND (k <= 5253582))
	  ->  Bitmap Index Scan on k_6  (cost=0.00..5.42 rows=99 width=0)
	        Index Cond: ((k >= 5253482) AND (k <= 5253582))

table 7 : explain SELECT k, c FROM sbtest7 WHERE k BETWEEN 5253482 AND 5253582
	Bitmap Heap Scan on sbtest7  (cost=5.52..425.22 rows=106 width=125)
	  Recheck Cond: ((k >= 5253482) AND (k <= 5253582))
	  ->  Bitmap Index Scan on k_7  (cost=0.00..5.50 rows=106 width=0)
	        Index Cond: ((k >= 5253482) AND (k <= 5253582))

table 8 : explain SELECT k, c FROM sbtest8 WHERE k BETWEEN 5253482 AND 5253582
	Bitmap Heap Scan on sbtest8  (cost=5.44..393.67 rows=98 width=125)
	  Recheck Cond: ((k >= 5253482) AND (k <= 5253582))
	  ->  Bitmap Index Scan on k_8  (cost=0.00..5.42 rows=98 width=0)
	        Index Cond: ((k >= 5253482) AND (k <= 5253582))

explain: for range-notcovered :: explain SELECT k, c FROM sbtest%d WHERE k BETWEEN 7192827 AND 7192927
explain: for range-notcovered :: explain SELECT k, c FROM sbtest%d WHERE k BETWEEN 3613450 AND 3613550
for range-notcovered
table 1 : explain SELECT k, c FROM sbtest1 WHERE k BETWEEN 3479393 AND 3479493
	Bitmap Heap Scan on sbtest1  (cost=5.50..417.22 rows=104 width=125)
	  Recheck Cond: ((k >= 3479393) AND (k <= 3479493))
	  ->  Bitmap Index Scan on k_1  (cost=0.00..5.47 rows=104 width=0)
	        Index Cond: ((k >= 3479393) AND (k <= 3479493))

table 2 : explain SELECT k, c FROM sbtest2 WHERE k BETWEEN 3479393 AND 3479493
	Bitmap Heap Scan on sbtest2  (cost=5.57..444.84 rows=111 width=125)
	  Recheck Cond: ((k >= 3479393) AND (k <= 3479493))
	  ->  Bitmap Index Scan on k_2  (cost=0.00..5.54 rows=111 width=0)
	        Index Cond: ((k >= 3479393) AND (k <= 3479493))

table 3 : explain SELECT k, c FROM sbtest3 WHERE k BETWEEN 3479393 AND 3479493
	Bitmap Heap Scan on sbtest3  (cost=5.51..421.20 rows=105 width=125)
	  Recheck Cond: ((k >= 3479393) AND (k <= 3479493))
	  ->  Bitmap Index Scan on k_3  (cost=0.00..5.48 rows=105 width=0)
	        Index Cond: ((k >= 3479393) AND (k <= 3479493))

table 4 : explain SELECT k, c FROM sbtest4 WHERE k BETWEEN 3479393 AND 3479493
	Bitmap Heap Scan on sbtest4  (cost=5.48..409.41 rows=102 width=125)
	  Recheck Cond: ((k >= 3479393) AND (k <= 3479493))
	  ->  Bitmap Index Scan on k_4  (cost=0.00..5.45 rows=102 width=0)
	        Index Cond: ((k >= 3479393) AND (k <= 3479493))

table 5 : explain SELECT k, c FROM sbtest5 WHERE k BETWEEN 3479393 AND 3479493
	Bitmap Heap Scan on sbtest5  (cost=5.46..401.53 rows=100 width=125)
	  Recheck Cond: ((k >= 3479393) AND (k <= 3479493))
	  ->  Bitmap Index Scan on k_5  (cost=0.00..5.43 rows=100 width=0)
	        Index Cond: ((k >= 3479393) AND (k <= 3479493))

table 6 : explain SELECT k, c FROM sbtest6 WHERE k BETWEEN 3479393 AND 3479493
	Bitmap Heap Scan on sbtest6  (cost=5.50..417.30 rows=104 width=125)
	  Recheck Cond: ((k >= 3479393) AND (k <= 3479493))
	  ->  Bitmap Index Scan on k_6  (cost=0.00..5.47 rows=104 width=0)
	        Index Cond: ((k >= 3479393) AND (k <= 3479493))

table 7 : explain SELECT k, c FROM sbtest7 WHERE k BETWEEN 3479393 AND 3479493
	Bitmap Heap Scan on sbtest7  (cost=5.50..417.33 rows=104 width=125)
	  Recheck Cond: ((k >= 3479393) AND (k <= 3479493))
	  ->  Bitmap Index Scan on k_7  (cost=0.00..5.47 rows=104 width=0)
	        Index Cond: ((k >= 3479393) AND (k <= 3479493))

table 8 : explain SELECT k, c FROM sbtest8 WHERE k BETWEEN 3479393 AND 3479493
	Bitmap Heap Scan on sbtest8  (cost=5.54..433.10 rows=108 width=125)
	  Recheck Cond: ((k >= 3479393) AND (k <= 3479493))
	  ->  Bitmap Index Scan on k_8  (cost=0.00..5.51 rows=108 width=0)
	        Index Cond: ((k >= 3479393) AND (k <= 3479493))

for range-notcovered
table 1 : explain SELECT k, c FROM sbtest1 WHERE k BETWEEN 4148583 AND 4148683
	Bitmap Heap Scan on sbtest1  (cost=5.57..444.79 rows=111 width=125)
	  Recheck Cond: ((k >= 4148583) AND (k <= 4148683))
	  ->  Bitmap Index Scan on k_1  (cost=0.00..5.54 rows=111 width=0)
	        Index Cond: ((k >= 4148583) AND (k <= 4148683))

table 2 : explain SELECT k, c FROM sbtest2 WHERE k BETWEEN 4148583 AND 4148683
	Bitmap Heap Scan on sbtest2  (cost=5.42..385.71 rows=96 width=125)
	  Recheck Cond: ((k >= 4148583) AND (k <= 4148683))
	  ->  Bitmap Index Scan on k_2  (cost=0.00..5.39 rows=96 width=0)
	        Index Cond: ((k >= 4148583) AND (k <= 4148683))

table 3 : explain SELECT k, c FROM sbtest3 WHERE k BETWEEN 4148583 AND 4148683
	Bitmap Heap Scan on sbtest3  (cost=5.50..417.26 rows=104 width=125)
	  Recheck Cond: ((k >= 4148583) AND (k <= 4148683))
	  ->  Bitmap Index Scan on k_3  (cost=0.00..5.47 rows=104 width=0)
	        Index Cond: ((k >= 4148583) AND (k <= 4148683))

table 4 : explain SELECT k, c FROM sbtest4 WHERE k BETWEEN 4148583 AND 4148683
	Bitmap Heap Scan on sbtest4  (cost=5.39..373.91 rows=93 width=125)
	  Recheck Cond: ((k >= 4148583) AND (k <= 4148683))
	  ->  Bitmap Index Scan on k_4  (cost=0.00..5.36 rows=93 width=0)
	        Index Cond: ((k >= 4148583) AND (k <= 4148683))

table 5 : explain SELECT k, c FROM sbtest5 WHERE k BETWEEN 4148583 AND 4148683
	Bitmap Heap Scan on sbtest5  (cost=5.41..381.80 rows=95 width=125)
	  Recheck Cond: ((k >= 4148583) AND (k <= 4148683))
	  ->  Bitmap Index Scan on k_5  (cost=0.00..5.38 rows=95 width=0)
	        Index Cond: ((k >= 4148583) AND (k <= 4148683))

table 6 : explain SELECT k, c FROM sbtest6 WHERE k BETWEEN 4148583 AND 4148683
	Bitmap Heap Scan on sbtest6  (cost=5.50..417.30 rows=104 width=125)
	  Recheck Cond: ((k >= 4148583) AND (k <= 4148683))
	  ->  Bitmap Index Scan on k_6  (cost=0.00..5.47 rows=104 width=0)
	        Index Cond: ((k >= 4148583) AND (k <= 4148683))

table 7 : explain SELECT k, c FROM sbtest7 WHERE k BETWEEN 4148583 AND 4148683
	Bitmap Heap Scan on sbtest7  (cost=5.45..397.62 rows=99 width=125)
	  Recheck Cond: ((k >= 4148583) AND (k <= 4148683))
	  ->  Bitmap Index Scan on k_7  (cost=0.00..5.42 rows=99 width=0)
	        Index Cond: ((k >= 4148583) AND (k <= 4148683))

table 8 : explain SELECT k, c FROM sbtest8 WHERE k BETWEEN 4148583 AND 4148683
	Bitmap Heap Scan on sbtest8  (cost=5.53..429.16 rows=107 width=125)
	  Recheck Cond: ((k >= 4148583) AND (k <= 4148683))
	  ->  Bitmap Index Scan on k_8  (cost=0.00..5.50 rows=107 width=0)
	        Index Cond: ((k >= 4148583) AND (k <= 4148683))

for range-notcovered
table 1 : explain SELECT k, c FROM sbtest1 WHERE k BETWEEN 2738971 AND 2739071
	Bitmap Heap Scan on sbtest1  (cost=5.46..401.45 rows=100 width=125)
	  Recheck Cond: ((k >= 2738971) AND (k <= 2739071))
	  ->  Bitmap Index Scan on k_1  (cost=0.00..5.43 rows=100 width=0)
	        Index Cond: ((k >= 2738971) AND (k <= 2739071))

table 2 : explain SELECT k, c FROM sbtest2 WHERE k BETWEEN 2738971 AND 2739071
	Bitmap Heap Scan on sbtest2  (cost=5.47..405.43 rows=101 width=125)
	  Recheck Cond: ((k >= 2738971) AND (k <= 2739071))
	  ->  Bitmap Index Scan on k_2  (cost=0.00..5.44 rows=101 width=0)
	        Index Cond: ((k >= 2738971) AND (k <= 2739071))

table 3 : explain SELECT k, c FROM sbtest3 WHERE k BETWEEN 2738971 AND 2739071
	Bitmap Heap Scan on sbtest3  (cost=5.45..397.55 rows=99 width=125)
	  Recheck Cond: ((k >= 2738971) AND (k <= 2739071))
	  ->  Bitmap Index Scan on k_3  (cost=0.00..5.42 rows=99 width=0)
	        Index Cond: ((k >= 2738971) AND (k <= 2739071))

table 4 : explain SELECT k, c FROM sbtest4 WHERE k BETWEEN 2738971 AND 2739071
	Bitmap Heap Scan on sbtest4  (cost=5.52..425.18 rows=106 width=125)
	  Recheck Cond: ((k >= 2738971) AND (k <= 2739071))
	  ->  Bitmap Index Scan on k_4  (cost=0.00..5.50 rows=106 width=0)
	        Index Cond: ((k >= 2738971) AND (k <= 2739071))

table 5 : explain SELECT k, c FROM sbtest5 WHERE k BETWEEN 2738971 AND 2739071
	Bitmap Heap Scan on sbtest5  (cost=5.46..401.53 rows=100 width=125)
	  Recheck Cond: ((k >= 2738971) AND (k <= 2739071))
	  ->  Bitmap Index Scan on k_5  (cost=0.00..5.43 rows=100 width=0)
	        Index Cond: ((k >= 2738971) AND (k <= 2739071))

table 6 : explain SELECT k, c FROM sbtest6 WHERE k BETWEEN 2738971 AND 2739071
	Bitmap Heap Scan on sbtest6  (cost=5.49..413.36 rows=103 width=125)
	  Recheck Cond: ((k >= 2738971) AND (k <= 2739071))
	  ->  Bitmap Index Scan on k_6  (cost=0.00..5.46 rows=103 width=0)
	        Index Cond: ((k >= 2738971) AND (k <= 2739071))

table 7 : explain SELECT k, c FROM sbtest7 WHERE k BETWEEN 2738971 AND 2739071
	Bitmap Heap Scan on sbtest7  (cost=5.40..377.89 rows=94 width=125)
	  Recheck Cond: ((k >= 2738971) AND (k <= 2739071))
	  ->  Bitmap Index Scan on k_7  (cost=0.00..5.38 rows=94 width=0)
	        Index Cond: ((k >= 2738971) AND (k <= 2739071))

table 8 : explain SELECT k, c FROM sbtest8 WHERE k BETWEEN 2738971 AND 2739071
	Bitmap Heap Scan on sbtest8  (cost=5.49..413.39 rows=103 width=125)
	  Recheck Cond: ((k >= 2738971) AND (k <= 2739071))
	  ->  Bitmap Index Scan on k_8  (cost=0.00..5.46 rows=103 width=0)
	        Index Cond: ((k >= 2738971) AND (k <= 2739071))

for range-notcovered
table 1 : explain SELECT k, c FROM sbtest1 WHERE k BETWEEN 6478183 AND 6478283
	Bitmap Heap Scan on sbtest1  (cost=5.52..425.10 rows=106 width=125)
	  Recheck Cond: ((k >= 6478183) AND (k <= 6478283))
	  ->  Bitmap Index Scan on k_1  (cost=0.00..5.50 rows=106 width=0)
	        Index Cond: ((k >= 6478183) AND (k <= 6478283))

table 2 : explain SELECT k, c FROM sbtest2 WHERE k BETWEEN 6478183 AND 6478283
	Bitmap Heap Scan on sbtest2  (cost=5.48..409.37 rows=102 width=125)
	  Recheck Cond: ((k >= 6478183) AND (k <= 6478283))
	  ->  Bitmap Index Scan on k_2  (cost=0.00..5.45 rows=102 width=0)
	        Index Cond: ((k >= 6478183) AND (k <= 6478283))

table 3 : explain SELECT k, c FROM sbtest3 WHERE k BETWEEN 6478183 AND 6478283
	Bitmap Heap Scan on sbtest3  (cost=5.60..456.65 rows=114 width=125)
	  Recheck Cond: ((k >= 6478183) AND (k <= 6478283))
	  ->  Bitmap Index Scan on k_3  (cost=0.00..5.58 rows=114 width=0)
	        Index Cond: ((k >= 6478183) AND (k <= 6478283))

table 4 : explain SELECT k, c FROM sbtest4 WHERE k BETWEEN 6478183 AND 6478283
	Bitmap Heap Scan on sbtest4  (cost=5.46..401.52 rows=100 width=125)
	  Recheck Cond: ((k >= 6478183) AND (k <= 6478283))
	  ->  Bitmap Index Scan on k_4  (cost=0.00..5.43 rows=100 width=0)
	        Index Cond: ((k >= 6478183) AND (k <= 6478283))

table 5 : explain SELECT k, c FROM sbtest5 WHERE k BETWEEN 6478183 AND 6478283
	Bitmap Heap Scan on sbtest5  (cost=5.47..405.47 rows=101 width=125)
	  Recheck Cond: ((k >= 6478183) AND (k <= 6478283))
	  ->  Bitmap Index Scan on k_5  (cost=0.00..5.44 rows=101 width=0)
	        Index Cond: ((k >= 6478183) AND (k <= 6478283))

table 6 : explain SELECT k, c FROM sbtest6 WHERE k BETWEEN 6478183 AND 6478283
	Bitmap Heap Scan on sbtest6  (cost=5.35..358.12 rows=89 width=125)
	  Recheck Cond: ((k >= 6478183) AND (k <= 6478283))
	  ->  Bitmap Index Scan on k_6  (cost=0.00..5.32 rows=89 width=0)
	        Index Cond: ((k >= 6478183) AND (k <= 6478283))

table 7 : explain SELECT k, c FROM sbtest7 WHERE k BETWEEN 6478183 AND 6478283
	Bitmap Heap Scan on sbtest7  (cost=5.52..425.22 rows=106 width=125)
	  Recheck Cond: ((k >= 6478183) AND (k <= 6478283))
	  ->  Bitmap Index Scan on k_7  (cost=0.00..5.50 rows=106 width=0)
	        Index Cond: ((k >= 6478183) AND (k <= 6478283))

table 8 : explain SELECT k, c FROM sbtest8 WHERE k BETWEEN 6478183 AND 6478283
	Bitmap Heap Scan on sbtest8  (cost=5.39..373.94 rows=93 width=125)
	  Recheck Cond: ((k >= 6478183) AND (k <= 6478283))
	  ->  Bitmap Index Scan on k_8  (cost=0.00..5.36 rows=93 width=0)
	        Index Cond: ((k >= 6478183) AND (k <= 6478283))

for range-notcovered
table 1 : explain SELECT k, c FROM sbtest1 WHERE k BETWEEN 2480614 AND 2480714
	Bitmap Heap Scan on sbtest1  (cost=5.42..385.68 rows=96 width=125)
	  Recheck Cond: ((k >= 2480614) AND (k <= 2480714))
	  ->  Bitmap Index Scan on k_1  (cost=0.00..5.39 rows=96 width=0)
	        Index Cond: ((k >= 2480614) AND (k <= 2480714))

table 2 : explain SELECT k, c FROM sbtest2 WHERE k BETWEEN 2480614 AND 2480714
	Bitmap Heap Scan on sbtest2  (cost=5.51..421.20 rows=105 width=125)
	  Recheck Cond: ((k >= 2480614) AND (k <= 2480714))
	  ->  Bitmap Index Scan on k_2  (cost=0.00..5.48 rows=105 width=0)
	        Index Cond: ((k >= 2480614) AND (k <= 2480714))

table 3 : explain SELECT k, c FROM sbtest3 WHERE k BETWEEN 2480614 AND 2480714
	Bitmap Heap Scan on sbtest3  (cost=5.51..421.20 rows=105 width=125)
	  Recheck Cond: ((k >= 2480614) AND (k <= 2480714))
	  ->  Bitmap Index Scan on k_3  (cost=0.00..5.48 rows=105 width=0)
	        Index Cond: ((k >= 2480614) AND (k <= 2480714))

table 4 : explain SELECT k, c FROM sbtest4 WHERE k BETWEEN 2480614 AND 2480714
	Bitmap Heap Scan on sbtest4  (cost=5.38..369.96 rows=92 width=125)
	  Recheck Cond: ((k >= 2480614) AND (k <= 2480714))
	  ->  Bitmap Index Scan on k_4  (cost=0.00..5.35 rows=92 width=0)
	        Index Cond: ((k >= 2480614) AND (k <= 2480714))

table 5 : explain SELECT k, c FROM sbtest5 WHERE k BETWEEN 2480614 AND 2480714
	Bitmap Heap Scan on sbtest5  (cost=5.51..421.24 rows=105 width=125)
	  Recheck Cond: ((k >= 2480614) AND (k <= 2480714))
	  ->  Bitmap Index Scan on k_5  (cost=0.00..5.48 rows=105 width=0)
	        Index Cond: ((k >= 2480614) AND (k <= 2480714))

table 6 : explain SELECT k, c FROM sbtest6 WHERE k BETWEEN 2480614 AND 2480714
	Bitmap Heap Scan on sbtest6  (cost=5.47..405.47 rows=101 width=125)
	  Recheck Cond: ((k >= 2480614) AND (k <= 2480714))
	  ->  Bitmap Index Scan on k_6  (cost=0.00..5.44 rows=101 width=0)
	        Index Cond: ((k >= 2480614) AND (k <= 2480714))

table 7 : explain SELECT k, c FROM sbtest7 WHERE k BETWEEN 2480614 AND 2480714
	Bitmap Heap Scan on sbtest7  (cost=5.37..366.04 rows=91 width=125)
	  Recheck Cond: ((k >= 2480614) AND (k <= 2480714))
	  ->  Bitmap Index Scan on k_7  (cost=0.00..5.34 rows=91 width=0)
	        Index Cond: ((k >= 2480614) AND (k <= 2480714))

table 8 : explain SELECT k, c FROM sbtest8 WHERE k BETWEEN 2480614 AND 2480714
	Bitmap Heap Scan on sbtest8  (cost=5.42..385.78 rows=96 width=125)
	  Recheck Cond: ((k >= 2480614) AND (k <= 2480714))
	  ->  Bitmap Index Scan on k_8  (cost=0.00..5.39 rows=96 width=0)
	        Index Cond: ((k >= 2480614) AND (k <= 2480714))

explain: for range-notcovered :: explain SELECT k, c FROM sbtest%d WHERE k BETWEEN 3479393 AND 3479493explain: for range-notcovered :: explain SELECT k, c FROM sbtest%d WHERE k BETWEEN 4148583 AND 4148683

for range-notcovered
table 1 : explain SELECT k, c FROM sbtest1 WHERE k BETWEEN 3356410 AND 3356510
	Bitmap Heap Scan on sbtest1  (cost=5.43..389.62 rows=97 width=125)
	  Recheck Cond: ((k >= 3356410) AND (k <= 3356510))
	  ->  Bitmap Index Scan on k_1  (cost=0.00..5.40 rows=97 width=0)
	        Index Cond: ((k >= 3356410) AND (k <= 3356510))

table 2 : explain SELECT k, c FROM sbtest2 WHERE k BETWEEN 3356410 AND 3356510
	Bitmap Heap Scan on sbtest2  (cost=5.42..385.71 rows=96 width=125)
	  Recheck Cond: ((k >= 3356410) AND (k <= 3356510))
	  ->  Bitmap Index Scan on k_2  (cost=0.00..5.39 rows=96 width=0)
	        Index Cond: ((k >= 3356410) AND (k <= 3356510))

table 3 : explain SELECT k, c FROM sbtest3 WHERE k BETWEEN 3356410 AND 3356510
	Bitmap Heap Scan on sbtest3  (cost=5.43..389.66 rows=97 width=125)
	  Recheck Cond: ((k >= 3356410) AND (k <= 3356510))
	  ->  Bitmap Index Scan on k_3  (cost=0.00..5.40 rows=97 width=0)
	        Index Cond: ((k >= 3356410) AND (k <= 3356510))

table 4 : explain SELECT k, c FROM sbtest4 WHERE k BETWEEN 3356410 AND 3356510
	Bitmap Heap Scan on sbtest4  (cost=5.47..405.47 rows=101 width=125)
	  Recheck Cond: ((k >= 3356410) AND (k <= 3356510))
	  ->  Bitmap Index Scan on k_4  (cost=0.00..5.44 rows=101 width=0)
	        Index Cond: ((k >= 3356410) AND (k <= 3356510))

table 5 : explain SELECT k, c FROM sbtest5 WHERE k BETWEEN 3356410 AND 3356510
	Bitmap Heap Scan on sbtest5  (cost=5.59..452.76 rows=113 width=125)
	  Recheck Cond: ((k >= 3356410) AND (k <= 3356510))
	  ->  Bitmap Index Scan on k_5  (cost=0.00..5.56 rows=113 width=0)
	        Index Cond: ((k >= 3356410) AND (k <= 3356510))

table 6 : explain SELECT k, c FROM sbtest6 WHERE k BETWEEN 3356410 AND 3356510
	Bitmap Heap Scan on sbtest6  (cost=5.52..425.18 rows=106 width=125)
	  Recheck Cond: ((k >= 3356410) AND (k <= 3356510))
	  ->  Bitmap Index Scan on k_6  (cost=0.00..5.50 rows=106 width=0)
	        Index Cond: ((k >= 3356410) AND (k <= 3356510))

table 7 : explain SELECT k, c FROM sbtest7 WHERE k BETWEEN 3356410 AND 3356510
	Bitmap Heap Scan on sbtest7  (cost=5.44..393.67 rows=98 width=125)
	  Recheck Cond: ((k >= 3356410) AND (k <= 3356510))
	  ->  Bitmap Index Scan on k_7  (cost=0.00..5.42 rows=98 width=0)
	        Index Cond: ((k >= 3356410) AND (k <= 3356510))

table 8 : explain SELECT k, c FROM sbtest8 WHERE k BETWEEN 3356410 AND 3356510
	Bitmap Heap Scan on sbtest8  (cost=5.48..409.45 rows=102 width=125)
	  Recheck Cond: ((k >= 3356410) AND (k <= 3356510))
	  ->  Bitmap Index Scan on k_8  (cost=0.00..5.45 rows=102 width=0)
	        Index Cond: ((k >= 3356410) AND (k <= 3356510))

explain: for range-notcovered :: explain SELECT k, c FROM sbtest%d WHERE k BETWEEN 2738971 AND 2739071
explain: for range-notcovered :: explain SELECT k, c FROM sbtest%d WHERE k BETWEEN 6478183 AND 6478283
explain: for range-notcovered :: explain SELECT k, c FROM sbtest%d WHERE k BETWEEN 2480614 AND 2480714
explain: for range-notcovered :: explain SELECT k, c FROM sbtest%d WHERE k BETWEEN 3356410 AND 3356510
explain: for range-notcovered :: explain SELECT k, c FROM sbtest%d WHERE k BETWEEN 6990942 AND 6991042
for range-notcovered
table 1 : explain SELECT k, c FROM sbtest1 WHERE k BETWEEN 3613450 AND 3613550
	Bitmap Heap Scan on sbtest1  (cost=5.42..385.68 rows=96 width=125)
	  Recheck Cond: ((k >= 3613450) AND (k <= 3613550))
	  ->  Bitmap Index Scan on k_1  (cost=0.00..5.39 rows=96 width=0)
	        Index Cond: ((k >= 3613450) AND (k <= 3613550))

table 2 : explain SELECT k, c FROM sbtest2 WHERE k BETWEEN 3613450 AND 3613550
	Bitmap Heap Scan on sbtest2  (cost=5.42..385.71 rows=96 width=125)
	  Recheck Cond: ((k >= 3613450) AND (k <= 3613550))
	  ->  Bitmap Index Scan on k_2  (cost=0.00..5.39 rows=96 width=0)
	        Index Cond: ((k >= 3613450) AND (k <= 3613550))

table 3 : explain SELECT k, c FROM sbtest3 WHERE k BETWEEN 3613450 AND 3613550
	Bitmap Heap Scan on sbtest3  (cost=5.42..385.71 rows=96 width=125)
	  Recheck Cond: ((k >= 3613450) AND (k <= 3613550))
	  ->  Bitmap Index Scan on k_3  (cost=0.00..5.39 rows=96 width=0)
	        Index Cond: ((k >= 3613450) AND (k <= 3613550))

table 4 : explain SELECT k, c FROM sbtest4 WHERE k BETWEEN 3613450 AND 3613550
	Bitmap Heap Scan on sbtest4  (cost=5.40..377.85 rows=94 width=125)
	  Recheck Cond: ((k >= 3613450) AND (k <= 3613550))
	  ->  Bitmap Index Scan on k_4  (cost=0.00..5.38 rows=94 width=0)
	        Index Cond: ((k >= 3613450) AND (k <= 3613550))

table 5 : explain SELECT k, c FROM sbtest5 WHERE k BETWEEN 3613450 AND 3613550
	Bitmap Heap Scan on sbtest5  (cost=5.50..417.30 rows=104 width=125)
	  Recheck Cond: ((k >= 3613450) AND (k <= 3613550))
	  ->  Bitmap Index Scan on k_5  (cost=0.00..5.47 rows=104 width=0)
	        Index Cond: ((k >= 3613450) AND (k <= 3613550))

table 6 : explain SELECT k, c FROM sbtest6 WHERE k BETWEEN 3613450 AND 3613550
	Bitmap Heap Scan on sbtest6  (cost=5.47..405.47 rows=101 width=125)
	  Recheck Cond: ((k >= 3613450) AND (k <= 3613550))
	  ->  Bitmap Index Scan on k_6  (cost=0.00..5.44 rows=101 width=0)
	        Index Cond: ((k >= 3613450) AND (k <= 3613550))

table 7 : explain SELECT k, c FROM sbtest7 WHERE k BETWEEN 3613450 AND 3613550
	Bitmap Heap Scan on sbtest7  (cost=5.55..437.04 rows=109 width=125)
	  Recheck Cond: ((k >= 3613450) AND (k <= 3613550))
	  ->  Bitmap Index Scan on k_7  (cost=0.00..5.52 rows=109 width=0)
	        Index Cond: ((k >= 3613450) AND (k <= 3613550))

table 8 : explain SELECT k, c FROM sbtest8 WHERE k BETWEEN 3613450 AND 3613550
	Bitmap Heap Scan on sbtest8  (cost=5.42..385.78 rows=96 width=125)
	  Recheck Cond: ((k >= 3613450) AND (k <= 3613550))
	  ->  Bitmap Index Scan on k_8  (cost=0.00..5.39 rows=96 width=0)
	        Index Cond: ((k >= 3613450) AND (k <= 3613550))

for range-notcovered
table 1 : explain SELECT k, c FROM sbtest1 WHERE k BETWEEN 985075 AND 985175
	Bitmap Heap Scan on sbtest1  (cost=5.53..429.04 rows=107 width=125)
	  Recheck Cond: ((k >= 985075) AND (k <= 985175))
	  ->  Bitmap Index Scan on k_1  (cost=0.00..5.50 rows=107 width=0)
	        Index Cond: ((k >= 985075) AND (k <= 985175))

table 2 : explain SELECT k, c FROM sbtest2 WHERE k BETWEEN 985075 AND 985175
	Bitmap Heap Scan on sbtest2  (cost=5.42..385.71 rows=96 width=125)
	  Recheck Cond: ((k >= 985075) AND (k <= 985175))
	  ->  Bitmap Index Scan on k_2  (cost=0.00..5.39 rows=96 width=0)
	        Index Cond: ((k >= 985075) AND (k <= 985175))

table 3 : explain SELECT k, c FROM sbtest3 WHERE k BETWEEN 985075 AND 985175
	Bitmap Heap Scan on sbtest3  (cost=5.51..421.20 rows=105 width=125)
	  Recheck Cond: ((k >= 985075) AND (k <= 985175))
	  ->  Bitmap Index Scan on k_3  (cost=0.00..5.48 rows=105 width=0)
	        Index Cond: ((k >= 985075) AND (k <= 985175))

table 4 : explain SELECT k, c FROM sbtest4 WHERE k BETWEEN 985075 AND 985175
	Bitmap Heap Scan on sbtest4  (cost=5.43..389.69 rows=97 width=125)
	  Recheck Cond: ((k >= 985075) AND (k <= 985175))
	  ->  Bitmap Index Scan on k_4  (cost=0.00..5.40 rows=97 width=0)
	        Index Cond: ((k >= 985075) AND (k <= 985175))

table 5 : explain SELECT k, c FROM sbtest5 WHERE k BETWEEN 985075 AND 985175
	Bitmap Heap Scan on sbtest5  (cost=5.49..413.35 rows=103 width=125)
	  Recheck Cond: ((k >= 985075) AND (k <= 985175))
	  ->  Bitmap Index Scan on k_5  (cost=0.00..5.46 rows=103 width=0)
	        Index Cond: ((k >= 985075) AND (k <= 985175))

table 6 : explain SELECT k, c FROM sbtest6 WHERE k BETWEEN 985075 AND 985175
	Bitmap Heap Scan on sbtest6  (cost=5.39..373.91 rows=93 width=125)
	  Recheck Cond: ((k >= 985075) AND (k <= 985175))
	  ->  Bitmap Index Scan on k_6  (cost=0.00..5.36 rows=93 width=0)
	        Index Cond: ((k >= 985075) AND (k <= 985175))

table 7 : explain SELECT k, c FROM sbtest7 WHERE k BETWEEN 985075 AND 985175
	Bitmap Heap Scan on sbtest7  (cost=5.50..417.33 rows=104 width=125)
	  Recheck Cond: ((k >= 985075) AND (k <= 985175))
	  ->  Bitmap Index Scan on k_7  (cost=0.00..5.47 rows=104 width=0)
	        Index Cond: ((k >= 985075) AND (k <= 985175))

table 8 : explain SELECT k, c FROM sbtest8 WHERE k BETWEEN 985075 AND 985175
	Bitmap Heap Scan on sbtest8  (cost=5.46..401.56 rows=100 width=125)
	  Recheck Cond: ((k >= 985075) AND (k <= 985175))
	  ->  Bitmap Index Scan on k_8  (cost=0.00..5.43 rows=100 width=0)
	        Index Cond: ((k >= 985075) AND (k <= 985175))

for range-notcovered
table 1 : explain SELECT k, c FROM sbtest1 WHERE k BETWEEN 3479393 AND 3479493
	Bitmap Heap Scan on sbtest1  (cost=5.50..417.22 rows=104 width=125)
	  Recheck Cond: ((k >= 3479393) AND (k <= 3479493))
	  ->  Bitmap Index Scan on k_1  (cost=0.00..5.47 rows=104 width=0)
	        Index Cond: ((k >= 3479393) AND (k <= 3479493))

table 2 : explain SELECT k, c FROM sbtest2 WHERE k BETWEEN 3479393 AND 3479493
	Bitmap Heap Scan on sbtest2  (cost=5.57..444.84 rows=111 width=125)
	  Recheck Cond: ((k >= 3479393) AND (k <= 3479493))
	  ->  Bitmap Index Scan on k_2  (cost=0.00..5.54 rows=111 width=0)
	        Index Cond: ((k >= 3479393) AND (k <= 3479493))

table 3 : explain SELECT k, c FROM sbtest3 WHERE k BETWEEN 3479393 AND 3479493
	Bitmap Heap Scan on sbtest3  (cost=5.51..421.20 rows=105 width=125)
	  Recheck Cond: ((k >= 3479393) AND (k <= 3479493))
	  ->  Bitmap Index Scan on k_3  (cost=0.00..5.48 rows=105 width=0)
	        Index Cond: ((k >= 3479393) AND (k <= 3479493))

table 4 : explain SELECT k, c FROM sbtest4 WHERE k BETWEEN 3479393 AND 3479493
	Bitmap Heap Scan on sbtest4  (cost=5.48..409.41 rows=102 width=125)
	  Recheck Cond: ((k >= 3479393) AND (k <= 3479493))
	  ->  Bitmap Index Scan on k_4  (cost=0.00..5.45 rows=102 width=0)
	        Index Cond: ((k >= 3479393) AND (k <= 3479493))

table 5 : explain SELECT k, c FROM sbtest5 WHERE k BETWEEN 3479393 AND 3479493
	Bitmap Heap Scan on sbtest5  (cost=5.46..401.53 rows=100 width=125)
	  Recheck Cond: ((k >= 3479393) AND (k <= 3479493))
	  ->  Bitmap Index Scan on k_5  (cost=0.00..5.43 rows=100 width=0)
	        Index Cond: ((k >= 3479393) AND (k <= 3479493))

table 6 : explain SELECT k, c FROM sbtest6 WHERE k BETWEEN 3479393 AND 3479493
	Bitmap Heap Scan on sbtest6  (cost=5.50..417.30 rows=104 width=125)
	  Recheck Cond: ((k >= 3479393) AND (k <= 3479493))
	  ->  Bitmap Index Scan on k_6  (cost=0.00..5.47 rows=104 width=0)
	        Index Cond: ((k >= 3479393) AND (k <= 3479493))

table 7 : explain SELECT k, c FROM sbtest7 WHERE k BETWEEN 3479393 AND 3479493
	Bitmap Heap Scan on sbtest7  (cost=5.50..417.33 rows=104 width=125)
	  Recheck Cond: ((k >= 3479393) AND (k <= 3479493))
	  ->  Bitmap Index Scan on k_7  (cost=0.00..5.47 rows=104 width=0)
	        Index Cond: ((k >= 3479393) AND (k <= 3479493))

table 8 : explain SELECT k, c FROM sbtest8 WHERE k BETWEEN 3479393 AND 3479493
	Bitmap Heap Scan on sbtest8  (cost=5.54..433.10 rows=108 width=125)
	  Recheck Cond: ((k >= 3479393) AND (k <= 3479493))
	  ->  Bitmap Index Scan on k_8  (cost=0.00..5.51 rows=108 width=0)
	        Index Cond: ((k >= 3479393) AND (k <= 3479493))

for range-notcovered
table 1 : explain SELECT k, c FROM sbtest1 WHERE k BETWEEN 2738971 AND 2739071
	Bitmap Heap Scan on sbtest1  (cost=5.46..401.45 rows=100 width=125)
	  Recheck Cond: ((k >= 2738971) AND (k <= 2739071))
	  ->  Bitmap Index Scan on k_1  (cost=0.00..5.43 rows=100 width=0)
	        Index Cond: ((k >= 2738971) AND (k <= 2739071))

table 2 : explain SELECT k, c FROM sbtest2 WHERE k BETWEEN 2738971 AND 2739071
	Bitmap Heap Scan on sbtest2  (cost=5.47..405.43 rows=101 width=125)
	  Recheck Cond: ((k >= 2738971) AND (k <= 2739071))
	  ->  Bitmap Index Scan on k_2  (cost=0.00..5.44 rows=101 width=0)
	        Index Cond: ((k >= 2738971) AND (k <= 2739071))

table 3 : explain SELECT k, c FROM sbtest3 WHERE k BETWEEN 2738971 AND 2739071
	Bitmap Heap Scan on sbtest3  (cost=5.45..397.55 rows=99 width=125)
	  Recheck Cond: ((k >= 2738971) AND (k <= 2739071))
	  ->  Bitmap Index Scan on k_3  (cost=0.00..5.42 rows=99 width=0)
	        Index Cond: ((k >= 2738971) AND (k <= 2739071))

table 4 : explain SELECT k, c FROM sbtest4 WHERE k BETWEEN 2738971 AND 2739071
	Bitmap Heap Scan on sbtest4  (cost=5.52..425.18 rows=106 width=125)
	  Recheck Cond: ((k >= 2738971) AND (k <= 2739071))
	  ->  Bitmap Index Scan on k_4  (cost=0.00..5.50 rows=106 width=0)
	        Index Cond: ((k >= 2738971) AND (k <= 2739071))

table 5 : explain SELECT k, c FROM sbtest5 WHERE k BETWEEN 2738971 AND 2739071
	Bitmap Heap Scan on sbtest5  (cost=5.46..401.53 rows=100 width=125)
	  Recheck Cond: ((k >= 2738971) AND (k <= 2739071))
	  ->  Bitmap Index Scan on k_5  (cost=0.00..5.43 rows=100 width=0)
	        Index Cond: ((k >= 2738971) AND (k <= 2739071))

table 6 : explain SELECT k, c FROM sbtest6 WHERE k BETWEEN 2738971 AND 2739071
	Bitmap Heap Scan on sbtest6  (cost=5.49..413.36 rows=103 width=125)
	  Recheck Cond: ((k >= 2738971) AND (k <= 2739071))
	  ->  Bitmap Index Scan on k_6  (cost=0.00..5.46 rows=103 width=0)
	        Index Cond: ((k >= 2738971) AND (k <= 2739071))

table 7 : explain SELECT k, c FROM sbtest7 WHERE k BETWEEN 2738971 AND 2739071
	Bitmap Heap Scan on sbtest7  (cost=5.40..377.89 rows=94 width=125)
	  Recheck Cond: ((k >= 2738971) AND (k <= 2739071))
	  ->  Bitmap Index Scan on k_7  (cost=0.00..5.38 rows=94 width=0)
	        Index Cond: ((k >= 2738971) AND (k <= 2739071))

table 8 : explain SELECT k, c FROM sbtest8 WHERE k BETWEEN 2738971 AND 2739071
	Bitmap Heap Scan on sbtest8  (cost=5.49..413.39 rows=103 width=125)
	  Recheck Cond: ((k >= 2738971) AND (k <= 2739071))
	  ->  Bitmap Index Scan on k_8  (cost=0.00..5.46 rows=103 width=0)
	        Index Cond: ((k >= 2738971) AND (k <= 2739071))

explain: for range-notcovered :: explain SELECT k, c FROM sbtest%d WHERE k BETWEEN 985075 AND 985175
for range-notcovered
table 1 : explain SELECT k, c FROM sbtest1 WHERE k BETWEEN 4148583 AND 4148683
	Bitmap Heap Scan on sbtest1  (cost=5.57..444.79 rows=111 width=125)
	  Recheck Cond: ((k >= 4148583) AND (k <= 4148683))
	  ->  Bitmap Index Scan on k_1  (cost=0.00..5.54 rows=111 width=0)
	        Index Cond: ((k >= 4148583) AND (k <= 4148683))

table 2 : explain SELECT k, c FROM sbtest2 WHERE k BETWEEN 4148583 AND 4148683
	Bitmap Heap Scan on sbtest2  (cost=5.42..385.71 rows=96 width=125)
	  Recheck Cond: ((k >= 4148583) AND (k <= 4148683))
	  ->  Bitmap Index Scan on k_2  (cost=0.00..5.39 rows=96 width=0)
	        Index Cond: ((k >= 4148583) AND (k <= 4148683))

table 3 : explain SELECT k, c FROM sbtest3 WHERE k BETWEEN 4148583 AND 4148683
	Bitmap Heap Scan on sbtest3  (cost=5.50..417.26 rows=104 width=125)
	  Recheck Cond: ((k >= 4148583) AND (k <= 4148683))
	  ->  Bitmap Index Scan on k_3  (cost=0.00..5.47 rows=104 width=0)
	        Index Cond: ((k >= 4148583) AND (k <= 4148683))

table 4 : explain SELECT k, c FROM sbtest4 WHERE k BETWEEN 4148583 AND 4148683
	Bitmap Heap Scan on sbtest4  (cost=5.39..373.91 rows=93 width=125)
	  Recheck Cond: ((k >= 4148583) AND (k <= 4148683))
	  ->  Bitmap Index Scan on k_4  (cost=0.00..5.36 rows=93 width=0)
	        Index Cond: ((k >= 4148583) AND (k <= 4148683))

table 5 : explain SELECT k, c FROM sbtest5 WHERE k BETWEEN 4148583 AND 4148683
	Bitmap Heap Scan on sbtest5  (cost=5.41..381.80 rows=95 width=125)
	  Recheck Cond: ((k >= 4148583) AND (k <= 4148683))
	  ->  Bitmap Index Scan on k_5  (cost=0.00..5.38 rows=95 width=0)
	        Index Cond: ((k >= 4148583) AND (k <= 4148683))

table 6 : explain SELECT k, c FROM sbtest6 WHERE k BETWEEN 4148583 AND 4148683
	Bitmap Heap Scan on sbtest6  (cost=5.50..417.30 rows=104 width=125)
	  Recheck Cond: ((k >= 4148583) AND (k <= 4148683))
	  ->  Bitmap Index Scan on k_6  (cost=0.00..5.47 rows=104 width=0)
	        Index Cond: ((k >= 4148583) AND (k <= 4148683))

table 7 : explain SELECT k, c FROM sbtest7 WHERE k BETWEEN 4148583 AND 4148683
	Bitmap Heap Scan on sbtest7  (cost=5.45..397.62 rows=99 width=125)
	  Recheck Cond: ((k >= 4148583) AND (k <= 4148683))
	  ->  Bitmap Index Scan on k_7  (cost=0.00..5.42 rows=99 width=0)
	        Index Cond: ((k >= 4148583) AND (k <= 4148683))

table 8 : explain SELECT k, c FROM sbtest8 WHERE k BETWEEN 4148583 AND 4148683
	Bitmap Heap Scan on sbtest8  (cost=5.53..429.16 rows=107 width=125)
	  Recheck Cond: ((k >= 4148583) AND (k <= 4148683))
	  ->  Bitmap Index Scan on k_8  (cost=0.00..5.50 rows=107 width=0)
	        Index Cond: ((k >= 4148583) AND (k <= 4148683))

explain: for range-notcovered :: explain SELECT k, c FROM sbtest%d WHERE k BETWEEN 3479393 AND 3479493
explain: for range-notcovered :: explain SELECT k, c FROM sbtest%d WHERE k BETWEEN 2738971 AND 2739071
for range-notcovered
table 1 : explain SELECT k, c FROM sbtest1 WHERE k BETWEEN 6478183 AND 6478283
	Bitmap Heap Scan on sbtest1  (cost=5.52..425.10 rows=106 width=125)
	  Recheck Cond: ((k >= 6478183) AND (k <= 6478283))
	  ->  Bitmap Index Scan on k_1  (cost=0.00..5.50 rows=106 width=0)
	        Index Cond: ((k >= 6478183) AND (k <= 6478283))

table 2 : explain SELECT k, c FROM sbtest2 WHERE k BETWEEN 6478183 AND 6478283
	Bitmap Heap Scan on sbtest2  (cost=5.48..409.37 rows=102 width=125)
	  Recheck Cond: ((k >= 6478183) AND (k <= 6478283))
	  ->  Bitmap Index Scan on k_2  (cost=0.00..5.45 rows=102 width=0)
	        Index Cond: ((k >= 6478183) AND (k <= 6478283))

table 3 : explain SELECT k, c FROM sbtest3 WHERE k BETWEEN 6478183 AND 6478283
	Bitmap Heap Scan on sbtest3  (cost=5.60..456.65 rows=114 width=125)
	  Recheck Cond: ((k >= 6478183) AND (k <= 6478283))
	  ->  Bitmap Index Scan on k_3  (cost=0.00..5.58 rows=114 width=0)
	        Index Cond: ((k >= 6478183) AND (k <= 6478283))

table 4 : explain SELECT k, c FROM sbtest4 WHERE k BETWEEN 6478183 AND 6478283
	Bitmap Heap Scan on sbtest4  (cost=5.46..401.52 rows=100 width=125)
	  Recheck Cond: ((k >= 6478183) AND (k <= 6478283))
	  ->  Bitmap Index Scan on k_4  (cost=0.00..5.43 rows=100 width=0)
	        Index Cond: ((k >= 6478183) AND (k <= 6478283))

table 5 : explain SELECT k, c FROM sbtest5 WHERE k BETWEEN 6478183 AND 6478283
	Bitmap Heap Scan on sbtest5  (cost=5.47..405.47 rows=101 width=125)
	  Recheck Cond: ((k >= 6478183) AND (k <= 6478283))
	  ->  Bitmap Index Scan on k_5  (cost=0.00..5.44 rows=101 width=0)
	        Index Cond: ((k >= 6478183) AND (k <= 6478283))

table 6 : explain SELECT k, c FROM sbtest6 WHERE k BETWEEN 6478183 AND 6478283
	Bitmap Heap Scan on sbtest6  (cost=5.35..358.12 rows=89 width=125)
	  Recheck Cond: ((k >= 6478183) AND (k <= 6478283))
	  ->  Bitmap Index Scan on k_6  (cost=0.00..5.32 rows=89 width=0)
	        Index Cond: ((k >= 6478183) AND (k <= 6478283))

table 7 : explain SELECT k, c FROM sbtest7 WHERE k BETWEEN 6478183 AND 6478283
	Bitmap Heap Scan on sbtest7  (cost=5.52..425.22 rows=106 width=125)
	  Recheck Cond: ((k >= 6478183) AND (k <= 6478283))
	  ->  Bitmap Index Scan on k_7  (cost=0.00..5.50 rows=106 width=0)
	        Index Cond: ((k >= 6478183) AND (k <= 6478283))

table 8 : explain SELECT k, c FROM sbtest8 WHERE k BETWEEN 6478183 AND 6478283
	Bitmap Heap Scan on sbtest8  (cost=5.39..373.94 rows=93 width=125)
	  Recheck Cond: ((k >= 6478183) AND (k <= 6478283))
	  ->  Bitmap Index Scan on k_8  (cost=0.00..5.36 rows=93 width=0)
	        Index Cond: ((k >= 6478183) AND (k <= 6478283))

for range-notcovered
table 1 : explain SELECT k, c FROM sbtest1 WHERE k BETWEEN 3356410 AND 3356510
	Bitmap Heap Scan on sbtest1  (cost=5.43..389.62 rows=97 width=125)
	  Recheck Cond: ((k >= 3356410) AND (k <= 3356510))
	  ->  Bitmap Index Scan on k_1  (cost=0.00..5.40 rows=97 width=0)
	        Index Cond: ((k >= 3356410) AND (k <= 3356510))

table 2 : explain SELECT k, c FROM sbtest2 WHERE k BETWEEN 3356410 AND 3356510
	Bitmap Heap Scan on sbtest2  (cost=5.42..385.71 rows=96 width=125)
	  Recheck Cond: ((k >= 3356410) AND (k <= 3356510))
	  ->  Bitmap Index Scan on k_2  (cost=0.00..5.39 rows=96 width=0)
	        Index Cond: ((k >= 3356410) AND (k <= 3356510))

table 3 : explain SELECT k, c FROM sbtest3 WHERE k BETWEEN 3356410 AND 3356510
	Bitmap Heap Scan on sbtest3  (cost=5.43..389.66 rows=97 width=125)
	  Recheck Cond: ((k >= 3356410) AND (k <= 3356510))
	  ->  Bitmap Index Scan on k_3  (cost=0.00..5.40 rows=97 width=0)
	        Index Cond: ((k >= 3356410) AND (k <= 3356510))

table 4 : explain SELECT k, c FROM sbtest4 WHERE k BETWEEN 3356410 AND 3356510
	Bitmap Heap Scan on sbtest4  (cost=5.47..405.47 rows=101 width=125)
	  Recheck Cond: ((k >= 3356410) AND (k <= 3356510))
	  ->  Bitmap Index Scan on k_4  (cost=0.00..5.44 rows=101 width=0)
	        Index Cond: ((k >= 3356410) AND (k <= 3356510))

table 5 : explain SELECT k, c FROM sbtest5 WHERE k BETWEEN 3356410 AND 3356510
	Bitmap Heap Scan on sbtest5  (cost=5.59..452.76 rows=113 width=125)
	  Recheck Cond: ((k >= 3356410) AND (k <= 3356510))
	  ->  Bitmap Index Scan on k_5  (cost=0.00..5.56 rows=113 width=0)
	        Index Cond: ((k >= 3356410) AND (k <= 3356510))

table 6 : explain SELECT k, c FROM sbtest6 WHERE k BETWEEN 3356410 AND 3356510
	Bitmap Heap Scan on sbtest6  (cost=5.52..425.18 rows=106 width=125)
	  Recheck Cond: ((k >= 3356410) AND (k <= 3356510))
	  ->  Bitmap Index Scan on k_6  (cost=0.00..5.50 rows=106 width=0)
	        Index Cond: ((k >= 3356410) AND (k <= 3356510))

table 7 : explain SELECT k, c FROM sbtest7 WHERE k BETWEEN 3356410 AND 3356510
	Bitmap Heap Scan on sbtest7  (cost=5.44..393.67 rows=98 width=125)
	  Recheck Cond: ((k >= 3356410) AND (k <= 3356510))
	  ->  Bitmap Index Scan on k_7  (cost=0.00..5.42 rows=98 width=0)
	        Index Cond: ((k >= 3356410) AND (k <= 3356510))

table 8 : explain SELECT k, c FROM sbtest8 WHERE k BETWEEN 3356410 AND 3356510
	Bitmap Heap Scan on sbtest8  (cost=5.48..409.45 rows=102 width=125)
	  Recheck Cond: ((k >= 3356410) AND (k <= 3356510))
	  ->  Bitmap Index Scan on k_8  (cost=0.00..5.45 rows=102 width=0)
	        Index Cond: ((k >= 3356410) AND (k <= 3356510))

explain: for range-notcovered :: explain SELECT k, c FROM sbtest%d WHERE k BETWEEN 4148583 AND 4148683
for range-notcovered
table 1 : explain SELECT k, c FROM sbtest1 WHERE k BETWEEN 2480614 AND 2480714
	Bitmap Heap Scan on sbtest1  (cost=5.42..385.68 rows=96 width=125)
	  Recheck Cond: ((k >= 2480614) AND (k <= 2480714))
	  ->  Bitmap Index Scan on k_1  (cost=0.00..5.39 rows=96 width=0)
	        Index Cond: ((k >= 2480614) AND (k <= 2480714))

table 2 : explain SELECT k, c FROM sbtest2 WHERE k BETWEEN 2480614 AND 2480714
	Bitmap Heap Scan on sbtest2  (cost=5.51..421.20 rows=105 width=125)
	  Recheck Cond: ((k >= 2480614) AND (k <= 2480714))
	  ->  Bitmap Index Scan on k_2  (cost=0.00..5.48 rows=105 width=0)
	        Index Cond: ((k >= 2480614) AND (k <= 2480714))

table 3 : explain SELECT k, c FROM sbtest3 WHERE k BETWEEN 2480614 AND 2480714
	Bitmap Heap Scan on sbtest3  (cost=5.51..421.20 rows=105 width=125)
	  Recheck Cond: ((k >= 2480614) AND (k <= 2480714))
	  ->  Bitmap Index Scan on k_3  (cost=0.00..5.48 rows=105 width=0)
	        Index Cond: ((k >= 2480614) AND (k <= 2480714))

table 4 : explain SELECT k, c FROM sbtest4 WHERE k BETWEEN 2480614 AND 2480714
	Bitmap Heap Scan on sbtest4  (cost=5.38..369.96 rows=92 width=125)
	  Recheck Cond: ((k >= 2480614) AND (k <= 2480714))
	  ->  Bitmap Index Scan on k_4  (cost=0.00..5.35 rows=92 width=0)
	        Index Cond: ((k >= 2480614) AND (k <= 2480714))

table 5 : explain SELECT k, c FROM sbtest5 WHERE k BETWEEN 2480614 AND 2480714
	Bitmap Heap Scan on sbtest5  (cost=5.51..421.24 rows=105 width=125)
	  Recheck Cond: ((k >= 2480614) AND (k <= 2480714))
	  ->  Bitmap Index Scan on k_5  (cost=0.00..5.48 rows=105 width=0)
	        Index Cond: ((k >= 2480614) AND (k <= 2480714))

table 6 : explain SELECT k, c FROM sbtest6 WHERE k BETWEEN 2480614 AND 2480714
	Bitmap Heap Scan on sbtest6  (cost=5.47..405.47 rows=101 width=125)
	  Recheck Cond: ((k >= 2480614) AND (k <= 2480714))
	  ->  Bitmap Index Scan on k_6  (cost=0.00..5.44 rows=101 width=0)
	        Index Cond: ((k >= 2480614) AND (k <= 2480714))

table 7 : explain SELECT k, c FROM sbtest7 WHERE k BETWEEN 2480614 AND 2480714
	Bitmap Heap Scan on sbtest7  (cost=5.37..366.04 rows=91 width=125)
	  Recheck Cond: ((k >= 2480614) AND (k <= 2480714))
	  ->  Bitmap Index Scan on k_7  (cost=0.00..5.34 rows=91 width=0)
	        Index Cond: ((k >= 2480614) AND (k <= 2480714))

table 8 : explain SELECT k, c FROM sbtest8 WHERE k BETWEEN 2480614 AND 2480714
	Bitmap Heap Scan on sbtest8  (cost=5.42..385.78 rows=96 width=125)
	  Recheck Cond: ((k >= 2480614) AND (k <= 2480714))
	  ->  Bitmap Index Scan on k_8  (cost=0.00..5.39 rows=96 width=0)
	        Index Cond: ((k >= 2480614) AND (k <= 2480714))

explain: for range-notcovered :: explain SELECT k, c FROM sbtest%d WHERE k BETWEEN 6478183 AND 6478283
explain: for range-notcovered :: explain SELECT k, c FROM sbtest%d WHERE k BETWEEN 3356410 AND 3356510
explain: for range-notcovered :: explain SELECT k, c FROM sbtest%d WHERE k BETWEEN 2480614 AND 2480714
for range-notcovered
table 1 : explain SELECT k, c FROM sbtest1 WHERE k BETWEEN 985075 AND 985175
	Bitmap Heap Scan on sbtest1  (cost=5.53..429.04 rows=107 width=125)
	  Recheck Cond: ((k >= 985075) AND (k <= 985175))
	  ->  Bitmap Index Scan on k_1  (cost=0.00..5.50 rows=107 width=0)
	        Index Cond: ((k >= 985075) AND (k <= 985175))

table 2 : explain SELECT k, c FROM sbtest2 WHERE k BETWEEN 985075 AND 985175
	Bitmap Heap Scan on sbtest2  (cost=5.42..385.71 rows=96 width=125)
	  Recheck Cond: ((k >= 985075) AND (k <= 985175))
	  ->  Bitmap Index Scan on k_2  (cost=0.00..5.39 rows=96 width=0)
	        Index Cond: ((k >= 985075) AND (k <= 985175))

table 3 : explain SELECT k, c FROM sbtest3 WHERE k BETWEEN 985075 AND 985175
	Bitmap Heap Scan on sbtest3  (cost=5.51..421.20 rows=105 width=125)
	  Recheck Cond: ((k >= 985075) AND (k <= 985175))
	  ->  Bitmap Index Scan on k_3  (cost=0.00..5.48 rows=105 width=0)
	        Index Cond: ((k >= 985075) AND (k <= 985175))

table 4 : explain SELECT k, c FROM sbtest4 WHERE k BETWEEN 985075 AND 985175
	Bitmap Heap Scan on sbtest4  (cost=5.43..389.69 rows=97 width=125)
	  Recheck Cond: ((k >= 985075) AND (k <= 985175))
	  ->  Bitmap Index Scan on k_4  (cost=0.00..5.40 rows=97 width=0)
	        Index Cond: ((k >= 985075) AND (k <= 985175))

table 5 : explain SELECT k, c FROM sbtest5 WHERE k BETWEEN 985075 AND 985175
	Bitmap Heap Scan on sbtest5  (cost=5.49..413.35 rows=103 width=125)
	  Recheck Cond: ((k >= 985075) AND (k <= 985175))
	  ->  Bitmap Index Scan on k_5  (cost=0.00..5.46 rows=103 width=0)
	        Index Cond: ((k >= 985075) AND (k <= 985175))

table 6 : explain SELECT k, c FROM sbtest6 WHERE k BETWEEN 985075 AND 985175
	Bitmap Heap Scan on sbtest6  (cost=5.39..373.91 rows=93 width=125)
	  Recheck Cond: ((k >= 985075) AND (k <= 985175))
	  ->  Bitmap Index Scan on k_6  (cost=0.00..5.36 rows=93 width=0)
	        Index Cond: ((k >= 985075) AND (k <= 985175))

table 7 : explain SELECT k, c FROM sbtest7 WHERE k BETWEEN 985075 AND 985175
	Bitmap Heap Scan on sbtest7  (cost=5.50..417.33 rows=104 width=125)
	  Recheck Cond: ((k >= 985075) AND (k <= 985175))
	  ->  Bitmap Index Scan on k_7  (cost=0.00..5.47 rows=104 width=0)
	        Index Cond: ((k >= 985075) AND (k <= 985175))

table 8 : explain SELECT k, c FROM sbtest8 WHERE k BETWEEN 985075 AND 985175
	Bitmap Heap Scan on sbtest8  (cost=5.46..401.56 rows=100 width=125)
	  Recheck Cond: ((k >= 985075) AND (k <= 985175))
	  ->  Bitmap Index Scan on k_8  (cost=0.00..5.43 rows=100 width=0)
	        Index Cond: ((k >= 985075) AND (k <= 985175))
for range-notcovered
table 1 : explain SELECT k, c FROM sbtest1 WHERE k BETWEEN 2738971 AND 2739071
	Bitmap Heap Scan on sbtest1  (cost=5.46..401.45 rows=100 width=125)
	  Recheck Cond: ((k >= 2738971) AND (k <= 2739071))
	  ->  Bitmap Index Scan on k_1  (cost=0.00..5.43 rows=100 width=0)
	        Index Cond: ((k >= 2738971) AND (k <= 2739071))

table 2 : explain SELECT k, c FROM sbtest2 WHERE k BETWEEN 2738971 AND 2739071
	Bitmap Heap Scan on sbtest2  (cost=5.47..405.43 rows=101 width=125)
	  Recheck Cond: ((k >= 2738971) AND (k <= 2739071))
	  ->  Bitmap Index Scan on k_2  (cost=0.00..5.44 rows=101 width=0)
	        Index Cond: ((k >= 2738971) AND (k <= 2739071))

table 3 : explain SELECT k, c FROM sbtest3 WHERE k BETWEEN 2738971 AND 2739071
	Bitmap Heap Scan on sbtest3  (cost=5.45..397.55 rows=99 width=125)
	  Recheck Cond: ((k >= 2738971) AND (k <= 2739071))
	  ->  Bitmap Index Scan on k_3  (cost=0.00..5.42 rows=99 width=0)
	        Index Cond: ((k >= 2738971) AND (k <= 2739071))

table 4 : explain SELECT k, c FROM sbtest4 WHERE k BETWEEN 2738971 AND 2739071
	Bitmap Heap Scan on sbtest4  (cost=5.52..425.18 rows=106 width=125)
	  Recheck Cond: ((k >= 2738971) AND (k <= 2739071))
	  ->  Bitmap Index Scan on k_4  (cost=0.00..5.50 rows=106 width=0)
	        Index Cond: ((k >= 2738971) AND (k <= 2739071))

table 5 : explain SELECT k, c FROM sbtest5 WHERE k BETWEEN 2738971 AND 2739071
	Bitmap Heap Scan on sbtest5  (cost=5.46..401.53 rows=100 width=125)
	  Recheck Cond: ((k >= 2738971) AND (k <= 2739071))
	  ->  Bitmap Index Scan on k_5  (cost=0.00..5.43 rows=100 width=0)
	        Index Cond: ((k >= 2738971) AND (k <= 2739071))

table 6 : explain SELECT k, c FROM sbtest6 WHERE k BETWEEN 2738971 AND 2739071
	Bitmap Heap Scan on sbtest6  (cost=5.49..413.36 rows=103 width=125)
	  Recheck Cond: ((k >= 2738971) AND (k <= 2739071))
	  ->  Bitmap Index Scan on k_6  (cost=0.00..5.46 rows=103 width=0)
	        Index Cond: ((k >= 2738971) AND (k <= 2739071))

table 7 : explain SELECT k, c FROM sbtest7 WHERE k BETWEEN 2738971 AND 2739071
	Bitmap Heap Scan on sbtest7  (cost=5.40..377.89 rows=94 width=125)
	  Recheck Cond: ((k >= 2738971) AND (k <= 2739071))
	  ->  Bitmap Index Scan on k_7  (cost=0.00..5.38 rows=94 width=0)
	        Index Cond: ((k >= 2738971) AND (k <= 2739071))

table 8 : explain SELECT k, c FROM sbtest8 WHERE k BETWEEN 2738971 AND 2739071
	Bitmap Heap Scan on sbtest8  (cost=5.49..413.39 rows=103 width=125)
	  Recheck Cond: ((k >= 2738971) AND (k <= 2739071))
	  ->  Bitmap Index Scan on k_8  (cost=0.00..5.46 rows=103 width=0)
	        Index Cond: ((k >= 2738971) AND (k <= 2739071))


for range-notcovered
table 1 : explain SELECT k, c FROM sbtest1 WHERE k BETWEEN 3479393 AND 3479493
	Bitmap Heap Scan on sbtest1  (cost=5.50..417.22 rows=104 width=125)
	  Recheck Cond: ((k >= 3479393) AND (k <= 3479493))
	  ->  Bitmap Index Scan on k_1  (cost=0.00..5.47 rows=104 width=0)
	        Index Cond: ((k >= 3479393) AND (k <= 3479493))

table 2 : explain SELECT k, c FROM sbtest2 WHERE k BETWEEN 3479393 AND 3479493
	Bitmap Heap Scan on sbtest2  (cost=5.57..444.84 rows=111 width=125)
	  Recheck Cond: ((k >= 3479393) AND (k <= 3479493))
	  ->  Bitmap Index Scan on k_2  (cost=0.00..5.54 rows=111 width=0)
	        Index Cond: ((k >= 3479393) AND (k <= 3479493))

table 3 : explain SELECT k, c FROM sbtest3 WHERE k BETWEEN 3479393 AND 3479493
	Bitmap Heap Scan on sbtest3  (cost=5.51..421.20 rows=105 width=125)
	  Recheck Cond: ((k >= 3479393) AND (k <= 3479493))
	  ->  Bitmap Index Scan on k_3  (cost=0.00..5.48 rows=105 width=0)
	        Index Cond: ((k >= 3479393) AND (k <= 3479493))

table 4 : explain SELECT k, c FROM sbtest4 WHERE k BETWEEN 3479393 AND 3479493
	Bitmap Heap Scan on sbtest4  (cost=5.48..409.41 rows=102 width=125)
	  Recheck Cond: ((k >= 3479393) AND (k <= 3479493))
	  ->  Bitmap Index Scan on k_4  (cost=0.00..5.45 rows=102 width=0)
	        Index Cond: ((k >= 3479393) AND (k <= 3479493))

table 5 : explain SELECT k, c FROM sbtest5 WHERE k BETWEEN 3479393 AND 3479493
	Bitmap Heap Scan on sbtest5  (cost=5.46..401.53 rows=100 width=125)
	  Recheck Cond: ((k >= 3479393) AND (k <= 3479493))
	  ->  Bitmap Index Scan on k_5  (cost=0.00..5.43 rows=100 width=0)
	        Index Cond: ((k >= 3479393) AND (k <= 3479493))

table 6 : explain SELECT k, c FROM sbtest6 WHERE k BETWEEN 3479393 AND 3479493
	Bitmap Heap Scan on sbtest6  (cost=5.50..417.30 rows=104 width=125)
	  Recheck Cond: ((k >= 3479393) AND (k <= 3479493))
	  ->  Bitmap Index Scan on k_6  (cost=0.00..5.47 rows=104 width=0)
	        Index Cond: ((k >= 3479393) AND (k <= 3479493))

table 7 : explain SELECT k, c FROM sbtest7 WHERE k BETWEEN 3479393 AND 3479493
	Bitmap Heap Scan on sbtest7  (cost=5.50..417.33 rows=104 width=125)
	  Recheck Cond: ((k >= 3479393) AND (k <= 3479493))
	  ->  Bitmap Index Scan on k_7  (cost=0.00..5.47 rows=104 width=0)
	        Index Cond: ((k >= 3479393) AND (k <= 3479493))

table 8 : explain SELECT k, c FROM sbtest8 WHERE k BETWEEN 3479393 AND 3479493
	Bitmap Heap Scan on sbtest8  (cost=5.54..433.10 rows=108 width=125)
	  Recheck Cond: ((k >= 3479393) AND (k <= 3479493))
	  ->  Bitmap Index Scan on k_8  (cost=0.00..5.51 rows=108 width=0)
	        Index Cond: ((k >= 3479393) AND (k <= 3479493))

for range-notcovered
table 1 : explain SELECT k, c FROM sbtest1 WHERE k BETWEEN 6478183 AND 6478283
	Bitmap Heap Scan on sbtest1  (cost=5.52..425.10 rows=106 width=125)
	  Recheck Cond: ((k >= 6478183) AND (k <= 6478283))
	  ->  Bitmap Index Scan on k_1  (cost=0.00..5.50 rows=106 width=0)
	        Index Cond: ((k >= 6478183) AND (k <= 6478283))

table 2 : explain SELECT k, c FROM sbtest2 WHERE k BETWEEN 6478183 AND 6478283
	Bitmap Heap Scan on sbtest2  (cost=5.48..409.37 rows=102 width=125)
	  Recheck Cond: ((k >= 6478183) AND (k <= 6478283))
	  ->  Bitmap Index Scan on k_2  (cost=0.00..5.45 rows=102 width=0)
	        Index Cond: ((k >= 6478183) AND (k <= 6478283))

table 3 : explain SELECT k, c FROM sbtest3 WHERE k BETWEEN 6478183 AND 6478283
	Bitmap Heap Scan on sbtest3  (cost=5.60..456.65 rows=114 width=125)
	  Recheck Cond: ((k >= 6478183) AND (k <= 6478283))
	  ->  Bitmap Index Scan on k_3  (cost=0.00..5.58 rows=114 width=0)
	        Index Cond: ((k >= 6478183) AND (k <= 6478283))

table 4 : explain SELECT k, c FROM sbtest4 WHERE k BETWEEN 6478183 AND 6478283
	Bitmap Heap Scan on sbtest4  (cost=5.46..401.52 rows=100 width=125)
	  Recheck Cond: ((k >= 6478183) AND (k <= 6478283))
	  ->  Bitmap Index Scan on k_4  (cost=0.00..5.43 rows=100 width=0)
	        Index Cond: ((k >= 6478183) AND (k <= 6478283))

table 5 : explain SELECT k, c FROM sbtest5 WHERE k BETWEEN 6478183 AND 6478283
	Bitmap Heap Scan on sbtest5  (cost=5.47..405.47 rows=101 width=125)
	  Recheck Cond: ((k >= 6478183) AND (k <= 6478283))
	  ->  Bitmap Index Scan on k_5  (cost=0.00..5.44 rows=101 width=0)
	        Index Cond: ((k >= 6478183) AND (k <= 6478283))

table 6 : explain SELECT k, c FROM sbtest6 WHERE k BETWEEN 6478183 AND 6478283
	Bitmap Heap Scan on sbtest6  (cost=5.35..358.12 rows=89 width=125)
	  Recheck Cond: ((k >= 6478183) AND (k <= 6478283))
	  ->  Bitmap Index Scan on k_6  (cost=0.00..5.32 rows=89 width=0)
	        Index Cond: ((k >= 6478183) AND (k <= 6478283))

table 7 : explain SELECT k, c FROM sbtest7 WHERE k BETWEEN 6478183 AND 6478283
	Bitmap Heap Scan on sbtest7  (cost=5.52..425.22 rows=106 width=125)
	  Recheck Cond: ((k >= 6478183) AND (k <= 6478283))
	  ->  Bitmap Index Scan on k_7  (cost=0.00..5.50 rows=106 width=0)
	        Index Cond: ((k >= 6478183) AND (k <= 6478283))

table 8 : explain SELECT k, c FROM sbtest8 WHERE k BETWEEN 6478183 AND 6478283
	Bitmap Heap Scan on sbtest8  (cost=5.39..373.94 rows=93 width=125)
	  Recheck Cond: ((k >= 6478183) AND (k <= 6478283))
	  ->  Bitmap Index Scan on k_8  (cost=0.00..5.36 rows=93 width=0)
	        Index Cond: ((k >= 6478183) AND (k <= 6478283))

explain: for range-notcovered :: explain SELECT k, c FROM sbtest%d WHERE k BETWEEN 985075 AND 985175
explain: for range-notcovered :: explain SELECT k, c FROM sbtest%d WHERE k BETWEEN 2738971 AND 2739071
for range-notcovered
table 1 : explain SELECT k, c FROM sbtest1 WHERE k BETWEEN 4148583 AND 4148683
	Bitmap Heap Scan on sbtest1  (cost=5.57..444.79 rows=111 width=125)
	  Recheck Cond: ((k >= 4148583) AND (k <= 4148683))
	  ->  Bitmap Index Scan on k_1  (cost=0.00..5.54 rows=111 width=0)
	        Index Cond: ((k >= 4148583) AND (k <= 4148683))

table 2 : explain SELECT k, c FROM sbtest2 WHERE k BETWEEN 4148583 AND 4148683
	Bitmap Heap Scan on sbtest2  (cost=5.42..385.71 rows=96 width=125)
	  Recheck Cond: ((k >= 4148583) AND (k <= 4148683))
	  ->  Bitmap Index Scan on k_2  (cost=0.00..5.39 rows=96 width=0)
	        Index Cond: ((k >= 4148583) AND (k <= 4148683))

table 3 : explain SELECT k, c FROM sbtest3 WHERE k BETWEEN 4148583 AND 4148683
	Bitmap Heap Scan on sbtest3  (cost=5.50..417.26 rows=104 width=125)
	  Recheck Cond: ((k >= 4148583) AND (k <= 4148683))
	  ->  Bitmap Index Scan on k_3  (cost=0.00..5.47 rows=104 width=0)
	        Index Cond: ((k >= 4148583) AND (k <= 4148683))

table 4 : explain SELECT k, c FROM sbtest4 WHERE k BETWEEN 4148583 AND 4148683
	Bitmap Heap Scan on sbtest4  (cost=5.39..373.91 rows=93 width=125)
	  Recheck Cond: ((k >= 4148583) AND (k <= 4148683))
	  ->  Bitmap Index Scan on k_4  (cost=0.00..5.36 rows=93 width=0)
	        Index Cond: ((k >= 4148583) AND (k <= 4148683))

table 5 : explain SELECT k, c FROM sbtest5 WHERE k BETWEEN 4148583 AND 4148683
	Bitmap Heap Scan on sbtest5  (cost=5.41..381.80 rows=95 width=125)
	  Recheck Cond: ((k >= 4148583) AND (k <= 4148683))
	  ->  Bitmap Index Scan on k_5  (cost=0.00..5.38 rows=95 width=0)
	        Index Cond: ((k >= 4148583) AND (k <= 4148683))

table 6 : explain SELECT k, c FROM sbtest6 WHERE k BETWEEN 4148583 AND 4148683
	Bitmap Heap Scan on sbtest6  (cost=5.50..417.30 rows=104 width=125)
	  Recheck Cond: ((k >= 4148583) AND (k <= 4148683))
	  ->  Bitmap Index Scan on k_6  (cost=0.00..5.47 rows=104 width=0)
	        Index Cond: ((k >= 4148583) AND (k <= 4148683))

table 7 : explain SELECT k, c FROM sbtest7 WHERE k BETWEEN 4148583 AND 4148683
	Bitmap Heap Scan on sbtest7  (cost=5.45..397.62 rows=99 width=125)
	  Recheck Cond: ((k >= 4148583) AND (k <= 4148683))
	  ->  Bitmap Index Scan on k_7  (cost=0.00..5.42 rows=99 width=0)
	        Index Cond: ((k >= 4148583) AND (k <= 4148683))

table 8 : explain SELECT k, c FROM sbtest8 WHERE k BETWEEN 4148583 AND 4148683
	Bitmap Heap Scan on sbtest8  (cost=5.53..429.16 rows=107 width=125)
	  Recheck Cond: ((k >= 4148583) AND (k <= 4148683))
	  ->  Bitmap Index Scan on k_8  (cost=0.00..5.50 rows=107 width=0)
	        Index Cond: ((k >= 4148583) AND (k <= 4148683))

for range-notcovered
table 1 : explain SELECT k, c FROM sbtest1 WHERE k BETWEEN 3139460 AND 3139560
	Bitmap Heap Scan on sbtest1  (cost=5.54..432.98 rows=108 width=125)
	  Recheck Cond: ((k >= 3139460) AND (k <= 3139560))
	  ->  Bitmap Index Scan on k_1  (cost=0.00..5.51 rows=108 width=0)
	        Index Cond: ((k >= 3139460) AND (k <= 3139560))

table 2 : explain SELECT k, c FROM sbtest2 WHERE k BETWEEN 3139460 AND 3139560
	Bitmap Heap Scan on sbtest2  (cost=5.41..381.77 rows=95 width=125)
	  Recheck Cond: ((k >= 3139460) AND (k <= 3139560))
	  ->  Bitmap Index Scan on k_2  (cost=0.00..5.38 rows=95 width=0)
	        Index Cond: ((k >= 3139460) AND (k <= 3139560))

table 3 : explain SELECT k, c FROM sbtest3 WHERE k BETWEEN 3139460 AND 3139560
	Bitmap Heap Scan on sbtest3  (cost=5.40..377.82 rows=94 width=125)
	  Recheck Cond: ((k >= 3139460) AND (k <= 3139560))
	  ->  Bitmap Index Scan on k_3  (cost=0.00..5.38 rows=94 width=0)
	        Index Cond: ((k >= 3139460) AND (k <= 3139560))

table 4 : explain SELECT k, c FROM sbtest4 WHERE k BETWEEN 3139460 AND 3139560
	Bitmap Heap Scan on sbtest4  (cost=5.52..425.18 rows=106 width=125)
	  Recheck Cond: ((k >= 3139460) AND (k <= 3139560))
	  ->  Bitmap Index Scan on k_4  (cost=0.00..5.50 rows=106 width=0)
	        Index Cond: ((k >= 3139460) AND (k <= 3139560))

table 5 : explain SELECT k, c FROM sbtest5 WHERE k BETWEEN 3139460 AND 3139560
	Bitmap Heap Scan on sbtest5  (cost=5.53..429.12 rows=107 width=125)
	  Recheck Cond: ((k >= 3139460) AND (k <= 3139560))
	  ->  Bitmap Index Scan on k_5  (cost=0.00..5.50 rows=107 width=0)
	        Index Cond: ((k >= 3139460) AND (k <= 3139560))

table 6 : explain SELECT k, c FROM sbtest6 WHERE k BETWEEN 3139460 AND 3139560
	Bitmap Heap Scan on sbtest6  (cost=5.58..448.82 rows=112 width=125)
	  Recheck Cond: ((k >= 3139460) AND (k <= 3139560))
	  ->  Bitmap Index Scan on k_6  (cost=0.00..5.55 rows=112 width=0)
	        Index Cond: ((k >= 3139460) AND (k <= 3139560))

table 7 : explain SELECT k, c FROM sbtest7 WHERE k BETWEEN 3139460 AND 3139560
	Bitmap Heap Scan on sbtest7  (cost=5.49..413.39 rows=103 width=125)
	  Recheck Cond: ((k >= 3139460) AND (k <= 3139560))
	  ->  Bitmap Index Scan on k_7  (cost=0.00..5.46 rows=103 width=0)
	        Index Cond: ((k >= 3139460) AND (k <= 3139560))

table 8 : explain SELECT k, c FROM sbtest8 WHERE k BETWEEN 3139460 AND 3139560
	Bitmap Heap Scan on sbtest8  (cost=5.47..405.50 rows=101 width=125)
	  Recheck Cond: ((k >= 3139460) AND (k <= 3139560))
	  ->  Bitmap Index Scan on k_8  (cost=0.00..5.44 rows=101 width=0)
	        Index Cond: ((k >= 3139460) AND (k <= 3139560))

for range-notcovered
table 1 : explain SELECT k, c FROM sbtest1 WHERE k BETWEEN 2480614 AND 2480714
	Bitmap Heap Scan on sbtest1  (cost=5.42..385.68 rows=96 width=125)
	  Recheck Cond: ((k >= 2480614) AND (k <= 2480714))
	  ->  Bitmap Index Scan on k_1  (cost=0.00..5.39 rows=96 width=0)
	        Index Cond: ((k >= 2480614) AND (k <= 2480714))

table 2 : explain SELECT k, c FROM sbtest2 WHERE k BETWEEN 2480614 AND 2480714
	Bitmap Heap Scan on sbtest2  (cost=5.51..421.20 rows=105 width=125)
	  Recheck Cond: ((k >= 2480614) AND (k <= 2480714))
	  ->  Bitmap Index Scan on k_2  (cost=0.00..5.48 rows=105 width=0)
	        Index Cond: ((k >= 2480614) AND (k <= 2480714))

table 3 : explain SELECT k, c FROM sbtest3 WHERE k BETWEEN 2480614 AND 2480714
	Bitmap Heap Scan on sbtest3  (cost=5.51..421.20 rows=105 width=125)
	  Recheck Cond: ((k >= 2480614) AND (k <= 2480714))
	  ->  Bitmap Index Scan on k_3  (cost=0.00..5.48 rows=105 width=0)
	        Index Cond: ((k >= 2480614) AND (k <= 2480714))

table 4 : explain SELECT k, c FROM sbtest4 WHERE k BETWEEN 2480614 AND 2480714
	Bitmap Heap Scan on sbtest4  (cost=5.38..369.96 rows=92 width=125)
	  Recheck Cond: ((k >= 2480614) AND (k <= 2480714))
	  ->  Bitmap Index Scan on k_4  (cost=0.00..5.35 rows=92 width=0)
	        Index Cond: ((k >= 2480614) AND (k <= 2480714))

table 5 : explain SELECT k, c FROM sbtest5 WHERE k BETWEEN 2480614 AND 2480714
	Bitmap Heap Scan on sbtest5  (cost=5.51..421.24 rows=105 width=125)
	  Recheck Cond: ((k >= 2480614) AND (k <= 2480714))
	  ->  Bitmap Index Scan on k_5  (cost=0.00..5.48 rows=105 width=0)
	        Index Cond: ((k >= 2480614) AND (k <= 2480714))

table 6 : explain SELECT k, c FROM sbtest6 WHERE k BETWEEN 2480614 AND 2480714
	Bitmap Heap Scan on sbtest6  (cost=5.47..405.47 rows=101 width=125)
	  Recheck Cond: ((k >= 2480614) AND (k <= 2480714))
	  ->  Bitmap Index Scan on k_6  (cost=0.00..5.44 rows=101 width=0)
	        Index Cond: ((k >= 2480614) AND (k <= 2480714))

table 7 : explain SELECT k, c FROM sbtest7 WHERE k BETWEEN 2480614 AND 2480714
	Bitmap Heap Scan on sbtest7  (cost=5.37..366.04 rows=91 width=125)
	  Recheck Cond: ((k >= 2480614) AND (k <= 2480714))
	  ->  Bitmap Index Scan on k_7  (cost=0.00..5.34 rows=91 width=0)
	        Index Cond: ((k >= 2480614) AND (k <= 2480714))

table 8 : explain SELECT k, c FROM sbtest8 WHERE k BETWEEN 2480614 AND 2480714
	Bitmap Heap Scan on sbtest8  (cost=5.42..385.78 rows=96 width=125)
	  Recheck Cond: ((k >= 2480614) AND (k <= 2480714))
	  ->  Bitmap Index Scan on k_8  (cost=0.00..5.39 rows=96 width=0)
	        Index Cond: ((k >= 2480614) AND (k <= 2480714))

for range-notcovered
table 1 : explain SELECT k, c FROM sbtest1 WHERE k BETWEEN 3356410 AND 3356510
	Bitmap Heap Scan on sbtest1  (cost=5.43..389.62 rows=97 width=125)
	  Recheck Cond: ((k >= 3356410) AND (k <= 3356510))
	  ->  Bitmap Index Scan on k_1  (cost=0.00..5.40 rows=97 width=0)
	        Index Cond: ((k >= 3356410) AND (k <= 3356510))

table 2 : explain SELECT k, c FROM sbtest2 WHERE k BETWEEN 3356410 AND 3356510
	Bitmap Heap Scan on sbtest2  (cost=5.42..385.71 rows=96 width=125)
	  Recheck Cond: ((k >= 3356410) AND (k <= 3356510))
	  ->  Bitmap Index Scan on k_2  (cost=0.00..5.39 rows=96 width=0)
	        Index Cond: ((k >= 3356410) AND (k <= 3356510))

table 3 : explain SELECT k, c FROM sbtest3 WHERE k BETWEEN 3356410 AND 3356510
	Bitmap Heap Scan on sbtest3  (cost=5.43..389.66 rows=97 width=125)
	  Recheck Cond: ((k >= 3356410) AND (k <= 3356510))
	  ->  Bitmap Index Scan on k_3  (cost=0.00..5.40 rows=97 width=0)
	        Index Cond: ((k >= 3356410) AND (k <= 3356510))

table 4 : explain SELECT k, c FROM sbtest4 WHERE k BETWEEN 3356410 AND 3356510
	Bitmap Heap Scan on sbtest4  (cost=5.47..405.47 rows=101 width=125)
	  Recheck Cond: ((k >= 3356410) AND (k <= 3356510))
	  ->  Bitmap Index Scan on k_4  (cost=0.00..5.44 rows=101 width=0)
	        Index Cond: ((k >= 3356410) AND (k <= 3356510))

table 5 : explain SELECT k, c FROM sbtest5 WHERE k BETWEEN 3356410 AND 3356510
	Bitmap Heap Scan on sbtest5  (cost=5.59..452.76 rows=113 width=125)
	  Recheck Cond: ((k >= 3356410) AND (k <= 3356510))
	  ->  Bitmap Index Scan on k_5  (cost=0.00..5.56 rows=113 width=0)
	        Index Cond: ((k >= 3356410) AND (k <= 3356510))

table 6 : explain SELECT k, c FROM sbtest6 WHERE k BETWEEN 3356410 AND 3356510
	Bitmap Heap Scan on sbtest6  (cost=5.52..425.18 rows=106 width=125)
	  Recheck Cond: ((k >= 3356410) AND (k <= 3356510))
	  ->  Bitmap Index Scan on k_6  (cost=0.00..5.50 rows=106 width=0)
	        Index Cond: ((k >= 3356410) AND (k <= 3356510))

table 7 : explain SELECT k, c FROM sbtest7 WHERE k BETWEEN 3356410 AND 3356510
	Bitmap Heap Scan on sbtest7  (cost=5.44..393.67 rows=98 width=125)
	  Recheck Cond: ((k >= 3356410) AND (k <= 3356510))
	  ->  Bitmap Index Scan on k_7  (cost=0.00..5.42 rows=98 width=0)
	        Index Cond: ((k >= 3356410) AND (k <= 3356510))

table 8 : explain SELECT k, c FROM sbtest8 WHERE k BETWEEN 3356410 AND 3356510
	Bitmap Heap Scan on sbtest8  (cost=5.48..409.45 rows=102 width=125)
	  Recheck Cond: ((k >= 3356410) AND (k <= 3356510))
	  ->  Bitmap Index Scan on k_8  (cost=0.00..5.45 rows=102 width=0)
	        Index Cond: ((k >= 3356410) AND (k <= 3356510))

explain: for range-notcovered :: explain SELECT k, c FROM sbtest%d WHERE k BETWEEN 6154357 AND 6154457
explain: for range-notcovered :: explain SELECT k, c FROM sbtest%d WHERE k BETWEEN 3479393 AND 3479493
explain: for range-notcovered :: explain SELECT k, c FROM sbtest%d WHERE k BETWEEN 4148583 AND 4148683
explain: for range-notcovered :: explain SELECT k, c FROM sbtest%d WHERE k BETWEEN 6478183 AND 6478283
explain: for range-notcovered :: explain SELECT k, c FROM sbtest%d WHERE k BETWEEN 3139460 AND 3139560
explain: for range-notcovered :: explain SELECT k, c FROM sbtest%d WHERE k BETWEEN 2480614 AND 2480714
explain: for range-notcovered :: explain SELECT k, c FROM sbtest%d WHERE k BETWEEN 6494881 AND 6494981
for range-notcovered
table 1 : explain SELECT k, c FROM sbtest1 WHERE k BETWEEN 6187062 AND 6187162
	Bitmap Heap Scan on sbtest1  (cost=5.37..365.95 rows=91 width=125)
	  Recheck Cond: ((k >= 6187062) AND (k <= 6187162))
	  ->  Bitmap Index Scan on k_1  (cost=0.00..5.34 rows=91 width=0)
	        Index Cond: ((k >= 6187062) AND (k <= 6187162))

table 2 : explain SELECT k, c FROM sbtest2 WHERE k BETWEEN 6187062 AND 6187162
	Bitmap Heap Scan on sbtest2  (cost=5.53..429.08 rows=107 width=125)
	  Recheck Cond: ((k >= 6187062) AND (k <= 6187162))
	  ->  Bitmap Index Scan on k_2  (cost=0.00..5.50 rows=107 width=0)
	        Index Cond: ((k >= 6187062) AND (k <= 6187162))

table 3 : explain SELECT k, c FROM sbtest3 WHERE k BETWEEN 6187062 AND 6187162
	Bitmap Heap Scan on sbtest3  (cost=5.35..358.09 rows=89 width=125)
	  Recheck Cond: ((k >= 6187062) AND (k <= 6187162))
	  ->  Bitmap Index Scan on k_3  (cost=0.00..5.32 rows=89 width=0)
	        Index Cond: ((k >= 6187062) AND (k <= 6187162))

table 4 : explain SELECT k, c FROM sbtest4 WHERE k BETWEEN 6187062 AND 6187162
	Bitmap Heap Scan on sbtest4  (cost=5.50..417.30 rows=104 width=125)
	  Recheck Cond: ((k >= 6187062) AND (k <= 6187162))
	  ->  Bitmap Index Scan on k_4  (cost=0.00..5.47 rows=104 width=0)
	        Index Cond: ((k >= 6187062) AND (k <= 6187162))

table 5 : explain SELECT k, c FROM sbtest5 WHERE k BETWEEN 6187062 AND 6187162
	Bitmap Heap Scan on sbtest5  (cost=5.50..417.30 rows=104 width=125)
	  Recheck Cond: ((k >= 6187062) AND (k <= 6187162))
	  ->  Bitmap Index Scan on k_5  (cost=0.00..5.47 rows=104 width=0)
	        Index Cond: ((k >= 6187062) AND (k <= 6187162))

table 6 : explain SELECT k, c FROM sbtest6 WHERE k BETWEEN 6187062 AND 6187162
	Bitmap Heap Scan on sbtest6  (cost=5.48..409.41 rows=102 width=125)
	  Recheck Cond: ((k >= 6187062) AND (k <= 6187162))
	  ->  Bitmap Index Scan on k_6  (cost=0.00..5.45 rows=102 width=0)
	        Index Cond: ((k >= 6187062) AND (k <= 6187162))

table 7 : explain SELECT k, c FROM sbtest7 WHERE k BETWEEN 6187062 AND 6187162
	Bitmap Heap Scan on sbtest7  (cost=5.54..433.10 rows=108 width=125)
	  Recheck Cond: ((k >= 6187062) AND (k <= 6187162))
	  ->  Bitmap Index Scan on k_7  (cost=0.00..5.51 rows=108 width=0)
	        Index Cond: ((k >= 6187062) AND (k <= 6187162))

table 8 : explain SELECT k, c FROM sbtest8 WHERE k BETWEEN 6187062 AND 6187162
	Bitmap Heap Scan on sbtest8  (cost=5.44..393.67 rows=98 width=125)
	  Recheck Cond: ((k >= 6187062) AND (k <= 6187162))
	  ->  Bitmap Index Scan on k_8  (cost=0.00..5.42 rows=98 width=0)
	        Index Cond: ((k >= 6187062) AND (k <= 6187162))

for range-notcovered
table 1 : explain SELECT k, c FROM sbtest1 WHERE k BETWEEN 2738971 AND 2739071
	Bitmap Heap Scan on sbtest1  (cost=5.46..401.45 rows=100 width=125)
	  Recheck Cond: ((k >= 2738971) AND (k <= 2739071))
	  ->  Bitmap Index Scan on k_1  (cost=0.00..5.43 rows=100 width=0)
	        Index Cond: ((k >= 2738971) AND (k <= 2739071))

table 2 : explain SELECT k, c FROM sbtest2 WHERE k BETWEEN 2738971 AND 2739071
	Bitmap Heap Scan on sbtest2  (cost=5.47..405.43 rows=101 width=125)
	  Recheck Cond: ((k >= 2738971) AND (k <= 2739071))
	  ->  Bitmap Index Scan on k_2  (cost=0.00..5.44 rows=101 width=0)
	        Index Cond: ((k >= 2738971) AND (k <= 2739071))

table 3 : explain SELECT k, c FROM sbtest3 WHERE k BETWEEN 2738971 AND 2739071
	Bitmap Heap Scan on sbtest3  (cost=5.45..397.55 rows=99 width=125)
	  Recheck Cond: ((k >= 2738971) AND (k <= 2739071))
	  ->  Bitmap Index Scan on k_3  (cost=0.00..5.42 rows=99 width=0)
	        Index Cond: ((k >= 2738971) AND (k <= 2739071))

table 4 : explain SELECT k, c FROM sbtest4 WHERE k BETWEEN 2738971 AND 2739071
	Bitmap Heap Scan on sbtest4  (cost=5.52..425.18 rows=106 width=125)
	  Recheck Cond: ((k >= 2738971) AND (k <= 2739071))
	  ->  Bitmap Index Scan on k_4  (cost=0.00..5.50 rows=106 width=0)
	        Index Cond: ((k >= 2738971) AND (k <= 2739071))

table 5 : explain SELECT k, c FROM sbtest5 WHERE k BETWEEN 2738971 AND 2739071
	Bitmap Heap Scan on sbtest5  (cost=5.46..401.53 rows=100 width=125)
	  Recheck Cond: ((k >= 2738971) AND (k <= 2739071))
	  ->  Bitmap Index Scan on k_5  (cost=0.00..5.43 rows=100 width=0)
	        Index Cond: ((k >= 2738971) AND (k <= 2739071))

table 6 : explain SELECT k, c FROM sbtest6 WHERE k BETWEEN 2738971 AND 2739071
	Bitmap Heap Scan on sbtest6  (cost=5.49..413.36 rows=103 width=125)
	  Recheck Cond: ((k >= 2738971) AND (k <= 2739071))
	  ->  Bitmap Index Scan on k_6  (cost=0.00..5.46 rows=103 width=0)
	        Index Cond: ((k >= 2738971) AND (k <= 2739071))

table 7 : explain SELECT k, c FROM sbtest7 WHERE k BETWEEN 2738971 AND 2739071
	Bitmap Heap Scan on sbtest7  (cost=5.40..377.89 rows=94 width=125)
	  Recheck Cond: ((k >= 2738971) AND (k <= 2739071))
	  ->  Bitmap Index Scan on k_7  (cost=0.00..5.38 rows=94 width=0)
	        Index Cond: ((k >= 2738971) AND (k <= 2739071))

table 8 : explain SELECT k, c FROM sbtest8 WHERE k BETWEEN 2738971 AND 2739071
	Bitmap Heap Scan on sbtest8  (cost=5.49..413.39 rows=103 width=125)
	  Recheck Cond: ((k >= 2738971) AND (k <= 2739071))
	  ->  Bitmap Index Scan on k_8  (cost=0.00..5.46 rows=103 width=0)
	        Index Cond: ((k >= 2738971) AND (k <= 2739071))

explain: for range-notcovered :: explain SELECT k, c FROM sbtest%d WHERE k BETWEEN 6187062 AND 6187162
for range-notcovered
table 1 : explain SELECT k, c FROM sbtest1 WHERE k BETWEEN 985075 AND 985175
	Bitmap Heap Scan on sbtest1  (cost=5.53..429.04 rows=107 width=125)
	  Recheck Cond: ((k >= 985075) AND (k <= 985175))
	  ->  Bitmap Index Scan on k_1  (cost=0.00..5.50 rows=107 width=0)
	        Index Cond: ((k >= 985075) AND (k <= 985175))

table 2 : explain SELECT k, c FROM sbtest2 WHERE k BETWEEN 985075 AND 985175
	Bitmap Heap Scan on sbtest2  (cost=5.42..385.71 rows=96 width=125)
	  Recheck Cond: ((k >= 985075) AND (k <= 985175))
	  ->  Bitmap Index Scan on k_2  (cost=0.00..5.39 rows=96 width=0)
	        Index Cond: ((k >= 985075) AND (k <= 985175))

table 3 : explain SELECT k, c FROM sbtest3 WHERE k BETWEEN 985075 AND 985175
	Bitmap Heap Scan on sbtest3  (cost=5.51..421.20 rows=105 width=125)
	  Recheck Cond: ((k >= 985075) AND (k <= 985175))
	  ->  Bitmap Index Scan on k_3  (cost=0.00..5.48 rows=105 width=0)
	        Index Cond: ((k >= 985075) AND (k <= 985175))

table 4 : explain SELECT k, c FROM sbtest4 WHERE k BETWEEN 985075 AND 985175
	Bitmap Heap Scan on sbtest4  (cost=5.43..389.69 rows=97 width=125)
	  Recheck Cond: ((k >= 985075) AND (k <= 985175))
	  ->  Bitmap Index Scan on k_4  (cost=0.00..5.40 rows=97 width=0)
	        Index Cond: ((k >= 985075) AND (k <= 985175))

table 5 : explain SELECT k, c FROM sbtest5 WHERE k BETWEEN 985075 AND 985175
	Bitmap Heap Scan on sbtest5  (cost=5.49..413.35 rows=103 width=125)
	  Recheck Cond: ((k >= 985075) AND (k <= 985175))
	  ->  Bitmap Index Scan on k_5  (cost=0.00..5.46 rows=103 width=0)
	        Index Cond: ((k >= 985075) AND (k <= 985175))

table 6 : explain SELECT k, c FROM sbtest6 WHERE k BETWEEN 985075 AND 985175
	Bitmap Heap Scan on sbtest6  (cost=5.39..373.91 rows=93 width=125)
	  Recheck Cond: ((k >= 985075) AND (k <= 985175))
	  ->  Bitmap Index Scan on k_6  (cost=0.00..5.36 rows=93 width=0)
	        Index Cond: ((k >= 985075) AND (k <= 985175))

table 7 : explain SELECT k, c FROM sbtest7 WHERE k BETWEEN 985075 AND 985175
	Bitmap Heap Scan on sbtest7  (cost=5.50..417.33 rows=104 width=125)
	  Recheck Cond: ((k >= 985075) AND (k <= 985175))
	  ->  Bitmap Index Scan on k_7  (cost=0.00..5.47 rows=104 width=0)
	        Index Cond: ((k >= 985075) AND (k <= 985175))

table 8 : explain SELECT k, c FROM sbtest8 WHERE k BETWEEN 985075 AND 985175
	Bitmap Heap Scan on sbtest8  (cost=5.46..401.56 rows=100 width=125)
	  Recheck Cond: ((k >= 985075) AND (k <= 985175))
	  ->  Bitmap Index Scan on k_8  (cost=0.00..5.43 rows=100 width=0)
	        Index Cond: ((k >= 985075) AND (k <= 985175))

explain: for range-notcovered :: explain SELECT k, c FROM sbtest%d WHERE k BETWEEN 2738971 AND 2739071
for range-notcovered
table 1 : explain SELECT k, c FROM sbtest1 WHERE k BETWEEN 4148583 AND 4148683
	Bitmap Heap Scan on sbtest1  (cost=5.57..444.79 rows=111 width=125)
	  Recheck Cond: ((k >= 4148583) AND (k <= 4148683))
	  ->  Bitmap Index Scan on k_1  (cost=0.00..5.54 rows=111 width=0)
	        Index Cond: ((k >= 4148583) AND (k <= 4148683))

table 2 : explain SELECT k, c FROM sbtest2 WHERE k BETWEEN 4148583 AND 4148683
	Bitmap Heap Scan on sbtest2  (cost=5.42..385.71 rows=96 width=125)
	  Recheck Cond: ((k >= 4148583) AND (k <= 4148683))
	  ->  Bitmap Index Scan on k_2  (cost=0.00..5.39 rows=96 width=0)
	        Index Cond: ((k >= 4148583) AND (k <= 4148683))

table 3 : explain SELECT k, c FROM sbtest3 WHERE k BETWEEN 4148583 AND 4148683
	Bitmap Heap Scan on sbtest3  (cost=5.50..417.26 rows=104 width=125)
	  Recheck Cond: ((k >= 4148583) AND (k <= 4148683))
	  ->  Bitmap Index Scan on k_3  (cost=0.00..5.47 rows=104 width=0)
	        Index Cond: ((k >= 4148583) AND (k <= 4148683))

table 4 : explain SELECT k, c FROM sbtest4 WHERE k BETWEEN 4148583 AND 4148683
	Bitmap Heap Scan on sbtest4  (cost=5.39..373.91 rows=93 width=125)
	  Recheck Cond: ((k >= 4148583) AND (k <= 4148683))
	  ->  Bitmap Index Scan on k_4  (cost=0.00..5.36 rows=93 width=0)
	        Index Cond: ((k >= 4148583) AND (k <= 4148683))

table 5 : explain SELECT k, c FROM sbtest5 WHERE k BETWEEN 4148583 AND 4148683
	Bitmap Heap Scan on sbtest5  (cost=5.41..381.80 rows=95 width=125)
	  Recheck Cond: ((k >= 4148583) AND (k <= 4148683))
	  ->  Bitmap Index Scan on k_5  (cost=0.00..5.38 rows=95 width=0)
	        Index Cond: ((k >= 4148583) AND (k <= 4148683))

table 6 : explain SELECT k, c FROM sbtest6 WHERE k BETWEEN 4148583 AND 4148683
	Bitmap Heap Scan on sbtest6  (cost=5.50..417.30 rows=104 width=125)
	  Recheck Cond: ((k >= 4148583) AND (k <= 4148683))
	  ->  Bitmap Index Scan on k_6  (cost=0.00..5.47 rows=104 width=0)
	        Index Cond: ((k >= 4148583) AND (k <= 4148683))

table 7 : explain SELECT k, c FROM sbtest7 WHERE k BETWEEN 4148583 AND 4148683
	Bitmap Heap Scan on sbtest7  (cost=5.45..397.62 rows=99 width=125)
	  Recheck Cond: ((k >= 4148583) AND (k <= 4148683))
	  ->  Bitmap Index Scan on k_7  (cost=0.00..5.42 rows=99 width=0)
	        Index Cond: ((k >= 4148583) AND (k <= 4148683))

table 8 : explain SELECT k, c FROM sbtest8 WHERE k BETWEEN 4148583 AND 4148683
	Bitmap Heap Scan on sbtest8  (cost=5.53..429.16 rows=107 width=125)
	  Recheck Cond: ((k >= 4148583) AND (k <= 4148683))
	  ->  Bitmap Index Scan on k_8  (cost=0.00..5.50 rows=107 width=0)
	        Index Cond: ((k >= 4148583) AND (k <= 4148683))

explain: for range-notcovered :: explain SELECT k, c FROM sbtest%d WHERE k BETWEEN 985075 AND 985175
for range-notcovered
table 1 : explain SELECT k, c FROM sbtest1 WHERE k BETWEEN 3479393 AND 3479493
	Bitmap Heap Scan on sbtest1  (cost=5.50..417.22 rows=104 width=125)
	  Recheck Cond: ((k >= 3479393) AND (k <= 3479493))
	  ->  Bitmap Index Scan on k_1  (cost=0.00..5.47 rows=104 width=0)
	        Index Cond: ((k >= 3479393) AND (k <= 3479493))

table 2 : explain SELECT k, c FROM sbtest2 WHERE k BETWEEN 3479393 AND 3479493
	Bitmap Heap Scan on sbtest2  (cost=5.57..444.84 rows=111 width=125)
	  Recheck Cond: ((k >= 3479393) AND (k <= 3479493))
	  ->  Bitmap Index Scan on k_2  (cost=0.00..5.54 rows=111 width=0)
	        Index Cond: ((k >= 3479393) AND (k <= 3479493))

table 3 : explain SELECT k, c FROM sbtest3 WHERE k BETWEEN 3479393 AND 3479493
	Bitmap Heap Scan on sbtest3  (cost=5.51..421.20 rows=105 width=125)
	  Recheck Cond: ((k >= 3479393) AND (k <= 3479493))
	  ->  Bitmap Index Scan on k_3  (cost=0.00..5.48 rows=105 width=0)
	        Index Cond: ((k >= 3479393) AND (k <= 3479493))

table 4 : explain SELECT k, c FROM sbtest4 WHERE k BETWEEN 3479393 AND 3479493
	Bitmap Heap Scan on sbtest4  (cost=5.48..409.41 rows=102 width=125)
	  Recheck Cond: ((k >= 3479393) AND (k <= 3479493))
	  ->  Bitmap Index Scan on k_4  (cost=0.00..5.45 rows=102 width=0)
	        Index Cond: ((k >= 3479393) AND (k <= 3479493))

table 5 : explain SELECT k, c FROM sbtest5 WHERE k BETWEEN 3479393 AND 3479493
	Bitmap Heap Scan on sbtest5  (cost=5.46..401.53 rows=100 width=125)
	  Recheck Cond: ((k >= 3479393) AND (k <= 3479493))
	  ->  Bitmap Index Scan on k_5  (cost=0.00..5.43 rows=100 width=0)
	        Index Cond: ((k >= 3479393) AND (k <= 3479493))

table 6 : explain SELECT k, c FROM sbtest6 WHERE k BETWEEN 3479393 AND 3479493
	Bitmap Heap Scan on sbtest6  (cost=5.50..417.30 rows=104 width=125)
	  Recheck Cond: ((k >= 3479393) AND (k <= 3479493))
	  ->  Bitmap Index Scan on k_6  (cost=0.00..5.47 rows=104 width=0)
	        Index Cond: ((k >= 3479393) AND (k <= 3479493))

table 7 : explain SELECT k, c FROM sbtest7 WHERE k BETWEEN 3479393 AND 3479493
	Bitmap Heap Scan on sbtest7  (cost=5.50..417.33 rows=104 width=125)
	  Recheck Cond: ((k >= 3479393) AND (k <= 3479493))
	  ->  Bitmap Index Scan on k_7  (cost=0.00..5.47 rows=104 width=0)
	        Index Cond: ((k >= 3479393) AND (k <= 3479493))

table 8 : explain SELECT k, c FROM sbtest8 WHERE k BETWEEN 3479393 AND 3479493
	Bitmap Heap Scan on sbtest8  (cost=5.54..433.10 rows=108 width=125)
	  Recheck Cond: ((k >= 3479393) AND (k <= 3479493))
	  ->  Bitmap Index Scan on k_8  (cost=0.00..5.51 rows=108 width=0)
	        Index Cond: ((k >= 3479393) AND (k <= 3479493))

for range-notcovered
table 1 : explain SELECT k, c FROM sbtest1 WHERE k BETWEEN 6478183 AND 6478283
	Bitmap Heap Scan on sbtest1  (cost=5.52..425.10 rows=106 width=125)
	  Recheck Cond: ((k >= 6478183) AND (k <= 6478283))
	  ->  Bitmap Index Scan on k_1  (cost=0.00..5.50 rows=106 width=0)
	        Index Cond: ((k >= 6478183) AND (k <= 6478283))

table 2 : explain SELECT k, c FROM sbtest2 WHERE k BETWEEN 6478183 AND 6478283
	Bitmap Heap Scan on sbtest2  (cost=5.48..409.37 rows=102 width=125)
	  Recheck Cond: ((k >= 6478183) AND (k <= 6478283))
	  ->  Bitmap Index Scan on k_2  (cost=0.00..5.45 rows=102 width=0)
	        Index Cond: ((k >= 6478183) AND (k <= 6478283))

table 3 : explain SELECT k, c FROM sbtest3 WHERE k BETWEEN 6478183 AND 6478283
	Bitmap Heap Scan on sbtest3  (cost=5.60..456.65 rows=114 width=125)
	  Recheck Cond: ((k >= 6478183) AND (k <= 6478283))
	  ->  Bitmap Index Scan on k_3  (cost=0.00..5.58 rows=114 width=0)
	        Index Cond: ((k >= 6478183) AND (k <= 6478283))

table 4 : explain SELECT k, c FROM sbtest4 WHERE k BETWEEN 6478183 AND 6478283
	Bitmap Heap Scan on sbtest4  (cost=5.46..401.52 rows=100 width=125)
	  Recheck Cond: ((k >= 6478183) AND (k <= 6478283))
	  ->  Bitmap Index Scan on k_4  (cost=0.00..5.43 rows=100 width=0)
	        Index Cond: ((k >= 6478183) AND (k <= 6478283))

table 5 : explain SELECT k, c FROM sbtest5 WHERE k BETWEEN 6478183 AND 6478283
	Bitmap Heap Scan on sbtest5  (cost=5.47..405.47 rows=101 width=125)
	  Recheck Cond: ((k >= 6478183) AND (k <= 6478283))
	  ->  Bitmap Index Scan on k_5  (cost=0.00..5.44 rows=101 width=0)
	        Index Cond: ((k >= 6478183) AND (k <= 6478283))

table 6 : explain SELECT k, c FROM sbtest6 WHERE k BETWEEN 6478183 AND 6478283
	Bitmap Heap Scan on sbtest6  (cost=5.35..358.12 rows=89 width=125)
	  Recheck Cond: ((k >= 6478183) AND (k <= 6478283))
	  ->  Bitmap Index Scan on k_6  (cost=0.00..5.32 rows=89 width=0)
	        Index Cond: ((k >= 6478183) AND (k <= 6478283))

table 7 : explain SELECT k, c FROM sbtest7 WHERE k BETWEEN 6478183 AND 6478283
	Bitmap Heap Scan on sbtest7  (cost=5.52..425.22 rows=106 width=125)
	  Recheck Cond: ((k >= 6478183) AND (k <= 6478283))
	  ->  Bitmap Index Scan on k_7  (cost=0.00..5.50 rows=106 width=0)
	        Index Cond: ((k >= 6478183) AND (k <= 6478283))

table 8 : explain SELECT k, c FROM sbtest8 WHERE k BETWEEN 6478183 AND 6478283
	Bitmap Heap Scan on sbtest8  (cost=5.39..373.94 rows=93 width=125)
	  Recheck Cond: ((k >= 6478183) AND (k <= 6478283))
	  ->  Bitmap Index Scan on k_8  (cost=0.00..5.36 rows=93 width=0)
	        Index Cond: ((k >= 6478183) AND (k <= 6478283))

explain: for range-notcovered :: explain SELECT k, c FROM sbtest%d WHERE k BETWEEN 4148583 AND 4148683
for range-notcovered
table 1 : explain SELECT k, c FROM sbtest1 WHERE k BETWEEN 2480614 AND 2480714
	Bitmap Heap Scan on sbtest1  (cost=5.42..385.68 rows=96 width=125)
	  Recheck Cond: ((k >= 2480614) AND (k <= 2480714))
	  ->  Bitmap Index Scan on k_1  (cost=0.00..5.39 rows=96 width=0)
	        Index Cond: ((k >= 2480614) AND (k <= 2480714))

table 2 : explain SELECT k, c FROM sbtest2 WHERE k BETWEEN 2480614 AND 2480714
	Bitmap Heap Scan on sbtest2  (cost=5.51..421.20 rows=105 width=125)
	  Recheck Cond: ((k >= 2480614) AND (k <= 2480714))
	  ->  Bitmap Index Scan on k_2  (cost=0.00..5.48 rows=105 width=0)
	        Index Cond: ((k >= 2480614) AND (k <= 2480714))

table 3 : explain SELECT k, c FROM sbtest3 WHERE k BETWEEN 2480614 AND 2480714
	Bitmap Heap Scan on sbtest3  (cost=5.51..421.20 rows=105 width=125)
	  Recheck Cond: ((k >= 2480614) AND (k <= 2480714))
	  ->  Bitmap Index Scan on k_3  (cost=0.00..5.48 rows=105 width=0)
	        Index Cond: ((k >= 2480614) AND (k <= 2480714))

table 4 : explain SELECT k, c FROM sbtest4 WHERE k BETWEEN 2480614 AND 2480714
	Bitmap Heap Scan on sbtest4  (cost=5.38..369.96 rows=92 width=125)
	  Recheck Cond: ((k >= 2480614) AND (k <= 2480714))
	  ->  Bitmap Index Scan on k_4  (cost=0.00..5.35 rows=92 width=0)
	        Index Cond: ((k >= 2480614) AND (k <= 2480714))

table 5 : explain SELECT k, c FROM sbtest5 WHERE k BETWEEN 2480614 AND 2480714
	Bitmap Heap Scan on sbtest5  (cost=5.51..421.24 rows=105 width=125)
	  Recheck Cond: ((k >= 2480614) AND (k <= 2480714))
	  ->  Bitmap Index Scan on k_5  (cost=0.00..5.48 rows=105 width=0)
	        Index Cond: ((k >= 2480614) AND (k <= 2480714))

table 6 : explain SELECT k, c FROM sbtest6 WHERE k BETWEEN 2480614 AND 2480714
	Bitmap Heap Scan on sbtest6  (cost=5.47..405.47 rows=101 width=125)
	  Recheck Cond: ((k >= 2480614) AND (k <= 2480714))
	  ->  Bitmap Index Scan on k_6  (cost=0.00..5.44 rows=101 width=0)
	        Index Cond: ((k >= 2480614) AND (k <= 2480714))

table 7 : explain SELECT k, c FROM sbtest7 WHERE k BETWEEN 2480614 AND 2480714
	Bitmap Heap Scan on sbtest7  (cost=5.37..366.04 rows=91 width=125)
	  Recheck Cond: ((k >= 2480614) AND (k <= 2480714))
	  ->  Bitmap Index Scan on k_7  (cost=0.00..5.34 rows=91 width=0)
	        Index Cond: ((k >= 2480614) AND (k <= 2480714))

table 8 : explain SELECT k, c FROM sbtest8 WHERE k BETWEEN 2480614 AND 2480714
	Bitmap Heap Scan on sbtest8  (cost=5.42..385.78 rows=96 width=125)
	  Recheck Cond: ((k >= 2480614) AND (k <= 2480714))
	  ->  Bitmap Index Scan on k_8  (cost=0.00..5.39 rows=96 width=0)
	        Index Cond: ((k >= 2480614) AND (k <= 2480714))

explain: for range-notcovered :: explain SELECT k, c FROM sbtest%d WHERE k BETWEEN 3479393 AND 3479493for range-notcovered
table 1 : explain SELECT k, c FROM sbtest1 WHERE k BETWEEN 3139460 AND 3139560
	Bitmap Heap Scan on sbtest1  (cost=5.54..432.98 rows=108 width=125)
	  Recheck Cond: ((k >= 3139460) AND (k <= 3139560))
	  ->  Bitmap Index Scan on k_1  (cost=0.00..5.51 rows=108 width=0)
	        Index Cond: ((k >= 3139460) AND (k <= 3139560))

table 2 : explain SELECT k, c FROM sbtest2 WHERE k BETWEEN 3139460 AND 3139560
	Bitmap Heap Scan on sbtest2  (cost=5.41..381.77 rows=95 width=125)
	  Recheck Cond: ((k >= 3139460) AND (k <= 3139560))
	  ->  Bitmap Index Scan on k_2  (cost=0.00..5.38 rows=95 width=0)
	        Index Cond: ((k >= 3139460) AND (k <= 3139560))

table 3 : explain SELECT k, c FROM sbtest3 WHERE k BETWEEN 3139460 AND 3139560
	Bitmap Heap Scan on sbtest3  (cost=5.40..377.82 rows=94 width=125)
	  Recheck Cond: ((k >= 3139460) AND (k <= 3139560))
	  ->  Bitmap Index Scan on k_3  (cost=0.00..5.38 rows=94 width=0)
	        Index Cond: ((k >= 3139460) AND (k <= 3139560))

table 4 : explain SELECT k, c FROM sbtest4 WHERE k BETWEEN 3139460 AND 3139560
	Bitmap Heap Scan on sbtest4  (cost=5.52..425.18 rows=106 width=125)
	  Recheck Cond: ((k >= 3139460) AND (k <= 3139560))
	  ->  Bitmap Index Scan on k_4  (cost=0.00..5.50 rows=106 width=0)
	        Index Cond: ((k >= 3139460) AND (k <= 3139560))

table 5 : explain SELECT k, c FROM sbtest5 WHERE k BETWEEN 3139460 AND 3139560
	Bitmap Heap Scan on sbtest5  (cost=5.53..429.12 rows=107 width=125)
	  Recheck Cond: ((k >= 3139460) AND (k <= 3139560))
	  ->  Bitmap Index Scan on k_5  (cost=0.00..5.50 rows=107 width=0)
	        Index Cond: ((k >= 3139460) AND (k <= 3139560))

table 6 : explain SELECT k, c FROM sbtest6 WHERE k BETWEEN 3139460 AND 3139560
	Bitmap Heap Scan on sbtest6  (cost=5.58..448.82 rows=112 width=125)
	  Recheck Cond: ((k >= 3139460) AND (k <= 3139560))
	  ->  Bitmap Index Scan on k_6  (cost=0.00..5.55 rows=112 width=0)
	        Index Cond: ((k >= 3139460) AND (k <= 3139560))

table 7 : explain SELECT k, c FROM sbtest7 WHERE k BETWEEN 3139460 AND 3139560
	Bitmap Heap Scan on sbtest7  (cost=5.49..413.39 rows=103 width=125)
	  Recheck Cond: ((k >= 3139460) AND (k <= 3139560))
	  ->  Bitmap Index Scan on k_7  (cost=0.00..5.46 rows=103 width=0)
	        Index Cond: ((k >= 3139460) AND (k <= 3139560))

table 8 : explain SELECT k, c FROM sbtest8 WHERE k BETWEEN 3139460 AND 3139560
	Bitmap Heap Scan on sbtest8  (cost=5.47..405.50 rows=101 width=125)
	  Recheck Cond: ((k >= 3139460) AND (k <= 3139560))
	  ->  Bitmap Index Scan on k_8  (cost=0.00..5.44 rows=101 width=0)
	        Index Cond: ((k >= 3139460) AND (k <= 3139560))


explain: for range-notcovered :: explain SELECT k, c FROM sbtest%d WHERE k BETWEEN 6478183 AND 6478283
explain: for range-notcovered :: explain SELECT k, c FROM sbtest%d WHERE k BETWEEN 2480614 AND 2480714
explain: for range-notcovered :: explain SELECT k, c FROM sbtest%d WHERE k BETWEEN 3139460 AND 3139560
for range-notcovered
table 1 : explain SELECT k, c FROM sbtest1 WHERE k BETWEEN 2738971 AND 2739071
	Bitmap Heap Scan on sbtest1  (cost=5.46..401.45 rows=100 width=125)
	  Recheck Cond: ((k >= 2738971) AND (k <= 2739071))
	  ->  Bitmap Index Scan on k_1  (cost=0.00..5.43 rows=100 width=0)
	        Index Cond: ((k >= 2738971) AND (k <= 2739071))

table 2 : explain SELECT k, c FROM sbtest2 WHERE k BETWEEN 2738971 AND 2739071
	Bitmap Heap Scan on sbtest2  (cost=5.47..405.43 rows=101 width=125)
	  Recheck Cond: ((k >= 2738971) AND (k <= 2739071))
	  ->  Bitmap Index Scan on k_2  (cost=0.00..5.44 rows=101 width=0)
	        Index Cond: ((k >= 2738971) AND (k <= 2739071))

table 3 : explain SELECT k, c FROM sbtest3 WHERE k BETWEEN 2738971 AND 2739071
	Bitmap Heap Scan on sbtest3  (cost=5.45..397.55 rows=99 width=125)
	  Recheck Cond: ((k >= 2738971) AND (k <= 2739071))
	  ->  Bitmap Index Scan on k_3  (cost=0.00..5.42 rows=99 width=0)
	        Index Cond: ((k >= 2738971) AND (k <= 2739071))

table 4 : explain SELECT k, c FROM sbtest4 WHERE k BETWEEN 2738971 AND 2739071
	Bitmap Heap Scan on sbtest4  (cost=5.52..425.18 rows=106 width=125)
	  Recheck Cond: ((k >= 2738971) AND (k <= 2739071))
	  ->  Bitmap Index Scan on k_4  (cost=0.00..5.50 rows=106 width=0)
	        Index Cond: ((k >= 2738971) AND (k <= 2739071))

table 5 : explain SELECT k, c FROM sbtest5 WHERE k BETWEEN 2738971 AND 2739071
	Bitmap Heap Scan on sbtest5  (cost=5.46..401.53 rows=100 width=125)
	  Recheck Cond: ((k >= 2738971) AND (k <= 2739071))
	  ->  Bitmap Index Scan on k_5  (cost=0.00..5.43 rows=100 width=0)
	        Index Cond: ((k >= 2738971) AND (k <= 2739071))

table 6 : explain SELECT k, c FROM sbtest6 WHERE k BETWEEN 2738971 AND 2739071
	Bitmap Heap Scan on sbtest6  (cost=5.49..413.36 rows=103 width=125)
	  Recheck Cond: ((k >= 2738971) AND (k <= 2739071))
	  ->  Bitmap Index Scan on k_6  (cost=0.00..5.46 rows=103 width=0)
	        Index Cond: ((k >= 2738971) AND (k <= 2739071))

table 7 : explain SELECT k, c FROM sbtest7 WHERE k BETWEEN 2738971 AND 2739071
	Bitmap Heap Scan on sbtest7  (cost=5.40..377.89 rows=94 width=125)
	  Recheck Cond: ((k >= 2738971) AND (k <= 2739071))
	  ->  Bitmap Index Scan on k_7  (cost=0.00..5.38 rows=94 width=0)
	        Index Cond: ((k >= 2738971) AND (k <= 2739071))

table 8 : explain SELECT k, c FROM sbtest8 WHERE k BETWEEN 2738971 AND 2739071
	Bitmap Heap Scan on sbtest8  (cost=5.49..413.39 rows=103 width=125)
	  Recheck Cond: ((k >= 2738971) AND (k <= 2739071))
	  ->  Bitmap Index Scan on k_8  (cost=0.00..5.46 rows=103 width=0)
	        Index Cond: ((k >= 2738971) AND (k <= 2739071))

explain: for range-notcovered :: explain SELECT k, c FROM sbtest%d WHERE k BETWEEN 5749605 AND 5749705
for range-notcovered
table 1 : explain SELECT k, c FROM sbtest1 WHERE k BETWEEN 7192827 AND 7192927
	Bitmap Heap Scan on sbtest1  (cost=5.39..373.84 rows=93 width=125)
	  Recheck Cond: ((k >= 7192827) AND (k <= 7192927))
	  ->  Bitmap Index Scan on k_1  (cost=0.00..5.36 rows=93 width=0)
	        Index Cond: ((k >= 7192827) AND (k <= 7192927))

table 2 : explain SELECT k, c FROM sbtest2 WHERE k BETWEEN 7192827 AND 7192927
	Bitmap Heap Scan on sbtest2  (cost=5.61..460.59 rows=115 width=125)
	  Recheck Cond: ((k >= 7192827) AND (k <= 7192927))
	  ->  Bitmap Index Scan on k_2  (cost=0.00..5.58 rows=115 width=0)
	        Index Cond: ((k >= 7192827) AND (k <= 7192927))

table 3 : explain SELECT k, c FROM sbtest3 WHERE k BETWEEN 7192827 AND 7192927
	Bitmap Heap Scan on sbtest3  (cost=5.52..425.14 rows=106 width=125)
	  Recheck Cond: ((k >= 7192827) AND (k <= 7192927))
	  ->  Bitmap Index Scan on k_3  (cost=0.00..5.50 rows=106 width=0)
	        Index Cond: ((k >= 7192827) AND (k <= 7192927))

table 4 : explain SELECT k, c FROM sbtest4 WHERE k BETWEEN 7192827 AND 7192927
	Bitmap Heap Scan on sbtest4  (cost=5.53..429.12 rows=107 width=125)
	  Recheck Cond: ((k >= 7192827) AND (k <= 7192927))
	  ->  Bitmap Index Scan on k_4  (cost=0.00..5.50 rows=107 width=0)
	        Index Cond: ((k >= 7192827) AND (k <= 7192927))

table 5 : explain SELECT k, c FROM sbtest5 WHERE k BETWEEN 7192827 AND 7192927
	Bitmap Heap Scan on sbtest5  (cost=5.60..456.70 rows=114 width=125)
	  Recheck Cond: ((k >= 7192827) AND (k <= 7192927))
	  ->  Bitmap Index Scan on k_5  (cost=0.00..5.58 rows=114 width=0)
	        Index Cond: ((k >= 7192827) AND (k <= 7192927))

table 6 : explain SELECT k, c FROM sbtest6 WHERE k BETWEEN 7192827 AND 7192927
	Bitmap Heap Scan on sbtest6  (cost=5.46..401.53 rows=100 width=125)
	  Recheck Cond: ((k >= 7192827) AND (k <= 7192927))
	  ->  Bitmap Index Scan on k_6  (cost=0.00..5.43 rows=100 width=0)
	        Index Cond: ((k >= 7192827) AND (k <= 7192927))

table 7 : explain SELECT k, c FROM sbtest7 WHERE k BETWEEN 7192827 AND 7192927
	Bitmap Heap Scan on sbtest7  (cost=5.41..381.83 rows=95 width=125)
	  Recheck Cond: ((k >= 7192827) AND (k <= 7192927))
	  ->  Bitmap Index Scan on k_7  (cost=0.00..5.38 rows=95 width=0)
	        Index Cond: ((k >= 7192827) AND (k <= 7192927))

table 8 : explain SELECT k, c FROM sbtest8 WHERE k BETWEEN 7192827 AND 7192927
	Bitmap Heap Scan on sbtest8  (cost=5.53..429.16 rows=107 width=125)
	  Recheck Cond: ((k >= 7192827) AND (k <= 7192927))
	  ->  Bitmap Index Scan on k_8  (cost=0.00..5.50 rows=107 width=0)
	        Index Cond: ((k >= 7192827) AND (k <= 7192927))

for range-notcovered
table 1 : explain SELECT k, c FROM sbtest1 WHERE k BETWEEN 6187062 AND 6187162
	Bitmap Heap Scan on sbtest1  (cost=5.37..365.95 rows=91 width=125)
	  Recheck Cond: ((k >= 6187062) AND (k <= 6187162))
	  ->  Bitmap Index Scan on k_1  (cost=0.00..5.34 rows=91 width=0)
	        Index Cond: ((k >= 6187062) AND (k <= 6187162))

table 2 : explain SELECT k, c FROM sbtest2 WHERE k BETWEEN 6187062 AND 6187162
	Bitmap Heap Scan on sbtest2  (cost=5.53..429.08 rows=107 width=125)
	  Recheck Cond: ((k >= 6187062) AND (k <= 6187162))
	  ->  Bitmap Index Scan on k_2  (cost=0.00..5.50 rows=107 width=0)
	        Index Cond: ((k >= 6187062) AND (k <= 6187162))

table 3 : explain SELECT k, c FROM sbtest3 WHERE k BETWEEN 6187062 AND 6187162
	Bitmap Heap Scan on sbtest3  (cost=5.35..358.09 rows=89 width=125)
	  Recheck Cond: ((k >= 6187062) AND (k <= 6187162))
	  ->  Bitmap Index Scan on k_3  (cost=0.00..5.32 rows=89 width=0)
	        Index Cond: ((k >= 6187062) AND (k <= 6187162))

table 4 : explain SELECT k, c FROM sbtest4 WHERE k BETWEEN 6187062 AND 6187162
	Bitmap Heap Scan on sbtest4  (cost=5.50..417.30 rows=104 width=125)
	  Recheck Cond: ((k >= 6187062) AND (k <= 6187162))
	  ->  Bitmap Index Scan on k_4  (cost=0.00..5.47 rows=104 width=0)
	        Index Cond: ((k >= 6187062) AND (k <= 6187162))

table 5 : explain SELECT k, c FROM sbtest5 WHERE k BETWEEN 6187062 AND 6187162
	Bitmap Heap Scan on sbtest5  (cost=5.50..417.30 rows=104 width=125)
	  Recheck Cond: ((k >= 6187062) AND (k <= 6187162))
	  ->  Bitmap Index Scan on k_5  (cost=0.00..5.47 rows=104 width=0)
	        Index Cond: ((k >= 6187062) AND (k <= 6187162))

table 6 : explain SELECT k, c FROM sbtest6 WHERE k BETWEEN 6187062 AND 6187162
	Bitmap Heap Scan on sbtest6  (cost=5.48..409.41 rows=102 width=125)
	  Recheck Cond: ((k >= 6187062) AND (k <= 6187162))
	  ->  Bitmap Index Scan on k_6  (cost=0.00..5.45 rows=102 width=0)
	        Index Cond: ((k >= 6187062) AND (k <= 6187162))

table 7 : explain SELECT k, c FROM sbtest7 WHERE k BETWEEN 6187062 AND 6187162
	Bitmap Heap Scan on sbtest7  (cost=5.54..433.10 rows=108 width=125)
	  Recheck Cond: ((k >= 6187062) AND (k <= 6187162))
	  ->  Bitmap Index Scan on k_7  (cost=0.00..5.51 rows=108 width=0)
	        Index Cond: ((k >= 6187062) AND (k <= 6187162))

table 8 : explain SELECT k, c FROM sbtest8 WHERE k BETWEEN 6187062 AND 6187162
	Bitmap Heap Scan on sbtest8  (cost=5.44..393.67 rows=98 width=125)
	  Recheck Cond: ((k >= 6187062) AND (k <= 6187162))
	  ->  Bitmap Index Scan on k_8  (cost=0.00..5.42 rows=98 width=0)
	        Index Cond: ((k >= 6187062) AND (k <= 6187162))

for range-notcovered
table 1 : explain SELECT k, c FROM sbtest1 WHERE k BETWEEN 985075 AND 985175
	Bitmap Heap Scan on sbtest1  (cost=5.53..429.04 rows=107 width=125)
	  Recheck Cond: ((k >= 985075) AND (k <= 985175))
	  ->  Bitmap Index Scan on k_1  (cost=0.00..5.50 rows=107 width=0)
	        Index Cond: ((k >= 985075) AND (k <= 985175))

table 2 : explain SELECT k, c FROM sbtest2 WHERE k BETWEEN 985075 AND 985175
	Bitmap Heap Scan on sbtest2  (cost=5.42..385.71 rows=96 width=125)
	  Recheck Cond: ((k >= 985075) AND (k <= 985175))
	  ->  Bitmap Index Scan on k_2  (cost=0.00..5.39 rows=96 width=0)
	        Index Cond: ((k >= 985075) AND (k <= 985175))

table 3 : explain SELECT k, c FROM sbtest3 WHERE k BETWEEN 985075 AND 985175
	Bitmap Heap Scan on sbtest3  (cost=5.51..421.20 rows=105 width=125)
	  Recheck Cond: ((k >= 985075) AND (k <= 985175))
	  ->  Bitmap Index Scan on k_3  (cost=0.00..5.48 rows=105 width=0)
	        Index Cond: ((k >= 985075) AND (k <= 985175))

table 4 : explain SELECT k, c FROM sbtest4 WHERE k BETWEEN 985075 AND 985175
	Bitmap Heap Scan on sbtest4  (cost=5.43..389.69 rows=97 width=125)
	  Recheck Cond: ((k >= 985075) AND (k <= 985175))
	  ->  Bitmap Index Scan on k_4  (cost=0.00..5.40 rows=97 width=0)
	        Index Cond: ((k >= 985075) AND (k <= 985175))

table 5 : explain SELECT k, c FROM sbtest5 WHERE k BETWEEN 985075 AND 985175
	Bitmap Heap Scan on sbtest5  (cost=5.49..413.35 rows=103 width=125)
	  Recheck Cond: ((k >= 985075) AND (k <= 985175))
	  ->  Bitmap Index Scan on k_5  (cost=0.00..5.46 rows=103 width=0)
	        Index Cond: ((k >= 985075) AND (k <= 985175))

table 6 : explain SELECT k, c FROM sbtest6 WHERE k BETWEEN 985075 AND 985175
	Bitmap Heap Scan on sbtest6  (cost=5.39..373.91 rows=93 width=125)
	  Recheck Cond: ((k >= 985075) AND (k <= 985175))
	  ->  Bitmap Index Scan on k_6  (cost=0.00..5.36 rows=93 width=0)
	        Index Cond: ((k >= 985075) AND (k <= 985175))

table 7 : explain SELECT k, c FROM sbtest7 WHERE k BETWEEN 985075 AND 985175
	Bitmap Heap Scan on sbtest7  (cost=5.50..417.33 rows=104 width=125)
	  Recheck Cond: ((k >= 985075) AND (k <= 985175))
	  ->  Bitmap Index Scan on k_7  (cost=0.00..5.47 rows=104 width=0)
	        Index Cond: ((k >= 985075) AND (k <= 985175))

table 8 : explain SELECT k, c FROM sbtest8 WHERE k BETWEEN 985075 AND 985175
	Bitmap Heap Scan on sbtest8  (cost=5.46..401.56 rows=100 width=125)
	  Recheck Cond: ((k >= 985075) AND (k <= 985175))
	  ->  Bitmap Index Scan on k_8  (cost=0.00..5.43 rows=100 width=0)
	        Index Cond: ((k >= 985075) AND (k <= 985175))
for range-notcovered
table 1 : explain SELECT k, c FROM sbtest1 WHERE k BETWEEN 6990942 AND 6991042
	Bitmap Heap Scan on sbtest1  (cost=5.57..444.79 rows=111 width=125)
	  Recheck Cond: ((k >= 6990942) AND (k <= 6991042))
	  ->  Bitmap Index Scan on k_1  (cost=0.00..5.54 rows=111 width=0)
	        Index Cond: ((k >= 6990942) AND (k <= 6991042))

table 2 : explain SELECT k, c FROM sbtest2 WHERE k BETWEEN 6990942 AND 6991042
	Bitmap Heap Scan on sbtest2  (cost=5.42..385.71 rows=96 width=125)
	  Recheck Cond: ((k >= 6990942) AND (k <= 6991042))
	  ->  Bitmap Index Scan on k_2  (cost=0.00..5.39 rows=96 width=0)
	        Index Cond: ((k >= 6990942) AND (k <= 6991042))

table 3 : explain SELECT k, c FROM sbtest3 WHERE k BETWEEN 6990942 AND 6991042
	Bitmap Heap Scan on sbtest3  (cost=5.42..385.71 rows=96 width=125)
	  Recheck Cond: ((k >= 6990942) AND (k <= 6991042))
	  ->  Bitmap Index Scan on k_3  (cost=0.00..5.39 rows=96 width=0)
	        Index Cond: ((k >= 6990942) AND (k <= 6991042))

table 4 : explain SELECT k, c FROM sbtest4 WHERE k BETWEEN 6990942 AND 6991042
	Bitmap Heap Scan on sbtest4  (cost=5.48..409.41 rows=102 width=125)
	  Recheck Cond: ((k >= 6990942) AND (k <= 6991042))
	  ->  Bitmap Index Scan on k_4  (cost=0.00..5.45 rows=102 width=0)
	        Index Cond: ((k >= 6990942) AND (k <= 6991042))

table 5 : explain SELECT k, c FROM sbtest5 WHERE k BETWEEN 6990942 AND 6991042
	Bitmap Heap Scan on sbtest5  (cost=5.48..409.41 rows=102 width=125)
	  Recheck Cond: ((k >= 6990942) AND (k <= 6991042))
	  ->  Bitmap Index Scan on k_5  (cost=0.00..5.45 rows=102 width=0)
	        Index Cond: ((k >= 6990942) AND (k <= 6991042))

table 6 : explain SELECT k, c FROM sbtest6 WHERE k BETWEEN 6990942 AND 6991042
	Bitmap Heap Scan on sbtest6  (cost=5.43..389.69 rows=97 width=125)
	  Recheck Cond: ((k >= 6990942) AND (k <= 6991042))
	  ->  Bitmap Index Scan on k_6  (cost=0.00..5.40 rows=97 width=0)
	        Index Cond: ((k >= 6990942) AND (k <= 6991042))

table 7 : explain SELECT k, c FROM sbtest7 WHERE k BETWEEN 6990942 AND 6991042
	Bitmap Heap Scan on sbtest7  (cost=5.46..401.56 rows=100 width=125)
	  Recheck Cond: ((k >= 6990942) AND (k <= 6991042))
	  ->  Bitmap Index Scan on k_7  (cost=0.00..5.43 rows=100 width=0)
	        Index Cond: ((k >= 6990942) AND (k <= 6991042))

table 8 : explain SELECT k, c FROM sbtest8 WHERE k BETWEEN 6990942 AND 6991042
	Bitmap Heap Scan on sbtest8  (cost=5.52..425.22 rows=106 width=125)
	  Recheck Cond: ((k >= 6990942) AND (k <= 6991042))
	  ->  Bitmap Index Scan on k_8  (cost=0.00..5.50 rows=106 width=0)
	        Index Cond: ((k >= 6990942) AND (k <= 6991042))


explain: for range-notcovered :: explain SELECT k, c FROM sbtest%d WHERE k BETWEEN 7192827 AND 7192927
explain: for range-notcovered :: explain SELECT k, c FROM sbtest%d WHERE k BETWEEN 6187062 AND 6187162
for range-notcovered
table 1 : explain SELECT k, c FROM sbtest1 WHERE k BETWEEN 4148583 AND 4148683
	Bitmap Heap Scan on sbtest1  (cost=5.57..444.79 rows=111 width=125)
	  Recheck Cond: ((k >= 4148583) AND (k <= 4148683))
	  ->  Bitmap Index Scan on k_1  (cost=0.00..5.54 rows=111 width=0)
	        Index Cond: ((k >= 4148583) AND (k <= 4148683))

table 2 : explain SELECT k, c FROM sbtest2 WHERE k BETWEEN 4148583 AND 4148683
	Bitmap Heap Scan on sbtest2  (cost=5.42..385.71 rows=96 width=125)
	  Recheck Cond: ((k >= 4148583) AND (k <= 4148683))
	  ->  Bitmap Index Scan on k_2  (cost=0.00..5.39 rows=96 width=0)
	        Index Cond: ((k >= 4148583) AND (k <= 4148683))

table 3 : explain SELECT k, c FROM sbtest3 WHERE k BETWEEN 4148583 AND 4148683
	Bitmap Heap Scan on sbtest3  (cost=5.50..417.26 rows=104 width=125)
	  Recheck Cond: ((k >= 4148583) AND (k <= 4148683))
	  ->  Bitmap Index Scan on k_3  (cost=0.00..5.47 rows=104 width=0)
	        Index Cond: ((k >= 4148583) AND (k <= 4148683))

table 4 : explain SELECT k, c FROM sbtest4 WHERE k BETWEEN 4148583 AND 4148683
	Bitmap Heap Scan on sbtest4  (cost=5.39..373.91 rows=93 width=125)
	  Recheck Cond: ((k >= 4148583) AND (k <= 4148683))
	  ->  Bitmap Index Scan on k_4  (cost=0.00..5.36 rows=93 width=0)
	        Index Cond: ((k >= 4148583) AND (k <= 4148683))

table 5 : explain SELECT k, c FROM sbtest5 WHERE k BETWEEN 4148583 AND 4148683
	Bitmap Heap Scan on sbtest5  (cost=5.41..381.80 rows=95 width=125)
	  Recheck Cond: ((k >= 4148583) AND (k <= 4148683))
	  ->  Bitmap Index Scan on k_5  (cost=0.00..5.38 rows=95 width=0)
	        Index Cond: ((k >= 4148583) AND (k <= 4148683))

table 6 : explain SELECT k, c FROM sbtest6 WHERE k BETWEEN 4148583 AND 4148683
	Bitmap Heap Scan on sbtest6  (cost=5.50..417.30 rows=104 width=125)
	  Recheck Cond: ((k >= 4148583) AND (k <= 4148683))
	  ->  Bitmap Index Scan on k_6  (cost=0.00..5.47 rows=104 width=0)
	        Index Cond: ((k >= 4148583) AND (k <= 4148683))

table 7 : explain SELECT k, c FROM sbtest7 WHERE k BETWEEN 4148583 AND 4148683
	Bitmap Heap Scan on sbtest7  (cost=5.45..397.62 rows=99 width=125)
	  Recheck Cond: ((k >= 4148583) AND (k <= 4148683))
	  ->  Bitmap Index Scan on k_7  (cost=0.00..5.42 rows=99 width=0)
	        Index Cond: ((k >= 4148583) AND (k <= 4148683))

table 8 : explain SELECT k, c FROM sbtest8 WHERE k BETWEEN 4148583 AND 4148683
	Bitmap Heap Scan on sbtest8  (cost=5.53..429.16 rows=107 width=125)
	  Recheck Cond: ((k >= 4148583) AND (k <= 4148683))
	  ->  Bitmap Index Scan on k_8  (cost=0.00..5.50 rows=107 width=0)
	        Index Cond: ((k >= 4148583) AND (k <= 4148683))

for range-notcovered
table 1 : explain SELECT k, c FROM sbtest1 WHERE k BETWEEN 6478183 AND 6478283
	Bitmap Heap Scan on sbtest1  (cost=5.52..425.10 rows=106 width=125)
	  Recheck Cond: ((k >= 6478183) AND (k <= 6478283))
	  ->  Bitmap Index Scan on k_1  (cost=0.00..5.50 rows=106 width=0)
	        Index Cond: ((k >= 6478183) AND (k <= 6478283))

table 2 : explain SELECT k, c FROM sbtest2 WHERE k BETWEEN 6478183 AND 6478283
	Bitmap Heap Scan on sbtest2  (cost=5.48..409.37 rows=102 width=125)
	  Recheck Cond: ((k >= 6478183) AND (k <= 6478283))
	  ->  Bitmap Index Scan on k_2  (cost=0.00..5.45 rows=102 width=0)
	        Index Cond: ((k >= 6478183) AND (k <= 6478283))

table 3 : explain SELECT k, c FROM sbtest3 WHERE k BETWEEN 6478183 AND 6478283
	Bitmap Heap Scan on sbtest3  (cost=5.60..456.65 rows=114 width=125)
	  Recheck Cond: ((k >= 6478183) AND (k <= 6478283))
	  ->  Bitmap Index Scan on k_3  (cost=0.00..5.58 rows=114 width=0)
	        Index Cond: ((k >= 6478183) AND (k <= 6478283))

table 4 : explain SELECT k, c FROM sbtest4 WHERE k BETWEEN 6478183 AND 6478283
	Bitmap Heap Scan on sbtest4  (cost=5.46..401.52 rows=100 width=125)
	  Recheck Cond: ((k >= 6478183) AND (k <= 6478283))
	  ->  Bitmap Index Scan on k_4  (cost=0.00..5.43 rows=100 width=0)
	        Index Cond: ((k >= 6478183) AND (k <= 6478283))

table 5 : explain SELECT k, c FROM sbtest5 WHERE k BETWEEN 6478183 AND 6478283
	Bitmap Heap Scan on sbtest5  (cost=5.47..405.47 rows=101 width=125)
	  Recheck Cond: ((k >= 6478183) AND (k <= 6478283))
	  ->  Bitmap Index Scan on k_5  (cost=0.00..5.44 rows=101 width=0)
	        Index Cond: ((k >= 6478183) AND (k <= 6478283))

table 6 : explain SELECT k, c FROM sbtest6 WHERE k BETWEEN 6478183 AND 6478283
	Bitmap Heap Scan on sbtest6  (cost=5.35..358.12 rows=89 width=125)
	  Recheck Cond: ((k >= 6478183) AND (k <= 6478283))
	  ->  Bitmap Index Scan on k_6  (cost=0.00..5.32 rows=89 width=0)
	        Index Cond: ((k >= 6478183) AND (k <= 6478283))

table 7 : explain SELECT k, c FROM sbtest7 WHERE k BETWEEN 6478183 AND 6478283
	Bitmap Heap Scan on sbtest7  (cost=5.52..425.22 rows=106 width=125)
	  Recheck Cond: ((k >= 6478183) AND (k <= 6478283))
	  ->  Bitmap Index Scan on k_7  (cost=0.00..5.50 rows=106 width=0)
	        Index Cond: ((k >= 6478183) AND (k <= 6478283))

table 8 : explain SELECT k, c FROM sbtest8 WHERE k BETWEEN 6478183 AND 6478283
	Bitmap Heap Scan on sbtest8  (cost=5.39..373.94 rows=93 width=125)
	  Recheck Cond: ((k >= 6478183) AND (k <= 6478283))
	  ->  Bitmap Index Scan on k_8  (cost=0.00..5.36 rows=93 width=0)
	        Index Cond: ((k >= 6478183) AND (k <= 6478283))

explain: for range-notcovered :: explain SELECT k, c FROM sbtest%d WHERE k BETWEEN 985075 AND 985175
for range-notcovered
table 1 : explain SELECT k, c FROM sbtest1 WHERE k BETWEEN 3479393 AND 3479493
	Bitmap Heap Scan on sbtest1  (cost=5.50..417.22 rows=104 width=125)
	  Recheck Cond: ((k >= 3479393) AND (k <= 3479493))
	  ->  Bitmap Index Scan on k_1  (cost=0.00..5.47 rows=104 width=0)
	        Index Cond: ((k >= 3479393) AND (k <= 3479493))

table 2 : explain SELECT k, c FROM sbtest2 WHERE k BETWEEN 3479393 AND 3479493
	Bitmap Heap Scan on sbtest2  (cost=5.57..444.84 rows=111 width=125)
	  Recheck Cond: ((k >= 3479393) AND (k <= 3479493))
	  ->  Bitmap Index Scan on k_2  (cost=0.00..5.54 rows=111 width=0)
	        Index Cond: ((k >= 3479393) AND (k <= 3479493))

table 3 : explain SELECT k, c FROM sbtest3 WHERE k BETWEEN 3479393 AND 3479493
	Bitmap Heap Scan on sbtest3  (cost=5.51..421.20 rows=105 width=125)
	  Recheck Cond: ((k >= 3479393) AND (k <= 3479493))
	  ->  Bitmap Index Scan on k_3  (cost=0.00..5.48 rows=105 width=0)
	        Index Cond: ((k >= 3479393) AND (k <= 3479493))

table 4 : explain SELECT k, c FROM sbtest4 WHERE k BETWEEN 3479393 AND 3479493
	Bitmap Heap Scan on sbtest4  (cost=5.48..409.41 rows=102 width=125)
	  Recheck Cond: ((k >= 3479393) AND (k <= 3479493))
	  ->  Bitmap Index Scan on k_4  (cost=0.00..5.45 rows=102 width=0)
	        Index Cond: ((k >= 3479393) AND (k <= 3479493))

table 5 : explain SELECT k, c FROM sbtest5 WHERE k BETWEEN 3479393 AND 3479493
	Bitmap Heap Scan on sbtest5  (cost=5.46..401.53 rows=100 width=125)
	  Recheck Cond: ((k >= 3479393) AND (k <= 3479493))
	  ->  Bitmap Index Scan on k_5  (cost=0.00..5.43 rows=100 width=0)
	        Index Cond: ((k >= 3479393) AND (k <= 3479493))

table 6 : explain SELECT k, c FROM sbtest6 WHERE k BETWEEN 3479393 AND 3479493
	Bitmap Heap Scan on sbtest6  (cost=5.50..417.30 rows=104 width=125)
	  Recheck Cond: ((k >= 3479393) AND (k <= 3479493))
	  ->  Bitmap Index Scan on k_6  (cost=0.00..5.47 rows=104 width=0)
	        Index Cond: ((k >= 3479393) AND (k <= 3479493))

table 7 : explain SELECT k, c FROM sbtest7 WHERE k BETWEEN 3479393 AND 3479493
	Bitmap Heap Scan on sbtest7  (cost=5.50..417.33 rows=104 width=125)
	  Recheck Cond: ((k >= 3479393) AND (k <= 3479493))
	  ->  Bitmap Index Scan on k_7  (cost=0.00..5.47 rows=104 width=0)
	        Index Cond: ((k >= 3479393) AND (k <= 3479493))

table 8 : explain SELECT k, c FROM sbtest8 WHERE k BETWEEN 3479393 AND 3479493
	Bitmap Heap Scan on sbtest8  (cost=5.54..433.10 rows=108 width=125)
	  Recheck Cond: ((k >= 3479393) AND (k <= 3479493))
	  ->  Bitmap Index Scan on k_8  (cost=0.00..5.51 rows=108 width=0)
	        Index Cond: ((k >= 3479393) AND (k <= 3479493))

explain: for range-notcovered :: explain SELECT k, c FROM sbtest%d WHERE k BETWEEN 6990942 AND 6991042
for range-notcovered
table 1 : explain SELECT k, c FROM sbtest1 WHERE k BETWEEN 2480614 AND 2480714
	Bitmap Heap Scan on sbtest1  (cost=5.42..385.68 rows=96 width=125)
	  Recheck Cond: ((k >= 2480614) AND (k <= 2480714))
	  ->  Bitmap Index Scan on k_1  (cost=0.00..5.39 rows=96 width=0)
	        Index Cond: ((k >= 2480614) AND (k <= 2480714))

table 2 : explain SELECT k, c FROM sbtest2 WHERE k BETWEEN 2480614 AND 2480714
	Bitmap Heap Scan on sbtest2  (cost=5.51..421.20 rows=105 width=125)
	  Recheck Cond: ((k >= 2480614) AND (k <= 2480714))
	  ->  Bitmap Index Scan on k_2  (cost=0.00..5.48 rows=105 width=0)
	        Index Cond: ((k >= 2480614) AND (k <= 2480714))

table 3 : explain SELECT k, c FROM sbtest3 WHERE k BETWEEN 2480614 AND 2480714
	Bitmap Heap Scan on sbtest3  (cost=5.51..421.20 rows=105 width=125)
	  Recheck Cond: ((k >= 2480614) AND (k <= 2480714))
	  ->  Bitmap Index Scan on k_3  (cost=0.00..5.48 rows=105 width=0)
	        Index Cond: ((k >= 2480614) AND (k <= 2480714))

table 4 : explain SELECT k, c FROM sbtest4 WHERE k BETWEEN 2480614 AND 2480714
	Bitmap Heap Scan on sbtest4  (cost=5.38..369.96 rows=92 width=125)
	  Recheck Cond: ((k >= 2480614) AND (k <= 2480714))
	  ->  Bitmap Index Scan on k_4  (cost=0.00..5.35 rows=92 width=0)
	        Index Cond: ((k >= 2480614) AND (k <= 2480714))

table 5 : explain SELECT k, c FROM sbtest5 WHERE k BETWEEN 2480614 AND 2480714
	Bitmap Heap Scan on sbtest5  (cost=5.51..421.24 rows=105 width=125)
	  Recheck Cond: ((k >= 2480614) AND (k <= 2480714))
	  ->  Bitmap Index Scan on k_5  (cost=0.00..5.48 rows=105 width=0)
	        Index Cond: ((k >= 2480614) AND (k <= 2480714))

table 6 : explain SELECT k, c FROM sbtest6 WHERE k BETWEEN 2480614 AND 2480714
	Bitmap Heap Scan on sbtest6  (cost=5.47..405.47 rows=101 width=125)
	  Recheck Cond: ((k >= 2480614) AND (k <= 2480714))
	  ->  Bitmap Index Scan on k_6  (cost=0.00..5.44 rows=101 width=0)
	        Index Cond: ((k >= 2480614) AND (k <= 2480714))

table 7 : explain SELECT k, c FROM sbtest7 WHERE k BETWEEN 2480614 AND 2480714
	Bitmap Heap Scan on sbtest7  (cost=5.37..366.04 rows=91 width=125)
	  Recheck Cond: ((k >= 2480614) AND (k <= 2480714))
	  ->  Bitmap Index Scan on k_7  (cost=0.00..5.34 rows=91 width=0)
	        Index Cond: ((k >= 2480614) AND (k <= 2480714))

table 8 : explain SELECT k, c FROM sbtest8 WHERE k BETWEEN 2480614 AND 2480714
	Bitmap Heap Scan on sbtest8  (cost=5.42..385.78 rows=96 width=125)
	  Recheck Cond: ((k >= 2480614) AND (k <= 2480714))
	  ->  Bitmap Index Scan on k_8  (cost=0.00..5.39 rows=96 width=0)
	        Index Cond: ((k >= 2480614) AND (k <= 2480714))
explain: for range-notcovered :: explain SELECT k, c FROM sbtest%d WHERE k BETWEEN 6478183 AND 6478283explain: for range-notcovered :: explain SELECT k, c FROM sbtest%d WHERE k BETWEEN 4148583 AND 4148683


explain: for range-notcovered :: explain SELECT k, c FROM sbtest%d WHERE k BETWEEN 2480614 AND 2480714
for range-notcovered
table 1 : explain SELECT k, c FROM sbtest1 WHERE k BETWEEN 3139460 AND 3139560
	Bitmap Heap Scan on sbtest1  (cost=5.54..432.98 rows=108 width=125)
	  Recheck Cond: ((k >= 3139460) AND (k <= 3139560))
	  ->  Bitmap Index Scan on k_1  (cost=0.00..5.51 rows=108 width=0)
	        Index Cond: ((k >= 3139460) AND (k <= 3139560))

table 2 : explain SELECT k, c FROM sbtest2 WHERE k BETWEEN 3139460 AND 3139560
	Bitmap Heap Scan on sbtest2  (cost=5.41..381.77 rows=95 width=125)
	  Recheck Cond: ((k >= 3139460) AND (k <= 3139560))
	  ->  Bitmap Index Scan on k_2  (cost=0.00..5.38 rows=95 width=0)
	        Index Cond: ((k >= 3139460) AND (k <= 3139560))

table 3 : explain SELECT k, c FROM sbtest3 WHERE k BETWEEN 3139460 AND 3139560
	Bitmap Heap Scan on sbtest3  (cost=5.40..377.82 rows=94 width=125)
	  Recheck Cond: ((k >= 3139460) AND (k <= 3139560))
	  ->  Bitmap Index Scan on k_3  (cost=0.00..5.38 rows=94 width=0)
	        Index Cond: ((k >= 3139460) AND (k <= 3139560))

table 4 : explain SELECT k, c FROM sbtest4 WHERE k BETWEEN 3139460 AND 3139560
	Bitmap Heap Scan on sbtest4  (cost=5.52..425.18 rows=106 width=125)
	  Recheck Cond: ((k >= 3139460) AND (k <= 3139560))
	  ->  Bitmap Index Scan on k_4  (cost=0.00..5.50 rows=106 width=0)
	        Index Cond: ((k >= 3139460) AND (k <= 3139560))

table 5 : explain SELECT k, c FROM sbtest5 WHERE k BETWEEN 3139460 AND 3139560
	Bitmap Heap Scan on sbtest5  (cost=5.53..429.12 rows=107 width=125)
	  Recheck Cond: ((k >= 3139460) AND (k <= 3139560))
	  ->  Bitmap Index Scan on k_5  (cost=0.00..5.50 rows=107 width=0)
	        Index Cond: ((k >= 3139460) AND (k <= 3139560))

table 6 : explain SELECT k, c FROM sbtest6 WHERE k BETWEEN 3139460 AND 3139560
	Bitmap Heap Scan on sbtest6  (cost=5.58..448.82 rows=112 width=125)
	  Recheck Cond: ((k >= 3139460) AND (k <= 3139560))
	  ->  Bitmap Index Scan on k_6  (cost=0.00..5.55 rows=112 width=0)
	        Index Cond: ((k >= 3139460) AND (k <= 3139560))

table 7 : explain SELECT k, c FROM sbtest7 WHERE k BETWEEN 3139460 AND 3139560
	Bitmap Heap Scan on sbtest7  (cost=5.49..413.39 rows=103 width=125)
	  Recheck Cond: ((k >= 3139460) AND (k <= 3139560))
	  ->  Bitmap Index Scan on k_7  (cost=0.00..5.46 rows=103 width=0)
	        Index Cond: ((k >= 3139460) AND (k <= 3139560))

table 8 : explain SELECT k, c FROM sbtest8 WHERE k BETWEEN 3139460 AND 3139560
	Bitmap Heap Scan on sbtest8  (cost=5.47..405.50 rows=101 width=125)
	  Recheck Cond: ((k >= 3139460) AND (k <= 3139560))
	  ->  Bitmap Index Scan on k_8  (cost=0.00..5.44 rows=101 width=0)
	        Index Cond: ((k >= 3139460) AND (k <= 3139560))

explain: for range-notcovered :: explain SELECT k, c FROM sbtest%d WHERE k BETWEEN 3139460 AND 3139560
explain: for range-notcovered :: explain SELECT k, c FROM sbtest%d WHERE k BETWEEN 3218407 AND 3218507
for range-notcovered
table 1 : explain SELECT k, c FROM sbtest1 WHERE k BETWEEN 985075 AND 985175
	Bitmap Heap Scan on sbtest1  (cost=5.53..429.04 rows=107 width=125)
	  Recheck Cond: ((k >= 985075) AND (k <= 985175))
	  ->  Bitmap Index Scan on k_1  (cost=0.00..5.50 rows=107 width=0)
	        Index Cond: ((k >= 985075) AND (k <= 985175))

table 2 : explain SELECT k, c FROM sbtest2 WHERE k BETWEEN 985075 AND 985175
	Bitmap Heap Scan on sbtest2  (cost=5.42..385.71 rows=96 width=125)
	  Recheck Cond: ((k >= 985075) AND (k <= 985175))
	  ->  Bitmap Index Scan on k_2  (cost=0.00..5.39 rows=96 width=0)
	        Index Cond: ((k >= 985075) AND (k <= 985175))

table 3 : explain SELECT k, c FROM sbtest3 WHERE k BETWEEN 985075 AND 985175
	Bitmap Heap Scan on sbtest3  (cost=5.51..421.20 rows=105 width=125)
	  Recheck Cond: ((k >= 985075) AND (k <= 985175))
	  ->  Bitmap Index Scan on k_3  (cost=0.00..5.48 rows=105 width=0)
	        Index Cond: ((k >= 985075) AND (k <= 985175))

table 4 : explain SELECT k, c FROM sbtest4 WHERE k BETWEEN 985075 AND 985175
	Bitmap Heap Scan on sbtest4  (cost=5.43..389.69 rows=97 width=125)
	  Recheck Cond: ((k >= 985075) AND (k <= 985175))
	  ->  Bitmap Index Scan on k_4  (cost=0.00..5.40 rows=97 width=0)
	        Index Cond: ((k >= 985075) AND (k <= 985175))

table 5 : explain SELECT k, c FROM sbtest5 WHERE k BETWEEN 985075 AND 985175
	Bitmap Heap Scan on sbtest5  (cost=5.49..413.35 rows=103 width=125)
	  Recheck Cond: ((k >= 985075) AND (k <= 985175))
	  ->  Bitmap Index Scan on k_5  (cost=0.00..5.46 rows=103 width=0)
	        Index Cond: ((k >= 985075) AND (k <= 985175))

table 6 : explain SELECT k, c FROM sbtest6 WHERE k BETWEEN 985075 AND 985175
	Bitmap Heap Scan on sbtest6  (cost=5.39..373.91 rows=93 width=125)
	  Recheck Cond: ((k >= 985075) AND (k <= 985175))
	  ->  Bitmap Index Scan on k_6  (cost=0.00..5.36 rows=93 width=0)
	        Index Cond: ((k >= 985075) AND (k <= 985175))

table 7 : explain SELECT k, c FROM sbtest7 WHERE k BETWEEN 985075 AND 985175
	Bitmap Heap Scan on sbtest7  (cost=5.50..417.33 rows=104 width=125)
	  Recheck Cond: ((k >= 985075) AND (k <= 985175))
	  ->  Bitmap Index Scan on k_7  (cost=0.00..5.47 rows=104 width=0)
	        Index Cond: ((k >= 985075) AND (k <= 985175))

table 8 : explain SELECT k, c FROM sbtest8 WHERE k BETWEEN 985075 AND 985175
	Bitmap Heap Scan on sbtest8  (cost=5.46..401.56 rows=100 width=125)
	  Recheck Cond: ((k >= 985075) AND (k <= 985175))
	  ->  Bitmap Index Scan on k_8  (cost=0.00..5.43 rows=100 width=0)
	        Index Cond: ((k >= 985075) AND (k <= 985175))

for range-notcovered
table 1 : explain SELECT k, c FROM sbtest1 WHERE k BETWEEN 6187062 AND 6187162
	Bitmap Heap Scan on sbtest1  (cost=5.37..365.95 rows=91 width=125)
	  Recheck Cond: ((k >= 6187062) AND (k <= 6187162))
	  ->  Bitmap Index Scan on k_1  (cost=0.00..5.34 rows=91 width=0)
	        Index Cond: ((k >= 6187062) AND (k <= 6187162))

table 2 : explain SELECT k, c FROM sbtest2 WHERE k BETWEEN 6187062 AND 6187162
	Bitmap Heap Scan on sbtest2  (cost=5.53..429.08 rows=107 width=125)
	  Recheck Cond: ((k >= 6187062) AND (k <= 6187162))
	  ->  Bitmap Index Scan on k_2  (cost=0.00..5.50 rows=107 width=0)
	        Index Cond: ((k >= 6187062) AND (k <= 6187162))

table 3 : explain SELECT k, c FROM sbtest3 WHERE k BETWEEN 6187062 AND 6187162
	Bitmap Heap Scan on sbtest3  (cost=5.35..358.09 rows=89 width=125)
	  Recheck Cond: ((k >= 6187062) AND (k <= 6187162))
	  ->  Bitmap Index Scan on k_3  (cost=0.00..5.32 rows=89 width=0)
	        Index Cond: ((k >= 6187062) AND (k <= 6187162))

table 4 : explain SELECT k, c FROM sbtest4 WHERE k BETWEEN 6187062 AND 6187162
	Bitmap Heap Scan on sbtest4  (cost=5.50..417.30 rows=104 width=125)
	  Recheck Cond: ((k >= 6187062) AND (k <= 6187162))
	  ->  Bitmap Index Scan on k_4  (cost=0.00..5.47 rows=104 width=0)
	        Index Cond: ((k >= 6187062) AND (k <= 6187162))

table 5 : explain SELECT k, c FROM sbtest5 WHERE k BETWEEN 6187062 AND 6187162
	Bitmap Heap Scan on sbtest5  (cost=5.50..417.30 rows=104 width=125)
	  Recheck Cond: ((k >= 6187062) AND (k <= 6187162))
	  ->  Bitmap Index Scan on k_5  (cost=0.00..5.47 rows=104 width=0)
	        Index Cond: ((k >= 6187062) AND (k <= 6187162))

table 6 : explain SELECT k, c FROM sbtest6 WHERE k BETWEEN 6187062 AND 6187162
	Bitmap Heap Scan on sbtest6  (cost=5.48..409.41 rows=102 width=125)
	  Recheck Cond: ((k >= 6187062) AND (k <= 6187162))
	  ->  Bitmap Index Scan on k_6  (cost=0.00..5.45 rows=102 width=0)
	        Index Cond: ((k >= 6187062) AND (k <= 6187162))

table 7 : explain SELECT k, c FROM sbtest7 WHERE k BETWEEN 6187062 AND 6187162
	Bitmap Heap Scan on sbtest7  (cost=5.54..433.10 rows=108 width=125)
	  Recheck Cond: ((k >= 6187062) AND (k <= 6187162))
	  ->  Bitmap Index Scan on k_7  (cost=0.00..5.51 rows=108 width=0)
	        Index Cond: ((k >= 6187062) AND (k <= 6187162))

table 8 : explain SELECT k, c FROM sbtest8 WHERE k BETWEEN 6187062 AND 6187162
	Bitmap Heap Scan on sbtest8  (cost=5.44..393.67 rows=98 width=125)
	  Recheck Cond: ((k >= 6187062) AND (k <= 6187162))
	  ->  Bitmap Index Scan on k_8  (cost=0.00..5.42 rows=98 width=0)
	        Index Cond: ((k >= 6187062) AND (k <= 6187162))

explain: for range-notcovered :: explain SELECT k, c FROM sbtest%d WHERE k BETWEEN 985075 AND 985175
explain: for range-notcovered :: explain SELECT k, c FROM sbtest%d WHERE k BETWEEN 6187062 AND 6187162
for range-notcovered
table 1 : explain SELECT k, c FROM sbtest1 WHERE k BETWEEN 6478183 AND 6478283
	Bitmap Heap Scan on sbtest1  (cost=5.52..425.10 rows=106 width=125)
	  Recheck Cond: ((k >= 6478183) AND (k <= 6478283))
	  ->  Bitmap Index Scan on k_1  (cost=0.00..5.50 rows=106 width=0)
	        Index Cond: ((k >= 6478183) AND (k <= 6478283))

table 2 : explain SELECT k, c FROM sbtest2 WHERE k BETWEEN 6478183 AND 6478283
	Bitmap Heap Scan on sbtest2  (cost=5.48..409.37 rows=102 width=125)
	  Recheck Cond: ((k >= 6478183) AND (k <= 6478283))
	  ->  Bitmap Index Scan on k_2  (cost=0.00..5.45 rows=102 width=0)
	        Index Cond: ((k >= 6478183) AND (k <= 6478283))

table 3 : explain SELECT k, c FROM sbtest3 WHERE k BETWEEN 6478183 AND 6478283
	Bitmap Heap Scan on sbtest3  (cost=5.60..456.65 rows=114 width=125)
	  Recheck Cond: ((k >= 6478183) AND (k <= 6478283))
	  ->  Bitmap Index Scan on k_3  (cost=0.00..5.58 rows=114 width=0)
	        Index Cond: ((k >= 6478183) AND (k <= 6478283))

table 4 : explain SELECT k, c FROM sbtest4 WHERE k BETWEEN 6478183 AND 6478283
	Bitmap Heap Scan on sbtest4  (cost=5.46..401.52 rows=100 width=125)
	  Recheck Cond: ((k >= 6478183) AND (k <= 6478283))
	  ->  Bitmap Index Scan on k_4  (cost=0.00..5.43 rows=100 width=0)
	        Index Cond: ((k >= 6478183) AND (k <= 6478283))

table 5 : explain SELECT k, c FROM sbtest5 WHERE k BETWEEN 6478183 AND 6478283
	Bitmap Heap Scan on sbtest5  (cost=5.47..405.47 rows=101 width=125)
	  Recheck Cond: ((k >= 6478183) AND (k <= 6478283))
	  ->  Bitmap Index Scan on k_5  (cost=0.00..5.44 rows=101 width=0)
	        Index Cond: ((k >= 6478183) AND (k <= 6478283))

table 6 : explain SELECT k, c FROM sbtest6 WHERE k BETWEEN 6478183 AND 6478283
	Bitmap Heap Scan on sbtest6  (cost=5.35..358.12 rows=89 width=125)
	  Recheck Cond: ((k >= 6478183) AND (k <= 6478283))
	  ->  Bitmap Index Scan on k_6  (cost=0.00..5.32 rows=89 width=0)
	        Index Cond: ((k >= 6478183) AND (k <= 6478283))

table 7 : explain SELECT k, c FROM sbtest7 WHERE k BETWEEN 6478183 AND 6478283
	Bitmap Heap Scan on sbtest7  (cost=5.52..425.22 rows=106 width=125)
	  Recheck Cond: ((k >= 6478183) AND (k <= 6478283))
	  ->  Bitmap Index Scan on k_7  (cost=0.00..5.50 rows=106 width=0)
	        Index Cond: ((k >= 6478183) AND (k <= 6478283))

table 8 : explain SELECT k, c FROM sbtest8 WHERE k BETWEEN 6478183 AND 6478283
	Bitmap Heap Scan on sbtest8  (cost=5.39..373.94 rows=93 width=125)
	  Recheck Cond: ((k >= 6478183) AND (k <= 6478283))
	  ->  Bitmap Index Scan on k_8  (cost=0.00..5.36 rows=93 width=0)
	        Index Cond: ((k >= 6478183) AND (k <= 6478283))

for range-notcovered
table 1 : explain SELECT k, c FROM sbtest1 WHERE k BETWEEN 4148583 AND 4148683
	Bitmap Heap Scan on sbtest1  (cost=5.57..444.79 rows=111 width=125)
	  Recheck Cond: ((k >= 4148583) AND (k <= 4148683))
	  ->  Bitmap Index Scan on k_1  (cost=0.00..5.54 rows=111 width=0)
	        Index Cond: ((k >= 4148583) AND (k <= 4148683))

table 2 : explain SELECT k, c FROM sbtest2 WHERE k BETWEEN 4148583 AND 4148683
	Bitmap Heap Scan on sbtest2  (cost=5.42..385.71 rows=96 width=125)
	  Recheck Cond: ((k >= 4148583) AND (k <= 4148683))
	  ->  Bitmap Index Scan on k_2  (cost=0.00..5.39 rows=96 width=0)
	        Index Cond: ((k >= 4148583) AND (k <= 4148683))

table 3 : explain SELECT k, c FROM sbtest3 WHERE k BETWEEN 4148583 AND 4148683
	Bitmap Heap Scan on sbtest3  (cost=5.50..417.26 rows=104 width=125)
	  Recheck Cond: ((k >= 4148583) AND (k <= 4148683))
	  ->  Bitmap Index Scan on k_3  (cost=0.00..5.47 rows=104 width=0)
	        Index Cond: ((k >= 4148583) AND (k <= 4148683))

table 4 : explain SELECT k, c FROM sbtest4 WHERE k BETWEEN 4148583 AND 4148683
	Bitmap Heap Scan on sbtest4  (cost=5.39..373.91 rows=93 width=125)
	  Recheck Cond: ((k >= 4148583) AND (k <= 4148683))
	  ->  Bitmap Index Scan on k_4  (cost=0.00..5.36 rows=93 width=0)
	        Index Cond: ((k >= 4148583) AND (k <= 4148683))

table 5 : explain SELECT k, c FROM sbtest5 WHERE k BETWEEN 4148583 AND 4148683
	Bitmap Heap Scan on sbtest5  (cost=5.41..381.80 rows=95 width=125)
	  Recheck Cond: ((k >= 4148583) AND (k <= 4148683))
	  ->  Bitmap Index Scan on k_5  (cost=0.00..5.38 rows=95 width=0)
	        Index Cond: ((k >= 4148583) AND (k <= 4148683))

table 6 : explain SELECT k, c FROM sbtest6 WHERE k BETWEEN 4148583 AND 4148683
	Bitmap Heap Scan on sbtest6  (cost=5.50..417.30 rows=104 width=125)
	  Recheck Cond: ((k >= 4148583) AND (k <= 4148683))
	  ->  Bitmap Index Scan on k_6  (cost=0.00..5.47 rows=104 width=0)
	        Index Cond: ((k >= 4148583) AND (k <= 4148683))

table 7 : explain SELECT k, c FROM sbtest7 WHERE k BETWEEN 4148583 AND 4148683
	Bitmap Heap Scan on sbtest7  (cost=5.45..397.62 rows=99 width=125)
	  Recheck Cond: ((k >= 4148583) AND (k <= 4148683))
	  ->  Bitmap Index Scan on k_7  (cost=0.00..5.42 rows=99 width=0)
	        Index Cond: ((k >= 4148583) AND (k <= 4148683))

table 8 : explain SELECT k, c FROM sbtest8 WHERE k BETWEEN 4148583 AND 4148683
	Bitmap Heap Scan on sbtest8  (cost=5.53..429.16 rows=107 width=125)
	  Recheck Cond: ((k >= 4148583) AND (k <= 4148683))
	  ->  Bitmap Index Scan on k_8  (cost=0.00..5.50 rows=107 width=0)
	        Index Cond: ((k >= 4148583) AND (k <= 4148683))
for range-notcovered
table 1 : explain SELECT k, c FROM sbtest1 WHERE k BETWEEN 7192827 AND 7192927
	Bitmap Heap Scan on sbtest1  (cost=5.39..373.84 rows=93 width=125)
	  Recheck Cond: ((k >= 7192827) AND (k <= 7192927))
	  ->  Bitmap Index Scan on k_1  (cost=0.00..5.36 rows=93 width=0)
	        Index Cond: ((k >= 7192827) AND (k <= 7192927))

table 2 : explain SELECT k, c FROM sbtest2 WHERE k BETWEEN 7192827 AND 7192927
	Bitmap Heap Scan on sbtest2  (cost=5.61..460.59 rows=115 width=125)
	  Recheck Cond: ((k >= 7192827) AND (k <= 7192927))
	  ->  Bitmap Index Scan on k_2  (cost=0.00..5.58 rows=115 width=0)
	        Index Cond: ((k >= 7192827) AND (k <= 7192927))

table 3 : explain SELECT k, c FROM sbtest3 WHERE k BETWEEN 7192827 AND 7192927
	Bitmap Heap Scan on sbtest3  (cost=5.52..425.14 rows=106 width=125)
	  Recheck Cond: ((k >= 7192827) AND (k <= 7192927))
	  ->  Bitmap Index Scan on k_3  (cost=0.00..5.50 rows=106 width=0)
	        Index Cond: ((k >= 7192827) AND (k <= 7192927))

table 4 : explain SELECT k, c FROM sbtest4 WHERE k BETWEEN 7192827 AND 7192927
	Bitmap Heap Scan on sbtest4  (cost=5.53..429.12 rows=107 width=125)
	  Recheck Cond: ((k >= 7192827) AND (k <= 7192927))
	  ->  Bitmap Index Scan on k_4  (cost=0.00..5.50 rows=107 width=0)
	        Index Cond: ((k >= 7192827) AND (k <= 7192927))

table 5 : explain SELECT k, c FROM sbtest5 WHERE k BETWEEN 7192827 AND 7192927
	Bitmap Heap Scan on sbtest5  (cost=5.60..456.70 rows=114 width=125)
	  Recheck Cond: ((k >= 7192827) AND (k <= 7192927))
	  ->  Bitmap Index Scan on k_5  (cost=0.00..5.58 rows=114 width=0)
	        Index Cond: ((k >= 7192827) AND (k <= 7192927))

table 6 : explain SELECT k, c FROM sbtest6 WHERE k BETWEEN 7192827 AND 7192927
	Bitmap Heap Scan on sbtest6  (cost=5.46..401.53 rows=100 width=125)
	  Recheck Cond: ((k >= 7192827) AND (k <= 7192927))
	  ->  Bitmap Index Scan on k_6  (cost=0.00..5.43 rows=100 width=0)
	        Index Cond: ((k >= 7192827) AND (k <= 7192927))

table 7 : explain SELECT k, c FROM sbtest7 WHERE k BETWEEN 7192827 AND 7192927
	Bitmap Heap Scan on sbtest7  (cost=5.41..381.83 rows=95 width=125)
	  Recheck Cond: ((k >= 7192827) AND (k <= 7192927))
	  ->  Bitmap Index Scan on k_7  (cost=0.00..5.38 rows=95 width=0)
	        Index Cond: ((k >= 7192827) AND (k <= 7192927))

table 8 : explain SELECT k, c FROM sbtest8 WHERE k BETWEEN 7192827 AND 7192927
	Bitmap Heap Scan on sbtest8  (cost=5.53..429.16 rows=107 width=125)
	  Recheck Cond: ((k >= 7192827) AND (k <= 7192927))
	  ->  Bitmap Index Scan on k_8  (cost=0.00..5.50 rows=107 width=0)
	        Index Cond: ((k >= 7192827) AND (k <= 7192927))


for range-notcovered
table 1 : explain SELECT k, c FROM sbtest1 WHERE k BETWEEN 6990942 AND 6991042
	Bitmap Heap Scan on sbtest1  (cost=5.57..444.79 rows=111 width=125)
	  Recheck Cond: ((k >= 6990942) AND (k <= 6991042))
	  ->  Bitmap Index Scan on k_1  (cost=0.00..5.54 rows=111 width=0)
	        Index Cond: ((k >= 6990942) AND (k <= 6991042))

table 2 : explain SELECT k, c FROM sbtest2 WHERE k BETWEEN 6990942 AND 6991042
	Bitmap Heap Scan on sbtest2  (cost=5.42..385.71 rows=96 width=125)
	  Recheck Cond: ((k >= 6990942) AND (k <= 6991042))
	  ->  Bitmap Index Scan on k_2  (cost=0.00..5.39 rows=96 width=0)
	        Index Cond: ((k >= 6990942) AND (k <= 6991042))

table 3 : explain SELECT k, c FROM sbtest3 WHERE k BETWEEN 6990942 AND 6991042
	Bitmap Heap Scan on sbtest3  (cost=5.42..385.71 rows=96 width=125)
	  Recheck Cond: ((k >= 6990942) AND (k <= 6991042))
	  ->  Bitmap Index Scan on k_3  (cost=0.00..5.39 rows=96 width=0)
	        Index Cond: ((k >= 6990942) AND (k <= 6991042))

table 4 : explain SELECT k, c FROM sbtest4 WHERE k BETWEEN 6990942 AND 6991042
	Bitmap Heap Scan on sbtest4  (cost=5.48..409.41 rows=102 width=125)
	  Recheck Cond: ((k >= 6990942) AND (k <= 6991042))
	  ->  Bitmap Index Scan on k_4  (cost=0.00..5.45 rows=102 width=0)
	        Index Cond: ((k >= 6990942) AND (k <= 6991042))

table 5 : explain SELECT k, c FROM sbtest5 WHERE k BETWEEN 6990942 AND 6991042
	Bitmap Heap Scan on sbtest5  (cost=5.48..409.41 rows=102 width=125)
	  Recheck Cond: ((k >= 6990942) AND (k <= 6991042))
	  ->  Bitmap Index Scan on k_5  (cost=0.00..5.45 rows=102 width=0)
	        Index Cond: ((k >= 6990942) AND (k <= 6991042))

table 6 : explain SELECT k, c FROM sbtest6 WHERE k BETWEEN 6990942 AND 6991042
	Bitmap Heap Scan on sbtest6  (cost=5.43..389.69 rows=97 width=125)
	  Recheck Cond: ((k >= 6990942) AND (k <= 6991042))
	  ->  Bitmap Index Scan on k_6  (cost=0.00..5.40 rows=97 width=0)
	        Index Cond: ((k >= 6990942) AND (k <= 6991042))

table 7 : explain SELECT k, c FROM sbtest7 WHERE k BETWEEN 6990942 AND 6991042
	Bitmap Heap Scan on sbtest7  (cost=5.46..401.56 rows=100 width=125)
	  Recheck Cond: ((k >= 6990942) AND (k <= 6991042))
	  ->  Bitmap Index Scan on k_7  (cost=0.00..5.43 rows=100 width=0)
	        Index Cond: ((k >= 6990942) AND (k <= 6991042))

table 8 : explain SELECT k, c FROM sbtest8 WHERE k BETWEEN 6990942 AND 6991042
	Bitmap Heap Scan on sbtest8  (cost=5.52..425.22 rows=106 width=125)
	  Recheck Cond: ((k >= 6990942) AND (k <= 6991042))
	  ->  Bitmap Index Scan on k_8  (cost=0.00..5.50 rows=106 width=0)
	        Index Cond: ((k >= 6990942) AND (k <= 6991042))

for range-notcovered
table 1 : explain SELECT k, c FROM sbtest1 WHERE k BETWEEN 2480614 AND 2480714
	Bitmap Heap Scan on sbtest1  (cost=5.42..385.68 rows=96 width=125)
	  Recheck Cond: ((k >= 2480614) AND (k <= 2480714))
	  ->  Bitmap Index Scan on k_1  (cost=0.00..5.39 rows=96 width=0)
	        Index Cond: ((k >= 2480614) AND (k <= 2480714))

table 2 : explain SELECT k, c FROM sbtest2 WHERE k BETWEEN 2480614 AND 2480714
	Bitmap Heap Scan on sbtest2  (cost=5.51..421.20 rows=105 width=125)
	  Recheck Cond: ((k >= 2480614) AND (k <= 2480714))
	  ->  Bitmap Index Scan on k_2  (cost=0.00..5.48 rows=105 width=0)
	        Index Cond: ((k >= 2480614) AND (k <= 2480714))

table 3 : explain SELECT k, c FROM sbtest3 WHERE k BETWEEN 2480614 AND 2480714
	Bitmap Heap Scan on sbtest3  (cost=5.51..421.20 rows=105 width=125)
	  Recheck Cond: ((k >= 2480614) AND (k <= 2480714))
	  ->  Bitmap Index Scan on k_3  (cost=0.00..5.48 rows=105 width=0)
	        Index Cond: ((k >= 2480614) AND (k <= 2480714))

table 4 : explain SELECT k, c FROM sbtest4 WHERE k BETWEEN 2480614 AND 2480714
	Bitmap Heap Scan on sbtest4  (cost=5.38..369.96 rows=92 width=125)
	  Recheck Cond: ((k >= 2480614) AND (k <= 2480714))
	  ->  Bitmap Index Scan on k_4  (cost=0.00..5.35 rows=92 width=0)
	        Index Cond: ((k >= 2480614) AND (k <= 2480714))

table 5 : explain SELECT k, c FROM sbtest5 WHERE k BETWEEN 2480614 AND 2480714
	Bitmap Heap Scan on sbtest5  (cost=5.51..421.24 rows=105 width=125)
	  Recheck Cond: ((k >= 2480614) AND (k <= 2480714))
	  ->  Bitmap Index Scan on k_5  (cost=0.00..5.48 rows=105 width=0)
	        Index Cond: ((k >= 2480614) AND (k <= 2480714))

table 6 : explain SELECT k, c FROM sbtest6 WHERE k BETWEEN 2480614 AND 2480714
	Bitmap Heap Scan on sbtest6  (cost=5.47..405.47 rows=101 width=125)
	  Recheck Cond: ((k >= 2480614) AND (k <= 2480714))
	  ->  Bitmap Index Scan on k_6  (cost=0.00..5.44 rows=101 width=0)
	        Index Cond: ((k >= 2480614) AND (k <= 2480714))

table 7 : explain SELECT k, c FROM sbtest7 WHERE k BETWEEN 2480614 AND 2480714
	Bitmap Heap Scan on sbtest7  (cost=5.37..366.04 rows=91 width=125)
	  Recheck Cond: ((k >= 2480614) AND (k <= 2480714))
	  ->  Bitmap Index Scan on k_7  (cost=0.00..5.34 rows=91 width=0)
	        Index Cond: ((k >= 2480614) AND (k <= 2480714))

table 8 : explain SELECT k, c FROM sbtest8 WHERE k BETWEEN 2480614 AND 2480714
	Bitmap Heap Scan on sbtest8  (cost=5.42..385.78 rows=96 width=125)
	  Recheck Cond: ((k >= 2480614) AND (k <= 2480714))
	  ->  Bitmap Index Scan on k_8  (cost=0.00..5.39 rows=96 width=0)
	        Index Cond: ((k >= 2480614) AND (k <= 2480714))

explain: for range-notcovered :: explain SELECT k, c FROM sbtest%d WHERE k BETWEEN 7192827 AND 7192927
explain: for range-notcovered :: explain SELECT k, c FROM sbtest%d WHERE k BETWEEN 4148583 AND 4148683
explain: for range-notcovered :: explain SELECT k, c FROM sbtest%d WHERE k BETWEEN 6990942 AND 6991042
explain: for range-notcovered :: explain SELECT k, c FROM sbtest%d WHERE k BETWEEN 2480614 AND 2480714
for range-notcovered
table 1 : explain SELECT k, c FROM sbtest1 WHERE k BETWEEN 3139460 AND 3139560
	Bitmap Heap Scan on sbtest1  (cost=5.54..432.98 rows=108 width=125)
	  Recheck Cond: ((k >= 3139460) AND (k <= 3139560))
	  ->  Bitmap Index Scan on k_1  (cost=0.00..5.51 rows=108 width=0)
	        Index Cond: ((k >= 3139460) AND (k <= 3139560))

table 2 : explain SELECT k, c FROM sbtest2 WHERE k BETWEEN 3139460 AND 3139560
	Bitmap Heap Scan on sbtest2  (cost=5.41..381.77 rows=95 width=125)
	  Recheck Cond: ((k >= 3139460) AND (k <= 3139560))
	  ->  Bitmap Index Scan on k_2  (cost=0.00..5.38 rows=95 width=0)
	        Index Cond: ((k >= 3139460) AND (k <= 3139560))

table 3 : explain SELECT k, c FROM sbtest3 WHERE k BETWEEN 3139460 AND 3139560
	Bitmap Heap Scan on sbtest3  (cost=5.40..377.82 rows=94 width=125)
	  Recheck Cond: ((k >= 3139460) AND (k <= 3139560))
	  ->  Bitmap Index Scan on k_3  (cost=0.00..5.38 rows=94 width=0)
	        Index Cond: ((k >= 3139460) AND (k <= 3139560))

table 4 : explain SELECT k, c FROM sbtest4 WHERE k BETWEEN 3139460 AND 3139560
	Bitmap Heap Scan on sbtest4  (cost=5.52..425.18 rows=106 width=125)
	  Recheck Cond: ((k >= 3139460) AND (k <= 3139560))
	  ->  Bitmap Index Scan on k_4  (cost=0.00..5.50 rows=106 width=0)
	        Index Cond: ((k >= 3139460) AND (k <= 3139560))

table 5 : explain SELECT k, c FROM sbtest5 WHERE k BETWEEN 3139460 AND 3139560
	Bitmap Heap Scan on sbtest5  (cost=5.53..429.12 rows=107 width=125)
	  Recheck Cond: ((k >= 3139460) AND (k <= 3139560))
	  ->  Bitmap Index Scan on k_5  (cost=0.00..5.50 rows=107 width=0)
	        Index Cond: ((k >= 3139460) AND (k <= 3139560))

table 6 : explain SELECT k, c FROM sbtest6 WHERE k BETWEEN 3139460 AND 3139560
	Bitmap Heap Scan on sbtest6  (cost=5.58..448.82 rows=112 width=125)
	  Recheck Cond: ((k >= 3139460) AND (k <= 3139560))
	  ->  Bitmap Index Scan on k_6  (cost=0.00..5.55 rows=112 width=0)
	        Index Cond: ((k >= 3139460) AND (k <= 3139560))

table 7 : explain SELECT k, c FROM sbtest7 WHERE k BETWEEN 3139460 AND 3139560
	Bitmap Heap Scan on sbtest7  (cost=5.49..413.39 rows=103 width=125)
	  Recheck Cond: ((k >= 3139460) AND (k <= 3139560))
	  ->  Bitmap Index Scan on k_7  (cost=0.00..5.46 rows=103 width=0)
	        Index Cond: ((k >= 3139460) AND (k <= 3139560))

table 8 : explain SELECT k, c FROM sbtest8 WHERE k BETWEEN 3139460 AND 3139560
	Bitmap Heap Scan on sbtest8  (cost=5.47..405.50 rows=101 width=125)
	  Recheck Cond: ((k >= 3139460) AND (k <= 3139560))
	  ->  Bitmap Index Scan on k_8  (cost=0.00..5.44 rows=101 width=0)
	        Index Cond: ((k >= 3139460) AND (k <= 3139560))

explain: for range-notcovered :: explain SELECT k, c FROM sbtest%d WHERE k BETWEEN 3139460 AND 3139560
for range-notcovered
table 1 : explain SELECT k, c FROM sbtest1 WHERE k BETWEEN 985075 AND 985175
	Bitmap Heap Scan on sbtest1  (cost=5.53..429.04 rows=107 width=125)
	  Recheck Cond: ((k >= 985075) AND (k <= 985175))
	  ->  Bitmap Index Scan on k_1  (cost=0.00..5.50 rows=107 width=0)
	        Index Cond: ((k >= 985075) AND (k <= 985175))

table 2 : explain SELECT k, c FROM sbtest2 WHERE k BETWEEN 985075 AND 985175
	Bitmap Heap Scan on sbtest2  (cost=5.42..385.71 rows=96 width=125)
	  Recheck Cond: ((k >= 985075) AND (k <= 985175))
	  ->  Bitmap Index Scan on k_2  (cost=0.00..5.39 rows=96 width=0)
	        Index Cond: ((k >= 985075) AND (k <= 985175))

table 3 : explain SELECT k, c FROM sbtest3 WHERE k BETWEEN 985075 AND 985175
	Bitmap Heap Scan on sbtest3  (cost=5.51..421.20 rows=105 width=125)
	  Recheck Cond: ((k >= 985075) AND (k <= 985175))
	  ->  Bitmap Index Scan on k_3  (cost=0.00..5.48 rows=105 width=0)
	        Index Cond: ((k >= 985075) AND (k <= 985175))

table 4 : explain SELECT k, c FROM sbtest4 WHERE k BETWEEN 985075 AND 985175
	Bitmap Heap Scan on sbtest4  (cost=5.43..389.69 rows=97 width=125)
	  Recheck Cond: ((k >= 985075) AND (k <= 985175))
	  ->  Bitmap Index Scan on k_4  (cost=0.00..5.40 rows=97 width=0)
	        Index Cond: ((k >= 985075) AND (k <= 985175))

table 5 : explain SELECT k, c FROM sbtest5 WHERE k BETWEEN 985075 AND 985175
	Bitmap Heap Scan on sbtest5  (cost=5.49..413.35 rows=103 width=125)
	  Recheck Cond: ((k >= 985075) AND (k <= 985175))
	  ->  Bitmap Index Scan on k_5  (cost=0.00..5.46 rows=103 width=0)
	        Index Cond: ((k >= 985075) AND (k <= 985175))

table 6 : explain SELECT k, c FROM sbtest6 WHERE k BETWEEN 985075 AND 985175
	Bitmap Heap Scan on sbtest6  (cost=5.39..373.91 rows=93 width=125)
	  Recheck Cond: ((k >= 985075) AND (k <= 985175))
	  ->  Bitmap Index Scan on k_6  (cost=0.00..5.36 rows=93 width=0)
	        Index Cond: ((k >= 985075) AND (k <= 985175))

table 7 : explain SELECT k, c FROM sbtest7 WHERE k BETWEEN 985075 AND 985175
	Bitmap Heap Scan on sbtest7  (cost=5.50..417.33 rows=104 width=125)
	  Recheck Cond: ((k >= 985075) AND (k <= 985175))
	  ->  Bitmap Index Scan on k_7  (cost=0.00..5.47 rows=104 width=0)
	        Index Cond: ((k >= 985075) AND (k <= 985175))

table 8 : explain SELECT k, c FROM sbtest8 WHERE k BETWEEN 985075 AND 985175
	Bitmap Heap Scan on sbtest8  (cost=5.46..401.56 rows=100 width=125)
	  Recheck Cond: ((k >= 985075) AND (k <= 985175))
	  ->  Bitmap Index Scan on k_8  (cost=0.00..5.43 rows=100 width=0)
	        Index Cond: ((k >= 985075) AND (k <= 985175))

explain: for range-notcovered :: explain SELECT k, c FROM sbtest%d WHERE k BETWEEN 985075 AND 985175
explain: for range-notcovered :: explain SELECT k, c FROM sbtest%d WHERE k BETWEEN 7251592 AND 7251692
for range-notcovered
table 1 : explain SELECT k, c FROM sbtest1 WHERE k BETWEEN 6187062 AND 6187162
	Bitmap Heap Scan on sbtest1  (cost=5.37..365.95 rows=91 width=125)
	  Recheck Cond: ((k >= 6187062) AND (k <= 6187162))
	  ->  Bitmap Index Scan on k_1  (cost=0.00..5.34 rows=91 width=0)
	        Index Cond: ((k >= 6187062) AND (k <= 6187162))

table 2 : explain SELECT k, c FROM sbtest2 WHERE k BETWEEN 6187062 AND 6187162
	Bitmap Heap Scan on sbtest2  (cost=5.53..429.08 rows=107 width=125)
	  Recheck Cond: ((k >= 6187062) AND (k <= 6187162))
	  ->  Bitmap Index Scan on k_2  (cost=0.00..5.50 rows=107 width=0)
	        Index Cond: ((k >= 6187062) AND (k <= 6187162))

table 3 : explain SELECT k, c FROM sbtest3 WHERE k BETWEEN 6187062 AND 6187162
	Bitmap Heap Scan on sbtest3  (cost=5.35..358.09 rows=89 width=125)
	  Recheck Cond: ((k >= 6187062) AND (k <= 6187162))
	  ->  Bitmap Index Scan on k_3  (cost=0.00..5.32 rows=89 width=0)
	        Index Cond: ((k >= 6187062) AND (k <= 6187162))

table 4 : explain SELECT k, c FROM sbtest4 WHERE k BETWEEN 6187062 AND 6187162
	Bitmap Heap Scan on sbtest4  (cost=5.50..417.30 rows=104 width=125)
	  Recheck Cond: ((k >= 6187062) AND (k <= 6187162))
	  ->  Bitmap Index Scan on k_4  (cost=0.00..5.47 rows=104 width=0)
	        Index Cond: ((k >= 6187062) AND (k <= 6187162))

table 5 : explain SELECT k, c FROM sbtest5 WHERE k BETWEEN 6187062 AND 6187162
	Bitmap Heap Scan on sbtest5  (cost=5.50..417.30 rows=104 width=125)
	  Recheck Cond: ((k >= 6187062) AND (k <= 6187162))
	  ->  Bitmap Index Scan on k_5  (cost=0.00..5.47 rows=104 width=0)
	        Index Cond: ((k >= 6187062) AND (k <= 6187162))

table 6 : explain SELECT k, c FROM sbtest6 WHERE k BETWEEN 6187062 AND 6187162
	Bitmap Heap Scan on sbtest6  (cost=5.48..409.41 rows=102 width=125)
	  Recheck Cond: ((k >= 6187062) AND (k <= 6187162))
	  ->  Bitmap Index Scan on k_6  (cost=0.00..5.45 rows=102 width=0)
	        Index Cond: ((k >= 6187062) AND (k <= 6187162))

table 7 : explain SELECT k, c FROM sbtest7 WHERE k BETWEEN 6187062 AND 6187162
	Bitmap Heap Scan on sbtest7  (cost=5.54..433.10 rows=108 width=125)
	  Recheck Cond: ((k >= 6187062) AND (k <= 6187162))
	  ->  Bitmap Index Scan on k_7  (cost=0.00..5.51 rows=108 width=0)
	        Index Cond: ((k >= 6187062) AND (k <= 6187162))

table 8 : explain SELECT k, c FROM sbtest8 WHERE k BETWEEN 6187062 AND 6187162
	Bitmap Heap Scan on sbtest8  (cost=5.44..393.67 rows=98 width=125)
	  Recheck Cond: ((k >= 6187062) AND (k <= 6187162))
	  ->  Bitmap Index Scan on k_8  (cost=0.00..5.42 rows=98 width=0)
	        Index Cond: ((k >= 6187062) AND (k <= 6187162))

for range-notcovered
table 1 : explain SELECT k, c FROM sbtest1 WHERE k BETWEEN 4148583 AND 4148683
	Bitmap Heap Scan on sbtest1  (cost=5.57..444.79 rows=111 width=125)
	  Recheck Cond: ((k >= 4148583) AND (k <= 4148683))
	  ->  Bitmap Index Scan on k_1  (cost=0.00..5.54 rows=111 width=0)
	        Index Cond: ((k >= 4148583) AND (k <= 4148683))

table 2 : explain SELECT k, c FROM sbtest2 WHERE k BETWEEN 4148583 AND 4148683
	Bitmap Heap Scan on sbtest2  (cost=5.42..385.71 rows=96 width=125)
	  Recheck Cond: ((k >= 4148583) AND (k <= 4148683))
	  ->  Bitmap Index Scan on k_2  (cost=0.00..5.39 rows=96 width=0)
	        Index Cond: ((k >= 4148583) AND (k <= 4148683))

table 3 : explain SELECT k, c FROM sbtest3 WHERE k BETWEEN 4148583 AND 4148683
	Bitmap Heap Scan on sbtest3  (cost=5.50..417.26 rows=104 width=125)
	  Recheck Cond: ((k >= 4148583) AND (k <= 4148683))
	  ->  Bitmap Index Scan on k_3  (cost=0.00..5.47 rows=104 width=0)
	        Index Cond: ((k >= 4148583) AND (k <= 4148683))

table 4 : explain SELECT k, c FROM sbtest4 WHERE k BETWEEN 4148583 AND 4148683
	Bitmap Heap Scan on sbtest4  (cost=5.39..373.91 rows=93 width=125)
	  Recheck Cond: ((k >= 4148583) AND (k <= 4148683))
	  ->  Bitmap Index Scan on k_4  (cost=0.00..5.36 rows=93 width=0)
	        Index Cond: ((k >= 4148583) AND (k <= 4148683))

table 5 : explain SELECT k, c FROM sbtest5 WHERE k BETWEEN 4148583 AND 4148683
	Bitmap Heap Scan on sbtest5  (cost=5.41..381.80 rows=95 width=125)
	  Recheck Cond: ((k >= 4148583) AND (k <= 4148683))
	  ->  Bitmap Index Scan on k_5  (cost=0.00..5.38 rows=95 width=0)
	        Index Cond: ((k >= 4148583) AND (k <= 4148683))

table 6 : explain SELECT k, c FROM sbtest6 WHERE k BETWEEN 4148583 AND 4148683
	Bitmap Heap Scan on sbtest6  (cost=5.50..417.30 rows=104 width=125)
	  Recheck Cond: ((k >= 4148583) AND (k <= 4148683))
	  ->  Bitmap Index Scan on k_6  (cost=0.00..5.47 rows=104 width=0)
	        Index Cond: ((k >= 4148583) AND (k <= 4148683))

table 7 : explain SELECT k, c FROM sbtest7 WHERE k BETWEEN 4148583 AND 4148683
	Bitmap Heap Scan on sbtest7  (cost=5.45..397.62 rows=99 width=125)
	  Recheck Cond: ((k >= 4148583) AND (k <= 4148683))
	  ->  Bitmap Index Scan on k_7  (cost=0.00..5.42 rows=99 width=0)
	        Index Cond: ((k >= 4148583) AND (k <= 4148683))

table 8 : explain SELECT k, c FROM sbtest8 WHERE k BETWEEN 4148583 AND 4148683
	Bitmap Heap Scan on sbtest8  (cost=5.53..429.16 rows=107 width=125)
	  Recheck Cond: ((k >= 4148583) AND (k <= 4148683))
	  ->  Bitmap Index Scan on k_8  (cost=0.00..5.50 rows=107 width=0)
	        Index Cond: ((k >= 4148583) AND (k <= 4148683))

for range-notcovered
table 1 : explain SELECT k, c FROM sbtest1 WHERE k BETWEEN 7192827 AND 7192927
	Bitmap Heap Scan on sbtest1  (cost=5.39..373.84 rows=93 width=125)
	  Recheck Cond: ((k >= 7192827) AND (k <= 7192927))
	  ->  Bitmap Index Scan on k_1  (cost=0.00..5.36 rows=93 width=0)
	        Index Cond: ((k >= 7192827) AND (k <= 7192927))

table 2 : explain SELECT k, c FROM sbtest2 WHERE k BETWEEN 7192827 AND 7192927
	Bitmap Heap Scan on sbtest2  (cost=5.61..460.59 rows=115 width=125)
	  Recheck Cond: ((k >= 7192827) AND (k <= 7192927))
	  ->  Bitmap Index Scan on k_2  (cost=0.00..5.58 rows=115 width=0)
	        Index Cond: ((k >= 7192827) AND (k <= 7192927))

table 3 : explain SELECT k, c FROM sbtest3 WHERE k BETWEEN 7192827 AND 7192927
	Bitmap Heap Scan on sbtest3  (cost=5.52..425.14 rows=106 width=125)
	  Recheck Cond: ((k >= 7192827) AND (k <= 7192927))
	  ->  Bitmap Index Scan on k_3  (cost=0.00..5.50 rows=106 width=0)
	        Index Cond: ((k >= 7192827) AND (k <= 7192927))

table 4 : explain SELECT k, c FROM sbtest4 WHERE k BETWEEN 7192827 AND 7192927
	Bitmap Heap Scan on sbtest4  (cost=5.53..429.12 rows=107 width=125)
	  Recheck Cond: ((k >= 7192827) AND (k <= 7192927))
	  ->  Bitmap Index Scan on k_4  (cost=0.00..5.50 rows=107 width=0)
	        Index Cond: ((k >= 7192827) AND (k <= 7192927))

table 5 : explain SELECT k, c FROM sbtest5 WHERE k BETWEEN 7192827 AND 7192927
	Bitmap Heap Scan on sbtest5  (cost=5.60..456.70 rows=114 width=125)
	  Recheck Cond: ((k >= 7192827) AND (k <= 7192927))
	  ->  Bitmap Index Scan on k_5  (cost=0.00..5.58 rows=114 width=0)
	        Index Cond: ((k >= 7192827) AND (k <= 7192927))

table 6 : explain SELECT k, c FROM sbtest6 WHERE k BETWEEN 7192827 AND 7192927
	Bitmap Heap Scan on sbtest6  (cost=5.46..401.53 rows=100 width=125)
	  Recheck Cond: ((k >= 7192827) AND (k <= 7192927))
	  ->  Bitmap Index Scan on k_6  (cost=0.00..5.43 rows=100 width=0)
	        Index Cond: ((k >= 7192827) AND (k <= 7192927))

table 7 : explain SELECT k, c FROM sbtest7 WHERE k BETWEEN 7192827 AND 7192927
	Bitmap Heap Scan on sbtest7  (cost=5.41..381.83 rows=95 width=125)
	  Recheck Cond: ((k >= 7192827) AND (k <= 7192927))
	  ->  Bitmap Index Scan on k_7  (cost=0.00..5.38 rows=95 width=0)
	        Index Cond: ((k >= 7192827) AND (k <= 7192927))

table 8 : explain SELECT k, c FROM sbtest8 WHERE k BETWEEN 7192827 AND 7192927
	Bitmap Heap Scan on sbtest8  (cost=5.53..429.16 rows=107 width=125)
	  Recheck Cond: ((k >= 7192827) AND (k <= 7192927))
	  ->  Bitmap Index Scan on k_8  (cost=0.00..5.50 rows=107 width=0)
	        Index Cond: ((k >= 7192827) AND (k <= 7192927))

for range-notcovered
table 1 : explain SELECT k, c FROM sbtest1 WHERE k BETWEEN 2480614 AND 2480714
	Bitmap Heap Scan on sbtest1  (cost=5.42..385.68 rows=96 width=125)
	  Recheck Cond: ((k >= 2480614) AND (k <= 2480714))
	  ->  Bitmap Index Scan on k_1  (cost=0.00..5.39 rows=96 width=0)
	        Index Cond: ((k >= 2480614) AND (k <= 2480714))

table 2 : explain SELECT k, c FROM sbtest2 WHERE k BETWEEN 2480614 AND 2480714
	Bitmap Heap Scan on sbtest2  (cost=5.51..421.20 rows=105 width=125)
	  Recheck Cond: ((k >= 2480614) AND (k <= 2480714))
	  ->  Bitmap Index Scan on k_2  (cost=0.00..5.48 rows=105 width=0)
	        Index Cond: ((k >= 2480614) AND (k <= 2480714))

table 3 : explain SELECT k, c FROM sbtest3 WHERE k BETWEEN 2480614 AND 2480714
	Bitmap Heap Scan on sbtest3  (cost=5.51..421.20 rows=105 width=125)
	  Recheck Cond: ((k >= 2480614) AND (k <= 2480714))
	  ->  Bitmap Index Scan on k_3  (cost=0.00..5.48 rows=105 width=0)
	        Index Cond: ((k >= 2480614) AND (k <= 2480714))

table 4 : explain SELECT k, c FROM sbtest4 WHERE k BETWEEN 2480614 AND 2480714
	Bitmap Heap Scan on sbtest4  (cost=5.38..369.96 rows=92 width=125)
	  Recheck Cond: ((k >= 2480614) AND (k <= 2480714))
	  ->  Bitmap Index Scan on k_4  (cost=0.00..5.35 rows=92 width=0)
	        Index Cond: ((k >= 2480614) AND (k <= 2480714))

table 5 : explain SELECT k, c FROM sbtest5 WHERE k BETWEEN 2480614 AND 2480714
	Bitmap Heap Scan on sbtest5  (cost=5.51..421.24 rows=105 width=125)
	  Recheck Cond: ((k >= 2480614) AND (k <= 2480714))
	  ->  Bitmap Index Scan on k_5  (cost=0.00..5.48 rows=105 width=0)
	        Index Cond: ((k >= 2480614) AND (k <= 2480714))

table 6 : explain SELECT k, c FROM sbtest6 WHERE k BETWEEN 2480614 AND 2480714
	Bitmap Heap Scan on sbtest6  (cost=5.47..405.47 rows=101 width=125)
	  Recheck Cond: ((k >= 2480614) AND (k <= 2480714))
	  ->  Bitmap Index Scan on k_6  (cost=0.00..5.44 rows=101 width=0)
	        Index Cond: ((k >= 2480614) AND (k <= 2480714))

table 7 : explain SELECT k, c FROM sbtest7 WHERE k BETWEEN 2480614 AND 2480714
	Bitmap Heap Scan on sbtest7  (cost=5.37..366.04 rows=91 width=125)
	  Recheck Cond: ((k >= 2480614) AND (k <= 2480714))
	  ->  Bitmap Index Scan on k_7  (cost=0.00..5.34 rows=91 width=0)
	        Index Cond: ((k >= 2480614) AND (k <= 2480714))

table 8 : explain SELECT k, c FROM sbtest8 WHERE k BETWEEN 2480614 AND 2480714
	Bitmap Heap Scan on sbtest8  (cost=5.42..385.78 rows=96 width=125)
	  Recheck Cond: ((k >= 2480614) AND (k <= 2480714))
	  ->  Bitmap Index Scan on k_8  (cost=0.00..5.39 rows=96 width=0)
	        Index Cond: ((k >= 2480614) AND (k <= 2480714))
explain: for range-notcovered :: explain SELECT k, c FROM sbtest%d WHERE k BETWEEN 6187062 AND 6187162

for range-notcovered
table 1 : explain SELECT k, c FROM sbtest1 WHERE k BETWEEN 6990942 AND 6991042
	Bitmap Heap Scan on sbtest1  (cost=5.57..444.79 rows=111 width=125)
	  Recheck Cond: ((k >= 6990942) AND (k <= 6991042))
	  ->  Bitmap Index Scan on k_1  (cost=0.00..5.54 rows=111 width=0)
	        Index Cond: ((k >= 6990942) AND (k <= 6991042))

table 2 : explain SELECT k, c FROM sbtest2 WHERE k BETWEEN 6990942 AND 6991042
	Bitmap Heap Scan on sbtest2  (cost=5.42..385.71 rows=96 width=125)
	  Recheck Cond: ((k >= 6990942) AND (k <= 6991042))
	  ->  Bitmap Index Scan on k_2  (cost=0.00..5.39 rows=96 width=0)
	        Index Cond: ((k >= 6990942) AND (k <= 6991042))

table 3 : explain SELECT k, c FROM sbtest3 WHERE k BETWEEN 6990942 AND 6991042
	Bitmap Heap Scan on sbtest3  (cost=5.42..385.71 rows=96 width=125)
	  Recheck Cond: ((k >= 6990942) AND (k <= 6991042))
	  ->  Bitmap Index Scan on k_3  (cost=0.00..5.39 rows=96 width=0)
	        Index Cond: ((k >= 6990942) AND (k <= 6991042))

table 4 : explain SELECT k, c FROM sbtest4 WHERE k BETWEEN 6990942 AND 6991042
	Bitmap Heap Scan on sbtest4  (cost=5.48..409.41 rows=102 width=125)
	  Recheck Cond: ((k >= 6990942) AND (k <= 6991042))
	  ->  Bitmap Index Scan on k_4  (cost=0.00..5.45 rows=102 width=0)
	        Index Cond: ((k >= 6990942) AND (k <= 6991042))

table 5 : explain SELECT k, c FROM sbtest5 WHERE k BETWEEN 6990942 AND 6991042
	Bitmap Heap Scan on sbtest5  (cost=5.48..409.41 rows=102 width=125)
	  Recheck Cond: ((k >= 6990942) AND (k <= 6991042))
	  ->  Bitmap Index Scan on k_5  (cost=0.00..5.45 rows=102 width=0)
	        Index Cond: ((k >= 6990942) AND (k <= 6991042))

table 6 : explain SELECT k, c FROM sbtest6 WHERE k BETWEEN 6990942 AND 6991042
	Bitmap Heap Scan on sbtest6  (cost=5.43..389.69 rows=97 width=125)
	  Recheck Cond: ((k >= 6990942) AND (k <= 6991042))
	  ->  Bitmap Index Scan on k_6  (cost=0.00..5.40 rows=97 width=0)
	        Index Cond: ((k >= 6990942) AND (k <= 6991042))

table 7 : explain SELECT k, c FROM sbtest7 WHERE k BETWEEN 6990942 AND 6991042
	Bitmap Heap Scan on sbtest7  (cost=5.46..401.56 rows=100 width=125)
	  Recheck Cond: ((k >= 6990942) AND (k <= 6991042))
	  ->  Bitmap Index Scan on k_7  (cost=0.00..5.43 rows=100 width=0)
	        Index Cond: ((k >= 6990942) AND (k <= 6991042))

table 8 : explain SELECT k, c FROM sbtest8 WHERE k BETWEEN 6990942 AND 6991042
	Bitmap Heap Scan on sbtest8  (cost=5.52..425.22 rows=106 width=125)
	  Recheck Cond: ((k >= 6990942) AND (k <= 6991042))
	  ->  Bitmap Index Scan on k_8  (cost=0.00..5.50 rows=106 width=0)
	        Index Cond: ((k >= 6990942) AND (k <= 6991042))

explain: for range-notcovered :: explain SELECT k, c FROM sbtest%d WHERE k BETWEEN 7192827 AND 7192927
explain: for range-notcovered :: explain SELECT k, c FROM sbtest%d WHERE k BETWEEN 2480614 AND 2480714
for range-notcovered
table 1 : explain SELECT k, c FROM sbtest1 WHERE k BETWEEN 3139460 AND 3139560
	Bitmap Heap Scan on sbtest1  (cost=5.54..432.98 rows=108 width=125)
	  Recheck Cond: ((k >= 3139460) AND (k <= 3139560))
	  ->  Bitmap Index Scan on k_1  (cost=0.00..5.51 rows=108 width=0)
	        Index Cond: ((k >= 3139460) AND (k <= 3139560))

table 2 : explain SELECT k, c FROM sbtest2 WHERE k BETWEEN 3139460 AND 3139560
	Bitmap Heap Scan on sbtest2  (cost=5.41..381.77 rows=95 width=125)
	  Recheck Cond: ((k >= 3139460) AND (k <= 3139560))
	  ->  Bitmap Index Scan on k_2  (cost=0.00..5.38 rows=95 width=0)
	        Index Cond: ((k >= 3139460) AND (k <= 3139560))

table 3 : explain SELECT k, c FROM sbtest3 WHERE k BETWEEN 3139460 AND 3139560
	Bitmap Heap Scan on sbtest3  (cost=5.40..377.82 rows=94 width=125)
	  Recheck Cond: ((k >= 3139460) AND (k <= 3139560))
	  ->  Bitmap Index Scan on k_3  (cost=0.00..5.38 rows=94 width=0)
	        Index Cond: ((k >= 3139460) AND (k <= 3139560))

table 4 : explain SELECT k, c FROM sbtest4 WHERE k BETWEEN 3139460 AND 3139560
	Bitmap Heap Scan on sbtest4  (cost=5.52..425.18 rows=106 width=125)
	  Recheck Cond: ((k >= 3139460) AND (k <= 3139560))
	  ->  Bitmap Index Scan on k_4  (cost=0.00..5.50 rows=106 width=0)
	        Index Cond: ((k >= 3139460) AND (k <= 3139560))

table 5 : explain SELECT k, c FROM sbtest5 WHERE k BETWEEN 3139460 AND 3139560
	Bitmap Heap Scan on sbtest5  (cost=5.53..429.12 rows=107 width=125)
	  Recheck Cond: ((k >= 3139460) AND (k <= 3139560))
	  ->  Bitmap Index Scan on k_5  (cost=0.00..5.50 rows=107 width=0)
	        Index Cond: ((k >= 3139460) AND (k <= 3139560))

table 6 : explain SELECT k, c FROM sbtest6 WHERE k BETWEEN 3139460 AND 3139560
	Bitmap Heap Scan on sbtest6  (cost=5.58..448.82 rows=112 width=125)
	  Recheck Cond: ((k >= 3139460) AND (k <= 3139560))
	  ->  Bitmap Index Scan on k_6  (cost=0.00..5.55 rows=112 width=0)
	        Index Cond: ((k >= 3139460) AND (k <= 3139560))

table 7 : explain SELECT k, c FROM sbtest7 WHERE k BETWEEN 3139460 AND 3139560
	Bitmap Heap Scan on sbtest7  (cost=5.49..413.39 rows=103 width=125)
	  Recheck Cond: ((k >= 3139460) AND (k <= 3139560))
	  ->  Bitmap Index Scan on k_7  (cost=0.00..5.46 rows=103 width=0)
	        Index Cond: ((k >= 3139460) AND (k <= 3139560))

table 8 : explain SELECT k, c FROM sbtest8 WHERE k BETWEEN 3139460 AND 3139560
	Bitmap Heap Scan on sbtest8  (cost=5.47..405.50 rows=101 width=125)
	  Recheck Cond: ((k >= 3139460) AND (k <= 3139560))
	  ->  Bitmap Index Scan on k_8  (cost=0.00..5.44 rows=101 width=0)
	        Index Cond: ((k >= 3139460) AND (k <= 3139560))

explain: for range-notcovered :: explain SELECT k, c FROM sbtest%d WHERE k BETWEEN 6990942 AND 6991042
explain: for range-notcovered :: explain SELECT k, c FROM sbtest%d WHERE k BETWEEN 3139460 AND 3139560
for range-notcovered
table 1 : explain SELECT k, c FROM sbtest1 WHERE k BETWEEN 6154357 AND 6154457
	Bitmap Heap Scan on sbtest1  (cost=5.37..365.95 rows=91 width=125)
	  Recheck Cond: ((k >= 6154357) AND (k <= 6154457))
	  ->  Bitmap Index Scan on k_1  (cost=0.00..5.34 rows=91 width=0)
	        Index Cond: ((k >= 6154357) AND (k <= 6154457))

table 2 : explain SELECT k, c FROM sbtest2 WHERE k BETWEEN 6154357 AND 6154457
	Bitmap Heap Scan on sbtest2  (cost=5.53..429.08 rows=107 width=125)
	  Recheck Cond: ((k >= 6154357) AND (k <= 6154457))
	  ->  Bitmap Index Scan on k_2  (cost=0.00..5.50 rows=107 width=0)
	        Index Cond: ((k >= 6154357) AND (k <= 6154457))

table 3 : explain SELECT k, c FROM sbtest3 WHERE k BETWEEN 6154357 AND 6154457
	Bitmap Heap Scan on sbtest3  (cost=5.35..358.09 rows=89 width=125)
	  Recheck Cond: ((k >= 6154357) AND (k <= 6154457))
	  ->  Bitmap Index Scan on k_3  (cost=0.00..5.32 rows=89 width=0)
	        Index Cond: ((k >= 6154357) AND (k <= 6154457))

table 4 : explain SELECT k, c FROM sbtest4 WHERE k BETWEEN 6154357 AND 6154457
	Bitmap Heap Scan on sbtest4  (cost=5.50..417.30 rows=104 width=125)
	  Recheck Cond: ((k >= 6154357) AND (k <= 6154457))
	  ->  Bitmap Index Scan on k_4  (cost=0.00..5.47 rows=104 width=0)
	        Index Cond: ((k >= 6154357) AND (k <= 6154457))

table 5 : explain SELECT k, c FROM sbtest5 WHERE k BETWEEN 6154357 AND 6154457
	Bitmap Heap Scan on sbtest5  (cost=5.50..417.30 rows=104 width=125)
	  Recheck Cond: ((k >= 6154357) AND (k <= 6154457))
	  ->  Bitmap Index Scan on k_5  (cost=0.00..5.47 rows=104 width=0)
	        Index Cond: ((k >= 6154357) AND (k <= 6154457))

table 6 : explain SELECT k, c FROM sbtest6 WHERE k BETWEEN 6154357 AND 6154457
	Bitmap Heap Scan on sbtest6  (cost=5.48..409.41 rows=102 width=125)
	  Recheck Cond: ((k >= 6154357) AND (k <= 6154457))
	  ->  Bitmap Index Scan on k_6  (cost=0.00..5.45 rows=102 width=0)
	        Index Cond: ((k >= 6154357) AND (k <= 6154457))

table 7 : explain SELECT k, c FROM sbtest7 WHERE k BETWEEN 6154357 AND 6154457
	Bitmap Heap Scan on sbtest7  (cost=5.54..433.10 rows=108 width=125)
	  Recheck Cond: ((k >= 6154357) AND (k <= 6154457))
	  ->  Bitmap Index Scan on k_7  (cost=0.00..5.51 rows=108 width=0)
	        Index Cond: ((k >= 6154357) AND (k <= 6154457))

table 8 : explain SELECT k, c FROM sbtest8 WHERE k BETWEEN 6154357 AND 6154457
	Bitmap Heap Scan on sbtest8  (cost=5.51..421.27 rows=105 width=125)
	  Recheck Cond: ((k >= 6154357) AND (k <= 6154457))
	  ->  Bitmap Index Scan on k_8  (cost=0.00..5.48 rows=105 width=0)
	        Index Cond: ((k >= 6154357) AND (k <= 6154457))

explain: for range-notcovered :: explain SELECT k, c FROM sbtest%d WHERE k BETWEEN 6154357 AND 6154457
for range-notcovered
table 1 : explain SELECT k, c FROM sbtest1 WHERE k BETWEEN 985075 AND 985175
	Bitmap Heap Scan on sbtest1  (cost=5.53..429.04 rows=107 width=125)
	  Recheck Cond: ((k >= 985075) AND (k <= 985175))
	  ->  Bitmap Index Scan on k_1  (cost=0.00..5.50 rows=107 width=0)
	        Index Cond: ((k >= 985075) AND (k <= 985175))

table 2 : explain SELECT k, c FROM sbtest2 WHERE k BETWEEN 985075 AND 985175
	Bitmap Heap Scan on sbtest2  (cost=5.42..385.71 rows=96 width=125)
	  Recheck Cond: ((k >= 985075) AND (k <= 985175))
	  ->  Bitmap Index Scan on k_2  (cost=0.00..5.39 rows=96 width=0)
	        Index Cond: ((k >= 985075) AND (k <= 985175))

table 3 : explain SELECT k, c FROM sbtest3 WHERE k BETWEEN 985075 AND 985175
	Bitmap Heap Scan on sbtest3  (cost=5.51..421.20 rows=105 width=125)
	  Recheck Cond: ((k >= 985075) AND (k <= 985175))
	  ->  Bitmap Index Scan on k_3  (cost=0.00..5.48 rows=105 width=0)
	        Index Cond: ((k >= 985075) AND (k <= 985175))

table 4 : explain SELECT k, c FROM sbtest4 WHERE k BETWEEN 985075 AND 985175
	Bitmap Heap Scan on sbtest4  (cost=5.43..389.69 rows=97 width=125)
	  Recheck Cond: ((k >= 985075) AND (k <= 985175))
	  ->  Bitmap Index Scan on k_4  (cost=0.00..5.40 rows=97 width=0)
	        Index Cond: ((k >= 985075) AND (k <= 985175))

table 5 : explain SELECT k, c FROM sbtest5 WHERE k BETWEEN 985075 AND 985175
	Bitmap Heap Scan on sbtest5  (cost=5.49..413.35 rows=103 width=125)
	  Recheck Cond: ((k >= 985075) AND (k <= 985175))
	  ->  Bitmap Index Scan on k_5  (cost=0.00..5.46 rows=103 width=0)
	        Index Cond: ((k >= 985075) AND (k <= 985175))

table 6 : explain SELECT k, c FROM sbtest6 WHERE k BETWEEN 985075 AND 985175
	Bitmap Heap Scan on sbtest6  (cost=5.39..373.91 rows=93 width=125)
	  Recheck Cond: ((k >= 985075) AND (k <= 985175))
	  ->  Bitmap Index Scan on k_6  (cost=0.00..5.36 rows=93 width=0)
	        Index Cond: ((k >= 985075) AND (k <= 985175))

table 7 : explain SELECT k, c FROM sbtest7 WHERE k BETWEEN 985075 AND 985175
	Bitmap Heap Scan on sbtest7  (cost=5.50..417.33 rows=104 width=125)
	  Recheck Cond: ((k >= 985075) AND (k <= 985175))
	  ->  Bitmap Index Scan on k_7  (cost=0.00..5.47 rows=104 width=0)
	        Index Cond: ((k >= 985075) AND (k <= 985175))

table 8 : explain SELECT k, c FROM sbtest8 WHERE k BETWEEN 985075 AND 985175
	Bitmap Heap Scan on sbtest8  (cost=5.46..401.56 rows=100 width=125)
	  Recheck Cond: ((k >= 985075) AND (k <= 985175))
	  ->  Bitmap Index Scan on k_8  (cost=0.00..5.43 rows=100 width=0)
	        Index Cond: ((k >= 985075) AND (k <= 985175))

explain: for range-notcovered :: explain SELECT k, c FROM sbtest%d WHERE k BETWEEN 985075 AND 985175
for range-notcovered
table 1 : explain SELECT k, c FROM sbtest1 WHERE k BETWEEN 6187062 AND 6187162
	Bitmap Heap Scan on sbtest1  (cost=5.37..365.95 rows=91 width=125)
	  Recheck Cond: ((k >= 6187062) AND (k <= 6187162))
	  ->  Bitmap Index Scan on k_1  (cost=0.00..5.34 rows=91 width=0)
	        Index Cond: ((k >= 6187062) AND (k <= 6187162))

table 2 : explain SELECT k, c FROM sbtest2 WHERE k BETWEEN 6187062 AND 6187162
	Bitmap Heap Scan on sbtest2  (cost=5.53..429.08 rows=107 width=125)
	  Recheck Cond: ((k >= 6187062) AND (k <= 6187162))
	  ->  Bitmap Index Scan on k_2  (cost=0.00..5.50 rows=107 width=0)
	        Index Cond: ((k >= 6187062) AND (k <= 6187162))

table 3 : explain SELECT k, c FROM sbtest3 WHERE k BETWEEN 6187062 AND 6187162
	Bitmap Heap Scan on sbtest3  (cost=5.35..358.09 rows=89 width=125)
	  Recheck Cond: ((k >= 6187062) AND (k <= 6187162))
	  ->  Bitmap Index Scan on k_3  (cost=0.00..5.32 rows=89 width=0)
	        Index Cond: ((k >= 6187062) AND (k <= 6187162))

table 4 : explain SELECT k, c FROM sbtest4 WHERE k BETWEEN 6187062 AND 6187162
	Bitmap Heap Scan on sbtest4  (cost=5.50..417.30 rows=104 width=125)
	  Recheck Cond: ((k >= 6187062) AND (k <= 6187162))
	  ->  Bitmap Index Scan on k_4  (cost=0.00..5.47 rows=104 width=0)
	        Index Cond: ((k >= 6187062) AND (k <= 6187162))

table 5 : explain SELECT k, c FROM sbtest5 WHERE k BETWEEN 6187062 AND 6187162
	Bitmap Heap Scan on sbtest5  (cost=5.50..417.30 rows=104 width=125)
	  Recheck Cond: ((k >= 6187062) AND (k <= 6187162))
	  ->  Bitmap Index Scan on k_5  (cost=0.00..5.47 rows=104 width=0)
	        Index Cond: ((k >= 6187062) AND (k <= 6187162))

table 6 : explain SELECT k, c FROM sbtest6 WHERE k BETWEEN 6187062 AND 6187162
	Bitmap Heap Scan on sbtest6  (cost=5.48..409.41 rows=102 width=125)
	  Recheck Cond: ((k >= 6187062) AND (k <= 6187162))
	  ->  Bitmap Index Scan on k_6  (cost=0.00..5.45 rows=102 width=0)
	        Index Cond: ((k >= 6187062) AND (k <= 6187162))

table 7 : explain SELECT k, c FROM sbtest7 WHERE k BETWEEN 6187062 AND 6187162
	Bitmap Heap Scan on sbtest7  (cost=5.54..433.10 rows=108 width=125)
	  Recheck Cond: ((k >= 6187062) AND (k <= 6187162))
	  ->  Bitmap Index Scan on k_7  (cost=0.00..5.51 rows=108 width=0)
	        Index Cond: ((k >= 6187062) AND (k <= 6187162))

table 8 : explain SELECT k, c FROM sbtest8 WHERE k BETWEEN 6187062 AND 6187162
	Bitmap Heap Scan on sbtest8  (cost=5.44..393.67 rows=98 width=125)
	  Recheck Cond: ((k >= 6187062) AND (k <= 6187162))
	  ->  Bitmap Index Scan on k_8  (cost=0.00..5.42 rows=98 width=0)
	        Index Cond: ((k >= 6187062) AND (k <= 6187162))

explain: for range-notcovered :: explain SELECT k, c FROM sbtest%d WHERE k BETWEEN 2483894 AND 2483994
explain: for range-notcovered :: explain SELECT k, c FROM sbtest%d WHERE k BETWEEN 6187062 AND 6187162
for range-notcovered
table 1 : explain SELECT k, c FROM sbtest1 WHERE k BETWEEN 6494881 AND 6494981
	Bitmap Heap Scan on sbtest1  (cost=5.52..425.10 rows=106 width=125)
	  Recheck Cond: ((k >= 6494881) AND (k <= 6494981))
	  ->  Bitmap Index Scan on k_1  (cost=0.00..5.50 rows=106 width=0)
	        Index Cond: ((k >= 6494881) AND (k <= 6494981))

table 2 : explain SELECT k, c FROM sbtest2 WHERE k BETWEEN 6494881 AND 6494981
	Bitmap Heap Scan on sbtest2  (cost=5.48..409.37 rows=102 width=125)
	  Recheck Cond: ((k >= 6494881) AND (k <= 6494981))
	  ->  Bitmap Index Scan on k_2  (cost=0.00..5.45 rows=102 width=0)
	        Index Cond: ((k >= 6494881) AND (k <= 6494981))

table 3 : explain SELECT k, c FROM sbtest3 WHERE k BETWEEN 6494881 AND 6494981
	Bitmap Heap Scan on sbtest3  (cost=5.60..456.65 rows=114 width=125)
	  Recheck Cond: ((k >= 6494881) AND (k <= 6494981))
	  ->  Bitmap Index Scan on k_3  (cost=0.00..5.58 rows=114 width=0)
	        Index Cond: ((k >= 6494881) AND (k <= 6494981))

table 4 : explain SELECT k, c FROM sbtest4 WHERE k BETWEEN 6494881 AND 6494981
	Bitmap Heap Scan on sbtest4  (cost=5.46..401.52 rows=100 width=125)
	  Recheck Cond: ((k >= 6494881) AND (k <= 6494981))
	  ->  Bitmap Index Scan on k_4  (cost=0.00..5.43 rows=100 width=0)
	        Index Cond: ((k >= 6494881) AND (k <= 6494981))

table 5 : explain SELECT k, c FROM sbtest5 WHERE k BETWEEN 6494881 AND 6494981
	Bitmap Heap Scan on sbtest5  (cost=5.47..405.47 rows=101 width=125)
	  Recheck Cond: ((k >= 6494881) AND (k <= 6494981))
	  ->  Bitmap Index Scan on k_5  (cost=0.00..5.44 rows=101 width=0)
	        Index Cond: ((k >= 6494881) AND (k <= 6494981))

table 6 : explain SELECT k, c FROM sbtest6 WHERE k BETWEEN 6494881 AND 6494981
	Bitmap Heap Scan on sbtest6  (cost=5.35..358.12 rows=89 width=125)
	  Recheck Cond: ((k >= 6494881) AND (k <= 6494981))
	  ->  Bitmap Index Scan on k_6  (cost=0.00..5.32 rows=89 width=0)
	        Index Cond: ((k >= 6494881) AND (k <= 6494981))

table 7 : explain SELECT k, c FROM sbtest7 WHERE k BETWEEN 6494881 AND 6494981
	Bitmap Heap Scan on sbtest7  (cost=5.49..413.39 rows=103 width=125)
	  Recheck Cond: ((k >= 6494881) AND (k <= 6494981))
	  ->  Bitmap Index Scan on k_7  (cost=0.00..5.46 rows=103 width=0)
	        Index Cond: ((k >= 6494881) AND (k <= 6494981))

table 8 : explain SELECT k, c FROM sbtest8 WHERE k BETWEEN 6494881 AND 6494981
	Bitmap Heap Scan on sbtest8  (cost=5.39..373.94 rows=93 width=125)
	  Recheck Cond: ((k >= 6494881) AND (k <= 6494981))
	  ->  Bitmap Index Scan on k_8  (cost=0.00..5.36 rows=93 width=0)
	        Index Cond: ((k >= 6494881) AND (k <= 6494981))

for range-notcovered
table 1 : explain SELECT k, c FROM sbtest1 WHERE k BETWEEN 2480614 AND 2480714
	Bitmap Heap Scan on sbtest1  (cost=5.42..385.68 rows=96 width=125)
	  Recheck Cond: ((k >= 2480614) AND (k <= 2480714))
	  ->  Bitmap Index Scan on k_1  (cost=0.00..5.39 rows=96 width=0)
	        Index Cond: ((k >= 2480614) AND (k <= 2480714))

table 2 : explain SELECT k, c FROM sbtest2 WHERE k BETWEEN 2480614 AND 2480714
	Bitmap Heap Scan on sbtest2  (cost=5.51..421.20 rows=105 width=125)
	  Recheck Cond: ((k >= 2480614) AND (k <= 2480714))
	  ->  Bitmap Index Scan on k_2  (cost=0.00..5.48 rows=105 width=0)
	        Index Cond: ((k >= 2480614) AND (k <= 2480714))

table 3 : explain SELECT k, c FROM sbtest3 WHERE k BETWEEN 2480614 AND 2480714
	Bitmap Heap Scan on sbtest3  (cost=5.51..421.20 rows=105 width=125)
	  Recheck Cond: ((k >= 2480614) AND (k <= 2480714))
	  ->  Bitmap Index Scan on k_3  (cost=0.00..5.48 rows=105 width=0)
	        Index Cond: ((k >= 2480614) AND (k <= 2480714))

table 4 : explain SELECT k, c FROM sbtest4 WHERE k BETWEEN 2480614 AND 2480714
	Bitmap Heap Scan on sbtest4  (cost=5.38..369.96 rows=92 width=125)
	  Recheck Cond: ((k >= 2480614) AND (k <= 2480714))
	  ->  Bitmap Index Scan on k_4  (cost=0.00..5.35 rows=92 width=0)
	        Index Cond: ((k >= 2480614) AND (k <= 2480714))

table 5 : explain SELECT k, c FROM sbtest5 WHERE k BETWEEN 2480614 AND 2480714
	Bitmap Heap Scan on sbtest5  (cost=5.51..421.24 rows=105 width=125)
	  Recheck Cond: ((k >= 2480614) AND (k <= 2480714))
	  ->  Bitmap Index Scan on k_5  (cost=0.00..5.48 rows=105 width=0)
	        Index Cond: ((k >= 2480614) AND (k <= 2480714))

table 6 : explain SELECT k, c FROM sbtest6 WHERE k BETWEEN 2480614 AND 2480714
	Bitmap Heap Scan on sbtest6  (cost=5.47..405.47 rows=101 width=125)
	  Recheck Cond: ((k >= 2480614) AND (k <= 2480714))
	  ->  Bitmap Index Scan on k_6  (cost=0.00..5.44 rows=101 width=0)
	        Index Cond: ((k >= 2480614) AND (k <= 2480714))

table 7 : explain SELECT k, c FROM sbtest7 WHERE k BETWEEN 2480614 AND 2480714
	Bitmap Heap Scan on sbtest7  (cost=5.37..366.04 rows=91 width=125)
	  Recheck Cond: ((k >= 2480614) AND (k <= 2480714))
	  ->  Bitmap Index Scan on k_7  (cost=0.00..5.34 rows=91 width=0)
	        Index Cond: ((k >= 2480614) AND (k <= 2480714))

table 8 : explain SELECT k, c FROM sbtest8 WHERE k BETWEEN 2480614 AND 2480714
	Bitmap Heap Scan on sbtest8  (cost=5.42..385.78 rows=96 width=125)
	  Recheck Cond: ((k >= 2480614) AND (k <= 2480714))
	  ->  Bitmap Index Scan on k_8  (cost=0.00..5.39 rows=96 width=0)
	        Index Cond: ((k >= 2480614) AND (k <= 2480714))

for range-notcovered
table 1 : explain SELECT k, c FROM sbtest1 WHERE k BETWEEN 7192827 AND 7192927
	Bitmap Heap Scan on sbtest1  (cost=5.39..373.84 rows=93 width=125)
	  Recheck Cond: ((k >= 7192827) AND (k <= 7192927))
	  ->  Bitmap Index Scan on k_1  (cost=0.00..5.36 rows=93 width=0)
	        Index Cond: ((k >= 7192827) AND (k <= 7192927))

table 2 : explain SELECT k, c FROM sbtest2 WHERE k BETWEEN 7192827 AND 7192927
	Bitmap Heap Scan on sbtest2  (cost=5.61..460.59 rows=115 width=125)
	  Recheck Cond: ((k >= 7192827) AND (k <= 7192927))
	  ->  Bitmap Index Scan on k_2  (cost=0.00..5.58 rows=115 width=0)
	        Index Cond: ((k >= 7192827) AND (k <= 7192927))

table 3 : explain SELECT k, c FROM sbtest3 WHERE k BETWEEN 7192827 AND 7192927
	Bitmap Heap Scan on sbtest3  (cost=5.52..425.14 rows=106 width=125)
	  Recheck Cond: ((k >= 7192827) AND (k <= 7192927))
	  ->  Bitmap Index Scan on k_3  (cost=0.00..5.50 rows=106 width=0)
	        Index Cond: ((k >= 7192827) AND (k <= 7192927))

table 4 : explain SELECT k, c FROM sbtest4 WHERE k BETWEEN 7192827 AND 7192927
	Bitmap Heap Scan on sbtest4  (cost=5.53..429.12 rows=107 width=125)
	  Recheck Cond: ((k >= 7192827) AND (k <= 7192927))
	  ->  Bitmap Index Scan on k_4  (cost=0.00..5.50 rows=107 width=0)
	        Index Cond: ((k >= 7192827) AND (k <= 7192927))

table 5 : explain SELECT k, c FROM sbtest5 WHERE k BETWEEN 7192827 AND 7192927
	Bitmap Heap Scan on sbtest5  (cost=5.60..456.70 rows=114 width=125)
	  Recheck Cond: ((k >= 7192827) AND (k <= 7192927))
	  ->  Bitmap Index Scan on k_5  (cost=0.00..5.58 rows=114 width=0)
	        Index Cond: ((k >= 7192827) AND (k <= 7192927))

table 6 : explain SELECT k, c FROM sbtest6 WHERE k BETWEEN 7192827 AND 7192927
	Bitmap Heap Scan on sbtest6  (cost=5.46..401.53 rows=100 width=125)
	  Recheck Cond: ((k >= 7192827) AND (k <= 7192927))
	  ->  Bitmap Index Scan on k_6  (cost=0.00..5.43 rows=100 width=0)
	        Index Cond: ((k >= 7192827) AND (k <= 7192927))

table 7 : explain SELECT k, c FROM sbtest7 WHERE k BETWEEN 7192827 AND 7192927
	Bitmap Heap Scan on sbtest7  (cost=5.41..381.83 rows=95 width=125)
	  Recheck Cond: ((k >= 7192827) AND (k <= 7192927))
	  ->  Bitmap Index Scan on k_7  (cost=0.00..5.38 rows=95 width=0)
	        Index Cond: ((k >= 7192827) AND (k <= 7192927))

table 8 : explain SELECT k, c FROM sbtest8 WHERE k BETWEEN 7192827 AND 7192927
	Bitmap Heap Scan on sbtest8  (cost=5.53..429.16 rows=107 width=125)
	  Recheck Cond: ((k >= 7192827) AND (k <= 7192927))
	  ->  Bitmap Index Scan on k_8  (cost=0.00..5.50 rows=107 width=0)
	        Index Cond: ((k >= 7192827) AND (k <= 7192927))

for range-notcovered
table 1 : explain SELECT k, c FROM sbtest1 WHERE k BETWEEN 6990942 AND 6991042
	Bitmap Heap Scan on sbtest1  (cost=5.57..444.79 rows=111 width=125)
	  Recheck Cond: ((k >= 6990942) AND (k <= 6991042))
	  ->  Bitmap Index Scan on k_1  (cost=0.00..5.54 rows=111 width=0)
	        Index Cond: ((k >= 6990942) AND (k <= 6991042))

table 2 : explain SELECT k, c FROM sbtest2 WHERE k BETWEEN 6990942 AND 6991042
	Bitmap Heap Scan on sbtest2  (cost=5.42..385.71 rows=96 width=125)
	  Recheck Cond: ((k >= 6990942) AND (k <= 6991042))
	  ->  Bitmap Index Scan on k_2  (cost=0.00..5.39 rows=96 width=0)
	        Index Cond: ((k >= 6990942) AND (k <= 6991042))

table 3 : explain SELECT k, c FROM sbtest3 WHERE k BETWEEN 6990942 AND 6991042
	Bitmap Heap Scan on sbtest3  (cost=5.42..385.71 rows=96 width=125)
	  Recheck Cond: ((k >= 6990942) AND (k <= 6991042))
	  ->  Bitmap Index Scan on k_3  (cost=0.00..5.39 rows=96 width=0)
	        Index Cond: ((k >= 6990942) AND (k <= 6991042))

table 4 : explain SELECT k, c FROM sbtest4 WHERE k BETWEEN 6990942 AND 6991042
	Bitmap Heap Scan on sbtest4  (cost=5.48..409.41 rows=102 width=125)
	  Recheck Cond: ((k >= 6990942) AND (k <= 6991042))
	  ->  Bitmap Index Scan on k_4  (cost=0.00..5.45 rows=102 width=0)
	        Index Cond: ((k >= 6990942) AND (k <= 6991042))

table 5 : explain SELECT k, c FROM sbtest5 WHERE k BETWEEN 6990942 AND 6991042
	Bitmap Heap Scan on sbtest5  (cost=5.48..409.41 rows=102 width=125)
	  Recheck Cond: ((k >= 6990942) AND (k <= 6991042))
	  ->  Bitmap Index Scan on k_5  (cost=0.00..5.45 rows=102 width=0)
	        Index Cond: ((k >= 6990942) AND (k <= 6991042))

table 6 : explain SELECT k, c FROM sbtest6 WHERE k BETWEEN 6990942 AND 6991042
	Bitmap Heap Scan on sbtest6  (cost=5.43..389.69 rows=97 width=125)
	  Recheck Cond: ((k >= 6990942) AND (k <= 6991042))
	  ->  Bitmap Index Scan on k_6  (cost=0.00..5.40 rows=97 width=0)
	        Index Cond: ((k >= 6990942) AND (k <= 6991042))

table 7 : explain SELECT k, c FROM sbtest7 WHERE k BETWEEN 6990942 AND 6991042
	Bitmap Heap Scan on sbtest7  (cost=5.46..401.56 rows=100 width=125)
	  Recheck Cond: ((k >= 6990942) AND (k <= 6991042))
	  ->  Bitmap Index Scan on k_7  (cost=0.00..5.43 rows=100 width=0)
	        Index Cond: ((k >= 6990942) AND (k <= 6991042))

table 8 : explain SELECT k, c FROM sbtest8 WHERE k BETWEEN 6990942 AND 6991042
	Bitmap Heap Scan on sbtest8  (cost=5.52..425.22 rows=106 width=125)
	  Recheck Cond: ((k >= 6990942) AND (k <= 6991042))
	  ->  Bitmap Index Scan on k_8  (cost=0.00..5.50 rows=106 width=0)
	        Index Cond: ((k >= 6990942) AND (k <= 6991042))

for range-notcovered
table 1 : explain SELECT k, c FROM sbtest1 WHERE k BETWEEN 3139460 AND 3139560
	Bitmap Heap Scan on sbtest1  (cost=5.54..432.98 rows=108 width=125)
	  Recheck Cond: ((k >= 3139460) AND (k <= 3139560))
	  ->  Bitmap Index Scan on k_1  (cost=0.00..5.51 rows=108 width=0)
	        Index Cond: ((k >= 3139460) AND (k <= 3139560))

table 2 : explain SELECT k, c FROM sbtest2 WHERE k BETWEEN 3139460 AND 3139560
	Bitmap Heap Scan on sbtest2  (cost=5.41..381.77 rows=95 width=125)
	  Recheck Cond: ((k >= 3139460) AND (k <= 3139560))
	  ->  Bitmap Index Scan on k_2  (cost=0.00..5.38 rows=95 width=0)
	        Index Cond: ((k >= 3139460) AND (k <= 3139560))

table 3 : explain SELECT k, c FROM sbtest3 WHERE k BETWEEN 3139460 AND 3139560
	Bitmap Heap Scan on sbtest3  (cost=5.40..377.82 rows=94 width=125)
	  Recheck Cond: ((k >= 3139460) AND (k <= 3139560))
	  ->  Bitmap Index Scan on k_3  (cost=0.00..5.38 rows=94 width=0)
	        Index Cond: ((k >= 3139460) AND (k <= 3139560))

table 4 : explain SELECT k, c FROM sbtest4 WHERE k BETWEEN 3139460 AND 3139560
	Bitmap Heap Scan on sbtest4  (cost=5.52..425.18 rows=106 width=125)
	  Recheck Cond: ((k >= 3139460) AND (k <= 3139560))
	  ->  Bitmap Index Scan on k_4  (cost=0.00..5.50 rows=106 width=0)
	        Index Cond: ((k >= 3139460) AND (k <= 3139560))

table 5 : explain SELECT k, c FROM sbtest5 WHERE k BETWEEN 3139460 AND 3139560
	Bitmap Heap Scan on sbtest5  (cost=5.53..429.12 rows=107 width=125)
	  Recheck Cond: ((k >= 3139460) AND (k <= 3139560))
	  ->  Bitmap Index Scan on k_5  (cost=0.00..5.50 rows=107 width=0)
	        Index Cond: ((k >= 3139460) AND (k <= 3139560))

table 6 : explain SELECT k, c FROM sbtest6 WHERE k BETWEEN 3139460 AND 3139560
	Bitmap Heap Scan on sbtest6  (cost=5.58..448.82 rows=112 width=125)
	  Recheck Cond: ((k >= 3139460) AND (k <= 3139560))
	  ->  Bitmap Index Scan on k_6  (cost=0.00..5.55 rows=112 width=0)
	        Index Cond: ((k >= 3139460) AND (k <= 3139560))

table 7 : explain SELECT k, c FROM sbtest7 WHERE k BETWEEN 3139460 AND 3139560
	Bitmap Heap Scan on sbtest7  (cost=5.49..413.39 rows=103 width=125)
	  Recheck Cond: ((k >= 3139460) AND (k <= 3139560))
	  ->  Bitmap Index Scan on k_7  (cost=0.00..5.46 rows=103 width=0)
	        Index Cond: ((k >= 3139460) AND (k <= 3139560))

table 8 : explain SELECT k, c FROM sbtest8 WHERE k BETWEEN 3139460 AND 3139560
	Bitmap Heap Scan on sbtest8  (cost=5.47..405.50 rows=101 width=125)
	  Recheck Cond: ((k >= 3139460) AND (k <= 3139560))
	  ->  Bitmap Index Scan on k_8  (cost=0.00..5.44 rows=101 width=0)
	        Index Cond: ((k >= 3139460) AND (k <= 3139560))
explain: for range-notcovered :: explain SELECT k, c FROM sbtest%d WHERE k BETWEEN 7192827 AND 7192927explain: for range-notcovered :: explain SELECT k, c FROM sbtest%d WHERE k BETWEEN 6494881 AND 6494981


explain: for range-notcovered :: explain SELECT k, c FROM sbtest%d WHERE k BETWEEN 6990942 AND 6991042
explain: for range-notcovered :: explain SELECT k, c FROM sbtest%d WHERE k BETWEEN 3139460 AND 3139560
for range-notcovered
table 1 : explain SELECT k, c FROM sbtest1 WHERE k BETWEEN 6154357 AND 6154457
	Bitmap Heap Scan on sbtest1  (cost=5.37..365.95 rows=91 width=125)
	  Recheck Cond: ((k >= 6154357) AND (k <= 6154457))
	  ->  Bitmap Index Scan on k_1  (cost=0.00..5.34 rows=91 width=0)
	        Index Cond: ((k >= 6154357) AND (k <= 6154457))

table 2 : explain SELECT k, c FROM sbtest2 WHERE k BETWEEN 6154357 AND 6154457
	Bitmap Heap Scan on sbtest2  (cost=5.53..429.08 rows=107 width=125)
	  Recheck Cond: ((k >= 6154357) AND (k <= 6154457))
	  ->  Bitmap Index Scan on k_2  (cost=0.00..5.50 rows=107 width=0)
	        Index Cond: ((k >= 6154357) AND (k <= 6154457))

table 3 : explain SELECT k, c FROM sbtest3 WHERE k BETWEEN 6154357 AND 6154457
	Bitmap Heap Scan on sbtest3  (cost=5.35..358.09 rows=89 width=125)
	  Recheck Cond: ((k >= 6154357) AND (k <= 6154457))
	  ->  Bitmap Index Scan on k_3  (cost=0.00..5.32 rows=89 width=0)
	        Index Cond: ((k >= 6154357) AND (k <= 6154457))

table 4 : explain SELECT k, c FROM sbtest4 WHERE k BETWEEN 6154357 AND 6154457
	Bitmap Heap Scan on sbtest4  (cost=5.50..417.30 rows=104 width=125)
	  Recheck Cond: ((k >= 6154357) AND (k <= 6154457))
	  ->  Bitmap Index Scan on k_4  (cost=0.00..5.47 rows=104 width=0)
	        Index Cond: ((k >= 6154357) AND (k <= 6154457))

table 5 : explain SELECT k, c FROM sbtest5 WHERE k BETWEEN 6154357 AND 6154457
	Bitmap Heap Scan on sbtest5  (cost=5.50..417.30 rows=104 width=125)
	  Recheck Cond: ((k >= 6154357) AND (k <= 6154457))
	  ->  Bitmap Index Scan on k_5  (cost=0.00..5.47 rows=104 width=0)
	        Index Cond: ((k >= 6154357) AND (k <= 6154457))

table 6 : explain SELECT k, c FROM sbtest6 WHERE k BETWEEN 6154357 AND 6154457
	Bitmap Heap Scan on sbtest6  (cost=5.48..409.41 rows=102 width=125)
	  Recheck Cond: ((k >= 6154357) AND (k <= 6154457))
	  ->  Bitmap Index Scan on k_6  (cost=0.00..5.45 rows=102 width=0)
	        Index Cond: ((k >= 6154357) AND (k <= 6154457))

table 7 : explain SELECT k, c FROM sbtest7 WHERE k BETWEEN 6154357 AND 6154457
	Bitmap Heap Scan on sbtest7  (cost=5.54..433.10 rows=108 width=125)
	  Recheck Cond: ((k >= 6154357) AND (k <= 6154457))
	  ->  Bitmap Index Scan on k_7  (cost=0.00..5.51 rows=108 width=0)
	        Index Cond: ((k >= 6154357) AND (k <= 6154457))

table 8 : explain SELECT k, c FROM sbtest8 WHERE k BETWEEN 6154357 AND 6154457
	Bitmap Heap Scan on sbtest8  (cost=5.51..421.27 rows=105 width=125)
	  Recheck Cond: ((k >= 6154357) AND (k <= 6154457))
	  ->  Bitmap Index Scan on k_8  (cost=0.00..5.48 rows=105 width=0)
	        Index Cond: ((k >= 6154357) AND (k <= 6154457))

explain: for range-notcovered :: explain SELECT k, c FROM sbtest%d WHERE k BETWEEN 6154357 AND 6154457
for range-notcovered
table 1 : explain SELECT k, c FROM sbtest1 WHERE k BETWEEN 985075 AND 985175
	Bitmap Heap Scan on sbtest1  (cost=5.53..429.04 rows=107 width=125)
	  Recheck Cond: ((k >= 985075) AND (k <= 985175))
	  ->  Bitmap Index Scan on k_1  (cost=0.00..5.50 rows=107 width=0)
	        Index Cond: ((k >= 985075) AND (k <= 985175))

table 2 : explain SELECT k, c FROM sbtest2 WHERE k BETWEEN 985075 AND 985175
	Bitmap Heap Scan on sbtest2  (cost=5.42..385.71 rows=96 width=125)
	  Recheck Cond: ((k >= 985075) AND (k <= 985175))
	  ->  Bitmap Index Scan on k_2  (cost=0.00..5.39 rows=96 width=0)
	        Index Cond: ((k >= 985075) AND (k <= 985175))

table 3 : explain SELECT k, c FROM sbtest3 WHERE k BETWEEN 985075 AND 985175
	Bitmap Heap Scan on sbtest3  (cost=5.51..421.20 rows=105 width=125)
	  Recheck Cond: ((k >= 985075) AND (k <= 985175))
	  ->  Bitmap Index Scan on k_3  (cost=0.00..5.48 rows=105 width=0)
	        Index Cond: ((k >= 985075) AND (k <= 985175))

table 4 : explain SELECT k, c FROM sbtest4 WHERE k BETWEEN 985075 AND 985175
	Bitmap Heap Scan on sbtest4  (cost=5.43..389.69 rows=97 width=125)
	  Recheck Cond: ((k >= 985075) AND (k <= 985175))
	  ->  Bitmap Index Scan on k_4  (cost=0.00..5.40 rows=97 width=0)
	        Index Cond: ((k >= 985075) AND (k <= 985175))

table 5 : explain SELECT k, c FROM sbtest5 WHERE k BETWEEN 985075 AND 985175
	Bitmap Heap Scan on sbtest5  (cost=5.49..413.35 rows=103 width=125)
	  Recheck Cond: ((k >= 985075) AND (k <= 985175))
	  ->  Bitmap Index Scan on k_5  (cost=0.00..5.46 rows=103 width=0)
	        Index Cond: ((k >= 985075) AND (k <= 985175))

table 6 : explain SELECT k, c FROM sbtest6 WHERE k BETWEEN 985075 AND 985175
	Bitmap Heap Scan on sbtest6  (cost=5.39..373.91 rows=93 width=125)
	  Recheck Cond: ((k >= 985075) AND (k <= 985175))
	  ->  Bitmap Index Scan on k_6  (cost=0.00..5.36 rows=93 width=0)
	        Index Cond: ((k >= 985075) AND (k <= 985175))

table 7 : explain SELECT k, c FROM sbtest7 WHERE k BETWEEN 985075 AND 985175
	Bitmap Heap Scan on sbtest7  (cost=5.50..417.33 rows=104 width=125)
	  Recheck Cond: ((k >= 985075) AND (k <= 985175))
	  ->  Bitmap Index Scan on k_7  (cost=0.00..5.47 rows=104 width=0)
	        Index Cond: ((k >= 985075) AND (k <= 985175))

table 8 : explain SELECT k, c FROM sbtest8 WHERE k BETWEEN 985075 AND 985175
	Bitmap Heap Scan on sbtest8  (cost=5.46..401.56 rows=100 width=125)
	  Recheck Cond: ((k >= 985075) AND (k <= 985175))
	  ->  Bitmap Index Scan on k_8  (cost=0.00..5.43 rows=100 width=0)
	        Index Cond: ((k >= 985075) AND (k <= 985175))

for range-notcovered
table 1 : explain SELECT k, c FROM sbtest1 WHERE k BETWEEN 6187062 AND 6187162
	Bitmap Heap Scan on sbtest1  (cost=5.37..365.95 rows=91 width=125)
	  Recheck Cond: ((k >= 6187062) AND (k <= 6187162))
	  ->  Bitmap Index Scan on k_1  (cost=0.00..5.34 rows=91 width=0)
	        Index Cond: ((k >= 6187062) AND (k <= 6187162))

table 2 : explain SELECT k, c FROM sbtest2 WHERE k BETWEEN 6187062 AND 6187162
	Bitmap Heap Scan on sbtest2  (cost=5.53..429.08 rows=107 width=125)
	  Recheck Cond: ((k >= 6187062) AND (k <= 6187162))
	  ->  Bitmap Index Scan on k_2  (cost=0.00..5.50 rows=107 width=0)
	        Index Cond: ((k >= 6187062) AND (k <= 6187162))

table 3 : explain SELECT k, c FROM sbtest3 WHERE k BETWEEN 6187062 AND 6187162
	Bitmap Heap Scan on sbtest3  (cost=5.35..358.09 rows=89 width=125)
	  Recheck Cond: ((k >= 6187062) AND (k <= 6187162))
	  ->  Bitmap Index Scan on k_3  (cost=0.00..5.32 rows=89 width=0)
	        Index Cond: ((k >= 6187062) AND (k <= 6187162))

table 4 : explain SELECT k, c FROM sbtest4 WHERE k BETWEEN 6187062 AND 6187162
	Bitmap Heap Scan on sbtest4  (cost=5.50..417.30 rows=104 width=125)
	  Recheck Cond: ((k >= 6187062) AND (k <= 6187162))
	  ->  Bitmap Index Scan on k_4  (cost=0.00..5.47 rows=104 width=0)
	        Index Cond: ((k >= 6187062) AND (k <= 6187162))

table 5 : explain SELECT k, c FROM sbtest5 WHERE k BETWEEN 6187062 AND 6187162
	Bitmap Heap Scan on sbtest5  (cost=5.50..417.30 rows=104 width=125)
	  Recheck Cond: ((k >= 6187062) AND (k <= 6187162))
	  ->  Bitmap Index Scan on k_5  (cost=0.00..5.47 rows=104 width=0)
	        Index Cond: ((k >= 6187062) AND (k <= 6187162))

table 6 : explain SELECT k, c FROM sbtest6 WHERE k BETWEEN 6187062 AND 6187162
	Bitmap Heap Scan on sbtest6  (cost=5.48..409.41 rows=102 width=125)
	  Recheck Cond: ((k >= 6187062) AND (k <= 6187162))
	  ->  Bitmap Index Scan on k_6  (cost=0.00..5.45 rows=102 width=0)
	        Index Cond: ((k >= 6187062) AND (k <= 6187162))

table 7 : explain SELECT k, c FROM sbtest7 WHERE k BETWEEN 6187062 AND 6187162
	Bitmap Heap Scan on sbtest7  (cost=5.54..433.10 rows=108 width=125)
	  Recheck Cond: ((k >= 6187062) AND (k <= 6187162))
	  ->  Bitmap Index Scan on k_7  (cost=0.00..5.51 rows=108 width=0)
	        Index Cond: ((k >= 6187062) AND (k <= 6187162))

table 8 : explain SELECT k, c FROM sbtest8 WHERE k BETWEEN 6187062 AND 6187162
	Bitmap Heap Scan on sbtest8  (cost=5.44..393.67 rows=98 width=125)
	  Recheck Cond: ((k >= 6187062) AND (k <= 6187162))
	  ->  Bitmap Index Scan on k_8  (cost=0.00..5.42 rows=98 width=0)
	        Index Cond: ((k >= 6187062) AND (k <= 6187162))

explain: for range-notcovered :: explain SELECT k, c FROM sbtest%d WHERE k BETWEEN 6187062 AND 6187162
explain: for range-notcovered :: explain SELECT k, c FROM sbtest%d WHERE k BETWEEN 6081049 AND 6081149
for range-notcovered
table 1 : explain SELECT k, c FROM sbtest1 WHERE k BETWEEN 7192827 AND 7192927
	Bitmap Heap Scan on sbtest1  (cost=5.39..373.84 rows=93 width=125)
	  Recheck Cond: ((k >= 7192827) AND (k <= 7192927))
	  ->  Bitmap Index Scan on k_1  (cost=0.00..5.36 rows=93 width=0)
	        Index Cond: ((k >= 7192827) AND (k <= 7192927))

table 2 : explain SELECT k, c FROM sbtest2 WHERE k BETWEEN 7192827 AND 7192927
	Bitmap Heap Scan on sbtest2  (cost=5.61..460.59 rows=115 width=125)
	  Recheck Cond: ((k >= 7192827) AND (k <= 7192927))
	  ->  Bitmap Index Scan on k_2  (cost=0.00..5.58 rows=115 width=0)
	        Index Cond: ((k >= 7192827) AND (k <= 7192927))

table 3 : explain SELECT k, c FROM sbtest3 WHERE k BETWEEN 7192827 AND 7192927
	Bitmap Heap Scan on sbtest3  (cost=5.52..425.14 rows=106 width=125)
	  Recheck Cond: ((k >= 7192827) AND (k <= 7192927))
	  ->  Bitmap Index Scan on k_3  (cost=0.00..5.50 rows=106 width=0)
	        Index Cond: ((k >= 7192827) AND (k <= 7192927))

table 4 : explain SELECT k, c FROM sbtest4 WHERE k BETWEEN 7192827 AND 7192927
	Bitmap Heap Scan on sbtest4  (cost=5.53..429.12 rows=107 width=125)
	  Recheck Cond: ((k >= 7192827) AND (k <= 7192927))
	  ->  Bitmap Index Scan on k_4  (cost=0.00..5.50 rows=107 width=0)
	        Index Cond: ((k >= 7192827) AND (k <= 7192927))

table 5 : explain SELECT k, c FROM sbtest5 WHERE k BETWEEN 7192827 AND 7192927
	Bitmap Heap Scan on sbtest5  (cost=5.60..456.70 rows=114 width=125)
	  Recheck Cond: ((k >= 7192827) AND (k <= 7192927))
	  ->  Bitmap Index Scan on k_5  (cost=0.00..5.58 rows=114 width=0)
	        Index Cond: ((k >= 7192827) AND (k <= 7192927))

table 6 : explain SELECT k, c FROM sbtest6 WHERE k BETWEEN 7192827 AND 7192927
	Bitmap Heap Scan on sbtest6  (cost=5.46..401.53 rows=100 width=125)
	  Recheck Cond: ((k >= 7192827) AND (k <= 7192927))
	  ->  Bitmap Index Scan on k_6  (cost=0.00..5.43 rows=100 width=0)
	        Index Cond: ((k >= 7192827) AND (k <= 7192927))

table 7 : explain SELECT k, c FROM sbtest7 WHERE k BETWEEN 7192827 AND 7192927
	Bitmap Heap Scan on sbtest7  (cost=5.41..381.83 rows=95 width=125)
	  Recheck Cond: ((k >= 7192827) AND (k <= 7192927))
	  ->  Bitmap Index Scan on k_7  (cost=0.00..5.38 rows=95 width=0)
	        Index Cond: ((k >= 7192827) AND (k <= 7192927))

table 8 : explain SELECT k, c FROM sbtest8 WHERE k BETWEEN 7192827 AND 7192927
	Bitmap Heap Scan on sbtest8  (cost=5.53..429.16 rows=107 width=125)
	  Recheck Cond: ((k >= 7192827) AND (k <= 7192927))
	  ->  Bitmap Index Scan on k_8  (cost=0.00..5.50 rows=107 width=0)
	        Index Cond: ((k >= 7192827) AND (k <= 7192927))

for range-notcovered
table 1 : explain SELECT k, c FROM sbtest1 WHERE k BETWEEN 6990942 AND 6991042
	Bitmap Heap Scan on sbtest1  (cost=5.57..444.79 rows=111 width=125)
	  Recheck Cond: ((k >= 6990942) AND (k <= 6991042))
	  ->  Bitmap Index Scan on k_1  (cost=0.00..5.54 rows=111 width=0)
	        Index Cond: ((k >= 6990942) AND (k <= 6991042))

table 2 : explain SELECT k, c FROM sbtest2 WHERE k BETWEEN 6990942 AND 6991042
	Bitmap Heap Scan on sbtest2  (cost=5.42..385.71 rows=96 width=125)
	  Recheck Cond: ((k >= 6990942) AND (k <= 6991042))
	  ->  Bitmap Index Scan on k_2  (cost=0.00..5.39 rows=96 width=0)
	        Index Cond: ((k >= 6990942) AND (k <= 6991042))

table 3 : explain SELECT k, c FROM sbtest3 WHERE k BETWEEN 6990942 AND 6991042
	Bitmap Heap Scan on sbtest3  (cost=5.42..385.71 rows=96 width=125)
	  Recheck Cond: ((k >= 6990942) AND (k <= 6991042))
	  ->  Bitmap Index Scan on k_3  (cost=0.00..5.39 rows=96 width=0)
	        Index Cond: ((k >= 6990942) AND (k <= 6991042))

table 4 : explain SELECT k, c FROM sbtest4 WHERE k BETWEEN 6990942 AND 6991042
	Bitmap Heap Scan on sbtest4  (cost=5.48..409.41 rows=102 width=125)
	  Recheck Cond: ((k >= 6990942) AND (k <= 6991042))
	  ->  Bitmap Index Scan on k_4  (cost=0.00..5.45 rows=102 width=0)
	        Index Cond: ((k >= 6990942) AND (k <= 6991042))

table 5 : explain SELECT k, c FROM sbtest5 WHERE k BETWEEN 6990942 AND 6991042
	Bitmap Heap Scan on sbtest5  (cost=5.48..409.41 rows=102 width=125)
	  Recheck Cond: ((k >= 6990942) AND (k <= 6991042))
	  ->  Bitmap Index Scan on k_5  (cost=0.00..5.45 rows=102 width=0)
	        Index Cond: ((k >= 6990942) AND (k <= 6991042))

table 6 : explain SELECT k, c FROM sbtest6 WHERE k BETWEEN 6990942 AND 6991042
	Bitmap Heap Scan on sbtest6  (cost=5.43..389.69 rows=97 width=125)
	  Recheck Cond: ((k >= 6990942) AND (k <= 6991042))
	  ->  Bitmap Index Scan on k_6  (cost=0.00..5.40 rows=97 width=0)
	        Index Cond: ((k >= 6990942) AND (k <= 6991042))

table 7 : explain SELECT k, c FROM sbtest7 WHERE k BETWEEN 6990942 AND 6991042
	Bitmap Heap Scan on sbtest7  (cost=5.46..401.56 rows=100 width=125)
	  Recheck Cond: ((k >= 6990942) AND (k <= 6991042))
	  ->  Bitmap Index Scan on k_7  (cost=0.00..5.43 rows=100 width=0)
	        Index Cond: ((k >= 6990942) AND (k <= 6991042))

table 8 : explain SELECT k, c FROM sbtest8 WHERE k BETWEEN 6990942 AND 6991042
	Bitmap Heap Scan on sbtest8  (cost=5.52..425.22 rows=106 width=125)
	  Recheck Cond: ((k >= 6990942) AND (k <= 6991042))
	  ->  Bitmap Index Scan on k_8  (cost=0.00..5.50 rows=106 width=0)
	        Index Cond: ((k >= 6990942) AND (k <= 6991042))

explain: for range-notcovered :: explain SELECT k, c FROM sbtest%d WHERE k BETWEEN 7192827 AND 7192927
explain: for range-notcovered :: explain SELECT k, c FROM sbtest%d WHERE k BETWEEN 6990942 AND 6991042
for range-notcovered
table 1 : explain SELECT k, c FROM sbtest1 WHERE k BETWEEN 3139460 AND 3139560
	Bitmap Heap Scan on sbtest1  (cost=5.54..432.98 rows=108 width=125)
	  Recheck Cond: ((k >= 3139460) AND (k <= 3139560))
	  ->  Bitmap Index Scan on k_1  (cost=0.00..5.51 rows=108 width=0)
	        Index Cond: ((k >= 3139460) AND (k <= 3139560))

table 2 : explain SELECT k, c FROM sbtest2 WHERE k BETWEEN 3139460 AND 3139560
	Bitmap Heap Scan on sbtest2  (cost=5.41..381.77 rows=95 width=125)
	  Recheck Cond: ((k >= 3139460) AND (k <= 3139560))
	  ->  Bitmap Index Scan on k_2  (cost=0.00..5.38 rows=95 width=0)
	        Index Cond: ((k >= 3139460) AND (k <= 3139560))

table 3 : explain SELECT k, c FROM sbtest3 WHERE k BETWEEN 3139460 AND 3139560
	Bitmap Heap Scan on sbtest3  (cost=5.40..377.82 rows=94 width=125)
	  Recheck Cond: ((k >= 3139460) AND (k <= 3139560))
	  ->  Bitmap Index Scan on k_3  (cost=0.00..5.38 rows=94 width=0)
	        Index Cond: ((k >= 3139460) AND (k <= 3139560))

table 4 : explain SELECT k, c FROM sbtest4 WHERE k BETWEEN 3139460 AND 3139560
	Bitmap Heap Scan on sbtest4  (cost=5.52..425.18 rows=106 width=125)
	  Recheck Cond: ((k >= 3139460) AND (k <= 3139560))
	  ->  Bitmap Index Scan on k_4  (cost=0.00..5.50 rows=106 width=0)
	        Index Cond: ((k >= 3139460) AND (k <= 3139560))

table 5 : explain SELECT k, c FROM sbtest5 WHERE k BETWEEN 3139460 AND 3139560
	Bitmap Heap Scan on sbtest5  (cost=5.53..429.12 rows=107 width=125)
	  Recheck Cond: ((k >= 3139460) AND (k <= 3139560))
	  ->  Bitmap Index Scan on k_5  (cost=0.00..5.50 rows=107 width=0)
	        Index Cond: ((k >= 3139460) AND (k <= 3139560))

table 6 : explain SELECT k, c FROM sbtest6 WHERE k BETWEEN 3139460 AND 3139560
	Bitmap Heap Scan on sbtest6  (cost=5.58..448.82 rows=112 width=125)
	  Recheck Cond: ((k >= 3139460) AND (k <= 3139560))
	  ->  Bitmap Index Scan on k_6  (cost=0.00..5.55 rows=112 width=0)
	        Index Cond: ((k >= 3139460) AND (k <= 3139560))

table 7 : explain SELECT k, c FROM sbtest7 WHERE k BETWEEN 3139460 AND 3139560
	Bitmap Heap Scan on sbtest7  (cost=5.49..413.39 rows=103 width=125)
	  Recheck Cond: ((k >= 3139460) AND (k <= 3139560))
	  ->  Bitmap Index Scan on k_7  (cost=0.00..5.46 rows=103 width=0)
	        Index Cond: ((k >= 3139460) AND (k <= 3139560))

table 8 : explain SELECT k, c FROM sbtest8 WHERE k BETWEEN 3139460 AND 3139560
	Bitmap Heap Scan on sbtest8  (cost=5.47..405.50 rows=101 width=125)
	  Recheck Cond: ((k >= 3139460) AND (k <= 3139560))
	  ->  Bitmap Index Scan on k_8  (cost=0.00..5.44 rows=101 width=0)
	        Index Cond: ((k >= 3139460) AND (k <= 3139560))

for range-notcovered
table 1 : explain SELECT k, c FROM sbtest1 WHERE k BETWEEN 5749605 AND 5749705
	Bitmap Heap Scan on sbtest1  (cost=5.49..413.27 rows=103 width=125)
	  Recheck Cond: ((k >= 5749605) AND (k <= 5749705))
	  ->  Bitmap Index Scan on k_1  (cost=0.00..5.46 rows=103 width=0)
	        Index Cond: ((k >= 5749605) AND (k <= 5749705))

table 2 : explain SELECT k, c FROM sbtest2 WHERE k BETWEEN 5749605 AND 5749705
	Bitmap Heap Scan on sbtest2  (cost=5.50..417.26 rows=104 width=125)
	  Recheck Cond: ((k >= 5749605) AND (k <= 5749705))
	  ->  Bitmap Index Scan on k_2  (cost=0.00..5.47 rows=104 width=0)
	        Index Cond: ((k >= 5749605) AND (k <= 5749705))

table 3 : explain SELECT k, c FROM sbtest3 WHERE k BETWEEN 5749605 AND 5749705
	Bitmap Heap Scan on sbtest3  (cost=5.44..393.60 rows=98 width=125)
	  Recheck Cond: ((k >= 5749605) AND (k <= 5749705))
	  ->  Bitmap Index Scan on k_3  (cost=0.00..5.42 rows=98 width=0)
	        Index Cond: ((k >= 5749605) AND (k <= 5749705))

table 4 : explain SELECT k, c FROM sbtest4 WHERE k BETWEEN 5749605 AND 5749705
	Bitmap Heap Scan on sbtest4  (cost=5.49..413.35 rows=103 width=125)
	  Recheck Cond: ((k >= 5749605) AND (k <= 5749705))
	  ->  Bitmap Index Scan on k_4  (cost=0.00..5.46 rows=103 width=0)
	        Index Cond: ((k >= 5749605) AND (k <= 5749705))

table 5 : explain SELECT k, c FROM sbtest5 WHERE k BETWEEN 5749605 AND 5749705
	Bitmap Heap Scan on sbtest5  (cost=5.43..389.69 rows=97 width=125)
	  Recheck Cond: ((k >= 5749605) AND (k <= 5749705))
	  ->  Bitmap Index Scan on k_5  (cost=0.00..5.40 rows=97 width=0)
	        Index Cond: ((k >= 5749605) AND (k <= 5749705))

table 6 : explain SELECT k, c FROM sbtest6 WHERE k BETWEEN 5749605 AND 5749705
	Bitmap Heap Scan on sbtest6  (cost=5.49..413.36 rows=103 width=125)
	  Recheck Cond: ((k >= 5749605) AND (k <= 5749705))
	  ->  Bitmap Index Scan on k_6  (cost=0.00..5.46 rows=103 width=0)
	        Index Cond: ((k >= 5749605) AND (k <= 5749705))

table 7 : explain SELECT k, c FROM sbtest7 WHERE k BETWEEN 5749605 AND 5749705
	Bitmap Heap Scan on sbtest7  (cost=5.39..373.94 rows=93 width=125)
	  Recheck Cond: ((k >= 5749605) AND (k <= 5749705))
	  ->  Bitmap Index Scan on k_7  (cost=0.00..5.36 rows=93 width=0)
	        Index Cond: ((k >= 5749605) AND (k <= 5749705))

table 8 : explain SELECT k, c FROM sbtest8 WHERE k BETWEEN 5749605 AND 5749705
	Bitmap Heap Scan on sbtest8  (cost=5.50..417.33 rows=104 width=125)
	  Recheck Cond: ((k >= 5749605) AND (k <= 5749705))
	  ->  Bitmap Index Scan on k_8  (cost=0.00..5.47 rows=104 width=0)
	        Index Cond: ((k >= 5749605) AND (k <= 5749705))

for range-notcovered
table 1 : explain SELECT k, c FROM sbtest1 WHERE k BETWEEN 6494881 AND 6494981
	Bitmap Heap Scan on sbtest1  (cost=5.52..425.10 rows=106 width=125)
	  Recheck Cond: ((k >= 6494881) AND (k <= 6494981))
	  ->  Bitmap Index Scan on k_1  (cost=0.00..5.50 rows=106 width=0)
	        Index Cond: ((k >= 6494881) AND (k <= 6494981))

table 2 : explain SELECT k, c FROM sbtest2 WHERE k BETWEEN 6494881 AND 6494981
	Bitmap Heap Scan on sbtest2  (cost=5.48..409.37 rows=102 width=125)
	  Recheck Cond: ((k >= 6494881) AND (k <= 6494981))
	  ->  Bitmap Index Scan on k_2  (cost=0.00..5.45 rows=102 width=0)
	        Index Cond: ((k >= 6494881) AND (k <= 6494981))

table 3 : explain SELECT k, c FROM sbtest3 WHERE k BETWEEN 6494881 AND 6494981
	Bitmap Heap Scan on sbtest3  (cost=5.60..456.65 rows=114 width=125)
	  Recheck Cond: ((k >= 6494881) AND (k <= 6494981))
	  ->  Bitmap Index Scan on k_3  (cost=0.00..5.58 rows=114 width=0)
	        Index Cond: ((k >= 6494881) AND (k <= 6494981))

table 4 : explain SELECT k, c FROM sbtest4 WHERE k BETWEEN 6494881 AND 6494981
	Bitmap Heap Scan on sbtest4  (cost=5.46..401.52 rows=100 width=125)
	  Recheck Cond: ((k >= 6494881) AND (k <= 6494981))
	  ->  Bitmap Index Scan on k_4  (cost=0.00..5.43 rows=100 width=0)
	        Index Cond: ((k >= 6494881) AND (k <= 6494981))

table 5 : explain SELECT k, c FROM sbtest5 WHERE k BETWEEN 6494881 AND 6494981
	Bitmap Heap Scan on sbtest5  (cost=5.47..405.47 rows=101 width=125)
	  Recheck Cond: ((k >= 6494881) AND (k <= 6494981))
	  ->  Bitmap Index Scan on k_5  (cost=0.00..5.44 rows=101 width=0)
	        Index Cond: ((k >= 6494881) AND (k <= 6494981))

table 6 : explain SELECT k, c FROM sbtest6 WHERE k BETWEEN 6494881 AND 6494981
	Bitmap Heap Scan on sbtest6  (cost=5.35..358.12 rows=89 width=125)
	  Recheck Cond: ((k >= 6494881) AND (k <= 6494981))
	  ->  Bitmap Index Scan on k_6  (cost=0.00..5.32 rows=89 width=0)
	        Index Cond: ((k >= 6494881) AND (k <= 6494981))

table 7 : explain SELECT k, c FROM sbtest7 WHERE k BETWEEN 6494881 AND 6494981
	Bitmap Heap Scan on sbtest7  (cost=5.49..413.39 rows=103 width=125)
	  Recheck Cond: ((k >= 6494881) AND (k <= 6494981))
	  ->  Bitmap Index Scan on k_7  (cost=0.00..5.46 rows=103 width=0)
	        Index Cond: ((k >= 6494881) AND (k <= 6494981))

table 8 : explain SELECT k, c FROM sbtest8 WHERE k BETWEEN 6494881 AND 6494981
	Bitmap Heap Scan on sbtest8  (cost=5.39..373.94 rows=93 width=125)
	  Recheck Cond: ((k >= 6494881) AND (k <= 6494981))
	  ->  Bitmap Index Scan on k_8  (cost=0.00..5.36 rows=93 width=0)
	        Index Cond: ((k >= 6494881) AND (k <= 6494981))

explain: for range-notcovered :: explain SELECT k, c FROM sbtest%d WHERE k BETWEEN 3139460 AND 3139560
explain: for range-notcovered :: explain SELECT k, c FROM sbtest%d WHERE k BETWEEN 5749605 AND 5749705
explain: for range-notcovered :: explain SELECT k, c FROM sbtest%d WHERE k BETWEEN 6494881 AND 6494981
for range-notcovered
table 1 : explain SELECT k, c FROM sbtest1 WHERE k BETWEEN 6154357 AND 6154457
	Bitmap Heap Scan on sbtest1  (cost=5.37..365.95 rows=91 width=125)
	  Recheck Cond: ((k >= 6154357) AND (k <= 6154457))
	  ->  Bitmap Index Scan on k_1  (cost=0.00..5.34 rows=91 width=0)
	        Index Cond: ((k >= 6154357) AND (k <= 6154457))

table 2 : explain SELECT k, c FROM sbtest2 WHERE k BETWEEN 6154357 AND 6154457
	Bitmap Heap Scan on sbtest2  (cost=5.53..429.08 rows=107 width=125)
	  Recheck Cond: ((k >= 6154357) AND (k <= 6154457))
	  ->  Bitmap Index Scan on k_2  (cost=0.00..5.50 rows=107 width=0)
	        Index Cond: ((k >= 6154357) AND (k <= 6154457))

table 3 : explain SELECT k, c FROM sbtest3 WHERE k BETWEEN 6154357 AND 6154457
	Bitmap Heap Scan on sbtest3  (cost=5.35..358.09 rows=89 width=125)
	  Recheck Cond: ((k >= 6154357) AND (k <= 6154457))
	  ->  Bitmap Index Scan on k_3  (cost=0.00..5.32 rows=89 width=0)
	        Index Cond: ((k >= 6154357) AND (k <= 6154457))

table 4 : explain SELECT k, c FROM sbtest4 WHERE k BETWEEN 6154357 AND 6154457
	Bitmap Heap Scan on sbtest4  (cost=5.50..417.30 rows=104 width=125)
	  Recheck Cond: ((k >= 6154357) AND (k <= 6154457))
	  ->  Bitmap Index Scan on k_4  (cost=0.00..5.47 rows=104 width=0)
	        Index Cond: ((k >= 6154357) AND (k <= 6154457))

table 5 : explain SELECT k, c FROM sbtest5 WHERE k BETWEEN 6154357 AND 6154457
	Bitmap Heap Scan on sbtest5  (cost=5.50..417.30 rows=104 width=125)
	  Recheck Cond: ((k >= 6154357) AND (k <= 6154457))
	  ->  Bitmap Index Scan on k_5  (cost=0.00..5.47 rows=104 width=0)
	        Index Cond: ((k >= 6154357) AND (k <= 6154457))

table 6 : explain SELECT k, c FROM sbtest6 WHERE k BETWEEN 6154357 AND 6154457
	Bitmap Heap Scan on sbtest6  (cost=5.48..409.41 rows=102 width=125)
	  Recheck Cond: ((k >= 6154357) AND (k <= 6154457))
	  ->  Bitmap Index Scan on k_6  (cost=0.00..5.45 rows=102 width=0)
	        Index Cond: ((k >= 6154357) AND (k <= 6154457))

table 7 : explain SELECT k, c FROM sbtest7 WHERE k BETWEEN 6154357 AND 6154457
	Bitmap Heap Scan on sbtest7  (cost=5.54..433.10 rows=108 width=125)
	  Recheck Cond: ((k >= 6154357) AND (k <= 6154457))
	  ->  Bitmap Index Scan on k_7  (cost=0.00..5.51 rows=108 width=0)
	        Index Cond: ((k >= 6154357) AND (k <= 6154457))

table 8 : explain SELECT k, c FROM sbtest8 WHERE k BETWEEN 6154357 AND 6154457
	Bitmap Heap Scan on sbtest8  (cost=5.51..421.27 rows=105 width=125)
	  Recheck Cond: ((k >= 6154357) AND (k <= 6154457))
	  ->  Bitmap Index Scan on k_8  (cost=0.00..5.48 rows=105 width=0)
	        Index Cond: ((k >= 6154357) AND (k <= 6154457))

explain: for range-notcovered :: explain SELECT k, c FROM sbtest%d WHERE k BETWEEN 6154357 AND 6154457
for range-notcovered
table 1 : explain SELECT k, c FROM sbtest1 WHERE k BETWEEN 6187062 AND 6187162
	Bitmap Heap Scan on sbtest1  (cost=5.37..365.95 rows=91 width=125)
	  Recheck Cond: ((k >= 6187062) AND (k <= 6187162))
	  ->  Bitmap Index Scan on k_1  (cost=0.00..5.34 rows=91 width=0)
	        Index Cond: ((k >= 6187062) AND (k <= 6187162))

table 2 : explain SELECT k, c FROM sbtest2 WHERE k BETWEEN 6187062 AND 6187162
	Bitmap Heap Scan on sbtest2  (cost=5.53..429.08 rows=107 width=125)
	  Recheck Cond: ((k >= 6187062) AND (k <= 6187162))
	  ->  Bitmap Index Scan on k_2  (cost=0.00..5.50 rows=107 width=0)
	        Index Cond: ((k >= 6187062) AND (k <= 6187162))

table 3 : explain SELECT k, c FROM sbtest3 WHERE k BETWEEN 6187062 AND 6187162
	Bitmap Heap Scan on sbtest3  (cost=5.35..358.09 rows=89 width=125)
	  Recheck Cond: ((k >= 6187062) AND (k <= 6187162))
	  ->  Bitmap Index Scan on k_3  (cost=0.00..5.32 rows=89 width=0)
	        Index Cond: ((k >= 6187062) AND (k <= 6187162))

table 4 : explain SELECT k, c FROM sbtest4 WHERE k BETWEEN 6187062 AND 6187162
	Bitmap Heap Scan on sbtest4  (cost=5.50..417.30 rows=104 width=125)
	  Recheck Cond: ((k >= 6187062) AND (k <= 6187162))
	  ->  Bitmap Index Scan on k_4  (cost=0.00..5.47 rows=104 width=0)
	        Index Cond: ((k >= 6187062) AND (k <= 6187162))

table 5 : explain SELECT k, c FROM sbtest5 WHERE k BETWEEN 6187062 AND 6187162
	Bitmap Heap Scan on sbtest5  (cost=5.50..417.30 rows=104 width=125)
	  Recheck Cond: ((k >= 6187062) AND (k <= 6187162))
	  ->  Bitmap Index Scan on k_5  (cost=0.00..5.47 rows=104 width=0)
	        Index Cond: ((k >= 6187062) AND (k <= 6187162))

table 6 : explain SELECT k, c FROM sbtest6 WHERE k BETWEEN 6187062 AND 6187162
	Bitmap Heap Scan on sbtest6  (cost=5.48..409.41 rows=102 width=125)
	  Recheck Cond: ((k >= 6187062) AND (k <= 6187162))
	  ->  Bitmap Index Scan on k_6  (cost=0.00..5.45 rows=102 width=0)
	        Index Cond: ((k >= 6187062) AND (k <= 6187162))

table 7 : explain SELECT k, c FROM sbtest7 WHERE k BETWEEN 6187062 AND 6187162
	Bitmap Heap Scan on sbtest7  (cost=5.54..433.10 rows=108 width=125)
	  Recheck Cond: ((k >= 6187062) AND (k <= 6187162))
	  ->  Bitmap Index Scan on k_7  (cost=0.00..5.51 rows=108 width=0)
	        Index Cond: ((k >= 6187062) AND (k <= 6187162))

table 8 : explain SELECT k, c FROM sbtest8 WHERE k BETWEEN 6187062 AND 6187162
	Bitmap Heap Scan on sbtest8  (cost=5.44..393.67 rows=98 width=125)
	  Recheck Cond: ((k >= 6187062) AND (k <= 6187162))
	  ->  Bitmap Index Scan on k_8  (cost=0.00..5.42 rows=98 width=0)
	        Index Cond: ((k >= 6187062) AND (k <= 6187162))

explain: for range-notcovered :: explain SELECT k, c FROM sbtest%d WHERE k BETWEEN 6187062 AND 6187162
for range-notcovered
table 1 : explain SELECT k, c FROM sbtest1 WHERE k BETWEEN 6990942 AND 6991042
	Bitmap Heap Scan on sbtest1  (cost=5.57..444.79 rows=111 width=125)
	  Recheck Cond: ((k >= 6990942) AND (k <= 6991042))
	  ->  Bitmap Index Scan on k_1  (cost=0.00..5.54 rows=111 width=0)
	        Index Cond: ((k >= 6990942) AND (k <= 6991042))

table 2 : explain SELECT k, c FROM sbtest2 WHERE k BETWEEN 6990942 AND 6991042
	Bitmap Heap Scan on sbtest2  (cost=5.42..385.71 rows=96 width=125)
	  Recheck Cond: ((k >= 6990942) AND (k <= 6991042))
	  ->  Bitmap Index Scan on k_2  (cost=0.00..5.39 rows=96 width=0)
	        Index Cond: ((k >= 6990942) AND (k <= 6991042))

table 3 : explain SELECT k, c FROM sbtest3 WHERE k BETWEEN 6990942 AND 6991042
	Bitmap Heap Scan on sbtest3  (cost=5.42..385.71 rows=96 width=125)
	  Recheck Cond: ((k >= 6990942) AND (k <= 6991042))
	  ->  Bitmap Index Scan on k_3  (cost=0.00..5.39 rows=96 width=0)
	        Index Cond: ((k >= 6990942) AND (k <= 6991042))

table 4 : explain SELECT k, c FROM sbtest4 WHERE k BETWEEN 6990942 AND 6991042
	Bitmap Heap Scan on sbtest4  (cost=5.48..409.41 rows=102 width=125)
	  Recheck Cond: ((k >= 6990942) AND (k <= 6991042))
	  ->  Bitmap Index Scan on k_4  (cost=0.00..5.45 rows=102 width=0)
	        Index Cond: ((k >= 6990942) AND (k <= 6991042))

table 5 : explain SELECT k, c FROM sbtest5 WHERE k BETWEEN 6990942 AND 6991042
	Bitmap Heap Scan on sbtest5  (cost=5.48..409.41 rows=102 width=125)
	  Recheck Cond: ((k >= 6990942) AND (k <= 6991042))
	  ->  Bitmap Index Scan on k_5  (cost=0.00..5.45 rows=102 width=0)
	        Index Cond: ((k >= 6990942) AND (k <= 6991042))

table 6 : explain SELECT k, c FROM sbtest6 WHERE k BETWEEN 6990942 AND 6991042
	Bitmap Heap Scan on sbtest6  (cost=5.43..389.69 rows=97 width=125)
	  Recheck Cond: ((k >= 6990942) AND (k <= 6991042))
	  ->  Bitmap Index Scan on k_6  (cost=0.00..5.40 rows=97 width=0)
	        Index Cond: ((k >= 6990942) AND (k <= 6991042))

table 7 : explain SELECT k, c FROM sbtest7 WHERE k BETWEEN 6990942 AND 6991042
	Bitmap Heap Scan on sbtest7  (cost=5.46..401.56 rows=100 width=125)
	  Recheck Cond: ((k >= 6990942) AND (k <= 6991042))
	  ->  Bitmap Index Scan on k_7  (cost=0.00..5.43 rows=100 width=0)
	        Index Cond: ((k >= 6990942) AND (k <= 6991042))

table 8 : explain SELECT k, c FROM sbtest8 WHERE k BETWEEN 6990942 AND 6991042
	Bitmap Heap Scan on sbtest8  (cost=5.52..425.22 rows=106 width=125)
	  Recheck Cond: ((k >= 6990942) AND (k <= 6991042))
	  ->  Bitmap Index Scan on k_8  (cost=0.00..5.50 rows=106 width=0)
	        Index Cond: ((k >= 6990942) AND (k <= 6991042))

for range-notcovered
table 1 : explain SELECT k, c FROM sbtest1 WHERE k BETWEEN 7192827 AND 7192927
	Bitmap Heap Scan on sbtest1  (cost=5.39..373.84 rows=93 width=125)
	  Recheck Cond: ((k >= 7192827) AND (k <= 7192927))
	  ->  Bitmap Index Scan on k_1  (cost=0.00..5.36 rows=93 width=0)
	        Index Cond: ((k >= 7192827) AND (k <= 7192927))

table 2 : explain SELECT k, c FROM sbtest2 WHERE k BETWEEN 7192827 AND 7192927
	Bitmap Heap Scan on sbtest2  (cost=5.61..460.59 rows=115 width=125)
	  Recheck Cond: ((k >= 7192827) AND (k <= 7192927))
	  ->  Bitmap Index Scan on k_2  (cost=0.00..5.58 rows=115 width=0)
	        Index Cond: ((k >= 7192827) AND (k <= 7192927))

table 3 : explain SELECT k, c FROM sbtest3 WHERE k BETWEEN 7192827 AND 7192927
	Bitmap Heap Scan on sbtest3  (cost=5.52..425.14 rows=106 width=125)
	  Recheck Cond: ((k >= 7192827) AND (k <= 7192927))
	  ->  Bitmap Index Scan on k_3  (cost=0.00..5.50 rows=106 width=0)
	        Index Cond: ((k >= 7192827) AND (k <= 7192927))

table 4 : explain SELECT k, c FROM sbtest4 WHERE k BETWEEN 7192827 AND 7192927
	Bitmap Heap Scan on sbtest4  (cost=5.53..429.12 rows=107 width=125)
	  Recheck Cond: ((k >= 7192827) AND (k <= 7192927))
	  ->  Bitmap Index Scan on k_4  (cost=0.00..5.50 rows=107 width=0)
	        Index Cond: ((k >= 7192827) AND (k <= 7192927))

table 5 : explain SELECT k, c FROM sbtest5 WHERE k BETWEEN 7192827 AND 7192927
	Bitmap Heap Scan on sbtest5  (cost=5.60..456.70 rows=114 width=125)
	  Recheck Cond: ((k >= 7192827) AND (k <= 7192927))
	  ->  Bitmap Index Scan on k_5  (cost=0.00..5.58 rows=114 width=0)
	        Index Cond: ((k >= 7192827) AND (k <= 7192927))

table 6 : explain SELECT k, c FROM sbtest6 WHERE k BETWEEN 7192827 AND 7192927
	Bitmap Heap Scan on sbtest6  (cost=5.46..401.53 rows=100 width=125)
	  Recheck Cond: ((k >= 7192827) AND (k <= 7192927))
	  ->  Bitmap Index Scan on k_6  (cost=0.00..5.43 rows=100 width=0)
	        Index Cond: ((k >= 7192827) AND (k <= 7192927))

table 7 : explain SELECT k, c FROM sbtest7 WHERE k BETWEEN 7192827 AND 7192927
	Bitmap Heap Scan on sbtest7  (cost=5.41..381.83 rows=95 width=125)
	  Recheck Cond: ((k >= 7192827) AND (k <= 7192927))
	  ->  Bitmap Index Scan on k_7  (cost=0.00..5.38 rows=95 width=0)
	        Index Cond: ((k >= 7192827) AND (k <= 7192927))

table 8 : explain SELECT k, c FROM sbtest8 WHERE k BETWEEN 7192827 AND 7192927
	Bitmap Heap Scan on sbtest8  (cost=5.53..429.16 rows=107 width=125)
	  Recheck Cond: ((k >= 7192827) AND (k <= 7192927))
	  ->  Bitmap Index Scan on k_8  (cost=0.00..5.50 rows=107 width=0)
	        Index Cond: ((k >= 7192827) AND (k <= 7192927))

for range-notcovered
table 1 : explain SELECT k, c FROM sbtest1 WHERE k BETWEEN 3218407 AND 3218507
	Bitmap Heap Scan on sbtest1  (cost=5.49..413.27 rows=103 width=125)
	  Recheck Cond: ((k >= 3218407) AND (k <= 3218507))
	  ->  Bitmap Index Scan on k_1  (cost=0.00..5.46 rows=103 width=0)
	        Index Cond: ((k >= 3218407) AND (k <= 3218507))

table 2 : explain SELECT k, c FROM sbtest2 WHERE k BETWEEN 3218407 AND 3218507
	Bitmap Heap Scan on sbtest2  (cost=5.50..417.26 rows=104 width=125)
	  Recheck Cond: ((k >= 3218407) AND (k <= 3218507))
	  ->  Bitmap Index Scan on k_2  (cost=0.00..5.47 rows=104 width=0)
	        Index Cond: ((k >= 3218407) AND (k <= 3218507))

table 3 : explain SELECT k, c FROM sbtest3 WHERE k BETWEEN 3218407 AND 3218507
	Bitmap Heap Scan on sbtest3  (cost=5.43..389.66 rows=97 width=125)
	  Recheck Cond: ((k >= 3218407) AND (k <= 3218507))
	  ->  Bitmap Index Scan on k_3  (cost=0.00..5.40 rows=97 width=0)
	        Index Cond: ((k >= 3218407) AND (k <= 3218507))

table 4 : explain SELECT k, c FROM sbtest4 WHERE k BETWEEN 3218407 AND 3218507
	Bitmap Heap Scan on sbtest4  (cost=5.52..425.18 rows=106 width=125)
	  Recheck Cond: ((k >= 3218407) AND (k <= 3218507))
	  ->  Bitmap Index Scan on k_4  (cost=0.00..5.50 rows=106 width=0)
	        Index Cond: ((k >= 3218407) AND (k <= 3218507))

table 5 : explain SELECT k, c FROM sbtest5 WHERE k BETWEEN 3218407 AND 3218507
	Bitmap Heap Scan on sbtest5  (cost=5.53..429.12 rows=107 width=125)
	  Recheck Cond: ((k >= 3218407) AND (k <= 3218507))
	  ->  Bitmap Index Scan on k_5  (cost=0.00..5.50 rows=107 width=0)
	        Index Cond: ((k >= 3218407) AND (k <= 3218507))

table 6 : explain SELECT k, c FROM sbtest6 WHERE k BETWEEN 3218407 AND 3218507
	Bitmap Heap Scan on sbtest6  (cost=5.58..448.82 rows=112 width=125)
	  Recheck Cond: ((k >= 3218407) AND (k <= 3218507))
	  ->  Bitmap Index Scan on k_6  (cost=0.00..5.55 rows=112 width=0)
	        Index Cond: ((k >= 3218407) AND (k <= 3218507))

table 7 : explain SELECT k, c FROM sbtest7 WHERE k BETWEEN 3218407 AND 3218507
	Bitmap Heap Scan on sbtest7  (cost=5.59..452.80 rows=113 width=125)
	  Recheck Cond: ((k >= 3218407) AND (k <= 3218507))
	  ->  Bitmap Index Scan on k_7  (cost=0.00..5.56 rows=113 width=0)
	        Index Cond: ((k >= 3218407) AND (k <= 3218507))

table 8 : explain SELECT k, c FROM sbtest8 WHERE k BETWEEN 3218407 AND 3218507
	Bitmap Heap Scan on sbtest8  (cost=5.47..405.50 rows=101 width=125)
	  Recheck Cond: ((k >= 3218407) AND (k <= 3218507))
	  ->  Bitmap Index Scan on k_8  (cost=0.00..5.44 rows=101 width=0)
	        Index Cond: ((k >= 3218407) AND (k <= 3218507))

for range-notcovered
table 1 : explain SELECT k, c FROM sbtest1 WHERE k BETWEEN 3139460 AND 3139560
	Bitmap Heap Scan on sbtest1  (cost=5.54..432.98 rows=108 width=125)
	  Recheck Cond: ((k >= 3139460) AND (k <= 3139560))
	  ->  Bitmap Index Scan on k_1  (cost=0.00..5.51 rows=108 width=0)
	        Index Cond: ((k >= 3139460) AND (k <= 3139560))

table 2 : explain SELECT k, c FROM sbtest2 WHERE k BETWEEN 3139460 AND 3139560
	Bitmap Heap Scan on sbtest2  (cost=5.41..381.77 rows=95 width=125)
	  Recheck Cond: ((k >= 3139460) AND (k <= 3139560))
	  ->  Bitmap Index Scan on k_2  (cost=0.00..5.38 rows=95 width=0)
	        Index Cond: ((k >= 3139460) AND (k <= 3139560))

table 3 : explain SELECT k, c FROM sbtest3 WHERE k BETWEEN 3139460 AND 3139560
	Bitmap Heap Scan on sbtest3  (cost=5.40..377.82 rows=94 width=125)
	  Recheck Cond: ((k >= 3139460) AND (k <= 3139560))
	  ->  Bitmap Index Scan on k_3  (cost=0.00..5.38 rows=94 width=0)
	        Index Cond: ((k >= 3139460) AND (k <= 3139560))

table 4 : explain SELECT k, c FROM sbtest4 WHERE k BETWEEN 3139460 AND 3139560
	Bitmap Heap Scan on sbtest4  (cost=5.52..425.18 rows=106 width=125)
	  Recheck Cond: ((k >= 3139460) AND (k <= 3139560))
	  ->  Bitmap Index Scan on k_4  (cost=0.00..5.50 rows=106 width=0)
	        Index Cond: ((k >= 3139460) AND (k <= 3139560))

table 5 : explain SELECT k, c FROM sbtest5 WHERE k BETWEEN 3139460 AND 3139560
	Bitmap Heap Scan on sbtest5  (cost=5.53..429.12 rows=107 width=125)
	  Recheck Cond: ((k >= 3139460) AND (k <= 3139560))
	  ->  Bitmap Index Scan on k_5  (cost=0.00..5.50 rows=107 width=0)
	        Index Cond: ((k >= 3139460) AND (k <= 3139560))

table 6 : explain SELECT k, c FROM sbtest6 WHERE k BETWEEN 3139460 AND 3139560
	Bitmap Heap Scan on sbtest6  (cost=5.58..448.82 rows=112 width=125)
	  Recheck Cond: ((k >= 3139460) AND (k <= 3139560))
	  ->  Bitmap Index Scan on k_6  (cost=0.00..5.55 rows=112 width=0)
	        Index Cond: ((k >= 3139460) AND (k <= 3139560))

table 7 : explain SELECT k, c FROM sbtest7 WHERE k BETWEEN 3139460 AND 3139560
	Bitmap Heap Scan on sbtest7  (cost=5.49..413.39 rows=103 width=125)
	  Recheck Cond: ((k >= 3139460) AND (k <= 3139560))
	  ->  Bitmap Index Scan on k_7  (cost=0.00..5.46 rows=103 width=0)
	        Index Cond: ((k >= 3139460) AND (k <= 3139560))

table 8 : explain SELECT k, c FROM sbtest8 WHERE k BETWEEN 3139460 AND 3139560
	Bitmap Heap Scan on sbtest8  (cost=5.47..405.50 rows=101 width=125)
	  Recheck Cond: ((k >= 3139460) AND (k <= 3139560))
	  ->  Bitmap Index Scan on k_8  (cost=0.00..5.44 rows=101 width=0)
	        Index Cond: ((k >= 3139460) AND (k <= 3139560))

explain: for range-notcovered :: explain SELECT k, c FROM sbtest%d WHERE k BETWEEN 6990942 AND 6991042
explain: for range-notcovered :: explain SELECT k, c FROM sbtest%d WHERE k BETWEEN 3500698 AND 3500798
explain: for range-notcovered :: explain SELECT k, c FROM sbtest%d WHERE k BETWEEN 7192827 AND 7192927
explain: for range-notcovered :: explain SELECT k, c FROM sbtest%d WHERE k BETWEEN 3218407 AND 3218507
for range-notcovered
table 1 : explain SELECT k, c FROM sbtest1 WHERE k BETWEEN 6494881 AND 6494981
	Bitmap Heap Scan on sbtest1  (cost=5.52..425.10 rows=106 width=125)
	  Recheck Cond: ((k >= 6494881) AND (k <= 6494981))
	  ->  Bitmap Index Scan on k_1  (cost=0.00..5.50 rows=106 width=0)
	        Index Cond: ((k >= 6494881) AND (k <= 6494981))

table 2 : explain SELECT k, c FROM sbtest2 WHERE k BETWEEN 6494881 AND 6494981
	Bitmap Heap Scan on sbtest2  (cost=5.48..409.37 rows=102 width=125)
	  Recheck Cond: ((k >= 6494881) AND (k <= 6494981))
	  ->  Bitmap Index Scan on k_2  (cost=0.00..5.45 rows=102 width=0)
	        Index Cond: ((k >= 6494881) AND (k <= 6494981))

table 3 : explain SELECT k, c FROM sbtest3 WHERE k BETWEEN 6494881 AND 6494981
	Bitmap Heap Scan on sbtest3  (cost=5.60..456.65 rows=114 width=125)
	  Recheck Cond: ((k >= 6494881) AND (k <= 6494981))
	  ->  Bitmap Index Scan on k_3  (cost=0.00..5.58 rows=114 width=0)
	        Index Cond: ((k >= 6494881) AND (k <= 6494981))

table 4 : explain SELECT k, c FROM sbtest4 WHERE k BETWEEN 6494881 AND 6494981
	Bitmap Heap Scan on sbtest4  (cost=5.46..401.52 rows=100 width=125)
	  Recheck Cond: ((k >= 6494881) AND (k <= 6494981))
	  ->  Bitmap Index Scan on k_4  (cost=0.00..5.43 rows=100 width=0)
	        Index Cond: ((k >= 6494881) AND (k <= 6494981))

table 5 : explain SELECT k, c FROM sbtest5 WHERE k BETWEEN 6494881 AND 6494981
	Bitmap Heap Scan on sbtest5  (cost=5.47..405.47 rows=101 width=125)
	  Recheck Cond: ((k >= 6494881) AND (k <= 6494981))
	  ->  Bitmap Index Scan on k_5  (cost=0.00..5.44 rows=101 width=0)
	        Index Cond: ((k >= 6494881) AND (k <= 6494981))

table 6 : explain SELECT k, c FROM sbtest6 WHERE k BETWEEN 6494881 AND 6494981
	Bitmap Heap Scan on sbtest6  (cost=5.35..358.12 rows=89 width=125)
	  Recheck Cond: ((k >= 6494881) AND (k <= 6494981))
	  ->  Bitmap Index Scan on k_6  (cost=0.00..5.32 rows=89 width=0)
	        Index Cond: ((k >= 6494881) AND (k <= 6494981))

table 7 : explain SELECT k, c FROM sbtest7 WHERE k BETWEEN 6494881 AND 6494981
	Bitmap Heap Scan on sbtest7  (cost=5.49..413.39 rows=103 width=125)
	  Recheck Cond: ((k >= 6494881) AND (k <= 6494981))
	  ->  Bitmap Index Scan on k_7  (cost=0.00..5.46 rows=103 width=0)
	        Index Cond: ((k >= 6494881) AND (k <= 6494981))

table 8 : explain SELECT k, c FROM sbtest8 WHERE k BETWEEN 6494881 AND 6494981
	Bitmap Heap Scan on sbtest8  (cost=5.39..373.94 rows=93 width=125)
	  Recheck Cond: ((k >= 6494881) AND (k <= 6494981))
	  ->  Bitmap Index Scan on k_8  (cost=0.00..5.36 rows=93 width=0)
	        Index Cond: ((k >= 6494881) AND (k <= 6494981))

for range-notcovered
table 1 : explain SELECT k, c FROM sbtest1 WHERE k BETWEEN 5749605 AND 5749705
	Bitmap Heap Scan on sbtest1  (cost=5.49..413.27 rows=103 width=125)
	  Recheck Cond: ((k >= 5749605) AND (k <= 5749705))
	  ->  Bitmap Index Scan on k_1  (cost=0.00..5.46 rows=103 width=0)
	        Index Cond: ((k >= 5749605) AND (k <= 5749705))

table 2 : explain SELECT k, c FROM sbtest2 WHERE k BETWEEN 5749605 AND 5749705
	Bitmap Heap Scan on sbtest2  (cost=5.50..417.26 rows=104 width=125)
	  Recheck Cond: ((k >= 5749605) AND (k <= 5749705))
	  ->  Bitmap Index Scan on k_2  (cost=0.00..5.47 rows=104 width=0)
	        Index Cond: ((k >= 5749605) AND (k <= 5749705))

table 3 : explain SELECT k, c FROM sbtest3 WHERE k BETWEEN 5749605 AND 5749705
	Bitmap Heap Scan on sbtest3  (cost=5.44..393.60 rows=98 width=125)
	  Recheck Cond: ((k >= 5749605) AND (k <= 5749705))
	  ->  Bitmap Index Scan on k_3  (cost=0.00..5.42 rows=98 width=0)
	        Index Cond: ((k >= 5749605) AND (k <= 5749705))

table 4 : explain SELECT k, c FROM sbtest4 WHERE k BETWEEN 5749605 AND 5749705
	Bitmap Heap Scan on sbtest4  (cost=5.49..413.35 rows=103 width=125)
	  Recheck Cond: ((k >= 5749605) AND (k <= 5749705))
	  ->  Bitmap Index Scan on k_4  (cost=0.00..5.46 rows=103 width=0)
	        Index Cond: ((k >= 5749605) AND (k <= 5749705))

table 5 : explain SELECT k, c FROM sbtest5 WHERE k BETWEEN 5749605 AND 5749705
	Bitmap Heap Scan on sbtest5  (cost=5.43..389.69 rows=97 width=125)
	  Recheck Cond: ((k >= 5749605) AND (k <= 5749705))
	  ->  Bitmap Index Scan on k_5  (cost=0.00..5.40 rows=97 width=0)
	        Index Cond: ((k >= 5749605) AND (k <= 5749705))

table 6 : explain SELECT k, c FROM sbtest6 WHERE k BETWEEN 5749605 AND 5749705
	Bitmap Heap Scan on sbtest6  (cost=5.49..413.36 rows=103 width=125)
	  Recheck Cond: ((k >= 5749605) AND (k <= 5749705))
	  ->  Bitmap Index Scan on k_6  (cost=0.00..5.46 rows=103 width=0)
	        Index Cond: ((k >= 5749605) AND (k <= 5749705))

table 7 : explain SELECT k, c FROM sbtest7 WHERE k BETWEEN 5749605 AND 5749705
	Bitmap Heap Scan on sbtest7  (cost=5.39..373.94 rows=93 width=125)
	  Recheck Cond: ((k >= 5749605) AND (k <= 5749705))
	  ->  Bitmap Index Scan on k_7  (cost=0.00..5.36 rows=93 width=0)
	        Index Cond: ((k >= 5749605) AND (k <= 5749705))

table 8 : explain SELECT k, c FROM sbtest8 WHERE k BETWEEN 5749605 AND 5749705
	Bitmap Heap Scan on sbtest8  (cost=5.50..417.33 rows=104 width=125)
	  Recheck Cond: ((k >= 5749605) AND (k <= 5749705))
	  ->  Bitmap Index Scan on k_8  (cost=0.00..5.47 rows=104 width=0)
	        Index Cond: ((k >= 5749605) AND (k <= 5749705))

explain: for range-notcovered :: explain SELECT k, c FROM sbtest%d WHERE k BETWEEN 6494881 AND 6494981
explain: for range-notcovered :: explain SELECT k, c FROM sbtest%d WHERE k BETWEEN 5749605 AND 5749705
for range-notcovered
table 1 : explain SELECT k, c FROM sbtest1 WHERE k BETWEEN 6154357 AND 6154457
	Bitmap Heap Scan on sbtest1  (cost=5.37..365.95 rows=91 width=125)
	  Recheck Cond: ((k >= 6154357) AND (k <= 6154457))
	  ->  Bitmap Index Scan on k_1  (cost=0.00..5.34 rows=91 width=0)
	        Index Cond: ((k >= 6154357) AND (k <= 6154457))

table 2 : explain SELECT k, c FROM sbtest2 WHERE k BETWEEN 6154357 AND 6154457
	Bitmap Heap Scan on sbtest2  (cost=5.53..429.08 rows=107 width=125)
	  Recheck Cond: ((k >= 6154357) AND (k <= 6154457))
	  ->  Bitmap Index Scan on k_2  (cost=0.00..5.50 rows=107 width=0)
	        Index Cond: ((k >= 6154357) AND (k <= 6154457))

table 3 : explain SELECT k, c FROM sbtest3 WHERE k BETWEEN 6154357 AND 6154457
	Bitmap Heap Scan on sbtest3  (cost=5.35..358.09 rows=89 width=125)
	  Recheck Cond: ((k >= 6154357) AND (k <= 6154457))
	  ->  Bitmap Index Scan on k_3  (cost=0.00..5.32 rows=89 width=0)
	        Index Cond: ((k >= 6154357) AND (k <= 6154457))

table 4 : explain SELECT k, c FROM sbtest4 WHERE k BETWEEN 6154357 AND 6154457
	Bitmap Heap Scan on sbtest4  (cost=5.50..417.30 rows=104 width=125)
	  Recheck Cond: ((k >= 6154357) AND (k <= 6154457))
	  ->  Bitmap Index Scan on k_4  (cost=0.00..5.47 rows=104 width=0)
	        Index Cond: ((k >= 6154357) AND (k <= 6154457))

table 5 : explain SELECT k, c FROM sbtest5 WHERE k BETWEEN 6154357 AND 6154457
	Bitmap Heap Scan on sbtest5  (cost=5.50..417.30 rows=104 width=125)
	  Recheck Cond: ((k >= 6154357) AND (k <= 6154457))
	  ->  Bitmap Index Scan on k_5  (cost=0.00..5.47 rows=104 width=0)
	        Index Cond: ((k >= 6154357) AND (k <= 6154457))

table 6 : explain SELECT k, c FROM sbtest6 WHERE k BETWEEN 6154357 AND 6154457
	Bitmap Heap Scan on sbtest6  (cost=5.48..409.41 rows=102 width=125)
	  Recheck Cond: ((k >= 6154357) AND (k <= 6154457))
	  ->  Bitmap Index Scan on k_6  (cost=0.00..5.45 rows=102 width=0)
	        Index Cond: ((k >= 6154357) AND (k <= 6154457))

table 7 : explain SELECT k, c FROM sbtest7 WHERE k BETWEEN 6154357 AND 6154457
	Bitmap Heap Scan on sbtest7  (cost=5.54..433.10 rows=108 width=125)
	  Recheck Cond: ((k >= 6154357) AND (k <= 6154457))
	  ->  Bitmap Index Scan on k_7  (cost=0.00..5.51 rows=108 width=0)
	        Index Cond: ((k >= 6154357) AND (k <= 6154457))

table 8 : explain SELECT k, c FROM sbtest8 WHERE k BETWEEN 6154357 AND 6154457
	Bitmap Heap Scan on sbtest8  (cost=5.51..421.27 rows=105 width=125)
	  Recheck Cond: ((k >= 6154357) AND (k <= 6154457))
	  ->  Bitmap Index Scan on k_8  (cost=0.00..5.48 rows=105 width=0)
	        Index Cond: ((k >= 6154357) AND (k <= 6154457))

explain: for range-notcovered :: explain SELECT k, c FROM sbtest%d WHERE k BETWEEN 6154357 AND 6154457
for range-notcovered
table 1 : explain SELECT k, c FROM sbtest1 WHERE k BETWEEN 6187062 AND 6187162
	Bitmap Heap Scan on sbtest1  (cost=5.37..365.95 rows=91 width=125)
	  Recheck Cond: ((k >= 6187062) AND (k <= 6187162))
	  ->  Bitmap Index Scan on k_1  (cost=0.00..5.34 rows=91 width=0)
	        Index Cond: ((k >= 6187062) AND (k <= 6187162))

table 2 : explain SELECT k, c FROM sbtest2 WHERE k BETWEEN 6187062 AND 6187162
	Bitmap Heap Scan on sbtest2  (cost=5.53..429.08 rows=107 width=125)
	  Recheck Cond: ((k >= 6187062) AND (k <= 6187162))
	  ->  Bitmap Index Scan on k_2  (cost=0.00..5.50 rows=107 width=0)
	        Index Cond: ((k >= 6187062) AND (k <= 6187162))

table 3 : explain SELECT k, c FROM sbtest3 WHERE k BETWEEN 6187062 AND 6187162
	Bitmap Heap Scan on sbtest3  (cost=5.35..358.09 rows=89 width=125)
	  Recheck Cond: ((k >= 6187062) AND (k <= 6187162))
	  ->  Bitmap Index Scan on k_3  (cost=0.00..5.32 rows=89 width=0)
	        Index Cond: ((k >= 6187062) AND (k <= 6187162))

table 4 : explain SELECT k, c FROM sbtest4 WHERE k BETWEEN 6187062 AND 6187162
	Bitmap Heap Scan on sbtest4  (cost=5.50..417.30 rows=104 width=125)
	  Recheck Cond: ((k >= 6187062) AND (k <= 6187162))
	  ->  Bitmap Index Scan on k_4  (cost=0.00..5.47 rows=104 width=0)
	        Index Cond: ((k >= 6187062) AND (k <= 6187162))

table 5 : explain SELECT k, c FROM sbtest5 WHERE k BETWEEN 6187062 AND 6187162
	Bitmap Heap Scan on sbtest5  (cost=5.50..417.30 rows=104 width=125)
	  Recheck Cond: ((k >= 6187062) AND (k <= 6187162))
	  ->  Bitmap Index Scan on k_5  (cost=0.00..5.47 rows=104 width=0)
	        Index Cond: ((k >= 6187062) AND (k <= 6187162))

table 6 : explain SELECT k, c FROM sbtest6 WHERE k BETWEEN 6187062 AND 6187162
	Bitmap Heap Scan on sbtest6  (cost=5.48..409.41 rows=102 width=125)
	  Recheck Cond: ((k >= 6187062) AND (k <= 6187162))
	  ->  Bitmap Index Scan on k_6  (cost=0.00..5.45 rows=102 width=0)
	        Index Cond: ((k >= 6187062) AND (k <= 6187162))

table 7 : explain SELECT k, c FROM sbtest7 WHERE k BETWEEN 6187062 AND 6187162
	Bitmap Heap Scan on sbtest7  (cost=5.54..433.10 rows=108 width=125)
	  Recheck Cond: ((k >= 6187062) AND (k <= 6187162))
	  ->  Bitmap Index Scan on k_7  (cost=0.00..5.51 rows=108 width=0)
	        Index Cond: ((k >= 6187062) AND (k <= 6187162))

table 8 : explain SELECT k, c FROM sbtest8 WHERE k BETWEEN 6187062 AND 6187162
	Bitmap Heap Scan on sbtest8  (cost=5.44..393.67 rows=98 width=125)
	  Recheck Cond: ((k >= 6187062) AND (k <= 6187162))
	  ->  Bitmap Index Scan on k_8  (cost=0.00..5.42 rows=98 width=0)
	        Index Cond: ((k >= 6187062) AND (k <= 6187162))

for range-notcovered
table 1 : explain SELECT k, c FROM sbtest1 WHERE k BETWEEN 6990942 AND 6991042
	Bitmap Heap Scan on sbtest1  (cost=5.57..444.79 rows=111 width=125)
	  Recheck Cond: ((k >= 6990942) AND (k <= 6991042))
	  ->  Bitmap Index Scan on k_1  (cost=0.00..5.54 rows=111 width=0)
	        Index Cond: ((k >= 6990942) AND (k <= 6991042))

table 2 : explain SELECT k, c FROM sbtest2 WHERE k BETWEEN 6990942 AND 6991042
	Bitmap Heap Scan on sbtest2  (cost=5.42..385.71 rows=96 width=125)
	  Recheck Cond: ((k >= 6990942) AND (k <= 6991042))
	  ->  Bitmap Index Scan on k_2  (cost=0.00..5.39 rows=96 width=0)
	        Index Cond: ((k >= 6990942) AND (k <= 6991042))

table 3 : explain SELECT k, c FROM sbtest3 WHERE k BETWEEN 6990942 AND 6991042
	Bitmap Heap Scan on sbtest3  (cost=5.42..385.71 rows=96 width=125)
	  Recheck Cond: ((k >= 6990942) AND (k <= 6991042))
	  ->  Bitmap Index Scan on k_3  (cost=0.00..5.39 rows=96 width=0)
	        Index Cond: ((k >= 6990942) AND (k <= 6991042))

table 4 : explain SELECT k, c FROM sbtest4 WHERE k BETWEEN 6990942 AND 6991042
	Bitmap Heap Scan on sbtest4  (cost=5.48..409.41 rows=102 width=125)
	  Recheck Cond: ((k >= 6990942) AND (k <= 6991042))
	  ->  Bitmap Index Scan on k_4  (cost=0.00..5.45 rows=102 width=0)
	        Index Cond: ((k >= 6990942) AND (k <= 6991042))

table 5 : explain SELECT k, c FROM sbtest5 WHERE k BETWEEN 6990942 AND 6991042
	Bitmap Heap Scan on sbtest5  (cost=5.48..409.41 rows=102 width=125)
	  Recheck Cond: ((k >= 6990942) AND (k <= 6991042))
	  ->  Bitmap Index Scan on k_5  (cost=0.00..5.45 rows=102 width=0)
	        Index Cond: ((k >= 6990942) AND (k <= 6991042))

table 6 : explain SELECT k, c FROM sbtest6 WHERE k BETWEEN 6990942 AND 6991042
	Bitmap Heap Scan on sbtest6  (cost=5.43..389.69 rows=97 width=125)
	  Recheck Cond: ((k >= 6990942) AND (k <= 6991042))
	  ->  Bitmap Index Scan on k_6  (cost=0.00..5.40 rows=97 width=0)
	        Index Cond: ((k >= 6990942) AND (k <= 6991042))

table 7 : explain SELECT k, c FROM sbtest7 WHERE k BETWEEN 6990942 AND 6991042
	Bitmap Heap Scan on sbtest7  (cost=5.46..401.56 rows=100 width=125)
	  Recheck Cond: ((k >= 6990942) AND (k <= 6991042))
	  ->  Bitmap Index Scan on k_7  (cost=0.00..5.43 rows=100 width=0)
	        Index Cond: ((k >= 6990942) AND (k <= 6991042))

table 8 : explain SELECT k, c FROM sbtest8 WHERE k BETWEEN 6990942 AND 6991042
	Bitmap Heap Scan on sbtest8  (cost=5.52..425.22 rows=106 width=125)
	  Recheck Cond: ((k >= 6990942) AND (k <= 6991042))
	  ->  Bitmap Index Scan on k_8  (cost=0.00..5.50 rows=106 width=0)
	        Index Cond: ((k >= 6990942) AND (k <= 6991042))

for range-notcovered
table 1 : explain SELECT k, c FROM sbtest1 WHERE k BETWEEN 7192827 AND 7192927
	Bitmap Heap Scan on sbtest1  (cost=5.39..373.84 rows=93 width=125)
	  Recheck Cond: ((k >= 7192827) AND (k <= 7192927))
	  ->  Bitmap Index Scan on k_1  (cost=0.00..5.36 rows=93 width=0)
	        Index Cond: ((k >= 7192827) AND (k <= 7192927))

table 2 : explain SELECT k, c FROM sbtest2 WHERE k BETWEEN 7192827 AND 7192927
	Bitmap Heap Scan on sbtest2  (cost=5.61..460.59 rows=115 width=125)
	  Recheck Cond: ((k >= 7192827) AND (k <= 7192927))
	  ->  Bitmap Index Scan on k_2  (cost=0.00..5.58 rows=115 width=0)
	        Index Cond: ((k >= 7192827) AND (k <= 7192927))

table 3 : explain SELECT k, c FROM sbtest3 WHERE k BETWEEN 7192827 AND 7192927
	Bitmap Heap Scan on sbtest3  (cost=5.52..425.14 rows=106 width=125)
	  Recheck Cond: ((k >= 7192827) AND (k <= 7192927))
	  ->  Bitmap Index Scan on k_3  (cost=0.00..5.50 rows=106 width=0)
	        Index Cond: ((k >= 7192827) AND (k <= 7192927))

table 4 : explain SELECT k, c FROM sbtest4 WHERE k BETWEEN 7192827 AND 7192927
	Bitmap Heap Scan on sbtest4  (cost=5.53..429.12 rows=107 width=125)
	  Recheck Cond: ((k >= 7192827) AND (k <= 7192927))
	  ->  Bitmap Index Scan on k_4  (cost=0.00..5.50 rows=107 width=0)
	        Index Cond: ((k >= 7192827) AND (k <= 7192927))

table 5 : explain SELECT k, c FROM sbtest5 WHERE k BETWEEN 7192827 AND 7192927
	Bitmap Heap Scan on sbtest5  (cost=5.60..456.70 rows=114 width=125)
	  Recheck Cond: ((k >= 7192827) AND (k <= 7192927))
	  ->  Bitmap Index Scan on k_5  (cost=0.00..5.58 rows=114 width=0)
	        Index Cond: ((k >= 7192827) AND (k <= 7192927))

table 6 : explain SELECT k, c FROM sbtest6 WHERE k BETWEEN 7192827 AND 7192927
	Bitmap Heap Scan on sbtest6  (cost=5.46..401.53 rows=100 width=125)
	  Recheck Cond: ((k >= 7192827) AND (k <= 7192927))
	  ->  Bitmap Index Scan on k_6  (cost=0.00..5.43 rows=100 width=0)
	        Index Cond: ((k >= 7192827) AND (k <= 7192927))

table 7 : explain SELECT k, c FROM sbtest7 WHERE k BETWEEN 7192827 AND 7192927
	Bitmap Heap Scan on sbtest7  (cost=5.41..381.83 rows=95 width=125)
	  Recheck Cond: ((k >= 7192827) AND (k <= 7192927))
	  ->  Bitmap Index Scan on k_7  (cost=0.00..5.38 rows=95 width=0)
	        Index Cond: ((k >= 7192827) AND (k <= 7192927))

table 8 : explain SELECT k, c FROM sbtest8 WHERE k BETWEEN 7192827 AND 7192927
	Bitmap Heap Scan on sbtest8  (cost=5.53..429.16 rows=107 width=125)
	  Recheck Cond: ((k >= 7192827) AND (k <= 7192927))
	  ->  Bitmap Index Scan on k_8  (cost=0.00..5.50 rows=107 width=0)
	        Index Cond: ((k >= 7192827) AND (k <= 7192927))

explain: for range-notcovered :: explain SELECT k, c FROM sbtest%d WHERE k BETWEEN 6990942 AND 6991042
explain: for range-notcovered :: explain SELECT k, c FROM sbtest%d WHERE k BETWEEN 7192827 AND 7192927
explain: for range-notcovered :: explain SELECT k, c FROM sbtest%d WHERE k BETWEEN 5390424 AND 5390524
for range-notcovered
table 1 : explain SELECT k, c FROM sbtest1 WHERE k BETWEEN 3218407 AND 3218507
	Bitmap Heap Scan on sbtest1  (cost=5.49..413.27 rows=103 width=125)
	  Recheck Cond: ((k >= 3218407) AND (k <= 3218507))
	  ->  Bitmap Index Scan on k_1  (cost=0.00..5.46 rows=103 width=0)
	        Index Cond: ((k >= 3218407) AND (k <= 3218507))

table 2 : explain SELECT k, c FROM sbtest2 WHERE k BETWEEN 3218407 AND 3218507
	Bitmap Heap Scan on sbtest2  (cost=5.50..417.26 rows=104 width=125)
	  Recheck Cond: ((k >= 3218407) AND (k <= 3218507))
	  ->  Bitmap Index Scan on k_2  (cost=0.00..5.47 rows=104 width=0)
	        Index Cond: ((k >= 3218407) AND (k <= 3218507))

table 3 : explain SELECT k, c FROM sbtest3 WHERE k BETWEEN 3218407 AND 3218507
	Bitmap Heap Scan on sbtest3  (cost=5.43..389.66 rows=97 width=125)
	  Recheck Cond: ((k >= 3218407) AND (k <= 3218507))
	  ->  Bitmap Index Scan on k_3  (cost=0.00..5.40 rows=97 width=0)
	        Index Cond: ((k >= 3218407) AND (k <= 3218507))

table 4 : explain SELECT k, c FROM sbtest4 WHERE k BETWEEN 3218407 AND 3218507
	Bitmap Heap Scan on sbtest4  (cost=5.52..425.18 rows=106 width=125)
	  Recheck Cond: ((k >= 3218407) AND (k <= 3218507))
	  ->  Bitmap Index Scan on k_4  (cost=0.00..5.50 rows=106 width=0)
	        Index Cond: ((k >= 3218407) AND (k <= 3218507))

table 5 : explain SELECT k, c FROM sbtest5 WHERE k BETWEEN 3218407 AND 3218507
	Bitmap Heap Scan on sbtest5  (cost=5.53..429.12 rows=107 width=125)
	  Recheck Cond: ((k >= 3218407) AND (k <= 3218507))
	  ->  Bitmap Index Scan on k_5  (cost=0.00..5.50 rows=107 width=0)
	        Index Cond: ((k >= 3218407) AND (k <= 3218507))

table 6 : explain SELECT k, c FROM sbtest6 WHERE k BETWEEN 3218407 AND 3218507
	Bitmap Heap Scan on sbtest6  (cost=5.58..448.82 rows=112 width=125)
	  Recheck Cond: ((k >= 3218407) AND (k <= 3218507))
	  ->  Bitmap Index Scan on k_6  (cost=0.00..5.55 rows=112 width=0)
	        Index Cond: ((k >= 3218407) AND (k <= 3218507))

table 7 : explain SELECT k, c FROM sbtest7 WHERE k BETWEEN 3218407 AND 3218507
	Bitmap Heap Scan on sbtest7  (cost=5.59..452.80 rows=113 width=125)
	  Recheck Cond: ((k >= 3218407) AND (k <= 3218507))
	  ->  Bitmap Index Scan on k_7  (cost=0.00..5.56 rows=113 width=0)
	        Index Cond: ((k >= 3218407) AND (k <= 3218507))

table 8 : explain SELECT k, c FROM sbtest8 WHERE k BETWEEN 3218407 AND 3218507
	Bitmap Heap Scan on sbtest8  (cost=5.47..405.50 rows=101 width=125)
	  Recheck Cond: ((k >= 3218407) AND (k <= 3218507))
	  ->  Bitmap Index Scan on k_8  (cost=0.00..5.44 rows=101 width=0)
	        Index Cond: ((k >= 3218407) AND (k <= 3218507))

for range-notcovered
table 1 : explain SELECT k, c FROM sbtest1 WHERE k BETWEEN 6494881 AND 6494981
	Bitmap Heap Scan on sbtest1  (cost=5.52..425.10 rows=106 width=125)
	  Recheck Cond: ((k >= 6494881) AND (k <= 6494981))
	  ->  Bitmap Index Scan on k_1  (cost=0.00..5.50 rows=106 width=0)
	        Index Cond: ((k >= 6494881) AND (k <= 6494981))

table 2 : explain SELECT k, c FROM sbtest2 WHERE k BETWEEN 6494881 AND 6494981
	Bitmap Heap Scan on sbtest2  (cost=5.48..409.37 rows=102 width=125)
	  Recheck Cond: ((k >= 6494881) AND (k <= 6494981))
	  ->  Bitmap Index Scan on k_2  (cost=0.00..5.45 rows=102 width=0)
	        Index Cond: ((k >= 6494881) AND (k <= 6494981))

table 3 : explain SELECT k, c FROM sbtest3 WHERE k BETWEEN 6494881 AND 6494981
	Bitmap Heap Scan on sbtest3  (cost=5.60..456.65 rows=114 width=125)
	  Recheck Cond: ((k >= 6494881) AND (k <= 6494981))
	  ->  Bitmap Index Scan on k_3  (cost=0.00..5.58 rows=114 width=0)
	        Index Cond: ((k >= 6494881) AND (k <= 6494981))

table 4 : explain SELECT k, c FROM sbtest4 WHERE k BETWEEN 6494881 AND 6494981
	Bitmap Heap Scan on sbtest4  (cost=5.46..401.52 rows=100 width=125)
	  Recheck Cond: ((k >= 6494881) AND (k <= 6494981))
	  ->  Bitmap Index Scan on k_4  (cost=0.00..5.43 rows=100 width=0)
	        Index Cond: ((k >= 6494881) AND (k <= 6494981))

table 5 : explain SELECT k, c FROM sbtest5 WHERE k BETWEEN 6494881 AND 6494981
	Bitmap Heap Scan on sbtest5  (cost=5.47..405.47 rows=101 width=125)
	  Recheck Cond: ((k >= 6494881) AND (k <= 6494981))
	  ->  Bitmap Index Scan on k_5  (cost=0.00..5.44 rows=101 width=0)
	        Index Cond: ((k >= 6494881) AND (k <= 6494981))

table 6 : explain SELECT k, c FROM sbtest6 WHERE k BETWEEN 6494881 AND 6494981
	Bitmap Heap Scan on sbtest6  (cost=5.35..358.12 rows=89 width=125)
	  Recheck Cond: ((k >= 6494881) AND (k <= 6494981))
	  ->  Bitmap Index Scan on k_6  (cost=0.00..5.32 rows=89 width=0)
	        Index Cond: ((k >= 6494881) AND (k <= 6494981))

table 7 : explain SELECT k, c FROM sbtest7 WHERE k BETWEEN 6494881 AND 6494981
	Bitmap Heap Scan on sbtest7  (cost=5.49..413.39 rows=103 width=125)
	  Recheck Cond: ((k >= 6494881) AND (k <= 6494981))
	  ->  Bitmap Index Scan on k_7  (cost=0.00..5.46 rows=103 width=0)
	        Index Cond: ((k >= 6494881) AND (k <= 6494981))

table 8 : explain SELECT k, c FROM sbtest8 WHERE k BETWEEN 6494881 AND 6494981
	Bitmap Heap Scan on sbtest8  (cost=5.39..373.94 rows=93 width=125)
	  Recheck Cond: ((k >= 6494881) AND (k <= 6494981))
	  ->  Bitmap Index Scan on k_8  (cost=0.00..5.36 rows=93 width=0)
	        Index Cond: ((k >= 6494881) AND (k <= 6494981))

for range-notcovered
table 1 : explain SELECT k, c FROM sbtest1 WHERE k BETWEEN 5749605 AND 5749705
	Bitmap Heap Scan on sbtest1  (cost=5.49..413.27 rows=103 width=125)
	  Recheck Cond: ((k >= 5749605) AND (k <= 5749705))
	  ->  Bitmap Index Scan on k_1  (cost=0.00..5.46 rows=103 width=0)
	        Index Cond: ((k >= 5749605) AND (k <= 5749705))

table 2 : explain SELECT k, c FROM sbtest2 WHERE k BETWEEN 5749605 AND 5749705
	Bitmap Heap Scan on sbtest2  (cost=5.50..417.26 rows=104 width=125)
	  Recheck Cond: ((k >= 5749605) AND (k <= 5749705))
	  ->  Bitmap Index Scan on k_2  (cost=0.00..5.47 rows=104 width=0)
	        Index Cond: ((k >= 5749605) AND (k <= 5749705))

table 3 : explain SELECT k, c FROM sbtest3 WHERE k BETWEEN 5749605 AND 5749705
	Bitmap Heap Scan on sbtest3  (cost=5.44..393.60 rows=98 width=125)
	  Recheck Cond: ((k >= 5749605) AND (k <= 5749705))
	  ->  Bitmap Index Scan on k_3  (cost=0.00..5.42 rows=98 width=0)
	        Index Cond: ((k >= 5749605) AND (k <= 5749705))

table 4 : explain SELECT k, c FROM sbtest4 WHERE k BETWEEN 5749605 AND 5749705
	Bitmap Heap Scan on sbtest4  (cost=5.49..413.35 rows=103 width=125)
	  Recheck Cond: ((k >= 5749605) AND (k <= 5749705))
	  ->  Bitmap Index Scan on k_4  (cost=0.00..5.46 rows=103 width=0)
	        Index Cond: ((k >= 5749605) AND (k <= 5749705))

table 5 : explain SELECT k, c FROM sbtest5 WHERE k BETWEEN 5749605 AND 5749705
	Bitmap Heap Scan on sbtest5  (cost=5.43..389.69 rows=97 width=125)
	  Recheck Cond: ((k >= 5749605) AND (k <= 5749705))
	  ->  Bitmap Index Scan on k_5  (cost=0.00..5.40 rows=97 width=0)
	        Index Cond: ((k >= 5749605) AND (k <= 5749705))

table 6 : explain SELECT k, c FROM sbtest6 WHERE k BETWEEN 5749605 AND 5749705
	Bitmap Heap Scan on sbtest6  (cost=5.49..413.36 rows=103 width=125)
	  Recheck Cond: ((k >= 5749605) AND (k <= 5749705))
	  ->  Bitmap Index Scan on k_6  (cost=0.00..5.46 rows=103 width=0)
	        Index Cond: ((k >= 5749605) AND (k <= 5749705))

table 7 : explain SELECT k, c FROM sbtest7 WHERE k BETWEEN 5749605 AND 5749705
	Bitmap Heap Scan on sbtest7  (cost=5.39..373.94 rows=93 width=125)
	  Recheck Cond: ((k >= 5749605) AND (k <= 5749705))
	  ->  Bitmap Index Scan on k_7  (cost=0.00..5.36 rows=93 width=0)
	        Index Cond: ((k >= 5749605) AND (k <= 5749705))

table 8 : explain SELECT k, c FROM sbtest8 WHERE k BETWEEN 5749605 AND 5749705
	Bitmap Heap Scan on sbtest8  (cost=5.50..417.33 rows=104 width=125)
	  Recheck Cond: ((k >= 5749605) AND (k <= 5749705))
	  ->  Bitmap Index Scan on k_8  (cost=0.00..5.47 rows=104 width=0)
	        Index Cond: ((k >= 5749605) AND (k <= 5749705))

explain: for range-notcovered :: explain SELECT k, c FROM sbtest%d WHERE k BETWEEN 3218407 AND 3218507
for range-notcovered
table 1 : explain SELECT k, c FROM sbtest1 WHERE k BETWEEN 7251592 AND 7251692
	Bitmap Heap Scan on sbtest1  (cost=5.39..373.84 rows=93 width=125)
	  Recheck Cond: ((k >= 7251592) AND (k <= 7251692))
	  ->  Bitmap Index Scan on k_1  (cost=0.00..5.36 rows=93 width=0)
	        Index Cond: ((k >= 7251592) AND (k <= 7251692))

table 2 : explain SELECT k, c FROM sbtest2 WHERE k BETWEEN 7251592 AND 7251692
	Bitmap Heap Scan on sbtest2  (cost=5.70..492.07 rows=123 width=125)
	  Recheck Cond: ((k >= 7251592) AND (k <= 7251692))
	  ->  Bitmap Index Scan on k_2  (cost=0.00..5.67 rows=123 width=0)
	        Index Cond: ((k >= 7251592) AND (k <= 7251692))

table 3 : explain SELECT k, c FROM sbtest3 WHERE k BETWEEN 7251592 AND 7251692
	Bitmap Heap Scan on sbtest3  (cost=5.46..401.49 rows=100 width=125)
	  Recheck Cond: ((k >= 7251592) AND (k <= 7251692))
	  ->  Bitmap Index Scan on k_3  (cost=0.00..5.43 rows=100 width=0)
	        Index Cond: ((k >= 7251592) AND (k <= 7251692))

table 4 : explain SELECT k, c FROM sbtest4 WHERE k BETWEEN 7251592 AND 7251692
	Bitmap Heap Scan on sbtest4  (cost=5.43..389.69 rows=97 width=125)
	  Recheck Cond: ((k >= 7251592) AND (k <= 7251692))
	  ->  Bitmap Index Scan on k_4  (cost=0.00..5.40 rows=97 width=0)
	        Index Cond: ((k >= 7251592) AND (k <= 7251692))

table 5 : explain SELECT k, c FROM sbtest5 WHERE k BETWEEN 7251592 AND 7251692
	Bitmap Heap Scan on sbtest5  (cost=5.50..417.30 rows=104 width=125)
	  Recheck Cond: ((k >= 7251592) AND (k <= 7251692))
	  ->  Bitmap Index Scan on k_5  (cost=0.00..5.47 rows=104 width=0)
	        Index Cond: ((k >= 7251592) AND (k <= 7251692))

table 6 : explain SELECT k, c FROM sbtest6 WHERE k BETWEEN 7251592 AND 7251692
	Bitmap Heap Scan on sbtest6  (cost=5.46..401.53 rows=100 width=125)
	  Recheck Cond: ((k >= 7251592) AND (k <= 7251692))
	  ->  Bitmap Index Scan on k_6  (cost=0.00..5.43 rows=100 width=0)
	        Index Cond: ((k >= 7251592) AND (k <= 7251692))

table 7 : explain SELECT k, c FROM sbtest7 WHERE k BETWEEN 7251592 AND 7251692
	Bitmap Heap Scan on sbtest7  (cost=5.51..421.28 rows=105 width=125)
	  Recheck Cond: ((k >= 7251592) AND (k <= 7251692))
	  ->  Bitmap Index Scan on k_7  (cost=0.00..5.48 rows=105 width=0)
	        Index Cond: ((k >= 7251592) AND (k <= 7251692))

table 8 : explain SELECT k, c FROM sbtest8 WHERE k BETWEEN 7251592 AND 7251692
	Bitmap Heap Scan on sbtest8  (cost=5.53..429.16 rows=107 width=125)
	  Recheck Cond: ((k >= 7251592) AND (k <= 7251692))
	  ->  Bitmap Index Scan on k_8  (cost=0.00..5.50 rows=107 width=0)
	        Index Cond: ((k >= 7251592) AND (k <= 7251692))

explain: for range-notcovered :: explain SELECT k, c FROM sbtest%d WHERE k BETWEEN 6494881 AND 6494981
explain: for range-notcovered :: explain SELECT k, c FROM sbtest%d WHERE k BETWEEN 5749605 AND 5749705
explain: for range-notcovered :: explain SELECT k, c FROM sbtest%d WHERE k BETWEEN 7251592 AND 7251692
for range-notcovered
table 1 : explain SELECT k, c FROM sbtest1 WHERE k BETWEEN 6154357 AND 6154457
	Bitmap Heap Scan on sbtest1  (cost=5.37..365.95 rows=91 width=125)
	  Recheck Cond: ((k >= 6154357) AND (k <= 6154457))
	  ->  Bitmap Index Scan on k_1  (cost=0.00..5.34 rows=91 width=0)
	        Index Cond: ((k >= 6154357) AND (k <= 6154457))

table 2 : explain SELECT k, c FROM sbtest2 WHERE k BETWEEN 6154357 AND 6154457
	Bitmap Heap Scan on sbtest2  (cost=5.53..429.08 rows=107 width=125)
	  Recheck Cond: ((k >= 6154357) AND (k <= 6154457))
	  ->  Bitmap Index Scan on k_2  (cost=0.00..5.50 rows=107 width=0)
	        Index Cond: ((k >= 6154357) AND (k <= 6154457))

table 3 : explain SELECT k, c FROM sbtest3 WHERE k BETWEEN 6154357 AND 6154457
	Bitmap Heap Scan on sbtest3  (cost=5.35..358.09 rows=89 width=125)
	  Recheck Cond: ((k >= 6154357) AND (k <= 6154457))
	  ->  Bitmap Index Scan on k_3  (cost=0.00..5.32 rows=89 width=0)
	        Index Cond: ((k >= 6154357) AND (k <= 6154457))

table 4 : explain SELECT k, c FROM sbtest4 WHERE k BETWEEN 6154357 AND 6154457
	Bitmap Heap Scan on sbtest4  (cost=5.50..417.30 rows=104 width=125)
	  Recheck Cond: ((k >= 6154357) AND (k <= 6154457))
	  ->  Bitmap Index Scan on k_4  (cost=0.00..5.47 rows=104 width=0)
	        Index Cond: ((k >= 6154357) AND (k <= 6154457))

table 5 : explain SELECT k, c FROM sbtest5 WHERE k BETWEEN 6154357 AND 6154457
	Bitmap Heap Scan on sbtest5  (cost=5.50..417.30 rows=104 width=125)
	  Recheck Cond: ((k >= 6154357) AND (k <= 6154457))
	  ->  Bitmap Index Scan on k_5  (cost=0.00..5.47 rows=104 width=0)
	        Index Cond: ((k >= 6154357) AND (k <= 6154457))

table 6 : explain SELECT k, c FROM sbtest6 WHERE k BETWEEN 6154357 AND 6154457
	Bitmap Heap Scan on sbtest6  (cost=5.48..409.41 rows=102 width=125)
	  Recheck Cond: ((k >= 6154357) AND (k <= 6154457))
	  ->  Bitmap Index Scan on k_6  (cost=0.00..5.45 rows=102 width=0)
	        Index Cond: ((k >= 6154357) AND (k <= 6154457))

table 7 : explain SELECT k, c FROM sbtest7 WHERE k BETWEEN 6154357 AND 6154457
	Bitmap Heap Scan on sbtest7  (cost=5.54..433.10 rows=108 width=125)
	  Recheck Cond: ((k >= 6154357) AND (k <= 6154457))
	  ->  Bitmap Index Scan on k_7  (cost=0.00..5.51 rows=108 width=0)
	        Index Cond: ((k >= 6154357) AND (k <= 6154457))

table 8 : explain SELECT k, c FROM sbtest8 WHERE k BETWEEN 6154357 AND 6154457
	Bitmap Heap Scan on sbtest8  (cost=5.51..421.27 rows=105 width=125)
	  Recheck Cond: ((k >= 6154357) AND (k <= 6154457))
	  ->  Bitmap Index Scan on k_8  (cost=0.00..5.48 rows=105 width=0)
	        Index Cond: ((k >= 6154357) AND (k <= 6154457))

explain: for range-notcovered :: explain SELECT k, c FROM sbtest%d WHERE k BETWEEN 6154357 AND 6154457
for range-notcovered
table 1 : explain SELECT k, c FROM sbtest1 WHERE k BETWEEN 7192827 AND 7192927
	Bitmap Heap Scan on sbtest1  (cost=5.39..373.84 rows=93 width=125)
	  Recheck Cond: ((k >= 7192827) AND (k <= 7192927))
	  ->  Bitmap Index Scan on k_1  (cost=0.00..5.36 rows=93 width=0)
	        Index Cond: ((k >= 7192827) AND (k <= 7192927))

table 2 : explain SELECT k, c FROM sbtest2 WHERE k BETWEEN 7192827 AND 7192927
	Bitmap Heap Scan on sbtest2  (cost=5.61..460.59 rows=115 width=125)
	  Recheck Cond: ((k >= 7192827) AND (k <= 7192927))
	  ->  Bitmap Index Scan on k_2  (cost=0.00..5.58 rows=115 width=0)
	        Index Cond: ((k >= 7192827) AND (k <= 7192927))

table 3 : explain SELECT k, c FROM sbtest3 WHERE k BETWEEN 7192827 AND 7192927
	Bitmap Heap Scan on sbtest3  (cost=5.52..425.14 rows=106 width=125)
	  Recheck Cond: ((k >= 7192827) AND (k <= 7192927))
	  ->  Bitmap Index Scan on k_3  (cost=0.00..5.50 rows=106 width=0)
	        Index Cond: ((k >= 7192827) AND (k <= 7192927))

table 4 : explain SELECT k, c FROM sbtest4 WHERE k BETWEEN 7192827 AND 7192927
	Bitmap Heap Scan on sbtest4  (cost=5.53..429.12 rows=107 width=125)
	  Recheck Cond: ((k >= 7192827) AND (k <= 7192927))
	  ->  Bitmap Index Scan on k_4  (cost=0.00..5.50 rows=107 width=0)
	        Index Cond: ((k >= 7192827) AND (k <= 7192927))

table 5 : explain SELECT k, c FROM sbtest5 WHERE k BETWEEN 7192827 AND 7192927
	Bitmap Heap Scan on sbtest5  (cost=5.60..456.70 rows=114 width=125)
	  Recheck Cond: ((k >= 7192827) AND (k <= 7192927))
	  ->  Bitmap Index Scan on k_5  (cost=0.00..5.58 rows=114 width=0)
	        Index Cond: ((k >= 7192827) AND (k <= 7192927))

table 6 : explain SELECT k, c FROM sbtest6 WHERE k BETWEEN 7192827 AND 7192927
	Bitmap Heap Scan on sbtest6  (cost=5.46..401.53 rows=100 width=125)
	  Recheck Cond: ((k >= 7192827) AND (k <= 7192927))
	  ->  Bitmap Index Scan on k_6  (cost=0.00..5.43 rows=100 width=0)
	        Index Cond: ((k >= 7192827) AND (k <= 7192927))

table 7 : explain SELECT k, c FROM sbtest7 WHERE k BETWEEN 7192827 AND 7192927
	Bitmap Heap Scan on sbtest7  (cost=5.41..381.83 rows=95 width=125)
	  Recheck Cond: ((k >= 7192827) AND (k <= 7192927))
	  ->  Bitmap Index Scan on k_7  (cost=0.00..5.38 rows=95 width=0)
	        Index Cond: ((k >= 7192827) AND (k <= 7192927))

table 8 : explain SELECT k, c FROM sbtest8 WHERE k BETWEEN 7192827 AND 7192927
	Bitmap Heap Scan on sbtest8  (cost=5.53..429.16 rows=107 width=125)
	  Recheck Cond: ((k >= 7192827) AND (k <= 7192927))
	  ->  Bitmap Index Scan on k_8  (cost=0.00..5.50 rows=107 width=0)
	        Index Cond: ((k >= 7192827) AND (k <= 7192927))

for range-notcovered
table 1 : explain SELECT k, c FROM sbtest1 WHERE k BETWEEN 6990942 AND 6991042
	Bitmap Heap Scan on sbtest1  (cost=5.57..444.79 rows=111 width=125)
	  Recheck Cond: ((k >= 6990942) AND (k <= 6991042))
	  ->  Bitmap Index Scan on k_1  (cost=0.00..5.54 rows=111 width=0)
	        Index Cond: ((k >= 6990942) AND (k <= 6991042))

table 2 : explain SELECT k, c FROM sbtest2 WHERE k BETWEEN 6990942 AND 6991042
	Bitmap Heap Scan on sbtest2  (cost=5.42..385.71 rows=96 width=125)
	  Recheck Cond: ((k >= 6990942) AND (k <= 6991042))
	  ->  Bitmap Index Scan on k_2  (cost=0.00..5.39 rows=96 width=0)
	        Index Cond: ((k >= 6990942) AND (k <= 6991042))

table 3 : explain SELECT k, c FROM sbtest3 WHERE k BETWEEN 6990942 AND 6991042
	Bitmap Heap Scan on sbtest3  (cost=5.42..385.71 rows=96 width=125)
	  Recheck Cond: ((k >= 6990942) AND (k <= 6991042))
	  ->  Bitmap Index Scan on k_3  (cost=0.00..5.39 rows=96 width=0)
	        Index Cond: ((k >= 6990942) AND (k <= 6991042))

table 4 : explain SELECT k, c FROM sbtest4 WHERE k BETWEEN 6990942 AND 6991042
	Bitmap Heap Scan on sbtest4  (cost=5.48..409.41 rows=102 width=125)
	  Recheck Cond: ((k >= 6990942) AND (k <= 6991042))
	  ->  Bitmap Index Scan on k_4  (cost=0.00..5.45 rows=102 width=0)
	        Index Cond: ((k >= 6990942) AND (k <= 6991042))

table 5 : explain SELECT k, c FROM sbtest5 WHERE k BETWEEN 6990942 AND 6991042
	Bitmap Heap Scan on sbtest5  (cost=5.48..409.41 rows=102 width=125)
	  Recheck Cond: ((k >= 6990942) AND (k <= 6991042))
	  ->  Bitmap Index Scan on k_5  (cost=0.00..5.45 rows=102 width=0)
	        Index Cond: ((k >= 6990942) AND (k <= 6991042))

table 6 : explain SELECT k, c FROM sbtest6 WHERE k BETWEEN 6990942 AND 6991042
	Bitmap Heap Scan on sbtest6  (cost=5.43..389.69 rows=97 width=125)
	  Recheck Cond: ((k >= 6990942) AND (k <= 6991042))
	  ->  Bitmap Index Scan on k_6  (cost=0.00..5.40 rows=97 width=0)
	        Index Cond: ((k >= 6990942) AND (k <= 6991042))

table 7 : explain SELECT k, c FROM sbtest7 WHERE k BETWEEN 6990942 AND 6991042
	Bitmap Heap Scan on sbtest7  (cost=5.46..401.56 rows=100 width=125)
	  Recheck Cond: ((k >= 6990942) AND (k <= 6991042))
	  ->  Bitmap Index Scan on k_7  (cost=0.00..5.43 rows=100 width=0)
	        Index Cond: ((k >= 6990942) AND (k <= 6991042))

table 8 : explain SELECT k, c FROM sbtest8 WHERE k BETWEEN 6990942 AND 6991042
	Bitmap Heap Scan on sbtest8  (cost=5.52..425.22 rows=106 width=125)
	  Recheck Cond: ((k >= 6990942) AND (k <= 6991042))
	  ->  Bitmap Index Scan on k_8  (cost=0.00..5.50 rows=106 width=0)
	        Index Cond: ((k >= 6990942) AND (k <= 6991042))

for range-notcovered
table 1 : explain SELECT k, c FROM sbtest1 WHERE k BETWEEN 6494881 AND 6494981
	Bitmap Heap Scan on sbtest1  (cost=5.52..425.10 rows=106 width=125)
	  Recheck Cond: ((k >= 6494881) AND (k <= 6494981))
	  ->  Bitmap Index Scan on k_1  (cost=0.00..5.50 rows=106 width=0)
	        Index Cond: ((k >= 6494881) AND (k <= 6494981))

table 2 : explain SELECT k, c FROM sbtest2 WHERE k BETWEEN 6494881 AND 6494981
	Bitmap Heap Scan on sbtest2  (cost=5.48..409.37 rows=102 width=125)
	  Recheck Cond: ((k >= 6494881) AND (k <= 6494981))
	  ->  Bitmap Index Scan on k_2  (cost=0.00..5.45 rows=102 width=0)
	        Index Cond: ((k >= 6494881) AND (k <= 6494981))

table 3 : explain SELECT k, c FROM sbtest3 WHERE k BETWEEN 6494881 AND 6494981
	Bitmap Heap Scan on sbtest3  (cost=5.60..456.65 rows=114 width=125)
	  Recheck Cond: ((k >= 6494881) AND (k <= 6494981))
	  ->  Bitmap Index Scan on k_3  (cost=0.00..5.58 rows=114 width=0)
	        Index Cond: ((k >= 6494881) AND (k <= 6494981))

table 4 : explain SELECT k, c FROM sbtest4 WHERE k BETWEEN 6494881 AND 6494981
	Bitmap Heap Scan on sbtest4  (cost=5.46..401.52 rows=100 width=125)
	  Recheck Cond: ((k >= 6494881) AND (k <= 6494981))
	  ->  Bitmap Index Scan on k_4  (cost=0.00..5.43 rows=100 width=0)
	        Index Cond: ((k >= 6494881) AND (k <= 6494981))

table 5 : explain SELECT k, c FROM sbtest5 WHERE k BETWEEN 6494881 AND 6494981
	Bitmap Heap Scan on sbtest5  (cost=5.47..405.47 rows=101 width=125)
	  Recheck Cond: ((k >= 6494881) AND (k <= 6494981))
	  ->  Bitmap Index Scan on k_5  (cost=0.00..5.44 rows=101 width=0)
	        Index Cond: ((k >= 6494881) AND (k <= 6494981))

table 6 : explain SELECT k, c FROM sbtest6 WHERE k BETWEEN 6494881 AND 6494981
	Bitmap Heap Scan on sbtest6  (cost=5.35..358.12 rows=89 width=125)
	  Recheck Cond: ((k >= 6494881) AND (k <= 6494981))
	  ->  Bitmap Index Scan on k_6  (cost=0.00..5.32 rows=89 width=0)
	        Index Cond: ((k >= 6494881) AND (k <= 6494981))

table 7 : explain SELECT k, c FROM sbtest7 WHERE k BETWEEN 6494881 AND 6494981
	Bitmap Heap Scan on sbtest7  (cost=5.49..413.39 rows=103 width=125)
	  Recheck Cond: ((k >= 6494881) AND (k <= 6494981))
	  ->  Bitmap Index Scan on k_7  (cost=0.00..5.46 rows=103 width=0)
	        Index Cond: ((k >= 6494881) AND (k <= 6494981))

table 8 : explain SELECT k, c FROM sbtest8 WHERE k BETWEEN 6494881 AND 6494981
	Bitmap Heap Scan on sbtest8  (cost=5.39..373.94 rows=93 width=125)
	  Recheck Cond: ((k >= 6494881) AND (k <= 6494981))
	  ->  Bitmap Index Scan on k_8  (cost=0.00..5.36 rows=93 width=0)
	        Index Cond: ((k >= 6494881) AND (k <= 6494981))

explain: for range-notcovered :: explain SELECT k, c FROM sbtest%d WHERE k BETWEEN 6396148 AND 6396248
for range-notcovered
table 1 : explain SELECT k, c FROM sbtest1 WHERE k BETWEEN 2483894 AND 2483994
	Bitmap Heap Scan on sbtest1  (cost=5.42..385.68 rows=96 width=125)
	  Recheck Cond: ((k >= 2483894) AND (k <= 2483994))
	  ->  Bitmap Index Scan on k_1  (cost=0.00..5.39 rows=96 width=0)
	        Index Cond: ((k >= 2483894) AND (k <= 2483994))

table 2 : explain SELECT k, c FROM sbtest2 WHERE k BETWEEN 2483894 AND 2483994
	Bitmap Heap Scan on sbtest2  (cost=5.51..421.20 rows=105 width=125)
	  Recheck Cond: ((k >= 2483894) AND (k <= 2483994))
	  ->  Bitmap Index Scan on k_2  (cost=0.00..5.48 rows=105 width=0)
	        Index Cond: ((k >= 2483894) AND (k <= 2483994))

table 3 : explain SELECT k, c FROM sbtest3 WHERE k BETWEEN 2483894 AND 2483994
	Bitmap Heap Scan on sbtest3  (cost=5.51..421.20 rows=105 width=125)
	  Recheck Cond: ((k >= 2483894) AND (k <= 2483994))
	  ->  Bitmap Index Scan on k_3  (cost=0.00..5.48 rows=105 width=0)
	        Index Cond: ((k >= 2483894) AND (k <= 2483994))

table 4 : explain SELECT k, c FROM sbtest4 WHERE k BETWEEN 2483894 AND 2483994
	Bitmap Heap Scan on sbtest4  (cost=5.38..369.96 rows=92 width=125)
	  Recheck Cond: ((k >= 2483894) AND (k <= 2483994))
	  ->  Bitmap Index Scan on k_4  (cost=0.00..5.35 rows=92 width=0)
	        Index Cond: ((k >= 2483894) AND (k <= 2483994))

table 5 : explain SELECT k, c FROM sbtest5 WHERE k BETWEEN 2483894 AND 2483994
	Bitmap Heap Scan on sbtest5  (cost=5.51..421.24 rows=105 width=125)
	  Recheck Cond: ((k >= 2483894) AND (k <= 2483994))
	  ->  Bitmap Index Scan on k_5  (cost=0.00..5.48 rows=105 width=0)
	        Index Cond: ((k >= 2483894) AND (k <= 2483994))

table 6 : explain SELECT k, c FROM sbtest6 WHERE k BETWEEN 2483894 AND 2483994
	Bitmap Heap Scan on sbtest6  (cost=5.47..405.47 rows=101 width=125)
	  Recheck Cond: ((k >= 2483894) AND (k <= 2483994))
	  ->  Bitmap Index Scan on k_6  (cost=0.00..5.44 rows=101 width=0)
	        Index Cond: ((k >= 2483894) AND (k <= 2483994))

table 7 : explain SELECT k, c FROM sbtest7 WHERE k BETWEEN 2483894 AND 2483994
	Bitmap Heap Scan on sbtest7  (cost=5.37..366.04 rows=91 width=125)
	  Recheck Cond: ((k >= 2483894) AND (k <= 2483994))
	  ->  Bitmap Index Scan on k_7  (cost=0.00..5.34 rows=91 width=0)
	        Index Cond: ((k >= 2483894) AND (k <= 2483994))

table 8 : explain SELECT k, c FROM sbtest8 WHERE k BETWEEN 2483894 AND 2483994
	Bitmap Heap Scan on sbtest8  (cost=5.42..385.78 rows=96 width=125)
	  Recheck Cond: ((k >= 2483894) AND (k <= 2483994))
	  ->  Bitmap Index Scan on k_8  (cost=0.00..5.39 rows=96 width=0)
	        Index Cond: ((k >= 2483894) AND (k <= 2483994))

for range-notcovered
table 1 : explain SELECT k, c FROM sbtest1 WHERE k BETWEEN 3218407 AND 3218507
	Bitmap Heap Scan on sbtest1  (cost=5.49..413.27 rows=103 width=125)
	  Recheck Cond: ((k >= 3218407) AND (k <= 3218507))
	  ->  Bitmap Index Scan on k_1  (cost=0.00..5.46 rows=103 width=0)
	        Index Cond: ((k >= 3218407) AND (k <= 3218507))

table 2 : explain SELECT k, c FROM sbtest2 WHERE k BETWEEN 3218407 AND 3218507
	Bitmap Heap Scan on sbtest2  (cost=5.50..417.26 rows=104 width=125)
	  Recheck Cond: ((k >= 3218407) AND (k <= 3218507))
	  ->  Bitmap Index Scan on k_2  (cost=0.00..5.47 rows=104 width=0)
	        Index Cond: ((k >= 3218407) AND (k <= 3218507))

table 3 : explain SELECT k, c FROM sbtest3 WHERE k BETWEEN 3218407 AND 3218507
	Bitmap Heap Scan on sbtest3  (cost=5.43..389.66 rows=97 width=125)
	  Recheck Cond: ((k >= 3218407) AND (k <= 3218507))
	  ->  Bitmap Index Scan on k_3  (cost=0.00..5.40 rows=97 width=0)
	        Index Cond: ((k >= 3218407) AND (k <= 3218507))

table 4 : explain SELECT k, c FROM sbtest4 WHERE k BETWEEN 3218407 AND 3218507
	Bitmap Heap Scan on sbtest4  (cost=5.52..425.18 rows=106 width=125)
	  Recheck Cond: ((k >= 3218407) AND (k <= 3218507))
	  ->  Bitmap Index Scan on k_4  (cost=0.00..5.50 rows=106 width=0)
	        Index Cond: ((k >= 3218407) AND (k <= 3218507))

table 5 : explain SELECT k, c FROM sbtest5 WHERE k BETWEEN 3218407 AND 3218507
	Bitmap Heap Scan on sbtest5  (cost=5.53..429.12 rows=107 width=125)
	  Recheck Cond: ((k >= 3218407) AND (k <= 3218507))
	  ->  Bitmap Index Scan on k_5  (cost=0.00..5.50 rows=107 width=0)
	        Index Cond: ((k >= 3218407) AND (k <= 3218507))

table 6 : explain SELECT k, c FROM sbtest6 WHERE k BETWEEN 3218407 AND 3218507
	Bitmap Heap Scan on sbtest6  (cost=5.58..448.82 rows=112 width=125)
	  Recheck Cond: ((k >= 3218407) AND (k <= 3218507))
	  ->  Bitmap Index Scan on k_6  (cost=0.00..5.55 rows=112 width=0)
	        Index Cond: ((k >= 3218407) AND (k <= 3218507))

table 7 : explain SELECT k, c FROM sbtest7 WHERE k BETWEEN 3218407 AND 3218507
	Bitmap Heap Scan on sbtest7  (cost=5.59..452.80 rows=113 width=125)
	  Recheck Cond: ((k >= 3218407) AND (k <= 3218507))
	  ->  Bitmap Index Scan on k_7  (cost=0.00..5.56 rows=113 width=0)
	        Index Cond: ((k >= 3218407) AND (k <= 3218507))

table 8 : explain SELECT k, c FROM sbtest8 WHERE k BETWEEN 3218407 AND 3218507
	Bitmap Heap Scan on sbtest8  (cost=5.47..405.50 rows=101 width=125)
	  Recheck Cond: ((k >= 3218407) AND (k <= 3218507))
	  ->  Bitmap Index Scan on k_8  (cost=0.00..5.44 rows=101 width=0)
	        Index Cond: ((k >= 3218407) AND (k <= 3218507))

explain: for range-notcovered :: explain SELECT k, c FROM sbtest%d WHERE k BETWEEN 6494881 AND 6494981
for range-notcovered
table 1 : explain SELECT k, c FROM sbtest1 WHERE k BETWEEN 5749605 AND 5749705
	Bitmap Heap Scan on sbtest1  (cost=5.49..413.27 rows=103 width=125)
	  Recheck Cond: ((k >= 5749605) AND (k <= 5749705))
	  ->  Bitmap Index Scan on k_1  (cost=0.00..5.46 rows=103 width=0)
	        Index Cond: ((k >= 5749605) AND (k <= 5749705))

table 2 : explain SELECT k, c FROM sbtest2 WHERE k BETWEEN 5749605 AND 5749705
	Bitmap Heap Scan on sbtest2  (cost=5.50..417.26 rows=104 width=125)
	  Recheck Cond: ((k >= 5749605) AND (k <= 5749705))
	  ->  Bitmap Index Scan on k_2  (cost=0.00..5.47 rows=104 width=0)
	        Index Cond: ((k >= 5749605) AND (k <= 5749705))

table 3 : explain SELECT k, c FROM sbtest3 WHERE k BETWEEN 5749605 AND 5749705
	Bitmap Heap Scan on sbtest3  (cost=5.44..393.60 rows=98 width=125)
	  Recheck Cond: ((k >= 5749605) AND (k <= 5749705))
	  ->  Bitmap Index Scan on k_3  (cost=0.00..5.42 rows=98 width=0)
	        Index Cond: ((k >= 5749605) AND (k <= 5749705))

table 4 : explain SELECT k, c FROM sbtest4 WHERE k BETWEEN 5749605 AND 5749705
	Bitmap Heap Scan on sbtest4  (cost=5.49..413.35 rows=103 width=125)
	  Recheck Cond: ((k >= 5749605) AND (k <= 5749705))
	  ->  Bitmap Index Scan on k_4  (cost=0.00..5.46 rows=103 width=0)
	        Index Cond: ((k >= 5749605) AND (k <= 5749705))

table 5 : explain SELECT k, c FROM sbtest5 WHERE k BETWEEN 5749605 AND 5749705
	Bitmap Heap Scan on sbtest5  (cost=5.43..389.69 rows=97 width=125)
	  Recheck Cond: ((k >= 5749605) AND (k <= 5749705))
	  ->  Bitmap Index Scan on k_5  (cost=0.00..5.40 rows=97 width=0)
	        Index Cond: ((k >= 5749605) AND (k <= 5749705))

table 6 : explain SELECT k, c FROM sbtest6 WHERE k BETWEEN 5749605 AND 5749705
	Bitmap Heap Scan on sbtest6  (cost=5.49..413.36 rows=103 width=125)
	  Recheck Cond: ((k >= 5749605) AND (k <= 5749705))
	  ->  Bitmap Index Scan on k_6  (cost=0.00..5.46 rows=103 width=0)
	        Index Cond: ((k >= 5749605) AND (k <= 5749705))

table 7 : explain SELECT k, c FROM sbtest7 WHERE k BETWEEN 5749605 AND 5749705
	Bitmap Heap Scan on sbtest7  (cost=5.39..373.94 rows=93 width=125)
	  Recheck Cond: ((k >= 5749605) AND (k <= 5749705))
	  ->  Bitmap Index Scan on k_7  (cost=0.00..5.36 rows=93 width=0)
	        Index Cond: ((k >= 5749605) AND (k <= 5749705))

table 8 : explain SELECT k, c FROM sbtest8 WHERE k BETWEEN 5749605 AND 5749705
	Bitmap Heap Scan on sbtest8  (cost=5.50..417.33 rows=104 width=125)
	  Recheck Cond: ((k >= 5749605) AND (k <= 5749705))
	  ->  Bitmap Index Scan on k_8  (cost=0.00..5.47 rows=104 width=0)
	        Index Cond: ((k >= 5749605) AND (k <= 5749705))

explain: for range-notcovered :: explain SELECT k, c FROM sbtest%d WHERE k BETWEEN 2483894 AND 2483994
explain: for range-notcovered :: explain SELECT k, c FROM sbtest%d WHERE k BETWEEN 3218407 AND 3218507
explain: for range-notcovered :: explain SELECT k, c FROM sbtest%d WHERE k BETWEEN 5749605 AND 5749705
for range-notcovered
table 1 : explain SELECT k, c FROM sbtest1 WHERE k BETWEEN 7251592 AND 7251692
	Bitmap Heap Scan on sbtest1  (cost=5.39..373.84 rows=93 width=125)
	  Recheck Cond: ((k >= 7251592) AND (k <= 7251692))
	  ->  Bitmap Index Scan on k_1  (cost=0.00..5.36 rows=93 width=0)
	        Index Cond: ((k >= 7251592) AND (k <= 7251692))

table 2 : explain SELECT k, c FROM sbtest2 WHERE k BETWEEN 7251592 AND 7251692
	Bitmap Heap Scan on sbtest2  (cost=5.70..492.07 rows=123 width=125)
	  Recheck Cond: ((k >= 7251592) AND (k <= 7251692))
	  ->  Bitmap Index Scan on k_2  (cost=0.00..5.67 rows=123 width=0)
	        Index Cond: ((k >= 7251592) AND (k <= 7251692))

table 3 : explain SELECT k, c FROM sbtest3 WHERE k BETWEEN 7251592 AND 7251692
	Bitmap Heap Scan on sbtest3  (cost=5.46..401.49 rows=100 width=125)
	  Recheck Cond: ((k >= 7251592) AND (k <= 7251692))
	  ->  Bitmap Index Scan on k_3  (cost=0.00..5.43 rows=100 width=0)
	        Index Cond: ((k >= 7251592) AND (k <= 7251692))

table 4 : explain SELECT k, c FROM sbtest4 WHERE k BETWEEN 7251592 AND 7251692
	Bitmap Heap Scan on sbtest4  (cost=5.43..389.69 rows=97 width=125)
	  Recheck Cond: ((k >= 7251592) AND (k <= 7251692))
	  ->  Bitmap Index Scan on k_4  (cost=0.00..5.40 rows=97 width=0)
	        Index Cond: ((k >= 7251592) AND (k <= 7251692))

table 5 : explain SELECT k, c FROM sbtest5 WHERE k BETWEEN 7251592 AND 7251692
	Bitmap Heap Scan on sbtest5  (cost=5.50..417.30 rows=104 width=125)
	  Recheck Cond: ((k >= 7251592) AND (k <= 7251692))
	  ->  Bitmap Index Scan on k_5  (cost=0.00..5.47 rows=104 width=0)
	        Index Cond: ((k >= 7251592) AND (k <= 7251692))

table 6 : explain SELECT k, c FROM sbtest6 WHERE k BETWEEN 7251592 AND 7251692
	Bitmap Heap Scan on sbtest6  (cost=5.46..401.53 rows=100 width=125)
	  Recheck Cond: ((k >= 7251592) AND (k <= 7251692))
	  ->  Bitmap Index Scan on k_6  (cost=0.00..5.43 rows=100 width=0)
	        Index Cond: ((k >= 7251592) AND (k <= 7251692))

table 7 : explain SELECT k, c FROM sbtest7 WHERE k BETWEEN 7251592 AND 7251692
	Bitmap Heap Scan on sbtest7  (cost=5.51..421.28 rows=105 width=125)
	  Recheck Cond: ((k >= 7251592) AND (k <= 7251692))
	  ->  Bitmap Index Scan on k_7  (cost=0.00..5.48 rows=105 width=0)
	        Index Cond: ((k >= 7251592) AND (k <= 7251692))

table 8 : explain SELECT k, c FROM sbtest8 WHERE k BETWEEN 7251592 AND 7251692
	Bitmap Heap Scan on sbtest8  (cost=5.53..429.16 rows=107 width=125)
	  Recheck Cond: ((k >= 7251592) AND (k <= 7251692))
	  ->  Bitmap Index Scan on k_8  (cost=0.00..5.50 rows=107 width=0)
	        Index Cond: ((k >= 7251592) AND (k <= 7251692))

for range-notcovered
table 1 : explain SELECT k, c FROM sbtest1 WHERE k BETWEEN 6154357 AND 6154457
	Bitmap Heap Scan on sbtest1  (cost=5.37..365.95 rows=91 width=125)
	  Recheck Cond: ((k >= 6154357) AND (k <= 6154457))
	  ->  Bitmap Index Scan on k_1  (cost=0.00..5.34 rows=91 width=0)
	        Index Cond: ((k >= 6154357) AND (k <= 6154457))

table 2 : explain SELECT k, c FROM sbtest2 WHERE k BETWEEN 6154357 AND 6154457
	Bitmap Heap Scan on sbtest2  (cost=5.53..429.08 rows=107 width=125)
	  Recheck Cond: ((k >= 6154357) AND (k <= 6154457))
	  ->  Bitmap Index Scan on k_2  (cost=0.00..5.50 rows=107 width=0)
	        Index Cond: ((k >= 6154357) AND (k <= 6154457))

table 3 : explain SELECT k, c FROM sbtest3 WHERE k BETWEEN 6154357 AND 6154457
	Bitmap Heap Scan on sbtest3  (cost=5.35..358.09 rows=89 width=125)
	  Recheck Cond: ((k >= 6154357) AND (k <= 6154457))
	  ->  Bitmap Index Scan on k_3  (cost=0.00..5.32 rows=89 width=0)
	        Index Cond: ((k >= 6154357) AND (k <= 6154457))

table 4 : explain SELECT k, c FROM sbtest4 WHERE k BETWEEN 6154357 AND 6154457
	Bitmap Heap Scan on sbtest4  (cost=5.50..417.30 rows=104 width=125)
	  Recheck Cond: ((k >= 6154357) AND (k <= 6154457))
	  ->  Bitmap Index Scan on k_4  (cost=0.00..5.47 rows=104 width=0)
	        Index Cond: ((k >= 6154357) AND (k <= 6154457))

table 5 : explain SELECT k, c FROM sbtest5 WHERE k BETWEEN 6154357 AND 6154457
	Bitmap Heap Scan on sbtest5  (cost=5.50..417.30 rows=104 width=125)
	  Recheck Cond: ((k >= 6154357) AND (k <= 6154457))
	  ->  Bitmap Index Scan on k_5  (cost=0.00..5.47 rows=104 width=0)
	        Index Cond: ((k >= 6154357) AND (k <= 6154457))

table 6 : explain SELECT k, c FROM sbtest6 WHERE k BETWEEN 6154357 AND 6154457
	Bitmap Heap Scan on sbtest6  (cost=5.48..409.41 rows=102 width=125)
	  Recheck Cond: ((k >= 6154357) AND (k <= 6154457))
	  ->  Bitmap Index Scan on k_6  (cost=0.00..5.45 rows=102 width=0)
	        Index Cond: ((k >= 6154357) AND (k <= 6154457))

table 7 : explain SELECT k, c FROM sbtest7 WHERE k BETWEEN 6154357 AND 6154457
	Bitmap Heap Scan on sbtest7  (cost=5.54..433.10 rows=108 width=125)
	  Recheck Cond: ((k >= 6154357) AND (k <= 6154457))
	  ->  Bitmap Index Scan on k_7  (cost=0.00..5.51 rows=108 width=0)
	        Index Cond: ((k >= 6154357) AND (k <= 6154457))

table 8 : explain SELECT k, c FROM sbtest8 WHERE k BETWEEN 6154357 AND 6154457
	Bitmap Heap Scan on sbtest8  (cost=5.51..421.27 rows=105 width=125)
	  Recheck Cond: ((k >= 6154357) AND (k <= 6154457))
	  ->  Bitmap Index Scan on k_8  (cost=0.00..5.48 rows=105 width=0)
	        Index Cond: ((k >= 6154357) AND (k <= 6154457))

explain: for range-notcovered :: explain SELECT k, c FROM sbtest%d WHERE k BETWEEN 7251592 AND 7251692
explain: for range-notcovered :: explain SELECT k, c FROM sbtest%d WHERE k BETWEEN 6154357 AND 6154457
for range-notcovered
table 1 : explain SELECT k, c FROM sbtest1 WHERE k BETWEEN 5749605 AND 5749705
	Bitmap Heap Scan on sbtest1  (cost=5.49..413.27 rows=103 width=125)
	  Recheck Cond: ((k >= 5749605) AND (k <= 5749705))
	  ->  Bitmap Index Scan on k_1  (cost=0.00..5.46 rows=103 width=0)
	        Index Cond: ((k >= 5749605) AND (k <= 5749705))

table 2 : explain SELECT k, c FROM sbtest2 WHERE k BETWEEN 5749605 AND 5749705
	Bitmap Heap Scan on sbtest2  (cost=5.50..417.26 rows=104 width=125)
	  Recheck Cond: ((k >= 5749605) AND (k <= 5749705))
	  ->  Bitmap Index Scan on k_2  (cost=0.00..5.47 rows=104 width=0)
	        Index Cond: ((k >= 5749605) AND (k <= 5749705))

table 3 : explain SELECT k, c FROM sbtest3 WHERE k BETWEEN 5749605 AND 5749705
	Bitmap Heap Scan on sbtest3  (cost=5.44..393.60 rows=98 width=125)
	  Recheck Cond: ((k >= 5749605) AND (k <= 5749705))
	  ->  Bitmap Index Scan on k_3  (cost=0.00..5.42 rows=98 width=0)
	        Index Cond: ((k >= 5749605) AND (k <= 5749705))

table 4 : explain SELECT k, c FROM sbtest4 WHERE k BETWEEN 5749605 AND 5749705
	Bitmap Heap Scan on sbtest4  (cost=5.49..413.35 rows=103 width=125)
	  Recheck Cond: ((k >= 5749605) AND (k <= 5749705))
	  ->  Bitmap Index Scan on k_4  (cost=0.00..5.46 rows=103 width=0)
	        Index Cond: ((k >= 5749605) AND (k <= 5749705))

table 5 : explain SELECT k, c FROM sbtest5 WHERE k BETWEEN 5749605 AND 5749705
	Bitmap Heap Scan on sbtest5  (cost=5.43..389.69 rows=97 width=125)
	  Recheck Cond: ((k >= 5749605) AND (k <= 5749705))
	  ->  Bitmap Index Scan on k_5  (cost=0.00..5.40 rows=97 width=0)
	        Index Cond: ((k >= 5749605) AND (k <= 5749705))

table 6 : explain SELECT k, c FROM sbtest6 WHERE k BETWEEN 5749605 AND 5749705
	Bitmap Heap Scan on sbtest6  (cost=5.49..413.36 rows=103 width=125)
	  Recheck Cond: ((k >= 5749605) AND (k <= 5749705))
	  ->  Bitmap Index Scan on k_6  (cost=0.00..5.46 rows=103 width=0)
	        Index Cond: ((k >= 5749605) AND (k <= 5749705))

table 7 : explain SELECT k, c FROM sbtest7 WHERE k BETWEEN 5749605 AND 5749705
	Bitmap Heap Scan on sbtest7  (cost=5.39..373.94 rows=93 width=125)
	  Recheck Cond: ((k >= 5749605) AND (k <= 5749705))
	  ->  Bitmap Index Scan on k_7  (cost=0.00..5.36 rows=93 width=0)
	        Index Cond: ((k >= 5749605) AND (k <= 5749705))

table 8 : explain SELECT k, c FROM sbtest8 WHERE k BETWEEN 5749605 AND 5749705
	Bitmap Heap Scan on sbtest8  (cost=5.50..417.33 rows=104 width=125)
	  Recheck Cond: ((k >= 5749605) AND (k <= 5749705))
	  ->  Bitmap Index Scan on k_8  (cost=0.00..5.47 rows=104 width=0)
	        Index Cond: ((k >= 5749605) AND (k <= 5749705))

for range-notcovered
table 1 : explain SELECT k, c FROM sbtest1 WHERE k BETWEEN 6494881 AND 6494981
	Bitmap Heap Scan on sbtest1  (cost=5.52..425.10 rows=106 width=125)
	  Recheck Cond: ((k >= 6494881) AND (k <= 6494981))
	  ->  Bitmap Index Scan on k_1  (cost=0.00..5.50 rows=106 width=0)
	        Index Cond: ((k >= 6494881) AND (k <= 6494981))

table 2 : explain SELECT k, c FROM sbtest2 WHERE k BETWEEN 6494881 AND 6494981
	Bitmap Heap Scan on sbtest2  (cost=5.48..409.37 rows=102 width=125)
	  Recheck Cond: ((k >= 6494881) AND (k <= 6494981))
	  ->  Bitmap Index Scan on k_2  (cost=0.00..5.45 rows=102 width=0)
	        Index Cond: ((k >= 6494881) AND (k <= 6494981))

table 3 : explain SELECT k, c FROM sbtest3 WHERE k BETWEEN 6494881 AND 6494981
	Bitmap Heap Scan on sbtest3  (cost=5.60..456.65 rows=114 width=125)
	  Recheck Cond: ((k >= 6494881) AND (k <= 6494981))
	  ->  Bitmap Index Scan on k_3  (cost=0.00..5.58 rows=114 width=0)
	        Index Cond: ((k >= 6494881) AND (k <= 6494981))

table 4 : explain SELECT k, c FROM sbtest4 WHERE k BETWEEN 6494881 AND 6494981
	Bitmap Heap Scan on sbtest4  (cost=5.46..401.52 rows=100 width=125)
	  Recheck Cond: ((k >= 6494881) AND (k <= 6494981))
	  ->  Bitmap Index Scan on k_4  (cost=0.00..5.43 rows=100 width=0)
	        Index Cond: ((k >= 6494881) AND (k <= 6494981))

table 5 : explain SELECT k, c FROM sbtest5 WHERE k BETWEEN 6494881 AND 6494981
	Bitmap Heap Scan on sbtest5  (cost=5.47..405.47 rows=101 width=125)
	  Recheck Cond: ((k >= 6494881) AND (k <= 6494981))
	  ->  Bitmap Index Scan on k_5  (cost=0.00..5.44 rows=101 width=0)
	        Index Cond: ((k >= 6494881) AND (k <= 6494981))

table 6 : explain SELECT k, c FROM sbtest6 WHERE k BETWEEN 6494881 AND 6494981
	Bitmap Heap Scan on sbtest6  (cost=5.35..358.12 rows=89 width=125)
	  Recheck Cond: ((k >= 6494881) AND (k <= 6494981))
	  ->  Bitmap Index Scan on k_6  (cost=0.00..5.32 rows=89 width=0)
	        Index Cond: ((k >= 6494881) AND (k <= 6494981))

table 7 : explain SELECT k, c FROM sbtest7 WHERE k BETWEEN 6494881 AND 6494981
	Bitmap Heap Scan on sbtest7  (cost=5.49..413.39 rows=103 width=125)
	  Recheck Cond: ((k >= 6494881) AND (k <= 6494981))
	  ->  Bitmap Index Scan on k_7  (cost=0.00..5.46 rows=103 width=0)
	        Index Cond: ((k >= 6494881) AND (k <= 6494981))

table 8 : explain SELECT k, c FROM sbtest8 WHERE k BETWEEN 6494881 AND 6494981
	Bitmap Heap Scan on sbtest8  (cost=5.39..373.94 rows=93 width=125)
	  Recheck Cond: ((k >= 6494881) AND (k <= 6494981))
	  ->  Bitmap Index Scan on k_8  (cost=0.00..5.36 rows=93 width=0)
	        Index Cond: ((k >= 6494881) AND (k <= 6494981))

for range-notcovered
table 1 : explain SELECT k, c FROM sbtest1 WHERE k BETWEEN 2483894 AND 2483994
	Bitmap Heap Scan on sbtest1  (cost=5.42..385.68 rows=96 width=125)
	  Recheck Cond: ((k >= 2483894) AND (k <= 2483994))
	  ->  Bitmap Index Scan on k_1  (cost=0.00..5.39 rows=96 width=0)
	        Index Cond: ((k >= 2483894) AND (k <= 2483994))

table 2 : explain SELECT k, c FROM sbtest2 WHERE k BETWEEN 2483894 AND 2483994
	Bitmap Heap Scan on sbtest2  (cost=5.51..421.20 rows=105 width=125)
	  Recheck Cond: ((k >= 2483894) AND (k <= 2483994))
	  ->  Bitmap Index Scan on k_2  (cost=0.00..5.48 rows=105 width=0)
	        Index Cond: ((k >= 2483894) AND (k <= 2483994))

table 3 : explain SELECT k, c FROM sbtest3 WHERE k BETWEEN 2483894 AND 2483994
	Bitmap Heap Scan on sbtest3  (cost=5.51..421.20 rows=105 width=125)
	  Recheck Cond: ((k >= 2483894) AND (k <= 2483994))
	  ->  Bitmap Index Scan on k_3  (cost=0.00..5.48 rows=105 width=0)
	        Index Cond: ((k >= 2483894) AND (k <= 2483994))

table 4 : explain SELECT k, c FROM sbtest4 WHERE k BETWEEN 2483894 AND 2483994
	Bitmap Heap Scan on sbtest4  (cost=5.38..369.96 rows=92 width=125)
	  Recheck Cond: ((k >= 2483894) AND (k <= 2483994))
	  ->  Bitmap Index Scan on k_4  (cost=0.00..5.35 rows=92 width=0)
	        Index Cond: ((k >= 2483894) AND (k <= 2483994))

table 5 : explain SELECT k, c FROM sbtest5 WHERE k BETWEEN 2483894 AND 2483994
	Bitmap Heap Scan on sbtest5  (cost=5.51..421.24 rows=105 width=125)
	  Recheck Cond: ((k >= 2483894) AND (k <= 2483994))
	  ->  Bitmap Index Scan on k_5  (cost=0.00..5.48 rows=105 width=0)
	        Index Cond: ((k >= 2483894) AND (k <= 2483994))

table 6 : explain SELECT k, c FROM sbtest6 WHERE k BETWEEN 2483894 AND 2483994
	Bitmap Heap Scan on sbtest6  (cost=5.47..405.47 rows=101 width=125)
	  Recheck Cond: ((k >= 2483894) AND (k <= 2483994))
	  ->  Bitmap Index Scan on k_6  (cost=0.00..5.44 rows=101 width=0)
	        Index Cond: ((k >= 2483894) AND (k <= 2483994))

table 7 : explain SELECT k, c FROM sbtest7 WHERE k BETWEEN 2483894 AND 2483994
	Bitmap Heap Scan on sbtest7  (cost=5.37..366.04 rows=91 width=125)
	  Recheck Cond: ((k >= 2483894) AND (k <= 2483994))
	  ->  Bitmap Index Scan on k_7  (cost=0.00..5.34 rows=91 width=0)
	        Index Cond: ((k >= 2483894) AND (k <= 2483994))

table 8 : explain SELECT k, c FROM sbtest8 WHERE k BETWEEN 2483894 AND 2483994
	Bitmap Heap Scan on sbtest8  (cost=5.42..385.78 rows=96 width=125)
	  Recheck Cond: ((k >= 2483894) AND (k <= 2483994))
	  ->  Bitmap Index Scan on k_8  (cost=0.00..5.39 rows=96 width=0)
	        Index Cond: ((k >= 2483894) AND (k <= 2483994))

explain: for range-notcovered :: explain SELECT k, c FROM sbtest%d WHERE k BETWEEN 3772374 AND 3772474
for range-notcovered
table 1 : explain SELECT k, c FROM sbtest1 WHERE k BETWEEN 3218407 AND 3218507
	Bitmap Heap Scan on sbtest1  (cost=5.49..413.27 rows=103 width=125)
	  Recheck Cond: ((k >= 3218407) AND (k <= 3218507))
	  ->  Bitmap Index Scan on k_1  (cost=0.00..5.46 rows=103 width=0)
	        Index Cond: ((k >= 3218407) AND (k <= 3218507))

table 2 : explain SELECT k, c FROM sbtest2 WHERE k BETWEEN 3218407 AND 3218507
	Bitmap Heap Scan on sbtest2  (cost=5.50..417.26 rows=104 width=125)
	  Recheck Cond: ((k >= 3218407) AND (k <= 3218507))
	  ->  Bitmap Index Scan on k_2  (cost=0.00..5.47 rows=104 width=0)
	        Index Cond: ((k >= 3218407) AND (k <= 3218507))

table 3 : explain SELECT k, c FROM sbtest3 WHERE k BETWEEN 3218407 AND 3218507
	Bitmap Heap Scan on sbtest3  (cost=5.43..389.66 rows=97 width=125)
	  Recheck Cond: ((k >= 3218407) AND (k <= 3218507))
	  ->  Bitmap Index Scan on k_3  (cost=0.00..5.40 rows=97 width=0)
	        Index Cond: ((k >= 3218407) AND (k <= 3218507))

table 4 : explain SELECT k, c FROM sbtest4 WHERE k BETWEEN 3218407 AND 3218507
	Bitmap Heap Scan on sbtest4  (cost=5.52..425.18 rows=106 width=125)
	  Recheck Cond: ((k >= 3218407) AND (k <= 3218507))
	  ->  Bitmap Index Scan on k_4  (cost=0.00..5.50 rows=106 width=0)
	        Index Cond: ((k >= 3218407) AND (k <= 3218507))

table 5 : explain SELECT k, c FROM sbtest5 WHERE k BETWEEN 3218407 AND 3218507
	Bitmap Heap Scan on sbtest5  (cost=5.53..429.12 rows=107 width=125)
	  Recheck Cond: ((k >= 3218407) AND (k <= 3218507))
	  ->  Bitmap Index Scan on k_5  (cost=0.00..5.50 rows=107 width=0)
	        Index Cond: ((k >= 3218407) AND (k <= 3218507))

table 6 : explain SELECT k, c FROM sbtest6 WHERE k BETWEEN 3218407 AND 3218507
	Bitmap Heap Scan on sbtest6  (cost=5.58..448.82 rows=112 width=125)
	  Recheck Cond: ((k >= 3218407) AND (k <= 3218507))
	  ->  Bitmap Index Scan on k_6  (cost=0.00..5.55 rows=112 width=0)
	        Index Cond: ((k >= 3218407) AND (k <= 3218507))

table 7 : explain SELECT k, c FROM sbtest7 WHERE k BETWEEN 3218407 AND 3218507
	Bitmap Heap Scan on sbtest7  (cost=5.59..452.80 rows=113 width=125)
	  Recheck Cond: ((k >= 3218407) AND (k <= 3218507))
	  ->  Bitmap Index Scan on k_7  (cost=0.00..5.56 rows=113 width=0)
	        Index Cond: ((k >= 3218407) AND (k <= 3218507))

table 8 : explain SELECT k, c FROM sbtest8 WHERE k BETWEEN 3218407 AND 3218507
	Bitmap Heap Scan on sbtest8  (cost=5.47..405.50 rows=101 width=125)
	  Recheck Cond: ((k >= 3218407) AND (k <= 3218507))
	  ->  Bitmap Index Scan on k_8  (cost=0.00..5.44 rows=101 width=0)
	        Index Cond: ((k >= 3218407) AND (k <= 3218507))

explain: for range-notcovered :: explain SELECT k, c FROM sbtest%d WHERE k BETWEEN 5749605 AND 5749705
for range-notcovered
table 1 : explain SELECT k, c FROM sbtest1 WHERE k BETWEEN 6081049 AND 6081149
	Bitmap Heap Scan on sbtest1  (cost=5.53..429.04 rows=107 width=125)
	  Recheck Cond: ((k >= 6081049) AND (k <= 6081149))
	  ->  Bitmap Index Scan on k_1  (cost=0.00..5.50 rows=107 width=0)
	        Index Cond: ((k >= 6081049) AND (k <= 6081149))

table 2 : explain SELECT k, c FROM sbtest2 WHERE k BETWEEN 6081049 AND 6081149
	Bitmap Heap Scan on sbtest2  (cost=5.49..413.31 rows=103 width=125)
	  Recheck Cond: ((k >= 6081049) AND (k <= 6081149))
	  ->  Bitmap Index Scan on k_2  (cost=0.00..5.46 rows=103 width=0)
	        Index Cond: ((k >= 6081049) AND (k <= 6081149))

table 3 : explain SELECT k, c FROM sbtest3 WHERE k BETWEEN 6081049 AND 6081149
	Bitmap Heap Scan on sbtest3  (cost=5.39..373.88 rows=93 width=125)
	  Recheck Cond: ((k >= 6081049) AND (k <= 6081149))
	  ->  Bitmap Index Scan on k_3  (cost=0.00..5.36 rows=93 width=0)
	        Index Cond: ((k >= 6081049) AND (k <= 6081149))

table 4 : explain SELECT k, c FROM sbtest4 WHERE k BETWEEN 6081049 AND 6081149
	Bitmap Heap Scan on sbtest4  (cost=5.55..437.00 rows=109 width=125)
	  Recheck Cond: ((k >= 6081049) AND (k <= 6081149))
	  ->  Bitmap Index Scan on k_4  (cost=0.00..5.52 rows=109 width=0)
	        Index Cond: ((k >= 6081049) AND (k <= 6081149))

table 5 : explain SELECT k, c FROM sbtest5 WHERE k BETWEEN 6081049 AND 6081149
	Bitmap Heap Scan on sbtest5  (cost=5.50..417.30 rows=104 width=125)
	  Recheck Cond: ((k >= 6081049) AND (k <= 6081149))
	  ->  Bitmap Index Scan on k_5  (cost=0.00..5.47 rows=104 width=0)
	        Index Cond: ((k >= 6081049) AND (k <= 6081149))

table 6 : explain SELECT k, c FROM sbtest6 WHERE k BETWEEN 6081049 AND 6081149
	Bitmap Heap Scan on sbtest6  (cost=5.49..413.36 rows=103 width=125)
	  Recheck Cond: ((k >= 6081049) AND (k <= 6081149))
	  ->  Bitmap Index Scan on k_6  (cost=0.00..5.46 rows=103 width=0)
	        Index Cond: ((k >= 6081049) AND (k <= 6081149))

table 7 : explain SELECT k, c FROM sbtest7 WHERE k BETWEEN 6081049 AND 6081149
	Bitmap Heap Scan on sbtest7  (cost=5.46..401.56 rows=100 width=125)
	  Recheck Cond: ((k >= 6081049) AND (k <= 6081149))
	  ->  Bitmap Index Scan on k_7  (cost=0.00..5.43 rows=100 width=0)
	        Index Cond: ((k >= 6081049) AND (k <= 6081149))

table 8 : explain SELECT k, c FROM sbtest8 WHERE k BETWEEN 6081049 AND 6081149
	Bitmap Heap Scan on sbtest8  (cost=5.51..421.27 rows=105 width=125)
	  Recheck Cond: ((k >= 6081049) AND (k <= 6081149))
	  ->  Bitmap Index Scan on k_8  (cost=0.00..5.48 rows=105 width=0)
	        Index Cond: ((k >= 6081049) AND (k <= 6081149))

explain: for range-notcovered :: explain SELECT k, c FROM sbtest%d WHERE k BETWEEN 2483894 AND 2483994
explain: for range-notcovered :: explain SELECT k, c FROM sbtest%d WHERE k BETWEEN 6494881 AND 6494981
explain: for range-notcovered :: explain SELECT k, c FROM sbtest%d WHERE k BETWEEN 3218407 AND 3218507
explain: for range-notcovered :: explain SELECT k, c FROM sbtest%d WHERE k BETWEEN 6081049 AND 6081149
for range-notcovered
table 1 : explain SELECT k, c FROM sbtest1 WHERE k BETWEEN 7251592 AND 7251692
	Bitmap Heap Scan on sbtest1  (cost=5.39..373.84 rows=93 width=125)
	  Recheck Cond: ((k >= 7251592) AND (k <= 7251692))
	  ->  Bitmap Index Scan on k_1  (cost=0.00..5.36 rows=93 width=0)
	        Index Cond: ((k >= 7251592) AND (k <= 7251692))

table 2 : explain SELECT k, c FROM sbtest2 WHERE k BETWEEN 7251592 AND 7251692
	Bitmap Heap Scan on sbtest2  (cost=5.70..492.07 rows=123 width=125)
	  Recheck Cond: ((k >= 7251592) AND (k <= 7251692))
	  ->  Bitmap Index Scan on k_2  (cost=0.00..5.67 rows=123 width=0)
	        Index Cond: ((k >= 7251592) AND (k <= 7251692))

table 3 : explain SELECT k, c FROM sbtest3 WHERE k BETWEEN 7251592 AND 7251692
	Bitmap Heap Scan on sbtest3  (cost=5.46..401.49 rows=100 width=125)
	  Recheck Cond: ((k >= 7251592) AND (k <= 7251692))
	  ->  Bitmap Index Scan on k_3  (cost=0.00..5.43 rows=100 width=0)
	        Index Cond: ((k >= 7251592) AND (k <= 7251692))

table 4 : explain SELECT k, c FROM sbtest4 WHERE k BETWEEN 7251592 AND 7251692
	Bitmap Heap Scan on sbtest4  (cost=5.43..389.69 rows=97 width=125)
	  Recheck Cond: ((k >= 7251592) AND (k <= 7251692))
	  ->  Bitmap Index Scan on k_4  (cost=0.00..5.40 rows=97 width=0)
	        Index Cond: ((k >= 7251592) AND (k <= 7251692))

table 5 : explain SELECT k, c FROM sbtest5 WHERE k BETWEEN 7251592 AND 7251692
	Bitmap Heap Scan on sbtest5  (cost=5.50..417.30 rows=104 width=125)
	  Recheck Cond: ((k >= 7251592) AND (k <= 7251692))
	  ->  Bitmap Index Scan on k_5  (cost=0.00..5.47 rows=104 width=0)
	        Index Cond: ((k >= 7251592) AND (k <= 7251692))

table 6 : explain SELECT k, c FROM sbtest6 WHERE k BETWEEN 7251592 AND 7251692
	Bitmap Heap Scan on sbtest6  (cost=5.46..401.53 rows=100 width=125)
	  Recheck Cond: ((k >= 7251592) AND (k <= 7251692))
	  ->  Bitmap Index Scan on k_6  (cost=0.00..5.43 rows=100 width=0)
	        Index Cond: ((k >= 7251592) AND (k <= 7251692))

table 7 : explain SELECT k, c FROM sbtest7 WHERE k BETWEEN 7251592 AND 7251692
	Bitmap Heap Scan on sbtest7  (cost=5.51..421.28 rows=105 width=125)
	  Recheck Cond: ((k >= 7251592) AND (k <= 7251692))
	  ->  Bitmap Index Scan on k_7  (cost=0.00..5.48 rows=105 width=0)
	        Index Cond: ((k >= 7251592) AND (k <= 7251692))

table 8 : explain SELECT k, c FROM sbtest8 WHERE k BETWEEN 7251592 AND 7251692
	Bitmap Heap Scan on sbtest8  (cost=5.53..429.16 rows=107 width=125)
	  Recheck Cond: ((k >= 7251592) AND (k <= 7251692))
	  ->  Bitmap Index Scan on k_8  (cost=0.00..5.50 rows=107 width=0)
	        Index Cond: ((k >= 7251592) AND (k <= 7251692))

for range-notcovered
table 1 : explain SELECT k, c FROM sbtest1 WHERE k BETWEEN 6154357 AND 6154457
	Bitmap Heap Scan on sbtest1  (cost=5.37..365.95 rows=91 width=125)
	  Recheck Cond: ((k >= 6154357) AND (k <= 6154457))
	  ->  Bitmap Index Scan on k_1  (cost=0.00..5.34 rows=91 width=0)
	        Index Cond: ((k >= 6154357) AND (k <= 6154457))

table 2 : explain SELECT k, c FROM sbtest2 WHERE k BETWEEN 6154357 AND 6154457
	Bitmap Heap Scan on sbtest2  (cost=5.53..429.08 rows=107 width=125)
	  Recheck Cond: ((k >= 6154357) AND (k <= 6154457))
	  ->  Bitmap Index Scan on k_2  (cost=0.00..5.50 rows=107 width=0)
	        Index Cond: ((k >= 6154357) AND (k <= 6154457))

table 3 : explain SELECT k, c FROM sbtest3 WHERE k BETWEEN 6154357 AND 6154457
	Bitmap Heap Scan on sbtest3  (cost=5.35..358.09 rows=89 width=125)
	  Recheck Cond: ((k >= 6154357) AND (k <= 6154457))
	  ->  Bitmap Index Scan on k_3  (cost=0.00..5.32 rows=89 width=0)
	        Index Cond: ((k >= 6154357) AND (k <= 6154457))

table 4 : explain SELECT k, c FROM sbtest4 WHERE k BETWEEN 6154357 AND 6154457
	Bitmap Heap Scan on sbtest4  (cost=5.50..417.30 rows=104 width=125)
	  Recheck Cond: ((k >= 6154357) AND (k <= 6154457))
	  ->  Bitmap Index Scan on k_4  (cost=0.00..5.47 rows=104 width=0)
	        Index Cond: ((k >= 6154357) AND (k <= 6154457))

table 5 : explain SELECT k, c FROM sbtest5 WHERE k BETWEEN 6154357 AND 6154457
	Bitmap Heap Scan on sbtest5  (cost=5.50..417.30 rows=104 width=125)
	  Recheck Cond: ((k >= 6154357) AND (k <= 6154457))
	  ->  Bitmap Index Scan on k_5  (cost=0.00..5.47 rows=104 width=0)
	        Index Cond: ((k >= 6154357) AND (k <= 6154457))

table 6 : explain SELECT k, c FROM sbtest6 WHERE k BETWEEN 6154357 AND 6154457
	Bitmap Heap Scan on sbtest6  (cost=5.48..409.41 rows=102 width=125)
	  Recheck Cond: ((k >= 6154357) AND (k <= 6154457))
	  ->  Bitmap Index Scan on k_6  (cost=0.00..5.45 rows=102 width=0)
	        Index Cond: ((k >= 6154357) AND (k <= 6154457))

table 7 : explain SELECT k, c FROM sbtest7 WHERE k BETWEEN 6154357 AND 6154457
	Bitmap Heap Scan on sbtest7  (cost=5.54..433.10 rows=108 width=125)
	  Recheck Cond: ((k >= 6154357) AND (k <= 6154457))
	  ->  Bitmap Index Scan on k_7  (cost=0.00..5.51 rows=108 width=0)
	        Index Cond: ((k >= 6154357) AND (k <= 6154457))

table 8 : explain SELECT k, c FROM sbtest8 WHERE k BETWEEN 6154357 AND 6154457
	Bitmap Heap Scan on sbtest8  (cost=5.51..421.27 rows=105 width=125)
	  Recheck Cond: ((k >= 6154357) AND (k <= 6154457))
	  ->  Bitmap Index Scan on k_8  (cost=0.00..5.48 rows=105 width=0)
	        Index Cond: ((k >= 6154357) AND (k <= 6154457))

explain: for range-notcovered :: explain SELECT k, c FROM sbtest%d WHERE k BETWEEN 7251592 AND 7251692
explain: for range-notcovered :: explain SELECT k, c FROM sbtest%d WHERE k BETWEEN 6154357 AND 6154457
for range-notcovered
table 1 : explain SELECT k, c FROM sbtest1 WHERE k BETWEEN 5749605 AND 5749705
	Bitmap Heap Scan on sbtest1  (cost=5.49..413.27 rows=103 width=125)
	  Recheck Cond: ((k >= 5749605) AND (k <= 5749705))
	  ->  Bitmap Index Scan on k_1  (cost=0.00..5.46 rows=103 width=0)
	        Index Cond: ((k >= 5749605) AND (k <= 5749705))

table 2 : explain SELECT k, c FROM sbtest2 WHERE k BETWEEN 5749605 AND 5749705
	Bitmap Heap Scan on sbtest2  (cost=5.50..417.26 rows=104 width=125)
	  Recheck Cond: ((k >= 5749605) AND (k <= 5749705))
	  ->  Bitmap Index Scan on k_2  (cost=0.00..5.47 rows=104 width=0)
	        Index Cond: ((k >= 5749605) AND (k <= 5749705))

table 3 : explain SELECT k, c FROM sbtest3 WHERE k BETWEEN 5749605 AND 5749705
	Bitmap Heap Scan on sbtest3  (cost=5.44..393.60 rows=98 width=125)
	  Recheck Cond: ((k >= 5749605) AND (k <= 5749705))
	  ->  Bitmap Index Scan on k_3  (cost=0.00..5.42 rows=98 width=0)
	        Index Cond: ((k >= 5749605) AND (k <= 5749705))

table 4 : explain SELECT k, c FROM sbtest4 WHERE k BETWEEN 5749605 AND 5749705
	Bitmap Heap Scan on sbtest4  (cost=5.49..413.35 rows=103 width=125)
	  Recheck Cond: ((k >= 5749605) AND (k <= 5749705))
	  ->  Bitmap Index Scan on k_4  (cost=0.00..5.46 rows=103 width=0)
	        Index Cond: ((k >= 5749605) AND (k <= 5749705))

table 5 : explain SELECT k, c FROM sbtest5 WHERE k BETWEEN 5749605 AND 5749705
	Bitmap Heap Scan on sbtest5  (cost=5.43..389.69 rows=97 width=125)
	  Recheck Cond: ((k >= 5749605) AND (k <= 5749705))
	  ->  Bitmap Index Scan on k_5  (cost=0.00..5.40 rows=97 width=0)
	        Index Cond: ((k >= 5749605) AND (k <= 5749705))

table 6 : explain SELECT k, c FROM sbtest6 WHERE k BETWEEN 5749605 AND 5749705
	Bitmap Heap Scan on sbtest6  (cost=5.49..413.36 rows=103 width=125)
	  Recheck Cond: ((k >= 5749605) AND (k <= 5749705))
	  ->  Bitmap Index Scan on k_6  (cost=0.00..5.46 rows=103 width=0)
	        Index Cond: ((k >= 5749605) AND (k <= 5749705))

table 7 : explain SELECT k, c FROM sbtest7 WHERE k BETWEEN 5749605 AND 5749705
	Bitmap Heap Scan on sbtest7  (cost=5.39..373.94 rows=93 width=125)
	  Recheck Cond: ((k >= 5749605) AND (k <= 5749705))
	  ->  Bitmap Index Scan on k_7  (cost=0.00..5.36 rows=93 width=0)
	        Index Cond: ((k >= 5749605) AND (k <= 5749705))

table 8 : explain SELECT k, c FROM sbtest8 WHERE k BETWEEN 5749605 AND 5749705
	Bitmap Heap Scan on sbtest8  (cost=5.50..417.33 rows=104 width=125)
	  Recheck Cond: ((k >= 5749605) AND (k <= 5749705))
	  ->  Bitmap Index Scan on k_8  (cost=0.00..5.47 rows=104 width=0)
	        Index Cond: ((k >= 5749605) AND (k <= 5749705))

for range-notcovered
table 1 : explain SELECT k, c FROM sbtest1 WHERE k BETWEEN 3218407 AND 3218507
	Bitmap Heap Scan on sbtest1  (cost=5.49..413.27 rows=103 width=125)
	  Recheck Cond: ((k >= 3218407) AND (k <= 3218507))
	  ->  Bitmap Index Scan on k_1  (cost=0.00..5.46 rows=103 width=0)
	        Index Cond: ((k >= 3218407) AND (k <= 3218507))

table 2 : explain SELECT k, c FROM sbtest2 WHERE k BETWEEN 3218407 AND 3218507
	Bitmap Heap Scan on sbtest2  (cost=5.50..417.26 rows=104 width=125)
	  Recheck Cond: ((k >= 3218407) AND (k <= 3218507))
	  ->  Bitmap Index Scan on k_2  (cost=0.00..5.47 rows=104 width=0)
	        Index Cond: ((k >= 3218407) AND (k <= 3218507))

table 3 : explain SELECT k, c FROM sbtest3 WHERE k BETWEEN 3218407 AND 3218507
	Bitmap Heap Scan on sbtest3  (cost=5.43..389.66 rows=97 width=125)
	  Recheck Cond: ((k >= 3218407) AND (k <= 3218507))
	  ->  Bitmap Index Scan on k_3  (cost=0.00..5.40 rows=97 width=0)
	        Index Cond: ((k >= 3218407) AND (k <= 3218507))

table 4 : explain SELECT k, c FROM sbtest4 WHERE k BETWEEN 3218407 AND 3218507
	Bitmap Heap Scan on sbtest4  (cost=5.52..425.18 rows=106 width=125)
	  Recheck Cond: ((k >= 3218407) AND (k <= 3218507))
	  ->  Bitmap Index Scan on k_4  (cost=0.00..5.50 rows=106 width=0)
	        Index Cond: ((k >= 3218407) AND (k <= 3218507))

table 5 : explain SELECT k, c FROM sbtest5 WHERE k BETWEEN 3218407 AND 3218507
	Bitmap Heap Scan on sbtest5  (cost=5.53..429.12 rows=107 width=125)
	  Recheck Cond: ((k >= 3218407) AND (k <= 3218507))
	  ->  Bitmap Index Scan on k_5  (cost=0.00..5.50 rows=107 width=0)
	        Index Cond: ((k >= 3218407) AND (k <= 3218507))

table 6 : explain SELECT k, c FROM sbtest6 WHERE k BETWEEN 3218407 AND 3218507
	Bitmap Heap Scan on sbtest6  (cost=5.58..448.82 rows=112 width=125)
	  Recheck Cond: ((k >= 3218407) AND (k <= 3218507))
	  ->  Bitmap Index Scan on k_6  (cost=0.00..5.55 rows=112 width=0)
	        Index Cond: ((k >= 3218407) AND (k <= 3218507))

table 7 : explain SELECT k, c FROM sbtest7 WHERE k BETWEEN 3218407 AND 3218507
	Bitmap Heap Scan on sbtest7  (cost=5.59..452.80 rows=113 width=125)
	  Recheck Cond: ((k >= 3218407) AND (k <= 3218507))
	  ->  Bitmap Index Scan on k_7  (cost=0.00..5.56 rows=113 width=0)
	        Index Cond: ((k >= 3218407) AND (k <= 3218507))

table 8 : explain SELECT k, c FROM sbtest8 WHERE k BETWEEN 3218407 AND 3218507
	Bitmap Heap Scan on sbtest8  (cost=5.47..405.50 rows=101 width=125)
	  Recheck Cond: ((k >= 3218407) AND (k <= 3218507))
	  ->  Bitmap Index Scan on k_8  (cost=0.00..5.44 rows=101 width=0)
	        Index Cond: ((k >= 3218407) AND (k <= 3218507))

for range-notcovered
table 1 : explain SELECT k, c FROM sbtest1 WHERE k BETWEEN 6494881 AND 6494981
	Bitmap Heap Scan on sbtest1  (cost=5.52..425.10 rows=106 width=125)
	  Recheck Cond: ((k >= 6494881) AND (k <= 6494981))
	  ->  Bitmap Index Scan on k_1  (cost=0.00..5.50 rows=106 width=0)
	        Index Cond: ((k >= 6494881) AND (k <= 6494981))

table 2 : explain SELECT k, c FROM sbtest2 WHERE k BETWEEN 6494881 AND 6494981
	Bitmap Heap Scan on sbtest2  (cost=5.48..409.37 rows=102 width=125)
	  Recheck Cond: ((k >= 6494881) AND (k <= 6494981))
	  ->  Bitmap Index Scan on k_2  (cost=0.00..5.45 rows=102 width=0)
	        Index Cond: ((k >= 6494881) AND (k <= 6494981))

table 3 : explain SELECT k, c FROM sbtest3 WHERE k BETWEEN 6494881 AND 6494981
	Bitmap Heap Scan on sbtest3  (cost=5.60..456.65 rows=114 width=125)
	  Recheck Cond: ((k >= 6494881) AND (k <= 6494981))
	  ->  Bitmap Index Scan on k_3  (cost=0.00..5.58 rows=114 width=0)
	        Index Cond: ((k >= 6494881) AND (k <= 6494981))

table 4 : explain SELECT k, c FROM sbtest4 WHERE k BETWEEN 6494881 AND 6494981
	Bitmap Heap Scan on sbtest4  (cost=5.46..401.52 rows=100 width=125)
	  Recheck Cond: ((k >= 6494881) AND (k <= 6494981))
	  ->  Bitmap Index Scan on k_4  (cost=0.00..5.43 rows=100 width=0)
	        Index Cond: ((k >= 6494881) AND (k <= 6494981))

table 5 : explain SELECT k, c FROM sbtest5 WHERE k BETWEEN 6494881 AND 6494981
	Bitmap Heap Scan on sbtest5  (cost=5.47..405.47 rows=101 width=125)
	  Recheck Cond: ((k >= 6494881) AND (k <= 6494981))
	  ->  Bitmap Index Scan on k_5  (cost=0.00..5.44 rows=101 width=0)
	        Index Cond: ((k >= 6494881) AND (k <= 6494981))

table 6 : explain SELECT k, c FROM sbtest6 WHERE k BETWEEN 6494881 AND 6494981
	Bitmap Heap Scan on sbtest6  (cost=5.35..358.12 rows=89 width=125)
	  Recheck Cond: ((k >= 6494881) AND (k <= 6494981))
	  ->  Bitmap Index Scan on k_6  (cost=0.00..5.32 rows=89 width=0)
	        Index Cond: ((k >= 6494881) AND (k <= 6494981))

table 7 : explain SELECT k, c FROM sbtest7 WHERE k BETWEEN 6494881 AND 6494981
	Bitmap Heap Scan on sbtest7  (cost=5.49..413.39 rows=103 width=125)
	  Recheck Cond: ((k >= 6494881) AND (k <= 6494981))
	  ->  Bitmap Index Scan on k_7  (cost=0.00..5.46 rows=103 width=0)
	        Index Cond: ((k >= 6494881) AND (k <= 6494981))

table 8 : explain SELECT k, c FROM sbtest8 WHERE k BETWEEN 6494881 AND 6494981
	Bitmap Heap Scan on sbtest8  (cost=5.39..373.94 rows=93 width=125)
	  Recheck Cond: ((k >= 6494881) AND (k <= 6494981))
	  ->  Bitmap Index Scan on k_8  (cost=0.00..5.36 rows=93 width=0)
	        Index Cond: ((k >= 6494881) AND (k <= 6494981))

for range-notcovered
table 1 : explain SELECT k, c FROM sbtest1 WHERE k BETWEEN 2483894 AND 2483994
	Bitmap Heap Scan on sbtest1  (cost=5.42..385.68 rows=96 width=125)
	  Recheck Cond: ((k >= 2483894) AND (k <= 2483994))
	  ->  Bitmap Index Scan on k_1  (cost=0.00..5.39 rows=96 width=0)
	        Index Cond: ((k >= 2483894) AND (k <= 2483994))

table 2 : explain SELECT k, c FROM sbtest2 WHERE k BETWEEN 2483894 AND 2483994
	Bitmap Heap Scan on sbtest2  (cost=5.51..421.20 rows=105 width=125)
	  Recheck Cond: ((k >= 2483894) AND (k <= 2483994))
	  ->  Bitmap Index Scan on k_2  (cost=0.00..5.48 rows=105 width=0)
	        Index Cond: ((k >= 2483894) AND (k <= 2483994))

table 3 : explain SELECT k, c FROM sbtest3 WHERE k BETWEEN 2483894 AND 2483994
	Bitmap Heap Scan on sbtest3  (cost=5.51..421.20 rows=105 width=125)
	  Recheck Cond: ((k >= 2483894) AND (k <= 2483994))
	  ->  Bitmap Index Scan on k_3  (cost=0.00..5.48 rows=105 width=0)
	        Index Cond: ((k >= 2483894) AND (k <= 2483994))

table 4 : explain SELECT k, c FROM sbtest4 WHERE k BETWEEN 2483894 AND 2483994
	Bitmap Heap Scan on sbtest4  (cost=5.38..369.96 rows=92 width=125)
	  Recheck Cond: ((k >= 2483894) AND (k <= 2483994))
	  ->  Bitmap Index Scan on k_4  (cost=0.00..5.35 rows=92 width=0)
	        Index Cond: ((k >= 2483894) AND (k <= 2483994))

table 5 : explain SELECT k, c FROM sbtest5 WHERE k BETWEEN 2483894 AND 2483994
	Bitmap Heap Scan on sbtest5  (cost=5.51..421.24 rows=105 width=125)
	  Recheck Cond: ((k >= 2483894) AND (k <= 2483994))
	  ->  Bitmap Index Scan on k_5  (cost=0.00..5.48 rows=105 width=0)
	        Index Cond: ((k >= 2483894) AND (k <= 2483994))

table 6 : explain SELECT k, c FROM sbtest6 WHERE k BETWEEN 2483894 AND 2483994
	Bitmap Heap Scan on sbtest6  (cost=5.47..405.47 rows=101 width=125)
	  Recheck Cond: ((k >= 2483894) AND (k <= 2483994))
	  ->  Bitmap Index Scan on k_6  (cost=0.00..5.44 rows=101 width=0)
	        Index Cond: ((k >= 2483894) AND (k <= 2483994))

table 7 : explain SELECT k, c FROM sbtest7 WHERE k BETWEEN 2483894 AND 2483994
	Bitmap Heap Scan on sbtest7  (cost=5.37..366.04 rows=91 width=125)
	  Recheck Cond: ((k >= 2483894) AND (k <= 2483994))
	  ->  Bitmap Index Scan on k_7  (cost=0.00..5.34 rows=91 width=0)
	        Index Cond: ((k >= 2483894) AND (k <= 2483994))

table 8 : explain SELECT k, c FROM sbtest8 WHERE k BETWEEN 2483894 AND 2483994
	Bitmap Heap Scan on sbtest8  (cost=5.42..385.78 rows=96 width=125)
	  Recheck Cond: ((k >= 2483894) AND (k <= 2483994))
	  ->  Bitmap Index Scan on k_8  (cost=0.00..5.39 rows=96 width=0)
	        Index Cond: ((k >= 2483894) AND (k <= 2483994))

explain: for range-notcovered :: explain SELECT k, c FROM sbtest%d WHERE k BETWEEN 5749605 AND 5749705
explain: for range-notcovered :: explain SELECT k, c FROM sbtest%d WHERE k BETWEEN 3218407 AND 3218507explain: for range-notcovered :: explain SELECT k, c FROM sbtest%d WHERE k BETWEEN 6494881 AND 6494981

explain: for range-notcovered :: explain SELECT k, c FROM sbtest%d WHERE k BETWEEN 2483894 AND 2483994
explain: for range-notcovered :: explain SELECT k, c FROM sbtest%d WHERE k BETWEEN 993433 AND 993533
for range-notcovered
table 1 : explain SELECT k, c FROM sbtest1 WHERE k BETWEEN 6081049 AND 6081149
	Bitmap Heap Scan on sbtest1  (cost=5.53..429.04 rows=107 width=125)
	  Recheck Cond: ((k >= 6081049) AND (k <= 6081149))
	  ->  Bitmap Index Scan on k_1  (cost=0.00..5.50 rows=107 width=0)
	        Index Cond: ((k >= 6081049) AND (k <= 6081149))

table 2 : explain SELECT k, c FROM sbtest2 WHERE k BETWEEN 6081049 AND 6081149
	Bitmap Heap Scan on sbtest2  (cost=5.49..413.31 rows=103 width=125)
	  Recheck Cond: ((k >= 6081049) AND (k <= 6081149))
	  ->  Bitmap Index Scan on k_2  (cost=0.00..5.46 rows=103 width=0)
	        Index Cond: ((k >= 6081049) AND (k <= 6081149))

table 3 : explain SELECT k, c FROM sbtest3 WHERE k BETWEEN 6081049 AND 6081149
	Bitmap Heap Scan on sbtest3  (cost=5.39..373.88 rows=93 width=125)
	  Recheck Cond: ((k >= 6081049) AND (k <= 6081149))
	  ->  Bitmap Index Scan on k_3  (cost=0.00..5.36 rows=93 width=0)
	        Index Cond: ((k >= 6081049) AND (k <= 6081149))

table 4 : explain SELECT k, c FROM sbtest4 WHERE k BETWEEN 6081049 AND 6081149
	Bitmap Heap Scan on sbtest4  (cost=5.55..437.00 rows=109 width=125)
	  Recheck Cond: ((k >= 6081049) AND (k <= 6081149))
	  ->  Bitmap Index Scan on k_4  (cost=0.00..5.52 rows=109 width=0)
	        Index Cond: ((k >= 6081049) AND (k <= 6081149))

table 5 : explain SELECT k, c FROM sbtest5 WHERE k BETWEEN 6081049 AND 6081149
	Bitmap Heap Scan on sbtest5  (cost=5.50..417.30 rows=104 width=125)
	  Recheck Cond: ((k >= 6081049) AND (k <= 6081149))
	  ->  Bitmap Index Scan on k_5  (cost=0.00..5.47 rows=104 width=0)
	        Index Cond: ((k >= 6081049) AND (k <= 6081149))

table 6 : explain SELECT k, c FROM sbtest6 WHERE k BETWEEN 6081049 AND 6081149
	Bitmap Heap Scan on sbtest6  (cost=5.49..413.36 rows=103 width=125)
	  Recheck Cond: ((k >= 6081049) AND (k <= 6081149))
	  ->  Bitmap Index Scan on k_6  (cost=0.00..5.46 rows=103 width=0)
	        Index Cond: ((k >= 6081049) AND (k <= 6081149))

table 7 : explain SELECT k, c FROM sbtest7 WHERE k BETWEEN 6081049 AND 6081149
	Bitmap Heap Scan on sbtest7  (cost=5.46..401.56 rows=100 width=125)
	  Recheck Cond: ((k >= 6081049) AND (k <= 6081149))
	  ->  Bitmap Index Scan on k_7  (cost=0.00..5.43 rows=100 width=0)
	        Index Cond: ((k >= 6081049) AND (k <= 6081149))

table 8 : explain SELECT k, c FROM sbtest8 WHERE k BETWEEN 6081049 AND 6081149
	Bitmap Heap Scan on sbtest8  (cost=5.51..421.27 rows=105 width=125)
	  Recheck Cond: ((k >= 6081049) AND (k <= 6081149))
	  ->  Bitmap Index Scan on k_8  (cost=0.00..5.48 rows=105 width=0)
	        Index Cond: ((k >= 6081049) AND (k <= 6081149))

for range-notcovered
table 1 : explain SELECT k, c FROM sbtest1 WHERE k BETWEEN 3500698 AND 3500798
	Bitmap Heap Scan on sbtest1  (cost=5.50..417.22 rows=104 width=125)
	  Recheck Cond: ((k >= 3500698) AND (k <= 3500798))
	  ->  Bitmap Index Scan on k_1  (cost=0.00..5.47 rows=104 width=0)
	        Index Cond: ((k >= 3500698) AND (k <= 3500798))

table 2 : explain SELECT k, c FROM sbtest2 WHERE k BETWEEN 3500698 AND 3500798
	Bitmap Heap Scan on sbtest2  (cost=5.57..444.84 rows=111 width=125)
	  Recheck Cond: ((k >= 3500698) AND (k <= 3500798))
	  ->  Bitmap Index Scan on k_2  (cost=0.00..5.54 rows=111 width=0)
	        Index Cond: ((k >= 3500698) AND (k <= 3500798))

table 3 : explain SELECT k, c FROM sbtest3 WHERE k BETWEEN 3500698 AND 3500798
	Bitmap Heap Scan on sbtest3  (cost=5.50..417.26 rows=104 width=125)
	  Recheck Cond: ((k >= 3500698) AND (k <= 3500798))
	  ->  Bitmap Index Scan on k_3  (cost=0.00..5.47 rows=104 width=0)
	        Index Cond: ((k >= 3500698) AND (k <= 3500798))

table 4 : explain SELECT k, c FROM sbtest4 WHERE k BETWEEN 3500698 AND 3500798
	Bitmap Heap Scan on sbtest4  (cost=5.48..409.41 rows=102 width=125)
	  Recheck Cond: ((k >= 3500698) AND (k <= 3500798))
	  ->  Bitmap Index Scan on k_4  (cost=0.00..5.45 rows=102 width=0)
	        Index Cond: ((k >= 3500698) AND (k <= 3500798))

table 5 : explain SELECT k, c FROM sbtest5 WHERE k BETWEEN 3500698 AND 3500798
	Bitmap Heap Scan on sbtest5  (cost=5.46..401.53 rows=100 width=125)
	  Recheck Cond: ((k >= 3500698) AND (k <= 3500798))
	  ->  Bitmap Index Scan on k_5  (cost=0.00..5.43 rows=100 width=0)
	        Index Cond: ((k >= 3500698) AND (k <= 3500798))

table 6 : explain SELECT k, c FROM sbtest6 WHERE k BETWEEN 3500698 AND 3500798
	Bitmap Heap Scan on sbtest6  (cost=5.50..417.30 rows=104 width=125)
	  Recheck Cond: ((k >= 3500698) AND (k <= 3500798))
	  ->  Bitmap Index Scan on k_6  (cost=0.00..5.47 rows=104 width=0)
	        Index Cond: ((k >= 3500698) AND (k <= 3500798))

table 7 : explain SELECT k, c FROM sbtest7 WHERE k BETWEEN 3500698 AND 3500798
	Bitmap Heap Scan on sbtest7  (cost=5.48..409.45 rows=102 width=125)
	  Recheck Cond: ((k >= 3500698) AND (k <= 3500798))
	  ->  Bitmap Index Scan on k_7  (cost=0.00..5.45 rows=102 width=0)
	        Index Cond: ((k >= 3500698) AND (k <= 3500798))

table 8 : explain SELECT k, c FROM sbtest8 WHERE k BETWEEN 3500698 AND 3500798
	Bitmap Heap Scan on sbtest8  (cost=5.54..433.10 rows=108 width=125)
	  Recheck Cond: ((k >= 3500698) AND (k <= 3500798))
	  ->  Bitmap Index Scan on k_8  (cost=0.00..5.51 rows=108 width=0)
	        Index Cond: ((k >= 3500698) AND (k <= 3500798))

for range-notcovered
table 1 : explain SELECT k, c FROM sbtest1 WHERE k BETWEEN 6154357 AND 6154457
	Bitmap Heap Scan on sbtest1  (cost=5.37..365.95 rows=91 width=125)
	  Recheck Cond: ((k >= 6154357) AND (k <= 6154457))
	  ->  Bitmap Index Scan on k_1  (cost=0.00..5.34 rows=91 width=0)
	        Index Cond: ((k >= 6154357) AND (k <= 6154457))

table 2 : explain SELECT k, c FROM sbtest2 WHERE k BETWEEN 6154357 AND 6154457
	Bitmap Heap Scan on sbtest2  (cost=5.53..429.08 rows=107 width=125)
	  Recheck Cond: ((k >= 6154357) AND (k <= 6154457))
	  ->  Bitmap Index Scan on k_2  (cost=0.00..5.50 rows=107 width=0)
	        Index Cond: ((k >= 6154357) AND (k <= 6154457))

table 3 : explain SELECT k, c FROM sbtest3 WHERE k BETWEEN 6154357 AND 6154457
	Bitmap Heap Scan on sbtest3  (cost=5.35..358.09 rows=89 width=125)
	  Recheck Cond: ((k >= 6154357) AND (k <= 6154457))
	  ->  Bitmap Index Scan on k_3  (cost=0.00..5.32 rows=89 width=0)
	        Index Cond: ((k >= 6154357) AND (k <= 6154457))

table 4 : explain SELECT k, c FROM sbtest4 WHERE k BETWEEN 6154357 AND 6154457
	Bitmap Heap Scan on sbtest4  (cost=5.50..417.30 rows=104 width=125)
	  Recheck Cond: ((k >= 6154357) AND (k <= 6154457))
	  ->  Bitmap Index Scan on k_4  (cost=0.00..5.47 rows=104 width=0)
	        Index Cond: ((k >= 6154357) AND (k <= 6154457))

table 5 : explain SELECT k, c FROM sbtest5 WHERE k BETWEEN 6154357 AND 6154457
	Bitmap Heap Scan on sbtest5  (cost=5.50..417.30 rows=104 width=125)
	  Recheck Cond: ((k >= 6154357) AND (k <= 6154457))
	  ->  Bitmap Index Scan on k_5  (cost=0.00..5.47 rows=104 width=0)
	        Index Cond: ((k >= 6154357) AND (k <= 6154457))

table 6 : explain SELECT k, c FROM sbtest6 WHERE k BETWEEN 6154357 AND 6154457
	Bitmap Heap Scan on sbtest6  (cost=5.48..409.41 rows=102 width=125)
	  Recheck Cond: ((k >= 6154357) AND (k <= 6154457))
	  ->  Bitmap Index Scan on k_6  (cost=0.00..5.45 rows=102 width=0)
	        Index Cond: ((k >= 6154357) AND (k <= 6154457))

table 7 : explain SELECT k, c FROM sbtest7 WHERE k BETWEEN 6154357 AND 6154457
	Bitmap Heap Scan on sbtest7  (cost=5.54..433.10 rows=108 width=125)
	  Recheck Cond: ((k >= 6154357) AND (k <= 6154457))
	  ->  Bitmap Index Scan on k_7  (cost=0.00..5.51 rows=108 width=0)
	        Index Cond: ((k >= 6154357) AND (k <= 6154457))

table 8 : explain SELECT k, c FROM sbtest8 WHERE k BETWEEN 6154357 AND 6154457
	Bitmap Heap Scan on sbtest8  (cost=5.51..421.27 rows=105 width=125)
	  Recheck Cond: ((k >= 6154357) AND (k <= 6154457))
	  ->  Bitmap Index Scan on k_8  (cost=0.00..5.48 rows=105 width=0)
	        Index Cond: ((k >= 6154357) AND (k <= 6154457))

for range-notcovered
table 1 : explain SELECT k, c FROM sbtest1 WHERE k BETWEEN 7251592 AND 7251692
	Bitmap Heap Scan on sbtest1  (cost=5.39..373.84 rows=93 width=125)
	  Recheck Cond: ((k >= 7251592) AND (k <= 7251692))
	  ->  Bitmap Index Scan on k_1  (cost=0.00..5.36 rows=93 width=0)
	        Index Cond: ((k >= 7251592) AND (k <= 7251692))

table 2 : explain SELECT k, c FROM sbtest2 WHERE k BETWEEN 7251592 AND 7251692
	Bitmap Heap Scan on sbtest2  (cost=5.70..492.07 rows=123 width=125)
	  Recheck Cond: ((k >= 7251592) AND (k <= 7251692))
	  ->  Bitmap Index Scan on k_2  (cost=0.00..5.67 rows=123 width=0)
	        Index Cond: ((k >= 7251592) AND (k <= 7251692))

table 3 : explain SELECT k, c FROM sbtest3 WHERE k BETWEEN 7251592 AND 7251692
	Bitmap Heap Scan on sbtest3  (cost=5.46..401.49 rows=100 width=125)
	  Recheck Cond: ((k >= 7251592) AND (k <= 7251692))
	  ->  Bitmap Index Scan on k_3  (cost=0.00..5.43 rows=100 width=0)
	        Index Cond: ((k >= 7251592) AND (k <= 7251692))

table 4 : explain SELECT k, c FROM sbtest4 WHERE k BETWEEN 7251592 AND 7251692
	Bitmap Heap Scan on sbtest4  (cost=5.43..389.69 rows=97 width=125)
	  Recheck Cond: ((k >= 7251592) AND (k <= 7251692))
	  ->  Bitmap Index Scan on k_4  (cost=0.00..5.40 rows=97 width=0)
	        Index Cond: ((k >= 7251592) AND (k <= 7251692))

table 5 : explain SELECT k, c FROM sbtest5 WHERE k BETWEEN 7251592 AND 7251692
	Bitmap Heap Scan on sbtest5  (cost=5.50..417.30 rows=104 width=125)
	  Recheck Cond: ((k >= 7251592) AND (k <= 7251692))
	  ->  Bitmap Index Scan on k_5  (cost=0.00..5.47 rows=104 width=0)
	        Index Cond: ((k >= 7251592) AND (k <= 7251692))

table 6 : explain SELECT k, c FROM sbtest6 WHERE k BETWEEN 7251592 AND 7251692
	Bitmap Heap Scan on sbtest6  (cost=5.46..401.53 rows=100 width=125)
	  Recheck Cond: ((k >= 7251592) AND (k <= 7251692))
	  ->  Bitmap Index Scan on k_6  (cost=0.00..5.43 rows=100 width=0)
	        Index Cond: ((k >= 7251592) AND (k <= 7251692))

table 7 : explain SELECT k, c FROM sbtest7 WHERE k BETWEEN 7251592 AND 7251692
	Bitmap Heap Scan on sbtest7  (cost=5.51..421.28 rows=105 width=125)
	  Recheck Cond: ((k >= 7251592) AND (k <= 7251692))
	  ->  Bitmap Index Scan on k_7  (cost=0.00..5.48 rows=105 width=0)
	        Index Cond: ((k >= 7251592) AND (k <= 7251692))

table 8 : explain SELECT k, c FROM sbtest8 WHERE k BETWEEN 7251592 AND 7251692
	Bitmap Heap Scan on sbtest8  (cost=5.53..429.16 rows=107 width=125)
	  Recheck Cond: ((k >= 7251592) AND (k <= 7251692))
	  ->  Bitmap Index Scan on k_8  (cost=0.00..5.50 rows=107 width=0)
	        Index Cond: ((k >= 7251592) AND (k <= 7251692))

explain: for range-notcovered :: explain SELECT k, c FROM sbtest%d WHERE k BETWEEN 6081049 AND 6081149
explain: for range-notcovered :: explain SELECT k, c FROM sbtest%d WHERE k BETWEEN 3500698 AND 3500798
explain: for range-notcovered :: explain SELECT k, c FROM sbtest%d WHERE k BETWEEN 7251592 AND 7251692
for range-notcovered
table 1 : explain SELECT k, c FROM sbtest1 WHERE k BETWEEN 5749605 AND 5749705
	Bitmap Heap Scan on sbtest1  (cost=5.49..413.27 rows=103 width=125)
	  Recheck Cond: ((k >= 5749605) AND (k <= 5749705))
	  ->  Bitmap Index Scan on k_1  (cost=0.00..5.46 rows=103 width=0)
	        Index Cond: ((k >= 5749605) AND (k <= 5749705))

table 2 : explain SELECT k, c FROM sbtest2 WHERE k BETWEEN 5749605 AND 5749705
	Bitmap Heap Scan on sbtest2  (cost=5.50..417.26 rows=104 width=125)
	  Recheck Cond: ((k >= 5749605) AND (k <= 5749705))
	  ->  Bitmap Index Scan on k_2  (cost=0.00..5.47 rows=104 width=0)
	        Index Cond: ((k >= 5749605) AND (k <= 5749705))

table 3 : explain SELECT k, c FROM sbtest3 WHERE k BETWEEN 5749605 AND 5749705
	Bitmap Heap Scan on sbtest3  (cost=5.44..393.60 rows=98 width=125)
	  Recheck Cond: ((k >= 5749605) AND (k <= 5749705))
	  ->  Bitmap Index Scan on k_3  (cost=0.00..5.42 rows=98 width=0)
	        Index Cond: ((k >= 5749605) AND (k <= 5749705))

table 4 : explain SELECT k, c FROM sbtest4 WHERE k BETWEEN 5749605 AND 5749705
	Bitmap Heap Scan on sbtest4  (cost=5.49..413.35 rows=103 width=125)
	  Recheck Cond: ((k >= 5749605) AND (k <= 5749705))
	  ->  Bitmap Index Scan on k_4  (cost=0.00..5.46 rows=103 width=0)
	        Index Cond: ((k >= 5749605) AND (k <= 5749705))

table 5 : explain SELECT k, c FROM sbtest5 WHERE k BETWEEN 5749605 AND 5749705
	Bitmap Heap Scan on sbtest5  (cost=5.43..389.69 rows=97 width=125)
	  Recheck Cond: ((k >= 5749605) AND (k <= 5749705))
	  ->  Bitmap Index Scan on k_5  (cost=0.00..5.40 rows=97 width=0)
	        Index Cond: ((k >= 5749605) AND (k <= 5749705))

table 6 : explain SELECT k, c FROM sbtest6 WHERE k BETWEEN 5749605 AND 5749705
	Bitmap Heap Scan on sbtest6  (cost=5.49..413.36 rows=103 width=125)
	  Recheck Cond: ((k >= 5749605) AND (k <= 5749705))
	  ->  Bitmap Index Scan on k_6  (cost=0.00..5.46 rows=103 width=0)
	        Index Cond: ((k >= 5749605) AND (k <= 5749705))

table 7 : explain SELECT k, c FROM sbtest7 WHERE k BETWEEN 5749605 AND 5749705
	Bitmap Heap Scan on sbtest7  (cost=5.39..373.94 rows=93 width=125)
	  Recheck Cond: ((k >= 5749605) AND (k <= 5749705))
	  ->  Bitmap Index Scan on k_7  (cost=0.00..5.36 rows=93 width=0)
	        Index Cond: ((k >= 5749605) AND (k <= 5749705))

table 8 : explain SELECT k, c FROM sbtest8 WHERE k BETWEEN 5749605 AND 5749705
	Bitmap Heap Scan on sbtest8  (cost=5.50..417.33 rows=104 width=125)
	  Recheck Cond: ((k >= 5749605) AND (k <= 5749705))
	  ->  Bitmap Index Scan on k_8  (cost=0.00..5.47 rows=104 width=0)
	        Index Cond: ((k >= 5749605) AND (k <= 5749705))

for range-notcovered
table 1 : explain SELECT k, c FROM sbtest1 WHERE k BETWEEN 6494881 AND 6494981
	Bitmap Heap Scan on sbtest1  (cost=5.52..425.10 rows=106 width=125)
	  Recheck Cond: ((k >= 6494881) AND (k <= 6494981))
	  ->  Bitmap Index Scan on k_1  (cost=0.00..5.50 rows=106 width=0)
	        Index Cond: ((k >= 6494881) AND (k <= 6494981))

table 2 : explain SELECT k, c FROM sbtest2 WHERE k BETWEEN 6494881 AND 6494981
	Bitmap Heap Scan on sbtest2  (cost=5.48..409.37 rows=102 width=125)
	  Recheck Cond: ((k >= 6494881) AND (k <= 6494981))
	  ->  Bitmap Index Scan on k_2  (cost=0.00..5.45 rows=102 width=0)
	        Index Cond: ((k >= 6494881) AND (k <= 6494981))

table 3 : explain SELECT k, c FROM sbtest3 WHERE k BETWEEN 6494881 AND 6494981
	Bitmap Heap Scan on sbtest3  (cost=5.60..456.65 rows=114 width=125)
	  Recheck Cond: ((k >= 6494881) AND (k <= 6494981))
	  ->  Bitmap Index Scan on k_3  (cost=0.00..5.58 rows=114 width=0)
	        Index Cond: ((k >= 6494881) AND (k <= 6494981))

table 4 : explain SELECT k, c FROM sbtest4 WHERE k BETWEEN 6494881 AND 6494981
	Bitmap Heap Scan on sbtest4  (cost=5.46..401.52 rows=100 width=125)
	  Recheck Cond: ((k >= 6494881) AND (k <= 6494981))
	  ->  Bitmap Index Scan on k_4  (cost=0.00..5.43 rows=100 width=0)
	        Index Cond: ((k >= 6494881) AND (k <= 6494981))

table 5 : explain SELECT k, c FROM sbtest5 WHERE k BETWEEN 6494881 AND 6494981
	Bitmap Heap Scan on sbtest5  (cost=5.47..405.47 rows=101 width=125)
	  Recheck Cond: ((k >= 6494881) AND (k <= 6494981))
	  ->  Bitmap Index Scan on k_5  (cost=0.00..5.44 rows=101 width=0)
	        Index Cond: ((k >= 6494881) AND (k <= 6494981))

table 6 : explain SELECT k, c FROM sbtest6 WHERE k BETWEEN 6494881 AND 6494981
	Bitmap Heap Scan on sbtest6  (cost=5.35..358.12 rows=89 width=125)
	  Recheck Cond: ((k >= 6494881) AND (k <= 6494981))
	  ->  Bitmap Index Scan on k_6  (cost=0.00..5.32 rows=89 width=0)
	        Index Cond: ((k >= 6494881) AND (k <= 6494981))

table 7 : explain SELECT k, c FROM sbtest7 WHERE k BETWEEN 6494881 AND 6494981
	Bitmap Heap Scan on sbtest7  (cost=5.49..413.39 rows=103 width=125)
	  Recheck Cond: ((k >= 6494881) AND (k <= 6494981))
	  ->  Bitmap Index Scan on k_7  (cost=0.00..5.46 rows=103 width=0)
	        Index Cond: ((k >= 6494881) AND (k <= 6494981))

table 8 : explain SELECT k, c FROM sbtest8 WHERE k BETWEEN 6494881 AND 6494981
	Bitmap Heap Scan on sbtest8  (cost=5.39..373.94 rows=93 width=125)
	  Recheck Cond: ((k >= 6494881) AND (k <= 6494981))
	  ->  Bitmap Index Scan on k_8  (cost=0.00..5.36 rows=93 width=0)
	        Index Cond: ((k >= 6494881) AND (k <= 6494981))

for range-notcovered
table 1 : explain SELECT k, c FROM sbtest1 WHERE k BETWEEN 3218407 AND 3218507
	Bitmap Heap Scan on sbtest1  (cost=5.49..413.27 rows=103 width=125)
	  Recheck Cond: ((k >= 3218407) AND (k <= 3218507))
	  ->  Bitmap Index Scan on k_1  (cost=0.00..5.46 rows=103 width=0)
	        Index Cond: ((k >= 3218407) AND (k <= 3218507))

table 2 : explain SELECT k, c FROM sbtest2 WHERE k BETWEEN 3218407 AND 3218507
	Bitmap Heap Scan on sbtest2  (cost=5.50..417.26 rows=104 width=125)
	  Recheck Cond: ((k >= 3218407) AND (k <= 3218507))
	  ->  Bitmap Index Scan on k_2  (cost=0.00..5.47 rows=104 width=0)
	        Index Cond: ((k >= 3218407) AND (k <= 3218507))

table 3 : explain SELECT k, c FROM sbtest3 WHERE k BETWEEN 3218407 AND 3218507
	Bitmap Heap Scan on sbtest3  (cost=5.43..389.66 rows=97 width=125)
	  Recheck Cond: ((k >= 3218407) AND (k <= 3218507))
	  ->  Bitmap Index Scan on k_3  (cost=0.00..5.40 rows=97 width=0)
	        Index Cond: ((k >= 3218407) AND (k <= 3218507))

table 4 : explain SELECT k, c FROM sbtest4 WHERE k BETWEEN 3218407 AND 3218507
	Bitmap Heap Scan on sbtest4  (cost=5.52..425.18 rows=106 width=125)
	  Recheck Cond: ((k >= 3218407) AND (k <= 3218507))
	  ->  Bitmap Index Scan on k_4  (cost=0.00..5.50 rows=106 width=0)
	        Index Cond: ((k >= 3218407) AND (k <= 3218507))

table 5 : explain SELECT k, c FROM sbtest5 WHERE k BETWEEN 3218407 AND 3218507
	Bitmap Heap Scan on sbtest5  (cost=5.53..429.12 rows=107 width=125)
	  Recheck Cond: ((k >= 3218407) AND (k <= 3218507))
	  ->  Bitmap Index Scan on k_5  (cost=0.00..5.50 rows=107 width=0)
	        Index Cond: ((k >= 3218407) AND (k <= 3218507))

table 6 : explain SELECT k, c FROM sbtest6 WHERE k BETWEEN 3218407 AND 3218507
	Bitmap Heap Scan on sbtest6  (cost=5.58..448.82 rows=112 width=125)
	  Recheck Cond: ((k >= 3218407) AND (k <= 3218507))
	  ->  Bitmap Index Scan on k_6  (cost=0.00..5.55 rows=112 width=0)
	        Index Cond: ((k >= 3218407) AND (k <= 3218507))

table 7 : explain SELECT k, c FROM sbtest7 WHERE k BETWEEN 3218407 AND 3218507
	Bitmap Heap Scan on sbtest7  (cost=5.59..452.80 rows=113 width=125)
	  Recheck Cond: ((k >= 3218407) AND (k <= 3218507))
	  ->  Bitmap Index Scan on k_7  (cost=0.00..5.56 rows=113 width=0)
	        Index Cond: ((k >= 3218407) AND (k <= 3218507))

table 8 : explain SELECT k, c FROM sbtest8 WHERE k BETWEEN 3218407 AND 3218507
	Bitmap Heap Scan on sbtest8  (cost=5.47..405.50 rows=101 width=125)
	  Recheck Cond: ((k >= 3218407) AND (k <= 3218507))
	  ->  Bitmap Index Scan on k_8  (cost=0.00..5.44 rows=101 width=0)
	        Index Cond: ((k >= 3218407) AND (k <= 3218507))

explain: for range-notcovered :: explain SELECT k, c FROM sbtest%d WHERE k BETWEEN 5749605 AND 5749705
for range-notcovered
table 1 : explain SELECT k, c FROM sbtest1 WHERE k BETWEEN 2483894 AND 2483994
	Bitmap Heap Scan on sbtest1  (cost=5.42..385.68 rows=96 width=125)
	  Recheck Cond: ((k >= 2483894) AND (k <= 2483994))
	  ->  Bitmap Index Scan on k_1  (cost=0.00..5.39 rows=96 width=0)
	        Index Cond: ((k >= 2483894) AND (k <= 2483994))

table 2 : explain SELECT k, c FROM sbtest2 WHERE k BETWEEN 2483894 AND 2483994
	Bitmap Heap Scan on sbtest2  (cost=5.51..421.20 rows=105 width=125)
	  Recheck Cond: ((k >= 2483894) AND (k <= 2483994))
	  ->  Bitmap Index Scan on k_2  (cost=0.00..5.48 rows=105 width=0)
	        Index Cond: ((k >= 2483894) AND (k <= 2483994))

table 3 : explain SELECT k, c FROM sbtest3 WHERE k BETWEEN 2483894 AND 2483994
	Bitmap Heap Scan on sbtest3  (cost=5.51..421.20 rows=105 width=125)
	  Recheck Cond: ((k >= 2483894) AND (k <= 2483994))
	  ->  Bitmap Index Scan on k_3  (cost=0.00..5.48 rows=105 width=0)
	        Index Cond: ((k >= 2483894) AND (k <= 2483994))

table 4 : explain SELECT k, c FROM sbtest4 WHERE k BETWEEN 2483894 AND 2483994
	Bitmap Heap Scan on sbtest4  (cost=5.38..369.96 rows=92 width=125)
	  Recheck Cond: ((k >= 2483894) AND (k <= 2483994))
	  ->  Bitmap Index Scan on k_4  (cost=0.00..5.35 rows=92 width=0)
	        Index Cond: ((k >= 2483894) AND (k <= 2483994))

table 5 : explain SELECT k, c FROM sbtest5 WHERE k BETWEEN 2483894 AND 2483994
	Bitmap Heap Scan on sbtest5  (cost=5.51..421.24 rows=105 width=125)
	  Recheck Cond: ((k >= 2483894) AND (k <= 2483994))
	  ->  Bitmap Index Scan on k_5  (cost=0.00..5.48 rows=105 width=0)
	        Index Cond: ((k >= 2483894) AND (k <= 2483994))

table 6 : explain SELECT k, c FROM sbtest6 WHERE k BETWEEN 2483894 AND 2483994
	Bitmap Heap Scan on sbtest6  (cost=5.47..405.47 rows=101 width=125)
	  Recheck Cond: ((k >= 2483894) AND (k <= 2483994))
	  ->  Bitmap Index Scan on k_6  (cost=0.00..5.44 rows=101 width=0)
	        Index Cond: ((k >= 2483894) AND (k <= 2483994))

table 7 : explain SELECT k, c FROM sbtest7 WHERE k BETWEEN 2483894 AND 2483994
	Bitmap Heap Scan on sbtest7  (cost=5.37..366.04 rows=91 width=125)
	  Recheck Cond: ((k >= 2483894) AND (k <= 2483994))
	  ->  Bitmap Index Scan on k_7  (cost=0.00..5.34 rows=91 width=0)
	        Index Cond: ((k >= 2483894) AND (k <= 2483994))

table 8 : explain SELECT k, c FROM sbtest8 WHERE k BETWEEN 2483894 AND 2483994
	Bitmap Heap Scan on sbtest8  (cost=5.42..385.78 rows=96 width=125)
	  Recheck Cond: ((k >= 2483894) AND (k <= 2483994))
	  ->  Bitmap Index Scan on k_8  (cost=0.00..5.39 rows=96 width=0)
	        Index Cond: ((k >= 2483894) AND (k <= 2483994))

explain: for range-notcovered :: explain SELECT k, c FROM sbtest%d WHERE k BETWEEN 997380 AND 997480
explain: for range-notcovered :: explain SELECT k, c FROM sbtest%d WHERE k BETWEEN 3218407 AND 3218507
explain: for range-notcovered :: explain SELECT k, c FROM sbtest%d WHERE k BETWEEN 2483894 AND 2483994
for range-notcovered
table 1 : explain SELECT k, c FROM sbtest1 WHERE k BETWEEN 7251592 AND 7251692
	Bitmap Heap Scan on sbtest1  (cost=5.39..373.84 rows=93 width=125)
	  Recheck Cond: ((k >= 7251592) AND (k <= 7251692))
	  ->  Bitmap Index Scan on k_1  (cost=0.00..5.36 rows=93 width=0)
	        Index Cond: ((k >= 7251592) AND (k <= 7251692))

table 2 : explain SELECT k, c FROM sbtest2 WHERE k BETWEEN 7251592 AND 7251692
	Bitmap Heap Scan on sbtest2  (cost=5.70..492.07 rows=123 width=125)
	  Recheck Cond: ((k >= 7251592) AND (k <= 7251692))
	  ->  Bitmap Index Scan on k_2  (cost=0.00..5.67 rows=123 width=0)
	        Index Cond: ((k >= 7251592) AND (k <= 7251692))

table 3 : explain SELECT k, c FROM sbtest3 WHERE k BETWEEN 7251592 AND 7251692
	Bitmap Heap Scan on sbtest3  (cost=5.46..401.49 rows=100 width=125)
	  Recheck Cond: ((k >= 7251592) AND (k <= 7251692))
	  ->  Bitmap Index Scan on k_3  (cost=0.00..5.43 rows=100 width=0)
	        Index Cond: ((k >= 7251592) AND (k <= 7251692))

table 4 : explain SELECT k, c FROM sbtest4 WHERE k BETWEEN 7251592 AND 7251692
	Bitmap Heap Scan on sbtest4  (cost=5.43..389.69 rows=97 width=125)
	  Recheck Cond: ((k >= 7251592) AND (k <= 7251692))
	  ->  Bitmap Index Scan on k_4  (cost=0.00..5.40 rows=97 width=0)
	        Index Cond: ((k >= 7251592) AND (k <= 7251692))

table 5 : explain SELECT k, c FROM sbtest5 WHERE k BETWEEN 7251592 AND 7251692
	Bitmap Heap Scan on sbtest5  (cost=5.50..417.30 rows=104 width=125)
	  Recheck Cond: ((k >= 7251592) AND (k <= 7251692))
	  ->  Bitmap Index Scan on k_5  (cost=0.00..5.47 rows=104 width=0)
	        Index Cond: ((k >= 7251592) AND (k <= 7251692))

table 6 : explain SELECT k, c FROM sbtest6 WHERE k BETWEEN 7251592 AND 7251692
	Bitmap Heap Scan on sbtest6  (cost=5.46..401.53 rows=100 width=125)
	  Recheck Cond: ((k >= 7251592) AND (k <= 7251692))
	  ->  Bitmap Index Scan on k_6  (cost=0.00..5.43 rows=100 width=0)
	        Index Cond: ((k >= 7251592) AND (k <= 7251692))

table 7 : explain SELECT k, c FROM sbtest7 WHERE k BETWEEN 7251592 AND 7251692
	Bitmap Heap Scan on sbtest7  (cost=5.51..421.28 rows=105 width=125)
	  Recheck Cond: ((k >= 7251592) AND (k <= 7251692))
	  ->  Bitmap Index Scan on k_7  (cost=0.00..5.48 rows=105 width=0)
	        Index Cond: ((k >= 7251592) AND (k <= 7251692))

table 8 : explain SELECT k, c FROM sbtest8 WHERE k BETWEEN 7251592 AND 7251692
	Bitmap Heap Scan on sbtest8  (cost=5.53..429.16 rows=107 width=125)
	  Recheck Cond: ((k >= 7251592) AND (k <= 7251692))
	  ->  Bitmap Index Scan on k_8  (cost=0.00..5.50 rows=107 width=0)
	        Index Cond: ((k >= 7251592) AND (k <= 7251692))

for range-notcovered
table 1 : explain SELECT k, c FROM sbtest1 WHERE k BETWEEN 6081049 AND 6081149
	Bitmap Heap Scan on sbtest1  (cost=5.53..429.04 rows=107 width=125)
	  Recheck Cond: ((k >= 6081049) AND (k <= 6081149))
	  ->  Bitmap Index Scan on k_1  (cost=0.00..5.50 rows=107 width=0)
	        Index Cond: ((k >= 6081049) AND (k <= 6081149))

table 2 : explain SELECT k, c FROM sbtest2 WHERE k BETWEEN 6081049 AND 6081149
	Bitmap Heap Scan on sbtest2  (cost=5.49..413.31 rows=103 width=125)
	  Recheck Cond: ((k >= 6081049) AND (k <= 6081149))
	  ->  Bitmap Index Scan on k_2  (cost=0.00..5.46 rows=103 width=0)
	        Index Cond: ((k >= 6081049) AND (k <= 6081149))

table 3 : explain SELECT k, c FROM sbtest3 WHERE k BETWEEN 6081049 AND 6081149
	Bitmap Heap Scan on sbtest3  (cost=5.39..373.88 rows=93 width=125)
	  Recheck Cond: ((k >= 6081049) AND (k <= 6081149))
	  ->  Bitmap Index Scan on k_3  (cost=0.00..5.36 rows=93 width=0)
	        Index Cond: ((k >= 6081049) AND (k <= 6081149))

table 4 : explain SELECT k, c FROM sbtest4 WHERE k BETWEEN 6081049 AND 6081149
	Bitmap Heap Scan on sbtest4  (cost=5.55..437.00 rows=109 width=125)
	  Recheck Cond: ((k >= 6081049) AND (k <= 6081149))
	  ->  Bitmap Index Scan on k_4  (cost=0.00..5.52 rows=109 width=0)
	        Index Cond: ((k >= 6081049) AND (k <= 6081149))

table 5 : explain SELECT k, c FROM sbtest5 WHERE k BETWEEN 6081049 AND 6081149
	Bitmap Heap Scan on sbtest5  (cost=5.50..417.30 rows=104 width=125)
	  Recheck Cond: ((k >= 6081049) AND (k <= 6081149))
	  ->  Bitmap Index Scan on k_5  (cost=0.00..5.47 rows=104 width=0)
	        Index Cond: ((k >= 6081049) AND (k <= 6081149))

table 6 : explain SELECT k, c FROM sbtest6 WHERE k BETWEEN 6081049 AND 6081149
	Bitmap Heap Scan on sbtest6  (cost=5.49..413.36 rows=103 width=125)
	  Recheck Cond: ((k >= 6081049) AND (k <= 6081149))
	  ->  Bitmap Index Scan on k_6  (cost=0.00..5.46 rows=103 width=0)
	        Index Cond: ((k >= 6081049) AND (k <= 6081149))

table 7 : explain SELECT k, c FROM sbtest7 WHERE k BETWEEN 6081049 AND 6081149
	Bitmap Heap Scan on sbtest7  (cost=5.46..401.56 rows=100 width=125)
	  Recheck Cond: ((k >= 6081049) AND (k <= 6081149))
	  ->  Bitmap Index Scan on k_7  (cost=0.00..5.43 rows=100 width=0)
	        Index Cond: ((k >= 6081049) AND (k <= 6081149))

table 8 : explain SELECT k, c FROM sbtest8 WHERE k BETWEEN 6081049 AND 6081149
	Bitmap Heap Scan on sbtest8  (cost=5.51..421.27 rows=105 width=125)
	  Recheck Cond: ((k >= 6081049) AND (k <= 6081149))
	  ->  Bitmap Index Scan on k_8  (cost=0.00..5.48 rows=105 width=0)
	        Index Cond: ((k >= 6081049) AND (k <= 6081149))

for range-notcovered
table 1 : explain SELECT k, c FROM sbtest1 WHERE k BETWEEN 3500698 AND 3500798
	Bitmap Heap Scan on sbtest1  (cost=5.50..417.22 rows=104 width=125)
	  Recheck Cond: ((k >= 3500698) AND (k <= 3500798))
	  ->  Bitmap Index Scan on k_1  (cost=0.00..5.47 rows=104 width=0)
	        Index Cond: ((k >= 3500698) AND (k <= 3500798))

table 2 : explain SELECT k, c FROM sbtest2 WHERE k BETWEEN 3500698 AND 3500798
	Bitmap Heap Scan on sbtest2  (cost=5.57..444.84 rows=111 width=125)
	  Recheck Cond: ((k >= 3500698) AND (k <= 3500798))
	  ->  Bitmap Index Scan on k_2  (cost=0.00..5.54 rows=111 width=0)
	        Index Cond: ((k >= 3500698) AND (k <= 3500798))

table 3 : explain SELECT k, c FROM sbtest3 WHERE k BETWEEN 3500698 AND 3500798
	Bitmap Heap Scan on sbtest3  (cost=5.50..417.26 rows=104 width=125)
	  Recheck Cond: ((k >= 3500698) AND (k <= 3500798))
	  ->  Bitmap Index Scan on k_3  (cost=0.00..5.47 rows=104 width=0)
	        Index Cond: ((k >= 3500698) AND (k <= 3500798))

table 4 : explain SELECT k, c FROM sbtest4 WHERE k BETWEEN 3500698 AND 3500798
	Bitmap Heap Scan on sbtest4  (cost=5.48..409.41 rows=102 width=125)
	  Recheck Cond: ((k >= 3500698) AND (k <= 3500798))
	  ->  Bitmap Index Scan on k_4  (cost=0.00..5.45 rows=102 width=0)
	        Index Cond: ((k >= 3500698) AND (k <= 3500798))

table 5 : explain SELECT k, c FROM sbtest5 WHERE k BETWEEN 3500698 AND 3500798
	Bitmap Heap Scan on sbtest5  (cost=5.46..401.53 rows=100 width=125)
	  Recheck Cond: ((k >= 3500698) AND (k <= 3500798))
	  ->  Bitmap Index Scan on k_5  (cost=0.00..5.43 rows=100 width=0)
	        Index Cond: ((k >= 3500698) AND (k <= 3500798))

table 6 : explain SELECT k, c FROM sbtest6 WHERE k BETWEEN 3500698 AND 3500798
	Bitmap Heap Scan on sbtest6  (cost=5.50..417.30 rows=104 width=125)
	  Recheck Cond: ((k >= 3500698) AND (k <= 3500798))
	  ->  Bitmap Index Scan on k_6  (cost=0.00..5.47 rows=104 width=0)
	        Index Cond: ((k >= 3500698) AND (k <= 3500798))

table 7 : explain SELECT k, c FROM sbtest7 WHERE k BETWEEN 3500698 AND 3500798
	Bitmap Heap Scan on sbtest7  (cost=5.48..409.45 rows=102 width=125)
	  Recheck Cond: ((k >= 3500698) AND (k <= 3500798))
	  ->  Bitmap Index Scan on k_7  (cost=0.00..5.45 rows=102 width=0)
	        Index Cond: ((k >= 3500698) AND (k <= 3500798))

table 8 : explain SELECT k, c FROM sbtest8 WHERE k BETWEEN 3500698 AND 3500798
	Bitmap Heap Scan on sbtest8  (cost=5.54..433.10 rows=108 width=125)
	  Recheck Cond: ((k >= 3500698) AND (k <= 3500798))
	  ->  Bitmap Index Scan on k_8  (cost=0.00..5.51 rows=108 width=0)
	        Index Cond: ((k >= 3500698) AND (k <= 3500798))

for range-notcovered
table 1 : explain SELECT k, c FROM sbtest1 WHERE k BETWEEN 5390424 AND 5390524
	Bitmap Heap Scan on sbtest1  (cost=5.40..377.79 rows=94 width=125)
	  Recheck Cond: ((k >= 5390424) AND (k <= 5390524))
	  ->  Bitmap Index Scan on k_1  (cost=0.00..5.38 rows=94 width=0)
	        Index Cond: ((k >= 5390424) AND (k <= 5390524))

table 2 : explain SELECT k, c FROM sbtest2 WHERE k BETWEEN 5390424 AND 5390524
	Bitmap Heap Scan on sbtest2  (cost=5.54..433.02 rows=108 width=125)
	  Recheck Cond: ((k >= 5390424) AND (k <= 5390524))
	  ->  Bitmap Index Scan on k_2  (cost=0.00..5.51 rows=108 width=0)
	        Index Cond: ((k >= 5390424) AND (k <= 5390524))

table 3 : explain SELECT k, c FROM sbtest3 WHERE k BETWEEN 5390424 AND 5390524
	Bitmap Heap Scan on sbtest3  (cost=5.52..425.14 rows=106 width=125)
	  Recheck Cond: ((k >= 5390424) AND (k <= 5390524))
	  ->  Bitmap Index Scan on k_3  (cost=0.00..5.50 rows=106 width=0)
	        Index Cond: ((k >= 5390424) AND (k <= 5390524))

table 4 : explain SELECT k, c FROM sbtest4 WHERE k BETWEEN 5390424 AND 5390524
	Bitmap Heap Scan on sbtest4  (cost=5.54..433.06 rows=108 width=125)
	  Recheck Cond: ((k >= 5390424) AND (k <= 5390524))
	  ->  Bitmap Index Scan on k_4  (cost=0.00..5.51 rows=108 width=0)
	        Index Cond: ((k >= 5390424) AND (k <= 5390524))

table 5 : explain SELECT k, c FROM sbtest5 WHERE k BETWEEN 5390424 AND 5390524
	Bitmap Heap Scan on sbtest5  (cost=5.55..437.00 rows=109 width=125)
	  Recheck Cond: ((k >= 5390424) AND (k <= 5390524))
	  ->  Bitmap Index Scan on k_5  (cost=0.00..5.52 rows=109 width=0)
	        Index Cond: ((k >= 5390424) AND (k <= 5390524))

table 6 : explain SELECT k, c FROM sbtest6 WHERE k BETWEEN 5390424 AND 5390524
	Bitmap Heap Scan on sbtest6  (cost=5.56..440.95 rows=110 width=125)
	  Recheck Cond: ((k >= 5390424) AND (k <= 5390524))
	  ->  Bitmap Index Scan on k_6  (cost=0.00..5.53 rows=110 width=0)
	        Index Cond: ((k >= 5390424) AND (k <= 5390524))

table 7 : explain SELECT k, c FROM sbtest7 WHERE k BETWEEN 5390424 AND 5390524
	Bitmap Heap Scan on sbtest7  (cost=5.41..381.83 rows=95 width=125)
	  Recheck Cond: ((k >= 5390424) AND (k <= 5390524))
	  ->  Bitmap Index Scan on k_7  (cost=0.00..5.38 rows=95 width=0)
	        Index Cond: ((k >= 5390424) AND (k <= 5390524))

table 8 : explain SELECT k, c FROM sbtest8 WHERE k BETWEEN 5390424 AND 5390524
	Bitmap Heap Scan on sbtest8  (cost=5.64..472.49 rows=118 width=125)
	  Recheck Cond: ((k >= 5390424) AND (k <= 5390524))
	  ->  Bitmap Index Scan on k_8  (cost=0.00..5.61 rows=118 width=0)
	        Index Cond: ((k >= 5390424) AND (k <= 5390524))

explain: for range-notcovered :: explain SELECT k, c FROM sbtest%d WHERE k BETWEEN 7251592 AND 7251692
explain: for range-notcovered :: explain SELECT k, c FROM sbtest%d WHERE k BETWEEN 6081049 AND 6081149
explain: for range-notcovered :: explain SELECT k, c FROM sbtest%d WHERE k BETWEEN 3500698 AND 3500798
explain: for range-notcovered :: explain SELECT k, c FROM sbtest%d WHERE k BETWEEN 5390424 AND 5390524
for range-notcovered
table 1 : explain SELECT k, c FROM sbtest1 WHERE k BETWEEN 5749605 AND 5749705
	Bitmap Heap Scan on sbtest1  (cost=5.49..413.27 rows=103 width=125)
	  Recheck Cond: ((k >= 5749605) AND (k <= 5749705))
	  ->  Bitmap Index Scan on k_1  (cost=0.00..5.46 rows=103 width=0)
	        Index Cond: ((k >= 5749605) AND (k <= 5749705))

table 2 : explain SELECT k, c FROM sbtest2 WHERE k BETWEEN 5749605 AND 5749705
	Bitmap Heap Scan on sbtest2  (cost=5.50..417.26 rows=104 width=125)
	  Recheck Cond: ((k >= 5749605) AND (k <= 5749705))
	  ->  Bitmap Index Scan on k_2  (cost=0.00..5.47 rows=104 width=0)
	        Index Cond: ((k >= 5749605) AND (k <= 5749705))

table 3 : explain SELECT k, c FROM sbtest3 WHERE k BETWEEN 5749605 AND 5749705
	Bitmap Heap Scan on sbtest3  (cost=5.44..393.60 rows=98 width=125)
	  Recheck Cond: ((k >= 5749605) AND (k <= 5749705))
	  ->  Bitmap Index Scan on k_3  (cost=0.00..5.42 rows=98 width=0)
	        Index Cond: ((k >= 5749605) AND (k <= 5749705))

table 4 : explain SELECT k, c FROM sbtest4 WHERE k BETWEEN 5749605 AND 5749705
	Bitmap Heap Scan on sbtest4  (cost=5.49..413.35 rows=103 width=125)
	  Recheck Cond: ((k >= 5749605) AND (k <= 5749705))
	  ->  Bitmap Index Scan on k_4  (cost=0.00..5.46 rows=103 width=0)
	        Index Cond: ((k >= 5749605) AND (k <= 5749705))

table 5 : explain SELECT k, c FROM sbtest5 WHERE k BETWEEN 5749605 AND 5749705
	Bitmap Heap Scan on sbtest5  (cost=5.43..389.69 rows=97 width=125)
	  Recheck Cond: ((k >= 5749605) AND (k <= 5749705))
	  ->  Bitmap Index Scan on k_5  (cost=0.00..5.40 rows=97 width=0)
	        Index Cond: ((k >= 5749605) AND (k <= 5749705))

table 6 : explain SELECT k, c FROM sbtest6 WHERE k BETWEEN 5749605 AND 5749705
	Bitmap Heap Scan on sbtest6  (cost=5.49..413.36 rows=103 width=125)
	  Recheck Cond: ((k >= 5749605) AND (k <= 5749705))
	  ->  Bitmap Index Scan on k_6  (cost=0.00..5.46 rows=103 width=0)
	        Index Cond: ((k >= 5749605) AND (k <= 5749705))

table 7 : explain SELECT k, c FROM sbtest7 WHERE k BETWEEN 5749605 AND 5749705
	Bitmap Heap Scan on sbtest7  (cost=5.39..373.94 rows=93 width=125)
	  Recheck Cond: ((k >= 5749605) AND (k <= 5749705))
	  ->  Bitmap Index Scan on k_7  (cost=0.00..5.36 rows=93 width=0)
	        Index Cond: ((k >= 5749605) AND (k <= 5749705))

table 8 : explain SELECT k, c FROM sbtest8 WHERE k BETWEEN 5749605 AND 5749705
	Bitmap Heap Scan on sbtest8  (cost=5.50..417.33 rows=104 width=125)
	  Recheck Cond: ((k >= 5749605) AND (k <= 5749705))
	  ->  Bitmap Index Scan on k_8  (cost=0.00..5.47 rows=104 width=0)
	        Index Cond: ((k >= 5749605) AND (k <= 5749705))

for range-notcovered
table 1 : explain SELECT k, c FROM sbtest1 WHERE k BETWEEN 2483894 AND 2483994
	Bitmap Heap Scan on sbtest1  (cost=5.42..385.68 rows=96 width=125)
	  Recheck Cond: ((k >= 2483894) AND (k <= 2483994))
	  ->  Bitmap Index Scan on k_1  (cost=0.00..5.39 rows=96 width=0)
	        Index Cond: ((k >= 2483894) AND (k <= 2483994))

table 2 : explain SELECT k, c FROM sbtest2 WHERE k BETWEEN 2483894 AND 2483994
	Bitmap Heap Scan on sbtest2  (cost=5.51..421.20 rows=105 width=125)
	  Recheck Cond: ((k >= 2483894) AND (k <= 2483994))
	  ->  Bitmap Index Scan on k_2  (cost=0.00..5.48 rows=105 width=0)
	        Index Cond: ((k >= 2483894) AND (k <= 2483994))

table 3 : explain SELECT k, c FROM sbtest3 WHERE k BETWEEN 2483894 AND 2483994
	Bitmap Heap Scan on sbtest3  (cost=5.51..421.20 rows=105 width=125)
	  Recheck Cond: ((k >= 2483894) AND (k <= 2483994))
	  ->  Bitmap Index Scan on k_3  (cost=0.00..5.48 rows=105 width=0)
	        Index Cond: ((k >= 2483894) AND (k <= 2483994))

table 4 : explain SELECT k, c FROM sbtest4 WHERE k BETWEEN 2483894 AND 2483994
	Bitmap Heap Scan on sbtest4  (cost=5.38..369.96 rows=92 width=125)
	  Recheck Cond: ((k >= 2483894) AND (k <= 2483994))
	  ->  Bitmap Index Scan on k_4  (cost=0.00..5.35 rows=92 width=0)
	        Index Cond: ((k >= 2483894) AND (k <= 2483994))

table 5 : explain SELECT k, c FROM sbtest5 WHERE k BETWEEN 2483894 AND 2483994
	Bitmap Heap Scan on sbtest5  (cost=5.51..421.24 rows=105 width=125)
	  Recheck Cond: ((k >= 2483894) AND (k <= 2483994))
	  ->  Bitmap Index Scan on k_5  (cost=0.00..5.48 rows=105 width=0)
	        Index Cond: ((k >= 2483894) AND (k <= 2483994))

table 6 : explain SELECT k, c FROM sbtest6 WHERE k BETWEEN 2483894 AND 2483994
	Bitmap Heap Scan on sbtest6  (cost=5.47..405.47 rows=101 width=125)
	  Recheck Cond: ((k >= 2483894) AND (k <= 2483994))
	  ->  Bitmap Index Scan on k_6  (cost=0.00..5.44 rows=101 width=0)
	        Index Cond: ((k >= 2483894) AND (k <= 2483994))

table 7 : explain SELECT k, c FROM sbtest7 WHERE k BETWEEN 2483894 AND 2483994
	Bitmap Heap Scan on sbtest7  (cost=5.37..366.04 rows=91 width=125)
	  Recheck Cond: ((k >= 2483894) AND (k <= 2483994))
	  ->  Bitmap Index Scan on k_7  (cost=0.00..5.34 rows=91 width=0)
	        Index Cond: ((k >= 2483894) AND (k <= 2483994))

table 8 : explain SELECT k, c FROM sbtest8 WHERE k BETWEEN 2483894 AND 2483994
	Bitmap Heap Scan on sbtest8  (cost=5.42..385.78 rows=96 width=125)
	  Recheck Cond: ((k >= 2483894) AND (k <= 2483994))
	  ->  Bitmap Index Scan on k_8  (cost=0.00..5.39 rows=96 width=0)
	        Index Cond: ((k >= 2483894) AND (k <= 2483994))

for range-notcovered
table 1 : explain SELECT k, c FROM sbtest1 WHERE k BETWEEN 3218407 AND 3218507
	Bitmap Heap Scan on sbtest1  (cost=5.49..413.27 rows=103 width=125)
	  Recheck Cond: ((k >= 3218407) AND (k <= 3218507))
	  ->  Bitmap Index Scan on k_1  (cost=0.00..5.46 rows=103 width=0)
	        Index Cond: ((k >= 3218407) AND (k <= 3218507))

table 2 : explain SELECT k, c FROM sbtest2 WHERE k BETWEEN 3218407 AND 3218507
	Bitmap Heap Scan on sbtest2  (cost=5.50..417.26 rows=104 width=125)
	  Recheck Cond: ((k >= 3218407) AND (k <= 3218507))
	  ->  Bitmap Index Scan on k_2  (cost=0.00..5.47 rows=104 width=0)
	        Index Cond: ((k >= 3218407) AND (k <= 3218507))

table 3 : explain SELECT k, c FROM sbtest3 WHERE k BETWEEN 3218407 AND 3218507
	Bitmap Heap Scan on sbtest3  (cost=5.43..389.66 rows=97 width=125)
	  Recheck Cond: ((k >= 3218407) AND (k <= 3218507))
	  ->  Bitmap Index Scan on k_3  (cost=0.00..5.40 rows=97 width=0)
	        Index Cond: ((k >= 3218407) AND (k <= 3218507))

table 4 : explain SELECT k, c FROM sbtest4 WHERE k BETWEEN 3218407 AND 3218507
	Bitmap Heap Scan on sbtest4  (cost=5.52..425.18 rows=106 width=125)
	  Recheck Cond: ((k >= 3218407) AND (k <= 3218507))
	  ->  Bitmap Index Scan on k_4  (cost=0.00..5.50 rows=106 width=0)
	        Index Cond: ((k >= 3218407) AND (k <= 3218507))

table 5 : explain SELECT k, c FROM sbtest5 WHERE k BETWEEN 3218407 AND 3218507
	Bitmap Heap Scan on sbtest5  (cost=5.53..429.12 rows=107 width=125)
	  Recheck Cond: ((k >= 3218407) AND (k <= 3218507))
	  ->  Bitmap Index Scan on k_5  (cost=0.00..5.50 rows=107 width=0)
	        Index Cond: ((k >= 3218407) AND (k <= 3218507))

table 6 : explain SELECT k, c FROM sbtest6 WHERE k BETWEEN 3218407 AND 3218507
	Bitmap Heap Scan on sbtest6  (cost=5.58..448.82 rows=112 width=125)
	  Recheck Cond: ((k >= 3218407) AND (k <= 3218507))
	  ->  Bitmap Index Scan on k_6  (cost=0.00..5.55 rows=112 width=0)
	        Index Cond: ((k >= 3218407) AND (k <= 3218507))

table 7 : explain SELECT k, c FROM sbtest7 WHERE k BETWEEN 3218407 AND 3218507
	Bitmap Heap Scan on sbtest7  (cost=5.59..452.80 rows=113 width=125)
	  Recheck Cond: ((k >= 3218407) AND (k <= 3218507))
	  ->  Bitmap Index Scan on k_7  (cost=0.00..5.56 rows=113 width=0)
	        Index Cond: ((k >= 3218407) AND (k <= 3218507))

table 8 : explain SELECT k, c FROM sbtest8 WHERE k BETWEEN 3218407 AND 3218507
	Bitmap Heap Scan on sbtest8  (cost=5.47..405.50 rows=101 width=125)
	  Recheck Cond: ((k >= 3218407) AND (k <= 3218507))
	  ->  Bitmap Index Scan on k_8  (cost=0.00..5.44 rows=101 width=0)
	        Index Cond: ((k >= 3218407) AND (k <= 3218507))

explain: for range-notcovered :: explain SELECT k, c FROM sbtest%d WHERE k BETWEEN 2483894 AND 2483994
explain: for range-notcovered :: explain SELECT k, c FROM sbtest%d WHERE k BETWEEN 3218407 AND 3218507
for range-notcovered
table 1 : explain SELECT k, c FROM sbtest1 WHERE k BETWEEN 7251592 AND 7251692
	Bitmap Heap Scan on sbtest1  (cost=5.39..373.84 rows=93 width=125)
	  Recheck Cond: ((k >= 7251592) AND (k <= 7251692))
	  ->  Bitmap Index Scan on k_1  (cost=0.00..5.36 rows=93 width=0)
	        Index Cond: ((k >= 7251592) AND (k <= 7251692))

table 2 : explain SELECT k, c FROM sbtest2 WHERE k BETWEEN 7251592 AND 7251692
	Bitmap Heap Scan on sbtest2  (cost=5.70..492.07 rows=123 width=125)
	  Recheck Cond: ((k >= 7251592) AND (k <= 7251692))
	  ->  Bitmap Index Scan on k_2  (cost=0.00..5.67 rows=123 width=0)
	        Index Cond: ((k >= 7251592) AND (k <= 7251692))

table 3 : explain SELECT k, c FROM sbtest3 WHERE k BETWEEN 7251592 AND 7251692
	Bitmap Heap Scan on sbtest3  (cost=5.46..401.49 rows=100 width=125)
	  Recheck Cond: ((k >= 7251592) AND (k <= 7251692))
	  ->  Bitmap Index Scan on k_3  (cost=0.00..5.43 rows=100 width=0)
	        Index Cond: ((k >= 7251592) AND (k <= 7251692))

table 4 : explain SELECT k, c FROM sbtest4 WHERE k BETWEEN 7251592 AND 7251692
	Bitmap Heap Scan on sbtest4  (cost=5.43..389.69 rows=97 width=125)
	  Recheck Cond: ((k >= 7251592) AND (k <= 7251692))
	  ->  Bitmap Index Scan on k_4  (cost=0.00..5.40 rows=97 width=0)
	        Index Cond: ((k >= 7251592) AND (k <= 7251692))

table 5 : explain SELECT k, c FROM sbtest5 WHERE k BETWEEN 7251592 AND 7251692
	Bitmap Heap Scan on sbtest5  (cost=5.50..417.30 rows=104 width=125)
	  Recheck Cond: ((k >= 7251592) AND (k <= 7251692))
	  ->  Bitmap Index Scan on k_5  (cost=0.00..5.47 rows=104 width=0)
	        Index Cond: ((k >= 7251592) AND (k <= 7251692))

table 6 : explain SELECT k, c FROM sbtest6 WHERE k BETWEEN 7251592 AND 7251692
	Bitmap Heap Scan on sbtest6  (cost=5.46..401.53 rows=100 width=125)
	  Recheck Cond: ((k >= 7251592) AND (k <= 7251692))
	  ->  Bitmap Index Scan on k_6  (cost=0.00..5.43 rows=100 width=0)
	        Index Cond: ((k >= 7251592) AND (k <= 7251692))

table 7 : explain SELECT k, c FROM sbtest7 WHERE k BETWEEN 7251592 AND 7251692
	Bitmap Heap Scan on sbtest7  (cost=5.51..421.28 rows=105 width=125)
	  Recheck Cond: ((k >= 7251592) AND (k <= 7251692))
	  ->  Bitmap Index Scan on k_7  (cost=0.00..5.48 rows=105 width=0)
	        Index Cond: ((k >= 7251592) AND (k <= 7251692))

table 8 : explain SELECT k, c FROM sbtest8 WHERE k BETWEEN 7251592 AND 7251692
	Bitmap Heap Scan on sbtest8  (cost=5.53..429.16 rows=107 width=125)
	  Recheck Cond: ((k >= 7251592) AND (k <= 7251692))
	  ->  Bitmap Index Scan on k_8  (cost=0.00..5.50 rows=107 width=0)
	        Index Cond: ((k >= 7251592) AND (k <= 7251692))

for range-notcovered
table 1 : explain SELECT k, c FROM sbtest1 WHERE k BETWEEN 3500698 AND 3500798
	Bitmap Heap Scan on sbtest1  (cost=5.50..417.22 rows=104 width=125)
	  Recheck Cond: ((k >= 3500698) AND (k <= 3500798))
	  ->  Bitmap Index Scan on k_1  (cost=0.00..5.47 rows=104 width=0)
	        Index Cond: ((k >= 3500698) AND (k <= 3500798))

table 2 : explain SELECT k, c FROM sbtest2 WHERE k BETWEEN 3500698 AND 3500798
	Bitmap Heap Scan on sbtest2  (cost=5.57..444.84 rows=111 width=125)
	  Recheck Cond: ((k >= 3500698) AND (k <= 3500798))
	  ->  Bitmap Index Scan on k_2  (cost=0.00..5.54 rows=111 width=0)
	        Index Cond: ((k >= 3500698) AND (k <= 3500798))

table 3 : explain SELECT k, c FROM sbtest3 WHERE k BETWEEN 3500698 AND 3500798
	Bitmap Heap Scan on sbtest3  (cost=5.50..417.26 rows=104 width=125)
	  Recheck Cond: ((k >= 3500698) AND (k <= 3500798))
	  ->  Bitmap Index Scan on k_3  (cost=0.00..5.47 rows=104 width=0)
	        Index Cond: ((k >= 3500698) AND (k <= 3500798))

table 4 : explain SELECT k, c FROM sbtest4 WHERE k BETWEEN 3500698 AND 3500798
	Bitmap Heap Scan on sbtest4  (cost=5.48..409.41 rows=102 width=125)
	  Recheck Cond: ((k >= 3500698) AND (k <= 3500798))
	  ->  Bitmap Index Scan on k_4  (cost=0.00..5.45 rows=102 width=0)
	        Index Cond: ((k >= 3500698) AND (k <= 3500798))

table 5 : explain SELECT k, c FROM sbtest5 WHERE k BETWEEN 3500698 AND 3500798
	Bitmap Heap Scan on sbtest5  (cost=5.46..401.53 rows=100 width=125)
	  Recheck Cond: ((k >= 3500698) AND (k <= 3500798))
	  ->  Bitmap Index Scan on k_5  (cost=0.00..5.43 rows=100 width=0)
	        Index Cond: ((k >= 3500698) AND (k <= 3500798))

table 6 : explain SELECT k, c FROM sbtest6 WHERE k BETWEEN 3500698 AND 3500798
	Bitmap Heap Scan on sbtest6  (cost=5.50..417.30 rows=104 width=125)
	  Recheck Cond: ((k >= 3500698) AND (k <= 3500798))
	  ->  Bitmap Index Scan on k_6  (cost=0.00..5.47 rows=104 width=0)
	        Index Cond: ((k >= 3500698) AND (k <= 3500798))

table 7 : explain SELECT k, c FROM sbtest7 WHERE k BETWEEN 3500698 AND 3500798
	Bitmap Heap Scan on sbtest7  (cost=5.48..409.45 rows=102 width=125)
	  Recheck Cond: ((k >= 3500698) AND (k <= 3500798))
	  ->  Bitmap Index Scan on k_7  (cost=0.00..5.45 rows=102 width=0)
	        Index Cond: ((k >= 3500698) AND (k <= 3500798))

table 8 : explain SELECT k, c FROM sbtest8 WHERE k BETWEEN 3500698 AND 3500798
	Bitmap Heap Scan on sbtest8  (cost=5.54..433.10 rows=108 width=125)
	  Recheck Cond: ((k >= 3500698) AND (k <= 3500798))
	  ->  Bitmap Index Scan on k_8  (cost=0.00..5.51 rows=108 width=0)
	        Index Cond: ((k >= 3500698) AND (k <= 3500798))

for range-notcovered
table 1 : explain SELECT k, c FROM sbtest1 WHERE k BETWEEN 6081049 AND 6081149
	Bitmap Heap Scan on sbtest1  (cost=5.53..429.04 rows=107 width=125)
	  Recheck Cond: ((k >= 6081049) AND (k <= 6081149))
	  ->  Bitmap Index Scan on k_1  (cost=0.00..5.50 rows=107 width=0)
	        Index Cond: ((k >= 6081049) AND (k <= 6081149))

table 2 : explain SELECT k, c FROM sbtest2 WHERE k BETWEEN 6081049 AND 6081149
	Bitmap Heap Scan on sbtest2  (cost=5.49..413.31 rows=103 width=125)
	  Recheck Cond: ((k >= 6081049) AND (k <= 6081149))
	  ->  Bitmap Index Scan on k_2  (cost=0.00..5.46 rows=103 width=0)
	        Index Cond: ((k >= 6081049) AND (k <= 6081149))

table 3 : explain SELECT k, c FROM sbtest3 WHERE k BETWEEN 6081049 AND 6081149
	Bitmap Heap Scan on sbtest3  (cost=5.39..373.88 rows=93 width=125)
	  Recheck Cond: ((k >= 6081049) AND (k <= 6081149))
	  ->  Bitmap Index Scan on k_3  (cost=0.00..5.36 rows=93 width=0)
	        Index Cond: ((k >= 6081049) AND (k <= 6081149))

table 4 : explain SELECT k, c FROM sbtest4 WHERE k BETWEEN 6081049 AND 6081149
	Bitmap Heap Scan on sbtest4  (cost=5.55..437.00 rows=109 width=125)
	  Recheck Cond: ((k >= 6081049) AND (k <= 6081149))
	  ->  Bitmap Index Scan on k_4  (cost=0.00..5.52 rows=109 width=0)
	        Index Cond: ((k >= 6081049) AND (k <= 6081149))

table 5 : explain SELECT k, c FROM sbtest5 WHERE k BETWEEN 6081049 AND 6081149
	Bitmap Heap Scan on sbtest5  (cost=5.50..417.30 rows=104 width=125)
	  Recheck Cond: ((k >= 6081049) AND (k <= 6081149))
	  ->  Bitmap Index Scan on k_5  (cost=0.00..5.47 rows=104 width=0)
	        Index Cond: ((k >= 6081049) AND (k <= 6081149))

table 6 : explain SELECT k, c FROM sbtest6 WHERE k BETWEEN 6081049 AND 6081149
	Bitmap Heap Scan on sbtest6  (cost=5.49..413.36 rows=103 width=125)
	  Recheck Cond: ((k >= 6081049) AND (k <= 6081149))
	  ->  Bitmap Index Scan on k_6  (cost=0.00..5.46 rows=103 width=0)
	        Index Cond: ((k >= 6081049) AND (k <= 6081149))

table 7 : explain SELECT k, c FROM sbtest7 WHERE k BETWEEN 6081049 AND 6081149
	Bitmap Heap Scan on sbtest7  (cost=5.46..401.56 rows=100 width=125)
	  Recheck Cond: ((k >= 6081049) AND (k <= 6081149))
	  ->  Bitmap Index Scan on k_7  (cost=0.00..5.43 rows=100 width=0)
	        Index Cond: ((k >= 6081049) AND (k <= 6081149))

table 8 : explain SELECT k, c FROM sbtest8 WHERE k BETWEEN 6081049 AND 6081149
	Bitmap Heap Scan on sbtest8  (cost=5.51..421.27 rows=105 width=125)
	  Recheck Cond: ((k >= 6081049) AND (k <= 6081149))
	  ->  Bitmap Index Scan on k_8  (cost=0.00..5.48 rows=105 width=0)
	        Index Cond: ((k >= 6081049) AND (k <= 6081149))

for range-notcovered
table 1 : explain SELECT k, c FROM sbtest1 WHERE k BETWEEN 6396148 AND 6396248
	Bitmap Heap Scan on sbtest1  (cost=5.55..436.92 rows=109 width=125)
	  Recheck Cond: ((k >= 6396148) AND (k <= 6396248))
	  ->  Bitmap Index Scan on k_1  (cost=0.00..5.52 rows=109 width=0)
	        Index Cond: ((k >= 6396148) AND (k <= 6396248))

table 2 : explain SELECT k, c FROM sbtest2 WHERE k BETWEEN 6396148 AND 6396248
	Bitmap Heap Scan on sbtest2  (cost=5.43..389.66 rows=97 width=125)
	  Recheck Cond: ((k >= 6396148) AND (k <= 6396248))
	  ->  Bitmap Index Scan on k_2  (cost=0.00..5.40 rows=97 width=0)
	        Index Cond: ((k >= 6396148) AND (k <= 6396248))

table 3 : explain SELECT k, c FROM sbtest3 WHERE k BETWEEN 6396148 AND 6396248
	Bitmap Heap Scan on sbtest3  (cost=5.52..425.14 rows=106 width=125)
	  Recheck Cond: ((k >= 6396148) AND (k <= 6396248))
	  ->  Bitmap Index Scan on k_3  (cost=0.00..5.50 rows=106 width=0)
	        Index Cond: ((k >= 6396148) AND (k <= 6396248))

table 4 : explain SELECT k, c FROM sbtest4 WHERE k BETWEEN 6396148 AND 6396248
	Bitmap Heap Scan on sbtest4  (cost=5.53..429.12 rows=107 width=125)
	  Recheck Cond: ((k >= 6396148) AND (k <= 6396248))
	  ->  Bitmap Index Scan on k_4  (cost=0.00..5.50 rows=107 width=0)
	        Index Cond: ((k >= 6396148) AND (k <= 6396248))

table 5 : explain SELECT k, c FROM sbtest5 WHERE k BETWEEN 6396148 AND 6396248
	Bitmap Heap Scan on sbtest5  (cost=5.47..405.47 rows=101 width=125)
	  Recheck Cond: ((k >= 6396148) AND (k <= 6396248))
	  ->  Bitmap Index Scan on k_5  (cost=0.00..5.44 rows=101 width=0)
	        Index Cond: ((k >= 6396148) AND (k <= 6396248))

table 6 : explain SELECT k, c FROM sbtest6 WHERE k BETWEEN 6396148 AND 6396248
	Bitmap Heap Scan on sbtest6  (cost=5.50..417.30 rows=104 width=125)
	  Recheck Cond: ((k >= 6396148) AND (k <= 6396248))
	  ->  Bitmap Index Scan on k_6  (cost=0.00..5.47 rows=104 width=0)
	        Index Cond: ((k >= 6396148) AND (k <= 6396248))

table 7 : explain SELECT k, c FROM sbtest7 WHERE k BETWEEN 6396148 AND 6396248
	Bitmap Heap Scan on sbtest7  (cost=5.52..425.22 rows=106 width=125)
	  Recheck Cond: ((k >= 6396148) AND (k <= 6396248))
	  ->  Bitmap Index Scan on k_7  (cost=0.00..5.50 rows=106 width=0)
	        Index Cond: ((k >= 6396148) AND (k <= 6396248))

table 8 : explain SELECT k, c FROM sbtest8 WHERE k BETWEEN 6396148 AND 6396248
	Bitmap Heap Scan on sbtest8  (cost=5.44..393.67 rows=98 width=125)
	  Recheck Cond: ((k >= 6396148) AND (k <= 6396248))
	  ->  Bitmap Index Scan on k_8  (cost=0.00..5.42 rows=98 width=0)
	        Index Cond: ((k >= 6396148) AND (k <= 6396248))

explain: for range-notcovered :: explain SELECT k, c FROM sbtest%d WHERE k BETWEEN 7251592 AND 7251692
explain: for range-notcovered :: explain SELECT k, c FROM sbtest%d WHERE k BETWEEN 3500698 AND 3500798
for range-notcovered
table 1 : explain SELECT k, c FROM sbtest1 WHERE k BETWEEN 5390424 AND 5390524
	Bitmap Heap Scan on sbtest1  (cost=5.40..377.79 rows=94 width=125)
	  Recheck Cond: ((k >= 5390424) AND (k <= 5390524))
	  ->  Bitmap Index Scan on k_1  (cost=0.00..5.38 rows=94 width=0)
	        Index Cond: ((k >= 5390424) AND (k <= 5390524))

table 2 : explain SELECT k, c FROM sbtest2 WHERE k BETWEEN 5390424 AND 5390524
	Bitmap Heap Scan on sbtest2  (cost=5.54..433.02 rows=108 width=125)
	  Recheck Cond: ((k >= 5390424) AND (k <= 5390524))
	  ->  Bitmap Index Scan on k_2  (cost=0.00..5.51 rows=108 width=0)
	        Index Cond: ((k >= 5390424) AND (k <= 5390524))

table 3 : explain SELECT k, c FROM sbtest3 WHERE k BETWEEN 5390424 AND 5390524
	Bitmap Heap Scan on sbtest3  (cost=5.52..425.14 rows=106 width=125)
	  Recheck Cond: ((k >= 5390424) AND (k <= 5390524))
	  ->  Bitmap Index Scan on k_3  (cost=0.00..5.50 rows=106 width=0)
	        Index Cond: ((k >= 5390424) AND (k <= 5390524))

table 4 : explain SELECT k, c FROM sbtest4 WHERE k BETWEEN 5390424 AND 5390524
	Bitmap Heap Scan on sbtest4  (cost=5.54..433.06 rows=108 width=125)
	  Recheck Cond: ((k >= 5390424) AND (k <= 5390524))
	  ->  Bitmap Index Scan on k_4  (cost=0.00..5.51 rows=108 width=0)
	        Index Cond: ((k >= 5390424) AND (k <= 5390524))

table 5 : explain SELECT k, c FROM sbtest5 WHERE k BETWEEN 5390424 AND 5390524
	Bitmap Heap Scan on sbtest5  (cost=5.55..437.00 rows=109 width=125)
	  Recheck Cond: ((k >= 5390424) AND (k <= 5390524))
	  ->  Bitmap Index Scan on k_5  (cost=0.00..5.52 rows=109 width=0)
	        Index Cond: ((k >= 5390424) AND (k <= 5390524))

table 6 : explain SELECT k, c FROM sbtest6 WHERE k BETWEEN 5390424 AND 5390524
	Bitmap Heap Scan on sbtest6  (cost=5.56..440.95 rows=110 width=125)
	  Recheck Cond: ((k >= 5390424) AND (k <= 5390524))
	  ->  Bitmap Index Scan on k_6  (cost=0.00..5.53 rows=110 width=0)
	        Index Cond: ((k >= 5390424) AND (k <= 5390524))

table 7 : explain SELECT k, c FROM sbtest7 WHERE k BETWEEN 5390424 AND 5390524
	Bitmap Heap Scan on sbtest7  (cost=5.41..381.83 rows=95 width=125)
	  Recheck Cond: ((k >= 5390424) AND (k <= 5390524))
	  ->  Bitmap Index Scan on k_7  (cost=0.00..5.38 rows=95 width=0)
	        Index Cond: ((k >= 5390424) AND (k <= 5390524))

table 8 : explain SELECT k, c FROM sbtest8 WHERE k BETWEEN 5390424 AND 5390524
	Bitmap Heap Scan on sbtest8  (cost=5.64..472.49 rows=118 width=125)
	  Recheck Cond: ((k >= 5390424) AND (k <= 5390524))
	  ->  Bitmap Index Scan on k_8  (cost=0.00..5.61 rows=118 width=0)
	        Index Cond: ((k >= 5390424) AND (k <= 5390524))

explain: for range-notcovered :: explain SELECT k, c FROM sbtest%d WHERE k BETWEEN 6081049 AND 6081149explain: for range-notcovered :: explain SELECT k, c FROM sbtest%d WHERE k BETWEEN 7878465 AND 7878565

explain: for range-notcovered :: explain SELECT k, c FROM sbtest%d WHERE k BETWEEN 6396148 AND 6396248
explain: for range-notcovered :: explain SELECT k, c FROM sbtest%d WHERE k BETWEEN 5390424 AND 5390524
for range-notcovered
table 1 : explain SELECT k, c FROM sbtest1 WHERE k BETWEEN 2483894 AND 2483994
	Bitmap Heap Scan on sbtest1  (cost=5.42..385.68 rows=96 width=125)
	  Recheck Cond: ((k >= 2483894) AND (k <= 2483994))
	  ->  Bitmap Index Scan on k_1  (cost=0.00..5.39 rows=96 width=0)
	        Index Cond: ((k >= 2483894) AND (k <= 2483994))

table 2 : explain SELECT k, c FROM sbtest2 WHERE k BETWEEN 2483894 AND 2483994
	Bitmap Heap Scan on sbtest2  (cost=5.51..421.20 rows=105 width=125)
	  Recheck Cond: ((k >= 2483894) AND (k <= 2483994))
	  ->  Bitmap Index Scan on k_2  (cost=0.00..5.48 rows=105 width=0)
	        Index Cond: ((k >= 2483894) AND (k <= 2483994))

table 3 : explain SELECT k, c FROM sbtest3 WHERE k BETWEEN 2483894 AND 2483994
	Bitmap Heap Scan on sbtest3  (cost=5.51..421.20 rows=105 width=125)
	  Recheck Cond: ((k >= 2483894) AND (k <= 2483994))
	  ->  Bitmap Index Scan on k_3  (cost=0.00..5.48 rows=105 width=0)
	        Index Cond: ((k >= 2483894) AND (k <= 2483994))

table 4 : explain SELECT k, c FROM sbtest4 WHERE k BETWEEN 2483894 AND 2483994
	Bitmap Heap Scan on sbtest4  (cost=5.38..369.96 rows=92 width=125)
	  Recheck Cond: ((k >= 2483894) AND (k <= 2483994))
	  ->  Bitmap Index Scan on k_4  (cost=0.00..5.35 rows=92 width=0)
	        Index Cond: ((k >= 2483894) AND (k <= 2483994))

table 5 : explain SELECT k, c FROM sbtest5 WHERE k BETWEEN 2483894 AND 2483994
	Bitmap Heap Scan on sbtest5  (cost=5.51..421.24 rows=105 width=125)
	  Recheck Cond: ((k >= 2483894) AND (k <= 2483994))
	  ->  Bitmap Index Scan on k_5  (cost=0.00..5.48 rows=105 width=0)
	        Index Cond: ((k >= 2483894) AND (k <= 2483994))

table 6 : explain SELECT k, c FROM sbtest6 WHERE k BETWEEN 2483894 AND 2483994
	Bitmap Heap Scan on sbtest6  (cost=5.47..405.47 rows=101 width=125)
	  Recheck Cond: ((k >= 2483894) AND (k <= 2483994))
	  ->  Bitmap Index Scan on k_6  (cost=0.00..5.44 rows=101 width=0)
	        Index Cond: ((k >= 2483894) AND (k <= 2483994))

table 7 : explain SELECT k, c FROM sbtest7 WHERE k BETWEEN 2483894 AND 2483994
	Bitmap Heap Scan on sbtest7  (cost=5.37..366.04 rows=91 width=125)
	  Recheck Cond: ((k >= 2483894) AND (k <= 2483994))
	  ->  Bitmap Index Scan on k_7  (cost=0.00..5.34 rows=91 width=0)
	        Index Cond: ((k >= 2483894) AND (k <= 2483994))

table 8 : explain SELECT k, c FROM sbtest8 WHERE k BETWEEN 2483894 AND 2483994
	Bitmap Heap Scan on sbtest8  (cost=5.42..385.78 rows=96 width=125)
	  Recheck Cond: ((k >= 2483894) AND (k <= 2483994))
	  ->  Bitmap Index Scan on k_8  (cost=0.00..5.39 rows=96 width=0)
	        Index Cond: ((k >= 2483894) AND (k <= 2483994))

for range-notcovered
table 1 : explain SELECT k, c FROM sbtest1 WHERE k BETWEEN 3218407 AND 3218507
	Bitmap Heap Scan on sbtest1  (cost=5.49..413.27 rows=103 width=125)
	  Recheck Cond: ((k >= 3218407) AND (k <= 3218507))
	  ->  Bitmap Index Scan on k_1  (cost=0.00..5.46 rows=103 width=0)
	        Index Cond: ((k >= 3218407) AND (k <= 3218507))

table 2 : explain SELECT k, c FROM sbtest2 WHERE k BETWEEN 3218407 AND 3218507
	Bitmap Heap Scan on sbtest2  (cost=5.50..417.26 rows=104 width=125)
	  Recheck Cond: ((k >= 3218407) AND (k <= 3218507))
	  ->  Bitmap Index Scan on k_2  (cost=0.00..5.47 rows=104 width=0)
	        Index Cond: ((k >= 3218407) AND (k <= 3218507))

table 3 : explain SELECT k, c FROM sbtest3 WHERE k BETWEEN 3218407 AND 3218507
	Bitmap Heap Scan on sbtest3  (cost=5.43..389.66 rows=97 width=125)
	  Recheck Cond: ((k >= 3218407) AND (k <= 3218507))
	  ->  Bitmap Index Scan on k_3  (cost=0.00..5.40 rows=97 width=0)
	        Index Cond: ((k >= 3218407) AND (k <= 3218507))

table 4 : explain SELECT k, c FROM sbtest4 WHERE k BETWEEN 3218407 AND 3218507
	Bitmap Heap Scan on sbtest4  (cost=5.52..425.18 rows=106 width=125)
	  Recheck Cond: ((k >= 3218407) AND (k <= 3218507))
	  ->  Bitmap Index Scan on k_4  (cost=0.00..5.50 rows=106 width=0)
	        Index Cond: ((k >= 3218407) AND (k <= 3218507))

table 5 : explain SELECT k, c FROM sbtest5 WHERE k BETWEEN 3218407 AND 3218507
	Bitmap Heap Scan on sbtest5  (cost=5.53..429.12 rows=107 width=125)
	  Recheck Cond: ((k >= 3218407) AND (k <= 3218507))
	  ->  Bitmap Index Scan on k_5  (cost=0.00..5.50 rows=107 width=0)
	        Index Cond: ((k >= 3218407) AND (k <= 3218507))

table 6 : explain SELECT k, c FROM sbtest6 WHERE k BETWEEN 3218407 AND 3218507
	Bitmap Heap Scan on sbtest6  (cost=5.58..448.82 rows=112 width=125)
	  Recheck Cond: ((k >= 3218407) AND (k <= 3218507))
	  ->  Bitmap Index Scan on k_6  (cost=0.00..5.55 rows=112 width=0)
	        Index Cond: ((k >= 3218407) AND (k <= 3218507))

table 7 : explain SELECT k, c FROM sbtest7 WHERE k BETWEEN 3218407 AND 3218507
	Bitmap Heap Scan on sbtest7  (cost=5.59..452.80 rows=113 width=125)
	  Recheck Cond: ((k >= 3218407) AND (k <= 3218507))
	  ->  Bitmap Index Scan on k_7  (cost=0.00..5.56 rows=113 width=0)
	        Index Cond: ((k >= 3218407) AND (k <= 3218507))

table 8 : explain SELECT k, c FROM sbtest8 WHERE k BETWEEN 3218407 AND 3218507
	Bitmap Heap Scan on sbtest8  (cost=5.47..405.50 rows=101 width=125)
	  Recheck Cond: ((k >= 3218407) AND (k <= 3218507))
	  ->  Bitmap Index Scan on k_8  (cost=0.00..5.44 rows=101 width=0)
	        Index Cond: ((k >= 3218407) AND (k <= 3218507))

explain: for range-notcovered :: explain SELECT k, c FROM sbtest%d WHERE k BETWEEN 2483894 AND 2483994
for range-notcovered
table 1 : explain SELECT k, c FROM sbtest1 WHERE k BETWEEN 7251592 AND 7251692
	Bitmap Heap Scan on sbtest1  (cost=5.39..373.84 rows=93 width=125)
	  Recheck Cond: ((k >= 7251592) AND (k <= 7251692))
	  ->  Bitmap Index Scan on k_1  (cost=0.00..5.36 rows=93 width=0)
	        Index Cond: ((k >= 7251592) AND (k <= 7251692))

table 2 : explain SELECT k, c FROM sbtest2 WHERE k BETWEEN 7251592 AND 7251692
	Bitmap Heap Scan on sbtest2  (cost=5.70..492.07 rows=123 width=125)
	  Recheck Cond: ((k >= 7251592) AND (k <= 7251692))
	  ->  Bitmap Index Scan on k_2  (cost=0.00..5.67 rows=123 width=0)
	        Index Cond: ((k >= 7251592) AND (k <= 7251692))

table 3 : explain SELECT k, c FROM sbtest3 WHERE k BETWEEN 7251592 AND 7251692
	Bitmap Heap Scan on sbtest3  (cost=5.46..401.49 rows=100 width=125)
	  Recheck Cond: ((k >= 7251592) AND (k <= 7251692))
	  ->  Bitmap Index Scan on k_3  (cost=0.00..5.43 rows=100 width=0)
	        Index Cond: ((k >= 7251592) AND (k <= 7251692))

table 4 : explain SELECT k, c FROM sbtest4 WHERE k BETWEEN 7251592 AND 7251692
	Bitmap Heap Scan on sbtest4  (cost=5.43..389.69 rows=97 width=125)
	  Recheck Cond: ((k >= 7251592) AND (k <= 7251692))
	  ->  Bitmap Index Scan on k_4  (cost=0.00..5.40 rows=97 width=0)
	        Index Cond: ((k >= 7251592) AND (k <= 7251692))

table 5 : explain SELECT k, c FROM sbtest5 WHERE k BETWEEN 7251592 AND 7251692
	Bitmap Heap Scan on sbtest5  (cost=5.50..417.30 rows=104 width=125)
	  Recheck Cond: ((k >= 7251592) AND (k <= 7251692))
	  ->  Bitmap Index Scan on k_5  (cost=0.00..5.47 rows=104 width=0)
	        Index Cond: ((k >= 7251592) AND (k <= 7251692))

table 6 : explain SELECT k, c FROM sbtest6 WHERE k BETWEEN 7251592 AND 7251692
	Bitmap Heap Scan on sbtest6  (cost=5.46..401.53 rows=100 width=125)
	  Recheck Cond: ((k >= 7251592) AND (k <= 7251692))
	  ->  Bitmap Index Scan on k_6  (cost=0.00..5.43 rows=100 width=0)
	        Index Cond: ((k >= 7251592) AND (k <= 7251692))

table 7 : explain SELECT k, c FROM sbtest7 WHERE k BETWEEN 7251592 AND 7251692
	Bitmap Heap Scan on sbtest7  (cost=5.51..421.28 rows=105 width=125)
	  Recheck Cond: ((k >= 7251592) AND (k <= 7251692))
	  ->  Bitmap Index Scan on k_7  (cost=0.00..5.48 rows=105 width=0)
	        Index Cond: ((k >= 7251592) AND (k <= 7251692))

table 8 : explain SELECT k, c FROM sbtest8 WHERE k BETWEEN 7251592 AND 7251692
	Bitmap Heap Scan on sbtest8  (cost=5.53..429.16 rows=107 width=125)
	  Recheck Cond: ((k >= 7251592) AND (k <= 7251692))
	  ->  Bitmap Index Scan on k_8  (cost=0.00..5.50 rows=107 width=0)
	        Index Cond: ((k >= 7251592) AND (k <= 7251692))

for range-notcovered
table 1 : explain SELECT k, c FROM sbtest1 WHERE k BETWEEN 6081049 AND 6081149
	Bitmap Heap Scan on sbtest1  (cost=5.53..429.04 rows=107 width=125)
	  Recheck Cond: ((k >= 6081049) AND (k <= 6081149))
	  ->  Bitmap Index Scan on k_1  (cost=0.00..5.50 rows=107 width=0)
	        Index Cond: ((k >= 6081049) AND (k <= 6081149))

table 2 : explain SELECT k, c FROM sbtest2 WHERE k BETWEEN 6081049 AND 6081149
	Bitmap Heap Scan on sbtest2  (cost=5.49..413.31 rows=103 width=125)
	  Recheck Cond: ((k >= 6081049) AND (k <= 6081149))
	  ->  Bitmap Index Scan on k_2  (cost=0.00..5.46 rows=103 width=0)
	        Index Cond: ((k >= 6081049) AND (k <= 6081149))

table 3 : explain SELECT k, c FROM sbtest3 WHERE k BETWEEN 6081049 AND 6081149
	Bitmap Heap Scan on sbtest3  (cost=5.39..373.88 rows=93 width=125)
	  Recheck Cond: ((k >= 6081049) AND (k <= 6081149))
	  ->  Bitmap Index Scan on k_3  (cost=0.00..5.36 rows=93 width=0)
	        Index Cond: ((k >= 6081049) AND (k <= 6081149))

table 4 : explain SELECT k, c FROM sbtest4 WHERE k BETWEEN 6081049 AND 6081149
	Bitmap Heap Scan on sbtest4  (cost=5.55..437.00 rows=109 width=125)
	  Recheck Cond: ((k >= 6081049) AND (k <= 6081149))
	  ->  Bitmap Index Scan on k_4  (cost=0.00..5.52 rows=109 width=0)
	        Index Cond: ((k >= 6081049) AND (k <= 6081149))

table 5 : explain SELECT k, c FROM sbtest5 WHERE k BETWEEN 6081049 AND 6081149
	Bitmap Heap Scan on sbtest5  (cost=5.50..417.30 rows=104 width=125)
	  Recheck Cond: ((k >= 6081049) AND (k <= 6081149))
	  ->  Bitmap Index Scan on k_5  (cost=0.00..5.47 rows=104 width=0)
	        Index Cond: ((k >= 6081049) AND (k <= 6081149))

table 6 : explain SELECT k, c FROM sbtest6 WHERE k BETWEEN 6081049 AND 6081149
	Bitmap Heap Scan on sbtest6  (cost=5.49..413.36 rows=103 width=125)
	  Recheck Cond: ((k >= 6081049) AND (k <= 6081149))
	  ->  Bitmap Index Scan on k_6  (cost=0.00..5.46 rows=103 width=0)
	        Index Cond: ((k >= 6081049) AND (k <= 6081149))

table 7 : explain SELECT k, c FROM sbtest7 WHERE k BETWEEN 6081049 AND 6081149
	Bitmap Heap Scan on sbtest7  (cost=5.46..401.56 rows=100 width=125)
	  Recheck Cond: ((k >= 6081049) AND (k <= 6081149))
	  ->  Bitmap Index Scan on k_7  (cost=0.00..5.43 rows=100 width=0)
	        Index Cond: ((k >= 6081049) AND (k <= 6081149))

table 8 : explain SELECT k, c FROM sbtest8 WHERE k BETWEEN 6081049 AND 6081149
	Bitmap Heap Scan on sbtest8  (cost=5.51..421.27 rows=105 width=125)
	  Recheck Cond: ((k >= 6081049) AND (k <= 6081149))
	  ->  Bitmap Index Scan on k_8  (cost=0.00..5.48 rows=105 width=0)
	        Index Cond: ((k >= 6081049) AND (k <= 6081149))

explain: for range-notcovered :: explain SELECT k, c FROM sbtest%d WHERE k BETWEEN 7251592 AND 7251692
for range-notcovered
table 1 : explain SELECT k, c FROM sbtest1 WHERE k BETWEEN 3500698 AND 3500798
	Bitmap Heap Scan on sbtest1  (cost=5.50..417.22 rows=104 width=125)
	  Recheck Cond: ((k >= 3500698) AND (k <= 3500798))
	  ->  Bitmap Index Scan on k_1  (cost=0.00..5.47 rows=104 width=0)
	        Index Cond: ((k >= 3500698) AND (k <= 3500798))

table 2 : explain SELECT k, c FROM sbtest2 WHERE k BETWEEN 3500698 AND 3500798
	Bitmap Heap Scan on sbtest2  (cost=5.57..444.84 rows=111 width=125)
	  Recheck Cond: ((k >= 3500698) AND (k <= 3500798))
	  ->  Bitmap Index Scan on k_2  (cost=0.00..5.54 rows=111 width=0)
	        Index Cond: ((k >= 3500698) AND (k <= 3500798))

table 3 : explain SELECT k, c FROM sbtest3 WHERE k BETWEEN 3500698 AND 3500798
	Bitmap Heap Scan on sbtest3  (cost=5.50..417.26 rows=104 width=125)
	  Recheck Cond: ((k >= 3500698) AND (k <= 3500798))
	  ->  Bitmap Index Scan on k_3  (cost=0.00..5.47 rows=104 width=0)
	        Index Cond: ((k >= 3500698) AND (k <= 3500798))

table 4 : explain SELECT k, c FROM sbtest4 WHERE k BETWEEN 3500698 AND 3500798
	Bitmap Heap Scan on sbtest4  (cost=5.48..409.41 rows=102 width=125)
	  Recheck Cond: ((k >= 3500698) AND (k <= 3500798))
	  ->  Bitmap Index Scan on k_4  (cost=0.00..5.45 rows=102 width=0)
	        Index Cond: ((k >= 3500698) AND (k <= 3500798))

table 5 : explain SELECT k, c FROM sbtest5 WHERE k BETWEEN 3500698 AND 3500798
	Bitmap Heap Scan on sbtest5  (cost=5.46..401.53 rows=100 width=125)
	  Recheck Cond: ((k >= 3500698) AND (k <= 3500798))
	  ->  Bitmap Index Scan on k_5  (cost=0.00..5.43 rows=100 width=0)
	        Index Cond: ((k >= 3500698) AND (k <= 3500798))

table 6 : explain SELECT k, c FROM sbtest6 WHERE k BETWEEN 3500698 AND 3500798
	Bitmap Heap Scan on sbtest6  (cost=5.50..417.30 rows=104 width=125)
	  Recheck Cond: ((k >= 3500698) AND (k <= 3500798))
	  ->  Bitmap Index Scan on k_6  (cost=0.00..5.47 rows=104 width=0)
	        Index Cond: ((k >= 3500698) AND (k <= 3500798))

table 7 : explain SELECT k, c FROM sbtest7 WHERE k BETWEEN 3500698 AND 3500798
	Bitmap Heap Scan on sbtest7  (cost=5.48..409.45 rows=102 width=125)
	  Recheck Cond: ((k >= 3500698) AND (k <= 3500798))
	  ->  Bitmap Index Scan on k_7  (cost=0.00..5.45 rows=102 width=0)
	        Index Cond: ((k >= 3500698) AND (k <= 3500798))

table 8 : explain SELECT k, c FROM sbtest8 WHERE k BETWEEN 3500698 AND 3500798
	Bitmap Heap Scan on sbtest8  (cost=5.54..433.10 rows=108 width=125)
	  Recheck Cond: ((k >= 3500698) AND (k <= 3500798))
	  ->  Bitmap Index Scan on k_8  (cost=0.00..5.51 rows=108 width=0)
	        Index Cond: ((k >= 3500698) AND (k <= 3500798))

explain: for range-notcovered :: explain SELECT k, c FROM sbtest%d WHERE k BETWEEN 6081049 AND 6081149
for range-notcovered
table 1 : explain SELECT k, c FROM sbtest1 WHERE k BETWEEN 6396148 AND 6396248
	Bitmap Heap Scan on sbtest1  (cost=5.55..436.92 rows=109 width=125)
	  Recheck Cond: ((k >= 6396148) AND (k <= 6396248))
	  ->  Bitmap Index Scan on k_1  (cost=0.00..5.52 rows=109 width=0)
	        Index Cond: ((k >= 6396148) AND (k <= 6396248))

table 2 : explain SELECT k, c FROM sbtest2 WHERE k BETWEEN 6396148 AND 6396248
	Bitmap Heap Scan on sbtest2  (cost=5.43..389.66 rows=97 width=125)
	  Recheck Cond: ((k >= 6396148) AND (k <= 6396248))
	  ->  Bitmap Index Scan on k_2  (cost=0.00..5.40 rows=97 width=0)
	        Index Cond: ((k >= 6396148) AND (k <= 6396248))

table 3 : explain SELECT k, c FROM sbtest3 WHERE k BETWEEN 6396148 AND 6396248
	Bitmap Heap Scan on sbtest3  (cost=5.52..425.14 rows=106 width=125)
	  Recheck Cond: ((k >= 6396148) AND (k <= 6396248))
	  ->  Bitmap Index Scan on k_3  (cost=0.00..5.50 rows=106 width=0)
	        Index Cond: ((k >= 6396148) AND (k <= 6396248))

table 4 : explain SELECT k, c FROM sbtest4 WHERE k BETWEEN 6396148 AND 6396248
	Bitmap Heap Scan on sbtest4  (cost=5.53..429.12 rows=107 width=125)
	  Recheck Cond: ((k >= 6396148) AND (k <= 6396248))
	  ->  Bitmap Index Scan on k_4  (cost=0.00..5.50 rows=107 width=0)
	        Index Cond: ((k >= 6396148) AND (k <= 6396248))

table 5 : explain SELECT k, c FROM sbtest5 WHERE k BETWEEN 6396148 AND 6396248
	Bitmap Heap Scan on sbtest5  (cost=5.47..405.47 rows=101 width=125)
	  Recheck Cond: ((k >= 6396148) AND (k <= 6396248))
	  ->  Bitmap Index Scan on k_5  (cost=0.00..5.44 rows=101 width=0)
	        Index Cond: ((k >= 6396148) AND (k <= 6396248))

table 6 : explain SELECT k, c FROM sbtest6 WHERE k BETWEEN 6396148 AND 6396248
	Bitmap Heap Scan on sbtest6  (cost=5.50..417.30 rows=104 width=125)
	  Recheck Cond: ((k >= 6396148) AND (k <= 6396248))
	  ->  Bitmap Index Scan on k_6  (cost=0.00..5.47 rows=104 width=0)
	        Index Cond: ((k >= 6396148) AND (k <= 6396248))

table 7 : explain SELECT k, c FROM sbtest7 WHERE k BETWEEN 6396148 AND 6396248
	Bitmap Heap Scan on sbtest7  (cost=5.52..425.22 rows=106 width=125)
	  Recheck Cond: ((k >= 6396148) AND (k <= 6396248))
	  ->  Bitmap Index Scan on k_7  (cost=0.00..5.50 rows=106 width=0)
	        Index Cond: ((k >= 6396148) AND (k <= 6396248))

table 8 : explain SELECT k, c FROM sbtest8 WHERE k BETWEEN 6396148 AND 6396248
	Bitmap Heap Scan on sbtest8  (cost=5.44..393.67 rows=98 width=125)
	  Recheck Cond: ((k >= 6396148) AND (k <= 6396248))
	  ->  Bitmap Index Scan on k_8  (cost=0.00..5.42 rows=98 width=0)
	        Index Cond: ((k >= 6396148) AND (k <= 6396248))

explain: for range-notcovered :: explain SELECT k, c FROM sbtest%d WHERE k BETWEEN 3500698 AND 3500798for range-notcovered
table 1 : explain SELECT k, c FROM sbtest1 WHERE k BETWEEN 5390424 AND 5390524
	Bitmap Heap Scan on sbtest1  (cost=5.40..377.79 rows=94 width=125)
	  Recheck Cond: ((k >= 5390424) AND (k <= 5390524))
	  ->  Bitmap Index Scan on k_1  (cost=0.00..5.38 rows=94 width=0)
	        Index Cond: ((k >= 5390424) AND (k <= 5390524))

table 2 : explain SELECT k, c FROM sbtest2 WHERE k BETWEEN 5390424 AND 5390524
	Bitmap Heap Scan on sbtest2  (cost=5.54..433.02 rows=108 width=125)
	  Recheck Cond: ((k >= 5390424) AND (k <= 5390524))
	  ->  Bitmap Index Scan on k_2  (cost=0.00..5.51 rows=108 width=0)
	        Index Cond: ((k >= 5390424) AND (k <= 5390524))

table 3 : explain SELECT k, c FROM sbtest3 WHERE k BETWEEN 5390424 AND 5390524
	Bitmap Heap Scan on sbtest3  (cost=5.52..425.14 rows=106 width=125)
	  Recheck Cond: ((k >= 5390424) AND (k <= 5390524))
	  ->  Bitmap Index Scan on k_3  (cost=0.00..5.50 rows=106 width=0)
	        Index Cond: ((k >= 5390424) AND (k <= 5390524))

table 4 : explain SELECT k, c FROM sbtest4 WHERE k BETWEEN 5390424 AND 5390524
	Bitmap Heap Scan on sbtest4  (cost=5.54..433.06 rows=108 width=125)
	  Recheck Cond: ((k >= 5390424) AND (k <= 5390524))
	  ->  Bitmap Index Scan on k_4  (cost=0.00..5.51 rows=108 width=0)
	        Index Cond: ((k >= 5390424) AND (k <= 5390524))

table 5 : explain SELECT k, c FROM sbtest5 WHERE k BETWEEN 5390424 AND 5390524
	Bitmap Heap Scan on sbtest5  (cost=5.55..437.00 rows=109 width=125)
	  Recheck Cond: ((k >= 5390424) AND (k <= 5390524))
	  ->  Bitmap Index Scan on k_5  (cost=0.00..5.52 rows=109 width=0)
	        Index Cond: ((k >= 5390424) AND (k <= 5390524))

table 6 : explain SELECT k, c FROM sbtest6 WHERE k BETWEEN 5390424 AND 5390524
	Bitmap Heap Scan on sbtest6  (cost=5.56..440.95 rows=110 width=125)
	  Recheck Cond: ((k >= 5390424) AND (k <= 5390524))
	  ->  Bitmap Index Scan on k_6  (cost=0.00..5.53 rows=110 width=0)
	        Index Cond: ((k >= 5390424) AND (k <= 5390524))

table 7 : explain SELECT k, c FROM sbtest7 WHERE k BETWEEN 5390424 AND 5390524
	Bitmap Heap Scan on sbtest7  (cost=5.41..381.83 rows=95 width=125)
	  Recheck Cond: ((k >= 5390424) AND (k <= 5390524))
	  ->  Bitmap Index Scan on k_7  (cost=0.00..5.38 rows=95 width=0)
	        Index Cond: ((k >= 5390424) AND (k <= 5390524))

table 8 : explain SELECT k, c FROM sbtest8 WHERE k BETWEEN 5390424 AND 5390524
	Bitmap Heap Scan on sbtest8  (cost=5.64..472.49 rows=118 width=125)
	  Recheck Cond: ((k >= 5390424) AND (k <= 5390524))
	  ->  Bitmap Index Scan on k_8  (cost=0.00..5.61 rows=118 width=0)
	        Index Cond: ((k >= 5390424) AND (k <= 5390524))

for range-notcovered
table 1 : explain SELECT k, c FROM sbtest1 WHERE k BETWEEN 3772374 AND 3772474
	Bitmap Heap Scan on sbtest1  (cost=5.53..429.04 rows=107 width=125)
	  Recheck Cond: ((k >= 3772374) AND (k <= 3772474))
	  ->  Bitmap Index Scan on k_1  (cost=0.00..5.50 rows=107 width=0)
	        Index Cond: ((k >= 3772374) AND (k <= 3772474))

table 2 : explain SELECT k, c FROM sbtest2 WHERE k BETWEEN 3772374 AND 3772474
	Bitmap Heap Scan on sbtest2  (cost=5.48..409.37 rows=102 width=125)
	  Recheck Cond: ((k >= 3772374) AND (k <= 3772474))
	  ->  Bitmap Index Scan on k_2  (cost=0.00..5.45 rows=102 width=0)
	        Index Cond: ((k >= 3772374) AND (k <= 3772474))

table 3 : explain SELECT k, c FROM sbtest3 WHERE k BETWEEN 3772374 AND 3772474
	Bitmap Heap Scan on sbtest3  (cost=5.36..362.04 rows=90 width=125)
	  Recheck Cond: ((k >= 3772374) AND (k <= 3772474))
	  ->  Bitmap Index Scan on k_3  (cost=0.00..5.33 rows=90 width=0)
	        Index Cond: ((k >= 3772374) AND (k <= 3772474))

table 4 : explain SELECT k, c FROM sbtest4 WHERE k BETWEEN 3772374 AND 3772474
	Bitmap Heap Scan on sbtest4  (cost=5.55..437.00 rows=109 width=125)
	  Recheck Cond: ((k >= 3772374) AND (k <= 3772474))
	  ->  Bitmap Index Scan on k_4  (cost=0.00..5.52 rows=109 width=0)
	        Index Cond: ((k >= 3772374) AND (k <= 3772474))

table 5 : explain SELECT k, c FROM sbtest5 WHERE k BETWEEN 3772374 AND 3772474
	Bitmap Heap Scan on sbtest5  (cost=5.44..393.64 rows=98 width=125)
	  Recheck Cond: ((k >= 3772374) AND (k <= 3772474))
	  ->  Bitmap Index Scan on k_5  (cost=0.00..5.42 rows=98 width=0)
	        Index Cond: ((k >= 3772374) AND (k <= 3772474))

table 6 : explain SELECT k, c FROM sbtest6 WHERE k BETWEEN 3772374 AND 3772474
	Bitmap Heap Scan on sbtest6  (cost=5.52..425.18 rows=106 width=125)
	  Recheck Cond: ((k >= 3772374) AND (k <= 3772474))
	  ->  Bitmap Index Scan on k_6  (cost=0.00..5.50 rows=106 width=0)
	        Index Cond: ((k >= 3772374) AND (k <= 3772474))

table 7 : explain SELECT k, c FROM sbtest7 WHERE k BETWEEN 3772374 AND 3772474
	Bitmap Heap Scan on sbtest7  (cost=5.47..405.50 rows=101 width=125)
	  Recheck Cond: ((k >= 3772374) AND (k <= 3772474))
	  ->  Bitmap Index Scan on k_7  (cost=0.00..5.44 rows=101 width=0)
	        Index Cond: ((k >= 3772374) AND (k <= 3772474))

table 8 : explain SELECT k, c FROM sbtest8 WHERE k BETWEEN 3772374 AND 3772474
	Bitmap Heap Scan on sbtest8  (cost=5.52..425.22 rows=106 width=125)
	  Recheck Cond: ((k >= 3772374) AND (k <= 3772474))
	  ->  Bitmap Index Scan on k_8  (cost=0.00..5.50 rows=106 width=0)
	        Index Cond: ((k >= 3772374) AND (k <= 3772474))


explain: for range-notcovered :: explain SELECT k, c FROM sbtest%d WHERE k BETWEEN 6396148 AND 6396248
explain: for range-notcovered :: explain SELECT k, c FROM sbtest%d WHERE k BETWEEN 5390424 AND 5390524
explain: for range-notcovered :: explain SELECT k, c FROM sbtest%d WHERE k BETWEEN 3772374 AND 3772474
for range-notcovered
table 1 : explain SELECT k, c FROM sbtest1 WHERE k BETWEEN 2483894 AND 2483994
	Bitmap Heap Scan on sbtest1  (cost=5.42..385.68 rows=96 width=125)
	  Recheck Cond: ((k >= 2483894) AND (k <= 2483994))
	  ->  Bitmap Index Scan on k_1  (cost=0.00..5.39 rows=96 width=0)
	        Index Cond: ((k >= 2483894) AND (k <= 2483994))

table 2 : explain SELECT k, c FROM sbtest2 WHERE k BETWEEN 2483894 AND 2483994
	Bitmap Heap Scan on sbtest2  (cost=5.51..421.20 rows=105 width=125)
	  Recheck Cond: ((k >= 2483894) AND (k <= 2483994))
	  ->  Bitmap Index Scan on k_2  (cost=0.00..5.48 rows=105 width=0)
	        Index Cond: ((k >= 2483894) AND (k <= 2483994))

table 3 : explain SELECT k, c FROM sbtest3 WHERE k BETWEEN 2483894 AND 2483994
	Bitmap Heap Scan on sbtest3  (cost=5.51..421.20 rows=105 width=125)
	  Recheck Cond: ((k >= 2483894) AND (k <= 2483994))
	  ->  Bitmap Index Scan on k_3  (cost=0.00..5.48 rows=105 width=0)
	        Index Cond: ((k >= 2483894) AND (k <= 2483994))

table 4 : explain SELECT k, c FROM sbtest4 WHERE k BETWEEN 2483894 AND 2483994
	Bitmap Heap Scan on sbtest4  (cost=5.38..369.96 rows=92 width=125)
	  Recheck Cond: ((k >= 2483894) AND (k <= 2483994))
	  ->  Bitmap Index Scan on k_4  (cost=0.00..5.35 rows=92 width=0)
	        Index Cond: ((k >= 2483894) AND (k <= 2483994))

table 5 : explain SELECT k, c FROM sbtest5 WHERE k BETWEEN 2483894 AND 2483994
	Bitmap Heap Scan on sbtest5  (cost=5.51..421.24 rows=105 width=125)
	  Recheck Cond: ((k >= 2483894) AND (k <= 2483994))
	  ->  Bitmap Index Scan on k_5  (cost=0.00..5.48 rows=105 width=0)
	        Index Cond: ((k >= 2483894) AND (k <= 2483994))

table 6 : explain SELECT k, c FROM sbtest6 WHERE k BETWEEN 2483894 AND 2483994
	Bitmap Heap Scan on sbtest6  (cost=5.47..405.47 rows=101 width=125)
	  Recheck Cond: ((k >= 2483894) AND (k <= 2483994))
	  ->  Bitmap Index Scan on k_6  (cost=0.00..5.44 rows=101 width=0)
	        Index Cond: ((k >= 2483894) AND (k <= 2483994))

table 7 : explain SELECT k, c FROM sbtest7 WHERE k BETWEEN 2483894 AND 2483994
	Bitmap Heap Scan on sbtest7  (cost=5.37..366.04 rows=91 width=125)
	  Recheck Cond: ((k >= 2483894) AND (k <= 2483994))
	  ->  Bitmap Index Scan on k_7  (cost=0.00..5.34 rows=91 width=0)
	        Index Cond: ((k >= 2483894) AND (k <= 2483994))

table 8 : explain SELECT k, c FROM sbtest8 WHERE k BETWEEN 2483894 AND 2483994
	Bitmap Heap Scan on sbtest8  (cost=5.42..385.78 rows=96 width=125)
	  Recheck Cond: ((k >= 2483894) AND (k <= 2483994))
	  ->  Bitmap Index Scan on k_8  (cost=0.00..5.39 rows=96 width=0)
	        Index Cond: ((k >= 2483894) AND (k <= 2483994))

explain: for range-notcovered :: explain SELECT k, c FROM sbtest%d WHERE k BETWEEN 2483894 AND 2483994
for range-notcovered
table 1 : explain SELECT k, c FROM sbtest1 WHERE k BETWEEN 7251592 AND 7251692
	Bitmap Heap Scan on sbtest1  (cost=5.39..373.84 rows=93 width=125)
	  Recheck Cond: ((k >= 7251592) AND (k <= 7251692))
	  ->  Bitmap Index Scan on k_1  (cost=0.00..5.36 rows=93 width=0)
	        Index Cond: ((k >= 7251592) AND (k <= 7251692))

table 2 : explain SELECT k, c FROM sbtest2 WHERE k BETWEEN 7251592 AND 7251692
	Bitmap Heap Scan on sbtest2  (cost=5.70..492.07 rows=123 width=125)
	  Recheck Cond: ((k >= 7251592) AND (k <= 7251692))
	  ->  Bitmap Index Scan on k_2  (cost=0.00..5.67 rows=123 width=0)
	        Index Cond: ((k >= 7251592) AND (k <= 7251692))

table 3 : explain SELECT k, c FROM sbtest3 WHERE k BETWEEN 7251592 AND 7251692
	Bitmap Heap Scan on sbtest3  (cost=5.46..401.49 rows=100 width=125)
	  Recheck Cond: ((k >= 7251592) AND (k <= 7251692))
	  ->  Bitmap Index Scan on k_3  (cost=0.00..5.43 rows=100 width=0)
	        Index Cond: ((k >= 7251592) AND (k <= 7251692))

table 4 : explain SELECT k, c FROM sbtest4 WHERE k BETWEEN 7251592 AND 7251692
	Bitmap Heap Scan on sbtest4  (cost=5.43..389.69 rows=97 width=125)
	  Recheck Cond: ((k >= 7251592) AND (k <= 7251692))
	  ->  Bitmap Index Scan on k_4  (cost=0.00..5.40 rows=97 width=0)
	        Index Cond: ((k >= 7251592) AND (k <= 7251692))

table 5 : explain SELECT k, c FROM sbtest5 WHERE k BETWEEN 7251592 AND 7251692
	Bitmap Heap Scan on sbtest5  (cost=5.50..417.30 rows=104 width=125)
	  Recheck Cond: ((k >= 7251592) AND (k <= 7251692))
	  ->  Bitmap Index Scan on k_5  (cost=0.00..5.47 rows=104 width=0)
	        Index Cond: ((k >= 7251592) AND (k <= 7251692))

table 6 : explain SELECT k, c FROM sbtest6 WHERE k BETWEEN 7251592 AND 7251692
	Bitmap Heap Scan on sbtest6  (cost=5.46..401.53 rows=100 width=125)
	  Recheck Cond: ((k >= 7251592) AND (k <= 7251692))
	  ->  Bitmap Index Scan on k_6  (cost=0.00..5.43 rows=100 width=0)
	        Index Cond: ((k >= 7251592) AND (k <= 7251692))

table 7 : explain SELECT k, c FROM sbtest7 WHERE k BETWEEN 7251592 AND 7251692
	Bitmap Heap Scan on sbtest7  (cost=5.51..421.28 rows=105 width=125)
	  Recheck Cond: ((k >= 7251592) AND (k <= 7251692))
	  ->  Bitmap Index Scan on k_7  (cost=0.00..5.48 rows=105 width=0)
	        Index Cond: ((k >= 7251592) AND (k <= 7251692))

table 8 : explain SELECT k, c FROM sbtest8 WHERE k BETWEEN 7251592 AND 7251692
	Bitmap Heap Scan on sbtest8  (cost=5.53..429.16 rows=107 width=125)
	  Recheck Cond: ((k >= 7251592) AND (k <= 7251692))
	  ->  Bitmap Index Scan on k_8  (cost=0.00..5.50 rows=107 width=0)
	        Index Cond: ((k >= 7251592) AND (k <= 7251692))

for range-notcovered
table 1 : explain SELECT k, c FROM sbtest1 WHERE k BETWEEN 6081049 AND 6081149
	Bitmap Heap Scan on sbtest1  (cost=5.53..429.04 rows=107 width=125)
	  Recheck Cond: ((k >= 6081049) AND (k <= 6081149))
	  ->  Bitmap Index Scan on k_1  (cost=0.00..5.50 rows=107 width=0)
	        Index Cond: ((k >= 6081049) AND (k <= 6081149))

table 2 : explain SELECT k, c FROM sbtest2 WHERE k BETWEEN 6081049 AND 6081149
	Bitmap Heap Scan on sbtest2  (cost=5.49..413.31 rows=103 width=125)
	  Recheck Cond: ((k >= 6081049) AND (k <= 6081149))
	  ->  Bitmap Index Scan on k_2  (cost=0.00..5.46 rows=103 width=0)
	        Index Cond: ((k >= 6081049) AND (k <= 6081149))

table 3 : explain SELECT k, c FROM sbtest3 WHERE k BETWEEN 6081049 AND 6081149
	Bitmap Heap Scan on sbtest3  (cost=5.39..373.88 rows=93 width=125)
	  Recheck Cond: ((k >= 6081049) AND (k <= 6081149))
	  ->  Bitmap Index Scan on k_3  (cost=0.00..5.36 rows=93 width=0)
	        Index Cond: ((k >= 6081049) AND (k <= 6081149))

table 4 : explain SELECT k, c FROM sbtest4 WHERE k BETWEEN 6081049 AND 6081149
	Bitmap Heap Scan on sbtest4  (cost=5.55..437.00 rows=109 width=125)
	  Recheck Cond: ((k >= 6081049) AND (k <= 6081149))
	  ->  Bitmap Index Scan on k_4  (cost=0.00..5.52 rows=109 width=0)
	        Index Cond: ((k >= 6081049) AND (k <= 6081149))

table 5 : explain SELECT k, c FROM sbtest5 WHERE k BETWEEN 6081049 AND 6081149
	Bitmap Heap Scan on sbtest5  (cost=5.50..417.30 rows=104 width=125)
	  Recheck Cond: ((k >= 6081049) AND (k <= 6081149))
	  ->  Bitmap Index Scan on k_5  (cost=0.00..5.47 rows=104 width=0)
	        Index Cond: ((k >= 6081049) AND (k <= 6081149))

table 6 : explain SELECT k, c FROM sbtest6 WHERE k BETWEEN 6081049 AND 6081149
	Bitmap Heap Scan on sbtest6  (cost=5.49..413.36 rows=103 width=125)
	  Recheck Cond: ((k >= 6081049) AND (k <= 6081149))
	  ->  Bitmap Index Scan on k_6  (cost=0.00..5.46 rows=103 width=0)
	        Index Cond: ((k >= 6081049) AND (k <= 6081149))

table 7 : explain SELECT k, c FROM sbtest7 WHERE k BETWEEN 6081049 AND 6081149
	Bitmap Heap Scan on sbtest7  (cost=5.46..401.56 rows=100 width=125)
	  Recheck Cond: ((k >= 6081049) AND (k <= 6081149))
	  ->  Bitmap Index Scan on k_7  (cost=0.00..5.43 rows=100 width=0)
	        Index Cond: ((k >= 6081049) AND (k <= 6081149))

table 8 : explain SELECT k, c FROM sbtest8 WHERE k BETWEEN 6081049 AND 6081149
	Bitmap Heap Scan on sbtest8  (cost=5.51..421.27 rows=105 width=125)
	  Recheck Cond: ((k >= 6081049) AND (k <= 6081149))
	  ->  Bitmap Index Scan on k_8  (cost=0.00..5.48 rows=105 width=0)
	        Index Cond: ((k >= 6081049) AND (k <= 6081149))

for range-notcovered
table 1 : explain SELECT k, c FROM sbtest1 WHERE k BETWEEN 3500698 AND 3500798
	Bitmap Heap Scan on sbtest1  (cost=5.50..417.22 rows=104 width=125)
	  Recheck Cond: ((k >= 3500698) AND (k <= 3500798))
	  ->  Bitmap Index Scan on k_1  (cost=0.00..5.47 rows=104 width=0)
	        Index Cond: ((k >= 3500698) AND (k <= 3500798))

table 2 : explain SELECT k, c FROM sbtest2 WHERE k BETWEEN 3500698 AND 3500798
	Bitmap Heap Scan on sbtest2  (cost=5.57..444.84 rows=111 width=125)
	  Recheck Cond: ((k >= 3500698) AND (k <= 3500798))
	  ->  Bitmap Index Scan on k_2  (cost=0.00..5.54 rows=111 width=0)
	        Index Cond: ((k >= 3500698) AND (k <= 3500798))

table 3 : explain SELECT k, c FROM sbtest3 WHERE k BETWEEN 3500698 AND 3500798
	Bitmap Heap Scan on sbtest3  (cost=5.50..417.26 rows=104 width=125)
	  Recheck Cond: ((k >= 3500698) AND (k <= 3500798))
	  ->  Bitmap Index Scan on k_3  (cost=0.00..5.47 rows=104 width=0)
	        Index Cond: ((k >= 3500698) AND (k <= 3500798))

table 4 : explain SELECT k, c FROM sbtest4 WHERE k BETWEEN 3500698 AND 3500798
	Bitmap Heap Scan on sbtest4  (cost=5.48..409.41 rows=102 width=125)
	  Recheck Cond: ((k >= 3500698) AND (k <= 3500798))
	  ->  Bitmap Index Scan on k_4  (cost=0.00..5.45 rows=102 width=0)
	        Index Cond: ((k >= 3500698) AND (k <= 3500798))

table 5 : explain SELECT k, c FROM sbtest5 WHERE k BETWEEN 3500698 AND 3500798
	Bitmap Heap Scan on sbtest5  (cost=5.46..401.53 rows=100 width=125)
	  Recheck Cond: ((k >= 3500698) AND (k <= 3500798))
	  ->  Bitmap Index Scan on k_5  (cost=0.00..5.43 rows=100 width=0)
	        Index Cond: ((k >= 3500698) AND (k <= 3500798))

table 6 : explain SELECT k, c FROM sbtest6 WHERE k BETWEEN 3500698 AND 3500798
	Bitmap Heap Scan on sbtest6  (cost=5.50..417.30 rows=104 width=125)
	  Recheck Cond: ((k >= 3500698) AND (k <= 3500798))
	  ->  Bitmap Index Scan on k_6  (cost=0.00..5.47 rows=104 width=0)
	        Index Cond: ((k >= 3500698) AND (k <= 3500798))

table 7 : explain SELECT k, c FROM sbtest7 WHERE k BETWEEN 3500698 AND 3500798
	Bitmap Heap Scan on sbtest7  (cost=5.48..409.45 rows=102 width=125)
	  Recheck Cond: ((k >= 3500698) AND (k <= 3500798))
	  ->  Bitmap Index Scan on k_7  (cost=0.00..5.45 rows=102 width=0)
	        Index Cond: ((k >= 3500698) AND (k <= 3500798))

table 8 : explain SELECT k, c FROM sbtest8 WHERE k BETWEEN 3500698 AND 3500798
	Bitmap Heap Scan on sbtest8  (cost=5.54..433.10 rows=108 width=125)
	  Recheck Cond: ((k >= 3500698) AND (k <= 3500798))
	  ->  Bitmap Index Scan on k_8  (cost=0.00..5.51 rows=108 width=0)
	        Index Cond: ((k >= 3500698) AND (k <= 3500798))

explain: for range-notcovered :: explain SELECT k, c FROM sbtest%d WHERE k BETWEEN 6081049 AND 6081149
explain: for range-notcovered :: explain SELECT k, c FROM sbtest%d WHERE k BETWEEN 3500698 AND 3500798
for range-notcovered
table 1 : explain SELECT k, c FROM sbtest1 WHERE k BETWEEN 6396148 AND 6396248
	Bitmap Heap Scan on sbtest1  (cost=5.55..436.92 rows=109 width=125)
	  Recheck Cond: ((k >= 6396148) AND (k <= 6396248))
	  ->  Bitmap Index Scan on k_1  (cost=0.00..5.52 rows=109 width=0)
	        Index Cond: ((k >= 6396148) AND (k <= 6396248))

table 2 : explain SELECT k, c FROM sbtest2 WHERE k BETWEEN 6396148 AND 6396248
	Bitmap Heap Scan on sbtest2  (cost=5.43..389.66 rows=97 width=125)
	  Recheck Cond: ((k >= 6396148) AND (k <= 6396248))
	  ->  Bitmap Index Scan on k_2  (cost=0.00..5.40 rows=97 width=0)
	        Index Cond: ((k >= 6396148) AND (k <= 6396248))

table 3 : explain SELECT k, c FROM sbtest3 WHERE k BETWEEN 6396148 AND 6396248
	Bitmap Heap Scan on sbtest3  (cost=5.52..425.14 rows=106 width=125)
	  Recheck Cond: ((k >= 6396148) AND (k <= 6396248))
	  ->  Bitmap Index Scan on k_3  (cost=0.00..5.50 rows=106 width=0)
	        Index Cond: ((k >= 6396148) AND (k <= 6396248))

table 4 : explain SELECT k, c FROM sbtest4 WHERE k BETWEEN 6396148 AND 6396248
	Bitmap Heap Scan on sbtest4  (cost=5.53..429.12 rows=107 width=125)
	  Recheck Cond: ((k >= 6396148) AND (k <= 6396248))
	  ->  Bitmap Index Scan on k_4  (cost=0.00..5.50 rows=107 width=0)
	        Index Cond: ((k >= 6396148) AND (k <= 6396248))

table 5 : explain SELECT k, c FROM sbtest5 WHERE k BETWEEN 6396148 AND 6396248
	Bitmap Heap Scan on sbtest5  (cost=5.47..405.47 rows=101 width=125)
	  Recheck Cond: ((k >= 6396148) AND (k <= 6396248))
	  ->  Bitmap Index Scan on k_5  (cost=0.00..5.44 rows=101 width=0)
	        Index Cond: ((k >= 6396148) AND (k <= 6396248))

table 6 : explain SELECT k, c FROM sbtest6 WHERE k BETWEEN 6396148 AND 6396248
	Bitmap Heap Scan on sbtest6  (cost=5.50..417.30 rows=104 width=125)
	  Recheck Cond: ((k >= 6396148) AND (k <= 6396248))
	  ->  Bitmap Index Scan on k_6  (cost=0.00..5.47 rows=104 width=0)
	        Index Cond: ((k >= 6396148) AND (k <= 6396248))

table 7 : explain SELECT k, c FROM sbtest7 WHERE k BETWEEN 6396148 AND 6396248
	Bitmap Heap Scan on sbtest7  (cost=5.52..425.22 rows=106 width=125)
	  Recheck Cond: ((k >= 6396148) AND (k <= 6396248))
	  ->  Bitmap Index Scan on k_7  (cost=0.00..5.50 rows=106 width=0)
	        Index Cond: ((k >= 6396148) AND (k <= 6396248))

table 8 : explain SELECT k, c FROM sbtest8 WHERE k BETWEEN 6396148 AND 6396248
	Bitmap Heap Scan on sbtest8  (cost=5.44..393.67 rows=98 width=125)
	  Recheck Cond: ((k >= 6396148) AND (k <= 6396248))
	  ->  Bitmap Index Scan on k_8  (cost=0.00..5.42 rows=98 width=0)
	        Index Cond: ((k >= 6396148) AND (k <= 6396248))

for range-notcovered
table 1 : explain SELECT k, c FROM sbtest1 WHERE k BETWEEN 5390424 AND 5390524
	Bitmap Heap Scan on sbtest1  (cost=5.40..377.79 rows=94 width=125)
	  Recheck Cond: ((k >= 5390424) AND (k <= 5390524))
	  ->  Bitmap Index Scan on k_1  (cost=0.00..5.38 rows=94 width=0)
	        Index Cond: ((k >= 5390424) AND (k <= 5390524))

table 2 : explain SELECT k, c FROM sbtest2 WHERE k BETWEEN 5390424 AND 5390524
	Bitmap Heap Scan on sbtest2  (cost=5.54..433.02 rows=108 width=125)
	  Recheck Cond: ((k >= 5390424) AND (k <= 5390524))
	  ->  Bitmap Index Scan on k_2  (cost=0.00..5.51 rows=108 width=0)
	        Index Cond: ((k >= 5390424) AND (k <= 5390524))

table 3 : explain SELECT k, c FROM sbtest3 WHERE k BETWEEN 5390424 AND 5390524
	Bitmap Heap Scan on sbtest3  (cost=5.52..425.14 rows=106 width=125)
	  Recheck Cond: ((k >= 5390424) AND (k <= 5390524))
	  ->  Bitmap Index Scan on k_3  (cost=0.00..5.50 rows=106 width=0)
	        Index Cond: ((k >= 5390424) AND (k <= 5390524))

table 4 : explain SELECT k, c FROM sbtest4 WHERE k BETWEEN 5390424 AND 5390524
	Bitmap Heap Scan on sbtest4  (cost=5.54..433.06 rows=108 width=125)
	  Recheck Cond: ((k >= 5390424) AND (k <= 5390524))
	  ->  Bitmap Index Scan on k_4  (cost=0.00..5.51 rows=108 width=0)
	        Index Cond: ((k >= 5390424) AND (k <= 5390524))

table 5 : explain SELECT k, c FROM sbtest5 WHERE k BETWEEN 5390424 AND 5390524
	Bitmap Heap Scan on sbtest5  (cost=5.55..437.00 rows=109 width=125)
	  Recheck Cond: ((k >= 5390424) AND (k <= 5390524))
	  ->  Bitmap Index Scan on k_5  (cost=0.00..5.52 rows=109 width=0)
	        Index Cond: ((k >= 5390424) AND (k <= 5390524))

table 6 : explain SELECT k, c FROM sbtest6 WHERE k BETWEEN 5390424 AND 5390524
	Bitmap Heap Scan on sbtest6  (cost=5.56..440.95 rows=110 width=125)
	  Recheck Cond: ((k >= 5390424) AND (k <= 5390524))
	  ->  Bitmap Index Scan on k_6  (cost=0.00..5.53 rows=110 width=0)
	        Index Cond: ((k >= 5390424) AND (k <= 5390524))

table 7 : explain SELECT k, c FROM sbtest7 WHERE k BETWEEN 5390424 AND 5390524
	Bitmap Heap Scan on sbtest7  (cost=5.41..381.83 rows=95 width=125)
	  Recheck Cond: ((k >= 5390424) AND (k <= 5390524))
	  ->  Bitmap Index Scan on k_7  (cost=0.00..5.38 rows=95 width=0)
	        Index Cond: ((k >= 5390424) AND (k <= 5390524))

table 8 : explain SELECT k, c FROM sbtest8 WHERE k BETWEEN 5390424 AND 5390524
	Bitmap Heap Scan on sbtest8  (cost=5.64..472.49 rows=118 width=125)
	  Recheck Cond: ((k >= 5390424) AND (k <= 5390524))
	  ->  Bitmap Index Scan on k_8  (cost=0.00..5.61 rows=118 width=0)
	        Index Cond: ((k >= 5390424) AND (k <= 5390524))

for range-notcovered
table 1 : explain SELECT k, c FROM sbtest1 WHERE k BETWEEN 3772374 AND 3772474
	Bitmap Heap Scan on sbtest1  (cost=5.53..429.04 rows=107 width=125)
	  Recheck Cond: ((k >= 3772374) AND (k <= 3772474))
	  ->  Bitmap Index Scan on k_1  (cost=0.00..5.50 rows=107 width=0)
	        Index Cond: ((k >= 3772374) AND (k <= 3772474))

table 2 : explain SELECT k, c FROM sbtest2 WHERE k BETWEEN 3772374 AND 3772474
	Bitmap Heap Scan on sbtest2  (cost=5.48..409.37 rows=102 width=125)
	  Recheck Cond: ((k >= 3772374) AND (k <= 3772474))
	  ->  Bitmap Index Scan on k_2  (cost=0.00..5.45 rows=102 width=0)
	        Index Cond: ((k >= 3772374) AND (k <= 3772474))

table 3 : explain SELECT k, c FROM sbtest3 WHERE k BETWEEN 3772374 AND 3772474
	Bitmap Heap Scan on sbtest3  (cost=5.36..362.04 rows=90 width=125)
	  Recheck Cond: ((k >= 3772374) AND (k <= 3772474))
	  ->  Bitmap Index Scan on k_3  (cost=0.00..5.33 rows=90 width=0)
	        Index Cond: ((k >= 3772374) AND (k <= 3772474))

table 4 : explain SELECT k, c FROM sbtest4 WHERE k BETWEEN 3772374 AND 3772474
	Bitmap Heap Scan on sbtest4  (cost=5.55..437.00 rows=109 width=125)
	  Recheck Cond: ((k >= 3772374) AND (k <= 3772474))
	  ->  Bitmap Index Scan on k_4  (cost=0.00..5.52 rows=109 width=0)
	        Index Cond: ((k >= 3772374) AND (k <= 3772474))

table 5 : explain SELECT k, c FROM sbtest5 WHERE k BETWEEN 3772374 AND 3772474
	Bitmap Heap Scan on sbtest5  (cost=5.44..393.64 rows=98 width=125)
	  Recheck Cond: ((k >= 3772374) AND (k <= 3772474))
	  ->  Bitmap Index Scan on k_5  (cost=0.00..5.42 rows=98 width=0)
	        Index Cond: ((k >= 3772374) AND (k <= 3772474))

table 6 : explain SELECT k, c FROM sbtest6 WHERE k BETWEEN 3772374 AND 3772474
	Bitmap Heap Scan on sbtest6  (cost=5.52..425.18 rows=106 width=125)
	  Recheck Cond: ((k >= 3772374) AND (k <= 3772474))
	  ->  Bitmap Index Scan on k_6  (cost=0.00..5.50 rows=106 width=0)
	        Index Cond: ((k >= 3772374) AND (k <= 3772474))

table 7 : explain SELECT k, c FROM sbtest7 WHERE k BETWEEN 3772374 AND 3772474
	Bitmap Heap Scan on sbtest7  (cost=5.47..405.50 rows=101 width=125)
	  Recheck Cond: ((k >= 3772374) AND (k <= 3772474))
	  ->  Bitmap Index Scan on k_7  (cost=0.00..5.44 rows=101 width=0)
	        Index Cond: ((k >= 3772374) AND (k <= 3772474))

table 8 : explain SELECT k, c FROM sbtest8 WHERE k BETWEEN 3772374 AND 3772474
	Bitmap Heap Scan on sbtest8  (cost=5.52..425.22 rows=106 width=125)
	  Recheck Cond: ((k >= 3772374) AND (k <= 3772474))
	  ->  Bitmap Index Scan on k_8  (cost=0.00..5.50 rows=106 width=0)
	        Index Cond: ((k >= 3772374) AND (k <= 3772474))

for range-notcovered
table 1 : explain SELECT k, c FROM sbtest1 WHERE k BETWEEN 993433 AND 993533
	Bitmap Heap Scan on sbtest1  (cost=5.52..425.10 rows=106 width=125)
	  Recheck Cond: ((k >= 993433) AND (k <= 993533))
	  ->  Bitmap Index Scan on k_1  (cost=0.00..5.50 rows=106 width=0)
	        Index Cond: ((k >= 993433) AND (k <= 993533))

table 2 : explain SELECT k, c FROM sbtest2 WHERE k BETWEEN 993433 AND 993533
	Bitmap Heap Scan on sbtest2  (cost=5.42..385.71 rows=96 width=125)
	  Recheck Cond: ((k >= 993433) AND (k <= 993533))
	  ->  Bitmap Index Scan on k_2  (cost=0.00..5.39 rows=96 width=0)
	        Index Cond: ((k >= 993433) AND (k <= 993533))

table 3 : explain SELECT k, c FROM sbtest3 WHERE k BETWEEN 993433 AND 993533
	Bitmap Heap Scan on sbtest3  (cost=5.51..421.20 rows=105 width=125)
	  Recheck Cond: ((k >= 993433) AND (k <= 993533))
	  ->  Bitmap Index Scan on k_3  (cost=0.00..5.48 rows=105 width=0)
	        Index Cond: ((k >= 993433) AND (k <= 993533))

table 4 : explain SELECT k, c FROM sbtest4 WHERE k BETWEEN 993433 AND 993533
	Bitmap Heap Scan on sbtest4  (cost=5.43..389.69 rows=97 width=125)
	  Recheck Cond: ((k >= 993433) AND (k <= 993533))
	  ->  Bitmap Index Scan on k_4  (cost=0.00..5.40 rows=97 width=0)
	        Index Cond: ((k >= 993433) AND (k <= 993533))

table 5 : explain SELECT k, c FROM sbtest5 WHERE k BETWEEN 993433 AND 993533
	Bitmap Heap Scan on sbtest5  (cost=5.49..413.35 rows=103 width=125)
	  Recheck Cond: ((k >= 993433) AND (k <= 993533))
	  ->  Bitmap Index Scan on k_5  (cost=0.00..5.46 rows=103 width=0)
	        Index Cond: ((k >= 993433) AND (k <= 993533))

table 6 : explain SELECT k, c FROM sbtest6 WHERE k BETWEEN 993433 AND 993533
	Bitmap Heap Scan on sbtest6  (cost=5.39..373.91 rows=93 width=125)
	  Recheck Cond: ((k >= 993433) AND (k <= 993533))
	  ->  Bitmap Index Scan on k_6  (cost=0.00..5.36 rows=93 width=0)
	        Index Cond: ((k >= 993433) AND (k <= 993533))

table 7 : explain SELECT k, c FROM sbtest7 WHERE k BETWEEN 993433 AND 993533
	Bitmap Heap Scan on sbtest7  (cost=5.50..417.33 rows=104 width=125)
	  Recheck Cond: ((k >= 993433) AND (k <= 993533))
	  ->  Bitmap Index Scan on k_7  (cost=0.00..5.47 rows=104 width=0)
	        Index Cond: ((k >= 993433) AND (k <= 993533))

table 8 : explain SELECT k, c FROM sbtest8 WHERE k BETWEEN 993433 AND 993533
	Bitmap Heap Scan on sbtest8  (cost=5.46..401.56 rows=100 width=125)
	  Recheck Cond: ((k >= 993433) AND (k <= 993533))
	  ->  Bitmap Index Scan on k_8  (cost=0.00..5.43 rows=100 width=0)
	        Index Cond: ((k >= 993433) AND (k <= 993533))

explain: for range-notcovered :: explain SELECT k, c FROM sbtest%d WHERE k BETWEEN 6396148 AND 6396248
explain: for range-notcovered :: explain SELECT k, c FROM sbtest%d WHERE k BETWEEN 5390424 AND 5390524
explain: for range-notcovered :: explain SELECT k, c FROM sbtest%d WHERE k BETWEEN 3772374 AND 3772474
explain: for range-notcovered :: explain SELECT k, c FROM sbtest%d WHERE k BETWEEN 993433 AND 993533
for range-notcovered
table 1 : explain SELECT k, c FROM sbtest1 WHERE k BETWEEN 2483894 AND 2483994
	Bitmap Heap Scan on sbtest1  (cost=5.42..385.68 rows=96 width=125)
	  Recheck Cond: ((k >= 2483894) AND (k <= 2483994))
	  ->  Bitmap Index Scan on k_1  (cost=0.00..5.39 rows=96 width=0)
	        Index Cond: ((k >= 2483894) AND (k <= 2483994))

table 2 : explain SELECT k, c FROM sbtest2 WHERE k BETWEEN 2483894 AND 2483994
	Bitmap Heap Scan on sbtest2  (cost=5.51..421.20 rows=105 width=125)
	  Recheck Cond: ((k >= 2483894) AND (k <= 2483994))
	  ->  Bitmap Index Scan on k_2  (cost=0.00..5.48 rows=105 width=0)
	        Index Cond: ((k >= 2483894) AND (k <= 2483994))

table 3 : explain SELECT k, c FROM sbtest3 WHERE k BETWEEN 2483894 AND 2483994
	Bitmap Heap Scan on sbtest3  (cost=5.51..421.20 rows=105 width=125)
	  Recheck Cond: ((k >= 2483894) AND (k <= 2483994))
	  ->  Bitmap Index Scan on k_3  (cost=0.00..5.48 rows=105 width=0)
	        Index Cond: ((k >= 2483894) AND (k <= 2483994))

table 4 : explain SELECT k, c FROM sbtest4 WHERE k BETWEEN 2483894 AND 2483994
	Bitmap Heap Scan on sbtest4  (cost=5.38..369.96 rows=92 width=125)
	  Recheck Cond: ((k >= 2483894) AND (k <= 2483994))
	  ->  Bitmap Index Scan on k_4  (cost=0.00..5.35 rows=92 width=0)
	        Index Cond: ((k >= 2483894) AND (k <= 2483994))

table 5 : explain SELECT k, c FROM sbtest5 WHERE k BETWEEN 2483894 AND 2483994
	Bitmap Heap Scan on sbtest5  (cost=5.51..421.24 rows=105 width=125)
	  Recheck Cond: ((k >= 2483894) AND (k <= 2483994))
	  ->  Bitmap Index Scan on k_5  (cost=0.00..5.48 rows=105 width=0)
	        Index Cond: ((k >= 2483894) AND (k <= 2483994))

table 6 : explain SELECT k, c FROM sbtest6 WHERE k BETWEEN 2483894 AND 2483994
	Bitmap Heap Scan on sbtest6  (cost=5.47..405.47 rows=101 width=125)
	  Recheck Cond: ((k >= 2483894) AND (k <= 2483994))
	  ->  Bitmap Index Scan on k_6  (cost=0.00..5.44 rows=101 width=0)
	        Index Cond: ((k >= 2483894) AND (k <= 2483994))

table 7 : explain SELECT k, c FROM sbtest7 WHERE k BETWEEN 2483894 AND 2483994
	Bitmap Heap Scan on sbtest7  (cost=5.37..366.04 rows=91 width=125)
	  Recheck Cond: ((k >= 2483894) AND (k <= 2483994))
	  ->  Bitmap Index Scan on k_7  (cost=0.00..5.34 rows=91 width=0)
	        Index Cond: ((k >= 2483894) AND (k <= 2483994))

table 8 : explain SELECT k, c FROM sbtest8 WHERE k BETWEEN 2483894 AND 2483994
	Bitmap Heap Scan on sbtest8  (cost=5.42..385.78 rows=96 width=125)
	  Recheck Cond: ((k >= 2483894) AND (k <= 2483994))
	  ->  Bitmap Index Scan on k_8  (cost=0.00..5.39 rows=96 width=0)
	        Index Cond: ((k >= 2483894) AND (k <= 2483994))

for range-notcovered
table 1 : explain SELECT k, c FROM sbtest1 WHERE k BETWEEN 6081049 AND 6081149
	Bitmap Heap Scan on sbtest1  (cost=5.53..429.04 rows=107 width=125)
	  Recheck Cond: ((k >= 6081049) AND (k <= 6081149))
	  ->  Bitmap Index Scan on k_1  (cost=0.00..5.50 rows=107 width=0)
	        Index Cond: ((k >= 6081049) AND (k <= 6081149))

table 2 : explain SELECT k, c FROM sbtest2 WHERE k BETWEEN 6081049 AND 6081149
	Bitmap Heap Scan on sbtest2  (cost=5.49..413.31 rows=103 width=125)
	  Recheck Cond: ((k >= 6081049) AND (k <= 6081149))
	  ->  Bitmap Index Scan on k_2  (cost=0.00..5.46 rows=103 width=0)
	        Index Cond: ((k >= 6081049) AND (k <= 6081149))

table 3 : explain SELECT k, c FROM sbtest3 WHERE k BETWEEN 6081049 AND 6081149
	Bitmap Heap Scan on sbtest3  (cost=5.39..373.88 rows=93 width=125)
	  Recheck Cond: ((k >= 6081049) AND (k <= 6081149))
	  ->  Bitmap Index Scan on k_3  (cost=0.00..5.36 rows=93 width=0)
	        Index Cond: ((k >= 6081049) AND (k <= 6081149))

table 4 : explain SELECT k, c FROM sbtest4 WHERE k BETWEEN 6081049 AND 6081149
	Bitmap Heap Scan on sbtest4  (cost=5.55..437.00 rows=109 width=125)
	  Recheck Cond: ((k >= 6081049) AND (k <= 6081149))
	  ->  Bitmap Index Scan on k_4  (cost=0.00..5.52 rows=109 width=0)
	        Index Cond: ((k >= 6081049) AND (k <= 6081149))

table 5 : explain SELECT k, c FROM sbtest5 WHERE k BETWEEN 6081049 AND 6081149
	Bitmap Heap Scan on sbtest5  (cost=5.50..417.30 rows=104 width=125)
	  Recheck Cond: ((k >= 6081049) AND (k <= 6081149))
	  ->  Bitmap Index Scan on k_5  (cost=0.00..5.47 rows=104 width=0)
	        Index Cond: ((k >= 6081049) AND (k <= 6081149))

table 6 : explain SELECT k, c FROM sbtest6 WHERE k BETWEEN 6081049 AND 6081149
	Bitmap Heap Scan on sbtest6  (cost=5.49..413.36 rows=103 width=125)
	  Recheck Cond: ((k >= 6081049) AND (k <= 6081149))
	  ->  Bitmap Index Scan on k_6  (cost=0.00..5.46 rows=103 width=0)
	        Index Cond: ((k >= 6081049) AND (k <= 6081149))

table 7 : explain SELECT k, c FROM sbtest7 WHERE k BETWEEN 6081049 AND 6081149
	Bitmap Heap Scan on sbtest7  (cost=5.46..401.56 rows=100 width=125)
	  Recheck Cond: ((k >= 6081049) AND (k <= 6081149))
	  ->  Bitmap Index Scan on k_7  (cost=0.00..5.43 rows=100 width=0)
	        Index Cond: ((k >= 6081049) AND (k <= 6081149))

table 8 : explain SELECT k, c FROM sbtest8 WHERE k BETWEEN 6081049 AND 6081149
	Bitmap Heap Scan on sbtest8  (cost=5.51..421.27 rows=105 width=125)
	  Recheck Cond: ((k >= 6081049) AND (k <= 6081149))
	  ->  Bitmap Index Scan on k_8  (cost=0.00..5.48 rows=105 width=0)
	        Index Cond: ((k >= 6081049) AND (k <= 6081149))

for range-notcovered
table 1 : explain SELECT k, c FROM sbtest1 WHERE k BETWEEN 3500698 AND 3500798
	Bitmap Heap Scan on sbtest1  (cost=5.50..417.22 rows=104 width=125)
	  Recheck Cond: ((k >= 3500698) AND (k <= 3500798))
	  ->  Bitmap Index Scan on k_1  (cost=0.00..5.47 rows=104 width=0)
	        Index Cond: ((k >= 3500698) AND (k <= 3500798))

table 2 : explain SELECT k, c FROM sbtest2 WHERE k BETWEEN 3500698 AND 3500798
	Bitmap Heap Scan on sbtest2  (cost=5.57..444.84 rows=111 width=125)
	  Recheck Cond: ((k >= 3500698) AND (k <= 3500798))
	  ->  Bitmap Index Scan on k_2  (cost=0.00..5.54 rows=111 width=0)
	        Index Cond: ((k >= 3500698) AND (k <= 3500798))

table 3 : explain SELECT k, c FROM sbtest3 WHERE k BETWEEN 3500698 AND 3500798
	Bitmap Heap Scan on sbtest3  (cost=5.50..417.26 rows=104 width=125)
	  Recheck Cond: ((k >= 3500698) AND (k <= 3500798))
	  ->  Bitmap Index Scan on k_3  (cost=0.00..5.47 rows=104 width=0)
	        Index Cond: ((k >= 3500698) AND (k <= 3500798))

table 4 : explain SELECT k, c FROM sbtest4 WHERE k BETWEEN 3500698 AND 3500798
	Bitmap Heap Scan on sbtest4  (cost=5.48..409.41 rows=102 width=125)
	  Recheck Cond: ((k >= 3500698) AND (k <= 3500798))
	  ->  Bitmap Index Scan on k_4  (cost=0.00..5.45 rows=102 width=0)
	        Index Cond: ((k >= 3500698) AND (k <= 3500798))

table 5 : explain SELECT k, c FROM sbtest5 WHERE k BETWEEN 3500698 AND 3500798
	Bitmap Heap Scan on sbtest5  (cost=5.46..401.53 rows=100 width=125)
	  Recheck Cond: ((k >= 3500698) AND (k <= 3500798))
	  ->  Bitmap Index Scan on k_5  (cost=0.00..5.43 rows=100 width=0)
	        Index Cond: ((k >= 3500698) AND (k <= 3500798))

table 6 : explain SELECT k, c FROM sbtest6 WHERE k BETWEEN 3500698 AND 3500798
	Bitmap Heap Scan on sbtest6  (cost=5.50..417.30 rows=104 width=125)
	  Recheck Cond: ((k >= 3500698) AND (k <= 3500798))
	  ->  Bitmap Index Scan on k_6  (cost=0.00..5.47 rows=104 width=0)
	        Index Cond: ((k >= 3500698) AND (k <= 3500798))

table 7 : explain SELECT k, c FROM sbtest7 WHERE k BETWEEN 3500698 AND 3500798
	Bitmap Heap Scan on sbtest7  (cost=5.48..409.45 rows=102 width=125)
	  Recheck Cond: ((k >= 3500698) AND (k <= 3500798))
	  ->  Bitmap Index Scan on k_7  (cost=0.00..5.45 rows=102 width=0)
	        Index Cond: ((k >= 3500698) AND (k <= 3500798))

table 8 : explain SELECT k, c FROM sbtest8 WHERE k BETWEEN 3500698 AND 3500798
	Bitmap Heap Scan on sbtest8  (cost=5.54..433.10 rows=108 width=125)
	  Recheck Cond: ((k >= 3500698) AND (k <= 3500798))
	  ->  Bitmap Index Scan on k_8  (cost=0.00..5.51 rows=108 width=0)
	        Index Cond: ((k >= 3500698) AND (k <= 3500798))

explain: for range-notcovered :: explain SELECT k, c FROM sbtest%d WHERE k BETWEEN 6081049 AND 6081149
explain: for range-notcovered :: explain SELECT k, c FROM sbtest%d WHERE k BETWEEN 3500698 AND 3500798
for range-notcovered
table 1 : explain SELECT k, c FROM sbtest1 WHERE k BETWEEN 5390424 AND 5390524
	Bitmap Heap Scan on sbtest1  (cost=5.40..377.79 rows=94 width=125)
	  Recheck Cond: ((k >= 5390424) AND (k <= 5390524))
	  ->  Bitmap Index Scan on k_1  (cost=0.00..5.38 rows=94 width=0)
	        Index Cond: ((k >= 5390424) AND (k <= 5390524))

table 2 : explain SELECT k, c FROM sbtest2 WHERE k BETWEEN 5390424 AND 5390524
	Bitmap Heap Scan on sbtest2  (cost=5.54..433.02 rows=108 width=125)
	  Recheck Cond: ((k >= 5390424) AND (k <= 5390524))
	  ->  Bitmap Index Scan on k_2  (cost=0.00..5.51 rows=108 width=0)
	        Index Cond: ((k >= 5390424) AND (k <= 5390524))

table 3 : explain SELECT k, c FROM sbtest3 WHERE k BETWEEN 5390424 AND 5390524
	Bitmap Heap Scan on sbtest3  (cost=5.52..425.14 rows=106 width=125)
	  Recheck Cond: ((k >= 5390424) AND (k <= 5390524))
	  ->  Bitmap Index Scan on k_3  (cost=0.00..5.50 rows=106 width=0)
	        Index Cond: ((k >= 5390424) AND (k <= 5390524))

table 4 : explain SELECT k, c FROM sbtest4 WHERE k BETWEEN 5390424 AND 5390524
	Bitmap Heap Scan on sbtest4  (cost=5.54..433.06 rows=108 width=125)
	  Recheck Cond: ((k >= 5390424) AND (k <= 5390524))
	  ->  Bitmap Index Scan on k_4  (cost=0.00..5.51 rows=108 width=0)
	        Index Cond: ((k >= 5390424) AND (k <= 5390524))

table 5 : explain SELECT k, c FROM sbtest5 WHERE k BETWEEN 5390424 AND 5390524
	Bitmap Heap Scan on sbtest5  (cost=5.55..437.00 rows=109 width=125)
	  Recheck Cond: ((k >= 5390424) AND (k <= 5390524))
	  ->  Bitmap Index Scan on k_5  (cost=0.00..5.52 rows=109 width=0)
	        Index Cond: ((k >= 5390424) AND (k <= 5390524))

table 6 : explain SELECT k, c FROM sbtest6 WHERE k BETWEEN 5390424 AND 5390524
	Bitmap Heap Scan on sbtest6  (cost=5.56..440.95 rows=110 width=125)
	  Recheck Cond: ((k >= 5390424) AND (k <= 5390524))
	  ->  Bitmap Index Scan on k_6  (cost=0.00..5.53 rows=110 width=0)
	        Index Cond: ((k >= 5390424) AND (k <= 5390524))

table 7 : explain SELECT k, c FROM sbtest7 WHERE k BETWEEN 5390424 AND 5390524
	Bitmap Heap Scan on sbtest7  (cost=5.41..381.83 rows=95 width=125)
	  Recheck Cond: ((k >= 5390424) AND (k <= 5390524))
	  ->  Bitmap Index Scan on k_7  (cost=0.00..5.38 rows=95 width=0)
	        Index Cond: ((k >= 5390424) AND (k <= 5390524))

table 8 : explain SELECT k, c FROM sbtest8 WHERE k BETWEEN 5390424 AND 5390524
	Bitmap Heap Scan on sbtest8  (cost=5.64..472.49 rows=118 width=125)
	  Recheck Cond: ((k >= 5390424) AND (k <= 5390524))
	  ->  Bitmap Index Scan on k_8  (cost=0.00..5.61 rows=118 width=0)
	        Index Cond: ((k >= 5390424) AND (k <= 5390524))

for range-notcovered
table 1 : explain SELECT k, c FROM sbtest1 WHERE k BETWEEN 6396148 AND 6396248
	Bitmap Heap Scan on sbtest1  (cost=5.55..436.92 rows=109 width=125)
	  Recheck Cond: ((k >= 6396148) AND (k <= 6396248))
	  ->  Bitmap Index Scan on k_1  (cost=0.00..5.52 rows=109 width=0)
	        Index Cond: ((k >= 6396148) AND (k <= 6396248))

table 2 : explain SELECT k, c FROM sbtest2 WHERE k BETWEEN 6396148 AND 6396248
	Bitmap Heap Scan on sbtest2  (cost=5.43..389.66 rows=97 width=125)
	  Recheck Cond: ((k >= 6396148) AND (k <= 6396248))
	  ->  Bitmap Index Scan on k_2  (cost=0.00..5.40 rows=97 width=0)
	        Index Cond: ((k >= 6396148) AND (k <= 6396248))

table 3 : explain SELECT k, c FROM sbtest3 WHERE k BETWEEN 6396148 AND 6396248
	Bitmap Heap Scan on sbtest3  (cost=5.52..425.14 rows=106 width=125)
	  Recheck Cond: ((k >= 6396148) AND (k <= 6396248))
	  ->  Bitmap Index Scan on k_3  (cost=0.00..5.50 rows=106 width=0)
	        Index Cond: ((k >= 6396148) AND (k <= 6396248))

table 4 : explain SELECT k, c FROM sbtest4 WHERE k BETWEEN 6396148 AND 6396248
	Bitmap Heap Scan on sbtest4  (cost=5.53..429.12 rows=107 width=125)
	  Recheck Cond: ((k >= 6396148) AND (k <= 6396248))
	  ->  Bitmap Index Scan on k_4  (cost=0.00..5.50 rows=107 width=0)
	        Index Cond: ((k >= 6396148) AND (k <= 6396248))

table 5 : explain SELECT k, c FROM sbtest5 WHERE k BETWEEN 6396148 AND 6396248
	Bitmap Heap Scan on sbtest5  (cost=5.47..405.47 rows=101 width=125)
	  Recheck Cond: ((k >= 6396148) AND (k <= 6396248))
	  ->  Bitmap Index Scan on k_5  (cost=0.00..5.44 rows=101 width=0)
	        Index Cond: ((k >= 6396148) AND (k <= 6396248))

table 6 : explain SELECT k, c FROM sbtest6 WHERE k BETWEEN 6396148 AND 6396248
	Bitmap Heap Scan on sbtest6  (cost=5.50..417.30 rows=104 width=125)
	  Recheck Cond: ((k >= 6396148) AND (k <= 6396248))
	  ->  Bitmap Index Scan on k_6  (cost=0.00..5.47 rows=104 width=0)
	        Index Cond: ((k >= 6396148) AND (k <= 6396248))

table 7 : explain SELECT k, c FROM sbtest7 WHERE k BETWEEN 6396148 AND 6396248
	Bitmap Heap Scan on sbtest7  (cost=5.52..425.22 rows=106 width=125)
	  Recheck Cond: ((k >= 6396148) AND (k <= 6396248))
	  ->  Bitmap Index Scan on k_7  (cost=0.00..5.50 rows=106 width=0)
	        Index Cond: ((k >= 6396148) AND (k <= 6396248))

table 8 : explain SELECT k, c FROM sbtest8 WHERE k BETWEEN 6396148 AND 6396248
	Bitmap Heap Scan on sbtest8  (cost=5.44..393.67 rows=98 width=125)
	  Recheck Cond: ((k >= 6396148) AND (k <= 6396248))
	  ->  Bitmap Index Scan on k_8  (cost=0.00..5.42 rows=98 width=0)
	        Index Cond: ((k >= 6396148) AND (k <= 6396248))

for range-notcovered
table 1 : explain SELECT k, c FROM sbtest1 WHERE k BETWEEN 3772374 AND 3772474
	Bitmap Heap Scan on sbtest1  (cost=5.53..429.04 rows=107 width=125)
	  Recheck Cond: ((k >= 3772374) AND (k <= 3772474))
	  ->  Bitmap Index Scan on k_1  (cost=0.00..5.50 rows=107 width=0)
	        Index Cond: ((k >= 3772374) AND (k <= 3772474))

table 2 : explain SELECT k, c FROM sbtest2 WHERE k BETWEEN 3772374 AND 3772474
	Bitmap Heap Scan on sbtest2  (cost=5.48..409.37 rows=102 width=125)
	  Recheck Cond: ((k >= 3772374) AND (k <= 3772474))
	  ->  Bitmap Index Scan on k_2  (cost=0.00..5.45 rows=102 width=0)
	        Index Cond: ((k >= 3772374) AND (k <= 3772474))

table 3 : explain SELECT k, c FROM sbtest3 WHERE k BETWEEN 3772374 AND 3772474
	Bitmap Heap Scan on sbtest3  (cost=5.36..362.04 rows=90 width=125)
	  Recheck Cond: ((k >= 3772374) AND (k <= 3772474))
	  ->  Bitmap Index Scan on k_3  (cost=0.00..5.33 rows=90 width=0)
	        Index Cond: ((k >= 3772374) AND (k <= 3772474))

table 4 : explain SELECT k, c FROM sbtest4 WHERE k BETWEEN 3772374 AND 3772474
	Bitmap Heap Scan on sbtest4  (cost=5.55..437.00 rows=109 width=125)
	  Recheck Cond: ((k >= 3772374) AND (k <= 3772474))
	  ->  Bitmap Index Scan on k_4  (cost=0.00..5.52 rows=109 width=0)
	        Index Cond: ((k >= 3772374) AND (k <= 3772474))

table 5 : explain SELECT k, c FROM sbtest5 WHERE k BETWEEN 3772374 AND 3772474
	Bitmap Heap Scan on sbtest5  (cost=5.44..393.64 rows=98 width=125)
	  Recheck Cond: ((k >= 3772374) AND (k <= 3772474))
	  ->  Bitmap Index Scan on k_5  (cost=0.00..5.42 rows=98 width=0)
	        Index Cond: ((k >= 3772374) AND (k <= 3772474))

table 6 : explain SELECT k, c FROM sbtest6 WHERE k BETWEEN 3772374 AND 3772474
	Bitmap Heap Scan on sbtest6  (cost=5.52..425.18 rows=106 width=125)
	  Recheck Cond: ((k >= 3772374) AND (k <= 3772474))
	  ->  Bitmap Index Scan on k_6  (cost=0.00..5.50 rows=106 width=0)
	        Index Cond: ((k >= 3772374) AND (k <= 3772474))

table 7 : explain SELECT k, c FROM sbtest7 WHERE k BETWEEN 3772374 AND 3772474
	Bitmap Heap Scan on sbtest7  (cost=5.47..405.50 rows=101 width=125)
	  Recheck Cond: ((k >= 3772374) AND (k <= 3772474))
	  ->  Bitmap Index Scan on k_7  (cost=0.00..5.44 rows=101 width=0)
	        Index Cond: ((k >= 3772374) AND (k <= 3772474))

table 8 : explain SELECT k, c FROM sbtest8 WHERE k BETWEEN 3772374 AND 3772474
	Bitmap Heap Scan on sbtest8  (cost=5.52..425.22 rows=106 width=125)
	  Recheck Cond: ((k >= 3772374) AND (k <= 3772474))
	  ->  Bitmap Index Scan on k_8  (cost=0.00..5.50 rows=106 width=0)
	        Index Cond: ((k >= 3772374) AND (k <= 3772474))

explain: for range-notcovered :: explain SELECT k, c FROM sbtest%d WHERE k BETWEEN 5390424 AND 5390524
for range-notcovered
table 1 : explain SELECT k, c FROM sbtest1 WHERE k BETWEEN 997380 AND 997480
	Bitmap Heap Scan on sbtest1  (cost=5.52..425.10 rows=106 width=125)
	  Recheck Cond: ((k >= 997380) AND (k <= 997480))
	  ->  Bitmap Index Scan on k_1  (cost=0.00..5.50 rows=106 width=0)
	        Index Cond: ((k >= 997380) AND (k <= 997480))

table 2 : explain SELECT k, c FROM sbtest2 WHERE k BETWEEN 997380 AND 997480
	Bitmap Heap Scan on sbtest2  (cost=5.42..385.71 rows=96 width=125)
	  Recheck Cond: ((k >= 997380) AND (k <= 997480))
	  ->  Bitmap Index Scan on k_2  (cost=0.00..5.39 rows=96 width=0)
	        Index Cond: ((k >= 997380) AND (k <= 997480))

table 3 : explain SELECT k, c FROM sbtest3 WHERE k BETWEEN 997380 AND 997480
	Bitmap Heap Scan on sbtest3  (cost=5.51..421.20 rows=105 width=125)
	  Recheck Cond: ((k >= 997380) AND (k <= 997480))
	  ->  Bitmap Index Scan on k_3  (cost=0.00..5.48 rows=105 width=0)
	        Index Cond: ((k >= 997380) AND (k <= 997480))

table 4 : explain SELECT k, c FROM sbtest4 WHERE k BETWEEN 997380 AND 997480
	Bitmap Heap Scan on sbtest4  (cost=5.43..389.69 rows=97 width=125)
	  Recheck Cond: ((k >= 997380) AND (k <= 997480))
	  ->  Bitmap Index Scan on k_4  (cost=0.00..5.40 rows=97 width=0)
	        Index Cond: ((k >= 997380) AND (k <= 997480))

table 5 : explain SELECT k, c FROM sbtest5 WHERE k BETWEEN 997380 AND 997480
	Bitmap Heap Scan on sbtest5  (cost=5.49..413.35 rows=103 width=125)
	  Recheck Cond: ((k >= 997380) AND (k <= 997480))
	  ->  Bitmap Index Scan on k_5  (cost=0.00..5.46 rows=103 width=0)
	        Index Cond: ((k >= 997380) AND (k <= 997480))

table 6 : explain SELECT k, c FROM sbtest6 WHERE k BETWEEN 997380 AND 997480
	Bitmap Heap Scan on sbtest6  (cost=5.39..373.91 rows=93 width=125)
	  Recheck Cond: ((k >= 997380) AND (k <= 997480))
	  ->  Bitmap Index Scan on k_6  (cost=0.00..5.36 rows=93 width=0)
	        Index Cond: ((k >= 997380) AND (k <= 997480))

table 7 : explain SELECT k, c FROM sbtest7 WHERE k BETWEEN 997380 AND 997480
	Bitmap Heap Scan on sbtest7  (cost=5.50..417.33 rows=104 width=125)
	  Recheck Cond: ((k >= 997380) AND (k <= 997480))
	  ->  Bitmap Index Scan on k_7  (cost=0.00..5.47 rows=104 width=0)
	        Index Cond: ((k >= 997380) AND (k <= 997480))

table 8 : explain SELECT k, c FROM sbtest8 WHERE k BETWEEN 997380 AND 997480
	Bitmap Heap Scan on sbtest8  (cost=5.46..401.56 rows=100 width=125)
	  Recheck Cond: ((k >= 997380) AND (k <= 997480))
	  ->  Bitmap Index Scan on k_8  (cost=0.00..5.43 rows=100 width=0)
	        Index Cond: ((k >= 997380) AND (k <= 997480))

explain: for range-notcovered :: explain SELECT k, c FROM sbtest%d WHERE k BETWEEN 6396148 AND 6396248
for range-notcovered
table 1 : explain SELECT k, c FROM sbtest1 WHERE k BETWEEN 993433 AND 993533
	Bitmap Heap Scan on sbtest1  (cost=5.52..425.10 rows=106 width=125)
	  Recheck Cond: ((k >= 993433) AND (k <= 993533))
	  ->  Bitmap Index Scan on k_1  (cost=0.00..5.50 rows=106 width=0)
	        Index Cond: ((k >= 993433) AND (k <= 993533))

table 2 : explain SELECT k, c FROM sbtest2 WHERE k BETWEEN 993433 AND 993533
	Bitmap Heap Scan on sbtest2  (cost=5.42..385.71 rows=96 width=125)
	  Recheck Cond: ((k >= 993433) AND (k <= 993533))
	  ->  Bitmap Index Scan on k_2  (cost=0.00..5.39 rows=96 width=0)
	        Index Cond: ((k >= 993433) AND (k <= 993533))

table 3 : explain SELECT k, c FROM sbtest3 WHERE k BETWEEN 993433 AND 993533
	Bitmap Heap Scan on sbtest3  (cost=5.51..421.20 rows=105 width=125)
	  Recheck Cond: ((k >= 993433) AND (k <= 993533))
	  ->  Bitmap Index Scan on k_3  (cost=0.00..5.48 rows=105 width=0)
	        Index Cond: ((k >= 993433) AND (k <= 993533))

table 4 : explain SELECT k, c FROM sbtest4 WHERE k BETWEEN 993433 AND 993533
	Bitmap Heap Scan on sbtest4  (cost=5.43..389.69 rows=97 width=125)
	  Recheck Cond: ((k >= 993433) AND (k <= 993533))
	  ->  Bitmap Index Scan on k_4  (cost=0.00..5.40 rows=97 width=0)
	        Index Cond: ((k >= 993433) AND (k <= 993533))

table 5 : explain SELECT k, c FROM sbtest5 WHERE k BETWEEN 993433 AND 993533
	Bitmap Heap Scan on sbtest5  (cost=5.49..413.35 rows=103 width=125)
	  Recheck Cond: ((k >= 993433) AND (k <= 993533))
	  ->  Bitmap Index Scan on k_5  (cost=0.00..5.46 rows=103 width=0)
	        Index Cond: ((k >= 993433) AND (k <= 993533))

table 6 : explain SELECT k, c FROM sbtest6 WHERE k BETWEEN 993433 AND 993533
	Bitmap Heap Scan on sbtest6  (cost=5.39..373.91 rows=93 width=125)
	  Recheck Cond: ((k >= 993433) AND (k <= 993533))
	  ->  Bitmap Index Scan on k_6  (cost=0.00..5.36 rows=93 width=0)
	        Index Cond: ((k >= 993433) AND (k <= 993533))

table 7 : explain SELECT k, c FROM sbtest7 WHERE k BETWEEN 993433 AND 993533
	Bitmap Heap Scan on sbtest7  (cost=5.50..417.33 rows=104 width=125)
	  Recheck Cond: ((k >= 993433) AND (k <= 993533))
	  ->  Bitmap Index Scan on k_7  (cost=0.00..5.47 rows=104 width=0)
	        Index Cond: ((k >= 993433) AND (k <= 993533))

table 8 : explain SELECT k, c FROM sbtest8 WHERE k BETWEEN 993433 AND 993533
	Bitmap Heap Scan on sbtest8  (cost=5.46..401.56 rows=100 width=125)
	  Recheck Cond: ((k >= 993433) AND (k <= 993533))
	  ->  Bitmap Index Scan on k_8  (cost=0.00..5.43 rows=100 width=0)
	        Index Cond: ((k >= 993433) AND (k <= 993533))

explain: for range-notcovered :: explain SELECT k, c FROM sbtest%d WHERE k BETWEEN 3772374 AND 3772474
explain: for range-notcovered :: explain SELECT k, c FROM sbtest%d WHERE k BETWEEN 997380 AND 997480
explain: for range-notcovered :: explain SELECT k, c FROM sbtest%d WHERE k BETWEEN 993433 AND 993533
for range-notcovered
table 1 : explain SELECT k, c FROM sbtest1 WHERE k BETWEEN 6081049 AND 6081149
	Bitmap Heap Scan on sbtest1  (cost=5.53..429.04 rows=107 width=125)
	  Recheck Cond: ((k >= 6081049) AND (k <= 6081149))
	  ->  Bitmap Index Scan on k_1  (cost=0.00..5.50 rows=107 width=0)
	        Index Cond: ((k >= 6081049) AND (k <= 6081149))

table 2 : explain SELECT k, c FROM sbtest2 WHERE k BETWEEN 6081049 AND 6081149
	Bitmap Heap Scan on sbtest2  (cost=5.49..413.31 rows=103 width=125)
	  Recheck Cond: ((k >= 6081049) AND (k <= 6081149))
	  ->  Bitmap Index Scan on k_2  (cost=0.00..5.46 rows=103 width=0)
	        Index Cond: ((k >= 6081049) AND (k <= 6081149))

table 3 : explain SELECT k, c FROM sbtest3 WHERE k BETWEEN 6081049 AND 6081149
	Bitmap Heap Scan on sbtest3  (cost=5.39..373.88 rows=93 width=125)
	  Recheck Cond: ((k >= 6081049) AND (k <= 6081149))
	  ->  Bitmap Index Scan on k_3  (cost=0.00..5.36 rows=93 width=0)
	        Index Cond: ((k >= 6081049) AND (k <= 6081149))

table 4 : explain SELECT k, c FROM sbtest4 WHERE k BETWEEN 6081049 AND 6081149
	Bitmap Heap Scan on sbtest4  (cost=5.55..437.00 rows=109 width=125)
	  Recheck Cond: ((k >= 6081049) AND (k <= 6081149))
	  ->  Bitmap Index Scan on k_4  (cost=0.00..5.52 rows=109 width=0)
	        Index Cond: ((k >= 6081049) AND (k <= 6081149))

table 5 : explain SELECT k, c FROM sbtest5 WHERE k BETWEEN 6081049 AND 6081149
	Bitmap Heap Scan on sbtest5  (cost=5.50..417.30 rows=104 width=125)
	  Recheck Cond: ((k >= 6081049) AND (k <= 6081149))
	  ->  Bitmap Index Scan on k_5  (cost=0.00..5.47 rows=104 width=0)
	        Index Cond: ((k >= 6081049) AND (k <= 6081149))

table 6 : explain SELECT k, c FROM sbtest6 WHERE k BETWEEN 6081049 AND 6081149
	Bitmap Heap Scan on sbtest6  (cost=5.49..413.36 rows=103 width=125)
	  Recheck Cond: ((k >= 6081049) AND (k <= 6081149))
	  ->  Bitmap Index Scan on k_6  (cost=0.00..5.46 rows=103 width=0)
	        Index Cond: ((k >= 6081049) AND (k <= 6081149))

table 7 : explain SELECT k, c FROM sbtest7 WHERE k BETWEEN 6081049 AND 6081149
	Bitmap Heap Scan on sbtest7  (cost=5.46..401.56 rows=100 width=125)
	  Recheck Cond: ((k >= 6081049) AND (k <= 6081149))
	  ->  Bitmap Index Scan on k_7  (cost=0.00..5.43 rows=100 width=0)
	        Index Cond: ((k >= 6081049) AND (k <= 6081149))

table 8 : explain SELECT k, c FROM sbtest8 WHERE k BETWEEN 6081049 AND 6081149
	Bitmap Heap Scan on sbtest8  (cost=5.51..421.27 rows=105 width=125)
	  Recheck Cond: ((k >= 6081049) AND (k <= 6081149))
	  ->  Bitmap Index Scan on k_8  (cost=0.00..5.48 rows=105 width=0)
	        Index Cond: ((k >= 6081049) AND (k <= 6081149))

for range-notcovered
table 1 : explain SELECT k, c FROM sbtest1 WHERE k BETWEEN 3500698 AND 3500798
	Bitmap Heap Scan on sbtest1  (cost=5.50..417.22 rows=104 width=125)
	  Recheck Cond: ((k >= 3500698) AND (k <= 3500798))
	  ->  Bitmap Index Scan on k_1  (cost=0.00..5.47 rows=104 width=0)
	        Index Cond: ((k >= 3500698) AND (k <= 3500798))

table 2 : explain SELECT k, c FROM sbtest2 WHERE k BETWEEN 3500698 AND 3500798
	Bitmap Heap Scan on sbtest2  (cost=5.57..444.84 rows=111 width=125)
	  Recheck Cond: ((k >= 3500698) AND (k <= 3500798))
	  ->  Bitmap Index Scan on k_2  (cost=0.00..5.54 rows=111 width=0)
	        Index Cond: ((k >= 3500698) AND (k <= 3500798))

table 3 : explain SELECT k, c FROM sbtest3 WHERE k BETWEEN 3500698 AND 3500798
	Bitmap Heap Scan on sbtest3  (cost=5.50..417.26 rows=104 width=125)
	  Recheck Cond: ((k >= 3500698) AND (k <= 3500798))
	  ->  Bitmap Index Scan on k_3  (cost=0.00..5.47 rows=104 width=0)
	        Index Cond: ((k >= 3500698) AND (k <= 3500798))

table 4 : explain SELECT k, c FROM sbtest4 WHERE k BETWEEN 3500698 AND 3500798
	Bitmap Heap Scan on sbtest4  (cost=5.48..409.41 rows=102 width=125)
	  Recheck Cond: ((k >= 3500698) AND (k <= 3500798))
	  ->  Bitmap Index Scan on k_4  (cost=0.00..5.45 rows=102 width=0)
	        Index Cond: ((k >= 3500698) AND (k <= 3500798))

table 5 : explain SELECT k, c FROM sbtest5 WHERE k BETWEEN 3500698 AND 3500798
	Bitmap Heap Scan on sbtest5  (cost=5.46..401.53 rows=100 width=125)
	  Recheck Cond: ((k >= 3500698) AND (k <= 3500798))
	  ->  Bitmap Index Scan on k_5  (cost=0.00..5.43 rows=100 width=0)
	        Index Cond: ((k >= 3500698) AND (k <= 3500798))

table 6 : explain SELECT k, c FROM sbtest6 WHERE k BETWEEN 3500698 AND 3500798
	Bitmap Heap Scan on sbtest6  (cost=5.50..417.30 rows=104 width=125)
	  Recheck Cond: ((k >= 3500698) AND (k <= 3500798))
	  ->  Bitmap Index Scan on k_6  (cost=0.00..5.47 rows=104 width=0)
	        Index Cond: ((k >= 3500698) AND (k <= 3500798))

table 7 : explain SELECT k, c FROM sbtest7 WHERE k BETWEEN 3500698 AND 3500798
	Bitmap Heap Scan on sbtest7  (cost=5.48..409.45 rows=102 width=125)
	  Recheck Cond: ((k >= 3500698) AND (k <= 3500798))
	  ->  Bitmap Index Scan on k_7  (cost=0.00..5.45 rows=102 width=0)
	        Index Cond: ((k >= 3500698) AND (k <= 3500798))

table 8 : explain SELECT k, c FROM sbtest8 WHERE k BETWEEN 3500698 AND 3500798
	Bitmap Heap Scan on sbtest8  (cost=5.54..433.10 rows=108 width=125)
	  Recheck Cond: ((k >= 3500698) AND (k <= 3500798))
	  ->  Bitmap Index Scan on k_8  (cost=0.00..5.51 rows=108 width=0)
	        Index Cond: ((k >= 3500698) AND (k <= 3500798))

explain: for range-notcovered :: explain SELECT k, c FROM sbtest%d WHERE k BETWEEN 3500698 AND 3500798
for range-notcovered
table 1 : explain SELECT k, c FROM sbtest1 WHERE k BETWEEN 6396148 AND 6396248
	Bitmap Heap Scan on sbtest1  (cost=5.55..436.92 rows=109 width=125)
	  Recheck Cond: ((k >= 6396148) AND (k <= 6396248))
	  ->  Bitmap Index Scan on k_1  (cost=0.00..5.52 rows=109 width=0)
	        Index Cond: ((k >= 6396148) AND (k <= 6396248))

table 2 : explain SELECT k, c FROM sbtest2 WHERE k BETWEEN 6396148 AND 6396248
	Bitmap Heap Scan on sbtest2  (cost=5.43..389.66 rows=97 width=125)
	  Recheck Cond: ((k >= 6396148) AND (k <= 6396248))
	  ->  Bitmap Index Scan on k_2  (cost=0.00..5.40 rows=97 width=0)
	        Index Cond: ((k >= 6396148) AND (k <= 6396248))

table 3 : explain SELECT k, c FROM sbtest3 WHERE k BETWEEN 6396148 AND 6396248
	Bitmap Heap Scan on sbtest3  (cost=5.52..425.14 rows=106 width=125)
	  Recheck Cond: ((k >= 6396148) AND (k <= 6396248))
	  ->  Bitmap Index Scan on k_3  (cost=0.00..5.50 rows=106 width=0)
	        Index Cond: ((k >= 6396148) AND (k <= 6396248))

table 4 : explain SELECT k, c FROM sbtest4 WHERE k BETWEEN 6396148 AND 6396248
	Bitmap Heap Scan on sbtest4  (cost=5.53..429.12 rows=107 width=125)
	  Recheck Cond: ((k >= 6396148) AND (k <= 6396248))
	  ->  Bitmap Index Scan on k_4  (cost=0.00..5.50 rows=107 width=0)
	        Index Cond: ((k >= 6396148) AND (k <= 6396248))

table 5 : explain SELECT k, c FROM sbtest5 WHERE k BETWEEN 6396148 AND 6396248
	Bitmap Heap Scan on sbtest5  (cost=5.47..405.47 rows=101 width=125)
	  Recheck Cond: ((k >= 6396148) AND (k <= 6396248))
	  ->  Bitmap Index Scan on k_5  (cost=0.00..5.44 rows=101 width=0)
	        Index Cond: ((k >= 6396148) AND (k <= 6396248))

table 6 : explain SELECT k, c FROM sbtest6 WHERE k BETWEEN 6396148 AND 6396248
	Bitmap Heap Scan on sbtest6  (cost=5.50..417.30 rows=104 width=125)
	  Recheck Cond: ((k >= 6396148) AND (k <= 6396248))
	  ->  Bitmap Index Scan on k_6  (cost=0.00..5.47 rows=104 width=0)
	        Index Cond: ((k >= 6396148) AND (k <= 6396248))

table 7 : explain SELECT k, c FROM sbtest7 WHERE k BETWEEN 6396148 AND 6396248
	Bitmap Heap Scan on sbtest7  (cost=5.52..425.22 rows=106 width=125)
	  Recheck Cond: ((k >= 6396148) AND (k <= 6396248))
	  ->  Bitmap Index Scan on k_7  (cost=0.00..5.50 rows=106 width=0)
	        Index Cond: ((k >= 6396148) AND (k <= 6396248))

table 8 : explain SELECT k, c FROM sbtest8 WHERE k BETWEEN 6396148 AND 6396248
	Bitmap Heap Scan on sbtest8  (cost=5.44..393.67 rows=98 width=125)
	  Recheck Cond: ((k >= 6396148) AND (k <= 6396248))
	  ->  Bitmap Index Scan on k_8  (cost=0.00..5.42 rows=98 width=0)
	        Index Cond: ((k >= 6396148) AND (k <= 6396248))

for range-notcovered
table 1 : explain SELECT k, c FROM sbtest1 WHERE k BETWEEN 5390424 AND 5390524
	Bitmap Heap Scan on sbtest1  (cost=5.40..377.79 rows=94 width=125)
	  Recheck Cond: ((k >= 5390424) AND (k <= 5390524))
	  ->  Bitmap Index Scan on k_1  (cost=0.00..5.38 rows=94 width=0)
	        Index Cond: ((k >= 5390424) AND (k <= 5390524))

table 2 : explain SELECT k, c FROM sbtest2 WHERE k BETWEEN 5390424 AND 5390524
	Bitmap Heap Scan on sbtest2  (cost=5.54..433.02 rows=108 width=125)
	  Recheck Cond: ((k >= 5390424) AND (k <= 5390524))
	  ->  Bitmap Index Scan on k_2  (cost=0.00..5.51 rows=108 width=0)
	        Index Cond: ((k >= 5390424) AND (k <= 5390524))

table 3 : explain SELECT k, c FROM sbtest3 WHERE k BETWEEN 5390424 AND 5390524
	Bitmap Heap Scan on sbtest3  (cost=5.52..425.14 rows=106 width=125)
	  Recheck Cond: ((k >= 5390424) AND (k <= 5390524))
	  ->  Bitmap Index Scan on k_3  (cost=0.00..5.50 rows=106 width=0)
	        Index Cond: ((k >= 5390424) AND (k <= 5390524))

table 4 : explain SELECT k, c FROM sbtest4 WHERE k BETWEEN 5390424 AND 5390524
	Bitmap Heap Scan on sbtest4  (cost=5.54..433.06 rows=108 width=125)
	  Recheck Cond: ((k >= 5390424) AND (k <= 5390524))
	  ->  Bitmap Index Scan on k_4  (cost=0.00..5.51 rows=108 width=0)
	        Index Cond: ((k >= 5390424) AND (k <= 5390524))

table 5 : explain SELECT k, c FROM sbtest5 WHERE k BETWEEN 5390424 AND 5390524
	Bitmap Heap Scan on sbtest5  (cost=5.55..437.00 rows=109 width=125)
	  Recheck Cond: ((k >= 5390424) AND (k <= 5390524))
	  ->  Bitmap Index Scan on k_5  (cost=0.00..5.52 rows=109 width=0)
	        Index Cond: ((k >= 5390424) AND (k <= 5390524))

table 6 : explain SELECT k, c FROM sbtest6 WHERE k BETWEEN 5390424 AND 5390524
	Bitmap Heap Scan on sbtest6  (cost=5.56..440.95 rows=110 width=125)
	  Recheck Cond: ((k >= 5390424) AND (k <= 5390524))
	  ->  Bitmap Index Scan on k_6  (cost=0.00..5.53 rows=110 width=0)
	        Index Cond: ((k >= 5390424) AND (k <= 5390524))

table 7 : explain SELECT k, c FROM sbtest7 WHERE k BETWEEN 5390424 AND 5390524
	Bitmap Heap Scan on sbtest7  (cost=5.41..381.83 rows=95 width=125)
	  Recheck Cond: ((k >= 5390424) AND (k <= 5390524))
	  ->  Bitmap Index Scan on k_7  (cost=0.00..5.38 rows=95 width=0)
	        Index Cond: ((k >= 5390424) AND (k <= 5390524))

table 8 : explain SELECT k, c FROM sbtest8 WHERE k BETWEEN 5390424 AND 5390524
	Bitmap Heap Scan on sbtest8  (cost=5.64..472.49 rows=118 width=125)
	  Recheck Cond: ((k >= 5390424) AND (k <= 5390524))
	  ->  Bitmap Index Scan on k_8  (cost=0.00..5.61 rows=118 width=0)
	        Index Cond: ((k >= 5390424) AND (k <= 5390524))

explain: for range-notcovered :: explain SELECT k, c FROM sbtest%d WHERE k BETWEEN 6396148 AND 6396248
for range-notcovered
table 1 : explain SELECT k, c FROM sbtest1 WHERE k BETWEEN 3772374 AND 3772474
	Bitmap Heap Scan on sbtest1  (cost=5.53..429.04 rows=107 width=125)
	  Recheck Cond: ((k >= 3772374) AND (k <= 3772474))
	  ->  Bitmap Index Scan on k_1  (cost=0.00..5.50 rows=107 width=0)
	        Index Cond: ((k >= 3772374) AND (k <= 3772474))

table 2 : explain SELECT k, c FROM sbtest2 WHERE k BETWEEN 3772374 AND 3772474
	Bitmap Heap Scan on sbtest2  (cost=5.48..409.37 rows=102 width=125)
	  Recheck Cond: ((k >= 3772374) AND (k <= 3772474))
	  ->  Bitmap Index Scan on k_2  (cost=0.00..5.45 rows=102 width=0)
	        Index Cond: ((k >= 3772374) AND (k <= 3772474))

table 3 : explain SELECT k, c FROM sbtest3 WHERE k BETWEEN 3772374 AND 3772474
	Bitmap Heap Scan on sbtest3  (cost=5.36..362.04 rows=90 width=125)
	  Recheck Cond: ((k >= 3772374) AND (k <= 3772474))
	  ->  Bitmap Index Scan on k_3  (cost=0.00..5.33 rows=90 width=0)
	        Index Cond: ((k >= 3772374) AND (k <= 3772474))

table 4 : explain SELECT k, c FROM sbtest4 WHERE k BETWEEN 3772374 AND 3772474
	Bitmap Heap Scan on sbtest4  (cost=5.55..437.00 rows=109 width=125)
	  Recheck Cond: ((k >= 3772374) AND (k <= 3772474))
	  ->  Bitmap Index Scan on k_4  (cost=0.00..5.52 rows=109 width=0)
	        Index Cond: ((k >= 3772374) AND (k <= 3772474))

table 5 : explain SELECT k, c FROM sbtest5 WHERE k BETWEEN 3772374 AND 3772474
	Bitmap Heap Scan on sbtest5  (cost=5.44..393.64 rows=98 width=125)
	  Recheck Cond: ((k >= 3772374) AND (k <= 3772474))
	  ->  Bitmap Index Scan on k_5  (cost=0.00..5.42 rows=98 width=0)
	        Index Cond: ((k >= 3772374) AND (k <= 3772474))

table 6 : explain SELECT k, c FROM sbtest6 WHERE k BETWEEN 3772374 AND 3772474
	Bitmap Heap Scan on sbtest6  (cost=5.52..425.18 rows=106 width=125)
	  Recheck Cond: ((k >= 3772374) AND (k <= 3772474))
	  ->  Bitmap Index Scan on k_6  (cost=0.00..5.50 rows=106 width=0)
	        Index Cond: ((k >= 3772374) AND (k <= 3772474))

table 7 : explain SELECT k, c FROM sbtest7 WHERE k BETWEEN 3772374 AND 3772474
	Bitmap Heap Scan on sbtest7  (cost=5.47..405.50 rows=101 width=125)
	  Recheck Cond: ((k >= 3772374) AND (k <= 3772474))
	  ->  Bitmap Index Scan on k_7  (cost=0.00..5.44 rows=101 width=0)
	        Index Cond: ((k >= 3772374) AND (k <= 3772474))

table 8 : explain SELECT k, c FROM sbtest8 WHERE k BETWEEN 3772374 AND 3772474
	Bitmap Heap Scan on sbtest8  (cost=5.52..425.22 rows=106 width=125)
	  Recheck Cond: ((k >= 3772374) AND (k <= 3772474))
	  ->  Bitmap Index Scan on k_8  (cost=0.00..5.50 rows=106 width=0)
	        Index Cond: ((k >= 3772374) AND (k <= 3772474))

explain: for range-notcovered :: explain SELECT k, c FROM sbtest%d WHERE k BETWEEN 5390424 AND 5390524
for range-notcovered
table 1 : explain SELECT k, c FROM sbtest1 WHERE k BETWEEN 993433 AND 993533
	Bitmap Heap Scan on sbtest1  (cost=5.52..425.10 rows=106 width=125)
	  Recheck Cond: ((k >= 993433) AND (k <= 993533))
	  ->  Bitmap Index Scan on k_1  (cost=0.00..5.50 rows=106 width=0)
	        Index Cond: ((k >= 993433) AND (k <= 993533))

table 2 : explain SELECT k, c FROM sbtest2 WHERE k BETWEEN 993433 AND 993533
	Bitmap Heap Scan on sbtest2  (cost=5.42..385.71 rows=96 width=125)
	  Recheck Cond: ((k >= 993433) AND (k <= 993533))
	  ->  Bitmap Index Scan on k_2  (cost=0.00..5.39 rows=96 width=0)
	        Index Cond: ((k >= 993433) AND (k <= 993533))

table 3 : explain SELECT k, c FROM sbtest3 WHERE k BETWEEN 993433 AND 993533
	Bitmap Heap Scan on sbtest3  (cost=5.51..421.20 rows=105 width=125)
	  Recheck Cond: ((k >= 993433) AND (k <= 993533))
	  ->  Bitmap Index Scan on k_3  (cost=0.00..5.48 rows=105 width=0)
	        Index Cond: ((k >= 993433) AND (k <= 993533))

table 4 : explain SELECT k, c FROM sbtest4 WHERE k BETWEEN 993433 AND 993533
	Bitmap Heap Scan on sbtest4  (cost=5.43..389.69 rows=97 width=125)
	  Recheck Cond: ((k >= 993433) AND (k <= 993533))
	  ->  Bitmap Index Scan on k_4  (cost=0.00..5.40 rows=97 width=0)
	        Index Cond: ((k >= 993433) AND (k <= 993533))

table 5 : explain SELECT k, c FROM sbtest5 WHERE k BETWEEN 993433 AND 993533
	Bitmap Heap Scan on sbtest5  (cost=5.49..413.35 rows=103 width=125)
	  Recheck Cond: ((k >= 993433) AND (k <= 993533))
	  ->  Bitmap Index Scan on k_5  (cost=0.00..5.46 rows=103 width=0)
	        Index Cond: ((k >= 993433) AND (k <= 993533))

table 6 : explain SELECT k, c FROM sbtest6 WHERE k BETWEEN 993433 AND 993533
	Bitmap Heap Scan on sbtest6  (cost=5.39..373.91 rows=93 width=125)
	  Recheck Cond: ((k >= 993433) AND (k <= 993533))
	  ->  Bitmap Index Scan on k_6  (cost=0.00..5.36 rows=93 width=0)
	        Index Cond: ((k >= 993433) AND (k <= 993533))

table 7 : explain SELECT k, c FROM sbtest7 WHERE k BETWEEN 993433 AND 993533
	Bitmap Heap Scan on sbtest7  (cost=5.50..417.33 rows=104 width=125)
	  Recheck Cond: ((k >= 993433) AND (k <= 993533))
	  ->  Bitmap Index Scan on k_7  (cost=0.00..5.47 rows=104 width=0)
	        Index Cond: ((k >= 993433) AND (k <= 993533))

table 8 : explain SELECT k, c FROM sbtest8 WHERE k BETWEEN 993433 AND 993533
	Bitmap Heap Scan on sbtest8  (cost=5.46..401.56 rows=100 width=125)
	  Recheck Cond: ((k >= 993433) AND (k <= 993533))
	  ->  Bitmap Index Scan on k_8  (cost=0.00..5.43 rows=100 width=0)
	        Index Cond: ((k >= 993433) AND (k <= 993533))

explain: for range-notcovered :: explain SELECT k, c FROM sbtest%d WHERE k BETWEEN 3772374 AND 3772474
for range-notcovered
table 1 : explain SELECT k, c FROM sbtest1 WHERE k BETWEEN 997380 AND 997480
	Bitmap Heap Scan on sbtest1  (cost=5.52..425.10 rows=106 width=125)
	  Recheck Cond: ((k >= 997380) AND (k <= 997480))
	  ->  Bitmap Index Scan on k_1  (cost=0.00..5.50 rows=106 width=0)
	        Index Cond: ((k >= 997380) AND (k <= 997480))

table 2 : explain SELECT k, c FROM sbtest2 WHERE k BETWEEN 997380 AND 997480
	Bitmap Heap Scan on sbtest2  (cost=5.42..385.71 rows=96 width=125)
	  Recheck Cond: ((k >= 997380) AND (k <= 997480))
	  ->  Bitmap Index Scan on k_2  (cost=0.00..5.39 rows=96 width=0)
	        Index Cond: ((k >= 997380) AND (k <= 997480))

table 3 : explain SELECT k, c FROM sbtest3 WHERE k BETWEEN 997380 AND 997480
	Bitmap Heap Scan on sbtest3  (cost=5.51..421.20 rows=105 width=125)
	  Recheck Cond: ((k >= 997380) AND (k <= 997480))
	  ->  Bitmap Index Scan on k_3  (cost=0.00..5.48 rows=105 width=0)
	        Index Cond: ((k >= 997380) AND (k <= 997480))

table 4 : explain SELECT k, c FROM sbtest4 WHERE k BETWEEN 997380 AND 997480
	Bitmap Heap Scan on sbtest4  (cost=5.43..389.69 rows=97 width=125)
	  Recheck Cond: ((k >= 997380) AND (k <= 997480))
	  ->  Bitmap Index Scan on k_4  (cost=0.00..5.40 rows=97 width=0)
	        Index Cond: ((k >= 997380) AND (k <= 997480))

table 5 : explain SELECT k, c FROM sbtest5 WHERE k BETWEEN 997380 AND 997480
	Bitmap Heap Scan on sbtest5  (cost=5.49..413.35 rows=103 width=125)
	  Recheck Cond: ((k >= 997380) AND (k <= 997480))
	  ->  Bitmap Index Scan on k_5  (cost=0.00..5.46 rows=103 width=0)
	        Index Cond: ((k >= 997380) AND (k <= 997480))

table 6 : explain SELECT k, c FROM sbtest6 WHERE k BETWEEN 997380 AND 997480
	Bitmap Heap Scan on sbtest6  (cost=5.39..373.91 rows=93 width=125)
	  Recheck Cond: ((k >= 997380) AND (k <= 997480))
	  ->  Bitmap Index Scan on k_6  (cost=0.00..5.36 rows=93 width=0)
	        Index Cond: ((k >= 997380) AND (k <= 997480))

table 7 : explain SELECT k, c FROM sbtest7 WHERE k BETWEEN 997380 AND 997480
	Bitmap Heap Scan on sbtest7  (cost=5.50..417.33 rows=104 width=125)
	  Recheck Cond: ((k >= 997380) AND (k <= 997480))
	  ->  Bitmap Index Scan on k_7  (cost=0.00..5.47 rows=104 width=0)
	        Index Cond: ((k >= 997380) AND (k <= 997480))

table 8 : explain SELECT k, c FROM sbtest8 WHERE k BETWEEN 997380 AND 997480
	Bitmap Heap Scan on sbtest8  (cost=5.46..401.56 rows=100 width=125)
	  Recheck Cond: ((k >= 997380) AND (k <= 997480))
	  ->  Bitmap Index Scan on k_8  (cost=0.00..5.43 rows=100 width=0)
	        Index Cond: ((k >= 997380) AND (k <= 997480))

explain: for range-notcovered :: explain SELECT k, c FROM sbtest%d WHERE k BETWEEN 993433 AND 993533
explain: for range-notcovered :: explain SELECT k, c FROM sbtest%d WHERE k BETWEEN 997380 AND 997480
for range-notcovered
table 1 : explain SELECT k, c FROM sbtest1 WHERE k BETWEEN 7878465 AND 7878565
	Bitmap Heap Scan on sbtest1  (cost=5.51..421.16 rows=105 width=125)
	  Recheck Cond: ((k >= 7878465) AND (k <= 7878565))
	  ->  Bitmap Index Scan on k_1  (cost=0.00..5.48 rows=105 width=0)
	        Index Cond: ((k >= 7878465) AND (k <= 7878565))

table 2 : explain SELECT k, c FROM sbtest2 WHERE k BETWEEN 7878465 AND 7878565
	Bitmap Heap Scan on sbtest2  (cost=5.37..365.98 rows=91 width=125)
	  Recheck Cond: ((k >= 7878465) AND (k <= 7878565))
	  ->  Bitmap Index Scan on k_2  (cost=0.00..5.34 rows=91 width=0)
	        Index Cond: ((k >= 7878465) AND (k <= 7878565))

table 3 : explain SELECT k, c FROM sbtest3 WHERE k BETWEEN 7878465 AND 7878565
	Bitmap Heap Scan on sbtest3  (cost=5.49..413.32 rows=103 width=125)
	  Recheck Cond: ((k >= 7878465) AND (k <= 7878565))
	  ->  Bitmap Index Scan on k_3  (cost=0.00..5.46 rows=103 width=0)
	        Index Cond: ((k >= 7878465) AND (k <= 7878565))

table 4 : explain SELECT k, c FROM sbtest4 WHERE k BETWEEN 7878465 AND 7878565
	Bitmap Heap Scan on sbtest4  (cost=5.45..397.58 rows=99 width=125)
	  Recheck Cond: ((k >= 7878465) AND (k <= 7878565))
	  ->  Bitmap Index Scan on k_4  (cost=0.00..5.42 rows=99 width=0)
	        Index Cond: ((k >= 7878465) AND (k <= 7878565))

table 5 : explain SELECT k, c FROM sbtest5 WHERE k BETWEEN 7878465 AND 7878565
	Bitmap Heap Scan on sbtest5  (cost=5.57..444.88 rows=111 width=125)
	  Recheck Cond: ((k >= 7878465) AND (k <= 7878565))
	  ->  Bitmap Index Scan on k_5  (cost=0.00..5.54 rows=111 width=0)
	        Index Cond: ((k >= 7878465) AND (k <= 7878565))

table 6 : explain SELECT k, c FROM sbtest6 WHERE k BETWEEN 7878465 AND 7878565
	Bitmap Heap Scan on sbtest6  (cost=5.45..397.58 rows=99 width=125)
	  Recheck Cond: ((k >= 7878465) AND (k <= 7878565))
	  ->  Bitmap Index Scan on k_6  (cost=0.00..5.42 rows=99 width=0)
	        Index Cond: ((k >= 7878465) AND (k <= 7878565))

table 7 : explain SELECT k, c FROM sbtest7 WHERE k BETWEEN 7878465 AND 7878565
	Bitmap Heap Scan on sbtest7  (cost=5.52..425.22 rows=106 width=125)
	  Recheck Cond: ((k >= 7878465) AND (k <= 7878565))
	  ->  Bitmap Index Scan on k_7  (cost=0.00..5.50 rows=106 width=0)
	        Index Cond: ((k >= 7878465) AND (k <= 7878565))

table 8 : explain SELECT k, c FROM sbtest8 WHERE k BETWEEN 7878465 AND 7878565
	Bitmap Heap Scan on sbtest8  (cost=5.58..448.86 rows=112 width=125)
	  Recheck Cond: ((k >= 7878465) AND (k <= 7878565))
	  ->  Bitmap Index Scan on k_8  (cost=0.00..5.55 rows=112 width=0)
	        Index Cond: ((k >= 7878465) AND (k <= 7878565))

explain: for range-notcovered :: explain SELECT k, c FROM sbtest%d WHERE k BETWEEN 7878465 AND 7878565
for range-notcovered
table 1 : explain SELECT k, c FROM sbtest1 WHERE k BETWEEN 3500698 AND 3500798
	Bitmap Heap Scan on sbtest1  (cost=5.50..417.22 rows=104 width=125)
	  Recheck Cond: ((k >= 3500698) AND (k <= 3500798))
	  ->  Bitmap Index Scan on k_1  (cost=0.00..5.47 rows=104 width=0)
	        Index Cond: ((k >= 3500698) AND (k <= 3500798))

table 2 : explain SELECT k, c FROM sbtest2 WHERE k BETWEEN 3500698 AND 3500798
	Bitmap Heap Scan on sbtest2  (cost=5.57..444.84 rows=111 width=125)
	  Recheck Cond: ((k >= 3500698) AND (k <= 3500798))
	  ->  Bitmap Index Scan on k_2  (cost=0.00..5.54 rows=111 width=0)
	        Index Cond: ((k >= 3500698) AND (k <= 3500798))

table 3 : explain SELECT k, c FROM sbtest3 WHERE k BETWEEN 3500698 AND 3500798
	Bitmap Heap Scan on sbtest3  (cost=5.50..417.26 rows=104 width=125)
	  Recheck Cond: ((k >= 3500698) AND (k <= 3500798))
	  ->  Bitmap Index Scan on k_3  (cost=0.00..5.47 rows=104 width=0)
	        Index Cond: ((k >= 3500698) AND (k <= 3500798))

table 4 : explain SELECT k, c FROM sbtest4 WHERE k BETWEEN 3500698 AND 3500798
	Bitmap Heap Scan on sbtest4  (cost=5.48..409.41 rows=102 width=125)
	  Recheck Cond: ((k >= 3500698) AND (k <= 3500798))
	  ->  Bitmap Index Scan on k_4  (cost=0.00..5.45 rows=102 width=0)
	        Index Cond: ((k >= 3500698) AND (k <= 3500798))

table 5 : explain SELECT k, c FROM sbtest5 WHERE k BETWEEN 3500698 AND 3500798
	Bitmap Heap Scan on sbtest5  (cost=5.46..401.53 rows=100 width=125)
	  Recheck Cond: ((k >= 3500698) AND (k <= 3500798))
	  ->  Bitmap Index Scan on k_5  (cost=0.00..5.43 rows=100 width=0)
	        Index Cond: ((k >= 3500698) AND (k <= 3500798))

table 6 : explain SELECT k, c FROM sbtest6 WHERE k BETWEEN 3500698 AND 3500798
	Bitmap Heap Scan on sbtest6  (cost=5.50..417.30 rows=104 width=125)
	  Recheck Cond: ((k >= 3500698) AND (k <= 3500798))
	  ->  Bitmap Index Scan on k_6  (cost=0.00..5.47 rows=104 width=0)
	        Index Cond: ((k >= 3500698) AND (k <= 3500798))

table 7 : explain SELECT k, c FROM sbtest7 WHERE k BETWEEN 3500698 AND 3500798
	Bitmap Heap Scan on sbtest7  (cost=5.48..409.45 rows=102 width=125)
	  Recheck Cond: ((k >= 3500698) AND (k <= 3500798))
	  ->  Bitmap Index Scan on k_7  (cost=0.00..5.45 rows=102 width=0)
	        Index Cond: ((k >= 3500698) AND (k <= 3500798))

table 8 : explain SELECT k, c FROM sbtest8 WHERE k BETWEEN 3500698 AND 3500798
	Bitmap Heap Scan on sbtest8  (cost=5.54..433.10 rows=108 width=125)
	  Recheck Cond: ((k >= 3500698) AND (k <= 3500798))
	  ->  Bitmap Index Scan on k_8  (cost=0.00..5.51 rows=108 width=0)
	        Index Cond: ((k >= 3500698) AND (k <= 3500798))

for range-notcovered
table 1 : explain SELECT k, c FROM sbtest1 WHERE k BETWEEN 6396148 AND 6396248
	Bitmap Heap Scan on sbtest1  (cost=5.55..436.92 rows=109 width=125)
	  Recheck Cond: ((k >= 6396148) AND (k <= 6396248))
	  ->  Bitmap Index Scan on k_1  (cost=0.00..5.52 rows=109 width=0)
	        Index Cond: ((k >= 6396148) AND (k <= 6396248))

table 2 : explain SELECT k, c FROM sbtest2 WHERE k BETWEEN 6396148 AND 6396248
	Bitmap Heap Scan on sbtest2  (cost=5.43..389.66 rows=97 width=125)
	  Recheck Cond: ((k >= 6396148) AND (k <= 6396248))
	  ->  Bitmap Index Scan on k_2  (cost=0.00..5.40 rows=97 width=0)
	        Index Cond: ((k >= 6396148) AND (k <= 6396248))

table 3 : explain SELECT k, c FROM sbtest3 WHERE k BETWEEN 6396148 AND 6396248
	Bitmap Heap Scan on sbtest3  (cost=5.52..425.14 rows=106 width=125)
	  Recheck Cond: ((k >= 6396148) AND (k <= 6396248))
	  ->  Bitmap Index Scan on k_3  (cost=0.00..5.50 rows=106 width=0)
	        Index Cond: ((k >= 6396148) AND (k <= 6396248))

table 4 : explain SELECT k, c FROM sbtest4 WHERE k BETWEEN 6396148 AND 6396248
	Bitmap Heap Scan on sbtest4  (cost=5.53..429.12 rows=107 width=125)
	  Recheck Cond: ((k >= 6396148) AND (k <= 6396248))
	  ->  Bitmap Index Scan on k_4  (cost=0.00..5.50 rows=107 width=0)
	        Index Cond: ((k >= 6396148) AND (k <= 6396248))

table 5 : explain SELECT k, c FROM sbtest5 WHERE k BETWEEN 6396148 AND 6396248
	Bitmap Heap Scan on sbtest5  (cost=5.47..405.47 rows=101 width=125)
	  Recheck Cond: ((k >= 6396148) AND (k <= 6396248))
	  ->  Bitmap Index Scan on k_5  (cost=0.00..5.44 rows=101 width=0)
	        Index Cond: ((k >= 6396148) AND (k <= 6396248))

table 6 : explain SELECT k, c FROM sbtest6 WHERE k BETWEEN 6396148 AND 6396248
	Bitmap Heap Scan on sbtest6  (cost=5.50..417.30 rows=104 width=125)
	  Recheck Cond: ((k >= 6396148) AND (k <= 6396248))
	  ->  Bitmap Index Scan on k_6  (cost=0.00..5.47 rows=104 width=0)
	        Index Cond: ((k >= 6396148) AND (k <= 6396248))

table 7 : explain SELECT k, c FROM sbtest7 WHERE k BETWEEN 6396148 AND 6396248
	Bitmap Heap Scan on sbtest7  (cost=5.52..425.22 rows=106 width=125)
	  Recheck Cond: ((k >= 6396148) AND (k <= 6396248))
	  ->  Bitmap Index Scan on k_7  (cost=0.00..5.50 rows=106 width=0)
	        Index Cond: ((k >= 6396148) AND (k <= 6396248))

table 8 : explain SELECT k, c FROM sbtest8 WHERE k BETWEEN 6396148 AND 6396248
	Bitmap Heap Scan on sbtest8  (cost=5.44..393.67 rows=98 width=125)
	  Recheck Cond: ((k >= 6396148) AND (k <= 6396248))
	  ->  Bitmap Index Scan on k_8  (cost=0.00..5.42 rows=98 width=0)
	        Index Cond: ((k >= 6396148) AND (k <= 6396248))

for range-notcovered
table 1 : explain SELECT k, c FROM sbtest1 WHERE k BETWEEN 5390424 AND 5390524
	Bitmap Heap Scan on sbtest1  (cost=5.40..377.79 rows=94 width=125)
	  Recheck Cond: ((k >= 5390424) AND (k <= 5390524))
	  ->  Bitmap Index Scan on k_1  (cost=0.00..5.38 rows=94 width=0)
	        Index Cond: ((k >= 5390424) AND (k <= 5390524))

table 2 : explain SELECT k, c FROM sbtest2 WHERE k BETWEEN 5390424 AND 5390524
	Bitmap Heap Scan on sbtest2  (cost=5.54..433.02 rows=108 width=125)
	  Recheck Cond: ((k >= 5390424) AND (k <= 5390524))
	  ->  Bitmap Index Scan on k_2  (cost=0.00..5.51 rows=108 width=0)
	        Index Cond: ((k >= 5390424) AND (k <= 5390524))

table 3 : explain SELECT k, c FROM sbtest3 WHERE k BETWEEN 5390424 AND 5390524
	Bitmap Heap Scan on sbtest3  (cost=5.52..425.14 rows=106 width=125)
	  Recheck Cond: ((k >= 5390424) AND (k <= 5390524))
	  ->  Bitmap Index Scan on k_3  (cost=0.00..5.50 rows=106 width=0)
	        Index Cond: ((k >= 5390424) AND (k <= 5390524))

table 4 : explain SELECT k, c FROM sbtest4 WHERE k BETWEEN 5390424 AND 5390524
	Bitmap Heap Scan on sbtest4  (cost=5.54..433.06 rows=108 width=125)
	  Recheck Cond: ((k >= 5390424) AND (k <= 5390524))
	  ->  Bitmap Index Scan on k_4  (cost=0.00..5.51 rows=108 width=0)
	        Index Cond: ((k >= 5390424) AND (k <= 5390524))

table 5 : explain SELECT k, c FROM sbtest5 WHERE k BETWEEN 5390424 AND 5390524
	Bitmap Heap Scan on sbtest5  (cost=5.55..437.00 rows=109 width=125)
	  Recheck Cond: ((k >= 5390424) AND (k <= 5390524))
	  ->  Bitmap Index Scan on k_5  (cost=0.00..5.52 rows=109 width=0)
	        Index Cond: ((k >= 5390424) AND (k <= 5390524))

table 6 : explain SELECT k, c FROM sbtest6 WHERE k BETWEEN 5390424 AND 5390524
	Bitmap Heap Scan on sbtest6  (cost=5.56..440.95 rows=110 width=125)
	  Recheck Cond: ((k >= 5390424) AND (k <= 5390524))
	  ->  Bitmap Index Scan on k_6  (cost=0.00..5.53 rows=110 width=0)
	        Index Cond: ((k >= 5390424) AND (k <= 5390524))

table 7 : explain SELECT k, c FROM sbtest7 WHERE k BETWEEN 5390424 AND 5390524
	Bitmap Heap Scan on sbtest7  (cost=5.41..381.83 rows=95 width=125)
	  Recheck Cond: ((k >= 5390424) AND (k <= 5390524))
	  ->  Bitmap Index Scan on k_7  (cost=0.00..5.38 rows=95 width=0)
	        Index Cond: ((k >= 5390424) AND (k <= 5390524))

table 8 : explain SELECT k, c FROM sbtest8 WHERE k BETWEEN 5390424 AND 5390524
	Bitmap Heap Scan on sbtest8  (cost=5.64..472.49 rows=118 width=125)
	  Recheck Cond: ((k >= 5390424) AND (k <= 5390524))
	  ->  Bitmap Index Scan on k_8  (cost=0.00..5.61 rows=118 width=0)
	        Index Cond: ((k >= 5390424) AND (k <= 5390524))

for range-notcovered
table 1 : explain SELECT k, c FROM sbtest1 WHERE k BETWEEN 3772374 AND 3772474
	Bitmap Heap Scan on sbtest1  (cost=5.53..429.04 rows=107 width=125)
	  Recheck Cond: ((k >= 3772374) AND (k <= 3772474))
	  ->  Bitmap Index Scan on k_1  (cost=0.00..5.50 rows=107 width=0)
	        Index Cond: ((k >= 3772374) AND (k <= 3772474))

table 2 : explain SELECT k, c FROM sbtest2 WHERE k BETWEEN 3772374 AND 3772474
	Bitmap Heap Scan on sbtest2  (cost=5.48..409.37 rows=102 width=125)
	  Recheck Cond: ((k >= 3772374) AND (k <= 3772474))
	  ->  Bitmap Index Scan on k_2  (cost=0.00..5.45 rows=102 width=0)
	        Index Cond: ((k >= 3772374) AND (k <= 3772474))

table 3 : explain SELECT k, c FROM sbtest3 WHERE k BETWEEN 3772374 AND 3772474
	Bitmap Heap Scan on sbtest3  (cost=5.36..362.04 rows=90 width=125)
	  Recheck Cond: ((k >= 3772374) AND (k <= 3772474))
	  ->  Bitmap Index Scan on k_3  (cost=0.00..5.33 rows=90 width=0)
	        Index Cond: ((k >= 3772374) AND (k <= 3772474))

table 4 : explain SELECT k, c FROM sbtest4 WHERE k BETWEEN 3772374 AND 3772474
	Bitmap Heap Scan on sbtest4  (cost=5.55..437.00 rows=109 width=125)
	  Recheck Cond: ((k >= 3772374) AND (k <= 3772474))
	  ->  Bitmap Index Scan on k_4  (cost=0.00..5.52 rows=109 width=0)
	        Index Cond: ((k >= 3772374) AND (k <= 3772474))

table 5 : explain SELECT k, c FROM sbtest5 WHERE k BETWEEN 3772374 AND 3772474
	Bitmap Heap Scan on sbtest5  (cost=5.44..393.64 rows=98 width=125)
	  Recheck Cond: ((k >= 3772374) AND (k <= 3772474))
	  ->  Bitmap Index Scan on k_5  (cost=0.00..5.42 rows=98 width=0)
	        Index Cond: ((k >= 3772374) AND (k <= 3772474))

table 6 : explain SELECT k, c FROM sbtest6 WHERE k BETWEEN 3772374 AND 3772474
	Bitmap Heap Scan on sbtest6  (cost=5.52..425.18 rows=106 width=125)
	  Recheck Cond: ((k >= 3772374) AND (k <= 3772474))
	  ->  Bitmap Index Scan on k_6  (cost=0.00..5.50 rows=106 width=0)
	        Index Cond: ((k >= 3772374) AND (k <= 3772474))

table 7 : explain SELECT k, c FROM sbtest7 WHERE k BETWEEN 3772374 AND 3772474
	Bitmap Heap Scan on sbtest7  (cost=5.47..405.50 rows=101 width=125)
	  Recheck Cond: ((k >= 3772374) AND (k <= 3772474))
	  ->  Bitmap Index Scan on k_7  (cost=0.00..5.44 rows=101 width=0)
	        Index Cond: ((k >= 3772374) AND (k <= 3772474))

table 8 : explain SELECT k, c FROM sbtest8 WHERE k BETWEEN 3772374 AND 3772474
	Bitmap Heap Scan on sbtest8  (cost=5.52..425.22 rows=106 width=125)
	  Recheck Cond: ((k >= 3772374) AND (k <= 3772474))
	  ->  Bitmap Index Scan on k_8  (cost=0.00..5.50 rows=106 width=0)
	        Index Cond: ((k >= 3772374) AND (k <= 3772474))

explain: for range-notcovered :: explain SELECT k, c FROM sbtest%d WHERE k BETWEEN 6396148 AND 6396248
explain: for range-notcovered :: explain SELECT k, c FROM sbtest%d WHERE k BETWEEN 5390424 AND 5390524
explain: for range-notcovered :: explain SELECT k, c FROM sbtest%d WHERE k BETWEEN 3772374 AND 3772474
for range-notcovered
table 1 : explain SELECT k, c FROM sbtest1 WHERE k BETWEEN 993433 AND 993533
	Bitmap Heap Scan on sbtest1  (cost=5.52..425.10 rows=106 width=125)
	  Recheck Cond: ((k >= 993433) AND (k <= 993533))
	  ->  Bitmap Index Scan on k_1  (cost=0.00..5.50 rows=106 width=0)
	        Index Cond: ((k >= 993433) AND (k <= 993533))

table 2 : explain SELECT k, c FROM sbtest2 WHERE k BETWEEN 993433 AND 993533
	Bitmap Heap Scan on sbtest2  (cost=5.42..385.71 rows=96 width=125)
	  Recheck Cond: ((k >= 993433) AND (k <= 993533))
	  ->  Bitmap Index Scan on k_2  (cost=0.00..5.39 rows=96 width=0)
	        Index Cond: ((k >= 993433) AND (k <= 993533))

table 3 : explain SELECT k, c FROM sbtest3 WHERE k BETWEEN 993433 AND 993533
	Bitmap Heap Scan on sbtest3  (cost=5.51..421.20 rows=105 width=125)
	  Recheck Cond: ((k >= 993433) AND (k <= 993533))
	  ->  Bitmap Index Scan on k_3  (cost=0.00..5.48 rows=105 width=0)
	        Index Cond: ((k >= 993433) AND (k <= 993533))

table 4 : explain SELECT k, c FROM sbtest4 WHERE k BETWEEN 993433 AND 993533
	Bitmap Heap Scan on sbtest4  (cost=5.43..389.69 rows=97 width=125)
	  Recheck Cond: ((k >= 993433) AND (k <= 993533))
	  ->  Bitmap Index Scan on k_4  (cost=0.00..5.40 rows=97 width=0)
	        Index Cond: ((k >= 993433) AND (k <= 993533))

table 5 : explain SELECT k, c FROM sbtest5 WHERE k BETWEEN 993433 AND 993533
	Bitmap Heap Scan on sbtest5  (cost=5.49..413.35 rows=103 width=125)
	  Recheck Cond: ((k >= 993433) AND (k <= 993533))
	  ->  Bitmap Index Scan on k_5  (cost=0.00..5.46 rows=103 width=0)
	        Index Cond: ((k >= 993433) AND (k <= 993533))

table 6 : explain SELECT k, c FROM sbtest6 WHERE k BETWEEN 993433 AND 993533
	Bitmap Heap Scan on sbtest6  (cost=5.39..373.91 rows=93 width=125)
	  Recheck Cond: ((k >= 993433) AND (k <= 993533))
	  ->  Bitmap Index Scan on k_6  (cost=0.00..5.36 rows=93 width=0)
	        Index Cond: ((k >= 993433) AND (k <= 993533))

table 7 : explain SELECT k, c FROM sbtest7 WHERE k BETWEEN 993433 AND 993533
	Bitmap Heap Scan on sbtest7  (cost=5.50..417.33 rows=104 width=125)
	  Recheck Cond: ((k >= 993433) AND (k <= 993533))
	  ->  Bitmap Index Scan on k_7  (cost=0.00..5.47 rows=104 width=0)
	        Index Cond: ((k >= 993433) AND (k <= 993533))

table 8 : explain SELECT k, c FROM sbtest8 WHERE k BETWEEN 993433 AND 993533
	Bitmap Heap Scan on sbtest8  (cost=5.46..401.56 rows=100 width=125)
	  Recheck Cond: ((k >= 993433) AND (k <= 993533))
	  ->  Bitmap Index Scan on k_8  (cost=0.00..5.43 rows=100 width=0)
	        Index Cond: ((k >= 993433) AND (k <= 993533))

for range-notcovered
table 1 : explain SELECT k, c FROM sbtest1 WHERE k BETWEEN 997380 AND 997480
	Bitmap Heap Scan on sbtest1  (cost=5.52..425.10 rows=106 width=125)
	  Recheck Cond: ((k >= 997380) AND (k <= 997480))
	  ->  Bitmap Index Scan on k_1  (cost=0.00..5.50 rows=106 width=0)
	        Index Cond: ((k >= 997380) AND (k <= 997480))

table 2 : explain SELECT k, c FROM sbtest2 WHERE k BETWEEN 997380 AND 997480
	Bitmap Heap Scan on sbtest2  (cost=5.42..385.71 rows=96 width=125)
	  Recheck Cond: ((k >= 997380) AND (k <= 997480))
	  ->  Bitmap Index Scan on k_2  (cost=0.00..5.39 rows=96 width=0)
	        Index Cond: ((k >= 997380) AND (k <= 997480))

table 3 : explain SELECT k, c FROM sbtest3 WHERE k BETWEEN 997380 AND 997480
	Bitmap Heap Scan on sbtest3  (cost=5.51..421.20 rows=105 width=125)
	  Recheck Cond: ((k >= 997380) AND (k <= 997480))
	  ->  Bitmap Index Scan on k_3  (cost=0.00..5.48 rows=105 width=0)
	        Index Cond: ((k >= 997380) AND (k <= 997480))

table 4 : explain SELECT k, c FROM sbtest4 WHERE k BETWEEN 997380 AND 997480
	Bitmap Heap Scan on sbtest4  (cost=5.43..389.69 rows=97 width=125)
	  Recheck Cond: ((k >= 997380) AND (k <= 997480))
	  ->  Bitmap Index Scan on k_4  (cost=0.00..5.40 rows=97 width=0)
	        Index Cond: ((k >= 997380) AND (k <= 997480))

table 5 : explain SELECT k, c FROM sbtest5 WHERE k BETWEEN 997380 AND 997480
	Bitmap Heap Scan on sbtest5  (cost=5.49..413.35 rows=103 width=125)
	  Recheck Cond: ((k >= 997380) AND (k <= 997480))
	  ->  Bitmap Index Scan on k_5  (cost=0.00..5.46 rows=103 width=0)
	        Index Cond: ((k >= 997380) AND (k <= 997480))

table 6 : explain SELECT k, c FROM sbtest6 WHERE k BETWEEN 997380 AND 997480
	Bitmap Heap Scan on sbtest6  (cost=5.39..373.91 rows=93 width=125)
	  Recheck Cond: ((k >= 997380) AND (k <= 997480))
	  ->  Bitmap Index Scan on k_6  (cost=0.00..5.36 rows=93 width=0)
	        Index Cond: ((k >= 997380) AND (k <= 997480))

table 7 : explain SELECT k, c FROM sbtest7 WHERE k BETWEEN 997380 AND 997480
	Bitmap Heap Scan on sbtest7  (cost=5.50..417.33 rows=104 width=125)
	  Recheck Cond: ((k >= 997380) AND (k <= 997480))
	  ->  Bitmap Index Scan on k_7  (cost=0.00..5.47 rows=104 width=0)
	        Index Cond: ((k >= 997380) AND (k <= 997480))

table 8 : explain SELECT k, c FROM sbtest8 WHERE k BETWEEN 997380 AND 997480
	Bitmap Heap Scan on sbtest8  (cost=5.46..401.56 rows=100 width=125)
	  Recheck Cond: ((k >= 997380) AND (k <= 997480))
	  ->  Bitmap Index Scan on k_8  (cost=0.00..5.43 rows=100 width=0)
	        Index Cond: ((k >= 997380) AND (k <= 997480))

explain: for range-notcovered :: explain SELECT k, c FROM sbtest%d WHERE k BETWEEN 993433 AND 993533
explain: for range-notcovered :: explain SELECT k, c FROM sbtest%d WHERE k BETWEEN 997380 AND 997480
for range-notcovered
table 1 : explain SELECT k, c FROM sbtest1 WHERE k BETWEEN 7878465 AND 7878565
	Bitmap Heap Scan on sbtest1  (cost=5.51..421.16 rows=105 width=125)
	  Recheck Cond: ((k >= 7878465) AND (k <= 7878565))
	  ->  Bitmap Index Scan on k_1  (cost=0.00..5.48 rows=105 width=0)
	        Index Cond: ((k >= 7878465) AND (k <= 7878565))

table 2 : explain SELECT k, c FROM sbtest2 WHERE k BETWEEN 7878465 AND 7878565
	Bitmap Heap Scan on sbtest2  (cost=5.37..365.98 rows=91 width=125)
	  Recheck Cond: ((k >= 7878465) AND (k <= 7878565))
	  ->  Bitmap Index Scan on k_2  (cost=0.00..5.34 rows=91 width=0)
	        Index Cond: ((k >= 7878465) AND (k <= 7878565))

table 3 : explain SELECT k, c FROM sbtest3 WHERE k BETWEEN 7878465 AND 7878565
	Bitmap Heap Scan on sbtest3  (cost=5.49..413.32 rows=103 width=125)
	  Recheck Cond: ((k >= 7878465) AND (k <= 7878565))
	  ->  Bitmap Index Scan on k_3  (cost=0.00..5.46 rows=103 width=0)
	        Index Cond: ((k >= 7878465) AND (k <= 7878565))

table 4 : explain SELECT k, c FROM sbtest4 WHERE k BETWEEN 7878465 AND 7878565
	Bitmap Heap Scan on sbtest4  (cost=5.45..397.58 rows=99 width=125)
	  Recheck Cond: ((k >= 7878465) AND (k <= 7878565))
	  ->  Bitmap Index Scan on k_4  (cost=0.00..5.42 rows=99 width=0)
	        Index Cond: ((k >= 7878465) AND (k <= 7878565))

table 5 : explain SELECT k, c FROM sbtest5 WHERE k BETWEEN 7878465 AND 7878565
	Bitmap Heap Scan on sbtest5  (cost=5.57..444.88 rows=111 width=125)
	  Recheck Cond: ((k >= 7878465) AND (k <= 7878565))
	  ->  Bitmap Index Scan on k_5  (cost=0.00..5.54 rows=111 width=0)
	        Index Cond: ((k >= 7878465) AND (k <= 7878565))

table 6 : explain SELECT k, c FROM sbtest6 WHERE k BETWEEN 7878465 AND 7878565
	Bitmap Heap Scan on sbtest6  (cost=5.45..397.58 rows=99 width=125)
	  Recheck Cond: ((k >= 7878465) AND (k <= 7878565))
	  ->  Bitmap Index Scan on k_6  (cost=0.00..5.42 rows=99 width=0)
	        Index Cond: ((k >= 7878465) AND (k <= 7878565))

table 7 : explain SELECT k, c FROM sbtest7 WHERE k BETWEEN 7878465 AND 7878565
	Bitmap Heap Scan on sbtest7  (cost=5.52..425.22 rows=106 width=125)
	  Recheck Cond: ((k >= 7878465) AND (k <= 7878565))
	  ->  Bitmap Index Scan on k_7  (cost=0.00..5.50 rows=106 width=0)
	        Index Cond: ((k >= 7878465) AND (k <= 7878565))

table 8 : explain SELECT k, c FROM sbtest8 WHERE k BETWEEN 7878465 AND 7878565
	Bitmap Heap Scan on sbtest8  (cost=5.58..448.86 rows=112 width=125)
	  Recheck Cond: ((k >= 7878465) AND (k <= 7878565))
	  ->  Bitmap Index Scan on k_8  (cost=0.00..5.55 rows=112 width=0)
	        Index Cond: ((k >= 7878465) AND (k <= 7878565))

explain: for range-notcovered :: explain SELECT k, c FROM sbtest%d WHERE k BETWEEN 7878465 AND 7878565
for range-notcovered
table 1 : explain SELECT k, c FROM sbtest1 WHERE k BETWEEN 6396148 AND 6396248
	Bitmap Heap Scan on sbtest1  (cost=5.55..436.92 rows=109 width=125)
	  Recheck Cond: ((k >= 6396148) AND (k <= 6396248))
	  ->  Bitmap Index Scan on k_1  (cost=0.00..5.52 rows=109 width=0)
	        Index Cond: ((k >= 6396148) AND (k <= 6396248))

table 2 : explain SELECT k, c FROM sbtest2 WHERE k BETWEEN 6396148 AND 6396248
	Bitmap Heap Scan on sbtest2  (cost=5.43..389.66 rows=97 width=125)
	  Recheck Cond: ((k >= 6396148) AND (k <= 6396248))
	  ->  Bitmap Index Scan on k_2  (cost=0.00..5.40 rows=97 width=0)
	        Index Cond: ((k >= 6396148) AND (k <= 6396248))

table 3 : explain SELECT k, c FROM sbtest3 WHERE k BETWEEN 6396148 AND 6396248
	Bitmap Heap Scan on sbtest3  (cost=5.52..425.14 rows=106 width=125)
	  Recheck Cond: ((k >= 6396148) AND (k <= 6396248))
	  ->  Bitmap Index Scan on k_3  (cost=0.00..5.50 rows=106 width=0)
	        Index Cond: ((k >= 6396148) AND (k <= 6396248))

table 4 : explain SELECT k, c FROM sbtest4 WHERE k BETWEEN 6396148 AND 6396248
	Bitmap Heap Scan on sbtest4  (cost=5.53..429.12 rows=107 width=125)
	  Recheck Cond: ((k >= 6396148) AND (k <= 6396248))
	  ->  Bitmap Index Scan on k_4  (cost=0.00..5.50 rows=107 width=0)
	        Index Cond: ((k >= 6396148) AND (k <= 6396248))

table 5 : explain SELECT k, c FROM sbtest5 WHERE k BETWEEN 6396148 AND 6396248
	Bitmap Heap Scan on sbtest5  (cost=5.47..405.47 rows=101 width=125)
	  Recheck Cond: ((k >= 6396148) AND (k <= 6396248))
	  ->  Bitmap Index Scan on k_5  (cost=0.00..5.44 rows=101 width=0)
	        Index Cond: ((k >= 6396148) AND (k <= 6396248))

table 6 : explain SELECT k, c FROM sbtest6 WHERE k BETWEEN 6396148 AND 6396248
	Bitmap Heap Scan on sbtest6  (cost=5.50..417.30 rows=104 width=125)
	  Recheck Cond: ((k >= 6396148) AND (k <= 6396248))
	  ->  Bitmap Index Scan on k_6  (cost=0.00..5.47 rows=104 width=0)
	        Index Cond: ((k >= 6396148) AND (k <= 6396248))

table 7 : explain SELECT k, c FROM sbtest7 WHERE k BETWEEN 6396148 AND 6396248
	Bitmap Heap Scan on sbtest7  (cost=5.52..425.22 rows=106 width=125)
	  Recheck Cond: ((k >= 6396148) AND (k <= 6396248))
	  ->  Bitmap Index Scan on k_7  (cost=0.00..5.50 rows=106 width=0)
	        Index Cond: ((k >= 6396148) AND (k <= 6396248))

table 8 : explain SELECT k, c FROM sbtest8 WHERE k BETWEEN 6396148 AND 6396248
	Bitmap Heap Scan on sbtest8  (cost=5.44..393.67 rows=98 width=125)
	  Recheck Cond: ((k >= 6396148) AND (k <= 6396248))
	  ->  Bitmap Index Scan on k_8  (cost=0.00..5.42 rows=98 width=0)
	        Index Cond: ((k >= 6396148) AND (k <= 6396248))

for range-notcovered
table 1 : explain SELECT k, c FROM sbtest1 WHERE k BETWEEN 5390424 AND 5390524
	Bitmap Heap Scan on sbtest1  (cost=5.40..377.79 rows=94 width=125)
	  Recheck Cond: ((k >= 5390424) AND (k <= 5390524))
	  ->  Bitmap Index Scan on k_1  (cost=0.00..5.38 rows=94 width=0)
	        Index Cond: ((k >= 5390424) AND (k <= 5390524))

table 2 : explain SELECT k, c FROM sbtest2 WHERE k BETWEEN 5390424 AND 5390524
	Bitmap Heap Scan on sbtest2  (cost=5.54..433.02 rows=108 width=125)
	  Recheck Cond: ((k >= 5390424) AND (k <= 5390524))
	  ->  Bitmap Index Scan on k_2  (cost=0.00..5.51 rows=108 width=0)
	        Index Cond: ((k >= 5390424) AND (k <= 5390524))

table 3 : explain SELECT k, c FROM sbtest3 WHERE k BETWEEN 5390424 AND 5390524
	Bitmap Heap Scan on sbtest3  (cost=5.52..425.14 rows=106 width=125)
	  Recheck Cond: ((k >= 5390424) AND (k <= 5390524))
	  ->  Bitmap Index Scan on k_3  (cost=0.00..5.50 rows=106 width=0)
	        Index Cond: ((k >= 5390424) AND (k <= 5390524))

table 4 : explain SELECT k, c FROM sbtest4 WHERE k BETWEEN 5390424 AND 5390524
	Bitmap Heap Scan on sbtest4  (cost=5.54..433.06 rows=108 width=125)
	  Recheck Cond: ((k >= 5390424) AND (k <= 5390524))
	  ->  Bitmap Index Scan on k_4  (cost=0.00..5.51 rows=108 width=0)
	        Index Cond: ((k >= 5390424) AND (k <= 5390524))

table 5 : explain SELECT k, c FROM sbtest5 WHERE k BETWEEN 5390424 AND 5390524
	Bitmap Heap Scan on sbtest5  (cost=5.55..437.00 rows=109 width=125)
	  Recheck Cond: ((k >= 5390424) AND (k <= 5390524))
	  ->  Bitmap Index Scan on k_5  (cost=0.00..5.52 rows=109 width=0)
	        Index Cond: ((k >= 5390424) AND (k <= 5390524))

table 6 : explain SELECT k, c FROM sbtest6 WHERE k BETWEEN 5390424 AND 5390524
	Bitmap Heap Scan on sbtest6  (cost=5.56..440.95 rows=110 width=125)
	  Recheck Cond: ((k >= 5390424) AND (k <= 5390524))
	  ->  Bitmap Index Scan on k_6  (cost=0.00..5.53 rows=110 width=0)
	        Index Cond: ((k >= 5390424) AND (k <= 5390524))

table 7 : explain SELECT k, c FROM sbtest7 WHERE k BETWEEN 5390424 AND 5390524
	Bitmap Heap Scan on sbtest7  (cost=5.41..381.83 rows=95 width=125)
	  Recheck Cond: ((k >= 5390424) AND (k <= 5390524))
	  ->  Bitmap Index Scan on k_7  (cost=0.00..5.38 rows=95 width=0)
	        Index Cond: ((k >= 5390424) AND (k <= 5390524))

table 8 : explain SELECT k, c FROM sbtest8 WHERE k BETWEEN 5390424 AND 5390524
	Bitmap Heap Scan on sbtest8  (cost=5.64..472.49 rows=118 width=125)
	  Recheck Cond: ((k >= 5390424) AND (k <= 5390524))
	  ->  Bitmap Index Scan on k_8  (cost=0.00..5.61 rows=118 width=0)
	        Index Cond: ((k >= 5390424) AND (k <= 5390524))

for range-notcovered
table 1 : explain SELECT k, c FROM sbtest1 WHERE k BETWEEN 3772374 AND 3772474
	Bitmap Heap Scan on sbtest1  (cost=5.53..429.04 rows=107 width=125)
	  Recheck Cond: ((k >= 3772374) AND (k <= 3772474))
	  ->  Bitmap Index Scan on k_1  (cost=0.00..5.50 rows=107 width=0)
	        Index Cond: ((k >= 3772374) AND (k <= 3772474))

table 2 : explain SELECT k, c FROM sbtest2 WHERE k BETWEEN 3772374 AND 3772474
	Bitmap Heap Scan on sbtest2  (cost=5.48..409.37 rows=102 width=125)
	  Recheck Cond: ((k >= 3772374) AND (k <= 3772474))
	  ->  Bitmap Index Scan on k_2  (cost=0.00..5.45 rows=102 width=0)
	        Index Cond: ((k >= 3772374) AND (k <= 3772474))

table 3 : explain SELECT k, c FROM sbtest3 WHERE k BETWEEN 3772374 AND 3772474
	Bitmap Heap Scan on sbtest3  (cost=5.36..362.04 rows=90 width=125)
	  Recheck Cond: ((k >= 3772374) AND (k <= 3772474))
	  ->  Bitmap Index Scan on k_3  (cost=0.00..5.33 rows=90 width=0)
	        Index Cond: ((k >= 3772374) AND (k <= 3772474))

table 4 : explain SELECT k, c FROM sbtest4 WHERE k BETWEEN 3772374 AND 3772474
	Bitmap Heap Scan on sbtest4  (cost=5.55..437.00 rows=109 width=125)
	  Recheck Cond: ((k >= 3772374) AND (k <= 3772474))
	  ->  Bitmap Index Scan on k_4  (cost=0.00..5.52 rows=109 width=0)
	        Index Cond: ((k >= 3772374) AND (k <= 3772474))

table 5 : explain SELECT k, c FROM sbtest5 WHERE k BETWEEN 3772374 AND 3772474
	Bitmap Heap Scan on sbtest5  (cost=5.44..393.64 rows=98 width=125)
	  Recheck Cond: ((k >= 3772374) AND (k <= 3772474))
	  ->  Bitmap Index Scan on k_5  (cost=0.00..5.42 rows=98 width=0)
	        Index Cond: ((k >= 3772374) AND (k <= 3772474))

table 6 : explain SELECT k, c FROM sbtest6 WHERE k BETWEEN 3772374 AND 3772474
	Bitmap Heap Scan on sbtest6  (cost=5.52..425.18 rows=106 width=125)
	  Recheck Cond: ((k >= 3772374) AND (k <= 3772474))
	  ->  Bitmap Index Scan on k_6  (cost=0.00..5.50 rows=106 width=0)
	        Index Cond: ((k >= 3772374) AND (k <= 3772474))

table 7 : explain SELECT k, c FROM sbtest7 WHERE k BETWEEN 3772374 AND 3772474
	Bitmap Heap Scan on sbtest7  (cost=5.47..405.50 rows=101 width=125)
	  Recheck Cond: ((k >= 3772374) AND (k <= 3772474))
	  ->  Bitmap Index Scan on k_7  (cost=0.00..5.44 rows=101 width=0)
	        Index Cond: ((k >= 3772374) AND (k <= 3772474))

table 8 : explain SELECT k, c FROM sbtest8 WHERE k BETWEEN 3772374 AND 3772474
	Bitmap Heap Scan on sbtest8  (cost=5.52..425.22 rows=106 width=125)
	  Recheck Cond: ((k >= 3772374) AND (k <= 3772474))
	  ->  Bitmap Index Scan on k_8  (cost=0.00..5.50 rows=106 width=0)
	        Index Cond: ((k >= 3772374) AND (k <= 3772474))

explain: for range-notcovered :: explain SELECT k, c FROM sbtest%d WHERE k BETWEEN 6396148 AND 6396248
explain: for range-notcovered :: explain SELECT k, c FROM sbtest%d WHERE k BETWEEN 3772374 AND 3772474
for range-notcovered
table 1 : explain SELECT k, c FROM sbtest1 WHERE k BETWEEN 993433 AND 993533
	Bitmap Heap Scan on sbtest1  (cost=5.52..425.10 rows=106 width=125)
	  Recheck Cond: ((k >= 993433) AND (k <= 993533))
	  ->  Bitmap Index Scan on k_1  (cost=0.00..5.50 rows=106 width=0)
	        Index Cond: ((k >= 993433) AND (k <= 993533))

table 2 : explain SELECT k, c FROM sbtest2 WHERE k BETWEEN 993433 AND 993533
	Bitmap Heap Scan on sbtest2  (cost=5.42..385.71 rows=96 width=125)
	  Recheck Cond: ((k >= 993433) AND (k <= 993533))
	  ->  Bitmap Index Scan on k_2  (cost=0.00..5.39 rows=96 width=0)
	        Index Cond: ((k >= 993433) AND (k <= 993533))

table 3 : explain SELECT k, c FROM sbtest3 WHERE k BETWEEN 993433 AND 993533
	Bitmap Heap Scan on sbtest3  (cost=5.51..421.20 rows=105 width=125)
	  Recheck Cond: ((k >= 993433) AND (k <= 993533))
	  ->  Bitmap Index Scan on k_3  (cost=0.00..5.48 rows=105 width=0)
	        Index Cond: ((k >= 993433) AND (k <= 993533))

table 4 : explain SELECT k, c FROM sbtest4 WHERE k BETWEEN 993433 AND 993533
	Bitmap Heap Scan on sbtest4  (cost=5.43..389.69 rows=97 width=125)
	  Recheck Cond: ((k >= 993433) AND (k <= 993533))
	  ->  Bitmap Index Scan on k_4  (cost=0.00..5.40 rows=97 width=0)
	        Index Cond: ((k >= 993433) AND (k <= 993533))

table 5 : explain SELECT k, c FROM sbtest5 WHERE k BETWEEN 993433 AND 993533
	Bitmap Heap Scan on sbtest5  (cost=5.49..413.35 rows=103 width=125)
	  Recheck Cond: ((k >= 993433) AND (k <= 993533))
	  ->  Bitmap Index Scan on k_5  (cost=0.00..5.46 rows=103 width=0)
	        Index Cond: ((k >= 993433) AND (k <= 993533))

table 6 : explain SELECT k, c FROM sbtest6 WHERE k BETWEEN 993433 AND 993533
	Bitmap Heap Scan on sbtest6  (cost=5.39..373.91 rows=93 width=125)
	  Recheck Cond: ((k >= 993433) AND (k <= 993533))
	  ->  Bitmap Index Scan on k_6  (cost=0.00..5.36 rows=93 width=0)
	        Index Cond: ((k >= 993433) AND (k <= 993533))

table 7 : explain SELECT k, c FROM sbtest7 WHERE k BETWEEN 993433 AND 993533
	Bitmap Heap Scan on sbtest7  (cost=5.50..417.33 rows=104 width=125)
	  Recheck Cond: ((k >= 993433) AND (k <= 993533))
	  ->  Bitmap Index Scan on k_7  (cost=0.00..5.47 rows=104 width=0)
	        Index Cond: ((k >= 993433) AND (k <= 993533))

table 8 : explain SELECT k, c FROM sbtest8 WHERE k BETWEEN 993433 AND 993533
	Bitmap Heap Scan on sbtest8  (cost=5.46..401.56 rows=100 width=125)
	  Recheck Cond: ((k >= 993433) AND (k <= 993533))
	  ->  Bitmap Index Scan on k_8  (cost=0.00..5.43 rows=100 width=0)
	        Index Cond: ((k >= 993433) AND (k <= 993533))

explain: for range-notcovered :: explain SELECT k, c FROM sbtest%d WHERE k BETWEEN 993433 AND 993533
for range-notcovered
table 1 : explain SELECT k, c FROM sbtest1 WHERE k BETWEEN 997380 AND 997480
	Bitmap Heap Scan on sbtest1  (cost=5.52..425.10 rows=106 width=125)
	  Recheck Cond: ((k >= 997380) AND (k <= 997480))
	  ->  Bitmap Index Scan on k_1  (cost=0.00..5.50 rows=106 width=0)
	        Index Cond: ((k >= 997380) AND (k <= 997480))

table 2 : explain SELECT k, c FROM sbtest2 WHERE k BETWEEN 997380 AND 997480
	Bitmap Heap Scan on sbtest2  (cost=5.42..385.71 rows=96 width=125)
	  Recheck Cond: ((k >= 997380) AND (k <= 997480))
	  ->  Bitmap Index Scan on k_2  (cost=0.00..5.39 rows=96 width=0)
	        Index Cond: ((k >= 997380) AND (k <= 997480))

table 3 : explain SELECT k, c FROM sbtest3 WHERE k BETWEEN 997380 AND 997480
	Bitmap Heap Scan on sbtest3  (cost=5.51..421.20 rows=105 width=125)
	  Recheck Cond: ((k >= 997380) AND (k <= 997480))
	  ->  Bitmap Index Scan on k_3  (cost=0.00..5.48 rows=105 width=0)
	        Index Cond: ((k >= 997380) AND (k <= 997480))

table 4 : explain SELECT k, c FROM sbtest4 WHERE k BETWEEN 997380 AND 997480
	Bitmap Heap Scan on sbtest4  (cost=5.43..389.69 rows=97 width=125)
	  Recheck Cond: ((k >= 997380) AND (k <= 997480))
	  ->  Bitmap Index Scan on k_4  (cost=0.00..5.40 rows=97 width=0)
	        Index Cond: ((k >= 997380) AND (k <= 997480))

table 5 : explain SELECT k, c FROM sbtest5 WHERE k BETWEEN 997380 AND 997480
	Bitmap Heap Scan on sbtest5  (cost=5.49..413.35 rows=103 width=125)
	  Recheck Cond: ((k >= 997380) AND (k <= 997480))
	  ->  Bitmap Index Scan on k_5  (cost=0.00..5.46 rows=103 width=0)
	        Index Cond: ((k >= 997380) AND (k <= 997480))

table 6 : explain SELECT k, c FROM sbtest6 WHERE k BETWEEN 997380 AND 997480
	Bitmap Heap Scan on sbtest6  (cost=5.39..373.91 rows=93 width=125)
	  Recheck Cond: ((k >= 997380) AND (k <= 997480))
	  ->  Bitmap Index Scan on k_6  (cost=0.00..5.36 rows=93 width=0)
	        Index Cond: ((k >= 997380) AND (k <= 997480))

table 7 : explain SELECT k, c FROM sbtest7 WHERE k BETWEEN 997380 AND 997480
	Bitmap Heap Scan on sbtest7  (cost=5.50..417.33 rows=104 width=125)
	  Recheck Cond: ((k >= 997380) AND (k <= 997480))
	  ->  Bitmap Index Scan on k_7  (cost=0.00..5.47 rows=104 width=0)
	        Index Cond: ((k >= 997380) AND (k <= 997480))

table 8 : explain SELECT k, c FROM sbtest8 WHERE k BETWEEN 997380 AND 997480
	Bitmap Heap Scan on sbtest8  (cost=5.46..401.56 rows=100 width=125)
	  Recheck Cond: ((k >= 997380) AND (k <= 997480))
	  ->  Bitmap Index Scan on k_8  (cost=0.00..5.43 rows=100 width=0)
	        Index Cond: ((k >= 997380) AND (k <= 997480))

explain: for range-notcovered :: explain SELECT k, c FROM sbtest%d WHERE k BETWEEN 997380 AND 997480
for range-notcovered
table 1 : explain SELECT k, c FROM sbtest1 WHERE k BETWEEN 7878465 AND 7878565
	Bitmap Heap Scan on sbtest1  (cost=5.51..421.16 rows=105 width=125)
	  Recheck Cond: ((k >= 7878465) AND (k <= 7878565))
	  ->  Bitmap Index Scan on k_1  (cost=0.00..5.48 rows=105 width=0)
	        Index Cond: ((k >= 7878465) AND (k <= 7878565))

table 2 : explain SELECT k, c FROM sbtest2 WHERE k BETWEEN 7878465 AND 7878565
	Bitmap Heap Scan on sbtest2  (cost=5.37..365.98 rows=91 width=125)
	  Recheck Cond: ((k >= 7878465) AND (k <= 7878565))
	  ->  Bitmap Index Scan on k_2  (cost=0.00..5.34 rows=91 width=0)
	        Index Cond: ((k >= 7878465) AND (k <= 7878565))

table 3 : explain SELECT k, c FROM sbtest3 WHERE k BETWEEN 7878465 AND 7878565
	Bitmap Heap Scan on sbtest3  (cost=5.49..413.32 rows=103 width=125)
	  Recheck Cond: ((k >= 7878465) AND (k <= 7878565))
	  ->  Bitmap Index Scan on k_3  (cost=0.00..5.46 rows=103 width=0)
	        Index Cond: ((k >= 7878465) AND (k <= 7878565))

table 4 : explain SELECT k, c FROM sbtest4 WHERE k BETWEEN 7878465 AND 7878565
	Bitmap Heap Scan on sbtest4  (cost=5.45..397.58 rows=99 width=125)
	  Recheck Cond: ((k >= 7878465) AND (k <= 7878565))
	  ->  Bitmap Index Scan on k_4  (cost=0.00..5.42 rows=99 width=0)
	        Index Cond: ((k >= 7878465) AND (k <= 7878565))

table 5 : explain SELECT k, c FROM sbtest5 WHERE k BETWEEN 7878465 AND 7878565
	Bitmap Heap Scan on sbtest5  (cost=5.57..444.88 rows=111 width=125)
	  Recheck Cond: ((k >= 7878465) AND (k <= 7878565))
	  ->  Bitmap Index Scan on k_5  (cost=0.00..5.54 rows=111 width=0)
	        Index Cond: ((k >= 7878465) AND (k <= 7878565))

table 6 : explain SELECT k, c FROM sbtest6 WHERE k BETWEEN 7878465 AND 7878565
	Bitmap Heap Scan on sbtest6  (cost=5.45..397.58 rows=99 width=125)
	  Recheck Cond: ((k >= 7878465) AND (k <= 7878565))
	  ->  Bitmap Index Scan on k_6  (cost=0.00..5.42 rows=99 width=0)
	        Index Cond: ((k >= 7878465) AND (k <= 7878565))

table 7 : explain SELECT k, c FROM sbtest7 WHERE k BETWEEN 7878465 AND 7878565
	Bitmap Heap Scan on sbtest7  (cost=5.52..425.22 rows=106 width=125)
	  Recheck Cond: ((k >= 7878465) AND (k <= 7878565))
	  ->  Bitmap Index Scan on k_7  (cost=0.00..5.50 rows=106 width=0)
	        Index Cond: ((k >= 7878465) AND (k <= 7878565))

table 8 : explain SELECT k, c FROM sbtest8 WHERE k BETWEEN 7878465 AND 7878565
	Bitmap Heap Scan on sbtest8  (cost=5.58..448.86 rows=112 width=125)
	  Recheck Cond: ((k >= 7878465) AND (k <= 7878565))
	  ->  Bitmap Index Scan on k_8  (cost=0.00..5.55 rows=112 width=0)
	        Index Cond: ((k >= 7878465) AND (k <= 7878565))

explain: for range-notcovered :: explain SELECT k, c FROM sbtest%d WHERE k BETWEEN 7878465 AND 7878565
for range-notcovered
table 1 : explain SELECT k, c FROM sbtest1 WHERE k BETWEEN 6396148 AND 6396248
	Bitmap Heap Scan on sbtest1  (cost=5.55..436.92 rows=109 width=125)
	  Recheck Cond: ((k >= 6396148) AND (k <= 6396248))
	  ->  Bitmap Index Scan on k_1  (cost=0.00..5.52 rows=109 width=0)
	        Index Cond: ((k >= 6396148) AND (k <= 6396248))

table 2 : explain SELECT k, c FROM sbtest2 WHERE k BETWEEN 6396148 AND 6396248
	Bitmap Heap Scan on sbtest2  (cost=5.43..389.66 rows=97 width=125)
	  Recheck Cond: ((k >= 6396148) AND (k <= 6396248))
	  ->  Bitmap Index Scan on k_2  (cost=0.00..5.40 rows=97 width=0)
	        Index Cond: ((k >= 6396148) AND (k <= 6396248))

table 3 : explain SELECT k, c FROM sbtest3 WHERE k BETWEEN 6396148 AND 6396248
	Bitmap Heap Scan on sbtest3  (cost=5.52..425.14 rows=106 width=125)
	  Recheck Cond: ((k >= 6396148) AND (k <= 6396248))
	  ->  Bitmap Index Scan on k_3  (cost=0.00..5.50 rows=106 width=0)
	        Index Cond: ((k >= 6396148) AND (k <= 6396248))

table 4 : explain SELECT k, c FROM sbtest4 WHERE k BETWEEN 6396148 AND 6396248
	Bitmap Heap Scan on sbtest4  (cost=5.53..429.12 rows=107 width=125)
	  Recheck Cond: ((k >= 6396148) AND (k <= 6396248))
	  ->  Bitmap Index Scan on k_4  (cost=0.00..5.50 rows=107 width=0)
	        Index Cond: ((k >= 6396148) AND (k <= 6396248))

table 5 : explain SELECT k, c FROM sbtest5 WHERE k BETWEEN 6396148 AND 6396248
	Bitmap Heap Scan on sbtest5  (cost=5.47..405.47 rows=101 width=125)
	  Recheck Cond: ((k >= 6396148) AND (k <= 6396248))
	  ->  Bitmap Index Scan on k_5  (cost=0.00..5.44 rows=101 width=0)
	        Index Cond: ((k >= 6396148) AND (k <= 6396248))

table 6 : explain SELECT k, c FROM sbtest6 WHERE k BETWEEN 6396148 AND 6396248
	Bitmap Heap Scan on sbtest6  (cost=5.50..417.30 rows=104 width=125)
	  Recheck Cond: ((k >= 6396148) AND (k <= 6396248))
	  ->  Bitmap Index Scan on k_6  (cost=0.00..5.47 rows=104 width=0)
	        Index Cond: ((k >= 6396148) AND (k <= 6396248))

table 7 : explain SELECT k, c FROM sbtest7 WHERE k BETWEEN 6396148 AND 6396248
	Bitmap Heap Scan on sbtest7  (cost=5.52..425.22 rows=106 width=125)
	  Recheck Cond: ((k >= 6396148) AND (k <= 6396248))
	  ->  Bitmap Index Scan on k_7  (cost=0.00..5.50 rows=106 width=0)
	        Index Cond: ((k >= 6396148) AND (k <= 6396248))

table 8 : explain SELECT k, c FROM sbtest8 WHERE k BETWEEN 6396148 AND 6396248
	Bitmap Heap Scan on sbtest8  (cost=5.44..393.67 rows=98 width=125)
	  Recheck Cond: ((k >= 6396148) AND (k <= 6396248))
	  ->  Bitmap Index Scan on k_8  (cost=0.00..5.42 rows=98 width=0)
	        Index Cond: ((k >= 6396148) AND (k <= 6396248))

for range-notcovered
table 1 : explain SELECT k, c FROM sbtest1 WHERE k BETWEEN 3772374 AND 3772474
	Bitmap Heap Scan on sbtest1  (cost=5.53..429.04 rows=107 width=125)
	  Recheck Cond: ((k >= 3772374) AND (k <= 3772474))
	  ->  Bitmap Index Scan on k_1  (cost=0.00..5.50 rows=107 width=0)
	        Index Cond: ((k >= 3772374) AND (k <= 3772474))

table 2 : explain SELECT k, c FROM sbtest2 WHERE k BETWEEN 3772374 AND 3772474
	Bitmap Heap Scan on sbtest2  (cost=5.48..409.37 rows=102 width=125)
	  Recheck Cond: ((k >= 3772374) AND (k <= 3772474))
	  ->  Bitmap Index Scan on k_2  (cost=0.00..5.45 rows=102 width=0)
	        Index Cond: ((k >= 3772374) AND (k <= 3772474))

table 3 : explain SELECT k, c FROM sbtest3 WHERE k BETWEEN 3772374 AND 3772474
	Bitmap Heap Scan on sbtest3  (cost=5.36..362.04 rows=90 width=125)
	  Recheck Cond: ((k >= 3772374) AND (k <= 3772474))
	  ->  Bitmap Index Scan on k_3  (cost=0.00..5.33 rows=90 width=0)
	        Index Cond: ((k >= 3772374) AND (k <= 3772474))

table 4 : explain SELECT k, c FROM sbtest4 WHERE k BETWEEN 3772374 AND 3772474
	Bitmap Heap Scan on sbtest4  (cost=5.55..437.00 rows=109 width=125)
	  Recheck Cond: ((k >= 3772374) AND (k <= 3772474))
	  ->  Bitmap Index Scan on k_4  (cost=0.00..5.52 rows=109 width=0)
	        Index Cond: ((k >= 3772374) AND (k <= 3772474))

table 5 : explain SELECT k, c FROM sbtest5 WHERE k BETWEEN 3772374 AND 3772474
	Bitmap Heap Scan on sbtest5  (cost=5.44..393.64 rows=98 width=125)
	  Recheck Cond: ((k >= 3772374) AND (k <= 3772474))
	  ->  Bitmap Index Scan on k_5  (cost=0.00..5.42 rows=98 width=0)
	        Index Cond: ((k >= 3772374) AND (k <= 3772474))

table 6 : explain SELECT k, c FROM sbtest6 WHERE k BETWEEN 3772374 AND 3772474
	Bitmap Heap Scan on sbtest6  (cost=5.52..425.18 rows=106 width=125)
	  Recheck Cond: ((k >= 3772374) AND (k <= 3772474))
	  ->  Bitmap Index Scan on k_6  (cost=0.00..5.50 rows=106 width=0)
	        Index Cond: ((k >= 3772374) AND (k <= 3772474))

table 7 : explain SELECT k, c FROM sbtest7 WHERE k BETWEEN 3772374 AND 3772474
	Bitmap Heap Scan on sbtest7  (cost=5.47..405.50 rows=101 width=125)
	  Recheck Cond: ((k >= 3772374) AND (k <= 3772474))
	  ->  Bitmap Index Scan on k_7  (cost=0.00..5.44 rows=101 width=0)
	        Index Cond: ((k >= 3772374) AND (k <= 3772474))

table 8 : explain SELECT k, c FROM sbtest8 WHERE k BETWEEN 3772374 AND 3772474
	Bitmap Heap Scan on sbtest8  (cost=5.52..425.22 rows=106 width=125)
	  Recheck Cond: ((k >= 3772374) AND (k <= 3772474))
	  ->  Bitmap Index Scan on k_8  (cost=0.00..5.50 rows=106 width=0)
	        Index Cond: ((k >= 3772374) AND (k <= 3772474))

explain: for range-notcovered :: explain SELECT k, c FROM sbtest%d WHERE k BETWEEN 3772374 AND 3772474
for range-notcovered
table 1 : explain SELECT k, c FROM sbtest1 WHERE k BETWEEN 993433 AND 993533
	Bitmap Heap Scan on sbtest1  (cost=5.52..425.10 rows=106 width=125)
	  Recheck Cond: ((k >= 993433) AND (k <= 993533))
	  ->  Bitmap Index Scan on k_1  (cost=0.00..5.50 rows=106 width=0)
	        Index Cond: ((k >= 993433) AND (k <= 993533))

table 2 : explain SELECT k, c FROM sbtest2 WHERE k BETWEEN 993433 AND 993533
	Bitmap Heap Scan on sbtest2  (cost=5.42..385.71 rows=96 width=125)
	  Recheck Cond: ((k >= 993433) AND (k <= 993533))
	  ->  Bitmap Index Scan on k_2  (cost=0.00..5.39 rows=96 width=0)
	        Index Cond: ((k >= 993433) AND (k <= 993533))

table 3 : explain SELECT k, c FROM sbtest3 WHERE k BETWEEN 993433 AND 993533
	Bitmap Heap Scan on sbtest3  (cost=5.51..421.20 rows=105 width=125)
	  Recheck Cond: ((k >= 993433) AND (k <= 993533))
	  ->  Bitmap Index Scan on k_3  (cost=0.00..5.48 rows=105 width=0)
	        Index Cond: ((k >= 993433) AND (k <= 993533))

table 4 : explain SELECT k, c FROM sbtest4 WHERE k BETWEEN 993433 AND 993533
	Bitmap Heap Scan on sbtest4  (cost=5.43..389.69 rows=97 width=125)
	  Recheck Cond: ((k >= 993433) AND (k <= 993533))
	  ->  Bitmap Index Scan on k_4  (cost=0.00..5.40 rows=97 width=0)
	        Index Cond: ((k >= 993433) AND (k <= 993533))

table 5 : explain SELECT k, c FROM sbtest5 WHERE k BETWEEN 993433 AND 993533
	Bitmap Heap Scan on sbtest5  (cost=5.49..413.35 rows=103 width=125)
	  Recheck Cond: ((k >= 993433) AND (k <= 993533))
	  ->  Bitmap Index Scan on k_5  (cost=0.00..5.46 rows=103 width=0)
	        Index Cond: ((k >= 993433) AND (k <= 993533))

table 6 : explain SELECT k, c FROM sbtest6 WHERE k BETWEEN 993433 AND 993533
	Bitmap Heap Scan on sbtest6  (cost=5.39..373.91 rows=93 width=125)
	  Recheck Cond: ((k >= 993433) AND (k <= 993533))
	  ->  Bitmap Index Scan on k_6  (cost=0.00..5.36 rows=93 width=0)
	        Index Cond: ((k >= 993433) AND (k <= 993533))

table 7 : explain SELECT k, c FROM sbtest7 WHERE k BETWEEN 993433 AND 993533
	Bitmap Heap Scan on sbtest7  (cost=5.50..417.33 rows=104 width=125)
	  Recheck Cond: ((k >= 993433) AND (k <= 993533))
	  ->  Bitmap Index Scan on k_7  (cost=0.00..5.47 rows=104 width=0)
	        Index Cond: ((k >= 993433) AND (k <= 993533))

table 8 : explain SELECT k, c FROM sbtest8 WHERE k BETWEEN 993433 AND 993533
	Bitmap Heap Scan on sbtest8  (cost=5.46..401.56 rows=100 width=125)
	  Recheck Cond: ((k >= 993433) AND (k <= 993533))
	  ->  Bitmap Index Scan on k_8  (cost=0.00..5.43 rows=100 width=0)
	        Index Cond: ((k >= 993433) AND (k <= 993533))

explain: for range-notcovered :: explain SELECT k, c FROM sbtest%d WHERE k BETWEEN 993433 AND 993533
for range-notcovered
table 1 : explain SELECT k, c FROM sbtest1 WHERE k BETWEEN 997380 AND 997480
	Bitmap Heap Scan on sbtest1  (cost=5.52..425.10 rows=106 width=125)
	  Recheck Cond: ((k >= 997380) AND (k <= 997480))
	  ->  Bitmap Index Scan on k_1  (cost=0.00..5.50 rows=106 width=0)
	        Index Cond: ((k >= 997380) AND (k <= 997480))

table 2 : explain SELECT k, c FROM sbtest2 WHERE k BETWEEN 997380 AND 997480
	Bitmap Heap Scan on sbtest2  (cost=5.42..385.71 rows=96 width=125)
	  Recheck Cond: ((k >= 997380) AND (k <= 997480))
	  ->  Bitmap Index Scan on k_2  (cost=0.00..5.39 rows=96 width=0)
	        Index Cond: ((k >= 997380) AND (k <= 997480))

table 3 : explain SELECT k, c FROM sbtest3 WHERE k BETWEEN 997380 AND 997480
	Bitmap Heap Scan on sbtest3  (cost=5.51..421.20 rows=105 width=125)
	  Recheck Cond: ((k >= 997380) AND (k <= 997480))
	  ->  Bitmap Index Scan on k_3  (cost=0.00..5.48 rows=105 width=0)
	        Index Cond: ((k >= 997380) AND (k <= 997480))

table 4 : explain SELECT k, c FROM sbtest4 WHERE k BETWEEN 997380 AND 997480
	Bitmap Heap Scan on sbtest4  (cost=5.43..389.69 rows=97 width=125)
	  Recheck Cond: ((k >= 997380) AND (k <= 997480))
	  ->  Bitmap Index Scan on k_4  (cost=0.00..5.40 rows=97 width=0)
	        Index Cond: ((k >= 997380) AND (k <= 997480))

table 5 : explain SELECT k, c FROM sbtest5 WHERE k BETWEEN 997380 AND 997480
	Bitmap Heap Scan on sbtest5  (cost=5.49..413.35 rows=103 width=125)
	  Recheck Cond: ((k >= 997380) AND (k <= 997480))
	  ->  Bitmap Index Scan on k_5  (cost=0.00..5.46 rows=103 width=0)
	        Index Cond: ((k >= 997380) AND (k <= 997480))

table 6 : explain SELECT k, c FROM sbtest6 WHERE k BETWEEN 997380 AND 997480
	Bitmap Heap Scan on sbtest6  (cost=5.39..373.91 rows=93 width=125)
	  Recheck Cond: ((k >= 997380) AND (k <= 997480))
	  ->  Bitmap Index Scan on k_6  (cost=0.00..5.36 rows=93 width=0)
	        Index Cond: ((k >= 997380) AND (k <= 997480))

table 7 : explain SELECT k, c FROM sbtest7 WHERE k BETWEEN 997380 AND 997480
	Bitmap Heap Scan on sbtest7  (cost=5.50..417.33 rows=104 width=125)
	  Recheck Cond: ((k >= 997380) AND (k <= 997480))
	  ->  Bitmap Index Scan on k_7  (cost=0.00..5.47 rows=104 width=0)
	        Index Cond: ((k >= 997380) AND (k <= 997480))

table 8 : explain SELECT k, c FROM sbtest8 WHERE k BETWEEN 997380 AND 997480
	Bitmap Heap Scan on sbtest8  (cost=5.46..401.56 rows=100 width=125)
	  Recheck Cond: ((k >= 997380) AND (k <= 997480))
	  ->  Bitmap Index Scan on k_8  (cost=0.00..5.43 rows=100 width=0)
	        Index Cond: ((k >= 997380) AND (k <= 997480))

explain: for range-notcovered :: explain SELECT k, c FROM sbtest%d WHERE k BETWEEN 997380 AND 997480
for range-notcovered
table 1 : explain SELECT k, c FROM sbtest1 WHERE k BETWEEN 7878465 AND 7878565
	Bitmap Heap Scan on sbtest1  (cost=5.51..421.16 rows=105 width=125)
	  Recheck Cond: ((k >= 7878465) AND (k <= 7878565))
	  ->  Bitmap Index Scan on k_1  (cost=0.00..5.48 rows=105 width=0)
	        Index Cond: ((k >= 7878465) AND (k <= 7878565))

table 2 : explain SELECT k, c FROM sbtest2 WHERE k BETWEEN 7878465 AND 7878565
	Bitmap Heap Scan on sbtest2  (cost=5.37..365.98 rows=91 width=125)
	  Recheck Cond: ((k >= 7878465) AND (k <= 7878565))
	  ->  Bitmap Index Scan on k_2  (cost=0.00..5.34 rows=91 width=0)
	        Index Cond: ((k >= 7878465) AND (k <= 7878565))

table 3 : explain SELECT k, c FROM sbtest3 WHERE k BETWEEN 7878465 AND 7878565
	Bitmap Heap Scan on sbtest3  (cost=5.49..413.32 rows=103 width=125)
	  Recheck Cond: ((k >= 7878465) AND (k <= 7878565))
	  ->  Bitmap Index Scan on k_3  (cost=0.00..5.46 rows=103 width=0)
	        Index Cond: ((k >= 7878465) AND (k <= 7878565))

table 4 : explain SELECT k, c FROM sbtest4 WHERE k BETWEEN 7878465 AND 7878565
	Bitmap Heap Scan on sbtest4  (cost=5.45..397.58 rows=99 width=125)
	  Recheck Cond: ((k >= 7878465) AND (k <= 7878565))
	  ->  Bitmap Index Scan on k_4  (cost=0.00..5.42 rows=99 width=0)
	        Index Cond: ((k >= 7878465) AND (k <= 7878565))

table 5 : explain SELECT k, c FROM sbtest5 WHERE k BETWEEN 7878465 AND 7878565
	Bitmap Heap Scan on sbtest5  (cost=5.57..444.88 rows=111 width=125)
	  Recheck Cond: ((k >= 7878465) AND (k <= 7878565))
	  ->  Bitmap Index Scan on k_5  (cost=0.00..5.54 rows=111 width=0)
	        Index Cond: ((k >= 7878465) AND (k <= 7878565))

table 6 : explain SELECT k, c FROM sbtest6 WHERE k BETWEEN 7878465 AND 7878565
	Bitmap Heap Scan on sbtest6  (cost=5.45..397.58 rows=99 width=125)
	  Recheck Cond: ((k >= 7878465) AND (k <= 7878565))
	  ->  Bitmap Index Scan on k_6  (cost=0.00..5.42 rows=99 width=0)
	        Index Cond: ((k >= 7878465) AND (k <= 7878565))

table 7 : explain SELECT k, c FROM sbtest7 WHERE k BETWEEN 7878465 AND 7878565
	Bitmap Heap Scan on sbtest7  (cost=5.52..425.22 rows=106 width=125)
	  Recheck Cond: ((k >= 7878465) AND (k <= 7878565))
	  ->  Bitmap Index Scan on k_7  (cost=0.00..5.50 rows=106 width=0)
	        Index Cond: ((k >= 7878465) AND (k <= 7878565))

table 8 : explain SELECT k, c FROM sbtest8 WHERE k BETWEEN 7878465 AND 7878565
	Bitmap Heap Scan on sbtest8  (cost=5.58..448.86 rows=112 width=125)
	  Recheck Cond: ((k >= 7878465) AND (k <= 7878565))
	  ->  Bitmap Index Scan on k_8  (cost=0.00..5.55 rows=112 width=0)
	        Index Cond: ((k >= 7878465) AND (k <= 7878565))

explain: for range-notcovered :: explain SELECT k, c FROM sbtest%d WHERE k BETWEEN 7878465 AND 7878565
for range-notcovered
table 1 : explain SELECT k, c FROM sbtest1 WHERE k BETWEEN 3772374 AND 3772474
	Bitmap Heap Scan on sbtest1  (cost=5.53..429.04 rows=107 width=125)
	  Recheck Cond: ((k >= 3772374) AND (k <= 3772474))
	  ->  Bitmap Index Scan on k_1  (cost=0.00..5.50 rows=107 width=0)
	        Index Cond: ((k >= 3772374) AND (k <= 3772474))

table 2 : explain SELECT k, c FROM sbtest2 WHERE k BETWEEN 3772374 AND 3772474
	Bitmap Heap Scan on sbtest2  (cost=5.48..409.37 rows=102 width=125)
	  Recheck Cond: ((k >= 3772374) AND (k <= 3772474))
	  ->  Bitmap Index Scan on k_2  (cost=0.00..5.45 rows=102 width=0)
	        Index Cond: ((k >= 3772374) AND (k <= 3772474))

table 3 : explain SELECT k, c FROM sbtest3 WHERE k BETWEEN 3772374 AND 3772474
	Bitmap Heap Scan on sbtest3  (cost=5.36..362.04 rows=90 width=125)
	  Recheck Cond: ((k >= 3772374) AND (k <= 3772474))
	  ->  Bitmap Index Scan on k_3  (cost=0.00..5.33 rows=90 width=0)
	        Index Cond: ((k >= 3772374) AND (k <= 3772474))

table 4 : explain SELECT k, c FROM sbtest4 WHERE k BETWEEN 3772374 AND 3772474
	Bitmap Heap Scan on sbtest4  (cost=5.55..437.00 rows=109 width=125)
	  Recheck Cond: ((k >= 3772374) AND (k <= 3772474))
	  ->  Bitmap Index Scan on k_4  (cost=0.00..5.52 rows=109 width=0)
	        Index Cond: ((k >= 3772374) AND (k <= 3772474))

table 5 : explain SELECT k, c FROM sbtest5 WHERE k BETWEEN 3772374 AND 3772474
	Bitmap Heap Scan on sbtest5  (cost=5.44..393.64 rows=98 width=125)
	  Recheck Cond: ((k >= 3772374) AND (k <= 3772474))
	  ->  Bitmap Index Scan on k_5  (cost=0.00..5.42 rows=98 width=0)
	        Index Cond: ((k >= 3772374) AND (k <= 3772474))

table 6 : explain SELECT k, c FROM sbtest6 WHERE k BETWEEN 3772374 AND 3772474
	Bitmap Heap Scan on sbtest6  (cost=5.52..425.18 rows=106 width=125)
	  Recheck Cond: ((k >= 3772374) AND (k <= 3772474))
	  ->  Bitmap Index Scan on k_6  (cost=0.00..5.50 rows=106 width=0)
	        Index Cond: ((k >= 3772374) AND (k <= 3772474))

table 7 : explain SELECT k, c FROM sbtest7 WHERE k BETWEEN 3772374 AND 3772474
	Bitmap Heap Scan on sbtest7  (cost=5.47..405.50 rows=101 width=125)
	  Recheck Cond: ((k >= 3772374) AND (k <= 3772474))
	  ->  Bitmap Index Scan on k_7  (cost=0.00..5.44 rows=101 width=0)
	        Index Cond: ((k >= 3772374) AND (k <= 3772474))

table 8 : explain SELECT k, c FROM sbtest8 WHERE k BETWEEN 3772374 AND 3772474
	Bitmap Heap Scan on sbtest8  (cost=5.52..425.22 rows=106 width=125)
	  Recheck Cond: ((k >= 3772374) AND (k <= 3772474))
	  ->  Bitmap Index Scan on k_8  (cost=0.00..5.50 rows=106 width=0)
	        Index Cond: ((k >= 3772374) AND (k <= 3772474))

for range-notcovered
table 1 : explain SELECT k, c FROM sbtest1 WHERE k BETWEEN 993433 AND 993533
	Bitmap Heap Scan on sbtest1  (cost=5.52..425.10 rows=106 width=125)
	  Recheck Cond: ((k >= 993433) AND (k <= 993533))
	  ->  Bitmap Index Scan on k_1  (cost=0.00..5.50 rows=106 width=0)
	        Index Cond: ((k >= 993433) AND (k <= 993533))

table 2 : explain SELECT k, c FROM sbtest2 WHERE k BETWEEN 993433 AND 993533
	Bitmap Heap Scan on sbtest2  (cost=5.42..385.71 rows=96 width=125)
	  Recheck Cond: ((k >= 993433) AND (k <= 993533))
	  ->  Bitmap Index Scan on k_2  (cost=0.00..5.39 rows=96 width=0)
	        Index Cond: ((k >= 993433) AND (k <= 993533))

table 3 : explain SELECT k, c FROM sbtest3 WHERE k BETWEEN 993433 AND 993533
	Bitmap Heap Scan on sbtest3  (cost=5.51..421.20 rows=105 width=125)
	  Recheck Cond: ((k >= 993433) AND (k <= 993533))
	  ->  Bitmap Index Scan on k_3  (cost=0.00..5.48 rows=105 width=0)
	        Index Cond: ((k >= 993433) AND (k <= 993533))

table 4 : explain SELECT k, c FROM sbtest4 WHERE k BETWEEN 993433 AND 993533
	Bitmap Heap Scan on sbtest4  (cost=5.43..389.69 rows=97 width=125)
	  Recheck Cond: ((k >= 993433) AND (k <= 993533))
	  ->  Bitmap Index Scan on k_4  (cost=0.00..5.40 rows=97 width=0)
	        Index Cond: ((k >= 993433) AND (k <= 993533))

table 5 : explain SELECT k, c FROM sbtest5 WHERE k BETWEEN 993433 AND 993533
	Bitmap Heap Scan on sbtest5  (cost=5.49..413.35 rows=103 width=125)
	  Recheck Cond: ((k >= 993433) AND (k <= 993533))
	  ->  Bitmap Index Scan on k_5  (cost=0.00..5.46 rows=103 width=0)
	        Index Cond: ((k >= 993433) AND (k <= 993533))

table 6 : explain SELECT k, c FROM sbtest6 WHERE k BETWEEN 993433 AND 993533
	Bitmap Heap Scan on sbtest6  (cost=5.39..373.91 rows=93 width=125)
	  Recheck Cond: ((k >= 993433) AND (k <= 993533))
	  ->  Bitmap Index Scan on k_6  (cost=0.00..5.36 rows=93 width=0)
	        Index Cond: ((k >= 993433) AND (k <= 993533))

table 7 : explain SELECT k, c FROM sbtest7 WHERE k BETWEEN 993433 AND 993533
	Bitmap Heap Scan on sbtest7  (cost=5.50..417.33 rows=104 width=125)
	  Recheck Cond: ((k >= 993433) AND (k <= 993533))
	  ->  Bitmap Index Scan on k_7  (cost=0.00..5.47 rows=104 width=0)
	        Index Cond: ((k >= 993433) AND (k <= 993533))

table 8 : explain SELECT k, c FROM sbtest8 WHERE k BETWEEN 993433 AND 993533
	Bitmap Heap Scan on sbtest8  (cost=5.46..401.56 rows=100 width=125)
	  Recheck Cond: ((k >= 993433) AND (k <= 993533))
	  ->  Bitmap Index Scan on k_8  (cost=0.00..5.43 rows=100 width=0)
	        Index Cond: ((k >= 993433) AND (k <= 993533))

explain: for range-notcovered :: explain SELECT k, c FROM sbtest%d WHERE k BETWEEN 993433 AND 993533
for range-notcovered
table 1 : explain SELECT k, c FROM sbtest1 WHERE k BETWEEN 997380 AND 997480
	Bitmap Heap Scan on sbtest1  (cost=5.52..425.10 rows=106 width=125)
	  Recheck Cond: ((k >= 997380) AND (k <= 997480))
	  ->  Bitmap Index Scan on k_1  (cost=0.00..5.50 rows=106 width=0)
	        Index Cond: ((k >= 997380) AND (k <= 997480))

table 2 : explain SELECT k, c FROM sbtest2 WHERE k BETWEEN 997380 AND 997480
	Bitmap Heap Scan on sbtest2  (cost=5.42..385.71 rows=96 width=125)
	  Recheck Cond: ((k >= 997380) AND (k <= 997480))
	  ->  Bitmap Index Scan on k_2  (cost=0.00..5.39 rows=96 width=0)
	        Index Cond: ((k >= 997380) AND (k <= 997480))

table 3 : explain SELECT k, c FROM sbtest3 WHERE k BETWEEN 997380 AND 997480
	Bitmap Heap Scan on sbtest3  (cost=5.51..421.20 rows=105 width=125)
	  Recheck Cond: ((k >= 997380) AND (k <= 997480))
	  ->  Bitmap Index Scan on k_3  (cost=0.00..5.48 rows=105 width=0)
	        Index Cond: ((k >= 997380) AND (k <= 997480))

table 4 : explain SELECT k, c FROM sbtest4 WHERE k BETWEEN 997380 AND 997480
	Bitmap Heap Scan on sbtest4  (cost=5.43..389.69 rows=97 width=125)
	  Recheck Cond: ((k >= 997380) AND (k <= 997480))
	  ->  Bitmap Index Scan on k_4  (cost=0.00..5.40 rows=97 width=0)
	        Index Cond: ((k >= 997380) AND (k <= 997480))

table 5 : explain SELECT k, c FROM sbtest5 WHERE k BETWEEN 997380 AND 997480
	Bitmap Heap Scan on sbtest5  (cost=5.49..413.35 rows=103 width=125)
	  Recheck Cond: ((k >= 997380) AND (k <= 997480))
	  ->  Bitmap Index Scan on k_5  (cost=0.00..5.46 rows=103 width=0)
	        Index Cond: ((k >= 997380) AND (k <= 997480))

table 6 : explain SELECT k, c FROM sbtest6 WHERE k BETWEEN 997380 AND 997480
	Bitmap Heap Scan on sbtest6  (cost=5.39..373.91 rows=93 width=125)
	  Recheck Cond: ((k >= 997380) AND (k <= 997480))
	  ->  Bitmap Index Scan on k_6  (cost=0.00..5.36 rows=93 width=0)
	        Index Cond: ((k >= 997380) AND (k <= 997480))

table 7 : explain SELECT k, c FROM sbtest7 WHERE k BETWEEN 997380 AND 997480
	Bitmap Heap Scan on sbtest7  (cost=5.50..417.33 rows=104 width=125)
	  Recheck Cond: ((k >= 997380) AND (k <= 997480))
	  ->  Bitmap Index Scan on k_7  (cost=0.00..5.47 rows=104 width=0)
	        Index Cond: ((k >= 997380) AND (k <= 997480))

table 8 : explain SELECT k, c FROM sbtest8 WHERE k BETWEEN 997380 AND 997480
	Bitmap Heap Scan on sbtest8  (cost=5.46..401.56 rows=100 width=125)
	  Recheck Cond: ((k >= 997380) AND (k <= 997480))
	  ->  Bitmap Index Scan on k_8  (cost=0.00..5.43 rows=100 width=0)
	        Index Cond: ((k >= 997380) AND (k <= 997480))

explain: for range-notcovered :: explain SELECT k, c FROM sbtest%d WHERE k BETWEEN 997380 AND 997480
for range-notcovered
table 1 : explain SELECT k, c FROM sbtest1 WHERE k BETWEEN 7878465 AND 7878565
	Bitmap Heap Scan on sbtest1  (cost=5.51..421.16 rows=105 width=125)
	  Recheck Cond: ((k >= 7878465) AND (k <= 7878565))
	  ->  Bitmap Index Scan on k_1  (cost=0.00..5.48 rows=105 width=0)
	        Index Cond: ((k >= 7878465) AND (k <= 7878565))

table 2 : explain SELECT k, c FROM sbtest2 WHERE k BETWEEN 7878465 AND 7878565
	Bitmap Heap Scan on sbtest2  (cost=5.37..365.98 rows=91 width=125)
	  Recheck Cond: ((k >= 7878465) AND (k <= 7878565))
	  ->  Bitmap Index Scan on k_2  (cost=0.00..5.34 rows=91 width=0)
	        Index Cond: ((k >= 7878465) AND (k <= 7878565))

table 3 : explain SELECT k, c FROM sbtest3 WHERE k BETWEEN 7878465 AND 7878565
	Bitmap Heap Scan on sbtest3  (cost=5.49..413.32 rows=103 width=125)
	  Recheck Cond: ((k >= 7878465) AND (k <= 7878565))
	  ->  Bitmap Index Scan on k_3  (cost=0.00..5.46 rows=103 width=0)
	        Index Cond: ((k >= 7878465) AND (k <= 7878565))

table 4 : explain SELECT k, c FROM sbtest4 WHERE k BETWEEN 7878465 AND 7878565
	Bitmap Heap Scan on sbtest4  (cost=5.45..397.58 rows=99 width=125)
	  Recheck Cond: ((k >= 7878465) AND (k <= 7878565))
	  ->  Bitmap Index Scan on k_4  (cost=0.00..5.42 rows=99 width=0)
	        Index Cond: ((k >= 7878465) AND (k <= 7878565))

table 5 : explain SELECT k, c FROM sbtest5 WHERE k BETWEEN 7878465 AND 7878565
	Bitmap Heap Scan on sbtest5  (cost=5.57..444.88 rows=111 width=125)
	  Recheck Cond: ((k >= 7878465) AND (k <= 7878565))
	  ->  Bitmap Index Scan on k_5  (cost=0.00..5.54 rows=111 width=0)
	        Index Cond: ((k >= 7878465) AND (k <= 7878565))

table 6 : explain SELECT k, c FROM sbtest6 WHERE k BETWEEN 7878465 AND 7878565
	Bitmap Heap Scan on sbtest6  (cost=5.45..397.58 rows=99 width=125)
	  Recheck Cond: ((k >= 7878465) AND (k <= 7878565))
	  ->  Bitmap Index Scan on k_6  (cost=0.00..5.42 rows=99 width=0)
	        Index Cond: ((k >= 7878465) AND (k <= 7878565))

table 7 : explain SELECT k, c FROM sbtest7 WHERE k BETWEEN 7878465 AND 7878565
	Bitmap Heap Scan on sbtest7  (cost=5.52..425.22 rows=106 width=125)
	  Recheck Cond: ((k >= 7878465) AND (k <= 7878565))
	  ->  Bitmap Index Scan on k_7  (cost=0.00..5.50 rows=106 width=0)
	        Index Cond: ((k >= 7878465) AND (k <= 7878565))

table 8 : explain SELECT k, c FROM sbtest8 WHERE k BETWEEN 7878465 AND 7878565
	Bitmap Heap Scan on sbtest8  (cost=5.58..448.86 rows=112 width=125)
	  Recheck Cond: ((k >= 7878465) AND (k <= 7878565))
	  ->  Bitmap Index Scan on k_8  (cost=0.00..5.55 rows=112 width=0)
	        Index Cond: ((k >= 7878465) AND (k <= 7878565))

explain: for range-notcovered :: explain SELECT k, c FROM sbtest%d WHERE k BETWEEN 7878465 AND 7878565
for range-notcovered
table 1 : explain SELECT k, c FROM sbtest1 WHERE k BETWEEN 993433 AND 993533
	Bitmap Heap Scan on sbtest1  (cost=5.52..425.10 rows=106 width=125)
	  Recheck Cond: ((k >= 993433) AND (k <= 993533))
	  ->  Bitmap Index Scan on k_1  (cost=0.00..5.50 rows=106 width=0)
	        Index Cond: ((k >= 993433) AND (k <= 993533))

table 2 : explain SELECT k, c FROM sbtest2 WHERE k BETWEEN 993433 AND 993533
	Bitmap Heap Scan on sbtest2  (cost=5.42..385.71 rows=96 width=125)
	  Recheck Cond: ((k >= 993433) AND (k <= 993533))
	  ->  Bitmap Index Scan on k_2  (cost=0.00..5.39 rows=96 width=0)
	        Index Cond: ((k >= 993433) AND (k <= 993533))

table 3 : explain SELECT k, c FROM sbtest3 WHERE k BETWEEN 993433 AND 993533
	Bitmap Heap Scan on sbtest3  (cost=5.51..421.20 rows=105 width=125)
	  Recheck Cond: ((k >= 993433) AND (k <= 993533))
	  ->  Bitmap Index Scan on k_3  (cost=0.00..5.48 rows=105 width=0)
	        Index Cond: ((k >= 993433) AND (k <= 993533))

table 4 : explain SELECT k, c FROM sbtest4 WHERE k BETWEEN 993433 AND 993533
	Bitmap Heap Scan on sbtest4  (cost=5.43..389.69 rows=97 width=125)
	  Recheck Cond: ((k >= 993433) AND (k <= 993533))
	  ->  Bitmap Index Scan on k_4  (cost=0.00..5.40 rows=97 width=0)
	        Index Cond: ((k >= 993433) AND (k <= 993533))

table 5 : explain SELECT k, c FROM sbtest5 WHERE k BETWEEN 993433 AND 993533
	Bitmap Heap Scan on sbtest5  (cost=5.49..413.35 rows=103 width=125)
	  Recheck Cond: ((k >= 993433) AND (k <= 993533))
	  ->  Bitmap Index Scan on k_5  (cost=0.00..5.46 rows=103 width=0)
	        Index Cond: ((k >= 993433) AND (k <= 993533))

table 6 : explain SELECT k, c FROM sbtest6 WHERE k BETWEEN 993433 AND 993533
	Bitmap Heap Scan on sbtest6  (cost=5.39..373.91 rows=93 width=125)
	  Recheck Cond: ((k >= 993433) AND (k <= 993533))
	  ->  Bitmap Index Scan on k_6  (cost=0.00..5.36 rows=93 width=0)
	        Index Cond: ((k >= 993433) AND (k <= 993533))

table 7 : explain SELECT k, c FROM sbtest7 WHERE k BETWEEN 993433 AND 993533
	Bitmap Heap Scan on sbtest7  (cost=5.50..417.33 rows=104 width=125)
	  Recheck Cond: ((k >= 993433) AND (k <= 993533))
	  ->  Bitmap Index Scan on k_7  (cost=0.00..5.47 rows=104 width=0)
	        Index Cond: ((k >= 993433) AND (k <= 993533))

table 8 : explain SELECT k, c FROM sbtest8 WHERE k BETWEEN 993433 AND 993533
	Bitmap Heap Scan on sbtest8  (cost=5.46..401.56 rows=100 width=125)
	  Recheck Cond: ((k >= 993433) AND (k <= 993533))
	  ->  Bitmap Index Scan on k_8  (cost=0.00..5.43 rows=100 width=0)
	        Index Cond: ((k >= 993433) AND (k <= 993533))

for range-notcovered
table 1 : explain SELECT k, c FROM sbtest1 WHERE k BETWEEN 997380 AND 997480
	Bitmap Heap Scan on sbtest1  (cost=5.52..425.10 rows=106 width=125)
	  Recheck Cond: ((k >= 997380) AND (k <= 997480))
	  ->  Bitmap Index Scan on k_1  (cost=0.00..5.50 rows=106 width=0)
	        Index Cond: ((k >= 997380) AND (k <= 997480))

table 2 : explain SELECT k, c FROM sbtest2 WHERE k BETWEEN 997380 AND 997480
	Bitmap Heap Scan on sbtest2  (cost=5.42..385.71 rows=96 width=125)
	  Recheck Cond: ((k >= 997380) AND (k <= 997480))
	  ->  Bitmap Index Scan on k_2  (cost=0.00..5.39 rows=96 width=0)
	        Index Cond: ((k >= 997380) AND (k <= 997480))

table 3 : explain SELECT k, c FROM sbtest3 WHERE k BETWEEN 997380 AND 997480
	Bitmap Heap Scan on sbtest3  (cost=5.51..421.20 rows=105 width=125)
	  Recheck Cond: ((k >= 997380) AND (k <= 997480))
	  ->  Bitmap Index Scan on k_3  (cost=0.00..5.48 rows=105 width=0)
	        Index Cond: ((k >= 997380) AND (k <= 997480))

table 4 : explain SELECT k, c FROM sbtest4 WHERE k BETWEEN 997380 AND 997480
	Bitmap Heap Scan on sbtest4  (cost=5.43..389.69 rows=97 width=125)
	  Recheck Cond: ((k >= 997380) AND (k <= 997480))
	  ->  Bitmap Index Scan on k_4  (cost=0.00..5.40 rows=97 width=0)
	        Index Cond: ((k >= 997380) AND (k <= 997480))

table 5 : explain SELECT k, c FROM sbtest5 WHERE k BETWEEN 997380 AND 997480
	Bitmap Heap Scan on sbtest5  (cost=5.49..413.35 rows=103 width=125)
	  Recheck Cond: ((k >= 997380) AND (k <= 997480))
	  ->  Bitmap Index Scan on k_5  (cost=0.00..5.46 rows=103 width=0)
	        Index Cond: ((k >= 997380) AND (k <= 997480))

table 6 : explain SELECT k, c FROM sbtest6 WHERE k BETWEEN 997380 AND 997480
	Bitmap Heap Scan on sbtest6  (cost=5.39..373.91 rows=93 width=125)
	  Recheck Cond: ((k >= 997380) AND (k <= 997480))
	  ->  Bitmap Index Scan on k_6  (cost=0.00..5.36 rows=93 width=0)
	        Index Cond: ((k >= 997380) AND (k <= 997480))

table 7 : explain SELECT k, c FROM sbtest7 WHERE k BETWEEN 997380 AND 997480
	Bitmap Heap Scan on sbtest7  (cost=5.50..417.33 rows=104 width=125)
	  Recheck Cond: ((k >= 997380) AND (k <= 997480))
	  ->  Bitmap Index Scan on k_7  (cost=0.00..5.47 rows=104 width=0)
	        Index Cond: ((k >= 997380) AND (k <= 997480))

table 8 : explain SELECT k, c FROM sbtest8 WHERE k BETWEEN 997380 AND 997480
	Bitmap Heap Scan on sbtest8  (cost=5.46..401.56 rows=100 width=125)
	  Recheck Cond: ((k >= 997380) AND (k <= 997480))
	  ->  Bitmap Index Scan on k_8  (cost=0.00..5.43 rows=100 width=0)
	        Index Cond: ((k >= 997380) AND (k <= 997480))

explain: for range-notcovered :: explain SELECT k, c FROM sbtest%d WHERE k BETWEEN 997380 AND 997480
for range-notcovered
table 1 : explain SELECT k, c FROM sbtest1 WHERE k BETWEEN 7878465 AND 7878565
	Bitmap Heap Scan on sbtest1  (cost=5.51..421.16 rows=105 width=125)
	  Recheck Cond: ((k >= 7878465) AND (k <= 7878565))
	  ->  Bitmap Index Scan on k_1  (cost=0.00..5.48 rows=105 width=0)
	        Index Cond: ((k >= 7878465) AND (k <= 7878565))

table 2 : explain SELECT k, c FROM sbtest2 WHERE k BETWEEN 7878465 AND 7878565
	Bitmap Heap Scan on sbtest2  (cost=5.37..365.98 rows=91 width=125)
	  Recheck Cond: ((k >= 7878465) AND (k <= 7878565))
	  ->  Bitmap Index Scan on k_2  (cost=0.00..5.34 rows=91 width=0)
	        Index Cond: ((k >= 7878465) AND (k <= 7878565))

table 3 : explain SELECT k, c FROM sbtest3 WHERE k BETWEEN 7878465 AND 7878565
	Bitmap Heap Scan on sbtest3  (cost=5.49..413.32 rows=103 width=125)
	  Recheck Cond: ((k >= 7878465) AND (k <= 7878565))
	  ->  Bitmap Index Scan on k_3  (cost=0.00..5.46 rows=103 width=0)
	        Index Cond: ((k >= 7878465) AND (k <= 7878565))

table 4 : explain SELECT k, c FROM sbtest4 WHERE k BETWEEN 7878465 AND 7878565
	Bitmap Heap Scan on sbtest4  (cost=5.45..397.58 rows=99 width=125)
	  Recheck Cond: ((k >= 7878465) AND (k <= 7878565))
	  ->  Bitmap Index Scan on k_4  (cost=0.00..5.42 rows=99 width=0)
	        Index Cond: ((k >= 7878465) AND (k <= 7878565))

table 5 : explain SELECT k, c FROM sbtest5 WHERE k BETWEEN 7878465 AND 7878565
	Bitmap Heap Scan on sbtest5  (cost=5.57..444.88 rows=111 width=125)
	  Recheck Cond: ((k >= 7878465) AND (k <= 7878565))
	  ->  Bitmap Index Scan on k_5  (cost=0.00..5.54 rows=111 width=0)
	        Index Cond: ((k >= 7878465) AND (k <= 7878565))

table 6 : explain SELECT k, c FROM sbtest6 WHERE k BETWEEN 7878465 AND 7878565
	Bitmap Heap Scan on sbtest6  (cost=5.45..397.58 rows=99 width=125)
	  Recheck Cond: ((k >= 7878465) AND (k <= 7878565))
	  ->  Bitmap Index Scan on k_6  (cost=0.00..5.42 rows=99 width=0)
	        Index Cond: ((k >= 7878465) AND (k <= 7878565))

table 7 : explain SELECT k, c FROM sbtest7 WHERE k BETWEEN 7878465 AND 7878565
	Bitmap Heap Scan on sbtest7  (cost=5.52..425.22 rows=106 width=125)
	  Recheck Cond: ((k >= 7878465) AND (k <= 7878565))
	  ->  Bitmap Index Scan on k_7  (cost=0.00..5.50 rows=106 width=0)
	        Index Cond: ((k >= 7878465) AND (k <= 7878565))

table 8 : explain SELECT k, c FROM sbtest8 WHERE k BETWEEN 7878465 AND 7878565
	Bitmap Heap Scan on sbtest8  (cost=5.58..448.86 rows=112 width=125)
	  Recheck Cond: ((k >= 7878465) AND (k <= 7878565))
	  ->  Bitmap Index Scan on k_8  (cost=0.00..5.55 rows=112 width=0)
	        Index Cond: ((k >= 7878465) AND (k <= 7878565))

explain: for range-notcovered :: explain SELECT k, c FROM sbtest%d WHERE k BETWEEN 7878465 AND 7878565
for range-notcovered
table 1 : explain SELECT k, c FROM sbtest1 WHERE k BETWEEN 997380 AND 997480
	Bitmap Heap Scan on sbtest1  (cost=5.52..425.10 rows=106 width=125)
	  Recheck Cond: ((k >= 997380) AND (k <= 997480))
	  ->  Bitmap Index Scan on k_1  (cost=0.00..5.50 rows=106 width=0)
	        Index Cond: ((k >= 997380) AND (k <= 997480))

table 2 : explain SELECT k, c FROM sbtest2 WHERE k BETWEEN 997380 AND 997480
	Bitmap Heap Scan on sbtest2  (cost=5.42..385.71 rows=96 width=125)
	  Recheck Cond: ((k >= 997380) AND (k <= 997480))
	  ->  Bitmap Index Scan on k_2  (cost=0.00..5.39 rows=96 width=0)
	        Index Cond: ((k >= 997380) AND (k <= 997480))

table 3 : explain SELECT k, c FROM sbtest3 WHERE k BETWEEN 997380 AND 997480
	Bitmap Heap Scan on sbtest3  (cost=5.51..421.20 rows=105 width=125)
	  Recheck Cond: ((k >= 997380) AND (k <= 997480))
	  ->  Bitmap Index Scan on k_3  (cost=0.00..5.48 rows=105 width=0)
	        Index Cond: ((k >= 997380) AND (k <= 997480))

table 4 : explain SELECT k, c FROM sbtest4 WHERE k BETWEEN 997380 AND 997480
	Bitmap Heap Scan on sbtest4  (cost=5.43..389.69 rows=97 width=125)
	  Recheck Cond: ((k >= 997380) AND (k <= 997480))
	  ->  Bitmap Index Scan on k_4  (cost=0.00..5.40 rows=97 width=0)
	        Index Cond: ((k >= 997380) AND (k <= 997480))

table 5 : explain SELECT k, c FROM sbtest5 WHERE k BETWEEN 997380 AND 997480
	Bitmap Heap Scan on sbtest5  (cost=5.49..413.35 rows=103 width=125)
	  Recheck Cond: ((k >= 997380) AND (k <= 997480))
	  ->  Bitmap Index Scan on k_5  (cost=0.00..5.46 rows=103 width=0)
	        Index Cond: ((k >= 997380) AND (k <= 997480))

table 6 : explain SELECT k, c FROM sbtest6 WHERE k BETWEEN 997380 AND 997480
	Bitmap Heap Scan on sbtest6  (cost=5.39..373.91 rows=93 width=125)
	  Recheck Cond: ((k >= 997380) AND (k <= 997480))
	  ->  Bitmap Index Scan on k_6  (cost=0.00..5.36 rows=93 width=0)
	        Index Cond: ((k >= 997380) AND (k <= 997480))

table 7 : explain SELECT k, c FROM sbtest7 WHERE k BETWEEN 997380 AND 997480
	Bitmap Heap Scan on sbtest7  (cost=5.50..417.33 rows=104 width=125)
	  Recheck Cond: ((k >= 997380) AND (k <= 997480))
	  ->  Bitmap Index Scan on k_7  (cost=0.00..5.47 rows=104 width=0)
	        Index Cond: ((k >= 997380) AND (k <= 997480))

table 8 : explain SELECT k, c FROM sbtest8 WHERE k BETWEEN 997380 AND 997480
	Bitmap Heap Scan on sbtest8  (cost=5.46..401.56 rows=100 width=125)
	  Recheck Cond: ((k >= 997380) AND (k <= 997480))
	  ->  Bitmap Index Scan on k_8  (cost=0.00..5.43 rows=100 width=0)
	        Index Cond: ((k >= 997380) AND (k <= 997480))

for range-notcovered
table 1 : explain SELECT k, c FROM sbtest1 WHERE k BETWEEN 7878465 AND 7878565
	Bitmap Heap Scan on sbtest1  (cost=5.51..421.16 rows=105 width=125)
	  Recheck Cond: ((k >= 7878465) AND (k <= 7878565))
	  ->  Bitmap Index Scan on k_1  (cost=0.00..5.48 rows=105 width=0)
	        Index Cond: ((k >= 7878465) AND (k <= 7878565))

table 2 : explain SELECT k, c FROM sbtest2 WHERE k BETWEEN 7878465 AND 7878565
	Bitmap Heap Scan on sbtest2  (cost=5.37..365.98 rows=91 width=125)
	  Recheck Cond: ((k >= 7878465) AND (k <= 7878565))
	  ->  Bitmap Index Scan on k_2  (cost=0.00..5.34 rows=91 width=0)
	        Index Cond: ((k >= 7878465) AND (k <= 7878565))

table 3 : explain SELECT k, c FROM sbtest3 WHERE k BETWEEN 7878465 AND 7878565
	Bitmap Heap Scan on sbtest3  (cost=5.49..413.32 rows=103 width=125)
	  Recheck Cond: ((k >= 7878465) AND (k <= 7878565))
	  ->  Bitmap Index Scan on k_3  (cost=0.00..5.46 rows=103 width=0)
	        Index Cond: ((k >= 7878465) AND (k <= 7878565))

table 4 : explain SELECT k, c FROM sbtest4 WHERE k BETWEEN 7878465 AND 7878565
	Bitmap Heap Scan on sbtest4  (cost=5.45..397.58 rows=99 width=125)
	  Recheck Cond: ((k >= 7878465) AND (k <= 7878565))
	  ->  Bitmap Index Scan on k_4  (cost=0.00..5.42 rows=99 width=0)
	        Index Cond: ((k >= 7878465) AND (k <= 7878565))

table 5 : explain SELECT k, c FROM sbtest5 WHERE k BETWEEN 7878465 AND 7878565
	Bitmap Heap Scan on sbtest5  (cost=5.57..444.88 rows=111 width=125)
	  Recheck Cond: ((k >= 7878465) AND (k <= 7878565))
	  ->  Bitmap Index Scan on k_5  (cost=0.00..5.54 rows=111 width=0)
	        Index Cond: ((k >= 7878465) AND (k <= 7878565))

table 6 : explain SELECT k, c FROM sbtest6 WHERE k BETWEEN 7878465 AND 7878565
	Bitmap Heap Scan on sbtest6  (cost=5.45..397.58 rows=99 width=125)
	  Recheck Cond: ((k >= 7878465) AND (k <= 7878565))
	  ->  Bitmap Index Scan on k_6  (cost=0.00..5.42 rows=99 width=0)
	        Index Cond: ((k >= 7878465) AND (k <= 7878565))

table 7 : explain SELECT k, c FROM sbtest7 WHERE k BETWEEN 7878465 AND 7878565
	Bitmap Heap Scan on sbtest7  (cost=5.52..425.22 rows=106 width=125)
	  Recheck Cond: ((k >= 7878465) AND (k <= 7878565))
	  ->  Bitmap Index Scan on k_7  (cost=0.00..5.50 rows=106 width=0)
	        Index Cond: ((k >= 7878465) AND (k <= 7878565))

table 8 : explain SELECT k, c FROM sbtest8 WHERE k BETWEEN 7878465 AND 7878565
	Bitmap Heap Scan on sbtest8  (cost=5.58..448.86 rows=112 width=125)
	  Recheck Cond: ((k >= 7878465) AND (k <= 7878565))
	  ->  Bitmap Index Scan on k_8  (cost=0.00..5.55 rows=112 width=0)
	        Index Cond: ((k >= 7878465) AND (k <= 7878565))

explain: for range-notcovered :: explain SELECT k, c FROM sbtest%d WHERE k BETWEEN 7878465 AND 7878565
for range-notcovered
table 1 : explain SELECT k, c FROM sbtest1 WHERE k BETWEEN 7878465 AND 7878565
	Bitmap Heap Scan on sbtest1  (cost=5.51..421.16 rows=105 width=125)
	  Recheck Cond: ((k >= 7878465) AND (k <= 7878565))
	  ->  Bitmap Index Scan on k_1  (cost=0.00..5.48 rows=105 width=0)
	        Index Cond: ((k >= 7878465) AND (k <= 7878565))

table 2 : explain SELECT k, c FROM sbtest2 WHERE k BETWEEN 7878465 AND 7878565
	Bitmap Heap Scan on sbtest2  (cost=5.37..365.98 rows=91 width=125)
	  Recheck Cond: ((k >= 7878465) AND (k <= 7878565))
	  ->  Bitmap Index Scan on k_2  (cost=0.00..5.34 rows=91 width=0)
	        Index Cond: ((k >= 7878465) AND (k <= 7878565))

table 3 : explain SELECT k, c FROM sbtest3 WHERE k BETWEEN 7878465 AND 7878565
	Bitmap Heap Scan on sbtest3  (cost=5.49..413.32 rows=103 width=125)
	  Recheck Cond: ((k >= 7878465) AND (k <= 7878565))
	  ->  Bitmap Index Scan on k_3  (cost=0.00..5.46 rows=103 width=0)
	        Index Cond: ((k >= 7878465) AND (k <= 7878565))

table 4 : explain SELECT k, c FROM sbtest4 WHERE k BETWEEN 7878465 AND 7878565
	Bitmap Heap Scan on sbtest4  (cost=5.45..397.58 rows=99 width=125)
	  Recheck Cond: ((k >= 7878465) AND (k <= 7878565))
	  ->  Bitmap Index Scan on k_4  (cost=0.00..5.42 rows=99 width=0)
	        Index Cond: ((k >= 7878465) AND (k <= 7878565))

table 5 : explain SELECT k, c FROM sbtest5 WHERE k BETWEEN 7878465 AND 7878565
	Bitmap Heap Scan on sbtest5  (cost=5.57..444.88 rows=111 width=125)
	  Recheck Cond: ((k >= 7878465) AND (k <= 7878565))
	  ->  Bitmap Index Scan on k_5  (cost=0.00..5.54 rows=111 width=0)
	        Index Cond: ((k >= 7878465) AND (k <= 7878565))

table 6 : explain SELECT k, c FROM sbtest6 WHERE k BETWEEN 7878465 AND 7878565
	Bitmap Heap Scan on sbtest6  (cost=5.45..397.58 rows=99 width=125)
	  Recheck Cond: ((k >= 7878465) AND (k <= 7878565))
	  ->  Bitmap Index Scan on k_6  (cost=0.00..5.42 rows=99 width=0)
	        Index Cond: ((k >= 7878465) AND (k <= 7878565))

table 7 : explain SELECT k, c FROM sbtest7 WHERE k BETWEEN 7878465 AND 7878565
	Bitmap Heap Scan on sbtest7  (cost=5.52..425.22 rows=106 width=125)
	  Recheck Cond: ((k >= 7878465) AND (k <= 7878565))
	  ->  Bitmap Index Scan on k_7  (cost=0.00..5.50 rows=106 width=0)
	        Index Cond: ((k >= 7878465) AND (k <= 7878565))

table 8 : explain SELECT k, c FROM sbtest8 WHERE k BETWEEN 7878465 AND 7878565
	Bitmap Heap Scan on sbtest8  (cost=5.58..448.86 rows=112 width=125)
	  Recheck Cond: ((k >= 7878465) AND (k <= 7878565))
	  ->  Bitmap Index Scan on k_8  (cost=0.00..5.55 rows=112 width=0)
	        Index Cond: ((k >= 7878465) AND (k <= 7878565))

Threads started!

Warming up for 5 seconds...

SQL statistics:
    queries performed:
        read:                            103090770
        write:                           0
        other:                           0
        total:                           103090770
    transactions:                        103090770 (163634.55 per sec.)
    queries:                             103090770 (163634.55 per sec.)
    ignored errors:                      0      (0.00 per sec.)
    reconnects:                          0      (0.00 per sec.)

Throughput:
    events/s (eps):                      163634.5531
    time elapsed:                        630.0062s
    total number of events:              103090770

Latency (ms):
         min:                                    0.08
         avg:                                    0.24
         max:                                   16.31
         95th percentile:                        0.28
         sum:                             25156889.42

Threads fairness:
    events (avg/stddev):           2577266.0250/5170.39
    execution time (avg/stddev):   628.9222/0.03

